{"(1, 0)": {"explain_plan": {"Plan": {"Node Type": "Aggregate", "Strategy": "Sorted", "Startup Cost": 178853.65, "Total Cost": 178853.67, "Plan Rows": 1, "Plan Width": 40, "Group By Key": ["(\"substring\"((public.customer.c_phone)::text, 1, 2))"], "Plans": [{"Node Type": "Aggregate", "Strategy": "Plain", "Parent Relationship": "exec_init_plan", "Subplan Name": "InitPlan 1 (returns $0)", "Startup Cost": 76620.14, "Total Cost": 76620.15, "Plan Rows": 1, "Plan Width": 40, "Plans": [{"Node Type": "Seq Scan", "Parent Relationship": "Outer", "Relation Name": "customer", "Alias": "customer", "Startup Cost": 12.98, "Total Cost": 76501.0, "Plan Rows": 47655, "Plan Width": 8, "Filter": "((c_acctbal > 0::double precision) AND (\"substring\"((c_phone)::text, 1, 2) = ANY ('{20,40,22,30,39,42,21}'::text[])))"}]}, {"Node Type": "Sort", "Parent Relationship": "Outer", "Startup Cost": 102233.5, "Total Cost": 102233.5, "Plan Rows": 1, "Plan Width": 24, "Sort Key": ["(\"substring\"((public.customer.c_phone)::text, 1, 2))"], "Plans": [{"Node Type": "Nested Loop", "Parent Relationship": "Outer", "Join Type": "Anti", "Startup Cost": 0.0, "Total Cost": 102233.49, "Plan Rows": 1, "Plan Width": 24, "Inner Unique": false, "Plans": [{"Node Type": "Seq Scan", "Parent Relationship": "Outer", "Relation Name": "customer", "Alias": "customer", "Startup Cost": 0.0, "Total Cost": 76501.0, "Plan Rows": 17500, "Plan Width": 32, "Filter": "((c_acctbal > $0) AND (\"substring\"((c_phone)::text, 1, 2) = ANY ('{20,40,22,30,39,42,21}'::text[])))"}, {"Node Type": "Index Only Scan", "Parent Relationship": "Inner", "Scan Direction": "Forward", "Index Name": "idx_orders_custkey", "Relation Name": "orders", "Alias": "orders", "Startup Cost": 0.0, "Total Cost": 3.79, "Plan Rows": 4, "Plan Width": 8, "Index Cond": "(o_custkey = public.customer.c_custkey)"}]}]}]}, "Unique SQL Id": 2798552886}, "explain_analyze_plan": {"Plan": {"Node Type": "Aggregate", "Strategy": "Sorted", "Startup Cost": 178853.65, "Total Cost": 178853.67, "Plan Rows": 1, "Plan Width": 40, "Actual Startup Time": 3881.351, "Actual Total Time": 3891.855, "Actual Rows": 4, "Actual Loops": 1, "Group By Key": ["(\"substring\"((public.customer.c_phone)::text, 1, 2))"], "Plans": [{"Node Type": "Aggregate", "Strategy": "Plain", "Parent Relationship": "exec_init_plan", "Subplan Name": "InitPlan 1 (returns $0)", "Startup Cost": 76620.14, "Total Cost": 76620.15, "Plan Rows": 1, "Plan Width": 40, "Actual Startup Time": 2010.36, "Actual Total Time": 2010.361, "Actual Rows": 1, "Actual Loops": 1, "Plans": [{"Node Type": "Seq Scan", "Parent Relationship": "Outer", "Relation Name": "customer", "Alias": "customer", "Startup Cost": 12.98, "Total Cost": 76501.0, "Plan Rows": 47655, "Plan Width": 8, "Actual Startup Time": 0.029, "Actual Total Time": 1914.702, "Actual Rows": 218121, "Actual Loops": 1, "Filter": "((c_acctbal > 0::double precision) AND (\"substring\"((c_phone)::text, 1, 2) = ANY ('{20,40,22,30,39,42,21}'::text[])))", "Rows Removed by Filter": 1281879}]}, {"Node Type": "Sort", "Parent Relationship": "Outer", "Startup Cost": 102233.5, "Total Cost": 102233.5, "Plan Rows": 1, "Plan Width": 24, "Actual Startup Time": 3877.781, "Actual Total Time": 3881.447, "Actual Rows": 36604, "Actual Loops": 1, "Sort Key": ["(\"substring\"((public.customer.c_phone)::text, 1, 2))"], "Sort Method": "quicksort", "Sort Space Used": 4968, "Sort Space Type": "Memory", "Plans": [{"Node Type": "Nested Loop", "Parent Relationship": "Outer", "Join Type": "Anti", "Startup Cost": 0.0, "Total Cost": 102233.49, "Plan Rows": 1, "Plan Width": 24, "Actual Startup Time": 2010.457, "Actual Total Time": 3857.027, "Actual Rows": 36604, "Actual Loops": 1, "Inner Unique": false, "Plans": [{"Node Type": "Seq Scan", "Parent Relationship": "Outer", "Relation Name": "customer", "Alias": "customer", "Startup Cost": 0.0, "Total Cost": 76501.0, "Plan Rows": 17500, "Plan Width": 32, "Actual Startup Time": 2010.414, "Actual Total Time": 3294.32, "Actual Rows": 109197, "Actual Loops": 1, "Filter": "((c_acctbal > $0) AND (\"substring\"((c_phone)::text, 1, 2) = ANY ('{20,40,22,30,39,42,21}'::text[])))", "Rows Removed by Filter": 1390803}, {"Node Type": "Index Only Scan", "Parent Relationship": "Inner", "Scan Direction": "Forward", "Index Name": "idx_orders_custkey", "Relation Name": "orders", "Alias": "orders", "Startup Cost": 0.0, "Total Cost": 3.79, "Plan Rows": 4, "Plan Width": 8, "Actual Startup Time": 460.774, "Actual Total Time": 460.774, "Actual Rows": 72593, "Actual Loops": 109197, "Index Cond": "(o_custkey = public.customer.c_custkey)", "Rows Removed by Index Recheck": 0, "Heap Fetches": 0}]}]}]}, "Triggers": [], "Planner Runtime": 0.607, "Total Runtime": 3892.138, "Unique SQL Id": 2798552886}}, "(1, 1)": {"explain_plan": {"Plan": {"Node Type": "Aggregate", "Strategy": "Sorted", "Startup Cost": 1000007781092.0, "Total Cost": 1000007781092.03, "Plan Rows": 1, "Plan Width": 40, "Group By Key": ["(\"substring\"((public.customer.c_phone)::text, 1, 2))"], "Plans": [{"Node Type": "Aggregate", "Strategy": "Plain", "Parent Relationship": "exec_init_plan", "Subplan Name": "InitPlan 1 (returns $0)", "Startup Cost": 1000007650219.14, "Total Cost": 1000007650219.15, "Plan Rows": 1, "Plan Width": 40, "Plans": [{"Node Type": "Seq Scan", "Parent Relationship": "Outer", "Relation Name": "customer", "Alias": "customer", "Startup Cost": 10000000012.75, "Total Cost": 1000007650100.0, "Plan Rows": 47655, "Plan Width": 8, "Filter": "((c_acctbal > 0::double precision) AND (\"substring\"((c_phone)::text, 1, 2) = ANY ('{20,40,22,30,39,42,21}'::text[])))"}]}, {"Node Type": "Sort", "Parent Relationship": "Outer", "Startup Cost": 130872.85, "Total Cost": 130872.86, "Plan Rows": 1, "Plan Width": 24, "Sort Key": ["(\"substring\"((public.customer.c_phone)::text, 1, 2))"], "Plans": [{"Node Type": "Nested Loop", "Parent Relationship": "Outer", "Join Type": "Anti", "Startup Cost": 0.0, "Total Cost": 130872.84, "Plan Rows": 1, "Plan Width": 24, "Inner Unique": false, "Plans": [{"Node Type": "Index Scan", "Parent Relationship": "Outer", "Scan Direction": "Forward", "Index Name": "customer_pkey", "Relation Name": "customer", "Alias": "customer", "Startup Cost": 0.0, "Total Cost": 105140.36, "Plan Rows": 17500, "Plan Width": 32, "Filter": "((c_acctbal > $0) AND (\"substring\"((c_phone)::text, 1, 2) = ANY ('{20,40,22,30,39,42,21}'::text[])))"}, {"Node Type": "Index Only Scan", "Parent Relationship": "Inner", "Scan Direction": "Forward", "Index Name": "idx_orders_custkey", "Relation Name": "orders", "Alias": "orders", "Startup Cost": 0.0, "Total Cost": 3.79, "Plan Rows": 4, "Plan Width": 8, "Index Cond": "(o_custkey = public.customer.c_custkey)"}]}]}]}, "Unique SQL Id": 2798552886}, "explain_analyze_plan": {"Plan": {"Node Type": "Aggregate", "Strategy": "Sorted", "Startup Cost": 1000007781092.0, "Total Cost": 1000007781092.03, "Plan Rows": 1, "Plan Width": 40, "Actual Startup Time": 4453.89, "Actual Total Time": 4464.091, "Actual Rows": 4, "Actual Loops": 1, "Group By Key": ["(\"substring\"((public.customer.c_phone)::text, 1, 2))"], "Plans": [{"Node Type": "Aggregate", "Strategy": "Plain", "Parent Relationship": "exec_init_plan", "Subplan Name": "InitPlan 1 (returns $0)", "Startup Cost": 1000007650219.14, "Total Cost": 1000007650219.15, "Plan Rows": 1, "Plan Width": 40, "Actual Startup Time": 1990.397, "Actual Total Time": 1990.398, "Actual Rows": 1, "Actual Loops": 1, "Plans": [{"Node Type": "Seq Scan", "Parent Relationship": "Outer", "Relation Name": "customer", "Alias": "customer", "Startup Cost": 10000000012.75, "Total Cost": 1000007650100.0, "Plan Rows": 47655, "Plan Width": 8, "Actual Startup Time": 0.036, "Actual Total Time": 1895.081, "Actual Rows": 218121, "Actual Loops": 1, "Filter": "((c_acctbal > 0::double precision) AND (\"substring\"((c_phone)::text, 1, 2) = ANY ('{20,40,22,30,39,42,21}'::text[])))", "Rows Removed by Filter": 1281879}]}, {"Node Type": "Sort", "Parent Relationship": "Outer", "Startup Cost": 130872.85, "Total Cost": 130872.86, "Plan Rows": 1, "Plan Width": 24, "Actual Startup Time": 4450.398, "Actual Total Time": 4453.934, "Actual Rows": 36604, "Actual Loops": 1, "Sort Key": ["(\"substring\"((public.customer.c_phone)::text, 1, 2))"], "Sort Method": "quicksort", "Sort Space Used": 4968, "Sort Space Type": "Memory", "Plans": [{"Node Type": "Nested Loop", "Parent Relationship": "Outer", "Join Type": "Anti", "Startup Cost": 0.0, "Total Cost": 130872.84, "Plan Rows": 1, "Plan Width": 24, "Actual Startup Time": 1990.521, "Actual Total Time": 4429.799, "Actual Rows": 36604, "Actual Loops": 1, "Inner Unique": false, "Plans": [{"Node Type": "Index Scan", "Parent Relationship": "Outer", "Scan Direction": "Forward", "Index Name": "customer_pkey", "Relation Name": "customer", "Alias": "customer", "Startup Cost": 0.0, "Total Cost": 105140.36, "Plan Rows": 17500, "Plan Width": 32, "Actual Startup Time": 1990.477, "Actual Total Time": 3857.715, "Actual Rows": 109197, "Actual Loops": 1, "Filter": "((c_acctbal > $0) AND (\"substring\"((c_phone)::text, 1, 2) = ANY ('{20,40,22,30,39,42,21}'::text[])))", "Rows Removed by Filter": 1390803}, {"Node Type": "Index Only Scan", "Parent Relationship": "Inner", "Scan Direction": "Forward", "Index Name": "idx_orders_custkey", "Relation Name": "orders", "Alias": "orders", "Startup Cost": 0.0, "Total Cost": 3.79, "Plan Rows": 4, "Plan Width": 8, "Actual Startup Time": 469.636, "Actual Total Time": 469.636, "Actual Rows": 72593, "Actual Loops": 109197, "Index Cond": "(o_custkey = public.customer.c_custkey)", "Rows Removed by Index Recheck": 0, "Heap Fetches": 0}]}]}]}, "Triggers": [], "Planner Runtime": 0.607, "Total Runtime": 4464.404, "Unique SQL Id": 2798552886}}, "(1, 2)": {"explain_plan": {"Plan": {"Node Type": "Aggregate", "Strategy": "Sorted", "Startup Cost": 326543.86, "Total Cost": 326543.89, "Plan Rows": 1, "Plan Width": 40, "Group By Key": ["(\"substring\"((public.customer.c_phone)::text, 1, 2))"], "Plans": [{"Node Type": "Aggregate", "Strategy": "Plain", "Parent Relationship": "exec_init_plan", "Subplan Name": "InitPlan 1 (returns $0)", "Startup Cost": 76620.14, "Total Cost": 76620.15, "Plan Rows": 1, "Plan Width": 40, "Plans": [{"Node Type": "Seq Scan", "Parent Relationship": "Outer", "Relation Name": "customer", "Alias": "customer", "Startup Cost": 12.98, "Total Cost": 76501.0, "Plan Rows": 47655, "Plan Width": 8, "Filter": "((c_acctbal > 0::double precision) AND (\"substring\"((c_phone)::text, 1, 2) = ANY ('{20,40,22,30,39,42,21}'::text[])))"}]}, {"Node Type": "Sort", "Parent Relationship": "Outer", "Startup Cost": 249923.71, "Total Cost": 249923.72, "Plan Rows": 1, "Plan Width": 24, "Sort Key": ["(\"substring\"((public.customer.c_phone)::text, 1, 2))"], "Plans": [{"Node Type": "Nested Loop", "Parent Relationship": "Outer", "Join Type": "Anti", "Startup Cost": 3.75, "Total Cost": 249923.7, "Plan Rows": 1, "Plan Width": 24, "Inner Unique": false, "Plans": [{"Node Type": "Seq Scan", "Parent Relationship": "Outer", "Relation Name": "customer", "Alias": "customer", "Startup Cost": 0.0, "Total Cost": 76501.0, "Plan Rows": 17500, "Plan Width": 32, "Filter": "((c_acctbal > $0) AND (\"substring\"((c_phone)::text, 1, 2) = ANY ('{20,40,22,30,39,42,21}'::text[])))"}, {"Node Type": "Bitmap Heap Scan", "Parent Relationship": "Inner", "Relation Name": "orders", "Alias": "orders", "Startup Cost": 3.75, "Total Cost": 19.76, "Plan Rows": 4, "Plan Width": 8, "Recheck Cond": "(o_custkey = public.customer.c_custkey)", "Plans": [{"Node Type": "Bitmap Index Scan", "Parent Relationship": "Outer", "Index Name": "idx_orders_custkey", "Startup Cost": 0.0, "Total Cost": 3.75, "Plan Rows": 4, "Plan Width": 0, "Index Cond": "(o_custkey = public.customer.c_custkey)"}]}]}]}]}, "Unique SQL Id": 2798552886}, "explain_analyze_plan": {"Plan": {"Node Type": "Aggregate", "Strategy": "Sorted", "Startup Cost": 326543.86, "Total Cost": 326543.89, "Plan Rows": 1, "Plan Width": 40, "Actual Startup Time": 4467.914, "Actual Total Time": 4478.319, "Actual Rows": 4, "Actual Loops": 1, "Group By Key": ["(\"substring\"((public.customer.c_phone)::text, 1, 2))"], "Plans": [{"Node Type": "Aggregate", "Strategy": "Plain", "Parent Relationship": "exec_init_plan", "Subplan Name": "InitPlan 1 (returns $0)", "Startup Cost": 76620.14, "Total Cost": 76620.15, "Plan Rows": 1, "Plan Width": 40, "Actual Startup Time": 1998.25, "Actual Total Time": 1998.25, "Actual Rows": 1, "Actual Loops": 1, "Plans": [{"Node Type": "Seq Scan", "Parent Relationship": "Outer", "Relation Name": "customer", "Alias": "customer", "Startup Cost": 12.98, "Total Cost": 76501.0, "Plan Rows": 47655, "Plan Width": 8, "Actual Startup Time": 0.027, "Actual Total Time": 1903.14, "Actual Rows": 218121, "Actual Loops": 1, "Filter": "((c_acctbal > 0::double precision) AND (\"substring\"((c_phone)::text, 1, 2) = ANY ('{20,40,22,30,39,42,21}'::text[])))", "Rows Removed by Filter": 1281879}]}, {"Node Type": "Sort", "Parent Relationship": "Outer", "Startup Cost": 249923.71, "Total Cost": 249923.72, "Plan Rows": 1, "Plan Width": 24, "Actual Startup Time": 4464.389, "Actual Total Time": 4467.967, "Actual Rows": 36604, "Actual Loops": 1, "Sort Key": ["(\"substring\"((public.customer.c_phone)::text, 1, 2))"], "Sort Method": "quicksort", "Sort Space Used": 4968, "Sort Space Type": "Memory", "Plans": [{"Node Type": "Nested Loop", "Parent Relationship": "Outer", "Join Type": "Anti", "Startup Cost": 3.75, "Total Cost": 249923.7, "Plan Rows": 1, "Plan Width": 24, "Actual Startup Time": 1998.373, "Actual Total Time": 4442.474, "Actual Rows": 36604, "Actual Loops": 1, "Inner Unique": false, "Plans": [{"Node Type": "Seq Scan", "Parent Relationship": "Outer", "Relation Name": "customer", "Alias": "customer", "Startup Cost": 0.0, "Total Cost": 76501.0, "Plan Rows": 17500, "Plan Width": 32, "Actual Startup Time": 1998.311, "Actual Total Time": 3303.891, "Actual Rows": 109197, "Actual Loops": 1, "Filter": "((c_acctbal > $0) AND (\"substring\"((c_phone)::text, 1, 2) = ANY ('{20,40,22,30,39,42,21}'::text[])))", "Rows Removed by Filter": 1390803}, {"Node Type": "Bitmap Heap Scan", "Parent Relationship": "Inner", "Relation Name": "orders", "Alias": "orders", "Startup Cost": 3.75, "Total Cost": 19.76, "Plan Rows": 4, "Plan Width": 8, "Actual Startup Time": 951.823, "Actual Total Time": 951.823, "Actual Rows": 72593, "Actual Loops": 109197, "Recheck Cond": "(o_custkey = public.customer.c_custkey)", "Rows Removed by Index Recheck": 0, "Exact Heap Blocks": 72593, "Lossy Heap Blocks": 72593, "Plans": [{"Node Type": "Bitmap Index Scan", "Parent Relationship": "Outer", "Index Name": "idx_orders_custkey", "Startup Cost": 0.0, "Total Cost": 3.75, "Plan Rows": 4, "Plan Width": 0, "Actual Startup Time": 597.509, "Actual Total Time": 597.509, "Actual Rows": 1091631, "Actual Loops": 109197, "Index Cond": "(o_custkey = public.customer.c_custkey)"}]}]}]}]}, "Triggers": [], "Planner Runtime": 0.604, "Total Runtime": 4478.631, "Unique SQL Id": 2798552886}}, "(1, 3)": {"explain_plan": {"Plan": {"Node Type": "Aggregate", "Strategy": "Sorted", "Startup Cost": 2000018337677.48, "Total Cost": 2000018337677.51, "Plan Rows": 1, "Plan Width": 40, "Group By Key": ["(\"substring\"((public.customer.c_phone)::text, 1, 2))"], "Plans": [{"Node Type": "Aggregate", "Strategy": "Plain", "Parent Relationship": "exec_init_plan", "Subplan Name": "InitPlan 1 (returns $0)", "Startup Cost": 1000007650219.14, "Total Cost": 1000007650219.15, "Plan Rows": 1, "Plan Width": 40, "Plans": [{"Node Type": "Seq Scan", "Parent Relationship": "Outer", "Relation Name": "customer", "Alias": "customer", "Startup Cost": 10000000012.75, "Total Cost": 1000007650100.0, "Plan Rows": 47655, "Plan Width": 8, "Filter": "((c_acctbal > 0::double precision) AND (\"substring\"((c_phone)::text, 1, 2) = ANY ('{20,40,22,30,39,42,21}'::text[])))"}]}, {"Node Type": "Sort", "Parent Relationship": "Outer", "Startup Cost": 1000010687458.33, "Total Cost": 1000010687458.34, "Plan Rows": 1, "Plan Width": 24, "Sort Key": ["(\"substring\"((public.customer.c_phone)::text, 1, 2))"], "Plans": [{"Node Type": "Nested Loop", "Parent Relationship": "Outer", "Join Type": "Anti", "Startup Cost": 10000000003.75, "Total Cost": 1000010687458.32, "Plan Rows": 1, "Plan Width": 24, "Inner Unique": false, "Plans": [{"Node Type": "Index Scan", "Parent Relationship": "Outer", "Scan Direction": "Forward", "Index Name": "customer_pkey", "Relation Name": "customer", "Alias": "customer", "Startup Cost": 10000000000.0, "Total Cost": 1000010514035.62, "Plan Rows": 17500, "Plan Width": 32, "Filter": "((c_acctbal > $0) AND (\"substring\"((c_phone)::text, 1, 2) = ANY ('{20,40,22,30,39,42,21}'::text[])))"}, {"Node Type": "Bitmap Heap Scan", "Parent Relationship": "Inner", "Relation Name": "orders", "Alias": "orders", "Startup Cost": 3.75, "Total Cost": 19.76, "Plan Rows": 4, "Plan Width": 8, "Recheck Cond": "(o_custkey = public.customer.c_custkey)", "Plans": [{"Node Type": "Bitmap Index Scan", "Parent Relationship": "Outer", "Index Name": "idx_orders_custkey", "Startup Cost": 0.0, "Total Cost": 3.75, "Plan Rows": 4, "Plan Width": 0, "Index Cond": "(o_custkey = public.customer.c_custkey)"}]}]}]}]}, "Unique SQL Id": 2798552886}, "explain_analyze_plan": {"Plan": {"Node Type": "Aggregate", "Strategy": "Sorted", "Startup Cost": 2000018337677.48, "Total Cost": 2000018337677.51, "Plan Rows": 1, "Plan Width": 40, "Actual Startup Time": 4938.481, "Actual Total Time": 4948.912, "Actual Rows": 4, "Actual Loops": 1, "Group By Key": ["(\"substring\"((public.customer.c_phone)::text, 1, 2))"], "Plans": [{"Node Type": "Aggregate", "Strategy": "Plain", "Parent Relationship": "exec_init_plan", "Subplan Name": "InitPlan 1 (returns $0)", "Startup Cost": 1000007650219.14, "Total Cost": 1000007650219.15, "Plan Rows": 1, "Plan Width": 40, "Actual Startup Time": 1989.173, "Actual Total Time": 1989.174, "Actual Rows": 1, "Actual Loops": 1, "Plans": [{"Node Type": "Seq Scan", "Parent Relationship": "Outer", "Relation Name": "customer", "Alias": "customer", "Startup Cost": 10000000012.75, "Total Cost": 1000007650100.0, "Plan Rows": 47655, "Plan Width": 8, "Actual Startup Time": 0.032, "Actual Total Time": 1894.45, "Actual Rows": 218121, "Actual Loops": 1, "Filter": "((c_acctbal > 0::double precision) AND (\"substring\"((c_phone)::text, 1, 2) = ANY ('{20,40,22,30,39,42,21}'::text[])))", "Rows Removed by Filter": 1281879}]}, {"Node Type": "Sort", "Parent Relationship": "Outer", "Startup Cost": 1000010687458.33, "Total Cost": 1000010687458.34, "Plan Rows": 1, "Plan Width": 24, "Actual Startup Time": 4934.953, "Actual Total Time": 4938.537, "Actual Rows": 36604, "Actual Loops": 1, "Sort Key": ["(\"substring\"((public.customer.c_phone)::text, 1, 2))"], "Sort Method": "quicksort", "Sort Space Used": 4968, "Sort Space Type": "Memory", "Plans": [{"Node Type": "Nested Loop", "Parent Relationship": "Outer", "Join Type": "Anti", "Startup Cost": 10000000003.75, "Total Cost": 1000010687458.32, "Plan Rows": 1, "Plan Width": 24, "Actual Startup Time": 1989.319, "Actual Total Time": 4912.858, "Actual Rows": 36604, "Actual Loops": 1, "Inner Unique": false, "Plans": [{"Node Type": "Index Scan", "Parent Relationship": "Outer", "Scan Direction": "Forward", "Index Name": "customer_pkey", "Relation Name": "customer", "Alias": "customer", "Startup Cost": 10000000000.0, "Total Cost": 1000010514035.62, "Plan Rows": 17500, "Plan Width": 32, "Actual Startup Time": 1989.251, "Actual Total Time": 3801.63, "Actual Rows": 109197, "Actual Loops": 1, "Filter": "((c_acctbal > $0) AND (\"substring\"((c_phone)::text, 1, 2) = ANY ('{20,40,22,30,39,42,21}'::text[])))", "Rows Removed by Filter": 1390803}, {"Node Type": "Bitmap Heap Scan", "Parent Relationship": "Inner", "Relation Name": "orders", "Alias": "orders", "Startup Cost": 3.75, "Total Cost": 19.76, "Plan Rows": 4, "Plan Width": 8, "Actual Startup Time": 921.241, "Actual Total Time": 921.241, "Actual Rows": 72593, "Actual Loops": 109197, "Recheck Cond": "(o_custkey = public.customer.c_custkey)", "Rows Removed by Index Recheck": 0, "Exact Heap Blocks": 72593, "Lossy Heap Blocks": 72593, "Plans": [{"Node Type": "Bitmap Index Scan", "Parent Relationship": "Outer", "Index Name": "idx_orders_custkey", "Startup Cost": 0.0, "Total Cost": 3.75, "Plan Rows": 4, "Plan Width": 0, "Actual Startup Time": 578.575, "Actual Total Time": 578.575, "Actual Rows": 1091631, "Actual Loops": 109197, "Index Cond": "(o_custkey = public.customer.c_custkey)"}]}]}]}]}, "Triggers": [], "Planner Runtime": 0.609, "Total Runtime": 4949.194, "Unique SQL Id": 2798552886}}, "(1, 4)": {"explain_plan": {"Plan": {"Node Type": "Aggregate", "Strategy": "Sorted", "Startup Cost": 274230.77, "Total Cost": 274230.8, "Plan Rows": 1, "Plan Width": 40, "Group By Key": ["(\"substring\"((public.customer.c_phone)::text, 1, 2))"], "Plans": [{"Node Type": "Aggregate", "Strategy": "Plain", "Parent Relationship": "exec_init_plan", "Subplan Name": "InitPlan 1 (returns $0)", "Startup Cost": 76620.14, "Total Cost": 76620.15, "Plan Rows": 1, "Plan Width": 40, "Plans": [{"Node Type": "Seq Scan", "Parent Relationship": "Outer", "Relation Name": "customer", "Alias": "customer", "Startup Cost": 12.98, "Total Cost": 76501.0, "Plan Rows": 47655, "Plan Width": 8, "Filter": "((c_acctbal > 0::double precision) AND (\"substring\"((c_phone)::text, 1, 2) = ANY ('{20,40,22,30,39,42,21}'::text[])))"}]}, {"Node Type": "Sort", "Parent Relationship": "Outer", "Startup Cost": 197610.62, "Total Cost": 197610.62, "Plan Rows": 1, "Plan Width": 24, "Sort Key": ["(\"substring\"((public.customer.c_phone)::text, 1, 2))"], "Plans": [{"Node Type": "Nested Loop", "Parent Relationship": "Outer", "Join Type": "Anti", "Startup Cost": 0.0, "Total Cost": 197610.61, "Plan Rows": 1, "Plan Width": 24, "Inner Unique": false, "Plans": [{"Node Type": "Seq Scan", "Parent Relationship": "Outer", "Relation Name": "customer", "Alias": "customer", "Startup Cost": 0.0, "Total Cost": 76501.0, "Plan Rows": 17500, "Plan Width": 32, "Filter": "((c_acctbal > $0) AND (\"substring\"((c_phone)::text, 1, 2) = ANY ('{20,40,22,30,39,42,21}'::text[])))"}, {"Node Type": "Index Scan", "Parent Relationship": "Inner", "Scan Direction": "Forward", "Index Name": "idx_orders_custkey", "Relation Name": "orders", "Alias": "orders", "Startup Cost": 0.0, "Total Cost": 17.99, "Plan Rows": 4, "Plan Width": 8, "Index Cond": "(o_custkey = public.customer.c_custkey)"}]}]}]}, "Unique SQL Id": 2798552886}, "explain_analyze_plan": {"Plan": {"Node Type": "Aggregate", "Strategy": "Sorted", "Startup Cost": 274230.77, "Total Cost": 274230.8, "Plan Rows": 1, "Plan Width": 40, "Actual Startup Time": 4066.361, "Actual Total Time": 4076.734, "Actual Rows": 4, "Actual Loops": 1, "Group By Key": ["(\"substring\"((public.customer.c_phone)::text, 1, 2))"], "Plans": [{"Node Type": "Aggregate", "Strategy": "Plain", "Parent Relationship": "exec_init_plan", "Subplan Name": "InitPlan 1 (returns $0)", "Startup Cost": 76620.14, "Total Cost": 76620.15, "Plan Rows": 1, "Plan Width": 40, "Actual Startup Time": 1991.742, "Actual Total Time": 1991.742, "Actual Rows": 1, "Actual Loops": 1, "Plans": [{"Node Type": "Seq Scan", "Parent Relationship": "Outer", "Relation Name": "customer", "Alias": "customer", "Startup Cost": 12.98, "Total Cost": 76501.0, "Plan Rows": 47655, "Plan Width": 8, "Actual Startup Time": 0.028, "Actual Total Time": 1896.339, "Actual Rows": 218121, "Actual Loops": 1, "Filter": "((c_acctbal > 0::double precision) AND (\"substring\"((c_phone)::text, 1, 2) = ANY ('{20,40,22,30,39,42,21}'::text[])))", "Rows Removed by Filter": 1281879}]}, {"Node Type": "Sort", "Parent Relationship": "Outer", "Startup Cost": 197610.62, "Total Cost": 197610.62, "Plan Rows": 1, "Plan Width": 24, "Actual Startup Time": 4062.845, "Actual Total Time": 4066.44, "Actual Rows": 36604, "Actual Loops": 1, "Sort Key": ["(\"substring\"((public.customer.c_phone)::text, 1, 2))"], "Sort Method": "quicksort", "Sort Space Used": 4968, "Sort Space Type": "Memory", "Plans": [{"Node Type": "Nested Loop", "Parent Relationship": "Outer", "Join Type": "Anti", "Startup Cost": 0.0, "Total Cost": 197610.61, "Plan Rows": 1, "Plan Width": 24, "Actual Startup Time": 1991.84, "Actual Total Time": 4041.643, "Actual Rows": 36604, "Actual Loops": 1, "Inner Unique": false, "Plans": [{"Node Type": "Seq Scan", "Parent Relationship": "Outer", "Relation Name": "customer", "Alias": "customer", "Startup Cost": 0.0, "Total Cost": 76501.0, "Plan Rows": 17500, "Plan Width": 32, "Actual Startup Time": 1991.803, "Actual Total Time": 3287.835, "Actual Rows": 109197, "Actual Loops": 1, "Filter": "((c_acctbal > $0) AND (\"substring\"((c_phone)::text, 1, 2) = ANY ('{20,40,22,30,39,42,21}'::text[])))", "Rows Removed by Filter": 1390803}, {"Node Type": "Index Scan", "Parent Relationship": "Inner", "Scan Direction": "Forward", "Index Name": "idx_orders_custkey", "Relation Name": "orders", "Alias": "orders", "Startup Cost": 0.0, "Total Cost": 17.99, "Plan Rows": 4, "Plan Width": 8, "Actual Startup Time": 644.787, "Actual Total Time": 644.787, "Actual Rows": 72593, "Actual Loops": 109197, "Index Cond": "(o_custkey = public.customer.c_custkey)", "Rows Removed by Index Recheck": 0}]}]}]}, "Triggers": [], "Planner Runtime": 0.602, "Total Runtime": 4077.007, "Unique SQL Id": 2798552886}}, "(1, 5)": {"explain_plan": {"Plan": {"Node Type": "Aggregate", "Strategy": "Sorted", "Startup Cost": 1000007876469.13, "Total Cost": 1000007876469.15, "Plan Rows": 1, "Plan Width": 40, "Group By Key": ["(\"substring\"((public.customer.c_phone)::text, 1, 2))"], "Plans": [{"Node Type": "Aggregate", "Strategy": "Plain", "Parent Relationship": "exec_init_plan", "Subplan Name": "InitPlan 1 (returns $0)", "Startup Cost": 1000007650219.14, "Total Cost": 1000007650219.15, "Plan Rows": 1, "Plan Width": 40, "Plans": [{"Node Type": "Seq Scan", "Parent Relationship": "Outer", "Relation Name": "customer", "Alias": "customer", "Startup Cost": 10000000012.75, "Total Cost": 1000007650100.0, "Plan Rows": 47655, "Plan Width": 8, "Filter": "((c_acctbal > 0::double precision) AND (\"substring\"((c_phone)::text, 1, 2) = ANY ('{20,40,22,30,39,42,21}'::text[])))"}]}, {"Node Type": "Sort", "Parent Relationship": "Outer", "Startup Cost": 226249.98, "Total Cost": 226249.98, "Plan Rows": 1, "Plan Width": 24, "Sort Key": ["(\"substring\"((public.customer.c_phone)::text, 1, 2))"], "Plans": [{"Node Type": "Nested Loop", "Parent Relationship": "Outer", "Join Type": "Anti", "Startup Cost": 0.0, "Total Cost": 226249.97, "Plan Rows": 1, "Plan Width": 24, "Inner Unique": false, "Plans": [{"Node Type": "Index Scan", "Parent Relationship": "Outer", "Scan Direction": "Forward", "Index Name": "customer_pkey", "Relation Name": "customer", "Alias": "customer", "Startup Cost": 0.0, "Total Cost": 105140.36, "Plan Rows": 17500, "Plan Width": 32, "Filter": "((c_acctbal > $0) AND (\"substring\"((c_phone)::text, 1, 2) = ANY ('{20,40,22,30,39,42,21}'::text[])))"}, {"Node Type": "Index Scan", "Parent Relationship": "Inner", "Scan Direction": "Forward", "Index Name": "idx_orders_custkey", "Relation Name": "orders", "Alias": "orders", "Startup Cost": 0.0, "Total Cost": 17.99, "Plan Rows": 4, "Plan Width": 8, "Index Cond": "(o_custkey = public.customer.c_custkey)"}]}]}]}, "Unique SQL Id": 2798552886}, "explain_analyze_plan": {"Plan": {"Node Type": "Aggregate", "Strategy": "Sorted", "Startup Cost": 1000007876469.13, "Total Cost": 1000007876469.15, "Plan Rows": 1, "Plan Width": 40, "Actual Startup Time": 4435.834, "Actual Total Time": 4446.26, "Actual Rows": 4, "Actual Loops": 1, "Group By Key": ["(\"substring\"((public.customer.c_phone)::text, 1, 2))"], "Plans": [{"Node Type": "Aggregate", "Strategy": "Plain", "Parent Relationship": "exec_init_plan", "Subplan Name": "InitPlan 1 (returns $0)", "Startup Cost": 1000007650219.14, "Total Cost": 1000007650219.15, "Plan Rows": 1, "Plan Width": 40, "Actual Startup Time": 1997.317, "Actual Total Time": 1997.317, "Actual Rows": 1, "Actual Loops": 1, "Plans": [{"Node Type": "Seq Scan", "Parent Relationship": "Outer", "Relation Name": "customer", "Alias": "customer", "Startup Cost": 10000000012.75, "Total Cost": 1000007650100.0, "Plan Rows": 47655, "Plan Width": 8, "Actual Startup Time": 0.038, "Actual Total Time": 1901.983, "Actual Rows": 218121, "Actual Loops": 1, "Filter": "((c_acctbal > 0::double precision) AND (\"substring\"((c_phone)::text, 1, 2) = ANY ('{20,40,22,30,39,42,21}'::text[])))", "Rows Removed by Filter": 1281879}]}, {"Node Type": "Sort", "Parent Relationship": "Outer", "Startup Cost": 226249.98, "Total Cost": 226249.98, "Plan Rows": 1, "Plan Width": 24, "Actual Startup Time": 4432.31, "Actual Total Time": 4435.843, "Actual Rows": 36604, "Actual Loops": 1, "Sort Key": ["(\"substring\"((public.customer.c_phone)::text, 1, 2))"], "Sort Method": "quicksort", "Sort Space Used": 4968, "Sort Space Type": "Memory", "Plans": [{"Node Type": "Nested Loop", "Parent Relationship": "Outer", "Join Type": "Anti", "Startup Cost": 0.0, "Total Cost": 226249.97, "Plan Rows": 1, "Plan Width": 24, "Actual Startup Time": 1997.433, "Actual Total Time": 4411.89, "Actual Rows": 36604, "Actual Loops": 1, "Inner Unique": false, "Plans": [{"Node Type": "Index Scan", "Parent Relationship": "Outer", "Scan Direction": "Forward", "Index Name": "customer_pkey", "Relation Name": "customer", "Alias": "customer", "Startup Cost": 0.0, "Total Cost": 105140.36, "Plan Rows": 17500, "Plan Width": 32, "Actual Startup Time": 1997.392, "Actual Total Time": 3747.515, "Actual Rows": 109197, "Actual Loops": 1, "Filter": "((c_acctbal > $0) AND (\"substring\"((c_phone)::text, 1, 2) = ANY ('{20,40,22,30,39,42,21}'::text[])))", "Rows Removed by Filter": 1390803}, {"Node Type": "Index Scan", "Parent Relationship": "Inner", "Scan Direction": "Forward", "Index Name": "idx_orders_custkey", "Relation Name": "orders", "Alias": "orders", "Startup Cost": 0.0, "Total Cost": 17.99, "Plan Rows": 4, "Plan Width": 8, "Actual Startup Time": 555.838, "Actual Total Time": 555.838, "Actual Rows": 72593, "Actual Loops": 109197, "Index Cond": "(o_custkey = public.customer.c_custkey)", "Rows Removed by Index Recheck": 0}]}]}]}, "Triggers": [], "Planner Runtime": 0.606, "Total Runtime": 4446.572, "Unique SQL Id": 2798552886}}, "(1, 6)": {"explain_plan": {"Plan": {"Node Type": "Aggregate", "Strategy": "Sorted", "Startup Cost": 326543.86, "Total Cost": 326543.89, "Plan Rows": 1, "Plan Width": 40, "Group By Key": ["(\"substring\"((public.customer.c_phone)::text, 1, 2))"], "Plans": [{"Node Type": "Aggregate", "Strategy": "Plain", "Parent Relationship": "exec_init_plan", "Subplan Name": "InitPlan 1 (returns $0)", "Startup Cost": 76620.14, "Total Cost": 76620.15, "Plan Rows": 1, "Plan Width": 40, "Plans": [{"Node Type": "Seq Scan", "Parent Relationship": "Outer", "Relation Name": "customer", "Alias": "customer", "Startup Cost": 12.98, "Total Cost": 76501.0, "Plan Rows": 47655, "Plan Width": 8, "Filter": "((c_acctbal > 0::double precision) AND (\"substring\"((c_phone)::text, 1, 2) = ANY ('{20,40,22,30,39,42,21}'::text[])))"}]}, {"Node Type": "Sort", "Parent Relationship": "Outer", "Startup Cost": 249923.71, "Total Cost": 249923.72, "Plan Rows": 1, "Plan Width": 24, "Sort Key": ["(\"substring\"((public.customer.c_phone)::text, 1, 2))"], "Plans": [{"Node Type": "Nested Loop", "Parent Relationship": "Outer", "Join Type": "Anti", "Startup Cost": 3.75, "Total Cost": 249923.7, "Plan Rows": 1, "Plan Width": 24, "Inner Unique": false, "Plans": [{"Node Type": "Seq Scan", "Parent Relationship": "Outer", "Relation Name": "customer", "Alias": "customer", "Startup Cost": 0.0, "Total Cost": 76501.0, "Plan Rows": 17500, "Plan Width": 32, "Filter": "((c_acctbal > $0) AND (\"substring\"((c_phone)::text, 1, 2) = ANY ('{20,40,22,30,39,42,21}'::text[])))"}, {"Node Type": "Bitmap Heap Scan", "Parent Relationship": "Inner", "Relation Name": "orders", "Alias": "orders", "Startup Cost": 3.75, "Total Cost": 19.76, "Plan Rows": 4, "Plan Width": 8, "Recheck Cond": "(o_custkey = public.customer.c_custkey)", "Plans": [{"Node Type": "Bitmap Index Scan", "Parent Relationship": "Outer", "Index Name": "idx_orders_custkey", "Startup Cost": 0.0, "Total Cost": 3.75, "Plan Rows": 4, "Plan Width": 0, "Index Cond": "(o_custkey = public.customer.c_custkey)"}]}]}]}]}, "Unique SQL Id": 2798552886}, "explain_analyze_plan": {"Plan": {"Node Type": "Aggregate", "Strategy": "Sorted", "Startup Cost": 326543.86, "Total Cost": 326543.89, "Plan Rows": 1, "Plan Width": 40, "Actual Startup Time": 4467.914, "Actual Total Time": 4478.319, "Actual Rows": 4, "Actual Loops": 1, "Group By Key": ["(\"substring\"((public.customer.c_phone)::text, 1, 2))"], "Plans": [{"Node Type": "Aggregate", "Strategy": "Plain", "Parent Relationship": "exec_init_plan", "Subplan Name": "InitPlan 1 (returns $0)", "Startup Cost": 76620.14, "Total Cost": 76620.15, "Plan Rows": 1, "Plan Width": 40, "Actual Startup Time": 1998.25, "Actual Total Time": 1998.25, "Actual Rows": 1, "Actual Loops": 1, "Plans": [{"Node Type": "Seq Scan", "Parent Relationship": "Outer", "Relation Name": "customer", "Alias": "customer", "Startup Cost": 12.98, "Total Cost": 76501.0, "Plan Rows": 47655, "Plan Width": 8, "Actual Startup Time": 0.027, "Actual Total Time": 1903.14, "Actual Rows": 218121, "Actual Loops": 1, "Filter": "((c_acctbal > 0::double precision) AND (\"substring\"((c_phone)::text, 1, 2) = ANY ('{20,40,22,30,39,42,21}'::text[])))", "Rows Removed by Filter": 1281879}]}, {"Node Type": "Sort", "Parent Relationship": "Outer", "Startup Cost": 249923.71, "Total Cost": 249923.72, "Plan Rows": 1, "Plan Width": 24, "Actual Startup Time": 4464.389, "Actual Total Time": 4467.967, "Actual Rows": 36604, "Actual Loops": 1, "Sort Key": ["(\"substring\"((public.customer.c_phone)::text, 1, 2))"], "Sort Method": "quicksort", "Sort Space Used": 4968, "Sort Space Type": "Memory", "Plans": [{"Node Type": "Nested Loop", "Parent Relationship": "Outer", "Join Type": "Anti", "Startup Cost": 3.75, "Total Cost": 249923.7, "Plan Rows": 1, "Plan Width": 24, "Actual Startup Time": 1998.373, "Actual Total Time": 4442.474, "Actual Rows": 36604, "Actual Loops": 1, "Inner Unique": false, "Plans": [{"Node Type": "Seq Scan", "Parent Relationship": "Outer", "Relation Name": "customer", "Alias": "customer", "Startup Cost": 0.0, "Total Cost": 76501.0, "Plan Rows": 17500, "Plan Width": 32, "Actual Startup Time": 1998.311, "Actual Total Time": 3303.891, "Actual Rows": 109197, "Actual Loops": 1, "Filter": "((c_acctbal > $0) AND (\"substring\"((c_phone)::text, 1, 2) = ANY ('{20,40,22,30,39,42,21}'::text[])))", "Rows Removed by Filter": 1390803}, {"Node Type": "Bitmap Heap Scan", "Parent Relationship": "Inner", "Relation Name": "orders", "Alias": "orders", "Startup Cost": 3.75, "Total Cost": 19.76, "Plan Rows": 4, "Plan Width": 8, "Actual Startup Time": 951.823, "Actual Total Time": 951.823, "Actual Rows": 72593, "Actual Loops": 109197, "Recheck Cond": "(o_custkey = public.customer.c_custkey)", "Rows Removed by Index Recheck": 0, "Exact Heap Blocks": 72593, "Lossy Heap Blocks": 72593, "Plans": [{"Node Type": "Bitmap Index Scan", "Parent Relationship": "Outer", "Index Name": "idx_orders_custkey", "Startup Cost": 0.0, "Total Cost": 3.75, "Plan Rows": 4, "Plan Width": 0, "Actual Startup Time": 597.509, "Actual Total Time": 597.509, "Actual Rows": 1091631, "Actual Loops": 109197, "Index Cond": "(o_custkey = public.customer.c_custkey)"}]}]}]}]}, "Triggers": [], "Planner Runtime": 0.604, "Total Runtime": 4478.631, "Unique SQL Id": 2798552886}}, "(1, 7)": {"explain_plan": {"Plan": {"Node Type": "Aggregate", "Strategy": "Sorted", "Startup Cost": 2000018337677.48, "Total Cost": 2000018337677.51, "Plan Rows": 1, "Plan Width": 40, "Group By Key": ["(\"substring\"((public.customer.c_phone)::text, 1, 2))"], "Plans": [{"Node Type": "Aggregate", "Strategy": "Plain", "Parent Relationship": "exec_init_plan", "Subplan Name": "InitPlan 1 (returns $0)", "Startup Cost": 1000007650219.14, "Total Cost": 1000007650219.15, "Plan Rows": 1, "Plan Width": 40, "Plans": [{"Node Type": "Seq Scan", "Parent Relationship": "Outer", "Relation Name": "customer", "Alias": "customer", "Startup Cost": 10000000012.75, "Total Cost": 1000007650100.0, "Plan Rows": 47655, "Plan Width": 8, "Filter": "((c_acctbal > 0::double precision) AND (\"substring\"((c_phone)::text, 1, 2) = ANY ('{20,40,22,30,39,42,21}'::text[])))"}]}, {"Node Type": "Sort", "Parent Relationship": "Outer", "Startup Cost": 1000010687458.33, "Total Cost": 1000010687458.34, "Plan Rows": 1, "Plan Width": 24, "Sort Key": ["(\"substring\"((public.customer.c_phone)::text, 1, 2))"], "Plans": [{"Node Type": "Nested Loop", "Parent Relationship": "Outer", "Join Type": "Anti", "Startup Cost": 10000000003.75, "Total Cost": 1000010687458.32, "Plan Rows": 1, "Plan Width": 24, "Inner Unique": false, "Plans": [{"Node Type": "Index Scan", "Parent Relationship": "Outer", "Scan Direction": "Forward", "Index Name": "customer_pkey", "Relation Name": "customer", "Alias": "customer", "Startup Cost": 10000000000.0, "Total Cost": 1000010514035.62, "Plan Rows": 17500, "Plan Width": 32, "Filter": "((c_acctbal > $0) AND (\"substring\"((c_phone)::text, 1, 2) = ANY ('{20,40,22,30,39,42,21}'::text[])))"}, {"Node Type": "Bitmap Heap Scan", "Parent Relationship": "Inner", "Relation Name": "orders", "Alias": "orders", "Startup Cost": 3.75, "Total Cost": 19.76, "Plan Rows": 4, "Plan Width": 8, "Recheck Cond": "(o_custkey = public.customer.c_custkey)", "Plans": [{"Node Type": "Bitmap Index Scan", "Parent Relationship": "Outer", "Index Name": "idx_orders_custkey", "Startup Cost": 0.0, "Total Cost": 3.75, "Plan Rows": 4, "Plan Width": 0, "Index Cond": "(o_custkey = public.customer.c_custkey)"}]}]}]}]}, "Unique SQL Id": 2798552886}, "explain_analyze_plan": {"Plan": {"Node Type": "Aggregate", "Strategy": "Sorted", "Startup Cost": 2000018337677.48, "Total Cost": 2000018337677.51, "Plan Rows": 1, "Plan Width": 40, "Actual Startup Time": 4938.481, "Actual Total Time": 4948.912, "Actual Rows": 4, "Actual Loops": 1, "Group By Key": ["(\"substring\"((public.customer.c_phone)::text, 1, 2))"], "Plans": [{"Node Type": "Aggregate", "Strategy": "Plain", "Parent Relationship": "exec_init_plan", "Subplan Name": "InitPlan 1 (returns $0)", "Startup Cost": 1000007650219.14, "Total Cost": 1000007650219.15, "Plan Rows": 1, "Plan Width": 40, "Actual Startup Time": 1989.173, "Actual Total Time": 1989.174, "Actual Rows": 1, "Actual Loops": 1, "Plans": [{"Node Type": "Seq Scan", "Parent Relationship": "Outer", "Relation Name": "customer", "Alias": "customer", "Startup Cost": 10000000012.75, "Total Cost": 1000007650100.0, "Plan Rows": 47655, "Plan Width": 8, "Actual Startup Time": 0.032, "Actual Total Time": 1894.45, "Actual Rows": 218121, "Actual Loops": 1, "Filter": "((c_acctbal > 0::double precision) AND (\"substring\"((c_phone)::text, 1, 2) = ANY ('{20,40,22,30,39,42,21}'::text[])))", "Rows Removed by Filter": 1281879}]}, {"Node Type": "Sort", "Parent Relationship": "Outer", "Startup Cost": 1000010687458.33, "Total Cost": 1000010687458.34, "Plan Rows": 1, "Plan Width": 24, "Actual Startup Time": 4934.953, "Actual Total Time": 4938.537, "Actual Rows": 36604, "Actual Loops": 1, "Sort Key": ["(\"substring\"((public.customer.c_phone)::text, 1, 2))"], "Sort Method": "quicksort", "Sort Space Used": 4968, "Sort Space Type": "Memory", "Plans": [{"Node Type": "Nested Loop", "Parent Relationship": "Outer", "Join Type": "Anti", "Startup Cost": 10000000003.75, "Total Cost": 1000010687458.32, "Plan Rows": 1, "Plan Width": 24, "Actual Startup Time": 1989.319, "Actual Total Time": 4912.858, "Actual Rows": 36604, "Actual Loops": 1, "Inner Unique": false, "Plans": [{"Node Type": "Index Scan", "Parent Relationship": "Outer", "Scan Direction": "Forward", "Index Name": "customer_pkey", "Relation Name": "customer", "Alias": "customer", "Startup Cost": 10000000000.0, "Total Cost": 1000010514035.62, "Plan Rows": 17500, "Plan Width": 32, "Actual Startup Time": 1989.251, "Actual Total Time": 3801.63, "Actual Rows": 109197, "Actual Loops": 1, "Filter": "((c_acctbal > $0) AND (\"substring\"((c_phone)::text, 1, 2) = ANY ('{20,40,22,30,39,42,21}'::text[])))", "Rows Removed by Filter": 1390803}, {"Node Type": "Bitmap Heap Scan", "Parent Relationship": "Inner", "Relation Name": "orders", "Alias": "orders", "Startup Cost": 3.75, "Total Cost": 19.76, "Plan Rows": 4, "Plan Width": 8, "Actual Startup Time": 921.241, "Actual Total Time": 921.241, "Actual Rows": 72593, "Actual Loops": 109197, "Recheck Cond": "(o_custkey = public.customer.c_custkey)", "Rows Removed by Index Recheck": 0, "Exact Heap Blocks": 72593, "Lossy Heap Blocks": 72593, "Plans": [{"Node Type": "Bitmap Index Scan", "Parent Relationship": "Outer", "Index Name": "idx_orders_custkey", "Startup Cost": 0.0, "Total Cost": 3.75, "Plan Rows": 4, "Plan Width": 0, "Actual Startup Time": 578.575, "Actual Total Time": 578.575, "Actual Rows": 1091631, "Actual Loops": 109197, "Index Cond": "(o_custkey = public.customer.c_custkey)"}]}]}]}]}, "Triggers": [], "Planner Runtime": 0.609, "Total Runtime": 4949.194, "Unique SQL Id": 2798552886}}, "(1, 8)": {"explain_plan": {"Plan": {"Node Type": "Aggregate", "Strategy": "Sorted", "Startup Cost": 178853.65, "Total Cost": 178853.67, "Plan Rows": 1, "Plan Width": 40, "Group By Key": ["(\"substring\"((public.customer.c_phone)::text, 1, 2))"], "Plans": [{"Node Type": "Aggregate", "Strategy": "Plain", "Parent Relationship": "exec_init_plan", "Subplan Name": "InitPlan 1 (returns $0)", "Startup Cost": 76620.14, "Total Cost": 76620.15, "Plan Rows": 1, "Plan Width": 40, "Plans": [{"Node Type": "Seq Scan", "Parent Relationship": "Outer", "Relation Name": "customer", "Alias": "customer", "Startup Cost": 12.98, "Total Cost": 76501.0, "Plan Rows": 47655, "Plan Width": 8, "Filter": "((c_acctbal > 0::double precision) AND (\"substring\"((c_phone)::text, 1, 2) = ANY ('{20,40,22,30,39,42,21}'::text[])))"}]}, {"Node Type": "Sort", "Parent Relationship": "Outer", "Startup Cost": 102233.5, "Total Cost": 102233.5, "Plan Rows": 1, "Plan Width": 24, "Sort Key": ["(\"substring\"((public.customer.c_phone)::text, 1, 2))"], "Plans": [{"Node Type": "Nested Loop", "Parent Relationship": "Outer", "Join Type": "Anti", "Startup Cost": 0.0, "Total Cost": 102233.49, "Plan Rows": 1, "Plan Width": 24, "Inner Unique": false, "Plans": [{"Node Type": "Seq Scan", "Parent Relationship": "Outer", "Relation Name": "customer", "Alias": "customer", "Startup Cost": 0.0, "Total Cost": 76501.0, "Plan Rows": 17500, "Plan Width": 32, "Filter": "((c_acctbal > $0) AND (\"substring\"((c_phone)::text, 1, 2) = ANY ('{20,40,22,30,39,42,21}'::text[])))"}, {"Node Type": "Index Only Scan", "Parent Relationship": "Inner", "Scan Direction": "Forward", "Index Name": "idx_orders_custkey", "Relation Name": "orders", "Alias": "orders", "Startup Cost": 0.0, "Total Cost": 3.79, "Plan Rows": 4, "Plan Width": 8, "Index Cond": "(o_custkey = public.customer.c_custkey)"}]}]}]}, "Unique SQL Id": 2798552886}, "explain_analyze_plan": {"Plan": {"Node Type": "Aggregate", "Strategy": "Sorted", "Startup Cost": 178853.65, "Total Cost": 178853.67, "Plan Rows": 1, "Plan Width": 40, "Actual Startup Time": 3881.351, "Actual Total Time": 3891.855, "Actual Rows": 4, "Actual Loops": 1, "Group By Key": ["(\"substring\"((public.customer.c_phone)::text, 1, 2))"], "Plans": [{"Node Type": "Aggregate", "Strategy": "Plain", "Parent Relationship": "exec_init_plan", "Subplan Name": "InitPlan 1 (returns $0)", "Startup Cost": 76620.14, "Total Cost": 76620.15, "Plan Rows": 1, "Plan Width": 40, "Actual Startup Time": 2010.36, "Actual Total Time": 2010.361, "Actual Rows": 1, "Actual Loops": 1, "Plans": [{"Node Type": "Seq Scan", "Parent Relationship": "Outer", "Relation Name": "customer", "Alias": "customer", "Startup Cost": 12.98, "Total Cost": 76501.0, "Plan Rows": 47655, "Plan Width": 8, "Actual Startup Time": 0.029, "Actual Total Time": 1914.702, "Actual Rows": 218121, "Actual Loops": 1, "Filter": "((c_acctbal > 0::double precision) AND (\"substring\"((c_phone)::text, 1, 2) = ANY ('{20,40,22,30,39,42,21}'::text[])))", "Rows Removed by Filter": 1281879}]}, {"Node Type": "Sort", "Parent Relationship": "Outer", "Startup Cost": 102233.5, "Total Cost": 102233.5, "Plan Rows": 1, "Plan Width": 24, "Actual Startup Time": 3877.781, "Actual Total Time": 3881.447, "Actual Rows": 36604, "Actual Loops": 1, "Sort Key": ["(\"substring\"((public.customer.c_phone)::text, 1, 2))"], "Sort Method": "quicksort", "Sort Space Used": 4968, "Sort Space Type": "Memory", "Plans": [{"Node Type": "Nested Loop", "Parent Relationship": "Outer", "Join Type": "Anti", "Startup Cost": 0.0, "Total Cost": 102233.49, "Plan Rows": 1, "Plan Width": 24, "Actual Startup Time": 2010.457, "Actual Total Time": 3857.027, "Actual Rows": 36604, "Actual Loops": 1, "Inner Unique": false, "Plans": [{"Node Type": "Seq Scan", "Parent Relationship": "Outer", "Relation Name": "customer", "Alias": "customer", "Startup Cost": 0.0, "Total Cost": 76501.0, "Plan Rows": 17500, "Plan Width": 32, "Actual Startup Time": 2010.414, "Actual Total Time": 3294.32, "Actual Rows": 109197, "Actual Loops": 1, "Filter": "((c_acctbal > $0) AND (\"substring\"((c_phone)::text, 1, 2) = ANY ('{20,40,22,30,39,42,21}'::text[])))", "Rows Removed by Filter": 1390803}, {"Node Type": "Index Only Scan", "Parent Relationship": "Inner", "Scan Direction": "Forward", "Index Name": "idx_orders_custkey", "Relation Name": "orders", "Alias": "orders", "Startup Cost": 0.0, "Total Cost": 3.79, "Plan Rows": 4, "Plan Width": 8, "Actual Startup Time": 460.774, "Actual Total Time": 460.774, "Actual Rows": 72593, "Actual Loops": 109197, "Index Cond": "(o_custkey = public.customer.c_custkey)", "Rows Removed by Index Recheck": 0, "Heap Fetches": 0}]}]}]}, "Triggers": [], "Planner Runtime": 0.607, "Total Runtime": 3892.138, "Unique SQL Id": 2798552886}}, "(1, 9)": {"explain_plan": {"Plan": {"Node Type": "Aggregate", "Strategy": "Sorted", "Startup Cost": 1000007781092.0, "Total Cost": 1000007781092.03, "Plan Rows": 1, "Plan Width": 40, "Group By Key": ["(\"substring\"((public.customer.c_phone)::text, 1, 2))"], "Plans": [{"Node Type": "Aggregate", "Strategy": "Plain", "Parent Relationship": "exec_init_plan", "Subplan Name": "InitPlan 1 (returns $0)", "Startup Cost": 1000007650219.14, "Total Cost": 1000007650219.15, "Plan Rows": 1, "Plan Width": 40, "Plans": [{"Node Type": "Seq Scan", "Parent Relationship": "Outer", "Relation Name": "customer", "Alias": "customer", "Startup Cost": 10000000012.75, "Total Cost": 1000007650100.0, "Plan Rows": 47655, "Plan Width": 8, "Filter": "((c_acctbal > 0::double precision) AND (\"substring\"((c_phone)::text, 1, 2) = ANY ('{20,40,22,30,39,42,21}'::text[])))"}]}, {"Node Type": "Sort", "Parent Relationship": "Outer", "Startup Cost": 130872.85, "Total Cost": 130872.86, "Plan Rows": 1, "Plan Width": 24, "Sort Key": ["(\"substring\"((public.customer.c_phone)::text, 1, 2))"], "Plans": [{"Node Type": "Nested Loop", "Parent Relationship": "Outer", "Join Type": "Anti", "Startup Cost": 0.0, "Total Cost": 130872.84, "Plan Rows": 1, "Plan Width": 24, "Inner Unique": false, "Plans": [{"Node Type": "Index Scan", "Parent Relationship": "Outer", "Scan Direction": "Forward", "Index Name": "customer_pkey", "Relation Name": "customer", "Alias": "customer", "Startup Cost": 0.0, "Total Cost": 105140.36, "Plan Rows": 17500, "Plan Width": 32, "Filter": "((c_acctbal > $0) AND (\"substring\"((c_phone)::text, 1, 2) = ANY ('{20,40,22,30,39,42,21}'::text[])))"}, {"Node Type": "Index Only Scan", "Parent Relationship": "Inner", "Scan Direction": "Forward", "Index Name": "idx_orders_custkey", "Relation Name": "orders", "Alias": "orders", "Startup Cost": 0.0, "Total Cost": 3.79, "Plan Rows": 4, "Plan Width": 8, "Index Cond": "(o_custkey = public.customer.c_custkey)"}]}]}]}, "Unique SQL Id": 2798552886}, "explain_analyze_plan": {"Plan": {"Node Type": "Aggregate", "Strategy": "Sorted", "Startup Cost": 1000007781092.0, "Total Cost": 1000007781092.03, "Plan Rows": 1, "Plan Width": 40, "Actual Startup Time": 4453.89, "Actual Total Time": 4464.091, "Actual Rows": 4, "Actual Loops": 1, "Group By Key": ["(\"substring\"((public.customer.c_phone)::text, 1, 2))"], "Plans": [{"Node Type": "Aggregate", "Strategy": "Plain", "Parent Relationship": "exec_init_plan", "Subplan Name": "InitPlan 1 (returns $0)", "Startup Cost": 1000007650219.14, "Total Cost": 1000007650219.15, "Plan Rows": 1, "Plan Width": 40, "Actual Startup Time": 1990.397, "Actual Total Time": 1990.398, "Actual Rows": 1, "Actual Loops": 1, "Plans": [{"Node Type": "Seq Scan", "Parent Relationship": "Outer", "Relation Name": "customer", "Alias": "customer", "Startup Cost": 10000000012.75, "Total Cost": 1000007650100.0, "Plan Rows": 47655, "Plan Width": 8, "Actual Startup Time": 0.036, "Actual Total Time": 1895.081, "Actual Rows": 218121, "Actual Loops": 1, "Filter": "((c_acctbal > 0::double precision) AND (\"substring\"((c_phone)::text, 1, 2) = ANY ('{20,40,22,30,39,42,21}'::text[])))", "Rows Removed by Filter": 1281879}]}, {"Node Type": "Sort", "Parent Relationship": "Outer", "Startup Cost": 130872.85, "Total Cost": 130872.86, "Plan Rows": 1, "Plan Width": 24, "Actual Startup Time": 4450.398, "Actual Total Time": 4453.934, "Actual Rows": 36604, "Actual Loops": 1, "Sort Key": ["(\"substring\"((public.customer.c_phone)::text, 1, 2))"], "Sort Method": "quicksort", "Sort Space Used": 4968, "Sort Space Type": "Memory", "Plans": [{"Node Type": "Nested Loop", "Parent Relationship": "Outer", "Join Type": "Anti", "Startup Cost": 0.0, "Total Cost": 130872.84, "Plan Rows": 1, "Plan Width": 24, "Actual Startup Time": 1990.521, "Actual Total Time": 4429.799, "Actual Rows": 36604, "Actual Loops": 1, "Inner Unique": false, "Plans": [{"Node Type": "Index Scan", "Parent Relationship": "Outer", "Scan Direction": "Forward", "Index Name": "customer_pkey", "Relation Name": "customer", "Alias": "customer", "Startup Cost": 0.0, "Total Cost": 105140.36, "Plan Rows": 17500, "Plan Width": 32, "Actual Startup Time": 1990.477, "Actual Total Time": 3857.715, "Actual Rows": 109197, "Actual Loops": 1, "Filter": "((c_acctbal > $0) AND (\"substring\"((c_phone)::text, 1, 2) = ANY ('{20,40,22,30,39,42,21}'::text[])))", "Rows Removed by Filter": 1390803}, {"Node Type": "Index Only Scan", "Parent Relationship": "Inner", "Scan Direction": "Forward", "Index Name": "idx_orders_custkey", "Relation Name": "orders", "Alias": "orders", "Startup Cost": 0.0, "Total Cost": 3.79, "Plan Rows": 4, "Plan Width": 8, "Actual Startup Time": 469.636, "Actual Total Time": 469.636, "Actual Rows": 72593, "Actual Loops": 109197, "Index Cond": "(o_custkey = public.customer.c_custkey)", "Rows Removed by Index Recheck": 0, "Heap Fetches": 0}]}]}]}, "Triggers": [], "Planner Runtime": 0.607, "Total Runtime": 4464.404, "Unique SQL Id": 2798552886}}, "(1, 10)": {"explain_plan": {"Plan": {"Node Type": "Aggregate", "Strategy": "Sorted", "Startup Cost": 639751.62, "Total Cost": 639751.65, "Plan Rows": 1, "Plan Width": 40, "Group By Key": ["(\"substring\"((public.customer.c_phone)::text, 1, 2))"], "Plans": [{"Node Type": "Aggregate", "Strategy": "Plain", "Parent Relationship": "exec_init_plan", "Subplan Name": "InitPlan 1 (returns $0)", "Startup Cost": 76620.14, "Total Cost": 76620.15, "Plan Rows": 1, "Plan Width": 40, "Plans": [{"Node Type": "Seq Scan", "Parent Relationship": "Outer", "Relation Name": "customer", "Alias": "customer", "Startup Cost": 12.98, "Total Cost": 76501.0, "Plan Rows": 47655, "Plan Width": 8, "Filter": "((c_acctbal > 0::double precision) AND (\"substring\"((c_phone)::text, 1, 2) = ANY ('{20,40,22,30,39,42,21}'::text[])))"}]}, {"Node Type": "Sort", "Parent Relationship": "Outer", "Startup Cost": 563131.47, "Total Cost": 563131.48, "Plan Rows": 1, "Plan Width": 24, "Sort Key": ["(\"substring\"((public.customer.c_phone)::text, 1, 2))"], "Plans": [{"Node Type": "Hash Join", "Parent Relationship": "Outer", "Join Type": "Right Anti", "Startup Cost": 76719.75, "Total Cost": 563131.46, "Plan Rows": 1, "Plan Width": 24, "Inner Unique": true, "Hash Cond": "(orders.o_custkey = public.customer.c_custkey)", "Plans": [{"Node Type": "Seq Scan", "Parent Relationship": "Outer", "Relation Name": "orders", "Alias": "orders", "Startup Cost": 0.0, "Total Cost": 426413.79, "Plan Rows": 14999479, "Plan Width": 8}, {"Node Type": "Hash", "Parent Relationship": "Inner", "Startup Cost": 76501.0, "Total Cost": 76501.0, "Plan Rows": 17500, "Plan Width": 32, "Plans": [{"Node Type": "Seq Scan", "Parent Relationship": "Outer", "Relation Name": "customer", "Alias": "customer", "Startup Cost": 0.0, "Total Cost": 76501.0, "Plan Rows": 17500, "Plan Width": 32, "Filter": "((c_acctbal > $0) AND (\"substring\"((c_phone)::text, 1, 2) = ANY ('{20,40,22,30,39,42,21}'::text[])))"}]}]}]}]}, "Unique SQL Id": 2798552886}, "explain_analyze_plan": null}, "(1, 11)": {"explain_plan": {"Plan": {"Node Type": "Aggregate", "Strategy": "Sorted", "Startup Cost": 3000031345967.27, "Total Cost": 3000031345967.3, "Plan Rows": 1, "Plan Width": 40, "Group By Key": ["(\"substring\"((public.customer.c_phone)::text, 1, 2))"], "Plans": [{"Node Type": "Aggregate", "Strategy": "Plain", "Parent Relationship": "exec_init_plan", "Subplan Name": "InitPlan 1 (returns $0)", "Startup Cost": 1000007650219.14, "Total Cost": 1000007650219.15, "Plan Rows": 1, "Plan Width": 40, "Plans": [{"Node Type": "Seq Scan", "Parent Relationship": "Outer", "Relation Name": "customer", "Alias": "customer", "Startup Cost": 10000000012.75, "Total Cost": 1000007650100.0, "Plan Rows": 47655, "Plan Width": 8, "Filter": "((c_acctbal > 0::double precision) AND (\"substring\"((c_phone)::text, 1, 2) = ANY ('{20,40,22,30,39,42,21}'::text[])))"}]}, {"Node Type": "Sort", "Parent Relationship": "Outer", "Startup Cost": 2000023695748.12, "Total Cost": 2000023695748.13, "Plan Rows": 1, "Plan Width": 24, "Sort Key": ["(\"substring\"((public.customer.c_phone)::text, 1, 2))"], "Plans": [{"Node Type": "Merge Join", "Parent Relationship": "Outer", "Join Type": "Anti", "Startup Cost": 20000000000.0, "Total Cost": 2000023695748.11, "Plan Rows": 1, "Plan Width": 24, "Inner Unique": false, "Merge Cond": "(public.customer.c_custkey = orders.o_custkey)", "Plans": [{"Node Type": "Index Scan", "Parent Relationship": "Outer", "Scan Direction": "Forward", "Index Name": "customer_pkey", "Relation Name": "customer", "Alias": "customer", "Startup Cost": 10000000000.0, "Total Cost": 1000010514035.62, "Plan Rows": 17500, "Plan Width": 32, "Filter": "((c_acctbal > $0) AND (\"substring\"((c_phone)::text, 1, 2) = ANY ('{20,40,22,30,39,42,21}'::text[])))"}, {"Node Type": "Index Only Scan", "Parent Relationship": "Inner", "Scan Direction": "Forward", "Index Name": "idx_orders_custkey", "Relation Name": "orders", "Alias": "orders", "Startup Cost": 10000000000.0, "Total Cost": 1000045486043.5, "Plan Rows": 14999479, "Plan Width": 8}]}]}]}, "Unique SQL Id": 2798552886}, "explain_analyze_plan": null}, "(1, 12)": {"explain_plan": {"Plan": {"Node Type": "Aggregate", "Strategy": "Sorted", "Startup Cost": 274230.77, "Total Cost": 274230.8, "Plan Rows": 1, "Plan Width": 40, "Group By Key": ["(\"substring\"((public.customer.c_phone)::text, 1, 2))"], "Plans": [{"Node Type": "Aggregate", "Strategy": "Plain", "Parent Relationship": "exec_init_plan", "Subplan Name": "InitPlan 1 (returns $0)", "Startup Cost": 76620.14, "Total Cost": 76620.15, "Plan Rows": 1, "Plan Width": 40, "Plans": [{"Node Type": "Seq Scan", "Parent Relationship": "Outer", "Relation Name": "customer", "Alias": "customer", "Startup Cost": 12.98, "Total Cost": 76501.0, "Plan Rows": 47655, "Plan Width": 8, "Filter": "((c_acctbal > 0::double precision) AND (\"substring\"((c_phone)::text, 1, 2) = ANY ('{20,40,22,30,39,42,21}'::text[])))"}]}, {"Node Type": "Sort", "Parent Relationship": "Outer", "Startup Cost": 197610.62, "Total Cost": 197610.62, "Plan Rows": 1, "Plan Width": 24, "Sort Key": ["(\"substring\"((public.customer.c_phone)::text, 1, 2))"], "Plans": [{"Node Type": "Nested Loop", "Parent Relationship": "Outer", "Join Type": "Anti", "Startup Cost": 0.0, "Total Cost": 197610.61, "Plan Rows": 1, "Plan Width": 24, "Inner Unique": false, "Plans": [{"Node Type": "Seq Scan", "Parent Relationship": "Outer", "Relation Name": "customer", "Alias": "customer", "Startup Cost": 0.0, "Total Cost": 76501.0, "Plan Rows": 17500, "Plan Width": 32, "Filter": "((c_acctbal > $0) AND (\"substring\"((c_phone)::text, 1, 2) = ANY ('{20,40,22,30,39,42,21}'::text[])))"}, {"Node Type": "Index Scan", "Parent Relationship": "Inner", "Scan Direction": "Forward", "Index Name": "idx_orders_custkey", "Relation Name": "orders", "Alias": "orders", "Startup Cost": 0.0, "Total Cost": 17.99, "Plan Rows": 4, "Plan Width": 8, "Index Cond": "(o_custkey = public.customer.c_custkey)"}]}]}]}, "Unique SQL Id": 2798552886}, "explain_analyze_plan": {"Plan": {"Node Type": "Aggregate", "Strategy": "Sorted", "Startup Cost": 274230.77, "Total Cost": 274230.8, "Plan Rows": 1, "Plan Width": 40, "Actual Startup Time": 4066.361, "Actual Total Time": 4076.734, "Actual Rows": 4, "Actual Loops": 1, "Group By Key": ["(\"substring\"((public.customer.c_phone)::text, 1, 2))"], "Plans": [{"Node Type": "Aggregate", "Strategy": "Plain", "Parent Relationship": "exec_init_plan", "Subplan Name": "InitPlan 1 (returns $0)", "Startup Cost": 76620.14, "Total Cost": 76620.15, "Plan Rows": 1, "Plan Width": 40, "Actual Startup Time": 1991.742, "Actual Total Time": 1991.742, "Actual Rows": 1, "Actual Loops": 1, "Plans": [{"Node Type": "Seq Scan", "Parent Relationship": "Outer", "Relation Name": "customer", "Alias": "customer", "Startup Cost": 12.98, "Total Cost": 76501.0, "Plan Rows": 47655, "Plan Width": 8, "Actual Startup Time": 0.028, "Actual Total Time": 1896.339, "Actual Rows": 218121, "Actual Loops": 1, "Filter": "((c_acctbal > 0::double precision) AND (\"substring\"((c_phone)::text, 1, 2) = ANY ('{20,40,22,30,39,42,21}'::text[])))", "Rows Removed by Filter": 1281879}]}, {"Node Type": "Sort", "Parent Relationship": "Outer", "Startup Cost": 197610.62, "Total Cost": 197610.62, "Plan Rows": 1, "Plan Width": 24, "Actual Startup Time": 4062.845, "Actual Total Time": 4066.44, "Actual Rows": 36604, "Actual Loops": 1, "Sort Key": ["(\"substring\"((public.customer.c_phone)::text, 1, 2))"], "Sort Method": "quicksort", "Sort Space Used": 4968, "Sort Space Type": "Memory", "Plans": [{"Node Type": "Nested Loop", "Parent Relationship": "Outer", "Join Type": "Anti", "Startup Cost": 0.0, "Total Cost": 197610.61, "Plan Rows": 1, "Plan Width": 24, "Actual Startup Time": 1991.84, "Actual Total Time": 4041.643, "Actual Rows": 36604, "Actual Loops": 1, "Inner Unique": false, "Plans": [{"Node Type": "Seq Scan", "Parent Relationship": "Outer", "Relation Name": "customer", "Alias": "customer", "Startup Cost": 0.0, "Total Cost": 76501.0, "Plan Rows": 17500, "Plan Width": 32, "Actual Startup Time": 1991.803, "Actual Total Time": 3287.835, "Actual Rows": 109197, "Actual Loops": 1, "Filter": "((c_acctbal > $0) AND (\"substring\"((c_phone)::text, 1, 2) = ANY ('{20,40,22,30,39,42,21}'::text[])))", "Rows Removed by Filter": 1390803}, {"Node Type": "Index Scan", "Parent Relationship": "Inner", "Scan Direction": "Forward", "Index Name": "idx_orders_custkey", "Relation Name": "orders", "Alias": "orders", "Startup Cost": 0.0, "Total Cost": 17.99, "Plan Rows": 4, "Plan Width": 8, "Actual Startup Time": 644.787, "Actual Total Time": 644.787, "Actual Rows": 72593, "Actual Loops": 109197, "Index Cond": "(o_custkey = public.customer.c_custkey)", "Rows Removed by Index Recheck": 0}]}]}]}, "Triggers": [], "Planner Runtime": 0.602, "Total Runtime": 4077.007, "Unique SQL Id": 2798552886}}, "(1, 13)": {"explain_plan": {"Plan": {"Node Type": "Aggregate", "Strategy": "Sorted", "Startup Cost": 1000007876469.13, "Total Cost": 1000007876469.15, "Plan Rows": 1, "Plan Width": 40, "Group By Key": ["(\"substring\"((public.customer.c_phone)::text, 1, 2))"], "Plans": [{"Node Type": "Aggregate", "Strategy": "Plain", "Parent Relationship": "exec_init_plan", "Subplan Name": "InitPlan 1 (returns $0)", "Startup Cost": 1000007650219.14, "Total Cost": 1000007650219.15, "Plan Rows": 1, "Plan Width": 40, "Plans": [{"Node Type": "Seq Scan", "Parent Relationship": "Outer", "Relation Name": "customer", "Alias": "customer", "Startup Cost": 10000000012.75, "Total Cost": 1000007650100.0, "Plan Rows": 47655, "Plan Width": 8, "Filter": "((c_acctbal > 0::double precision) AND (\"substring\"((c_phone)::text, 1, 2) = ANY ('{20,40,22,30,39,42,21}'::text[])))"}]}, {"Node Type": "Sort", "Parent Relationship": "Outer", "Startup Cost": 226249.98, "Total Cost": 226249.98, "Plan Rows": 1, "Plan Width": 24, "Sort Key": ["(\"substring\"((public.customer.c_phone)::text, 1, 2))"], "Plans": [{"Node Type": "Nested Loop", "Parent Relationship": "Outer", "Join Type": "Anti", "Startup Cost": 0.0, "Total Cost": 226249.97, "Plan Rows": 1, "Plan Width": 24, "Inner Unique": false, "Plans": [{"Node Type": "Index Scan", "Parent Relationship": "Outer", "Scan Direction": "Forward", "Index Name": "customer_pkey", "Relation Name": "customer", "Alias": "customer", "Startup Cost": 0.0, "Total Cost": 105140.36, "Plan Rows": 17500, "Plan Width": 32, "Filter": "((c_acctbal > $0) AND (\"substring\"((c_phone)::text, 1, 2) = ANY ('{20,40,22,30,39,42,21}'::text[])))"}, {"Node Type": "Index Scan", "Parent Relationship": "Inner", "Scan Direction": "Forward", "Index Name": "idx_orders_custkey", "Relation Name": "orders", "Alias": "orders", "Startup Cost": 0.0, "Total Cost": 17.99, "Plan Rows": 4, "Plan Width": 8, "Index Cond": "(o_custkey = public.customer.c_custkey)"}]}]}]}, "Unique SQL Id": 2798552886}, "explain_analyze_plan": {"Plan": {"Node Type": "Aggregate", "Strategy": "Sorted", "Startup Cost": 1000007876469.13, "Total Cost": 1000007876469.15, "Plan Rows": 1, "Plan Width": 40, "Actual Startup Time": 4435.834, "Actual Total Time": 4446.26, "Actual Rows": 4, "Actual Loops": 1, "Group By Key": ["(\"substring\"((public.customer.c_phone)::text, 1, 2))"], "Plans": [{"Node Type": "Aggregate", "Strategy": "Plain", "Parent Relationship": "exec_init_plan", "Subplan Name": "InitPlan 1 (returns $0)", "Startup Cost": 1000007650219.14, "Total Cost": 1000007650219.15, "Plan Rows": 1, "Plan Width": 40, "Actual Startup Time": 1997.317, "Actual Total Time": 1997.317, "Actual Rows": 1, "Actual Loops": 1, "Plans": [{"Node Type": "Seq Scan", "Parent Relationship": "Outer", "Relation Name": "customer", "Alias": "customer", "Startup Cost": 10000000012.75, "Total Cost": 1000007650100.0, "Plan Rows": 47655, "Plan Width": 8, "Actual Startup Time": 0.038, "Actual Total Time": 1901.983, "Actual Rows": 218121, "Actual Loops": 1, "Filter": "((c_acctbal > 0::double precision) AND (\"substring\"((c_phone)::text, 1, 2) = ANY ('{20,40,22,30,39,42,21}'::text[])))", "Rows Removed by Filter": 1281879}]}, {"Node Type": "Sort", "Parent Relationship": "Outer", "Startup Cost": 226249.98, "Total Cost": 226249.98, "Plan Rows": 1, "Plan Width": 24, "Actual Startup Time": 4432.31, "Actual Total Time": 4435.843, "Actual Rows": 36604, "Actual Loops": 1, "Sort Key": ["(\"substring\"((public.customer.c_phone)::text, 1, 2))"], "Sort Method": "quicksort", "Sort Space Used": 4968, "Sort Space Type": "Memory", "Plans": [{"Node Type": "Nested Loop", "Parent Relationship": "Outer", "Join Type": "Anti", "Startup Cost": 0.0, "Total Cost": 226249.97, "Plan Rows": 1, "Plan Width": 24, "Actual Startup Time": 1997.433, "Actual Total Time": 4411.89, "Actual Rows": 36604, "Actual Loops": 1, "Inner Unique": false, "Plans": [{"Node Type": "Index Scan", "Parent Relationship": "Outer", "Scan Direction": "Forward", "Index Name": "customer_pkey", "Relation Name": "customer", "Alias": "customer", "Startup Cost": 0.0, "Total Cost": 105140.36, "Plan Rows": 17500, "Plan Width": 32, "Actual Startup Time": 1997.392, "Actual Total Time": 3747.515, "Actual Rows": 109197, "Actual Loops": 1, "Filter": "((c_acctbal > $0) AND (\"substring\"((c_phone)::text, 1, 2) = ANY ('{20,40,22,30,39,42,21}'::text[])))", "Rows Removed by Filter": 1390803}, {"Node Type": "Index Scan", "Parent Relationship": "Inner", "Scan Direction": "Forward", "Index Name": "idx_orders_custkey", "Relation Name": "orders", "Alias": "orders", "Startup Cost": 0.0, "Total Cost": 17.99, "Plan Rows": 4, "Plan Width": 8, "Actual Startup Time": 555.838, "Actual Total Time": 555.838, "Actual Rows": 72593, "Actual Loops": 109197, "Index Cond": "(o_custkey = public.customer.c_custkey)", "Rows Removed by Index Recheck": 0}]}]}]}, "Triggers": [], "Planner Runtime": 0.606, "Total Runtime": 4446.572, "Unique SQL Id": 2798552886}}, "(1, 14)": {"explain_plan": {"Plan": {"Node Type": "Aggregate", "Strategy": "Sorted", "Startup Cost": 639751.62, "Total Cost": 639751.65, "Plan Rows": 1, "Plan Width": 40, "Group By Key": ["(\"substring\"((public.customer.c_phone)::text, 1, 2))"], "Plans": [{"Node Type": "Aggregate", "Strategy": "Plain", "Parent Relationship": "exec_init_plan", "Subplan Name": "InitPlan 1 (returns $0)", "Startup Cost": 76620.14, "Total Cost": 76620.15, "Plan Rows": 1, "Plan Width": 40, "Plans": [{"Node Type": "Seq Scan", "Parent Relationship": "Outer", "Relation Name": "customer", "Alias": "customer", "Startup Cost": 12.98, "Total Cost": 76501.0, "Plan Rows": 47655, "Plan Width": 8, "Filter": "((c_acctbal > 0::double precision) AND (\"substring\"((c_phone)::text, 1, 2) = ANY ('{20,40,22,30,39,42,21}'::text[])))"}]}, {"Node Type": "Sort", "Parent Relationship": "Outer", "Startup Cost": 563131.47, "Total Cost": 563131.48, "Plan Rows": 1, "Plan Width": 24, "Sort Key": ["(\"substring\"((public.customer.c_phone)::text, 1, 2))"], "Plans": [{"Node Type": "Hash Join", "Parent Relationship": "Outer", "Join Type": "Right Anti", "Startup Cost": 76719.75, "Total Cost": 563131.46, "Plan Rows": 1, "Plan Width": 24, "Inner Unique": true, "Hash Cond": "(orders.o_custkey = public.customer.c_custkey)", "Plans": [{"Node Type": "Seq Scan", "Parent Relationship": "Outer", "Relation Name": "orders", "Alias": "orders", "Startup Cost": 0.0, "Total Cost": 426413.79, "Plan Rows": 14999479, "Plan Width": 8}, {"Node Type": "Hash", "Parent Relationship": "Inner", "Startup Cost": 76501.0, "Total Cost": 76501.0, "Plan Rows": 17500, "Plan Width": 32, "Plans": [{"Node Type": "Seq Scan", "Parent Relationship": "Outer", "Relation Name": "customer", "Alias": "customer", "Startup Cost": 0.0, "Total Cost": 76501.0, "Plan Rows": 17500, "Plan Width": 32, "Filter": "((c_acctbal > $0) AND (\"substring\"((c_phone)::text, 1, 2) = ANY ('{20,40,22,30,39,42,21}'::text[])))"}]}]}]}]}, "Unique SQL Id": 2798552886}, "explain_analyze_plan": null}, "(1, 15)": {"explain_plan": {"Plan": {"Node Type": "Aggregate", "Strategy": "Sorted", "Startup Cost": 3000141907840.93, "Total Cost": 3000141907840.95, "Plan Rows": 1, "Plan Width": 40, "Group By Key": ["(\"substring\"((public.customer.c_phone)::text, 1, 2))"], "Plans": [{"Node Type": "Aggregate", "Strategy": "Plain", "Parent Relationship": "exec_init_plan", "Subplan Name": "InitPlan 1 (returns $0)", "Startup Cost": 1000007650219.14, "Total Cost": 1000007650219.15, "Plan Rows": 1, "Plan Width": 40, "Plans": [{"Node Type": "Seq Scan", "Parent Relationship": "Outer", "Relation Name": "customer", "Alias": "customer", "Startup Cost": 10000000012.75, "Total Cost": 1000007650100.0, "Plan Rows": 47655, "Plan Width": 8, "Filter": "((c_acctbal > 0::double precision) AND (\"substring\"((c_phone)::text, 1, 2) = ANY ('{20,40,22,30,39,42,21}'::text[])))"}]}, {"Node Type": "Sort", "Parent Relationship": "Outer", "Startup Cost": 2000134257621.78, "Total Cost": 2000134257621.78, "Plan Rows": 1, "Plan Width": 24, "Sort Key": ["(\"substring\"((public.customer.c_phone)::text, 1, 2))"], "Plans": [{"Node Type": "Merge Join", "Parent Relationship": "Outer", "Join Type": "Anti", "Startup Cost": 20000000000.0, "Total Cost": 2000134257621.77, "Plan Rows": 1, "Plan Width": 24, "Inner Unique": false, "Merge Cond": "(public.customer.c_custkey = orders.o_custkey)", "Plans": [{"Node Type": "Index Scan", "Parent Relationship": "Outer", "Scan Direction": "Forward", "Index Name": "customer_pkey", "Relation Name": "customer", "Alias": "customer", "Startup Cost": 10000000000.0, "Total Cost": 1000010514035.62, "Plan Rows": 17500, "Plan Width": 32, "Filter": "((c_acctbal > $0) AND (\"substring\"((c_phone)::text, 1, 2) = ANY ('{20,40,22,30,39,42,21}'::text[])))"}, {"Node Type": "Index Scan", "Parent Relationship": "Inner", "Scan Direction": "Forward", "Index Name": "idx_orders_custkey", "Relation Name": "orders", "Alias": "orders", "Startup Cost": 10000000000.0, "Total Cost": 1000156051529.08, "Plan Rows": 14999479, "Plan Width": 8}]}]}]}, "Unique SQL Id": 2798552886}, "explain_analyze_plan": null}, "(1, 16)": {"explain_plan": {"Plan": {"Node Type": "Aggregate", "Strategy": "Sorted", "Startup Cost": 178853.65, "Total Cost": 178853.67, "Plan Rows": 1, "Plan Width": 40, "Group By Key": ["(\"substring\"((public.customer.c_phone)::text, 1, 2))"], "Plans": [{"Node Type": "Aggregate", "Strategy": "Plain", "Parent Relationship": "exec_init_plan", "Subplan Name": "InitPlan 1 (returns $0)", "Startup Cost": 76620.14, "Total Cost": 76620.15, "Plan Rows": 1, "Plan Width": 40, "Plans": [{"Node Type": "Seq Scan", "Parent Relationship": "Outer", "Relation Name": "customer", "Alias": "customer", "Startup Cost": 12.98, "Total Cost": 76501.0, "Plan Rows": 47655, "Plan Width": 8, "Filter": "((c_acctbal > 0::double precision) AND (\"substring\"((c_phone)::text, 1, 2) = ANY ('{20,40,22,30,39,42,21}'::text[])))"}]}, {"Node Type": "Sort", "Parent Relationship": "Outer", "Startup Cost": 102233.5, "Total Cost": 102233.5, "Plan Rows": 1, "Plan Width": 24, "Sort Key": ["(\"substring\"((public.customer.c_phone)::text, 1, 2))"], "Plans": [{"Node Type": "Nested Loop", "Parent Relationship": "Outer", "Join Type": "Anti", "Startup Cost": 0.0, "Total Cost": 102233.49, "Plan Rows": 1, "Plan Width": 24, "Inner Unique": false, "Plans": [{"Node Type": "Seq Scan", "Parent Relationship": "Outer", "Relation Name": "customer", "Alias": "customer", "Startup Cost": 0.0, "Total Cost": 76501.0, "Plan Rows": 17500, "Plan Width": 32, "Filter": "((c_acctbal > $0) AND (\"substring\"((c_phone)::text, 1, 2) = ANY ('{20,40,22,30,39,42,21}'::text[])))"}, {"Node Type": "Index Only Scan", "Parent Relationship": "Inner", "Scan Direction": "Forward", "Index Name": "idx_orders_custkey", "Relation Name": "orders", "Alias": "orders", "Startup Cost": 0.0, "Total Cost": 3.79, "Plan Rows": 4, "Plan Width": 8, "Index Cond": "(o_custkey = public.customer.c_custkey)"}]}]}]}, "Unique SQL Id": 2798552886}, "explain_analyze_plan": {"Plan": {"Node Type": "Aggregate", "Strategy": "Sorted", "Startup Cost": 178853.65, "Total Cost": 178853.67, "Plan Rows": 1, "Plan Width": 40, "Actual Startup Time": 3881.351, "Actual Total Time": 3891.855, "Actual Rows": 4, "Actual Loops": 1, "Group By Key": ["(\"substring\"((public.customer.c_phone)::text, 1, 2))"], "Plans": [{"Node Type": "Aggregate", "Strategy": "Plain", "Parent Relationship": "exec_init_plan", "Subplan Name": "InitPlan 1 (returns $0)", "Startup Cost": 76620.14, "Total Cost": 76620.15, "Plan Rows": 1, "Plan Width": 40, "Actual Startup Time": 2010.36, "Actual Total Time": 2010.361, "Actual Rows": 1, "Actual Loops": 1, "Plans": [{"Node Type": "Seq Scan", "Parent Relationship": "Outer", "Relation Name": "customer", "Alias": "customer", "Startup Cost": 12.98, "Total Cost": 76501.0, "Plan Rows": 47655, "Plan Width": 8, "Actual Startup Time": 0.029, "Actual Total Time": 1914.702, "Actual Rows": 218121, "Actual Loops": 1, "Filter": "((c_acctbal > 0::double precision) AND (\"substring\"((c_phone)::text, 1, 2) = ANY ('{20,40,22,30,39,42,21}'::text[])))", "Rows Removed by Filter": 1281879}]}, {"Node Type": "Sort", "Parent Relationship": "Outer", "Startup Cost": 102233.5, "Total Cost": 102233.5, "Plan Rows": 1, "Plan Width": 24, "Actual Startup Time": 3877.781, "Actual Total Time": 3881.447, "Actual Rows": 36604, "Actual Loops": 1, "Sort Key": ["(\"substring\"((public.customer.c_phone)::text, 1, 2))"], "Sort Method": "quicksort", "Sort Space Used": 4968, "Sort Space Type": "Memory", "Plans": [{"Node Type": "Nested Loop", "Parent Relationship": "Outer", "Join Type": "Anti", "Startup Cost": 0.0, "Total Cost": 102233.49, "Plan Rows": 1, "Plan Width": 24, "Actual Startup Time": 2010.457, "Actual Total Time": 3857.027, "Actual Rows": 36604, "Actual Loops": 1, "Inner Unique": false, "Plans": [{"Node Type": "Seq Scan", "Parent Relationship": "Outer", "Relation Name": "customer", "Alias": "customer", "Startup Cost": 0.0, "Total Cost": 76501.0, "Plan Rows": 17500, "Plan Width": 32, "Actual Startup Time": 2010.414, "Actual Total Time": 3294.32, "Actual Rows": 109197, "Actual Loops": 1, "Filter": "((c_acctbal > $0) AND (\"substring\"((c_phone)::text, 1, 2) = ANY ('{20,40,22,30,39,42,21}'::text[])))", "Rows Removed by Filter": 1390803}, {"Node Type": "Index Only Scan", "Parent Relationship": "Inner", "Scan Direction": "Forward", "Index Name": "idx_orders_custkey", "Relation Name": "orders", "Alias": "orders", "Startup Cost": 0.0, "Total Cost": 3.79, "Plan Rows": 4, "Plan Width": 8, "Actual Startup Time": 460.774, "Actual Total Time": 460.774, "Actual Rows": 72593, "Actual Loops": 109197, "Index Cond": "(o_custkey = public.customer.c_custkey)", "Rows Removed by Index Recheck": 0, "Heap Fetches": 0}]}]}]}, "Triggers": [], "Planner Runtime": 0.607, "Total Runtime": 3892.138, "Unique SQL Id": 2798552886}}, "(1, 17)": {"explain_plan": {"Plan": {"Node Type": "Aggregate", "Strategy": "Sorted", "Startup Cost": 1000007781092.0, "Total Cost": 1000007781092.03, "Plan Rows": 1, "Plan Width": 40, "Group By Key": ["(\"substring\"((public.customer.c_phone)::text, 1, 2))"], "Plans": [{"Node Type": "Aggregate", "Strategy": "Plain", "Parent Relationship": "exec_init_plan", "Subplan Name": "InitPlan 1 (returns $0)", "Startup Cost": 1000007650219.14, "Total Cost": 1000007650219.15, "Plan Rows": 1, "Plan Width": 40, "Plans": [{"Node Type": "Seq Scan", "Parent Relationship": "Outer", "Relation Name": "customer", "Alias": "customer", "Startup Cost": 10000000012.75, "Total Cost": 1000007650100.0, "Plan Rows": 47655, "Plan Width": 8, "Filter": "((c_acctbal > 0::double precision) AND (\"substring\"((c_phone)::text, 1, 2) = ANY ('{20,40,22,30,39,42,21}'::text[])))"}]}, {"Node Type": "Sort", "Parent Relationship": "Outer", "Startup Cost": 130872.85, "Total Cost": 130872.86, "Plan Rows": 1, "Plan Width": 24, "Sort Key": ["(\"substring\"((public.customer.c_phone)::text, 1, 2))"], "Plans": [{"Node Type": "Nested Loop", "Parent Relationship": "Outer", "Join Type": "Anti", "Startup Cost": 0.0, "Total Cost": 130872.84, "Plan Rows": 1, "Plan Width": 24, "Inner Unique": false, "Plans": [{"Node Type": "Index Scan", "Parent Relationship": "Outer", "Scan Direction": "Forward", "Index Name": "customer_pkey", "Relation Name": "customer", "Alias": "customer", "Startup Cost": 0.0, "Total Cost": 105140.36, "Plan Rows": 17500, "Plan Width": 32, "Filter": "((c_acctbal > $0) AND (\"substring\"((c_phone)::text, 1, 2) = ANY ('{20,40,22,30,39,42,21}'::text[])))"}, {"Node Type": "Index Only Scan", "Parent Relationship": "Inner", "Scan Direction": "Forward", "Index Name": "idx_orders_custkey", "Relation Name": "orders", "Alias": "orders", "Startup Cost": 0.0, "Total Cost": 3.79, "Plan Rows": 4, "Plan Width": 8, "Index Cond": "(o_custkey = public.customer.c_custkey)"}]}]}]}, "Unique SQL Id": 2798552886}, "explain_analyze_plan": {"Plan": {"Node Type": "Aggregate", "Strategy": "Sorted", "Startup Cost": 1000007781092.0, "Total Cost": 1000007781092.03, "Plan Rows": 1, "Plan Width": 40, "Actual Startup Time": 4453.89, "Actual Total Time": 4464.091, "Actual Rows": 4, "Actual Loops": 1, "Group By Key": ["(\"substring\"((public.customer.c_phone)::text, 1, 2))"], "Plans": [{"Node Type": "Aggregate", "Strategy": "Plain", "Parent Relationship": "exec_init_plan", "Subplan Name": "InitPlan 1 (returns $0)", "Startup Cost": 1000007650219.14, "Total Cost": 1000007650219.15, "Plan Rows": 1, "Plan Width": 40, "Actual Startup Time": 1990.397, "Actual Total Time": 1990.398, "Actual Rows": 1, "Actual Loops": 1, "Plans": [{"Node Type": "Seq Scan", "Parent Relationship": "Outer", "Relation Name": "customer", "Alias": "customer", "Startup Cost": 10000000012.75, "Total Cost": 1000007650100.0, "Plan Rows": 47655, "Plan Width": 8, "Actual Startup Time": 0.036, "Actual Total Time": 1895.081, "Actual Rows": 218121, "Actual Loops": 1, "Filter": "((c_acctbal > 0::double precision) AND (\"substring\"((c_phone)::text, 1, 2) = ANY ('{20,40,22,30,39,42,21}'::text[])))", "Rows Removed by Filter": 1281879}]}, {"Node Type": "Sort", "Parent Relationship": "Outer", "Startup Cost": 130872.85, "Total Cost": 130872.86, "Plan Rows": 1, "Plan Width": 24, "Actual Startup Time": 4450.398, "Actual Total Time": 4453.934, "Actual Rows": 36604, "Actual Loops": 1, "Sort Key": ["(\"substring\"((public.customer.c_phone)::text, 1, 2))"], "Sort Method": "quicksort", "Sort Space Used": 4968, "Sort Space Type": "Memory", "Plans": [{"Node Type": "Nested Loop", "Parent Relationship": "Outer", "Join Type": "Anti", "Startup Cost": 0.0, "Total Cost": 130872.84, "Plan Rows": 1, "Plan Width": 24, "Actual Startup Time": 1990.521, "Actual Total Time": 4429.799, "Actual Rows": 36604, "Actual Loops": 1, "Inner Unique": false, "Plans": [{"Node Type": "Index Scan", "Parent Relationship": "Outer", "Scan Direction": "Forward", "Index Name": "customer_pkey", "Relation Name": "customer", "Alias": "customer", "Startup Cost": 0.0, "Total Cost": 105140.36, "Plan Rows": 17500, "Plan Width": 32, "Actual Startup Time": 1990.477, "Actual Total Time": 3857.715, "Actual Rows": 109197, "Actual Loops": 1, "Filter": "((c_acctbal > $0) AND (\"substring\"((c_phone)::text, 1, 2) = ANY ('{20,40,22,30,39,42,21}'::text[])))", "Rows Removed by Filter": 1390803}, {"Node Type": "Index Only Scan", "Parent Relationship": "Inner", "Scan Direction": "Forward", "Index Name": "idx_orders_custkey", "Relation Name": "orders", "Alias": "orders", "Startup Cost": 0.0, "Total Cost": 3.79, "Plan Rows": 4, "Plan Width": 8, "Actual Startup Time": 469.636, "Actual Total Time": 469.636, "Actual Rows": 72593, "Actual Loops": 109197, "Index Cond": "(o_custkey = public.customer.c_custkey)", "Rows Removed by Index Recheck": 0, "Heap Fetches": 0}]}]}]}, "Triggers": [], "Planner Runtime": 0.607, "Total Runtime": 4464.404, "Unique SQL Id": 2798552886}}, "(1, 18)": {"explain_plan": {"Plan": {"Node Type": "Aggregate", "Strategy": "Sorted", "Startup Cost": 326543.86, "Total Cost": 326543.89, "Plan Rows": 1, "Plan Width": 40, "Group By Key": ["(\"substring\"((public.customer.c_phone)::text, 1, 2))"], "Plans": [{"Node Type": "Aggregate", "Strategy": "Plain", "Parent Relationship": "exec_init_plan", "Subplan Name": "InitPlan 1 (returns $0)", "Startup Cost": 76620.14, "Total Cost": 76620.15, "Plan Rows": 1, "Plan Width": 40, "Plans": [{"Node Type": "Seq Scan", "Parent Relationship": "Outer", "Relation Name": "customer", "Alias": "customer", "Startup Cost": 12.98, "Total Cost": 76501.0, "Plan Rows": 47655, "Plan Width": 8, "Filter": "((c_acctbal > 0::double precision) AND (\"substring\"((c_phone)::text, 1, 2) = ANY ('{20,40,22,30,39,42,21}'::text[])))"}]}, {"Node Type": "Sort", "Parent Relationship": "Outer", "Startup Cost": 249923.71, "Total Cost": 249923.72, "Plan Rows": 1, "Plan Width": 24, "Sort Key": ["(\"substring\"((public.customer.c_phone)::text, 1, 2))"], "Plans": [{"Node Type": "Nested Loop", "Parent Relationship": "Outer", "Join Type": "Anti", "Startup Cost": 3.75, "Total Cost": 249923.7, "Plan Rows": 1, "Plan Width": 24, "Inner Unique": false, "Plans": [{"Node Type": "Seq Scan", "Parent Relationship": "Outer", "Relation Name": "customer", "Alias": "customer", "Startup Cost": 0.0, "Total Cost": 76501.0, "Plan Rows": 17500, "Plan Width": 32, "Filter": "((c_acctbal > $0) AND (\"substring\"((c_phone)::text, 1, 2) = ANY ('{20,40,22,30,39,42,21}'::text[])))"}, {"Node Type": "Bitmap Heap Scan", "Parent Relationship": "Inner", "Relation Name": "orders", "Alias": "orders", "Startup Cost": 3.75, "Total Cost": 19.76, "Plan Rows": 4, "Plan Width": 8, "Recheck Cond": "(o_custkey = public.customer.c_custkey)", "Plans": [{"Node Type": "Bitmap Index Scan", "Parent Relationship": "Outer", "Index Name": "idx_orders_custkey", "Startup Cost": 0.0, "Total Cost": 3.75, "Plan Rows": 4, "Plan Width": 0, "Index Cond": "(o_custkey = public.customer.c_custkey)"}]}]}]}]}, "Unique SQL Id": 2798552886}, "explain_analyze_plan": {"Plan": {"Node Type": "Aggregate", "Strategy": "Sorted", "Startup Cost": 326543.86, "Total Cost": 326543.89, "Plan Rows": 1, "Plan Width": 40, "Actual Startup Time": 4467.914, "Actual Total Time": 4478.319, "Actual Rows": 4, "Actual Loops": 1, "Group By Key": ["(\"substring\"((public.customer.c_phone)::text, 1, 2))"], "Plans": [{"Node Type": "Aggregate", "Strategy": "Plain", "Parent Relationship": "exec_init_plan", "Subplan Name": "InitPlan 1 (returns $0)", "Startup Cost": 76620.14, "Total Cost": 76620.15, "Plan Rows": 1, "Plan Width": 40, "Actual Startup Time": 1998.25, "Actual Total Time": 1998.25, "Actual Rows": 1, "Actual Loops": 1, "Plans": [{"Node Type": "Seq Scan", "Parent Relationship": "Outer", "Relation Name": "customer", "Alias": "customer", "Startup Cost": 12.98, "Total Cost": 76501.0, "Plan Rows": 47655, "Plan Width": 8, "Actual Startup Time": 0.027, "Actual Total Time": 1903.14, "Actual Rows": 218121, "Actual Loops": 1, "Filter": "((c_acctbal > 0::double precision) AND (\"substring\"((c_phone)::text, 1, 2) = ANY ('{20,40,22,30,39,42,21}'::text[])))", "Rows Removed by Filter": 1281879}]}, {"Node Type": "Sort", "Parent Relationship": "Outer", "Startup Cost": 249923.71, "Total Cost": 249923.72, "Plan Rows": 1, "Plan Width": 24, "Actual Startup Time": 4464.389, "Actual Total Time": 4467.967, "Actual Rows": 36604, "Actual Loops": 1, "Sort Key": ["(\"substring\"((public.customer.c_phone)::text, 1, 2))"], "Sort Method": "quicksort", "Sort Space Used": 4968, "Sort Space Type": "Memory", "Plans": [{"Node Type": "Nested Loop", "Parent Relationship": "Outer", "Join Type": "Anti", "Startup Cost": 3.75, "Total Cost": 249923.7, "Plan Rows": 1, "Plan Width": 24, "Actual Startup Time": 1998.373, "Actual Total Time": 4442.474, "Actual Rows": 36604, "Actual Loops": 1, "Inner Unique": false, "Plans": [{"Node Type": "Seq Scan", "Parent Relationship": "Outer", "Relation Name": "customer", "Alias": "customer", "Startup Cost": 0.0, "Total Cost": 76501.0, "Plan Rows": 17500, "Plan Width": 32, "Actual Startup Time": 1998.311, "Actual Total Time": 3303.891, "Actual Rows": 109197, "Actual Loops": 1, "Filter": "((c_acctbal > $0) AND (\"substring\"((c_phone)::text, 1, 2) = ANY ('{20,40,22,30,39,42,21}'::text[])))", "Rows Removed by Filter": 1390803}, {"Node Type": "Bitmap Heap Scan", "Parent Relationship": "Inner", "Relation Name": "orders", "Alias": "orders", "Startup Cost": 3.75, "Total Cost": 19.76, "Plan Rows": 4, "Plan Width": 8, "Actual Startup Time": 951.823, "Actual Total Time": 951.823, "Actual Rows": 72593, "Actual Loops": 109197, "Recheck Cond": "(o_custkey = public.customer.c_custkey)", "Rows Removed by Index Recheck": 0, "Exact Heap Blocks": 72593, "Lossy Heap Blocks": 72593, "Plans": [{"Node Type": "Bitmap Index Scan", "Parent Relationship": "Outer", "Index Name": "idx_orders_custkey", "Startup Cost": 0.0, "Total Cost": 3.75, "Plan Rows": 4, "Plan Width": 0, "Actual Startup Time": 597.509, "Actual Total Time": 597.509, "Actual Rows": 1091631, "Actual Loops": 109197, "Index Cond": "(o_custkey = public.customer.c_custkey)"}]}]}]}]}, "Triggers": [], "Planner Runtime": 0.604, "Total Runtime": 4478.631, "Unique SQL Id": 2798552886}}, "(1, 19)": {"explain_plan": {"Plan": {"Node Type": "Aggregate", "Strategy": "Sorted", "Startup Cost": 2000018337677.48, "Total Cost": 2000018337677.51, "Plan Rows": 1, "Plan Width": 40, "Group By Key": ["(\"substring\"((public.customer.c_phone)::text, 1, 2))"], "Plans": [{"Node Type": "Aggregate", "Strategy": "Plain", "Parent Relationship": "exec_init_plan", "Subplan Name": "InitPlan 1 (returns $0)", "Startup Cost": 1000007650219.14, "Total Cost": 1000007650219.15, "Plan Rows": 1, "Plan Width": 40, "Plans": [{"Node Type": "Seq Scan", "Parent Relationship": "Outer", "Relation Name": "customer", "Alias": "customer", "Startup Cost": 10000000012.75, "Total Cost": 1000007650100.0, "Plan Rows": 47655, "Plan Width": 8, "Filter": "((c_acctbal > 0::double precision) AND (\"substring\"((c_phone)::text, 1, 2) = ANY ('{20,40,22,30,39,42,21}'::text[])))"}]}, {"Node Type": "Sort", "Parent Relationship": "Outer", "Startup Cost": 1000010687458.33, "Total Cost": 1000010687458.34, "Plan Rows": 1, "Plan Width": 24, "Sort Key": ["(\"substring\"((public.customer.c_phone)::text, 1, 2))"], "Plans": [{"Node Type": "Nested Loop", "Parent Relationship": "Outer", "Join Type": "Anti", "Startup Cost": 10000000003.75, "Total Cost": 1000010687458.32, "Plan Rows": 1, "Plan Width": 24, "Inner Unique": false, "Plans": [{"Node Type": "Index Scan", "Parent Relationship": "Outer", "Scan Direction": "Forward", "Index Name": "customer_pkey", "Relation Name": "customer", "Alias": "customer", "Startup Cost": 10000000000.0, "Total Cost": 1000010514035.62, "Plan Rows": 17500, "Plan Width": 32, "Filter": "((c_acctbal > $0) AND (\"substring\"((c_phone)::text, 1, 2) = ANY ('{20,40,22,30,39,42,21}'::text[])))"}, {"Node Type": "Bitmap Heap Scan", "Parent Relationship": "Inner", "Relation Name": "orders", "Alias": "orders", "Startup Cost": 3.75, "Total Cost": 19.76, "Plan Rows": 4, "Plan Width": 8, "Recheck Cond": "(o_custkey = public.customer.c_custkey)", "Plans": [{"Node Type": "Bitmap Index Scan", "Parent Relationship": "Outer", "Index Name": "idx_orders_custkey", "Startup Cost": 0.0, "Total Cost": 3.75, "Plan Rows": 4, "Plan Width": 0, "Index Cond": "(o_custkey = public.customer.c_custkey)"}]}]}]}]}, "Unique SQL Id": 2798552886}, "explain_analyze_plan": {"Plan": {"Node Type": "Aggregate", "Strategy": "Sorted", "Startup Cost": 2000018337677.48, "Total Cost": 2000018337677.51, "Plan Rows": 1, "Plan Width": 40, "Actual Startup Time": 4938.481, "Actual Total Time": 4948.912, "Actual Rows": 4, "Actual Loops": 1, "Group By Key": ["(\"substring\"((public.customer.c_phone)::text, 1, 2))"], "Plans": [{"Node Type": "Aggregate", "Strategy": "Plain", "Parent Relationship": "exec_init_plan", "Subplan Name": "InitPlan 1 (returns $0)", "Startup Cost": 1000007650219.14, "Total Cost": 1000007650219.15, "Plan Rows": 1, "Plan Width": 40, "Actual Startup Time": 1989.173, "Actual Total Time": 1989.174, "Actual Rows": 1, "Actual Loops": 1, "Plans": [{"Node Type": "Seq Scan", "Parent Relationship": "Outer", "Relation Name": "customer", "Alias": "customer", "Startup Cost": 10000000012.75, "Total Cost": 1000007650100.0, "Plan Rows": 47655, "Plan Width": 8, "Actual Startup Time": 0.032, "Actual Total Time": 1894.45, "Actual Rows": 218121, "Actual Loops": 1, "Filter": "((c_acctbal > 0::double precision) AND (\"substring\"((c_phone)::text, 1, 2) = ANY ('{20,40,22,30,39,42,21}'::text[])))", "Rows Removed by Filter": 1281879}]}, {"Node Type": "Sort", "Parent Relationship": "Outer", "Startup Cost": 1000010687458.33, "Total Cost": 1000010687458.34, "Plan Rows": 1, "Plan Width": 24, "Actual Startup Time": 4934.953, "Actual Total Time": 4938.537, "Actual Rows": 36604, "Actual Loops": 1, "Sort Key": ["(\"substring\"((public.customer.c_phone)::text, 1, 2))"], "Sort Method": "quicksort", "Sort Space Used": 4968, "Sort Space Type": "Memory", "Plans": [{"Node Type": "Nested Loop", "Parent Relationship": "Outer", "Join Type": "Anti", "Startup Cost": 10000000003.75, "Total Cost": 1000010687458.32, "Plan Rows": 1, "Plan Width": 24, "Actual Startup Time": 1989.319, "Actual Total Time": 4912.858, "Actual Rows": 36604, "Actual Loops": 1, "Inner Unique": false, "Plans": [{"Node Type": "Index Scan", "Parent Relationship": "Outer", "Scan Direction": "Forward", "Index Name": "customer_pkey", "Relation Name": "customer", "Alias": "customer", "Startup Cost": 10000000000.0, "Total Cost": 1000010514035.62, "Plan Rows": 17500, "Plan Width": 32, "Actual Startup Time": 1989.251, "Actual Total Time": 3801.63, "Actual Rows": 109197, "Actual Loops": 1, "Filter": "((c_acctbal > $0) AND (\"substring\"((c_phone)::text, 1, 2) = ANY ('{20,40,22,30,39,42,21}'::text[])))", "Rows Removed by Filter": 1390803}, {"Node Type": "Bitmap Heap Scan", "Parent Relationship": "Inner", "Relation Name": "orders", "Alias": "orders", "Startup Cost": 3.75, "Total Cost": 19.76, "Plan Rows": 4, "Plan Width": 8, "Actual Startup Time": 921.241, "Actual Total Time": 921.241, "Actual Rows": 72593, "Actual Loops": 109197, "Recheck Cond": "(o_custkey = public.customer.c_custkey)", "Rows Removed by Index Recheck": 0, "Exact Heap Blocks": 72593, "Lossy Heap Blocks": 72593, "Plans": [{"Node Type": "Bitmap Index Scan", "Parent Relationship": "Outer", "Index Name": "idx_orders_custkey", "Startup Cost": 0.0, "Total Cost": 3.75, "Plan Rows": 4, "Plan Width": 0, "Actual Startup Time": 578.575, "Actual Total Time": 578.575, "Actual Rows": 1091631, "Actual Loops": 109197, "Index Cond": "(o_custkey = public.customer.c_custkey)"}]}]}]}]}, "Triggers": [], "Planner Runtime": 0.609, "Total Runtime": 4949.194, "Unique SQL Id": 2798552886}}, "(1, 20)": {"explain_plan": {"Plan": {"Node Type": "Aggregate", "Strategy": "Sorted", "Startup Cost": 274230.77, "Total Cost": 274230.8, "Plan Rows": 1, "Plan Width": 40, "Group By Key": ["(\"substring\"((public.customer.c_phone)::text, 1, 2))"], "Plans": [{"Node Type": "Aggregate", "Strategy": "Plain", "Parent Relationship": "exec_init_plan", "Subplan Name": "InitPlan 1 (returns $0)", "Startup Cost": 76620.14, "Total Cost": 76620.15, "Plan Rows": 1, "Plan Width": 40, "Plans": [{"Node Type": "Seq Scan", "Parent Relationship": "Outer", "Relation Name": "customer", "Alias": "customer", "Startup Cost": 12.98, "Total Cost": 76501.0, "Plan Rows": 47655, "Plan Width": 8, "Filter": "((c_acctbal > 0::double precision) AND (\"substring\"((c_phone)::text, 1, 2) = ANY ('{20,40,22,30,39,42,21}'::text[])))"}]}, {"Node Type": "Sort", "Parent Relationship": "Outer", "Startup Cost": 197610.62, "Total Cost": 197610.62, "Plan Rows": 1, "Plan Width": 24, "Sort Key": ["(\"substring\"((public.customer.c_phone)::text, 1, 2))"], "Plans": [{"Node Type": "Nested Loop", "Parent Relationship": "Outer", "Join Type": "Anti", "Startup Cost": 0.0, "Total Cost": 197610.61, "Plan Rows": 1, "Plan Width": 24, "Inner Unique": false, "Plans": [{"Node Type": "Seq Scan", "Parent Relationship": "Outer", "Relation Name": "customer", "Alias": "customer", "Startup Cost": 0.0, "Total Cost": 76501.0, "Plan Rows": 17500, "Plan Width": 32, "Filter": "((c_acctbal > $0) AND (\"substring\"((c_phone)::text, 1, 2) = ANY ('{20,40,22,30,39,42,21}'::text[])))"}, {"Node Type": "Index Scan", "Parent Relationship": "Inner", "Scan Direction": "Forward", "Index Name": "idx_orders_custkey", "Relation Name": "orders", "Alias": "orders", "Startup Cost": 0.0, "Total Cost": 17.99, "Plan Rows": 4, "Plan Width": 8, "Index Cond": "(o_custkey = public.customer.c_custkey)"}]}]}]}, "Unique SQL Id": 2798552886}, "explain_analyze_plan": {"Plan": {"Node Type": "Aggregate", "Strategy": "Sorted", "Startup Cost": 274230.77, "Total Cost": 274230.8, "Plan Rows": 1, "Plan Width": 40, "Actual Startup Time": 4066.361, "Actual Total Time": 4076.734, "Actual Rows": 4, "Actual Loops": 1, "Group By Key": ["(\"substring\"((public.customer.c_phone)::text, 1, 2))"], "Plans": [{"Node Type": "Aggregate", "Strategy": "Plain", "Parent Relationship": "exec_init_plan", "Subplan Name": "InitPlan 1 (returns $0)", "Startup Cost": 76620.14, "Total Cost": 76620.15, "Plan Rows": 1, "Plan Width": 40, "Actual Startup Time": 1991.742, "Actual Total Time": 1991.742, "Actual Rows": 1, "Actual Loops": 1, "Plans": [{"Node Type": "Seq Scan", "Parent Relationship": "Outer", "Relation Name": "customer", "Alias": "customer", "Startup Cost": 12.98, "Total Cost": 76501.0, "Plan Rows": 47655, "Plan Width": 8, "Actual Startup Time": 0.028, "Actual Total Time": 1896.339, "Actual Rows": 218121, "Actual Loops": 1, "Filter": "((c_acctbal > 0::double precision) AND (\"substring\"((c_phone)::text, 1, 2) = ANY ('{20,40,22,30,39,42,21}'::text[])))", "Rows Removed by Filter": 1281879}]}, {"Node Type": "Sort", "Parent Relationship": "Outer", "Startup Cost": 197610.62, "Total Cost": 197610.62, "Plan Rows": 1, "Plan Width": 24, "Actual Startup Time": 4062.845, "Actual Total Time": 4066.44, "Actual Rows": 36604, "Actual Loops": 1, "Sort Key": ["(\"substring\"((public.customer.c_phone)::text, 1, 2))"], "Sort Method": "quicksort", "Sort Space Used": 4968, "Sort Space Type": "Memory", "Plans": [{"Node Type": "Nested Loop", "Parent Relationship": "Outer", "Join Type": "Anti", "Startup Cost": 0.0, "Total Cost": 197610.61, "Plan Rows": 1, "Plan Width": 24, "Actual Startup Time": 1991.84, "Actual Total Time": 4041.643, "Actual Rows": 36604, "Actual Loops": 1, "Inner Unique": false, "Plans": [{"Node Type": "Seq Scan", "Parent Relationship": "Outer", "Relation Name": "customer", "Alias": "customer", "Startup Cost": 0.0, "Total Cost": 76501.0, "Plan Rows": 17500, "Plan Width": 32, "Actual Startup Time": 1991.803, "Actual Total Time": 3287.835, "Actual Rows": 109197, "Actual Loops": 1, "Filter": "((c_acctbal > $0) AND (\"substring\"((c_phone)::text, 1, 2) = ANY ('{20,40,22,30,39,42,21}'::text[])))", "Rows Removed by Filter": 1390803}, {"Node Type": "Index Scan", "Parent Relationship": "Inner", "Scan Direction": "Forward", "Index Name": "idx_orders_custkey", "Relation Name": "orders", "Alias": "orders", "Startup Cost": 0.0, "Total Cost": 17.99, "Plan Rows": 4, "Plan Width": 8, "Actual Startup Time": 644.787, "Actual Total Time": 644.787, "Actual Rows": 72593, "Actual Loops": 109197, "Index Cond": "(o_custkey = public.customer.c_custkey)", "Rows Removed by Index Recheck": 0}]}]}]}, "Triggers": [], "Planner Runtime": 0.602, "Total Runtime": 4077.007, "Unique SQL Id": 2798552886}}, "(1, 21)": {"explain_plan": {"Plan": {"Node Type": "Aggregate", "Strategy": "Sorted", "Startup Cost": 1000007876469.13, "Total Cost": 1000007876469.15, "Plan Rows": 1, "Plan Width": 40, "Group By Key": ["(\"substring\"((public.customer.c_phone)::text, 1, 2))"], "Plans": [{"Node Type": "Aggregate", "Strategy": "Plain", "Parent Relationship": "exec_init_plan", "Subplan Name": "InitPlan 1 (returns $0)", "Startup Cost": 1000007650219.14, "Total Cost": 1000007650219.15, "Plan Rows": 1, "Plan Width": 40, "Plans": [{"Node Type": "Seq Scan", "Parent Relationship": "Outer", "Relation Name": "customer", "Alias": "customer", "Startup Cost": 10000000012.75, "Total Cost": 1000007650100.0, "Plan Rows": 47655, "Plan Width": 8, "Filter": "((c_acctbal > 0::double precision) AND (\"substring\"((c_phone)::text, 1, 2) = ANY ('{20,40,22,30,39,42,21}'::text[])))"}]}, {"Node Type": "Sort", "Parent Relationship": "Outer", "Startup Cost": 226249.98, "Total Cost": 226249.98, "Plan Rows": 1, "Plan Width": 24, "Sort Key": ["(\"substring\"((public.customer.c_phone)::text, 1, 2))"], "Plans": [{"Node Type": "Nested Loop", "Parent Relationship": "Outer", "Join Type": "Anti", "Startup Cost": 0.0, "Total Cost": 226249.97, "Plan Rows": 1, "Plan Width": 24, "Inner Unique": false, "Plans": [{"Node Type": "Index Scan", "Parent Relationship": "Outer", "Scan Direction": "Forward", "Index Name": "customer_pkey", "Relation Name": "customer", "Alias": "customer", "Startup Cost": 0.0, "Total Cost": 105140.36, "Plan Rows": 17500, "Plan Width": 32, "Filter": "((c_acctbal > $0) AND (\"substring\"((c_phone)::text, 1, 2) = ANY ('{20,40,22,30,39,42,21}'::text[])))"}, {"Node Type": "Index Scan", "Parent Relationship": "Inner", "Scan Direction": "Forward", "Index Name": "idx_orders_custkey", "Relation Name": "orders", "Alias": "orders", "Startup Cost": 0.0, "Total Cost": 17.99, "Plan Rows": 4, "Plan Width": 8, "Index Cond": "(o_custkey = public.customer.c_custkey)"}]}]}]}, "Unique SQL Id": 2798552886}, "explain_analyze_plan": {"Plan": {"Node Type": "Aggregate", "Strategy": "Sorted", "Startup Cost": 1000007876469.13, "Total Cost": 1000007876469.15, "Plan Rows": 1, "Plan Width": 40, "Actual Startup Time": 4435.834, "Actual Total Time": 4446.26, "Actual Rows": 4, "Actual Loops": 1, "Group By Key": ["(\"substring\"((public.customer.c_phone)::text, 1, 2))"], "Plans": [{"Node Type": "Aggregate", "Strategy": "Plain", "Parent Relationship": "exec_init_plan", "Subplan Name": "InitPlan 1 (returns $0)", "Startup Cost": 1000007650219.14, "Total Cost": 1000007650219.15, "Plan Rows": 1, "Plan Width": 40, "Actual Startup Time": 1997.317, "Actual Total Time": 1997.317, "Actual Rows": 1, "Actual Loops": 1, "Plans": [{"Node Type": "Seq Scan", "Parent Relationship": "Outer", "Relation Name": "customer", "Alias": "customer", "Startup Cost": 10000000012.75, "Total Cost": 1000007650100.0, "Plan Rows": 47655, "Plan Width": 8, "Actual Startup Time": 0.038, "Actual Total Time": 1901.983, "Actual Rows": 218121, "Actual Loops": 1, "Filter": "((c_acctbal > 0::double precision) AND (\"substring\"((c_phone)::text, 1, 2) = ANY ('{20,40,22,30,39,42,21}'::text[])))", "Rows Removed by Filter": 1281879}]}, {"Node Type": "Sort", "Parent Relationship": "Outer", "Startup Cost": 226249.98, "Total Cost": 226249.98, "Plan Rows": 1, "Plan Width": 24, "Actual Startup Time": 4432.31, "Actual Total Time": 4435.843, "Actual Rows": 36604, "Actual Loops": 1, "Sort Key": ["(\"substring\"((public.customer.c_phone)::text, 1, 2))"], "Sort Method": "quicksort", "Sort Space Used": 4968, "Sort Space Type": "Memory", "Plans": [{"Node Type": "Nested Loop", "Parent Relationship": "Outer", "Join Type": "Anti", "Startup Cost": 0.0, "Total Cost": 226249.97, "Plan Rows": 1, "Plan Width": 24, "Actual Startup Time": 1997.433, "Actual Total Time": 4411.89, "Actual Rows": 36604, "Actual Loops": 1, "Inner Unique": false, "Plans": [{"Node Type": "Index Scan", "Parent Relationship": "Outer", "Scan Direction": "Forward", "Index Name": "customer_pkey", "Relation Name": "customer", "Alias": "customer", "Startup Cost": 0.0, "Total Cost": 105140.36, "Plan Rows": 17500, "Plan Width": 32, "Actual Startup Time": 1997.392, "Actual Total Time": 3747.515, "Actual Rows": 109197, "Actual Loops": 1, "Filter": "((c_acctbal > $0) AND (\"substring\"((c_phone)::text, 1, 2) = ANY ('{20,40,22,30,39,42,21}'::text[])))", "Rows Removed by Filter": 1390803}, {"Node Type": "Index Scan", "Parent Relationship": "Inner", "Scan Direction": "Forward", "Index Name": "idx_orders_custkey", "Relation Name": "orders", "Alias": "orders", "Startup Cost": 0.0, "Total Cost": 17.99, "Plan Rows": 4, "Plan Width": 8, "Actual Startup Time": 555.838, "Actual Total Time": 555.838, "Actual Rows": 72593, "Actual Loops": 109197, "Index Cond": "(o_custkey = public.customer.c_custkey)", "Rows Removed by Index Recheck": 0}]}]}]}, "Triggers": [], "Planner Runtime": 0.606, "Total Runtime": 4446.572, "Unique SQL Id": 2798552886}}, "(1, 22)": {"explain_plan": {"Plan": {"Node Type": "Aggregate", "Strategy": "Sorted", "Startup Cost": 326543.86, "Total Cost": 326543.89, "Plan Rows": 1, "Plan Width": 40, "Group By Key": ["(\"substring\"((public.customer.c_phone)::text, 1, 2))"], "Plans": [{"Node Type": "Aggregate", "Strategy": "Plain", "Parent Relationship": "exec_init_plan", "Subplan Name": "InitPlan 1 (returns $0)", "Startup Cost": 76620.14, "Total Cost": 76620.15, "Plan Rows": 1, "Plan Width": 40, "Plans": [{"Node Type": "Seq Scan", "Parent Relationship": "Outer", "Relation Name": "customer", "Alias": "customer", "Startup Cost": 12.98, "Total Cost": 76501.0, "Plan Rows": 47655, "Plan Width": 8, "Filter": "((c_acctbal > 0::double precision) AND (\"substring\"((c_phone)::text, 1, 2) = ANY ('{20,40,22,30,39,42,21}'::text[])))"}]}, {"Node Type": "Sort", "Parent Relationship": "Outer", "Startup Cost": 249923.71, "Total Cost": 249923.72, "Plan Rows": 1, "Plan Width": 24, "Sort Key": ["(\"substring\"((public.customer.c_phone)::text, 1, 2))"], "Plans": [{"Node Type": "Nested Loop", "Parent Relationship": "Outer", "Join Type": "Anti", "Startup Cost": 3.75, "Total Cost": 249923.7, "Plan Rows": 1, "Plan Width": 24, "Inner Unique": false, "Plans": [{"Node Type": "Seq Scan", "Parent Relationship": "Outer", "Relation Name": "customer", "Alias": "customer", "Startup Cost": 0.0, "Total Cost": 76501.0, "Plan Rows": 17500, "Plan Width": 32, "Filter": "((c_acctbal > $0) AND (\"substring\"((c_phone)::text, 1, 2) = ANY ('{20,40,22,30,39,42,21}'::text[])))"}, {"Node Type": "Bitmap Heap Scan", "Parent Relationship": "Inner", "Relation Name": "orders", "Alias": "orders", "Startup Cost": 3.75, "Total Cost": 19.76, "Plan Rows": 4, "Plan Width": 8, "Recheck Cond": "(o_custkey = public.customer.c_custkey)", "Plans": [{"Node Type": "Bitmap Index Scan", "Parent Relationship": "Outer", "Index Name": "idx_orders_custkey", "Startup Cost": 0.0, "Total Cost": 3.75, "Plan Rows": 4, "Plan Width": 0, "Index Cond": "(o_custkey = public.customer.c_custkey)"}]}]}]}]}, "Unique SQL Id": 2798552886}, "explain_analyze_plan": {"Plan": {"Node Type": "Aggregate", "Strategy": "Sorted", "Startup Cost": 326543.86, "Total Cost": 326543.89, "Plan Rows": 1, "Plan Width": 40, "Actual Startup Time": 4467.914, "Actual Total Time": 4478.319, "Actual Rows": 4, "Actual Loops": 1, "Group By Key": ["(\"substring\"((public.customer.c_phone)::text, 1, 2))"], "Plans": [{"Node Type": "Aggregate", "Strategy": "Plain", "Parent Relationship": "exec_init_plan", "Subplan Name": "InitPlan 1 (returns $0)", "Startup Cost": 76620.14, "Total Cost": 76620.15, "Plan Rows": 1, "Plan Width": 40, "Actual Startup Time": 1998.25, "Actual Total Time": 1998.25, "Actual Rows": 1, "Actual Loops": 1, "Plans": [{"Node Type": "Seq Scan", "Parent Relationship": "Outer", "Relation Name": "customer", "Alias": "customer", "Startup Cost": 12.98, "Total Cost": 76501.0, "Plan Rows": 47655, "Plan Width": 8, "Actual Startup Time": 0.027, "Actual Total Time": 1903.14, "Actual Rows": 218121, "Actual Loops": 1, "Filter": "((c_acctbal > 0::double precision) AND (\"substring\"((c_phone)::text, 1, 2) = ANY ('{20,40,22,30,39,42,21}'::text[])))", "Rows Removed by Filter": 1281879}]}, {"Node Type": "Sort", "Parent Relationship": "Outer", "Startup Cost": 249923.71, "Total Cost": 249923.72, "Plan Rows": 1, "Plan Width": 24, "Actual Startup Time": 4464.389, "Actual Total Time": 4467.967, "Actual Rows": 36604, "Actual Loops": 1, "Sort Key": ["(\"substring\"((public.customer.c_phone)::text, 1, 2))"], "Sort Method": "quicksort", "Sort Space Used": 4968, "Sort Space Type": "Memory", "Plans": [{"Node Type": "Nested Loop", "Parent Relationship": "Outer", "Join Type": "Anti", "Startup Cost": 3.75, "Total Cost": 249923.7, "Plan Rows": 1, "Plan Width": 24, "Actual Startup Time": 1998.373, "Actual Total Time": 4442.474, "Actual Rows": 36604, "Actual Loops": 1, "Inner Unique": false, "Plans": [{"Node Type": "Seq Scan", "Parent Relationship": "Outer", "Relation Name": "customer", "Alias": "customer", "Startup Cost": 0.0, "Total Cost": 76501.0, "Plan Rows": 17500, "Plan Width": 32, "Actual Startup Time": 1998.311, "Actual Total Time": 3303.891, "Actual Rows": 109197, "Actual Loops": 1, "Filter": "((c_acctbal > $0) AND (\"substring\"((c_phone)::text, 1, 2) = ANY ('{20,40,22,30,39,42,21}'::text[])))", "Rows Removed by Filter": 1390803}, {"Node Type": "Bitmap Heap Scan", "Parent Relationship": "Inner", "Relation Name": "orders", "Alias": "orders", "Startup Cost": 3.75, "Total Cost": 19.76, "Plan Rows": 4, "Plan Width": 8, "Actual Startup Time": 951.823, "Actual Total Time": 951.823, "Actual Rows": 72593, "Actual Loops": 109197, "Recheck Cond": "(o_custkey = public.customer.c_custkey)", "Rows Removed by Index Recheck": 0, "Exact Heap Blocks": 72593, "Lossy Heap Blocks": 72593, "Plans": [{"Node Type": "Bitmap Index Scan", "Parent Relationship": "Outer", "Index Name": "idx_orders_custkey", "Startup Cost": 0.0, "Total Cost": 3.75, "Plan Rows": 4, "Plan Width": 0, "Actual Startup Time": 597.509, "Actual Total Time": 597.509, "Actual Rows": 1091631, "Actual Loops": 109197, "Index Cond": "(o_custkey = public.customer.c_custkey)"}]}]}]}]}, "Triggers": [], "Planner Runtime": 0.604, "Total Runtime": 4478.631, "Unique SQL Id": 2798552886}}, "(1, 23)": {"explain_plan": {"Plan": {"Node Type": "Aggregate", "Strategy": "Sorted", "Startup Cost": 2000018337677.48, "Total Cost": 2000018337677.51, "Plan Rows": 1, "Plan Width": 40, "Group By Key": ["(\"substring\"((public.customer.c_phone)::text, 1, 2))"], "Plans": [{"Node Type": "Aggregate", "Strategy": "Plain", "Parent Relationship": "exec_init_plan", "Subplan Name": "InitPlan 1 (returns $0)", "Startup Cost": 1000007650219.14, "Total Cost": 1000007650219.15, "Plan Rows": 1, "Plan Width": 40, "Plans": [{"Node Type": "Seq Scan", "Parent Relationship": "Outer", "Relation Name": "customer", "Alias": "customer", "Startup Cost": 10000000012.75, "Total Cost": 1000007650100.0, "Plan Rows": 47655, "Plan Width": 8, "Filter": "((c_acctbal > 0::double precision) AND (\"substring\"((c_phone)::text, 1, 2) = ANY ('{20,40,22,30,39,42,21}'::text[])))"}]}, {"Node Type": "Sort", "Parent Relationship": "Outer", "Startup Cost": 1000010687458.33, "Total Cost": 1000010687458.34, "Plan Rows": 1, "Plan Width": 24, "Sort Key": ["(\"substring\"((public.customer.c_phone)::text, 1, 2))"], "Plans": [{"Node Type": "Nested Loop", "Parent Relationship": "Outer", "Join Type": "Anti", "Startup Cost": 10000000003.75, "Total Cost": 1000010687458.32, "Plan Rows": 1, "Plan Width": 24, "Inner Unique": false, "Plans": [{"Node Type": "Index Scan", "Parent Relationship": "Outer", "Scan Direction": "Forward", "Index Name": "customer_pkey", "Relation Name": "customer", "Alias": "customer", "Startup Cost": 10000000000.0, "Total Cost": 1000010514035.62, "Plan Rows": 17500, "Plan Width": 32, "Filter": "((c_acctbal > $0) AND (\"substring\"((c_phone)::text, 1, 2) = ANY ('{20,40,22,30,39,42,21}'::text[])))"}, {"Node Type": "Bitmap Heap Scan", "Parent Relationship": "Inner", "Relation Name": "orders", "Alias": "orders", "Startup Cost": 3.75, "Total Cost": 19.76, "Plan Rows": 4, "Plan Width": 8, "Recheck Cond": "(o_custkey = public.customer.c_custkey)", "Plans": [{"Node Type": "Bitmap Index Scan", "Parent Relationship": "Outer", "Index Name": "idx_orders_custkey", "Startup Cost": 0.0, "Total Cost": 3.75, "Plan Rows": 4, "Plan Width": 0, "Index Cond": "(o_custkey = public.customer.c_custkey)"}]}]}]}]}, "Unique SQL Id": 2798552886}, "explain_analyze_plan": {"Plan": {"Node Type": "Aggregate", "Strategy": "Sorted", "Startup Cost": 2000018337677.48, "Total Cost": 2000018337677.51, "Plan Rows": 1, "Plan Width": 40, "Actual Startup Time": 4938.481, "Actual Total Time": 4948.912, "Actual Rows": 4, "Actual Loops": 1, "Group By Key": ["(\"substring\"((public.customer.c_phone)::text, 1, 2))"], "Plans": [{"Node Type": "Aggregate", "Strategy": "Plain", "Parent Relationship": "exec_init_plan", "Subplan Name": "InitPlan 1 (returns $0)", "Startup Cost": 1000007650219.14, "Total Cost": 1000007650219.15, "Plan Rows": 1, "Plan Width": 40, "Actual Startup Time": 1989.173, "Actual Total Time": 1989.174, "Actual Rows": 1, "Actual Loops": 1, "Plans": [{"Node Type": "Seq Scan", "Parent Relationship": "Outer", "Relation Name": "customer", "Alias": "customer", "Startup Cost": 10000000012.75, "Total Cost": 1000007650100.0, "Plan Rows": 47655, "Plan Width": 8, "Actual Startup Time": 0.032, "Actual Total Time": 1894.45, "Actual Rows": 218121, "Actual Loops": 1, "Filter": "((c_acctbal > 0::double precision) AND (\"substring\"((c_phone)::text, 1, 2) = ANY ('{20,40,22,30,39,42,21}'::text[])))", "Rows Removed by Filter": 1281879}]}, {"Node Type": "Sort", "Parent Relationship": "Outer", "Startup Cost": 1000010687458.33, "Total Cost": 1000010687458.34, "Plan Rows": 1, "Plan Width": 24, "Actual Startup Time": 4934.953, "Actual Total Time": 4938.537, "Actual Rows": 36604, "Actual Loops": 1, "Sort Key": ["(\"substring\"((public.customer.c_phone)::text, 1, 2))"], "Sort Method": "quicksort", "Sort Space Used": 4968, "Sort Space Type": "Memory", "Plans": [{"Node Type": "Nested Loop", "Parent Relationship": "Outer", "Join Type": "Anti", "Startup Cost": 10000000003.75, "Total Cost": 1000010687458.32, "Plan Rows": 1, "Plan Width": 24, "Actual Startup Time": 1989.319, "Actual Total Time": 4912.858, "Actual Rows": 36604, "Actual Loops": 1, "Inner Unique": false, "Plans": [{"Node Type": "Index Scan", "Parent Relationship": "Outer", "Scan Direction": "Forward", "Index Name": "customer_pkey", "Relation Name": "customer", "Alias": "customer", "Startup Cost": 10000000000.0, "Total Cost": 1000010514035.62, "Plan Rows": 17500, "Plan Width": 32, "Actual Startup Time": 1989.251, "Actual Total Time": 3801.63, "Actual Rows": 109197, "Actual Loops": 1, "Filter": "((c_acctbal > $0) AND (\"substring\"((c_phone)::text, 1, 2) = ANY ('{20,40,22,30,39,42,21}'::text[])))", "Rows Removed by Filter": 1390803}, {"Node Type": "Bitmap Heap Scan", "Parent Relationship": "Inner", "Relation Name": "orders", "Alias": "orders", "Startup Cost": 3.75, "Total Cost": 19.76, "Plan Rows": 4, "Plan Width": 8, "Actual Startup Time": 921.241, "Actual Total Time": 921.241, "Actual Rows": 72593, "Actual Loops": 109197, "Recheck Cond": "(o_custkey = public.customer.c_custkey)", "Rows Removed by Index Recheck": 0, "Exact Heap Blocks": 72593, "Lossy Heap Blocks": 72593, "Plans": [{"Node Type": "Bitmap Index Scan", "Parent Relationship": "Outer", "Index Name": "idx_orders_custkey", "Startup Cost": 0.0, "Total Cost": 3.75, "Plan Rows": 4, "Plan Width": 0, "Actual Startup Time": 578.575, "Actual Total Time": 578.575, "Actual Rows": 1091631, "Actual Loops": 109197, "Index Cond": "(o_custkey = public.customer.c_custkey)"}]}]}]}]}, "Triggers": [], "Planner Runtime": 0.609, "Total Runtime": 4949.194, "Unique SQL Id": 2798552886}}, "(1, 24)": {"explain_plan": {"Plan": {"Node Type": "Aggregate", "Strategy": "Sorted", "Startup Cost": 178853.65, "Total Cost": 178853.67, "Plan Rows": 1, "Plan Width": 40, "Group By Key": ["(\"substring\"((public.customer.c_phone)::text, 1, 2))"], "Plans": [{"Node Type": "Aggregate", "Strategy": "Plain", "Parent Relationship": "exec_init_plan", "Subplan Name": "InitPlan 1 (returns $0)", "Startup Cost": 76620.14, "Total Cost": 76620.15, "Plan Rows": 1, "Plan Width": 40, "Plans": [{"Node Type": "Seq Scan", "Parent Relationship": "Outer", "Relation Name": "customer", "Alias": "customer", "Startup Cost": 12.98, "Total Cost": 76501.0, "Plan Rows": 47655, "Plan Width": 8, "Filter": "((c_acctbal > 0::double precision) AND (\"substring\"((c_phone)::text, 1, 2) = ANY ('{20,40,22,30,39,42,21}'::text[])))"}]}, {"Node Type": "Sort", "Parent Relationship": "Outer", "Startup Cost": 102233.5, "Total Cost": 102233.5, "Plan Rows": 1, "Plan Width": 24, "Sort Key": ["(\"substring\"((public.customer.c_phone)::text, 1, 2))"], "Plans": [{"Node Type": "Nested Loop", "Parent Relationship": "Outer", "Join Type": "Anti", "Startup Cost": 0.0, "Total Cost": 102233.49, "Plan Rows": 1, "Plan Width": 24, "Inner Unique": false, "Plans": [{"Node Type": "Seq Scan", "Parent Relationship": "Outer", "Relation Name": "customer", "Alias": "customer", "Startup Cost": 0.0, "Total Cost": 76501.0, "Plan Rows": 17500, "Plan Width": 32, "Filter": "((c_acctbal > $0) AND (\"substring\"((c_phone)::text, 1, 2) = ANY ('{20,40,22,30,39,42,21}'::text[])))"}, {"Node Type": "Index Only Scan", "Parent Relationship": "Inner", "Scan Direction": "Forward", "Index Name": "idx_orders_custkey", "Relation Name": "orders", "Alias": "orders", "Startup Cost": 0.0, "Total Cost": 3.79, "Plan Rows": 4, "Plan Width": 8, "Index Cond": "(o_custkey = public.customer.c_custkey)"}]}]}]}, "Unique SQL Id": 2798552886}, "explain_analyze_plan": {"Plan": {"Node Type": "Aggregate", "Strategy": "Sorted", "Startup Cost": 178853.65, "Total Cost": 178853.67, "Plan Rows": 1, "Plan Width": 40, "Actual Startup Time": 3881.351, "Actual Total Time": 3891.855, "Actual Rows": 4, "Actual Loops": 1, "Group By Key": ["(\"substring\"((public.customer.c_phone)::text, 1, 2))"], "Plans": [{"Node Type": "Aggregate", "Strategy": "Plain", "Parent Relationship": "exec_init_plan", "Subplan Name": "InitPlan 1 (returns $0)", "Startup Cost": 76620.14, "Total Cost": 76620.15, "Plan Rows": 1, "Plan Width": 40, "Actual Startup Time": 2010.36, "Actual Total Time": 2010.361, "Actual Rows": 1, "Actual Loops": 1, "Plans": [{"Node Type": "Seq Scan", "Parent Relationship": "Outer", "Relation Name": "customer", "Alias": "customer", "Startup Cost": 12.98, "Total Cost": 76501.0, "Plan Rows": 47655, "Plan Width": 8, "Actual Startup Time": 0.029, "Actual Total Time": 1914.702, "Actual Rows": 218121, "Actual Loops": 1, "Filter": "((c_acctbal > 0::double precision) AND (\"substring\"((c_phone)::text, 1, 2) = ANY ('{20,40,22,30,39,42,21}'::text[])))", "Rows Removed by Filter": 1281879}]}, {"Node Type": "Sort", "Parent Relationship": "Outer", "Startup Cost": 102233.5, "Total Cost": 102233.5, "Plan Rows": 1, "Plan Width": 24, "Actual Startup Time": 3877.781, "Actual Total Time": 3881.447, "Actual Rows": 36604, "Actual Loops": 1, "Sort Key": ["(\"substring\"((public.customer.c_phone)::text, 1, 2))"], "Sort Method": "quicksort", "Sort Space Used": 4968, "Sort Space Type": "Memory", "Plans": [{"Node Type": "Nested Loop", "Parent Relationship": "Outer", "Join Type": "Anti", "Startup Cost": 0.0, "Total Cost": 102233.49, "Plan Rows": 1, "Plan Width": 24, "Actual Startup Time": 2010.457, "Actual Total Time": 3857.027, "Actual Rows": 36604, "Actual Loops": 1, "Inner Unique": false, "Plans": [{"Node Type": "Seq Scan", "Parent Relationship": "Outer", "Relation Name": "customer", "Alias": "customer", "Startup Cost": 0.0, "Total Cost": 76501.0, "Plan Rows": 17500, "Plan Width": 32, "Actual Startup Time": 2010.414, "Actual Total Time": 3294.32, "Actual Rows": 109197, "Actual Loops": 1, "Filter": "((c_acctbal > $0) AND (\"substring\"((c_phone)::text, 1, 2) = ANY ('{20,40,22,30,39,42,21}'::text[])))", "Rows Removed by Filter": 1390803}, {"Node Type": "Index Only Scan", "Parent Relationship": "Inner", "Scan Direction": "Forward", "Index Name": "idx_orders_custkey", "Relation Name": "orders", "Alias": "orders", "Startup Cost": 0.0, "Total Cost": 3.79, "Plan Rows": 4, "Plan Width": 8, "Actual Startup Time": 460.774, "Actual Total Time": 460.774, "Actual Rows": 72593, "Actual Loops": 109197, "Index Cond": "(o_custkey = public.customer.c_custkey)", "Rows Removed by Index Recheck": 0, "Heap Fetches": 0}]}]}]}, "Triggers": [], "Planner Runtime": 0.607, "Total Runtime": 3892.138, "Unique SQL Id": 2798552886}}, "(1, 25)": {"explain_plan": {"Plan": {"Node Type": "Aggregate", "Strategy": "Sorted", "Startup Cost": 1000007781092.0, "Total Cost": 1000007781092.03, "Plan Rows": 1, "Plan Width": 40, "Group By Key": ["(\"substring\"((public.customer.c_phone)::text, 1, 2))"], "Plans": [{"Node Type": "Aggregate", "Strategy": "Plain", "Parent Relationship": "exec_init_plan", "Subplan Name": "InitPlan 1 (returns $0)", "Startup Cost": 1000007650219.14, "Total Cost": 1000007650219.15, "Plan Rows": 1, "Plan Width": 40, "Plans": [{"Node Type": "Seq Scan", "Parent Relationship": "Outer", "Relation Name": "customer", "Alias": "customer", "Startup Cost": 10000000012.75, "Total Cost": 1000007650100.0, "Plan Rows": 47655, "Plan Width": 8, "Filter": "((c_acctbal > 0::double precision) AND (\"substring\"((c_phone)::text, 1, 2) = ANY ('{20,40,22,30,39,42,21}'::text[])))"}]}, {"Node Type": "Sort", "Parent Relationship": "Outer", "Startup Cost": 130872.85, "Total Cost": 130872.86, "Plan Rows": 1, "Plan Width": 24, "Sort Key": ["(\"substring\"((public.customer.c_phone)::text, 1, 2))"], "Plans": [{"Node Type": "Nested Loop", "Parent Relationship": "Outer", "Join Type": "Anti", "Startup Cost": 0.0, "Total Cost": 130872.84, "Plan Rows": 1, "Plan Width": 24, "Inner Unique": false, "Plans": [{"Node Type": "Index Scan", "Parent Relationship": "Outer", "Scan Direction": "Forward", "Index Name": "customer_pkey", "Relation Name": "customer", "Alias": "customer", "Startup Cost": 0.0, "Total Cost": 105140.36, "Plan Rows": 17500, "Plan Width": 32, "Filter": "((c_acctbal > $0) AND (\"substring\"((c_phone)::text, 1, 2) = ANY ('{20,40,22,30,39,42,21}'::text[])))"}, {"Node Type": "Index Only Scan", "Parent Relationship": "Inner", "Scan Direction": "Forward", "Index Name": "idx_orders_custkey", "Relation Name": "orders", "Alias": "orders", "Startup Cost": 0.0, "Total Cost": 3.79, "Plan Rows": 4, "Plan Width": 8, "Index Cond": "(o_custkey = public.customer.c_custkey)"}]}]}]}, "Unique SQL Id": 2798552886}, "explain_analyze_plan": {"Plan": {"Node Type": "Aggregate", "Strategy": "Sorted", "Startup Cost": 1000007781092.0, "Total Cost": 1000007781092.03, "Plan Rows": 1, "Plan Width": 40, "Actual Startup Time": 4453.89, "Actual Total Time": 4464.091, "Actual Rows": 4, "Actual Loops": 1, "Group By Key": ["(\"substring\"((public.customer.c_phone)::text, 1, 2))"], "Plans": [{"Node Type": "Aggregate", "Strategy": "Plain", "Parent Relationship": "exec_init_plan", "Subplan Name": "InitPlan 1 (returns $0)", "Startup Cost": 1000007650219.14, "Total Cost": 1000007650219.15, "Plan Rows": 1, "Plan Width": 40, "Actual Startup Time": 1990.397, "Actual Total Time": 1990.398, "Actual Rows": 1, "Actual Loops": 1, "Plans": [{"Node Type": "Seq Scan", "Parent Relationship": "Outer", "Relation Name": "customer", "Alias": "customer", "Startup Cost": 10000000012.75, "Total Cost": 1000007650100.0, "Plan Rows": 47655, "Plan Width": 8, "Actual Startup Time": 0.036, "Actual Total Time": 1895.081, "Actual Rows": 218121, "Actual Loops": 1, "Filter": "((c_acctbal > 0::double precision) AND (\"substring\"((c_phone)::text, 1, 2) = ANY ('{20,40,22,30,39,42,21}'::text[])))", "Rows Removed by Filter": 1281879}]}, {"Node Type": "Sort", "Parent Relationship": "Outer", "Startup Cost": 130872.85, "Total Cost": 130872.86, "Plan Rows": 1, "Plan Width": 24, "Actual Startup Time": 4450.398, "Actual Total Time": 4453.934, "Actual Rows": 36604, "Actual Loops": 1, "Sort Key": ["(\"substring\"((public.customer.c_phone)::text, 1, 2))"], "Sort Method": "quicksort", "Sort Space Used": 4968, "Sort Space Type": "Memory", "Plans": [{"Node Type": "Nested Loop", "Parent Relationship": "Outer", "Join Type": "Anti", "Startup Cost": 0.0, "Total Cost": 130872.84, "Plan Rows": 1, "Plan Width": 24, "Actual Startup Time": 1990.521, "Actual Total Time": 4429.799, "Actual Rows": 36604, "Actual Loops": 1, "Inner Unique": false, "Plans": [{"Node Type": "Index Scan", "Parent Relationship": "Outer", "Scan Direction": "Forward", "Index Name": "customer_pkey", "Relation Name": "customer", "Alias": "customer", "Startup Cost": 0.0, "Total Cost": 105140.36, "Plan Rows": 17500, "Plan Width": 32, "Actual Startup Time": 1990.477, "Actual Total Time": 3857.715, "Actual Rows": 109197, "Actual Loops": 1, "Filter": "((c_acctbal > $0) AND (\"substring\"((c_phone)::text, 1, 2) = ANY ('{20,40,22,30,39,42,21}'::text[])))", "Rows Removed by Filter": 1390803}, {"Node Type": "Index Only Scan", "Parent Relationship": "Inner", "Scan Direction": "Forward", "Index Name": "idx_orders_custkey", "Relation Name": "orders", "Alias": "orders", "Startup Cost": 0.0, "Total Cost": 3.79, "Plan Rows": 4, "Plan Width": 8, "Actual Startup Time": 469.636, "Actual Total Time": 469.636, "Actual Rows": 72593, "Actual Loops": 109197, "Index Cond": "(o_custkey = public.customer.c_custkey)", "Rows Removed by Index Recheck": 0, "Heap Fetches": 0}]}]}]}, "Triggers": [], "Planner Runtime": 0.607, "Total Runtime": 4464.404, "Unique SQL Id": 2798552886}}, "(1, 26)": {"explain_plan": {"Plan": {"Node Type": "Aggregate", "Strategy": "Sorted", "Startup Cost": 2444406.31, "Total Cost": 2444406.34, "Plan Rows": 1, "Plan Width": 40, "Group By Key": ["(\"substring\"((public.customer.c_phone)::text, 1, 2))"], "Plans": [{"Node Type": "Aggregate", "Strategy": "Plain", "Parent Relationship": "exec_init_plan", "Subplan Name": "InitPlan 1 (returns $0)", "Startup Cost": 76620.14, "Total Cost": 76620.15, "Plan Rows": 1, "Plan Width": 40, "Plans": [{"Node Type": "Seq Scan", "Parent Relationship": "Outer", "Relation Name": "customer", "Alias": "customer", "Startup Cost": 12.98, "Total Cost": 76501.0, "Plan Rows": 47655, "Plan Width": 8, "Filter": "((c_acctbal > 0::double precision) AND (\"substring\"((c_phone)::text, 1, 2) = ANY ('{20,40,22,30,39,42,21}'::text[])))"}]}, {"Node Type": "Sort", "Parent Relationship": "Outer", "Startup Cost": 2367786.16, "Total Cost": 2367786.16, "Plan Rows": 1, "Plan Width": 24, "Sort Key": ["(\"substring\"((public.customer.c_phone)::text, 1, 2))"], "Plans": [{"Node Type": "Merge Join", "Parent Relationship": "Outer", "Join Type": "Anti", "Startup Cost": 2291966.69, "Total Cost": 2367786.15, "Plan Rows": 1, "Plan Width": 24, "Inner Unique": false, "Merge Cond": "(public.customer.c_custkey = orders.o_custkey)", "Plans": [{"Node Type": "Sort", "Parent Relationship": "Outer", "Startup Cost": 77734.32, "Total Cost": 77778.07, "Plan Rows": 17500, "Plan Width": 32, "Sort Key": ["public.customer.c_custkey"], "Plans": [{"Node Type": "Seq Scan", "Parent Relationship": "Outer", "Relation Name": "customer", "Alias": "customer", "Startup Cost": 0.0, "Total Cost": 76501.0, "Plan Rows": 17500, "Plan Width": 32, "Filter": "((c_acctbal > $0) AND (\"substring\"((c_phone)::text, 1, 2) = ANY ('{20,40,22,30,39,42,21}'::text[])))"}]}, {"Node Type": "Sort", "Parent Relationship": "Inner", "Startup Cost": 2214232.37, "Total Cost": 2251731.07, "Plan Rows": 14999479, "Plan Width": 8, "Sort Key": ["orders.o_custkey"], "Plans": [{"Node Type": "Seq Scan", "Parent Relationship": "Outer", "Relation Name": "orders", "Alias": "orders", "Startup Cost": 0.0, "Total Cost": 426413.79, "Plan Rows": 14999479, "Plan Width": 8}]}]}]}]}, "Unique SQL Id": 2798552886}, "explain_analyze_plan": null}, "(1, 27)": {"explain_plan": {"Plan": {"Node Type": "Aggregate", "Strategy": "Sorted", "Startup Cost": 3000031345967.27, "Total Cost": 3000031345967.3, "Plan Rows": 1, "Plan Width": 40, "Group By Key": ["(\"substring\"((public.customer.c_phone)::text, 1, 2))"], "Plans": [{"Node Type": "Aggregate", "Strategy": "Plain", "Parent Relationship": "exec_init_plan", "Subplan Name": "InitPlan 1 (returns $0)", "Startup Cost": 1000007650219.14, "Total Cost": 1000007650219.15, "Plan Rows": 1, "Plan Width": 40, "Plans": [{"Node Type": "Seq Scan", "Parent Relationship": "Outer", "Relation Name": "customer", "Alias": "customer", "Startup Cost": 10000000012.75, "Total Cost": 1000007650100.0, "Plan Rows": 47655, "Plan Width": 8, "Filter": "((c_acctbal > 0::double precision) AND (\"substring\"((c_phone)::text, 1, 2) = ANY ('{20,40,22,30,39,42,21}'::text[])))"}]}, {"Node Type": "Sort", "Parent Relationship": "Outer", "Startup Cost": 2000023695748.12, "Total Cost": 2000023695748.13, "Plan Rows": 1, "Plan Width": 24, "Sort Key": ["(\"substring\"((public.customer.c_phone)::text, 1, 2))"], "Plans": [{"Node Type": "Merge Join", "Parent Relationship": "Outer", "Join Type": "Anti", "Startup Cost": 20000000000.0, "Total Cost": 2000023695748.11, "Plan Rows": 1, "Plan Width": 24, "Inner Unique": false, "Merge Cond": "(public.customer.c_custkey = orders.o_custkey)", "Plans": [{"Node Type": "Index Scan", "Parent Relationship": "Outer", "Scan Direction": "Forward", "Index Name": "customer_pkey", "Relation Name": "customer", "Alias": "customer", "Startup Cost": 10000000000.0, "Total Cost": 1000010514035.62, "Plan Rows": 17500, "Plan Width": 32, "Filter": "((c_acctbal > $0) AND (\"substring\"((c_phone)::text, 1, 2) = ANY ('{20,40,22,30,39,42,21}'::text[])))"}, {"Node Type": "Index Only Scan", "Parent Relationship": "Inner", "Scan Direction": "Forward", "Index Name": "idx_orders_custkey", "Relation Name": "orders", "Alias": "orders", "Startup Cost": 10000000000.0, "Total Cost": 1000045486043.5, "Plan Rows": 14999479, "Plan Width": 8}]}]}]}, "Unique SQL Id": 2798552886}, "explain_analyze_plan": null}, "(1, 28)": {"explain_plan": {"Plan": {"Node Type": "Aggregate", "Strategy": "Sorted", "Startup Cost": 274230.77, "Total Cost": 274230.8, "Plan Rows": 1, "Plan Width": 40, "Group By Key": ["(\"substring\"((public.customer.c_phone)::text, 1, 2))"], "Plans": [{"Node Type": "Aggregate", "Strategy": "Plain", "Parent Relationship": "exec_init_plan", "Subplan Name": "InitPlan 1 (returns $0)", "Startup Cost": 76620.14, "Total Cost": 76620.15, "Plan Rows": 1, "Plan Width": 40, "Plans": [{"Node Type": "Seq Scan", "Parent Relationship": "Outer", "Relation Name": "customer", "Alias": "customer", "Startup Cost": 12.98, "Total Cost": 76501.0, "Plan Rows": 47655, "Plan Width": 8, "Filter": "((c_acctbal > 0::double precision) AND (\"substring\"((c_phone)::text, 1, 2) = ANY ('{20,40,22,30,39,42,21}'::text[])))"}]}, {"Node Type": "Sort", "Parent Relationship": "Outer", "Startup Cost": 197610.62, "Total Cost": 197610.62, "Plan Rows": 1, "Plan Width": 24, "Sort Key": ["(\"substring\"((public.customer.c_phone)::text, 1, 2))"], "Plans": [{"Node Type": "Nested Loop", "Parent Relationship": "Outer", "Join Type": "Anti", "Startup Cost": 0.0, "Total Cost": 197610.61, "Plan Rows": 1, "Plan Width": 24, "Inner Unique": false, "Plans": [{"Node Type": "Seq Scan", "Parent Relationship": "Outer", "Relation Name": "customer", "Alias": "customer", "Startup Cost": 0.0, "Total Cost": 76501.0, "Plan Rows": 17500, "Plan Width": 32, "Filter": "((c_acctbal > $0) AND (\"substring\"((c_phone)::text, 1, 2) = ANY ('{20,40,22,30,39,42,21}'::text[])))"}, {"Node Type": "Index Scan", "Parent Relationship": "Inner", "Scan Direction": "Forward", "Index Name": "idx_orders_custkey", "Relation Name": "orders", "Alias": "orders", "Startup Cost": 0.0, "Total Cost": 17.99, "Plan Rows": 4, "Plan Width": 8, "Index Cond": "(o_custkey = public.customer.c_custkey)"}]}]}]}, "Unique SQL Id": 2798552886}, "explain_analyze_plan": {"Plan": {"Node Type": "Aggregate", "Strategy": "Sorted", "Startup Cost": 274230.77, "Total Cost": 274230.8, "Plan Rows": 1, "Plan Width": 40, "Actual Startup Time": 4066.361, "Actual Total Time": 4076.734, "Actual Rows": 4, "Actual Loops": 1, "Group By Key": ["(\"substring\"((public.customer.c_phone)::text, 1, 2))"], "Plans": [{"Node Type": "Aggregate", "Strategy": "Plain", "Parent Relationship": "exec_init_plan", "Subplan Name": "InitPlan 1 (returns $0)", "Startup Cost": 76620.14, "Total Cost": 76620.15, "Plan Rows": 1, "Plan Width": 40, "Actual Startup Time": 1991.742, "Actual Total Time": 1991.742, "Actual Rows": 1, "Actual Loops": 1, "Plans": [{"Node Type": "Seq Scan", "Parent Relationship": "Outer", "Relation Name": "customer", "Alias": "customer", "Startup Cost": 12.98, "Total Cost": 76501.0, "Plan Rows": 47655, "Plan Width": 8, "Actual Startup Time": 0.028, "Actual Total Time": 1896.339, "Actual Rows": 218121, "Actual Loops": 1, "Filter": "((c_acctbal > 0::double precision) AND (\"substring\"((c_phone)::text, 1, 2) = ANY ('{20,40,22,30,39,42,21}'::text[])))", "Rows Removed by Filter": 1281879}]}, {"Node Type": "Sort", "Parent Relationship": "Outer", "Startup Cost": 197610.62, "Total Cost": 197610.62, "Plan Rows": 1, "Plan Width": 24, "Actual Startup Time": 4062.845, "Actual Total Time": 4066.44, "Actual Rows": 36604, "Actual Loops": 1, "Sort Key": ["(\"substring\"((public.customer.c_phone)::text, 1, 2))"], "Sort Method": "quicksort", "Sort Space Used": 4968, "Sort Space Type": "Memory", "Plans": [{"Node Type": "Nested Loop", "Parent Relationship": "Outer", "Join Type": "Anti", "Startup Cost": 0.0, "Total Cost": 197610.61, "Plan Rows": 1, "Plan Width": 24, "Actual Startup Time": 1991.84, "Actual Total Time": 4041.643, "Actual Rows": 36604, "Actual Loops": 1, "Inner Unique": false, "Plans": [{"Node Type": "Seq Scan", "Parent Relationship": "Outer", "Relation Name": "customer", "Alias": "customer", "Startup Cost": 0.0, "Total Cost": 76501.0, "Plan Rows": 17500, "Plan Width": 32, "Actual Startup Time": 1991.803, "Actual Total Time": 3287.835, "Actual Rows": 109197, "Actual Loops": 1, "Filter": "((c_acctbal > $0) AND (\"substring\"((c_phone)::text, 1, 2) = ANY ('{20,40,22,30,39,42,21}'::text[])))", "Rows Removed by Filter": 1390803}, {"Node Type": "Index Scan", "Parent Relationship": "Inner", "Scan Direction": "Forward", "Index Name": "idx_orders_custkey", "Relation Name": "orders", "Alias": "orders", "Startup Cost": 0.0, "Total Cost": 17.99, "Plan Rows": 4, "Plan Width": 8, "Actual Startup Time": 644.787, "Actual Total Time": 644.787, "Actual Rows": 72593, "Actual Loops": 109197, "Index Cond": "(o_custkey = public.customer.c_custkey)", "Rows Removed by Index Recheck": 0}]}]}]}, "Triggers": [], "Planner Runtime": 0.602, "Total Runtime": 4077.007, "Unique SQL Id": 2798552886}}, "(1, 29)": {"explain_plan": {"Plan": {"Node Type": "Aggregate", "Strategy": "Sorted", "Startup Cost": 1000007876469.13, "Total Cost": 1000007876469.15, "Plan Rows": 1, "Plan Width": 40, "Group By Key": ["(\"substring\"((public.customer.c_phone)::text, 1, 2))"], "Plans": [{"Node Type": "Aggregate", "Strategy": "Plain", "Parent Relationship": "exec_init_plan", "Subplan Name": "InitPlan 1 (returns $0)", "Startup Cost": 1000007650219.14, "Total Cost": 1000007650219.15, "Plan Rows": 1, "Plan Width": 40, "Plans": [{"Node Type": "Seq Scan", "Parent Relationship": "Outer", "Relation Name": "customer", "Alias": "customer", "Startup Cost": 10000000012.75, "Total Cost": 1000007650100.0, "Plan Rows": 47655, "Plan Width": 8, "Filter": "((c_acctbal > 0::double precision) AND (\"substring\"((c_phone)::text, 1, 2) = ANY ('{20,40,22,30,39,42,21}'::text[])))"}]}, {"Node Type": "Sort", "Parent Relationship": "Outer", "Startup Cost": 226249.98, "Total Cost": 226249.98, "Plan Rows": 1, "Plan Width": 24, "Sort Key": ["(\"substring\"((public.customer.c_phone)::text, 1, 2))"], "Plans": [{"Node Type": "Nested Loop", "Parent Relationship": "Outer", "Join Type": "Anti", "Startup Cost": 0.0, "Total Cost": 226249.97, "Plan Rows": 1, "Plan Width": 24, "Inner Unique": false, "Plans": [{"Node Type": "Index Scan", "Parent Relationship": "Outer", "Scan Direction": "Forward", "Index Name": "customer_pkey", "Relation Name": "customer", "Alias": "customer", "Startup Cost": 0.0, "Total Cost": 105140.36, "Plan Rows": 17500, "Plan Width": 32, "Filter": "((c_acctbal > $0) AND (\"substring\"((c_phone)::text, 1, 2) = ANY ('{20,40,22,30,39,42,21}'::text[])))"}, {"Node Type": "Index Scan", "Parent Relationship": "Inner", "Scan Direction": "Forward", "Index Name": "idx_orders_custkey", "Relation Name": "orders", "Alias": "orders", "Startup Cost": 0.0, "Total Cost": 17.99, "Plan Rows": 4, "Plan Width": 8, "Index Cond": "(o_custkey = public.customer.c_custkey)"}]}]}]}, "Unique SQL Id": 2798552886}, "explain_analyze_plan": {"Plan": {"Node Type": "Aggregate", "Strategy": "Sorted", "Startup Cost": 1000007876469.13, "Total Cost": 1000007876469.15, "Plan Rows": 1, "Plan Width": 40, "Actual Startup Time": 4435.834, "Actual Total Time": 4446.26, "Actual Rows": 4, "Actual Loops": 1, "Group By Key": ["(\"substring\"((public.customer.c_phone)::text, 1, 2))"], "Plans": [{"Node Type": "Aggregate", "Strategy": "Plain", "Parent Relationship": "exec_init_plan", "Subplan Name": "InitPlan 1 (returns $0)", "Startup Cost": 1000007650219.14, "Total Cost": 1000007650219.15, "Plan Rows": 1, "Plan Width": 40, "Actual Startup Time": 1997.317, "Actual Total Time": 1997.317, "Actual Rows": 1, "Actual Loops": 1, "Plans": [{"Node Type": "Seq Scan", "Parent Relationship": "Outer", "Relation Name": "customer", "Alias": "customer", "Startup Cost": 10000000012.75, "Total Cost": 1000007650100.0, "Plan Rows": 47655, "Plan Width": 8, "Actual Startup Time": 0.038, "Actual Total Time": 1901.983, "Actual Rows": 218121, "Actual Loops": 1, "Filter": "((c_acctbal > 0::double precision) AND (\"substring\"((c_phone)::text, 1, 2) = ANY ('{20,40,22,30,39,42,21}'::text[])))", "Rows Removed by Filter": 1281879}]}, {"Node Type": "Sort", "Parent Relationship": "Outer", "Startup Cost": 226249.98, "Total Cost": 226249.98, "Plan Rows": 1, "Plan Width": 24, "Actual Startup Time": 4432.31, "Actual Total Time": 4435.843, "Actual Rows": 36604, "Actual Loops": 1, "Sort Key": ["(\"substring\"((public.customer.c_phone)::text, 1, 2))"], "Sort Method": "quicksort", "Sort Space Used": 4968, "Sort Space Type": "Memory", "Plans": [{"Node Type": "Nested Loop", "Parent Relationship": "Outer", "Join Type": "Anti", "Startup Cost": 0.0, "Total Cost": 226249.97, "Plan Rows": 1, "Plan Width": 24, "Actual Startup Time": 1997.433, "Actual Total Time": 4411.89, "Actual Rows": 36604, "Actual Loops": 1, "Inner Unique": false, "Plans": [{"Node Type": "Index Scan", "Parent Relationship": "Outer", "Scan Direction": "Forward", "Index Name": "customer_pkey", "Relation Name": "customer", "Alias": "customer", "Startup Cost": 0.0, "Total Cost": 105140.36, "Plan Rows": 17500, "Plan Width": 32, "Actual Startup Time": 1997.392, "Actual Total Time": 3747.515, "Actual Rows": 109197, "Actual Loops": 1, "Filter": "((c_acctbal > $0) AND (\"substring\"((c_phone)::text, 1, 2) = ANY ('{20,40,22,30,39,42,21}'::text[])))", "Rows Removed by Filter": 1390803}, {"Node Type": "Index Scan", "Parent Relationship": "Inner", "Scan Direction": "Forward", "Index Name": "idx_orders_custkey", "Relation Name": "orders", "Alias": "orders", "Startup Cost": 0.0, "Total Cost": 17.99, "Plan Rows": 4, "Plan Width": 8, "Actual Startup Time": 555.838, "Actual Total Time": 555.838, "Actual Rows": 72593, "Actual Loops": 109197, "Index Cond": "(o_custkey = public.customer.c_custkey)", "Rows Removed by Index Recheck": 0}]}]}]}, "Triggers": [], "Planner Runtime": 0.606, "Total Runtime": 4446.572, "Unique SQL Id": 2798552886}}, "(1, 30)": {"explain_plan": {"Plan": {"Node Type": "Aggregate", "Strategy": "Sorted", "Startup Cost": 2444406.31, "Total Cost": 2444406.34, "Plan Rows": 1, "Plan Width": 40, "Group By Key": ["(\"substring\"((public.customer.c_phone)::text, 1, 2))"], "Plans": [{"Node Type": "Aggregate", "Strategy": "Plain", "Parent Relationship": "exec_init_plan", "Subplan Name": "InitPlan 1 (returns $0)", "Startup Cost": 76620.14, "Total Cost": 76620.15, "Plan Rows": 1, "Plan Width": 40, "Plans": [{"Node Type": "Seq Scan", "Parent Relationship": "Outer", "Relation Name": "customer", "Alias": "customer", "Startup Cost": 12.98, "Total Cost": 76501.0, "Plan Rows": 47655, "Plan Width": 8, "Filter": "((c_acctbal > 0::double precision) AND (\"substring\"((c_phone)::text, 1, 2) = ANY ('{20,40,22,30,39,42,21}'::text[])))"}]}, {"Node Type": "Sort", "Parent Relationship": "Outer", "Startup Cost": 2367786.16, "Total Cost": 2367786.16, "Plan Rows": 1, "Plan Width": 24, "Sort Key": ["(\"substring\"((public.customer.c_phone)::text, 1, 2))"], "Plans": [{"Node Type": "Merge Join", "Parent Relationship": "Outer", "Join Type": "Anti", "Startup Cost": 2291966.69, "Total Cost": 2367786.15, "Plan Rows": 1, "Plan Width": 24, "Inner Unique": false, "Merge Cond": "(public.customer.c_custkey = orders.o_custkey)", "Plans": [{"Node Type": "Sort", "Parent Relationship": "Outer", "Startup Cost": 77734.32, "Total Cost": 77778.07, "Plan Rows": 17500, "Plan Width": 32, "Sort Key": ["public.customer.c_custkey"], "Plans": [{"Node Type": "Seq Scan", "Parent Relationship": "Outer", "Relation Name": "customer", "Alias": "customer", "Startup Cost": 0.0, "Total Cost": 76501.0, "Plan Rows": 17500, "Plan Width": 32, "Filter": "((c_acctbal > $0) AND (\"substring\"((c_phone)::text, 1, 2) = ANY ('{20,40,22,30,39,42,21}'::text[])))"}]}, {"Node Type": "Sort", "Parent Relationship": "Inner", "Startup Cost": 2214232.37, "Total Cost": 2251731.07, "Plan Rows": 14999479, "Plan Width": 8, "Sort Key": ["orders.o_custkey"], "Plans": [{"Node Type": "Seq Scan", "Parent Relationship": "Outer", "Relation Name": "orders", "Alias": "orders", "Startup Cost": 0.0, "Total Cost": 426413.79, "Plan Rows": 14999479, "Plan Width": 8}]}]}]}]}, "Unique SQL Id": 2798552886}, "explain_analyze_plan": null}, "(1, 31)": {"explain_plan": {"Plan": {"Node Type": "Aggregate", "Strategy": "Sorted", "Startup Cost": 3000141907840.93, "Total Cost": 3000141907840.95, "Plan Rows": 1, "Plan Width": 40, "Group By Key": ["(\"substring\"((public.customer.c_phone)::text, 1, 2))"], "Plans": [{"Node Type": "Aggregate", "Strategy": "Plain", "Parent Relationship": "exec_init_plan", "Subplan Name": "InitPlan 1 (returns $0)", "Startup Cost": 1000007650219.14, "Total Cost": 1000007650219.15, "Plan Rows": 1, "Plan Width": 40, "Plans": [{"Node Type": "Seq Scan", "Parent Relationship": "Outer", "Relation Name": "customer", "Alias": "customer", "Startup Cost": 10000000012.75, "Total Cost": 1000007650100.0, "Plan Rows": 47655, "Plan Width": 8, "Filter": "((c_acctbal > 0::double precision) AND (\"substring\"((c_phone)::text, 1, 2) = ANY ('{20,40,22,30,39,42,21}'::text[])))"}]}, {"Node Type": "Sort", "Parent Relationship": "Outer", "Startup Cost": 2000134257621.78, "Total Cost": 2000134257621.78, "Plan Rows": 1, "Plan Width": 24, "Sort Key": ["(\"substring\"((public.customer.c_phone)::text, 1, 2))"], "Plans": [{"Node Type": "Merge Join", "Parent Relationship": "Outer", "Join Type": "Anti", "Startup Cost": 20000000000.0, "Total Cost": 2000134257621.77, "Plan Rows": 1, "Plan Width": 24, "Inner Unique": false, "Merge Cond": "(public.customer.c_custkey = orders.o_custkey)", "Plans": [{"Node Type": "Index Scan", "Parent Relationship": "Outer", "Scan Direction": "Forward", "Index Name": "customer_pkey", "Relation Name": "customer", "Alias": "customer", "Startup Cost": 10000000000.0, "Total Cost": 1000010514035.62, "Plan Rows": 17500, "Plan Width": 32, "Filter": "((c_acctbal > $0) AND (\"substring\"((c_phone)::text, 1, 2) = ANY ('{20,40,22,30,39,42,21}'::text[])))"}, {"Node Type": "Index Scan", "Parent Relationship": "Inner", "Scan Direction": "Forward", "Index Name": "idx_orders_custkey", "Relation Name": "orders", "Alias": "orders", "Startup Cost": 10000000000.0, "Total Cost": 1000156051529.08, "Plan Rows": 14999479, "Plan Width": 8}]}]}]}, "Unique SQL Id": 2798552886}, "explain_analyze_plan": null}, "(1, 32)": {"explain_plan": {"Plan": {"Node Type": "Aggregate", "Strategy": "Sorted", "Startup Cost": 178853.65, "Total Cost": 178853.67, "Plan Rows": 1, "Plan Width": 40, "Group By Key": ["(\"substring\"((public.customer.c_phone)::text, 1, 2))"], "Plans": [{"Node Type": "Aggregate", "Strategy": "Plain", "Parent Relationship": "exec_init_plan", "Subplan Name": "InitPlan 1 (returns $0)", "Startup Cost": 76620.14, "Total Cost": 76620.15, "Plan Rows": 1, "Plan Width": 40, "Plans": [{"Node Type": "Seq Scan", "Parent Relationship": "Outer", "Relation Name": "customer", "Alias": "customer", "Startup Cost": 12.98, "Total Cost": 76501.0, "Plan Rows": 47655, "Plan Width": 8, "Filter": "((c_acctbal > 0::double precision) AND (\"substring\"((c_phone)::text, 1, 2) = ANY ('{20,40,22,30,39,42,21}'::text[])))"}]}, {"Node Type": "Sort", "Parent Relationship": "Outer", "Startup Cost": 102233.5, "Total Cost": 102233.5, "Plan Rows": 1, "Plan Width": 24, "Sort Key": ["(\"substring\"((public.customer.c_phone)::text, 1, 2))"], "Plans": [{"Node Type": "Nested Loop", "Parent Relationship": "Outer", "Join Type": "Anti", "Startup Cost": 0.0, "Total Cost": 102233.49, "Plan Rows": 1, "Plan Width": 24, "Inner Unique": false, "Plans": [{"Node Type": "Seq Scan", "Parent Relationship": "Outer", "Relation Name": "customer", "Alias": "customer", "Startup Cost": 0.0, "Total Cost": 76501.0, "Plan Rows": 17500, "Plan Width": 32, "Filter": "((c_acctbal > $0) AND (\"substring\"((c_phone)::text, 1, 2) = ANY ('{20,40,22,30,39,42,21}'::text[])))"}, {"Node Type": "Index Only Scan", "Parent Relationship": "Inner", "Scan Direction": "Forward", "Index Name": "idx_orders_custkey", "Relation Name": "orders", "Alias": "orders", "Startup Cost": 0.0, "Total Cost": 3.79, "Plan Rows": 4, "Plan Width": 8, "Index Cond": "(o_custkey = public.customer.c_custkey)"}]}]}]}, "Unique SQL Id": 2798552886}, "explain_analyze_plan": {"Plan": {"Node Type": "Aggregate", "Strategy": "Sorted", "Startup Cost": 178853.65, "Total Cost": 178853.67, "Plan Rows": 1, "Plan Width": 40, "Actual Startup Time": 3881.351, "Actual Total Time": 3891.855, "Actual Rows": 4, "Actual Loops": 1, "Group By Key": ["(\"substring\"((public.customer.c_phone)::text, 1, 2))"], "Plans": [{"Node Type": "Aggregate", "Strategy": "Plain", "Parent Relationship": "exec_init_plan", "Subplan Name": "InitPlan 1 (returns $0)", "Startup Cost": 76620.14, "Total Cost": 76620.15, "Plan Rows": 1, "Plan Width": 40, "Actual Startup Time": 2010.36, "Actual Total Time": 2010.361, "Actual Rows": 1, "Actual Loops": 1, "Plans": [{"Node Type": "Seq Scan", "Parent Relationship": "Outer", "Relation Name": "customer", "Alias": "customer", "Startup Cost": 12.98, "Total Cost": 76501.0, "Plan Rows": 47655, "Plan Width": 8, "Actual Startup Time": 0.029, "Actual Total Time": 1914.702, "Actual Rows": 218121, "Actual Loops": 1, "Filter": "((c_acctbal > 0::double precision) AND (\"substring\"((c_phone)::text, 1, 2) = ANY ('{20,40,22,30,39,42,21}'::text[])))", "Rows Removed by Filter": 1281879}]}, {"Node Type": "Sort", "Parent Relationship": "Outer", "Startup Cost": 102233.5, "Total Cost": 102233.5, "Plan Rows": 1, "Plan Width": 24, "Actual Startup Time": 3877.781, "Actual Total Time": 3881.447, "Actual Rows": 36604, "Actual Loops": 1, "Sort Key": ["(\"substring\"((public.customer.c_phone)::text, 1, 2))"], "Sort Method": "quicksort", "Sort Space Used": 4968, "Sort Space Type": "Memory", "Plans": [{"Node Type": "Nested Loop", "Parent Relationship": "Outer", "Join Type": "Anti", "Startup Cost": 0.0, "Total Cost": 102233.49, "Plan Rows": 1, "Plan Width": 24, "Actual Startup Time": 2010.457, "Actual Total Time": 3857.027, "Actual Rows": 36604, "Actual Loops": 1, "Inner Unique": false, "Plans": [{"Node Type": "Seq Scan", "Parent Relationship": "Outer", "Relation Name": "customer", "Alias": "customer", "Startup Cost": 0.0, "Total Cost": 76501.0, "Plan Rows": 17500, "Plan Width": 32, "Actual Startup Time": 2010.414, "Actual Total Time": 3294.32, "Actual Rows": 109197, "Actual Loops": 1, "Filter": "((c_acctbal > $0) AND (\"substring\"((c_phone)::text, 1, 2) = ANY ('{20,40,22,30,39,42,21}'::text[])))", "Rows Removed by Filter": 1390803}, {"Node Type": "Index Only Scan", "Parent Relationship": "Inner", "Scan Direction": "Forward", "Index Name": "idx_orders_custkey", "Relation Name": "orders", "Alias": "orders", "Startup Cost": 0.0, "Total Cost": 3.79, "Plan Rows": 4, "Plan Width": 8, "Actual Startup Time": 460.774, "Actual Total Time": 460.774, "Actual Rows": 72593, "Actual Loops": 109197, "Index Cond": "(o_custkey = public.customer.c_custkey)", "Rows Removed by Index Recheck": 0, "Heap Fetches": 0}]}]}]}, "Triggers": [], "Planner Runtime": 0.607, "Total Runtime": 3892.138, "Unique SQL Id": 2798552886}}, "(1, 33)": {"explain_plan": {"Plan": {"Node Type": "Aggregate", "Strategy": "Sorted", "Startup Cost": 1000007781092.0, "Total Cost": 1000007781092.03, "Plan Rows": 1, "Plan Width": 40, "Group By Key": ["(\"substring\"((public.customer.c_phone)::text, 1, 2))"], "Plans": [{"Node Type": "Aggregate", "Strategy": "Plain", "Parent Relationship": "exec_init_plan", "Subplan Name": "InitPlan 1 (returns $0)", "Startup Cost": 1000007650219.14, "Total Cost": 1000007650219.15, "Plan Rows": 1, "Plan Width": 40, "Plans": [{"Node Type": "Seq Scan", "Parent Relationship": "Outer", "Relation Name": "customer", "Alias": "customer", "Startup Cost": 10000000012.75, "Total Cost": 1000007650100.0, "Plan Rows": 47655, "Plan Width": 8, "Filter": "((c_acctbal > 0::double precision) AND (\"substring\"((c_phone)::text, 1, 2) = ANY ('{20,40,22,30,39,42,21}'::text[])))"}]}, {"Node Type": "Sort", "Parent Relationship": "Outer", "Startup Cost": 130872.85, "Total Cost": 130872.86, "Plan Rows": 1, "Plan Width": 24, "Sort Key": ["(\"substring\"((public.customer.c_phone)::text, 1, 2))"], "Plans": [{"Node Type": "Nested Loop", "Parent Relationship": "Outer", "Join Type": "Anti", "Startup Cost": 0.0, "Total Cost": 130872.84, "Plan Rows": 1, "Plan Width": 24, "Inner Unique": false, "Plans": [{"Node Type": "Index Scan", "Parent Relationship": "Outer", "Scan Direction": "Forward", "Index Name": "customer_pkey", "Relation Name": "customer", "Alias": "customer", "Startup Cost": 0.0, "Total Cost": 105140.36, "Plan Rows": 17500, "Plan Width": 32, "Filter": "((c_acctbal > $0) AND (\"substring\"((c_phone)::text, 1, 2) = ANY ('{20,40,22,30,39,42,21}'::text[])))"}, {"Node Type": "Index Only Scan", "Parent Relationship": "Inner", "Scan Direction": "Forward", "Index Name": "idx_orders_custkey", "Relation Name": "orders", "Alias": "orders", "Startup Cost": 0.0, "Total Cost": 3.79, "Plan Rows": 4, "Plan Width": 8, "Index Cond": "(o_custkey = public.customer.c_custkey)"}]}]}]}, "Unique SQL Id": 2798552886}, "explain_analyze_plan": {"Plan": {"Node Type": "Aggregate", "Strategy": "Sorted", "Startup Cost": 1000007781092.0, "Total Cost": 1000007781092.03, "Plan Rows": 1, "Plan Width": 40, "Actual Startup Time": 4453.89, "Actual Total Time": 4464.091, "Actual Rows": 4, "Actual Loops": 1, "Group By Key": ["(\"substring\"((public.customer.c_phone)::text, 1, 2))"], "Plans": [{"Node Type": "Aggregate", "Strategy": "Plain", "Parent Relationship": "exec_init_plan", "Subplan Name": "InitPlan 1 (returns $0)", "Startup Cost": 1000007650219.14, "Total Cost": 1000007650219.15, "Plan Rows": 1, "Plan Width": 40, "Actual Startup Time": 1990.397, "Actual Total Time": 1990.398, "Actual Rows": 1, "Actual Loops": 1, "Plans": [{"Node Type": "Seq Scan", "Parent Relationship": "Outer", "Relation Name": "customer", "Alias": "customer", "Startup Cost": 10000000012.75, "Total Cost": 1000007650100.0, "Plan Rows": 47655, "Plan Width": 8, "Actual Startup Time": 0.036, "Actual Total Time": 1895.081, "Actual Rows": 218121, "Actual Loops": 1, "Filter": "((c_acctbal > 0::double precision) AND (\"substring\"((c_phone)::text, 1, 2) = ANY ('{20,40,22,30,39,42,21}'::text[])))", "Rows Removed by Filter": 1281879}]}, {"Node Type": "Sort", "Parent Relationship": "Outer", "Startup Cost": 130872.85, "Total Cost": 130872.86, "Plan Rows": 1, "Plan Width": 24, "Actual Startup Time": 4450.398, "Actual Total Time": 4453.934, "Actual Rows": 36604, "Actual Loops": 1, "Sort Key": ["(\"substring\"((public.customer.c_phone)::text, 1, 2))"], "Sort Method": "quicksort", "Sort Space Used": 4968, "Sort Space Type": "Memory", "Plans": [{"Node Type": "Nested Loop", "Parent Relationship": "Outer", "Join Type": "Anti", "Startup Cost": 0.0, "Total Cost": 130872.84, "Plan Rows": 1, "Plan Width": 24, "Actual Startup Time": 1990.521, "Actual Total Time": 4429.799, "Actual Rows": 36604, "Actual Loops": 1, "Inner Unique": false, "Plans": [{"Node Type": "Index Scan", "Parent Relationship": "Outer", "Scan Direction": "Forward", "Index Name": "customer_pkey", "Relation Name": "customer", "Alias": "customer", "Startup Cost": 0.0, "Total Cost": 105140.36, "Plan Rows": 17500, "Plan Width": 32, "Actual Startup Time": 1990.477, "Actual Total Time": 3857.715, "Actual Rows": 109197, "Actual Loops": 1, "Filter": "((c_acctbal > $0) AND (\"substring\"((c_phone)::text, 1, 2) = ANY ('{20,40,22,30,39,42,21}'::text[])))", "Rows Removed by Filter": 1390803}, {"Node Type": "Index Only Scan", "Parent Relationship": "Inner", "Scan Direction": "Forward", "Index Name": "idx_orders_custkey", "Relation Name": "orders", "Alias": "orders", "Startup Cost": 0.0, "Total Cost": 3.79, "Plan Rows": 4, "Plan Width": 8, "Actual Startup Time": 469.636, "Actual Total Time": 469.636, "Actual Rows": 72593, "Actual Loops": 109197, "Index Cond": "(o_custkey = public.customer.c_custkey)", "Rows Removed by Index Recheck": 0, "Heap Fetches": 0}]}]}]}, "Triggers": [], "Planner Runtime": 0.607, "Total Runtime": 4464.404, "Unique SQL Id": 2798552886}}, "(1, 34)": {"explain_plan": {"Plan": {"Node Type": "Aggregate", "Strategy": "Sorted", "Startup Cost": 326543.86, "Total Cost": 326543.89, "Plan Rows": 1, "Plan Width": 40, "Group By Key": ["(\"substring\"((public.customer.c_phone)::text, 1, 2))"], "Plans": [{"Node Type": "Aggregate", "Strategy": "Plain", "Parent Relationship": "exec_init_plan", "Subplan Name": "InitPlan 1 (returns $0)", "Startup Cost": 76620.14, "Total Cost": 76620.15, "Plan Rows": 1, "Plan Width": 40, "Plans": [{"Node Type": "Seq Scan", "Parent Relationship": "Outer", "Relation Name": "customer", "Alias": "customer", "Startup Cost": 12.98, "Total Cost": 76501.0, "Plan Rows": 47655, "Plan Width": 8, "Filter": "((c_acctbal > 0::double precision) AND (\"substring\"((c_phone)::text, 1, 2) = ANY ('{20,40,22,30,39,42,21}'::text[])))"}]}, {"Node Type": "Sort", "Parent Relationship": "Outer", "Startup Cost": 249923.71, "Total Cost": 249923.72, "Plan Rows": 1, "Plan Width": 24, "Sort Key": ["(\"substring\"((public.customer.c_phone)::text, 1, 2))"], "Plans": [{"Node Type": "Nested Loop", "Parent Relationship": "Outer", "Join Type": "Anti", "Startup Cost": 3.75, "Total Cost": 249923.7, "Plan Rows": 1, "Plan Width": 24, "Inner Unique": false, "Plans": [{"Node Type": "Seq Scan", "Parent Relationship": "Outer", "Relation Name": "customer", "Alias": "customer", "Startup Cost": 0.0, "Total Cost": 76501.0, "Plan Rows": 17500, "Plan Width": 32, "Filter": "((c_acctbal > $0) AND (\"substring\"((c_phone)::text, 1, 2) = ANY ('{20,40,22,30,39,42,21}'::text[])))"}, {"Node Type": "Bitmap Heap Scan", "Parent Relationship": "Inner", "Relation Name": "orders", "Alias": "orders", "Startup Cost": 3.75, "Total Cost": 19.76, "Plan Rows": 4, "Plan Width": 8, "Recheck Cond": "(o_custkey = public.customer.c_custkey)", "Plans": [{"Node Type": "Bitmap Index Scan", "Parent Relationship": "Outer", "Index Name": "idx_orders_custkey", "Startup Cost": 0.0, "Total Cost": 3.75, "Plan Rows": 4, "Plan Width": 0, "Index Cond": "(o_custkey = public.customer.c_custkey)"}]}]}]}]}, "Unique SQL Id": 2798552886}, "explain_analyze_plan": {"Plan": {"Node Type": "Aggregate", "Strategy": "Sorted", "Startup Cost": 326543.86, "Total Cost": 326543.89, "Plan Rows": 1, "Plan Width": 40, "Actual Startup Time": 4467.914, "Actual Total Time": 4478.319, "Actual Rows": 4, "Actual Loops": 1, "Group By Key": ["(\"substring\"((public.customer.c_phone)::text, 1, 2))"], "Plans": [{"Node Type": "Aggregate", "Strategy": "Plain", "Parent Relationship": "exec_init_plan", "Subplan Name": "InitPlan 1 (returns $0)", "Startup Cost": 76620.14, "Total Cost": 76620.15, "Plan Rows": 1, "Plan Width": 40, "Actual Startup Time": 1998.25, "Actual Total Time": 1998.25, "Actual Rows": 1, "Actual Loops": 1, "Plans": [{"Node Type": "Seq Scan", "Parent Relationship": "Outer", "Relation Name": "customer", "Alias": "customer", "Startup Cost": 12.98, "Total Cost": 76501.0, "Plan Rows": 47655, "Plan Width": 8, "Actual Startup Time": 0.027, "Actual Total Time": 1903.14, "Actual Rows": 218121, "Actual Loops": 1, "Filter": "((c_acctbal > 0::double precision) AND (\"substring\"((c_phone)::text, 1, 2) = ANY ('{20,40,22,30,39,42,21}'::text[])))", "Rows Removed by Filter": 1281879}]}, {"Node Type": "Sort", "Parent Relationship": "Outer", "Startup Cost": 249923.71, "Total Cost": 249923.72, "Plan Rows": 1, "Plan Width": 24, "Actual Startup Time": 4464.389, "Actual Total Time": 4467.967, "Actual Rows": 36604, "Actual Loops": 1, "Sort Key": ["(\"substring\"((public.customer.c_phone)::text, 1, 2))"], "Sort Method": "quicksort", "Sort Space Used": 4968, "Sort Space Type": "Memory", "Plans": [{"Node Type": "Nested Loop", "Parent Relationship": "Outer", "Join Type": "Anti", "Startup Cost": 3.75, "Total Cost": 249923.7, "Plan Rows": 1, "Plan Width": 24, "Actual Startup Time": 1998.373, "Actual Total Time": 4442.474, "Actual Rows": 36604, "Actual Loops": 1, "Inner Unique": false, "Plans": [{"Node Type": "Seq Scan", "Parent Relationship": "Outer", "Relation Name": "customer", "Alias": "customer", "Startup Cost": 0.0, "Total Cost": 76501.0, "Plan Rows": 17500, "Plan Width": 32, "Actual Startup Time": 1998.311, "Actual Total Time": 3303.891, "Actual Rows": 109197, "Actual Loops": 1, "Filter": "((c_acctbal > $0) AND (\"substring\"((c_phone)::text, 1, 2) = ANY ('{20,40,22,30,39,42,21}'::text[])))", "Rows Removed by Filter": 1390803}, {"Node Type": "Bitmap Heap Scan", "Parent Relationship": "Inner", "Relation Name": "orders", "Alias": "orders", "Startup Cost": 3.75, "Total Cost": 19.76, "Plan Rows": 4, "Plan Width": 8, "Actual Startup Time": 951.823, "Actual Total Time": 951.823, "Actual Rows": 72593, "Actual Loops": 109197, "Recheck Cond": "(o_custkey = public.customer.c_custkey)", "Rows Removed by Index Recheck": 0, "Exact Heap Blocks": 72593, "Lossy Heap Blocks": 72593, "Plans": [{"Node Type": "Bitmap Index Scan", "Parent Relationship": "Outer", "Index Name": "idx_orders_custkey", "Startup Cost": 0.0, "Total Cost": 3.75, "Plan Rows": 4, "Plan Width": 0, "Actual Startup Time": 597.509, "Actual Total Time": 597.509, "Actual Rows": 1091631, "Actual Loops": 109197, "Index Cond": "(o_custkey = public.customer.c_custkey)"}]}]}]}]}, "Triggers": [], "Planner Runtime": 0.604, "Total Runtime": 4478.631, "Unique SQL Id": 2798552886}}, "(1, 35)": {"explain_plan": {"Plan": {"Node Type": "Aggregate", "Strategy": "Sorted", "Startup Cost": 2000018337677.48, "Total Cost": 2000018337677.51, "Plan Rows": 1, "Plan Width": 40, "Group By Key": ["(\"substring\"((public.customer.c_phone)::text, 1, 2))"], "Plans": [{"Node Type": "Aggregate", "Strategy": "Plain", "Parent Relationship": "exec_init_plan", "Subplan Name": "InitPlan 1 (returns $0)", "Startup Cost": 1000007650219.14, "Total Cost": 1000007650219.15, "Plan Rows": 1, "Plan Width": 40, "Plans": [{"Node Type": "Seq Scan", "Parent Relationship": "Outer", "Relation Name": "customer", "Alias": "customer", "Startup Cost": 10000000012.75, "Total Cost": 1000007650100.0, "Plan Rows": 47655, "Plan Width": 8, "Filter": "((c_acctbal > 0::double precision) AND (\"substring\"((c_phone)::text, 1, 2) = ANY ('{20,40,22,30,39,42,21}'::text[])))"}]}, {"Node Type": "Sort", "Parent Relationship": "Outer", "Startup Cost": 1000010687458.33, "Total Cost": 1000010687458.34, "Plan Rows": 1, "Plan Width": 24, "Sort Key": ["(\"substring\"((public.customer.c_phone)::text, 1, 2))"], "Plans": [{"Node Type": "Nested Loop", "Parent Relationship": "Outer", "Join Type": "Anti", "Startup Cost": 10000000003.75, "Total Cost": 1000010687458.32, "Plan Rows": 1, "Plan Width": 24, "Inner Unique": false, "Plans": [{"Node Type": "Index Scan", "Parent Relationship": "Outer", "Scan Direction": "Forward", "Index Name": "customer_pkey", "Relation Name": "customer", "Alias": "customer", "Startup Cost": 10000000000.0, "Total Cost": 1000010514035.62, "Plan Rows": 17500, "Plan Width": 32, "Filter": "((c_acctbal > $0) AND (\"substring\"((c_phone)::text, 1, 2) = ANY ('{20,40,22,30,39,42,21}'::text[])))"}, {"Node Type": "Bitmap Heap Scan", "Parent Relationship": "Inner", "Relation Name": "orders", "Alias": "orders", "Startup Cost": 3.75, "Total Cost": 19.76, "Plan Rows": 4, "Plan Width": 8, "Recheck Cond": "(o_custkey = public.customer.c_custkey)", "Plans": [{"Node Type": "Bitmap Index Scan", "Parent Relationship": "Outer", "Index Name": "idx_orders_custkey", "Startup Cost": 0.0, "Total Cost": 3.75, "Plan Rows": 4, "Plan Width": 0, "Index Cond": "(o_custkey = public.customer.c_custkey)"}]}]}]}]}, "Unique SQL Id": 2798552886}, "explain_analyze_plan": {"Plan": {"Node Type": "Aggregate", "Strategy": "Sorted", "Startup Cost": 2000018337677.48, "Total Cost": 2000018337677.51, "Plan Rows": 1, "Plan Width": 40, "Actual Startup Time": 4938.481, "Actual Total Time": 4948.912, "Actual Rows": 4, "Actual Loops": 1, "Group By Key": ["(\"substring\"((public.customer.c_phone)::text, 1, 2))"], "Plans": [{"Node Type": "Aggregate", "Strategy": "Plain", "Parent Relationship": "exec_init_plan", "Subplan Name": "InitPlan 1 (returns $0)", "Startup Cost": 1000007650219.14, "Total Cost": 1000007650219.15, "Plan Rows": 1, "Plan Width": 40, "Actual Startup Time": 1989.173, "Actual Total Time": 1989.174, "Actual Rows": 1, "Actual Loops": 1, "Plans": [{"Node Type": "Seq Scan", "Parent Relationship": "Outer", "Relation Name": "customer", "Alias": "customer", "Startup Cost": 10000000012.75, "Total Cost": 1000007650100.0, "Plan Rows": 47655, "Plan Width": 8, "Actual Startup Time": 0.032, "Actual Total Time": 1894.45, "Actual Rows": 218121, "Actual Loops": 1, "Filter": "((c_acctbal > 0::double precision) AND (\"substring\"((c_phone)::text, 1, 2) = ANY ('{20,40,22,30,39,42,21}'::text[])))", "Rows Removed by Filter": 1281879}]}, {"Node Type": "Sort", "Parent Relationship": "Outer", "Startup Cost": 1000010687458.33, "Total Cost": 1000010687458.34, "Plan Rows": 1, "Plan Width": 24, "Actual Startup Time": 4934.953, "Actual Total Time": 4938.537, "Actual Rows": 36604, "Actual Loops": 1, "Sort Key": ["(\"substring\"((public.customer.c_phone)::text, 1, 2))"], "Sort Method": "quicksort", "Sort Space Used": 4968, "Sort Space Type": "Memory", "Plans": [{"Node Type": "Nested Loop", "Parent Relationship": "Outer", "Join Type": "Anti", "Startup Cost": 10000000003.75, "Total Cost": 1000010687458.32, "Plan Rows": 1, "Plan Width": 24, "Actual Startup Time": 1989.319, "Actual Total Time": 4912.858, "Actual Rows": 36604, "Actual Loops": 1, "Inner Unique": false, "Plans": [{"Node Type": "Index Scan", "Parent Relationship": "Outer", "Scan Direction": "Forward", "Index Name": "customer_pkey", "Relation Name": "customer", "Alias": "customer", "Startup Cost": 10000000000.0, "Total Cost": 1000010514035.62, "Plan Rows": 17500, "Plan Width": 32, "Actual Startup Time": 1989.251, "Actual Total Time": 3801.63, "Actual Rows": 109197, "Actual Loops": 1, "Filter": "((c_acctbal > $0) AND (\"substring\"((c_phone)::text, 1, 2) = ANY ('{20,40,22,30,39,42,21}'::text[])))", "Rows Removed by Filter": 1390803}, {"Node Type": "Bitmap Heap Scan", "Parent Relationship": "Inner", "Relation Name": "orders", "Alias": "orders", "Startup Cost": 3.75, "Total Cost": 19.76, "Plan Rows": 4, "Plan Width": 8, "Actual Startup Time": 921.241, "Actual Total Time": 921.241, "Actual Rows": 72593, "Actual Loops": 109197, "Recheck Cond": "(o_custkey = public.customer.c_custkey)", "Rows Removed by Index Recheck": 0, "Exact Heap Blocks": 72593, "Lossy Heap Blocks": 72593, "Plans": [{"Node Type": "Bitmap Index Scan", "Parent Relationship": "Outer", "Index Name": "idx_orders_custkey", "Startup Cost": 0.0, "Total Cost": 3.75, "Plan Rows": 4, "Plan Width": 0, "Actual Startup Time": 578.575, "Actual Total Time": 578.575, "Actual Rows": 1091631, "Actual Loops": 109197, "Index Cond": "(o_custkey = public.customer.c_custkey)"}]}]}]}]}, "Triggers": [], "Planner Runtime": 0.609, "Total Runtime": 4949.194, "Unique SQL Id": 2798552886}}, "(1, 36)": {"explain_plan": {"Plan": {"Node Type": "Aggregate", "Strategy": "Sorted", "Startup Cost": 274230.77, "Total Cost": 274230.8, "Plan Rows": 1, "Plan Width": 40, "Group By Key": ["(\"substring\"((public.customer.c_phone)::text, 1, 2))"], "Plans": [{"Node Type": "Aggregate", "Strategy": "Plain", "Parent Relationship": "exec_init_plan", "Subplan Name": "InitPlan 1 (returns $0)", "Startup Cost": 76620.14, "Total Cost": 76620.15, "Plan Rows": 1, "Plan Width": 40, "Plans": [{"Node Type": "Seq Scan", "Parent Relationship": "Outer", "Relation Name": "customer", "Alias": "customer", "Startup Cost": 12.98, "Total Cost": 76501.0, "Plan Rows": 47655, "Plan Width": 8, "Filter": "((c_acctbal > 0::double precision) AND (\"substring\"((c_phone)::text, 1, 2) = ANY ('{20,40,22,30,39,42,21}'::text[])))"}]}, {"Node Type": "Sort", "Parent Relationship": "Outer", "Startup Cost": 197610.62, "Total Cost": 197610.62, "Plan Rows": 1, "Plan Width": 24, "Sort Key": ["(\"substring\"((public.customer.c_phone)::text, 1, 2))"], "Plans": [{"Node Type": "Nested Loop", "Parent Relationship": "Outer", "Join Type": "Anti", "Startup Cost": 0.0, "Total Cost": 197610.61, "Plan Rows": 1, "Plan Width": 24, "Inner Unique": false, "Plans": [{"Node Type": "Seq Scan", "Parent Relationship": "Outer", "Relation Name": "customer", "Alias": "customer", "Startup Cost": 0.0, "Total Cost": 76501.0, "Plan Rows": 17500, "Plan Width": 32, "Filter": "((c_acctbal > $0) AND (\"substring\"((c_phone)::text, 1, 2) = ANY ('{20,40,22,30,39,42,21}'::text[])))"}, {"Node Type": "Index Scan", "Parent Relationship": "Inner", "Scan Direction": "Forward", "Index Name": "idx_orders_custkey", "Relation Name": "orders", "Alias": "orders", "Startup Cost": 0.0, "Total Cost": 17.99, "Plan Rows": 4, "Plan Width": 8, "Index Cond": "(o_custkey = public.customer.c_custkey)"}]}]}]}, "Unique SQL Id": 2798552886}, "explain_analyze_plan": {"Plan": {"Node Type": "Aggregate", "Strategy": "Sorted", "Startup Cost": 274230.77, "Total Cost": 274230.8, "Plan Rows": 1, "Plan Width": 40, "Actual Startup Time": 4066.361, "Actual Total Time": 4076.734, "Actual Rows": 4, "Actual Loops": 1, "Group By Key": ["(\"substring\"((public.customer.c_phone)::text, 1, 2))"], "Plans": [{"Node Type": "Aggregate", "Strategy": "Plain", "Parent Relationship": "exec_init_plan", "Subplan Name": "InitPlan 1 (returns $0)", "Startup Cost": 76620.14, "Total Cost": 76620.15, "Plan Rows": 1, "Plan Width": 40, "Actual Startup Time": 1991.742, "Actual Total Time": 1991.742, "Actual Rows": 1, "Actual Loops": 1, "Plans": [{"Node Type": "Seq Scan", "Parent Relationship": "Outer", "Relation Name": "customer", "Alias": "customer", "Startup Cost": 12.98, "Total Cost": 76501.0, "Plan Rows": 47655, "Plan Width": 8, "Actual Startup Time": 0.028, "Actual Total Time": 1896.339, "Actual Rows": 218121, "Actual Loops": 1, "Filter": "((c_acctbal > 0::double precision) AND (\"substring\"((c_phone)::text, 1, 2) = ANY ('{20,40,22,30,39,42,21}'::text[])))", "Rows Removed by Filter": 1281879}]}, {"Node Type": "Sort", "Parent Relationship": "Outer", "Startup Cost": 197610.62, "Total Cost": 197610.62, "Plan Rows": 1, "Plan Width": 24, "Actual Startup Time": 4062.845, "Actual Total Time": 4066.44, "Actual Rows": 36604, "Actual Loops": 1, "Sort Key": ["(\"substring\"((public.customer.c_phone)::text, 1, 2))"], "Sort Method": "quicksort", "Sort Space Used": 4968, "Sort Space Type": "Memory", "Plans": [{"Node Type": "Nested Loop", "Parent Relationship": "Outer", "Join Type": "Anti", "Startup Cost": 0.0, "Total Cost": 197610.61, "Plan Rows": 1, "Plan Width": 24, "Actual Startup Time": 1991.84, "Actual Total Time": 4041.643, "Actual Rows": 36604, "Actual Loops": 1, "Inner Unique": false, "Plans": [{"Node Type": "Seq Scan", "Parent Relationship": "Outer", "Relation Name": "customer", "Alias": "customer", "Startup Cost": 0.0, "Total Cost": 76501.0, "Plan Rows": 17500, "Plan Width": 32, "Actual Startup Time": 1991.803, "Actual Total Time": 3287.835, "Actual Rows": 109197, "Actual Loops": 1, "Filter": "((c_acctbal > $0) AND (\"substring\"((c_phone)::text, 1, 2) = ANY ('{20,40,22,30,39,42,21}'::text[])))", "Rows Removed by Filter": 1390803}, {"Node Type": "Index Scan", "Parent Relationship": "Inner", "Scan Direction": "Forward", "Index Name": "idx_orders_custkey", "Relation Name": "orders", "Alias": "orders", "Startup Cost": 0.0, "Total Cost": 17.99, "Plan Rows": 4, "Plan Width": 8, "Actual Startup Time": 644.787, "Actual Total Time": 644.787, "Actual Rows": 72593, "Actual Loops": 109197, "Index Cond": "(o_custkey = public.customer.c_custkey)", "Rows Removed by Index Recheck": 0}]}]}]}, "Triggers": [], "Planner Runtime": 0.602, "Total Runtime": 4077.007, "Unique SQL Id": 2798552886}}, "(1, 37)": {"explain_plan": {"Plan": {"Node Type": "Aggregate", "Strategy": "Sorted", "Startup Cost": 1000007876469.13, "Total Cost": 1000007876469.15, "Plan Rows": 1, "Plan Width": 40, "Group By Key": ["(\"substring\"((public.customer.c_phone)::text, 1, 2))"], "Plans": [{"Node Type": "Aggregate", "Strategy": "Plain", "Parent Relationship": "exec_init_plan", "Subplan Name": "InitPlan 1 (returns $0)", "Startup Cost": 1000007650219.14, "Total Cost": 1000007650219.15, "Plan Rows": 1, "Plan Width": 40, "Plans": [{"Node Type": "Seq Scan", "Parent Relationship": "Outer", "Relation Name": "customer", "Alias": "customer", "Startup Cost": 10000000012.75, "Total Cost": 1000007650100.0, "Plan Rows": 47655, "Plan Width": 8, "Filter": "((c_acctbal > 0::double precision) AND (\"substring\"((c_phone)::text, 1, 2) = ANY ('{20,40,22,30,39,42,21}'::text[])))"}]}, {"Node Type": "Sort", "Parent Relationship": "Outer", "Startup Cost": 226249.98, "Total Cost": 226249.98, "Plan Rows": 1, "Plan Width": 24, "Sort Key": ["(\"substring\"((public.customer.c_phone)::text, 1, 2))"], "Plans": [{"Node Type": "Nested Loop", "Parent Relationship": "Outer", "Join Type": "Anti", "Startup Cost": 0.0, "Total Cost": 226249.97, "Plan Rows": 1, "Plan Width": 24, "Inner Unique": false, "Plans": [{"Node Type": "Index Scan", "Parent Relationship": "Outer", "Scan Direction": "Forward", "Index Name": "customer_pkey", "Relation Name": "customer", "Alias": "customer", "Startup Cost": 0.0, "Total Cost": 105140.36, "Plan Rows": 17500, "Plan Width": 32, "Filter": "((c_acctbal > $0) AND (\"substring\"((c_phone)::text, 1, 2) = ANY ('{20,40,22,30,39,42,21}'::text[])))"}, {"Node Type": "Index Scan", "Parent Relationship": "Inner", "Scan Direction": "Forward", "Index Name": "idx_orders_custkey", "Relation Name": "orders", "Alias": "orders", "Startup Cost": 0.0, "Total Cost": 17.99, "Plan Rows": 4, "Plan Width": 8, "Index Cond": "(o_custkey = public.customer.c_custkey)"}]}]}]}, "Unique SQL Id": 2798552886}, "explain_analyze_plan": {"Plan": {"Node Type": "Aggregate", "Strategy": "Sorted", "Startup Cost": 1000007876469.13, "Total Cost": 1000007876469.15, "Plan Rows": 1, "Plan Width": 40, "Actual Startup Time": 4435.834, "Actual Total Time": 4446.26, "Actual Rows": 4, "Actual Loops": 1, "Group By Key": ["(\"substring\"((public.customer.c_phone)::text, 1, 2))"], "Plans": [{"Node Type": "Aggregate", "Strategy": "Plain", "Parent Relationship": "exec_init_plan", "Subplan Name": "InitPlan 1 (returns $0)", "Startup Cost": 1000007650219.14, "Total Cost": 1000007650219.15, "Plan Rows": 1, "Plan Width": 40, "Actual Startup Time": 1997.317, "Actual Total Time": 1997.317, "Actual Rows": 1, "Actual Loops": 1, "Plans": [{"Node Type": "Seq Scan", "Parent Relationship": "Outer", "Relation Name": "customer", "Alias": "customer", "Startup Cost": 10000000012.75, "Total Cost": 1000007650100.0, "Plan Rows": 47655, "Plan Width": 8, "Actual Startup Time": 0.038, "Actual Total Time": 1901.983, "Actual Rows": 218121, "Actual Loops": 1, "Filter": "((c_acctbal > 0::double precision) AND (\"substring\"((c_phone)::text, 1, 2) = ANY ('{20,40,22,30,39,42,21}'::text[])))", "Rows Removed by Filter": 1281879}]}, {"Node Type": "Sort", "Parent Relationship": "Outer", "Startup Cost": 226249.98, "Total Cost": 226249.98, "Plan Rows": 1, "Plan Width": 24, "Actual Startup Time": 4432.31, "Actual Total Time": 4435.843, "Actual Rows": 36604, "Actual Loops": 1, "Sort Key": ["(\"substring\"((public.customer.c_phone)::text, 1, 2))"], "Sort Method": "quicksort", "Sort Space Used": 4968, "Sort Space Type": "Memory", "Plans": [{"Node Type": "Nested Loop", "Parent Relationship": "Outer", "Join Type": "Anti", "Startup Cost": 0.0, "Total Cost": 226249.97, "Plan Rows": 1, "Plan Width": 24, "Actual Startup Time": 1997.433, "Actual Total Time": 4411.89, "Actual Rows": 36604, "Actual Loops": 1, "Inner Unique": false, "Plans": [{"Node Type": "Index Scan", "Parent Relationship": "Outer", "Scan Direction": "Forward", "Index Name": "customer_pkey", "Relation Name": "customer", "Alias": "customer", "Startup Cost": 0.0, "Total Cost": 105140.36, "Plan Rows": 17500, "Plan Width": 32, "Actual Startup Time": 1997.392, "Actual Total Time": 3747.515, "Actual Rows": 109197, "Actual Loops": 1, "Filter": "((c_acctbal > $0) AND (\"substring\"((c_phone)::text, 1, 2) = ANY ('{20,40,22,30,39,42,21}'::text[])))", "Rows Removed by Filter": 1390803}, {"Node Type": "Index Scan", "Parent Relationship": "Inner", "Scan Direction": "Forward", "Index Name": "idx_orders_custkey", "Relation Name": "orders", "Alias": "orders", "Startup Cost": 0.0, "Total Cost": 17.99, "Plan Rows": 4, "Plan Width": 8, "Actual Startup Time": 555.838, "Actual Total Time": 555.838, "Actual Rows": 72593, "Actual Loops": 109197, "Index Cond": "(o_custkey = public.customer.c_custkey)", "Rows Removed by Index Recheck": 0}]}]}]}, "Triggers": [], "Planner Runtime": 0.606, "Total Runtime": 4446.572, "Unique SQL Id": 2798552886}}, "(1, 38)": {"explain_plan": {"Plan": {"Node Type": "Aggregate", "Strategy": "Sorted", "Startup Cost": 326543.86, "Total Cost": 326543.89, "Plan Rows": 1, "Plan Width": 40, "Group By Key": ["(\"substring\"((public.customer.c_phone)::text, 1, 2))"], "Plans": [{"Node Type": "Aggregate", "Strategy": "Plain", "Parent Relationship": "exec_init_plan", "Subplan Name": "InitPlan 1 (returns $0)", "Startup Cost": 76620.14, "Total Cost": 76620.15, "Plan Rows": 1, "Plan Width": 40, "Plans": [{"Node Type": "Seq Scan", "Parent Relationship": "Outer", "Relation Name": "customer", "Alias": "customer", "Startup Cost": 12.98, "Total Cost": 76501.0, "Plan Rows": 47655, "Plan Width": 8, "Filter": "((c_acctbal > 0::double precision) AND (\"substring\"((c_phone)::text, 1, 2) = ANY ('{20,40,22,30,39,42,21}'::text[])))"}]}, {"Node Type": "Sort", "Parent Relationship": "Outer", "Startup Cost": 249923.71, "Total Cost": 249923.72, "Plan Rows": 1, "Plan Width": 24, "Sort Key": ["(\"substring\"((public.customer.c_phone)::text, 1, 2))"], "Plans": [{"Node Type": "Nested Loop", "Parent Relationship": "Outer", "Join Type": "Anti", "Startup Cost": 3.75, "Total Cost": 249923.7, "Plan Rows": 1, "Plan Width": 24, "Inner Unique": false, "Plans": [{"Node Type": "Seq Scan", "Parent Relationship": "Outer", "Relation Name": "customer", "Alias": "customer", "Startup Cost": 0.0, "Total Cost": 76501.0, "Plan Rows": 17500, "Plan Width": 32, "Filter": "((c_acctbal > $0) AND (\"substring\"((c_phone)::text, 1, 2) = ANY ('{20,40,22,30,39,42,21}'::text[])))"}, {"Node Type": "Bitmap Heap Scan", "Parent Relationship": "Inner", "Relation Name": "orders", "Alias": "orders", "Startup Cost": 3.75, "Total Cost": 19.76, "Plan Rows": 4, "Plan Width": 8, "Recheck Cond": "(o_custkey = public.customer.c_custkey)", "Plans": [{"Node Type": "Bitmap Index Scan", "Parent Relationship": "Outer", "Index Name": "idx_orders_custkey", "Startup Cost": 0.0, "Total Cost": 3.75, "Plan Rows": 4, "Plan Width": 0, "Index Cond": "(o_custkey = public.customer.c_custkey)"}]}]}]}]}, "Unique SQL Id": 2798552886}, "explain_analyze_plan": {"Plan": {"Node Type": "Aggregate", "Strategy": "Sorted", "Startup Cost": 326543.86, "Total Cost": 326543.89, "Plan Rows": 1, "Plan Width": 40, "Actual Startup Time": 4467.914, "Actual Total Time": 4478.319, "Actual Rows": 4, "Actual Loops": 1, "Group By Key": ["(\"substring\"((public.customer.c_phone)::text, 1, 2))"], "Plans": [{"Node Type": "Aggregate", "Strategy": "Plain", "Parent Relationship": "exec_init_plan", "Subplan Name": "InitPlan 1 (returns $0)", "Startup Cost": 76620.14, "Total Cost": 76620.15, "Plan Rows": 1, "Plan Width": 40, "Actual Startup Time": 1998.25, "Actual Total Time": 1998.25, "Actual Rows": 1, "Actual Loops": 1, "Plans": [{"Node Type": "Seq Scan", "Parent Relationship": "Outer", "Relation Name": "customer", "Alias": "customer", "Startup Cost": 12.98, "Total Cost": 76501.0, "Plan Rows": 47655, "Plan Width": 8, "Actual Startup Time": 0.027, "Actual Total Time": 1903.14, "Actual Rows": 218121, "Actual Loops": 1, "Filter": "((c_acctbal > 0::double precision) AND (\"substring\"((c_phone)::text, 1, 2) = ANY ('{20,40,22,30,39,42,21}'::text[])))", "Rows Removed by Filter": 1281879}]}, {"Node Type": "Sort", "Parent Relationship": "Outer", "Startup Cost": 249923.71, "Total Cost": 249923.72, "Plan Rows": 1, "Plan Width": 24, "Actual Startup Time": 4464.389, "Actual Total Time": 4467.967, "Actual Rows": 36604, "Actual Loops": 1, "Sort Key": ["(\"substring\"((public.customer.c_phone)::text, 1, 2))"], "Sort Method": "quicksort", "Sort Space Used": 4968, "Sort Space Type": "Memory", "Plans": [{"Node Type": "Nested Loop", "Parent Relationship": "Outer", "Join Type": "Anti", "Startup Cost": 3.75, "Total Cost": 249923.7, "Plan Rows": 1, "Plan Width": 24, "Actual Startup Time": 1998.373, "Actual Total Time": 4442.474, "Actual Rows": 36604, "Actual Loops": 1, "Inner Unique": false, "Plans": [{"Node Type": "Seq Scan", "Parent Relationship": "Outer", "Relation Name": "customer", "Alias": "customer", "Startup Cost": 0.0, "Total Cost": 76501.0, "Plan Rows": 17500, "Plan Width": 32, "Actual Startup Time": 1998.311, "Actual Total Time": 3303.891, "Actual Rows": 109197, "Actual Loops": 1, "Filter": "((c_acctbal > $0) AND (\"substring\"((c_phone)::text, 1, 2) = ANY ('{20,40,22,30,39,42,21}'::text[])))", "Rows Removed by Filter": 1390803}, {"Node Type": "Bitmap Heap Scan", "Parent Relationship": "Inner", "Relation Name": "orders", "Alias": "orders", "Startup Cost": 3.75, "Total Cost": 19.76, "Plan Rows": 4, "Plan Width": 8, "Actual Startup Time": 951.823, "Actual Total Time": 951.823, "Actual Rows": 72593, "Actual Loops": 109197, "Recheck Cond": "(o_custkey = public.customer.c_custkey)", "Rows Removed by Index Recheck": 0, "Exact Heap Blocks": 72593, "Lossy Heap Blocks": 72593, "Plans": [{"Node Type": "Bitmap Index Scan", "Parent Relationship": "Outer", "Index Name": "idx_orders_custkey", "Startup Cost": 0.0, "Total Cost": 3.75, "Plan Rows": 4, "Plan Width": 0, "Actual Startup Time": 597.509, "Actual Total Time": 597.509, "Actual Rows": 1091631, "Actual Loops": 109197, "Index Cond": "(o_custkey = public.customer.c_custkey)"}]}]}]}]}, "Triggers": [], "Planner Runtime": 0.604, "Total Runtime": 4478.631, "Unique SQL Id": 2798552886}}, "(1, 39)": {"explain_plan": {"Plan": {"Node Type": "Aggregate", "Strategy": "Sorted", "Startup Cost": 2000018337677.48, "Total Cost": 2000018337677.51, "Plan Rows": 1, "Plan Width": 40, "Group By Key": ["(\"substring\"((public.customer.c_phone)::text, 1, 2))"], "Plans": [{"Node Type": "Aggregate", "Strategy": "Plain", "Parent Relationship": "exec_init_plan", "Subplan Name": "InitPlan 1 (returns $0)", "Startup Cost": 1000007650219.14, "Total Cost": 1000007650219.15, "Plan Rows": 1, "Plan Width": 40, "Plans": [{"Node Type": "Seq Scan", "Parent Relationship": "Outer", "Relation Name": "customer", "Alias": "customer", "Startup Cost": 10000000012.75, "Total Cost": 1000007650100.0, "Plan Rows": 47655, "Plan Width": 8, "Filter": "((c_acctbal > 0::double precision) AND (\"substring\"((c_phone)::text, 1, 2) = ANY ('{20,40,22,30,39,42,21}'::text[])))"}]}, {"Node Type": "Sort", "Parent Relationship": "Outer", "Startup Cost": 1000010687458.33, "Total Cost": 1000010687458.34, "Plan Rows": 1, "Plan Width": 24, "Sort Key": ["(\"substring\"((public.customer.c_phone)::text, 1, 2))"], "Plans": [{"Node Type": "Nested Loop", "Parent Relationship": "Outer", "Join Type": "Anti", "Startup Cost": 10000000003.75, "Total Cost": 1000010687458.32, "Plan Rows": 1, "Plan Width": 24, "Inner Unique": false, "Plans": [{"Node Type": "Index Scan", "Parent Relationship": "Outer", "Scan Direction": "Forward", "Index Name": "customer_pkey", "Relation Name": "customer", "Alias": "customer", "Startup Cost": 10000000000.0, "Total Cost": 1000010514035.62, "Plan Rows": 17500, "Plan Width": 32, "Filter": "((c_acctbal > $0) AND (\"substring\"((c_phone)::text, 1, 2) = ANY ('{20,40,22,30,39,42,21}'::text[])))"}, {"Node Type": "Bitmap Heap Scan", "Parent Relationship": "Inner", "Relation Name": "orders", "Alias": "orders", "Startup Cost": 3.75, "Total Cost": 19.76, "Plan Rows": 4, "Plan Width": 8, "Recheck Cond": "(o_custkey = public.customer.c_custkey)", "Plans": [{"Node Type": "Bitmap Index Scan", "Parent Relationship": "Outer", "Index Name": "idx_orders_custkey", "Startup Cost": 0.0, "Total Cost": 3.75, "Plan Rows": 4, "Plan Width": 0, "Index Cond": "(o_custkey = public.customer.c_custkey)"}]}]}]}]}, "Unique SQL Id": 2798552886}, "explain_analyze_plan": {"Plan": {"Node Type": "Aggregate", "Strategy": "Sorted", "Startup Cost": 2000018337677.48, "Total Cost": 2000018337677.51, "Plan Rows": 1, "Plan Width": 40, "Actual Startup Time": 4938.481, "Actual Total Time": 4948.912, "Actual Rows": 4, "Actual Loops": 1, "Group By Key": ["(\"substring\"((public.customer.c_phone)::text, 1, 2))"], "Plans": [{"Node Type": "Aggregate", "Strategy": "Plain", "Parent Relationship": "exec_init_plan", "Subplan Name": "InitPlan 1 (returns $0)", "Startup Cost": 1000007650219.14, "Total Cost": 1000007650219.15, "Plan Rows": 1, "Plan Width": 40, "Actual Startup Time": 1989.173, "Actual Total Time": 1989.174, "Actual Rows": 1, "Actual Loops": 1, "Plans": [{"Node Type": "Seq Scan", "Parent Relationship": "Outer", "Relation Name": "customer", "Alias": "customer", "Startup Cost": 10000000012.75, "Total Cost": 1000007650100.0, "Plan Rows": 47655, "Plan Width": 8, "Actual Startup Time": 0.032, "Actual Total Time": 1894.45, "Actual Rows": 218121, "Actual Loops": 1, "Filter": "((c_acctbal > 0::double precision) AND (\"substring\"((c_phone)::text, 1, 2) = ANY ('{20,40,22,30,39,42,21}'::text[])))", "Rows Removed by Filter": 1281879}]}, {"Node Type": "Sort", "Parent Relationship": "Outer", "Startup Cost": 1000010687458.33, "Total Cost": 1000010687458.34, "Plan Rows": 1, "Plan Width": 24, "Actual Startup Time": 4934.953, "Actual Total Time": 4938.537, "Actual Rows": 36604, "Actual Loops": 1, "Sort Key": ["(\"substring\"((public.customer.c_phone)::text, 1, 2))"], "Sort Method": "quicksort", "Sort Space Used": 4968, "Sort Space Type": "Memory", "Plans": [{"Node Type": "Nested Loop", "Parent Relationship": "Outer", "Join Type": "Anti", "Startup Cost": 10000000003.75, "Total Cost": 1000010687458.32, "Plan Rows": 1, "Plan Width": 24, "Actual Startup Time": 1989.319, "Actual Total Time": 4912.858, "Actual Rows": 36604, "Actual Loops": 1, "Inner Unique": false, "Plans": [{"Node Type": "Index Scan", "Parent Relationship": "Outer", "Scan Direction": "Forward", "Index Name": "customer_pkey", "Relation Name": "customer", "Alias": "customer", "Startup Cost": 10000000000.0, "Total Cost": 1000010514035.62, "Plan Rows": 17500, "Plan Width": 32, "Actual Startup Time": 1989.251, "Actual Total Time": 3801.63, "Actual Rows": 109197, "Actual Loops": 1, "Filter": "((c_acctbal > $0) AND (\"substring\"((c_phone)::text, 1, 2) = ANY ('{20,40,22,30,39,42,21}'::text[])))", "Rows Removed by Filter": 1390803}, {"Node Type": "Bitmap Heap Scan", "Parent Relationship": "Inner", "Relation Name": "orders", "Alias": "orders", "Startup Cost": 3.75, "Total Cost": 19.76, "Plan Rows": 4, "Plan Width": 8, "Actual Startup Time": 921.241, "Actual Total Time": 921.241, "Actual Rows": 72593, "Actual Loops": 109197, "Recheck Cond": "(o_custkey = public.customer.c_custkey)", "Rows Removed by Index Recheck": 0, "Exact Heap Blocks": 72593, "Lossy Heap Blocks": 72593, "Plans": [{"Node Type": "Bitmap Index Scan", "Parent Relationship": "Outer", "Index Name": "idx_orders_custkey", "Startup Cost": 0.0, "Total Cost": 3.75, "Plan Rows": 4, "Plan Width": 0, "Actual Startup Time": 578.575, "Actual Total Time": 578.575, "Actual Rows": 1091631, "Actual Loops": 109197, "Index Cond": "(o_custkey = public.customer.c_custkey)"}]}]}]}]}, "Triggers": [], "Planner Runtime": 0.609, "Total Runtime": 4949.194, "Unique SQL Id": 2798552886}}, "(1, 40)": {"explain_plan": {"Plan": {"Node Type": "Aggregate", "Strategy": "Sorted", "Startup Cost": 178853.65, "Total Cost": 178853.67, "Plan Rows": 1, "Plan Width": 40, "Group By Key": ["(\"substring\"((public.customer.c_phone)::text, 1, 2))"], "Plans": [{"Node Type": "Aggregate", "Strategy": "Plain", "Parent Relationship": "exec_init_plan", "Subplan Name": "InitPlan 1 (returns $0)", "Startup Cost": 76620.14, "Total Cost": 76620.15, "Plan Rows": 1, "Plan Width": 40, "Plans": [{"Node Type": "Seq Scan", "Parent Relationship": "Outer", "Relation Name": "customer", "Alias": "customer", "Startup Cost": 12.98, "Total Cost": 76501.0, "Plan Rows": 47655, "Plan Width": 8, "Filter": "((c_acctbal > 0::double precision) AND (\"substring\"((c_phone)::text, 1, 2) = ANY ('{20,40,22,30,39,42,21}'::text[])))"}]}, {"Node Type": "Sort", "Parent Relationship": "Outer", "Startup Cost": 102233.5, "Total Cost": 102233.5, "Plan Rows": 1, "Plan Width": 24, "Sort Key": ["(\"substring\"((public.customer.c_phone)::text, 1, 2))"], "Plans": [{"Node Type": "Nested Loop", "Parent Relationship": "Outer", "Join Type": "Anti", "Startup Cost": 0.0, "Total Cost": 102233.49, "Plan Rows": 1, "Plan Width": 24, "Inner Unique": false, "Plans": [{"Node Type": "Seq Scan", "Parent Relationship": "Outer", "Relation Name": "customer", "Alias": "customer", "Startup Cost": 0.0, "Total Cost": 76501.0, "Plan Rows": 17500, "Plan Width": 32, "Filter": "((c_acctbal > $0) AND (\"substring\"((c_phone)::text, 1, 2) = ANY ('{20,40,22,30,39,42,21}'::text[])))"}, {"Node Type": "Index Only Scan", "Parent Relationship": "Inner", "Scan Direction": "Forward", "Index Name": "idx_orders_custkey", "Relation Name": "orders", "Alias": "orders", "Startup Cost": 0.0, "Total Cost": 3.79, "Plan Rows": 4, "Plan Width": 8, "Index Cond": "(o_custkey = public.customer.c_custkey)"}]}]}]}, "Unique SQL Id": 2798552886}, "explain_analyze_plan": {"Plan": {"Node Type": "Aggregate", "Strategy": "Sorted", "Startup Cost": 178853.65, "Total Cost": 178853.67, "Plan Rows": 1, "Plan Width": 40, "Actual Startup Time": 3881.351, "Actual Total Time": 3891.855, "Actual Rows": 4, "Actual Loops": 1, "Group By Key": ["(\"substring\"((public.customer.c_phone)::text, 1, 2))"], "Plans": [{"Node Type": "Aggregate", "Strategy": "Plain", "Parent Relationship": "exec_init_plan", "Subplan Name": "InitPlan 1 (returns $0)", "Startup Cost": 76620.14, "Total Cost": 76620.15, "Plan Rows": 1, "Plan Width": 40, "Actual Startup Time": 2010.36, "Actual Total Time": 2010.361, "Actual Rows": 1, "Actual Loops": 1, "Plans": [{"Node Type": "Seq Scan", "Parent Relationship": "Outer", "Relation Name": "customer", "Alias": "customer", "Startup Cost": 12.98, "Total Cost": 76501.0, "Plan Rows": 47655, "Plan Width": 8, "Actual Startup Time": 0.029, "Actual Total Time": 1914.702, "Actual Rows": 218121, "Actual Loops": 1, "Filter": "((c_acctbal > 0::double precision) AND (\"substring\"((c_phone)::text, 1, 2) = ANY ('{20,40,22,30,39,42,21}'::text[])))", "Rows Removed by Filter": 1281879}]}, {"Node Type": "Sort", "Parent Relationship": "Outer", "Startup Cost": 102233.5, "Total Cost": 102233.5, "Plan Rows": 1, "Plan Width": 24, "Actual Startup Time": 3877.781, "Actual Total Time": 3881.447, "Actual Rows": 36604, "Actual Loops": 1, "Sort Key": ["(\"substring\"((public.customer.c_phone)::text, 1, 2))"], "Sort Method": "quicksort", "Sort Space Used": 4968, "Sort Space Type": "Memory", "Plans": [{"Node Type": "Nested Loop", "Parent Relationship": "Outer", "Join Type": "Anti", "Startup Cost": 0.0, "Total Cost": 102233.49, "Plan Rows": 1, "Plan Width": 24, "Actual Startup Time": 2010.457, "Actual Total Time": 3857.027, "Actual Rows": 36604, "Actual Loops": 1, "Inner Unique": false, "Plans": [{"Node Type": "Seq Scan", "Parent Relationship": "Outer", "Relation Name": "customer", "Alias": "customer", "Startup Cost": 0.0, "Total Cost": 76501.0, "Plan Rows": 17500, "Plan Width": 32, "Actual Startup Time": 2010.414, "Actual Total Time": 3294.32, "Actual Rows": 109197, "Actual Loops": 1, "Filter": "((c_acctbal > $0) AND (\"substring\"((c_phone)::text, 1, 2) = ANY ('{20,40,22,30,39,42,21}'::text[])))", "Rows Removed by Filter": 1390803}, {"Node Type": "Index Only Scan", "Parent Relationship": "Inner", "Scan Direction": "Forward", "Index Name": "idx_orders_custkey", "Relation Name": "orders", "Alias": "orders", "Startup Cost": 0.0, "Total Cost": 3.79, "Plan Rows": 4, "Plan Width": 8, "Actual Startup Time": 460.774, "Actual Total Time": 460.774, "Actual Rows": 72593, "Actual Loops": 109197, "Index Cond": "(o_custkey = public.customer.c_custkey)", "Rows Removed by Index Recheck": 0, "Heap Fetches": 0}]}]}]}, "Triggers": [], "Planner Runtime": 0.607, "Total Runtime": 3892.138, "Unique SQL Id": 2798552886}}, "(1, 41)": {"explain_plan": {"Plan": {"Node Type": "Aggregate", "Strategy": "Sorted", "Startup Cost": 1000007781092.0, "Total Cost": 1000007781092.03, "Plan Rows": 1, "Plan Width": 40, "Group By Key": ["(\"substring\"((public.customer.c_phone)::text, 1, 2))"], "Plans": [{"Node Type": "Aggregate", "Strategy": "Plain", "Parent Relationship": "exec_init_plan", "Subplan Name": "InitPlan 1 (returns $0)", "Startup Cost": 1000007650219.14, "Total Cost": 1000007650219.15, "Plan Rows": 1, "Plan Width": 40, "Plans": [{"Node Type": "Seq Scan", "Parent Relationship": "Outer", "Relation Name": "customer", "Alias": "customer", "Startup Cost": 10000000012.75, "Total Cost": 1000007650100.0, "Plan Rows": 47655, "Plan Width": 8, "Filter": "((c_acctbal > 0::double precision) AND (\"substring\"((c_phone)::text, 1, 2) = ANY ('{20,40,22,30,39,42,21}'::text[])))"}]}, {"Node Type": "Sort", "Parent Relationship": "Outer", "Startup Cost": 130872.85, "Total Cost": 130872.86, "Plan Rows": 1, "Plan Width": 24, "Sort Key": ["(\"substring\"((public.customer.c_phone)::text, 1, 2))"], "Plans": [{"Node Type": "Nested Loop", "Parent Relationship": "Outer", "Join Type": "Anti", "Startup Cost": 0.0, "Total Cost": 130872.84, "Plan Rows": 1, "Plan Width": 24, "Inner Unique": false, "Plans": [{"Node Type": "Index Scan", "Parent Relationship": "Outer", "Scan Direction": "Forward", "Index Name": "customer_pkey", "Relation Name": "customer", "Alias": "customer", "Startup Cost": 0.0, "Total Cost": 105140.36, "Plan Rows": 17500, "Plan Width": 32, "Filter": "((c_acctbal > $0) AND (\"substring\"((c_phone)::text, 1, 2) = ANY ('{20,40,22,30,39,42,21}'::text[])))"}, {"Node Type": "Index Only Scan", "Parent Relationship": "Inner", "Scan Direction": "Forward", "Index Name": "idx_orders_custkey", "Relation Name": "orders", "Alias": "orders", "Startup Cost": 0.0, "Total Cost": 3.79, "Plan Rows": 4, "Plan Width": 8, "Index Cond": "(o_custkey = public.customer.c_custkey)"}]}]}]}, "Unique SQL Id": 2798552886}, "explain_analyze_plan": {"Plan": {"Node Type": "Aggregate", "Strategy": "Sorted", "Startup Cost": 1000007781092.0, "Total Cost": 1000007781092.03, "Plan Rows": 1, "Plan Width": 40, "Actual Startup Time": 4453.89, "Actual Total Time": 4464.091, "Actual Rows": 4, "Actual Loops": 1, "Group By Key": ["(\"substring\"((public.customer.c_phone)::text, 1, 2))"], "Plans": [{"Node Type": "Aggregate", "Strategy": "Plain", "Parent Relationship": "exec_init_plan", "Subplan Name": "InitPlan 1 (returns $0)", "Startup Cost": 1000007650219.14, "Total Cost": 1000007650219.15, "Plan Rows": 1, "Plan Width": 40, "Actual Startup Time": 1990.397, "Actual Total Time": 1990.398, "Actual Rows": 1, "Actual Loops": 1, "Plans": [{"Node Type": "Seq Scan", "Parent Relationship": "Outer", "Relation Name": "customer", "Alias": "customer", "Startup Cost": 10000000012.75, "Total Cost": 1000007650100.0, "Plan Rows": 47655, "Plan Width": 8, "Actual Startup Time": 0.036, "Actual Total Time": 1895.081, "Actual Rows": 218121, "Actual Loops": 1, "Filter": "((c_acctbal > 0::double precision) AND (\"substring\"((c_phone)::text, 1, 2) = ANY ('{20,40,22,30,39,42,21}'::text[])))", "Rows Removed by Filter": 1281879}]}, {"Node Type": "Sort", "Parent Relationship": "Outer", "Startup Cost": 130872.85, "Total Cost": 130872.86, "Plan Rows": 1, "Plan Width": 24, "Actual Startup Time": 4450.398, "Actual Total Time": 4453.934, "Actual Rows": 36604, "Actual Loops": 1, "Sort Key": ["(\"substring\"((public.customer.c_phone)::text, 1, 2))"], "Sort Method": "quicksort", "Sort Space Used": 4968, "Sort Space Type": "Memory", "Plans": [{"Node Type": "Nested Loop", "Parent Relationship": "Outer", "Join Type": "Anti", "Startup Cost": 0.0, "Total Cost": 130872.84, "Plan Rows": 1, "Plan Width": 24, "Actual Startup Time": 1990.521, "Actual Total Time": 4429.799, "Actual Rows": 36604, "Actual Loops": 1, "Inner Unique": false, "Plans": [{"Node Type": "Index Scan", "Parent Relationship": "Outer", "Scan Direction": "Forward", "Index Name": "customer_pkey", "Relation Name": "customer", "Alias": "customer", "Startup Cost": 0.0, "Total Cost": 105140.36, "Plan Rows": 17500, "Plan Width": 32, "Actual Startup Time": 1990.477, "Actual Total Time": 3857.715, "Actual Rows": 109197, "Actual Loops": 1, "Filter": "((c_acctbal > $0) AND (\"substring\"((c_phone)::text, 1, 2) = ANY ('{20,40,22,30,39,42,21}'::text[])))", "Rows Removed by Filter": 1390803}, {"Node Type": "Index Only Scan", "Parent Relationship": "Inner", "Scan Direction": "Forward", "Index Name": "idx_orders_custkey", "Relation Name": "orders", "Alias": "orders", "Startup Cost": 0.0, "Total Cost": 3.79, "Plan Rows": 4, "Plan Width": 8, "Actual Startup Time": 469.636, "Actual Total Time": 469.636, "Actual Rows": 72593, "Actual Loops": 109197, "Index Cond": "(o_custkey = public.customer.c_custkey)", "Rows Removed by Index Recheck": 0, "Heap Fetches": 0}]}]}]}, "Triggers": [], "Planner Runtime": 0.607, "Total Runtime": 4464.404, "Unique SQL Id": 2798552886}}, "(1, 42)": {"explain_plan": {"Plan": {"Node Type": "Aggregate", "Strategy": "Sorted", "Startup Cost": 639751.62, "Total Cost": 639751.65, "Plan Rows": 1, "Plan Width": 40, "Group By Key": ["(\"substring\"((public.customer.c_phone)::text, 1, 2))"], "Plans": [{"Node Type": "Aggregate", "Strategy": "Plain", "Parent Relationship": "exec_init_plan", "Subplan Name": "InitPlan 1 (returns $0)", "Startup Cost": 76620.14, "Total Cost": 76620.15, "Plan Rows": 1, "Plan Width": 40, "Plans": [{"Node Type": "Seq Scan", "Parent Relationship": "Outer", "Relation Name": "customer", "Alias": "customer", "Startup Cost": 12.98, "Total Cost": 76501.0, "Plan Rows": 47655, "Plan Width": 8, "Filter": "((c_acctbal > 0::double precision) AND (\"substring\"((c_phone)::text, 1, 2) = ANY ('{20,40,22,30,39,42,21}'::text[])))"}]}, {"Node Type": "Sort", "Parent Relationship": "Outer", "Startup Cost": 563131.47, "Total Cost": 563131.48, "Plan Rows": 1, "Plan Width": 24, "Sort Key": ["(\"substring\"((public.customer.c_phone)::text, 1, 2))"], "Plans": [{"Node Type": "Hash Join", "Parent Relationship": "Outer", "Join Type": "Right Anti", "Startup Cost": 76719.75, "Total Cost": 563131.46, "Plan Rows": 1, "Plan Width": 24, "Inner Unique": true, "Hash Cond": "(orders.o_custkey = public.customer.c_custkey)", "Plans": [{"Node Type": "Seq Scan", "Parent Relationship": "Outer", "Relation Name": "orders", "Alias": "orders", "Startup Cost": 0.0, "Total Cost": 426413.79, "Plan Rows": 14999479, "Plan Width": 8}, {"Node Type": "Hash", "Parent Relationship": "Inner", "Startup Cost": 76501.0, "Total Cost": 76501.0, "Plan Rows": 17500, "Plan Width": 32, "Plans": [{"Node Type": "Seq Scan", "Parent Relationship": "Outer", "Relation Name": "customer", "Alias": "customer", "Startup Cost": 0.0, "Total Cost": 76501.0, "Plan Rows": 17500, "Plan Width": 32, "Filter": "((c_acctbal > $0) AND (\"substring\"((c_phone)::text, 1, 2) = ANY ('{20,40,22,30,39,42,21}'::text[])))"}]}]}]}]}, "Unique SQL Id": 2798552886}, "explain_analyze_plan": null}, "(1, 43)": {"explain_plan": {"Plan": {"Node Type": "Aggregate", "Strategy": "Sorted", "Startup Cost": 3001574749058.37, "Total Cost": 3001574749058.39, "Plan Rows": 1, "Plan Width": 40, "Group By Key": ["(\"substring\"((public.customer.c_phone)::text, 1, 2))"], "Plans": [{"Node Type": "Aggregate", "Strategy": "Plain", "Parent Relationship": "exec_init_plan", "Subplan Name": "InitPlan 1 (returns $0)", "Startup Cost": 1000007650219.14, "Total Cost": 1000007650219.15, "Plan Rows": 1, "Plan Width": 40, "Plans": [{"Node Type": "Seq Scan", "Parent Relationship": "Outer", "Relation Name": "customer", "Alias": "customer", "Startup Cost": 10000000012.75, "Total Cost": 1000007650100.0, "Plan Rows": 47655, "Plan Width": 8, "Filter": "((c_acctbal > 0::double precision) AND (\"substring\"((c_phone)::text, 1, 2) = ANY ('{20,40,22,30,39,42,21}'::text[])))"}]}, {"Node Type": "Sort", "Parent Relationship": "Outer", "Startup Cost": 2001567098839.22, "Total Cost": 2001567098839.22, "Plan Rows": 1, "Plan Width": 24, "Sort Key": ["(\"substring\"((public.customer.c_phone)::text, 1, 2))"], "Plans": [{"Node Type": "Nested Loop", "Parent Relationship": "Outer", "Join Type": "Anti", "Startup Cost": 20000000000.0, "Total Cost": 2001567098839.21, "Plan Rows": 1, "Plan Width": 24, "Inner Unique": false, "Join Filter": "(orders.o_custkey = public.customer.c_custkey)", "Plans": [{"Node Type": "Index Scan", "Parent Relationship": "Outer", "Scan Direction": "Forward", "Index Name": "customer_pkey", "Relation Name": "customer", "Alias": "customer", "Startup Cost": 10000000000.0, "Total Cost": 1000010514035.62, "Plan Rows": 17500, "Plan Width": 32, "Filter": "((c_acctbal > $0) AND (\"substring\"((c_phone)::text, 1, 2) = ANY ('{20,40,22,30,39,42,21}'::text[])))"}, {"Node Type": "Materialize", "Parent Relationship": "Inner", "Startup Cost": 10000000000.0, "Total Cost": 1000045561040.9, "Plan Rows": 14999479, "Plan Width": 8, "Plans": [{"Node Type": "Index Only Scan", "Parent Relationship": "Outer", "Scan Direction": "Forward", "Index Name": "idx_orders_custkey", "Relation Name": "orders", "Alias": "orders", "Startup Cost": 10000000000.0, "Total Cost": 1000045486043.5, "Plan Rows": 14999479, "Plan Width": 8}]}]}]}]}, "Unique SQL Id": 2798552886}, "explain_analyze_plan": null}, "(1, 44)": {"explain_plan": {"Plan": {"Node Type": "Aggregate", "Strategy": "Sorted", "Startup Cost": 274230.77, "Total Cost": 274230.8, "Plan Rows": 1, "Plan Width": 40, "Group By Key": ["(\"substring\"((public.customer.c_phone)::text, 1, 2))"], "Plans": [{"Node Type": "Aggregate", "Strategy": "Plain", "Parent Relationship": "exec_init_plan", "Subplan Name": "InitPlan 1 (returns $0)", "Startup Cost": 76620.14, "Total Cost": 76620.15, "Plan Rows": 1, "Plan Width": 40, "Plans": [{"Node Type": "Seq Scan", "Parent Relationship": "Outer", "Relation Name": "customer", "Alias": "customer", "Startup Cost": 12.98, "Total Cost": 76501.0, "Plan Rows": 47655, "Plan Width": 8, "Filter": "((c_acctbal > 0::double precision) AND (\"substring\"((c_phone)::text, 1, 2) = ANY ('{20,40,22,30,39,42,21}'::text[])))"}]}, {"Node Type": "Sort", "Parent Relationship": "Outer", "Startup Cost": 197610.62, "Total Cost": 197610.62, "Plan Rows": 1, "Plan Width": 24, "Sort Key": ["(\"substring\"((public.customer.c_phone)::text, 1, 2))"], "Plans": [{"Node Type": "Nested Loop", "Parent Relationship": "Outer", "Join Type": "Anti", "Startup Cost": 0.0, "Total Cost": 197610.61, "Plan Rows": 1, "Plan Width": 24, "Inner Unique": false, "Plans": [{"Node Type": "Seq Scan", "Parent Relationship": "Outer", "Relation Name": "customer", "Alias": "customer", "Startup Cost": 0.0, "Total Cost": 76501.0, "Plan Rows": 17500, "Plan Width": 32, "Filter": "((c_acctbal > $0) AND (\"substring\"((c_phone)::text, 1, 2) = ANY ('{20,40,22,30,39,42,21}'::text[])))"}, {"Node Type": "Index Scan", "Parent Relationship": "Inner", "Scan Direction": "Forward", "Index Name": "idx_orders_custkey", "Relation Name": "orders", "Alias": "orders", "Startup Cost": 0.0, "Total Cost": 17.99, "Plan Rows": 4, "Plan Width": 8, "Index Cond": "(o_custkey = public.customer.c_custkey)"}]}]}]}, "Unique SQL Id": 2798552886}, "explain_analyze_plan": {"Plan": {"Node Type": "Aggregate", "Strategy": "Sorted", "Startup Cost": 274230.77, "Total Cost": 274230.8, "Plan Rows": 1, "Plan Width": 40, "Actual Startup Time": 4066.361, "Actual Total Time": 4076.734, "Actual Rows": 4, "Actual Loops": 1, "Group By Key": ["(\"substring\"((public.customer.c_phone)::text, 1, 2))"], "Plans": [{"Node Type": "Aggregate", "Strategy": "Plain", "Parent Relationship": "exec_init_plan", "Subplan Name": "InitPlan 1 (returns $0)", "Startup Cost": 76620.14, "Total Cost": 76620.15, "Plan Rows": 1, "Plan Width": 40, "Actual Startup Time": 1991.742, "Actual Total Time": 1991.742, "Actual Rows": 1, "Actual Loops": 1, "Plans": [{"Node Type": "Seq Scan", "Parent Relationship": "Outer", "Relation Name": "customer", "Alias": "customer", "Startup Cost": 12.98, "Total Cost": 76501.0, "Plan Rows": 47655, "Plan Width": 8, "Actual Startup Time": 0.028, "Actual Total Time": 1896.339, "Actual Rows": 218121, "Actual Loops": 1, "Filter": "((c_acctbal > 0::double precision) AND (\"substring\"((c_phone)::text, 1, 2) = ANY ('{20,40,22,30,39,42,21}'::text[])))", "Rows Removed by Filter": 1281879}]}, {"Node Type": "Sort", "Parent Relationship": "Outer", "Startup Cost": 197610.62, "Total Cost": 197610.62, "Plan Rows": 1, "Plan Width": 24, "Actual Startup Time": 4062.845, "Actual Total Time": 4066.44, "Actual Rows": 36604, "Actual Loops": 1, "Sort Key": ["(\"substring\"((public.customer.c_phone)::text, 1, 2))"], "Sort Method": "quicksort", "Sort Space Used": 4968, "Sort Space Type": "Memory", "Plans": [{"Node Type": "Nested Loop", "Parent Relationship": "Outer", "Join Type": "Anti", "Startup Cost": 0.0, "Total Cost": 197610.61, "Plan Rows": 1, "Plan Width": 24, "Actual Startup Time": 1991.84, "Actual Total Time": 4041.643, "Actual Rows": 36604, "Actual Loops": 1, "Inner Unique": false, "Plans": [{"Node Type": "Seq Scan", "Parent Relationship": "Outer", "Relation Name": "customer", "Alias": "customer", "Startup Cost": 0.0, "Total Cost": 76501.0, "Plan Rows": 17500, "Plan Width": 32, "Actual Startup Time": 1991.803, "Actual Total Time": 3287.835, "Actual Rows": 109197, "Actual Loops": 1, "Filter": "((c_acctbal > $0) AND (\"substring\"((c_phone)::text, 1, 2) = ANY ('{20,40,22,30,39,42,21}'::text[])))", "Rows Removed by Filter": 1390803}, {"Node Type": "Index Scan", "Parent Relationship": "Inner", "Scan Direction": "Forward", "Index Name": "idx_orders_custkey", "Relation Name": "orders", "Alias": "orders", "Startup Cost": 0.0, "Total Cost": 17.99, "Plan Rows": 4, "Plan Width": 8, "Actual Startup Time": 644.787, "Actual Total Time": 644.787, "Actual Rows": 72593, "Actual Loops": 109197, "Index Cond": "(o_custkey = public.customer.c_custkey)", "Rows Removed by Index Recheck": 0}]}]}]}, "Triggers": [], "Planner Runtime": 0.602, "Total Runtime": 4077.007, "Unique SQL Id": 2798552886}}, "(1, 45)": {"explain_plan": {"Plan": {"Node Type": "Aggregate", "Strategy": "Sorted", "Startup Cost": 1000007876469.13, "Total Cost": 1000007876469.15, "Plan Rows": 1, "Plan Width": 40, "Group By Key": ["(\"substring\"((public.customer.c_phone)::text, 1, 2))"], "Plans": [{"Node Type": "Aggregate", "Strategy": "Plain", "Parent Relationship": "exec_init_plan", "Subplan Name": "InitPlan 1 (returns $0)", "Startup Cost": 1000007650219.14, "Total Cost": 1000007650219.15, "Plan Rows": 1, "Plan Width": 40, "Plans": [{"Node Type": "Seq Scan", "Parent Relationship": "Outer", "Relation Name": "customer", "Alias": "customer", "Startup Cost": 10000000012.75, "Total Cost": 1000007650100.0, "Plan Rows": 47655, "Plan Width": 8, "Filter": "((c_acctbal > 0::double precision) AND (\"substring\"((c_phone)::text, 1, 2) = ANY ('{20,40,22,30,39,42,21}'::text[])))"}]}, {"Node Type": "Sort", "Parent Relationship": "Outer", "Startup Cost": 226249.98, "Total Cost": 226249.98, "Plan Rows": 1, "Plan Width": 24, "Sort Key": ["(\"substring\"((public.customer.c_phone)::text, 1, 2))"], "Plans": [{"Node Type": "Nested Loop", "Parent Relationship": "Outer", "Join Type": "Anti", "Startup Cost": 0.0, "Total Cost": 226249.97, "Plan Rows": 1, "Plan Width": 24, "Inner Unique": false, "Plans": [{"Node Type": "Index Scan", "Parent Relationship": "Outer", "Scan Direction": "Forward", "Index Name": "customer_pkey", "Relation Name": "customer", "Alias": "customer", "Startup Cost": 0.0, "Total Cost": 105140.36, "Plan Rows": 17500, "Plan Width": 32, "Filter": "((c_acctbal > $0) AND (\"substring\"((c_phone)::text, 1, 2) = ANY ('{20,40,22,30,39,42,21}'::text[])))"}, {"Node Type": "Index Scan", "Parent Relationship": "Inner", "Scan Direction": "Forward", "Index Name": "idx_orders_custkey", "Relation Name": "orders", "Alias": "orders", "Startup Cost": 0.0, "Total Cost": 17.99, "Plan Rows": 4, "Plan Width": 8, "Index Cond": "(o_custkey = public.customer.c_custkey)"}]}]}]}, "Unique SQL Id": 2798552886}, "explain_analyze_plan": {"Plan": {"Node Type": "Aggregate", "Strategy": "Sorted", "Startup Cost": 1000007876469.13, "Total Cost": 1000007876469.15, "Plan Rows": 1, "Plan Width": 40, "Actual Startup Time": 4435.834, "Actual Total Time": 4446.26, "Actual Rows": 4, "Actual Loops": 1, "Group By Key": ["(\"substring\"((public.customer.c_phone)::text, 1, 2))"], "Plans": [{"Node Type": "Aggregate", "Strategy": "Plain", "Parent Relationship": "exec_init_plan", "Subplan Name": "InitPlan 1 (returns $0)", "Startup Cost": 1000007650219.14, "Total Cost": 1000007650219.15, "Plan Rows": 1, "Plan Width": 40, "Actual Startup Time": 1997.317, "Actual Total Time": 1997.317, "Actual Rows": 1, "Actual Loops": 1, "Plans": [{"Node Type": "Seq Scan", "Parent Relationship": "Outer", "Relation Name": "customer", "Alias": "customer", "Startup Cost": 10000000012.75, "Total Cost": 1000007650100.0, "Plan Rows": 47655, "Plan Width": 8, "Actual Startup Time": 0.038, "Actual Total Time": 1901.983, "Actual Rows": 218121, "Actual Loops": 1, "Filter": "((c_acctbal > 0::double precision) AND (\"substring\"((c_phone)::text, 1, 2) = ANY ('{20,40,22,30,39,42,21}'::text[])))", "Rows Removed by Filter": 1281879}]}, {"Node Type": "Sort", "Parent Relationship": "Outer", "Startup Cost": 226249.98, "Total Cost": 226249.98, "Plan Rows": 1, "Plan Width": 24, "Actual Startup Time": 4432.31, "Actual Total Time": 4435.843, "Actual Rows": 36604, "Actual Loops": 1, "Sort Key": ["(\"substring\"((public.customer.c_phone)::text, 1, 2))"], "Sort Method": "quicksort", "Sort Space Used": 4968, "Sort Space Type": "Memory", "Plans": [{"Node Type": "Nested Loop", "Parent Relationship": "Outer", "Join Type": "Anti", "Startup Cost": 0.0, "Total Cost": 226249.97, "Plan Rows": 1, "Plan Width": 24, "Actual Startup Time": 1997.433, "Actual Total Time": 4411.89, "Actual Rows": 36604, "Actual Loops": 1, "Inner Unique": false, "Plans": [{"Node Type": "Index Scan", "Parent Relationship": "Outer", "Scan Direction": "Forward", "Index Name": "customer_pkey", "Relation Name": "customer", "Alias": "customer", "Startup Cost": 0.0, "Total Cost": 105140.36, "Plan Rows": 17500, "Plan Width": 32, "Actual Startup Time": 1997.392, "Actual Total Time": 3747.515, "Actual Rows": 109197, "Actual Loops": 1, "Filter": "((c_acctbal > $0) AND (\"substring\"((c_phone)::text, 1, 2) = ANY ('{20,40,22,30,39,42,21}'::text[])))", "Rows Removed by Filter": 1390803}, {"Node Type": "Index Scan", "Parent Relationship": "Inner", "Scan Direction": "Forward", "Index Name": "idx_orders_custkey", "Relation Name": "orders", "Alias": "orders", "Startup Cost": 0.0, "Total Cost": 17.99, "Plan Rows": 4, "Plan Width": 8, "Actual Startup Time": 555.838, "Actual Total Time": 555.838, "Actual Rows": 72593, "Actual Loops": 109197, "Index Cond": "(o_custkey = public.customer.c_custkey)", "Rows Removed by Index Recheck": 0}]}]}]}, "Triggers": [], "Planner Runtime": 0.606, "Total Runtime": 4446.572, "Unique SQL Id": 2798552886}}, "(1, 46)": {"explain_plan": {"Plan": {"Node Type": "Aggregate", "Strategy": "Sorted", "Startup Cost": 639751.62, "Total Cost": 639751.65, "Plan Rows": 1, "Plan Width": 40, "Group By Key": ["(\"substring\"((public.customer.c_phone)::text, 1, 2))"], "Plans": [{"Node Type": "Aggregate", "Strategy": "Plain", "Parent Relationship": "exec_init_plan", "Subplan Name": "InitPlan 1 (returns $0)", "Startup Cost": 76620.14, "Total Cost": 76620.15, "Plan Rows": 1, "Plan Width": 40, "Plans": [{"Node Type": "Seq Scan", "Parent Relationship": "Outer", "Relation Name": "customer", "Alias": "customer", "Startup Cost": 12.98, "Total Cost": 76501.0, "Plan Rows": 47655, "Plan Width": 8, "Filter": "((c_acctbal > 0::double precision) AND (\"substring\"((c_phone)::text, 1, 2) = ANY ('{20,40,22,30,39,42,21}'::text[])))"}]}, {"Node Type": "Sort", "Parent Relationship": "Outer", "Startup Cost": 563131.47, "Total Cost": 563131.48, "Plan Rows": 1, "Plan Width": 24, "Sort Key": ["(\"substring\"((public.customer.c_phone)::text, 1, 2))"], "Plans": [{"Node Type": "Hash Join", "Parent Relationship": "Outer", "Join Type": "Right Anti", "Startup Cost": 76719.75, "Total Cost": 563131.46, "Plan Rows": 1, "Plan Width": 24, "Inner Unique": true, "Hash Cond": "(orders.o_custkey = public.customer.c_custkey)", "Plans": [{"Node Type": "Seq Scan", "Parent Relationship": "Outer", "Relation Name": "orders", "Alias": "orders", "Startup Cost": 0.0, "Total Cost": 426413.79, "Plan Rows": 14999479, "Plan Width": 8}, {"Node Type": "Hash", "Parent Relationship": "Inner", "Startup Cost": 76501.0, "Total Cost": 76501.0, "Plan Rows": 17500, "Plan Width": 32, "Plans": [{"Node Type": "Seq Scan", "Parent Relationship": "Outer", "Relation Name": "customer", "Alias": "customer", "Startup Cost": 0.0, "Total Cost": 76501.0, "Plan Rows": 17500, "Plan Width": 32, "Filter": "((c_acctbal > $0) AND (\"substring\"((c_phone)::text, 1, 2) = ANY ('{20,40,22,30,39,42,21}'::text[])))"}]}]}]}]}, "Unique SQL Id": 2798552886}, "explain_analyze_plan": null}, "(1, 47)": {"explain_plan": {"Plan": {"Node Type": "Aggregate", "Strategy": "Sorted", "Startup Cost": 3001685314543.95, "Total Cost": 3001685314543.98, "Plan Rows": 1, "Plan Width": 40, "Group By Key": ["(\"substring\"((public.customer.c_phone)::text, 1, 2))"], "Plans": [{"Node Type": "Aggregate", "Strategy": "Plain", "Parent Relationship": "exec_init_plan", "Subplan Name": "InitPlan 1 (returns $0)", "Startup Cost": 1000007650219.14, "Total Cost": 1000007650219.15, "Plan Rows": 1, "Plan Width": 40, "Plans": [{"Node Type": "Seq Scan", "Parent Relationship": "Outer", "Relation Name": "customer", "Alias": "customer", "Startup Cost": 10000000012.75, "Total Cost": 1000007650100.0, "Plan Rows": 47655, "Plan Width": 8, "Filter": "((c_acctbal > 0::double precision) AND (\"substring\"((c_phone)::text, 1, 2) = ANY ('{20,40,22,30,39,42,21}'::text[])))"}]}, {"Node Type": "Sort", "Parent Relationship": "Outer", "Startup Cost": 2001677664324.8, "Total Cost": 2001677664324.8, "Plan Rows": 1, "Plan Width": 24, "Sort Key": ["(\"substring\"((public.customer.c_phone)::text, 1, 2))"], "Plans": [{"Node Type": "Nested Loop", "Parent Relationship": "Outer", "Join Type": "Anti", "Startup Cost": 20000000000.0, "Total Cost": 2001677664324.79, "Plan Rows": 1, "Plan Width": 24, "Inner Unique": false, "Join Filter": "(orders.o_custkey = public.customer.c_custkey)", "Plans": [{"Node Type": "Index Scan", "Parent Relationship": "Outer", "Scan Direction": "Forward", "Index Name": "customer_pkey", "Relation Name": "customer", "Alias": "customer", "Startup Cost": 10000000000.0, "Total Cost": 1000010514035.62, "Plan Rows": 17500, "Plan Width": 32, "Filter": "((c_acctbal > $0) AND (\"substring\"((c_phone)::text, 1, 2) = ANY ('{20,40,22,30,39,42,21}'::text[])))"}, {"Node Type": "Materialize", "Parent Relationship": "Inner", "Startup Cost": 10000000000.0, "Total Cost": 1000156126526.48, "Plan Rows": 14999479, "Plan Width": 8, "Plans": [{"Node Type": "Index Scan", "Parent Relationship": "Outer", "Scan Direction": "Forward", "Index Name": "idx_orders_custkey", "Relation Name": "orders", "Alias": "orders", "Startup Cost": 10000000000.0, "Total Cost": 1000156051529.08, "Plan Rows": 14999479, "Plan Width": 8}]}]}]}]}, "Unique SQL Id": 2798552886}, "explain_analyze_plan": null}, "(1, 48)": {"explain_plan": {"Plan": {"Node Type": "Aggregate", "Strategy": "Sorted", "Startup Cost": 178853.65, "Total Cost": 178853.67, "Plan Rows": 1, "Plan Width": 40, "Group By Key": ["(\"substring\"((public.customer.c_phone)::text, 1, 2))"], "Plans": [{"Node Type": "Aggregate", "Strategy": "Plain", "Parent Relationship": "exec_init_plan", "Subplan Name": "InitPlan 1 (returns $0)", "Startup Cost": 76620.14, "Total Cost": 76620.15, "Plan Rows": 1, "Plan Width": 40, "Plans": [{"Node Type": "Seq Scan", "Parent Relationship": "Outer", "Relation Name": "customer", "Alias": "customer", "Startup Cost": 12.98, "Total Cost": 76501.0, "Plan Rows": 47655, "Plan Width": 8, "Filter": "((c_acctbal > 0::double precision) AND (\"substring\"((c_phone)::text, 1, 2) = ANY ('{20,40,22,30,39,42,21}'::text[])))"}]}, {"Node Type": "Sort", "Parent Relationship": "Outer", "Startup Cost": 102233.5, "Total Cost": 102233.5, "Plan Rows": 1, "Plan Width": 24, "Sort Key": ["(\"substring\"((public.customer.c_phone)::text, 1, 2))"], "Plans": [{"Node Type": "Nested Loop", "Parent Relationship": "Outer", "Join Type": "Anti", "Startup Cost": 0.0, "Total Cost": 102233.49, "Plan Rows": 1, "Plan Width": 24, "Inner Unique": false, "Plans": [{"Node Type": "Seq Scan", "Parent Relationship": "Outer", "Relation Name": "customer", "Alias": "customer", "Startup Cost": 0.0, "Total Cost": 76501.0, "Plan Rows": 17500, "Plan Width": 32, "Filter": "((c_acctbal > $0) AND (\"substring\"((c_phone)::text, 1, 2) = ANY ('{20,40,22,30,39,42,21}'::text[])))"}, {"Node Type": "Index Only Scan", "Parent Relationship": "Inner", "Scan Direction": "Forward", "Index Name": "idx_orders_custkey", "Relation Name": "orders", "Alias": "orders", "Startup Cost": 0.0, "Total Cost": 3.79, "Plan Rows": 4, "Plan Width": 8, "Index Cond": "(o_custkey = public.customer.c_custkey)"}]}]}]}, "Unique SQL Id": 2798552886}, "explain_analyze_plan": {"Plan": {"Node Type": "Aggregate", "Strategy": "Sorted", "Startup Cost": 178853.65, "Total Cost": 178853.67, "Plan Rows": 1, "Plan Width": 40, "Actual Startup Time": 3881.351, "Actual Total Time": 3891.855, "Actual Rows": 4, "Actual Loops": 1, "Group By Key": ["(\"substring\"((public.customer.c_phone)::text, 1, 2))"], "Plans": [{"Node Type": "Aggregate", "Strategy": "Plain", "Parent Relationship": "exec_init_plan", "Subplan Name": "InitPlan 1 (returns $0)", "Startup Cost": 76620.14, "Total Cost": 76620.15, "Plan Rows": 1, "Plan Width": 40, "Actual Startup Time": 2010.36, "Actual Total Time": 2010.361, "Actual Rows": 1, "Actual Loops": 1, "Plans": [{"Node Type": "Seq Scan", "Parent Relationship": "Outer", "Relation Name": "customer", "Alias": "customer", "Startup Cost": 12.98, "Total Cost": 76501.0, "Plan Rows": 47655, "Plan Width": 8, "Actual Startup Time": 0.029, "Actual Total Time": 1914.702, "Actual Rows": 218121, "Actual Loops": 1, "Filter": "((c_acctbal > 0::double precision) AND (\"substring\"((c_phone)::text, 1, 2) = ANY ('{20,40,22,30,39,42,21}'::text[])))", "Rows Removed by Filter": 1281879}]}, {"Node Type": "Sort", "Parent Relationship": "Outer", "Startup Cost": 102233.5, "Total Cost": 102233.5, "Plan Rows": 1, "Plan Width": 24, "Actual Startup Time": 3877.781, "Actual Total Time": 3881.447, "Actual Rows": 36604, "Actual Loops": 1, "Sort Key": ["(\"substring\"((public.customer.c_phone)::text, 1, 2))"], "Sort Method": "quicksort", "Sort Space Used": 4968, "Sort Space Type": "Memory", "Plans": [{"Node Type": "Nested Loop", "Parent Relationship": "Outer", "Join Type": "Anti", "Startup Cost": 0.0, "Total Cost": 102233.49, "Plan Rows": 1, "Plan Width": 24, "Actual Startup Time": 2010.457, "Actual Total Time": 3857.027, "Actual Rows": 36604, "Actual Loops": 1, "Inner Unique": false, "Plans": [{"Node Type": "Seq Scan", "Parent Relationship": "Outer", "Relation Name": "customer", "Alias": "customer", "Startup Cost": 0.0, "Total Cost": 76501.0, "Plan Rows": 17500, "Plan Width": 32, "Actual Startup Time": 2010.414, "Actual Total Time": 3294.32, "Actual Rows": 109197, "Actual Loops": 1, "Filter": "((c_acctbal > $0) AND (\"substring\"((c_phone)::text, 1, 2) = ANY ('{20,40,22,30,39,42,21}'::text[])))", "Rows Removed by Filter": 1390803}, {"Node Type": "Index Only Scan", "Parent Relationship": "Inner", "Scan Direction": "Forward", "Index Name": "idx_orders_custkey", "Relation Name": "orders", "Alias": "orders", "Startup Cost": 0.0, "Total Cost": 3.79, "Plan Rows": 4, "Plan Width": 8, "Actual Startup Time": 460.774, "Actual Total Time": 460.774, "Actual Rows": 72593, "Actual Loops": 109197, "Index Cond": "(o_custkey = public.customer.c_custkey)", "Rows Removed by Index Recheck": 0, "Heap Fetches": 0}]}]}]}, "Triggers": [], "Planner Runtime": 0.607, "Total Runtime": 3892.138, "Unique SQL Id": 2798552886}}, "(1, 49)": {"explain_plan": {"Plan": {"Node Type": "Aggregate", "Strategy": "Sorted", "Startup Cost": 1000007781092.0, "Total Cost": 1000007781092.03, "Plan Rows": 1, "Plan Width": 40, "Group By Key": ["(\"substring\"((public.customer.c_phone)::text, 1, 2))"], "Plans": [{"Node Type": "Aggregate", "Strategy": "Plain", "Parent Relationship": "exec_init_plan", "Subplan Name": "InitPlan 1 (returns $0)", "Startup Cost": 1000007650219.14, "Total Cost": 1000007650219.15, "Plan Rows": 1, "Plan Width": 40, "Plans": [{"Node Type": "Seq Scan", "Parent Relationship": "Outer", "Relation Name": "customer", "Alias": "customer", "Startup Cost": 10000000012.75, "Total Cost": 1000007650100.0, "Plan Rows": 47655, "Plan Width": 8, "Filter": "((c_acctbal > 0::double precision) AND (\"substring\"((c_phone)::text, 1, 2) = ANY ('{20,40,22,30,39,42,21}'::text[])))"}]}, {"Node Type": "Sort", "Parent Relationship": "Outer", "Startup Cost": 130872.85, "Total Cost": 130872.86, "Plan Rows": 1, "Plan Width": 24, "Sort Key": ["(\"substring\"((public.customer.c_phone)::text, 1, 2))"], "Plans": [{"Node Type": "Nested Loop", "Parent Relationship": "Outer", "Join Type": "Anti", "Startup Cost": 0.0, "Total Cost": 130872.84, "Plan Rows": 1, "Plan Width": 24, "Inner Unique": false, "Plans": [{"Node Type": "Index Scan", "Parent Relationship": "Outer", "Scan Direction": "Forward", "Index Name": "customer_pkey", "Relation Name": "customer", "Alias": "customer", "Startup Cost": 0.0, "Total Cost": 105140.36, "Plan Rows": 17500, "Plan Width": 32, "Filter": "((c_acctbal > $0) AND (\"substring\"((c_phone)::text, 1, 2) = ANY ('{20,40,22,30,39,42,21}'::text[])))"}, {"Node Type": "Index Only Scan", "Parent Relationship": "Inner", "Scan Direction": "Forward", "Index Name": "idx_orders_custkey", "Relation Name": "orders", "Alias": "orders", "Startup Cost": 0.0, "Total Cost": 3.79, "Plan Rows": 4, "Plan Width": 8, "Index Cond": "(o_custkey = public.customer.c_custkey)"}]}]}]}, "Unique SQL Id": 2798552886}, "explain_analyze_plan": {"Plan": {"Node Type": "Aggregate", "Strategy": "Sorted", "Startup Cost": 1000007781092.0, "Total Cost": 1000007781092.03, "Plan Rows": 1, "Plan Width": 40, "Actual Startup Time": 4453.89, "Actual Total Time": 4464.091, "Actual Rows": 4, "Actual Loops": 1, "Group By Key": ["(\"substring\"((public.customer.c_phone)::text, 1, 2))"], "Plans": [{"Node Type": "Aggregate", "Strategy": "Plain", "Parent Relationship": "exec_init_plan", "Subplan Name": "InitPlan 1 (returns $0)", "Startup Cost": 1000007650219.14, "Total Cost": 1000007650219.15, "Plan Rows": 1, "Plan Width": 40, "Actual Startup Time": 1990.397, "Actual Total Time": 1990.398, "Actual Rows": 1, "Actual Loops": 1, "Plans": [{"Node Type": "Seq Scan", "Parent Relationship": "Outer", "Relation Name": "customer", "Alias": "customer", "Startup Cost": 10000000012.75, "Total Cost": 1000007650100.0, "Plan Rows": 47655, "Plan Width": 8, "Actual Startup Time": 0.036, "Actual Total Time": 1895.081, "Actual Rows": 218121, "Actual Loops": 1, "Filter": "((c_acctbal > 0::double precision) AND (\"substring\"((c_phone)::text, 1, 2) = ANY ('{20,40,22,30,39,42,21}'::text[])))", "Rows Removed by Filter": 1281879}]}, {"Node Type": "Sort", "Parent Relationship": "Outer", "Startup Cost": 130872.85, "Total Cost": 130872.86, "Plan Rows": 1, "Plan Width": 24, "Actual Startup Time": 4450.398, "Actual Total Time": 4453.934, "Actual Rows": 36604, "Actual Loops": 1, "Sort Key": ["(\"substring\"((public.customer.c_phone)::text, 1, 2))"], "Sort Method": "quicksort", "Sort Space Used": 4968, "Sort Space Type": "Memory", "Plans": [{"Node Type": "Nested Loop", "Parent Relationship": "Outer", "Join Type": "Anti", "Startup Cost": 0.0, "Total Cost": 130872.84, "Plan Rows": 1, "Plan Width": 24, "Actual Startup Time": 1990.521, "Actual Total Time": 4429.799, "Actual Rows": 36604, "Actual Loops": 1, "Inner Unique": false, "Plans": [{"Node Type": "Index Scan", "Parent Relationship": "Outer", "Scan Direction": "Forward", "Index Name": "customer_pkey", "Relation Name": "customer", "Alias": "customer", "Startup Cost": 0.0, "Total Cost": 105140.36, "Plan Rows": 17500, "Plan Width": 32, "Actual Startup Time": 1990.477, "Actual Total Time": 3857.715, "Actual Rows": 109197, "Actual Loops": 1, "Filter": "((c_acctbal > $0) AND (\"substring\"((c_phone)::text, 1, 2) = ANY ('{20,40,22,30,39,42,21}'::text[])))", "Rows Removed by Filter": 1390803}, {"Node Type": "Index Only Scan", "Parent Relationship": "Inner", "Scan Direction": "Forward", "Index Name": "idx_orders_custkey", "Relation Name": "orders", "Alias": "orders", "Startup Cost": 0.0, "Total Cost": 3.79, "Plan Rows": 4, "Plan Width": 8, "Actual Startup Time": 469.636, "Actual Total Time": 469.636, "Actual Rows": 72593, "Actual Loops": 109197, "Index Cond": "(o_custkey = public.customer.c_custkey)", "Rows Removed by Index Recheck": 0, "Heap Fetches": 0}]}]}]}, "Triggers": [], "Planner Runtime": 0.607, "Total Runtime": 4464.404, "Unique SQL Id": 2798552886}}, "(1, 50)": {"explain_plan": {"Plan": {"Node Type": "Aggregate", "Strategy": "Sorted", "Startup Cost": 326543.86, "Total Cost": 326543.89, "Plan Rows": 1, "Plan Width": 40, "Group By Key": ["(\"substring\"((public.customer.c_phone)::text, 1, 2))"], "Plans": [{"Node Type": "Aggregate", "Strategy": "Plain", "Parent Relationship": "exec_init_plan", "Subplan Name": "InitPlan 1 (returns $0)", "Startup Cost": 76620.14, "Total Cost": 76620.15, "Plan Rows": 1, "Plan Width": 40, "Plans": [{"Node Type": "Seq Scan", "Parent Relationship": "Outer", "Relation Name": "customer", "Alias": "customer", "Startup Cost": 12.98, "Total Cost": 76501.0, "Plan Rows": 47655, "Plan Width": 8, "Filter": "((c_acctbal > 0::double precision) AND (\"substring\"((c_phone)::text, 1, 2) = ANY ('{20,40,22,30,39,42,21}'::text[])))"}]}, {"Node Type": "Sort", "Parent Relationship": "Outer", "Startup Cost": 249923.71, "Total Cost": 249923.72, "Plan Rows": 1, "Plan Width": 24, "Sort Key": ["(\"substring\"((public.customer.c_phone)::text, 1, 2))"], "Plans": [{"Node Type": "Nested Loop", "Parent Relationship": "Outer", "Join Type": "Anti", "Startup Cost": 3.75, "Total Cost": 249923.7, "Plan Rows": 1, "Plan Width": 24, "Inner Unique": false, "Plans": [{"Node Type": "Seq Scan", "Parent Relationship": "Outer", "Relation Name": "customer", "Alias": "customer", "Startup Cost": 0.0, "Total Cost": 76501.0, "Plan Rows": 17500, "Plan Width": 32, "Filter": "((c_acctbal > $0) AND (\"substring\"((c_phone)::text, 1, 2) = ANY ('{20,40,22,30,39,42,21}'::text[])))"}, {"Node Type": "Bitmap Heap Scan", "Parent Relationship": "Inner", "Relation Name": "orders", "Alias": "orders", "Startup Cost": 3.75, "Total Cost": 19.76, "Plan Rows": 4, "Plan Width": 8, "Recheck Cond": "(o_custkey = public.customer.c_custkey)", "Plans": [{"Node Type": "Bitmap Index Scan", "Parent Relationship": "Outer", "Index Name": "idx_orders_custkey", "Startup Cost": 0.0, "Total Cost": 3.75, "Plan Rows": 4, "Plan Width": 0, "Index Cond": "(o_custkey = public.customer.c_custkey)"}]}]}]}]}, "Unique SQL Id": 2798552886}, "explain_analyze_plan": {"Plan": {"Node Type": "Aggregate", "Strategy": "Sorted", "Startup Cost": 326543.86, "Total Cost": 326543.89, "Plan Rows": 1, "Plan Width": 40, "Actual Startup Time": 4467.914, "Actual Total Time": 4478.319, "Actual Rows": 4, "Actual Loops": 1, "Group By Key": ["(\"substring\"((public.customer.c_phone)::text, 1, 2))"], "Plans": [{"Node Type": "Aggregate", "Strategy": "Plain", "Parent Relationship": "exec_init_plan", "Subplan Name": "InitPlan 1 (returns $0)", "Startup Cost": 76620.14, "Total Cost": 76620.15, "Plan Rows": 1, "Plan Width": 40, "Actual Startup Time": 1998.25, "Actual Total Time": 1998.25, "Actual Rows": 1, "Actual Loops": 1, "Plans": [{"Node Type": "Seq Scan", "Parent Relationship": "Outer", "Relation Name": "customer", "Alias": "customer", "Startup Cost": 12.98, "Total Cost": 76501.0, "Plan Rows": 47655, "Plan Width": 8, "Actual Startup Time": 0.027, "Actual Total Time": 1903.14, "Actual Rows": 218121, "Actual Loops": 1, "Filter": "((c_acctbal > 0::double precision) AND (\"substring\"((c_phone)::text, 1, 2) = ANY ('{20,40,22,30,39,42,21}'::text[])))", "Rows Removed by Filter": 1281879}]}, {"Node Type": "Sort", "Parent Relationship": "Outer", "Startup Cost": 249923.71, "Total Cost": 249923.72, "Plan Rows": 1, "Plan Width": 24, "Actual Startup Time": 4464.389, "Actual Total Time": 4467.967, "Actual Rows": 36604, "Actual Loops": 1, "Sort Key": ["(\"substring\"((public.customer.c_phone)::text, 1, 2))"], "Sort Method": "quicksort", "Sort Space Used": 4968, "Sort Space Type": "Memory", "Plans": [{"Node Type": "Nested Loop", "Parent Relationship": "Outer", "Join Type": "Anti", "Startup Cost": 3.75, "Total Cost": 249923.7, "Plan Rows": 1, "Plan Width": 24, "Actual Startup Time": 1998.373, "Actual Total Time": 4442.474, "Actual Rows": 36604, "Actual Loops": 1, "Inner Unique": false, "Plans": [{"Node Type": "Seq Scan", "Parent Relationship": "Outer", "Relation Name": "customer", "Alias": "customer", "Startup Cost": 0.0, "Total Cost": 76501.0, "Plan Rows": 17500, "Plan Width": 32, "Actual Startup Time": 1998.311, "Actual Total Time": 3303.891, "Actual Rows": 109197, "Actual Loops": 1, "Filter": "((c_acctbal > $0) AND (\"substring\"((c_phone)::text, 1, 2) = ANY ('{20,40,22,30,39,42,21}'::text[])))", "Rows Removed by Filter": 1390803}, {"Node Type": "Bitmap Heap Scan", "Parent Relationship": "Inner", "Relation Name": "orders", "Alias": "orders", "Startup Cost": 3.75, "Total Cost": 19.76, "Plan Rows": 4, "Plan Width": 8, "Actual Startup Time": 951.823, "Actual Total Time": 951.823, "Actual Rows": 72593, "Actual Loops": 109197, "Recheck Cond": "(o_custkey = public.customer.c_custkey)", "Rows Removed by Index Recheck": 0, "Exact Heap Blocks": 72593, "Lossy Heap Blocks": 72593, "Plans": [{"Node Type": "Bitmap Index Scan", "Parent Relationship": "Outer", "Index Name": "idx_orders_custkey", "Startup Cost": 0.0, "Total Cost": 3.75, "Plan Rows": 4, "Plan Width": 0, "Actual Startup Time": 597.509, "Actual Total Time": 597.509, "Actual Rows": 1091631, "Actual Loops": 109197, "Index Cond": "(o_custkey = public.customer.c_custkey)"}]}]}]}]}, "Triggers": [], "Planner Runtime": 0.604, "Total Runtime": 4478.631, "Unique SQL Id": 2798552886}}, "(1, 51)": {"explain_plan": {"Plan": {"Node Type": "Aggregate", "Strategy": "Sorted", "Startup Cost": 2000018337677.48, "Total Cost": 2000018337677.51, "Plan Rows": 1, "Plan Width": 40, "Group By Key": ["(\"substring\"((public.customer.c_phone)::text, 1, 2))"], "Plans": [{"Node Type": "Aggregate", "Strategy": "Plain", "Parent Relationship": "exec_init_plan", "Subplan Name": "InitPlan 1 (returns $0)", "Startup Cost": 1000007650219.14, "Total Cost": 1000007650219.15, "Plan Rows": 1, "Plan Width": 40, "Plans": [{"Node Type": "Seq Scan", "Parent Relationship": "Outer", "Relation Name": "customer", "Alias": "customer", "Startup Cost": 10000000012.75, "Total Cost": 1000007650100.0, "Plan Rows": 47655, "Plan Width": 8, "Filter": "((c_acctbal > 0::double precision) AND (\"substring\"((c_phone)::text, 1, 2) = ANY ('{20,40,22,30,39,42,21}'::text[])))"}]}, {"Node Type": "Sort", "Parent Relationship": "Outer", "Startup Cost": 1000010687458.33, "Total Cost": 1000010687458.34, "Plan Rows": 1, "Plan Width": 24, "Sort Key": ["(\"substring\"((public.customer.c_phone)::text, 1, 2))"], "Plans": [{"Node Type": "Nested Loop", "Parent Relationship": "Outer", "Join Type": "Anti", "Startup Cost": 10000000003.75, "Total Cost": 1000010687458.32, "Plan Rows": 1, "Plan Width": 24, "Inner Unique": false, "Plans": [{"Node Type": "Index Scan", "Parent Relationship": "Outer", "Scan Direction": "Forward", "Index Name": "customer_pkey", "Relation Name": "customer", "Alias": "customer", "Startup Cost": 10000000000.0, "Total Cost": 1000010514035.62, "Plan Rows": 17500, "Plan Width": 32, "Filter": "((c_acctbal > $0) AND (\"substring\"((c_phone)::text, 1, 2) = ANY ('{20,40,22,30,39,42,21}'::text[])))"}, {"Node Type": "Bitmap Heap Scan", "Parent Relationship": "Inner", "Relation Name": "orders", "Alias": "orders", "Startup Cost": 3.75, "Total Cost": 19.76, "Plan Rows": 4, "Plan Width": 8, "Recheck Cond": "(o_custkey = public.customer.c_custkey)", "Plans": [{"Node Type": "Bitmap Index Scan", "Parent Relationship": "Outer", "Index Name": "idx_orders_custkey", "Startup Cost": 0.0, "Total Cost": 3.75, "Plan Rows": 4, "Plan Width": 0, "Index Cond": "(o_custkey = public.customer.c_custkey)"}]}]}]}]}, "Unique SQL Id": 2798552886}, "explain_analyze_plan": {"Plan": {"Node Type": "Aggregate", "Strategy": "Sorted", "Startup Cost": 2000018337677.48, "Total Cost": 2000018337677.51, "Plan Rows": 1, "Plan Width": 40, "Actual Startup Time": 4938.481, "Actual Total Time": 4948.912, "Actual Rows": 4, "Actual Loops": 1, "Group By Key": ["(\"substring\"((public.customer.c_phone)::text, 1, 2))"], "Plans": [{"Node Type": "Aggregate", "Strategy": "Plain", "Parent Relationship": "exec_init_plan", "Subplan Name": "InitPlan 1 (returns $0)", "Startup Cost": 1000007650219.14, "Total Cost": 1000007650219.15, "Plan Rows": 1, "Plan Width": 40, "Actual Startup Time": 1989.173, "Actual Total Time": 1989.174, "Actual Rows": 1, "Actual Loops": 1, "Plans": [{"Node Type": "Seq Scan", "Parent Relationship": "Outer", "Relation Name": "customer", "Alias": "customer", "Startup Cost": 10000000012.75, "Total Cost": 1000007650100.0, "Plan Rows": 47655, "Plan Width": 8, "Actual Startup Time": 0.032, "Actual Total Time": 1894.45, "Actual Rows": 218121, "Actual Loops": 1, "Filter": "((c_acctbal > 0::double precision) AND (\"substring\"((c_phone)::text, 1, 2) = ANY ('{20,40,22,30,39,42,21}'::text[])))", "Rows Removed by Filter": 1281879}]}, {"Node Type": "Sort", "Parent Relationship": "Outer", "Startup Cost": 1000010687458.33, "Total Cost": 1000010687458.34, "Plan Rows": 1, "Plan Width": 24, "Actual Startup Time": 4934.953, "Actual Total Time": 4938.537, "Actual Rows": 36604, "Actual Loops": 1, "Sort Key": ["(\"substring\"((public.customer.c_phone)::text, 1, 2))"], "Sort Method": "quicksort", "Sort Space Used": 4968, "Sort Space Type": "Memory", "Plans": [{"Node Type": "Nested Loop", "Parent Relationship": "Outer", "Join Type": "Anti", "Startup Cost": 10000000003.75, "Total Cost": 1000010687458.32, "Plan Rows": 1, "Plan Width": 24, "Actual Startup Time": 1989.319, "Actual Total Time": 4912.858, "Actual Rows": 36604, "Actual Loops": 1, "Inner Unique": false, "Plans": [{"Node Type": "Index Scan", "Parent Relationship": "Outer", "Scan Direction": "Forward", "Index Name": "customer_pkey", "Relation Name": "customer", "Alias": "customer", "Startup Cost": 10000000000.0, "Total Cost": 1000010514035.62, "Plan Rows": 17500, "Plan Width": 32, "Actual Startup Time": 1989.251, "Actual Total Time": 3801.63, "Actual Rows": 109197, "Actual Loops": 1, "Filter": "((c_acctbal > $0) AND (\"substring\"((c_phone)::text, 1, 2) = ANY ('{20,40,22,30,39,42,21}'::text[])))", "Rows Removed by Filter": 1390803}, {"Node Type": "Bitmap Heap Scan", "Parent Relationship": "Inner", "Relation Name": "orders", "Alias": "orders", "Startup Cost": 3.75, "Total Cost": 19.76, "Plan Rows": 4, "Plan Width": 8, "Actual Startup Time": 921.241, "Actual Total Time": 921.241, "Actual Rows": 72593, "Actual Loops": 109197, "Recheck Cond": "(o_custkey = public.customer.c_custkey)", "Rows Removed by Index Recheck": 0, "Exact Heap Blocks": 72593, "Lossy Heap Blocks": 72593, "Plans": [{"Node Type": "Bitmap Index Scan", "Parent Relationship": "Outer", "Index Name": "idx_orders_custkey", "Startup Cost": 0.0, "Total Cost": 3.75, "Plan Rows": 4, "Plan Width": 0, "Actual Startup Time": 578.575, "Actual Total Time": 578.575, "Actual Rows": 1091631, "Actual Loops": 109197, "Index Cond": "(o_custkey = public.customer.c_custkey)"}]}]}]}]}, "Triggers": [], "Planner Runtime": 0.609, "Total Runtime": 4949.194, "Unique SQL Id": 2798552886}}, "(1, 52)": {"explain_plan": {"Plan": {"Node Type": "Aggregate", "Strategy": "Sorted", "Startup Cost": 274230.77, "Total Cost": 274230.8, "Plan Rows": 1, "Plan Width": 40, "Group By Key": ["(\"substring\"((public.customer.c_phone)::text, 1, 2))"], "Plans": [{"Node Type": "Aggregate", "Strategy": "Plain", "Parent Relationship": "exec_init_plan", "Subplan Name": "InitPlan 1 (returns $0)", "Startup Cost": 76620.14, "Total Cost": 76620.15, "Plan Rows": 1, "Plan Width": 40, "Plans": [{"Node Type": "Seq Scan", "Parent Relationship": "Outer", "Relation Name": "customer", "Alias": "customer", "Startup Cost": 12.98, "Total Cost": 76501.0, "Plan Rows": 47655, "Plan Width": 8, "Filter": "((c_acctbal > 0::double precision) AND (\"substring\"((c_phone)::text, 1, 2) = ANY ('{20,40,22,30,39,42,21}'::text[])))"}]}, {"Node Type": "Sort", "Parent Relationship": "Outer", "Startup Cost": 197610.62, "Total Cost": 197610.62, "Plan Rows": 1, "Plan Width": 24, "Sort Key": ["(\"substring\"((public.customer.c_phone)::text, 1, 2))"], "Plans": [{"Node Type": "Nested Loop", "Parent Relationship": "Outer", "Join Type": "Anti", "Startup Cost": 0.0, "Total Cost": 197610.61, "Plan Rows": 1, "Plan Width": 24, "Inner Unique": false, "Plans": [{"Node Type": "Seq Scan", "Parent Relationship": "Outer", "Relation Name": "customer", "Alias": "customer", "Startup Cost": 0.0, "Total Cost": 76501.0, "Plan Rows": 17500, "Plan Width": 32, "Filter": "((c_acctbal > $0) AND (\"substring\"((c_phone)::text, 1, 2) = ANY ('{20,40,22,30,39,42,21}'::text[])))"}, {"Node Type": "Index Scan", "Parent Relationship": "Inner", "Scan Direction": "Forward", "Index Name": "idx_orders_custkey", "Relation Name": "orders", "Alias": "orders", "Startup Cost": 0.0, "Total Cost": 17.99, "Plan Rows": 4, "Plan Width": 8, "Index Cond": "(o_custkey = public.customer.c_custkey)"}]}]}]}, "Unique SQL Id": 2798552886}, "explain_analyze_plan": {"Plan": {"Node Type": "Aggregate", "Strategy": "Sorted", "Startup Cost": 274230.77, "Total Cost": 274230.8, "Plan Rows": 1, "Plan Width": 40, "Actual Startup Time": 4066.361, "Actual Total Time": 4076.734, "Actual Rows": 4, "Actual Loops": 1, "Group By Key": ["(\"substring\"((public.customer.c_phone)::text, 1, 2))"], "Plans": [{"Node Type": "Aggregate", "Strategy": "Plain", "Parent Relationship": "exec_init_plan", "Subplan Name": "InitPlan 1 (returns $0)", "Startup Cost": 76620.14, "Total Cost": 76620.15, "Plan Rows": 1, "Plan Width": 40, "Actual Startup Time": 1991.742, "Actual Total Time": 1991.742, "Actual Rows": 1, "Actual Loops": 1, "Plans": [{"Node Type": "Seq Scan", "Parent Relationship": "Outer", "Relation Name": "customer", "Alias": "customer", "Startup Cost": 12.98, "Total Cost": 76501.0, "Plan Rows": 47655, "Plan Width": 8, "Actual Startup Time": 0.028, "Actual Total Time": 1896.339, "Actual Rows": 218121, "Actual Loops": 1, "Filter": "((c_acctbal > 0::double precision) AND (\"substring\"((c_phone)::text, 1, 2) = ANY ('{20,40,22,30,39,42,21}'::text[])))", "Rows Removed by Filter": 1281879}]}, {"Node Type": "Sort", "Parent Relationship": "Outer", "Startup Cost": 197610.62, "Total Cost": 197610.62, "Plan Rows": 1, "Plan Width": 24, "Actual Startup Time": 4062.845, "Actual Total Time": 4066.44, "Actual Rows": 36604, "Actual Loops": 1, "Sort Key": ["(\"substring\"((public.customer.c_phone)::text, 1, 2))"], "Sort Method": "quicksort", "Sort Space Used": 4968, "Sort Space Type": "Memory", "Plans": [{"Node Type": "Nested Loop", "Parent Relationship": "Outer", "Join Type": "Anti", "Startup Cost": 0.0, "Total Cost": 197610.61, "Plan Rows": 1, "Plan Width": 24, "Actual Startup Time": 1991.84, "Actual Total Time": 4041.643, "Actual Rows": 36604, "Actual Loops": 1, "Inner Unique": false, "Plans": [{"Node Type": "Seq Scan", "Parent Relationship": "Outer", "Relation Name": "customer", "Alias": "customer", "Startup Cost": 0.0, "Total Cost": 76501.0, "Plan Rows": 17500, "Plan Width": 32, "Actual Startup Time": 1991.803, "Actual Total Time": 3287.835, "Actual Rows": 109197, "Actual Loops": 1, "Filter": "((c_acctbal > $0) AND (\"substring\"((c_phone)::text, 1, 2) = ANY ('{20,40,22,30,39,42,21}'::text[])))", "Rows Removed by Filter": 1390803}, {"Node Type": "Index Scan", "Parent Relationship": "Inner", "Scan Direction": "Forward", "Index Name": "idx_orders_custkey", "Relation Name": "orders", "Alias": "orders", "Startup Cost": 0.0, "Total Cost": 17.99, "Plan Rows": 4, "Plan Width": 8, "Actual Startup Time": 644.787, "Actual Total Time": 644.787, "Actual Rows": 72593, "Actual Loops": 109197, "Index Cond": "(o_custkey = public.customer.c_custkey)", "Rows Removed by Index Recheck": 0}]}]}]}, "Triggers": [], "Planner Runtime": 0.602, "Total Runtime": 4077.007, "Unique SQL Id": 2798552886}}, "(1, 53)": {"explain_plan": {"Plan": {"Node Type": "Aggregate", "Strategy": "Sorted", "Startup Cost": 1000007876469.13, "Total Cost": 1000007876469.15, "Plan Rows": 1, "Plan Width": 40, "Group By Key": ["(\"substring\"((public.customer.c_phone)::text, 1, 2))"], "Plans": [{"Node Type": "Aggregate", "Strategy": "Plain", "Parent Relationship": "exec_init_plan", "Subplan Name": "InitPlan 1 (returns $0)", "Startup Cost": 1000007650219.14, "Total Cost": 1000007650219.15, "Plan Rows": 1, "Plan Width": 40, "Plans": [{"Node Type": "Seq Scan", "Parent Relationship": "Outer", "Relation Name": "customer", "Alias": "customer", "Startup Cost": 10000000012.75, "Total Cost": 1000007650100.0, "Plan Rows": 47655, "Plan Width": 8, "Filter": "((c_acctbal > 0::double precision) AND (\"substring\"((c_phone)::text, 1, 2) = ANY ('{20,40,22,30,39,42,21}'::text[])))"}]}, {"Node Type": "Sort", "Parent Relationship": "Outer", "Startup Cost": 226249.98, "Total Cost": 226249.98, "Plan Rows": 1, "Plan Width": 24, "Sort Key": ["(\"substring\"((public.customer.c_phone)::text, 1, 2))"], "Plans": [{"Node Type": "Nested Loop", "Parent Relationship": "Outer", "Join Type": "Anti", "Startup Cost": 0.0, "Total Cost": 226249.97, "Plan Rows": 1, "Plan Width": 24, "Inner Unique": false, "Plans": [{"Node Type": "Index Scan", "Parent Relationship": "Outer", "Scan Direction": "Forward", "Index Name": "customer_pkey", "Relation Name": "customer", "Alias": "customer", "Startup Cost": 0.0, "Total Cost": 105140.36, "Plan Rows": 17500, "Plan Width": 32, "Filter": "((c_acctbal > $0) AND (\"substring\"((c_phone)::text, 1, 2) = ANY ('{20,40,22,30,39,42,21}'::text[])))"}, {"Node Type": "Index Scan", "Parent Relationship": "Inner", "Scan Direction": "Forward", "Index Name": "idx_orders_custkey", "Relation Name": "orders", "Alias": "orders", "Startup Cost": 0.0, "Total Cost": 17.99, "Plan Rows": 4, "Plan Width": 8, "Index Cond": "(o_custkey = public.customer.c_custkey)"}]}]}]}, "Unique SQL Id": 2798552886}, "explain_analyze_plan": {"Plan": {"Node Type": "Aggregate", "Strategy": "Sorted", "Startup Cost": 1000007876469.13, "Total Cost": 1000007876469.15, "Plan Rows": 1, "Plan Width": 40, "Actual Startup Time": 4435.834, "Actual Total Time": 4446.26, "Actual Rows": 4, "Actual Loops": 1, "Group By Key": ["(\"substring\"((public.customer.c_phone)::text, 1, 2))"], "Plans": [{"Node Type": "Aggregate", "Strategy": "Plain", "Parent Relationship": "exec_init_plan", "Subplan Name": "InitPlan 1 (returns $0)", "Startup Cost": 1000007650219.14, "Total Cost": 1000007650219.15, "Plan Rows": 1, "Plan Width": 40, "Actual Startup Time": 1997.317, "Actual Total Time": 1997.317, "Actual Rows": 1, "Actual Loops": 1, "Plans": [{"Node Type": "Seq Scan", "Parent Relationship": "Outer", "Relation Name": "customer", "Alias": "customer", "Startup Cost": 10000000012.75, "Total Cost": 1000007650100.0, "Plan Rows": 47655, "Plan Width": 8, "Actual Startup Time": 0.038, "Actual Total Time": 1901.983, "Actual Rows": 218121, "Actual Loops": 1, "Filter": "((c_acctbal > 0::double precision) AND (\"substring\"((c_phone)::text, 1, 2) = ANY ('{20,40,22,30,39,42,21}'::text[])))", "Rows Removed by Filter": 1281879}]}, {"Node Type": "Sort", "Parent Relationship": "Outer", "Startup Cost": 226249.98, "Total Cost": 226249.98, "Plan Rows": 1, "Plan Width": 24, "Actual Startup Time": 4432.31, "Actual Total Time": 4435.843, "Actual Rows": 36604, "Actual Loops": 1, "Sort Key": ["(\"substring\"((public.customer.c_phone)::text, 1, 2))"], "Sort Method": "quicksort", "Sort Space Used": 4968, "Sort Space Type": "Memory", "Plans": [{"Node Type": "Nested Loop", "Parent Relationship": "Outer", "Join Type": "Anti", "Startup Cost": 0.0, "Total Cost": 226249.97, "Plan Rows": 1, "Plan Width": 24, "Actual Startup Time": 1997.433, "Actual Total Time": 4411.89, "Actual Rows": 36604, "Actual Loops": 1, "Inner Unique": false, "Plans": [{"Node Type": "Index Scan", "Parent Relationship": "Outer", "Scan Direction": "Forward", "Index Name": "customer_pkey", "Relation Name": "customer", "Alias": "customer", "Startup Cost": 0.0, "Total Cost": 105140.36, "Plan Rows": 17500, "Plan Width": 32, "Actual Startup Time": 1997.392, "Actual Total Time": 3747.515, "Actual Rows": 109197, "Actual Loops": 1, "Filter": "((c_acctbal > $0) AND (\"substring\"((c_phone)::text, 1, 2) = ANY ('{20,40,22,30,39,42,21}'::text[])))", "Rows Removed by Filter": 1390803}, {"Node Type": "Index Scan", "Parent Relationship": "Inner", "Scan Direction": "Forward", "Index Name": "idx_orders_custkey", "Relation Name": "orders", "Alias": "orders", "Startup Cost": 0.0, "Total Cost": 17.99, "Plan Rows": 4, "Plan Width": 8, "Actual Startup Time": 555.838, "Actual Total Time": 555.838, "Actual Rows": 72593, "Actual Loops": 109197, "Index Cond": "(o_custkey = public.customer.c_custkey)", "Rows Removed by Index Recheck": 0}]}]}]}, "Triggers": [], "Planner Runtime": 0.606, "Total Runtime": 4446.572, "Unique SQL Id": 2798552886}}, "(1, 54)": {"explain_plan": {"Plan": {"Node Type": "Aggregate", "Strategy": "Sorted", "Startup Cost": 326543.86, "Total Cost": 326543.89, "Plan Rows": 1, "Plan Width": 40, "Group By Key": ["(\"substring\"((public.customer.c_phone)::text, 1, 2))"], "Plans": [{"Node Type": "Aggregate", "Strategy": "Plain", "Parent Relationship": "exec_init_plan", "Subplan Name": "InitPlan 1 (returns $0)", "Startup Cost": 76620.14, "Total Cost": 76620.15, "Plan Rows": 1, "Plan Width": 40, "Plans": [{"Node Type": "Seq Scan", "Parent Relationship": "Outer", "Relation Name": "customer", "Alias": "customer", "Startup Cost": 12.98, "Total Cost": 76501.0, "Plan Rows": 47655, "Plan Width": 8, "Filter": "((c_acctbal > 0::double precision) AND (\"substring\"((c_phone)::text, 1, 2) = ANY ('{20,40,22,30,39,42,21}'::text[])))"}]}, {"Node Type": "Sort", "Parent Relationship": "Outer", "Startup Cost": 249923.71, "Total Cost": 249923.72, "Plan Rows": 1, "Plan Width": 24, "Sort Key": ["(\"substring\"((public.customer.c_phone)::text, 1, 2))"], "Plans": [{"Node Type": "Nested Loop", "Parent Relationship": "Outer", "Join Type": "Anti", "Startup Cost": 3.75, "Total Cost": 249923.7, "Plan Rows": 1, "Plan Width": 24, "Inner Unique": false, "Plans": [{"Node Type": "Seq Scan", "Parent Relationship": "Outer", "Relation Name": "customer", "Alias": "customer", "Startup Cost": 0.0, "Total Cost": 76501.0, "Plan Rows": 17500, "Plan Width": 32, "Filter": "((c_acctbal > $0) AND (\"substring\"((c_phone)::text, 1, 2) = ANY ('{20,40,22,30,39,42,21}'::text[])))"}, {"Node Type": "Bitmap Heap Scan", "Parent Relationship": "Inner", "Relation Name": "orders", "Alias": "orders", "Startup Cost": 3.75, "Total Cost": 19.76, "Plan Rows": 4, "Plan Width": 8, "Recheck Cond": "(o_custkey = public.customer.c_custkey)", "Plans": [{"Node Type": "Bitmap Index Scan", "Parent Relationship": "Outer", "Index Name": "idx_orders_custkey", "Startup Cost": 0.0, "Total Cost": 3.75, "Plan Rows": 4, "Plan Width": 0, "Index Cond": "(o_custkey = public.customer.c_custkey)"}]}]}]}]}, "Unique SQL Id": 2798552886}, "explain_analyze_plan": {"Plan": {"Node Type": "Aggregate", "Strategy": "Sorted", "Startup Cost": 326543.86, "Total Cost": 326543.89, "Plan Rows": 1, "Plan Width": 40, "Actual Startup Time": 4467.914, "Actual Total Time": 4478.319, "Actual Rows": 4, "Actual Loops": 1, "Group By Key": ["(\"substring\"((public.customer.c_phone)::text, 1, 2))"], "Plans": [{"Node Type": "Aggregate", "Strategy": "Plain", "Parent Relationship": "exec_init_plan", "Subplan Name": "InitPlan 1 (returns $0)", "Startup Cost": 76620.14, "Total Cost": 76620.15, "Plan Rows": 1, "Plan Width": 40, "Actual Startup Time": 1998.25, "Actual Total Time": 1998.25, "Actual Rows": 1, "Actual Loops": 1, "Plans": [{"Node Type": "Seq Scan", "Parent Relationship": "Outer", "Relation Name": "customer", "Alias": "customer", "Startup Cost": 12.98, "Total Cost": 76501.0, "Plan Rows": 47655, "Plan Width": 8, "Actual Startup Time": 0.027, "Actual Total Time": 1903.14, "Actual Rows": 218121, "Actual Loops": 1, "Filter": "((c_acctbal > 0::double precision) AND (\"substring\"((c_phone)::text, 1, 2) = ANY ('{20,40,22,30,39,42,21}'::text[])))", "Rows Removed by Filter": 1281879}]}, {"Node Type": "Sort", "Parent Relationship": "Outer", "Startup Cost": 249923.71, "Total Cost": 249923.72, "Plan Rows": 1, "Plan Width": 24, "Actual Startup Time": 4464.389, "Actual Total Time": 4467.967, "Actual Rows": 36604, "Actual Loops": 1, "Sort Key": ["(\"substring\"((public.customer.c_phone)::text, 1, 2))"], "Sort Method": "quicksort", "Sort Space Used": 4968, "Sort Space Type": "Memory", "Plans": [{"Node Type": "Nested Loop", "Parent Relationship": "Outer", "Join Type": "Anti", "Startup Cost": 3.75, "Total Cost": 249923.7, "Plan Rows": 1, "Plan Width": 24, "Actual Startup Time": 1998.373, "Actual Total Time": 4442.474, "Actual Rows": 36604, "Actual Loops": 1, "Inner Unique": false, "Plans": [{"Node Type": "Seq Scan", "Parent Relationship": "Outer", "Relation Name": "customer", "Alias": "customer", "Startup Cost": 0.0, "Total Cost": 76501.0, "Plan Rows": 17500, "Plan Width": 32, "Actual Startup Time": 1998.311, "Actual Total Time": 3303.891, "Actual Rows": 109197, "Actual Loops": 1, "Filter": "((c_acctbal > $0) AND (\"substring\"((c_phone)::text, 1, 2) = ANY ('{20,40,22,30,39,42,21}'::text[])))", "Rows Removed by Filter": 1390803}, {"Node Type": "Bitmap Heap Scan", "Parent Relationship": "Inner", "Relation Name": "orders", "Alias": "orders", "Startup Cost": 3.75, "Total Cost": 19.76, "Plan Rows": 4, "Plan Width": 8, "Actual Startup Time": 951.823, "Actual Total Time": 951.823, "Actual Rows": 72593, "Actual Loops": 109197, "Recheck Cond": "(o_custkey = public.customer.c_custkey)", "Rows Removed by Index Recheck": 0, "Exact Heap Blocks": 72593, "Lossy Heap Blocks": 72593, "Plans": [{"Node Type": "Bitmap Index Scan", "Parent Relationship": "Outer", "Index Name": "idx_orders_custkey", "Startup Cost": 0.0, "Total Cost": 3.75, "Plan Rows": 4, "Plan Width": 0, "Actual Startup Time": 597.509, "Actual Total Time": 597.509, "Actual Rows": 1091631, "Actual Loops": 109197, "Index Cond": "(o_custkey = public.customer.c_custkey)"}]}]}]}]}, "Triggers": [], "Planner Runtime": 0.604, "Total Runtime": 4478.631, "Unique SQL Id": 2798552886}}, "(1, 55)": {"explain_plan": {"Plan": {"Node Type": "Aggregate", "Strategy": "Sorted", "Startup Cost": 2000018337677.48, "Total Cost": 2000018337677.51, "Plan Rows": 1, "Plan Width": 40, "Group By Key": ["(\"substring\"((public.customer.c_phone)::text, 1, 2))"], "Plans": [{"Node Type": "Aggregate", "Strategy": "Plain", "Parent Relationship": "exec_init_plan", "Subplan Name": "InitPlan 1 (returns $0)", "Startup Cost": 1000007650219.14, "Total Cost": 1000007650219.15, "Plan Rows": 1, "Plan Width": 40, "Plans": [{"Node Type": "Seq Scan", "Parent Relationship": "Outer", "Relation Name": "customer", "Alias": "customer", "Startup Cost": 10000000012.75, "Total Cost": 1000007650100.0, "Plan Rows": 47655, "Plan Width": 8, "Filter": "((c_acctbal > 0::double precision) AND (\"substring\"((c_phone)::text, 1, 2) = ANY ('{20,40,22,30,39,42,21}'::text[])))"}]}, {"Node Type": "Sort", "Parent Relationship": "Outer", "Startup Cost": 1000010687458.33, "Total Cost": 1000010687458.34, "Plan Rows": 1, "Plan Width": 24, "Sort Key": ["(\"substring\"((public.customer.c_phone)::text, 1, 2))"], "Plans": [{"Node Type": "Nested Loop", "Parent Relationship": "Outer", "Join Type": "Anti", "Startup Cost": 10000000003.75, "Total Cost": 1000010687458.32, "Plan Rows": 1, "Plan Width": 24, "Inner Unique": false, "Plans": [{"Node Type": "Index Scan", "Parent Relationship": "Outer", "Scan Direction": "Forward", "Index Name": "customer_pkey", "Relation Name": "customer", "Alias": "customer", "Startup Cost": 10000000000.0, "Total Cost": 1000010514035.62, "Plan Rows": 17500, "Plan Width": 32, "Filter": "((c_acctbal > $0) AND (\"substring\"((c_phone)::text, 1, 2) = ANY ('{20,40,22,30,39,42,21}'::text[])))"}, {"Node Type": "Bitmap Heap Scan", "Parent Relationship": "Inner", "Relation Name": "orders", "Alias": "orders", "Startup Cost": 3.75, "Total Cost": 19.76, "Plan Rows": 4, "Plan Width": 8, "Recheck Cond": "(o_custkey = public.customer.c_custkey)", "Plans": [{"Node Type": "Bitmap Index Scan", "Parent Relationship": "Outer", "Index Name": "idx_orders_custkey", "Startup Cost": 0.0, "Total Cost": 3.75, "Plan Rows": 4, "Plan Width": 0, "Index Cond": "(o_custkey = public.customer.c_custkey)"}]}]}]}]}, "Unique SQL Id": 2798552886}, "explain_analyze_plan": {"Plan": {"Node Type": "Aggregate", "Strategy": "Sorted", "Startup Cost": 2000018337677.48, "Total Cost": 2000018337677.51, "Plan Rows": 1, "Plan Width": 40, "Actual Startup Time": 4938.481, "Actual Total Time": 4948.912, "Actual Rows": 4, "Actual Loops": 1, "Group By Key": ["(\"substring\"((public.customer.c_phone)::text, 1, 2))"], "Plans": [{"Node Type": "Aggregate", "Strategy": "Plain", "Parent Relationship": "exec_init_plan", "Subplan Name": "InitPlan 1 (returns $0)", "Startup Cost": 1000007650219.14, "Total Cost": 1000007650219.15, "Plan Rows": 1, "Plan Width": 40, "Actual Startup Time": 1989.173, "Actual Total Time": 1989.174, "Actual Rows": 1, "Actual Loops": 1, "Plans": [{"Node Type": "Seq Scan", "Parent Relationship": "Outer", "Relation Name": "customer", "Alias": "customer", "Startup Cost": 10000000012.75, "Total Cost": 1000007650100.0, "Plan Rows": 47655, "Plan Width": 8, "Actual Startup Time": 0.032, "Actual Total Time": 1894.45, "Actual Rows": 218121, "Actual Loops": 1, "Filter": "((c_acctbal > 0::double precision) AND (\"substring\"((c_phone)::text, 1, 2) = ANY ('{20,40,22,30,39,42,21}'::text[])))", "Rows Removed by Filter": 1281879}]}, {"Node Type": "Sort", "Parent Relationship": "Outer", "Startup Cost": 1000010687458.33, "Total Cost": 1000010687458.34, "Plan Rows": 1, "Plan Width": 24, "Actual Startup Time": 4934.953, "Actual Total Time": 4938.537, "Actual Rows": 36604, "Actual Loops": 1, "Sort Key": ["(\"substring\"((public.customer.c_phone)::text, 1, 2))"], "Sort Method": "quicksort", "Sort Space Used": 4968, "Sort Space Type": "Memory", "Plans": [{"Node Type": "Nested Loop", "Parent Relationship": "Outer", "Join Type": "Anti", "Startup Cost": 10000000003.75, "Total Cost": 1000010687458.32, "Plan Rows": 1, "Plan Width": 24, "Actual Startup Time": 1989.319, "Actual Total Time": 4912.858, "Actual Rows": 36604, "Actual Loops": 1, "Inner Unique": false, "Plans": [{"Node Type": "Index Scan", "Parent Relationship": "Outer", "Scan Direction": "Forward", "Index Name": "customer_pkey", "Relation Name": "customer", "Alias": "customer", "Startup Cost": 10000000000.0, "Total Cost": 1000010514035.62, "Plan Rows": 17500, "Plan Width": 32, "Actual Startup Time": 1989.251, "Actual Total Time": 3801.63, "Actual Rows": 109197, "Actual Loops": 1, "Filter": "((c_acctbal > $0) AND (\"substring\"((c_phone)::text, 1, 2) = ANY ('{20,40,22,30,39,42,21}'::text[])))", "Rows Removed by Filter": 1390803}, {"Node Type": "Bitmap Heap Scan", "Parent Relationship": "Inner", "Relation Name": "orders", "Alias": "orders", "Startup Cost": 3.75, "Total Cost": 19.76, "Plan Rows": 4, "Plan Width": 8, "Actual Startup Time": 921.241, "Actual Total Time": 921.241, "Actual Rows": 72593, "Actual Loops": 109197, "Recheck Cond": "(o_custkey = public.customer.c_custkey)", "Rows Removed by Index Recheck": 0, "Exact Heap Blocks": 72593, "Lossy Heap Blocks": 72593, "Plans": [{"Node Type": "Bitmap Index Scan", "Parent Relationship": "Outer", "Index Name": "idx_orders_custkey", "Startup Cost": 0.0, "Total Cost": 3.75, "Plan Rows": 4, "Plan Width": 0, "Actual Startup Time": 578.575, "Actual Total Time": 578.575, "Actual Rows": 1091631, "Actual Loops": 109197, "Index Cond": "(o_custkey = public.customer.c_custkey)"}]}]}]}]}, "Triggers": [], "Planner Runtime": 0.609, "Total Runtime": 4949.194, "Unique SQL Id": 2798552886}}, "(1, 56)": {"explain_plan": {"Plan": {"Node Type": "Aggregate", "Strategy": "Sorted", "Startup Cost": 178853.65, "Total Cost": 178853.67, "Plan Rows": 1, "Plan Width": 40, "Group By Key": ["(\"substring\"((public.customer.c_phone)::text, 1, 2))"], "Plans": [{"Node Type": "Aggregate", "Strategy": "Plain", "Parent Relationship": "exec_init_plan", "Subplan Name": "InitPlan 1 (returns $0)", "Startup Cost": 76620.14, "Total Cost": 76620.15, "Plan Rows": 1, "Plan Width": 40, "Plans": [{"Node Type": "Seq Scan", "Parent Relationship": "Outer", "Relation Name": "customer", "Alias": "customer", "Startup Cost": 12.98, "Total Cost": 76501.0, "Plan Rows": 47655, "Plan Width": 8, "Filter": "((c_acctbal > 0::double precision) AND (\"substring\"((c_phone)::text, 1, 2) = ANY ('{20,40,22,30,39,42,21}'::text[])))"}]}, {"Node Type": "Sort", "Parent Relationship": "Outer", "Startup Cost": 102233.5, "Total Cost": 102233.5, "Plan Rows": 1, "Plan Width": 24, "Sort Key": ["(\"substring\"((public.customer.c_phone)::text, 1, 2))"], "Plans": [{"Node Type": "Nested Loop", "Parent Relationship": "Outer", "Join Type": "Anti", "Startup Cost": 0.0, "Total Cost": 102233.49, "Plan Rows": 1, "Plan Width": 24, "Inner Unique": false, "Plans": [{"Node Type": "Seq Scan", "Parent Relationship": "Outer", "Relation Name": "customer", "Alias": "customer", "Startup Cost": 0.0, "Total Cost": 76501.0, "Plan Rows": 17500, "Plan Width": 32, "Filter": "((c_acctbal > $0) AND (\"substring\"((c_phone)::text, 1, 2) = ANY ('{20,40,22,30,39,42,21}'::text[])))"}, {"Node Type": "Index Only Scan", "Parent Relationship": "Inner", "Scan Direction": "Forward", "Index Name": "idx_orders_custkey", "Relation Name": "orders", "Alias": "orders", "Startup Cost": 0.0, "Total Cost": 3.79, "Plan Rows": 4, "Plan Width": 8, "Index Cond": "(o_custkey = public.customer.c_custkey)"}]}]}]}, "Unique SQL Id": 2798552886}, "explain_analyze_plan": {"Plan": {"Node Type": "Aggregate", "Strategy": "Sorted", "Startup Cost": 178853.65, "Total Cost": 178853.67, "Plan Rows": 1, "Plan Width": 40, "Actual Startup Time": 3881.351, "Actual Total Time": 3891.855, "Actual Rows": 4, "Actual Loops": 1, "Group By Key": ["(\"substring\"((public.customer.c_phone)::text, 1, 2))"], "Plans": [{"Node Type": "Aggregate", "Strategy": "Plain", "Parent Relationship": "exec_init_plan", "Subplan Name": "InitPlan 1 (returns $0)", "Startup Cost": 76620.14, "Total Cost": 76620.15, "Plan Rows": 1, "Plan Width": 40, "Actual Startup Time": 2010.36, "Actual Total Time": 2010.361, "Actual Rows": 1, "Actual Loops": 1, "Plans": [{"Node Type": "Seq Scan", "Parent Relationship": "Outer", "Relation Name": "customer", "Alias": "customer", "Startup Cost": 12.98, "Total Cost": 76501.0, "Plan Rows": 47655, "Plan Width": 8, "Actual Startup Time": 0.029, "Actual Total Time": 1914.702, "Actual Rows": 218121, "Actual Loops": 1, "Filter": "((c_acctbal > 0::double precision) AND (\"substring\"((c_phone)::text, 1, 2) = ANY ('{20,40,22,30,39,42,21}'::text[])))", "Rows Removed by Filter": 1281879}]}, {"Node Type": "Sort", "Parent Relationship": "Outer", "Startup Cost": 102233.5, "Total Cost": 102233.5, "Plan Rows": 1, "Plan Width": 24, "Actual Startup Time": 3877.781, "Actual Total Time": 3881.447, "Actual Rows": 36604, "Actual Loops": 1, "Sort Key": ["(\"substring\"((public.customer.c_phone)::text, 1, 2))"], "Sort Method": "quicksort", "Sort Space Used": 4968, "Sort Space Type": "Memory", "Plans": [{"Node Type": "Nested Loop", "Parent Relationship": "Outer", "Join Type": "Anti", "Startup Cost": 0.0, "Total Cost": 102233.49, "Plan Rows": 1, "Plan Width": 24, "Actual Startup Time": 2010.457, "Actual Total Time": 3857.027, "Actual Rows": 36604, "Actual Loops": 1, "Inner Unique": false, "Plans": [{"Node Type": "Seq Scan", "Parent Relationship": "Outer", "Relation Name": "customer", "Alias": "customer", "Startup Cost": 0.0, "Total Cost": 76501.0, "Plan Rows": 17500, "Plan Width": 32, "Actual Startup Time": 2010.414, "Actual Total Time": 3294.32, "Actual Rows": 109197, "Actual Loops": 1, "Filter": "((c_acctbal > $0) AND (\"substring\"((c_phone)::text, 1, 2) = ANY ('{20,40,22,30,39,42,21}'::text[])))", "Rows Removed by Filter": 1390803}, {"Node Type": "Index Only Scan", "Parent Relationship": "Inner", "Scan Direction": "Forward", "Index Name": "idx_orders_custkey", "Relation Name": "orders", "Alias": "orders", "Startup Cost": 0.0, "Total Cost": 3.79, "Plan Rows": 4, "Plan Width": 8, "Actual Startup Time": 460.774, "Actual Total Time": 460.774, "Actual Rows": 72593, "Actual Loops": 109197, "Index Cond": "(o_custkey = public.customer.c_custkey)", "Rows Removed by Index Recheck": 0, "Heap Fetches": 0}]}]}]}, "Triggers": [], "Planner Runtime": 0.607, "Total Runtime": 3892.138, "Unique SQL Id": 2798552886}}, "(1, 57)": {"explain_plan": {"Plan": {"Node Type": "Aggregate", "Strategy": "Sorted", "Startup Cost": 1000007781092.0, "Total Cost": 1000007781092.03, "Plan Rows": 1, "Plan Width": 40, "Group By Key": ["(\"substring\"((public.customer.c_phone)::text, 1, 2))"], "Plans": [{"Node Type": "Aggregate", "Strategy": "Plain", "Parent Relationship": "exec_init_plan", "Subplan Name": "InitPlan 1 (returns $0)", "Startup Cost": 1000007650219.14, "Total Cost": 1000007650219.15, "Plan Rows": 1, "Plan Width": 40, "Plans": [{"Node Type": "Seq Scan", "Parent Relationship": "Outer", "Relation Name": "customer", "Alias": "customer", "Startup Cost": 10000000012.75, "Total Cost": 1000007650100.0, "Plan Rows": 47655, "Plan Width": 8, "Filter": "((c_acctbal > 0::double precision) AND (\"substring\"((c_phone)::text, 1, 2) = ANY ('{20,40,22,30,39,42,21}'::text[])))"}]}, {"Node Type": "Sort", "Parent Relationship": "Outer", "Startup Cost": 130872.85, "Total Cost": 130872.86, "Plan Rows": 1, "Plan Width": 24, "Sort Key": ["(\"substring\"((public.customer.c_phone)::text, 1, 2))"], "Plans": [{"Node Type": "Nested Loop", "Parent Relationship": "Outer", "Join Type": "Anti", "Startup Cost": 0.0, "Total Cost": 130872.84, "Plan Rows": 1, "Plan Width": 24, "Inner Unique": false, "Plans": [{"Node Type": "Index Scan", "Parent Relationship": "Outer", "Scan Direction": "Forward", "Index Name": "customer_pkey", "Relation Name": "customer", "Alias": "customer", "Startup Cost": 0.0, "Total Cost": 105140.36, "Plan Rows": 17500, "Plan Width": 32, "Filter": "((c_acctbal > $0) AND (\"substring\"((c_phone)::text, 1, 2) = ANY ('{20,40,22,30,39,42,21}'::text[])))"}, {"Node Type": "Index Only Scan", "Parent Relationship": "Inner", "Scan Direction": "Forward", "Index Name": "idx_orders_custkey", "Relation Name": "orders", "Alias": "orders", "Startup Cost": 0.0, "Total Cost": 3.79, "Plan Rows": 4, "Plan Width": 8, "Index Cond": "(o_custkey = public.customer.c_custkey)"}]}]}]}, "Unique SQL Id": 2798552886}, "explain_analyze_plan": {"Plan": {"Node Type": "Aggregate", "Strategy": "Sorted", "Startup Cost": 1000007781092.0, "Total Cost": 1000007781092.03, "Plan Rows": 1, "Plan Width": 40, "Actual Startup Time": 4453.89, "Actual Total Time": 4464.091, "Actual Rows": 4, "Actual Loops": 1, "Group By Key": ["(\"substring\"((public.customer.c_phone)::text, 1, 2))"], "Plans": [{"Node Type": "Aggregate", "Strategy": "Plain", "Parent Relationship": "exec_init_plan", "Subplan Name": "InitPlan 1 (returns $0)", "Startup Cost": 1000007650219.14, "Total Cost": 1000007650219.15, "Plan Rows": 1, "Plan Width": 40, "Actual Startup Time": 1990.397, "Actual Total Time": 1990.398, "Actual Rows": 1, "Actual Loops": 1, "Plans": [{"Node Type": "Seq Scan", "Parent Relationship": "Outer", "Relation Name": "customer", "Alias": "customer", "Startup Cost": 10000000012.75, "Total Cost": 1000007650100.0, "Plan Rows": 47655, "Plan Width": 8, "Actual Startup Time": 0.036, "Actual Total Time": 1895.081, "Actual Rows": 218121, "Actual Loops": 1, "Filter": "((c_acctbal > 0::double precision) AND (\"substring\"((c_phone)::text, 1, 2) = ANY ('{20,40,22,30,39,42,21}'::text[])))", "Rows Removed by Filter": 1281879}]}, {"Node Type": "Sort", "Parent Relationship": "Outer", "Startup Cost": 130872.85, "Total Cost": 130872.86, "Plan Rows": 1, "Plan Width": 24, "Actual Startup Time": 4450.398, "Actual Total Time": 4453.934, "Actual Rows": 36604, "Actual Loops": 1, "Sort Key": ["(\"substring\"((public.customer.c_phone)::text, 1, 2))"], "Sort Method": "quicksort", "Sort Space Used": 4968, "Sort Space Type": "Memory", "Plans": [{"Node Type": "Nested Loop", "Parent Relationship": "Outer", "Join Type": "Anti", "Startup Cost": 0.0, "Total Cost": 130872.84, "Plan Rows": 1, "Plan Width": 24, "Actual Startup Time": 1990.521, "Actual Total Time": 4429.799, "Actual Rows": 36604, "Actual Loops": 1, "Inner Unique": false, "Plans": [{"Node Type": "Index Scan", "Parent Relationship": "Outer", "Scan Direction": "Forward", "Index Name": "customer_pkey", "Relation Name": "customer", "Alias": "customer", "Startup Cost": 0.0, "Total Cost": 105140.36, "Plan Rows": 17500, "Plan Width": 32, "Actual Startup Time": 1990.477, "Actual Total Time": 3857.715, "Actual Rows": 109197, "Actual Loops": 1, "Filter": "((c_acctbal > $0) AND (\"substring\"((c_phone)::text, 1, 2) = ANY ('{20,40,22,30,39,42,21}'::text[])))", "Rows Removed by Filter": 1390803}, {"Node Type": "Index Only Scan", "Parent Relationship": "Inner", "Scan Direction": "Forward", "Index Name": "idx_orders_custkey", "Relation Name": "orders", "Alias": "orders", "Startup Cost": 0.0, "Total Cost": 3.79, "Plan Rows": 4, "Plan Width": 8, "Actual Startup Time": 469.636, "Actual Total Time": 469.636, "Actual Rows": 72593, "Actual Loops": 109197, "Index Cond": "(o_custkey = public.customer.c_custkey)", "Rows Removed by Index Recheck": 0, "Heap Fetches": 0}]}]}]}, "Triggers": [], "Planner Runtime": 0.607, "Total Runtime": 4464.404, "Unique SQL Id": 2798552886}}, "(1, 58)": {"explain_plan": {"Plan": {"Node Type": "Aggregate", "Strategy": "Sorted", "Startup Cost": 1511678295.04, "Total Cost": 1511678295.06, "Plan Rows": 1, "Plan Width": 40, "Group By Key": ["(\"substring\"((public.customer.c_phone)::text, 1, 2))"], "Plans": [{"Node Type": "Aggregate", "Strategy": "Plain", "Parent Relationship": "exec_init_plan", "Subplan Name": "InitPlan 1 (returns $0)", "Startup Cost": 76620.14, "Total Cost": 76620.15, "Plan Rows": 1, "Plan Width": 40, "Plans": [{"Node Type": "Seq Scan", "Parent Relationship": "Outer", "Relation Name": "customer", "Alias": "customer", "Startup Cost": 12.98, "Total Cost": 76501.0, "Plan Rows": 47655, "Plan Width": 8, "Filter": "((c_acctbal > 0::double precision) AND (\"substring\"((c_phone)::text, 1, 2) = ANY ('{20,40,22,30,39,42,21}'::text[])))"}]}, {"Node Type": "Sort", "Parent Relationship": "Outer", "Startup Cost": 1511601674.89, "Total Cost": 1511601674.89, "Plan Rows": 1, "Plan Width": 24, "Sort Key": ["(\"substring\"((public.customer.c_phone)::text, 1, 2))"], "Plans": [{"Node Type": "Nested Loop", "Parent Relationship": "Outer", "Join Type": "Anti", "Startup Cost": 0.0, "Total Cost": 1511601674.88, "Plan Rows": 1, "Plan Width": 24, "Inner Unique": false, "Join Filter": "(orders.o_custkey = public.customer.c_custkey)", "Plans": [{"Node Type": "Seq Scan", "Parent Relationship": "Outer", "Relation Name": "customer", "Alias": "customer", "Startup Cost": 0.0, "Total Cost": 76501.0, "Plan Rows": 17500, "Plan Width": 32, "Filter": "((c_acctbal > $0) AND (\"substring\"((c_phone)::text, 1, 2) = ANY ('{20,40,22,30,39,42,21}'::text[])))"}, {"Node Type": "Materialize", "Parent Relationship": "Inner", "Startup Cost": 0.0, "Total Cost": 501411.19, "Plan Rows": 14999479, "Plan Width": 8, "Plans": [{"Node Type": "Seq Scan", "Parent Relationship": "Outer", "Relation Name": "orders", "Alias": "orders", "Startup Cost": 0.0, "Total Cost": 426413.79, "Plan Rows": 14999479, "Plan Width": 8}]}]}]}]}, "Unique SQL Id": 2798552886}, "explain_analyze_plan": null}, "(1, 59)": {"explain_plan": {"Plan": {"Node Type": "Aggregate", "Strategy": "Sorted", "Startup Cost": 3001574749058.37, "Total Cost": 3001574749058.39, "Plan Rows": 1, "Plan Width": 40, "Group By Key": ["(\"substring\"((public.customer.c_phone)::text, 1, 2))"], "Plans": [{"Node Type": "Aggregate", "Strategy": "Plain", "Parent Relationship": "exec_init_plan", "Subplan Name": "InitPlan 1 (returns $0)", "Startup Cost": 1000007650219.14, "Total Cost": 1000007650219.15, "Plan Rows": 1, "Plan Width": 40, "Plans": [{"Node Type": "Seq Scan", "Parent Relationship": "Outer", "Relation Name": "customer", "Alias": "customer", "Startup Cost": 10000000012.75, "Total Cost": 1000007650100.0, "Plan Rows": 47655, "Plan Width": 8, "Filter": "((c_acctbal > 0::double precision) AND (\"substring\"((c_phone)::text, 1, 2) = ANY ('{20,40,22,30,39,42,21}'::text[])))"}]}, {"Node Type": "Sort", "Parent Relationship": "Outer", "Startup Cost": 2001567098839.22, "Total Cost": 2001567098839.22, "Plan Rows": 1, "Plan Width": 24, "Sort Key": ["(\"substring\"((public.customer.c_phone)::text, 1, 2))"], "Plans": [{"Node Type": "Nested Loop", "Parent Relationship": "Outer", "Join Type": "Anti", "Startup Cost": 20000000000.0, "Total Cost": 2001567098839.21, "Plan Rows": 1, "Plan Width": 24, "Inner Unique": false, "Join Filter": "(orders.o_custkey = public.customer.c_custkey)", "Plans": [{"Node Type": "Index Scan", "Parent Relationship": "Outer", "Scan Direction": "Forward", "Index Name": "customer_pkey", "Relation Name": "customer", "Alias": "customer", "Startup Cost": 10000000000.0, "Total Cost": 1000010514035.62, "Plan Rows": 17500, "Plan Width": 32, "Filter": "((c_acctbal > $0) AND (\"substring\"((c_phone)::text, 1, 2) = ANY ('{20,40,22,30,39,42,21}'::text[])))"}, {"Node Type": "Materialize", "Parent Relationship": "Inner", "Startup Cost": 10000000000.0, "Total Cost": 1000045561040.9, "Plan Rows": 14999479, "Plan Width": 8, "Plans": [{"Node Type": "Index Only Scan", "Parent Relationship": "Outer", "Scan Direction": "Forward", "Index Name": "idx_orders_custkey", "Relation Name": "orders", "Alias": "orders", "Startup Cost": 10000000000.0, "Total Cost": 1000045486043.5, "Plan Rows": 14999479, "Plan Width": 8}]}]}]}]}, "Unique SQL Id": 2798552886}, "explain_analyze_plan": null}, "(1, 60)": {"explain_plan": {"Plan": {"Node Type": "Aggregate", "Strategy": "Sorted", "Startup Cost": 274230.77, "Total Cost": 274230.8, "Plan Rows": 1, "Plan Width": 40, "Group By Key": ["(\"substring\"((public.customer.c_phone)::text, 1, 2))"], "Plans": [{"Node Type": "Aggregate", "Strategy": "Plain", "Parent Relationship": "exec_init_plan", "Subplan Name": "InitPlan 1 (returns $0)", "Startup Cost": 76620.14, "Total Cost": 76620.15, "Plan Rows": 1, "Plan Width": 40, "Plans": [{"Node Type": "Seq Scan", "Parent Relationship": "Outer", "Relation Name": "customer", "Alias": "customer", "Startup Cost": 12.98, "Total Cost": 76501.0, "Plan Rows": 47655, "Plan Width": 8, "Filter": "((c_acctbal > 0::double precision) AND (\"substring\"((c_phone)::text, 1, 2) = ANY ('{20,40,22,30,39,42,21}'::text[])))"}]}, {"Node Type": "Sort", "Parent Relationship": "Outer", "Startup Cost": 197610.62, "Total Cost": 197610.62, "Plan Rows": 1, "Plan Width": 24, "Sort Key": ["(\"substring\"((public.customer.c_phone)::text, 1, 2))"], "Plans": [{"Node Type": "Nested Loop", "Parent Relationship": "Outer", "Join Type": "Anti", "Startup Cost": 0.0, "Total Cost": 197610.61, "Plan Rows": 1, "Plan Width": 24, "Inner Unique": false, "Plans": [{"Node Type": "Seq Scan", "Parent Relationship": "Outer", "Relation Name": "customer", "Alias": "customer", "Startup Cost": 0.0, "Total Cost": 76501.0, "Plan Rows": 17500, "Plan Width": 32, "Filter": "((c_acctbal > $0) AND (\"substring\"((c_phone)::text, 1, 2) = ANY ('{20,40,22,30,39,42,21}'::text[])))"}, {"Node Type": "Index Scan", "Parent Relationship": "Inner", "Scan Direction": "Forward", "Index Name": "idx_orders_custkey", "Relation Name": "orders", "Alias": "orders", "Startup Cost": 0.0, "Total Cost": 17.99, "Plan Rows": 4, "Plan Width": 8, "Index Cond": "(o_custkey = public.customer.c_custkey)"}]}]}]}, "Unique SQL Id": 2798552886}, "explain_analyze_plan": {"Plan": {"Node Type": "Aggregate", "Strategy": "Sorted", "Startup Cost": 274230.77, "Total Cost": 274230.8, "Plan Rows": 1, "Plan Width": 40, "Actual Startup Time": 4066.361, "Actual Total Time": 4076.734, "Actual Rows": 4, "Actual Loops": 1, "Group By Key": ["(\"substring\"((public.customer.c_phone)::text, 1, 2))"], "Plans": [{"Node Type": "Aggregate", "Strategy": "Plain", "Parent Relationship": "exec_init_plan", "Subplan Name": "InitPlan 1 (returns $0)", "Startup Cost": 76620.14, "Total Cost": 76620.15, "Plan Rows": 1, "Plan Width": 40, "Actual Startup Time": 1991.742, "Actual Total Time": 1991.742, "Actual Rows": 1, "Actual Loops": 1, "Plans": [{"Node Type": "Seq Scan", "Parent Relationship": "Outer", "Relation Name": "customer", "Alias": "customer", "Startup Cost": 12.98, "Total Cost": 76501.0, "Plan Rows": 47655, "Plan Width": 8, "Actual Startup Time": 0.028, "Actual Total Time": 1896.339, "Actual Rows": 218121, "Actual Loops": 1, "Filter": "((c_acctbal > 0::double precision) AND (\"substring\"((c_phone)::text, 1, 2) = ANY ('{20,40,22,30,39,42,21}'::text[])))", "Rows Removed by Filter": 1281879}]}, {"Node Type": "Sort", "Parent Relationship": "Outer", "Startup Cost": 197610.62, "Total Cost": 197610.62, "Plan Rows": 1, "Plan Width": 24, "Actual Startup Time": 4062.845, "Actual Total Time": 4066.44, "Actual Rows": 36604, "Actual Loops": 1, "Sort Key": ["(\"substring\"((public.customer.c_phone)::text, 1, 2))"], "Sort Method": "quicksort", "Sort Space Used": 4968, "Sort Space Type": "Memory", "Plans": [{"Node Type": "Nested Loop", "Parent Relationship": "Outer", "Join Type": "Anti", "Startup Cost": 0.0, "Total Cost": 197610.61, "Plan Rows": 1, "Plan Width": 24, "Actual Startup Time": 1991.84, "Actual Total Time": 4041.643, "Actual Rows": 36604, "Actual Loops": 1, "Inner Unique": false, "Plans": [{"Node Type": "Seq Scan", "Parent Relationship": "Outer", "Relation Name": "customer", "Alias": "customer", "Startup Cost": 0.0, "Total Cost": 76501.0, "Plan Rows": 17500, "Plan Width": 32, "Actual Startup Time": 1991.803, "Actual Total Time": 3287.835, "Actual Rows": 109197, "Actual Loops": 1, "Filter": "((c_acctbal > $0) AND (\"substring\"((c_phone)::text, 1, 2) = ANY ('{20,40,22,30,39,42,21}'::text[])))", "Rows Removed by Filter": 1390803}, {"Node Type": "Index Scan", "Parent Relationship": "Inner", "Scan Direction": "Forward", "Index Name": "idx_orders_custkey", "Relation Name": "orders", "Alias": "orders", "Startup Cost": 0.0, "Total Cost": 17.99, "Plan Rows": 4, "Plan Width": 8, "Actual Startup Time": 644.787, "Actual Total Time": 644.787, "Actual Rows": 72593, "Actual Loops": 109197, "Index Cond": "(o_custkey = public.customer.c_custkey)", "Rows Removed by Index Recheck": 0}]}]}]}, "Triggers": [], "Planner Runtime": 0.602, "Total Runtime": 4077.007, "Unique SQL Id": 2798552886}}, "(1, 61)": {"explain_plan": {"Plan": {"Node Type": "Aggregate", "Strategy": "Sorted", "Startup Cost": 1000007876469.13, "Total Cost": 1000007876469.15, "Plan Rows": 1, "Plan Width": 40, "Group By Key": ["(\"substring\"((public.customer.c_phone)::text, 1, 2))"], "Plans": [{"Node Type": "Aggregate", "Strategy": "Plain", "Parent Relationship": "exec_init_plan", "Subplan Name": "InitPlan 1 (returns $0)", "Startup Cost": 1000007650219.14, "Total Cost": 1000007650219.15, "Plan Rows": 1, "Plan Width": 40, "Plans": [{"Node Type": "Seq Scan", "Parent Relationship": "Outer", "Relation Name": "customer", "Alias": "customer", "Startup Cost": 10000000012.75, "Total Cost": 1000007650100.0, "Plan Rows": 47655, "Plan Width": 8, "Filter": "((c_acctbal > 0::double precision) AND (\"substring\"((c_phone)::text, 1, 2) = ANY ('{20,40,22,30,39,42,21}'::text[])))"}]}, {"Node Type": "Sort", "Parent Relationship": "Outer", "Startup Cost": 226249.98, "Total Cost": 226249.98, "Plan Rows": 1, "Plan Width": 24, "Sort Key": ["(\"substring\"((public.customer.c_phone)::text, 1, 2))"], "Plans": [{"Node Type": "Nested Loop", "Parent Relationship": "Outer", "Join Type": "Anti", "Startup Cost": 0.0, "Total Cost": 226249.97, "Plan Rows": 1, "Plan Width": 24, "Inner Unique": false, "Plans": [{"Node Type": "Index Scan", "Parent Relationship": "Outer", "Scan Direction": "Forward", "Index Name": "customer_pkey", "Relation Name": "customer", "Alias": "customer", "Startup Cost": 0.0, "Total Cost": 105140.36, "Plan Rows": 17500, "Plan Width": 32, "Filter": "((c_acctbal > $0) AND (\"substring\"((c_phone)::text, 1, 2) = ANY ('{20,40,22,30,39,42,21}'::text[])))"}, {"Node Type": "Index Scan", "Parent Relationship": "Inner", "Scan Direction": "Forward", "Index Name": "idx_orders_custkey", "Relation Name": "orders", "Alias": "orders", "Startup Cost": 0.0, "Total Cost": 17.99, "Plan Rows": 4, "Plan Width": 8, "Index Cond": "(o_custkey = public.customer.c_custkey)"}]}]}]}, "Unique SQL Id": 2798552886}, "explain_analyze_plan": {"Plan": {"Node Type": "Aggregate", "Strategy": "Sorted", "Startup Cost": 1000007876469.13, "Total Cost": 1000007876469.15, "Plan Rows": 1, "Plan Width": 40, "Actual Startup Time": 4435.834, "Actual Total Time": 4446.26, "Actual Rows": 4, "Actual Loops": 1, "Group By Key": ["(\"substring\"((public.customer.c_phone)::text, 1, 2))"], "Plans": [{"Node Type": "Aggregate", "Strategy": "Plain", "Parent Relationship": "exec_init_plan", "Subplan Name": "InitPlan 1 (returns $0)", "Startup Cost": 1000007650219.14, "Total Cost": 1000007650219.15, "Plan Rows": 1, "Plan Width": 40, "Actual Startup Time": 1997.317, "Actual Total Time": 1997.317, "Actual Rows": 1, "Actual Loops": 1, "Plans": [{"Node Type": "Seq Scan", "Parent Relationship": "Outer", "Relation Name": "customer", "Alias": "customer", "Startup Cost": 10000000012.75, "Total Cost": 1000007650100.0, "Plan Rows": 47655, "Plan Width": 8, "Actual Startup Time": 0.038, "Actual Total Time": 1901.983, "Actual Rows": 218121, "Actual Loops": 1, "Filter": "((c_acctbal > 0::double precision) AND (\"substring\"((c_phone)::text, 1, 2) = ANY ('{20,40,22,30,39,42,21}'::text[])))", "Rows Removed by Filter": 1281879}]}, {"Node Type": "Sort", "Parent Relationship": "Outer", "Startup Cost": 226249.98, "Total Cost": 226249.98, "Plan Rows": 1, "Plan Width": 24, "Actual Startup Time": 4432.31, "Actual Total Time": 4435.843, "Actual Rows": 36604, "Actual Loops": 1, "Sort Key": ["(\"substring\"((public.customer.c_phone)::text, 1, 2))"], "Sort Method": "quicksort", "Sort Space Used": 4968, "Sort Space Type": "Memory", "Plans": [{"Node Type": "Nested Loop", "Parent Relationship": "Outer", "Join Type": "Anti", "Startup Cost": 0.0, "Total Cost": 226249.97, "Plan Rows": 1, "Plan Width": 24, "Actual Startup Time": 1997.433, "Actual Total Time": 4411.89, "Actual Rows": 36604, "Actual Loops": 1, "Inner Unique": false, "Plans": [{"Node Type": "Index Scan", "Parent Relationship": "Outer", "Scan Direction": "Forward", "Index Name": "customer_pkey", "Relation Name": "customer", "Alias": "customer", "Startup Cost": 0.0, "Total Cost": 105140.36, "Plan Rows": 17500, "Plan Width": 32, "Actual Startup Time": 1997.392, "Actual Total Time": 3747.515, "Actual Rows": 109197, "Actual Loops": 1, "Filter": "((c_acctbal > $0) AND (\"substring\"((c_phone)::text, 1, 2) = ANY ('{20,40,22,30,39,42,21}'::text[])))", "Rows Removed by Filter": 1390803}, {"Node Type": "Index Scan", "Parent Relationship": "Inner", "Scan Direction": "Forward", "Index Name": "idx_orders_custkey", "Relation Name": "orders", "Alias": "orders", "Startup Cost": 0.0, "Total Cost": 17.99, "Plan Rows": 4, "Plan Width": 8, "Actual Startup Time": 555.838, "Actual Total Time": 555.838, "Actual Rows": 72593, "Actual Loops": 109197, "Index Cond": "(o_custkey = public.customer.c_custkey)", "Rows Removed by Index Recheck": 0}]}]}]}, "Triggers": [], "Planner Runtime": 0.606, "Total Runtime": 4446.572, "Unique SQL Id": 2798552886}}, "(1, 62)": {"explain_plan": {"Plan": {"Node Type": "Aggregate", "Strategy": "Sorted", "Startup Cost": 1511678295.04, "Total Cost": 1511678295.06, "Plan Rows": 1, "Plan Width": 40, "Group By Key": ["(\"substring\"((public.customer.c_phone)::text, 1, 2))"], "Plans": [{"Node Type": "Aggregate", "Strategy": "Plain", "Parent Relationship": "exec_init_plan", "Subplan Name": "InitPlan 1 (returns $0)", "Startup Cost": 76620.14, "Total Cost": 76620.15, "Plan Rows": 1, "Plan Width": 40, "Plans": [{"Node Type": "Seq Scan", "Parent Relationship": "Outer", "Relation Name": "customer", "Alias": "customer", "Startup Cost": 12.98, "Total Cost": 76501.0, "Plan Rows": 47655, "Plan Width": 8, "Filter": "((c_acctbal > 0::double precision) AND (\"substring\"((c_phone)::text, 1, 2) = ANY ('{20,40,22,30,39,42,21}'::text[])))"}]}, {"Node Type": "Sort", "Parent Relationship": "Outer", "Startup Cost": 1511601674.89, "Total Cost": 1511601674.89, "Plan Rows": 1, "Plan Width": 24, "Sort Key": ["(\"substring\"((public.customer.c_phone)::text, 1, 2))"], "Plans": [{"Node Type": "Nested Loop", "Parent Relationship": "Outer", "Join Type": "Anti", "Startup Cost": 0.0, "Total Cost": 1511601674.88, "Plan Rows": 1, "Plan Width": 24, "Inner Unique": false, "Join Filter": "(orders.o_custkey = public.customer.c_custkey)", "Plans": [{"Node Type": "Seq Scan", "Parent Relationship": "Outer", "Relation Name": "customer", "Alias": "customer", "Startup Cost": 0.0, "Total Cost": 76501.0, "Plan Rows": 17500, "Plan Width": 32, "Filter": "((c_acctbal > $0) AND (\"substring\"((c_phone)::text, 1, 2) = ANY ('{20,40,22,30,39,42,21}'::text[])))"}, {"Node Type": "Materialize", "Parent Relationship": "Inner", "Startup Cost": 0.0, "Total Cost": 501411.19, "Plan Rows": 14999479, "Plan Width": 8, "Plans": [{"Node Type": "Seq Scan", "Parent Relationship": "Outer", "Relation Name": "orders", "Alias": "orders", "Startup Cost": 0.0, "Total Cost": 426413.79, "Plan Rows": 14999479, "Plan Width": 8}]}]}]}]}, "Unique SQL Id": 2798552886}, "explain_analyze_plan": null}, "(1, 63)": {"explain_plan": {"Plan": {"Node Type": "Aggregate", "Strategy": "Sorted", "Startup Cost": 3001685314543.95, "Total Cost": 3001685314543.98, "Plan Rows": 1, "Plan Width": 40, "Group By Key": ["(\"substring\"((public.customer.c_phone)::text, 1, 2))"], "Plans": [{"Node Type": "Aggregate", "Strategy": "Plain", "Parent Relationship": "exec_init_plan", "Subplan Name": "InitPlan 1 (returns $0)", "Startup Cost": 1000007650219.14, "Total Cost": 1000007650219.15, "Plan Rows": 1, "Plan Width": 40, "Plans": [{"Node Type": "Seq Scan", "Parent Relationship": "Outer", "Relation Name": "customer", "Alias": "customer", "Startup Cost": 10000000012.75, "Total Cost": 1000007650100.0, "Plan Rows": 47655, "Plan Width": 8, "Filter": "((c_acctbal > 0::double precision) AND (\"substring\"((c_phone)::text, 1, 2) = ANY ('{20,40,22,30,39,42,21}'::text[])))"}]}, {"Node Type": "Sort", "Parent Relationship": "Outer", "Startup Cost": 2001677664324.8, "Total Cost": 2001677664324.8, "Plan Rows": 1, "Plan Width": 24, "Sort Key": ["(\"substring\"((public.customer.c_phone)::text, 1, 2))"], "Plans": [{"Node Type": "Nested Loop", "Parent Relationship": "Outer", "Join Type": "Anti", "Startup Cost": 20000000000.0, "Total Cost": 2001677664324.79, "Plan Rows": 1, "Plan Width": 24, "Inner Unique": false, "Join Filter": "(orders.o_custkey = public.customer.c_custkey)", "Plans": [{"Node Type": "Index Scan", "Parent Relationship": "Outer", "Scan Direction": "Forward", "Index Name": "customer_pkey", "Relation Name": "customer", "Alias": "customer", "Startup Cost": 10000000000.0, "Total Cost": 1000010514035.62, "Plan Rows": 17500, "Plan Width": 32, "Filter": "((c_acctbal > $0) AND (\"substring\"((c_phone)::text, 1, 2) = ANY ('{20,40,22,30,39,42,21}'::text[])))"}, {"Node Type": "Materialize", "Parent Relationship": "Inner", "Startup Cost": 10000000000.0, "Total Cost": 1000156126526.48, "Plan Rows": 14999479, "Plan Width": 8, "Plans": [{"Node Type": "Index Scan", "Parent Relationship": "Outer", "Scan Direction": "Forward", "Index Name": "idx_orders_custkey", "Relation Name": "orders", "Alias": "orders", "Startup Cost": 10000000000.0, "Total Cost": 1000156051529.08, "Plan Rows": 14999479, "Plan Width": 8}]}]}]}]}, "Unique SQL Id": 2798552886}, "explain_analyze_plan": null}, "(1, 64)": {"explain_plan": {"Plan": {"Node Type": "Aggregate", "Strategy": "Sorted", "Startup Cost": 178853.65, "Total Cost": 178853.67, "Plan Rows": 1, "Plan Width": 40, "Group By Key": ["(\"substring\"((public.customer.c_phone)::text, 1, 2))"], "Plans": [{"Node Type": "Aggregate", "Strategy": "Plain", "Parent Relationship": "exec_init_plan", "Subplan Name": "InitPlan 1 (returns $0)", "Startup Cost": 76620.14, "Total Cost": 76620.15, "Plan Rows": 1, "Plan Width": 40, "Plans": [{"Node Type": "Seq Scan", "Parent Relationship": "Outer", "Relation Name": "customer", "Alias": "customer", "Startup Cost": 12.98, "Total Cost": 76501.0, "Plan Rows": 47655, "Plan Width": 8, "Filter": "((c_acctbal > 0::double precision) AND (\"substring\"((c_phone)::text, 1, 2) = ANY ('{20,40,22,30,39,42,21}'::text[])))"}]}, {"Node Type": "Sort", "Parent Relationship": "Outer", "Startup Cost": 102233.5, "Total Cost": 102233.5, "Plan Rows": 1, "Plan Width": 24, "Sort Key": ["(\"substring\"((public.customer.c_phone)::text, 1, 2))"], "Plans": [{"Node Type": "Nested Loop", "Parent Relationship": "Outer", "Join Type": "Anti", "Startup Cost": 0.0, "Total Cost": 102233.49, "Plan Rows": 1, "Plan Width": 24, "Inner Unique": false, "Plans": [{"Node Type": "Seq Scan", "Parent Relationship": "Outer", "Relation Name": "customer", "Alias": "customer", "Startup Cost": 0.0, "Total Cost": 76501.0, "Plan Rows": 17500, "Plan Width": 32, "Filter": "((c_acctbal > $0) AND (\"substring\"((c_phone)::text, 1, 2) = ANY ('{20,40,22,30,39,42,21}'::text[])))"}, {"Node Type": "Index Only Scan", "Parent Relationship": "Inner", "Scan Direction": "Forward", "Index Name": "idx_orders_custkey", "Relation Name": "orders", "Alias": "orders", "Startup Cost": 0.0, "Total Cost": 3.79, "Plan Rows": 4, "Plan Width": 8, "Index Cond": "(o_custkey = public.customer.c_custkey)"}]}]}]}, "Unique SQL Id": 2798552886}, "explain_analyze_plan": {"Plan": {"Node Type": "Aggregate", "Strategy": "Sorted", "Startup Cost": 178853.65, "Total Cost": 178853.67, "Plan Rows": 1, "Plan Width": 40, "Actual Startup Time": 3881.351, "Actual Total Time": 3891.855, "Actual Rows": 4, "Actual Loops": 1, "Group By Key": ["(\"substring\"((public.customer.c_phone)::text, 1, 2))"], "Plans": [{"Node Type": "Aggregate", "Strategy": "Plain", "Parent Relationship": "exec_init_plan", "Subplan Name": "InitPlan 1 (returns $0)", "Startup Cost": 76620.14, "Total Cost": 76620.15, "Plan Rows": 1, "Plan Width": 40, "Actual Startup Time": 2010.36, "Actual Total Time": 2010.361, "Actual Rows": 1, "Actual Loops": 1, "Plans": [{"Node Type": "Seq Scan", "Parent Relationship": "Outer", "Relation Name": "customer", "Alias": "customer", "Startup Cost": 12.98, "Total Cost": 76501.0, "Plan Rows": 47655, "Plan Width": 8, "Actual Startup Time": 0.029, "Actual Total Time": 1914.702, "Actual Rows": 218121, "Actual Loops": 1, "Filter": "((c_acctbal > 0::double precision) AND (\"substring\"((c_phone)::text, 1, 2) = ANY ('{20,40,22,30,39,42,21}'::text[])))", "Rows Removed by Filter": 1281879}]}, {"Node Type": "Sort", "Parent Relationship": "Outer", "Startup Cost": 102233.5, "Total Cost": 102233.5, "Plan Rows": 1, "Plan Width": 24, "Actual Startup Time": 3877.781, "Actual Total Time": 3881.447, "Actual Rows": 36604, "Actual Loops": 1, "Sort Key": ["(\"substring\"((public.customer.c_phone)::text, 1, 2))"], "Sort Method": "quicksort", "Sort Space Used": 4968, "Sort Space Type": "Memory", "Plans": [{"Node Type": "Nested Loop", "Parent Relationship": "Outer", "Join Type": "Anti", "Startup Cost": 0.0, "Total Cost": 102233.49, "Plan Rows": 1, "Plan Width": 24, "Actual Startup Time": 2010.457, "Actual Total Time": 3857.027, "Actual Rows": 36604, "Actual Loops": 1, "Inner Unique": false, "Plans": [{"Node Type": "Seq Scan", "Parent Relationship": "Outer", "Relation Name": "customer", "Alias": "customer", "Startup Cost": 0.0, "Total Cost": 76501.0, "Plan Rows": 17500, "Plan Width": 32, "Actual Startup Time": 2010.414, "Actual Total Time": 3294.32, "Actual Rows": 109197, "Actual Loops": 1, "Filter": "((c_acctbal > $0) AND (\"substring\"((c_phone)::text, 1, 2) = ANY ('{20,40,22,30,39,42,21}'::text[])))", "Rows Removed by Filter": 1390803}, {"Node Type": "Index Only Scan", "Parent Relationship": "Inner", "Scan Direction": "Forward", "Index Name": "idx_orders_custkey", "Relation Name": "orders", "Alias": "orders", "Startup Cost": 0.0, "Total Cost": 3.79, "Plan Rows": 4, "Plan Width": 8, "Actual Startup Time": 460.774, "Actual Total Time": 460.774, "Actual Rows": 72593, "Actual Loops": 109197, "Index Cond": "(o_custkey = public.customer.c_custkey)", "Rows Removed by Index Recheck": 0, "Heap Fetches": 0}]}]}]}, "Triggers": [], "Planner Runtime": 0.607, "Total Runtime": 3892.138, "Unique SQL Id": 2798552886}}, "(1, 65)": {"explain_plan": {"Plan": {"Node Type": "Aggregate", "Strategy": "Sorted", "Startup Cost": 1000007781092.0, "Total Cost": 1000007781092.03, "Plan Rows": 1, "Plan Width": 40, "Group By Key": ["(\"substring\"((public.customer.c_phone)::text, 1, 2))"], "Plans": [{"Node Type": "Aggregate", "Strategy": "Plain", "Parent Relationship": "exec_init_plan", "Subplan Name": "InitPlan 1 (returns $0)", "Startup Cost": 1000007650219.14, "Total Cost": 1000007650219.15, "Plan Rows": 1, "Plan Width": 40, "Plans": [{"Node Type": "Seq Scan", "Parent Relationship": "Outer", "Relation Name": "customer", "Alias": "customer", "Startup Cost": 10000000012.75, "Total Cost": 1000007650100.0, "Plan Rows": 47655, "Plan Width": 8, "Filter": "((c_acctbal > 0::double precision) AND (\"substring\"((c_phone)::text, 1, 2) = ANY ('{20,40,22,30,39,42,21}'::text[])))"}]}, {"Node Type": "Sort", "Parent Relationship": "Outer", "Startup Cost": 130872.85, "Total Cost": 130872.86, "Plan Rows": 1, "Plan Width": 24, "Sort Key": ["(\"substring\"((public.customer.c_phone)::text, 1, 2))"], "Plans": [{"Node Type": "Nested Loop", "Parent Relationship": "Outer", "Join Type": "Anti", "Startup Cost": 0.0, "Total Cost": 130872.84, "Plan Rows": 1, "Plan Width": 24, "Inner Unique": false, "Plans": [{"Node Type": "Index Scan", "Parent Relationship": "Outer", "Scan Direction": "Forward", "Index Name": "customer_pkey", "Relation Name": "customer", "Alias": "customer", "Startup Cost": 0.0, "Total Cost": 105140.36, "Plan Rows": 17500, "Plan Width": 32, "Filter": "((c_acctbal > $0) AND (\"substring\"((c_phone)::text, 1, 2) = ANY ('{20,40,22,30,39,42,21}'::text[])))"}, {"Node Type": "Index Only Scan", "Parent Relationship": "Inner", "Scan Direction": "Forward", "Index Name": "idx_orders_custkey", "Relation Name": "orders", "Alias": "orders", "Startup Cost": 0.0, "Total Cost": 3.79, "Plan Rows": 4, "Plan Width": 8, "Index Cond": "(o_custkey = public.customer.c_custkey)"}]}]}]}, "Unique SQL Id": 2798552886}, "explain_analyze_plan": {"Plan": {"Node Type": "Aggregate", "Strategy": "Sorted", "Startup Cost": 1000007781092.0, "Total Cost": 1000007781092.03, "Plan Rows": 1, "Plan Width": 40, "Actual Startup Time": 4453.89, "Actual Total Time": 4464.091, "Actual Rows": 4, "Actual Loops": 1, "Group By Key": ["(\"substring\"((public.customer.c_phone)::text, 1, 2))"], "Plans": [{"Node Type": "Aggregate", "Strategy": "Plain", "Parent Relationship": "exec_init_plan", "Subplan Name": "InitPlan 1 (returns $0)", "Startup Cost": 1000007650219.14, "Total Cost": 1000007650219.15, "Plan Rows": 1, "Plan Width": 40, "Actual Startup Time": 1990.397, "Actual Total Time": 1990.398, "Actual Rows": 1, "Actual Loops": 1, "Plans": [{"Node Type": "Seq Scan", "Parent Relationship": "Outer", "Relation Name": "customer", "Alias": "customer", "Startup Cost": 10000000012.75, "Total Cost": 1000007650100.0, "Plan Rows": 47655, "Plan Width": 8, "Actual Startup Time": 0.036, "Actual Total Time": 1895.081, "Actual Rows": 218121, "Actual Loops": 1, "Filter": "((c_acctbal > 0::double precision) AND (\"substring\"((c_phone)::text, 1, 2) = ANY ('{20,40,22,30,39,42,21}'::text[])))", "Rows Removed by Filter": 1281879}]}, {"Node Type": "Sort", "Parent Relationship": "Outer", "Startup Cost": 130872.85, "Total Cost": 130872.86, "Plan Rows": 1, "Plan Width": 24, "Actual Startup Time": 4450.398, "Actual Total Time": 4453.934, "Actual Rows": 36604, "Actual Loops": 1, "Sort Key": ["(\"substring\"((public.customer.c_phone)::text, 1, 2))"], "Sort Method": "quicksort", "Sort Space Used": 4968, "Sort Space Type": "Memory", "Plans": [{"Node Type": "Nested Loop", "Parent Relationship": "Outer", "Join Type": "Anti", "Startup Cost": 0.0, "Total Cost": 130872.84, "Plan Rows": 1, "Plan Width": 24, "Actual Startup Time": 1990.521, "Actual Total Time": 4429.799, "Actual Rows": 36604, "Actual Loops": 1, "Inner Unique": false, "Plans": [{"Node Type": "Index Scan", "Parent Relationship": "Outer", "Scan Direction": "Forward", "Index Name": "customer_pkey", "Relation Name": "customer", "Alias": "customer", "Startup Cost": 0.0, "Total Cost": 105140.36, "Plan Rows": 17500, "Plan Width": 32, "Actual Startup Time": 1990.477, "Actual Total Time": 3857.715, "Actual Rows": 109197, "Actual Loops": 1, "Filter": "((c_acctbal > $0) AND (\"substring\"((c_phone)::text, 1, 2) = ANY ('{20,40,22,30,39,42,21}'::text[])))", "Rows Removed by Filter": 1390803}, {"Node Type": "Index Only Scan", "Parent Relationship": "Inner", "Scan Direction": "Forward", "Index Name": "idx_orders_custkey", "Relation Name": "orders", "Alias": "orders", "Startup Cost": 0.0, "Total Cost": 3.79, "Plan Rows": 4, "Plan Width": 8, "Actual Startup Time": 469.636, "Actual Total Time": 469.636, "Actual Rows": 72593, "Actual Loops": 109197, "Index Cond": "(o_custkey = public.customer.c_custkey)", "Rows Removed by Index Recheck": 0, "Heap Fetches": 0}]}]}]}, "Triggers": [], "Planner Runtime": 0.607, "Total Runtime": 4464.404, "Unique SQL Id": 2798552886}}, "(1, 66)": {"explain_plan": {"Plan": {"Node Type": "Aggregate", "Strategy": "Sorted", "Startup Cost": 326543.86, "Total Cost": 326543.89, "Plan Rows": 1, "Plan Width": 40, "Group By Key": ["(\"substring\"((public.customer.c_phone)::text, 1, 2))"], "Plans": [{"Node Type": "Aggregate", "Strategy": "Plain", "Parent Relationship": "exec_init_plan", "Subplan Name": "InitPlan 1 (returns $0)", "Startup Cost": 76620.14, "Total Cost": 76620.15, "Plan Rows": 1, "Plan Width": 40, "Plans": [{"Node Type": "Seq Scan", "Parent Relationship": "Outer", "Relation Name": "customer", "Alias": "customer", "Startup Cost": 12.98, "Total Cost": 76501.0, "Plan Rows": 47655, "Plan Width": 8, "Filter": "((c_acctbal > 0::double precision) AND (\"substring\"((c_phone)::text, 1, 2) = ANY ('{20,40,22,30,39,42,21}'::text[])))"}]}, {"Node Type": "Sort", "Parent Relationship": "Outer", "Startup Cost": 249923.71, "Total Cost": 249923.72, "Plan Rows": 1, "Plan Width": 24, "Sort Key": ["(\"substring\"((public.customer.c_phone)::text, 1, 2))"], "Plans": [{"Node Type": "Nested Loop", "Parent Relationship": "Outer", "Join Type": "Anti", "Startup Cost": 3.75, "Total Cost": 249923.7, "Plan Rows": 1, "Plan Width": 24, "Inner Unique": false, "Plans": [{"Node Type": "Seq Scan", "Parent Relationship": "Outer", "Relation Name": "customer", "Alias": "customer", "Startup Cost": 0.0, "Total Cost": 76501.0, "Plan Rows": 17500, "Plan Width": 32, "Filter": "((c_acctbal > $0) AND (\"substring\"((c_phone)::text, 1, 2) = ANY ('{20,40,22,30,39,42,21}'::text[])))"}, {"Node Type": "Bitmap Heap Scan", "Parent Relationship": "Inner", "Relation Name": "orders", "Alias": "orders", "Startup Cost": 3.75, "Total Cost": 19.76, "Plan Rows": 4, "Plan Width": 8, "Recheck Cond": "(o_custkey = public.customer.c_custkey)", "Plans": [{"Node Type": "Bitmap Index Scan", "Parent Relationship": "Outer", "Index Name": "idx_orders_custkey", "Startup Cost": 0.0, "Total Cost": 3.75, "Plan Rows": 4, "Plan Width": 0, "Index Cond": "(o_custkey = public.customer.c_custkey)"}]}]}]}]}, "Unique SQL Id": 2798552886}, "explain_analyze_plan": {"Plan": {"Node Type": "Aggregate", "Strategy": "Sorted", "Startup Cost": 326543.86, "Total Cost": 326543.89, "Plan Rows": 1, "Plan Width": 40, "Actual Startup Time": 4467.914, "Actual Total Time": 4478.319, "Actual Rows": 4, "Actual Loops": 1, "Group By Key": ["(\"substring\"((public.customer.c_phone)::text, 1, 2))"], "Plans": [{"Node Type": "Aggregate", "Strategy": "Plain", "Parent Relationship": "exec_init_plan", "Subplan Name": "InitPlan 1 (returns $0)", "Startup Cost": 76620.14, "Total Cost": 76620.15, "Plan Rows": 1, "Plan Width": 40, "Actual Startup Time": 1998.25, "Actual Total Time": 1998.25, "Actual Rows": 1, "Actual Loops": 1, "Plans": [{"Node Type": "Seq Scan", "Parent Relationship": "Outer", "Relation Name": "customer", "Alias": "customer", "Startup Cost": 12.98, "Total Cost": 76501.0, "Plan Rows": 47655, "Plan Width": 8, "Actual Startup Time": 0.027, "Actual Total Time": 1903.14, "Actual Rows": 218121, "Actual Loops": 1, "Filter": "((c_acctbal > 0::double precision) AND (\"substring\"((c_phone)::text, 1, 2) = ANY ('{20,40,22,30,39,42,21}'::text[])))", "Rows Removed by Filter": 1281879}]}, {"Node Type": "Sort", "Parent Relationship": "Outer", "Startup Cost": 249923.71, "Total Cost": 249923.72, "Plan Rows": 1, "Plan Width": 24, "Actual Startup Time": 4464.389, "Actual Total Time": 4467.967, "Actual Rows": 36604, "Actual Loops": 1, "Sort Key": ["(\"substring\"((public.customer.c_phone)::text, 1, 2))"], "Sort Method": "quicksort", "Sort Space Used": 4968, "Sort Space Type": "Memory", "Plans": [{"Node Type": "Nested Loop", "Parent Relationship": "Outer", "Join Type": "Anti", "Startup Cost": 3.75, "Total Cost": 249923.7, "Plan Rows": 1, "Plan Width": 24, "Actual Startup Time": 1998.373, "Actual Total Time": 4442.474, "Actual Rows": 36604, "Actual Loops": 1, "Inner Unique": false, "Plans": [{"Node Type": "Seq Scan", "Parent Relationship": "Outer", "Relation Name": "customer", "Alias": "customer", "Startup Cost": 0.0, "Total Cost": 76501.0, "Plan Rows": 17500, "Plan Width": 32, "Actual Startup Time": 1998.311, "Actual Total Time": 3303.891, "Actual Rows": 109197, "Actual Loops": 1, "Filter": "((c_acctbal > $0) AND (\"substring\"((c_phone)::text, 1, 2) = ANY ('{20,40,22,30,39,42,21}'::text[])))", "Rows Removed by Filter": 1390803}, {"Node Type": "Bitmap Heap Scan", "Parent Relationship": "Inner", "Relation Name": "orders", "Alias": "orders", "Startup Cost": 3.75, "Total Cost": 19.76, "Plan Rows": 4, "Plan Width": 8, "Actual Startup Time": 951.823, "Actual Total Time": 951.823, "Actual Rows": 72593, "Actual Loops": 109197, "Recheck Cond": "(o_custkey = public.customer.c_custkey)", "Rows Removed by Index Recheck": 0, "Exact Heap Blocks": 72593, "Lossy Heap Blocks": 72593, "Plans": [{"Node Type": "Bitmap Index Scan", "Parent Relationship": "Outer", "Index Name": "idx_orders_custkey", "Startup Cost": 0.0, "Total Cost": 3.75, "Plan Rows": 4, "Plan Width": 0, "Actual Startup Time": 597.509, "Actual Total Time": 597.509, "Actual Rows": 1091631, "Actual Loops": 109197, "Index Cond": "(o_custkey = public.customer.c_custkey)"}]}]}]}]}, "Triggers": [], "Planner Runtime": 0.604, "Total Runtime": 4478.631, "Unique SQL Id": 2798552886}}, "(1, 67)": {"explain_plan": {"Plan": {"Node Type": "Aggregate", "Strategy": "Sorted", "Startup Cost": 2000018337677.48, "Total Cost": 2000018337677.51, "Plan Rows": 1, "Plan Width": 40, "Group By Key": ["(\"substring\"((public.customer.c_phone)::text, 1, 2))"], "Plans": [{"Node Type": "Aggregate", "Strategy": "Plain", "Parent Relationship": "exec_init_plan", "Subplan Name": "InitPlan 1 (returns $0)", "Startup Cost": 1000007650219.14, "Total Cost": 1000007650219.15, "Plan Rows": 1, "Plan Width": 40, "Plans": [{"Node Type": "Seq Scan", "Parent Relationship": "Outer", "Relation Name": "customer", "Alias": "customer", "Startup Cost": 10000000012.75, "Total Cost": 1000007650100.0, "Plan Rows": 47655, "Plan Width": 8, "Filter": "((c_acctbal > 0::double precision) AND (\"substring\"((c_phone)::text, 1, 2) = ANY ('{20,40,22,30,39,42,21}'::text[])))"}]}, {"Node Type": "Sort", "Parent Relationship": "Outer", "Startup Cost": 1000010687458.33, "Total Cost": 1000010687458.34, "Plan Rows": 1, "Plan Width": 24, "Sort Key": ["(\"substring\"((public.customer.c_phone)::text, 1, 2))"], "Plans": [{"Node Type": "Nested Loop", "Parent Relationship": "Outer", "Join Type": "Anti", "Startup Cost": 10000000003.75, "Total Cost": 1000010687458.32, "Plan Rows": 1, "Plan Width": 24, "Inner Unique": false, "Plans": [{"Node Type": "Index Scan", "Parent Relationship": "Outer", "Scan Direction": "Forward", "Index Name": "customer_pkey", "Relation Name": "customer", "Alias": "customer", "Startup Cost": 10000000000.0, "Total Cost": 1000010514035.62, "Plan Rows": 17500, "Plan Width": 32, "Filter": "((c_acctbal > $0) AND (\"substring\"((c_phone)::text, 1, 2) = ANY ('{20,40,22,30,39,42,21}'::text[])))"}, {"Node Type": "Bitmap Heap Scan", "Parent Relationship": "Inner", "Relation Name": "orders", "Alias": "orders", "Startup Cost": 3.75, "Total Cost": 19.76, "Plan Rows": 4, "Plan Width": 8, "Recheck Cond": "(o_custkey = public.customer.c_custkey)", "Plans": [{"Node Type": "Bitmap Index Scan", "Parent Relationship": "Outer", "Index Name": "idx_orders_custkey", "Startup Cost": 0.0, "Total Cost": 3.75, "Plan Rows": 4, "Plan Width": 0, "Index Cond": "(o_custkey = public.customer.c_custkey)"}]}]}]}]}, "Unique SQL Id": 2798552886}, "explain_analyze_plan": {"Plan": {"Node Type": "Aggregate", "Strategy": "Sorted", "Startup Cost": 2000018337677.48, "Total Cost": 2000018337677.51, "Plan Rows": 1, "Plan Width": 40, "Actual Startup Time": 4938.481, "Actual Total Time": 4948.912, "Actual Rows": 4, "Actual Loops": 1, "Group By Key": ["(\"substring\"((public.customer.c_phone)::text, 1, 2))"], "Plans": [{"Node Type": "Aggregate", "Strategy": "Plain", "Parent Relationship": "exec_init_plan", "Subplan Name": "InitPlan 1 (returns $0)", "Startup Cost": 1000007650219.14, "Total Cost": 1000007650219.15, "Plan Rows": 1, "Plan Width": 40, "Actual Startup Time": 1989.173, "Actual Total Time": 1989.174, "Actual Rows": 1, "Actual Loops": 1, "Plans": [{"Node Type": "Seq Scan", "Parent Relationship": "Outer", "Relation Name": "customer", "Alias": "customer", "Startup Cost": 10000000012.75, "Total Cost": 1000007650100.0, "Plan Rows": 47655, "Plan Width": 8, "Actual Startup Time": 0.032, "Actual Total Time": 1894.45, "Actual Rows": 218121, "Actual Loops": 1, "Filter": "((c_acctbal > 0::double precision) AND (\"substring\"((c_phone)::text, 1, 2) = ANY ('{20,40,22,30,39,42,21}'::text[])))", "Rows Removed by Filter": 1281879}]}, {"Node Type": "Sort", "Parent Relationship": "Outer", "Startup Cost": 1000010687458.33, "Total Cost": 1000010687458.34, "Plan Rows": 1, "Plan Width": 24, "Actual Startup Time": 4934.953, "Actual Total Time": 4938.537, "Actual Rows": 36604, "Actual Loops": 1, "Sort Key": ["(\"substring\"((public.customer.c_phone)::text, 1, 2))"], "Sort Method": "quicksort", "Sort Space Used": 4968, "Sort Space Type": "Memory", "Plans": [{"Node Type": "Nested Loop", "Parent Relationship": "Outer", "Join Type": "Anti", "Startup Cost": 10000000003.75, "Total Cost": 1000010687458.32, "Plan Rows": 1, "Plan Width": 24, "Actual Startup Time": 1989.319, "Actual Total Time": 4912.858, "Actual Rows": 36604, "Actual Loops": 1, "Inner Unique": false, "Plans": [{"Node Type": "Index Scan", "Parent Relationship": "Outer", "Scan Direction": "Forward", "Index Name": "customer_pkey", "Relation Name": "customer", "Alias": "customer", "Startup Cost": 10000000000.0, "Total Cost": 1000010514035.62, "Plan Rows": 17500, "Plan Width": 32, "Actual Startup Time": 1989.251, "Actual Total Time": 3801.63, "Actual Rows": 109197, "Actual Loops": 1, "Filter": "((c_acctbal > $0) AND (\"substring\"((c_phone)::text, 1, 2) = ANY ('{20,40,22,30,39,42,21}'::text[])))", "Rows Removed by Filter": 1390803}, {"Node Type": "Bitmap Heap Scan", "Parent Relationship": "Inner", "Relation Name": "orders", "Alias": "orders", "Startup Cost": 3.75, "Total Cost": 19.76, "Plan Rows": 4, "Plan Width": 8, "Actual Startup Time": 921.241, "Actual Total Time": 921.241, "Actual Rows": 72593, "Actual Loops": 109197, "Recheck Cond": "(o_custkey = public.customer.c_custkey)", "Rows Removed by Index Recheck": 0, "Exact Heap Blocks": 72593, "Lossy Heap Blocks": 72593, "Plans": [{"Node Type": "Bitmap Index Scan", "Parent Relationship": "Outer", "Index Name": "idx_orders_custkey", "Startup Cost": 0.0, "Total Cost": 3.75, "Plan Rows": 4, "Plan Width": 0, "Actual Startup Time": 578.575, "Actual Total Time": 578.575, "Actual Rows": 1091631, "Actual Loops": 109197, "Index Cond": "(o_custkey = public.customer.c_custkey)"}]}]}]}]}, "Triggers": [], "Planner Runtime": 0.609, "Total Runtime": 4949.194, "Unique SQL Id": 2798552886}}, "(1, 68)": {"explain_plan": {"Plan": {"Node Type": "Aggregate", "Strategy": "Sorted", "Startup Cost": 274230.77, "Total Cost": 274230.8, "Plan Rows": 1, "Plan Width": 40, "Group By Key": ["(\"substring\"((public.customer.c_phone)::text, 1, 2))"], "Plans": [{"Node Type": "Aggregate", "Strategy": "Plain", "Parent Relationship": "exec_init_plan", "Subplan Name": "InitPlan 1 (returns $0)", "Startup Cost": 76620.14, "Total Cost": 76620.15, "Plan Rows": 1, "Plan Width": 40, "Plans": [{"Node Type": "Seq Scan", "Parent Relationship": "Outer", "Relation Name": "customer", "Alias": "customer", "Startup Cost": 12.98, "Total Cost": 76501.0, "Plan Rows": 47655, "Plan Width": 8, "Filter": "((c_acctbal > 0::double precision) AND (\"substring\"((c_phone)::text, 1, 2) = ANY ('{20,40,22,30,39,42,21}'::text[])))"}]}, {"Node Type": "Sort", "Parent Relationship": "Outer", "Startup Cost": 197610.62, "Total Cost": 197610.62, "Plan Rows": 1, "Plan Width": 24, "Sort Key": ["(\"substring\"((public.customer.c_phone)::text, 1, 2))"], "Plans": [{"Node Type": "Nested Loop", "Parent Relationship": "Outer", "Join Type": "Anti", "Startup Cost": 0.0, "Total Cost": 197610.61, "Plan Rows": 1, "Plan Width": 24, "Inner Unique": false, "Plans": [{"Node Type": "Seq Scan", "Parent Relationship": "Outer", "Relation Name": "customer", "Alias": "customer", "Startup Cost": 0.0, "Total Cost": 76501.0, "Plan Rows": 17500, "Plan Width": 32, "Filter": "((c_acctbal > $0) AND (\"substring\"((c_phone)::text, 1, 2) = ANY ('{20,40,22,30,39,42,21}'::text[])))"}, {"Node Type": "Index Scan", "Parent Relationship": "Inner", "Scan Direction": "Forward", "Index Name": "idx_orders_custkey", "Relation Name": "orders", "Alias": "orders", "Startup Cost": 0.0, "Total Cost": 17.99, "Plan Rows": 4, "Plan Width": 8, "Index Cond": "(o_custkey = public.customer.c_custkey)"}]}]}]}, "Unique SQL Id": 2798552886}, "explain_analyze_plan": {"Plan": {"Node Type": "Aggregate", "Strategy": "Sorted", "Startup Cost": 274230.77, "Total Cost": 274230.8, "Plan Rows": 1, "Plan Width": 40, "Actual Startup Time": 4066.361, "Actual Total Time": 4076.734, "Actual Rows": 4, "Actual Loops": 1, "Group By Key": ["(\"substring\"((public.customer.c_phone)::text, 1, 2))"], "Plans": [{"Node Type": "Aggregate", "Strategy": "Plain", "Parent Relationship": "exec_init_plan", "Subplan Name": "InitPlan 1 (returns $0)", "Startup Cost": 76620.14, "Total Cost": 76620.15, "Plan Rows": 1, "Plan Width": 40, "Actual Startup Time": 1991.742, "Actual Total Time": 1991.742, "Actual Rows": 1, "Actual Loops": 1, "Plans": [{"Node Type": "Seq Scan", "Parent Relationship": "Outer", "Relation Name": "customer", "Alias": "customer", "Startup Cost": 12.98, "Total Cost": 76501.0, "Plan Rows": 47655, "Plan Width": 8, "Actual Startup Time": 0.028, "Actual Total Time": 1896.339, "Actual Rows": 218121, "Actual Loops": 1, "Filter": "((c_acctbal > 0::double precision) AND (\"substring\"((c_phone)::text, 1, 2) = ANY ('{20,40,22,30,39,42,21}'::text[])))", "Rows Removed by Filter": 1281879}]}, {"Node Type": "Sort", "Parent Relationship": "Outer", "Startup Cost": 197610.62, "Total Cost": 197610.62, "Plan Rows": 1, "Plan Width": 24, "Actual Startup Time": 4062.845, "Actual Total Time": 4066.44, "Actual Rows": 36604, "Actual Loops": 1, "Sort Key": ["(\"substring\"((public.customer.c_phone)::text, 1, 2))"], "Sort Method": "quicksort", "Sort Space Used": 4968, "Sort Space Type": "Memory", "Plans": [{"Node Type": "Nested Loop", "Parent Relationship": "Outer", "Join Type": "Anti", "Startup Cost": 0.0, "Total Cost": 197610.61, "Plan Rows": 1, "Plan Width": 24, "Actual Startup Time": 1991.84, "Actual Total Time": 4041.643, "Actual Rows": 36604, "Actual Loops": 1, "Inner Unique": false, "Plans": [{"Node Type": "Seq Scan", "Parent Relationship": "Outer", "Relation Name": "customer", "Alias": "customer", "Startup Cost": 0.0, "Total Cost": 76501.0, "Plan Rows": 17500, "Plan Width": 32, "Actual Startup Time": 1991.803, "Actual Total Time": 3287.835, "Actual Rows": 109197, "Actual Loops": 1, "Filter": "((c_acctbal > $0) AND (\"substring\"((c_phone)::text, 1, 2) = ANY ('{20,40,22,30,39,42,21}'::text[])))", "Rows Removed by Filter": 1390803}, {"Node Type": "Index Scan", "Parent Relationship": "Inner", "Scan Direction": "Forward", "Index Name": "idx_orders_custkey", "Relation Name": "orders", "Alias": "orders", "Startup Cost": 0.0, "Total Cost": 17.99, "Plan Rows": 4, "Plan Width": 8, "Actual Startup Time": 644.787, "Actual Total Time": 644.787, "Actual Rows": 72593, "Actual Loops": 109197, "Index Cond": "(o_custkey = public.customer.c_custkey)", "Rows Removed by Index Recheck": 0}]}]}]}, "Triggers": [], "Planner Runtime": 0.602, "Total Runtime": 4077.007, "Unique SQL Id": 2798552886}}, "(1, 69)": {"explain_plan": {"Plan": {"Node Type": "Aggregate", "Strategy": "Sorted", "Startup Cost": 1000007876469.13, "Total Cost": 1000007876469.15, "Plan Rows": 1, "Plan Width": 40, "Group By Key": ["(\"substring\"((public.customer.c_phone)::text, 1, 2))"], "Plans": [{"Node Type": "Aggregate", "Strategy": "Plain", "Parent Relationship": "exec_init_plan", "Subplan Name": "InitPlan 1 (returns $0)", "Startup Cost": 1000007650219.14, "Total Cost": 1000007650219.15, "Plan Rows": 1, "Plan Width": 40, "Plans": [{"Node Type": "Seq Scan", "Parent Relationship": "Outer", "Relation Name": "customer", "Alias": "customer", "Startup Cost": 10000000012.75, "Total Cost": 1000007650100.0, "Plan Rows": 47655, "Plan Width": 8, "Filter": "((c_acctbal > 0::double precision) AND (\"substring\"((c_phone)::text, 1, 2) = ANY ('{20,40,22,30,39,42,21}'::text[])))"}]}, {"Node Type": "Sort", "Parent Relationship": "Outer", "Startup Cost": 226249.98, "Total Cost": 226249.98, "Plan Rows": 1, "Plan Width": 24, "Sort Key": ["(\"substring\"((public.customer.c_phone)::text, 1, 2))"], "Plans": [{"Node Type": "Nested Loop", "Parent Relationship": "Outer", "Join Type": "Anti", "Startup Cost": 0.0, "Total Cost": 226249.97, "Plan Rows": 1, "Plan Width": 24, "Inner Unique": false, "Plans": [{"Node Type": "Index Scan", "Parent Relationship": "Outer", "Scan Direction": "Forward", "Index Name": "customer_pkey", "Relation Name": "customer", "Alias": "customer", "Startup Cost": 0.0, "Total Cost": 105140.36, "Plan Rows": 17500, "Plan Width": 32, "Filter": "((c_acctbal > $0) AND (\"substring\"((c_phone)::text, 1, 2) = ANY ('{20,40,22,30,39,42,21}'::text[])))"}, {"Node Type": "Index Scan", "Parent Relationship": "Inner", "Scan Direction": "Forward", "Index Name": "idx_orders_custkey", "Relation Name": "orders", "Alias": "orders", "Startup Cost": 0.0, "Total Cost": 17.99, "Plan Rows": 4, "Plan Width": 8, "Index Cond": "(o_custkey = public.customer.c_custkey)"}]}]}]}, "Unique SQL Id": 2798552886}, "explain_analyze_plan": {"Plan": {"Node Type": "Aggregate", "Strategy": "Sorted", "Startup Cost": 1000007876469.13, "Total Cost": 1000007876469.15, "Plan Rows": 1, "Plan Width": 40, "Actual Startup Time": 4435.834, "Actual Total Time": 4446.26, "Actual Rows": 4, "Actual Loops": 1, "Group By Key": ["(\"substring\"((public.customer.c_phone)::text, 1, 2))"], "Plans": [{"Node Type": "Aggregate", "Strategy": "Plain", "Parent Relationship": "exec_init_plan", "Subplan Name": "InitPlan 1 (returns $0)", "Startup Cost": 1000007650219.14, "Total Cost": 1000007650219.15, "Plan Rows": 1, "Plan Width": 40, "Actual Startup Time": 1997.317, "Actual Total Time": 1997.317, "Actual Rows": 1, "Actual Loops": 1, "Plans": [{"Node Type": "Seq Scan", "Parent Relationship": "Outer", "Relation Name": "customer", "Alias": "customer", "Startup Cost": 10000000012.75, "Total Cost": 1000007650100.0, "Plan Rows": 47655, "Plan Width": 8, "Actual Startup Time": 0.038, "Actual Total Time": 1901.983, "Actual Rows": 218121, "Actual Loops": 1, "Filter": "((c_acctbal > 0::double precision) AND (\"substring\"((c_phone)::text, 1, 2) = ANY ('{20,40,22,30,39,42,21}'::text[])))", "Rows Removed by Filter": 1281879}]}, {"Node Type": "Sort", "Parent Relationship": "Outer", "Startup Cost": 226249.98, "Total Cost": 226249.98, "Plan Rows": 1, "Plan Width": 24, "Actual Startup Time": 4432.31, "Actual Total Time": 4435.843, "Actual Rows": 36604, "Actual Loops": 1, "Sort Key": ["(\"substring\"((public.customer.c_phone)::text, 1, 2))"], "Sort Method": "quicksort", "Sort Space Used": 4968, "Sort Space Type": "Memory", "Plans": [{"Node Type": "Nested Loop", "Parent Relationship": "Outer", "Join Type": "Anti", "Startup Cost": 0.0, "Total Cost": 226249.97, "Plan Rows": 1, "Plan Width": 24, "Actual Startup Time": 1997.433, "Actual Total Time": 4411.89, "Actual Rows": 36604, "Actual Loops": 1, "Inner Unique": false, "Plans": [{"Node Type": "Index Scan", "Parent Relationship": "Outer", "Scan Direction": "Forward", "Index Name": "customer_pkey", "Relation Name": "customer", "Alias": "customer", "Startup Cost": 0.0, "Total Cost": 105140.36, "Plan Rows": 17500, "Plan Width": 32, "Actual Startup Time": 1997.392, "Actual Total Time": 3747.515, "Actual Rows": 109197, "Actual Loops": 1, "Filter": "((c_acctbal > $0) AND (\"substring\"((c_phone)::text, 1, 2) = ANY ('{20,40,22,30,39,42,21}'::text[])))", "Rows Removed by Filter": 1390803}, {"Node Type": "Index Scan", "Parent Relationship": "Inner", "Scan Direction": "Forward", "Index Name": "idx_orders_custkey", "Relation Name": "orders", "Alias": "orders", "Startup Cost": 0.0, "Total Cost": 17.99, "Plan Rows": 4, "Plan Width": 8, "Actual Startup Time": 555.838, "Actual Total Time": 555.838, "Actual Rows": 72593, "Actual Loops": 109197, "Index Cond": "(o_custkey = public.customer.c_custkey)", "Rows Removed by Index Recheck": 0}]}]}]}, "Triggers": [], "Planner Runtime": 0.606, "Total Runtime": 4446.572, "Unique SQL Id": 2798552886}}, "(1, 70)": {"explain_plan": {"Plan": {"Node Type": "Aggregate", "Strategy": "Sorted", "Startup Cost": 326543.86, "Total Cost": 326543.89, "Plan Rows": 1, "Plan Width": 40, "Group By Key": ["(\"substring\"((public.customer.c_phone)::text, 1, 2))"], "Plans": [{"Node Type": "Aggregate", "Strategy": "Plain", "Parent Relationship": "exec_init_plan", "Subplan Name": "InitPlan 1 (returns $0)", "Startup Cost": 76620.14, "Total Cost": 76620.15, "Plan Rows": 1, "Plan Width": 40, "Plans": [{"Node Type": "Seq Scan", "Parent Relationship": "Outer", "Relation Name": "customer", "Alias": "customer", "Startup Cost": 12.98, "Total Cost": 76501.0, "Plan Rows": 47655, "Plan Width": 8, "Filter": "((c_acctbal > 0::double precision) AND (\"substring\"((c_phone)::text, 1, 2) = ANY ('{20,40,22,30,39,42,21}'::text[])))"}]}, {"Node Type": "Sort", "Parent Relationship": "Outer", "Startup Cost": 249923.71, "Total Cost": 249923.72, "Plan Rows": 1, "Plan Width": 24, "Sort Key": ["(\"substring\"((public.customer.c_phone)::text, 1, 2))"], "Plans": [{"Node Type": "Nested Loop", "Parent Relationship": "Outer", "Join Type": "Anti", "Startup Cost": 3.75, "Total Cost": 249923.7, "Plan Rows": 1, "Plan Width": 24, "Inner Unique": false, "Plans": [{"Node Type": "Seq Scan", "Parent Relationship": "Outer", "Relation Name": "customer", "Alias": "customer", "Startup Cost": 0.0, "Total Cost": 76501.0, "Plan Rows": 17500, "Plan Width": 32, "Filter": "((c_acctbal > $0) AND (\"substring\"((c_phone)::text, 1, 2) = ANY ('{20,40,22,30,39,42,21}'::text[])))"}, {"Node Type": "Bitmap Heap Scan", "Parent Relationship": "Inner", "Relation Name": "orders", "Alias": "orders", "Startup Cost": 3.75, "Total Cost": 19.76, "Plan Rows": 4, "Plan Width": 8, "Recheck Cond": "(o_custkey = public.customer.c_custkey)", "Plans": [{"Node Type": "Bitmap Index Scan", "Parent Relationship": "Outer", "Index Name": "idx_orders_custkey", "Startup Cost": 0.0, "Total Cost": 3.75, "Plan Rows": 4, "Plan Width": 0, "Index Cond": "(o_custkey = public.customer.c_custkey)"}]}]}]}]}, "Unique SQL Id": 2798552886}, "explain_analyze_plan": {"Plan": {"Node Type": "Aggregate", "Strategy": "Sorted", "Startup Cost": 326543.86, "Total Cost": 326543.89, "Plan Rows": 1, "Plan Width": 40, "Actual Startup Time": 4467.914, "Actual Total Time": 4478.319, "Actual Rows": 4, "Actual Loops": 1, "Group By Key": ["(\"substring\"((public.customer.c_phone)::text, 1, 2))"], "Plans": [{"Node Type": "Aggregate", "Strategy": "Plain", "Parent Relationship": "exec_init_plan", "Subplan Name": "InitPlan 1 (returns $0)", "Startup Cost": 76620.14, "Total Cost": 76620.15, "Plan Rows": 1, "Plan Width": 40, "Actual Startup Time": 1998.25, "Actual Total Time": 1998.25, "Actual Rows": 1, "Actual Loops": 1, "Plans": [{"Node Type": "Seq Scan", "Parent Relationship": "Outer", "Relation Name": "customer", "Alias": "customer", "Startup Cost": 12.98, "Total Cost": 76501.0, "Plan Rows": 47655, "Plan Width": 8, "Actual Startup Time": 0.027, "Actual Total Time": 1903.14, "Actual Rows": 218121, "Actual Loops": 1, "Filter": "((c_acctbal > 0::double precision) AND (\"substring\"((c_phone)::text, 1, 2) = ANY ('{20,40,22,30,39,42,21}'::text[])))", "Rows Removed by Filter": 1281879}]}, {"Node Type": "Sort", "Parent Relationship": "Outer", "Startup Cost": 249923.71, "Total Cost": 249923.72, "Plan Rows": 1, "Plan Width": 24, "Actual Startup Time": 4464.389, "Actual Total Time": 4467.967, "Actual Rows": 36604, "Actual Loops": 1, "Sort Key": ["(\"substring\"((public.customer.c_phone)::text, 1, 2))"], "Sort Method": "quicksort", "Sort Space Used": 4968, "Sort Space Type": "Memory", "Plans": [{"Node Type": "Nested Loop", "Parent Relationship": "Outer", "Join Type": "Anti", "Startup Cost": 3.75, "Total Cost": 249923.7, "Plan Rows": 1, "Plan Width": 24, "Actual Startup Time": 1998.373, "Actual Total Time": 4442.474, "Actual Rows": 36604, "Actual Loops": 1, "Inner Unique": false, "Plans": [{"Node Type": "Seq Scan", "Parent Relationship": "Outer", "Relation Name": "customer", "Alias": "customer", "Startup Cost": 0.0, "Total Cost": 76501.0, "Plan Rows": 17500, "Plan Width": 32, "Actual Startup Time": 1998.311, "Actual Total Time": 3303.891, "Actual Rows": 109197, "Actual Loops": 1, "Filter": "((c_acctbal > $0) AND (\"substring\"((c_phone)::text, 1, 2) = ANY ('{20,40,22,30,39,42,21}'::text[])))", "Rows Removed by Filter": 1390803}, {"Node Type": "Bitmap Heap Scan", "Parent Relationship": "Inner", "Relation Name": "orders", "Alias": "orders", "Startup Cost": 3.75, "Total Cost": 19.76, "Plan Rows": 4, "Plan Width": 8, "Actual Startup Time": 951.823, "Actual Total Time": 951.823, "Actual Rows": 72593, "Actual Loops": 109197, "Recheck Cond": "(o_custkey = public.customer.c_custkey)", "Rows Removed by Index Recheck": 0, "Exact Heap Blocks": 72593, "Lossy Heap Blocks": 72593, "Plans": [{"Node Type": "Bitmap Index Scan", "Parent Relationship": "Outer", "Index Name": "idx_orders_custkey", "Startup Cost": 0.0, "Total Cost": 3.75, "Plan Rows": 4, "Plan Width": 0, "Actual Startup Time": 597.509, "Actual Total Time": 597.509, "Actual Rows": 1091631, "Actual Loops": 109197, "Index Cond": "(o_custkey = public.customer.c_custkey)"}]}]}]}]}, "Triggers": [], "Planner Runtime": 0.604, "Total Runtime": 4478.631, "Unique SQL Id": 2798552886}}, "(1, 71)": {"explain_plan": {"Plan": {"Node Type": "Aggregate", "Strategy": "Sorted", "Startup Cost": 2000018337677.48, "Total Cost": 2000018337677.51, "Plan Rows": 1, "Plan Width": 40, "Group By Key": ["(\"substring\"((public.customer.c_phone)::text, 1, 2))"], "Plans": [{"Node Type": "Aggregate", "Strategy": "Plain", "Parent Relationship": "exec_init_plan", "Subplan Name": "InitPlan 1 (returns $0)", "Startup Cost": 1000007650219.14, "Total Cost": 1000007650219.15, "Plan Rows": 1, "Plan Width": 40, "Plans": [{"Node Type": "Seq Scan", "Parent Relationship": "Outer", "Relation Name": "customer", "Alias": "customer", "Startup Cost": 10000000012.75, "Total Cost": 1000007650100.0, "Plan Rows": 47655, "Plan Width": 8, "Filter": "((c_acctbal > 0::double precision) AND (\"substring\"((c_phone)::text, 1, 2) = ANY ('{20,40,22,30,39,42,21}'::text[])))"}]}, {"Node Type": "Sort", "Parent Relationship": "Outer", "Startup Cost": 1000010687458.33, "Total Cost": 1000010687458.34, "Plan Rows": 1, "Plan Width": 24, "Sort Key": ["(\"substring\"((public.customer.c_phone)::text, 1, 2))"], "Plans": [{"Node Type": "Nested Loop", "Parent Relationship": "Outer", "Join Type": "Anti", "Startup Cost": 10000000003.75, "Total Cost": 1000010687458.32, "Plan Rows": 1, "Plan Width": 24, "Inner Unique": false, "Plans": [{"Node Type": "Index Scan", "Parent Relationship": "Outer", "Scan Direction": "Forward", "Index Name": "customer_pkey", "Relation Name": "customer", "Alias": "customer", "Startup Cost": 10000000000.0, "Total Cost": 1000010514035.62, "Plan Rows": 17500, "Plan Width": 32, "Filter": "((c_acctbal > $0) AND (\"substring\"((c_phone)::text, 1, 2) = ANY ('{20,40,22,30,39,42,21}'::text[])))"}, {"Node Type": "Bitmap Heap Scan", "Parent Relationship": "Inner", "Relation Name": "orders", "Alias": "orders", "Startup Cost": 3.75, "Total Cost": 19.76, "Plan Rows": 4, "Plan Width": 8, "Recheck Cond": "(o_custkey = public.customer.c_custkey)", "Plans": [{"Node Type": "Bitmap Index Scan", "Parent Relationship": "Outer", "Index Name": "idx_orders_custkey", "Startup Cost": 0.0, "Total Cost": 3.75, "Plan Rows": 4, "Plan Width": 0, "Index Cond": "(o_custkey = public.customer.c_custkey)"}]}]}]}]}, "Unique SQL Id": 2798552886}, "explain_analyze_plan": {"Plan": {"Node Type": "Aggregate", "Strategy": "Sorted", "Startup Cost": 2000018337677.48, "Total Cost": 2000018337677.51, "Plan Rows": 1, "Plan Width": 40, "Actual Startup Time": 4938.481, "Actual Total Time": 4948.912, "Actual Rows": 4, "Actual Loops": 1, "Group By Key": ["(\"substring\"((public.customer.c_phone)::text, 1, 2))"], "Plans": [{"Node Type": "Aggregate", "Strategy": "Plain", "Parent Relationship": "exec_init_plan", "Subplan Name": "InitPlan 1 (returns $0)", "Startup Cost": 1000007650219.14, "Total Cost": 1000007650219.15, "Plan Rows": 1, "Plan Width": 40, "Actual Startup Time": 1989.173, "Actual Total Time": 1989.174, "Actual Rows": 1, "Actual Loops": 1, "Plans": [{"Node Type": "Seq Scan", "Parent Relationship": "Outer", "Relation Name": "customer", "Alias": "customer", "Startup Cost": 10000000012.75, "Total Cost": 1000007650100.0, "Plan Rows": 47655, "Plan Width": 8, "Actual Startup Time": 0.032, "Actual Total Time": 1894.45, "Actual Rows": 218121, "Actual Loops": 1, "Filter": "((c_acctbal > 0::double precision) AND (\"substring\"((c_phone)::text, 1, 2) = ANY ('{20,40,22,30,39,42,21}'::text[])))", "Rows Removed by Filter": 1281879}]}, {"Node Type": "Sort", "Parent Relationship": "Outer", "Startup Cost": 1000010687458.33, "Total Cost": 1000010687458.34, "Plan Rows": 1, "Plan Width": 24, "Actual Startup Time": 4934.953, "Actual Total Time": 4938.537, "Actual Rows": 36604, "Actual Loops": 1, "Sort Key": ["(\"substring\"((public.customer.c_phone)::text, 1, 2))"], "Sort Method": "quicksort", "Sort Space Used": 4968, "Sort Space Type": "Memory", "Plans": [{"Node Type": "Nested Loop", "Parent Relationship": "Outer", "Join Type": "Anti", "Startup Cost": 10000000003.75, "Total Cost": 1000010687458.32, "Plan Rows": 1, "Plan Width": 24, "Actual Startup Time": 1989.319, "Actual Total Time": 4912.858, "Actual Rows": 36604, "Actual Loops": 1, "Inner Unique": false, "Plans": [{"Node Type": "Index Scan", "Parent Relationship": "Outer", "Scan Direction": "Forward", "Index Name": "customer_pkey", "Relation Name": "customer", "Alias": "customer", "Startup Cost": 10000000000.0, "Total Cost": 1000010514035.62, "Plan Rows": 17500, "Plan Width": 32, "Actual Startup Time": 1989.251, "Actual Total Time": 3801.63, "Actual Rows": 109197, "Actual Loops": 1, "Filter": "((c_acctbal > $0) AND (\"substring\"((c_phone)::text, 1, 2) = ANY ('{20,40,22,30,39,42,21}'::text[])))", "Rows Removed by Filter": 1390803}, {"Node Type": "Bitmap Heap Scan", "Parent Relationship": "Inner", "Relation Name": "orders", "Alias": "orders", "Startup Cost": 3.75, "Total Cost": 19.76, "Plan Rows": 4, "Plan Width": 8, "Actual Startup Time": 921.241, "Actual Total Time": 921.241, "Actual Rows": 72593, "Actual Loops": 109197, "Recheck Cond": "(o_custkey = public.customer.c_custkey)", "Rows Removed by Index Recheck": 0, "Exact Heap Blocks": 72593, "Lossy Heap Blocks": 72593, "Plans": [{"Node Type": "Bitmap Index Scan", "Parent Relationship": "Outer", "Index Name": "idx_orders_custkey", "Startup Cost": 0.0, "Total Cost": 3.75, "Plan Rows": 4, "Plan Width": 0, "Actual Startup Time": 578.575, "Actual Total Time": 578.575, "Actual Rows": 1091631, "Actual Loops": 109197, "Index Cond": "(o_custkey = public.customer.c_custkey)"}]}]}]}]}, "Triggers": [], "Planner Runtime": 0.609, "Total Runtime": 4949.194, "Unique SQL Id": 2798552886}}, "(1, 72)": {"explain_plan": {"Plan": {"Node Type": "Aggregate", "Strategy": "Sorted", "Startup Cost": 178853.65, "Total Cost": 178853.67, "Plan Rows": 1, "Plan Width": 40, "Group By Key": ["(\"substring\"((public.customer.c_phone)::text, 1, 2))"], "Plans": [{"Node Type": "Aggregate", "Strategy": "Plain", "Parent Relationship": "exec_init_plan", "Subplan Name": "InitPlan 1 (returns $0)", "Startup Cost": 76620.14, "Total Cost": 76620.15, "Plan Rows": 1, "Plan Width": 40, "Plans": [{"Node Type": "Seq Scan", "Parent Relationship": "Outer", "Relation Name": "customer", "Alias": "customer", "Startup Cost": 12.98, "Total Cost": 76501.0, "Plan Rows": 47655, "Plan Width": 8, "Filter": "((c_acctbal > 0::double precision) AND (\"substring\"((c_phone)::text, 1, 2) = ANY ('{20,40,22,30,39,42,21}'::text[])))"}]}, {"Node Type": "Sort", "Parent Relationship": "Outer", "Startup Cost": 102233.5, "Total Cost": 102233.5, "Plan Rows": 1, "Plan Width": 24, "Sort Key": ["(\"substring\"((public.customer.c_phone)::text, 1, 2))"], "Plans": [{"Node Type": "Nested Loop", "Parent Relationship": "Outer", "Join Type": "Anti", "Startup Cost": 0.0, "Total Cost": 102233.49, "Plan Rows": 1, "Plan Width": 24, "Inner Unique": false, "Plans": [{"Node Type": "Seq Scan", "Parent Relationship": "Outer", "Relation Name": "customer", "Alias": "customer", "Startup Cost": 0.0, "Total Cost": 76501.0, "Plan Rows": 17500, "Plan Width": 32, "Filter": "((c_acctbal > $0) AND (\"substring\"((c_phone)::text, 1, 2) = ANY ('{20,40,22,30,39,42,21}'::text[])))"}, {"Node Type": "Index Only Scan", "Parent Relationship": "Inner", "Scan Direction": "Forward", "Index Name": "idx_orders_custkey", "Relation Name": "orders", "Alias": "orders", "Startup Cost": 0.0, "Total Cost": 3.79, "Plan Rows": 4, "Plan Width": 8, "Index Cond": "(o_custkey = public.customer.c_custkey)"}]}]}]}, "Unique SQL Id": 2798552886}, "explain_analyze_plan": {"Plan": {"Node Type": "Aggregate", "Strategy": "Sorted", "Startup Cost": 178853.65, "Total Cost": 178853.67, "Plan Rows": 1, "Plan Width": 40, "Actual Startup Time": 3881.351, "Actual Total Time": 3891.855, "Actual Rows": 4, "Actual Loops": 1, "Group By Key": ["(\"substring\"((public.customer.c_phone)::text, 1, 2))"], "Plans": [{"Node Type": "Aggregate", "Strategy": "Plain", "Parent Relationship": "exec_init_plan", "Subplan Name": "InitPlan 1 (returns $0)", "Startup Cost": 76620.14, "Total Cost": 76620.15, "Plan Rows": 1, "Plan Width": 40, "Actual Startup Time": 2010.36, "Actual Total Time": 2010.361, "Actual Rows": 1, "Actual Loops": 1, "Plans": [{"Node Type": "Seq Scan", "Parent Relationship": "Outer", "Relation Name": "customer", "Alias": "customer", "Startup Cost": 12.98, "Total Cost": 76501.0, "Plan Rows": 47655, "Plan Width": 8, "Actual Startup Time": 0.029, "Actual Total Time": 1914.702, "Actual Rows": 218121, "Actual Loops": 1, "Filter": "((c_acctbal > 0::double precision) AND (\"substring\"((c_phone)::text, 1, 2) = ANY ('{20,40,22,30,39,42,21}'::text[])))", "Rows Removed by Filter": 1281879}]}, {"Node Type": "Sort", "Parent Relationship": "Outer", "Startup Cost": 102233.5, "Total Cost": 102233.5, "Plan Rows": 1, "Plan Width": 24, "Actual Startup Time": 3877.781, "Actual Total Time": 3881.447, "Actual Rows": 36604, "Actual Loops": 1, "Sort Key": ["(\"substring\"((public.customer.c_phone)::text, 1, 2))"], "Sort Method": "quicksort", "Sort Space Used": 4968, "Sort Space Type": "Memory", "Plans": [{"Node Type": "Nested Loop", "Parent Relationship": "Outer", "Join Type": "Anti", "Startup Cost": 0.0, "Total Cost": 102233.49, "Plan Rows": 1, "Plan Width": 24, "Actual Startup Time": 2010.457, "Actual Total Time": 3857.027, "Actual Rows": 36604, "Actual Loops": 1, "Inner Unique": false, "Plans": [{"Node Type": "Seq Scan", "Parent Relationship": "Outer", "Relation Name": "customer", "Alias": "customer", "Startup Cost": 0.0, "Total Cost": 76501.0, "Plan Rows": 17500, "Plan Width": 32, "Actual Startup Time": 2010.414, "Actual Total Time": 3294.32, "Actual Rows": 109197, "Actual Loops": 1, "Filter": "((c_acctbal > $0) AND (\"substring\"((c_phone)::text, 1, 2) = ANY ('{20,40,22,30,39,42,21}'::text[])))", "Rows Removed by Filter": 1390803}, {"Node Type": "Index Only Scan", "Parent Relationship": "Inner", "Scan Direction": "Forward", "Index Name": "idx_orders_custkey", "Relation Name": "orders", "Alias": "orders", "Startup Cost": 0.0, "Total Cost": 3.79, "Plan Rows": 4, "Plan Width": 8, "Actual Startup Time": 460.774, "Actual Total Time": 460.774, "Actual Rows": 72593, "Actual Loops": 109197, "Index Cond": "(o_custkey = public.customer.c_custkey)", "Rows Removed by Index Recheck": 0, "Heap Fetches": 0}]}]}]}, "Triggers": [], "Planner Runtime": 0.607, "Total Runtime": 3892.138, "Unique SQL Id": 2798552886}}, "(1, 73)": {"explain_plan": {"Plan": {"Node Type": "Aggregate", "Strategy": "Sorted", "Startup Cost": 1000007781092.0, "Total Cost": 1000007781092.03, "Plan Rows": 1, "Plan Width": 40, "Group By Key": ["(\"substring\"((public.customer.c_phone)::text, 1, 2))"], "Plans": [{"Node Type": "Aggregate", "Strategy": "Plain", "Parent Relationship": "exec_init_plan", "Subplan Name": "InitPlan 1 (returns $0)", "Startup Cost": 1000007650219.14, "Total Cost": 1000007650219.15, "Plan Rows": 1, "Plan Width": 40, "Plans": [{"Node Type": "Seq Scan", "Parent Relationship": "Outer", "Relation Name": "customer", "Alias": "customer", "Startup Cost": 10000000012.75, "Total Cost": 1000007650100.0, "Plan Rows": 47655, "Plan Width": 8, "Filter": "((c_acctbal > 0::double precision) AND (\"substring\"((c_phone)::text, 1, 2) = ANY ('{20,40,22,30,39,42,21}'::text[])))"}]}, {"Node Type": "Sort", "Parent Relationship": "Outer", "Startup Cost": 130872.85, "Total Cost": 130872.86, "Plan Rows": 1, "Plan Width": 24, "Sort Key": ["(\"substring\"((public.customer.c_phone)::text, 1, 2))"], "Plans": [{"Node Type": "Nested Loop", "Parent Relationship": "Outer", "Join Type": "Anti", "Startup Cost": 0.0, "Total Cost": 130872.84, "Plan Rows": 1, "Plan Width": 24, "Inner Unique": false, "Plans": [{"Node Type": "Index Scan", "Parent Relationship": "Outer", "Scan Direction": "Forward", "Index Name": "customer_pkey", "Relation Name": "customer", "Alias": "customer", "Startup Cost": 0.0, "Total Cost": 105140.36, "Plan Rows": 17500, "Plan Width": 32, "Filter": "((c_acctbal > $0) AND (\"substring\"((c_phone)::text, 1, 2) = ANY ('{20,40,22,30,39,42,21}'::text[])))"}, {"Node Type": "Index Only Scan", "Parent Relationship": "Inner", "Scan Direction": "Forward", "Index Name": "idx_orders_custkey", "Relation Name": "orders", "Alias": "orders", "Startup Cost": 0.0, "Total Cost": 3.79, "Plan Rows": 4, "Plan Width": 8, "Index Cond": "(o_custkey = public.customer.c_custkey)"}]}]}]}, "Unique SQL Id": 2798552886}, "explain_analyze_plan": {"Plan": {"Node Type": "Aggregate", "Strategy": "Sorted", "Startup Cost": 1000007781092.0, "Total Cost": 1000007781092.03, "Plan Rows": 1, "Plan Width": 40, "Actual Startup Time": 4453.89, "Actual Total Time": 4464.091, "Actual Rows": 4, "Actual Loops": 1, "Group By Key": ["(\"substring\"((public.customer.c_phone)::text, 1, 2))"], "Plans": [{"Node Type": "Aggregate", "Strategy": "Plain", "Parent Relationship": "exec_init_plan", "Subplan Name": "InitPlan 1 (returns $0)", "Startup Cost": 1000007650219.14, "Total Cost": 1000007650219.15, "Plan Rows": 1, "Plan Width": 40, "Actual Startup Time": 1990.397, "Actual Total Time": 1990.398, "Actual Rows": 1, "Actual Loops": 1, "Plans": [{"Node Type": "Seq Scan", "Parent Relationship": "Outer", "Relation Name": "customer", "Alias": "customer", "Startup Cost": 10000000012.75, "Total Cost": 1000007650100.0, "Plan Rows": 47655, "Plan Width": 8, "Actual Startup Time": 0.036, "Actual Total Time": 1895.081, "Actual Rows": 218121, "Actual Loops": 1, "Filter": "((c_acctbal > 0::double precision) AND (\"substring\"((c_phone)::text, 1, 2) = ANY ('{20,40,22,30,39,42,21}'::text[])))", "Rows Removed by Filter": 1281879}]}, {"Node Type": "Sort", "Parent Relationship": "Outer", "Startup Cost": 130872.85, "Total Cost": 130872.86, "Plan Rows": 1, "Plan Width": 24, "Actual Startup Time": 4450.398, "Actual Total Time": 4453.934, "Actual Rows": 36604, "Actual Loops": 1, "Sort Key": ["(\"substring\"((public.customer.c_phone)::text, 1, 2))"], "Sort Method": "quicksort", "Sort Space Used": 4968, "Sort Space Type": "Memory", "Plans": [{"Node Type": "Nested Loop", "Parent Relationship": "Outer", "Join Type": "Anti", "Startup Cost": 0.0, "Total Cost": 130872.84, "Plan Rows": 1, "Plan Width": 24, "Actual Startup Time": 1990.521, "Actual Total Time": 4429.799, "Actual Rows": 36604, "Actual Loops": 1, "Inner Unique": false, "Plans": [{"Node Type": "Index Scan", "Parent Relationship": "Outer", "Scan Direction": "Forward", "Index Name": "customer_pkey", "Relation Name": "customer", "Alias": "customer", "Startup Cost": 0.0, "Total Cost": 105140.36, "Plan Rows": 17500, "Plan Width": 32, "Actual Startup Time": 1990.477, "Actual Total Time": 3857.715, "Actual Rows": 109197, "Actual Loops": 1, "Filter": "((c_acctbal > $0) AND (\"substring\"((c_phone)::text, 1, 2) = ANY ('{20,40,22,30,39,42,21}'::text[])))", "Rows Removed by Filter": 1390803}, {"Node Type": "Index Only Scan", "Parent Relationship": "Inner", "Scan Direction": "Forward", "Index Name": "idx_orders_custkey", "Relation Name": "orders", "Alias": "orders", "Startup Cost": 0.0, "Total Cost": 3.79, "Plan Rows": 4, "Plan Width": 8, "Actual Startup Time": 469.636, "Actual Total Time": 469.636, "Actual Rows": 72593, "Actual Loops": 109197, "Index Cond": "(o_custkey = public.customer.c_custkey)", "Rows Removed by Index Recheck": 0, "Heap Fetches": 0}]}]}]}, "Triggers": [], "Planner Runtime": 0.607, "Total Runtime": 4464.404, "Unique SQL Id": 2798552886}}, "(1, 74)": {"explain_plan": {"Plan": {"Node Type": "Aggregate", "Strategy": "Sorted", "Startup Cost": 639751.62, "Total Cost": 639751.65, "Plan Rows": 1, "Plan Width": 40, "Group By Key": ["(\"substring\"((public.customer.c_phone)::text, 1, 2))"], "Plans": [{"Node Type": "Aggregate", "Strategy": "Plain", "Parent Relationship": "exec_init_plan", "Subplan Name": "InitPlan 1 (returns $0)", "Startup Cost": 76620.14, "Total Cost": 76620.15, "Plan Rows": 1, "Plan Width": 40, "Plans": [{"Node Type": "Seq Scan", "Parent Relationship": "Outer", "Relation Name": "customer", "Alias": "customer", "Startup Cost": 12.98, "Total Cost": 76501.0, "Plan Rows": 47655, "Plan Width": 8, "Filter": "((c_acctbal > 0::double precision) AND (\"substring\"((c_phone)::text, 1, 2) = ANY ('{20,40,22,30,39,42,21}'::text[])))"}]}, {"Node Type": "Sort", "Parent Relationship": "Outer", "Startup Cost": 563131.47, "Total Cost": 563131.48, "Plan Rows": 1, "Plan Width": 24, "Sort Key": ["(\"substring\"((public.customer.c_phone)::text, 1, 2))"], "Plans": [{"Node Type": "Hash Join", "Parent Relationship": "Outer", "Join Type": "Right Anti", "Startup Cost": 76719.75, "Total Cost": 563131.46, "Plan Rows": 1, "Plan Width": 24, "Inner Unique": true, "Hash Cond": "(orders.o_custkey = public.customer.c_custkey)", "Plans": [{"Node Type": "Seq Scan", "Parent Relationship": "Outer", "Relation Name": "orders", "Alias": "orders", "Startup Cost": 0.0, "Total Cost": 426413.79, "Plan Rows": 14999479, "Plan Width": 8}, {"Node Type": "Hash", "Parent Relationship": "Inner", "Startup Cost": 76501.0, "Total Cost": 76501.0, "Plan Rows": 17500, "Plan Width": 32, "Plans": [{"Node Type": "Seq Scan", "Parent Relationship": "Outer", "Relation Name": "customer", "Alias": "customer", "Startup Cost": 0.0, "Total Cost": 76501.0, "Plan Rows": 17500, "Plan Width": 32, "Filter": "((c_acctbal > $0) AND (\"substring\"((c_phone)::text, 1, 2) = ANY ('{20,40,22,30,39,42,21}'::text[])))"}]}]}]}]}, "Unique SQL Id": 2798552886}, "explain_analyze_plan": null}, "(1, 75)": {"explain_plan": {"Plan": {"Node Type": "Aggregate", "Strategy": "Sorted", "Startup Cost": 3000031345967.27, "Total Cost": 3000031345967.3, "Plan Rows": 1, "Plan Width": 40, "Group By Key": ["(\"substring\"((public.customer.c_phone)::text, 1, 2))"], "Plans": [{"Node Type": "Aggregate", "Strategy": "Plain", "Parent Relationship": "exec_init_plan", "Subplan Name": "InitPlan 1 (returns $0)", "Startup Cost": 1000007650219.14, "Total Cost": 1000007650219.15, "Plan Rows": 1, "Plan Width": 40, "Plans": [{"Node Type": "Seq Scan", "Parent Relationship": "Outer", "Relation Name": "customer", "Alias": "customer", "Startup Cost": 10000000012.75, "Total Cost": 1000007650100.0, "Plan Rows": 47655, "Plan Width": 8, "Filter": "((c_acctbal > 0::double precision) AND (\"substring\"((c_phone)::text, 1, 2) = ANY ('{20,40,22,30,39,42,21}'::text[])))"}]}, {"Node Type": "Sort", "Parent Relationship": "Outer", "Startup Cost": 2000023695748.12, "Total Cost": 2000023695748.13, "Plan Rows": 1, "Plan Width": 24, "Sort Key": ["(\"substring\"((public.customer.c_phone)::text, 1, 2))"], "Plans": [{"Node Type": "Merge Join", "Parent Relationship": "Outer", "Join Type": "Anti", "Startup Cost": 20000000000.0, "Total Cost": 2000023695748.11, "Plan Rows": 1, "Plan Width": 24, "Inner Unique": false, "Merge Cond": "(public.customer.c_custkey = orders.o_custkey)", "Plans": [{"Node Type": "Index Scan", "Parent Relationship": "Outer", "Scan Direction": "Forward", "Index Name": "customer_pkey", "Relation Name": "customer", "Alias": "customer", "Startup Cost": 10000000000.0, "Total Cost": 1000010514035.62, "Plan Rows": 17500, "Plan Width": 32, "Filter": "((c_acctbal > $0) AND (\"substring\"((c_phone)::text, 1, 2) = ANY ('{20,40,22,30,39,42,21}'::text[])))"}, {"Node Type": "Index Only Scan", "Parent Relationship": "Inner", "Scan Direction": "Forward", "Index Name": "idx_orders_custkey", "Relation Name": "orders", "Alias": "orders", "Startup Cost": 10000000000.0, "Total Cost": 1000045486043.5, "Plan Rows": 14999479, "Plan Width": 8}]}]}]}, "Unique SQL Id": 2798552886}, "explain_analyze_plan": null}, "(1, 76)": {"explain_plan": {"Plan": {"Node Type": "Aggregate", "Strategy": "Sorted", "Startup Cost": 274230.77, "Total Cost": 274230.8, "Plan Rows": 1, "Plan Width": 40, "Group By Key": ["(\"substring\"((public.customer.c_phone)::text, 1, 2))"], "Plans": [{"Node Type": "Aggregate", "Strategy": "Plain", "Parent Relationship": "exec_init_plan", "Subplan Name": "InitPlan 1 (returns $0)", "Startup Cost": 76620.14, "Total Cost": 76620.15, "Plan Rows": 1, "Plan Width": 40, "Plans": [{"Node Type": "Seq Scan", "Parent Relationship": "Outer", "Relation Name": "customer", "Alias": "customer", "Startup Cost": 12.98, "Total Cost": 76501.0, "Plan Rows": 47655, "Plan Width": 8, "Filter": "((c_acctbal > 0::double precision) AND (\"substring\"((c_phone)::text, 1, 2) = ANY ('{20,40,22,30,39,42,21}'::text[])))"}]}, {"Node Type": "Sort", "Parent Relationship": "Outer", "Startup Cost": 197610.62, "Total Cost": 197610.62, "Plan Rows": 1, "Plan Width": 24, "Sort Key": ["(\"substring\"((public.customer.c_phone)::text, 1, 2))"], "Plans": [{"Node Type": "Nested Loop", "Parent Relationship": "Outer", "Join Type": "Anti", "Startup Cost": 0.0, "Total Cost": 197610.61, "Plan Rows": 1, "Plan Width": 24, "Inner Unique": false, "Plans": [{"Node Type": "Seq Scan", "Parent Relationship": "Outer", "Relation Name": "customer", "Alias": "customer", "Startup Cost": 0.0, "Total Cost": 76501.0, "Plan Rows": 17500, "Plan Width": 32, "Filter": "((c_acctbal > $0) AND (\"substring\"((c_phone)::text, 1, 2) = ANY ('{20,40,22,30,39,42,21}'::text[])))"}, {"Node Type": "Index Scan", "Parent Relationship": "Inner", "Scan Direction": "Forward", "Index Name": "idx_orders_custkey", "Relation Name": "orders", "Alias": "orders", "Startup Cost": 0.0, "Total Cost": 17.99, "Plan Rows": 4, "Plan Width": 8, "Index Cond": "(o_custkey = public.customer.c_custkey)"}]}]}]}, "Unique SQL Id": 2798552886}, "explain_analyze_plan": {"Plan": {"Node Type": "Aggregate", "Strategy": "Sorted", "Startup Cost": 274230.77, "Total Cost": 274230.8, "Plan Rows": 1, "Plan Width": 40, "Actual Startup Time": 4066.361, "Actual Total Time": 4076.734, "Actual Rows": 4, "Actual Loops": 1, "Group By Key": ["(\"substring\"((public.customer.c_phone)::text, 1, 2))"], "Plans": [{"Node Type": "Aggregate", "Strategy": "Plain", "Parent Relationship": "exec_init_plan", "Subplan Name": "InitPlan 1 (returns $0)", "Startup Cost": 76620.14, "Total Cost": 76620.15, "Plan Rows": 1, "Plan Width": 40, "Actual Startup Time": 1991.742, "Actual Total Time": 1991.742, "Actual Rows": 1, "Actual Loops": 1, "Plans": [{"Node Type": "Seq Scan", "Parent Relationship": "Outer", "Relation Name": "customer", "Alias": "customer", "Startup Cost": 12.98, "Total Cost": 76501.0, "Plan Rows": 47655, "Plan Width": 8, "Actual Startup Time": 0.028, "Actual Total Time": 1896.339, "Actual Rows": 218121, "Actual Loops": 1, "Filter": "((c_acctbal > 0::double precision) AND (\"substring\"((c_phone)::text, 1, 2) = ANY ('{20,40,22,30,39,42,21}'::text[])))", "Rows Removed by Filter": 1281879}]}, {"Node Type": "Sort", "Parent Relationship": "Outer", "Startup Cost": 197610.62, "Total Cost": 197610.62, "Plan Rows": 1, "Plan Width": 24, "Actual Startup Time": 4062.845, "Actual Total Time": 4066.44, "Actual Rows": 36604, "Actual Loops": 1, "Sort Key": ["(\"substring\"((public.customer.c_phone)::text, 1, 2))"], "Sort Method": "quicksort", "Sort Space Used": 4968, "Sort Space Type": "Memory", "Plans": [{"Node Type": "Nested Loop", "Parent Relationship": "Outer", "Join Type": "Anti", "Startup Cost": 0.0, "Total Cost": 197610.61, "Plan Rows": 1, "Plan Width": 24, "Actual Startup Time": 1991.84, "Actual Total Time": 4041.643, "Actual Rows": 36604, "Actual Loops": 1, "Inner Unique": false, "Plans": [{"Node Type": "Seq Scan", "Parent Relationship": "Outer", "Relation Name": "customer", "Alias": "customer", "Startup Cost": 0.0, "Total Cost": 76501.0, "Plan Rows": 17500, "Plan Width": 32, "Actual Startup Time": 1991.803, "Actual Total Time": 3287.835, "Actual Rows": 109197, "Actual Loops": 1, "Filter": "((c_acctbal > $0) AND (\"substring\"((c_phone)::text, 1, 2) = ANY ('{20,40,22,30,39,42,21}'::text[])))", "Rows Removed by Filter": 1390803}, {"Node Type": "Index Scan", "Parent Relationship": "Inner", "Scan Direction": "Forward", "Index Name": "idx_orders_custkey", "Relation Name": "orders", "Alias": "orders", "Startup Cost": 0.0, "Total Cost": 17.99, "Plan Rows": 4, "Plan Width": 8, "Actual Startup Time": 644.787, "Actual Total Time": 644.787, "Actual Rows": 72593, "Actual Loops": 109197, "Index Cond": "(o_custkey = public.customer.c_custkey)", "Rows Removed by Index Recheck": 0}]}]}]}, "Triggers": [], "Planner Runtime": 0.602, "Total Runtime": 4077.007, "Unique SQL Id": 2798552886}}, "(1, 77)": {"explain_plan": {"Plan": {"Node Type": "Aggregate", "Strategy": "Sorted", "Startup Cost": 1000007876469.13, "Total Cost": 1000007876469.15, "Plan Rows": 1, "Plan Width": 40, "Group By Key": ["(\"substring\"((public.customer.c_phone)::text, 1, 2))"], "Plans": [{"Node Type": "Aggregate", "Strategy": "Plain", "Parent Relationship": "exec_init_plan", "Subplan Name": "InitPlan 1 (returns $0)", "Startup Cost": 1000007650219.14, "Total Cost": 1000007650219.15, "Plan Rows": 1, "Plan Width": 40, "Plans": [{"Node Type": "Seq Scan", "Parent Relationship": "Outer", "Relation Name": "customer", "Alias": "customer", "Startup Cost": 10000000012.75, "Total Cost": 1000007650100.0, "Plan Rows": 47655, "Plan Width": 8, "Filter": "((c_acctbal > 0::double precision) AND (\"substring\"((c_phone)::text, 1, 2) = ANY ('{20,40,22,30,39,42,21}'::text[])))"}]}, {"Node Type": "Sort", "Parent Relationship": "Outer", "Startup Cost": 226249.98, "Total Cost": 226249.98, "Plan Rows": 1, "Plan Width": 24, "Sort Key": ["(\"substring\"((public.customer.c_phone)::text, 1, 2))"], "Plans": [{"Node Type": "Nested Loop", "Parent Relationship": "Outer", "Join Type": "Anti", "Startup Cost": 0.0, "Total Cost": 226249.97, "Plan Rows": 1, "Plan Width": 24, "Inner Unique": false, "Plans": [{"Node Type": "Index Scan", "Parent Relationship": "Outer", "Scan Direction": "Forward", "Index Name": "customer_pkey", "Relation Name": "customer", "Alias": "customer", "Startup Cost": 0.0, "Total Cost": 105140.36, "Plan Rows": 17500, "Plan Width": 32, "Filter": "((c_acctbal > $0) AND (\"substring\"((c_phone)::text, 1, 2) = ANY ('{20,40,22,30,39,42,21}'::text[])))"}, {"Node Type": "Index Scan", "Parent Relationship": "Inner", "Scan Direction": "Forward", "Index Name": "idx_orders_custkey", "Relation Name": "orders", "Alias": "orders", "Startup Cost": 0.0, "Total Cost": 17.99, "Plan Rows": 4, "Plan Width": 8, "Index Cond": "(o_custkey = public.customer.c_custkey)"}]}]}]}, "Unique SQL Id": 2798552886}, "explain_analyze_plan": {"Plan": {"Node Type": "Aggregate", "Strategy": "Sorted", "Startup Cost": 1000007876469.13, "Total Cost": 1000007876469.15, "Plan Rows": 1, "Plan Width": 40, "Actual Startup Time": 4435.834, "Actual Total Time": 4446.26, "Actual Rows": 4, "Actual Loops": 1, "Group By Key": ["(\"substring\"((public.customer.c_phone)::text, 1, 2))"], "Plans": [{"Node Type": "Aggregate", "Strategy": "Plain", "Parent Relationship": "exec_init_plan", "Subplan Name": "InitPlan 1 (returns $0)", "Startup Cost": 1000007650219.14, "Total Cost": 1000007650219.15, "Plan Rows": 1, "Plan Width": 40, "Actual Startup Time": 1997.317, "Actual Total Time": 1997.317, "Actual Rows": 1, "Actual Loops": 1, "Plans": [{"Node Type": "Seq Scan", "Parent Relationship": "Outer", "Relation Name": "customer", "Alias": "customer", "Startup Cost": 10000000012.75, "Total Cost": 1000007650100.0, "Plan Rows": 47655, "Plan Width": 8, "Actual Startup Time": 0.038, "Actual Total Time": 1901.983, "Actual Rows": 218121, "Actual Loops": 1, "Filter": "((c_acctbal > 0::double precision) AND (\"substring\"((c_phone)::text, 1, 2) = ANY ('{20,40,22,30,39,42,21}'::text[])))", "Rows Removed by Filter": 1281879}]}, {"Node Type": "Sort", "Parent Relationship": "Outer", "Startup Cost": 226249.98, "Total Cost": 226249.98, "Plan Rows": 1, "Plan Width": 24, "Actual Startup Time": 4432.31, "Actual Total Time": 4435.843, "Actual Rows": 36604, "Actual Loops": 1, "Sort Key": ["(\"substring\"((public.customer.c_phone)::text, 1, 2))"], "Sort Method": "quicksort", "Sort Space Used": 4968, "Sort Space Type": "Memory", "Plans": [{"Node Type": "Nested Loop", "Parent Relationship": "Outer", "Join Type": "Anti", "Startup Cost": 0.0, "Total Cost": 226249.97, "Plan Rows": 1, "Plan Width": 24, "Actual Startup Time": 1997.433, "Actual Total Time": 4411.89, "Actual Rows": 36604, "Actual Loops": 1, "Inner Unique": false, "Plans": [{"Node Type": "Index Scan", "Parent Relationship": "Outer", "Scan Direction": "Forward", "Index Name": "customer_pkey", "Relation Name": "customer", "Alias": "customer", "Startup Cost": 0.0, "Total Cost": 105140.36, "Plan Rows": 17500, "Plan Width": 32, "Actual Startup Time": 1997.392, "Actual Total Time": 3747.515, "Actual Rows": 109197, "Actual Loops": 1, "Filter": "((c_acctbal > $0) AND (\"substring\"((c_phone)::text, 1, 2) = ANY ('{20,40,22,30,39,42,21}'::text[])))", "Rows Removed by Filter": 1390803}, {"Node Type": "Index Scan", "Parent Relationship": "Inner", "Scan Direction": "Forward", "Index Name": "idx_orders_custkey", "Relation Name": "orders", "Alias": "orders", "Startup Cost": 0.0, "Total Cost": 17.99, "Plan Rows": 4, "Plan Width": 8, "Actual Startup Time": 555.838, "Actual Total Time": 555.838, "Actual Rows": 72593, "Actual Loops": 109197, "Index Cond": "(o_custkey = public.customer.c_custkey)", "Rows Removed by Index Recheck": 0}]}]}]}, "Triggers": [], "Planner Runtime": 0.606, "Total Runtime": 4446.572, "Unique SQL Id": 2798552886}}, "(1, 78)": {"explain_plan": {"Plan": {"Node Type": "Aggregate", "Strategy": "Sorted", "Startup Cost": 639751.62, "Total Cost": 639751.65, "Plan Rows": 1, "Plan Width": 40, "Group By Key": ["(\"substring\"((public.customer.c_phone)::text, 1, 2))"], "Plans": [{"Node Type": "Aggregate", "Strategy": "Plain", "Parent Relationship": "exec_init_plan", "Subplan Name": "InitPlan 1 (returns $0)", "Startup Cost": 76620.14, "Total Cost": 76620.15, "Plan Rows": 1, "Plan Width": 40, "Plans": [{"Node Type": "Seq Scan", "Parent Relationship": "Outer", "Relation Name": "customer", "Alias": "customer", "Startup Cost": 12.98, "Total Cost": 76501.0, "Plan Rows": 47655, "Plan Width": 8, "Filter": "((c_acctbal > 0::double precision) AND (\"substring\"((c_phone)::text, 1, 2) = ANY ('{20,40,22,30,39,42,21}'::text[])))"}]}, {"Node Type": "Sort", "Parent Relationship": "Outer", "Startup Cost": 563131.47, "Total Cost": 563131.48, "Plan Rows": 1, "Plan Width": 24, "Sort Key": ["(\"substring\"((public.customer.c_phone)::text, 1, 2))"], "Plans": [{"Node Type": "Hash Join", "Parent Relationship": "Outer", "Join Type": "Right Anti", "Startup Cost": 76719.75, "Total Cost": 563131.46, "Plan Rows": 1, "Plan Width": 24, "Inner Unique": true, "Hash Cond": "(orders.o_custkey = public.customer.c_custkey)", "Plans": [{"Node Type": "Seq Scan", "Parent Relationship": "Outer", "Relation Name": "orders", "Alias": "orders", "Startup Cost": 0.0, "Total Cost": 426413.79, "Plan Rows": 14999479, "Plan Width": 8}, {"Node Type": "Hash", "Parent Relationship": "Inner", "Startup Cost": 76501.0, "Total Cost": 76501.0, "Plan Rows": 17500, "Plan Width": 32, "Plans": [{"Node Type": "Seq Scan", "Parent Relationship": "Outer", "Relation Name": "customer", "Alias": "customer", "Startup Cost": 0.0, "Total Cost": 76501.0, "Plan Rows": 17500, "Plan Width": 32, "Filter": "((c_acctbal > $0) AND (\"substring\"((c_phone)::text, 1, 2) = ANY ('{20,40,22,30,39,42,21}'::text[])))"}]}]}]}]}, "Unique SQL Id": 2798552886}, "explain_analyze_plan": null}, "(1, 79)": {"explain_plan": {"Plan": {"Node Type": "Aggregate", "Strategy": "Sorted", "Startup Cost": 3000141907840.93, "Total Cost": 3000141907840.95, "Plan Rows": 1, "Plan Width": 40, "Group By Key": ["(\"substring\"((public.customer.c_phone)::text, 1, 2))"], "Plans": [{"Node Type": "Aggregate", "Strategy": "Plain", "Parent Relationship": "exec_init_plan", "Subplan Name": "InitPlan 1 (returns $0)", "Startup Cost": 1000007650219.14, "Total Cost": 1000007650219.15, "Plan Rows": 1, "Plan Width": 40, "Plans": [{"Node Type": "Seq Scan", "Parent Relationship": "Outer", "Relation Name": "customer", "Alias": "customer", "Startup Cost": 10000000012.75, "Total Cost": 1000007650100.0, "Plan Rows": 47655, "Plan Width": 8, "Filter": "((c_acctbal > 0::double precision) AND (\"substring\"((c_phone)::text, 1, 2) = ANY ('{20,40,22,30,39,42,21}'::text[])))"}]}, {"Node Type": "Sort", "Parent Relationship": "Outer", "Startup Cost": 2000134257621.78, "Total Cost": 2000134257621.78, "Plan Rows": 1, "Plan Width": 24, "Sort Key": ["(\"substring\"((public.customer.c_phone)::text, 1, 2))"], "Plans": [{"Node Type": "Merge Join", "Parent Relationship": "Outer", "Join Type": "Anti", "Startup Cost": 20000000000.0, "Total Cost": 2000134257621.77, "Plan Rows": 1, "Plan Width": 24, "Inner Unique": false, "Merge Cond": "(public.customer.c_custkey = orders.o_custkey)", "Plans": [{"Node Type": "Index Scan", "Parent Relationship": "Outer", "Scan Direction": "Forward", "Index Name": "customer_pkey", "Relation Name": "customer", "Alias": "customer", "Startup Cost": 10000000000.0, "Total Cost": 1000010514035.62, "Plan Rows": 17500, "Plan Width": 32, "Filter": "((c_acctbal > $0) AND (\"substring\"((c_phone)::text, 1, 2) = ANY ('{20,40,22,30,39,42,21}'::text[])))"}, {"Node Type": "Index Scan", "Parent Relationship": "Inner", "Scan Direction": "Forward", "Index Name": "idx_orders_custkey", "Relation Name": "orders", "Alias": "orders", "Startup Cost": 10000000000.0, "Total Cost": 1000156051529.08, "Plan Rows": 14999479, "Plan Width": 8}]}]}]}, "Unique SQL Id": 2798552886}, "explain_analyze_plan": null}, "(1, 80)": {"explain_plan": {"Plan": {"Node Type": "Aggregate", "Strategy": "Sorted", "Startup Cost": 178853.65, "Total Cost": 178853.67, "Plan Rows": 1, "Plan Width": 40, "Group By Key": ["(\"substring\"((public.customer.c_phone)::text, 1, 2))"], "Plans": [{"Node Type": "Aggregate", "Strategy": "Plain", "Parent Relationship": "exec_init_plan", "Subplan Name": "InitPlan 1 (returns $0)", "Startup Cost": 76620.14, "Total Cost": 76620.15, "Plan Rows": 1, "Plan Width": 40, "Plans": [{"Node Type": "Seq Scan", "Parent Relationship": "Outer", "Relation Name": "customer", "Alias": "customer", "Startup Cost": 12.98, "Total Cost": 76501.0, "Plan Rows": 47655, "Plan Width": 8, "Filter": "((c_acctbal > 0::double precision) AND (\"substring\"((c_phone)::text, 1, 2) = ANY ('{20,40,22,30,39,42,21}'::text[])))"}]}, {"Node Type": "Sort", "Parent Relationship": "Outer", "Startup Cost": 102233.5, "Total Cost": 102233.5, "Plan Rows": 1, "Plan Width": 24, "Sort Key": ["(\"substring\"((public.customer.c_phone)::text, 1, 2))"], "Plans": [{"Node Type": "Nested Loop", "Parent Relationship": "Outer", "Join Type": "Anti", "Startup Cost": 0.0, "Total Cost": 102233.49, "Plan Rows": 1, "Plan Width": 24, "Inner Unique": false, "Plans": [{"Node Type": "Seq Scan", "Parent Relationship": "Outer", "Relation Name": "customer", "Alias": "customer", "Startup Cost": 0.0, "Total Cost": 76501.0, "Plan Rows": 17500, "Plan Width": 32, "Filter": "((c_acctbal > $0) AND (\"substring\"((c_phone)::text, 1, 2) = ANY ('{20,40,22,30,39,42,21}'::text[])))"}, {"Node Type": "Index Only Scan", "Parent Relationship": "Inner", "Scan Direction": "Forward", "Index Name": "idx_orders_custkey", "Relation Name": "orders", "Alias": "orders", "Startup Cost": 0.0, "Total Cost": 3.79, "Plan Rows": 4, "Plan Width": 8, "Index Cond": "(o_custkey = public.customer.c_custkey)"}]}]}]}, "Unique SQL Id": 2798552886}, "explain_analyze_plan": {"Plan": {"Node Type": "Aggregate", "Strategy": "Sorted", "Startup Cost": 178853.65, "Total Cost": 178853.67, "Plan Rows": 1, "Plan Width": 40, "Actual Startup Time": 3881.351, "Actual Total Time": 3891.855, "Actual Rows": 4, "Actual Loops": 1, "Group By Key": ["(\"substring\"((public.customer.c_phone)::text, 1, 2))"], "Plans": [{"Node Type": "Aggregate", "Strategy": "Plain", "Parent Relationship": "exec_init_plan", "Subplan Name": "InitPlan 1 (returns $0)", "Startup Cost": 76620.14, "Total Cost": 76620.15, "Plan Rows": 1, "Plan Width": 40, "Actual Startup Time": 2010.36, "Actual Total Time": 2010.361, "Actual Rows": 1, "Actual Loops": 1, "Plans": [{"Node Type": "Seq Scan", "Parent Relationship": "Outer", "Relation Name": "customer", "Alias": "customer", "Startup Cost": 12.98, "Total Cost": 76501.0, "Plan Rows": 47655, "Plan Width": 8, "Actual Startup Time": 0.029, "Actual Total Time": 1914.702, "Actual Rows": 218121, "Actual Loops": 1, "Filter": "((c_acctbal > 0::double precision) AND (\"substring\"((c_phone)::text, 1, 2) = ANY ('{20,40,22,30,39,42,21}'::text[])))", "Rows Removed by Filter": 1281879}]}, {"Node Type": "Sort", "Parent Relationship": "Outer", "Startup Cost": 102233.5, "Total Cost": 102233.5, "Plan Rows": 1, "Plan Width": 24, "Actual Startup Time": 3877.781, "Actual Total Time": 3881.447, "Actual Rows": 36604, "Actual Loops": 1, "Sort Key": ["(\"substring\"((public.customer.c_phone)::text, 1, 2))"], "Sort Method": "quicksort", "Sort Space Used": 4968, "Sort Space Type": "Memory", "Plans": [{"Node Type": "Nested Loop", "Parent Relationship": "Outer", "Join Type": "Anti", "Startup Cost": 0.0, "Total Cost": 102233.49, "Plan Rows": 1, "Plan Width": 24, "Actual Startup Time": 2010.457, "Actual Total Time": 3857.027, "Actual Rows": 36604, "Actual Loops": 1, "Inner Unique": false, "Plans": [{"Node Type": "Seq Scan", "Parent Relationship": "Outer", "Relation Name": "customer", "Alias": "customer", "Startup Cost": 0.0, "Total Cost": 76501.0, "Plan Rows": 17500, "Plan Width": 32, "Actual Startup Time": 2010.414, "Actual Total Time": 3294.32, "Actual Rows": 109197, "Actual Loops": 1, "Filter": "((c_acctbal > $0) AND (\"substring\"((c_phone)::text, 1, 2) = ANY ('{20,40,22,30,39,42,21}'::text[])))", "Rows Removed by Filter": 1390803}, {"Node Type": "Index Only Scan", "Parent Relationship": "Inner", "Scan Direction": "Forward", "Index Name": "idx_orders_custkey", "Relation Name": "orders", "Alias": "orders", "Startup Cost": 0.0, "Total Cost": 3.79, "Plan Rows": 4, "Plan Width": 8, "Actual Startup Time": 460.774, "Actual Total Time": 460.774, "Actual Rows": 72593, "Actual Loops": 109197, "Index Cond": "(o_custkey = public.customer.c_custkey)", "Rows Removed by Index Recheck": 0, "Heap Fetches": 0}]}]}]}, "Triggers": [], "Planner Runtime": 0.607, "Total Runtime": 3892.138, "Unique SQL Id": 2798552886}}, "(1, 81)": {"explain_plan": {"Plan": {"Node Type": "Aggregate", "Strategy": "Sorted", "Startup Cost": 1000007781092.0, "Total Cost": 1000007781092.03, "Plan Rows": 1, "Plan Width": 40, "Group By Key": ["(\"substring\"((public.customer.c_phone)::text, 1, 2))"], "Plans": [{"Node Type": "Aggregate", "Strategy": "Plain", "Parent Relationship": "exec_init_plan", "Subplan Name": "InitPlan 1 (returns $0)", "Startup Cost": 1000007650219.14, "Total Cost": 1000007650219.15, "Plan Rows": 1, "Plan Width": 40, "Plans": [{"Node Type": "Seq Scan", "Parent Relationship": "Outer", "Relation Name": "customer", "Alias": "customer", "Startup Cost": 10000000012.75, "Total Cost": 1000007650100.0, "Plan Rows": 47655, "Plan Width": 8, "Filter": "((c_acctbal > 0::double precision) AND (\"substring\"((c_phone)::text, 1, 2) = ANY ('{20,40,22,30,39,42,21}'::text[])))"}]}, {"Node Type": "Sort", "Parent Relationship": "Outer", "Startup Cost": 130872.85, "Total Cost": 130872.86, "Plan Rows": 1, "Plan Width": 24, "Sort Key": ["(\"substring\"((public.customer.c_phone)::text, 1, 2))"], "Plans": [{"Node Type": "Nested Loop", "Parent Relationship": "Outer", "Join Type": "Anti", "Startup Cost": 0.0, "Total Cost": 130872.84, "Plan Rows": 1, "Plan Width": 24, "Inner Unique": false, "Plans": [{"Node Type": "Index Scan", "Parent Relationship": "Outer", "Scan Direction": "Forward", "Index Name": "customer_pkey", "Relation Name": "customer", "Alias": "customer", "Startup Cost": 0.0, "Total Cost": 105140.36, "Plan Rows": 17500, "Plan Width": 32, "Filter": "((c_acctbal > $0) AND (\"substring\"((c_phone)::text, 1, 2) = ANY ('{20,40,22,30,39,42,21}'::text[])))"}, {"Node Type": "Index Only Scan", "Parent Relationship": "Inner", "Scan Direction": "Forward", "Index Name": "idx_orders_custkey", "Relation Name": "orders", "Alias": "orders", "Startup Cost": 0.0, "Total Cost": 3.79, "Plan Rows": 4, "Plan Width": 8, "Index Cond": "(o_custkey = public.customer.c_custkey)"}]}]}]}, "Unique SQL Id": 2798552886}, "explain_analyze_plan": {"Plan": {"Node Type": "Aggregate", "Strategy": "Sorted", "Startup Cost": 1000007781092.0, "Total Cost": 1000007781092.03, "Plan Rows": 1, "Plan Width": 40, "Actual Startup Time": 4453.89, "Actual Total Time": 4464.091, "Actual Rows": 4, "Actual Loops": 1, "Group By Key": ["(\"substring\"((public.customer.c_phone)::text, 1, 2))"], "Plans": [{"Node Type": "Aggregate", "Strategy": "Plain", "Parent Relationship": "exec_init_plan", "Subplan Name": "InitPlan 1 (returns $0)", "Startup Cost": 1000007650219.14, "Total Cost": 1000007650219.15, "Plan Rows": 1, "Plan Width": 40, "Actual Startup Time": 1990.397, "Actual Total Time": 1990.398, "Actual Rows": 1, "Actual Loops": 1, "Plans": [{"Node Type": "Seq Scan", "Parent Relationship": "Outer", "Relation Name": "customer", "Alias": "customer", "Startup Cost": 10000000012.75, "Total Cost": 1000007650100.0, "Plan Rows": 47655, "Plan Width": 8, "Actual Startup Time": 0.036, "Actual Total Time": 1895.081, "Actual Rows": 218121, "Actual Loops": 1, "Filter": "((c_acctbal > 0::double precision) AND (\"substring\"((c_phone)::text, 1, 2) = ANY ('{20,40,22,30,39,42,21}'::text[])))", "Rows Removed by Filter": 1281879}]}, {"Node Type": "Sort", "Parent Relationship": "Outer", "Startup Cost": 130872.85, "Total Cost": 130872.86, "Plan Rows": 1, "Plan Width": 24, "Actual Startup Time": 4450.398, "Actual Total Time": 4453.934, "Actual Rows": 36604, "Actual Loops": 1, "Sort Key": ["(\"substring\"((public.customer.c_phone)::text, 1, 2))"], "Sort Method": "quicksort", "Sort Space Used": 4968, "Sort Space Type": "Memory", "Plans": [{"Node Type": "Nested Loop", "Parent Relationship": "Outer", "Join Type": "Anti", "Startup Cost": 0.0, "Total Cost": 130872.84, "Plan Rows": 1, "Plan Width": 24, "Actual Startup Time": 1990.521, "Actual Total Time": 4429.799, "Actual Rows": 36604, "Actual Loops": 1, "Inner Unique": false, "Plans": [{"Node Type": "Index Scan", "Parent Relationship": "Outer", "Scan Direction": "Forward", "Index Name": "customer_pkey", "Relation Name": "customer", "Alias": "customer", "Startup Cost": 0.0, "Total Cost": 105140.36, "Plan Rows": 17500, "Plan Width": 32, "Actual Startup Time": 1990.477, "Actual Total Time": 3857.715, "Actual Rows": 109197, "Actual Loops": 1, "Filter": "((c_acctbal > $0) AND (\"substring\"((c_phone)::text, 1, 2) = ANY ('{20,40,22,30,39,42,21}'::text[])))", "Rows Removed by Filter": 1390803}, {"Node Type": "Index Only Scan", "Parent Relationship": "Inner", "Scan Direction": "Forward", "Index Name": "idx_orders_custkey", "Relation Name": "orders", "Alias": "orders", "Startup Cost": 0.0, "Total Cost": 3.79, "Plan Rows": 4, "Plan Width": 8, "Actual Startup Time": 469.636, "Actual Total Time": 469.636, "Actual Rows": 72593, "Actual Loops": 109197, "Index Cond": "(o_custkey = public.customer.c_custkey)", "Rows Removed by Index Recheck": 0, "Heap Fetches": 0}]}]}]}, "Triggers": [], "Planner Runtime": 0.607, "Total Runtime": 4464.404, "Unique SQL Id": 2798552886}}, "(1, 82)": {"explain_plan": {"Plan": {"Node Type": "Aggregate", "Strategy": "Sorted", "Startup Cost": 326543.86, "Total Cost": 326543.89, "Plan Rows": 1, "Plan Width": 40, "Group By Key": ["(\"substring\"((public.customer.c_phone)::text, 1, 2))"], "Plans": [{"Node Type": "Aggregate", "Strategy": "Plain", "Parent Relationship": "exec_init_plan", "Subplan Name": "InitPlan 1 (returns $0)", "Startup Cost": 76620.14, "Total Cost": 76620.15, "Plan Rows": 1, "Plan Width": 40, "Plans": [{"Node Type": "Seq Scan", "Parent Relationship": "Outer", "Relation Name": "customer", "Alias": "customer", "Startup Cost": 12.98, "Total Cost": 76501.0, "Plan Rows": 47655, "Plan Width": 8, "Filter": "((c_acctbal > 0::double precision) AND (\"substring\"((c_phone)::text, 1, 2) = ANY ('{20,40,22,30,39,42,21}'::text[])))"}]}, {"Node Type": "Sort", "Parent Relationship": "Outer", "Startup Cost": 249923.71, "Total Cost": 249923.72, "Plan Rows": 1, "Plan Width": 24, "Sort Key": ["(\"substring\"((public.customer.c_phone)::text, 1, 2))"], "Plans": [{"Node Type": "Nested Loop", "Parent Relationship": "Outer", "Join Type": "Anti", "Startup Cost": 3.75, "Total Cost": 249923.7, "Plan Rows": 1, "Plan Width": 24, "Inner Unique": false, "Plans": [{"Node Type": "Seq Scan", "Parent Relationship": "Outer", "Relation Name": "customer", "Alias": "customer", "Startup Cost": 0.0, "Total Cost": 76501.0, "Plan Rows": 17500, "Plan Width": 32, "Filter": "((c_acctbal > $0) AND (\"substring\"((c_phone)::text, 1, 2) = ANY ('{20,40,22,30,39,42,21}'::text[])))"}, {"Node Type": "Bitmap Heap Scan", "Parent Relationship": "Inner", "Relation Name": "orders", "Alias": "orders", "Startup Cost": 3.75, "Total Cost": 19.76, "Plan Rows": 4, "Plan Width": 8, "Recheck Cond": "(o_custkey = public.customer.c_custkey)", "Plans": [{"Node Type": "Bitmap Index Scan", "Parent Relationship": "Outer", "Index Name": "idx_orders_custkey", "Startup Cost": 0.0, "Total Cost": 3.75, "Plan Rows": 4, "Plan Width": 0, "Index Cond": "(o_custkey = public.customer.c_custkey)"}]}]}]}]}, "Unique SQL Id": 2798552886}, "explain_analyze_plan": {"Plan": {"Node Type": "Aggregate", "Strategy": "Sorted", "Startup Cost": 326543.86, "Total Cost": 326543.89, "Plan Rows": 1, "Plan Width": 40, "Actual Startup Time": 4467.914, "Actual Total Time": 4478.319, "Actual Rows": 4, "Actual Loops": 1, "Group By Key": ["(\"substring\"((public.customer.c_phone)::text, 1, 2))"], "Plans": [{"Node Type": "Aggregate", "Strategy": "Plain", "Parent Relationship": "exec_init_plan", "Subplan Name": "InitPlan 1 (returns $0)", "Startup Cost": 76620.14, "Total Cost": 76620.15, "Plan Rows": 1, "Plan Width": 40, "Actual Startup Time": 1998.25, "Actual Total Time": 1998.25, "Actual Rows": 1, "Actual Loops": 1, "Plans": [{"Node Type": "Seq Scan", "Parent Relationship": "Outer", "Relation Name": "customer", "Alias": "customer", "Startup Cost": 12.98, "Total Cost": 76501.0, "Plan Rows": 47655, "Plan Width": 8, "Actual Startup Time": 0.027, "Actual Total Time": 1903.14, "Actual Rows": 218121, "Actual Loops": 1, "Filter": "((c_acctbal > 0::double precision) AND (\"substring\"((c_phone)::text, 1, 2) = ANY ('{20,40,22,30,39,42,21}'::text[])))", "Rows Removed by Filter": 1281879}]}, {"Node Type": "Sort", "Parent Relationship": "Outer", "Startup Cost": 249923.71, "Total Cost": 249923.72, "Plan Rows": 1, "Plan Width": 24, "Actual Startup Time": 4464.389, "Actual Total Time": 4467.967, "Actual Rows": 36604, "Actual Loops": 1, "Sort Key": ["(\"substring\"((public.customer.c_phone)::text, 1, 2))"], "Sort Method": "quicksort", "Sort Space Used": 4968, "Sort Space Type": "Memory", "Plans": [{"Node Type": "Nested Loop", "Parent Relationship": "Outer", "Join Type": "Anti", "Startup Cost": 3.75, "Total Cost": 249923.7, "Plan Rows": 1, "Plan Width": 24, "Actual Startup Time": 1998.373, "Actual Total Time": 4442.474, "Actual Rows": 36604, "Actual Loops": 1, "Inner Unique": false, "Plans": [{"Node Type": "Seq Scan", "Parent Relationship": "Outer", "Relation Name": "customer", "Alias": "customer", "Startup Cost": 0.0, "Total Cost": 76501.0, "Plan Rows": 17500, "Plan Width": 32, "Actual Startup Time": 1998.311, "Actual Total Time": 3303.891, "Actual Rows": 109197, "Actual Loops": 1, "Filter": "((c_acctbal > $0) AND (\"substring\"((c_phone)::text, 1, 2) = ANY ('{20,40,22,30,39,42,21}'::text[])))", "Rows Removed by Filter": 1390803}, {"Node Type": "Bitmap Heap Scan", "Parent Relationship": "Inner", "Relation Name": "orders", "Alias": "orders", "Startup Cost": 3.75, "Total Cost": 19.76, "Plan Rows": 4, "Plan Width": 8, "Actual Startup Time": 951.823, "Actual Total Time": 951.823, "Actual Rows": 72593, "Actual Loops": 109197, "Recheck Cond": "(o_custkey = public.customer.c_custkey)", "Rows Removed by Index Recheck": 0, "Exact Heap Blocks": 72593, "Lossy Heap Blocks": 72593, "Plans": [{"Node Type": "Bitmap Index Scan", "Parent Relationship": "Outer", "Index Name": "idx_orders_custkey", "Startup Cost": 0.0, "Total Cost": 3.75, "Plan Rows": 4, "Plan Width": 0, "Actual Startup Time": 597.509, "Actual Total Time": 597.509, "Actual Rows": 1091631, "Actual Loops": 109197, "Index Cond": "(o_custkey = public.customer.c_custkey)"}]}]}]}]}, "Triggers": [], "Planner Runtime": 0.604, "Total Runtime": 4478.631, "Unique SQL Id": 2798552886}}, "(1, 83)": {"explain_plan": {"Plan": {"Node Type": "Aggregate", "Strategy": "Sorted", "Startup Cost": 2000018337677.48, "Total Cost": 2000018337677.51, "Plan Rows": 1, "Plan Width": 40, "Group By Key": ["(\"substring\"((public.customer.c_phone)::text, 1, 2))"], "Plans": [{"Node Type": "Aggregate", "Strategy": "Plain", "Parent Relationship": "exec_init_plan", "Subplan Name": "InitPlan 1 (returns $0)", "Startup Cost": 1000007650219.14, "Total Cost": 1000007650219.15, "Plan Rows": 1, "Plan Width": 40, "Plans": [{"Node Type": "Seq Scan", "Parent Relationship": "Outer", "Relation Name": "customer", "Alias": "customer", "Startup Cost": 10000000012.75, "Total Cost": 1000007650100.0, "Plan Rows": 47655, "Plan Width": 8, "Filter": "((c_acctbal > 0::double precision) AND (\"substring\"((c_phone)::text, 1, 2) = ANY ('{20,40,22,30,39,42,21}'::text[])))"}]}, {"Node Type": "Sort", "Parent Relationship": "Outer", "Startup Cost": 1000010687458.33, "Total Cost": 1000010687458.34, "Plan Rows": 1, "Plan Width": 24, "Sort Key": ["(\"substring\"((public.customer.c_phone)::text, 1, 2))"], "Plans": [{"Node Type": "Nested Loop", "Parent Relationship": "Outer", "Join Type": "Anti", "Startup Cost": 10000000003.75, "Total Cost": 1000010687458.32, "Plan Rows": 1, "Plan Width": 24, "Inner Unique": false, "Plans": [{"Node Type": "Index Scan", "Parent Relationship": "Outer", "Scan Direction": "Forward", "Index Name": "customer_pkey", "Relation Name": "customer", "Alias": "customer", "Startup Cost": 10000000000.0, "Total Cost": 1000010514035.62, "Plan Rows": 17500, "Plan Width": 32, "Filter": "((c_acctbal > $0) AND (\"substring\"((c_phone)::text, 1, 2) = ANY ('{20,40,22,30,39,42,21}'::text[])))"}, {"Node Type": "Bitmap Heap Scan", "Parent Relationship": "Inner", "Relation Name": "orders", "Alias": "orders", "Startup Cost": 3.75, "Total Cost": 19.76, "Plan Rows": 4, "Plan Width": 8, "Recheck Cond": "(o_custkey = public.customer.c_custkey)", "Plans": [{"Node Type": "Bitmap Index Scan", "Parent Relationship": "Outer", "Index Name": "idx_orders_custkey", "Startup Cost": 0.0, "Total Cost": 3.75, "Plan Rows": 4, "Plan Width": 0, "Index Cond": "(o_custkey = public.customer.c_custkey)"}]}]}]}]}, "Unique SQL Id": 2798552886}, "explain_analyze_plan": {"Plan": {"Node Type": "Aggregate", "Strategy": "Sorted", "Startup Cost": 2000018337677.48, "Total Cost": 2000018337677.51, "Plan Rows": 1, "Plan Width": 40, "Actual Startup Time": 4938.481, "Actual Total Time": 4948.912, "Actual Rows": 4, "Actual Loops": 1, "Group By Key": ["(\"substring\"((public.customer.c_phone)::text, 1, 2))"], "Plans": [{"Node Type": "Aggregate", "Strategy": "Plain", "Parent Relationship": "exec_init_plan", "Subplan Name": "InitPlan 1 (returns $0)", "Startup Cost": 1000007650219.14, "Total Cost": 1000007650219.15, "Plan Rows": 1, "Plan Width": 40, "Actual Startup Time": 1989.173, "Actual Total Time": 1989.174, "Actual Rows": 1, "Actual Loops": 1, "Plans": [{"Node Type": "Seq Scan", "Parent Relationship": "Outer", "Relation Name": "customer", "Alias": "customer", "Startup Cost": 10000000012.75, "Total Cost": 1000007650100.0, "Plan Rows": 47655, "Plan Width": 8, "Actual Startup Time": 0.032, "Actual Total Time": 1894.45, "Actual Rows": 218121, "Actual Loops": 1, "Filter": "((c_acctbal > 0::double precision) AND (\"substring\"((c_phone)::text, 1, 2) = ANY ('{20,40,22,30,39,42,21}'::text[])))", "Rows Removed by Filter": 1281879}]}, {"Node Type": "Sort", "Parent Relationship": "Outer", "Startup Cost": 1000010687458.33, "Total Cost": 1000010687458.34, "Plan Rows": 1, "Plan Width": 24, "Actual Startup Time": 4934.953, "Actual Total Time": 4938.537, "Actual Rows": 36604, "Actual Loops": 1, "Sort Key": ["(\"substring\"((public.customer.c_phone)::text, 1, 2))"], "Sort Method": "quicksort", "Sort Space Used": 4968, "Sort Space Type": "Memory", "Plans": [{"Node Type": "Nested Loop", "Parent Relationship": "Outer", "Join Type": "Anti", "Startup Cost": 10000000003.75, "Total Cost": 1000010687458.32, "Plan Rows": 1, "Plan Width": 24, "Actual Startup Time": 1989.319, "Actual Total Time": 4912.858, "Actual Rows": 36604, "Actual Loops": 1, "Inner Unique": false, "Plans": [{"Node Type": "Index Scan", "Parent Relationship": "Outer", "Scan Direction": "Forward", "Index Name": "customer_pkey", "Relation Name": "customer", "Alias": "customer", "Startup Cost": 10000000000.0, "Total Cost": 1000010514035.62, "Plan Rows": 17500, "Plan Width": 32, "Actual Startup Time": 1989.251, "Actual Total Time": 3801.63, "Actual Rows": 109197, "Actual Loops": 1, "Filter": "((c_acctbal > $0) AND (\"substring\"((c_phone)::text, 1, 2) = ANY ('{20,40,22,30,39,42,21}'::text[])))", "Rows Removed by Filter": 1390803}, {"Node Type": "Bitmap Heap Scan", "Parent Relationship": "Inner", "Relation Name": "orders", "Alias": "orders", "Startup Cost": 3.75, "Total Cost": 19.76, "Plan Rows": 4, "Plan Width": 8, "Actual Startup Time": 921.241, "Actual Total Time": 921.241, "Actual Rows": 72593, "Actual Loops": 109197, "Recheck Cond": "(o_custkey = public.customer.c_custkey)", "Rows Removed by Index Recheck": 0, "Exact Heap Blocks": 72593, "Lossy Heap Blocks": 72593, "Plans": [{"Node Type": "Bitmap Index Scan", "Parent Relationship": "Outer", "Index Name": "idx_orders_custkey", "Startup Cost": 0.0, "Total Cost": 3.75, "Plan Rows": 4, "Plan Width": 0, "Actual Startup Time": 578.575, "Actual Total Time": 578.575, "Actual Rows": 1091631, "Actual Loops": 109197, "Index Cond": "(o_custkey = public.customer.c_custkey)"}]}]}]}]}, "Triggers": [], "Planner Runtime": 0.609, "Total Runtime": 4949.194, "Unique SQL Id": 2798552886}}, "(1, 84)": {"explain_plan": {"Plan": {"Node Type": "Aggregate", "Strategy": "Sorted", "Startup Cost": 274230.77, "Total Cost": 274230.8, "Plan Rows": 1, "Plan Width": 40, "Group By Key": ["(\"substring\"((public.customer.c_phone)::text, 1, 2))"], "Plans": [{"Node Type": "Aggregate", "Strategy": "Plain", "Parent Relationship": "exec_init_plan", "Subplan Name": "InitPlan 1 (returns $0)", "Startup Cost": 76620.14, "Total Cost": 76620.15, "Plan Rows": 1, "Plan Width": 40, "Plans": [{"Node Type": "Seq Scan", "Parent Relationship": "Outer", "Relation Name": "customer", "Alias": "customer", "Startup Cost": 12.98, "Total Cost": 76501.0, "Plan Rows": 47655, "Plan Width": 8, "Filter": "((c_acctbal > 0::double precision) AND (\"substring\"((c_phone)::text, 1, 2) = ANY ('{20,40,22,30,39,42,21}'::text[])))"}]}, {"Node Type": "Sort", "Parent Relationship": "Outer", "Startup Cost": 197610.62, "Total Cost": 197610.62, "Plan Rows": 1, "Plan Width": 24, "Sort Key": ["(\"substring\"((public.customer.c_phone)::text, 1, 2))"], "Plans": [{"Node Type": "Nested Loop", "Parent Relationship": "Outer", "Join Type": "Anti", "Startup Cost": 0.0, "Total Cost": 197610.61, "Plan Rows": 1, "Plan Width": 24, "Inner Unique": false, "Plans": [{"Node Type": "Seq Scan", "Parent Relationship": "Outer", "Relation Name": "customer", "Alias": "customer", "Startup Cost": 0.0, "Total Cost": 76501.0, "Plan Rows": 17500, "Plan Width": 32, "Filter": "((c_acctbal > $0) AND (\"substring\"((c_phone)::text, 1, 2) = ANY ('{20,40,22,30,39,42,21}'::text[])))"}, {"Node Type": "Index Scan", "Parent Relationship": "Inner", "Scan Direction": "Forward", "Index Name": "idx_orders_custkey", "Relation Name": "orders", "Alias": "orders", "Startup Cost": 0.0, "Total Cost": 17.99, "Plan Rows": 4, "Plan Width": 8, "Index Cond": "(o_custkey = public.customer.c_custkey)"}]}]}]}, "Unique SQL Id": 2798552886}, "explain_analyze_plan": {"Plan": {"Node Type": "Aggregate", "Strategy": "Sorted", "Startup Cost": 274230.77, "Total Cost": 274230.8, "Plan Rows": 1, "Plan Width": 40, "Actual Startup Time": 4066.361, "Actual Total Time": 4076.734, "Actual Rows": 4, "Actual Loops": 1, "Group By Key": ["(\"substring\"((public.customer.c_phone)::text, 1, 2))"], "Plans": [{"Node Type": "Aggregate", "Strategy": "Plain", "Parent Relationship": "exec_init_plan", "Subplan Name": "InitPlan 1 (returns $0)", "Startup Cost": 76620.14, "Total Cost": 76620.15, "Plan Rows": 1, "Plan Width": 40, "Actual Startup Time": 1991.742, "Actual Total Time": 1991.742, "Actual Rows": 1, "Actual Loops": 1, "Plans": [{"Node Type": "Seq Scan", "Parent Relationship": "Outer", "Relation Name": "customer", "Alias": "customer", "Startup Cost": 12.98, "Total Cost": 76501.0, "Plan Rows": 47655, "Plan Width": 8, "Actual Startup Time": 0.028, "Actual Total Time": 1896.339, "Actual Rows": 218121, "Actual Loops": 1, "Filter": "((c_acctbal > 0::double precision) AND (\"substring\"((c_phone)::text, 1, 2) = ANY ('{20,40,22,30,39,42,21}'::text[])))", "Rows Removed by Filter": 1281879}]}, {"Node Type": "Sort", "Parent Relationship": "Outer", "Startup Cost": 197610.62, "Total Cost": 197610.62, "Plan Rows": 1, "Plan Width": 24, "Actual Startup Time": 4062.845, "Actual Total Time": 4066.44, "Actual Rows": 36604, "Actual Loops": 1, "Sort Key": ["(\"substring\"((public.customer.c_phone)::text, 1, 2))"], "Sort Method": "quicksort", "Sort Space Used": 4968, "Sort Space Type": "Memory", "Plans": [{"Node Type": "Nested Loop", "Parent Relationship": "Outer", "Join Type": "Anti", "Startup Cost": 0.0, "Total Cost": 197610.61, "Plan Rows": 1, "Plan Width": 24, "Actual Startup Time": 1991.84, "Actual Total Time": 4041.643, "Actual Rows": 36604, "Actual Loops": 1, "Inner Unique": false, "Plans": [{"Node Type": "Seq Scan", "Parent Relationship": "Outer", "Relation Name": "customer", "Alias": "customer", "Startup Cost": 0.0, "Total Cost": 76501.0, "Plan Rows": 17500, "Plan Width": 32, "Actual Startup Time": 1991.803, "Actual Total Time": 3287.835, "Actual Rows": 109197, "Actual Loops": 1, "Filter": "((c_acctbal > $0) AND (\"substring\"((c_phone)::text, 1, 2) = ANY ('{20,40,22,30,39,42,21}'::text[])))", "Rows Removed by Filter": 1390803}, {"Node Type": "Index Scan", "Parent Relationship": "Inner", "Scan Direction": "Forward", "Index Name": "idx_orders_custkey", "Relation Name": "orders", "Alias": "orders", "Startup Cost": 0.0, "Total Cost": 17.99, "Plan Rows": 4, "Plan Width": 8, "Actual Startup Time": 644.787, "Actual Total Time": 644.787, "Actual Rows": 72593, "Actual Loops": 109197, "Index Cond": "(o_custkey = public.customer.c_custkey)", "Rows Removed by Index Recheck": 0}]}]}]}, "Triggers": [], "Planner Runtime": 0.602, "Total Runtime": 4077.007, "Unique SQL Id": 2798552886}}, "(1, 85)": {"explain_plan": {"Plan": {"Node Type": "Aggregate", "Strategy": "Sorted", "Startup Cost": 1000007876469.13, "Total Cost": 1000007876469.15, "Plan Rows": 1, "Plan Width": 40, "Group By Key": ["(\"substring\"((public.customer.c_phone)::text, 1, 2))"], "Plans": [{"Node Type": "Aggregate", "Strategy": "Plain", "Parent Relationship": "exec_init_plan", "Subplan Name": "InitPlan 1 (returns $0)", "Startup Cost": 1000007650219.14, "Total Cost": 1000007650219.15, "Plan Rows": 1, "Plan Width": 40, "Plans": [{"Node Type": "Seq Scan", "Parent Relationship": "Outer", "Relation Name": "customer", "Alias": "customer", "Startup Cost": 10000000012.75, "Total Cost": 1000007650100.0, "Plan Rows": 47655, "Plan Width": 8, "Filter": "((c_acctbal > 0::double precision) AND (\"substring\"((c_phone)::text, 1, 2) = ANY ('{20,40,22,30,39,42,21}'::text[])))"}]}, {"Node Type": "Sort", "Parent Relationship": "Outer", "Startup Cost": 226249.98, "Total Cost": 226249.98, "Plan Rows": 1, "Plan Width": 24, "Sort Key": ["(\"substring\"((public.customer.c_phone)::text, 1, 2))"], "Plans": [{"Node Type": "Nested Loop", "Parent Relationship": "Outer", "Join Type": "Anti", "Startup Cost": 0.0, "Total Cost": 226249.97, "Plan Rows": 1, "Plan Width": 24, "Inner Unique": false, "Plans": [{"Node Type": "Index Scan", "Parent Relationship": "Outer", "Scan Direction": "Forward", "Index Name": "customer_pkey", "Relation Name": "customer", "Alias": "customer", "Startup Cost": 0.0, "Total Cost": 105140.36, "Plan Rows": 17500, "Plan Width": 32, "Filter": "((c_acctbal > $0) AND (\"substring\"((c_phone)::text, 1, 2) = ANY ('{20,40,22,30,39,42,21}'::text[])))"}, {"Node Type": "Index Scan", "Parent Relationship": "Inner", "Scan Direction": "Forward", "Index Name": "idx_orders_custkey", "Relation Name": "orders", "Alias": "orders", "Startup Cost": 0.0, "Total Cost": 17.99, "Plan Rows": 4, "Plan Width": 8, "Index Cond": "(o_custkey = public.customer.c_custkey)"}]}]}]}, "Unique SQL Id": 2798552886}, "explain_analyze_plan": {"Plan": {"Node Type": "Aggregate", "Strategy": "Sorted", "Startup Cost": 1000007876469.13, "Total Cost": 1000007876469.15, "Plan Rows": 1, "Plan Width": 40, "Actual Startup Time": 4435.834, "Actual Total Time": 4446.26, "Actual Rows": 4, "Actual Loops": 1, "Group By Key": ["(\"substring\"((public.customer.c_phone)::text, 1, 2))"], "Plans": [{"Node Type": "Aggregate", "Strategy": "Plain", "Parent Relationship": "exec_init_plan", "Subplan Name": "InitPlan 1 (returns $0)", "Startup Cost": 1000007650219.14, "Total Cost": 1000007650219.15, "Plan Rows": 1, "Plan Width": 40, "Actual Startup Time": 1997.317, "Actual Total Time": 1997.317, "Actual Rows": 1, "Actual Loops": 1, "Plans": [{"Node Type": "Seq Scan", "Parent Relationship": "Outer", "Relation Name": "customer", "Alias": "customer", "Startup Cost": 10000000012.75, "Total Cost": 1000007650100.0, "Plan Rows": 47655, "Plan Width": 8, "Actual Startup Time": 0.038, "Actual Total Time": 1901.983, "Actual Rows": 218121, "Actual Loops": 1, "Filter": "((c_acctbal > 0::double precision) AND (\"substring\"((c_phone)::text, 1, 2) = ANY ('{20,40,22,30,39,42,21}'::text[])))", "Rows Removed by Filter": 1281879}]}, {"Node Type": "Sort", "Parent Relationship": "Outer", "Startup Cost": 226249.98, "Total Cost": 226249.98, "Plan Rows": 1, "Plan Width": 24, "Actual Startup Time": 4432.31, "Actual Total Time": 4435.843, "Actual Rows": 36604, "Actual Loops": 1, "Sort Key": ["(\"substring\"((public.customer.c_phone)::text, 1, 2))"], "Sort Method": "quicksort", "Sort Space Used": 4968, "Sort Space Type": "Memory", "Plans": [{"Node Type": "Nested Loop", "Parent Relationship": "Outer", "Join Type": "Anti", "Startup Cost": 0.0, "Total Cost": 226249.97, "Plan Rows": 1, "Plan Width": 24, "Actual Startup Time": 1997.433, "Actual Total Time": 4411.89, "Actual Rows": 36604, "Actual Loops": 1, "Inner Unique": false, "Plans": [{"Node Type": "Index Scan", "Parent Relationship": "Outer", "Scan Direction": "Forward", "Index Name": "customer_pkey", "Relation Name": "customer", "Alias": "customer", "Startup Cost": 0.0, "Total Cost": 105140.36, "Plan Rows": 17500, "Plan Width": 32, "Actual Startup Time": 1997.392, "Actual Total Time": 3747.515, "Actual Rows": 109197, "Actual Loops": 1, "Filter": "((c_acctbal > $0) AND (\"substring\"((c_phone)::text, 1, 2) = ANY ('{20,40,22,30,39,42,21}'::text[])))", "Rows Removed by Filter": 1390803}, {"Node Type": "Index Scan", "Parent Relationship": "Inner", "Scan Direction": "Forward", "Index Name": "idx_orders_custkey", "Relation Name": "orders", "Alias": "orders", "Startup Cost": 0.0, "Total Cost": 17.99, "Plan Rows": 4, "Plan Width": 8, "Actual Startup Time": 555.838, "Actual Total Time": 555.838, "Actual Rows": 72593, "Actual Loops": 109197, "Index Cond": "(o_custkey = public.customer.c_custkey)", "Rows Removed by Index Recheck": 0}]}]}]}, "Triggers": [], "Planner Runtime": 0.606, "Total Runtime": 4446.572, "Unique SQL Id": 2798552886}}, "(1, 86)": {"explain_plan": {"Plan": {"Node Type": "Aggregate", "Strategy": "Sorted", "Startup Cost": 326543.86, "Total Cost": 326543.89, "Plan Rows": 1, "Plan Width": 40, "Group By Key": ["(\"substring\"((public.customer.c_phone)::text, 1, 2))"], "Plans": [{"Node Type": "Aggregate", "Strategy": "Plain", "Parent Relationship": "exec_init_plan", "Subplan Name": "InitPlan 1 (returns $0)", "Startup Cost": 76620.14, "Total Cost": 76620.15, "Plan Rows": 1, "Plan Width": 40, "Plans": [{"Node Type": "Seq Scan", "Parent Relationship": "Outer", "Relation Name": "customer", "Alias": "customer", "Startup Cost": 12.98, "Total Cost": 76501.0, "Plan Rows": 47655, "Plan Width": 8, "Filter": "((c_acctbal > 0::double precision) AND (\"substring\"((c_phone)::text, 1, 2) = ANY ('{20,40,22,30,39,42,21}'::text[])))"}]}, {"Node Type": "Sort", "Parent Relationship": "Outer", "Startup Cost": 249923.71, "Total Cost": 249923.72, "Plan Rows": 1, "Plan Width": 24, "Sort Key": ["(\"substring\"((public.customer.c_phone)::text, 1, 2))"], "Plans": [{"Node Type": "Nested Loop", "Parent Relationship": "Outer", "Join Type": "Anti", "Startup Cost": 3.75, "Total Cost": 249923.7, "Plan Rows": 1, "Plan Width": 24, "Inner Unique": false, "Plans": [{"Node Type": "Seq Scan", "Parent Relationship": "Outer", "Relation Name": "customer", "Alias": "customer", "Startup Cost": 0.0, "Total Cost": 76501.0, "Plan Rows": 17500, "Plan Width": 32, "Filter": "((c_acctbal > $0) AND (\"substring\"((c_phone)::text, 1, 2) = ANY ('{20,40,22,30,39,42,21}'::text[])))"}, {"Node Type": "Bitmap Heap Scan", "Parent Relationship": "Inner", "Relation Name": "orders", "Alias": "orders", "Startup Cost": 3.75, "Total Cost": 19.76, "Plan Rows": 4, "Plan Width": 8, "Recheck Cond": "(o_custkey = public.customer.c_custkey)", "Plans": [{"Node Type": "Bitmap Index Scan", "Parent Relationship": "Outer", "Index Name": "idx_orders_custkey", "Startup Cost": 0.0, "Total Cost": 3.75, "Plan Rows": 4, "Plan Width": 0, "Index Cond": "(o_custkey = public.customer.c_custkey)"}]}]}]}]}, "Unique SQL Id": 2798552886}, "explain_analyze_plan": {"Plan": {"Node Type": "Aggregate", "Strategy": "Sorted", "Startup Cost": 326543.86, "Total Cost": 326543.89, "Plan Rows": 1, "Plan Width": 40, "Actual Startup Time": 4467.914, "Actual Total Time": 4478.319, "Actual Rows": 4, "Actual Loops": 1, "Group By Key": ["(\"substring\"((public.customer.c_phone)::text, 1, 2))"], "Plans": [{"Node Type": "Aggregate", "Strategy": "Plain", "Parent Relationship": "exec_init_plan", "Subplan Name": "InitPlan 1 (returns $0)", "Startup Cost": 76620.14, "Total Cost": 76620.15, "Plan Rows": 1, "Plan Width": 40, "Actual Startup Time": 1998.25, "Actual Total Time": 1998.25, "Actual Rows": 1, "Actual Loops": 1, "Plans": [{"Node Type": "Seq Scan", "Parent Relationship": "Outer", "Relation Name": "customer", "Alias": "customer", "Startup Cost": 12.98, "Total Cost": 76501.0, "Plan Rows": 47655, "Plan Width": 8, "Actual Startup Time": 0.027, "Actual Total Time": 1903.14, "Actual Rows": 218121, "Actual Loops": 1, "Filter": "((c_acctbal > 0::double precision) AND (\"substring\"((c_phone)::text, 1, 2) = ANY ('{20,40,22,30,39,42,21}'::text[])))", "Rows Removed by Filter": 1281879}]}, {"Node Type": "Sort", "Parent Relationship": "Outer", "Startup Cost": 249923.71, "Total Cost": 249923.72, "Plan Rows": 1, "Plan Width": 24, "Actual Startup Time": 4464.389, "Actual Total Time": 4467.967, "Actual Rows": 36604, "Actual Loops": 1, "Sort Key": ["(\"substring\"((public.customer.c_phone)::text, 1, 2))"], "Sort Method": "quicksort", "Sort Space Used": 4968, "Sort Space Type": "Memory", "Plans": [{"Node Type": "Nested Loop", "Parent Relationship": "Outer", "Join Type": "Anti", "Startup Cost": 3.75, "Total Cost": 249923.7, "Plan Rows": 1, "Plan Width": 24, "Actual Startup Time": 1998.373, "Actual Total Time": 4442.474, "Actual Rows": 36604, "Actual Loops": 1, "Inner Unique": false, "Plans": [{"Node Type": "Seq Scan", "Parent Relationship": "Outer", "Relation Name": "customer", "Alias": "customer", "Startup Cost": 0.0, "Total Cost": 76501.0, "Plan Rows": 17500, "Plan Width": 32, "Actual Startup Time": 1998.311, "Actual Total Time": 3303.891, "Actual Rows": 109197, "Actual Loops": 1, "Filter": "((c_acctbal > $0) AND (\"substring\"((c_phone)::text, 1, 2) = ANY ('{20,40,22,30,39,42,21}'::text[])))", "Rows Removed by Filter": 1390803}, {"Node Type": "Bitmap Heap Scan", "Parent Relationship": "Inner", "Relation Name": "orders", "Alias": "orders", "Startup Cost": 3.75, "Total Cost": 19.76, "Plan Rows": 4, "Plan Width": 8, "Actual Startup Time": 951.823, "Actual Total Time": 951.823, "Actual Rows": 72593, "Actual Loops": 109197, "Recheck Cond": "(o_custkey = public.customer.c_custkey)", "Rows Removed by Index Recheck": 0, "Exact Heap Blocks": 72593, "Lossy Heap Blocks": 72593, "Plans": [{"Node Type": "Bitmap Index Scan", "Parent Relationship": "Outer", "Index Name": "idx_orders_custkey", "Startup Cost": 0.0, "Total Cost": 3.75, "Plan Rows": 4, "Plan Width": 0, "Actual Startup Time": 597.509, "Actual Total Time": 597.509, "Actual Rows": 1091631, "Actual Loops": 109197, "Index Cond": "(o_custkey = public.customer.c_custkey)"}]}]}]}]}, "Triggers": [], "Planner Runtime": 0.604, "Total Runtime": 4478.631, "Unique SQL Id": 2798552886}}, "(1, 87)": {"explain_plan": {"Plan": {"Node Type": "Aggregate", "Strategy": "Sorted", "Startup Cost": 2000018337677.48, "Total Cost": 2000018337677.51, "Plan Rows": 1, "Plan Width": 40, "Group By Key": ["(\"substring\"((public.customer.c_phone)::text, 1, 2))"], "Plans": [{"Node Type": "Aggregate", "Strategy": "Plain", "Parent Relationship": "exec_init_plan", "Subplan Name": "InitPlan 1 (returns $0)", "Startup Cost": 1000007650219.14, "Total Cost": 1000007650219.15, "Plan Rows": 1, "Plan Width": 40, "Plans": [{"Node Type": "Seq Scan", "Parent Relationship": "Outer", "Relation Name": "customer", "Alias": "customer", "Startup Cost": 10000000012.75, "Total Cost": 1000007650100.0, "Plan Rows": 47655, "Plan Width": 8, "Filter": "((c_acctbal > 0::double precision) AND (\"substring\"((c_phone)::text, 1, 2) = ANY ('{20,40,22,30,39,42,21}'::text[])))"}]}, {"Node Type": "Sort", "Parent Relationship": "Outer", "Startup Cost": 1000010687458.33, "Total Cost": 1000010687458.34, "Plan Rows": 1, "Plan Width": 24, "Sort Key": ["(\"substring\"((public.customer.c_phone)::text, 1, 2))"], "Plans": [{"Node Type": "Nested Loop", "Parent Relationship": "Outer", "Join Type": "Anti", "Startup Cost": 10000000003.75, "Total Cost": 1000010687458.32, "Plan Rows": 1, "Plan Width": 24, "Inner Unique": false, "Plans": [{"Node Type": "Index Scan", "Parent Relationship": "Outer", "Scan Direction": "Forward", "Index Name": "customer_pkey", "Relation Name": "customer", "Alias": "customer", "Startup Cost": 10000000000.0, "Total Cost": 1000010514035.62, "Plan Rows": 17500, "Plan Width": 32, "Filter": "((c_acctbal > $0) AND (\"substring\"((c_phone)::text, 1, 2) = ANY ('{20,40,22,30,39,42,21}'::text[])))"}, {"Node Type": "Bitmap Heap Scan", "Parent Relationship": "Inner", "Relation Name": "orders", "Alias": "orders", "Startup Cost": 3.75, "Total Cost": 19.76, "Plan Rows": 4, "Plan Width": 8, "Recheck Cond": "(o_custkey = public.customer.c_custkey)", "Plans": [{"Node Type": "Bitmap Index Scan", "Parent Relationship": "Outer", "Index Name": "idx_orders_custkey", "Startup Cost": 0.0, "Total Cost": 3.75, "Plan Rows": 4, "Plan Width": 0, "Index Cond": "(o_custkey = public.customer.c_custkey)"}]}]}]}]}, "Unique SQL Id": 2798552886}, "explain_analyze_plan": {"Plan": {"Node Type": "Aggregate", "Strategy": "Sorted", "Startup Cost": 2000018337677.48, "Total Cost": 2000018337677.51, "Plan Rows": 1, "Plan Width": 40, "Actual Startup Time": 4938.481, "Actual Total Time": 4948.912, "Actual Rows": 4, "Actual Loops": 1, "Group By Key": ["(\"substring\"((public.customer.c_phone)::text, 1, 2))"], "Plans": [{"Node Type": "Aggregate", "Strategy": "Plain", "Parent Relationship": "exec_init_plan", "Subplan Name": "InitPlan 1 (returns $0)", "Startup Cost": 1000007650219.14, "Total Cost": 1000007650219.15, "Plan Rows": 1, "Plan Width": 40, "Actual Startup Time": 1989.173, "Actual Total Time": 1989.174, "Actual Rows": 1, "Actual Loops": 1, "Plans": [{"Node Type": "Seq Scan", "Parent Relationship": "Outer", "Relation Name": "customer", "Alias": "customer", "Startup Cost": 10000000012.75, "Total Cost": 1000007650100.0, "Plan Rows": 47655, "Plan Width": 8, "Actual Startup Time": 0.032, "Actual Total Time": 1894.45, "Actual Rows": 218121, "Actual Loops": 1, "Filter": "((c_acctbal > 0::double precision) AND (\"substring\"((c_phone)::text, 1, 2) = ANY ('{20,40,22,30,39,42,21}'::text[])))", "Rows Removed by Filter": 1281879}]}, {"Node Type": "Sort", "Parent Relationship": "Outer", "Startup Cost": 1000010687458.33, "Total Cost": 1000010687458.34, "Plan Rows": 1, "Plan Width": 24, "Actual Startup Time": 4934.953, "Actual Total Time": 4938.537, "Actual Rows": 36604, "Actual Loops": 1, "Sort Key": ["(\"substring\"((public.customer.c_phone)::text, 1, 2))"], "Sort Method": "quicksort", "Sort Space Used": 4968, "Sort Space Type": "Memory", "Plans": [{"Node Type": "Nested Loop", "Parent Relationship": "Outer", "Join Type": "Anti", "Startup Cost": 10000000003.75, "Total Cost": 1000010687458.32, "Plan Rows": 1, "Plan Width": 24, "Actual Startup Time": 1989.319, "Actual Total Time": 4912.858, "Actual Rows": 36604, "Actual Loops": 1, "Inner Unique": false, "Plans": [{"Node Type": "Index Scan", "Parent Relationship": "Outer", "Scan Direction": "Forward", "Index Name": "customer_pkey", "Relation Name": "customer", "Alias": "customer", "Startup Cost": 10000000000.0, "Total Cost": 1000010514035.62, "Plan Rows": 17500, "Plan Width": 32, "Actual Startup Time": 1989.251, "Actual Total Time": 3801.63, "Actual Rows": 109197, "Actual Loops": 1, "Filter": "((c_acctbal > $0) AND (\"substring\"((c_phone)::text, 1, 2) = ANY ('{20,40,22,30,39,42,21}'::text[])))", "Rows Removed by Filter": 1390803}, {"Node Type": "Bitmap Heap Scan", "Parent Relationship": "Inner", "Relation Name": "orders", "Alias": "orders", "Startup Cost": 3.75, "Total Cost": 19.76, "Plan Rows": 4, "Plan Width": 8, "Actual Startup Time": 921.241, "Actual Total Time": 921.241, "Actual Rows": 72593, "Actual Loops": 109197, "Recheck Cond": "(o_custkey = public.customer.c_custkey)", "Rows Removed by Index Recheck": 0, "Exact Heap Blocks": 72593, "Lossy Heap Blocks": 72593, "Plans": [{"Node Type": "Bitmap Index Scan", "Parent Relationship": "Outer", "Index Name": "idx_orders_custkey", "Startup Cost": 0.0, "Total Cost": 3.75, "Plan Rows": 4, "Plan Width": 0, "Actual Startup Time": 578.575, "Actual Total Time": 578.575, "Actual Rows": 1091631, "Actual Loops": 109197, "Index Cond": "(o_custkey = public.customer.c_custkey)"}]}]}]}]}, "Triggers": [], "Planner Runtime": 0.609, "Total Runtime": 4949.194, "Unique SQL Id": 2798552886}}, "(1, 88)": {"explain_plan": {"Plan": {"Node Type": "Aggregate", "Strategy": "Sorted", "Startup Cost": 178853.65, "Total Cost": 178853.67, "Plan Rows": 1, "Plan Width": 40, "Group By Key": ["(\"substring\"((public.customer.c_phone)::text, 1, 2))"], "Plans": [{"Node Type": "Aggregate", "Strategy": "Plain", "Parent Relationship": "exec_init_plan", "Subplan Name": "InitPlan 1 (returns $0)", "Startup Cost": 76620.14, "Total Cost": 76620.15, "Plan Rows": 1, "Plan Width": 40, "Plans": [{"Node Type": "Seq Scan", "Parent Relationship": "Outer", "Relation Name": "customer", "Alias": "customer", "Startup Cost": 12.98, "Total Cost": 76501.0, "Plan Rows": 47655, "Plan Width": 8, "Filter": "((c_acctbal > 0::double precision) AND (\"substring\"((c_phone)::text, 1, 2) = ANY ('{20,40,22,30,39,42,21}'::text[])))"}]}, {"Node Type": "Sort", "Parent Relationship": "Outer", "Startup Cost": 102233.5, "Total Cost": 102233.5, "Plan Rows": 1, "Plan Width": 24, "Sort Key": ["(\"substring\"((public.customer.c_phone)::text, 1, 2))"], "Plans": [{"Node Type": "Nested Loop", "Parent Relationship": "Outer", "Join Type": "Anti", "Startup Cost": 0.0, "Total Cost": 102233.49, "Plan Rows": 1, "Plan Width": 24, "Inner Unique": false, "Plans": [{"Node Type": "Seq Scan", "Parent Relationship": "Outer", "Relation Name": "customer", "Alias": "customer", "Startup Cost": 0.0, "Total Cost": 76501.0, "Plan Rows": 17500, "Plan Width": 32, "Filter": "((c_acctbal > $0) AND (\"substring\"((c_phone)::text, 1, 2) = ANY ('{20,40,22,30,39,42,21}'::text[])))"}, {"Node Type": "Index Only Scan", "Parent Relationship": "Inner", "Scan Direction": "Forward", "Index Name": "idx_orders_custkey", "Relation Name": "orders", "Alias": "orders", "Startup Cost": 0.0, "Total Cost": 3.79, "Plan Rows": 4, "Plan Width": 8, "Index Cond": "(o_custkey = public.customer.c_custkey)"}]}]}]}, "Unique SQL Id": 2798552886}, "explain_analyze_plan": {"Plan": {"Node Type": "Aggregate", "Strategy": "Sorted", "Startup Cost": 178853.65, "Total Cost": 178853.67, "Plan Rows": 1, "Plan Width": 40, "Actual Startup Time": 3881.351, "Actual Total Time": 3891.855, "Actual Rows": 4, "Actual Loops": 1, "Group By Key": ["(\"substring\"((public.customer.c_phone)::text, 1, 2))"], "Plans": [{"Node Type": "Aggregate", "Strategy": "Plain", "Parent Relationship": "exec_init_plan", "Subplan Name": "InitPlan 1 (returns $0)", "Startup Cost": 76620.14, "Total Cost": 76620.15, "Plan Rows": 1, "Plan Width": 40, "Actual Startup Time": 2010.36, "Actual Total Time": 2010.361, "Actual Rows": 1, "Actual Loops": 1, "Plans": [{"Node Type": "Seq Scan", "Parent Relationship": "Outer", "Relation Name": "customer", "Alias": "customer", "Startup Cost": 12.98, "Total Cost": 76501.0, "Plan Rows": 47655, "Plan Width": 8, "Actual Startup Time": 0.029, "Actual Total Time": 1914.702, "Actual Rows": 218121, "Actual Loops": 1, "Filter": "((c_acctbal > 0::double precision) AND (\"substring\"((c_phone)::text, 1, 2) = ANY ('{20,40,22,30,39,42,21}'::text[])))", "Rows Removed by Filter": 1281879}]}, {"Node Type": "Sort", "Parent Relationship": "Outer", "Startup Cost": 102233.5, "Total Cost": 102233.5, "Plan Rows": 1, "Plan Width": 24, "Actual Startup Time": 3877.781, "Actual Total Time": 3881.447, "Actual Rows": 36604, "Actual Loops": 1, "Sort Key": ["(\"substring\"((public.customer.c_phone)::text, 1, 2))"], "Sort Method": "quicksort", "Sort Space Used": 4968, "Sort Space Type": "Memory", "Plans": [{"Node Type": "Nested Loop", "Parent Relationship": "Outer", "Join Type": "Anti", "Startup Cost": 0.0, "Total Cost": 102233.49, "Plan Rows": 1, "Plan Width": 24, "Actual Startup Time": 2010.457, "Actual Total Time": 3857.027, "Actual Rows": 36604, "Actual Loops": 1, "Inner Unique": false, "Plans": [{"Node Type": "Seq Scan", "Parent Relationship": "Outer", "Relation Name": "customer", "Alias": "customer", "Startup Cost": 0.0, "Total Cost": 76501.0, "Plan Rows": 17500, "Plan Width": 32, "Actual Startup Time": 2010.414, "Actual Total Time": 3294.32, "Actual Rows": 109197, "Actual Loops": 1, "Filter": "((c_acctbal > $0) AND (\"substring\"((c_phone)::text, 1, 2) = ANY ('{20,40,22,30,39,42,21}'::text[])))", "Rows Removed by Filter": 1390803}, {"Node Type": "Index Only Scan", "Parent Relationship": "Inner", "Scan Direction": "Forward", "Index Name": "idx_orders_custkey", "Relation Name": "orders", "Alias": "orders", "Startup Cost": 0.0, "Total Cost": 3.79, "Plan Rows": 4, "Plan Width": 8, "Actual Startup Time": 460.774, "Actual Total Time": 460.774, "Actual Rows": 72593, "Actual Loops": 109197, "Index Cond": "(o_custkey = public.customer.c_custkey)", "Rows Removed by Index Recheck": 0, "Heap Fetches": 0}]}]}]}, "Triggers": [], "Planner Runtime": 0.607, "Total Runtime": 3892.138, "Unique SQL Id": 2798552886}}, "(1, 89)": {"explain_plan": {"Plan": {"Node Type": "Aggregate", "Strategy": "Sorted", "Startup Cost": 1000007781092.0, "Total Cost": 1000007781092.03, "Plan Rows": 1, "Plan Width": 40, "Group By Key": ["(\"substring\"((public.customer.c_phone)::text, 1, 2))"], "Plans": [{"Node Type": "Aggregate", "Strategy": "Plain", "Parent Relationship": "exec_init_plan", "Subplan Name": "InitPlan 1 (returns $0)", "Startup Cost": 1000007650219.14, "Total Cost": 1000007650219.15, "Plan Rows": 1, "Plan Width": 40, "Plans": [{"Node Type": "Seq Scan", "Parent Relationship": "Outer", "Relation Name": "customer", "Alias": "customer", "Startup Cost": 10000000012.75, "Total Cost": 1000007650100.0, "Plan Rows": 47655, "Plan Width": 8, "Filter": "((c_acctbal > 0::double precision) AND (\"substring\"((c_phone)::text, 1, 2) = ANY ('{20,40,22,30,39,42,21}'::text[])))"}]}, {"Node Type": "Sort", "Parent Relationship": "Outer", "Startup Cost": 130872.85, "Total Cost": 130872.86, "Plan Rows": 1, "Plan Width": 24, "Sort Key": ["(\"substring\"((public.customer.c_phone)::text, 1, 2))"], "Plans": [{"Node Type": "Nested Loop", "Parent Relationship": "Outer", "Join Type": "Anti", "Startup Cost": 0.0, "Total Cost": 130872.84, "Plan Rows": 1, "Plan Width": 24, "Inner Unique": false, "Plans": [{"Node Type": "Index Scan", "Parent Relationship": "Outer", "Scan Direction": "Forward", "Index Name": "customer_pkey", "Relation Name": "customer", "Alias": "customer", "Startup Cost": 0.0, "Total Cost": 105140.36, "Plan Rows": 17500, "Plan Width": 32, "Filter": "((c_acctbal > $0) AND (\"substring\"((c_phone)::text, 1, 2) = ANY ('{20,40,22,30,39,42,21}'::text[])))"}, {"Node Type": "Index Only Scan", "Parent Relationship": "Inner", "Scan Direction": "Forward", "Index Name": "idx_orders_custkey", "Relation Name": "orders", "Alias": "orders", "Startup Cost": 0.0, "Total Cost": 3.79, "Plan Rows": 4, "Plan Width": 8, "Index Cond": "(o_custkey = public.customer.c_custkey)"}]}]}]}, "Unique SQL Id": 2798552886}, "explain_analyze_plan": {"Plan": {"Node Type": "Aggregate", "Strategy": "Sorted", "Startup Cost": 1000007781092.0, "Total Cost": 1000007781092.03, "Plan Rows": 1, "Plan Width": 40, "Actual Startup Time": 4453.89, "Actual Total Time": 4464.091, "Actual Rows": 4, "Actual Loops": 1, "Group By Key": ["(\"substring\"((public.customer.c_phone)::text, 1, 2))"], "Plans": [{"Node Type": "Aggregate", "Strategy": "Plain", "Parent Relationship": "exec_init_plan", "Subplan Name": "InitPlan 1 (returns $0)", "Startup Cost": 1000007650219.14, "Total Cost": 1000007650219.15, "Plan Rows": 1, "Plan Width": 40, "Actual Startup Time": 1990.397, "Actual Total Time": 1990.398, "Actual Rows": 1, "Actual Loops": 1, "Plans": [{"Node Type": "Seq Scan", "Parent Relationship": "Outer", "Relation Name": "customer", "Alias": "customer", "Startup Cost": 10000000012.75, "Total Cost": 1000007650100.0, "Plan Rows": 47655, "Plan Width": 8, "Actual Startup Time": 0.036, "Actual Total Time": 1895.081, "Actual Rows": 218121, "Actual Loops": 1, "Filter": "((c_acctbal > 0::double precision) AND (\"substring\"((c_phone)::text, 1, 2) = ANY ('{20,40,22,30,39,42,21}'::text[])))", "Rows Removed by Filter": 1281879}]}, {"Node Type": "Sort", "Parent Relationship": "Outer", "Startup Cost": 130872.85, "Total Cost": 130872.86, "Plan Rows": 1, "Plan Width": 24, "Actual Startup Time": 4450.398, "Actual Total Time": 4453.934, "Actual Rows": 36604, "Actual Loops": 1, "Sort Key": ["(\"substring\"((public.customer.c_phone)::text, 1, 2))"], "Sort Method": "quicksort", "Sort Space Used": 4968, "Sort Space Type": "Memory", "Plans": [{"Node Type": "Nested Loop", "Parent Relationship": "Outer", "Join Type": "Anti", "Startup Cost": 0.0, "Total Cost": 130872.84, "Plan Rows": 1, "Plan Width": 24, "Actual Startup Time": 1990.521, "Actual Total Time": 4429.799, "Actual Rows": 36604, "Actual Loops": 1, "Inner Unique": false, "Plans": [{"Node Type": "Index Scan", "Parent Relationship": "Outer", "Scan Direction": "Forward", "Index Name": "customer_pkey", "Relation Name": "customer", "Alias": "customer", "Startup Cost": 0.0, "Total Cost": 105140.36, "Plan Rows": 17500, "Plan Width": 32, "Actual Startup Time": 1990.477, "Actual Total Time": 3857.715, "Actual Rows": 109197, "Actual Loops": 1, "Filter": "((c_acctbal > $0) AND (\"substring\"((c_phone)::text, 1, 2) = ANY ('{20,40,22,30,39,42,21}'::text[])))", "Rows Removed by Filter": 1390803}, {"Node Type": "Index Only Scan", "Parent Relationship": "Inner", "Scan Direction": "Forward", "Index Name": "idx_orders_custkey", "Relation Name": "orders", "Alias": "orders", "Startup Cost": 0.0, "Total Cost": 3.79, "Plan Rows": 4, "Plan Width": 8, "Actual Startup Time": 469.636, "Actual Total Time": 469.636, "Actual Rows": 72593, "Actual Loops": 109197, "Index Cond": "(o_custkey = public.customer.c_custkey)", "Rows Removed by Index Recheck": 0, "Heap Fetches": 0}]}]}]}, "Triggers": [], "Planner Runtime": 0.607, "Total Runtime": 4464.404, "Unique SQL Id": 2798552886}}, "(1, 90)": {"explain_plan": {"Plan": {"Node Type": "Aggregate", "Strategy": "Sorted", "Startup Cost": 2444406.31, "Total Cost": 2444406.34, "Plan Rows": 1, "Plan Width": 40, "Group By Key": ["(\"substring\"((public.customer.c_phone)::text, 1, 2))"], "Plans": [{"Node Type": "Aggregate", "Strategy": "Plain", "Parent Relationship": "exec_init_plan", "Subplan Name": "InitPlan 1 (returns $0)", "Startup Cost": 76620.14, "Total Cost": 76620.15, "Plan Rows": 1, "Plan Width": 40, "Plans": [{"Node Type": "Seq Scan", "Parent Relationship": "Outer", "Relation Name": "customer", "Alias": "customer", "Startup Cost": 12.98, "Total Cost": 76501.0, "Plan Rows": 47655, "Plan Width": 8, "Filter": "((c_acctbal > 0::double precision) AND (\"substring\"((c_phone)::text, 1, 2) = ANY ('{20,40,22,30,39,42,21}'::text[])))"}]}, {"Node Type": "Sort", "Parent Relationship": "Outer", "Startup Cost": 2367786.16, "Total Cost": 2367786.16, "Plan Rows": 1, "Plan Width": 24, "Sort Key": ["(\"substring\"((public.customer.c_phone)::text, 1, 2))"], "Plans": [{"Node Type": "Merge Join", "Parent Relationship": "Outer", "Join Type": "Anti", "Startup Cost": 2291966.69, "Total Cost": 2367786.15, "Plan Rows": 1, "Plan Width": 24, "Inner Unique": false, "Merge Cond": "(public.customer.c_custkey = orders.o_custkey)", "Plans": [{"Node Type": "Sort", "Parent Relationship": "Outer", "Startup Cost": 77734.32, "Total Cost": 77778.07, "Plan Rows": 17500, "Plan Width": 32, "Sort Key": ["public.customer.c_custkey"], "Plans": [{"Node Type": "Seq Scan", "Parent Relationship": "Outer", "Relation Name": "customer", "Alias": "customer", "Startup Cost": 0.0, "Total Cost": 76501.0, "Plan Rows": 17500, "Plan Width": 32, "Filter": "((c_acctbal > $0) AND (\"substring\"((c_phone)::text, 1, 2) = ANY ('{20,40,22,30,39,42,21}'::text[])))"}]}, {"Node Type": "Sort", "Parent Relationship": "Inner", "Startup Cost": 2214232.37, "Total Cost": 2251731.07, "Plan Rows": 14999479, "Plan Width": 8, "Sort Key": ["orders.o_custkey"], "Plans": [{"Node Type": "Seq Scan", "Parent Relationship": "Outer", "Relation Name": "orders", "Alias": "orders", "Startup Cost": 0.0, "Total Cost": 426413.79, "Plan Rows": 14999479, "Plan Width": 8}]}]}]}]}, "Unique SQL Id": 2798552886}, "explain_analyze_plan": null}, "(1, 91)": {"explain_plan": {"Plan": {"Node Type": "Aggregate", "Strategy": "Sorted", "Startup Cost": 3000031345967.27, "Total Cost": 3000031345967.3, "Plan Rows": 1, "Plan Width": 40, "Group By Key": ["(\"substring\"((public.customer.c_phone)::text, 1, 2))"], "Plans": [{"Node Type": "Aggregate", "Strategy": "Plain", "Parent Relationship": "exec_init_plan", "Subplan Name": "InitPlan 1 (returns $0)", "Startup Cost": 1000007650219.14, "Total Cost": 1000007650219.15, "Plan Rows": 1, "Plan Width": 40, "Plans": [{"Node Type": "Seq Scan", "Parent Relationship": "Outer", "Relation Name": "customer", "Alias": "customer", "Startup Cost": 10000000012.75, "Total Cost": 1000007650100.0, "Plan Rows": 47655, "Plan Width": 8, "Filter": "((c_acctbal > 0::double precision) AND (\"substring\"((c_phone)::text, 1, 2) = ANY ('{20,40,22,30,39,42,21}'::text[])))"}]}, {"Node Type": "Sort", "Parent Relationship": "Outer", "Startup Cost": 2000023695748.12, "Total Cost": 2000023695748.13, "Plan Rows": 1, "Plan Width": 24, "Sort Key": ["(\"substring\"((public.customer.c_phone)::text, 1, 2))"], "Plans": [{"Node Type": "Merge Join", "Parent Relationship": "Outer", "Join Type": "Anti", "Startup Cost": 20000000000.0, "Total Cost": 2000023695748.11, "Plan Rows": 1, "Plan Width": 24, "Inner Unique": false, "Merge Cond": "(public.customer.c_custkey = orders.o_custkey)", "Plans": [{"Node Type": "Index Scan", "Parent Relationship": "Outer", "Scan Direction": "Forward", "Index Name": "customer_pkey", "Relation Name": "customer", "Alias": "customer", "Startup Cost": 10000000000.0, "Total Cost": 1000010514035.62, "Plan Rows": 17500, "Plan Width": 32, "Filter": "((c_acctbal > $0) AND (\"substring\"((c_phone)::text, 1, 2) = ANY ('{20,40,22,30,39,42,21}'::text[])))"}, {"Node Type": "Index Only Scan", "Parent Relationship": "Inner", "Scan Direction": "Forward", "Index Name": "idx_orders_custkey", "Relation Name": "orders", "Alias": "orders", "Startup Cost": 10000000000.0, "Total Cost": 1000045486043.5, "Plan Rows": 14999479, "Plan Width": 8}]}]}]}, "Unique SQL Id": 2798552886}, "explain_analyze_plan": null}, "(1, 92)": {"explain_plan": {"Plan": {"Node Type": "Aggregate", "Strategy": "Sorted", "Startup Cost": 274230.77, "Total Cost": 274230.8, "Plan Rows": 1, "Plan Width": 40, "Group By Key": ["(\"substring\"((public.customer.c_phone)::text, 1, 2))"], "Plans": [{"Node Type": "Aggregate", "Strategy": "Plain", "Parent Relationship": "exec_init_plan", "Subplan Name": "InitPlan 1 (returns $0)", "Startup Cost": 76620.14, "Total Cost": 76620.15, "Plan Rows": 1, "Plan Width": 40, "Plans": [{"Node Type": "Seq Scan", "Parent Relationship": "Outer", "Relation Name": "customer", "Alias": "customer", "Startup Cost": 12.98, "Total Cost": 76501.0, "Plan Rows": 47655, "Plan Width": 8, "Filter": "((c_acctbal > 0::double precision) AND (\"substring\"((c_phone)::text, 1, 2) = ANY ('{20,40,22,30,39,42,21}'::text[])))"}]}, {"Node Type": "Sort", "Parent Relationship": "Outer", "Startup Cost": 197610.62, "Total Cost": 197610.62, "Plan Rows": 1, "Plan Width": 24, "Sort Key": ["(\"substring\"((public.customer.c_phone)::text, 1, 2))"], "Plans": [{"Node Type": "Nested Loop", "Parent Relationship": "Outer", "Join Type": "Anti", "Startup Cost": 0.0, "Total Cost": 197610.61, "Plan Rows": 1, "Plan Width": 24, "Inner Unique": false, "Plans": [{"Node Type": "Seq Scan", "Parent Relationship": "Outer", "Relation Name": "customer", "Alias": "customer", "Startup Cost": 0.0, "Total Cost": 76501.0, "Plan Rows": 17500, "Plan Width": 32, "Filter": "((c_acctbal > $0) AND (\"substring\"((c_phone)::text, 1, 2) = ANY ('{20,40,22,30,39,42,21}'::text[])))"}, {"Node Type": "Index Scan", "Parent Relationship": "Inner", "Scan Direction": "Forward", "Index Name": "idx_orders_custkey", "Relation Name": "orders", "Alias": "orders", "Startup Cost": 0.0, "Total Cost": 17.99, "Plan Rows": 4, "Plan Width": 8, "Index Cond": "(o_custkey = public.customer.c_custkey)"}]}]}]}, "Unique SQL Id": 2798552886}, "explain_analyze_plan": {"Plan": {"Node Type": "Aggregate", "Strategy": "Sorted", "Startup Cost": 274230.77, "Total Cost": 274230.8, "Plan Rows": 1, "Plan Width": 40, "Actual Startup Time": 4066.361, "Actual Total Time": 4076.734, "Actual Rows": 4, "Actual Loops": 1, "Group By Key": ["(\"substring\"((public.customer.c_phone)::text, 1, 2))"], "Plans": [{"Node Type": "Aggregate", "Strategy": "Plain", "Parent Relationship": "exec_init_plan", "Subplan Name": "InitPlan 1 (returns $0)", "Startup Cost": 76620.14, "Total Cost": 76620.15, "Plan Rows": 1, "Plan Width": 40, "Actual Startup Time": 1991.742, "Actual Total Time": 1991.742, "Actual Rows": 1, "Actual Loops": 1, "Plans": [{"Node Type": "Seq Scan", "Parent Relationship": "Outer", "Relation Name": "customer", "Alias": "customer", "Startup Cost": 12.98, "Total Cost": 76501.0, "Plan Rows": 47655, "Plan Width": 8, "Actual Startup Time": 0.028, "Actual Total Time": 1896.339, "Actual Rows": 218121, "Actual Loops": 1, "Filter": "((c_acctbal > 0::double precision) AND (\"substring\"((c_phone)::text, 1, 2) = ANY ('{20,40,22,30,39,42,21}'::text[])))", "Rows Removed by Filter": 1281879}]}, {"Node Type": "Sort", "Parent Relationship": "Outer", "Startup Cost": 197610.62, "Total Cost": 197610.62, "Plan Rows": 1, "Plan Width": 24, "Actual Startup Time": 4062.845, "Actual Total Time": 4066.44, "Actual Rows": 36604, "Actual Loops": 1, "Sort Key": ["(\"substring\"((public.customer.c_phone)::text, 1, 2))"], "Sort Method": "quicksort", "Sort Space Used": 4968, "Sort Space Type": "Memory", "Plans": [{"Node Type": "Nested Loop", "Parent Relationship": "Outer", "Join Type": "Anti", "Startup Cost": 0.0, "Total Cost": 197610.61, "Plan Rows": 1, "Plan Width": 24, "Actual Startup Time": 1991.84, "Actual Total Time": 4041.643, "Actual Rows": 36604, "Actual Loops": 1, "Inner Unique": false, "Plans": [{"Node Type": "Seq Scan", "Parent Relationship": "Outer", "Relation Name": "customer", "Alias": "customer", "Startup Cost": 0.0, "Total Cost": 76501.0, "Plan Rows": 17500, "Plan Width": 32, "Actual Startup Time": 1991.803, "Actual Total Time": 3287.835, "Actual Rows": 109197, "Actual Loops": 1, "Filter": "((c_acctbal > $0) AND (\"substring\"((c_phone)::text, 1, 2) = ANY ('{20,40,22,30,39,42,21}'::text[])))", "Rows Removed by Filter": 1390803}, {"Node Type": "Index Scan", "Parent Relationship": "Inner", "Scan Direction": "Forward", "Index Name": "idx_orders_custkey", "Relation Name": "orders", "Alias": "orders", "Startup Cost": 0.0, "Total Cost": 17.99, "Plan Rows": 4, "Plan Width": 8, "Actual Startup Time": 644.787, "Actual Total Time": 644.787, "Actual Rows": 72593, "Actual Loops": 109197, "Index Cond": "(o_custkey = public.customer.c_custkey)", "Rows Removed by Index Recheck": 0}]}]}]}, "Triggers": [], "Planner Runtime": 0.602, "Total Runtime": 4077.007, "Unique SQL Id": 2798552886}}, "(1, 93)": {"explain_plan": {"Plan": {"Node Type": "Aggregate", "Strategy": "Sorted", "Startup Cost": 1000007876469.13, "Total Cost": 1000007876469.15, "Plan Rows": 1, "Plan Width": 40, "Group By Key": ["(\"substring\"((public.customer.c_phone)::text, 1, 2))"], "Plans": [{"Node Type": "Aggregate", "Strategy": "Plain", "Parent Relationship": "exec_init_plan", "Subplan Name": "InitPlan 1 (returns $0)", "Startup Cost": 1000007650219.14, "Total Cost": 1000007650219.15, "Plan Rows": 1, "Plan Width": 40, "Plans": [{"Node Type": "Seq Scan", "Parent Relationship": "Outer", "Relation Name": "customer", "Alias": "customer", "Startup Cost": 10000000012.75, "Total Cost": 1000007650100.0, "Plan Rows": 47655, "Plan Width": 8, "Filter": "((c_acctbal > 0::double precision) AND (\"substring\"((c_phone)::text, 1, 2) = ANY ('{20,40,22,30,39,42,21}'::text[])))"}]}, {"Node Type": "Sort", "Parent Relationship": "Outer", "Startup Cost": 226249.98, "Total Cost": 226249.98, "Plan Rows": 1, "Plan Width": 24, "Sort Key": ["(\"substring\"((public.customer.c_phone)::text, 1, 2))"], "Plans": [{"Node Type": "Nested Loop", "Parent Relationship": "Outer", "Join Type": "Anti", "Startup Cost": 0.0, "Total Cost": 226249.97, "Plan Rows": 1, "Plan Width": 24, "Inner Unique": false, "Plans": [{"Node Type": "Index Scan", "Parent Relationship": "Outer", "Scan Direction": "Forward", "Index Name": "customer_pkey", "Relation Name": "customer", "Alias": "customer", "Startup Cost": 0.0, "Total Cost": 105140.36, "Plan Rows": 17500, "Plan Width": 32, "Filter": "((c_acctbal > $0) AND (\"substring\"((c_phone)::text, 1, 2) = ANY ('{20,40,22,30,39,42,21}'::text[])))"}, {"Node Type": "Index Scan", "Parent Relationship": "Inner", "Scan Direction": "Forward", "Index Name": "idx_orders_custkey", "Relation Name": "orders", "Alias": "orders", "Startup Cost": 0.0, "Total Cost": 17.99, "Plan Rows": 4, "Plan Width": 8, "Index Cond": "(o_custkey = public.customer.c_custkey)"}]}]}]}, "Unique SQL Id": 2798552886}, "explain_analyze_plan": {"Plan": {"Node Type": "Aggregate", "Strategy": "Sorted", "Startup Cost": 1000007876469.13, "Total Cost": 1000007876469.15, "Plan Rows": 1, "Plan Width": 40, "Actual Startup Time": 4435.834, "Actual Total Time": 4446.26, "Actual Rows": 4, "Actual Loops": 1, "Group By Key": ["(\"substring\"((public.customer.c_phone)::text, 1, 2))"], "Plans": [{"Node Type": "Aggregate", "Strategy": "Plain", "Parent Relationship": "exec_init_plan", "Subplan Name": "InitPlan 1 (returns $0)", "Startup Cost": 1000007650219.14, "Total Cost": 1000007650219.15, "Plan Rows": 1, "Plan Width": 40, "Actual Startup Time": 1997.317, "Actual Total Time": 1997.317, "Actual Rows": 1, "Actual Loops": 1, "Plans": [{"Node Type": "Seq Scan", "Parent Relationship": "Outer", "Relation Name": "customer", "Alias": "customer", "Startup Cost": 10000000012.75, "Total Cost": 1000007650100.0, "Plan Rows": 47655, "Plan Width": 8, "Actual Startup Time": 0.038, "Actual Total Time": 1901.983, "Actual Rows": 218121, "Actual Loops": 1, "Filter": "((c_acctbal > 0::double precision) AND (\"substring\"((c_phone)::text, 1, 2) = ANY ('{20,40,22,30,39,42,21}'::text[])))", "Rows Removed by Filter": 1281879}]}, {"Node Type": "Sort", "Parent Relationship": "Outer", "Startup Cost": 226249.98, "Total Cost": 226249.98, "Plan Rows": 1, "Plan Width": 24, "Actual Startup Time": 4432.31, "Actual Total Time": 4435.843, "Actual Rows": 36604, "Actual Loops": 1, "Sort Key": ["(\"substring\"((public.customer.c_phone)::text, 1, 2))"], "Sort Method": "quicksort", "Sort Space Used": 4968, "Sort Space Type": "Memory", "Plans": [{"Node Type": "Nested Loop", "Parent Relationship": "Outer", "Join Type": "Anti", "Startup Cost": 0.0, "Total Cost": 226249.97, "Plan Rows": 1, "Plan Width": 24, "Actual Startup Time": 1997.433, "Actual Total Time": 4411.89, "Actual Rows": 36604, "Actual Loops": 1, "Inner Unique": false, "Plans": [{"Node Type": "Index Scan", "Parent Relationship": "Outer", "Scan Direction": "Forward", "Index Name": "customer_pkey", "Relation Name": "customer", "Alias": "customer", "Startup Cost": 0.0, "Total Cost": 105140.36, "Plan Rows": 17500, "Plan Width": 32, "Actual Startup Time": 1997.392, "Actual Total Time": 3747.515, "Actual Rows": 109197, "Actual Loops": 1, "Filter": "((c_acctbal > $0) AND (\"substring\"((c_phone)::text, 1, 2) = ANY ('{20,40,22,30,39,42,21}'::text[])))", "Rows Removed by Filter": 1390803}, {"Node Type": "Index Scan", "Parent Relationship": "Inner", "Scan Direction": "Forward", "Index Name": "idx_orders_custkey", "Relation Name": "orders", "Alias": "orders", "Startup Cost": 0.0, "Total Cost": 17.99, "Plan Rows": 4, "Plan Width": 8, "Actual Startup Time": 555.838, "Actual Total Time": 555.838, "Actual Rows": 72593, "Actual Loops": 109197, "Index Cond": "(o_custkey = public.customer.c_custkey)", "Rows Removed by Index Recheck": 0}]}]}]}, "Triggers": [], "Planner Runtime": 0.606, "Total Runtime": 4446.572, "Unique SQL Id": 2798552886}}, "(1, 94)": {"explain_plan": {"Plan": {"Node Type": "Aggregate", "Strategy": "Sorted", "Startup Cost": 2444406.31, "Total Cost": 2444406.34, "Plan Rows": 1, "Plan Width": 40, "Group By Key": ["(\"substring\"((public.customer.c_phone)::text, 1, 2))"], "Plans": [{"Node Type": "Aggregate", "Strategy": "Plain", "Parent Relationship": "exec_init_plan", "Subplan Name": "InitPlan 1 (returns $0)", "Startup Cost": 76620.14, "Total Cost": 76620.15, "Plan Rows": 1, "Plan Width": 40, "Plans": [{"Node Type": "Seq Scan", "Parent Relationship": "Outer", "Relation Name": "customer", "Alias": "customer", "Startup Cost": 12.98, "Total Cost": 76501.0, "Plan Rows": 47655, "Plan Width": 8, "Filter": "((c_acctbal > 0::double precision) AND (\"substring\"((c_phone)::text, 1, 2) = ANY ('{20,40,22,30,39,42,21}'::text[])))"}]}, {"Node Type": "Sort", "Parent Relationship": "Outer", "Startup Cost": 2367786.16, "Total Cost": 2367786.16, "Plan Rows": 1, "Plan Width": 24, "Sort Key": ["(\"substring\"((public.customer.c_phone)::text, 1, 2))"], "Plans": [{"Node Type": "Merge Join", "Parent Relationship": "Outer", "Join Type": "Anti", "Startup Cost": 2291966.69, "Total Cost": 2367786.15, "Plan Rows": 1, "Plan Width": 24, "Inner Unique": false, "Merge Cond": "(public.customer.c_custkey = orders.o_custkey)", "Plans": [{"Node Type": "Sort", "Parent Relationship": "Outer", "Startup Cost": 77734.32, "Total Cost": 77778.07, "Plan Rows": 17500, "Plan Width": 32, "Sort Key": ["public.customer.c_custkey"], "Plans": [{"Node Type": "Seq Scan", "Parent Relationship": "Outer", "Relation Name": "customer", "Alias": "customer", "Startup Cost": 0.0, "Total Cost": 76501.0, "Plan Rows": 17500, "Plan Width": 32, "Filter": "((c_acctbal > $0) AND (\"substring\"((c_phone)::text, 1, 2) = ANY ('{20,40,22,30,39,42,21}'::text[])))"}]}, {"Node Type": "Sort", "Parent Relationship": "Inner", "Startup Cost": 2214232.37, "Total Cost": 2251731.07, "Plan Rows": 14999479, "Plan Width": 8, "Sort Key": ["orders.o_custkey"], "Plans": [{"Node Type": "Seq Scan", "Parent Relationship": "Outer", "Relation Name": "orders", "Alias": "orders", "Startup Cost": 0.0, "Total Cost": 426413.79, "Plan Rows": 14999479, "Plan Width": 8}]}]}]}]}, "Unique SQL Id": 2798552886}, "explain_analyze_plan": null}, "(1, 95)": {"explain_plan": {"Plan": {"Node Type": "Aggregate", "Strategy": "Sorted", "Startup Cost": 3000141907840.93, "Total Cost": 3000141907840.95, "Plan Rows": 1, "Plan Width": 40, "Group By Key": ["(\"substring\"((public.customer.c_phone)::text, 1, 2))"], "Plans": [{"Node Type": "Aggregate", "Strategy": "Plain", "Parent Relationship": "exec_init_plan", "Subplan Name": "InitPlan 1 (returns $0)", "Startup Cost": 1000007650219.14, "Total Cost": 1000007650219.15, "Plan Rows": 1, "Plan Width": 40, "Plans": [{"Node Type": "Seq Scan", "Parent Relationship": "Outer", "Relation Name": "customer", "Alias": "customer", "Startup Cost": 10000000012.75, "Total Cost": 1000007650100.0, "Plan Rows": 47655, "Plan Width": 8, "Filter": "((c_acctbal > 0::double precision) AND (\"substring\"((c_phone)::text, 1, 2) = ANY ('{20,40,22,30,39,42,21}'::text[])))"}]}, {"Node Type": "Sort", "Parent Relationship": "Outer", "Startup Cost": 2000134257621.78, "Total Cost": 2000134257621.78, "Plan Rows": 1, "Plan Width": 24, "Sort Key": ["(\"substring\"((public.customer.c_phone)::text, 1, 2))"], "Plans": [{"Node Type": "Merge Join", "Parent Relationship": "Outer", "Join Type": "Anti", "Startup Cost": 20000000000.0, "Total Cost": 2000134257621.77, "Plan Rows": 1, "Plan Width": 24, "Inner Unique": false, "Merge Cond": "(public.customer.c_custkey = orders.o_custkey)", "Plans": [{"Node Type": "Index Scan", "Parent Relationship": "Outer", "Scan Direction": "Forward", "Index Name": "customer_pkey", "Relation Name": "customer", "Alias": "customer", "Startup Cost": 10000000000.0, "Total Cost": 1000010514035.62, "Plan Rows": 17500, "Plan Width": 32, "Filter": "((c_acctbal > $0) AND (\"substring\"((c_phone)::text, 1, 2) = ANY ('{20,40,22,30,39,42,21}'::text[])))"}, {"Node Type": "Index Scan", "Parent Relationship": "Inner", "Scan Direction": "Forward", "Index Name": "idx_orders_custkey", "Relation Name": "orders", "Alias": "orders", "Startup Cost": 10000000000.0, "Total Cost": 1000156051529.08, "Plan Rows": 14999479, "Plan Width": 8}]}]}]}, "Unique SQL Id": 2798552886}, "explain_analyze_plan": null}, "(1, 96)": {"explain_plan": {"Plan": {"Node Type": "Aggregate", "Strategy": "Sorted", "Startup Cost": 178853.65, "Total Cost": 178853.67, "Plan Rows": 1, "Plan Width": 40, "Group By Key": ["(\"substring\"((public.customer.c_phone)::text, 1, 2))"], "Plans": [{"Node Type": "Aggregate", "Strategy": "Plain", "Parent Relationship": "exec_init_plan", "Subplan Name": "InitPlan 1 (returns $0)", "Startup Cost": 76620.14, "Total Cost": 76620.15, "Plan Rows": 1, "Plan Width": 40, "Plans": [{"Node Type": "Seq Scan", "Parent Relationship": "Outer", "Relation Name": "customer", "Alias": "customer", "Startup Cost": 12.98, "Total Cost": 76501.0, "Plan Rows": 47655, "Plan Width": 8, "Filter": "((c_acctbal > 0::double precision) AND (\"substring\"((c_phone)::text, 1, 2) = ANY ('{20,40,22,30,39,42,21}'::text[])))"}]}, {"Node Type": "Sort", "Parent Relationship": "Outer", "Startup Cost": 102233.5, "Total Cost": 102233.5, "Plan Rows": 1, "Plan Width": 24, "Sort Key": ["(\"substring\"((public.customer.c_phone)::text, 1, 2))"], "Plans": [{"Node Type": "Nested Loop", "Parent Relationship": "Outer", "Join Type": "Anti", "Startup Cost": 0.0, "Total Cost": 102233.49, "Plan Rows": 1, "Plan Width": 24, "Inner Unique": false, "Plans": [{"Node Type": "Seq Scan", "Parent Relationship": "Outer", "Relation Name": "customer", "Alias": "customer", "Startup Cost": 0.0, "Total Cost": 76501.0, "Plan Rows": 17500, "Plan Width": 32, "Filter": "((c_acctbal > $0) AND (\"substring\"((c_phone)::text, 1, 2) = ANY ('{20,40,22,30,39,42,21}'::text[])))"}, {"Node Type": "Index Only Scan", "Parent Relationship": "Inner", "Scan Direction": "Forward", "Index Name": "idx_orders_custkey", "Relation Name": "orders", "Alias": "orders", "Startup Cost": 0.0, "Total Cost": 3.79, "Plan Rows": 4, "Plan Width": 8, "Index Cond": "(o_custkey = public.customer.c_custkey)"}]}]}]}, "Unique SQL Id": 2798552886}, "explain_analyze_plan": {"Plan": {"Node Type": "Aggregate", "Strategy": "Sorted", "Startup Cost": 178853.65, "Total Cost": 178853.67, "Plan Rows": 1, "Plan Width": 40, "Actual Startup Time": 3881.351, "Actual Total Time": 3891.855, "Actual Rows": 4, "Actual Loops": 1, "Group By Key": ["(\"substring\"((public.customer.c_phone)::text, 1, 2))"], "Plans": [{"Node Type": "Aggregate", "Strategy": "Plain", "Parent Relationship": "exec_init_plan", "Subplan Name": "InitPlan 1 (returns $0)", "Startup Cost": 76620.14, "Total Cost": 76620.15, "Plan Rows": 1, "Plan Width": 40, "Actual Startup Time": 2010.36, "Actual Total Time": 2010.361, "Actual Rows": 1, "Actual Loops": 1, "Plans": [{"Node Type": "Seq Scan", "Parent Relationship": "Outer", "Relation Name": "customer", "Alias": "customer", "Startup Cost": 12.98, "Total Cost": 76501.0, "Plan Rows": 47655, "Plan Width": 8, "Actual Startup Time": 0.029, "Actual Total Time": 1914.702, "Actual Rows": 218121, "Actual Loops": 1, "Filter": "((c_acctbal > 0::double precision) AND (\"substring\"((c_phone)::text, 1, 2) = ANY ('{20,40,22,30,39,42,21}'::text[])))", "Rows Removed by Filter": 1281879}]}, {"Node Type": "Sort", "Parent Relationship": "Outer", "Startup Cost": 102233.5, "Total Cost": 102233.5, "Plan Rows": 1, "Plan Width": 24, "Actual Startup Time": 3877.781, "Actual Total Time": 3881.447, "Actual Rows": 36604, "Actual Loops": 1, "Sort Key": ["(\"substring\"((public.customer.c_phone)::text, 1, 2))"], "Sort Method": "quicksort", "Sort Space Used": 4968, "Sort Space Type": "Memory", "Plans": [{"Node Type": "Nested Loop", "Parent Relationship": "Outer", "Join Type": "Anti", "Startup Cost": 0.0, "Total Cost": 102233.49, "Plan Rows": 1, "Plan Width": 24, "Actual Startup Time": 2010.457, "Actual Total Time": 3857.027, "Actual Rows": 36604, "Actual Loops": 1, "Inner Unique": false, "Plans": [{"Node Type": "Seq Scan", "Parent Relationship": "Outer", "Relation Name": "customer", "Alias": "customer", "Startup Cost": 0.0, "Total Cost": 76501.0, "Plan Rows": 17500, "Plan Width": 32, "Actual Startup Time": 2010.414, "Actual Total Time": 3294.32, "Actual Rows": 109197, "Actual Loops": 1, "Filter": "((c_acctbal > $0) AND (\"substring\"((c_phone)::text, 1, 2) = ANY ('{20,40,22,30,39,42,21}'::text[])))", "Rows Removed by Filter": 1390803}, {"Node Type": "Index Only Scan", "Parent Relationship": "Inner", "Scan Direction": "Forward", "Index Name": "idx_orders_custkey", "Relation Name": "orders", "Alias": "orders", "Startup Cost": 0.0, "Total Cost": 3.79, "Plan Rows": 4, "Plan Width": 8, "Actual Startup Time": 460.774, "Actual Total Time": 460.774, "Actual Rows": 72593, "Actual Loops": 109197, "Index Cond": "(o_custkey = public.customer.c_custkey)", "Rows Removed by Index Recheck": 0, "Heap Fetches": 0}]}]}]}, "Triggers": [], "Planner Runtime": 0.607, "Total Runtime": 3892.138, "Unique SQL Id": 2798552886}}, "(1, 97)": {"explain_plan": {"Plan": {"Node Type": "Aggregate", "Strategy": "Sorted", "Startup Cost": 1000007781092.0, "Total Cost": 1000007781092.03, "Plan Rows": 1, "Plan Width": 40, "Group By Key": ["(\"substring\"((public.customer.c_phone)::text, 1, 2))"], "Plans": [{"Node Type": "Aggregate", "Strategy": "Plain", "Parent Relationship": "exec_init_plan", "Subplan Name": "InitPlan 1 (returns $0)", "Startup Cost": 1000007650219.14, "Total Cost": 1000007650219.15, "Plan Rows": 1, "Plan Width": 40, "Plans": [{"Node Type": "Seq Scan", "Parent Relationship": "Outer", "Relation Name": "customer", "Alias": "customer", "Startup Cost": 10000000012.75, "Total Cost": 1000007650100.0, "Plan Rows": 47655, "Plan Width": 8, "Filter": "((c_acctbal > 0::double precision) AND (\"substring\"((c_phone)::text, 1, 2) = ANY ('{20,40,22,30,39,42,21}'::text[])))"}]}, {"Node Type": "Sort", "Parent Relationship": "Outer", "Startup Cost": 130872.85, "Total Cost": 130872.86, "Plan Rows": 1, "Plan Width": 24, "Sort Key": ["(\"substring\"((public.customer.c_phone)::text, 1, 2))"], "Plans": [{"Node Type": "Nested Loop", "Parent Relationship": "Outer", "Join Type": "Anti", "Startup Cost": 0.0, "Total Cost": 130872.84, "Plan Rows": 1, "Plan Width": 24, "Inner Unique": false, "Plans": [{"Node Type": "Index Scan", "Parent Relationship": "Outer", "Scan Direction": "Forward", "Index Name": "customer_pkey", "Relation Name": "customer", "Alias": "customer", "Startup Cost": 0.0, "Total Cost": 105140.36, "Plan Rows": 17500, "Plan Width": 32, "Filter": "((c_acctbal > $0) AND (\"substring\"((c_phone)::text, 1, 2) = ANY ('{20,40,22,30,39,42,21}'::text[])))"}, {"Node Type": "Index Only Scan", "Parent Relationship": "Inner", "Scan Direction": "Forward", "Index Name": "idx_orders_custkey", "Relation Name": "orders", "Alias": "orders", "Startup Cost": 0.0, "Total Cost": 3.79, "Plan Rows": 4, "Plan Width": 8, "Index Cond": "(o_custkey = public.customer.c_custkey)"}]}]}]}, "Unique SQL Id": 2798552886}, "explain_analyze_plan": {"Plan": {"Node Type": "Aggregate", "Strategy": "Sorted", "Startup Cost": 1000007781092.0, "Total Cost": 1000007781092.03, "Plan Rows": 1, "Plan Width": 40, "Actual Startup Time": 4453.89, "Actual Total Time": 4464.091, "Actual Rows": 4, "Actual Loops": 1, "Group By Key": ["(\"substring\"((public.customer.c_phone)::text, 1, 2))"], "Plans": [{"Node Type": "Aggregate", "Strategy": "Plain", "Parent Relationship": "exec_init_plan", "Subplan Name": "InitPlan 1 (returns $0)", "Startup Cost": 1000007650219.14, "Total Cost": 1000007650219.15, "Plan Rows": 1, "Plan Width": 40, "Actual Startup Time": 1990.397, "Actual Total Time": 1990.398, "Actual Rows": 1, "Actual Loops": 1, "Plans": [{"Node Type": "Seq Scan", "Parent Relationship": "Outer", "Relation Name": "customer", "Alias": "customer", "Startup Cost": 10000000012.75, "Total Cost": 1000007650100.0, "Plan Rows": 47655, "Plan Width": 8, "Actual Startup Time": 0.036, "Actual Total Time": 1895.081, "Actual Rows": 218121, "Actual Loops": 1, "Filter": "((c_acctbal > 0::double precision) AND (\"substring\"((c_phone)::text, 1, 2) = ANY ('{20,40,22,30,39,42,21}'::text[])))", "Rows Removed by Filter": 1281879}]}, {"Node Type": "Sort", "Parent Relationship": "Outer", "Startup Cost": 130872.85, "Total Cost": 130872.86, "Plan Rows": 1, "Plan Width": 24, "Actual Startup Time": 4450.398, "Actual Total Time": 4453.934, "Actual Rows": 36604, "Actual Loops": 1, "Sort Key": ["(\"substring\"((public.customer.c_phone)::text, 1, 2))"], "Sort Method": "quicksort", "Sort Space Used": 4968, "Sort Space Type": "Memory", "Plans": [{"Node Type": "Nested Loop", "Parent Relationship": "Outer", "Join Type": "Anti", "Startup Cost": 0.0, "Total Cost": 130872.84, "Plan Rows": 1, "Plan Width": 24, "Actual Startup Time": 1990.521, "Actual Total Time": 4429.799, "Actual Rows": 36604, "Actual Loops": 1, "Inner Unique": false, "Plans": [{"Node Type": "Index Scan", "Parent Relationship": "Outer", "Scan Direction": "Forward", "Index Name": "customer_pkey", "Relation Name": "customer", "Alias": "customer", "Startup Cost": 0.0, "Total Cost": 105140.36, "Plan Rows": 17500, "Plan Width": 32, "Actual Startup Time": 1990.477, "Actual Total Time": 3857.715, "Actual Rows": 109197, "Actual Loops": 1, "Filter": "((c_acctbal > $0) AND (\"substring\"((c_phone)::text, 1, 2) = ANY ('{20,40,22,30,39,42,21}'::text[])))", "Rows Removed by Filter": 1390803}, {"Node Type": "Index Only Scan", "Parent Relationship": "Inner", "Scan Direction": "Forward", "Index Name": "idx_orders_custkey", "Relation Name": "orders", "Alias": "orders", "Startup Cost": 0.0, "Total Cost": 3.79, "Plan Rows": 4, "Plan Width": 8, "Actual Startup Time": 469.636, "Actual Total Time": 469.636, "Actual Rows": 72593, "Actual Loops": 109197, "Index Cond": "(o_custkey = public.customer.c_custkey)", "Rows Removed by Index Recheck": 0, "Heap Fetches": 0}]}]}]}, "Triggers": [], "Planner Runtime": 0.607, "Total Runtime": 4464.404, "Unique SQL Id": 2798552886}}, "(1, 98)": {"explain_plan": {"Plan": {"Node Type": "Aggregate", "Strategy": "Sorted", "Startup Cost": 326543.86, "Total Cost": 326543.89, "Plan Rows": 1, "Plan Width": 40, "Group By Key": ["(\"substring\"((public.customer.c_phone)::text, 1, 2))"], "Plans": [{"Node Type": "Aggregate", "Strategy": "Plain", "Parent Relationship": "exec_init_plan", "Subplan Name": "InitPlan 1 (returns $0)", "Startup Cost": 76620.14, "Total Cost": 76620.15, "Plan Rows": 1, "Plan Width": 40, "Plans": [{"Node Type": "Seq Scan", "Parent Relationship": "Outer", "Relation Name": "customer", "Alias": "customer", "Startup Cost": 12.98, "Total Cost": 76501.0, "Plan Rows": 47655, "Plan Width": 8, "Filter": "((c_acctbal > 0::double precision) AND (\"substring\"((c_phone)::text, 1, 2) = ANY ('{20,40,22,30,39,42,21}'::text[])))"}]}, {"Node Type": "Sort", "Parent Relationship": "Outer", "Startup Cost": 249923.71, "Total Cost": 249923.72, "Plan Rows": 1, "Plan Width": 24, "Sort Key": ["(\"substring\"((public.customer.c_phone)::text, 1, 2))"], "Plans": [{"Node Type": "Nested Loop", "Parent Relationship": "Outer", "Join Type": "Anti", "Startup Cost": 3.75, "Total Cost": 249923.7, "Plan Rows": 1, "Plan Width": 24, "Inner Unique": false, "Plans": [{"Node Type": "Seq Scan", "Parent Relationship": "Outer", "Relation Name": "customer", "Alias": "customer", "Startup Cost": 0.0, "Total Cost": 76501.0, "Plan Rows": 17500, "Plan Width": 32, "Filter": "((c_acctbal > $0) AND (\"substring\"((c_phone)::text, 1, 2) = ANY ('{20,40,22,30,39,42,21}'::text[])))"}, {"Node Type": "Bitmap Heap Scan", "Parent Relationship": "Inner", "Relation Name": "orders", "Alias": "orders", "Startup Cost": 3.75, "Total Cost": 19.76, "Plan Rows": 4, "Plan Width": 8, "Recheck Cond": "(o_custkey = public.customer.c_custkey)", "Plans": [{"Node Type": "Bitmap Index Scan", "Parent Relationship": "Outer", "Index Name": "idx_orders_custkey", "Startup Cost": 0.0, "Total Cost": 3.75, "Plan Rows": 4, "Plan Width": 0, "Index Cond": "(o_custkey = public.customer.c_custkey)"}]}]}]}]}, "Unique SQL Id": 2798552886}, "explain_analyze_plan": {"Plan": {"Node Type": "Aggregate", "Strategy": "Sorted", "Startup Cost": 326543.86, "Total Cost": 326543.89, "Plan Rows": 1, "Plan Width": 40, "Actual Startup Time": 4467.914, "Actual Total Time": 4478.319, "Actual Rows": 4, "Actual Loops": 1, "Group By Key": ["(\"substring\"((public.customer.c_phone)::text, 1, 2))"], "Plans": [{"Node Type": "Aggregate", "Strategy": "Plain", "Parent Relationship": "exec_init_plan", "Subplan Name": "InitPlan 1 (returns $0)", "Startup Cost": 76620.14, "Total Cost": 76620.15, "Plan Rows": 1, "Plan Width": 40, "Actual Startup Time": 1998.25, "Actual Total Time": 1998.25, "Actual Rows": 1, "Actual Loops": 1, "Plans": [{"Node Type": "Seq Scan", "Parent Relationship": "Outer", "Relation Name": "customer", "Alias": "customer", "Startup Cost": 12.98, "Total Cost": 76501.0, "Plan Rows": 47655, "Plan Width": 8, "Actual Startup Time": 0.027, "Actual Total Time": 1903.14, "Actual Rows": 218121, "Actual Loops": 1, "Filter": "((c_acctbal > 0::double precision) AND (\"substring\"((c_phone)::text, 1, 2) = ANY ('{20,40,22,30,39,42,21}'::text[])))", "Rows Removed by Filter": 1281879}]}, {"Node Type": "Sort", "Parent Relationship": "Outer", "Startup Cost": 249923.71, "Total Cost": 249923.72, "Plan Rows": 1, "Plan Width": 24, "Actual Startup Time": 4464.389, "Actual Total Time": 4467.967, "Actual Rows": 36604, "Actual Loops": 1, "Sort Key": ["(\"substring\"((public.customer.c_phone)::text, 1, 2))"], "Sort Method": "quicksort", "Sort Space Used": 4968, "Sort Space Type": "Memory", "Plans": [{"Node Type": "Nested Loop", "Parent Relationship": "Outer", "Join Type": "Anti", "Startup Cost": 3.75, "Total Cost": 249923.7, "Plan Rows": 1, "Plan Width": 24, "Actual Startup Time": 1998.373, "Actual Total Time": 4442.474, "Actual Rows": 36604, "Actual Loops": 1, "Inner Unique": false, "Plans": [{"Node Type": "Seq Scan", "Parent Relationship": "Outer", "Relation Name": "customer", "Alias": "customer", "Startup Cost": 0.0, "Total Cost": 76501.0, "Plan Rows": 17500, "Plan Width": 32, "Actual Startup Time": 1998.311, "Actual Total Time": 3303.891, "Actual Rows": 109197, "Actual Loops": 1, "Filter": "((c_acctbal > $0) AND (\"substring\"((c_phone)::text, 1, 2) = ANY ('{20,40,22,30,39,42,21}'::text[])))", "Rows Removed by Filter": 1390803}, {"Node Type": "Bitmap Heap Scan", "Parent Relationship": "Inner", "Relation Name": "orders", "Alias": "orders", "Startup Cost": 3.75, "Total Cost": 19.76, "Plan Rows": 4, "Plan Width": 8, "Actual Startup Time": 951.823, "Actual Total Time": 951.823, "Actual Rows": 72593, "Actual Loops": 109197, "Recheck Cond": "(o_custkey = public.customer.c_custkey)", "Rows Removed by Index Recheck": 0, "Exact Heap Blocks": 72593, "Lossy Heap Blocks": 72593, "Plans": [{"Node Type": "Bitmap Index Scan", "Parent Relationship": "Outer", "Index Name": "idx_orders_custkey", "Startup Cost": 0.0, "Total Cost": 3.75, "Plan Rows": 4, "Plan Width": 0, "Actual Startup Time": 597.509, "Actual Total Time": 597.509, "Actual Rows": 1091631, "Actual Loops": 109197, "Index Cond": "(o_custkey = public.customer.c_custkey)"}]}]}]}]}, "Triggers": [], "Planner Runtime": 0.604, "Total Runtime": 4478.631, "Unique SQL Id": 2798552886}}, "(1, 99)": {"explain_plan": {"Plan": {"Node Type": "Aggregate", "Strategy": "Sorted", "Startup Cost": 2000018337677.48, "Total Cost": 2000018337677.51, "Plan Rows": 1, "Plan Width": 40, "Group By Key": ["(\"substring\"((public.customer.c_phone)::text, 1, 2))"], "Plans": [{"Node Type": "Aggregate", "Strategy": "Plain", "Parent Relationship": "exec_init_plan", "Subplan Name": "InitPlan 1 (returns $0)", "Startup Cost": 1000007650219.14, "Total Cost": 1000007650219.15, "Plan Rows": 1, "Plan Width": 40, "Plans": [{"Node Type": "Seq Scan", "Parent Relationship": "Outer", "Relation Name": "customer", "Alias": "customer", "Startup Cost": 10000000012.75, "Total Cost": 1000007650100.0, "Plan Rows": 47655, "Plan Width": 8, "Filter": "((c_acctbal > 0::double precision) AND (\"substring\"((c_phone)::text, 1, 2) = ANY ('{20,40,22,30,39,42,21}'::text[])))"}]}, {"Node Type": "Sort", "Parent Relationship": "Outer", "Startup Cost": 1000010687458.33, "Total Cost": 1000010687458.34, "Plan Rows": 1, "Plan Width": 24, "Sort Key": ["(\"substring\"((public.customer.c_phone)::text, 1, 2))"], "Plans": [{"Node Type": "Nested Loop", "Parent Relationship": "Outer", "Join Type": "Anti", "Startup Cost": 10000000003.75, "Total Cost": 1000010687458.32, "Plan Rows": 1, "Plan Width": 24, "Inner Unique": false, "Plans": [{"Node Type": "Index Scan", "Parent Relationship": "Outer", "Scan Direction": "Forward", "Index Name": "customer_pkey", "Relation Name": "customer", "Alias": "customer", "Startup Cost": 10000000000.0, "Total Cost": 1000010514035.62, "Plan Rows": 17500, "Plan Width": 32, "Filter": "((c_acctbal > $0) AND (\"substring\"((c_phone)::text, 1, 2) = ANY ('{20,40,22,30,39,42,21}'::text[])))"}, {"Node Type": "Bitmap Heap Scan", "Parent Relationship": "Inner", "Relation Name": "orders", "Alias": "orders", "Startup Cost": 3.75, "Total Cost": 19.76, "Plan Rows": 4, "Plan Width": 8, "Recheck Cond": "(o_custkey = public.customer.c_custkey)", "Plans": [{"Node Type": "Bitmap Index Scan", "Parent Relationship": "Outer", "Index Name": "idx_orders_custkey", "Startup Cost": 0.0, "Total Cost": 3.75, "Plan Rows": 4, "Plan Width": 0, "Index Cond": "(o_custkey = public.customer.c_custkey)"}]}]}]}]}, "Unique SQL Id": 2798552886}, "explain_analyze_plan": {"Plan": {"Node Type": "Aggregate", "Strategy": "Sorted", "Startup Cost": 2000018337677.48, "Total Cost": 2000018337677.51, "Plan Rows": 1, "Plan Width": 40, "Actual Startup Time": 4938.481, "Actual Total Time": 4948.912, "Actual Rows": 4, "Actual Loops": 1, "Group By Key": ["(\"substring\"((public.customer.c_phone)::text, 1, 2))"], "Plans": [{"Node Type": "Aggregate", "Strategy": "Plain", "Parent Relationship": "exec_init_plan", "Subplan Name": "InitPlan 1 (returns $0)", "Startup Cost": 1000007650219.14, "Total Cost": 1000007650219.15, "Plan Rows": 1, "Plan Width": 40, "Actual Startup Time": 1989.173, "Actual Total Time": 1989.174, "Actual Rows": 1, "Actual Loops": 1, "Plans": [{"Node Type": "Seq Scan", "Parent Relationship": "Outer", "Relation Name": "customer", "Alias": "customer", "Startup Cost": 10000000012.75, "Total Cost": 1000007650100.0, "Plan Rows": 47655, "Plan Width": 8, "Actual Startup Time": 0.032, "Actual Total Time": 1894.45, "Actual Rows": 218121, "Actual Loops": 1, "Filter": "((c_acctbal > 0::double precision) AND (\"substring\"((c_phone)::text, 1, 2) = ANY ('{20,40,22,30,39,42,21}'::text[])))", "Rows Removed by Filter": 1281879}]}, {"Node Type": "Sort", "Parent Relationship": "Outer", "Startup Cost": 1000010687458.33, "Total Cost": 1000010687458.34, "Plan Rows": 1, "Plan Width": 24, "Actual Startup Time": 4934.953, "Actual Total Time": 4938.537, "Actual Rows": 36604, "Actual Loops": 1, "Sort Key": ["(\"substring\"((public.customer.c_phone)::text, 1, 2))"], "Sort Method": "quicksort", "Sort Space Used": 4968, "Sort Space Type": "Memory", "Plans": [{"Node Type": "Nested Loop", "Parent Relationship": "Outer", "Join Type": "Anti", "Startup Cost": 10000000003.75, "Total Cost": 1000010687458.32, "Plan Rows": 1, "Plan Width": 24, "Actual Startup Time": 1989.319, "Actual Total Time": 4912.858, "Actual Rows": 36604, "Actual Loops": 1, "Inner Unique": false, "Plans": [{"Node Type": "Index Scan", "Parent Relationship": "Outer", "Scan Direction": "Forward", "Index Name": "customer_pkey", "Relation Name": "customer", "Alias": "customer", "Startup Cost": 10000000000.0, "Total Cost": 1000010514035.62, "Plan Rows": 17500, "Plan Width": 32, "Actual Startup Time": 1989.251, "Actual Total Time": 3801.63, "Actual Rows": 109197, "Actual Loops": 1, "Filter": "((c_acctbal > $0) AND (\"substring\"((c_phone)::text, 1, 2) = ANY ('{20,40,22,30,39,42,21}'::text[])))", "Rows Removed by Filter": 1390803}, {"Node Type": "Bitmap Heap Scan", "Parent Relationship": "Inner", "Relation Name": "orders", "Alias": "orders", "Startup Cost": 3.75, "Total Cost": 19.76, "Plan Rows": 4, "Plan Width": 8, "Actual Startup Time": 921.241, "Actual Total Time": 921.241, "Actual Rows": 72593, "Actual Loops": 109197, "Recheck Cond": "(o_custkey = public.customer.c_custkey)", "Rows Removed by Index Recheck": 0, "Exact Heap Blocks": 72593, "Lossy Heap Blocks": 72593, "Plans": [{"Node Type": "Bitmap Index Scan", "Parent Relationship": "Outer", "Index Name": "idx_orders_custkey", "Startup Cost": 0.0, "Total Cost": 3.75, "Plan Rows": 4, "Plan Width": 0, "Actual Startup Time": 578.575, "Actual Total Time": 578.575, "Actual Rows": 1091631, "Actual Loops": 109197, "Index Cond": "(o_custkey = public.customer.c_custkey)"}]}]}]}]}, "Triggers": [], "Planner Runtime": 0.609, "Total Runtime": 4949.194, "Unique SQL Id": 2798552886}}, "(1, 100)": {"explain_plan": {"Plan": {"Node Type": "Aggregate", "Strategy": "Sorted", "Startup Cost": 274230.77, "Total Cost": 274230.8, "Plan Rows": 1, "Plan Width": 40, "Group By Key": ["(\"substring\"((public.customer.c_phone)::text, 1, 2))"], "Plans": [{"Node Type": "Aggregate", "Strategy": "Plain", "Parent Relationship": "exec_init_plan", "Subplan Name": "InitPlan 1 (returns $0)", "Startup Cost": 76620.14, "Total Cost": 76620.15, "Plan Rows": 1, "Plan Width": 40, "Plans": [{"Node Type": "Seq Scan", "Parent Relationship": "Outer", "Relation Name": "customer", "Alias": "customer", "Startup Cost": 12.98, "Total Cost": 76501.0, "Plan Rows": 47655, "Plan Width": 8, "Filter": "((c_acctbal > 0::double precision) AND (\"substring\"((c_phone)::text, 1, 2) = ANY ('{20,40,22,30,39,42,21}'::text[])))"}]}, {"Node Type": "Sort", "Parent Relationship": "Outer", "Startup Cost": 197610.62, "Total Cost": 197610.62, "Plan Rows": 1, "Plan Width": 24, "Sort Key": ["(\"substring\"((public.customer.c_phone)::text, 1, 2))"], "Plans": [{"Node Type": "Nested Loop", "Parent Relationship": "Outer", "Join Type": "Anti", "Startup Cost": 0.0, "Total Cost": 197610.61, "Plan Rows": 1, "Plan Width": 24, "Inner Unique": false, "Plans": [{"Node Type": "Seq Scan", "Parent Relationship": "Outer", "Relation Name": "customer", "Alias": "customer", "Startup Cost": 0.0, "Total Cost": 76501.0, "Plan Rows": 17500, "Plan Width": 32, "Filter": "((c_acctbal > $0) AND (\"substring\"((c_phone)::text, 1, 2) = ANY ('{20,40,22,30,39,42,21}'::text[])))"}, {"Node Type": "Index Scan", "Parent Relationship": "Inner", "Scan Direction": "Forward", "Index Name": "idx_orders_custkey", "Relation Name": "orders", "Alias": "orders", "Startup Cost": 0.0, "Total Cost": 17.99, "Plan Rows": 4, "Plan Width": 8, "Index Cond": "(o_custkey = public.customer.c_custkey)"}]}]}]}, "Unique SQL Id": 2798552886}, "explain_analyze_plan": {"Plan": {"Node Type": "Aggregate", "Strategy": "Sorted", "Startup Cost": 274230.77, "Total Cost": 274230.8, "Plan Rows": 1, "Plan Width": 40, "Actual Startup Time": 4066.361, "Actual Total Time": 4076.734, "Actual Rows": 4, "Actual Loops": 1, "Group By Key": ["(\"substring\"((public.customer.c_phone)::text, 1, 2))"], "Plans": [{"Node Type": "Aggregate", "Strategy": "Plain", "Parent Relationship": "exec_init_plan", "Subplan Name": "InitPlan 1 (returns $0)", "Startup Cost": 76620.14, "Total Cost": 76620.15, "Plan Rows": 1, "Plan Width": 40, "Actual Startup Time": 1991.742, "Actual Total Time": 1991.742, "Actual Rows": 1, "Actual Loops": 1, "Plans": [{"Node Type": "Seq Scan", "Parent Relationship": "Outer", "Relation Name": "customer", "Alias": "customer", "Startup Cost": 12.98, "Total Cost": 76501.0, "Plan Rows": 47655, "Plan Width": 8, "Actual Startup Time": 0.028, "Actual Total Time": 1896.339, "Actual Rows": 218121, "Actual Loops": 1, "Filter": "((c_acctbal > 0::double precision) AND (\"substring\"((c_phone)::text, 1, 2) = ANY ('{20,40,22,30,39,42,21}'::text[])))", "Rows Removed by Filter": 1281879}]}, {"Node Type": "Sort", "Parent Relationship": "Outer", "Startup Cost": 197610.62, "Total Cost": 197610.62, "Plan Rows": 1, "Plan Width": 24, "Actual Startup Time": 4062.845, "Actual Total Time": 4066.44, "Actual Rows": 36604, "Actual Loops": 1, "Sort Key": ["(\"substring\"((public.customer.c_phone)::text, 1, 2))"], "Sort Method": "quicksort", "Sort Space Used": 4968, "Sort Space Type": "Memory", "Plans": [{"Node Type": "Nested Loop", "Parent Relationship": "Outer", "Join Type": "Anti", "Startup Cost": 0.0, "Total Cost": 197610.61, "Plan Rows": 1, "Plan Width": 24, "Actual Startup Time": 1991.84, "Actual Total Time": 4041.643, "Actual Rows": 36604, "Actual Loops": 1, "Inner Unique": false, "Plans": [{"Node Type": "Seq Scan", "Parent Relationship": "Outer", "Relation Name": "customer", "Alias": "customer", "Startup Cost": 0.0, "Total Cost": 76501.0, "Plan Rows": 17500, "Plan Width": 32, "Actual Startup Time": 1991.803, "Actual Total Time": 3287.835, "Actual Rows": 109197, "Actual Loops": 1, "Filter": "((c_acctbal > $0) AND (\"substring\"((c_phone)::text, 1, 2) = ANY ('{20,40,22,30,39,42,21}'::text[])))", "Rows Removed by Filter": 1390803}, {"Node Type": "Index Scan", "Parent Relationship": "Inner", "Scan Direction": "Forward", "Index Name": "idx_orders_custkey", "Relation Name": "orders", "Alias": "orders", "Startup Cost": 0.0, "Total Cost": 17.99, "Plan Rows": 4, "Plan Width": 8, "Actual Startup Time": 644.787, "Actual Total Time": 644.787, "Actual Rows": 72593, "Actual Loops": 109197, "Index Cond": "(o_custkey = public.customer.c_custkey)", "Rows Removed by Index Recheck": 0}]}]}]}, "Triggers": [], "Planner Runtime": 0.602, "Total Runtime": 4077.007, "Unique SQL Id": 2798552886}}, "(1, 101)": {"explain_plan": {"Plan": {"Node Type": "Aggregate", "Strategy": "Sorted", "Startup Cost": 1000007876469.13, "Total Cost": 1000007876469.15, "Plan Rows": 1, "Plan Width": 40, "Group By Key": ["(\"substring\"((public.customer.c_phone)::text, 1, 2))"], "Plans": [{"Node Type": "Aggregate", "Strategy": "Plain", "Parent Relationship": "exec_init_plan", "Subplan Name": "InitPlan 1 (returns $0)", "Startup Cost": 1000007650219.14, "Total Cost": 1000007650219.15, "Plan Rows": 1, "Plan Width": 40, "Plans": [{"Node Type": "Seq Scan", "Parent Relationship": "Outer", "Relation Name": "customer", "Alias": "customer", "Startup Cost": 10000000012.75, "Total Cost": 1000007650100.0, "Plan Rows": 47655, "Plan Width": 8, "Filter": "((c_acctbal > 0::double precision) AND (\"substring\"((c_phone)::text, 1, 2) = ANY ('{20,40,22,30,39,42,21}'::text[])))"}]}, {"Node Type": "Sort", "Parent Relationship": "Outer", "Startup Cost": 226249.98, "Total Cost": 226249.98, "Plan Rows": 1, "Plan Width": 24, "Sort Key": ["(\"substring\"((public.customer.c_phone)::text, 1, 2))"], "Plans": [{"Node Type": "Nested Loop", "Parent Relationship": "Outer", "Join Type": "Anti", "Startup Cost": 0.0, "Total Cost": 226249.97, "Plan Rows": 1, "Plan Width": 24, "Inner Unique": false, "Plans": [{"Node Type": "Index Scan", "Parent Relationship": "Outer", "Scan Direction": "Forward", "Index Name": "customer_pkey", "Relation Name": "customer", "Alias": "customer", "Startup Cost": 0.0, "Total Cost": 105140.36, "Plan Rows": 17500, "Plan Width": 32, "Filter": "((c_acctbal > $0) AND (\"substring\"((c_phone)::text, 1, 2) = ANY ('{20,40,22,30,39,42,21}'::text[])))"}, {"Node Type": "Index Scan", "Parent Relationship": "Inner", "Scan Direction": "Forward", "Index Name": "idx_orders_custkey", "Relation Name": "orders", "Alias": "orders", "Startup Cost": 0.0, "Total Cost": 17.99, "Plan Rows": 4, "Plan Width": 8, "Index Cond": "(o_custkey = public.customer.c_custkey)"}]}]}]}, "Unique SQL Id": 2798552886}, "explain_analyze_plan": {"Plan": {"Node Type": "Aggregate", "Strategy": "Sorted", "Startup Cost": 1000007876469.13, "Total Cost": 1000007876469.15, "Plan Rows": 1, "Plan Width": 40, "Actual Startup Time": 4435.834, "Actual Total Time": 4446.26, "Actual Rows": 4, "Actual Loops": 1, "Group By Key": ["(\"substring\"((public.customer.c_phone)::text, 1, 2))"], "Plans": [{"Node Type": "Aggregate", "Strategy": "Plain", "Parent Relationship": "exec_init_plan", "Subplan Name": "InitPlan 1 (returns $0)", "Startup Cost": 1000007650219.14, "Total Cost": 1000007650219.15, "Plan Rows": 1, "Plan Width": 40, "Actual Startup Time": 1997.317, "Actual Total Time": 1997.317, "Actual Rows": 1, "Actual Loops": 1, "Plans": [{"Node Type": "Seq Scan", "Parent Relationship": "Outer", "Relation Name": "customer", "Alias": "customer", "Startup Cost": 10000000012.75, "Total Cost": 1000007650100.0, "Plan Rows": 47655, "Plan Width": 8, "Actual Startup Time": 0.038, "Actual Total Time": 1901.983, "Actual Rows": 218121, "Actual Loops": 1, "Filter": "((c_acctbal > 0::double precision) AND (\"substring\"((c_phone)::text, 1, 2) = ANY ('{20,40,22,30,39,42,21}'::text[])))", "Rows Removed by Filter": 1281879}]}, {"Node Type": "Sort", "Parent Relationship": "Outer", "Startup Cost": 226249.98, "Total Cost": 226249.98, "Plan Rows": 1, "Plan Width": 24, "Actual Startup Time": 4432.31, "Actual Total Time": 4435.843, "Actual Rows": 36604, "Actual Loops": 1, "Sort Key": ["(\"substring\"((public.customer.c_phone)::text, 1, 2))"], "Sort Method": "quicksort", "Sort Space Used": 4968, "Sort Space Type": "Memory", "Plans": [{"Node Type": "Nested Loop", "Parent Relationship": "Outer", "Join Type": "Anti", "Startup Cost": 0.0, "Total Cost": 226249.97, "Plan Rows": 1, "Plan Width": 24, "Actual Startup Time": 1997.433, "Actual Total Time": 4411.89, "Actual Rows": 36604, "Actual Loops": 1, "Inner Unique": false, "Plans": [{"Node Type": "Index Scan", "Parent Relationship": "Outer", "Scan Direction": "Forward", "Index Name": "customer_pkey", "Relation Name": "customer", "Alias": "customer", "Startup Cost": 0.0, "Total Cost": 105140.36, "Plan Rows": 17500, "Plan Width": 32, "Actual Startup Time": 1997.392, "Actual Total Time": 3747.515, "Actual Rows": 109197, "Actual Loops": 1, "Filter": "((c_acctbal > $0) AND (\"substring\"((c_phone)::text, 1, 2) = ANY ('{20,40,22,30,39,42,21}'::text[])))", "Rows Removed by Filter": 1390803}, {"Node Type": "Index Scan", "Parent Relationship": "Inner", "Scan Direction": "Forward", "Index Name": "idx_orders_custkey", "Relation Name": "orders", "Alias": "orders", "Startup Cost": 0.0, "Total Cost": 17.99, "Plan Rows": 4, "Plan Width": 8, "Actual Startup Time": 555.838, "Actual Total Time": 555.838, "Actual Rows": 72593, "Actual Loops": 109197, "Index Cond": "(o_custkey = public.customer.c_custkey)", "Rows Removed by Index Recheck": 0}]}]}]}, "Triggers": [], "Planner Runtime": 0.606, "Total Runtime": 4446.572, "Unique SQL Id": 2798552886}}, "(1, 102)": {"explain_plan": {"Plan": {"Node Type": "Aggregate", "Strategy": "Sorted", "Startup Cost": 326543.86, "Total Cost": 326543.89, "Plan Rows": 1, "Plan Width": 40, "Group By Key": ["(\"substring\"((public.customer.c_phone)::text, 1, 2))"], "Plans": [{"Node Type": "Aggregate", "Strategy": "Plain", "Parent Relationship": "exec_init_plan", "Subplan Name": "InitPlan 1 (returns $0)", "Startup Cost": 76620.14, "Total Cost": 76620.15, "Plan Rows": 1, "Plan Width": 40, "Plans": [{"Node Type": "Seq Scan", "Parent Relationship": "Outer", "Relation Name": "customer", "Alias": "customer", "Startup Cost": 12.98, "Total Cost": 76501.0, "Plan Rows": 47655, "Plan Width": 8, "Filter": "((c_acctbal > 0::double precision) AND (\"substring\"((c_phone)::text, 1, 2) = ANY ('{20,40,22,30,39,42,21}'::text[])))"}]}, {"Node Type": "Sort", "Parent Relationship": "Outer", "Startup Cost": 249923.71, "Total Cost": 249923.72, "Plan Rows": 1, "Plan Width": 24, "Sort Key": ["(\"substring\"((public.customer.c_phone)::text, 1, 2))"], "Plans": [{"Node Type": "Nested Loop", "Parent Relationship": "Outer", "Join Type": "Anti", "Startup Cost": 3.75, "Total Cost": 249923.7, "Plan Rows": 1, "Plan Width": 24, "Inner Unique": false, "Plans": [{"Node Type": "Seq Scan", "Parent Relationship": "Outer", "Relation Name": "customer", "Alias": "customer", "Startup Cost": 0.0, "Total Cost": 76501.0, "Plan Rows": 17500, "Plan Width": 32, "Filter": "((c_acctbal > $0) AND (\"substring\"((c_phone)::text, 1, 2) = ANY ('{20,40,22,30,39,42,21}'::text[])))"}, {"Node Type": "Bitmap Heap Scan", "Parent Relationship": "Inner", "Relation Name": "orders", "Alias": "orders", "Startup Cost": 3.75, "Total Cost": 19.76, "Plan Rows": 4, "Plan Width": 8, "Recheck Cond": "(o_custkey = public.customer.c_custkey)", "Plans": [{"Node Type": "Bitmap Index Scan", "Parent Relationship": "Outer", "Index Name": "idx_orders_custkey", "Startup Cost": 0.0, "Total Cost": 3.75, "Plan Rows": 4, "Plan Width": 0, "Index Cond": "(o_custkey = public.customer.c_custkey)"}]}]}]}]}, "Unique SQL Id": 2798552886}, "explain_analyze_plan": {"Plan": {"Node Type": "Aggregate", "Strategy": "Sorted", "Startup Cost": 326543.86, "Total Cost": 326543.89, "Plan Rows": 1, "Plan Width": 40, "Actual Startup Time": 4467.914, "Actual Total Time": 4478.319, "Actual Rows": 4, "Actual Loops": 1, "Group By Key": ["(\"substring\"((public.customer.c_phone)::text, 1, 2))"], "Plans": [{"Node Type": "Aggregate", "Strategy": "Plain", "Parent Relationship": "exec_init_plan", "Subplan Name": "InitPlan 1 (returns $0)", "Startup Cost": 76620.14, "Total Cost": 76620.15, "Plan Rows": 1, "Plan Width": 40, "Actual Startup Time": 1998.25, "Actual Total Time": 1998.25, "Actual Rows": 1, "Actual Loops": 1, "Plans": [{"Node Type": "Seq Scan", "Parent Relationship": "Outer", "Relation Name": "customer", "Alias": "customer", "Startup Cost": 12.98, "Total Cost": 76501.0, "Plan Rows": 47655, "Plan Width": 8, "Actual Startup Time": 0.027, "Actual Total Time": 1903.14, "Actual Rows": 218121, "Actual Loops": 1, "Filter": "((c_acctbal > 0::double precision) AND (\"substring\"((c_phone)::text, 1, 2) = ANY ('{20,40,22,30,39,42,21}'::text[])))", "Rows Removed by Filter": 1281879}]}, {"Node Type": "Sort", "Parent Relationship": "Outer", "Startup Cost": 249923.71, "Total Cost": 249923.72, "Plan Rows": 1, "Plan Width": 24, "Actual Startup Time": 4464.389, "Actual Total Time": 4467.967, "Actual Rows": 36604, "Actual Loops": 1, "Sort Key": ["(\"substring\"((public.customer.c_phone)::text, 1, 2))"], "Sort Method": "quicksort", "Sort Space Used": 4968, "Sort Space Type": "Memory", "Plans": [{"Node Type": "Nested Loop", "Parent Relationship": "Outer", "Join Type": "Anti", "Startup Cost": 3.75, "Total Cost": 249923.7, "Plan Rows": 1, "Plan Width": 24, "Actual Startup Time": 1998.373, "Actual Total Time": 4442.474, "Actual Rows": 36604, "Actual Loops": 1, "Inner Unique": false, "Plans": [{"Node Type": "Seq Scan", "Parent Relationship": "Outer", "Relation Name": "customer", "Alias": "customer", "Startup Cost": 0.0, "Total Cost": 76501.0, "Plan Rows": 17500, "Plan Width": 32, "Actual Startup Time": 1998.311, "Actual Total Time": 3303.891, "Actual Rows": 109197, "Actual Loops": 1, "Filter": "((c_acctbal > $0) AND (\"substring\"((c_phone)::text, 1, 2) = ANY ('{20,40,22,30,39,42,21}'::text[])))", "Rows Removed by Filter": 1390803}, {"Node Type": "Bitmap Heap Scan", "Parent Relationship": "Inner", "Relation Name": "orders", "Alias": "orders", "Startup Cost": 3.75, "Total Cost": 19.76, "Plan Rows": 4, "Plan Width": 8, "Actual Startup Time": 951.823, "Actual Total Time": 951.823, "Actual Rows": 72593, "Actual Loops": 109197, "Recheck Cond": "(o_custkey = public.customer.c_custkey)", "Rows Removed by Index Recheck": 0, "Exact Heap Blocks": 72593, "Lossy Heap Blocks": 72593, "Plans": [{"Node Type": "Bitmap Index Scan", "Parent Relationship": "Outer", "Index Name": "idx_orders_custkey", "Startup Cost": 0.0, "Total Cost": 3.75, "Plan Rows": 4, "Plan Width": 0, "Actual Startup Time": 597.509, "Actual Total Time": 597.509, "Actual Rows": 1091631, "Actual Loops": 109197, "Index Cond": "(o_custkey = public.customer.c_custkey)"}]}]}]}]}, "Triggers": [], "Planner Runtime": 0.604, "Total Runtime": 4478.631, "Unique SQL Id": 2798552886}}, "(1, 103)": {"explain_plan": {"Plan": {"Node Type": "Aggregate", "Strategy": "Sorted", "Startup Cost": 2000018337677.48, "Total Cost": 2000018337677.51, "Plan Rows": 1, "Plan Width": 40, "Group By Key": ["(\"substring\"((public.customer.c_phone)::text, 1, 2))"], "Plans": [{"Node Type": "Aggregate", "Strategy": "Plain", "Parent Relationship": "exec_init_plan", "Subplan Name": "InitPlan 1 (returns $0)", "Startup Cost": 1000007650219.14, "Total Cost": 1000007650219.15, "Plan Rows": 1, "Plan Width": 40, "Plans": [{"Node Type": "Seq Scan", "Parent Relationship": "Outer", "Relation Name": "customer", "Alias": "customer", "Startup Cost": 10000000012.75, "Total Cost": 1000007650100.0, "Plan Rows": 47655, "Plan Width": 8, "Filter": "((c_acctbal > 0::double precision) AND (\"substring\"((c_phone)::text, 1, 2) = ANY ('{20,40,22,30,39,42,21}'::text[])))"}]}, {"Node Type": "Sort", "Parent Relationship": "Outer", "Startup Cost": 1000010687458.33, "Total Cost": 1000010687458.34, "Plan Rows": 1, "Plan Width": 24, "Sort Key": ["(\"substring\"((public.customer.c_phone)::text, 1, 2))"], "Plans": [{"Node Type": "Nested Loop", "Parent Relationship": "Outer", "Join Type": "Anti", "Startup Cost": 10000000003.75, "Total Cost": 1000010687458.32, "Plan Rows": 1, "Plan Width": 24, "Inner Unique": false, "Plans": [{"Node Type": "Index Scan", "Parent Relationship": "Outer", "Scan Direction": "Forward", "Index Name": "customer_pkey", "Relation Name": "customer", "Alias": "customer", "Startup Cost": 10000000000.0, "Total Cost": 1000010514035.62, "Plan Rows": 17500, "Plan Width": 32, "Filter": "((c_acctbal > $0) AND (\"substring\"((c_phone)::text, 1, 2) = ANY ('{20,40,22,30,39,42,21}'::text[])))"}, {"Node Type": "Bitmap Heap Scan", "Parent Relationship": "Inner", "Relation Name": "orders", "Alias": "orders", "Startup Cost": 3.75, "Total Cost": 19.76, "Plan Rows": 4, "Plan Width": 8, "Recheck Cond": "(o_custkey = public.customer.c_custkey)", "Plans": [{"Node Type": "Bitmap Index Scan", "Parent Relationship": "Outer", "Index Name": "idx_orders_custkey", "Startup Cost": 0.0, "Total Cost": 3.75, "Plan Rows": 4, "Plan Width": 0, "Index Cond": "(o_custkey = public.customer.c_custkey)"}]}]}]}]}, "Unique SQL Id": 2798552886}, "explain_analyze_plan": {"Plan": {"Node Type": "Aggregate", "Strategy": "Sorted", "Startup Cost": 2000018337677.48, "Total Cost": 2000018337677.51, "Plan Rows": 1, "Plan Width": 40, "Actual Startup Time": 4938.481, "Actual Total Time": 4948.912, "Actual Rows": 4, "Actual Loops": 1, "Group By Key": ["(\"substring\"((public.customer.c_phone)::text, 1, 2))"], "Plans": [{"Node Type": "Aggregate", "Strategy": "Plain", "Parent Relationship": "exec_init_plan", "Subplan Name": "InitPlan 1 (returns $0)", "Startup Cost": 1000007650219.14, "Total Cost": 1000007650219.15, "Plan Rows": 1, "Plan Width": 40, "Actual Startup Time": 1989.173, "Actual Total Time": 1989.174, "Actual Rows": 1, "Actual Loops": 1, "Plans": [{"Node Type": "Seq Scan", "Parent Relationship": "Outer", "Relation Name": "customer", "Alias": "customer", "Startup Cost": 10000000012.75, "Total Cost": 1000007650100.0, "Plan Rows": 47655, "Plan Width": 8, "Actual Startup Time": 0.032, "Actual Total Time": 1894.45, "Actual Rows": 218121, "Actual Loops": 1, "Filter": "((c_acctbal > 0::double precision) AND (\"substring\"((c_phone)::text, 1, 2) = ANY ('{20,40,22,30,39,42,21}'::text[])))", "Rows Removed by Filter": 1281879}]}, {"Node Type": "Sort", "Parent Relationship": "Outer", "Startup Cost": 1000010687458.33, "Total Cost": 1000010687458.34, "Plan Rows": 1, "Plan Width": 24, "Actual Startup Time": 4934.953, "Actual Total Time": 4938.537, "Actual Rows": 36604, "Actual Loops": 1, "Sort Key": ["(\"substring\"((public.customer.c_phone)::text, 1, 2))"], "Sort Method": "quicksort", "Sort Space Used": 4968, "Sort Space Type": "Memory", "Plans": [{"Node Type": "Nested Loop", "Parent Relationship": "Outer", "Join Type": "Anti", "Startup Cost": 10000000003.75, "Total Cost": 1000010687458.32, "Plan Rows": 1, "Plan Width": 24, "Actual Startup Time": 1989.319, "Actual Total Time": 4912.858, "Actual Rows": 36604, "Actual Loops": 1, "Inner Unique": false, "Plans": [{"Node Type": "Index Scan", "Parent Relationship": "Outer", "Scan Direction": "Forward", "Index Name": "customer_pkey", "Relation Name": "customer", "Alias": "customer", "Startup Cost": 10000000000.0, "Total Cost": 1000010514035.62, "Plan Rows": 17500, "Plan Width": 32, "Actual Startup Time": 1989.251, "Actual Total Time": 3801.63, "Actual Rows": 109197, "Actual Loops": 1, "Filter": "((c_acctbal > $0) AND (\"substring\"((c_phone)::text, 1, 2) = ANY ('{20,40,22,30,39,42,21}'::text[])))", "Rows Removed by Filter": 1390803}, {"Node Type": "Bitmap Heap Scan", "Parent Relationship": "Inner", "Relation Name": "orders", "Alias": "orders", "Startup Cost": 3.75, "Total Cost": 19.76, "Plan Rows": 4, "Plan Width": 8, "Actual Startup Time": 921.241, "Actual Total Time": 921.241, "Actual Rows": 72593, "Actual Loops": 109197, "Recheck Cond": "(o_custkey = public.customer.c_custkey)", "Rows Removed by Index Recheck": 0, "Exact Heap Blocks": 72593, "Lossy Heap Blocks": 72593, "Plans": [{"Node Type": "Bitmap Index Scan", "Parent Relationship": "Outer", "Index Name": "idx_orders_custkey", "Startup Cost": 0.0, "Total Cost": 3.75, "Plan Rows": 4, "Plan Width": 0, "Actual Startup Time": 578.575, "Actual Total Time": 578.575, "Actual Rows": 1091631, "Actual Loops": 109197, "Index Cond": "(o_custkey = public.customer.c_custkey)"}]}]}]}]}, "Triggers": [], "Planner Runtime": 0.609, "Total Runtime": 4949.194, "Unique SQL Id": 2798552886}}, "(1, 104)": {"explain_plan": {"Plan": {"Node Type": "Aggregate", "Strategy": "Sorted", "Startup Cost": 178853.65, "Total Cost": 178853.67, "Plan Rows": 1, "Plan Width": 40, "Group By Key": ["(\"substring\"((public.customer.c_phone)::text, 1, 2))"], "Plans": [{"Node Type": "Aggregate", "Strategy": "Plain", "Parent Relationship": "exec_init_plan", "Subplan Name": "InitPlan 1 (returns $0)", "Startup Cost": 76620.14, "Total Cost": 76620.15, "Plan Rows": 1, "Plan Width": 40, "Plans": [{"Node Type": "Seq Scan", "Parent Relationship": "Outer", "Relation Name": "customer", "Alias": "customer", "Startup Cost": 12.98, "Total Cost": 76501.0, "Plan Rows": 47655, "Plan Width": 8, "Filter": "((c_acctbal > 0::double precision) AND (\"substring\"((c_phone)::text, 1, 2) = ANY ('{20,40,22,30,39,42,21}'::text[])))"}]}, {"Node Type": "Sort", "Parent Relationship": "Outer", "Startup Cost": 102233.5, "Total Cost": 102233.5, "Plan Rows": 1, "Plan Width": 24, "Sort Key": ["(\"substring\"((public.customer.c_phone)::text, 1, 2))"], "Plans": [{"Node Type": "Nested Loop", "Parent Relationship": "Outer", "Join Type": "Anti", "Startup Cost": 0.0, "Total Cost": 102233.49, "Plan Rows": 1, "Plan Width": 24, "Inner Unique": false, "Plans": [{"Node Type": "Seq Scan", "Parent Relationship": "Outer", "Relation Name": "customer", "Alias": "customer", "Startup Cost": 0.0, "Total Cost": 76501.0, "Plan Rows": 17500, "Plan Width": 32, "Filter": "((c_acctbal > $0) AND (\"substring\"((c_phone)::text, 1, 2) = ANY ('{20,40,22,30,39,42,21}'::text[])))"}, {"Node Type": "Index Only Scan", "Parent Relationship": "Inner", "Scan Direction": "Forward", "Index Name": "idx_orders_custkey", "Relation Name": "orders", "Alias": "orders", "Startup Cost": 0.0, "Total Cost": 3.79, "Plan Rows": 4, "Plan Width": 8, "Index Cond": "(o_custkey = public.customer.c_custkey)"}]}]}]}, "Unique SQL Id": 2798552886}, "explain_analyze_plan": {"Plan": {"Node Type": "Aggregate", "Strategy": "Sorted", "Startup Cost": 178853.65, "Total Cost": 178853.67, "Plan Rows": 1, "Plan Width": 40, "Actual Startup Time": 3881.351, "Actual Total Time": 3891.855, "Actual Rows": 4, "Actual Loops": 1, "Group By Key": ["(\"substring\"((public.customer.c_phone)::text, 1, 2))"], "Plans": [{"Node Type": "Aggregate", "Strategy": "Plain", "Parent Relationship": "exec_init_plan", "Subplan Name": "InitPlan 1 (returns $0)", "Startup Cost": 76620.14, "Total Cost": 76620.15, "Plan Rows": 1, "Plan Width": 40, "Actual Startup Time": 2010.36, "Actual Total Time": 2010.361, "Actual Rows": 1, "Actual Loops": 1, "Plans": [{"Node Type": "Seq Scan", "Parent Relationship": "Outer", "Relation Name": "customer", "Alias": "customer", "Startup Cost": 12.98, "Total Cost": 76501.0, "Plan Rows": 47655, "Plan Width": 8, "Actual Startup Time": 0.029, "Actual Total Time": 1914.702, "Actual Rows": 218121, "Actual Loops": 1, "Filter": "((c_acctbal > 0::double precision) AND (\"substring\"((c_phone)::text, 1, 2) = ANY ('{20,40,22,30,39,42,21}'::text[])))", "Rows Removed by Filter": 1281879}]}, {"Node Type": "Sort", "Parent Relationship": "Outer", "Startup Cost": 102233.5, "Total Cost": 102233.5, "Plan Rows": 1, "Plan Width": 24, "Actual Startup Time": 3877.781, "Actual Total Time": 3881.447, "Actual Rows": 36604, "Actual Loops": 1, "Sort Key": ["(\"substring\"((public.customer.c_phone)::text, 1, 2))"], "Sort Method": "quicksort", "Sort Space Used": 4968, "Sort Space Type": "Memory", "Plans": [{"Node Type": "Nested Loop", "Parent Relationship": "Outer", "Join Type": "Anti", "Startup Cost": 0.0, "Total Cost": 102233.49, "Plan Rows": 1, "Plan Width": 24, "Actual Startup Time": 2010.457, "Actual Total Time": 3857.027, "Actual Rows": 36604, "Actual Loops": 1, "Inner Unique": false, "Plans": [{"Node Type": "Seq Scan", "Parent Relationship": "Outer", "Relation Name": "customer", "Alias": "customer", "Startup Cost": 0.0, "Total Cost": 76501.0, "Plan Rows": 17500, "Plan Width": 32, "Actual Startup Time": 2010.414, "Actual Total Time": 3294.32, "Actual Rows": 109197, "Actual Loops": 1, "Filter": "((c_acctbal > $0) AND (\"substring\"((c_phone)::text, 1, 2) = ANY ('{20,40,22,30,39,42,21}'::text[])))", "Rows Removed by Filter": 1390803}, {"Node Type": "Index Only Scan", "Parent Relationship": "Inner", "Scan Direction": "Forward", "Index Name": "idx_orders_custkey", "Relation Name": "orders", "Alias": "orders", "Startup Cost": 0.0, "Total Cost": 3.79, "Plan Rows": 4, "Plan Width": 8, "Actual Startup Time": 460.774, "Actual Total Time": 460.774, "Actual Rows": 72593, "Actual Loops": 109197, "Index Cond": "(o_custkey = public.customer.c_custkey)", "Rows Removed by Index Recheck": 0, "Heap Fetches": 0}]}]}]}, "Triggers": [], "Planner Runtime": 0.607, "Total Runtime": 3892.138, "Unique SQL Id": 2798552886}}, "(1, 105)": {"explain_plan": {"Plan": {"Node Type": "Aggregate", "Strategy": "Sorted", "Startup Cost": 1000007781092.0, "Total Cost": 1000007781092.03, "Plan Rows": 1, "Plan Width": 40, "Group By Key": ["(\"substring\"((public.customer.c_phone)::text, 1, 2))"], "Plans": [{"Node Type": "Aggregate", "Strategy": "Plain", "Parent Relationship": "exec_init_plan", "Subplan Name": "InitPlan 1 (returns $0)", "Startup Cost": 1000007650219.14, "Total Cost": 1000007650219.15, "Plan Rows": 1, "Plan Width": 40, "Plans": [{"Node Type": "Seq Scan", "Parent Relationship": "Outer", "Relation Name": "customer", "Alias": "customer", "Startup Cost": 10000000012.75, "Total Cost": 1000007650100.0, "Plan Rows": 47655, "Plan Width": 8, "Filter": "((c_acctbal > 0::double precision) AND (\"substring\"((c_phone)::text, 1, 2) = ANY ('{20,40,22,30,39,42,21}'::text[])))"}]}, {"Node Type": "Sort", "Parent Relationship": "Outer", "Startup Cost": 130872.85, "Total Cost": 130872.86, "Plan Rows": 1, "Plan Width": 24, "Sort Key": ["(\"substring\"((public.customer.c_phone)::text, 1, 2))"], "Plans": [{"Node Type": "Nested Loop", "Parent Relationship": "Outer", "Join Type": "Anti", "Startup Cost": 0.0, "Total Cost": 130872.84, "Plan Rows": 1, "Plan Width": 24, "Inner Unique": false, "Plans": [{"Node Type": "Index Scan", "Parent Relationship": "Outer", "Scan Direction": "Forward", "Index Name": "customer_pkey", "Relation Name": "customer", "Alias": "customer", "Startup Cost": 0.0, "Total Cost": 105140.36, "Plan Rows": 17500, "Plan Width": 32, "Filter": "((c_acctbal > $0) AND (\"substring\"((c_phone)::text, 1, 2) = ANY ('{20,40,22,30,39,42,21}'::text[])))"}, {"Node Type": "Index Only Scan", "Parent Relationship": "Inner", "Scan Direction": "Forward", "Index Name": "idx_orders_custkey", "Relation Name": "orders", "Alias": "orders", "Startup Cost": 0.0, "Total Cost": 3.79, "Plan Rows": 4, "Plan Width": 8, "Index Cond": "(o_custkey = public.customer.c_custkey)"}]}]}]}, "Unique SQL Id": 2798552886}, "explain_analyze_plan": {"Plan": {"Node Type": "Aggregate", "Strategy": "Sorted", "Startup Cost": 1000007781092.0, "Total Cost": 1000007781092.03, "Plan Rows": 1, "Plan Width": 40, "Actual Startup Time": 4453.89, "Actual Total Time": 4464.091, "Actual Rows": 4, "Actual Loops": 1, "Group By Key": ["(\"substring\"((public.customer.c_phone)::text, 1, 2))"], "Plans": [{"Node Type": "Aggregate", "Strategy": "Plain", "Parent Relationship": "exec_init_plan", "Subplan Name": "InitPlan 1 (returns $0)", "Startup Cost": 1000007650219.14, "Total Cost": 1000007650219.15, "Plan Rows": 1, "Plan Width": 40, "Actual Startup Time": 1990.397, "Actual Total Time": 1990.398, "Actual Rows": 1, "Actual Loops": 1, "Plans": [{"Node Type": "Seq Scan", "Parent Relationship": "Outer", "Relation Name": "customer", "Alias": "customer", "Startup Cost": 10000000012.75, "Total Cost": 1000007650100.0, "Plan Rows": 47655, "Plan Width": 8, "Actual Startup Time": 0.036, "Actual Total Time": 1895.081, "Actual Rows": 218121, "Actual Loops": 1, "Filter": "((c_acctbal > 0::double precision) AND (\"substring\"((c_phone)::text, 1, 2) = ANY ('{20,40,22,30,39,42,21}'::text[])))", "Rows Removed by Filter": 1281879}]}, {"Node Type": "Sort", "Parent Relationship": "Outer", "Startup Cost": 130872.85, "Total Cost": 130872.86, "Plan Rows": 1, "Plan Width": 24, "Actual Startup Time": 4450.398, "Actual Total Time": 4453.934, "Actual Rows": 36604, "Actual Loops": 1, "Sort Key": ["(\"substring\"((public.customer.c_phone)::text, 1, 2))"], "Sort Method": "quicksort", "Sort Space Used": 4968, "Sort Space Type": "Memory", "Plans": [{"Node Type": "Nested Loop", "Parent Relationship": "Outer", "Join Type": "Anti", "Startup Cost": 0.0, "Total Cost": 130872.84, "Plan Rows": 1, "Plan Width": 24, "Actual Startup Time": 1990.521, "Actual Total Time": 4429.799, "Actual Rows": 36604, "Actual Loops": 1, "Inner Unique": false, "Plans": [{"Node Type": "Index Scan", "Parent Relationship": "Outer", "Scan Direction": "Forward", "Index Name": "customer_pkey", "Relation Name": "customer", "Alias": "customer", "Startup Cost": 0.0, "Total Cost": 105140.36, "Plan Rows": 17500, "Plan Width": 32, "Actual Startup Time": 1990.477, "Actual Total Time": 3857.715, "Actual Rows": 109197, "Actual Loops": 1, "Filter": "((c_acctbal > $0) AND (\"substring\"((c_phone)::text, 1, 2) = ANY ('{20,40,22,30,39,42,21}'::text[])))", "Rows Removed by Filter": 1390803}, {"Node Type": "Index Only Scan", "Parent Relationship": "Inner", "Scan Direction": "Forward", "Index Name": "idx_orders_custkey", "Relation Name": "orders", "Alias": "orders", "Startup Cost": 0.0, "Total Cost": 3.79, "Plan Rows": 4, "Plan Width": 8, "Actual Startup Time": 469.636, "Actual Total Time": 469.636, "Actual Rows": 72593, "Actual Loops": 109197, "Index Cond": "(o_custkey = public.customer.c_custkey)", "Rows Removed by Index Recheck": 0, "Heap Fetches": 0}]}]}]}, "Triggers": [], "Planner Runtime": 0.607, "Total Runtime": 4464.404, "Unique SQL Id": 2798552886}}, "(1, 106)": {"explain_plan": {"Plan": {"Node Type": "Aggregate", "Strategy": "Sorted", "Startup Cost": 639751.62, "Total Cost": 639751.65, "Plan Rows": 1, "Plan Width": 40, "Group By Key": ["(\"substring\"((public.customer.c_phone)::text, 1, 2))"], "Plans": [{"Node Type": "Aggregate", "Strategy": "Plain", "Parent Relationship": "exec_init_plan", "Subplan Name": "InitPlan 1 (returns $0)", "Startup Cost": 76620.14, "Total Cost": 76620.15, "Plan Rows": 1, "Plan Width": 40, "Plans": [{"Node Type": "Seq Scan", "Parent Relationship": "Outer", "Relation Name": "customer", "Alias": "customer", "Startup Cost": 12.98, "Total Cost": 76501.0, "Plan Rows": 47655, "Plan Width": 8, "Filter": "((c_acctbal > 0::double precision) AND (\"substring\"((c_phone)::text, 1, 2) = ANY ('{20,40,22,30,39,42,21}'::text[])))"}]}, {"Node Type": "Sort", "Parent Relationship": "Outer", "Startup Cost": 563131.47, "Total Cost": 563131.48, "Plan Rows": 1, "Plan Width": 24, "Sort Key": ["(\"substring\"((public.customer.c_phone)::text, 1, 2))"], "Plans": [{"Node Type": "Hash Join", "Parent Relationship": "Outer", "Join Type": "Right Anti", "Startup Cost": 76719.75, "Total Cost": 563131.46, "Plan Rows": 1, "Plan Width": 24, "Inner Unique": true, "Hash Cond": "(orders.o_custkey = public.customer.c_custkey)", "Plans": [{"Node Type": "Seq Scan", "Parent Relationship": "Outer", "Relation Name": "orders", "Alias": "orders", "Startup Cost": 0.0, "Total Cost": 426413.79, "Plan Rows": 14999479, "Plan Width": 8}, {"Node Type": "Hash", "Parent Relationship": "Inner", "Startup Cost": 76501.0, "Total Cost": 76501.0, "Plan Rows": 17500, "Plan Width": 32, "Plans": [{"Node Type": "Seq Scan", "Parent Relationship": "Outer", "Relation Name": "customer", "Alias": "customer", "Startup Cost": 0.0, "Total Cost": 76501.0, "Plan Rows": 17500, "Plan Width": 32, "Filter": "((c_acctbal > $0) AND (\"substring\"((c_phone)::text, 1, 2) = ANY ('{20,40,22,30,39,42,21}'::text[])))"}]}]}]}]}, "Unique SQL Id": 2798552886}, "explain_analyze_plan": null}, "(1, 107)": {"explain_plan": {"Plan": {"Node Type": "Aggregate", "Strategy": "Sorted", "Startup Cost": 3000063710514.95, "Total Cost": 3000063710514.98, "Plan Rows": 1, "Plan Width": 40, "Group By Key": ["(\"substring\"((public.customer.c_phone)::text, 1, 2))"], "Plans": [{"Node Type": "Aggregate", "Strategy": "Plain", "Parent Relationship": "exec_init_plan", "Subplan Name": "InitPlan 1 (returns $0)", "Startup Cost": 1000007650219.14, "Total Cost": 1000007650219.15, "Plan Rows": 1, "Plan Width": 40, "Plans": [{"Node Type": "Seq Scan", "Parent Relationship": "Outer", "Relation Name": "customer", "Alias": "customer", "Startup Cost": 10000000012.75, "Total Cost": 1000007650100.0, "Plan Rows": 47655, "Plan Width": 8, "Filter": "((c_acctbal > 0::double precision) AND (\"substring\"((c_phone)::text, 1, 2) = ANY ('{20,40,22,30,39,42,21}'::text[])))"}]}, {"Node Type": "Sort", "Parent Relationship": "Outer", "Startup Cost": 2000056060295.8, "Total Cost": 2000056060295.81, "Plan Rows": 1, "Plan Width": 24, "Sort Key": ["(\"substring\"((public.customer.c_phone)::text, 1, 2))"], "Plans": [{"Node Type": "Hash Join", "Parent Relationship": "Outer", "Join Type": "Right Anti", "Startup Cost": 1010010514254.37, "Total Cost": 2000056060295.79, "Plan Rows": 1, "Plan Width": 24, "Inner Unique": true, "Hash Cond": "(orders.o_custkey = public.customer.c_custkey)", "Plans": [{"Node Type": "Index Only Scan", "Parent Relationship": "Outer", "Scan Direction": "Forward", "Index Name": "idx_orders_custkey", "Relation Name": "orders", "Alias": "orders", "Startup Cost": 10000000000.0, "Total Cost": 1000045486043.5, "Plan Rows": 14999479, "Plan Width": 8}, {"Node Type": "Hash", "Parent Relationship": "Inner", "Startup Cost": 1000010514035.62, "Total Cost": 1000010514035.62, "Plan Rows": 17500, "Plan Width": 32, "Plans": [{"Node Type": "Index Scan", "Parent Relationship": "Outer", "Scan Direction": "Forward", "Index Name": "customer_pkey", "Relation Name": "customer", "Alias": "customer", "Startup Cost": 10000000000.0, "Total Cost": 1000010514035.62, "Plan Rows": 17500, "Plan Width": 32, "Filter": "((c_acctbal > $0) AND (\"substring\"((c_phone)::text, 1, 2) = ANY ('{20,40,22,30,39,42,21}'::text[])))"}]}]}]}]}, "Unique SQL Id": 2798552886}, "explain_analyze_plan": null}, "(1, 108)": {"explain_plan": {"Plan": {"Node Type": "Aggregate", "Strategy": "Sorted", "Startup Cost": 274230.77, "Total Cost": 274230.8, "Plan Rows": 1, "Plan Width": 40, "Group By Key": ["(\"substring\"((public.customer.c_phone)::text, 1, 2))"], "Plans": [{"Node Type": "Aggregate", "Strategy": "Plain", "Parent Relationship": "exec_init_plan", "Subplan Name": "InitPlan 1 (returns $0)", "Startup Cost": 76620.14, "Total Cost": 76620.15, "Plan Rows": 1, "Plan Width": 40, "Plans": [{"Node Type": "Seq Scan", "Parent Relationship": "Outer", "Relation Name": "customer", "Alias": "customer", "Startup Cost": 12.98, "Total Cost": 76501.0, "Plan Rows": 47655, "Plan Width": 8, "Filter": "((c_acctbal > 0::double precision) AND (\"substring\"((c_phone)::text, 1, 2) = ANY ('{20,40,22,30,39,42,21}'::text[])))"}]}, {"Node Type": "Sort", "Parent Relationship": "Outer", "Startup Cost": 197610.62, "Total Cost": 197610.62, "Plan Rows": 1, "Plan Width": 24, "Sort Key": ["(\"substring\"((public.customer.c_phone)::text, 1, 2))"], "Plans": [{"Node Type": "Nested Loop", "Parent Relationship": "Outer", "Join Type": "Anti", "Startup Cost": 0.0, "Total Cost": 197610.61, "Plan Rows": 1, "Plan Width": 24, "Inner Unique": false, "Plans": [{"Node Type": "Seq Scan", "Parent Relationship": "Outer", "Relation Name": "customer", "Alias": "customer", "Startup Cost": 0.0, "Total Cost": 76501.0, "Plan Rows": 17500, "Plan Width": 32, "Filter": "((c_acctbal > $0) AND (\"substring\"((c_phone)::text, 1, 2) = ANY ('{20,40,22,30,39,42,21}'::text[])))"}, {"Node Type": "Index Scan", "Parent Relationship": "Inner", "Scan Direction": "Forward", "Index Name": "idx_orders_custkey", "Relation Name": "orders", "Alias": "orders", "Startup Cost": 0.0, "Total Cost": 17.99, "Plan Rows": 4, "Plan Width": 8, "Index Cond": "(o_custkey = public.customer.c_custkey)"}]}]}]}, "Unique SQL Id": 2798552886}, "explain_analyze_plan": {"Plan": {"Node Type": "Aggregate", "Strategy": "Sorted", "Startup Cost": 274230.77, "Total Cost": 274230.8, "Plan Rows": 1, "Plan Width": 40, "Actual Startup Time": 4066.361, "Actual Total Time": 4076.734, "Actual Rows": 4, "Actual Loops": 1, "Group By Key": ["(\"substring\"((public.customer.c_phone)::text, 1, 2))"], "Plans": [{"Node Type": "Aggregate", "Strategy": "Plain", "Parent Relationship": "exec_init_plan", "Subplan Name": "InitPlan 1 (returns $0)", "Startup Cost": 76620.14, "Total Cost": 76620.15, "Plan Rows": 1, "Plan Width": 40, "Actual Startup Time": 1991.742, "Actual Total Time": 1991.742, "Actual Rows": 1, "Actual Loops": 1, "Plans": [{"Node Type": "Seq Scan", "Parent Relationship": "Outer", "Relation Name": "customer", "Alias": "customer", "Startup Cost": 12.98, "Total Cost": 76501.0, "Plan Rows": 47655, "Plan Width": 8, "Actual Startup Time": 0.028, "Actual Total Time": 1896.339, "Actual Rows": 218121, "Actual Loops": 1, "Filter": "((c_acctbal > 0::double precision) AND (\"substring\"((c_phone)::text, 1, 2) = ANY ('{20,40,22,30,39,42,21}'::text[])))", "Rows Removed by Filter": 1281879}]}, {"Node Type": "Sort", "Parent Relationship": "Outer", "Startup Cost": 197610.62, "Total Cost": 197610.62, "Plan Rows": 1, "Plan Width": 24, "Actual Startup Time": 4062.845, "Actual Total Time": 4066.44, "Actual Rows": 36604, "Actual Loops": 1, "Sort Key": ["(\"substring\"((public.customer.c_phone)::text, 1, 2))"], "Sort Method": "quicksort", "Sort Space Used": 4968, "Sort Space Type": "Memory", "Plans": [{"Node Type": "Nested Loop", "Parent Relationship": "Outer", "Join Type": "Anti", "Startup Cost": 0.0, "Total Cost": 197610.61, "Plan Rows": 1, "Plan Width": 24, "Actual Startup Time": 1991.84, "Actual Total Time": 4041.643, "Actual Rows": 36604, "Actual Loops": 1, "Inner Unique": false, "Plans": [{"Node Type": "Seq Scan", "Parent Relationship": "Outer", "Relation Name": "customer", "Alias": "customer", "Startup Cost": 0.0, "Total Cost": 76501.0, "Plan Rows": 17500, "Plan Width": 32, "Actual Startup Time": 1991.803, "Actual Total Time": 3287.835, "Actual Rows": 109197, "Actual Loops": 1, "Filter": "((c_acctbal > $0) AND (\"substring\"((c_phone)::text, 1, 2) = ANY ('{20,40,22,30,39,42,21}'::text[])))", "Rows Removed by Filter": 1390803}, {"Node Type": "Index Scan", "Parent Relationship": "Inner", "Scan Direction": "Forward", "Index Name": "idx_orders_custkey", "Relation Name": "orders", "Alias": "orders", "Startup Cost": 0.0, "Total Cost": 17.99, "Plan Rows": 4, "Plan Width": 8, "Actual Startup Time": 644.787, "Actual Total Time": 644.787, "Actual Rows": 72593, "Actual Loops": 109197, "Index Cond": "(o_custkey = public.customer.c_custkey)", "Rows Removed by Index Recheck": 0}]}]}]}, "Triggers": [], "Planner Runtime": 0.602, "Total Runtime": 4077.007, "Unique SQL Id": 2798552886}}, "(1, 109)": {"explain_plan": {"Plan": {"Node Type": "Aggregate", "Strategy": "Sorted", "Startup Cost": 1000007876469.13, "Total Cost": 1000007876469.15, "Plan Rows": 1, "Plan Width": 40, "Group By Key": ["(\"substring\"((public.customer.c_phone)::text, 1, 2))"], "Plans": [{"Node Type": "Aggregate", "Strategy": "Plain", "Parent Relationship": "exec_init_plan", "Subplan Name": "InitPlan 1 (returns $0)", "Startup Cost": 1000007650219.14, "Total Cost": 1000007650219.15, "Plan Rows": 1, "Plan Width": 40, "Plans": [{"Node Type": "Seq Scan", "Parent Relationship": "Outer", "Relation Name": "customer", "Alias": "customer", "Startup Cost": 10000000012.75, "Total Cost": 1000007650100.0, "Plan Rows": 47655, "Plan Width": 8, "Filter": "((c_acctbal > 0::double precision) AND (\"substring\"((c_phone)::text, 1, 2) = ANY ('{20,40,22,30,39,42,21}'::text[])))"}]}, {"Node Type": "Sort", "Parent Relationship": "Outer", "Startup Cost": 226249.98, "Total Cost": 226249.98, "Plan Rows": 1, "Plan Width": 24, "Sort Key": ["(\"substring\"((public.customer.c_phone)::text, 1, 2))"], "Plans": [{"Node Type": "Nested Loop", "Parent Relationship": "Outer", "Join Type": "Anti", "Startup Cost": 0.0, "Total Cost": 226249.97, "Plan Rows": 1, "Plan Width": 24, "Inner Unique": false, "Plans": [{"Node Type": "Index Scan", "Parent Relationship": "Outer", "Scan Direction": "Forward", "Index Name": "customer_pkey", "Relation Name": "customer", "Alias": "customer", "Startup Cost": 0.0, "Total Cost": 105140.36, "Plan Rows": 17500, "Plan Width": 32, "Filter": "((c_acctbal > $0) AND (\"substring\"((c_phone)::text, 1, 2) = ANY ('{20,40,22,30,39,42,21}'::text[])))"}, {"Node Type": "Index Scan", "Parent Relationship": "Inner", "Scan Direction": "Forward", "Index Name": "idx_orders_custkey", "Relation Name": "orders", "Alias": "orders", "Startup Cost": 0.0, "Total Cost": 17.99, "Plan Rows": 4, "Plan Width": 8, "Index Cond": "(o_custkey = public.customer.c_custkey)"}]}]}]}, "Unique SQL Id": 2798552886}, "explain_analyze_plan": {"Plan": {"Node Type": "Aggregate", "Strategy": "Sorted", "Startup Cost": 1000007876469.13, "Total Cost": 1000007876469.15, "Plan Rows": 1, "Plan Width": 40, "Actual Startup Time": 4435.834, "Actual Total Time": 4446.26, "Actual Rows": 4, "Actual Loops": 1, "Group By Key": ["(\"substring\"((public.customer.c_phone)::text, 1, 2))"], "Plans": [{"Node Type": "Aggregate", "Strategy": "Plain", "Parent Relationship": "exec_init_plan", "Subplan Name": "InitPlan 1 (returns $0)", "Startup Cost": 1000007650219.14, "Total Cost": 1000007650219.15, "Plan Rows": 1, "Plan Width": 40, "Actual Startup Time": 1997.317, "Actual Total Time": 1997.317, "Actual Rows": 1, "Actual Loops": 1, "Plans": [{"Node Type": "Seq Scan", "Parent Relationship": "Outer", "Relation Name": "customer", "Alias": "customer", "Startup Cost": 10000000012.75, "Total Cost": 1000007650100.0, "Plan Rows": 47655, "Plan Width": 8, "Actual Startup Time": 0.038, "Actual Total Time": 1901.983, "Actual Rows": 218121, "Actual Loops": 1, "Filter": "((c_acctbal > 0::double precision) AND (\"substring\"((c_phone)::text, 1, 2) = ANY ('{20,40,22,30,39,42,21}'::text[])))", "Rows Removed by Filter": 1281879}]}, {"Node Type": "Sort", "Parent Relationship": "Outer", "Startup Cost": 226249.98, "Total Cost": 226249.98, "Plan Rows": 1, "Plan Width": 24, "Actual Startup Time": 4432.31, "Actual Total Time": 4435.843, "Actual Rows": 36604, "Actual Loops": 1, "Sort Key": ["(\"substring\"((public.customer.c_phone)::text, 1, 2))"], "Sort Method": "quicksort", "Sort Space Used": 4968, "Sort Space Type": "Memory", "Plans": [{"Node Type": "Nested Loop", "Parent Relationship": "Outer", "Join Type": "Anti", "Startup Cost": 0.0, "Total Cost": 226249.97, "Plan Rows": 1, "Plan Width": 24, "Actual Startup Time": 1997.433, "Actual Total Time": 4411.89, "Actual Rows": 36604, "Actual Loops": 1, "Inner Unique": false, "Plans": [{"Node Type": "Index Scan", "Parent Relationship": "Outer", "Scan Direction": "Forward", "Index Name": "customer_pkey", "Relation Name": "customer", "Alias": "customer", "Startup Cost": 0.0, "Total Cost": 105140.36, "Plan Rows": 17500, "Plan Width": 32, "Actual Startup Time": 1997.392, "Actual Total Time": 3747.515, "Actual Rows": 109197, "Actual Loops": 1, "Filter": "((c_acctbal > $0) AND (\"substring\"((c_phone)::text, 1, 2) = ANY ('{20,40,22,30,39,42,21}'::text[])))", "Rows Removed by Filter": 1390803}, {"Node Type": "Index Scan", "Parent Relationship": "Inner", "Scan Direction": "Forward", "Index Name": "idx_orders_custkey", "Relation Name": "orders", "Alias": "orders", "Startup Cost": 0.0, "Total Cost": 17.99, "Plan Rows": 4, "Plan Width": 8, "Actual Startup Time": 555.838, "Actual Total Time": 555.838, "Actual Rows": 72593, "Actual Loops": 109197, "Index Cond": "(o_custkey = public.customer.c_custkey)", "Rows Removed by Index Recheck": 0}]}]}]}, "Triggers": [], "Planner Runtime": 0.606, "Total Runtime": 4446.572, "Unique SQL Id": 2798552886}}, "(1, 110)": {"explain_plan": {"Plan": {"Node Type": "Aggregate", "Strategy": "Sorted", "Startup Cost": 639751.62, "Total Cost": 639751.65, "Plan Rows": 1, "Plan Width": 40, "Group By Key": ["(\"substring\"((public.customer.c_phone)::text, 1, 2))"], "Plans": [{"Node Type": "Aggregate", "Strategy": "Plain", "Parent Relationship": "exec_init_plan", "Subplan Name": "InitPlan 1 (returns $0)", "Startup Cost": 76620.14, "Total Cost": 76620.15, "Plan Rows": 1, "Plan Width": 40, "Plans": [{"Node Type": "Seq Scan", "Parent Relationship": "Outer", "Relation Name": "customer", "Alias": "customer", "Startup Cost": 12.98, "Total Cost": 76501.0, "Plan Rows": 47655, "Plan Width": 8, "Filter": "((c_acctbal > 0::double precision) AND (\"substring\"((c_phone)::text, 1, 2) = ANY ('{20,40,22,30,39,42,21}'::text[])))"}]}, {"Node Type": "Sort", "Parent Relationship": "Outer", "Startup Cost": 563131.47, "Total Cost": 563131.48, "Plan Rows": 1, "Plan Width": 24, "Sort Key": ["(\"substring\"((public.customer.c_phone)::text, 1, 2))"], "Plans": [{"Node Type": "Hash Join", "Parent Relationship": "Outer", "Join Type": "Right Anti", "Startup Cost": 76719.75, "Total Cost": 563131.46, "Plan Rows": 1, "Plan Width": 24, "Inner Unique": true, "Hash Cond": "(orders.o_custkey = public.customer.c_custkey)", "Plans": [{"Node Type": "Seq Scan", "Parent Relationship": "Outer", "Relation Name": "orders", "Alias": "orders", "Startup Cost": 0.0, "Total Cost": 426413.79, "Plan Rows": 14999479, "Plan Width": 8}, {"Node Type": "Hash", "Parent Relationship": "Inner", "Startup Cost": 76501.0, "Total Cost": 76501.0, "Plan Rows": 17500, "Plan Width": 32, "Plans": [{"Node Type": "Seq Scan", "Parent Relationship": "Outer", "Relation Name": "customer", "Alias": "customer", "Startup Cost": 0.0, "Total Cost": 76501.0, "Plan Rows": 17500, "Plan Width": 32, "Filter": "((c_acctbal > $0) AND (\"substring\"((c_phone)::text, 1, 2) = ANY ('{20,40,22,30,39,42,21}'::text[])))"}]}]}]}]}, "Unique SQL Id": 2798552886}, "explain_analyze_plan": null}, "(1, 111)": {"explain_plan": {"Plan": {"Node Type": "Aggregate", "Strategy": "Sorted", "Startup Cost": 3000174276000.54, "Total Cost": 3000174276000.56, "Plan Rows": 1, "Plan Width": 40, "Group By Key": ["(\"substring\"((public.customer.c_phone)::text, 1, 2))"], "Plans": [{"Node Type": "Aggregate", "Strategy": "Plain", "Parent Relationship": "exec_init_plan", "Subplan Name": "InitPlan 1 (returns $0)", "Startup Cost": 1000007650219.14, "Total Cost": 1000007650219.15, "Plan Rows": 1, "Plan Width": 40, "Plans": [{"Node Type": "Seq Scan", "Parent Relationship": "Outer", "Relation Name": "customer", "Alias": "customer", "Startup Cost": 10000000012.75, "Total Cost": 1000007650100.0, "Plan Rows": 47655, "Plan Width": 8, "Filter": "((c_acctbal > 0::double precision) AND (\"substring\"((c_phone)::text, 1, 2) = ANY ('{20,40,22,30,39,42,21}'::text[])))"}]}, {"Node Type": "Sort", "Parent Relationship": "Outer", "Startup Cost": 2000166625781.39, "Total Cost": 2000166625781.39, "Plan Rows": 1, "Plan Width": 24, "Sort Key": ["(\"substring\"((public.customer.c_phone)::text, 1, 2))"], "Plans": [{"Node Type": "Hash Join", "Parent Relationship": "Outer", "Join Type": "Right Anti", "Startup Cost": 1010010514254.37, "Total Cost": 2000166625781.38, "Plan Rows": 1, "Plan Width": 24, "Inner Unique": true, "Hash Cond": "(orders.o_custkey = public.customer.c_custkey)", "Plans": [{"Node Type": "Index Scan", "Parent Relationship": "Outer", "Scan Direction": "Forward", "Index Name": "idx_orders_custkey", "Relation Name": "orders", "Alias": "orders", "Startup Cost": 10000000000.0, "Total Cost": 1000156051529.08, "Plan Rows": 14999479, "Plan Width": 8}, {"Node Type": "Hash", "Parent Relationship": "Inner", "Startup Cost": 1000010514035.62, "Total Cost": 1000010514035.62, "Plan Rows": 17500, "Plan Width": 32, "Plans": [{"Node Type": "Index Scan", "Parent Relationship": "Outer", "Scan Direction": "Forward", "Index Name": "customer_pkey", "Relation Name": "customer", "Alias": "customer", "Startup Cost": 10000000000.0, "Total Cost": 1000010514035.62, "Plan Rows": 17500, "Plan Width": 32, "Filter": "((c_acctbal > $0) AND (\"substring\"((c_phone)::text, 1, 2) = ANY ('{20,40,22,30,39,42,21}'::text[])))"}]}]}]}]}, "Unique SQL Id": 2798552886}, "explain_analyze_plan": null}, "(1, 112)": {"explain_plan": {"Plan": {"Node Type": "Aggregate", "Strategy": "Sorted", "Startup Cost": 178853.65, "Total Cost": 178853.67, "Plan Rows": 1, "Plan Width": 40, "Group By Key": ["(\"substring\"((public.customer.c_phone)::text, 1, 2))"], "Plans": [{"Node Type": "Aggregate", "Strategy": "Plain", "Parent Relationship": "exec_init_plan", "Subplan Name": "InitPlan 1 (returns $0)", "Startup Cost": 76620.14, "Total Cost": 76620.15, "Plan Rows": 1, "Plan Width": 40, "Plans": [{"Node Type": "Seq Scan", "Parent Relationship": "Outer", "Relation Name": "customer", "Alias": "customer", "Startup Cost": 12.98, "Total Cost": 76501.0, "Plan Rows": 47655, "Plan Width": 8, "Filter": "((c_acctbal > 0::double precision) AND (\"substring\"((c_phone)::text, 1, 2) = ANY ('{20,40,22,30,39,42,21}'::text[])))"}]}, {"Node Type": "Sort", "Parent Relationship": "Outer", "Startup Cost": 102233.5, "Total Cost": 102233.5, "Plan Rows": 1, "Plan Width": 24, "Sort Key": ["(\"substring\"((public.customer.c_phone)::text, 1, 2))"], "Plans": [{"Node Type": "Nested Loop", "Parent Relationship": "Outer", "Join Type": "Anti", "Startup Cost": 0.0, "Total Cost": 102233.49, "Plan Rows": 1, "Plan Width": 24, "Inner Unique": false, "Plans": [{"Node Type": "Seq Scan", "Parent Relationship": "Outer", "Relation Name": "customer", "Alias": "customer", "Startup Cost": 0.0, "Total Cost": 76501.0, "Plan Rows": 17500, "Plan Width": 32, "Filter": "((c_acctbal > $0) AND (\"substring\"((c_phone)::text, 1, 2) = ANY ('{20,40,22,30,39,42,21}'::text[])))"}, {"Node Type": "Index Only Scan", "Parent Relationship": "Inner", "Scan Direction": "Forward", "Index Name": "idx_orders_custkey", "Relation Name": "orders", "Alias": "orders", "Startup Cost": 0.0, "Total Cost": 3.79, "Plan Rows": 4, "Plan Width": 8, "Index Cond": "(o_custkey = public.customer.c_custkey)"}]}]}]}, "Unique SQL Id": 2798552886}, "explain_analyze_plan": {"Plan": {"Node Type": "Aggregate", "Strategy": "Sorted", "Startup Cost": 178853.65, "Total Cost": 178853.67, "Plan Rows": 1, "Plan Width": 40, "Actual Startup Time": 3881.351, "Actual Total Time": 3891.855, "Actual Rows": 4, "Actual Loops": 1, "Group By Key": ["(\"substring\"((public.customer.c_phone)::text, 1, 2))"], "Plans": [{"Node Type": "Aggregate", "Strategy": "Plain", "Parent Relationship": "exec_init_plan", "Subplan Name": "InitPlan 1 (returns $0)", "Startup Cost": 76620.14, "Total Cost": 76620.15, "Plan Rows": 1, "Plan Width": 40, "Actual Startup Time": 2010.36, "Actual Total Time": 2010.361, "Actual Rows": 1, "Actual Loops": 1, "Plans": [{"Node Type": "Seq Scan", "Parent Relationship": "Outer", "Relation Name": "customer", "Alias": "customer", "Startup Cost": 12.98, "Total Cost": 76501.0, "Plan Rows": 47655, "Plan Width": 8, "Actual Startup Time": 0.029, "Actual Total Time": 1914.702, "Actual Rows": 218121, "Actual Loops": 1, "Filter": "((c_acctbal > 0::double precision) AND (\"substring\"((c_phone)::text, 1, 2) = ANY ('{20,40,22,30,39,42,21}'::text[])))", "Rows Removed by Filter": 1281879}]}, {"Node Type": "Sort", "Parent Relationship": "Outer", "Startup Cost": 102233.5, "Total Cost": 102233.5, "Plan Rows": 1, "Plan Width": 24, "Actual Startup Time": 3877.781, "Actual Total Time": 3881.447, "Actual Rows": 36604, "Actual Loops": 1, "Sort Key": ["(\"substring\"((public.customer.c_phone)::text, 1, 2))"], "Sort Method": "quicksort", "Sort Space Used": 4968, "Sort Space Type": "Memory", "Plans": [{"Node Type": "Nested Loop", "Parent Relationship": "Outer", "Join Type": "Anti", "Startup Cost": 0.0, "Total Cost": 102233.49, "Plan Rows": 1, "Plan Width": 24, "Actual Startup Time": 2010.457, "Actual Total Time": 3857.027, "Actual Rows": 36604, "Actual Loops": 1, "Inner Unique": false, "Plans": [{"Node Type": "Seq Scan", "Parent Relationship": "Outer", "Relation Name": "customer", "Alias": "customer", "Startup Cost": 0.0, "Total Cost": 76501.0, "Plan Rows": 17500, "Plan Width": 32, "Actual Startup Time": 2010.414, "Actual Total Time": 3294.32, "Actual Rows": 109197, "Actual Loops": 1, "Filter": "((c_acctbal > $0) AND (\"substring\"((c_phone)::text, 1, 2) = ANY ('{20,40,22,30,39,42,21}'::text[])))", "Rows Removed by Filter": 1390803}, {"Node Type": "Index Only Scan", "Parent Relationship": "Inner", "Scan Direction": "Forward", "Index Name": "idx_orders_custkey", "Relation Name": "orders", "Alias": "orders", "Startup Cost": 0.0, "Total Cost": 3.79, "Plan Rows": 4, "Plan Width": 8, "Actual Startup Time": 460.774, "Actual Total Time": 460.774, "Actual Rows": 72593, "Actual Loops": 109197, "Index Cond": "(o_custkey = public.customer.c_custkey)", "Rows Removed by Index Recheck": 0, "Heap Fetches": 0}]}]}]}, "Triggers": [], "Planner Runtime": 0.607, "Total Runtime": 3892.138, "Unique SQL Id": 2798552886}}, "(1, 113)": {"explain_plan": {"Plan": {"Node Type": "Aggregate", "Strategy": "Sorted", "Startup Cost": 1000007781092.0, "Total Cost": 1000007781092.03, "Plan Rows": 1, "Plan Width": 40, "Group By Key": ["(\"substring\"((public.customer.c_phone)::text, 1, 2))"], "Plans": [{"Node Type": "Aggregate", "Strategy": "Plain", "Parent Relationship": "exec_init_plan", "Subplan Name": "InitPlan 1 (returns $0)", "Startup Cost": 1000007650219.14, "Total Cost": 1000007650219.15, "Plan Rows": 1, "Plan Width": 40, "Plans": [{"Node Type": "Seq Scan", "Parent Relationship": "Outer", "Relation Name": "customer", "Alias": "customer", "Startup Cost": 10000000012.75, "Total Cost": 1000007650100.0, "Plan Rows": 47655, "Plan Width": 8, "Filter": "((c_acctbal > 0::double precision) AND (\"substring\"((c_phone)::text, 1, 2) = ANY ('{20,40,22,30,39,42,21}'::text[])))"}]}, {"Node Type": "Sort", "Parent Relationship": "Outer", "Startup Cost": 130872.85, "Total Cost": 130872.86, "Plan Rows": 1, "Plan Width": 24, "Sort Key": ["(\"substring\"((public.customer.c_phone)::text, 1, 2))"], "Plans": [{"Node Type": "Nested Loop", "Parent Relationship": "Outer", "Join Type": "Anti", "Startup Cost": 0.0, "Total Cost": 130872.84, "Plan Rows": 1, "Plan Width": 24, "Inner Unique": false, "Plans": [{"Node Type": "Index Scan", "Parent Relationship": "Outer", "Scan Direction": "Forward", "Index Name": "customer_pkey", "Relation Name": "customer", "Alias": "customer", "Startup Cost": 0.0, "Total Cost": 105140.36, "Plan Rows": 17500, "Plan Width": 32, "Filter": "((c_acctbal > $0) AND (\"substring\"((c_phone)::text, 1, 2) = ANY ('{20,40,22,30,39,42,21}'::text[])))"}, {"Node Type": "Index Only Scan", "Parent Relationship": "Inner", "Scan Direction": "Forward", "Index Name": "idx_orders_custkey", "Relation Name": "orders", "Alias": "orders", "Startup Cost": 0.0, "Total Cost": 3.79, "Plan Rows": 4, "Plan Width": 8, "Index Cond": "(o_custkey = public.customer.c_custkey)"}]}]}]}, "Unique SQL Id": 2798552886}, "explain_analyze_plan": {"Plan": {"Node Type": "Aggregate", "Strategy": "Sorted", "Startup Cost": 1000007781092.0, "Total Cost": 1000007781092.03, "Plan Rows": 1, "Plan Width": 40, "Actual Startup Time": 4453.89, "Actual Total Time": 4464.091, "Actual Rows": 4, "Actual Loops": 1, "Group By Key": ["(\"substring\"((public.customer.c_phone)::text, 1, 2))"], "Plans": [{"Node Type": "Aggregate", "Strategy": "Plain", "Parent Relationship": "exec_init_plan", "Subplan Name": "InitPlan 1 (returns $0)", "Startup Cost": 1000007650219.14, "Total Cost": 1000007650219.15, "Plan Rows": 1, "Plan Width": 40, "Actual Startup Time": 1990.397, "Actual Total Time": 1990.398, "Actual Rows": 1, "Actual Loops": 1, "Plans": [{"Node Type": "Seq Scan", "Parent Relationship": "Outer", "Relation Name": "customer", "Alias": "customer", "Startup Cost": 10000000012.75, "Total Cost": 1000007650100.0, "Plan Rows": 47655, "Plan Width": 8, "Actual Startup Time": 0.036, "Actual Total Time": 1895.081, "Actual Rows": 218121, "Actual Loops": 1, "Filter": "((c_acctbal > 0::double precision) AND (\"substring\"((c_phone)::text, 1, 2) = ANY ('{20,40,22,30,39,42,21}'::text[])))", "Rows Removed by Filter": 1281879}]}, {"Node Type": "Sort", "Parent Relationship": "Outer", "Startup Cost": 130872.85, "Total Cost": 130872.86, "Plan Rows": 1, "Plan Width": 24, "Actual Startup Time": 4450.398, "Actual Total Time": 4453.934, "Actual Rows": 36604, "Actual Loops": 1, "Sort Key": ["(\"substring\"((public.customer.c_phone)::text, 1, 2))"], "Sort Method": "quicksort", "Sort Space Used": 4968, "Sort Space Type": "Memory", "Plans": [{"Node Type": "Nested Loop", "Parent Relationship": "Outer", "Join Type": "Anti", "Startup Cost": 0.0, "Total Cost": 130872.84, "Plan Rows": 1, "Plan Width": 24, "Actual Startup Time": 1990.521, "Actual Total Time": 4429.799, "Actual Rows": 36604, "Actual Loops": 1, "Inner Unique": false, "Plans": [{"Node Type": "Index Scan", "Parent Relationship": "Outer", "Scan Direction": "Forward", "Index Name": "customer_pkey", "Relation Name": "customer", "Alias": "customer", "Startup Cost": 0.0, "Total Cost": 105140.36, "Plan Rows": 17500, "Plan Width": 32, "Actual Startup Time": 1990.477, "Actual Total Time": 3857.715, "Actual Rows": 109197, "Actual Loops": 1, "Filter": "((c_acctbal > $0) AND (\"substring\"((c_phone)::text, 1, 2) = ANY ('{20,40,22,30,39,42,21}'::text[])))", "Rows Removed by Filter": 1390803}, {"Node Type": "Index Only Scan", "Parent Relationship": "Inner", "Scan Direction": "Forward", "Index Name": "idx_orders_custkey", "Relation Name": "orders", "Alias": "orders", "Startup Cost": 0.0, "Total Cost": 3.79, "Plan Rows": 4, "Plan Width": 8, "Actual Startup Time": 469.636, "Actual Total Time": 469.636, "Actual Rows": 72593, "Actual Loops": 109197, "Index Cond": "(o_custkey = public.customer.c_custkey)", "Rows Removed by Index Recheck": 0, "Heap Fetches": 0}]}]}]}, "Triggers": [], "Planner Runtime": 0.607, "Total Runtime": 4464.404, "Unique SQL Id": 2798552886}}, "(1, 114)": {"explain_plan": {"Plan": {"Node Type": "Aggregate", "Strategy": "Sorted", "Startup Cost": 326543.86, "Total Cost": 326543.89, "Plan Rows": 1, "Plan Width": 40, "Group By Key": ["(\"substring\"((public.customer.c_phone)::text, 1, 2))"], "Plans": [{"Node Type": "Aggregate", "Strategy": "Plain", "Parent Relationship": "exec_init_plan", "Subplan Name": "InitPlan 1 (returns $0)", "Startup Cost": 76620.14, "Total Cost": 76620.15, "Plan Rows": 1, "Plan Width": 40, "Plans": [{"Node Type": "Seq Scan", "Parent Relationship": "Outer", "Relation Name": "customer", "Alias": "customer", "Startup Cost": 12.98, "Total Cost": 76501.0, "Plan Rows": 47655, "Plan Width": 8, "Filter": "((c_acctbal > 0::double precision) AND (\"substring\"((c_phone)::text, 1, 2) = ANY ('{20,40,22,30,39,42,21}'::text[])))"}]}, {"Node Type": "Sort", "Parent Relationship": "Outer", "Startup Cost": 249923.71, "Total Cost": 249923.72, "Plan Rows": 1, "Plan Width": 24, "Sort Key": ["(\"substring\"((public.customer.c_phone)::text, 1, 2))"], "Plans": [{"Node Type": "Nested Loop", "Parent Relationship": "Outer", "Join Type": "Anti", "Startup Cost": 3.75, "Total Cost": 249923.7, "Plan Rows": 1, "Plan Width": 24, "Inner Unique": false, "Plans": [{"Node Type": "Seq Scan", "Parent Relationship": "Outer", "Relation Name": "customer", "Alias": "customer", "Startup Cost": 0.0, "Total Cost": 76501.0, "Plan Rows": 17500, "Plan Width": 32, "Filter": "((c_acctbal > $0) AND (\"substring\"((c_phone)::text, 1, 2) = ANY ('{20,40,22,30,39,42,21}'::text[])))"}, {"Node Type": "Bitmap Heap Scan", "Parent Relationship": "Inner", "Relation Name": "orders", "Alias": "orders", "Startup Cost": 3.75, "Total Cost": 19.76, "Plan Rows": 4, "Plan Width": 8, "Recheck Cond": "(o_custkey = public.customer.c_custkey)", "Plans": [{"Node Type": "Bitmap Index Scan", "Parent Relationship": "Outer", "Index Name": "idx_orders_custkey", "Startup Cost": 0.0, "Total Cost": 3.75, "Plan Rows": 4, "Plan Width": 0, "Index Cond": "(o_custkey = public.customer.c_custkey)"}]}]}]}]}, "Unique SQL Id": 2798552886}, "explain_analyze_plan": {"Plan": {"Node Type": "Aggregate", "Strategy": "Sorted", "Startup Cost": 326543.86, "Total Cost": 326543.89, "Plan Rows": 1, "Plan Width": 40, "Actual Startup Time": 4467.914, "Actual Total Time": 4478.319, "Actual Rows": 4, "Actual Loops": 1, "Group By Key": ["(\"substring\"((public.customer.c_phone)::text, 1, 2))"], "Plans": [{"Node Type": "Aggregate", "Strategy": "Plain", "Parent Relationship": "exec_init_plan", "Subplan Name": "InitPlan 1 (returns $0)", "Startup Cost": 76620.14, "Total Cost": 76620.15, "Plan Rows": 1, "Plan Width": 40, "Actual Startup Time": 1998.25, "Actual Total Time": 1998.25, "Actual Rows": 1, "Actual Loops": 1, "Plans": [{"Node Type": "Seq Scan", "Parent Relationship": "Outer", "Relation Name": "customer", "Alias": "customer", "Startup Cost": 12.98, "Total Cost": 76501.0, "Plan Rows": 47655, "Plan Width": 8, "Actual Startup Time": 0.027, "Actual Total Time": 1903.14, "Actual Rows": 218121, "Actual Loops": 1, "Filter": "((c_acctbal > 0::double precision) AND (\"substring\"((c_phone)::text, 1, 2) = ANY ('{20,40,22,30,39,42,21}'::text[])))", "Rows Removed by Filter": 1281879}]}, {"Node Type": "Sort", "Parent Relationship": "Outer", "Startup Cost": 249923.71, "Total Cost": 249923.72, "Plan Rows": 1, "Plan Width": 24, "Actual Startup Time": 4464.389, "Actual Total Time": 4467.967, "Actual Rows": 36604, "Actual Loops": 1, "Sort Key": ["(\"substring\"((public.customer.c_phone)::text, 1, 2))"], "Sort Method": "quicksort", "Sort Space Used": 4968, "Sort Space Type": "Memory", "Plans": [{"Node Type": "Nested Loop", "Parent Relationship": "Outer", "Join Type": "Anti", "Startup Cost": 3.75, "Total Cost": 249923.7, "Plan Rows": 1, "Plan Width": 24, "Actual Startup Time": 1998.373, "Actual Total Time": 4442.474, "Actual Rows": 36604, "Actual Loops": 1, "Inner Unique": false, "Plans": [{"Node Type": "Seq Scan", "Parent Relationship": "Outer", "Relation Name": "customer", "Alias": "customer", "Startup Cost": 0.0, "Total Cost": 76501.0, "Plan Rows": 17500, "Plan Width": 32, "Actual Startup Time": 1998.311, "Actual Total Time": 3303.891, "Actual Rows": 109197, "Actual Loops": 1, "Filter": "((c_acctbal > $0) AND (\"substring\"((c_phone)::text, 1, 2) = ANY ('{20,40,22,30,39,42,21}'::text[])))", "Rows Removed by Filter": 1390803}, {"Node Type": "Bitmap Heap Scan", "Parent Relationship": "Inner", "Relation Name": "orders", "Alias": "orders", "Startup Cost": 3.75, "Total Cost": 19.76, "Plan Rows": 4, "Plan Width": 8, "Actual Startup Time": 951.823, "Actual Total Time": 951.823, "Actual Rows": 72593, "Actual Loops": 109197, "Recheck Cond": "(o_custkey = public.customer.c_custkey)", "Rows Removed by Index Recheck": 0, "Exact Heap Blocks": 72593, "Lossy Heap Blocks": 72593, "Plans": [{"Node Type": "Bitmap Index Scan", "Parent Relationship": "Outer", "Index Name": "idx_orders_custkey", "Startup Cost": 0.0, "Total Cost": 3.75, "Plan Rows": 4, "Plan Width": 0, "Actual Startup Time": 597.509, "Actual Total Time": 597.509, "Actual Rows": 1091631, "Actual Loops": 109197, "Index Cond": "(o_custkey = public.customer.c_custkey)"}]}]}]}]}, "Triggers": [], "Planner Runtime": 0.604, "Total Runtime": 4478.631, "Unique SQL Id": 2798552886}}, "(1, 115)": {"explain_plan": {"Plan": {"Node Type": "Aggregate", "Strategy": "Sorted", "Startup Cost": 2000018337677.48, "Total Cost": 2000018337677.51, "Plan Rows": 1, "Plan Width": 40, "Group By Key": ["(\"substring\"((public.customer.c_phone)::text, 1, 2))"], "Plans": [{"Node Type": "Aggregate", "Strategy": "Plain", "Parent Relationship": "exec_init_plan", "Subplan Name": "InitPlan 1 (returns $0)", "Startup Cost": 1000007650219.14, "Total Cost": 1000007650219.15, "Plan Rows": 1, "Plan Width": 40, "Plans": [{"Node Type": "Seq Scan", "Parent Relationship": "Outer", "Relation Name": "customer", "Alias": "customer", "Startup Cost": 10000000012.75, "Total Cost": 1000007650100.0, "Plan Rows": 47655, "Plan Width": 8, "Filter": "((c_acctbal > 0::double precision) AND (\"substring\"((c_phone)::text, 1, 2) = ANY ('{20,40,22,30,39,42,21}'::text[])))"}]}, {"Node Type": "Sort", "Parent Relationship": "Outer", "Startup Cost": 1000010687458.33, "Total Cost": 1000010687458.34, "Plan Rows": 1, "Plan Width": 24, "Sort Key": ["(\"substring\"((public.customer.c_phone)::text, 1, 2))"], "Plans": [{"Node Type": "Nested Loop", "Parent Relationship": "Outer", "Join Type": "Anti", "Startup Cost": 10000000003.75, "Total Cost": 1000010687458.32, "Plan Rows": 1, "Plan Width": 24, "Inner Unique": false, "Plans": [{"Node Type": "Index Scan", "Parent Relationship": "Outer", "Scan Direction": "Forward", "Index Name": "customer_pkey", "Relation Name": "customer", "Alias": "customer", "Startup Cost": 10000000000.0, "Total Cost": 1000010514035.62, "Plan Rows": 17500, "Plan Width": 32, "Filter": "((c_acctbal > $0) AND (\"substring\"((c_phone)::text, 1, 2) = ANY ('{20,40,22,30,39,42,21}'::text[])))"}, {"Node Type": "Bitmap Heap Scan", "Parent Relationship": "Inner", "Relation Name": "orders", "Alias": "orders", "Startup Cost": 3.75, "Total Cost": 19.76, "Plan Rows": 4, "Plan Width": 8, "Recheck Cond": "(o_custkey = public.customer.c_custkey)", "Plans": [{"Node Type": "Bitmap Index Scan", "Parent Relationship": "Outer", "Index Name": "idx_orders_custkey", "Startup Cost": 0.0, "Total Cost": 3.75, "Plan Rows": 4, "Plan Width": 0, "Index Cond": "(o_custkey = public.customer.c_custkey)"}]}]}]}]}, "Unique SQL Id": 2798552886}, "explain_analyze_plan": {"Plan": {"Node Type": "Aggregate", "Strategy": "Sorted", "Startup Cost": 2000018337677.48, "Total Cost": 2000018337677.51, "Plan Rows": 1, "Plan Width": 40, "Actual Startup Time": 4938.481, "Actual Total Time": 4948.912, "Actual Rows": 4, "Actual Loops": 1, "Group By Key": ["(\"substring\"((public.customer.c_phone)::text, 1, 2))"], "Plans": [{"Node Type": "Aggregate", "Strategy": "Plain", "Parent Relationship": "exec_init_plan", "Subplan Name": "InitPlan 1 (returns $0)", "Startup Cost": 1000007650219.14, "Total Cost": 1000007650219.15, "Plan Rows": 1, "Plan Width": 40, "Actual Startup Time": 1989.173, "Actual Total Time": 1989.174, "Actual Rows": 1, "Actual Loops": 1, "Plans": [{"Node Type": "Seq Scan", "Parent Relationship": "Outer", "Relation Name": "customer", "Alias": "customer", "Startup Cost": 10000000012.75, "Total Cost": 1000007650100.0, "Plan Rows": 47655, "Plan Width": 8, "Actual Startup Time": 0.032, "Actual Total Time": 1894.45, "Actual Rows": 218121, "Actual Loops": 1, "Filter": "((c_acctbal > 0::double precision) AND (\"substring\"((c_phone)::text, 1, 2) = ANY ('{20,40,22,30,39,42,21}'::text[])))", "Rows Removed by Filter": 1281879}]}, {"Node Type": "Sort", "Parent Relationship": "Outer", "Startup Cost": 1000010687458.33, "Total Cost": 1000010687458.34, "Plan Rows": 1, "Plan Width": 24, "Actual Startup Time": 4934.953, "Actual Total Time": 4938.537, "Actual Rows": 36604, "Actual Loops": 1, "Sort Key": ["(\"substring\"((public.customer.c_phone)::text, 1, 2))"], "Sort Method": "quicksort", "Sort Space Used": 4968, "Sort Space Type": "Memory", "Plans": [{"Node Type": "Nested Loop", "Parent Relationship": "Outer", "Join Type": "Anti", "Startup Cost": 10000000003.75, "Total Cost": 1000010687458.32, "Plan Rows": 1, "Plan Width": 24, "Actual Startup Time": 1989.319, "Actual Total Time": 4912.858, "Actual Rows": 36604, "Actual Loops": 1, "Inner Unique": false, "Plans": [{"Node Type": "Index Scan", "Parent Relationship": "Outer", "Scan Direction": "Forward", "Index Name": "customer_pkey", "Relation Name": "customer", "Alias": "customer", "Startup Cost": 10000000000.0, "Total Cost": 1000010514035.62, "Plan Rows": 17500, "Plan Width": 32, "Actual Startup Time": 1989.251, "Actual Total Time": 3801.63, "Actual Rows": 109197, "Actual Loops": 1, "Filter": "((c_acctbal > $0) AND (\"substring\"((c_phone)::text, 1, 2) = ANY ('{20,40,22,30,39,42,21}'::text[])))", "Rows Removed by Filter": 1390803}, {"Node Type": "Bitmap Heap Scan", "Parent Relationship": "Inner", "Relation Name": "orders", "Alias": "orders", "Startup Cost": 3.75, "Total Cost": 19.76, "Plan Rows": 4, "Plan Width": 8, "Actual Startup Time": 921.241, "Actual Total Time": 921.241, "Actual Rows": 72593, "Actual Loops": 109197, "Recheck Cond": "(o_custkey = public.customer.c_custkey)", "Rows Removed by Index Recheck": 0, "Exact Heap Blocks": 72593, "Lossy Heap Blocks": 72593, "Plans": [{"Node Type": "Bitmap Index Scan", "Parent Relationship": "Outer", "Index Name": "idx_orders_custkey", "Startup Cost": 0.0, "Total Cost": 3.75, "Plan Rows": 4, "Plan Width": 0, "Actual Startup Time": 578.575, "Actual Total Time": 578.575, "Actual Rows": 1091631, "Actual Loops": 109197, "Index Cond": "(o_custkey = public.customer.c_custkey)"}]}]}]}]}, "Triggers": [], "Planner Runtime": 0.609, "Total Runtime": 4949.194, "Unique SQL Id": 2798552886}}, "(1, 116)": {"explain_plan": {"Plan": {"Node Type": "Aggregate", "Strategy": "Sorted", "Startup Cost": 274230.77, "Total Cost": 274230.8, "Plan Rows": 1, "Plan Width": 40, "Group By Key": ["(\"substring\"((public.customer.c_phone)::text, 1, 2))"], "Plans": [{"Node Type": "Aggregate", "Strategy": "Plain", "Parent Relationship": "exec_init_plan", "Subplan Name": "InitPlan 1 (returns $0)", "Startup Cost": 76620.14, "Total Cost": 76620.15, "Plan Rows": 1, "Plan Width": 40, "Plans": [{"Node Type": "Seq Scan", "Parent Relationship": "Outer", "Relation Name": "customer", "Alias": "customer", "Startup Cost": 12.98, "Total Cost": 76501.0, "Plan Rows": 47655, "Plan Width": 8, "Filter": "((c_acctbal > 0::double precision) AND (\"substring\"((c_phone)::text, 1, 2) = ANY ('{20,40,22,30,39,42,21}'::text[])))"}]}, {"Node Type": "Sort", "Parent Relationship": "Outer", "Startup Cost": 197610.62, "Total Cost": 197610.62, "Plan Rows": 1, "Plan Width": 24, "Sort Key": ["(\"substring\"((public.customer.c_phone)::text, 1, 2))"], "Plans": [{"Node Type": "Nested Loop", "Parent Relationship": "Outer", "Join Type": "Anti", "Startup Cost": 0.0, "Total Cost": 197610.61, "Plan Rows": 1, "Plan Width": 24, "Inner Unique": false, "Plans": [{"Node Type": "Seq Scan", "Parent Relationship": "Outer", "Relation Name": "customer", "Alias": "customer", "Startup Cost": 0.0, "Total Cost": 76501.0, "Plan Rows": 17500, "Plan Width": 32, "Filter": "((c_acctbal > $0) AND (\"substring\"((c_phone)::text, 1, 2) = ANY ('{20,40,22,30,39,42,21}'::text[])))"}, {"Node Type": "Index Scan", "Parent Relationship": "Inner", "Scan Direction": "Forward", "Index Name": "idx_orders_custkey", "Relation Name": "orders", "Alias": "orders", "Startup Cost": 0.0, "Total Cost": 17.99, "Plan Rows": 4, "Plan Width": 8, "Index Cond": "(o_custkey = public.customer.c_custkey)"}]}]}]}, "Unique SQL Id": 2798552886}, "explain_analyze_plan": {"Plan": {"Node Type": "Aggregate", "Strategy": "Sorted", "Startup Cost": 274230.77, "Total Cost": 274230.8, "Plan Rows": 1, "Plan Width": 40, "Actual Startup Time": 4066.361, "Actual Total Time": 4076.734, "Actual Rows": 4, "Actual Loops": 1, "Group By Key": ["(\"substring\"((public.customer.c_phone)::text, 1, 2))"], "Plans": [{"Node Type": "Aggregate", "Strategy": "Plain", "Parent Relationship": "exec_init_plan", "Subplan Name": "InitPlan 1 (returns $0)", "Startup Cost": 76620.14, "Total Cost": 76620.15, "Plan Rows": 1, "Plan Width": 40, "Actual Startup Time": 1991.742, "Actual Total Time": 1991.742, "Actual Rows": 1, "Actual Loops": 1, "Plans": [{"Node Type": "Seq Scan", "Parent Relationship": "Outer", "Relation Name": "customer", "Alias": "customer", "Startup Cost": 12.98, "Total Cost": 76501.0, "Plan Rows": 47655, "Plan Width": 8, "Actual Startup Time": 0.028, "Actual Total Time": 1896.339, "Actual Rows": 218121, "Actual Loops": 1, "Filter": "((c_acctbal > 0::double precision) AND (\"substring\"((c_phone)::text, 1, 2) = ANY ('{20,40,22,30,39,42,21}'::text[])))", "Rows Removed by Filter": 1281879}]}, {"Node Type": "Sort", "Parent Relationship": "Outer", "Startup Cost": 197610.62, "Total Cost": 197610.62, "Plan Rows": 1, "Plan Width": 24, "Actual Startup Time": 4062.845, "Actual Total Time": 4066.44, "Actual Rows": 36604, "Actual Loops": 1, "Sort Key": ["(\"substring\"((public.customer.c_phone)::text, 1, 2))"], "Sort Method": "quicksort", "Sort Space Used": 4968, "Sort Space Type": "Memory", "Plans": [{"Node Type": "Nested Loop", "Parent Relationship": "Outer", "Join Type": "Anti", "Startup Cost": 0.0, "Total Cost": 197610.61, "Plan Rows": 1, "Plan Width": 24, "Actual Startup Time": 1991.84, "Actual Total Time": 4041.643, "Actual Rows": 36604, "Actual Loops": 1, "Inner Unique": false, "Plans": [{"Node Type": "Seq Scan", "Parent Relationship": "Outer", "Relation Name": "customer", "Alias": "customer", "Startup Cost": 0.0, "Total Cost": 76501.0, "Plan Rows": 17500, "Plan Width": 32, "Actual Startup Time": 1991.803, "Actual Total Time": 3287.835, "Actual Rows": 109197, "Actual Loops": 1, "Filter": "((c_acctbal > $0) AND (\"substring\"((c_phone)::text, 1, 2) = ANY ('{20,40,22,30,39,42,21}'::text[])))", "Rows Removed by Filter": 1390803}, {"Node Type": "Index Scan", "Parent Relationship": "Inner", "Scan Direction": "Forward", "Index Name": "idx_orders_custkey", "Relation Name": "orders", "Alias": "orders", "Startup Cost": 0.0, "Total Cost": 17.99, "Plan Rows": 4, "Plan Width": 8, "Actual Startup Time": 644.787, "Actual Total Time": 644.787, "Actual Rows": 72593, "Actual Loops": 109197, "Index Cond": "(o_custkey = public.customer.c_custkey)", "Rows Removed by Index Recheck": 0}]}]}]}, "Triggers": [], "Planner Runtime": 0.602, "Total Runtime": 4077.007, "Unique SQL Id": 2798552886}}, "(1, 117)": {"explain_plan": {"Plan": {"Node Type": "Aggregate", "Strategy": "Sorted", "Startup Cost": 1000007876469.13, "Total Cost": 1000007876469.15, "Plan Rows": 1, "Plan Width": 40, "Group By Key": ["(\"substring\"((public.customer.c_phone)::text, 1, 2))"], "Plans": [{"Node Type": "Aggregate", "Strategy": "Plain", "Parent Relationship": "exec_init_plan", "Subplan Name": "InitPlan 1 (returns $0)", "Startup Cost": 1000007650219.14, "Total Cost": 1000007650219.15, "Plan Rows": 1, "Plan Width": 40, "Plans": [{"Node Type": "Seq Scan", "Parent Relationship": "Outer", "Relation Name": "customer", "Alias": "customer", "Startup Cost": 10000000012.75, "Total Cost": 1000007650100.0, "Plan Rows": 47655, "Plan Width": 8, "Filter": "((c_acctbal > 0::double precision) AND (\"substring\"((c_phone)::text, 1, 2) = ANY ('{20,40,22,30,39,42,21}'::text[])))"}]}, {"Node Type": "Sort", "Parent Relationship": "Outer", "Startup Cost": 226249.98, "Total Cost": 226249.98, "Plan Rows": 1, "Plan Width": 24, "Sort Key": ["(\"substring\"((public.customer.c_phone)::text, 1, 2))"], "Plans": [{"Node Type": "Nested Loop", "Parent Relationship": "Outer", "Join Type": "Anti", "Startup Cost": 0.0, "Total Cost": 226249.97, "Plan Rows": 1, "Plan Width": 24, "Inner Unique": false, "Plans": [{"Node Type": "Index Scan", "Parent Relationship": "Outer", "Scan Direction": "Forward", "Index Name": "customer_pkey", "Relation Name": "customer", "Alias": "customer", "Startup Cost": 0.0, "Total Cost": 105140.36, "Plan Rows": 17500, "Plan Width": 32, "Filter": "((c_acctbal > $0) AND (\"substring\"((c_phone)::text, 1, 2) = ANY ('{20,40,22,30,39,42,21}'::text[])))"}, {"Node Type": "Index Scan", "Parent Relationship": "Inner", "Scan Direction": "Forward", "Index Name": "idx_orders_custkey", "Relation Name": "orders", "Alias": "orders", "Startup Cost": 0.0, "Total Cost": 17.99, "Plan Rows": 4, "Plan Width": 8, "Index Cond": "(o_custkey = public.customer.c_custkey)"}]}]}]}, "Unique SQL Id": 2798552886}, "explain_analyze_plan": {"Plan": {"Node Type": "Aggregate", "Strategy": "Sorted", "Startup Cost": 1000007876469.13, "Total Cost": 1000007876469.15, "Plan Rows": 1, "Plan Width": 40, "Actual Startup Time": 4435.834, "Actual Total Time": 4446.26, "Actual Rows": 4, "Actual Loops": 1, "Group By Key": ["(\"substring\"((public.customer.c_phone)::text, 1, 2))"], "Plans": [{"Node Type": "Aggregate", "Strategy": "Plain", "Parent Relationship": "exec_init_plan", "Subplan Name": "InitPlan 1 (returns $0)", "Startup Cost": 1000007650219.14, "Total Cost": 1000007650219.15, "Plan Rows": 1, "Plan Width": 40, "Actual Startup Time": 1997.317, "Actual Total Time": 1997.317, "Actual Rows": 1, "Actual Loops": 1, "Plans": [{"Node Type": "Seq Scan", "Parent Relationship": "Outer", "Relation Name": "customer", "Alias": "customer", "Startup Cost": 10000000012.75, "Total Cost": 1000007650100.0, "Plan Rows": 47655, "Plan Width": 8, "Actual Startup Time": 0.038, "Actual Total Time": 1901.983, "Actual Rows": 218121, "Actual Loops": 1, "Filter": "((c_acctbal > 0::double precision) AND (\"substring\"((c_phone)::text, 1, 2) = ANY ('{20,40,22,30,39,42,21}'::text[])))", "Rows Removed by Filter": 1281879}]}, {"Node Type": "Sort", "Parent Relationship": "Outer", "Startup Cost": 226249.98, "Total Cost": 226249.98, "Plan Rows": 1, "Plan Width": 24, "Actual Startup Time": 4432.31, "Actual Total Time": 4435.843, "Actual Rows": 36604, "Actual Loops": 1, "Sort Key": ["(\"substring\"((public.customer.c_phone)::text, 1, 2))"], "Sort Method": "quicksort", "Sort Space Used": 4968, "Sort Space Type": "Memory", "Plans": [{"Node Type": "Nested Loop", "Parent Relationship": "Outer", "Join Type": "Anti", "Startup Cost": 0.0, "Total Cost": 226249.97, "Plan Rows": 1, "Plan Width": 24, "Actual Startup Time": 1997.433, "Actual Total Time": 4411.89, "Actual Rows": 36604, "Actual Loops": 1, "Inner Unique": false, "Plans": [{"Node Type": "Index Scan", "Parent Relationship": "Outer", "Scan Direction": "Forward", "Index Name": "customer_pkey", "Relation Name": "customer", "Alias": "customer", "Startup Cost": 0.0, "Total Cost": 105140.36, "Plan Rows": 17500, "Plan Width": 32, "Actual Startup Time": 1997.392, "Actual Total Time": 3747.515, "Actual Rows": 109197, "Actual Loops": 1, "Filter": "((c_acctbal > $0) AND (\"substring\"((c_phone)::text, 1, 2) = ANY ('{20,40,22,30,39,42,21}'::text[])))", "Rows Removed by Filter": 1390803}, {"Node Type": "Index Scan", "Parent Relationship": "Inner", "Scan Direction": "Forward", "Index Name": "idx_orders_custkey", "Relation Name": "orders", "Alias": "orders", "Startup Cost": 0.0, "Total Cost": 17.99, "Plan Rows": 4, "Plan Width": 8, "Actual Startup Time": 555.838, "Actual Total Time": 555.838, "Actual Rows": 72593, "Actual Loops": 109197, "Index Cond": "(o_custkey = public.customer.c_custkey)", "Rows Removed by Index Recheck": 0}]}]}]}, "Triggers": [], "Planner Runtime": 0.606, "Total Runtime": 4446.572, "Unique SQL Id": 2798552886}}, "(1, 118)": {"explain_plan": {"Plan": {"Node Type": "Aggregate", "Strategy": "Sorted", "Startup Cost": 326543.86, "Total Cost": 326543.89, "Plan Rows": 1, "Plan Width": 40, "Group By Key": ["(\"substring\"((public.customer.c_phone)::text, 1, 2))"], "Plans": [{"Node Type": "Aggregate", "Strategy": "Plain", "Parent Relationship": "exec_init_plan", "Subplan Name": "InitPlan 1 (returns $0)", "Startup Cost": 76620.14, "Total Cost": 76620.15, "Plan Rows": 1, "Plan Width": 40, "Plans": [{"Node Type": "Seq Scan", "Parent Relationship": "Outer", "Relation Name": "customer", "Alias": "customer", "Startup Cost": 12.98, "Total Cost": 76501.0, "Plan Rows": 47655, "Plan Width": 8, "Filter": "((c_acctbal > 0::double precision) AND (\"substring\"((c_phone)::text, 1, 2) = ANY ('{20,40,22,30,39,42,21}'::text[])))"}]}, {"Node Type": "Sort", "Parent Relationship": "Outer", "Startup Cost": 249923.71, "Total Cost": 249923.72, "Plan Rows": 1, "Plan Width": 24, "Sort Key": ["(\"substring\"((public.customer.c_phone)::text, 1, 2))"], "Plans": [{"Node Type": "Nested Loop", "Parent Relationship": "Outer", "Join Type": "Anti", "Startup Cost": 3.75, "Total Cost": 249923.7, "Plan Rows": 1, "Plan Width": 24, "Inner Unique": false, "Plans": [{"Node Type": "Seq Scan", "Parent Relationship": "Outer", "Relation Name": "customer", "Alias": "customer", "Startup Cost": 0.0, "Total Cost": 76501.0, "Plan Rows": 17500, "Plan Width": 32, "Filter": "((c_acctbal > $0) AND (\"substring\"((c_phone)::text, 1, 2) = ANY ('{20,40,22,30,39,42,21}'::text[])))"}, {"Node Type": "Bitmap Heap Scan", "Parent Relationship": "Inner", "Relation Name": "orders", "Alias": "orders", "Startup Cost": 3.75, "Total Cost": 19.76, "Plan Rows": 4, "Plan Width": 8, "Recheck Cond": "(o_custkey = public.customer.c_custkey)", "Plans": [{"Node Type": "Bitmap Index Scan", "Parent Relationship": "Outer", "Index Name": "idx_orders_custkey", "Startup Cost": 0.0, "Total Cost": 3.75, "Plan Rows": 4, "Plan Width": 0, "Index Cond": "(o_custkey = public.customer.c_custkey)"}]}]}]}]}, "Unique SQL Id": 2798552886}, "explain_analyze_plan": {"Plan": {"Node Type": "Aggregate", "Strategy": "Sorted", "Startup Cost": 326543.86, "Total Cost": 326543.89, "Plan Rows": 1, "Plan Width": 40, "Actual Startup Time": 4467.914, "Actual Total Time": 4478.319, "Actual Rows": 4, "Actual Loops": 1, "Group By Key": ["(\"substring\"((public.customer.c_phone)::text, 1, 2))"], "Plans": [{"Node Type": "Aggregate", "Strategy": "Plain", "Parent Relationship": "exec_init_plan", "Subplan Name": "InitPlan 1 (returns $0)", "Startup Cost": 76620.14, "Total Cost": 76620.15, "Plan Rows": 1, "Plan Width": 40, "Actual Startup Time": 1998.25, "Actual Total Time": 1998.25, "Actual Rows": 1, "Actual Loops": 1, "Plans": [{"Node Type": "Seq Scan", "Parent Relationship": "Outer", "Relation Name": "customer", "Alias": "customer", "Startup Cost": 12.98, "Total Cost": 76501.0, "Plan Rows": 47655, "Plan Width": 8, "Actual Startup Time": 0.027, "Actual Total Time": 1903.14, "Actual Rows": 218121, "Actual Loops": 1, "Filter": "((c_acctbal > 0::double precision) AND (\"substring\"((c_phone)::text, 1, 2) = ANY ('{20,40,22,30,39,42,21}'::text[])))", "Rows Removed by Filter": 1281879}]}, {"Node Type": "Sort", "Parent Relationship": "Outer", "Startup Cost": 249923.71, "Total Cost": 249923.72, "Plan Rows": 1, "Plan Width": 24, "Actual Startup Time": 4464.389, "Actual Total Time": 4467.967, "Actual Rows": 36604, "Actual Loops": 1, "Sort Key": ["(\"substring\"((public.customer.c_phone)::text, 1, 2))"], "Sort Method": "quicksort", "Sort Space Used": 4968, "Sort Space Type": "Memory", "Plans": [{"Node Type": "Nested Loop", "Parent Relationship": "Outer", "Join Type": "Anti", "Startup Cost": 3.75, "Total Cost": 249923.7, "Plan Rows": 1, "Plan Width": 24, "Actual Startup Time": 1998.373, "Actual Total Time": 4442.474, "Actual Rows": 36604, "Actual Loops": 1, "Inner Unique": false, "Plans": [{"Node Type": "Seq Scan", "Parent Relationship": "Outer", "Relation Name": "customer", "Alias": "customer", "Startup Cost": 0.0, "Total Cost": 76501.0, "Plan Rows": 17500, "Plan Width": 32, "Actual Startup Time": 1998.311, "Actual Total Time": 3303.891, "Actual Rows": 109197, "Actual Loops": 1, "Filter": "((c_acctbal > $0) AND (\"substring\"((c_phone)::text, 1, 2) = ANY ('{20,40,22,30,39,42,21}'::text[])))", "Rows Removed by Filter": 1390803}, {"Node Type": "Bitmap Heap Scan", "Parent Relationship": "Inner", "Relation Name": "orders", "Alias": "orders", "Startup Cost": 3.75, "Total Cost": 19.76, "Plan Rows": 4, "Plan Width": 8, "Actual Startup Time": 951.823, "Actual Total Time": 951.823, "Actual Rows": 72593, "Actual Loops": 109197, "Recheck Cond": "(o_custkey = public.customer.c_custkey)", "Rows Removed by Index Recheck": 0, "Exact Heap Blocks": 72593, "Lossy Heap Blocks": 72593, "Plans": [{"Node Type": "Bitmap Index Scan", "Parent Relationship": "Outer", "Index Name": "idx_orders_custkey", "Startup Cost": 0.0, "Total Cost": 3.75, "Plan Rows": 4, "Plan Width": 0, "Actual Startup Time": 597.509, "Actual Total Time": 597.509, "Actual Rows": 1091631, "Actual Loops": 109197, "Index Cond": "(o_custkey = public.customer.c_custkey)"}]}]}]}]}, "Triggers": [], "Planner Runtime": 0.604, "Total Runtime": 4478.631, "Unique SQL Id": 2798552886}}, "(1, 119)": {"explain_plan": {"Plan": {"Node Type": "Aggregate", "Strategy": "Sorted", "Startup Cost": 2000018337677.48, "Total Cost": 2000018337677.51, "Plan Rows": 1, "Plan Width": 40, "Group By Key": ["(\"substring\"((public.customer.c_phone)::text, 1, 2))"], "Plans": [{"Node Type": "Aggregate", "Strategy": "Plain", "Parent Relationship": "exec_init_plan", "Subplan Name": "InitPlan 1 (returns $0)", "Startup Cost": 1000007650219.14, "Total Cost": 1000007650219.15, "Plan Rows": 1, "Plan Width": 40, "Plans": [{"Node Type": "Seq Scan", "Parent Relationship": "Outer", "Relation Name": "customer", "Alias": "customer", "Startup Cost": 10000000012.75, "Total Cost": 1000007650100.0, "Plan Rows": 47655, "Plan Width": 8, "Filter": "((c_acctbal > 0::double precision) AND (\"substring\"((c_phone)::text, 1, 2) = ANY ('{20,40,22,30,39,42,21}'::text[])))"}]}, {"Node Type": "Sort", "Parent Relationship": "Outer", "Startup Cost": 1000010687458.33, "Total Cost": 1000010687458.34, "Plan Rows": 1, "Plan Width": 24, "Sort Key": ["(\"substring\"((public.customer.c_phone)::text, 1, 2))"], "Plans": [{"Node Type": "Nested Loop", "Parent Relationship": "Outer", "Join Type": "Anti", "Startup Cost": 10000000003.75, "Total Cost": 1000010687458.32, "Plan Rows": 1, "Plan Width": 24, "Inner Unique": false, "Plans": [{"Node Type": "Index Scan", "Parent Relationship": "Outer", "Scan Direction": "Forward", "Index Name": "customer_pkey", "Relation Name": "customer", "Alias": "customer", "Startup Cost": 10000000000.0, "Total Cost": 1000010514035.62, "Plan Rows": 17500, "Plan Width": 32, "Filter": "((c_acctbal > $0) AND (\"substring\"((c_phone)::text, 1, 2) = ANY ('{20,40,22,30,39,42,21}'::text[])))"}, {"Node Type": "Bitmap Heap Scan", "Parent Relationship": "Inner", "Relation Name": "orders", "Alias": "orders", "Startup Cost": 3.75, "Total Cost": 19.76, "Plan Rows": 4, "Plan Width": 8, "Recheck Cond": "(o_custkey = public.customer.c_custkey)", "Plans": [{"Node Type": "Bitmap Index Scan", "Parent Relationship": "Outer", "Index Name": "idx_orders_custkey", "Startup Cost": 0.0, "Total Cost": 3.75, "Plan Rows": 4, "Plan Width": 0, "Index Cond": "(o_custkey = public.customer.c_custkey)"}]}]}]}]}, "Unique SQL Id": 2798552886}, "explain_analyze_plan": {"Plan": {"Node Type": "Aggregate", "Strategy": "Sorted", "Startup Cost": 2000018337677.48, "Total Cost": 2000018337677.51, "Plan Rows": 1, "Plan Width": 40, "Actual Startup Time": 4938.481, "Actual Total Time": 4948.912, "Actual Rows": 4, "Actual Loops": 1, "Group By Key": ["(\"substring\"((public.customer.c_phone)::text, 1, 2))"], "Plans": [{"Node Type": "Aggregate", "Strategy": "Plain", "Parent Relationship": "exec_init_plan", "Subplan Name": "InitPlan 1 (returns $0)", "Startup Cost": 1000007650219.14, "Total Cost": 1000007650219.15, "Plan Rows": 1, "Plan Width": 40, "Actual Startup Time": 1989.173, "Actual Total Time": 1989.174, "Actual Rows": 1, "Actual Loops": 1, "Plans": [{"Node Type": "Seq Scan", "Parent Relationship": "Outer", "Relation Name": "customer", "Alias": "customer", "Startup Cost": 10000000012.75, "Total Cost": 1000007650100.0, "Plan Rows": 47655, "Plan Width": 8, "Actual Startup Time": 0.032, "Actual Total Time": 1894.45, "Actual Rows": 218121, "Actual Loops": 1, "Filter": "((c_acctbal > 0::double precision) AND (\"substring\"((c_phone)::text, 1, 2) = ANY ('{20,40,22,30,39,42,21}'::text[])))", "Rows Removed by Filter": 1281879}]}, {"Node Type": "Sort", "Parent Relationship": "Outer", "Startup Cost": 1000010687458.33, "Total Cost": 1000010687458.34, "Plan Rows": 1, "Plan Width": 24, "Actual Startup Time": 4934.953, "Actual Total Time": 4938.537, "Actual Rows": 36604, "Actual Loops": 1, "Sort Key": ["(\"substring\"((public.customer.c_phone)::text, 1, 2))"], "Sort Method": "quicksort", "Sort Space Used": 4968, "Sort Space Type": "Memory", "Plans": [{"Node Type": "Nested Loop", "Parent Relationship": "Outer", "Join Type": "Anti", "Startup Cost": 10000000003.75, "Total Cost": 1000010687458.32, "Plan Rows": 1, "Plan Width": 24, "Actual Startup Time": 1989.319, "Actual Total Time": 4912.858, "Actual Rows": 36604, "Actual Loops": 1, "Inner Unique": false, "Plans": [{"Node Type": "Index Scan", "Parent Relationship": "Outer", "Scan Direction": "Forward", "Index Name": "customer_pkey", "Relation Name": "customer", "Alias": "customer", "Startup Cost": 10000000000.0, "Total Cost": 1000010514035.62, "Plan Rows": 17500, "Plan Width": 32, "Actual Startup Time": 1989.251, "Actual Total Time": 3801.63, "Actual Rows": 109197, "Actual Loops": 1, "Filter": "((c_acctbal > $0) AND (\"substring\"((c_phone)::text, 1, 2) = ANY ('{20,40,22,30,39,42,21}'::text[])))", "Rows Removed by Filter": 1390803}, {"Node Type": "Bitmap Heap Scan", "Parent Relationship": "Inner", "Relation Name": "orders", "Alias": "orders", "Startup Cost": 3.75, "Total Cost": 19.76, "Plan Rows": 4, "Plan Width": 8, "Actual Startup Time": 921.241, "Actual Total Time": 921.241, "Actual Rows": 72593, "Actual Loops": 109197, "Recheck Cond": "(o_custkey = public.customer.c_custkey)", "Rows Removed by Index Recheck": 0, "Exact Heap Blocks": 72593, "Lossy Heap Blocks": 72593, "Plans": [{"Node Type": "Bitmap Index Scan", "Parent Relationship": "Outer", "Index Name": "idx_orders_custkey", "Startup Cost": 0.0, "Total Cost": 3.75, "Plan Rows": 4, "Plan Width": 0, "Actual Startup Time": 578.575, "Actual Total Time": 578.575, "Actual Rows": 1091631, "Actual Loops": 109197, "Index Cond": "(o_custkey = public.customer.c_custkey)"}]}]}]}]}, "Triggers": [], "Planner Runtime": 0.609, "Total Runtime": 4949.194, "Unique SQL Id": 2798552886}}, "(1, 120)": {"explain_plan": {"Plan": {"Node Type": "Aggregate", "Strategy": "Sorted", "Startup Cost": 178853.65, "Total Cost": 178853.67, "Plan Rows": 1, "Plan Width": 40, "Group By Key": ["(\"substring\"((public.customer.c_phone)::text, 1, 2))"], "Plans": [{"Node Type": "Aggregate", "Strategy": "Plain", "Parent Relationship": "exec_init_plan", "Subplan Name": "InitPlan 1 (returns $0)", "Startup Cost": 76620.14, "Total Cost": 76620.15, "Plan Rows": 1, "Plan Width": 40, "Plans": [{"Node Type": "Seq Scan", "Parent Relationship": "Outer", "Relation Name": "customer", "Alias": "customer", "Startup Cost": 12.98, "Total Cost": 76501.0, "Plan Rows": 47655, "Plan Width": 8, "Filter": "((c_acctbal > 0::double precision) AND (\"substring\"((c_phone)::text, 1, 2) = ANY ('{20,40,22,30,39,42,21}'::text[])))"}]}, {"Node Type": "Sort", "Parent Relationship": "Outer", "Startup Cost": 102233.5, "Total Cost": 102233.5, "Plan Rows": 1, "Plan Width": 24, "Sort Key": ["(\"substring\"((public.customer.c_phone)::text, 1, 2))"], "Plans": [{"Node Type": "Nested Loop", "Parent Relationship": "Outer", "Join Type": "Anti", "Startup Cost": 0.0, "Total Cost": 102233.49, "Plan Rows": 1, "Plan Width": 24, "Inner Unique": false, "Plans": [{"Node Type": "Seq Scan", "Parent Relationship": "Outer", "Relation Name": "customer", "Alias": "customer", "Startup Cost": 0.0, "Total Cost": 76501.0, "Plan Rows": 17500, "Plan Width": 32, "Filter": "((c_acctbal > $0) AND (\"substring\"((c_phone)::text, 1, 2) = ANY ('{20,40,22,30,39,42,21}'::text[])))"}, {"Node Type": "Index Only Scan", "Parent Relationship": "Inner", "Scan Direction": "Forward", "Index Name": "idx_orders_custkey", "Relation Name": "orders", "Alias": "orders", "Startup Cost": 0.0, "Total Cost": 3.79, "Plan Rows": 4, "Plan Width": 8, "Index Cond": "(o_custkey = public.customer.c_custkey)"}]}]}]}, "Unique SQL Id": 2798552886}, "explain_analyze_plan": {"Plan": {"Node Type": "Aggregate", "Strategy": "Sorted", "Startup Cost": 178853.65, "Total Cost": 178853.67, "Plan Rows": 1, "Plan Width": 40, "Actual Startup Time": 3881.351, "Actual Total Time": 3891.855, "Actual Rows": 4, "Actual Loops": 1, "Group By Key": ["(\"substring\"((public.customer.c_phone)::text, 1, 2))"], "Plans": [{"Node Type": "Aggregate", "Strategy": "Plain", "Parent Relationship": "exec_init_plan", "Subplan Name": "InitPlan 1 (returns $0)", "Startup Cost": 76620.14, "Total Cost": 76620.15, "Plan Rows": 1, "Plan Width": 40, "Actual Startup Time": 2010.36, "Actual Total Time": 2010.361, "Actual Rows": 1, "Actual Loops": 1, "Plans": [{"Node Type": "Seq Scan", "Parent Relationship": "Outer", "Relation Name": "customer", "Alias": "customer", "Startup Cost": 12.98, "Total Cost": 76501.0, "Plan Rows": 47655, "Plan Width": 8, "Actual Startup Time": 0.029, "Actual Total Time": 1914.702, "Actual Rows": 218121, "Actual Loops": 1, "Filter": "((c_acctbal > 0::double precision) AND (\"substring\"((c_phone)::text, 1, 2) = ANY ('{20,40,22,30,39,42,21}'::text[])))", "Rows Removed by Filter": 1281879}]}, {"Node Type": "Sort", "Parent Relationship": "Outer", "Startup Cost": 102233.5, "Total Cost": 102233.5, "Plan Rows": 1, "Plan Width": 24, "Actual Startup Time": 3877.781, "Actual Total Time": 3881.447, "Actual Rows": 36604, "Actual Loops": 1, "Sort Key": ["(\"substring\"((public.customer.c_phone)::text, 1, 2))"], "Sort Method": "quicksort", "Sort Space Used": 4968, "Sort Space Type": "Memory", "Plans": [{"Node Type": "Nested Loop", "Parent Relationship": "Outer", "Join Type": "Anti", "Startup Cost": 0.0, "Total Cost": 102233.49, "Plan Rows": 1, "Plan Width": 24, "Actual Startup Time": 2010.457, "Actual Total Time": 3857.027, "Actual Rows": 36604, "Actual Loops": 1, "Inner Unique": false, "Plans": [{"Node Type": "Seq Scan", "Parent Relationship": "Outer", "Relation Name": "customer", "Alias": "customer", "Startup Cost": 0.0, "Total Cost": 76501.0, "Plan Rows": 17500, "Plan Width": 32, "Actual Startup Time": 2010.414, "Actual Total Time": 3294.32, "Actual Rows": 109197, "Actual Loops": 1, "Filter": "((c_acctbal > $0) AND (\"substring\"((c_phone)::text, 1, 2) = ANY ('{20,40,22,30,39,42,21}'::text[])))", "Rows Removed by Filter": 1390803}, {"Node Type": "Index Only Scan", "Parent Relationship": "Inner", "Scan Direction": "Forward", "Index Name": "idx_orders_custkey", "Relation Name": "orders", "Alias": "orders", "Startup Cost": 0.0, "Total Cost": 3.79, "Plan Rows": 4, "Plan Width": 8, "Actual Startup Time": 460.774, "Actual Total Time": 460.774, "Actual Rows": 72593, "Actual Loops": 109197, "Index Cond": "(o_custkey = public.customer.c_custkey)", "Rows Removed by Index Recheck": 0, "Heap Fetches": 0}]}]}]}, "Triggers": [], "Planner Runtime": 0.607, "Total Runtime": 3892.138, "Unique SQL Id": 2798552886}}, "(1, 121)": {"explain_plan": {"Plan": {"Node Type": "Aggregate", "Strategy": "Sorted", "Startup Cost": 1000007781092.0, "Total Cost": 1000007781092.03, "Plan Rows": 1, "Plan Width": 40, "Group By Key": ["(\"substring\"((public.customer.c_phone)::text, 1, 2))"], "Plans": [{"Node Type": "Aggregate", "Strategy": "Plain", "Parent Relationship": "exec_init_plan", "Subplan Name": "InitPlan 1 (returns $0)", "Startup Cost": 1000007650219.14, "Total Cost": 1000007650219.15, "Plan Rows": 1, "Plan Width": 40, "Plans": [{"Node Type": "Seq Scan", "Parent Relationship": "Outer", "Relation Name": "customer", "Alias": "customer", "Startup Cost": 10000000012.75, "Total Cost": 1000007650100.0, "Plan Rows": 47655, "Plan Width": 8, "Filter": "((c_acctbal > 0::double precision) AND (\"substring\"((c_phone)::text, 1, 2) = ANY ('{20,40,22,30,39,42,21}'::text[])))"}]}, {"Node Type": "Sort", "Parent Relationship": "Outer", "Startup Cost": 130872.85, "Total Cost": 130872.86, "Plan Rows": 1, "Plan Width": 24, "Sort Key": ["(\"substring\"((public.customer.c_phone)::text, 1, 2))"], "Plans": [{"Node Type": "Nested Loop", "Parent Relationship": "Outer", "Join Type": "Anti", "Startup Cost": 0.0, "Total Cost": 130872.84, "Plan Rows": 1, "Plan Width": 24, "Inner Unique": false, "Plans": [{"Node Type": "Index Scan", "Parent Relationship": "Outer", "Scan Direction": "Forward", "Index Name": "customer_pkey", "Relation Name": "customer", "Alias": "customer", "Startup Cost": 0.0, "Total Cost": 105140.36, "Plan Rows": 17500, "Plan Width": 32, "Filter": "((c_acctbal > $0) AND (\"substring\"((c_phone)::text, 1, 2) = ANY ('{20,40,22,30,39,42,21}'::text[])))"}, {"Node Type": "Index Only Scan", "Parent Relationship": "Inner", "Scan Direction": "Forward", "Index Name": "idx_orders_custkey", "Relation Name": "orders", "Alias": "orders", "Startup Cost": 0.0, "Total Cost": 3.79, "Plan Rows": 4, "Plan Width": 8, "Index Cond": "(o_custkey = public.customer.c_custkey)"}]}]}]}, "Unique SQL Id": 2798552886}, "explain_analyze_plan": {"Plan": {"Node Type": "Aggregate", "Strategy": "Sorted", "Startup Cost": 1000007781092.0, "Total Cost": 1000007781092.03, "Plan Rows": 1, "Plan Width": 40, "Actual Startup Time": 4453.89, "Actual Total Time": 4464.091, "Actual Rows": 4, "Actual Loops": 1, "Group By Key": ["(\"substring\"((public.customer.c_phone)::text, 1, 2))"], "Plans": [{"Node Type": "Aggregate", "Strategy": "Plain", "Parent Relationship": "exec_init_plan", "Subplan Name": "InitPlan 1 (returns $0)", "Startup Cost": 1000007650219.14, "Total Cost": 1000007650219.15, "Plan Rows": 1, "Plan Width": 40, "Actual Startup Time": 1990.397, "Actual Total Time": 1990.398, "Actual Rows": 1, "Actual Loops": 1, "Plans": [{"Node Type": "Seq Scan", "Parent Relationship": "Outer", "Relation Name": "customer", "Alias": "customer", "Startup Cost": 10000000012.75, "Total Cost": 1000007650100.0, "Plan Rows": 47655, "Plan Width": 8, "Actual Startup Time": 0.036, "Actual Total Time": 1895.081, "Actual Rows": 218121, "Actual Loops": 1, "Filter": "((c_acctbal > 0::double precision) AND (\"substring\"((c_phone)::text, 1, 2) = ANY ('{20,40,22,30,39,42,21}'::text[])))", "Rows Removed by Filter": 1281879}]}, {"Node Type": "Sort", "Parent Relationship": "Outer", "Startup Cost": 130872.85, "Total Cost": 130872.86, "Plan Rows": 1, "Plan Width": 24, "Actual Startup Time": 4450.398, "Actual Total Time": 4453.934, "Actual Rows": 36604, "Actual Loops": 1, "Sort Key": ["(\"substring\"((public.customer.c_phone)::text, 1, 2))"], "Sort Method": "quicksort", "Sort Space Used": 4968, "Sort Space Type": "Memory", "Plans": [{"Node Type": "Nested Loop", "Parent Relationship": "Outer", "Join Type": "Anti", "Startup Cost": 0.0, "Total Cost": 130872.84, "Plan Rows": 1, "Plan Width": 24, "Actual Startup Time": 1990.521, "Actual Total Time": 4429.799, "Actual Rows": 36604, "Actual Loops": 1, "Inner Unique": false, "Plans": [{"Node Type": "Index Scan", "Parent Relationship": "Outer", "Scan Direction": "Forward", "Index Name": "customer_pkey", "Relation Name": "customer", "Alias": "customer", "Startup Cost": 0.0, "Total Cost": 105140.36, "Plan Rows": 17500, "Plan Width": 32, "Actual Startup Time": 1990.477, "Actual Total Time": 3857.715, "Actual Rows": 109197, "Actual Loops": 1, "Filter": "((c_acctbal > $0) AND (\"substring\"((c_phone)::text, 1, 2) = ANY ('{20,40,22,30,39,42,21}'::text[])))", "Rows Removed by Filter": 1390803}, {"Node Type": "Index Only Scan", "Parent Relationship": "Inner", "Scan Direction": "Forward", "Index Name": "idx_orders_custkey", "Relation Name": "orders", "Alias": "orders", "Startup Cost": 0.0, "Total Cost": 3.79, "Plan Rows": 4, "Plan Width": 8, "Actual Startup Time": 469.636, "Actual Total Time": 469.636, "Actual Rows": 72593, "Actual Loops": 109197, "Index Cond": "(o_custkey = public.customer.c_custkey)", "Rows Removed by Index Recheck": 0, "Heap Fetches": 0}]}]}]}, "Triggers": [], "Planner Runtime": 0.607, "Total Runtime": 4464.404, "Unique SQL Id": 2798552886}}, "(1, 122)": {"explain_plan": {"Plan": {"Node Type": "Aggregate", "Strategy": "Sorted", "Startup Cost": 1511678295.04, "Total Cost": 1511678295.06, "Plan Rows": 1, "Plan Width": 40, "Group By Key": ["(\"substring\"((public.customer.c_phone)::text, 1, 2))"], "Plans": [{"Node Type": "Aggregate", "Strategy": "Plain", "Parent Relationship": "exec_init_plan", "Subplan Name": "InitPlan 1 (returns $0)", "Startup Cost": 76620.14, "Total Cost": 76620.15, "Plan Rows": 1, "Plan Width": 40, "Plans": [{"Node Type": "Seq Scan", "Parent Relationship": "Outer", "Relation Name": "customer", "Alias": "customer", "Startup Cost": 12.98, "Total Cost": 76501.0, "Plan Rows": 47655, "Plan Width": 8, "Filter": "((c_acctbal > 0::double precision) AND (\"substring\"((c_phone)::text, 1, 2) = ANY ('{20,40,22,30,39,42,21}'::text[])))"}]}, {"Node Type": "Sort", "Parent Relationship": "Outer", "Startup Cost": 1511601674.89, "Total Cost": 1511601674.89, "Plan Rows": 1, "Plan Width": 24, "Sort Key": ["(\"substring\"((public.customer.c_phone)::text, 1, 2))"], "Plans": [{"Node Type": "Nested Loop", "Parent Relationship": "Outer", "Join Type": "Anti", "Startup Cost": 0.0, "Total Cost": 1511601674.88, "Plan Rows": 1, "Plan Width": 24, "Inner Unique": false, "Join Filter": "(orders.o_custkey = public.customer.c_custkey)", "Plans": [{"Node Type": "Seq Scan", "Parent Relationship": "Outer", "Relation Name": "customer", "Alias": "customer", "Startup Cost": 0.0, "Total Cost": 76501.0, "Plan Rows": 17500, "Plan Width": 32, "Filter": "((c_acctbal > $0) AND (\"substring\"((c_phone)::text, 1, 2) = ANY ('{20,40,22,30,39,42,21}'::text[])))"}, {"Node Type": "Materialize", "Parent Relationship": "Inner", "Startup Cost": 0.0, "Total Cost": 501411.19, "Plan Rows": 14999479, "Plan Width": 8, "Plans": [{"Node Type": "Seq Scan", "Parent Relationship": "Outer", "Relation Name": "orders", "Alias": "orders", "Startup Cost": 0.0, "Total Cost": 426413.79, "Plan Rows": 14999479, "Plan Width": 8}]}]}]}]}, "Unique SQL Id": 2798552886}, "explain_analyze_plan": null}, "(1, 123)": {"explain_plan": {"Plan": {"Node Type": "Aggregate", "Strategy": "Sorted", "Startup Cost": 3001574749058.37, "Total Cost": 3001574749058.39, "Plan Rows": 1, "Plan Width": 40, "Group By Key": ["(\"substring\"((public.customer.c_phone)::text, 1, 2))"], "Plans": [{"Node Type": "Aggregate", "Strategy": "Plain", "Parent Relationship": "exec_init_plan", "Subplan Name": "InitPlan 1 (returns $0)", "Startup Cost": 1000007650219.14, "Total Cost": 1000007650219.15, "Plan Rows": 1, "Plan Width": 40, "Plans": [{"Node Type": "Seq Scan", "Parent Relationship": "Outer", "Relation Name": "customer", "Alias": "customer", "Startup Cost": 10000000012.75, "Total Cost": 1000007650100.0, "Plan Rows": 47655, "Plan Width": 8, "Filter": "((c_acctbal > 0::double precision) AND (\"substring\"((c_phone)::text, 1, 2) = ANY ('{20,40,22,30,39,42,21}'::text[])))"}]}, {"Node Type": "Sort", "Parent Relationship": "Outer", "Startup Cost": 2001567098839.22, "Total Cost": 2001567098839.22, "Plan Rows": 1, "Plan Width": 24, "Sort Key": ["(\"substring\"((public.customer.c_phone)::text, 1, 2))"], "Plans": [{"Node Type": "Nested Loop", "Parent Relationship": "Outer", "Join Type": "Anti", "Startup Cost": 20000000000.0, "Total Cost": 2001567098839.21, "Plan Rows": 1, "Plan Width": 24, "Inner Unique": false, "Join Filter": "(orders.o_custkey = public.customer.c_custkey)", "Plans": [{"Node Type": "Index Scan", "Parent Relationship": "Outer", "Scan Direction": "Forward", "Index Name": "customer_pkey", "Relation Name": "customer", "Alias": "customer", "Startup Cost": 10000000000.0, "Total Cost": 1000010514035.62, "Plan Rows": 17500, "Plan Width": 32, "Filter": "((c_acctbal > $0) AND (\"substring\"((c_phone)::text, 1, 2) = ANY ('{20,40,22,30,39,42,21}'::text[])))"}, {"Node Type": "Materialize", "Parent Relationship": "Inner", "Startup Cost": 10000000000.0, "Total Cost": 1000045561040.9, "Plan Rows": 14999479, "Plan Width": 8, "Plans": [{"Node Type": "Index Only Scan", "Parent Relationship": "Outer", "Scan Direction": "Forward", "Index Name": "idx_orders_custkey", "Relation Name": "orders", "Alias": "orders", "Startup Cost": 10000000000.0, "Total Cost": 1000045486043.5, "Plan Rows": 14999479, "Plan Width": 8}]}]}]}]}, "Unique SQL Id": 2798552886}, "explain_analyze_plan": null}, "(1, 124)": {"explain_plan": {"Plan": {"Node Type": "Aggregate", "Strategy": "Sorted", "Startup Cost": 274230.77, "Total Cost": 274230.8, "Plan Rows": 1, "Plan Width": 40, "Group By Key": ["(\"substring\"((public.customer.c_phone)::text, 1, 2))"], "Plans": [{"Node Type": "Aggregate", "Strategy": "Plain", "Parent Relationship": "exec_init_plan", "Subplan Name": "InitPlan 1 (returns $0)", "Startup Cost": 76620.14, "Total Cost": 76620.15, "Plan Rows": 1, "Plan Width": 40, "Plans": [{"Node Type": "Seq Scan", "Parent Relationship": "Outer", "Relation Name": "customer", "Alias": "customer", "Startup Cost": 12.98, "Total Cost": 76501.0, "Plan Rows": 47655, "Plan Width": 8, "Filter": "((c_acctbal > 0::double precision) AND (\"substring\"((c_phone)::text, 1, 2) = ANY ('{20,40,22,30,39,42,21}'::text[])))"}]}, {"Node Type": "Sort", "Parent Relationship": "Outer", "Startup Cost": 197610.62, "Total Cost": 197610.62, "Plan Rows": 1, "Plan Width": 24, "Sort Key": ["(\"substring\"((public.customer.c_phone)::text, 1, 2))"], "Plans": [{"Node Type": "Nested Loop", "Parent Relationship": "Outer", "Join Type": "Anti", "Startup Cost": 0.0, "Total Cost": 197610.61, "Plan Rows": 1, "Plan Width": 24, "Inner Unique": false, "Plans": [{"Node Type": "Seq Scan", "Parent Relationship": "Outer", "Relation Name": "customer", "Alias": "customer", "Startup Cost": 0.0, "Total Cost": 76501.0, "Plan Rows": 17500, "Plan Width": 32, "Filter": "((c_acctbal > $0) AND (\"substring\"((c_phone)::text, 1, 2) = ANY ('{20,40,22,30,39,42,21}'::text[])))"}, {"Node Type": "Index Scan", "Parent Relationship": "Inner", "Scan Direction": "Forward", "Index Name": "idx_orders_custkey", "Relation Name": "orders", "Alias": "orders", "Startup Cost": 0.0, "Total Cost": 17.99, "Plan Rows": 4, "Plan Width": 8, "Index Cond": "(o_custkey = public.customer.c_custkey)"}]}]}]}, "Unique SQL Id": 2798552886}, "explain_analyze_plan": {"Plan": {"Node Type": "Aggregate", "Strategy": "Sorted", "Startup Cost": 274230.77, "Total Cost": 274230.8, "Plan Rows": 1, "Plan Width": 40, "Actual Startup Time": 4066.361, "Actual Total Time": 4076.734, "Actual Rows": 4, "Actual Loops": 1, "Group By Key": ["(\"substring\"((public.customer.c_phone)::text, 1, 2))"], "Plans": [{"Node Type": "Aggregate", "Strategy": "Plain", "Parent Relationship": "exec_init_plan", "Subplan Name": "InitPlan 1 (returns $0)", "Startup Cost": 76620.14, "Total Cost": 76620.15, "Plan Rows": 1, "Plan Width": 40, "Actual Startup Time": 1991.742, "Actual Total Time": 1991.742, "Actual Rows": 1, "Actual Loops": 1, "Plans": [{"Node Type": "Seq Scan", "Parent Relationship": "Outer", "Relation Name": "customer", "Alias": "customer", "Startup Cost": 12.98, "Total Cost": 76501.0, "Plan Rows": 47655, "Plan Width": 8, "Actual Startup Time": 0.028, "Actual Total Time": 1896.339, "Actual Rows": 218121, "Actual Loops": 1, "Filter": "((c_acctbal > 0::double precision) AND (\"substring\"((c_phone)::text, 1, 2) = ANY ('{20,40,22,30,39,42,21}'::text[])))", "Rows Removed by Filter": 1281879}]}, {"Node Type": "Sort", "Parent Relationship": "Outer", "Startup Cost": 197610.62, "Total Cost": 197610.62, "Plan Rows": 1, "Plan Width": 24, "Actual Startup Time": 4062.845, "Actual Total Time": 4066.44, "Actual Rows": 36604, "Actual Loops": 1, "Sort Key": ["(\"substring\"((public.customer.c_phone)::text, 1, 2))"], "Sort Method": "quicksort", "Sort Space Used": 4968, "Sort Space Type": "Memory", "Plans": [{"Node Type": "Nested Loop", "Parent Relationship": "Outer", "Join Type": "Anti", "Startup Cost": 0.0, "Total Cost": 197610.61, "Plan Rows": 1, "Plan Width": 24, "Actual Startup Time": 1991.84, "Actual Total Time": 4041.643, "Actual Rows": 36604, "Actual Loops": 1, "Inner Unique": false, "Plans": [{"Node Type": "Seq Scan", "Parent Relationship": "Outer", "Relation Name": "customer", "Alias": "customer", "Startup Cost": 0.0, "Total Cost": 76501.0, "Plan Rows": 17500, "Plan Width": 32, "Actual Startup Time": 1991.803, "Actual Total Time": 3287.835, "Actual Rows": 109197, "Actual Loops": 1, "Filter": "((c_acctbal > $0) AND (\"substring\"((c_phone)::text, 1, 2) = ANY ('{20,40,22,30,39,42,21}'::text[])))", "Rows Removed by Filter": 1390803}, {"Node Type": "Index Scan", "Parent Relationship": "Inner", "Scan Direction": "Forward", "Index Name": "idx_orders_custkey", "Relation Name": "orders", "Alias": "orders", "Startup Cost": 0.0, "Total Cost": 17.99, "Plan Rows": 4, "Plan Width": 8, "Actual Startup Time": 644.787, "Actual Total Time": 644.787, "Actual Rows": 72593, "Actual Loops": 109197, "Index Cond": "(o_custkey = public.customer.c_custkey)", "Rows Removed by Index Recheck": 0}]}]}]}, "Triggers": [], "Planner Runtime": 0.602, "Total Runtime": 4077.007, "Unique SQL Id": 2798552886}}, "(1, 125)": {"explain_plan": {"Plan": {"Node Type": "Aggregate", "Strategy": "Sorted", "Startup Cost": 1000007876469.13, "Total Cost": 1000007876469.15, "Plan Rows": 1, "Plan Width": 40, "Group By Key": ["(\"substring\"((public.customer.c_phone)::text, 1, 2))"], "Plans": [{"Node Type": "Aggregate", "Strategy": "Plain", "Parent Relationship": "exec_init_plan", "Subplan Name": "InitPlan 1 (returns $0)", "Startup Cost": 1000007650219.14, "Total Cost": 1000007650219.15, "Plan Rows": 1, "Plan Width": 40, "Plans": [{"Node Type": "Seq Scan", "Parent Relationship": "Outer", "Relation Name": "customer", "Alias": "customer", "Startup Cost": 10000000012.75, "Total Cost": 1000007650100.0, "Plan Rows": 47655, "Plan Width": 8, "Filter": "((c_acctbal > 0::double precision) AND (\"substring\"((c_phone)::text, 1, 2) = ANY ('{20,40,22,30,39,42,21}'::text[])))"}]}, {"Node Type": "Sort", "Parent Relationship": "Outer", "Startup Cost": 226249.98, "Total Cost": 226249.98, "Plan Rows": 1, "Plan Width": 24, "Sort Key": ["(\"substring\"((public.customer.c_phone)::text, 1, 2))"], "Plans": [{"Node Type": "Nested Loop", "Parent Relationship": "Outer", "Join Type": "Anti", "Startup Cost": 0.0, "Total Cost": 226249.97, "Plan Rows": 1, "Plan Width": 24, "Inner Unique": false, "Plans": [{"Node Type": "Index Scan", "Parent Relationship": "Outer", "Scan Direction": "Forward", "Index Name": "customer_pkey", "Relation Name": "customer", "Alias": "customer", "Startup Cost": 0.0, "Total Cost": 105140.36, "Plan Rows": 17500, "Plan Width": 32, "Filter": "((c_acctbal > $0) AND (\"substring\"((c_phone)::text, 1, 2) = ANY ('{20,40,22,30,39,42,21}'::text[])))"}, {"Node Type": "Index Scan", "Parent Relationship": "Inner", "Scan Direction": "Forward", "Index Name": "idx_orders_custkey", "Relation Name": "orders", "Alias": "orders", "Startup Cost": 0.0, "Total Cost": 17.99, "Plan Rows": 4, "Plan Width": 8, "Index Cond": "(o_custkey = public.customer.c_custkey)"}]}]}]}, "Unique SQL Id": 2798552886}, "explain_analyze_plan": {"Plan": {"Node Type": "Aggregate", "Strategy": "Sorted", "Startup Cost": 1000007876469.13, "Total Cost": 1000007876469.15, "Plan Rows": 1, "Plan Width": 40, "Actual Startup Time": 4435.834, "Actual Total Time": 4446.26, "Actual Rows": 4, "Actual Loops": 1, "Group By Key": ["(\"substring\"((public.customer.c_phone)::text, 1, 2))"], "Plans": [{"Node Type": "Aggregate", "Strategy": "Plain", "Parent Relationship": "exec_init_plan", "Subplan Name": "InitPlan 1 (returns $0)", "Startup Cost": 1000007650219.14, "Total Cost": 1000007650219.15, "Plan Rows": 1, "Plan Width": 40, "Actual Startup Time": 1997.317, "Actual Total Time": 1997.317, "Actual Rows": 1, "Actual Loops": 1, "Plans": [{"Node Type": "Seq Scan", "Parent Relationship": "Outer", "Relation Name": "customer", "Alias": "customer", "Startup Cost": 10000000012.75, "Total Cost": 1000007650100.0, "Plan Rows": 47655, "Plan Width": 8, "Actual Startup Time": 0.038, "Actual Total Time": 1901.983, "Actual Rows": 218121, "Actual Loops": 1, "Filter": "((c_acctbal > 0::double precision) AND (\"substring\"((c_phone)::text, 1, 2) = ANY ('{20,40,22,30,39,42,21}'::text[])))", "Rows Removed by Filter": 1281879}]}, {"Node Type": "Sort", "Parent Relationship": "Outer", "Startup Cost": 226249.98, "Total Cost": 226249.98, "Plan Rows": 1, "Plan Width": 24, "Actual Startup Time": 4432.31, "Actual Total Time": 4435.843, "Actual Rows": 36604, "Actual Loops": 1, "Sort Key": ["(\"substring\"((public.customer.c_phone)::text, 1, 2))"], "Sort Method": "quicksort", "Sort Space Used": 4968, "Sort Space Type": "Memory", "Plans": [{"Node Type": "Nested Loop", "Parent Relationship": "Outer", "Join Type": "Anti", "Startup Cost": 0.0, "Total Cost": 226249.97, "Plan Rows": 1, "Plan Width": 24, "Actual Startup Time": 1997.433, "Actual Total Time": 4411.89, "Actual Rows": 36604, "Actual Loops": 1, "Inner Unique": false, "Plans": [{"Node Type": "Index Scan", "Parent Relationship": "Outer", "Scan Direction": "Forward", "Index Name": "customer_pkey", "Relation Name": "customer", "Alias": "customer", "Startup Cost": 0.0, "Total Cost": 105140.36, "Plan Rows": 17500, "Plan Width": 32, "Actual Startup Time": 1997.392, "Actual Total Time": 3747.515, "Actual Rows": 109197, "Actual Loops": 1, "Filter": "((c_acctbal > $0) AND (\"substring\"((c_phone)::text, 1, 2) = ANY ('{20,40,22,30,39,42,21}'::text[])))", "Rows Removed by Filter": 1390803}, {"Node Type": "Index Scan", "Parent Relationship": "Inner", "Scan Direction": "Forward", "Index Name": "idx_orders_custkey", "Relation Name": "orders", "Alias": "orders", "Startup Cost": 0.0, "Total Cost": 17.99, "Plan Rows": 4, "Plan Width": 8, "Actual Startup Time": 555.838, "Actual Total Time": 555.838, "Actual Rows": 72593, "Actual Loops": 109197, "Index Cond": "(o_custkey = public.customer.c_custkey)", "Rows Removed by Index Recheck": 0}]}]}]}, "Triggers": [], "Planner Runtime": 0.606, "Total Runtime": 4446.572, "Unique SQL Id": 2798552886}}, "(1, 126)": {"explain_plan": {"Plan": {"Node Type": "Aggregate", "Strategy": "Sorted", "Startup Cost": 1511678295.04, "Total Cost": 1511678295.06, "Plan Rows": 1, "Plan Width": 40, "Group By Key": ["(\"substring\"((public.customer.c_phone)::text, 1, 2))"], "Plans": [{"Node Type": "Aggregate", "Strategy": "Plain", "Parent Relationship": "exec_init_plan", "Subplan Name": "InitPlan 1 (returns $0)", "Startup Cost": 76620.14, "Total Cost": 76620.15, "Plan Rows": 1, "Plan Width": 40, "Plans": [{"Node Type": "Seq Scan", "Parent Relationship": "Outer", "Relation Name": "customer", "Alias": "customer", "Startup Cost": 12.98, "Total Cost": 76501.0, "Plan Rows": 47655, "Plan Width": 8, "Filter": "((c_acctbal > 0::double precision) AND (\"substring\"((c_phone)::text, 1, 2) = ANY ('{20,40,22,30,39,42,21}'::text[])))"}]}, {"Node Type": "Sort", "Parent Relationship": "Outer", "Startup Cost": 1511601674.89, "Total Cost": 1511601674.89, "Plan Rows": 1, "Plan Width": 24, "Sort Key": ["(\"substring\"((public.customer.c_phone)::text, 1, 2))"], "Plans": [{"Node Type": "Nested Loop", "Parent Relationship": "Outer", "Join Type": "Anti", "Startup Cost": 0.0, "Total Cost": 1511601674.88, "Plan Rows": 1, "Plan Width": 24, "Inner Unique": false, "Join Filter": "(orders.o_custkey = public.customer.c_custkey)", "Plans": [{"Node Type": "Seq Scan", "Parent Relationship": "Outer", "Relation Name": "customer", "Alias": "customer", "Startup Cost": 0.0, "Total Cost": 76501.0, "Plan Rows": 17500, "Plan Width": 32, "Filter": "((c_acctbal > $0) AND (\"substring\"((c_phone)::text, 1, 2) = ANY ('{20,40,22,30,39,42,21}'::text[])))"}, {"Node Type": "Materialize", "Parent Relationship": "Inner", "Startup Cost": 0.0, "Total Cost": 501411.19, "Plan Rows": 14999479, "Plan Width": 8, "Plans": [{"Node Type": "Seq Scan", "Parent Relationship": "Outer", "Relation Name": "orders", "Alias": "orders", "Startup Cost": 0.0, "Total Cost": 426413.79, "Plan Rows": 14999479, "Plan Width": 8}]}]}]}]}, "Unique SQL Id": 2798552886}, "explain_analyze_plan": null}, "(1, 127)": {"explain_plan": {"Plan": {"Node Type": "Aggregate", "Strategy": "Sorted", "Startup Cost": 3001685314543.95, "Total Cost": 3001685314543.98, "Plan Rows": 1, "Plan Width": 40, "Group By Key": ["(\"substring\"((public.customer.c_phone)::text, 1, 2))"], "Plans": [{"Node Type": "Aggregate", "Strategy": "Plain", "Parent Relationship": "exec_init_plan", "Subplan Name": "InitPlan 1 (returns $0)", "Startup Cost": 1000007650219.14, "Total Cost": 1000007650219.15, "Plan Rows": 1, "Plan Width": 40, "Plans": [{"Node Type": "Seq Scan", "Parent Relationship": "Outer", "Relation Name": "customer", "Alias": "customer", "Startup Cost": 10000000012.75, "Total Cost": 1000007650100.0, "Plan Rows": 47655, "Plan Width": 8, "Filter": "((c_acctbal > 0::double precision) AND (\"substring\"((c_phone)::text, 1, 2) = ANY ('{20,40,22,30,39,42,21}'::text[])))"}]}, {"Node Type": "Sort", "Parent Relationship": "Outer", "Startup Cost": 2001677664324.8, "Total Cost": 2001677664324.8, "Plan Rows": 1, "Plan Width": 24, "Sort Key": ["(\"substring\"((public.customer.c_phone)::text, 1, 2))"], "Plans": [{"Node Type": "Nested Loop", "Parent Relationship": "Outer", "Join Type": "Anti", "Startup Cost": 20000000000.0, "Total Cost": 2001677664324.79, "Plan Rows": 1, "Plan Width": 24, "Inner Unique": false, "Join Filter": "(orders.o_custkey = public.customer.c_custkey)", "Plans": [{"Node Type": "Index Scan", "Parent Relationship": "Outer", "Scan Direction": "Forward", "Index Name": "customer_pkey", "Relation Name": "customer", "Alias": "customer", "Startup Cost": 10000000000.0, "Total Cost": 1000010514035.62, "Plan Rows": 17500, "Plan Width": 32, "Filter": "((c_acctbal > $0) AND (\"substring\"((c_phone)::text, 1, 2) = ANY ('{20,40,22,30,39,42,21}'::text[])))"}, {"Node Type": "Materialize", "Parent Relationship": "Inner", "Startup Cost": 10000000000.0, "Total Cost": 1000156126526.48, "Plan Rows": 14999479, "Plan Width": 8, "Plans": [{"Node Type": "Index Scan", "Parent Relationship": "Outer", "Scan Direction": "Forward", "Index Name": "idx_orders_custkey", "Relation Name": "orders", "Alias": "orders", "Startup Cost": 10000000000.0, "Total Cost": 1000156051529.08, "Plan Rows": 14999479, "Plan Width": 8}]}]}]}]}, "Unique SQL Id": 2798552886}, "explain_analyze_plan": null}, "(16, 0)": {"explain_plan": {"Plan": {"Node Type": "Sort", "Startup Cost": 178853.67, "Total Cost": 178853.67, "Plan Rows": 1, "Plan Width": 40, "Sort Key": ["(\"substring\"((public.customer.c_phone)::text, 1, 2))"], "Plans": [{"Node Type": "Aggregate", "Strategy": "Plain", "Parent Relationship": "exec_init_plan", "Subplan Name": "InitPlan 1 (returns $0)", "Startup Cost": 76620.14, "Total Cost": 76620.15, "Plan Rows": 1, "Plan Width": 40, "Plans": [{"Node Type": "Seq Scan", "Parent Relationship": "Outer", "Relation Name": "customer", "Alias": "customer", "Startup Cost": 12.95, "Total Cost": 76501.0, "Plan Rows": 47655, "Plan Width": 8, "Filter": "((c_acctbal > 0::double precision) AND (\"substring\"((c_phone)::text, 1, 2) = ANY ('{20,40,22,30,39,42,21}'::text[])))"}]}, {"Node Type": "Aggregate", "Strategy": "Hashed", "Parent Relationship": "Outer", "Startup Cost": 102233.49, "Total Cost": 102233.51, "Plan Rows": 1, "Plan Width": 40, "Group By Key": ["\"substring\"((public.customer.c_phone)::text, 1, 2)"], "Plans": [{"Node Type": "Nested Loop", "Parent Relationship": "Outer", "Join Type": "Anti", "Startup Cost": 0.0, "Total Cost": 102233.49, "Plan Rows": 1, "Plan Width": 24, "Inner Unique": false, "Plans": [{"Node Type": "Seq Scan", "Parent Relationship": "Outer", "Relation Name": "customer", "Alias": "customer", "Startup Cost": 0.0, "Total Cost": 76501.0, "Plan Rows": 17500, "Plan Width": 32, "Filter": "((c_acctbal > $0) AND (\"substring\"((c_phone)::text, 1, 2) = ANY ('{20,40,22,30,39,42,21}'::text[])))"}, {"Node Type": "Index Only Scan", "Parent Relationship": "Inner", "Scan Direction": "Forward", "Index Name": "idx_orders_custkey", "Relation Name": "orders", "Alias": "orders", "Startup Cost": 0.0, "Total Cost": 3.79, "Plan Rows": 4, "Plan Width": 8, "Index Cond": "(o_custkey = public.customer.c_custkey)"}]}]}]}, "Unique SQL Id": 2798552886}, "explain_analyze_plan": {"Plan": {"Node Type": "Sort", "Startup Cost": 178853.67, "Total Cost": 178853.67, "Plan Rows": 1, "Plan Width": 40, "Actual Startup Time": 3898.225, "Actual Total Time": 3898.226, "Actual Rows": 4, "Actual Loops": 1, "Sort Key": ["(\"substring\"((public.customer.c_phone)::text, 1, 2))"], "Sort Method": "quicksort", "Sort Space Used": 25, "Sort Space Type": "Memory", "Plans": [{"Node Type": "Aggregate", "Strategy": "Plain", "Parent Relationship": "exec_init_plan", "Subplan Name": "InitPlan 1 (returns $0)", "Startup Cost": 76620.14, "Total Cost": 76620.15, "Plan Rows": 1, "Plan Width": 40, "Actual Startup Time": 1993.797, "Actual Total Time": 1993.797, "Actual Rows": 1, "Actual Loops": 1, "Plans": [{"Node Type": "Seq Scan", "Parent Relationship": "Outer", "Relation Name": "customer", "Alias": "customer", "Startup Cost": 12.95, "Total Cost": 76501.0, "Plan Rows": 47655, "Plan Width": 8, "Actual Startup Time": 0.028, "Actual Total Time": 1898.824, "Actual Rows": 218121, "Actual Loops": 1, "Filter": "((c_acctbal > 0::double precision) AND (\"substring\"((c_phone)::text, 1, 2) = ANY ('{20,40,22,30,39,42,21}'::text[])))", "Rows Removed by Filter": 1281879}]}, {"Node Type": "Aggregate", "Strategy": "Hashed", "Parent Relationship": "Outer", "Startup Cost": 102233.49, "Total Cost": 102233.51, "Plan Rows": 1, "Plan Width": 40, "Actual Startup Time": 3898.192, "Actual Total Time": 3898.195, "Actual Rows": 4, "Actual Loops": 1, "Group By Key": ["\"substring\"((public.customer.c_phone)::text, 1, 2)"], "Plans": [{"Node Type": "Nested Loop", "Parent Relationship": "Outer", "Join Type": "Anti", "Startup Cost": 0.0, "Total Cost": 102233.49, "Plan Rows": 1, "Plan Width": 24, "Actual Startup Time": 1994.027, "Actual Total Time": 3875.509, "Actual Rows": 36604, "Actual Loops": 1, "Inner Unique": false, "Plans": [{"Node Type": "Seq Scan", "Parent Relationship": "Outer", "Relation Name": "customer", "Alias": "customer", "Startup Cost": 0.0, "Total Cost": 76501.0, "Plan Rows": 17500, "Plan Width": 32, "Actual Startup Time": 1993.955, "Actual Total Time": 3288.893, "Actual Rows": 109197, "Actual Loops": 1, "Filter": "((c_acctbal > $0) AND (\"substring\"((c_phone)::text, 1, 2) = ANY ('{20,40,22,30,39,42,21}'::text[])))", "Rows Removed by Filter": 1390803}, {"Node Type": "Index Only Scan", "Parent Relationship": "Inner", "Scan Direction": "Forward", "Index Name": "idx_orders_custkey", "Relation Name": "orders", "Alias": "orders", "Startup Cost": 0.0, "Total Cost": 3.79, "Plan Rows": 4, "Plan Width": 8, "Actual Startup Time": 484.426, "Actual Total Time": 484.426, "Actual Rows": 72593, "Actual Loops": 109197, "Index Cond": "(o_custkey = public.customer.c_custkey)", "Rows Removed by Index Recheck": 0, "Heap Fetches": 0}]}]}]}, "Triggers": [], "Planner Runtime": 0.759, "Total Runtime": 3898.474, "Unique SQL Id": 2798552886}}, "(16, 1)": {"explain_plan": {"Plan": {"Node Type": "Sort", "Startup Cost": 1000007781092.03, "Total Cost": 1000007781092.03, "Plan Rows": 1, "Plan Width": 40, "Sort Key": ["(\"substring\"((public.customer.c_phone)::text, 1, 2))"], "Plans": [{"Node Type": "Aggregate", "Strategy": "Plain", "Parent Relationship": "exec_init_plan", "Subplan Name": "InitPlan 1 (returns $0)", "Startup Cost": 1000007650219.14, "Total Cost": 1000007650219.15, "Plan Rows": 1, "Plan Width": 40, "Plans": [{"Node Type": "Seq Scan", "Parent Relationship": "Outer", "Relation Name": "customer", "Alias": "customer", "Startup Cost": 10000000012.75, "Total Cost": 1000007650100.0, "Plan Rows": 47655, "Plan Width": 8, "Filter": "((c_acctbal > 0::double precision) AND (\"substring\"((c_phone)::text, 1, 2) = ANY ('{20,40,22,30,39,42,21}'::text[])))"}]}, {"Node Type": "Aggregate", "Strategy": "Hashed", "Parent Relationship": "Outer", "Startup Cost": 130872.85, "Total Cost": 130872.87, "Plan Rows": 1, "Plan Width": 40, "Group By Key": ["\"substring\"((public.customer.c_phone)::text, 1, 2)"], "Plans": [{"Node Type": "Nested Loop", "Parent Relationship": "Outer", "Join Type": "Anti", "Startup Cost": 0.0, "Total Cost": 130872.84, "Plan Rows": 1, "Plan Width": 24, "Inner Unique": false, "Plans": [{"Node Type": "Index Scan", "Parent Relationship": "Outer", "Scan Direction": "Forward", "Index Name": "customer_pkey", "Relation Name": "customer", "Alias": "customer", "Startup Cost": 0.0, "Total Cost": 105140.36, "Plan Rows": 17500, "Plan Width": 32, "Filter": "((c_acctbal > $0) AND (\"substring\"((c_phone)::text, 1, 2) = ANY ('{20,40,22,30,39,42,21}'::text[])))"}, {"Node Type": "Index Only Scan", "Parent Relationship": "Inner", "Scan Direction": "Forward", "Index Name": "idx_orders_custkey", "Relation Name": "orders", "Alias": "orders", "Startup Cost": 0.0, "Total Cost": 3.79, "Plan Rows": 4, "Plan Width": 8, "Index Cond": "(o_custkey = public.customer.c_custkey)"}]}]}]}, "Unique SQL Id": 2798552886}, "explain_analyze_plan": {"Plan": {"Node Type": "Sort", "Startup Cost": 1000007781092.03, "Total Cost": 1000007781092.03, "Plan Rows": 1, "Plan Width": 40, "Actual Startup Time": 4538.566, "Actual Total Time": 4538.567, "Actual Rows": 4, "Actual Loops": 1, "Sort Key": ["(\"substring\"((public.customer.c_phone)::text, 1, 2))"], "Sort Method": "quicksort", "Sort Space Used": 25, "Sort Space Type": "Memory", "Plans": [{"Node Type": "Aggregate", "Strategy": "Plain", "Parent Relationship": "exec_init_plan", "Subplan Name": "InitPlan 1 (returns $0)", "Startup Cost": 1000007650219.14, "Total Cost": 1000007650219.15, "Plan Rows": 1, "Plan Width": 40, "Actual Startup Time": 2004.286, "Actual Total Time": 2004.287, "Actual Rows": 1, "Actual Loops": 1, "Plans": [{"Node Type": "Seq Scan", "Parent Relationship": "Outer", "Relation Name": "customer", "Alias": "customer", "Startup Cost": 10000000012.75, "Total Cost": 1000007650100.0, "Plan Rows": 47655, "Plan Width": 8, "Actual Startup Time": 0.036, "Actual Total Time": 1908.298, "Actual Rows": 218121, "Actual Loops": 1, "Filter": "((c_acctbal > 0::double precision) AND (\"substring\"((c_phone)::text, 1, 2) = ANY ('{20,40,22,30,39,42,21}'::text[])))", "Rows Removed by Filter": 1281879}]}, {"Node Type": "Aggregate", "Strategy": "Hashed", "Parent Relationship": "Outer", "Startup Cost": 130872.85, "Total Cost": 130872.87, "Plan Rows": 1, "Plan Width": 40, "Actual Startup Time": 4538.513, "Actual Total Time": 4538.515, "Actual Rows": 4, "Actual Loops": 1, "Group By Key": ["\"substring\"((public.customer.c_phone)::text, 1, 2)"], "Plans": [{"Node Type": "Nested Loop", "Parent Relationship": "Outer", "Join Type": "Anti", "Startup Cost": 0.0, "Total Cost": 130872.84, "Plan Rows": 1, "Plan Width": 24, "Actual Startup Time": 2004.513, "Actual Total Time": 4515.757, "Actual Rows": 36604, "Actual Loops": 1, "Inner Unique": false, "Plans": [{"Node Type": "Index Scan", "Parent Relationship": "Outer", "Scan Direction": "Forward", "Index Name": "customer_pkey", "Relation Name": "customer", "Alias": "customer", "Startup Cost": 0.0, "Total Cost": 105140.36, "Plan Rows": 17500, "Plan Width": 32, "Actual Startup Time": 2004.451, "Actual Total Time": 3936.374, "Actual Rows": 109197, "Actual Loops": 1, "Filter": "((c_acctbal > $0) AND (\"substring\"((c_phone)::text, 1, 2) = ANY ('{20,40,22,30,39,42,21}'::text[])))", "Rows Removed by Filter": 1390803}, {"Node Type": "Index Only Scan", "Parent Relationship": "Inner", "Scan Direction": "Forward", "Index Name": "idx_orders_custkey", "Relation Name": "orders", "Alias": "orders", "Startup Cost": 0.0, "Total Cost": 3.79, "Plan Rows": 4, "Plan Width": 8, "Actual Startup Time": 476.552, "Actual Total Time": 476.552, "Actual Rows": 72593, "Actual Loops": 109197, "Index Cond": "(o_custkey = public.customer.c_custkey)", "Rows Removed by Index Recheck": 0, "Heap Fetches": 0}]}]}]}, "Triggers": [], "Planner Runtime": 0.761, "Total Runtime": 4538.756, "Unique SQL Id": 2798552886}}, "(16, 2)": {"explain_plan": {"Plan": {"Node Type": "Sort", "Startup Cost": 326543.88, "Total Cost": 326543.89, "Plan Rows": 1, "Plan Width": 40, "Sort Key": ["(\"substring\"((public.customer.c_phone)::text, 1, 2))"], "Plans": [{"Node Type": "Aggregate", "Strategy": "Plain", "Parent Relationship": "exec_init_plan", "Subplan Name": "InitPlan 1 (returns $0)", "Startup Cost": 76620.14, "Total Cost": 76620.15, "Plan Rows": 1, "Plan Width": 40, "Plans": [{"Node Type": "Seq Scan", "Parent Relationship": "Outer", "Relation Name": "customer", "Alias": "customer", "Startup Cost": 12.95, "Total Cost": 76501.0, "Plan Rows": 47655, "Plan Width": 8, "Filter": "((c_acctbal > 0::double precision) AND (\"substring\"((c_phone)::text, 1, 2) = ANY ('{20,40,22,30,39,42,21}'::text[])))"}]}, {"Node Type": "Aggregate", "Strategy": "Hashed", "Parent Relationship": "Outer", "Startup Cost": 249923.71, "Total Cost": 249923.72, "Plan Rows": 1, "Plan Width": 40, "Group By Key": ["\"substring\"((public.customer.c_phone)::text, 1, 2)"], "Plans": [{"Node Type": "Nested Loop", "Parent Relationship": "Outer", "Join Type": "Anti", "Startup Cost": 3.75, "Total Cost": 249923.7, "Plan Rows": 1, "Plan Width": 24, "Inner Unique": false, "Plans": [{"Node Type": "Seq Scan", "Parent Relationship": "Outer", "Relation Name": "customer", "Alias": "customer", "Startup Cost": 0.0, "Total Cost": 76501.0, "Plan Rows": 17500, "Plan Width": 32, "Filter": "((c_acctbal > $0) AND (\"substring\"((c_phone)::text, 1, 2) = ANY ('{20,40,22,30,39,42,21}'::text[])))"}, {"Node Type": "Bitmap Heap Scan", "Parent Relationship": "Inner", "Relation Name": "orders", "Alias": "orders", "Startup Cost": 3.75, "Total Cost": 19.76, "Plan Rows": 4, "Plan Width": 8, "Recheck Cond": "(o_custkey = public.customer.c_custkey)", "Plans": [{"Node Type": "Bitmap Index Scan", "Parent Relationship": "Outer", "Index Name": "idx_orders_custkey", "Startup Cost": 0.0, "Total Cost": 3.75, "Plan Rows": 4, "Plan Width": 0, "Index Cond": "(o_custkey = public.customer.c_custkey)"}]}]}]}]}, "Unique SQL Id": 2798552886}, "explain_analyze_plan": {"Plan": {"Node Type": "Sort", "Startup Cost": 326543.88, "Total Cost": 326543.89, "Plan Rows": 1, "Plan Width": 40, "Actual Startup Time": 4492.233, "Actual Total Time": 4492.235, "Actual Rows": 4, "Actual Loops": 1, "Sort Key": ["(\"substring\"((public.customer.c_phone)::text, 1, 2))"], "Sort Method": "quicksort", "Sort Space Used": 25, "Sort Space Type": "Memory", "Plans": [{"Node Type": "Aggregate", "Strategy": "Plain", "Parent Relationship": "exec_init_plan", "Subplan Name": "InitPlan 1 (returns $0)", "Startup Cost": 76620.14, "Total Cost": 76620.15, "Plan Rows": 1, "Plan Width": 40, "Actual Startup Time": 1991.263, "Actual Total Time": 1991.264, "Actual Rows": 1, "Actual Loops": 1, "Plans": [{"Node Type": "Seq Scan", "Parent Relationship": "Outer", "Relation Name": "customer", "Alias": "customer", "Startup Cost": 12.95, "Total Cost": 76501.0, "Plan Rows": 47655, "Plan Width": 8, "Actual Startup Time": 0.029, "Actual Total Time": 1896.473, "Actual Rows": 218121, "Actual Loops": 1, "Filter": "((c_acctbal > 0::double precision) AND (\"substring\"((c_phone)::text, 1, 2) = ANY ('{20,40,22,30,39,42,21}'::text[])))", "Rows Removed by Filter": 1281879}]}, {"Node Type": "Aggregate", "Strategy": "Hashed", "Parent Relationship": "Outer", "Startup Cost": 249923.71, "Total Cost": 249923.72, "Plan Rows": 1, "Plan Width": 40, "Actual Startup Time": 4492.108, "Actual Total Time": 4492.121, "Actual Rows": 4, "Actual Loops": 1, "Group By Key": ["\"substring\"((public.customer.c_phone)::text, 1, 2)"], "Plans": [{"Node Type": "Nested Loop", "Parent Relationship": "Outer", "Join Type": "Anti", "Startup Cost": 3.75, "Total Cost": 249923.7, "Plan Rows": 1, "Plan Width": 24, "Actual Startup Time": 1991.407, "Actual Total Time": 4465.33, "Actual Rows": 36604, "Actual Loops": 1, "Inner Unique": false, "Plans": [{"Node Type": "Seq Scan", "Parent Relationship": "Outer", "Relation Name": "customer", "Alias": "customer", "Startup Cost": 0.0, "Total Cost": 76501.0, "Plan Rows": 17500, "Plan Width": 32, "Actual Startup Time": 1991.334, "Actual Total Time": 3313.189, "Actual Rows": 109197, "Actual Loops": 1, "Filter": "((c_acctbal > $0) AND (\"substring\"((c_phone)::text, 1, 2) = ANY ('{20,40,22,30,39,42,21}'::text[])))", "Rows Removed by Filter": 1390803}, {"Node Type": "Bitmap Heap Scan", "Parent Relationship": "Inner", "Relation Name": "orders", "Alias": "orders", "Startup Cost": 3.75, "Total Cost": 19.76, "Plan Rows": 4, "Plan Width": 8, "Actual Startup Time": 965.354, "Actual Total Time": 965.354, "Actual Rows": 72593, "Actual Loops": 109197, "Recheck Cond": "(o_custkey = public.customer.c_custkey)", "Rows Removed by Index Recheck": 0, "Exact Heap Blocks": 72593, "Lossy Heap Blocks": 72593, "Plans": [{"Node Type": "Bitmap Index Scan", "Parent Relationship": "Outer", "Index Name": "idx_orders_custkey", "Startup Cost": 0.0, "Total Cost": 3.75, "Plan Rows": 4, "Plan Width": 0, "Actual Startup Time": 601.574, "Actual Total Time": 601.574, "Actual Rows": 1091631, "Actual Loops": 109197, "Index Cond": "(o_custkey = public.customer.c_custkey)"}]}]}]}]}, "Triggers": [], "Planner Runtime": 0.755, "Total Runtime": 4492.429, "Unique SQL Id": 2798552886}}, "(16, 3)": {"explain_plan": {"Plan": {"Node Type": "Sort", "Startup Cost": 2000018337677.51, "Total Cost": 2000018337677.51, "Plan Rows": 1, "Plan Width": 40, "Sort Key": ["(\"substring\"((public.customer.c_phone)::text, 1, 2))"], "Plans": [{"Node Type": "Aggregate", "Strategy": "Plain", "Parent Relationship": "exec_init_plan", "Subplan Name": "InitPlan 1 (returns $0)", "Startup Cost": 1000007650219.14, "Total Cost": 1000007650219.15, "Plan Rows": 1, "Plan Width": 40, "Plans": [{"Node Type": "Seq Scan", "Parent Relationship": "Outer", "Relation Name": "customer", "Alias": "customer", "Startup Cost": 10000000012.75, "Total Cost": 1000007650100.0, "Plan Rows": 47655, "Plan Width": 8, "Filter": "((c_acctbal > 0::double precision) AND (\"substring\"((c_phone)::text, 1, 2) = ANY ('{20,40,22,30,39,42,21}'::text[])))"}]}, {"Node Type": "Aggregate", "Strategy": "Hashed", "Parent Relationship": "Outer", "Startup Cost": 1000010687458.33, "Total Cost": 1000010687458.35, "Plan Rows": 1, "Plan Width": 40, "Group By Key": ["\"substring\"((public.customer.c_phone)::text, 1, 2)"], "Plans": [{"Node Type": "Nested Loop", "Parent Relationship": "Outer", "Join Type": "Anti", "Startup Cost": 10000000003.75, "Total Cost": 1000010687458.32, "Plan Rows": 1, "Plan Width": 24, "Inner Unique": false, "Plans": [{"Node Type": "Index Scan", "Parent Relationship": "Outer", "Scan Direction": "Forward", "Index Name": "customer_pkey", "Relation Name": "customer", "Alias": "customer", "Startup Cost": 10000000000.0, "Total Cost": 1000010514035.62, "Plan Rows": 17500, "Plan Width": 32, "Filter": "((c_acctbal > $0) AND (\"substring\"((c_phone)::text, 1, 2) = ANY ('{20,40,22,30,39,42,21}'::text[])))"}, {"Node Type": "Bitmap Heap Scan", "Parent Relationship": "Inner", "Relation Name": "orders", "Alias": "orders", "Startup Cost": 3.75, "Total Cost": 19.76, "Plan Rows": 4, "Plan Width": 8, "Recheck Cond": "(o_custkey = public.customer.c_custkey)", "Plans": [{"Node Type": "Bitmap Index Scan", "Parent Relationship": "Outer", "Index Name": "idx_orders_custkey", "Startup Cost": 0.0, "Total Cost": 3.75, "Plan Rows": 4, "Plan Width": 0, "Index Cond": "(o_custkey = public.customer.c_custkey)"}]}]}]}]}, "Unique SQL Id": 2798552886}, "explain_analyze_plan": {"Plan": {"Node Type": "Sort", "Startup Cost": 2000018337677.51, "Total Cost": 2000018337677.51, "Plan Rows": 1, "Plan Width": 40, "Actual Startup Time": 5045.7, "Actual Total Time": 5045.7, "Actual Rows": 4, "Actual Loops": 1, "Sort Key": ["(\"substring\"((public.customer.c_phone)::text, 1, 2))"], "Sort Method": "quicksort", "Sort Space Used": 25, "Sort Space Type": "Memory", "Plans": [{"Node Type": "Aggregate", "Strategy": "Plain", "Parent Relationship": "exec_init_plan", "Subplan Name": "InitPlan 1 (returns $0)", "Startup Cost": 1000007650219.14, "Total Cost": 1000007650219.15, "Plan Rows": 1, "Plan Width": 40, "Actual Startup Time": 1994.893, "Actual Total Time": 1994.893, "Actual Rows": 1, "Actual Loops": 1, "Plans": [{"Node Type": "Seq Scan", "Parent Relationship": "Outer", "Relation Name": "customer", "Alias": "customer", "Startup Cost": 10000000012.75, "Total Cost": 1000007650100.0, "Plan Rows": 47655, "Plan Width": 8, "Actual Startup Time": 0.036, "Actual Total Time": 1899.86, "Actual Rows": 218121, "Actual Loops": 1, "Filter": "((c_acctbal > 0::double precision) AND (\"substring\"((c_phone)::text, 1, 2) = ANY ('{20,40,22,30,39,42,21}'::text[])))", "Rows Removed by Filter": 1281879}]}, {"Node Type": "Aggregate", "Strategy": "Hashed", "Parent Relationship": "Outer", "Startup Cost": 1000010687458.33, "Total Cost": 1000010687458.35, "Plan Rows": 1, "Plan Width": 40, "Actual Startup Time": 5045.657, "Actual Total Time": 5045.657, "Actual Rows": 4, "Actual Loops": 1, "Group By Key": ["\"substring\"((public.customer.c_phone)::text, 1, 2)"], "Plans": [{"Node Type": "Nested Loop", "Parent Relationship": "Outer", "Join Type": "Anti", "Startup Cost": 10000000003.75, "Total Cost": 1000010687458.32, "Plan Rows": 1, "Plan Width": 24, "Actual Startup Time": 1995.077, "Actual Total Time": 5019.031, "Actual Rows": 36604, "Actual Loops": 1, "Inner Unique": false, "Plans": [{"Node Type": "Index Scan", "Parent Relationship": "Outer", "Scan Direction": "Forward", "Index Name": "customer_pkey", "Relation Name": "customer", "Alias": "customer", "Startup Cost": 10000000000.0, "Total Cost": 1000010514035.62, "Plan Rows": 17500, "Plan Width": 32, "Actual Startup Time": 1995.001, "Actual Total Time": 3864.643, "Actual Rows": 109197, "Actual Loops": 1, "Filter": "((c_acctbal > $0) AND (\"substring\"((c_phone)::text, 1, 2) = ANY ('{20,40,22,30,39,42,21}'::text[])))", "Rows Removed by Filter": 1390803}, {"Node Type": "Bitmap Heap Scan", "Parent Relationship": "Inner", "Relation Name": "orders", "Alias": "orders", "Startup Cost": 3.75, "Total Cost": 19.76, "Plan Rows": 4, "Plan Width": 8, "Actual Startup Time": 963.288, "Actual Total Time": 963.288, "Actual Rows": 72593, "Actual Loops": 109197, "Recheck Cond": "(o_custkey = public.customer.c_custkey)", "Rows Removed by Index Recheck": 0, "Exact Heap Blocks": 72593, "Lossy Heap Blocks": 72593, "Plans": [{"Node Type": "Bitmap Index Scan", "Parent Relationship": "Outer", "Index Name": "idx_orders_custkey", "Startup Cost": 0.0, "Total Cost": 3.75, "Plan Rows": 4, "Plan Width": 0, "Actual Startup Time": 588.006, "Actual Total Time": 588.006, "Actual Rows": 1091631, "Actual Loops": 109197, "Index Cond": "(o_custkey = public.customer.c_custkey)"}]}]}]}]}, "Triggers": [], "Planner Runtime": 0.768, "Total Runtime": 5045.883, "Unique SQL Id": 2798552886}}, "(16, 4)": {"explain_plan": {"Plan": {"Node Type": "Sort", "Startup Cost": 274230.79, "Total Cost": 274230.8, "Plan Rows": 1, "Plan Width": 40, "Sort Key": ["(\"substring\"((public.customer.c_phone)::text, 1, 2))"], "Plans": [{"Node Type": "Aggregate", "Strategy": "Plain", "Parent Relationship": "exec_init_plan", "Subplan Name": "InitPlan 1 (returns $0)", "Startup Cost": 76620.14, "Total Cost": 76620.15, "Plan Rows": 1, "Plan Width": 40, "Plans": [{"Node Type": "Seq Scan", "Parent Relationship": "Outer", "Relation Name": "customer", "Alias": "customer", "Startup Cost": 12.95, "Total Cost": 76501.0, "Plan Rows": 47655, "Plan Width": 8, "Filter": "((c_acctbal > 0::double precision) AND (\"substring\"((c_phone)::text, 1, 2) = ANY ('{20,40,22,30,39,42,21}'::text[])))"}]}, {"Node Type": "Aggregate", "Strategy": "Hashed", "Parent Relationship": "Outer", "Startup Cost": 197610.62, "Total Cost": 197610.63, "Plan Rows": 1, "Plan Width": 40, "Group By Key": ["\"substring\"((public.customer.c_phone)::text, 1, 2)"], "Plans": [{"Node Type": "Nested Loop", "Parent Relationship": "Outer", "Join Type": "Anti", "Startup Cost": 0.0, "Total Cost": 197610.61, "Plan Rows": 1, "Plan Width": 24, "Inner Unique": false, "Plans": [{"Node Type": "Seq Scan", "Parent Relationship": "Outer", "Relation Name": "customer", "Alias": "customer", "Startup Cost": 0.0, "Total Cost": 76501.0, "Plan Rows": 17500, "Plan Width": 32, "Filter": "((c_acctbal > $0) AND (\"substring\"((c_phone)::text, 1, 2) = ANY ('{20,40,22,30,39,42,21}'::text[])))"}, {"Node Type": "Index Scan", "Parent Relationship": "Inner", "Scan Direction": "Forward", "Index Name": "idx_orders_custkey", "Relation Name": "orders", "Alias": "orders", "Startup Cost": 0.0, "Total Cost": 17.99, "Plan Rows": 4, "Plan Width": 8, "Index Cond": "(o_custkey = public.customer.c_custkey)"}]}]}]}, "Unique SQL Id": 2798552886}, "explain_analyze_plan": {"Plan": {"Node Type": "Sort", "Startup Cost": 274230.79, "Total Cost": 274230.8, "Plan Rows": 1, "Plan Width": 40, "Actual Startup Time": 4031.791, "Actual Total Time": 4031.792, "Actual Rows": 4, "Actual Loops": 1, "Sort Key": ["(\"substring\"((public.customer.c_phone)::text, 1, 2))"], "Sort Method": "quicksort", "Sort Space Used": 25, "Sort Space Type": "Memory", "Plans": [{"Node Type": "Aggregate", "Strategy": "Plain", "Parent Relationship": "exec_init_plan", "Subplan Name": "InitPlan 1 (returns $0)", "Startup Cost": 76620.14, "Total Cost": 76620.15, "Plan Rows": 1, "Plan Width": 40, "Actual Startup Time": 1993.693, "Actual Total Time": 1993.694, "Actual Rows": 1, "Actual Loops": 1, "Plans": [{"Node Type": "Seq Scan", "Parent Relationship": "Outer", "Relation Name": "customer", "Alias": "customer", "Startup Cost": 12.95, "Total Cost": 76501.0, "Plan Rows": 47655, "Plan Width": 8, "Actual Startup Time": 0.034, "Actual Total Time": 1897.714, "Actual Rows": 218121, "Actual Loops": 1, "Filter": "((c_acctbal > 0::double precision) AND (\"substring\"((c_phone)::text, 1, 2) = ANY ('{20,40,22,30,39,42,21}'::text[])))", "Rows Removed by Filter": 1281879}]}, {"Node Type": "Aggregate", "Strategy": "Hashed", "Parent Relationship": "Outer", "Startup Cost": 197610.62, "Total Cost": 197610.63, "Plan Rows": 1, "Plan Width": 40, "Actual Startup Time": 4031.76, "Actual Total Time": 4031.761, "Actual Rows": 4, "Actual Loops": 1, "Group By Key": ["\"substring\"((public.customer.c_phone)::text, 1, 2)"], "Plans": [{"Node Type": "Nested Loop", "Parent Relationship": "Outer", "Join Type": "Anti", "Startup Cost": 0.0, "Total Cost": 197610.61, "Plan Rows": 1, "Plan Width": 24, "Actual Startup Time": 1993.926, "Actual Total Time": 4008.675, "Actual Rows": 36604, "Actual Loops": 1, "Inner Unique": false, "Plans": [{"Node Type": "Seq Scan", "Parent Relationship": "Outer", "Relation Name": "customer", "Alias": "customer", "Startup Cost": 0.0, "Total Cost": 76501.0, "Plan Rows": 17500, "Plan Width": 32, "Actual Startup Time": 1993.871, "Actual Total Time": 3286.163, "Actual Rows": 109197, "Actual Loops": 1, "Filter": "((c_acctbal > $0) AND (\"substring\"((c_phone)::text, 1, 2) = ANY ('{20,40,22,30,39,42,21}'::text[])))", "Rows Removed by Filter": 1390803}, {"Node Type": "Index Scan", "Parent Relationship": "Inner", "Scan Direction": "Forward", "Index Name": "idx_orders_custkey", "Relation Name": "orders", "Alias": "orders", "Startup Cost": 0.0, "Total Cost": 17.99, "Plan Rows": 4, "Plan Width": 8, "Actual Startup Time": 615.26, "Actual Total Time": 615.26, "Actual Rows": 72593, "Actual Loops": 109197, "Index Cond": "(o_custkey = public.customer.c_custkey)", "Rows Removed by Index Recheck": 0}]}]}]}, "Triggers": [], "Planner Runtime": 0.724, "Total Runtime": 4031.974, "Unique SQL Id": 2798552886}}, "(16, 5)": {"explain_plan": {"Plan": {"Node Type": "Sort", "Startup Cost": 1000007876469.15, "Total Cost": 1000007876469.15, "Plan Rows": 1, "Plan Width": 40, "Sort Key": ["(\"substring\"((public.customer.c_phone)::text, 1, 2))"], "Plans": [{"Node Type": "Aggregate", "Strategy": "Plain", "Parent Relationship": "exec_init_plan", "Subplan Name": "InitPlan 1 (returns $0)", "Startup Cost": 1000007650219.14, "Total Cost": 1000007650219.15, "Plan Rows": 1, "Plan Width": 40, "Plans": [{"Node Type": "Seq Scan", "Parent Relationship": "Outer", "Relation Name": "customer", "Alias": "customer", "Startup Cost": 10000000012.75, "Total Cost": 1000007650100.0, "Plan Rows": 47655, "Plan Width": 8, "Filter": "((c_acctbal > 0::double precision) AND (\"substring\"((c_phone)::text, 1, 2) = ANY ('{20,40,22,30,39,42,21}'::text[])))"}]}, {"Node Type": "Aggregate", "Strategy": "Hashed", "Parent Relationship": "Outer", "Startup Cost": 226249.97, "Total Cost": 226249.99, "Plan Rows": 1, "Plan Width": 40, "Group By Key": ["\"substring\"((public.customer.c_phone)::text, 1, 2)"], "Plans": [{"Node Type": "Nested Loop", "Parent Relationship": "Outer", "Join Type": "Anti", "Startup Cost": 0.0, "Total Cost": 226249.97, "Plan Rows": 1, "Plan Width": 24, "Inner Unique": false, "Plans": [{"Node Type": "Index Scan", "Parent Relationship": "Outer", "Scan Direction": "Forward", "Index Name": "customer_pkey", "Relation Name": "customer", "Alias": "customer", "Startup Cost": 0.0, "Total Cost": 105140.36, "Plan Rows": 17500, "Plan Width": 32, "Filter": "((c_acctbal > $0) AND (\"substring\"((c_phone)::text, 1, 2) = ANY ('{20,40,22,30,39,42,21}'::text[])))"}, {"Node Type": "Index Scan", "Parent Relationship": "Inner", "Scan Direction": "Forward", "Index Name": "idx_orders_custkey", "Relation Name": "orders", "Alias": "orders", "Startup Cost": 0.0, "Total Cost": 17.99, "Plan Rows": 4, "Plan Width": 8, "Index Cond": "(o_custkey = public.customer.c_custkey)"}]}]}]}, "Unique SQL Id": 2798552886}, "explain_analyze_plan": {"Plan": {"Node Type": "Sort", "Startup Cost": 1000007876469.15, "Total Cost": 1000007876469.15, "Plan Rows": 1, "Plan Width": 40, "Actual Startup Time": 4555.194, "Actual Total Time": 4555.195, "Actual Rows": 4, "Actual Loops": 1, "Sort Key": ["(\"substring\"((public.customer.c_phone)::text, 1, 2))"], "Sort Method": "quicksort", "Sort Space Used": 25, "Sort Space Type": "Memory", "Plans": [{"Node Type": "Aggregate", "Strategy": "Plain", "Parent Relationship": "exec_init_plan", "Subplan Name": "InitPlan 1 (returns $0)", "Startup Cost": 1000007650219.14, "Total Cost": 1000007650219.15, "Plan Rows": 1, "Plan Width": 40, "Actual Startup Time": 2007.503, "Actual Total Time": 2007.503, "Actual Rows": 1, "Actual Loops": 1, "Plans": [{"Node Type": "Seq Scan", "Parent Relationship": "Outer", "Relation Name": "customer", "Alias": "customer", "Startup Cost": 10000000012.75, "Total Cost": 1000007650100.0, "Plan Rows": 47655, "Plan Width": 8, "Actual Startup Time": 0.039, "Actual Total Time": 1912.456, "Actual Rows": 218121, "Actual Loops": 1, "Filter": "((c_acctbal > 0::double precision) AND (\"substring\"((c_phone)::text, 1, 2) = ANY ('{20,40,22,30,39,42,21}'::text[])))", "Rows Removed by Filter": 1281879}]}, {"Node Type": "Aggregate", "Strategy": "Hashed", "Parent Relationship": "Outer", "Startup Cost": 226249.97, "Total Cost": 226249.99, "Plan Rows": 1, "Plan Width": 40, "Actual Startup Time": 4555.155, "Actual Total Time": 4555.158, "Actual Rows": 4, "Actual Loops": 1, "Group By Key": ["\"substring\"((public.customer.c_phone)::text, 1, 2)"], "Plans": [{"Node Type": "Nested Loop", "Parent Relationship": "Outer", "Join Type": "Anti", "Startup Cost": 0.0, "Total Cost": 226249.97, "Plan Rows": 1, "Plan Width": 24, "Actual Startup Time": 2007.614, "Actual Total Time": 4531.932, "Actual Rows": 36604, "Actual Loops": 1, "Inner Unique": false, "Plans": [{"Node Type": "Index Scan", "Parent Relationship": "Outer", "Scan Direction": "Forward", "Index Name": "customer_pkey", "Relation Name": "customer", "Alias": "customer", "Startup Cost": 0.0, "Total Cost": 105140.36, "Plan Rows": 17500, "Plan Width": 32, "Actual Startup Time": 2007.576, "Actual Total Time": 3796.184, "Actual Rows": 109197, "Actual Loops": 1, "Filter": "((c_acctbal > $0) AND (\"substring\"((c_phone)::text, 1, 2) = ANY ('{20,40,22,30,39,42,21}'::text[])))", "Rows Removed by Filter": 1390803}, {"Node Type": "Index Scan", "Parent Relationship": "Inner", "Scan Direction": "Forward", "Index Name": "idx_orders_custkey", "Relation Name": "orders", "Alias": "orders", "Startup Cost": 0.0, "Total Cost": 17.99, "Plan Rows": 4, "Plan Width": 8, "Actual Startup Time": 628.013, "Actual Total Time": 628.013, "Actual Rows": 72593, "Actual Loops": 109197, "Index Cond": "(o_custkey = public.customer.c_custkey)", "Rows Removed by Index Recheck": 0}]}]}]}, "Triggers": [], "Planner Runtime": 0.762, "Total Runtime": 4555.366, "Unique SQL Id": 2798552886}}, "(16, 6)": {"explain_plan": {"Plan": {"Node Type": "Sort", "Startup Cost": 326543.88, "Total Cost": 326543.89, "Plan Rows": 1, "Plan Width": 40, "Sort Key": ["(\"substring\"((public.customer.c_phone)::text, 1, 2))"], "Plans": [{"Node Type": "Aggregate", "Strategy": "Plain", "Parent Relationship": "exec_init_plan", "Subplan Name": "InitPlan 1 (returns $0)", "Startup Cost": 76620.14, "Total Cost": 76620.15, "Plan Rows": 1, "Plan Width": 40, "Plans": [{"Node Type": "Seq Scan", "Parent Relationship": "Outer", "Relation Name": "customer", "Alias": "customer", "Startup Cost": 12.95, "Total Cost": 76501.0, "Plan Rows": 47655, "Plan Width": 8, "Filter": "((c_acctbal > 0::double precision) AND (\"substring\"((c_phone)::text, 1, 2) = ANY ('{20,40,22,30,39,42,21}'::text[])))"}]}, {"Node Type": "Aggregate", "Strategy": "Hashed", "Parent Relationship": "Outer", "Startup Cost": 249923.71, "Total Cost": 249923.72, "Plan Rows": 1, "Plan Width": 40, "Group By Key": ["\"substring\"((public.customer.c_phone)::text, 1, 2)"], "Plans": [{"Node Type": "Nested Loop", "Parent Relationship": "Outer", "Join Type": "Anti", "Startup Cost": 3.75, "Total Cost": 249923.7, "Plan Rows": 1, "Plan Width": 24, "Inner Unique": false, "Plans": [{"Node Type": "Seq Scan", "Parent Relationship": "Outer", "Relation Name": "customer", "Alias": "customer", "Startup Cost": 0.0, "Total Cost": 76501.0, "Plan Rows": 17500, "Plan Width": 32, "Filter": "((c_acctbal > $0) AND (\"substring\"((c_phone)::text, 1, 2) = ANY ('{20,40,22,30,39,42,21}'::text[])))"}, {"Node Type": "Bitmap Heap Scan", "Parent Relationship": "Inner", "Relation Name": "orders", "Alias": "orders", "Startup Cost": 3.75, "Total Cost": 19.76, "Plan Rows": 4, "Plan Width": 8, "Recheck Cond": "(o_custkey = public.customer.c_custkey)", "Plans": [{"Node Type": "Bitmap Index Scan", "Parent Relationship": "Outer", "Index Name": "idx_orders_custkey", "Startup Cost": 0.0, "Total Cost": 3.75, "Plan Rows": 4, "Plan Width": 0, "Index Cond": "(o_custkey = public.customer.c_custkey)"}]}]}]}]}, "Unique SQL Id": 2798552886}, "explain_analyze_plan": {"Plan": {"Node Type": "Sort", "Startup Cost": 326543.88, "Total Cost": 326543.89, "Plan Rows": 1, "Plan Width": 40, "Actual Startup Time": 4492.233, "Actual Total Time": 4492.235, "Actual Rows": 4, "Actual Loops": 1, "Sort Key": ["(\"substring\"((public.customer.c_phone)::text, 1, 2))"], "Sort Method": "quicksort", "Sort Space Used": 25, "Sort Space Type": "Memory", "Plans": [{"Node Type": "Aggregate", "Strategy": "Plain", "Parent Relationship": "exec_init_plan", "Subplan Name": "InitPlan 1 (returns $0)", "Startup Cost": 76620.14, "Total Cost": 76620.15, "Plan Rows": 1, "Plan Width": 40, "Actual Startup Time": 1991.263, "Actual Total Time": 1991.264, "Actual Rows": 1, "Actual Loops": 1, "Plans": [{"Node Type": "Seq Scan", "Parent Relationship": "Outer", "Relation Name": "customer", "Alias": "customer", "Startup Cost": 12.95, "Total Cost": 76501.0, "Plan Rows": 47655, "Plan Width": 8, "Actual Startup Time": 0.029, "Actual Total Time": 1896.473, "Actual Rows": 218121, "Actual Loops": 1, "Filter": "((c_acctbal > 0::double precision) AND (\"substring\"((c_phone)::text, 1, 2) = ANY ('{20,40,22,30,39,42,21}'::text[])))", "Rows Removed by Filter": 1281879}]}, {"Node Type": "Aggregate", "Strategy": "Hashed", "Parent Relationship": "Outer", "Startup Cost": 249923.71, "Total Cost": 249923.72, "Plan Rows": 1, "Plan Width": 40, "Actual Startup Time": 4492.108, "Actual Total Time": 4492.121, "Actual Rows": 4, "Actual Loops": 1, "Group By Key": ["\"substring\"((public.customer.c_phone)::text, 1, 2)"], "Plans": [{"Node Type": "Nested Loop", "Parent Relationship": "Outer", "Join Type": "Anti", "Startup Cost": 3.75, "Total Cost": 249923.7, "Plan Rows": 1, "Plan Width": 24, "Actual Startup Time": 1991.407, "Actual Total Time": 4465.33, "Actual Rows": 36604, "Actual Loops": 1, "Inner Unique": false, "Plans": [{"Node Type": "Seq Scan", "Parent Relationship": "Outer", "Relation Name": "customer", "Alias": "customer", "Startup Cost": 0.0, "Total Cost": 76501.0, "Plan Rows": 17500, "Plan Width": 32, "Actual Startup Time": 1991.334, "Actual Total Time": 3313.189, "Actual Rows": 109197, "Actual Loops": 1, "Filter": "((c_acctbal > $0) AND (\"substring\"((c_phone)::text, 1, 2) = ANY ('{20,40,22,30,39,42,21}'::text[])))", "Rows Removed by Filter": 1390803}, {"Node Type": "Bitmap Heap Scan", "Parent Relationship": "Inner", "Relation Name": "orders", "Alias": "orders", "Startup Cost": 3.75, "Total Cost": 19.76, "Plan Rows": 4, "Plan Width": 8, "Actual Startup Time": 965.354, "Actual Total Time": 965.354, "Actual Rows": 72593, "Actual Loops": 109197, "Recheck Cond": "(o_custkey = public.customer.c_custkey)", "Rows Removed by Index Recheck": 0, "Exact Heap Blocks": 72593, "Lossy Heap Blocks": 72593, "Plans": [{"Node Type": "Bitmap Index Scan", "Parent Relationship": "Outer", "Index Name": "idx_orders_custkey", "Startup Cost": 0.0, "Total Cost": 3.75, "Plan Rows": 4, "Plan Width": 0, "Actual Startup Time": 601.574, "Actual Total Time": 601.574, "Actual Rows": 1091631, "Actual Loops": 109197, "Index Cond": "(o_custkey = public.customer.c_custkey)"}]}]}]}]}, "Triggers": [], "Planner Runtime": 0.755, "Total Runtime": 4492.429, "Unique SQL Id": 2798552886}}, "(16, 7)": {"explain_plan": {"Plan": {"Node Type": "Sort", "Startup Cost": 2000018337677.51, "Total Cost": 2000018337677.51, "Plan Rows": 1, "Plan Width": 40, "Sort Key": ["(\"substring\"((public.customer.c_phone)::text, 1, 2))"], "Plans": [{"Node Type": "Aggregate", "Strategy": "Plain", "Parent Relationship": "exec_init_plan", "Subplan Name": "InitPlan 1 (returns $0)", "Startup Cost": 1000007650219.14, "Total Cost": 1000007650219.15, "Plan Rows": 1, "Plan Width": 40, "Plans": [{"Node Type": "Seq Scan", "Parent Relationship": "Outer", "Relation Name": "customer", "Alias": "customer", "Startup Cost": 10000000012.75, "Total Cost": 1000007650100.0, "Plan Rows": 47655, "Plan Width": 8, "Filter": "((c_acctbal > 0::double precision) AND (\"substring\"((c_phone)::text, 1, 2) = ANY ('{20,40,22,30,39,42,21}'::text[])))"}]}, {"Node Type": "Aggregate", "Strategy": "Hashed", "Parent Relationship": "Outer", "Startup Cost": 1000010687458.33, "Total Cost": 1000010687458.35, "Plan Rows": 1, "Plan Width": 40, "Group By Key": ["\"substring\"((public.customer.c_phone)::text, 1, 2)"], "Plans": [{"Node Type": "Nested Loop", "Parent Relationship": "Outer", "Join Type": "Anti", "Startup Cost": 10000000003.75, "Total Cost": 1000010687458.32, "Plan Rows": 1, "Plan Width": 24, "Inner Unique": false, "Plans": [{"Node Type": "Index Scan", "Parent Relationship": "Outer", "Scan Direction": "Forward", "Index Name": "customer_pkey", "Relation Name": "customer", "Alias": "customer", "Startup Cost": 10000000000.0, "Total Cost": 1000010514035.62, "Plan Rows": 17500, "Plan Width": 32, "Filter": "((c_acctbal > $0) AND (\"substring\"((c_phone)::text, 1, 2) = ANY ('{20,40,22,30,39,42,21}'::text[])))"}, {"Node Type": "Bitmap Heap Scan", "Parent Relationship": "Inner", "Relation Name": "orders", "Alias": "orders", "Startup Cost": 3.75, "Total Cost": 19.76, "Plan Rows": 4, "Plan Width": 8, "Recheck Cond": "(o_custkey = public.customer.c_custkey)", "Plans": [{"Node Type": "Bitmap Index Scan", "Parent Relationship": "Outer", "Index Name": "idx_orders_custkey", "Startup Cost": 0.0, "Total Cost": 3.75, "Plan Rows": 4, "Plan Width": 0, "Index Cond": "(o_custkey = public.customer.c_custkey)"}]}]}]}]}, "Unique SQL Id": 2798552886}, "explain_analyze_plan": {"Plan": {"Node Type": "Sort", "Startup Cost": 2000018337677.51, "Total Cost": 2000018337677.51, "Plan Rows": 1, "Plan Width": 40, "Actual Startup Time": 5045.7, "Actual Total Time": 5045.7, "Actual Rows": 4, "Actual Loops": 1, "Sort Key": ["(\"substring\"((public.customer.c_phone)::text, 1, 2))"], "Sort Method": "quicksort", "Sort Space Used": 25, "Sort Space Type": "Memory", "Plans": [{"Node Type": "Aggregate", "Strategy": "Plain", "Parent Relationship": "exec_init_plan", "Subplan Name": "InitPlan 1 (returns $0)", "Startup Cost": 1000007650219.14, "Total Cost": 1000007650219.15, "Plan Rows": 1, "Plan Width": 40, "Actual Startup Time": 1994.893, "Actual Total Time": 1994.893, "Actual Rows": 1, "Actual Loops": 1, "Plans": [{"Node Type": "Seq Scan", "Parent Relationship": "Outer", "Relation Name": "customer", "Alias": "customer", "Startup Cost": 10000000012.75, "Total Cost": 1000007650100.0, "Plan Rows": 47655, "Plan Width": 8, "Actual Startup Time": 0.036, "Actual Total Time": 1899.86, "Actual Rows": 218121, "Actual Loops": 1, "Filter": "((c_acctbal > 0::double precision) AND (\"substring\"((c_phone)::text, 1, 2) = ANY ('{20,40,22,30,39,42,21}'::text[])))", "Rows Removed by Filter": 1281879}]}, {"Node Type": "Aggregate", "Strategy": "Hashed", "Parent Relationship": "Outer", "Startup Cost": 1000010687458.33, "Total Cost": 1000010687458.35, "Plan Rows": 1, "Plan Width": 40, "Actual Startup Time": 5045.657, "Actual Total Time": 5045.657, "Actual Rows": 4, "Actual Loops": 1, "Group By Key": ["\"substring\"((public.customer.c_phone)::text, 1, 2)"], "Plans": [{"Node Type": "Nested Loop", "Parent Relationship": "Outer", "Join Type": "Anti", "Startup Cost": 10000000003.75, "Total Cost": 1000010687458.32, "Plan Rows": 1, "Plan Width": 24, "Actual Startup Time": 1995.077, "Actual Total Time": 5019.031, "Actual Rows": 36604, "Actual Loops": 1, "Inner Unique": false, "Plans": [{"Node Type": "Index Scan", "Parent Relationship": "Outer", "Scan Direction": "Forward", "Index Name": "customer_pkey", "Relation Name": "customer", "Alias": "customer", "Startup Cost": 10000000000.0, "Total Cost": 1000010514035.62, "Plan Rows": 17500, "Plan Width": 32, "Actual Startup Time": 1995.001, "Actual Total Time": 3864.643, "Actual Rows": 109197, "Actual Loops": 1, "Filter": "((c_acctbal > $0) AND (\"substring\"((c_phone)::text, 1, 2) = ANY ('{20,40,22,30,39,42,21}'::text[])))", "Rows Removed by Filter": 1390803}, {"Node Type": "Bitmap Heap Scan", "Parent Relationship": "Inner", "Relation Name": "orders", "Alias": "orders", "Startup Cost": 3.75, "Total Cost": 19.76, "Plan Rows": 4, "Plan Width": 8, "Actual Startup Time": 963.288, "Actual Total Time": 963.288, "Actual Rows": 72593, "Actual Loops": 109197, "Recheck Cond": "(o_custkey = public.customer.c_custkey)", "Rows Removed by Index Recheck": 0, "Exact Heap Blocks": 72593, "Lossy Heap Blocks": 72593, "Plans": [{"Node Type": "Bitmap Index Scan", "Parent Relationship": "Outer", "Index Name": "idx_orders_custkey", "Startup Cost": 0.0, "Total Cost": 3.75, "Plan Rows": 4, "Plan Width": 0, "Actual Startup Time": 588.006, "Actual Total Time": 588.006, "Actual Rows": 1091631, "Actual Loops": 109197, "Index Cond": "(o_custkey = public.customer.c_custkey)"}]}]}]}]}, "Triggers": [], "Planner Runtime": 0.768, "Total Runtime": 5045.883, "Unique SQL Id": 2798552886}}, "(16, 8)": {"explain_plan": {"Plan": {"Node Type": "Sort", "Startup Cost": 178853.67, "Total Cost": 178853.67, "Plan Rows": 1, "Plan Width": 40, "Sort Key": ["(\"substring\"((public.customer.c_phone)::text, 1, 2))"], "Plans": [{"Node Type": "Aggregate", "Strategy": "Plain", "Parent Relationship": "exec_init_plan", "Subplan Name": "InitPlan 1 (returns $0)", "Startup Cost": 76620.14, "Total Cost": 76620.15, "Plan Rows": 1, "Plan Width": 40, "Plans": [{"Node Type": "Seq Scan", "Parent Relationship": "Outer", "Relation Name": "customer", "Alias": "customer", "Startup Cost": 12.95, "Total Cost": 76501.0, "Plan Rows": 47655, "Plan Width": 8, "Filter": "((c_acctbal > 0::double precision) AND (\"substring\"((c_phone)::text, 1, 2) = ANY ('{20,40,22,30,39,42,21}'::text[])))"}]}, {"Node Type": "Aggregate", "Strategy": "Hashed", "Parent Relationship": "Outer", "Startup Cost": 102233.49, "Total Cost": 102233.51, "Plan Rows": 1, "Plan Width": 40, "Group By Key": ["\"substring\"((public.customer.c_phone)::text, 1, 2)"], "Plans": [{"Node Type": "Nested Loop", "Parent Relationship": "Outer", "Join Type": "Anti", "Startup Cost": 0.0, "Total Cost": 102233.49, "Plan Rows": 1, "Plan Width": 24, "Inner Unique": false, "Plans": [{"Node Type": "Seq Scan", "Parent Relationship": "Outer", "Relation Name": "customer", "Alias": "customer", "Startup Cost": 0.0, "Total Cost": 76501.0, "Plan Rows": 17500, "Plan Width": 32, "Filter": "((c_acctbal > $0) AND (\"substring\"((c_phone)::text, 1, 2) = ANY ('{20,40,22,30,39,42,21}'::text[])))"}, {"Node Type": "Index Only Scan", "Parent Relationship": "Inner", "Scan Direction": "Forward", "Index Name": "idx_orders_custkey", "Relation Name": "orders", "Alias": "orders", "Startup Cost": 0.0, "Total Cost": 3.79, "Plan Rows": 4, "Plan Width": 8, "Index Cond": "(o_custkey = public.customer.c_custkey)"}]}]}]}, "Unique SQL Id": 2798552886}, "explain_analyze_plan": {"Plan": {"Node Type": "Sort", "Startup Cost": 178853.67, "Total Cost": 178853.67, "Plan Rows": 1, "Plan Width": 40, "Actual Startup Time": 3898.225, "Actual Total Time": 3898.226, "Actual Rows": 4, "Actual Loops": 1, "Sort Key": ["(\"substring\"((public.customer.c_phone)::text, 1, 2))"], "Sort Method": "quicksort", "Sort Space Used": 25, "Sort Space Type": "Memory", "Plans": [{"Node Type": "Aggregate", "Strategy": "Plain", "Parent Relationship": "exec_init_plan", "Subplan Name": "InitPlan 1 (returns $0)", "Startup Cost": 76620.14, "Total Cost": 76620.15, "Plan Rows": 1, "Plan Width": 40, "Actual Startup Time": 1993.797, "Actual Total Time": 1993.797, "Actual Rows": 1, "Actual Loops": 1, "Plans": [{"Node Type": "Seq Scan", "Parent Relationship": "Outer", "Relation Name": "customer", "Alias": "customer", "Startup Cost": 12.95, "Total Cost": 76501.0, "Plan Rows": 47655, "Plan Width": 8, "Actual Startup Time": 0.028, "Actual Total Time": 1898.824, "Actual Rows": 218121, "Actual Loops": 1, "Filter": "((c_acctbal > 0::double precision) AND (\"substring\"((c_phone)::text, 1, 2) = ANY ('{20,40,22,30,39,42,21}'::text[])))", "Rows Removed by Filter": 1281879}]}, {"Node Type": "Aggregate", "Strategy": "Hashed", "Parent Relationship": "Outer", "Startup Cost": 102233.49, "Total Cost": 102233.51, "Plan Rows": 1, "Plan Width": 40, "Actual Startup Time": 3898.192, "Actual Total Time": 3898.195, "Actual Rows": 4, "Actual Loops": 1, "Group By Key": ["\"substring\"((public.customer.c_phone)::text, 1, 2)"], "Plans": [{"Node Type": "Nested Loop", "Parent Relationship": "Outer", "Join Type": "Anti", "Startup Cost": 0.0, "Total Cost": 102233.49, "Plan Rows": 1, "Plan Width": 24, "Actual Startup Time": 1994.027, "Actual Total Time": 3875.509, "Actual Rows": 36604, "Actual Loops": 1, "Inner Unique": false, "Plans": [{"Node Type": "Seq Scan", "Parent Relationship": "Outer", "Relation Name": "customer", "Alias": "customer", "Startup Cost": 0.0, "Total Cost": 76501.0, "Plan Rows": 17500, "Plan Width": 32, "Actual Startup Time": 1993.955, "Actual Total Time": 3288.893, "Actual Rows": 109197, "Actual Loops": 1, "Filter": "((c_acctbal > $0) AND (\"substring\"((c_phone)::text, 1, 2) = ANY ('{20,40,22,30,39,42,21}'::text[])))", "Rows Removed by Filter": 1390803}, {"Node Type": "Index Only Scan", "Parent Relationship": "Inner", "Scan Direction": "Forward", "Index Name": "idx_orders_custkey", "Relation Name": "orders", "Alias": "orders", "Startup Cost": 0.0, "Total Cost": 3.79, "Plan Rows": 4, "Plan Width": 8, "Actual Startup Time": 484.426, "Actual Total Time": 484.426, "Actual Rows": 72593, "Actual Loops": 109197, "Index Cond": "(o_custkey = public.customer.c_custkey)", "Rows Removed by Index Recheck": 0, "Heap Fetches": 0}]}]}]}, "Triggers": [], "Planner Runtime": 0.759, "Total Runtime": 3898.474, "Unique SQL Id": 2798552886}}, "(16, 9)": {"explain_plan": {"Plan": {"Node Type": "Sort", "Startup Cost": 1000007781092.03, "Total Cost": 1000007781092.03, "Plan Rows": 1, "Plan Width": 40, "Sort Key": ["(\"substring\"((public.customer.c_phone)::text, 1, 2))"], "Plans": [{"Node Type": "Aggregate", "Strategy": "Plain", "Parent Relationship": "exec_init_plan", "Subplan Name": "InitPlan 1 (returns $0)", "Startup Cost": 1000007650219.14, "Total Cost": 1000007650219.15, "Plan Rows": 1, "Plan Width": 40, "Plans": [{"Node Type": "Seq Scan", "Parent Relationship": "Outer", "Relation Name": "customer", "Alias": "customer", "Startup Cost": 10000000012.75, "Total Cost": 1000007650100.0, "Plan Rows": 47655, "Plan Width": 8, "Filter": "((c_acctbal > 0::double precision) AND (\"substring\"((c_phone)::text, 1, 2) = ANY ('{20,40,22,30,39,42,21}'::text[])))"}]}, {"Node Type": "Aggregate", "Strategy": "Hashed", "Parent Relationship": "Outer", "Startup Cost": 130872.85, "Total Cost": 130872.87, "Plan Rows": 1, "Plan Width": 40, "Group By Key": ["\"substring\"((public.customer.c_phone)::text, 1, 2)"], "Plans": [{"Node Type": "Nested Loop", "Parent Relationship": "Outer", "Join Type": "Anti", "Startup Cost": 0.0, "Total Cost": 130872.84, "Plan Rows": 1, "Plan Width": 24, "Inner Unique": false, "Plans": [{"Node Type": "Index Scan", "Parent Relationship": "Outer", "Scan Direction": "Forward", "Index Name": "customer_pkey", "Relation Name": "customer", "Alias": "customer", "Startup Cost": 0.0, "Total Cost": 105140.36, "Plan Rows": 17500, "Plan Width": 32, "Filter": "((c_acctbal > $0) AND (\"substring\"((c_phone)::text, 1, 2) = ANY ('{20,40,22,30,39,42,21}'::text[])))"}, {"Node Type": "Index Only Scan", "Parent Relationship": "Inner", "Scan Direction": "Forward", "Index Name": "idx_orders_custkey", "Relation Name": "orders", "Alias": "orders", "Startup Cost": 0.0, "Total Cost": 3.79, "Plan Rows": 4, "Plan Width": 8, "Index Cond": "(o_custkey = public.customer.c_custkey)"}]}]}]}, "Unique SQL Id": 2798552886}, "explain_analyze_plan": {"Plan": {"Node Type": "Sort", "Startup Cost": 1000007781092.03, "Total Cost": 1000007781092.03, "Plan Rows": 1, "Plan Width": 40, "Actual Startup Time": 4538.566, "Actual Total Time": 4538.567, "Actual Rows": 4, "Actual Loops": 1, "Sort Key": ["(\"substring\"((public.customer.c_phone)::text, 1, 2))"], "Sort Method": "quicksort", "Sort Space Used": 25, "Sort Space Type": "Memory", "Plans": [{"Node Type": "Aggregate", "Strategy": "Plain", "Parent Relationship": "exec_init_plan", "Subplan Name": "InitPlan 1 (returns $0)", "Startup Cost": 1000007650219.14, "Total Cost": 1000007650219.15, "Plan Rows": 1, "Plan Width": 40, "Actual Startup Time": 2004.286, "Actual Total Time": 2004.287, "Actual Rows": 1, "Actual Loops": 1, "Plans": [{"Node Type": "Seq Scan", "Parent Relationship": "Outer", "Relation Name": "customer", "Alias": "customer", "Startup Cost": 10000000012.75, "Total Cost": 1000007650100.0, "Plan Rows": 47655, "Plan Width": 8, "Actual Startup Time": 0.036, "Actual Total Time": 1908.298, "Actual Rows": 218121, "Actual Loops": 1, "Filter": "((c_acctbal > 0::double precision) AND (\"substring\"((c_phone)::text, 1, 2) = ANY ('{20,40,22,30,39,42,21}'::text[])))", "Rows Removed by Filter": 1281879}]}, {"Node Type": "Aggregate", "Strategy": "Hashed", "Parent Relationship": "Outer", "Startup Cost": 130872.85, "Total Cost": 130872.87, "Plan Rows": 1, "Plan Width": 40, "Actual Startup Time": 4538.513, "Actual Total Time": 4538.515, "Actual Rows": 4, "Actual Loops": 1, "Group By Key": ["\"substring\"((public.customer.c_phone)::text, 1, 2)"], "Plans": [{"Node Type": "Nested Loop", "Parent Relationship": "Outer", "Join Type": "Anti", "Startup Cost": 0.0, "Total Cost": 130872.84, "Plan Rows": 1, "Plan Width": 24, "Actual Startup Time": 2004.513, "Actual Total Time": 4515.757, "Actual Rows": 36604, "Actual Loops": 1, "Inner Unique": false, "Plans": [{"Node Type": "Index Scan", "Parent Relationship": "Outer", "Scan Direction": "Forward", "Index Name": "customer_pkey", "Relation Name": "customer", "Alias": "customer", "Startup Cost": 0.0, "Total Cost": 105140.36, "Plan Rows": 17500, "Plan Width": 32, "Actual Startup Time": 2004.451, "Actual Total Time": 3936.374, "Actual Rows": 109197, "Actual Loops": 1, "Filter": "((c_acctbal > $0) AND (\"substring\"((c_phone)::text, 1, 2) = ANY ('{20,40,22,30,39,42,21}'::text[])))", "Rows Removed by Filter": 1390803}, {"Node Type": "Index Only Scan", "Parent Relationship": "Inner", "Scan Direction": "Forward", "Index Name": "idx_orders_custkey", "Relation Name": "orders", "Alias": "orders", "Startup Cost": 0.0, "Total Cost": 3.79, "Plan Rows": 4, "Plan Width": 8, "Actual Startup Time": 476.552, "Actual Total Time": 476.552, "Actual Rows": 72593, "Actual Loops": 109197, "Index Cond": "(o_custkey = public.customer.c_custkey)", "Rows Removed by Index Recheck": 0, "Heap Fetches": 0}]}]}]}, "Triggers": [], "Planner Runtime": 0.761, "Total Runtime": 4538.756, "Unique SQL Id": 2798552886}}, "(16, 10)": {"explain_plan": {"Plan": {"Node Type": "Sort", "Startup Cost": 639751.64, "Total Cost": 639751.65, "Plan Rows": 1, "Plan Width": 40, "Sort Key": ["(\"substring\"((public.customer.c_phone)::text, 1, 2))"], "Plans": [{"Node Type": "Aggregate", "Strategy": "Plain", "Parent Relationship": "exec_init_plan", "Subplan Name": "InitPlan 1 (returns $0)", "Startup Cost": 76620.14, "Total Cost": 76620.15, "Plan Rows": 1, "Plan Width": 40, "Plans": [{"Node Type": "Seq Scan", "Parent Relationship": "Outer", "Relation Name": "customer", "Alias": "customer", "Startup Cost": 12.95, "Total Cost": 76501.0, "Plan Rows": 47655, "Plan Width": 8, "Filter": "((c_acctbal > 0::double precision) AND (\"substring\"((c_phone)::text, 1, 2) = ANY ('{20,40,22,30,39,42,21}'::text[])))"}]}, {"Node Type": "Aggregate", "Strategy": "Hashed", "Parent Relationship": "Outer", "Startup Cost": 563131.47, "Total Cost": 563131.48, "Plan Rows": 1, "Plan Width": 40, "Group By Key": ["\"substring\"((public.customer.c_phone)::text, 1, 2)"], "Plans": [{"Node Type": "Hash Join", "Parent Relationship": "Outer", "Join Type": "Right Anti", "Startup Cost": 76719.75, "Total Cost": 563131.46, "Plan Rows": 1, "Plan Width": 24, "Inner Unique": true, "Hash Cond": "(orders.o_custkey = public.customer.c_custkey)", "Plans": [{"Node Type": "Seq Scan", "Parent Relationship": "Outer", "Relation Name": "orders", "Alias": "orders", "Startup Cost": 0.0, "Total Cost": 426413.79, "Plan Rows": 14999479, "Plan Width": 8}, {"Node Type": "Hash", "Parent Relationship": "Inner", "Startup Cost": 76501.0, "Total Cost": 76501.0, "Plan Rows": 17500, "Plan Width": 32, "Plans": [{"Node Type": "Seq Scan", "Parent Relationship": "Outer", "Relation Name": "customer", "Alias": "customer", "Startup Cost": 0.0, "Total Cost": 76501.0, "Plan Rows": 17500, "Plan Width": 32, "Filter": "((c_acctbal > $0) AND (\"substring\"((c_phone)::text, 1, 2) = ANY ('{20,40,22,30,39,42,21}'::text[])))"}]}]}]}]}, "Unique SQL Id": 2798552886}, "explain_analyze_plan": null}, "(16, 11)": {"explain_plan": {"Plan": {"Node Type": "Sort", "Startup Cost": 3000031345967.3, "Total Cost": 3000031345967.3, "Plan Rows": 1, "Plan Width": 40, "Sort Key": ["(\"substring\"((public.customer.c_phone)::text, 1, 2))"], "Plans": [{"Node Type": "Aggregate", "Strategy": "Plain", "Parent Relationship": "exec_init_plan", "Subplan Name": "InitPlan 1 (returns $0)", "Startup Cost": 1000007650219.14, "Total Cost": 1000007650219.15, "Plan Rows": 1, "Plan Width": 40, "Plans": [{"Node Type": "Seq Scan", "Parent Relationship": "Outer", "Relation Name": "customer", "Alias": "customer", "Startup Cost": 10000000012.75, "Total Cost": 1000007650100.0, "Plan Rows": 47655, "Plan Width": 8, "Filter": "((c_acctbal > 0::double precision) AND (\"substring\"((c_phone)::text, 1, 2) = ANY ('{20,40,22,30,39,42,21}'::text[])))"}]}, {"Node Type": "Aggregate", "Strategy": "Hashed", "Parent Relationship": "Outer", "Startup Cost": 2000023695748.12, "Total Cost": 2000023695748.14, "Plan Rows": 1, "Plan Width": 40, "Group By Key": ["\"substring\"((public.customer.c_phone)::text, 1, 2)"], "Plans": [{"Node Type": "Merge Join", "Parent Relationship": "Outer", "Join Type": "Anti", "Startup Cost": 20000000000.0, "Total Cost": 2000023695748.11, "Plan Rows": 1, "Plan Width": 24, "Inner Unique": false, "Merge Cond": "(public.customer.c_custkey = orders.o_custkey)", "Plans": [{"Node Type": "Index Scan", "Parent Relationship": "Outer", "Scan Direction": "Forward", "Index Name": "customer_pkey", "Relation Name": "customer", "Alias": "customer", "Startup Cost": 10000000000.0, "Total Cost": 1000010514035.62, "Plan Rows": 17500, "Plan Width": 32, "Filter": "((c_acctbal > $0) AND (\"substring\"((c_phone)::text, 1, 2) = ANY ('{20,40,22,30,39,42,21}'::text[])))"}, {"Node Type": "Index Only Scan", "Parent Relationship": "Inner", "Scan Direction": "Forward", "Index Name": "idx_orders_custkey", "Relation Name": "orders", "Alias": "orders", "Startup Cost": 10000000000.0, "Total Cost": 1000045486043.5, "Plan Rows": 14999479, "Plan Width": 8}]}]}]}, "Unique SQL Id": 2798552886}, "explain_analyze_plan": null}, "(16, 12)": {"explain_plan": {"Plan": {"Node Type": "Sort", "Startup Cost": 274230.79, "Total Cost": 274230.8, "Plan Rows": 1, "Plan Width": 40, "Sort Key": ["(\"substring\"((public.customer.c_phone)::text, 1, 2))"], "Plans": [{"Node Type": "Aggregate", "Strategy": "Plain", "Parent Relationship": "exec_init_plan", "Subplan Name": "InitPlan 1 (returns $0)", "Startup Cost": 76620.14, "Total Cost": 76620.15, "Plan Rows": 1, "Plan Width": 40, "Plans": [{"Node Type": "Seq Scan", "Parent Relationship": "Outer", "Relation Name": "customer", "Alias": "customer", "Startup Cost": 12.95, "Total Cost": 76501.0, "Plan Rows": 47655, "Plan Width": 8, "Filter": "((c_acctbal > 0::double precision) AND (\"substring\"((c_phone)::text, 1, 2) = ANY ('{20,40,22,30,39,42,21}'::text[])))"}]}, {"Node Type": "Aggregate", "Strategy": "Hashed", "Parent Relationship": "Outer", "Startup Cost": 197610.62, "Total Cost": 197610.63, "Plan Rows": 1, "Plan Width": 40, "Group By Key": ["\"substring\"((public.customer.c_phone)::text, 1, 2)"], "Plans": [{"Node Type": "Nested Loop", "Parent Relationship": "Outer", "Join Type": "Anti", "Startup Cost": 0.0, "Total Cost": 197610.61, "Plan Rows": 1, "Plan Width": 24, "Inner Unique": false, "Plans": [{"Node Type": "Seq Scan", "Parent Relationship": "Outer", "Relation Name": "customer", "Alias": "customer", "Startup Cost": 0.0, "Total Cost": 76501.0, "Plan Rows": 17500, "Plan Width": 32, "Filter": "((c_acctbal > $0) AND (\"substring\"((c_phone)::text, 1, 2) = ANY ('{20,40,22,30,39,42,21}'::text[])))"}, {"Node Type": "Index Scan", "Parent Relationship": "Inner", "Scan Direction": "Forward", "Index Name": "idx_orders_custkey", "Relation Name": "orders", "Alias": "orders", "Startup Cost": 0.0, "Total Cost": 17.99, "Plan Rows": 4, "Plan Width": 8, "Index Cond": "(o_custkey = public.customer.c_custkey)"}]}]}]}, "Unique SQL Id": 2798552886}, "explain_analyze_plan": {"Plan": {"Node Type": "Sort", "Startup Cost": 274230.79, "Total Cost": 274230.8, "Plan Rows": 1, "Plan Width": 40, "Actual Startup Time": 4031.791, "Actual Total Time": 4031.792, "Actual Rows": 4, "Actual Loops": 1, "Sort Key": ["(\"substring\"((public.customer.c_phone)::text, 1, 2))"], "Sort Method": "quicksort", "Sort Space Used": 25, "Sort Space Type": "Memory", "Plans": [{"Node Type": "Aggregate", "Strategy": "Plain", "Parent Relationship": "exec_init_plan", "Subplan Name": "InitPlan 1 (returns $0)", "Startup Cost": 76620.14, "Total Cost": 76620.15, "Plan Rows": 1, "Plan Width": 40, "Actual Startup Time": 1993.693, "Actual Total Time": 1993.694, "Actual Rows": 1, "Actual Loops": 1, "Plans": [{"Node Type": "Seq Scan", "Parent Relationship": "Outer", "Relation Name": "customer", "Alias": "customer", "Startup Cost": 12.95, "Total Cost": 76501.0, "Plan Rows": 47655, "Plan Width": 8, "Actual Startup Time": 0.034, "Actual Total Time": 1897.714, "Actual Rows": 218121, "Actual Loops": 1, "Filter": "((c_acctbal > 0::double precision) AND (\"substring\"((c_phone)::text, 1, 2) = ANY ('{20,40,22,30,39,42,21}'::text[])))", "Rows Removed by Filter": 1281879}]}, {"Node Type": "Aggregate", "Strategy": "Hashed", "Parent Relationship": "Outer", "Startup Cost": 197610.62, "Total Cost": 197610.63, "Plan Rows": 1, "Plan Width": 40, "Actual Startup Time": 4031.76, "Actual Total Time": 4031.761, "Actual Rows": 4, "Actual Loops": 1, "Group By Key": ["\"substring\"((public.customer.c_phone)::text, 1, 2)"], "Plans": [{"Node Type": "Nested Loop", "Parent Relationship": "Outer", "Join Type": "Anti", "Startup Cost": 0.0, "Total Cost": 197610.61, "Plan Rows": 1, "Plan Width": 24, "Actual Startup Time": 1993.926, "Actual Total Time": 4008.675, "Actual Rows": 36604, "Actual Loops": 1, "Inner Unique": false, "Plans": [{"Node Type": "Seq Scan", "Parent Relationship": "Outer", "Relation Name": "customer", "Alias": "customer", "Startup Cost": 0.0, "Total Cost": 76501.0, "Plan Rows": 17500, "Plan Width": 32, "Actual Startup Time": 1993.871, "Actual Total Time": 3286.163, "Actual Rows": 109197, "Actual Loops": 1, "Filter": "((c_acctbal > $0) AND (\"substring\"((c_phone)::text, 1, 2) = ANY ('{20,40,22,30,39,42,21}'::text[])))", "Rows Removed by Filter": 1390803}, {"Node Type": "Index Scan", "Parent Relationship": "Inner", "Scan Direction": "Forward", "Index Name": "idx_orders_custkey", "Relation Name": "orders", "Alias": "orders", "Startup Cost": 0.0, "Total Cost": 17.99, "Plan Rows": 4, "Plan Width": 8, "Actual Startup Time": 615.26, "Actual Total Time": 615.26, "Actual Rows": 72593, "Actual Loops": 109197, "Index Cond": "(o_custkey = public.customer.c_custkey)", "Rows Removed by Index Recheck": 0}]}]}]}, "Triggers": [], "Planner Runtime": 0.724, "Total Runtime": 4031.974, "Unique SQL Id": 2798552886}}, "(16, 13)": {"explain_plan": {"Plan": {"Node Type": "Sort", "Startup Cost": 1000007876469.15, "Total Cost": 1000007876469.15, "Plan Rows": 1, "Plan Width": 40, "Sort Key": ["(\"substring\"((public.customer.c_phone)::text, 1, 2))"], "Plans": [{"Node Type": "Aggregate", "Strategy": "Plain", "Parent Relationship": "exec_init_plan", "Subplan Name": "InitPlan 1 (returns $0)", "Startup Cost": 1000007650219.14, "Total Cost": 1000007650219.15, "Plan Rows": 1, "Plan Width": 40, "Plans": [{"Node Type": "Seq Scan", "Parent Relationship": "Outer", "Relation Name": "customer", "Alias": "customer", "Startup Cost": 10000000012.75, "Total Cost": 1000007650100.0, "Plan Rows": 47655, "Plan Width": 8, "Filter": "((c_acctbal > 0::double precision) AND (\"substring\"((c_phone)::text, 1, 2) = ANY ('{20,40,22,30,39,42,21}'::text[])))"}]}, {"Node Type": "Aggregate", "Strategy": "Hashed", "Parent Relationship": "Outer", "Startup Cost": 226249.97, "Total Cost": 226249.99, "Plan Rows": 1, "Plan Width": 40, "Group By Key": ["\"substring\"((public.customer.c_phone)::text, 1, 2)"], "Plans": [{"Node Type": "Nested Loop", "Parent Relationship": "Outer", "Join Type": "Anti", "Startup Cost": 0.0, "Total Cost": 226249.97, "Plan Rows": 1, "Plan Width": 24, "Inner Unique": false, "Plans": [{"Node Type": "Index Scan", "Parent Relationship": "Outer", "Scan Direction": "Forward", "Index Name": "customer_pkey", "Relation Name": "customer", "Alias": "customer", "Startup Cost": 0.0, "Total Cost": 105140.36, "Plan Rows": 17500, "Plan Width": 32, "Filter": "((c_acctbal > $0) AND (\"substring\"((c_phone)::text, 1, 2) = ANY ('{20,40,22,30,39,42,21}'::text[])))"}, {"Node Type": "Index Scan", "Parent Relationship": "Inner", "Scan Direction": "Forward", "Index Name": "idx_orders_custkey", "Relation Name": "orders", "Alias": "orders", "Startup Cost": 0.0, "Total Cost": 17.99, "Plan Rows": 4, "Plan Width": 8, "Index Cond": "(o_custkey = public.customer.c_custkey)"}]}]}]}, "Unique SQL Id": 2798552886}, "explain_analyze_plan": {"Plan": {"Node Type": "Sort", "Startup Cost": 1000007876469.15, "Total Cost": 1000007876469.15, "Plan Rows": 1, "Plan Width": 40, "Actual Startup Time": 4555.194, "Actual Total Time": 4555.195, "Actual Rows": 4, "Actual Loops": 1, "Sort Key": ["(\"substring\"((public.customer.c_phone)::text, 1, 2))"], "Sort Method": "quicksort", "Sort Space Used": 25, "Sort Space Type": "Memory", "Plans": [{"Node Type": "Aggregate", "Strategy": "Plain", "Parent Relationship": "exec_init_plan", "Subplan Name": "InitPlan 1 (returns $0)", "Startup Cost": 1000007650219.14, "Total Cost": 1000007650219.15, "Plan Rows": 1, "Plan Width": 40, "Actual Startup Time": 2007.503, "Actual Total Time": 2007.503, "Actual Rows": 1, "Actual Loops": 1, "Plans": [{"Node Type": "Seq Scan", "Parent Relationship": "Outer", "Relation Name": "customer", "Alias": "customer", "Startup Cost": 10000000012.75, "Total Cost": 1000007650100.0, "Plan Rows": 47655, "Plan Width": 8, "Actual Startup Time": 0.039, "Actual Total Time": 1912.456, "Actual Rows": 218121, "Actual Loops": 1, "Filter": "((c_acctbal > 0::double precision) AND (\"substring\"((c_phone)::text, 1, 2) = ANY ('{20,40,22,30,39,42,21}'::text[])))", "Rows Removed by Filter": 1281879}]}, {"Node Type": "Aggregate", "Strategy": "Hashed", "Parent Relationship": "Outer", "Startup Cost": 226249.97, "Total Cost": 226249.99, "Plan Rows": 1, "Plan Width": 40, "Actual Startup Time": 4555.155, "Actual Total Time": 4555.158, "Actual Rows": 4, "Actual Loops": 1, "Group By Key": ["\"substring\"((public.customer.c_phone)::text, 1, 2)"], "Plans": [{"Node Type": "Nested Loop", "Parent Relationship": "Outer", "Join Type": "Anti", "Startup Cost": 0.0, "Total Cost": 226249.97, "Plan Rows": 1, "Plan Width": 24, "Actual Startup Time": 2007.614, "Actual Total Time": 4531.932, "Actual Rows": 36604, "Actual Loops": 1, "Inner Unique": false, "Plans": [{"Node Type": "Index Scan", "Parent Relationship": "Outer", "Scan Direction": "Forward", "Index Name": "customer_pkey", "Relation Name": "customer", "Alias": "customer", "Startup Cost": 0.0, "Total Cost": 105140.36, "Plan Rows": 17500, "Plan Width": 32, "Actual Startup Time": 2007.576, "Actual Total Time": 3796.184, "Actual Rows": 109197, "Actual Loops": 1, "Filter": "((c_acctbal > $0) AND (\"substring\"((c_phone)::text, 1, 2) = ANY ('{20,40,22,30,39,42,21}'::text[])))", "Rows Removed by Filter": 1390803}, {"Node Type": "Index Scan", "Parent Relationship": "Inner", "Scan Direction": "Forward", "Index Name": "idx_orders_custkey", "Relation Name": "orders", "Alias": "orders", "Startup Cost": 0.0, "Total Cost": 17.99, "Plan Rows": 4, "Plan Width": 8, "Actual Startup Time": 628.013, "Actual Total Time": 628.013, "Actual Rows": 72593, "Actual Loops": 109197, "Index Cond": "(o_custkey = public.customer.c_custkey)", "Rows Removed by Index Recheck": 0}]}]}]}, "Triggers": [], "Planner Runtime": 0.762, "Total Runtime": 4555.366, "Unique SQL Id": 2798552886}}, "(16, 14)": {"explain_plan": {"Plan": {"Node Type": "Sort", "Startup Cost": 639751.64, "Total Cost": 639751.65, "Plan Rows": 1, "Plan Width": 40, "Sort Key": ["(\"substring\"((public.customer.c_phone)::text, 1, 2))"], "Plans": [{"Node Type": "Aggregate", "Strategy": "Plain", "Parent Relationship": "exec_init_plan", "Subplan Name": "InitPlan 1 (returns $0)", "Startup Cost": 76620.14, "Total Cost": 76620.15, "Plan Rows": 1, "Plan Width": 40, "Plans": [{"Node Type": "Seq Scan", "Parent Relationship": "Outer", "Relation Name": "customer", "Alias": "customer", "Startup Cost": 12.95, "Total Cost": 76501.0, "Plan Rows": 47655, "Plan Width": 8, "Filter": "((c_acctbal > 0::double precision) AND (\"substring\"((c_phone)::text, 1, 2) = ANY ('{20,40,22,30,39,42,21}'::text[])))"}]}, {"Node Type": "Aggregate", "Strategy": "Hashed", "Parent Relationship": "Outer", "Startup Cost": 563131.47, "Total Cost": 563131.48, "Plan Rows": 1, "Plan Width": 40, "Group By Key": ["\"substring\"((public.customer.c_phone)::text, 1, 2)"], "Plans": [{"Node Type": "Hash Join", "Parent Relationship": "Outer", "Join Type": "Right Anti", "Startup Cost": 76719.75, "Total Cost": 563131.46, "Plan Rows": 1, "Plan Width": 24, "Inner Unique": true, "Hash Cond": "(orders.o_custkey = public.customer.c_custkey)", "Plans": [{"Node Type": "Seq Scan", "Parent Relationship": "Outer", "Relation Name": "orders", "Alias": "orders", "Startup Cost": 0.0, "Total Cost": 426413.79, "Plan Rows": 14999479, "Plan Width": 8}, {"Node Type": "Hash", "Parent Relationship": "Inner", "Startup Cost": 76501.0, "Total Cost": 76501.0, "Plan Rows": 17500, "Plan Width": 32, "Plans": [{"Node Type": "Seq Scan", "Parent Relationship": "Outer", "Relation Name": "customer", "Alias": "customer", "Startup Cost": 0.0, "Total Cost": 76501.0, "Plan Rows": 17500, "Plan Width": 32, "Filter": "((c_acctbal > $0) AND (\"substring\"((c_phone)::text, 1, 2) = ANY ('{20,40,22,30,39,42,21}'::text[])))"}]}]}]}]}, "Unique SQL Id": 2798552886}, "explain_analyze_plan": null}, "(16, 15)": {"explain_plan": {"Plan": {"Node Type": "Sort", "Startup Cost": 3000141907840.95, "Total Cost": 3000141907840.95, "Plan Rows": 1, "Plan Width": 40, "Sort Key": ["(\"substring\"((public.customer.c_phone)::text, 1, 2))"], "Plans": [{"Node Type": "Aggregate", "Strategy": "Plain", "Parent Relationship": "exec_init_plan", "Subplan Name": "InitPlan 1 (returns $0)", "Startup Cost": 1000007650219.14, "Total Cost": 1000007650219.15, "Plan Rows": 1, "Plan Width": 40, "Plans": [{"Node Type": "Seq Scan", "Parent Relationship": "Outer", "Relation Name": "customer", "Alias": "customer", "Startup Cost": 10000000012.75, "Total Cost": 1000007650100.0, "Plan Rows": 47655, "Plan Width": 8, "Filter": "((c_acctbal > 0::double precision) AND (\"substring\"((c_phone)::text, 1, 2) = ANY ('{20,40,22,30,39,42,21}'::text[])))"}]}, {"Node Type": "Aggregate", "Strategy": "Hashed", "Parent Relationship": "Outer", "Startup Cost": 2000134257621.77, "Total Cost": 2000134257621.79, "Plan Rows": 1, "Plan Width": 40, "Group By Key": ["\"substring\"((public.customer.c_phone)::text, 1, 2)"], "Plans": [{"Node Type": "Merge Join", "Parent Relationship": "Outer", "Join Type": "Anti", "Startup Cost": 20000000000.0, "Total Cost": 2000134257621.77, "Plan Rows": 1, "Plan Width": 24, "Inner Unique": false, "Merge Cond": "(public.customer.c_custkey = orders.o_custkey)", "Plans": [{"Node Type": "Index Scan", "Parent Relationship": "Outer", "Scan Direction": "Forward", "Index Name": "customer_pkey", "Relation Name": "customer", "Alias": "customer", "Startup Cost": 10000000000.0, "Total Cost": 1000010514035.62, "Plan Rows": 17500, "Plan Width": 32, "Filter": "((c_acctbal > $0) AND (\"substring\"((c_phone)::text, 1, 2) = ANY ('{20,40,22,30,39,42,21}'::text[])))"}, {"Node Type": "Index Scan", "Parent Relationship": "Inner", "Scan Direction": "Forward", "Index Name": "idx_orders_custkey", "Relation Name": "orders", "Alias": "orders", "Startup Cost": 10000000000.0, "Total Cost": 1000156051529.08, "Plan Rows": 14999479, "Plan Width": 8}]}]}]}, "Unique SQL Id": 2798552886}, "explain_analyze_plan": null}, "(16, 16)": {"explain_plan": {"Plan": {"Node Type": "Sort", "Startup Cost": 178853.67, "Total Cost": 178853.67, "Plan Rows": 1, "Plan Width": 40, "Sort Key": ["(\"substring\"((public.customer.c_phone)::text, 1, 2))"], "Plans": [{"Node Type": "Aggregate", "Strategy": "Plain", "Parent Relationship": "exec_init_plan", "Subplan Name": "InitPlan 1 (returns $0)", "Startup Cost": 76620.14, "Total Cost": 76620.15, "Plan Rows": 1, "Plan Width": 40, "Plans": [{"Node Type": "Seq Scan", "Parent Relationship": "Outer", "Relation Name": "customer", "Alias": "customer", "Startup Cost": 12.95, "Total Cost": 76501.0, "Plan Rows": 47655, "Plan Width": 8, "Filter": "((c_acctbal > 0::double precision) AND (\"substring\"((c_phone)::text, 1, 2) = ANY ('{20,40,22,30,39,42,21}'::text[])))"}]}, {"Node Type": "Aggregate", "Strategy": "Hashed", "Parent Relationship": "Outer", "Startup Cost": 102233.49, "Total Cost": 102233.51, "Plan Rows": 1, "Plan Width": 40, "Group By Key": ["\"substring\"((public.customer.c_phone)::text, 1, 2)"], "Plans": [{"Node Type": "Nested Loop", "Parent Relationship": "Outer", "Join Type": "Anti", "Startup Cost": 0.0, "Total Cost": 102233.49, "Plan Rows": 1, "Plan Width": 24, "Inner Unique": false, "Plans": [{"Node Type": "Seq Scan", "Parent Relationship": "Outer", "Relation Name": "customer", "Alias": "customer", "Startup Cost": 0.0, "Total Cost": 76501.0, "Plan Rows": 17500, "Plan Width": 32, "Filter": "((c_acctbal > $0) AND (\"substring\"((c_phone)::text, 1, 2) = ANY ('{20,40,22,30,39,42,21}'::text[])))"}, {"Node Type": "Index Only Scan", "Parent Relationship": "Inner", "Scan Direction": "Forward", "Index Name": "idx_orders_custkey", "Relation Name": "orders", "Alias": "orders", "Startup Cost": 0.0, "Total Cost": 3.79, "Plan Rows": 4, "Plan Width": 8, "Index Cond": "(o_custkey = public.customer.c_custkey)"}]}]}]}, "Unique SQL Id": 2798552886}, "explain_analyze_plan": {"Plan": {"Node Type": "Sort", "Startup Cost": 178853.67, "Total Cost": 178853.67, "Plan Rows": 1, "Plan Width": 40, "Actual Startup Time": 3898.225, "Actual Total Time": 3898.226, "Actual Rows": 4, "Actual Loops": 1, "Sort Key": ["(\"substring\"((public.customer.c_phone)::text, 1, 2))"], "Sort Method": "quicksort", "Sort Space Used": 25, "Sort Space Type": "Memory", "Plans": [{"Node Type": "Aggregate", "Strategy": "Plain", "Parent Relationship": "exec_init_plan", "Subplan Name": "InitPlan 1 (returns $0)", "Startup Cost": 76620.14, "Total Cost": 76620.15, "Plan Rows": 1, "Plan Width": 40, "Actual Startup Time": 1993.797, "Actual Total Time": 1993.797, "Actual Rows": 1, "Actual Loops": 1, "Plans": [{"Node Type": "Seq Scan", "Parent Relationship": "Outer", "Relation Name": "customer", "Alias": "customer", "Startup Cost": 12.95, "Total Cost": 76501.0, "Plan Rows": 47655, "Plan Width": 8, "Actual Startup Time": 0.028, "Actual Total Time": 1898.824, "Actual Rows": 218121, "Actual Loops": 1, "Filter": "((c_acctbal > 0::double precision) AND (\"substring\"((c_phone)::text, 1, 2) = ANY ('{20,40,22,30,39,42,21}'::text[])))", "Rows Removed by Filter": 1281879}]}, {"Node Type": "Aggregate", "Strategy": "Hashed", "Parent Relationship": "Outer", "Startup Cost": 102233.49, "Total Cost": 102233.51, "Plan Rows": 1, "Plan Width": 40, "Actual Startup Time": 3898.192, "Actual Total Time": 3898.195, "Actual Rows": 4, "Actual Loops": 1, "Group By Key": ["\"substring\"((public.customer.c_phone)::text, 1, 2)"], "Plans": [{"Node Type": "Nested Loop", "Parent Relationship": "Outer", "Join Type": "Anti", "Startup Cost": 0.0, "Total Cost": 102233.49, "Plan Rows": 1, "Plan Width": 24, "Actual Startup Time": 1994.027, "Actual Total Time": 3875.509, "Actual Rows": 36604, "Actual Loops": 1, "Inner Unique": false, "Plans": [{"Node Type": "Seq Scan", "Parent Relationship": "Outer", "Relation Name": "customer", "Alias": "customer", "Startup Cost": 0.0, "Total Cost": 76501.0, "Plan Rows": 17500, "Plan Width": 32, "Actual Startup Time": 1993.955, "Actual Total Time": 3288.893, "Actual Rows": 109197, "Actual Loops": 1, "Filter": "((c_acctbal > $0) AND (\"substring\"((c_phone)::text, 1, 2) = ANY ('{20,40,22,30,39,42,21}'::text[])))", "Rows Removed by Filter": 1390803}, {"Node Type": "Index Only Scan", "Parent Relationship": "Inner", "Scan Direction": "Forward", "Index Name": "idx_orders_custkey", "Relation Name": "orders", "Alias": "orders", "Startup Cost": 0.0, "Total Cost": 3.79, "Plan Rows": 4, "Plan Width": 8, "Actual Startup Time": 484.426, "Actual Total Time": 484.426, "Actual Rows": 72593, "Actual Loops": 109197, "Index Cond": "(o_custkey = public.customer.c_custkey)", "Rows Removed by Index Recheck": 0, "Heap Fetches": 0}]}]}]}, "Triggers": [], "Planner Runtime": 0.759, "Total Runtime": 3898.474, "Unique SQL Id": 2798552886}}, "(16, 17)": {"explain_plan": {"Plan": {"Node Type": "Sort", "Startup Cost": 1000007781092.03, "Total Cost": 1000007781092.03, "Plan Rows": 1, "Plan Width": 40, "Sort Key": ["(\"substring\"((public.customer.c_phone)::text, 1, 2))"], "Plans": [{"Node Type": "Aggregate", "Strategy": "Plain", "Parent Relationship": "exec_init_plan", "Subplan Name": "InitPlan 1 (returns $0)", "Startup Cost": 1000007650219.14, "Total Cost": 1000007650219.15, "Plan Rows": 1, "Plan Width": 40, "Plans": [{"Node Type": "Seq Scan", "Parent Relationship": "Outer", "Relation Name": "customer", "Alias": "customer", "Startup Cost": 10000000012.75, "Total Cost": 1000007650100.0, "Plan Rows": 47655, "Plan Width": 8, "Filter": "((c_acctbal > 0::double precision) AND (\"substring\"((c_phone)::text, 1, 2) = ANY ('{20,40,22,30,39,42,21}'::text[])))"}]}, {"Node Type": "Aggregate", "Strategy": "Hashed", "Parent Relationship": "Outer", "Startup Cost": 130872.85, "Total Cost": 130872.87, "Plan Rows": 1, "Plan Width": 40, "Group By Key": ["\"substring\"((public.customer.c_phone)::text, 1, 2)"], "Plans": [{"Node Type": "Nested Loop", "Parent Relationship": "Outer", "Join Type": "Anti", "Startup Cost": 0.0, "Total Cost": 130872.84, "Plan Rows": 1, "Plan Width": 24, "Inner Unique": false, "Plans": [{"Node Type": "Index Scan", "Parent Relationship": "Outer", "Scan Direction": "Forward", "Index Name": "customer_pkey", "Relation Name": "customer", "Alias": "customer", "Startup Cost": 0.0, "Total Cost": 105140.36, "Plan Rows": 17500, "Plan Width": 32, "Filter": "((c_acctbal > $0) AND (\"substring\"((c_phone)::text, 1, 2) = ANY ('{20,40,22,30,39,42,21}'::text[])))"}, {"Node Type": "Index Only Scan", "Parent Relationship": "Inner", "Scan Direction": "Forward", "Index Name": "idx_orders_custkey", "Relation Name": "orders", "Alias": "orders", "Startup Cost": 0.0, "Total Cost": 3.79, "Plan Rows": 4, "Plan Width": 8, "Index Cond": "(o_custkey = public.customer.c_custkey)"}]}]}]}, "Unique SQL Id": 2798552886}, "explain_analyze_plan": {"Plan": {"Node Type": "Sort", "Startup Cost": 1000007781092.03, "Total Cost": 1000007781092.03, "Plan Rows": 1, "Plan Width": 40, "Actual Startup Time": 4538.566, "Actual Total Time": 4538.567, "Actual Rows": 4, "Actual Loops": 1, "Sort Key": ["(\"substring\"((public.customer.c_phone)::text, 1, 2))"], "Sort Method": "quicksort", "Sort Space Used": 25, "Sort Space Type": "Memory", "Plans": [{"Node Type": "Aggregate", "Strategy": "Plain", "Parent Relationship": "exec_init_plan", "Subplan Name": "InitPlan 1 (returns $0)", "Startup Cost": 1000007650219.14, "Total Cost": 1000007650219.15, "Plan Rows": 1, "Plan Width": 40, "Actual Startup Time": 2004.286, "Actual Total Time": 2004.287, "Actual Rows": 1, "Actual Loops": 1, "Plans": [{"Node Type": "Seq Scan", "Parent Relationship": "Outer", "Relation Name": "customer", "Alias": "customer", "Startup Cost": 10000000012.75, "Total Cost": 1000007650100.0, "Plan Rows": 47655, "Plan Width": 8, "Actual Startup Time": 0.036, "Actual Total Time": 1908.298, "Actual Rows": 218121, "Actual Loops": 1, "Filter": "((c_acctbal > 0::double precision) AND (\"substring\"((c_phone)::text, 1, 2) = ANY ('{20,40,22,30,39,42,21}'::text[])))", "Rows Removed by Filter": 1281879}]}, {"Node Type": "Aggregate", "Strategy": "Hashed", "Parent Relationship": "Outer", "Startup Cost": 130872.85, "Total Cost": 130872.87, "Plan Rows": 1, "Plan Width": 40, "Actual Startup Time": 4538.513, "Actual Total Time": 4538.515, "Actual Rows": 4, "Actual Loops": 1, "Group By Key": ["\"substring\"((public.customer.c_phone)::text, 1, 2)"], "Plans": [{"Node Type": "Nested Loop", "Parent Relationship": "Outer", "Join Type": "Anti", "Startup Cost": 0.0, "Total Cost": 130872.84, "Plan Rows": 1, "Plan Width": 24, "Actual Startup Time": 2004.513, "Actual Total Time": 4515.757, "Actual Rows": 36604, "Actual Loops": 1, "Inner Unique": false, "Plans": [{"Node Type": "Index Scan", "Parent Relationship": "Outer", "Scan Direction": "Forward", "Index Name": "customer_pkey", "Relation Name": "customer", "Alias": "customer", "Startup Cost": 0.0, "Total Cost": 105140.36, "Plan Rows": 17500, "Plan Width": 32, "Actual Startup Time": 2004.451, "Actual Total Time": 3936.374, "Actual Rows": 109197, "Actual Loops": 1, "Filter": "((c_acctbal > $0) AND (\"substring\"((c_phone)::text, 1, 2) = ANY ('{20,40,22,30,39,42,21}'::text[])))", "Rows Removed by Filter": 1390803}, {"Node Type": "Index Only Scan", "Parent Relationship": "Inner", "Scan Direction": "Forward", "Index Name": "idx_orders_custkey", "Relation Name": "orders", "Alias": "orders", "Startup Cost": 0.0, "Total Cost": 3.79, "Plan Rows": 4, "Plan Width": 8, "Actual Startup Time": 476.552, "Actual Total Time": 476.552, "Actual Rows": 72593, "Actual Loops": 109197, "Index Cond": "(o_custkey = public.customer.c_custkey)", "Rows Removed by Index Recheck": 0, "Heap Fetches": 0}]}]}]}, "Triggers": [], "Planner Runtime": 0.761, "Total Runtime": 4538.756, "Unique SQL Id": 2798552886}}, "(16, 18)": {"explain_plan": {"Plan": {"Node Type": "Sort", "Startup Cost": 326543.88, "Total Cost": 326543.89, "Plan Rows": 1, "Plan Width": 40, "Sort Key": ["(\"substring\"((public.customer.c_phone)::text, 1, 2))"], "Plans": [{"Node Type": "Aggregate", "Strategy": "Plain", "Parent Relationship": "exec_init_plan", "Subplan Name": "InitPlan 1 (returns $0)", "Startup Cost": 76620.14, "Total Cost": 76620.15, "Plan Rows": 1, "Plan Width": 40, "Plans": [{"Node Type": "Seq Scan", "Parent Relationship": "Outer", "Relation Name": "customer", "Alias": "customer", "Startup Cost": 12.95, "Total Cost": 76501.0, "Plan Rows": 47655, "Plan Width": 8, "Filter": "((c_acctbal > 0::double precision) AND (\"substring\"((c_phone)::text, 1, 2) = ANY ('{20,40,22,30,39,42,21}'::text[])))"}]}, {"Node Type": "Aggregate", "Strategy": "Hashed", "Parent Relationship": "Outer", "Startup Cost": 249923.71, "Total Cost": 249923.72, "Plan Rows": 1, "Plan Width": 40, "Group By Key": ["\"substring\"((public.customer.c_phone)::text, 1, 2)"], "Plans": [{"Node Type": "Nested Loop", "Parent Relationship": "Outer", "Join Type": "Anti", "Startup Cost": 3.75, "Total Cost": 249923.7, "Plan Rows": 1, "Plan Width": 24, "Inner Unique": false, "Plans": [{"Node Type": "Seq Scan", "Parent Relationship": "Outer", "Relation Name": "customer", "Alias": "customer", "Startup Cost": 0.0, "Total Cost": 76501.0, "Plan Rows": 17500, "Plan Width": 32, "Filter": "((c_acctbal > $0) AND (\"substring\"((c_phone)::text, 1, 2) = ANY ('{20,40,22,30,39,42,21}'::text[])))"}, {"Node Type": "Bitmap Heap Scan", "Parent Relationship": "Inner", "Relation Name": "orders", "Alias": "orders", "Startup Cost": 3.75, "Total Cost": 19.76, "Plan Rows": 4, "Plan Width": 8, "Recheck Cond": "(o_custkey = public.customer.c_custkey)", "Plans": [{"Node Type": "Bitmap Index Scan", "Parent Relationship": "Outer", "Index Name": "idx_orders_custkey", "Startup Cost": 0.0, "Total Cost": 3.75, "Plan Rows": 4, "Plan Width": 0, "Index Cond": "(o_custkey = public.customer.c_custkey)"}]}]}]}]}, "Unique SQL Id": 2798552886}, "explain_analyze_plan": {"Plan": {"Node Type": "Sort", "Startup Cost": 326543.88, "Total Cost": 326543.89, "Plan Rows": 1, "Plan Width": 40, "Actual Startup Time": 4492.233, "Actual Total Time": 4492.235, "Actual Rows": 4, "Actual Loops": 1, "Sort Key": ["(\"substring\"((public.customer.c_phone)::text, 1, 2))"], "Sort Method": "quicksort", "Sort Space Used": 25, "Sort Space Type": "Memory", "Plans": [{"Node Type": "Aggregate", "Strategy": "Plain", "Parent Relationship": "exec_init_plan", "Subplan Name": "InitPlan 1 (returns $0)", "Startup Cost": 76620.14, "Total Cost": 76620.15, "Plan Rows": 1, "Plan Width": 40, "Actual Startup Time": 1991.263, "Actual Total Time": 1991.264, "Actual Rows": 1, "Actual Loops": 1, "Plans": [{"Node Type": "Seq Scan", "Parent Relationship": "Outer", "Relation Name": "customer", "Alias": "customer", "Startup Cost": 12.95, "Total Cost": 76501.0, "Plan Rows": 47655, "Plan Width": 8, "Actual Startup Time": 0.029, "Actual Total Time": 1896.473, "Actual Rows": 218121, "Actual Loops": 1, "Filter": "((c_acctbal > 0::double precision) AND (\"substring\"((c_phone)::text, 1, 2) = ANY ('{20,40,22,30,39,42,21}'::text[])))", "Rows Removed by Filter": 1281879}]}, {"Node Type": "Aggregate", "Strategy": "Hashed", "Parent Relationship": "Outer", "Startup Cost": 249923.71, "Total Cost": 249923.72, "Plan Rows": 1, "Plan Width": 40, "Actual Startup Time": 4492.108, "Actual Total Time": 4492.121, "Actual Rows": 4, "Actual Loops": 1, "Group By Key": ["\"substring\"((public.customer.c_phone)::text, 1, 2)"], "Plans": [{"Node Type": "Nested Loop", "Parent Relationship": "Outer", "Join Type": "Anti", "Startup Cost": 3.75, "Total Cost": 249923.7, "Plan Rows": 1, "Plan Width": 24, "Actual Startup Time": 1991.407, "Actual Total Time": 4465.33, "Actual Rows": 36604, "Actual Loops": 1, "Inner Unique": false, "Plans": [{"Node Type": "Seq Scan", "Parent Relationship": "Outer", "Relation Name": "customer", "Alias": "customer", "Startup Cost": 0.0, "Total Cost": 76501.0, "Plan Rows": 17500, "Plan Width": 32, "Actual Startup Time": 1991.334, "Actual Total Time": 3313.189, "Actual Rows": 109197, "Actual Loops": 1, "Filter": "((c_acctbal > $0) AND (\"substring\"((c_phone)::text, 1, 2) = ANY ('{20,40,22,30,39,42,21}'::text[])))", "Rows Removed by Filter": 1390803}, {"Node Type": "Bitmap Heap Scan", "Parent Relationship": "Inner", "Relation Name": "orders", "Alias": "orders", "Startup Cost": 3.75, "Total Cost": 19.76, "Plan Rows": 4, "Plan Width": 8, "Actual Startup Time": 965.354, "Actual Total Time": 965.354, "Actual Rows": 72593, "Actual Loops": 109197, "Recheck Cond": "(o_custkey = public.customer.c_custkey)", "Rows Removed by Index Recheck": 0, "Exact Heap Blocks": 72593, "Lossy Heap Blocks": 72593, "Plans": [{"Node Type": "Bitmap Index Scan", "Parent Relationship": "Outer", "Index Name": "idx_orders_custkey", "Startup Cost": 0.0, "Total Cost": 3.75, "Plan Rows": 4, "Plan Width": 0, "Actual Startup Time": 601.574, "Actual Total Time": 601.574, "Actual Rows": 1091631, "Actual Loops": 109197, "Index Cond": "(o_custkey = public.customer.c_custkey)"}]}]}]}]}, "Triggers": [], "Planner Runtime": 0.755, "Total Runtime": 4492.429, "Unique SQL Id": 2798552886}}, "(16, 19)": {"explain_plan": {"Plan": {"Node Type": "Sort", "Startup Cost": 2000018337677.51, "Total Cost": 2000018337677.51, "Plan Rows": 1, "Plan Width": 40, "Sort Key": ["(\"substring\"((public.customer.c_phone)::text, 1, 2))"], "Plans": [{"Node Type": "Aggregate", "Strategy": "Plain", "Parent Relationship": "exec_init_plan", "Subplan Name": "InitPlan 1 (returns $0)", "Startup Cost": 1000007650219.14, "Total Cost": 1000007650219.15, "Plan Rows": 1, "Plan Width": 40, "Plans": [{"Node Type": "Seq Scan", "Parent Relationship": "Outer", "Relation Name": "customer", "Alias": "customer", "Startup Cost": 10000000012.75, "Total Cost": 1000007650100.0, "Plan Rows": 47655, "Plan Width": 8, "Filter": "((c_acctbal > 0::double precision) AND (\"substring\"((c_phone)::text, 1, 2) = ANY ('{20,40,22,30,39,42,21}'::text[])))"}]}, {"Node Type": "Aggregate", "Strategy": "Hashed", "Parent Relationship": "Outer", "Startup Cost": 1000010687458.33, "Total Cost": 1000010687458.35, "Plan Rows": 1, "Plan Width": 40, "Group By Key": ["\"substring\"((public.customer.c_phone)::text, 1, 2)"], "Plans": [{"Node Type": "Nested Loop", "Parent Relationship": "Outer", "Join Type": "Anti", "Startup Cost": 10000000003.75, "Total Cost": 1000010687458.32, "Plan Rows": 1, "Plan Width": 24, "Inner Unique": false, "Plans": [{"Node Type": "Index Scan", "Parent Relationship": "Outer", "Scan Direction": "Forward", "Index Name": "customer_pkey", "Relation Name": "customer", "Alias": "customer", "Startup Cost": 10000000000.0, "Total Cost": 1000010514035.62, "Plan Rows": 17500, "Plan Width": 32, "Filter": "((c_acctbal > $0) AND (\"substring\"((c_phone)::text, 1, 2) = ANY ('{20,40,22,30,39,42,21}'::text[])))"}, {"Node Type": "Bitmap Heap Scan", "Parent Relationship": "Inner", "Relation Name": "orders", "Alias": "orders", "Startup Cost": 3.75, "Total Cost": 19.76, "Plan Rows": 4, "Plan Width": 8, "Recheck Cond": "(o_custkey = public.customer.c_custkey)", "Plans": [{"Node Type": "Bitmap Index Scan", "Parent Relationship": "Outer", "Index Name": "idx_orders_custkey", "Startup Cost": 0.0, "Total Cost": 3.75, "Plan Rows": 4, "Plan Width": 0, "Index Cond": "(o_custkey = public.customer.c_custkey)"}]}]}]}]}, "Unique SQL Id": 2798552886}, "explain_analyze_plan": {"Plan": {"Node Type": "Sort", "Startup Cost": 2000018337677.51, "Total Cost": 2000018337677.51, "Plan Rows": 1, "Plan Width": 40, "Actual Startup Time": 5045.7, "Actual Total Time": 5045.7, "Actual Rows": 4, "Actual Loops": 1, "Sort Key": ["(\"substring\"((public.customer.c_phone)::text, 1, 2))"], "Sort Method": "quicksort", "Sort Space Used": 25, "Sort Space Type": "Memory", "Plans": [{"Node Type": "Aggregate", "Strategy": "Plain", "Parent Relationship": "exec_init_plan", "Subplan Name": "InitPlan 1 (returns $0)", "Startup Cost": 1000007650219.14, "Total Cost": 1000007650219.15, "Plan Rows": 1, "Plan Width": 40, "Actual Startup Time": 1994.893, "Actual Total Time": 1994.893, "Actual Rows": 1, "Actual Loops": 1, "Plans": [{"Node Type": "Seq Scan", "Parent Relationship": "Outer", "Relation Name": "customer", "Alias": "customer", "Startup Cost": 10000000012.75, "Total Cost": 1000007650100.0, "Plan Rows": 47655, "Plan Width": 8, "Actual Startup Time": 0.036, "Actual Total Time": 1899.86, "Actual Rows": 218121, "Actual Loops": 1, "Filter": "((c_acctbal > 0::double precision) AND (\"substring\"((c_phone)::text, 1, 2) = ANY ('{20,40,22,30,39,42,21}'::text[])))", "Rows Removed by Filter": 1281879}]}, {"Node Type": "Aggregate", "Strategy": "Hashed", "Parent Relationship": "Outer", "Startup Cost": 1000010687458.33, "Total Cost": 1000010687458.35, "Plan Rows": 1, "Plan Width": 40, "Actual Startup Time": 5045.657, "Actual Total Time": 5045.657, "Actual Rows": 4, "Actual Loops": 1, "Group By Key": ["\"substring\"((public.customer.c_phone)::text, 1, 2)"], "Plans": [{"Node Type": "Nested Loop", "Parent Relationship": "Outer", "Join Type": "Anti", "Startup Cost": 10000000003.75, "Total Cost": 1000010687458.32, "Plan Rows": 1, "Plan Width": 24, "Actual Startup Time": 1995.077, "Actual Total Time": 5019.031, "Actual Rows": 36604, "Actual Loops": 1, "Inner Unique": false, "Plans": [{"Node Type": "Index Scan", "Parent Relationship": "Outer", "Scan Direction": "Forward", "Index Name": "customer_pkey", "Relation Name": "customer", "Alias": "customer", "Startup Cost": 10000000000.0, "Total Cost": 1000010514035.62, "Plan Rows": 17500, "Plan Width": 32, "Actual Startup Time": 1995.001, "Actual Total Time": 3864.643, "Actual Rows": 109197, "Actual Loops": 1, "Filter": "((c_acctbal > $0) AND (\"substring\"((c_phone)::text, 1, 2) = ANY ('{20,40,22,30,39,42,21}'::text[])))", "Rows Removed by Filter": 1390803}, {"Node Type": "Bitmap Heap Scan", "Parent Relationship": "Inner", "Relation Name": "orders", "Alias": "orders", "Startup Cost": 3.75, "Total Cost": 19.76, "Plan Rows": 4, "Plan Width": 8, "Actual Startup Time": 963.288, "Actual Total Time": 963.288, "Actual Rows": 72593, "Actual Loops": 109197, "Recheck Cond": "(o_custkey = public.customer.c_custkey)", "Rows Removed by Index Recheck": 0, "Exact Heap Blocks": 72593, "Lossy Heap Blocks": 72593, "Plans": [{"Node Type": "Bitmap Index Scan", "Parent Relationship": "Outer", "Index Name": "idx_orders_custkey", "Startup Cost": 0.0, "Total Cost": 3.75, "Plan Rows": 4, "Plan Width": 0, "Actual Startup Time": 588.006, "Actual Total Time": 588.006, "Actual Rows": 1091631, "Actual Loops": 109197, "Index Cond": "(o_custkey = public.customer.c_custkey)"}]}]}]}]}, "Triggers": [], "Planner Runtime": 0.768, "Total Runtime": 5045.883, "Unique SQL Id": 2798552886}}, "(16, 20)": {"explain_plan": {"Plan": {"Node Type": "Sort", "Startup Cost": 274230.79, "Total Cost": 274230.8, "Plan Rows": 1, "Plan Width": 40, "Sort Key": ["(\"substring\"((public.customer.c_phone)::text, 1, 2))"], "Plans": [{"Node Type": "Aggregate", "Strategy": "Plain", "Parent Relationship": "exec_init_plan", "Subplan Name": "InitPlan 1 (returns $0)", "Startup Cost": 76620.14, "Total Cost": 76620.15, "Plan Rows": 1, "Plan Width": 40, "Plans": [{"Node Type": "Seq Scan", "Parent Relationship": "Outer", "Relation Name": "customer", "Alias": "customer", "Startup Cost": 12.95, "Total Cost": 76501.0, "Plan Rows": 47655, "Plan Width": 8, "Filter": "((c_acctbal > 0::double precision) AND (\"substring\"((c_phone)::text, 1, 2) = ANY ('{20,40,22,30,39,42,21}'::text[])))"}]}, {"Node Type": "Aggregate", "Strategy": "Hashed", "Parent Relationship": "Outer", "Startup Cost": 197610.62, "Total Cost": 197610.63, "Plan Rows": 1, "Plan Width": 40, "Group By Key": ["\"substring\"((public.customer.c_phone)::text, 1, 2)"], "Plans": [{"Node Type": "Nested Loop", "Parent Relationship": "Outer", "Join Type": "Anti", "Startup Cost": 0.0, "Total Cost": 197610.61, "Plan Rows": 1, "Plan Width": 24, "Inner Unique": false, "Plans": [{"Node Type": "Seq Scan", "Parent Relationship": "Outer", "Relation Name": "customer", "Alias": "customer", "Startup Cost": 0.0, "Total Cost": 76501.0, "Plan Rows": 17500, "Plan Width": 32, "Filter": "((c_acctbal > $0) AND (\"substring\"((c_phone)::text, 1, 2) = ANY ('{20,40,22,30,39,42,21}'::text[])))"}, {"Node Type": "Index Scan", "Parent Relationship": "Inner", "Scan Direction": "Forward", "Index Name": "idx_orders_custkey", "Relation Name": "orders", "Alias": "orders", "Startup Cost": 0.0, "Total Cost": 17.99, "Plan Rows": 4, "Plan Width": 8, "Index Cond": "(o_custkey = public.customer.c_custkey)"}]}]}]}, "Unique SQL Id": 2798552886}, "explain_analyze_plan": {"Plan": {"Node Type": "Sort", "Startup Cost": 274230.79, "Total Cost": 274230.8, "Plan Rows": 1, "Plan Width": 40, "Actual Startup Time": 4031.791, "Actual Total Time": 4031.792, "Actual Rows": 4, "Actual Loops": 1, "Sort Key": ["(\"substring\"((public.customer.c_phone)::text, 1, 2))"], "Sort Method": "quicksort", "Sort Space Used": 25, "Sort Space Type": "Memory", "Plans": [{"Node Type": "Aggregate", "Strategy": "Plain", "Parent Relationship": "exec_init_plan", "Subplan Name": "InitPlan 1 (returns $0)", "Startup Cost": 76620.14, "Total Cost": 76620.15, "Plan Rows": 1, "Plan Width": 40, "Actual Startup Time": 1993.693, "Actual Total Time": 1993.694, "Actual Rows": 1, "Actual Loops": 1, "Plans": [{"Node Type": "Seq Scan", "Parent Relationship": "Outer", "Relation Name": "customer", "Alias": "customer", "Startup Cost": 12.95, "Total Cost": 76501.0, "Plan Rows": 47655, "Plan Width": 8, "Actual Startup Time": 0.034, "Actual Total Time": 1897.714, "Actual Rows": 218121, "Actual Loops": 1, "Filter": "((c_acctbal > 0::double precision) AND (\"substring\"((c_phone)::text, 1, 2) = ANY ('{20,40,22,30,39,42,21}'::text[])))", "Rows Removed by Filter": 1281879}]}, {"Node Type": "Aggregate", "Strategy": "Hashed", "Parent Relationship": "Outer", "Startup Cost": 197610.62, "Total Cost": 197610.63, "Plan Rows": 1, "Plan Width": 40, "Actual Startup Time": 4031.76, "Actual Total Time": 4031.761, "Actual Rows": 4, "Actual Loops": 1, "Group By Key": ["\"substring\"((public.customer.c_phone)::text, 1, 2)"], "Plans": [{"Node Type": "Nested Loop", "Parent Relationship": "Outer", "Join Type": "Anti", "Startup Cost": 0.0, "Total Cost": 197610.61, "Plan Rows": 1, "Plan Width": 24, "Actual Startup Time": 1993.926, "Actual Total Time": 4008.675, "Actual Rows": 36604, "Actual Loops": 1, "Inner Unique": false, "Plans": [{"Node Type": "Seq Scan", "Parent Relationship": "Outer", "Relation Name": "customer", "Alias": "customer", "Startup Cost": 0.0, "Total Cost": 76501.0, "Plan Rows": 17500, "Plan Width": 32, "Actual Startup Time": 1993.871, "Actual Total Time": 3286.163, "Actual Rows": 109197, "Actual Loops": 1, "Filter": "((c_acctbal > $0) AND (\"substring\"((c_phone)::text, 1, 2) = ANY ('{20,40,22,30,39,42,21}'::text[])))", "Rows Removed by Filter": 1390803}, {"Node Type": "Index Scan", "Parent Relationship": "Inner", "Scan Direction": "Forward", "Index Name": "idx_orders_custkey", "Relation Name": "orders", "Alias": "orders", "Startup Cost": 0.0, "Total Cost": 17.99, "Plan Rows": 4, "Plan Width": 8, "Actual Startup Time": 615.26, "Actual Total Time": 615.26, "Actual Rows": 72593, "Actual Loops": 109197, "Index Cond": "(o_custkey = public.customer.c_custkey)", "Rows Removed by Index Recheck": 0}]}]}]}, "Triggers": [], "Planner Runtime": 0.724, "Total Runtime": 4031.974, "Unique SQL Id": 2798552886}}, "(16, 21)": {"explain_plan": {"Plan": {"Node Type": "Sort", "Startup Cost": 1000007876469.15, "Total Cost": 1000007876469.15, "Plan Rows": 1, "Plan Width": 40, "Sort Key": ["(\"substring\"((public.customer.c_phone)::text, 1, 2))"], "Plans": [{"Node Type": "Aggregate", "Strategy": "Plain", "Parent Relationship": "exec_init_plan", "Subplan Name": "InitPlan 1 (returns $0)", "Startup Cost": 1000007650219.14, "Total Cost": 1000007650219.15, "Plan Rows": 1, "Plan Width": 40, "Plans": [{"Node Type": "Seq Scan", "Parent Relationship": "Outer", "Relation Name": "customer", "Alias": "customer", "Startup Cost": 10000000012.75, "Total Cost": 1000007650100.0, "Plan Rows": 47655, "Plan Width": 8, "Filter": "((c_acctbal > 0::double precision) AND (\"substring\"((c_phone)::text, 1, 2) = ANY ('{20,40,22,30,39,42,21}'::text[])))"}]}, {"Node Type": "Aggregate", "Strategy": "Hashed", "Parent Relationship": "Outer", "Startup Cost": 226249.97, "Total Cost": 226249.99, "Plan Rows": 1, "Plan Width": 40, "Group By Key": ["\"substring\"((public.customer.c_phone)::text, 1, 2)"], "Plans": [{"Node Type": "Nested Loop", "Parent Relationship": "Outer", "Join Type": "Anti", "Startup Cost": 0.0, "Total Cost": 226249.97, "Plan Rows": 1, "Plan Width": 24, "Inner Unique": false, "Plans": [{"Node Type": "Index Scan", "Parent Relationship": "Outer", "Scan Direction": "Forward", "Index Name": "customer_pkey", "Relation Name": "customer", "Alias": "customer", "Startup Cost": 0.0, "Total Cost": 105140.36, "Plan Rows": 17500, "Plan Width": 32, "Filter": "((c_acctbal > $0) AND (\"substring\"((c_phone)::text, 1, 2) = ANY ('{20,40,22,30,39,42,21}'::text[])))"}, {"Node Type": "Index Scan", "Parent Relationship": "Inner", "Scan Direction": "Forward", "Index Name": "idx_orders_custkey", "Relation Name": "orders", "Alias": "orders", "Startup Cost": 0.0, "Total Cost": 17.99, "Plan Rows": 4, "Plan Width": 8, "Index Cond": "(o_custkey = public.customer.c_custkey)"}]}]}]}, "Unique SQL Id": 2798552886}, "explain_analyze_plan": {"Plan": {"Node Type": "Sort", "Startup Cost": 1000007876469.15, "Total Cost": 1000007876469.15, "Plan Rows": 1, "Plan Width": 40, "Actual Startup Time": 4555.194, "Actual Total Time": 4555.195, "Actual Rows": 4, "Actual Loops": 1, "Sort Key": ["(\"substring\"((public.customer.c_phone)::text, 1, 2))"], "Sort Method": "quicksort", "Sort Space Used": 25, "Sort Space Type": "Memory", "Plans": [{"Node Type": "Aggregate", "Strategy": "Plain", "Parent Relationship": "exec_init_plan", "Subplan Name": "InitPlan 1 (returns $0)", "Startup Cost": 1000007650219.14, "Total Cost": 1000007650219.15, "Plan Rows": 1, "Plan Width": 40, "Actual Startup Time": 2007.503, "Actual Total Time": 2007.503, "Actual Rows": 1, "Actual Loops": 1, "Plans": [{"Node Type": "Seq Scan", "Parent Relationship": "Outer", "Relation Name": "customer", "Alias": "customer", "Startup Cost": 10000000012.75, "Total Cost": 1000007650100.0, "Plan Rows": 47655, "Plan Width": 8, "Actual Startup Time": 0.039, "Actual Total Time": 1912.456, "Actual Rows": 218121, "Actual Loops": 1, "Filter": "((c_acctbal > 0::double precision) AND (\"substring\"((c_phone)::text, 1, 2) = ANY ('{20,40,22,30,39,42,21}'::text[])))", "Rows Removed by Filter": 1281879}]}, {"Node Type": "Aggregate", "Strategy": "Hashed", "Parent Relationship": "Outer", "Startup Cost": 226249.97, "Total Cost": 226249.99, "Plan Rows": 1, "Plan Width": 40, "Actual Startup Time": 4555.155, "Actual Total Time": 4555.158, "Actual Rows": 4, "Actual Loops": 1, "Group By Key": ["\"substring\"((public.customer.c_phone)::text, 1, 2)"], "Plans": [{"Node Type": "Nested Loop", "Parent Relationship": "Outer", "Join Type": "Anti", "Startup Cost": 0.0, "Total Cost": 226249.97, "Plan Rows": 1, "Plan Width": 24, "Actual Startup Time": 2007.614, "Actual Total Time": 4531.932, "Actual Rows": 36604, "Actual Loops": 1, "Inner Unique": false, "Plans": [{"Node Type": "Index Scan", "Parent Relationship": "Outer", "Scan Direction": "Forward", "Index Name": "customer_pkey", "Relation Name": "customer", "Alias": "customer", "Startup Cost": 0.0, "Total Cost": 105140.36, "Plan Rows": 17500, "Plan Width": 32, "Actual Startup Time": 2007.576, "Actual Total Time": 3796.184, "Actual Rows": 109197, "Actual Loops": 1, "Filter": "((c_acctbal > $0) AND (\"substring\"((c_phone)::text, 1, 2) = ANY ('{20,40,22,30,39,42,21}'::text[])))", "Rows Removed by Filter": 1390803}, {"Node Type": "Index Scan", "Parent Relationship": "Inner", "Scan Direction": "Forward", "Index Name": "idx_orders_custkey", "Relation Name": "orders", "Alias": "orders", "Startup Cost": 0.0, "Total Cost": 17.99, "Plan Rows": 4, "Plan Width": 8, "Actual Startup Time": 628.013, "Actual Total Time": 628.013, "Actual Rows": 72593, "Actual Loops": 109197, "Index Cond": "(o_custkey = public.customer.c_custkey)", "Rows Removed by Index Recheck": 0}]}]}]}, "Triggers": [], "Planner Runtime": 0.762, "Total Runtime": 4555.366, "Unique SQL Id": 2798552886}}, "(16, 22)": {"explain_plan": {"Plan": {"Node Type": "Sort", "Startup Cost": 326543.88, "Total Cost": 326543.89, "Plan Rows": 1, "Plan Width": 40, "Sort Key": ["(\"substring\"((public.customer.c_phone)::text, 1, 2))"], "Plans": [{"Node Type": "Aggregate", "Strategy": "Plain", "Parent Relationship": "exec_init_plan", "Subplan Name": "InitPlan 1 (returns $0)", "Startup Cost": 76620.14, "Total Cost": 76620.15, "Plan Rows": 1, "Plan Width": 40, "Plans": [{"Node Type": "Seq Scan", "Parent Relationship": "Outer", "Relation Name": "customer", "Alias": "customer", "Startup Cost": 12.95, "Total Cost": 76501.0, "Plan Rows": 47655, "Plan Width": 8, "Filter": "((c_acctbal > 0::double precision) AND (\"substring\"((c_phone)::text, 1, 2) = ANY ('{20,40,22,30,39,42,21}'::text[])))"}]}, {"Node Type": "Aggregate", "Strategy": "Hashed", "Parent Relationship": "Outer", "Startup Cost": 249923.71, "Total Cost": 249923.72, "Plan Rows": 1, "Plan Width": 40, "Group By Key": ["\"substring\"((public.customer.c_phone)::text, 1, 2)"], "Plans": [{"Node Type": "Nested Loop", "Parent Relationship": "Outer", "Join Type": "Anti", "Startup Cost": 3.75, "Total Cost": 249923.7, "Plan Rows": 1, "Plan Width": 24, "Inner Unique": false, "Plans": [{"Node Type": "Seq Scan", "Parent Relationship": "Outer", "Relation Name": "customer", "Alias": "customer", "Startup Cost": 0.0, "Total Cost": 76501.0, "Plan Rows": 17500, "Plan Width": 32, "Filter": "((c_acctbal > $0) AND (\"substring\"((c_phone)::text, 1, 2) = ANY ('{20,40,22,30,39,42,21}'::text[])))"}, {"Node Type": "Bitmap Heap Scan", "Parent Relationship": "Inner", "Relation Name": "orders", "Alias": "orders", "Startup Cost": 3.75, "Total Cost": 19.76, "Plan Rows": 4, "Plan Width": 8, "Recheck Cond": "(o_custkey = public.customer.c_custkey)", "Plans": [{"Node Type": "Bitmap Index Scan", "Parent Relationship": "Outer", "Index Name": "idx_orders_custkey", "Startup Cost": 0.0, "Total Cost": 3.75, "Plan Rows": 4, "Plan Width": 0, "Index Cond": "(o_custkey = public.customer.c_custkey)"}]}]}]}]}, "Unique SQL Id": 2798552886}, "explain_analyze_plan": {"Plan": {"Node Type": "Sort", "Startup Cost": 326543.88, "Total Cost": 326543.89, "Plan Rows": 1, "Plan Width": 40, "Actual Startup Time": 4492.233, "Actual Total Time": 4492.235, "Actual Rows": 4, "Actual Loops": 1, "Sort Key": ["(\"substring\"((public.customer.c_phone)::text, 1, 2))"], "Sort Method": "quicksort", "Sort Space Used": 25, "Sort Space Type": "Memory", "Plans": [{"Node Type": "Aggregate", "Strategy": "Plain", "Parent Relationship": "exec_init_plan", "Subplan Name": "InitPlan 1 (returns $0)", "Startup Cost": 76620.14, "Total Cost": 76620.15, "Plan Rows": 1, "Plan Width": 40, "Actual Startup Time": 1991.263, "Actual Total Time": 1991.264, "Actual Rows": 1, "Actual Loops": 1, "Plans": [{"Node Type": "Seq Scan", "Parent Relationship": "Outer", "Relation Name": "customer", "Alias": "customer", "Startup Cost": 12.95, "Total Cost": 76501.0, "Plan Rows": 47655, "Plan Width": 8, "Actual Startup Time": 0.029, "Actual Total Time": 1896.473, "Actual Rows": 218121, "Actual Loops": 1, "Filter": "((c_acctbal > 0::double precision) AND (\"substring\"((c_phone)::text, 1, 2) = ANY ('{20,40,22,30,39,42,21}'::text[])))", "Rows Removed by Filter": 1281879}]}, {"Node Type": "Aggregate", "Strategy": "Hashed", "Parent Relationship": "Outer", "Startup Cost": 249923.71, "Total Cost": 249923.72, "Plan Rows": 1, "Plan Width": 40, "Actual Startup Time": 4492.108, "Actual Total Time": 4492.121, "Actual Rows": 4, "Actual Loops": 1, "Group By Key": ["\"substring\"((public.customer.c_phone)::text, 1, 2)"], "Plans": [{"Node Type": "Nested Loop", "Parent Relationship": "Outer", "Join Type": "Anti", "Startup Cost": 3.75, "Total Cost": 249923.7, "Plan Rows": 1, "Plan Width": 24, "Actual Startup Time": 1991.407, "Actual Total Time": 4465.33, "Actual Rows": 36604, "Actual Loops": 1, "Inner Unique": false, "Plans": [{"Node Type": "Seq Scan", "Parent Relationship": "Outer", "Relation Name": "customer", "Alias": "customer", "Startup Cost": 0.0, "Total Cost": 76501.0, "Plan Rows": 17500, "Plan Width": 32, "Actual Startup Time": 1991.334, "Actual Total Time": 3313.189, "Actual Rows": 109197, "Actual Loops": 1, "Filter": "((c_acctbal > $0) AND (\"substring\"((c_phone)::text, 1, 2) = ANY ('{20,40,22,30,39,42,21}'::text[])))", "Rows Removed by Filter": 1390803}, {"Node Type": "Bitmap Heap Scan", "Parent Relationship": "Inner", "Relation Name": "orders", "Alias": "orders", "Startup Cost": 3.75, "Total Cost": 19.76, "Plan Rows": 4, "Plan Width": 8, "Actual Startup Time": 965.354, "Actual Total Time": 965.354, "Actual Rows": 72593, "Actual Loops": 109197, "Recheck Cond": "(o_custkey = public.customer.c_custkey)", "Rows Removed by Index Recheck": 0, "Exact Heap Blocks": 72593, "Lossy Heap Blocks": 72593, "Plans": [{"Node Type": "Bitmap Index Scan", "Parent Relationship": "Outer", "Index Name": "idx_orders_custkey", "Startup Cost": 0.0, "Total Cost": 3.75, "Plan Rows": 4, "Plan Width": 0, "Actual Startup Time": 601.574, "Actual Total Time": 601.574, "Actual Rows": 1091631, "Actual Loops": 109197, "Index Cond": "(o_custkey = public.customer.c_custkey)"}]}]}]}]}, "Triggers": [], "Planner Runtime": 0.755, "Total Runtime": 4492.429, "Unique SQL Id": 2798552886}}, "(16, 23)": {"explain_plan": {"Plan": {"Node Type": "Sort", "Startup Cost": 2000018337677.51, "Total Cost": 2000018337677.51, "Plan Rows": 1, "Plan Width": 40, "Sort Key": ["(\"substring\"((public.customer.c_phone)::text, 1, 2))"], "Plans": [{"Node Type": "Aggregate", "Strategy": "Plain", "Parent Relationship": "exec_init_plan", "Subplan Name": "InitPlan 1 (returns $0)", "Startup Cost": 1000007650219.14, "Total Cost": 1000007650219.15, "Plan Rows": 1, "Plan Width": 40, "Plans": [{"Node Type": "Seq Scan", "Parent Relationship": "Outer", "Relation Name": "customer", "Alias": "customer", "Startup Cost": 10000000012.75, "Total Cost": 1000007650100.0, "Plan Rows": 47655, "Plan Width": 8, "Filter": "((c_acctbal > 0::double precision) AND (\"substring\"((c_phone)::text, 1, 2) = ANY ('{20,40,22,30,39,42,21}'::text[])))"}]}, {"Node Type": "Aggregate", "Strategy": "Hashed", "Parent Relationship": "Outer", "Startup Cost": 1000010687458.33, "Total Cost": 1000010687458.35, "Plan Rows": 1, "Plan Width": 40, "Group By Key": ["\"substring\"((public.customer.c_phone)::text, 1, 2)"], "Plans": [{"Node Type": "Nested Loop", "Parent Relationship": "Outer", "Join Type": "Anti", "Startup Cost": 10000000003.75, "Total Cost": 1000010687458.32, "Plan Rows": 1, "Plan Width": 24, "Inner Unique": false, "Plans": [{"Node Type": "Index Scan", "Parent Relationship": "Outer", "Scan Direction": "Forward", "Index Name": "customer_pkey", "Relation Name": "customer", "Alias": "customer", "Startup Cost": 10000000000.0, "Total Cost": 1000010514035.62, "Plan Rows": 17500, "Plan Width": 32, "Filter": "((c_acctbal > $0) AND (\"substring\"((c_phone)::text, 1, 2) = ANY ('{20,40,22,30,39,42,21}'::text[])))"}, {"Node Type": "Bitmap Heap Scan", "Parent Relationship": "Inner", "Relation Name": "orders", "Alias": "orders", "Startup Cost": 3.75, "Total Cost": 19.76, "Plan Rows": 4, "Plan Width": 8, "Recheck Cond": "(o_custkey = public.customer.c_custkey)", "Plans": [{"Node Type": "Bitmap Index Scan", "Parent Relationship": "Outer", "Index Name": "idx_orders_custkey", "Startup Cost": 0.0, "Total Cost": 3.75, "Plan Rows": 4, "Plan Width": 0, "Index Cond": "(o_custkey = public.customer.c_custkey)"}]}]}]}]}, "Unique SQL Id": 2798552886}, "explain_analyze_plan": {"Plan": {"Node Type": "Sort", "Startup Cost": 2000018337677.51, "Total Cost": 2000018337677.51, "Plan Rows": 1, "Plan Width": 40, "Actual Startup Time": 5045.7, "Actual Total Time": 5045.7, "Actual Rows": 4, "Actual Loops": 1, "Sort Key": ["(\"substring\"((public.customer.c_phone)::text, 1, 2))"], "Sort Method": "quicksort", "Sort Space Used": 25, "Sort Space Type": "Memory", "Plans": [{"Node Type": "Aggregate", "Strategy": "Plain", "Parent Relationship": "exec_init_plan", "Subplan Name": "InitPlan 1 (returns $0)", "Startup Cost": 1000007650219.14, "Total Cost": 1000007650219.15, "Plan Rows": 1, "Plan Width": 40, "Actual Startup Time": 1994.893, "Actual Total Time": 1994.893, "Actual Rows": 1, "Actual Loops": 1, "Plans": [{"Node Type": "Seq Scan", "Parent Relationship": "Outer", "Relation Name": "customer", "Alias": "customer", "Startup Cost": 10000000012.75, "Total Cost": 1000007650100.0, "Plan Rows": 47655, "Plan Width": 8, "Actual Startup Time": 0.036, "Actual Total Time": 1899.86, "Actual Rows": 218121, "Actual Loops": 1, "Filter": "((c_acctbal > 0::double precision) AND (\"substring\"((c_phone)::text, 1, 2) = ANY ('{20,40,22,30,39,42,21}'::text[])))", "Rows Removed by Filter": 1281879}]}, {"Node Type": "Aggregate", "Strategy": "Hashed", "Parent Relationship": "Outer", "Startup Cost": 1000010687458.33, "Total Cost": 1000010687458.35, "Plan Rows": 1, "Plan Width": 40, "Actual Startup Time": 5045.657, "Actual Total Time": 5045.657, "Actual Rows": 4, "Actual Loops": 1, "Group By Key": ["\"substring\"((public.customer.c_phone)::text, 1, 2)"], "Plans": [{"Node Type": "Nested Loop", "Parent Relationship": "Outer", "Join Type": "Anti", "Startup Cost": 10000000003.75, "Total Cost": 1000010687458.32, "Plan Rows": 1, "Plan Width": 24, "Actual Startup Time": 1995.077, "Actual Total Time": 5019.031, "Actual Rows": 36604, "Actual Loops": 1, "Inner Unique": false, "Plans": [{"Node Type": "Index Scan", "Parent Relationship": "Outer", "Scan Direction": "Forward", "Index Name": "customer_pkey", "Relation Name": "customer", "Alias": "customer", "Startup Cost": 10000000000.0, "Total Cost": 1000010514035.62, "Plan Rows": 17500, "Plan Width": 32, "Actual Startup Time": 1995.001, "Actual Total Time": 3864.643, "Actual Rows": 109197, "Actual Loops": 1, "Filter": "((c_acctbal > $0) AND (\"substring\"((c_phone)::text, 1, 2) = ANY ('{20,40,22,30,39,42,21}'::text[])))", "Rows Removed by Filter": 1390803}, {"Node Type": "Bitmap Heap Scan", "Parent Relationship": "Inner", "Relation Name": "orders", "Alias": "orders", "Startup Cost": 3.75, "Total Cost": 19.76, "Plan Rows": 4, "Plan Width": 8, "Actual Startup Time": 963.288, "Actual Total Time": 963.288, "Actual Rows": 72593, "Actual Loops": 109197, "Recheck Cond": "(o_custkey = public.customer.c_custkey)", "Rows Removed by Index Recheck": 0, "Exact Heap Blocks": 72593, "Lossy Heap Blocks": 72593, "Plans": [{"Node Type": "Bitmap Index Scan", "Parent Relationship": "Outer", "Index Name": "idx_orders_custkey", "Startup Cost": 0.0, "Total Cost": 3.75, "Plan Rows": 4, "Plan Width": 0, "Actual Startup Time": 588.006, "Actual Total Time": 588.006, "Actual Rows": 1091631, "Actual Loops": 109197, "Index Cond": "(o_custkey = public.customer.c_custkey)"}]}]}]}]}, "Triggers": [], "Planner Runtime": 0.768, "Total Runtime": 5045.883, "Unique SQL Id": 2798552886}}, "(16, 24)": {"explain_plan": {"Plan": {"Node Type": "Sort", "Startup Cost": 178853.67, "Total Cost": 178853.67, "Plan Rows": 1, "Plan Width": 40, "Sort Key": ["(\"substring\"((public.customer.c_phone)::text, 1, 2))"], "Plans": [{"Node Type": "Aggregate", "Strategy": "Plain", "Parent Relationship": "exec_init_plan", "Subplan Name": "InitPlan 1 (returns $0)", "Startup Cost": 76620.14, "Total Cost": 76620.15, "Plan Rows": 1, "Plan Width": 40, "Plans": [{"Node Type": "Seq Scan", "Parent Relationship": "Outer", "Relation Name": "customer", "Alias": "customer", "Startup Cost": 12.95, "Total Cost": 76501.0, "Plan Rows": 47655, "Plan Width": 8, "Filter": "((c_acctbal > 0::double precision) AND (\"substring\"((c_phone)::text, 1, 2) = ANY ('{20,40,22,30,39,42,21}'::text[])))"}]}, {"Node Type": "Aggregate", "Strategy": "Hashed", "Parent Relationship": "Outer", "Startup Cost": 102233.49, "Total Cost": 102233.51, "Plan Rows": 1, "Plan Width": 40, "Group By Key": ["\"substring\"((public.customer.c_phone)::text, 1, 2)"], "Plans": [{"Node Type": "Nested Loop", "Parent Relationship": "Outer", "Join Type": "Anti", "Startup Cost": 0.0, "Total Cost": 102233.49, "Plan Rows": 1, "Plan Width": 24, "Inner Unique": false, "Plans": [{"Node Type": "Seq Scan", "Parent Relationship": "Outer", "Relation Name": "customer", "Alias": "customer", "Startup Cost": 0.0, "Total Cost": 76501.0, "Plan Rows": 17500, "Plan Width": 32, "Filter": "((c_acctbal > $0) AND (\"substring\"((c_phone)::text, 1, 2) = ANY ('{20,40,22,30,39,42,21}'::text[])))"}, {"Node Type": "Index Only Scan", "Parent Relationship": "Inner", "Scan Direction": "Forward", "Index Name": "idx_orders_custkey", "Relation Name": "orders", "Alias": "orders", "Startup Cost": 0.0, "Total Cost": 3.79, "Plan Rows": 4, "Plan Width": 8, "Index Cond": "(o_custkey = public.customer.c_custkey)"}]}]}]}, "Unique SQL Id": 2798552886}, "explain_analyze_plan": {"Plan": {"Node Type": "Sort", "Startup Cost": 178853.67, "Total Cost": 178853.67, "Plan Rows": 1, "Plan Width": 40, "Actual Startup Time": 3898.225, "Actual Total Time": 3898.226, "Actual Rows": 4, "Actual Loops": 1, "Sort Key": ["(\"substring\"((public.customer.c_phone)::text, 1, 2))"], "Sort Method": "quicksort", "Sort Space Used": 25, "Sort Space Type": "Memory", "Plans": [{"Node Type": "Aggregate", "Strategy": "Plain", "Parent Relationship": "exec_init_plan", "Subplan Name": "InitPlan 1 (returns $0)", "Startup Cost": 76620.14, "Total Cost": 76620.15, "Plan Rows": 1, "Plan Width": 40, "Actual Startup Time": 1993.797, "Actual Total Time": 1993.797, "Actual Rows": 1, "Actual Loops": 1, "Plans": [{"Node Type": "Seq Scan", "Parent Relationship": "Outer", "Relation Name": "customer", "Alias": "customer", "Startup Cost": 12.95, "Total Cost": 76501.0, "Plan Rows": 47655, "Plan Width": 8, "Actual Startup Time": 0.028, "Actual Total Time": 1898.824, "Actual Rows": 218121, "Actual Loops": 1, "Filter": "((c_acctbal > 0::double precision) AND (\"substring\"((c_phone)::text, 1, 2) = ANY ('{20,40,22,30,39,42,21}'::text[])))", "Rows Removed by Filter": 1281879}]}, {"Node Type": "Aggregate", "Strategy": "Hashed", "Parent Relationship": "Outer", "Startup Cost": 102233.49, "Total Cost": 102233.51, "Plan Rows": 1, "Plan Width": 40, "Actual Startup Time": 3898.192, "Actual Total Time": 3898.195, "Actual Rows": 4, "Actual Loops": 1, "Group By Key": ["\"substring\"((public.customer.c_phone)::text, 1, 2)"], "Plans": [{"Node Type": "Nested Loop", "Parent Relationship": "Outer", "Join Type": "Anti", "Startup Cost": 0.0, "Total Cost": 102233.49, "Plan Rows": 1, "Plan Width": 24, "Actual Startup Time": 1994.027, "Actual Total Time": 3875.509, "Actual Rows": 36604, "Actual Loops": 1, "Inner Unique": false, "Plans": [{"Node Type": "Seq Scan", "Parent Relationship": "Outer", "Relation Name": "customer", "Alias": "customer", "Startup Cost": 0.0, "Total Cost": 76501.0, "Plan Rows": 17500, "Plan Width": 32, "Actual Startup Time": 1993.955, "Actual Total Time": 3288.893, "Actual Rows": 109197, "Actual Loops": 1, "Filter": "((c_acctbal > $0) AND (\"substring\"((c_phone)::text, 1, 2) = ANY ('{20,40,22,30,39,42,21}'::text[])))", "Rows Removed by Filter": 1390803}, {"Node Type": "Index Only Scan", "Parent Relationship": "Inner", "Scan Direction": "Forward", "Index Name": "idx_orders_custkey", "Relation Name": "orders", "Alias": "orders", "Startup Cost": 0.0, "Total Cost": 3.79, "Plan Rows": 4, "Plan Width": 8, "Actual Startup Time": 484.426, "Actual Total Time": 484.426, "Actual Rows": 72593, "Actual Loops": 109197, "Index Cond": "(o_custkey = public.customer.c_custkey)", "Rows Removed by Index Recheck": 0, "Heap Fetches": 0}]}]}]}, "Triggers": [], "Planner Runtime": 0.759, "Total Runtime": 3898.474, "Unique SQL Id": 2798552886}}, "(16, 25)": {"explain_plan": {"Plan": {"Node Type": "Sort", "Startup Cost": 1000007781092.03, "Total Cost": 1000007781092.03, "Plan Rows": 1, "Plan Width": 40, "Sort Key": ["(\"substring\"((public.customer.c_phone)::text, 1, 2))"], "Plans": [{"Node Type": "Aggregate", "Strategy": "Plain", "Parent Relationship": "exec_init_plan", "Subplan Name": "InitPlan 1 (returns $0)", "Startup Cost": 1000007650219.14, "Total Cost": 1000007650219.15, "Plan Rows": 1, "Plan Width": 40, "Plans": [{"Node Type": "Seq Scan", "Parent Relationship": "Outer", "Relation Name": "customer", "Alias": "customer", "Startup Cost": 10000000012.75, "Total Cost": 1000007650100.0, "Plan Rows": 47655, "Plan Width": 8, "Filter": "((c_acctbal > 0::double precision) AND (\"substring\"((c_phone)::text, 1, 2) = ANY ('{20,40,22,30,39,42,21}'::text[])))"}]}, {"Node Type": "Aggregate", "Strategy": "Hashed", "Parent Relationship": "Outer", "Startup Cost": 130872.85, "Total Cost": 130872.87, "Plan Rows": 1, "Plan Width": 40, "Group By Key": ["\"substring\"((public.customer.c_phone)::text, 1, 2)"], "Plans": [{"Node Type": "Nested Loop", "Parent Relationship": "Outer", "Join Type": "Anti", "Startup Cost": 0.0, "Total Cost": 130872.84, "Plan Rows": 1, "Plan Width": 24, "Inner Unique": false, "Plans": [{"Node Type": "Index Scan", "Parent Relationship": "Outer", "Scan Direction": "Forward", "Index Name": "customer_pkey", "Relation Name": "customer", "Alias": "customer", "Startup Cost": 0.0, "Total Cost": 105140.36, "Plan Rows": 17500, "Plan Width": 32, "Filter": "((c_acctbal > $0) AND (\"substring\"((c_phone)::text, 1, 2) = ANY ('{20,40,22,30,39,42,21}'::text[])))"}, {"Node Type": "Index Only Scan", "Parent Relationship": "Inner", "Scan Direction": "Forward", "Index Name": "idx_orders_custkey", "Relation Name": "orders", "Alias": "orders", "Startup Cost": 0.0, "Total Cost": 3.79, "Plan Rows": 4, "Plan Width": 8, "Index Cond": "(o_custkey = public.customer.c_custkey)"}]}]}]}, "Unique SQL Id": 2798552886}, "explain_analyze_plan": {"Plan": {"Node Type": "Sort", "Startup Cost": 1000007781092.03, "Total Cost": 1000007781092.03, "Plan Rows": 1, "Plan Width": 40, "Actual Startup Time": 4538.566, "Actual Total Time": 4538.567, "Actual Rows": 4, "Actual Loops": 1, "Sort Key": ["(\"substring\"((public.customer.c_phone)::text, 1, 2))"], "Sort Method": "quicksort", "Sort Space Used": 25, "Sort Space Type": "Memory", "Plans": [{"Node Type": "Aggregate", "Strategy": "Plain", "Parent Relationship": "exec_init_plan", "Subplan Name": "InitPlan 1 (returns $0)", "Startup Cost": 1000007650219.14, "Total Cost": 1000007650219.15, "Plan Rows": 1, "Plan Width": 40, "Actual Startup Time": 2004.286, "Actual Total Time": 2004.287, "Actual Rows": 1, "Actual Loops": 1, "Plans": [{"Node Type": "Seq Scan", "Parent Relationship": "Outer", "Relation Name": "customer", "Alias": "customer", "Startup Cost": 10000000012.75, "Total Cost": 1000007650100.0, "Plan Rows": 47655, "Plan Width": 8, "Actual Startup Time": 0.036, "Actual Total Time": 1908.298, "Actual Rows": 218121, "Actual Loops": 1, "Filter": "((c_acctbal > 0::double precision) AND (\"substring\"((c_phone)::text, 1, 2) = ANY ('{20,40,22,30,39,42,21}'::text[])))", "Rows Removed by Filter": 1281879}]}, {"Node Type": "Aggregate", "Strategy": "Hashed", "Parent Relationship": "Outer", "Startup Cost": 130872.85, "Total Cost": 130872.87, "Plan Rows": 1, "Plan Width": 40, "Actual Startup Time": 4538.513, "Actual Total Time": 4538.515, "Actual Rows": 4, "Actual Loops": 1, "Group By Key": ["\"substring\"((public.customer.c_phone)::text, 1, 2)"], "Plans": [{"Node Type": "Nested Loop", "Parent Relationship": "Outer", "Join Type": "Anti", "Startup Cost": 0.0, "Total Cost": 130872.84, "Plan Rows": 1, "Plan Width": 24, "Actual Startup Time": 2004.513, "Actual Total Time": 4515.757, "Actual Rows": 36604, "Actual Loops": 1, "Inner Unique": false, "Plans": [{"Node Type": "Index Scan", "Parent Relationship": "Outer", "Scan Direction": "Forward", "Index Name": "customer_pkey", "Relation Name": "customer", "Alias": "customer", "Startup Cost": 0.0, "Total Cost": 105140.36, "Plan Rows": 17500, "Plan Width": 32, "Actual Startup Time": 2004.451, "Actual Total Time": 3936.374, "Actual Rows": 109197, "Actual Loops": 1, "Filter": "((c_acctbal > $0) AND (\"substring\"((c_phone)::text, 1, 2) = ANY ('{20,40,22,30,39,42,21}'::text[])))", "Rows Removed by Filter": 1390803}, {"Node Type": "Index Only Scan", "Parent Relationship": "Inner", "Scan Direction": "Forward", "Index Name": "idx_orders_custkey", "Relation Name": "orders", "Alias": "orders", "Startup Cost": 0.0, "Total Cost": 3.79, "Plan Rows": 4, "Plan Width": 8, "Actual Startup Time": 476.552, "Actual Total Time": 476.552, "Actual Rows": 72593, "Actual Loops": 109197, "Index Cond": "(o_custkey = public.customer.c_custkey)", "Rows Removed by Index Recheck": 0, "Heap Fetches": 0}]}]}]}, "Triggers": [], "Planner Runtime": 0.761, "Total Runtime": 4538.756, "Unique SQL Id": 2798552886}}, "(16, 26)": {"explain_plan": {"Plan": {"Node Type": "Sort", "Startup Cost": 2444406.33, "Total Cost": 2444406.34, "Plan Rows": 1, "Plan Width": 40, "Sort Key": ["(\"substring\"((public.customer.c_phone)::text, 1, 2))"], "Plans": [{"Node Type": "Aggregate", "Strategy": "Plain", "Parent Relationship": "exec_init_plan", "Subplan Name": "InitPlan 1 (returns $0)", "Startup Cost": 76620.14, "Total Cost": 76620.15, "Plan Rows": 1, "Plan Width": 40, "Plans": [{"Node Type": "Seq Scan", "Parent Relationship": "Outer", "Relation Name": "customer", "Alias": "customer", "Startup Cost": 12.95, "Total Cost": 76501.0, "Plan Rows": 47655, "Plan Width": 8, "Filter": "((c_acctbal > 0::double precision) AND (\"substring\"((c_phone)::text, 1, 2) = ANY ('{20,40,22,30,39,42,21}'::text[])))"}]}, {"Node Type": "Aggregate", "Strategy": "Hashed", "Parent Relationship": "Outer", "Startup Cost": 2367786.16, "Total Cost": 2367786.17, "Plan Rows": 1, "Plan Width": 40, "Group By Key": ["\"substring\"((public.customer.c_phone)::text, 1, 2)"], "Plans": [{"Node Type": "Merge Join", "Parent Relationship": "Outer", "Join Type": "Anti", "Startup Cost": 2291966.69, "Total Cost": 2367786.15, "Plan Rows": 1, "Plan Width": 24, "Inner Unique": false, "Merge Cond": "(public.customer.c_custkey = orders.o_custkey)", "Plans": [{"Node Type": "Sort", "Parent Relationship": "Outer", "Startup Cost": 77734.32, "Total Cost": 77778.07, "Plan Rows": 17500, "Plan Width": 32, "Sort Key": ["public.customer.c_custkey"], "Plans": [{"Node Type": "Seq Scan", "Parent Relationship": "Outer", "Relation Name": "customer", "Alias": "customer", "Startup Cost": 0.0, "Total Cost": 76501.0, "Plan Rows": 17500, "Plan Width": 32, "Filter": "((c_acctbal > $0) AND (\"substring\"((c_phone)::text, 1, 2) = ANY ('{20,40,22,30,39,42,21}'::text[])))"}]}, {"Node Type": "Sort", "Parent Relationship": "Inner", "Startup Cost": 2214232.37, "Total Cost": 2251731.07, "Plan Rows": 14999479, "Plan Width": 8, "Sort Key": ["orders.o_custkey"], "Plans": [{"Node Type": "Seq Scan", "Parent Relationship": "Outer", "Relation Name": "orders", "Alias": "orders", "Startup Cost": 0.0, "Total Cost": 426413.79, "Plan Rows": 14999479, "Plan Width": 8}]}]}]}]}, "Unique SQL Id": 2798552886}, "explain_analyze_plan": null}, "(16, 27)": {"explain_plan": {"Plan": {"Node Type": "Sort", "Startup Cost": 3000031345967.3, "Total Cost": 3000031345967.3, "Plan Rows": 1, "Plan Width": 40, "Sort Key": ["(\"substring\"((public.customer.c_phone)::text, 1, 2))"], "Plans": [{"Node Type": "Aggregate", "Strategy": "Plain", "Parent Relationship": "exec_init_plan", "Subplan Name": "InitPlan 1 (returns $0)", "Startup Cost": 1000007650219.14, "Total Cost": 1000007650219.15, "Plan Rows": 1, "Plan Width": 40, "Plans": [{"Node Type": "Seq Scan", "Parent Relationship": "Outer", "Relation Name": "customer", "Alias": "customer", "Startup Cost": 10000000012.75, "Total Cost": 1000007650100.0, "Plan Rows": 47655, "Plan Width": 8, "Filter": "((c_acctbal > 0::double precision) AND (\"substring\"((c_phone)::text, 1, 2) = ANY ('{20,40,22,30,39,42,21}'::text[])))"}]}, {"Node Type": "Aggregate", "Strategy": "Hashed", "Parent Relationship": "Outer", "Startup Cost": 2000023695748.12, "Total Cost": 2000023695748.14, "Plan Rows": 1, "Plan Width": 40, "Group By Key": ["\"substring\"((public.customer.c_phone)::text, 1, 2)"], "Plans": [{"Node Type": "Merge Join", "Parent Relationship": "Outer", "Join Type": "Anti", "Startup Cost": 20000000000.0, "Total Cost": 2000023695748.11, "Plan Rows": 1, "Plan Width": 24, "Inner Unique": false, "Merge Cond": "(public.customer.c_custkey = orders.o_custkey)", "Plans": [{"Node Type": "Index Scan", "Parent Relationship": "Outer", "Scan Direction": "Forward", "Index Name": "customer_pkey", "Relation Name": "customer", "Alias": "customer", "Startup Cost": 10000000000.0, "Total Cost": 1000010514035.62, "Plan Rows": 17500, "Plan Width": 32, "Filter": "((c_acctbal > $0) AND (\"substring\"((c_phone)::text, 1, 2) = ANY ('{20,40,22,30,39,42,21}'::text[])))"}, {"Node Type": "Index Only Scan", "Parent Relationship": "Inner", "Scan Direction": "Forward", "Index Name": "idx_orders_custkey", "Relation Name": "orders", "Alias": "orders", "Startup Cost": 10000000000.0, "Total Cost": 1000045486043.5, "Plan Rows": 14999479, "Plan Width": 8}]}]}]}, "Unique SQL Id": 2798552886}, "explain_analyze_plan": null}, "(16, 28)": {"explain_plan": {"Plan": {"Node Type": "Sort", "Startup Cost": 274230.79, "Total Cost": 274230.8, "Plan Rows": 1, "Plan Width": 40, "Sort Key": ["(\"substring\"((public.customer.c_phone)::text, 1, 2))"], "Plans": [{"Node Type": "Aggregate", "Strategy": "Plain", "Parent Relationship": "exec_init_plan", "Subplan Name": "InitPlan 1 (returns $0)", "Startup Cost": 76620.14, "Total Cost": 76620.15, "Plan Rows": 1, "Plan Width": 40, "Plans": [{"Node Type": "Seq Scan", "Parent Relationship": "Outer", "Relation Name": "customer", "Alias": "customer", "Startup Cost": 12.95, "Total Cost": 76501.0, "Plan Rows": 47655, "Plan Width": 8, "Filter": "((c_acctbal > 0::double precision) AND (\"substring\"((c_phone)::text, 1, 2) = ANY ('{20,40,22,30,39,42,21}'::text[])))"}]}, {"Node Type": "Aggregate", "Strategy": "Hashed", "Parent Relationship": "Outer", "Startup Cost": 197610.62, "Total Cost": 197610.63, "Plan Rows": 1, "Plan Width": 40, "Group By Key": ["\"substring\"((public.customer.c_phone)::text, 1, 2)"], "Plans": [{"Node Type": "Nested Loop", "Parent Relationship": "Outer", "Join Type": "Anti", "Startup Cost": 0.0, "Total Cost": 197610.61, "Plan Rows": 1, "Plan Width": 24, "Inner Unique": false, "Plans": [{"Node Type": "Seq Scan", "Parent Relationship": "Outer", "Relation Name": "customer", "Alias": "customer", "Startup Cost": 0.0, "Total Cost": 76501.0, "Plan Rows": 17500, "Plan Width": 32, "Filter": "((c_acctbal > $0) AND (\"substring\"((c_phone)::text, 1, 2) = ANY ('{20,40,22,30,39,42,21}'::text[])))"}, {"Node Type": "Index Scan", "Parent Relationship": "Inner", "Scan Direction": "Forward", "Index Name": "idx_orders_custkey", "Relation Name": "orders", "Alias": "orders", "Startup Cost": 0.0, "Total Cost": 17.99, "Plan Rows": 4, "Plan Width": 8, "Index Cond": "(o_custkey = public.customer.c_custkey)"}]}]}]}, "Unique SQL Id": 2798552886}, "explain_analyze_plan": {"Plan": {"Node Type": "Sort", "Startup Cost": 274230.79, "Total Cost": 274230.8, "Plan Rows": 1, "Plan Width": 40, "Actual Startup Time": 4031.791, "Actual Total Time": 4031.792, "Actual Rows": 4, "Actual Loops": 1, "Sort Key": ["(\"substring\"((public.customer.c_phone)::text, 1, 2))"], "Sort Method": "quicksort", "Sort Space Used": 25, "Sort Space Type": "Memory", "Plans": [{"Node Type": "Aggregate", "Strategy": "Plain", "Parent Relationship": "exec_init_plan", "Subplan Name": "InitPlan 1 (returns $0)", "Startup Cost": 76620.14, "Total Cost": 76620.15, "Plan Rows": 1, "Plan Width": 40, "Actual Startup Time": 1993.693, "Actual Total Time": 1993.694, "Actual Rows": 1, "Actual Loops": 1, "Plans": [{"Node Type": "Seq Scan", "Parent Relationship": "Outer", "Relation Name": "customer", "Alias": "customer", "Startup Cost": 12.95, "Total Cost": 76501.0, "Plan Rows": 47655, "Plan Width": 8, "Actual Startup Time": 0.034, "Actual Total Time": 1897.714, "Actual Rows": 218121, "Actual Loops": 1, "Filter": "((c_acctbal > 0::double precision) AND (\"substring\"((c_phone)::text, 1, 2) = ANY ('{20,40,22,30,39,42,21}'::text[])))", "Rows Removed by Filter": 1281879}]}, {"Node Type": "Aggregate", "Strategy": "Hashed", "Parent Relationship": "Outer", "Startup Cost": 197610.62, "Total Cost": 197610.63, "Plan Rows": 1, "Plan Width": 40, "Actual Startup Time": 4031.76, "Actual Total Time": 4031.761, "Actual Rows": 4, "Actual Loops": 1, "Group By Key": ["\"substring\"((public.customer.c_phone)::text, 1, 2)"], "Plans": [{"Node Type": "Nested Loop", "Parent Relationship": "Outer", "Join Type": "Anti", "Startup Cost": 0.0, "Total Cost": 197610.61, "Plan Rows": 1, "Plan Width": 24, "Actual Startup Time": 1993.926, "Actual Total Time": 4008.675, "Actual Rows": 36604, "Actual Loops": 1, "Inner Unique": false, "Plans": [{"Node Type": "Seq Scan", "Parent Relationship": "Outer", "Relation Name": "customer", "Alias": "customer", "Startup Cost": 0.0, "Total Cost": 76501.0, "Plan Rows": 17500, "Plan Width": 32, "Actual Startup Time": 1993.871, "Actual Total Time": 3286.163, "Actual Rows": 109197, "Actual Loops": 1, "Filter": "((c_acctbal > $0) AND (\"substring\"((c_phone)::text, 1, 2) = ANY ('{20,40,22,30,39,42,21}'::text[])))", "Rows Removed by Filter": 1390803}, {"Node Type": "Index Scan", "Parent Relationship": "Inner", "Scan Direction": "Forward", "Index Name": "idx_orders_custkey", "Relation Name": "orders", "Alias": "orders", "Startup Cost": 0.0, "Total Cost": 17.99, "Plan Rows": 4, "Plan Width": 8, "Actual Startup Time": 615.26, "Actual Total Time": 615.26, "Actual Rows": 72593, "Actual Loops": 109197, "Index Cond": "(o_custkey = public.customer.c_custkey)", "Rows Removed by Index Recheck": 0}]}]}]}, "Triggers": [], "Planner Runtime": 0.724, "Total Runtime": 4031.974, "Unique SQL Id": 2798552886}}, "(16, 29)": {"explain_plan": {"Plan": {"Node Type": "Sort", "Startup Cost": 1000007876469.15, "Total Cost": 1000007876469.15, "Plan Rows": 1, "Plan Width": 40, "Sort Key": ["(\"substring\"((public.customer.c_phone)::text, 1, 2))"], "Plans": [{"Node Type": "Aggregate", "Strategy": "Plain", "Parent Relationship": "exec_init_plan", "Subplan Name": "InitPlan 1 (returns $0)", "Startup Cost": 1000007650219.14, "Total Cost": 1000007650219.15, "Plan Rows": 1, "Plan Width": 40, "Plans": [{"Node Type": "Seq Scan", "Parent Relationship": "Outer", "Relation Name": "customer", "Alias": "customer", "Startup Cost": 10000000012.75, "Total Cost": 1000007650100.0, "Plan Rows": 47655, "Plan Width": 8, "Filter": "((c_acctbal > 0::double precision) AND (\"substring\"((c_phone)::text, 1, 2) = ANY ('{20,40,22,30,39,42,21}'::text[])))"}]}, {"Node Type": "Aggregate", "Strategy": "Hashed", "Parent Relationship": "Outer", "Startup Cost": 226249.97, "Total Cost": 226249.99, "Plan Rows": 1, "Plan Width": 40, "Group By Key": ["\"substring\"((public.customer.c_phone)::text, 1, 2)"], "Plans": [{"Node Type": "Nested Loop", "Parent Relationship": "Outer", "Join Type": "Anti", "Startup Cost": 0.0, "Total Cost": 226249.97, "Plan Rows": 1, "Plan Width": 24, "Inner Unique": false, "Plans": [{"Node Type": "Index Scan", "Parent Relationship": "Outer", "Scan Direction": "Forward", "Index Name": "customer_pkey", "Relation Name": "customer", "Alias": "customer", "Startup Cost": 0.0, "Total Cost": 105140.36, "Plan Rows": 17500, "Plan Width": 32, "Filter": "((c_acctbal > $0) AND (\"substring\"((c_phone)::text, 1, 2) = ANY ('{20,40,22,30,39,42,21}'::text[])))"}, {"Node Type": "Index Scan", "Parent Relationship": "Inner", "Scan Direction": "Forward", "Index Name": "idx_orders_custkey", "Relation Name": "orders", "Alias": "orders", "Startup Cost": 0.0, "Total Cost": 17.99, "Plan Rows": 4, "Plan Width": 8, "Index Cond": "(o_custkey = public.customer.c_custkey)"}]}]}]}, "Unique SQL Id": 2798552886}, "explain_analyze_plan": {"Plan": {"Node Type": "Sort", "Startup Cost": 1000007876469.15, "Total Cost": 1000007876469.15, "Plan Rows": 1, "Plan Width": 40, "Actual Startup Time": 4555.194, "Actual Total Time": 4555.195, "Actual Rows": 4, "Actual Loops": 1, "Sort Key": ["(\"substring\"((public.customer.c_phone)::text, 1, 2))"], "Sort Method": "quicksort", "Sort Space Used": 25, "Sort Space Type": "Memory", "Plans": [{"Node Type": "Aggregate", "Strategy": "Plain", "Parent Relationship": "exec_init_plan", "Subplan Name": "InitPlan 1 (returns $0)", "Startup Cost": 1000007650219.14, "Total Cost": 1000007650219.15, "Plan Rows": 1, "Plan Width": 40, "Actual Startup Time": 2007.503, "Actual Total Time": 2007.503, "Actual Rows": 1, "Actual Loops": 1, "Plans": [{"Node Type": "Seq Scan", "Parent Relationship": "Outer", "Relation Name": "customer", "Alias": "customer", "Startup Cost": 10000000012.75, "Total Cost": 1000007650100.0, "Plan Rows": 47655, "Plan Width": 8, "Actual Startup Time": 0.039, "Actual Total Time": 1912.456, "Actual Rows": 218121, "Actual Loops": 1, "Filter": "((c_acctbal > 0::double precision) AND (\"substring\"((c_phone)::text, 1, 2) = ANY ('{20,40,22,30,39,42,21}'::text[])))", "Rows Removed by Filter": 1281879}]}, {"Node Type": "Aggregate", "Strategy": "Hashed", "Parent Relationship": "Outer", "Startup Cost": 226249.97, "Total Cost": 226249.99, "Plan Rows": 1, "Plan Width": 40, "Actual Startup Time": 4555.155, "Actual Total Time": 4555.158, "Actual Rows": 4, "Actual Loops": 1, "Group By Key": ["\"substring\"((public.customer.c_phone)::text, 1, 2)"], "Plans": [{"Node Type": "Nested Loop", "Parent Relationship": "Outer", "Join Type": "Anti", "Startup Cost": 0.0, "Total Cost": 226249.97, "Plan Rows": 1, "Plan Width": 24, "Actual Startup Time": 2007.614, "Actual Total Time": 4531.932, "Actual Rows": 36604, "Actual Loops": 1, "Inner Unique": false, "Plans": [{"Node Type": "Index Scan", "Parent Relationship": "Outer", "Scan Direction": "Forward", "Index Name": "customer_pkey", "Relation Name": "customer", "Alias": "customer", "Startup Cost": 0.0, "Total Cost": 105140.36, "Plan Rows": 17500, "Plan Width": 32, "Actual Startup Time": 2007.576, "Actual Total Time": 3796.184, "Actual Rows": 109197, "Actual Loops": 1, "Filter": "((c_acctbal > $0) AND (\"substring\"((c_phone)::text, 1, 2) = ANY ('{20,40,22,30,39,42,21}'::text[])))", "Rows Removed by Filter": 1390803}, {"Node Type": "Index Scan", "Parent Relationship": "Inner", "Scan Direction": "Forward", "Index Name": "idx_orders_custkey", "Relation Name": "orders", "Alias": "orders", "Startup Cost": 0.0, "Total Cost": 17.99, "Plan Rows": 4, "Plan Width": 8, "Actual Startup Time": 628.013, "Actual Total Time": 628.013, "Actual Rows": 72593, "Actual Loops": 109197, "Index Cond": "(o_custkey = public.customer.c_custkey)", "Rows Removed by Index Recheck": 0}]}]}]}, "Triggers": [], "Planner Runtime": 0.762, "Total Runtime": 4555.366, "Unique SQL Id": 2798552886}}, "(16, 30)": {"explain_plan": {"Plan": {"Node Type": "Sort", "Startup Cost": 2444406.33, "Total Cost": 2444406.34, "Plan Rows": 1, "Plan Width": 40, "Sort Key": ["(\"substring\"((public.customer.c_phone)::text, 1, 2))"], "Plans": [{"Node Type": "Aggregate", "Strategy": "Plain", "Parent Relationship": "exec_init_plan", "Subplan Name": "InitPlan 1 (returns $0)", "Startup Cost": 76620.14, "Total Cost": 76620.15, "Plan Rows": 1, "Plan Width": 40, "Plans": [{"Node Type": "Seq Scan", "Parent Relationship": "Outer", "Relation Name": "customer", "Alias": "customer", "Startup Cost": 12.95, "Total Cost": 76501.0, "Plan Rows": 47655, "Plan Width": 8, "Filter": "((c_acctbal > 0::double precision) AND (\"substring\"((c_phone)::text, 1, 2) = ANY ('{20,40,22,30,39,42,21}'::text[])))"}]}, {"Node Type": "Aggregate", "Strategy": "Hashed", "Parent Relationship": "Outer", "Startup Cost": 2367786.16, "Total Cost": 2367786.17, "Plan Rows": 1, "Plan Width": 40, "Group By Key": ["\"substring\"((public.customer.c_phone)::text, 1, 2)"], "Plans": [{"Node Type": "Merge Join", "Parent Relationship": "Outer", "Join Type": "Anti", "Startup Cost": 2291966.69, "Total Cost": 2367786.15, "Plan Rows": 1, "Plan Width": 24, "Inner Unique": false, "Merge Cond": "(public.customer.c_custkey = orders.o_custkey)", "Plans": [{"Node Type": "Sort", "Parent Relationship": "Outer", "Startup Cost": 77734.32, "Total Cost": 77778.07, "Plan Rows": 17500, "Plan Width": 32, "Sort Key": ["public.customer.c_custkey"], "Plans": [{"Node Type": "Seq Scan", "Parent Relationship": "Outer", "Relation Name": "customer", "Alias": "customer", "Startup Cost": 0.0, "Total Cost": 76501.0, "Plan Rows": 17500, "Plan Width": 32, "Filter": "((c_acctbal > $0) AND (\"substring\"((c_phone)::text, 1, 2) = ANY ('{20,40,22,30,39,42,21}'::text[])))"}]}, {"Node Type": "Sort", "Parent Relationship": "Inner", "Startup Cost": 2214232.37, "Total Cost": 2251731.07, "Plan Rows": 14999479, "Plan Width": 8, "Sort Key": ["orders.o_custkey"], "Plans": [{"Node Type": "Seq Scan", "Parent Relationship": "Outer", "Relation Name": "orders", "Alias": "orders", "Startup Cost": 0.0, "Total Cost": 426413.79, "Plan Rows": 14999479, "Plan Width": 8}]}]}]}]}, "Unique SQL Id": 2798552886}, "explain_analyze_plan": null}, "(16, 31)": {"explain_plan": {"Plan": {"Node Type": "Sort", "Startup Cost": 3000141907840.95, "Total Cost": 3000141907840.95, "Plan Rows": 1, "Plan Width": 40, "Sort Key": ["(\"substring\"((public.customer.c_phone)::text, 1, 2))"], "Plans": [{"Node Type": "Aggregate", "Strategy": "Plain", "Parent Relationship": "exec_init_plan", "Subplan Name": "InitPlan 1 (returns $0)", "Startup Cost": 1000007650219.14, "Total Cost": 1000007650219.15, "Plan Rows": 1, "Plan Width": 40, "Plans": [{"Node Type": "Seq Scan", "Parent Relationship": "Outer", "Relation Name": "customer", "Alias": "customer", "Startup Cost": 10000000012.75, "Total Cost": 1000007650100.0, "Plan Rows": 47655, "Plan Width": 8, "Filter": "((c_acctbal > 0::double precision) AND (\"substring\"((c_phone)::text, 1, 2) = ANY ('{20,40,22,30,39,42,21}'::text[])))"}]}, {"Node Type": "Aggregate", "Strategy": "Hashed", "Parent Relationship": "Outer", "Startup Cost": 2000134257621.77, "Total Cost": 2000134257621.79, "Plan Rows": 1, "Plan Width": 40, "Group By Key": ["\"substring\"((public.customer.c_phone)::text, 1, 2)"], "Plans": [{"Node Type": "Merge Join", "Parent Relationship": "Outer", "Join Type": "Anti", "Startup Cost": 20000000000.0, "Total Cost": 2000134257621.77, "Plan Rows": 1, "Plan Width": 24, "Inner Unique": false, "Merge Cond": "(public.customer.c_custkey = orders.o_custkey)", "Plans": [{"Node Type": "Index Scan", "Parent Relationship": "Outer", "Scan Direction": "Forward", "Index Name": "customer_pkey", "Relation Name": "customer", "Alias": "customer", "Startup Cost": 10000000000.0, "Total Cost": 1000010514035.62, "Plan Rows": 17500, "Plan Width": 32, "Filter": "((c_acctbal > $0) AND (\"substring\"((c_phone)::text, 1, 2) = ANY ('{20,40,22,30,39,42,21}'::text[])))"}, {"Node Type": "Index Scan", "Parent Relationship": "Inner", "Scan Direction": "Forward", "Index Name": "idx_orders_custkey", "Relation Name": "orders", "Alias": "orders", "Startup Cost": 10000000000.0, "Total Cost": 1000156051529.08, "Plan Rows": 14999479, "Plan Width": 8}]}]}]}, "Unique SQL Id": 2798552886}, "explain_analyze_plan": null}, "(16, 32)": {"explain_plan": {"Plan": {"Node Type": "Sort", "Startup Cost": 178853.67, "Total Cost": 178853.67, "Plan Rows": 1, "Plan Width": 40, "Sort Key": ["(\"substring\"((public.customer.c_phone)::text, 1, 2))"], "Plans": [{"Node Type": "Aggregate", "Strategy": "Plain", "Parent Relationship": "exec_init_plan", "Subplan Name": "InitPlan 1 (returns $0)", "Startup Cost": 76620.14, "Total Cost": 76620.15, "Plan Rows": 1, "Plan Width": 40, "Plans": [{"Node Type": "Seq Scan", "Parent Relationship": "Outer", "Relation Name": "customer", "Alias": "customer", "Startup Cost": 12.95, "Total Cost": 76501.0, "Plan Rows": 47655, "Plan Width": 8, "Filter": "((c_acctbal > 0::double precision) AND (\"substring\"((c_phone)::text, 1, 2) = ANY ('{20,40,22,30,39,42,21}'::text[])))"}]}, {"Node Type": "Aggregate", "Strategy": "Hashed", "Parent Relationship": "Outer", "Startup Cost": 102233.49, "Total Cost": 102233.51, "Plan Rows": 1, "Plan Width": 40, "Group By Key": ["\"substring\"((public.customer.c_phone)::text, 1, 2)"], "Plans": [{"Node Type": "Nested Loop", "Parent Relationship": "Outer", "Join Type": "Anti", "Startup Cost": 0.0, "Total Cost": 102233.49, "Plan Rows": 1, "Plan Width": 24, "Inner Unique": false, "Plans": [{"Node Type": "Seq Scan", "Parent Relationship": "Outer", "Relation Name": "customer", "Alias": "customer", "Startup Cost": 0.0, "Total Cost": 76501.0, "Plan Rows": 17500, "Plan Width": 32, "Filter": "((c_acctbal > $0) AND (\"substring\"((c_phone)::text, 1, 2) = ANY ('{20,40,22,30,39,42,21}'::text[])))"}, {"Node Type": "Index Only Scan", "Parent Relationship": "Inner", "Scan Direction": "Forward", "Index Name": "idx_orders_custkey", "Relation Name": "orders", "Alias": "orders", "Startup Cost": 0.0, "Total Cost": 3.79, "Plan Rows": 4, "Plan Width": 8, "Index Cond": "(o_custkey = public.customer.c_custkey)"}]}]}]}, "Unique SQL Id": 2798552886}, "explain_analyze_plan": {"Plan": {"Node Type": "Sort", "Startup Cost": 178853.67, "Total Cost": 178853.67, "Plan Rows": 1, "Plan Width": 40, "Actual Startup Time": 3898.225, "Actual Total Time": 3898.226, "Actual Rows": 4, "Actual Loops": 1, "Sort Key": ["(\"substring\"((public.customer.c_phone)::text, 1, 2))"], "Sort Method": "quicksort", "Sort Space Used": 25, "Sort Space Type": "Memory", "Plans": [{"Node Type": "Aggregate", "Strategy": "Plain", "Parent Relationship": "exec_init_plan", "Subplan Name": "InitPlan 1 (returns $0)", "Startup Cost": 76620.14, "Total Cost": 76620.15, "Plan Rows": 1, "Plan Width": 40, "Actual Startup Time": 1993.797, "Actual Total Time": 1993.797, "Actual Rows": 1, "Actual Loops": 1, "Plans": [{"Node Type": "Seq Scan", "Parent Relationship": "Outer", "Relation Name": "customer", "Alias": "customer", "Startup Cost": 12.95, "Total Cost": 76501.0, "Plan Rows": 47655, "Plan Width": 8, "Actual Startup Time": 0.028, "Actual Total Time": 1898.824, "Actual Rows": 218121, "Actual Loops": 1, "Filter": "((c_acctbal > 0::double precision) AND (\"substring\"((c_phone)::text, 1, 2) = ANY ('{20,40,22,30,39,42,21}'::text[])))", "Rows Removed by Filter": 1281879}]}, {"Node Type": "Aggregate", "Strategy": "Hashed", "Parent Relationship": "Outer", "Startup Cost": 102233.49, "Total Cost": 102233.51, "Plan Rows": 1, "Plan Width": 40, "Actual Startup Time": 3898.192, "Actual Total Time": 3898.195, "Actual Rows": 4, "Actual Loops": 1, "Group By Key": ["\"substring\"((public.customer.c_phone)::text, 1, 2)"], "Plans": [{"Node Type": "Nested Loop", "Parent Relationship": "Outer", "Join Type": "Anti", "Startup Cost": 0.0, "Total Cost": 102233.49, "Plan Rows": 1, "Plan Width": 24, "Actual Startup Time": 1994.027, "Actual Total Time": 3875.509, "Actual Rows": 36604, "Actual Loops": 1, "Inner Unique": false, "Plans": [{"Node Type": "Seq Scan", "Parent Relationship": "Outer", "Relation Name": "customer", "Alias": "customer", "Startup Cost": 0.0, "Total Cost": 76501.0, "Plan Rows": 17500, "Plan Width": 32, "Actual Startup Time": 1993.955, "Actual Total Time": 3288.893, "Actual Rows": 109197, "Actual Loops": 1, "Filter": "((c_acctbal > $0) AND (\"substring\"((c_phone)::text, 1, 2) = ANY ('{20,40,22,30,39,42,21}'::text[])))", "Rows Removed by Filter": 1390803}, {"Node Type": "Index Only Scan", "Parent Relationship": "Inner", "Scan Direction": "Forward", "Index Name": "idx_orders_custkey", "Relation Name": "orders", "Alias": "orders", "Startup Cost": 0.0, "Total Cost": 3.79, "Plan Rows": 4, "Plan Width": 8, "Actual Startup Time": 484.426, "Actual Total Time": 484.426, "Actual Rows": 72593, "Actual Loops": 109197, "Index Cond": "(o_custkey = public.customer.c_custkey)", "Rows Removed by Index Recheck": 0, "Heap Fetches": 0}]}]}]}, "Triggers": [], "Planner Runtime": 0.759, "Total Runtime": 3898.474, "Unique SQL Id": 2798552886}}, "(16, 33)": {"explain_plan": {"Plan": {"Node Type": "Sort", "Startup Cost": 1000007781092.03, "Total Cost": 1000007781092.03, "Plan Rows": 1, "Plan Width": 40, "Sort Key": ["(\"substring\"((public.customer.c_phone)::text, 1, 2))"], "Plans": [{"Node Type": "Aggregate", "Strategy": "Plain", "Parent Relationship": "exec_init_plan", "Subplan Name": "InitPlan 1 (returns $0)", "Startup Cost": 1000007650219.14, "Total Cost": 1000007650219.15, "Plan Rows": 1, "Plan Width": 40, "Plans": [{"Node Type": "Seq Scan", "Parent Relationship": "Outer", "Relation Name": "customer", "Alias": "customer", "Startup Cost": 10000000012.75, "Total Cost": 1000007650100.0, "Plan Rows": 47655, "Plan Width": 8, "Filter": "((c_acctbal > 0::double precision) AND (\"substring\"((c_phone)::text, 1, 2) = ANY ('{20,40,22,30,39,42,21}'::text[])))"}]}, {"Node Type": "Aggregate", "Strategy": "Hashed", "Parent Relationship": "Outer", "Startup Cost": 130872.85, "Total Cost": 130872.87, "Plan Rows": 1, "Plan Width": 40, "Group By Key": ["\"substring\"((public.customer.c_phone)::text, 1, 2)"], "Plans": [{"Node Type": "Nested Loop", "Parent Relationship": "Outer", "Join Type": "Anti", "Startup Cost": 0.0, "Total Cost": 130872.84, "Plan Rows": 1, "Plan Width": 24, "Inner Unique": false, "Plans": [{"Node Type": "Index Scan", "Parent Relationship": "Outer", "Scan Direction": "Forward", "Index Name": "customer_pkey", "Relation Name": "customer", "Alias": "customer", "Startup Cost": 0.0, "Total Cost": 105140.36, "Plan Rows": 17500, "Plan Width": 32, "Filter": "((c_acctbal > $0) AND (\"substring\"((c_phone)::text, 1, 2) = ANY ('{20,40,22,30,39,42,21}'::text[])))"}, {"Node Type": "Index Only Scan", "Parent Relationship": "Inner", "Scan Direction": "Forward", "Index Name": "idx_orders_custkey", "Relation Name": "orders", "Alias": "orders", "Startup Cost": 0.0, "Total Cost": 3.79, "Plan Rows": 4, "Plan Width": 8, "Index Cond": "(o_custkey = public.customer.c_custkey)"}]}]}]}, "Unique SQL Id": 2798552886}, "explain_analyze_plan": {"Plan": {"Node Type": "Sort", "Startup Cost": 1000007781092.03, "Total Cost": 1000007781092.03, "Plan Rows": 1, "Plan Width": 40, "Actual Startup Time": 4538.566, "Actual Total Time": 4538.567, "Actual Rows": 4, "Actual Loops": 1, "Sort Key": ["(\"substring\"((public.customer.c_phone)::text, 1, 2))"], "Sort Method": "quicksort", "Sort Space Used": 25, "Sort Space Type": "Memory", "Plans": [{"Node Type": "Aggregate", "Strategy": "Plain", "Parent Relationship": "exec_init_plan", "Subplan Name": "InitPlan 1 (returns $0)", "Startup Cost": 1000007650219.14, "Total Cost": 1000007650219.15, "Plan Rows": 1, "Plan Width": 40, "Actual Startup Time": 2004.286, "Actual Total Time": 2004.287, "Actual Rows": 1, "Actual Loops": 1, "Plans": [{"Node Type": "Seq Scan", "Parent Relationship": "Outer", "Relation Name": "customer", "Alias": "customer", "Startup Cost": 10000000012.75, "Total Cost": 1000007650100.0, "Plan Rows": 47655, "Plan Width": 8, "Actual Startup Time": 0.036, "Actual Total Time": 1908.298, "Actual Rows": 218121, "Actual Loops": 1, "Filter": "((c_acctbal > 0::double precision) AND (\"substring\"((c_phone)::text, 1, 2) = ANY ('{20,40,22,30,39,42,21}'::text[])))", "Rows Removed by Filter": 1281879}]}, {"Node Type": "Aggregate", "Strategy": "Hashed", "Parent Relationship": "Outer", "Startup Cost": 130872.85, "Total Cost": 130872.87, "Plan Rows": 1, "Plan Width": 40, "Actual Startup Time": 4538.513, "Actual Total Time": 4538.515, "Actual Rows": 4, "Actual Loops": 1, "Group By Key": ["\"substring\"((public.customer.c_phone)::text, 1, 2)"], "Plans": [{"Node Type": "Nested Loop", "Parent Relationship": "Outer", "Join Type": "Anti", "Startup Cost": 0.0, "Total Cost": 130872.84, "Plan Rows": 1, "Plan Width": 24, "Actual Startup Time": 2004.513, "Actual Total Time": 4515.757, "Actual Rows": 36604, "Actual Loops": 1, "Inner Unique": false, "Plans": [{"Node Type": "Index Scan", "Parent Relationship": "Outer", "Scan Direction": "Forward", "Index Name": "customer_pkey", "Relation Name": "customer", "Alias": "customer", "Startup Cost": 0.0, "Total Cost": 105140.36, "Plan Rows": 17500, "Plan Width": 32, "Actual Startup Time": 2004.451, "Actual Total Time": 3936.374, "Actual Rows": 109197, "Actual Loops": 1, "Filter": "((c_acctbal > $0) AND (\"substring\"((c_phone)::text, 1, 2) = ANY ('{20,40,22,30,39,42,21}'::text[])))", "Rows Removed by Filter": 1390803}, {"Node Type": "Index Only Scan", "Parent Relationship": "Inner", "Scan Direction": "Forward", "Index Name": "idx_orders_custkey", "Relation Name": "orders", "Alias": "orders", "Startup Cost": 0.0, "Total Cost": 3.79, "Plan Rows": 4, "Plan Width": 8, "Actual Startup Time": 476.552, "Actual Total Time": 476.552, "Actual Rows": 72593, "Actual Loops": 109197, "Index Cond": "(o_custkey = public.customer.c_custkey)", "Rows Removed by Index Recheck": 0, "Heap Fetches": 0}]}]}]}, "Triggers": [], "Planner Runtime": 0.761, "Total Runtime": 4538.756, "Unique SQL Id": 2798552886}}, "(16, 34)": {"explain_plan": {"Plan": {"Node Type": "Sort", "Startup Cost": 326543.88, "Total Cost": 326543.89, "Plan Rows": 1, "Plan Width": 40, "Sort Key": ["(\"substring\"((public.customer.c_phone)::text, 1, 2))"], "Plans": [{"Node Type": "Aggregate", "Strategy": "Plain", "Parent Relationship": "exec_init_plan", "Subplan Name": "InitPlan 1 (returns $0)", "Startup Cost": 76620.14, "Total Cost": 76620.15, "Plan Rows": 1, "Plan Width": 40, "Plans": [{"Node Type": "Seq Scan", "Parent Relationship": "Outer", "Relation Name": "customer", "Alias": "customer", "Startup Cost": 12.95, "Total Cost": 76501.0, "Plan Rows": 47655, "Plan Width": 8, "Filter": "((c_acctbal > 0::double precision) AND (\"substring\"((c_phone)::text, 1, 2) = ANY ('{20,40,22,30,39,42,21}'::text[])))"}]}, {"Node Type": "Aggregate", "Strategy": "Hashed", "Parent Relationship": "Outer", "Startup Cost": 249923.71, "Total Cost": 249923.72, "Plan Rows": 1, "Plan Width": 40, "Group By Key": ["\"substring\"((public.customer.c_phone)::text, 1, 2)"], "Plans": [{"Node Type": "Nested Loop", "Parent Relationship": "Outer", "Join Type": "Anti", "Startup Cost": 3.75, "Total Cost": 249923.7, "Plan Rows": 1, "Plan Width": 24, "Inner Unique": false, "Plans": [{"Node Type": "Seq Scan", "Parent Relationship": "Outer", "Relation Name": "customer", "Alias": "customer", "Startup Cost": 0.0, "Total Cost": 76501.0, "Plan Rows": 17500, "Plan Width": 32, "Filter": "((c_acctbal > $0) AND (\"substring\"((c_phone)::text, 1, 2) = ANY ('{20,40,22,30,39,42,21}'::text[])))"}, {"Node Type": "Bitmap Heap Scan", "Parent Relationship": "Inner", "Relation Name": "orders", "Alias": "orders", "Startup Cost": 3.75, "Total Cost": 19.76, "Plan Rows": 4, "Plan Width": 8, "Recheck Cond": "(o_custkey = public.customer.c_custkey)", "Plans": [{"Node Type": "Bitmap Index Scan", "Parent Relationship": "Outer", "Index Name": "idx_orders_custkey", "Startup Cost": 0.0, "Total Cost": 3.75, "Plan Rows": 4, "Plan Width": 0, "Index Cond": "(o_custkey = public.customer.c_custkey)"}]}]}]}]}, "Unique SQL Id": 2798552886}, "explain_analyze_plan": {"Plan": {"Node Type": "Sort", "Startup Cost": 326543.88, "Total Cost": 326543.89, "Plan Rows": 1, "Plan Width": 40, "Actual Startup Time": 4492.233, "Actual Total Time": 4492.235, "Actual Rows": 4, "Actual Loops": 1, "Sort Key": ["(\"substring\"((public.customer.c_phone)::text, 1, 2))"], "Sort Method": "quicksort", "Sort Space Used": 25, "Sort Space Type": "Memory", "Plans": [{"Node Type": "Aggregate", "Strategy": "Plain", "Parent Relationship": "exec_init_plan", "Subplan Name": "InitPlan 1 (returns $0)", "Startup Cost": 76620.14, "Total Cost": 76620.15, "Plan Rows": 1, "Plan Width": 40, "Actual Startup Time": 1991.263, "Actual Total Time": 1991.264, "Actual Rows": 1, "Actual Loops": 1, "Plans": [{"Node Type": "Seq Scan", "Parent Relationship": "Outer", "Relation Name": "customer", "Alias": "customer", "Startup Cost": 12.95, "Total Cost": 76501.0, "Plan Rows": 47655, "Plan Width": 8, "Actual Startup Time": 0.029, "Actual Total Time": 1896.473, "Actual Rows": 218121, "Actual Loops": 1, "Filter": "((c_acctbal > 0::double precision) AND (\"substring\"((c_phone)::text, 1, 2) = ANY ('{20,40,22,30,39,42,21}'::text[])))", "Rows Removed by Filter": 1281879}]}, {"Node Type": "Aggregate", "Strategy": "Hashed", "Parent Relationship": "Outer", "Startup Cost": 249923.71, "Total Cost": 249923.72, "Plan Rows": 1, "Plan Width": 40, "Actual Startup Time": 4492.108, "Actual Total Time": 4492.121, "Actual Rows": 4, "Actual Loops": 1, "Group By Key": ["\"substring\"((public.customer.c_phone)::text, 1, 2)"], "Plans": [{"Node Type": "Nested Loop", "Parent Relationship": "Outer", "Join Type": "Anti", "Startup Cost": 3.75, "Total Cost": 249923.7, "Plan Rows": 1, "Plan Width": 24, "Actual Startup Time": 1991.407, "Actual Total Time": 4465.33, "Actual Rows": 36604, "Actual Loops": 1, "Inner Unique": false, "Plans": [{"Node Type": "Seq Scan", "Parent Relationship": "Outer", "Relation Name": "customer", "Alias": "customer", "Startup Cost": 0.0, "Total Cost": 76501.0, "Plan Rows": 17500, "Plan Width": 32, "Actual Startup Time": 1991.334, "Actual Total Time": 3313.189, "Actual Rows": 109197, "Actual Loops": 1, "Filter": "((c_acctbal > $0) AND (\"substring\"((c_phone)::text, 1, 2) = ANY ('{20,40,22,30,39,42,21}'::text[])))", "Rows Removed by Filter": 1390803}, {"Node Type": "Bitmap Heap Scan", "Parent Relationship": "Inner", "Relation Name": "orders", "Alias": "orders", "Startup Cost": 3.75, "Total Cost": 19.76, "Plan Rows": 4, "Plan Width": 8, "Actual Startup Time": 965.354, "Actual Total Time": 965.354, "Actual Rows": 72593, "Actual Loops": 109197, "Recheck Cond": "(o_custkey = public.customer.c_custkey)", "Rows Removed by Index Recheck": 0, "Exact Heap Blocks": 72593, "Lossy Heap Blocks": 72593, "Plans": [{"Node Type": "Bitmap Index Scan", "Parent Relationship": "Outer", "Index Name": "idx_orders_custkey", "Startup Cost": 0.0, "Total Cost": 3.75, "Plan Rows": 4, "Plan Width": 0, "Actual Startup Time": 601.574, "Actual Total Time": 601.574, "Actual Rows": 1091631, "Actual Loops": 109197, "Index Cond": "(o_custkey = public.customer.c_custkey)"}]}]}]}]}, "Triggers": [], "Planner Runtime": 0.755, "Total Runtime": 4492.429, "Unique SQL Id": 2798552886}}, "(16, 35)": {"explain_plan": {"Plan": {"Node Type": "Sort", "Startup Cost": 2000018337677.51, "Total Cost": 2000018337677.51, "Plan Rows": 1, "Plan Width": 40, "Sort Key": ["(\"substring\"((public.customer.c_phone)::text, 1, 2))"], "Plans": [{"Node Type": "Aggregate", "Strategy": "Plain", "Parent Relationship": "exec_init_plan", "Subplan Name": "InitPlan 1 (returns $0)", "Startup Cost": 1000007650219.14, "Total Cost": 1000007650219.15, "Plan Rows": 1, "Plan Width": 40, "Plans": [{"Node Type": "Seq Scan", "Parent Relationship": "Outer", "Relation Name": "customer", "Alias": "customer", "Startup Cost": 10000000012.75, "Total Cost": 1000007650100.0, "Plan Rows": 47655, "Plan Width": 8, "Filter": "((c_acctbal > 0::double precision) AND (\"substring\"((c_phone)::text, 1, 2) = ANY ('{20,40,22,30,39,42,21}'::text[])))"}]}, {"Node Type": "Aggregate", "Strategy": "Hashed", "Parent Relationship": "Outer", "Startup Cost": 1000010687458.33, "Total Cost": 1000010687458.35, "Plan Rows": 1, "Plan Width": 40, "Group By Key": ["\"substring\"((public.customer.c_phone)::text, 1, 2)"], "Plans": [{"Node Type": "Nested Loop", "Parent Relationship": "Outer", "Join Type": "Anti", "Startup Cost": 10000000003.75, "Total Cost": 1000010687458.32, "Plan Rows": 1, "Plan Width": 24, "Inner Unique": false, "Plans": [{"Node Type": "Index Scan", "Parent Relationship": "Outer", "Scan Direction": "Forward", "Index Name": "customer_pkey", "Relation Name": "customer", "Alias": "customer", "Startup Cost": 10000000000.0, "Total Cost": 1000010514035.62, "Plan Rows": 17500, "Plan Width": 32, "Filter": "((c_acctbal > $0) AND (\"substring\"((c_phone)::text, 1, 2) = ANY ('{20,40,22,30,39,42,21}'::text[])))"}, {"Node Type": "Bitmap Heap Scan", "Parent Relationship": "Inner", "Relation Name": "orders", "Alias": "orders", "Startup Cost": 3.75, "Total Cost": 19.76, "Plan Rows": 4, "Plan Width": 8, "Recheck Cond": "(o_custkey = public.customer.c_custkey)", "Plans": [{"Node Type": "Bitmap Index Scan", "Parent Relationship": "Outer", "Index Name": "idx_orders_custkey", "Startup Cost": 0.0, "Total Cost": 3.75, "Plan Rows": 4, "Plan Width": 0, "Index Cond": "(o_custkey = public.customer.c_custkey)"}]}]}]}]}, "Unique SQL Id": 2798552886}, "explain_analyze_plan": {"Plan": {"Node Type": "Sort", "Startup Cost": 2000018337677.51, "Total Cost": 2000018337677.51, "Plan Rows": 1, "Plan Width": 40, "Actual Startup Time": 5045.7, "Actual Total Time": 5045.7, "Actual Rows": 4, "Actual Loops": 1, "Sort Key": ["(\"substring\"((public.customer.c_phone)::text, 1, 2))"], "Sort Method": "quicksort", "Sort Space Used": 25, "Sort Space Type": "Memory", "Plans": [{"Node Type": "Aggregate", "Strategy": "Plain", "Parent Relationship": "exec_init_plan", "Subplan Name": "InitPlan 1 (returns $0)", "Startup Cost": 1000007650219.14, "Total Cost": 1000007650219.15, "Plan Rows": 1, "Plan Width": 40, "Actual Startup Time": 1994.893, "Actual Total Time": 1994.893, "Actual Rows": 1, "Actual Loops": 1, "Plans": [{"Node Type": "Seq Scan", "Parent Relationship": "Outer", "Relation Name": "customer", "Alias": "customer", "Startup Cost": 10000000012.75, "Total Cost": 1000007650100.0, "Plan Rows": 47655, "Plan Width": 8, "Actual Startup Time": 0.036, "Actual Total Time": 1899.86, "Actual Rows": 218121, "Actual Loops": 1, "Filter": "((c_acctbal > 0::double precision) AND (\"substring\"((c_phone)::text, 1, 2) = ANY ('{20,40,22,30,39,42,21}'::text[])))", "Rows Removed by Filter": 1281879}]}, {"Node Type": "Aggregate", "Strategy": "Hashed", "Parent Relationship": "Outer", "Startup Cost": 1000010687458.33, "Total Cost": 1000010687458.35, "Plan Rows": 1, "Plan Width": 40, "Actual Startup Time": 5045.657, "Actual Total Time": 5045.657, "Actual Rows": 4, "Actual Loops": 1, "Group By Key": ["\"substring\"((public.customer.c_phone)::text, 1, 2)"], "Plans": [{"Node Type": "Nested Loop", "Parent Relationship": "Outer", "Join Type": "Anti", "Startup Cost": 10000000003.75, "Total Cost": 1000010687458.32, "Plan Rows": 1, "Plan Width": 24, "Actual Startup Time": 1995.077, "Actual Total Time": 5019.031, "Actual Rows": 36604, "Actual Loops": 1, "Inner Unique": false, "Plans": [{"Node Type": "Index Scan", "Parent Relationship": "Outer", "Scan Direction": "Forward", "Index Name": "customer_pkey", "Relation Name": "customer", "Alias": "customer", "Startup Cost": 10000000000.0, "Total Cost": 1000010514035.62, "Plan Rows": 17500, "Plan Width": 32, "Actual Startup Time": 1995.001, "Actual Total Time": 3864.643, "Actual Rows": 109197, "Actual Loops": 1, "Filter": "((c_acctbal > $0) AND (\"substring\"((c_phone)::text, 1, 2) = ANY ('{20,40,22,30,39,42,21}'::text[])))", "Rows Removed by Filter": 1390803}, {"Node Type": "Bitmap Heap Scan", "Parent Relationship": "Inner", "Relation Name": "orders", "Alias": "orders", "Startup Cost": 3.75, "Total Cost": 19.76, "Plan Rows": 4, "Plan Width": 8, "Actual Startup Time": 963.288, "Actual Total Time": 963.288, "Actual Rows": 72593, "Actual Loops": 109197, "Recheck Cond": "(o_custkey = public.customer.c_custkey)", "Rows Removed by Index Recheck": 0, "Exact Heap Blocks": 72593, "Lossy Heap Blocks": 72593, "Plans": [{"Node Type": "Bitmap Index Scan", "Parent Relationship": "Outer", "Index Name": "idx_orders_custkey", "Startup Cost": 0.0, "Total Cost": 3.75, "Plan Rows": 4, "Plan Width": 0, "Actual Startup Time": 588.006, "Actual Total Time": 588.006, "Actual Rows": 1091631, "Actual Loops": 109197, "Index Cond": "(o_custkey = public.customer.c_custkey)"}]}]}]}]}, "Triggers": [], "Planner Runtime": 0.768, "Total Runtime": 5045.883, "Unique SQL Id": 2798552886}}, "(16, 36)": {"explain_plan": {"Plan": {"Node Type": "Sort", "Startup Cost": 274230.79, "Total Cost": 274230.8, "Plan Rows": 1, "Plan Width": 40, "Sort Key": ["(\"substring\"((public.customer.c_phone)::text, 1, 2))"], "Plans": [{"Node Type": "Aggregate", "Strategy": "Plain", "Parent Relationship": "exec_init_plan", "Subplan Name": "InitPlan 1 (returns $0)", "Startup Cost": 76620.14, "Total Cost": 76620.15, "Plan Rows": 1, "Plan Width": 40, "Plans": [{"Node Type": "Seq Scan", "Parent Relationship": "Outer", "Relation Name": "customer", "Alias": "customer", "Startup Cost": 12.95, "Total Cost": 76501.0, "Plan Rows": 47655, "Plan Width": 8, "Filter": "((c_acctbal > 0::double precision) AND (\"substring\"((c_phone)::text, 1, 2) = ANY ('{20,40,22,30,39,42,21}'::text[])))"}]}, {"Node Type": "Aggregate", "Strategy": "Hashed", "Parent Relationship": "Outer", "Startup Cost": 197610.62, "Total Cost": 197610.63, "Plan Rows": 1, "Plan Width": 40, "Group By Key": ["\"substring\"((public.customer.c_phone)::text, 1, 2)"], "Plans": [{"Node Type": "Nested Loop", "Parent Relationship": "Outer", "Join Type": "Anti", "Startup Cost": 0.0, "Total Cost": 197610.61, "Plan Rows": 1, "Plan Width": 24, "Inner Unique": false, "Plans": [{"Node Type": "Seq Scan", "Parent Relationship": "Outer", "Relation Name": "customer", "Alias": "customer", "Startup Cost": 0.0, "Total Cost": 76501.0, "Plan Rows": 17500, "Plan Width": 32, "Filter": "((c_acctbal > $0) AND (\"substring\"((c_phone)::text, 1, 2) = ANY ('{20,40,22,30,39,42,21}'::text[])))"}, {"Node Type": "Index Scan", "Parent Relationship": "Inner", "Scan Direction": "Forward", "Index Name": "idx_orders_custkey", "Relation Name": "orders", "Alias": "orders", "Startup Cost": 0.0, "Total Cost": 17.99, "Plan Rows": 4, "Plan Width": 8, "Index Cond": "(o_custkey = public.customer.c_custkey)"}]}]}]}, "Unique SQL Id": 2798552886}, "explain_analyze_plan": {"Plan": {"Node Type": "Sort", "Startup Cost": 274230.79, "Total Cost": 274230.8, "Plan Rows": 1, "Plan Width": 40, "Actual Startup Time": 4031.791, "Actual Total Time": 4031.792, "Actual Rows": 4, "Actual Loops": 1, "Sort Key": ["(\"substring\"((public.customer.c_phone)::text, 1, 2))"], "Sort Method": "quicksort", "Sort Space Used": 25, "Sort Space Type": "Memory", "Plans": [{"Node Type": "Aggregate", "Strategy": "Plain", "Parent Relationship": "exec_init_plan", "Subplan Name": "InitPlan 1 (returns $0)", "Startup Cost": 76620.14, "Total Cost": 76620.15, "Plan Rows": 1, "Plan Width": 40, "Actual Startup Time": 1993.693, "Actual Total Time": 1993.694, "Actual Rows": 1, "Actual Loops": 1, "Plans": [{"Node Type": "Seq Scan", "Parent Relationship": "Outer", "Relation Name": "customer", "Alias": "customer", "Startup Cost": 12.95, "Total Cost": 76501.0, "Plan Rows": 47655, "Plan Width": 8, "Actual Startup Time": 0.034, "Actual Total Time": 1897.714, "Actual Rows": 218121, "Actual Loops": 1, "Filter": "((c_acctbal > 0::double precision) AND (\"substring\"((c_phone)::text, 1, 2) = ANY ('{20,40,22,30,39,42,21}'::text[])))", "Rows Removed by Filter": 1281879}]}, {"Node Type": "Aggregate", "Strategy": "Hashed", "Parent Relationship": "Outer", "Startup Cost": 197610.62, "Total Cost": 197610.63, "Plan Rows": 1, "Plan Width": 40, "Actual Startup Time": 4031.76, "Actual Total Time": 4031.761, "Actual Rows": 4, "Actual Loops": 1, "Group By Key": ["\"substring\"((public.customer.c_phone)::text, 1, 2)"], "Plans": [{"Node Type": "Nested Loop", "Parent Relationship": "Outer", "Join Type": "Anti", "Startup Cost": 0.0, "Total Cost": 197610.61, "Plan Rows": 1, "Plan Width": 24, "Actual Startup Time": 1993.926, "Actual Total Time": 4008.675, "Actual Rows": 36604, "Actual Loops": 1, "Inner Unique": false, "Plans": [{"Node Type": "Seq Scan", "Parent Relationship": "Outer", "Relation Name": "customer", "Alias": "customer", "Startup Cost": 0.0, "Total Cost": 76501.0, "Plan Rows": 17500, "Plan Width": 32, "Actual Startup Time": 1993.871, "Actual Total Time": 3286.163, "Actual Rows": 109197, "Actual Loops": 1, "Filter": "((c_acctbal > $0) AND (\"substring\"((c_phone)::text, 1, 2) = ANY ('{20,40,22,30,39,42,21}'::text[])))", "Rows Removed by Filter": 1390803}, {"Node Type": "Index Scan", "Parent Relationship": "Inner", "Scan Direction": "Forward", "Index Name": "idx_orders_custkey", "Relation Name": "orders", "Alias": "orders", "Startup Cost": 0.0, "Total Cost": 17.99, "Plan Rows": 4, "Plan Width": 8, "Actual Startup Time": 615.26, "Actual Total Time": 615.26, "Actual Rows": 72593, "Actual Loops": 109197, "Index Cond": "(o_custkey = public.customer.c_custkey)", "Rows Removed by Index Recheck": 0}]}]}]}, "Triggers": [], "Planner Runtime": 0.724, "Total Runtime": 4031.974, "Unique SQL Id": 2798552886}}, "(16, 37)": {"explain_plan": {"Plan": {"Node Type": "Sort", "Startup Cost": 1000007876469.15, "Total Cost": 1000007876469.15, "Plan Rows": 1, "Plan Width": 40, "Sort Key": ["(\"substring\"((public.customer.c_phone)::text, 1, 2))"], "Plans": [{"Node Type": "Aggregate", "Strategy": "Plain", "Parent Relationship": "exec_init_plan", "Subplan Name": "InitPlan 1 (returns $0)", "Startup Cost": 1000007650219.14, "Total Cost": 1000007650219.15, "Plan Rows": 1, "Plan Width": 40, "Plans": [{"Node Type": "Seq Scan", "Parent Relationship": "Outer", "Relation Name": "customer", "Alias": "customer", "Startup Cost": 10000000012.75, "Total Cost": 1000007650100.0, "Plan Rows": 47655, "Plan Width": 8, "Filter": "((c_acctbal > 0::double precision) AND (\"substring\"((c_phone)::text, 1, 2) = ANY ('{20,40,22,30,39,42,21}'::text[])))"}]}, {"Node Type": "Aggregate", "Strategy": "Hashed", "Parent Relationship": "Outer", "Startup Cost": 226249.97, "Total Cost": 226249.99, "Plan Rows": 1, "Plan Width": 40, "Group By Key": ["\"substring\"((public.customer.c_phone)::text, 1, 2)"], "Plans": [{"Node Type": "Nested Loop", "Parent Relationship": "Outer", "Join Type": "Anti", "Startup Cost": 0.0, "Total Cost": 226249.97, "Plan Rows": 1, "Plan Width": 24, "Inner Unique": false, "Plans": [{"Node Type": "Index Scan", "Parent Relationship": "Outer", "Scan Direction": "Forward", "Index Name": "customer_pkey", "Relation Name": "customer", "Alias": "customer", "Startup Cost": 0.0, "Total Cost": 105140.36, "Plan Rows": 17500, "Plan Width": 32, "Filter": "((c_acctbal > $0) AND (\"substring\"((c_phone)::text, 1, 2) = ANY ('{20,40,22,30,39,42,21}'::text[])))"}, {"Node Type": "Index Scan", "Parent Relationship": "Inner", "Scan Direction": "Forward", "Index Name": "idx_orders_custkey", "Relation Name": "orders", "Alias": "orders", "Startup Cost": 0.0, "Total Cost": 17.99, "Plan Rows": 4, "Plan Width": 8, "Index Cond": "(o_custkey = public.customer.c_custkey)"}]}]}]}, "Unique SQL Id": 2798552886}, "explain_analyze_plan": {"Plan": {"Node Type": "Sort", "Startup Cost": 1000007876469.15, "Total Cost": 1000007876469.15, "Plan Rows": 1, "Plan Width": 40, "Actual Startup Time": 4555.194, "Actual Total Time": 4555.195, "Actual Rows": 4, "Actual Loops": 1, "Sort Key": ["(\"substring\"((public.customer.c_phone)::text, 1, 2))"], "Sort Method": "quicksort", "Sort Space Used": 25, "Sort Space Type": "Memory", "Plans": [{"Node Type": "Aggregate", "Strategy": "Plain", "Parent Relationship": "exec_init_plan", "Subplan Name": "InitPlan 1 (returns $0)", "Startup Cost": 1000007650219.14, "Total Cost": 1000007650219.15, "Plan Rows": 1, "Plan Width": 40, "Actual Startup Time": 2007.503, "Actual Total Time": 2007.503, "Actual Rows": 1, "Actual Loops": 1, "Plans": [{"Node Type": "Seq Scan", "Parent Relationship": "Outer", "Relation Name": "customer", "Alias": "customer", "Startup Cost": 10000000012.75, "Total Cost": 1000007650100.0, "Plan Rows": 47655, "Plan Width": 8, "Actual Startup Time": 0.039, "Actual Total Time": 1912.456, "Actual Rows": 218121, "Actual Loops": 1, "Filter": "((c_acctbal > 0::double precision) AND (\"substring\"((c_phone)::text, 1, 2) = ANY ('{20,40,22,30,39,42,21}'::text[])))", "Rows Removed by Filter": 1281879}]}, {"Node Type": "Aggregate", "Strategy": "Hashed", "Parent Relationship": "Outer", "Startup Cost": 226249.97, "Total Cost": 226249.99, "Plan Rows": 1, "Plan Width": 40, "Actual Startup Time": 4555.155, "Actual Total Time": 4555.158, "Actual Rows": 4, "Actual Loops": 1, "Group By Key": ["\"substring\"((public.customer.c_phone)::text, 1, 2)"], "Plans": [{"Node Type": "Nested Loop", "Parent Relationship": "Outer", "Join Type": "Anti", "Startup Cost": 0.0, "Total Cost": 226249.97, "Plan Rows": 1, "Plan Width": 24, "Actual Startup Time": 2007.614, "Actual Total Time": 4531.932, "Actual Rows": 36604, "Actual Loops": 1, "Inner Unique": false, "Plans": [{"Node Type": "Index Scan", "Parent Relationship": "Outer", "Scan Direction": "Forward", "Index Name": "customer_pkey", "Relation Name": "customer", "Alias": "customer", "Startup Cost": 0.0, "Total Cost": 105140.36, "Plan Rows": 17500, "Plan Width": 32, "Actual Startup Time": 2007.576, "Actual Total Time": 3796.184, "Actual Rows": 109197, "Actual Loops": 1, "Filter": "((c_acctbal > $0) AND (\"substring\"((c_phone)::text, 1, 2) = ANY ('{20,40,22,30,39,42,21}'::text[])))", "Rows Removed by Filter": 1390803}, {"Node Type": "Index Scan", "Parent Relationship": "Inner", "Scan Direction": "Forward", "Index Name": "idx_orders_custkey", "Relation Name": "orders", "Alias": "orders", "Startup Cost": 0.0, "Total Cost": 17.99, "Plan Rows": 4, "Plan Width": 8, "Actual Startup Time": 628.013, "Actual Total Time": 628.013, "Actual Rows": 72593, "Actual Loops": 109197, "Index Cond": "(o_custkey = public.customer.c_custkey)", "Rows Removed by Index Recheck": 0}]}]}]}, "Triggers": [], "Planner Runtime": 0.762, "Total Runtime": 4555.366, "Unique SQL Id": 2798552886}}, "(16, 38)": {"explain_plan": {"Plan": {"Node Type": "Sort", "Startup Cost": 326543.88, "Total Cost": 326543.89, "Plan Rows": 1, "Plan Width": 40, "Sort Key": ["(\"substring\"((public.customer.c_phone)::text, 1, 2))"], "Plans": [{"Node Type": "Aggregate", "Strategy": "Plain", "Parent Relationship": "exec_init_plan", "Subplan Name": "InitPlan 1 (returns $0)", "Startup Cost": 76620.14, "Total Cost": 76620.15, "Plan Rows": 1, "Plan Width": 40, "Plans": [{"Node Type": "Seq Scan", "Parent Relationship": "Outer", "Relation Name": "customer", "Alias": "customer", "Startup Cost": 12.95, "Total Cost": 76501.0, "Plan Rows": 47655, "Plan Width": 8, "Filter": "((c_acctbal > 0::double precision) AND (\"substring\"((c_phone)::text, 1, 2) = ANY ('{20,40,22,30,39,42,21}'::text[])))"}]}, {"Node Type": "Aggregate", "Strategy": "Hashed", "Parent Relationship": "Outer", "Startup Cost": 249923.71, "Total Cost": 249923.72, "Plan Rows": 1, "Plan Width": 40, "Group By Key": ["\"substring\"((public.customer.c_phone)::text, 1, 2)"], "Plans": [{"Node Type": "Nested Loop", "Parent Relationship": "Outer", "Join Type": "Anti", "Startup Cost": 3.75, "Total Cost": 249923.7, "Plan Rows": 1, "Plan Width": 24, "Inner Unique": false, "Plans": [{"Node Type": "Seq Scan", "Parent Relationship": "Outer", "Relation Name": "customer", "Alias": "customer", "Startup Cost": 0.0, "Total Cost": 76501.0, "Plan Rows": 17500, "Plan Width": 32, "Filter": "((c_acctbal > $0) AND (\"substring\"((c_phone)::text, 1, 2) = ANY ('{20,40,22,30,39,42,21}'::text[])))"}, {"Node Type": "Bitmap Heap Scan", "Parent Relationship": "Inner", "Relation Name": "orders", "Alias": "orders", "Startup Cost": 3.75, "Total Cost": 19.76, "Plan Rows": 4, "Plan Width": 8, "Recheck Cond": "(o_custkey = public.customer.c_custkey)", "Plans": [{"Node Type": "Bitmap Index Scan", "Parent Relationship": "Outer", "Index Name": "idx_orders_custkey", "Startup Cost": 0.0, "Total Cost": 3.75, "Plan Rows": 4, "Plan Width": 0, "Index Cond": "(o_custkey = public.customer.c_custkey)"}]}]}]}]}, "Unique SQL Id": 2798552886}, "explain_analyze_plan": {"Plan": {"Node Type": "Sort", "Startup Cost": 326543.88, "Total Cost": 326543.89, "Plan Rows": 1, "Plan Width": 40, "Actual Startup Time": 4492.233, "Actual Total Time": 4492.235, "Actual Rows": 4, "Actual Loops": 1, "Sort Key": ["(\"substring\"((public.customer.c_phone)::text, 1, 2))"], "Sort Method": "quicksort", "Sort Space Used": 25, "Sort Space Type": "Memory", "Plans": [{"Node Type": "Aggregate", "Strategy": "Plain", "Parent Relationship": "exec_init_plan", "Subplan Name": "InitPlan 1 (returns $0)", "Startup Cost": 76620.14, "Total Cost": 76620.15, "Plan Rows": 1, "Plan Width": 40, "Actual Startup Time": 1991.263, "Actual Total Time": 1991.264, "Actual Rows": 1, "Actual Loops": 1, "Plans": [{"Node Type": "Seq Scan", "Parent Relationship": "Outer", "Relation Name": "customer", "Alias": "customer", "Startup Cost": 12.95, "Total Cost": 76501.0, "Plan Rows": 47655, "Plan Width": 8, "Actual Startup Time": 0.029, "Actual Total Time": 1896.473, "Actual Rows": 218121, "Actual Loops": 1, "Filter": "((c_acctbal > 0::double precision) AND (\"substring\"((c_phone)::text, 1, 2) = ANY ('{20,40,22,30,39,42,21}'::text[])))", "Rows Removed by Filter": 1281879}]}, {"Node Type": "Aggregate", "Strategy": "Hashed", "Parent Relationship": "Outer", "Startup Cost": 249923.71, "Total Cost": 249923.72, "Plan Rows": 1, "Plan Width": 40, "Actual Startup Time": 4492.108, "Actual Total Time": 4492.121, "Actual Rows": 4, "Actual Loops": 1, "Group By Key": ["\"substring\"((public.customer.c_phone)::text, 1, 2)"], "Plans": [{"Node Type": "Nested Loop", "Parent Relationship": "Outer", "Join Type": "Anti", "Startup Cost": 3.75, "Total Cost": 249923.7, "Plan Rows": 1, "Plan Width": 24, "Actual Startup Time": 1991.407, "Actual Total Time": 4465.33, "Actual Rows": 36604, "Actual Loops": 1, "Inner Unique": false, "Plans": [{"Node Type": "Seq Scan", "Parent Relationship": "Outer", "Relation Name": "customer", "Alias": "customer", "Startup Cost": 0.0, "Total Cost": 76501.0, "Plan Rows": 17500, "Plan Width": 32, "Actual Startup Time": 1991.334, "Actual Total Time": 3313.189, "Actual Rows": 109197, "Actual Loops": 1, "Filter": "((c_acctbal > $0) AND (\"substring\"((c_phone)::text, 1, 2) = ANY ('{20,40,22,30,39,42,21}'::text[])))", "Rows Removed by Filter": 1390803}, {"Node Type": "Bitmap Heap Scan", "Parent Relationship": "Inner", "Relation Name": "orders", "Alias": "orders", "Startup Cost": 3.75, "Total Cost": 19.76, "Plan Rows": 4, "Plan Width": 8, "Actual Startup Time": 965.354, "Actual Total Time": 965.354, "Actual Rows": 72593, "Actual Loops": 109197, "Recheck Cond": "(o_custkey = public.customer.c_custkey)", "Rows Removed by Index Recheck": 0, "Exact Heap Blocks": 72593, "Lossy Heap Blocks": 72593, "Plans": [{"Node Type": "Bitmap Index Scan", "Parent Relationship": "Outer", "Index Name": "idx_orders_custkey", "Startup Cost": 0.0, "Total Cost": 3.75, "Plan Rows": 4, "Plan Width": 0, "Actual Startup Time": 601.574, "Actual Total Time": 601.574, "Actual Rows": 1091631, "Actual Loops": 109197, "Index Cond": "(o_custkey = public.customer.c_custkey)"}]}]}]}]}, "Triggers": [], "Planner Runtime": 0.755, "Total Runtime": 4492.429, "Unique SQL Id": 2798552886}}, "(16, 39)": {"explain_plan": {"Plan": {"Node Type": "Sort", "Startup Cost": 2000018337677.51, "Total Cost": 2000018337677.51, "Plan Rows": 1, "Plan Width": 40, "Sort Key": ["(\"substring\"((public.customer.c_phone)::text, 1, 2))"], "Plans": [{"Node Type": "Aggregate", "Strategy": "Plain", "Parent Relationship": "exec_init_plan", "Subplan Name": "InitPlan 1 (returns $0)", "Startup Cost": 1000007650219.14, "Total Cost": 1000007650219.15, "Plan Rows": 1, "Plan Width": 40, "Plans": [{"Node Type": "Seq Scan", "Parent Relationship": "Outer", "Relation Name": "customer", "Alias": "customer", "Startup Cost": 10000000012.75, "Total Cost": 1000007650100.0, "Plan Rows": 47655, "Plan Width": 8, "Filter": "((c_acctbal > 0::double precision) AND (\"substring\"((c_phone)::text, 1, 2) = ANY ('{20,40,22,30,39,42,21}'::text[])))"}]}, {"Node Type": "Aggregate", "Strategy": "Hashed", "Parent Relationship": "Outer", "Startup Cost": 1000010687458.33, "Total Cost": 1000010687458.35, "Plan Rows": 1, "Plan Width": 40, "Group By Key": ["\"substring\"((public.customer.c_phone)::text, 1, 2)"], "Plans": [{"Node Type": "Nested Loop", "Parent Relationship": "Outer", "Join Type": "Anti", "Startup Cost": 10000000003.75, "Total Cost": 1000010687458.32, "Plan Rows": 1, "Plan Width": 24, "Inner Unique": false, "Plans": [{"Node Type": "Index Scan", "Parent Relationship": "Outer", "Scan Direction": "Forward", "Index Name": "customer_pkey", "Relation Name": "customer", "Alias": "customer", "Startup Cost": 10000000000.0, "Total Cost": 1000010514035.62, "Plan Rows": 17500, "Plan Width": 32, "Filter": "((c_acctbal > $0) AND (\"substring\"((c_phone)::text, 1, 2) = ANY ('{20,40,22,30,39,42,21}'::text[])))"}, {"Node Type": "Bitmap Heap Scan", "Parent Relationship": "Inner", "Relation Name": "orders", "Alias": "orders", "Startup Cost": 3.75, "Total Cost": 19.76, "Plan Rows": 4, "Plan Width": 8, "Recheck Cond": "(o_custkey = public.customer.c_custkey)", "Plans": [{"Node Type": "Bitmap Index Scan", "Parent Relationship": "Outer", "Index Name": "idx_orders_custkey", "Startup Cost": 0.0, "Total Cost": 3.75, "Plan Rows": 4, "Plan Width": 0, "Index Cond": "(o_custkey = public.customer.c_custkey)"}]}]}]}]}, "Unique SQL Id": 2798552886}, "explain_analyze_plan": {"Plan": {"Node Type": "Sort", "Startup Cost": 2000018337677.51, "Total Cost": 2000018337677.51, "Plan Rows": 1, "Plan Width": 40, "Actual Startup Time": 5045.7, "Actual Total Time": 5045.7, "Actual Rows": 4, "Actual Loops": 1, "Sort Key": ["(\"substring\"((public.customer.c_phone)::text, 1, 2))"], "Sort Method": "quicksort", "Sort Space Used": 25, "Sort Space Type": "Memory", "Plans": [{"Node Type": "Aggregate", "Strategy": "Plain", "Parent Relationship": "exec_init_plan", "Subplan Name": "InitPlan 1 (returns $0)", "Startup Cost": 1000007650219.14, "Total Cost": 1000007650219.15, "Plan Rows": 1, "Plan Width": 40, "Actual Startup Time": 1994.893, "Actual Total Time": 1994.893, "Actual Rows": 1, "Actual Loops": 1, "Plans": [{"Node Type": "Seq Scan", "Parent Relationship": "Outer", "Relation Name": "customer", "Alias": "customer", "Startup Cost": 10000000012.75, "Total Cost": 1000007650100.0, "Plan Rows": 47655, "Plan Width": 8, "Actual Startup Time": 0.036, "Actual Total Time": 1899.86, "Actual Rows": 218121, "Actual Loops": 1, "Filter": "((c_acctbal > 0::double precision) AND (\"substring\"((c_phone)::text, 1, 2) = ANY ('{20,40,22,30,39,42,21}'::text[])))", "Rows Removed by Filter": 1281879}]}, {"Node Type": "Aggregate", "Strategy": "Hashed", "Parent Relationship": "Outer", "Startup Cost": 1000010687458.33, "Total Cost": 1000010687458.35, "Plan Rows": 1, "Plan Width": 40, "Actual Startup Time": 5045.657, "Actual Total Time": 5045.657, "Actual Rows": 4, "Actual Loops": 1, "Group By Key": ["\"substring\"((public.customer.c_phone)::text, 1, 2)"], "Plans": [{"Node Type": "Nested Loop", "Parent Relationship": "Outer", "Join Type": "Anti", "Startup Cost": 10000000003.75, "Total Cost": 1000010687458.32, "Plan Rows": 1, "Plan Width": 24, "Actual Startup Time": 1995.077, "Actual Total Time": 5019.031, "Actual Rows": 36604, "Actual Loops": 1, "Inner Unique": false, "Plans": [{"Node Type": "Index Scan", "Parent Relationship": "Outer", "Scan Direction": "Forward", "Index Name": "customer_pkey", "Relation Name": "customer", "Alias": "customer", "Startup Cost": 10000000000.0, "Total Cost": 1000010514035.62, "Plan Rows": 17500, "Plan Width": 32, "Actual Startup Time": 1995.001, "Actual Total Time": 3864.643, "Actual Rows": 109197, "Actual Loops": 1, "Filter": "((c_acctbal > $0) AND (\"substring\"((c_phone)::text, 1, 2) = ANY ('{20,40,22,30,39,42,21}'::text[])))", "Rows Removed by Filter": 1390803}, {"Node Type": "Bitmap Heap Scan", "Parent Relationship": "Inner", "Relation Name": "orders", "Alias": "orders", "Startup Cost": 3.75, "Total Cost": 19.76, "Plan Rows": 4, "Plan Width": 8, "Actual Startup Time": 963.288, "Actual Total Time": 963.288, "Actual Rows": 72593, "Actual Loops": 109197, "Recheck Cond": "(o_custkey = public.customer.c_custkey)", "Rows Removed by Index Recheck": 0, "Exact Heap Blocks": 72593, "Lossy Heap Blocks": 72593, "Plans": [{"Node Type": "Bitmap Index Scan", "Parent Relationship": "Outer", "Index Name": "idx_orders_custkey", "Startup Cost": 0.0, "Total Cost": 3.75, "Plan Rows": 4, "Plan Width": 0, "Actual Startup Time": 588.006, "Actual Total Time": 588.006, "Actual Rows": 1091631, "Actual Loops": 109197, "Index Cond": "(o_custkey = public.customer.c_custkey)"}]}]}]}]}, "Triggers": [], "Planner Runtime": 0.768, "Total Runtime": 5045.883, "Unique SQL Id": 2798552886}}, "(16, 40)": {"explain_plan": {"Plan": {"Node Type": "Sort", "Startup Cost": 178853.67, "Total Cost": 178853.67, "Plan Rows": 1, "Plan Width": 40, "Sort Key": ["(\"substring\"((public.customer.c_phone)::text, 1, 2))"], "Plans": [{"Node Type": "Aggregate", "Strategy": "Plain", "Parent Relationship": "exec_init_plan", "Subplan Name": "InitPlan 1 (returns $0)", "Startup Cost": 76620.14, "Total Cost": 76620.15, "Plan Rows": 1, "Plan Width": 40, "Plans": [{"Node Type": "Seq Scan", "Parent Relationship": "Outer", "Relation Name": "customer", "Alias": "customer", "Startup Cost": 12.95, "Total Cost": 76501.0, "Plan Rows": 47655, "Plan Width": 8, "Filter": "((c_acctbal > 0::double precision) AND (\"substring\"((c_phone)::text, 1, 2) = ANY ('{20,40,22,30,39,42,21}'::text[])))"}]}, {"Node Type": "Aggregate", "Strategy": "Hashed", "Parent Relationship": "Outer", "Startup Cost": 102233.49, "Total Cost": 102233.51, "Plan Rows": 1, "Plan Width": 40, "Group By Key": ["\"substring\"((public.customer.c_phone)::text, 1, 2)"], "Plans": [{"Node Type": "Nested Loop", "Parent Relationship": "Outer", "Join Type": "Anti", "Startup Cost": 0.0, "Total Cost": 102233.49, "Plan Rows": 1, "Plan Width": 24, "Inner Unique": false, "Plans": [{"Node Type": "Seq Scan", "Parent Relationship": "Outer", "Relation Name": "customer", "Alias": "customer", "Startup Cost": 0.0, "Total Cost": 76501.0, "Plan Rows": 17500, "Plan Width": 32, "Filter": "((c_acctbal > $0) AND (\"substring\"((c_phone)::text, 1, 2) = ANY ('{20,40,22,30,39,42,21}'::text[])))"}, {"Node Type": "Index Only Scan", "Parent Relationship": "Inner", "Scan Direction": "Forward", "Index Name": "idx_orders_custkey", "Relation Name": "orders", "Alias": "orders", "Startup Cost": 0.0, "Total Cost": 3.79, "Plan Rows": 4, "Plan Width": 8, "Index Cond": "(o_custkey = public.customer.c_custkey)"}]}]}]}, "Unique SQL Id": 2798552886}, "explain_analyze_plan": {"Plan": {"Node Type": "Sort", "Startup Cost": 178853.67, "Total Cost": 178853.67, "Plan Rows": 1, "Plan Width": 40, "Actual Startup Time": 3898.225, "Actual Total Time": 3898.226, "Actual Rows": 4, "Actual Loops": 1, "Sort Key": ["(\"substring\"((public.customer.c_phone)::text, 1, 2))"], "Sort Method": "quicksort", "Sort Space Used": 25, "Sort Space Type": "Memory", "Plans": [{"Node Type": "Aggregate", "Strategy": "Plain", "Parent Relationship": "exec_init_plan", "Subplan Name": "InitPlan 1 (returns $0)", "Startup Cost": 76620.14, "Total Cost": 76620.15, "Plan Rows": 1, "Plan Width": 40, "Actual Startup Time": 1993.797, "Actual Total Time": 1993.797, "Actual Rows": 1, "Actual Loops": 1, "Plans": [{"Node Type": "Seq Scan", "Parent Relationship": "Outer", "Relation Name": "customer", "Alias": "customer", "Startup Cost": 12.95, "Total Cost": 76501.0, "Plan Rows": 47655, "Plan Width": 8, "Actual Startup Time": 0.028, "Actual Total Time": 1898.824, "Actual Rows": 218121, "Actual Loops": 1, "Filter": "((c_acctbal > 0::double precision) AND (\"substring\"((c_phone)::text, 1, 2) = ANY ('{20,40,22,30,39,42,21}'::text[])))", "Rows Removed by Filter": 1281879}]}, {"Node Type": "Aggregate", "Strategy": "Hashed", "Parent Relationship": "Outer", "Startup Cost": 102233.49, "Total Cost": 102233.51, "Plan Rows": 1, "Plan Width": 40, "Actual Startup Time": 3898.192, "Actual Total Time": 3898.195, "Actual Rows": 4, "Actual Loops": 1, "Group By Key": ["\"substring\"((public.customer.c_phone)::text, 1, 2)"], "Plans": [{"Node Type": "Nested Loop", "Parent Relationship": "Outer", "Join Type": "Anti", "Startup Cost": 0.0, "Total Cost": 102233.49, "Plan Rows": 1, "Plan Width": 24, "Actual Startup Time": 1994.027, "Actual Total Time": 3875.509, "Actual Rows": 36604, "Actual Loops": 1, "Inner Unique": false, "Plans": [{"Node Type": "Seq Scan", "Parent Relationship": "Outer", "Relation Name": "customer", "Alias": "customer", "Startup Cost": 0.0, "Total Cost": 76501.0, "Plan Rows": 17500, "Plan Width": 32, "Actual Startup Time": 1993.955, "Actual Total Time": 3288.893, "Actual Rows": 109197, "Actual Loops": 1, "Filter": "((c_acctbal > $0) AND (\"substring\"((c_phone)::text, 1, 2) = ANY ('{20,40,22,30,39,42,21}'::text[])))", "Rows Removed by Filter": 1390803}, {"Node Type": "Index Only Scan", "Parent Relationship": "Inner", "Scan Direction": "Forward", "Index Name": "idx_orders_custkey", "Relation Name": "orders", "Alias": "orders", "Startup Cost": 0.0, "Total Cost": 3.79, "Plan Rows": 4, "Plan Width": 8, "Actual Startup Time": 484.426, "Actual Total Time": 484.426, "Actual Rows": 72593, "Actual Loops": 109197, "Index Cond": "(o_custkey = public.customer.c_custkey)", "Rows Removed by Index Recheck": 0, "Heap Fetches": 0}]}]}]}, "Triggers": [], "Planner Runtime": 0.759, "Total Runtime": 3898.474, "Unique SQL Id": 2798552886}}, "(16, 41)": {"explain_plan": {"Plan": {"Node Type": "Sort", "Startup Cost": 1000007781092.03, "Total Cost": 1000007781092.03, "Plan Rows": 1, "Plan Width": 40, "Sort Key": ["(\"substring\"((public.customer.c_phone)::text, 1, 2))"], "Plans": [{"Node Type": "Aggregate", "Strategy": "Plain", "Parent Relationship": "exec_init_plan", "Subplan Name": "InitPlan 1 (returns $0)", "Startup Cost": 1000007650219.14, "Total Cost": 1000007650219.15, "Plan Rows": 1, "Plan Width": 40, "Plans": [{"Node Type": "Seq Scan", "Parent Relationship": "Outer", "Relation Name": "customer", "Alias": "customer", "Startup Cost": 10000000012.75, "Total Cost": 1000007650100.0, "Plan Rows": 47655, "Plan Width": 8, "Filter": "((c_acctbal > 0::double precision) AND (\"substring\"((c_phone)::text, 1, 2) = ANY ('{20,40,22,30,39,42,21}'::text[])))"}]}, {"Node Type": "Aggregate", "Strategy": "Hashed", "Parent Relationship": "Outer", "Startup Cost": 130872.85, "Total Cost": 130872.87, "Plan Rows": 1, "Plan Width": 40, "Group By Key": ["\"substring\"((public.customer.c_phone)::text, 1, 2)"], "Plans": [{"Node Type": "Nested Loop", "Parent Relationship": "Outer", "Join Type": "Anti", "Startup Cost": 0.0, "Total Cost": 130872.84, "Plan Rows": 1, "Plan Width": 24, "Inner Unique": false, "Plans": [{"Node Type": "Index Scan", "Parent Relationship": "Outer", "Scan Direction": "Forward", "Index Name": "customer_pkey", "Relation Name": "customer", "Alias": "customer", "Startup Cost": 0.0, "Total Cost": 105140.36, "Plan Rows": 17500, "Plan Width": 32, "Filter": "((c_acctbal > $0) AND (\"substring\"((c_phone)::text, 1, 2) = ANY ('{20,40,22,30,39,42,21}'::text[])))"}, {"Node Type": "Index Only Scan", "Parent Relationship": "Inner", "Scan Direction": "Forward", "Index Name": "idx_orders_custkey", "Relation Name": "orders", "Alias": "orders", "Startup Cost": 0.0, "Total Cost": 3.79, "Plan Rows": 4, "Plan Width": 8, "Index Cond": "(o_custkey = public.customer.c_custkey)"}]}]}]}, "Unique SQL Id": 2798552886}, "explain_analyze_plan": {"Plan": {"Node Type": "Sort", "Startup Cost": 1000007781092.03, "Total Cost": 1000007781092.03, "Plan Rows": 1, "Plan Width": 40, "Actual Startup Time": 4538.566, "Actual Total Time": 4538.567, "Actual Rows": 4, "Actual Loops": 1, "Sort Key": ["(\"substring\"((public.customer.c_phone)::text, 1, 2))"], "Sort Method": "quicksort", "Sort Space Used": 25, "Sort Space Type": "Memory", "Plans": [{"Node Type": "Aggregate", "Strategy": "Plain", "Parent Relationship": "exec_init_plan", "Subplan Name": "InitPlan 1 (returns $0)", "Startup Cost": 1000007650219.14, "Total Cost": 1000007650219.15, "Plan Rows": 1, "Plan Width": 40, "Actual Startup Time": 2004.286, "Actual Total Time": 2004.287, "Actual Rows": 1, "Actual Loops": 1, "Plans": [{"Node Type": "Seq Scan", "Parent Relationship": "Outer", "Relation Name": "customer", "Alias": "customer", "Startup Cost": 10000000012.75, "Total Cost": 1000007650100.0, "Plan Rows": 47655, "Plan Width": 8, "Actual Startup Time": 0.036, "Actual Total Time": 1908.298, "Actual Rows": 218121, "Actual Loops": 1, "Filter": "((c_acctbal > 0::double precision) AND (\"substring\"((c_phone)::text, 1, 2) = ANY ('{20,40,22,30,39,42,21}'::text[])))", "Rows Removed by Filter": 1281879}]}, {"Node Type": "Aggregate", "Strategy": "Hashed", "Parent Relationship": "Outer", "Startup Cost": 130872.85, "Total Cost": 130872.87, "Plan Rows": 1, "Plan Width": 40, "Actual Startup Time": 4538.513, "Actual Total Time": 4538.515, "Actual Rows": 4, "Actual Loops": 1, "Group By Key": ["\"substring\"((public.customer.c_phone)::text, 1, 2)"], "Plans": [{"Node Type": "Nested Loop", "Parent Relationship": "Outer", "Join Type": "Anti", "Startup Cost": 0.0, "Total Cost": 130872.84, "Plan Rows": 1, "Plan Width": 24, "Actual Startup Time": 2004.513, "Actual Total Time": 4515.757, "Actual Rows": 36604, "Actual Loops": 1, "Inner Unique": false, "Plans": [{"Node Type": "Index Scan", "Parent Relationship": "Outer", "Scan Direction": "Forward", "Index Name": "customer_pkey", "Relation Name": "customer", "Alias": "customer", "Startup Cost": 0.0, "Total Cost": 105140.36, "Plan Rows": 17500, "Plan Width": 32, "Actual Startup Time": 2004.451, "Actual Total Time": 3936.374, "Actual Rows": 109197, "Actual Loops": 1, "Filter": "((c_acctbal > $0) AND (\"substring\"((c_phone)::text, 1, 2) = ANY ('{20,40,22,30,39,42,21}'::text[])))", "Rows Removed by Filter": 1390803}, {"Node Type": "Index Only Scan", "Parent Relationship": "Inner", "Scan Direction": "Forward", "Index Name": "idx_orders_custkey", "Relation Name": "orders", "Alias": "orders", "Startup Cost": 0.0, "Total Cost": 3.79, "Plan Rows": 4, "Plan Width": 8, "Actual Startup Time": 476.552, "Actual Total Time": 476.552, "Actual Rows": 72593, "Actual Loops": 109197, "Index Cond": "(o_custkey = public.customer.c_custkey)", "Rows Removed by Index Recheck": 0, "Heap Fetches": 0}]}]}]}, "Triggers": [], "Planner Runtime": 0.761, "Total Runtime": 4538.756, "Unique SQL Id": 2798552886}}, "(16, 42)": {"explain_plan": {"Plan": {"Node Type": "Sort", "Startup Cost": 639751.64, "Total Cost": 639751.65, "Plan Rows": 1, "Plan Width": 40, "Sort Key": ["(\"substring\"((public.customer.c_phone)::text, 1, 2))"], "Plans": [{"Node Type": "Aggregate", "Strategy": "Plain", "Parent Relationship": "exec_init_plan", "Subplan Name": "InitPlan 1 (returns $0)", "Startup Cost": 76620.14, "Total Cost": 76620.15, "Plan Rows": 1, "Plan Width": 40, "Plans": [{"Node Type": "Seq Scan", "Parent Relationship": "Outer", "Relation Name": "customer", "Alias": "customer", "Startup Cost": 12.95, "Total Cost": 76501.0, "Plan Rows": 47655, "Plan Width": 8, "Filter": "((c_acctbal > 0::double precision) AND (\"substring\"((c_phone)::text, 1, 2) = ANY ('{20,40,22,30,39,42,21}'::text[])))"}]}, {"Node Type": "Aggregate", "Strategy": "Hashed", "Parent Relationship": "Outer", "Startup Cost": 563131.47, "Total Cost": 563131.48, "Plan Rows": 1, "Plan Width": 40, "Group By Key": ["\"substring\"((public.customer.c_phone)::text, 1, 2)"], "Plans": [{"Node Type": "Hash Join", "Parent Relationship": "Outer", "Join Type": "Right Anti", "Startup Cost": 76719.75, "Total Cost": 563131.46, "Plan Rows": 1, "Plan Width": 24, "Inner Unique": true, "Hash Cond": "(orders.o_custkey = public.customer.c_custkey)", "Plans": [{"Node Type": "Seq Scan", "Parent Relationship": "Outer", "Relation Name": "orders", "Alias": "orders", "Startup Cost": 0.0, "Total Cost": 426413.79, "Plan Rows": 14999479, "Plan Width": 8}, {"Node Type": "Hash", "Parent Relationship": "Inner", "Startup Cost": 76501.0, "Total Cost": 76501.0, "Plan Rows": 17500, "Plan Width": 32, "Plans": [{"Node Type": "Seq Scan", "Parent Relationship": "Outer", "Relation Name": "customer", "Alias": "customer", "Startup Cost": 0.0, "Total Cost": 76501.0, "Plan Rows": 17500, "Plan Width": 32, "Filter": "((c_acctbal > $0) AND (\"substring\"((c_phone)::text, 1, 2) = ANY ('{20,40,22,30,39,42,21}'::text[])))"}]}]}]}]}, "Unique SQL Id": 2798552886}, "explain_analyze_plan": null}, "(16, 43)": {"explain_plan": {"Plan": {"Node Type": "Sort", "Startup Cost": 3001574749058.39, "Total Cost": 3001574749058.39, "Plan Rows": 1, "Plan Width": 40, "Sort Key": ["(\"substring\"((public.customer.c_phone)::text, 1, 2))"], "Plans": [{"Node Type": "Aggregate", "Strategy": "Plain", "Parent Relationship": "exec_init_plan", "Subplan Name": "InitPlan 1 (returns $0)", "Startup Cost": 1000007650219.14, "Total Cost": 1000007650219.15, "Plan Rows": 1, "Plan Width": 40, "Plans": [{"Node Type": "Seq Scan", "Parent Relationship": "Outer", "Relation Name": "customer", "Alias": "customer", "Startup Cost": 10000000012.75, "Total Cost": 1000007650100.0, "Plan Rows": 47655, "Plan Width": 8, "Filter": "((c_acctbal > 0::double precision) AND (\"substring\"((c_phone)::text, 1, 2) = ANY ('{20,40,22,30,39,42,21}'::text[])))"}]}, {"Node Type": "Aggregate", "Strategy": "Hashed", "Parent Relationship": "Outer", "Startup Cost": 2001567098839.21, "Total Cost": 2001567098839.23, "Plan Rows": 1, "Plan Width": 40, "Group By Key": ["\"substring\"((public.customer.c_phone)::text, 1, 2)"], "Plans": [{"Node Type": "Nested Loop", "Parent Relationship": "Outer", "Join Type": "Anti", "Startup Cost": 20000000000.0, "Total Cost": 2001567098839.21, "Plan Rows": 1, "Plan Width": 24, "Inner Unique": false, "Join Filter": "(orders.o_custkey = public.customer.c_custkey)", "Plans": [{"Node Type": "Index Scan", "Parent Relationship": "Outer", "Scan Direction": "Forward", "Index Name": "customer_pkey", "Relation Name": "customer", "Alias": "customer", "Startup Cost": 10000000000.0, "Total Cost": 1000010514035.62, "Plan Rows": 17500, "Plan Width": 32, "Filter": "((c_acctbal > $0) AND (\"substring\"((c_phone)::text, 1, 2) = ANY ('{20,40,22,30,39,42,21}'::text[])))"}, {"Node Type": "Materialize", "Parent Relationship": "Inner", "Startup Cost": 10000000000.0, "Total Cost": 1000045561040.9, "Plan Rows": 14999479, "Plan Width": 8, "Plans": [{"Node Type": "Index Only Scan", "Parent Relationship": "Outer", "Scan Direction": "Forward", "Index Name": "idx_orders_custkey", "Relation Name": "orders", "Alias": "orders", "Startup Cost": 10000000000.0, "Total Cost": 1000045486043.5, "Plan Rows": 14999479, "Plan Width": 8}]}]}]}]}, "Unique SQL Id": 2798552886}, "explain_analyze_plan": null}, "(16, 44)": {"explain_plan": {"Plan": {"Node Type": "Sort", "Startup Cost": 274230.79, "Total Cost": 274230.8, "Plan Rows": 1, "Plan Width": 40, "Sort Key": ["(\"substring\"((public.customer.c_phone)::text, 1, 2))"], "Plans": [{"Node Type": "Aggregate", "Strategy": "Plain", "Parent Relationship": "exec_init_plan", "Subplan Name": "InitPlan 1 (returns $0)", "Startup Cost": 76620.14, "Total Cost": 76620.15, "Plan Rows": 1, "Plan Width": 40, "Plans": [{"Node Type": "Seq Scan", "Parent Relationship": "Outer", "Relation Name": "customer", "Alias": "customer", "Startup Cost": 12.95, "Total Cost": 76501.0, "Plan Rows": 47655, "Plan Width": 8, "Filter": "((c_acctbal > 0::double precision) AND (\"substring\"((c_phone)::text, 1, 2) = ANY ('{20,40,22,30,39,42,21}'::text[])))"}]}, {"Node Type": "Aggregate", "Strategy": "Hashed", "Parent Relationship": "Outer", "Startup Cost": 197610.62, "Total Cost": 197610.63, "Plan Rows": 1, "Plan Width": 40, "Group By Key": ["\"substring\"((public.customer.c_phone)::text, 1, 2)"], "Plans": [{"Node Type": "Nested Loop", "Parent Relationship": "Outer", "Join Type": "Anti", "Startup Cost": 0.0, "Total Cost": 197610.61, "Plan Rows": 1, "Plan Width": 24, "Inner Unique": false, "Plans": [{"Node Type": "Seq Scan", "Parent Relationship": "Outer", "Relation Name": "customer", "Alias": "customer", "Startup Cost": 0.0, "Total Cost": 76501.0, "Plan Rows": 17500, "Plan Width": 32, "Filter": "((c_acctbal > $0) AND (\"substring\"((c_phone)::text, 1, 2) = ANY ('{20,40,22,30,39,42,21}'::text[])))"}, {"Node Type": "Index Scan", "Parent Relationship": "Inner", "Scan Direction": "Forward", "Index Name": "idx_orders_custkey", "Relation Name": "orders", "Alias": "orders", "Startup Cost": 0.0, "Total Cost": 17.99, "Plan Rows": 4, "Plan Width": 8, "Index Cond": "(o_custkey = public.customer.c_custkey)"}]}]}]}, "Unique SQL Id": 2798552886}, "explain_analyze_plan": {"Plan": {"Node Type": "Sort", "Startup Cost": 274230.79, "Total Cost": 274230.8, "Plan Rows": 1, "Plan Width": 40, "Actual Startup Time": 4031.791, "Actual Total Time": 4031.792, "Actual Rows": 4, "Actual Loops": 1, "Sort Key": ["(\"substring\"((public.customer.c_phone)::text, 1, 2))"], "Sort Method": "quicksort", "Sort Space Used": 25, "Sort Space Type": "Memory", "Plans": [{"Node Type": "Aggregate", "Strategy": "Plain", "Parent Relationship": "exec_init_plan", "Subplan Name": "InitPlan 1 (returns $0)", "Startup Cost": 76620.14, "Total Cost": 76620.15, "Plan Rows": 1, "Plan Width": 40, "Actual Startup Time": 1993.693, "Actual Total Time": 1993.694, "Actual Rows": 1, "Actual Loops": 1, "Plans": [{"Node Type": "Seq Scan", "Parent Relationship": "Outer", "Relation Name": "customer", "Alias": "customer", "Startup Cost": 12.95, "Total Cost": 76501.0, "Plan Rows": 47655, "Plan Width": 8, "Actual Startup Time": 0.034, "Actual Total Time": 1897.714, "Actual Rows": 218121, "Actual Loops": 1, "Filter": "((c_acctbal > 0::double precision) AND (\"substring\"((c_phone)::text, 1, 2) = ANY ('{20,40,22,30,39,42,21}'::text[])))", "Rows Removed by Filter": 1281879}]}, {"Node Type": "Aggregate", "Strategy": "Hashed", "Parent Relationship": "Outer", "Startup Cost": 197610.62, "Total Cost": 197610.63, "Plan Rows": 1, "Plan Width": 40, "Actual Startup Time": 4031.76, "Actual Total Time": 4031.761, "Actual Rows": 4, "Actual Loops": 1, "Group By Key": ["\"substring\"((public.customer.c_phone)::text, 1, 2)"], "Plans": [{"Node Type": "Nested Loop", "Parent Relationship": "Outer", "Join Type": "Anti", "Startup Cost": 0.0, "Total Cost": 197610.61, "Plan Rows": 1, "Plan Width": 24, "Actual Startup Time": 1993.926, "Actual Total Time": 4008.675, "Actual Rows": 36604, "Actual Loops": 1, "Inner Unique": false, "Plans": [{"Node Type": "Seq Scan", "Parent Relationship": "Outer", "Relation Name": "customer", "Alias": "customer", "Startup Cost": 0.0, "Total Cost": 76501.0, "Plan Rows": 17500, "Plan Width": 32, "Actual Startup Time": 1993.871, "Actual Total Time": 3286.163, "Actual Rows": 109197, "Actual Loops": 1, "Filter": "((c_acctbal > $0) AND (\"substring\"((c_phone)::text, 1, 2) = ANY ('{20,40,22,30,39,42,21}'::text[])))", "Rows Removed by Filter": 1390803}, {"Node Type": "Index Scan", "Parent Relationship": "Inner", "Scan Direction": "Forward", "Index Name": "idx_orders_custkey", "Relation Name": "orders", "Alias": "orders", "Startup Cost": 0.0, "Total Cost": 17.99, "Plan Rows": 4, "Plan Width": 8, "Actual Startup Time": 615.26, "Actual Total Time": 615.26, "Actual Rows": 72593, "Actual Loops": 109197, "Index Cond": "(o_custkey = public.customer.c_custkey)", "Rows Removed by Index Recheck": 0}]}]}]}, "Triggers": [], "Planner Runtime": 0.724, "Total Runtime": 4031.974, "Unique SQL Id": 2798552886}}, "(16, 45)": {"explain_plan": {"Plan": {"Node Type": "Sort", "Startup Cost": 1000007876469.15, "Total Cost": 1000007876469.15, "Plan Rows": 1, "Plan Width": 40, "Sort Key": ["(\"substring\"((public.customer.c_phone)::text, 1, 2))"], "Plans": [{"Node Type": "Aggregate", "Strategy": "Plain", "Parent Relationship": "exec_init_plan", "Subplan Name": "InitPlan 1 (returns $0)", "Startup Cost": 1000007650219.14, "Total Cost": 1000007650219.15, "Plan Rows": 1, "Plan Width": 40, "Plans": [{"Node Type": "Seq Scan", "Parent Relationship": "Outer", "Relation Name": "customer", "Alias": "customer", "Startup Cost": 10000000012.75, "Total Cost": 1000007650100.0, "Plan Rows": 47655, "Plan Width": 8, "Filter": "((c_acctbal > 0::double precision) AND (\"substring\"((c_phone)::text, 1, 2) = ANY ('{20,40,22,30,39,42,21}'::text[])))"}]}, {"Node Type": "Aggregate", "Strategy": "Hashed", "Parent Relationship": "Outer", "Startup Cost": 226249.97, "Total Cost": 226249.99, "Plan Rows": 1, "Plan Width": 40, "Group By Key": ["\"substring\"((public.customer.c_phone)::text, 1, 2)"], "Plans": [{"Node Type": "Nested Loop", "Parent Relationship": "Outer", "Join Type": "Anti", "Startup Cost": 0.0, "Total Cost": 226249.97, "Plan Rows": 1, "Plan Width": 24, "Inner Unique": false, "Plans": [{"Node Type": "Index Scan", "Parent Relationship": "Outer", "Scan Direction": "Forward", "Index Name": "customer_pkey", "Relation Name": "customer", "Alias": "customer", "Startup Cost": 0.0, "Total Cost": 105140.36, "Plan Rows": 17500, "Plan Width": 32, "Filter": "((c_acctbal > $0) AND (\"substring\"((c_phone)::text, 1, 2) = ANY ('{20,40,22,30,39,42,21}'::text[])))"}, {"Node Type": "Index Scan", "Parent Relationship": "Inner", "Scan Direction": "Forward", "Index Name": "idx_orders_custkey", "Relation Name": "orders", "Alias": "orders", "Startup Cost": 0.0, "Total Cost": 17.99, "Plan Rows": 4, "Plan Width": 8, "Index Cond": "(o_custkey = public.customer.c_custkey)"}]}]}]}, "Unique SQL Id": 2798552886}, "explain_analyze_plan": {"Plan": {"Node Type": "Sort", "Startup Cost": 1000007876469.15, "Total Cost": 1000007876469.15, "Plan Rows": 1, "Plan Width": 40, "Actual Startup Time": 4555.194, "Actual Total Time": 4555.195, "Actual Rows": 4, "Actual Loops": 1, "Sort Key": ["(\"substring\"((public.customer.c_phone)::text, 1, 2))"], "Sort Method": "quicksort", "Sort Space Used": 25, "Sort Space Type": "Memory", "Plans": [{"Node Type": "Aggregate", "Strategy": "Plain", "Parent Relationship": "exec_init_plan", "Subplan Name": "InitPlan 1 (returns $0)", "Startup Cost": 1000007650219.14, "Total Cost": 1000007650219.15, "Plan Rows": 1, "Plan Width": 40, "Actual Startup Time": 2007.503, "Actual Total Time": 2007.503, "Actual Rows": 1, "Actual Loops": 1, "Plans": [{"Node Type": "Seq Scan", "Parent Relationship": "Outer", "Relation Name": "customer", "Alias": "customer", "Startup Cost": 10000000012.75, "Total Cost": 1000007650100.0, "Plan Rows": 47655, "Plan Width": 8, "Actual Startup Time": 0.039, "Actual Total Time": 1912.456, "Actual Rows": 218121, "Actual Loops": 1, "Filter": "((c_acctbal > 0::double precision) AND (\"substring\"((c_phone)::text, 1, 2) = ANY ('{20,40,22,30,39,42,21}'::text[])))", "Rows Removed by Filter": 1281879}]}, {"Node Type": "Aggregate", "Strategy": "Hashed", "Parent Relationship": "Outer", "Startup Cost": 226249.97, "Total Cost": 226249.99, "Plan Rows": 1, "Plan Width": 40, "Actual Startup Time": 4555.155, "Actual Total Time": 4555.158, "Actual Rows": 4, "Actual Loops": 1, "Group By Key": ["\"substring\"((public.customer.c_phone)::text, 1, 2)"], "Plans": [{"Node Type": "Nested Loop", "Parent Relationship": "Outer", "Join Type": "Anti", "Startup Cost": 0.0, "Total Cost": 226249.97, "Plan Rows": 1, "Plan Width": 24, "Actual Startup Time": 2007.614, "Actual Total Time": 4531.932, "Actual Rows": 36604, "Actual Loops": 1, "Inner Unique": false, "Plans": [{"Node Type": "Index Scan", "Parent Relationship": "Outer", "Scan Direction": "Forward", "Index Name": "customer_pkey", "Relation Name": "customer", "Alias": "customer", "Startup Cost": 0.0, "Total Cost": 105140.36, "Plan Rows": 17500, "Plan Width": 32, "Actual Startup Time": 2007.576, "Actual Total Time": 3796.184, "Actual Rows": 109197, "Actual Loops": 1, "Filter": "((c_acctbal > $0) AND (\"substring\"((c_phone)::text, 1, 2) = ANY ('{20,40,22,30,39,42,21}'::text[])))", "Rows Removed by Filter": 1390803}, {"Node Type": "Index Scan", "Parent Relationship": "Inner", "Scan Direction": "Forward", "Index Name": "idx_orders_custkey", "Relation Name": "orders", "Alias": "orders", "Startup Cost": 0.0, "Total Cost": 17.99, "Plan Rows": 4, "Plan Width": 8, "Actual Startup Time": 628.013, "Actual Total Time": 628.013, "Actual Rows": 72593, "Actual Loops": 109197, "Index Cond": "(o_custkey = public.customer.c_custkey)", "Rows Removed by Index Recheck": 0}]}]}]}, "Triggers": [], "Planner Runtime": 0.762, "Total Runtime": 4555.366, "Unique SQL Id": 2798552886}}, "(16, 46)": {"explain_plan": {"Plan": {"Node Type": "Sort", "Startup Cost": 639751.64, "Total Cost": 639751.65, "Plan Rows": 1, "Plan Width": 40, "Sort Key": ["(\"substring\"((public.customer.c_phone)::text, 1, 2))"], "Plans": [{"Node Type": "Aggregate", "Strategy": "Plain", "Parent Relationship": "exec_init_plan", "Subplan Name": "InitPlan 1 (returns $0)", "Startup Cost": 76620.14, "Total Cost": 76620.15, "Plan Rows": 1, "Plan Width": 40, "Plans": [{"Node Type": "Seq Scan", "Parent Relationship": "Outer", "Relation Name": "customer", "Alias": "customer", "Startup Cost": 12.95, "Total Cost": 76501.0, "Plan Rows": 47655, "Plan Width": 8, "Filter": "((c_acctbal > 0::double precision) AND (\"substring\"((c_phone)::text, 1, 2) = ANY ('{20,40,22,30,39,42,21}'::text[])))"}]}, {"Node Type": "Aggregate", "Strategy": "Hashed", "Parent Relationship": "Outer", "Startup Cost": 563131.47, "Total Cost": 563131.48, "Plan Rows": 1, "Plan Width": 40, "Group By Key": ["\"substring\"((public.customer.c_phone)::text, 1, 2)"], "Plans": [{"Node Type": "Hash Join", "Parent Relationship": "Outer", "Join Type": "Right Anti", "Startup Cost": 76719.75, "Total Cost": 563131.46, "Plan Rows": 1, "Plan Width": 24, "Inner Unique": true, "Hash Cond": "(orders.o_custkey = public.customer.c_custkey)", "Plans": [{"Node Type": "Seq Scan", "Parent Relationship": "Outer", "Relation Name": "orders", "Alias": "orders", "Startup Cost": 0.0, "Total Cost": 426413.79, "Plan Rows": 14999479, "Plan Width": 8}, {"Node Type": "Hash", "Parent Relationship": "Inner", "Startup Cost": 76501.0, "Total Cost": 76501.0, "Plan Rows": 17500, "Plan Width": 32, "Plans": [{"Node Type": "Seq Scan", "Parent Relationship": "Outer", "Relation Name": "customer", "Alias": "customer", "Startup Cost": 0.0, "Total Cost": 76501.0, "Plan Rows": 17500, "Plan Width": 32, "Filter": "((c_acctbal > $0) AND (\"substring\"((c_phone)::text, 1, 2) = ANY ('{20,40,22,30,39,42,21}'::text[])))"}]}]}]}]}, "Unique SQL Id": 2798552886}, "explain_analyze_plan": null}, "(16, 47)": {"explain_plan": {"Plan": {"Node Type": "Sort", "Startup Cost": 3001685314543.97, "Total Cost": 3001685314543.98, "Plan Rows": 1, "Plan Width": 40, "Sort Key": ["(\"substring\"((public.customer.c_phone)::text, 1, 2))"], "Plans": [{"Node Type": "Aggregate", "Strategy": "Plain", "Parent Relationship": "exec_init_plan", "Subplan Name": "InitPlan 1 (returns $0)", "Startup Cost": 1000007650219.14, "Total Cost": 1000007650219.15, "Plan Rows": 1, "Plan Width": 40, "Plans": [{"Node Type": "Seq Scan", "Parent Relationship": "Outer", "Relation Name": "customer", "Alias": "customer", "Startup Cost": 10000000012.75, "Total Cost": 1000007650100.0, "Plan Rows": 47655, "Plan Width": 8, "Filter": "((c_acctbal > 0::double precision) AND (\"substring\"((c_phone)::text, 1, 2) = ANY ('{20,40,22,30,39,42,21}'::text[])))"}]}, {"Node Type": "Aggregate", "Strategy": "Hashed", "Parent Relationship": "Outer", "Startup Cost": 2001677664324.8, "Total Cost": 2001677664324.81, "Plan Rows": 1, "Plan Width": 40, "Group By Key": ["\"substring\"((public.customer.c_phone)::text, 1, 2)"], "Plans": [{"Node Type": "Nested Loop", "Parent Relationship": "Outer", "Join Type": "Anti", "Startup Cost": 20000000000.0, "Total Cost": 2001677664324.79, "Plan Rows": 1, "Plan Width": 24, "Inner Unique": false, "Join Filter": "(orders.o_custkey = public.customer.c_custkey)", "Plans": [{"Node Type": "Index Scan", "Parent Relationship": "Outer", "Scan Direction": "Forward", "Index Name": "customer_pkey", "Relation Name": "customer", "Alias": "customer", "Startup Cost": 10000000000.0, "Total Cost": 1000010514035.62, "Plan Rows": 17500, "Plan Width": 32, "Filter": "((c_acctbal > $0) AND (\"substring\"((c_phone)::text, 1, 2) = ANY ('{20,40,22,30,39,42,21}'::text[])))"}, {"Node Type": "Materialize", "Parent Relationship": "Inner", "Startup Cost": 10000000000.0, "Total Cost": 1000156126526.48, "Plan Rows": 14999479, "Plan Width": 8, "Plans": [{"Node Type": "Index Scan", "Parent Relationship": "Outer", "Scan Direction": "Forward", "Index Name": "idx_orders_custkey", "Relation Name": "orders", "Alias": "orders", "Startup Cost": 10000000000.0, "Total Cost": 1000156051529.08, "Plan Rows": 14999479, "Plan Width": 8}]}]}]}]}, "Unique SQL Id": 2798552886}, "explain_analyze_plan": null}, "(16, 48)": {"explain_plan": {"Plan": {"Node Type": "Sort", "Startup Cost": 178853.67, "Total Cost": 178853.67, "Plan Rows": 1, "Plan Width": 40, "Sort Key": ["(\"substring\"((public.customer.c_phone)::text, 1, 2))"], "Plans": [{"Node Type": "Aggregate", "Strategy": "Plain", "Parent Relationship": "exec_init_plan", "Subplan Name": "InitPlan 1 (returns $0)", "Startup Cost": 76620.14, "Total Cost": 76620.15, "Plan Rows": 1, "Plan Width": 40, "Plans": [{"Node Type": "Seq Scan", "Parent Relationship": "Outer", "Relation Name": "customer", "Alias": "customer", "Startup Cost": 12.95, "Total Cost": 76501.0, "Plan Rows": 47655, "Plan Width": 8, "Filter": "((c_acctbal > 0::double precision) AND (\"substring\"((c_phone)::text, 1, 2) = ANY ('{20,40,22,30,39,42,21}'::text[])))"}]}, {"Node Type": "Aggregate", "Strategy": "Hashed", "Parent Relationship": "Outer", "Startup Cost": 102233.49, "Total Cost": 102233.51, "Plan Rows": 1, "Plan Width": 40, "Group By Key": ["\"substring\"((public.customer.c_phone)::text, 1, 2)"], "Plans": [{"Node Type": "Nested Loop", "Parent Relationship": "Outer", "Join Type": "Anti", "Startup Cost": 0.0, "Total Cost": 102233.49, "Plan Rows": 1, "Plan Width": 24, "Inner Unique": false, "Plans": [{"Node Type": "Seq Scan", "Parent Relationship": "Outer", "Relation Name": "customer", "Alias": "customer", "Startup Cost": 0.0, "Total Cost": 76501.0, "Plan Rows": 17500, "Plan Width": 32, "Filter": "((c_acctbal > $0) AND (\"substring\"((c_phone)::text, 1, 2) = ANY ('{20,40,22,30,39,42,21}'::text[])))"}, {"Node Type": "Index Only Scan", "Parent Relationship": "Inner", "Scan Direction": "Forward", "Index Name": "idx_orders_custkey", "Relation Name": "orders", "Alias": "orders", "Startup Cost": 0.0, "Total Cost": 3.79, "Plan Rows": 4, "Plan Width": 8, "Index Cond": "(o_custkey = public.customer.c_custkey)"}]}]}]}, "Unique SQL Id": 2798552886}, "explain_analyze_plan": {"Plan": {"Node Type": "Sort", "Startup Cost": 178853.67, "Total Cost": 178853.67, "Plan Rows": 1, "Plan Width": 40, "Actual Startup Time": 3898.225, "Actual Total Time": 3898.226, "Actual Rows": 4, "Actual Loops": 1, "Sort Key": ["(\"substring\"((public.customer.c_phone)::text, 1, 2))"], "Sort Method": "quicksort", "Sort Space Used": 25, "Sort Space Type": "Memory", "Plans": [{"Node Type": "Aggregate", "Strategy": "Plain", "Parent Relationship": "exec_init_plan", "Subplan Name": "InitPlan 1 (returns $0)", "Startup Cost": 76620.14, "Total Cost": 76620.15, "Plan Rows": 1, "Plan Width": 40, "Actual Startup Time": 1993.797, "Actual Total Time": 1993.797, "Actual Rows": 1, "Actual Loops": 1, "Plans": [{"Node Type": "Seq Scan", "Parent Relationship": "Outer", "Relation Name": "customer", "Alias": "customer", "Startup Cost": 12.95, "Total Cost": 76501.0, "Plan Rows": 47655, "Plan Width": 8, "Actual Startup Time": 0.028, "Actual Total Time": 1898.824, "Actual Rows": 218121, "Actual Loops": 1, "Filter": "((c_acctbal > 0::double precision) AND (\"substring\"((c_phone)::text, 1, 2) = ANY ('{20,40,22,30,39,42,21}'::text[])))", "Rows Removed by Filter": 1281879}]}, {"Node Type": "Aggregate", "Strategy": "Hashed", "Parent Relationship": "Outer", "Startup Cost": 102233.49, "Total Cost": 102233.51, "Plan Rows": 1, "Plan Width": 40, "Actual Startup Time": 3898.192, "Actual Total Time": 3898.195, "Actual Rows": 4, "Actual Loops": 1, "Group By Key": ["\"substring\"((public.customer.c_phone)::text, 1, 2)"], "Plans": [{"Node Type": "Nested Loop", "Parent Relationship": "Outer", "Join Type": "Anti", "Startup Cost": 0.0, "Total Cost": 102233.49, "Plan Rows": 1, "Plan Width": 24, "Actual Startup Time": 1994.027, "Actual Total Time": 3875.509, "Actual Rows": 36604, "Actual Loops": 1, "Inner Unique": false, "Plans": [{"Node Type": "Seq Scan", "Parent Relationship": "Outer", "Relation Name": "customer", "Alias": "customer", "Startup Cost": 0.0, "Total Cost": 76501.0, "Plan Rows": 17500, "Plan Width": 32, "Actual Startup Time": 1993.955, "Actual Total Time": 3288.893, "Actual Rows": 109197, "Actual Loops": 1, "Filter": "((c_acctbal > $0) AND (\"substring\"((c_phone)::text, 1, 2) = ANY ('{20,40,22,30,39,42,21}'::text[])))", "Rows Removed by Filter": 1390803}, {"Node Type": "Index Only Scan", "Parent Relationship": "Inner", "Scan Direction": "Forward", "Index Name": "idx_orders_custkey", "Relation Name": "orders", "Alias": "orders", "Startup Cost": 0.0, "Total Cost": 3.79, "Plan Rows": 4, "Plan Width": 8, "Actual Startup Time": 484.426, "Actual Total Time": 484.426, "Actual Rows": 72593, "Actual Loops": 109197, "Index Cond": "(o_custkey = public.customer.c_custkey)", "Rows Removed by Index Recheck": 0, "Heap Fetches": 0}]}]}]}, "Triggers": [], "Planner Runtime": 0.759, "Total Runtime": 3898.474, "Unique SQL Id": 2798552886}}, "(16, 49)": {"explain_plan": {"Plan": {"Node Type": "Sort", "Startup Cost": 1000007781092.03, "Total Cost": 1000007781092.03, "Plan Rows": 1, "Plan Width": 40, "Sort Key": ["(\"substring\"((public.customer.c_phone)::text, 1, 2))"], "Plans": [{"Node Type": "Aggregate", "Strategy": "Plain", "Parent Relationship": "exec_init_plan", "Subplan Name": "InitPlan 1 (returns $0)", "Startup Cost": 1000007650219.14, "Total Cost": 1000007650219.15, "Plan Rows": 1, "Plan Width": 40, "Plans": [{"Node Type": "Seq Scan", "Parent Relationship": "Outer", "Relation Name": "customer", "Alias": "customer", "Startup Cost": 10000000012.75, "Total Cost": 1000007650100.0, "Plan Rows": 47655, "Plan Width": 8, "Filter": "((c_acctbal > 0::double precision) AND (\"substring\"((c_phone)::text, 1, 2) = ANY ('{20,40,22,30,39,42,21}'::text[])))"}]}, {"Node Type": "Aggregate", "Strategy": "Hashed", "Parent Relationship": "Outer", "Startup Cost": 130872.85, "Total Cost": 130872.87, "Plan Rows": 1, "Plan Width": 40, "Group By Key": ["\"substring\"((public.customer.c_phone)::text, 1, 2)"], "Plans": [{"Node Type": "Nested Loop", "Parent Relationship": "Outer", "Join Type": "Anti", "Startup Cost": 0.0, "Total Cost": 130872.84, "Plan Rows": 1, "Plan Width": 24, "Inner Unique": false, "Plans": [{"Node Type": "Index Scan", "Parent Relationship": "Outer", "Scan Direction": "Forward", "Index Name": "customer_pkey", "Relation Name": "customer", "Alias": "customer", "Startup Cost": 0.0, "Total Cost": 105140.36, "Plan Rows": 17500, "Plan Width": 32, "Filter": "((c_acctbal > $0) AND (\"substring\"((c_phone)::text, 1, 2) = ANY ('{20,40,22,30,39,42,21}'::text[])))"}, {"Node Type": "Index Only Scan", "Parent Relationship": "Inner", "Scan Direction": "Forward", "Index Name": "idx_orders_custkey", "Relation Name": "orders", "Alias": "orders", "Startup Cost": 0.0, "Total Cost": 3.79, "Plan Rows": 4, "Plan Width": 8, "Index Cond": "(o_custkey = public.customer.c_custkey)"}]}]}]}, "Unique SQL Id": 2798552886}, "explain_analyze_plan": {"Plan": {"Node Type": "Sort", "Startup Cost": 1000007781092.03, "Total Cost": 1000007781092.03, "Plan Rows": 1, "Plan Width": 40, "Actual Startup Time": 4538.566, "Actual Total Time": 4538.567, "Actual Rows": 4, "Actual Loops": 1, "Sort Key": ["(\"substring\"((public.customer.c_phone)::text, 1, 2))"], "Sort Method": "quicksort", "Sort Space Used": 25, "Sort Space Type": "Memory", "Plans": [{"Node Type": "Aggregate", "Strategy": "Plain", "Parent Relationship": "exec_init_plan", "Subplan Name": "InitPlan 1 (returns $0)", "Startup Cost": 1000007650219.14, "Total Cost": 1000007650219.15, "Plan Rows": 1, "Plan Width": 40, "Actual Startup Time": 2004.286, "Actual Total Time": 2004.287, "Actual Rows": 1, "Actual Loops": 1, "Plans": [{"Node Type": "Seq Scan", "Parent Relationship": "Outer", "Relation Name": "customer", "Alias": "customer", "Startup Cost": 10000000012.75, "Total Cost": 1000007650100.0, "Plan Rows": 47655, "Plan Width": 8, "Actual Startup Time": 0.036, "Actual Total Time": 1908.298, "Actual Rows": 218121, "Actual Loops": 1, "Filter": "((c_acctbal > 0::double precision) AND (\"substring\"((c_phone)::text, 1, 2) = ANY ('{20,40,22,30,39,42,21}'::text[])))", "Rows Removed by Filter": 1281879}]}, {"Node Type": "Aggregate", "Strategy": "Hashed", "Parent Relationship": "Outer", "Startup Cost": 130872.85, "Total Cost": 130872.87, "Plan Rows": 1, "Plan Width": 40, "Actual Startup Time": 4538.513, "Actual Total Time": 4538.515, "Actual Rows": 4, "Actual Loops": 1, "Group By Key": ["\"substring\"((public.customer.c_phone)::text, 1, 2)"], "Plans": [{"Node Type": "Nested Loop", "Parent Relationship": "Outer", "Join Type": "Anti", "Startup Cost": 0.0, "Total Cost": 130872.84, "Plan Rows": 1, "Plan Width": 24, "Actual Startup Time": 2004.513, "Actual Total Time": 4515.757, "Actual Rows": 36604, "Actual Loops": 1, "Inner Unique": false, "Plans": [{"Node Type": "Index Scan", "Parent Relationship": "Outer", "Scan Direction": "Forward", "Index Name": "customer_pkey", "Relation Name": "customer", "Alias": "customer", "Startup Cost": 0.0, "Total Cost": 105140.36, "Plan Rows": 17500, "Plan Width": 32, "Actual Startup Time": 2004.451, "Actual Total Time": 3936.374, "Actual Rows": 109197, "Actual Loops": 1, "Filter": "((c_acctbal > $0) AND (\"substring\"((c_phone)::text, 1, 2) = ANY ('{20,40,22,30,39,42,21}'::text[])))", "Rows Removed by Filter": 1390803}, {"Node Type": "Index Only Scan", "Parent Relationship": "Inner", "Scan Direction": "Forward", "Index Name": "idx_orders_custkey", "Relation Name": "orders", "Alias": "orders", "Startup Cost": 0.0, "Total Cost": 3.79, "Plan Rows": 4, "Plan Width": 8, "Actual Startup Time": 476.552, "Actual Total Time": 476.552, "Actual Rows": 72593, "Actual Loops": 109197, "Index Cond": "(o_custkey = public.customer.c_custkey)", "Rows Removed by Index Recheck": 0, "Heap Fetches": 0}]}]}]}, "Triggers": [], "Planner Runtime": 0.761, "Total Runtime": 4538.756, "Unique SQL Id": 2798552886}}, "(16, 50)": {"explain_plan": {"Plan": {"Node Type": "Sort", "Startup Cost": 326543.88, "Total Cost": 326543.89, "Plan Rows": 1, "Plan Width": 40, "Sort Key": ["(\"substring\"((public.customer.c_phone)::text, 1, 2))"], "Plans": [{"Node Type": "Aggregate", "Strategy": "Plain", "Parent Relationship": "exec_init_plan", "Subplan Name": "InitPlan 1 (returns $0)", "Startup Cost": 76620.14, "Total Cost": 76620.15, "Plan Rows": 1, "Plan Width": 40, "Plans": [{"Node Type": "Seq Scan", "Parent Relationship": "Outer", "Relation Name": "customer", "Alias": "customer", "Startup Cost": 12.95, "Total Cost": 76501.0, "Plan Rows": 47655, "Plan Width": 8, "Filter": "((c_acctbal > 0::double precision) AND (\"substring\"((c_phone)::text, 1, 2) = ANY ('{20,40,22,30,39,42,21}'::text[])))"}]}, {"Node Type": "Aggregate", "Strategy": "Hashed", "Parent Relationship": "Outer", "Startup Cost": 249923.71, "Total Cost": 249923.72, "Plan Rows": 1, "Plan Width": 40, "Group By Key": ["\"substring\"((public.customer.c_phone)::text, 1, 2)"], "Plans": [{"Node Type": "Nested Loop", "Parent Relationship": "Outer", "Join Type": "Anti", "Startup Cost": 3.75, "Total Cost": 249923.7, "Plan Rows": 1, "Plan Width": 24, "Inner Unique": false, "Plans": [{"Node Type": "Seq Scan", "Parent Relationship": "Outer", "Relation Name": "customer", "Alias": "customer", "Startup Cost": 0.0, "Total Cost": 76501.0, "Plan Rows": 17500, "Plan Width": 32, "Filter": "((c_acctbal > $0) AND (\"substring\"((c_phone)::text, 1, 2) = ANY ('{20,40,22,30,39,42,21}'::text[])))"}, {"Node Type": "Bitmap Heap Scan", "Parent Relationship": "Inner", "Relation Name": "orders", "Alias": "orders", "Startup Cost": 3.75, "Total Cost": 19.76, "Plan Rows": 4, "Plan Width": 8, "Recheck Cond": "(o_custkey = public.customer.c_custkey)", "Plans": [{"Node Type": "Bitmap Index Scan", "Parent Relationship": "Outer", "Index Name": "idx_orders_custkey", "Startup Cost": 0.0, "Total Cost": 3.75, "Plan Rows": 4, "Plan Width": 0, "Index Cond": "(o_custkey = public.customer.c_custkey)"}]}]}]}]}, "Unique SQL Id": 2798552886}, "explain_analyze_plan": {"Plan": {"Node Type": "Sort", "Startup Cost": 326543.88, "Total Cost": 326543.89, "Plan Rows": 1, "Plan Width": 40, "Actual Startup Time": 4492.233, "Actual Total Time": 4492.235, "Actual Rows": 4, "Actual Loops": 1, "Sort Key": ["(\"substring\"((public.customer.c_phone)::text, 1, 2))"], "Sort Method": "quicksort", "Sort Space Used": 25, "Sort Space Type": "Memory", "Plans": [{"Node Type": "Aggregate", "Strategy": "Plain", "Parent Relationship": "exec_init_plan", "Subplan Name": "InitPlan 1 (returns $0)", "Startup Cost": 76620.14, "Total Cost": 76620.15, "Plan Rows": 1, "Plan Width": 40, "Actual Startup Time": 1991.263, "Actual Total Time": 1991.264, "Actual Rows": 1, "Actual Loops": 1, "Plans": [{"Node Type": "Seq Scan", "Parent Relationship": "Outer", "Relation Name": "customer", "Alias": "customer", "Startup Cost": 12.95, "Total Cost": 76501.0, "Plan Rows": 47655, "Plan Width": 8, "Actual Startup Time": 0.029, "Actual Total Time": 1896.473, "Actual Rows": 218121, "Actual Loops": 1, "Filter": "((c_acctbal > 0::double precision) AND (\"substring\"((c_phone)::text, 1, 2) = ANY ('{20,40,22,30,39,42,21}'::text[])))", "Rows Removed by Filter": 1281879}]}, {"Node Type": "Aggregate", "Strategy": "Hashed", "Parent Relationship": "Outer", "Startup Cost": 249923.71, "Total Cost": 249923.72, "Plan Rows": 1, "Plan Width": 40, "Actual Startup Time": 4492.108, "Actual Total Time": 4492.121, "Actual Rows": 4, "Actual Loops": 1, "Group By Key": ["\"substring\"((public.customer.c_phone)::text, 1, 2)"], "Plans": [{"Node Type": "Nested Loop", "Parent Relationship": "Outer", "Join Type": "Anti", "Startup Cost": 3.75, "Total Cost": 249923.7, "Plan Rows": 1, "Plan Width": 24, "Actual Startup Time": 1991.407, "Actual Total Time": 4465.33, "Actual Rows": 36604, "Actual Loops": 1, "Inner Unique": false, "Plans": [{"Node Type": "Seq Scan", "Parent Relationship": "Outer", "Relation Name": "customer", "Alias": "customer", "Startup Cost": 0.0, "Total Cost": 76501.0, "Plan Rows": 17500, "Plan Width": 32, "Actual Startup Time": 1991.334, "Actual Total Time": 3313.189, "Actual Rows": 109197, "Actual Loops": 1, "Filter": "((c_acctbal > $0) AND (\"substring\"((c_phone)::text, 1, 2) = ANY ('{20,40,22,30,39,42,21}'::text[])))", "Rows Removed by Filter": 1390803}, {"Node Type": "Bitmap Heap Scan", "Parent Relationship": "Inner", "Relation Name": "orders", "Alias": "orders", "Startup Cost": 3.75, "Total Cost": 19.76, "Plan Rows": 4, "Plan Width": 8, "Actual Startup Time": 965.354, "Actual Total Time": 965.354, "Actual Rows": 72593, "Actual Loops": 109197, "Recheck Cond": "(o_custkey = public.customer.c_custkey)", "Rows Removed by Index Recheck": 0, "Exact Heap Blocks": 72593, "Lossy Heap Blocks": 72593, "Plans": [{"Node Type": "Bitmap Index Scan", "Parent Relationship": "Outer", "Index Name": "idx_orders_custkey", "Startup Cost": 0.0, "Total Cost": 3.75, "Plan Rows": 4, "Plan Width": 0, "Actual Startup Time": 601.574, "Actual Total Time": 601.574, "Actual Rows": 1091631, "Actual Loops": 109197, "Index Cond": "(o_custkey = public.customer.c_custkey)"}]}]}]}]}, "Triggers": [], "Planner Runtime": 0.755, "Total Runtime": 4492.429, "Unique SQL Id": 2798552886}}, "(16, 51)": {"explain_plan": {"Plan": {"Node Type": "Sort", "Startup Cost": 2000018337677.51, "Total Cost": 2000018337677.51, "Plan Rows": 1, "Plan Width": 40, "Sort Key": ["(\"substring\"((public.customer.c_phone)::text, 1, 2))"], "Plans": [{"Node Type": "Aggregate", "Strategy": "Plain", "Parent Relationship": "exec_init_plan", "Subplan Name": "InitPlan 1 (returns $0)", "Startup Cost": 1000007650219.14, "Total Cost": 1000007650219.15, "Plan Rows": 1, "Plan Width": 40, "Plans": [{"Node Type": "Seq Scan", "Parent Relationship": "Outer", "Relation Name": "customer", "Alias": "customer", "Startup Cost": 10000000012.75, "Total Cost": 1000007650100.0, "Plan Rows": 47655, "Plan Width": 8, "Filter": "((c_acctbal > 0::double precision) AND (\"substring\"((c_phone)::text, 1, 2) = ANY ('{20,40,22,30,39,42,21}'::text[])))"}]}, {"Node Type": "Aggregate", "Strategy": "Hashed", "Parent Relationship": "Outer", "Startup Cost": 1000010687458.33, "Total Cost": 1000010687458.35, "Plan Rows": 1, "Plan Width": 40, "Group By Key": ["\"substring\"((public.customer.c_phone)::text, 1, 2)"], "Plans": [{"Node Type": "Nested Loop", "Parent Relationship": "Outer", "Join Type": "Anti", "Startup Cost": 10000000003.75, "Total Cost": 1000010687458.32, "Plan Rows": 1, "Plan Width": 24, "Inner Unique": false, "Plans": [{"Node Type": "Index Scan", "Parent Relationship": "Outer", "Scan Direction": "Forward", "Index Name": "customer_pkey", "Relation Name": "customer", "Alias": "customer", "Startup Cost": 10000000000.0, "Total Cost": 1000010514035.62, "Plan Rows": 17500, "Plan Width": 32, "Filter": "((c_acctbal > $0) AND (\"substring\"((c_phone)::text, 1, 2) = ANY ('{20,40,22,30,39,42,21}'::text[])))"}, {"Node Type": "Bitmap Heap Scan", "Parent Relationship": "Inner", "Relation Name": "orders", "Alias": "orders", "Startup Cost": 3.75, "Total Cost": 19.76, "Plan Rows": 4, "Plan Width": 8, "Recheck Cond": "(o_custkey = public.customer.c_custkey)", "Plans": [{"Node Type": "Bitmap Index Scan", "Parent Relationship": "Outer", "Index Name": "idx_orders_custkey", "Startup Cost": 0.0, "Total Cost": 3.75, "Plan Rows": 4, "Plan Width": 0, "Index Cond": "(o_custkey = public.customer.c_custkey)"}]}]}]}]}, "Unique SQL Id": 2798552886}, "explain_analyze_plan": {"Plan": {"Node Type": "Sort", "Startup Cost": 2000018337677.51, "Total Cost": 2000018337677.51, "Plan Rows": 1, "Plan Width": 40, "Actual Startup Time": 5045.7, "Actual Total Time": 5045.7, "Actual Rows": 4, "Actual Loops": 1, "Sort Key": ["(\"substring\"((public.customer.c_phone)::text, 1, 2))"], "Sort Method": "quicksort", "Sort Space Used": 25, "Sort Space Type": "Memory", "Plans": [{"Node Type": "Aggregate", "Strategy": "Plain", "Parent Relationship": "exec_init_plan", "Subplan Name": "InitPlan 1 (returns $0)", "Startup Cost": 1000007650219.14, "Total Cost": 1000007650219.15, "Plan Rows": 1, "Plan Width": 40, "Actual Startup Time": 1994.893, "Actual Total Time": 1994.893, "Actual Rows": 1, "Actual Loops": 1, "Plans": [{"Node Type": "Seq Scan", "Parent Relationship": "Outer", "Relation Name": "customer", "Alias": "customer", "Startup Cost": 10000000012.75, "Total Cost": 1000007650100.0, "Plan Rows": 47655, "Plan Width": 8, "Actual Startup Time": 0.036, "Actual Total Time": 1899.86, "Actual Rows": 218121, "Actual Loops": 1, "Filter": "((c_acctbal > 0::double precision) AND (\"substring\"((c_phone)::text, 1, 2) = ANY ('{20,40,22,30,39,42,21}'::text[])))", "Rows Removed by Filter": 1281879}]}, {"Node Type": "Aggregate", "Strategy": "Hashed", "Parent Relationship": "Outer", "Startup Cost": 1000010687458.33, "Total Cost": 1000010687458.35, "Plan Rows": 1, "Plan Width": 40, "Actual Startup Time": 5045.657, "Actual Total Time": 5045.657, "Actual Rows": 4, "Actual Loops": 1, "Group By Key": ["\"substring\"((public.customer.c_phone)::text, 1, 2)"], "Plans": [{"Node Type": "Nested Loop", "Parent Relationship": "Outer", "Join Type": "Anti", "Startup Cost": 10000000003.75, "Total Cost": 1000010687458.32, "Plan Rows": 1, "Plan Width": 24, "Actual Startup Time": 1995.077, "Actual Total Time": 5019.031, "Actual Rows": 36604, "Actual Loops": 1, "Inner Unique": false, "Plans": [{"Node Type": "Index Scan", "Parent Relationship": "Outer", "Scan Direction": "Forward", "Index Name": "customer_pkey", "Relation Name": "customer", "Alias": "customer", "Startup Cost": 10000000000.0, "Total Cost": 1000010514035.62, "Plan Rows": 17500, "Plan Width": 32, "Actual Startup Time": 1995.001, "Actual Total Time": 3864.643, "Actual Rows": 109197, "Actual Loops": 1, "Filter": "((c_acctbal > $0) AND (\"substring\"((c_phone)::text, 1, 2) = ANY ('{20,40,22,30,39,42,21}'::text[])))", "Rows Removed by Filter": 1390803}, {"Node Type": "Bitmap Heap Scan", "Parent Relationship": "Inner", "Relation Name": "orders", "Alias": "orders", "Startup Cost": 3.75, "Total Cost": 19.76, "Plan Rows": 4, "Plan Width": 8, "Actual Startup Time": 963.288, "Actual Total Time": 963.288, "Actual Rows": 72593, "Actual Loops": 109197, "Recheck Cond": "(o_custkey = public.customer.c_custkey)", "Rows Removed by Index Recheck": 0, "Exact Heap Blocks": 72593, "Lossy Heap Blocks": 72593, "Plans": [{"Node Type": "Bitmap Index Scan", "Parent Relationship": "Outer", "Index Name": "idx_orders_custkey", "Startup Cost": 0.0, "Total Cost": 3.75, "Plan Rows": 4, "Plan Width": 0, "Actual Startup Time": 588.006, "Actual Total Time": 588.006, "Actual Rows": 1091631, "Actual Loops": 109197, "Index Cond": "(o_custkey = public.customer.c_custkey)"}]}]}]}]}, "Triggers": [], "Planner Runtime": 0.768, "Total Runtime": 5045.883, "Unique SQL Id": 2798552886}}, "(16, 52)": {"explain_plan": {"Plan": {"Node Type": "Sort", "Startup Cost": 274230.79, "Total Cost": 274230.8, "Plan Rows": 1, "Plan Width": 40, "Sort Key": ["(\"substring\"((public.customer.c_phone)::text, 1, 2))"], "Plans": [{"Node Type": "Aggregate", "Strategy": "Plain", "Parent Relationship": "exec_init_plan", "Subplan Name": "InitPlan 1 (returns $0)", "Startup Cost": 76620.14, "Total Cost": 76620.15, "Plan Rows": 1, "Plan Width": 40, "Plans": [{"Node Type": "Seq Scan", "Parent Relationship": "Outer", "Relation Name": "customer", "Alias": "customer", "Startup Cost": 12.95, "Total Cost": 76501.0, "Plan Rows": 47655, "Plan Width": 8, "Filter": "((c_acctbal > 0::double precision) AND (\"substring\"((c_phone)::text, 1, 2) = ANY ('{20,40,22,30,39,42,21}'::text[])))"}]}, {"Node Type": "Aggregate", "Strategy": "Hashed", "Parent Relationship": "Outer", "Startup Cost": 197610.62, "Total Cost": 197610.63, "Plan Rows": 1, "Plan Width": 40, "Group By Key": ["\"substring\"((public.customer.c_phone)::text, 1, 2)"], "Plans": [{"Node Type": "Nested Loop", "Parent Relationship": "Outer", "Join Type": "Anti", "Startup Cost": 0.0, "Total Cost": 197610.61, "Plan Rows": 1, "Plan Width": 24, "Inner Unique": false, "Plans": [{"Node Type": "Seq Scan", "Parent Relationship": "Outer", "Relation Name": "customer", "Alias": "customer", "Startup Cost": 0.0, "Total Cost": 76501.0, "Plan Rows": 17500, "Plan Width": 32, "Filter": "((c_acctbal > $0) AND (\"substring\"((c_phone)::text, 1, 2) = ANY ('{20,40,22,30,39,42,21}'::text[])))"}, {"Node Type": "Index Scan", "Parent Relationship": "Inner", "Scan Direction": "Forward", "Index Name": "idx_orders_custkey", "Relation Name": "orders", "Alias": "orders", "Startup Cost": 0.0, "Total Cost": 17.99, "Plan Rows": 4, "Plan Width": 8, "Index Cond": "(o_custkey = public.customer.c_custkey)"}]}]}]}, "Unique SQL Id": 2798552886}, "explain_analyze_plan": {"Plan": {"Node Type": "Sort", "Startup Cost": 274230.79, "Total Cost": 274230.8, "Plan Rows": 1, "Plan Width": 40, "Actual Startup Time": 4031.791, "Actual Total Time": 4031.792, "Actual Rows": 4, "Actual Loops": 1, "Sort Key": ["(\"substring\"((public.customer.c_phone)::text, 1, 2))"], "Sort Method": "quicksort", "Sort Space Used": 25, "Sort Space Type": "Memory", "Plans": [{"Node Type": "Aggregate", "Strategy": "Plain", "Parent Relationship": "exec_init_plan", "Subplan Name": "InitPlan 1 (returns $0)", "Startup Cost": 76620.14, "Total Cost": 76620.15, "Plan Rows": 1, "Plan Width": 40, "Actual Startup Time": 1993.693, "Actual Total Time": 1993.694, "Actual Rows": 1, "Actual Loops": 1, "Plans": [{"Node Type": "Seq Scan", "Parent Relationship": "Outer", "Relation Name": "customer", "Alias": "customer", "Startup Cost": 12.95, "Total Cost": 76501.0, "Plan Rows": 47655, "Plan Width": 8, "Actual Startup Time": 0.034, "Actual Total Time": 1897.714, "Actual Rows": 218121, "Actual Loops": 1, "Filter": "((c_acctbal > 0::double precision) AND (\"substring\"((c_phone)::text, 1, 2) = ANY ('{20,40,22,30,39,42,21}'::text[])))", "Rows Removed by Filter": 1281879}]}, {"Node Type": "Aggregate", "Strategy": "Hashed", "Parent Relationship": "Outer", "Startup Cost": 197610.62, "Total Cost": 197610.63, "Plan Rows": 1, "Plan Width": 40, "Actual Startup Time": 4031.76, "Actual Total Time": 4031.761, "Actual Rows": 4, "Actual Loops": 1, "Group By Key": ["\"substring\"((public.customer.c_phone)::text, 1, 2)"], "Plans": [{"Node Type": "Nested Loop", "Parent Relationship": "Outer", "Join Type": "Anti", "Startup Cost": 0.0, "Total Cost": 197610.61, "Plan Rows": 1, "Plan Width": 24, "Actual Startup Time": 1993.926, "Actual Total Time": 4008.675, "Actual Rows": 36604, "Actual Loops": 1, "Inner Unique": false, "Plans": [{"Node Type": "Seq Scan", "Parent Relationship": "Outer", "Relation Name": "customer", "Alias": "customer", "Startup Cost": 0.0, "Total Cost": 76501.0, "Plan Rows": 17500, "Plan Width": 32, "Actual Startup Time": 1993.871, "Actual Total Time": 3286.163, "Actual Rows": 109197, "Actual Loops": 1, "Filter": "((c_acctbal > $0) AND (\"substring\"((c_phone)::text, 1, 2) = ANY ('{20,40,22,30,39,42,21}'::text[])))", "Rows Removed by Filter": 1390803}, {"Node Type": "Index Scan", "Parent Relationship": "Inner", "Scan Direction": "Forward", "Index Name": "idx_orders_custkey", "Relation Name": "orders", "Alias": "orders", "Startup Cost": 0.0, "Total Cost": 17.99, "Plan Rows": 4, "Plan Width": 8, "Actual Startup Time": 615.26, "Actual Total Time": 615.26, "Actual Rows": 72593, "Actual Loops": 109197, "Index Cond": "(o_custkey = public.customer.c_custkey)", "Rows Removed by Index Recheck": 0}]}]}]}, "Triggers": [], "Planner Runtime": 0.724, "Total Runtime": 4031.974, "Unique SQL Id": 2798552886}}, "(16, 53)": {"explain_plan": {"Plan": {"Node Type": "Sort", "Startup Cost": 1000007876469.15, "Total Cost": 1000007876469.15, "Plan Rows": 1, "Plan Width": 40, "Sort Key": ["(\"substring\"((public.customer.c_phone)::text, 1, 2))"], "Plans": [{"Node Type": "Aggregate", "Strategy": "Plain", "Parent Relationship": "exec_init_plan", "Subplan Name": "InitPlan 1 (returns $0)", "Startup Cost": 1000007650219.14, "Total Cost": 1000007650219.15, "Plan Rows": 1, "Plan Width": 40, "Plans": [{"Node Type": "Seq Scan", "Parent Relationship": "Outer", "Relation Name": "customer", "Alias": "customer", "Startup Cost": 10000000012.75, "Total Cost": 1000007650100.0, "Plan Rows": 47655, "Plan Width": 8, "Filter": "((c_acctbal > 0::double precision) AND (\"substring\"((c_phone)::text, 1, 2) = ANY ('{20,40,22,30,39,42,21}'::text[])))"}]}, {"Node Type": "Aggregate", "Strategy": "Hashed", "Parent Relationship": "Outer", "Startup Cost": 226249.97, "Total Cost": 226249.99, "Plan Rows": 1, "Plan Width": 40, "Group By Key": ["\"substring\"((public.customer.c_phone)::text, 1, 2)"], "Plans": [{"Node Type": "Nested Loop", "Parent Relationship": "Outer", "Join Type": "Anti", "Startup Cost": 0.0, "Total Cost": 226249.97, "Plan Rows": 1, "Plan Width": 24, "Inner Unique": false, "Plans": [{"Node Type": "Index Scan", "Parent Relationship": "Outer", "Scan Direction": "Forward", "Index Name": "customer_pkey", "Relation Name": "customer", "Alias": "customer", "Startup Cost": 0.0, "Total Cost": 105140.36, "Plan Rows": 17500, "Plan Width": 32, "Filter": "((c_acctbal > $0) AND (\"substring\"((c_phone)::text, 1, 2) = ANY ('{20,40,22,30,39,42,21}'::text[])))"}, {"Node Type": "Index Scan", "Parent Relationship": "Inner", "Scan Direction": "Forward", "Index Name": "idx_orders_custkey", "Relation Name": "orders", "Alias": "orders", "Startup Cost": 0.0, "Total Cost": 17.99, "Plan Rows": 4, "Plan Width": 8, "Index Cond": "(o_custkey = public.customer.c_custkey)"}]}]}]}, "Unique SQL Id": 2798552886}, "explain_analyze_plan": {"Plan": {"Node Type": "Sort", "Startup Cost": 1000007876469.15, "Total Cost": 1000007876469.15, "Plan Rows": 1, "Plan Width": 40, "Actual Startup Time": 4555.194, "Actual Total Time": 4555.195, "Actual Rows": 4, "Actual Loops": 1, "Sort Key": ["(\"substring\"((public.customer.c_phone)::text, 1, 2))"], "Sort Method": "quicksort", "Sort Space Used": 25, "Sort Space Type": "Memory", "Plans": [{"Node Type": "Aggregate", "Strategy": "Plain", "Parent Relationship": "exec_init_plan", "Subplan Name": "InitPlan 1 (returns $0)", "Startup Cost": 1000007650219.14, "Total Cost": 1000007650219.15, "Plan Rows": 1, "Plan Width": 40, "Actual Startup Time": 2007.503, "Actual Total Time": 2007.503, "Actual Rows": 1, "Actual Loops": 1, "Plans": [{"Node Type": "Seq Scan", "Parent Relationship": "Outer", "Relation Name": "customer", "Alias": "customer", "Startup Cost": 10000000012.75, "Total Cost": 1000007650100.0, "Plan Rows": 47655, "Plan Width": 8, "Actual Startup Time": 0.039, "Actual Total Time": 1912.456, "Actual Rows": 218121, "Actual Loops": 1, "Filter": "((c_acctbal > 0::double precision) AND (\"substring\"((c_phone)::text, 1, 2) = ANY ('{20,40,22,30,39,42,21}'::text[])))", "Rows Removed by Filter": 1281879}]}, {"Node Type": "Aggregate", "Strategy": "Hashed", "Parent Relationship": "Outer", "Startup Cost": 226249.97, "Total Cost": 226249.99, "Plan Rows": 1, "Plan Width": 40, "Actual Startup Time": 4555.155, "Actual Total Time": 4555.158, "Actual Rows": 4, "Actual Loops": 1, "Group By Key": ["\"substring\"((public.customer.c_phone)::text, 1, 2)"], "Plans": [{"Node Type": "Nested Loop", "Parent Relationship": "Outer", "Join Type": "Anti", "Startup Cost": 0.0, "Total Cost": 226249.97, "Plan Rows": 1, "Plan Width": 24, "Actual Startup Time": 2007.614, "Actual Total Time": 4531.932, "Actual Rows": 36604, "Actual Loops": 1, "Inner Unique": false, "Plans": [{"Node Type": "Index Scan", "Parent Relationship": "Outer", "Scan Direction": "Forward", "Index Name": "customer_pkey", "Relation Name": "customer", "Alias": "customer", "Startup Cost": 0.0, "Total Cost": 105140.36, "Plan Rows": 17500, "Plan Width": 32, "Actual Startup Time": 2007.576, "Actual Total Time": 3796.184, "Actual Rows": 109197, "Actual Loops": 1, "Filter": "((c_acctbal > $0) AND (\"substring\"((c_phone)::text, 1, 2) = ANY ('{20,40,22,30,39,42,21}'::text[])))", "Rows Removed by Filter": 1390803}, {"Node Type": "Index Scan", "Parent Relationship": "Inner", "Scan Direction": "Forward", "Index Name": "idx_orders_custkey", "Relation Name": "orders", "Alias": "orders", "Startup Cost": 0.0, "Total Cost": 17.99, "Plan Rows": 4, "Plan Width": 8, "Actual Startup Time": 628.013, "Actual Total Time": 628.013, "Actual Rows": 72593, "Actual Loops": 109197, "Index Cond": "(o_custkey = public.customer.c_custkey)", "Rows Removed by Index Recheck": 0}]}]}]}, "Triggers": [], "Planner Runtime": 0.762, "Total Runtime": 4555.366, "Unique SQL Id": 2798552886}}, "(16, 54)": {"explain_plan": {"Plan": {"Node Type": "Sort", "Startup Cost": 326543.88, "Total Cost": 326543.89, "Plan Rows": 1, "Plan Width": 40, "Sort Key": ["(\"substring\"((public.customer.c_phone)::text, 1, 2))"], "Plans": [{"Node Type": "Aggregate", "Strategy": "Plain", "Parent Relationship": "exec_init_plan", "Subplan Name": "InitPlan 1 (returns $0)", "Startup Cost": 76620.14, "Total Cost": 76620.15, "Plan Rows": 1, "Plan Width": 40, "Plans": [{"Node Type": "Seq Scan", "Parent Relationship": "Outer", "Relation Name": "customer", "Alias": "customer", "Startup Cost": 12.95, "Total Cost": 76501.0, "Plan Rows": 47655, "Plan Width": 8, "Filter": "((c_acctbal > 0::double precision) AND (\"substring\"((c_phone)::text, 1, 2) = ANY ('{20,40,22,30,39,42,21}'::text[])))"}]}, {"Node Type": "Aggregate", "Strategy": "Hashed", "Parent Relationship": "Outer", "Startup Cost": 249923.71, "Total Cost": 249923.72, "Plan Rows": 1, "Plan Width": 40, "Group By Key": ["\"substring\"((public.customer.c_phone)::text, 1, 2)"], "Plans": [{"Node Type": "Nested Loop", "Parent Relationship": "Outer", "Join Type": "Anti", "Startup Cost": 3.75, "Total Cost": 249923.7, "Plan Rows": 1, "Plan Width": 24, "Inner Unique": false, "Plans": [{"Node Type": "Seq Scan", "Parent Relationship": "Outer", "Relation Name": "customer", "Alias": "customer", "Startup Cost": 0.0, "Total Cost": 76501.0, "Plan Rows": 17500, "Plan Width": 32, "Filter": "((c_acctbal > $0) AND (\"substring\"((c_phone)::text, 1, 2) = ANY ('{20,40,22,30,39,42,21}'::text[])))"}, {"Node Type": "Bitmap Heap Scan", "Parent Relationship": "Inner", "Relation Name": "orders", "Alias": "orders", "Startup Cost": 3.75, "Total Cost": 19.76, "Plan Rows": 4, "Plan Width": 8, "Recheck Cond": "(o_custkey = public.customer.c_custkey)", "Plans": [{"Node Type": "Bitmap Index Scan", "Parent Relationship": "Outer", "Index Name": "idx_orders_custkey", "Startup Cost": 0.0, "Total Cost": 3.75, "Plan Rows": 4, "Plan Width": 0, "Index Cond": "(o_custkey = public.customer.c_custkey)"}]}]}]}]}, "Unique SQL Id": 2798552886}, "explain_analyze_plan": {"Plan": {"Node Type": "Sort", "Startup Cost": 326543.88, "Total Cost": 326543.89, "Plan Rows": 1, "Plan Width": 40, "Actual Startup Time": 4492.233, "Actual Total Time": 4492.235, "Actual Rows": 4, "Actual Loops": 1, "Sort Key": ["(\"substring\"((public.customer.c_phone)::text, 1, 2))"], "Sort Method": "quicksort", "Sort Space Used": 25, "Sort Space Type": "Memory", "Plans": [{"Node Type": "Aggregate", "Strategy": "Plain", "Parent Relationship": "exec_init_plan", "Subplan Name": "InitPlan 1 (returns $0)", "Startup Cost": 76620.14, "Total Cost": 76620.15, "Plan Rows": 1, "Plan Width": 40, "Actual Startup Time": 1991.263, "Actual Total Time": 1991.264, "Actual Rows": 1, "Actual Loops": 1, "Plans": [{"Node Type": "Seq Scan", "Parent Relationship": "Outer", "Relation Name": "customer", "Alias": "customer", "Startup Cost": 12.95, "Total Cost": 76501.0, "Plan Rows": 47655, "Plan Width": 8, "Actual Startup Time": 0.029, "Actual Total Time": 1896.473, "Actual Rows": 218121, "Actual Loops": 1, "Filter": "((c_acctbal > 0::double precision) AND (\"substring\"((c_phone)::text, 1, 2) = ANY ('{20,40,22,30,39,42,21}'::text[])))", "Rows Removed by Filter": 1281879}]}, {"Node Type": "Aggregate", "Strategy": "Hashed", "Parent Relationship": "Outer", "Startup Cost": 249923.71, "Total Cost": 249923.72, "Plan Rows": 1, "Plan Width": 40, "Actual Startup Time": 4492.108, "Actual Total Time": 4492.121, "Actual Rows": 4, "Actual Loops": 1, "Group By Key": ["\"substring\"((public.customer.c_phone)::text, 1, 2)"], "Plans": [{"Node Type": "Nested Loop", "Parent Relationship": "Outer", "Join Type": "Anti", "Startup Cost": 3.75, "Total Cost": 249923.7, "Plan Rows": 1, "Plan Width": 24, "Actual Startup Time": 1991.407, "Actual Total Time": 4465.33, "Actual Rows": 36604, "Actual Loops": 1, "Inner Unique": false, "Plans": [{"Node Type": "Seq Scan", "Parent Relationship": "Outer", "Relation Name": "customer", "Alias": "customer", "Startup Cost": 0.0, "Total Cost": 76501.0, "Plan Rows": 17500, "Plan Width": 32, "Actual Startup Time": 1991.334, "Actual Total Time": 3313.189, "Actual Rows": 109197, "Actual Loops": 1, "Filter": "((c_acctbal > $0) AND (\"substring\"((c_phone)::text, 1, 2) = ANY ('{20,40,22,30,39,42,21}'::text[])))", "Rows Removed by Filter": 1390803}, {"Node Type": "Bitmap Heap Scan", "Parent Relationship": "Inner", "Relation Name": "orders", "Alias": "orders", "Startup Cost": 3.75, "Total Cost": 19.76, "Plan Rows": 4, "Plan Width": 8, "Actual Startup Time": 965.354, "Actual Total Time": 965.354, "Actual Rows": 72593, "Actual Loops": 109197, "Recheck Cond": "(o_custkey = public.customer.c_custkey)", "Rows Removed by Index Recheck": 0, "Exact Heap Blocks": 72593, "Lossy Heap Blocks": 72593, "Plans": [{"Node Type": "Bitmap Index Scan", "Parent Relationship": "Outer", "Index Name": "idx_orders_custkey", "Startup Cost": 0.0, "Total Cost": 3.75, "Plan Rows": 4, "Plan Width": 0, "Actual Startup Time": 601.574, "Actual Total Time": 601.574, "Actual Rows": 1091631, "Actual Loops": 109197, "Index Cond": "(o_custkey = public.customer.c_custkey)"}]}]}]}]}, "Triggers": [], "Planner Runtime": 0.755, "Total Runtime": 4492.429, "Unique SQL Id": 2798552886}}, "(16, 55)": {"explain_plan": {"Plan": {"Node Type": "Sort", "Startup Cost": 2000018337677.51, "Total Cost": 2000018337677.51, "Plan Rows": 1, "Plan Width": 40, "Sort Key": ["(\"substring\"((public.customer.c_phone)::text, 1, 2))"], "Plans": [{"Node Type": "Aggregate", "Strategy": "Plain", "Parent Relationship": "exec_init_plan", "Subplan Name": "InitPlan 1 (returns $0)", "Startup Cost": 1000007650219.14, "Total Cost": 1000007650219.15, "Plan Rows": 1, "Plan Width": 40, "Plans": [{"Node Type": "Seq Scan", "Parent Relationship": "Outer", "Relation Name": "customer", "Alias": "customer", "Startup Cost": 10000000012.75, "Total Cost": 1000007650100.0, "Plan Rows": 47655, "Plan Width": 8, "Filter": "((c_acctbal > 0::double precision) AND (\"substring\"((c_phone)::text, 1, 2) = ANY ('{20,40,22,30,39,42,21}'::text[])))"}]}, {"Node Type": "Aggregate", "Strategy": "Hashed", "Parent Relationship": "Outer", "Startup Cost": 1000010687458.33, "Total Cost": 1000010687458.35, "Plan Rows": 1, "Plan Width": 40, "Group By Key": ["\"substring\"((public.customer.c_phone)::text, 1, 2)"], "Plans": [{"Node Type": "Nested Loop", "Parent Relationship": "Outer", "Join Type": "Anti", "Startup Cost": 10000000003.75, "Total Cost": 1000010687458.32, "Plan Rows": 1, "Plan Width": 24, "Inner Unique": false, "Plans": [{"Node Type": "Index Scan", "Parent Relationship": "Outer", "Scan Direction": "Forward", "Index Name": "customer_pkey", "Relation Name": "customer", "Alias": "customer", "Startup Cost": 10000000000.0, "Total Cost": 1000010514035.62, "Plan Rows": 17500, "Plan Width": 32, "Filter": "((c_acctbal > $0) AND (\"substring\"((c_phone)::text, 1, 2) = ANY ('{20,40,22,30,39,42,21}'::text[])))"}, {"Node Type": "Bitmap Heap Scan", "Parent Relationship": "Inner", "Relation Name": "orders", "Alias": "orders", "Startup Cost": 3.75, "Total Cost": 19.76, "Plan Rows": 4, "Plan Width": 8, "Recheck Cond": "(o_custkey = public.customer.c_custkey)", "Plans": [{"Node Type": "Bitmap Index Scan", "Parent Relationship": "Outer", "Index Name": "idx_orders_custkey", "Startup Cost": 0.0, "Total Cost": 3.75, "Plan Rows": 4, "Plan Width": 0, "Index Cond": "(o_custkey = public.customer.c_custkey)"}]}]}]}]}, "Unique SQL Id": 2798552886}, "explain_analyze_plan": {"Plan": {"Node Type": "Sort", "Startup Cost": 2000018337677.51, "Total Cost": 2000018337677.51, "Plan Rows": 1, "Plan Width": 40, "Actual Startup Time": 5045.7, "Actual Total Time": 5045.7, "Actual Rows": 4, "Actual Loops": 1, "Sort Key": ["(\"substring\"((public.customer.c_phone)::text, 1, 2))"], "Sort Method": "quicksort", "Sort Space Used": 25, "Sort Space Type": "Memory", "Plans": [{"Node Type": "Aggregate", "Strategy": "Plain", "Parent Relationship": "exec_init_plan", "Subplan Name": "InitPlan 1 (returns $0)", "Startup Cost": 1000007650219.14, "Total Cost": 1000007650219.15, "Plan Rows": 1, "Plan Width": 40, "Actual Startup Time": 1994.893, "Actual Total Time": 1994.893, "Actual Rows": 1, "Actual Loops": 1, "Plans": [{"Node Type": "Seq Scan", "Parent Relationship": "Outer", "Relation Name": "customer", "Alias": "customer", "Startup Cost": 10000000012.75, "Total Cost": 1000007650100.0, "Plan Rows": 47655, "Plan Width": 8, "Actual Startup Time": 0.036, "Actual Total Time": 1899.86, "Actual Rows": 218121, "Actual Loops": 1, "Filter": "((c_acctbal > 0::double precision) AND (\"substring\"((c_phone)::text, 1, 2) = ANY ('{20,40,22,30,39,42,21}'::text[])))", "Rows Removed by Filter": 1281879}]}, {"Node Type": "Aggregate", "Strategy": "Hashed", "Parent Relationship": "Outer", "Startup Cost": 1000010687458.33, "Total Cost": 1000010687458.35, "Plan Rows": 1, "Plan Width": 40, "Actual Startup Time": 5045.657, "Actual Total Time": 5045.657, "Actual Rows": 4, "Actual Loops": 1, "Group By Key": ["\"substring\"((public.customer.c_phone)::text, 1, 2)"], "Plans": [{"Node Type": "Nested Loop", "Parent Relationship": "Outer", "Join Type": "Anti", "Startup Cost": 10000000003.75, "Total Cost": 1000010687458.32, "Plan Rows": 1, "Plan Width": 24, "Actual Startup Time": 1995.077, "Actual Total Time": 5019.031, "Actual Rows": 36604, "Actual Loops": 1, "Inner Unique": false, "Plans": [{"Node Type": "Index Scan", "Parent Relationship": "Outer", "Scan Direction": "Forward", "Index Name": "customer_pkey", "Relation Name": "customer", "Alias": "customer", "Startup Cost": 10000000000.0, "Total Cost": 1000010514035.62, "Plan Rows": 17500, "Plan Width": 32, "Actual Startup Time": 1995.001, "Actual Total Time": 3864.643, "Actual Rows": 109197, "Actual Loops": 1, "Filter": "((c_acctbal > $0) AND (\"substring\"((c_phone)::text, 1, 2) = ANY ('{20,40,22,30,39,42,21}'::text[])))", "Rows Removed by Filter": 1390803}, {"Node Type": "Bitmap Heap Scan", "Parent Relationship": "Inner", "Relation Name": "orders", "Alias": "orders", "Startup Cost": 3.75, "Total Cost": 19.76, "Plan Rows": 4, "Plan Width": 8, "Actual Startup Time": 963.288, "Actual Total Time": 963.288, "Actual Rows": 72593, "Actual Loops": 109197, "Recheck Cond": "(o_custkey = public.customer.c_custkey)", "Rows Removed by Index Recheck": 0, "Exact Heap Blocks": 72593, "Lossy Heap Blocks": 72593, "Plans": [{"Node Type": "Bitmap Index Scan", "Parent Relationship": "Outer", "Index Name": "idx_orders_custkey", "Startup Cost": 0.0, "Total Cost": 3.75, "Plan Rows": 4, "Plan Width": 0, "Actual Startup Time": 588.006, "Actual Total Time": 588.006, "Actual Rows": 1091631, "Actual Loops": 109197, "Index Cond": "(o_custkey = public.customer.c_custkey)"}]}]}]}]}, "Triggers": [], "Planner Runtime": 0.768, "Total Runtime": 5045.883, "Unique SQL Id": 2798552886}}, "(16, 56)": {"explain_plan": {"Plan": {"Node Type": "Sort", "Startup Cost": 178853.67, "Total Cost": 178853.67, "Plan Rows": 1, "Plan Width": 40, "Sort Key": ["(\"substring\"((public.customer.c_phone)::text, 1, 2))"], "Plans": [{"Node Type": "Aggregate", "Strategy": "Plain", "Parent Relationship": "exec_init_plan", "Subplan Name": "InitPlan 1 (returns $0)", "Startup Cost": 76620.14, "Total Cost": 76620.15, "Plan Rows": 1, "Plan Width": 40, "Plans": [{"Node Type": "Seq Scan", "Parent Relationship": "Outer", "Relation Name": "customer", "Alias": "customer", "Startup Cost": 12.95, "Total Cost": 76501.0, "Plan Rows": 47655, "Plan Width": 8, "Filter": "((c_acctbal > 0::double precision) AND (\"substring\"((c_phone)::text, 1, 2) = ANY ('{20,40,22,30,39,42,21}'::text[])))"}]}, {"Node Type": "Aggregate", "Strategy": "Hashed", "Parent Relationship": "Outer", "Startup Cost": 102233.49, "Total Cost": 102233.51, "Plan Rows": 1, "Plan Width": 40, "Group By Key": ["\"substring\"((public.customer.c_phone)::text, 1, 2)"], "Plans": [{"Node Type": "Nested Loop", "Parent Relationship": "Outer", "Join Type": "Anti", "Startup Cost": 0.0, "Total Cost": 102233.49, "Plan Rows": 1, "Plan Width": 24, "Inner Unique": false, "Plans": [{"Node Type": "Seq Scan", "Parent Relationship": "Outer", "Relation Name": "customer", "Alias": "customer", "Startup Cost": 0.0, "Total Cost": 76501.0, "Plan Rows": 17500, "Plan Width": 32, "Filter": "((c_acctbal > $0) AND (\"substring\"((c_phone)::text, 1, 2) = ANY ('{20,40,22,30,39,42,21}'::text[])))"}, {"Node Type": "Index Only Scan", "Parent Relationship": "Inner", "Scan Direction": "Forward", "Index Name": "idx_orders_custkey", "Relation Name": "orders", "Alias": "orders", "Startup Cost": 0.0, "Total Cost": 3.79, "Plan Rows": 4, "Plan Width": 8, "Index Cond": "(o_custkey = public.customer.c_custkey)"}]}]}]}, "Unique SQL Id": 2798552886}, "explain_analyze_plan": {"Plan": {"Node Type": "Sort", "Startup Cost": 178853.67, "Total Cost": 178853.67, "Plan Rows": 1, "Plan Width": 40, "Actual Startup Time": 3898.225, "Actual Total Time": 3898.226, "Actual Rows": 4, "Actual Loops": 1, "Sort Key": ["(\"substring\"((public.customer.c_phone)::text, 1, 2))"], "Sort Method": "quicksort", "Sort Space Used": 25, "Sort Space Type": "Memory", "Plans": [{"Node Type": "Aggregate", "Strategy": "Plain", "Parent Relationship": "exec_init_plan", "Subplan Name": "InitPlan 1 (returns $0)", "Startup Cost": 76620.14, "Total Cost": 76620.15, "Plan Rows": 1, "Plan Width": 40, "Actual Startup Time": 1993.797, "Actual Total Time": 1993.797, "Actual Rows": 1, "Actual Loops": 1, "Plans": [{"Node Type": "Seq Scan", "Parent Relationship": "Outer", "Relation Name": "customer", "Alias": "customer", "Startup Cost": 12.95, "Total Cost": 76501.0, "Plan Rows": 47655, "Plan Width": 8, "Actual Startup Time": 0.028, "Actual Total Time": 1898.824, "Actual Rows": 218121, "Actual Loops": 1, "Filter": "((c_acctbal > 0::double precision) AND (\"substring\"((c_phone)::text, 1, 2) = ANY ('{20,40,22,30,39,42,21}'::text[])))", "Rows Removed by Filter": 1281879}]}, {"Node Type": "Aggregate", "Strategy": "Hashed", "Parent Relationship": "Outer", "Startup Cost": 102233.49, "Total Cost": 102233.51, "Plan Rows": 1, "Plan Width": 40, "Actual Startup Time": 3898.192, "Actual Total Time": 3898.195, "Actual Rows": 4, "Actual Loops": 1, "Group By Key": ["\"substring\"((public.customer.c_phone)::text, 1, 2)"], "Plans": [{"Node Type": "Nested Loop", "Parent Relationship": "Outer", "Join Type": "Anti", "Startup Cost": 0.0, "Total Cost": 102233.49, "Plan Rows": 1, "Plan Width": 24, "Actual Startup Time": 1994.027, "Actual Total Time": 3875.509, "Actual Rows": 36604, "Actual Loops": 1, "Inner Unique": false, "Plans": [{"Node Type": "Seq Scan", "Parent Relationship": "Outer", "Relation Name": "customer", "Alias": "customer", "Startup Cost": 0.0, "Total Cost": 76501.0, "Plan Rows": 17500, "Plan Width": 32, "Actual Startup Time": 1993.955, "Actual Total Time": 3288.893, "Actual Rows": 109197, "Actual Loops": 1, "Filter": "((c_acctbal > $0) AND (\"substring\"((c_phone)::text, 1, 2) = ANY ('{20,40,22,30,39,42,21}'::text[])))", "Rows Removed by Filter": 1390803}, {"Node Type": "Index Only Scan", "Parent Relationship": "Inner", "Scan Direction": "Forward", "Index Name": "idx_orders_custkey", "Relation Name": "orders", "Alias": "orders", "Startup Cost": 0.0, "Total Cost": 3.79, "Plan Rows": 4, "Plan Width": 8, "Actual Startup Time": 484.426, "Actual Total Time": 484.426, "Actual Rows": 72593, "Actual Loops": 109197, "Index Cond": "(o_custkey = public.customer.c_custkey)", "Rows Removed by Index Recheck": 0, "Heap Fetches": 0}]}]}]}, "Triggers": [], "Planner Runtime": 0.759, "Total Runtime": 3898.474, "Unique SQL Id": 2798552886}}, "(16, 57)": {"explain_plan": {"Plan": {"Node Type": "Sort", "Startup Cost": 1000007781092.03, "Total Cost": 1000007781092.03, "Plan Rows": 1, "Plan Width": 40, "Sort Key": ["(\"substring\"((public.customer.c_phone)::text, 1, 2))"], "Plans": [{"Node Type": "Aggregate", "Strategy": "Plain", "Parent Relationship": "exec_init_plan", "Subplan Name": "InitPlan 1 (returns $0)", "Startup Cost": 1000007650219.14, "Total Cost": 1000007650219.15, "Plan Rows": 1, "Plan Width": 40, "Plans": [{"Node Type": "Seq Scan", "Parent Relationship": "Outer", "Relation Name": "customer", "Alias": "customer", "Startup Cost": 10000000012.75, "Total Cost": 1000007650100.0, "Plan Rows": 47655, "Plan Width": 8, "Filter": "((c_acctbal > 0::double precision) AND (\"substring\"((c_phone)::text, 1, 2) = ANY ('{20,40,22,30,39,42,21}'::text[])))"}]}, {"Node Type": "Aggregate", "Strategy": "Hashed", "Parent Relationship": "Outer", "Startup Cost": 130872.85, "Total Cost": 130872.87, "Plan Rows": 1, "Plan Width": 40, "Group By Key": ["\"substring\"((public.customer.c_phone)::text, 1, 2)"], "Plans": [{"Node Type": "Nested Loop", "Parent Relationship": "Outer", "Join Type": "Anti", "Startup Cost": 0.0, "Total Cost": 130872.84, "Plan Rows": 1, "Plan Width": 24, "Inner Unique": false, "Plans": [{"Node Type": "Index Scan", "Parent Relationship": "Outer", "Scan Direction": "Forward", "Index Name": "customer_pkey", "Relation Name": "customer", "Alias": "customer", "Startup Cost": 0.0, "Total Cost": 105140.36, "Plan Rows": 17500, "Plan Width": 32, "Filter": "((c_acctbal > $0) AND (\"substring\"((c_phone)::text, 1, 2) = ANY ('{20,40,22,30,39,42,21}'::text[])))"}, {"Node Type": "Index Only Scan", "Parent Relationship": "Inner", "Scan Direction": "Forward", "Index Name": "idx_orders_custkey", "Relation Name": "orders", "Alias": "orders", "Startup Cost": 0.0, "Total Cost": 3.79, "Plan Rows": 4, "Plan Width": 8, "Index Cond": "(o_custkey = public.customer.c_custkey)"}]}]}]}, "Unique SQL Id": 2798552886}, "explain_analyze_plan": {"Plan": {"Node Type": "Sort", "Startup Cost": 1000007781092.03, "Total Cost": 1000007781092.03, "Plan Rows": 1, "Plan Width": 40, "Actual Startup Time": 4538.566, "Actual Total Time": 4538.567, "Actual Rows": 4, "Actual Loops": 1, "Sort Key": ["(\"substring\"((public.customer.c_phone)::text, 1, 2))"], "Sort Method": "quicksort", "Sort Space Used": 25, "Sort Space Type": "Memory", "Plans": [{"Node Type": "Aggregate", "Strategy": "Plain", "Parent Relationship": "exec_init_plan", "Subplan Name": "InitPlan 1 (returns $0)", "Startup Cost": 1000007650219.14, "Total Cost": 1000007650219.15, "Plan Rows": 1, "Plan Width": 40, "Actual Startup Time": 2004.286, "Actual Total Time": 2004.287, "Actual Rows": 1, "Actual Loops": 1, "Plans": [{"Node Type": "Seq Scan", "Parent Relationship": "Outer", "Relation Name": "customer", "Alias": "customer", "Startup Cost": 10000000012.75, "Total Cost": 1000007650100.0, "Plan Rows": 47655, "Plan Width": 8, "Actual Startup Time": 0.036, "Actual Total Time": 1908.298, "Actual Rows": 218121, "Actual Loops": 1, "Filter": "((c_acctbal > 0::double precision) AND (\"substring\"((c_phone)::text, 1, 2) = ANY ('{20,40,22,30,39,42,21}'::text[])))", "Rows Removed by Filter": 1281879}]}, {"Node Type": "Aggregate", "Strategy": "Hashed", "Parent Relationship": "Outer", "Startup Cost": 130872.85, "Total Cost": 130872.87, "Plan Rows": 1, "Plan Width": 40, "Actual Startup Time": 4538.513, "Actual Total Time": 4538.515, "Actual Rows": 4, "Actual Loops": 1, "Group By Key": ["\"substring\"((public.customer.c_phone)::text, 1, 2)"], "Plans": [{"Node Type": "Nested Loop", "Parent Relationship": "Outer", "Join Type": "Anti", "Startup Cost": 0.0, "Total Cost": 130872.84, "Plan Rows": 1, "Plan Width": 24, "Actual Startup Time": 2004.513, "Actual Total Time": 4515.757, "Actual Rows": 36604, "Actual Loops": 1, "Inner Unique": false, "Plans": [{"Node Type": "Index Scan", "Parent Relationship": "Outer", "Scan Direction": "Forward", "Index Name": "customer_pkey", "Relation Name": "customer", "Alias": "customer", "Startup Cost": 0.0, "Total Cost": 105140.36, "Plan Rows": 17500, "Plan Width": 32, "Actual Startup Time": 2004.451, "Actual Total Time": 3936.374, "Actual Rows": 109197, "Actual Loops": 1, "Filter": "((c_acctbal > $0) AND (\"substring\"((c_phone)::text, 1, 2) = ANY ('{20,40,22,30,39,42,21}'::text[])))", "Rows Removed by Filter": 1390803}, {"Node Type": "Index Only Scan", "Parent Relationship": "Inner", "Scan Direction": "Forward", "Index Name": "idx_orders_custkey", "Relation Name": "orders", "Alias": "orders", "Startup Cost": 0.0, "Total Cost": 3.79, "Plan Rows": 4, "Plan Width": 8, "Actual Startup Time": 476.552, "Actual Total Time": 476.552, "Actual Rows": 72593, "Actual Loops": 109197, "Index Cond": "(o_custkey = public.customer.c_custkey)", "Rows Removed by Index Recheck": 0, "Heap Fetches": 0}]}]}]}, "Triggers": [], "Planner Runtime": 0.761, "Total Runtime": 4538.756, "Unique SQL Id": 2798552886}}, "(16, 58)": {"explain_plan": {"Plan": {"Node Type": "Sort", "Startup Cost": 1511678295.06, "Total Cost": 1511678295.06, "Plan Rows": 1, "Plan Width": 40, "Sort Key": ["(\"substring\"((public.customer.c_phone)::text, 1, 2))"], "Plans": [{"Node Type": "Aggregate", "Strategy": "Plain", "Parent Relationship": "exec_init_plan", "Subplan Name": "InitPlan 1 (returns $0)", "Startup Cost": 76620.14, "Total Cost": 76620.15, "Plan Rows": 1, "Plan Width": 40, "Plans": [{"Node Type": "Seq Scan", "Parent Relationship": "Outer", "Relation Name": "customer", "Alias": "customer", "Startup Cost": 12.95, "Total Cost": 76501.0, "Plan Rows": 47655, "Plan Width": 8, "Filter": "((c_acctbal > 0::double precision) AND (\"substring\"((c_phone)::text, 1, 2) = ANY ('{20,40,22,30,39,42,21}'::text[])))"}]}, {"Node Type": "Aggregate", "Strategy": "Hashed", "Parent Relationship": "Outer", "Startup Cost": 1511601674.88, "Total Cost": 1511601674.9, "Plan Rows": 1, "Plan Width": 40, "Group By Key": ["\"substring\"((public.customer.c_phone)::text, 1, 2)"], "Plans": [{"Node Type": "Nested Loop", "Parent Relationship": "Outer", "Join Type": "Anti", "Startup Cost": 0.0, "Total Cost": 1511601674.88, "Plan Rows": 1, "Plan Width": 24, "Inner Unique": false, "Join Filter": "(orders.o_custkey = public.customer.c_custkey)", "Plans": [{"Node Type": "Seq Scan", "Parent Relationship": "Outer", "Relation Name": "customer", "Alias": "customer", "Startup Cost": 0.0, "Total Cost": 76501.0, "Plan Rows": 17500, "Plan Width": 32, "Filter": "((c_acctbal > $0) AND (\"substring\"((c_phone)::text, 1, 2) = ANY ('{20,40,22,30,39,42,21}'::text[])))"}, {"Node Type": "Materialize", "Parent Relationship": "Inner", "Startup Cost": 0.0, "Total Cost": 501411.19, "Plan Rows": 14999479, "Plan Width": 8, "Plans": [{"Node Type": "Seq Scan", "Parent Relationship": "Outer", "Relation Name": "orders", "Alias": "orders", "Startup Cost": 0.0, "Total Cost": 426413.79, "Plan Rows": 14999479, "Plan Width": 8}]}]}]}]}, "Unique SQL Id": 2798552886}, "explain_analyze_plan": null}, "(16, 59)": {"explain_plan": {"Plan": {"Node Type": "Sort", "Startup Cost": 3001574749058.39, "Total Cost": 3001574749058.39, "Plan Rows": 1, "Plan Width": 40, "Sort Key": ["(\"substring\"((public.customer.c_phone)::text, 1, 2))"], "Plans": [{"Node Type": "Aggregate", "Strategy": "Plain", "Parent Relationship": "exec_init_plan", "Subplan Name": "InitPlan 1 (returns $0)", "Startup Cost": 1000007650219.14, "Total Cost": 1000007650219.15, "Plan Rows": 1, "Plan Width": 40, "Plans": [{"Node Type": "Seq Scan", "Parent Relationship": "Outer", "Relation Name": "customer", "Alias": "customer", "Startup Cost": 10000000012.75, "Total Cost": 1000007650100.0, "Plan Rows": 47655, "Plan Width": 8, "Filter": "((c_acctbal > 0::double precision) AND (\"substring\"((c_phone)::text, 1, 2) = ANY ('{20,40,22,30,39,42,21}'::text[])))"}]}, {"Node Type": "Aggregate", "Strategy": "Hashed", "Parent Relationship": "Outer", "Startup Cost": 2001567098839.21, "Total Cost": 2001567098839.23, "Plan Rows": 1, "Plan Width": 40, "Group By Key": ["\"substring\"((public.customer.c_phone)::text, 1, 2)"], "Plans": [{"Node Type": "Nested Loop", "Parent Relationship": "Outer", "Join Type": "Anti", "Startup Cost": 20000000000.0, "Total Cost": 2001567098839.21, "Plan Rows": 1, "Plan Width": 24, "Inner Unique": false, "Join Filter": "(orders.o_custkey = public.customer.c_custkey)", "Plans": [{"Node Type": "Index Scan", "Parent Relationship": "Outer", "Scan Direction": "Forward", "Index Name": "customer_pkey", "Relation Name": "customer", "Alias": "customer", "Startup Cost": 10000000000.0, "Total Cost": 1000010514035.62, "Plan Rows": 17500, "Plan Width": 32, "Filter": "((c_acctbal > $0) AND (\"substring\"((c_phone)::text, 1, 2) = ANY ('{20,40,22,30,39,42,21}'::text[])))"}, {"Node Type": "Materialize", "Parent Relationship": "Inner", "Startup Cost": 10000000000.0, "Total Cost": 1000045561040.9, "Plan Rows": 14999479, "Plan Width": 8, "Plans": [{"Node Type": "Index Only Scan", "Parent Relationship": "Outer", "Scan Direction": "Forward", "Index Name": "idx_orders_custkey", "Relation Name": "orders", "Alias": "orders", "Startup Cost": 10000000000.0, "Total Cost": 1000045486043.5, "Plan Rows": 14999479, "Plan Width": 8}]}]}]}]}, "Unique SQL Id": 2798552886}, "explain_analyze_plan": null}, "(16, 60)": {"explain_plan": {"Plan": {"Node Type": "Sort", "Startup Cost": 274230.79, "Total Cost": 274230.8, "Plan Rows": 1, "Plan Width": 40, "Sort Key": ["(\"substring\"((public.customer.c_phone)::text, 1, 2))"], "Plans": [{"Node Type": "Aggregate", "Strategy": "Plain", "Parent Relationship": "exec_init_plan", "Subplan Name": "InitPlan 1 (returns $0)", "Startup Cost": 76620.14, "Total Cost": 76620.15, "Plan Rows": 1, "Plan Width": 40, "Plans": [{"Node Type": "Seq Scan", "Parent Relationship": "Outer", "Relation Name": "customer", "Alias": "customer", "Startup Cost": 12.95, "Total Cost": 76501.0, "Plan Rows": 47655, "Plan Width": 8, "Filter": "((c_acctbal > 0::double precision) AND (\"substring\"((c_phone)::text, 1, 2) = ANY ('{20,40,22,30,39,42,21}'::text[])))"}]}, {"Node Type": "Aggregate", "Strategy": "Hashed", "Parent Relationship": "Outer", "Startup Cost": 197610.62, "Total Cost": 197610.63, "Plan Rows": 1, "Plan Width": 40, "Group By Key": ["\"substring\"((public.customer.c_phone)::text, 1, 2)"], "Plans": [{"Node Type": "Nested Loop", "Parent Relationship": "Outer", "Join Type": "Anti", "Startup Cost": 0.0, "Total Cost": 197610.61, "Plan Rows": 1, "Plan Width": 24, "Inner Unique": false, "Plans": [{"Node Type": "Seq Scan", "Parent Relationship": "Outer", "Relation Name": "customer", "Alias": "customer", "Startup Cost": 0.0, "Total Cost": 76501.0, "Plan Rows": 17500, "Plan Width": 32, "Filter": "((c_acctbal > $0) AND (\"substring\"((c_phone)::text, 1, 2) = ANY ('{20,40,22,30,39,42,21}'::text[])))"}, {"Node Type": "Index Scan", "Parent Relationship": "Inner", "Scan Direction": "Forward", "Index Name": "idx_orders_custkey", "Relation Name": "orders", "Alias": "orders", "Startup Cost": 0.0, "Total Cost": 17.99, "Plan Rows": 4, "Plan Width": 8, "Index Cond": "(o_custkey = public.customer.c_custkey)"}]}]}]}, "Unique SQL Id": 2798552886}, "explain_analyze_plan": {"Plan": {"Node Type": "Sort", "Startup Cost": 274230.79, "Total Cost": 274230.8, "Plan Rows": 1, "Plan Width": 40, "Actual Startup Time": 4031.791, "Actual Total Time": 4031.792, "Actual Rows": 4, "Actual Loops": 1, "Sort Key": ["(\"substring\"((public.customer.c_phone)::text, 1, 2))"], "Sort Method": "quicksort", "Sort Space Used": 25, "Sort Space Type": "Memory", "Plans": [{"Node Type": "Aggregate", "Strategy": "Plain", "Parent Relationship": "exec_init_plan", "Subplan Name": "InitPlan 1 (returns $0)", "Startup Cost": 76620.14, "Total Cost": 76620.15, "Plan Rows": 1, "Plan Width": 40, "Actual Startup Time": 1993.693, "Actual Total Time": 1993.694, "Actual Rows": 1, "Actual Loops": 1, "Plans": [{"Node Type": "Seq Scan", "Parent Relationship": "Outer", "Relation Name": "customer", "Alias": "customer", "Startup Cost": 12.95, "Total Cost": 76501.0, "Plan Rows": 47655, "Plan Width": 8, "Actual Startup Time": 0.034, "Actual Total Time": 1897.714, "Actual Rows": 218121, "Actual Loops": 1, "Filter": "((c_acctbal > 0::double precision) AND (\"substring\"((c_phone)::text, 1, 2) = ANY ('{20,40,22,30,39,42,21}'::text[])))", "Rows Removed by Filter": 1281879}]}, {"Node Type": "Aggregate", "Strategy": "Hashed", "Parent Relationship": "Outer", "Startup Cost": 197610.62, "Total Cost": 197610.63, "Plan Rows": 1, "Plan Width": 40, "Actual Startup Time": 4031.76, "Actual Total Time": 4031.761, "Actual Rows": 4, "Actual Loops": 1, "Group By Key": ["\"substring\"((public.customer.c_phone)::text, 1, 2)"], "Plans": [{"Node Type": "Nested Loop", "Parent Relationship": "Outer", "Join Type": "Anti", "Startup Cost": 0.0, "Total Cost": 197610.61, "Plan Rows": 1, "Plan Width": 24, "Actual Startup Time": 1993.926, "Actual Total Time": 4008.675, "Actual Rows": 36604, "Actual Loops": 1, "Inner Unique": false, "Plans": [{"Node Type": "Seq Scan", "Parent Relationship": "Outer", "Relation Name": "customer", "Alias": "customer", "Startup Cost": 0.0, "Total Cost": 76501.0, "Plan Rows": 17500, "Plan Width": 32, "Actual Startup Time": 1993.871, "Actual Total Time": 3286.163, "Actual Rows": 109197, "Actual Loops": 1, "Filter": "((c_acctbal > $0) AND (\"substring\"((c_phone)::text, 1, 2) = ANY ('{20,40,22,30,39,42,21}'::text[])))", "Rows Removed by Filter": 1390803}, {"Node Type": "Index Scan", "Parent Relationship": "Inner", "Scan Direction": "Forward", "Index Name": "idx_orders_custkey", "Relation Name": "orders", "Alias": "orders", "Startup Cost": 0.0, "Total Cost": 17.99, "Plan Rows": 4, "Plan Width": 8, "Actual Startup Time": 615.26, "Actual Total Time": 615.26, "Actual Rows": 72593, "Actual Loops": 109197, "Index Cond": "(o_custkey = public.customer.c_custkey)", "Rows Removed by Index Recheck": 0}]}]}]}, "Triggers": [], "Planner Runtime": 0.724, "Total Runtime": 4031.974, "Unique SQL Id": 2798552886}}, "(16, 61)": {"explain_plan": {"Plan": {"Node Type": "Sort", "Startup Cost": 1000007876469.15, "Total Cost": 1000007876469.15, "Plan Rows": 1, "Plan Width": 40, "Sort Key": ["(\"substring\"((public.customer.c_phone)::text, 1, 2))"], "Plans": [{"Node Type": "Aggregate", "Strategy": "Plain", "Parent Relationship": "exec_init_plan", "Subplan Name": "InitPlan 1 (returns $0)", "Startup Cost": 1000007650219.14, "Total Cost": 1000007650219.15, "Plan Rows": 1, "Plan Width": 40, "Plans": [{"Node Type": "Seq Scan", "Parent Relationship": "Outer", "Relation Name": "customer", "Alias": "customer", "Startup Cost": 10000000012.75, "Total Cost": 1000007650100.0, "Plan Rows": 47655, "Plan Width": 8, "Filter": "((c_acctbal > 0::double precision) AND (\"substring\"((c_phone)::text, 1, 2) = ANY ('{20,40,22,30,39,42,21}'::text[])))"}]}, {"Node Type": "Aggregate", "Strategy": "Hashed", "Parent Relationship": "Outer", "Startup Cost": 226249.97, "Total Cost": 226249.99, "Plan Rows": 1, "Plan Width": 40, "Group By Key": ["\"substring\"((public.customer.c_phone)::text, 1, 2)"], "Plans": [{"Node Type": "Nested Loop", "Parent Relationship": "Outer", "Join Type": "Anti", "Startup Cost": 0.0, "Total Cost": 226249.97, "Plan Rows": 1, "Plan Width": 24, "Inner Unique": false, "Plans": [{"Node Type": "Index Scan", "Parent Relationship": "Outer", "Scan Direction": "Forward", "Index Name": "customer_pkey", "Relation Name": "customer", "Alias": "customer", "Startup Cost": 0.0, "Total Cost": 105140.36, "Plan Rows": 17500, "Plan Width": 32, "Filter": "((c_acctbal > $0) AND (\"substring\"((c_phone)::text, 1, 2) = ANY ('{20,40,22,30,39,42,21}'::text[])))"}, {"Node Type": "Index Scan", "Parent Relationship": "Inner", "Scan Direction": "Forward", "Index Name": "idx_orders_custkey", "Relation Name": "orders", "Alias": "orders", "Startup Cost": 0.0, "Total Cost": 17.99, "Plan Rows": 4, "Plan Width": 8, "Index Cond": "(o_custkey = public.customer.c_custkey)"}]}]}]}, "Unique SQL Id": 2798552886}, "explain_analyze_plan": {"Plan": {"Node Type": "Sort", "Startup Cost": 1000007876469.15, "Total Cost": 1000007876469.15, "Plan Rows": 1, "Plan Width": 40, "Actual Startup Time": 4555.194, "Actual Total Time": 4555.195, "Actual Rows": 4, "Actual Loops": 1, "Sort Key": ["(\"substring\"((public.customer.c_phone)::text, 1, 2))"], "Sort Method": "quicksort", "Sort Space Used": 25, "Sort Space Type": "Memory", "Plans": [{"Node Type": "Aggregate", "Strategy": "Plain", "Parent Relationship": "exec_init_plan", "Subplan Name": "InitPlan 1 (returns $0)", "Startup Cost": 1000007650219.14, "Total Cost": 1000007650219.15, "Plan Rows": 1, "Plan Width": 40, "Actual Startup Time": 2007.503, "Actual Total Time": 2007.503, "Actual Rows": 1, "Actual Loops": 1, "Plans": [{"Node Type": "Seq Scan", "Parent Relationship": "Outer", "Relation Name": "customer", "Alias": "customer", "Startup Cost": 10000000012.75, "Total Cost": 1000007650100.0, "Plan Rows": 47655, "Plan Width": 8, "Actual Startup Time": 0.039, "Actual Total Time": 1912.456, "Actual Rows": 218121, "Actual Loops": 1, "Filter": "((c_acctbal > 0::double precision) AND (\"substring\"((c_phone)::text, 1, 2) = ANY ('{20,40,22,30,39,42,21}'::text[])))", "Rows Removed by Filter": 1281879}]}, {"Node Type": "Aggregate", "Strategy": "Hashed", "Parent Relationship": "Outer", "Startup Cost": 226249.97, "Total Cost": 226249.99, "Plan Rows": 1, "Plan Width": 40, "Actual Startup Time": 4555.155, "Actual Total Time": 4555.158, "Actual Rows": 4, "Actual Loops": 1, "Group By Key": ["\"substring\"((public.customer.c_phone)::text, 1, 2)"], "Plans": [{"Node Type": "Nested Loop", "Parent Relationship": "Outer", "Join Type": "Anti", "Startup Cost": 0.0, "Total Cost": 226249.97, "Plan Rows": 1, "Plan Width": 24, "Actual Startup Time": 2007.614, "Actual Total Time": 4531.932, "Actual Rows": 36604, "Actual Loops": 1, "Inner Unique": false, "Plans": [{"Node Type": "Index Scan", "Parent Relationship": "Outer", "Scan Direction": "Forward", "Index Name": "customer_pkey", "Relation Name": "customer", "Alias": "customer", "Startup Cost": 0.0, "Total Cost": 105140.36, "Plan Rows": 17500, "Plan Width": 32, "Actual Startup Time": 2007.576, "Actual Total Time": 3796.184, "Actual Rows": 109197, "Actual Loops": 1, "Filter": "((c_acctbal > $0) AND (\"substring\"((c_phone)::text, 1, 2) = ANY ('{20,40,22,30,39,42,21}'::text[])))", "Rows Removed by Filter": 1390803}, {"Node Type": "Index Scan", "Parent Relationship": "Inner", "Scan Direction": "Forward", "Index Name": "idx_orders_custkey", "Relation Name": "orders", "Alias": "orders", "Startup Cost": 0.0, "Total Cost": 17.99, "Plan Rows": 4, "Plan Width": 8, "Actual Startup Time": 628.013, "Actual Total Time": 628.013, "Actual Rows": 72593, "Actual Loops": 109197, "Index Cond": "(o_custkey = public.customer.c_custkey)", "Rows Removed by Index Recheck": 0}]}]}]}, "Triggers": [], "Planner Runtime": 0.762, "Total Runtime": 4555.366, "Unique SQL Id": 2798552886}}, "(16, 62)": {"explain_plan": {"Plan": {"Node Type": "Sort", "Startup Cost": 1511678295.06, "Total Cost": 1511678295.06, "Plan Rows": 1, "Plan Width": 40, "Sort Key": ["(\"substring\"((public.customer.c_phone)::text, 1, 2))"], "Plans": [{"Node Type": "Aggregate", "Strategy": "Plain", "Parent Relationship": "exec_init_plan", "Subplan Name": "InitPlan 1 (returns $0)", "Startup Cost": 76620.14, "Total Cost": 76620.15, "Plan Rows": 1, "Plan Width": 40, "Plans": [{"Node Type": "Seq Scan", "Parent Relationship": "Outer", "Relation Name": "customer", "Alias": "customer", "Startup Cost": 12.95, "Total Cost": 76501.0, "Plan Rows": 47655, "Plan Width": 8, "Filter": "((c_acctbal > 0::double precision) AND (\"substring\"((c_phone)::text, 1, 2) = ANY ('{20,40,22,30,39,42,21}'::text[])))"}]}, {"Node Type": "Aggregate", "Strategy": "Hashed", "Parent Relationship": "Outer", "Startup Cost": 1511601674.88, "Total Cost": 1511601674.9, "Plan Rows": 1, "Plan Width": 40, "Group By Key": ["\"substring\"((public.customer.c_phone)::text, 1, 2)"], "Plans": [{"Node Type": "Nested Loop", "Parent Relationship": "Outer", "Join Type": "Anti", "Startup Cost": 0.0, "Total Cost": 1511601674.88, "Plan Rows": 1, "Plan Width": 24, "Inner Unique": false, "Join Filter": "(orders.o_custkey = public.customer.c_custkey)", "Plans": [{"Node Type": "Seq Scan", "Parent Relationship": "Outer", "Relation Name": "customer", "Alias": "customer", "Startup Cost": 0.0, "Total Cost": 76501.0, "Plan Rows": 17500, "Plan Width": 32, "Filter": "((c_acctbal > $0) AND (\"substring\"((c_phone)::text, 1, 2) = ANY ('{20,40,22,30,39,42,21}'::text[])))"}, {"Node Type": "Materialize", "Parent Relationship": "Inner", "Startup Cost": 0.0, "Total Cost": 501411.19, "Plan Rows": 14999479, "Plan Width": 8, "Plans": [{"Node Type": "Seq Scan", "Parent Relationship": "Outer", "Relation Name": "orders", "Alias": "orders", "Startup Cost": 0.0, "Total Cost": 426413.79, "Plan Rows": 14999479, "Plan Width": 8}]}]}]}]}, "Unique SQL Id": 2798552886}, "explain_analyze_plan": null}, "(16, 63)": {"explain_plan": {"Plan": {"Node Type": "Sort", "Startup Cost": 3001685314543.97, "Total Cost": 3001685314543.98, "Plan Rows": 1, "Plan Width": 40, "Sort Key": ["(\"substring\"((public.customer.c_phone)::text, 1, 2))"], "Plans": [{"Node Type": "Aggregate", "Strategy": "Plain", "Parent Relationship": "exec_init_plan", "Subplan Name": "InitPlan 1 (returns $0)", "Startup Cost": 1000007650219.14, "Total Cost": 1000007650219.15, "Plan Rows": 1, "Plan Width": 40, "Plans": [{"Node Type": "Seq Scan", "Parent Relationship": "Outer", "Relation Name": "customer", "Alias": "customer", "Startup Cost": 10000000012.75, "Total Cost": 1000007650100.0, "Plan Rows": 47655, "Plan Width": 8, "Filter": "((c_acctbal > 0::double precision) AND (\"substring\"((c_phone)::text, 1, 2) = ANY ('{20,40,22,30,39,42,21}'::text[])))"}]}, {"Node Type": "Aggregate", "Strategy": "Hashed", "Parent Relationship": "Outer", "Startup Cost": 2001677664324.8, "Total Cost": 2001677664324.81, "Plan Rows": 1, "Plan Width": 40, "Group By Key": ["\"substring\"((public.customer.c_phone)::text, 1, 2)"], "Plans": [{"Node Type": "Nested Loop", "Parent Relationship": "Outer", "Join Type": "Anti", "Startup Cost": 20000000000.0, "Total Cost": 2001677664324.79, "Plan Rows": 1, "Plan Width": 24, "Inner Unique": false, "Join Filter": "(orders.o_custkey = public.customer.c_custkey)", "Plans": [{"Node Type": "Index Scan", "Parent Relationship": "Outer", "Scan Direction": "Forward", "Index Name": "customer_pkey", "Relation Name": "customer", "Alias": "customer", "Startup Cost": 10000000000.0, "Total Cost": 1000010514035.62, "Plan Rows": 17500, "Plan Width": 32, "Filter": "((c_acctbal > $0) AND (\"substring\"((c_phone)::text, 1, 2) = ANY ('{20,40,22,30,39,42,21}'::text[])))"}, {"Node Type": "Materialize", "Parent Relationship": "Inner", "Startup Cost": 10000000000.0, "Total Cost": 1000156126526.48, "Plan Rows": 14999479, "Plan Width": 8, "Plans": [{"Node Type": "Index Scan", "Parent Relationship": "Outer", "Scan Direction": "Forward", "Index Name": "idx_orders_custkey", "Relation Name": "orders", "Alias": "orders", "Startup Cost": 10000000000.0, "Total Cost": 1000156051529.08, "Plan Rows": 14999479, "Plan Width": 8}]}]}]}]}, "Unique SQL Id": 2798552886}, "explain_analyze_plan": null}, "(16, 64)": {"explain_plan": {"Plan": {"Node Type": "Sort", "Startup Cost": 178853.67, "Total Cost": 178853.67, "Plan Rows": 1, "Plan Width": 40, "Sort Key": ["(\"substring\"((public.customer.c_phone)::text, 1, 2))"], "Plans": [{"Node Type": "Aggregate", "Strategy": "Plain", "Parent Relationship": "exec_init_plan", "Subplan Name": "InitPlan 1 (returns $0)", "Startup Cost": 76620.14, "Total Cost": 76620.15, "Plan Rows": 1, "Plan Width": 40, "Plans": [{"Node Type": "Seq Scan", "Parent Relationship": "Outer", "Relation Name": "customer", "Alias": "customer", "Startup Cost": 12.95, "Total Cost": 76501.0, "Plan Rows": 47655, "Plan Width": 8, "Filter": "((c_acctbal > 0::double precision) AND (\"substring\"((c_phone)::text, 1, 2) = ANY ('{20,40,22,30,39,42,21}'::text[])))"}]}, {"Node Type": "Aggregate", "Strategy": "Hashed", "Parent Relationship": "Outer", "Startup Cost": 102233.49, "Total Cost": 102233.51, "Plan Rows": 1, "Plan Width": 40, "Group By Key": ["\"substring\"((public.customer.c_phone)::text, 1, 2)"], "Plans": [{"Node Type": "Nested Loop", "Parent Relationship": "Outer", "Join Type": "Anti", "Startup Cost": 0.0, "Total Cost": 102233.49, "Plan Rows": 1, "Plan Width": 24, "Inner Unique": false, "Plans": [{"Node Type": "Seq Scan", "Parent Relationship": "Outer", "Relation Name": "customer", "Alias": "customer", "Startup Cost": 0.0, "Total Cost": 76501.0, "Plan Rows": 17500, "Plan Width": 32, "Filter": "((c_acctbal > $0) AND (\"substring\"((c_phone)::text, 1, 2) = ANY ('{20,40,22,30,39,42,21}'::text[])))"}, {"Node Type": "Index Only Scan", "Parent Relationship": "Inner", "Scan Direction": "Forward", "Index Name": "idx_orders_custkey", "Relation Name": "orders", "Alias": "orders", "Startup Cost": 0.0, "Total Cost": 3.79, "Plan Rows": 4, "Plan Width": 8, "Index Cond": "(o_custkey = public.customer.c_custkey)"}]}]}]}, "Unique SQL Id": 2798552886}, "explain_analyze_plan": {"Plan": {"Node Type": "Sort", "Startup Cost": 178853.67, "Total Cost": 178853.67, "Plan Rows": 1, "Plan Width": 40, "Actual Startup Time": 3898.225, "Actual Total Time": 3898.226, "Actual Rows": 4, "Actual Loops": 1, "Sort Key": ["(\"substring\"((public.customer.c_phone)::text, 1, 2))"], "Sort Method": "quicksort", "Sort Space Used": 25, "Sort Space Type": "Memory", "Plans": [{"Node Type": "Aggregate", "Strategy": "Plain", "Parent Relationship": "exec_init_plan", "Subplan Name": "InitPlan 1 (returns $0)", "Startup Cost": 76620.14, "Total Cost": 76620.15, "Plan Rows": 1, "Plan Width": 40, "Actual Startup Time": 1993.797, "Actual Total Time": 1993.797, "Actual Rows": 1, "Actual Loops": 1, "Plans": [{"Node Type": "Seq Scan", "Parent Relationship": "Outer", "Relation Name": "customer", "Alias": "customer", "Startup Cost": 12.95, "Total Cost": 76501.0, "Plan Rows": 47655, "Plan Width": 8, "Actual Startup Time": 0.028, "Actual Total Time": 1898.824, "Actual Rows": 218121, "Actual Loops": 1, "Filter": "((c_acctbal > 0::double precision) AND (\"substring\"((c_phone)::text, 1, 2) = ANY ('{20,40,22,30,39,42,21}'::text[])))", "Rows Removed by Filter": 1281879}]}, {"Node Type": "Aggregate", "Strategy": "Hashed", "Parent Relationship": "Outer", "Startup Cost": 102233.49, "Total Cost": 102233.51, "Plan Rows": 1, "Plan Width": 40, "Actual Startup Time": 3898.192, "Actual Total Time": 3898.195, "Actual Rows": 4, "Actual Loops": 1, "Group By Key": ["\"substring\"((public.customer.c_phone)::text, 1, 2)"], "Plans": [{"Node Type": "Nested Loop", "Parent Relationship": "Outer", "Join Type": "Anti", "Startup Cost": 0.0, "Total Cost": 102233.49, "Plan Rows": 1, "Plan Width": 24, "Actual Startup Time": 1994.027, "Actual Total Time": 3875.509, "Actual Rows": 36604, "Actual Loops": 1, "Inner Unique": false, "Plans": [{"Node Type": "Seq Scan", "Parent Relationship": "Outer", "Relation Name": "customer", "Alias": "customer", "Startup Cost": 0.0, "Total Cost": 76501.0, "Plan Rows": 17500, "Plan Width": 32, "Actual Startup Time": 1993.955, "Actual Total Time": 3288.893, "Actual Rows": 109197, "Actual Loops": 1, "Filter": "((c_acctbal > $0) AND (\"substring\"((c_phone)::text, 1, 2) = ANY ('{20,40,22,30,39,42,21}'::text[])))", "Rows Removed by Filter": 1390803}, {"Node Type": "Index Only Scan", "Parent Relationship": "Inner", "Scan Direction": "Forward", "Index Name": "idx_orders_custkey", "Relation Name": "orders", "Alias": "orders", "Startup Cost": 0.0, "Total Cost": 3.79, "Plan Rows": 4, "Plan Width": 8, "Actual Startup Time": 484.426, "Actual Total Time": 484.426, "Actual Rows": 72593, "Actual Loops": 109197, "Index Cond": "(o_custkey = public.customer.c_custkey)", "Rows Removed by Index Recheck": 0, "Heap Fetches": 0}]}]}]}, "Triggers": [], "Planner Runtime": 0.759, "Total Runtime": 3898.474, "Unique SQL Id": 2798552886}}, "(16, 65)": {"explain_plan": {"Plan": {"Node Type": "Sort", "Startup Cost": 1000007781092.03, "Total Cost": 1000007781092.03, "Plan Rows": 1, "Plan Width": 40, "Sort Key": ["(\"substring\"((public.customer.c_phone)::text, 1, 2))"], "Plans": [{"Node Type": "Aggregate", "Strategy": "Plain", "Parent Relationship": "exec_init_plan", "Subplan Name": "InitPlan 1 (returns $0)", "Startup Cost": 1000007650219.14, "Total Cost": 1000007650219.15, "Plan Rows": 1, "Plan Width": 40, "Plans": [{"Node Type": "Seq Scan", "Parent Relationship": "Outer", "Relation Name": "customer", "Alias": "customer", "Startup Cost": 10000000012.75, "Total Cost": 1000007650100.0, "Plan Rows": 47655, "Plan Width": 8, "Filter": "((c_acctbal > 0::double precision) AND (\"substring\"((c_phone)::text, 1, 2) = ANY ('{20,40,22,30,39,42,21}'::text[])))"}]}, {"Node Type": "Aggregate", "Strategy": "Hashed", "Parent Relationship": "Outer", "Startup Cost": 130872.85, "Total Cost": 130872.87, "Plan Rows": 1, "Plan Width": 40, "Group By Key": ["\"substring\"((public.customer.c_phone)::text, 1, 2)"], "Plans": [{"Node Type": "Nested Loop", "Parent Relationship": "Outer", "Join Type": "Anti", "Startup Cost": 0.0, "Total Cost": 130872.84, "Plan Rows": 1, "Plan Width": 24, "Inner Unique": false, "Plans": [{"Node Type": "Index Scan", "Parent Relationship": "Outer", "Scan Direction": "Forward", "Index Name": "customer_pkey", "Relation Name": "customer", "Alias": "customer", "Startup Cost": 0.0, "Total Cost": 105140.36, "Plan Rows": 17500, "Plan Width": 32, "Filter": "((c_acctbal > $0) AND (\"substring\"((c_phone)::text, 1, 2) = ANY ('{20,40,22,30,39,42,21}'::text[])))"}, {"Node Type": "Index Only Scan", "Parent Relationship": "Inner", "Scan Direction": "Forward", "Index Name": "idx_orders_custkey", "Relation Name": "orders", "Alias": "orders", "Startup Cost": 0.0, "Total Cost": 3.79, "Plan Rows": 4, "Plan Width": 8, "Index Cond": "(o_custkey = public.customer.c_custkey)"}]}]}]}, "Unique SQL Id": 2798552886}, "explain_analyze_plan": {"Plan": {"Node Type": "Sort", "Startup Cost": 1000007781092.03, "Total Cost": 1000007781092.03, "Plan Rows": 1, "Plan Width": 40, "Actual Startup Time": 4538.566, "Actual Total Time": 4538.567, "Actual Rows": 4, "Actual Loops": 1, "Sort Key": ["(\"substring\"((public.customer.c_phone)::text, 1, 2))"], "Sort Method": "quicksort", "Sort Space Used": 25, "Sort Space Type": "Memory", "Plans": [{"Node Type": "Aggregate", "Strategy": "Plain", "Parent Relationship": "exec_init_plan", "Subplan Name": "InitPlan 1 (returns $0)", "Startup Cost": 1000007650219.14, "Total Cost": 1000007650219.15, "Plan Rows": 1, "Plan Width": 40, "Actual Startup Time": 2004.286, "Actual Total Time": 2004.287, "Actual Rows": 1, "Actual Loops": 1, "Plans": [{"Node Type": "Seq Scan", "Parent Relationship": "Outer", "Relation Name": "customer", "Alias": "customer", "Startup Cost": 10000000012.75, "Total Cost": 1000007650100.0, "Plan Rows": 47655, "Plan Width": 8, "Actual Startup Time": 0.036, "Actual Total Time": 1908.298, "Actual Rows": 218121, "Actual Loops": 1, "Filter": "((c_acctbal > 0::double precision) AND (\"substring\"((c_phone)::text, 1, 2) = ANY ('{20,40,22,30,39,42,21}'::text[])))", "Rows Removed by Filter": 1281879}]}, {"Node Type": "Aggregate", "Strategy": "Hashed", "Parent Relationship": "Outer", "Startup Cost": 130872.85, "Total Cost": 130872.87, "Plan Rows": 1, "Plan Width": 40, "Actual Startup Time": 4538.513, "Actual Total Time": 4538.515, "Actual Rows": 4, "Actual Loops": 1, "Group By Key": ["\"substring\"((public.customer.c_phone)::text, 1, 2)"], "Plans": [{"Node Type": "Nested Loop", "Parent Relationship": "Outer", "Join Type": "Anti", "Startup Cost": 0.0, "Total Cost": 130872.84, "Plan Rows": 1, "Plan Width": 24, "Actual Startup Time": 2004.513, "Actual Total Time": 4515.757, "Actual Rows": 36604, "Actual Loops": 1, "Inner Unique": false, "Plans": [{"Node Type": "Index Scan", "Parent Relationship": "Outer", "Scan Direction": "Forward", "Index Name": "customer_pkey", "Relation Name": "customer", "Alias": "customer", "Startup Cost": 0.0, "Total Cost": 105140.36, "Plan Rows": 17500, "Plan Width": 32, "Actual Startup Time": 2004.451, "Actual Total Time": 3936.374, "Actual Rows": 109197, "Actual Loops": 1, "Filter": "((c_acctbal > $0) AND (\"substring\"((c_phone)::text, 1, 2) = ANY ('{20,40,22,30,39,42,21}'::text[])))", "Rows Removed by Filter": 1390803}, {"Node Type": "Index Only Scan", "Parent Relationship": "Inner", "Scan Direction": "Forward", "Index Name": "idx_orders_custkey", "Relation Name": "orders", "Alias": "orders", "Startup Cost": 0.0, "Total Cost": 3.79, "Plan Rows": 4, "Plan Width": 8, "Actual Startup Time": 476.552, "Actual Total Time": 476.552, "Actual Rows": 72593, "Actual Loops": 109197, "Index Cond": "(o_custkey = public.customer.c_custkey)", "Rows Removed by Index Recheck": 0, "Heap Fetches": 0}]}]}]}, "Triggers": [], "Planner Runtime": 0.761, "Total Runtime": 4538.756, "Unique SQL Id": 2798552886}}, "(16, 66)": {"explain_plan": {"Plan": {"Node Type": "Sort", "Startup Cost": 326543.88, "Total Cost": 326543.89, "Plan Rows": 1, "Plan Width": 40, "Sort Key": ["(\"substring\"((public.customer.c_phone)::text, 1, 2))"], "Plans": [{"Node Type": "Aggregate", "Strategy": "Plain", "Parent Relationship": "exec_init_plan", "Subplan Name": "InitPlan 1 (returns $0)", "Startup Cost": 76620.14, "Total Cost": 76620.15, "Plan Rows": 1, "Plan Width": 40, "Plans": [{"Node Type": "Seq Scan", "Parent Relationship": "Outer", "Relation Name": "customer", "Alias": "customer", "Startup Cost": 12.95, "Total Cost": 76501.0, "Plan Rows": 47655, "Plan Width": 8, "Filter": "((c_acctbal > 0::double precision) AND (\"substring\"((c_phone)::text, 1, 2) = ANY ('{20,40,22,30,39,42,21}'::text[])))"}]}, {"Node Type": "Aggregate", "Strategy": "Hashed", "Parent Relationship": "Outer", "Startup Cost": 249923.71, "Total Cost": 249923.72, "Plan Rows": 1, "Plan Width": 40, "Group By Key": ["\"substring\"((public.customer.c_phone)::text, 1, 2)"], "Plans": [{"Node Type": "Nested Loop", "Parent Relationship": "Outer", "Join Type": "Anti", "Startup Cost": 3.75, "Total Cost": 249923.7, "Plan Rows": 1, "Plan Width": 24, "Inner Unique": false, "Plans": [{"Node Type": "Seq Scan", "Parent Relationship": "Outer", "Relation Name": "customer", "Alias": "customer", "Startup Cost": 0.0, "Total Cost": 76501.0, "Plan Rows": 17500, "Plan Width": 32, "Filter": "((c_acctbal > $0) AND (\"substring\"((c_phone)::text, 1, 2) = ANY ('{20,40,22,30,39,42,21}'::text[])))"}, {"Node Type": "Bitmap Heap Scan", "Parent Relationship": "Inner", "Relation Name": "orders", "Alias": "orders", "Startup Cost": 3.75, "Total Cost": 19.76, "Plan Rows": 4, "Plan Width": 8, "Recheck Cond": "(o_custkey = public.customer.c_custkey)", "Plans": [{"Node Type": "Bitmap Index Scan", "Parent Relationship": "Outer", "Index Name": "idx_orders_custkey", "Startup Cost": 0.0, "Total Cost": 3.75, "Plan Rows": 4, "Plan Width": 0, "Index Cond": "(o_custkey = public.customer.c_custkey)"}]}]}]}]}, "Unique SQL Id": 2798552886}, "explain_analyze_plan": {"Plan": {"Node Type": "Sort", "Startup Cost": 326543.88, "Total Cost": 326543.89, "Plan Rows": 1, "Plan Width": 40, "Actual Startup Time": 4492.233, "Actual Total Time": 4492.235, "Actual Rows": 4, "Actual Loops": 1, "Sort Key": ["(\"substring\"((public.customer.c_phone)::text, 1, 2))"], "Sort Method": "quicksort", "Sort Space Used": 25, "Sort Space Type": "Memory", "Plans": [{"Node Type": "Aggregate", "Strategy": "Plain", "Parent Relationship": "exec_init_plan", "Subplan Name": "InitPlan 1 (returns $0)", "Startup Cost": 76620.14, "Total Cost": 76620.15, "Plan Rows": 1, "Plan Width": 40, "Actual Startup Time": 1991.263, "Actual Total Time": 1991.264, "Actual Rows": 1, "Actual Loops": 1, "Plans": [{"Node Type": "Seq Scan", "Parent Relationship": "Outer", "Relation Name": "customer", "Alias": "customer", "Startup Cost": 12.95, "Total Cost": 76501.0, "Plan Rows": 47655, "Plan Width": 8, "Actual Startup Time": 0.029, "Actual Total Time": 1896.473, "Actual Rows": 218121, "Actual Loops": 1, "Filter": "((c_acctbal > 0::double precision) AND (\"substring\"((c_phone)::text, 1, 2) = ANY ('{20,40,22,30,39,42,21}'::text[])))", "Rows Removed by Filter": 1281879}]}, {"Node Type": "Aggregate", "Strategy": "Hashed", "Parent Relationship": "Outer", "Startup Cost": 249923.71, "Total Cost": 249923.72, "Plan Rows": 1, "Plan Width": 40, "Actual Startup Time": 4492.108, "Actual Total Time": 4492.121, "Actual Rows": 4, "Actual Loops": 1, "Group By Key": ["\"substring\"((public.customer.c_phone)::text, 1, 2)"], "Plans": [{"Node Type": "Nested Loop", "Parent Relationship": "Outer", "Join Type": "Anti", "Startup Cost": 3.75, "Total Cost": 249923.7, "Plan Rows": 1, "Plan Width": 24, "Actual Startup Time": 1991.407, "Actual Total Time": 4465.33, "Actual Rows": 36604, "Actual Loops": 1, "Inner Unique": false, "Plans": [{"Node Type": "Seq Scan", "Parent Relationship": "Outer", "Relation Name": "customer", "Alias": "customer", "Startup Cost": 0.0, "Total Cost": 76501.0, "Plan Rows": 17500, "Plan Width": 32, "Actual Startup Time": 1991.334, "Actual Total Time": 3313.189, "Actual Rows": 109197, "Actual Loops": 1, "Filter": "((c_acctbal > $0) AND (\"substring\"((c_phone)::text, 1, 2) = ANY ('{20,40,22,30,39,42,21}'::text[])))", "Rows Removed by Filter": 1390803}, {"Node Type": "Bitmap Heap Scan", "Parent Relationship": "Inner", "Relation Name": "orders", "Alias": "orders", "Startup Cost": 3.75, "Total Cost": 19.76, "Plan Rows": 4, "Plan Width": 8, "Actual Startup Time": 965.354, "Actual Total Time": 965.354, "Actual Rows": 72593, "Actual Loops": 109197, "Recheck Cond": "(o_custkey = public.customer.c_custkey)", "Rows Removed by Index Recheck": 0, "Exact Heap Blocks": 72593, "Lossy Heap Blocks": 72593, "Plans": [{"Node Type": "Bitmap Index Scan", "Parent Relationship": "Outer", "Index Name": "idx_orders_custkey", "Startup Cost": 0.0, "Total Cost": 3.75, "Plan Rows": 4, "Plan Width": 0, "Actual Startup Time": 601.574, "Actual Total Time": 601.574, "Actual Rows": 1091631, "Actual Loops": 109197, "Index Cond": "(o_custkey = public.customer.c_custkey)"}]}]}]}]}, "Triggers": [], "Planner Runtime": 0.755, "Total Runtime": 4492.429, "Unique SQL Id": 2798552886}}, "(16, 67)": {"explain_plan": {"Plan": {"Node Type": "Sort", "Startup Cost": 2000018337677.51, "Total Cost": 2000018337677.51, "Plan Rows": 1, "Plan Width": 40, "Sort Key": ["(\"substring\"((public.customer.c_phone)::text, 1, 2))"], "Plans": [{"Node Type": "Aggregate", "Strategy": "Plain", "Parent Relationship": "exec_init_plan", "Subplan Name": "InitPlan 1 (returns $0)", "Startup Cost": 1000007650219.14, "Total Cost": 1000007650219.15, "Plan Rows": 1, "Plan Width": 40, "Plans": [{"Node Type": "Seq Scan", "Parent Relationship": "Outer", "Relation Name": "customer", "Alias": "customer", "Startup Cost": 10000000012.75, "Total Cost": 1000007650100.0, "Plan Rows": 47655, "Plan Width": 8, "Filter": "((c_acctbal > 0::double precision) AND (\"substring\"((c_phone)::text, 1, 2) = ANY ('{20,40,22,30,39,42,21}'::text[])))"}]}, {"Node Type": "Aggregate", "Strategy": "Hashed", "Parent Relationship": "Outer", "Startup Cost": 1000010687458.33, "Total Cost": 1000010687458.35, "Plan Rows": 1, "Plan Width": 40, "Group By Key": ["\"substring\"((public.customer.c_phone)::text, 1, 2)"], "Plans": [{"Node Type": "Nested Loop", "Parent Relationship": "Outer", "Join Type": "Anti", "Startup Cost": 10000000003.75, "Total Cost": 1000010687458.32, "Plan Rows": 1, "Plan Width": 24, "Inner Unique": false, "Plans": [{"Node Type": "Index Scan", "Parent Relationship": "Outer", "Scan Direction": "Forward", "Index Name": "customer_pkey", "Relation Name": "customer", "Alias": "customer", "Startup Cost": 10000000000.0, "Total Cost": 1000010514035.62, "Plan Rows": 17500, "Plan Width": 32, "Filter": "((c_acctbal > $0) AND (\"substring\"((c_phone)::text, 1, 2) = ANY ('{20,40,22,30,39,42,21}'::text[])))"}, {"Node Type": "Bitmap Heap Scan", "Parent Relationship": "Inner", "Relation Name": "orders", "Alias": "orders", "Startup Cost": 3.75, "Total Cost": 19.76, "Plan Rows": 4, "Plan Width": 8, "Recheck Cond": "(o_custkey = public.customer.c_custkey)", "Plans": [{"Node Type": "Bitmap Index Scan", "Parent Relationship": "Outer", "Index Name": "idx_orders_custkey", "Startup Cost": 0.0, "Total Cost": 3.75, "Plan Rows": 4, "Plan Width": 0, "Index Cond": "(o_custkey = public.customer.c_custkey)"}]}]}]}]}, "Unique SQL Id": 2798552886}, "explain_analyze_plan": {"Plan": {"Node Type": "Sort", "Startup Cost": 2000018337677.51, "Total Cost": 2000018337677.51, "Plan Rows": 1, "Plan Width": 40, "Actual Startup Time": 5045.7, "Actual Total Time": 5045.7, "Actual Rows": 4, "Actual Loops": 1, "Sort Key": ["(\"substring\"((public.customer.c_phone)::text, 1, 2))"], "Sort Method": "quicksort", "Sort Space Used": 25, "Sort Space Type": "Memory", "Plans": [{"Node Type": "Aggregate", "Strategy": "Plain", "Parent Relationship": "exec_init_plan", "Subplan Name": "InitPlan 1 (returns $0)", "Startup Cost": 1000007650219.14, "Total Cost": 1000007650219.15, "Plan Rows": 1, "Plan Width": 40, "Actual Startup Time": 1994.893, "Actual Total Time": 1994.893, "Actual Rows": 1, "Actual Loops": 1, "Plans": [{"Node Type": "Seq Scan", "Parent Relationship": "Outer", "Relation Name": "customer", "Alias": "customer", "Startup Cost": 10000000012.75, "Total Cost": 1000007650100.0, "Plan Rows": 47655, "Plan Width": 8, "Actual Startup Time": 0.036, "Actual Total Time": 1899.86, "Actual Rows": 218121, "Actual Loops": 1, "Filter": "((c_acctbal > 0::double precision) AND (\"substring\"((c_phone)::text, 1, 2) = ANY ('{20,40,22,30,39,42,21}'::text[])))", "Rows Removed by Filter": 1281879}]}, {"Node Type": "Aggregate", "Strategy": "Hashed", "Parent Relationship": "Outer", "Startup Cost": 1000010687458.33, "Total Cost": 1000010687458.35, "Plan Rows": 1, "Plan Width": 40, "Actual Startup Time": 5045.657, "Actual Total Time": 5045.657, "Actual Rows": 4, "Actual Loops": 1, "Group By Key": ["\"substring\"((public.customer.c_phone)::text, 1, 2)"], "Plans": [{"Node Type": "Nested Loop", "Parent Relationship": "Outer", "Join Type": "Anti", "Startup Cost": 10000000003.75, "Total Cost": 1000010687458.32, "Plan Rows": 1, "Plan Width": 24, "Actual Startup Time": 1995.077, "Actual Total Time": 5019.031, "Actual Rows": 36604, "Actual Loops": 1, "Inner Unique": false, "Plans": [{"Node Type": "Index Scan", "Parent Relationship": "Outer", "Scan Direction": "Forward", "Index Name": "customer_pkey", "Relation Name": "customer", "Alias": "customer", "Startup Cost": 10000000000.0, "Total Cost": 1000010514035.62, "Plan Rows": 17500, "Plan Width": 32, "Actual Startup Time": 1995.001, "Actual Total Time": 3864.643, "Actual Rows": 109197, "Actual Loops": 1, "Filter": "((c_acctbal > $0) AND (\"substring\"((c_phone)::text, 1, 2) = ANY ('{20,40,22,30,39,42,21}'::text[])))", "Rows Removed by Filter": 1390803}, {"Node Type": "Bitmap Heap Scan", "Parent Relationship": "Inner", "Relation Name": "orders", "Alias": "orders", "Startup Cost": 3.75, "Total Cost": 19.76, "Plan Rows": 4, "Plan Width": 8, "Actual Startup Time": 963.288, "Actual Total Time": 963.288, "Actual Rows": 72593, "Actual Loops": 109197, "Recheck Cond": "(o_custkey = public.customer.c_custkey)", "Rows Removed by Index Recheck": 0, "Exact Heap Blocks": 72593, "Lossy Heap Blocks": 72593, "Plans": [{"Node Type": "Bitmap Index Scan", "Parent Relationship": "Outer", "Index Name": "idx_orders_custkey", "Startup Cost": 0.0, "Total Cost": 3.75, "Plan Rows": 4, "Plan Width": 0, "Actual Startup Time": 588.006, "Actual Total Time": 588.006, "Actual Rows": 1091631, "Actual Loops": 109197, "Index Cond": "(o_custkey = public.customer.c_custkey)"}]}]}]}]}, "Triggers": [], "Planner Runtime": 0.768, "Total Runtime": 5045.883, "Unique SQL Id": 2798552886}}, "(16, 68)": {"explain_plan": {"Plan": {"Node Type": "Sort", "Startup Cost": 274230.79, "Total Cost": 274230.8, "Plan Rows": 1, "Plan Width": 40, "Sort Key": ["(\"substring\"((public.customer.c_phone)::text, 1, 2))"], "Plans": [{"Node Type": "Aggregate", "Strategy": "Plain", "Parent Relationship": "exec_init_plan", "Subplan Name": "InitPlan 1 (returns $0)", "Startup Cost": 76620.14, "Total Cost": 76620.15, "Plan Rows": 1, "Plan Width": 40, "Plans": [{"Node Type": "Seq Scan", "Parent Relationship": "Outer", "Relation Name": "customer", "Alias": "customer", "Startup Cost": 12.95, "Total Cost": 76501.0, "Plan Rows": 47655, "Plan Width": 8, "Filter": "((c_acctbal > 0::double precision) AND (\"substring\"((c_phone)::text, 1, 2) = ANY ('{20,40,22,30,39,42,21}'::text[])))"}]}, {"Node Type": "Aggregate", "Strategy": "Hashed", "Parent Relationship": "Outer", "Startup Cost": 197610.62, "Total Cost": 197610.63, "Plan Rows": 1, "Plan Width": 40, "Group By Key": ["\"substring\"((public.customer.c_phone)::text, 1, 2)"], "Plans": [{"Node Type": "Nested Loop", "Parent Relationship": "Outer", "Join Type": "Anti", "Startup Cost": 0.0, "Total Cost": 197610.61, "Plan Rows": 1, "Plan Width": 24, "Inner Unique": false, "Plans": [{"Node Type": "Seq Scan", "Parent Relationship": "Outer", "Relation Name": "customer", "Alias": "customer", "Startup Cost": 0.0, "Total Cost": 76501.0, "Plan Rows": 17500, "Plan Width": 32, "Filter": "((c_acctbal > $0) AND (\"substring\"((c_phone)::text, 1, 2) = ANY ('{20,40,22,30,39,42,21}'::text[])))"}, {"Node Type": "Index Scan", "Parent Relationship": "Inner", "Scan Direction": "Forward", "Index Name": "idx_orders_custkey", "Relation Name": "orders", "Alias": "orders", "Startup Cost": 0.0, "Total Cost": 17.99, "Plan Rows": 4, "Plan Width": 8, "Index Cond": "(o_custkey = public.customer.c_custkey)"}]}]}]}, "Unique SQL Id": 2798552886}, "explain_analyze_plan": {"Plan": {"Node Type": "Sort", "Startup Cost": 274230.79, "Total Cost": 274230.8, "Plan Rows": 1, "Plan Width": 40, "Actual Startup Time": 4031.791, "Actual Total Time": 4031.792, "Actual Rows": 4, "Actual Loops": 1, "Sort Key": ["(\"substring\"((public.customer.c_phone)::text, 1, 2))"], "Sort Method": "quicksort", "Sort Space Used": 25, "Sort Space Type": "Memory", "Plans": [{"Node Type": "Aggregate", "Strategy": "Plain", "Parent Relationship": "exec_init_plan", "Subplan Name": "InitPlan 1 (returns $0)", "Startup Cost": 76620.14, "Total Cost": 76620.15, "Plan Rows": 1, "Plan Width": 40, "Actual Startup Time": 1993.693, "Actual Total Time": 1993.694, "Actual Rows": 1, "Actual Loops": 1, "Plans": [{"Node Type": "Seq Scan", "Parent Relationship": "Outer", "Relation Name": "customer", "Alias": "customer", "Startup Cost": 12.95, "Total Cost": 76501.0, "Plan Rows": 47655, "Plan Width": 8, "Actual Startup Time": 0.034, "Actual Total Time": 1897.714, "Actual Rows": 218121, "Actual Loops": 1, "Filter": "((c_acctbal > 0::double precision) AND (\"substring\"((c_phone)::text, 1, 2) = ANY ('{20,40,22,30,39,42,21}'::text[])))", "Rows Removed by Filter": 1281879}]}, {"Node Type": "Aggregate", "Strategy": "Hashed", "Parent Relationship": "Outer", "Startup Cost": 197610.62, "Total Cost": 197610.63, "Plan Rows": 1, "Plan Width": 40, "Actual Startup Time": 4031.76, "Actual Total Time": 4031.761, "Actual Rows": 4, "Actual Loops": 1, "Group By Key": ["\"substring\"((public.customer.c_phone)::text, 1, 2)"], "Plans": [{"Node Type": "Nested Loop", "Parent Relationship": "Outer", "Join Type": "Anti", "Startup Cost": 0.0, "Total Cost": 197610.61, "Plan Rows": 1, "Plan Width": 24, "Actual Startup Time": 1993.926, "Actual Total Time": 4008.675, "Actual Rows": 36604, "Actual Loops": 1, "Inner Unique": false, "Plans": [{"Node Type": "Seq Scan", "Parent Relationship": "Outer", "Relation Name": "customer", "Alias": "customer", "Startup Cost": 0.0, "Total Cost": 76501.0, "Plan Rows": 17500, "Plan Width": 32, "Actual Startup Time": 1993.871, "Actual Total Time": 3286.163, "Actual Rows": 109197, "Actual Loops": 1, "Filter": "((c_acctbal > $0) AND (\"substring\"((c_phone)::text, 1, 2) = ANY ('{20,40,22,30,39,42,21}'::text[])))", "Rows Removed by Filter": 1390803}, {"Node Type": "Index Scan", "Parent Relationship": "Inner", "Scan Direction": "Forward", "Index Name": "idx_orders_custkey", "Relation Name": "orders", "Alias": "orders", "Startup Cost": 0.0, "Total Cost": 17.99, "Plan Rows": 4, "Plan Width": 8, "Actual Startup Time": 615.26, "Actual Total Time": 615.26, "Actual Rows": 72593, "Actual Loops": 109197, "Index Cond": "(o_custkey = public.customer.c_custkey)", "Rows Removed by Index Recheck": 0}]}]}]}, "Triggers": [], "Planner Runtime": 0.724, "Total Runtime": 4031.974, "Unique SQL Id": 2798552886}}, "(16, 69)": {"explain_plan": {"Plan": {"Node Type": "Sort", "Startup Cost": 1000007876469.15, "Total Cost": 1000007876469.15, "Plan Rows": 1, "Plan Width": 40, "Sort Key": ["(\"substring\"((public.customer.c_phone)::text, 1, 2))"], "Plans": [{"Node Type": "Aggregate", "Strategy": "Plain", "Parent Relationship": "exec_init_plan", "Subplan Name": "InitPlan 1 (returns $0)", "Startup Cost": 1000007650219.14, "Total Cost": 1000007650219.15, "Plan Rows": 1, "Plan Width": 40, "Plans": [{"Node Type": "Seq Scan", "Parent Relationship": "Outer", "Relation Name": "customer", "Alias": "customer", "Startup Cost": 10000000012.75, "Total Cost": 1000007650100.0, "Plan Rows": 47655, "Plan Width": 8, "Filter": "((c_acctbal > 0::double precision) AND (\"substring\"((c_phone)::text, 1, 2) = ANY ('{20,40,22,30,39,42,21}'::text[])))"}]}, {"Node Type": "Aggregate", "Strategy": "Hashed", "Parent Relationship": "Outer", "Startup Cost": 226249.97, "Total Cost": 226249.99, "Plan Rows": 1, "Plan Width": 40, "Group By Key": ["\"substring\"((public.customer.c_phone)::text, 1, 2)"], "Plans": [{"Node Type": "Nested Loop", "Parent Relationship": "Outer", "Join Type": "Anti", "Startup Cost": 0.0, "Total Cost": 226249.97, "Plan Rows": 1, "Plan Width": 24, "Inner Unique": false, "Plans": [{"Node Type": "Index Scan", "Parent Relationship": "Outer", "Scan Direction": "Forward", "Index Name": "customer_pkey", "Relation Name": "customer", "Alias": "customer", "Startup Cost": 0.0, "Total Cost": 105140.36, "Plan Rows": 17500, "Plan Width": 32, "Filter": "((c_acctbal > $0) AND (\"substring\"((c_phone)::text, 1, 2) = ANY ('{20,40,22,30,39,42,21}'::text[])))"}, {"Node Type": "Index Scan", "Parent Relationship": "Inner", "Scan Direction": "Forward", "Index Name": "idx_orders_custkey", "Relation Name": "orders", "Alias": "orders", "Startup Cost": 0.0, "Total Cost": 17.99, "Plan Rows": 4, "Plan Width": 8, "Index Cond": "(o_custkey = public.customer.c_custkey)"}]}]}]}, "Unique SQL Id": 2798552886}, "explain_analyze_plan": {"Plan": {"Node Type": "Sort", "Startup Cost": 1000007876469.15, "Total Cost": 1000007876469.15, "Plan Rows": 1, "Plan Width": 40, "Actual Startup Time": 4555.194, "Actual Total Time": 4555.195, "Actual Rows": 4, "Actual Loops": 1, "Sort Key": ["(\"substring\"((public.customer.c_phone)::text, 1, 2))"], "Sort Method": "quicksort", "Sort Space Used": 25, "Sort Space Type": "Memory", "Plans": [{"Node Type": "Aggregate", "Strategy": "Plain", "Parent Relationship": "exec_init_plan", "Subplan Name": "InitPlan 1 (returns $0)", "Startup Cost": 1000007650219.14, "Total Cost": 1000007650219.15, "Plan Rows": 1, "Plan Width": 40, "Actual Startup Time": 2007.503, "Actual Total Time": 2007.503, "Actual Rows": 1, "Actual Loops": 1, "Plans": [{"Node Type": "Seq Scan", "Parent Relationship": "Outer", "Relation Name": "customer", "Alias": "customer", "Startup Cost": 10000000012.75, "Total Cost": 1000007650100.0, "Plan Rows": 47655, "Plan Width": 8, "Actual Startup Time": 0.039, "Actual Total Time": 1912.456, "Actual Rows": 218121, "Actual Loops": 1, "Filter": "((c_acctbal > 0::double precision) AND (\"substring\"((c_phone)::text, 1, 2) = ANY ('{20,40,22,30,39,42,21}'::text[])))", "Rows Removed by Filter": 1281879}]}, {"Node Type": "Aggregate", "Strategy": "Hashed", "Parent Relationship": "Outer", "Startup Cost": 226249.97, "Total Cost": 226249.99, "Plan Rows": 1, "Plan Width": 40, "Actual Startup Time": 4555.155, "Actual Total Time": 4555.158, "Actual Rows": 4, "Actual Loops": 1, "Group By Key": ["\"substring\"((public.customer.c_phone)::text, 1, 2)"], "Plans": [{"Node Type": "Nested Loop", "Parent Relationship": "Outer", "Join Type": "Anti", "Startup Cost": 0.0, "Total Cost": 226249.97, "Plan Rows": 1, "Plan Width": 24, "Actual Startup Time": 2007.614, "Actual Total Time": 4531.932, "Actual Rows": 36604, "Actual Loops": 1, "Inner Unique": false, "Plans": [{"Node Type": "Index Scan", "Parent Relationship": "Outer", "Scan Direction": "Forward", "Index Name": "customer_pkey", "Relation Name": "customer", "Alias": "customer", "Startup Cost": 0.0, "Total Cost": 105140.36, "Plan Rows": 17500, "Plan Width": 32, "Actual Startup Time": 2007.576, "Actual Total Time": 3796.184, "Actual Rows": 109197, "Actual Loops": 1, "Filter": "((c_acctbal > $0) AND (\"substring\"((c_phone)::text, 1, 2) = ANY ('{20,40,22,30,39,42,21}'::text[])))", "Rows Removed by Filter": 1390803}, {"Node Type": "Index Scan", "Parent Relationship": "Inner", "Scan Direction": "Forward", "Index Name": "idx_orders_custkey", "Relation Name": "orders", "Alias": "orders", "Startup Cost": 0.0, "Total Cost": 17.99, "Plan Rows": 4, "Plan Width": 8, "Actual Startup Time": 628.013, "Actual Total Time": 628.013, "Actual Rows": 72593, "Actual Loops": 109197, "Index Cond": "(o_custkey = public.customer.c_custkey)", "Rows Removed by Index Recheck": 0}]}]}]}, "Triggers": [], "Planner Runtime": 0.762, "Total Runtime": 4555.366, "Unique SQL Id": 2798552886}}, "(16, 70)": {"explain_plan": {"Plan": {"Node Type": "Sort", "Startup Cost": 326543.88, "Total Cost": 326543.89, "Plan Rows": 1, "Plan Width": 40, "Sort Key": ["(\"substring\"((public.customer.c_phone)::text, 1, 2))"], "Plans": [{"Node Type": "Aggregate", "Strategy": "Plain", "Parent Relationship": "exec_init_plan", "Subplan Name": "InitPlan 1 (returns $0)", "Startup Cost": 76620.14, "Total Cost": 76620.15, "Plan Rows": 1, "Plan Width": 40, "Plans": [{"Node Type": "Seq Scan", "Parent Relationship": "Outer", "Relation Name": "customer", "Alias": "customer", "Startup Cost": 12.95, "Total Cost": 76501.0, "Plan Rows": 47655, "Plan Width": 8, "Filter": "((c_acctbal > 0::double precision) AND (\"substring\"((c_phone)::text, 1, 2) = ANY ('{20,40,22,30,39,42,21}'::text[])))"}]}, {"Node Type": "Aggregate", "Strategy": "Hashed", "Parent Relationship": "Outer", "Startup Cost": 249923.71, "Total Cost": 249923.72, "Plan Rows": 1, "Plan Width": 40, "Group By Key": ["\"substring\"((public.customer.c_phone)::text, 1, 2)"], "Plans": [{"Node Type": "Nested Loop", "Parent Relationship": "Outer", "Join Type": "Anti", "Startup Cost": 3.75, "Total Cost": 249923.7, "Plan Rows": 1, "Plan Width": 24, "Inner Unique": false, "Plans": [{"Node Type": "Seq Scan", "Parent Relationship": "Outer", "Relation Name": "customer", "Alias": "customer", "Startup Cost": 0.0, "Total Cost": 76501.0, "Plan Rows": 17500, "Plan Width": 32, "Filter": "((c_acctbal > $0) AND (\"substring\"((c_phone)::text, 1, 2) = ANY ('{20,40,22,30,39,42,21}'::text[])))"}, {"Node Type": "Bitmap Heap Scan", "Parent Relationship": "Inner", "Relation Name": "orders", "Alias": "orders", "Startup Cost": 3.75, "Total Cost": 19.76, "Plan Rows": 4, "Plan Width": 8, "Recheck Cond": "(o_custkey = public.customer.c_custkey)", "Plans": [{"Node Type": "Bitmap Index Scan", "Parent Relationship": "Outer", "Index Name": "idx_orders_custkey", "Startup Cost": 0.0, "Total Cost": 3.75, "Plan Rows": 4, "Plan Width": 0, "Index Cond": "(o_custkey = public.customer.c_custkey)"}]}]}]}]}, "Unique SQL Id": 2798552886}, "explain_analyze_plan": {"Plan": {"Node Type": "Sort", "Startup Cost": 326543.88, "Total Cost": 326543.89, "Plan Rows": 1, "Plan Width": 40, "Actual Startup Time": 4492.233, "Actual Total Time": 4492.235, "Actual Rows": 4, "Actual Loops": 1, "Sort Key": ["(\"substring\"((public.customer.c_phone)::text, 1, 2))"], "Sort Method": "quicksort", "Sort Space Used": 25, "Sort Space Type": "Memory", "Plans": [{"Node Type": "Aggregate", "Strategy": "Plain", "Parent Relationship": "exec_init_plan", "Subplan Name": "InitPlan 1 (returns $0)", "Startup Cost": 76620.14, "Total Cost": 76620.15, "Plan Rows": 1, "Plan Width": 40, "Actual Startup Time": 1991.263, "Actual Total Time": 1991.264, "Actual Rows": 1, "Actual Loops": 1, "Plans": [{"Node Type": "Seq Scan", "Parent Relationship": "Outer", "Relation Name": "customer", "Alias": "customer", "Startup Cost": 12.95, "Total Cost": 76501.0, "Plan Rows": 47655, "Plan Width": 8, "Actual Startup Time": 0.029, "Actual Total Time": 1896.473, "Actual Rows": 218121, "Actual Loops": 1, "Filter": "((c_acctbal > 0::double precision) AND (\"substring\"((c_phone)::text, 1, 2) = ANY ('{20,40,22,30,39,42,21}'::text[])))", "Rows Removed by Filter": 1281879}]}, {"Node Type": "Aggregate", "Strategy": "Hashed", "Parent Relationship": "Outer", "Startup Cost": 249923.71, "Total Cost": 249923.72, "Plan Rows": 1, "Plan Width": 40, "Actual Startup Time": 4492.108, "Actual Total Time": 4492.121, "Actual Rows": 4, "Actual Loops": 1, "Group By Key": ["\"substring\"((public.customer.c_phone)::text, 1, 2)"], "Plans": [{"Node Type": "Nested Loop", "Parent Relationship": "Outer", "Join Type": "Anti", "Startup Cost": 3.75, "Total Cost": 249923.7, "Plan Rows": 1, "Plan Width": 24, "Actual Startup Time": 1991.407, "Actual Total Time": 4465.33, "Actual Rows": 36604, "Actual Loops": 1, "Inner Unique": false, "Plans": [{"Node Type": "Seq Scan", "Parent Relationship": "Outer", "Relation Name": "customer", "Alias": "customer", "Startup Cost": 0.0, "Total Cost": 76501.0, "Plan Rows": 17500, "Plan Width": 32, "Actual Startup Time": 1991.334, "Actual Total Time": 3313.189, "Actual Rows": 109197, "Actual Loops": 1, "Filter": "((c_acctbal > $0) AND (\"substring\"((c_phone)::text, 1, 2) = ANY ('{20,40,22,30,39,42,21}'::text[])))", "Rows Removed by Filter": 1390803}, {"Node Type": "Bitmap Heap Scan", "Parent Relationship": "Inner", "Relation Name": "orders", "Alias": "orders", "Startup Cost": 3.75, "Total Cost": 19.76, "Plan Rows": 4, "Plan Width": 8, "Actual Startup Time": 965.354, "Actual Total Time": 965.354, "Actual Rows": 72593, "Actual Loops": 109197, "Recheck Cond": "(o_custkey = public.customer.c_custkey)", "Rows Removed by Index Recheck": 0, "Exact Heap Blocks": 72593, "Lossy Heap Blocks": 72593, "Plans": [{"Node Type": "Bitmap Index Scan", "Parent Relationship": "Outer", "Index Name": "idx_orders_custkey", "Startup Cost": 0.0, "Total Cost": 3.75, "Plan Rows": 4, "Plan Width": 0, "Actual Startup Time": 601.574, "Actual Total Time": 601.574, "Actual Rows": 1091631, "Actual Loops": 109197, "Index Cond": "(o_custkey = public.customer.c_custkey)"}]}]}]}]}, "Triggers": [], "Planner Runtime": 0.755, "Total Runtime": 4492.429, "Unique SQL Id": 2798552886}}, "(16, 71)": {"explain_plan": {"Plan": {"Node Type": "Sort", "Startup Cost": 2000018337677.51, "Total Cost": 2000018337677.51, "Plan Rows": 1, "Plan Width": 40, "Sort Key": ["(\"substring\"((public.customer.c_phone)::text, 1, 2))"], "Plans": [{"Node Type": "Aggregate", "Strategy": "Plain", "Parent Relationship": "exec_init_plan", "Subplan Name": "InitPlan 1 (returns $0)", "Startup Cost": 1000007650219.14, "Total Cost": 1000007650219.15, "Plan Rows": 1, "Plan Width": 40, "Plans": [{"Node Type": "Seq Scan", "Parent Relationship": "Outer", "Relation Name": "customer", "Alias": "customer", "Startup Cost": 10000000012.75, "Total Cost": 1000007650100.0, "Plan Rows": 47655, "Plan Width": 8, "Filter": "((c_acctbal > 0::double precision) AND (\"substring\"((c_phone)::text, 1, 2) = ANY ('{20,40,22,30,39,42,21}'::text[])))"}]}, {"Node Type": "Aggregate", "Strategy": "Hashed", "Parent Relationship": "Outer", "Startup Cost": 1000010687458.33, "Total Cost": 1000010687458.35, "Plan Rows": 1, "Plan Width": 40, "Group By Key": ["\"substring\"((public.customer.c_phone)::text, 1, 2)"], "Plans": [{"Node Type": "Nested Loop", "Parent Relationship": "Outer", "Join Type": "Anti", "Startup Cost": 10000000003.75, "Total Cost": 1000010687458.32, "Plan Rows": 1, "Plan Width": 24, "Inner Unique": false, "Plans": [{"Node Type": "Index Scan", "Parent Relationship": "Outer", "Scan Direction": "Forward", "Index Name": "customer_pkey", "Relation Name": "customer", "Alias": "customer", "Startup Cost": 10000000000.0, "Total Cost": 1000010514035.62, "Plan Rows": 17500, "Plan Width": 32, "Filter": "((c_acctbal > $0) AND (\"substring\"((c_phone)::text, 1, 2) = ANY ('{20,40,22,30,39,42,21}'::text[])))"}, {"Node Type": "Bitmap Heap Scan", "Parent Relationship": "Inner", "Relation Name": "orders", "Alias": "orders", "Startup Cost": 3.75, "Total Cost": 19.76, "Plan Rows": 4, "Plan Width": 8, "Recheck Cond": "(o_custkey = public.customer.c_custkey)", "Plans": [{"Node Type": "Bitmap Index Scan", "Parent Relationship": "Outer", "Index Name": "idx_orders_custkey", "Startup Cost": 0.0, "Total Cost": 3.75, "Plan Rows": 4, "Plan Width": 0, "Index Cond": "(o_custkey = public.customer.c_custkey)"}]}]}]}]}, "Unique SQL Id": 2798552886}, "explain_analyze_plan": {"Plan": {"Node Type": "Sort", "Startup Cost": 2000018337677.51, "Total Cost": 2000018337677.51, "Plan Rows": 1, "Plan Width": 40, "Actual Startup Time": 5045.7, "Actual Total Time": 5045.7, "Actual Rows": 4, "Actual Loops": 1, "Sort Key": ["(\"substring\"((public.customer.c_phone)::text, 1, 2))"], "Sort Method": "quicksort", "Sort Space Used": 25, "Sort Space Type": "Memory", "Plans": [{"Node Type": "Aggregate", "Strategy": "Plain", "Parent Relationship": "exec_init_plan", "Subplan Name": "InitPlan 1 (returns $0)", "Startup Cost": 1000007650219.14, "Total Cost": 1000007650219.15, "Plan Rows": 1, "Plan Width": 40, "Actual Startup Time": 1994.893, "Actual Total Time": 1994.893, "Actual Rows": 1, "Actual Loops": 1, "Plans": [{"Node Type": "Seq Scan", "Parent Relationship": "Outer", "Relation Name": "customer", "Alias": "customer", "Startup Cost": 10000000012.75, "Total Cost": 1000007650100.0, "Plan Rows": 47655, "Plan Width": 8, "Actual Startup Time": 0.036, "Actual Total Time": 1899.86, "Actual Rows": 218121, "Actual Loops": 1, "Filter": "((c_acctbal > 0::double precision) AND (\"substring\"((c_phone)::text, 1, 2) = ANY ('{20,40,22,30,39,42,21}'::text[])))", "Rows Removed by Filter": 1281879}]}, {"Node Type": "Aggregate", "Strategy": "Hashed", "Parent Relationship": "Outer", "Startup Cost": 1000010687458.33, "Total Cost": 1000010687458.35, "Plan Rows": 1, "Plan Width": 40, "Actual Startup Time": 5045.657, "Actual Total Time": 5045.657, "Actual Rows": 4, "Actual Loops": 1, "Group By Key": ["\"substring\"((public.customer.c_phone)::text, 1, 2)"], "Plans": [{"Node Type": "Nested Loop", "Parent Relationship": "Outer", "Join Type": "Anti", "Startup Cost": 10000000003.75, "Total Cost": 1000010687458.32, "Plan Rows": 1, "Plan Width": 24, "Actual Startup Time": 1995.077, "Actual Total Time": 5019.031, "Actual Rows": 36604, "Actual Loops": 1, "Inner Unique": false, "Plans": [{"Node Type": "Index Scan", "Parent Relationship": "Outer", "Scan Direction": "Forward", "Index Name": "customer_pkey", "Relation Name": "customer", "Alias": "customer", "Startup Cost": 10000000000.0, "Total Cost": 1000010514035.62, "Plan Rows": 17500, "Plan Width": 32, "Actual Startup Time": 1995.001, "Actual Total Time": 3864.643, "Actual Rows": 109197, "Actual Loops": 1, "Filter": "((c_acctbal > $0) AND (\"substring\"((c_phone)::text, 1, 2) = ANY ('{20,40,22,30,39,42,21}'::text[])))", "Rows Removed by Filter": 1390803}, {"Node Type": "Bitmap Heap Scan", "Parent Relationship": "Inner", "Relation Name": "orders", "Alias": "orders", "Startup Cost": 3.75, "Total Cost": 19.76, "Plan Rows": 4, "Plan Width": 8, "Actual Startup Time": 963.288, "Actual Total Time": 963.288, "Actual Rows": 72593, "Actual Loops": 109197, "Recheck Cond": "(o_custkey = public.customer.c_custkey)", "Rows Removed by Index Recheck": 0, "Exact Heap Blocks": 72593, "Lossy Heap Blocks": 72593, "Plans": [{"Node Type": "Bitmap Index Scan", "Parent Relationship": "Outer", "Index Name": "idx_orders_custkey", "Startup Cost": 0.0, "Total Cost": 3.75, "Plan Rows": 4, "Plan Width": 0, "Actual Startup Time": 588.006, "Actual Total Time": 588.006, "Actual Rows": 1091631, "Actual Loops": 109197, "Index Cond": "(o_custkey = public.customer.c_custkey)"}]}]}]}]}, "Triggers": [], "Planner Runtime": 0.768, "Total Runtime": 5045.883, "Unique SQL Id": 2798552886}}, "(16, 72)": {"explain_plan": {"Plan": {"Node Type": "Sort", "Startup Cost": 178853.67, "Total Cost": 178853.67, "Plan Rows": 1, "Plan Width": 40, "Sort Key": ["(\"substring\"((public.customer.c_phone)::text, 1, 2))"], "Plans": [{"Node Type": "Aggregate", "Strategy": "Plain", "Parent Relationship": "exec_init_plan", "Subplan Name": "InitPlan 1 (returns $0)", "Startup Cost": 76620.14, "Total Cost": 76620.15, "Plan Rows": 1, "Plan Width": 40, "Plans": [{"Node Type": "Seq Scan", "Parent Relationship": "Outer", "Relation Name": "customer", "Alias": "customer", "Startup Cost": 12.95, "Total Cost": 76501.0, "Plan Rows": 47655, "Plan Width": 8, "Filter": "((c_acctbal > 0::double precision) AND (\"substring\"((c_phone)::text, 1, 2) = ANY ('{20,40,22,30,39,42,21}'::text[])))"}]}, {"Node Type": "Aggregate", "Strategy": "Hashed", "Parent Relationship": "Outer", "Startup Cost": 102233.49, "Total Cost": 102233.51, "Plan Rows": 1, "Plan Width": 40, "Group By Key": ["\"substring\"((public.customer.c_phone)::text, 1, 2)"], "Plans": [{"Node Type": "Nested Loop", "Parent Relationship": "Outer", "Join Type": "Anti", "Startup Cost": 0.0, "Total Cost": 102233.49, "Plan Rows": 1, "Plan Width": 24, "Inner Unique": false, "Plans": [{"Node Type": "Seq Scan", "Parent Relationship": "Outer", "Relation Name": "customer", "Alias": "customer", "Startup Cost": 0.0, "Total Cost": 76501.0, "Plan Rows": 17500, "Plan Width": 32, "Filter": "((c_acctbal > $0) AND (\"substring\"((c_phone)::text, 1, 2) = ANY ('{20,40,22,30,39,42,21}'::text[])))"}, {"Node Type": "Index Only Scan", "Parent Relationship": "Inner", "Scan Direction": "Forward", "Index Name": "idx_orders_custkey", "Relation Name": "orders", "Alias": "orders", "Startup Cost": 0.0, "Total Cost": 3.79, "Plan Rows": 4, "Plan Width": 8, "Index Cond": "(o_custkey = public.customer.c_custkey)"}]}]}]}, "Unique SQL Id": 2798552886}, "explain_analyze_plan": {"Plan": {"Node Type": "Sort", "Startup Cost": 178853.67, "Total Cost": 178853.67, "Plan Rows": 1, "Plan Width": 40, "Actual Startup Time": 3898.225, "Actual Total Time": 3898.226, "Actual Rows": 4, "Actual Loops": 1, "Sort Key": ["(\"substring\"((public.customer.c_phone)::text, 1, 2))"], "Sort Method": "quicksort", "Sort Space Used": 25, "Sort Space Type": "Memory", "Plans": [{"Node Type": "Aggregate", "Strategy": "Plain", "Parent Relationship": "exec_init_plan", "Subplan Name": "InitPlan 1 (returns $0)", "Startup Cost": 76620.14, "Total Cost": 76620.15, "Plan Rows": 1, "Plan Width": 40, "Actual Startup Time": 1993.797, "Actual Total Time": 1993.797, "Actual Rows": 1, "Actual Loops": 1, "Plans": [{"Node Type": "Seq Scan", "Parent Relationship": "Outer", "Relation Name": "customer", "Alias": "customer", "Startup Cost": 12.95, "Total Cost": 76501.0, "Plan Rows": 47655, "Plan Width": 8, "Actual Startup Time": 0.028, "Actual Total Time": 1898.824, "Actual Rows": 218121, "Actual Loops": 1, "Filter": "((c_acctbal > 0::double precision) AND (\"substring\"((c_phone)::text, 1, 2) = ANY ('{20,40,22,30,39,42,21}'::text[])))", "Rows Removed by Filter": 1281879}]}, {"Node Type": "Aggregate", "Strategy": "Hashed", "Parent Relationship": "Outer", "Startup Cost": 102233.49, "Total Cost": 102233.51, "Plan Rows": 1, "Plan Width": 40, "Actual Startup Time": 3898.192, "Actual Total Time": 3898.195, "Actual Rows": 4, "Actual Loops": 1, "Group By Key": ["\"substring\"((public.customer.c_phone)::text, 1, 2)"], "Plans": [{"Node Type": "Nested Loop", "Parent Relationship": "Outer", "Join Type": "Anti", "Startup Cost": 0.0, "Total Cost": 102233.49, "Plan Rows": 1, "Plan Width": 24, "Actual Startup Time": 1994.027, "Actual Total Time": 3875.509, "Actual Rows": 36604, "Actual Loops": 1, "Inner Unique": false, "Plans": [{"Node Type": "Seq Scan", "Parent Relationship": "Outer", "Relation Name": "customer", "Alias": "customer", "Startup Cost": 0.0, "Total Cost": 76501.0, "Plan Rows": 17500, "Plan Width": 32, "Actual Startup Time": 1993.955, "Actual Total Time": 3288.893, "Actual Rows": 109197, "Actual Loops": 1, "Filter": "((c_acctbal > $0) AND (\"substring\"((c_phone)::text, 1, 2) = ANY ('{20,40,22,30,39,42,21}'::text[])))", "Rows Removed by Filter": 1390803}, {"Node Type": "Index Only Scan", "Parent Relationship": "Inner", "Scan Direction": "Forward", "Index Name": "idx_orders_custkey", "Relation Name": "orders", "Alias": "orders", "Startup Cost": 0.0, "Total Cost": 3.79, "Plan Rows": 4, "Plan Width": 8, "Actual Startup Time": 484.426, "Actual Total Time": 484.426, "Actual Rows": 72593, "Actual Loops": 109197, "Index Cond": "(o_custkey = public.customer.c_custkey)", "Rows Removed by Index Recheck": 0, "Heap Fetches": 0}]}]}]}, "Triggers": [], "Planner Runtime": 0.759, "Total Runtime": 3898.474, "Unique SQL Id": 2798552886}}, "(16, 73)": {"explain_plan": {"Plan": {"Node Type": "Sort", "Startup Cost": 1000007781092.03, "Total Cost": 1000007781092.03, "Plan Rows": 1, "Plan Width": 40, "Sort Key": ["(\"substring\"((public.customer.c_phone)::text, 1, 2))"], "Plans": [{"Node Type": "Aggregate", "Strategy": "Plain", "Parent Relationship": "exec_init_plan", "Subplan Name": "InitPlan 1 (returns $0)", "Startup Cost": 1000007650219.14, "Total Cost": 1000007650219.15, "Plan Rows": 1, "Plan Width": 40, "Plans": [{"Node Type": "Seq Scan", "Parent Relationship": "Outer", "Relation Name": "customer", "Alias": "customer", "Startup Cost": 10000000012.75, "Total Cost": 1000007650100.0, "Plan Rows": 47655, "Plan Width": 8, "Filter": "((c_acctbal > 0::double precision) AND (\"substring\"((c_phone)::text, 1, 2) = ANY ('{20,40,22,30,39,42,21}'::text[])))"}]}, {"Node Type": "Aggregate", "Strategy": "Hashed", "Parent Relationship": "Outer", "Startup Cost": 130872.85, "Total Cost": 130872.87, "Plan Rows": 1, "Plan Width": 40, "Group By Key": ["\"substring\"((public.customer.c_phone)::text, 1, 2)"], "Plans": [{"Node Type": "Nested Loop", "Parent Relationship": "Outer", "Join Type": "Anti", "Startup Cost": 0.0, "Total Cost": 130872.84, "Plan Rows": 1, "Plan Width": 24, "Inner Unique": false, "Plans": [{"Node Type": "Index Scan", "Parent Relationship": "Outer", "Scan Direction": "Forward", "Index Name": "customer_pkey", "Relation Name": "customer", "Alias": "customer", "Startup Cost": 0.0, "Total Cost": 105140.36, "Plan Rows": 17500, "Plan Width": 32, "Filter": "((c_acctbal > $0) AND (\"substring\"((c_phone)::text, 1, 2) = ANY ('{20,40,22,30,39,42,21}'::text[])))"}, {"Node Type": "Index Only Scan", "Parent Relationship": "Inner", "Scan Direction": "Forward", "Index Name": "idx_orders_custkey", "Relation Name": "orders", "Alias": "orders", "Startup Cost": 0.0, "Total Cost": 3.79, "Plan Rows": 4, "Plan Width": 8, "Index Cond": "(o_custkey = public.customer.c_custkey)"}]}]}]}, "Unique SQL Id": 2798552886}, "explain_analyze_plan": {"Plan": {"Node Type": "Sort", "Startup Cost": 1000007781092.03, "Total Cost": 1000007781092.03, "Plan Rows": 1, "Plan Width": 40, "Actual Startup Time": 4538.566, "Actual Total Time": 4538.567, "Actual Rows": 4, "Actual Loops": 1, "Sort Key": ["(\"substring\"((public.customer.c_phone)::text, 1, 2))"], "Sort Method": "quicksort", "Sort Space Used": 25, "Sort Space Type": "Memory", "Plans": [{"Node Type": "Aggregate", "Strategy": "Plain", "Parent Relationship": "exec_init_plan", "Subplan Name": "InitPlan 1 (returns $0)", "Startup Cost": 1000007650219.14, "Total Cost": 1000007650219.15, "Plan Rows": 1, "Plan Width": 40, "Actual Startup Time": 2004.286, "Actual Total Time": 2004.287, "Actual Rows": 1, "Actual Loops": 1, "Plans": [{"Node Type": "Seq Scan", "Parent Relationship": "Outer", "Relation Name": "customer", "Alias": "customer", "Startup Cost": 10000000012.75, "Total Cost": 1000007650100.0, "Plan Rows": 47655, "Plan Width": 8, "Actual Startup Time": 0.036, "Actual Total Time": 1908.298, "Actual Rows": 218121, "Actual Loops": 1, "Filter": "((c_acctbal > 0::double precision) AND (\"substring\"((c_phone)::text, 1, 2) = ANY ('{20,40,22,30,39,42,21}'::text[])))", "Rows Removed by Filter": 1281879}]}, {"Node Type": "Aggregate", "Strategy": "Hashed", "Parent Relationship": "Outer", "Startup Cost": 130872.85, "Total Cost": 130872.87, "Plan Rows": 1, "Plan Width": 40, "Actual Startup Time": 4538.513, "Actual Total Time": 4538.515, "Actual Rows": 4, "Actual Loops": 1, "Group By Key": ["\"substring\"((public.customer.c_phone)::text, 1, 2)"], "Plans": [{"Node Type": "Nested Loop", "Parent Relationship": "Outer", "Join Type": "Anti", "Startup Cost": 0.0, "Total Cost": 130872.84, "Plan Rows": 1, "Plan Width": 24, "Actual Startup Time": 2004.513, "Actual Total Time": 4515.757, "Actual Rows": 36604, "Actual Loops": 1, "Inner Unique": false, "Plans": [{"Node Type": "Index Scan", "Parent Relationship": "Outer", "Scan Direction": "Forward", "Index Name": "customer_pkey", "Relation Name": "customer", "Alias": "customer", "Startup Cost": 0.0, "Total Cost": 105140.36, "Plan Rows": 17500, "Plan Width": 32, "Actual Startup Time": 2004.451, "Actual Total Time": 3936.374, "Actual Rows": 109197, "Actual Loops": 1, "Filter": "((c_acctbal > $0) AND (\"substring\"((c_phone)::text, 1, 2) = ANY ('{20,40,22,30,39,42,21}'::text[])))", "Rows Removed by Filter": 1390803}, {"Node Type": "Index Only Scan", "Parent Relationship": "Inner", "Scan Direction": "Forward", "Index Name": "idx_orders_custkey", "Relation Name": "orders", "Alias": "orders", "Startup Cost": 0.0, "Total Cost": 3.79, "Plan Rows": 4, "Plan Width": 8, "Actual Startup Time": 476.552, "Actual Total Time": 476.552, "Actual Rows": 72593, "Actual Loops": 109197, "Index Cond": "(o_custkey = public.customer.c_custkey)", "Rows Removed by Index Recheck": 0, "Heap Fetches": 0}]}]}]}, "Triggers": [], "Planner Runtime": 0.761, "Total Runtime": 4538.756, "Unique SQL Id": 2798552886}}, "(16, 74)": {"explain_plan": {"Plan": {"Node Type": "Sort", "Startup Cost": 639751.64, "Total Cost": 639751.65, "Plan Rows": 1, "Plan Width": 40, "Sort Key": ["(\"substring\"((public.customer.c_phone)::text, 1, 2))"], "Plans": [{"Node Type": "Aggregate", "Strategy": "Plain", "Parent Relationship": "exec_init_plan", "Subplan Name": "InitPlan 1 (returns $0)", "Startup Cost": 76620.14, "Total Cost": 76620.15, "Plan Rows": 1, "Plan Width": 40, "Plans": [{"Node Type": "Seq Scan", "Parent Relationship": "Outer", "Relation Name": "customer", "Alias": "customer", "Startup Cost": 12.95, "Total Cost": 76501.0, "Plan Rows": 47655, "Plan Width": 8, "Filter": "((c_acctbal > 0::double precision) AND (\"substring\"((c_phone)::text, 1, 2) = ANY ('{20,40,22,30,39,42,21}'::text[])))"}]}, {"Node Type": "Aggregate", "Strategy": "Hashed", "Parent Relationship": "Outer", "Startup Cost": 563131.47, "Total Cost": 563131.48, "Plan Rows": 1, "Plan Width": 40, "Group By Key": ["\"substring\"((public.customer.c_phone)::text, 1, 2)"], "Plans": [{"Node Type": "Hash Join", "Parent Relationship": "Outer", "Join Type": "Right Anti", "Startup Cost": 76719.75, "Total Cost": 563131.46, "Plan Rows": 1, "Plan Width": 24, "Inner Unique": true, "Hash Cond": "(orders.o_custkey = public.customer.c_custkey)", "Plans": [{"Node Type": "Seq Scan", "Parent Relationship": "Outer", "Relation Name": "orders", "Alias": "orders", "Startup Cost": 0.0, "Total Cost": 426413.79, "Plan Rows": 14999479, "Plan Width": 8}, {"Node Type": "Hash", "Parent Relationship": "Inner", "Startup Cost": 76501.0, "Total Cost": 76501.0, "Plan Rows": 17500, "Plan Width": 32, "Plans": [{"Node Type": "Seq Scan", "Parent Relationship": "Outer", "Relation Name": "customer", "Alias": "customer", "Startup Cost": 0.0, "Total Cost": 76501.0, "Plan Rows": 17500, "Plan Width": 32, "Filter": "((c_acctbal > $0) AND (\"substring\"((c_phone)::text, 1, 2) = ANY ('{20,40,22,30,39,42,21}'::text[])))"}]}]}]}]}, "Unique SQL Id": 2798552886}, "explain_analyze_plan": null}, "(16, 75)": {"explain_plan": {"Plan": {"Node Type": "Sort", "Startup Cost": 3000031345967.3, "Total Cost": 3000031345967.3, "Plan Rows": 1, "Plan Width": 40, "Sort Key": ["(\"substring\"((public.customer.c_phone)::text, 1, 2))"], "Plans": [{"Node Type": "Aggregate", "Strategy": "Plain", "Parent Relationship": "exec_init_plan", "Subplan Name": "InitPlan 1 (returns $0)", "Startup Cost": 1000007650219.14, "Total Cost": 1000007650219.15, "Plan Rows": 1, "Plan Width": 40, "Plans": [{"Node Type": "Seq Scan", "Parent Relationship": "Outer", "Relation Name": "customer", "Alias": "customer", "Startup Cost": 10000000012.75, "Total Cost": 1000007650100.0, "Plan Rows": 47655, "Plan Width": 8, "Filter": "((c_acctbal > 0::double precision) AND (\"substring\"((c_phone)::text, 1, 2) = ANY ('{20,40,22,30,39,42,21}'::text[])))"}]}, {"Node Type": "Aggregate", "Strategy": "Hashed", "Parent Relationship": "Outer", "Startup Cost": 2000023695748.12, "Total Cost": 2000023695748.14, "Plan Rows": 1, "Plan Width": 40, "Group By Key": ["\"substring\"((public.customer.c_phone)::text, 1, 2)"], "Plans": [{"Node Type": "Merge Join", "Parent Relationship": "Outer", "Join Type": "Anti", "Startup Cost": 20000000000.0, "Total Cost": 2000023695748.11, "Plan Rows": 1, "Plan Width": 24, "Inner Unique": false, "Merge Cond": "(public.customer.c_custkey = orders.o_custkey)", "Plans": [{"Node Type": "Index Scan", "Parent Relationship": "Outer", "Scan Direction": "Forward", "Index Name": "customer_pkey", "Relation Name": "customer", "Alias": "customer", "Startup Cost": 10000000000.0, "Total Cost": 1000010514035.62, "Plan Rows": 17500, "Plan Width": 32, "Filter": "((c_acctbal > $0) AND (\"substring\"((c_phone)::text, 1, 2) = ANY ('{20,40,22,30,39,42,21}'::text[])))"}, {"Node Type": "Index Only Scan", "Parent Relationship": "Inner", "Scan Direction": "Forward", "Index Name": "idx_orders_custkey", "Relation Name": "orders", "Alias": "orders", "Startup Cost": 10000000000.0, "Total Cost": 1000045486043.5, "Plan Rows": 14999479, "Plan Width": 8}]}]}]}, "Unique SQL Id": 2798552886}, "explain_analyze_plan": null}, "(16, 76)": {"explain_plan": {"Plan": {"Node Type": "Sort", "Startup Cost": 274230.79, "Total Cost": 274230.8, "Plan Rows": 1, "Plan Width": 40, "Sort Key": ["(\"substring\"((public.customer.c_phone)::text, 1, 2))"], "Plans": [{"Node Type": "Aggregate", "Strategy": "Plain", "Parent Relationship": "exec_init_plan", "Subplan Name": "InitPlan 1 (returns $0)", "Startup Cost": 76620.14, "Total Cost": 76620.15, "Plan Rows": 1, "Plan Width": 40, "Plans": [{"Node Type": "Seq Scan", "Parent Relationship": "Outer", "Relation Name": "customer", "Alias": "customer", "Startup Cost": 12.95, "Total Cost": 76501.0, "Plan Rows": 47655, "Plan Width": 8, "Filter": "((c_acctbal > 0::double precision) AND (\"substring\"((c_phone)::text, 1, 2) = ANY ('{20,40,22,30,39,42,21}'::text[])))"}]}, {"Node Type": "Aggregate", "Strategy": "Hashed", "Parent Relationship": "Outer", "Startup Cost": 197610.62, "Total Cost": 197610.63, "Plan Rows": 1, "Plan Width": 40, "Group By Key": ["\"substring\"((public.customer.c_phone)::text, 1, 2)"], "Plans": [{"Node Type": "Nested Loop", "Parent Relationship": "Outer", "Join Type": "Anti", "Startup Cost": 0.0, "Total Cost": 197610.61, "Plan Rows": 1, "Plan Width": 24, "Inner Unique": false, "Plans": [{"Node Type": "Seq Scan", "Parent Relationship": "Outer", "Relation Name": "customer", "Alias": "customer", "Startup Cost": 0.0, "Total Cost": 76501.0, "Plan Rows": 17500, "Plan Width": 32, "Filter": "((c_acctbal > $0) AND (\"substring\"((c_phone)::text, 1, 2) = ANY ('{20,40,22,30,39,42,21}'::text[])))"}, {"Node Type": "Index Scan", "Parent Relationship": "Inner", "Scan Direction": "Forward", "Index Name": "idx_orders_custkey", "Relation Name": "orders", "Alias": "orders", "Startup Cost": 0.0, "Total Cost": 17.99, "Plan Rows": 4, "Plan Width": 8, "Index Cond": "(o_custkey = public.customer.c_custkey)"}]}]}]}, "Unique SQL Id": 2798552886}, "explain_analyze_plan": {"Plan": {"Node Type": "Sort", "Startup Cost": 274230.79, "Total Cost": 274230.8, "Plan Rows": 1, "Plan Width": 40, "Actual Startup Time": 4031.791, "Actual Total Time": 4031.792, "Actual Rows": 4, "Actual Loops": 1, "Sort Key": ["(\"substring\"((public.customer.c_phone)::text, 1, 2))"], "Sort Method": "quicksort", "Sort Space Used": 25, "Sort Space Type": "Memory", "Plans": [{"Node Type": "Aggregate", "Strategy": "Plain", "Parent Relationship": "exec_init_plan", "Subplan Name": "InitPlan 1 (returns $0)", "Startup Cost": 76620.14, "Total Cost": 76620.15, "Plan Rows": 1, "Plan Width": 40, "Actual Startup Time": 1993.693, "Actual Total Time": 1993.694, "Actual Rows": 1, "Actual Loops": 1, "Plans": [{"Node Type": "Seq Scan", "Parent Relationship": "Outer", "Relation Name": "customer", "Alias": "customer", "Startup Cost": 12.95, "Total Cost": 76501.0, "Plan Rows": 47655, "Plan Width": 8, "Actual Startup Time": 0.034, "Actual Total Time": 1897.714, "Actual Rows": 218121, "Actual Loops": 1, "Filter": "((c_acctbal > 0::double precision) AND (\"substring\"((c_phone)::text, 1, 2) = ANY ('{20,40,22,30,39,42,21}'::text[])))", "Rows Removed by Filter": 1281879}]}, {"Node Type": "Aggregate", "Strategy": "Hashed", "Parent Relationship": "Outer", "Startup Cost": 197610.62, "Total Cost": 197610.63, "Plan Rows": 1, "Plan Width": 40, "Actual Startup Time": 4031.76, "Actual Total Time": 4031.761, "Actual Rows": 4, "Actual Loops": 1, "Group By Key": ["\"substring\"((public.customer.c_phone)::text, 1, 2)"], "Plans": [{"Node Type": "Nested Loop", "Parent Relationship": "Outer", "Join Type": "Anti", "Startup Cost": 0.0, "Total Cost": 197610.61, "Plan Rows": 1, "Plan Width": 24, "Actual Startup Time": 1993.926, "Actual Total Time": 4008.675, "Actual Rows": 36604, "Actual Loops": 1, "Inner Unique": false, "Plans": [{"Node Type": "Seq Scan", "Parent Relationship": "Outer", "Relation Name": "customer", "Alias": "customer", "Startup Cost": 0.0, "Total Cost": 76501.0, "Plan Rows": 17500, "Plan Width": 32, "Actual Startup Time": 1993.871, "Actual Total Time": 3286.163, "Actual Rows": 109197, "Actual Loops": 1, "Filter": "((c_acctbal > $0) AND (\"substring\"((c_phone)::text, 1, 2) = ANY ('{20,40,22,30,39,42,21}'::text[])))", "Rows Removed by Filter": 1390803}, {"Node Type": "Index Scan", "Parent Relationship": "Inner", "Scan Direction": "Forward", "Index Name": "idx_orders_custkey", "Relation Name": "orders", "Alias": "orders", "Startup Cost": 0.0, "Total Cost": 17.99, "Plan Rows": 4, "Plan Width": 8, "Actual Startup Time": 615.26, "Actual Total Time": 615.26, "Actual Rows": 72593, "Actual Loops": 109197, "Index Cond": "(o_custkey = public.customer.c_custkey)", "Rows Removed by Index Recheck": 0}]}]}]}, "Triggers": [], "Planner Runtime": 0.724, "Total Runtime": 4031.974, "Unique SQL Id": 2798552886}}, "(16, 77)": {"explain_plan": {"Plan": {"Node Type": "Sort", "Startup Cost": 1000007876469.15, "Total Cost": 1000007876469.15, "Plan Rows": 1, "Plan Width": 40, "Sort Key": ["(\"substring\"((public.customer.c_phone)::text, 1, 2))"], "Plans": [{"Node Type": "Aggregate", "Strategy": "Plain", "Parent Relationship": "exec_init_plan", "Subplan Name": "InitPlan 1 (returns $0)", "Startup Cost": 1000007650219.14, "Total Cost": 1000007650219.15, "Plan Rows": 1, "Plan Width": 40, "Plans": [{"Node Type": "Seq Scan", "Parent Relationship": "Outer", "Relation Name": "customer", "Alias": "customer", "Startup Cost": 10000000012.75, "Total Cost": 1000007650100.0, "Plan Rows": 47655, "Plan Width": 8, "Filter": "((c_acctbal > 0::double precision) AND (\"substring\"((c_phone)::text, 1, 2) = ANY ('{20,40,22,30,39,42,21}'::text[])))"}]}, {"Node Type": "Aggregate", "Strategy": "Hashed", "Parent Relationship": "Outer", "Startup Cost": 226249.97, "Total Cost": 226249.99, "Plan Rows": 1, "Plan Width": 40, "Group By Key": ["\"substring\"((public.customer.c_phone)::text, 1, 2)"], "Plans": [{"Node Type": "Nested Loop", "Parent Relationship": "Outer", "Join Type": "Anti", "Startup Cost": 0.0, "Total Cost": 226249.97, "Plan Rows": 1, "Plan Width": 24, "Inner Unique": false, "Plans": [{"Node Type": "Index Scan", "Parent Relationship": "Outer", "Scan Direction": "Forward", "Index Name": "customer_pkey", "Relation Name": "customer", "Alias": "customer", "Startup Cost": 0.0, "Total Cost": 105140.36, "Plan Rows": 17500, "Plan Width": 32, "Filter": "((c_acctbal > $0) AND (\"substring\"((c_phone)::text, 1, 2) = ANY ('{20,40,22,30,39,42,21}'::text[])))"}, {"Node Type": "Index Scan", "Parent Relationship": "Inner", "Scan Direction": "Forward", "Index Name": "idx_orders_custkey", "Relation Name": "orders", "Alias": "orders", "Startup Cost": 0.0, "Total Cost": 17.99, "Plan Rows": 4, "Plan Width": 8, "Index Cond": "(o_custkey = public.customer.c_custkey)"}]}]}]}, "Unique SQL Id": 2798552886}, "explain_analyze_plan": {"Plan": {"Node Type": "Sort", "Startup Cost": 1000007876469.15, "Total Cost": 1000007876469.15, "Plan Rows": 1, "Plan Width": 40, "Actual Startup Time": 4555.194, "Actual Total Time": 4555.195, "Actual Rows": 4, "Actual Loops": 1, "Sort Key": ["(\"substring\"((public.customer.c_phone)::text, 1, 2))"], "Sort Method": "quicksort", "Sort Space Used": 25, "Sort Space Type": "Memory", "Plans": [{"Node Type": "Aggregate", "Strategy": "Plain", "Parent Relationship": "exec_init_plan", "Subplan Name": "InitPlan 1 (returns $0)", "Startup Cost": 1000007650219.14, "Total Cost": 1000007650219.15, "Plan Rows": 1, "Plan Width": 40, "Actual Startup Time": 2007.503, "Actual Total Time": 2007.503, "Actual Rows": 1, "Actual Loops": 1, "Plans": [{"Node Type": "Seq Scan", "Parent Relationship": "Outer", "Relation Name": "customer", "Alias": "customer", "Startup Cost": 10000000012.75, "Total Cost": 1000007650100.0, "Plan Rows": 47655, "Plan Width": 8, "Actual Startup Time": 0.039, "Actual Total Time": 1912.456, "Actual Rows": 218121, "Actual Loops": 1, "Filter": "((c_acctbal > 0::double precision) AND (\"substring\"((c_phone)::text, 1, 2) = ANY ('{20,40,22,30,39,42,21}'::text[])))", "Rows Removed by Filter": 1281879}]}, {"Node Type": "Aggregate", "Strategy": "Hashed", "Parent Relationship": "Outer", "Startup Cost": 226249.97, "Total Cost": 226249.99, "Plan Rows": 1, "Plan Width": 40, "Actual Startup Time": 4555.155, "Actual Total Time": 4555.158, "Actual Rows": 4, "Actual Loops": 1, "Group By Key": ["\"substring\"((public.customer.c_phone)::text, 1, 2)"], "Plans": [{"Node Type": "Nested Loop", "Parent Relationship": "Outer", "Join Type": "Anti", "Startup Cost": 0.0, "Total Cost": 226249.97, "Plan Rows": 1, "Plan Width": 24, "Actual Startup Time": 2007.614, "Actual Total Time": 4531.932, "Actual Rows": 36604, "Actual Loops": 1, "Inner Unique": false, "Plans": [{"Node Type": "Index Scan", "Parent Relationship": "Outer", "Scan Direction": "Forward", "Index Name": "customer_pkey", "Relation Name": "customer", "Alias": "customer", "Startup Cost": 0.0, "Total Cost": 105140.36, "Plan Rows": 17500, "Plan Width": 32, "Actual Startup Time": 2007.576, "Actual Total Time": 3796.184, "Actual Rows": 109197, "Actual Loops": 1, "Filter": "((c_acctbal > $0) AND (\"substring\"((c_phone)::text, 1, 2) = ANY ('{20,40,22,30,39,42,21}'::text[])))", "Rows Removed by Filter": 1390803}, {"Node Type": "Index Scan", "Parent Relationship": "Inner", "Scan Direction": "Forward", "Index Name": "idx_orders_custkey", "Relation Name": "orders", "Alias": "orders", "Startup Cost": 0.0, "Total Cost": 17.99, "Plan Rows": 4, "Plan Width": 8, "Actual Startup Time": 628.013, "Actual Total Time": 628.013, "Actual Rows": 72593, "Actual Loops": 109197, "Index Cond": "(o_custkey = public.customer.c_custkey)", "Rows Removed by Index Recheck": 0}]}]}]}, "Triggers": [], "Planner Runtime": 0.762, "Total Runtime": 4555.366, "Unique SQL Id": 2798552886}}, "(16, 78)": {"explain_plan": {"Plan": {"Node Type": "Sort", "Startup Cost": 639751.64, "Total Cost": 639751.65, "Plan Rows": 1, "Plan Width": 40, "Sort Key": ["(\"substring\"((public.customer.c_phone)::text, 1, 2))"], "Plans": [{"Node Type": "Aggregate", "Strategy": "Plain", "Parent Relationship": "exec_init_plan", "Subplan Name": "InitPlan 1 (returns $0)", "Startup Cost": 76620.14, "Total Cost": 76620.15, "Plan Rows": 1, "Plan Width": 40, "Plans": [{"Node Type": "Seq Scan", "Parent Relationship": "Outer", "Relation Name": "customer", "Alias": "customer", "Startup Cost": 12.95, "Total Cost": 76501.0, "Plan Rows": 47655, "Plan Width": 8, "Filter": "((c_acctbal > 0::double precision) AND (\"substring\"((c_phone)::text, 1, 2) = ANY ('{20,40,22,30,39,42,21}'::text[])))"}]}, {"Node Type": "Aggregate", "Strategy": "Hashed", "Parent Relationship": "Outer", "Startup Cost": 563131.47, "Total Cost": 563131.48, "Plan Rows": 1, "Plan Width": 40, "Group By Key": ["\"substring\"((public.customer.c_phone)::text, 1, 2)"], "Plans": [{"Node Type": "Hash Join", "Parent Relationship": "Outer", "Join Type": "Right Anti", "Startup Cost": 76719.75, "Total Cost": 563131.46, "Plan Rows": 1, "Plan Width": 24, "Inner Unique": true, "Hash Cond": "(orders.o_custkey = public.customer.c_custkey)", "Plans": [{"Node Type": "Seq Scan", "Parent Relationship": "Outer", "Relation Name": "orders", "Alias": "orders", "Startup Cost": 0.0, "Total Cost": 426413.79, "Plan Rows": 14999479, "Plan Width": 8}, {"Node Type": "Hash", "Parent Relationship": "Inner", "Startup Cost": 76501.0, "Total Cost": 76501.0, "Plan Rows": 17500, "Plan Width": 32, "Plans": [{"Node Type": "Seq Scan", "Parent Relationship": "Outer", "Relation Name": "customer", "Alias": "customer", "Startup Cost": 0.0, "Total Cost": 76501.0, "Plan Rows": 17500, "Plan Width": 32, "Filter": "((c_acctbal > $0) AND (\"substring\"((c_phone)::text, 1, 2) = ANY ('{20,40,22,30,39,42,21}'::text[])))"}]}]}]}]}, "Unique SQL Id": 2798552886}, "explain_analyze_plan": null}, "(16, 79)": {"explain_plan": {"Plan": {"Node Type": "Sort", "Startup Cost": 3000141907840.95, "Total Cost": 3000141907840.95, "Plan Rows": 1, "Plan Width": 40, "Sort Key": ["(\"substring\"((public.customer.c_phone)::text, 1, 2))"], "Plans": [{"Node Type": "Aggregate", "Strategy": "Plain", "Parent Relationship": "exec_init_plan", "Subplan Name": "InitPlan 1 (returns $0)", "Startup Cost": 1000007650219.14, "Total Cost": 1000007650219.15, "Plan Rows": 1, "Plan Width": 40, "Plans": [{"Node Type": "Seq Scan", "Parent Relationship": "Outer", "Relation Name": "customer", "Alias": "customer", "Startup Cost": 10000000012.75, "Total Cost": 1000007650100.0, "Plan Rows": 47655, "Plan Width": 8, "Filter": "((c_acctbal > 0::double precision) AND (\"substring\"((c_phone)::text, 1, 2) = ANY ('{20,40,22,30,39,42,21}'::text[])))"}]}, {"Node Type": "Aggregate", "Strategy": "Hashed", "Parent Relationship": "Outer", "Startup Cost": 2000134257621.77, "Total Cost": 2000134257621.79, "Plan Rows": 1, "Plan Width": 40, "Group By Key": ["\"substring\"((public.customer.c_phone)::text, 1, 2)"], "Plans": [{"Node Type": "Merge Join", "Parent Relationship": "Outer", "Join Type": "Anti", "Startup Cost": 20000000000.0, "Total Cost": 2000134257621.77, "Plan Rows": 1, "Plan Width": 24, "Inner Unique": false, "Merge Cond": "(public.customer.c_custkey = orders.o_custkey)", "Plans": [{"Node Type": "Index Scan", "Parent Relationship": "Outer", "Scan Direction": "Forward", "Index Name": "customer_pkey", "Relation Name": "customer", "Alias": "customer", "Startup Cost": 10000000000.0, "Total Cost": 1000010514035.62, "Plan Rows": 17500, "Plan Width": 32, "Filter": "((c_acctbal > $0) AND (\"substring\"((c_phone)::text, 1, 2) = ANY ('{20,40,22,30,39,42,21}'::text[])))"}, {"Node Type": "Index Scan", "Parent Relationship": "Inner", "Scan Direction": "Forward", "Index Name": "idx_orders_custkey", "Relation Name": "orders", "Alias": "orders", "Startup Cost": 10000000000.0, "Total Cost": 1000156051529.08, "Plan Rows": 14999479, "Plan Width": 8}]}]}]}, "Unique SQL Id": 2798552886}, "explain_analyze_plan": null}, "(16, 80)": {"explain_plan": {"Plan": {"Node Type": "Sort", "Startup Cost": 178853.67, "Total Cost": 178853.67, "Plan Rows": 1, "Plan Width": 40, "Sort Key": ["(\"substring\"((public.customer.c_phone)::text, 1, 2))"], "Plans": [{"Node Type": "Aggregate", "Strategy": "Plain", "Parent Relationship": "exec_init_plan", "Subplan Name": "InitPlan 1 (returns $0)", "Startup Cost": 76620.14, "Total Cost": 76620.15, "Plan Rows": 1, "Plan Width": 40, "Plans": [{"Node Type": "Seq Scan", "Parent Relationship": "Outer", "Relation Name": "customer", "Alias": "customer", "Startup Cost": 12.95, "Total Cost": 76501.0, "Plan Rows": 47655, "Plan Width": 8, "Filter": "((c_acctbal > 0::double precision) AND (\"substring\"((c_phone)::text, 1, 2) = ANY ('{20,40,22,30,39,42,21}'::text[])))"}]}, {"Node Type": "Aggregate", "Strategy": "Hashed", "Parent Relationship": "Outer", "Startup Cost": 102233.49, "Total Cost": 102233.51, "Plan Rows": 1, "Plan Width": 40, "Group By Key": ["\"substring\"((public.customer.c_phone)::text, 1, 2)"], "Plans": [{"Node Type": "Nested Loop", "Parent Relationship": "Outer", "Join Type": "Anti", "Startup Cost": 0.0, "Total Cost": 102233.49, "Plan Rows": 1, "Plan Width": 24, "Inner Unique": false, "Plans": [{"Node Type": "Seq Scan", "Parent Relationship": "Outer", "Relation Name": "customer", "Alias": "customer", "Startup Cost": 0.0, "Total Cost": 76501.0, "Plan Rows": 17500, "Plan Width": 32, "Filter": "((c_acctbal > $0) AND (\"substring\"((c_phone)::text, 1, 2) = ANY ('{20,40,22,30,39,42,21}'::text[])))"}, {"Node Type": "Index Only Scan", "Parent Relationship": "Inner", "Scan Direction": "Forward", "Index Name": "idx_orders_custkey", "Relation Name": "orders", "Alias": "orders", "Startup Cost": 0.0, "Total Cost": 3.79, "Plan Rows": 4, "Plan Width": 8, "Index Cond": "(o_custkey = public.customer.c_custkey)"}]}]}]}, "Unique SQL Id": 2798552886}, "explain_analyze_plan": {"Plan": {"Node Type": "Sort", "Startup Cost": 178853.67, "Total Cost": 178853.67, "Plan Rows": 1, "Plan Width": 40, "Actual Startup Time": 3898.225, "Actual Total Time": 3898.226, "Actual Rows": 4, "Actual Loops": 1, "Sort Key": ["(\"substring\"((public.customer.c_phone)::text, 1, 2))"], "Sort Method": "quicksort", "Sort Space Used": 25, "Sort Space Type": "Memory", "Plans": [{"Node Type": "Aggregate", "Strategy": "Plain", "Parent Relationship": "exec_init_plan", "Subplan Name": "InitPlan 1 (returns $0)", "Startup Cost": 76620.14, "Total Cost": 76620.15, "Plan Rows": 1, "Plan Width": 40, "Actual Startup Time": 1993.797, "Actual Total Time": 1993.797, "Actual Rows": 1, "Actual Loops": 1, "Plans": [{"Node Type": "Seq Scan", "Parent Relationship": "Outer", "Relation Name": "customer", "Alias": "customer", "Startup Cost": 12.95, "Total Cost": 76501.0, "Plan Rows": 47655, "Plan Width": 8, "Actual Startup Time": 0.028, "Actual Total Time": 1898.824, "Actual Rows": 218121, "Actual Loops": 1, "Filter": "((c_acctbal > 0::double precision) AND (\"substring\"((c_phone)::text, 1, 2) = ANY ('{20,40,22,30,39,42,21}'::text[])))", "Rows Removed by Filter": 1281879}]}, {"Node Type": "Aggregate", "Strategy": "Hashed", "Parent Relationship": "Outer", "Startup Cost": 102233.49, "Total Cost": 102233.51, "Plan Rows": 1, "Plan Width": 40, "Actual Startup Time": 3898.192, "Actual Total Time": 3898.195, "Actual Rows": 4, "Actual Loops": 1, "Group By Key": ["\"substring\"((public.customer.c_phone)::text, 1, 2)"], "Plans": [{"Node Type": "Nested Loop", "Parent Relationship": "Outer", "Join Type": "Anti", "Startup Cost": 0.0, "Total Cost": 102233.49, "Plan Rows": 1, "Plan Width": 24, "Actual Startup Time": 1994.027, "Actual Total Time": 3875.509, "Actual Rows": 36604, "Actual Loops": 1, "Inner Unique": false, "Plans": [{"Node Type": "Seq Scan", "Parent Relationship": "Outer", "Relation Name": "customer", "Alias": "customer", "Startup Cost": 0.0, "Total Cost": 76501.0, "Plan Rows": 17500, "Plan Width": 32, "Actual Startup Time": 1993.955, "Actual Total Time": 3288.893, "Actual Rows": 109197, "Actual Loops": 1, "Filter": "((c_acctbal > $0) AND (\"substring\"((c_phone)::text, 1, 2) = ANY ('{20,40,22,30,39,42,21}'::text[])))", "Rows Removed by Filter": 1390803}, {"Node Type": "Index Only Scan", "Parent Relationship": "Inner", "Scan Direction": "Forward", "Index Name": "idx_orders_custkey", "Relation Name": "orders", "Alias": "orders", "Startup Cost": 0.0, "Total Cost": 3.79, "Plan Rows": 4, "Plan Width": 8, "Actual Startup Time": 484.426, "Actual Total Time": 484.426, "Actual Rows": 72593, "Actual Loops": 109197, "Index Cond": "(o_custkey = public.customer.c_custkey)", "Rows Removed by Index Recheck": 0, "Heap Fetches": 0}]}]}]}, "Triggers": [], "Planner Runtime": 0.759, "Total Runtime": 3898.474, "Unique SQL Id": 2798552886}}, "(16, 81)": {"explain_plan": {"Plan": {"Node Type": "Sort", "Startup Cost": 1000007781092.03, "Total Cost": 1000007781092.03, "Plan Rows": 1, "Plan Width": 40, "Sort Key": ["(\"substring\"((public.customer.c_phone)::text, 1, 2))"], "Plans": [{"Node Type": "Aggregate", "Strategy": "Plain", "Parent Relationship": "exec_init_plan", "Subplan Name": "InitPlan 1 (returns $0)", "Startup Cost": 1000007650219.14, "Total Cost": 1000007650219.15, "Plan Rows": 1, "Plan Width": 40, "Plans": [{"Node Type": "Seq Scan", "Parent Relationship": "Outer", "Relation Name": "customer", "Alias": "customer", "Startup Cost": 10000000012.75, "Total Cost": 1000007650100.0, "Plan Rows": 47655, "Plan Width": 8, "Filter": "((c_acctbal > 0::double precision) AND (\"substring\"((c_phone)::text, 1, 2) = ANY ('{20,40,22,30,39,42,21}'::text[])))"}]}, {"Node Type": "Aggregate", "Strategy": "Hashed", "Parent Relationship": "Outer", "Startup Cost": 130872.85, "Total Cost": 130872.87, "Plan Rows": 1, "Plan Width": 40, "Group By Key": ["\"substring\"((public.customer.c_phone)::text, 1, 2)"], "Plans": [{"Node Type": "Nested Loop", "Parent Relationship": "Outer", "Join Type": "Anti", "Startup Cost": 0.0, "Total Cost": 130872.84, "Plan Rows": 1, "Plan Width": 24, "Inner Unique": false, "Plans": [{"Node Type": "Index Scan", "Parent Relationship": "Outer", "Scan Direction": "Forward", "Index Name": "customer_pkey", "Relation Name": "customer", "Alias": "customer", "Startup Cost": 0.0, "Total Cost": 105140.36, "Plan Rows": 17500, "Plan Width": 32, "Filter": "((c_acctbal > $0) AND (\"substring\"((c_phone)::text, 1, 2) = ANY ('{20,40,22,30,39,42,21}'::text[])))"}, {"Node Type": "Index Only Scan", "Parent Relationship": "Inner", "Scan Direction": "Forward", "Index Name": "idx_orders_custkey", "Relation Name": "orders", "Alias": "orders", "Startup Cost": 0.0, "Total Cost": 3.79, "Plan Rows": 4, "Plan Width": 8, "Index Cond": "(o_custkey = public.customer.c_custkey)"}]}]}]}, "Unique SQL Id": 2798552886}, "explain_analyze_plan": {"Plan": {"Node Type": "Sort", "Startup Cost": 1000007781092.03, "Total Cost": 1000007781092.03, "Plan Rows": 1, "Plan Width": 40, "Actual Startup Time": 4538.566, "Actual Total Time": 4538.567, "Actual Rows": 4, "Actual Loops": 1, "Sort Key": ["(\"substring\"((public.customer.c_phone)::text, 1, 2))"], "Sort Method": "quicksort", "Sort Space Used": 25, "Sort Space Type": "Memory", "Plans": [{"Node Type": "Aggregate", "Strategy": "Plain", "Parent Relationship": "exec_init_plan", "Subplan Name": "InitPlan 1 (returns $0)", "Startup Cost": 1000007650219.14, "Total Cost": 1000007650219.15, "Plan Rows": 1, "Plan Width": 40, "Actual Startup Time": 2004.286, "Actual Total Time": 2004.287, "Actual Rows": 1, "Actual Loops": 1, "Plans": [{"Node Type": "Seq Scan", "Parent Relationship": "Outer", "Relation Name": "customer", "Alias": "customer", "Startup Cost": 10000000012.75, "Total Cost": 1000007650100.0, "Plan Rows": 47655, "Plan Width": 8, "Actual Startup Time": 0.036, "Actual Total Time": 1908.298, "Actual Rows": 218121, "Actual Loops": 1, "Filter": "((c_acctbal > 0::double precision) AND (\"substring\"((c_phone)::text, 1, 2) = ANY ('{20,40,22,30,39,42,21}'::text[])))", "Rows Removed by Filter": 1281879}]}, {"Node Type": "Aggregate", "Strategy": "Hashed", "Parent Relationship": "Outer", "Startup Cost": 130872.85, "Total Cost": 130872.87, "Plan Rows": 1, "Plan Width": 40, "Actual Startup Time": 4538.513, "Actual Total Time": 4538.515, "Actual Rows": 4, "Actual Loops": 1, "Group By Key": ["\"substring\"((public.customer.c_phone)::text, 1, 2)"], "Plans": [{"Node Type": "Nested Loop", "Parent Relationship": "Outer", "Join Type": "Anti", "Startup Cost": 0.0, "Total Cost": 130872.84, "Plan Rows": 1, "Plan Width": 24, "Actual Startup Time": 2004.513, "Actual Total Time": 4515.757, "Actual Rows": 36604, "Actual Loops": 1, "Inner Unique": false, "Plans": [{"Node Type": "Index Scan", "Parent Relationship": "Outer", "Scan Direction": "Forward", "Index Name": "customer_pkey", "Relation Name": "customer", "Alias": "customer", "Startup Cost": 0.0, "Total Cost": 105140.36, "Plan Rows": 17500, "Plan Width": 32, "Actual Startup Time": 2004.451, "Actual Total Time": 3936.374, "Actual Rows": 109197, "Actual Loops": 1, "Filter": "((c_acctbal > $0) AND (\"substring\"((c_phone)::text, 1, 2) = ANY ('{20,40,22,30,39,42,21}'::text[])))", "Rows Removed by Filter": 1390803}, {"Node Type": "Index Only Scan", "Parent Relationship": "Inner", "Scan Direction": "Forward", "Index Name": "idx_orders_custkey", "Relation Name": "orders", "Alias": "orders", "Startup Cost": 0.0, "Total Cost": 3.79, "Plan Rows": 4, "Plan Width": 8, "Actual Startup Time": 476.552, "Actual Total Time": 476.552, "Actual Rows": 72593, "Actual Loops": 109197, "Index Cond": "(o_custkey = public.customer.c_custkey)", "Rows Removed by Index Recheck": 0, "Heap Fetches": 0}]}]}]}, "Triggers": [], "Planner Runtime": 0.761, "Total Runtime": 4538.756, "Unique SQL Id": 2798552886}}, "(16, 82)": {"explain_plan": {"Plan": {"Node Type": "Sort", "Startup Cost": 326543.88, "Total Cost": 326543.89, "Plan Rows": 1, "Plan Width": 40, "Sort Key": ["(\"substring\"((public.customer.c_phone)::text, 1, 2))"], "Plans": [{"Node Type": "Aggregate", "Strategy": "Plain", "Parent Relationship": "exec_init_plan", "Subplan Name": "InitPlan 1 (returns $0)", "Startup Cost": 76620.14, "Total Cost": 76620.15, "Plan Rows": 1, "Plan Width": 40, "Plans": [{"Node Type": "Seq Scan", "Parent Relationship": "Outer", "Relation Name": "customer", "Alias": "customer", "Startup Cost": 12.95, "Total Cost": 76501.0, "Plan Rows": 47655, "Plan Width": 8, "Filter": "((c_acctbal > 0::double precision) AND (\"substring\"((c_phone)::text, 1, 2) = ANY ('{20,40,22,30,39,42,21}'::text[])))"}]}, {"Node Type": "Aggregate", "Strategy": "Hashed", "Parent Relationship": "Outer", "Startup Cost": 249923.71, "Total Cost": 249923.72, "Plan Rows": 1, "Plan Width": 40, "Group By Key": ["\"substring\"((public.customer.c_phone)::text, 1, 2)"], "Plans": [{"Node Type": "Nested Loop", "Parent Relationship": "Outer", "Join Type": "Anti", "Startup Cost": 3.75, "Total Cost": 249923.7, "Plan Rows": 1, "Plan Width": 24, "Inner Unique": false, "Plans": [{"Node Type": "Seq Scan", "Parent Relationship": "Outer", "Relation Name": "customer", "Alias": "customer", "Startup Cost": 0.0, "Total Cost": 76501.0, "Plan Rows": 17500, "Plan Width": 32, "Filter": "((c_acctbal > $0) AND (\"substring\"((c_phone)::text, 1, 2) = ANY ('{20,40,22,30,39,42,21}'::text[])))"}, {"Node Type": "Bitmap Heap Scan", "Parent Relationship": "Inner", "Relation Name": "orders", "Alias": "orders", "Startup Cost": 3.75, "Total Cost": 19.76, "Plan Rows": 4, "Plan Width": 8, "Recheck Cond": "(o_custkey = public.customer.c_custkey)", "Plans": [{"Node Type": "Bitmap Index Scan", "Parent Relationship": "Outer", "Index Name": "idx_orders_custkey", "Startup Cost": 0.0, "Total Cost": 3.75, "Plan Rows": 4, "Plan Width": 0, "Index Cond": "(o_custkey = public.customer.c_custkey)"}]}]}]}]}, "Unique SQL Id": 2798552886}, "explain_analyze_plan": {"Plan": {"Node Type": "Sort", "Startup Cost": 326543.88, "Total Cost": 326543.89, "Plan Rows": 1, "Plan Width": 40, "Actual Startup Time": 4492.233, "Actual Total Time": 4492.235, "Actual Rows": 4, "Actual Loops": 1, "Sort Key": ["(\"substring\"((public.customer.c_phone)::text, 1, 2))"], "Sort Method": "quicksort", "Sort Space Used": 25, "Sort Space Type": "Memory", "Plans": [{"Node Type": "Aggregate", "Strategy": "Plain", "Parent Relationship": "exec_init_plan", "Subplan Name": "InitPlan 1 (returns $0)", "Startup Cost": 76620.14, "Total Cost": 76620.15, "Plan Rows": 1, "Plan Width": 40, "Actual Startup Time": 1991.263, "Actual Total Time": 1991.264, "Actual Rows": 1, "Actual Loops": 1, "Plans": [{"Node Type": "Seq Scan", "Parent Relationship": "Outer", "Relation Name": "customer", "Alias": "customer", "Startup Cost": 12.95, "Total Cost": 76501.0, "Plan Rows": 47655, "Plan Width": 8, "Actual Startup Time": 0.029, "Actual Total Time": 1896.473, "Actual Rows": 218121, "Actual Loops": 1, "Filter": "((c_acctbal > 0::double precision) AND (\"substring\"((c_phone)::text, 1, 2) = ANY ('{20,40,22,30,39,42,21}'::text[])))", "Rows Removed by Filter": 1281879}]}, {"Node Type": "Aggregate", "Strategy": "Hashed", "Parent Relationship": "Outer", "Startup Cost": 249923.71, "Total Cost": 249923.72, "Plan Rows": 1, "Plan Width": 40, "Actual Startup Time": 4492.108, "Actual Total Time": 4492.121, "Actual Rows": 4, "Actual Loops": 1, "Group By Key": ["\"substring\"((public.customer.c_phone)::text, 1, 2)"], "Plans": [{"Node Type": "Nested Loop", "Parent Relationship": "Outer", "Join Type": "Anti", "Startup Cost": 3.75, "Total Cost": 249923.7, "Plan Rows": 1, "Plan Width": 24, "Actual Startup Time": 1991.407, "Actual Total Time": 4465.33, "Actual Rows": 36604, "Actual Loops": 1, "Inner Unique": false, "Plans": [{"Node Type": "Seq Scan", "Parent Relationship": "Outer", "Relation Name": "customer", "Alias": "customer", "Startup Cost": 0.0, "Total Cost": 76501.0, "Plan Rows": 17500, "Plan Width": 32, "Actual Startup Time": 1991.334, "Actual Total Time": 3313.189, "Actual Rows": 109197, "Actual Loops": 1, "Filter": "((c_acctbal > $0) AND (\"substring\"((c_phone)::text, 1, 2) = ANY ('{20,40,22,30,39,42,21}'::text[])))", "Rows Removed by Filter": 1390803}, {"Node Type": "Bitmap Heap Scan", "Parent Relationship": "Inner", "Relation Name": "orders", "Alias": "orders", "Startup Cost": 3.75, "Total Cost": 19.76, "Plan Rows": 4, "Plan Width": 8, "Actual Startup Time": 965.354, "Actual Total Time": 965.354, "Actual Rows": 72593, "Actual Loops": 109197, "Recheck Cond": "(o_custkey = public.customer.c_custkey)", "Rows Removed by Index Recheck": 0, "Exact Heap Blocks": 72593, "Lossy Heap Blocks": 72593, "Plans": [{"Node Type": "Bitmap Index Scan", "Parent Relationship": "Outer", "Index Name": "idx_orders_custkey", "Startup Cost": 0.0, "Total Cost": 3.75, "Plan Rows": 4, "Plan Width": 0, "Actual Startup Time": 601.574, "Actual Total Time": 601.574, "Actual Rows": 1091631, "Actual Loops": 109197, "Index Cond": "(o_custkey = public.customer.c_custkey)"}]}]}]}]}, "Triggers": [], "Planner Runtime": 0.755, "Total Runtime": 4492.429, "Unique SQL Id": 2798552886}}, "(16, 83)": {"explain_plan": {"Plan": {"Node Type": "Sort", "Startup Cost": 2000018337677.51, "Total Cost": 2000018337677.51, "Plan Rows": 1, "Plan Width": 40, "Sort Key": ["(\"substring\"((public.customer.c_phone)::text, 1, 2))"], "Plans": [{"Node Type": "Aggregate", "Strategy": "Plain", "Parent Relationship": "exec_init_plan", "Subplan Name": "InitPlan 1 (returns $0)", "Startup Cost": 1000007650219.14, "Total Cost": 1000007650219.15, "Plan Rows": 1, "Plan Width": 40, "Plans": [{"Node Type": "Seq Scan", "Parent Relationship": "Outer", "Relation Name": "customer", "Alias": "customer", "Startup Cost": 10000000012.75, "Total Cost": 1000007650100.0, "Plan Rows": 47655, "Plan Width": 8, "Filter": "((c_acctbal > 0::double precision) AND (\"substring\"((c_phone)::text, 1, 2) = ANY ('{20,40,22,30,39,42,21}'::text[])))"}]}, {"Node Type": "Aggregate", "Strategy": "Hashed", "Parent Relationship": "Outer", "Startup Cost": 1000010687458.33, "Total Cost": 1000010687458.35, "Plan Rows": 1, "Plan Width": 40, "Group By Key": ["\"substring\"((public.customer.c_phone)::text, 1, 2)"], "Plans": [{"Node Type": "Nested Loop", "Parent Relationship": "Outer", "Join Type": "Anti", "Startup Cost": 10000000003.75, "Total Cost": 1000010687458.32, "Plan Rows": 1, "Plan Width": 24, "Inner Unique": false, "Plans": [{"Node Type": "Index Scan", "Parent Relationship": "Outer", "Scan Direction": "Forward", "Index Name": "customer_pkey", "Relation Name": "customer", "Alias": "customer", "Startup Cost": 10000000000.0, "Total Cost": 1000010514035.62, "Plan Rows": 17500, "Plan Width": 32, "Filter": "((c_acctbal > $0) AND (\"substring\"((c_phone)::text, 1, 2) = ANY ('{20,40,22,30,39,42,21}'::text[])))"}, {"Node Type": "Bitmap Heap Scan", "Parent Relationship": "Inner", "Relation Name": "orders", "Alias": "orders", "Startup Cost": 3.75, "Total Cost": 19.76, "Plan Rows": 4, "Plan Width": 8, "Recheck Cond": "(o_custkey = public.customer.c_custkey)", "Plans": [{"Node Type": "Bitmap Index Scan", "Parent Relationship": "Outer", "Index Name": "idx_orders_custkey", "Startup Cost": 0.0, "Total Cost": 3.75, "Plan Rows": 4, "Plan Width": 0, "Index Cond": "(o_custkey = public.customer.c_custkey)"}]}]}]}]}, "Unique SQL Id": 2798552886}, "explain_analyze_plan": {"Plan": {"Node Type": "Sort", "Startup Cost": 2000018337677.51, "Total Cost": 2000018337677.51, "Plan Rows": 1, "Plan Width": 40, "Actual Startup Time": 5045.7, "Actual Total Time": 5045.7, "Actual Rows": 4, "Actual Loops": 1, "Sort Key": ["(\"substring\"((public.customer.c_phone)::text, 1, 2))"], "Sort Method": "quicksort", "Sort Space Used": 25, "Sort Space Type": "Memory", "Plans": [{"Node Type": "Aggregate", "Strategy": "Plain", "Parent Relationship": "exec_init_plan", "Subplan Name": "InitPlan 1 (returns $0)", "Startup Cost": 1000007650219.14, "Total Cost": 1000007650219.15, "Plan Rows": 1, "Plan Width": 40, "Actual Startup Time": 1994.893, "Actual Total Time": 1994.893, "Actual Rows": 1, "Actual Loops": 1, "Plans": [{"Node Type": "Seq Scan", "Parent Relationship": "Outer", "Relation Name": "customer", "Alias": "customer", "Startup Cost": 10000000012.75, "Total Cost": 1000007650100.0, "Plan Rows": 47655, "Plan Width": 8, "Actual Startup Time": 0.036, "Actual Total Time": 1899.86, "Actual Rows": 218121, "Actual Loops": 1, "Filter": "((c_acctbal > 0::double precision) AND (\"substring\"((c_phone)::text, 1, 2) = ANY ('{20,40,22,30,39,42,21}'::text[])))", "Rows Removed by Filter": 1281879}]}, {"Node Type": "Aggregate", "Strategy": "Hashed", "Parent Relationship": "Outer", "Startup Cost": 1000010687458.33, "Total Cost": 1000010687458.35, "Plan Rows": 1, "Plan Width": 40, "Actual Startup Time": 5045.657, "Actual Total Time": 5045.657, "Actual Rows": 4, "Actual Loops": 1, "Group By Key": ["\"substring\"((public.customer.c_phone)::text, 1, 2)"], "Plans": [{"Node Type": "Nested Loop", "Parent Relationship": "Outer", "Join Type": "Anti", "Startup Cost": 10000000003.75, "Total Cost": 1000010687458.32, "Plan Rows": 1, "Plan Width": 24, "Actual Startup Time": 1995.077, "Actual Total Time": 5019.031, "Actual Rows": 36604, "Actual Loops": 1, "Inner Unique": false, "Plans": [{"Node Type": "Index Scan", "Parent Relationship": "Outer", "Scan Direction": "Forward", "Index Name": "customer_pkey", "Relation Name": "customer", "Alias": "customer", "Startup Cost": 10000000000.0, "Total Cost": 1000010514035.62, "Plan Rows": 17500, "Plan Width": 32, "Actual Startup Time": 1995.001, "Actual Total Time": 3864.643, "Actual Rows": 109197, "Actual Loops": 1, "Filter": "((c_acctbal > $0) AND (\"substring\"((c_phone)::text, 1, 2) = ANY ('{20,40,22,30,39,42,21}'::text[])))", "Rows Removed by Filter": 1390803}, {"Node Type": "Bitmap Heap Scan", "Parent Relationship": "Inner", "Relation Name": "orders", "Alias": "orders", "Startup Cost": 3.75, "Total Cost": 19.76, "Plan Rows": 4, "Plan Width": 8, "Actual Startup Time": 963.288, "Actual Total Time": 963.288, "Actual Rows": 72593, "Actual Loops": 109197, "Recheck Cond": "(o_custkey = public.customer.c_custkey)", "Rows Removed by Index Recheck": 0, "Exact Heap Blocks": 72593, "Lossy Heap Blocks": 72593, "Plans": [{"Node Type": "Bitmap Index Scan", "Parent Relationship": "Outer", "Index Name": "idx_orders_custkey", "Startup Cost": 0.0, "Total Cost": 3.75, "Plan Rows": 4, "Plan Width": 0, "Actual Startup Time": 588.006, "Actual Total Time": 588.006, "Actual Rows": 1091631, "Actual Loops": 109197, "Index Cond": "(o_custkey = public.customer.c_custkey)"}]}]}]}]}, "Triggers": [], "Planner Runtime": 0.768, "Total Runtime": 5045.883, "Unique SQL Id": 2798552886}}, "(16, 84)": {"explain_plan": {"Plan": {"Node Type": "Sort", "Startup Cost": 274230.79, "Total Cost": 274230.8, "Plan Rows": 1, "Plan Width": 40, "Sort Key": ["(\"substring\"((public.customer.c_phone)::text, 1, 2))"], "Plans": [{"Node Type": "Aggregate", "Strategy": "Plain", "Parent Relationship": "exec_init_plan", "Subplan Name": "InitPlan 1 (returns $0)", "Startup Cost": 76620.14, "Total Cost": 76620.15, "Plan Rows": 1, "Plan Width": 40, "Plans": [{"Node Type": "Seq Scan", "Parent Relationship": "Outer", "Relation Name": "customer", "Alias": "customer", "Startup Cost": 12.95, "Total Cost": 76501.0, "Plan Rows": 47655, "Plan Width": 8, "Filter": "((c_acctbal > 0::double precision) AND (\"substring\"((c_phone)::text, 1, 2) = ANY ('{20,40,22,30,39,42,21}'::text[])))"}]}, {"Node Type": "Aggregate", "Strategy": "Hashed", "Parent Relationship": "Outer", "Startup Cost": 197610.62, "Total Cost": 197610.63, "Plan Rows": 1, "Plan Width": 40, "Group By Key": ["\"substring\"((public.customer.c_phone)::text, 1, 2)"], "Plans": [{"Node Type": "Nested Loop", "Parent Relationship": "Outer", "Join Type": "Anti", "Startup Cost": 0.0, "Total Cost": 197610.61, "Plan Rows": 1, "Plan Width": 24, "Inner Unique": false, "Plans": [{"Node Type": "Seq Scan", "Parent Relationship": "Outer", "Relation Name": "customer", "Alias": "customer", "Startup Cost": 0.0, "Total Cost": 76501.0, "Plan Rows": 17500, "Plan Width": 32, "Filter": "((c_acctbal > $0) AND (\"substring\"((c_phone)::text, 1, 2) = ANY ('{20,40,22,30,39,42,21}'::text[])))"}, {"Node Type": "Index Scan", "Parent Relationship": "Inner", "Scan Direction": "Forward", "Index Name": "idx_orders_custkey", "Relation Name": "orders", "Alias": "orders", "Startup Cost": 0.0, "Total Cost": 17.99, "Plan Rows": 4, "Plan Width": 8, "Index Cond": "(o_custkey = public.customer.c_custkey)"}]}]}]}, "Unique SQL Id": 2798552886}, "explain_analyze_plan": {"Plan": {"Node Type": "Sort", "Startup Cost": 274230.79, "Total Cost": 274230.8, "Plan Rows": 1, "Plan Width": 40, "Actual Startup Time": 4031.791, "Actual Total Time": 4031.792, "Actual Rows": 4, "Actual Loops": 1, "Sort Key": ["(\"substring\"((public.customer.c_phone)::text, 1, 2))"], "Sort Method": "quicksort", "Sort Space Used": 25, "Sort Space Type": "Memory", "Plans": [{"Node Type": "Aggregate", "Strategy": "Plain", "Parent Relationship": "exec_init_plan", "Subplan Name": "InitPlan 1 (returns $0)", "Startup Cost": 76620.14, "Total Cost": 76620.15, "Plan Rows": 1, "Plan Width": 40, "Actual Startup Time": 1993.693, "Actual Total Time": 1993.694, "Actual Rows": 1, "Actual Loops": 1, "Plans": [{"Node Type": "Seq Scan", "Parent Relationship": "Outer", "Relation Name": "customer", "Alias": "customer", "Startup Cost": 12.95, "Total Cost": 76501.0, "Plan Rows": 47655, "Plan Width": 8, "Actual Startup Time": 0.034, "Actual Total Time": 1897.714, "Actual Rows": 218121, "Actual Loops": 1, "Filter": "((c_acctbal > 0::double precision) AND (\"substring\"((c_phone)::text, 1, 2) = ANY ('{20,40,22,30,39,42,21}'::text[])))", "Rows Removed by Filter": 1281879}]}, {"Node Type": "Aggregate", "Strategy": "Hashed", "Parent Relationship": "Outer", "Startup Cost": 197610.62, "Total Cost": 197610.63, "Plan Rows": 1, "Plan Width": 40, "Actual Startup Time": 4031.76, "Actual Total Time": 4031.761, "Actual Rows": 4, "Actual Loops": 1, "Group By Key": ["\"substring\"((public.customer.c_phone)::text, 1, 2)"], "Plans": [{"Node Type": "Nested Loop", "Parent Relationship": "Outer", "Join Type": "Anti", "Startup Cost": 0.0, "Total Cost": 197610.61, "Plan Rows": 1, "Plan Width": 24, "Actual Startup Time": 1993.926, "Actual Total Time": 4008.675, "Actual Rows": 36604, "Actual Loops": 1, "Inner Unique": false, "Plans": [{"Node Type": "Seq Scan", "Parent Relationship": "Outer", "Relation Name": "customer", "Alias": "customer", "Startup Cost": 0.0, "Total Cost": 76501.0, "Plan Rows": 17500, "Plan Width": 32, "Actual Startup Time": 1993.871, "Actual Total Time": 3286.163, "Actual Rows": 109197, "Actual Loops": 1, "Filter": "((c_acctbal > $0) AND (\"substring\"((c_phone)::text, 1, 2) = ANY ('{20,40,22,30,39,42,21}'::text[])))", "Rows Removed by Filter": 1390803}, {"Node Type": "Index Scan", "Parent Relationship": "Inner", "Scan Direction": "Forward", "Index Name": "idx_orders_custkey", "Relation Name": "orders", "Alias": "orders", "Startup Cost": 0.0, "Total Cost": 17.99, "Plan Rows": 4, "Plan Width": 8, "Actual Startup Time": 615.26, "Actual Total Time": 615.26, "Actual Rows": 72593, "Actual Loops": 109197, "Index Cond": "(o_custkey = public.customer.c_custkey)", "Rows Removed by Index Recheck": 0}]}]}]}, "Triggers": [], "Planner Runtime": 0.724, "Total Runtime": 4031.974, "Unique SQL Id": 2798552886}}, "(16, 85)": {"explain_plan": {"Plan": {"Node Type": "Sort", "Startup Cost": 1000007876469.15, "Total Cost": 1000007876469.15, "Plan Rows": 1, "Plan Width": 40, "Sort Key": ["(\"substring\"((public.customer.c_phone)::text, 1, 2))"], "Plans": [{"Node Type": "Aggregate", "Strategy": "Plain", "Parent Relationship": "exec_init_plan", "Subplan Name": "InitPlan 1 (returns $0)", "Startup Cost": 1000007650219.14, "Total Cost": 1000007650219.15, "Plan Rows": 1, "Plan Width": 40, "Plans": [{"Node Type": "Seq Scan", "Parent Relationship": "Outer", "Relation Name": "customer", "Alias": "customer", "Startup Cost": 10000000012.75, "Total Cost": 1000007650100.0, "Plan Rows": 47655, "Plan Width": 8, "Filter": "((c_acctbal > 0::double precision) AND (\"substring\"((c_phone)::text, 1, 2) = ANY ('{20,40,22,30,39,42,21}'::text[])))"}]}, {"Node Type": "Aggregate", "Strategy": "Hashed", "Parent Relationship": "Outer", "Startup Cost": 226249.97, "Total Cost": 226249.99, "Plan Rows": 1, "Plan Width": 40, "Group By Key": ["\"substring\"((public.customer.c_phone)::text, 1, 2)"], "Plans": [{"Node Type": "Nested Loop", "Parent Relationship": "Outer", "Join Type": "Anti", "Startup Cost": 0.0, "Total Cost": 226249.97, "Plan Rows": 1, "Plan Width": 24, "Inner Unique": false, "Plans": [{"Node Type": "Index Scan", "Parent Relationship": "Outer", "Scan Direction": "Forward", "Index Name": "customer_pkey", "Relation Name": "customer", "Alias": "customer", "Startup Cost": 0.0, "Total Cost": 105140.36, "Plan Rows": 17500, "Plan Width": 32, "Filter": "((c_acctbal > $0) AND (\"substring\"((c_phone)::text, 1, 2) = ANY ('{20,40,22,30,39,42,21}'::text[])))"}, {"Node Type": "Index Scan", "Parent Relationship": "Inner", "Scan Direction": "Forward", "Index Name": "idx_orders_custkey", "Relation Name": "orders", "Alias": "orders", "Startup Cost": 0.0, "Total Cost": 17.99, "Plan Rows": 4, "Plan Width": 8, "Index Cond": "(o_custkey = public.customer.c_custkey)"}]}]}]}, "Unique SQL Id": 2798552886}, "explain_analyze_plan": {"Plan": {"Node Type": "Sort", "Startup Cost": 1000007876469.15, "Total Cost": 1000007876469.15, "Plan Rows": 1, "Plan Width": 40, "Actual Startup Time": 4555.194, "Actual Total Time": 4555.195, "Actual Rows": 4, "Actual Loops": 1, "Sort Key": ["(\"substring\"((public.customer.c_phone)::text, 1, 2))"], "Sort Method": "quicksort", "Sort Space Used": 25, "Sort Space Type": "Memory", "Plans": [{"Node Type": "Aggregate", "Strategy": "Plain", "Parent Relationship": "exec_init_plan", "Subplan Name": "InitPlan 1 (returns $0)", "Startup Cost": 1000007650219.14, "Total Cost": 1000007650219.15, "Plan Rows": 1, "Plan Width": 40, "Actual Startup Time": 2007.503, "Actual Total Time": 2007.503, "Actual Rows": 1, "Actual Loops": 1, "Plans": [{"Node Type": "Seq Scan", "Parent Relationship": "Outer", "Relation Name": "customer", "Alias": "customer", "Startup Cost": 10000000012.75, "Total Cost": 1000007650100.0, "Plan Rows": 47655, "Plan Width": 8, "Actual Startup Time": 0.039, "Actual Total Time": 1912.456, "Actual Rows": 218121, "Actual Loops": 1, "Filter": "((c_acctbal > 0::double precision) AND (\"substring\"((c_phone)::text, 1, 2) = ANY ('{20,40,22,30,39,42,21}'::text[])))", "Rows Removed by Filter": 1281879}]}, {"Node Type": "Aggregate", "Strategy": "Hashed", "Parent Relationship": "Outer", "Startup Cost": 226249.97, "Total Cost": 226249.99, "Plan Rows": 1, "Plan Width": 40, "Actual Startup Time": 4555.155, "Actual Total Time": 4555.158, "Actual Rows": 4, "Actual Loops": 1, "Group By Key": ["\"substring\"((public.customer.c_phone)::text, 1, 2)"], "Plans": [{"Node Type": "Nested Loop", "Parent Relationship": "Outer", "Join Type": "Anti", "Startup Cost": 0.0, "Total Cost": 226249.97, "Plan Rows": 1, "Plan Width": 24, "Actual Startup Time": 2007.614, "Actual Total Time": 4531.932, "Actual Rows": 36604, "Actual Loops": 1, "Inner Unique": false, "Plans": [{"Node Type": "Index Scan", "Parent Relationship": "Outer", "Scan Direction": "Forward", "Index Name": "customer_pkey", "Relation Name": "customer", "Alias": "customer", "Startup Cost": 0.0, "Total Cost": 105140.36, "Plan Rows": 17500, "Plan Width": 32, "Actual Startup Time": 2007.576, "Actual Total Time": 3796.184, "Actual Rows": 109197, "Actual Loops": 1, "Filter": "((c_acctbal > $0) AND (\"substring\"((c_phone)::text, 1, 2) = ANY ('{20,40,22,30,39,42,21}'::text[])))", "Rows Removed by Filter": 1390803}, {"Node Type": "Index Scan", "Parent Relationship": "Inner", "Scan Direction": "Forward", "Index Name": "idx_orders_custkey", "Relation Name": "orders", "Alias": "orders", "Startup Cost": 0.0, "Total Cost": 17.99, "Plan Rows": 4, "Plan Width": 8, "Actual Startup Time": 628.013, "Actual Total Time": 628.013, "Actual Rows": 72593, "Actual Loops": 109197, "Index Cond": "(o_custkey = public.customer.c_custkey)", "Rows Removed by Index Recheck": 0}]}]}]}, "Triggers": [], "Planner Runtime": 0.762, "Total Runtime": 4555.366, "Unique SQL Id": 2798552886}}, "(16, 86)": {"explain_plan": {"Plan": {"Node Type": "Sort", "Startup Cost": 326543.88, "Total Cost": 326543.89, "Plan Rows": 1, "Plan Width": 40, "Sort Key": ["(\"substring\"((public.customer.c_phone)::text, 1, 2))"], "Plans": [{"Node Type": "Aggregate", "Strategy": "Plain", "Parent Relationship": "exec_init_plan", "Subplan Name": "InitPlan 1 (returns $0)", "Startup Cost": 76620.14, "Total Cost": 76620.15, "Plan Rows": 1, "Plan Width": 40, "Plans": [{"Node Type": "Seq Scan", "Parent Relationship": "Outer", "Relation Name": "customer", "Alias": "customer", "Startup Cost": 12.95, "Total Cost": 76501.0, "Plan Rows": 47655, "Plan Width": 8, "Filter": "((c_acctbal > 0::double precision) AND (\"substring\"((c_phone)::text, 1, 2) = ANY ('{20,40,22,30,39,42,21}'::text[])))"}]}, {"Node Type": "Aggregate", "Strategy": "Hashed", "Parent Relationship": "Outer", "Startup Cost": 249923.71, "Total Cost": 249923.72, "Plan Rows": 1, "Plan Width": 40, "Group By Key": ["\"substring\"((public.customer.c_phone)::text, 1, 2)"], "Plans": [{"Node Type": "Nested Loop", "Parent Relationship": "Outer", "Join Type": "Anti", "Startup Cost": 3.75, "Total Cost": 249923.7, "Plan Rows": 1, "Plan Width": 24, "Inner Unique": false, "Plans": [{"Node Type": "Seq Scan", "Parent Relationship": "Outer", "Relation Name": "customer", "Alias": "customer", "Startup Cost": 0.0, "Total Cost": 76501.0, "Plan Rows": 17500, "Plan Width": 32, "Filter": "((c_acctbal > $0) AND (\"substring\"((c_phone)::text, 1, 2) = ANY ('{20,40,22,30,39,42,21}'::text[])))"}, {"Node Type": "Bitmap Heap Scan", "Parent Relationship": "Inner", "Relation Name": "orders", "Alias": "orders", "Startup Cost": 3.75, "Total Cost": 19.76, "Plan Rows": 4, "Plan Width": 8, "Recheck Cond": "(o_custkey = public.customer.c_custkey)", "Plans": [{"Node Type": "Bitmap Index Scan", "Parent Relationship": "Outer", "Index Name": "idx_orders_custkey", "Startup Cost": 0.0, "Total Cost": 3.75, "Plan Rows": 4, "Plan Width": 0, "Index Cond": "(o_custkey = public.customer.c_custkey)"}]}]}]}]}, "Unique SQL Id": 2798552886}, "explain_analyze_plan": {"Plan": {"Node Type": "Sort", "Startup Cost": 326543.88, "Total Cost": 326543.89, "Plan Rows": 1, "Plan Width": 40, "Actual Startup Time": 4492.233, "Actual Total Time": 4492.235, "Actual Rows": 4, "Actual Loops": 1, "Sort Key": ["(\"substring\"((public.customer.c_phone)::text, 1, 2))"], "Sort Method": "quicksort", "Sort Space Used": 25, "Sort Space Type": "Memory", "Plans": [{"Node Type": "Aggregate", "Strategy": "Plain", "Parent Relationship": "exec_init_plan", "Subplan Name": "InitPlan 1 (returns $0)", "Startup Cost": 76620.14, "Total Cost": 76620.15, "Plan Rows": 1, "Plan Width": 40, "Actual Startup Time": 1991.263, "Actual Total Time": 1991.264, "Actual Rows": 1, "Actual Loops": 1, "Plans": [{"Node Type": "Seq Scan", "Parent Relationship": "Outer", "Relation Name": "customer", "Alias": "customer", "Startup Cost": 12.95, "Total Cost": 76501.0, "Plan Rows": 47655, "Plan Width": 8, "Actual Startup Time": 0.029, "Actual Total Time": 1896.473, "Actual Rows": 218121, "Actual Loops": 1, "Filter": "((c_acctbal > 0::double precision) AND (\"substring\"((c_phone)::text, 1, 2) = ANY ('{20,40,22,30,39,42,21}'::text[])))", "Rows Removed by Filter": 1281879}]}, {"Node Type": "Aggregate", "Strategy": "Hashed", "Parent Relationship": "Outer", "Startup Cost": 249923.71, "Total Cost": 249923.72, "Plan Rows": 1, "Plan Width": 40, "Actual Startup Time": 4492.108, "Actual Total Time": 4492.121, "Actual Rows": 4, "Actual Loops": 1, "Group By Key": ["\"substring\"((public.customer.c_phone)::text, 1, 2)"], "Plans": [{"Node Type": "Nested Loop", "Parent Relationship": "Outer", "Join Type": "Anti", "Startup Cost": 3.75, "Total Cost": 249923.7, "Plan Rows": 1, "Plan Width": 24, "Actual Startup Time": 1991.407, "Actual Total Time": 4465.33, "Actual Rows": 36604, "Actual Loops": 1, "Inner Unique": false, "Plans": [{"Node Type": "Seq Scan", "Parent Relationship": "Outer", "Relation Name": "customer", "Alias": "customer", "Startup Cost": 0.0, "Total Cost": 76501.0, "Plan Rows": 17500, "Plan Width": 32, "Actual Startup Time": 1991.334, "Actual Total Time": 3313.189, "Actual Rows": 109197, "Actual Loops": 1, "Filter": "((c_acctbal > $0) AND (\"substring\"((c_phone)::text, 1, 2) = ANY ('{20,40,22,30,39,42,21}'::text[])))", "Rows Removed by Filter": 1390803}, {"Node Type": "Bitmap Heap Scan", "Parent Relationship": "Inner", "Relation Name": "orders", "Alias": "orders", "Startup Cost": 3.75, "Total Cost": 19.76, "Plan Rows": 4, "Plan Width": 8, "Actual Startup Time": 965.354, "Actual Total Time": 965.354, "Actual Rows": 72593, "Actual Loops": 109197, "Recheck Cond": "(o_custkey = public.customer.c_custkey)", "Rows Removed by Index Recheck": 0, "Exact Heap Blocks": 72593, "Lossy Heap Blocks": 72593, "Plans": [{"Node Type": "Bitmap Index Scan", "Parent Relationship": "Outer", "Index Name": "idx_orders_custkey", "Startup Cost": 0.0, "Total Cost": 3.75, "Plan Rows": 4, "Plan Width": 0, "Actual Startup Time": 601.574, "Actual Total Time": 601.574, "Actual Rows": 1091631, "Actual Loops": 109197, "Index Cond": "(o_custkey = public.customer.c_custkey)"}]}]}]}]}, "Triggers": [], "Planner Runtime": 0.755, "Total Runtime": 4492.429, "Unique SQL Id": 2798552886}}, "(16, 87)": {"explain_plan": {"Plan": {"Node Type": "Sort", "Startup Cost": 2000018337677.51, "Total Cost": 2000018337677.51, "Plan Rows": 1, "Plan Width": 40, "Sort Key": ["(\"substring\"((public.customer.c_phone)::text, 1, 2))"], "Plans": [{"Node Type": "Aggregate", "Strategy": "Plain", "Parent Relationship": "exec_init_plan", "Subplan Name": "InitPlan 1 (returns $0)", "Startup Cost": 1000007650219.14, "Total Cost": 1000007650219.15, "Plan Rows": 1, "Plan Width": 40, "Plans": [{"Node Type": "Seq Scan", "Parent Relationship": "Outer", "Relation Name": "customer", "Alias": "customer", "Startup Cost": 10000000012.75, "Total Cost": 1000007650100.0, "Plan Rows": 47655, "Plan Width": 8, "Filter": "((c_acctbal > 0::double precision) AND (\"substring\"((c_phone)::text, 1, 2) = ANY ('{20,40,22,30,39,42,21}'::text[])))"}]}, {"Node Type": "Aggregate", "Strategy": "Hashed", "Parent Relationship": "Outer", "Startup Cost": 1000010687458.33, "Total Cost": 1000010687458.35, "Plan Rows": 1, "Plan Width": 40, "Group By Key": ["\"substring\"((public.customer.c_phone)::text, 1, 2)"], "Plans": [{"Node Type": "Nested Loop", "Parent Relationship": "Outer", "Join Type": "Anti", "Startup Cost": 10000000003.75, "Total Cost": 1000010687458.32, "Plan Rows": 1, "Plan Width": 24, "Inner Unique": false, "Plans": [{"Node Type": "Index Scan", "Parent Relationship": "Outer", "Scan Direction": "Forward", "Index Name": "customer_pkey", "Relation Name": "customer", "Alias": "customer", "Startup Cost": 10000000000.0, "Total Cost": 1000010514035.62, "Plan Rows": 17500, "Plan Width": 32, "Filter": "((c_acctbal > $0) AND (\"substring\"((c_phone)::text, 1, 2) = ANY ('{20,40,22,30,39,42,21}'::text[])))"}, {"Node Type": "Bitmap Heap Scan", "Parent Relationship": "Inner", "Relation Name": "orders", "Alias": "orders", "Startup Cost": 3.75, "Total Cost": 19.76, "Plan Rows": 4, "Plan Width": 8, "Recheck Cond": "(o_custkey = public.customer.c_custkey)", "Plans": [{"Node Type": "Bitmap Index Scan", "Parent Relationship": "Outer", "Index Name": "idx_orders_custkey", "Startup Cost": 0.0, "Total Cost": 3.75, "Plan Rows": 4, "Plan Width": 0, "Index Cond": "(o_custkey = public.customer.c_custkey)"}]}]}]}]}, "Unique SQL Id": 2798552886}, "explain_analyze_plan": {"Plan": {"Node Type": "Sort", "Startup Cost": 2000018337677.51, "Total Cost": 2000018337677.51, "Plan Rows": 1, "Plan Width": 40, "Actual Startup Time": 5045.7, "Actual Total Time": 5045.7, "Actual Rows": 4, "Actual Loops": 1, "Sort Key": ["(\"substring\"((public.customer.c_phone)::text, 1, 2))"], "Sort Method": "quicksort", "Sort Space Used": 25, "Sort Space Type": "Memory", "Plans": [{"Node Type": "Aggregate", "Strategy": "Plain", "Parent Relationship": "exec_init_plan", "Subplan Name": "InitPlan 1 (returns $0)", "Startup Cost": 1000007650219.14, "Total Cost": 1000007650219.15, "Plan Rows": 1, "Plan Width": 40, "Actual Startup Time": 1994.893, "Actual Total Time": 1994.893, "Actual Rows": 1, "Actual Loops": 1, "Plans": [{"Node Type": "Seq Scan", "Parent Relationship": "Outer", "Relation Name": "customer", "Alias": "customer", "Startup Cost": 10000000012.75, "Total Cost": 1000007650100.0, "Plan Rows": 47655, "Plan Width": 8, "Actual Startup Time": 0.036, "Actual Total Time": 1899.86, "Actual Rows": 218121, "Actual Loops": 1, "Filter": "((c_acctbal > 0::double precision) AND (\"substring\"((c_phone)::text, 1, 2) = ANY ('{20,40,22,30,39,42,21}'::text[])))", "Rows Removed by Filter": 1281879}]}, {"Node Type": "Aggregate", "Strategy": "Hashed", "Parent Relationship": "Outer", "Startup Cost": 1000010687458.33, "Total Cost": 1000010687458.35, "Plan Rows": 1, "Plan Width": 40, "Actual Startup Time": 5045.657, "Actual Total Time": 5045.657, "Actual Rows": 4, "Actual Loops": 1, "Group By Key": ["\"substring\"((public.customer.c_phone)::text, 1, 2)"], "Plans": [{"Node Type": "Nested Loop", "Parent Relationship": "Outer", "Join Type": "Anti", "Startup Cost": 10000000003.75, "Total Cost": 1000010687458.32, "Plan Rows": 1, "Plan Width": 24, "Actual Startup Time": 1995.077, "Actual Total Time": 5019.031, "Actual Rows": 36604, "Actual Loops": 1, "Inner Unique": false, "Plans": [{"Node Type": "Index Scan", "Parent Relationship": "Outer", "Scan Direction": "Forward", "Index Name": "customer_pkey", "Relation Name": "customer", "Alias": "customer", "Startup Cost": 10000000000.0, "Total Cost": 1000010514035.62, "Plan Rows": 17500, "Plan Width": 32, "Actual Startup Time": 1995.001, "Actual Total Time": 3864.643, "Actual Rows": 109197, "Actual Loops": 1, "Filter": "((c_acctbal > $0) AND (\"substring\"((c_phone)::text, 1, 2) = ANY ('{20,40,22,30,39,42,21}'::text[])))", "Rows Removed by Filter": 1390803}, {"Node Type": "Bitmap Heap Scan", "Parent Relationship": "Inner", "Relation Name": "orders", "Alias": "orders", "Startup Cost": 3.75, "Total Cost": 19.76, "Plan Rows": 4, "Plan Width": 8, "Actual Startup Time": 963.288, "Actual Total Time": 963.288, "Actual Rows": 72593, "Actual Loops": 109197, "Recheck Cond": "(o_custkey = public.customer.c_custkey)", "Rows Removed by Index Recheck": 0, "Exact Heap Blocks": 72593, "Lossy Heap Blocks": 72593, "Plans": [{"Node Type": "Bitmap Index Scan", "Parent Relationship": "Outer", "Index Name": "idx_orders_custkey", "Startup Cost": 0.0, "Total Cost": 3.75, "Plan Rows": 4, "Plan Width": 0, "Actual Startup Time": 588.006, "Actual Total Time": 588.006, "Actual Rows": 1091631, "Actual Loops": 109197, "Index Cond": "(o_custkey = public.customer.c_custkey)"}]}]}]}]}, "Triggers": [], "Planner Runtime": 0.768, "Total Runtime": 5045.883, "Unique SQL Id": 2798552886}}, "(16, 88)": {"explain_plan": {"Plan": {"Node Type": "Sort", "Startup Cost": 178853.67, "Total Cost": 178853.67, "Plan Rows": 1, "Plan Width": 40, "Sort Key": ["(\"substring\"((public.customer.c_phone)::text, 1, 2))"], "Plans": [{"Node Type": "Aggregate", "Strategy": "Plain", "Parent Relationship": "exec_init_plan", "Subplan Name": "InitPlan 1 (returns $0)", "Startup Cost": 76620.14, "Total Cost": 76620.15, "Plan Rows": 1, "Plan Width": 40, "Plans": [{"Node Type": "Seq Scan", "Parent Relationship": "Outer", "Relation Name": "customer", "Alias": "customer", "Startup Cost": 12.95, "Total Cost": 76501.0, "Plan Rows": 47655, "Plan Width": 8, "Filter": "((c_acctbal > 0::double precision) AND (\"substring\"((c_phone)::text, 1, 2) = ANY ('{20,40,22,30,39,42,21}'::text[])))"}]}, {"Node Type": "Aggregate", "Strategy": "Hashed", "Parent Relationship": "Outer", "Startup Cost": 102233.49, "Total Cost": 102233.51, "Plan Rows": 1, "Plan Width": 40, "Group By Key": ["\"substring\"((public.customer.c_phone)::text, 1, 2)"], "Plans": [{"Node Type": "Nested Loop", "Parent Relationship": "Outer", "Join Type": "Anti", "Startup Cost": 0.0, "Total Cost": 102233.49, "Plan Rows": 1, "Plan Width": 24, "Inner Unique": false, "Plans": [{"Node Type": "Seq Scan", "Parent Relationship": "Outer", "Relation Name": "customer", "Alias": "customer", "Startup Cost": 0.0, "Total Cost": 76501.0, "Plan Rows": 17500, "Plan Width": 32, "Filter": "((c_acctbal > $0) AND (\"substring\"((c_phone)::text, 1, 2) = ANY ('{20,40,22,30,39,42,21}'::text[])))"}, {"Node Type": "Index Only Scan", "Parent Relationship": "Inner", "Scan Direction": "Forward", "Index Name": "idx_orders_custkey", "Relation Name": "orders", "Alias": "orders", "Startup Cost": 0.0, "Total Cost": 3.79, "Plan Rows": 4, "Plan Width": 8, "Index Cond": "(o_custkey = public.customer.c_custkey)"}]}]}]}, "Unique SQL Id": 2798552886}, "explain_analyze_plan": {"Plan": {"Node Type": "Sort", "Startup Cost": 178853.67, "Total Cost": 178853.67, "Plan Rows": 1, "Plan Width": 40, "Actual Startup Time": 3898.225, "Actual Total Time": 3898.226, "Actual Rows": 4, "Actual Loops": 1, "Sort Key": ["(\"substring\"((public.customer.c_phone)::text, 1, 2))"], "Sort Method": "quicksort", "Sort Space Used": 25, "Sort Space Type": "Memory", "Plans": [{"Node Type": "Aggregate", "Strategy": "Plain", "Parent Relationship": "exec_init_plan", "Subplan Name": "InitPlan 1 (returns $0)", "Startup Cost": 76620.14, "Total Cost": 76620.15, "Plan Rows": 1, "Plan Width": 40, "Actual Startup Time": 1993.797, "Actual Total Time": 1993.797, "Actual Rows": 1, "Actual Loops": 1, "Plans": [{"Node Type": "Seq Scan", "Parent Relationship": "Outer", "Relation Name": "customer", "Alias": "customer", "Startup Cost": 12.95, "Total Cost": 76501.0, "Plan Rows": 47655, "Plan Width": 8, "Actual Startup Time": 0.028, "Actual Total Time": 1898.824, "Actual Rows": 218121, "Actual Loops": 1, "Filter": "((c_acctbal > 0::double precision) AND (\"substring\"((c_phone)::text, 1, 2) = ANY ('{20,40,22,30,39,42,21}'::text[])))", "Rows Removed by Filter": 1281879}]}, {"Node Type": "Aggregate", "Strategy": "Hashed", "Parent Relationship": "Outer", "Startup Cost": 102233.49, "Total Cost": 102233.51, "Plan Rows": 1, "Plan Width": 40, "Actual Startup Time": 3898.192, "Actual Total Time": 3898.195, "Actual Rows": 4, "Actual Loops": 1, "Group By Key": ["\"substring\"((public.customer.c_phone)::text, 1, 2)"], "Plans": [{"Node Type": "Nested Loop", "Parent Relationship": "Outer", "Join Type": "Anti", "Startup Cost": 0.0, "Total Cost": 102233.49, "Plan Rows": 1, "Plan Width": 24, "Actual Startup Time": 1994.027, "Actual Total Time": 3875.509, "Actual Rows": 36604, "Actual Loops": 1, "Inner Unique": false, "Plans": [{"Node Type": "Seq Scan", "Parent Relationship": "Outer", "Relation Name": "customer", "Alias": "customer", "Startup Cost": 0.0, "Total Cost": 76501.0, "Plan Rows": 17500, "Plan Width": 32, "Actual Startup Time": 1993.955, "Actual Total Time": 3288.893, "Actual Rows": 109197, "Actual Loops": 1, "Filter": "((c_acctbal > $0) AND (\"substring\"((c_phone)::text, 1, 2) = ANY ('{20,40,22,30,39,42,21}'::text[])))", "Rows Removed by Filter": 1390803}, {"Node Type": "Index Only Scan", "Parent Relationship": "Inner", "Scan Direction": "Forward", "Index Name": "idx_orders_custkey", "Relation Name": "orders", "Alias": "orders", "Startup Cost": 0.0, "Total Cost": 3.79, "Plan Rows": 4, "Plan Width": 8, "Actual Startup Time": 484.426, "Actual Total Time": 484.426, "Actual Rows": 72593, "Actual Loops": 109197, "Index Cond": "(o_custkey = public.customer.c_custkey)", "Rows Removed by Index Recheck": 0, "Heap Fetches": 0}]}]}]}, "Triggers": [], "Planner Runtime": 0.759, "Total Runtime": 3898.474, "Unique SQL Id": 2798552886}}, "(16, 89)": {"explain_plan": {"Plan": {"Node Type": "Sort", "Startup Cost": 1000007781092.03, "Total Cost": 1000007781092.03, "Plan Rows": 1, "Plan Width": 40, "Sort Key": ["(\"substring\"((public.customer.c_phone)::text, 1, 2))"], "Plans": [{"Node Type": "Aggregate", "Strategy": "Plain", "Parent Relationship": "exec_init_plan", "Subplan Name": "InitPlan 1 (returns $0)", "Startup Cost": 1000007650219.14, "Total Cost": 1000007650219.15, "Plan Rows": 1, "Plan Width": 40, "Plans": [{"Node Type": "Seq Scan", "Parent Relationship": "Outer", "Relation Name": "customer", "Alias": "customer", "Startup Cost": 10000000012.75, "Total Cost": 1000007650100.0, "Plan Rows": 47655, "Plan Width": 8, "Filter": "((c_acctbal > 0::double precision) AND (\"substring\"((c_phone)::text, 1, 2) = ANY ('{20,40,22,30,39,42,21}'::text[])))"}]}, {"Node Type": "Aggregate", "Strategy": "Hashed", "Parent Relationship": "Outer", "Startup Cost": 130872.85, "Total Cost": 130872.87, "Plan Rows": 1, "Plan Width": 40, "Group By Key": ["\"substring\"((public.customer.c_phone)::text, 1, 2)"], "Plans": [{"Node Type": "Nested Loop", "Parent Relationship": "Outer", "Join Type": "Anti", "Startup Cost": 0.0, "Total Cost": 130872.84, "Plan Rows": 1, "Plan Width": 24, "Inner Unique": false, "Plans": [{"Node Type": "Index Scan", "Parent Relationship": "Outer", "Scan Direction": "Forward", "Index Name": "customer_pkey", "Relation Name": "customer", "Alias": "customer", "Startup Cost": 0.0, "Total Cost": 105140.36, "Plan Rows": 17500, "Plan Width": 32, "Filter": "((c_acctbal > $0) AND (\"substring\"((c_phone)::text, 1, 2) = ANY ('{20,40,22,30,39,42,21}'::text[])))"}, {"Node Type": "Index Only Scan", "Parent Relationship": "Inner", "Scan Direction": "Forward", "Index Name": "idx_orders_custkey", "Relation Name": "orders", "Alias": "orders", "Startup Cost": 0.0, "Total Cost": 3.79, "Plan Rows": 4, "Plan Width": 8, "Index Cond": "(o_custkey = public.customer.c_custkey)"}]}]}]}, "Unique SQL Id": 2798552886}, "explain_analyze_plan": {"Plan": {"Node Type": "Sort", "Startup Cost": 1000007781092.03, "Total Cost": 1000007781092.03, "Plan Rows": 1, "Plan Width": 40, "Actual Startup Time": 4538.566, "Actual Total Time": 4538.567, "Actual Rows": 4, "Actual Loops": 1, "Sort Key": ["(\"substring\"((public.customer.c_phone)::text, 1, 2))"], "Sort Method": "quicksort", "Sort Space Used": 25, "Sort Space Type": "Memory", "Plans": [{"Node Type": "Aggregate", "Strategy": "Plain", "Parent Relationship": "exec_init_plan", "Subplan Name": "InitPlan 1 (returns $0)", "Startup Cost": 1000007650219.14, "Total Cost": 1000007650219.15, "Plan Rows": 1, "Plan Width": 40, "Actual Startup Time": 2004.286, "Actual Total Time": 2004.287, "Actual Rows": 1, "Actual Loops": 1, "Plans": [{"Node Type": "Seq Scan", "Parent Relationship": "Outer", "Relation Name": "customer", "Alias": "customer", "Startup Cost": 10000000012.75, "Total Cost": 1000007650100.0, "Plan Rows": 47655, "Plan Width": 8, "Actual Startup Time": 0.036, "Actual Total Time": 1908.298, "Actual Rows": 218121, "Actual Loops": 1, "Filter": "((c_acctbal > 0::double precision) AND (\"substring\"((c_phone)::text, 1, 2) = ANY ('{20,40,22,30,39,42,21}'::text[])))", "Rows Removed by Filter": 1281879}]}, {"Node Type": "Aggregate", "Strategy": "Hashed", "Parent Relationship": "Outer", "Startup Cost": 130872.85, "Total Cost": 130872.87, "Plan Rows": 1, "Plan Width": 40, "Actual Startup Time": 4538.513, "Actual Total Time": 4538.515, "Actual Rows": 4, "Actual Loops": 1, "Group By Key": ["\"substring\"((public.customer.c_phone)::text, 1, 2)"], "Plans": [{"Node Type": "Nested Loop", "Parent Relationship": "Outer", "Join Type": "Anti", "Startup Cost": 0.0, "Total Cost": 130872.84, "Plan Rows": 1, "Plan Width": 24, "Actual Startup Time": 2004.513, "Actual Total Time": 4515.757, "Actual Rows": 36604, "Actual Loops": 1, "Inner Unique": false, "Plans": [{"Node Type": "Index Scan", "Parent Relationship": "Outer", "Scan Direction": "Forward", "Index Name": "customer_pkey", "Relation Name": "customer", "Alias": "customer", "Startup Cost": 0.0, "Total Cost": 105140.36, "Plan Rows": 17500, "Plan Width": 32, "Actual Startup Time": 2004.451, "Actual Total Time": 3936.374, "Actual Rows": 109197, "Actual Loops": 1, "Filter": "((c_acctbal > $0) AND (\"substring\"((c_phone)::text, 1, 2) = ANY ('{20,40,22,30,39,42,21}'::text[])))", "Rows Removed by Filter": 1390803}, {"Node Type": "Index Only Scan", "Parent Relationship": "Inner", "Scan Direction": "Forward", "Index Name": "idx_orders_custkey", "Relation Name": "orders", "Alias": "orders", "Startup Cost": 0.0, "Total Cost": 3.79, "Plan Rows": 4, "Plan Width": 8, "Actual Startup Time": 476.552, "Actual Total Time": 476.552, "Actual Rows": 72593, "Actual Loops": 109197, "Index Cond": "(o_custkey = public.customer.c_custkey)", "Rows Removed by Index Recheck": 0, "Heap Fetches": 0}]}]}]}, "Triggers": [], "Planner Runtime": 0.761, "Total Runtime": 4538.756, "Unique SQL Id": 2798552886}}, "(16, 90)": {"explain_plan": {"Plan": {"Node Type": "Sort", "Startup Cost": 2444406.33, "Total Cost": 2444406.34, "Plan Rows": 1, "Plan Width": 40, "Sort Key": ["(\"substring\"((public.customer.c_phone)::text, 1, 2))"], "Plans": [{"Node Type": "Aggregate", "Strategy": "Plain", "Parent Relationship": "exec_init_plan", "Subplan Name": "InitPlan 1 (returns $0)", "Startup Cost": 76620.14, "Total Cost": 76620.15, "Plan Rows": 1, "Plan Width": 40, "Plans": [{"Node Type": "Seq Scan", "Parent Relationship": "Outer", "Relation Name": "customer", "Alias": "customer", "Startup Cost": 12.95, "Total Cost": 76501.0, "Plan Rows": 47655, "Plan Width": 8, "Filter": "((c_acctbal > 0::double precision) AND (\"substring\"((c_phone)::text, 1, 2) = ANY ('{20,40,22,30,39,42,21}'::text[])))"}]}, {"Node Type": "Aggregate", "Strategy": "Hashed", "Parent Relationship": "Outer", "Startup Cost": 2367786.16, "Total Cost": 2367786.17, "Plan Rows": 1, "Plan Width": 40, "Group By Key": ["\"substring\"((public.customer.c_phone)::text, 1, 2)"], "Plans": [{"Node Type": "Merge Join", "Parent Relationship": "Outer", "Join Type": "Anti", "Startup Cost": 2291966.69, "Total Cost": 2367786.15, "Plan Rows": 1, "Plan Width": 24, "Inner Unique": false, "Merge Cond": "(public.customer.c_custkey = orders.o_custkey)", "Plans": [{"Node Type": "Sort", "Parent Relationship": "Outer", "Startup Cost": 77734.32, "Total Cost": 77778.07, "Plan Rows": 17500, "Plan Width": 32, "Sort Key": ["public.customer.c_custkey"], "Plans": [{"Node Type": "Seq Scan", "Parent Relationship": "Outer", "Relation Name": "customer", "Alias": "customer", "Startup Cost": 0.0, "Total Cost": 76501.0, "Plan Rows": 17500, "Plan Width": 32, "Filter": "((c_acctbal > $0) AND (\"substring\"((c_phone)::text, 1, 2) = ANY ('{20,40,22,30,39,42,21}'::text[])))"}]}, {"Node Type": "Sort", "Parent Relationship": "Inner", "Startup Cost": 2214232.37, "Total Cost": 2251731.07, "Plan Rows": 14999479, "Plan Width": 8, "Sort Key": ["orders.o_custkey"], "Plans": [{"Node Type": "Seq Scan", "Parent Relationship": "Outer", "Relation Name": "orders", "Alias": "orders", "Startup Cost": 0.0, "Total Cost": 426413.79, "Plan Rows": 14999479, "Plan Width": 8}]}]}]}]}, "Unique SQL Id": 2798552886}, "explain_analyze_plan": null}, "(16, 91)": {"explain_plan": {"Plan": {"Node Type": "Sort", "Startup Cost": 3000031345967.3, "Total Cost": 3000031345967.3, "Plan Rows": 1, "Plan Width": 40, "Sort Key": ["(\"substring\"((public.customer.c_phone)::text, 1, 2))"], "Plans": [{"Node Type": "Aggregate", "Strategy": "Plain", "Parent Relationship": "exec_init_plan", "Subplan Name": "InitPlan 1 (returns $0)", "Startup Cost": 1000007650219.14, "Total Cost": 1000007650219.15, "Plan Rows": 1, "Plan Width": 40, "Plans": [{"Node Type": "Seq Scan", "Parent Relationship": "Outer", "Relation Name": "customer", "Alias": "customer", "Startup Cost": 10000000012.75, "Total Cost": 1000007650100.0, "Plan Rows": 47655, "Plan Width": 8, "Filter": "((c_acctbal > 0::double precision) AND (\"substring\"((c_phone)::text, 1, 2) = ANY ('{20,40,22,30,39,42,21}'::text[])))"}]}, {"Node Type": "Aggregate", "Strategy": "Hashed", "Parent Relationship": "Outer", "Startup Cost": 2000023695748.12, "Total Cost": 2000023695748.14, "Plan Rows": 1, "Plan Width": 40, "Group By Key": ["\"substring\"((public.customer.c_phone)::text, 1, 2)"], "Plans": [{"Node Type": "Merge Join", "Parent Relationship": "Outer", "Join Type": "Anti", "Startup Cost": 20000000000.0, "Total Cost": 2000023695748.11, "Plan Rows": 1, "Plan Width": 24, "Inner Unique": false, "Merge Cond": "(public.customer.c_custkey = orders.o_custkey)", "Plans": [{"Node Type": "Index Scan", "Parent Relationship": "Outer", "Scan Direction": "Forward", "Index Name": "customer_pkey", "Relation Name": "customer", "Alias": "customer", "Startup Cost": 10000000000.0, "Total Cost": 1000010514035.62, "Plan Rows": 17500, "Plan Width": 32, "Filter": "((c_acctbal > $0) AND (\"substring\"((c_phone)::text, 1, 2) = ANY ('{20,40,22,30,39,42,21}'::text[])))"}, {"Node Type": "Index Only Scan", "Parent Relationship": "Inner", "Scan Direction": "Forward", "Index Name": "idx_orders_custkey", "Relation Name": "orders", "Alias": "orders", "Startup Cost": 10000000000.0, "Total Cost": 1000045486043.5, "Plan Rows": 14999479, "Plan Width": 8}]}]}]}, "Unique SQL Id": 2798552886}, "explain_analyze_plan": null}, "(16, 92)": {"explain_plan": {"Plan": {"Node Type": "Sort", "Startup Cost": 274230.79, "Total Cost": 274230.8, "Plan Rows": 1, "Plan Width": 40, "Sort Key": ["(\"substring\"((public.customer.c_phone)::text, 1, 2))"], "Plans": [{"Node Type": "Aggregate", "Strategy": "Plain", "Parent Relationship": "exec_init_plan", "Subplan Name": "InitPlan 1 (returns $0)", "Startup Cost": 76620.14, "Total Cost": 76620.15, "Plan Rows": 1, "Plan Width": 40, "Plans": [{"Node Type": "Seq Scan", "Parent Relationship": "Outer", "Relation Name": "customer", "Alias": "customer", "Startup Cost": 12.95, "Total Cost": 76501.0, "Plan Rows": 47655, "Plan Width": 8, "Filter": "((c_acctbal > 0::double precision) AND (\"substring\"((c_phone)::text, 1, 2) = ANY ('{20,40,22,30,39,42,21}'::text[])))"}]}, {"Node Type": "Aggregate", "Strategy": "Hashed", "Parent Relationship": "Outer", "Startup Cost": 197610.62, "Total Cost": 197610.63, "Plan Rows": 1, "Plan Width": 40, "Group By Key": ["\"substring\"((public.customer.c_phone)::text, 1, 2)"], "Plans": [{"Node Type": "Nested Loop", "Parent Relationship": "Outer", "Join Type": "Anti", "Startup Cost": 0.0, "Total Cost": 197610.61, "Plan Rows": 1, "Plan Width": 24, "Inner Unique": false, "Plans": [{"Node Type": "Seq Scan", "Parent Relationship": "Outer", "Relation Name": "customer", "Alias": "customer", "Startup Cost": 0.0, "Total Cost": 76501.0, "Plan Rows": 17500, "Plan Width": 32, "Filter": "((c_acctbal > $0) AND (\"substring\"((c_phone)::text, 1, 2) = ANY ('{20,40,22,30,39,42,21}'::text[])))"}, {"Node Type": "Index Scan", "Parent Relationship": "Inner", "Scan Direction": "Forward", "Index Name": "idx_orders_custkey", "Relation Name": "orders", "Alias": "orders", "Startup Cost": 0.0, "Total Cost": 17.99, "Plan Rows": 4, "Plan Width": 8, "Index Cond": "(o_custkey = public.customer.c_custkey)"}]}]}]}, "Unique SQL Id": 2798552886}, "explain_analyze_plan": {"Plan": {"Node Type": "Sort", "Startup Cost": 274230.79, "Total Cost": 274230.8, "Plan Rows": 1, "Plan Width": 40, "Actual Startup Time": 4031.791, "Actual Total Time": 4031.792, "Actual Rows": 4, "Actual Loops": 1, "Sort Key": ["(\"substring\"((public.customer.c_phone)::text, 1, 2))"], "Sort Method": "quicksort", "Sort Space Used": 25, "Sort Space Type": "Memory", "Plans": [{"Node Type": "Aggregate", "Strategy": "Plain", "Parent Relationship": "exec_init_plan", "Subplan Name": "InitPlan 1 (returns $0)", "Startup Cost": 76620.14, "Total Cost": 76620.15, "Plan Rows": 1, "Plan Width": 40, "Actual Startup Time": 1993.693, "Actual Total Time": 1993.694, "Actual Rows": 1, "Actual Loops": 1, "Plans": [{"Node Type": "Seq Scan", "Parent Relationship": "Outer", "Relation Name": "customer", "Alias": "customer", "Startup Cost": 12.95, "Total Cost": 76501.0, "Plan Rows": 47655, "Plan Width": 8, "Actual Startup Time": 0.034, "Actual Total Time": 1897.714, "Actual Rows": 218121, "Actual Loops": 1, "Filter": "((c_acctbal > 0::double precision) AND (\"substring\"((c_phone)::text, 1, 2) = ANY ('{20,40,22,30,39,42,21}'::text[])))", "Rows Removed by Filter": 1281879}]}, {"Node Type": "Aggregate", "Strategy": "Hashed", "Parent Relationship": "Outer", "Startup Cost": 197610.62, "Total Cost": 197610.63, "Plan Rows": 1, "Plan Width": 40, "Actual Startup Time": 4031.76, "Actual Total Time": 4031.761, "Actual Rows": 4, "Actual Loops": 1, "Group By Key": ["\"substring\"((public.customer.c_phone)::text, 1, 2)"], "Plans": [{"Node Type": "Nested Loop", "Parent Relationship": "Outer", "Join Type": "Anti", "Startup Cost": 0.0, "Total Cost": 197610.61, "Plan Rows": 1, "Plan Width": 24, "Actual Startup Time": 1993.926, "Actual Total Time": 4008.675, "Actual Rows": 36604, "Actual Loops": 1, "Inner Unique": false, "Plans": [{"Node Type": "Seq Scan", "Parent Relationship": "Outer", "Relation Name": "customer", "Alias": "customer", "Startup Cost": 0.0, "Total Cost": 76501.0, "Plan Rows": 17500, "Plan Width": 32, "Actual Startup Time": 1993.871, "Actual Total Time": 3286.163, "Actual Rows": 109197, "Actual Loops": 1, "Filter": "((c_acctbal > $0) AND (\"substring\"((c_phone)::text, 1, 2) = ANY ('{20,40,22,30,39,42,21}'::text[])))", "Rows Removed by Filter": 1390803}, {"Node Type": "Index Scan", "Parent Relationship": "Inner", "Scan Direction": "Forward", "Index Name": "idx_orders_custkey", "Relation Name": "orders", "Alias": "orders", "Startup Cost": 0.0, "Total Cost": 17.99, "Plan Rows": 4, "Plan Width": 8, "Actual Startup Time": 615.26, "Actual Total Time": 615.26, "Actual Rows": 72593, "Actual Loops": 109197, "Index Cond": "(o_custkey = public.customer.c_custkey)", "Rows Removed by Index Recheck": 0}]}]}]}, "Triggers": [], "Planner Runtime": 0.724, "Total Runtime": 4031.974, "Unique SQL Id": 2798552886}}, "(16, 93)": {"explain_plan": {"Plan": {"Node Type": "Sort", "Startup Cost": 1000007876469.15, "Total Cost": 1000007876469.15, "Plan Rows": 1, "Plan Width": 40, "Sort Key": ["(\"substring\"((public.customer.c_phone)::text, 1, 2))"], "Plans": [{"Node Type": "Aggregate", "Strategy": "Plain", "Parent Relationship": "exec_init_plan", "Subplan Name": "InitPlan 1 (returns $0)", "Startup Cost": 1000007650219.14, "Total Cost": 1000007650219.15, "Plan Rows": 1, "Plan Width": 40, "Plans": [{"Node Type": "Seq Scan", "Parent Relationship": "Outer", "Relation Name": "customer", "Alias": "customer", "Startup Cost": 10000000012.75, "Total Cost": 1000007650100.0, "Plan Rows": 47655, "Plan Width": 8, "Filter": "((c_acctbal > 0::double precision) AND (\"substring\"((c_phone)::text, 1, 2) = ANY ('{20,40,22,30,39,42,21}'::text[])))"}]}, {"Node Type": "Aggregate", "Strategy": "Hashed", "Parent Relationship": "Outer", "Startup Cost": 226249.97, "Total Cost": 226249.99, "Plan Rows": 1, "Plan Width": 40, "Group By Key": ["\"substring\"((public.customer.c_phone)::text, 1, 2)"], "Plans": [{"Node Type": "Nested Loop", "Parent Relationship": "Outer", "Join Type": "Anti", "Startup Cost": 0.0, "Total Cost": 226249.97, "Plan Rows": 1, "Plan Width": 24, "Inner Unique": false, "Plans": [{"Node Type": "Index Scan", "Parent Relationship": "Outer", "Scan Direction": "Forward", "Index Name": "customer_pkey", "Relation Name": "customer", "Alias": "customer", "Startup Cost": 0.0, "Total Cost": 105140.36, "Plan Rows": 17500, "Plan Width": 32, "Filter": "((c_acctbal > $0) AND (\"substring\"((c_phone)::text, 1, 2) = ANY ('{20,40,22,30,39,42,21}'::text[])))"}, {"Node Type": "Index Scan", "Parent Relationship": "Inner", "Scan Direction": "Forward", "Index Name": "idx_orders_custkey", "Relation Name": "orders", "Alias": "orders", "Startup Cost": 0.0, "Total Cost": 17.99, "Plan Rows": 4, "Plan Width": 8, "Index Cond": "(o_custkey = public.customer.c_custkey)"}]}]}]}, "Unique SQL Id": 2798552886}, "explain_analyze_plan": {"Plan": {"Node Type": "Sort", "Startup Cost": 1000007876469.15, "Total Cost": 1000007876469.15, "Plan Rows": 1, "Plan Width": 40, "Actual Startup Time": 4555.194, "Actual Total Time": 4555.195, "Actual Rows": 4, "Actual Loops": 1, "Sort Key": ["(\"substring\"((public.customer.c_phone)::text, 1, 2))"], "Sort Method": "quicksort", "Sort Space Used": 25, "Sort Space Type": "Memory", "Plans": [{"Node Type": "Aggregate", "Strategy": "Plain", "Parent Relationship": "exec_init_plan", "Subplan Name": "InitPlan 1 (returns $0)", "Startup Cost": 1000007650219.14, "Total Cost": 1000007650219.15, "Plan Rows": 1, "Plan Width": 40, "Actual Startup Time": 2007.503, "Actual Total Time": 2007.503, "Actual Rows": 1, "Actual Loops": 1, "Plans": [{"Node Type": "Seq Scan", "Parent Relationship": "Outer", "Relation Name": "customer", "Alias": "customer", "Startup Cost": 10000000012.75, "Total Cost": 1000007650100.0, "Plan Rows": 47655, "Plan Width": 8, "Actual Startup Time": 0.039, "Actual Total Time": 1912.456, "Actual Rows": 218121, "Actual Loops": 1, "Filter": "((c_acctbal > 0::double precision) AND (\"substring\"((c_phone)::text, 1, 2) = ANY ('{20,40,22,30,39,42,21}'::text[])))", "Rows Removed by Filter": 1281879}]}, {"Node Type": "Aggregate", "Strategy": "Hashed", "Parent Relationship": "Outer", "Startup Cost": 226249.97, "Total Cost": 226249.99, "Plan Rows": 1, "Plan Width": 40, "Actual Startup Time": 4555.155, "Actual Total Time": 4555.158, "Actual Rows": 4, "Actual Loops": 1, "Group By Key": ["\"substring\"((public.customer.c_phone)::text, 1, 2)"], "Plans": [{"Node Type": "Nested Loop", "Parent Relationship": "Outer", "Join Type": "Anti", "Startup Cost": 0.0, "Total Cost": 226249.97, "Plan Rows": 1, "Plan Width": 24, "Actual Startup Time": 2007.614, "Actual Total Time": 4531.932, "Actual Rows": 36604, "Actual Loops": 1, "Inner Unique": false, "Plans": [{"Node Type": "Index Scan", "Parent Relationship": "Outer", "Scan Direction": "Forward", "Index Name": "customer_pkey", "Relation Name": "customer", "Alias": "customer", "Startup Cost": 0.0, "Total Cost": 105140.36, "Plan Rows": 17500, "Plan Width": 32, "Actual Startup Time": 2007.576, "Actual Total Time": 3796.184, "Actual Rows": 109197, "Actual Loops": 1, "Filter": "((c_acctbal > $0) AND (\"substring\"((c_phone)::text, 1, 2) = ANY ('{20,40,22,30,39,42,21}'::text[])))", "Rows Removed by Filter": 1390803}, {"Node Type": "Index Scan", "Parent Relationship": "Inner", "Scan Direction": "Forward", "Index Name": "idx_orders_custkey", "Relation Name": "orders", "Alias": "orders", "Startup Cost": 0.0, "Total Cost": 17.99, "Plan Rows": 4, "Plan Width": 8, "Actual Startup Time": 628.013, "Actual Total Time": 628.013, "Actual Rows": 72593, "Actual Loops": 109197, "Index Cond": "(o_custkey = public.customer.c_custkey)", "Rows Removed by Index Recheck": 0}]}]}]}, "Triggers": [], "Planner Runtime": 0.762, "Total Runtime": 4555.366, "Unique SQL Id": 2798552886}}, "(16, 94)": {"explain_plan": {"Plan": {"Node Type": "Sort", "Startup Cost": 2444406.33, "Total Cost": 2444406.34, "Plan Rows": 1, "Plan Width": 40, "Sort Key": ["(\"substring\"((public.customer.c_phone)::text, 1, 2))"], "Plans": [{"Node Type": "Aggregate", "Strategy": "Plain", "Parent Relationship": "exec_init_plan", "Subplan Name": "InitPlan 1 (returns $0)", "Startup Cost": 76620.14, "Total Cost": 76620.15, "Plan Rows": 1, "Plan Width": 40, "Plans": [{"Node Type": "Seq Scan", "Parent Relationship": "Outer", "Relation Name": "customer", "Alias": "customer", "Startup Cost": 12.95, "Total Cost": 76501.0, "Plan Rows": 47655, "Plan Width": 8, "Filter": "((c_acctbal > 0::double precision) AND (\"substring\"((c_phone)::text, 1, 2) = ANY ('{20,40,22,30,39,42,21}'::text[])))"}]}, {"Node Type": "Aggregate", "Strategy": "Hashed", "Parent Relationship": "Outer", "Startup Cost": 2367786.16, "Total Cost": 2367786.17, "Plan Rows": 1, "Plan Width": 40, "Group By Key": ["\"substring\"((public.customer.c_phone)::text, 1, 2)"], "Plans": [{"Node Type": "Merge Join", "Parent Relationship": "Outer", "Join Type": "Anti", "Startup Cost": 2291966.69, "Total Cost": 2367786.15, "Plan Rows": 1, "Plan Width": 24, "Inner Unique": false, "Merge Cond": "(public.customer.c_custkey = orders.o_custkey)", "Plans": [{"Node Type": "Sort", "Parent Relationship": "Outer", "Startup Cost": 77734.32, "Total Cost": 77778.07, "Plan Rows": 17500, "Plan Width": 32, "Sort Key": ["public.customer.c_custkey"], "Plans": [{"Node Type": "Seq Scan", "Parent Relationship": "Outer", "Relation Name": "customer", "Alias": "customer", "Startup Cost": 0.0, "Total Cost": 76501.0, "Plan Rows": 17500, "Plan Width": 32, "Filter": "((c_acctbal > $0) AND (\"substring\"((c_phone)::text, 1, 2) = ANY ('{20,40,22,30,39,42,21}'::text[])))"}]}, {"Node Type": "Sort", "Parent Relationship": "Inner", "Startup Cost": 2214232.37, "Total Cost": 2251731.07, "Plan Rows": 14999479, "Plan Width": 8, "Sort Key": ["orders.o_custkey"], "Plans": [{"Node Type": "Seq Scan", "Parent Relationship": "Outer", "Relation Name": "orders", "Alias": "orders", "Startup Cost": 0.0, "Total Cost": 426413.79, "Plan Rows": 14999479, "Plan Width": 8}]}]}]}]}, "Unique SQL Id": 2798552886}, "explain_analyze_plan": null}, "(16, 95)": {"explain_plan": {"Plan": {"Node Type": "Sort", "Startup Cost": 3000141907840.95, "Total Cost": 3000141907840.95, "Plan Rows": 1, "Plan Width": 40, "Sort Key": ["(\"substring\"((public.customer.c_phone)::text, 1, 2))"], "Plans": [{"Node Type": "Aggregate", "Strategy": "Plain", "Parent Relationship": "exec_init_plan", "Subplan Name": "InitPlan 1 (returns $0)", "Startup Cost": 1000007650219.14, "Total Cost": 1000007650219.15, "Plan Rows": 1, "Plan Width": 40, "Plans": [{"Node Type": "Seq Scan", "Parent Relationship": "Outer", "Relation Name": "customer", "Alias": "customer", "Startup Cost": 10000000012.75, "Total Cost": 1000007650100.0, "Plan Rows": 47655, "Plan Width": 8, "Filter": "((c_acctbal > 0::double precision) AND (\"substring\"((c_phone)::text, 1, 2) = ANY ('{20,40,22,30,39,42,21}'::text[])))"}]}, {"Node Type": "Aggregate", "Strategy": "Hashed", "Parent Relationship": "Outer", "Startup Cost": 2000134257621.77, "Total Cost": 2000134257621.79, "Plan Rows": 1, "Plan Width": 40, "Group By Key": ["\"substring\"((public.customer.c_phone)::text, 1, 2)"], "Plans": [{"Node Type": "Merge Join", "Parent Relationship": "Outer", "Join Type": "Anti", "Startup Cost": 20000000000.0, "Total Cost": 2000134257621.77, "Plan Rows": 1, "Plan Width": 24, "Inner Unique": false, "Merge Cond": "(public.customer.c_custkey = orders.o_custkey)", "Plans": [{"Node Type": "Index Scan", "Parent Relationship": "Outer", "Scan Direction": "Forward", "Index Name": "customer_pkey", "Relation Name": "customer", "Alias": "customer", "Startup Cost": 10000000000.0, "Total Cost": 1000010514035.62, "Plan Rows": 17500, "Plan Width": 32, "Filter": "((c_acctbal > $0) AND (\"substring\"((c_phone)::text, 1, 2) = ANY ('{20,40,22,30,39,42,21}'::text[])))"}, {"Node Type": "Index Scan", "Parent Relationship": "Inner", "Scan Direction": "Forward", "Index Name": "idx_orders_custkey", "Relation Name": "orders", "Alias": "orders", "Startup Cost": 10000000000.0, "Total Cost": 1000156051529.08, "Plan Rows": 14999479, "Plan Width": 8}]}]}]}, "Unique SQL Id": 2798552886}, "explain_analyze_plan": null}, "(16, 96)": {"explain_plan": {"Plan": {"Node Type": "Sort", "Startup Cost": 178853.67, "Total Cost": 178853.67, "Plan Rows": 1, "Plan Width": 40, "Sort Key": ["(\"substring\"((public.customer.c_phone)::text, 1, 2))"], "Plans": [{"Node Type": "Aggregate", "Strategy": "Plain", "Parent Relationship": "exec_init_plan", "Subplan Name": "InitPlan 1 (returns $0)", "Startup Cost": 76620.14, "Total Cost": 76620.15, "Plan Rows": 1, "Plan Width": 40, "Plans": [{"Node Type": "Seq Scan", "Parent Relationship": "Outer", "Relation Name": "customer", "Alias": "customer", "Startup Cost": 12.95, "Total Cost": 76501.0, "Plan Rows": 47655, "Plan Width": 8, "Filter": "((c_acctbal > 0::double precision) AND (\"substring\"((c_phone)::text, 1, 2) = ANY ('{20,40,22,30,39,42,21}'::text[])))"}]}, {"Node Type": "Aggregate", "Strategy": "Hashed", "Parent Relationship": "Outer", "Startup Cost": 102233.49, "Total Cost": 102233.51, "Plan Rows": 1, "Plan Width": 40, "Group By Key": ["\"substring\"((public.customer.c_phone)::text, 1, 2)"], "Plans": [{"Node Type": "Nested Loop", "Parent Relationship": "Outer", "Join Type": "Anti", "Startup Cost": 0.0, "Total Cost": 102233.49, "Plan Rows": 1, "Plan Width": 24, "Inner Unique": false, "Plans": [{"Node Type": "Seq Scan", "Parent Relationship": "Outer", "Relation Name": "customer", "Alias": "customer", "Startup Cost": 0.0, "Total Cost": 76501.0, "Plan Rows": 17500, "Plan Width": 32, "Filter": "((c_acctbal > $0) AND (\"substring\"((c_phone)::text, 1, 2) = ANY ('{20,40,22,30,39,42,21}'::text[])))"}, {"Node Type": "Index Only Scan", "Parent Relationship": "Inner", "Scan Direction": "Forward", "Index Name": "idx_orders_custkey", "Relation Name": "orders", "Alias": "orders", "Startup Cost": 0.0, "Total Cost": 3.79, "Plan Rows": 4, "Plan Width": 8, "Index Cond": "(o_custkey = public.customer.c_custkey)"}]}]}]}, "Unique SQL Id": 2798552886}, "explain_analyze_plan": {"Plan": {"Node Type": "Sort", "Startup Cost": 178853.67, "Total Cost": 178853.67, "Plan Rows": 1, "Plan Width": 40, "Actual Startup Time": 3898.225, "Actual Total Time": 3898.226, "Actual Rows": 4, "Actual Loops": 1, "Sort Key": ["(\"substring\"((public.customer.c_phone)::text, 1, 2))"], "Sort Method": "quicksort", "Sort Space Used": 25, "Sort Space Type": "Memory", "Plans": [{"Node Type": "Aggregate", "Strategy": "Plain", "Parent Relationship": "exec_init_plan", "Subplan Name": "InitPlan 1 (returns $0)", "Startup Cost": 76620.14, "Total Cost": 76620.15, "Plan Rows": 1, "Plan Width": 40, "Actual Startup Time": 1993.797, "Actual Total Time": 1993.797, "Actual Rows": 1, "Actual Loops": 1, "Plans": [{"Node Type": "Seq Scan", "Parent Relationship": "Outer", "Relation Name": "customer", "Alias": "customer", "Startup Cost": 12.95, "Total Cost": 76501.0, "Plan Rows": 47655, "Plan Width": 8, "Actual Startup Time": 0.028, "Actual Total Time": 1898.824, "Actual Rows": 218121, "Actual Loops": 1, "Filter": "((c_acctbal > 0::double precision) AND (\"substring\"((c_phone)::text, 1, 2) = ANY ('{20,40,22,30,39,42,21}'::text[])))", "Rows Removed by Filter": 1281879}]}, {"Node Type": "Aggregate", "Strategy": "Hashed", "Parent Relationship": "Outer", "Startup Cost": 102233.49, "Total Cost": 102233.51, "Plan Rows": 1, "Plan Width": 40, "Actual Startup Time": 3898.192, "Actual Total Time": 3898.195, "Actual Rows": 4, "Actual Loops": 1, "Group By Key": ["\"substring\"((public.customer.c_phone)::text, 1, 2)"], "Plans": [{"Node Type": "Nested Loop", "Parent Relationship": "Outer", "Join Type": "Anti", "Startup Cost": 0.0, "Total Cost": 102233.49, "Plan Rows": 1, "Plan Width": 24, "Actual Startup Time": 1994.027, "Actual Total Time": 3875.509, "Actual Rows": 36604, "Actual Loops": 1, "Inner Unique": false, "Plans": [{"Node Type": "Seq Scan", "Parent Relationship": "Outer", "Relation Name": "customer", "Alias": "customer", "Startup Cost": 0.0, "Total Cost": 76501.0, "Plan Rows": 17500, "Plan Width": 32, "Actual Startup Time": 1993.955, "Actual Total Time": 3288.893, "Actual Rows": 109197, "Actual Loops": 1, "Filter": "((c_acctbal > $0) AND (\"substring\"((c_phone)::text, 1, 2) = ANY ('{20,40,22,30,39,42,21}'::text[])))", "Rows Removed by Filter": 1390803}, {"Node Type": "Index Only Scan", "Parent Relationship": "Inner", "Scan Direction": "Forward", "Index Name": "idx_orders_custkey", "Relation Name": "orders", "Alias": "orders", "Startup Cost": 0.0, "Total Cost": 3.79, "Plan Rows": 4, "Plan Width": 8, "Actual Startup Time": 484.426, "Actual Total Time": 484.426, "Actual Rows": 72593, "Actual Loops": 109197, "Index Cond": "(o_custkey = public.customer.c_custkey)", "Rows Removed by Index Recheck": 0, "Heap Fetches": 0}]}]}]}, "Triggers": [], "Planner Runtime": 0.759, "Total Runtime": 3898.474, "Unique SQL Id": 2798552886}}, "(16, 97)": {"explain_plan": {"Plan": {"Node Type": "Sort", "Startup Cost": 1000007781092.03, "Total Cost": 1000007781092.03, "Plan Rows": 1, "Plan Width": 40, "Sort Key": ["(\"substring\"((public.customer.c_phone)::text, 1, 2))"], "Plans": [{"Node Type": "Aggregate", "Strategy": "Plain", "Parent Relationship": "exec_init_plan", "Subplan Name": "InitPlan 1 (returns $0)", "Startup Cost": 1000007650219.14, "Total Cost": 1000007650219.15, "Plan Rows": 1, "Plan Width": 40, "Plans": [{"Node Type": "Seq Scan", "Parent Relationship": "Outer", "Relation Name": "customer", "Alias": "customer", "Startup Cost": 10000000012.75, "Total Cost": 1000007650100.0, "Plan Rows": 47655, "Plan Width": 8, "Filter": "((c_acctbal > 0::double precision) AND (\"substring\"((c_phone)::text, 1, 2) = ANY ('{20,40,22,30,39,42,21}'::text[])))"}]}, {"Node Type": "Aggregate", "Strategy": "Hashed", "Parent Relationship": "Outer", "Startup Cost": 130872.85, "Total Cost": 130872.87, "Plan Rows": 1, "Plan Width": 40, "Group By Key": ["\"substring\"((public.customer.c_phone)::text, 1, 2)"], "Plans": [{"Node Type": "Nested Loop", "Parent Relationship": "Outer", "Join Type": "Anti", "Startup Cost": 0.0, "Total Cost": 130872.84, "Plan Rows": 1, "Plan Width": 24, "Inner Unique": false, "Plans": [{"Node Type": "Index Scan", "Parent Relationship": "Outer", "Scan Direction": "Forward", "Index Name": "customer_pkey", "Relation Name": "customer", "Alias": "customer", "Startup Cost": 0.0, "Total Cost": 105140.36, "Plan Rows": 17500, "Plan Width": 32, "Filter": "((c_acctbal > $0) AND (\"substring\"((c_phone)::text, 1, 2) = ANY ('{20,40,22,30,39,42,21}'::text[])))"}, {"Node Type": "Index Only Scan", "Parent Relationship": "Inner", "Scan Direction": "Forward", "Index Name": "idx_orders_custkey", "Relation Name": "orders", "Alias": "orders", "Startup Cost": 0.0, "Total Cost": 3.79, "Plan Rows": 4, "Plan Width": 8, "Index Cond": "(o_custkey = public.customer.c_custkey)"}]}]}]}, "Unique SQL Id": 2798552886}, "explain_analyze_plan": {"Plan": {"Node Type": "Sort", "Startup Cost": 1000007781092.03, "Total Cost": 1000007781092.03, "Plan Rows": 1, "Plan Width": 40, "Actual Startup Time": 4538.566, "Actual Total Time": 4538.567, "Actual Rows": 4, "Actual Loops": 1, "Sort Key": ["(\"substring\"((public.customer.c_phone)::text, 1, 2))"], "Sort Method": "quicksort", "Sort Space Used": 25, "Sort Space Type": "Memory", "Plans": [{"Node Type": "Aggregate", "Strategy": "Plain", "Parent Relationship": "exec_init_plan", "Subplan Name": "InitPlan 1 (returns $0)", "Startup Cost": 1000007650219.14, "Total Cost": 1000007650219.15, "Plan Rows": 1, "Plan Width": 40, "Actual Startup Time": 2004.286, "Actual Total Time": 2004.287, "Actual Rows": 1, "Actual Loops": 1, "Plans": [{"Node Type": "Seq Scan", "Parent Relationship": "Outer", "Relation Name": "customer", "Alias": "customer", "Startup Cost": 10000000012.75, "Total Cost": 1000007650100.0, "Plan Rows": 47655, "Plan Width": 8, "Actual Startup Time": 0.036, "Actual Total Time": 1908.298, "Actual Rows": 218121, "Actual Loops": 1, "Filter": "((c_acctbal > 0::double precision) AND (\"substring\"((c_phone)::text, 1, 2) = ANY ('{20,40,22,30,39,42,21}'::text[])))", "Rows Removed by Filter": 1281879}]}, {"Node Type": "Aggregate", "Strategy": "Hashed", "Parent Relationship": "Outer", "Startup Cost": 130872.85, "Total Cost": 130872.87, "Plan Rows": 1, "Plan Width": 40, "Actual Startup Time": 4538.513, "Actual Total Time": 4538.515, "Actual Rows": 4, "Actual Loops": 1, "Group By Key": ["\"substring\"((public.customer.c_phone)::text, 1, 2)"], "Plans": [{"Node Type": "Nested Loop", "Parent Relationship": "Outer", "Join Type": "Anti", "Startup Cost": 0.0, "Total Cost": 130872.84, "Plan Rows": 1, "Plan Width": 24, "Actual Startup Time": 2004.513, "Actual Total Time": 4515.757, "Actual Rows": 36604, "Actual Loops": 1, "Inner Unique": false, "Plans": [{"Node Type": "Index Scan", "Parent Relationship": "Outer", "Scan Direction": "Forward", "Index Name": "customer_pkey", "Relation Name": "customer", "Alias": "customer", "Startup Cost": 0.0, "Total Cost": 105140.36, "Plan Rows": 17500, "Plan Width": 32, "Actual Startup Time": 2004.451, "Actual Total Time": 3936.374, "Actual Rows": 109197, "Actual Loops": 1, "Filter": "((c_acctbal > $0) AND (\"substring\"((c_phone)::text, 1, 2) = ANY ('{20,40,22,30,39,42,21}'::text[])))", "Rows Removed by Filter": 1390803}, {"Node Type": "Index Only Scan", "Parent Relationship": "Inner", "Scan Direction": "Forward", "Index Name": "idx_orders_custkey", "Relation Name": "orders", "Alias": "orders", "Startup Cost": 0.0, "Total Cost": 3.79, "Plan Rows": 4, "Plan Width": 8, "Actual Startup Time": 476.552, "Actual Total Time": 476.552, "Actual Rows": 72593, "Actual Loops": 109197, "Index Cond": "(o_custkey = public.customer.c_custkey)", "Rows Removed by Index Recheck": 0, "Heap Fetches": 0}]}]}]}, "Triggers": [], "Planner Runtime": 0.761, "Total Runtime": 4538.756, "Unique SQL Id": 2798552886}}, "(16, 98)": {"explain_plan": {"Plan": {"Node Type": "Sort", "Startup Cost": 326543.88, "Total Cost": 326543.89, "Plan Rows": 1, "Plan Width": 40, "Sort Key": ["(\"substring\"((public.customer.c_phone)::text, 1, 2))"], "Plans": [{"Node Type": "Aggregate", "Strategy": "Plain", "Parent Relationship": "exec_init_plan", "Subplan Name": "InitPlan 1 (returns $0)", "Startup Cost": 76620.14, "Total Cost": 76620.15, "Plan Rows": 1, "Plan Width": 40, "Plans": [{"Node Type": "Seq Scan", "Parent Relationship": "Outer", "Relation Name": "customer", "Alias": "customer", "Startup Cost": 12.95, "Total Cost": 76501.0, "Plan Rows": 47655, "Plan Width": 8, "Filter": "((c_acctbal > 0::double precision) AND (\"substring\"((c_phone)::text, 1, 2) = ANY ('{20,40,22,30,39,42,21}'::text[])))"}]}, {"Node Type": "Aggregate", "Strategy": "Hashed", "Parent Relationship": "Outer", "Startup Cost": 249923.71, "Total Cost": 249923.72, "Plan Rows": 1, "Plan Width": 40, "Group By Key": ["\"substring\"((public.customer.c_phone)::text, 1, 2)"], "Plans": [{"Node Type": "Nested Loop", "Parent Relationship": "Outer", "Join Type": "Anti", "Startup Cost": 3.75, "Total Cost": 249923.7, "Plan Rows": 1, "Plan Width": 24, "Inner Unique": false, "Plans": [{"Node Type": "Seq Scan", "Parent Relationship": "Outer", "Relation Name": "customer", "Alias": "customer", "Startup Cost": 0.0, "Total Cost": 76501.0, "Plan Rows": 17500, "Plan Width": 32, "Filter": "((c_acctbal > $0) AND (\"substring\"((c_phone)::text, 1, 2) = ANY ('{20,40,22,30,39,42,21}'::text[])))"}, {"Node Type": "Bitmap Heap Scan", "Parent Relationship": "Inner", "Relation Name": "orders", "Alias": "orders", "Startup Cost": 3.75, "Total Cost": 19.76, "Plan Rows": 4, "Plan Width": 8, "Recheck Cond": "(o_custkey = public.customer.c_custkey)", "Plans": [{"Node Type": "Bitmap Index Scan", "Parent Relationship": "Outer", "Index Name": "idx_orders_custkey", "Startup Cost": 0.0, "Total Cost": 3.75, "Plan Rows": 4, "Plan Width": 0, "Index Cond": "(o_custkey = public.customer.c_custkey)"}]}]}]}]}, "Unique SQL Id": 2798552886}, "explain_analyze_plan": {"Plan": {"Node Type": "Sort", "Startup Cost": 326543.88, "Total Cost": 326543.89, "Plan Rows": 1, "Plan Width": 40, "Actual Startup Time": 4492.233, "Actual Total Time": 4492.235, "Actual Rows": 4, "Actual Loops": 1, "Sort Key": ["(\"substring\"((public.customer.c_phone)::text, 1, 2))"], "Sort Method": "quicksort", "Sort Space Used": 25, "Sort Space Type": "Memory", "Plans": [{"Node Type": "Aggregate", "Strategy": "Plain", "Parent Relationship": "exec_init_plan", "Subplan Name": "InitPlan 1 (returns $0)", "Startup Cost": 76620.14, "Total Cost": 76620.15, "Plan Rows": 1, "Plan Width": 40, "Actual Startup Time": 1991.263, "Actual Total Time": 1991.264, "Actual Rows": 1, "Actual Loops": 1, "Plans": [{"Node Type": "Seq Scan", "Parent Relationship": "Outer", "Relation Name": "customer", "Alias": "customer", "Startup Cost": 12.95, "Total Cost": 76501.0, "Plan Rows": 47655, "Plan Width": 8, "Actual Startup Time": 0.029, "Actual Total Time": 1896.473, "Actual Rows": 218121, "Actual Loops": 1, "Filter": "((c_acctbal > 0::double precision) AND (\"substring\"((c_phone)::text, 1, 2) = ANY ('{20,40,22,30,39,42,21}'::text[])))", "Rows Removed by Filter": 1281879}]}, {"Node Type": "Aggregate", "Strategy": "Hashed", "Parent Relationship": "Outer", "Startup Cost": 249923.71, "Total Cost": 249923.72, "Plan Rows": 1, "Plan Width": 40, "Actual Startup Time": 4492.108, "Actual Total Time": 4492.121, "Actual Rows": 4, "Actual Loops": 1, "Group By Key": ["\"substring\"((public.customer.c_phone)::text, 1, 2)"], "Plans": [{"Node Type": "Nested Loop", "Parent Relationship": "Outer", "Join Type": "Anti", "Startup Cost": 3.75, "Total Cost": 249923.7, "Plan Rows": 1, "Plan Width": 24, "Actual Startup Time": 1991.407, "Actual Total Time": 4465.33, "Actual Rows": 36604, "Actual Loops": 1, "Inner Unique": false, "Plans": [{"Node Type": "Seq Scan", "Parent Relationship": "Outer", "Relation Name": "customer", "Alias": "customer", "Startup Cost": 0.0, "Total Cost": 76501.0, "Plan Rows": 17500, "Plan Width": 32, "Actual Startup Time": 1991.334, "Actual Total Time": 3313.189, "Actual Rows": 109197, "Actual Loops": 1, "Filter": "((c_acctbal > $0) AND (\"substring\"((c_phone)::text, 1, 2) = ANY ('{20,40,22,30,39,42,21}'::text[])))", "Rows Removed by Filter": 1390803}, {"Node Type": "Bitmap Heap Scan", "Parent Relationship": "Inner", "Relation Name": "orders", "Alias": "orders", "Startup Cost": 3.75, "Total Cost": 19.76, "Plan Rows": 4, "Plan Width": 8, "Actual Startup Time": 965.354, "Actual Total Time": 965.354, "Actual Rows": 72593, "Actual Loops": 109197, "Recheck Cond": "(o_custkey = public.customer.c_custkey)", "Rows Removed by Index Recheck": 0, "Exact Heap Blocks": 72593, "Lossy Heap Blocks": 72593, "Plans": [{"Node Type": "Bitmap Index Scan", "Parent Relationship": "Outer", "Index Name": "idx_orders_custkey", "Startup Cost": 0.0, "Total Cost": 3.75, "Plan Rows": 4, "Plan Width": 0, "Actual Startup Time": 601.574, "Actual Total Time": 601.574, "Actual Rows": 1091631, "Actual Loops": 109197, "Index Cond": "(o_custkey = public.customer.c_custkey)"}]}]}]}]}, "Triggers": [], "Planner Runtime": 0.755, "Total Runtime": 4492.429, "Unique SQL Id": 2798552886}}, "(16, 99)": {"explain_plan": {"Plan": {"Node Type": "Sort", "Startup Cost": 2000018337677.51, "Total Cost": 2000018337677.51, "Plan Rows": 1, "Plan Width": 40, "Sort Key": ["(\"substring\"((public.customer.c_phone)::text, 1, 2))"], "Plans": [{"Node Type": "Aggregate", "Strategy": "Plain", "Parent Relationship": "exec_init_plan", "Subplan Name": "InitPlan 1 (returns $0)", "Startup Cost": 1000007650219.14, "Total Cost": 1000007650219.15, "Plan Rows": 1, "Plan Width": 40, "Plans": [{"Node Type": "Seq Scan", "Parent Relationship": "Outer", "Relation Name": "customer", "Alias": "customer", "Startup Cost": 10000000012.75, "Total Cost": 1000007650100.0, "Plan Rows": 47655, "Plan Width": 8, "Filter": "((c_acctbal > 0::double precision) AND (\"substring\"((c_phone)::text, 1, 2) = ANY ('{20,40,22,30,39,42,21}'::text[])))"}]}, {"Node Type": "Aggregate", "Strategy": "Hashed", "Parent Relationship": "Outer", "Startup Cost": 1000010687458.33, "Total Cost": 1000010687458.35, "Plan Rows": 1, "Plan Width": 40, "Group By Key": ["\"substring\"((public.customer.c_phone)::text, 1, 2)"], "Plans": [{"Node Type": "Nested Loop", "Parent Relationship": "Outer", "Join Type": "Anti", "Startup Cost": 10000000003.75, "Total Cost": 1000010687458.32, "Plan Rows": 1, "Plan Width": 24, "Inner Unique": false, "Plans": [{"Node Type": "Index Scan", "Parent Relationship": "Outer", "Scan Direction": "Forward", "Index Name": "customer_pkey", "Relation Name": "customer", "Alias": "customer", "Startup Cost": 10000000000.0, "Total Cost": 1000010514035.62, "Plan Rows": 17500, "Plan Width": 32, "Filter": "((c_acctbal > $0) AND (\"substring\"((c_phone)::text, 1, 2) = ANY ('{20,40,22,30,39,42,21}'::text[])))"}, {"Node Type": "Bitmap Heap Scan", "Parent Relationship": "Inner", "Relation Name": "orders", "Alias": "orders", "Startup Cost": 3.75, "Total Cost": 19.76, "Plan Rows": 4, "Plan Width": 8, "Recheck Cond": "(o_custkey = public.customer.c_custkey)", "Plans": [{"Node Type": "Bitmap Index Scan", "Parent Relationship": "Outer", "Index Name": "idx_orders_custkey", "Startup Cost": 0.0, "Total Cost": 3.75, "Plan Rows": 4, "Plan Width": 0, "Index Cond": "(o_custkey = public.customer.c_custkey)"}]}]}]}]}, "Unique SQL Id": 2798552886}, "explain_analyze_plan": {"Plan": {"Node Type": "Sort", "Startup Cost": 2000018337677.51, "Total Cost": 2000018337677.51, "Plan Rows": 1, "Plan Width": 40, "Actual Startup Time": 5045.7, "Actual Total Time": 5045.7, "Actual Rows": 4, "Actual Loops": 1, "Sort Key": ["(\"substring\"((public.customer.c_phone)::text, 1, 2))"], "Sort Method": "quicksort", "Sort Space Used": 25, "Sort Space Type": "Memory", "Plans": [{"Node Type": "Aggregate", "Strategy": "Plain", "Parent Relationship": "exec_init_plan", "Subplan Name": "InitPlan 1 (returns $0)", "Startup Cost": 1000007650219.14, "Total Cost": 1000007650219.15, "Plan Rows": 1, "Plan Width": 40, "Actual Startup Time": 1994.893, "Actual Total Time": 1994.893, "Actual Rows": 1, "Actual Loops": 1, "Plans": [{"Node Type": "Seq Scan", "Parent Relationship": "Outer", "Relation Name": "customer", "Alias": "customer", "Startup Cost": 10000000012.75, "Total Cost": 1000007650100.0, "Plan Rows": 47655, "Plan Width": 8, "Actual Startup Time": 0.036, "Actual Total Time": 1899.86, "Actual Rows": 218121, "Actual Loops": 1, "Filter": "((c_acctbal > 0::double precision) AND (\"substring\"((c_phone)::text, 1, 2) = ANY ('{20,40,22,30,39,42,21}'::text[])))", "Rows Removed by Filter": 1281879}]}, {"Node Type": "Aggregate", "Strategy": "Hashed", "Parent Relationship": "Outer", "Startup Cost": 1000010687458.33, "Total Cost": 1000010687458.35, "Plan Rows": 1, "Plan Width": 40, "Actual Startup Time": 5045.657, "Actual Total Time": 5045.657, "Actual Rows": 4, "Actual Loops": 1, "Group By Key": ["\"substring\"((public.customer.c_phone)::text, 1, 2)"], "Plans": [{"Node Type": "Nested Loop", "Parent Relationship": "Outer", "Join Type": "Anti", "Startup Cost": 10000000003.75, "Total Cost": 1000010687458.32, "Plan Rows": 1, "Plan Width": 24, "Actual Startup Time": 1995.077, "Actual Total Time": 5019.031, "Actual Rows": 36604, "Actual Loops": 1, "Inner Unique": false, "Plans": [{"Node Type": "Index Scan", "Parent Relationship": "Outer", "Scan Direction": "Forward", "Index Name": "customer_pkey", "Relation Name": "customer", "Alias": "customer", "Startup Cost": 10000000000.0, "Total Cost": 1000010514035.62, "Plan Rows": 17500, "Plan Width": 32, "Actual Startup Time": 1995.001, "Actual Total Time": 3864.643, "Actual Rows": 109197, "Actual Loops": 1, "Filter": "((c_acctbal > $0) AND (\"substring\"((c_phone)::text, 1, 2) = ANY ('{20,40,22,30,39,42,21}'::text[])))", "Rows Removed by Filter": 1390803}, {"Node Type": "Bitmap Heap Scan", "Parent Relationship": "Inner", "Relation Name": "orders", "Alias": "orders", "Startup Cost": 3.75, "Total Cost": 19.76, "Plan Rows": 4, "Plan Width": 8, "Actual Startup Time": 963.288, "Actual Total Time": 963.288, "Actual Rows": 72593, "Actual Loops": 109197, "Recheck Cond": "(o_custkey = public.customer.c_custkey)", "Rows Removed by Index Recheck": 0, "Exact Heap Blocks": 72593, "Lossy Heap Blocks": 72593, "Plans": [{"Node Type": "Bitmap Index Scan", "Parent Relationship": "Outer", "Index Name": "idx_orders_custkey", "Startup Cost": 0.0, "Total Cost": 3.75, "Plan Rows": 4, "Plan Width": 0, "Actual Startup Time": 588.006, "Actual Total Time": 588.006, "Actual Rows": 1091631, "Actual Loops": 109197, "Index Cond": "(o_custkey = public.customer.c_custkey)"}]}]}]}]}, "Triggers": [], "Planner Runtime": 0.768, "Total Runtime": 5045.883, "Unique SQL Id": 2798552886}}, "(16, 100)": {"explain_plan": {"Plan": {"Node Type": "Sort", "Startup Cost": 274230.79, "Total Cost": 274230.8, "Plan Rows": 1, "Plan Width": 40, "Sort Key": ["(\"substring\"((public.customer.c_phone)::text, 1, 2))"], "Plans": [{"Node Type": "Aggregate", "Strategy": "Plain", "Parent Relationship": "exec_init_plan", "Subplan Name": "InitPlan 1 (returns $0)", "Startup Cost": 76620.14, "Total Cost": 76620.15, "Plan Rows": 1, "Plan Width": 40, "Plans": [{"Node Type": "Seq Scan", "Parent Relationship": "Outer", "Relation Name": "customer", "Alias": "customer", "Startup Cost": 12.95, "Total Cost": 76501.0, "Plan Rows": 47655, "Plan Width": 8, "Filter": "((c_acctbal > 0::double precision) AND (\"substring\"((c_phone)::text, 1, 2) = ANY ('{20,40,22,30,39,42,21}'::text[])))"}]}, {"Node Type": "Aggregate", "Strategy": "Hashed", "Parent Relationship": "Outer", "Startup Cost": 197610.62, "Total Cost": 197610.63, "Plan Rows": 1, "Plan Width": 40, "Group By Key": ["\"substring\"((public.customer.c_phone)::text, 1, 2)"], "Plans": [{"Node Type": "Nested Loop", "Parent Relationship": "Outer", "Join Type": "Anti", "Startup Cost": 0.0, "Total Cost": 197610.61, "Plan Rows": 1, "Plan Width": 24, "Inner Unique": false, "Plans": [{"Node Type": "Seq Scan", "Parent Relationship": "Outer", "Relation Name": "customer", "Alias": "customer", "Startup Cost": 0.0, "Total Cost": 76501.0, "Plan Rows": 17500, "Plan Width": 32, "Filter": "((c_acctbal > $0) AND (\"substring\"((c_phone)::text, 1, 2) = ANY ('{20,40,22,30,39,42,21}'::text[])))"}, {"Node Type": "Index Scan", "Parent Relationship": "Inner", "Scan Direction": "Forward", "Index Name": "idx_orders_custkey", "Relation Name": "orders", "Alias": "orders", "Startup Cost": 0.0, "Total Cost": 17.99, "Plan Rows": 4, "Plan Width": 8, "Index Cond": "(o_custkey = public.customer.c_custkey)"}]}]}]}, "Unique SQL Id": 2798552886}, "explain_analyze_plan": {"Plan": {"Node Type": "Sort", "Startup Cost": 274230.79, "Total Cost": 274230.8, "Plan Rows": 1, "Plan Width": 40, "Actual Startup Time": 4031.791, "Actual Total Time": 4031.792, "Actual Rows": 4, "Actual Loops": 1, "Sort Key": ["(\"substring\"((public.customer.c_phone)::text, 1, 2))"], "Sort Method": "quicksort", "Sort Space Used": 25, "Sort Space Type": "Memory", "Plans": [{"Node Type": "Aggregate", "Strategy": "Plain", "Parent Relationship": "exec_init_plan", "Subplan Name": "InitPlan 1 (returns $0)", "Startup Cost": 76620.14, "Total Cost": 76620.15, "Plan Rows": 1, "Plan Width": 40, "Actual Startup Time": 1993.693, "Actual Total Time": 1993.694, "Actual Rows": 1, "Actual Loops": 1, "Plans": [{"Node Type": "Seq Scan", "Parent Relationship": "Outer", "Relation Name": "customer", "Alias": "customer", "Startup Cost": 12.95, "Total Cost": 76501.0, "Plan Rows": 47655, "Plan Width": 8, "Actual Startup Time": 0.034, "Actual Total Time": 1897.714, "Actual Rows": 218121, "Actual Loops": 1, "Filter": "((c_acctbal > 0::double precision) AND (\"substring\"((c_phone)::text, 1, 2) = ANY ('{20,40,22,30,39,42,21}'::text[])))", "Rows Removed by Filter": 1281879}]}, {"Node Type": "Aggregate", "Strategy": "Hashed", "Parent Relationship": "Outer", "Startup Cost": 197610.62, "Total Cost": 197610.63, "Plan Rows": 1, "Plan Width": 40, "Actual Startup Time": 4031.76, "Actual Total Time": 4031.761, "Actual Rows": 4, "Actual Loops": 1, "Group By Key": ["\"substring\"((public.customer.c_phone)::text, 1, 2)"], "Plans": [{"Node Type": "Nested Loop", "Parent Relationship": "Outer", "Join Type": "Anti", "Startup Cost": 0.0, "Total Cost": 197610.61, "Plan Rows": 1, "Plan Width": 24, "Actual Startup Time": 1993.926, "Actual Total Time": 4008.675, "Actual Rows": 36604, "Actual Loops": 1, "Inner Unique": false, "Plans": [{"Node Type": "Seq Scan", "Parent Relationship": "Outer", "Relation Name": "customer", "Alias": "customer", "Startup Cost": 0.0, "Total Cost": 76501.0, "Plan Rows": 17500, "Plan Width": 32, "Actual Startup Time": 1993.871, "Actual Total Time": 3286.163, "Actual Rows": 109197, "Actual Loops": 1, "Filter": "((c_acctbal > $0) AND (\"substring\"((c_phone)::text, 1, 2) = ANY ('{20,40,22,30,39,42,21}'::text[])))", "Rows Removed by Filter": 1390803}, {"Node Type": "Index Scan", "Parent Relationship": "Inner", "Scan Direction": "Forward", "Index Name": "idx_orders_custkey", "Relation Name": "orders", "Alias": "orders", "Startup Cost": 0.0, "Total Cost": 17.99, "Plan Rows": 4, "Plan Width": 8, "Actual Startup Time": 615.26, "Actual Total Time": 615.26, "Actual Rows": 72593, "Actual Loops": 109197, "Index Cond": "(o_custkey = public.customer.c_custkey)", "Rows Removed by Index Recheck": 0}]}]}]}, "Triggers": [], "Planner Runtime": 0.724, "Total Runtime": 4031.974, "Unique SQL Id": 2798552886}}, "(16, 101)": {"explain_plan": {"Plan": {"Node Type": "Sort", "Startup Cost": 1000007876469.15, "Total Cost": 1000007876469.15, "Plan Rows": 1, "Plan Width": 40, "Sort Key": ["(\"substring\"((public.customer.c_phone)::text, 1, 2))"], "Plans": [{"Node Type": "Aggregate", "Strategy": "Plain", "Parent Relationship": "exec_init_plan", "Subplan Name": "InitPlan 1 (returns $0)", "Startup Cost": 1000007650219.14, "Total Cost": 1000007650219.15, "Plan Rows": 1, "Plan Width": 40, "Plans": [{"Node Type": "Seq Scan", "Parent Relationship": "Outer", "Relation Name": "customer", "Alias": "customer", "Startup Cost": 10000000012.75, "Total Cost": 1000007650100.0, "Plan Rows": 47655, "Plan Width": 8, "Filter": "((c_acctbal > 0::double precision) AND (\"substring\"((c_phone)::text, 1, 2) = ANY ('{20,40,22,30,39,42,21}'::text[])))"}]}, {"Node Type": "Aggregate", "Strategy": "Hashed", "Parent Relationship": "Outer", "Startup Cost": 226249.97, "Total Cost": 226249.99, "Plan Rows": 1, "Plan Width": 40, "Group By Key": ["\"substring\"((public.customer.c_phone)::text, 1, 2)"], "Plans": [{"Node Type": "Nested Loop", "Parent Relationship": "Outer", "Join Type": "Anti", "Startup Cost": 0.0, "Total Cost": 226249.97, "Plan Rows": 1, "Plan Width": 24, "Inner Unique": false, "Plans": [{"Node Type": "Index Scan", "Parent Relationship": "Outer", "Scan Direction": "Forward", "Index Name": "customer_pkey", "Relation Name": "customer", "Alias": "customer", "Startup Cost": 0.0, "Total Cost": 105140.36, "Plan Rows": 17500, "Plan Width": 32, "Filter": "((c_acctbal > $0) AND (\"substring\"((c_phone)::text, 1, 2) = ANY ('{20,40,22,30,39,42,21}'::text[])))"}, {"Node Type": "Index Scan", "Parent Relationship": "Inner", "Scan Direction": "Forward", "Index Name": "idx_orders_custkey", "Relation Name": "orders", "Alias": "orders", "Startup Cost": 0.0, "Total Cost": 17.99, "Plan Rows": 4, "Plan Width": 8, "Index Cond": "(o_custkey = public.customer.c_custkey)"}]}]}]}, "Unique SQL Id": 2798552886}, "explain_analyze_plan": {"Plan": {"Node Type": "Sort", "Startup Cost": 1000007876469.15, "Total Cost": 1000007876469.15, "Plan Rows": 1, "Plan Width": 40, "Actual Startup Time": 4555.194, "Actual Total Time": 4555.195, "Actual Rows": 4, "Actual Loops": 1, "Sort Key": ["(\"substring\"((public.customer.c_phone)::text, 1, 2))"], "Sort Method": "quicksort", "Sort Space Used": 25, "Sort Space Type": "Memory", "Plans": [{"Node Type": "Aggregate", "Strategy": "Plain", "Parent Relationship": "exec_init_plan", "Subplan Name": "InitPlan 1 (returns $0)", "Startup Cost": 1000007650219.14, "Total Cost": 1000007650219.15, "Plan Rows": 1, "Plan Width": 40, "Actual Startup Time": 2007.503, "Actual Total Time": 2007.503, "Actual Rows": 1, "Actual Loops": 1, "Plans": [{"Node Type": "Seq Scan", "Parent Relationship": "Outer", "Relation Name": "customer", "Alias": "customer", "Startup Cost": 10000000012.75, "Total Cost": 1000007650100.0, "Plan Rows": 47655, "Plan Width": 8, "Actual Startup Time": 0.039, "Actual Total Time": 1912.456, "Actual Rows": 218121, "Actual Loops": 1, "Filter": "((c_acctbal > 0::double precision) AND (\"substring\"((c_phone)::text, 1, 2) = ANY ('{20,40,22,30,39,42,21}'::text[])))", "Rows Removed by Filter": 1281879}]}, {"Node Type": "Aggregate", "Strategy": "Hashed", "Parent Relationship": "Outer", "Startup Cost": 226249.97, "Total Cost": 226249.99, "Plan Rows": 1, "Plan Width": 40, "Actual Startup Time": 4555.155, "Actual Total Time": 4555.158, "Actual Rows": 4, "Actual Loops": 1, "Group By Key": ["\"substring\"((public.customer.c_phone)::text, 1, 2)"], "Plans": [{"Node Type": "Nested Loop", "Parent Relationship": "Outer", "Join Type": "Anti", "Startup Cost": 0.0, "Total Cost": 226249.97, "Plan Rows": 1, "Plan Width": 24, "Actual Startup Time": 2007.614, "Actual Total Time": 4531.932, "Actual Rows": 36604, "Actual Loops": 1, "Inner Unique": false, "Plans": [{"Node Type": "Index Scan", "Parent Relationship": "Outer", "Scan Direction": "Forward", "Index Name": "customer_pkey", "Relation Name": "customer", "Alias": "customer", "Startup Cost": 0.0, "Total Cost": 105140.36, "Plan Rows": 17500, "Plan Width": 32, "Actual Startup Time": 2007.576, "Actual Total Time": 3796.184, "Actual Rows": 109197, "Actual Loops": 1, "Filter": "((c_acctbal > $0) AND (\"substring\"((c_phone)::text, 1, 2) = ANY ('{20,40,22,30,39,42,21}'::text[])))", "Rows Removed by Filter": 1390803}, {"Node Type": "Index Scan", "Parent Relationship": "Inner", "Scan Direction": "Forward", "Index Name": "idx_orders_custkey", "Relation Name": "orders", "Alias": "orders", "Startup Cost": 0.0, "Total Cost": 17.99, "Plan Rows": 4, "Plan Width": 8, "Actual Startup Time": 628.013, "Actual Total Time": 628.013, "Actual Rows": 72593, "Actual Loops": 109197, "Index Cond": "(o_custkey = public.customer.c_custkey)", "Rows Removed by Index Recheck": 0}]}]}]}, "Triggers": [], "Planner Runtime": 0.762, "Total Runtime": 4555.366, "Unique SQL Id": 2798552886}}, "(16, 102)": {"explain_plan": {"Plan": {"Node Type": "Sort", "Startup Cost": 326543.88, "Total Cost": 326543.89, "Plan Rows": 1, "Plan Width": 40, "Sort Key": ["(\"substring\"((public.customer.c_phone)::text, 1, 2))"], "Plans": [{"Node Type": "Aggregate", "Strategy": "Plain", "Parent Relationship": "exec_init_plan", "Subplan Name": "InitPlan 1 (returns $0)", "Startup Cost": 76620.14, "Total Cost": 76620.15, "Plan Rows": 1, "Plan Width": 40, "Plans": [{"Node Type": "Seq Scan", "Parent Relationship": "Outer", "Relation Name": "customer", "Alias": "customer", "Startup Cost": 12.95, "Total Cost": 76501.0, "Plan Rows": 47655, "Plan Width": 8, "Filter": "((c_acctbal > 0::double precision) AND (\"substring\"((c_phone)::text, 1, 2) = ANY ('{20,40,22,30,39,42,21}'::text[])))"}]}, {"Node Type": "Aggregate", "Strategy": "Hashed", "Parent Relationship": "Outer", "Startup Cost": 249923.71, "Total Cost": 249923.72, "Plan Rows": 1, "Plan Width": 40, "Group By Key": ["\"substring\"((public.customer.c_phone)::text, 1, 2)"], "Plans": [{"Node Type": "Nested Loop", "Parent Relationship": "Outer", "Join Type": "Anti", "Startup Cost": 3.75, "Total Cost": 249923.7, "Plan Rows": 1, "Plan Width": 24, "Inner Unique": false, "Plans": [{"Node Type": "Seq Scan", "Parent Relationship": "Outer", "Relation Name": "customer", "Alias": "customer", "Startup Cost": 0.0, "Total Cost": 76501.0, "Plan Rows": 17500, "Plan Width": 32, "Filter": "((c_acctbal > $0) AND (\"substring\"((c_phone)::text, 1, 2) = ANY ('{20,40,22,30,39,42,21}'::text[])))"}, {"Node Type": "Bitmap Heap Scan", "Parent Relationship": "Inner", "Relation Name": "orders", "Alias": "orders", "Startup Cost": 3.75, "Total Cost": 19.76, "Plan Rows": 4, "Plan Width": 8, "Recheck Cond": "(o_custkey = public.customer.c_custkey)", "Plans": [{"Node Type": "Bitmap Index Scan", "Parent Relationship": "Outer", "Index Name": "idx_orders_custkey", "Startup Cost": 0.0, "Total Cost": 3.75, "Plan Rows": 4, "Plan Width": 0, "Index Cond": "(o_custkey = public.customer.c_custkey)"}]}]}]}]}, "Unique SQL Id": 2798552886}, "explain_analyze_plan": {"Plan": {"Node Type": "Sort", "Startup Cost": 326543.88, "Total Cost": 326543.89, "Plan Rows": 1, "Plan Width": 40, "Actual Startup Time": 4492.233, "Actual Total Time": 4492.235, "Actual Rows": 4, "Actual Loops": 1, "Sort Key": ["(\"substring\"((public.customer.c_phone)::text, 1, 2))"], "Sort Method": "quicksort", "Sort Space Used": 25, "Sort Space Type": "Memory", "Plans": [{"Node Type": "Aggregate", "Strategy": "Plain", "Parent Relationship": "exec_init_plan", "Subplan Name": "InitPlan 1 (returns $0)", "Startup Cost": 76620.14, "Total Cost": 76620.15, "Plan Rows": 1, "Plan Width": 40, "Actual Startup Time": 1991.263, "Actual Total Time": 1991.264, "Actual Rows": 1, "Actual Loops": 1, "Plans": [{"Node Type": "Seq Scan", "Parent Relationship": "Outer", "Relation Name": "customer", "Alias": "customer", "Startup Cost": 12.95, "Total Cost": 76501.0, "Plan Rows": 47655, "Plan Width": 8, "Actual Startup Time": 0.029, "Actual Total Time": 1896.473, "Actual Rows": 218121, "Actual Loops": 1, "Filter": "((c_acctbal > 0::double precision) AND (\"substring\"((c_phone)::text, 1, 2) = ANY ('{20,40,22,30,39,42,21}'::text[])))", "Rows Removed by Filter": 1281879}]}, {"Node Type": "Aggregate", "Strategy": "Hashed", "Parent Relationship": "Outer", "Startup Cost": 249923.71, "Total Cost": 249923.72, "Plan Rows": 1, "Plan Width": 40, "Actual Startup Time": 4492.108, "Actual Total Time": 4492.121, "Actual Rows": 4, "Actual Loops": 1, "Group By Key": ["\"substring\"((public.customer.c_phone)::text, 1, 2)"], "Plans": [{"Node Type": "Nested Loop", "Parent Relationship": "Outer", "Join Type": "Anti", "Startup Cost": 3.75, "Total Cost": 249923.7, "Plan Rows": 1, "Plan Width": 24, "Actual Startup Time": 1991.407, "Actual Total Time": 4465.33, "Actual Rows": 36604, "Actual Loops": 1, "Inner Unique": false, "Plans": [{"Node Type": "Seq Scan", "Parent Relationship": "Outer", "Relation Name": "customer", "Alias": "customer", "Startup Cost": 0.0, "Total Cost": 76501.0, "Plan Rows": 17500, "Plan Width": 32, "Actual Startup Time": 1991.334, "Actual Total Time": 3313.189, "Actual Rows": 109197, "Actual Loops": 1, "Filter": "((c_acctbal > $0) AND (\"substring\"((c_phone)::text, 1, 2) = ANY ('{20,40,22,30,39,42,21}'::text[])))", "Rows Removed by Filter": 1390803}, {"Node Type": "Bitmap Heap Scan", "Parent Relationship": "Inner", "Relation Name": "orders", "Alias": "orders", "Startup Cost": 3.75, "Total Cost": 19.76, "Plan Rows": 4, "Plan Width": 8, "Actual Startup Time": 965.354, "Actual Total Time": 965.354, "Actual Rows": 72593, "Actual Loops": 109197, "Recheck Cond": "(o_custkey = public.customer.c_custkey)", "Rows Removed by Index Recheck": 0, "Exact Heap Blocks": 72593, "Lossy Heap Blocks": 72593, "Plans": [{"Node Type": "Bitmap Index Scan", "Parent Relationship": "Outer", "Index Name": "idx_orders_custkey", "Startup Cost": 0.0, "Total Cost": 3.75, "Plan Rows": 4, "Plan Width": 0, "Actual Startup Time": 601.574, "Actual Total Time": 601.574, "Actual Rows": 1091631, "Actual Loops": 109197, "Index Cond": "(o_custkey = public.customer.c_custkey)"}]}]}]}]}, "Triggers": [], "Planner Runtime": 0.755, "Total Runtime": 4492.429, "Unique SQL Id": 2798552886}}, "(16, 103)": {"explain_plan": {"Plan": {"Node Type": "Sort", "Startup Cost": 2000018337677.51, "Total Cost": 2000018337677.51, "Plan Rows": 1, "Plan Width": 40, "Sort Key": ["(\"substring\"((public.customer.c_phone)::text, 1, 2))"], "Plans": [{"Node Type": "Aggregate", "Strategy": "Plain", "Parent Relationship": "exec_init_plan", "Subplan Name": "InitPlan 1 (returns $0)", "Startup Cost": 1000007650219.14, "Total Cost": 1000007650219.15, "Plan Rows": 1, "Plan Width": 40, "Plans": [{"Node Type": "Seq Scan", "Parent Relationship": "Outer", "Relation Name": "customer", "Alias": "customer", "Startup Cost": 10000000012.75, "Total Cost": 1000007650100.0, "Plan Rows": 47655, "Plan Width": 8, "Filter": "((c_acctbal > 0::double precision) AND (\"substring\"((c_phone)::text, 1, 2) = ANY ('{20,40,22,30,39,42,21}'::text[])))"}]}, {"Node Type": "Aggregate", "Strategy": "Hashed", "Parent Relationship": "Outer", "Startup Cost": 1000010687458.33, "Total Cost": 1000010687458.35, "Plan Rows": 1, "Plan Width": 40, "Group By Key": ["\"substring\"((public.customer.c_phone)::text, 1, 2)"], "Plans": [{"Node Type": "Nested Loop", "Parent Relationship": "Outer", "Join Type": "Anti", "Startup Cost": 10000000003.75, "Total Cost": 1000010687458.32, "Plan Rows": 1, "Plan Width": 24, "Inner Unique": false, "Plans": [{"Node Type": "Index Scan", "Parent Relationship": "Outer", "Scan Direction": "Forward", "Index Name": "customer_pkey", "Relation Name": "customer", "Alias": "customer", "Startup Cost": 10000000000.0, "Total Cost": 1000010514035.62, "Plan Rows": 17500, "Plan Width": 32, "Filter": "((c_acctbal > $0) AND (\"substring\"((c_phone)::text, 1, 2) = ANY ('{20,40,22,30,39,42,21}'::text[])))"}, {"Node Type": "Bitmap Heap Scan", "Parent Relationship": "Inner", "Relation Name": "orders", "Alias": "orders", "Startup Cost": 3.75, "Total Cost": 19.76, "Plan Rows": 4, "Plan Width": 8, "Recheck Cond": "(o_custkey = public.customer.c_custkey)", "Plans": [{"Node Type": "Bitmap Index Scan", "Parent Relationship": "Outer", "Index Name": "idx_orders_custkey", "Startup Cost": 0.0, "Total Cost": 3.75, "Plan Rows": 4, "Plan Width": 0, "Index Cond": "(o_custkey = public.customer.c_custkey)"}]}]}]}]}, "Unique SQL Id": 2798552886}, "explain_analyze_plan": {"Plan": {"Node Type": "Sort", "Startup Cost": 2000018337677.51, "Total Cost": 2000018337677.51, "Plan Rows": 1, "Plan Width": 40, "Actual Startup Time": 5045.7, "Actual Total Time": 5045.7, "Actual Rows": 4, "Actual Loops": 1, "Sort Key": ["(\"substring\"((public.customer.c_phone)::text, 1, 2))"], "Sort Method": "quicksort", "Sort Space Used": 25, "Sort Space Type": "Memory", "Plans": [{"Node Type": "Aggregate", "Strategy": "Plain", "Parent Relationship": "exec_init_plan", "Subplan Name": "InitPlan 1 (returns $0)", "Startup Cost": 1000007650219.14, "Total Cost": 1000007650219.15, "Plan Rows": 1, "Plan Width": 40, "Actual Startup Time": 1994.893, "Actual Total Time": 1994.893, "Actual Rows": 1, "Actual Loops": 1, "Plans": [{"Node Type": "Seq Scan", "Parent Relationship": "Outer", "Relation Name": "customer", "Alias": "customer", "Startup Cost": 10000000012.75, "Total Cost": 1000007650100.0, "Plan Rows": 47655, "Plan Width": 8, "Actual Startup Time": 0.036, "Actual Total Time": 1899.86, "Actual Rows": 218121, "Actual Loops": 1, "Filter": "((c_acctbal > 0::double precision) AND (\"substring\"((c_phone)::text, 1, 2) = ANY ('{20,40,22,30,39,42,21}'::text[])))", "Rows Removed by Filter": 1281879}]}, {"Node Type": "Aggregate", "Strategy": "Hashed", "Parent Relationship": "Outer", "Startup Cost": 1000010687458.33, "Total Cost": 1000010687458.35, "Plan Rows": 1, "Plan Width": 40, "Actual Startup Time": 5045.657, "Actual Total Time": 5045.657, "Actual Rows": 4, "Actual Loops": 1, "Group By Key": ["\"substring\"((public.customer.c_phone)::text, 1, 2)"], "Plans": [{"Node Type": "Nested Loop", "Parent Relationship": "Outer", "Join Type": "Anti", "Startup Cost": 10000000003.75, "Total Cost": 1000010687458.32, "Plan Rows": 1, "Plan Width": 24, "Actual Startup Time": 1995.077, "Actual Total Time": 5019.031, "Actual Rows": 36604, "Actual Loops": 1, "Inner Unique": false, "Plans": [{"Node Type": "Index Scan", "Parent Relationship": "Outer", "Scan Direction": "Forward", "Index Name": "customer_pkey", "Relation Name": "customer", "Alias": "customer", "Startup Cost": 10000000000.0, "Total Cost": 1000010514035.62, "Plan Rows": 17500, "Plan Width": 32, "Actual Startup Time": 1995.001, "Actual Total Time": 3864.643, "Actual Rows": 109197, "Actual Loops": 1, "Filter": "((c_acctbal > $0) AND (\"substring\"((c_phone)::text, 1, 2) = ANY ('{20,40,22,30,39,42,21}'::text[])))", "Rows Removed by Filter": 1390803}, {"Node Type": "Bitmap Heap Scan", "Parent Relationship": "Inner", "Relation Name": "orders", "Alias": "orders", "Startup Cost": 3.75, "Total Cost": 19.76, "Plan Rows": 4, "Plan Width": 8, "Actual Startup Time": 963.288, "Actual Total Time": 963.288, "Actual Rows": 72593, "Actual Loops": 109197, "Recheck Cond": "(o_custkey = public.customer.c_custkey)", "Rows Removed by Index Recheck": 0, "Exact Heap Blocks": 72593, "Lossy Heap Blocks": 72593, "Plans": [{"Node Type": "Bitmap Index Scan", "Parent Relationship": "Outer", "Index Name": "idx_orders_custkey", "Startup Cost": 0.0, "Total Cost": 3.75, "Plan Rows": 4, "Plan Width": 0, "Actual Startup Time": 588.006, "Actual Total Time": 588.006, "Actual Rows": 1091631, "Actual Loops": 109197, "Index Cond": "(o_custkey = public.customer.c_custkey)"}]}]}]}]}, "Triggers": [], "Planner Runtime": 0.768, "Total Runtime": 5045.883, "Unique SQL Id": 2798552886}}, "(16, 104)": {"explain_plan": {"Plan": {"Node Type": "Sort", "Startup Cost": 178853.67, "Total Cost": 178853.67, "Plan Rows": 1, "Plan Width": 40, "Sort Key": ["(\"substring\"((public.customer.c_phone)::text, 1, 2))"], "Plans": [{"Node Type": "Aggregate", "Strategy": "Plain", "Parent Relationship": "exec_init_plan", "Subplan Name": "InitPlan 1 (returns $0)", "Startup Cost": 76620.14, "Total Cost": 76620.15, "Plan Rows": 1, "Plan Width": 40, "Plans": [{"Node Type": "Seq Scan", "Parent Relationship": "Outer", "Relation Name": "customer", "Alias": "customer", "Startup Cost": 12.95, "Total Cost": 76501.0, "Plan Rows": 47655, "Plan Width": 8, "Filter": "((c_acctbal > 0::double precision) AND (\"substring\"((c_phone)::text, 1, 2) = ANY ('{20,40,22,30,39,42,21}'::text[])))"}]}, {"Node Type": "Aggregate", "Strategy": "Hashed", "Parent Relationship": "Outer", "Startup Cost": 102233.49, "Total Cost": 102233.51, "Plan Rows": 1, "Plan Width": 40, "Group By Key": ["\"substring\"((public.customer.c_phone)::text, 1, 2)"], "Plans": [{"Node Type": "Nested Loop", "Parent Relationship": "Outer", "Join Type": "Anti", "Startup Cost": 0.0, "Total Cost": 102233.49, "Plan Rows": 1, "Plan Width": 24, "Inner Unique": false, "Plans": [{"Node Type": "Seq Scan", "Parent Relationship": "Outer", "Relation Name": "customer", "Alias": "customer", "Startup Cost": 0.0, "Total Cost": 76501.0, "Plan Rows": 17500, "Plan Width": 32, "Filter": "((c_acctbal > $0) AND (\"substring\"((c_phone)::text, 1, 2) = ANY ('{20,40,22,30,39,42,21}'::text[])))"}, {"Node Type": "Index Only Scan", "Parent Relationship": "Inner", "Scan Direction": "Forward", "Index Name": "idx_orders_custkey", "Relation Name": "orders", "Alias": "orders", "Startup Cost": 0.0, "Total Cost": 3.79, "Plan Rows": 4, "Plan Width": 8, "Index Cond": "(o_custkey = public.customer.c_custkey)"}]}]}]}, "Unique SQL Id": 2798552886}, "explain_analyze_plan": {"Plan": {"Node Type": "Sort", "Startup Cost": 178853.67, "Total Cost": 178853.67, "Plan Rows": 1, "Plan Width": 40, "Actual Startup Time": 3898.225, "Actual Total Time": 3898.226, "Actual Rows": 4, "Actual Loops": 1, "Sort Key": ["(\"substring\"((public.customer.c_phone)::text, 1, 2))"], "Sort Method": "quicksort", "Sort Space Used": 25, "Sort Space Type": "Memory", "Plans": [{"Node Type": "Aggregate", "Strategy": "Plain", "Parent Relationship": "exec_init_plan", "Subplan Name": "InitPlan 1 (returns $0)", "Startup Cost": 76620.14, "Total Cost": 76620.15, "Plan Rows": 1, "Plan Width": 40, "Actual Startup Time": 1993.797, "Actual Total Time": 1993.797, "Actual Rows": 1, "Actual Loops": 1, "Plans": [{"Node Type": "Seq Scan", "Parent Relationship": "Outer", "Relation Name": "customer", "Alias": "customer", "Startup Cost": 12.95, "Total Cost": 76501.0, "Plan Rows": 47655, "Plan Width": 8, "Actual Startup Time": 0.028, "Actual Total Time": 1898.824, "Actual Rows": 218121, "Actual Loops": 1, "Filter": "((c_acctbal > 0::double precision) AND (\"substring\"((c_phone)::text, 1, 2) = ANY ('{20,40,22,30,39,42,21}'::text[])))", "Rows Removed by Filter": 1281879}]}, {"Node Type": "Aggregate", "Strategy": "Hashed", "Parent Relationship": "Outer", "Startup Cost": 102233.49, "Total Cost": 102233.51, "Plan Rows": 1, "Plan Width": 40, "Actual Startup Time": 3898.192, "Actual Total Time": 3898.195, "Actual Rows": 4, "Actual Loops": 1, "Group By Key": ["\"substring\"((public.customer.c_phone)::text, 1, 2)"], "Plans": [{"Node Type": "Nested Loop", "Parent Relationship": "Outer", "Join Type": "Anti", "Startup Cost": 0.0, "Total Cost": 102233.49, "Plan Rows": 1, "Plan Width": 24, "Actual Startup Time": 1994.027, "Actual Total Time": 3875.509, "Actual Rows": 36604, "Actual Loops": 1, "Inner Unique": false, "Plans": [{"Node Type": "Seq Scan", "Parent Relationship": "Outer", "Relation Name": "customer", "Alias": "customer", "Startup Cost": 0.0, "Total Cost": 76501.0, "Plan Rows": 17500, "Plan Width": 32, "Actual Startup Time": 1993.955, "Actual Total Time": 3288.893, "Actual Rows": 109197, "Actual Loops": 1, "Filter": "((c_acctbal > $0) AND (\"substring\"((c_phone)::text, 1, 2) = ANY ('{20,40,22,30,39,42,21}'::text[])))", "Rows Removed by Filter": 1390803}, {"Node Type": "Index Only Scan", "Parent Relationship": "Inner", "Scan Direction": "Forward", "Index Name": "idx_orders_custkey", "Relation Name": "orders", "Alias": "orders", "Startup Cost": 0.0, "Total Cost": 3.79, "Plan Rows": 4, "Plan Width": 8, "Actual Startup Time": 484.426, "Actual Total Time": 484.426, "Actual Rows": 72593, "Actual Loops": 109197, "Index Cond": "(o_custkey = public.customer.c_custkey)", "Rows Removed by Index Recheck": 0, "Heap Fetches": 0}]}]}]}, "Triggers": [], "Planner Runtime": 0.759, "Total Runtime": 3898.474, "Unique SQL Id": 2798552886}}, "(16, 105)": {"explain_plan": {"Plan": {"Node Type": "Sort", "Startup Cost": 1000007781092.03, "Total Cost": 1000007781092.03, "Plan Rows": 1, "Plan Width": 40, "Sort Key": ["(\"substring\"((public.customer.c_phone)::text, 1, 2))"], "Plans": [{"Node Type": "Aggregate", "Strategy": "Plain", "Parent Relationship": "exec_init_plan", "Subplan Name": "InitPlan 1 (returns $0)", "Startup Cost": 1000007650219.14, "Total Cost": 1000007650219.15, "Plan Rows": 1, "Plan Width": 40, "Plans": [{"Node Type": "Seq Scan", "Parent Relationship": "Outer", "Relation Name": "customer", "Alias": "customer", "Startup Cost": 10000000012.75, "Total Cost": 1000007650100.0, "Plan Rows": 47655, "Plan Width": 8, "Filter": "((c_acctbal > 0::double precision) AND (\"substring\"((c_phone)::text, 1, 2) = ANY ('{20,40,22,30,39,42,21}'::text[])))"}]}, {"Node Type": "Aggregate", "Strategy": "Hashed", "Parent Relationship": "Outer", "Startup Cost": 130872.85, "Total Cost": 130872.87, "Plan Rows": 1, "Plan Width": 40, "Group By Key": ["\"substring\"((public.customer.c_phone)::text, 1, 2)"], "Plans": [{"Node Type": "Nested Loop", "Parent Relationship": "Outer", "Join Type": "Anti", "Startup Cost": 0.0, "Total Cost": 130872.84, "Plan Rows": 1, "Plan Width": 24, "Inner Unique": false, "Plans": [{"Node Type": "Index Scan", "Parent Relationship": "Outer", "Scan Direction": "Forward", "Index Name": "customer_pkey", "Relation Name": "customer", "Alias": "customer", "Startup Cost": 0.0, "Total Cost": 105140.36, "Plan Rows": 17500, "Plan Width": 32, "Filter": "((c_acctbal > $0) AND (\"substring\"((c_phone)::text, 1, 2) = ANY ('{20,40,22,30,39,42,21}'::text[])))"}, {"Node Type": "Index Only Scan", "Parent Relationship": "Inner", "Scan Direction": "Forward", "Index Name": "idx_orders_custkey", "Relation Name": "orders", "Alias": "orders", "Startup Cost": 0.0, "Total Cost": 3.79, "Plan Rows": 4, "Plan Width": 8, "Index Cond": "(o_custkey = public.customer.c_custkey)"}]}]}]}, "Unique SQL Id": 2798552886}, "explain_analyze_plan": {"Plan": {"Node Type": "Sort", "Startup Cost": 1000007781092.03, "Total Cost": 1000007781092.03, "Plan Rows": 1, "Plan Width": 40, "Actual Startup Time": 4538.566, "Actual Total Time": 4538.567, "Actual Rows": 4, "Actual Loops": 1, "Sort Key": ["(\"substring\"((public.customer.c_phone)::text, 1, 2))"], "Sort Method": "quicksort", "Sort Space Used": 25, "Sort Space Type": "Memory", "Plans": [{"Node Type": "Aggregate", "Strategy": "Plain", "Parent Relationship": "exec_init_plan", "Subplan Name": "InitPlan 1 (returns $0)", "Startup Cost": 1000007650219.14, "Total Cost": 1000007650219.15, "Plan Rows": 1, "Plan Width": 40, "Actual Startup Time": 2004.286, "Actual Total Time": 2004.287, "Actual Rows": 1, "Actual Loops": 1, "Plans": [{"Node Type": "Seq Scan", "Parent Relationship": "Outer", "Relation Name": "customer", "Alias": "customer", "Startup Cost": 10000000012.75, "Total Cost": 1000007650100.0, "Plan Rows": 47655, "Plan Width": 8, "Actual Startup Time": 0.036, "Actual Total Time": 1908.298, "Actual Rows": 218121, "Actual Loops": 1, "Filter": "((c_acctbal > 0::double precision) AND (\"substring\"((c_phone)::text, 1, 2) = ANY ('{20,40,22,30,39,42,21}'::text[])))", "Rows Removed by Filter": 1281879}]}, {"Node Type": "Aggregate", "Strategy": "Hashed", "Parent Relationship": "Outer", "Startup Cost": 130872.85, "Total Cost": 130872.87, "Plan Rows": 1, "Plan Width": 40, "Actual Startup Time": 4538.513, "Actual Total Time": 4538.515, "Actual Rows": 4, "Actual Loops": 1, "Group By Key": ["\"substring\"((public.customer.c_phone)::text, 1, 2)"], "Plans": [{"Node Type": "Nested Loop", "Parent Relationship": "Outer", "Join Type": "Anti", "Startup Cost": 0.0, "Total Cost": 130872.84, "Plan Rows": 1, "Plan Width": 24, "Actual Startup Time": 2004.513, "Actual Total Time": 4515.757, "Actual Rows": 36604, "Actual Loops": 1, "Inner Unique": false, "Plans": [{"Node Type": "Index Scan", "Parent Relationship": "Outer", "Scan Direction": "Forward", "Index Name": "customer_pkey", "Relation Name": "customer", "Alias": "customer", "Startup Cost": 0.0, "Total Cost": 105140.36, "Plan Rows": 17500, "Plan Width": 32, "Actual Startup Time": 2004.451, "Actual Total Time": 3936.374, "Actual Rows": 109197, "Actual Loops": 1, "Filter": "((c_acctbal > $0) AND (\"substring\"((c_phone)::text, 1, 2) = ANY ('{20,40,22,30,39,42,21}'::text[])))", "Rows Removed by Filter": 1390803}, {"Node Type": "Index Only Scan", "Parent Relationship": "Inner", "Scan Direction": "Forward", "Index Name": "idx_orders_custkey", "Relation Name": "orders", "Alias": "orders", "Startup Cost": 0.0, "Total Cost": 3.79, "Plan Rows": 4, "Plan Width": 8, "Actual Startup Time": 476.552, "Actual Total Time": 476.552, "Actual Rows": 72593, "Actual Loops": 109197, "Index Cond": "(o_custkey = public.customer.c_custkey)", "Rows Removed by Index Recheck": 0, "Heap Fetches": 0}]}]}]}, "Triggers": [], "Planner Runtime": 0.761, "Total Runtime": 4538.756, "Unique SQL Id": 2798552886}}, "(16, 106)": {"explain_plan": {"Plan": {"Node Type": "Sort", "Startup Cost": 639751.64, "Total Cost": 639751.65, "Plan Rows": 1, "Plan Width": 40, "Sort Key": ["(\"substring\"((public.customer.c_phone)::text, 1, 2))"], "Plans": [{"Node Type": "Aggregate", "Strategy": "Plain", "Parent Relationship": "exec_init_plan", "Subplan Name": "InitPlan 1 (returns $0)", "Startup Cost": 76620.14, "Total Cost": 76620.15, "Plan Rows": 1, "Plan Width": 40, "Plans": [{"Node Type": "Seq Scan", "Parent Relationship": "Outer", "Relation Name": "customer", "Alias": "customer", "Startup Cost": 12.95, "Total Cost": 76501.0, "Plan Rows": 47655, "Plan Width": 8, "Filter": "((c_acctbal > 0::double precision) AND (\"substring\"((c_phone)::text, 1, 2) = ANY ('{20,40,22,30,39,42,21}'::text[])))"}]}, {"Node Type": "Aggregate", "Strategy": "Hashed", "Parent Relationship": "Outer", "Startup Cost": 563131.47, "Total Cost": 563131.48, "Plan Rows": 1, "Plan Width": 40, "Group By Key": ["\"substring\"((public.customer.c_phone)::text, 1, 2)"], "Plans": [{"Node Type": "Hash Join", "Parent Relationship": "Outer", "Join Type": "Right Anti", "Startup Cost": 76719.75, "Total Cost": 563131.46, "Plan Rows": 1, "Plan Width": 24, "Inner Unique": true, "Hash Cond": "(orders.o_custkey = public.customer.c_custkey)", "Plans": [{"Node Type": "Seq Scan", "Parent Relationship": "Outer", "Relation Name": "orders", "Alias": "orders", "Startup Cost": 0.0, "Total Cost": 426413.79, "Plan Rows": 14999479, "Plan Width": 8}, {"Node Type": "Hash", "Parent Relationship": "Inner", "Startup Cost": 76501.0, "Total Cost": 76501.0, "Plan Rows": 17500, "Plan Width": 32, "Plans": [{"Node Type": "Seq Scan", "Parent Relationship": "Outer", "Relation Name": "customer", "Alias": "customer", "Startup Cost": 0.0, "Total Cost": 76501.0, "Plan Rows": 17500, "Plan Width": 32, "Filter": "((c_acctbal > $0) AND (\"substring\"((c_phone)::text, 1, 2) = ANY ('{20,40,22,30,39,42,21}'::text[])))"}]}]}]}]}, "Unique SQL Id": 2798552886}, "explain_analyze_plan": null}, "(16, 107)": {"explain_plan": {"Plan": {"Node Type": "Sort", "Startup Cost": 3000063710514.98, "Total Cost": 3000063710514.98, "Plan Rows": 1, "Plan Width": 40, "Sort Key": ["(\"substring\"((public.customer.c_phone)::text, 1, 2))"], "Plans": [{"Node Type": "Aggregate", "Strategy": "Plain", "Parent Relationship": "exec_init_plan", "Subplan Name": "InitPlan 1 (returns $0)", "Startup Cost": 1000007650219.14, "Total Cost": 1000007650219.15, "Plan Rows": 1, "Plan Width": 40, "Plans": [{"Node Type": "Seq Scan", "Parent Relationship": "Outer", "Relation Name": "customer", "Alias": "customer", "Startup Cost": 10000000012.75, "Total Cost": 1000007650100.0, "Plan Rows": 47655, "Plan Width": 8, "Filter": "((c_acctbal > 0::double precision) AND (\"substring\"((c_phone)::text, 1, 2) = ANY ('{20,40,22,30,39,42,21}'::text[])))"}]}, {"Node Type": "Aggregate", "Strategy": "Hashed", "Parent Relationship": "Outer", "Startup Cost": 2000056060295.8, "Total Cost": 2000056060295.82, "Plan Rows": 1, "Plan Width": 40, "Group By Key": ["\"substring\"((public.customer.c_phone)::text, 1, 2)"], "Plans": [{"Node Type": "Hash Join", "Parent Relationship": "Outer", "Join Type": "Right Anti", "Startup Cost": 1010010514254.37, "Total Cost": 2000056060295.79, "Plan Rows": 1, "Plan Width": 24, "Inner Unique": true, "Hash Cond": "(orders.o_custkey = public.customer.c_custkey)", "Plans": [{"Node Type": "Index Only Scan", "Parent Relationship": "Outer", "Scan Direction": "Forward", "Index Name": "idx_orders_custkey", "Relation Name": "orders", "Alias": "orders", "Startup Cost": 10000000000.0, "Total Cost": 1000045486043.5, "Plan Rows": 14999479, "Plan Width": 8}, {"Node Type": "Hash", "Parent Relationship": "Inner", "Startup Cost": 1000010514035.62, "Total Cost": 1000010514035.62, "Plan Rows": 17500, "Plan Width": 32, "Plans": [{"Node Type": "Index Scan", "Parent Relationship": "Outer", "Scan Direction": "Forward", "Index Name": "customer_pkey", "Relation Name": "customer", "Alias": "customer", "Startup Cost": 10000000000.0, "Total Cost": 1000010514035.62, "Plan Rows": 17500, "Plan Width": 32, "Filter": "((c_acctbal > $0) AND (\"substring\"((c_phone)::text, 1, 2) = ANY ('{20,40,22,30,39,42,21}'::text[])))"}]}]}]}]}, "Unique SQL Id": 2798552886}, "explain_analyze_plan": null}, "(16, 108)": {"explain_plan": {"Plan": {"Node Type": "Sort", "Startup Cost": 274230.79, "Total Cost": 274230.8, "Plan Rows": 1, "Plan Width": 40, "Sort Key": ["(\"substring\"((public.customer.c_phone)::text, 1, 2))"], "Plans": [{"Node Type": "Aggregate", "Strategy": "Plain", "Parent Relationship": "exec_init_plan", "Subplan Name": "InitPlan 1 (returns $0)", "Startup Cost": 76620.14, "Total Cost": 76620.15, "Plan Rows": 1, "Plan Width": 40, "Plans": [{"Node Type": "Seq Scan", "Parent Relationship": "Outer", "Relation Name": "customer", "Alias": "customer", "Startup Cost": 12.95, "Total Cost": 76501.0, "Plan Rows": 47655, "Plan Width": 8, "Filter": "((c_acctbal > 0::double precision) AND (\"substring\"((c_phone)::text, 1, 2) = ANY ('{20,40,22,30,39,42,21}'::text[])))"}]}, {"Node Type": "Aggregate", "Strategy": "Hashed", "Parent Relationship": "Outer", "Startup Cost": 197610.62, "Total Cost": 197610.63, "Plan Rows": 1, "Plan Width": 40, "Group By Key": ["\"substring\"((public.customer.c_phone)::text, 1, 2)"], "Plans": [{"Node Type": "Nested Loop", "Parent Relationship": "Outer", "Join Type": "Anti", "Startup Cost": 0.0, "Total Cost": 197610.61, "Plan Rows": 1, "Plan Width": 24, "Inner Unique": false, "Plans": [{"Node Type": "Seq Scan", "Parent Relationship": "Outer", "Relation Name": "customer", "Alias": "customer", "Startup Cost": 0.0, "Total Cost": 76501.0, "Plan Rows": 17500, "Plan Width": 32, "Filter": "((c_acctbal > $0) AND (\"substring\"((c_phone)::text, 1, 2) = ANY ('{20,40,22,30,39,42,21}'::text[])))"}, {"Node Type": "Index Scan", "Parent Relationship": "Inner", "Scan Direction": "Forward", "Index Name": "idx_orders_custkey", "Relation Name": "orders", "Alias": "orders", "Startup Cost": 0.0, "Total Cost": 17.99, "Plan Rows": 4, "Plan Width": 8, "Index Cond": "(o_custkey = public.customer.c_custkey)"}]}]}]}, "Unique SQL Id": 2798552886}, "explain_analyze_plan": {"Plan": {"Node Type": "Sort", "Startup Cost": 274230.79, "Total Cost": 274230.8, "Plan Rows": 1, "Plan Width": 40, "Actual Startup Time": 4031.791, "Actual Total Time": 4031.792, "Actual Rows": 4, "Actual Loops": 1, "Sort Key": ["(\"substring\"((public.customer.c_phone)::text, 1, 2))"], "Sort Method": "quicksort", "Sort Space Used": 25, "Sort Space Type": "Memory", "Plans": [{"Node Type": "Aggregate", "Strategy": "Plain", "Parent Relationship": "exec_init_plan", "Subplan Name": "InitPlan 1 (returns $0)", "Startup Cost": 76620.14, "Total Cost": 76620.15, "Plan Rows": 1, "Plan Width": 40, "Actual Startup Time": 1993.693, "Actual Total Time": 1993.694, "Actual Rows": 1, "Actual Loops": 1, "Plans": [{"Node Type": "Seq Scan", "Parent Relationship": "Outer", "Relation Name": "customer", "Alias": "customer", "Startup Cost": 12.95, "Total Cost": 76501.0, "Plan Rows": 47655, "Plan Width": 8, "Actual Startup Time": 0.034, "Actual Total Time": 1897.714, "Actual Rows": 218121, "Actual Loops": 1, "Filter": "((c_acctbal > 0::double precision) AND (\"substring\"((c_phone)::text, 1, 2) = ANY ('{20,40,22,30,39,42,21}'::text[])))", "Rows Removed by Filter": 1281879}]}, {"Node Type": "Aggregate", "Strategy": "Hashed", "Parent Relationship": "Outer", "Startup Cost": 197610.62, "Total Cost": 197610.63, "Plan Rows": 1, "Plan Width": 40, "Actual Startup Time": 4031.76, "Actual Total Time": 4031.761, "Actual Rows": 4, "Actual Loops": 1, "Group By Key": ["\"substring\"((public.customer.c_phone)::text, 1, 2)"], "Plans": [{"Node Type": "Nested Loop", "Parent Relationship": "Outer", "Join Type": "Anti", "Startup Cost": 0.0, "Total Cost": 197610.61, "Plan Rows": 1, "Plan Width": 24, "Actual Startup Time": 1993.926, "Actual Total Time": 4008.675, "Actual Rows": 36604, "Actual Loops": 1, "Inner Unique": false, "Plans": [{"Node Type": "Seq Scan", "Parent Relationship": "Outer", "Relation Name": "customer", "Alias": "customer", "Startup Cost": 0.0, "Total Cost": 76501.0, "Plan Rows": 17500, "Plan Width": 32, "Actual Startup Time": 1993.871, "Actual Total Time": 3286.163, "Actual Rows": 109197, "Actual Loops": 1, "Filter": "((c_acctbal > $0) AND (\"substring\"((c_phone)::text, 1, 2) = ANY ('{20,40,22,30,39,42,21}'::text[])))", "Rows Removed by Filter": 1390803}, {"Node Type": "Index Scan", "Parent Relationship": "Inner", "Scan Direction": "Forward", "Index Name": "idx_orders_custkey", "Relation Name": "orders", "Alias": "orders", "Startup Cost": 0.0, "Total Cost": 17.99, "Plan Rows": 4, "Plan Width": 8, "Actual Startup Time": 615.26, "Actual Total Time": 615.26, "Actual Rows": 72593, "Actual Loops": 109197, "Index Cond": "(o_custkey = public.customer.c_custkey)", "Rows Removed by Index Recheck": 0}]}]}]}, "Triggers": [], "Planner Runtime": 0.724, "Total Runtime": 4031.974, "Unique SQL Id": 2798552886}}, "(16, 109)": {"explain_plan": {"Plan": {"Node Type": "Sort", "Startup Cost": 1000007876469.15, "Total Cost": 1000007876469.15, "Plan Rows": 1, "Plan Width": 40, "Sort Key": ["(\"substring\"((public.customer.c_phone)::text, 1, 2))"], "Plans": [{"Node Type": "Aggregate", "Strategy": "Plain", "Parent Relationship": "exec_init_plan", "Subplan Name": "InitPlan 1 (returns $0)", "Startup Cost": 1000007650219.14, "Total Cost": 1000007650219.15, "Plan Rows": 1, "Plan Width": 40, "Plans": [{"Node Type": "Seq Scan", "Parent Relationship": "Outer", "Relation Name": "customer", "Alias": "customer", "Startup Cost": 10000000012.75, "Total Cost": 1000007650100.0, "Plan Rows": 47655, "Plan Width": 8, "Filter": "((c_acctbal > 0::double precision) AND (\"substring\"((c_phone)::text, 1, 2) = ANY ('{20,40,22,30,39,42,21}'::text[])))"}]}, {"Node Type": "Aggregate", "Strategy": "Hashed", "Parent Relationship": "Outer", "Startup Cost": 226249.97, "Total Cost": 226249.99, "Plan Rows": 1, "Plan Width": 40, "Group By Key": ["\"substring\"((public.customer.c_phone)::text, 1, 2)"], "Plans": [{"Node Type": "Nested Loop", "Parent Relationship": "Outer", "Join Type": "Anti", "Startup Cost": 0.0, "Total Cost": 226249.97, "Plan Rows": 1, "Plan Width": 24, "Inner Unique": false, "Plans": [{"Node Type": "Index Scan", "Parent Relationship": "Outer", "Scan Direction": "Forward", "Index Name": "customer_pkey", "Relation Name": "customer", "Alias": "customer", "Startup Cost": 0.0, "Total Cost": 105140.36, "Plan Rows": 17500, "Plan Width": 32, "Filter": "((c_acctbal > $0) AND (\"substring\"((c_phone)::text, 1, 2) = ANY ('{20,40,22,30,39,42,21}'::text[])))"}, {"Node Type": "Index Scan", "Parent Relationship": "Inner", "Scan Direction": "Forward", "Index Name": "idx_orders_custkey", "Relation Name": "orders", "Alias": "orders", "Startup Cost": 0.0, "Total Cost": 17.99, "Plan Rows": 4, "Plan Width": 8, "Index Cond": "(o_custkey = public.customer.c_custkey)"}]}]}]}, "Unique SQL Id": 2798552886}, "explain_analyze_plan": {"Plan": {"Node Type": "Sort", "Startup Cost": 1000007876469.15, "Total Cost": 1000007876469.15, "Plan Rows": 1, "Plan Width": 40, "Actual Startup Time": 4555.194, "Actual Total Time": 4555.195, "Actual Rows": 4, "Actual Loops": 1, "Sort Key": ["(\"substring\"((public.customer.c_phone)::text, 1, 2))"], "Sort Method": "quicksort", "Sort Space Used": 25, "Sort Space Type": "Memory", "Plans": [{"Node Type": "Aggregate", "Strategy": "Plain", "Parent Relationship": "exec_init_plan", "Subplan Name": "InitPlan 1 (returns $0)", "Startup Cost": 1000007650219.14, "Total Cost": 1000007650219.15, "Plan Rows": 1, "Plan Width": 40, "Actual Startup Time": 2007.503, "Actual Total Time": 2007.503, "Actual Rows": 1, "Actual Loops": 1, "Plans": [{"Node Type": "Seq Scan", "Parent Relationship": "Outer", "Relation Name": "customer", "Alias": "customer", "Startup Cost": 10000000012.75, "Total Cost": 1000007650100.0, "Plan Rows": 47655, "Plan Width": 8, "Actual Startup Time": 0.039, "Actual Total Time": 1912.456, "Actual Rows": 218121, "Actual Loops": 1, "Filter": "((c_acctbal > 0::double precision) AND (\"substring\"((c_phone)::text, 1, 2) = ANY ('{20,40,22,30,39,42,21}'::text[])))", "Rows Removed by Filter": 1281879}]}, {"Node Type": "Aggregate", "Strategy": "Hashed", "Parent Relationship": "Outer", "Startup Cost": 226249.97, "Total Cost": 226249.99, "Plan Rows": 1, "Plan Width": 40, "Actual Startup Time": 4555.155, "Actual Total Time": 4555.158, "Actual Rows": 4, "Actual Loops": 1, "Group By Key": ["\"substring\"((public.customer.c_phone)::text, 1, 2)"], "Plans": [{"Node Type": "Nested Loop", "Parent Relationship": "Outer", "Join Type": "Anti", "Startup Cost": 0.0, "Total Cost": 226249.97, "Plan Rows": 1, "Plan Width": 24, "Actual Startup Time": 2007.614, "Actual Total Time": 4531.932, "Actual Rows": 36604, "Actual Loops": 1, "Inner Unique": false, "Plans": [{"Node Type": "Index Scan", "Parent Relationship": "Outer", "Scan Direction": "Forward", "Index Name": "customer_pkey", "Relation Name": "customer", "Alias": "customer", "Startup Cost": 0.0, "Total Cost": 105140.36, "Plan Rows": 17500, "Plan Width": 32, "Actual Startup Time": 2007.576, "Actual Total Time": 3796.184, "Actual Rows": 109197, "Actual Loops": 1, "Filter": "((c_acctbal > $0) AND (\"substring\"((c_phone)::text, 1, 2) = ANY ('{20,40,22,30,39,42,21}'::text[])))", "Rows Removed by Filter": 1390803}, {"Node Type": "Index Scan", "Parent Relationship": "Inner", "Scan Direction": "Forward", "Index Name": "idx_orders_custkey", "Relation Name": "orders", "Alias": "orders", "Startup Cost": 0.0, "Total Cost": 17.99, "Plan Rows": 4, "Plan Width": 8, "Actual Startup Time": 628.013, "Actual Total Time": 628.013, "Actual Rows": 72593, "Actual Loops": 109197, "Index Cond": "(o_custkey = public.customer.c_custkey)", "Rows Removed by Index Recheck": 0}]}]}]}, "Triggers": [], "Planner Runtime": 0.762, "Total Runtime": 4555.366, "Unique SQL Id": 2798552886}}, "(16, 110)": {"explain_plan": {"Plan": {"Node Type": "Sort", "Startup Cost": 639751.64, "Total Cost": 639751.65, "Plan Rows": 1, "Plan Width": 40, "Sort Key": ["(\"substring\"((public.customer.c_phone)::text, 1, 2))"], "Plans": [{"Node Type": "Aggregate", "Strategy": "Plain", "Parent Relationship": "exec_init_plan", "Subplan Name": "InitPlan 1 (returns $0)", "Startup Cost": 76620.14, "Total Cost": 76620.15, "Plan Rows": 1, "Plan Width": 40, "Plans": [{"Node Type": "Seq Scan", "Parent Relationship": "Outer", "Relation Name": "customer", "Alias": "customer", "Startup Cost": 12.95, "Total Cost": 76501.0, "Plan Rows": 47655, "Plan Width": 8, "Filter": "((c_acctbal > 0::double precision) AND (\"substring\"((c_phone)::text, 1, 2) = ANY ('{20,40,22,30,39,42,21}'::text[])))"}]}, {"Node Type": "Aggregate", "Strategy": "Hashed", "Parent Relationship": "Outer", "Startup Cost": 563131.47, "Total Cost": 563131.48, "Plan Rows": 1, "Plan Width": 40, "Group By Key": ["\"substring\"((public.customer.c_phone)::text, 1, 2)"], "Plans": [{"Node Type": "Hash Join", "Parent Relationship": "Outer", "Join Type": "Right Anti", "Startup Cost": 76719.75, "Total Cost": 563131.46, "Plan Rows": 1, "Plan Width": 24, "Inner Unique": true, "Hash Cond": "(orders.o_custkey = public.customer.c_custkey)", "Plans": [{"Node Type": "Seq Scan", "Parent Relationship": "Outer", "Relation Name": "orders", "Alias": "orders", "Startup Cost": 0.0, "Total Cost": 426413.79, "Plan Rows": 14999479, "Plan Width": 8}, {"Node Type": "Hash", "Parent Relationship": "Inner", "Startup Cost": 76501.0, "Total Cost": 76501.0, "Plan Rows": 17500, "Plan Width": 32, "Plans": [{"Node Type": "Seq Scan", "Parent Relationship": "Outer", "Relation Name": "customer", "Alias": "customer", "Startup Cost": 0.0, "Total Cost": 76501.0, "Plan Rows": 17500, "Plan Width": 32, "Filter": "((c_acctbal > $0) AND (\"substring\"((c_phone)::text, 1, 2) = ANY ('{20,40,22,30,39,42,21}'::text[])))"}]}]}]}]}, "Unique SQL Id": 2798552886}, "explain_analyze_plan": null}, "(16, 111)": {"explain_plan": {"Plan": {"Node Type": "Sort", "Startup Cost": 3000174276000.56, "Total Cost": 3000174276000.56, "Plan Rows": 1, "Plan Width": 40, "Sort Key": ["(\"substring\"((public.customer.c_phone)::text, 1, 2))"], "Plans": [{"Node Type": "Aggregate", "Strategy": "Plain", "Parent Relationship": "exec_init_plan", "Subplan Name": "InitPlan 1 (returns $0)", "Startup Cost": 1000007650219.14, "Total Cost": 1000007650219.15, "Plan Rows": 1, "Plan Width": 40, "Plans": [{"Node Type": "Seq Scan", "Parent Relationship": "Outer", "Relation Name": "customer", "Alias": "customer", "Startup Cost": 10000000012.75, "Total Cost": 1000007650100.0, "Plan Rows": 47655, "Plan Width": 8, "Filter": "((c_acctbal > 0::double precision) AND (\"substring\"((c_phone)::text, 1, 2) = ANY ('{20,40,22,30,39,42,21}'::text[])))"}]}, {"Node Type": "Aggregate", "Strategy": "Hashed", "Parent Relationship": "Outer", "Startup Cost": 2000166625781.38, "Total Cost": 2000166625781.4, "Plan Rows": 1, "Plan Width": 40, "Group By Key": ["\"substring\"((public.customer.c_phone)::text, 1, 2)"], "Plans": [{"Node Type": "Hash Join", "Parent Relationship": "Outer", "Join Type": "Right Anti", "Startup Cost": 1010010514254.37, "Total Cost": 2000166625781.38, "Plan Rows": 1, "Plan Width": 24, "Inner Unique": true, "Hash Cond": "(orders.o_custkey = public.customer.c_custkey)", "Plans": [{"Node Type": "Index Scan", "Parent Relationship": "Outer", "Scan Direction": "Forward", "Index Name": "idx_orders_custkey", "Relation Name": "orders", "Alias": "orders", "Startup Cost": 10000000000.0, "Total Cost": 1000156051529.08, "Plan Rows": 14999479, "Plan Width": 8}, {"Node Type": "Hash", "Parent Relationship": "Inner", "Startup Cost": 1000010514035.62, "Total Cost": 1000010514035.62, "Plan Rows": 17500, "Plan Width": 32, "Plans": [{"Node Type": "Index Scan", "Parent Relationship": "Outer", "Scan Direction": "Forward", "Index Name": "customer_pkey", "Relation Name": "customer", "Alias": "customer", "Startup Cost": 10000000000.0, "Total Cost": 1000010514035.62, "Plan Rows": 17500, "Plan Width": 32, "Filter": "((c_acctbal > $0) AND (\"substring\"((c_phone)::text, 1, 2) = ANY ('{20,40,22,30,39,42,21}'::text[])))"}]}]}]}]}, "Unique SQL Id": 2798552886}, "explain_analyze_plan": null}, "(16, 112)": {"explain_plan": {"Plan": {"Node Type": "Sort", "Startup Cost": 178853.67, "Total Cost": 178853.67, "Plan Rows": 1, "Plan Width": 40, "Sort Key": ["(\"substring\"((public.customer.c_phone)::text, 1, 2))"], "Plans": [{"Node Type": "Aggregate", "Strategy": "Plain", "Parent Relationship": "exec_init_plan", "Subplan Name": "InitPlan 1 (returns $0)", "Startup Cost": 76620.14, "Total Cost": 76620.15, "Plan Rows": 1, "Plan Width": 40, "Plans": [{"Node Type": "Seq Scan", "Parent Relationship": "Outer", "Relation Name": "customer", "Alias": "customer", "Startup Cost": 12.95, "Total Cost": 76501.0, "Plan Rows": 47655, "Plan Width": 8, "Filter": "((c_acctbal > 0::double precision) AND (\"substring\"((c_phone)::text, 1, 2) = ANY ('{20,40,22,30,39,42,21}'::text[])))"}]}, {"Node Type": "Aggregate", "Strategy": "Hashed", "Parent Relationship": "Outer", "Startup Cost": 102233.49, "Total Cost": 102233.51, "Plan Rows": 1, "Plan Width": 40, "Group By Key": ["\"substring\"((public.customer.c_phone)::text, 1, 2)"], "Plans": [{"Node Type": "Nested Loop", "Parent Relationship": "Outer", "Join Type": "Anti", "Startup Cost": 0.0, "Total Cost": 102233.49, "Plan Rows": 1, "Plan Width": 24, "Inner Unique": false, "Plans": [{"Node Type": "Seq Scan", "Parent Relationship": "Outer", "Relation Name": "customer", "Alias": "customer", "Startup Cost": 0.0, "Total Cost": 76501.0, "Plan Rows": 17500, "Plan Width": 32, "Filter": "((c_acctbal > $0) AND (\"substring\"((c_phone)::text, 1, 2) = ANY ('{20,40,22,30,39,42,21}'::text[])))"}, {"Node Type": "Index Only Scan", "Parent Relationship": "Inner", "Scan Direction": "Forward", "Index Name": "idx_orders_custkey", "Relation Name": "orders", "Alias": "orders", "Startup Cost": 0.0, "Total Cost": 3.79, "Plan Rows": 4, "Plan Width": 8, "Index Cond": "(o_custkey = public.customer.c_custkey)"}]}]}]}, "Unique SQL Id": 2798552886}, "explain_analyze_plan": {"Plan": {"Node Type": "Sort", "Startup Cost": 178853.67, "Total Cost": 178853.67, "Plan Rows": 1, "Plan Width": 40, "Actual Startup Time": 3898.225, "Actual Total Time": 3898.226, "Actual Rows": 4, "Actual Loops": 1, "Sort Key": ["(\"substring\"((public.customer.c_phone)::text, 1, 2))"], "Sort Method": "quicksort", "Sort Space Used": 25, "Sort Space Type": "Memory", "Plans": [{"Node Type": "Aggregate", "Strategy": "Plain", "Parent Relationship": "exec_init_plan", "Subplan Name": "InitPlan 1 (returns $0)", "Startup Cost": 76620.14, "Total Cost": 76620.15, "Plan Rows": 1, "Plan Width": 40, "Actual Startup Time": 1993.797, "Actual Total Time": 1993.797, "Actual Rows": 1, "Actual Loops": 1, "Plans": [{"Node Type": "Seq Scan", "Parent Relationship": "Outer", "Relation Name": "customer", "Alias": "customer", "Startup Cost": 12.95, "Total Cost": 76501.0, "Plan Rows": 47655, "Plan Width": 8, "Actual Startup Time": 0.028, "Actual Total Time": 1898.824, "Actual Rows": 218121, "Actual Loops": 1, "Filter": "((c_acctbal > 0::double precision) AND (\"substring\"((c_phone)::text, 1, 2) = ANY ('{20,40,22,30,39,42,21}'::text[])))", "Rows Removed by Filter": 1281879}]}, {"Node Type": "Aggregate", "Strategy": "Hashed", "Parent Relationship": "Outer", "Startup Cost": 102233.49, "Total Cost": 102233.51, "Plan Rows": 1, "Plan Width": 40, "Actual Startup Time": 3898.192, "Actual Total Time": 3898.195, "Actual Rows": 4, "Actual Loops": 1, "Group By Key": ["\"substring\"((public.customer.c_phone)::text, 1, 2)"], "Plans": [{"Node Type": "Nested Loop", "Parent Relationship": "Outer", "Join Type": "Anti", "Startup Cost": 0.0, "Total Cost": 102233.49, "Plan Rows": 1, "Plan Width": 24, "Actual Startup Time": 1994.027, "Actual Total Time": 3875.509, "Actual Rows": 36604, "Actual Loops": 1, "Inner Unique": false, "Plans": [{"Node Type": "Seq Scan", "Parent Relationship": "Outer", "Relation Name": "customer", "Alias": "customer", "Startup Cost": 0.0, "Total Cost": 76501.0, "Plan Rows": 17500, "Plan Width": 32, "Actual Startup Time": 1993.955, "Actual Total Time": 3288.893, "Actual Rows": 109197, "Actual Loops": 1, "Filter": "((c_acctbal > $0) AND (\"substring\"((c_phone)::text, 1, 2) = ANY ('{20,40,22,30,39,42,21}'::text[])))", "Rows Removed by Filter": 1390803}, {"Node Type": "Index Only Scan", "Parent Relationship": "Inner", "Scan Direction": "Forward", "Index Name": "idx_orders_custkey", "Relation Name": "orders", "Alias": "orders", "Startup Cost": 0.0, "Total Cost": 3.79, "Plan Rows": 4, "Plan Width": 8, "Actual Startup Time": 484.426, "Actual Total Time": 484.426, "Actual Rows": 72593, "Actual Loops": 109197, "Index Cond": "(o_custkey = public.customer.c_custkey)", "Rows Removed by Index Recheck": 0, "Heap Fetches": 0}]}]}]}, "Triggers": [], "Planner Runtime": 0.759, "Total Runtime": 3898.474, "Unique SQL Id": 2798552886}}, "(16, 113)": {"explain_plan": {"Plan": {"Node Type": "Sort", "Startup Cost": 1000007781092.03, "Total Cost": 1000007781092.03, "Plan Rows": 1, "Plan Width": 40, "Sort Key": ["(\"substring\"((public.customer.c_phone)::text, 1, 2))"], "Plans": [{"Node Type": "Aggregate", "Strategy": "Plain", "Parent Relationship": "exec_init_plan", "Subplan Name": "InitPlan 1 (returns $0)", "Startup Cost": 1000007650219.14, "Total Cost": 1000007650219.15, "Plan Rows": 1, "Plan Width": 40, "Plans": [{"Node Type": "Seq Scan", "Parent Relationship": "Outer", "Relation Name": "customer", "Alias": "customer", "Startup Cost": 10000000012.75, "Total Cost": 1000007650100.0, "Plan Rows": 47655, "Plan Width": 8, "Filter": "((c_acctbal > 0::double precision) AND (\"substring\"((c_phone)::text, 1, 2) = ANY ('{20,40,22,30,39,42,21}'::text[])))"}]}, {"Node Type": "Aggregate", "Strategy": "Hashed", "Parent Relationship": "Outer", "Startup Cost": 130872.85, "Total Cost": 130872.87, "Plan Rows": 1, "Plan Width": 40, "Group By Key": ["\"substring\"((public.customer.c_phone)::text, 1, 2)"], "Plans": [{"Node Type": "Nested Loop", "Parent Relationship": "Outer", "Join Type": "Anti", "Startup Cost": 0.0, "Total Cost": 130872.84, "Plan Rows": 1, "Plan Width": 24, "Inner Unique": false, "Plans": [{"Node Type": "Index Scan", "Parent Relationship": "Outer", "Scan Direction": "Forward", "Index Name": "customer_pkey", "Relation Name": "customer", "Alias": "customer", "Startup Cost": 0.0, "Total Cost": 105140.36, "Plan Rows": 17500, "Plan Width": 32, "Filter": "((c_acctbal > $0) AND (\"substring\"((c_phone)::text, 1, 2) = ANY ('{20,40,22,30,39,42,21}'::text[])))"}, {"Node Type": "Index Only Scan", "Parent Relationship": "Inner", "Scan Direction": "Forward", "Index Name": "idx_orders_custkey", "Relation Name": "orders", "Alias": "orders", "Startup Cost": 0.0, "Total Cost": 3.79, "Plan Rows": 4, "Plan Width": 8, "Index Cond": "(o_custkey = public.customer.c_custkey)"}]}]}]}, "Unique SQL Id": 2798552886}, "explain_analyze_plan": {"Plan": {"Node Type": "Sort", "Startup Cost": 1000007781092.03, "Total Cost": 1000007781092.03, "Plan Rows": 1, "Plan Width": 40, "Actual Startup Time": 4538.566, "Actual Total Time": 4538.567, "Actual Rows": 4, "Actual Loops": 1, "Sort Key": ["(\"substring\"((public.customer.c_phone)::text, 1, 2))"], "Sort Method": "quicksort", "Sort Space Used": 25, "Sort Space Type": "Memory", "Plans": [{"Node Type": "Aggregate", "Strategy": "Plain", "Parent Relationship": "exec_init_plan", "Subplan Name": "InitPlan 1 (returns $0)", "Startup Cost": 1000007650219.14, "Total Cost": 1000007650219.15, "Plan Rows": 1, "Plan Width": 40, "Actual Startup Time": 2004.286, "Actual Total Time": 2004.287, "Actual Rows": 1, "Actual Loops": 1, "Plans": [{"Node Type": "Seq Scan", "Parent Relationship": "Outer", "Relation Name": "customer", "Alias": "customer", "Startup Cost": 10000000012.75, "Total Cost": 1000007650100.0, "Plan Rows": 47655, "Plan Width": 8, "Actual Startup Time": 0.036, "Actual Total Time": 1908.298, "Actual Rows": 218121, "Actual Loops": 1, "Filter": "((c_acctbal > 0::double precision) AND (\"substring\"((c_phone)::text, 1, 2) = ANY ('{20,40,22,30,39,42,21}'::text[])))", "Rows Removed by Filter": 1281879}]}, {"Node Type": "Aggregate", "Strategy": "Hashed", "Parent Relationship": "Outer", "Startup Cost": 130872.85, "Total Cost": 130872.87, "Plan Rows": 1, "Plan Width": 40, "Actual Startup Time": 4538.513, "Actual Total Time": 4538.515, "Actual Rows": 4, "Actual Loops": 1, "Group By Key": ["\"substring\"((public.customer.c_phone)::text, 1, 2)"], "Plans": [{"Node Type": "Nested Loop", "Parent Relationship": "Outer", "Join Type": "Anti", "Startup Cost": 0.0, "Total Cost": 130872.84, "Plan Rows": 1, "Plan Width": 24, "Actual Startup Time": 2004.513, "Actual Total Time": 4515.757, "Actual Rows": 36604, "Actual Loops": 1, "Inner Unique": false, "Plans": [{"Node Type": "Index Scan", "Parent Relationship": "Outer", "Scan Direction": "Forward", "Index Name": "customer_pkey", "Relation Name": "customer", "Alias": "customer", "Startup Cost": 0.0, "Total Cost": 105140.36, "Plan Rows": 17500, "Plan Width": 32, "Actual Startup Time": 2004.451, "Actual Total Time": 3936.374, "Actual Rows": 109197, "Actual Loops": 1, "Filter": "((c_acctbal > $0) AND (\"substring\"((c_phone)::text, 1, 2) = ANY ('{20,40,22,30,39,42,21}'::text[])))", "Rows Removed by Filter": 1390803}, {"Node Type": "Index Only Scan", "Parent Relationship": "Inner", "Scan Direction": "Forward", "Index Name": "idx_orders_custkey", "Relation Name": "orders", "Alias": "orders", "Startup Cost": 0.0, "Total Cost": 3.79, "Plan Rows": 4, "Plan Width": 8, "Actual Startup Time": 476.552, "Actual Total Time": 476.552, "Actual Rows": 72593, "Actual Loops": 109197, "Index Cond": "(o_custkey = public.customer.c_custkey)", "Rows Removed by Index Recheck": 0, "Heap Fetches": 0}]}]}]}, "Triggers": [], "Planner Runtime": 0.761, "Total Runtime": 4538.756, "Unique SQL Id": 2798552886}}, "(16, 114)": {"explain_plan": {"Plan": {"Node Type": "Sort", "Startup Cost": 326543.88, "Total Cost": 326543.89, "Plan Rows": 1, "Plan Width": 40, "Sort Key": ["(\"substring\"((public.customer.c_phone)::text, 1, 2))"], "Plans": [{"Node Type": "Aggregate", "Strategy": "Plain", "Parent Relationship": "exec_init_plan", "Subplan Name": "InitPlan 1 (returns $0)", "Startup Cost": 76620.14, "Total Cost": 76620.15, "Plan Rows": 1, "Plan Width": 40, "Plans": [{"Node Type": "Seq Scan", "Parent Relationship": "Outer", "Relation Name": "customer", "Alias": "customer", "Startup Cost": 12.95, "Total Cost": 76501.0, "Plan Rows": 47655, "Plan Width": 8, "Filter": "((c_acctbal > 0::double precision) AND (\"substring\"((c_phone)::text, 1, 2) = ANY ('{20,40,22,30,39,42,21}'::text[])))"}]}, {"Node Type": "Aggregate", "Strategy": "Hashed", "Parent Relationship": "Outer", "Startup Cost": 249923.71, "Total Cost": 249923.72, "Plan Rows": 1, "Plan Width": 40, "Group By Key": ["\"substring\"((public.customer.c_phone)::text, 1, 2)"], "Plans": [{"Node Type": "Nested Loop", "Parent Relationship": "Outer", "Join Type": "Anti", "Startup Cost": 3.75, "Total Cost": 249923.7, "Plan Rows": 1, "Plan Width": 24, "Inner Unique": false, "Plans": [{"Node Type": "Seq Scan", "Parent Relationship": "Outer", "Relation Name": "customer", "Alias": "customer", "Startup Cost": 0.0, "Total Cost": 76501.0, "Plan Rows": 17500, "Plan Width": 32, "Filter": "((c_acctbal > $0) AND (\"substring\"((c_phone)::text, 1, 2) = ANY ('{20,40,22,30,39,42,21}'::text[])))"}, {"Node Type": "Bitmap Heap Scan", "Parent Relationship": "Inner", "Relation Name": "orders", "Alias": "orders", "Startup Cost": 3.75, "Total Cost": 19.76, "Plan Rows": 4, "Plan Width": 8, "Recheck Cond": "(o_custkey = public.customer.c_custkey)", "Plans": [{"Node Type": "Bitmap Index Scan", "Parent Relationship": "Outer", "Index Name": "idx_orders_custkey", "Startup Cost": 0.0, "Total Cost": 3.75, "Plan Rows": 4, "Plan Width": 0, "Index Cond": "(o_custkey = public.customer.c_custkey)"}]}]}]}]}, "Unique SQL Id": 2798552886}, "explain_analyze_plan": {"Plan": {"Node Type": "Sort", "Startup Cost": 326543.88, "Total Cost": 326543.89, "Plan Rows": 1, "Plan Width": 40, "Actual Startup Time": 4492.233, "Actual Total Time": 4492.235, "Actual Rows": 4, "Actual Loops": 1, "Sort Key": ["(\"substring\"((public.customer.c_phone)::text, 1, 2))"], "Sort Method": "quicksort", "Sort Space Used": 25, "Sort Space Type": "Memory", "Plans": [{"Node Type": "Aggregate", "Strategy": "Plain", "Parent Relationship": "exec_init_plan", "Subplan Name": "InitPlan 1 (returns $0)", "Startup Cost": 76620.14, "Total Cost": 76620.15, "Plan Rows": 1, "Plan Width": 40, "Actual Startup Time": 1991.263, "Actual Total Time": 1991.264, "Actual Rows": 1, "Actual Loops": 1, "Plans": [{"Node Type": "Seq Scan", "Parent Relationship": "Outer", "Relation Name": "customer", "Alias": "customer", "Startup Cost": 12.95, "Total Cost": 76501.0, "Plan Rows": 47655, "Plan Width": 8, "Actual Startup Time": 0.029, "Actual Total Time": 1896.473, "Actual Rows": 218121, "Actual Loops": 1, "Filter": "((c_acctbal > 0::double precision) AND (\"substring\"((c_phone)::text, 1, 2) = ANY ('{20,40,22,30,39,42,21}'::text[])))", "Rows Removed by Filter": 1281879}]}, {"Node Type": "Aggregate", "Strategy": "Hashed", "Parent Relationship": "Outer", "Startup Cost": 249923.71, "Total Cost": 249923.72, "Plan Rows": 1, "Plan Width": 40, "Actual Startup Time": 4492.108, "Actual Total Time": 4492.121, "Actual Rows": 4, "Actual Loops": 1, "Group By Key": ["\"substring\"((public.customer.c_phone)::text, 1, 2)"], "Plans": [{"Node Type": "Nested Loop", "Parent Relationship": "Outer", "Join Type": "Anti", "Startup Cost": 3.75, "Total Cost": 249923.7, "Plan Rows": 1, "Plan Width": 24, "Actual Startup Time": 1991.407, "Actual Total Time": 4465.33, "Actual Rows": 36604, "Actual Loops": 1, "Inner Unique": false, "Plans": [{"Node Type": "Seq Scan", "Parent Relationship": "Outer", "Relation Name": "customer", "Alias": "customer", "Startup Cost": 0.0, "Total Cost": 76501.0, "Plan Rows": 17500, "Plan Width": 32, "Actual Startup Time": 1991.334, "Actual Total Time": 3313.189, "Actual Rows": 109197, "Actual Loops": 1, "Filter": "((c_acctbal > $0) AND (\"substring\"((c_phone)::text, 1, 2) = ANY ('{20,40,22,30,39,42,21}'::text[])))", "Rows Removed by Filter": 1390803}, {"Node Type": "Bitmap Heap Scan", "Parent Relationship": "Inner", "Relation Name": "orders", "Alias": "orders", "Startup Cost": 3.75, "Total Cost": 19.76, "Plan Rows": 4, "Plan Width": 8, "Actual Startup Time": 965.354, "Actual Total Time": 965.354, "Actual Rows": 72593, "Actual Loops": 109197, "Recheck Cond": "(o_custkey = public.customer.c_custkey)", "Rows Removed by Index Recheck": 0, "Exact Heap Blocks": 72593, "Lossy Heap Blocks": 72593, "Plans": [{"Node Type": "Bitmap Index Scan", "Parent Relationship": "Outer", "Index Name": "idx_orders_custkey", "Startup Cost": 0.0, "Total Cost": 3.75, "Plan Rows": 4, "Plan Width": 0, "Actual Startup Time": 601.574, "Actual Total Time": 601.574, "Actual Rows": 1091631, "Actual Loops": 109197, "Index Cond": "(o_custkey = public.customer.c_custkey)"}]}]}]}]}, "Triggers": [], "Planner Runtime": 0.755, "Total Runtime": 4492.429, "Unique SQL Id": 2798552886}}, "(16, 115)": {"explain_plan": {"Plan": {"Node Type": "Sort", "Startup Cost": 2000018337677.51, "Total Cost": 2000018337677.51, "Plan Rows": 1, "Plan Width": 40, "Sort Key": ["(\"substring\"((public.customer.c_phone)::text, 1, 2))"], "Plans": [{"Node Type": "Aggregate", "Strategy": "Plain", "Parent Relationship": "exec_init_plan", "Subplan Name": "InitPlan 1 (returns $0)", "Startup Cost": 1000007650219.14, "Total Cost": 1000007650219.15, "Plan Rows": 1, "Plan Width": 40, "Plans": [{"Node Type": "Seq Scan", "Parent Relationship": "Outer", "Relation Name": "customer", "Alias": "customer", "Startup Cost": 10000000012.75, "Total Cost": 1000007650100.0, "Plan Rows": 47655, "Plan Width": 8, "Filter": "((c_acctbal > 0::double precision) AND (\"substring\"((c_phone)::text, 1, 2) = ANY ('{20,40,22,30,39,42,21}'::text[])))"}]}, {"Node Type": "Aggregate", "Strategy": "Hashed", "Parent Relationship": "Outer", "Startup Cost": 1000010687458.33, "Total Cost": 1000010687458.35, "Plan Rows": 1, "Plan Width": 40, "Group By Key": ["\"substring\"((public.customer.c_phone)::text, 1, 2)"], "Plans": [{"Node Type": "Nested Loop", "Parent Relationship": "Outer", "Join Type": "Anti", "Startup Cost": 10000000003.75, "Total Cost": 1000010687458.32, "Plan Rows": 1, "Plan Width": 24, "Inner Unique": false, "Plans": [{"Node Type": "Index Scan", "Parent Relationship": "Outer", "Scan Direction": "Forward", "Index Name": "customer_pkey", "Relation Name": "customer", "Alias": "customer", "Startup Cost": 10000000000.0, "Total Cost": 1000010514035.62, "Plan Rows": 17500, "Plan Width": 32, "Filter": "((c_acctbal > $0) AND (\"substring\"((c_phone)::text, 1, 2) = ANY ('{20,40,22,30,39,42,21}'::text[])))"}, {"Node Type": "Bitmap Heap Scan", "Parent Relationship": "Inner", "Relation Name": "orders", "Alias": "orders", "Startup Cost": 3.75, "Total Cost": 19.76, "Plan Rows": 4, "Plan Width": 8, "Recheck Cond": "(o_custkey = public.customer.c_custkey)", "Plans": [{"Node Type": "Bitmap Index Scan", "Parent Relationship": "Outer", "Index Name": "idx_orders_custkey", "Startup Cost": 0.0, "Total Cost": 3.75, "Plan Rows": 4, "Plan Width": 0, "Index Cond": "(o_custkey = public.customer.c_custkey)"}]}]}]}]}, "Unique SQL Id": 2798552886}, "explain_analyze_plan": {"Plan": {"Node Type": "Sort", "Startup Cost": 2000018337677.51, "Total Cost": 2000018337677.51, "Plan Rows": 1, "Plan Width": 40, "Actual Startup Time": 5045.7, "Actual Total Time": 5045.7, "Actual Rows": 4, "Actual Loops": 1, "Sort Key": ["(\"substring\"((public.customer.c_phone)::text, 1, 2))"], "Sort Method": "quicksort", "Sort Space Used": 25, "Sort Space Type": "Memory", "Plans": [{"Node Type": "Aggregate", "Strategy": "Plain", "Parent Relationship": "exec_init_plan", "Subplan Name": "InitPlan 1 (returns $0)", "Startup Cost": 1000007650219.14, "Total Cost": 1000007650219.15, "Plan Rows": 1, "Plan Width": 40, "Actual Startup Time": 1994.893, "Actual Total Time": 1994.893, "Actual Rows": 1, "Actual Loops": 1, "Plans": [{"Node Type": "Seq Scan", "Parent Relationship": "Outer", "Relation Name": "customer", "Alias": "customer", "Startup Cost": 10000000012.75, "Total Cost": 1000007650100.0, "Plan Rows": 47655, "Plan Width": 8, "Actual Startup Time": 0.036, "Actual Total Time": 1899.86, "Actual Rows": 218121, "Actual Loops": 1, "Filter": "((c_acctbal > 0::double precision) AND (\"substring\"((c_phone)::text, 1, 2) = ANY ('{20,40,22,30,39,42,21}'::text[])))", "Rows Removed by Filter": 1281879}]}, {"Node Type": "Aggregate", "Strategy": "Hashed", "Parent Relationship": "Outer", "Startup Cost": 1000010687458.33, "Total Cost": 1000010687458.35, "Plan Rows": 1, "Plan Width": 40, "Actual Startup Time": 5045.657, "Actual Total Time": 5045.657, "Actual Rows": 4, "Actual Loops": 1, "Group By Key": ["\"substring\"((public.customer.c_phone)::text, 1, 2)"], "Plans": [{"Node Type": "Nested Loop", "Parent Relationship": "Outer", "Join Type": "Anti", "Startup Cost": 10000000003.75, "Total Cost": 1000010687458.32, "Plan Rows": 1, "Plan Width": 24, "Actual Startup Time": 1995.077, "Actual Total Time": 5019.031, "Actual Rows": 36604, "Actual Loops": 1, "Inner Unique": false, "Plans": [{"Node Type": "Index Scan", "Parent Relationship": "Outer", "Scan Direction": "Forward", "Index Name": "customer_pkey", "Relation Name": "customer", "Alias": "customer", "Startup Cost": 10000000000.0, "Total Cost": 1000010514035.62, "Plan Rows": 17500, "Plan Width": 32, "Actual Startup Time": 1995.001, "Actual Total Time": 3864.643, "Actual Rows": 109197, "Actual Loops": 1, "Filter": "((c_acctbal > $0) AND (\"substring\"((c_phone)::text, 1, 2) = ANY ('{20,40,22,30,39,42,21}'::text[])))", "Rows Removed by Filter": 1390803}, {"Node Type": "Bitmap Heap Scan", "Parent Relationship": "Inner", "Relation Name": "orders", "Alias": "orders", "Startup Cost": 3.75, "Total Cost": 19.76, "Plan Rows": 4, "Plan Width": 8, "Actual Startup Time": 963.288, "Actual Total Time": 963.288, "Actual Rows": 72593, "Actual Loops": 109197, "Recheck Cond": "(o_custkey = public.customer.c_custkey)", "Rows Removed by Index Recheck": 0, "Exact Heap Blocks": 72593, "Lossy Heap Blocks": 72593, "Plans": [{"Node Type": "Bitmap Index Scan", "Parent Relationship": "Outer", "Index Name": "idx_orders_custkey", "Startup Cost": 0.0, "Total Cost": 3.75, "Plan Rows": 4, "Plan Width": 0, "Actual Startup Time": 588.006, "Actual Total Time": 588.006, "Actual Rows": 1091631, "Actual Loops": 109197, "Index Cond": "(o_custkey = public.customer.c_custkey)"}]}]}]}]}, "Triggers": [], "Planner Runtime": 0.768, "Total Runtime": 5045.883, "Unique SQL Id": 2798552886}}, "(16, 116)": {"explain_plan": {"Plan": {"Node Type": "Sort", "Startup Cost": 274230.79, "Total Cost": 274230.8, "Plan Rows": 1, "Plan Width": 40, "Sort Key": ["(\"substring\"((public.customer.c_phone)::text, 1, 2))"], "Plans": [{"Node Type": "Aggregate", "Strategy": "Plain", "Parent Relationship": "exec_init_plan", "Subplan Name": "InitPlan 1 (returns $0)", "Startup Cost": 76620.14, "Total Cost": 76620.15, "Plan Rows": 1, "Plan Width": 40, "Plans": [{"Node Type": "Seq Scan", "Parent Relationship": "Outer", "Relation Name": "customer", "Alias": "customer", "Startup Cost": 12.95, "Total Cost": 76501.0, "Plan Rows": 47655, "Plan Width": 8, "Filter": "((c_acctbal > 0::double precision) AND (\"substring\"((c_phone)::text, 1, 2) = ANY ('{20,40,22,30,39,42,21}'::text[])))"}]}, {"Node Type": "Aggregate", "Strategy": "Hashed", "Parent Relationship": "Outer", "Startup Cost": 197610.62, "Total Cost": 197610.63, "Plan Rows": 1, "Plan Width": 40, "Group By Key": ["\"substring\"((public.customer.c_phone)::text, 1, 2)"], "Plans": [{"Node Type": "Nested Loop", "Parent Relationship": "Outer", "Join Type": "Anti", "Startup Cost": 0.0, "Total Cost": 197610.61, "Plan Rows": 1, "Plan Width": 24, "Inner Unique": false, "Plans": [{"Node Type": "Seq Scan", "Parent Relationship": "Outer", "Relation Name": "customer", "Alias": "customer", "Startup Cost": 0.0, "Total Cost": 76501.0, "Plan Rows": 17500, "Plan Width": 32, "Filter": "((c_acctbal > $0) AND (\"substring\"((c_phone)::text, 1, 2) = ANY ('{20,40,22,30,39,42,21}'::text[])))"}, {"Node Type": "Index Scan", "Parent Relationship": "Inner", "Scan Direction": "Forward", "Index Name": "idx_orders_custkey", "Relation Name": "orders", "Alias": "orders", "Startup Cost": 0.0, "Total Cost": 17.99, "Plan Rows": 4, "Plan Width": 8, "Index Cond": "(o_custkey = public.customer.c_custkey)"}]}]}]}, "Unique SQL Id": 2798552886}, "explain_analyze_plan": {"Plan": {"Node Type": "Sort", "Startup Cost": 274230.79, "Total Cost": 274230.8, "Plan Rows": 1, "Plan Width": 40, "Actual Startup Time": 4031.791, "Actual Total Time": 4031.792, "Actual Rows": 4, "Actual Loops": 1, "Sort Key": ["(\"substring\"((public.customer.c_phone)::text, 1, 2))"], "Sort Method": "quicksort", "Sort Space Used": 25, "Sort Space Type": "Memory", "Plans": [{"Node Type": "Aggregate", "Strategy": "Plain", "Parent Relationship": "exec_init_plan", "Subplan Name": "InitPlan 1 (returns $0)", "Startup Cost": 76620.14, "Total Cost": 76620.15, "Plan Rows": 1, "Plan Width": 40, "Actual Startup Time": 1993.693, "Actual Total Time": 1993.694, "Actual Rows": 1, "Actual Loops": 1, "Plans": [{"Node Type": "Seq Scan", "Parent Relationship": "Outer", "Relation Name": "customer", "Alias": "customer", "Startup Cost": 12.95, "Total Cost": 76501.0, "Plan Rows": 47655, "Plan Width": 8, "Actual Startup Time": 0.034, "Actual Total Time": 1897.714, "Actual Rows": 218121, "Actual Loops": 1, "Filter": "((c_acctbal > 0::double precision) AND (\"substring\"((c_phone)::text, 1, 2) = ANY ('{20,40,22,30,39,42,21}'::text[])))", "Rows Removed by Filter": 1281879}]}, {"Node Type": "Aggregate", "Strategy": "Hashed", "Parent Relationship": "Outer", "Startup Cost": 197610.62, "Total Cost": 197610.63, "Plan Rows": 1, "Plan Width": 40, "Actual Startup Time": 4031.76, "Actual Total Time": 4031.761, "Actual Rows": 4, "Actual Loops": 1, "Group By Key": ["\"substring\"((public.customer.c_phone)::text, 1, 2)"], "Plans": [{"Node Type": "Nested Loop", "Parent Relationship": "Outer", "Join Type": "Anti", "Startup Cost": 0.0, "Total Cost": 197610.61, "Plan Rows": 1, "Plan Width": 24, "Actual Startup Time": 1993.926, "Actual Total Time": 4008.675, "Actual Rows": 36604, "Actual Loops": 1, "Inner Unique": false, "Plans": [{"Node Type": "Seq Scan", "Parent Relationship": "Outer", "Relation Name": "customer", "Alias": "customer", "Startup Cost": 0.0, "Total Cost": 76501.0, "Plan Rows": 17500, "Plan Width": 32, "Actual Startup Time": 1993.871, "Actual Total Time": 3286.163, "Actual Rows": 109197, "Actual Loops": 1, "Filter": "((c_acctbal > $0) AND (\"substring\"((c_phone)::text, 1, 2) = ANY ('{20,40,22,30,39,42,21}'::text[])))", "Rows Removed by Filter": 1390803}, {"Node Type": "Index Scan", "Parent Relationship": "Inner", "Scan Direction": "Forward", "Index Name": "idx_orders_custkey", "Relation Name": "orders", "Alias": "orders", "Startup Cost": 0.0, "Total Cost": 17.99, "Plan Rows": 4, "Plan Width": 8, "Actual Startup Time": 615.26, "Actual Total Time": 615.26, "Actual Rows": 72593, "Actual Loops": 109197, "Index Cond": "(o_custkey = public.customer.c_custkey)", "Rows Removed by Index Recheck": 0}]}]}]}, "Triggers": [], "Planner Runtime": 0.724, "Total Runtime": 4031.974, "Unique SQL Id": 2798552886}}, "(16, 117)": {"explain_plan": {"Plan": {"Node Type": "Sort", "Startup Cost": 1000007876469.15, "Total Cost": 1000007876469.15, "Plan Rows": 1, "Plan Width": 40, "Sort Key": ["(\"substring\"((public.customer.c_phone)::text, 1, 2))"], "Plans": [{"Node Type": "Aggregate", "Strategy": "Plain", "Parent Relationship": "exec_init_plan", "Subplan Name": "InitPlan 1 (returns $0)", "Startup Cost": 1000007650219.14, "Total Cost": 1000007650219.15, "Plan Rows": 1, "Plan Width": 40, "Plans": [{"Node Type": "Seq Scan", "Parent Relationship": "Outer", "Relation Name": "customer", "Alias": "customer", "Startup Cost": 10000000012.75, "Total Cost": 1000007650100.0, "Plan Rows": 47655, "Plan Width": 8, "Filter": "((c_acctbal > 0::double precision) AND (\"substring\"((c_phone)::text, 1, 2) = ANY ('{20,40,22,30,39,42,21}'::text[])))"}]}, {"Node Type": "Aggregate", "Strategy": "Hashed", "Parent Relationship": "Outer", "Startup Cost": 226249.97, "Total Cost": 226249.99, "Plan Rows": 1, "Plan Width": 40, "Group By Key": ["\"substring\"((public.customer.c_phone)::text, 1, 2)"], "Plans": [{"Node Type": "Nested Loop", "Parent Relationship": "Outer", "Join Type": "Anti", "Startup Cost": 0.0, "Total Cost": 226249.97, "Plan Rows": 1, "Plan Width": 24, "Inner Unique": false, "Plans": [{"Node Type": "Index Scan", "Parent Relationship": "Outer", "Scan Direction": "Forward", "Index Name": "customer_pkey", "Relation Name": "customer", "Alias": "customer", "Startup Cost": 0.0, "Total Cost": 105140.36, "Plan Rows": 17500, "Plan Width": 32, "Filter": "((c_acctbal > $0) AND (\"substring\"((c_phone)::text, 1, 2) = ANY ('{20,40,22,30,39,42,21}'::text[])))"}, {"Node Type": "Index Scan", "Parent Relationship": "Inner", "Scan Direction": "Forward", "Index Name": "idx_orders_custkey", "Relation Name": "orders", "Alias": "orders", "Startup Cost": 0.0, "Total Cost": 17.99, "Plan Rows": 4, "Plan Width": 8, "Index Cond": "(o_custkey = public.customer.c_custkey)"}]}]}]}, "Unique SQL Id": 2798552886}, "explain_analyze_plan": {"Plan": {"Node Type": "Sort", "Startup Cost": 1000007876469.15, "Total Cost": 1000007876469.15, "Plan Rows": 1, "Plan Width": 40, "Actual Startup Time": 4555.194, "Actual Total Time": 4555.195, "Actual Rows": 4, "Actual Loops": 1, "Sort Key": ["(\"substring\"((public.customer.c_phone)::text, 1, 2))"], "Sort Method": "quicksort", "Sort Space Used": 25, "Sort Space Type": "Memory", "Plans": [{"Node Type": "Aggregate", "Strategy": "Plain", "Parent Relationship": "exec_init_plan", "Subplan Name": "InitPlan 1 (returns $0)", "Startup Cost": 1000007650219.14, "Total Cost": 1000007650219.15, "Plan Rows": 1, "Plan Width": 40, "Actual Startup Time": 2007.503, "Actual Total Time": 2007.503, "Actual Rows": 1, "Actual Loops": 1, "Plans": [{"Node Type": "Seq Scan", "Parent Relationship": "Outer", "Relation Name": "customer", "Alias": "customer", "Startup Cost": 10000000012.75, "Total Cost": 1000007650100.0, "Plan Rows": 47655, "Plan Width": 8, "Actual Startup Time": 0.039, "Actual Total Time": 1912.456, "Actual Rows": 218121, "Actual Loops": 1, "Filter": "((c_acctbal > 0::double precision) AND (\"substring\"((c_phone)::text, 1, 2) = ANY ('{20,40,22,30,39,42,21}'::text[])))", "Rows Removed by Filter": 1281879}]}, {"Node Type": "Aggregate", "Strategy": "Hashed", "Parent Relationship": "Outer", "Startup Cost": 226249.97, "Total Cost": 226249.99, "Plan Rows": 1, "Plan Width": 40, "Actual Startup Time": 4555.155, "Actual Total Time": 4555.158, "Actual Rows": 4, "Actual Loops": 1, "Group By Key": ["\"substring\"((public.customer.c_phone)::text, 1, 2)"], "Plans": [{"Node Type": "Nested Loop", "Parent Relationship": "Outer", "Join Type": "Anti", "Startup Cost": 0.0, "Total Cost": 226249.97, "Plan Rows": 1, "Plan Width": 24, "Actual Startup Time": 2007.614, "Actual Total Time": 4531.932, "Actual Rows": 36604, "Actual Loops": 1, "Inner Unique": false, "Plans": [{"Node Type": "Index Scan", "Parent Relationship": "Outer", "Scan Direction": "Forward", "Index Name": "customer_pkey", "Relation Name": "customer", "Alias": "customer", "Startup Cost": 0.0, "Total Cost": 105140.36, "Plan Rows": 17500, "Plan Width": 32, "Actual Startup Time": 2007.576, "Actual Total Time": 3796.184, "Actual Rows": 109197, "Actual Loops": 1, "Filter": "((c_acctbal > $0) AND (\"substring\"((c_phone)::text, 1, 2) = ANY ('{20,40,22,30,39,42,21}'::text[])))", "Rows Removed by Filter": 1390803}, {"Node Type": "Index Scan", "Parent Relationship": "Inner", "Scan Direction": "Forward", "Index Name": "idx_orders_custkey", "Relation Name": "orders", "Alias": "orders", "Startup Cost": 0.0, "Total Cost": 17.99, "Plan Rows": 4, "Plan Width": 8, "Actual Startup Time": 628.013, "Actual Total Time": 628.013, "Actual Rows": 72593, "Actual Loops": 109197, "Index Cond": "(o_custkey = public.customer.c_custkey)", "Rows Removed by Index Recheck": 0}]}]}]}, "Triggers": [], "Planner Runtime": 0.762, "Total Runtime": 4555.366, "Unique SQL Id": 2798552886}}, "(16, 118)": {"explain_plan": {"Plan": {"Node Type": "Sort", "Startup Cost": 326543.88, "Total Cost": 326543.89, "Plan Rows": 1, "Plan Width": 40, "Sort Key": ["(\"substring\"((public.customer.c_phone)::text, 1, 2))"], "Plans": [{"Node Type": "Aggregate", "Strategy": "Plain", "Parent Relationship": "exec_init_plan", "Subplan Name": "InitPlan 1 (returns $0)", "Startup Cost": 76620.14, "Total Cost": 76620.15, "Plan Rows": 1, "Plan Width": 40, "Plans": [{"Node Type": "Seq Scan", "Parent Relationship": "Outer", "Relation Name": "customer", "Alias": "customer", "Startup Cost": 12.95, "Total Cost": 76501.0, "Plan Rows": 47655, "Plan Width": 8, "Filter": "((c_acctbal > 0::double precision) AND (\"substring\"((c_phone)::text, 1, 2) = ANY ('{20,40,22,30,39,42,21}'::text[])))"}]}, {"Node Type": "Aggregate", "Strategy": "Hashed", "Parent Relationship": "Outer", "Startup Cost": 249923.71, "Total Cost": 249923.72, "Plan Rows": 1, "Plan Width": 40, "Group By Key": ["\"substring\"((public.customer.c_phone)::text, 1, 2)"], "Plans": [{"Node Type": "Nested Loop", "Parent Relationship": "Outer", "Join Type": "Anti", "Startup Cost": 3.75, "Total Cost": 249923.7, "Plan Rows": 1, "Plan Width": 24, "Inner Unique": false, "Plans": [{"Node Type": "Seq Scan", "Parent Relationship": "Outer", "Relation Name": "customer", "Alias": "customer", "Startup Cost": 0.0, "Total Cost": 76501.0, "Plan Rows": 17500, "Plan Width": 32, "Filter": "((c_acctbal > $0) AND (\"substring\"((c_phone)::text, 1, 2) = ANY ('{20,40,22,30,39,42,21}'::text[])))"}, {"Node Type": "Bitmap Heap Scan", "Parent Relationship": "Inner", "Relation Name": "orders", "Alias": "orders", "Startup Cost": 3.75, "Total Cost": 19.76, "Plan Rows": 4, "Plan Width": 8, "Recheck Cond": "(o_custkey = public.customer.c_custkey)", "Plans": [{"Node Type": "Bitmap Index Scan", "Parent Relationship": "Outer", "Index Name": "idx_orders_custkey", "Startup Cost": 0.0, "Total Cost": 3.75, "Plan Rows": 4, "Plan Width": 0, "Index Cond": "(o_custkey = public.customer.c_custkey)"}]}]}]}]}, "Unique SQL Id": 2798552886}, "explain_analyze_plan": {"Plan": {"Node Type": "Sort", "Startup Cost": 326543.88, "Total Cost": 326543.89, "Plan Rows": 1, "Plan Width": 40, "Actual Startup Time": 4492.233, "Actual Total Time": 4492.235, "Actual Rows": 4, "Actual Loops": 1, "Sort Key": ["(\"substring\"((public.customer.c_phone)::text, 1, 2))"], "Sort Method": "quicksort", "Sort Space Used": 25, "Sort Space Type": "Memory", "Plans": [{"Node Type": "Aggregate", "Strategy": "Plain", "Parent Relationship": "exec_init_plan", "Subplan Name": "InitPlan 1 (returns $0)", "Startup Cost": 76620.14, "Total Cost": 76620.15, "Plan Rows": 1, "Plan Width": 40, "Actual Startup Time": 1991.263, "Actual Total Time": 1991.264, "Actual Rows": 1, "Actual Loops": 1, "Plans": [{"Node Type": "Seq Scan", "Parent Relationship": "Outer", "Relation Name": "customer", "Alias": "customer", "Startup Cost": 12.95, "Total Cost": 76501.0, "Plan Rows": 47655, "Plan Width": 8, "Actual Startup Time": 0.029, "Actual Total Time": 1896.473, "Actual Rows": 218121, "Actual Loops": 1, "Filter": "((c_acctbal > 0::double precision) AND (\"substring\"((c_phone)::text, 1, 2) = ANY ('{20,40,22,30,39,42,21}'::text[])))", "Rows Removed by Filter": 1281879}]}, {"Node Type": "Aggregate", "Strategy": "Hashed", "Parent Relationship": "Outer", "Startup Cost": 249923.71, "Total Cost": 249923.72, "Plan Rows": 1, "Plan Width": 40, "Actual Startup Time": 4492.108, "Actual Total Time": 4492.121, "Actual Rows": 4, "Actual Loops": 1, "Group By Key": ["\"substring\"((public.customer.c_phone)::text, 1, 2)"], "Plans": [{"Node Type": "Nested Loop", "Parent Relationship": "Outer", "Join Type": "Anti", "Startup Cost": 3.75, "Total Cost": 249923.7, "Plan Rows": 1, "Plan Width": 24, "Actual Startup Time": 1991.407, "Actual Total Time": 4465.33, "Actual Rows": 36604, "Actual Loops": 1, "Inner Unique": false, "Plans": [{"Node Type": "Seq Scan", "Parent Relationship": "Outer", "Relation Name": "customer", "Alias": "customer", "Startup Cost": 0.0, "Total Cost": 76501.0, "Plan Rows": 17500, "Plan Width": 32, "Actual Startup Time": 1991.334, "Actual Total Time": 3313.189, "Actual Rows": 109197, "Actual Loops": 1, "Filter": "((c_acctbal > $0) AND (\"substring\"((c_phone)::text, 1, 2) = ANY ('{20,40,22,30,39,42,21}'::text[])))", "Rows Removed by Filter": 1390803}, {"Node Type": "Bitmap Heap Scan", "Parent Relationship": "Inner", "Relation Name": "orders", "Alias": "orders", "Startup Cost": 3.75, "Total Cost": 19.76, "Plan Rows": 4, "Plan Width": 8, "Actual Startup Time": 965.354, "Actual Total Time": 965.354, "Actual Rows": 72593, "Actual Loops": 109197, "Recheck Cond": "(o_custkey = public.customer.c_custkey)", "Rows Removed by Index Recheck": 0, "Exact Heap Blocks": 72593, "Lossy Heap Blocks": 72593, "Plans": [{"Node Type": "Bitmap Index Scan", "Parent Relationship": "Outer", "Index Name": "idx_orders_custkey", "Startup Cost": 0.0, "Total Cost": 3.75, "Plan Rows": 4, "Plan Width": 0, "Actual Startup Time": 601.574, "Actual Total Time": 601.574, "Actual Rows": 1091631, "Actual Loops": 109197, "Index Cond": "(o_custkey = public.customer.c_custkey)"}]}]}]}]}, "Triggers": [], "Planner Runtime": 0.755, "Total Runtime": 4492.429, "Unique SQL Id": 2798552886}}, "(16, 119)": {"explain_plan": {"Plan": {"Node Type": "Sort", "Startup Cost": 2000018337677.51, "Total Cost": 2000018337677.51, "Plan Rows": 1, "Plan Width": 40, "Sort Key": ["(\"substring\"((public.customer.c_phone)::text, 1, 2))"], "Plans": [{"Node Type": "Aggregate", "Strategy": "Plain", "Parent Relationship": "exec_init_plan", "Subplan Name": "InitPlan 1 (returns $0)", "Startup Cost": 1000007650219.14, "Total Cost": 1000007650219.15, "Plan Rows": 1, "Plan Width": 40, "Plans": [{"Node Type": "Seq Scan", "Parent Relationship": "Outer", "Relation Name": "customer", "Alias": "customer", "Startup Cost": 10000000012.75, "Total Cost": 1000007650100.0, "Plan Rows": 47655, "Plan Width": 8, "Filter": "((c_acctbal > 0::double precision) AND (\"substring\"((c_phone)::text, 1, 2) = ANY ('{20,40,22,30,39,42,21}'::text[])))"}]}, {"Node Type": "Aggregate", "Strategy": "Hashed", "Parent Relationship": "Outer", "Startup Cost": 1000010687458.33, "Total Cost": 1000010687458.35, "Plan Rows": 1, "Plan Width": 40, "Group By Key": ["\"substring\"((public.customer.c_phone)::text, 1, 2)"], "Plans": [{"Node Type": "Nested Loop", "Parent Relationship": "Outer", "Join Type": "Anti", "Startup Cost": 10000000003.75, "Total Cost": 1000010687458.32, "Plan Rows": 1, "Plan Width": 24, "Inner Unique": false, "Plans": [{"Node Type": "Index Scan", "Parent Relationship": "Outer", "Scan Direction": "Forward", "Index Name": "customer_pkey", "Relation Name": "customer", "Alias": "customer", "Startup Cost": 10000000000.0, "Total Cost": 1000010514035.62, "Plan Rows": 17500, "Plan Width": 32, "Filter": "((c_acctbal > $0) AND (\"substring\"((c_phone)::text, 1, 2) = ANY ('{20,40,22,30,39,42,21}'::text[])))"}, {"Node Type": "Bitmap Heap Scan", "Parent Relationship": "Inner", "Relation Name": "orders", "Alias": "orders", "Startup Cost": 3.75, "Total Cost": 19.76, "Plan Rows": 4, "Plan Width": 8, "Recheck Cond": "(o_custkey = public.customer.c_custkey)", "Plans": [{"Node Type": "Bitmap Index Scan", "Parent Relationship": "Outer", "Index Name": "idx_orders_custkey", "Startup Cost": 0.0, "Total Cost": 3.75, "Plan Rows": 4, "Plan Width": 0, "Index Cond": "(o_custkey = public.customer.c_custkey)"}]}]}]}]}, "Unique SQL Id": 2798552886}, "explain_analyze_plan": {"Plan": {"Node Type": "Sort", "Startup Cost": 2000018337677.51, "Total Cost": 2000018337677.51, "Plan Rows": 1, "Plan Width": 40, "Actual Startup Time": 5045.7, "Actual Total Time": 5045.7, "Actual Rows": 4, "Actual Loops": 1, "Sort Key": ["(\"substring\"((public.customer.c_phone)::text, 1, 2))"], "Sort Method": "quicksort", "Sort Space Used": 25, "Sort Space Type": "Memory", "Plans": [{"Node Type": "Aggregate", "Strategy": "Plain", "Parent Relationship": "exec_init_plan", "Subplan Name": "InitPlan 1 (returns $0)", "Startup Cost": 1000007650219.14, "Total Cost": 1000007650219.15, "Plan Rows": 1, "Plan Width": 40, "Actual Startup Time": 1994.893, "Actual Total Time": 1994.893, "Actual Rows": 1, "Actual Loops": 1, "Plans": [{"Node Type": "Seq Scan", "Parent Relationship": "Outer", "Relation Name": "customer", "Alias": "customer", "Startup Cost": 10000000012.75, "Total Cost": 1000007650100.0, "Plan Rows": 47655, "Plan Width": 8, "Actual Startup Time": 0.036, "Actual Total Time": 1899.86, "Actual Rows": 218121, "Actual Loops": 1, "Filter": "((c_acctbal > 0::double precision) AND (\"substring\"((c_phone)::text, 1, 2) = ANY ('{20,40,22,30,39,42,21}'::text[])))", "Rows Removed by Filter": 1281879}]}, {"Node Type": "Aggregate", "Strategy": "Hashed", "Parent Relationship": "Outer", "Startup Cost": 1000010687458.33, "Total Cost": 1000010687458.35, "Plan Rows": 1, "Plan Width": 40, "Actual Startup Time": 5045.657, "Actual Total Time": 5045.657, "Actual Rows": 4, "Actual Loops": 1, "Group By Key": ["\"substring\"((public.customer.c_phone)::text, 1, 2)"], "Plans": [{"Node Type": "Nested Loop", "Parent Relationship": "Outer", "Join Type": "Anti", "Startup Cost": 10000000003.75, "Total Cost": 1000010687458.32, "Plan Rows": 1, "Plan Width": 24, "Actual Startup Time": 1995.077, "Actual Total Time": 5019.031, "Actual Rows": 36604, "Actual Loops": 1, "Inner Unique": false, "Plans": [{"Node Type": "Index Scan", "Parent Relationship": "Outer", "Scan Direction": "Forward", "Index Name": "customer_pkey", "Relation Name": "customer", "Alias": "customer", "Startup Cost": 10000000000.0, "Total Cost": 1000010514035.62, "Plan Rows": 17500, "Plan Width": 32, "Actual Startup Time": 1995.001, "Actual Total Time": 3864.643, "Actual Rows": 109197, "Actual Loops": 1, "Filter": "((c_acctbal > $0) AND (\"substring\"((c_phone)::text, 1, 2) = ANY ('{20,40,22,30,39,42,21}'::text[])))", "Rows Removed by Filter": 1390803}, {"Node Type": "Bitmap Heap Scan", "Parent Relationship": "Inner", "Relation Name": "orders", "Alias": "orders", "Startup Cost": 3.75, "Total Cost": 19.76, "Plan Rows": 4, "Plan Width": 8, "Actual Startup Time": 963.288, "Actual Total Time": 963.288, "Actual Rows": 72593, "Actual Loops": 109197, "Recheck Cond": "(o_custkey = public.customer.c_custkey)", "Rows Removed by Index Recheck": 0, "Exact Heap Blocks": 72593, "Lossy Heap Blocks": 72593, "Plans": [{"Node Type": "Bitmap Index Scan", "Parent Relationship": "Outer", "Index Name": "idx_orders_custkey", "Startup Cost": 0.0, "Total Cost": 3.75, "Plan Rows": 4, "Plan Width": 0, "Actual Startup Time": 588.006, "Actual Total Time": 588.006, "Actual Rows": 1091631, "Actual Loops": 109197, "Index Cond": "(o_custkey = public.customer.c_custkey)"}]}]}]}]}, "Triggers": [], "Planner Runtime": 0.768, "Total Runtime": 5045.883, "Unique SQL Id": 2798552886}}, "(16, 120)": {"explain_plan": {"Plan": {"Node Type": "Sort", "Startup Cost": 178853.67, "Total Cost": 178853.67, "Plan Rows": 1, "Plan Width": 40, "Sort Key": ["(\"substring\"((public.customer.c_phone)::text, 1, 2))"], "Plans": [{"Node Type": "Aggregate", "Strategy": "Plain", "Parent Relationship": "exec_init_plan", "Subplan Name": "InitPlan 1 (returns $0)", "Startup Cost": 76620.14, "Total Cost": 76620.15, "Plan Rows": 1, "Plan Width": 40, "Plans": [{"Node Type": "Seq Scan", "Parent Relationship": "Outer", "Relation Name": "customer", "Alias": "customer", "Startup Cost": 12.95, "Total Cost": 76501.0, "Plan Rows": 47655, "Plan Width": 8, "Filter": "((c_acctbal > 0::double precision) AND (\"substring\"((c_phone)::text, 1, 2) = ANY ('{20,40,22,30,39,42,21}'::text[])))"}]}, {"Node Type": "Aggregate", "Strategy": "Hashed", "Parent Relationship": "Outer", "Startup Cost": 102233.49, "Total Cost": 102233.51, "Plan Rows": 1, "Plan Width": 40, "Group By Key": ["\"substring\"((public.customer.c_phone)::text, 1, 2)"], "Plans": [{"Node Type": "Nested Loop", "Parent Relationship": "Outer", "Join Type": "Anti", "Startup Cost": 0.0, "Total Cost": 102233.49, "Plan Rows": 1, "Plan Width": 24, "Inner Unique": false, "Plans": [{"Node Type": "Seq Scan", "Parent Relationship": "Outer", "Relation Name": "customer", "Alias": "customer", "Startup Cost": 0.0, "Total Cost": 76501.0, "Plan Rows": 17500, "Plan Width": 32, "Filter": "((c_acctbal > $0) AND (\"substring\"((c_phone)::text, 1, 2) = ANY ('{20,40,22,30,39,42,21}'::text[])))"}, {"Node Type": "Index Only Scan", "Parent Relationship": "Inner", "Scan Direction": "Forward", "Index Name": "idx_orders_custkey", "Relation Name": "orders", "Alias": "orders", "Startup Cost": 0.0, "Total Cost": 3.79, "Plan Rows": 4, "Plan Width": 8, "Index Cond": "(o_custkey = public.customer.c_custkey)"}]}]}]}, "Unique SQL Id": 2798552886}, "explain_analyze_plan": {"Plan": {"Node Type": "Sort", "Startup Cost": 178853.67, "Total Cost": 178853.67, "Plan Rows": 1, "Plan Width": 40, "Actual Startup Time": 3898.225, "Actual Total Time": 3898.226, "Actual Rows": 4, "Actual Loops": 1, "Sort Key": ["(\"substring\"((public.customer.c_phone)::text, 1, 2))"], "Sort Method": "quicksort", "Sort Space Used": 25, "Sort Space Type": "Memory", "Plans": [{"Node Type": "Aggregate", "Strategy": "Plain", "Parent Relationship": "exec_init_plan", "Subplan Name": "InitPlan 1 (returns $0)", "Startup Cost": 76620.14, "Total Cost": 76620.15, "Plan Rows": 1, "Plan Width": 40, "Actual Startup Time": 1993.797, "Actual Total Time": 1993.797, "Actual Rows": 1, "Actual Loops": 1, "Plans": [{"Node Type": "Seq Scan", "Parent Relationship": "Outer", "Relation Name": "customer", "Alias": "customer", "Startup Cost": 12.95, "Total Cost": 76501.0, "Plan Rows": 47655, "Plan Width": 8, "Actual Startup Time": 0.028, "Actual Total Time": 1898.824, "Actual Rows": 218121, "Actual Loops": 1, "Filter": "((c_acctbal > 0::double precision) AND (\"substring\"((c_phone)::text, 1, 2) = ANY ('{20,40,22,30,39,42,21}'::text[])))", "Rows Removed by Filter": 1281879}]}, {"Node Type": "Aggregate", "Strategy": "Hashed", "Parent Relationship": "Outer", "Startup Cost": 102233.49, "Total Cost": 102233.51, "Plan Rows": 1, "Plan Width": 40, "Actual Startup Time": 3898.192, "Actual Total Time": 3898.195, "Actual Rows": 4, "Actual Loops": 1, "Group By Key": ["\"substring\"((public.customer.c_phone)::text, 1, 2)"], "Plans": [{"Node Type": "Nested Loop", "Parent Relationship": "Outer", "Join Type": "Anti", "Startup Cost": 0.0, "Total Cost": 102233.49, "Plan Rows": 1, "Plan Width": 24, "Actual Startup Time": 1994.027, "Actual Total Time": 3875.509, "Actual Rows": 36604, "Actual Loops": 1, "Inner Unique": false, "Plans": [{"Node Type": "Seq Scan", "Parent Relationship": "Outer", "Relation Name": "customer", "Alias": "customer", "Startup Cost": 0.0, "Total Cost": 76501.0, "Plan Rows": 17500, "Plan Width": 32, "Actual Startup Time": 1993.955, "Actual Total Time": 3288.893, "Actual Rows": 109197, "Actual Loops": 1, "Filter": "((c_acctbal > $0) AND (\"substring\"((c_phone)::text, 1, 2) = ANY ('{20,40,22,30,39,42,21}'::text[])))", "Rows Removed by Filter": 1390803}, {"Node Type": "Index Only Scan", "Parent Relationship": "Inner", "Scan Direction": "Forward", "Index Name": "idx_orders_custkey", "Relation Name": "orders", "Alias": "orders", "Startup Cost": 0.0, "Total Cost": 3.79, "Plan Rows": 4, "Plan Width": 8, "Actual Startup Time": 484.426, "Actual Total Time": 484.426, "Actual Rows": 72593, "Actual Loops": 109197, "Index Cond": "(o_custkey = public.customer.c_custkey)", "Rows Removed by Index Recheck": 0, "Heap Fetches": 0}]}]}]}, "Triggers": [], "Planner Runtime": 0.759, "Total Runtime": 3898.474, "Unique SQL Id": 2798552886}}, "(16, 121)": {"explain_plan": {"Plan": {"Node Type": "Sort", "Startup Cost": 1000007781092.03, "Total Cost": 1000007781092.03, "Plan Rows": 1, "Plan Width": 40, "Sort Key": ["(\"substring\"((public.customer.c_phone)::text, 1, 2))"], "Plans": [{"Node Type": "Aggregate", "Strategy": "Plain", "Parent Relationship": "exec_init_plan", "Subplan Name": "InitPlan 1 (returns $0)", "Startup Cost": 1000007650219.14, "Total Cost": 1000007650219.15, "Plan Rows": 1, "Plan Width": 40, "Plans": [{"Node Type": "Seq Scan", "Parent Relationship": "Outer", "Relation Name": "customer", "Alias": "customer", "Startup Cost": 10000000012.75, "Total Cost": 1000007650100.0, "Plan Rows": 47655, "Plan Width": 8, "Filter": "((c_acctbal > 0::double precision) AND (\"substring\"((c_phone)::text, 1, 2) = ANY ('{20,40,22,30,39,42,21}'::text[])))"}]}, {"Node Type": "Aggregate", "Strategy": "Hashed", "Parent Relationship": "Outer", "Startup Cost": 130872.85, "Total Cost": 130872.87, "Plan Rows": 1, "Plan Width": 40, "Group By Key": ["\"substring\"((public.customer.c_phone)::text, 1, 2)"], "Plans": [{"Node Type": "Nested Loop", "Parent Relationship": "Outer", "Join Type": "Anti", "Startup Cost": 0.0, "Total Cost": 130872.84, "Plan Rows": 1, "Plan Width": 24, "Inner Unique": false, "Plans": [{"Node Type": "Index Scan", "Parent Relationship": "Outer", "Scan Direction": "Forward", "Index Name": "customer_pkey", "Relation Name": "customer", "Alias": "customer", "Startup Cost": 0.0, "Total Cost": 105140.36, "Plan Rows": 17500, "Plan Width": 32, "Filter": "((c_acctbal > $0) AND (\"substring\"((c_phone)::text, 1, 2) = ANY ('{20,40,22,30,39,42,21}'::text[])))"}, {"Node Type": "Index Only Scan", "Parent Relationship": "Inner", "Scan Direction": "Forward", "Index Name": "idx_orders_custkey", "Relation Name": "orders", "Alias": "orders", "Startup Cost": 0.0, "Total Cost": 3.79, "Plan Rows": 4, "Plan Width": 8, "Index Cond": "(o_custkey = public.customer.c_custkey)"}]}]}]}, "Unique SQL Id": 2798552886}, "explain_analyze_plan": {"Plan": {"Node Type": "Sort", "Startup Cost": 1000007781092.03, "Total Cost": 1000007781092.03, "Plan Rows": 1, "Plan Width": 40, "Actual Startup Time": 4538.566, "Actual Total Time": 4538.567, "Actual Rows": 4, "Actual Loops": 1, "Sort Key": ["(\"substring\"((public.customer.c_phone)::text, 1, 2))"], "Sort Method": "quicksort", "Sort Space Used": 25, "Sort Space Type": "Memory", "Plans": [{"Node Type": "Aggregate", "Strategy": "Plain", "Parent Relationship": "exec_init_plan", "Subplan Name": "InitPlan 1 (returns $0)", "Startup Cost": 1000007650219.14, "Total Cost": 1000007650219.15, "Plan Rows": 1, "Plan Width": 40, "Actual Startup Time": 2004.286, "Actual Total Time": 2004.287, "Actual Rows": 1, "Actual Loops": 1, "Plans": [{"Node Type": "Seq Scan", "Parent Relationship": "Outer", "Relation Name": "customer", "Alias": "customer", "Startup Cost": 10000000012.75, "Total Cost": 1000007650100.0, "Plan Rows": 47655, "Plan Width": 8, "Actual Startup Time": 0.036, "Actual Total Time": 1908.298, "Actual Rows": 218121, "Actual Loops": 1, "Filter": "((c_acctbal > 0::double precision) AND (\"substring\"((c_phone)::text, 1, 2) = ANY ('{20,40,22,30,39,42,21}'::text[])))", "Rows Removed by Filter": 1281879}]}, {"Node Type": "Aggregate", "Strategy": "Hashed", "Parent Relationship": "Outer", "Startup Cost": 130872.85, "Total Cost": 130872.87, "Plan Rows": 1, "Plan Width": 40, "Actual Startup Time": 4538.513, "Actual Total Time": 4538.515, "Actual Rows": 4, "Actual Loops": 1, "Group By Key": ["\"substring\"((public.customer.c_phone)::text, 1, 2)"], "Plans": [{"Node Type": "Nested Loop", "Parent Relationship": "Outer", "Join Type": "Anti", "Startup Cost": 0.0, "Total Cost": 130872.84, "Plan Rows": 1, "Plan Width": 24, "Actual Startup Time": 2004.513, "Actual Total Time": 4515.757, "Actual Rows": 36604, "Actual Loops": 1, "Inner Unique": false, "Plans": [{"Node Type": "Index Scan", "Parent Relationship": "Outer", "Scan Direction": "Forward", "Index Name": "customer_pkey", "Relation Name": "customer", "Alias": "customer", "Startup Cost": 0.0, "Total Cost": 105140.36, "Plan Rows": 17500, "Plan Width": 32, "Actual Startup Time": 2004.451, "Actual Total Time": 3936.374, "Actual Rows": 109197, "Actual Loops": 1, "Filter": "((c_acctbal > $0) AND (\"substring\"((c_phone)::text, 1, 2) = ANY ('{20,40,22,30,39,42,21}'::text[])))", "Rows Removed by Filter": 1390803}, {"Node Type": "Index Only Scan", "Parent Relationship": "Inner", "Scan Direction": "Forward", "Index Name": "idx_orders_custkey", "Relation Name": "orders", "Alias": "orders", "Startup Cost": 0.0, "Total Cost": 3.79, "Plan Rows": 4, "Plan Width": 8, "Actual Startup Time": 476.552, "Actual Total Time": 476.552, "Actual Rows": 72593, "Actual Loops": 109197, "Index Cond": "(o_custkey = public.customer.c_custkey)", "Rows Removed by Index Recheck": 0, "Heap Fetches": 0}]}]}]}, "Triggers": [], "Planner Runtime": 0.761, "Total Runtime": 4538.756, "Unique SQL Id": 2798552886}}, "(16, 122)": {"explain_plan": {"Plan": {"Node Type": "Sort", "Startup Cost": 1511678295.06, "Total Cost": 1511678295.06, "Plan Rows": 1, "Plan Width": 40, "Sort Key": ["(\"substring\"((public.customer.c_phone)::text, 1, 2))"], "Plans": [{"Node Type": "Aggregate", "Strategy": "Plain", "Parent Relationship": "exec_init_plan", "Subplan Name": "InitPlan 1 (returns $0)", "Startup Cost": 76620.14, "Total Cost": 76620.15, "Plan Rows": 1, "Plan Width": 40, "Plans": [{"Node Type": "Seq Scan", "Parent Relationship": "Outer", "Relation Name": "customer", "Alias": "customer", "Startup Cost": 12.95, "Total Cost": 76501.0, "Plan Rows": 47655, "Plan Width": 8, "Filter": "((c_acctbal > 0::double precision) AND (\"substring\"((c_phone)::text, 1, 2) = ANY ('{20,40,22,30,39,42,21}'::text[])))"}]}, {"Node Type": "Aggregate", "Strategy": "Hashed", "Parent Relationship": "Outer", "Startup Cost": 1511601674.88, "Total Cost": 1511601674.9, "Plan Rows": 1, "Plan Width": 40, "Group By Key": ["\"substring\"((public.customer.c_phone)::text, 1, 2)"], "Plans": [{"Node Type": "Nested Loop", "Parent Relationship": "Outer", "Join Type": "Anti", "Startup Cost": 0.0, "Total Cost": 1511601674.88, "Plan Rows": 1, "Plan Width": 24, "Inner Unique": false, "Join Filter": "(orders.o_custkey = public.customer.c_custkey)", "Plans": [{"Node Type": "Seq Scan", "Parent Relationship": "Outer", "Relation Name": "customer", "Alias": "customer", "Startup Cost": 0.0, "Total Cost": 76501.0, "Plan Rows": 17500, "Plan Width": 32, "Filter": "((c_acctbal > $0) AND (\"substring\"((c_phone)::text, 1, 2) = ANY ('{20,40,22,30,39,42,21}'::text[])))"}, {"Node Type": "Materialize", "Parent Relationship": "Inner", "Startup Cost": 0.0, "Total Cost": 501411.19, "Plan Rows": 14999479, "Plan Width": 8, "Plans": [{"Node Type": "Seq Scan", "Parent Relationship": "Outer", "Relation Name": "orders", "Alias": "orders", "Startup Cost": 0.0, "Total Cost": 426413.79, "Plan Rows": 14999479, "Plan Width": 8}]}]}]}]}, "Unique SQL Id": 2798552886}, "explain_analyze_plan": null}, "(16, 123)": {"explain_plan": {"Plan": {"Node Type": "Sort", "Startup Cost": 3001574749058.39, "Total Cost": 3001574749058.39, "Plan Rows": 1, "Plan Width": 40, "Sort Key": ["(\"substring\"((public.customer.c_phone)::text, 1, 2))"], "Plans": [{"Node Type": "Aggregate", "Strategy": "Plain", "Parent Relationship": "exec_init_plan", "Subplan Name": "InitPlan 1 (returns $0)", "Startup Cost": 1000007650219.14, "Total Cost": 1000007650219.15, "Plan Rows": 1, "Plan Width": 40, "Plans": [{"Node Type": "Seq Scan", "Parent Relationship": "Outer", "Relation Name": "customer", "Alias": "customer", "Startup Cost": 10000000012.75, "Total Cost": 1000007650100.0, "Plan Rows": 47655, "Plan Width": 8, "Filter": "((c_acctbal > 0::double precision) AND (\"substring\"((c_phone)::text, 1, 2) = ANY ('{20,40,22,30,39,42,21}'::text[])))"}]}, {"Node Type": "Aggregate", "Strategy": "Hashed", "Parent Relationship": "Outer", "Startup Cost": 2001567098839.21, "Total Cost": 2001567098839.23, "Plan Rows": 1, "Plan Width": 40, "Group By Key": ["\"substring\"((public.customer.c_phone)::text, 1, 2)"], "Plans": [{"Node Type": "Nested Loop", "Parent Relationship": "Outer", "Join Type": "Anti", "Startup Cost": 20000000000.0, "Total Cost": 2001567098839.21, "Plan Rows": 1, "Plan Width": 24, "Inner Unique": false, "Join Filter": "(orders.o_custkey = public.customer.c_custkey)", "Plans": [{"Node Type": "Index Scan", "Parent Relationship": "Outer", "Scan Direction": "Forward", "Index Name": "customer_pkey", "Relation Name": "customer", "Alias": "customer", "Startup Cost": 10000000000.0, "Total Cost": 1000010514035.62, "Plan Rows": 17500, "Plan Width": 32, "Filter": "((c_acctbal > $0) AND (\"substring\"((c_phone)::text, 1, 2) = ANY ('{20,40,22,30,39,42,21}'::text[])))"}, {"Node Type": "Materialize", "Parent Relationship": "Inner", "Startup Cost": 10000000000.0, "Total Cost": 1000045561040.9, "Plan Rows": 14999479, "Plan Width": 8, "Plans": [{"Node Type": "Index Only Scan", "Parent Relationship": "Outer", "Scan Direction": "Forward", "Index Name": "idx_orders_custkey", "Relation Name": "orders", "Alias": "orders", "Startup Cost": 10000000000.0, "Total Cost": 1000045486043.5, "Plan Rows": 14999479, "Plan Width": 8}]}]}]}]}, "Unique SQL Id": 2798552886}, "explain_analyze_plan": null}, "(16, 124)": {"explain_plan": {"Plan": {"Node Type": "Sort", "Startup Cost": 274230.79, "Total Cost": 274230.8, "Plan Rows": 1, "Plan Width": 40, "Sort Key": ["(\"substring\"((public.customer.c_phone)::text, 1, 2))"], "Plans": [{"Node Type": "Aggregate", "Strategy": "Plain", "Parent Relationship": "exec_init_plan", "Subplan Name": "InitPlan 1 (returns $0)", "Startup Cost": 76620.14, "Total Cost": 76620.15, "Plan Rows": 1, "Plan Width": 40, "Plans": [{"Node Type": "Seq Scan", "Parent Relationship": "Outer", "Relation Name": "customer", "Alias": "customer", "Startup Cost": 12.95, "Total Cost": 76501.0, "Plan Rows": 47655, "Plan Width": 8, "Filter": "((c_acctbal > 0::double precision) AND (\"substring\"((c_phone)::text, 1, 2) = ANY ('{20,40,22,30,39,42,21}'::text[])))"}]}, {"Node Type": "Aggregate", "Strategy": "Hashed", "Parent Relationship": "Outer", "Startup Cost": 197610.62, "Total Cost": 197610.63, "Plan Rows": 1, "Plan Width": 40, "Group By Key": ["\"substring\"((public.customer.c_phone)::text, 1, 2)"], "Plans": [{"Node Type": "Nested Loop", "Parent Relationship": "Outer", "Join Type": "Anti", "Startup Cost": 0.0, "Total Cost": 197610.61, "Plan Rows": 1, "Plan Width": 24, "Inner Unique": false, "Plans": [{"Node Type": "Seq Scan", "Parent Relationship": "Outer", "Relation Name": "customer", "Alias": "customer", "Startup Cost": 0.0, "Total Cost": 76501.0, "Plan Rows": 17500, "Plan Width": 32, "Filter": "((c_acctbal > $0) AND (\"substring\"((c_phone)::text, 1, 2) = ANY ('{20,40,22,30,39,42,21}'::text[])))"}, {"Node Type": "Index Scan", "Parent Relationship": "Inner", "Scan Direction": "Forward", "Index Name": "idx_orders_custkey", "Relation Name": "orders", "Alias": "orders", "Startup Cost": 0.0, "Total Cost": 17.99, "Plan Rows": 4, "Plan Width": 8, "Index Cond": "(o_custkey = public.customer.c_custkey)"}]}]}]}, "Unique SQL Id": 2798552886}, "explain_analyze_plan": {"Plan": {"Node Type": "Sort", "Startup Cost": 274230.79, "Total Cost": 274230.8, "Plan Rows": 1, "Plan Width": 40, "Actual Startup Time": 4031.791, "Actual Total Time": 4031.792, "Actual Rows": 4, "Actual Loops": 1, "Sort Key": ["(\"substring\"((public.customer.c_phone)::text, 1, 2))"], "Sort Method": "quicksort", "Sort Space Used": 25, "Sort Space Type": "Memory", "Plans": [{"Node Type": "Aggregate", "Strategy": "Plain", "Parent Relationship": "exec_init_plan", "Subplan Name": "InitPlan 1 (returns $0)", "Startup Cost": 76620.14, "Total Cost": 76620.15, "Plan Rows": 1, "Plan Width": 40, "Actual Startup Time": 1993.693, "Actual Total Time": 1993.694, "Actual Rows": 1, "Actual Loops": 1, "Plans": [{"Node Type": "Seq Scan", "Parent Relationship": "Outer", "Relation Name": "customer", "Alias": "customer", "Startup Cost": 12.95, "Total Cost": 76501.0, "Plan Rows": 47655, "Plan Width": 8, "Actual Startup Time": 0.034, "Actual Total Time": 1897.714, "Actual Rows": 218121, "Actual Loops": 1, "Filter": "((c_acctbal > 0::double precision) AND (\"substring\"((c_phone)::text, 1, 2) = ANY ('{20,40,22,30,39,42,21}'::text[])))", "Rows Removed by Filter": 1281879}]}, {"Node Type": "Aggregate", "Strategy": "Hashed", "Parent Relationship": "Outer", "Startup Cost": 197610.62, "Total Cost": 197610.63, "Plan Rows": 1, "Plan Width": 40, "Actual Startup Time": 4031.76, "Actual Total Time": 4031.761, "Actual Rows": 4, "Actual Loops": 1, "Group By Key": ["\"substring\"((public.customer.c_phone)::text, 1, 2)"], "Plans": [{"Node Type": "Nested Loop", "Parent Relationship": "Outer", "Join Type": "Anti", "Startup Cost": 0.0, "Total Cost": 197610.61, "Plan Rows": 1, "Plan Width": 24, "Actual Startup Time": 1993.926, "Actual Total Time": 4008.675, "Actual Rows": 36604, "Actual Loops": 1, "Inner Unique": false, "Plans": [{"Node Type": "Seq Scan", "Parent Relationship": "Outer", "Relation Name": "customer", "Alias": "customer", "Startup Cost": 0.0, "Total Cost": 76501.0, "Plan Rows": 17500, "Plan Width": 32, "Actual Startup Time": 1993.871, "Actual Total Time": 3286.163, "Actual Rows": 109197, "Actual Loops": 1, "Filter": "((c_acctbal > $0) AND (\"substring\"((c_phone)::text, 1, 2) = ANY ('{20,40,22,30,39,42,21}'::text[])))", "Rows Removed by Filter": 1390803}, {"Node Type": "Index Scan", "Parent Relationship": "Inner", "Scan Direction": "Forward", "Index Name": "idx_orders_custkey", "Relation Name": "orders", "Alias": "orders", "Startup Cost": 0.0, "Total Cost": 17.99, "Plan Rows": 4, "Plan Width": 8, "Actual Startup Time": 615.26, "Actual Total Time": 615.26, "Actual Rows": 72593, "Actual Loops": 109197, "Index Cond": "(o_custkey = public.customer.c_custkey)", "Rows Removed by Index Recheck": 0}]}]}]}, "Triggers": [], "Planner Runtime": 0.724, "Total Runtime": 4031.974, "Unique SQL Id": 2798552886}}, "(16, 125)": {"explain_plan": {"Plan": {"Node Type": "Sort", "Startup Cost": 1000007876469.15, "Total Cost": 1000007876469.15, "Plan Rows": 1, "Plan Width": 40, "Sort Key": ["(\"substring\"((public.customer.c_phone)::text, 1, 2))"], "Plans": [{"Node Type": "Aggregate", "Strategy": "Plain", "Parent Relationship": "exec_init_plan", "Subplan Name": "InitPlan 1 (returns $0)", "Startup Cost": 1000007650219.14, "Total Cost": 1000007650219.15, "Plan Rows": 1, "Plan Width": 40, "Plans": [{"Node Type": "Seq Scan", "Parent Relationship": "Outer", "Relation Name": "customer", "Alias": "customer", "Startup Cost": 10000000012.75, "Total Cost": 1000007650100.0, "Plan Rows": 47655, "Plan Width": 8, "Filter": "((c_acctbal > 0::double precision) AND (\"substring\"((c_phone)::text, 1, 2) = ANY ('{20,40,22,30,39,42,21}'::text[])))"}]}, {"Node Type": "Aggregate", "Strategy": "Hashed", "Parent Relationship": "Outer", "Startup Cost": 226249.97, "Total Cost": 226249.99, "Plan Rows": 1, "Plan Width": 40, "Group By Key": ["\"substring\"((public.customer.c_phone)::text, 1, 2)"], "Plans": [{"Node Type": "Nested Loop", "Parent Relationship": "Outer", "Join Type": "Anti", "Startup Cost": 0.0, "Total Cost": 226249.97, "Plan Rows": 1, "Plan Width": 24, "Inner Unique": false, "Plans": [{"Node Type": "Index Scan", "Parent Relationship": "Outer", "Scan Direction": "Forward", "Index Name": "customer_pkey", "Relation Name": "customer", "Alias": "customer", "Startup Cost": 0.0, "Total Cost": 105140.36, "Plan Rows": 17500, "Plan Width": 32, "Filter": "((c_acctbal > $0) AND (\"substring\"((c_phone)::text, 1, 2) = ANY ('{20,40,22,30,39,42,21}'::text[])))"}, {"Node Type": "Index Scan", "Parent Relationship": "Inner", "Scan Direction": "Forward", "Index Name": "idx_orders_custkey", "Relation Name": "orders", "Alias": "orders", "Startup Cost": 0.0, "Total Cost": 17.99, "Plan Rows": 4, "Plan Width": 8, "Index Cond": "(o_custkey = public.customer.c_custkey)"}]}]}]}, "Unique SQL Id": 2798552886}, "explain_analyze_plan": {"Plan": {"Node Type": "Sort", "Startup Cost": 1000007876469.15, "Total Cost": 1000007876469.15, "Plan Rows": 1, "Plan Width": 40, "Actual Startup Time": 4555.194, "Actual Total Time": 4555.195, "Actual Rows": 4, "Actual Loops": 1, "Sort Key": ["(\"substring\"((public.customer.c_phone)::text, 1, 2))"], "Sort Method": "quicksort", "Sort Space Used": 25, "Sort Space Type": "Memory", "Plans": [{"Node Type": "Aggregate", "Strategy": "Plain", "Parent Relationship": "exec_init_plan", "Subplan Name": "InitPlan 1 (returns $0)", "Startup Cost": 1000007650219.14, "Total Cost": 1000007650219.15, "Plan Rows": 1, "Plan Width": 40, "Actual Startup Time": 2007.503, "Actual Total Time": 2007.503, "Actual Rows": 1, "Actual Loops": 1, "Plans": [{"Node Type": "Seq Scan", "Parent Relationship": "Outer", "Relation Name": "customer", "Alias": "customer", "Startup Cost": 10000000012.75, "Total Cost": 1000007650100.0, "Plan Rows": 47655, "Plan Width": 8, "Actual Startup Time": 0.039, "Actual Total Time": 1912.456, "Actual Rows": 218121, "Actual Loops": 1, "Filter": "((c_acctbal > 0::double precision) AND (\"substring\"((c_phone)::text, 1, 2) = ANY ('{20,40,22,30,39,42,21}'::text[])))", "Rows Removed by Filter": 1281879}]}, {"Node Type": "Aggregate", "Strategy": "Hashed", "Parent Relationship": "Outer", "Startup Cost": 226249.97, "Total Cost": 226249.99, "Plan Rows": 1, "Plan Width": 40, "Actual Startup Time": 4555.155, "Actual Total Time": 4555.158, "Actual Rows": 4, "Actual Loops": 1, "Group By Key": ["\"substring\"((public.customer.c_phone)::text, 1, 2)"], "Plans": [{"Node Type": "Nested Loop", "Parent Relationship": "Outer", "Join Type": "Anti", "Startup Cost": 0.0, "Total Cost": 226249.97, "Plan Rows": 1, "Plan Width": 24, "Actual Startup Time": 2007.614, "Actual Total Time": 4531.932, "Actual Rows": 36604, "Actual Loops": 1, "Inner Unique": false, "Plans": [{"Node Type": "Index Scan", "Parent Relationship": "Outer", "Scan Direction": "Forward", "Index Name": "customer_pkey", "Relation Name": "customer", "Alias": "customer", "Startup Cost": 0.0, "Total Cost": 105140.36, "Plan Rows": 17500, "Plan Width": 32, "Actual Startup Time": 2007.576, "Actual Total Time": 3796.184, "Actual Rows": 109197, "Actual Loops": 1, "Filter": "((c_acctbal > $0) AND (\"substring\"((c_phone)::text, 1, 2) = ANY ('{20,40,22,30,39,42,21}'::text[])))", "Rows Removed by Filter": 1390803}, {"Node Type": "Index Scan", "Parent Relationship": "Inner", "Scan Direction": "Forward", "Index Name": "idx_orders_custkey", "Relation Name": "orders", "Alias": "orders", "Startup Cost": 0.0, "Total Cost": 17.99, "Plan Rows": 4, "Plan Width": 8, "Actual Startup Time": 628.013, "Actual Total Time": 628.013, "Actual Rows": 72593, "Actual Loops": 109197, "Index Cond": "(o_custkey = public.customer.c_custkey)", "Rows Removed by Index Recheck": 0}]}]}]}, "Triggers": [], "Planner Runtime": 0.762, "Total Runtime": 4555.366, "Unique SQL Id": 2798552886}}, "(16, 126)": {"explain_plan": {"Plan": {"Node Type": "Sort", "Startup Cost": 1511678295.06, "Total Cost": 1511678295.06, "Plan Rows": 1, "Plan Width": 40, "Sort Key": ["(\"substring\"((public.customer.c_phone)::text, 1, 2))"], "Plans": [{"Node Type": "Aggregate", "Strategy": "Plain", "Parent Relationship": "exec_init_plan", "Subplan Name": "InitPlan 1 (returns $0)", "Startup Cost": 76620.14, "Total Cost": 76620.15, "Plan Rows": 1, "Plan Width": 40, "Plans": [{"Node Type": "Seq Scan", "Parent Relationship": "Outer", "Relation Name": "customer", "Alias": "customer", "Startup Cost": 12.95, "Total Cost": 76501.0, "Plan Rows": 47655, "Plan Width": 8, "Filter": "((c_acctbal > 0::double precision) AND (\"substring\"((c_phone)::text, 1, 2) = ANY ('{20,40,22,30,39,42,21}'::text[])))"}]}, {"Node Type": "Aggregate", "Strategy": "Hashed", "Parent Relationship": "Outer", "Startup Cost": 1511601674.88, "Total Cost": 1511601674.9, "Plan Rows": 1, "Plan Width": 40, "Group By Key": ["\"substring\"((public.customer.c_phone)::text, 1, 2)"], "Plans": [{"Node Type": "Nested Loop", "Parent Relationship": "Outer", "Join Type": "Anti", "Startup Cost": 0.0, "Total Cost": 1511601674.88, "Plan Rows": 1, "Plan Width": 24, "Inner Unique": false, "Join Filter": "(orders.o_custkey = public.customer.c_custkey)", "Plans": [{"Node Type": "Seq Scan", "Parent Relationship": "Outer", "Relation Name": "customer", "Alias": "customer", "Startup Cost": 0.0, "Total Cost": 76501.0, "Plan Rows": 17500, "Plan Width": 32, "Filter": "((c_acctbal > $0) AND (\"substring\"((c_phone)::text, 1, 2) = ANY ('{20,40,22,30,39,42,21}'::text[])))"}, {"Node Type": "Materialize", "Parent Relationship": "Inner", "Startup Cost": 0.0, "Total Cost": 501411.19, "Plan Rows": 14999479, "Plan Width": 8, "Plans": [{"Node Type": "Seq Scan", "Parent Relationship": "Outer", "Relation Name": "orders", "Alias": "orders", "Startup Cost": 0.0, "Total Cost": 426413.79, "Plan Rows": 14999479, "Plan Width": 8}]}]}]}]}, "Unique SQL Id": 2798552886}, "explain_analyze_plan": null}, "(16, 127)": {"explain_plan": {"Plan": {"Node Type": "Sort", "Startup Cost": 3001685314543.97, "Total Cost": 3001685314543.98, "Plan Rows": 1, "Plan Width": 40, "Sort Key": ["(\"substring\"((public.customer.c_phone)::text, 1, 2))"], "Plans": [{"Node Type": "Aggregate", "Strategy": "Plain", "Parent Relationship": "exec_init_plan", "Subplan Name": "InitPlan 1 (returns $0)", "Startup Cost": 1000007650219.14, "Total Cost": 1000007650219.15, "Plan Rows": 1, "Plan Width": 40, "Plans": [{"Node Type": "Seq Scan", "Parent Relationship": "Outer", "Relation Name": "customer", "Alias": "customer", "Startup Cost": 10000000012.75, "Total Cost": 1000007650100.0, "Plan Rows": 47655, "Plan Width": 8, "Filter": "((c_acctbal > 0::double precision) AND (\"substring\"((c_phone)::text, 1, 2) = ANY ('{20,40,22,30,39,42,21}'::text[])))"}]}, {"Node Type": "Aggregate", "Strategy": "Hashed", "Parent Relationship": "Outer", "Startup Cost": 2001677664324.8, "Total Cost": 2001677664324.81, "Plan Rows": 1, "Plan Width": 40, "Group By Key": ["\"substring\"((public.customer.c_phone)::text, 1, 2)"], "Plans": [{"Node Type": "Nested Loop", "Parent Relationship": "Outer", "Join Type": "Anti", "Startup Cost": 20000000000.0, "Total Cost": 2001677664324.79, "Plan Rows": 1, "Plan Width": 24, "Inner Unique": false, "Join Filter": "(orders.o_custkey = public.customer.c_custkey)", "Plans": [{"Node Type": "Index Scan", "Parent Relationship": "Outer", "Scan Direction": "Forward", "Index Name": "customer_pkey", "Relation Name": "customer", "Alias": "customer", "Startup Cost": 10000000000.0, "Total Cost": 1000010514035.62, "Plan Rows": 17500, "Plan Width": 32, "Filter": "((c_acctbal > $0) AND (\"substring\"((c_phone)::text, 1, 2) = ANY ('{20,40,22,30,39,42,21}'::text[])))"}, {"Node Type": "Materialize", "Parent Relationship": "Inner", "Startup Cost": 10000000000.0, "Total Cost": 1000156126526.48, "Plan Rows": 14999479, "Plan Width": 8, "Plans": [{"Node Type": "Index Scan", "Parent Relationship": "Outer", "Scan Direction": "Forward", "Index Name": "idx_orders_custkey", "Relation Name": "orders", "Alias": "orders", "Startup Cost": 10000000000.0, "Total Cost": 1000156051529.08, "Plan Rows": 14999479, "Plan Width": 8}]}]}]}]}, "Unique SQL Id": 2798552886}, "explain_analyze_plan": null}, "(64, 0)": {"explain_plan": {"Plan": {"Node Type": "Sort", "Startup Cost": 178853.67, "Total Cost": 178853.67, "Plan Rows": 1, "Plan Width": 40, "Sort Key": ["(\"substring\"((public.customer.c_phone)::text, 1, 2))"], "Plans": [{"Node Type": "Aggregate", "Strategy": "Plain", "Parent Relationship": "exec_init_plan", "Subplan Name": "InitPlan 1 (returns $0)", "Startup Cost": 76620.14, "Total Cost": 76620.15, "Plan Rows": 1, "Plan Width": 40, "Plans": [{"Node Type": "Seq Scan", "Parent Relationship": "Outer", "Relation Name": "customer", "Alias": "customer", "Startup Cost": 12.95, "Total Cost": 76501.0, "Plan Rows": 47655, "Plan Width": 8, "Filter": "((c_acctbal > 0::double precision) AND (\"substring\"((c_phone)::text, 1, 2) = ANY ('{20,40,22,30,39,42,21}'::text[])))"}]}, {"Node Type": "Aggregate", "Strategy": "Hashed", "Parent Relationship": "Outer", "Startup Cost": 102233.49, "Total Cost": 102233.51, "Plan Rows": 1, "Plan Width": 40, "Group By Key": ["\"substring\"((public.customer.c_phone)::text, 1, 2)"], "Plans": [{"Node Type": "Nested Loop", "Parent Relationship": "Outer", "Join Type": "Anti", "Startup Cost": 0.0, "Total Cost": 102233.49, "Plan Rows": 1, "Plan Width": 24, "Inner Unique": false, "Plans": [{"Node Type": "Seq Scan", "Parent Relationship": "Outer", "Relation Name": "customer", "Alias": "customer", "Startup Cost": 0.0, "Total Cost": 76501.0, "Plan Rows": 17500, "Plan Width": 32, "Filter": "((c_acctbal > $0) AND (\"substring\"((c_phone)::text, 1, 2) = ANY ('{20,40,22,30,39,42,21}'::text[])))"}, {"Node Type": "Index Only Scan", "Parent Relationship": "Inner", "Scan Direction": "Forward", "Index Name": "idx_orders_custkey", "Relation Name": "orders", "Alias": "orders", "Startup Cost": 0.0, "Total Cost": 3.79, "Plan Rows": 4, "Plan Width": 8, "Index Cond": "(o_custkey = public.customer.c_custkey)"}]}]}]}, "Unique SQL Id": 2798552886}, "explain_analyze_plan": {"Plan": {"Node Type": "Sort", "Startup Cost": 178853.67, "Total Cost": 178853.67, "Plan Rows": 1, "Plan Width": 40, "Actual Startup Time": 3874.835, "Actual Total Time": 3874.836, "Actual Rows": 4, "Actual Loops": 1, "Sort Key": ["(\"substring\"((public.customer.c_phone)::text, 1, 2))"], "Sort Method": "quicksort", "Sort Space Used": 25, "Sort Space Type": "Memory", "Plans": [{"Node Type": "Aggregate", "Strategy": "Plain", "Parent Relationship": "exec_init_plan", "Subplan Name": "InitPlan 1 (returns $0)", "Startup Cost": 76620.14, "Total Cost": 76620.15, "Plan Rows": 1, "Plan Width": 40, "Actual Startup Time": 1994.529, "Actual Total Time": 1994.529, "Actual Rows": 1, "Actual Loops": 1, "Plans": [{"Node Type": "Seq Scan", "Parent Relationship": "Outer", "Relation Name": "customer", "Alias": "customer", "Startup Cost": 12.95, "Total Cost": 76501.0, "Plan Rows": 47655, "Plan Width": 8, "Actual Startup Time": 0.029, "Actual Total Time": 1899.991, "Actual Rows": 218121, "Actual Loops": 1, "Filter": "((c_acctbal > 0::double precision) AND (\"substring\"((c_phone)::text, 1, 2) = ANY ('{20,40,22,30,39,42,21}'::text[])))", "Rows Removed by Filter": 1281879}]}, {"Node Type": "Aggregate", "Strategy": "Hashed", "Parent Relationship": "Outer", "Startup Cost": 102233.49, "Total Cost": 102233.51, "Plan Rows": 1, "Plan Width": 40, "Actual Startup Time": 3874.687, "Actual Total Time": 3874.701, "Actual Rows": 4, "Actual Loops": 1, "Group By Key": ["\"substring\"((public.customer.c_phone)::text, 1, 2)"], "Plans": [{"Node Type": "Nested Loop", "Parent Relationship": "Outer", "Join Type": "Anti", "Startup Cost": 0.0, "Total Cost": 102233.49, "Plan Rows": 1, "Plan Width": 24, "Actual Startup Time": 1994.649, "Actual Total Time": 3852.097, "Actual Rows": 36604, "Actual Loops": 1, "Inner Unique": false, "Plans": [{"Node Type": "Seq Scan", "Parent Relationship": "Outer", "Relation Name": "customer", "Alias": "customer", "Startup Cost": 0.0, "Total Cost": 76501.0, "Plan Rows": 17500, "Plan Width": 32, "Actual Startup Time": 1994.594, "Actual Total Time": 3277.642, "Actual Rows": 109197, "Actual Loops": 1, "Filter": "((c_acctbal > $0) AND (\"substring\"((c_phone)::text, 1, 2) = ANY ('{20,40,22,30,39,42,21}'::text[])))", "Rows Removed by Filter": 1390803}, {"Node Type": "Index Only Scan", "Parent Relationship": "Inner", "Scan Direction": "Forward", "Index Name": "idx_orders_custkey", "Relation Name": "orders", "Alias": "orders", "Startup Cost": 0.0, "Total Cost": 3.79, "Plan Rows": 4, "Plan Width": 8, "Actual Startup Time": 473.016, "Actual Total Time": 473.016, "Actual Rows": 72593, "Actual Loops": 109197, "Index Cond": "(o_custkey = public.customer.c_custkey)", "Rows Removed by Index Recheck": 0, "Heap Fetches": 0}]}]}]}, "Triggers": [], "Planner Runtime": 0.763, "Total Runtime": 3875.036, "Unique SQL Id": 2798552886}}, "(64, 1)": {"explain_plan": {"Plan": {"Node Type": "Sort", "Startup Cost": 1000007781092.03, "Total Cost": 1000007781092.03, "Plan Rows": 1, "Plan Width": 40, "Sort Key": ["(\"substring\"((public.customer.c_phone)::text, 1, 2))"], "Plans": [{"Node Type": "Aggregate", "Strategy": "Plain", "Parent Relationship": "exec_init_plan", "Subplan Name": "InitPlan 1 (returns $0)", "Startup Cost": 1000007650219.14, "Total Cost": 1000007650219.15, "Plan Rows": 1, "Plan Width": 40, "Plans": [{"Node Type": "Seq Scan", "Parent Relationship": "Outer", "Relation Name": "customer", "Alias": "customer", "Startup Cost": 10000000012.75, "Total Cost": 1000007650100.0, "Plan Rows": 47655, "Plan Width": 8, "Filter": "((c_acctbal > 0::double precision) AND (\"substring\"((c_phone)::text, 1, 2) = ANY ('{20,40,22,30,39,42,21}'::text[])))"}]}, {"Node Type": "Aggregate", "Strategy": "Hashed", "Parent Relationship": "Outer", "Startup Cost": 130872.85, "Total Cost": 130872.87, "Plan Rows": 1, "Plan Width": 40, "Group By Key": ["\"substring\"((public.customer.c_phone)::text, 1, 2)"], "Plans": [{"Node Type": "Nested Loop", "Parent Relationship": "Outer", "Join Type": "Anti", "Startup Cost": 0.0, "Total Cost": 130872.84, "Plan Rows": 1, "Plan Width": 24, "Inner Unique": false, "Plans": [{"Node Type": "Index Scan", "Parent Relationship": "Outer", "Scan Direction": "Forward", "Index Name": "customer_pkey", "Relation Name": "customer", "Alias": "customer", "Startup Cost": 0.0, "Total Cost": 105140.36, "Plan Rows": 17500, "Plan Width": 32, "Filter": "((c_acctbal > $0) AND (\"substring\"((c_phone)::text, 1, 2) = ANY ('{20,40,22,30,39,42,21}'::text[])))"}, {"Node Type": "Index Only Scan", "Parent Relationship": "Inner", "Scan Direction": "Forward", "Index Name": "idx_orders_custkey", "Relation Name": "orders", "Alias": "orders", "Startup Cost": 0.0, "Total Cost": 3.79, "Plan Rows": 4, "Plan Width": 8, "Index Cond": "(o_custkey = public.customer.c_custkey)"}]}]}]}, "Unique SQL Id": 2798552886}, "explain_analyze_plan": {"Plan": {"Node Type": "Sort", "Startup Cost": 1000007781092.03, "Total Cost": 1000007781092.03, "Plan Rows": 1, "Plan Width": 40, "Actual Startup Time": 4540.757, "Actual Total Time": 4540.757, "Actual Rows": 4, "Actual Loops": 1, "Sort Key": ["(\"substring\"((public.customer.c_phone)::text, 1, 2))"], "Sort Method": "quicksort", "Sort Space Used": 25, "Sort Space Type": "Memory", "Plans": [{"Node Type": "Aggregate", "Strategy": "Plain", "Parent Relationship": "exec_init_plan", "Subplan Name": "InitPlan 1 (returns $0)", "Startup Cost": 1000007650219.14, "Total Cost": 1000007650219.15, "Plan Rows": 1, "Plan Width": 40, "Actual Startup Time": 1995.612, "Actual Total Time": 1995.612, "Actual Rows": 1, "Actual Loops": 1, "Plans": [{"Node Type": "Seq Scan", "Parent Relationship": "Outer", "Relation Name": "customer", "Alias": "customer", "Startup Cost": 10000000012.75, "Total Cost": 1000007650100.0, "Plan Rows": 47655, "Plan Width": 8, "Actual Startup Time": 0.036, "Actual Total Time": 1901.667, "Actual Rows": 218121, "Actual Loops": 1, "Filter": "((c_acctbal > 0::double precision) AND (\"substring\"((c_phone)::text, 1, 2) = ANY ('{20,40,22,30,39,42,21}'::text[])))", "Rows Removed by Filter": 1281879}]}, {"Node Type": "Aggregate", "Strategy": "Hashed", "Parent Relationship": "Outer", "Startup Cost": 130872.85, "Total Cost": 130872.87, "Plan Rows": 1, "Plan Width": 40, "Actual Startup Time": 4540.614, "Actual Total Time": 4540.628, "Actual Rows": 4, "Actual Loops": 1, "Group By Key": ["\"substring\"((public.customer.c_phone)::text, 1, 2)"], "Plans": [{"Node Type": "Nested Loop", "Parent Relationship": "Outer", "Join Type": "Anti", "Startup Cost": 0.0, "Total Cost": 130872.84, "Plan Rows": 1, "Plan Width": 24, "Actual Startup Time": 1995.887, "Actual Total Time": 4518.037, "Actual Rows": 36604, "Actual Loops": 1, "Inner Unique": false, "Plans": [{"Node Type": "Index Scan", "Parent Relationship": "Outer", "Scan Direction": "Forward", "Index Name": "customer_pkey", "Relation Name": "customer", "Alias": "customer", "Startup Cost": 0.0, "Total Cost": 105140.36, "Plan Rows": 17500, "Plan Width": 32, "Actual Startup Time": 1995.824, "Actual Total Time": 3913.868, "Actual Rows": 109197, "Actual Loops": 1, "Filter": "((c_acctbal > $0) AND (\"substring\"((c_phone)::text, 1, 2) = ANY ('{20,40,22,30,39,42,21}'::text[])))", "Rows Removed by Filter": 1390803}, {"Node Type": "Index Only Scan", "Parent Relationship": "Inner", "Scan Direction": "Forward", "Index Name": "idx_orders_custkey", "Relation Name": "orders", "Alias": "orders", "Startup Cost": 0.0, "Total Cost": 3.79, "Plan Rows": 4, "Plan Width": 8, "Actual Startup Time": 500.727, "Actual Total Time": 500.727, "Actual Rows": 72593, "Actual Loops": 109197, "Index Cond": "(o_custkey = public.customer.c_custkey)", "Rows Removed by Index Recheck": 0, "Heap Fetches": 0}]}]}]}, "Triggers": [], "Planner Runtime": 0.757, "Total Runtime": 4540.956, "Unique SQL Id": 2798552886}}, "(64, 2)": {"explain_plan": {"Plan": {"Node Type": "Sort", "Startup Cost": 326543.88, "Total Cost": 326543.89, "Plan Rows": 1, "Plan Width": 40, "Sort Key": ["(\"substring\"((public.customer.c_phone)::text, 1, 2))"], "Plans": [{"Node Type": "Aggregate", "Strategy": "Plain", "Parent Relationship": "exec_init_plan", "Subplan Name": "InitPlan 1 (returns $0)", "Startup Cost": 76620.14, "Total Cost": 76620.15, "Plan Rows": 1, "Plan Width": 40, "Plans": [{"Node Type": "Seq Scan", "Parent Relationship": "Outer", "Relation Name": "customer", "Alias": "customer", "Startup Cost": 12.95, "Total Cost": 76501.0, "Plan Rows": 47655, "Plan Width": 8, "Filter": "((c_acctbal > 0::double precision) AND (\"substring\"((c_phone)::text, 1, 2) = ANY ('{20,40,22,30,39,42,21}'::text[])))"}]}, {"Node Type": "Aggregate", "Strategy": "Hashed", "Parent Relationship": "Outer", "Startup Cost": 249923.71, "Total Cost": 249923.72, "Plan Rows": 1, "Plan Width": 40, "Group By Key": ["\"substring\"((public.customer.c_phone)::text, 1, 2)"], "Plans": [{"Node Type": "Nested Loop", "Parent Relationship": "Outer", "Join Type": "Anti", "Startup Cost": 3.75, "Total Cost": 249923.7, "Plan Rows": 1, "Plan Width": 24, "Inner Unique": false, "Plans": [{"Node Type": "Seq Scan", "Parent Relationship": "Outer", "Relation Name": "customer", "Alias": "customer", "Startup Cost": 0.0, "Total Cost": 76501.0, "Plan Rows": 17500, "Plan Width": 32, "Filter": "((c_acctbal > $0) AND (\"substring\"((c_phone)::text, 1, 2) = ANY ('{20,40,22,30,39,42,21}'::text[])))"}, {"Node Type": "Bitmap Heap Scan", "Parent Relationship": "Inner", "Relation Name": "orders", "Alias": "orders", "Startup Cost": 3.75, "Total Cost": 19.76, "Plan Rows": 4, "Plan Width": 8, "Recheck Cond": "(o_custkey = public.customer.c_custkey)", "Plans": [{"Node Type": "Bitmap Index Scan", "Parent Relationship": "Outer", "Index Name": "idx_orders_custkey", "Startup Cost": 0.0, "Total Cost": 3.75, "Plan Rows": 4, "Plan Width": 0, "Index Cond": "(o_custkey = public.customer.c_custkey)"}]}]}]}]}, "Unique SQL Id": 2798552886}, "explain_analyze_plan": {"Plan": {"Node Type": "Sort", "Startup Cost": 326543.88, "Total Cost": 326543.89, "Plan Rows": 1, "Plan Width": 40, "Actual Startup Time": 4414.71, "Actual Total Time": 4414.711, "Actual Rows": 4, "Actual Loops": 1, "Sort Key": ["(\"substring\"((public.customer.c_phone)::text, 1, 2))"], "Sort Method": "quicksort", "Sort Space Used": 25, "Sort Space Type": "Memory", "Plans": [{"Node Type": "Aggregate", "Strategy": "Plain", "Parent Relationship": "exec_init_plan", "Subplan Name": "InitPlan 1 (returns $0)", "Startup Cost": 76620.14, "Total Cost": 76620.15, "Plan Rows": 1, "Plan Width": 40, "Actual Startup Time": 1995.799, "Actual Total Time": 1995.799, "Actual Rows": 1, "Actual Loops": 1, "Plans": [{"Node Type": "Seq Scan", "Parent Relationship": "Outer", "Relation Name": "customer", "Alias": "customer", "Startup Cost": 12.95, "Total Cost": 76501.0, "Plan Rows": 47655, "Plan Width": 8, "Actual Startup Time": 0.031, "Actual Total Time": 1901.337, "Actual Rows": 218121, "Actual Loops": 1, "Filter": "((c_acctbal > 0::double precision) AND (\"substring\"((c_phone)::text, 1, 2) = ANY ('{20,40,22,30,39,42,21}'::text[])))", "Rows Removed by Filter": 1281879}]}, {"Node Type": "Aggregate", "Strategy": "Hashed", "Parent Relationship": "Outer", "Startup Cost": 249923.71, "Total Cost": 249923.72, "Plan Rows": 1, "Plan Width": 40, "Actual Startup Time": 4414.669, "Actual Total Time": 4414.669, "Actual Rows": 4, "Actual Loops": 1, "Group By Key": ["\"substring\"((public.customer.c_phone)::text, 1, 2)"], "Plans": [{"Node Type": "Nested Loop", "Parent Relationship": "Outer", "Join Type": "Anti", "Startup Cost": 3.75, "Total Cost": 249923.7, "Plan Rows": 1, "Plan Width": 24, "Actual Startup Time": 1995.923, "Actual Total Time": 4387.776, "Actual Rows": 36604, "Actual Loops": 1, "Inner Unique": false, "Plans": [{"Node Type": "Seq Scan", "Parent Relationship": "Outer", "Relation Name": "customer", "Alias": "customer", "Startup Cost": 0.0, "Total Cost": 76501.0, "Plan Rows": 17500, "Plan Width": 32, "Actual Startup Time": 1995.862, "Actual Total Time": 3284.286, "Actual Rows": 109197, "Actual Loops": 1, "Filter": "((c_acctbal > $0) AND (\"substring\"((c_phone)::text, 1, 2) = ANY ('{20,40,22,30,39,42,21}'::text[])))", "Rows Removed by Filter": 1390803}, {"Node Type": "Bitmap Heap Scan", "Parent Relationship": "Inner", "Relation Name": "orders", "Alias": "orders", "Startup Cost": 3.75, "Total Cost": 19.76, "Plan Rows": 4, "Plan Width": 8, "Actual Startup Time": 918.298, "Actual Total Time": 918.298, "Actual Rows": 72593, "Actual Loops": 109197, "Recheck Cond": "(o_custkey = public.customer.c_custkey)", "Rows Removed by Index Recheck": 0, "Exact Heap Blocks": 72593, "Lossy Heap Blocks": 72593, "Plans": [{"Node Type": "Bitmap Index Scan", "Parent Relationship": "Outer", "Index Name": "idx_orders_custkey", "Startup Cost": 0.0, "Total Cost": 3.75, "Plan Rows": 4, "Plan Width": 0, "Actual Startup Time": 572.408, "Actual Total Time": 572.408, "Actual Rows": 1091631, "Actual Loops": 109197, "Index Cond": "(o_custkey = public.customer.c_custkey)"}]}]}]}]}, "Triggers": [], "Planner Runtime": 0.77, "Total Runtime": 4415.004, "Unique SQL Id": 2798552886}}, "(64, 3)": {"explain_plan": {"Plan": {"Node Type": "Sort", "Startup Cost": 2000018337677.51, "Total Cost": 2000018337677.51, "Plan Rows": 1, "Plan Width": 40, "Sort Key": ["(\"substring\"((public.customer.c_phone)::text, 1, 2))"], "Plans": [{"Node Type": "Aggregate", "Strategy": "Plain", "Parent Relationship": "exec_init_plan", "Subplan Name": "InitPlan 1 (returns $0)", "Startup Cost": 1000007650219.14, "Total Cost": 1000007650219.15, "Plan Rows": 1, "Plan Width": 40, "Plans": [{"Node Type": "Seq Scan", "Parent Relationship": "Outer", "Relation Name": "customer", "Alias": "customer", "Startup Cost": 10000000012.75, "Total Cost": 1000007650100.0, "Plan Rows": 47655, "Plan Width": 8, "Filter": "((c_acctbal > 0::double precision) AND (\"substring\"((c_phone)::text, 1, 2) = ANY ('{20,40,22,30,39,42,21}'::text[])))"}]}, {"Node Type": "Aggregate", "Strategy": "Hashed", "Parent Relationship": "Outer", "Startup Cost": 1000010687458.33, "Total Cost": 1000010687458.35, "Plan Rows": 1, "Plan Width": 40, "Group By Key": ["\"substring\"((public.customer.c_phone)::text, 1, 2)"], "Plans": [{"Node Type": "Nested Loop", "Parent Relationship": "Outer", "Join Type": "Anti", "Startup Cost": 10000000003.75, "Total Cost": 1000010687458.32, "Plan Rows": 1, "Plan Width": 24, "Inner Unique": false, "Plans": [{"Node Type": "Index Scan", "Parent Relationship": "Outer", "Scan Direction": "Forward", "Index Name": "customer_pkey", "Relation Name": "customer", "Alias": "customer", "Startup Cost": 10000000000.0, "Total Cost": 1000010514035.62, "Plan Rows": 17500, "Plan Width": 32, "Filter": "((c_acctbal > $0) AND (\"substring\"((c_phone)::text, 1, 2) = ANY ('{20,40,22,30,39,42,21}'::text[])))"}, {"Node Type": "Bitmap Heap Scan", "Parent Relationship": "Inner", "Relation Name": "orders", "Alias": "orders", "Startup Cost": 3.75, "Total Cost": 19.76, "Plan Rows": 4, "Plan Width": 8, "Recheck Cond": "(o_custkey = public.customer.c_custkey)", "Plans": [{"Node Type": "Bitmap Index Scan", "Parent Relationship": "Outer", "Index Name": "idx_orders_custkey", "Startup Cost": 0.0, "Total Cost": 3.75, "Plan Rows": 4, "Plan Width": 0, "Index Cond": "(o_custkey = public.customer.c_custkey)"}]}]}]}]}, "Unique SQL Id": 2798552886}, "explain_analyze_plan": {"Plan": {"Node Type": "Sort", "Startup Cost": 2000018337677.51, "Total Cost": 2000018337677.51, "Plan Rows": 1, "Plan Width": 40, "Actual Startup Time": 4987.955, "Actual Total Time": 4987.956, "Actual Rows": 4, "Actual Loops": 1, "Sort Key": ["(\"substring\"((public.customer.c_phone)::text, 1, 2))"], "Sort Method": "quicksort", "Sort Space Used": 25, "Sort Space Type": "Memory", "Plans": [{"Node Type": "Aggregate", "Strategy": "Plain", "Parent Relationship": "exec_init_plan", "Subplan Name": "InitPlan 1 (returns $0)", "Startup Cost": 1000007650219.14, "Total Cost": 1000007650219.15, "Plan Rows": 1, "Plan Width": 40, "Actual Startup Time": 2018.097, "Actual Total Time": 2018.099, "Actual Rows": 1, "Actual Loops": 1, "Plans": [{"Node Type": "Seq Scan", "Parent Relationship": "Outer", "Relation Name": "customer", "Alias": "customer", "Startup Cost": 10000000012.75, "Total Cost": 1000007650100.0, "Plan Rows": 47655, "Plan Width": 8, "Actual Startup Time": 0.04, "Actual Total Time": 1922.099, "Actual Rows": 218121, "Actual Loops": 1, "Filter": "((c_acctbal > 0::double precision) AND (\"substring\"((c_phone)::text, 1, 2) = ANY ('{20,40,22,30,39,42,21}'::text[])))", "Rows Removed by Filter": 1281879}]}, {"Node Type": "Aggregate", "Strategy": "Hashed", "Parent Relationship": "Outer", "Startup Cost": 1000010687458.33, "Total Cost": 1000010687458.35, "Plan Rows": 1, "Plan Width": 40, "Actual Startup Time": 4987.905, "Actual Total Time": 4987.907, "Actual Rows": 4, "Actual Loops": 1, "Group By Key": ["\"substring\"((public.customer.c_phone)::text, 1, 2)"], "Plans": [{"Node Type": "Nested Loop", "Parent Relationship": "Outer", "Join Type": "Anti", "Startup Cost": 10000000003.75, "Total Cost": 1000010687458.32, "Plan Rows": 1, "Plan Width": 24, "Actual Startup Time": 2018.334, "Actual Total Time": 4960.279, "Actual Rows": 36604, "Actual Loops": 1, "Inner Unique": false, "Plans": [{"Node Type": "Index Scan", "Parent Relationship": "Outer", "Scan Direction": "Forward", "Index Name": "customer_pkey", "Relation Name": "customer", "Alias": "customer", "Startup Cost": 10000000000.0, "Total Cost": 1000010514035.62, "Plan Rows": 17500, "Plan Width": 32, "Actual Startup Time": 2018.263, "Actual Total Time": 3830.61, "Actual Rows": 109197, "Actual Loops": 1, "Filter": "((c_acctbal > $0) AND (\"substring\"((c_phone)::text, 1, 2) = ANY ('{20,40,22,30,39,42,21}'::text[])))", "Rows Removed by Filter": 1390803}, {"Node Type": "Bitmap Heap Scan", "Parent Relationship": "Inner", "Relation Name": "orders", "Alias": "orders", "Startup Cost": 3.75, "Total Cost": 19.76, "Plan Rows": 4, "Plan Width": 8, "Actual Startup Time": 941.988, "Actual Total Time": 941.988, "Actual Rows": 72593, "Actual Loops": 109197, "Recheck Cond": "(o_custkey = public.customer.c_custkey)", "Rows Removed by Index Recheck": 0, "Exact Heap Blocks": 72593, "Lossy Heap Blocks": 72593, "Plans": [{"Node Type": "Bitmap Index Scan", "Parent Relationship": "Outer", "Index Name": "idx_orders_custkey", "Startup Cost": 0.0, "Total Cost": 3.75, "Plan Rows": 4, "Plan Width": 0, "Actual Startup Time": 583.569, "Actual Total Time": 583.569, "Actual Rows": 1091631, "Actual Loops": 109197, "Index Cond": "(o_custkey = public.customer.c_custkey)"}]}]}]}]}, "Triggers": [], "Planner Runtime": 0.731, "Total Runtime": 4988.153, "Unique SQL Id": 2798552886}}, "(64, 4)": {"explain_plan": {"Plan": {"Node Type": "Sort", "Startup Cost": 274230.79, "Total Cost": 274230.8, "Plan Rows": 1, "Plan Width": 40, "Sort Key": ["(\"substring\"((public.customer.c_phone)::text, 1, 2))"], "Plans": [{"Node Type": "Aggregate", "Strategy": "Plain", "Parent Relationship": "exec_init_plan", "Subplan Name": "InitPlan 1 (returns $0)", "Startup Cost": 76620.14, "Total Cost": 76620.15, "Plan Rows": 1, "Plan Width": 40, "Plans": [{"Node Type": "Seq Scan", "Parent Relationship": "Outer", "Relation Name": "customer", "Alias": "customer", "Startup Cost": 12.95, "Total Cost": 76501.0, "Plan Rows": 47655, "Plan Width": 8, "Filter": "((c_acctbal > 0::double precision) AND (\"substring\"((c_phone)::text, 1, 2) = ANY ('{20,40,22,30,39,42,21}'::text[])))"}]}, {"Node Type": "Aggregate", "Strategy": "Hashed", "Parent Relationship": "Outer", "Startup Cost": 197610.62, "Total Cost": 197610.63, "Plan Rows": 1, "Plan Width": 40, "Group By Key": ["\"substring\"((public.customer.c_phone)::text, 1, 2)"], "Plans": [{"Node Type": "Nested Loop", "Parent Relationship": "Outer", "Join Type": "Anti", "Startup Cost": 0.0, "Total Cost": 197610.61, "Plan Rows": 1, "Plan Width": 24, "Inner Unique": false, "Plans": [{"Node Type": "Seq Scan", "Parent Relationship": "Outer", "Relation Name": "customer", "Alias": "customer", "Startup Cost": 0.0, "Total Cost": 76501.0, "Plan Rows": 17500, "Plan Width": 32, "Filter": "((c_acctbal > $0) AND (\"substring\"((c_phone)::text, 1, 2) = ANY ('{20,40,22,30,39,42,21}'::text[])))"}, {"Node Type": "Index Scan", "Parent Relationship": "Inner", "Scan Direction": "Forward", "Index Name": "idx_orders_custkey", "Relation Name": "orders", "Alias": "orders", "Startup Cost": 0.0, "Total Cost": 17.99, "Plan Rows": 4, "Plan Width": 8, "Index Cond": "(o_custkey = public.customer.c_custkey)"}]}]}]}, "Unique SQL Id": 2798552886}, "explain_analyze_plan": {"Plan": {"Node Type": "Sort", "Startup Cost": 274230.79, "Total Cost": 274230.8, "Plan Rows": 1, "Plan Width": 40, "Actual Startup Time": 4048.22, "Actual Total Time": 4048.22, "Actual Rows": 4, "Actual Loops": 1, "Sort Key": ["(\"substring\"((public.customer.c_phone)::text, 1, 2))"], "Sort Method": "quicksort", "Sort Space Used": 25, "Sort Space Type": "Memory", "Plans": [{"Node Type": "Aggregate", "Strategy": "Plain", "Parent Relationship": "exec_init_plan", "Subplan Name": "InitPlan 1 (returns $0)", "Startup Cost": 76620.14, "Total Cost": 76620.15, "Plan Rows": 1, "Plan Width": 40, "Actual Startup Time": 1960.504, "Actual Total Time": 1960.504, "Actual Rows": 1, "Actual Loops": 1, "Plans": [{"Node Type": "Seq Scan", "Parent Relationship": "Outer", "Relation Name": "customer", "Alias": "customer", "Startup Cost": 12.95, "Total Cost": 76501.0, "Plan Rows": 47655, "Plan Width": 8, "Actual Startup Time": 0.027, "Actual Total Time": 1865.668, "Actual Rows": 218121, "Actual Loops": 1, "Filter": "((c_acctbal > 0::double precision) AND (\"substring\"((c_phone)::text, 1, 2) = ANY ('{20,40,22,30,39,42,21}'::text[])))", "Rows Removed by Filter": 1281879}]}, {"Node Type": "Aggregate", "Strategy": "Hashed", "Parent Relationship": "Outer", "Startup Cost": 197610.62, "Total Cost": 197610.63, "Plan Rows": 1, "Plan Width": 40, "Actual Startup Time": 4048.179, "Actual Total Time": 4048.18, "Actual Rows": 4, "Actual Loops": 1, "Group By Key": ["\"substring\"((public.customer.c_phone)::text, 1, 2)"], "Plans": [{"Node Type": "Nested Loop", "Parent Relationship": "Outer", "Join Type": "Anti", "Startup Cost": 0.0, "Total Cost": 197610.61, "Plan Rows": 1, "Plan Width": 24, "Actual Startup Time": 1960.632, "Actual Total Time": 4024.922, "Actual Rows": 36604, "Actual Loops": 1, "Inner Unique": false, "Plans": [{"Node Type": "Seq Scan", "Parent Relationship": "Outer", "Relation Name": "customer", "Alias": "customer", "Startup Cost": 0.0, "Total Cost": 76501.0, "Plan Rows": 17500, "Plan Width": 32, "Actual Startup Time": 1960.572, "Actual Total Time": 3257.721, "Actual Rows": 109197, "Actual Loops": 1, "Filter": "((c_acctbal > $0) AND (\"substring\"((c_phone)::text, 1, 2) = ANY ('{20,40,22,30,39,42,21}'::text[])))", "Rows Removed by Filter": 1390803}, {"Node Type": "Index Scan", "Parent Relationship": "Inner", "Scan Direction": "Forward", "Index Name": "idx_orders_custkey", "Relation Name": "orders", "Alias": "orders", "Startup Cost": 0.0, "Total Cost": 17.99, "Plan Rows": 4, "Plan Width": 8, "Actual Startup Time": 660.636, "Actual Total Time": 660.636, "Actual Rows": 72593, "Actual Loops": 109197, "Index Cond": "(o_custkey = public.customer.c_custkey)", "Rows Removed by Index Recheck": 0}]}]}]}, "Triggers": [], "Planner Runtime": 0.759, "Total Runtime": 4048.42, "Unique SQL Id": 2798552886}}, "(64, 5)": {"explain_plan": {"Plan": {"Node Type": "Sort", "Startup Cost": 1000007876469.15, "Total Cost": 1000007876469.15, "Plan Rows": 1, "Plan Width": 40, "Sort Key": ["(\"substring\"((public.customer.c_phone)::text, 1, 2))"], "Plans": [{"Node Type": "Aggregate", "Strategy": "Plain", "Parent Relationship": "exec_init_plan", "Subplan Name": "InitPlan 1 (returns $0)", "Startup Cost": 1000007650219.14, "Total Cost": 1000007650219.15, "Plan Rows": 1, "Plan Width": 40, "Plans": [{"Node Type": "Seq Scan", "Parent Relationship": "Outer", "Relation Name": "customer", "Alias": "customer", "Startup Cost": 10000000012.75, "Total Cost": 1000007650100.0, "Plan Rows": 47655, "Plan Width": 8, "Filter": "((c_acctbal > 0::double precision) AND (\"substring\"((c_phone)::text, 1, 2) = ANY ('{20,40,22,30,39,42,21}'::text[])))"}]}, {"Node Type": "Aggregate", "Strategy": "Hashed", "Parent Relationship": "Outer", "Startup Cost": 226249.97, "Total Cost": 226249.99, "Plan Rows": 1, "Plan Width": 40, "Group By Key": ["\"substring\"((public.customer.c_phone)::text, 1, 2)"], "Plans": [{"Node Type": "Nested Loop", "Parent Relationship": "Outer", "Join Type": "Anti", "Startup Cost": 0.0, "Total Cost": 226249.97, "Plan Rows": 1, "Plan Width": 24, "Inner Unique": false, "Plans": [{"Node Type": "Index Scan", "Parent Relationship": "Outer", "Scan Direction": "Forward", "Index Name": "customer_pkey", "Relation Name": "customer", "Alias": "customer", "Startup Cost": 0.0, "Total Cost": 105140.36, "Plan Rows": 17500, "Plan Width": 32, "Filter": "((c_acctbal > $0) AND (\"substring\"((c_phone)::text, 1, 2) = ANY ('{20,40,22,30,39,42,21}'::text[])))"}, {"Node Type": "Index Scan", "Parent Relationship": "Inner", "Scan Direction": "Forward", "Index Name": "idx_orders_custkey", "Relation Name": "orders", "Alias": "orders", "Startup Cost": 0.0, "Total Cost": 17.99, "Plan Rows": 4, "Plan Width": 8, "Index Cond": "(o_custkey = public.customer.c_custkey)"}]}]}]}, "Unique SQL Id": 2798552886}, "explain_analyze_plan": {"Plan": {"Node Type": "Sort", "Startup Cost": 1000007876469.15, "Total Cost": 1000007876469.15, "Plan Rows": 1, "Plan Width": 40, "Actual Startup Time": 4342.858, "Actual Total Time": 4342.858, "Actual Rows": 4, "Actual Loops": 1, "Sort Key": ["(\"substring\"((public.customer.c_phone)::text, 1, 2))"], "Sort Method": "quicksort", "Sort Space Used": 25, "Sort Space Type": "Memory", "Plans": [{"Node Type": "Aggregate", "Strategy": "Plain", "Parent Relationship": "exec_init_plan", "Subplan Name": "InitPlan 1 (returns $0)", "Startup Cost": 1000007650219.14, "Total Cost": 1000007650219.15, "Plan Rows": 1, "Plan Width": 40, "Actual Startup Time": 1967.227, "Actual Total Time": 1967.229, "Actual Rows": 1, "Actual Loops": 1, "Plans": [{"Node Type": "Seq Scan", "Parent Relationship": "Outer", "Relation Name": "customer", "Alias": "customer", "Startup Cost": 10000000012.75, "Total Cost": 1000007650100.0, "Plan Rows": 47655, "Plan Width": 8, "Actual Startup Time": 0.033, "Actual Total Time": 1872.87, "Actual Rows": 218121, "Actual Loops": 1, "Filter": "((c_acctbal > 0::double precision) AND (\"substring\"((c_phone)::text, 1, 2) = ANY ('{20,40,22,30,39,42,21}'::text[])))", "Rows Removed by Filter": 1281879}]}, {"Node Type": "Aggregate", "Strategy": "Hashed", "Parent Relationship": "Outer", "Startup Cost": 226249.97, "Total Cost": 226249.99, "Plan Rows": 1, "Plan Width": 40, "Actual Startup Time": 4342.811, "Actual Total Time": 4342.814, "Actual Rows": 4, "Actual Loops": 1, "Group By Key": ["\"substring\"((public.customer.c_phone)::text, 1, 2)"], "Plans": [{"Node Type": "Nested Loop", "Parent Relationship": "Outer", "Join Type": "Anti", "Startup Cost": 0.0, "Total Cost": 226249.97, "Plan Rows": 1, "Plan Width": 24, "Actual Startup Time": 1967.46, "Actual Total Time": 4319.835, "Actual Rows": 36604, "Actual Loops": 1, "Inner Unique": false, "Plans": [{"Node Type": "Index Scan", "Parent Relationship": "Outer", "Scan Direction": "Forward", "Index Name": "customer_pkey", "Relation Name": "customer", "Alias": "customer", "Startup Cost": 0.0, "Total Cost": 105140.36, "Plan Rows": 17500, "Plan Width": 32, "Actual Startup Time": 1967.405, "Actual Total Time": 3680.796, "Actual Rows": 109197, "Actual Loops": 1, "Filter": "((c_acctbal > $0) AND (\"substring\"((c_phone)::text, 1, 2) = ANY ('{20,40,22,30,39,42,21}'::text[])))", "Rows Removed by Filter": 1390803}, {"Node Type": "Index Scan", "Parent Relationship": "Inner", "Scan Direction": "Forward", "Index Name": "idx_orders_custkey", "Relation Name": "orders", "Alias": "orders", "Startup Cost": 0.0, "Total Cost": 17.99, "Plan Rows": 4, "Plan Width": 8, "Actual Startup Time": 530.764, "Actual Total Time": 530.764, "Actual Rows": 72593, "Actual Loops": 109197, "Index Cond": "(o_custkey = public.customer.c_custkey)", "Rows Removed by Index Recheck": 0}]}]}]}, "Triggers": [], "Planner Runtime": 0.769, "Total Runtime": 4343.034, "Unique SQL Id": 2798552886}}, "(64, 6)": {"explain_plan": {"Plan": {"Node Type": "Sort", "Startup Cost": 326543.88, "Total Cost": 326543.89, "Plan Rows": 1, "Plan Width": 40, "Sort Key": ["(\"substring\"((public.customer.c_phone)::text, 1, 2))"], "Plans": [{"Node Type": "Aggregate", "Strategy": "Plain", "Parent Relationship": "exec_init_plan", "Subplan Name": "InitPlan 1 (returns $0)", "Startup Cost": 76620.14, "Total Cost": 76620.15, "Plan Rows": 1, "Plan Width": 40, "Plans": [{"Node Type": "Seq Scan", "Parent Relationship": "Outer", "Relation Name": "customer", "Alias": "customer", "Startup Cost": 12.95, "Total Cost": 76501.0, "Plan Rows": 47655, "Plan Width": 8, "Filter": "((c_acctbal > 0::double precision) AND (\"substring\"((c_phone)::text, 1, 2) = ANY ('{20,40,22,30,39,42,21}'::text[])))"}]}, {"Node Type": "Aggregate", "Strategy": "Hashed", "Parent Relationship": "Outer", "Startup Cost": 249923.71, "Total Cost": 249923.72, "Plan Rows": 1, "Plan Width": 40, "Group By Key": ["\"substring\"((public.customer.c_phone)::text, 1, 2)"], "Plans": [{"Node Type": "Nested Loop", "Parent Relationship": "Outer", "Join Type": "Anti", "Startup Cost": 3.75, "Total Cost": 249923.7, "Plan Rows": 1, "Plan Width": 24, "Inner Unique": false, "Plans": [{"Node Type": "Seq Scan", "Parent Relationship": "Outer", "Relation Name": "customer", "Alias": "customer", "Startup Cost": 0.0, "Total Cost": 76501.0, "Plan Rows": 17500, "Plan Width": 32, "Filter": "((c_acctbal > $0) AND (\"substring\"((c_phone)::text, 1, 2) = ANY ('{20,40,22,30,39,42,21}'::text[])))"}, {"Node Type": "Bitmap Heap Scan", "Parent Relationship": "Inner", "Relation Name": "orders", "Alias": "orders", "Startup Cost": 3.75, "Total Cost": 19.76, "Plan Rows": 4, "Plan Width": 8, "Recheck Cond": "(o_custkey = public.customer.c_custkey)", "Plans": [{"Node Type": "Bitmap Index Scan", "Parent Relationship": "Outer", "Index Name": "idx_orders_custkey", "Startup Cost": 0.0, "Total Cost": 3.75, "Plan Rows": 4, "Plan Width": 0, "Index Cond": "(o_custkey = public.customer.c_custkey)"}]}]}]}]}, "Unique SQL Id": 2798552886}, "explain_analyze_plan": {"Plan": {"Node Type": "Sort", "Startup Cost": 326543.88, "Total Cost": 326543.89, "Plan Rows": 1, "Plan Width": 40, "Actual Startup Time": 4414.71, "Actual Total Time": 4414.711, "Actual Rows": 4, "Actual Loops": 1, "Sort Key": ["(\"substring\"((public.customer.c_phone)::text, 1, 2))"], "Sort Method": "quicksort", "Sort Space Used": 25, "Sort Space Type": "Memory", "Plans": [{"Node Type": "Aggregate", "Strategy": "Plain", "Parent Relationship": "exec_init_plan", "Subplan Name": "InitPlan 1 (returns $0)", "Startup Cost": 76620.14, "Total Cost": 76620.15, "Plan Rows": 1, "Plan Width": 40, "Actual Startup Time": 1995.799, "Actual Total Time": 1995.799, "Actual Rows": 1, "Actual Loops": 1, "Plans": [{"Node Type": "Seq Scan", "Parent Relationship": "Outer", "Relation Name": "customer", "Alias": "customer", "Startup Cost": 12.95, "Total Cost": 76501.0, "Plan Rows": 47655, "Plan Width": 8, "Actual Startup Time": 0.031, "Actual Total Time": 1901.337, "Actual Rows": 218121, "Actual Loops": 1, "Filter": "((c_acctbal > 0::double precision) AND (\"substring\"((c_phone)::text, 1, 2) = ANY ('{20,40,22,30,39,42,21}'::text[])))", "Rows Removed by Filter": 1281879}]}, {"Node Type": "Aggregate", "Strategy": "Hashed", "Parent Relationship": "Outer", "Startup Cost": 249923.71, "Total Cost": 249923.72, "Plan Rows": 1, "Plan Width": 40, "Actual Startup Time": 4414.669, "Actual Total Time": 4414.669, "Actual Rows": 4, "Actual Loops": 1, "Group By Key": ["\"substring\"((public.customer.c_phone)::text, 1, 2)"], "Plans": [{"Node Type": "Nested Loop", "Parent Relationship": "Outer", "Join Type": "Anti", "Startup Cost": 3.75, "Total Cost": 249923.7, "Plan Rows": 1, "Plan Width": 24, "Actual Startup Time": 1995.923, "Actual Total Time": 4387.776, "Actual Rows": 36604, "Actual Loops": 1, "Inner Unique": false, "Plans": [{"Node Type": "Seq Scan", "Parent Relationship": "Outer", "Relation Name": "customer", "Alias": "customer", "Startup Cost": 0.0, "Total Cost": 76501.0, "Plan Rows": 17500, "Plan Width": 32, "Actual Startup Time": 1995.862, "Actual Total Time": 3284.286, "Actual Rows": 109197, "Actual Loops": 1, "Filter": "((c_acctbal > $0) AND (\"substring\"((c_phone)::text, 1, 2) = ANY ('{20,40,22,30,39,42,21}'::text[])))", "Rows Removed by Filter": 1390803}, {"Node Type": "Bitmap Heap Scan", "Parent Relationship": "Inner", "Relation Name": "orders", "Alias": "orders", "Startup Cost": 3.75, "Total Cost": 19.76, "Plan Rows": 4, "Plan Width": 8, "Actual Startup Time": 918.298, "Actual Total Time": 918.298, "Actual Rows": 72593, "Actual Loops": 109197, "Recheck Cond": "(o_custkey = public.customer.c_custkey)", "Rows Removed by Index Recheck": 0, "Exact Heap Blocks": 72593, "Lossy Heap Blocks": 72593, "Plans": [{"Node Type": "Bitmap Index Scan", "Parent Relationship": "Outer", "Index Name": "idx_orders_custkey", "Startup Cost": 0.0, "Total Cost": 3.75, "Plan Rows": 4, "Plan Width": 0, "Actual Startup Time": 572.408, "Actual Total Time": 572.408, "Actual Rows": 1091631, "Actual Loops": 109197, "Index Cond": "(o_custkey = public.customer.c_custkey)"}]}]}]}]}, "Triggers": [], "Planner Runtime": 0.77, "Total Runtime": 4415.004, "Unique SQL Id": 2798552886}}, "(64, 7)": {"explain_plan": {"Plan": {"Node Type": "Sort", "Startup Cost": 2000018337677.51, "Total Cost": 2000018337677.51, "Plan Rows": 1, "Plan Width": 40, "Sort Key": ["(\"substring\"((public.customer.c_phone)::text, 1, 2))"], "Plans": [{"Node Type": "Aggregate", "Strategy": "Plain", "Parent Relationship": "exec_init_plan", "Subplan Name": "InitPlan 1 (returns $0)", "Startup Cost": 1000007650219.14, "Total Cost": 1000007650219.15, "Plan Rows": 1, "Plan Width": 40, "Plans": [{"Node Type": "Seq Scan", "Parent Relationship": "Outer", "Relation Name": "customer", "Alias": "customer", "Startup Cost": 10000000012.75, "Total Cost": 1000007650100.0, "Plan Rows": 47655, "Plan Width": 8, "Filter": "((c_acctbal > 0::double precision) AND (\"substring\"((c_phone)::text, 1, 2) = ANY ('{20,40,22,30,39,42,21}'::text[])))"}]}, {"Node Type": "Aggregate", "Strategy": "Hashed", "Parent Relationship": "Outer", "Startup Cost": 1000010687458.33, "Total Cost": 1000010687458.35, "Plan Rows": 1, "Plan Width": 40, "Group By Key": ["\"substring\"((public.customer.c_phone)::text, 1, 2)"], "Plans": [{"Node Type": "Nested Loop", "Parent Relationship": "Outer", "Join Type": "Anti", "Startup Cost": 10000000003.75, "Total Cost": 1000010687458.32, "Plan Rows": 1, "Plan Width": 24, "Inner Unique": false, "Plans": [{"Node Type": "Index Scan", "Parent Relationship": "Outer", "Scan Direction": "Forward", "Index Name": "customer_pkey", "Relation Name": "customer", "Alias": "customer", "Startup Cost": 10000000000.0, "Total Cost": 1000010514035.62, "Plan Rows": 17500, "Plan Width": 32, "Filter": "((c_acctbal > $0) AND (\"substring\"((c_phone)::text, 1, 2) = ANY ('{20,40,22,30,39,42,21}'::text[])))"}, {"Node Type": "Bitmap Heap Scan", "Parent Relationship": "Inner", "Relation Name": "orders", "Alias": "orders", "Startup Cost": 3.75, "Total Cost": 19.76, "Plan Rows": 4, "Plan Width": 8, "Recheck Cond": "(o_custkey = public.customer.c_custkey)", "Plans": [{"Node Type": "Bitmap Index Scan", "Parent Relationship": "Outer", "Index Name": "idx_orders_custkey", "Startup Cost": 0.0, "Total Cost": 3.75, "Plan Rows": 4, "Plan Width": 0, "Index Cond": "(o_custkey = public.customer.c_custkey)"}]}]}]}]}, "Unique SQL Id": 2798552886}, "explain_analyze_plan": {"Plan": {"Node Type": "Sort", "Startup Cost": 2000018337677.51, "Total Cost": 2000018337677.51, "Plan Rows": 1, "Plan Width": 40, "Actual Startup Time": 4987.955, "Actual Total Time": 4987.956, "Actual Rows": 4, "Actual Loops": 1, "Sort Key": ["(\"substring\"((public.customer.c_phone)::text, 1, 2))"], "Sort Method": "quicksort", "Sort Space Used": 25, "Sort Space Type": "Memory", "Plans": [{"Node Type": "Aggregate", "Strategy": "Plain", "Parent Relationship": "exec_init_plan", "Subplan Name": "InitPlan 1 (returns $0)", "Startup Cost": 1000007650219.14, "Total Cost": 1000007650219.15, "Plan Rows": 1, "Plan Width": 40, "Actual Startup Time": 2018.097, "Actual Total Time": 2018.099, "Actual Rows": 1, "Actual Loops": 1, "Plans": [{"Node Type": "Seq Scan", "Parent Relationship": "Outer", "Relation Name": "customer", "Alias": "customer", "Startup Cost": 10000000012.75, "Total Cost": 1000007650100.0, "Plan Rows": 47655, "Plan Width": 8, "Actual Startup Time": 0.04, "Actual Total Time": 1922.099, "Actual Rows": 218121, "Actual Loops": 1, "Filter": "((c_acctbal > 0::double precision) AND (\"substring\"((c_phone)::text, 1, 2) = ANY ('{20,40,22,30,39,42,21}'::text[])))", "Rows Removed by Filter": 1281879}]}, {"Node Type": "Aggregate", "Strategy": "Hashed", "Parent Relationship": "Outer", "Startup Cost": 1000010687458.33, "Total Cost": 1000010687458.35, "Plan Rows": 1, "Plan Width": 40, "Actual Startup Time": 4987.905, "Actual Total Time": 4987.907, "Actual Rows": 4, "Actual Loops": 1, "Group By Key": ["\"substring\"((public.customer.c_phone)::text, 1, 2)"], "Plans": [{"Node Type": "Nested Loop", "Parent Relationship": "Outer", "Join Type": "Anti", "Startup Cost": 10000000003.75, "Total Cost": 1000010687458.32, "Plan Rows": 1, "Plan Width": 24, "Actual Startup Time": 2018.334, "Actual Total Time": 4960.279, "Actual Rows": 36604, "Actual Loops": 1, "Inner Unique": false, "Plans": [{"Node Type": "Index Scan", "Parent Relationship": "Outer", "Scan Direction": "Forward", "Index Name": "customer_pkey", "Relation Name": "customer", "Alias": "customer", "Startup Cost": 10000000000.0, "Total Cost": 1000010514035.62, "Plan Rows": 17500, "Plan Width": 32, "Actual Startup Time": 2018.263, "Actual Total Time": 3830.61, "Actual Rows": 109197, "Actual Loops": 1, "Filter": "((c_acctbal > $0) AND (\"substring\"((c_phone)::text, 1, 2) = ANY ('{20,40,22,30,39,42,21}'::text[])))", "Rows Removed by Filter": 1390803}, {"Node Type": "Bitmap Heap Scan", "Parent Relationship": "Inner", "Relation Name": "orders", "Alias": "orders", "Startup Cost": 3.75, "Total Cost": 19.76, "Plan Rows": 4, "Plan Width": 8, "Actual Startup Time": 941.988, "Actual Total Time": 941.988, "Actual Rows": 72593, "Actual Loops": 109197, "Recheck Cond": "(o_custkey = public.customer.c_custkey)", "Rows Removed by Index Recheck": 0, "Exact Heap Blocks": 72593, "Lossy Heap Blocks": 72593, "Plans": [{"Node Type": "Bitmap Index Scan", "Parent Relationship": "Outer", "Index Name": "idx_orders_custkey", "Startup Cost": 0.0, "Total Cost": 3.75, "Plan Rows": 4, "Plan Width": 0, "Actual Startup Time": 583.569, "Actual Total Time": 583.569, "Actual Rows": 1091631, "Actual Loops": 109197, "Index Cond": "(o_custkey = public.customer.c_custkey)"}]}]}]}]}, "Triggers": [], "Planner Runtime": 0.731, "Total Runtime": 4988.153, "Unique SQL Id": 2798552886}}, "(64, 8)": {"explain_plan": {"Plan": {"Node Type": "Sort", "Startup Cost": 178853.67, "Total Cost": 178853.67, "Plan Rows": 1, "Plan Width": 40, "Sort Key": ["(\"substring\"((public.customer.c_phone)::text, 1, 2))"], "Plans": [{"Node Type": "Aggregate", "Strategy": "Plain", "Parent Relationship": "exec_init_plan", "Subplan Name": "InitPlan 1 (returns $0)", "Startup Cost": 76620.14, "Total Cost": 76620.15, "Plan Rows": 1, "Plan Width": 40, "Plans": [{"Node Type": "Seq Scan", "Parent Relationship": "Outer", "Relation Name": "customer", "Alias": "customer", "Startup Cost": 12.95, "Total Cost": 76501.0, "Plan Rows": 47655, "Plan Width": 8, "Filter": "((c_acctbal > 0::double precision) AND (\"substring\"((c_phone)::text, 1, 2) = ANY ('{20,40,22,30,39,42,21}'::text[])))"}]}, {"Node Type": "Aggregate", "Strategy": "Hashed", "Parent Relationship": "Outer", "Startup Cost": 102233.49, "Total Cost": 102233.51, "Plan Rows": 1, "Plan Width": 40, "Group By Key": ["\"substring\"((public.customer.c_phone)::text, 1, 2)"], "Plans": [{"Node Type": "Nested Loop", "Parent Relationship": "Outer", "Join Type": "Anti", "Startup Cost": 0.0, "Total Cost": 102233.49, "Plan Rows": 1, "Plan Width": 24, "Inner Unique": false, "Plans": [{"Node Type": "Seq Scan", "Parent Relationship": "Outer", "Relation Name": "customer", "Alias": "customer", "Startup Cost": 0.0, "Total Cost": 76501.0, "Plan Rows": 17500, "Plan Width": 32, "Filter": "((c_acctbal > $0) AND (\"substring\"((c_phone)::text, 1, 2) = ANY ('{20,40,22,30,39,42,21}'::text[])))"}, {"Node Type": "Index Only Scan", "Parent Relationship": "Inner", "Scan Direction": "Forward", "Index Name": "idx_orders_custkey", "Relation Name": "orders", "Alias": "orders", "Startup Cost": 0.0, "Total Cost": 3.79, "Plan Rows": 4, "Plan Width": 8, "Index Cond": "(o_custkey = public.customer.c_custkey)"}]}]}]}, "Unique SQL Id": 2798552886}, "explain_analyze_plan": {"Plan": {"Node Type": "Sort", "Startup Cost": 178853.67, "Total Cost": 178853.67, "Plan Rows": 1, "Plan Width": 40, "Actual Startup Time": 3874.835, "Actual Total Time": 3874.836, "Actual Rows": 4, "Actual Loops": 1, "Sort Key": ["(\"substring\"((public.customer.c_phone)::text, 1, 2))"], "Sort Method": "quicksort", "Sort Space Used": 25, "Sort Space Type": "Memory", "Plans": [{"Node Type": "Aggregate", "Strategy": "Plain", "Parent Relationship": "exec_init_plan", "Subplan Name": "InitPlan 1 (returns $0)", "Startup Cost": 76620.14, "Total Cost": 76620.15, "Plan Rows": 1, "Plan Width": 40, "Actual Startup Time": 1994.529, "Actual Total Time": 1994.529, "Actual Rows": 1, "Actual Loops": 1, "Plans": [{"Node Type": "Seq Scan", "Parent Relationship": "Outer", "Relation Name": "customer", "Alias": "customer", "Startup Cost": 12.95, "Total Cost": 76501.0, "Plan Rows": 47655, "Plan Width": 8, "Actual Startup Time": 0.029, "Actual Total Time": 1899.991, "Actual Rows": 218121, "Actual Loops": 1, "Filter": "((c_acctbal > 0::double precision) AND (\"substring\"((c_phone)::text, 1, 2) = ANY ('{20,40,22,30,39,42,21}'::text[])))", "Rows Removed by Filter": 1281879}]}, {"Node Type": "Aggregate", "Strategy": "Hashed", "Parent Relationship": "Outer", "Startup Cost": 102233.49, "Total Cost": 102233.51, "Plan Rows": 1, "Plan Width": 40, "Actual Startup Time": 3874.687, "Actual Total Time": 3874.701, "Actual Rows": 4, "Actual Loops": 1, "Group By Key": ["\"substring\"((public.customer.c_phone)::text, 1, 2)"], "Plans": [{"Node Type": "Nested Loop", "Parent Relationship": "Outer", "Join Type": "Anti", "Startup Cost": 0.0, "Total Cost": 102233.49, "Plan Rows": 1, "Plan Width": 24, "Actual Startup Time": 1994.649, "Actual Total Time": 3852.097, "Actual Rows": 36604, "Actual Loops": 1, "Inner Unique": false, "Plans": [{"Node Type": "Seq Scan", "Parent Relationship": "Outer", "Relation Name": "customer", "Alias": "customer", "Startup Cost": 0.0, "Total Cost": 76501.0, "Plan Rows": 17500, "Plan Width": 32, "Actual Startup Time": 1994.594, "Actual Total Time": 3277.642, "Actual Rows": 109197, "Actual Loops": 1, "Filter": "((c_acctbal > $0) AND (\"substring\"((c_phone)::text, 1, 2) = ANY ('{20,40,22,30,39,42,21}'::text[])))", "Rows Removed by Filter": 1390803}, {"Node Type": "Index Only Scan", "Parent Relationship": "Inner", "Scan Direction": "Forward", "Index Name": "idx_orders_custkey", "Relation Name": "orders", "Alias": "orders", "Startup Cost": 0.0, "Total Cost": 3.79, "Plan Rows": 4, "Plan Width": 8, "Actual Startup Time": 473.016, "Actual Total Time": 473.016, "Actual Rows": 72593, "Actual Loops": 109197, "Index Cond": "(o_custkey = public.customer.c_custkey)", "Rows Removed by Index Recheck": 0, "Heap Fetches": 0}]}]}]}, "Triggers": [], "Planner Runtime": 0.763, "Total Runtime": 3875.036, "Unique SQL Id": 2798552886}}, "(64, 9)": {"explain_plan": {"Plan": {"Node Type": "Sort", "Startup Cost": 1000007781092.03, "Total Cost": 1000007781092.03, "Plan Rows": 1, "Plan Width": 40, "Sort Key": ["(\"substring\"((public.customer.c_phone)::text, 1, 2))"], "Plans": [{"Node Type": "Aggregate", "Strategy": "Plain", "Parent Relationship": "exec_init_plan", "Subplan Name": "InitPlan 1 (returns $0)", "Startup Cost": 1000007650219.14, "Total Cost": 1000007650219.15, "Plan Rows": 1, "Plan Width": 40, "Plans": [{"Node Type": "Seq Scan", "Parent Relationship": "Outer", "Relation Name": "customer", "Alias": "customer", "Startup Cost": 10000000012.75, "Total Cost": 1000007650100.0, "Plan Rows": 47655, "Plan Width": 8, "Filter": "((c_acctbal > 0::double precision) AND (\"substring\"((c_phone)::text, 1, 2) = ANY ('{20,40,22,30,39,42,21}'::text[])))"}]}, {"Node Type": "Aggregate", "Strategy": "Hashed", "Parent Relationship": "Outer", "Startup Cost": 130872.85, "Total Cost": 130872.87, "Plan Rows": 1, "Plan Width": 40, "Group By Key": ["\"substring\"((public.customer.c_phone)::text, 1, 2)"], "Plans": [{"Node Type": "Nested Loop", "Parent Relationship": "Outer", "Join Type": "Anti", "Startup Cost": 0.0, "Total Cost": 130872.84, "Plan Rows": 1, "Plan Width": 24, "Inner Unique": false, "Plans": [{"Node Type": "Index Scan", "Parent Relationship": "Outer", "Scan Direction": "Forward", "Index Name": "customer_pkey", "Relation Name": "customer", "Alias": "customer", "Startup Cost": 0.0, "Total Cost": 105140.36, "Plan Rows": 17500, "Plan Width": 32, "Filter": "((c_acctbal > $0) AND (\"substring\"((c_phone)::text, 1, 2) = ANY ('{20,40,22,30,39,42,21}'::text[])))"}, {"Node Type": "Index Only Scan", "Parent Relationship": "Inner", "Scan Direction": "Forward", "Index Name": "idx_orders_custkey", "Relation Name": "orders", "Alias": "orders", "Startup Cost": 0.0, "Total Cost": 3.79, "Plan Rows": 4, "Plan Width": 8, "Index Cond": "(o_custkey = public.customer.c_custkey)"}]}]}]}, "Unique SQL Id": 2798552886}, "explain_analyze_plan": {"Plan": {"Node Type": "Sort", "Startup Cost": 1000007781092.03, "Total Cost": 1000007781092.03, "Plan Rows": 1, "Plan Width": 40, "Actual Startup Time": 4540.757, "Actual Total Time": 4540.757, "Actual Rows": 4, "Actual Loops": 1, "Sort Key": ["(\"substring\"((public.customer.c_phone)::text, 1, 2))"], "Sort Method": "quicksort", "Sort Space Used": 25, "Sort Space Type": "Memory", "Plans": [{"Node Type": "Aggregate", "Strategy": "Plain", "Parent Relationship": "exec_init_plan", "Subplan Name": "InitPlan 1 (returns $0)", "Startup Cost": 1000007650219.14, "Total Cost": 1000007650219.15, "Plan Rows": 1, "Plan Width": 40, "Actual Startup Time": 1995.612, "Actual Total Time": 1995.612, "Actual Rows": 1, "Actual Loops": 1, "Plans": [{"Node Type": "Seq Scan", "Parent Relationship": "Outer", "Relation Name": "customer", "Alias": "customer", "Startup Cost": 10000000012.75, "Total Cost": 1000007650100.0, "Plan Rows": 47655, "Plan Width": 8, "Actual Startup Time": 0.036, "Actual Total Time": 1901.667, "Actual Rows": 218121, "Actual Loops": 1, "Filter": "((c_acctbal > 0::double precision) AND (\"substring\"((c_phone)::text, 1, 2) = ANY ('{20,40,22,30,39,42,21}'::text[])))", "Rows Removed by Filter": 1281879}]}, {"Node Type": "Aggregate", "Strategy": "Hashed", "Parent Relationship": "Outer", "Startup Cost": 130872.85, "Total Cost": 130872.87, "Plan Rows": 1, "Plan Width": 40, "Actual Startup Time": 4540.614, "Actual Total Time": 4540.628, "Actual Rows": 4, "Actual Loops": 1, "Group By Key": ["\"substring\"((public.customer.c_phone)::text, 1, 2)"], "Plans": [{"Node Type": "Nested Loop", "Parent Relationship": "Outer", "Join Type": "Anti", "Startup Cost": 0.0, "Total Cost": 130872.84, "Plan Rows": 1, "Plan Width": 24, "Actual Startup Time": 1995.887, "Actual Total Time": 4518.037, "Actual Rows": 36604, "Actual Loops": 1, "Inner Unique": false, "Plans": [{"Node Type": "Index Scan", "Parent Relationship": "Outer", "Scan Direction": "Forward", "Index Name": "customer_pkey", "Relation Name": "customer", "Alias": "customer", "Startup Cost": 0.0, "Total Cost": 105140.36, "Plan Rows": 17500, "Plan Width": 32, "Actual Startup Time": 1995.824, "Actual Total Time": 3913.868, "Actual Rows": 109197, "Actual Loops": 1, "Filter": "((c_acctbal > $0) AND (\"substring\"((c_phone)::text, 1, 2) = ANY ('{20,40,22,30,39,42,21}'::text[])))", "Rows Removed by Filter": 1390803}, {"Node Type": "Index Only Scan", "Parent Relationship": "Inner", "Scan Direction": "Forward", "Index Name": "idx_orders_custkey", "Relation Name": "orders", "Alias": "orders", "Startup Cost": 0.0, "Total Cost": 3.79, "Plan Rows": 4, "Plan Width": 8, "Actual Startup Time": 500.727, "Actual Total Time": 500.727, "Actual Rows": 72593, "Actual Loops": 109197, "Index Cond": "(o_custkey = public.customer.c_custkey)", "Rows Removed by Index Recheck": 0, "Heap Fetches": 0}]}]}]}, "Triggers": [], "Planner Runtime": 0.757, "Total Runtime": 4540.956, "Unique SQL Id": 2798552886}}, "(64, 10)": {"explain_plan": {"Plan": {"Node Type": "Sort", "Startup Cost": 639751.64, "Total Cost": 639751.65, "Plan Rows": 1, "Plan Width": 40, "Sort Key": ["(\"substring\"((public.customer.c_phone)::text, 1, 2))"], "Plans": [{"Node Type": "Aggregate", "Strategy": "Plain", "Parent Relationship": "exec_init_plan", "Subplan Name": "InitPlan 1 (returns $0)", "Startup Cost": 76620.14, "Total Cost": 76620.15, "Plan Rows": 1, "Plan Width": 40, "Plans": [{"Node Type": "Seq Scan", "Parent Relationship": "Outer", "Relation Name": "customer", "Alias": "customer", "Startup Cost": 12.95, "Total Cost": 76501.0, "Plan Rows": 47655, "Plan Width": 8, "Filter": "((c_acctbal > 0::double precision) AND (\"substring\"((c_phone)::text, 1, 2) = ANY ('{20,40,22,30,39,42,21}'::text[])))"}]}, {"Node Type": "Aggregate", "Strategy": "Hashed", "Parent Relationship": "Outer", "Startup Cost": 563131.47, "Total Cost": 563131.48, "Plan Rows": 1, "Plan Width": 40, "Group By Key": ["\"substring\"((public.customer.c_phone)::text, 1, 2)"], "Plans": [{"Node Type": "Hash Join", "Parent Relationship": "Outer", "Join Type": "Right Anti", "Startup Cost": 76719.75, "Total Cost": 563131.46, "Plan Rows": 1, "Plan Width": 24, "Inner Unique": true, "Hash Cond": "(orders.o_custkey = public.customer.c_custkey)", "Plans": [{"Node Type": "Seq Scan", "Parent Relationship": "Outer", "Relation Name": "orders", "Alias": "orders", "Startup Cost": 0.0, "Total Cost": 426413.79, "Plan Rows": 14999479, "Plan Width": 8}, {"Node Type": "Hash", "Parent Relationship": "Inner", "Startup Cost": 76501.0, "Total Cost": 76501.0, "Plan Rows": 17500, "Plan Width": 32, "Plans": [{"Node Type": "Seq Scan", "Parent Relationship": "Outer", "Relation Name": "customer", "Alias": "customer", "Startup Cost": 0.0, "Total Cost": 76501.0, "Plan Rows": 17500, "Plan Width": 32, "Filter": "((c_acctbal > $0) AND (\"substring\"((c_phone)::text, 1, 2) = ANY ('{20,40,22,30,39,42,21}'::text[])))"}]}]}]}]}, "Unique SQL Id": 2798552886}, "explain_analyze_plan": null}, "(64, 11)": {"explain_plan": {"Plan": {"Node Type": "Sort", "Startup Cost": 3000031345967.3, "Total Cost": 3000031345967.3, "Plan Rows": 1, "Plan Width": 40, "Sort Key": ["(\"substring\"((public.customer.c_phone)::text, 1, 2))"], "Plans": [{"Node Type": "Aggregate", "Strategy": "Plain", "Parent Relationship": "exec_init_plan", "Subplan Name": "InitPlan 1 (returns $0)", "Startup Cost": 1000007650219.14, "Total Cost": 1000007650219.15, "Plan Rows": 1, "Plan Width": 40, "Plans": [{"Node Type": "Seq Scan", "Parent Relationship": "Outer", "Relation Name": "customer", "Alias": "customer", "Startup Cost": 10000000012.75, "Total Cost": 1000007650100.0, "Plan Rows": 47655, "Plan Width": 8, "Filter": "((c_acctbal > 0::double precision) AND (\"substring\"((c_phone)::text, 1, 2) = ANY ('{20,40,22,30,39,42,21}'::text[])))"}]}, {"Node Type": "Aggregate", "Strategy": "Hashed", "Parent Relationship": "Outer", "Startup Cost": 2000023695748.12, "Total Cost": 2000023695748.14, "Plan Rows": 1, "Plan Width": 40, "Group By Key": ["\"substring\"((public.customer.c_phone)::text, 1, 2)"], "Plans": [{"Node Type": "Merge Join", "Parent Relationship": "Outer", "Join Type": "Anti", "Startup Cost": 20000000000.0, "Total Cost": 2000023695748.11, "Plan Rows": 1, "Plan Width": 24, "Inner Unique": false, "Merge Cond": "(public.customer.c_custkey = orders.o_custkey)", "Plans": [{"Node Type": "Index Scan", "Parent Relationship": "Outer", "Scan Direction": "Forward", "Index Name": "customer_pkey", "Relation Name": "customer", "Alias": "customer", "Startup Cost": 10000000000.0, "Total Cost": 1000010514035.62, "Plan Rows": 17500, "Plan Width": 32, "Filter": "((c_acctbal > $0) AND (\"substring\"((c_phone)::text, 1, 2) = ANY ('{20,40,22,30,39,42,21}'::text[])))"}, {"Node Type": "Index Only Scan", "Parent Relationship": "Inner", "Scan Direction": "Forward", "Index Name": "idx_orders_custkey", "Relation Name": "orders", "Alias": "orders", "Startup Cost": 10000000000.0, "Total Cost": 1000045486043.5, "Plan Rows": 14999479, "Plan Width": 8}]}]}]}, "Unique SQL Id": 2798552886}, "explain_analyze_plan": null}, "(64, 12)": {"explain_plan": {"Plan": {"Node Type": "Sort", "Startup Cost": 274230.79, "Total Cost": 274230.8, "Plan Rows": 1, "Plan Width": 40, "Sort Key": ["(\"substring\"((public.customer.c_phone)::text, 1, 2))"], "Plans": [{"Node Type": "Aggregate", "Strategy": "Plain", "Parent Relationship": "exec_init_plan", "Subplan Name": "InitPlan 1 (returns $0)", "Startup Cost": 76620.14, "Total Cost": 76620.15, "Plan Rows": 1, "Plan Width": 40, "Plans": [{"Node Type": "Seq Scan", "Parent Relationship": "Outer", "Relation Name": "customer", "Alias": "customer", "Startup Cost": 12.95, "Total Cost": 76501.0, "Plan Rows": 47655, "Plan Width": 8, "Filter": "((c_acctbal > 0::double precision) AND (\"substring\"((c_phone)::text, 1, 2) = ANY ('{20,40,22,30,39,42,21}'::text[])))"}]}, {"Node Type": "Aggregate", "Strategy": "Hashed", "Parent Relationship": "Outer", "Startup Cost": 197610.62, "Total Cost": 197610.63, "Plan Rows": 1, "Plan Width": 40, "Group By Key": ["\"substring\"((public.customer.c_phone)::text, 1, 2)"], "Plans": [{"Node Type": "Nested Loop", "Parent Relationship": "Outer", "Join Type": "Anti", "Startup Cost": 0.0, "Total Cost": 197610.61, "Plan Rows": 1, "Plan Width": 24, "Inner Unique": false, "Plans": [{"Node Type": "Seq Scan", "Parent Relationship": "Outer", "Relation Name": "customer", "Alias": "customer", "Startup Cost": 0.0, "Total Cost": 76501.0, "Plan Rows": 17500, "Plan Width": 32, "Filter": "((c_acctbal > $0) AND (\"substring\"((c_phone)::text, 1, 2) = ANY ('{20,40,22,30,39,42,21}'::text[])))"}, {"Node Type": "Index Scan", "Parent Relationship": "Inner", "Scan Direction": "Forward", "Index Name": "idx_orders_custkey", "Relation Name": "orders", "Alias": "orders", "Startup Cost": 0.0, "Total Cost": 17.99, "Plan Rows": 4, "Plan Width": 8, "Index Cond": "(o_custkey = public.customer.c_custkey)"}]}]}]}, "Unique SQL Id": 2798552886}, "explain_analyze_plan": {"Plan": {"Node Type": "Sort", "Startup Cost": 274230.79, "Total Cost": 274230.8, "Plan Rows": 1, "Plan Width": 40, "Actual Startup Time": 4048.22, "Actual Total Time": 4048.22, "Actual Rows": 4, "Actual Loops": 1, "Sort Key": ["(\"substring\"((public.customer.c_phone)::text, 1, 2))"], "Sort Method": "quicksort", "Sort Space Used": 25, "Sort Space Type": "Memory", "Plans": [{"Node Type": "Aggregate", "Strategy": "Plain", "Parent Relationship": "exec_init_plan", "Subplan Name": "InitPlan 1 (returns $0)", "Startup Cost": 76620.14, "Total Cost": 76620.15, "Plan Rows": 1, "Plan Width": 40, "Actual Startup Time": 1960.504, "Actual Total Time": 1960.504, "Actual Rows": 1, "Actual Loops": 1, "Plans": [{"Node Type": "Seq Scan", "Parent Relationship": "Outer", "Relation Name": "customer", "Alias": "customer", "Startup Cost": 12.95, "Total Cost": 76501.0, "Plan Rows": 47655, "Plan Width": 8, "Actual Startup Time": 0.027, "Actual Total Time": 1865.668, "Actual Rows": 218121, "Actual Loops": 1, "Filter": "((c_acctbal > 0::double precision) AND (\"substring\"((c_phone)::text, 1, 2) = ANY ('{20,40,22,30,39,42,21}'::text[])))", "Rows Removed by Filter": 1281879}]}, {"Node Type": "Aggregate", "Strategy": "Hashed", "Parent Relationship": "Outer", "Startup Cost": 197610.62, "Total Cost": 197610.63, "Plan Rows": 1, "Plan Width": 40, "Actual Startup Time": 4048.179, "Actual Total Time": 4048.18, "Actual Rows": 4, "Actual Loops": 1, "Group By Key": ["\"substring\"((public.customer.c_phone)::text, 1, 2)"], "Plans": [{"Node Type": "Nested Loop", "Parent Relationship": "Outer", "Join Type": "Anti", "Startup Cost": 0.0, "Total Cost": 197610.61, "Plan Rows": 1, "Plan Width": 24, "Actual Startup Time": 1960.632, "Actual Total Time": 4024.922, "Actual Rows": 36604, "Actual Loops": 1, "Inner Unique": false, "Plans": [{"Node Type": "Seq Scan", "Parent Relationship": "Outer", "Relation Name": "customer", "Alias": "customer", "Startup Cost": 0.0, "Total Cost": 76501.0, "Plan Rows": 17500, "Plan Width": 32, "Actual Startup Time": 1960.572, "Actual Total Time": 3257.721, "Actual Rows": 109197, "Actual Loops": 1, "Filter": "((c_acctbal > $0) AND (\"substring\"((c_phone)::text, 1, 2) = ANY ('{20,40,22,30,39,42,21}'::text[])))", "Rows Removed by Filter": 1390803}, {"Node Type": "Index Scan", "Parent Relationship": "Inner", "Scan Direction": "Forward", "Index Name": "idx_orders_custkey", "Relation Name": "orders", "Alias": "orders", "Startup Cost": 0.0, "Total Cost": 17.99, "Plan Rows": 4, "Plan Width": 8, "Actual Startup Time": 660.636, "Actual Total Time": 660.636, "Actual Rows": 72593, "Actual Loops": 109197, "Index Cond": "(o_custkey = public.customer.c_custkey)", "Rows Removed by Index Recheck": 0}]}]}]}, "Triggers": [], "Planner Runtime": 0.759, "Total Runtime": 4048.42, "Unique SQL Id": 2798552886}}, "(64, 13)": {"explain_plan": {"Plan": {"Node Type": "Sort", "Startup Cost": 1000007876469.15, "Total Cost": 1000007876469.15, "Plan Rows": 1, "Plan Width": 40, "Sort Key": ["(\"substring\"((public.customer.c_phone)::text, 1, 2))"], "Plans": [{"Node Type": "Aggregate", "Strategy": "Plain", "Parent Relationship": "exec_init_plan", "Subplan Name": "InitPlan 1 (returns $0)", "Startup Cost": 1000007650219.14, "Total Cost": 1000007650219.15, "Plan Rows": 1, "Plan Width": 40, "Plans": [{"Node Type": "Seq Scan", "Parent Relationship": "Outer", "Relation Name": "customer", "Alias": "customer", "Startup Cost": 10000000012.75, "Total Cost": 1000007650100.0, "Plan Rows": 47655, "Plan Width": 8, "Filter": "((c_acctbal > 0::double precision) AND (\"substring\"((c_phone)::text, 1, 2) = ANY ('{20,40,22,30,39,42,21}'::text[])))"}]}, {"Node Type": "Aggregate", "Strategy": "Hashed", "Parent Relationship": "Outer", "Startup Cost": 226249.97, "Total Cost": 226249.99, "Plan Rows": 1, "Plan Width": 40, "Group By Key": ["\"substring\"((public.customer.c_phone)::text, 1, 2)"], "Plans": [{"Node Type": "Nested Loop", "Parent Relationship": "Outer", "Join Type": "Anti", "Startup Cost": 0.0, "Total Cost": 226249.97, "Plan Rows": 1, "Plan Width": 24, "Inner Unique": false, "Plans": [{"Node Type": "Index Scan", "Parent Relationship": "Outer", "Scan Direction": "Forward", "Index Name": "customer_pkey", "Relation Name": "customer", "Alias": "customer", "Startup Cost": 0.0, "Total Cost": 105140.36, "Plan Rows": 17500, "Plan Width": 32, "Filter": "((c_acctbal > $0) AND (\"substring\"((c_phone)::text, 1, 2) = ANY ('{20,40,22,30,39,42,21}'::text[])))"}, {"Node Type": "Index Scan", "Parent Relationship": "Inner", "Scan Direction": "Forward", "Index Name": "idx_orders_custkey", "Relation Name": "orders", "Alias": "orders", "Startup Cost": 0.0, "Total Cost": 17.99, "Plan Rows": 4, "Plan Width": 8, "Index Cond": "(o_custkey = public.customer.c_custkey)"}]}]}]}, "Unique SQL Id": 2798552886}, "explain_analyze_plan": {"Plan": {"Node Type": "Sort", "Startup Cost": 1000007876469.15, "Total Cost": 1000007876469.15, "Plan Rows": 1, "Plan Width": 40, "Actual Startup Time": 4342.858, "Actual Total Time": 4342.858, "Actual Rows": 4, "Actual Loops": 1, "Sort Key": ["(\"substring\"((public.customer.c_phone)::text, 1, 2))"], "Sort Method": "quicksort", "Sort Space Used": 25, "Sort Space Type": "Memory", "Plans": [{"Node Type": "Aggregate", "Strategy": "Plain", "Parent Relationship": "exec_init_plan", "Subplan Name": "InitPlan 1 (returns $0)", "Startup Cost": 1000007650219.14, "Total Cost": 1000007650219.15, "Plan Rows": 1, "Plan Width": 40, "Actual Startup Time": 1967.227, "Actual Total Time": 1967.229, "Actual Rows": 1, "Actual Loops": 1, "Plans": [{"Node Type": "Seq Scan", "Parent Relationship": "Outer", "Relation Name": "customer", "Alias": "customer", "Startup Cost": 10000000012.75, "Total Cost": 1000007650100.0, "Plan Rows": 47655, "Plan Width": 8, "Actual Startup Time": 0.033, "Actual Total Time": 1872.87, "Actual Rows": 218121, "Actual Loops": 1, "Filter": "((c_acctbal > 0::double precision) AND (\"substring\"((c_phone)::text, 1, 2) = ANY ('{20,40,22,30,39,42,21}'::text[])))", "Rows Removed by Filter": 1281879}]}, {"Node Type": "Aggregate", "Strategy": "Hashed", "Parent Relationship": "Outer", "Startup Cost": 226249.97, "Total Cost": 226249.99, "Plan Rows": 1, "Plan Width": 40, "Actual Startup Time": 4342.811, "Actual Total Time": 4342.814, "Actual Rows": 4, "Actual Loops": 1, "Group By Key": ["\"substring\"((public.customer.c_phone)::text, 1, 2)"], "Plans": [{"Node Type": "Nested Loop", "Parent Relationship": "Outer", "Join Type": "Anti", "Startup Cost": 0.0, "Total Cost": 226249.97, "Plan Rows": 1, "Plan Width": 24, "Actual Startup Time": 1967.46, "Actual Total Time": 4319.835, "Actual Rows": 36604, "Actual Loops": 1, "Inner Unique": false, "Plans": [{"Node Type": "Index Scan", "Parent Relationship": "Outer", "Scan Direction": "Forward", "Index Name": "customer_pkey", "Relation Name": "customer", "Alias": "customer", "Startup Cost": 0.0, "Total Cost": 105140.36, "Plan Rows": 17500, "Plan Width": 32, "Actual Startup Time": 1967.405, "Actual Total Time": 3680.796, "Actual Rows": 109197, "Actual Loops": 1, "Filter": "((c_acctbal > $0) AND (\"substring\"((c_phone)::text, 1, 2) = ANY ('{20,40,22,30,39,42,21}'::text[])))", "Rows Removed by Filter": 1390803}, {"Node Type": "Index Scan", "Parent Relationship": "Inner", "Scan Direction": "Forward", "Index Name": "idx_orders_custkey", "Relation Name": "orders", "Alias": "orders", "Startup Cost": 0.0, "Total Cost": 17.99, "Plan Rows": 4, "Plan Width": 8, "Actual Startup Time": 530.764, "Actual Total Time": 530.764, "Actual Rows": 72593, "Actual Loops": 109197, "Index Cond": "(o_custkey = public.customer.c_custkey)", "Rows Removed by Index Recheck": 0}]}]}]}, "Triggers": [], "Planner Runtime": 0.769, "Total Runtime": 4343.034, "Unique SQL Id": 2798552886}}, "(64, 14)": {"explain_plan": {"Plan": {"Node Type": "Sort", "Startup Cost": 639751.64, "Total Cost": 639751.65, "Plan Rows": 1, "Plan Width": 40, "Sort Key": ["(\"substring\"((public.customer.c_phone)::text, 1, 2))"], "Plans": [{"Node Type": "Aggregate", "Strategy": "Plain", "Parent Relationship": "exec_init_plan", "Subplan Name": "InitPlan 1 (returns $0)", "Startup Cost": 76620.14, "Total Cost": 76620.15, "Plan Rows": 1, "Plan Width": 40, "Plans": [{"Node Type": "Seq Scan", "Parent Relationship": "Outer", "Relation Name": "customer", "Alias": "customer", "Startup Cost": 12.95, "Total Cost": 76501.0, "Plan Rows": 47655, "Plan Width": 8, "Filter": "((c_acctbal > 0::double precision) AND (\"substring\"((c_phone)::text, 1, 2) = ANY ('{20,40,22,30,39,42,21}'::text[])))"}]}, {"Node Type": "Aggregate", "Strategy": "Hashed", "Parent Relationship": "Outer", "Startup Cost": 563131.47, "Total Cost": 563131.48, "Plan Rows": 1, "Plan Width": 40, "Group By Key": ["\"substring\"((public.customer.c_phone)::text, 1, 2)"], "Plans": [{"Node Type": "Hash Join", "Parent Relationship": "Outer", "Join Type": "Right Anti", "Startup Cost": 76719.75, "Total Cost": 563131.46, "Plan Rows": 1, "Plan Width": 24, "Inner Unique": true, "Hash Cond": "(orders.o_custkey = public.customer.c_custkey)", "Plans": [{"Node Type": "Seq Scan", "Parent Relationship": "Outer", "Relation Name": "orders", "Alias": "orders", "Startup Cost": 0.0, "Total Cost": 426413.79, "Plan Rows": 14999479, "Plan Width": 8}, {"Node Type": "Hash", "Parent Relationship": "Inner", "Startup Cost": 76501.0, "Total Cost": 76501.0, "Plan Rows": 17500, "Plan Width": 32, "Plans": [{"Node Type": "Seq Scan", "Parent Relationship": "Outer", "Relation Name": "customer", "Alias": "customer", "Startup Cost": 0.0, "Total Cost": 76501.0, "Plan Rows": 17500, "Plan Width": 32, "Filter": "((c_acctbal > $0) AND (\"substring\"((c_phone)::text, 1, 2) = ANY ('{20,40,22,30,39,42,21}'::text[])))"}]}]}]}]}, "Unique SQL Id": 2798552886}, "explain_analyze_plan": null}, "(64, 15)": {"explain_plan": {"Plan": {"Node Type": "Sort", "Startup Cost": 3000141907840.95, "Total Cost": 3000141907840.95, "Plan Rows": 1, "Plan Width": 40, "Sort Key": ["(\"substring\"((public.customer.c_phone)::text, 1, 2))"], "Plans": [{"Node Type": "Aggregate", "Strategy": "Plain", "Parent Relationship": "exec_init_plan", "Subplan Name": "InitPlan 1 (returns $0)", "Startup Cost": 1000007650219.14, "Total Cost": 1000007650219.15, "Plan Rows": 1, "Plan Width": 40, "Plans": [{"Node Type": "Seq Scan", "Parent Relationship": "Outer", "Relation Name": "customer", "Alias": "customer", "Startup Cost": 10000000012.75, "Total Cost": 1000007650100.0, "Plan Rows": 47655, "Plan Width": 8, "Filter": "((c_acctbal > 0::double precision) AND (\"substring\"((c_phone)::text, 1, 2) = ANY ('{20,40,22,30,39,42,21}'::text[])))"}]}, {"Node Type": "Aggregate", "Strategy": "Hashed", "Parent Relationship": "Outer", "Startup Cost": 2000134257621.77, "Total Cost": 2000134257621.79, "Plan Rows": 1, "Plan Width": 40, "Group By Key": ["\"substring\"((public.customer.c_phone)::text, 1, 2)"], "Plans": [{"Node Type": "Merge Join", "Parent Relationship": "Outer", "Join Type": "Anti", "Startup Cost": 20000000000.0, "Total Cost": 2000134257621.77, "Plan Rows": 1, "Plan Width": 24, "Inner Unique": false, "Merge Cond": "(public.customer.c_custkey = orders.o_custkey)", "Plans": [{"Node Type": "Index Scan", "Parent Relationship": "Outer", "Scan Direction": "Forward", "Index Name": "customer_pkey", "Relation Name": "customer", "Alias": "customer", "Startup Cost": 10000000000.0, "Total Cost": 1000010514035.62, "Plan Rows": 17500, "Plan Width": 32, "Filter": "((c_acctbal > $0) AND (\"substring\"((c_phone)::text, 1, 2) = ANY ('{20,40,22,30,39,42,21}'::text[])))"}, {"Node Type": "Index Scan", "Parent Relationship": "Inner", "Scan Direction": "Forward", "Index Name": "idx_orders_custkey", "Relation Name": "orders", "Alias": "orders", "Startup Cost": 10000000000.0, "Total Cost": 1000156051529.08, "Plan Rows": 14999479, "Plan Width": 8}]}]}]}, "Unique SQL Id": 2798552886}, "explain_analyze_plan": null}, "(64, 16)": {"explain_plan": {"Plan": {"Node Type": "Sort", "Startup Cost": 178853.67, "Total Cost": 178853.67, "Plan Rows": 1, "Plan Width": 40, "Sort Key": ["(\"substring\"((public.customer.c_phone)::text, 1, 2))"], "Plans": [{"Node Type": "Aggregate", "Strategy": "Plain", "Parent Relationship": "exec_init_plan", "Subplan Name": "InitPlan 1 (returns $0)", "Startup Cost": 76620.14, "Total Cost": 76620.15, "Plan Rows": 1, "Plan Width": 40, "Plans": [{"Node Type": "Seq Scan", "Parent Relationship": "Outer", "Relation Name": "customer", "Alias": "customer", "Startup Cost": 12.95, "Total Cost": 76501.0, "Plan Rows": 47655, "Plan Width": 8, "Filter": "((c_acctbal > 0::double precision) AND (\"substring\"((c_phone)::text, 1, 2) = ANY ('{20,40,22,30,39,42,21}'::text[])))"}]}, {"Node Type": "Aggregate", "Strategy": "Hashed", "Parent Relationship": "Outer", "Startup Cost": 102233.49, "Total Cost": 102233.51, "Plan Rows": 1, "Plan Width": 40, "Group By Key": ["\"substring\"((public.customer.c_phone)::text, 1, 2)"], "Plans": [{"Node Type": "Nested Loop", "Parent Relationship": "Outer", "Join Type": "Anti", "Startup Cost": 0.0, "Total Cost": 102233.49, "Plan Rows": 1, "Plan Width": 24, "Inner Unique": false, "Plans": [{"Node Type": "Seq Scan", "Parent Relationship": "Outer", "Relation Name": "customer", "Alias": "customer", "Startup Cost": 0.0, "Total Cost": 76501.0, "Plan Rows": 17500, "Plan Width": 32, "Filter": "((c_acctbal > $0) AND (\"substring\"((c_phone)::text, 1, 2) = ANY ('{20,40,22,30,39,42,21}'::text[])))"}, {"Node Type": "Index Only Scan", "Parent Relationship": "Inner", "Scan Direction": "Forward", "Index Name": "idx_orders_custkey", "Relation Name": "orders", "Alias": "orders", "Startup Cost": 0.0, "Total Cost": 3.79, "Plan Rows": 4, "Plan Width": 8, "Index Cond": "(o_custkey = public.customer.c_custkey)"}]}]}]}, "Unique SQL Id": 2798552886}, "explain_analyze_plan": {"Plan": {"Node Type": "Sort", "Startup Cost": 178853.67, "Total Cost": 178853.67, "Plan Rows": 1, "Plan Width": 40, "Actual Startup Time": 3874.835, "Actual Total Time": 3874.836, "Actual Rows": 4, "Actual Loops": 1, "Sort Key": ["(\"substring\"((public.customer.c_phone)::text, 1, 2))"], "Sort Method": "quicksort", "Sort Space Used": 25, "Sort Space Type": "Memory", "Plans": [{"Node Type": "Aggregate", "Strategy": "Plain", "Parent Relationship": "exec_init_plan", "Subplan Name": "InitPlan 1 (returns $0)", "Startup Cost": 76620.14, "Total Cost": 76620.15, "Plan Rows": 1, "Plan Width": 40, "Actual Startup Time": 1994.529, "Actual Total Time": 1994.529, "Actual Rows": 1, "Actual Loops": 1, "Plans": [{"Node Type": "Seq Scan", "Parent Relationship": "Outer", "Relation Name": "customer", "Alias": "customer", "Startup Cost": 12.95, "Total Cost": 76501.0, "Plan Rows": 47655, "Plan Width": 8, "Actual Startup Time": 0.029, "Actual Total Time": 1899.991, "Actual Rows": 218121, "Actual Loops": 1, "Filter": "((c_acctbal > 0::double precision) AND (\"substring\"((c_phone)::text, 1, 2) = ANY ('{20,40,22,30,39,42,21}'::text[])))", "Rows Removed by Filter": 1281879}]}, {"Node Type": "Aggregate", "Strategy": "Hashed", "Parent Relationship": "Outer", "Startup Cost": 102233.49, "Total Cost": 102233.51, "Plan Rows": 1, "Plan Width": 40, "Actual Startup Time": 3874.687, "Actual Total Time": 3874.701, "Actual Rows": 4, "Actual Loops": 1, "Group By Key": ["\"substring\"((public.customer.c_phone)::text, 1, 2)"], "Plans": [{"Node Type": "Nested Loop", "Parent Relationship": "Outer", "Join Type": "Anti", "Startup Cost": 0.0, "Total Cost": 102233.49, "Plan Rows": 1, "Plan Width": 24, "Actual Startup Time": 1994.649, "Actual Total Time": 3852.097, "Actual Rows": 36604, "Actual Loops": 1, "Inner Unique": false, "Plans": [{"Node Type": "Seq Scan", "Parent Relationship": "Outer", "Relation Name": "customer", "Alias": "customer", "Startup Cost": 0.0, "Total Cost": 76501.0, "Plan Rows": 17500, "Plan Width": 32, "Actual Startup Time": 1994.594, "Actual Total Time": 3277.642, "Actual Rows": 109197, "Actual Loops": 1, "Filter": "((c_acctbal > $0) AND (\"substring\"((c_phone)::text, 1, 2) = ANY ('{20,40,22,30,39,42,21}'::text[])))", "Rows Removed by Filter": 1390803}, {"Node Type": "Index Only Scan", "Parent Relationship": "Inner", "Scan Direction": "Forward", "Index Name": "idx_orders_custkey", "Relation Name": "orders", "Alias": "orders", "Startup Cost": 0.0, "Total Cost": 3.79, "Plan Rows": 4, "Plan Width": 8, "Actual Startup Time": 473.016, "Actual Total Time": 473.016, "Actual Rows": 72593, "Actual Loops": 109197, "Index Cond": "(o_custkey = public.customer.c_custkey)", "Rows Removed by Index Recheck": 0, "Heap Fetches": 0}]}]}]}, "Triggers": [], "Planner Runtime": 0.763, "Total Runtime": 3875.036, "Unique SQL Id": 2798552886}}, "(64, 17)": {"explain_plan": {"Plan": {"Node Type": "Sort", "Startup Cost": 1000007781092.03, "Total Cost": 1000007781092.03, "Plan Rows": 1, "Plan Width": 40, "Sort Key": ["(\"substring\"((public.customer.c_phone)::text, 1, 2))"], "Plans": [{"Node Type": "Aggregate", "Strategy": "Plain", "Parent Relationship": "exec_init_plan", "Subplan Name": "InitPlan 1 (returns $0)", "Startup Cost": 1000007650219.14, "Total Cost": 1000007650219.15, "Plan Rows": 1, "Plan Width": 40, "Plans": [{"Node Type": "Seq Scan", "Parent Relationship": "Outer", "Relation Name": "customer", "Alias": "customer", "Startup Cost": 10000000012.75, "Total Cost": 1000007650100.0, "Plan Rows": 47655, "Plan Width": 8, "Filter": "((c_acctbal > 0::double precision) AND (\"substring\"((c_phone)::text, 1, 2) = ANY ('{20,40,22,30,39,42,21}'::text[])))"}]}, {"Node Type": "Aggregate", "Strategy": "Hashed", "Parent Relationship": "Outer", "Startup Cost": 130872.85, "Total Cost": 130872.87, "Plan Rows": 1, "Plan Width": 40, "Group By Key": ["\"substring\"((public.customer.c_phone)::text, 1, 2)"], "Plans": [{"Node Type": "Nested Loop", "Parent Relationship": "Outer", "Join Type": "Anti", "Startup Cost": 0.0, "Total Cost": 130872.84, "Plan Rows": 1, "Plan Width": 24, "Inner Unique": false, "Plans": [{"Node Type": "Index Scan", "Parent Relationship": "Outer", "Scan Direction": "Forward", "Index Name": "customer_pkey", "Relation Name": "customer", "Alias": "customer", "Startup Cost": 0.0, "Total Cost": 105140.36, "Plan Rows": 17500, "Plan Width": 32, "Filter": "((c_acctbal > $0) AND (\"substring\"((c_phone)::text, 1, 2) = ANY ('{20,40,22,30,39,42,21}'::text[])))"}, {"Node Type": "Index Only Scan", "Parent Relationship": "Inner", "Scan Direction": "Forward", "Index Name": "idx_orders_custkey", "Relation Name": "orders", "Alias": "orders", "Startup Cost": 0.0, "Total Cost": 3.79, "Plan Rows": 4, "Plan Width": 8, "Index Cond": "(o_custkey = public.customer.c_custkey)"}]}]}]}, "Unique SQL Id": 2798552886}, "explain_analyze_plan": {"Plan": {"Node Type": "Sort", "Startup Cost": 1000007781092.03, "Total Cost": 1000007781092.03, "Plan Rows": 1, "Plan Width": 40, "Actual Startup Time": 4540.757, "Actual Total Time": 4540.757, "Actual Rows": 4, "Actual Loops": 1, "Sort Key": ["(\"substring\"((public.customer.c_phone)::text, 1, 2))"], "Sort Method": "quicksort", "Sort Space Used": 25, "Sort Space Type": "Memory", "Plans": [{"Node Type": "Aggregate", "Strategy": "Plain", "Parent Relationship": "exec_init_plan", "Subplan Name": "InitPlan 1 (returns $0)", "Startup Cost": 1000007650219.14, "Total Cost": 1000007650219.15, "Plan Rows": 1, "Plan Width": 40, "Actual Startup Time": 1995.612, "Actual Total Time": 1995.612, "Actual Rows": 1, "Actual Loops": 1, "Plans": [{"Node Type": "Seq Scan", "Parent Relationship": "Outer", "Relation Name": "customer", "Alias": "customer", "Startup Cost": 10000000012.75, "Total Cost": 1000007650100.0, "Plan Rows": 47655, "Plan Width": 8, "Actual Startup Time": 0.036, "Actual Total Time": 1901.667, "Actual Rows": 218121, "Actual Loops": 1, "Filter": "((c_acctbal > 0::double precision) AND (\"substring\"((c_phone)::text, 1, 2) = ANY ('{20,40,22,30,39,42,21}'::text[])))", "Rows Removed by Filter": 1281879}]}, {"Node Type": "Aggregate", "Strategy": "Hashed", "Parent Relationship": "Outer", "Startup Cost": 130872.85, "Total Cost": 130872.87, "Plan Rows": 1, "Plan Width": 40, "Actual Startup Time": 4540.614, "Actual Total Time": 4540.628, "Actual Rows": 4, "Actual Loops": 1, "Group By Key": ["\"substring\"((public.customer.c_phone)::text, 1, 2)"], "Plans": [{"Node Type": "Nested Loop", "Parent Relationship": "Outer", "Join Type": "Anti", "Startup Cost": 0.0, "Total Cost": 130872.84, "Plan Rows": 1, "Plan Width": 24, "Actual Startup Time": 1995.887, "Actual Total Time": 4518.037, "Actual Rows": 36604, "Actual Loops": 1, "Inner Unique": false, "Plans": [{"Node Type": "Index Scan", "Parent Relationship": "Outer", "Scan Direction": "Forward", "Index Name": "customer_pkey", "Relation Name": "customer", "Alias": "customer", "Startup Cost": 0.0, "Total Cost": 105140.36, "Plan Rows": 17500, "Plan Width": 32, "Actual Startup Time": 1995.824, "Actual Total Time": 3913.868, "Actual Rows": 109197, "Actual Loops": 1, "Filter": "((c_acctbal > $0) AND (\"substring\"((c_phone)::text, 1, 2) = ANY ('{20,40,22,30,39,42,21}'::text[])))", "Rows Removed by Filter": 1390803}, {"Node Type": "Index Only Scan", "Parent Relationship": "Inner", "Scan Direction": "Forward", "Index Name": "idx_orders_custkey", "Relation Name": "orders", "Alias": "orders", "Startup Cost": 0.0, "Total Cost": 3.79, "Plan Rows": 4, "Plan Width": 8, "Actual Startup Time": 500.727, "Actual Total Time": 500.727, "Actual Rows": 72593, "Actual Loops": 109197, "Index Cond": "(o_custkey = public.customer.c_custkey)", "Rows Removed by Index Recheck": 0, "Heap Fetches": 0}]}]}]}, "Triggers": [], "Planner Runtime": 0.757, "Total Runtime": 4540.956, "Unique SQL Id": 2798552886}}, "(64, 18)": {"explain_plan": {"Plan": {"Node Type": "Sort", "Startup Cost": 326543.88, "Total Cost": 326543.89, "Plan Rows": 1, "Plan Width": 40, "Sort Key": ["(\"substring\"((public.customer.c_phone)::text, 1, 2))"], "Plans": [{"Node Type": "Aggregate", "Strategy": "Plain", "Parent Relationship": "exec_init_plan", "Subplan Name": "InitPlan 1 (returns $0)", "Startup Cost": 76620.14, "Total Cost": 76620.15, "Plan Rows": 1, "Plan Width": 40, "Plans": [{"Node Type": "Seq Scan", "Parent Relationship": "Outer", "Relation Name": "customer", "Alias": "customer", "Startup Cost": 12.95, "Total Cost": 76501.0, "Plan Rows": 47655, "Plan Width": 8, "Filter": "((c_acctbal > 0::double precision) AND (\"substring\"((c_phone)::text, 1, 2) = ANY ('{20,40,22,30,39,42,21}'::text[])))"}]}, {"Node Type": "Aggregate", "Strategy": "Hashed", "Parent Relationship": "Outer", "Startup Cost": 249923.71, "Total Cost": 249923.72, "Plan Rows": 1, "Plan Width": 40, "Group By Key": ["\"substring\"((public.customer.c_phone)::text, 1, 2)"], "Plans": [{"Node Type": "Nested Loop", "Parent Relationship": "Outer", "Join Type": "Anti", "Startup Cost": 3.75, "Total Cost": 249923.7, "Plan Rows": 1, "Plan Width": 24, "Inner Unique": false, "Plans": [{"Node Type": "Seq Scan", "Parent Relationship": "Outer", "Relation Name": "customer", "Alias": "customer", "Startup Cost": 0.0, "Total Cost": 76501.0, "Plan Rows": 17500, "Plan Width": 32, "Filter": "((c_acctbal > $0) AND (\"substring\"((c_phone)::text, 1, 2) = ANY ('{20,40,22,30,39,42,21}'::text[])))"}, {"Node Type": "Bitmap Heap Scan", "Parent Relationship": "Inner", "Relation Name": "orders", "Alias": "orders", "Startup Cost": 3.75, "Total Cost": 19.76, "Plan Rows": 4, "Plan Width": 8, "Recheck Cond": "(o_custkey = public.customer.c_custkey)", "Plans": [{"Node Type": "Bitmap Index Scan", "Parent Relationship": "Outer", "Index Name": "idx_orders_custkey", "Startup Cost": 0.0, "Total Cost": 3.75, "Plan Rows": 4, "Plan Width": 0, "Index Cond": "(o_custkey = public.customer.c_custkey)"}]}]}]}]}, "Unique SQL Id": 2798552886}, "explain_analyze_plan": {"Plan": {"Node Type": "Sort", "Startup Cost": 326543.88, "Total Cost": 326543.89, "Plan Rows": 1, "Plan Width": 40, "Actual Startup Time": 4414.71, "Actual Total Time": 4414.711, "Actual Rows": 4, "Actual Loops": 1, "Sort Key": ["(\"substring\"((public.customer.c_phone)::text, 1, 2))"], "Sort Method": "quicksort", "Sort Space Used": 25, "Sort Space Type": "Memory", "Plans": [{"Node Type": "Aggregate", "Strategy": "Plain", "Parent Relationship": "exec_init_plan", "Subplan Name": "InitPlan 1 (returns $0)", "Startup Cost": 76620.14, "Total Cost": 76620.15, "Plan Rows": 1, "Plan Width": 40, "Actual Startup Time": 1995.799, "Actual Total Time": 1995.799, "Actual Rows": 1, "Actual Loops": 1, "Plans": [{"Node Type": "Seq Scan", "Parent Relationship": "Outer", "Relation Name": "customer", "Alias": "customer", "Startup Cost": 12.95, "Total Cost": 76501.0, "Plan Rows": 47655, "Plan Width": 8, "Actual Startup Time": 0.031, "Actual Total Time": 1901.337, "Actual Rows": 218121, "Actual Loops": 1, "Filter": "((c_acctbal > 0::double precision) AND (\"substring\"((c_phone)::text, 1, 2) = ANY ('{20,40,22,30,39,42,21}'::text[])))", "Rows Removed by Filter": 1281879}]}, {"Node Type": "Aggregate", "Strategy": "Hashed", "Parent Relationship": "Outer", "Startup Cost": 249923.71, "Total Cost": 249923.72, "Plan Rows": 1, "Plan Width": 40, "Actual Startup Time": 4414.669, "Actual Total Time": 4414.669, "Actual Rows": 4, "Actual Loops": 1, "Group By Key": ["\"substring\"((public.customer.c_phone)::text, 1, 2)"], "Plans": [{"Node Type": "Nested Loop", "Parent Relationship": "Outer", "Join Type": "Anti", "Startup Cost": 3.75, "Total Cost": 249923.7, "Plan Rows": 1, "Plan Width": 24, "Actual Startup Time": 1995.923, "Actual Total Time": 4387.776, "Actual Rows": 36604, "Actual Loops": 1, "Inner Unique": false, "Plans": [{"Node Type": "Seq Scan", "Parent Relationship": "Outer", "Relation Name": "customer", "Alias": "customer", "Startup Cost": 0.0, "Total Cost": 76501.0, "Plan Rows": 17500, "Plan Width": 32, "Actual Startup Time": 1995.862, "Actual Total Time": 3284.286, "Actual Rows": 109197, "Actual Loops": 1, "Filter": "((c_acctbal > $0) AND (\"substring\"((c_phone)::text, 1, 2) = ANY ('{20,40,22,30,39,42,21}'::text[])))", "Rows Removed by Filter": 1390803}, {"Node Type": "Bitmap Heap Scan", "Parent Relationship": "Inner", "Relation Name": "orders", "Alias": "orders", "Startup Cost": 3.75, "Total Cost": 19.76, "Plan Rows": 4, "Plan Width": 8, "Actual Startup Time": 918.298, "Actual Total Time": 918.298, "Actual Rows": 72593, "Actual Loops": 109197, "Recheck Cond": "(o_custkey = public.customer.c_custkey)", "Rows Removed by Index Recheck": 0, "Exact Heap Blocks": 72593, "Lossy Heap Blocks": 72593, "Plans": [{"Node Type": "Bitmap Index Scan", "Parent Relationship": "Outer", "Index Name": "idx_orders_custkey", "Startup Cost": 0.0, "Total Cost": 3.75, "Plan Rows": 4, "Plan Width": 0, "Actual Startup Time": 572.408, "Actual Total Time": 572.408, "Actual Rows": 1091631, "Actual Loops": 109197, "Index Cond": "(o_custkey = public.customer.c_custkey)"}]}]}]}]}, "Triggers": [], "Planner Runtime": 0.77, "Total Runtime": 4415.004, "Unique SQL Id": 2798552886}}, "(64, 19)": {"explain_plan": {"Plan": {"Node Type": "Sort", "Startup Cost": 2000018337677.51, "Total Cost": 2000018337677.51, "Plan Rows": 1, "Plan Width": 40, "Sort Key": ["(\"substring\"((public.customer.c_phone)::text, 1, 2))"], "Plans": [{"Node Type": "Aggregate", "Strategy": "Plain", "Parent Relationship": "exec_init_plan", "Subplan Name": "InitPlan 1 (returns $0)", "Startup Cost": 1000007650219.14, "Total Cost": 1000007650219.15, "Plan Rows": 1, "Plan Width": 40, "Plans": [{"Node Type": "Seq Scan", "Parent Relationship": "Outer", "Relation Name": "customer", "Alias": "customer", "Startup Cost": 10000000012.75, "Total Cost": 1000007650100.0, "Plan Rows": 47655, "Plan Width": 8, "Filter": "((c_acctbal > 0::double precision) AND (\"substring\"((c_phone)::text, 1, 2) = ANY ('{20,40,22,30,39,42,21}'::text[])))"}]}, {"Node Type": "Aggregate", "Strategy": "Hashed", "Parent Relationship": "Outer", "Startup Cost": 1000010687458.33, "Total Cost": 1000010687458.35, "Plan Rows": 1, "Plan Width": 40, "Group By Key": ["\"substring\"((public.customer.c_phone)::text, 1, 2)"], "Plans": [{"Node Type": "Nested Loop", "Parent Relationship": "Outer", "Join Type": "Anti", "Startup Cost": 10000000003.75, "Total Cost": 1000010687458.32, "Plan Rows": 1, "Plan Width": 24, "Inner Unique": false, "Plans": [{"Node Type": "Index Scan", "Parent Relationship": "Outer", "Scan Direction": "Forward", "Index Name": "customer_pkey", "Relation Name": "customer", "Alias": "customer", "Startup Cost": 10000000000.0, "Total Cost": 1000010514035.62, "Plan Rows": 17500, "Plan Width": 32, "Filter": "((c_acctbal > $0) AND (\"substring\"((c_phone)::text, 1, 2) = ANY ('{20,40,22,30,39,42,21}'::text[])))"}, {"Node Type": "Bitmap Heap Scan", "Parent Relationship": "Inner", "Relation Name": "orders", "Alias": "orders", "Startup Cost": 3.75, "Total Cost": 19.76, "Plan Rows": 4, "Plan Width": 8, "Recheck Cond": "(o_custkey = public.customer.c_custkey)", "Plans": [{"Node Type": "Bitmap Index Scan", "Parent Relationship": "Outer", "Index Name": "idx_orders_custkey", "Startup Cost": 0.0, "Total Cost": 3.75, "Plan Rows": 4, "Plan Width": 0, "Index Cond": "(o_custkey = public.customer.c_custkey)"}]}]}]}]}, "Unique SQL Id": 2798552886}, "explain_analyze_plan": {"Plan": {"Node Type": "Sort", "Startup Cost": 2000018337677.51, "Total Cost": 2000018337677.51, "Plan Rows": 1, "Plan Width": 40, "Actual Startup Time": 4987.955, "Actual Total Time": 4987.956, "Actual Rows": 4, "Actual Loops": 1, "Sort Key": ["(\"substring\"((public.customer.c_phone)::text, 1, 2))"], "Sort Method": "quicksort", "Sort Space Used": 25, "Sort Space Type": "Memory", "Plans": [{"Node Type": "Aggregate", "Strategy": "Plain", "Parent Relationship": "exec_init_plan", "Subplan Name": "InitPlan 1 (returns $0)", "Startup Cost": 1000007650219.14, "Total Cost": 1000007650219.15, "Plan Rows": 1, "Plan Width": 40, "Actual Startup Time": 2018.097, "Actual Total Time": 2018.099, "Actual Rows": 1, "Actual Loops": 1, "Plans": [{"Node Type": "Seq Scan", "Parent Relationship": "Outer", "Relation Name": "customer", "Alias": "customer", "Startup Cost": 10000000012.75, "Total Cost": 1000007650100.0, "Plan Rows": 47655, "Plan Width": 8, "Actual Startup Time": 0.04, "Actual Total Time": 1922.099, "Actual Rows": 218121, "Actual Loops": 1, "Filter": "((c_acctbal > 0::double precision) AND (\"substring\"((c_phone)::text, 1, 2) = ANY ('{20,40,22,30,39,42,21}'::text[])))", "Rows Removed by Filter": 1281879}]}, {"Node Type": "Aggregate", "Strategy": "Hashed", "Parent Relationship": "Outer", "Startup Cost": 1000010687458.33, "Total Cost": 1000010687458.35, "Plan Rows": 1, "Plan Width": 40, "Actual Startup Time": 4987.905, "Actual Total Time": 4987.907, "Actual Rows": 4, "Actual Loops": 1, "Group By Key": ["\"substring\"((public.customer.c_phone)::text, 1, 2)"], "Plans": [{"Node Type": "Nested Loop", "Parent Relationship": "Outer", "Join Type": "Anti", "Startup Cost": 10000000003.75, "Total Cost": 1000010687458.32, "Plan Rows": 1, "Plan Width": 24, "Actual Startup Time": 2018.334, "Actual Total Time": 4960.279, "Actual Rows": 36604, "Actual Loops": 1, "Inner Unique": false, "Plans": [{"Node Type": "Index Scan", "Parent Relationship": "Outer", "Scan Direction": "Forward", "Index Name": "customer_pkey", "Relation Name": "customer", "Alias": "customer", "Startup Cost": 10000000000.0, "Total Cost": 1000010514035.62, "Plan Rows": 17500, "Plan Width": 32, "Actual Startup Time": 2018.263, "Actual Total Time": 3830.61, "Actual Rows": 109197, "Actual Loops": 1, "Filter": "((c_acctbal > $0) AND (\"substring\"((c_phone)::text, 1, 2) = ANY ('{20,40,22,30,39,42,21}'::text[])))", "Rows Removed by Filter": 1390803}, {"Node Type": "Bitmap Heap Scan", "Parent Relationship": "Inner", "Relation Name": "orders", "Alias": "orders", "Startup Cost": 3.75, "Total Cost": 19.76, "Plan Rows": 4, "Plan Width": 8, "Actual Startup Time": 941.988, "Actual Total Time": 941.988, "Actual Rows": 72593, "Actual Loops": 109197, "Recheck Cond": "(o_custkey = public.customer.c_custkey)", "Rows Removed by Index Recheck": 0, "Exact Heap Blocks": 72593, "Lossy Heap Blocks": 72593, "Plans": [{"Node Type": "Bitmap Index Scan", "Parent Relationship": "Outer", "Index Name": "idx_orders_custkey", "Startup Cost": 0.0, "Total Cost": 3.75, "Plan Rows": 4, "Plan Width": 0, "Actual Startup Time": 583.569, "Actual Total Time": 583.569, "Actual Rows": 1091631, "Actual Loops": 109197, "Index Cond": "(o_custkey = public.customer.c_custkey)"}]}]}]}]}, "Triggers": [], "Planner Runtime": 0.731, "Total Runtime": 4988.153, "Unique SQL Id": 2798552886}}, "(64, 20)": {"explain_plan": {"Plan": {"Node Type": "Sort", "Startup Cost": 274230.79, "Total Cost": 274230.8, "Plan Rows": 1, "Plan Width": 40, "Sort Key": ["(\"substring\"((public.customer.c_phone)::text, 1, 2))"], "Plans": [{"Node Type": "Aggregate", "Strategy": "Plain", "Parent Relationship": "exec_init_plan", "Subplan Name": "InitPlan 1 (returns $0)", "Startup Cost": 76620.14, "Total Cost": 76620.15, "Plan Rows": 1, "Plan Width": 40, "Plans": [{"Node Type": "Seq Scan", "Parent Relationship": "Outer", "Relation Name": "customer", "Alias": "customer", "Startup Cost": 12.95, "Total Cost": 76501.0, "Plan Rows": 47655, "Plan Width": 8, "Filter": "((c_acctbal > 0::double precision) AND (\"substring\"((c_phone)::text, 1, 2) = ANY ('{20,40,22,30,39,42,21}'::text[])))"}]}, {"Node Type": "Aggregate", "Strategy": "Hashed", "Parent Relationship": "Outer", "Startup Cost": 197610.62, "Total Cost": 197610.63, "Plan Rows": 1, "Plan Width": 40, "Group By Key": ["\"substring\"((public.customer.c_phone)::text, 1, 2)"], "Plans": [{"Node Type": "Nested Loop", "Parent Relationship": "Outer", "Join Type": "Anti", "Startup Cost": 0.0, "Total Cost": 197610.61, "Plan Rows": 1, "Plan Width": 24, "Inner Unique": false, "Plans": [{"Node Type": "Seq Scan", "Parent Relationship": "Outer", "Relation Name": "customer", "Alias": "customer", "Startup Cost": 0.0, "Total Cost": 76501.0, "Plan Rows": 17500, "Plan Width": 32, "Filter": "((c_acctbal > $0) AND (\"substring\"((c_phone)::text, 1, 2) = ANY ('{20,40,22,30,39,42,21}'::text[])))"}, {"Node Type": "Index Scan", "Parent Relationship": "Inner", "Scan Direction": "Forward", "Index Name": "idx_orders_custkey", "Relation Name": "orders", "Alias": "orders", "Startup Cost": 0.0, "Total Cost": 17.99, "Plan Rows": 4, "Plan Width": 8, "Index Cond": "(o_custkey = public.customer.c_custkey)"}]}]}]}, "Unique SQL Id": 2798552886}, "explain_analyze_plan": {"Plan": {"Node Type": "Sort", "Startup Cost": 274230.79, "Total Cost": 274230.8, "Plan Rows": 1, "Plan Width": 40, "Actual Startup Time": 4048.22, "Actual Total Time": 4048.22, "Actual Rows": 4, "Actual Loops": 1, "Sort Key": ["(\"substring\"((public.customer.c_phone)::text, 1, 2))"], "Sort Method": "quicksort", "Sort Space Used": 25, "Sort Space Type": "Memory", "Plans": [{"Node Type": "Aggregate", "Strategy": "Plain", "Parent Relationship": "exec_init_plan", "Subplan Name": "InitPlan 1 (returns $0)", "Startup Cost": 76620.14, "Total Cost": 76620.15, "Plan Rows": 1, "Plan Width": 40, "Actual Startup Time": 1960.504, "Actual Total Time": 1960.504, "Actual Rows": 1, "Actual Loops": 1, "Plans": [{"Node Type": "Seq Scan", "Parent Relationship": "Outer", "Relation Name": "customer", "Alias": "customer", "Startup Cost": 12.95, "Total Cost": 76501.0, "Plan Rows": 47655, "Plan Width": 8, "Actual Startup Time": 0.027, "Actual Total Time": 1865.668, "Actual Rows": 218121, "Actual Loops": 1, "Filter": "((c_acctbal > 0::double precision) AND (\"substring\"((c_phone)::text, 1, 2) = ANY ('{20,40,22,30,39,42,21}'::text[])))", "Rows Removed by Filter": 1281879}]}, {"Node Type": "Aggregate", "Strategy": "Hashed", "Parent Relationship": "Outer", "Startup Cost": 197610.62, "Total Cost": 197610.63, "Plan Rows": 1, "Plan Width": 40, "Actual Startup Time": 4048.179, "Actual Total Time": 4048.18, "Actual Rows": 4, "Actual Loops": 1, "Group By Key": ["\"substring\"((public.customer.c_phone)::text, 1, 2)"], "Plans": [{"Node Type": "Nested Loop", "Parent Relationship": "Outer", "Join Type": "Anti", "Startup Cost": 0.0, "Total Cost": 197610.61, "Plan Rows": 1, "Plan Width": 24, "Actual Startup Time": 1960.632, "Actual Total Time": 4024.922, "Actual Rows": 36604, "Actual Loops": 1, "Inner Unique": false, "Plans": [{"Node Type": "Seq Scan", "Parent Relationship": "Outer", "Relation Name": "customer", "Alias": "customer", "Startup Cost": 0.0, "Total Cost": 76501.0, "Plan Rows": 17500, "Plan Width": 32, "Actual Startup Time": 1960.572, "Actual Total Time": 3257.721, "Actual Rows": 109197, "Actual Loops": 1, "Filter": "((c_acctbal > $0) AND (\"substring\"((c_phone)::text, 1, 2) = ANY ('{20,40,22,30,39,42,21}'::text[])))", "Rows Removed by Filter": 1390803}, {"Node Type": "Index Scan", "Parent Relationship": "Inner", "Scan Direction": "Forward", "Index Name": "idx_orders_custkey", "Relation Name": "orders", "Alias": "orders", "Startup Cost": 0.0, "Total Cost": 17.99, "Plan Rows": 4, "Plan Width": 8, "Actual Startup Time": 660.636, "Actual Total Time": 660.636, "Actual Rows": 72593, "Actual Loops": 109197, "Index Cond": "(o_custkey = public.customer.c_custkey)", "Rows Removed by Index Recheck": 0}]}]}]}, "Triggers": [], "Planner Runtime": 0.759, "Total Runtime": 4048.42, "Unique SQL Id": 2798552886}}, "(64, 21)": {"explain_plan": {"Plan": {"Node Type": "Sort", "Startup Cost": 1000007876469.15, "Total Cost": 1000007876469.15, "Plan Rows": 1, "Plan Width": 40, "Sort Key": ["(\"substring\"((public.customer.c_phone)::text, 1, 2))"], "Plans": [{"Node Type": "Aggregate", "Strategy": "Plain", "Parent Relationship": "exec_init_plan", "Subplan Name": "InitPlan 1 (returns $0)", "Startup Cost": 1000007650219.14, "Total Cost": 1000007650219.15, "Plan Rows": 1, "Plan Width": 40, "Plans": [{"Node Type": "Seq Scan", "Parent Relationship": "Outer", "Relation Name": "customer", "Alias": "customer", "Startup Cost": 10000000012.75, "Total Cost": 1000007650100.0, "Plan Rows": 47655, "Plan Width": 8, "Filter": "((c_acctbal > 0::double precision) AND (\"substring\"((c_phone)::text, 1, 2) = ANY ('{20,40,22,30,39,42,21}'::text[])))"}]}, {"Node Type": "Aggregate", "Strategy": "Hashed", "Parent Relationship": "Outer", "Startup Cost": 226249.97, "Total Cost": 226249.99, "Plan Rows": 1, "Plan Width": 40, "Group By Key": ["\"substring\"((public.customer.c_phone)::text, 1, 2)"], "Plans": [{"Node Type": "Nested Loop", "Parent Relationship": "Outer", "Join Type": "Anti", "Startup Cost": 0.0, "Total Cost": 226249.97, "Plan Rows": 1, "Plan Width": 24, "Inner Unique": false, "Plans": [{"Node Type": "Index Scan", "Parent Relationship": "Outer", "Scan Direction": "Forward", "Index Name": "customer_pkey", "Relation Name": "customer", "Alias": "customer", "Startup Cost": 0.0, "Total Cost": 105140.36, "Plan Rows": 17500, "Plan Width": 32, "Filter": "((c_acctbal > $0) AND (\"substring\"((c_phone)::text, 1, 2) = ANY ('{20,40,22,30,39,42,21}'::text[])))"}, {"Node Type": "Index Scan", "Parent Relationship": "Inner", "Scan Direction": "Forward", "Index Name": "idx_orders_custkey", "Relation Name": "orders", "Alias": "orders", "Startup Cost": 0.0, "Total Cost": 17.99, "Plan Rows": 4, "Plan Width": 8, "Index Cond": "(o_custkey = public.customer.c_custkey)"}]}]}]}, "Unique SQL Id": 2798552886}, "explain_analyze_plan": {"Plan": {"Node Type": "Sort", "Startup Cost": 1000007876469.15, "Total Cost": 1000007876469.15, "Plan Rows": 1, "Plan Width": 40, "Actual Startup Time": 4342.858, "Actual Total Time": 4342.858, "Actual Rows": 4, "Actual Loops": 1, "Sort Key": ["(\"substring\"((public.customer.c_phone)::text, 1, 2))"], "Sort Method": "quicksort", "Sort Space Used": 25, "Sort Space Type": "Memory", "Plans": [{"Node Type": "Aggregate", "Strategy": "Plain", "Parent Relationship": "exec_init_plan", "Subplan Name": "InitPlan 1 (returns $0)", "Startup Cost": 1000007650219.14, "Total Cost": 1000007650219.15, "Plan Rows": 1, "Plan Width": 40, "Actual Startup Time": 1967.227, "Actual Total Time": 1967.229, "Actual Rows": 1, "Actual Loops": 1, "Plans": [{"Node Type": "Seq Scan", "Parent Relationship": "Outer", "Relation Name": "customer", "Alias": "customer", "Startup Cost": 10000000012.75, "Total Cost": 1000007650100.0, "Plan Rows": 47655, "Plan Width": 8, "Actual Startup Time": 0.033, "Actual Total Time": 1872.87, "Actual Rows": 218121, "Actual Loops": 1, "Filter": "((c_acctbal > 0::double precision) AND (\"substring\"((c_phone)::text, 1, 2) = ANY ('{20,40,22,30,39,42,21}'::text[])))", "Rows Removed by Filter": 1281879}]}, {"Node Type": "Aggregate", "Strategy": "Hashed", "Parent Relationship": "Outer", "Startup Cost": 226249.97, "Total Cost": 226249.99, "Plan Rows": 1, "Plan Width": 40, "Actual Startup Time": 4342.811, "Actual Total Time": 4342.814, "Actual Rows": 4, "Actual Loops": 1, "Group By Key": ["\"substring\"((public.customer.c_phone)::text, 1, 2)"], "Plans": [{"Node Type": "Nested Loop", "Parent Relationship": "Outer", "Join Type": "Anti", "Startup Cost": 0.0, "Total Cost": 226249.97, "Plan Rows": 1, "Plan Width": 24, "Actual Startup Time": 1967.46, "Actual Total Time": 4319.835, "Actual Rows": 36604, "Actual Loops": 1, "Inner Unique": false, "Plans": [{"Node Type": "Index Scan", "Parent Relationship": "Outer", "Scan Direction": "Forward", "Index Name": "customer_pkey", "Relation Name": "customer", "Alias": "customer", "Startup Cost": 0.0, "Total Cost": 105140.36, "Plan Rows": 17500, "Plan Width": 32, "Actual Startup Time": 1967.405, "Actual Total Time": 3680.796, "Actual Rows": 109197, "Actual Loops": 1, "Filter": "((c_acctbal > $0) AND (\"substring\"((c_phone)::text, 1, 2) = ANY ('{20,40,22,30,39,42,21}'::text[])))", "Rows Removed by Filter": 1390803}, {"Node Type": "Index Scan", "Parent Relationship": "Inner", "Scan Direction": "Forward", "Index Name": "idx_orders_custkey", "Relation Name": "orders", "Alias": "orders", "Startup Cost": 0.0, "Total Cost": 17.99, "Plan Rows": 4, "Plan Width": 8, "Actual Startup Time": 530.764, "Actual Total Time": 530.764, "Actual Rows": 72593, "Actual Loops": 109197, "Index Cond": "(o_custkey = public.customer.c_custkey)", "Rows Removed by Index Recheck": 0}]}]}]}, "Triggers": [], "Planner Runtime": 0.769, "Total Runtime": 4343.034, "Unique SQL Id": 2798552886}}, "(64, 22)": {"explain_plan": {"Plan": {"Node Type": "Sort", "Startup Cost": 326543.88, "Total Cost": 326543.89, "Plan Rows": 1, "Plan Width": 40, "Sort Key": ["(\"substring\"((public.customer.c_phone)::text, 1, 2))"], "Plans": [{"Node Type": "Aggregate", "Strategy": "Plain", "Parent Relationship": "exec_init_plan", "Subplan Name": "InitPlan 1 (returns $0)", "Startup Cost": 76620.14, "Total Cost": 76620.15, "Plan Rows": 1, "Plan Width": 40, "Plans": [{"Node Type": "Seq Scan", "Parent Relationship": "Outer", "Relation Name": "customer", "Alias": "customer", "Startup Cost": 12.95, "Total Cost": 76501.0, "Plan Rows": 47655, "Plan Width": 8, "Filter": "((c_acctbal > 0::double precision) AND (\"substring\"((c_phone)::text, 1, 2) = ANY ('{20,40,22,30,39,42,21}'::text[])))"}]}, {"Node Type": "Aggregate", "Strategy": "Hashed", "Parent Relationship": "Outer", "Startup Cost": 249923.71, "Total Cost": 249923.72, "Plan Rows": 1, "Plan Width": 40, "Group By Key": ["\"substring\"((public.customer.c_phone)::text, 1, 2)"], "Plans": [{"Node Type": "Nested Loop", "Parent Relationship": "Outer", "Join Type": "Anti", "Startup Cost": 3.75, "Total Cost": 249923.7, "Plan Rows": 1, "Plan Width": 24, "Inner Unique": false, "Plans": [{"Node Type": "Seq Scan", "Parent Relationship": "Outer", "Relation Name": "customer", "Alias": "customer", "Startup Cost": 0.0, "Total Cost": 76501.0, "Plan Rows": 17500, "Plan Width": 32, "Filter": "((c_acctbal > $0) AND (\"substring\"((c_phone)::text, 1, 2) = ANY ('{20,40,22,30,39,42,21}'::text[])))"}, {"Node Type": "Bitmap Heap Scan", "Parent Relationship": "Inner", "Relation Name": "orders", "Alias": "orders", "Startup Cost": 3.75, "Total Cost": 19.76, "Plan Rows": 4, "Plan Width": 8, "Recheck Cond": "(o_custkey = public.customer.c_custkey)", "Plans": [{"Node Type": "Bitmap Index Scan", "Parent Relationship": "Outer", "Index Name": "idx_orders_custkey", "Startup Cost": 0.0, "Total Cost": 3.75, "Plan Rows": 4, "Plan Width": 0, "Index Cond": "(o_custkey = public.customer.c_custkey)"}]}]}]}]}, "Unique SQL Id": 2798552886}, "explain_analyze_plan": {"Plan": {"Node Type": "Sort", "Startup Cost": 326543.88, "Total Cost": 326543.89, "Plan Rows": 1, "Plan Width": 40, "Actual Startup Time": 4414.71, "Actual Total Time": 4414.711, "Actual Rows": 4, "Actual Loops": 1, "Sort Key": ["(\"substring\"((public.customer.c_phone)::text, 1, 2))"], "Sort Method": "quicksort", "Sort Space Used": 25, "Sort Space Type": "Memory", "Plans": [{"Node Type": "Aggregate", "Strategy": "Plain", "Parent Relationship": "exec_init_plan", "Subplan Name": "InitPlan 1 (returns $0)", "Startup Cost": 76620.14, "Total Cost": 76620.15, "Plan Rows": 1, "Plan Width": 40, "Actual Startup Time": 1995.799, "Actual Total Time": 1995.799, "Actual Rows": 1, "Actual Loops": 1, "Plans": [{"Node Type": "Seq Scan", "Parent Relationship": "Outer", "Relation Name": "customer", "Alias": "customer", "Startup Cost": 12.95, "Total Cost": 76501.0, "Plan Rows": 47655, "Plan Width": 8, "Actual Startup Time": 0.031, "Actual Total Time": 1901.337, "Actual Rows": 218121, "Actual Loops": 1, "Filter": "((c_acctbal > 0::double precision) AND (\"substring\"((c_phone)::text, 1, 2) = ANY ('{20,40,22,30,39,42,21}'::text[])))", "Rows Removed by Filter": 1281879}]}, {"Node Type": "Aggregate", "Strategy": "Hashed", "Parent Relationship": "Outer", "Startup Cost": 249923.71, "Total Cost": 249923.72, "Plan Rows": 1, "Plan Width": 40, "Actual Startup Time": 4414.669, "Actual Total Time": 4414.669, "Actual Rows": 4, "Actual Loops": 1, "Group By Key": ["\"substring\"((public.customer.c_phone)::text, 1, 2)"], "Plans": [{"Node Type": "Nested Loop", "Parent Relationship": "Outer", "Join Type": "Anti", "Startup Cost": 3.75, "Total Cost": 249923.7, "Plan Rows": 1, "Plan Width": 24, "Actual Startup Time": 1995.923, "Actual Total Time": 4387.776, "Actual Rows": 36604, "Actual Loops": 1, "Inner Unique": false, "Plans": [{"Node Type": "Seq Scan", "Parent Relationship": "Outer", "Relation Name": "customer", "Alias": "customer", "Startup Cost": 0.0, "Total Cost": 76501.0, "Plan Rows": 17500, "Plan Width": 32, "Actual Startup Time": 1995.862, "Actual Total Time": 3284.286, "Actual Rows": 109197, "Actual Loops": 1, "Filter": "((c_acctbal > $0) AND (\"substring\"((c_phone)::text, 1, 2) = ANY ('{20,40,22,30,39,42,21}'::text[])))", "Rows Removed by Filter": 1390803}, {"Node Type": "Bitmap Heap Scan", "Parent Relationship": "Inner", "Relation Name": "orders", "Alias": "orders", "Startup Cost": 3.75, "Total Cost": 19.76, "Plan Rows": 4, "Plan Width": 8, "Actual Startup Time": 918.298, "Actual Total Time": 918.298, "Actual Rows": 72593, "Actual Loops": 109197, "Recheck Cond": "(o_custkey = public.customer.c_custkey)", "Rows Removed by Index Recheck": 0, "Exact Heap Blocks": 72593, "Lossy Heap Blocks": 72593, "Plans": [{"Node Type": "Bitmap Index Scan", "Parent Relationship": "Outer", "Index Name": "idx_orders_custkey", "Startup Cost": 0.0, "Total Cost": 3.75, "Plan Rows": 4, "Plan Width": 0, "Actual Startup Time": 572.408, "Actual Total Time": 572.408, "Actual Rows": 1091631, "Actual Loops": 109197, "Index Cond": "(o_custkey = public.customer.c_custkey)"}]}]}]}]}, "Triggers": [], "Planner Runtime": 0.77, "Total Runtime": 4415.004, "Unique SQL Id": 2798552886}}, "(64, 23)": {"explain_plan": {"Plan": {"Node Type": "Sort", "Startup Cost": 2000018337677.51, "Total Cost": 2000018337677.51, "Plan Rows": 1, "Plan Width": 40, "Sort Key": ["(\"substring\"((public.customer.c_phone)::text, 1, 2))"], "Plans": [{"Node Type": "Aggregate", "Strategy": "Plain", "Parent Relationship": "exec_init_plan", "Subplan Name": "InitPlan 1 (returns $0)", "Startup Cost": 1000007650219.14, "Total Cost": 1000007650219.15, "Plan Rows": 1, "Plan Width": 40, "Plans": [{"Node Type": "Seq Scan", "Parent Relationship": "Outer", "Relation Name": "customer", "Alias": "customer", "Startup Cost": 10000000012.75, "Total Cost": 1000007650100.0, "Plan Rows": 47655, "Plan Width": 8, "Filter": "((c_acctbal > 0::double precision) AND (\"substring\"((c_phone)::text, 1, 2) = ANY ('{20,40,22,30,39,42,21}'::text[])))"}]}, {"Node Type": "Aggregate", "Strategy": "Hashed", "Parent Relationship": "Outer", "Startup Cost": 1000010687458.33, "Total Cost": 1000010687458.35, "Plan Rows": 1, "Plan Width": 40, "Group By Key": ["\"substring\"((public.customer.c_phone)::text, 1, 2)"], "Plans": [{"Node Type": "Nested Loop", "Parent Relationship": "Outer", "Join Type": "Anti", "Startup Cost": 10000000003.75, "Total Cost": 1000010687458.32, "Plan Rows": 1, "Plan Width": 24, "Inner Unique": false, "Plans": [{"Node Type": "Index Scan", "Parent Relationship": "Outer", "Scan Direction": "Forward", "Index Name": "customer_pkey", "Relation Name": "customer", "Alias": "customer", "Startup Cost": 10000000000.0, "Total Cost": 1000010514035.62, "Plan Rows": 17500, "Plan Width": 32, "Filter": "((c_acctbal > $0) AND (\"substring\"((c_phone)::text, 1, 2) = ANY ('{20,40,22,30,39,42,21}'::text[])))"}, {"Node Type": "Bitmap Heap Scan", "Parent Relationship": "Inner", "Relation Name": "orders", "Alias": "orders", "Startup Cost": 3.75, "Total Cost": 19.76, "Plan Rows": 4, "Plan Width": 8, "Recheck Cond": "(o_custkey = public.customer.c_custkey)", "Plans": [{"Node Type": "Bitmap Index Scan", "Parent Relationship": "Outer", "Index Name": "idx_orders_custkey", "Startup Cost": 0.0, "Total Cost": 3.75, "Plan Rows": 4, "Plan Width": 0, "Index Cond": "(o_custkey = public.customer.c_custkey)"}]}]}]}]}, "Unique SQL Id": 2798552886}, "explain_analyze_plan": {"Plan": {"Node Type": "Sort", "Startup Cost": 2000018337677.51, "Total Cost": 2000018337677.51, "Plan Rows": 1, "Plan Width": 40, "Actual Startup Time": 4987.955, "Actual Total Time": 4987.956, "Actual Rows": 4, "Actual Loops": 1, "Sort Key": ["(\"substring\"((public.customer.c_phone)::text, 1, 2))"], "Sort Method": "quicksort", "Sort Space Used": 25, "Sort Space Type": "Memory", "Plans": [{"Node Type": "Aggregate", "Strategy": "Plain", "Parent Relationship": "exec_init_plan", "Subplan Name": "InitPlan 1 (returns $0)", "Startup Cost": 1000007650219.14, "Total Cost": 1000007650219.15, "Plan Rows": 1, "Plan Width": 40, "Actual Startup Time": 2018.097, "Actual Total Time": 2018.099, "Actual Rows": 1, "Actual Loops": 1, "Plans": [{"Node Type": "Seq Scan", "Parent Relationship": "Outer", "Relation Name": "customer", "Alias": "customer", "Startup Cost": 10000000012.75, "Total Cost": 1000007650100.0, "Plan Rows": 47655, "Plan Width": 8, "Actual Startup Time": 0.04, "Actual Total Time": 1922.099, "Actual Rows": 218121, "Actual Loops": 1, "Filter": "((c_acctbal > 0::double precision) AND (\"substring\"((c_phone)::text, 1, 2) = ANY ('{20,40,22,30,39,42,21}'::text[])))", "Rows Removed by Filter": 1281879}]}, {"Node Type": "Aggregate", "Strategy": "Hashed", "Parent Relationship": "Outer", "Startup Cost": 1000010687458.33, "Total Cost": 1000010687458.35, "Plan Rows": 1, "Plan Width": 40, "Actual Startup Time": 4987.905, "Actual Total Time": 4987.907, "Actual Rows": 4, "Actual Loops": 1, "Group By Key": ["\"substring\"((public.customer.c_phone)::text, 1, 2)"], "Plans": [{"Node Type": "Nested Loop", "Parent Relationship": "Outer", "Join Type": "Anti", "Startup Cost": 10000000003.75, "Total Cost": 1000010687458.32, "Plan Rows": 1, "Plan Width": 24, "Actual Startup Time": 2018.334, "Actual Total Time": 4960.279, "Actual Rows": 36604, "Actual Loops": 1, "Inner Unique": false, "Plans": [{"Node Type": "Index Scan", "Parent Relationship": "Outer", "Scan Direction": "Forward", "Index Name": "customer_pkey", "Relation Name": "customer", "Alias": "customer", "Startup Cost": 10000000000.0, "Total Cost": 1000010514035.62, "Plan Rows": 17500, "Plan Width": 32, "Actual Startup Time": 2018.263, "Actual Total Time": 3830.61, "Actual Rows": 109197, "Actual Loops": 1, "Filter": "((c_acctbal > $0) AND (\"substring\"((c_phone)::text, 1, 2) = ANY ('{20,40,22,30,39,42,21}'::text[])))", "Rows Removed by Filter": 1390803}, {"Node Type": "Bitmap Heap Scan", "Parent Relationship": "Inner", "Relation Name": "orders", "Alias": "orders", "Startup Cost": 3.75, "Total Cost": 19.76, "Plan Rows": 4, "Plan Width": 8, "Actual Startup Time": 941.988, "Actual Total Time": 941.988, "Actual Rows": 72593, "Actual Loops": 109197, "Recheck Cond": "(o_custkey = public.customer.c_custkey)", "Rows Removed by Index Recheck": 0, "Exact Heap Blocks": 72593, "Lossy Heap Blocks": 72593, "Plans": [{"Node Type": "Bitmap Index Scan", "Parent Relationship": "Outer", "Index Name": "idx_orders_custkey", "Startup Cost": 0.0, "Total Cost": 3.75, "Plan Rows": 4, "Plan Width": 0, "Actual Startup Time": 583.569, "Actual Total Time": 583.569, "Actual Rows": 1091631, "Actual Loops": 109197, "Index Cond": "(o_custkey = public.customer.c_custkey)"}]}]}]}]}, "Triggers": [], "Planner Runtime": 0.731, "Total Runtime": 4988.153, "Unique SQL Id": 2798552886}}, "(64, 24)": {"explain_plan": {"Plan": {"Node Type": "Sort", "Startup Cost": 178853.67, "Total Cost": 178853.67, "Plan Rows": 1, "Plan Width": 40, "Sort Key": ["(\"substring\"((public.customer.c_phone)::text, 1, 2))"], "Plans": [{"Node Type": "Aggregate", "Strategy": "Plain", "Parent Relationship": "exec_init_plan", "Subplan Name": "InitPlan 1 (returns $0)", "Startup Cost": 76620.14, "Total Cost": 76620.15, "Plan Rows": 1, "Plan Width": 40, "Plans": [{"Node Type": "Seq Scan", "Parent Relationship": "Outer", "Relation Name": "customer", "Alias": "customer", "Startup Cost": 12.95, "Total Cost": 76501.0, "Plan Rows": 47655, "Plan Width": 8, "Filter": "((c_acctbal > 0::double precision) AND (\"substring\"((c_phone)::text, 1, 2) = ANY ('{20,40,22,30,39,42,21}'::text[])))"}]}, {"Node Type": "Aggregate", "Strategy": "Hashed", "Parent Relationship": "Outer", "Startup Cost": 102233.49, "Total Cost": 102233.51, "Plan Rows": 1, "Plan Width": 40, "Group By Key": ["\"substring\"((public.customer.c_phone)::text, 1, 2)"], "Plans": [{"Node Type": "Nested Loop", "Parent Relationship": "Outer", "Join Type": "Anti", "Startup Cost": 0.0, "Total Cost": 102233.49, "Plan Rows": 1, "Plan Width": 24, "Inner Unique": false, "Plans": [{"Node Type": "Seq Scan", "Parent Relationship": "Outer", "Relation Name": "customer", "Alias": "customer", "Startup Cost": 0.0, "Total Cost": 76501.0, "Plan Rows": 17500, "Plan Width": 32, "Filter": "((c_acctbal > $0) AND (\"substring\"((c_phone)::text, 1, 2) = ANY ('{20,40,22,30,39,42,21}'::text[])))"}, {"Node Type": "Index Only Scan", "Parent Relationship": "Inner", "Scan Direction": "Forward", "Index Name": "idx_orders_custkey", "Relation Name": "orders", "Alias": "orders", "Startup Cost": 0.0, "Total Cost": 3.79, "Plan Rows": 4, "Plan Width": 8, "Index Cond": "(o_custkey = public.customer.c_custkey)"}]}]}]}, "Unique SQL Id": 2798552886}, "explain_analyze_plan": {"Plan": {"Node Type": "Sort", "Startup Cost": 178853.67, "Total Cost": 178853.67, "Plan Rows": 1, "Plan Width": 40, "Actual Startup Time": 3874.835, "Actual Total Time": 3874.836, "Actual Rows": 4, "Actual Loops": 1, "Sort Key": ["(\"substring\"((public.customer.c_phone)::text, 1, 2))"], "Sort Method": "quicksort", "Sort Space Used": 25, "Sort Space Type": "Memory", "Plans": [{"Node Type": "Aggregate", "Strategy": "Plain", "Parent Relationship": "exec_init_plan", "Subplan Name": "InitPlan 1 (returns $0)", "Startup Cost": 76620.14, "Total Cost": 76620.15, "Plan Rows": 1, "Plan Width": 40, "Actual Startup Time": 1994.529, "Actual Total Time": 1994.529, "Actual Rows": 1, "Actual Loops": 1, "Plans": [{"Node Type": "Seq Scan", "Parent Relationship": "Outer", "Relation Name": "customer", "Alias": "customer", "Startup Cost": 12.95, "Total Cost": 76501.0, "Plan Rows": 47655, "Plan Width": 8, "Actual Startup Time": 0.029, "Actual Total Time": 1899.991, "Actual Rows": 218121, "Actual Loops": 1, "Filter": "((c_acctbal > 0::double precision) AND (\"substring\"((c_phone)::text, 1, 2) = ANY ('{20,40,22,30,39,42,21}'::text[])))", "Rows Removed by Filter": 1281879}]}, {"Node Type": "Aggregate", "Strategy": "Hashed", "Parent Relationship": "Outer", "Startup Cost": 102233.49, "Total Cost": 102233.51, "Plan Rows": 1, "Plan Width": 40, "Actual Startup Time": 3874.687, "Actual Total Time": 3874.701, "Actual Rows": 4, "Actual Loops": 1, "Group By Key": ["\"substring\"((public.customer.c_phone)::text, 1, 2)"], "Plans": [{"Node Type": "Nested Loop", "Parent Relationship": "Outer", "Join Type": "Anti", "Startup Cost": 0.0, "Total Cost": 102233.49, "Plan Rows": 1, "Plan Width": 24, "Actual Startup Time": 1994.649, "Actual Total Time": 3852.097, "Actual Rows": 36604, "Actual Loops": 1, "Inner Unique": false, "Plans": [{"Node Type": "Seq Scan", "Parent Relationship": "Outer", "Relation Name": "customer", "Alias": "customer", "Startup Cost": 0.0, "Total Cost": 76501.0, "Plan Rows": 17500, "Plan Width": 32, "Actual Startup Time": 1994.594, "Actual Total Time": 3277.642, "Actual Rows": 109197, "Actual Loops": 1, "Filter": "((c_acctbal > $0) AND (\"substring\"((c_phone)::text, 1, 2) = ANY ('{20,40,22,30,39,42,21}'::text[])))", "Rows Removed by Filter": 1390803}, {"Node Type": "Index Only Scan", "Parent Relationship": "Inner", "Scan Direction": "Forward", "Index Name": "idx_orders_custkey", "Relation Name": "orders", "Alias": "orders", "Startup Cost": 0.0, "Total Cost": 3.79, "Plan Rows": 4, "Plan Width": 8, "Actual Startup Time": 473.016, "Actual Total Time": 473.016, "Actual Rows": 72593, "Actual Loops": 109197, "Index Cond": "(o_custkey = public.customer.c_custkey)", "Rows Removed by Index Recheck": 0, "Heap Fetches": 0}]}]}]}, "Triggers": [], "Planner Runtime": 0.763, "Total Runtime": 3875.036, "Unique SQL Id": 2798552886}}, "(64, 25)": {"explain_plan": {"Plan": {"Node Type": "Sort", "Startup Cost": 1000007781092.03, "Total Cost": 1000007781092.03, "Plan Rows": 1, "Plan Width": 40, "Sort Key": ["(\"substring\"((public.customer.c_phone)::text, 1, 2))"], "Plans": [{"Node Type": "Aggregate", "Strategy": "Plain", "Parent Relationship": "exec_init_plan", "Subplan Name": "InitPlan 1 (returns $0)", "Startup Cost": 1000007650219.14, "Total Cost": 1000007650219.15, "Plan Rows": 1, "Plan Width": 40, "Plans": [{"Node Type": "Seq Scan", "Parent Relationship": "Outer", "Relation Name": "customer", "Alias": "customer", "Startup Cost": 10000000012.75, "Total Cost": 1000007650100.0, "Plan Rows": 47655, "Plan Width": 8, "Filter": "((c_acctbal > 0::double precision) AND (\"substring\"((c_phone)::text, 1, 2) = ANY ('{20,40,22,30,39,42,21}'::text[])))"}]}, {"Node Type": "Aggregate", "Strategy": "Hashed", "Parent Relationship": "Outer", "Startup Cost": 130872.85, "Total Cost": 130872.87, "Plan Rows": 1, "Plan Width": 40, "Group By Key": ["\"substring\"((public.customer.c_phone)::text, 1, 2)"], "Plans": [{"Node Type": "Nested Loop", "Parent Relationship": "Outer", "Join Type": "Anti", "Startup Cost": 0.0, "Total Cost": 130872.84, "Plan Rows": 1, "Plan Width": 24, "Inner Unique": false, "Plans": [{"Node Type": "Index Scan", "Parent Relationship": "Outer", "Scan Direction": "Forward", "Index Name": "customer_pkey", "Relation Name": "customer", "Alias": "customer", "Startup Cost": 0.0, "Total Cost": 105140.36, "Plan Rows": 17500, "Plan Width": 32, "Filter": "((c_acctbal > $0) AND (\"substring\"((c_phone)::text, 1, 2) = ANY ('{20,40,22,30,39,42,21}'::text[])))"}, {"Node Type": "Index Only Scan", "Parent Relationship": "Inner", "Scan Direction": "Forward", "Index Name": "idx_orders_custkey", "Relation Name": "orders", "Alias": "orders", "Startup Cost": 0.0, "Total Cost": 3.79, "Plan Rows": 4, "Plan Width": 8, "Index Cond": "(o_custkey = public.customer.c_custkey)"}]}]}]}, "Unique SQL Id": 2798552886}, "explain_analyze_plan": {"Plan": {"Node Type": "Sort", "Startup Cost": 1000007781092.03, "Total Cost": 1000007781092.03, "Plan Rows": 1, "Plan Width": 40, "Actual Startup Time": 4540.757, "Actual Total Time": 4540.757, "Actual Rows": 4, "Actual Loops": 1, "Sort Key": ["(\"substring\"((public.customer.c_phone)::text, 1, 2))"], "Sort Method": "quicksort", "Sort Space Used": 25, "Sort Space Type": "Memory", "Plans": [{"Node Type": "Aggregate", "Strategy": "Plain", "Parent Relationship": "exec_init_plan", "Subplan Name": "InitPlan 1 (returns $0)", "Startup Cost": 1000007650219.14, "Total Cost": 1000007650219.15, "Plan Rows": 1, "Plan Width": 40, "Actual Startup Time": 1995.612, "Actual Total Time": 1995.612, "Actual Rows": 1, "Actual Loops": 1, "Plans": [{"Node Type": "Seq Scan", "Parent Relationship": "Outer", "Relation Name": "customer", "Alias": "customer", "Startup Cost": 10000000012.75, "Total Cost": 1000007650100.0, "Plan Rows": 47655, "Plan Width": 8, "Actual Startup Time": 0.036, "Actual Total Time": 1901.667, "Actual Rows": 218121, "Actual Loops": 1, "Filter": "((c_acctbal > 0::double precision) AND (\"substring\"((c_phone)::text, 1, 2) = ANY ('{20,40,22,30,39,42,21}'::text[])))", "Rows Removed by Filter": 1281879}]}, {"Node Type": "Aggregate", "Strategy": "Hashed", "Parent Relationship": "Outer", "Startup Cost": 130872.85, "Total Cost": 130872.87, "Plan Rows": 1, "Plan Width": 40, "Actual Startup Time": 4540.614, "Actual Total Time": 4540.628, "Actual Rows": 4, "Actual Loops": 1, "Group By Key": ["\"substring\"((public.customer.c_phone)::text, 1, 2)"], "Plans": [{"Node Type": "Nested Loop", "Parent Relationship": "Outer", "Join Type": "Anti", "Startup Cost": 0.0, "Total Cost": 130872.84, "Plan Rows": 1, "Plan Width": 24, "Actual Startup Time": 1995.887, "Actual Total Time": 4518.037, "Actual Rows": 36604, "Actual Loops": 1, "Inner Unique": false, "Plans": [{"Node Type": "Index Scan", "Parent Relationship": "Outer", "Scan Direction": "Forward", "Index Name": "customer_pkey", "Relation Name": "customer", "Alias": "customer", "Startup Cost": 0.0, "Total Cost": 105140.36, "Plan Rows": 17500, "Plan Width": 32, "Actual Startup Time": 1995.824, "Actual Total Time": 3913.868, "Actual Rows": 109197, "Actual Loops": 1, "Filter": "((c_acctbal > $0) AND (\"substring\"((c_phone)::text, 1, 2) = ANY ('{20,40,22,30,39,42,21}'::text[])))", "Rows Removed by Filter": 1390803}, {"Node Type": "Index Only Scan", "Parent Relationship": "Inner", "Scan Direction": "Forward", "Index Name": "idx_orders_custkey", "Relation Name": "orders", "Alias": "orders", "Startup Cost": 0.0, "Total Cost": 3.79, "Plan Rows": 4, "Plan Width": 8, "Actual Startup Time": 500.727, "Actual Total Time": 500.727, "Actual Rows": 72593, "Actual Loops": 109197, "Index Cond": "(o_custkey = public.customer.c_custkey)", "Rows Removed by Index Recheck": 0, "Heap Fetches": 0}]}]}]}, "Triggers": [], "Planner Runtime": 0.757, "Total Runtime": 4540.956, "Unique SQL Id": 2798552886}}, "(64, 26)": {"explain_plan": {"Plan": {"Node Type": "Sort", "Startup Cost": 2444406.33, "Total Cost": 2444406.34, "Plan Rows": 1, "Plan Width": 40, "Sort Key": ["(\"substring\"((public.customer.c_phone)::text, 1, 2))"], "Plans": [{"Node Type": "Aggregate", "Strategy": "Plain", "Parent Relationship": "exec_init_plan", "Subplan Name": "InitPlan 1 (returns $0)", "Startup Cost": 76620.14, "Total Cost": 76620.15, "Plan Rows": 1, "Plan Width": 40, "Plans": [{"Node Type": "Seq Scan", "Parent Relationship": "Outer", "Relation Name": "customer", "Alias": "customer", "Startup Cost": 12.95, "Total Cost": 76501.0, "Plan Rows": 47655, "Plan Width": 8, "Filter": "((c_acctbal > 0::double precision) AND (\"substring\"((c_phone)::text, 1, 2) = ANY ('{20,40,22,30,39,42,21}'::text[])))"}]}, {"Node Type": "Aggregate", "Strategy": "Hashed", "Parent Relationship": "Outer", "Startup Cost": 2367786.16, "Total Cost": 2367786.17, "Plan Rows": 1, "Plan Width": 40, "Group By Key": ["\"substring\"((public.customer.c_phone)::text, 1, 2)"], "Plans": [{"Node Type": "Merge Join", "Parent Relationship": "Outer", "Join Type": "Anti", "Startup Cost": 2291966.69, "Total Cost": 2367786.15, "Plan Rows": 1, "Plan Width": 24, "Inner Unique": false, "Merge Cond": "(public.customer.c_custkey = orders.o_custkey)", "Plans": [{"Node Type": "Sort", "Parent Relationship": "Outer", "Startup Cost": 77734.32, "Total Cost": 77778.07, "Plan Rows": 17500, "Plan Width": 32, "Sort Key": ["public.customer.c_custkey"], "Plans": [{"Node Type": "Seq Scan", "Parent Relationship": "Outer", "Relation Name": "customer", "Alias": "customer", "Startup Cost": 0.0, "Total Cost": 76501.0, "Plan Rows": 17500, "Plan Width": 32, "Filter": "((c_acctbal > $0) AND (\"substring\"((c_phone)::text, 1, 2) = ANY ('{20,40,22,30,39,42,21}'::text[])))"}]}, {"Node Type": "Sort", "Parent Relationship": "Inner", "Startup Cost": 2214232.37, "Total Cost": 2251731.07, "Plan Rows": 14999479, "Plan Width": 8, "Sort Key": ["orders.o_custkey"], "Plans": [{"Node Type": "Seq Scan", "Parent Relationship": "Outer", "Relation Name": "orders", "Alias": "orders", "Startup Cost": 0.0, "Total Cost": 426413.79, "Plan Rows": 14999479, "Plan Width": 8}]}]}]}]}, "Unique SQL Id": 2798552886}, "explain_analyze_plan": null}, "(64, 27)": {"explain_plan": {"Plan": {"Node Type": "Sort", "Startup Cost": 3000031345967.3, "Total Cost": 3000031345967.3, "Plan Rows": 1, "Plan Width": 40, "Sort Key": ["(\"substring\"((public.customer.c_phone)::text, 1, 2))"], "Plans": [{"Node Type": "Aggregate", "Strategy": "Plain", "Parent Relationship": "exec_init_plan", "Subplan Name": "InitPlan 1 (returns $0)", "Startup Cost": 1000007650219.14, "Total Cost": 1000007650219.15, "Plan Rows": 1, "Plan Width": 40, "Plans": [{"Node Type": "Seq Scan", "Parent Relationship": "Outer", "Relation Name": "customer", "Alias": "customer", "Startup Cost": 10000000012.75, "Total Cost": 1000007650100.0, "Plan Rows": 47655, "Plan Width": 8, "Filter": "((c_acctbal > 0::double precision) AND (\"substring\"((c_phone)::text, 1, 2) = ANY ('{20,40,22,30,39,42,21}'::text[])))"}]}, {"Node Type": "Aggregate", "Strategy": "Hashed", "Parent Relationship": "Outer", "Startup Cost": 2000023695748.12, "Total Cost": 2000023695748.14, "Plan Rows": 1, "Plan Width": 40, "Group By Key": ["\"substring\"((public.customer.c_phone)::text, 1, 2)"], "Plans": [{"Node Type": "Merge Join", "Parent Relationship": "Outer", "Join Type": "Anti", "Startup Cost": 20000000000.0, "Total Cost": 2000023695748.11, "Plan Rows": 1, "Plan Width": 24, "Inner Unique": false, "Merge Cond": "(public.customer.c_custkey = orders.o_custkey)", "Plans": [{"Node Type": "Index Scan", "Parent Relationship": "Outer", "Scan Direction": "Forward", "Index Name": "customer_pkey", "Relation Name": "customer", "Alias": "customer", "Startup Cost": 10000000000.0, "Total Cost": 1000010514035.62, "Plan Rows": 17500, "Plan Width": 32, "Filter": "((c_acctbal > $0) AND (\"substring\"((c_phone)::text, 1, 2) = ANY ('{20,40,22,30,39,42,21}'::text[])))"}, {"Node Type": "Index Only Scan", "Parent Relationship": "Inner", "Scan Direction": "Forward", "Index Name": "idx_orders_custkey", "Relation Name": "orders", "Alias": "orders", "Startup Cost": 10000000000.0, "Total Cost": 1000045486043.5, "Plan Rows": 14999479, "Plan Width": 8}]}]}]}, "Unique SQL Id": 2798552886}, "explain_analyze_plan": null}, "(64, 28)": {"explain_plan": {"Plan": {"Node Type": "Sort", "Startup Cost": 274230.79, "Total Cost": 274230.8, "Plan Rows": 1, "Plan Width": 40, "Sort Key": ["(\"substring\"((public.customer.c_phone)::text, 1, 2))"], "Plans": [{"Node Type": "Aggregate", "Strategy": "Plain", "Parent Relationship": "exec_init_plan", "Subplan Name": "InitPlan 1 (returns $0)", "Startup Cost": 76620.14, "Total Cost": 76620.15, "Plan Rows": 1, "Plan Width": 40, "Plans": [{"Node Type": "Seq Scan", "Parent Relationship": "Outer", "Relation Name": "customer", "Alias": "customer", "Startup Cost": 12.95, "Total Cost": 76501.0, "Plan Rows": 47655, "Plan Width": 8, "Filter": "((c_acctbal > 0::double precision) AND (\"substring\"((c_phone)::text, 1, 2) = ANY ('{20,40,22,30,39,42,21}'::text[])))"}]}, {"Node Type": "Aggregate", "Strategy": "Hashed", "Parent Relationship": "Outer", "Startup Cost": 197610.62, "Total Cost": 197610.63, "Plan Rows": 1, "Plan Width": 40, "Group By Key": ["\"substring\"((public.customer.c_phone)::text, 1, 2)"], "Plans": [{"Node Type": "Nested Loop", "Parent Relationship": "Outer", "Join Type": "Anti", "Startup Cost": 0.0, "Total Cost": 197610.61, "Plan Rows": 1, "Plan Width": 24, "Inner Unique": false, "Plans": [{"Node Type": "Seq Scan", "Parent Relationship": "Outer", "Relation Name": "customer", "Alias": "customer", "Startup Cost": 0.0, "Total Cost": 76501.0, "Plan Rows": 17500, "Plan Width": 32, "Filter": "((c_acctbal > $0) AND (\"substring\"((c_phone)::text, 1, 2) = ANY ('{20,40,22,30,39,42,21}'::text[])))"}, {"Node Type": "Index Scan", "Parent Relationship": "Inner", "Scan Direction": "Forward", "Index Name": "idx_orders_custkey", "Relation Name": "orders", "Alias": "orders", "Startup Cost": 0.0, "Total Cost": 17.99, "Plan Rows": 4, "Plan Width": 8, "Index Cond": "(o_custkey = public.customer.c_custkey)"}]}]}]}, "Unique SQL Id": 2798552886}, "explain_analyze_plan": {"Plan": {"Node Type": "Sort", "Startup Cost": 274230.79, "Total Cost": 274230.8, "Plan Rows": 1, "Plan Width": 40, "Actual Startup Time": 4048.22, "Actual Total Time": 4048.22, "Actual Rows": 4, "Actual Loops": 1, "Sort Key": ["(\"substring\"((public.customer.c_phone)::text, 1, 2))"], "Sort Method": "quicksort", "Sort Space Used": 25, "Sort Space Type": "Memory", "Plans": [{"Node Type": "Aggregate", "Strategy": "Plain", "Parent Relationship": "exec_init_plan", "Subplan Name": "InitPlan 1 (returns $0)", "Startup Cost": 76620.14, "Total Cost": 76620.15, "Plan Rows": 1, "Plan Width": 40, "Actual Startup Time": 1960.504, "Actual Total Time": 1960.504, "Actual Rows": 1, "Actual Loops": 1, "Plans": [{"Node Type": "Seq Scan", "Parent Relationship": "Outer", "Relation Name": "customer", "Alias": "customer", "Startup Cost": 12.95, "Total Cost": 76501.0, "Plan Rows": 47655, "Plan Width": 8, "Actual Startup Time": 0.027, "Actual Total Time": 1865.668, "Actual Rows": 218121, "Actual Loops": 1, "Filter": "((c_acctbal > 0::double precision) AND (\"substring\"((c_phone)::text, 1, 2) = ANY ('{20,40,22,30,39,42,21}'::text[])))", "Rows Removed by Filter": 1281879}]}, {"Node Type": "Aggregate", "Strategy": "Hashed", "Parent Relationship": "Outer", "Startup Cost": 197610.62, "Total Cost": 197610.63, "Plan Rows": 1, "Plan Width": 40, "Actual Startup Time": 4048.179, "Actual Total Time": 4048.18, "Actual Rows": 4, "Actual Loops": 1, "Group By Key": ["\"substring\"((public.customer.c_phone)::text, 1, 2)"], "Plans": [{"Node Type": "Nested Loop", "Parent Relationship": "Outer", "Join Type": "Anti", "Startup Cost": 0.0, "Total Cost": 197610.61, "Plan Rows": 1, "Plan Width": 24, "Actual Startup Time": 1960.632, "Actual Total Time": 4024.922, "Actual Rows": 36604, "Actual Loops": 1, "Inner Unique": false, "Plans": [{"Node Type": "Seq Scan", "Parent Relationship": "Outer", "Relation Name": "customer", "Alias": "customer", "Startup Cost": 0.0, "Total Cost": 76501.0, "Plan Rows": 17500, "Plan Width": 32, "Actual Startup Time": 1960.572, "Actual Total Time": 3257.721, "Actual Rows": 109197, "Actual Loops": 1, "Filter": "((c_acctbal > $0) AND (\"substring\"((c_phone)::text, 1, 2) = ANY ('{20,40,22,30,39,42,21}'::text[])))", "Rows Removed by Filter": 1390803}, {"Node Type": "Index Scan", "Parent Relationship": "Inner", "Scan Direction": "Forward", "Index Name": "idx_orders_custkey", "Relation Name": "orders", "Alias": "orders", "Startup Cost": 0.0, "Total Cost": 17.99, "Plan Rows": 4, "Plan Width": 8, "Actual Startup Time": 660.636, "Actual Total Time": 660.636, "Actual Rows": 72593, "Actual Loops": 109197, "Index Cond": "(o_custkey = public.customer.c_custkey)", "Rows Removed by Index Recheck": 0}]}]}]}, "Triggers": [], "Planner Runtime": 0.759, "Total Runtime": 4048.42, "Unique SQL Id": 2798552886}}, "(64, 29)": {"explain_plan": {"Plan": {"Node Type": "Sort", "Startup Cost": 1000007876469.15, "Total Cost": 1000007876469.15, "Plan Rows": 1, "Plan Width": 40, "Sort Key": ["(\"substring\"((public.customer.c_phone)::text, 1, 2))"], "Plans": [{"Node Type": "Aggregate", "Strategy": "Plain", "Parent Relationship": "exec_init_plan", "Subplan Name": "InitPlan 1 (returns $0)", "Startup Cost": 1000007650219.14, "Total Cost": 1000007650219.15, "Plan Rows": 1, "Plan Width": 40, "Plans": [{"Node Type": "Seq Scan", "Parent Relationship": "Outer", "Relation Name": "customer", "Alias": "customer", "Startup Cost": 10000000012.75, "Total Cost": 1000007650100.0, "Plan Rows": 47655, "Plan Width": 8, "Filter": "((c_acctbal > 0::double precision) AND (\"substring\"((c_phone)::text, 1, 2) = ANY ('{20,40,22,30,39,42,21}'::text[])))"}]}, {"Node Type": "Aggregate", "Strategy": "Hashed", "Parent Relationship": "Outer", "Startup Cost": 226249.97, "Total Cost": 226249.99, "Plan Rows": 1, "Plan Width": 40, "Group By Key": ["\"substring\"((public.customer.c_phone)::text, 1, 2)"], "Plans": [{"Node Type": "Nested Loop", "Parent Relationship": "Outer", "Join Type": "Anti", "Startup Cost": 0.0, "Total Cost": 226249.97, "Plan Rows": 1, "Plan Width": 24, "Inner Unique": false, "Plans": [{"Node Type": "Index Scan", "Parent Relationship": "Outer", "Scan Direction": "Forward", "Index Name": "customer_pkey", "Relation Name": "customer", "Alias": "customer", "Startup Cost": 0.0, "Total Cost": 105140.36, "Plan Rows": 17500, "Plan Width": 32, "Filter": "((c_acctbal > $0) AND (\"substring\"((c_phone)::text, 1, 2) = ANY ('{20,40,22,30,39,42,21}'::text[])))"}, {"Node Type": "Index Scan", "Parent Relationship": "Inner", "Scan Direction": "Forward", "Index Name": "idx_orders_custkey", "Relation Name": "orders", "Alias": "orders", "Startup Cost": 0.0, "Total Cost": 17.99, "Plan Rows": 4, "Plan Width": 8, "Index Cond": "(o_custkey = public.customer.c_custkey)"}]}]}]}, "Unique SQL Id": 2798552886}, "explain_analyze_plan": {"Plan": {"Node Type": "Sort", "Startup Cost": 1000007876469.15, "Total Cost": 1000007876469.15, "Plan Rows": 1, "Plan Width": 40, "Actual Startup Time": 4342.858, "Actual Total Time": 4342.858, "Actual Rows": 4, "Actual Loops": 1, "Sort Key": ["(\"substring\"((public.customer.c_phone)::text, 1, 2))"], "Sort Method": "quicksort", "Sort Space Used": 25, "Sort Space Type": "Memory", "Plans": [{"Node Type": "Aggregate", "Strategy": "Plain", "Parent Relationship": "exec_init_plan", "Subplan Name": "InitPlan 1 (returns $0)", "Startup Cost": 1000007650219.14, "Total Cost": 1000007650219.15, "Plan Rows": 1, "Plan Width": 40, "Actual Startup Time": 1967.227, "Actual Total Time": 1967.229, "Actual Rows": 1, "Actual Loops": 1, "Plans": [{"Node Type": "Seq Scan", "Parent Relationship": "Outer", "Relation Name": "customer", "Alias": "customer", "Startup Cost": 10000000012.75, "Total Cost": 1000007650100.0, "Plan Rows": 47655, "Plan Width": 8, "Actual Startup Time": 0.033, "Actual Total Time": 1872.87, "Actual Rows": 218121, "Actual Loops": 1, "Filter": "((c_acctbal > 0::double precision) AND (\"substring\"((c_phone)::text, 1, 2) = ANY ('{20,40,22,30,39,42,21}'::text[])))", "Rows Removed by Filter": 1281879}]}, {"Node Type": "Aggregate", "Strategy": "Hashed", "Parent Relationship": "Outer", "Startup Cost": 226249.97, "Total Cost": 226249.99, "Plan Rows": 1, "Plan Width": 40, "Actual Startup Time": 4342.811, "Actual Total Time": 4342.814, "Actual Rows": 4, "Actual Loops": 1, "Group By Key": ["\"substring\"((public.customer.c_phone)::text, 1, 2)"], "Plans": [{"Node Type": "Nested Loop", "Parent Relationship": "Outer", "Join Type": "Anti", "Startup Cost": 0.0, "Total Cost": 226249.97, "Plan Rows": 1, "Plan Width": 24, "Actual Startup Time": 1967.46, "Actual Total Time": 4319.835, "Actual Rows": 36604, "Actual Loops": 1, "Inner Unique": false, "Plans": [{"Node Type": "Index Scan", "Parent Relationship": "Outer", "Scan Direction": "Forward", "Index Name": "customer_pkey", "Relation Name": "customer", "Alias": "customer", "Startup Cost": 0.0, "Total Cost": 105140.36, "Plan Rows": 17500, "Plan Width": 32, "Actual Startup Time": 1967.405, "Actual Total Time": 3680.796, "Actual Rows": 109197, "Actual Loops": 1, "Filter": "((c_acctbal > $0) AND (\"substring\"((c_phone)::text, 1, 2) = ANY ('{20,40,22,30,39,42,21}'::text[])))", "Rows Removed by Filter": 1390803}, {"Node Type": "Index Scan", "Parent Relationship": "Inner", "Scan Direction": "Forward", "Index Name": "idx_orders_custkey", "Relation Name": "orders", "Alias": "orders", "Startup Cost": 0.0, "Total Cost": 17.99, "Plan Rows": 4, "Plan Width": 8, "Actual Startup Time": 530.764, "Actual Total Time": 530.764, "Actual Rows": 72593, "Actual Loops": 109197, "Index Cond": "(o_custkey = public.customer.c_custkey)", "Rows Removed by Index Recheck": 0}]}]}]}, "Triggers": [], "Planner Runtime": 0.769, "Total Runtime": 4343.034, "Unique SQL Id": 2798552886}}, "(64, 30)": {"explain_plan": {"Plan": {"Node Type": "Sort", "Startup Cost": 2444406.33, "Total Cost": 2444406.34, "Plan Rows": 1, "Plan Width": 40, "Sort Key": ["(\"substring\"((public.customer.c_phone)::text, 1, 2))"], "Plans": [{"Node Type": "Aggregate", "Strategy": "Plain", "Parent Relationship": "exec_init_plan", "Subplan Name": "InitPlan 1 (returns $0)", "Startup Cost": 76620.14, "Total Cost": 76620.15, "Plan Rows": 1, "Plan Width": 40, "Plans": [{"Node Type": "Seq Scan", "Parent Relationship": "Outer", "Relation Name": "customer", "Alias": "customer", "Startup Cost": 12.95, "Total Cost": 76501.0, "Plan Rows": 47655, "Plan Width": 8, "Filter": "((c_acctbal > 0::double precision) AND (\"substring\"((c_phone)::text, 1, 2) = ANY ('{20,40,22,30,39,42,21}'::text[])))"}]}, {"Node Type": "Aggregate", "Strategy": "Hashed", "Parent Relationship": "Outer", "Startup Cost": 2367786.16, "Total Cost": 2367786.17, "Plan Rows": 1, "Plan Width": 40, "Group By Key": ["\"substring\"((public.customer.c_phone)::text, 1, 2)"], "Plans": [{"Node Type": "Merge Join", "Parent Relationship": "Outer", "Join Type": "Anti", "Startup Cost": 2291966.69, "Total Cost": 2367786.15, "Plan Rows": 1, "Plan Width": 24, "Inner Unique": false, "Merge Cond": "(public.customer.c_custkey = orders.o_custkey)", "Plans": [{"Node Type": "Sort", "Parent Relationship": "Outer", "Startup Cost": 77734.32, "Total Cost": 77778.07, "Plan Rows": 17500, "Plan Width": 32, "Sort Key": ["public.customer.c_custkey"], "Plans": [{"Node Type": "Seq Scan", "Parent Relationship": "Outer", "Relation Name": "customer", "Alias": "customer", "Startup Cost": 0.0, "Total Cost": 76501.0, "Plan Rows": 17500, "Plan Width": 32, "Filter": "((c_acctbal > $0) AND (\"substring\"((c_phone)::text, 1, 2) = ANY ('{20,40,22,30,39,42,21}'::text[])))"}]}, {"Node Type": "Sort", "Parent Relationship": "Inner", "Startup Cost": 2214232.37, "Total Cost": 2251731.07, "Plan Rows": 14999479, "Plan Width": 8, "Sort Key": ["orders.o_custkey"], "Plans": [{"Node Type": "Seq Scan", "Parent Relationship": "Outer", "Relation Name": "orders", "Alias": "orders", "Startup Cost": 0.0, "Total Cost": 426413.79, "Plan Rows": 14999479, "Plan Width": 8}]}]}]}]}, "Unique SQL Id": 2798552886}, "explain_analyze_plan": null}, "(64, 31)": {"explain_plan": {"Plan": {"Node Type": "Sort", "Startup Cost": 3000141907840.95, "Total Cost": 3000141907840.95, "Plan Rows": 1, "Plan Width": 40, "Sort Key": ["(\"substring\"((public.customer.c_phone)::text, 1, 2))"], "Plans": [{"Node Type": "Aggregate", "Strategy": "Plain", "Parent Relationship": "exec_init_plan", "Subplan Name": "InitPlan 1 (returns $0)", "Startup Cost": 1000007650219.14, "Total Cost": 1000007650219.15, "Plan Rows": 1, "Plan Width": 40, "Plans": [{"Node Type": "Seq Scan", "Parent Relationship": "Outer", "Relation Name": "customer", "Alias": "customer", "Startup Cost": 10000000012.75, "Total Cost": 1000007650100.0, "Plan Rows": 47655, "Plan Width": 8, "Filter": "((c_acctbal > 0::double precision) AND (\"substring\"((c_phone)::text, 1, 2) = ANY ('{20,40,22,30,39,42,21}'::text[])))"}]}, {"Node Type": "Aggregate", "Strategy": "Hashed", "Parent Relationship": "Outer", "Startup Cost": 2000134257621.77, "Total Cost": 2000134257621.79, "Plan Rows": 1, "Plan Width": 40, "Group By Key": ["\"substring\"((public.customer.c_phone)::text, 1, 2)"], "Plans": [{"Node Type": "Merge Join", "Parent Relationship": "Outer", "Join Type": "Anti", "Startup Cost": 20000000000.0, "Total Cost": 2000134257621.77, "Plan Rows": 1, "Plan Width": 24, "Inner Unique": false, "Merge Cond": "(public.customer.c_custkey = orders.o_custkey)", "Plans": [{"Node Type": "Index Scan", "Parent Relationship": "Outer", "Scan Direction": "Forward", "Index Name": "customer_pkey", "Relation Name": "customer", "Alias": "customer", "Startup Cost": 10000000000.0, "Total Cost": 1000010514035.62, "Plan Rows": 17500, "Plan Width": 32, "Filter": "((c_acctbal > $0) AND (\"substring\"((c_phone)::text, 1, 2) = ANY ('{20,40,22,30,39,42,21}'::text[])))"}, {"Node Type": "Index Scan", "Parent Relationship": "Inner", "Scan Direction": "Forward", "Index Name": "idx_orders_custkey", "Relation Name": "orders", "Alias": "orders", "Startup Cost": 10000000000.0, "Total Cost": 1000156051529.08, "Plan Rows": 14999479, "Plan Width": 8}]}]}]}, "Unique SQL Id": 2798552886}, "explain_analyze_plan": null}, "(64, 32)": {"explain_plan": {"Plan": {"Node Type": "Sort", "Startup Cost": 178853.67, "Total Cost": 178853.67, "Plan Rows": 1, "Plan Width": 40, "Sort Key": ["(\"substring\"((public.customer.c_phone)::text, 1, 2))"], "Plans": [{"Node Type": "Aggregate", "Strategy": "Plain", "Parent Relationship": "exec_init_plan", "Subplan Name": "InitPlan 1 (returns $0)", "Startup Cost": 76620.14, "Total Cost": 76620.15, "Plan Rows": 1, "Plan Width": 40, "Plans": [{"Node Type": "Seq Scan", "Parent Relationship": "Outer", "Relation Name": "customer", "Alias": "customer", "Startup Cost": 12.95, "Total Cost": 76501.0, "Plan Rows": 47655, "Plan Width": 8, "Filter": "((c_acctbal > 0::double precision) AND (\"substring\"((c_phone)::text, 1, 2) = ANY ('{20,40,22,30,39,42,21}'::text[])))"}]}, {"Node Type": "Aggregate", "Strategy": "Hashed", "Parent Relationship": "Outer", "Startup Cost": 102233.49, "Total Cost": 102233.51, "Plan Rows": 1, "Plan Width": 40, "Group By Key": ["\"substring\"((public.customer.c_phone)::text, 1, 2)"], "Plans": [{"Node Type": "Nested Loop", "Parent Relationship": "Outer", "Join Type": "Anti", "Startup Cost": 0.0, "Total Cost": 102233.49, "Plan Rows": 1, "Plan Width": 24, "Inner Unique": false, "Plans": [{"Node Type": "Seq Scan", "Parent Relationship": "Outer", "Relation Name": "customer", "Alias": "customer", "Startup Cost": 0.0, "Total Cost": 76501.0, "Plan Rows": 17500, "Plan Width": 32, "Filter": "((c_acctbal > $0) AND (\"substring\"((c_phone)::text, 1, 2) = ANY ('{20,40,22,30,39,42,21}'::text[])))"}, {"Node Type": "Index Only Scan", "Parent Relationship": "Inner", "Scan Direction": "Forward", "Index Name": "idx_orders_custkey", "Relation Name": "orders", "Alias": "orders", "Startup Cost": 0.0, "Total Cost": 3.79, "Plan Rows": 4, "Plan Width": 8, "Index Cond": "(o_custkey = public.customer.c_custkey)"}]}]}]}, "Unique SQL Id": 2798552886}, "explain_analyze_plan": {"Plan": {"Node Type": "Sort", "Startup Cost": 178853.67, "Total Cost": 178853.67, "Plan Rows": 1, "Plan Width": 40, "Actual Startup Time": 3874.835, "Actual Total Time": 3874.836, "Actual Rows": 4, "Actual Loops": 1, "Sort Key": ["(\"substring\"((public.customer.c_phone)::text, 1, 2))"], "Sort Method": "quicksort", "Sort Space Used": 25, "Sort Space Type": "Memory", "Plans": [{"Node Type": "Aggregate", "Strategy": "Plain", "Parent Relationship": "exec_init_plan", "Subplan Name": "InitPlan 1 (returns $0)", "Startup Cost": 76620.14, "Total Cost": 76620.15, "Plan Rows": 1, "Plan Width": 40, "Actual Startup Time": 1994.529, "Actual Total Time": 1994.529, "Actual Rows": 1, "Actual Loops": 1, "Plans": [{"Node Type": "Seq Scan", "Parent Relationship": "Outer", "Relation Name": "customer", "Alias": "customer", "Startup Cost": 12.95, "Total Cost": 76501.0, "Plan Rows": 47655, "Plan Width": 8, "Actual Startup Time": 0.029, "Actual Total Time": 1899.991, "Actual Rows": 218121, "Actual Loops": 1, "Filter": "((c_acctbal > 0::double precision) AND (\"substring\"((c_phone)::text, 1, 2) = ANY ('{20,40,22,30,39,42,21}'::text[])))", "Rows Removed by Filter": 1281879}]}, {"Node Type": "Aggregate", "Strategy": "Hashed", "Parent Relationship": "Outer", "Startup Cost": 102233.49, "Total Cost": 102233.51, "Plan Rows": 1, "Plan Width": 40, "Actual Startup Time": 3874.687, "Actual Total Time": 3874.701, "Actual Rows": 4, "Actual Loops": 1, "Group By Key": ["\"substring\"((public.customer.c_phone)::text, 1, 2)"], "Plans": [{"Node Type": "Nested Loop", "Parent Relationship": "Outer", "Join Type": "Anti", "Startup Cost": 0.0, "Total Cost": 102233.49, "Plan Rows": 1, "Plan Width": 24, "Actual Startup Time": 1994.649, "Actual Total Time": 3852.097, "Actual Rows": 36604, "Actual Loops": 1, "Inner Unique": false, "Plans": [{"Node Type": "Seq Scan", "Parent Relationship": "Outer", "Relation Name": "customer", "Alias": "customer", "Startup Cost": 0.0, "Total Cost": 76501.0, "Plan Rows": 17500, "Plan Width": 32, "Actual Startup Time": 1994.594, "Actual Total Time": 3277.642, "Actual Rows": 109197, "Actual Loops": 1, "Filter": "((c_acctbal > $0) AND (\"substring\"((c_phone)::text, 1, 2) = ANY ('{20,40,22,30,39,42,21}'::text[])))", "Rows Removed by Filter": 1390803}, {"Node Type": "Index Only Scan", "Parent Relationship": "Inner", "Scan Direction": "Forward", "Index Name": "idx_orders_custkey", "Relation Name": "orders", "Alias": "orders", "Startup Cost": 0.0, "Total Cost": 3.79, "Plan Rows": 4, "Plan Width": 8, "Actual Startup Time": 473.016, "Actual Total Time": 473.016, "Actual Rows": 72593, "Actual Loops": 109197, "Index Cond": "(o_custkey = public.customer.c_custkey)", "Rows Removed by Index Recheck": 0, "Heap Fetches": 0}]}]}]}, "Triggers": [], "Planner Runtime": 0.763, "Total Runtime": 3875.036, "Unique SQL Id": 2798552886}}, "(64, 33)": {"explain_plan": {"Plan": {"Node Type": "Sort", "Startup Cost": 1000007781092.03, "Total Cost": 1000007781092.03, "Plan Rows": 1, "Plan Width": 40, "Sort Key": ["(\"substring\"((public.customer.c_phone)::text, 1, 2))"], "Plans": [{"Node Type": "Aggregate", "Strategy": "Plain", "Parent Relationship": "exec_init_plan", "Subplan Name": "InitPlan 1 (returns $0)", "Startup Cost": 1000007650219.14, "Total Cost": 1000007650219.15, "Plan Rows": 1, "Plan Width": 40, "Plans": [{"Node Type": "Seq Scan", "Parent Relationship": "Outer", "Relation Name": "customer", "Alias": "customer", "Startup Cost": 10000000012.75, "Total Cost": 1000007650100.0, "Plan Rows": 47655, "Plan Width": 8, "Filter": "((c_acctbal > 0::double precision) AND (\"substring\"((c_phone)::text, 1, 2) = ANY ('{20,40,22,30,39,42,21}'::text[])))"}]}, {"Node Type": "Aggregate", "Strategy": "Hashed", "Parent Relationship": "Outer", "Startup Cost": 130872.85, "Total Cost": 130872.87, "Plan Rows": 1, "Plan Width": 40, "Group By Key": ["\"substring\"((public.customer.c_phone)::text, 1, 2)"], "Plans": [{"Node Type": "Nested Loop", "Parent Relationship": "Outer", "Join Type": "Anti", "Startup Cost": 0.0, "Total Cost": 130872.84, "Plan Rows": 1, "Plan Width": 24, "Inner Unique": false, "Plans": [{"Node Type": "Index Scan", "Parent Relationship": "Outer", "Scan Direction": "Forward", "Index Name": "customer_pkey", "Relation Name": "customer", "Alias": "customer", "Startup Cost": 0.0, "Total Cost": 105140.36, "Plan Rows": 17500, "Plan Width": 32, "Filter": "((c_acctbal > $0) AND (\"substring\"((c_phone)::text, 1, 2) = ANY ('{20,40,22,30,39,42,21}'::text[])))"}, {"Node Type": "Index Only Scan", "Parent Relationship": "Inner", "Scan Direction": "Forward", "Index Name": "idx_orders_custkey", "Relation Name": "orders", "Alias": "orders", "Startup Cost": 0.0, "Total Cost": 3.79, "Plan Rows": 4, "Plan Width": 8, "Index Cond": "(o_custkey = public.customer.c_custkey)"}]}]}]}, "Unique SQL Id": 2798552886}, "explain_analyze_plan": {"Plan": {"Node Type": "Sort", "Startup Cost": 1000007781092.03, "Total Cost": 1000007781092.03, "Plan Rows": 1, "Plan Width": 40, "Actual Startup Time": 4540.757, "Actual Total Time": 4540.757, "Actual Rows": 4, "Actual Loops": 1, "Sort Key": ["(\"substring\"((public.customer.c_phone)::text, 1, 2))"], "Sort Method": "quicksort", "Sort Space Used": 25, "Sort Space Type": "Memory", "Plans": [{"Node Type": "Aggregate", "Strategy": "Plain", "Parent Relationship": "exec_init_plan", "Subplan Name": "InitPlan 1 (returns $0)", "Startup Cost": 1000007650219.14, "Total Cost": 1000007650219.15, "Plan Rows": 1, "Plan Width": 40, "Actual Startup Time": 1995.612, "Actual Total Time": 1995.612, "Actual Rows": 1, "Actual Loops": 1, "Plans": [{"Node Type": "Seq Scan", "Parent Relationship": "Outer", "Relation Name": "customer", "Alias": "customer", "Startup Cost": 10000000012.75, "Total Cost": 1000007650100.0, "Plan Rows": 47655, "Plan Width": 8, "Actual Startup Time": 0.036, "Actual Total Time": 1901.667, "Actual Rows": 218121, "Actual Loops": 1, "Filter": "((c_acctbal > 0::double precision) AND (\"substring\"((c_phone)::text, 1, 2) = ANY ('{20,40,22,30,39,42,21}'::text[])))", "Rows Removed by Filter": 1281879}]}, {"Node Type": "Aggregate", "Strategy": "Hashed", "Parent Relationship": "Outer", "Startup Cost": 130872.85, "Total Cost": 130872.87, "Plan Rows": 1, "Plan Width": 40, "Actual Startup Time": 4540.614, "Actual Total Time": 4540.628, "Actual Rows": 4, "Actual Loops": 1, "Group By Key": ["\"substring\"((public.customer.c_phone)::text, 1, 2)"], "Plans": [{"Node Type": "Nested Loop", "Parent Relationship": "Outer", "Join Type": "Anti", "Startup Cost": 0.0, "Total Cost": 130872.84, "Plan Rows": 1, "Plan Width": 24, "Actual Startup Time": 1995.887, "Actual Total Time": 4518.037, "Actual Rows": 36604, "Actual Loops": 1, "Inner Unique": false, "Plans": [{"Node Type": "Index Scan", "Parent Relationship": "Outer", "Scan Direction": "Forward", "Index Name": "customer_pkey", "Relation Name": "customer", "Alias": "customer", "Startup Cost": 0.0, "Total Cost": 105140.36, "Plan Rows": 17500, "Plan Width": 32, "Actual Startup Time": 1995.824, "Actual Total Time": 3913.868, "Actual Rows": 109197, "Actual Loops": 1, "Filter": "((c_acctbal > $0) AND (\"substring\"((c_phone)::text, 1, 2) = ANY ('{20,40,22,30,39,42,21}'::text[])))", "Rows Removed by Filter": 1390803}, {"Node Type": "Index Only Scan", "Parent Relationship": "Inner", "Scan Direction": "Forward", "Index Name": "idx_orders_custkey", "Relation Name": "orders", "Alias": "orders", "Startup Cost": 0.0, "Total Cost": 3.79, "Plan Rows": 4, "Plan Width": 8, "Actual Startup Time": 500.727, "Actual Total Time": 500.727, "Actual Rows": 72593, "Actual Loops": 109197, "Index Cond": "(o_custkey = public.customer.c_custkey)", "Rows Removed by Index Recheck": 0, "Heap Fetches": 0}]}]}]}, "Triggers": [], "Planner Runtime": 0.757, "Total Runtime": 4540.956, "Unique SQL Id": 2798552886}}, "(64, 34)": {"explain_plan": {"Plan": {"Node Type": "Sort", "Startup Cost": 326543.88, "Total Cost": 326543.89, "Plan Rows": 1, "Plan Width": 40, "Sort Key": ["(\"substring\"((public.customer.c_phone)::text, 1, 2))"], "Plans": [{"Node Type": "Aggregate", "Strategy": "Plain", "Parent Relationship": "exec_init_plan", "Subplan Name": "InitPlan 1 (returns $0)", "Startup Cost": 76620.14, "Total Cost": 76620.15, "Plan Rows": 1, "Plan Width": 40, "Plans": [{"Node Type": "Seq Scan", "Parent Relationship": "Outer", "Relation Name": "customer", "Alias": "customer", "Startup Cost": 12.95, "Total Cost": 76501.0, "Plan Rows": 47655, "Plan Width": 8, "Filter": "((c_acctbal > 0::double precision) AND (\"substring\"((c_phone)::text, 1, 2) = ANY ('{20,40,22,30,39,42,21}'::text[])))"}]}, {"Node Type": "Aggregate", "Strategy": "Hashed", "Parent Relationship": "Outer", "Startup Cost": 249923.71, "Total Cost": 249923.72, "Plan Rows": 1, "Plan Width": 40, "Group By Key": ["\"substring\"((public.customer.c_phone)::text, 1, 2)"], "Plans": [{"Node Type": "Nested Loop", "Parent Relationship": "Outer", "Join Type": "Anti", "Startup Cost": 3.75, "Total Cost": 249923.7, "Plan Rows": 1, "Plan Width": 24, "Inner Unique": false, "Plans": [{"Node Type": "Seq Scan", "Parent Relationship": "Outer", "Relation Name": "customer", "Alias": "customer", "Startup Cost": 0.0, "Total Cost": 76501.0, "Plan Rows": 17500, "Plan Width": 32, "Filter": "((c_acctbal > $0) AND (\"substring\"((c_phone)::text, 1, 2) = ANY ('{20,40,22,30,39,42,21}'::text[])))"}, {"Node Type": "Bitmap Heap Scan", "Parent Relationship": "Inner", "Relation Name": "orders", "Alias": "orders", "Startup Cost": 3.75, "Total Cost": 19.76, "Plan Rows": 4, "Plan Width": 8, "Recheck Cond": "(o_custkey = public.customer.c_custkey)", "Plans": [{"Node Type": "Bitmap Index Scan", "Parent Relationship": "Outer", "Index Name": "idx_orders_custkey", "Startup Cost": 0.0, "Total Cost": 3.75, "Plan Rows": 4, "Plan Width": 0, "Index Cond": "(o_custkey = public.customer.c_custkey)"}]}]}]}]}, "Unique SQL Id": 2798552886}, "explain_analyze_plan": {"Plan": {"Node Type": "Sort", "Startup Cost": 326543.88, "Total Cost": 326543.89, "Plan Rows": 1, "Plan Width": 40, "Actual Startup Time": 4414.71, "Actual Total Time": 4414.711, "Actual Rows": 4, "Actual Loops": 1, "Sort Key": ["(\"substring\"((public.customer.c_phone)::text, 1, 2))"], "Sort Method": "quicksort", "Sort Space Used": 25, "Sort Space Type": "Memory", "Plans": [{"Node Type": "Aggregate", "Strategy": "Plain", "Parent Relationship": "exec_init_plan", "Subplan Name": "InitPlan 1 (returns $0)", "Startup Cost": 76620.14, "Total Cost": 76620.15, "Plan Rows": 1, "Plan Width": 40, "Actual Startup Time": 1995.799, "Actual Total Time": 1995.799, "Actual Rows": 1, "Actual Loops": 1, "Plans": [{"Node Type": "Seq Scan", "Parent Relationship": "Outer", "Relation Name": "customer", "Alias": "customer", "Startup Cost": 12.95, "Total Cost": 76501.0, "Plan Rows": 47655, "Plan Width": 8, "Actual Startup Time": 0.031, "Actual Total Time": 1901.337, "Actual Rows": 218121, "Actual Loops": 1, "Filter": "((c_acctbal > 0::double precision) AND (\"substring\"((c_phone)::text, 1, 2) = ANY ('{20,40,22,30,39,42,21}'::text[])))", "Rows Removed by Filter": 1281879}]}, {"Node Type": "Aggregate", "Strategy": "Hashed", "Parent Relationship": "Outer", "Startup Cost": 249923.71, "Total Cost": 249923.72, "Plan Rows": 1, "Plan Width": 40, "Actual Startup Time": 4414.669, "Actual Total Time": 4414.669, "Actual Rows": 4, "Actual Loops": 1, "Group By Key": ["\"substring\"((public.customer.c_phone)::text, 1, 2)"], "Plans": [{"Node Type": "Nested Loop", "Parent Relationship": "Outer", "Join Type": "Anti", "Startup Cost": 3.75, "Total Cost": 249923.7, "Plan Rows": 1, "Plan Width": 24, "Actual Startup Time": 1995.923, "Actual Total Time": 4387.776, "Actual Rows": 36604, "Actual Loops": 1, "Inner Unique": false, "Plans": [{"Node Type": "Seq Scan", "Parent Relationship": "Outer", "Relation Name": "customer", "Alias": "customer", "Startup Cost": 0.0, "Total Cost": 76501.0, "Plan Rows": 17500, "Plan Width": 32, "Actual Startup Time": 1995.862, "Actual Total Time": 3284.286, "Actual Rows": 109197, "Actual Loops": 1, "Filter": "((c_acctbal > $0) AND (\"substring\"((c_phone)::text, 1, 2) = ANY ('{20,40,22,30,39,42,21}'::text[])))", "Rows Removed by Filter": 1390803}, {"Node Type": "Bitmap Heap Scan", "Parent Relationship": "Inner", "Relation Name": "orders", "Alias": "orders", "Startup Cost": 3.75, "Total Cost": 19.76, "Plan Rows": 4, "Plan Width": 8, "Actual Startup Time": 918.298, "Actual Total Time": 918.298, "Actual Rows": 72593, "Actual Loops": 109197, "Recheck Cond": "(o_custkey = public.customer.c_custkey)", "Rows Removed by Index Recheck": 0, "Exact Heap Blocks": 72593, "Lossy Heap Blocks": 72593, "Plans": [{"Node Type": "Bitmap Index Scan", "Parent Relationship": "Outer", "Index Name": "idx_orders_custkey", "Startup Cost": 0.0, "Total Cost": 3.75, "Plan Rows": 4, "Plan Width": 0, "Actual Startup Time": 572.408, "Actual Total Time": 572.408, "Actual Rows": 1091631, "Actual Loops": 109197, "Index Cond": "(o_custkey = public.customer.c_custkey)"}]}]}]}]}, "Triggers": [], "Planner Runtime": 0.77, "Total Runtime": 4415.004, "Unique SQL Id": 2798552886}}, "(64, 35)": {"explain_plan": {"Plan": {"Node Type": "Sort", "Startup Cost": 2000018337677.51, "Total Cost": 2000018337677.51, "Plan Rows": 1, "Plan Width": 40, "Sort Key": ["(\"substring\"((public.customer.c_phone)::text, 1, 2))"], "Plans": [{"Node Type": "Aggregate", "Strategy": "Plain", "Parent Relationship": "exec_init_plan", "Subplan Name": "InitPlan 1 (returns $0)", "Startup Cost": 1000007650219.14, "Total Cost": 1000007650219.15, "Plan Rows": 1, "Plan Width": 40, "Plans": [{"Node Type": "Seq Scan", "Parent Relationship": "Outer", "Relation Name": "customer", "Alias": "customer", "Startup Cost": 10000000012.75, "Total Cost": 1000007650100.0, "Plan Rows": 47655, "Plan Width": 8, "Filter": "((c_acctbal > 0::double precision) AND (\"substring\"((c_phone)::text, 1, 2) = ANY ('{20,40,22,30,39,42,21}'::text[])))"}]}, {"Node Type": "Aggregate", "Strategy": "Hashed", "Parent Relationship": "Outer", "Startup Cost": 1000010687458.33, "Total Cost": 1000010687458.35, "Plan Rows": 1, "Plan Width": 40, "Group By Key": ["\"substring\"((public.customer.c_phone)::text, 1, 2)"], "Plans": [{"Node Type": "Nested Loop", "Parent Relationship": "Outer", "Join Type": "Anti", "Startup Cost": 10000000003.75, "Total Cost": 1000010687458.32, "Plan Rows": 1, "Plan Width": 24, "Inner Unique": false, "Plans": [{"Node Type": "Index Scan", "Parent Relationship": "Outer", "Scan Direction": "Forward", "Index Name": "customer_pkey", "Relation Name": "customer", "Alias": "customer", "Startup Cost": 10000000000.0, "Total Cost": 1000010514035.62, "Plan Rows": 17500, "Plan Width": 32, "Filter": "((c_acctbal > $0) AND (\"substring\"((c_phone)::text, 1, 2) = ANY ('{20,40,22,30,39,42,21}'::text[])))"}, {"Node Type": "Bitmap Heap Scan", "Parent Relationship": "Inner", "Relation Name": "orders", "Alias": "orders", "Startup Cost": 3.75, "Total Cost": 19.76, "Plan Rows": 4, "Plan Width": 8, "Recheck Cond": "(o_custkey = public.customer.c_custkey)", "Plans": [{"Node Type": "Bitmap Index Scan", "Parent Relationship": "Outer", "Index Name": "idx_orders_custkey", "Startup Cost": 0.0, "Total Cost": 3.75, "Plan Rows": 4, "Plan Width": 0, "Index Cond": "(o_custkey = public.customer.c_custkey)"}]}]}]}]}, "Unique SQL Id": 2798552886}, "explain_analyze_plan": {"Plan": {"Node Type": "Sort", "Startup Cost": 2000018337677.51, "Total Cost": 2000018337677.51, "Plan Rows": 1, "Plan Width": 40, "Actual Startup Time": 4987.955, "Actual Total Time": 4987.956, "Actual Rows": 4, "Actual Loops": 1, "Sort Key": ["(\"substring\"((public.customer.c_phone)::text, 1, 2))"], "Sort Method": "quicksort", "Sort Space Used": 25, "Sort Space Type": "Memory", "Plans": [{"Node Type": "Aggregate", "Strategy": "Plain", "Parent Relationship": "exec_init_plan", "Subplan Name": "InitPlan 1 (returns $0)", "Startup Cost": 1000007650219.14, "Total Cost": 1000007650219.15, "Plan Rows": 1, "Plan Width": 40, "Actual Startup Time": 2018.097, "Actual Total Time": 2018.099, "Actual Rows": 1, "Actual Loops": 1, "Plans": [{"Node Type": "Seq Scan", "Parent Relationship": "Outer", "Relation Name": "customer", "Alias": "customer", "Startup Cost": 10000000012.75, "Total Cost": 1000007650100.0, "Plan Rows": 47655, "Plan Width": 8, "Actual Startup Time": 0.04, "Actual Total Time": 1922.099, "Actual Rows": 218121, "Actual Loops": 1, "Filter": "((c_acctbal > 0::double precision) AND (\"substring\"((c_phone)::text, 1, 2) = ANY ('{20,40,22,30,39,42,21}'::text[])))", "Rows Removed by Filter": 1281879}]}, {"Node Type": "Aggregate", "Strategy": "Hashed", "Parent Relationship": "Outer", "Startup Cost": 1000010687458.33, "Total Cost": 1000010687458.35, "Plan Rows": 1, "Plan Width": 40, "Actual Startup Time": 4987.905, "Actual Total Time": 4987.907, "Actual Rows": 4, "Actual Loops": 1, "Group By Key": ["\"substring\"((public.customer.c_phone)::text, 1, 2)"], "Plans": [{"Node Type": "Nested Loop", "Parent Relationship": "Outer", "Join Type": "Anti", "Startup Cost": 10000000003.75, "Total Cost": 1000010687458.32, "Plan Rows": 1, "Plan Width": 24, "Actual Startup Time": 2018.334, "Actual Total Time": 4960.279, "Actual Rows": 36604, "Actual Loops": 1, "Inner Unique": false, "Plans": [{"Node Type": "Index Scan", "Parent Relationship": "Outer", "Scan Direction": "Forward", "Index Name": "customer_pkey", "Relation Name": "customer", "Alias": "customer", "Startup Cost": 10000000000.0, "Total Cost": 1000010514035.62, "Plan Rows": 17500, "Plan Width": 32, "Actual Startup Time": 2018.263, "Actual Total Time": 3830.61, "Actual Rows": 109197, "Actual Loops": 1, "Filter": "((c_acctbal > $0) AND (\"substring\"((c_phone)::text, 1, 2) = ANY ('{20,40,22,30,39,42,21}'::text[])))", "Rows Removed by Filter": 1390803}, {"Node Type": "Bitmap Heap Scan", "Parent Relationship": "Inner", "Relation Name": "orders", "Alias": "orders", "Startup Cost": 3.75, "Total Cost": 19.76, "Plan Rows": 4, "Plan Width": 8, "Actual Startup Time": 941.988, "Actual Total Time": 941.988, "Actual Rows": 72593, "Actual Loops": 109197, "Recheck Cond": "(o_custkey = public.customer.c_custkey)", "Rows Removed by Index Recheck": 0, "Exact Heap Blocks": 72593, "Lossy Heap Blocks": 72593, "Plans": [{"Node Type": "Bitmap Index Scan", "Parent Relationship": "Outer", "Index Name": "idx_orders_custkey", "Startup Cost": 0.0, "Total Cost": 3.75, "Plan Rows": 4, "Plan Width": 0, "Actual Startup Time": 583.569, "Actual Total Time": 583.569, "Actual Rows": 1091631, "Actual Loops": 109197, "Index Cond": "(o_custkey = public.customer.c_custkey)"}]}]}]}]}, "Triggers": [], "Planner Runtime": 0.731, "Total Runtime": 4988.153, "Unique SQL Id": 2798552886}}, "(64, 36)": {"explain_plan": {"Plan": {"Node Type": "Sort", "Startup Cost": 274230.79, "Total Cost": 274230.8, "Plan Rows": 1, "Plan Width": 40, "Sort Key": ["(\"substring\"((public.customer.c_phone)::text, 1, 2))"], "Plans": [{"Node Type": "Aggregate", "Strategy": "Plain", "Parent Relationship": "exec_init_plan", "Subplan Name": "InitPlan 1 (returns $0)", "Startup Cost": 76620.14, "Total Cost": 76620.15, "Plan Rows": 1, "Plan Width": 40, "Plans": [{"Node Type": "Seq Scan", "Parent Relationship": "Outer", "Relation Name": "customer", "Alias": "customer", "Startup Cost": 12.95, "Total Cost": 76501.0, "Plan Rows": 47655, "Plan Width": 8, "Filter": "((c_acctbal > 0::double precision) AND (\"substring\"((c_phone)::text, 1, 2) = ANY ('{20,40,22,30,39,42,21}'::text[])))"}]}, {"Node Type": "Aggregate", "Strategy": "Hashed", "Parent Relationship": "Outer", "Startup Cost": 197610.62, "Total Cost": 197610.63, "Plan Rows": 1, "Plan Width": 40, "Group By Key": ["\"substring\"((public.customer.c_phone)::text, 1, 2)"], "Plans": [{"Node Type": "Nested Loop", "Parent Relationship": "Outer", "Join Type": "Anti", "Startup Cost": 0.0, "Total Cost": 197610.61, "Plan Rows": 1, "Plan Width": 24, "Inner Unique": false, "Plans": [{"Node Type": "Seq Scan", "Parent Relationship": "Outer", "Relation Name": "customer", "Alias": "customer", "Startup Cost": 0.0, "Total Cost": 76501.0, "Plan Rows": 17500, "Plan Width": 32, "Filter": "((c_acctbal > $0) AND (\"substring\"((c_phone)::text, 1, 2) = ANY ('{20,40,22,30,39,42,21}'::text[])))"}, {"Node Type": "Index Scan", "Parent Relationship": "Inner", "Scan Direction": "Forward", "Index Name": "idx_orders_custkey", "Relation Name": "orders", "Alias": "orders", "Startup Cost": 0.0, "Total Cost": 17.99, "Plan Rows": 4, "Plan Width": 8, "Index Cond": "(o_custkey = public.customer.c_custkey)"}]}]}]}, "Unique SQL Id": 2798552886}, "explain_analyze_plan": {"Plan": {"Node Type": "Sort", "Startup Cost": 274230.79, "Total Cost": 274230.8, "Plan Rows": 1, "Plan Width": 40, "Actual Startup Time": 4048.22, "Actual Total Time": 4048.22, "Actual Rows": 4, "Actual Loops": 1, "Sort Key": ["(\"substring\"((public.customer.c_phone)::text, 1, 2))"], "Sort Method": "quicksort", "Sort Space Used": 25, "Sort Space Type": "Memory", "Plans": [{"Node Type": "Aggregate", "Strategy": "Plain", "Parent Relationship": "exec_init_plan", "Subplan Name": "InitPlan 1 (returns $0)", "Startup Cost": 76620.14, "Total Cost": 76620.15, "Plan Rows": 1, "Plan Width": 40, "Actual Startup Time": 1960.504, "Actual Total Time": 1960.504, "Actual Rows": 1, "Actual Loops": 1, "Plans": [{"Node Type": "Seq Scan", "Parent Relationship": "Outer", "Relation Name": "customer", "Alias": "customer", "Startup Cost": 12.95, "Total Cost": 76501.0, "Plan Rows": 47655, "Plan Width": 8, "Actual Startup Time": 0.027, "Actual Total Time": 1865.668, "Actual Rows": 218121, "Actual Loops": 1, "Filter": "((c_acctbal > 0::double precision) AND (\"substring\"((c_phone)::text, 1, 2) = ANY ('{20,40,22,30,39,42,21}'::text[])))", "Rows Removed by Filter": 1281879}]}, {"Node Type": "Aggregate", "Strategy": "Hashed", "Parent Relationship": "Outer", "Startup Cost": 197610.62, "Total Cost": 197610.63, "Plan Rows": 1, "Plan Width": 40, "Actual Startup Time": 4048.179, "Actual Total Time": 4048.18, "Actual Rows": 4, "Actual Loops": 1, "Group By Key": ["\"substring\"((public.customer.c_phone)::text, 1, 2)"], "Plans": [{"Node Type": "Nested Loop", "Parent Relationship": "Outer", "Join Type": "Anti", "Startup Cost": 0.0, "Total Cost": 197610.61, "Plan Rows": 1, "Plan Width": 24, "Actual Startup Time": 1960.632, "Actual Total Time": 4024.922, "Actual Rows": 36604, "Actual Loops": 1, "Inner Unique": false, "Plans": [{"Node Type": "Seq Scan", "Parent Relationship": "Outer", "Relation Name": "customer", "Alias": "customer", "Startup Cost": 0.0, "Total Cost": 76501.0, "Plan Rows": 17500, "Plan Width": 32, "Actual Startup Time": 1960.572, "Actual Total Time": 3257.721, "Actual Rows": 109197, "Actual Loops": 1, "Filter": "((c_acctbal > $0) AND (\"substring\"((c_phone)::text, 1, 2) = ANY ('{20,40,22,30,39,42,21}'::text[])))", "Rows Removed by Filter": 1390803}, {"Node Type": "Index Scan", "Parent Relationship": "Inner", "Scan Direction": "Forward", "Index Name": "idx_orders_custkey", "Relation Name": "orders", "Alias": "orders", "Startup Cost": 0.0, "Total Cost": 17.99, "Plan Rows": 4, "Plan Width": 8, "Actual Startup Time": 660.636, "Actual Total Time": 660.636, "Actual Rows": 72593, "Actual Loops": 109197, "Index Cond": "(o_custkey = public.customer.c_custkey)", "Rows Removed by Index Recheck": 0}]}]}]}, "Triggers": [], "Planner Runtime": 0.759, "Total Runtime": 4048.42, "Unique SQL Id": 2798552886}}, "(64, 37)": {"explain_plan": {"Plan": {"Node Type": "Sort", "Startup Cost": 1000007876469.15, "Total Cost": 1000007876469.15, "Plan Rows": 1, "Plan Width": 40, "Sort Key": ["(\"substring\"((public.customer.c_phone)::text, 1, 2))"], "Plans": [{"Node Type": "Aggregate", "Strategy": "Plain", "Parent Relationship": "exec_init_plan", "Subplan Name": "InitPlan 1 (returns $0)", "Startup Cost": 1000007650219.14, "Total Cost": 1000007650219.15, "Plan Rows": 1, "Plan Width": 40, "Plans": [{"Node Type": "Seq Scan", "Parent Relationship": "Outer", "Relation Name": "customer", "Alias": "customer", "Startup Cost": 10000000012.75, "Total Cost": 1000007650100.0, "Plan Rows": 47655, "Plan Width": 8, "Filter": "((c_acctbal > 0::double precision) AND (\"substring\"((c_phone)::text, 1, 2) = ANY ('{20,40,22,30,39,42,21}'::text[])))"}]}, {"Node Type": "Aggregate", "Strategy": "Hashed", "Parent Relationship": "Outer", "Startup Cost": 226249.97, "Total Cost": 226249.99, "Plan Rows": 1, "Plan Width": 40, "Group By Key": ["\"substring\"((public.customer.c_phone)::text, 1, 2)"], "Plans": [{"Node Type": "Nested Loop", "Parent Relationship": "Outer", "Join Type": "Anti", "Startup Cost": 0.0, "Total Cost": 226249.97, "Plan Rows": 1, "Plan Width": 24, "Inner Unique": false, "Plans": [{"Node Type": "Index Scan", "Parent Relationship": "Outer", "Scan Direction": "Forward", "Index Name": "customer_pkey", "Relation Name": "customer", "Alias": "customer", "Startup Cost": 0.0, "Total Cost": 105140.36, "Plan Rows": 17500, "Plan Width": 32, "Filter": "((c_acctbal > $0) AND (\"substring\"((c_phone)::text, 1, 2) = ANY ('{20,40,22,30,39,42,21}'::text[])))"}, {"Node Type": "Index Scan", "Parent Relationship": "Inner", "Scan Direction": "Forward", "Index Name": "idx_orders_custkey", "Relation Name": "orders", "Alias": "orders", "Startup Cost": 0.0, "Total Cost": 17.99, "Plan Rows": 4, "Plan Width": 8, "Index Cond": "(o_custkey = public.customer.c_custkey)"}]}]}]}, "Unique SQL Id": 2798552886}, "explain_analyze_plan": {"Plan": {"Node Type": "Sort", "Startup Cost": 1000007876469.15, "Total Cost": 1000007876469.15, "Plan Rows": 1, "Plan Width": 40, "Actual Startup Time": 4342.858, "Actual Total Time": 4342.858, "Actual Rows": 4, "Actual Loops": 1, "Sort Key": ["(\"substring\"((public.customer.c_phone)::text, 1, 2))"], "Sort Method": "quicksort", "Sort Space Used": 25, "Sort Space Type": "Memory", "Plans": [{"Node Type": "Aggregate", "Strategy": "Plain", "Parent Relationship": "exec_init_plan", "Subplan Name": "InitPlan 1 (returns $0)", "Startup Cost": 1000007650219.14, "Total Cost": 1000007650219.15, "Plan Rows": 1, "Plan Width": 40, "Actual Startup Time": 1967.227, "Actual Total Time": 1967.229, "Actual Rows": 1, "Actual Loops": 1, "Plans": [{"Node Type": "Seq Scan", "Parent Relationship": "Outer", "Relation Name": "customer", "Alias": "customer", "Startup Cost": 10000000012.75, "Total Cost": 1000007650100.0, "Plan Rows": 47655, "Plan Width": 8, "Actual Startup Time": 0.033, "Actual Total Time": 1872.87, "Actual Rows": 218121, "Actual Loops": 1, "Filter": "((c_acctbal > 0::double precision) AND (\"substring\"((c_phone)::text, 1, 2) = ANY ('{20,40,22,30,39,42,21}'::text[])))", "Rows Removed by Filter": 1281879}]}, {"Node Type": "Aggregate", "Strategy": "Hashed", "Parent Relationship": "Outer", "Startup Cost": 226249.97, "Total Cost": 226249.99, "Plan Rows": 1, "Plan Width": 40, "Actual Startup Time": 4342.811, "Actual Total Time": 4342.814, "Actual Rows": 4, "Actual Loops": 1, "Group By Key": ["\"substring\"((public.customer.c_phone)::text, 1, 2)"], "Plans": [{"Node Type": "Nested Loop", "Parent Relationship": "Outer", "Join Type": "Anti", "Startup Cost": 0.0, "Total Cost": 226249.97, "Plan Rows": 1, "Plan Width": 24, "Actual Startup Time": 1967.46, "Actual Total Time": 4319.835, "Actual Rows": 36604, "Actual Loops": 1, "Inner Unique": false, "Plans": [{"Node Type": "Index Scan", "Parent Relationship": "Outer", "Scan Direction": "Forward", "Index Name": "customer_pkey", "Relation Name": "customer", "Alias": "customer", "Startup Cost": 0.0, "Total Cost": 105140.36, "Plan Rows": 17500, "Plan Width": 32, "Actual Startup Time": 1967.405, "Actual Total Time": 3680.796, "Actual Rows": 109197, "Actual Loops": 1, "Filter": "((c_acctbal > $0) AND (\"substring\"((c_phone)::text, 1, 2) = ANY ('{20,40,22,30,39,42,21}'::text[])))", "Rows Removed by Filter": 1390803}, {"Node Type": "Index Scan", "Parent Relationship": "Inner", "Scan Direction": "Forward", "Index Name": "idx_orders_custkey", "Relation Name": "orders", "Alias": "orders", "Startup Cost": 0.0, "Total Cost": 17.99, "Plan Rows": 4, "Plan Width": 8, "Actual Startup Time": 530.764, "Actual Total Time": 530.764, "Actual Rows": 72593, "Actual Loops": 109197, "Index Cond": "(o_custkey = public.customer.c_custkey)", "Rows Removed by Index Recheck": 0}]}]}]}, "Triggers": [], "Planner Runtime": 0.769, "Total Runtime": 4343.034, "Unique SQL Id": 2798552886}}, "(64, 38)": {"explain_plan": {"Plan": {"Node Type": "Sort", "Startup Cost": 326543.88, "Total Cost": 326543.89, "Plan Rows": 1, "Plan Width": 40, "Sort Key": ["(\"substring\"((public.customer.c_phone)::text, 1, 2))"], "Plans": [{"Node Type": "Aggregate", "Strategy": "Plain", "Parent Relationship": "exec_init_plan", "Subplan Name": "InitPlan 1 (returns $0)", "Startup Cost": 76620.14, "Total Cost": 76620.15, "Plan Rows": 1, "Plan Width": 40, "Plans": [{"Node Type": "Seq Scan", "Parent Relationship": "Outer", "Relation Name": "customer", "Alias": "customer", "Startup Cost": 12.95, "Total Cost": 76501.0, "Plan Rows": 47655, "Plan Width": 8, "Filter": "((c_acctbal > 0::double precision) AND (\"substring\"((c_phone)::text, 1, 2) = ANY ('{20,40,22,30,39,42,21}'::text[])))"}]}, {"Node Type": "Aggregate", "Strategy": "Hashed", "Parent Relationship": "Outer", "Startup Cost": 249923.71, "Total Cost": 249923.72, "Plan Rows": 1, "Plan Width": 40, "Group By Key": ["\"substring\"((public.customer.c_phone)::text, 1, 2)"], "Plans": [{"Node Type": "Nested Loop", "Parent Relationship": "Outer", "Join Type": "Anti", "Startup Cost": 3.75, "Total Cost": 249923.7, "Plan Rows": 1, "Plan Width": 24, "Inner Unique": false, "Plans": [{"Node Type": "Seq Scan", "Parent Relationship": "Outer", "Relation Name": "customer", "Alias": "customer", "Startup Cost": 0.0, "Total Cost": 76501.0, "Plan Rows": 17500, "Plan Width": 32, "Filter": "((c_acctbal > $0) AND (\"substring\"((c_phone)::text, 1, 2) = ANY ('{20,40,22,30,39,42,21}'::text[])))"}, {"Node Type": "Bitmap Heap Scan", "Parent Relationship": "Inner", "Relation Name": "orders", "Alias": "orders", "Startup Cost": 3.75, "Total Cost": 19.76, "Plan Rows": 4, "Plan Width": 8, "Recheck Cond": "(o_custkey = public.customer.c_custkey)", "Plans": [{"Node Type": "Bitmap Index Scan", "Parent Relationship": "Outer", "Index Name": "idx_orders_custkey", "Startup Cost": 0.0, "Total Cost": 3.75, "Plan Rows": 4, "Plan Width": 0, "Index Cond": "(o_custkey = public.customer.c_custkey)"}]}]}]}]}, "Unique SQL Id": 2798552886}, "explain_analyze_plan": {"Plan": {"Node Type": "Sort", "Startup Cost": 326543.88, "Total Cost": 326543.89, "Plan Rows": 1, "Plan Width": 40, "Actual Startup Time": 4414.71, "Actual Total Time": 4414.711, "Actual Rows": 4, "Actual Loops": 1, "Sort Key": ["(\"substring\"((public.customer.c_phone)::text, 1, 2))"], "Sort Method": "quicksort", "Sort Space Used": 25, "Sort Space Type": "Memory", "Plans": [{"Node Type": "Aggregate", "Strategy": "Plain", "Parent Relationship": "exec_init_plan", "Subplan Name": "InitPlan 1 (returns $0)", "Startup Cost": 76620.14, "Total Cost": 76620.15, "Plan Rows": 1, "Plan Width": 40, "Actual Startup Time": 1995.799, "Actual Total Time": 1995.799, "Actual Rows": 1, "Actual Loops": 1, "Plans": [{"Node Type": "Seq Scan", "Parent Relationship": "Outer", "Relation Name": "customer", "Alias": "customer", "Startup Cost": 12.95, "Total Cost": 76501.0, "Plan Rows": 47655, "Plan Width": 8, "Actual Startup Time": 0.031, "Actual Total Time": 1901.337, "Actual Rows": 218121, "Actual Loops": 1, "Filter": "((c_acctbal > 0::double precision) AND (\"substring\"((c_phone)::text, 1, 2) = ANY ('{20,40,22,30,39,42,21}'::text[])))", "Rows Removed by Filter": 1281879}]}, {"Node Type": "Aggregate", "Strategy": "Hashed", "Parent Relationship": "Outer", "Startup Cost": 249923.71, "Total Cost": 249923.72, "Plan Rows": 1, "Plan Width": 40, "Actual Startup Time": 4414.669, "Actual Total Time": 4414.669, "Actual Rows": 4, "Actual Loops": 1, "Group By Key": ["\"substring\"((public.customer.c_phone)::text, 1, 2)"], "Plans": [{"Node Type": "Nested Loop", "Parent Relationship": "Outer", "Join Type": "Anti", "Startup Cost": 3.75, "Total Cost": 249923.7, "Plan Rows": 1, "Plan Width": 24, "Actual Startup Time": 1995.923, "Actual Total Time": 4387.776, "Actual Rows": 36604, "Actual Loops": 1, "Inner Unique": false, "Plans": [{"Node Type": "Seq Scan", "Parent Relationship": "Outer", "Relation Name": "customer", "Alias": "customer", "Startup Cost": 0.0, "Total Cost": 76501.0, "Plan Rows": 17500, "Plan Width": 32, "Actual Startup Time": 1995.862, "Actual Total Time": 3284.286, "Actual Rows": 109197, "Actual Loops": 1, "Filter": "((c_acctbal > $0) AND (\"substring\"((c_phone)::text, 1, 2) = ANY ('{20,40,22,30,39,42,21}'::text[])))", "Rows Removed by Filter": 1390803}, {"Node Type": "Bitmap Heap Scan", "Parent Relationship": "Inner", "Relation Name": "orders", "Alias": "orders", "Startup Cost": 3.75, "Total Cost": 19.76, "Plan Rows": 4, "Plan Width": 8, "Actual Startup Time": 918.298, "Actual Total Time": 918.298, "Actual Rows": 72593, "Actual Loops": 109197, "Recheck Cond": "(o_custkey = public.customer.c_custkey)", "Rows Removed by Index Recheck": 0, "Exact Heap Blocks": 72593, "Lossy Heap Blocks": 72593, "Plans": [{"Node Type": "Bitmap Index Scan", "Parent Relationship": "Outer", "Index Name": "idx_orders_custkey", "Startup Cost": 0.0, "Total Cost": 3.75, "Plan Rows": 4, "Plan Width": 0, "Actual Startup Time": 572.408, "Actual Total Time": 572.408, "Actual Rows": 1091631, "Actual Loops": 109197, "Index Cond": "(o_custkey = public.customer.c_custkey)"}]}]}]}]}, "Triggers": [], "Planner Runtime": 0.77, "Total Runtime": 4415.004, "Unique SQL Id": 2798552886}}, "(64, 39)": {"explain_plan": {"Plan": {"Node Type": "Sort", "Startup Cost": 2000018337677.51, "Total Cost": 2000018337677.51, "Plan Rows": 1, "Plan Width": 40, "Sort Key": ["(\"substring\"((public.customer.c_phone)::text, 1, 2))"], "Plans": [{"Node Type": "Aggregate", "Strategy": "Plain", "Parent Relationship": "exec_init_plan", "Subplan Name": "InitPlan 1 (returns $0)", "Startup Cost": 1000007650219.14, "Total Cost": 1000007650219.15, "Plan Rows": 1, "Plan Width": 40, "Plans": [{"Node Type": "Seq Scan", "Parent Relationship": "Outer", "Relation Name": "customer", "Alias": "customer", "Startup Cost": 10000000012.75, "Total Cost": 1000007650100.0, "Plan Rows": 47655, "Plan Width": 8, "Filter": "((c_acctbal > 0::double precision) AND (\"substring\"((c_phone)::text, 1, 2) = ANY ('{20,40,22,30,39,42,21}'::text[])))"}]}, {"Node Type": "Aggregate", "Strategy": "Hashed", "Parent Relationship": "Outer", "Startup Cost": 1000010687458.33, "Total Cost": 1000010687458.35, "Plan Rows": 1, "Plan Width": 40, "Group By Key": ["\"substring\"((public.customer.c_phone)::text, 1, 2)"], "Plans": [{"Node Type": "Nested Loop", "Parent Relationship": "Outer", "Join Type": "Anti", "Startup Cost": 10000000003.75, "Total Cost": 1000010687458.32, "Plan Rows": 1, "Plan Width": 24, "Inner Unique": false, "Plans": [{"Node Type": "Index Scan", "Parent Relationship": "Outer", "Scan Direction": "Forward", "Index Name": "customer_pkey", "Relation Name": "customer", "Alias": "customer", "Startup Cost": 10000000000.0, "Total Cost": 1000010514035.62, "Plan Rows": 17500, "Plan Width": 32, "Filter": "((c_acctbal > $0) AND (\"substring\"((c_phone)::text, 1, 2) = ANY ('{20,40,22,30,39,42,21}'::text[])))"}, {"Node Type": "Bitmap Heap Scan", "Parent Relationship": "Inner", "Relation Name": "orders", "Alias": "orders", "Startup Cost": 3.75, "Total Cost": 19.76, "Plan Rows": 4, "Plan Width": 8, "Recheck Cond": "(o_custkey = public.customer.c_custkey)", "Plans": [{"Node Type": "Bitmap Index Scan", "Parent Relationship": "Outer", "Index Name": "idx_orders_custkey", "Startup Cost": 0.0, "Total Cost": 3.75, "Plan Rows": 4, "Plan Width": 0, "Index Cond": "(o_custkey = public.customer.c_custkey)"}]}]}]}]}, "Unique SQL Id": 2798552886}, "explain_analyze_plan": {"Plan": {"Node Type": "Sort", "Startup Cost": 2000018337677.51, "Total Cost": 2000018337677.51, "Plan Rows": 1, "Plan Width": 40, "Actual Startup Time": 4987.955, "Actual Total Time": 4987.956, "Actual Rows": 4, "Actual Loops": 1, "Sort Key": ["(\"substring\"((public.customer.c_phone)::text, 1, 2))"], "Sort Method": "quicksort", "Sort Space Used": 25, "Sort Space Type": "Memory", "Plans": [{"Node Type": "Aggregate", "Strategy": "Plain", "Parent Relationship": "exec_init_plan", "Subplan Name": "InitPlan 1 (returns $0)", "Startup Cost": 1000007650219.14, "Total Cost": 1000007650219.15, "Plan Rows": 1, "Plan Width": 40, "Actual Startup Time": 2018.097, "Actual Total Time": 2018.099, "Actual Rows": 1, "Actual Loops": 1, "Plans": [{"Node Type": "Seq Scan", "Parent Relationship": "Outer", "Relation Name": "customer", "Alias": "customer", "Startup Cost": 10000000012.75, "Total Cost": 1000007650100.0, "Plan Rows": 47655, "Plan Width": 8, "Actual Startup Time": 0.04, "Actual Total Time": 1922.099, "Actual Rows": 218121, "Actual Loops": 1, "Filter": "((c_acctbal > 0::double precision) AND (\"substring\"((c_phone)::text, 1, 2) = ANY ('{20,40,22,30,39,42,21}'::text[])))", "Rows Removed by Filter": 1281879}]}, {"Node Type": "Aggregate", "Strategy": "Hashed", "Parent Relationship": "Outer", "Startup Cost": 1000010687458.33, "Total Cost": 1000010687458.35, "Plan Rows": 1, "Plan Width": 40, "Actual Startup Time": 4987.905, "Actual Total Time": 4987.907, "Actual Rows": 4, "Actual Loops": 1, "Group By Key": ["\"substring\"((public.customer.c_phone)::text, 1, 2)"], "Plans": [{"Node Type": "Nested Loop", "Parent Relationship": "Outer", "Join Type": "Anti", "Startup Cost": 10000000003.75, "Total Cost": 1000010687458.32, "Plan Rows": 1, "Plan Width": 24, "Actual Startup Time": 2018.334, "Actual Total Time": 4960.279, "Actual Rows": 36604, "Actual Loops": 1, "Inner Unique": false, "Plans": [{"Node Type": "Index Scan", "Parent Relationship": "Outer", "Scan Direction": "Forward", "Index Name": "customer_pkey", "Relation Name": "customer", "Alias": "customer", "Startup Cost": 10000000000.0, "Total Cost": 1000010514035.62, "Plan Rows": 17500, "Plan Width": 32, "Actual Startup Time": 2018.263, "Actual Total Time": 3830.61, "Actual Rows": 109197, "Actual Loops": 1, "Filter": "((c_acctbal > $0) AND (\"substring\"((c_phone)::text, 1, 2) = ANY ('{20,40,22,30,39,42,21}'::text[])))", "Rows Removed by Filter": 1390803}, {"Node Type": "Bitmap Heap Scan", "Parent Relationship": "Inner", "Relation Name": "orders", "Alias": "orders", "Startup Cost": 3.75, "Total Cost": 19.76, "Plan Rows": 4, "Plan Width": 8, "Actual Startup Time": 941.988, "Actual Total Time": 941.988, "Actual Rows": 72593, "Actual Loops": 109197, "Recheck Cond": "(o_custkey = public.customer.c_custkey)", "Rows Removed by Index Recheck": 0, "Exact Heap Blocks": 72593, "Lossy Heap Blocks": 72593, "Plans": [{"Node Type": "Bitmap Index Scan", "Parent Relationship": "Outer", "Index Name": "idx_orders_custkey", "Startup Cost": 0.0, "Total Cost": 3.75, "Plan Rows": 4, "Plan Width": 0, "Actual Startup Time": 583.569, "Actual Total Time": 583.569, "Actual Rows": 1091631, "Actual Loops": 109197, "Index Cond": "(o_custkey = public.customer.c_custkey)"}]}]}]}]}, "Triggers": [], "Planner Runtime": 0.731, "Total Runtime": 4988.153, "Unique SQL Id": 2798552886}}, "(64, 40)": {"explain_plan": {"Plan": {"Node Type": "Sort", "Startup Cost": 178853.67, "Total Cost": 178853.67, "Plan Rows": 1, "Plan Width": 40, "Sort Key": ["(\"substring\"((public.customer.c_phone)::text, 1, 2))"], "Plans": [{"Node Type": "Aggregate", "Strategy": "Plain", "Parent Relationship": "exec_init_plan", "Subplan Name": "InitPlan 1 (returns $0)", "Startup Cost": 76620.14, "Total Cost": 76620.15, "Plan Rows": 1, "Plan Width": 40, "Plans": [{"Node Type": "Seq Scan", "Parent Relationship": "Outer", "Relation Name": "customer", "Alias": "customer", "Startup Cost": 12.95, "Total Cost": 76501.0, "Plan Rows": 47655, "Plan Width": 8, "Filter": "((c_acctbal > 0::double precision) AND (\"substring\"((c_phone)::text, 1, 2) = ANY ('{20,40,22,30,39,42,21}'::text[])))"}]}, {"Node Type": "Aggregate", "Strategy": "Hashed", "Parent Relationship": "Outer", "Startup Cost": 102233.49, "Total Cost": 102233.51, "Plan Rows": 1, "Plan Width": 40, "Group By Key": ["\"substring\"((public.customer.c_phone)::text, 1, 2)"], "Plans": [{"Node Type": "Nested Loop", "Parent Relationship": "Outer", "Join Type": "Anti", "Startup Cost": 0.0, "Total Cost": 102233.49, "Plan Rows": 1, "Plan Width": 24, "Inner Unique": false, "Plans": [{"Node Type": "Seq Scan", "Parent Relationship": "Outer", "Relation Name": "customer", "Alias": "customer", "Startup Cost": 0.0, "Total Cost": 76501.0, "Plan Rows": 17500, "Plan Width": 32, "Filter": "((c_acctbal > $0) AND (\"substring\"((c_phone)::text, 1, 2) = ANY ('{20,40,22,30,39,42,21}'::text[])))"}, {"Node Type": "Index Only Scan", "Parent Relationship": "Inner", "Scan Direction": "Forward", "Index Name": "idx_orders_custkey", "Relation Name": "orders", "Alias": "orders", "Startup Cost": 0.0, "Total Cost": 3.79, "Plan Rows": 4, "Plan Width": 8, "Index Cond": "(o_custkey = public.customer.c_custkey)"}]}]}]}, "Unique SQL Id": 2798552886}, "explain_analyze_plan": {"Plan": {"Node Type": "Sort", "Startup Cost": 178853.67, "Total Cost": 178853.67, "Plan Rows": 1, "Plan Width": 40, "Actual Startup Time": 3874.835, "Actual Total Time": 3874.836, "Actual Rows": 4, "Actual Loops": 1, "Sort Key": ["(\"substring\"((public.customer.c_phone)::text, 1, 2))"], "Sort Method": "quicksort", "Sort Space Used": 25, "Sort Space Type": "Memory", "Plans": [{"Node Type": "Aggregate", "Strategy": "Plain", "Parent Relationship": "exec_init_plan", "Subplan Name": "InitPlan 1 (returns $0)", "Startup Cost": 76620.14, "Total Cost": 76620.15, "Plan Rows": 1, "Plan Width": 40, "Actual Startup Time": 1994.529, "Actual Total Time": 1994.529, "Actual Rows": 1, "Actual Loops": 1, "Plans": [{"Node Type": "Seq Scan", "Parent Relationship": "Outer", "Relation Name": "customer", "Alias": "customer", "Startup Cost": 12.95, "Total Cost": 76501.0, "Plan Rows": 47655, "Plan Width": 8, "Actual Startup Time": 0.029, "Actual Total Time": 1899.991, "Actual Rows": 218121, "Actual Loops": 1, "Filter": "((c_acctbal > 0::double precision) AND (\"substring\"((c_phone)::text, 1, 2) = ANY ('{20,40,22,30,39,42,21}'::text[])))", "Rows Removed by Filter": 1281879}]}, {"Node Type": "Aggregate", "Strategy": "Hashed", "Parent Relationship": "Outer", "Startup Cost": 102233.49, "Total Cost": 102233.51, "Plan Rows": 1, "Plan Width": 40, "Actual Startup Time": 3874.687, "Actual Total Time": 3874.701, "Actual Rows": 4, "Actual Loops": 1, "Group By Key": ["\"substring\"((public.customer.c_phone)::text, 1, 2)"], "Plans": [{"Node Type": "Nested Loop", "Parent Relationship": "Outer", "Join Type": "Anti", "Startup Cost": 0.0, "Total Cost": 102233.49, "Plan Rows": 1, "Plan Width": 24, "Actual Startup Time": 1994.649, "Actual Total Time": 3852.097, "Actual Rows": 36604, "Actual Loops": 1, "Inner Unique": false, "Plans": [{"Node Type": "Seq Scan", "Parent Relationship": "Outer", "Relation Name": "customer", "Alias": "customer", "Startup Cost": 0.0, "Total Cost": 76501.0, "Plan Rows": 17500, "Plan Width": 32, "Actual Startup Time": 1994.594, "Actual Total Time": 3277.642, "Actual Rows": 109197, "Actual Loops": 1, "Filter": "((c_acctbal > $0) AND (\"substring\"((c_phone)::text, 1, 2) = ANY ('{20,40,22,30,39,42,21}'::text[])))", "Rows Removed by Filter": 1390803}, {"Node Type": "Index Only Scan", "Parent Relationship": "Inner", "Scan Direction": "Forward", "Index Name": "idx_orders_custkey", "Relation Name": "orders", "Alias": "orders", "Startup Cost": 0.0, "Total Cost": 3.79, "Plan Rows": 4, "Plan Width": 8, "Actual Startup Time": 473.016, "Actual Total Time": 473.016, "Actual Rows": 72593, "Actual Loops": 109197, "Index Cond": "(o_custkey = public.customer.c_custkey)", "Rows Removed by Index Recheck": 0, "Heap Fetches": 0}]}]}]}, "Triggers": [], "Planner Runtime": 0.763, "Total Runtime": 3875.036, "Unique SQL Id": 2798552886}}, "(64, 41)": {"explain_plan": {"Plan": {"Node Type": "Sort", "Startup Cost": 1000007781092.03, "Total Cost": 1000007781092.03, "Plan Rows": 1, "Plan Width": 40, "Sort Key": ["(\"substring\"((public.customer.c_phone)::text, 1, 2))"], "Plans": [{"Node Type": "Aggregate", "Strategy": "Plain", "Parent Relationship": "exec_init_plan", "Subplan Name": "InitPlan 1 (returns $0)", "Startup Cost": 1000007650219.14, "Total Cost": 1000007650219.15, "Plan Rows": 1, "Plan Width": 40, "Plans": [{"Node Type": "Seq Scan", "Parent Relationship": "Outer", "Relation Name": "customer", "Alias": "customer", "Startup Cost": 10000000012.75, "Total Cost": 1000007650100.0, "Plan Rows": 47655, "Plan Width": 8, "Filter": "((c_acctbal > 0::double precision) AND (\"substring\"((c_phone)::text, 1, 2) = ANY ('{20,40,22,30,39,42,21}'::text[])))"}]}, {"Node Type": "Aggregate", "Strategy": "Hashed", "Parent Relationship": "Outer", "Startup Cost": 130872.85, "Total Cost": 130872.87, "Plan Rows": 1, "Plan Width": 40, "Group By Key": ["\"substring\"((public.customer.c_phone)::text, 1, 2)"], "Plans": [{"Node Type": "Nested Loop", "Parent Relationship": "Outer", "Join Type": "Anti", "Startup Cost": 0.0, "Total Cost": 130872.84, "Plan Rows": 1, "Plan Width": 24, "Inner Unique": false, "Plans": [{"Node Type": "Index Scan", "Parent Relationship": "Outer", "Scan Direction": "Forward", "Index Name": "customer_pkey", "Relation Name": "customer", "Alias": "customer", "Startup Cost": 0.0, "Total Cost": 105140.36, "Plan Rows": 17500, "Plan Width": 32, "Filter": "((c_acctbal > $0) AND (\"substring\"((c_phone)::text, 1, 2) = ANY ('{20,40,22,30,39,42,21}'::text[])))"}, {"Node Type": "Index Only Scan", "Parent Relationship": "Inner", "Scan Direction": "Forward", "Index Name": "idx_orders_custkey", "Relation Name": "orders", "Alias": "orders", "Startup Cost": 0.0, "Total Cost": 3.79, "Plan Rows": 4, "Plan Width": 8, "Index Cond": "(o_custkey = public.customer.c_custkey)"}]}]}]}, "Unique SQL Id": 2798552886}, "explain_analyze_plan": {"Plan": {"Node Type": "Sort", "Startup Cost": 1000007781092.03, "Total Cost": 1000007781092.03, "Plan Rows": 1, "Plan Width": 40, "Actual Startup Time": 4540.757, "Actual Total Time": 4540.757, "Actual Rows": 4, "Actual Loops": 1, "Sort Key": ["(\"substring\"((public.customer.c_phone)::text, 1, 2))"], "Sort Method": "quicksort", "Sort Space Used": 25, "Sort Space Type": "Memory", "Plans": [{"Node Type": "Aggregate", "Strategy": "Plain", "Parent Relationship": "exec_init_plan", "Subplan Name": "InitPlan 1 (returns $0)", "Startup Cost": 1000007650219.14, "Total Cost": 1000007650219.15, "Plan Rows": 1, "Plan Width": 40, "Actual Startup Time": 1995.612, "Actual Total Time": 1995.612, "Actual Rows": 1, "Actual Loops": 1, "Plans": [{"Node Type": "Seq Scan", "Parent Relationship": "Outer", "Relation Name": "customer", "Alias": "customer", "Startup Cost": 10000000012.75, "Total Cost": 1000007650100.0, "Plan Rows": 47655, "Plan Width": 8, "Actual Startup Time": 0.036, "Actual Total Time": 1901.667, "Actual Rows": 218121, "Actual Loops": 1, "Filter": "((c_acctbal > 0::double precision) AND (\"substring\"((c_phone)::text, 1, 2) = ANY ('{20,40,22,30,39,42,21}'::text[])))", "Rows Removed by Filter": 1281879}]}, {"Node Type": "Aggregate", "Strategy": "Hashed", "Parent Relationship": "Outer", "Startup Cost": 130872.85, "Total Cost": 130872.87, "Plan Rows": 1, "Plan Width": 40, "Actual Startup Time": 4540.614, "Actual Total Time": 4540.628, "Actual Rows": 4, "Actual Loops": 1, "Group By Key": ["\"substring\"((public.customer.c_phone)::text, 1, 2)"], "Plans": [{"Node Type": "Nested Loop", "Parent Relationship": "Outer", "Join Type": "Anti", "Startup Cost": 0.0, "Total Cost": 130872.84, "Plan Rows": 1, "Plan Width": 24, "Actual Startup Time": 1995.887, "Actual Total Time": 4518.037, "Actual Rows": 36604, "Actual Loops": 1, "Inner Unique": false, "Plans": [{"Node Type": "Index Scan", "Parent Relationship": "Outer", "Scan Direction": "Forward", "Index Name": "customer_pkey", "Relation Name": "customer", "Alias": "customer", "Startup Cost": 0.0, "Total Cost": 105140.36, "Plan Rows": 17500, "Plan Width": 32, "Actual Startup Time": 1995.824, "Actual Total Time": 3913.868, "Actual Rows": 109197, "Actual Loops": 1, "Filter": "((c_acctbal > $0) AND (\"substring\"((c_phone)::text, 1, 2) = ANY ('{20,40,22,30,39,42,21}'::text[])))", "Rows Removed by Filter": 1390803}, {"Node Type": "Index Only Scan", "Parent Relationship": "Inner", "Scan Direction": "Forward", "Index Name": "idx_orders_custkey", "Relation Name": "orders", "Alias": "orders", "Startup Cost": 0.0, "Total Cost": 3.79, "Plan Rows": 4, "Plan Width": 8, "Actual Startup Time": 500.727, "Actual Total Time": 500.727, "Actual Rows": 72593, "Actual Loops": 109197, "Index Cond": "(o_custkey = public.customer.c_custkey)", "Rows Removed by Index Recheck": 0, "Heap Fetches": 0}]}]}]}, "Triggers": [], "Planner Runtime": 0.757, "Total Runtime": 4540.956, "Unique SQL Id": 2798552886}}, "(64, 42)": {"explain_plan": {"Plan": {"Node Type": "Sort", "Startup Cost": 639751.64, "Total Cost": 639751.65, "Plan Rows": 1, "Plan Width": 40, "Sort Key": ["(\"substring\"((public.customer.c_phone)::text, 1, 2))"], "Plans": [{"Node Type": "Aggregate", "Strategy": "Plain", "Parent Relationship": "exec_init_plan", "Subplan Name": "InitPlan 1 (returns $0)", "Startup Cost": 76620.14, "Total Cost": 76620.15, "Plan Rows": 1, "Plan Width": 40, "Plans": [{"Node Type": "Seq Scan", "Parent Relationship": "Outer", "Relation Name": "customer", "Alias": "customer", "Startup Cost": 12.95, "Total Cost": 76501.0, "Plan Rows": 47655, "Plan Width": 8, "Filter": "((c_acctbal > 0::double precision) AND (\"substring\"((c_phone)::text, 1, 2) = ANY ('{20,40,22,30,39,42,21}'::text[])))"}]}, {"Node Type": "Aggregate", "Strategy": "Hashed", "Parent Relationship": "Outer", "Startup Cost": 563131.47, "Total Cost": 563131.48, "Plan Rows": 1, "Plan Width": 40, "Group By Key": ["\"substring\"((public.customer.c_phone)::text, 1, 2)"], "Plans": [{"Node Type": "Hash Join", "Parent Relationship": "Outer", "Join Type": "Right Anti", "Startup Cost": 76719.75, "Total Cost": 563131.46, "Plan Rows": 1, "Plan Width": 24, "Inner Unique": true, "Hash Cond": "(orders.o_custkey = public.customer.c_custkey)", "Plans": [{"Node Type": "Seq Scan", "Parent Relationship": "Outer", "Relation Name": "orders", "Alias": "orders", "Startup Cost": 0.0, "Total Cost": 426413.79, "Plan Rows": 14999479, "Plan Width": 8}, {"Node Type": "Hash", "Parent Relationship": "Inner", "Startup Cost": 76501.0, "Total Cost": 76501.0, "Plan Rows": 17500, "Plan Width": 32, "Plans": [{"Node Type": "Seq Scan", "Parent Relationship": "Outer", "Relation Name": "customer", "Alias": "customer", "Startup Cost": 0.0, "Total Cost": 76501.0, "Plan Rows": 17500, "Plan Width": 32, "Filter": "((c_acctbal > $0) AND (\"substring\"((c_phone)::text, 1, 2) = ANY ('{20,40,22,30,39,42,21}'::text[])))"}]}]}]}]}, "Unique SQL Id": 2798552886}, "explain_analyze_plan": null}, "(64, 43)": {"explain_plan": {"Plan": {"Node Type": "Sort", "Startup Cost": 3001574749058.39, "Total Cost": 3001574749058.39, "Plan Rows": 1, "Plan Width": 40, "Sort Key": ["(\"substring\"((public.customer.c_phone)::text, 1, 2))"], "Plans": [{"Node Type": "Aggregate", "Strategy": "Plain", "Parent Relationship": "exec_init_plan", "Subplan Name": "InitPlan 1 (returns $0)", "Startup Cost": 1000007650219.14, "Total Cost": 1000007650219.15, "Plan Rows": 1, "Plan Width": 40, "Plans": [{"Node Type": "Seq Scan", "Parent Relationship": "Outer", "Relation Name": "customer", "Alias": "customer", "Startup Cost": 10000000012.75, "Total Cost": 1000007650100.0, "Plan Rows": 47655, "Plan Width": 8, "Filter": "((c_acctbal > 0::double precision) AND (\"substring\"((c_phone)::text, 1, 2) = ANY ('{20,40,22,30,39,42,21}'::text[])))"}]}, {"Node Type": "Aggregate", "Strategy": "Hashed", "Parent Relationship": "Outer", "Startup Cost": 2001567098839.21, "Total Cost": 2001567098839.23, "Plan Rows": 1, "Plan Width": 40, "Group By Key": ["\"substring\"((public.customer.c_phone)::text, 1, 2)"], "Plans": [{"Node Type": "Nested Loop", "Parent Relationship": "Outer", "Join Type": "Anti", "Startup Cost": 20000000000.0, "Total Cost": 2001567098839.21, "Plan Rows": 1, "Plan Width": 24, "Inner Unique": false, "Join Filter": "(orders.o_custkey = public.customer.c_custkey)", "Plans": [{"Node Type": "Index Scan", "Parent Relationship": "Outer", "Scan Direction": "Forward", "Index Name": "customer_pkey", "Relation Name": "customer", "Alias": "customer", "Startup Cost": 10000000000.0, "Total Cost": 1000010514035.62, "Plan Rows": 17500, "Plan Width": 32, "Filter": "((c_acctbal > $0) AND (\"substring\"((c_phone)::text, 1, 2) = ANY ('{20,40,22,30,39,42,21}'::text[])))"}, {"Node Type": "Materialize", "Parent Relationship": "Inner", "Startup Cost": 10000000000.0, "Total Cost": 1000045561040.9, "Plan Rows": 14999479, "Plan Width": 8, "Plans": [{"Node Type": "Index Only Scan", "Parent Relationship": "Outer", "Scan Direction": "Forward", "Index Name": "idx_orders_custkey", "Relation Name": "orders", "Alias": "orders", "Startup Cost": 10000000000.0, "Total Cost": 1000045486043.5, "Plan Rows": 14999479, "Plan Width": 8}]}]}]}]}, "Unique SQL Id": 2798552886}, "explain_analyze_plan": null}, "(64, 44)": {"explain_plan": {"Plan": {"Node Type": "Sort", "Startup Cost": 274230.79, "Total Cost": 274230.8, "Plan Rows": 1, "Plan Width": 40, "Sort Key": ["(\"substring\"((public.customer.c_phone)::text, 1, 2))"], "Plans": [{"Node Type": "Aggregate", "Strategy": "Plain", "Parent Relationship": "exec_init_plan", "Subplan Name": "InitPlan 1 (returns $0)", "Startup Cost": 76620.14, "Total Cost": 76620.15, "Plan Rows": 1, "Plan Width": 40, "Plans": [{"Node Type": "Seq Scan", "Parent Relationship": "Outer", "Relation Name": "customer", "Alias": "customer", "Startup Cost": 12.95, "Total Cost": 76501.0, "Plan Rows": 47655, "Plan Width": 8, "Filter": "((c_acctbal > 0::double precision) AND (\"substring\"((c_phone)::text, 1, 2) = ANY ('{20,40,22,30,39,42,21}'::text[])))"}]}, {"Node Type": "Aggregate", "Strategy": "Hashed", "Parent Relationship": "Outer", "Startup Cost": 197610.62, "Total Cost": 197610.63, "Plan Rows": 1, "Plan Width": 40, "Group By Key": ["\"substring\"((public.customer.c_phone)::text, 1, 2)"], "Plans": [{"Node Type": "Nested Loop", "Parent Relationship": "Outer", "Join Type": "Anti", "Startup Cost": 0.0, "Total Cost": 197610.61, "Plan Rows": 1, "Plan Width": 24, "Inner Unique": false, "Plans": [{"Node Type": "Seq Scan", "Parent Relationship": "Outer", "Relation Name": "customer", "Alias": "customer", "Startup Cost": 0.0, "Total Cost": 76501.0, "Plan Rows": 17500, "Plan Width": 32, "Filter": "((c_acctbal > $0) AND (\"substring\"((c_phone)::text, 1, 2) = ANY ('{20,40,22,30,39,42,21}'::text[])))"}, {"Node Type": "Index Scan", "Parent Relationship": "Inner", "Scan Direction": "Forward", "Index Name": "idx_orders_custkey", "Relation Name": "orders", "Alias": "orders", "Startup Cost": 0.0, "Total Cost": 17.99, "Plan Rows": 4, "Plan Width": 8, "Index Cond": "(o_custkey = public.customer.c_custkey)"}]}]}]}, "Unique SQL Id": 2798552886}, "explain_analyze_plan": {"Plan": {"Node Type": "Sort", "Startup Cost": 274230.79, "Total Cost": 274230.8, "Plan Rows": 1, "Plan Width": 40, "Actual Startup Time": 4048.22, "Actual Total Time": 4048.22, "Actual Rows": 4, "Actual Loops": 1, "Sort Key": ["(\"substring\"((public.customer.c_phone)::text, 1, 2))"], "Sort Method": "quicksort", "Sort Space Used": 25, "Sort Space Type": "Memory", "Plans": [{"Node Type": "Aggregate", "Strategy": "Plain", "Parent Relationship": "exec_init_plan", "Subplan Name": "InitPlan 1 (returns $0)", "Startup Cost": 76620.14, "Total Cost": 76620.15, "Plan Rows": 1, "Plan Width": 40, "Actual Startup Time": 1960.504, "Actual Total Time": 1960.504, "Actual Rows": 1, "Actual Loops": 1, "Plans": [{"Node Type": "Seq Scan", "Parent Relationship": "Outer", "Relation Name": "customer", "Alias": "customer", "Startup Cost": 12.95, "Total Cost": 76501.0, "Plan Rows": 47655, "Plan Width": 8, "Actual Startup Time": 0.027, "Actual Total Time": 1865.668, "Actual Rows": 218121, "Actual Loops": 1, "Filter": "((c_acctbal > 0::double precision) AND (\"substring\"((c_phone)::text, 1, 2) = ANY ('{20,40,22,30,39,42,21}'::text[])))", "Rows Removed by Filter": 1281879}]}, {"Node Type": "Aggregate", "Strategy": "Hashed", "Parent Relationship": "Outer", "Startup Cost": 197610.62, "Total Cost": 197610.63, "Plan Rows": 1, "Plan Width": 40, "Actual Startup Time": 4048.179, "Actual Total Time": 4048.18, "Actual Rows": 4, "Actual Loops": 1, "Group By Key": ["\"substring\"((public.customer.c_phone)::text, 1, 2)"], "Plans": [{"Node Type": "Nested Loop", "Parent Relationship": "Outer", "Join Type": "Anti", "Startup Cost": 0.0, "Total Cost": 197610.61, "Plan Rows": 1, "Plan Width": 24, "Actual Startup Time": 1960.632, "Actual Total Time": 4024.922, "Actual Rows": 36604, "Actual Loops": 1, "Inner Unique": false, "Plans": [{"Node Type": "Seq Scan", "Parent Relationship": "Outer", "Relation Name": "customer", "Alias": "customer", "Startup Cost": 0.0, "Total Cost": 76501.0, "Plan Rows": 17500, "Plan Width": 32, "Actual Startup Time": 1960.572, "Actual Total Time": 3257.721, "Actual Rows": 109197, "Actual Loops": 1, "Filter": "((c_acctbal > $0) AND (\"substring\"((c_phone)::text, 1, 2) = ANY ('{20,40,22,30,39,42,21}'::text[])))", "Rows Removed by Filter": 1390803}, {"Node Type": "Index Scan", "Parent Relationship": "Inner", "Scan Direction": "Forward", "Index Name": "idx_orders_custkey", "Relation Name": "orders", "Alias": "orders", "Startup Cost": 0.0, "Total Cost": 17.99, "Plan Rows": 4, "Plan Width": 8, "Actual Startup Time": 660.636, "Actual Total Time": 660.636, "Actual Rows": 72593, "Actual Loops": 109197, "Index Cond": "(o_custkey = public.customer.c_custkey)", "Rows Removed by Index Recheck": 0}]}]}]}, "Triggers": [], "Planner Runtime": 0.759, "Total Runtime": 4048.42, "Unique SQL Id": 2798552886}}, "(64, 45)": {"explain_plan": {"Plan": {"Node Type": "Sort", "Startup Cost": 1000007876469.15, "Total Cost": 1000007876469.15, "Plan Rows": 1, "Plan Width": 40, "Sort Key": ["(\"substring\"((public.customer.c_phone)::text, 1, 2))"], "Plans": [{"Node Type": "Aggregate", "Strategy": "Plain", "Parent Relationship": "exec_init_plan", "Subplan Name": "InitPlan 1 (returns $0)", "Startup Cost": 1000007650219.14, "Total Cost": 1000007650219.15, "Plan Rows": 1, "Plan Width": 40, "Plans": [{"Node Type": "Seq Scan", "Parent Relationship": "Outer", "Relation Name": "customer", "Alias": "customer", "Startup Cost": 10000000012.75, "Total Cost": 1000007650100.0, "Plan Rows": 47655, "Plan Width": 8, "Filter": "((c_acctbal > 0::double precision) AND (\"substring\"((c_phone)::text, 1, 2) = ANY ('{20,40,22,30,39,42,21}'::text[])))"}]}, {"Node Type": "Aggregate", "Strategy": "Hashed", "Parent Relationship": "Outer", "Startup Cost": 226249.97, "Total Cost": 226249.99, "Plan Rows": 1, "Plan Width": 40, "Group By Key": ["\"substring\"((public.customer.c_phone)::text, 1, 2)"], "Plans": [{"Node Type": "Nested Loop", "Parent Relationship": "Outer", "Join Type": "Anti", "Startup Cost": 0.0, "Total Cost": 226249.97, "Plan Rows": 1, "Plan Width": 24, "Inner Unique": false, "Plans": [{"Node Type": "Index Scan", "Parent Relationship": "Outer", "Scan Direction": "Forward", "Index Name": "customer_pkey", "Relation Name": "customer", "Alias": "customer", "Startup Cost": 0.0, "Total Cost": 105140.36, "Plan Rows": 17500, "Plan Width": 32, "Filter": "((c_acctbal > $0) AND (\"substring\"((c_phone)::text, 1, 2) = ANY ('{20,40,22,30,39,42,21}'::text[])))"}, {"Node Type": "Index Scan", "Parent Relationship": "Inner", "Scan Direction": "Forward", "Index Name": "idx_orders_custkey", "Relation Name": "orders", "Alias": "orders", "Startup Cost": 0.0, "Total Cost": 17.99, "Plan Rows": 4, "Plan Width": 8, "Index Cond": "(o_custkey = public.customer.c_custkey)"}]}]}]}, "Unique SQL Id": 2798552886}, "explain_analyze_plan": {"Plan": {"Node Type": "Sort", "Startup Cost": 1000007876469.15, "Total Cost": 1000007876469.15, "Plan Rows": 1, "Plan Width": 40, "Actual Startup Time": 4342.858, "Actual Total Time": 4342.858, "Actual Rows": 4, "Actual Loops": 1, "Sort Key": ["(\"substring\"((public.customer.c_phone)::text, 1, 2))"], "Sort Method": "quicksort", "Sort Space Used": 25, "Sort Space Type": "Memory", "Plans": [{"Node Type": "Aggregate", "Strategy": "Plain", "Parent Relationship": "exec_init_plan", "Subplan Name": "InitPlan 1 (returns $0)", "Startup Cost": 1000007650219.14, "Total Cost": 1000007650219.15, "Plan Rows": 1, "Plan Width": 40, "Actual Startup Time": 1967.227, "Actual Total Time": 1967.229, "Actual Rows": 1, "Actual Loops": 1, "Plans": [{"Node Type": "Seq Scan", "Parent Relationship": "Outer", "Relation Name": "customer", "Alias": "customer", "Startup Cost": 10000000012.75, "Total Cost": 1000007650100.0, "Plan Rows": 47655, "Plan Width": 8, "Actual Startup Time": 0.033, "Actual Total Time": 1872.87, "Actual Rows": 218121, "Actual Loops": 1, "Filter": "((c_acctbal > 0::double precision) AND (\"substring\"((c_phone)::text, 1, 2) = ANY ('{20,40,22,30,39,42,21}'::text[])))", "Rows Removed by Filter": 1281879}]}, {"Node Type": "Aggregate", "Strategy": "Hashed", "Parent Relationship": "Outer", "Startup Cost": 226249.97, "Total Cost": 226249.99, "Plan Rows": 1, "Plan Width": 40, "Actual Startup Time": 4342.811, "Actual Total Time": 4342.814, "Actual Rows": 4, "Actual Loops": 1, "Group By Key": ["\"substring\"((public.customer.c_phone)::text, 1, 2)"], "Plans": [{"Node Type": "Nested Loop", "Parent Relationship": "Outer", "Join Type": "Anti", "Startup Cost": 0.0, "Total Cost": 226249.97, "Plan Rows": 1, "Plan Width": 24, "Actual Startup Time": 1967.46, "Actual Total Time": 4319.835, "Actual Rows": 36604, "Actual Loops": 1, "Inner Unique": false, "Plans": [{"Node Type": "Index Scan", "Parent Relationship": "Outer", "Scan Direction": "Forward", "Index Name": "customer_pkey", "Relation Name": "customer", "Alias": "customer", "Startup Cost": 0.0, "Total Cost": 105140.36, "Plan Rows": 17500, "Plan Width": 32, "Actual Startup Time": 1967.405, "Actual Total Time": 3680.796, "Actual Rows": 109197, "Actual Loops": 1, "Filter": "((c_acctbal > $0) AND (\"substring\"((c_phone)::text, 1, 2) = ANY ('{20,40,22,30,39,42,21}'::text[])))", "Rows Removed by Filter": 1390803}, {"Node Type": "Index Scan", "Parent Relationship": "Inner", "Scan Direction": "Forward", "Index Name": "idx_orders_custkey", "Relation Name": "orders", "Alias": "orders", "Startup Cost": 0.0, "Total Cost": 17.99, "Plan Rows": 4, "Plan Width": 8, "Actual Startup Time": 530.764, "Actual Total Time": 530.764, "Actual Rows": 72593, "Actual Loops": 109197, "Index Cond": "(o_custkey = public.customer.c_custkey)", "Rows Removed by Index Recheck": 0}]}]}]}, "Triggers": [], "Planner Runtime": 0.769, "Total Runtime": 4343.034, "Unique SQL Id": 2798552886}}, "(64, 46)": {"explain_plan": {"Plan": {"Node Type": "Sort", "Startup Cost": 639751.64, "Total Cost": 639751.65, "Plan Rows": 1, "Plan Width": 40, "Sort Key": ["(\"substring\"((public.customer.c_phone)::text, 1, 2))"], "Plans": [{"Node Type": "Aggregate", "Strategy": "Plain", "Parent Relationship": "exec_init_plan", "Subplan Name": "InitPlan 1 (returns $0)", "Startup Cost": 76620.14, "Total Cost": 76620.15, "Plan Rows": 1, "Plan Width": 40, "Plans": [{"Node Type": "Seq Scan", "Parent Relationship": "Outer", "Relation Name": "customer", "Alias": "customer", "Startup Cost": 12.95, "Total Cost": 76501.0, "Plan Rows": 47655, "Plan Width": 8, "Filter": "((c_acctbal > 0::double precision) AND (\"substring\"((c_phone)::text, 1, 2) = ANY ('{20,40,22,30,39,42,21}'::text[])))"}]}, {"Node Type": "Aggregate", "Strategy": "Hashed", "Parent Relationship": "Outer", "Startup Cost": 563131.47, "Total Cost": 563131.48, "Plan Rows": 1, "Plan Width": 40, "Group By Key": ["\"substring\"((public.customer.c_phone)::text, 1, 2)"], "Plans": [{"Node Type": "Hash Join", "Parent Relationship": "Outer", "Join Type": "Right Anti", "Startup Cost": 76719.75, "Total Cost": 563131.46, "Plan Rows": 1, "Plan Width": 24, "Inner Unique": true, "Hash Cond": "(orders.o_custkey = public.customer.c_custkey)", "Plans": [{"Node Type": "Seq Scan", "Parent Relationship": "Outer", "Relation Name": "orders", "Alias": "orders", "Startup Cost": 0.0, "Total Cost": 426413.79, "Plan Rows": 14999479, "Plan Width": 8}, {"Node Type": "Hash", "Parent Relationship": "Inner", "Startup Cost": 76501.0, "Total Cost": 76501.0, "Plan Rows": 17500, "Plan Width": 32, "Plans": [{"Node Type": "Seq Scan", "Parent Relationship": "Outer", "Relation Name": "customer", "Alias": "customer", "Startup Cost": 0.0, "Total Cost": 76501.0, "Plan Rows": 17500, "Plan Width": 32, "Filter": "((c_acctbal > $0) AND (\"substring\"((c_phone)::text, 1, 2) = ANY ('{20,40,22,30,39,42,21}'::text[])))"}]}]}]}]}, "Unique SQL Id": 2798552886}, "explain_analyze_plan": null}, "(64, 47)": {"explain_plan": {"Plan": {"Node Type": "Sort", "Startup Cost": 3001685314543.97, "Total Cost": 3001685314543.98, "Plan Rows": 1, "Plan Width": 40, "Sort Key": ["(\"substring\"((public.customer.c_phone)::text, 1, 2))"], "Plans": [{"Node Type": "Aggregate", "Strategy": "Plain", "Parent Relationship": "exec_init_plan", "Subplan Name": "InitPlan 1 (returns $0)", "Startup Cost": 1000007650219.14, "Total Cost": 1000007650219.15, "Plan Rows": 1, "Plan Width": 40, "Plans": [{"Node Type": "Seq Scan", "Parent Relationship": "Outer", "Relation Name": "customer", "Alias": "customer", "Startup Cost": 10000000012.75, "Total Cost": 1000007650100.0, "Plan Rows": 47655, "Plan Width": 8, "Filter": "((c_acctbal > 0::double precision) AND (\"substring\"((c_phone)::text, 1, 2) = ANY ('{20,40,22,30,39,42,21}'::text[])))"}]}, {"Node Type": "Aggregate", "Strategy": "Hashed", "Parent Relationship": "Outer", "Startup Cost": 2001677664324.8, "Total Cost": 2001677664324.81, "Plan Rows": 1, "Plan Width": 40, "Group By Key": ["\"substring\"((public.customer.c_phone)::text, 1, 2)"], "Plans": [{"Node Type": "Nested Loop", "Parent Relationship": "Outer", "Join Type": "Anti", "Startup Cost": 20000000000.0, "Total Cost": 2001677664324.79, "Plan Rows": 1, "Plan Width": 24, "Inner Unique": false, "Join Filter": "(orders.o_custkey = public.customer.c_custkey)", "Plans": [{"Node Type": "Index Scan", "Parent Relationship": "Outer", "Scan Direction": "Forward", "Index Name": "customer_pkey", "Relation Name": "customer", "Alias": "customer", "Startup Cost": 10000000000.0, "Total Cost": 1000010514035.62, "Plan Rows": 17500, "Plan Width": 32, "Filter": "((c_acctbal > $0) AND (\"substring\"((c_phone)::text, 1, 2) = ANY ('{20,40,22,30,39,42,21}'::text[])))"}, {"Node Type": "Materialize", "Parent Relationship": "Inner", "Startup Cost": 10000000000.0, "Total Cost": 1000156126526.48, "Plan Rows": 14999479, "Plan Width": 8, "Plans": [{"Node Type": "Index Scan", "Parent Relationship": "Outer", "Scan Direction": "Forward", "Index Name": "idx_orders_custkey", "Relation Name": "orders", "Alias": "orders", "Startup Cost": 10000000000.0, "Total Cost": 1000156051529.08, "Plan Rows": 14999479, "Plan Width": 8}]}]}]}]}, "Unique SQL Id": 2798552886}, "explain_analyze_plan": null}, "(64, 48)": {"explain_plan": {"Plan": {"Node Type": "Sort", "Startup Cost": 178853.67, "Total Cost": 178853.67, "Plan Rows": 1, "Plan Width": 40, "Sort Key": ["(\"substring\"((public.customer.c_phone)::text, 1, 2))"], "Plans": [{"Node Type": "Aggregate", "Strategy": "Plain", "Parent Relationship": "exec_init_plan", "Subplan Name": "InitPlan 1 (returns $0)", "Startup Cost": 76620.14, "Total Cost": 76620.15, "Plan Rows": 1, "Plan Width": 40, "Plans": [{"Node Type": "Seq Scan", "Parent Relationship": "Outer", "Relation Name": "customer", "Alias": "customer", "Startup Cost": 12.95, "Total Cost": 76501.0, "Plan Rows": 47655, "Plan Width": 8, "Filter": "((c_acctbal > 0::double precision) AND (\"substring\"((c_phone)::text, 1, 2) = ANY ('{20,40,22,30,39,42,21}'::text[])))"}]}, {"Node Type": "Aggregate", "Strategy": "Hashed", "Parent Relationship": "Outer", "Startup Cost": 102233.49, "Total Cost": 102233.51, "Plan Rows": 1, "Plan Width": 40, "Group By Key": ["\"substring\"((public.customer.c_phone)::text, 1, 2)"], "Plans": [{"Node Type": "Nested Loop", "Parent Relationship": "Outer", "Join Type": "Anti", "Startup Cost": 0.0, "Total Cost": 102233.49, "Plan Rows": 1, "Plan Width": 24, "Inner Unique": false, "Plans": [{"Node Type": "Seq Scan", "Parent Relationship": "Outer", "Relation Name": "customer", "Alias": "customer", "Startup Cost": 0.0, "Total Cost": 76501.0, "Plan Rows": 17500, "Plan Width": 32, "Filter": "((c_acctbal > $0) AND (\"substring\"((c_phone)::text, 1, 2) = ANY ('{20,40,22,30,39,42,21}'::text[])))"}, {"Node Type": "Index Only Scan", "Parent Relationship": "Inner", "Scan Direction": "Forward", "Index Name": "idx_orders_custkey", "Relation Name": "orders", "Alias": "orders", "Startup Cost": 0.0, "Total Cost": 3.79, "Plan Rows": 4, "Plan Width": 8, "Index Cond": "(o_custkey = public.customer.c_custkey)"}]}]}]}, "Unique SQL Id": 2798552886}, "explain_analyze_plan": {"Plan": {"Node Type": "Sort", "Startup Cost": 178853.67, "Total Cost": 178853.67, "Plan Rows": 1, "Plan Width": 40, "Actual Startup Time": 3874.835, "Actual Total Time": 3874.836, "Actual Rows": 4, "Actual Loops": 1, "Sort Key": ["(\"substring\"((public.customer.c_phone)::text, 1, 2))"], "Sort Method": "quicksort", "Sort Space Used": 25, "Sort Space Type": "Memory", "Plans": [{"Node Type": "Aggregate", "Strategy": "Plain", "Parent Relationship": "exec_init_plan", "Subplan Name": "InitPlan 1 (returns $0)", "Startup Cost": 76620.14, "Total Cost": 76620.15, "Plan Rows": 1, "Plan Width": 40, "Actual Startup Time": 1994.529, "Actual Total Time": 1994.529, "Actual Rows": 1, "Actual Loops": 1, "Plans": [{"Node Type": "Seq Scan", "Parent Relationship": "Outer", "Relation Name": "customer", "Alias": "customer", "Startup Cost": 12.95, "Total Cost": 76501.0, "Plan Rows": 47655, "Plan Width": 8, "Actual Startup Time": 0.029, "Actual Total Time": 1899.991, "Actual Rows": 218121, "Actual Loops": 1, "Filter": "((c_acctbal > 0::double precision) AND (\"substring\"((c_phone)::text, 1, 2) = ANY ('{20,40,22,30,39,42,21}'::text[])))", "Rows Removed by Filter": 1281879}]}, {"Node Type": "Aggregate", "Strategy": "Hashed", "Parent Relationship": "Outer", "Startup Cost": 102233.49, "Total Cost": 102233.51, "Plan Rows": 1, "Plan Width": 40, "Actual Startup Time": 3874.687, "Actual Total Time": 3874.701, "Actual Rows": 4, "Actual Loops": 1, "Group By Key": ["\"substring\"((public.customer.c_phone)::text, 1, 2)"], "Plans": [{"Node Type": "Nested Loop", "Parent Relationship": "Outer", "Join Type": "Anti", "Startup Cost": 0.0, "Total Cost": 102233.49, "Plan Rows": 1, "Plan Width": 24, "Actual Startup Time": 1994.649, "Actual Total Time": 3852.097, "Actual Rows": 36604, "Actual Loops": 1, "Inner Unique": false, "Plans": [{"Node Type": "Seq Scan", "Parent Relationship": "Outer", "Relation Name": "customer", "Alias": "customer", "Startup Cost": 0.0, "Total Cost": 76501.0, "Plan Rows": 17500, "Plan Width": 32, "Actual Startup Time": 1994.594, "Actual Total Time": 3277.642, "Actual Rows": 109197, "Actual Loops": 1, "Filter": "((c_acctbal > $0) AND (\"substring\"((c_phone)::text, 1, 2) = ANY ('{20,40,22,30,39,42,21}'::text[])))", "Rows Removed by Filter": 1390803}, {"Node Type": "Index Only Scan", "Parent Relationship": "Inner", "Scan Direction": "Forward", "Index Name": "idx_orders_custkey", "Relation Name": "orders", "Alias": "orders", "Startup Cost": 0.0, "Total Cost": 3.79, "Plan Rows": 4, "Plan Width": 8, "Actual Startup Time": 473.016, "Actual Total Time": 473.016, "Actual Rows": 72593, "Actual Loops": 109197, "Index Cond": "(o_custkey = public.customer.c_custkey)", "Rows Removed by Index Recheck": 0, "Heap Fetches": 0}]}]}]}, "Triggers": [], "Planner Runtime": 0.763, "Total Runtime": 3875.036, "Unique SQL Id": 2798552886}}, "(64, 49)": {"explain_plan": {"Plan": {"Node Type": "Sort", "Startup Cost": 1000007781092.03, "Total Cost": 1000007781092.03, "Plan Rows": 1, "Plan Width": 40, "Sort Key": ["(\"substring\"((public.customer.c_phone)::text, 1, 2))"], "Plans": [{"Node Type": "Aggregate", "Strategy": "Plain", "Parent Relationship": "exec_init_plan", "Subplan Name": "InitPlan 1 (returns $0)", "Startup Cost": 1000007650219.14, "Total Cost": 1000007650219.15, "Plan Rows": 1, "Plan Width": 40, "Plans": [{"Node Type": "Seq Scan", "Parent Relationship": "Outer", "Relation Name": "customer", "Alias": "customer", "Startup Cost": 10000000012.75, "Total Cost": 1000007650100.0, "Plan Rows": 47655, "Plan Width": 8, "Filter": "((c_acctbal > 0::double precision) AND (\"substring\"((c_phone)::text, 1, 2) = ANY ('{20,40,22,30,39,42,21}'::text[])))"}]}, {"Node Type": "Aggregate", "Strategy": "Hashed", "Parent Relationship": "Outer", "Startup Cost": 130872.85, "Total Cost": 130872.87, "Plan Rows": 1, "Plan Width": 40, "Group By Key": ["\"substring\"((public.customer.c_phone)::text, 1, 2)"], "Plans": [{"Node Type": "Nested Loop", "Parent Relationship": "Outer", "Join Type": "Anti", "Startup Cost": 0.0, "Total Cost": 130872.84, "Plan Rows": 1, "Plan Width": 24, "Inner Unique": false, "Plans": [{"Node Type": "Index Scan", "Parent Relationship": "Outer", "Scan Direction": "Forward", "Index Name": "customer_pkey", "Relation Name": "customer", "Alias": "customer", "Startup Cost": 0.0, "Total Cost": 105140.36, "Plan Rows": 17500, "Plan Width": 32, "Filter": "((c_acctbal > $0) AND (\"substring\"((c_phone)::text, 1, 2) = ANY ('{20,40,22,30,39,42,21}'::text[])))"}, {"Node Type": "Index Only Scan", "Parent Relationship": "Inner", "Scan Direction": "Forward", "Index Name": "idx_orders_custkey", "Relation Name": "orders", "Alias": "orders", "Startup Cost": 0.0, "Total Cost": 3.79, "Plan Rows": 4, "Plan Width": 8, "Index Cond": "(o_custkey = public.customer.c_custkey)"}]}]}]}, "Unique SQL Id": 2798552886}, "explain_analyze_plan": {"Plan": {"Node Type": "Sort", "Startup Cost": 1000007781092.03, "Total Cost": 1000007781092.03, "Plan Rows": 1, "Plan Width": 40, "Actual Startup Time": 4540.757, "Actual Total Time": 4540.757, "Actual Rows": 4, "Actual Loops": 1, "Sort Key": ["(\"substring\"((public.customer.c_phone)::text, 1, 2))"], "Sort Method": "quicksort", "Sort Space Used": 25, "Sort Space Type": "Memory", "Plans": [{"Node Type": "Aggregate", "Strategy": "Plain", "Parent Relationship": "exec_init_plan", "Subplan Name": "InitPlan 1 (returns $0)", "Startup Cost": 1000007650219.14, "Total Cost": 1000007650219.15, "Plan Rows": 1, "Plan Width": 40, "Actual Startup Time": 1995.612, "Actual Total Time": 1995.612, "Actual Rows": 1, "Actual Loops": 1, "Plans": [{"Node Type": "Seq Scan", "Parent Relationship": "Outer", "Relation Name": "customer", "Alias": "customer", "Startup Cost": 10000000012.75, "Total Cost": 1000007650100.0, "Plan Rows": 47655, "Plan Width": 8, "Actual Startup Time": 0.036, "Actual Total Time": 1901.667, "Actual Rows": 218121, "Actual Loops": 1, "Filter": "((c_acctbal > 0::double precision) AND (\"substring\"((c_phone)::text, 1, 2) = ANY ('{20,40,22,30,39,42,21}'::text[])))", "Rows Removed by Filter": 1281879}]}, {"Node Type": "Aggregate", "Strategy": "Hashed", "Parent Relationship": "Outer", "Startup Cost": 130872.85, "Total Cost": 130872.87, "Plan Rows": 1, "Plan Width": 40, "Actual Startup Time": 4540.614, "Actual Total Time": 4540.628, "Actual Rows": 4, "Actual Loops": 1, "Group By Key": ["\"substring\"((public.customer.c_phone)::text, 1, 2)"], "Plans": [{"Node Type": "Nested Loop", "Parent Relationship": "Outer", "Join Type": "Anti", "Startup Cost": 0.0, "Total Cost": 130872.84, "Plan Rows": 1, "Plan Width": 24, "Actual Startup Time": 1995.887, "Actual Total Time": 4518.037, "Actual Rows": 36604, "Actual Loops": 1, "Inner Unique": false, "Plans": [{"Node Type": "Index Scan", "Parent Relationship": "Outer", "Scan Direction": "Forward", "Index Name": "customer_pkey", "Relation Name": "customer", "Alias": "customer", "Startup Cost": 0.0, "Total Cost": 105140.36, "Plan Rows": 17500, "Plan Width": 32, "Actual Startup Time": 1995.824, "Actual Total Time": 3913.868, "Actual Rows": 109197, "Actual Loops": 1, "Filter": "((c_acctbal > $0) AND (\"substring\"((c_phone)::text, 1, 2) = ANY ('{20,40,22,30,39,42,21}'::text[])))", "Rows Removed by Filter": 1390803}, {"Node Type": "Index Only Scan", "Parent Relationship": "Inner", "Scan Direction": "Forward", "Index Name": "idx_orders_custkey", "Relation Name": "orders", "Alias": "orders", "Startup Cost": 0.0, "Total Cost": 3.79, "Plan Rows": 4, "Plan Width": 8, "Actual Startup Time": 500.727, "Actual Total Time": 500.727, "Actual Rows": 72593, "Actual Loops": 109197, "Index Cond": "(o_custkey = public.customer.c_custkey)", "Rows Removed by Index Recheck": 0, "Heap Fetches": 0}]}]}]}, "Triggers": [], "Planner Runtime": 0.757, "Total Runtime": 4540.956, "Unique SQL Id": 2798552886}}, "(64, 50)": {"explain_plan": {"Plan": {"Node Type": "Sort", "Startup Cost": 326543.88, "Total Cost": 326543.89, "Plan Rows": 1, "Plan Width": 40, "Sort Key": ["(\"substring\"((public.customer.c_phone)::text, 1, 2))"], "Plans": [{"Node Type": "Aggregate", "Strategy": "Plain", "Parent Relationship": "exec_init_plan", "Subplan Name": "InitPlan 1 (returns $0)", "Startup Cost": 76620.14, "Total Cost": 76620.15, "Plan Rows": 1, "Plan Width": 40, "Plans": [{"Node Type": "Seq Scan", "Parent Relationship": "Outer", "Relation Name": "customer", "Alias": "customer", "Startup Cost": 12.95, "Total Cost": 76501.0, "Plan Rows": 47655, "Plan Width": 8, "Filter": "((c_acctbal > 0::double precision) AND (\"substring\"((c_phone)::text, 1, 2) = ANY ('{20,40,22,30,39,42,21}'::text[])))"}]}, {"Node Type": "Aggregate", "Strategy": "Hashed", "Parent Relationship": "Outer", "Startup Cost": 249923.71, "Total Cost": 249923.72, "Plan Rows": 1, "Plan Width": 40, "Group By Key": ["\"substring\"((public.customer.c_phone)::text, 1, 2)"], "Plans": [{"Node Type": "Nested Loop", "Parent Relationship": "Outer", "Join Type": "Anti", "Startup Cost": 3.75, "Total Cost": 249923.7, "Plan Rows": 1, "Plan Width": 24, "Inner Unique": false, "Plans": [{"Node Type": "Seq Scan", "Parent Relationship": "Outer", "Relation Name": "customer", "Alias": "customer", "Startup Cost": 0.0, "Total Cost": 76501.0, "Plan Rows": 17500, "Plan Width": 32, "Filter": "((c_acctbal > $0) AND (\"substring\"((c_phone)::text, 1, 2) = ANY ('{20,40,22,30,39,42,21}'::text[])))"}, {"Node Type": "Bitmap Heap Scan", "Parent Relationship": "Inner", "Relation Name": "orders", "Alias": "orders", "Startup Cost": 3.75, "Total Cost": 19.76, "Plan Rows": 4, "Plan Width": 8, "Recheck Cond": "(o_custkey = public.customer.c_custkey)", "Plans": [{"Node Type": "Bitmap Index Scan", "Parent Relationship": "Outer", "Index Name": "idx_orders_custkey", "Startup Cost": 0.0, "Total Cost": 3.75, "Plan Rows": 4, "Plan Width": 0, "Index Cond": "(o_custkey = public.customer.c_custkey)"}]}]}]}]}, "Unique SQL Id": 2798552886}, "explain_analyze_plan": {"Plan": {"Node Type": "Sort", "Startup Cost": 326543.88, "Total Cost": 326543.89, "Plan Rows": 1, "Plan Width": 40, "Actual Startup Time": 4414.71, "Actual Total Time": 4414.711, "Actual Rows": 4, "Actual Loops": 1, "Sort Key": ["(\"substring\"((public.customer.c_phone)::text, 1, 2))"], "Sort Method": "quicksort", "Sort Space Used": 25, "Sort Space Type": "Memory", "Plans": [{"Node Type": "Aggregate", "Strategy": "Plain", "Parent Relationship": "exec_init_plan", "Subplan Name": "InitPlan 1 (returns $0)", "Startup Cost": 76620.14, "Total Cost": 76620.15, "Plan Rows": 1, "Plan Width": 40, "Actual Startup Time": 1995.799, "Actual Total Time": 1995.799, "Actual Rows": 1, "Actual Loops": 1, "Plans": [{"Node Type": "Seq Scan", "Parent Relationship": "Outer", "Relation Name": "customer", "Alias": "customer", "Startup Cost": 12.95, "Total Cost": 76501.0, "Plan Rows": 47655, "Plan Width": 8, "Actual Startup Time": 0.031, "Actual Total Time": 1901.337, "Actual Rows": 218121, "Actual Loops": 1, "Filter": "((c_acctbal > 0::double precision) AND (\"substring\"((c_phone)::text, 1, 2) = ANY ('{20,40,22,30,39,42,21}'::text[])))", "Rows Removed by Filter": 1281879}]}, {"Node Type": "Aggregate", "Strategy": "Hashed", "Parent Relationship": "Outer", "Startup Cost": 249923.71, "Total Cost": 249923.72, "Plan Rows": 1, "Plan Width": 40, "Actual Startup Time": 4414.669, "Actual Total Time": 4414.669, "Actual Rows": 4, "Actual Loops": 1, "Group By Key": ["\"substring\"((public.customer.c_phone)::text, 1, 2)"], "Plans": [{"Node Type": "Nested Loop", "Parent Relationship": "Outer", "Join Type": "Anti", "Startup Cost": 3.75, "Total Cost": 249923.7, "Plan Rows": 1, "Plan Width": 24, "Actual Startup Time": 1995.923, "Actual Total Time": 4387.776, "Actual Rows": 36604, "Actual Loops": 1, "Inner Unique": false, "Plans": [{"Node Type": "Seq Scan", "Parent Relationship": "Outer", "Relation Name": "customer", "Alias": "customer", "Startup Cost": 0.0, "Total Cost": 76501.0, "Plan Rows": 17500, "Plan Width": 32, "Actual Startup Time": 1995.862, "Actual Total Time": 3284.286, "Actual Rows": 109197, "Actual Loops": 1, "Filter": "((c_acctbal > $0) AND (\"substring\"((c_phone)::text, 1, 2) = ANY ('{20,40,22,30,39,42,21}'::text[])))", "Rows Removed by Filter": 1390803}, {"Node Type": "Bitmap Heap Scan", "Parent Relationship": "Inner", "Relation Name": "orders", "Alias": "orders", "Startup Cost": 3.75, "Total Cost": 19.76, "Plan Rows": 4, "Plan Width": 8, "Actual Startup Time": 918.298, "Actual Total Time": 918.298, "Actual Rows": 72593, "Actual Loops": 109197, "Recheck Cond": "(o_custkey = public.customer.c_custkey)", "Rows Removed by Index Recheck": 0, "Exact Heap Blocks": 72593, "Lossy Heap Blocks": 72593, "Plans": [{"Node Type": "Bitmap Index Scan", "Parent Relationship": "Outer", "Index Name": "idx_orders_custkey", "Startup Cost": 0.0, "Total Cost": 3.75, "Plan Rows": 4, "Plan Width": 0, "Actual Startup Time": 572.408, "Actual Total Time": 572.408, "Actual Rows": 1091631, "Actual Loops": 109197, "Index Cond": "(o_custkey = public.customer.c_custkey)"}]}]}]}]}, "Triggers": [], "Planner Runtime": 0.77, "Total Runtime": 4415.004, "Unique SQL Id": 2798552886}}, "(64, 51)": {"explain_plan": {"Plan": {"Node Type": "Sort", "Startup Cost": 2000018337677.51, "Total Cost": 2000018337677.51, "Plan Rows": 1, "Plan Width": 40, "Sort Key": ["(\"substring\"((public.customer.c_phone)::text, 1, 2))"], "Plans": [{"Node Type": "Aggregate", "Strategy": "Plain", "Parent Relationship": "exec_init_plan", "Subplan Name": "InitPlan 1 (returns $0)", "Startup Cost": 1000007650219.14, "Total Cost": 1000007650219.15, "Plan Rows": 1, "Plan Width": 40, "Plans": [{"Node Type": "Seq Scan", "Parent Relationship": "Outer", "Relation Name": "customer", "Alias": "customer", "Startup Cost": 10000000012.75, "Total Cost": 1000007650100.0, "Plan Rows": 47655, "Plan Width": 8, "Filter": "((c_acctbal > 0::double precision) AND (\"substring\"((c_phone)::text, 1, 2) = ANY ('{20,40,22,30,39,42,21}'::text[])))"}]}, {"Node Type": "Aggregate", "Strategy": "Hashed", "Parent Relationship": "Outer", "Startup Cost": 1000010687458.33, "Total Cost": 1000010687458.35, "Plan Rows": 1, "Plan Width": 40, "Group By Key": ["\"substring\"((public.customer.c_phone)::text, 1, 2)"], "Plans": [{"Node Type": "Nested Loop", "Parent Relationship": "Outer", "Join Type": "Anti", "Startup Cost": 10000000003.75, "Total Cost": 1000010687458.32, "Plan Rows": 1, "Plan Width": 24, "Inner Unique": false, "Plans": [{"Node Type": "Index Scan", "Parent Relationship": "Outer", "Scan Direction": "Forward", "Index Name": "customer_pkey", "Relation Name": "customer", "Alias": "customer", "Startup Cost": 10000000000.0, "Total Cost": 1000010514035.62, "Plan Rows": 17500, "Plan Width": 32, "Filter": "((c_acctbal > $0) AND (\"substring\"((c_phone)::text, 1, 2) = ANY ('{20,40,22,30,39,42,21}'::text[])))"}, {"Node Type": "Bitmap Heap Scan", "Parent Relationship": "Inner", "Relation Name": "orders", "Alias": "orders", "Startup Cost": 3.75, "Total Cost": 19.76, "Plan Rows": 4, "Plan Width": 8, "Recheck Cond": "(o_custkey = public.customer.c_custkey)", "Plans": [{"Node Type": "Bitmap Index Scan", "Parent Relationship": "Outer", "Index Name": "idx_orders_custkey", "Startup Cost": 0.0, "Total Cost": 3.75, "Plan Rows": 4, "Plan Width": 0, "Index Cond": "(o_custkey = public.customer.c_custkey)"}]}]}]}]}, "Unique SQL Id": 2798552886}, "explain_analyze_plan": {"Plan": {"Node Type": "Sort", "Startup Cost": 2000018337677.51, "Total Cost": 2000018337677.51, "Plan Rows": 1, "Plan Width": 40, "Actual Startup Time": 4987.955, "Actual Total Time": 4987.956, "Actual Rows": 4, "Actual Loops": 1, "Sort Key": ["(\"substring\"((public.customer.c_phone)::text, 1, 2))"], "Sort Method": "quicksort", "Sort Space Used": 25, "Sort Space Type": "Memory", "Plans": [{"Node Type": "Aggregate", "Strategy": "Plain", "Parent Relationship": "exec_init_plan", "Subplan Name": "InitPlan 1 (returns $0)", "Startup Cost": 1000007650219.14, "Total Cost": 1000007650219.15, "Plan Rows": 1, "Plan Width": 40, "Actual Startup Time": 2018.097, "Actual Total Time": 2018.099, "Actual Rows": 1, "Actual Loops": 1, "Plans": [{"Node Type": "Seq Scan", "Parent Relationship": "Outer", "Relation Name": "customer", "Alias": "customer", "Startup Cost": 10000000012.75, "Total Cost": 1000007650100.0, "Plan Rows": 47655, "Plan Width": 8, "Actual Startup Time": 0.04, "Actual Total Time": 1922.099, "Actual Rows": 218121, "Actual Loops": 1, "Filter": "((c_acctbal > 0::double precision) AND (\"substring\"((c_phone)::text, 1, 2) = ANY ('{20,40,22,30,39,42,21}'::text[])))", "Rows Removed by Filter": 1281879}]}, {"Node Type": "Aggregate", "Strategy": "Hashed", "Parent Relationship": "Outer", "Startup Cost": 1000010687458.33, "Total Cost": 1000010687458.35, "Plan Rows": 1, "Plan Width": 40, "Actual Startup Time": 4987.905, "Actual Total Time": 4987.907, "Actual Rows": 4, "Actual Loops": 1, "Group By Key": ["\"substring\"((public.customer.c_phone)::text, 1, 2)"], "Plans": [{"Node Type": "Nested Loop", "Parent Relationship": "Outer", "Join Type": "Anti", "Startup Cost": 10000000003.75, "Total Cost": 1000010687458.32, "Plan Rows": 1, "Plan Width": 24, "Actual Startup Time": 2018.334, "Actual Total Time": 4960.279, "Actual Rows": 36604, "Actual Loops": 1, "Inner Unique": false, "Plans": [{"Node Type": "Index Scan", "Parent Relationship": "Outer", "Scan Direction": "Forward", "Index Name": "customer_pkey", "Relation Name": "customer", "Alias": "customer", "Startup Cost": 10000000000.0, "Total Cost": 1000010514035.62, "Plan Rows": 17500, "Plan Width": 32, "Actual Startup Time": 2018.263, "Actual Total Time": 3830.61, "Actual Rows": 109197, "Actual Loops": 1, "Filter": "((c_acctbal > $0) AND (\"substring\"((c_phone)::text, 1, 2) = ANY ('{20,40,22,30,39,42,21}'::text[])))", "Rows Removed by Filter": 1390803}, {"Node Type": "Bitmap Heap Scan", "Parent Relationship": "Inner", "Relation Name": "orders", "Alias": "orders", "Startup Cost": 3.75, "Total Cost": 19.76, "Plan Rows": 4, "Plan Width": 8, "Actual Startup Time": 941.988, "Actual Total Time": 941.988, "Actual Rows": 72593, "Actual Loops": 109197, "Recheck Cond": "(o_custkey = public.customer.c_custkey)", "Rows Removed by Index Recheck": 0, "Exact Heap Blocks": 72593, "Lossy Heap Blocks": 72593, "Plans": [{"Node Type": "Bitmap Index Scan", "Parent Relationship": "Outer", "Index Name": "idx_orders_custkey", "Startup Cost": 0.0, "Total Cost": 3.75, "Plan Rows": 4, "Plan Width": 0, "Actual Startup Time": 583.569, "Actual Total Time": 583.569, "Actual Rows": 1091631, "Actual Loops": 109197, "Index Cond": "(o_custkey = public.customer.c_custkey)"}]}]}]}]}, "Triggers": [], "Planner Runtime": 0.731, "Total Runtime": 4988.153, "Unique SQL Id": 2798552886}}, "(64, 52)": {"explain_plan": {"Plan": {"Node Type": "Sort", "Startup Cost": 274230.79, "Total Cost": 274230.8, "Plan Rows": 1, "Plan Width": 40, "Sort Key": ["(\"substring\"((public.customer.c_phone)::text, 1, 2))"], "Plans": [{"Node Type": "Aggregate", "Strategy": "Plain", "Parent Relationship": "exec_init_plan", "Subplan Name": "InitPlan 1 (returns $0)", "Startup Cost": 76620.14, "Total Cost": 76620.15, "Plan Rows": 1, "Plan Width": 40, "Plans": [{"Node Type": "Seq Scan", "Parent Relationship": "Outer", "Relation Name": "customer", "Alias": "customer", "Startup Cost": 12.95, "Total Cost": 76501.0, "Plan Rows": 47655, "Plan Width": 8, "Filter": "((c_acctbal > 0::double precision) AND (\"substring\"((c_phone)::text, 1, 2) = ANY ('{20,40,22,30,39,42,21}'::text[])))"}]}, {"Node Type": "Aggregate", "Strategy": "Hashed", "Parent Relationship": "Outer", "Startup Cost": 197610.62, "Total Cost": 197610.63, "Plan Rows": 1, "Plan Width": 40, "Group By Key": ["\"substring\"((public.customer.c_phone)::text, 1, 2)"], "Plans": [{"Node Type": "Nested Loop", "Parent Relationship": "Outer", "Join Type": "Anti", "Startup Cost": 0.0, "Total Cost": 197610.61, "Plan Rows": 1, "Plan Width": 24, "Inner Unique": false, "Plans": [{"Node Type": "Seq Scan", "Parent Relationship": "Outer", "Relation Name": "customer", "Alias": "customer", "Startup Cost": 0.0, "Total Cost": 76501.0, "Plan Rows": 17500, "Plan Width": 32, "Filter": "((c_acctbal > $0) AND (\"substring\"((c_phone)::text, 1, 2) = ANY ('{20,40,22,30,39,42,21}'::text[])))"}, {"Node Type": "Index Scan", "Parent Relationship": "Inner", "Scan Direction": "Forward", "Index Name": "idx_orders_custkey", "Relation Name": "orders", "Alias": "orders", "Startup Cost": 0.0, "Total Cost": 17.99, "Plan Rows": 4, "Plan Width": 8, "Index Cond": "(o_custkey = public.customer.c_custkey)"}]}]}]}, "Unique SQL Id": 2798552886}, "explain_analyze_plan": {"Plan": {"Node Type": "Sort", "Startup Cost": 274230.79, "Total Cost": 274230.8, "Plan Rows": 1, "Plan Width": 40, "Actual Startup Time": 4048.22, "Actual Total Time": 4048.22, "Actual Rows": 4, "Actual Loops": 1, "Sort Key": ["(\"substring\"((public.customer.c_phone)::text, 1, 2))"], "Sort Method": "quicksort", "Sort Space Used": 25, "Sort Space Type": "Memory", "Plans": [{"Node Type": "Aggregate", "Strategy": "Plain", "Parent Relationship": "exec_init_plan", "Subplan Name": "InitPlan 1 (returns $0)", "Startup Cost": 76620.14, "Total Cost": 76620.15, "Plan Rows": 1, "Plan Width": 40, "Actual Startup Time": 1960.504, "Actual Total Time": 1960.504, "Actual Rows": 1, "Actual Loops": 1, "Plans": [{"Node Type": "Seq Scan", "Parent Relationship": "Outer", "Relation Name": "customer", "Alias": "customer", "Startup Cost": 12.95, "Total Cost": 76501.0, "Plan Rows": 47655, "Plan Width": 8, "Actual Startup Time": 0.027, "Actual Total Time": 1865.668, "Actual Rows": 218121, "Actual Loops": 1, "Filter": "((c_acctbal > 0::double precision) AND (\"substring\"((c_phone)::text, 1, 2) = ANY ('{20,40,22,30,39,42,21}'::text[])))", "Rows Removed by Filter": 1281879}]}, {"Node Type": "Aggregate", "Strategy": "Hashed", "Parent Relationship": "Outer", "Startup Cost": 197610.62, "Total Cost": 197610.63, "Plan Rows": 1, "Plan Width": 40, "Actual Startup Time": 4048.179, "Actual Total Time": 4048.18, "Actual Rows": 4, "Actual Loops": 1, "Group By Key": ["\"substring\"((public.customer.c_phone)::text, 1, 2)"], "Plans": [{"Node Type": "Nested Loop", "Parent Relationship": "Outer", "Join Type": "Anti", "Startup Cost": 0.0, "Total Cost": 197610.61, "Plan Rows": 1, "Plan Width": 24, "Actual Startup Time": 1960.632, "Actual Total Time": 4024.922, "Actual Rows": 36604, "Actual Loops": 1, "Inner Unique": false, "Plans": [{"Node Type": "Seq Scan", "Parent Relationship": "Outer", "Relation Name": "customer", "Alias": "customer", "Startup Cost": 0.0, "Total Cost": 76501.0, "Plan Rows": 17500, "Plan Width": 32, "Actual Startup Time": 1960.572, "Actual Total Time": 3257.721, "Actual Rows": 109197, "Actual Loops": 1, "Filter": "((c_acctbal > $0) AND (\"substring\"((c_phone)::text, 1, 2) = ANY ('{20,40,22,30,39,42,21}'::text[])))", "Rows Removed by Filter": 1390803}, {"Node Type": "Index Scan", "Parent Relationship": "Inner", "Scan Direction": "Forward", "Index Name": "idx_orders_custkey", "Relation Name": "orders", "Alias": "orders", "Startup Cost": 0.0, "Total Cost": 17.99, "Plan Rows": 4, "Plan Width": 8, "Actual Startup Time": 660.636, "Actual Total Time": 660.636, "Actual Rows": 72593, "Actual Loops": 109197, "Index Cond": "(o_custkey = public.customer.c_custkey)", "Rows Removed by Index Recheck": 0}]}]}]}, "Triggers": [], "Planner Runtime": 0.759, "Total Runtime": 4048.42, "Unique SQL Id": 2798552886}}, "(64, 53)": {"explain_plan": {"Plan": {"Node Type": "Sort", "Startup Cost": 1000007876469.15, "Total Cost": 1000007876469.15, "Plan Rows": 1, "Plan Width": 40, "Sort Key": ["(\"substring\"((public.customer.c_phone)::text, 1, 2))"], "Plans": [{"Node Type": "Aggregate", "Strategy": "Plain", "Parent Relationship": "exec_init_plan", "Subplan Name": "InitPlan 1 (returns $0)", "Startup Cost": 1000007650219.14, "Total Cost": 1000007650219.15, "Plan Rows": 1, "Plan Width": 40, "Plans": [{"Node Type": "Seq Scan", "Parent Relationship": "Outer", "Relation Name": "customer", "Alias": "customer", "Startup Cost": 10000000012.75, "Total Cost": 1000007650100.0, "Plan Rows": 47655, "Plan Width": 8, "Filter": "((c_acctbal > 0::double precision) AND (\"substring\"((c_phone)::text, 1, 2) = ANY ('{20,40,22,30,39,42,21}'::text[])))"}]}, {"Node Type": "Aggregate", "Strategy": "Hashed", "Parent Relationship": "Outer", "Startup Cost": 226249.97, "Total Cost": 226249.99, "Plan Rows": 1, "Plan Width": 40, "Group By Key": ["\"substring\"((public.customer.c_phone)::text, 1, 2)"], "Plans": [{"Node Type": "Nested Loop", "Parent Relationship": "Outer", "Join Type": "Anti", "Startup Cost": 0.0, "Total Cost": 226249.97, "Plan Rows": 1, "Plan Width": 24, "Inner Unique": false, "Plans": [{"Node Type": "Index Scan", "Parent Relationship": "Outer", "Scan Direction": "Forward", "Index Name": "customer_pkey", "Relation Name": "customer", "Alias": "customer", "Startup Cost": 0.0, "Total Cost": 105140.36, "Plan Rows": 17500, "Plan Width": 32, "Filter": "((c_acctbal > $0) AND (\"substring\"((c_phone)::text, 1, 2) = ANY ('{20,40,22,30,39,42,21}'::text[])))"}, {"Node Type": "Index Scan", "Parent Relationship": "Inner", "Scan Direction": "Forward", "Index Name": "idx_orders_custkey", "Relation Name": "orders", "Alias": "orders", "Startup Cost": 0.0, "Total Cost": 17.99, "Plan Rows": 4, "Plan Width": 8, "Index Cond": "(o_custkey = public.customer.c_custkey)"}]}]}]}, "Unique SQL Id": 2798552886}, "explain_analyze_plan": {"Plan": {"Node Type": "Sort", "Startup Cost": 1000007876469.15, "Total Cost": 1000007876469.15, "Plan Rows": 1, "Plan Width": 40, "Actual Startup Time": 4342.858, "Actual Total Time": 4342.858, "Actual Rows": 4, "Actual Loops": 1, "Sort Key": ["(\"substring\"((public.customer.c_phone)::text, 1, 2))"], "Sort Method": "quicksort", "Sort Space Used": 25, "Sort Space Type": "Memory", "Plans": [{"Node Type": "Aggregate", "Strategy": "Plain", "Parent Relationship": "exec_init_plan", "Subplan Name": "InitPlan 1 (returns $0)", "Startup Cost": 1000007650219.14, "Total Cost": 1000007650219.15, "Plan Rows": 1, "Plan Width": 40, "Actual Startup Time": 1967.227, "Actual Total Time": 1967.229, "Actual Rows": 1, "Actual Loops": 1, "Plans": [{"Node Type": "Seq Scan", "Parent Relationship": "Outer", "Relation Name": "customer", "Alias": "customer", "Startup Cost": 10000000012.75, "Total Cost": 1000007650100.0, "Plan Rows": 47655, "Plan Width": 8, "Actual Startup Time": 0.033, "Actual Total Time": 1872.87, "Actual Rows": 218121, "Actual Loops": 1, "Filter": "((c_acctbal > 0::double precision) AND (\"substring\"((c_phone)::text, 1, 2) = ANY ('{20,40,22,30,39,42,21}'::text[])))", "Rows Removed by Filter": 1281879}]}, {"Node Type": "Aggregate", "Strategy": "Hashed", "Parent Relationship": "Outer", "Startup Cost": 226249.97, "Total Cost": 226249.99, "Plan Rows": 1, "Plan Width": 40, "Actual Startup Time": 4342.811, "Actual Total Time": 4342.814, "Actual Rows": 4, "Actual Loops": 1, "Group By Key": ["\"substring\"((public.customer.c_phone)::text, 1, 2)"], "Plans": [{"Node Type": "Nested Loop", "Parent Relationship": "Outer", "Join Type": "Anti", "Startup Cost": 0.0, "Total Cost": 226249.97, "Plan Rows": 1, "Plan Width": 24, "Actual Startup Time": 1967.46, "Actual Total Time": 4319.835, "Actual Rows": 36604, "Actual Loops": 1, "Inner Unique": false, "Plans": [{"Node Type": "Index Scan", "Parent Relationship": "Outer", "Scan Direction": "Forward", "Index Name": "customer_pkey", "Relation Name": "customer", "Alias": "customer", "Startup Cost": 0.0, "Total Cost": 105140.36, "Plan Rows": 17500, "Plan Width": 32, "Actual Startup Time": 1967.405, "Actual Total Time": 3680.796, "Actual Rows": 109197, "Actual Loops": 1, "Filter": "((c_acctbal > $0) AND (\"substring\"((c_phone)::text, 1, 2) = ANY ('{20,40,22,30,39,42,21}'::text[])))", "Rows Removed by Filter": 1390803}, {"Node Type": "Index Scan", "Parent Relationship": "Inner", "Scan Direction": "Forward", "Index Name": "idx_orders_custkey", "Relation Name": "orders", "Alias": "orders", "Startup Cost": 0.0, "Total Cost": 17.99, "Plan Rows": 4, "Plan Width": 8, "Actual Startup Time": 530.764, "Actual Total Time": 530.764, "Actual Rows": 72593, "Actual Loops": 109197, "Index Cond": "(o_custkey = public.customer.c_custkey)", "Rows Removed by Index Recheck": 0}]}]}]}, "Triggers": [], "Planner Runtime": 0.769, "Total Runtime": 4343.034, "Unique SQL Id": 2798552886}}, "(64, 54)": {"explain_plan": {"Plan": {"Node Type": "Sort", "Startup Cost": 326543.88, "Total Cost": 326543.89, "Plan Rows": 1, "Plan Width": 40, "Sort Key": ["(\"substring\"((public.customer.c_phone)::text, 1, 2))"], "Plans": [{"Node Type": "Aggregate", "Strategy": "Plain", "Parent Relationship": "exec_init_plan", "Subplan Name": "InitPlan 1 (returns $0)", "Startup Cost": 76620.14, "Total Cost": 76620.15, "Plan Rows": 1, "Plan Width": 40, "Plans": [{"Node Type": "Seq Scan", "Parent Relationship": "Outer", "Relation Name": "customer", "Alias": "customer", "Startup Cost": 12.95, "Total Cost": 76501.0, "Plan Rows": 47655, "Plan Width": 8, "Filter": "((c_acctbal > 0::double precision) AND (\"substring\"((c_phone)::text, 1, 2) = ANY ('{20,40,22,30,39,42,21}'::text[])))"}]}, {"Node Type": "Aggregate", "Strategy": "Hashed", "Parent Relationship": "Outer", "Startup Cost": 249923.71, "Total Cost": 249923.72, "Plan Rows": 1, "Plan Width": 40, "Group By Key": ["\"substring\"((public.customer.c_phone)::text, 1, 2)"], "Plans": [{"Node Type": "Nested Loop", "Parent Relationship": "Outer", "Join Type": "Anti", "Startup Cost": 3.75, "Total Cost": 249923.7, "Plan Rows": 1, "Plan Width": 24, "Inner Unique": false, "Plans": [{"Node Type": "Seq Scan", "Parent Relationship": "Outer", "Relation Name": "customer", "Alias": "customer", "Startup Cost": 0.0, "Total Cost": 76501.0, "Plan Rows": 17500, "Plan Width": 32, "Filter": "((c_acctbal > $0) AND (\"substring\"((c_phone)::text, 1, 2) = ANY ('{20,40,22,30,39,42,21}'::text[])))"}, {"Node Type": "Bitmap Heap Scan", "Parent Relationship": "Inner", "Relation Name": "orders", "Alias": "orders", "Startup Cost": 3.75, "Total Cost": 19.76, "Plan Rows": 4, "Plan Width": 8, "Recheck Cond": "(o_custkey = public.customer.c_custkey)", "Plans": [{"Node Type": "Bitmap Index Scan", "Parent Relationship": "Outer", "Index Name": "idx_orders_custkey", "Startup Cost": 0.0, "Total Cost": 3.75, "Plan Rows": 4, "Plan Width": 0, "Index Cond": "(o_custkey = public.customer.c_custkey)"}]}]}]}]}, "Unique SQL Id": 2798552886}, "explain_analyze_plan": {"Plan": {"Node Type": "Sort", "Startup Cost": 326543.88, "Total Cost": 326543.89, "Plan Rows": 1, "Plan Width": 40, "Actual Startup Time": 4414.71, "Actual Total Time": 4414.711, "Actual Rows": 4, "Actual Loops": 1, "Sort Key": ["(\"substring\"((public.customer.c_phone)::text, 1, 2))"], "Sort Method": "quicksort", "Sort Space Used": 25, "Sort Space Type": "Memory", "Plans": [{"Node Type": "Aggregate", "Strategy": "Plain", "Parent Relationship": "exec_init_plan", "Subplan Name": "InitPlan 1 (returns $0)", "Startup Cost": 76620.14, "Total Cost": 76620.15, "Plan Rows": 1, "Plan Width": 40, "Actual Startup Time": 1995.799, "Actual Total Time": 1995.799, "Actual Rows": 1, "Actual Loops": 1, "Plans": [{"Node Type": "Seq Scan", "Parent Relationship": "Outer", "Relation Name": "customer", "Alias": "customer", "Startup Cost": 12.95, "Total Cost": 76501.0, "Plan Rows": 47655, "Plan Width": 8, "Actual Startup Time": 0.031, "Actual Total Time": 1901.337, "Actual Rows": 218121, "Actual Loops": 1, "Filter": "((c_acctbal > 0::double precision) AND (\"substring\"((c_phone)::text, 1, 2) = ANY ('{20,40,22,30,39,42,21}'::text[])))", "Rows Removed by Filter": 1281879}]}, {"Node Type": "Aggregate", "Strategy": "Hashed", "Parent Relationship": "Outer", "Startup Cost": 249923.71, "Total Cost": 249923.72, "Plan Rows": 1, "Plan Width": 40, "Actual Startup Time": 4414.669, "Actual Total Time": 4414.669, "Actual Rows": 4, "Actual Loops": 1, "Group By Key": ["\"substring\"((public.customer.c_phone)::text, 1, 2)"], "Plans": [{"Node Type": "Nested Loop", "Parent Relationship": "Outer", "Join Type": "Anti", "Startup Cost": 3.75, "Total Cost": 249923.7, "Plan Rows": 1, "Plan Width": 24, "Actual Startup Time": 1995.923, "Actual Total Time": 4387.776, "Actual Rows": 36604, "Actual Loops": 1, "Inner Unique": false, "Plans": [{"Node Type": "Seq Scan", "Parent Relationship": "Outer", "Relation Name": "customer", "Alias": "customer", "Startup Cost": 0.0, "Total Cost": 76501.0, "Plan Rows": 17500, "Plan Width": 32, "Actual Startup Time": 1995.862, "Actual Total Time": 3284.286, "Actual Rows": 109197, "Actual Loops": 1, "Filter": "((c_acctbal > $0) AND (\"substring\"((c_phone)::text, 1, 2) = ANY ('{20,40,22,30,39,42,21}'::text[])))", "Rows Removed by Filter": 1390803}, {"Node Type": "Bitmap Heap Scan", "Parent Relationship": "Inner", "Relation Name": "orders", "Alias": "orders", "Startup Cost": 3.75, "Total Cost": 19.76, "Plan Rows": 4, "Plan Width": 8, "Actual Startup Time": 918.298, "Actual Total Time": 918.298, "Actual Rows": 72593, "Actual Loops": 109197, "Recheck Cond": "(o_custkey = public.customer.c_custkey)", "Rows Removed by Index Recheck": 0, "Exact Heap Blocks": 72593, "Lossy Heap Blocks": 72593, "Plans": [{"Node Type": "Bitmap Index Scan", "Parent Relationship": "Outer", "Index Name": "idx_orders_custkey", "Startup Cost": 0.0, "Total Cost": 3.75, "Plan Rows": 4, "Plan Width": 0, "Actual Startup Time": 572.408, "Actual Total Time": 572.408, "Actual Rows": 1091631, "Actual Loops": 109197, "Index Cond": "(o_custkey = public.customer.c_custkey)"}]}]}]}]}, "Triggers": [], "Planner Runtime": 0.77, "Total Runtime": 4415.004, "Unique SQL Id": 2798552886}}, "(64, 55)": {"explain_plan": {"Plan": {"Node Type": "Sort", "Startup Cost": 2000018337677.51, "Total Cost": 2000018337677.51, "Plan Rows": 1, "Plan Width": 40, "Sort Key": ["(\"substring\"((public.customer.c_phone)::text, 1, 2))"], "Plans": [{"Node Type": "Aggregate", "Strategy": "Plain", "Parent Relationship": "exec_init_plan", "Subplan Name": "InitPlan 1 (returns $0)", "Startup Cost": 1000007650219.14, "Total Cost": 1000007650219.15, "Plan Rows": 1, "Plan Width": 40, "Plans": [{"Node Type": "Seq Scan", "Parent Relationship": "Outer", "Relation Name": "customer", "Alias": "customer", "Startup Cost": 10000000012.75, "Total Cost": 1000007650100.0, "Plan Rows": 47655, "Plan Width": 8, "Filter": "((c_acctbal > 0::double precision) AND (\"substring\"((c_phone)::text, 1, 2) = ANY ('{20,40,22,30,39,42,21}'::text[])))"}]}, {"Node Type": "Aggregate", "Strategy": "Hashed", "Parent Relationship": "Outer", "Startup Cost": 1000010687458.33, "Total Cost": 1000010687458.35, "Plan Rows": 1, "Plan Width": 40, "Group By Key": ["\"substring\"((public.customer.c_phone)::text, 1, 2)"], "Plans": [{"Node Type": "Nested Loop", "Parent Relationship": "Outer", "Join Type": "Anti", "Startup Cost": 10000000003.75, "Total Cost": 1000010687458.32, "Plan Rows": 1, "Plan Width": 24, "Inner Unique": false, "Plans": [{"Node Type": "Index Scan", "Parent Relationship": "Outer", "Scan Direction": "Forward", "Index Name": "customer_pkey", "Relation Name": "customer", "Alias": "customer", "Startup Cost": 10000000000.0, "Total Cost": 1000010514035.62, "Plan Rows": 17500, "Plan Width": 32, "Filter": "((c_acctbal > $0) AND (\"substring\"((c_phone)::text, 1, 2) = ANY ('{20,40,22,30,39,42,21}'::text[])))"}, {"Node Type": "Bitmap Heap Scan", "Parent Relationship": "Inner", "Relation Name": "orders", "Alias": "orders", "Startup Cost": 3.75, "Total Cost": 19.76, "Plan Rows": 4, "Plan Width": 8, "Recheck Cond": "(o_custkey = public.customer.c_custkey)", "Plans": [{"Node Type": "Bitmap Index Scan", "Parent Relationship": "Outer", "Index Name": "idx_orders_custkey", "Startup Cost": 0.0, "Total Cost": 3.75, "Plan Rows": 4, "Plan Width": 0, "Index Cond": "(o_custkey = public.customer.c_custkey)"}]}]}]}]}, "Unique SQL Id": 2798552886}, "explain_analyze_plan": {"Plan": {"Node Type": "Sort", "Startup Cost": 2000018337677.51, "Total Cost": 2000018337677.51, "Plan Rows": 1, "Plan Width": 40, "Actual Startup Time": 4987.955, "Actual Total Time": 4987.956, "Actual Rows": 4, "Actual Loops": 1, "Sort Key": ["(\"substring\"((public.customer.c_phone)::text, 1, 2))"], "Sort Method": "quicksort", "Sort Space Used": 25, "Sort Space Type": "Memory", "Plans": [{"Node Type": "Aggregate", "Strategy": "Plain", "Parent Relationship": "exec_init_plan", "Subplan Name": "InitPlan 1 (returns $0)", "Startup Cost": 1000007650219.14, "Total Cost": 1000007650219.15, "Plan Rows": 1, "Plan Width": 40, "Actual Startup Time": 2018.097, "Actual Total Time": 2018.099, "Actual Rows": 1, "Actual Loops": 1, "Plans": [{"Node Type": "Seq Scan", "Parent Relationship": "Outer", "Relation Name": "customer", "Alias": "customer", "Startup Cost": 10000000012.75, "Total Cost": 1000007650100.0, "Plan Rows": 47655, "Plan Width": 8, "Actual Startup Time": 0.04, "Actual Total Time": 1922.099, "Actual Rows": 218121, "Actual Loops": 1, "Filter": "((c_acctbal > 0::double precision) AND (\"substring\"((c_phone)::text, 1, 2) = ANY ('{20,40,22,30,39,42,21}'::text[])))", "Rows Removed by Filter": 1281879}]}, {"Node Type": "Aggregate", "Strategy": "Hashed", "Parent Relationship": "Outer", "Startup Cost": 1000010687458.33, "Total Cost": 1000010687458.35, "Plan Rows": 1, "Plan Width": 40, "Actual Startup Time": 4987.905, "Actual Total Time": 4987.907, "Actual Rows": 4, "Actual Loops": 1, "Group By Key": ["\"substring\"((public.customer.c_phone)::text, 1, 2)"], "Plans": [{"Node Type": "Nested Loop", "Parent Relationship": "Outer", "Join Type": "Anti", "Startup Cost": 10000000003.75, "Total Cost": 1000010687458.32, "Plan Rows": 1, "Plan Width": 24, "Actual Startup Time": 2018.334, "Actual Total Time": 4960.279, "Actual Rows": 36604, "Actual Loops": 1, "Inner Unique": false, "Plans": [{"Node Type": "Index Scan", "Parent Relationship": "Outer", "Scan Direction": "Forward", "Index Name": "customer_pkey", "Relation Name": "customer", "Alias": "customer", "Startup Cost": 10000000000.0, "Total Cost": 1000010514035.62, "Plan Rows": 17500, "Plan Width": 32, "Actual Startup Time": 2018.263, "Actual Total Time": 3830.61, "Actual Rows": 109197, "Actual Loops": 1, "Filter": "((c_acctbal > $0) AND (\"substring\"((c_phone)::text, 1, 2) = ANY ('{20,40,22,30,39,42,21}'::text[])))", "Rows Removed by Filter": 1390803}, {"Node Type": "Bitmap Heap Scan", "Parent Relationship": "Inner", "Relation Name": "orders", "Alias": "orders", "Startup Cost": 3.75, "Total Cost": 19.76, "Plan Rows": 4, "Plan Width": 8, "Actual Startup Time": 941.988, "Actual Total Time": 941.988, "Actual Rows": 72593, "Actual Loops": 109197, "Recheck Cond": "(o_custkey = public.customer.c_custkey)", "Rows Removed by Index Recheck": 0, "Exact Heap Blocks": 72593, "Lossy Heap Blocks": 72593, "Plans": [{"Node Type": "Bitmap Index Scan", "Parent Relationship": "Outer", "Index Name": "idx_orders_custkey", "Startup Cost": 0.0, "Total Cost": 3.75, "Plan Rows": 4, "Plan Width": 0, "Actual Startup Time": 583.569, "Actual Total Time": 583.569, "Actual Rows": 1091631, "Actual Loops": 109197, "Index Cond": "(o_custkey = public.customer.c_custkey)"}]}]}]}]}, "Triggers": [], "Planner Runtime": 0.731, "Total Runtime": 4988.153, "Unique SQL Id": 2798552886}}, "(64, 56)": {"explain_plan": {"Plan": {"Node Type": "Sort", "Startup Cost": 178853.67, "Total Cost": 178853.67, "Plan Rows": 1, "Plan Width": 40, "Sort Key": ["(\"substring\"((public.customer.c_phone)::text, 1, 2))"], "Plans": [{"Node Type": "Aggregate", "Strategy": "Plain", "Parent Relationship": "exec_init_plan", "Subplan Name": "InitPlan 1 (returns $0)", "Startup Cost": 76620.14, "Total Cost": 76620.15, "Plan Rows": 1, "Plan Width": 40, "Plans": [{"Node Type": "Seq Scan", "Parent Relationship": "Outer", "Relation Name": "customer", "Alias": "customer", "Startup Cost": 12.95, "Total Cost": 76501.0, "Plan Rows": 47655, "Plan Width": 8, "Filter": "((c_acctbal > 0::double precision) AND (\"substring\"((c_phone)::text, 1, 2) = ANY ('{20,40,22,30,39,42,21}'::text[])))"}]}, {"Node Type": "Aggregate", "Strategy": "Hashed", "Parent Relationship": "Outer", "Startup Cost": 102233.49, "Total Cost": 102233.51, "Plan Rows": 1, "Plan Width": 40, "Group By Key": ["\"substring\"((public.customer.c_phone)::text, 1, 2)"], "Plans": [{"Node Type": "Nested Loop", "Parent Relationship": "Outer", "Join Type": "Anti", "Startup Cost": 0.0, "Total Cost": 102233.49, "Plan Rows": 1, "Plan Width": 24, "Inner Unique": false, "Plans": [{"Node Type": "Seq Scan", "Parent Relationship": "Outer", "Relation Name": "customer", "Alias": "customer", "Startup Cost": 0.0, "Total Cost": 76501.0, "Plan Rows": 17500, "Plan Width": 32, "Filter": "((c_acctbal > $0) AND (\"substring\"((c_phone)::text, 1, 2) = ANY ('{20,40,22,30,39,42,21}'::text[])))"}, {"Node Type": "Index Only Scan", "Parent Relationship": "Inner", "Scan Direction": "Forward", "Index Name": "idx_orders_custkey", "Relation Name": "orders", "Alias": "orders", "Startup Cost": 0.0, "Total Cost": 3.79, "Plan Rows": 4, "Plan Width": 8, "Index Cond": "(o_custkey = public.customer.c_custkey)"}]}]}]}, "Unique SQL Id": 2798552886}, "explain_analyze_plan": {"Plan": {"Node Type": "Sort", "Startup Cost": 178853.67, "Total Cost": 178853.67, "Plan Rows": 1, "Plan Width": 40, "Actual Startup Time": 3874.835, "Actual Total Time": 3874.836, "Actual Rows": 4, "Actual Loops": 1, "Sort Key": ["(\"substring\"((public.customer.c_phone)::text, 1, 2))"], "Sort Method": "quicksort", "Sort Space Used": 25, "Sort Space Type": "Memory", "Plans": [{"Node Type": "Aggregate", "Strategy": "Plain", "Parent Relationship": "exec_init_plan", "Subplan Name": "InitPlan 1 (returns $0)", "Startup Cost": 76620.14, "Total Cost": 76620.15, "Plan Rows": 1, "Plan Width": 40, "Actual Startup Time": 1994.529, "Actual Total Time": 1994.529, "Actual Rows": 1, "Actual Loops": 1, "Plans": [{"Node Type": "Seq Scan", "Parent Relationship": "Outer", "Relation Name": "customer", "Alias": "customer", "Startup Cost": 12.95, "Total Cost": 76501.0, "Plan Rows": 47655, "Plan Width": 8, "Actual Startup Time": 0.029, "Actual Total Time": 1899.991, "Actual Rows": 218121, "Actual Loops": 1, "Filter": "((c_acctbal > 0::double precision) AND (\"substring\"((c_phone)::text, 1, 2) = ANY ('{20,40,22,30,39,42,21}'::text[])))", "Rows Removed by Filter": 1281879}]}, {"Node Type": "Aggregate", "Strategy": "Hashed", "Parent Relationship": "Outer", "Startup Cost": 102233.49, "Total Cost": 102233.51, "Plan Rows": 1, "Plan Width": 40, "Actual Startup Time": 3874.687, "Actual Total Time": 3874.701, "Actual Rows": 4, "Actual Loops": 1, "Group By Key": ["\"substring\"((public.customer.c_phone)::text, 1, 2)"], "Plans": [{"Node Type": "Nested Loop", "Parent Relationship": "Outer", "Join Type": "Anti", "Startup Cost": 0.0, "Total Cost": 102233.49, "Plan Rows": 1, "Plan Width": 24, "Actual Startup Time": 1994.649, "Actual Total Time": 3852.097, "Actual Rows": 36604, "Actual Loops": 1, "Inner Unique": false, "Plans": [{"Node Type": "Seq Scan", "Parent Relationship": "Outer", "Relation Name": "customer", "Alias": "customer", "Startup Cost": 0.0, "Total Cost": 76501.0, "Plan Rows": 17500, "Plan Width": 32, "Actual Startup Time": 1994.594, "Actual Total Time": 3277.642, "Actual Rows": 109197, "Actual Loops": 1, "Filter": "((c_acctbal > $0) AND (\"substring\"((c_phone)::text, 1, 2) = ANY ('{20,40,22,30,39,42,21}'::text[])))", "Rows Removed by Filter": 1390803}, {"Node Type": "Index Only Scan", "Parent Relationship": "Inner", "Scan Direction": "Forward", "Index Name": "idx_orders_custkey", "Relation Name": "orders", "Alias": "orders", "Startup Cost": 0.0, "Total Cost": 3.79, "Plan Rows": 4, "Plan Width": 8, "Actual Startup Time": 473.016, "Actual Total Time": 473.016, "Actual Rows": 72593, "Actual Loops": 109197, "Index Cond": "(o_custkey = public.customer.c_custkey)", "Rows Removed by Index Recheck": 0, "Heap Fetches": 0}]}]}]}, "Triggers": [], "Planner Runtime": 0.763, "Total Runtime": 3875.036, "Unique SQL Id": 2798552886}}, "(64, 57)": {"explain_plan": {"Plan": {"Node Type": "Sort", "Startup Cost": 1000007781092.03, "Total Cost": 1000007781092.03, "Plan Rows": 1, "Plan Width": 40, "Sort Key": ["(\"substring\"((public.customer.c_phone)::text, 1, 2))"], "Plans": [{"Node Type": "Aggregate", "Strategy": "Plain", "Parent Relationship": "exec_init_plan", "Subplan Name": "InitPlan 1 (returns $0)", "Startup Cost": 1000007650219.14, "Total Cost": 1000007650219.15, "Plan Rows": 1, "Plan Width": 40, "Plans": [{"Node Type": "Seq Scan", "Parent Relationship": "Outer", "Relation Name": "customer", "Alias": "customer", "Startup Cost": 10000000012.75, "Total Cost": 1000007650100.0, "Plan Rows": 47655, "Plan Width": 8, "Filter": "((c_acctbal > 0::double precision) AND (\"substring\"((c_phone)::text, 1, 2) = ANY ('{20,40,22,30,39,42,21}'::text[])))"}]}, {"Node Type": "Aggregate", "Strategy": "Hashed", "Parent Relationship": "Outer", "Startup Cost": 130872.85, "Total Cost": 130872.87, "Plan Rows": 1, "Plan Width": 40, "Group By Key": ["\"substring\"((public.customer.c_phone)::text, 1, 2)"], "Plans": [{"Node Type": "Nested Loop", "Parent Relationship": "Outer", "Join Type": "Anti", "Startup Cost": 0.0, "Total Cost": 130872.84, "Plan Rows": 1, "Plan Width": 24, "Inner Unique": false, "Plans": [{"Node Type": "Index Scan", "Parent Relationship": "Outer", "Scan Direction": "Forward", "Index Name": "customer_pkey", "Relation Name": "customer", "Alias": "customer", "Startup Cost": 0.0, "Total Cost": 105140.36, "Plan Rows": 17500, "Plan Width": 32, "Filter": "((c_acctbal > $0) AND (\"substring\"((c_phone)::text, 1, 2) = ANY ('{20,40,22,30,39,42,21}'::text[])))"}, {"Node Type": "Index Only Scan", "Parent Relationship": "Inner", "Scan Direction": "Forward", "Index Name": "idx_orders_custkey", "Relation Name": "orders", "Alias": "orders", "Startup Cost": 0.0, "Total Cost": 3.79, "Plan Rows": 4, "Plan Width": 8, "Index Cond": "(o_custkey = public.customer.c_custkey)"}]}]}]}, "Unique SQL Id": 2798552886}, "explain_analyze_plan": {"Plan": {"Node Type": "Sort", "Startup Cost": 1000007781092.03, "Total Cost": 1000007781092.03, "Plan Rows": 1, "Plan Width": 40, "Actual Startup Time": 4540.757, "Actual Total Time": 4540.757, "Actual Rows": 4, "Actual Loops": 1, "Sort Key": ["(\"substring\"((public.customer.c_phone)::text, 1, 2))"], "Sort Method": "quicksort", "Sort Space Used": 25, "Sort Space Type": "Memory", "Plans": [{"Node Type": "Aggregate", "Strategy": "Plain", "Parent Relationship": "exec_init_plan", "Subplan Name": "InitPlan 1 (returns $0)", "Startup Cost": 1000007650219.14, "Total Cost": 1000007650219.15, "Plan Rows": 1, "Plan Width": 40, "Actual Startup Time": 1995.612, "Actual Total Time": 1995.612, "Actual Rows": 1, "Actual Loops": 1, "Plans": [{"Node Type": "Seq Scan", "Parent Relationship": "Outer", "Relation Name": "customer", "Alias": "customer", "Startup Cost": 10000000012.75, "Total Cost": 1000007650100.0, "Plan Rows": 47655, "Plan Width": 8, "Actual Startup Time": 0.036, "Actual Total Time": 1901.667, "Actual Rows": 218121, "Actual Loops": 1, "Filter": "((c_acctbal > 0::double precision) AND (\"substring\"((c_phone)::text, 1, 2) = ANY ('{20,40,22,30,39,42,21}'::text[])))", "Rows Removed by Filter": 1281879}]}, {"Node Type": "Aggregate", "Strategy": "Hashed", "Parent Relationship": "Outer", "Startup Cost": 130872.85, "Total Cost": 130872.87, "Plan Rows": 1, "Plan Width": 40, "Actual Startup Time": 4540.614, "Actual Total Time": 4540.628, "Actual Rows": 4, "Actual Loops": 1, "Group By Key": ["\"substring\"((public.customer.c_phone)::text, 1, 2)"], "Plans": [{"Node Type": "Nested Loop", "Parent Relationship": "Outer", "Join Type": "Anti", "Startup Cost": 0.0, "Total Cost": 130872.84, "Plan Rows": 1, "Plan Width": 24, "Actual Startup Time": 1995.887, "Actual Total Time": 4518.037, "Actual Rows": 36604, "Actual Loops": 1, "Inner Unique": false, "Plans": [{"Node Type": "Index Scan", "Parent Relationship": "Outer", "Scan Direction": "Forward", "Index Name": "customer_pkey", "Relation Name": "customer", "Alias": "customer", "Startup Cost": 0.0, "Total Cost": 105140.36, "Plan Rows": 17500, "Plan Width": 32, "Actual Startup Time": 1995.824, "Actual Total Time": 3913.868, "Actual Rows": 109197, "Actual Loops": 1, "Filter": "((c_acctbal > $0) AND (\"substring\"((c_phone)::text, 1, 2) = ANY ('{20,40,22,30,39,42,21}'::text[])))", "Rows Removed by Filter": 1390803}, {"Node Type": "Index Only Scan", "Parent Relationship": "Inner", "Scan Direction": "Forward", "Index Name": "idx_orders_custkey", "Relation Name": "orders", "Alias": "orders", "Startup Cost": 0.0, "Total Cost": 3.79, "Plan Rows": 4, "Plan Width": 8, "Actual Startup Time": 500.727, "Actual Total Time": 500.727, "Actual Rows": 72593, "Actual Loops": 109197, "Index Cond": "(o_custkey = public.customer.c_custkey)", "Rows Removed by Index Recheck": 0, "Heap Fetches": 0}]}]}]}, "Triggers": [], "Planner Runtime": 0.757, "Total Runtime": 4540.956, "Unique SQL Id": 2798552886}}, "(64, 58)": {"explain_plan": {"Plan": {"Node Type": "Sort", "Startup Cost": 1511678295.06, "Total Cost": 1511678295.06, "Plan Rows": 1, "Plan Width": 40, "Sort Key": ["(\"substring\"((public.customer.c_phone)::text, 1, 2))"], "Plans": [{"Node Type": "Aggregate", "Strategy": "Plain", "Parent Relationship": "exec_init_plan", "Subplan Name": "InitPlan 1 (returns $0)", "Startup Cost": 76620.14, "Total Cost": 76620.15, "Plan Rows": 1, "Plan Width": 40, "Plans": [{"Node Type": "Seq Scan", "Parent Relationship": "Outer", "Relation Name": "customer", "Alias": "customer", "Startup Cost": 12.95, "Total Cost": 76501.0, "Plan Rows": 47655, "Plan Width": 8, "Filter": "((c_acctbal > 0::double precision) AND (\"substring\"((c_phone)::text, 1, 2) = ANY ('{20,40,22,30,39,42,21}'::text[])))"}]}, {"Node Type": "Aggregate", "Strategy": "Hashed", "Parent Relationship": "Outer", "Startup Cost": 1511601674.88, "Total Cost": 1511601674.9, "Plan Rows": 1, "Plan Width": 40, "Group By Key": ["\"substring\"((public.customer.c_phone)::text, 1, 2)"], "Plans": [{"Node Type": "Nested Loop", "Parent Relationship": "Outer", "Join Type": "Anti", "Startup Cost": 0.0, "Total Cost": 1511601674.88, "Plan Rows": 1, "Plan Width": 24, "Inner Unique": false, "Join Filter": "(orders.o_custkey = public.customer.c_custkey)", "Plans": [{"Node Type": "Seq Scan", "Parent Relationship": "Outer", "Relation Name": "customer", "Alias": "customer", "Startup Cost": 0.0, "Total Cost": 76501.0, "Plan Rows": 17500, "Plan Width": 32, "Filter": "((c_acctbal > $0) AND (\"substring\"((c_phone)::text, 1, 2) = ANY ('{20,40,22,30,39,42,21}'::text[])))"}, {"Node Type": "Materialize", "Parent Relationship": "Inner", "Startup Cost": 0.0, "Total Cost": 501411.19, "Plan Rows": 14999479, "Plan Width": 8, "Plans": [{"Node Type": "Seq Scan", "Parent Relationship": "Outer", "Relation Name": "orders", "Alias": "orders", "Startup Cost": 0.0, "Total Cost": 426413.79, "Plan Rows": 14999479, "Plan Width": 8}]}]}]}]}, "Unique SQL Id": 2798552886}, "explain_analyze_plan": null}, "(64, 59)": {"explain_plan": {"Plan": {"Node Type": "Sort", "Startup Cost": 3001574749058.39, "Total Cost": 3001574749058.39, "Plan Rows": 1, "Plan Width": 40, "Sort Key": ["(\"substring\"((public.customer.c_phone)::text, 1, 2))"], "Plans": [{"Node Type": "Aggregate", "Strategy": "Plain", "Parent Relationship": "exec_init_plan", "Subplan Name": "InitPlan 1 (returns $0)", "Startup Cost": 1000007650219.14, "Total Cost": 1000007650219.15, "Plan Rows": 1, "Plan Width": 40, "Plans": [{"Node Type": "Seq Scan", "Parent Relationship": "Outer", "Relation Name": "customer", "Alias": "customer", "Startup Cost": 10000000012.75, "Total Cost": 1000007650100.0, "Plan Rows": 47655, "Plan Width": 8, "Filter": "((c_acctbal > 0::double precision) AND (\"substring\"((c_phone)::text, 1, 2) = ANY ('{20,40,22,30,39,42,21}'::text[])))"}]}, {"Node Type": "Aggregate", "Strategy": "Hashed", "Parent Relationship": "Outer", "Startup Cost": 2001567098839.21, "Total Cost": 2001567098839.23, "Plan Rows": 1, "Plan Width": 40, "Group By Key": ["\"substring\"((public.customer.c_phone)::text, 1, 2)"], "Plans": [{"Node Type": "Nested Loop", "Parent Relationship": "Outer", "Join Type": "Anti", "Startup Cost": 20000000000.0, "Total Cost": 2001567098839.21, "Plan Rows": 1, "Plan Width": 24, "Inner Unique": false, "Join Filter": "(orders.o_custkey = public.customer.c_custkey)", "Plans": [{"Node Type": "Index Scan", "Parent Relationship": "Outer", "Scan Direction": "Forward", "Index Name": "customer_pkey", "Relation Name": "customer", "Alias": "customer", "Startup Cost": 10000000000.0, "Total Cost": 1000010514035.62, "Plan Rows": 17500, "Plan Width": 32, "Filter": "((c_acctbal > $0) AND (\"substring\"((c_phone)::text, 1, 2) = ANY ('{20,40,22,30,39,42,21}'::text[])))"}, {"Node Type": "Materialize", "Parent Relationship": "Inner", "Startup Cost": 10000000000.0, "Total Cost": 1000045561040.9, "Plan Rows": 14999479, "Plan Width": 8, "Plans": [{"Node Type": "Index Only Scan", "Parent Relationship": "Outer", "Scan Direction": "Forward", "Index Name": "idx_orders_custkey", "Relation Name": "orders", "Alias": "orders", "Startup Cost": 10000000000.0, "Total Cost": 1000045486043.5, "Plan Rows": 14999479, "Plan Width": 8}]}]}]}]}, "Unique SQL Id": 2798552886}, "explain_analyze_plan": null}, "(64, 60)": {"explain_plan": {"Plan": {"Node Type": "Sort", "Startup Cost": 274230.79, "Total Cost": 274230.8, "Plan Rows": 1, "Plan Width": 40, "Sort Key": ["(\"substring\"((public.customer.c_phone)::text, 1, 2))"], "Plans": [{"Node Type": "Aggregate", "Strategy": "Plain", "Parent Relationship": "exec_init_plan", "Subplan Name": "InitPlan 1 (returns $0)", "Startup Cost": 76620.14, "Total Cost": 76620.15, "Plan Rows": 1, "Plan Width": 40, "Plans": [{"Node Type": "Seq Scan", "Parent Relationship": "Outer", "Relation Name": "customer", "Alias": "customer", "Startup Cost": 12.95, "Total Cost": 76501.0, "Plan Rows": 47655, "Plan Width": 8, "Filter": "((c_acctbal > 0::double precision) AND (\"substring\"((c_phone)::text, 1, 2) = ANY ('{20,40,22,30,39,42,21}'::text[])))"}]}, {"Node Type": "Aggregate", "Strategy": "Hashed", "Parent Relationship": "Outer", "Startup Cost": 197610.62, "Total Cost": 197610.63, "Plan Rows": 1, "Plan Width": 40, "Group By Key": ["\"substring\"((public.customer.c_phone)::text, 1, 2)"], "Plans": [{"Node Type": "Nested Loop", "Parent Relationship": "Outer", "Join Type": "Anti", "Startup Cost": 0.0, "Total Cost": 197610.61, "Plan Rows": 1, "Plan Width": 24, "Inner Unique": false, "Plans": [{"Node Type": "Seq Scan", "Parent Relationship": "Outer", "Relation Name": "customer", "Alias": "customer", "Startup Cost": 0.0, "Total Cost": 76501.0, "Plan Rows": 17500, "Plan Width": 32, "Filter": "((c_acctbal > $0) AND (\"substring\"((c_phone)::text, 1, 2) = ANY ('{20,40,22,30,39,42,21}'::text[])))"}, {"Node Type": "Index Scan", "Parent Relationship": "Inner", "Scan Direction": "Forward", "Index Name": "idx_orders_custkey", "Relation Name": "orders", "Alias": "orders", "Startup Cost": 0.0, "Total Cost": 17.99, "Plan Rows": 4, "Plan Width": 8, "Index Cond": "(o_custkey = public.customer.c_custkey)"}]}]}]}, "Unique SQL Id": 2798552886}, "explain_analyze_plan": {"Plan": {"Node Type": "Sort", "Startup Cost": 274230.79, "Total Cost": 274230.8, "Plan Rows": 1, "Plan Width": 40, "Actual Startup Time": 4048.22, "Actual Total Time": 4048.22, "Actual Rows": 4, "Actual Loops": 1, "Sort Key": ["(\"substring\"((public.customer.c_phone)::text, 1, 2))"], "Sort Method": "quicksort", "Sort Space Used": 25, "Sort Space Type": "Memory", "Plans": [{"Node Type": "Aggregate", "Strategy": "Plain", "Parent Relationship": "exec_init_plan", "Subplan Name": "InitPlan 1 (returns $0)", "Startup Cost": 76620.14, "Total Cost": 76620.15, "Plan Rows": 1, "Plan Width": 40, "Actual Startup Time": 1960.504, "Actual Total Time": 1960.504, "Actual Rows": 1, "Actual Loops": 1, "Plans": [{"Node Type": "Seq Scan", "Parent Relationship": "Outer", "Relation Name": "customer", "Alias": "customer", "Startup Cost": 12.95, "Total Cost": 76501.0, "Plan Rows": 47655, "Plan Width": 8, "Actual Startup Time": 0.027, "Actual Total Time": 1865.668, "Actual Rows": 218121, "Actual Loops": 1, "Filter": "((c_acctbal > 0::double precision) AND (\"substring\"((c_phone)::text, 1, 2) = ANY ('{20,40,22,30,39,42,21}'::text[])))", "Rows Removed by Filter": 1281879}]}, {"Node Type": "Aggregate", "Strategy": "Hashed", "Parent Relationship": "Outer", "Startup Cost": 197610.62, "Total Cost": 197610.63, "Plan Rows": 1, "Plan Width": 40, "Actual Startup Time": 4048.179, "Actual Total Time": 4048.18, "Actual Rows": 4, "Actual Loops": 1, "Group By Key": ["\"substring\"((public.customer.c_phone)::text, 1, 2)"], "Plans": [{"Node Type": "Nested Loop", "Parent Relationship": "Outer", "Join Type": "Anti", "Startup Cost": 0.0, "Total Cost": 197610.61, "Plan Rows": 1, "Plan Width": 24, "Actual Startup Time": 1960.632, "Actual Total Time": 4024.922, "Actual Rows": 36604, "Actual Loops": 1, "Inner Unique": false, "Plans": [{"Node Type": "Seq Scan", "Parent Relationship": "Outer", "Relation Name": "customer", "Alias": "customer", "Startup Cost": 0.0, "Total Cost": 76501.0, "Plan Rows": 17500, "Plan Width": 32, "Actual Startup Time": 1960.572, "Actual Total Time": 3257.721, "Actual Rows": 109197, "Actual Loops": 1, "Filter": "((c_acctbal > $0) AND (\"substring\"((c_phone)::text, 1, 2) = ANY ('{20,40,22,30,39,42,21}'::text[])))", "Rows Removed by Filter": 1390803}, {"Node Type": "Index Scan", "Parent Relationship": "Inner", "Scan Direction": "Forward", "Index Name": "idx_orders_custkey", "Relation Name": "orders", "Alias": "orders", "Startup Cost": 0.0, "Total Cost": 17.99, "Plan Rows": 4, "Plan Width": 8, "Actual Startup Time": 660.636, "Actual Total Time": 660.636, "Actual Rows": 72593, "Actual Loops": 109197, "Index Cond": "(o_custkey = public.customer.c_custkey)", "Rows Removed by Index Recheck": 0}]}]}]}, "Triggers": [], "Planner Runtime": 0.759, "Total Runtime": 4048.42, "Unique SQL Id": 2798552886}}, "(64, 61)": {"explain_plan": {"Plan": {"Node Type": "Sort", "Startup Cost": 1000007876469.15, "Total Cost": 1000007876469.15, "Plan Rows": 1, "Plan Width": 40, "Sort Key": ["(\"substring\"((public.customer.c_phone)::text, 1, 2))"], "Plans": [{"Node Type": "Aggregate", "Strategy": "Plain", "Parent Relationship": "exec_init_plan", "Subplan Name": "InitPlan 1 (returns $0)", "Startup Cost": 1000007650219.14, "Total Cost": 1000007650219.15, "Plan Rows": 1, "Plan Width": 40, "Plans": [{"Node Type": "Seq Scan", "Parent Relationship": "Outer", "Relation Name": "customer", "Alias": "customer", "Startup Cost": 10000000012.75, "Total Cost": 1000007650100.0, "Plan Rows": 47655, "Plan Width": 8, "Filter": "((c_acctbal > 0::double precision) AND (\"substring\"((c_phone)::text, 1, 2) = ANY ('{20,40,22,30,39,42,21}'::text[])))"}]}, {"Node Type": "Aggregate", "Strategy": "Hashed", "Parent Relationship": "Outer", "Startup Cost": 226249.97, "Total Cost": 226249.99, "Plan Rows": 1, "Plan Width": 40, "Group By Key": ["\"substring\"((public.customer.c_phone)::text, 1, 2)"], "Plans": [{"Node Type": "Nested Loop", "Parent Relationship": "Outer", "Join Type": "Anti", "Startup Cost": 0.0, "Total Cost": 226249.97, "Plan Rows": 1, "Plan Width": 24, "Inner Unique": false, "Plans": [{"Node Type": "Index Scan", "Parent Relationship": "Outer", "Scan Direction": "Forward", "Index Name": "customer_pkey", "Relation Name": "customer", "Alias": "customer", "Startup Cost": 0.0, "Total Cost": 105140.36, "Plan Rows": 17500, "Plan Width": 32, "Filter": "((c_acctbal > $0) AND (\"substring\"((c_phone)::text, 1, 2) = ANY ('{20,40,22,30,39,42,21}'::text[])))"}, {"Node Type": "Index Scan", "Parent Relationship": "Inner", "Scan Direction": "Forward", "Index Name": "idx_orders_custkey", "Relation Name": "orders", "Alias": "orders", "Startup Cost": 0.0, "Total Cost": 17.99, "Plan Rows": 4, "Plan Width": 8, "Index Cond": "(o_custkey = public.customer.c_custkey)"}]}]}]}, "Unique SQL Id": 2798552886}, "explain_analyze_plan": {"Plan": {"Node Type": "Sort", "Startup Cost": 1000007876469.15, "Total Cost": 1000007876469.15, "Plan Rows": 1, "Plan Width": 40, "Actual Startup Time": 4342.858, "Actual Total Time": 4342.858, "Actual Rows": 4, "Actual Loops": 1, "Sort Key": ["(\"substring\"((public.customer.c_phone)::text, 1, 2))"], "Sort Method": "quicksort", "Sort Space Used": 25, "Sort Space Type": "Memory", "Plans": [{"Node Type": "Aggregate", "Strategy": "Plain", "Parent Relationship": "exec_init_plan", "Subplan Name": "InitPlan 1 (returns $0)", "Startup Cost": 1000007650219.14, "Total Cost": 1000007650219.15, "Plan Rows": 1, "Plan Width": 40, "Actual Startup Time": 1967.227, "Actual Total Time": 1967.229, "Actual Rows": 1, "Actual Loops": 1, "Plans": [{"Node Type": "Seq Scan", "Parent Relationship": "Outer", "Relation Name": "customer", "Alias": "customer", "Startup Cost": 10000000012.75, "Total Cost": 1000007650100.0, "Plan Rows": 47655, "Plan Width": 8, "Actual Startup Time": 0.033, "Actual Total Time": 1872.87, "Actual Rows": 218121, "Actual Loops": 1, "Filter": "((c_acctbal > 0::double precision) AND (\"substring\"((c_phone)::text, 1, 2) = ANY ('{20,40,22,30,39,42,21}'::text[])))", "Rows Removed by Filter": 1281879}]}, {"Node Type": "Aggregate", "Strategy": "Hashed", "Parent Relationship": "Outer", "Startup Cost": 226249.97, "Total Cost": 226249.99, "Plan Rows": 1, "Plan Width": 40, "Actual Startup Time": 4342.811, "Actual Total Time": 4342.814, "Actual Rows": 4, "Actual Loops": 1, "Group By Key": ["\"substring\"((public.customer.c_phone)::text, 1, 2)"], "Plans": [{"Node Type": "Nested Loop", "Parent Relationship": "Outer", "Join Type": "Anti", "Startup Cost": 0.0, "Total Cost": 226249.97, "Plan Rows": 1, "Plan Width": 24, "Actual Startup Time": 1967.46, "Actual Total Time": 4319.835, "Actual Rows": 36604, "Actual Loops": 1, "Inner Unique": false, "Plans": [{"Node Type": "Index Scan", "Parent Relationship": "Outer", "Scan Direction": "Forward", "Index Name": "customer_pkey", "Relation Name": "customer", "Alias": "customer", "Startup Cost": 0.0, "Total Cost": 105140.36, "Plan Rows": 17500, "Plan Width": 32, "Actual Startup Time": 1967.405, "Actual Total Time": 3680.796, "Actual Rows": 109197, "Actual Loops": 1, "Filter": "((c_acctbal > $0) AND (\"substring\"((c_phone)::text, 1, 2) = ANY ('{20,40,22,30,39,42,21}'::text[])))", "Rows Removed by Filter": 1390803}, {"Node Type": "Index Scan", "Parent Relationship": "Inner", "Scan Direction": "Forward", "Index Name": "idx_orders_custkey", "Relation Name": "orders", "Alias": "orders", "Startup Cost": 0.0, "Total Cost": 17.99, "Plan Rows": 4, "Plan Width": 8, "Actual Startup Time": 530.764, "Actual Total Time": 530.764, "Actual Rows": 72593, "Actual Loops": 109197, "Index Cond": "(o_custkey = public.customer.c_custkey)", "Rows Removed by Index Recheck": 0}]}]}]}, "Triggers": [], "Planner Runtime": 0.769, "Total Runtime": 4343.034, "Unique SQL Id": 2798552886}}, "(64, 62)": {"explain_plan": {"Plan": {"Node Type": "Sort", "Startup Cost": 1511678295.06, "Total Cost": 1511678295.06, "Plan Rows": 1, "Plan Width": 40, "Sort Key": ["(\"substring\"((public.customer.c_phone)::text, 1, 2))"], "Plans": [{"Node Type": "Aggregate", "Strategy": "Plain", "Parent Relationship": "exec_init_plan", "Subplan Name": "InitPlan 1 (returns $0)", "Startup Cost": 76620.14, "Total Cost": 76620.15, "Plan Rows": 1, "Plan Width": 40, "Plans": [{"Node Type": "Seq Scan", "Parent Relationship": "Outer", "Relation Name": "customer", "Alias": "customer", "Startup Cost": 12.95, "Total Cost": 76501.0, "Plan Rows": 47655, "Plan Width": 8, "Filter": "((c_acctbal > 0::double precision) AND (\"substring\"((c_phone)::text, 1, 2) = ANY ('{20,40,22,30,39,42,21}'::text[])))"}]}, {"Node Type": "Aggregate", "Strategy": "Hashed", "Parent Relationship": "Outer", "Startup Cost": 1511601674.88, "Total Cost": 1511601674.9, "Plan Rows": 1, "Plan Width": 40, "Group By Key": ["\"substring\"((public.customer.c_phone)::text, 1, 2)"], "Plans": [{"Node Type": "Nested Loop", "Parent Relationship": "Outer", "Join Type": "Anti", "Startup Cost": 0.0, "Total Cost": 1511601674.88, "Plan Rows": 1, "Plan Width": 24, "Inner Unique": false, "Join Filter": "(orders.o_custkey = public.customer.c_custkey)", "Plans": [{"Node Type": "Seq Scan", "Parent Relationship": "Outer", "Relation Name": "customer", "Alias": "customer", "Startup Cost": 0.0, "Total Cost": 76501.0, "Plan Rows": 17500, "Plan Width": 32, "Filter": "((c_acctbal > $0) AND (\"substring\"((c_phone)::text, 1, 2) = ANY ('{20,40,22,30,39,42,21}'::text[])))"}, {"Node Type": "Materialize", "Parent Relationship": "Inner", "Startup Cost": 0.0, "Total Cost": 501411.19, "Plan Rows": 14999479, "Plan Width": 8, "Plans": [{"Node Type": "Seq Scan", "Parent Relationship": "Outer", "Relation Name": "orders", "Alias": "orders", "Startup Cost": 0.0, "Total Cost": 426413.79, "Plan Rows": 14999479, "Plan Width": 8}]}]}]}]}, "Unique SQL Id": 2798552886}, "explain_analyze_plan": null}, "(64, 63)": {"explain_plan": {"Plan": {"Node Type": "Sort", "Startup Cost": 3001685314543.97, "Total Cost": 3001685314543.98, "Plan Rows": 1, "Plan Width": 40, "Sort Key": ["(\"substring\"((public.customer.c_phone)::text, 1, 2))"], "Plans": [{"Node Type": "Aggregate", "Strategy": "Plain", "Parent Relationship": "exec_init_plan", "Subplan Name": "InitPlan 1 (returns $0)", "Startup Cost": 1000007650219.14, "Total Cost": 1000007650219.15, "Plan Rows": 1, "Plan Width": 40, "Plans": [{"Node Type": "Seq Scan", "Parent Relationship": "Outer", "Relation Name": "customer", "Alias": "customer", "Startup Cost": 10000000012.75, "Total Cost": 1000007650100.0, "Plan Rows": 47655, "Plan Width": 8, "Filter": "((c_acctbal > 0::double precision) AND (\"substring\"((c_phone)::text, 1, 2) = ANY ('{20,40,22,30,39,42,21}'::text[])))"}]}, {"Node Type": "Aggregate", "Strategy": "Hashed", "Parent Relationship": "Outer", "Startup Cost": 2001677664324.8, "Total Cost": 2001677664324.81, "Plan Rows": 1, "Plan Width": 40, "Group By Key": ["\"substring\"((public.customer.c_phone)::text, 1, 2)"], "Plans": [{"Node Type": "Nested Loop", "Parent Relationship": "Outer", "Join Type": "Anti", "Startup Cost": 20000000000.0, "Total Cost": 2001677664324.79, "Plan Rows": 1, "Plan Width": 24, "Inner Unique": false, "Join Filter": "(orders.o_custkey = public.customer.c_custkey)", "Plans": [{"Node Type": "Index Scan", "Parent Relationship": "Outer", "Scan Direction": "Forward", "Index Name": "customer_pkey", "Relation Name": "customer", "Alias": "customer", "Startup Cost": 10000000000.0, "Total Cost": 1000010514035.62, "Plan Rows": 17500, "Plan Width": 32, "Filter": "((c_acctbal > $0) AND (\"substring\"((c_phone)::text, 1, 2) = ANY ('{20,40,22,30,39,42,21}'::text[])))"}, {"Node Type": "Materialize", "Parent Relationship": "Inner", "Startup Cost": 10000000000.0, "Total Cost": 1000156126526.48, "Plan Rows": 14999479, "Plan Width": 8, "Plans": [{"Node Type": "Index Scan", "Parent Relationship": "Outer", "Scan Direction": "Forward", "Index Name": "idx_orders_custkey", "Relation Name": "orders", "Alias": "orders", "Startup Cost": 10000000000.0, "Total Cost": 1000156051529.08, "Plan Rows": 14999479, "Plan Width": 8}]}]}]}]}, "Unique SQL Id": 2798552886}, "explain_analyze_plan": null}, "(64, 64)": {"explain_plan": {"Plan": {"Node Type": "Sort", "Startup Cost": 178853.67, "Total Cost": 178853.67, "Plan Rows": 1, "Plan Width": 40, "Sort Key": ["(\"substring\"((public.customer.c_phone)::text, 1, 2))"], "Plans": [{"Node Type": "Aggregate", "Strategy": "Plain", "Parent Relationship": "exec_init_plan", "Subplan Name": "InitPlan 1 (returns $0)", "Startup Cost": 76620.14, "Total Cost": 76620.15, "Plan Rows": 1, "Plan Width": 40, "Plans": [{"Node Type": "Seq Scan", "Parent Relationship": "Outer", "Relation Name": "customer", "Alias": "customer", "Startup Cost": 12.95, "Total Cost": 76501.0, "Plan Rows": 47655, "Plan Width": 8, "Filter": "((c_acctbal > 0::double precision) AND (\"substring\"((c_phone)::text, 1, 2) = ANY ('{20,40,22,30,39,42,21}'::text[])))"}]}, {"Node Type": "Aggregate", "Strategy": "Hashed", "Parent Relationship": "Outer", "Startup Cost": 102233.49, "Total Cost": 102233.51, "Plan Rows": 1, "Plan Width": 40, "Group By Key": ["\"substring\"((public.customer.c_phone)::text, 1, 2)"], "Plans": [{"Node Type": "Nested Loop", "Parent Relationship": "Outer", "Join Type": "Anti", "Startup Cost": 0.0, "Total Cost": 102233.49, "Plan Rows": 1, "Plan Width": 24, "Inner Unique": false, "Plans": [{"Node Type": "Seq Scan", "Parent Relationship": "Outer", "Relation Name": "customer", "Alias": "customer", "Startup Cost": 0.0, "Total Cost": 76501.0, "Plan Rows": 17500, "Plan Width": 32, "Filter": "((c_acctbal > $0) AND (\"substring\"((c_phone)::text, 1, 2) = ANY ('{20,40,22,30,39,42,21}'::text[])))"}, {"Node Type": "Index Only Scan", "Parent Relationship": "Inner", "Scan Direction": "Forward", "Index Name": "idx_orders_custkey", "Relation Name": "orders", "Alias": "orders", "Startup Cost": 0.0, "Total Cost": 3.79, "Plan Rows": 4, "Plan Width": 8, "Index Cond": "(o_custkey = public.customer.c_custkey)"}]}]}]}, "Unique SQL Id": 2798552886}, "explain_analyze_plan": {"Plan": {"Node Type": "Sort", "Startup Cost": 178853.67, "Total Cost": 178853.67, "Plan Rows": 1, "Plan Width": 40, "Actual Startup Time": 3874.835, "Actual Total Time": 3874.836, "Actual Rows": 4, "Actual Loops": 1, "Sort Key": ["(\"substring\"((public.customer.c_phone)::text, 1, 2))"], "Sort Method": "quicksort", "Sort Space Used": 25, "Sort Space Type": "Memory", "Plans": [{"Node Type": "Aggregate", "Strategy": "Plain", "Parent Relationship": "exec_init_plan", "Subplan Name": "InitPlan 1 (returns $0)", "Startup Cost": 76620.14, "Total Cost": 76620.15, "Plan Rows": 1, "Plan Width": 40, "Actual Startup Time": 1994.529, "Actual Total Time": 1994.529, "Actual Rows": 1, "Actual Loops": 1, "Plans": [{"Node Type": "Seq Scan", "Parent Relationship": "Outer", "Relation Name": "customer", "Alias": "customer", "Startup Cost": 12.95, "Total Cost": 76501.0, "Plan Rows": 47655, "Plan Width": 8, "Actual Startup Time": 0.029, "Actual Total Time": 1899.991, "Actual Rows": 218121, "Actual Loops": 1, "Filter": "((c_acctbal > 0::double precision) AND (\"substring\"((c_phone)::text, 1, 2) = ANY ('{20,40,22,30,39,42,21}'::text[])))", "Rows Removed by Filter": 1281879}]}, {"Node Type": "Aggregate", "Strategy": "Hashed", "Parent Relationship": "Outer", "Startup Cost": 102233.49, "Total Cost": 102233.51, "Plan Rows": 1, "Plan Width": 40, "Actual Startup Time": 3874.687, "Actual Total Time": 3874.701, "Actual Rows": 4, "Actual Loops": 1, "Group By Key": ["\"substring\"((public.customer.c_phone)::text, 1, 2)"], "Plans": [{"Node Type": "Nested Loop", "Parent Relationship": "Outer", "Join Type": "Anti", "Startup Cost": 0.0, "Total Cost": 102233.49, "Plan Rows": 1, "Plan Width": 24, "Actual Startup Time": 1994.649, "Actual Total Time": 3852.097, "Actual Rows": 36604, "Actual Loops": 1, "Inner Unique": false, "Plans": [{"Node Type": "Seq Scan", "Parent Relationship": "Outer", "Relation Name": "customer", "Alias": "customer", "Startup Cost": 0.0, "Total Cost": 76501.0, "Plan Rows": 17500, "Plan Width": 32, "Actual Startup Time": 1994.594, "Actual Total Time": 3277.642, "Actual Rows": 109197, "Actual Loops": 1, "Filter": "((c_acctbal > $0) AND (\"substring\"((c_phone)::text, 1, 2) = ANY ('{20,40,22,30,39,42,21}'::text[])))", "Rows Removed by Filter": 1390803}, {"Node Type": "Index Only Scan", "Parent Relationship": "Inner", "Scan Direction": "Forward", "Index Name": "idx_orders_custkey", "Relation Name": "orders", "Alias": "orders", "Startup Cost": 0.0, "Total Cost": 3.79, "Plan Rows": 4, "Plan Width": 8, "Actual Startup Time": 473.016, "Actual Total Time": 473.016, "Actual Rows": 72593, "Actual Loops": 109197, "Index Cond": "(o_custkey = public.customer.c_custkey)", "Rows Removed by Index Recheck": 0, "Heap Fetches": 0}]}]}]}, "Triggers": [], "Planner Runtime": 0.763, "Total Runtime": 3875.036, "Unique SQL Id": 2798552886}}, "(64, 65)": {"explain_plan": {"Plan": {"Node Type": "Sort", "Startup Cost": 1000007781092.03, "Total Cost": 1000007781092.03, "Plan Rows": 1, "Plan Width": 40, "Sort Key": ["(\"substring\"((public.customer.c_phone)::text, 1, 2))"], "Plans": [{"Node Type": "Aggregate", "Strategy": "Plain", "Parent Relationship": "exec_init_plan", "Subplan Name": "InitPlan 1 (returns $0)", "Startup Cost": 1000007650219.14, "Total Cost": 1000007650219.15, "Plan Rows": 1, "Plan Width": 40, "Plans": [{"Node Type": "Seq Scan", "Parent Relationship": "Outer", "Relation Name": "customer", "Alias": "customer", "Startup Cost": 10000000012.75, "Total Cost": 1000007650100.0, "Plan Rows": 47655, "Plan Width": 8, "Filter": "((c_acctbal > 0::double precision) AND (\"substring\"((c_phone)::text, 1, 2) = ANY ('{20,40,22,30,39,42,21}'::text[])))"}]}, {"Node Type": "Aggregate", "Strategy": "Hashed", "Parent Relationship": "Outer", "Startup Cost": 130872.85, "Total Cost": 130872.87, "Plan Rows": 1, "Plan Width": 40, "Group By Key": ["\"substring\"((public.customer.c_phone)::text, 1, 2)"], "Plans": [{"Node Type": "Nested Loop", "Parent Relationship": "Outer", "Join Type": "Anti", "Startup Cost": 0.0, "Total Cost": 130872.84, "Plan Rows": 1, "Plan Width": 24, "Inner Unique": false, "Plans": [{"Node Type": "Index Scan", "Parent Relationship": "Outer", "Scan Direction": "Forward", "Index Name": "customer_pkey", "Relation Name": "customer", "Alias": "customer", "Startup Cost": 0.0, "Total Cost": 105140.36, "Plan Rows": 17500, "Plan Width": 32, "Filter": "((c_acctbal > $0) AND (\"substring\"((c_phone)::text, 1, 2) = ANY ('{20,40,22,30,39,42,21}'::text[])))"}, {"Node Type": "Index Only Scan", "Parent Relationship": "Inner", "Scan Direction": "Forward", "Index Name": "idx_orders_custkey", "Relation Name": "orders", "Alias": "orders", "Startup Cost": 0.0, "Total Cost": 3.79, "Plan Rows": 4, "Plan Width": 8, "Index Cond": "(o_custkey = public.customer.c_custkey)"}]}]}]}, "Unique SQL Id": 2798552886}, "explain_analyze_plan": {"Plan": {"Node Type": "Sort", "Startup Cost": 1000007781092.03, "Total Cost": 1000007781092.03, "Plan Rows": 1, "Plan Width": 40, "Actual Startup Time": 4540.757, "Actual Total Time": 4540.757, "Actual Rows": 4, "Actual Loops": 1, "Sort Key": ["(\"substring\"((public.customer.c_phone)::text, 1, 2))"], "Sort Method": "quicksort", "Sort Space Used": 25, "Sort Space Type": "Memory", "Plans": [{"Node Type": "Aggregate", "Strategy": "Plain", "Parent Relationship": "exec_init_plan", "Subplan Name": "InitPlan 1 (returns $0)", "Startup Cost": 1000007650219.14, "Total Cost": 1000007650219.15, "Plan Rows": 1, "Plan Width": 40, "Actual Startup Time": 1995.612, "Actual Total Time": 1995.612, "Actual Rows": 1, "Actual Loops": 1, "Plans": [{"Node Type": "Seq Scan", "Parent Relationship": "Outer", "Relation Name": "customer", "Alias": "customer", "Startup Cost": 10000000012.75, "Total Cost": 1000007650100.0, "Plan Rows": 47655, "Plan Width": 8, "Actual Startup Time": 0.036, "Actual Total Time": 1901.667, "Actual Rows": 218121, "Actual Loops": 1, "Filter": "((c_acctbal > 0::double precision) AND (\"substring\"((c_phone)::text, 1, 2) = ANY ('{20,40,22,30,39,42,21}'::text[])))", "Rows Removed by Filter": 1281879}]}, {"Node Type": "Aggregate", "Strategy": "Hashed", "Parent Relationship": "Outer", "Startup Cost": 130872.85, "Total Cost": 130872.87, "Plan Rows": 1, "Plan Width": 40, "Actual Startup Time": 4540.614, "Actual Total Time": 4540.628, "Actual Rows": 4, "Actual Loops": 1, "Group By Key": ["\"substring\"((public.customer.c_phone)::text, 1, 2)"], "Plans": [{"Node Type": "Nested Loop", "Parent Relationship": "Outer", "Join Type": "Anti", "Startup Cost": 0.0, "Total Cost": 130872.84, "Plan Rows": 1, "Plan Width": 24, "Actual Startup Time": 1995.887, "Actual Total Time": 4518.037, "Actual Rows": 36604, "Actual Loops": 1, "Inner Unique": false, "Plans": [{"Node Type": "Index Scan", "Parent Relationship": "Outer", "Scan Direction": "Forward", "Index Name": "customer_pkey", "Relation Name": "customer", "Alias": "customer", "Startup Cost": 0.0, "Total Cost": 105140.36, "Plan Rows": 17500, "Plan Width": 32, "Actual Startup Time": 1995.824, "Actual Total Time": 3913.868, "Actual Rows": 109197, "Actual Loops": 1, "Filter": "((c_acctbal > $0) AND (\"substring\"((c_phone)::text, 1, 2) = ANY ('{20,40,22,30,39,42,21}'::text[])))", "Rows Removed by Filter": 1390803}, {"Node Type": "Index Only Scan", "Parent Relationship": "Inner", "Scan Direction": "Forward", "Index Name": "idx_orders_custkey", "Relation Name": "orders", "Alias": "orders", "Startup Cost": 0.0, "Total Cost": 3.79, "Plan Rows": 4, "Plan Width": 8, "Actual Startup Time": 500.727, "Actual Total Time": 500.727, "Actual Rows": 72593, "Actual Loops": 109197, "Index Cond": "(o_custkey = public.customer.c_custkey)", "Rows Removed by Index Recheck": 0, "Heap Fetches": 0}]}]}]}, "Triggers": [], "Planner Runtime": 0.757, "Total Runtime": 4540.956, "Unique SQL Id": 2798552886}}, "(64, 66)": {"explain_plan": {"Plan": {"Node Type": "Sort", "Startup Cost": 326543.88, "Total Cost": 326543.89, "Plan Rows": 1, "Plan Width": 40, "Sort Key": ["(\"substring\"((public.customer.c_phone)::text, 1, 2))"], "Plans": [{"Node Type": "Aggregate", "Strategy": "Plain", "Parent Relationship": "exec_init_plan", "Subplan Name": "InitPlan 1 (returns $0)", "Startup Cost": 76620.14, "Total Cost": 76620.15, "Plan Rows": 1, "Plan Width": 40, "Plans": [{"Node Type": "Seq Scan", "Parent Relationship": "Outer", "Relation Name": "customer", "Alias": "customer", "Startup Cost": 12.95, "Total Cost": 76501.0, "Plan Rows": 47655, "Plan Width": 8, "Filter": "((c_acctbal > 0::double precision) AND (\"substring\"((c_phone)::text, 1, 2) = ANY ('{20,40,22,30,39,42,21}'::text[])))"}]}, {"Node Type": "Aggregate", "Strategy": "Hashed", "Parent Relationship": "Outer", "Startup Cost": 249923.71, "Total Cost": 249923.72, "Plan Rows": 1, "Plan Width": 40, "Group By Key": ["\"substring\"((public.customer.c_phone)::text, 1, 2)"], "Plans": [{"Node Type": "Nested Loop", "Parent Relationship": "Outer", "Join Type": "Anti", "Startup Cost": 3.75, "Total Cost": 249923.7, "Plan Rows": 1, "Plan Width": 24, "Inner Unique": false, "Plans": [{"Node Type": "Seq Scan", "Parent Relationship": "Outer", "Relation Name": "customer", "Alias": "customer", "Startup Cost": 0.0, "Total Cost": 76501.0, "Plan Rows": 17500, "Plan Width": 32, "Filter": "((c_acctbal > $0) AND (\"substring\"((c_phone)::text, 1, 2) = ANY ('{20,40,22,30,39,42,21}'::text[])))"}, {"Node Type": "Bitmap Heap Scan", "Parent Relationship": "Inner", "Relation Name": "orders", "Alias": "orders", "Startup Cost": 3.75, "Total Cost": 19.76, "Plan Rows": 4, "Plan Width": 8, "Recheck Cond": "(o_custkey = public.customer.c_custkey)", "Plans": [{"Node Type": "Bitmap Index Scan", "Parent Relationship": "Outer", "Index Name": "idx_orders_custkey", "Startup Cost": 0.0, "Total Cost": 3.75, "Plan Rows": 4, "Plan Width": 0, "Index Cond": "(o_custkey = public.customer.c_custkey)"}]}]}]}]}, "Unique SQL Id": 2798552886}, "explain_analyze_plan": {"Plan": {"Node Type": "Sort", "Startup Cost": 326543.88, "Total Cost": 326543.89, "Plan Rows": 1, "Plan Width": 40, "Actual Startup Time": 4414.71, "Actual Total Time": 4414.711, "Actual Rows": 4, "Actual Loops": 1, "Sort Key": ["(\"substring\"((public.customer.c_phone)::text, 1, 2))"], "Sort Method": "quicksort", "Sort Space Used": 25, "Sort Space Type": "Memory", "Plans": [{"Node Type": "Aggregate", "Strategy": "Plain", "Parent Relationship": "exec_init_plan", "Subplan Name": "InitPlan 1 (returns $0)", "Startup Cost": 76620.14, "Total Cost": 76620.15, "Plan Rows": 1, "Plan Width": 40, "Actual Startup Time": 1995.799, "Actual Total Time": 1995.799, "Actual Rows": 1, "Actual Loops": 1, "Plans": [{"Node Type": "Seq Scan", "Parent Relationship": "Outer", "Relation Name": "customer", "Alias": "customer", "Startup Cost": 12.95, "Total Cost": 76501.0, "Plan Rows": 47655, "Plan Width": 8, "Actual Startup Time": 0.031, "Actual Total Time": 1901.337, "Actual Rows": 218121, "Actual Loops": 1, "Filter": "((c_acctbal > 0::double precision) AND (\"substring\"((c_phone)::text, 1, 2) = ANY ('{20,40,22,30,39,42,21}'::text[])))", "Rows Removed by Filter": 1281879}]}, {"Node Type": "Aggregate", "Strategy": "Hashed", "Parent Relationship": "Outer", "Startup Cost": 249923.71, "Total Cost": 249923.72, "Plan Rows": 1, "Plan Width": 40, "Actual Startup Time": 4414.669, "Actual Total Time": 4414.669, "Actual Rows": 4, "Actual Loops": 1, "Group By Key": ["\"substring\"((public.customer.c_phone)::text, 1, 2)"], "Plans": [{"Node Type": "Nested Loop", "Parent Relationship": "Outer", "Join Type": "Anti", "Startup Cost": 3.75, "Total Cost": 249923.7, "Plan Rows": 1, "Plan Width": 24, "Actual Startup Time": 1995.923, "Actual Total Time": 4387.776, "Actual Rows": 36604, "Actual Loops": 1, "Inner Unique": false, "Plans": [{"Node Type": "Seq Scan", "Parent Relationship": "Outer", "Relation Name": "customer", "Alias": "customer", "Startup Cost": 0.0, "Total Cost": 76501.0, "Plan Rows": 17500, "Plan Width": 32, "Actual Startup Time": 1995.862, "Actual Total Time": 3284.286, "Actual Rows": 109197, "Actual Loops": 1, "Filter": "((c_acctbal > $0) AND (\"substring\"((c_phone)::text, 1, 2) = ANY ('{20,40,22,30,39,42,21}'::text[])))", "Rows Removed by Filter": 1390803}, {"Node Type": "Bitmap Heap Scan", "Parent Relationship": "Inner", "Relation Name": "orders", "Alias": "orders", "Startup Cost": 3.75, "Total Cost": 19.76, "Plan Rows": 4, "Plan Width": 8, "Actual Startup Time": 918.298, "Actual Total Time": 918.298, "Actual Rows": 72593, "Actual Loops": 109197, "Recheck Cond": "(o_custkey = public.customer.c_custkey)", "Rows Removed by Index Recheck": 0, "Exact Heap Blocks": 72593, "Lossy Heap Blocks": 72593, "Plans": [{"Node Type": "Bitmap Index Scan", "Parent Relationship": "Outer", "Index Name": "idx_orders_custkey", "Startup Cost": 0.0, "Total Cost": 3.75, "Plan Rows": 4, "Plan Width": 0, "Actual Startup Time": 572.408, "Actual Total Time": 572.408, "Actual Rows": 1091631, "Actual Loops": 109197, "Index Cond": "(o_custkey = public.customer.c_custkey)"}]}]}]}]}, "Triggers": [], "Planner Runtime": 0.77, "Total Runtime": 4415.004, "Unique SQL Id": 2798552886}}, "(64, 67)": {"explain_plan": {"Plan": {"Node Type": "Sort", "Startup Cost": 2000018337677.51, "Total Cost": 2000018337677.51, "Plan Rows": 1, "Plan Width": 40, "Sort Key": ["(\"substring\"((public.customer.c_phone)::text, 1, 2))"], "Plans": [{"Node Type": "Aggregate", "Strategy": "Plain", "Parent Relationship": "exec_init_plan", "Subplan Name": "InitPlan 1 (returns $0)", "Startup Cost": 1000007650219.14, "Total Cost": 1000007650219.15, "Plan Rows": 1, "Plan Width": 40, "Plans": [{"Node Type": "Seq Scan", "Parent Relationship": "Outer", "Relation Name": "customer", "Alias": "customer", "Startup Cost": 10000000012.75, "Total Cost": 1000007650100.0, "Plan Rows": 47655, "Plan Width": 8, "Filter": "((c_acctbal > 0::double precision) AND (\"substring\"((c_phone)::text, 1, 2) = ANY ('{20,40,22,30,39,42,21}'::text[])))"}]}, {"Node Type": "Aggregate", "Strategy": "Hashed", "Parent Relationship": "Outer", "Startup Cost": 1000010687458.33, "Total Cost": 1000010687458.35, "Plan Rows": 1, "Plan Width": 40, "Group By Key": ["\"substring\"((public.customer.c_phone)::text, 1, 2)"], "Plans": [{"Node Type": "Nested Loop", "Parent Relationship": "Outer", "Join Type": "Anti", "Startup Cost": 10000000003.75, "Total Cost": 1000010687458.32, "Plan Rows": 1, "Plan Width": 24, "Inner Unique": false, "Plans": [{"Node Type": "Index Scan", "Parent Relationship": "Outer", "Scan Direction": "Forward", "Index Name": "customer_pkey", "Relation Name": "customer", "Alias": "customer", "Startup Cost": 10000000000.0, "Total Cost": 1000010514035.62, "Plan Rows": 17500, "Plan Width": 32, "Filter": "((c_acctbal > $0) AND (\"substring\"((c_phone)::text, 1, 2) = ANY ('{20,40,22,30,39,42,21}'::text[])))"}, {"Node Type": "Bitmap Heap Scan", "Parent Relationship": "Inner", "Relation Name": "orders", "Alias": "orders", "Startup Cost": 3.75, "Total Cost": 19.76, "Plan Rows": 4, "Plan Width": 8, "Recheck Cond": "(o_custkey = public.customer.c_custkey)", "Plans": [{"Node Type": "Bitmap Index Scan", "Parent Relationship": "Outer", "Index Name": "idx_orders_custkey", "Startup Cost": 0.0, "Total Cost": 3.75, "Plan Rows": 4, "Plan Width": 0, "Index Cond": "(o_custkey = public.customer.c_custkey)"}]}]}]}]}, "Unique SQL Id": 2798552886}, "explain_analyze_plan": {"Plan": {"Node Type": "Sort", "Startup Cost": 2000018337677.51, "Total Cost": 2000018337677.51, "Plan Rows": 1, "Plan Width": 40, "Actual Startup Time": 4987.955, "Actual Total Time": 4987.956, "Actual Rows": 4, "Actual Loops": 1, "Sort Key": ["(\"substring\"((public.customer.c_phone)::text, 1, 2))"], "Sort Method": "quicksort", "Sort Space Used": 25, "Sort Space Type": "Memory", "Plans": [{"Node Type": "Aggregate", "Strategy": "Plain", "Parent Relationship": "exec_init_plan", "Subplan Name": "InitPlan 1 (returns $0)", "Startup Cost": 1000007650219.14, "Total Cost": 1000007650219.15, "Plan Rows": 1, "Plan Width": 40, "Actual Startup Time": 2018.097, "Actual Total Time": 2018.099, "Actual Rows": 1, "Actual Loops": 1, "Plans": [{"Node Type": "Seq Scan", "Parent Relationship": "Outer", "Relation Name": "customer", "Alias": "customer", "Startup Cost": 10000000012.75, "Total Cost": 1000007650100.0, "Plan Rows": 47655, "Plan Width": 8, "Actual Startup Time": 0.04, "Actual Total Time": 1922.099, "Actual Rows": 218121, "Actual Loops": 1, "Filter": "((c_acctbal > 0::double precision) AND (\"substring\"((c_phone)::text, 1, 2) = ANY ('{20,40,22,30,39,42,21}'::text[])))", "Rows Removed by Filter": 1281879}]}, {"Node Type": "Aggregate", "Strategy": "Hashed", "Parent Relationship": "Outer", "Startup Cost": 1000010687458.33, "Total Cost": 1000010687458.35, "Plan Rows": 1, "Plan Width": 40, "Actual Startup Time": 4987.905, "Actual Total Time": 4987.907, "Actual Rows": 4, "Actual Loops": 1, "Group By Key": ["\"substring\"((public.customer.c_phone)::text, 1, 2)"], "Plans": [{"Node Type": "Nested Loop", "Parent Relationship": "Outer", "Join Type": "Anti", "Startup Cost": 10000000003.75, "Total Cost": 1000010687458.32, "Plan Rows": 1, "Plan Width": 24, "Actual Startup Time": 2018.334, "Actual Total Time": 4960.279, "Actual Rows": 36604, "Actual Loops": 1, "Inner Unique": false, "Plans": [{"Node Type": "Index Scan", "Parent Relationship": "Outer", "Scan Direction": "Forward", "Index Name": "customer_pkey", "Relation Name": "customer", "Alias": "customer", "Startup Cost": 10000000000.0, "Total Cost": 1000010514035.62, "Plan Rows": 17500, "Plan Width": 32, "Actual Startup Time": 2018.263, "Actual Total Time": 3830.61, "Actual Rows": 109197, "Actual Loops": 1, "Filter": "((c_acctbal > $0) AND (\"substring\"((c_phone)::text, 1, 2) = ANY ('{20,40,22,30,39,42,21}'::text[])))", "Rows Removed by Filter": 1390803}, {"Node Type": "Bitmap Heap Scan", "Parent Relationship": "Inner", "Relation Name": "orders", "Alias": "orders", "Startup Cost": 3.75, "Total Cost": 19.76, "Plan Rows": 4, "Plan Width": 8, "Actual Startup Time": 941.988, "Actual Total Time": 941.988, "Actual Rows": 72593, "Actual Loops": 109197, "Recheck Cond": "(o_custkey = public.customer.c_custkey)", "Rows Removed by Index Recheck": 0, "Exact Heap Blocks": 72593, "Lossy Heap Blocks": 72593, "Plans": [{"Node Type": "Bitmap Index Scan", "Parent Relationship": "Outer", "Index Name": "idx_orders_custkey", "Startup Cost": 0.0, "Total Cost": 3.75, "Plan Rows": 4, "Plan Width": 0, "Actual Startup Time": 583.569, "Actual Total Time": 583.569, "Actual Rows": 1091631, "Actual Loops": 109197, "Index Cond": "(o_custkey = public.customer.c_custkey)"}]}]}]}]}, "Triggers": [], "Planner Runtime": 0.731, "Total Runtime": 4988.153, "Unique SQL Id": 2798552886}}, "(64, 68)": {"explain_plan": {"Plan": {"Node Type": "Sort", "Startup Cost": 274230.79, "Total Cost": 274230.8, "Plan Rows": 1, "Plan Width": 40, "Sort Key": ["(\"substring\"((public.customer.c_phone)::text, 1, 2))"], "Plans": [{"Node Type": "Aggregate", "Strategy": "Plain", "Parent Relationship": "exec_init_plan", "Subplan Name": "InitPlan 1 (returns $0)", "Startup Cost": 76620.14, "Total Cost": 76620.15, "Plan Rows": 1, "Plan Width": 40, "Plans": [{"Node Type": "Seq Scan", "Parent Relationship": "Outer", "Relation Name": "customer", "Alias": "customer", "Startup Cost": 12.95, "Total Cost": 76501.0, "Plan Rows": 47655, "Plan Width": 8, "Filter": "((c_acctbal > 0::double precision) AND (\"substring\"((c_phone)::text, 1, 2) = ANY ('{20,40,22,30,39,42,21}'::text[])))"}]}, {"Node Type": "Aggregate", "Strategy": "Hashed", "Parent Relationship": "Outer", "Startup Cost": 197610.62, "Total Cost": 197610.63, "Plan Rows": 1, "Plan Width": 40, "Group By Key": ["\"substring\"((public.customer.c_phone)::text, 1, 2)"], "Plans": [{"Node Type": "Nested Loop", "Parent Relationship": "Outer", "Join Type": "Anti", "Startup Cost": 0.0, "Total Cost": 197610.61, "Plan Rows": 1, "Plan Width": 24, "Inner Unique": false, "Plans": [{"Node Type": "Seq Scan", "Parent Relationship": "Outer", "Relation Name": "customer", "Alias": "customer", "Startup Cost": 0.0, "Total Cost": 76501.0, "Plan Rows": 17500, "Plan Width": 32, "Filter": "((c_acctbal > $0) AND (\"substring\"((c_phone)::text, 1, 2) = ANY ('{20,40,22,30,39,42,21}'::text[])))"}, {"Node Type": "Index Scan", "Parent Relationship": "Inner", "Scan Direction": "Forward", "Index Name": "idx_orders_custkey", "Relation Name": "orders", "Alias": "orders", "Startup Cost": 0.0, "Total Cost": 17.99, "Plan Rows": 4, "Plan Width": 8, "Index Cond": "(o_custkey = public.customer.c_custkey)"}]}]}]}, "Unique SQL Id": 2798552886}, "explain_analyze_plan": {"Plan": {"Node Type": "Sort", "Startup Cost": 274230.79, "Total Cost": 274230.8, "Plan Rows": 1, "Plan Width": 40, "Actual Startup Time": 4048.22, "Actual Total Time": 4048.22, "Actual Rows": 4, "Actual Loops": 1, "Sort Key": ["(\"substring\"((public.customer.c_phone)::text, 1, 2))"], "Sort Method": "quicksort", "Sort Space Used": 25, "Sort Space Type": "Memory", "Plans": [{"Node Type": "Aggregate", "Strategy": "Plain", "Parent Relationship": "exec_init_plan", "Subplan Name": "InitPlan 1 (returns $0)", "Startup Cost": 76620.14, "Total Cost": 76620.15, "Plan Rows": 1, "Plan Width": 40, "Actual Startup Time": 1960.504, "Actual Total Time": 1960.504, "Actual Rows": 1, "Actual Loops": 1, "Plans": [{"Node Type": "Seq Scan", "Parent Relationship": "Outer", "Relation Name": "customer", "Alias": "customer", "Startup Cost": 12.95, "Total Cost": 76501.0, "Plan Rows": 47655, "Plan Width": 8, "Actual Startup Time": 0.027, "Actual Total Time": 1865.668, "Actual Rows": 218121, "Actual Loops": 1, "Filter": "((c_acctbal > 0::double precision) AND (\"substring\"((c_phone)::text, 1, 2) = ANY ('{20,40,22,30,39,42,21}'::text[])))", "Rows Removed by Filter": 1281879}]}, {"Node Type": "Aggregate", "Strategy": "Hashed", "Parent Relationship": "Outer", "Startup Cost": 197610.62, "Total Cost": 197610.63, "Plan Rows": 1, "Plan Width": 40, "Actual Startup Time": 4048.179, "Actual Total Time": 4048.18, "Actual Rows": 4, "Actual Loops": 1, "Group By Key": ["\"substring\"((public.customer.c_phone)::text, 1, 2)"], "Plans": [{"Node Type": "Nested Loop", "Parent Relationship": "Outer", "Join Type": "Anti", "Startup Cost": 0.0, "Total Cost": 197610.61, "Plan Rows": 1, "Plan Width": 24, "Actual Startup Time": 1960.632, "Actual Total Time": 4024.922, "Actual Rows": 36604, "Actual Loops": 1, "Inner Unique": false, "Plans": [{"Node Type": "Seq Scan", "Parent Relationship": "Outer", "Relation Name": "customer", "Alias": "customer", "Startup Cost": 0.0, "Total Cost": 76501.0, "Plan Rows": 17500, "Plan Width": 32, "Actual Startup Time": 1960.572, "Actual Total Time": 3257.721, "Actual Rows": 109197, "Actual Loops": 1, "Filter": "((c_acctbal > $0) AND (\"substring\"((c_phone)::text, 1, 2) = ANY ('{20,40,22,30,39,42,21}'::text[])))", "Rows Removed by Filter": 1390803}, {"Node Type": "Index Scan", "Parent Relationship": "Inner", "Scan Direction": "Forward", "Index Name": "idx_orders_custkey", "Relation Name": "orders", "Alias": "orders", "Startup Cost": 0.0, "Total Cost": 17.99, "Plan Rows": 4, "Plan Width": 8, "Actual Startup Time": 660.636, "Actual Total Time": 660.636, "Actual Rows": 72593, "Actual Loops": 109197, "Index Cond": "(o_custkey = public.customer.c_custkey)", "Rows Removed by Index Recheck": 0}]}]}]}, "Triggers": [], "Planner Runtime": 0.759, "Total Runtime": 4048.42, "Unique SQL Id": 2798552886}}, "(64, 69)": {"explain_plan": {"Plan": {"Node Type": "Sort", "Startup Cost": 1000007876469.15, "Total Cost": 1000007876469.15, "Plan Rows": 1, "Plan Width": 40, "Sort Key": ["(\"substring\"((public.customer.c_phone)::text, 1, 2))"], "Plans": [{"Node Type": "Aggregate", "Strategy": "Plain", "Parent Relationship": "exec_init_plan", "Subplan Name": "InitPlan 1 (returns $0)", "Startup Cost": 1000007650219.14, "Total Cost": 1000007650219.15, "Plan Rows": 1, "Plan Width": 40, "Plans": [{"Node Type": "Seq Scan", "Parent Relationship": "Outer", "Relation Name": "customer", "Alias": "customer", "Startup Cost": 10000000012.75, "Total Cost": 1000007650100.0, "Plan Rows": 47655, "Plan Width": 8, "Filter": "((c_acctbal > 0::double precision) AND (\"substring\"((c_phone)::text, 1, 2) = ANY ('{20,40,22,30,39,42,21}'::text[])))"}]}, {"Node Type": "Aggregate", "Strategy": "Hashed", "Parent Relationship": "Outer", "Startup Cost": 226249.97, "Total Cost": 226249.99, "Plan Rows": 1, "Plan Width": 40, "Group By Key": ["\"substring\"((public.customer.c_phone)::text, 1, 2)"], "Plans": [{"Node Type": "Nested Loop", "Parent Relationship": "Outer", "Join Type": "Anti", "Startup Cost": 0.0, "Total Cost": 226249.97, "Plan Rows": 1, "Plan Width": 24, "Inner Unique": false, "Plans": [{"Node Type": "Index Scan", "Parent Relationship": "Outer", "Scan Direction": "Forward", "Index Name": "customer_pkey", "Relation Name": "customer", "Alias": "customer", "Startup Cost": 0.0, "Total Cost": 105140.36, "Plan Rows": 17500, "Plan Width": 32, "Filter": "((c_acctbal > $0) AND (\"substring\"((c_phone)::text, 1, 2) = ANY ('{20,40,22,30,39,42,21}'::text[])))"}, {"Node Type": "Index Scan", "Parent Relationship": "Inner", "Scan Direction": "Forward", "Index Name": "idx_orders_custkey", "Relation Name": "orders", "Alias": "orders", "Startup Cost": 0.0, "Total Cost": 17.99, "Plan Rows": 4, "Plan Width": 8, "Index Cond": "(o_custkey = public.customer.c_custkey)"}]}]}]}, "Unique SQL Id": 2798552886}, "explain_analyze_plan": {"Plan": {"Node Type": "Sort", "Startup Cost": 1000007876469.15, "Total Cost": 1000007876469.15, "Plan Rows": 1, "Plan Width": 40, "Actual Startup Time": 4342.858, "Actual Total Time": 4342.858, "Actual Rows": 4, "Actual Loops": 1, "Sort Key": ["(\"substring\"((public.customer.c_phone)::text, 1, 2))"], "Sort Method": "quicksort", "Sort Space Used": 25, "Sort Space Type": "Memory", "Plans": [{"Node Type": "Aggregate", "Strategy": "Plain", "Parent Relationship": "exec_init_plan", "Subplan Name": "InitPlan 1 (returns $0)", "Startup Cost": 1000007650219.14, "Total Cost": 1000007650219.15, "Plan Rows": 1, "Plan Width": 40, "Actual Startup Time": 1967.227, "Actual Total Time": 1967.229, "Actual Rows": 1, "Actual Loops": 1, "Plans": [{"Node Type": "Seq Scan", "Parent Relationship": "Outer", "Relation Name": "customer", "Alias": "customer", "Startup Cost": 10000000012.75, "Total Cost": 1000007650100.0, "Plan Rows": 47655, "Plan Width": 8, "Actual Startup Time": 0.033, "Actual Total Time": 1872.87, "Actual Rows": 218121, "Actual Loops": 1, "Filter": "((c_acctbal > 0::double precision) AND (\"substring\"((c_phone)::text, 1, 2) = ANY ('{20,40,22,30,39,42,21}'::text[])))", "Rows Removed by Filter": 1281879}]}, {"Node Type": "Aggregate", "Strategy": "Hashed", "Parent Relationship": "Outer", "Startup Cost": 226249.97, "Total Cost": 226249.99, "Plan Rows": 1, "Plan Width": 40, "Actual Startup Time": 4342.811, "Actual Total Time": 4342.814, "Actual Rows": 4, "Actual Loops": 1, "Group By Key": ["\"substring\"((public.customer.c_phone)::text, 1, 2)"], "Plans": [{"Node Type": "Nested Loop", "Parent Relationship": "Outer", "Join Type": "Anti", "Startup Cost": 0.0, "Total Cost": 226249.97, "Plan Rows": 1, "Plan Width": 24, "Actual Startup Time": 1967.46, "Actual Total Time": 4319.835, "Actual Rows": 36604, "Actual Loops": 1, "Inner Unique": false, "Plans": [{"Node Type": "Index Scan", "Parent Relationship": "Outer", "Scan Direction": "Forward", "Index Name": "customer_pkey", "Relation Name": "customer", "Alias": "customer", "Startup Cost": 0.0, "Total Cost": 105140.36, "Plan Rows": 17500, "Plan Width": 32, "Actual Startup Time": 1967.405, "Actual Total Time": 3680.796, "Actual Rows": 109197, "Actual Loops": 1, "Filter": "((c_acctbal > $0) AND (\"substring\"((c_phone)::text, 1, 2) = ANY ('{20,40,22,30,39,42,21}'::text[])))", "Rows Removed by Filter": 1390803}, {"Node Type": "Index Scan", "Parent Relationship": "Inner", "Scan Direction": "Forward", "Index Name": "idx_orders_custkey", "Relation Name": "orders", "Alias": "orders", "Startup Cost": 0.0, "Total Cost": 17.99, "Plan Rows": 4, "Plan Width": 8, "Actual Startup Time": 530.764, "Actual Total Time": 530.764, "Actual Rows": 72593, "Actual Loops": 109197, "Index Cond": "(o_custkey = public.customer.c_custkey)", "Rows Removed by Index Recheck": 0}]}]}]}, "Triggers": [], "Planner Runtime": 0.769, "Total Runtime": 4343.034, "Unique SQL Id": 2798552886}}, "(64, 70)": {"explain_plan": {"Plan": {"Node Type": "Sort", "Startup Cost": 326543.88, "Total Cost": 326543.89, "Plan Rows": 1, "Plan Width": 40, "Sort Key": ["(\"substring\"((public.customer.c_phone)::text, 1, 2))"], "Plans": [{"Node Type": "Aggregate", "Strategy": "Plain", "Parent Relationship": "exec_init_plan", "Subplan Name": "InitPlan 1 (returns $0)", "Startup Cost": 76620.14, "Total Cost": 76620.15, "Plan Rows": 1, "Plan Width": 40, "Plans": [{"Node Type": "Seq Scan", "Parent Relationship": "Outer", "Relation Name": "customer", "Alias": "customer", "Startup Cost": 12.95, "Total Cost": 76501.0, "Plan Rows": 47655, "Plan Width": 8, "Filter": "((c_acctbal > 0::double precision) AND (\"substring\"((c_phone)::text, 1, 2) = ANY ('{20,40,22,30,39,42,21}'::text[])))"}]}, {"Node Type": "Aggregate", "Strategy": "Hashed", "Parent Relationship": "Outer", "Startup Cost": 249923.71, "Total Cost": 249923.72, "Plan Rows": 1, "Plan Width": 40, "Group By Key": ["\"substring\"((public.customer.c_phone)::text, 1, 2)"], "Plans": [{"Node Type": "Nested Loop", "Parent Relationship": "Outer", "Join Type": "Anti", "Startup Cost": 3.75, "Total Cost": 249923.7, "Plan Rows": 1, "Plan Width": 24, "Inner Unique": false, "Plans": [{"Node Type": "Seq Scan", "Parent Relationship": "Outer", "Relation Name": "customer", "Alias": "customer", "Startup Cost": 0.0, "Total Cost": 76501.0, "Plan Rows": 17500, "Plan Width": 32, "Filter": "((c_acctbal > $0) AND (\"substring\"((c_phone)::text, 1, 2) = ANY ('{20,40,22,30,39,42,21}'::text[])))"}, {"Node Type": "Bitmap Heap Scan", "Parent Relationship": "Inner", "Relation Name": "orders", "Alias": "orders", "Startup Cost": 3.75, "Total Cost": 19.76, "Plan Rows": 4, "Plan Width": 8, "Recheck Cond": "(o_custkey = public.customer.c_custkey)", "Plans": [{"Node Type": "Bitmap Index Scan", "Parent Relationship": "Outer", "Index Name": "idx_orders_custkey", "Startup Cost": 0.0, "Total Cost": 3.75, "Plan Rows": 4, "Plan Width": 0, "Index Cond": "(o_custkey = public.customer.c_custkey)"}]}]}]}]}, "Unique SQL Id": 2798552886}, "explain_analyze_plan": {"Plan": {"Node Type": "Sort", "Startup Cost": 326543.88, "Total Cost": 326543.89, "Plan Rows": 1, "Plan Width": 40, "Actual Startup Time": 4414.71, "Actual Total Time": 4414.711, "Actual Rows": 4, "Actual Loops": 1, "Sort Key": ["(\"substring\"((public.customer.c_phone)::text, 1, 2))"], "Sort Method": "quicksort", "Sort Space Used": 25, "Sort Space Type": "Memory", "Plans": [{"Node Type": "Aggregate", "Strategy": "Plain", "Parent Relationship": "exec_init_plan", "Subplan Name": "InitPlan 1 (returns $0)", "Startup Cost": 76620.14, "Total Cost": 76620.15, "Plan Rows": 1, "Plan Width": 40, "Actual Startup Time": 1995.799, "Actual Total Time": 1995.799, "Actual Rows": 1, "Actual Loops": 1, "Plans": [{"Node Type": "Seq Scan", "Parent Relationship": "Outer", "Relation Name": "customer", "Alias": "customer", "Startup Cost": 12.95, "Total Cost": 76501.0, "Plan Rows": 47655, "Plan Width": 8, "Actual Startup Time": 0.031, "Actual Total Time": 1901.337, "Actual Rows": 218121, "Actual Loops": 1, "Filter": "((c_acctbal > 0::double precision) AND (\"substring\"((c_phone)::text, 1, 2) = ANY ('{20,40,22,30,39,42,21}'::text[])))", "Rows Removed by Filter": 1281879}]}, {"Node Type": "Aggregate", "Strategy": "Hashed", "Parent Relationship": "Outer", "Startup Cost": 249923.71, "Total Cost": 249923.72, "Plan Rows": 1, "Plan Width": 40, "Actual Startup Time": 4414.669, "Actual Total Time": 4414.669, "Actual Rows": 4, "Actual Loops": 1, "Group By Key": ["\"substring\"((public.customer.c_phone)::text, 1, 2)"], "Plans": [{"Node Type": "Nested Loop", "Parent Relationship": "Outer", "Join Type": "Anti", "Startup Cost": 3.75, "Total Cost": 249923.7, "Plan Rows": 1, "Plan Width": 24, "Actual Startup Time": 1995.923, "Actual Total Time": 4387.776, "Actual Rows": 36604, "Actual Loops": 1, "Inner Unique": false, "Plans": [{"Node Type": "Seq Scan", "Parent Relationship": "Outer", "Relation Name": "customer", "Alias": "customer", "Startup Cost": 0.0, "Total Cost": 76501.0, "Plan Rows": 17500, "Plan Width": 32, "Actual Startup Time": 1995.862, "Actual Total Time": 3284.286, "Actual Rows": 109197, "Actual Loops": 1, "Filter": "((c_acctbal > $0) AND (\"substring\"((c_phone)::text, 1, 2) = ANY ('{20,40,22,30,39,42,21}'::text[])))", "Rows Removed by Filter": 1390803}, {"Node Type": "Bitmap Heap Scan", "Parent Relationship": "Inner", "Relation Name": "orders", "Alias": "orders", "Startup Cost": 3.75, "Total Cost": 19.76, "Plan Rows": 4, "Plan Width": 8, "Actual Startup Time": 918.298, "Actual Total Time": 918.298, "Actual Rows": 72593, "Actual Loops": 109197, "Recheck Cond": "(o_custkey = public.customer.c_custkey)", "Rows Removed by Index Recheck": 0, "Exact Heap Blocks": 72593, "Lossy Heap Blocks": 72593, "Plans": [{"Node Type": "Bitmap Index Scan", "Parent Relationship": "Outer", "Index Name": "idx_orders_custkey", "Startup Cost": 0.0, "Total Cost": 3.75, "Plan Rows": 4, "Plan Width": 0, "Actual Startup Time": 572.408, "Actual Total Time": 572.408, "Actual Rows": 1091631, "Actual Loops": 109197, "Index Cond": "(o_custkey = public.customer.c_custkey)"}]}]}]}]}, "Triggers": [], "Planner Runtime": 0.77, "Total Runtime": 4415.004, "Unique SQL Id": 2798552886}}, "(64, 71)": {"explain_plan": {"Plan": {"Node Type": "Sort", "Startup Cost": 2000018337677.51, "Total Cost": 2000018337677.51, "Plan Rows": 1, "Plan Width": 40, "Sort Key": ["(\"substring\"((public.customer.c_phone)::text, 1, 2))"], "Plans": [{"Node Type": "Aggregate", "Strategy": "Plain", "Parent Relationship": "exec_init_plan", "Subplan Name": "InitPlan 1 (returns $0)", "Startup Cost": 1000007650219.14, "Total Cost": 1000007650219.15, "Plan Rows": 1, "Plan Width": 40, "Plans": [{"Node Type": "Seq Scan", "Parent Relationship": "Outer", "Relation Name": "customer", "Alias": "customer", "Startup Cost": 10000000012.75, "Total Cost": 1000007650100.0, "Plan Rows": 47655, "Plan Width": 8, "Filter": "((c_acctbal > 0::double precision) AND (\"substring\"((c_phone)::text, 1, 2) = ANY ('{20,40,22,30,39,42,21}'::text[])))"}]}, {"Node Type": "Aggregate", "Strategy": "Hashed", "Parent Relationship": "Outer", "Startup Cost": 1000010687458.33, "Total Cost": 1000010687458.35, "Plan Rows": 1, "Plan Width": 40, "Group By Key": ["\"substring\"((public.customer.c_phone)::text, 1, 2)"], "Plans": [{"Node Type": "Nested Loop", "Parent Relationship": "Outer", "Join Type": "Anti", "Startup Cost": 10000000003.75, "Total Cost": 1000010687458.32, "Plan Rows": 1, "Plan Width": 24, "Inner Unique": false, "Plans": [{"Node Type": "Index Scan", "Parent Relationship": "Outer", "Scan Direction": "Forward", "Index Name": "customer_pkey", "Relation Name": "customer", "Alias": "customer", "Startup Cost": 10000000000.0, "Total Cost": 1000010514035.62, "Plan Rows": 17500, "Plan Width": 32, "Filter": "((c_acctbal > $0) AND (\"substring\"((c_phone)::text, 1, 2) = ANY ('{20,40,22,30,39,42,21}'::text[])))"}, {"Node Type": "Bitmap Heap Scan", "Parent Relationship": "Inner", "Relation Name": "orders", "Alias": "orders", "Startup Cost": 3.75, "Total Cost": 19.76, "Plan Rows": 4, "Plan Width": 8, "Recheck Cond": "(o_custkey = public.customer.c_custkey)", "Plans": [{"Node Type": "Bitmap Index Scan", "Parent Relationship": "Outer", "Index Name": "idx_orders_custkey", "Startup Cost": 0.0, "Total Cost": 3.75, "Plan Rows": 4, "Plan Width": 0, "Index Cond": "(o_custkey = public.customer.c_custkey)"}]}]}]}]}, "Unique SQL Id": 2798552886}, "explain_analyze_plan": {"Plan": {"Node Type": "Sort", "Startup Cost": 2000018337677.51, "Total Cost": 2000018337677.51, "Plan Rows": 1, "Plan Width": 40, "Actual Startup Time": 4987.955, "Actual Total Time": 4987.956, "Actual Rows": 4, "Actual Loops": 1, "Sort Key": ["(\"substring\"((public.customer.c_phone)::text, 1, 2))"], "Sort Method": "quicksort", "Sort Space Used": 25, "Sort Space Type": "Memory", "Plans": [{"Node Type": "Aggregate", "Strategy": "Plain", "Parent Relationship": "exec_init_plan", "Subplan Name": "InitPlan 1 (returns $0)", "Startup Cost": 1000007650219.14, "Total Cost": 1000007650219.15, "Plan Rows": 1, "Plan Width": 40, "Actual Startup Time": 2018.097, "Actual Total Time": 2018.099, "Actual Rows": 1, "Actual Loops": 1, "Plans": [{"Node Type": "Seq Scan", "Parent Relationship": "Outer", "Relation Name": "customer", "Alias": "customer", "Startup Cost": 10000000012.75, "Total Cost": 1000007650100.0, "Plan Rows": 47655, "Plan Width": 8, "Actual Startup Time": 0.04, "Actual Total Time": 1922.099, "Actual Rows": 218121, "Actual Loops": 1, "Filter": "((c_acctbal > 0::double precision) AND (\"substring\"((c_phone)::text, 1, 2) = ANY ('{20,40,22,30,39,42,21}'::text[])))", "Rows Removed by Filter": 1281879}]}, {"Node Type": "Aggregate", "Strategy": "Hashed", "Parent Relationship": "Outer", "Startup Cost": 1000010687458.33, "Total Cost": 1000010687458.35, "Plan Rows": 1, "Plan Width": 40, "Actual Startup Time": 4987.905, "Actual Total Time": 4987.907, "Actual Rows": 4, "Actual Loops": 1, "Group By Key": ["\"substring\"((public.customer.c_phone)::text, 1, 2)"], "Plans": [{"Node Type": "Nested Loop", "Parent Relationship": "Outer", "Join Type": "Anti", "Startup Cost": 10000000003.75, "Total Cost": 1000010687458.32, "Plan Rows": 1, "Plan Width": 24, "Actual Startup Time": 2018.334, "Actual Total Time": 4960.279, "Actual Rows": 36604, "Actual Loops": 1, "Inner Unique": false, "Plans": [{"Node Type": "Index Scan", "Parent Relationship": "Outer", "Scan Direction": "Forward", "Index Name": "customer_pkey", "Relation Name": "customer", "Alias": "customer", "Startup Cost": 10000000000.0, "Total Cost": 1000010514035.62, "Plan Rows": 17500, "Plan Width": 32, "Actual Startup Time": 2018.263, "Actual Total Time": 3830.61, "Actual Rows": 109197, "Actual Loops": 1, "Filter": "((c_acctbal > $0) AND (\"substring\"((c_phone)::text, 1, 2) = ANY ('{20,40,22,30,39,42,21}'::text[])))", "Rows Removed by Filter": 1390803}, {"Node Type": "Bitmap Heap Scan", "Parent Relationship": "Inner", "Relation Name": "orders", "Alias": "orders", "Startup Cost": 3.75, "Total Cost": 19.76, "Plan Rows": 4, "Plan Width": 8, "Actual Startup Time": 941.988, "Actual Total Time": 941.988, "Actual Rows": 72593, "Actual Loops": 109197, "Recheck Cond": "(o_custkey = public.customer.c_custkey)", "Rows Removed by Index Recheck": 0, "Exact Heap Blocks": 72593, "Lossy Heap Blocks": 72593, "Plans": [{"Node Type": "Bitmap Index Scan", "Parent Relationship": "Outer", "Index Name": "idx_orders_custkey", "Startup Cost": 0.0, "Total Cost": 3.75, "Plan Rows": 4, "Plan Width": 0, "Actual Startup Time": 583.569, "Actual Total Time": 583.569, "Actual Rows": 1091631, "Actual Loops": 109197, "Index Cond": "(o_custkey = public.customer.c_custkey)"}]}]}]}]}, "Triggers": [], "Planner Runtime": 0.731, "Total Runtime": 4988.153, "Unique SQL Id": 2798552886}}, "(64, 72)": {"explain_plan": {"Plan": {"Node Type": "Sort", "Startup Cost": 178853.67, "Total Cost": 178853.67, "Plan Rows": 1, "Plan Width": 40, "Sort Key": ["(\"substring\"((public.customer.c_phone)::text, 1, 2))"], "Plans": [{"Node Type": "Aggregate", "Strategy": "Plain", "Parent Relationship": "exec_init_plan", "Subplan Name": "InitPlan 1 (returns $0)", "Startup Cost": 76620.14, "Total Cost": 76620.15, "Plan Rows": 1, "Plan Width": 40, "Plans": [{"Node Type": "Seq Scan", "Parent Relationship": "Outer", "Relation Name": "customer", "Alias": "customer", "Startup Cost": 12.95, "Total Cost": 76501.0, "Plan Rows": 47655, "Plan Width": 8, "Filter": "((c_acctbal > 0::double precision) AND (\"substring\"((c_phone)::text, 1, 2) = ANY ('{20,40,22,30,39,42,21}'::text[])))"}]}, {"Node Type": "Aggregate", "Strategy": "Hashed", "Parent Relationship": "Outer", "Startup Cost": 102233.49, "Total Cost": 102233.51, "Plan Rows": 1, "Plan Width": 40, "Group By Key": ["\"substring\"((public.customer.c_phone)::text, 1, 2)"], "Plans": [{"Node Type": "Nested Loop", "Parent Relationship": "Outer", "Join Type": "Anti", "Startup Cost": 0.0, "Total Cost": 102233.49, "Plan Rows": 1, "Plan Width": 24, "Inner Unique": false, "Plans": [{"Node Type": "Seq Scan", "Parent Relationship": "Outer", "Relation Name": "customer", "Alias": "customer", "Startup Cost": 0.0, "Total Cost": 76501.0, "Plan Rows": 17500, "Plan Width": 32, "Filter": "((c_acctbal > $0) AND (\"substring\"((c_phone)::text, 1, 2) = ANY ('{20,40,22,30,39,42,21}'::text[])))"}, {"Node Type": "Index Only Scan", "Parent Relationship": "Inner", "Scan Direction": "Forward", "Index Name": "idx_orders_custkey", "Relation Name": "orders", "Alias": "orders", "Startup Cost": 0.0, "Total Cost": 3.79, "Plan Rows": 4, "Plan Width": 8, "Index Cond": "(o_custkey = public.customer.c_custkey)"}]}]}]}, "Unique SQL Id": 2798552886}, "explain_analyze_plan": {"Plan": {"Node Type": "Sort", "Startup Cost": 178853.67, "Total Cost": 178853.67, "Plan Rows": 1, "Plan Width": 40, "Actual Startup Time": 3874.835, "Actual Total Time": 3874.836, "Actual Rows": 4, "Actual Loops": 1, "Sort Key": ["(\"substring\"((public.customer.c_phone)::text, 1, 2))"], "Sort Method": "quicksort", "Sort Space Used": 25, "Sort Space Type": "Memory", "Plans": [{"Node Type": "Aggregate", "Strategy": "Plain", "Parent Relationship": "exec_init_plan", "Subplan Name": "InitPlan 1 (returns $0)", "Startup Cost": 76620.14, "Total Cost": 76620.15, "Plan Rows": 1, "Plan Width": 40, "Actual Startup Time": 1994.529, "Actual Total Time": 1994.529, "Actual Rows": 1, "Actual Loops": 1, "Plans": [{"Node Type": "Seq Scan", "Parent Relationship": "Outer", "Relation Name": "customer", "Alias": "customer", "Startup Cost": 12.95, "Total Cost": 76501.0, "Plan Rows": 47655, "Plan Width": 8, "Actual Startup Time": 0.029, "Actual Total Time": 1899.991, "Actual Rows": 218121, "Actual Loops": 1, "Filter": "((c_acctbal > 0::double precision) AND (\"substring\"((c_phone)::text, 1, 2) = ANY ('{20,40,22,30,39,42,21}'::text[])))", "Rows Removed by Filter": 1281879}]}, {"Node Type": "Aggregate", "Strategy": "Hashed", "Parent Relationship": "Outer", "Startup Cost": 102233.49, "Total Cost": 102233.51, "Plan Rows": 1, "Plan Width": 40, "Actual Startup Time": 3874.687, "Actual Total Time": 3874.701, "Actual Rows": 4, "Actual Loops": 1, "Group By Key": ["\"substring\"((public.customer.c_phone)::text, 1, 2)"], "Plans": [{"Node Type": "Nested Loop", "Parent Relationship": "Outer", "Join Type": "Anti", "Startup Cost": 0.0, "Total Cost": 102233.49, "Plan Rows": 1, "Plan Width": 24, "Actual Startup Time": 1994.649, "Actual Total Time": 3852.097, "Actual Rows": 36604, "Actual Loops": 1, "Inner Unique": false, "Plans": [{"Node Type": "Seq Scan", "Parent Relationship": "Outer", "Relation Name": "customer", "Alias": "customer", "Startup Cost": 0.0, "Total Cost": 76501.0, "Plan Rows": 17500, "Plan Width": 32, "Actual Startup Time": 1994.594, "Actual Total Time": 3277.642, "Actual Rows": 109197, "Actual Loops": 1, "Filter": "((c_acctbal > $0) AND (\"substring\"((c_phone)::text, 1, 2) = ANY ('{20,40,22,30,39,42,21}'::text[])))", "Rows Removed by Filter": 1390803}, {"Node Type": "Index Only Scan", "Parent Relationship": "Inner", "Scan Direction": "Forward", "Index Name": "idx_orders_custkey", "Relation Name": "orders", "Alias": "orders", "Startup Cost": 0.0, "Total Cost": 3.79, "Plan Rows": 4, "Plan Width": 8, "Actual Startup Time": 473.016, "Actual Total Time": 473.016, "Actual Rows": 72593, "Actual Loops": 109197, "Index Cond": "(o_custkey = public.customer.c_custkey)", "Rows Removed by Index Recheck": 0, "Heap Fetches": 0}]}]}]}, "Triggers": [], "Planner Runtime": 0.763, "Total Runtime": 3875.036, "Unique SQL Id": 2798552886}}, "(64, 73)": {"explain_plan": {"Plan": {"Node Type": "Sort", "Startup Cost": 1000007781092.03, "Total Cost": 1000007781092.03, "Plan Rows": 1, "Plan Width": 40, "Sort Key": ["(\"substring\"((public.customer.c_phone)::text, 1, 2))"], "Plans": [{"Node Type": "Aggregate", "Strategy": "Plain", "Parent Relationship": "exec_init_plan", "Subplan Name": "InitPlan 1 (returns $0)", "Startup Cost": 1000007650219.14, "Total Cost": 1000007650219.15, "Plan Rows": 1, "Plan Width": 40, "Plans": [{"Node Type": "Seq Scan", "Parent Relationship": "Outer", "Relation Name": "customer", "Alias": "customer", "Startup Cost": 10000000012.75, "Total Cost": 1000007650100.0, "Plan Rows": 47655, "Plan Width": 8, "Filter": "((c_acctbal > 0::double precision) AND (\"substring\"((c_phone)::text, 1, 2) = ANY ('{20,40,22,30,39,42,21}'::text[])))"}]}, {"Node Type": "Aggregate", "Strategy": "Hashed", "Parent Relationship": "Outer", "Startup Cost": 130872.85, "Total Cost": 130872.87, "Plan Rows": 1, "Plan Width": 40, "Group By Key": ["\"substring\"((public.customer.c_phone)::text, 1, 2)"], "Plans": [{"Node Type": "Nested Loop", "Parent Relationship": "Outer", "Join Type": "Anti", "Startup Cost": 0.0, "Total Cost": 130872.84, "Plan Rows": 1, "Plan Width": 24, "Inner Unique": false, "Plans": [{"Node Type": "Index Scan", "Parent Relationship": "Outer", "Scan Direction": "Forward", "Index Name": "customer_pkey", "Relation Name": "customer", "Alias": "customer", "Startup Cost": 0.0, "Total Cost": 105140.36, "Plan Rows": 17500, "Plan Width": 32, "Filter": "((c_acctbal > $0) AND (\"substring\"((c_phone)::text, 1, 2) = ANY ('{20,40,22,30,39,42,21}'::text[])))"}, {"Node Type": "Index Only Scan", "Parent Relationship": "Inner", "Scan Direction": "Forward", "Index Name": "idx_orders_custkey", "Relation Name": "orders", "Alias": "orders", "Startup Cost": 0.0, "Total Cost": 3.79, "Plan Rows": 4, "Plan Width": 8, "Index Cond": "(o_custkey = public.customer.c_custkey)"}]}]}]}, "Unique SQL Id": 2798552886}, "explain_analyze_plan": {"Plan": {"Node Type": "Sort", "Startup Cost": 1000007781092.03, "Total Cost": 1000007781092.03, "Plan Rows": 1, "Plan Width": 40, "Actual Startup Time": 4540.757, "Actual Total Time": 4540.757, "Actual Rows": 4, "Actual Loops": 1, "Sort Key": ["(\"substring\"((public.customer.c_phone)::text, 1, 2))"], "Sort Method": "quicksort", "Sort Space Used": 25, "Sort Space Type": "Memory", "Plans": [{"Node Type": "Aggregate", "Strategy": "Plain", "Parent Relationship": "exec_init_plan", "Subplan Name": "InitPlan 1 (returns $0)", "Startup Cost": 1000007650219.14, "Total Cost": 1000007650219.15, "Plan Rows": 1, "Plan Width": 40, "Actual Startup Time": 1995.612, "Actual Total Time": 1995.612, "Actual Rows": 1, "Actual Loops": 1, "Plans": [{"Node Type": "Seq Scan", "Parent Relationship": "Outer", "Relation Name": "customer", "Alias": "customer", "Startup Cost": 10000000012.75, "Total Cost": 1000007650100.0, "Plan Rows": 47655, "Plan Width": 8, "Actual Startup Time": 0.036, "Actual Total Time": 1901.667, "Actual Rows": 218121, "Actual Loops": 1, "Filter": "((c_acctbal > 0::double precision) AND (\"substring\"((c_phone)::text, 1, 2) = ANY ('{20,40,22,30,39,42,21}'::text[])))", "Rows Removed by Filter": 1281879}]}, {"Node Type": "Aggregate", "Strategy": "Hashed", "Parent Relationship": "Outer", "Startup Cost": 130872.85, "Total Cost": 130872.87, "Plan Rows": 1, "Plan Width": 40, "Actual Startup Time": 4540.614, "Actual Total Time": 4540.628, "Actual Rows": 4, "Actual Loops": 1, "Group By Key": ["\"substring\"((public.customer.c_phone)::text, 1, 2)"], "Plans": [{"Node Type": "Nested Loop", "Parent Relationship": "Outer", "Join Type": "Anti", "Startup Cost": 0.0, "Total Cost": 130872.84, "Plan Rows": 1, "Plan Width": 24, "Actual Startup Time": 1995.887, "Actual Total Time": 4518.037, "Actual Rows": 36604, "Actual Loops": 1, "Inner Unique": false, "Plans": [{"Node Type": "Index Scan", "Parent Relationship": "Outer", "Scan Direction": "Forward", "Index Name": "customer_pkey", "Relation Name": "customer", "Alias": "customer", "Startup Cost": 0.0, "Total Cost": 105140.36, "Plan Rows": 17500, "Plan Width": 32, "Actual Startup Time": 1995.824, "Actual Total Time": 3913.868, "Actual Rows": 109197, "Actual Loops": 1, "Filter": "((c_acctbal > $0) AND (\"substring\"((c_phone)::text, 1, 2) = ANY ('{20,40,22,30,39,42,21}'::text[])))", "Rows Removed by Filter": 1390803}, {"Node Type": "Index Only Scan", "Parent Relationship": "Inner", "Scan Direction": "Forward", "Index Name": "idx_orders_custkey", "Relation Name": "orders", "Alias": "orders", "Startup Cost": 0.0, "Total Cost": 3.79, "Plan Rows": 4, "Plan Width": 8, "Actual Startup Time": 500.727, "Actual Total Time": 500.727, "Actual Rows": 72593, "Actual Loops": 109197, "Index Cond": "(o_custkey = public.customer.c_custkey)", "Rows Removed by Index Recheck": 0, "Heap Fetches": 0}]}]}]}, "Triggers": [], "Planner Runtime": 0.757, "Total Runtime": 4540.956, "Unique SQL Id": 2798552886}}, "(64, 74)": {"explain_plan": {"Plan": {"Node Type": "Sort", "Startup Cost": 639751.64, "Total Cost": 639751.65, "Plan Rows": 1, "Plan Width": 40, "Sort Key": ["(\"substring\"((public.customer.c_phone)::text, 1, 2))"], "Plans": [{"Node Type": "Aggregate", "Strategy": "Plain", "Parent Relationship": "exec_init_plan", "Subplan Name": "InitPlan 1 (returns $0)", "Startup Cost": 76620.14, "Total Cost": 76620.15, "Plan Rows": 1, "Plan Width": 40, "Plans": [{"Node Type": "Seq Scan", "Parent Relationship": "Outer", "Relation Name": "customer", "Alias": "customer", "Startup Cost": 12.95, "Total Cost": 76501.0, "Plan Rows": 47655, "Plan Width": 8, "Filter": "((c_acctbal > 0::double precision) AND (\"substring\"((c_phone)::text, 1, 2) = ANY ('{20,40,22,30,39,42,21}'::text[])))"}]}, {"Node Type": "Aggregate", "Strategy": "Hashed", "Parent Relationship": "Outer", "Startup Cost": 563131.47, "Total Cost": 563131.48, "Plan Rows": 1, "Plan Width": 40, "Group By Key": ["\"substring\"((public.customer.c_phone)::text, 1, 2)"], "Plans": [{"Node Type": "Hash Join", "Parent Relationship": "Outer", "Join Type": "Right Anti", "Startup Cost": 76719.75, "Total Cost": 563131.46, "Plan Rows": 1, "Plan Width": 24, "Inner Unique": true, "Hash Cond": "(orders.o_custkey = public.customer.c_custkey)", "Plans": [{"Node Type": "Seq Scan", "Parent Relationship": "Outer", "Relation Name": "orders", "Alias": "orders", "Startup Cost": 0.0, "Total Cost": 426413.79, "Plan Rows": 14999479, "Plan Width": 8}, {"Node Type": "Hash", "Parent Relationship": "Inner", "Startup Cost": 76501.0, "Total Cost": 76501.0, "Plan Rows": 17500, "Plan Width": 32, "Plans": [{"Node Type": "Seq Scan", "Parent Relationship": "Outer", "Relation Name": "customer", "Alias": "customer", "Startup Cost": 0.0, "Total Cost": 76501.0, "Plan Rows": 17500, "Plan Width": 32, "Filter": "((c_acctbal > $0) AND (\"substring\"((c_phone)::text, 1, 2) = ANY ('{20,40,22,30,39,42,21}'::text[])))"}]}]}]}]}, "Unique SQL Id": 2798552886}, "explain_analyze_plan": null}, "(64, 75)": {"explain_plan": {"Plan": {"Node Type": "Sort", "Startup Cost": 3000031345967.3, "Total Cost": 3000031345967.3, "Plan Rows": 1, "Plan Width": 40, "Sort Key": ["(\"substring\"((public.customer.c_phone)::text, 1, 2))"], "Plans": [{"Node Type": "Aggregate", "Strategy": "Plain", "Parent Relationship": "exec_init_plan", "Subplan Name": "InitPlan 1 (returns $0)", "Startup Cost": 1000007650219.14, "Total Cost": 1000007650219.15, "Plan Rows": 1, "Plan Width": 40, "Plans": [{"Node Type": "Seq Scan", "Parent Relationship": "Outer", "Relation Name": "customer", "Alias": "customer", "Startup Cost": 10000000012.75, "Total Cost": 1000007650100.0, "Plan Rows": 47655, "Plan Width": 8, "Filter": "((c_acctbal > 0::double precision) AND (\"substring\"((c_phone)::text, 1, 2) = ANY ('{20,40,22,30,39,42,21}'::text[])))"}]}, {"Node Type": "Aggregate", "Strategy": "Hashed", "Parent Relationship": "Outer", "Startup Cost": 2000023695748.12, "Total Cost": 2000023695748.14, "Plan Rows": 1, "Plan Width": 40, "Group By Key": ["\"substring\"((public.customer.c_phone)::text, 1, 2)"], "Plans": [{"Node Type": "Merge Join", "Parent Relationship": "Outer", "Join Type": "Anti", "Startup Cost": 20000000000.0, "Total Cost": 2000023695748.11, "Plan Rows": 1, "Plan Width": 24, "Inner Unique": false, "Merge Cond": "(public.customer.c_custkey = orders.o_custkey)", "Plans": [{"Node Type": "Index Scan", "Parent Relationship": "Outer", "Scan Direction": "Forward", "Index Name": "customer_pkey", "Relation Name": "customer", "Alias": "customer", "Startup Cost": 10000000000.0, "Total Cost": 1000010514035.62, "Plan Rows": 17500, "Plan Width": 32, "Filter": "((c_acctbal > $0) AND (\"substring\"((c_phone)::text, 1, 2) = ANY ('{20,40,22,30,39,42,21}'::text[])))"}, {"Node Type": "Index Only Scan", "Parent Relationship": "Inner", "Scan Direction": "Forward", "Index Name": "idx_orders_custkey", "Relation Name": "orders", "Alias": "orders", "Startup Cost": 10000000000.0, "Total Cost": 1000045486043.5, "Plan Rows": 14999479, "Plan Width": 8}]}]}]}, "Unique SQL Id": 2798552886}, "explain_analyze_plan": null}, "(64, 76)": {"explain_plan": {"Plan": {"Node Type": "Sort", "Startup Cost": 274230.79, "Total Cost": 274230.8, "Plan Rows": 1, "Plan Width": 40, "Sort Key": ["(\"substring\"((public.customer.c_phone)::text, 1, 2))"], "Plans": [{"Node Type": "Aggregate", "Strategy": "Plain", "Parent Relationship": "exec_init_plan", "Subplan Name": "InitPlan 1 (returns $0)", "Startup Cost": 76620.14, "Total Cost": 76620.15, "Plan Rows": 1, "Plan Width": 40, "Plans": [{"Node Type": "Seq Scan", "Parent Relationship": "Outer", "Relation Name": "customer", "Alias": "customer", "Startup Cost": 12.95, "Total Cost": 76501.0, "Plan Rows": 47655, "Plan Width": 8, "Filter": "((c_acctbal > 0::double precision) AND (\"substring\"((c_phone)::text, 1, 2) = ANY ('{20,40,22,30,39,42,21}'::text[])))"}]}, {"Node Type": "Aggregate", "Strategy": "Hashed", "Parent Relationship": "Outer", "Startup Cost": 197610.62, "Total Cost": 197610.63, "Plan Rows": 1, "Plan Width": 40, "Group By Key": ["\"substring\"((public.customer.c_phone)::text, 1, 2)"], "Plans": [{"Node Type": "Nested Loop", "Parent Relationship": "Outer", "Join Type": "Anti", "Startup Cost": 0.0, "Total Cost": 197610.61, "Plan Rows": 1, "Plan Width": 24, "Inner Unique": false, "Plans": [{"Node Type": "Seq Scan", "Parent Relationship": "Outer", "Relation Name": "customer", "Alias": "customer", "Startup Cost": 0.0, "Total Cost": 76501.0, "Plan Rows": 17500, "Plan Width": 32, "Filter": "((c_acctbal > $0) AND (\"substring\"((c_phone)::text, 1, 2) = ANY ('{20,40,22,30,39,42,21}'::text[])))"}, {"Node Type": "Index Scan", "Parent Relationship": "Inner", "Scan Direction": "Forward", "Index Name": "idx_orders_custkey", "Relation Name": "orders", "Alias": "orders", "Startup Cost": 0.0, "Total Cost": 17.99, "Plan Rows": 4, "Plan Width": 8, "Index Cond": "(o_custkey = public.customer.c_custkey)"}]}]}]}, "Unique SQL Id": 2798552886}, "explain_analyze_plan": {"Plan": {"Node Type": "Sort", "Startup Cost": 274230.79, "Total Cost": 274230.8, "Plan Rows": 1, "Plan Width": 40, "Actual Startup Time": 4048.22, "Actual Total Time": 4048.22, "Actual Rows": 4, "Actual Loops": 1, "Sort Key": ["(\"substring\"((public.customer.c_phone)::text, 1, 2))"], "Sort Method": "quicksort", "Sort Space Used": 25, "Sort Space Type": "Memory", "Plans": [{"Node Type": "Aggregate", "Strategy": "Plain", "Parent Relationship": "exec_init_plan", "Subplan Name": "InitPlan 1 (returns $0)", "Startup Cost": 76620.14, "Total Cost": 76620.15, "Plan Rows": 1, "Plan Width": 40, "Actual Startup Time": 1960.504, "Actual Total Time": 1960.504, "Actual Rows": 1, "Actual Loops": 1, "Plans": [{"Node Type": "Seq Scan", "Parent Relationship": "Outer", "Relation Name": "customer", "Alias": "customer", "Startup Cost": 12.95, "Total Cost": 76501.0, "Plan Rows": 47655, "Plan Width": 8, "Actual Startup Time": 0.027, "Actual Total Time": 1865.668, "Actual Rows": 218121, "Actual Loops": 1, "Filter": "((c_acctbal > 0::double precision) AND (\"substring\"((c_phone)::text, 1, 2) = ANY ('{20,40,22,30,39,42,21}'::text[])))", "Rows Removed by Filter": 1281879}]}, {"Node Type": "Aggregate", "Strategy": "Hashed", "Parent Relationship": "Outer", "Startup Cost": 197610.62, "Total Cost": 197610.63, "Plan Rows": 1, "Plan Width": 40, "Actual Startup Time": 4048.179, "Actual Total Time": 4048.18, "Actual Rows": 4, "Actual Loops": 1, "Group By Key": ["\"substring\"((public.customer.c_phone)::text, 1, 2)"], "Plans": [{"Node Type": "Nested Loop", "Parent Relationship": "Outer", "Join Type": "Anti", "Startup Cost": 0.0, "Total Cost": 197610.61, "Plan Rows": 1, "Plan Width": 24, "Actual Startup Time": 1960.632, "Actual Total Time": 4024.922, "Actual Rows": 36604, "Actual Loops": 1, "Inner Unique": false, "Plans": [{"Node Type": "Seq Scan", "Parent Relationship": "Outer", "Relation Name": "customer", "Alias": "customer", "Startup Cost": 0.0, "Total Cost": 76501.0, "Plan Rows": 17500, "Plan Width": 32, "Actual Startup Time": 1960.572, "Actual Total Time": 3257.721, "Actual Rows": 109197, "Actual Loops": 1, "Filter": "((c_acctbal > $0) AND (\"substring\"((c_phone)::text, 1, 2) = ANY ('{20,40,22,30,39,42,21}'::text[])))", "Rows Removed by Filter": 1390803}, {"Node Type": "Index Scan", "Parent Relationship": "Inner", "Scan Direction": "Forward", "Index Name": "idx_orders_custkey", "Relation Name": "orders", "Alias": "orders", "Startup Cost": 0.0, "Total Cost": 17.99, "Plan Rows": 4, "Plan Width": 8, "Actual Startup Time": 660.636, "Actual Total Time": 660.636, "Actual Rows": 72593, "Actual Loops": 109197, "Index Cond": "(o_custkey = public.customer.c_custkey)", "Rows Removed by Index Recheck": 0}]}]}]}, "Triggers": [], "Planner Runtime": 0.759, "Total Runtime": 4048.42, "Unique SQL Id": 2798552886}}, "(64, 77)": {"explain_plan": {"Plan": {"Node Type": "Sort", "Startup Cost": 1000007876469.15, "Total Cost": 1000007876469.15, "Plan Rows": 1, "Plan Width": 40, "Sort Key": ["(\"substring\"((public.customer.c_phone)::text, 1, 2))"], "Plans": [{"Node Type": "Aggregate", "Strategy": "Plain", "Parent Relationship": "exec_init_plan", "Subplan Name": "InitPlan 1 (returns $0)", "Startup Cost": 1000007650219.14, "Total Cost": 1000007650219.15, "Plan Rows": 1, "Plan Width": 40, "Plans": [{"Node Type": "Seq Scan", "Parent Relationship": "Outer", "Relation Name": "customer", "Alias": "customer", "Startup Cost": 10000000012.75, "Total Cost": 1000007650100.0, "Plan Rows": 47655, "Plan Width": 8, "Filter": "((c_acctbal > 0::double precision) AND (\"substring\"((c_phone)::text, 1, 2) = ANY ('{20,40,22,30,39,42,21}'::text[])))"}]}, {"Node Type": "Aggregate", "Strategy": "Hashed", "Parent Relationship": "Outer", "Startup Cost": 226249.97, "Total Cost": 226249.99, "Plan Rows": 1, "Plan Width": 40, "Group By Key": ["\"substring\"((public.customer.c_phone)::text, 1, 2)"], "Plans": [{"Node Type": "Nested Loop", "Parent Relationship": "Outer", "Join Type": "Anti", "Startup Cost": 0.0, "Total Cost": 226249.97, "Plan Rows": 1, "Plan Width": 24, "Inner Unique": false, "Plans": [{"Node Type": "Index Scan", "Parent Relationship": "Outer", "Scan Direction": "Forward", "Index Name": "customer_pkey", "Relation Name": "customer", "Alias": "customer", "Startup Cost": 0.0, "Total Cost": 105140.36, "Plan Rows": 17500, "Plan Width": 32, "Filter": "((c_acctbal > $0) AND (\"substring\"((c_phone)::text, 1, 2) = ANY ('{20,40,22,30,39,42,21}'::text[])))"}, {"Node Type": "Index Scan", "Parent Relationship": "Inner", "Scan Direction": "Forward", "Index Name": "idx_orders_custkey", "Relation Name": "orders", "Alias": "orders", "Startup Cost": 0.0, "Total Cost": 17.99, "Plan Rows": 4, "Plan Width": 8, "Index Cond": "(o_custkey = public.customer.c_custkey)"}]}]}]}, "Unique SQL Id": 2798552886}, "explain_analyze_plan": {"Plan": {"Node Type": "Sort", "Startup Cost": 1000007876469.15, "Total Cost": 1000007876469.15, "Plan Rows": 1, "Plan Width": 40, "Actual Startup Time": 4342.858, "Actual Total Time": 4342.858, "Actual Rows": 4, "Actual Loops": 1, "Sort Key": ["(\"substring\"((public.customer.c_phone)::text, 1, 2))"], "Sort Method": "quicksort", "Sort Space Used": 25, "Sort Space Type": "Memory", "Plans": [{"Node Type": "Aggregate", "Strategy": "Plain", "Parent Relationship": "exec_init_plan", "Subplan Name": "InitPlan 1 (returns $0)", "Startup Cost": 1000007650219.14, "Total Cost": 1000007650219.15, "Plan Rows": 1, "Plan Width": 40, "Actual Startup Time": 1967.227, "Actual Total Time": 1967.229, "Actual Rows": 1, "Actual Loops": 1, "Plans": [{"Node Type": "Seq Scan", "Parent Relationship": "Outer", "Relation Name": "customer", "Alias": "customer", "Startup Cost": 10000000012.75, "Total Cost": 1000007650100.0, "Plan Rows": 47655, "Plan Width": 8, "Actual Startup Time": 0.033, "Actual Total Time": 1872.87, "Actual Rows": 218121, "Actual Loops": 1, "Filter": "((c_acctbal > 0::double precision) AND (\"substring\"((c_phone)::text, 1, 2) = ANY ('{20,40,22,30,39,42,21}'::text[])))", "Rows Removed by Filter": 1281879}]}, {"Node Type": "Aggregate", "Strategy": "Hashed", "Parent Relationship": "Outer", "Startup Cost": 226249.97, "Total Cost": 226249.99, "Plan Rows": 1, "Plan Width": 40, "Actual Startup Time": 4342.811, "Actual Total Time": 4342.814, "Actual Rows": 4, "Actual Loops": 1, "Group By Key": ["\"substring\"((public.customer.c_phone)::text, 1, 2)"], "Plans": [{"Node Type": "Nested Loop", "Parent Relationship": "Outer", "Join Type": "Anti", "Startup Cost": 0.0, "Total Cost": 226249.97, "Plan Rows": 1, "Plan Width": 24, "Actual Startup Time": 1967.46, "Actual Total Time": 4319.835, "Actual Rows": 36604, "Actual Loops": 1, "Inner Unique": false, "Plans": [{"Node Type": "Index Scan", "Parent Relationship": "Outer", "Scan Direction": "Forward", "Index Name": "customer_pkey", "Relation Name": "customer", "Alias": "customer", "Startup Cost": 0.0, "Total Cost": 105140.36, "Plan Rows": 17500, "Plan Width": 32, "Actual Startup Time": 1967.405, "Actual Total Time": 3680.796, "Actual Rows": 109197, "Actual Loops": 1, "Filter": "((c_acctbal > $0) AND (\"substring\"((c_phone)::text, 1, 2) = ANY ('{20,40,22,30,39,42,21}'::text[])))", "Rows Removed by Filter": 1390803}, {"Node Type": "Index Scan", "Parent Relationship": "Inner", "Scan Direction": "Forward", "Index Name": "idx_orders_custkey", "Relation Name": "orders", "Alias": "orders", "Startup Cost": 0.0, "Total Cost": 17.99, "Plan Rows": 4, "Plan Width": 8, "Actual Startup Time": 530.764, "Actual Total Time": 530.764, "Actual Rows": 72593, "Actual Loops": 109197, "Index Cond": "(o_custkey = public.customer.c_custkey)", "Rows Removed by Index Recheck": 0}]}]}]}, "Triggers": [], "Planner Runtime": 0.769, "Total Runtime": 4343.034, "Unique SQL Id": 2798552886}}, "(64, 78)": {"explain_plan": {"Plan": {"Node Type": "Sort", "Startup Cost": 639751.64, "Total Cost": 639751.65, "Plan Rows": 1, "Plan Width": 40, "Sort Key": ["(\"substring\"((public.customer.c_phone)::text, 1, 2))"], "Plans": [{"Node Type": "Aggregate", "Strategy": "Plain", "Parent Relationship": "exec_init_plan", "Subplan Name": "InitPlan 1 (returns $0)", "Startup Cost": 76620.14, "Total Cost": 76620.15, "Plan Rows": 1, "Plan Width": 40, "Plans": [{"Node Type": "Seq Scan", "Parent Relationship": "Outer", "Relation Name": "customer", "Alias": "customer", "Startup Cost": 12.95, "Total Cost": 76501.0, "Plan Rows": 47655, "Plan Width": 8, "Filter": "((c_acctbal > 0::double precision) AND (\"substring\"((c_phone)::text, 1, 2) = ANY ('{20,40,22,30,39,42,21}'::text[])))"}]}, {"Node Type": "Aggregate", "Strategy": "Hashed", "Parent Relationship": "Outer", "Startup Cost": 563131.47, "Total Cost": 563131.48, "Plan Rows": 1, "Plan Width": 40, "Group By Key": ["\"substring\"((public.customer.c_phone)::text, 1, 2)"], "Plans": [{"Node Type": "Hash Join", "Parent Relationship": "Outer", "Join Type": "Right Anti", "Startup Cost": 76719.75, "Total Cost": 563131.46, "Plan Rows": 1, "Plan Width": 24, "Inner Unique": true, "Hash Cond": "(orders.o_custkey = public.customer.c_custkey)", "Plans": [{"Node Type": "Seq Scan", "Parent Relationship": "Outer", "Relation Name": "orders", "Alias": "orders", "Startup Cost": 0.0, "Total Cost": 426413.79, "Plan Rows": 14999479, "Plan Width": 8}, {"Node Type": "Hash", "Parent Relationship": "Inner", "Startup Cost": 76501.0, "Total Cost": 76501.0, "Plan Rows": 17500, "Plan Width": 32, "Plans": [{"Node Type": "Seq Scan", "Parent Relationship": "Outer", "Relation Name": "customer", "Alias": "customer", "Startup Cost": 0.0, "Total Cost": 76501.0, "Plan Rows": 17500, "Plan Width": 32, "Filter": "((c_acctbal > $0) AND (\"substring\"((c_phone)::text, 1, 2) = ANY ('{20,40,22,30,39,42,21}'::text[])))"}]}]}]}]}, "Unique SQL Id": 2798552886}, "explain_analyze_plan": null}, "(64, 79)": {"explain_plan": {"Plan": {"Node Type": "Sort", "Startup Cost": 3000141907840.95, "Total Cost": 3000141907840.95, "Plan Rows": 1, "Plan Width": 40, "Sort Key": ["(\"substring\"((public.customer.c_phone)::text, 1, 2))"], "Plans": [{"Node Type": "Aggregate", "Strategy": "Plain", "Parent Relationship": "exec_init_plan", "Subplan Name": "InitPlan 1 (returns $0)", "Startup Cost": 1000007650219.14, "Total Cost": 1000007650219.15, "Plan Rows": 1, "Plan Width": 40, "Plans": [{"Node Type": "Seq Scan", "Parent Relationship": "Outer", "Relation Name": "customer", "Alias": "customer", "Startup Cost": 10000000012.75, "Total Cost": 1000007650100.0, "Plan Rows": 47655, "Plan Width": 8, "Filter": "((c_acctbal > 0::double precision) AND (\"substring\"((c_phone)::text, 1, 2) = ANY ('{20,40,22,30,39,42,21}'::text[])))"}]}, {"Node Type": "Aggregate", "Strategy": "Hashed", "Parent Relationship": "Outer", "Startup Cost": 2000134257621.77, "Total Cost": 2000134257621.79, "Plan Rows": 1, "Plan Width": 40, "Group By Key": ["\"substring\"((public.customer.c_phone)::text, 1, 2)"], "Plans": [{"Node Type": "Merge Join", "Parent Relationship": "Outer", "Join Type": "Anti", "Startup Cost": 20000000000.0, "Total Cost": 2000134257621.77, "Plan Rows": 1, "Plan Width": 24, "Inner Unique": false, "Merge Cond": "(public.customer.c_custkey = orders.o_custkey)", "Plans": [{"Node Type": "Index Scan", "Parent Relationship": "Outer", "Scan Direction": "Forward", "Index Name": "customer_pkey", "Relation Name": "customer", "Alias": "customer", "Startup Cost": 10000000000.0, "Total Cost": 1000010514035.62, "Plan Rows": 17500, "Plan Width": 32, "Filter": "((c_acctbal > $0) AND (\"substring\"((c_phone)::text, 1, 2) = ANY ('{20,40,22,30,39,42,21}'::text[])))"}, {"Node Type": "Index Scan", "Parent Relationship": "Inner", "Scan Direction": "Forward", "Index Name": "idx_orders_custkey", "Relation Name": "orders", "Alias": "orders", "Startup Cost": 10000000000.0, "Total Cost": 1000156051529.08, "Plan Rows": 14999479, "Plan Width": 8}]}]}]}, "Unique SQL Id": 2798552886}, "explain_analyze_plan": null}, "(64, 80)": {"explain_plan": {"Plan": {"Node Type": "Sort", "Startup Cost": 178853.67, "Total Cost": 178853.67, "Plan Rows": 1, "Plan Width": 40, "Sort Key": ["(\"substring\"((public.customer.c_phone)::text, 1, 2))"], "Plans": [{"Node Type": "Aggregate", "Strategy": "Plain", "Parent Relationship": "exec_init_plan", "Subplan Name": "InitPlan 1 (returns $0)", "Startup Cost": 76620.14, "Total Cost": 76620.15, "Plan Rows": 1, "Plan Width": 40, "Plans": [{"Node Type": "Seq Scan", "Parent Relationship": "Outer", "Relation Name": "customer", "Alias": "customer", "Startup Cost": 12.95, "Total Cost": 76501.0, "Plan Rows": 47655, "Plan Width": 8, "Filter": "((c_acctbal > 0::double precision) AND (\"substring\"((c_phone)::text, 1, 2) = ANY ('{20,40,22,30,39,42,21}'::text[])))"}]}, {"Node Type": "Aggregate", "Strategy": "Hashed", "Parent Relationship": "Outer", "Startup Cost": 102233.49, "Total Cost": 102233.51, "Plan Rows": 1, "Plan Width": 40, "Group By Key": ["\"substring\"((public.customer.c_phone)::text, 1, 2)"], "Plans": [{"Node Type": "Nested Loop", "Parent Relationship": "Outer", "Join Type": "Anti", "Startup Cost": 0.0, "Total Cost": 102233.49, "Plan Rows": 1, "Plan Width": 24, "Inner Unique": false, "Plans": [{"Node Type": "Seq Scan", "Parent Relationship": "Outer", "Relation Name": "customer", "Alias": "customer", "Startup Cost": 0.0, "Total Cost": 76501.0, "Plan Rows": 17500, "Plan Width": 32, "Filter": "((c_acctbal > $0) AND (\"substring\"((c_phone)::text, 1, 2) = ANY ('{20,40,22,30,39,42,21}'::text[])))"}, {"Node Type": "Index Only Scan", "Parent Relationship": "Inner", "Scan Direction": "Forward", "Index Name": "idx_orders_custkey", "Relation Name": "orders", "Alias": "orders", "Startup Cost": 0.0, "Total Cost": 3.79, "Plan Rows": 4, "Plan Width": 8, "Index Cond": "(o_custkey = public.customer.c_custkey)"}]}]}]}, "Unique SQL Id": 2798552886}, "explain_analyze_plan": {"Plan": {"Node Type": "Sort", "Startup Cost": 178853.67, "Total Cost": 178853.67, "Plan Rows": 1, "Plan Width": 40, "Actual Startup Time": 3874.835, "Actual Total Time": 3874.836, "Actual Rows": 4, "Actual Loops": 1, "Sort Key": ["(\"substring\"((public.customer.c_phone)::text, 1, 2))"], "Sort Method": "quicksort", "Sort Space Used": 25, "Sort Space Type": "Memory", "Plans": [{"Node Type": "Aggregate", "Strategy": "Plain", "Parent Relationship": "exec_init_plan", "Subplan Name": "InitPlan 1 (returns $0)", "Startup Cost": 76620.14, "Total Cost": 76620.15, "Plan Rows": 1, "Plan Width": 40, "Actual Startup Time": 1994.529, "Actual Total Time": 1994.529, "Actual Rows": 1, "Actual Loops": 1, "Plans": [{"Node Type": "Seq Scan", "Parent Relationship": "Outer", "Relation Name": "customer", "Alias": "customer", "Startup Cost": 12.95, "Total Cost": 76501.0, "Plan Rows": 47655, "Plan Width": 8, "Actual Startup Time": 0.029, "Actual Total Time": 1899.991, "Actual Rows": 218121, "Actual Loops": 1, "Filter": "((c_acctbal > 0::double precision) AND (\"substring\"((c_phone)::text, 1, 2) = ANY ('{20,40,22,30,39,42,21}'::text[])))", "Rows Removed by Filter": 1281879}]}, {"Node Type": "Aggregate", "Strategy": "Hashed", "Parent Relationship": "Outer", "Startup Cost": 102233.49, "Total Cost": 102233.51, "Plan Rows": 1, "Plan Width": 40, "Actual Startup Time": 3874.687, "Actual Total Time": 3874.701, "Actual Rows": 4, "Actual Loops": 1, "Group By Key": ["\"substring\"((public.customer.c_phone)::text, 1, 2)"], "Plans": [{"Node Type": "Nested Loop", "Parent Relationship": "Outer", "Join Type": "Anti", "Startup Cost": 0.0, "Total Cost": 102233.49, "Plan Rows": 1, "Plan Width": 24, "Actual Startup Time": 1994.649, "Actual Total Time": 3852.097, "Actual Rows": 36604, "Actual Loops": 1, "Inner Unique": false, "Plans": [{"Node Type": "Seq Scan", "Parent Relationship": "Outer", "Relation Name": "customer", "Alias": "customer", "Startup Cost": 0.0, "Total Cost": 76501.0, "Plan Rows": 17500, "Plan Width": 32, "Actual Startup Time": 1994.594, "Actual Total Time": 3277.642, "Actual Rows": 109197, "Actual Loops": 1, "Filter": "((c_acctbal > $0) AND (\"substring\"((c_phone)::text, 1, 2) = ANY ('{20,40,22,30,39,42,21}'::text[])))", "Rows Removed by Filter": 1390803}, {"Node Type": "Index Only Scan", "Parent Relationship": "Inner", "Scan Direction": "Forward", "Index Name": "idx_orders_custkey", "Relation Name": "orders", "Alias": "orders", "Startup Cost": 0.0, "Total Cost": 3.79, "Plan Rows": 4, "Plan Width": 8, "Actual Startup Time": 473.016, "Actual Total Time": 473.016, "Actual Rows": 72593, "Actual Loops": 109197, "Index Cond": "(o_custkey = public.customer.c_custkey)", "Rows Removed by Index Recheck": 0, "Heap Fetches": 0}]}]}]}, "Triggers": [], "Planner Runtime": 0.763, "Total Runtime": 3875.036, "Unique SQL Id": 2798552886}}, "(64, 81)": {"explain_plan": {"Plan": {"Node Type": "Sort", "Startup Cost": 1000007781092.03, "Total Cost": 1000007781092.03, "Plan Rows": 1, "Plan Width": 40, "Sort Key": ["(\"substring\"((public.customer.c_phone)::text, 1, 2))"], "Plans": [{"Node Type": "Aggregate", "Strategy": "Plain", "Parent Relationship": "exec_init_plan", "Subplan Name": "InitPlan 1 (returns $0)", "Startup Cost": 1000007650219.14, "Total Cost": 1000007650219.15, "Plan Rows": 1, "Plan Width": 40, "Plans": [{"Node Type": "Seq Scan", "Parent Relationship": "Outer", "Relation Name": "customer", "Alias": "customer", "Startup Cost": 10000000012.75, "Total Cost": 1000007650100.0, "Plan Rows": 47655, "Plan Width": 8, "Filter": "((c_acctbal > 0::double precision) AND (\"substring\"((c_phone)::text, 1, 2) = ANY ('{20,40,22,30,39,42,21}'::text[])))"}]}, {"Node Type": "Aggregate", "Strategy": "Hashed", "Parent Relationship": "Outer", "Startup Cost": 130872.85, "Total Cost": 130872.87, "Plan Rows": 1, "Plan Width": 40, "Group By Key": ["\"substring\"((public.customer.c_phone)::text, 1, 2)"], "Plans": [{"Node Type": "Nested Loop", "Parent Relationship": "Outer", "Join Type": "Anti", "Startup Cost": 0.0, "Total Cost": 130872.84, "Plan Rows": 1, "Plan Width": 24, "Inner Unique": false, "Plans": [{"Node Type": "Index Scan", "Parent Relationship": "Outer", "Scan Direction": "Forward", "Index Name": "customer_pkey", "Relation Name": "customer", "Alias": "customer", "Startup Cost": 0.0, "Total Cost": 105140.36, "Plan Rows": 17500, "Plan Width": 32, "Filter": "((c_acctbal > $0) AND (\"substring\"((c_phone)::text, 1, 2) = ANY ('{20,40,22,30,39,42,21}'::text[])))"}, {"Node Type": "Index Only Scan", "Parent Relationship": "Inner", "Scan Direction": "Forward", "Index Name": "idx_orders_custkey", "Relation Name": "orders", "Alias": "orders", "Startup Cost": 0.0, "Total Cost": 3.79, "Plan Rows": 4, "Plan Width": 8, "Index Cond": "(o_custkey = public.customer.c_custkey)"}]}]}]}, "Unique SQL Id": 2798552886}, "explain_analyze_plan": {"Plan": {"Node Type": "Sort", "Startup Cost": 1000007781092.03, "Total Cost": 1000007781092.03, "Plan Rows": 1, "Plan Width": 40, "Actual Startup Time": 4540.757, "Actual Total Time": 4540.757, "Actual Rows": 4, "Actual Loops": 1, "Sort Key": ["(\"substring\"((public.customer.c_phone)::text, 1, 2))"], "Sort Method": "quicksort", "Sort Space Used": 25, "Sort Space Type": "Memory", "Plans": [{"Node Type": "Aggregate", "Strategy": "Plain", "Parent Relationship": "exec_init_plan", "Subplan Name": "InitPlan 1 (returns $0)", "Startup Cost": 1000007650219.14, "Total Cost": 1000007650219.15, "Plan Rows": 1, "Plan Width": 40, "Actual Startup Time": 1995.612, "Actual Total Time": 1995.612, "Actual Rows": 1, "Actual Loops": 1, "Plans": [{"Node Type": "Seq Scan", "Parent Relationship": "Outer", "Relation Name": "customer", "Alias": "customer", "Startup Cost": 10000000012.75, "Total Cost": 1000007650100.0, "Plan Rows": 47655, "Plan Width": 8, "Actual Startup Time": 0.036, "Actual Total Time": 1901.667, "Actual Rows": 218121, "Actual Loops": 1, "Filter": "((c_acctbal > 0::double precision) AND (\"substring\"((c_phone)::text, 1, 2) = ANY ('{20,40,22,30,39,42,21}'::text[])))", "Rows Removed by Filter": 1281879}]}, {"Node Type": "Aggregate", "Strategy": "Hashed", "Parent Relationship": "Outer", "Startup Cost": 130872.85, "Total Cost": 130872.87, "Plan Rows": 1, "Plan Width": 40, "Actual Startup Time": 4540.614, "Actual Total Time": 4540.628, "Actual Rows": 4, "Actual Loops": 1, "Group By Key": ["\"substring\"((public.customer.c_phone)::text, 1, 2)"], "Plans": [{"Node Type": "Nested Loop", "Parent Relationship": "Outer", "Join Type": "Anti", "Startup Cost": 0.0, "Total Cost": 130872.84, "Plan Rows": 1, "Plan Width": 24, "Actual Startup Time": 1995.887, "Actual Total Time": 4518.037, "Actual Rows": 36604, "Actual Loops": 1, "Inner Unique": false, "Plans": [{"Node Type": "Index Scan", "Parent Relationship": "Outer", "Scan Direction": "Forward", "Index Name": "customer_pkey", "Relation Name": "customer", "Alias": "customer", "Startup Cost": 0.0, "Total Cost": 105140.36, "Plan Rows": 17500, "Plan Width": 32, "Actual Startup Time": 1995.824, "Actual Total Time": 3913.868, "Actual Rows": 109197, "Actual Loops": 1, "Filter": "((c_acctbal > $0) AND (\"substring\"((c_phone)::text, 1, 2) = ANY ('{20,40,22,30,39,42,21}'::text[])))", "Rows Removed by Filter": 1390803}, {"Node Type": "Index Only Scan", "Parent Relationship": "Inner", "Scan Direction": "Forward", "Index Name": "idx_orders_custkey", "Relation Name": "orders", "Alias": "orders", "Startup Cost": 0.0, "Total Cost": 3.79, "Plan Rows": 4, "Plan Width": 8, "Actual Startup Time": 500.727, "Actual Total Time": 500.727, "Actual Rows": 72593, "Actual Loops": 109197, "Index Cond": "(o_custkey = public.customer.c_custkey)", "Rows Removed by Index Recheck": 0, "Heap Fetches": 0}]}]}]}, "Triggers": [], "Planner Runtime": 0.757, "Total Runtime": 4540.956, "Unique SQL Id": 2798552886}}, "(64, 82)": {"explain_plan": {"Plan": {"Node Type": "Sort", "Startup Cost": 326543.88, "Total Cost": 326543.89, "Plan Rows": 1, "Plan Width": 40, "Sort Key": ["(\"substring\"((public.customer.c_phone)::text, 1, 2))"], "Plans": [{"Node Type": "Aggregate", "Strategy": "Plain", "Parent Relationship": "exec_init_plan", "Subplan Name": "InitPlan 1 (returns $0)", "Startup Cost": 76620.14, "Total Cost": 76620.15, "Plan Rows": 1, "Plan Width": 40, "Plans": [{"Node Type": "Seq Scan", "Parent Relationship": "Outer", "Relation Name": "customer", "Alias": "customer", "Startup Cost": 12.95, "Total Cost": 76501.0, "Plan Rows": 47655, "Plan Width": 8, "Filter": "((c_acctbal > 0::double precision) AND (\"substring\"((c_phone)::text, 1, 2) = ANY ('{20,40,22,30,39,42,21}'::text[])))"}]}, {"Node Type": "Aggregate", "Strategy": "Hashed", "Parent Relationship": "Outer", "Startup Cost": 249923.71, "Total Cost": 249923.72, "Plan Rows": 1, "Plan Width": 40, "Group By Key": ["\"substring\"((public.customer.c_phone)::text, 1, 2)"], "Plans": [{"Node Type": "Nested Loop", "Parent Relationship": "Outer", "Join Type": "Anti", "Startup Cost": 3.75, "Total Cost": 249923.7, "Plan Rows": 1, "Plan Width": 24, "Inner Unique": false, "Plans": [{"Node Type": "Seq Scan", "Parent Relationship": "Outer", "Relation Name": "customer", "Alias": "customer", "Startup Cost": 0.0, "Total Cost": 76501.0, "Plan Rows": 17500, "Plan Width": 32, "Filter": "((c_acctbal > $0) AND (\"substring\"((c_phone)::text, 1, 2) = ANY ('{20,40,22,30,39,42,21}'::text[])))"}, {"Node Type": "Bitmap Heap Scan", "Parent Relationship": "Inner", "Relation Name": "orders", "Alias": "orders", "Startup Cost": 3.75, "Total Cost": 19.76, "Plan Rows": 4, "Plan Width": 8, "Recheck Cond": "(o_custkey = public.customer.c_custkey)", "Plans": [{"Node Type": "Bitmap Index Scan", "Parent Relationship": "Outer", "Index Name": "idx_orders_custkey", "Startup Cost": 0.0, "Total Cost": 3.75, "Plan Rows": 4, "Plan Width": 0, "Index Cond": "(o_custkey = public.customer.c_custkey)"}]}]}]}]}, "Unique SQL Id": 2798552886}, "explain_analyze_plan": {"Plan": {"Node Type": "Sort", "Startup Cost": 326543.88, "Total Cost": 326543.89, "Plan Rows": 1, "Plan Width": 40, "Actual Startup Time": 4414.71, "Actual Total Time": 4414.711, "Actual Rows": 4, "Actual Loops": 1, "Sort Key": ["(\"substring\"((public.customer.c_phone)::text, 1, 2))"], "Sort Method": "quicksort", "Sort Space Used": 25, "Sort Space Type": "Memory", "Plans": [{"Node Type": "Aggregate", "Strategy": "Plain", "Parent Relationship": "exec_init_plan", "Subplan Name": "InitPlan 1 (returns $0)", "Startup Cost": 76620.14, "Total Cost": 76620.15, "Plan Rows": 1, "Plan Width": 40, "Actual Startup Time": 1995.799, "Actual Total Time": 1995.799, "Actual Rows": 1, "Actual Loops": 1, "Plans": [{"Node Type": "Seq Scan", "Parent Relationship": "Outer", "Relation Name": "customer", "Alias": "customer", "Startup Cost": 12.95, "Total Cost": 76501.0, "Plan Rows": 47655, "Plan Width": 8, "Actual Startup Time": 0.031, "Actual Total Time": 1901.337, "Actual Rows": 218121, "Actual Loops": 1, "Filter": "((c_acctbal > 0::double precision) AND (\"substring\"((c_phone)::text, 1, 2) = ANY ('{20,40,22,30,39,42,21}'::text[])))", "Rows Removed by Filter": 1281879}]}, {"Node Type": "Aggregate", "Strategy": "Hashed", "Parent Relationship": "Outer", "Startup Cost": 249923.71, "Total Cost": 249923.72, "Plan Rows": 1, "Plan Width": 40, "Actual Startup Time": 4414.669, "Actual Total Time": 4414.669, "Actual Rows": 4, "Actual Loops": 1, "Group By Key": ["\"substring\"((public.customer.c_phone)::text, 1, 2)"], "Plans": [{"Node Type": "Nested Loop", "Parent Relationship": "Outer", "Join Type": "Anti", "Startup Cost": 3.75, "Total Cost": 249923.7, "Plan Rows": 1, "Plan Width": 24, "Actual Startup Time": 1995.923, "Actual Total Time": 4387.776, "Actual Rows": 36604, "Actual Loops": 1, "Inner Unique": false, "Plans": [{"Node Type": "Seq Scan", "Parent Relationship": "Outer", "Relation Name": "customer", "Alias": "customer", "Startup Cost": 0.0, "Total Cost": 76501.0, "Plan Rows": 17500, "Plan Width": 32, "Actual Startup Time": 1995.862, "Actual Total Time": 3284.286, "Actual Rows": 109197, "Actual Loops": 1, "Filter": "((c_acctbal > $0) AND (\"substring\"((c_phone)::text, 1, 2) = ANY ('{20,40,22,30,39,42,21}'::text[])))", "Rows Removed by Filter": 1390803}, {"Node Type": "Bitmap Heap Scan", "Parent Relationship": "Inner", "Relation Name": "orders", "Alias": "orders", "Startup Cost": 3.75, "Total Cost": 19.76, "Plan Rows": 4, "Plan Width": 8, "Actual Startup Time": 918.298, "Actual Total Time": 918.298, "Actual Rows": 72593, "Actual Loops": 109197, "Recheck Cond": "(o_custkey = public.customer.c_custkey)", "Rows Removed by Index Recheck": 0, "Exact Heap Blocks": 72593, "Lossy Heap Blocks": 72593, "Plans": [{"Node Type": "Bitmap Index Scan", "Parent Relationship": "Outer", "Index Name": "idx_orders_custkey", "Startup Cost": 0.0, "Total Cost": 3.75, "Plan Rows": 4, "Plan Width": 0, "Actual Startup Time": 572.408, "Actual Total Time": 572.408, "Actual Rows": 1091631, "Actual Loops": 109197, "Index Cond": "(o_custkey = public.customer.c_custkey)"}]}]}]}]}, "Triggers": [], "Planner Runtime": 0.77, "Total Runtime": 4415.004, "Unique SQL Id": 2798552886}}, "(64, 83)": {"explain_plan": {"Plan": {"Node Type": "Sort", "Startup Cost": 2000018337677.51, "Total Cost": 2000018337677.51, "Plan Rows": 1, "Plan Width": 40, "Sort Key": ["(\"substring\"((public.customer.c_phone)::text, 1, 2))"], "Plans": [{"Node Type": "Aggregate", "Strategy": "Plain", "Parent Relationship": "exec_init_plan", "Subplan Name": "InitPlan 1 (returns $0)", "Startup Cost": 1000007650219.14, "Total Cost": 1000007650219.15, "Plan Rows": 1, "Plan Width": 40, "Plans": [{"Node Type": "Seq Scan", "Parent Relationship": "Outer", "Relation Name": "customer", "Alias": "customer", "Startup Cost": 10000000012.75, "Total Cost": 1000007650100.0, "Plan Rows": 47655, "Plan Width": 8, "Filter": "((c_acctbal > 0::double precision) AND (\"substring\"((c_phone)::text, 1, 2) = ANY ('{20,40,22,30,39,42,21}'::text[])))"}]}, {"Node Type": "Aggregate", "Strategy": "Hashed", "Parent Relationship": "Outer", "Startup Cost": 1000010687458.33, "Total Cost": 1000010687458.35, "Plan Rows": 1, "Plan Width": 40, "Group By Key": ["\"substring\"((public.customer.c_phone)::text, 1, 2)"], "Plans": [{"Node Type": "Nested Loop", "Parent Relationship": "Outer", "Join Type": "Anti", "Startup Cost": 10000000003.75, "Total Cost": 1000010687458.32, "Plan Rows": 1, "Plan Width": 24, "Inner Unique": false, "Plans": [{"Node Type": "Index Scan", "Parent Relationship": "Outer", "Scan Direction": "Forward", "Index Name": "customer_pkey", "Relation Name": "customer", "Alias": "customer", "Startup Cost": 10000000000.0, "Total Cost": 1000010514035.62, "Plan Rows": 17500, "Plan Width": 32, "Filter": "((c_acctbal > $0) AND (\"substring\"((c_phone)::text, 1, 2) = ANY ('{20,40,22,30,39,42,21}'::text[])))"}, {"Node Type": "Bitmap Heap Scan", "Parent Relationship": "Inner", "Relation Name": "orders", "Alias": "orders", "Startup Cost": 3.75, "Total Cost": 19.76, "Plan Rows": 4, "Plan Width": 8, "Recheck Cond": "(o_custkey = public.customer.c_custkey)", "Plans": [{"Node Type": "Bitmap Index Scan", "Parent Relationship": "Outer", "Index Name": "idx_orders_custkey", "Startup Cost": 0.0, "Total Cost": 3.75, "Plan Rows": 4, "Plan Width": 0, "Index Cond": "(o_custkey = public.customer.c_custkey)"}]}]}]}]}, "Unique SQL Id": 2798552886}, "explain_analyze_plan": {"Plan": {"Node Type": "Sort", "Startup Cost": 2000018337677.51, "Total Cost": 2000018337677.51, "Plan Rows": 1, "Plan Width": 40, "Actual Startup Time": 4987.955, "Actual Total Time": 4987.956, "Actual Rows": 4, "Actual Loops": 1, "Sort Key": ["(\"substring\"((public.customer.c_phone)::text, 1, 2))"], "Sort Method": "quicksort", "Sort Space Used": 25, "Sort Space Type": "Memory", "Plans": [{"Node Type": "Aggregate", "Strategy": "Plain", "Parent Relationship": "exec_init_plan", "Subplan Name": "InitPlan 1 (returns $0)", "Startup Cost": 1000007650219.14, "Total Cost": 1000007650219.15, "Plan Rows": 1, "Plan Width": 40, "Actual Startup Time": 2018.097, "Actual Total Time": 2018.099, "Actual Rows": 1, "Actual Loops": 1, "Plans": [{"Node Type": "Seq Scan", "Parent Relationship": "Outer", "Relation Name": "customer", "Alias": "customer", "Startup Cost": 10000000012.75, "Total Cost": 1000007650100.0, "Plan Rows": 47655, "Plan Width": 8, "Actual Startup Time": 0.04, "Actual Total Time": 1922.099, "Actual Rows": 218121, "Actual Loops": 1, "Filter": "((c_acctbal > 0::double precision) AND (\"substring\"((c_phone)::text, 1, 2) = ANY ('{20,40,22,30,39,42,21}'::text[])))", "Rows Removed by Filter": 1281879}]}, {"Node Type": "Aggregate", "Strategy": "Hashed", "Parent Relationship": "Outer", "Startup Cost": 1000010687458.33, "Total Cost": 1000010687458.35, "Plan Rows": 1, "Plan Width": 40, "Actual Startup Time": 4987.905, "Actual Total Time": 4987.907, "Actual Rows": 4, "Actual Loops": 1, "Group By Key": ["\"substring\"((public.customer.c_phone)::text, 1, 2)"], "Plans": [{"Node Type": "Nested Loop", "Parent Relationship": "Outer", "Join Type": "Anti", "Startup Cost": 10000000003.75, "Total Cost": 1000010687458.32, "Plan Rows": 1, "Plan Width": 24, "Actual Startup Time": 2018.334, "Actual Total Time": 4960.279, "Actual Rows": 36604, "Actual Loops": 1, "Inner Unique": false, "Plans": [{"Node Type": "Index Scan", "Parent Relationship": "Outer", "Scan Direction": "Forward", "Index Name": "customer_pkey", "Relation Name": "customer", "Alias": "customer", "Startup Cost": 10000000000.0, "Total Cost": 1000010514035.62, "Plan Rows": 17500, "Plan Width": 32, "Actual Startup Time": 2018.263, "Actual Total Time": 3830.61, "Actual Rows": 109197, "Actual Loops": 1, "Filter": "((c_acctbal > $0) AND (\"substring\"((c_phone)::text, 1, 2) = ANY ('{20,40,22,30,39,42,21}'::text[])))", "Rows Removed by Filter": 1390803}, {"Node Type": "Bitmap Heap Scan", "Parent Relationship": "Inner", "Relation Name": "orders", "Alias": "orders", "Startup Cost": 3.75, "Total Cost": 19.76, "Plan Rows": 4, "Plan Width": 8, "Actual Startup Time": 941.988, "Actual Total Time": 941.988, "Actual Rows": 72593, "Actual Loops": 109197, "Recheck Cond": "(o_custkey = public.customer.c_custkey)", "Rows Removed by Index Recheck": 0, "Exact Heap Blocks": 72593, "Lossy Heap Blocks": 72593, "Plans": [{"Node Type": "Bitmap Index Scan", "Parent Relationship": "Outer", "Index Name": "idx_orders_custkey", "Startup Cost": 0.0, "Total Cost": 3.75, "Plan Rows": 4, "Plan Width": 0, "Actual Startup Time": 583.569, "Actual Total Time": 583.569, "Actual Rows": 1091631, "Actual Loops": 109197, "Index Cond": "(o_custkey = public.customer.c_custkey)"}]}]}]}]}, "Triggers": [], "Planner Runtime": 0.731, "Total Runtime": 4988.153, "Unique SQL Id": 2798552886}}, "(64, 84)": {"explain_plan": {"Plan": {"Node Type": "Sort", "Startup Cost": 274230.79, "Total Cost": 274230.8, "Plan Rows": 1, "Plan Width": 40, "Sort Key": ["(\"substring\"((public.customer.c_phone)::text, 1, 2))"], "Plans": [{"Node Type": "Aggregate", "Strategy": "Plain", "Parent Relationship": "exec_init_plan", "Subplan Name": "InitPlan 1 (returns $0)", "Startup Cost": 76620.14, "Total Cost": 76620.15, "Plan Rows": 1, "Plan Width": 40, "Plans": [{"Node Type": "Seq Scan", "Parent Relationship": "Outer", "Relation Name": "customer", "Alias": "customer", "Startup Cost": 12.95, "Total Cost": 76501.0, "Plan Rows": 47655, "Plan Width": 8, "Filter": "((c_acctbal > 0::double precision) AND (\"substring\"((c_phone)::text, 1, 2) = ANY ('{20,40,22,30,39,42,21}'::text[])))"}]}, {"Node Type": "Aggregate", "Strategy": "Hashed", "Parent Relationship": "Outer", "Startup Cost": 197610.62, "Total Cost": 197610.63, "Plan Rows": 1, "Plan Width": 40, "Group By Key": ["\"substring\"((public.customer.c_phone)::text, 1, 2)"], "Plans": [{"Node Type": "Nested Loop", "Parent Relationship": "Outer", "Join Type": "Anti", "Startup Cost": 0.0, "Total Cost": 197610.61, "Plan Rows": 1, "Plan Width": 24, "Inner Unique": false, "Plans": [{"Node Type": "Seq Scan", "Parent Relationship": "Outer", "Relation Name": "customer", "Alias": "customer", "Startup Cost": 0.0, "Total Cost": 76501.0, "Plan Rows": 17500, "Plan Width": 32, "Filter": "((c_acctbal > $0) AND (\"substring\"((c_phone)::text, 1, 2) = ANY ('{20,40,22,30,39,42,21}'::text[])))"}, {"Node Type": "Index Scan", "Parent Relationship": "Inner", "Scan Direction": "Forward", "Index Name": "idx_orders_custkey", "Relation Name": "orders", "Alias": "orders", "Startup Cost": 0.0, "Total Cost": 17.99, "Plan Rows": 4, "Plan Width": 8, "Index Cond": "(o_custkey = public.customer.c_custkey)"}]}]}]}, "Unique SQL Id": 2798552886}, "explain_analyze_plan": {"Plan": {"Node Type": "Sort", "Startup Cost": 274230.79, "Total Cost": 274230.8, "Plan Rows": 1, "Plan Width": 40, "Actual Startup Time": 4048.22, "Actual Total Time": 4048.22, "Actual Rows": 4, "Actual Loops": 1, "Sort Key": ["(\"substring\"((public.customer.c_phone)::text, 1, 2))"], "Sort Method": "quicksort", "Sort Space Used": 25, "Sort Space Type": "Memory", "Plans": [{"Node Type": "Aggregate", "Strategy": "Plain", "Parent Relationship": "exec_init_plan", "Subplan Name": "InitPlan 1 (returns $0)", "Startup Cost": 76620.14, "Total Cost": 76620.15, "Plan Rows": 1, "Plan Width": 40, "Actual Startup Time": 1960.504, "Actual Total Time": 1960.504, "Actual Rows": 1, "Actual Loops": 1, "Plans": [{"Node Type": "Seq Scan", "Parent Relationship": "Outer", "Relation Name": "customer", "Alias": "customer", "Startup Cost": 12.95, "Total Cost": 76501.0, "Plan Rows": 47655, "Plan Width": 8, "Actual Startup Time": 0.027, "Actual Total Time": 1865.668, "Actual Rows": 218121, "Actual Loops": 1, "Filter": "((c_acctbal > 0::double precision) AND (\"substring\"((c_phone)::text, 1, 2) = ANY ('{20,40,22,30,39,42,21}'::text[])))", "Rows Removed by Filter": 1281879}]}, {"Node Type": "Aggregate", "Strategy": "Hashed", "Parent Relationship": "Outer", "Startup Cost": 197610.62, "Total Cost": 197610.63, "Plan Rows": 1, "Plan Width": 40, "Actual Startup Time": 4048.179, "Actual Total Time": 4048.18, "Actual Rows": 4, "Actual Loops": 1, "Group By Key": ["\"substring\"((public.customer.c_phone)::text, 1, 2)"], "Plans": [{"Node Type": "Nested Loop", "Parent Relationship": "Outer", "Join Type": "Anti", "Startup Cost": 0.0, "Total Cost": 197610.61, "Plan Rows": 1, "Plan Width": 24, "Actual Startup Time": 1960.632, "Actual Total Time": 4024.922, "Actual Rows": 36604, "Actual Loops": 1, "Inner Unique": false, "Plans": [{"Node Type": "Seq Scan", "Parent Relationship": "Outer", "Relation Name": "customer", "Alias": "customer", "Startup Cost": 0.0, "Total Cost": 76501.0, "Plan Rows": 17500, "Plan Width": 32, "Actual Startup Time": 1960.572, "Actual Total Time": 3257.721, "Actual Rows": 109197, "Actual Loops": 1, "Filter": "((c_acctbal > $0) AND (\"substring\"((c_phone)::text, 1, 2) = ANY ('{20,40,22,30,39,42,21}'::text[])))", "Rows Removed by Filter": 1390803}, {"Node Type": "Index Scan", "Parent Relationship": "Inner", "Scan Direction": "Forward", "Index Name": "idx_orders_custkey", "Relation Name": "orders", "Alias": "orders", "Startup Cost": 0.0, "Total Cost": 17.99, "Plan Rows": 4, "Plan Width": 8, "Actual Startup Time": 660.636, "Actual Total Time": 660.636, "Actual Rows": 72593, "Actual Loops": 109197, "Index Cond": "(o_custkey = public.customer.c_custkey)", "Rows Removed by Index Recheck": 0}]}]}]}, "Triggers": [], "Planner Runtime": 0.759, "Total Runtime": 4048.42, "Unique SQL Id": 2798552886}}, "(64, 85)": {"explain_plan": {"Plan": {"Node Type": "Sort", "Startup Cost": 1000007876469.15, "Total Cost": 1000007876469.15, "Plan Rows": 1, "Plan Width": 40, "Sort Key": ["(\"substring\"((public.customer.c_phone)::text, 1, 2))"], "Plans": [{"Node Type": "Aggregate", "Strategy": "Plain", "Parent Relationship": "exec_init_plan", "Subplan Name": "InitPlan 1 (returns $0)", "Startup Cost": 1000007650219.14, "Total Cost": 1000007650219.15, "Plan Rows": 1, "Plan Width": 40, "Plans": [{"Node Type": "Seq Scan", "Parent Relationship": "Outer", "Relation Name": "customer", "Alias": "customer", "Startup Cost": 10000000012.75, "Total Cost": 1000007650100.0, "Plan Rows": 47655, "Plan Width": 8, "Filter": "((c_acctbal > 0::double precision) AND (\"substring\"((c_phone)::text, 1, 2) = ANY ('{20,40,22,30,39,42,21}'::text[])))"}]}, {"Node Type": "Aggregate", "Strategy": "Hashed", "Parent Relationship": "Outer", "Startup Cost": 226249.97, "Total Cost": 226249.99, "Plan Rows": 1, "Plan Width": 40, "Group By Key": ["\"substring\"((public.customer.c_phone)::text, 1, 2)"], "Plans": [{"Node Type": "Nested Loop", "Parent Relationship": "Outer", "Join Type": "Anti", "Startup Cost": 0.0, "Total Cost": 226249.97, "Plan Rows": 1, "Plan Width": 24, "Inner Unique": false, "Plans": [{"Node Type": "Index Scan", "Parent Relationship": "Outer", "Scan Direction": "Forward", "Index Name": "customer_pkey", "Relation Name": "customer", "Alias": "customer", "Startup Cost": 0.0, "Total Cost": 105140.36, "Plan Rows": 17500, "Plan Width": 32, "Filter": "((c_acctbal > $0) AND (\"substring\"((c_phone)::text, 1, 2) = ANY ('{20,40,22,30,39,42,21}'::text[])))"}, {"Node Type": "Index Scan", "Parent Relationship": "Inner", "Scan Direction": "Forward", "Index Name": "idx_orders_custkey", "Relation Name": "orders", "Alias": "orders", "Startup Cost": 0.0, "Total Cost": 17.99, "Plan Rows": 4, "Plan Width": 8, "Index Cond": "(o_custkey = public.customer.c_custkey)"}]}]}]}, "Unique SQL Id": 2798552886}, "explain_analyze_plan": {"Plan": {"Node Type": "Sort", "Startup Cost": 1000007876469.15, "Total Cost": 1000007876469.15, "Plan Rows": 1, "Plan Width": 40, "Actual Startup Time": 4342.858, "Actual Total Time": 4342.858, "Actual Rows": 4, "Actual Loops": 1, "Sort Key": ["(\"substring\"((public.customer.c_phone)::text, 1, 2))"], "Sort Method": "quicksort", "Sort Space Used": 25, "Sort Space Type": "Memory", "Plans": [{"Node Type": "Aggregate", "Strategy": "Plain", "Parent Relationship": "exec_init_plan", "Subplan Name": "InitPlan 1 (returns $0)", "Startup Cost": 1000007650219.14, "Total Cost": 1000007650219.15, "Plan Rows": 1, "Plan Width": 40, "Actual Startup Time": 1967.227, "Actual Total Time": 1967.229, "Actual Rows": 1, "Actual Loops": 1, "Plans": [{"Node Type": "Seq Scan", "Parent Relationship": "Outer", "Relation Name": "customer", "Alias": "customer", "Startup Cost": 10000000012.75, "Total Cost": 1000007650100.0, "Plan Rows": 47655, "Plan Width": 8, "Actual Startup Time": 0.033, "Actual Total Time": 1872.87, "Actual Rows": 218121, "Actual Loops": 1, "Filter": "((c_acctbal > 0::double precision) AND (\"substring\"((c_phone)::text, 1, 2) = ANY ('{20,40,22,30,39,42,21}'::text[])))", "Rows Removed by Filter": 1281879}]}, {"Node Type": "Aggregate", "Strategy": "Hashed", "Parent Relationship": "Outer", "Startup Cost": 226249.97, "Total Cost": 226249.99, "Plan Rows": 1, "Plan Width": 40, "Actual Startup Time": 4342.811, "Actual Total Time": 4342.814, "Actual Rows": 4, "Actual Loops": 1, "Group By Key": ["\"substring\"((public.customer.c_phone)::text, 1, 2)"], "Plans": [{"Node Type": "Nested Loop", "Parent Relationship": "Outer", "Join Type": "Anti", "Startup Cost": 0.0, "Total Cost": 226249.97, "Plan Rows": 1, "Plan Width": 24, "Actual Startup Time": 1967.46, "Actual Total Time": 4319.835, "Actual Rows": 36604, "Actual Loops": 1, "Inner Unique": false, "Plans": [{"Node Type": "Index Scan", "Parent Relationship": "Outer", "Scan Direction": "Forward", "Index Name": "customer_pkey", "Relation Name": "customer", "Alias": "customer", "Startup Cost": 0.0, "Total Cost": 105140.36, "Plan Rows": 17500, "Plan Width": 32, "Actual Startup Time": 1967.405, "Actual Total Time": 3680.796, "Actual Rows": 109197, "Actual Loops": 1, "Filter": "((c_acctbal > $0) AND (\"substring\"((c_phone)::text, 1, 2) = ANY ('{20,40,22,30,39,42,21}'::text[])))", "Rows Removed by Filter": 1390803}, {"Node Type": "Index Scan", "Parent Relationship": "Inner", "Scan Direction": "Forward", "Index Name": "idx_orders_custkey", "Relation Name": "orders", "Alias": "orders", "Startup Cost": 0.0, "Total Cost": 17.99, "Plan Rows": 4, "Plan Width": 8, "Actual Startup Time": 530.764, "Actual Total Time": 530.764, "Actual Rows": 72593, "Actual Loops": 109197, "Index Cond": "(o_custkey = public.customer.c_custkey)", "Rows Removed by Index Recheck": 0}]}]}]}, "Triggers": [], "Planner Runtime": 0.769, "Total Runtime": 4343.034, "Unique SQL Id": 2798552886}}, "(64, 86)": {"explain_plan": {"Plan": {"Node Type": "Sort", "Startup Cost": 326543.88, "Total Cost": 326543.89, "Plan Rows": 1, "Plan Width": 40, "Sort Key": ["(\"substring\"((public.customer.c_phone)::text, 1, 2))"], "Plans": [{"Node Type": "Aggregate", "Strategy": "Plain", "Parent Relationship": "exec_init_plan", "Subplan Name": "InitPlan 1 (returns $0)", "Startup Cost": 76620.14, "Total Cost": 76620.15, "Plan Rows": 1, "Plan Width": 40, "Plans": [{"Node Type": "Seq Scan", "Parent Relationship": "Outer", "Relation Name": "customer", "Alias": "customer", "Startup Cost": 12.95, "Total Cost": 76501.0, "Plan Rows": 47655, "Plan Width": 8, "Filter": "((c_acctbal > 0::double precision) AND (\"substring\"((c_phone)::text, 1, 2) = ANY ('{20,40,22,30,39,42,21}'::text[])))"}]}, {"Node Type": "Aggregate", "Strategy": "Hashed", "Parent Relationship": "Outer", "Startup Cost": 249923.71, "Total Cost": 249923.72, "Plan Rows": 1, "Plan Width": 40, "Group By Key": ["\"substring\"((public.customer.c_phone)::text, 1, 2)"], "Plans": [{"Node Type": "Nested Loop", "Parent Relationship": "Outer", "Join Type": "Anti", "Startup Cost": 3.75, "Total Cost": 249923.7, "Plan Rows": 1, "Plan Width": 24, "Inner Unique": false, "Plans": [{"Node Type": "Seq Scan", "Parent Relationship": "Outer", "Relation Name": "customer", "Alias": "customer", "Startup Cost": 0.0, "Total Cost": 76501.0, "Plan Rows": 17500, "Plan Width": 32, "Filter": "((c_acctbal > $0) AND (\"substring\"((c_phone)::text, 1, 2) = ANY ('{20,40,22,30,39,42,21}'::text[])))"}, {"Node Type": "Bitmap Heap Scan", "Parent Relationship": "Inner", "Relation Name": "orders", "Alias": "orders", "Startup Cost": 3.75, "Total Cost": 19.76, "Plan Rows": 4, "Plan Width": 8, "Recheck Cond": "(o_custkey = public.customer.c_custkey)", "Plans": [{"Node Type": "Bitmap Index Scan", "Parent Relationship": "Outer", "Index Name": "idx_orders_custkey", "Startup Cost": 0.0, "Total Cost": 3.75, "Plan Rows": 4, "Plan Width": 0, "Index Cond": "(o_custkey = public.customer.c_custkey)"}]}]}]}]}, "Unique SQL Id": 2798552886}, "explain_analyze_plan": {"Plan": {"Node Type": "Sort", "Startup Cost": 326543.88, "Total Cost": 326543.89, "Plan Rows": 1, "Plan Width": 40, "Actual Startup Time": 4414.71, "Actual Total Time": 4414.711, "Actual Rows": 4, "Actual Loops": 1, "Sort Key": ["(\"substring\"((public.customer.c_phone)::text, 1, 2))"], "Sort Method": "quicksort", "Sort Space Used": 25, "Sort Space Type": "Memory", "Plans": [{"Node Type": "Aggregate", "Strategy": "Plain", "Parent Relationship": "exec_init_plan", "Subplan Name": "InitPlan 1 (returns $0)", "Startup Cost": 76620.14, "Total Cost": 76620.15, "Plan Rows": 1, "Plan Width": 40, "Actual Startup Time": 1995.799, "Actual Total Time": 1995.799, "Actual Rows": 1, "Actual Loops": 1, "Plans": [{"Node Type": "Seq Scan", "Parent Relationship": "Outer", "Relation Name": "customer", "Alias": "customer", "Startup Cost": 12.95, "Total Cost": 76501.0, "Plan Rows": 47655, "Plan Width": 8, "Actual Startup Time": 0.031, "Actual Total Time": 1901.337, "Actual Rows": 218121, "Actual Loops": 1, "Filter": "((c_acctbal > 0::double precision) AND (\"substring\"((c_phone)::text, 1, 2) = ANY ('{20,40,22,30,39,42,21}'::text[])))", "Rows Removed by Filter": 1281879}]}, {"Node Type": "Aggregate", "Strategy": "Hashed", "Parent Relationship": "Outer", "Startup Cost": 249923.71, "Total Cost": 249923.72, "Plan Rows": 1, "Plan Width": 40, "Actual Startup Time": 4414.669, "Actual Total Time": 4414.669, "Actual Rows": 4, "Actual Loops": 1, "Group By Key": ["\"substring\"((public.customer.c_phone)::text, 1, 2)"], "Plans": [{"Node Type": "Nested Loop", "Parent Relationship": "Outer", "Join Type": "Anti", "Startup Cost": 3.75, "Total Cost": 249923.7, "Plan Rows": 1, "Plan Width": 24, "Actual Startup Time": 1995.923, "Actual Total Time": 4387.776, "Actual Rows": 36604, "Actual Loops": 1, "Inner Unique": false, "Plans": [{"Node Type": "Seq Scan", "Parent Relationship": "Outer", "Relation Name": "customer", "Alias": "customer", "Startup Cost": 0.0, "Total Cost": 76501.0, "Plan Rows": 17500, "Plan Width": 32, "Actual Startup Time": 1995.862, "Actual Total Time": 3284.286, "Actual Rows": 109197, "Actual Loops": 1, "Filter": "((c_acctbal > $0) AND (\"substring\"((c_phone)::text, 1, 2) = ANY ('{20,40,22,30,39,42,21}'::text[])))", "Rows Removed by Filter": 1390803}, {"Node Type": "Bitmap Heap Scan", "Parent Relationship": "Inner", "Relation Name": "orders", "Alias": "orders", "Startup Cost": 3.75, "Total Cost": 19.76, "Plan Rows": 4, "Plan Width": 8, "Actual Startup Time": 918.298, "Actual Total Time": 918.298, "Actual Rows": 72593, "Actual Loops": 109197, "Recheck Cond": "(o_custkey = public.customer.c_custkey)", "Rows Removed by Index Recheck": 0, "Exact Heap Blocks": 72593, "Lossy Heap Blocks": 72593, "Plans": [{"Node Type": "Bitmap Index Scan", "Parent Relationship": "Outer", "Index Name": "idx_orders_custkey", "Startup Cost": 0.0, "Total Cost": 3.75, "Plan Rows": 4, "Plan Width": 0, "Actual Startup Time": 572.408, "Actual Total Time": 572.408, "Actual Rows": 1091631, "Actual Loops": 109197, "Index Cond": "(o_custkey = public.customer.c_custkey)"}]}]}]}]}, "Triggers": [], "Planner Runtime": 0.77, "Total Runtime": 4415.004, "Unique SQL Id": 2798552886}}, "(64, 87)": {"explain_plan": {"Plan": {"Node Type": "Sort", "Startup Cost": 2000018337677.51, "Total Cost": 2000018337677.51, "Plan Rows": 1, "Plan Width": 40, "Sort Key": ["(\"substring\"((public.customer.c_phone)::text, 1, 2))"], "Plans": [{"Node Type": "Aggregate", "Strategy": "Plain", "Parent Relationship": "exec_init_plan", "Subplan Name": "InitPlan 1 (returns $0)", "Startup Cost": 1000007650219.14, "Total Cost": 1000007650219.15, "Plan Rows": 1, "Plan Width": 40, "Plans": [{"Node Type": "Seq Scan", "Parent Relationship": "Outer", "Relation Name": "customer", "Alias": "customer", "Startup Cost": 10000000012.75, "Total Cost": 1000007650100.0, "Plan Rows": 47655, "Plan Width": 8, "Filter": "((c_acctbal > 0::double precision) AND (\"substring\"((c_phone)::text, 1, 2) = ANY ('{20,40,22,30,39,42,21}'::text[])))"}]}, {"Node Type": "Aggregate", "Strategy": "Hashed", "Parent Relationship": "Outer", "Startup Cost": 1000010687458.33, "Total Cost": 1000010687458.35, "Plan Rows": 1, "Plan Width": 40, "Group By Key": ["\"substring\"((public.customer.c_phone)::text, 1, 2)"], "Plans": [{"Node Type": "Nested Loop", "Parent Relationship": "Outer", "Join Type": "Anti", "Startup Cost": 10000000003.75, "Total Cost": 1000010687458.32, "Plan Rows": 1, "Plan Width": 24, "Inner Unique": false, "Plans": [{"Node Type": "Index Scan", "Parent Relationship": "Outer", "Scan Direction": "Forward", "Index Name": "customer_pkey", "Relation Name": "customer", "Alias": "customer", "Startup Cost": 10000000000.0, "Total Cost": 1000010514035.62, "Plan Rows": 17500, "Plan Width": 32, "Filter": "((c_acctbal > $0) AND (\"substring\"((c_phone)::text, 1, 2) = ANY ('{20,40,22,30,39,42,21}'::text[])))"}, {"Node Type": "Bitmap Heap Scan", "Parent Relationship": "Inner", "Relation Name": "orders", "Alias": "orders", "Startup Cost": 3.75, "Total Cost": 19.76, "Plan Rows": 4, "Plan Width": 8, "Recheck Cond": "(o_custkey = public.customer.c_custkey)", "Plans": [{"Node Type": "Bitmap Index Scan", "Parent Relationship": "Outer", "Index Name": "idx_orders_custkey", "Startup Cost": 0.0, "Total Cost": 3.75, "Plan Rows": 4, "Plan Width": 0, "Index Cond": "(o_custkey = public.customer.c_custkey)"}]}]}]}]}, "Unique SQL Id": 2798552886}, "explain_analyze_plan": {"Plan": {"Node Type": "Sort", "Startup Cost": 2000018337677.51, "Total Cost": 2000018337677.51, "Plan Rows": 1, "Plan Width": 40, "Actual Startup Time": 4987.955, "Actual Total Time": 4987.956, "Actual Rows": 4, "Actual Loops": 1, "Sort Key": ["(\"substring\"((public.customer.c_phone)::text, 1, 2))"], "Sort Method": "quicksort", "Sort Space Used": 25, "Sort Space Type": "Memory", "Plans": [{"Node Type": "Aggregate", "Strategy": "Plain", "Parent Relationship": "exec_init_plan", "Subplan Name": "InitPlan 1 (returns $0)", "Startup Cost": 1000007650219.14, "Total Cost": 1000007650219.15, "Plan Rows": 1, "Plan Width": 40, "Actual Startup Time": 2018.097, "Actual Total Time": 2018.099, "Actual Rows": 1, "Actual Loops": 1, "Plans": [{"Node Type": "Seq Scan", "Parent Relationship": "Outer", "Relation Name": "customer", "Alias": "customer", "Startup Cost": 10000000012.75, "Total Cost": 1000007650100.0, "Plan Rows": 47655, "Plan Width": 8, "Actual Startup Time": 0.04, "Actual Total Time": 1922.099, "Actual Rows": 218121, "Actual Loops": 1, "Filter": "((c_acctbal > 0::double precision) AND (\"substring\"((c_phone)::text, 1, 2) = ANY ('{20,40,22,30,39,42,21}'::text[])))", "Rows Removed by Filter": 1281879}]}, {"Node Type": "Aggregate", "Strategy": "Hashed", "Parent Relationship": "Outer", "Startup Cost": 1000010687458.33, "Total Cost": 1000010687458.35, "Plan Rows": 1, "Plan Width": 40, "Actual Startup Time": 4987.905, "Actual Total Time": 4987.907, "Actual Rows": 4, "Actual Loops": 1, "Group By Key": ["\"substring\"((public.customer.c_phone)::text, 1, 2)"], "Plans": [{"Node Type": "Nested Loop", "Parent Relationship": "Outer", "Join Type": "Anti", "Startup Cost": 10000000003.75, "Total Cost": 1000010687458.32, "Plan Rows": 1, "Plan Width": 24, "Actual Startup Time": 2018.334, "Actual Total Time": 4960.279, "Actual Rows": 36604, "Actual Loops": 1, "Inner Unique": false, "Plans": [{"Node Type": "Index Scan", "Parent Relationship": "Outer", "Scan Direction": "Forward", "Index Name": "customer_pkey", "Relation Name": "customer", "Alias": "customer", "Startup Cost": 10000000000.0, "Total Cost": 1000010514035.62, "Plan Rows": 17500, "Plan Width": 32, "Actual Startup Time": 2018.263, "Actual Total Time": 3830.61, "Actual Rows": 109197, "Actual Loops": 1, "Filter": "((c_acctbal > $0) AND (\"substring\"((c_phone)::text, 1, 2) = ANY ('{20,40,22,30,39,42,21}'::text[])))", "Rows Removed by Filter": 1390803}, {"Node Type": "Bitmap Heap Scan", "Parent Relationship": "Inner", "Relation Name": "orders", "Alias": "orders", "Startup Cost": 3.75, "Total Cost": 19.76, "Plan Rows": 4, "Plan Width": 8, "Actual Startup Time": 941.988, "Actual Total Time": 941.988, "Actual Rows": 72593, "Actual Loops": 109197, "Recheck Cond": "(o_custkey = public.customer.c_custkey)", "Rows Removed by Index Recheck": 0, "Exact Heap Blocks": 72593, "Lossy Heap Blocks": 72593, "Plans": [{"Node Type": "Bitmap Index Scan", "Parent Relationship": "Outer", "Index Name": "idx_orders_custkey", "Startup Cost": 0.0, "Total Cost": 3.75, "Plan Rows": 4, "Plan Width": 0, "Actual Startup Time": 583.569, "Actual Total Time": 583.569, "Actual Rows": 1091631, "Actual Loops": 109197, "Index Cond": "(o_custkey = public.customer.c_custkey)"}]}]}]}]}, "Triggers": [], "Planner Runtime": 0.731, "Total Runtime": 4988.153, "Unique SQL Id": 2798552886}}, "(64, 88)": {"explain_plan": {"Plan": {"Node Type": "Sort", "Startup Cost": 178853.67, "Total Cost": 178853.67, "Plan Rows": 1, "Plan Width": 40, "Sort Key": ["(\"substring\"((public.customer.c_phone)::text, 1, 2))"], "Plans": [{"Node Type": "Aggregate", "Strategy": "Plain", "Parent Relationship": "exec_init_plan", "Subplan Name": "InitPlan 1 (returns $0)", "Startup Cost": 76620.14, "Total Cost": 76620.15, "Plan Rows": 1, "Plan Width": 40, "Plans": [{"Node Type": "Seq Scan", "Parent Relationship": "Outer", "Relation Name": "customer", "Alias": "customer", "Startup Cost": 12.95, "Total Cost": 76501.0, "Plan Rows": 47655, "Plan Width": 8, "Filter": "((c_acctbal > 0::double precision) AND (\"substring\"((c_phone)::text, 1, 2) = ANY ('{20,40,22,30,39,42,21}'::text[])))"}]}, {"Node Type": "Aggregate", "Strategy": "Hashed", "Parent Relationship": "Outer", "Startup Cost": 102233.49, "Total Cost": 102233.51, "Plan Rows": 1, "Plan Width": 40, "Group By Key": ["\"substring\"((public.customer.c_phone)::text, 1, 2)"], "Plans": [{"Node Type": "Nested Loop", "Parent Relationship": "Outer", "Join Type": "Anti", "Startup Cost": 0.0, "Total Cost": 102233.49, "Plan Rows": 1, "Plan Width": 24, "Inner Unique": false, "Plans": [{"Node Type": "Seq Scan", "Parent Relationship": "Outer", "Relation Name": "customer", "Alias": "customer", "Startup Cost": 0.0, "Total Cost": 76501.0, "Plan Rows": 17500, "Plan Width": 32, "Filter": "((c_acctbal > $0) AND (\"substring\"((c_phone)::text, 1, 2) = ANY ('{20,40,22,30,39,42,21}'::text[])))"}, {"Node Type": "Index Only Scan", "Parent Relationship": "Inner", "Scan Direction": "Forward", "Index Name": "idx_orders_custkey", "Relation Name": "orders", "Alias": "orders", "Startup Cost": 0.0, "Total Cost": 3.79, "Plan Rows": 4, "Plan Width": 8, "Index Cond": "(o_custkey = public.customer.c_custkey)"}]}]}]}, "Unique SQL Id": 2798552886}, "explain_analyze_plan": {"Plan": {"Node Type": "Sort", "Startup Cost": 178853.67, "Total Cost": 178853.67, "Plan Rows": 1, "Plan Width": 40, "Actual Startup Time": 3874.835, "Actual Total Time": 3874.836, "Actual Rows": 4, "Actual Loops": 1, "Sort Key": ["(\"substring\"((public.customer.c_phone)::text, 1, 2))"], "Sort Method": "quicksort", "Sort Space Used": 25, "Sort Space Type": "Memory", "Plans": [{"Node Type": "Aggregate", "Strategy": "Plain", "Parent Relationship": "exec_init_plan", "Subplan Name": "InitPlan 1 (returns $0)", "Startup Cost": 76620.14, "Total Cost": 76620.15, "Plan Rows": 1, "Plan Width": 40, "Actual Startup Time": 1994.529, "Actual Total Time": 1994.529, "Actual Rows": 1, "Actual Loops": 1, "Plans": [{"Node Type": "Seq Scan", "Parent Relationship": "Outer", "Relation Name": "customer", "Alias": "customer", "Startup Cost": 12.95, "Total Cost": 76501.0, "Plan Rows": 47655, "Plan Width": 8, "Actual Startup Time": 0.029, "Actual Total Time": 1899.991, "Actual Rows": 218121, "Actual Loops": 1, "Filter": "((c_acctbal > 0::double precision) AND (\"substring\"((c_phone)::text, 1, 2) = ANY ('{20,40,22,30,39,42,21}'::text[])))", "Rows Removed by Filter": 1281879}]}, {"Node Type": "Aggregate", "Strategy": "Hashed", "Parent Relationship": "Outer", "Startup Cost": 102233.49, "Total Cost": 102233.51, "Plan Rows": 1, "Plan Width": 40, "Actual Startup Time": 3874.687, "Actual Total Time": 3874.701, "Actual Rows": 4, "Actual Loops": 1, "Group By Key": ["\"substring\"((public.customer.c_phone)::text, 1, 2)"], "Plans": [{"Node Type": "Nested Loop", "Parent Relationship": "Outer", "Join Type": "Anti", "Startup Cost": 0.0, "Total Cost": 102233.49, "Plan Rows": 1, "Plan Width": 24, "Actual Startup Time": 1994.649, "Actual Total Time": 3852.097, "Actual Rows": 36604, "Actual Loops": 1, "Inner Unique": false, "Plans": [{"Node Type": "Seq Scan", "Parent Relationship": "Outer", "Relation Name": "customer", "Alias": "customer", "Startup Cost": 0.0, "Total Cost": 76501.0, "Plan Rows": 17500, "Plan Width": 32, "Actual Startup Time": 1994.594, "Actual Total Time": 3277.642, "Actual Rows": 109197, "Actual Loops": 1, "Filter": "((c_acctbal > $0) AND (\"substring\"((c_phone)::text, 1, 2) = ANY ('{20,40,22,30,39,42,21}'::text[])))", "Rows Removed by Filter": 1390803}, {"Node Type": "Index Only Scan", "Parent Relationship": "Inner", "Scan Direction": "Forward", "Index Name": "idx_orders_custkey", "Relation Name": "orders", "Alias": "orders", "Startup Cost": 0.0, "Total Cost": 3.79, "Plan Rows": 4, "Plan Width": 8, "Actual Startup Time": 473.016, "Actual Total Time": 473.016, "Actual Rows": 72593, "Actual Loops": 109197, "Index Cond": "(o_custkey = public.customer.c_custkey)", "Rows Removed by Index Recheck": 0, "Heap Fetches": 0}]}]}]}, "Triggers": [], "Planner Runtime": 0.763, "Total Runtime": 3875.036, "Unique SQL Id": 2798552886}}, "(64, 89)": {"explain_plan": {"Plan": {"Node Type": "Sort", "Startup Cost": 1000007781092.03, "Total Cost": 1000007781092.03, "Plan Rows": 1, "Plan Width": 40, "Sort Key": ["(\"substring\"((public.customer.c_phone)::text, 1, 2))"], "Plans": [{"Node Type": "Aggregate", "Strategy": "Plain", "Parent Relationship": "exec_init_plan", "Subplan Name": "InitPlan 1 (returns $0)", "Startup Cost": 1000007650219.14, "Total Cost": 1000007650219.15, "Plan Rows": 1, "Plan Width": 40, "Plans": [{"Node Type": "Seq Scan", "Parent Relationship": "Outer", "Relation Name": "customer", "Alias": "customer", "Startup Cost": 10000000012.75, "Total Cost": 1000007650100.0, "Plan Rows": 47655, "Plan Width": 8, "Filter": "((c_acctbal > 0::double precision) AND (\"substring\"((c_phone)::text, 1, 2) = ANY ('{20,40,22,30,39,42,21}'::text[])))"}]}, {"Node Type": "Aggregate", "Strategy": "Hashed", "Parent Relationship": "Outer", "Startup Cost": 130872.85, "Total Cost": 130872.87, "Plan Rows": 1, "Plan Width": 40, "Group By Key": ["\"substring\"((public.customer.c_phone)::text, 1, 2)"], "Plans": [{"Node Type": "Nested Loop", "Parent Relationship": "Outer", "Join Type": "Anti", "Startup Cost": 0.0, "Total Cost": 130872.84, "Plan Rows": 1, "Plan Width": 24, "Inner Unique": false, "Plans": [{"Node Type": "Index Scan", "Parent Relationship": "Outer", "Scan Direction": "Forward", "Index Name": "customer_pkey", "Relation Name": "customer", "Alias": "customer", "Startup Cost": 0.0, "Total Cost": 105140.36, "Plan Rows": 17500, "Plan Width": 32, "Filter": "((c_acctbal > $0) AND (\"substring\"((c_phone)::text, 1, 2) = ANY ('{20,40,22,30,39,42,21}'::text[])))"}, {"Node Type": "Index Only Scan", "Parent Relationship": "Inner", "Scan Direction": "Forward", "Index Name": "idx_orders_custkey", "Relation Name": "orders", "Alias": "orders", "Startup Cost": 0.0, "Total Cost": 3.79, "Plan Rows": 4, "Plan Width": 8, "Index Cond": "(o_custkey = public.customer.c_custkey)"}]}]}]}, "Unique SQL Id": 2798552886}, "explain_analyze_plan": {"Plan": {"Node Type": "Sort", "Startup Cost": 1000007781092.03, "Total Cost": 1000007781092.03, "Plan Rows": 1, "Plan Width": 40, "Actual Startup Time": 4540.757, "Actual Total Time": 4540.757, "Actual Rows": 4, "Actual Loops": 1, "Sort Key": ["(\"substring\"((public.customer.c_phone)::text, 1, 2))"], "Sort Method": "quicksort", "Sort Space Used": 25, "Sort Space Type": "Memory", "Plans": [{"Node Type": "Aggregate", "Strategy": "Plain", "Parent Relationship": "exec_init_plan", "Subplan Name": "InitPlan 1 (returns $0)", "Startup Cost": 1000007650219.14, "Total Cost": 1000007650219.15, "Plan Rows": 1, "Plan Width": 40, "Actual Startup Time": 1995.612, "Actual Total Time": 1995.612, "Actual Rows": 1, "Actual Loops": 1, "Plans": [{"Node Type": "Seq Scan", "Parent Relationship": "Outer", "Relation Name": "customer", "Alias": "customer", "Startup Cost": 10000000012.75, "Total Cost": 1000007650100.0, "Plan Rows": 47655, "Plan Width": 8, "Actual Startup Time": 0.036, "Actual Total Time": 1901.667, "Actual Rows": 218121, "Actual Loops": 1, "Filter": "((c_acctbal > 0::double precision) AND (\"substring\"((c_phone)::text, 1, 2) = ANY ('{20,40,22,30,39,42,21}'::text[])))", "Rows Removed by Filter": 1281879}]}, {"Node Type": "Aggregate", "Strategy": "Hashed", "Parent Relationship": "Outer", "Startup Cost": 130872.85, "Total Cost": 130872.87, "Plan Rows": 1, "Plan Width": 40, "Actual Startup Time": 4540.614, "Actual Total Time": 4540.628, "Actual Rows": 4, "Actual Loops": 1, "Group By Key": ["\"substring\"((public.customer.c_phone)::text, 1, 2)"], "Plans": [{"Node Type": "Nested Loop", "Parent Relationship": "Outer", "Join Type": "Anti", "Startup Cost": 0.0, "Total Cost": 130872.84, "Plan Rows": 1, "Plan Width": 24, "Actual Startup Time": 1995.887, "Actual Total Time": 4518.037, "Actual Rows": 36604, "Actual Loops": 1, "Inner Unique": false, "Plans": [{"Node Type": "Index Scan", "Parent Relationship": "Outer", "Scan Direction": "Forward", "Index Name": "customer_pkey", "Relation Name": "customer", "Alias": "customer", "Startup Cost": 0.0, "Total Cost": 105140.36, "Plan Rows": 17500, "Plan Width": 32, "Actual Startup Time": 1995.824, "Actual Total Time": 3913.868, "Actual Rows": 109197, "Actual Loops": 1, "Filter": "((c_acctbal > $0) AND (\"substring\"((c_phone)::text, 1, 2) = ANY ('{20,40,22,30,39,42,21}'::text[])))", "Rows Removed by Filter": 1390803}, {"Node Type": "Index Only Scan", "Parent Relationship": "Inner", "Scan Direction": "Forward", "Index Name": "idx_orders_custkey", "Relation Name": "orders", "Alias": "orders", "Startup Cost": 0.0, "Total Cost": 3.79, "Plan Rows": 4, "Plan Width": 8, "Actual Startup Time": 500.727, "Actual Total Time": 500.727, "Actual Rows": 72593, "Actual Loops": 109197, "Index Cond": "(o_custkey = public.customer.c_custkey)", "Rows Removed by Index Recheck": 0, "Heap Fetches": 0}]}]}]}, "Triggers": [], "Planner Runtime": 0.757, "Total Runtime": 4540.956, "Unique SQL Id": 2798552886}}, "(64, 90)": {"explain_plan": {"Plan": {"Node Type": "Sort", "Startup Cost": 2444406.33, "Total Cost": 2444406.34, "Plan Rows": 1, "Plan Width": 40, "Sort Key": ["(\"substring\"((public.customer.c_phone)::text, 1, 2))"], "Plans": [{"Node Type": "Aggregate", "Strategy": "Plain", "Parent Relationship": "exec_init_plan", "Subplan Name": "InitPlan 1 (returns $0)", "Startup Cost": 76620.14, "Total Cost": 76620.15, "Plan Rows": 1, "Plan Width": 40, "Plans": [{"Node Type": "Seq Scan", "Parent Relationship": "Outer", "Relation Name": "customer", "Alias": "customer", "Startup Cost": 12.95, "Total Cost": 76501.0, "Plan Rows": 47655, "Plan Width": 8, "Filter": "((c_acctbal > 0::double precision) AND (\"substring\"((c_phone)::text, 1, 2) = ANY ('{20,40,22,30,39,42,21}'::text[])))"}]}, {"Node Type": "Aggregate", "Strategy": "Hashed", "Parent Relationship": "Outer", "Startup Cost": 2367786.16, "Total Cost": 2367786.17, "Plan Rows": 1, "Plan Width": 40, "Group By Key": ["\"substring\"((public.customer.c_phone)::text, 1, 2)"], "Plans": [{"Node Type": "Merge Join", "Parent Relationship": "Outer", "Join Type": "Anti", "Startup Cost": 2291966.69, "Total Cost": 2367786.15, "Plan Rows": 1, "Plan Width": 24, "Inner Unique": false, "Merge Cond": "(public.customer.c_custkey = orders.o_custkey)", "Plans": [{"Node Type": "Sort", "Parent Relationship": "Outer", "Startup Cost": 77734.32, "Total Cost": 77778.07, "Plan Rows": 17500, "Plan Width": 32, "Sort Key": ["public.customer.c_custkey"], "Plans": [{"Node Type": "Seq Scan", "Parent Relationship": "Outer", "Relation Name": "customer", "Alias": "customer", "Startup Cost": 0.0, "Total Cost": 76501.0, "Plan Rows": 17500, "Plan Width": 32, "Filter": "((c_acctbal > $0) AND (\"substring\"((c_phone)::text, 1, 2) = ANY ('{20,40,22,30,39,42,21}'::text[])))"}]}, {"Node Type": "Sort", "Parent Relationship": "Inner", "Startup Cost": 2214232.37, "Total Cost": 2251731.07, "Plan Rows": 14999479, "Plan Width": 8, "Sort Key": ["orders.o_custkey"], "Plans": [{"Node Type": "Seq Scan", "Parent Relationship": "Outer", "Relation Name": "orders", "Alias": "orders", "Startup Cost": 0.0, "Total Cost": 426413.79, "Plan Rows": 14999479, "Plan Width": 8}]}]}]}]}, "Unique SQL Id": 2798552886}, "explain_analyze_plan": null}, "(64, 91)": {"explain_plan": {"Plan": {"Node Type": "Sort", "Startup Cost": 3000031345967.3, "Total Cost": 3000031345967.3, "Plan Rows": 1, "Plan Width": 40, "Sort Key": ["(\"substring\"((public.customer.c_phone)::text, 1, 2))"], "Plans": [{"Node Type": "Aggregate", "Strategy": "Plain", "Parent Relationship": "exec_init_plan", "Subplan Name": "InitPlan 1 (returns $0)", "Startup Cost": 1000007650219.14, "Total Cost": 1000007650219.15, "Plan Rows": 1, "Plan Width": 40, "Plans": [{"Node Type": "Seq Scan", "Parent Relationship": "Outer", "Relation Name": "customer", "Alias": "customer", "Startup Cost": 10000000012.75, "Total Cost": 1000007650100.0, "Plan Rows": 47655, "Plan Width": 8, "Filter": "((c_acctbal > 0::double precision) AND (\"substring\"((c_phone)::text, 1, 2) = ANY ('{20,40,22,30,39,42,21}'::text[])))"}]}, {"Node Type": "Aggregate", "Strategy": "Hashed", "Parent Relationship": "Outer", "Startup Cost": 2000023695748.12, "Total Cost": 2000023695748.14, "Plan Rows": 1, "Plan Width": 40, "Group By Key": ["\"substring\"((public.customer.c_phone)::text, 1, 2)"], "Plans": [{"Node Type": "Merge Join", "Parent Relationship": "Outer", "Join Type": "Anti", "Startup Cost": 20000000000.0, "Total Cost": 2000023695748.11, "Plan Rows": 1, "Plan Width": 24, "Inner Unique": false, "Merge Cond": "(public.customer.c_custkey = orders.o_custkey)", "Plans": [{"Node Type": "Index Scan", "Parent Relationship": "Outer", "Scan Direction": "Forward", "Index Name": "customer_pkey", "Relation Name": "customer", "Alias": "customer", "Startup Cost": 10000000000.0, "Total Cost": 1000010514035.62, "Plan Rows": 17500, "Plan Width": 32, "Filter": "((c_acctbal > $0) AND (\"substring\"((c_phone)::text, 1, 2) = ANY ('{20,40,22,30,39,42,21}'::text[])))"}, {"Node Type": "Index Only Scan", "Parent Relationship": "Inner", "Scan Direction": "Forward", "Index Name": "idx_orders_custkey", "Relation Name": "orders", "Alias": "orders", "Startup Cost": 10000000000.0, "Total Cost": 1000045486043.5, "Plan Rows": 14999479, "Plan Width": 8}]}]}]}, "Unique SQL Id": 2798552886}, "explain_analyze_plan": null}, "(64, 92)": {"explain_plan": {"Plan": {"Node Type": "Sort", "Startup Cost": 274230.79, "Total Cost": 274230.8, "Plan Rows": 1, "Plan Width": 40, "Sort Key": ["(\"substring\"((public.customer.c_phone)::text, 1, 2))"], "Plans": [{"Node Type": "Aggregate", "Strategy": "Plain", "Parent Relationship": "exec_init_plan", "Subplan Name": "InitPlan 1 (returns $0)", "Startup Cost": 76620.14, "Total Cost": 76620.15, "Plan Rows": 1, "Plan Width": 40, "Plans": [{"Node Type": "Seq Scan", "Parent Relationship": "Outer", "Relation Name": "customer", "Alias": "customer", "Startup Cost": 12.95, "Total Cost": 76501.0, "Plan Rows": 47655, "Plan Width": 8, "Filter": "((c_acctbal > 0::double precision) AND (\"substring\"((c_phone)::text, 1, 2) = ANY ('{20,40,22,30,39,42,21}'::text[])))"}]}, {"Node Type": "Aggregate", "Strategy": "Hashed", "Parent Relationship": "Outer", "Startup Cost": 197610.62, "Total Cost": 197610.63, "Plan Rows": 1, "Plan Width": 40, "Group By Key": ["\"substring\"((public.customer.c_phone)::text, 1, 2)"], "Plans": [{"Node Type": "Nested Loop", "Parent Relationship": "Outer", "Join Type": "Anti", "Startup Cost": 0.0, "Total Cost": 197610.61, "Plan Rows": 1, "Plan Width": 24, "Inner Unique": false, "Plans": [{"Node Type": "Seq Scan", "Parent Relationship": "Outer", "Relation Name": "customer", "Alias": "customer", "Startup Cost": 0.0, "Total Cost": 76501.0, "Plan Rows": 17500, "Plan Width": 32, "Filter": "((c_acctbal > $0) AND (\"substring\"((c_phone)::text, 1, 2) = ANY ('{20,40,22,30,39,42,21}'::text[])))"}, {"Node Type": "Index Scan", "Parent Relationship": "Inner", "Scan Direction": "Forward", "Index Name": "idx_orders_custkey", "Relation Name": "orders", "Alias": "orders", "Startup Cost": 0.0, "Total Cost": 17.99, "Plan Rows": 4, "Plan Width": 8, "Index Cond": "(o_custkey = public.customer.c_custkey)"}]}]}]}, "Unique SQL Id": 2798552886}, "explain_analyze_plan": {"Plan": {"Node Type": "Sort", "Startup Cost": 274230.79, "Total Cost": 274230.8, "Plan Rows": 1, "Plan Width": 40, "Actual Startup Time": 4048.22, "Actual Total Time": 4048.22, "Actual Rows": 4, "Actual Loops": 1, "Sort Key": ["(\"substring\"((public.customer.c_phone)::text, 1, 2))"], "Sort Method": "quicksort", "Sort Space Used": 25, "Sort Space Type": "Memory", "Plans": [{"Node Type": "Aggregate", "Strategy": "Plain", "Parent Relationship": "exec_init_plan", "Subplan Name": "InitPlan 1 (returns $0)", "Startup Cost": 76620.14, "Total Cost": 76620.15, "Plan Rows": 1, "Plan Width": 40, "Actual Startup Time": 1960.504, "Actual Total Time": 1960.504, "Actual Rows": 1, "Actual Loops": 1, "Plans": [{"Node Type": "Seq Scan", "Parent Relationship": "Outer", "Relation Name": "customer", "Alias": "customer", "Startup Cost": 12.95, "Total Cost": 76501.0, "Plan Rows": 47655, "Plan Width": 8, "Actual Startup Time": 0.027, "Actual Total Time": 1865.668, "Actual Rows": 218121, "Actual Loops": 1, "Filter": "((c_acctbal > 0::double precision) AND (\"substring\"((c_phone)::text, 1, 2) = ANY ('{20,40,22,30,39,42,21}'::text[])))", "Rows Removed by Filter": 1281879}]}, {"Node Type": "Aggregate", "Strategy": "Hashed", "Parent Relationship": "Outer", "Startup Cost": 197610.62, "Total Cost": 197610.63, "Plan Rows": 1, "Plan Width": 40, "Actual Startup Time": 4048.179, "Actual Total Time": 4048.18, "Actual Rows": 4, "Actual Loops": 1, "Group By Key": ["\"substring\"((public.customer.c_phone)::text, 1, 2)"], "Plans": [{"Node Type": "Nested Loop", "Parent Relationship": "Outer", "Join Type": "Anti", "Startup Cost": 0.0, "Total Cost": 197610.61, "Plan Rows": 1, "Plan Width": 24, "Actual Startup Time": 1960.632, "Actual Total Time": 4024.922, "Actual Rows": 36604, "Actual Loops": 1, "Inner Unique": false, "Plans": [{"Node Type": "Seq Scan", "Parent Relationship": "Outer", "Relation Name": "customer", "Alias": "customer", "Startup Cost": 0.0, "Total Cost": 76501.0, "Plan Rows": 17500, "Plan Width": 32, "Actual Startup Time": 1960.572, "Actual Total Time": 3257.721, "Actual Rows": 109197, "Actual Loops": 1, "Filter": "((c_acctbal > $0) AND (\"substring\"((c_phone)::text, 1, 2) = ANY ('{20,40,22,30,39,42,21}'::text[])))", "Rows Removed by Filter": 1390803}, {"Node Type": "Index Scan", "Parent Relationship": "Inner", "Scan Direction": "Forward", "Index Name": "idx_orders_custkey", "Relation Name": "orders", "Alias": "orders", "Startup Cost": 0.0, "Total Cost": 17.99, "Plan Rows": 4, "Plan Width": 8, "Actual Startup Time": 660.636, "Actual Total Time": 660.636, "Actual Rows": 72593, "Actual Loops": 109197, "Index Cond": "(o_custkey = public.customer.c_custkey)", "Rows Removed by Index Recheck": 0}]}]}]}, "Triggers": [], "Planner Runtime": 0.759, "Total Runtime": 4048.42, "Unique SQL Id": 2798552886}}, "(64, 93)": {"explain_plan": {"Plan": {"Node Type": "Sort", "Startup Cost": 1000007876469.15, "Total Cost": 1000007876469.15, "Plan Rows": 1, "Plan Width": 40, "Sort Key": ["(\"substring\"((public.customer.c_phone)::text, 1, 2))"], "Plans": [{"Node Type": "Aggregate", "Strategy": "Plain", "Parent Relationship": "exec_init_plan", "Subplan Name": "InitPlan 1 (returns $0)", "Startup Cost": 1000007650219.14, "Total Cost": 1000007650219.15, "Plan Rows": 1, "Plan Width": 40, "Plans": [{"Node Type": "Seq Scan", "Parent Relationship": "Outer", "Relation Name": "customer", "Alias": "customer", "Startup Cost": 10000000012.75, "Total Cost": 1000007650100.0, "Plan Rows": 47655, "Plan Width": 8, "Filter": "((c_acctbal > 0::double precision) AND (\"substring\"((c_phone)::text, 1, 2) = ANY ('{20,40,22,30,39,42,21}'::text[])))"}]}, {"Node Type": "Aggregate", "Strategy": "Hashed", "Parent Relationship": "Outer", "Startup Cost": 226249.97, "Total Cost": 226249.99, "Plan Rows": 1, "Plan Width": 40, "Group By Key": ["\"substring\"((public.customer.c_phone)::text, 1, 2)"], "Plans": [{"Node Type": "Nested Loop", "Parent Relationship": "Outer", "Join Type": "Anti", "Startup Cost": 0.0, "Total Cost": 226249.97, "Plan Rows": 1, "Plan Width": 24, "Inner Unique": false, "Plans": [{"Node Type": "Index Scan", "Parent Relationship": "Outer", "Scan Direction": "Forward", "Index Name": "customer_pkey", "Relation Name": "customer", "Alias": "customer", "Startup Cost": 0.0, "Total Cost": 105140.36, "Plan Rows": 17500, "Plan Width": 32, "Filter": "((c_acctbal > $0) AND (\"substring\"((c_phone)::text, 1, 2) = ANY ('{20,40,22,30,39,42,21}'::text[])))"}, {"Node Type": "Index Scan", "Parent Relationship": "Inner", "Scan Direction": "Forward", "Index Name": "idx_orders_custkey", "Relation Name": "orders", "Alias": "orders", "Startup Cost": 0.0, "Total Cost": 17.99, "Plan Rows": 4, "Plan Width": 8, "Index Cond": "(o_custkey = public.customer.c_custkey)"}]}]}]}, "Unique SQL Id": 2798552886}, "explain_analyze_plan": {"Plan": {"Node Type": "Sort", "Startup Cost": 1000007876469.15, "Total Cost": 1000007876469.15, "Plan Rows": 1, "Plan Width": 40, "Actual Startup Time": 4342.858, "Actual Total Time": 4342.858, "Actual Rows": 4, "Actual Loops": 1, "Sort Key": ["(\"substring\"((public.customer.c_phone)::text, 1, 2))"], "Sort Method": "quicksort", "Sort Space Used": 25, "Sort Space Type": "Memory", "Plans": [{"Node Type": "Aggregate", "Strategy": "Plain", "Parent Relationship": "exec_init_plan", "Subplan Name": "InitPlan 1 (returns $0)", "Startup Cost": 1000007650219.14, "Total Cost": 1000007650219.15, "Plan Rows": 1, "Plan Width": 40, "Actual Startup Time": 1967.227, "Actual Total Time": 1967.229, "Actual Rows": 1, "Actual Loops": 1, "Plans": [{"Node Type": "Seq Scan", "Parent Relationship": "Outer", "Relation Name": "customer", "Alias": "customer", "Startup Cost": 10000000012.75, "Total Cost": 1000007650100.0, "Plan Rows": 47655, "Plan Width": 8, "Actual Startup Time": 0.033, "Actual Total Time": 1872.87, "Actual Rows": 218121, "Actual Loops": 1, "Filter": "((c_acctbal > 0::double precision) AND (\"substring\"((c_phone)::text, 1, 2) = ANY ('{20,40,22,30,39,42,21}'::text[])))", "Rows Removed by Filter": 1281879}]}, {"Node Type": "Aggregate", "Strategy": "Hashed", "Parent Relationship": "Outer", "Startup Cost": 226249.97, "Total Cost": 226249.99, "Plan Rows": 1, "Plan Width": 40, "Actual Startup Time": 4342.811, "Actual Total Time": 4342.814, "Actual Rows": 4, "Actual Loops": 1, "Group By Key": ["\"substring\"((public.customer.c_phone)::text, 1, 2)"], "Plans": [{"Node Type": "Nested Loop", "Parent Relationship": "Outer", "Join Type": "Anti", "Startup Cost": 0.0, "Total Cost": 226249.97, "Plan Rows": 1, "Plan Width": 24, "Actual Startup Time": 1967.46, "Actual Total Time": 4319.835, "Actual Rows": 36604, "Actual Loops": 1, "Inner Unique": false, "Plans": [{"Node Type": "Index Scan", "Parent Relationship": "Outer", "Scan Direction": "Forward", "Index Name": "customer_pkey", "Relation Name": "customer", "Alias": "customer", "Startup Cost": 0.0, "Total Cost": 105140.36, "Plan Rows": 17500, "Plan Width": 32, "Actual Startup Time": 1967.405, "Actual Total Time": 3680.796, "Actual Rows": 109197, "Actual Loops": 1, "Filter": "((c_acctbal > $0) AND (\"substring\"((c_phone)::text, 1, 2) = ANY ('{20,40,22,30,39,42,21}'::text[])))", "Rows Removed by Filter": 1390803}, {"Node Type": "Index Scan", "Parent Relationship": "Inner", "Scan Direction": "Forward", "Index Name": "idx_orders_custkey", "Relation Name": "orders", "Alias": "orders", "Startup Cost": 0.0, "Total Cost": 17.99, "Plan Rows": 4, "Plan Width": 8, "Actual Startup Time": 530.764, "Actual Total Time": 530.764, "Actual Rows": 72593, "Actual Loops": 109197, "Index Cond": "(o_custkey = public.customer.c_custkey)", "Rows Removed by Index Recheck": 0}]}]}]}, "Triggers": [], "Planner Runtime": 0.769, "Total Runtime": 4343.034, "Unique SQL Id": 2798552886}}, "(64, 94)": {"explain_plan": {"Plan": {"Node Type": "Sort", "Startup Cost": 2444406.33, "Total Cost": 2444406.34, "Plan Rows": 1, "Plan Width": 40, "Sort Key": ["(\"substring\"((public.customer.c_phone)::text, 1, 2))"], "Plans": [{"Node Type": "Aggregate", "Strategy": "Plain", "Parent Relationship": "exec_init_plan", "Subplan Name": "InitPlan 1 (returns $0)", "Startup Cost": 76620.14, "Total Cost": 76620.15, "Plan Rows": 1, "Plan Width": 40, "Plans": [{"Node Type": "Seq Scan", "Parent Relationship": "Outer", "Relation Name": "customer", "Alias": "customer", "Startup Cost": 12.95, "Total Cost": 76501.0, "Plan Rows": 47655, "Plan Width": 8, "Filter": "((c_acctbal > 0::double precision) AND (\"substring\"((c_phone)::text, 1, 2) = ANY ('{20,40,22,30,39,42,21}'::text[])))"}]}, {"Node Type": "Aggregate", "Strategy": "Hashed", "Parent Relationship": "Outer", "Startup Cost": 2367786.16, "Total Cost": 2367786.17, "Plan Rows": 1, "Plan Width": 40, "Group By Key": ["\"substring\"((public.customer.c_phone)::text, 1, 2)"], "Plans": [{"Node Type": "Merge Join", "Parent Relationship": "Outer", "Join Type": "Anti", "Startup Cost": 2291966.69, "Total Cost": 2367786.15, "Plan Rows": 1, "Plan Width": 24, "Inner Unique": false, "Merge Cond": "(public.customer.c_custkey = orders.o_custkey)", "Plans": [{"Node Type": "Sort", "Parent Relationship": "Outer", "Startup Cost": 77734.32, "Total Cost": 77778.07, "Plan Rows": 17500, "Plan Width": 32, "Sort Key": ["public.customer.c_custkey"], "Plans": [{"Node Type": "Seq Scan", "Parent Relationship": "Outer", "Relation Name": "customer", "Alias": "customer", "Startup Cost": 0.0, "Total Cost": 76501.0, "Plan Rows": 17500, "Plan Width": 32, "Filter": "((c_acctbal > $0) AND (\"substring\"((c_phone)::text, 1, 2) = ANY ('{20,40,22,30,39,42,21}'::text[])))"}]}, {"Node Type": "Sort", "Parent Relationship": "Inner", "Startup Cost": 2214232.37, "Total Cost": 2251731.07, "Plan Rows": 14999479, "Plan Width": 8, "Sort Key": ["orders.o_custkey"], "Plans": [{"Node Type": "Seq Scan", "Parent Relationship": "Outer", "Relation Name": "orders", "Alias": "orders", "Startup Cost": 0.0, "Total Cost": 426413.79, "Plan Rows": 14999479, "Plan Width": 8}]}]}]}]}, "Unique SQL Id": 2798552886}, "explain_analyze_plan": null}, "(64, 95)": {"explain_plan": {"Plan": {"Node Type": "Sort", "Startup Cost": 3000141907840.95, "Total Cost": 3000141907840.95, "Plan Rows": 1, "Plan Width": 40, "Sort Key": ["(\"substring\"((public.customer.c_phone)::text, 1, 2))"], "Plans": [{"Node Type": "Aggregate", "Strategy": "Plain", "Parent Relationship": "exec_init_plan", "Subplan Name": "InitPlan 1 (returns $0)", "Startup Cost": 1000007650219.14, "Total Cost": 1000007650219.15, "Plan Rows": 1, "Plan Width": 40, "Plans": [{"Node Type": "Seq Scan", "Parent Relationship": "Outer", "Relation Name": "customer", "Alias": "customer", "Startup Cost": 10000000012.75, "Total Cost": 1000007650100.0, "Plan Rows": 47655, "Plan Width": 8, "Filter": "((c_acctbal > 0::double precision) AND (\"substring\"((c_phone)::text, 1, 2) = ANY ('{20,40,22,30,39,42,21}'::text[])))"}]}, {"Node Type": "Aggregate", "Strategy": "Hashed", "Parent Relationship": "Outer", "Startup Cost": 2000134257621.77, "Total Cost": 2000134257621.79, "Plan Rows": 1, "Plan Width": 40, "Group By Key": ["\"substring\"((public.customer.c_phone)::text, 1, 2)"], "Plans": [{"Node Type": "Merge Join", "Parent Relationship": "Outer", "Join Type": "Anti", "Startup Cost": 20000000000.0, "Total Cost": 2000134257621.77, "Plan Rows": 1, "Plan Width": 24, "Inner Unique": false, "Merge Cond": "(public.customer.c_custkey = orders.o_custkey)", "Plans": [{"Node Type": "Index Scan", "Parent Relationship": "Outer", "Scan Direction": "Forward", "Index Name": "customer_pkey", "Relation Name": "customer", "Alias": "customer", "Startup Cost": 10000000000.0, "Total Cost": 1000010514035.62, "Plan Rows": 17500, "Plan Width": 32, "Filter": "((c_acctbal > $0) AND (\"substring\"((c_phone)::text, 1, 2) = ANY ('{20,40,22,30,39,42,21}'::text[])))"}, {"Node Type": "Index Scan", "Parent Relationship": "Inner", "Scan Direction": "Forward", "Index Name": "idx_orders_custkey", "Relation Name": "orders", "Alias": "orders", "Startup Cost": 10000000000.0, "Total Cost": 1000156051529.08, "Plan Rows": 14999479, "Plan Width": 8}]}]}]}, "Unique SQL Id": 2798552886}, "explain_analyze_plan": null}, "(64, 96)": {"explain_plan": {"Plan": {"Node Type": "Sort", "Startup Cost": 178853.67, "Total Cost": 178853.67, "Plan Rows": 1, "Plan Width": 40, "Sort Key": ["(\"substring\"((public.customer.c_phone)::text, 1, 2))"], "Plans": [{"Node Type": "Aggregate", "Strategy": "Plain", "Parent Relationship": "exec_init_plan", "Subplan Name": "InitPlan 1 (returns $0)", "Startup Cost": 76620.14, "Total Cost": 76620.15, "Plan Rows": 1, "Plan Width": 40, "Plans": [{"Node Type": "Seq Scan", "Parent Relationship": "Outer", "Relation Name": "customer", "Alias": "customer", "Startup Cost": 12.95, "Total Cost": 76501.0, "Plan Rows": 47655, "Plan Width": 8, "Filter": "((c_acctbal > 0::double precision) AND (\"substring\"((c_phone)::text, 1, 2) = ANY ('{20,40,22,30,39,42,21}'::text[])))"}]}, {"Node Type": "Aggregate", "Strategy": "Hashed", "Parent Relationship": "Outer", "Startup Cost": 102233.49, "Total Cost": 102233.51, "Plan Rows": 1, "Plan Width": 40, "Group By Key": ["\"substring\"((public.customer.c_phone)::text, 1, 2)"], "Plans": [{"Node Type": "Nested Loop", "Parent Relationship": "Outer", "Join Type": "Anti", "Startup Cost": 0.0, "Total Cost": 102233.49, "Plan Rows": 1, "Plan Width": 24, "Inner Unique": false, "Plans": [{"Node Type": "Seq Scan", "Parent Relationship": "Outer", "Relation Name": "customer", "Alias": "customer", "Startup Cost": 0.0, "Total Cost": 76501.0, "Plan Rows": 17500, "Plan Width": 32, "Filter": "((c_acctbal > $0) AND (\"substring\"((c_phone)::text, 1, 2) = ANY ('{20,40,22,30,39,42,21}'::text[])))"}, {"Node Type": "Index Only Scan", "Parent Relationship": "Inner", "Scan Direction": "Forward", "Index Name": "idx_orders_custkey", "Relation Name": "orders", "Alias": "orders", "Startup Cost": 0.0, "Total Cost": 3.79, "Plan Rows": 4, "Plan Width": 8, "Index Cond": "(o_custkey = public.customer.c_custkey)"}]}]}]}, "Unique SQL Id": 2798552886}, "explain_analyze_plan": {"Plan": {"Node Type": "Sort", "Startup Cost": 178853.67, "Total Cost": 178853.67, "Plan Rows": 1, "Plan Width": 40, "Actual Startup Time": 3874.835, "Actual Total Time": 3874.836, "Actual Rows": 4, "Actual Loops": 1, "Sort Key": ["(\"substring\"((public.customer.c_phone)::text, 1, 2))"], "Sort Method": "quicksort", "Sort Space Used": 25, "Sort Space Type": "Memory", "Plans": [{"Node Type": "Aggregate", "Strategy": "Plain", "Parent Relationship": "exec_init_plan", "Subplan Name": "InitPlan 1 (returns $0)", "Startup Cost": 76620.14, "Total Cost": 76620.15, "Plan Rows": 1, "Plan Width": 40, "Actual Startup Time": 1994.529, "Actual Total Time": 1994.529, "Actual Rows": 1, "Actual Loops": 1, "Plans": [{"Node Type": "Seq Scan", "Parent Relationship": "Outer", "Relation Name": "customer", "Alias": "customer", "Startup Cost": 12.95, "Total Cost": 76501.0, "Plan Rows": 47655, "Plan Width": 8, "Actual Startup Time": 0.029, "Actual Total Time": 1899.991, "Actual Rows": 218121, "Actual Loops": 1, "Filter": "((c_acctbal > 0::double precision) AND (\"substring\"((c_phone)::text, 1, 2) = ANY ('{20,40,22,30,39,42,21}'::text[])))", "Rows Removed by Filter": 1281879}]}, {"Node Type": "Aggregate", "Strategy": "Hashed", "Parent Relationship": "Outer", "Startup Cost": 102233.49, "Total Cost": 102233.51, "Plan Rows": 1, "Plan Width": 40, "Actual Startup Time": 3874.687, "Actual Total Time": 3874.701, "Actual Rows": 4, "Actual Loops": 1, "Group By Key": ["\"substring\"((public.customer.c_phone)::text, 1, 2)"], "Plans": [{"Node Type": "Nested Loop", "Parent Relationship": "Outer", "Join Type": "Anti", "Startup Cost": 0.0, "Total Cost": 102233.49, "Plan Rows": 1, "Plan Width": 24, "Actual Startup Time": 1994.649, "Actual Total Time": 3852.097, "Actual Rows": 36604, "Actual Loops": 1, "Inner Unique": false, "Plans": [{"Node Type": "Seq Scan", "Parent Relationship": "Outer", "Relation Name": "customer", "Alias": "customer", "Startup Cost": 0.0, "Total Cost": 76501.0, "Plan Rows": 17500, "Plan Width": 32, "Actual Startup Time": 1994.594, "Actual Total Time": 3277.642, "Actual Rows": 109197, "Actual Loops": 1, "Filter": "((c_acctbal > $0) AND (\"substring\"((c_phone)::text, 1, 2) = ANY ('{20,40,22,30,39,42,21}'::text[])))", "Rows Removed by Filter": 1390803}, {"Node Type": "Index Only Scan", "Parent Relationship": "Inner", "Scan Direction": "Forward", "Index Name": "idx_orders_custkey", "Relation Name": "orders", "Alias": "orders", "Startup Cost": 0.0, "Total Cost": 3.79, "Plan Rows": 4, "Plan Width": 8, "Actual Startup Time": 473.016, "Actual Total Time": 473.016, "Actual Rows": 72593, "Actual Loops": 109197, "Index Cond": "(o_custkey = public.customer.c_custkey)", "Rows Removed by Index Recheck": 0, "Heap Fetches": 0}]}]}]}, "Triggers": [], "Planner Runtime": 0.763, "Total Runtime": 3875.036, "Unique SQL Id": 2798552886}}, "(64, 97)": {"explain_plan": {"Plan": {"Node Type": "Sort", "Startup Cost": 1000007781092.03, "Total Cost": 1000007781092.03, "Plan Rows": 1, "Plan Width": 40, "Sort Key": ["(\"substring\"((public.customer.c_phone)::text, 1, 2))"], "Plans": [{"Node Type": "Aggregate", "Strategy": "Plain", "Parent Relationship": "exec_init_plan", "Subplan Name": "InitPlan 1 (returns $0)", "Startup Cost": 1000007650219.14, "Total Cost": 1000007650219.15, "Plan Rows": 1, "Plan Width": 40, "Plans": [{"Node Type": "Seq Scan", "Parent Relationship": "Outer", "Relation Name": "customer", "Alias": "customer", "Startup Cost": 10000000012.75, "Total Cost": 1000007650100.0, "Plan Rows": 47655, "Plan Width": 8, "Filter": "((c_acctbal > 0::double precision) AND (\"substring\"((c_phone)::text, 1, 2) = ANY ('{20,40,22,30,39,42,21}'::text[])))"}]}, {"Node Type": "Aggregate", "Strategy": "Hashed", "Parent Relationship": "Outer", "Startup Cost": 130872.85, "Total Cost": 130872.87, "Plan Rows": 1, "Plan Width": 40, "Group By Key": ["\"substring\"((public.customer.c_phone)::text, 1, 2)"], "Plans": [{"Node Type": "Nested Loop", "Parent Relationship": "Outer", "Join Type": "Anti", "Startup Cost": 0.0, "Total Cost": 130872.84, "Plan Rows": 1, "Plan Width": 24, "Inner Unique": false, "Plans": [{"Node Type": "Index Scan", "Parent Relationship": "Outer", "Scan Direction": "Forward", "Index Name": "customer_pkey", "Relation Name": "customer", "Alias": "customer", "Startup Cost": 0.0, "Total Cost": 105140.36, "Plan Rows": 17500, "Plan Width": 32, "Filter": "((c_acctbal > $0) AND (\"substring\"((c_phone)::text, 1, 2) = ANY ('{20,40,22,30,39,42,21}'::text[])))"}, {"Node Type": "Index Only Scan", "Parent Relationship": "Inner", "Scan Direction": "Forward", "Index Name": "idx_orders_custkey", "Relation Name": "orders", "Alias": "orders", "Startup Cost": 0.0, "Total Cost": 3.79, "Plan Rows": 4, "Plan Width": 8, "Index Cond": "(o_custkey = public.customer.c_custkey)"}]}]}]}, "Unique SQL Id": 2798552886}, "explain_analyze_plan": {"Plan": {"Node Type": "Sort", "Startup Cost": 1000007781092.03, "Total Cost": 1000007781092.03, "Plan Rows": 1, "Plan Width": 40, "Actual Startup Time": 4540.757, "Actual Total Time": 4540.757, "Actual Rows": 4, "Actual Loops": 1, "Sort Key": ["(\"substring\"((public.customer.c_phone)::text, 1, 2))"], "Sort Method": "quicksort", "Sort Space Used": 25, "Sort Space Type": "Memory", "Plans": [{"Node Type": "Aggregate", "Strategy": "Plain", "Parent Relationship": "exec_init_plan", "Subplan Name": "InitPlan 1 (returns $0)", "Startup Cost": 1000007650219.14, "Total Cost": 1000007650219.15, "Plan Rows": 1, "Plan Width": 40, "Actual Startup Time": 1995.612, "Actual Total Time": 1995.612, "Actual Rows": 1, "Actual Loops": 1, "Plans": [{"Node Type": "Seq Scan", "Parent Relationship": "Outer", "Relation Name": "customer", "Alias": "customer", "Startup Cost": 10000000012.75, "Total Cost": 1000007650100.0, "Plan Rows": 47655, "Plan Width": 8, "Actual Startup Time": 0.036, "Actual Total Time": 1901.667, "Actual Rows": 218121, "Actual Loops": 1, "Filter": "((c_acctbal > 0::double precision) AND (\"substring\"((c_phone)::text, 1, 2) = ANY ('{20,40,22,30,39,42,21}'::text[])))", "Rows Removed by Filter": 1281879}]}, {"Node Type": "Aggregate", "Strategy": "Hashed", "Parent Relationship": "Outer", "Startup Cost": 130872.85, "Total Cost": 130872.87, "Plan Rows": 1, "Plan Width": 40, "Actual Startup Time": 4540.614, "Actual Total Time": 4540.628, "Actual Rows": 4, "Actual Loops": 1, "Group By Key": ["\"substring\"((public.customer.c_phone)::text, 1, 2)"], "Plans": [{"Node Type": "Nested Loop", "Parent Relationship": "Outer", "Join Type": "Anti", "Startup Cost": 0.0, "Total Cost": 130872.84, "Plan Rows": 1, "Plan Width": 24, "Actual Startup Time": 1995.887, "Actual Total Time": 4518.037, "Actual Rows": 36604, "Actual Loops": 1, "Inner Unique": false, "Plans": [{"Node Type": "Index Scan", "Parent Relationship": "Outer", "Scan Direction": "Forward", "Index Name": "customer_pkey", "Relation Name": "customer", "Alias": "customer", "Startup Cost": 0.0, "Total Cost": 105140.36, "Plan Rows": 17500, "Plan Width": 32, "Actual Startup Time": 1995.824, "Actual Total Time": 3913.868, "Actual Rows": 109197, "Actual Loops": 1, "Filter": "((c_acctbal > $0) AND (\"substring\"((c_phone)::text, 1, 2) = ANY ('{20,40,22,30,39,42,21}'::text[])))", "Rows Removed by Filter": 1390803}, {"Node Type": "Index Only Scan", "Parent Relationship": "Inner", "Scan Direction": "Forward", "Index Name": "idx_orders_custkey", "Relation Name": "orders", "Alias": "orders", "Startup Cost": 0.0, "Total Cost": 3.79, "Plan Rows": 4, "Plan Width": 8, "Actual Startup Time": 500.727, "Actual Total Time": 500.727, "Actual Rows": 72593, "Actual Loops": 109197, "Index Cond": "(o_custkey = public.customer.c_custkey)", "Rows Removed by Index Recheck": 0, "Heap Fetches": 0}]}]}]}, "Triggers": [], "Planner Runtime": 0.757, "Total Runtime": 4540.956, "Unique SQL Id": 2798552886}}, "(64, 98)": {"explain_plan": {"Plan": {"Node Type": "Sort", "Startup Cost": 326543.88, "Total Cost": 326543.89, "Plan Rows": 1, "Plan Width": 40, "Sort Key": ["(\"substring\"((public.customer.c_phone)::text, 1, 2))"], "Plans": [{"Node Type": "Aggregate", "Strategy": "Plain", "Parent Relationship": "exec_init_plan", "Subplan Name": "InitPlan 1 (returns $0)", "Startup Cost": 76620.14, "Total Cost": 76620.15, "Plan Rows": 1, "Plan Width": 40, "Plans": [{"Node Type": "Seq Scan", "Parent Relationship": "Outer", "Relation Name": "customer", "Alias": "customer", "Startup Cost": 12.95, "Total Cost": 76501.0, "Plan Rows": 47655, "Plan Width": 8, "Filter": "((c_acctbal > 0::double precision) AND (\"substring\"((c_phone)::text, 1, 2) = ANY ('{20,40,22,30,39,42,21}'::text[])))"}]}, {"Node Type": "Aggregate", "Strategy": "Hashed", "Parent Relationship": "Outer", "Startup Cost": 249923.71, "Total Cost": 249923.72, "Plan Rows": 1, "Plan Width": 40, "Group By Key": ["\"substring\"((public.customer.c_phone)::text, 1, 2)"], "Plans": [{"Node Type": "Nested Loop", "Parent Relationship": "Outer", "Join Type": "Anti", "Startup Cost": 3.75, "Total Cost": 249923.7, "Plan Rows": 1, "Plan Width": 24, "Inner Unique": false, "Plans": [{"Node Type": "Seq Scan", "Parent Relationship": "Outer", "Relation Name": "customer", "Alias": "customer", "Startup Cost": 0.0, "Total Cost": 76501.0, "Plan Rows": 17500, "Plan Width": 32, "Filter": "((c_acctbal > $0) AND (\"substring\"((c_phone)::text, 1, 2) = ANY ('{20,40,22,30,39,42,21}'::text[])))"}, {"Node Type": "Bitmap Heap Scan", "Parent Relationship": "Inner", "Relation Name": "orders", "Alias": "orders", "Startup Cost": 3.75, "Total Cost": 19.76, "Plan Rows": 4, "Plan Width": 8, "Recheck Cond": "(o_custkey = public.customer.c_custkey)", "Plans": [{"Node Type": "Bitmap Index Scan", "Parent Relationship": "Outer", "Index Name": "idx_orders_custkey", "Startup Cost": 0.0, "Total Cost": 3.75, "Plan Rows": 4, "Plan Width": 0, "Index Cond": "(o_custkey = public.customer.c_custkey)"}]}]}]}]}, "Unique SQL Id": 2798552886}, "explain_analyze_plan": {"Plan": {"Node Type": "Sort", "Startup Cost": 326543.88, "Total Cost": 326543.89, "Plan Rows": 1, "Plan Width": 40, "Actual Startup Time": 4414.71, "Actual Total Time": 4414.711, "Actual Rows": 4, "Actual Loops": 1, "Sort Key": ["(\"substring\"((public.customer.c_phone)::text, 1, 2))"], "Sort Method": "quicksort", "Sort Space Used": 25, "Sort Space Type": "Memory", "Plans": [{"Node Type": "Aggregate", "Strategy": "Plain", "Parent Relationship": "exec_init_plan", "Subplan Name": "InitPlan 1 (returns $0)", "Startup Cost": 76620.14, "Total Cost": 76620.15, "Plan Rows": 1, "Plan Width": 40, "Actual Startup Time": 1995.799, "Actual Total Time": 1995.799, "Actual Rows": 1, "Actual Loops": 1, "Plans": [{"Node Type": "Seq Scan", "Parent Relationship": "Outer", "Relation Name": "customer", "Alias": "customer", "Startup Cost": 12.95, "Total Cost": 76501.0, "Plan Rows": 47655, "Plan Width": 8, "Actual Startup Time": 0.031, "Actual Total Time": 1901.337, "Actual Rows": 218121, "Actual Loops": 1, "Filter": "((c_acctbal > 0::double precision) AND (\"substring\"((c_phone)::text, 1, 2) = ANY ('{20,40,22,30,39,42,21}'::text[])))", "Rows Removed by Filter": 1281879}]}, {"Node Type": "Aggregate", "Strategy": "Hashed", "Parent Relationship": "Outer", "Startup Cost": 249923.71, "Total Cost": 249923.72, "Plan Rows": 1, "Plan Width": 40, "Actual Startup Time": 4414.669, "Actual Total Time": 4414.669, "Actual Rows": 4, "Actual Loops": 1, "Group By Key": ["\"substring\"((public.customer.c_phone)::text, 1, 2)"], "Plans": [{"Node Type": "Nested Loop", "Parent Relationship": "Outer", "Join Type": "Anti", "Startup Cost": 3.75, "Total Cost": 249923.7, "Plan Rows": 1, "Plan Width": 24, "Actual Startup Time": 1995.923, "Actual Total Time": 4387.776, "Actual Rows": 36604, "Actual Loops": 1, "Inner Unique": false, "Plans": [{"Node Type": "Seq Scan", "Parent Relationship": "Outer", "Relation Name": "customer", "Alias": "customer", "Startup Cost": 0.0, "Total Cost": 76501.0, "Plan Rows": 17500, "Plan Width": 32, "Actual Startup Time": 1995.862, "Actual Total Time": 3284.286, "Actual Rows": 109197, "Actual Loops": 1, "Filter": "((c_acctbal > $0) AND (\"substring\"((c_phone)::text, 1, 2) = ANY ('{20,40,22,30,39,42,21}'::text[])))", "Rows Removed by Filter": 1390803}, {"Node Type": "Bitmap Heap Scan", "Parent Relationship": "Inner", "Relation Name": "orders", "Alias": "orders", "Startup Cost": 3.75, "Total Cost": 19.76, "Plan Rows": 4, "Plan Width": 8, "Actual Startup Time": 918.298, "Actual Total Time": 918.298, "Actual Rows": 72593, "Actual Loops": 109197, "Recheck Cond": "(o_custkey = public.customer.c_custkey)", "Rows Removed by Index Recheck": 0, "Exact Heap Blocks": 72593, "Lossy Heap Blocks": 72593, "Plans": [{"Node Type": "Bitmap Index Scan", "Parent Relationship": "Outer", "Index Name": "idx_orders_custkey", "Startup Cost": 0.0, "Total Cost": 3.75, "Plan Rows": 4, "Plan Width": 0, "Actual Startup Time": 572.408, "Actual Total Time": 572.408, "Actual Rows": 1091631, "Actual Loops": 109197, "Index Cond": "(o_custkey = public.customer.c_custkey)"}]}]}]}]}, "Triggers": [], "Planner Runtime": 0.77, "Total Runtime": 4415.004, "Unique SQL Id": 2798552886}}, "(64, 99)": {"explain_plan": {"Plan": {"Node Type": "Sort", "Startup Cost": 2000018337677.51, "Total Cost": 2000018337677.51, "Plan Rows": 1, "Plan Width": 40, "Sort Key": ["(\"substring\"((public.customer.c_phone)::text, 1, 2))"], "Plans": [{"Node Type": "Aggregate", "Strategy": "Plain", "Parent Relationship": "exec_init_plan", "Subplan Name": "InitPlan 1 (returns $0)", "Startup Cost": 1000007650219.14, "Total Cost": 1000007650219.15, "Plan Rows": 1, "Plan Width": 40, "Plans": [{"Node Type": "Seq Scan", "Parent Relationship": "Outer", "Relation Name": "customer", "Alias": "customer", "Startup Cost": 10000000012.75, "Total Cost": 1000007650100.0, "Plan Rows": 47655, "Plan Width": 8, "Filter": "((c_acctbal > 0::double precision) AND (\"substring\"((c_phone)::text, 1, 2) = ANY ('{20,40,22,30,39,42,21}'::text[])))"}]}, {"Node Type": "Aggregate", "Strategy": "Hashed", "Parent Relationship": "Outer", "Startup Cost": 1000010687458.33, "Total Cost": 1000010687458.35, "Plan Rows": 1, "Plan Width": 40, "Group By Key": ["\"substring\"((public.customer.c_phone)::text, 1, 2)"], "Plans": [{"Node Type": "Nested Loop", "Parent Relationship": "Outer", "Join Type": "Anti", "Startup Cost": 10000000003.75, "Total Cost": 1000010687458.32, "Plan Rows": 1, "Plan Width": 24, "Inner Unique": false, "Plans": [{"Node Type": "Index Scan", "Parent Relationship": "Outer", "Scan Direction": "Forward", "Index Name": "customer_pkey", "Relation Name": "customer", "Alias": "customer", "Startup Cost": 10000000000.0, "Total Cost": 1000010514035.62, "Plan Rows": 17500, "Plan Width": 32, "Filter": "((c_acctbal > $0) AND (\"substring\"((c_phone)::text, 1, 2) = ANY ('{20,40,22,30,39,42,21}'::text[])))"}, {"Node Type": "Bitmap Heap Scan", "Parent Relationship": "Inner", "Relation Name": "orders", "Alias": "orders", "Startup Cost": 3.75, "Total Cost": 19.76, "Plan Rows": 4, "Plan Width": 8, "Recheck Cond": "(o_custkey = public.customer.c_custkey)", "Plans": [{"Node Type": "Bitmap Index Scan", "Parent Relationship": "Outer", "Index Name": "idx_orders_custkey", "Startup Cost": 0.0, "Total Cost": 3.75, "Plan Rows": 4, "Plan Width": 0, "Index Cond": "(o_custkey = public.customer.c_custkey)"}]}]}]}]}, "Unique SQL Id": 2798552886}, "explain_analyze_plan": {"Plan": {"Node Type": "Sort", "Startup Cost": 2000018337677.51, "Total Cost": 2000018337677.51, "Plan Rows": 1, "Plan Width": 40, "Actual Startup Time": 4987.955, "Actual Total Time": 4987.956, "Actual Rows": 4, "Actual Loops": 1, "Sort Key": ["(\"substring\"((public.customer.c_phone)::text, 1, 2))"], "Sort Method": "quicksort", "Sort Space Used": 25, "Sort Space Type": "Memory", "Plans": [{"Node Type": "Aggregate", "Strategy": "Plain", "Parent Relationship": "exec_init_plan", "Subplan Name": "InitPlan 1 (returns $0)", "Startup Cost": 1000007650219.14, "Total Cost": 1000007650219.15, "Plan Rows": 1, "Plan Width": 40, "Actual Startup Time": 2018.097, "Actual Total Time": 2018.099, "Actual Rows": 1, "Actual Loops": 1, "Plans": [{"Node Type": "Seq Scan", "Parent Relationship": "Outer", "Relation Name": "customer", "Alias": "customer", "Startup Cost": 10000000012.75, "Total Cost": 1000007650100.0, "Plan Rows": 47655, "Plan Width": 8, "Actual Startup Time": 0.04, "Actual Total Time": 1922.099, "Actual Rows": 218121, "Actual Loops": 1, "Filter": "((c_acctbal > 0::double precision) AND (\"substring\"((c_phone)::text, 1, 2) = ANY ('{20,40,22,30,39,42,21}'::text[])))", "Rows Removed by Filter": 1281879}]}, {"Node Type": "Aggregate", "Strategy": "Hashed", "Parent Relationship": "Outer", "Startup Cost": 1000010687458.33, "Total Cost": 1000010687458.35, "Plan Rows": 1, "Plan Width": 40, "Actual Startup Time": 4987.905, "Actual Total Time": 4987.907, "Actual Rows": 4, "Actual Loops": 1, "Group By Key": ["\"substring\"((public.customer.c_phone)::text, 1, 2)"], "Plans": [{"Node Type": "Nested Loop", "Parent Relationship": "Outer", "Join Type": "Anti", "Startup Cost": 10000000003.75, "Total Cost": 1000010687458.32, "Plan Rows": 1, "Plan Width": 24, "Actual Startup Time": 2018.334, "Actual Total Time": 4960.279, "Actual Rows": 36604, "Actual Loops": 1, "Inner Unique": false, "Plans": [{"Node Type": "Index Scan", "Parent Relationship": "Outer", "Scan Direction": "Forward", "Index Name": "customer_pkey", "Relation Name": "customer", "Alias": "customer", "Startup Cost": 10000000000.0, "Total Cost": 1000010514035.62, "Plan Rows": 17500, "Plan Width": 32, "Actual Startup Time": 2018.263, "Actual Total Time": 3830.61, "Actual Rows": 109197, "Actual Loops": 1, "Filter": "((c_acctbal > $0) AND (\"substring\"((c_phone)::text, 1, 2) = ANY ('{20,40,22,30,39,42,21}'::text[])))", "Rows Removed by Filter": 1390803}, {"Node Type": "Bitmap Heap Scan", "Parent Relationship": "Inner", "Relation Name": "orders", "Alias": "orders", "Startup Cost": 3.75, "Total Cost": 19.76, "Plan Rows": 4, "Plan Width": 8, "Actual Startup Time": 941.988, "Actual Total Time": 941.988, "Actual Rows": 72593, "Actual Loops": 109197, "Recheck Cond": "(o_custkey = public.customer.c_custkey)", "Rows Removed by Index Recheck": 0, "Exact Heap Blocks": 72593, "Lossy Heap Blocks": 72593, "Plans": [{"Node Type": "Bitmap Index Scan", "Parent Relationship": "Outer", "Index Name": "idx_orders_custkey", "Startup Cost": 0.0, "Total Cost": 3.75, "Plan Rows": 4, "Plan Width": 0, "Actual Startup Time": 583.569, "Actual Total Time": 583.569, "Actual Rows": 1091631, "Actual Loops": 109197, "Index Cond": "(o_custkey = public.customer.c_custkey)"}]}]}]}]}, "Triggers": [], "Planner Runtime": 0.731, "Total Runtime": 4988.153, "Unique SQL Id": 2798552886}}, "(64, 100)": {"explain_plan": {"Plan": {"Node Type": "Sort", "Startup Cost": 274230.79, "Total Cost": 274230.8, "Plan Rows": 1, "Plan Width": 40, "Sort Key": ["(\"substring\"((public.customer.c_phone)::text, 1, 2))"], "Plans": [{"Node Type": "Aggregate", "Strategy": "Plain", "Parent Relationship": "exec_init_plan", "Subplan Name": "InitPlan 1 (returns $0)", "Startup Cost": 76620.14, "Total Cost": 76620.15, "Plan Rows": 1, "Plan Width": 40, "Plans": [{"Node Type": "Seq Scan", "Parent Relationship": "Outer", "Relation Name": "customer", "Alias": "customer", "Startup Cost": 12.95, "Total Cost": 76501.0, "Plan Rows": 47655, "Plan Width": 8, "Filter": "((c_acctbal > 0::double precision) AND (\"substring\"((c_phone)::text, 1, 2) = ANY ('{20,40,22,30,39,42,21}'::text[])))"}]}, {"Node Type": "Aggregate", "Strategy": "Hashed", "Parent Relationship": "Outer", "Startup Cost": 197610.62, "Total Cost": 197610.63, "Plan Rows": 1, "Plan Width": 40, "Group By Key": ["\"substring\"((public.customer.c_phone)::text, 1, 2)"], "Plans": [{"Node Type": "Nested Loop", "Parent Relationship": "Outer", "Join Type": "Anti", "Startup Cost": 0.0, "Total Cost": 197610.61, "Plan Rows": 1, "Plan Width": 24, "Inner Unique": false, "Plans": [{"Node Type": "Seq Scan", "Parent Relationship": "Outer", "Relation Name": "customer", "Alias": "customer", "Startup Cost": 0.0, "Total Cost": 76501.0, "Plan Rows": 17500, "Plan Width": 32, "Filter": "((c_acctbal > $0) AND (\"substring\"((c_phone)::text, 1, 2) = ANY ('{20,40,22,30,39,42,21}'::text[])))"}, {"Node Type": "Index Scan", "Parent Relationship": "Inner", "Scan Direction": "Forward", "Index Name": "idx_orders_custkey", "Relation Name": "orders", "Alias": "orders", "Startup Cost": 0.0, "Total Cost": 17.99, "Plan Rows": 4, "Plan Width": 8, "Index Cond": "(o_custkey = public.customer.c_custkey)"}]}]}]}, "Unique SQL Id": 2798552886}, "explain_analyze_plan": {"Plan": {"Node Type": "Sort", "Startup Cost": 274230.79, "Total Cost": 274230.8, "Plan Rows": 1, "Plan Width": 40, "Actual Startup Time": 4048.22, "Actual Total Time": 4048.22, "Actual Rows": 4, "Actual Loops": 1, "Sort Key": ["(\"substring\"((public.customer.c_phone)::text, 1, 2))"], "Sort Method": "quicksort", "Sort Space Used": 25, "Sort Space Type": "Memory", "Plans": [{"Node Type": "Aggregate", "Strategy": "Plain", "Parent Relationship": "exec_init_plan", "Subplan Name": "InitPlan 1 (returns $0)", "Startup Cost": 76620.14, "Total Cost": 76620.15, "Plan Rows": 1, "Plan Width": 40, "Actual Startup Time": 1960.504, "Actual Total Time": 1960.504, "Actual Rows": 1, "Actual Loops": 1, "Plans": [{"Node Type": "Seq Scan", "Parent Relationship": "Outer", "Relation Name": "customer", "Alias": "customer", "Startup Cost": 12.95, "Total Cost": 76501.0, "Plan Rows": 47655, "Plan Width": 8, "Actual Startup Time": 0.027, "Actual Total Time": 1865.668, "Actual Rows": 218121, "Actual Loops": 1, "Filter": "((c_acctbal > 0::double precision) AND (\"substring\"((c_phone)::text, 1, 2) = ANY ('{20,40,22,30,39,42,21}'::text[])))", "Rows Removed by Filter": 1281879}]}, {"Node Type": "Aggregate", "Strategy": "Hashed", "Parent Relationship": "Outer", "Startup Cost": 197610.62, "Total Cost": 197610.63, "Plan Rows": 1, "Plan Width": 40, "Actual Startup Time": 4048.179, "Actual Total Time": 4048.18, "Actual Rows": 4, "Actual Loops": 1, "Group By Key": ["\"substring\"((public.customer.c_phone)::text, 1, 2)"], "Plans": [{"Node Type": "Nested Loop", "Parent Relationship": "Outer", "Join Type": "Anti", "Startup Cost": 0.0, "Total Cost": 197610.61, "Plan Rows": 1, "Plan Width": 24, "Actual Startup Time": 1960.632, "Actual Total Time": 4024.922, "Actual Rows": 36604, "Actual Loops": 1, "Inner Unique": false, "Plans": [{"Node Type": "Seq Scan", "Parent Relationship": "Outer", "Relation Name": "customer", "Alias": "customer", "Startup Cost": 0.0, "Total Cost": 76501.0, "Plan Rows": 17500, "Plan Width": 32, "Actual Startup Time": 1960.572, "Actual Total Time": 3257.721, "Actual Rows": 109197, "Actual Loops": 1, "Filter": "((c_acctbal > $0) AND (\"substring\"((c_phone)::text, 1, 2) = ANY ('{20,40,22,30,39,42,21}'::text[])))", "Rows Removed by Filter": 1390803}, {"Node Type": "Index Scan", "Parent Relationship": "Inner", "Scan Direction": "Forward", "Index Name": "idx_orders_custkey", "Relation Name": "orders", "Alias": "orders", "Startup Cost": 0.0, "Total Cost": 17.99, "Plan Rows": 4, "Plan Width": 8, "Actual Startup Time": 660.636, "Actual Total Time": 660.636, "Actual Rows": 72593, "Actual Loops": 109197, "Index Cond": "(o_custkey = public.customer.c_custkey)", "Rows Removed by Index Recheck": 0}]}]}]}, "Triggers": [], "Planner Runtime": 0.759, "Total Runtime": 4048.42, "Unique SQL Id": 2798552886}}, "(64, 101)": {"explain_plan": {"Plan": {"Node Type": "Sort", "Startup Cost": 1000007876469.15, "Total Cost": 1000007876469.15, "Plan Rows": 1, "Plan Width": 40, "Sort Key": ["(\"substring\"((public.customer.c_phone)::text, 1, 2))"], "Plans": [{"Node Type": "Aggregate", "Strategy": "Plain", "Parent Relationship": "exec_init_plan", "Subplan Name": "InitPlan 1 (returns $0)", "Startup Cost": 1000007650219.14, "Total Cost": 1000007650219.15, "Plan Rows": 1, "Plan Width": 40, "Plans": [{"Node Type": "Seq Scan", "Parent Relationship": "Outer", "Relation Name": "customer", "Alias": "customer", "Startup Cost": 10000000012.75, "Total Cost": 1000007650100.0, "Plan Rows": 47655, "Plan Width": 8, "Filter": "((c_acctbal > 0::double precision) AND (\"substring\"((c_phone)::text, 1, 2) = ANY ('{20,40,22,30,39,42,21}'::text[])))"}]}, {"Node Type": "Aggregate", "Strategy": "Hashed", "Parent Relationship": "Outer", "Startup Cost": 226249.97, "Total Cost": 226249.99, "Plan Rows": 1, "Plan Width": 40, "Group By Key": ["\"substring\"((public.customer.c_phone)::text, 1, 2)"], "Plans": [{"Node Type": "Nested Loop", "Parent Relationship": "Outer", "Join Type": "Anti", "Startup Cost": 0.0, "Total Cost": 226249.97, "Plan Rows": 1, "Plan Width": 24, "Inner Unique": false, "Plans": [{"Node Type": "Index Scan", "Parent Relationship": "Outer", "Scan Direction": "Forward", "Index Name": "customer_pkey", "Relation Name": "customer", "Alias": "customer", "Startup Cost": 0.0, "Total Cost": 105140.36, "Plan Rows": 17500, "Plan Width": 32, "Filter": "((c_acctbal > $0) AND (\"substring\"((c_phone)::text, 1, 2) = ANY ('{20,40,22,30,39,42,21}'::text[])))"}, {"Node Type": "Index Scan", "Parent Relationship": "Inner", "Scan Direction": "Forward", "Index Name": "idx_orders_custkey", "Relation Name": "orders", "Alias": "orders", "Startup Cost": 0.0, "Total Cost": 17.99, "Plan Rows": 4, "Plan Width": 8, "Index Cond": "(o_custkey = public.customer.c_custkey)"}]}]}]}, "Unique SQL Id": 2798552886}, "explain_analyze_plan": {"Plan": {"Node Type": "Sort", "Startup Cost": 1000007876469.15, "Total Cost": 1000007876469.15, "Plan Rows": 1, "Plan Width": 40, "Actual Startup Time": 4342.858, "Actual Total Time": 4342.858, "Actual Rows": 4, "Actual Loops": 1, "Sort Key": ["(\"substring\"((public.customer.c_phone)::text, 1, 2))"], "Sort Method": "quicksort", "Sort Space Used": 25, "Sort Space Type": "Memory", "Plans": [{"Node Type": "Aggregate", "Strategy": "Plain", "Parent Relationship": "exec_init_plan", "Subplan Name": "InitPlan 1 (returns $0)", "Startup Cost": 1000007650219.14, "Total Cost": 1000007650219.15, "Plan Rows": 1, "Plan Width": 40, "Actual Startup Time": 1967.227, "Actual Total Time": 1967.229, "Actual Rows": 1, "Actual Loops": 1, "Plans": [{"Node Type": "Seq Scan", "Parent Relationship": "Outer", "Relation Name": "customer", "Alias": "customer", "Startup Cost": 10000000012.75, "Total Cost": 1000007650100.0, "Plan Rows": 47655, "Plan Width": 8, "Actual Startup Time": 0.033, "Actual Total Time": 1872.87, "Actual Rows": 218121, "Actual Loops": 1, "Filter": "((c_acctbal > 0::double precision) AND (\"substring\"((c_phone)::text, 1, 2) = ANY ('{20,40,22,30,39,42,21}'::text[])))", "Rows Removed by Filter": 1281879}]}, {"Node Type": "Aggregate", "Strategy": "Hashed", "Parent Relationship": "Outer", "Startup Cost": 226249.97, "Total Cost": 226249.99, "Plan Rows": 1, "Plan Width": 40, "Actual Startup Time": 4342.811, "Actual Total Time": 4342.814, "Actual Rows": 4, "Actual Loops": 1, "Group By Key": ["\"substring\"((public.customer.c_phone)::text, 1, 2)"], "Plans": [{"Node Type": "Nested Loop", "Parent Relationship": "Outer", "Join Type": "Anti", "Startup Cost": 0.0, "Total Cost": 226249.97, "Plan Rows": 1, "Plan Width": 24, "Actual Startup Time": 1967.46, "Actual Total Time": 4319.835, "Actual Rows": 36604, "Actual Loops": 1, "Inner Unique": false, "Plans": [{"Node Type": "Index Scan", "Parent Relationship": "Outer", "Scan Direction": "Forward", "Index Name": "customer_pkey", "Relation Name": "customer", "Alias": "customer", "Startup Cost": 0.0, "Total Cost": 105140.36, "Plan Rows": 17500, "Plan Width": 32, "Actual Startup Time": 1967.405, "Actual Total Time": 3680.796, "Actual Rows": 109197, "Actual Loops": 1, "Filter": "((c_acctbal > $0) AND (\"substring\"((c_phone)::text, 1, 2) = ANY ('{20,40,22,30,39,42,21}'::text[])))", "Rows Removed by Filter": 1390803}, {"Node Type": "Index Scan", "Parent Relationship": "Inner", "Scan Direction": "Forward", "Index Name": "idx_orders_custkey", "Relation Name": "orders", "Alias": "orders", "Startup Cost": 0.0, "Total Cost": 17.99, "Plan Rows": 4, "Plan Width": 8, "Actual Startup Time": 530.764, "Actual Total Time": 530.764, "Actual Rows": 72593, "Actual Loops": 109197, "Index Cond": "(o_custkey = public.customer.c_custkey)", "Rows Removed by Index Recheck": 0}]}]}]}, "Triggers": [], "Planner Runtime": 0.769, "Total Runtime": 4343.034, "Unique SQL Id": 2798552886}}, "(64, 102)": {"explain_plan": {"Plan": {"Node Type": "Sort", "Startup Cost": 326543.88, "Total Cost": 326543.89, "Plan Rows": 1, "Plan Width": 40, "Sort Key": ["(\"substring\"((public.customer.c_phone)::text, 1, 2))"], "Plans": [{"Node Type": "Aggregate", "Strategy": "Plain", "Parent Relationship": "exec_init_plan", "Subplan Name": "InitPlan 1 (returns $0)", "Startup Cost": 76620.14, "Total Cost": 76620.15, "Plan Rows": 1, "Plan Width": 40, "Plans": [{"Node Type": "Seq Scan", "Parent Relationship": "Outer", "Relation Name": "customer", "Alias": "customer", "Startup Cost": 12.95, "Total Cost": 76501.0, "Plan Rows": 47655, "Plan Width": 8, "Filter": "((c_acctbal > 0::double precision) AND (\"substring\"((c_phone)::text, 1, 2) = ANY ('{20,40,22,30,39,42,21}'::text[])))"}]}, {"Node Type": "Aggregate", "Strategy": "Hashed", "Parent Relationship": "Outer", "Startup Cost": 249923.71, "Total Cost": 249923.72, "Plan Rows": 1, "Plan Width": 40, "Group By Key": ["\"substring\"((public.customer.c_phone)::text, 1, 2)"], "Plans": [{"Node Type": "Nested Loop", "Parent Relationship": "Outer", "Join Type": "Anti", "Startup Cost": 3.75, "Total Cost": 249923.7, "Plan Rows": 1, "Plan Width": 24, "Inner Unique": false, "Plans": [{"Node Type": "Seq Scan", "Parent Relationship": "Outer", "Relation Name": "customer", "Alias": "customer", "Startup Cost": 0.0, "Total Cost": 76501.0, "Plan Rows": 17500, "Plan Width": 32, "Filter": "((c_acctbal > $0) AND (\"substring\"((c_phone)::text, 1, 2) = ANY ('{20,40,22,30,39,42,21}'::text[])))"}, {"Node Type": "Bitmap Heap Scan", "Parent Relationship": "Inner", "Relation Name": "orders", "Alias": "orders", "Startup Cost": 3.75, "Total Cost": 19.76, "Plan Rows": 4, "Plan Width": 8, "Recheck Cond": "(o_custkey = public.customer.c_custkey)", "Plans": [{"Node Type": "Bitmap Index Scan", "Parent Relationship": "Outer", "Index Name": "idx_orders_custkey", "Startup Cost": 0.0, "Total Cost": 3.75, "Plan Rows": 4, "Plan Width": 0, "Index Cond": "(o_custkey = public.customer.c_custkey)"}]}]}]}]}, "Unique SQL Id": 2798552886}, "explain_analyze_plan": {"Plan": {"Node Type": "Sort", "Startup Cost": 326543.88, "Total Cost": 326543.89, "Plan Rows": 1, "Plan Width": 40, "Actual Startup Time": 4414.71, "Actual Total Time": 4414.711, "Actual Rows": 4, "Actual Loops": 1, "Sort Key": ["(\"substring\"((public.customer.c_phone)::text, 1, 2))"], "Sort Method": "quicksort", "Sort Space Used": 25, "Sort Space Type": "Memory", "Plans": [{"Node Type": "Aggregate", "Strategy": "Plain", "Parent Relationship": "exec_init_plan", "Subplan Name": "InitPlan 1 (returns $0)", "Startup Cost": 76620.14, "Total Cost": 76620.15, "Plan Rows": 1, "Plan Width": 40, "Actual Startup Time": 1995.799, "Actual Total Time": 1995.799, "Actual Rows": 1, "Actual Loops": 1, "Plans": [{"Node Type": "Seq Scan", "Parent Relationship": "Outer", "Relation Name": "customer", "Alias": "customer", "Startup Cost": 12.95, "Total Cost": 76501.0, "Plan Rows": 47655, "Plan Width": 8, "Actual Startup Time": 0.031, "Actual Total Time": 1901.337, "Actual Rows": 218121, "Actual Loops": 1, "Filter": "((c_acctbal > 0::double precision) AND (\"substring\"((c_phone)::text, 1, 2) = ANY ('{20,40,22,30,39,42,21}'::text[])))", "Rows Removed by Filter": 1281879}]}, {"Node Type": "Aggregate", "Strategy": "Hashed", "Parent Relationship": "Outer", "Startup Cost": 249923.71, "Total Cost": 249923.72, "Plan Rows": 1, "Plan Width": 40, "Actual Startup Time": 4414.669, "Actual Total Time": 4414.669, "Actual Rows": 4, "Actual Loops": 1, "Group By Key": ["\"substring\"((public.customer.c_phone)::text, 1, 2)"], "Plans": [{"Node Type": "Nested Loop", "Parent Relationship": "Outer", "Join Type": "Anti", "Startup Cost": 3.75, "Total Cost": 249923.7, "Plan Rows": 1, "Plan Width": 24, "Actual Startup Time": 1995.923, "Actual Total Time": 4387.776, "Actual Rows": 36604, "Actual Loops": 1, "Inner Unique": false, "Plans": [{"Node Type": "Seq Scan", "Parent Relationship": "Outer", "Relation Name": "customer", "Alias": "customer", "Startup Cost": 0.0, "Total Cost": 76501.0, "Plan Rows": 17500, "Plan Width": 32, "Actual Startup Time": 1995.862, "Actual Total Time": 3284.286, "Actual Rows": 109197, "Actual Loops": 1, "Filter": "((c_acctbal > $0) AND (\"substring\"((c_phone)::text, 1, 2) = ANY ('{20,40,22,30,39,42,21}'::text[])))", "Rows Removed by Filter": 1390803}, {"Node Type": "Bitmap Heap Scan", "Parent Relationship": "Inner", "Relation Name": "orders", "Alias": "orders", "Startup Cost": 3.75, "Total Cost": 19.76, "Plan Rows": 4, "Plan Width": 8, "Actual Startup Time": 918.298, "Actual Total Time": 918.298, "Actual Rows": 72593, "Actual Loops": 109197, "Recheck Cond": "(o_custkey = public.customer.c_custkey)", "Rows Removed by Index Recheck": 0, "Exact Heap Blocks": 72593, "Lossy Heap Blocks": 72593, "Plans": [{"Node Type": "Bitmap Index Scan", "Parent Relationship": "Outer", "Index Name": "idx_orders_custkey", "Startup Cost": 0.0, "Total Cost": 3.75, "Plan Rows": 4, "Plan Width": 0, "Actual Startup Time": 572.408, "Actual Total Time": 572.408, "Actual Rows": 1091631, "Actual Loops": 109197, "Index Cond": "(o_custkey = public.customer.c_custkey)"}]}]}]}]}, "Triggers": [], "Planner Runtime": 0.77, "Total Runtime": 4415.004, "Unique SQL Id": 2798552886}}, "(64, 103)": {"explain_plan": {"Plan": {"Node Type": "Sort", "Startup Cost": 2000018337677.51, "Total Cost": 2000018337677.51, "Plan Rows": 1, "Plan Width": 40, "Sort Key": ["(\"substring\"((public.customer.c_phone)::text, 1, 2))"], "Plans": [{"Node Type": "Aggregate", "Strategy": "Plain", "Parent Relationship": "exec_init_plan", "Subplan Name": "InitPlan 1 (returns $0)", "Startup Cost": 1000007650219.14, "Total Cost": 1000007650219.15, "Plan Rows": 1, "Plan Width": 40, "Plans": [{"Node Type": "Seq Scan", "Parent Relationship": "Outer", "Relation Name": "customer", "Alias": "customer", "Startup Cost": 10000000012.75, "Total Cost": 1000007650100.0, "Plan Rows": 47655, "Plan Width": 8, "Filter": "((c_acctbal > 0::double precision) AND (\"substring\"((c_phone)::text, 1, 2) = ANY ('{20,40,22,30,39,42,21}'::text[])))"}]}, {"Node Type": "Aggregate", "Strategy": "Hashed", "Parent Relationship": "Outer", "Startup Cost": 1000010687458.33, "Total Cost": 1000010687458.35, "Plan Rows": 1, "Plan Width": 40, "Group By Key": ["\"substring\"((public.customer.c_phone)::text, 1, 2)"], "Plans": [{"Node Type": "Nested Loop", "Parent Relationship": "Outer", "Join Type": "Anti", "Startup Cost": 10000000003.75, "Total Cost": 1000010687458.32, "Plan Rows": 1, "Plan Width": 24, "Inner Unique": false, "Plans": [{"Node Type": "Index Scan", "Parent Relationship": "Outer", "Scan Direction": "Forward", "Index Name": "customer_pkey", "Relation Name": "customer", "Alias": "customer", "Startup Cost": 10000000000.0, "Total Cost": 1000010514035.62, "Plan Rows": 17500, "Plan Width": 32, "Filter": "((c_acctbal > $0) AND (\"substring\"((c_phone)::text, 1, 2) = ANY ('{20,40,22,30,39,42,21}'::text[])))"}, {"Node Type": "Bitmap Heap Scan", "Parent Relationship": "Inner", "Relation Name": "orders", "Alias": "orders", "Startup Cost": 3.75, "Total Cost": 19.76, "Plan Rows": 4, "Plan Width": 8, "Recheck Cond": "(o_custkey = public.customer.c_custkey)", "Plans": [{"Node Type": "Bitmap Index Scan", "Parent Relationship": "Outer", "Index Name": "idx_orders_custkey", "Startup Cost": 0.0, "Total Cost": 3.75, "Plan Rows": 4, "Plan Width": 0, "Index Cond": "(o_custkey = public.customer.c_custkey)"}]}]}]}]}, "Unique SQL Id": 2798552886}, "explain_analyze_plan": {"Plan": {"Node Type": "Sort", "Startup Cost": 2000018337677.51, "Total Cost": 2000018337677.51, "Plan Rows": 1, "Plan Width": 40, "Actual Startup Time": 4987.955, "Actual Total Time": 4987.956, "Actual Rows": 4, "Actual Loops": 1, "Sort Key": ["(\"substring\"((public.customer.c_phone)::text, 1, 2))"], "Sort Method": "quicksort", "Sort Space Used": 25, "Sort Space Type": "Memory", "Plans": [{"Node Type": "Aggregate", "Strategy": "Plain", "Parent Relationship": "exec_init_plan", "Subplan Name": "InitPlan 1 (returns $0)", "Startup Cost": 1000007650219.14, "Total Cost": 1000007650219.15, "Plan Rows": 1, "Plan Width": 40, "Actual Startup Time": 2018.097, "Actual Total Time": 2018.099, "Actual Rows": 1, "Actual Loops": 1, "Plans": [{"Node Type": "Seq Scan", "Parent Relationship": "Outer", "Relation Name": "customer", "Alias": "customer", "Startup Cost": 10000000012.75, "Total Cost": 1000007650100.0, "Plan Rows": 47655, "Plan Width": 8, "Actual Startup Time": 0.04, "Actual Total Time": 1922.099, "Actual Rows": 218121, "Actual Loops": 1, "Filter": "((c_acctbal > 0::double precision) AND (\"substring\"((c_phone)::text, 1, 2) = ANY ('{20,40,22,30,39,42,21}'::text[])))", "Rows Removed by Filter": 1281879}]}, {"Node Type": "Aggregate", "Strategy": "Hashed", "Parent Relationship": "Outer", "Startup Cost": 1000010687458.33, "Total Cost": 1000010687458.35, "Plan Rows": 1, "Plan Width": 40, "Actual Startup Time": 4987.905, "Actual Total Time": 4987.907, "Actual Rows": 4, "Actual Loops": 1, "Group By Key": ["\"substring\"((public.customer.c_phone)::text, 1, 2)"], "Plans": [{"Node Type": "Nested Loop", "Parent Relationship": "Outer", "Join Type": "Anti", "Startup Cost": 10000000003.75, "Total Cost": 1000010687458.32, "Plan Rows": 1, "Plan Width": 24, "Actual Startup Time": 2018.334, "Actual Total Time": 4960.279, "Actual Rows": 36604, "Actual Loops": 1, "Inner Unique": false, "Plans": [{"Node Type": "Index Scan", "Parent Relationship": "Outer", "Scan Direction": "Forward", "Index Name": "customer_pkey", "Relation Name": "customer", "Alias": "customer", "Startup Cost": 10000000000.0, "Total Cost": 1000010514035.62, "Plan Rows": 17500, "Plan Width": 32, "Actual Startup Time": 2018.263, "Actual Total Time": 3830.61, "Actual Rows": 109197, "Actual Loops": 1, "Filter": "((c_acctbal > $0) AND (\"substring\"((c_phone)::text, 1, 2) = ANY ('{20,40,22,30,39,42,21}'::text[])))", "Rows Removed by Filter": 1390803}, {"Node Type": "Bitmap Heap Scan", "Parent Relationship": "Inner", "Relation Name": "orders", "Alias": "orders", "Startup Cost": 3.75, "Total Cost": 19.76, "Plan Rows": 4, "Plan Width": 8, "Actual Startup Time": 941.988, "Actual Total Time": 941.988, "Actual Rows": 72593, "Actual Loops": 109197, "Recheck Cond": "(o_custkey = public.customer.c_custkey)", "Rows Removed by Index Recheck": 0, "Exact Heap Blocks": 72593, "Lossy Heap Blocks": 72593, "Plans": [{"Node Type": "Bitmap Index Scan", "Parent Relationship": "Outer", "Index Name": "idx_orders_custkey", "Startup Cost": 0.0, "Total Cost": 3.75, "Plan Rows": 4, "Plan Width": 0, "Actual Startup Time": 583.569, "Actual Total Time": 583.569, "Actual Rows": 1091631, "Actual Loops": 109197, "Index Cond": "(o_custkey = public.customer.c_custkey)"}]}]}]}]}, "Triggers": [], "Planner Runtime": 0.731, "Total Runtime": 4988.153, "Unique SQL Id": 2798552886}}, "(64, 104)": {"explain_plan": {"Plan": {"Node Type": "Sort", "Startup Cost": 178853.67, "Total Cost": 178853.67, "Plan Rows": 1, "Plan Width": 40, "Sort Key": ["(\"substring\"((public.customer.c_phone)::text, 1, 2))"], "Plans": [{"Node Type": "Aggregate", "Strategy": "Plain", "Parent Relationship": "exec_init_plan", "Subplan Name": "InitPlan 1 (returns $0)", "Startup Cost": 76620.14, "Total Cost": 76620.15, "Plan Rows": 1, "Plan Width": 40, "Plans": [{"Node Type": "Seq Scan", "Parent Relationship": "Outer", "Relation Name": "customer", "Alias": "customer", "Startup Cost": 12.95, "Total Cost": 76501.0, "Plan Rows": 47655, "Plan Width": 8, "Filter": "((c_acctbal > 0::double precision) AND (\"substring\"((c_phone)::text, 1, 2) = ANY ('{20,40,22,30,39,42,21}'::text[])))"}]}, {"Node Type": "Aggregate", "Strategy": "Hashed", "Parent Relationship": "Outer", "Startup Cost": 102233.49, "Total Cost": 102233.51, "Plan Rows": 1, "Plan Width": 40, "Group By Key": ["\"substring\"((public.customer.c_phone)::text, 1, 2)"], "Plans": [{"Node Type": "Nested Loop", "Parent Relationship": "Outer", "Join Type": "Anti", "Startup Cost": 0.0, "Total Cost": 102233.49, "Plan Rows": 1, "Plan Width": 24, "Inner Unique": false, "Plans": [{"Node Type": "Seq Scan", "Parent Relationship": "Outer", "Relation Name": "customer", "Alias": "customer", "Startup Cost": 0.0, "Total Cost": 76501.0, "Plan Rows": 17500, "Plan Width": 32, "Filter": "((c_acctbal > $0) AND (\"substring\"((c_phone)::text, 1, 2) = ANY ('{20,40,22,30,39,42,21}'::text[])))"}, {"Node Type": "Index Only Scan", "Parent Relationship": "Inner", "Scan Direction": "Forward", "Index Name": "idx_orders_custkey", "Relation Name": "orders", "Alias": "orders", "Startup Cost": 0.0, "Total Cost": 3.79, "Plan Rows": 4, "Plan Width": 8, "Index Cond": "(o_custkey = public.customer.c_custkey)"}]}]}]}, "Unique SQL Id": 2798552886}, "explain_analyze_plan": {"Plan": {"Node Type": "Sort", "Startup Cost": 178853.67, "Total Cost": 178853.67, "Plan Rows": 1, "Plan Width": 40, "Actual Startup Time": 3874.835, "Actual Total Time": 3874.836, "Actual Rows": 4, "Actual Loops": 1, "Sort Key": ["(\"substring\"((public.customer.c_phone)::text, 1, 2))"], "Sort Method": "quicksort", "Sort Space Used": 25, "Sort Space Type": "Memory", "Plans": [{"Node Type": "Aggregate", "Strategy": "Plain", "Parent Relationship": "exec_init_plan", "Subplan Name": "InitPlan 1 (returns $0)", "Startup Cost": 76620.14, "Total Cost": 76620.15, "Plan Rows": 1, "Plan Width": 40, "Actual Startup Time": 1994.529, "Actual Total Time": 1994.529, "Actual Rows": 1, "Actual Loops": 1, "Plans": [{"Node Type": "Seq Scan", "Parent Relationship": "Outer", "Relation Name": "customer", "Alias": "customer", "Startup Cost": 12.95, "Total Cost": 76501.0, "Plan Rows": 47655, "Plan Width": 8, "Actual Startup Time": 0.029, "Actual Total Time": 1899.991, "Actual Rows": 218121, "Actual Loops": 1, "Filter": "((c_acctbal > 0::double precision) AND (\"substring\"((c_phone)::text, 1, 2) = ANY ('{20,40,22,30,39,42,21}'::text[])))", "Rows Removed by Filter": 1281879}]}, {"Node Type": "Aggregate", "Strategy": "Hashed", "Parent Relationship": "Outer", "Startup Cost": 102233.49, "Total Cost": 102233.51, "Plan Rows": 1, "Plan Width": 40, "Actual Startup Time": 3874.687, "Actual Total Time": 3874.701, "Actual Rows": 4, "Actual Loops": 1, "Group By Key": ["\"substring\"((public.customer.c_phone)::text, 1, 2)"], "Plans": [{"Node Type": "Nested Loop", "Parent Relationship": "Outer", "Join Type": "Anti", "Startup Cost": 0.0, "Total Cost": 102233.49, "Plan Rows": 1, "Plan Width": 24, "Actual Startup Time": 1994.649, "Actual Total Time": 3852.097, "Actual Rows": 36604, "Actual Loops": 1, "Inner Unique": false, "Plans": [{"Node Type": "Seq Scan", "Parent Relationship": "Outer", "Relation Name": "customer", "Alias": "customer", "Startup Cost": 0.0, "Total Cost": 76501.0, "Plan Rows": 17500, "Plan Width": 32, "Actual Startup Time": 1994.594, "Actual Total Time": 3277.642, "Actual Rows": 109197, "Actual Loops": 1, "Filter": "((c_acctbal > $0) AND (\"substring\"((c_phone)::text, 1, 2) = ANY ('{20,40,22,30,39,42,21}'::text[])))", "Rows Removed by Filter": 1390803}, {"Node Type": "Index Only Scan", "Parent Relationship": "Inner", "Scan Direction": "Forward", "Index Name": "idx_orders_custkey", "Relation Name": "orders", "Alias": "orders", "Startup Cost": 0.0, "Total Cost": 3.79, "Plan Rows": 4, "Plan Width": 8, "Actual Startup Time": 473.016, "Actual Total Time": 473.016, "Actual Rows": 72593, "Actual Loops": 109197, "Index Cond": "(o_custkey = public.customer.c_custkey)", "Rows Removed by Index Recheck": 0, "Heap Fetches": 0}]}]}]}, "Triggers": [], "Planner Runtime": 0.763, "Total Runtime": 3875.036, "Unique SQL Id": 2798552886}}, "(64, 105)": {"explain_plan": {"Plan": {"Node Type": "Sort", "Startup Cost": 1000007781092.03, "Total Cost": 1000007781092.03, "Plan Rows": 1, "Plan Width": 40, "Sort Key": ["(\"substring\"((public.customer.c_phone)::text, 1, 2))"], "Plans": [{"Node Type": "Aggregate", "Strategy": "Plain", "Parent Relationship": "exec_init_plan", "Subplan Name": "InitPlan 1 (returns $0)", "Startup Cost": 1000007650219.14, "Total Cost": 1000007650219.15, "Plan Rows": 1, "Plan Width": 40, "Plans": [{"Node Type": "Seq Scan", "Parent Relationship": "Outer", "Relation Name": "customer", "Alias": "customer", "Startup Cost": 10000000012.75, "Total Cost": 1000007650100.0, "Plan Rows": 47655, "Plan Width": 8, "Filter": "((c_acctbal > 0::double precision) AND (\"substring\"((c_phone)::text, 1, 2) = ANY ('{20,40,22,30,39,42,21}'::text[])))"}]}, {"Node Type": "Aggregate", "Strategy": "Hashed", "Parent Relationship": "Outer", "Startup Cost": 130872.85, "Total Cost": 130872.87, "Plan Rows": 1, "Plan Width": 40, "Group By Key": ["\"substring\"((public.customer.c_phone)::text, 1, 2)"], "Plans": [{"Node Type": "Nested Loop", "Parent Relationship": "Outer", "Join Type": "Anti", "Startup Cost": 0.0, "Total Cost": 130872.84, "Plan Rows": 1, "Plan Width": 24, "Inner Unique": false, "Plans": [{"Node Type": "Index Scan", "Parent Relationship": "Outer", "Scan Direction": "Forward", "Index Name": "customer_pkey", "Relation Name": "customer", "Alias": "customer", "Startup Cost": 0.0, "Total Cost": 105140.36, "Plan Rows": 17500, "Plan Width": 32, "Filter": "((c_acctbal > $0) AND (\"substring\"((c_phone)::text, 1, 2) = ANY ('{20,40,22,30,39,42,21}'::text[])))"}, {"Node Type": "Index Only Scan", "Parent Relationship": "Inner", "Scan Direction": "Forward", "Index Name": "idx_orders_custkey", "Relation Name": "orders", "Alias": "orders", "Startup Cost": 0.0, "Total Cost": 3.79, "Plan Rows": 4, "Plan Width": 8, "Index Cond": "(o_custkey = public.customer.c_custkey)"}]}]}]}, "Unique SQL Id": 2798552886}, "explain_analyze_plan": {"Plan": {"Node Type": "Sort", "Startup Cost": 1000007781092.03, "Total Cost": 1000007781092.03, "Plan Rows": 1, "Plan Width": 40, "Actual Startup Time": 4540.757, "Actual Total Time": 4540.757, "Actual Rows": 4, "Actual Loops": 1, "Sort Key": ["(\"substring\"((public.customer.c_phone)::text, 1, 2))"], "Sort Method": "quicksort", "Sort Space Used": 25, "Sort Space Type": "Memory", "Plans": [{"Node Type": "Aggregate", "Strategy": "Plain", "Parent Relationship": "exec_init_plan", "Subplan Name": "InitPlan 1 (returns $0)", "Startup Cost": 1000007650219.14, "Total Cost": 1000007650219.15, "Plan Rows": 1, "Plan Width": 40, "Actual Startup Time": 1995.612, "Actual Total Time": 1995.612, "Actual Rows": 1, "Actual Loops": 1, "Plans": [{"Node Type": "Seq Scan", "Parent Relationship": "Outer", "Relation Name": "customer", "Alias": "customer", "Startup Cost": 10000000012.75, "Total Cost": 1000007650100.0, "Plan Rows": 47655, "Plan Width": 8, "Actual Startup Time": 0.036, "Actual Total Time": 1901.667, "Actual Rows": 218121, "Actual Loops": 1, "Filter": "((c_acctbal > 0::double precision) AND (\"substring\"((c_phone)::text, 1, 2) = ANY ('{20,40,22,30,39,42,21}'::text[])))", "Rows Removed by Filter": 1281879}]}, {"Node Type": "Aggregate", "Strategy": "Hashed", "Parent Relationship": "Outer", "Startup Cost": 130872.85, "Total Cost": 130872.87, "Plan Rows": 1, "Plan Width": 40, "Actual Startup Time": 4540.614, "Actual Total Time": 4540.628, "Actual Rows": 4, "Actual Loops": 1, "Group By Key": ["\"substring\"((public.customer.c_phone)::text, 1, 2)"], "Plans": [{"Node Type": "Nested Loop", "Parent Relationship": "Outer", "Join Type": "Anti", "Startup Cost": 0.0, "Total Cost": 130872.84, "Plan Rows": 1, "Plan Width": 24, "Actual Startup Time": 1995.887, "Actual Total Time": 4518.037, "Actual Rows": 36604, "Actual Loops": 1, "Inner Unique": false, "Plans": [{"Node Type": "Index Scan", "Parent Relationship": "Outer", "Scan Direction": "Forward", "Index Name": "customer_pkey", "Relation Name": "customer", "Alias": "customer", "Startup Cost": 0.0, "Total Cost": 105140.36, "Plan Rows": 17500, "Plan Width": 32, "Actual Startup Time": 1995.824, "Actual Total Time": 3913.868, "Actual Rows": 109197, "Actual Loops": 1, "Filter": "((c_acctbal > $0) AND (\"substring\"((c_phone)::text, 1, 2) = ANY ('{20,40,22,30,39,42,21}'::text[])))", "Rows Removed by Filter": 1390803}, {"Node Type": "Index Only Scan", "Parent Relationship": "Inner", "Scan Direction": "Forward", "Index Name": "idx_orders_custkey", "Relation Name": "orders", "Alias": "orders", "Startup Cost": 0.0, "Total Cost": 3.79, "Plan Rows": 4, "Plan Width": 8, "Actual Startup Time": 500.727, "Actual Total Time": 500.727, "Actual Rows": 72593, "Actual Loops": 109197, "Index Cond": "(o_custkey = public.customer.c_custkey)", "Rows Removed by Index Recheck": 0, "Heap Fetches": 0}]}]}]}, "Triggers": [], "Planner Runtime": 0.757, "Total Runtime": 4540.956, "Unique SQL Id": 2798552886}}, "(64, 106)": {"explain_plan": {"Plan": {"Node Type": "Sort", "Startup Cost": 639751.64, "Total Cost": 639751.65, "Plan Rows": 1, "Plan Width": 40, "Sort Key": ["(\"substring\"((public.customer.c_phone)::text, 1, 2))"], "Plans": [{"Node Type": "Aggregate", "Strategy": "Plain", "Parent Relationship": "exec_init_plan", "Subplan Name": "InitPlan 1 (returns $0)", "Startup Cost": 76620.14, "Total Cost": 76620.15, "Plan Rows": 1, "Plan Width": 40, "Plans": [{"Node Type": "Seq Scan", "Parent Relationship": "Outer", "Relation Name": "customer", "Alias": "customer", "Startup Cost": 12.95, "Total Cost": 76501.0, "Plan Rows": 47655, "Plan Width": 8, "Filter": "((c_acctbal > 0::double precision) AND (\"substring\"((c_phone)::text, 1, 2) = ANY ('{20,40,22,30,39,42,21}'::text[])))"}]}, {"Node Type": "Aggregate", "Strategy": "Hashed", "Parent Relationship": "Outer", "Startup Cost": 563131.47, "Total Cost": 563131.48, "Plan Rows": 1, "Plan Width": 40, "Group By Key": ["\"substring\"((public.customer.c_phone)::text, 1, 2)"], "Plans": [{"Node Type": "Hash Join", "Parent Relationship": "Outer", "Join Type": "Right Anti", "Startup Cost": 76719.75, "Total Cost": 563131.46, "Plan Rows": 1, "Plan Width": 24, "Inner Unique": true, "Hash Cond": "(orders.o_custkey = public.customer.c_custkey)", "Plans": [{"Node Type": "Seq Scan", "Parent Relationship": "Outer", "Relation Name": "orders", "Alias": "orders", "Startup Cost": 0.0, "Total Cost": 426413.79, "Plan Rows": 14999479, "Plan Width": 8}, {"Node Type": "Hash", "Parent Relationship": "Inner", "Startup Cost": 76501.0, "Total Cost": 76501.0, "Plan Rows": 17500, "Plan Width": 32, "Plans": [{"Node Type": "Seq Scan", "Parent Relationship": "Outer", "Relation Name": "customer", "Alias": "customer", "Startup Cost": 0.0, "Total Cost": 76501.0, "Plan Rows": 17500, "Plan Width": 32, "Filter": "((c_acctbal > $0) AND (\"substring\"((c_phone)::text, 1, 2) = ANY ('{20,40,22,30,39,42,21}'::text[])))"}]}]}]}]}, "Unique SQL Id": 2798552886}, "explain_analyze_plan": null}, "(64, 107)": {"explain_plan": {"Plan": {"Node Type": "Sort", "Startup Cost": 3000063710514.98, "Total Cost": 3000063710514.98, "Plan Rows": 1, "Plan Width": 40, "Sort Key": ["(\"substring\"((public.customer.c_phone)::text, 1, 2))"], "Plans": [{"Node Type": "Aggregate", "Strategy": "Plain", "Parent Relationship": "exec_init_plan", "Subplan Name": "InitPlan 1 (returns $0)", "Startup Cost": 1000007650219.14, "Total Cost": 1000007650219.15, "Plan Rows": 1, "Plan Width": 40, "Plans": [{"Node Type": "Seq Scan", "Parent Relationship": "Outer", "Relation Name": "customer", "Alias": "customer", "Startup Cost": 10000000012.75, "Total Cost": 1000007650100.0, "Plan Rows": 47655, "Plan Width": 8, "Filter": "((c_acctbal > 0::double precision) AND (\"substring\"((c_phone)::text, 1, 2) = ANY ('{20,40,22,30,39,42,21}'::text[])))"}]}, {"Node Type": "Aggregate", "Strategy": "Hashed", "Parent Relationship": "Outer", "Startup Cost": 2000056060295.8, "Total Cost": 2000056060295.82, "Plan Rows": 1, "Plan Width": 40, "Group By Key": ["\"substring\"((public.customer.c_phone)::text, 1, 2)"], "Plans": [{"Node Type": "Hash Join", "Parent Relationship": "Outer", "Join Type": "Right Anti", "Startup Cost": 1010010514254.37, "Total Cost": 2000056060295.79, "Plan Rows": 1, "Plan Width": 24, "Inner Unique": true, "Hash Cond": "(orders.o_custkey = public.customer.c_custkey)", "Plans": [{"Node Type": "Index Only Scan", "Parent Relationship": "Outer", "Scan Direction": "Forward", "Index Name": "idx_orders_custkey", "Relation Name": "orders", "Alias": "orders", "Startup Cost": 10000000000.0, "Total Cost": 1000045486043.5, "Plan Rows": 14999479, "Plan Width": 8}, {"Node Type": "Hash", "Parent Relationship": "Inner", "Startup Cost": 1000010514035.62, "Total Cost": 1000010514035.62, "Plan Rows": 17500, "Plan Width": 32, "Plans": [{"Node Type": "Index Scan", "Parent Relationship": "Outer", "Scan Direction": "Forward", "Index Name": "customer_pkey", "Relation Name": "customer", "Alias": "customer", "Startup Cost": 10000000000.0, "Total Cost": 1000010514035.62, "Plan Rows": 17500, "Plan Width": 32, "Filter": "((c_acctbal > $0) AND (\"substring\"((c_phone)::text, 1, 2) = ANY ('{20,40,22,30,39,42,21}'::text[])))"}]}]}]}]}, "Unique SQL Id": 2798552886}, "explain_analyze_plan": null}, "(64, 108)": {"explain_plan": {"Plan": {"Node Type": "Sort", "Startup Cost": 274230.79, "Total Cost": 274230.8, "Plan Rows": 1, "Plan Width": 40, "Sort Key": ["(\"substring\"((public.customer.c_phone)::text, 1, 2))"], "Plans": [{"Node Type": "Aggregate", "Strategy": "Plain", "Parent Relationship": "exec_init_plan", "Subplan Name": "InitPlan 1 (returns $0)", "Startup Cost": 76620.14, "Total Cost": 76620.15, "Plan Rows": 1, "Plan Width": 40, "Plans": [{"Node Type": "Seq Scan", "Parent Relationship": "Outer", "Relation Name": "customer", "Alias": "customer", "Startup Cost": 12.95, "Total Cost": 76501.0, "Plan Rows": 47655, "Plan Width": 8, "Filter": "((c_acctbal > 0::double precision) AND (\"substring\"((c_phone)::text, 1, 2) = ANY ('{20,40,22,30,39,42,21}'::text[])))"}]}, {"Node Type": "Aggregate", "Strategy": "Hashed", "Parent Relationship": "Outer", "Startup Cost": 197610.62, "Total Cost": 197610.63, "Plan Rows": 1, "Plan Width": 40, "Group By Key": ["\"substring\"((public.customer.c_phone)::text, 1, 2)"], "Plans": [{"Node Type": "Nested Loop", "Parent Relationship": "Outer", "Join Type": "Anti", "Startup Cost": 0.0, "Total Cost": 197610.61, "Plan Rows": 1, "Plan Width": 24, "Inner Unique": false, "Plans": [{"Node Type": "Seq Scan", "Parent Relationship": "Outer", "Relation Name": "customer", "Alias": "customer", "Startup Cost": 0.0, "Total Cost": 76501.0, "Plan Rows": 17500, "Plan Width": 32, "Filter": "((c_acctbal > $0) AND (\"substring\"((c_phone)::text, 1, 2) = ANY ('{20,40,22,30,39,42,21}'::text[])))"}, {"Node Type": "Index Scan", "Parent Relationship": "Inner", "Scan Direction": "Forward", "Index Name": "idx_orders_custkey", "Relation Name": "orders", "Alias": "orders", "Startup Cost": 0.0, "Total Cost": 17.99, "Plan Rows": 4, "Plan Width": 8, "Index Cond": "(o_custkey = public.customer.c_custkey)"}]}]}]}, "Unique SQL Id": 2798552886}, "explain_analyze_plan": {"Plan": {"Node Type": "Sort", "Startup Cost": 274230.79, "Total Cost": 274230.8, "Plan Rows": 1, "Plan Width": 40, "Actual Startup Time": 4048.22, "Actual Total Time": 4048.22, "Actual Rows": 4, "Actual Loops": 1, "Sort Key": ["(\"substring\"((public.customer.c_phone)::text, 1, 2))"], "Sort Method": "quicksort", "Sort Space Used": 25, "Sort Space Type": "Memory", "Plans": [{"Node Type": "Aggregate", "Strategy": "Plain", "Parent Relationship": "exec_init_plan", "Subplan Name": "InitPlan 1 (returns $0)", "Startup Cost": 76620.14, "Total Cost": 76620.15, "Plan Rows": 1, "Plan Width": 40, "Actual Startup Time": 1960.504, "Actual Total Time": 1960.504, "Actual Rows": 1, "Actual Loops": 1, "Plans": [{"Node Type": "Seq Scan", "Parent Relationship": "Outer", "Relation Name": "customer", "Alias": "customer", "Startup Cost": 12.95, "Total Cost": 76501.0, "Plan Rows": 47655, "Plan Width": 8, "Actual Startup Time": 0.027, "Actual Total Time": 1865.668, "Actual Rows": 218121, "Actual Loops": 1, "Filter": "((c_acctbal > 0::double precision) AND (\"substring\"((c_phone)::text, 1, 2) = ANY ('{20,40,22,30,39,42,21}'::text[])))", "Rows Removed by Filter": 1281879}]}, {"Node Type": "Aggregate", "Strategy": "Hashed", "Parent Relationship": "Outer", "Startup Cost": 197610.62, "Total Cost": 197610.63, "Plan Rows": 1, "Plan Width": 40, "Actual Startup Time": 4048.179, "Actual Total Time": 4048.18, "Actual Rows": 4, "Actual Loops": 1, "Group By Key": ["\"substring\"((public.customer.c_phone)::text, 1, 2)"], "Plans": [{"Node Type": "Nested Loop", "Parent Relationship": "Outer", "Join Type": "Anti", "Startup Cost": 0.0, "Total Cost": 197610.61, "Plan Rows": 1, "Plan Width": 24, "Actual Startup Time": 1960.632, "Actual Total Time": 4024.922, "Actual Rows": 36604, "Actual Loops": 1, "Inner Unique": false, "Plans": [{"Node Type": "Seq Scan", "Parent Relationship": "Outer", "Relation Name": "customer", "Alias": "customer", "Startup Cost": 0.0, "Total Cost": 76501.0, "Plan Rows": 17500, "Plan Width": 32, "Actual Startup Time": 1960.572, "Actual Total Time": 3257.721, "Actual Rows": 109197, "Actual Loops": 1, "Filter": "((c_acctbal > $0) AND (\"substring\"((c_phone)::text, 1, 2) = ANY ('{20,40,22,30,39,42,21}'::text[])))", "Rows Removed by Filter": 1390803}, {"Node Type": "Index Scan", "Parent Relationship": "Inner", "Scan Direction": "Forward", "Index Name": "idx_orders_custkey", "Relation Name": "orders", "Alias": "orders", "Startup Cost": 0.0, "Total Cost": 17.99, "Plan Rows": 4, "Plan Width": 8, "Actual Startup Time": 660.636, "Actual Total Time": 660.636, "Actual Rows": 72593, "Actual Loops": 109197, "Index Cond": "(o_custkey = public.customer.c_custkey)", "Rows Removed by Index Recheck": 0}]}]}]}, "Triggers": [], "Planner Runtime": 0.759, "Total Runtime": 4048.42, "Unique SQL Id": 2798552886}}, "(64, 109)": {"explain_plan": {"Plan": {"Node Type": "Sort", "Startup Cost": 1000007876469.15, "Total Cost": 1000007876469.15, "Plan Rows": 1, "Plan Width": 40, "Sort Key": ["(\"substring\"((public.customer.c_phone)::text, 1, 2))"], "Plans": [{"Node Type": "Aggregate", "Strategy": "Plain", "Parent Relationship": "exec_init_plan", "Subplan Name": "InitPlan 1 (returns $0)", "Startup Cost": 1000007650219.14, "Total Cost": 1000007650219.15, "Plan Rows": 1, "Plan Width": 40, "Plans": [{"Node Type": "Seq Scan", "Parent Relationship": "Outer", "Relation Name": "customer", "Alias": "customer", "Startup Cost": 10000000012.75, "Total Cost": 1000007650100.0, "Plan Rows": 47655, "Plan Width": 8, "Filter": "((c_acctbal > 0::double precision) AND (\"substring\"((c_phone)::text, 1, 2) = ANY ('{20,40,22,30,39,42,21}'::text[])))"}]}, {"Node Type": "Aggregate", "Strategy": "Hashed", "Parent Relationship": "Outer", "Startup Cost": 226249.97, "Total Cost": 226249.99, "Plan Rows": 1, "Plan Width": 40, "Group By Key": ["\"substring\"((public.customer.c_phone)::text, 1, 2)"], "Plans": [{"Node Type": "Nested Loop", "Parent Relationship": "Outer", "Join Type": "Anti", "Startup Cost": 0.0, "Total Cost": 226249.97, "Plan Rows": 1, "Plan Width": 24, "Inner Unique": false, "Plans": [{"Node Type": "Index Scan", "Parent Relationship": "Outer", "Scan Direction": "Forward", "Index Name": "customer_pkey", "Relation Name": "customer", "Alias": "customer", "Startup Cost": 0.0, "Total Cost": 105140.36, "Plan Rows": 17500, "Plan Width": 32, "Filter": "((c_acctbal > $0) AND (\"substring\"((c_phone)::text, 1, 2) = ANY ('{20,40,22,30,39,42,21}'::text[])))"}, {"Node Type": "Index Scan", "Parent Relationship": "Inner", "Scan Direction": "Forward", "Index Name": "idx_orders_custkey", "Relation Name": "orders", "Alias": "orders", "Startup Cost": 0.0, "Total Cost": 17.99, "Plan Rows": 4, "Plan Width": 8, "Index Cond": "(o_custkey = public.customer.c_custkey)"}]}]}]}, "Unique SQL Id": 2798552886}, "explain_analyze_plan": {"Plan": {"Node Type": "Sort", "Startup Cost": 1000007876469.15, "Total Cost": 1000007876469.15, "Plan Rows": 1, "Plan Width": 40, "Actual Startup Time": 4342.858, "Actual Total Time": 4342.858, "Actual Rows": 4, "Actual Loops": 1, "Sort Key": ["(\"substring\"((public.customer.c_phone)::text, 1, 2))"], "Sort Method": "quicksort", "Sort Space Used": 25, "Sort Space Type": "Memory", "Plans": [{"Node Type": "Aggregate", "Strategy": "Plain", "Parent Relationship": "exec_init_plan", "Subplan Name": "InitPlan 1 (returns $0)", "Startup Cost": 1000007650219.14, "Total Cost": 1000007650219.15, "Plan Rows": 1, "Plan Width": 40, "Actual Startup Time": 1967.227, "Actual Total Time": 1967.229, "Actual Rows": 1, "Actual Loops": 1, "Plans": [{"Node Type": "Seq Scan", "Parent Relationship": "Outer", "Relation Name": "customer", "Alias": "customer", "Startup Cost": 10000000012.75, "Total Cost": 1000007650100.0, "Plan Rows": 47655, "Plan Width": 8, "Actual Startup Time": 0.033, "Actual Total Time": 1872.87, "Actual Rows": 218121, "Actual Loops": 1, "Filter": "((c_acctbal > 0::double precision) AND (\"substring\"((c_phone)::text, 1, 2) = ANY ('{20,40,22,30,39,42,21}'::text[])))", "Rows Removed by Filter": 1281879}]}, {"Node Type": "Aggregate", "Strategy": "Hashed", "Parent Relationship": "Outer", "Startup Cost": 226249.97, "Total Cost": 226249.99, "Plan Rows": 1, "Plan Width": 40, "Actual Startup Time": 4342.811, "Actual Total Time": 4342.814, "Actual Rows": 4, "Actual Loops": 1, "Group By Key": ["\"substring\"((public.customer.c_phone)::text, 1, 2)"], "Plans": [{"Node Type": "Nested Loop", "Parent Relationship": "Outer", "Join Type": "Anti", "Startup Cost": 0.0, "Total Cost": 226249.97, "Plan Rows": 1, "Plan Width": 24, "Actual Startup Time": 1967.46, "Actual Total Time": 4319.835, "Actual Rows": 36604, "Actual Loops": 1, "Inner Unique": false, "Plans": [{"Node Type": "Index Scan", "Parent Relationship": "Outer", "Scan Direction": "Forward", "Index Name": "customer_pkey", "Relation Name": "customer", "Alias": "customer", "Startup Cost": 0.0, "Total Cost": 105140.36, "Plan Rows": 17500, "Plan Width": 32, "Actual Startup Time": 1967.405, "Actual Total Time": 3680.796, "Actual Rows": 109197, "Actual Loops": 1, "Filter": "((c_acctbal > $0) AND (\"substring\"((c_phone)::text, 1, 2) = ANY ('{20,40,22,30,39,42,21}'::text[])))", "Rows Removed by Filter": 1390803}, {"Node Type": "Index Scan", "Parent Relationship": "Inner", "Scan Direction": "Forward", "Index Name": "idx_orders_custkey", "Relation Name": "orders", "Alias": "orders", "Startup Cost": 0.0, "Total Cost": 17.99, "Plan Rows": 4, "Plan Width": 8, "Actual Startup Time": 530.764, "Actual Total Time": 530.764, "Actual Rows": 72593, "Actual Loops": 109197, "Index Cond": "(o_custkey = public.customer.c_custkey)", "Rows Removed by Index Recheck": 0}]}]}]}, "Triggers": [], "Planner Runtime": 0.769, "Total Runtime": 4343.034, "Unique SQL Id": 2798552886}}, "(64, 110)": {"explain_plan": {"Plan": {"Node Type": "Sort", "Startup Cost": 639751.64, "Total Cost": 639751.65, "Plan Rows": 1, "Plan Width": 40, "Sort Key": ["(\"substring\"((public.customer.c_phone)::text, 1, 2))"], "Plans": [{"Node Type": "Aggregate", "Strategy": "Plain", "Parent Relationship": "exec_init_plan", "Subplan Name": "InitPlan 1 (returns $0)", "Startup Cost": 76620.14, "Total Cost": 76620.15, "Plan Rows": 1, "Plan Width": 40, "Plans": [{"Node Type": "Seq Scan", "Parent Relationship": "Outer", "Relation Name": "customer", "Alias": "customer", "Startup Cost": 12.95, "Total Cost": 76501.0, "Plan Rows": 47655, "Plan Width": 8, "Filter": "((c_acctbal > 0::double precision) AND (\"substring\"((c_phone)::text, 1, 2) = ANY ('{20,40,22,30,39,42,21}'::text[])))"}]}, {"Node Type": "Aggregate", "Strategy": "Hashed", "Parent Relationship": "Outer", "Startup Cost": 563131.47, "Total Cost": 563131.48, "Plan Rows": 1, "Plan Width": 40, "Group By Key": ["\"substring\"((public.customer.c_phone)::text, 1, 2)"], "Plans": [{"Node Type": "Hash Join", "Parent Relationship": "Outer", "Join Type": "Right Anti", "Startup Cost": 76719.75, "Total Cost": 563131.46, "Plan Rows": 1, "Plan Width": 24, "Inner Unique": true, "Hash Cond": "(orders.o_custkey = public.customer.c_custkey)", "Plans": [{"Node Type": "Seq Scan", "Parent Relationship": "Outer", "Relation Name": "orders", "Alias": "orders", "Startup Cost": 0.0, "Total Cost": 426413.79, "Plan Rows": 14999479, "Plan Width": 8}, {"Node Type": "Hash", "Parent Relationship": "Inner", "Startup Cost": 76501.0, "Total Cost": 76501.0, "Plan Rows": 17500, "Plan Width": 32, "Plans": [{"Node Type": "Seq Scan", "Parent Relationship": "Outer", "Relation Name": "customer", "Alias": "customer", "Startup Cost": 0.0, "Total Cost": 76501.0, "Plan Rows": 17500, "Plan Width": 32, "Filter": "((c_acctbal > $0) AND (\"substring\"((c_phone)::text, 1, 2) = ANY ('{20,40,22,30,39,42,21}'::text[])))"}]}]}]}]}, "Unique SQL Id": 2798552886}, "explain_analyze_plan": null}, "(64, 111)": {"explain_plan": {"Plan": {"Node Type": "Sort", "Startup Cost": 3000174276000.56, "Total Cost": 3000174276000.56, "Plan Rows": 1, "Plan Width": 40, "Sort Key": ["(\"substring\"((public.customer.c_phone)::text, 1, 2))"], "Plans": [{"Node Type": "Aggregate", "Strategy": "Plain", "Parent Relationship": "exec_init_plan", "Subplan Name": "InitPlan 1 (returns $0)", "Startup Cost": 1000007650219.14, "Total Cost": 1000007650219.15, "Plan Rows": 1, "Plan Width": 40, "Plans": [{"Node Type": "Seq Scan", "Parent Relationship": "Outer", "Relation Name": "customer", "Alias": "customer", "Startup Cost": 10000000012.75, "Total Cost": 1000007650100.0, "Plan Rows": 47655, "Plan Width": 8, "Filter": "((c_acctbal > 0::double precision) AND (\"substring\"((c_phone)::text, 1, 2) = ANY ('{20,40,22,30,39,42,21}'::text[])))"}]}, {"Node Type": "Aggregate", "Strategy": "Hashed", "Parent Relationship": "Outer", "Startup Cost": 2000166625781.38, "Total Cost": 2000166625781.4, "Plan Rows": 1, "Plan Width": 40, "Group By Key": ["\"substring\"((public.customer.c_phone)::text, 1, 2)"], "Plans": [{"Node Type": "Hash Join", "Parent Relationship": "Outer", "Join Type": "Right Anti", "Startup Cost": 1010010514254.37, "Total Cost": 2000166625781.38, "Plan Rows": 1, "Plan Width": 24, "Inner Unique": true, "Hash Cond": "(orders.o_custkey = public.customer.c_custkey)", "Plans": [{"Node Type": "Index Scan", "Parent Relationship": "Outer", "Scan Direction": "Forward", "Index Name": "idx_orders_custkey", "Relation Name": "orders", "Alias": "orders", "Startup Cost": 10000000000.0, "Total Cost": 1000156051529.08, "Plan Rows": 14999479, "Plan Width": 8}, {"Node Type": "Hash", "Parent Relationship": "Inner", "Startup Cost": 1000010514035.62, "Total Cost": 1000010514035.62, "Plan Rows": 17500, "Plan Width": 32, "Plans": [{"Node Type": "Index Scan", "Parent Relationship": "Outer", "Scan Direction": "Forward", "Index Name": "customer_pkey", "Relation Name": "customer", "Alias": "customer", "Startup Cost": 10000000000.0, "Total Cost": 1000010514035.62, "Plan Rows": 17500, "Plan Width": 32, "Filter": "((c_acctbal > $0) AND (\"substring\"((c_phone)::text, 1, 2) = ANY ('{20,40,22,30,39,42,21}'::text[])))"}]}]}]}]}, "Unique SQL Id": 2798552886}, "explain_analyze_plan": null}, "(64, 112)": {"explain_plan": {"Plan": {"Node Type": "Sort", "Startup Cost": 178853.67, "Total Cost": 178853.67, "Plan Rows": 1, "Plan Width": 40, "Sort Key": ["(\"substring\"((public.customer.c_phone)::text, 1, 2))"], "Plans": [{"Node Type": "Aggregate", "Strategy": "Plain", "Parent Relationship": "exec_init_plan", "Subplan Name": "InitPlan 1 (returns $0)", "Startup Cost": 76620.14, "Total Cost": 76620.15, "Plan Rows": 1, "Plan Width": 40, "Plans": [{"Node Type": "Seq Scan", "Parent Relationship": "Outer", "Relation Name": "customer", "Alias": "customer", "Startup Cost": 12.95, "Total Cost": 76501.0, "Plan Rows": 47655, "Plan Width": 8, "Filter": "((c_acctbal > 0::double precision) AND (\"substring\"((c_phone)::text, 1, 2) = ANY ('{20,40,22,30,39,42,21}'::text[])))"}]}, {"Node Type": "Aggregate", "Strategy": "Hashed", "Parent Relationship": "Outer", "Startup Cost": 102233.49, "Total Cost": 102233.51, "Plan Rows": 1, "Plan Width": 40, "Group By Key": ["\"substring\"((public.customer.c_phone)::text, 1, 2)"], "Plans": [{"Node Type": "Nested Loop", "Parent Relationship": "Outer", "Join Type": "Anti", "Startup Cost": 0.0, "Total Cost": 102233.49, "Plan Rows": 1, "Plan Width": 24, "Inner Unique": false, "Plans": [{"Node Type": "Seq Scan", "Parent Relationship": "Outer", "Relation Name": "customer", "Alias": "customer", "Startup Cost": 0.0, "Total Cost": 76501.0, "Plan Rows": 17500, "Plan Width": 32, "Filter": "((c_acctbal > $0) AND (\"substring\"((c_phone)::text, 1, 2) = ANY ('{20,40,22,30,39,42,21}'::text[])))"}, {"Node Type": "Index Only Scan", "Parent Relationship": "Inner", "Scan Direction": "Forward", "Index Name": "idx_orders_custkey", "Relation Name": "orders", "Alias": "orders", "Startup Cost": 0.0, "Total Cost": 3.79, "Plan Rows": 4, "Plan Width": 8, "Index Cond": "(o_custkey = public.customer.c_custkey)"}]}]}]}, "Unique SQL Id": 2798552886}, "explain_analyze_plan": {"Plan": {"Node Type": "Sort", "Startup Cost": 178853.67, "Total Cost": 178853.67, "Plan Rows": 1, "Plan Width": 40, "Actual Startup Time": 3874.835, "Actual Total Time": 3874.836, "Actual Rows": 4, "Actual Loops": 1, "Sort Key": ["(\"substring\"((public.customer.c_phone)::text, 1, 2))"], "Sort Method": "quicksort", "Sort Space Used": 25, "Sort Space Type": "Memory", "Plans": [{"Node Type": "Aggregate", "Strategy": "Plain", "Parent Relationship": "exec_init_plan", "Subplan Name": "InitPlan 1 (returns $0)", "Startup Cost": 76620.14, "Total Cost": 76620.15, "Plan Rows": 1, "Plan Width": 40, "Actual Startup Time": 1994.529, "Actual Total Time": 1994.529, "Actual Rows": 1, "Actual Loops": 1, "Plans": [{"Node Type": "Seq Scan", "Parent Relationship": "Outer", "Relation Name": "customer", "Alias": "customer", "Startup Cost": 12.95, "Total Cost": 76501.0, "Plan Rows": 47655, "Plan Width": 8, "Actual Startup Time": 0.029, "Actual Total Time": 1899.991, "Actual Rows": 218121, "Actual Loops": 1, "Filter": "((c_acctbal > 0::double precision) AND (\"substring\"((c_phone)::text, 1, 2) = ANY ('{20,40,22,30,39,42,21}'::text[])))", "Rows Removed by Filter": 1281879}]}, {"Node Type": "Aggregate", "Strategy": "Hashed", "Parent Relationship": "Outer", "Startup Cost": 102233.49, "Total Cost": 102233.51, "Plan Rows": 1, "Plan Width": 40, "Actual Startup Time": 3874.687, "Actual Total Time": 3874.701, "Actual Rows": 4, "Actual Loops": 1, "Group By Key": ["\"substring\"((public.customer.c_phone)::text, 1, 2)"], "Plans": [{"Node Type": "Nested Loop", "Parent Relationship": "Outer", "Join Type": "Anti", "Startup Cost": 0.0, "Total Cost": 102233.49, "Plan Rows": 1, "Plan Width": 24, "Actual Startup Time": 1994.649, "Actual Total Time": 3852.097, "Actual Rows": 36604, "Actual Loops": 1, "Inner Unique": false, "Plans": [{"Node Type": "Seq Scan", "Parent Relationship": "Outer", "Relation Name": "customer", "Alias": "customer", "Startup Cost": 0.0, "Total Cost": 76501.0, "Plan Rows": 17500, "Plan Width": 32, "Actual Startup Time": 1994.594, "Actual Total Time": 3277.642, "Actual Rows": 109197, "Actual Loops": 1, "Filter": "((c_acctbal > $0) AND (\"substring\"((c_phone)::text, 1, 2) = ANY ('{20,40,22,30,39,42,21}'::text[])))", "Rows Removed by Filter": 1390803}, {"Node Type": "Index Only Scan", "Parent Relationship": "Inner", "Scan Direction": "Forward", "Index Name": "idx_orders_custkey", "Relation Name": "orders", "Alias": "orders", "Startup Cost": 0.0, "Total Cost": 3.79, "Plan Rows": 4, "Plan Width": 8, "Actual Startup Time": 473.016, "Actual Total Time": 473.016, "Actual Rows": 72593, "Actual Loops": 109197, "Index Cond": "(o_custkey = public.customer.c_custkey)", "Rows Removed by Index Recheck": 0, "Heap Fetches": 0}]}]}]}, "Triggers": [], "Planner Runtime": 0.763, "Total Runtime": 3875.036, "Unique SQL Id": 2798552886}}, "(64, 113)": {"explain_plan": {"Plan": {"Node Type": "Sort", "Startup Cost": 1000007781092.03, "Total Cost": 1000007781092.03, "Plan Rows": 1, "Plan Width": 40, "Sort Key": ["(\"substring\"((public.customer.c_phone)::text, 1, 2))"], "Plans": [{"Node Type": "Aggregate", "Strategy": "Plain", "Parent Relationship": "exec_init_plan", "Subplan Name": "InitPlan 1 (returns $0)", "Startup Cost": 1000007650219.14, "Total Cost": 1000007650219.15, "Plan Rows": 1, "Plan Width": 40, "Plans": [{"Node Type": "Seq Scan", "Parent Relationship": "Outer", "Relation Name": "customer", "Alias": "customer", "Startup Cost": 10000000012.75, "Total Cost": 1000007650100.0, "Plan Rows": 47655, "Plan Width": 8, "Filter": "((c_acctbal > 0::double precision) AND (\"substring\"((c_phone)::text, 1, 2) = ANY ('{20,40,22,30,39,42,21}'::text[])))"}]}, {"Node Type": "Aggregate", "Strategy": "Hashed", "Parent Relationship": "Outer", "Startup Cost": 130872.85, "Total Cost": 130872.87, "Plan Rows": 1, "Plan Width": 40, "Group By Key": ["\"substring\"((public.customer.c_phone)::text, 1, 2)"], "Plans": [{"Node Type": "Nested Loop", "Parent Relationship": "Outer", "Join Type": "Anti", "Startup Cost": 0.0, "Total Cost": 130872.84, "Plan Rows": 1, "Plan Width": 24, "Inner Unique": false, "Plans": [{"Node Type": "Index Scan", "Parent Relationship": "Outer", "Scan Direction": "Forward", "Index Name": "customer_pkey", "Relation Name": "customer", "Alias": "customer", "Startup Cost": 0.0, "Total Cost": 105140.36, "Plan Rows": 17500, "Plan Width": 32, "Filter": "((c_acctbal > $0) AND (\"substring\"((c_phone)::text, 1, 2) = ANY ('{20,40,22,30,39,42,21}'::text[])))"}, {"Node Type": "Index Only Scan", "Parent Relationship": "Inner", "Scan Direction": "Forward", "Index Name": "idx_orders_custkey", "Relation Name": "orders", "Alias": "orders", "Startup Cost": 0.0, "Total Cost": 3.79, "Plan Rows": 4, "Plan Width": 8, "Index Cond": "(o_custkey = public.customer.c_custkey)"}]}]}]}, "Unique SQL Id": 2798552886}, "explain_analyze_plan": {"Plan": {"Node Type": "Sort", "Startup Cost": 1000007781092.03, "Total Cost": 1000007781092.03, "Plan Rows": 1, "Plan Width": 40, "Actual Startup Time": 4540.757, "Actual Total Time": 4540.757, "Actual Rows": 4, "Actual Loops": 1, "Sort Key": ["(\"substring\"((public.customer.c_phone)::text, 1, 2))"], "Sort Method": "quicksort", "Sort Space Used": 25, "Sort Space Type": "Memory", "Plans": [{"Node Type": "Aggregate", "Strategy": "Plain", "Parent Relationship": "exec_init_plan", "Subplan Name": "InitPlan 1 (returns $0)", "Startup Cost": 1000007650219.14, "Total Cost": 1000007650219.15, "Plan Rows": 1, "Plan Width": 40, "Actual Startup Time": 1995.612, "Actual Total Time": 1995.612, "Actual Rows": 1, "Actual Loops": 1, "Plans": [{"Node Type": "Seq Scan", "Parent Relationship": "Outer", "Relation Name": "customer", "Alias": "customer", "Startup Cost": 10000000012.75, "Total Cost": 1000007650100.0, "Plan Rows": 47655, "Plan Width": 8, "Actual Startup Time": 0.036, "Actual Total Time": 1901.667, "Actual Rows": 218121, "Actual Loops": 1, "Filter": "((c_acctbal > 0::double precision) AND (\"substring\"((c_phone)::text, 1, 2) = ANY ('{20,40,22,30,39,42,21}'::text[])))", "Rows Removed by Filter": 1281879}]}, {"Node Type": "Aggregate", "Strategy": "Hashed", "Parent Relationship": "Outer", "Startup Cost": 130872.85, "Total Cost": 130872.87, "Plan Rows": 1, "Plan Width": 40, "Actual Startup Time": 4540.614, "Actual Total Time": 4540.628, "Actual Rows": 4, "Actual Loops": 1, "Group By Key": ["\"substring\"((public.customer.c_phone)::text, 1, 2)"], "Plans": [{"Node Type": "Nested Loop", "Parent Relationship": "Outer", "Join Type": "Anti", "Startup Cost": 0.0, "Total Cost": 130872.84, "Plan Rows": 1, "Plan Width": 24, "Actual Startup Time": 1995.887, "Actual Total Time": 4518.037, "Actual Rows": 36604, "Actual Loops": 1, "Inner Unique": false, "Plans": [{"Node Type": "Index Scan", "Parent Relationship": "Outer", "Scan Direction": "Forward", "Index Name": "customer_pkey", "Relation Name": "customer", "Alias": "customer", "Startup Cost": 0.0, "Total Cost": 105140.36, "Plan Rows": 17500, "Plan Width": 32, "Actual Startup Time": 1995.824, "Actual Total Time": 3913.868, "Actual Rows": 109197, "Actual Loops": 1, "Filter": "((c_acctbal > $0) AND (\"substring\"((c_phone)::text, 1, 2) = ANY ('{20,40,22,30,39,42,21}'::text[])))", "Rows Removed by Filter": 1390803}, {"Node Type": "Index Only Scan", "Parent Relationship": "Inner", "Scan Direction": "Forward", "Index Name": "idx_orders_custkey", "Relation Name": "orders", "Alias": "orders", "Startup Cost": 0.0, "Total Cost": 3.79, "Plan Rows": 4, "Plan Width": 8, "Actual Startup Time": 500.727, "Actual Total Time": 500.727, "Actual Rows": 72593, "Actual Loops": 109197, "Index Cond": "(o_custkey = public.customer.c_custkey)", "Rows Removed by Index Recheck": 0, "Heap Fetches": 0}]}]}]}, "Triggers": [], "Planner Runtime": 0.757, "Total Runtime": 4540.956, "Unique SQL Id": 2798552886}}, "(64, 114)": {"explain_plan": {"Plan": {"Node Type": "Sort", "Startup Cost": 326543.88, "Total Cost": 326543.89, "Plan Rows": 1, "Plan Width": 40, "Sort Key": ["(\"substring\"((public.customer.c_phone)::text, 1, 2))"], "Plans": [{"Node Type": "Aggregate", "Strategy": "Plain", "Parent Relationship": "exec_init_plan", "Subplan Name": "InitPlan 1 (returns $0)", "Startup Cost": 76620.14, "Total Cost": 76620.15, "Plan Rows": 1, "Plan Width": 40, "Plans": [{"Node Type": "Seq Scan", "Parent Relationship": "Outer", "Relation Name": "customer", "Alias": "customer", "Startup Cost": 12.95, "Total Cost": 76501.0, "Plan Rows": 47655, "Plan Width": 8, "Filter": "((c_acctbal > 0::double precision) AND (\"substring\"((c_phone)::text, 1, 2) = ANY ('{20,40,22,30,39,42,21}'::text[])))"}]}, {"Node Type": "Aggregate", "Strategy": "Hashed", "Parent Relationship": "Outer", "Startup Cost": 249923.71, "Total Cost": 249923.72, "Plan Rows": 1, "Plan Width": 40, "Group By Key": ["\"substring\"((public.customer.c_phone)::text, 1, 2)"], "Plans": [{"Node Type": "Nested Loop", "Parent Relationship": "Outer", "Join Type": "Anti", "Startup Cost": 3.75, "Total Cost": 249923.7, "Plan Rows": 1, "Plan Width": 24, "Inner Unique": false, "Plans": [{"Node Type": "Seq Scan", "Parent Relationship": "Outer", "Relation Name": "customer", "Alias": "customer", "Startup Cost": 0.0, "Total Cost": 76501.0, "Plan Rows": 17500, "Plan Width": 32, "Filter": "((c_acctbal > $0) AND (\"substring\"((c_phone)::text, 1, 2) = ANY ('{20,40,22,30,39,42,21}'::text[])))"}, {"Node Type": "Bitmap Heap Scan", "Parent Relationship": "Inner", "Relation Name": "orders", "Alias": "orders", "Startup Cost": 3.75, "Total Cost": 19.76, "Plan Rows": 4, "Plan Width": 8, "Recheck Cond": "(o_custkey = public.customer.c_custkey)", "Plans": [{"Node Type": "Bitmap Index Scan", "Parent Relationship": "Outer", "Index Name": "idx_orders_custkey", "Startup Cost": 0.0, "Total Cost": 3.75, "Plan Rows": 4, "Plan Width": 0, "Index Cond": "(o_custkey = public.customer.c_custkey)"}]}]}]}]}, "Unique SQL Id": 2798552886}, "explain_analyze_plan": {"Plan": {"Node Type": "Sort", "Startup Cost": 326543.88, "Total Cost": 326543.89, "Plan Rows": 1, "Plan Width": 40, "Actual Startup Time": 4414.71, "Actual Total Time": 4414.711, "Actual Rows": 4, "Actual Loops": 1, "Sort Key": ["(\"substring\"((public.customer.c_phone)::text, 1, 2))"], "Sort Method": "quicksort", "Sort Space Used": 25, "Sort Space Type": "Memory", "Plans": [{"Node Type": "Aggregate", "Strategy": "Plain", "Parent Relationship": "exec_init_plan", "Subplan Name": "InitPlan 1 (returns $0)", "Startup Cost": 76620.14, "Total Cost": 76620.15, "Plan Rows": 1, "Plan Width": 40, "Actual Startup Time": 1995.799, "Actual Total Time": 1995.799, "Actual Rows": 1, "Actual Loops": 1, "Plans": [{"Node Type": "Seq Scan", "Parent Relationship": "Outer", "Relation Name": "customer", "Alias": "customer", "Startup Cost": 12.95, "Total Cost": 76501.0, "Plan Rows": 47655, "Plan Width": 8, "Actual Startup Time": 0.031, "Actual Total Time": 1901.337, "Actual Rows": 218121, "Actual Loops": 1, "Filter": "((c_acctbal > 0::double precision) AND (\"substring\"((c_phone)::text, 1, 2) = ANY ('{20,40,22,30,39,42,21}'::text[])))", "Rows Removed by Filter": 1281879}]}, {"Node Type": "Aggregate", "Strategy": "Hashed", "Parent Relationship": "Outer", "Startup Cost": 249923.71, "Total Cost": 249923.72, "Plan Rows": 1, "Plan Width": 40, "Actual Startup Time": 4414.669, "Actual Total Time": 4414.669, "Actual Rows": 4, "Actual Loops": 1, "Group By Key": ["\"substring\"((public.customer.c_phone)::text, 1, 2)"], "Plans": [{"Node Type": "Nested Loop", "Parent Relationship": "Outer", "Join Type": "Anti", "Startup Cost": 3.75, "Total Cost": 249923.7, "Plan Rows": 1, "Plan Width": 24, "Actual Startup Time": 1995.923, "Actual Total Time": 4387.776, "Actual Rows": 36604, "Actual Loops": 1, "Inner Unique": false, "Plans": [{"Node Type": "Seq Scan", "Parent Relationship": "Outer", "Relation Name": "customer", "Alias": "customer", "Startup Cost": 0.0, "Total Cost": 76501.0, "Plan Rows": 17500, "Plan Width": 32, "Actual Startup Time": 1995.862, "Actual Total Time": 3284.286, "Actual Rows": 109197, "Actual Loops": 1, "Filter": "((c_acctbal > $0) AND (\"substring\"((c_phone)::text, 1, 2) = ANY ('{20,40,22,30,39,42,21}'::text[])))", "Rows Removed by Filter": 1390803}, {"Node Type": "Bitmap Heap Scan", "Parent Relationship": "Inner", "Relation Name": "orders", "Alias": "orders", "Startup Cost": 3.75, "Total Cost": 19.76, "Plan Rows": 4, "Plan Width": 8, "Actual Startup Time": 918.298, "Actual Total Time": 918.298, "Actual Rows": 72593, "Actual Loops": 109197, "Recheck Cond": "(o_custkey = public.customer.c_custkey)", "Rows Removed by Index Recheck": 0, "Exact Heap Blocks": 72593, "Lossy Heap Blocks": 72593, "Plans": [{"Node Type": "Bitmap Index Scan", "Parent Relationship": "Outer", "Index Name": "idx_orders_custkey", "Startup Cost": 0.0, "Total Cost": 3.75, "Plan Rows": 4, "Plan Width": 0, "Actual Startup Time": 572.408, "Actual Total Time": 572.408, "Actual Rows": 1091631, "Actual Loops": 109197, "Index Cond": "(o_custkey = public.customer.c_custkey)"}]}]}]}]}, "Triggers": [], "Planner Runtime": 0.77, "Total Runtime": 4415.004, "Unique SQL Id": 2798552886}}, "(64, 115)": {"explain_plan": {"Plan": {"Node Type": "Sort", "Startup Cost": 2000018337677.51, "Total Cost": 2000018337677.51, "Plan Rows": 1, "Plan Width": 40, "Sort Key": ["(\"substring\"((public.customer.c_phone)::text, 1, 2))"], "Plans": [{"Node Type": "Aggregate", "Strategy": "Plain", "Parent Relationship": "exec_init_plan", "Subplan Name": "InitPlan 1 (returns $0)", "Startup Cost": 1000007650219.14, "Total Cost": 1000007650219.15, "Plan Rows": 1, "Plan Width": 40, "Plans": [{"Node Type": "Seq Scan", "Parent Relationship": "Outer", "Relation Name": "customer", "Alias": "customer", "Startup Cost": 10000000012.75, "Total Cost": 1000007650100.0, "Plan Rows": 47655, "Plan Width": 8, "Filter": "((c_acctbal > 0::double precision) AND (\"substring\"((c_phone)::text, 1, 2) = ANY ('{20,40,22,30,39,42,21}'::text[])))"}]}, {"Node Type": "Aggregate", "Strategy": "Hashed", "Parent Relationship": "Outer", "Startup Cost": 1000010687458.33, "Total Cost": 1000010687458.35, "Plan Rows": 1, "Plan Width": 40, "Group By Key": ["\"substring\"((public.customer.c_phone)::text, 1, 2)"], "Plans": [{"Node Type": "Nested Loop", "Parent Relationship": "Outer", "Join Type": "Anti", "Startup Cost": 10000000003.75, "Total Cost": 1000010687458.32, "Plan Rows": 1, "Plan Width": 24, "Inner Unique": false, "Plans": [{"Node Type": "Index Scan", "Parent Relationship": "Outer", "Scan Direction": "Forward", "Index Name": "customer_pkey", "Relation Name": "customer", "Alias": "customer", "Startup Cost": 10000000000.0, "Total Cost": 1000010514035.62, "Plan Rows": 17500, "Plan Width": 32, "Filter": "((c_acctbal > $0) AND (\"substring\"((c_phone)::text, 1, 2) = ANY ('{20,40,22,30,39,42,21}'::text[])))"}, {"Node Type": "Bitmap Heap Scan", "Parent Relationship": "Inner", "Relation Name": "orders", "Alias": "orders", "Startup Cost": 3.75, "Total Cost": 19.76, "Plan Rows": 4, "Plan Width": 8, "Recheck Cond": "(o_custkey = public.customer.c_custkey)", "Plans": [{"Node Type": "Bitmap Index Scan", "Parent Relationship": "Outer", "Index Name": "idx_orders_custkey", "Startup Cost": 0.0, "Total Cost": 3.75, "Plan Rows": 4, "Plan Width": 0, "Index Cond": "(o_custkey = public.customer.c_custkey)"}]}]}]}]}, "Unique SQL Id": 2798552886}, "explain_analyze_plan": {"Plan": {"Node Type": "Sort", "Startup Cost": 2000018337677.51, "Total Cost": 2000018337677.51, "Plan Rows": 1, "Plan Width": 40, "Actual Startup Time": 4987.955, "Actual Total Time": 4987.956, "Actual Rows": 4, "Actual Loops": 1, "Sort Key": ["(\"substring\"((public.customer.c_phone)::text, 1, 2))"], "Sort Method": "quicksort", "Sort Space Used": 25, "Sort Space Type": "Memory", "Plans": [{"Node Type": "Aggregate", "Strategy": "Plain", "Parent Relationship": "exec_init_plan", "Subplan Name": "InitPlan 1 (returns $0)", "Startup Cost": 1000007650219.14, "Total Cost": 1000007650219.15, "Plan Rows": 1, "Plan Width": 40, "Actual Startup Time": 2018.097, "Actual Total Time": 2018.099, "Actual Rows": 1, "Actual Loops": 1, "Plans": [{"Node Type": "Seq Scan", "Parent Relationship": "Outer", "Relation Name": "customer", "Alias": "customer", "Startup Cost": 10000000012.75, "Total Cost": 1000007650100.0, "Plan Rows": 47655, "Plan Width": 8, "Actual Startup Time": 0.04, "Actual Total Time": 1922.099, "Actual Rows": 218121, "Actual Loops": 1, "Filter": "((c_acctbal > 0::double precision) AND (\"substring\"((c_phone)::text, 1, 2) = ANY ('{20,40,22,30,39,42,21}'::text[])))", "Rows Removed by Filter": 1281879}]}, {"Node Type": "Aggregate", "Strategy": "Hashed", "Parent Relationship": "Outer", "Startup Cost": 1000010687458.33, "Total Cost": 1000010687458.35, "Plan Rows": 1, "Plan Width": 40, "Actual Startup Time": 4987.905, "Actual Total Time": 4987.907, "Actual Rows": 4, "Actual Loops": 1, "Group By Key": ["\"substring\"((public.customer.c_phone)::text, 1, 2)"], "Plans": [{"Node Type": "Nested Loop", "Parent Relationship": "Outer", "Join Type": "Anti", "Startup Cost": 10000000003.75, "Total Cost": 1000010687458.32, "Plan Rows": 1, "Plan Width": 24, "Actual Startup Time": 2018.334, "Actual Total Time": 4960.279, "Actual Rows": 36604, "Actual Loops": 1, "Inner Unique": false, "Plans": [{"Node Type": "Index Scan", "Parent Relationship": "Outer", "Scan Direction": "Forward", "Index Name": "customer_pkey", "Relation Name": "customer", "Alias": "customer", "Startup Cost": 10000000000.0, "Total Cost": 1000010514035.62, "Plan Rows": 17500, "Plan Width": 32, "Actual Startup Time": 2018.263, "Actual Total Time": 3830.61, "Actual Rows": 109197, "Actual Loops": 1, "Filter": "((c_acctbal > $0) AND (\"substring\"((c_phone)::text, 1, 2) = ANY ('{20,40,22,30,39,42,21}'::text[])))", "Rows Removed by Filter": 1390803}, {"Node Type": "Bitmap Heap Scan", "Parent Relationship": "Inner", "Relation Name": "orders", "Alias": "orders", "Startup Cost": 3.75, "Total Cost": 19.76, "Plan Rows": 4, "Plan Width": 8, "Actual Startup Time": 941.988, "Actual Total Time": 941.988, "Actual Rows": 72593, "Actual Loops": 109197, "Recheck Cond": "(o_custkey = public.customer.c_custkey)", "Rows Removed by Index Recheck": 0, "Exact Heap Blocks": 72593, "Lossy Heap Blocks": 72593, "Plans": [{"Node Type": "Bitmap Index Scan", "Parent Relationship": "Outer", "Index Name": "idx_orders_custkey", "Startup Cost": 0.0, "Total Cost": 3.75, "Plan Rows": 4, "Plan Width": 0, "Actual Startup Time": 583.569, "Actual Total Time": 583.569, "Actual Rows": 1091631, "Actual Loops": 109197, "Index Cond": "(o_custkey = public.customer.c_custkey)"}]}]}]}]}, "Triggers": [], "Planner Runtime": 0.731, "Total Runtime": 4988.153, "Unique SQL Id": 2798552886}}, "(64, 116)": {"explain_plan": {"Plan": {"Node Type": "Sort", "Startup Cost": 274230.79, "Total Cost": 274230.8, "Plan Rows": 1, "Plan Width": 40, "Sort Key": ["(\"substring\"((public.customer.c_phone)::text, 1, 2))"], "Plans": [{"Node Type": "Aggregate", "Strategy": "Plain", "Parent Relationship": "exec_init_plan", "Subplan Name": "InitPlan 1 (returns $0)", "Startup Cost": 76620.14, "Total Cost": 76620.15, "Plan Rows": 1, "Plan Width": 40, "Plans": [{"Node Type": "Seq Scan", "Parent Relationship": "Outer", "Relation Name": "customer", "Alias": "customer", "Startup Cost": 12.95, "Total Cost": 76501.0, "Plan Rows": 47655, "Plan Width": 8, "Filter": "((c_acctbal > 0::double precision) AND (\"substring\"((c_phone)::text, 1, 2) = ANY ('{20,40,22,30,39,42,21}'::text[])))"}]}, {"Node Type": "Aggregate", "Strategy": "Hashed", "Parent Relationship": "Outer", "Startup Cost": 197610.62, "Total Cost": 197610.63, "Plan Rows": 1, "Plan Width": 40, "Group By Key": ["\"substring\"((public.customer.c_phone)::text, 1, 2)"], "Plans": [{"Node Type": "Nested Loop", "Parent Relationship": "Outer", "Join Type": "Anti", "Startup Cost": 0.0, "Total Cost": 197610.61, "Plan Rows": 1, "Plan Width": 24, "Inner Unique": false, "Plans": [{"Node Type": "Seq Scan", "Parent Relationship": "Outer", "Relation Name": "customer", "Alias": "customer", "Startup Cost": 0.0, "Total Cost": 76501.0, "Plan Rows": 17500, "Plan Width": 32, "Filter": "((c_acctbal > $0) AND (\"substring\"((c_phone)::text, 1, 2) = ANY ('{20,40,22,30,39,42,21}'::text[])))"}, {"Node Type": "Index Scan", "Parent Relationship": "Inner", "Scan Direction": "Forward", "Index Name": "idx_orders_custkey", "Relation Name": "orders", "Alias": "orders", "Startup Cost": 0.0, "Total Cost": 17.99, "Plan Rows": 4, "Plan Width": 8, "Index Cond": "(o_custkey = public.customer.c_custkey)"}]}]}]}, "Unique SQL Id": 2798552886}, "explain_analyze_plan": {"Plan": {"Node Type": "Sort", "Startup Cost": 274230.79, "Total Cost": 274230.8, "Plan Rows": 1, "Plan Width": 40, "Actual Startup Time": 4048.22, "Actual Total Time": 4048.22, "Actual Rows": 4, "Actual Loops": 1, "Sort Key": ["(\"substring\"((public.customer.c_phone)::text, 1, 2))"], "Sort Method": "quicksort", "Sort Space Used": 25, "Sort Space Type": "Memory", "Plans": [{"Node Type": "Aggregate", "Strategy": "Plain", "Parent Relationship": "exec_init_plan", "Subplan Name": "InitPlan 1 (returns $0)", "Startup Cost": 76620.14, "Total Cost": 76620.15, "Plan Rows": 1, "Plan Width": 40, "Actual Startup Time": 1960.504, "Actual Total Time": 1960.504, "Actual Rows": 1, "Actual Loops": 1, "Plans": [{"Node Type": "Seq Scan", "Parent Relationship": "Outer", "Relation Name": "customer", "Alias": "customer", "Startup Cost": 12.95, "Total Cost": 76501.0, "Plan Rows": 47655, "Plan Width": 8, "Actual Startup Time": 0.027, "Actual Total Time": 1865.668, "Actual Rows": 218121, "Actual Loops": 1, "Filter": "((c_acctbal > 0::double precision) AND (\"substring\"((c_phone)::text, 1, 2) = ANY ('{20,40,22,30,39,42,21}'::text[])))", "Rows Removed by Filter": 1281879}]}, {"Node Type": "Aggregate", "Strategy": "Hashed", "Parent Relationship": "Outer", "Startup Cost": 197610.62, "Total Cost": 197610.63, "Plan Rows": 1, "Plan Width": 40, "Actual Startup Time": 4048.179, "Actual Total Time": 4048.18, "Actual Rows": 4, "Actual Loops": 1, "Group By Key": ["\"substring\"((public.customer.c_phone)::text, 1, 2)"], "Plans": [{"Node Type": "Nested Loop", "Parent Relationship": "Outer", "Join Type": "Anti", "Startup Cost": 0.0, "Total Cost": 197610.61, "Plan Rows": 1, "Plan Width": 24, "Actual Startup Time": 1960.632, "Actual Total Time": 4024.922, "Actual Rows": 36604, "Actual Loops": 1, "Inner Unique": false, "Plans": [{"Node Type": "Seq Scan", "Parent Relationship": "Outer", "Relation Name": "customer", "Alias": "customer", "Startup Cost": 0.0, "Total Cost": 76501.0, "Plan Rows": 17500, "Plan Width": 32, "Actual Startup Time": 1960.572, "Actual Total Time": 3257.721, "Actual Rows": 109197, "Actual Loops": 1, "Filter": "((c_acctbal > $0) AND (\"substring\"((c_phone)::text, 1, 2) = ANY ('{20,40,22,30,39,42,21}'::text[])))", "Rows Removed by Filter": 1390803}, {"Node Type": "Index Scan", "Parent Relationship": "Inner", "Scan Direction": "Forward", "Index Name": "idx_orders_custkey", "Relation Name": "orders", "Alias": "orders", "Startup Cost": 0.0, "Total Cost": 17.99, "Plan Rows": 4, "Plan Width": 8, "Actual Startup Time": 660.636, "Actual Total Time": 660.636, "Actual Rows": 72593, "Actual Loops": 109197, "Index Cond": "(o_custkey = public.customer.c_custkey)", "Rows Removed by Index Recheck": 0}]}]}]}, "Triggers": [], "Planner Runtime": 0.759, "Total Runtime": 4048.42, "Unique SQL Id": 2798552886}}, "(64, 117)": {"explain_plan": {"Plan": {"Node Type": "Sort", "Startup Cost": 1000007876469.15, "Total Cost": 1000007876469.15, "Plan Rows": 1, "Plan Width": 40, "Sort Key": ["(\"substring\"((public.customer.c_phone)::text, 1, 2))"], "Plans": [{"Node Type": "Aggregate", "Strategy": "Plain", "Parent Relationship": "exec_init_plan", "Subplan Name": "InitPlan 1 (returns $0)", "Startup Cost": 1000007650219.14, "Total Cost": 1000007650219.15, "Plan Rows": 1, "Plan Width": 40, "Plans": [{"Node Type": "Seq Scan", "Parent Relationship": "Outer", "Relation Name": "customer", "Alias": "customer", "Startup Cost": 10000000012.75, "Total Cost": 1000007650100.0, "Plan Rows": 47655, "Plan Width": 8, "Filter": "((c_acctbal > 0::double precision) AND (\"substring\"((c_phone)::text, 1, 2) = ANY ('{20,40,22,30,39,42,21}'::text[])))"}]}, {"Node Type": "Aggregate", "Strategy": "Hashed", "Parent Relationship": "Outer", "Startup Cost": 226249.97, "Total Cost": 226249.99, "Plan Rows": 1, "Plan Width": 40, "Group By Key": ["\"substring\"((public.customer.c_phone)::text, 1, 2)"], "Plans": [{"Node Type": "Nested Loop", "Parent Relationship": "Outer", "Join Type": "Anti", "Startup Cost": 0.0, "Total Cost": 226249.97, "Plan Rows": 1, "Plan Width": 24, "Inner Unique": false, "Plans": [{"Node Type": "Index Scan", "Parent Relationship": "Outer", "Scan Direction": "Forward", "Index Name": "customer_pkey", "Relation Name": "customer", "Alias": "customer", "Startup Cost": 0.0, "Total Cost": 105140.36, "Plan Rows": 17500, "Plan Width": 32, "Filter": "((c_acctbal > $0) AND (\"substring\"((c_phone)::text, 1, 2) = ANY ('{20,40,22,30,39,42,21}'::text[])))"}, {"Node Type": "Index Scan", "Parent Relationship": "Inner", "Scan Direction": "Forward", "Index Name": "idx_orders_custkey", "Relation Name": "orders", "Alias": "orders", "Startup Cost": 0.0, "Total Cost": 17.99, "Plan Rows": 4, "Plan Width": 8, "Index Cond": "(o_custkey = public.customer.c_custkey)"}]}]}]}, "Unique SQL Id": 2798552886}, "explain_analyze_plan": {"Plan": {"Node Type": "Sort", "Startup Cost": 1000007876469.15, "Total Cost": 1000007876469.15, "Plan Rows": 1, "Plan Width": 40, "Actual Startup Time": 4342.858, "Actual Total Time": 4342.858, "Actual Rows": 4, "Actual Loops": 1, "Sort Key": ["(\"substring\"((public.customer.c_phone)::text, 1, 2))"], "Sort Method": "quicksort", "Sort Space Used": 25, "Sort Space Type": "Memory", "Plans": [{"Node Type": "Aggregate", "Strategy": "Plain", "Parent Relationship": "exec_init_plan", "Subplan Name": "InitPlan 1 (returns $0)", "Startup Cost": 1000007650219.14, "Total Cost": 1000007650219.15, "Plan Rows": 1, "Plan Width": 40, "Actual Startup Time": 1967.227, "Actual Total Time": 1967.229, "Actual Rows": 1, "Actual Loops": 1, "Plans": [{"Node Type": "Seq Scan", "Parent Relationship": "Outer", "Relation Name": "customer", "Alias": "customer", "Startup Cost": 10000000012.75, "Total Cost": 1000007650100.0, "Plan Rows": 47655, "Plan Width": 8, "Actual Startup Time": 0.033, "Actual Total Time": 1872.87, "Actual Rows": 218121, "Actual Loops": 1, "Filter": "((c_acctbal > 0::double precision) AND (\"substring\"((c_phone)::text, 1, 2) = ANY ('{20,40,22,30,39,42,21}'::text[])))", "Rows Removed by Filter": 1281879}]}, {"Node Type": "Aggregate", "Strategy": "Hashed", "Parent Relationship": "Outer", "Startup Cost": 226249.97, "Total Cost": 226249.99, "Plan Rows": 1, "Plan Width": 40, "Actual Startup Time": 4342.811, "Actual Total Time": 4342.814, "Actual Rows": 4, "Actual Loops": 1, "Group By Key": ["\"substring\"((public.customer.c_phone)::text, 1, 2)"], "Plans": [{"Node Type": "Nested Loop", "Parent Relationship": "Outer", "Join Type": "Anti", "Startup Cost": 0.0, "Total Cost": 226249.97, "Plan Rows": 1, "Plan Width": 24, "Actual Startup Time": 1967.46, "Actual Total Time": 4319.835, "Actual Rows": 36604, "Actual Loops": 1, "Inner Unique": false, "Plans": [{"Node Type": "Index Scan", "Parent Relationship": "Outer", "Scan Direction": "Forward", "Index Name": "customer_pkey", "Relation Name": "customer", "Alias": "customer", "Startup Cost": 0.0, "Total Cost": 105140.36, "Plan Rows": 17500, "Plan Width": 32, "Actual Startup Time": 1967.405, "Actual Total Time": 3680.796, "Actual Rows": 109197, "Actual Loops": 1, "Filter": "((c_acctbal > $0) AND (\"substring\"((c_phone)::text, 1, 2) = ANY ('{20,40,22,30,39,42,21}'::text[])))", "Rows Removed by Filter": 1390803}, {"Node Type": "Index Scan", "Parent Relationship": "Inner", "Scan Direction": "Forward", "Index Name": "idx_orders_custkey", "Relation Name": "orders", "Alias": "orders", "Startup Cost": 0.0, "Total Cost": 17.99, "Plan Rows": 4, "Plan Width": 8, "Actual Startup Time": 530.764, "Actual Total Time": 530.764, "Actual Rows": 72593, "Actual Loops": 109197, "Index Cond": "(o_custkey = public.customer.c_custkey)", "Rows Removed by Index Recheck": 0}]}]}]}, "Triggers": [], "Planner Runtime": 0.769, "Total Runtime": 4343.034, "Unique SQL Id": 2798552886}}, "(64, 118)": {"explain_plan": {"Plan": {"Node Type": "Sort", "Startup Cost": 326543.88, "Total Cost": 326543.89, "Plan Rows": 1, "Plan Width": 40, "Sort Key": ["(\"substring\"((public.customer.c_phone)::text, 1, 2))"], "Plans": [{"Node Type": "Aggregate", "Strategy": "Plain", "Parent Relationship": "exec_init_plan", "Subplan Name": "InitPlan 1 (returns $0)", "Startup Cost": 76620.14, "Total Cost": 76620.15, "Plan Rows": 1, "Plan Width": 40, "Plans": [{"Node Type": "Seq Scan", "Parent Relationship": "Outer", "Relation Name": "customer", "Alias": "customer", "Startup Cost": 12.95, "Total Cost": 76501.0, "Plan Rows": 47655, "Plan Width": 8, "Filter": "((c_acctbal > 0::double precision) AND (\"substring\"((c_phone)::text, 1, 2) = ANY ('{20,40,22,30,39,42,21}'::text[])))"}]}, {"Node Type": "Aggregate", "Strategy": "Hashed", "Parent Relationship": "Outer", "Startup Cost": 249923.71, "Total Cost": 249923.72, "Plan Rows": 1, "Plan Width": 40, "Group By Key": ["\"substring\"((public.customer.c_phone)::text, 1, 2)"], "Plans": [{"Node Type": "Nested Loop", "Parent Relationship": "Outer", "Join Type": "Anti", "Startup Cost": 3.75, "Total Cost": 249923.7, "Plan Rows": 1, "Plan Width": 24, "Inner Unique": false, "Plans": [{"Node Type": "Seq Scan", "Parent Relationship": "Outer", "Relation Name": "customer", "Alias": "customer", "Startup Cost": 0.0, "Total Cost": 76501.0, "Plan Rows": 17500, "Plan Width": 32, "Filter": "((c_acctbal > $0) AND (\"substring\"((c_phone)::text, 1, 2) = ANY ('{20,40,22,30,39,42,21}'::text[])))"}, {"Node Type": "Bitmap Heap Scan", "Parent Relationship": "Inner", "Relation Name": "orders", "Alias": "orders", "Startup Cost": 3.75, "Total Cost": 19.76, "Plan Rows": 4, "Plan Width": 8, "Recheck Cond": "(o_custkey = public.customer.c_custkey)", "Plans": [{"Node Type": "Bitmap Index Scan", "Parent Relationship": "Outer", "Index Name": "idx_orders_custkey", "Startup Cost": 0.0, "Total Cost": 3.75, "Plan Rows": 4, "Plan Width": 0, "Index Cond": "(o_custkey = public.customer.c_custkey)"}]}]}]}]}, "Unique SQL Id": 2798552886}, "explain_analyze_plan": {"Plan": {"Node Type": "Sort", "Startup Cost": 326543.88, "Total Cost": 326543.89, "Plan Rows": 1, "Plan Width": 40, "Actual Startup Time": 4414.71, "Actual Total Time": 4414.711, "Actual Rows": 4, "Actual Loops": 1, "Sort Key": ["(\"substring\"((public.customer.c_phone)::text, 1, 2))"], "Sort Method": "quicksort", "Sort Space Used": 25, "Sort Space Type": "Memory", "Plans": [{"Node Type": "Aggregate", "Strategy": "Plain", "Parent Relationship": "exec_init_plan", "Subplan Name": "InitPlan 1 (returns $0)", "Startup Cost": 76620.14, "Total Cost": 76620.15, "Plan Rows": 1, "Plan Width": 40, "Actual Startup Time": 1995.799, "Actual Total Time": 1995.799, "Actual Rows": 1, "Actual Loops": 1, "Plans": [{"Node Type": "Seq Scan", "Parent Relationship": "Outer", "Relation Name": "customer", "Alias": "customer", "Startup Cost": 12.95, "Total Cost": 76501.0, "Plan Rows": 47655, "Plan Width": 8, "Actual Startup Time": 0.031, "Actual Total Time": 1901.337, "Actual Rows": 218121, "Actual Loops": 1, "Filter": "((c_acctbal > 0::double precision) AND (\"substring\"((c_phone)::text, 1, 2) = ANY ('{20,40,22,30,39,42,21}'::text[])))", "Rows Removed by Filter": 1281879}]}, {"Node Type": "Aggregate", "Strategy": "Hashed", "Parent Relationship": "Outer", "Startup Cost": 249923.71, "Total Cost": 249923.72, "Plan Rows": 1, "Plan Width": 40, "Actual Startup Time": 4414.669, "Actual Total Time": 4414.669, "Actual Rows": 4, "Actual Loops": 1, "Group By Key": ["\"substring\"((public.customer.c_phone)::text, 1, 2)"], "Plans": [{"Node Type": "Nested Loop", "Parent Relationship": "Outer", "Join Type": "Anti", "Startup Cost": 3.75, "Total Cost": 249923.7, "Plan Rows": 1, "Plan Width": 24, "Actual Startup Time": 1995.923, "Actual Total Time": 4387.776, "Actual Rows": 36604, "Actual Loops": 1, "Inner Unique": false, "Plans": [{"Node Type": "Seq Scan", "Parent Relationship": "Outer", "Relation Name": "customer", "Alias": "customer", "Startup Cost": 0.0, "Total Cost": 76501.0, "Plan Rows": 17500, "Plan Width": 32, "Actual Startup Time": 1995.862, "Actual Total Time": 3284.286, "Actual Rows": 109197, "Actual Loops": 1, "Filter": "((c_acctbal > $0) AND (\"substring\"((c_phone)::text, 1, 2) = ANY ('{20,40,22,30,39,42,21}'::text[])))", "Rows Removed by Filter": 1390803}, {"Node Type": "Bitmap Heap Scan", "Parent Relationship": "Inner", "Relation Name": "orders", "Alias": "orders", "Startup Cost": 3.75, "Total Cost": 19.76, "Plan Rows": 4, "Plan Width": 8, "Actual Startup Time": 918.298, "Actual Total Time": 918.298, "Actual Rows": 72593, "Actual Loops": 109197, "Recheck Cond": "(o_custkey = public.customer.c_custkey)", "Rows Removed by Index Recheck": 0, "Exact Heap Blocks": 72593, "Lossy Heap Blocks": 72593, "Plans": [{"Node Type": "Bitmap Index Scan", "Parent Relationship": "Outer", "Index Name": "idx_orders_custkey", "Startup Cost": 0.0, "Total Cost": 3.75, "Plan Rows": 4, "Plan Width": 0, "Actual Startup Time": 572.408, "Actual Total Time": 572.408, "Actual Rows": 1091631, "Actual Loops": 109197, "Index Cond": "(o_custkey = public.customer.c_custkey)"}]}]}]}]}, "Triggers": [], "Planner Runtime": 0.77, "Total Runtime": 4415.004, "Unique SQL Id": 2798552886}}, "(64, 119)": {"explain_plan": {"Plan": {"Node Type": "Sort", "Startup Cost": 2000018337677.51, "Total Cost": 2000018337677.51, "Plan Rows": 1, "Plan Width": 40, "Sort Key": ["(\"substring\"((public.customer.c_phone)::text, 1, 2))"], "Plans": [{"Node Type": "Aggregate", "Strategy": "Plain", "Parent Relationship": "exec_init_plan", "Subplan Name": "InitPlan 1 (returns $0)", "Startup Cost": 1000007650219.14, "Total Cost": 1000007650219.15, "Plan Rows": 1, "Plan Width": 40, "Plans": [{"Node Type": "Seq Scan", "Parent Relationship": "Outer", "Relation Name": "customer", "Alias": "customer", "Startup Cost": 10000000012.75, "Total Cost": 1000007650100.0, "Plan Rows": 47655, "Plan Width": 8, "Filter": "((c_acctbal > 0::double precision) AND (\"substring\"((c_phone)::text, 1, 2) = ANY ('{20,40,22,30,39,42,21}'::text[])))"}]}, {"Node Type": "Aggregate", "Strategy": "Hashed", "Parent Relationship": "Outer", "Startup Cost": 1000010687458.33, "Total Cost": 1000010687458.35, "Plan Rows": 1, "Plan Width": 40, "Group By Key": ["\"substring\"((public.customer.c_phone)::text, 1, 2)"], "Plans": [{"Node Type": "Nested Loop", "Parent Relationship": "Outer", "Join Type": "Anti", "Startup Cost": 10000000003.75, "Total Cost": 1000010687458.32, "Plan Rows": 1, "Plan Width": 24, "Inner Unique": false, "Plans": [{"Node Type": "Index Scan", "Parent Relationship": "Outer", "Scan Direction": "Forward", "Index Name": "customer_pkey", "Relation Name": "customer", "Alias": "customer", "Startup Cost": 10000000000.0, "Total Cost": 1000010514035.62, "Plan Rows": 17500, "Plan Width": 32, "Filter": "((c_acctbal > $0) AND (\"substring\"((c_phone)::text, 1, 2) = ANY ('{20,40,22,30,39,42,21}'::text[])))"}, {"Node Type": "Bitmap Heap Scan", "Parent Relationship": "Inner", "Relation Name": "orders", "Alias": "orders", "Startup Cost": 3.75, "Total Cost": 19.76, "Plan Rows": 4, "Plan Width": 8, "Recheck Cond": "(o_custkey = public.customer.c_custkey)", "Plans": [{"Node Type": "Bitmap Index Scan", "Parent Relationship": "Outer", "Index Name": "idx_orders_custkey", "Startup Cost": 0.0, "Total Cost": 3.75, "Plan Rows": 4, "Plan Width": 0, "Index Cond": "(o_custkey = public.customer.c_custkey)"}]}]}]}]}, "Unique SQL Id": 2798552886}, "explain_analyze_plan": {"Plan": {"Node Type": "Sort", "Startup Cost": 2000018337677.51, "Total Cost": 2000018337677.51, "Plan Rows": 1, "Plan Width": 40, "Actual Startup Time": 4987.955, "Actual Total Time": 4987.956, "Actual Rows": 4, "Actual Loops": 1, "Sort Key": ["(\"substring\"((public.customer.c_phone)::text, 1, 2))"], "Sort Method": "quicksort", "Sort Space Used": 25, "Sort Space Type": "Memory", "Plans": [{"Node Type": "Aggregate", "Strategy": "Plain", "Parent Relationship": "exec_init_plan", "Subplan Name": "InitPlan 1 (returns $0)", "Startup Cost": 1000007650219.14, "Total Cost": 1000007650219.15, "Plan Rows": 1, "Plan Width": 40, "Actual Startup Time": 2018.097, "Actual Total Time": 2018.099, "Actual Rows": 1, "Actual Loops": 1, "Plans": [{"Node Type": "Seq Scan", "Parent Relationship": "Outer", "Relation Name": "customer", "Alias": "customer", "Startup Cost": 10000000012.75, "Total Cost": 1000007650100.0, "Plan Rows": 47655, "Plan Width": 8, "Actual Startup Time": 0.04, "Actual Total Time": 1922.099, "Actual Rows": 218121, "Actual Loops": 1, "Filter": "((c_acctbal > 0::double precision) AND (\"substring\"((c_phone)::text, 1, 2) = ANY ('{20,40,22,30,39,42,21}'::text[])))", "Rows Removed by Filter": 1281879}]}, {"Node Type": "Aggregate", "Strategy": "Hashed", "Parent Relationship": "Outer", "Startup Cost": 1000010687458.33, "Total Cost": 1000010687458.35, "Plan Rows": 1, "Plan Width": 40, "Actual Startup Time": 4987.905, "Actual Total Time": 4987.907, "Actual Rows": 4, "Actual Loops": 1, "Group By Key": ["\"substring\"((public.customer.c_phone)::text, 1, 2)"], "Plans": [{"Node Type": "Nested Loop", "Parent Relationship": "Outer", "Join Type": "Anti", "Startup Cost": 10000000003.75, "Total Cost": 1000010687458.32, "Plan Rows": 1, "Plan Width": 24, "Actual Startup Time": 2018.334, "Actual Total Time": 4960.279, "Actual Rows": 36604, "Actual Loops": 1, "Inner Unique": false, "Plans": [{"Node Type": "Index Scan", "Parent Relationship": "Outer", "Scan Direction": "Forward", "Index Name": "customer_pkey", "Relation Name": "customer", "Alias": "customer", "Startup Cost": 10000000000.0, "Total Cost": 1000010514035.62, "Plan Rows": 17500, "Plan Width": 32, "Actual Startup Time": 2018.263, "Actual Total Time": 3830.61, "Actual Rows": 109197, "Actual Loops": 1, "Filter": "((c_acctbal > $0) AND (\"substring\"((c_phone)::text, 1, 2) = ANY ('{20,40,22,30,39,42,21}'::text[])))", "Rows Removed by Filter": 1390803}, {"Node Type": "Bitmap Heap Scan", "Parent Relationship": "Inner", "Relation Name": "orders", "Alias": "orders", "Startup Cost": 3.75, "Total Cost": 19.76, "Plan Rows": 4, "Plan Width": 8, "Actual Startup Time": 941.988, "Actual Total Time": 941.988, "Actual Rows": 72593, "Actual Loops": 109197, "Recheck Cond": "(o_custkey = public.customer.c_custkey)", "Rows Removed by Index Recheck": 0, "Exact Heap Blocks": 72593, "Lossy Heap Blocks": 72593, "Plans": [{"Node Type": "Bitmap Index Scan", "Parent Relationship": "Outer", "Index Name": "idx_orders_custkey", "Startup Cost": 0.0, "Total Cost": 3.75, "Plan Rows": 4, "Plan Width": 0, "Actual Startup Time": 583.569, "Actual Total Time": 583.569, "Actual Rows": 1091631, "Actual Loops": 109197, "Index Cond": "(o_custkey = public.customer.c_custkey)"}]}]}]}]}, "Triggers": [], "Planner Runtime": 0.731, "Total Runtime": 4988.153, "Unique SQL Id": 2798552886}}, "(64, 120)": {"explain_plan": {"Plan": {"Node Type": "Sort", "Startup Cost": 178853.67, "Total Cost": 178853.67, "Plan Rows": 1, "Plan Width": 40, "Sort Key": ["(\"substring\"((public.customer.c_phone)::text, 1, 2))"], "Plans": [{"Node Type": "Aggregate", "Strategy": "Plain", "Parent Relationship": "exec_init_plan", "Subplan Name": "InitPlan 1 (returns $0)", "Startup Cost": 76620.14, "Total Cost": 76620.15, "Plan Rows": 1, "Plan Width": 40, "Plans": [{"Node Type": "Seq Scan", "Parent Relationship": "Outer", "Relation Name": "customer", "Alias": "customer", "Startup Cost": 12.95, "Total Cost": 76501.0, "Plan Rows": 47655, "Plan Width": 8, "Filter": "((c_acctbal > 0::double precision) AND (\"substring\"((c_phone)::text, 1, 2) = ANY ('{20,40,22,30,39,42,21}'::text[])))"}]}, {"Node Type": "Aggregate", "Strategy": "Hashed", "Parent Relationship": "Outer", "Startup Cost": 102233.49, "Total Cost": 102233.51, "Plan Rows": 1, "Plan Width": 40, "Group By Key": ["\"substring\"((public.customer.c_phone)::text, 1, 2)"], "Plans": [{"Node Type": "Nested Loop", "Parent Relationship": "Outer", "Join Type": "Anti", "Startup Cost": 0.0, "Total Cost": 102233.49, "Plan Rows": 1, "Plan Width": 24, "Inner Unique": false, "Plans": [{"Node Type": "Seq Scan", "Parent Relationship": "Outer", "Relation Name": "customer", "Alias": "customer", "Startup Cost": 0.0, "Total Cost": 76501.0, "Plan Rows": 17500, "Plan Width": 32, "Filter": "((c_acctbal > $0) AND (\"substring\"((c_phone)::text, 1, 2) = ANY ('{20,40,22,30,39,42,21}'::text[])))"}, {"Node Type": "Index Only Scan", "Parent Relationship": "Inner", "Scan Direction": "Forward", "Index Name": "idx_orders_custkey", "Relation Name": "orders", "Alias": "orders", "Startup Cost": 0.0, "Total Cost": 3.79, "Plan Rows": 4, "Plan Width": 8, "Index Cond": "(o_custkey = public.customer.c_custkey)"}]}]}]}, "Unique SQL Id": 2798552886}, "explain_analyze_plan": {"Plan": {"Node Type": "Sort", "Startup Cost": 178853.67, "Total Cost": 178853.67, "Plan Rows": 1, "Plan Width": 40, "Actual Startup Time": 3874.835, "Actual Total Time": 3874.836, "Actual Rows": 4, "Actual Loops": 1, "Sort Key": ["(\"substring\"((public.customer.c_phone)::text, 1, 2))"], "Sort Method": "quicksort", "Sort Space Used": 25, "Sort Space Type": "Memory", "Plans": [{"Node Type": "Aggregate", "Strategy": "Plain", "Parent Relationship": "exec_init_plan", "Subplan Name": "InitPlan 1 (returns $0)", "Startup Cost": 76620.14, "Total Cost": 76620.15, "Plan Rows": 1, "Plan Width": 40, "Actual Startup Time": 1994.529, "Actual Total Time": 1994.529, "Actual Rows": 1, "Actual Loops": 1, "Plans": [{"Node Type": "Seq Scan", "Parent Relationship": "Outer", "Relation Name": "customer", "Alias": "customer", "Startup Cost": 12.95, "Total Cost": 76501.0, "Plan Rows": 47655, "Plan Width": 8, "Actual Startup Time": 0.029, "Actual Total Time": 1899.991, "Actual Rows": 218121, "Actual Loops": 1, "Filter": "((c_acctbal > 0::double precision) AND (\"substring\"((c_phone)::text, 1, 2) = ANY ('{20,40,22,30,39,42,21}'::text[])))", "Rows Removed by Filter": 1281879}]}, {"Node Type": "Aggregate", "Strategy": "Hashed", "Parent Relationship": "Outer", "Startup Cost": 102233.49, "Total Cost": 102233.51, "Plan Rows": 1, "Plan Width": 40, "Actual Startup Time": 3874.687, "Actual Total Time": 3874.701, "Actual Rows": 4, "Actual Loops": 1, "Group By Key": ["\"substring\"((public.customer.c_phone)::text, 1, 2)"], "Plans": [{"Node Type": "Nested Loop", "Parent Relationship": "Outer", "Join Type": "Anti", "Startup Cost": 0.0, "Total Cost": 102233.49, "Plan Rows": 1, "Plan Width": 24, "Actual Startup Time": 1994.649, "Actual Total Time": 3852.097, "Actual Rows": 36604, "Actual Loops": 1, "Inner Unique": false, "Plans": [{"Node Type": "Seq Scan", "Parent Relationship": "Outer", "Relation Name": "customer", "Alias": "customer", "Startup Cost": 0.0, "Total Cost": 76501.0, "Plan Rows": 17500, "Plan Width": 32, "Actual Startup Time": 1994.594, "Actual Total Time": 3277.642, "Actual Rows": 109197, "Actual Loops": 1, "Filter": "((c_acctbal > $0) AND (\"substring\"((c_phone)::text, 1, 2) = ANY ('{20,40,22,30,39,42,21}'::text[])))", "Rows Removed by Filter": 1390803}, {"Node Type": "Index Only Scan", "Parent Relationship": "Inner", "Scan Direction": "Forward", "Index Name": "idx_orders_custkey", "Relation Name": "orders", "Alias": "orders", "Startup Cost": 0.0, "Total Cost": 3.79, "Plan Rows": 4, "Plan Width": 8, "Actual Startup Time": 473.016, "Actual Total Time": 473.016, "Actual Rows": 72593, "Actual Loops": 109197, "Index Cond": "(o_custkey = public.customer.c_custkey)", "Rows Removed by Index Recheck": 0, "Heap Fetches": 0}]}]}]}, "Triggers": [], "Planner Runtime": 0.763, "Total Runtime": 3875.036, "Unique SQL Id": 2798552886}}, "(64, 121)": {"explain_plan": {"Plan": {"Node Type": "Sort", "Startup Cost": 1000007781092.03, "Total Cost": 1000007781092.03, "Plan Rows": 1, "Plan Width": 40, "Sort Key": ["(\"substring\"((public.customer.c_phone)::text, 1, 2))"], "Plans": [{"Node Type": "Aggregate", "Strategy": "Plain", "Parent Relationship": "exec_init_plan", "Subplan Name": "InitPlan 1 (returns $0)", "Startup Cost": 1000007650219.14, "Total Cost": 1000007650219.15, "Plan Rows": 1, "Plan Width": 40, "Plans": [{"Node Type": "Seq Scan", "Parent Relationship": "Outer", "Relation Name": "customer", "Alias": "customer", "Startup Cost": 10000000012.75, "Total Cost": 1000007650100.0, "Plan Rows": 47655, "Plan Width": 8, "Filter": "((c_acctbal > 0::double precision) AND (\"substring\"((c_phone)::text, 1, 2) = ANY ('{20,40,22,30,39,42,21}'::text[])))"}]}, {"Node Type": "Aggregate", "Strategy": "Hashed", "Parent Relationship": "Outer", "Startup Cost": 130872.85, "Total Cost": 130872.87, "Plan Rows": 1, "Plan Width": 40, "Group By Key": ["\"substring\"((public.customer.c_phone)::text, 1, 2)"], "Plans": [{"Node Type": "Nested Loop", "Parent Relationship": "Outer", "Join Type": "Anti", "Startup Cost": 0.0, "Total Cost": 130872.84, "Plan Rows": 1, "Plan Width": 24, "Inner Unique": false, "Plans": [{"Node Type": "Index Scan", "Parent Relationship": "Outer", "Scan Direction": "Forward", "Index Name": "customer_pkey", "Relation Name": "customer", "Alias": "customer", "Startup Cost": 0.0, "Total Cost": 105140.36, "Plan Rows": 17500, "Plan Width": 32, "Filter": "((c_acctbal > $0) AND (\"substring\"((c_phone)::text, 1, 2) = ANY ('{20,40,22,30,39,42,21}'::text[])))"}, {"Node Type": "Index Only Scan", "Parent Relationship": "Inner", "Scan Direction": "Forward", "Index Name": "idx_orders_custkey", "Relation Name": "orders", "Alias": "orders", "Startup Cost": 0.0, "Total Cost": 3.79, "Plan Rows": 4, "Plan Width": 8, "Index Cond": "(o_custkey = public.customer.c_custkey)"}]}]}]}, "Unique SQL Id": 2798552886}, "explain_analyze_plan": {"Plan": {"Node Type": "Sort", "Startup Cost": 1000007781092.03, "Total Cost": 1000007781092.03, "Plan Rows": 1, "Plan Width": 40, "Actual Startup Time": 4540.757, "Actual Total Time": 4540.757, "Actual Rows": 4, "Actual Loops": 1, "Sort Key": ["(\"substring\"((public.customer.c_phone)::text, 1, 2))"], "Sort Method": "quicksort", "Sort Space Used": 25, "Sort Space Type": "Memory", "Plans": [{"Node Type": "Aggregate", "Strategy": "Plain", "Parent Relationship": "exec_init_plan", "Subplan Name": "InitPlan 1 (returns $0)", "Startup Cost": 1000007650219.14, "Total Cost": 1000007650219.15, "Plan Rows": 1, "Plan Width": 40, "Actual Startup Time": 1995.612, "Actual Total Time": 1995.612, "Actual Rows": 1, "Actual Loops": 1, "Plans": [{"Node Type": "Seq Scan", "Parent Relationship": "Outer", "Relation Name": "customer", "Alias": "customer", "Startup Cost": 10000000012.75, "Total Cost": 1000007650100.0, "Plan Rows": 47655, "Plan Width": 8, "Actual Startup Time": 0.036, "Actual Total Time": 1901.667, "Actual Rows": 218121, "Actual Loops": 1, "Filter": "((c_acctbal > 0::double precision) AND (\"substring\"((c_phone)::text, 1, 2) = ANY ('{20,40,22,30,39,42,21}'::text[])))", "Rows Removed by Filter": 1281879}]}, {"Node Type": "Aggregate", "Strategy": "Hashed", "Parent Relationship": "Outer", "Startup Cost": 130872.85, "Total Cost": 130872.87, "Plan Rows": 1, "Plan Width": 40, "Actual Startup Time": 4540.614, "Actual Total Time": 4540.628, "Actual Rows": 4, "Actual Loops": 1, "Group By Key": ["\"substring\"((public.customer.c_phone)::text, 1, 2)"], "Plans": [{"Node Type": "Nested Loop", "Parent Relationship": "Outer", "Join Type": "Anti", "Startup Cost": 0.0, "Total Cost": 130872.84, "Plan Rows": 1, "Plan Width": 24, "Actual Startup Time": 1995.887, "Actual Total Time": 4518.037, "Actual Rows": 36604, "Actual Loops": 1, "Inner Unique": false, "Plans": [{"Node Type": "Index Scan", "Parent Relationship": "Outer", "Scan Direction": "Forward", "Index Name": "customer_pkey", "Relation Name": "customer", "Alias": "customer", "Startup Cost": 0.0, "Total Cost": 105140.36, "Plan Rows": 17500, "Plan Width": 32, "Actual Startup Time": 1995.824, "Actual Total Time": 3913.868, "Actual Rows": 109197, "Actual Loops": 1, "Filter": "((c_acctbal > $0) AND (\"substring\"((c_phone)::text, 1, 2) = ANY ('{20,40,22,30,39,42,21}'::text[])))", "Rows Removed by Filter": 1390803}, {"Node Type": "Index Only Scan", "Parent Relationship": "Inner", "Scan Direction": "Forward", "Index Name": "idx_orders_custkey", "Relation Name": "orders", "Alias": "orders", "Startup Cost": 0.0, "Total Cost": 3.79, "Plan Rows": 4, "Plan Width": 8, "Actual Startup Time": 500.727, "Actual Total Time": 500.727, "Actual Rows": 72593, "Actual Loops": 109197, "Index Cond": "(o_custkey = public.customer.c_custkey)", "Rows Removed by Index Recheck": 0, "Heap Fetches": 0}]}]}]}, "Triggers": [], "Planner Runtime": 0.757, "Total Runtime": 4540.956, "Unique SQL Id": 2798552886}}, "(64, 122)": {"explain_plan": {"Plan": {"Node Type": "Sort", "Startup Cost": 1511678295.06, "Total Cost": 1511678295.06, "Plan Rows": 1, "Plan Width": 40, "Sort Key": ["(\"substring\"((public.customer.c_phone)::text, 1, 2))"], "Plans": [{"Node Type": "Aggregate", "Strategy": "Plain", "Parent Relationship": "exec_init_plan", "Subplan Name": "InitPlan 1 (returns $0)", "Startup Cost": 76620.14, "Total Cost": 76620.15, "Plan Rows": 1, "Plan Width": 40, "Plans": [{"Node Type": "Seq Scan", "Parent Relationship": "Outer", "Relation Name": "customer", "Alias": "customer", "Startup Cost": 12.95, "Total Cost": 76501.0, "Plan Rows": 47655, "Plan Width": 8, "Filter": "((c_acctbal > 0::double precision) AND (\"substring\"((c_phone)::text, 1, 2) = ANY ('{20,40,22,30,39,42,21}'::text[])))"}]}, {"Node Type": "Aggregate", "Strategy": "Hashed", "Parent Relationship": "Outer", "Startup Cost": 1511601674.88, "Total Cost": 1511601674.9, "Plan Rows": 1, "Plan Width": 40, "Group By Key": ["\"substring\"((public.customer.c_phone)::text, 1, 2)"], "Plans": [{"Node Type": "Nested Loop", "Parent Relationship": "Outer", "Join Type": "Anti", "Startup Cost": 0.0, "Total Cost": 1511601674.88, "Plan Rows": 1, "Plan Width": 24, "Inner Unique": false, "Join Filter": "(orders.o_custkey = public.customer.c_custkey)", "Plans": [{"Node Type": "Seq Scan", "Parent Relationship": "Outer", "Relation Name": "customer", "Alias": "customer", "Startup Cost": 0.0, "Total Cost": 76501.0, "Plan Rows": 17500, "Plan Width": 32, "Filter": "((c_acctbal > $0) AND (\"substring\"((c_phone)::text, 1, 2) = ANY ('{20,40,22,30,39,42,21}'::text[])))"}, {"Node Type": "Materialize", "Parent Relationship": "Inner", "Startup Cost": 0.0, "Total Cost": 501411.19, "Plan Rows": 14999479, "Plan Width": 8, "Plans": [{"Node Type": "Seq Scan", "Parent Relationship": "Outer", "Relation Name": "orders", "Alias": "orders", "Startup Cost": 0.0, "Total Cost": 426413.79, "Plan Rows": 14999479, "Plan Width": 8}]}]}]}]}, "Unique SQL Id": 2798552886}, "explain_analyze_plan": null}, "(64, 123)": {"explain_plan": {"Plan": {"Node Type": "Sort", "Startup Cost": 3001574749058.39, "Total Cost": 3001574749058.39, "Plan Rows": 1, "Plan Width": 40, "Sort Key": ["(\"substring\"((public.customer.c_phone)::text, 1, 2))"], "Plans": [{"Node Type": "Aggregate", "Strategy": "Plain", "Parent Relationship": "exec_init_plan", "Subplan Name": "InitPlan 1 (returns $0)", "Startup Cost": 1000007650219.14, "Total Cost": 1000007650219.15, "Plan Rows": 1, "Plan Width": 40, "Plans": [{"Node Type": "Seq Scan", "Parent Relationship": "Outer", "Relation Name": "customer", "Alias": "customer", "Startup Cost": 10000000012.75, "Total Cost": 1000007650100.0, "Plan Rows": 47655, "Plan Width": 8, "Filter": "((c_acctbal > 0::double precision) AND (\"substring\"((c_phone)::text, 1, 2) = ANY ('{20,40,22,30,39,42,21}'::text[])))"}]}, {"Node Type": "Aggregate", "Strategy": "Hashed", "Parent Relationship": "Outer", "Startup Cost": 2001567098839.21, "Total Cost": 2001567098839.23, "Plan Rows": 1, "Plan Width": 40, "Group By Key": ["\"substring\"((public.customer.c_phone)::text, 1, 2)"], "Plans": [{"Node Type": "Nested Loop", "Parent Relationship": "Outer", "Join Type": "Anti", "Startup Cost": 20000000000.0, "Total Cost": 2001567098839.21, "Plan Rows": 1, "Plan Width": 24, "Inner Unique": false, "Join Filter": "(orders.o_custkey = public.customer.c_custkey)", "Plans": [{"Node Type": "Index Scan", "Parent Relationship": "Outer", "Scan Direction": "Forward", "Index Name": "customer_pkey", "Relation Name": "customer", "Alias": "customer", "Startup Cost": 10000000000.0, "Total Cost": 1000010514035.62, "Plan Rows": 17500, "Plan Width": 32, "Filter": "((c_acctbal > $0) AND (\"substring\"((c_phone)::text, 1, 2) = ANY ('{20,40,22,30,39,42,21}'::text[])))"}, {"Node Type": "Materialize", "Parent Relationship": "Inner", "Startup Cost": 10000000000.0, "Total Cost": 1000045561040.9, "Plan Rows": 14999479, "Plan Width": 8, "Plans": [{"Node Type": "Index Only Scan", "Parent Relationship": "Outer", "Scan Direction": "Forward", "Index Name": "idx_orders_custkey", "Relation Name": "orders", "Alias": "orders", "Startup Cost": 10000000000.0, "Total Cost": 1000045486043.5, "Plan Rows": 14999479, "Plan Width": 8}]}]}]}]}, "Unique SQL Id": 2798552886}, "explain_analyze_plan": null}, "(64, 124)": {"explain_plan": {"Plan": {"Node Type": "Sort", "Startup Cost": 274230.79, "Total Cost": 274230.8, "Plan Rows": 1, "Plan Width": 40, "Sort Key": ["(\"substring\"((public.customer.c_phone)::text, 1, 2))"], "Plans": [{"Node Type": "Aggregate", "Strategy": "Plain", "Parent Relationship": "exec_init_plan", "Subplan Name": "InitPlan 1 (returns $0)", "Startup Cost": 76620.14, "Total Cost": 76620.15, "Plan Rows": 1, "Plan Width": 40, "Plans": [{"Node Type": "Seq Scan", "Parent Relationship": "Outer", "Relation Name": "customer", "Alias": "customer", "Startup Cost": 12.95, "Total Cost": 76501.0, "Plan Rows": 47655, "Plan Width": 8, "Filter": "((c_acctbal > 0::double precision) AND (\"substring\"((c_phone)::text, 1, 2) = ANY ('{20,40,22,30,39,42,21}'::text[])))"}]}, {"Node Type": "Aggregate", "Strategy": "Hashed", "Parent Relationship": "Outer", "Startup Cost": 197610.62, "Total Cost": 197610.63, "Plan Rows": 1, "Plan Width": 40, "Group By Key": ["\"substring\"((public.customer.c_phone)::text, 1, 2)"], "Plans": [{"Node Type": "Nested Loop", "Parent Relationship": "Outer", "Join Type": "Anti", "Startup Cost": 0.0, "Total Cost": 197610.61, "Plan Rows": 1, "Plan Width": 24, "Inner Unique": false, "Plans": [{"Node Type": "Seq Scan", "Parent Relationship": "Outer", "Relation Name": "customer", "Alias": "customer", "Startup Cost": 0.0, "Total Cost": 76501.0, "Plan Rows": 17500, "Plan Width": 32, "Filter": "((c_acctbal > $0) AND (\"substring\"((c_phone)::text, 1, 2) = ANY ('{20,40,22,30,39,42,21}'::text[])))"}, {"Node Type": "Index Scan", "Parent Relationship": "Inner", "Scan Direction": "Forward", "Index Name": "idx_orders_custkey", "Relation Name": "orders", "Alias": "orders", "Startup Cost": 0.0, "Total Cost": 17.99, "Plan Rows": 4, "Plan Width": 8, "Index Cond": "(o_custkey = public.customer.c_custkey)"}]}]}]}, "Unique SQL Id": 2798552886}, "explain_analyze_plan": {"Plan": {"Node Type": "Sort", "Startup Cost": 274230.79, "Total Cost": 274230.8, "Plan Rows": 1, "Plan Width": 40, "Actual Startup Time": 4048.22, "Actual Total Time": 4048.22, "Actual Rows": 4, "Actual Loops": 1, "Sort Key": ["(\"substring\"((public.customer.c_phone)::text, 1, 2))"], "Sort Method": "quicksort", "Sort Space Used": 25, "Sort Space Type": "Memory", "Plans": [{"Node Type": "Aggregate", "Strategy": "Plain", "Parent Relationship": "exec_init_plan", "Subplan Name": "InitPlan 1 (returns $0)", "Startup Cost": 76620.14, "Total Cost": 76620.15, "Plan Rows": 1, "Plan Width": 40, "Actual Startup Time": 1960.504, "Actual Total Time": 1960.504, "Actual Rows": 1, "Actual Loops": 1, "Plans": [{"Node Type": "Seq Scan", "Parent Relationship": "Outer", "Relation Name": "customer", "Alias": "customer", "Startup Cost": 12.95, "Total Cost": 76501.0, "Plan Rows": 47655, "Plan Width": 8, "Actual Startup Time": 0.027, "Actual Total Time": 1865.668, "Actual Rows": 218121, "Actual Loops": 1, "Filter": "((c_acctbal > 0::double precision) AND (\"substring\"((c_phone)::text, 1, 2) = ANY ('{20,40,22,30,39,42,21}'::text[])))", "Rows Removed by Filter": 1281879}]}, {"Node Type": "Aggregate", "Strategy": "Hashed", "Parent Relationship": "Outer", "Startup Cost": 197610.62, "Total Cost": 197610.63, "Plan Rows": 1, "Plan Width": 40, "Actual Startup Time": 4048.179, "Actual Total Time": 4048.18, "Actual Rows": 4, "Actual Loops": 1, "Group By Key": ["\"substring\"((public.customer.c_phone)::text, 1, 2)"], "Plans": [{"Node Type": "Nested Loop", "Parent Relationship": "Outer", "Join Type": "Anti", "Startup Cost": 0.0, "Total Cost": 197610.61, "Plan Rows": 1, "Plan Width": 24, "Actual Startup Time": 1960.632, "Actual Total Time": 4024.922, "Actual Rows": 36604, "Actual Loops": 1, "Inner Unique": false, "Plans": [{"Node Type": "Seq Scan", "Parent Relationship": "Outer", "Relation Name": "customer", "Alias": "customer", "Startup Cost": 0.0, "Total Cost": 76501.0, "Plan Rows": 17500, "Plan Width": 32, "Actual Startup Time": 1960.572, "Actual Total Time": 3257.721, "Actual Rows": 109197, "Actual Loops": 1, "Filter": "((c_acctbal > $0) AND (\"substring\"((c_phone)::text, 1, 2) = ANY ('{20,40,22,30,39,42,21}'::text[])))", "Rows Removed by Filter": 1390803}, {"Node Type": "Index Scan", "Parent Relationship": "Inner", "Scan Direction": "Forward", "Index Name": "idx_orders_custkey", "Relation Name": "orders", "Alias": "orders", "Startup Cost": 0.0, "Total Cost": 17.99, "Plan Rows": 4, "Plan Width": 8, "Actual Startup Time": 660.636, "Actual Total Time": 660.636, "Actual Rows": 72593, "Actual Loops": 109197, "Index Cond": "(o_custkey = public.customer.c_custkey)", "Rows Removed by Index Recheck": 0}]}]}]}, "Triggers": [], "Planner Runtime": 0.759, "Total Runtime": 4048.42, "Unique SQL Id": 2798552886}}, "(64, 125)": {"explain_plan": {"Plan": {"Node Type": "Sort", "Startup Cost": 1000007876469.15, "Total Cost": 1000007876469.15, "Plan Rows": 1, "Plan Width": 40, "Sort Key": ["(\"substring\"((public.customer.c_phone)::text, 1, 2))"], "Plans": [{"Node Type": "Aggregate", "Strategy": "Plain", "Parent Relationship": "exec_init_plan", "Subplan Name": "InitPlan 1 (returns $0)", "Startup Cost": 1000007650219.14, "Total Cost": 1000007650219.15, "Plan Rows": 1, "Plan Width": 40, "Plans": [{"Node Type": "Seq Scan", "Parent Relationship": "Outer", "Relation Name": "customer", "Alias": "customer", "Startup Cost": 10000000012.75, "Total Cost": 1000007650100.0, "Plan Rows": 47655, "Plan Width": 8, "Filter": "((c_acctbal > 0::double precision) AND (\"substring\"((c_phone)::text, 1, 2) = ANY ('{20,40,22,30,39,42,21}'::text[])))"}]}, {"Node Type": "Aggregate", "Strategy": "Hashed", "Parent Relationship": "Outer", "Startup Cost": 226249.97, "Total Cost": 226249.99, "Plan Rows": 1, "Plan Width": 40, "Group By Key": ["\"substring\"((public.customer.c_phone)::text, 1, 2)"], "Plans": [{"Node Type": "Nested Loop", "Parent Relationship": "Outer", "Join Type": "Anti", "Startup Cost": 0.0, "Total Cost": 226249.97, "Plan Rows": 1, "Plan Width": 24, "Inner Unique": false, "Plans": [{"Node Type": "Index Scan", "Parent Relationship": "Outer", "Scan Direction": "Forward", "Index Name": "customer_pkey", "Relation Name": "customer", "Alias": "customer", "Startup Cost": 0.0, "Total Cost": 105140.36, "Plan Rows": 17500, "Plan Width": 32, "Filter": "((c_acctbal > $0) AND (\"substring\"((c_phone)::text, 1, 2) = ANY ('{20,40,22,30,39,42,21}'::text[])))"}, {"Node Type": "Index Scan", "Parent Relationship": "Inner", "Scan Direction": "Forward", "Index Name": "idx_orders_custkey", "Relation Name": "orders", "Alias": "orders", "Startup Cost": 0.0, "Total Cost": 17.99, "Plan Rows": 4, "Plan Width": 8, "Index Cond": "(o_custkey = public.customer.c_custkey)"}]}]}]}, "Unique SQL Id": 2798552886}, "explain_analyze_plan": {"Plan": {"Node Type": "Sort", "Startup Cost": 1000007876469.15, "Total Cost": 1000007876469.15, "Plan Rows": 1, "Plan Width": 40, "Actual Startup Time": 4342.858, "Actual Total Time": 4342.858, "Actual Rows": 4, "Actual Loops": 1, "Sort Key": ["(\"substring\"((public.customer.c_phone)::text, 1, 2))"], "Sort Method": "quicksort", "Sort Space Used": 25, "Sort Space Type": "Memory", "Plans": [{"Node Type": "Aggregate", "Strategy": "Plain", "Parent Relationship": "exec_init_plan", "Subplan Name": "InitPlan 1 (returns $0)", "Startup Cost": 1000007650219.14, "Total Cost": 1000007650219.15, "Plan Rows": 1, "Plan Width": 40, "Actual Startup Time": 1967.227, "Actual Total Time": 1967.229, "Actual Rows": 1, "Actual Loops": 1, "Plans": [{"Node Type": "Seq Scan", "Parent Relationship": "Outer", "Relation Name": "customer", "Alias": "customer", "Startup Cost": 10000000012.75, "Total Cost": 1000007650100.0, "Plan Rows": 47655, "Plan Width": 8, "Actual Startup Time": 0.033, "Actual Total Time": 1872.87, "Actual Rows": 218121, "Actual Loops": 1, "Filter": "((c_acctbal > 0::double precision) AND (\"substring\"((c_phone)::text, 1, 2) = ANY ('{20,40,22,30,39,42,21}'::text[])))", "Rows Removed by Filter": 1281879}]}, {"Node Type": "Aggregate", "Strategy": "Hashed", "Parent Relationship": "Outer", "Startup Cost": 226249.97, "Total Cost": 226249.99, "Plan Rows": 1, "Plan Width": 40, "Actual Startup Time": 4342.811, "Actual Total Time": 4342.814, "Actual Rows": 4, "Actual Loops": 1, "Group By Key": ["\"substring\"((public.customer.c_phone)::text, 1, 2)"], "Plans": [{"Node Type": "Nested Loop", "Parent Relationship": "Outer", "Join Type": "Anti", "Startup Cost": 0.0, "Total Cost": 226249.97, "Plan Rows": 1, "Plan Width": 24, "Actual Startup Time": 1967.46, "Actual Total Time": 4319.835, "Actual Rows": 36604, "Actual Loops": 1, "Inner Unique": false, "Plans": [{"Node Type": "Index Scan", "Parent Relationship": "Outer", "Scan Direction": "Forward", "Index Name": "customer_pkey", "Relation Name": "customer", "Alias": "customer", "Startup Cost": 0.0, "Total Cost": 105140.36, "Plan Rows": 17500, "Plan Width": 32, "Actual Startup Time": 1967.405, "Actual Total Time": 3680.796, "Actual Rows": 109197, "Actual Loops": 1, "Filter": "((c_acctbal > $0) AND (\"substring\"((c_phone)::text, 1, 2) = ANY ('{20,40,22,30,39,42,21}'::text[])))", "Rows Removed by Filter": 1390803}, {"Node Type": "Index Scan", "Parent Relationship": "Inner", "Scan Direction": "Forward", "Index Name": "idx_orders_custkey", "Relation Name": "orders", "Alias": "orders", "Startup Cost": 0.0, "Total Cost": 17.99, "Plan Rows": 4, "Plan Width": 8, "Actual Startup Time": 530.764, "Actual Total Time": 530.764, "Actual Rows": 72593, "Actual Loops": 109197, "Index Cond": "(o_custkey = public.customer.c_custkey)", "Rows Removed by Index Recheck": 0}]}]}]}, "Triggers": [], "Planner Runtime": 0.769, "Total Runtime": 4343.034, "Unique SQL Id": 2798552886}}, "(64, 126)": {"explain_plan": {"Plan": {"Node Type": "Sort", "Startup Cost": 1511678295.06, "Total Cost": 1511678295.06, "Plan Rows": 1, "Plan Width": 40, "Sort Key": ["(\"substring\"((public.customer.c_phone)::text, 1, 2))"], "Plans": [{"Node Type": "Aggregate", "Strategy": "Plain", "Parent Relationship": "exec_init_plan", "Subplan Name": "InitPlan 1 (returns $0)", "Startup Cost": 76620.14, "Total Cost": 76620.15, "Plan Rows": 1, "Plan Width": 40, "Plans": [{"Node Type": "Seq Scan", "Parent Relationship": "Outer", "Relation Name": "customer", "Alias": "customer", "Startup Cost": 12.95, "Total Cost": 76501.0, "Plan Rows": 47655, "Plan Width": 8, "Filter": "((c_acctbal > 0::double precision) AND (\"substring\"((c_phone)::text, 1, 2) = ANY ('{20,40,22,30,39,42,21}'::text[])))"}]}, {"Node Type": "Aggregate", "Strategy": "Hashed", "Parent Relationship": "Outer", "Startup Cost": 1511601674.88, "Total Cost": 1511601674.9, "Plan Rows": 1, "Plan Width": 40, "Group By Key": ["\"substring\"((public.customer.c_phone)::text, 1, 2)"], "Plans": [{"Node Type": "Nested Loop", "Parent Relationship": "Outer", "Join Type": "Anti", "Startup Cost": 0.0, "Total Cost": 1511601674.88, "Plan Rows": 1, "Plan Width": 24, "Inner Unique": false, "Join Filter": "(orders.o_custkey = public.customer.c_custkey)", "Plans": [{"Node Type": "Seq Scan", "Parent Relationship": "Outer", "Relation Name": "customer", "Alias": "customer", "Startup Cost": 0.0, "Total Cost": 76501.0, "Plan Rows": 17500, "Plan Width": 32, "Filter": "((c_acctbal > $0) AND (\"substring\"((c_phone)::text, 1, 2) = ANY ('{20,40,22,30,39,42,21}'::text[])))"}, {"Node Type": "Materialize", "Parent Relationship": "Inner", "Startup Cost": 0.0, "Total Cost": 501411.19, "Plan Rows": 14999479, "Plan Width": 8, "Plans": [{"Node Type": "Seq Scan", "Parent Relationship": "Outer", "Relation Name": "orders", "Alias": "orders", "Startup Cost": 0.0, "Total Cost": 426413.79, "Plan Rows": 14999479, "Plan Width": 8}]}]}]}]}, "Unique SQL Id": 2798552886}, "explain_analyze_plan": null}, "(64, 127)": {"explain_plan": {"Plan": {"Node Type": "Sort", "Startup Cost": 3001685314543.97, "Total Cost": 3001685314543.98, "Plan Rows": 1, "Plan Width": 40, "Sort Key": ["(\"substring\"((public.customer.c_phone)::text, 1, 2))"], "Plans": [{"Node Type": "Aggregate", "Strategy": "Plain", "Parent Relationship": "exec_init_plan", "Subplan Name": "InitPlan 1 (returns $0)", "Startup Cost": 1000007650219.14, "Total Cost": 1000007650219.15, "Plan Rows": 1, "Plan Width": 40, "Plans": [{"Node Type": "Seq Scan", "Parent Relationship": "Outer", "Relation Name": "customer", "Alias": "customer", "Startup Cost": 10000000012.75, "Total Cost": 1000007650100.0, "Plan Rows": 47655, "Plan Width": 8, "Filter": "((c_acctbal > 0::double precision) AND (\"substring\"((c_phone)::text, 1, 2) = ANY ('{20,40,22,30,39,42,21}'::text[])))"}]}, {"Node Type": "Aggregate", "Strategy": "Hashed", "Parent Relationship": "Outer", "Startup Cost": 2001677664324.8, "Total Cost": 2001677664324.81, "Plan Rows": 1, "Plan Width": 40, "Group By Key": ["\"substring\"((public.customer.c_phone)::text, 1, 2)"], "Plans": [{"Node Type": "Nested Loop", "Parent Relationship": "Outer", "Join Type": "Anti", "Startup Cost": 20000000000.0, "Total Cost": 2001677664324.79, "Plan Rows": 1, "Plan Width": 24, "Inner Unique": false, "Join Filter": "(orders.o_custkey = public.customer.c_custkey)", "Plans": [{"Node Type": "Index Scan", "Parent Relationship": "Outer", "Scan Direction": "Forward", "Index Name": "customer_pkey", "Relation Name": "customer", "Alias": "customer", "Startup Cost": 10000000000.0, "Total Cost": 1000010514035.62, "Plan Rows": 17500, "Plan Width": 32, "Filter": "((c_acctbal > $0) AND (\"substring\"((c_phone)::text, 1, 2) = ANY ('{20,40,22,30,39,42,21}'::text[])))"}, {"Node Type": "Materialize", "Parent Relationship": "Inner", "Startup Cost": 10000000000.0, "Total Cost": 1000156126526.48, "Plan Rows": 14999479, "Plan Width": 8, "Plans": [{"Node Type": "Index Scan", "Parent Relationship": "Outer", "Scan Direction": "Forward", "Index Name": "idx_orders_custkey", "Relation Name": "orders", "Alias": "orders", "Startup Cost": 10000000000.0, "Total Cost": 1000156051529.08, "Plan Rows": 14999479, "Plan Width": 8}]}]}]}]}, "Unique SQL Id": 2798552886}, "explain_analyze_plan": null}}