{"(1, 0)": {"explain_plan": {"Plan": {"Node Type": "Sort", "Startup Cost": 1720718.42, "Total Cost": 1720718.49, "Plan Rows": 25, "Plan Width": 42, "Sort Key": ["(sum((lineitem.l_extendedprice * (1::double precision - lineitem.l_discount)))) DESC"], "Plans": [{"Node Type": "Aggregate", "Strategy": "Hashed", "Parent Relationship": "Outer", "Startup Cost": 1720717.59, "Total Cost": 1720717.84, "Plan Rows": 25, "Plan Width": 42, "Group By Key": ["nation.n_name"], "Plans": [{"Node Type": "Hash Join", "Parent Relationship": "Outer", "Join Type": "Inner", "Startup Cost": 5813.37, "Total Cost": 1720623.69, "Plan Rows": 9390, "Plan Width": 42, "Inner Unique": true, "Hash Cond": "((lineitem.l_suppkey = supplier.s_suppkey) AND (customer.c_nationkey = supplier.s_nationkey))", "Plans": [{"Node Type": "Nested Loop", "Parent Relationship": "Outer", "Join Type": "Inner", "Startup Cost": 1030.37, "Total Cost": 1688079.68, "Plan Rows": 3688948, "Plan Width": 58, "Inner Unique": false, "Plans": [{"Node Type": "Nested Loop", "Parent Relationship": "Outer", "Join Type": "Inner", "Startup Cost": 1030.37, "Total Cost": 412285.27, "Plan Rows": 406290, "Plan Width": 42, "Inner Unique": false, "Plans": [{"Node Type": "Nested Loop", "Parent Relationship": "Outer", "Join Type": "Inner", "Startup Cost": 1030.37, "Total Cost": 37176.47, "Plan Rows": 300000, "Plan Width": 42, "Inner Unique": false, "Plans": [{"Node Type": "Nested Loop", "Parent Relationship": "Outer", "Join Type": "Inner", "Startup Cost": 0.0, "Total Cost": 14.06, "Plan Rows": 5, "Plan Width": 30, "Inner Unique": true, "Join Filter": "(nation.n_regionkey = region.r_regionkey)", "Plans": [{"Node Type": "Index Scan", "Parent Relationship": "Outer", "Scan Direction": "Forward", "Index Name": "nation_pkey", "Relation Name": "nation", "Alias": "nation", "Startup Cost": 0.0, "Total Cost": 12.62, "Plan Rows": 25, "Plan Width": 34}, {"Node Type": "Materialize", "Parent Relationship": "Inner", "Startup Cost": 0.0, "Total Cost": 1.07, "Plan Rows": 1, "Plan Width": 4, "Plans": [{"Node Type": "Seq Scan", "Parent Relationship": "Outer", "Relation Name": "region", "Alias": "region", "Startup Cost": 0.0, "Total Cost": 1.06, "Plan Rows": 1, "Plan Width": 4, "Filter": "(r_name = 'MIDDLE EAST'::bpchar)"}]}]}, {"Node Type": "Bitmap Heap Scan", "Parent Relationship": "Inner", "Relation Name": "customer", "Alias": "customer", "Startup Cost": 1030.37, "Total Cost": 6832.48, "Plan Rows": 60000, "Plan Width": 12, "Recheck Cond": "(c_nationkey = nation.n_nationkey)", "Plans": [{"Node Type": "Bitmap Index Scan", "Parent Relationship": "Outer", "Index Name": "idx_customer_nationkey", "Startup Cost": 0.0, "Total Cost": 1015.37, "Plan Rows": 60000, "Plan Width": 0, "Index Cond": "(c_nationkey = nation.n_nationkey)"}]}]}, {"Node Type": "Index Scan", "Parent Relationship": "Inner", "Scan Direction": "Forward", "Index Name": "idx_orders_custkey", "Relation Name": "orders", "Alias": "orders", "Startup Cost": 0.0, "Total Cost": 1.24, "Plan Rows": 1, "Plan Width": 16, "Index Cond": "(o_custkey = customer.c_custkey)", "Filter": "((o_orderdate >= '1994-01-01 00:00:00'::timestamp(0) without time zone) AND (o_orderdate < '1995-01-01 00:00:00'::timestamp without time zone))"}]}, {"Node Type": "Index Scan", "Parent Relationship": "Inner", "Scan Direction": "Forward", "Index Name": "idx_lineitem_orderkey", "Relation Name": "lineitem", "Alias": "lineitem", "Startup Cost": 0.0, "Total Cost": 3.05, "Plan Rows": 9, "Plan Width": 32, "Index Cond": "(l_orderkey = orders.o_orderkey)"}]}, {"Node Type": "Hash", "Parent Relationship": "Inner", "Startup Cost": 3283.0, "Total Cost": 3283.0, "Plan Rows": 100000, "Plan Width": 12, "Plans": [{"Node Type": "Seq Scan", "Parent Relationship": "Outer", "Relation Name": "supplier", "Alias": "supplier", "Startup Cost": 0.0, "Total Cost": 3283.0, "Plan Rows": 100000, "Plan Width": 12}]}]}]}]}, "Unique SQL Id": 1392561963}, "explain_analyze_plan": {"Plan": {"Node Type": "Sort", "Startup Cost": 1720718.42, "Total Cost": 1720718.49, "Plan Rows": 25, "Plan Width": 42, "Actual Startup Time": 16850.387, "Actual Total Time": 16850.387, "Actual Rows": 5, "Actual Loops": 1, "Sort Key": ["(sum((lineitem.l_extendedprice * (1::double precision - lineitem.l_discount)))) DESC"], "Sort Method": "quicksort", "Sort Space Used": 25, "Sort Space Type": "Memory", "Plans": [{"Node Type": "Aggregate", "Strategy": "Hashed", "Parent Relationship": "Outer", "Startup Cost": 1720717.59, "Total Cost": 1720717.84, "Plan Rows": 25, "Plan Width": 42, "Actual Startup Time": 16850.352, "Actual Total Time": 16850.355, "Actual Rows": 5, "Actual Loops": 1, "Group By Key": ["nation.n_name"], "Plans": [{"Node Type": "Hash Join", "Parent Relationship": "Outer", "Join Type": "Inner", "Startup Cost": 5813.37, "Total Cost": 1720623.69, "Plan Rows": 9390, "Plan Width": 42, "Actual Startup Time": 87.589, "Actual Total Time": 16770.082, "Actual Rows": 72985, "Actual Loops": 1, "Inner Unique": true, "Hash Cond": "((lineitem.l_suppkey = supplier.s_suppkey) AND (customer.c_nationkey = supplier.s_nationkey))", "Plans": [{"Node Type": "Nested Loop", "Parent Relationship": "Outer", "Join Type": "Inner", "Startup Cost": 1030.37, "Total Cost": 1688079.68, "Plan Rows": 3688948, "Plan Width": 58, "Actual Startup Time": 19.109, "Actual Total Time": 15845.366, "Actual Rows": 1815222, "Actual Loops": 1, "Inner Unique": false, "Plans": [{"Node Type": "Nested Loop", "Parent Relationship": "Outer", "Join Type": "Inner", "Startup Cost": 1030.37, "Total Cost": 412285.27, "Plan Rows": 406290, "Plan Width": 42, "Actual Startup Time": 19.089, "Actual Total Time": 9833.848, "Actual Rows": 454183, "Actual Loops": 1, "Inner Unique": false, "Plans": [{"Node Type": "Nested Loop", "Parent Relationship": "Outer", "Join Type": "Inner", "Startup Cost": 1030.37, "Total Cost": 37176.47, "Plan Rows": 300000, "Plan Width": 42, "Actual Startup Time": 19.013, "Actual Total Time": 662.081, "Actual Rows": 299838, "Actual Loops": 1, "Inner Unique": false, "Plans": [{"Node Type": "Nested Loop", "Parent Relationship": "Outer", "Join Type": "Inner", "Startup Cost": 0.0, "Total Cost": 14.06, "Plan Rows": 5, "Plan Width": 30, "Actual Startup Time": 0.052, "Actual Total Time": 0.214, "Actual Rows": 5, "Actual Loops": 1, "Inner Unique": true, "Join Filter": "(nation.n_regionkey = region.r_regionkey)", "Rows Removed by Join Filter": 20, "Plans": [{"Node Type": "Index Scan", "Parent Relationship": "Outer", "Scan Direction": "Forward", "Index Name": "nation_pkey", "Relation Name": "nation", "Alias": "nation", "Startup Cost": 0.0, "Total Cost": 12.62, "Plan Rows": 25, "Plan Width": 34, "Actual Startup Time": 0.013, "Actual Total Time": 0.056, "Actual Rows": 25, "Actual Loops": 1}, {"Node Type": "Materialize", "Parent Relationship": "Inner", "Startup Cost": 0.0, "Total Cost": 1.07, "Plan Rows": 1, "Plan Width": 4, "Actual Startup Time": 0.104, "Actual Total Time": 0.107, "Actual Rows": 25, "Actual Loops": 25, "Plans": [{"Node Type": "Seq Scan", "Parent Relationship": "Outer", "Relation Name": "region", "Alias": "region", "Startup Cost": 0.0, "Total Cost": 1.06, "Plan Rows": 1, "Plan Width": 4, "Actual Startup Time": 0.021, "Actual Total Time": 0.023, "Actual Rows": 1, "Actual Loops": 1, "Filter": "(r_name = 'MIDDLE EAST'::bpchar)", "Rows Removed by Filter": 4}]}]}, {"Node Type": "Bitmap Heap Scan", "Parent Relationship": "Inner", "Relation Name": "customer", "Alias": "customer", "Startup Cost": 1030.37, "Total Cost": 6832.48, "Plan Rows": 60000, "Plan Width": 12, "Actual Startup Time": 92.01, "Actual Total Time": 587.847, "Actual Rows": 299838, "Actual Loops": 5, "Recheck Cond": "(c_nationkey = nation.n_nationkey)", "Rows Removed by Index Recheck": 0, "Exact Heap Blocks": 150033, "Lossy Heap Blocks": 150033, "Plans": [{"Node Type": "Bitmap Index Scan", "Parent Relationship": "Outer", "Index Name": "idx_customer_nationkey", "Startup Cost": 0.0, "Total Cost": 1015.37, "Plan Rows": 60000, "Plan Width": 0, "Actual Startup Time": 59.053, "Actual Total Time": 59.053, "Actual Rows": 299838, "Actual Loops": 5, "Index Cond": "(c_nationkey = nation.n_nationkey)"}]}]}, {"Node Type": "Index Scan", "Parent Relationship": "Inner", "Scan Direction": "Forward", "Index Name": "idx_orders_custkey", "Relation Name": "orders", "Alias": "orders", "Startup Cost": 0.0, "Total Cost": 1.24, "Plan Rows": 1, "Plan Width": 16, "Actual Startup Time": 4195.291, "Actual Total Time": 8911.632, "Actual Rows": 454183, "Actual Loops": 299838, "Index Cond": "(o_custkey = customer.c_custkey)", "Rows Removed by Index Recheck": 0, "Filter": "((o_orderdate >= '1994-01-01 00:00:00'::timestamp(0) without time zone) AND (o_orderdate < '1995-01-01 00:00:00'::timestamp without time zone))", "Rows Removed by Filter": 2542535}]}, {"Node Type": "Index Scan", "Parent Relationship": "Inner", "Scan Direction": "Forward", "Index Name": "idx_lineitem_orderkey", "Relation Name": "lineitem", "Alias": "lineitem", "Startup Cost": 0.0, "Total Cost": 3.05, "Plan Rows": 9, "Plan Width": 32, "Actual Startup Time": 4389.838, "Actual Total Time": 5365.974, "Actual Rows": 1815222, "Actual Loops": 454183, "Index Cond": "(l_orderkey = orders.o_orderkey)", "Rows Removed by Index Recheck": 0}]}, {"Node Type": "Hash", "Parent Relationship": "Inner", "Startup Cost": 3283.0, "Total Cost": 3283.0, "Plan Rows": 100000, "Plan Width": 12, "Actual Startup Time": 68.231, "Actual Total Time": 68.231, "Actual Rows": 100000, "Actual Loops": 1, "Hash Buckets": 131072, "Hash Batches": 1, "Original Hash Batches": 1, "Peak Memory Usage": 4297, "Plans": [{"Node Type": "Seq Scan", "Parent Relationship": "Outer", "Relation Name": "supplier", "Alias": "supplier", "Startup Cost": 0.0, "Total Cost": 3283.0, "Plan Rows": 100000, "Plan Width": 12, "Actual Startup Time": 0.021, "Actual Total Time": 36.519, "Actual Rows": 100000, "Actual Loops": 1}]}]}]}]}, "Triggers": [], "Planner Runtime": 7.268, "Total Runtime": 16850.847, "Unique SQL Id": 1392561963}}, "(1, 1)": {"explain_plan": {"Plan": {"Node Type": "Sort", "Startup Cost": 1722781.24, "Total Cost": 1722781.31, "Plan Rows": 25, "Plan Width": 42, "Sort Key": ["(sum((lineitem.l_extendedprice * (1::double precision - lineitem.l_discount)))) DESC"], "Plans": [{"Node Type": "Aggregate", "Strategy": "Hashed", "Parent Relationship": "Outer", "Startup Cost": 1722780.41, "Total Cost": 1722780.66, "Plan Rows": 25, "Plan Width": 42, "Group By Key": ["nation.n_name"], "Plans": [{"Node Type": "Hash Join", "Parent Relationship": "Outer", "Join Type": "Inner", "Startup Cost": 7864.91, "Total Cost": 1722686.51, "Plan Rows": 9390, "Plan Width": 42, "Inner Unique": true, "Hash Cond": "((lineitem.l_suppkey = supplier.s_suppkey) AND (customer.c_nationkey = supplier.s_nationkey))", "Plans": [{"Node Type": "Nested Loop", "Parent Relationship": "Outer", "Join Type": "Inner", "Startup Cost": 1030.37, "Total Cost": 1688090.96, "Plan Rows": 3688948, "Plan Width": 58, "Inner Unique": false, "Plans": [{"Node Type": "Nested Loop", "Parent Relationship": "Outer", "Join Type": "Inner", "Startup Cost": 1030.37, "Total Cost": 412296.55, "Plan Rows": 406290, "Plan Width": 42, "Inner Unique": false, "Plans": [{"Node Type": "Nested Loop", "Parent Relationship": "Outer", "Join Type": "Inner", "Startup Cost": 1030.37, "Total Cost": 37187.75, "Plan Rows": 300000, "Plan Width": 42, "Inner Unique": false, "Plans": [{"Node Type": "Nested Loop", "Parent Relationship": "Outer", "Join Type": "Inner", "Startup Cost": 0.0, "Total Cost": 25.34, "Plan Rows": 5, "Plan Width": 30, "Inner Unique": true, "Join Filter": "(nation.n_regionkey = region.r_regionkey)", "Plans": [{"Node Type": "Index Scan", "Parent Relationship": "Outer", "Scan Direction": "Forward", "Index Name": "nation_pkey", "Relation Name": "nation", "Alias": "nation", "Startup Cost": 0.0, "Total Cost": 12.62, "Plan Rows": 25, "Plan Width": 34}, {"Node Type": "Materialize", "Parent Relationship": "Inner", "Startup Cost": 0.0, "Total Cost": 12.34, "Plan Rows": 1, "Plan Width": 4, "Plans": [{"Node Type": "Index Scan", "Parent Relationship": "Outer", "Scan Direction": "Forward", "Index Name": "region_pkey", "Relation Name": "region", "Alias": "region", "Startup Cost": 0.0, "Total Cost": 12.34, "Plan Rows": 1, "Plan Width": 4, "Filter": "(r_name = 'MIDDLE EAST'::bpchar)"}]}]}, {"Node Type": "Bitmap Heap Scan", "Parent Relationship": "Inner", "Relation Name": "customer", "Alias": "customer", "Startup Cost": 1030.37, "Total Cost": 6832.48, "Plan Rows": 60000, "Plan Width": 12, "Recheck Cond": "(c_nationkey = nation.n_nationkey)", "Plans": [{"Node Type": "Bitmap Index Scan", "Parent Relationship": "Outer", "Index Name": "idx_customer_nationkey", "Startup Cost": 0.0, "Total Cost": 1015.37, "Plan Rows": 60000, "Plan Width": 0, "Index Cond": "(c_nationkey = nation.n_nationkey)"}]}]}, {"Node Type": "Index Scan", "Parent Relationship": "Inner", "Scan Direction": "Forward", "Index Name": "idx_orders_custkey", "Relation Name": "orders", "Alias": "orders", "Startup Cost": 0.0, "Total Cost": 1.24, "Plan Rows": 1, "Plan Width": 16, "Index Cond": "(o_custkey = customer.c_custkey)", "Filter": "((o_orderdate >= '1994-01-01 00:00:00'::timestamp(0) without time zone) AND (o_orderdate < '1995-01-01 00:00:00'::timestamp without time zone))"}]}, {"Node Type": "Index Scan", "Parent Relationship": "Inner", "Scan Direction": "Forward", "Index Name": "idx_lineitem_orderkey", "Relation Name": "lineitem", "Alias": "lineitem", "Startup Cost": 0.0, "Total Cost": 3.05, "Plan Rows": 9, "Plan Width": 32, "Index Cond": "(l_orderkey = orders.o_orderkey)"}]}, {"Node Type": "Hash", "Parent Relationship": "Inner", "Startup Cost": 5334.54, "Total Cost": 5334.54, "Plan Rows": 100000, "Plan Width": 12, "Plans": [{"Node Type": "Index Scan", "Parent Relationship": "Outer", "Scan Direction": "Forward", "Index Name": "supplier_pkey", "Relation Name": "supplier", "Alias": "supplier", "Startup Cost": 0.0, "Total Cost": 5334.54, "Plan Rows": 100000, "Plan Width": 12}]}]}]}]}, "Unique SQL Id": 1392561963}, "explain_analyze_plan": {"Plan": {"Node Type": "Sort", "Startup Cost": 1722781.24, "Total Cost": 1722781.31, "Plan Rows": 25, "Plan Width": 42, "Actual Startup Time": 17131.002, "Actual Total Time": 17131.003, "Actual Rows": 5, "Actual Loops": 1, "Sort Key": ["(sum((lineitem.l_extendedprice * (1::double precision - lineitem.l_discount)))) DESC"], "Sort Method": "quicksort", "Sort Space Used": 25, "Sort Space Type": "Memory", "Plans": [{"Node Type": "Aggregate", "Strategy": "Hashed", "Parent Relationship": "Outer", "Startup Cost": 1722780.41, "Total Cost": 1722780.66, "Plan Rows": 25, "Plan Width": 42, "Actual Startup Time": 17130.981, "Actual Total Time": 17130.982, "Actual Rows": 5, "Actual Loops": 1, "Group By Key": ["nation.n_name"], "Plans": [{"Node Type": "Hash Join", "Parent Relationship": "Outer", "Join Type": "Inner", "Startup Cost": 7864.91, "Total Cost": 1722686.51, "Plan Rows": 9390, "Plan Width": 42, "Actual Startup Time": 111.787, "Actual Total Time": 17051.639, "Actual Rows": 72985, "Actual Loops": 1, "Inner Unique": true, "Hash Cond": "((lineitem.l_suppkey = supplier.s_suppkey) AND (customer.c_nationkey = supplier.s_nationkey))", "Plans": [{"Node Type": "Nested Loop", "Parent Relationship": "Outer", "Join Type": "Inner", "Startup Cost": 1030.37, "Total Cost": 1688090.96, "Plan Rows": 3688948, "Plan Width": 58, "Actual Startup Time": 18.897, "Actual Total Time": 16095.078, "Actual Rows": 1815222, "Actual Loops": 1, "Inner Unique": false, "Plans": [{"Node Type": "Nested Loop", "Parent Relationship": "Outer", "Join Type": "Inner", "Startup Cost": 1030.37, "Total Cost": 412296.55, "Plan Rows": 406290, "Plan Width": 42, "Actual Startup Time": 18.878, "Actual Total Time": 10003.183, "Actual Rows": 454183, "Actual Loops": 1, "Inner Unique": false, "Plans": [{"Node Type": "Nested Loop", "Parent Relationship": "Outer", "Join Type": "Inner", "Startup Cost": 1030.37, "Total Cost": 37187.75, "Plan Rows": 300000, "Plan Width": 42, "Actual Startup Time": 18.801, "Actual Total Time": 672.847, "Actual Rows": 299838, "Actual Loops": 1, "Inner Unique": false, "Plans": [{"Node Type": "Nested Loop", "Parent Relationship": "Outer", "Join Type": "Inner", "Startup Cost": 0.0, "Total Cost": 25.34, "Plan Rows": 5, "Plan Width": 30, "Actual Startup Time": 0.047, "Actual Total Time": 0.117, "Actual Rows": 5, "Actual Loops": 1, "Inner Unique": true, "Join Filter": "(nation.n_regionkey = region.r_regionkey)", "Rows Removed by Join Filter": 20, "Plans": [{"Node Type": "Index Scan", "Parent Relationship": "Outer", "Scan Direction": "Forward", "Index Name": "nation_pkey", "Relation Name": "nation", "Alias": "nation", "Startup Cost": 0.0, "Total Cost": 12.62, "Plan Rows": 25, "Plan Width": 34, "Actual Startup Time": 0.015, "Actual Total Time": 0.04, "Actual Rows": 25, "Actual Loops": 1}, {"Node Type": "Materialize", "Parent Relationship": "Inner", "Startup Cost": 0.0, "Total Cost": 12.34, "Plan Rows": 1, "Plan Width": 4, "Actual Startup Time": 0.03, "Actual Total Time": 0.035, "Actual Rows": 25, "Actual Loops": 25, "Plans": [{"Node Type": "Index Scan", "Parent Relationship": "Outer", "Scan Direction": "Forward", "Index Name": "region_pkey", "Relation Name": "region", "Alias": "region", "Startup Cost": 0.0, "Total Cost": 12.34, "Plan Rows": 1, "Plan Width": 4, "Actual Startup Time": 0.015, "Actual Total Time": 0.016, "Actual Rows": 1, "Actual Loops": 1, "Filter": "(r_name = 'MIDDLE EAST'::bpchar)", "Rows Removed by Filter": 4}]}]}, {"Node Type": "Bitmap Heap Scan", "Parent Relationship": "Inner", "Relation Name": "customer", "Alias": "customer", "Startup Cost": 1030.37, "Total Cost": 6832.48, "Plan Rows": 60000, "Plan Width": 12, "Actual Startup Time": 91.366, "Actual Total Time": 597.022, "Actual Rows": 299838, "Actual Loops": 5, "Recheck Cond": "(c_nationkey = nation.n_nationkey)", "Rows Removed by Index Recheck": 0, "Exact Heap Blocks": 150033, "Lossy Heap Blocks": 150033, "Plans": [{"Node Type": "Bitmap Index Scan", "Parent Relationship": "Outer", "Index Name": "idx_customer_nationkey", "Startup Cost": 0.0, "Total Cost": 1015.37, "Plan Rows": 60000, "Plan Width": 0, "Actual Startup Time": 58.414, "Actual Total Time": 58.414, "Actual Rows": 299838, "Actual Loops": 5, "Index Cond": "(c_nationkey = nation.n_nationkey)"}]}]}, {"Node Type": "Index Scan", "Parent Relationship": "Inner", "Scan Direction": "Forward", "Index Name": "idx_orders_custkey", "Relation Name": "orders", "Alias": "orders", "Startup Cost": 0.0, "Total Cost": 1.24, "Plan Rows": 1, "Plan Width": 16, "Actual Startup Time": 4270.328, "Actual Total Time": 9070.182, "Actual Rows": 454183, "Actual Loops": 299838, "Index Cond": "(o_custkey = customer.c_custkey)", "Rows Removed by Index Recheck": 0, "Filter": "((o_orderdate >= '1994-01-01 00:00:00'::timestamp(0) without time zone) AND (o_orderdate < '1995-01-01 00:00:00'::timestamp without time zone))", "Rows Removed by Filter": 2542535}]}, {"Node Type": "Index Scan", "Parent Relationship": "Inner", "Scan Direction": "Forward", "Index Name": "idx_lineitem_orderkey", "Relation Name": "lineitem", "Alias": "lineitem", "Startup Cost": 0.0, "Total Cost": 3.05, "Plan Rows": 9, "Plan Width": 32, "Actual Startup Time": 4460.032, "Actual Total Time": 5446.131, "Actual Rows": 1815222, "Actual Loops": 454183, "Index Cond": "(l_orderkey = orders.o_orderkey)", "Rows Removed by Index Recheck": 0}]}, {"Node Type": "Hash", "Parent Relationship": "Inner", "Startup Cost": 5334.54, "Total Cost": 5334.54, "Plan Rows": 100000, "Plan Width": 12, "Actual Startup Time": 92.65, "Actual Total Time": 92.65, "Actual Rows": 100000, "Actual Loops": 1, "Hash Buckets": 131072, "Hash Batches": 1, "Original Hash Batches": 1, "Peak Memory Usage": 4297, "Plans": [{"Node Type": "Index Scan", "Parent Relationship": "Outer", "Scan Direction": "Forward", "Index Name": "supplier_pkey", "Relation Name": "supplier", "Alias": "supplier", "Startup Cost": 0.0, "Total Cost": 5334.54, "Plan Rows": 100000, "Plan Width": 12, "Actual Startup Time": 0.025, "Actual Total Time": 60.816, "Actual Rows": 100000, "Actual Loops": 1}]}]}]}]}, "Triggers": [], "Planner Runtime": 7.133, "Total Runtime": 17131.597, "Unique SQL Id": 1392561963}}, "(1, 2)": {"explain_plan": {"Plan": {"Node Type": "Sort", "Startup Cost": 2457247.05, "Total Cost": 2457247.11, "Plan Rows": 25, "Plan Width": 42, "Sort Key": ["(sum((lineitem.l_extendedprice * (1::double precision - lineitem.l_discount)))) DESC"], "Plans": [{"Node Type": "Aggregate", "Strategy": "Hashed", "Parent Relationship": "Outer", "Startup Cost": 2457246.22, "Total Cost": 2457246.47, "Plan Rows": 25, "Plan Width": 42, "Group By Key": ["nation.n_name"], "Plans": [{"Node Type": "Hash Join", "Parent Relationship": "Outer", "Join Type": "Inner", "Startup Cost": 104058.84, "Total Cost": 2457152.32, "Plan Rows": 9390, "Plan Width": 42, "Inner Unique": true, "Hash Cond": "((lineitem.l_suppkey = supplier.s_suppkey) AND (customer.c_nationkey = supplier.s_nationkey))", "Plans": [{"Node Type": "Nested Loop", "Parent Relationship": "Outer", "Join Type": "Inner", "Startup Cost": 99275.84, "Total Cost": 2424608.31, "Plan Rows": 3688948, "Plan Width": 58, "Inner Unique": false, "Plans": [{"Node Type": "Hash Join", "Parent Relationship": "Outer", "Join Type": "Inner", "Startup Cost": 99275.12, "Total Cost": 422539.98, "Plan Rows": 406290, "Plan Width": 42, "Inner Unique": false, "Hash Cond": "(orders.o_custkey = customer.c_custkey), (LLVM Optimized)", "Plans": [{"Node Type": "Bitmap Heap Scan", "Parent Relationship": "Outer", "Relation Name": "orders", "Alias": "orders", "Startup Cost": 58360.27, "Total Cost": 369005.64, "Plan Rows": 2281758, "Plan Width": 16, "Recheck Cond": "((o_orderdate >= '1994-01-01 00:00:00'::timestamp(0) without time zone) AND (o_orderdate < '1995-01-01 00:00:00'::timestamp without time zone)), (LLVM Optimized)", "Plans": [{"Node Type": "Bitmap Index Scan", "Parent Relationship": "Outer", "Index Name": "idx_orders_orderdate", "Startup Cost": 0.0, "Total Cost": 57789.83, "Plan Rows": 2281758, "Plan Width": 0, "Index Cond": "((o_orderdate >= '1994-01-01 00:00:00'::timestamp(0) without time zone) AND (o_orderdate < '1995-01-01 00:00:00'::timestamp without time zone))"}]}, {"Node Type": "Hash", "Parent Relationship": "Inner", "Startup Cost": 37164.85, "Total Cost": 37164.85, "Plan Rows": 300000, "Plan Width": 42, "Plans": [{"Node Type": "Nested Loop", "Parent Relationship": "Outer", "Join Type": "Inner", "Startup Cost": 1031.44, "Total Cost": 37164.85, "Plan Rows": 300000, "Plan Width": 42, "Inner Unique": false, "Plans": [{"Node Type": "Hash Join", "Parent Relationship": "Outer", "Join Type": "Inner", "Startup Cost": 1.07, "Total Cost": 2.44, "Plan Rows": 5, "Plan Width": 30, "Inner Unique": true, "Hash Cond": "(nation.n_regionkey = region.r_regionkey)", "Plans": [{"Node Type": "Seq Scan", "Parent Relationship": "Outer", "Relation Name": "nation", "Alias": "nation", "Startup Cost": 0.0, "Total Cost": 1.25, "Plan Rows": 25, "Plan Width": 34}, {"Node Type": "Hash", "Parent Relationship": "Inner", "Startup Cost": 1.06, "Total Cost": 1.06, "Plan Rows": 1, "Plan Width": 4, "Plans": [{"Node Type": "Seq Scan", "Parent Relationship": "Outer", "Relation Name": "region", "Alias": "region", "Startup Cost": 0.0, "Total Cost": 1.06, "Plan Rows": 1, "Plan Width": 4, "Filter": "(r_name = 'MIDDLE EAST'::bpchar)"}]}]}, {"Node Type": "Bitmap Heap Scan", "Parent Relationship": "Inner", "Relation Name": "customer", "Alias": "customer", "Startup Cost": 1030.37, "Total Cost": 6832.48, "Plan Rows": 60000, "Plan Width": 12, "Recheck Cond": "(c_nationkey = nation.n_nationkey)", "Plans": [{"Node Type": "Bitmap Index Scan", "Parent Relationship": "Outer", "Index Name": "idx_customer_nationkey", "Startup Cost": 0.0, "Total Cost": 1015.37, "Plan Rows": 60000, "Plan Width": 0, "Index Cond": "(c_nationkey = nation.n_nationkey)"}]}]}]}]}, {"Node Type": "Bitmap Heap Scan", "Parent Relationship": "Inner", "Relation Name": "lineitem", "Alias": "lineitem", "Startup Cost": 0.73, "Total Cost": 4.84, "Plan Rows": 9, "Plan Width": 32, "Recheck Cond": "(l_orderkey = orders.o_orderkey)", "Plans": [{"Node Type": "Bitmap Index Scan", "Parent Relationship": "Outer", "Index Name": "idx_lineitem_orderkey", "Startup Cost": 0.0, "Total Cost": 0.72, "Plan Rows": 9, "Plan Width": 0, "Index Cond": "(l_orderkey = orders.o_orderkey)"}]}]}, {"Node Type": "Hash", "Parent Relationship": "Inner", "Startup Cost": 3283.0, "Total Cost": 3283.0, "Plan Rows": 100000, "Plan Width": 12, "Plans": [{"Node Type": "Seq Scan", "Parent Relationship": "Outer", "Relation Name": "supplier", "Alias": "supplier", "Startup Cost": 0.0, "Total Cost": 3283.0, "Plan Rows": 100000, "Plan Width": 12}]}]}]}]}, "Unique SQL Id": 1392561963}, "explain_analyze_plan": {"Plan": {"Node Type": "Sort", "Startup Cost": 2457247.05, "Total Cost": 2457247.11, "Plan Rows": 25, "Plan Width": 42, "Actual Startup Time": 10016.715, "Actual Total Time": 10016.716, "Actual Rows": 5, "Actual Loops": 1, "Sort Key": ["(sum((lineitem.l_extendedprice * (1::double precision - lineitem.l_discount)))) DESC"], "Sort Method": "quicksort", "Sort Space Used": 25, "Sort Space Type": "Memory", "Plans": [{"Node Type": "Aggregate", "Strategy": "Hashed", "Parent Relationship": "Outer", "Startup Cost": 2457246.22, "Total Cost": 2457246.47, "Plan Rows": 25, "Plan Width": 42, "Actual Startup Time": 10016.685, "Actual Total Time": 10016.685, "Actual Rows": 5, "Actual Loops": 1, "Group By Key": ["nation.n_name"], "Plans": [{"Node Type": "Hash Join", "Parent Relationship": "Outer", "Join Type": "Inner", "Startup Cost": 104058.84, "Total Cost": 2457152.32, "Plan Rows": 9390, "Plan Width": 42, "Actual Startup Time": 1421.213, "Actual Total Time": 9937.329, "Actual Rows": 72985, "Actual Loops": 1, "Inner Unique": true, "Hash Cond": "((lineitem.l_suppkey = supplier.s_suppkey) AND (customer.c_nationkey = supplier.s_nationkey))", "Plans": [{"Node Type": "Nested Loop", "Parent Relationship": "Outer", "Join Type": "Inner", "Startup Cost": 99275.84, "Total Cost": 2424608.31, "Plan Rows": 3688948, "Plan Width": 58, "Actual Startup Time": 1353.747, "Actual Total Time": 9142.644, "Actual Rows": 1815222, "Actual Loops": 1, "Inner Unique": false, "Plans": [{"Node Type": "Hash Join", "Parent Relationship": "Outer", "Join Type": "Inner", "Startup Cost": 99275.12, "Total Cost": 422539.98, "Plan Rows": 406290, "Plan Width": 42, "Actual Startup Time": 1353.679, "Actual Total Time": 4183.794, "Actual Rows": 454183, "Actual Loops": 1, "Inner Unique": false, "Hash Cond": "(orders.o_custkey = customer.c_custkey), (LLVM Optimized, Jit Execute)", "Plans": [{"Node Type": "Bitmap Heap Scan", "Parent Relationship": "Outer", "Relation Name": "orders", "Alias": "orders", "Startup Cost": 58360.27, "Total Cost": 369005.64, "Plan Rows": 2281758, "Plan Width": 16, "Actual Startup Time": 705.311, "Actual Total Time": 2424.409, "Actual Rows": 2275919, "Actual Loops": 1, "Recheck Cond": "((o_orderdate >= '1994-01-01 00:00:00'::timestamp(0) without time zone) AND (o_orderdate < '1995-01-01 00:00:00'::timestamp without time zone)), (LLVM Optimized, Jit Execute)", "Rows Removed by Index Recheck": 0, "Exact Heap Blocks": 276381, "Lossy Heap Blocks": 276381, "Plans": [{"Node Type": "Bitmap Index Scan", "Parent Relationship": "Outer", "Index Name": "idx_orders_orderdate", "Startup Cost": 0.0, "Total Cost": 57789.83, "Plan Rows": 2281758, "Plan Width": 0, "Actual Startup Time": 616.82, "Actual Total Time": 616.82, "Actual Rows": 2275919, "Actual Loops": 1, "Index Cond": "((o_orderdate >= '1994-01-01 00:00:00'::timestamp(0) without time zone) AND (o_orderdate < '1995-01-01 00:00:00'::timestamp without time zone))"}]}, {"Node Type": "Hash", "Parent Relationship": "Inner", "Startup Cost": 37164.85, "Total Cost": 37164.85, "Plan Rows": 300000, "Plan Width": 42, "Actual Startup Time": 647.953, "Actual Total Time": 647.953, "Actual Rows": 299838, "Actual Loops": 1, "Hash Buckets": 524288, "Hash Batches": 1, "Original Hash Batches": 1, "Peak Memory Usage": 22254, "Plans": [{"Node Type": "Nested Loop", "Parent Relationship": "Outer", "Join Type": "Inner", "Startup Cost": 1031.44, "Total Cost": 37164.85, "Plan Rows": 300000, "Plan Width": 42, "Actual Startup Time": 19.353, "Actual Total Time": 537.178, "Actual Rows": 299838, "Actual Loops": 1, "Inner Unique": false, "Plans": [{"Node Type": "Hash Join", "Parent Relationship": "Outer", "Join Type": "Inner", "Startup Cost": 1.07, "Total Cost": 2.44, "Plan Rows": 5, "Plan Width": 30, "Actual Startup Time": 0.102, "Actual Total Time": 0.177, "Actual Rows": 5, "Actual Loops": 1, "Inner Unique": true, "Hash Cond": "(nation.n_regionkey = region.r_regionkey)", "Plans": [{"Node Type": "Seq Scan", "Parent Relationship": "Outer", "Relation Name": "nation", "Alias": "nation", "Startup Cost": 0.0, "Total Cost": 1.25, "Plan Rows": 25, "Plan Width": 34, "Actual Startup Time": 0.017, "Actual Total Time": 0.039, "Actual Rows": 25, "Actual Loops": 1}, {"Node Type": "Hash", "Parent Relationship": "Inner", "Startup Cost": 1.06, "Total Cost": 1.06, "Plan Rows": 1, "Plan Width": 4, "Actual Startup Time": 0.032, "Actual Total Time": 0.032, "Actual Rows": 1, "Actual Loops": 1, "Hash Buckets": 32768, "Hash Batches": 1, "Original Hash Batches": 1, "Peak Memory Usage": 1, "Plans": [{"Node Type": "Seq Scan", "Parent Relationship": "Outer", "Relation Name": "region", "Alias": "region", "Startup Cost": 0.0, "Total Cost": 1.06, "Plan Rows": 1, "Plan Width": 4, "Actual Startup Time": 0.025, "Actual Total Time": 0.026, "Actual Rows": 1, "Actual Loops": 1, "Filter": "(r_name = 'MIDDLE EAST'::bpchar)", "Rows Removed by Filter": 4}]}]}, {"Node Type": "Bitmap Heap Scan", "Parent Relationship": "Inner", "Relation Name": "customer", "Alias": "customer", "Startup Cost": 1030.37, "Total Cost": 6832.48, "Plan Rows": 60000, "Plan Width": 12, "Actual Startup Time": 90.117, "Actual Total Time": 468.891, "Actual Rows": 299838, "Actual Loops": 5, "Recheck Cond": "(c_nationkey = nation.n_nationkey)", "Rows Removed by Index Recheck": 0, "Exact Heap Blocks": 150033, "Lossy Heap Blocks": 150033, "Plans": [{"Node Type": "Bitmap Index Scan", "Parent Relationship": "Outer", "Index Name": "idx_customer_nationkey", "Startup Cost": 0.0, "Total Cost": 1015.37, "Plan Rows": 60000, "Plan Width": 0, "Actual Startup Time": 57.226, "Actual Total Time": 57.226, "Actual Rows": 299838, "Actual Loops": 5, "Index Cond": "(c_nationkey = nation.n_nationkey)"}]}]}]}]}, {"Node Type": "Bitmap Heap Scan", "Parent Relationship": "Inner", "Relation Name": "lineitem", "Alias": "lineitem", "Startup Cost": 0.73, "Total Cost": 4.84, "Plan Rows": 9, "Plan Width": 32, "Actual Startup Time": 3732.72, "Actual Total Time": 4049.051, "Actual Rows": 1815222, "Actual Loops": 454183, "Recheck Cond": "(l_orderkey = orders.o_orderkey)", "Rows Removed by Index Recheck": 0, "Exact Heap Blocks": 486530, "Lossy Heap Blocks": 486530, "Plans": [{"Node Type": "Bitmap Index Scan", "Parent Relationship": "Outer", "Index Name": "idx_lineitem_orderkey", "Startup Cost": 0.0, "Total Cost": 0.72, "Plan Rows": 9, "Plan Width": 0, "Actual Startup Time": 2078.6, "Actual Total Time": 2078.6, "Actual Rows": 1815222, "Actual Loops": 454183, "Index Cond": "(l_orderkey = orders.o_orderkey)"}]}]}, {"Node Type": "Hash", "Parent Relationship": "Inner", "Startup Cost": 3283.0, "Total Cost": 3283.0, "Plan Rows": 100000, "Plan Width": 12, "Actual Startup Time": 67.318, "Actual Total Time": 67.318, "Actual Rows": 100000, "Actual Loops": 1, "Hash Buckets": 131072, "Hash Batches": 1, "Original Hash Batches": 1, "Peak Memory Usage": 4297, "Plans": [{"Node Type": "Seq Scan", "Parent Relationship": "Outer", "Relation Name": "supplier", "Alias": "supplier", "Startup Cost": 0.0, "Total Cost": 3283.0, "Plan Rows": 100000, "Plan Width": 12, "Actual Startup Time": 0.029, "Actual Total Time": 36.397, "Actual Rows": 100000, "Actual Loops": 1}]}]}]}]}, "Triggers": [], "Planner Runtime": 6.272, "Total Runtime": 10026.442, "Unique SQL Id": 1392561963}}, "(1, 3)": {"explain_plan": {"Plan": {"Node Type": "Sort", "Startup Cost": 46003135.57, "Total Cost": 46003135.63, "Plan Rows": 25, "Plan Width": 42, "Sort Key": ["(sum((lineitem.l_extendedprice * (1::double precision - lineitem.l_discount)))) DESC"], "Plans": [{"Node Type": "Aggregate", "Strategy": "Hashed", "Parent Relationship": "Outer", "Startup Cost": 46003134.74, "Total Cost": 46003134.99, "Plan Rows": 25, "Plan Width": 42, "Group By Key": ["nation.n_name"], "Plans": [{"Node Type": "Nested Loop", "Parent Relationship": "Outer", "Join Type": "Inner", "Startup Cost": 58362.35, "Total Cost": 46003040.84, "Plan Rows": 9390, "Plan Width": 42, "Inner Unique": true, "Join Filter": "(customer.c_nationkey = supplier.s_nationkey)", "Plans": [{"Node Type": "Nested Loop", "Parent Relationship": "Outer", "Join Type": "Inner", "Startup Cost": 58362.1, "Total Cost": 30204103.6, "Plan Rows": 3688948, "Plan Width": 58, "Inner Unique": false, "Plans": [{"Node Type": "Nested Loop", "Parent Relationship": "Outer", "Join Type": "Inner", "Startup Cost": 58361.37, "Total Cost": 28202035.27, "Plan Rows": 406290, "Plan Width": 42, "Inner Unique": true, "Plans": [{"Node Type": "Nested Loop", "Parent Relationship": "Outer", "Join Type": "Inner", "Startup Cost": 58360.79, "Total Cost": 18851769.58, "Plan Rows": 2031452, "Plan Width": 46, "Inner Unique": true, "Plans": [{"Node Type": "Nested Loop", "Parent Relationship": "Outer", "Join Type": "Inner", "Startup Cost": 58360.54, "Total Cost": 10156636.32, "Plan Rows": 2031452, "Plan Width": 12, "Inner Unique": true, "Plans": [{"Node Type": "Bitmap Heap Scan", "Parent Relationship": "Outer", "Relation Name": "orders", "Alias": "orders", "Startup Cost": 58360.27, "Total Cost": 369005.64, "Plan Rows": 2281758, "Plan Width": 16, "Recheck Cond": "((o_orderdate >= '1994-01-01 00:00:00'::timestamp(0) without time zone) AND (o_orderdate < '1995-01-01 00:00:00'::timestamp without time zone)), (LLVM Optimized)", "Plans": [{"Node Type": "Bitmap Index Scan", "Parent Relationship": "Outer", "Index Name": "idx_orders_orderdate", "Startup Cost": 0.0, "Total Cost": 57789.83, "Plan Rows": 2281758, "Plan Width": 0, "Index Cond": "((o_orderdate >= '1994-01-01 00:00:00'::timestamp(0) without time zone) AND (o_orderdate < '1995-01-01 00:00:00'::timestamp without time zone))"}]}, {"Node Type": "Bitmap Heap Scan", "Parent Relationship": "Inner", "Relation Name": "customer", "Alias": "customer", "Startup Cost": 0.27, "Total Cost": 4.28, "Plan Rows": 1, "Plan Width": 12, "Recheck Cond": "(c_custkey = orders.o_custkey)", "Plans": [{"Node Type": "Bitmap Index Scan", "Parent Relationship": "Outer", "Index Name": "customer_pkey", "Startup Cost": 0.0, "Total Cost": 0.27, "Plan Rows": 1, "Plan Width": 0, "Index Cond": "(c_custkey = orders.o_custkey)"}]}]}, {"Node Type": "Bitmap Heap Scan", "Parent Relationship": "Inner", "Relation Name": "nation", "Alias": "nation", "Startup Cost": 0.26, "Total Cost": 4.27, "Plan Rows": 1, "Plan Width": 34, "Recheck Cond": "(n_nationkey = customer.c_nationkey)", "Plans": [{"Node Type": "Bitmap Index Scan", "Parent Relationship": "Outer", "Index Name": "nation_pkey", "Startup Cost": 0.0, "Total Cost": 0.26, "Plan Rows": 1, "Plan Width": 0, "Index Cond": "(n_nationkey = customer.c_nationkey)"}]}]}, {"Node Type": "Bitmap Heap Scan", "Parent Relationship": "Inner", "Relation Name": "region", "Alias": "region", "Startup Cost": 0.58, "Total Cost": 4.59, "Plan Rows": 1, "Plan Width": 4, "Recheck Cond": "(r_regionkey = nation.n_regionkey)", "Filter": "(r_name = 'MIDDLE EAST'::bpchar)", "Plans": [{"Node Type": "Bitmap Index Scan", "Parent Relationship": "Outer", "Index Name": "region_pkey", "Startup Cost": 0.0, "Total Cost": 0.58, "Plan Rows": 1, "Plan Width": 0, "Index Cond": "(r_regionkey = nation.n_regionkey)"}]}]}, {"Node Type": "Bitmap Heap Scan", "Parent Relationship": "Inner", "Relation Name": "lineitem", "Alias": "lineitem", "Startup Cost": 0.73, "Total Cost": 4.84, "Plan Rows": 9, "Plan Width": 32, "Recheck Cond": "(l_orderkey = orders.o_orderkey)", "Plans": [{"Node Type": "Bitmap Index Scan", "Parent Relationship": "Outer", "Index Name": "idx_lineitem_orderkey", "Startup Cost": 0.0, "Total Cost": 0.72, "Plan Rows": 9, "Plan Width": 0, "Index Cond": "(l_orderkey = orders.o_orderkey)"}]}]}, {"Node Type": "Bitmap Heap Scan", "Parent Relationship": "Inner", "Relation Name": "supplier", "Alias": "supplier", "Startup Cost": 0.26, "Total Cost": 4.27, "Plan Rows": 1, "Plan Width": 12, "Recheck Cond": "(s_suppkey = lineitem.l_suppkey)", "Plans": [{"Node Type": "Bitmap Index Scan", "Parent Relationship": "Outer", "Index Name": "supplier_pkey", "Startup Cost": 0.0, "Total Cost": 0.26, "Plan Rows": 1, "Plan Width": 0, "Index Cond": "(s_suppkey = lineitem.l_suppkey)"}]}]}]}]}, "Unique SQL Id": 1392561963}, "explain_analyze_plan": null}, "(1, 4)": {"explain_plan": {"Plan": {"Node Type": "Sort", "Startup Cost": 1720718.42, "Total Cost": 1720718.49, "Plan Rows": 25, "Plan Width": 42, "Sort Key": ["(sum((lineitem.l_extendedprice * (1::double precision - lineitem.l_discount)))) DESC"], "Plans": [{"Node Type": "Aggregate", "Strategy": "Hashed", "Parent Relationship": "Outer", "Startup Cost": 1720717.59, "Total Cost": 1720717.84, "Plan Rows": 25, "Plan Width": 42, "Group By Key": ["nation.n_name"], "Plans": [{"Node Type": "Hash Join", "Parent Relationship": "Outer", "Join Type": "Inner", "Startup Cost": 5813.37, "Total Cost": 1720623.69, "Plan Rows": 9390, "Plan Width": 42, "Inner Unique": true, "Hash Cond": "((lineitem.l_suppkey = supplier.s_suppkey) AND (customer.c_nationkey = supplier.s_nationkey))", "Plans": [{"Node Type": "Nested Loop", "Parent Relationship": "Outer", "Join Type": "Inner", "Startup Cost": 1030.37, "Total Cost": 1688079.68, "Plan Rows": 3688948, "Plan Width": 58, "Inner Unique": false, "Plans": [{"Node Type": "Nested Loop", "Parent Relationship": "Outer", "Join Type": "Inner", "Startup Cost": 1030.37, "Total Cost": 412285.27, "Plan Rows": 406290, "Plan Width": 42, "Inner Unique": false, "Plans": [{"Node Type": "Nested Loop", "Parent Relationship": "Outer", "Join Type": "Inner", "Startup Cost": 1030.37, "Total Cost": 37176.47, "Plan Rows": 300000, "Plan Width": 42, "Inner Unique": false, "Plans": [{"Node Type": "Nested Loop", "Parent Relationship": "Outer", "Join Type": "Inner", "Startup Cost": 0.0, "Total Cost": 14.06, "Plan Rows": 5, "Plan Width": 30, "Inner Unique": true, "Join Filter": "(nation.n_regionkey = region.r_regionkey)", "Plans": [{"Node Type": "Index Scan", "Parent Relationship": "Outer", "Scan Direction": "Forward", "Index Name": "nation_pkey", "Relation Name": "nation", "Alias": "nation", "Startup Cost": 0.0, "Total Cost": 12.62, "Plan Rows": 25, "Plan Width": 34}, {"Node Type": "Materialize", "Parent Relationship": "Inner", "Startup Cost": 0.0, "Total Cost": 1.07, "Plan Rows": 1, "Plan Width": 4, "Plans": [{"Node Type": "Seq Scan", "Parent Relationship": "Outer", "Relation Name": "region", "Alias": "region", "Startup Cost": 0.0, "Total Cost": 1.06, "Plan Rows": 1, "Plan Width": 4, "Filter": "(r_name = 'MIDDLE EAST'::bpchar)"}]}]}, {"Node Type": "Bitmap Heap Scan", "Parent Relationship": "Inner", "Relation Name": "customer", "Alias": "customer", "Startup Cost": 1030.37, "Total Cost": 6832.48, "Plan Rows": 60000, "Plan Width": 12, "Recheck Cond": "(c_nationkey = nation.n_nationkey)", "Plans": [{"Node Type": "Bitmap Index Scan", "Parent Relationship": "Outer", "Index Name": "idx_customer_nationkey", "Startup Cost": 0.0, "Total Cost": 1015.37, "Plan Rows": 60000, "Plan Width": 0, "Index Cond": "(c_nationkey = nation.n_nationkey)"}]}]}, {"Node Type": "Index Scan", "Parent Relationship": "Inner", "Scan Direction": "Forward", "Index Name": "idx_orders_custkey", "Relation Name": "orders", "Alias": "orders", "Startup Cost": 0.0, "Total Cost": 1.24, "Plan Rows": 1, "Plan Width": 16, "Index Cond": "(o_custkey = customer.c_custkey)", "Filter": "((o_orderdate >= '1994-01-01 00:00:00'::timestamp(0) without time zone) AND (o_orderdate < '1995-01-01 00:00:00'::timestamp without time zone))"}]}, {"Node Type": "Index Scan", "Parent Relationship": "Inner", "Scan Direction": "Forward", "Index Name": "idx_lineitem_orderkey", "Relation Name": "lineitem", "Alias": "lineitem", "Startup Cost": 0.0, "Total Cost": 3.05, "Plan Rows": 9, "Plan Width": 32, "Index Cond": "(l_orderkey = orders.o_orderkey)"}]}, {"Node Type": "Hash", "Parent Relationship": "Inner", "Startup Cost": 3283.0, "Total Cost": 3283.0, "Plan Rows": 100000, "Plan Width": 12, "Plans": [{"Node Type": "Seq Scan", "Parent Relationship": "Outer", "Relation Name": "supplier", "Alias": "supplier", "Startup Cost": 0.0, "Total Cost": 3283.0, "Plan Rows": 100000, "Plan Width": 12}]}]}]}]}, "Unique SQL Id": 1392561963}, "explain_analyze_plan": {"Plan": {"Node Type": "Sort", "Startup Cost": 1720718.42, "Total Cost": 1720718.49, "Plan Rows": 25, "Plan Width": 42, "Actual Startup Time": 16850.387, "Actual Total Time": 16850.387, "Actual Rows": 5, "Actual Loops": 1, "Sort Key": ["(sum((lineitem.l_extendedprice * (1::double precision - lineitem.l_discount)))) DESC"], "Sort Method": "quicksort", "Sort Space Used": 25, "Sort Space Type": "Memory", "Plans": [{"Node Type": "Aggregate", "Strategy": "Hashed", "Parent Relationship": "Outer", "Startup Cost": 1720717.59, "Total Cost": 1720717.84, "Plan Rows": 25, "Plan Width": 42, "Actual Startup Time": 16850.352, "Actual Total Time": 16850.355, "Actual Rows": 5, "Actual Loops": 1, "Group By Key": ["nation.n_name"], "Plans": [{"Node Type": "Hash Join", "Parent Relationship": "Outer", "Join Type": "Inner", "Startup Cost": 5813.37, "Total Cost": 1720623.69, "Plan Rows": 9390, "Plan Width": 42, "Actual Startup Time": 87.589, "Actual Total Time": 16770.082, "Actual Rows": 72985, "Actual Loops": 1, "Inner Unique": true, "Hash Cond": "((lineitem.l_suppkey = supplier.s_suppkey) AND (customer.c_nationkey = supplier.s_nationkey))", "Plans": [{"Node Type": "Nested Loop", "Parent Relationship": "Outer", "Join Type": "Inner", "Startup Cost": 1030.37, "Total Cost": 1688079.68, "Plan Rows": 3688948, "Plan Width": 58, "Actual Startup Time": 19.109, "Actual Total Time": 15845.366, "Actual Rows": 1815222, "Actual Loops": 1, "Inner Unique": false, "Plans": [{"Node Type": "Nested Loop", "Parent Relationship": "Outer", "Join Type": "Inner", "Startup Cost": 1030.37, "Total Cost": 412285.27, "Plan Rows": 406290, "Plan Width": 42, "Actual Startup Time": 19.089, "Actual Total Time": 9833.848, "Actual Rows": 454183, "Actual Loops": 1, "Inner Unique": false, "Plans": [{"Node Type": "Nested Loop", "Parent Relationship": "Outer", "Join Type": "Inner", "Startup Cost": 1030.37, "Total Cost": 37176.47, "Plan Rows": 300000, "Plan Width": 42, "Actual Startup Time": 19.013, "Actual Total Time": 662.081, "Actual Rows": 299838, "Actual Loops": 1, "Inner Unique": false, "Plans": [{"Node Type": "Nested Loop", "Parent Relationship": "Outer", "Join Type": "Inner", "Startup Cost": 0.0, "Total Cost": 14.06, "Plan Rows": 5, "Plan Width": 30, "Actual Startup Time": 0.052, "Actual Total Time": 0.214, "Actual Rows": 5, "Actual Loops": 1, "Inner Unique": true, "Join Filter": "(nation.n_regionkey = region.r_regionkey)", "Rows Removed by Join Filter": 20, "Plans": [{"Node Type": "Index Scan", "Parent Relationship": "Outer", "Scan Direction": "Forward", "Index Name": "nation_pkey", "Relation Name": "nation", "Alias": "nation", "Startup Cost": 0.0, "Total Cost": 12.62, "Plan Rows": 25, "Plan Width": 34, "Actual Startup Time": 0.013, "Actual Total Time": 0.056, "Actual Rows": 25, "Actual Loops": 1}, {"Node Type": "Materialize", "Parent Relationship": "Inner", "Startup Cost": 0.0, "Total Cost": 1.07, "Plan Rows": 1, "Plan Width": 4, "Actual Startup Time": 0.104, "Actual Total Time": 0.107, "Actual Rows": 25, "Actual Loops": 25, "Plans": [{"Node Type": "Seq Scan", "Parent Relationship": "Outer", "Relation Name": "region", "Alias": "region", "Startup Cost": 0.0, "Total Cost": 1.06, "Plan Rows": 1, "Plan Width": 4, "Actual Startup Time": 0.021, "Actual Total Time": 0.023, "Actual Rows": 1, "Actual Loops": 1, "Filter": "(r_name = 'MIDDLE EAST'::bpchar)", "Rows Removed by Filter": 4}]}]}, {"Node Type": "Bitmap Heap Scan", "Parent Relationship": "Inner", "Relation Name": "customer", "Alias": "customer", "Startup Cost": 1030.37, "Total Cost": 6832.48, "Plan Rows": 60000, "Plan Width": 12, "Actual Startup Time": 92.01, "Actual Total Time": 587.847, "Actual Rows": 299838, "Actual Loops": 5, "Recheck Cond": "(c_nationkey = nation.n_nationkey)", "Rows Removed by Index Recheck": 0, "Exact Heap Blocks": 150033, "Lossy Heap Blocks": 150033, "Plans": [{"Node Type": "Bitmap Index Scan", "Parent Relationship": "Outer", "Index Name": "idx_customer_nationkey", "Startup Cost": 0.0, "Total Cost": 1015.37, "Plan Rows": 60000, "Plan Width": 0, "Actual Startup Time": 59.053, "Actual Total Time": 59.053, "Actual Rows": 299838, "Actual Loops": 5, "Index Cond": "(c_nationkey = nation.n_nationkey)"}]}]}, {"Node Type": "Index Scan", "Parent Relationship": "Inner", "Scan Direction": "Forward", "Index Name": "idx_orders_custkey", "Relation Name": "orders", "Alias": "orders", "Startup Cost": 0.0, "Total Cost": 1.24, "Plan Rows": 1, "Plan Width": 16, "Actual Startup Time": 4195.291, "Actual Total Time": 8911.632, "Actual Rows": 454183, "Actual Loops": 299838, "Index Cond": "(o_custkey = customer.c_custkey)", "Rows Removed by Index Recheck": 0, "Filter": "((o_orderdate >= '1994-01-01 00:00:00'::timestamp(0) without time zone) AND (o_orderdate < '1995-01-01 00:00:00'::timestamp without time zone))", "Rows Removed by Filter": 2542535}]}, {"Node Type": "Index Scan", "Parent Relationship": "Inner", "Scan Direction": "Forward", "Index Name": "idx_lineitem_orderkey", "Relation Name": "lineitem", "Alias": "lineitem", "Startup Cost": 0.0, "Total Cost": 3.05, "Plan Rows": 9, "Plan Width": 32, "Actual Startup Time": 4389.838, "Actual Total Time": 5365.974, "Actual Rows": 1815222, "Actual Loops": 454183, "Index Cond": "(l_orderkey = orders.o_orderkey)", "Rows Removed by Index Recheck": 0}]}, {"Node Type": "Hash", "Parent Relationship": "Inner", "Startup Cost": 3283.0, "Total Cost": 3283.0, "Plan Rows": 100000, "Plan Width": 12, "Actual Startup Time": 68.231, "Actual Total Time": 68.231, "Actual Rows": 100000, "Actual Loops": 1, "Hash Buckets": 131072, "Hash Batches": 1, "Original Hash Batches": 1, "Peak Memory Usage": 4297, "Plans": [{"Node Type": "Seq Scan", "Parent Relationship": "Outer", "Relation Name": "supplier", "Alias": "supplier", "Startup Cost": 0.0, "Total Cost": 3283.0, "Plan Rows": 100000, "Plan Width": 12, "Actual Startup Time": 0.021, "Actual Total Time": 36.519, "Actual Rows": 100000, "Actual Loops": 1}]}]}]}]}, "Triggers": [], "Planner Runtime": 7.268, "Total Runtime": 16850.847, "Unique SQL Id": 1392561963}}, "(1, 5)": {"explain_plan": {"Plan": {"Node Type": "Sort", "Startup Cost": 1722781.24, "Total Cost": 1722781.31, "Plan Rows": 25, "Plan Width": 42, "Sort Key": ["(sum((lineitem.l_extendedprice * (1::double precision - lineitem.l_discount)))) DESC"], "Plans": [{"Node Type": "Aggregate", "Strategy": "Hashed", "Parent Relationship": "Outer", "Startup Cost": 1722780.41, "Total Cost": 1722780.66, "Plan Rows": 25, "Plan Width": 42, "Group By Key": ["nation.n_name"], "Plans": [{"Node Type": "Hash Join", "Parent Relationship": "Outer", "Join Type": "Inner", "Startup Cost": 7864.91, "Total Cost": 1722686.51, "Plan Rows": 9390, "Plan Width": 42, "Inner Unique": true, "Hash Cond": "((lineitem.l_suppkey = supplier.s_suppkey) AND (customer.c_nationkey = supplier.s_nationkey))", "Plans": [{"Node Type": "Nested Loop", "Parent Relationship": "Outer", "Join Type": "Inner", "Startup Cost": 1030.37, "Total Cost": 1688090.96, "Plan Rows": 3688948, "Plan Width": 58, "Inner Unique": false, "Plans": [{"Node Type": "Nested Loop", "Parent Relationship": "Outer", "Join Type": "Inner", "Startup Cost": 1030.37, "Total Cost": 412296.55, "Plan Rows": 406290, "Plan Width": 42, "Inner Unique": false, "Plans": [{"Node Type": "Nested Loop", "Parent Relationship": "Outer", "Join Type": "Inner", "Startup Cost": 1030.37, "Total Cost": 37187.75, "Plan Rows": 300000, "Plan Width": 42, "Inner Unique": false, "Plans": [{"Node Type": "Nested Loop", "Parent Relationship": "Outer", "Join Type": "Inner", "Startup Cost": 0.0, "Total Cost": 25.34, "Plan Rows": 5, "Plan Width": 30, "Inner Unique": true, "Join Filter": "(nation.n_regionkey = region.r_regionkey)", "Plans": [{"Node Type": "Index Scan", "Parent Relationship": "Outer", "Scan Direction": "Forward", "Index Name": "nation_pkey", "Relation Name": "nation", "Alias": "nation", "Startup Cost": 0.0, "Total Cost": 12.62, "Plan Rows": 25, "Plan Width": 34}, {"Node Type": "Materialize", "Parent Relationship": "Inner", "Startup Cost": 0.0, "Total Cost": 12.34, "Plan Rows": 1, "Plan Width": 4, "Plans": [{"Node Type": "Index Scan", "Parent Relationship": "Outer", "Scan Direction": "Forward", "Index Name": "region_pkey", "Relation Name": "region", "Alias": "region", "Startup Cost": 0.0, "Total Cost": 12.34, "Plan Rows": 1, "Plan Width": 4, "Filter": "(r_name = 'MIDDLE EAST'::bpchar)"}]}]}, {"Node Type": "Bitmap Heap Scan", "Parent Relationship": "Inner", "Relation Name": "customer", "Alias": "customer", "Startup Cost": 1030.37, "Total Cost": 6832.48, "Plan Rows": 60000, "Plan Width": 12, "Recheck Cond": "(c_nationkey = nation.n_nationkey)", "Plans": [{"Node Type": "Bitmap Index Scan", "Parent Relationship": "Outer", "Index Name": "idx_customer_nationkey", "Startup Cost": 0.0, "Total Cost": 1015.37, "Plan Rows": 60000, "Plan Width": 0, "Index Cond": "(c_nationkey = nation.n_nationkey)"}]}]}, {"Node Type": "Index Scan", "Parent Relationship": "Inner", "Scan Direction": "Forward", "Index Name": "idx_orders_custkey", "Relation Name": "orders", "Alias": "orders", "Startup Cost": 0.0, "Total Cost": 1.24, "Plan Rows": 1, "Plan Width": 16, "Index Cond": "(o_custkey = customer.c_custkey)", "Filter": "((o_orderdate >= '1994-01-01 00:00:00'::timestamp(0) without time zone) AND (o_orderdate < '1995-01-01 00:00:00'::timestamp without time zone))"}]}, {"Node Type": "Index Scan", "Parent Relationship": "Inner", "Scan Direction": "Forward", "Index Name": "idx_lineitem_orderkey", "Relation Name": "lineitem", "Alias": "lineitem", "Startup Cost": 0.0, "Total Cost": 3.05, "Plan Rows": 9, "Plan Width": 32, "Index Cond": "(l_orderkey = orders.o_orderkey)"}]}, {"Node Type": "Hash", "Parent Relationship": "Inner", "Startup Cost": 5334.54, "Total Cost": 5334.54, "Plan Rows": 100000, "Plan Width": 12, "Plans": [{"Node Type": "Index Scan", "Parent Relationship": "Outer", "Scan Direction": "Forward", "Index Name": "supplier_pkey", "Relation Name": "supplier", "Alias": "supplier", "Startup Cost": 0.0, "Total Cost": 5334.54, "Plan Rows": 100000, "Plan Width": 12}]}]}]}]}, "Unique SQL Id": 1392561963}, "explain_analyze_plan": {"Plan": {"Node Type": "Sort", "Startup Cost": 1722781.24, "Total Cost": 1722781.31, "Plan Rows": 25, "Plan Width": 42, "Actual Startup Time": 17131.002, "Actual Total Time": 17131.003, "Actual Rows": 5, "Actual Loops": 1, "Sort Key": ["(sum((lineitem.l_extendedprice * (1::double precision - lineitem.l_discount)))) DESC"], "Sort Method": "quicksort", "Sort Space Used": 25, "Sort Space Type": "Memory", "Plans": [{"Node Type": "Aggregate", "Strategy": "Hashed", "Parent Relationship": "Outer", "Startup Cost": 1722780.41, "Total Cost": 1722780.66, "Plan Rows": 25, "Plan Width": 42, "Actual Startup Time": 17130.981, "Actual Total Time": 17130.982, "Actual Rows": 5, "Actual Loops": 1, "Group By Key": ["nation.n_name"], "Plans": [{"Node Type": "Hash Join", "Parent Relationship": "Outer", "Join Type": "Inner", "Startup Cost": 7864.91, "Total Cost": 1722686.51, "Plan Rows": 9390, "Plan Width": 42, "Actual Startup Time": 111.787, "Actual Total Time": 17051.639, "Actual Rows": 72985, "Actual Loops": 1, "Inner Unique": true, "Hash Cond": "((lineitem.l_suppkey = supplier.s_suppkey) AND (customer.c_nationkey = supplier.s_nationkey))", "Plans": [{"Node Type": "Nested Loop", "Parent Relationship": "Outer", "Join Type": "Inner", "Startup Cost": 1030.37, "Total Cost": 1688090.96, "Plan Rows": 3688948, "Plan Width": 58, "Actual Startup Time": 18.897, "Actual Total Time": 16095.078, "Actual Rows": 1815222, "Actual Loops": 1, "Inner Unique": false, "Plans": [{"Node Type": "Nested Loop", "Parent Relationship": "Outer", "Join Type": "Inner", "Startup Cost": 1030.37, "Total Cost": 412296.55, "Plan Rows": 406290, "Plan Width": 42, "Actual Startup Time": 18.878, "Actual Total Time": 10003.183, "Actual Rows": 454183, "Actual Loops": 1, "Inner Unique": false, "Plans": [{"Node Type": "Nested Loop", "Parent Relationship": "Outer", "Join Type": "Inner", "Startup Cost": 1030.37, "Total Cost": 37187.75, "Plan Rows": 300000, "Plan Width": 42, "Actual Startup Time": 18.801, "Actual Total Time": 672.847, "Actual Rows": 299838, "Actual Loops": 1, "Inner Unique": false, "Plans": [{"Node Type": "Nested Loop", "Parent Relationship": "Outer", "Join Type": "Inner", "Startup Cost": 0.0, "Total Cost": 25.34, "Plan Rows": 5, "Plan Width": 30, "Actual Startup Time": 0.047, "Actual Total Time": 0.117, "Actual Rows": 5, "Actual Loops": 1, "Inner Unique": true, "Join Filter": "(nation.n_regionkey = region.r_regionkey)", "Rows Removed by Join Filter": 20, "Plans": [{"Node Type": "Index Scan", "Parent Relationship": "Outer", "Scan Direction": "Forward", "Index Name": "nation_pkey", "Relation Name": "nation", "Alias": "nation", "Startup Cost": 0.0, "Total Cost": 12.62, "Plan Rows": 25, "Plan Width": 34, "Actual Startup Time": 0.015, "Actual Total Time": 0.04, "Actual Rows": 25, "Actual Loops": 1}, {"Node Type": "Materialize", "Parent Relationship": "Inner", "Startup Cost": 0.0, "Total Cost": 12.34, "Plan Rows": 1, "Plan Width": 4, "Actual Startup Time": 0.03, "Actual Total Time": 0.035, "Actual Rows": 25, "Actual Loops": 25, "Plans": [{"Node Type": "Index Scan", "Parent Relationship": "Outer", "Scan Direction": "Forward", "Index Name": "region_pkey", "Relation Name": "region", "Alias": "region", "Startup Cost": 0.0, "Total Cost": 12.34, "Plan Rows": 1, "Plan Width": 4, "Actual Startup Time": 0.015, "Actual Total Time": 0.016, "Actual Rows": 1, "Actual Loops": 1, "Filter": "(r_name = 'MIDDLE EAST'::bpchar)", "Rows Removed by Filter": 4}]}]}, {"Node Type": "Bitmap Heap Scan", "Parent Relationship": "Inner", "Relation Name": "customer", "Alias": "customer", "Startup Cost": 1030.37, "Total Cost": 6832.48, "Plan Rows": 60000, "Plan Width": 12, "Actual Startup Time": 91.366, "Actual Total Time": 597.022, "Actual Rows": 299838, "Actual Loops": 5, "Recheck Cond": "(c_nationkey = nation.n_nationkey)", "Rows Removed by Index Recheck": 0, "Exact Heap Blocks": 150033, "Lossy Heap Blocks": 150033, "Plans": [{"Node Type": "Bitmap Index Scan", "Parent Relationship": "Outer", "Index Name": "idx_customer_nationkey", "Startup Cost": 0.0, "Total Cost": 1015.37, "Plan Rows": 60000, "Plan Width": 0, "Actual Startup Time": 58.414, "Actual Total Time": 58.414, "Actual Rows": 299838, "Actual Loops": 5, "Index Cond": "(c_nationkey = nation.n_nationkey)"}]}]}, {"Node Type": "Index Scan", "Parent Relationship": "Inner", "Scan Direction": "Forward", "Index Name": "idx_orders_custkey", "Relation Name": "orders", "Alias": "orders", "Startup Cost": 0.0, "Total Cost": 1.24, "Plan Rows": 1, "Plan Width": 16, "Actual Startup Time": 4270.328, "Actual Total Time": 9070.182, "Actual Rows": 454183, "Actual Loops": 299838, "Index Cond": "(o_custkey = customer.c_custkey)", "Rows Removed by Index Recheck": 0, "Filter": "((o_orderdate >= '1994-01-01 00:00:00'::timestamp(0) without time zone) AND (o_orderdate < '1995-01-01 00:00:00'::timestamp without time zone))", "Rows Removed by Filter": 2542535}]}, {"Node Type": "Index Scan", "Parent Relationship": "Inner", "Scan Direction": "Forward", "Index Name": "idx_lineitem_orderkey", "Relation Name": "lineitem", "Alias": "lineitem", "Startup Cost": 0.0, "Total Cost": 3.05, "Plan Rows": 9, "Plan Width": 32, "Actual Startup Time": 4460.032, "Actual Total Time": 5446.131, "Actual Rows": 1815222, "Actual Loops": 454183, "Index Cond": "(l_orderkey = orders.o_orderkey)", "Rows Removed by Index Recheck": 0}]}, {"Node Type": "Hash", "Parent Relationship": "Inner", "Startup Cost": 5334.54, "Total Cost": 5334.54, "Plan Rows": 100000, "Plan Width": 12, "Actual Startup Time": 92.65, "Actual Total Time": 92.65, "Actual Rows": 100000, "Actual Loops": 1, "Hash Buckets": 131072, "Hash Batches": 1, "Original Hash Batches": 1, "Peak Memory Usage": 4297, "Plans": [{"Node Type": "Index Scan", "Parent Relationship": "Outer", "Scan Direction": "Forward", "Index Name": "supplier_pkey", "Relation Name": "supplier", "Alias": "supplier", "Startup Cost": 0.0, "Total Cost": 5334.54, "Plan Rows": 100000, "Plan Width": 12, "Actual Startup Time": 0.025, "Actual Total Time": 60.816, "Actual Rows": 100000, "Actual Loops": 1}]}]}]}]}, "Triggers": [], "Planner Runtime": 7.133, "Total Runtime": 17131.597, "Unique SQL Id": 1392561963}}, "(1, 6)": {"explain_plan": {"Plan": {"Node Type": "Sort", "Startup Cost": 2457247.05, "Total Cost": 2457247.11, "Plan Rows": 25, "Plan Width": 42, "Sort Key": ["(sum((lineitem.l_extendedprice * (1::double precision - lineitem.l_discount)))) DESC"], "Plans": [{"Node Type": "Aggregate", "Strategy": "Hashed", "Parent Relationship": "Outer", "Startup Cost": 2457246.22, "Total Cost": 2457246.47, "Plan Rows": 25, "Plan Width": 42, "Group By Key": ["nation.n_name"], "Plans": [{"Node Type": "Hash Join", "Parent Relationship": "Outer", "Join Type": "Inner", "Startup Cost": 104058.84, "Total Cost": 2457152.32, "Plan Rows": 9390, "Plan Width": 42, "Inner Unique": true, "Hash Cond": "((lineitem.l_suppkey = supplier.s_suppkey) AND (customer.c_nationkey = supplier.s_nationkey))", "Plans": [{"Node Type": "Nested Loop", "Parent Relationship": "Outer", "Join Type": "Inner", "Startup Cost": 99275.84, "Total Cost": 2424608.31, "Plan Rows": 3688948, "Plan Width": 58, "Inner Unique": false, "Plans": [{"Node Type": "Hash Join", "Parent Relationship": "Outer", "Join Type": "Inner", "Startup Cost": 99275.12, "Total Cost": 422539.98, "Plan Rows": 406290, "Plan Width": 42, "Inner Unique": false, "Hash Cond": "(orders.o_custkey = customer.c_custkey), (LLVM Optimized)", "Plans": [{"Node Type": "Bitmap Heap Scan", "Parent Relationship": "Outer", "Relation Name": "orders", "Alias": "orders", "Startup Cost": 58360.27, "Total Cost": 369005.64, "Plan Rows": 2281758, "Plan Width": 16, "Recheck Cond": "((o_orderdate >= '1994-01-01 00:00:00'::timestamp(0) without time zone) AND (o_orderdate < '1995-01-01 00:00:00'::timestamp without time zone)), (LLVM Optimized)", "Plans": [{"Node Type": "Bitmap Index Scan", "Parent Relationship": "Outer", "Index Name": "idx_orders_orderdate", "Startup Cost": 0.0, "Total Cost": 57789.83, "Plan Rows": 2281758, "Plan Width": 0, "Index Cond": "((o_orderdate >= '1994-01-01 00:00:00'::timestamp(0) without time zone) AND (o_orderdate < '1995-01-01 00:00:00'::timestamp without time zone))"}]}, {"Node Type": "Hash", "Parent Relationship": "Inner", "Startup Cost": 37164.85, "Total Cost": 37164.85, "Plan Rows": 300000, "Plan Width": 42, "Plans": [{"Node Type": "Nested Loop", "Parent Relationship": "Outer", "Join Type": "Inner", "Startup Cost": 1031.44, "Total Cost": 37164.85, "Plan Rows": 300000, "Plan Width": 42, "Inner Unique": false, "Plans": [{"Node Type": "Hash Join", "Parent Relationship": "Outer", "Join Type": "Inner", "Startup Cost": 1.07, "Total Cost": 2.44, "Plan Rows": 5, "Plan Width": 30, "Inner Unique": true, "Hash Cond": "(nation.n_regionkey = region.r_regionkey)", "Plans": [{"Node Type": "Seq Scan", "Parent Relationship": "Outer", "Relation Name": "nation", "Alias": "nation", "Startup Cost": 0.0, "Total Cost": 1.25, "Plan Rows": 25, "Plan Width": 34}, {"Node Type": "Hash", "Parent Relationship": "Inner", "Startup Cost": 1.06, "Total Cost": 1.06, "Plan Rows": 1, "Plan Width": 4, "Plans": [{"Node Type": "Seq Scan", "Parent Relationship": "Outer", "Relation Name": "region", "Alias": "region", "Startup Cost": 0.0, "Total Cost": 1.06, "Plan Rows": 1, "Plan Width": 4, "Filter": "(r_name = 'MIDDLE EAST'::bpchar)"}]}]}, {"Node Type": "Bitmap Heap Scan", "Parent Relationship": "Inner", "Relation Name": "customer", "Alias": "customer", "Startup Cost": 1030.37, "Total Cost": 6832.48, "Plan Rows": 60000, "Plan Width": 12, "Recheck Cond": "(c_nationkey = nation.n_nationkey)", "Plans": [{"Node Type": "Bitmap Index Scan", "Parent Relationship": "Outer", "Index Name": "idx_customer_nationkey", "Startup Cost": 0.0, "Total Cost": 1015.37, "Plan Rows": 60000, "Plan Width": 0, "Index Cond": "(c_nationkey = nation.n_nationkey)"}]}]}]}]}, {"Node Type": "Bitmap Heap Scan", "Parent Relationship": "Inner", "Relation Name": "lineitem", "Alias": "lineitem", "Startup Cost": 0.73, "Total Cost": 4.84, "Plan Rows": 9, "Plan Width": 32, "Recheck Cond": "(l_orderkey = orders.o_orderkey)", "Plans": [{"Node Type": "Bitmap Index Scan", "Parent Relationship": "Outer", "Index Name": "idx_lineitem_orderkey", "Startup Cost": 0.0, "Total Cost": 0.72, "Plan Rows": 9, "Plan Width": 0, "Index Cond": "(l_orderkey = orders.o_orderkey)"}]}]}, {"Node Type": "Hash", "Parent Relationship": "Inner", "Startup Cost": 3283.0, "Total Cost": 3283.0, "Plan Rows": 100000, "Plan Width": 12, "Plans": [{"Node Type": "Seq Scan", "Parent Relationship": "Outer", "Relation Name": "supplier", "Alias": "supplier", "Startup Cost": 0.0, "Total Cost": 3283.0, "Plan Rows": 100000, "Plan Width": 12}]}]}]}]}, "Unique SQL Id": 1392561963}, "explain_analyze_plan": {"Plan": {"Node Type": "Sort", "Startup Cost": 2457247.05, "Total Cost": 2457247.11, "Plan Rows": 25, "Plan Width": 42, "Actual Startup Time": 10016.715, "Actual Total Time": 10016.716, "Actual Rows": 5, "Actual Loops": 1, "Sort Key": ["(sum((lineitem.l_extendedprice * (1::double precision - lineitem.l_discount)))) DESC"], "Sort Method": "quicksort", "Sort Space Used": 25, "Sort Space Type": "Memory", "Plans": [{"Node Type": "Aggregate", "Strategy": "Hashed", "Parent Relationship": "Outer", "Startup Cost": 2457246.22, "Total Cost": 2457246.47, "Plan Rows": 25, "Plan Width": 42, "Actual Startup Time": 10016.685, "Actual Total Time": 10016.685, "Actual Rows": 5, "Actual Loops": 1, "Group By Key": ["nation.n_name"], "Plans": [{"Node Type": "Hash Join", "Parent Relationship": "Outer", "Join Type": "Inner", "Startup Cost": 104058.84, "Total Cost": 2457152.32, "Plan Rows": 9390, "Plan Width": 42, "Actual Startup Time": 1421.213, "Actual Total Time": 9937.329, "Actual Rows": 72985, "Actual Loops": 1, "Inner Unique": true, "Hash Cond": "((lineitem.l_suppkey = supplier.s_suppkey) AND (customer.c_nationkey = supplier.s_nationkey))", "Plans": [{"Node Type": "Nested Loop", "Parent Relationship": "Outer", "Join Type": "Inner", "Startup Cost": 99275.84, "Total Cost": 2424608.31, "Plan Rows": 3688948, "Plan Width": 58, "Actual Startup Time": 1353.747, "Actual Total Time": 9142.644, "Actual Rows": 1815222, "Actual Loops": 1, "Inner Unique": false, "Plans": [{"Node Type": "Hash Join", "Parent Relationship": "Outer", "Join Type": "Inner", "Startup Cost": 99275.12, "Total Cost": 422539.98, "Plan Rows": 406290, "Plan Width": 42, "Actual Startup Time": 1353.679, "Actual Total Time": 4183.794, "Actual Rows": 454183, "Actual Loops": 1, "Inner Unique": false, "Hash Cond": "(orders.o_custkey = customer.c_custkey), (LLVM Optimized, Jit Execute)", "Plans": [{"Node Type": "Bitmap Heap Scan", "Parent Relationship": "Outer", "Relation Name": "orders", "Alias": "orders", "Startup Cost": 58360.27, "Total Cost": 369005.64, "Plan Rows": 2281758, "Plan Width": 16, "Actual Startup Time": 705.311, "Actual Total Time": 2424.409, "Actual Rows": 2275919, "Actual Loops": 1, "Recheck Cond": "((o_orderdate >= '1994-01-01 00:00:00'::timestamp(0) without time zone) AND (o_orderdate < '1995-01-01 00:00:00'::timestamp without time zone)), (LLVM Optimized, Jit Execute)", "Rows Removed by Index Recheck": 0, "Exact Heap Blocks": 276381, "Lossy Heap Blocks": 276381, "Plans": [{"Node Type": "Bitmap Index Scan", "Parent Relationship": "Outer", "Index Name": "idx_orders_orderdate", "Startup Cost": 0.0, "Total Cost": 57789.83, "Plan Rows": 2281758, "Plan Width": 0, "Actual Startup Time": 616.82, "Actual Total Time": 616.82, "Actual Rows": 2275919, "Actual Loops": 1, "Index Cond": "((o_orderdate >= '1994-01-01 00:00:00'::timestamp(0) without time zone) AND (o_orderdate < '1995-01-01 00:00:00'::timestamp without time zone))"}]}, {"Node Type": "Hash", "Parent Relationship": "Inner", "Startup Cost": 37164.85, "Total Cost": 37164.85, "Plan Rows": 300000, "Plan Width": 42, "Actual Startup Time": 647.953, "Actual Total Time": 647.953, "Actual Rows": 299838, "Actual Loops": 1, "Hash Buckets": 524288, "Hash Batches": 1, "Original Hash Batches": 1, "Peak Memory Usage": 22254, "Plans": [{"Node Type": "Nested Loop", "Parent Relationship": "Outer", "Join Type": "Inner", "Startup Cost": 1031.44, "Total Cost": 37164.85, "Plan Rows": 300000, "Plan Width": 42, "Actual Startup Time": 19.353, "Actual Total Time": 537.178, "Actual Rows": 299838, "Actual Loops": 1, "Inner Unique": false, "Plans": [{"Node Type": "Hash Join", "Parent Relationship": "Outer", "Join Type": "Inner", "Startup Cost": 1.07, "Total Cost": 2.44, "Plan Rows": 5, "Plan Width": 30, "Actual Startup Time": 0.102, "Actual Total Time": 0.177, "Actual Rows": 5, "Actual Loops": 1, "Inner Unique": true, "Hash Cond": "(nation.n_regionkey = region.r_regionkey)", "Plans": [{"Node Type": "Seq Scan", "Parent Relationship": "Outer", "Relation Name": "nation", "Alias": "nation", "Startup Cost": 0.0, "Total Cost": 1.25, "Plan Rows": 25, "Plan Width": 34, "Actual Startup Time": 0.017, "Actual Total Time": 0.039, "Actual Rows": 25, "Actual Loops": 1}, {"Node Type": "Hash", "Parent Relationship": "Inner", "Startup Cost": 1.06, "Total Cost": 1.06, "Plan Rows": 1, "Plan Width": 4, "Actual Startup Time": 0.032, "Actual Total Time": 0.032, "Actual Rows": 1, "Actual Loops": 1, "Hash Buckets": 32768, "Hash Batches": 1, "Original Hash Batches": 1, "Peak Memory Usage": 1, "Plans": [{"Node Type": "Seq Scan", "Parent Relationship": "Outer", "Relation Name": "region", "Alias": "region", "Startup Cost": 0.0, "Total Cost": 1.06, "Plan Rows": 1, "Plan Width": 4, "Actual Startup Time": 0.025, "Actual Total Time": 0.026, "Actual Rows": 1, "Actual Loops": 1, "Filter": "(r_name = 'MIDDLE EAST'::bpchar)", "Rows Removed by Filter": 4}]}]}, {"Node Type": "Bitmap Heap Scan", "Parent Relationship": "Inner", "Relation Name": "customer", "Alias": "customer", "Startup Cost": 1030.37, "Total Cost": 6832.48, "Plan Rows": 60000, "Plan Width": 12, "Actual Startup Time": 90.117, "Actual Total Time": 468.891, "Actual Rows": 299838, "Actual Loops": 5, "Recheck Cond": "(c_nationkey = nation.n_nationkey)", "Rows Removed by Index Recheck": 0, "Exact Heap Blocks": 150033, "Lossy Heap Blocks": 150033, "Plans": [{"Node Type": "Bitmap Index Scan", "Parent Relationship": "Outer", "Index Name": "idx_customer_nationkey", "Startup Cost": 0.0, "Total Cost": 1015.37, "Plan Rows": 60000, "Plan Width": 0, "Actual Startup Time": 57.226, "Actual Total Time": 57.226, "Actual Rows": 299838, "Actual Loops": 5, "Index Cond": "(c_nationkey = nation.n_nationkey)"}]}]}]}]}, {"Node Type": "Bitmap Heap Scan", "Parent Relationship": "Inner", "Relation Name": "lineitem", "Alias": "lineitem", "Startup Cost": 0.73, "Total Cost": 4.84, "Plan Rows": 9, "Plan Width": 32, "Actual Startup Time": 3732.72, "Actual Total Time": 4049.051, "Actual Rows": 1815222, "Actual Loops": 454183, "Recheck Cond": "(l_orderkey = orders.o_orderkey)", "Rows Removed by Index Recheck": 0, "Exact Heap Blocks": 486530, "Lossy Heap Blocks": 486530, "Plans": [{"Node Type": "Bitmap Index Scan", "Parent Relationship": "Outer", "Index Name": "idx_lineitem_orderkey", "Startup Cost": 0.0, "Total Cost": 0.72, "Plan Rows": 9, "Plan Width": 0, "Actual Startup Time": 2078.6, "Actual Total Time": 2078.6, "Actual Rows": 1815222, "Actual Loops": 454183, "Index Cond": "(l_orderkey = orders.o_orderkey)"}]}]}, {"Node Type": "Hash", "Parent Relationship": "Inner", "Startup Cost": 3283.0, "Total Cost": 3283.0, "Plan Rows": 100000, "Plan Width": 12, "Actual Startup Time": 67.318, "Actual Total Time": 67.318, "Actual Rows": 100000, "Actual Loops": 1, "Hash Buckets": 131072, "Hash Batches": 1, "Original Hash Batches": 1, "Peak Memory Usage": 4297, "Plans": [{"Node Type": "Seq Scan", "Parent Relationship": "Outer", "Relation Name": "supplier", "Alias": "supplier", "Startup Cost": 0.0, "Total Cost": 3283.0, "Plan Rows": 100000, "Plan Width": 12, "Actual Startup Time": 0.029, "Actual Total Time": 36.397, "Actual Rows": 100000, "Actual Loops": 1}]}]}]}]}, "Triggers": [], "Planner Runtime": 6.272, "Total Runtime": 10026.442, "Unique SQL Id": 1392561963}}, "(1, 7)": {"explain_plan": {"Plan": {"Node Type": "Sort", "Startup Cost": 46003135.57, "Total Cost": 46003135.63, "Plan Rows": 25, "Plan Width": 42, "Sort Key": ["(sum((lineitem.l_extendedprice * (1::double precision - lineitem.l_discount)))) DESC"], "Plans": [{"Node Type": "Aggregate", "Strategy": "Hashed", "Parent Relationship": "Outer", "Startup Cost": 46003134.74, "Total Cost": 46003134.99, "Plan Rows": 25, "Plan Width": 42, "Group By Key": ["nation.n_name"], "Plans": [{"Node Type": "Nested Loop", "Parent Relationship": "Outer", "Join Type": "Inner", "Startup Cost": 58362.35, "Total Cost": 46003040.84, "Plan Rows": 9390, "Plan Width": 42, "Inner Unique": true, "Join Filter": "(customer.c_nationkey = supplier.s_nationkey)", "Plans": [{"Node Type": "Nested Loop", "Parent Relationship": "Outer", "Join Type": "Inner", "Startup Cost": 58362.1, "Total Cost": 30204103.6, "Plan Rows": 3688948, "Plan Width": 58, "Inner Unique": false, "Plans": [{"Node Type": "Nested Loop", "Parent Relationship": "Outer", "Join Type": "Inner", "Startup Cost": 58361.37, "Total Cost": 28202035.27, "Plan Rows": 406290, "Plan Width": 42, "Inner Unique": true, "Plans": [{"Node Type": "Nested Loop", "Parent Relationship": "Outer", "Join Type": "Inner", "Startup Cost": 58360.79, "Total Cost": 18851769.58, "Plan Rows": 2031452, "Plan Width": 46, "Inner Unique": true, "Plans": [{"Node Type": "Nested Loop", "Parent Relationship": "Outer", "Join Type": "Inner", "Startup Cost": 58360.54, "Total Cost": 10156636.32, "Plan Rows": 2031452, "Plan Width": 12, "Inner Unique": true, "Plans": [{"Node Type": "Bitmap Heap Scan", "Parent Relationship": "Outer", "Relation Name": "orders", "Alias": "orders", "Startup Cost": 58360.27, "Total Cost": 369005.64, "Plan Rows": 2281758, "Plan Width": 16, "Recheck Cond": "((o_orderdate >= '1994-01-01 00:00:00'::timestamp(0) without time zone) AND (o_orderdate < '1995-01-01 00:00:00'::timestamp without time zone)), (LLVM Optimized)", "Plans": [{"Node Type": "Bitmap Index Scan", "Parent Relationship": "Outer", "Index Name": "idx_orders_orderdate", "Startup Cost": 0.0, "Total Cost": 57789.83, "Plan Rows": 2281758, "Plan Width": 0, "Index Cond": "((o_orderdate >= '1994-01-01 00:00:00'::timestamp(0) without time zone) AND (o_orderdate < '1995-01-01 00:00:00'::timestamp without time zone))"}]}, {"Node Type": "Bitmap Heap Scan", "Parent Relationship": "Inner", "Relation Name": "customer", "Alias": "customer", "Startup Cost": 0.27, "Total Cost": 4.28, "Plan Rows": 1, "Plan Width": 12, "Recheck Cond": "(c_custkey = orders.o_custkey)", "Plans": [{"Node Type": "Bitmap Index Scan", "Parent Relationship": "Outer", "Index Name": "customer_pkey", "Startup Cost": 0.0, "Total Cost": 0.27, "Plan Rows": 1, "Plan Width": 0, "Index Cond": "(c_custkey = orders.o_custkey)"}]}]}, {"Node Type": "Bitmap Heap Scan", "Parent Relationship": "Inner", "Relation Name": "nation", "Alias": "nation", "Startup Cost": 0.26, "Total Cost": 4.27, "Plan Rows": 1, "Plan Width": 34, "Recheck Cond": "(n_nationkey = customer.c_nationkey)", "Plans": [{"Node Type": "Bitmap Index Scan", "Parent Relationship": "Outer", "Index Name": "nation_pkey", "Startup Cost": 0.0, "Total Cost": 0.26, "Plan Rows": 1, "Plan Width": 0, "Index Cond": "(n_nationkey = customer.c_nationkey)"}]}]}, {"Node Type": "Bitmap Heap Scan", "Parent Relationship": "Inner", "Relation Name": "region", "Alias": "region", "Startup Cost": 0.58, "Total Cost": 4.59, "Plan Rows": 1, "Plan Width": 4, "Recheck Cond": "(r_regionkey = nation.n_regionkey)", "Filter": "(r_name = 'MIDDLE EAST'::bpchar)", "Plans": [{"Node Type": "Bitmap Index Scan", "Parent Relationship": "Outer", "Index Name": "region_pkey", "Startup Cost": 0.0, "Total Cost": 0.58, "Plan Rows": 1, "Plan Width": 0, "Index Cond": "(r_regionkey = nation.n_regionkey)"}]}]}, {"Node Type": "Bitmap Heap Scan", "Parent Relationship": "Inner", "Relation Name": "lineitem", "Alias": "lineitem", "Startup Cost": 0.73, "Total Cost": 4.84, "Plan Rows": 9, "Plan Width": 32, "Recheck Cond": "(l_orderkey = orders.o_orderkey)", "Plans": [{"Node Type": "Bitmap Index Scan", "Parent Relationship": "Outer", "Index Name": "idx_lineitem_orderkey", "Startup Cost": 0.0, "Total Cost": 0.72, "Plan Rows": 9, "Plan Width": 0, "Index Cond": "(l_orderkey = orders.o_orderkey)"}]}]}, {"Node Type": "Bitmap Heap Scan", "Parent Relationship": "Inner", "Relation Name": "supplier", "Alias": "supplier", "Startup Cost": 0.26, "Total Cost": 4.27, "Plan Rows": 1, "Plan Width": 12, "Recheck Cond": "(s_suppkey = lineitem.l_suppkey)", "Plans": [{"Node Type": "Bitmap Index Scan", "Parent Relationship": "Outer", "Index Name": "supplier_pkey", "Startup Cost": 0.0, "Total Cost": 0.26, "Plan Rows": 1, "Plan Width": 0, "Index Cond": "(s_suppkey = lineitem.l_suppkey)"}]}]}]}]}, "Unique SQL Id": 1392561963}, "explain_analyze_plan": null}, "(1, 8)": {"explain_plan": {"Plan": {"Node Type": "Sort", "Startup Cost": 1725068.14, "Total Cost": 1725068.21, "Plan Rows": 25, "Plan Width": 42, "Sort Key": ["(sum((lineitem.l_extendedprice * (1::double precision - lineitem.l_discount)))) DESC"], "Plans": [{"Node Type": "Aggregate", "Strategy": "Hashed", "Parent Relationship": "Outer", "Startup Cost": 1725067.31, "Total Cost": 1725067.56, "Plan Rows": 25, "Plan Width": 42, "Group By Key": ["nation.n_name"], "Plans": [{"Node Type": "Hash Join", "Parent Relationship": "Outer", "Join Type": "Inner", "Startup Cost": 4783.0, "Total Cost": 1724973.41, "Plan Rows": 9390, "Plan Width": 42, "Inner Unique": true, "Hash Cond": "((lineitem.l_suppkey = supplier.s_suppkey) AND (customer.c_nationkey = supplier.s_nationkey))", "Plans": [{"Node Type": "Nested Loop", "Parent Relationship": "Outer", "Join Type": "Inner", "Startup Cost": 0.0, "Total Cost": 1692429.4, "Plan Rows": 3688948, "Plan Width": 58, "Inner Unique": false, "Plans": [{"Node Type": "Nested Loop", "Parent Relationship": "Outer", "Join Type": "Inner", "Startup Cost": 0.0, "Total Cost": 416634.99, "Plan Rows": 406290, "Plan Width": 42, "Inner Unique": false, "Plans": [{"Node Type": "Nested Loop", "Parent Relationship": "Outer", "Join Type": "Inner", "Startup Cost": 0.0, "Total Cost": 41526.19, "Plan Rows": 300000, "Plan Width": 42, "Inner Unique": false, "Plans": [{"Node Type": "Nested Loop", "Parent Relationship": "Outer", "Join Type": "Inner", "Startup Cost": 0.0, "Total Cost": 14.06, "Plan Rows": 5, "Plan Width": 30, "Inner Unique": true, "Join Filter": "(nation.n_regionkey = region.r_regionkey)", "Plans": [{"Node Type": "Index Scan", "Parent Relationship": "Outer", "Scan Direction": "Forward", "Index Name": "nation_pkey", "Relation Name": "nation", "Alias": "nation", "Startup Cost": 0.0, "Total Cost": 12.62, "Plan Rows": 25, "Plan Width": 34}, {"Node Type": "Materialize", "Parent Relationship": "Inner", "Startup Cost": 0.0, "Total Cost": 1.07, "Plan Rows": 1, "Plan Width": 4, "Plans": [{"Node Type": "Seq Scan", "Parent Relationship": "Outer", "Relation Name": "region", "Alias": "region", "Startup Cost": 0.0, "Total Cost": 1.06, "Plan Rows": 1, "Plan Width": 4, "Filter": "(r_name = 'MIDDLE EAST'::bpchar)"}]}]}, {"Node Type": "Index Scan", "Parent Relationship": "Inner", "Scan Direction": "Forward", "Index Name": "idx_customer_nationkey", "Relation Name": "customer", "Alias": "customer", "Startup Cost": 0.0, "Total Cost": 7702.43, "Plan Rows": 60000, "Plan Width": 12, "Index Cond": "(c_nationkey = nation.n_nationkey)"}]}, {"Node Type": "Index Scan", "Parent Relationship": "Inner", "Scan Direction": "Forward", "Index Name": "idx_orders_custkey", "Relation Name": "orders", "Alias": "orders", "Startup Cost": 0.0, "Total Cost": 1.24, "Plan Rows": 1, "Plan Width": 16, "Index Cond": "(o_custkey = customer.c_custkey)", "Filter": "((o_orderdate >= '1994-01-01 00:00:00'::timestamp(0) without time zone) AND (o_orderdate < '1995-01-01 00:00:00'::timestamp without time zone))"}]}, {"Node Type": "Index Scan", "Parent Relationship": "Inner", "Scan Direction": "Forward", "Index Name": "idx_lineitem_orderkey", "Relation Name": "lineitem", "Alias": "lineitem", "Startup Cost": 0.0, "Total Cost": 3.05, "Plan Rows": 9, "Plan Width": 32, "Index Cond": "(l_orderkey = orders.o_orderkey)"}]}, {"Node Type": "Hash", "Parent Relationship": "Inner", "Startup Cost": 3283.0, "Total Cost": 3283.0, "Plan Rows": 100000, "Plan Width": 12, "Plans": [{"Node Type": "Seq Scan", "Parent Relationship": "Outer", "Relation Name": "supplier", "Alias": "supplier", "Startup Cost": 0.0, "Total Cost": 3283.0, "Plan Rows": 100000, "Plan Width": 12}]}]}]}]}, "Unique SQL Id": 1392561963}, "explain_analyze_plan": {"Plan": {"Node Type": "Sort", "Startup Cost": 1725068.14, "Total Cost": 1725068.21, "Plan Rows": 25, "Plan Width": 42, "Actual Startup Time": 16117.885, "Actual Total Time": 16117.885, "Actual Rows": 5, "Actual Loops": 1, "Sort Key": ["(sum((lineitem.l_extendedprice * (1::double precision - lineitem.l_discount)))) DESC"], "Sort Method": "quicksort", "Sort Space Used": 25, "Sort Space Type": "Memory", "Plans": [{"Node Type": "Aggregate", "Strategy": "Hashed", "Parent Relationship": "Outer", "Startup Cost": 1725067.31, "Total Cost": 1725067.56, "Plan Rows": 25, "Plan Width": 42, "Actual Startup Time": 16117.851, "Actual Total Time": 16117.854, "Actual Rows": 5, "Actual Loops": 1, "Group By Key": ["nation.n_name"], "Plans": [{"Node Type": "Hash Join", "Parent Relationship": "Outer", "Join Type": "Inner", "Startup Cost": 4783.0, "Total Cost": 1724973.41, "Plan Rows": 9390, "Plan Width": 42, "Actual Startup Time": 71.415, "Actual Total Time": 16037.496, "Actual Rows": 72985, "Actual Loops": 1, "Inner Unique": true, "Hash Cond": "((lineitem.l_suppkey = supplier.s_suppkey) AND (customer.c_nationkey = supplier.s_nationkey))", "Plans": [{"Node Type": "Nested Loop", "Parent Relationship": "Outer", "Join Type": "Inner", "Startup Cost": 0.0, "Total Cost": 1692429.4, "Plan Rows": 3688948, "Plan Width": 58, "Actual Startup Time": 0.216, "Actual Total Time": 15190.331, "Actual Rows": 1815222, "Actual Loops": 1, "Inner Unique": false, "Plans": [{"Node Type": "Nested Loop", "Parent Relationship": "Outer", "Join Type": "Inner", "Startup Cost": 0.0, "Total Cost": 416634.99, "Plan Rows": 406290, "Plan Width": 42, "Actual Startup Time": 0.179, "Actual Total Time": 9367.842, "Actual Rows": 454183, "Actual Loops": 1, "Inner Unique": false, "Plans": [{"Node Type": "Nested Loop", "Parent Relationship": "Outer", "Join Type": "Inner", "Startup Cost": 0.0, "Total Cost": 41526.19, "Plan Rows": 300000, "Plan Width": 42, "Actual Startup Time": 0.096, "Actual Total Time": 518.505, "Actual Rows": 299838, "Actual Loops": 1, "Inner Unique": false, "Plans": [{"Node Type": "Nested Loop", "Parent Relationship": "Outer", "Join Type": "Inner", "Startup Cost": 0.0, "Total Cost": 14.06, "Plan Rows": 5, "Plan Width": 30, "Actual Startup Time": 0.058, "Actual Total Time": 0.13, "Actual Rows": 5, "Actual Loops": 1, "Inner Unique": true, "Join Filter": "(nation.n_regionkey = region.r_regionkey)", "Rows Removed by Join Filter": 20, "Plans": [{"Node Type": "Index Scan", "Parent Relationship": "Outer", "Scan Direction": "Forward", "Index Name": "nation_pkey", "Relation Name": "nation", "Alias": "nation", "Startup Cost": 0.0, "Total Cost": 12.62, "Plan Rows": 25, "Plan Width": 34, "Actual Startup Time": 0.021, "Actual Total Time": 0.05, "Actual Rows": 25, "Actual Loops": 1}, {"Node Type": "Materialize", "Parent Relationship": "Inner", "Startup Cost": 0.0, "Total Cost": 1.07, "Plan Rows": 1, "Plan Width": 4, "Actual Startup Time": 0.033, "Actual Total Time": 0.037, "Actual Rows": 25, "Actual Loops": 25, "Plans": [{"Node Type": "Seq Scan", "Parent Relationship": "Outer", "Relation Name": "region", "Alias": "region", "Startup Cost": 0.0, "Total Cost": 1.06, "Plan Rows": 1, "Plan Width": 4, "Actual Startup Time": 0.019, "Actual Total Time": 0.021, "Actual Rows": 1, "Actual Loops": 1, "Filter": "(r_name = 'MIDDLE EAST'::bpchar)", "Rows Removed by Filter": 4}]}]}, {"Node Type": "Index Scan", "Parent Relationship": "Inner", "Scan Direction": "Forward", "Index Name": "idx_customer_nationkey", "Relation Name": "customer", "Alias": "customer", "Startup Cost": 0.0, "Total Cost": 7702.43, "Plan Rows": 60000, "Plan Width": 12, "Actual Startup Time": 0.155, "Actual Total Time": 436.115, "Actual Rows": 299838, "Actual Loops": 5, "Index Cond": "(c_nationkey = nation.n_nationkey)", "Rows Removed by Index Recheck": 0}]}, {"Node Type": "Index Scan", "Parent Relationship": "Inner", "Scan Direction": "Forward", "Index Name": "idx_orders_custkey", "Relation Name": "orders", "Alias": "orders", "Startup Cost": 0.0, "Total Cost": 1.24, "Plan Rows": 1, "Plan Width": 16, "Actual Startup Time": 4057.619, "Actual Total Time": 8589.291, "Actual Rows": 454183, "Actual Loops": 299838, "Index Cond": "(o_custkey = customer.c_custkey)", "Rows Removed by Index Recheck": 0, "Filter": "((o_orderdate >= '1994-01-01 00:00:00'::timestamp(0) without time zone) AND (o_orderdate < '1995-01-01 00:00:00'::timestamp without time zone))", "Rows Removed by Filter": 2542535}]}, {"Node Type": "Index Scan", "Parent Relationship": "Inner", "Scan Direction": "Forward", "Index Name": "idx_lineitem_orderkey", "Relation Name": "lineitem", "Alias": "lineitem", "Startup Cost": 0.0, "Total Cost": 3.05, "Plan Rows": 9, "Plan Width": 32, "Actual Startup Time": 4219.67, "Actual Total Time": 5178.86, "Actual Rows": 1815222, "Actual Loops": 454183, "Index Cond": "(l_orderkey = orders.o_orderkey)", "Rows Removed by Index Recheck": 0}]}, {"Node Type": "Hash", "Parent Relationship": "Inner", "Startup Cost": 3283.0, "Total Cost": 3283.0, "Plan Rows": 100000, "Plan Width": 12, "Actual Startup Time": 70.941, "Actual Total Time": 70.941, "Actual Rows": 100000, "Actual Loops": 1, "Hash Buckets": 131072, "Hash Batches": 1, "Original Hash Batches": 1, "Peak Memory Usage": 4297, "Plans": [{"Node Type": "Seq Scan", "Parent Relationship": "Outer", "Relation Name": "supplier", "Alias": "supplier", "Startup Cost": 0.0, "Total Cost": 3283.0, "Plan Rows": 100000, "Plan Width": 12, "Actual Startup Time": 0.021, "Actual Total Time": 37.274, "Actual Rows": 100000, "Actual Loops": 1}]}]}]}]}, "Triggers": [], "Planner Runtime": 7.165, "Total Runtime": 16118.353, "Unique SQL Id": 1392561963}}, "(1, 9)": {"explain_plan": {"Plan": {"Node Type": "Sort", "Startup Cost": 1727130.96, "Total Cost": 1727131.02, "Plan Rows": 25, "Plan Width": 42, "Sort Key": ["(sum((lineitem.l_extendedprice * (1::double precision - lineitem.l_discount)))) DESC"], "Plans": [{"Node Type": "Aggregate", "Strategy": "Hashed", "Parent Relationship": "Outer", "Startup Cost": 1727130.13, "Total Cost": 1727130.38, "Plan Rows": 25, "Plan Width": 42, "Group By Key": ["nation.n_name"], "Plans": [{"Node Type": "Hash Join", "Parent Relationship": "Outer", "Join Type": "Inner", "Startup Cost": 6834.54, "Total Cost": 1727036.23, "Plan Rows": 9390, "Plan Width": 42, "Inner Unique": true, "Hash Cond": "((lineitem.l_suppkey = supplier.s_suppkey) AND (customer.c_nationkey = supplier.s_nationkey))", "Plans": [{"Node Type": "Nested Loop", "Parent Relationship": "Outer", "Join Type": "Inner", "Startup Cost": 0.0, "Total Cost": 1692440.68, "Plan Rows": 3688948, "Plan Width": 58, "Inner Unique": false, "Plans": [{"Node Type": "Nested Loop", "Parent Relationship": "Outer", "Join Type": "Inner", "Startup Cost": 0.0, "Total Cost": 416646.27, "Plan Rows": 406290, "Plan Width": 42, "Inner Unique": false, "Plans": [{"Node Type": "Nested Loop", "Parent Relationship": "Outer", "Join Type": "Inner", "Startup Cost": 0.0, "Total Cost": 41537.47, "Plan Rows": 300000, "Plan Width": 42, "Inner Unique": false, "Plans": [{"Node Type": "Nested Loop", "Parent Relationship": "Outer", "Join Type": "Inner", "Startup Cost": 0.0, "Total Cost": 25.34, "Plan Rows": 5, "Plan Width": 30, "Inner Unique": true, "Join Filter": "(nation.n_regionkey = region.r_regionkey)", "Plans": [{"Node Type": "Index Scan", "Parent Relationship": "Outer", "Scan Direction": "Forward", "Index Name": "nation_pkey", "Relation Name": "nation", "Alias": "nation", "Startup Cost": 0.0, "Total Cost": 12.62, "Plan Rows": 25, "Plan Width": 34}, {"Node Type": "Materialize", "Parent Relationship": "Inner", "Startup Cost": 0.0, "Total Cost": 12.34, "Plan Rows": 1, "Plan Width": 4, "Plans": [{"Node Type": "Index Scan", "Parent Relationship": "Outer", "Scan Direction": "Forward", "Index Name": "region_pkey", "Relation Name": "region", "Alias": "region", "Startup Cost": 0.0, "Total Cost": 12.34, "Plan Rows": 1, "Plan Width": 4, "Filter": "(r_name = 'MIDDLE EAST'::bpchar)"}]}]}, {"Node Type": "Index Scan", "Parent Relationship": "Inner", "Scan Direction": "Forward", "Index Name": "idx_customer_nationkey", "Relation Name": "customer", "Alias": "customer", "Startup Cost": 0.0, "Total Cost": 7702.43, "Plan Rows": 60000, "Plan Width": 12, "Index Cond": "(c_nationkey = nation.n_nationkey)"}]}, {"Node Type": "Index Scan", "Parent Relationship": "Inner", "Scan Direction": "Forward", "Index Name": "idx_orders_custkey", "Relation Name": "orders", "Alias": "orders", "Startup Cost": 0.0, "Total Cost": 1.24, "Plan Rows": 1, "Plan Width": 16, "Index Cond": "(o_custkey = customer.c_custkey)", "Filter": "((o_orderdate >= '1994-01-01 00:00:00'::timestamp(0) without time zone) AND (o_orderdate < '1995-01-01 00:00:00'::timestamp without time zone))"}]}, {"Node Type": "Index Scan", "Parent Relationship": "Inner", "Scan Direction": "Forward", "Index Name": "idx_lineitem_orderkey", "Relation Name": "lineitem", "Alias": "lineitem", "Startup Cost": 0.0, "Total Cost": 3.05, "Plan Rows": 9, "Plan Width": 32, "Index Cond": "(l_orderkey = orders.o_orderkey)"}]}, {"Node Type": "Hash", "Parent Relationship": "Inner", "Startup Cost": 5334.54, "Total Cost": 5334.54, "Plan Rows": 100000, "Plan Width": 12, "Plans": [{"Node Type": "Index Scan", "Parent Relationship": "Outer", "Scan Direction": "Forward", "Index Name": "supplier_pkey", "Relation Name": "supplier", "Alias": "supplier", "Startup Cost": 0.0, "Total Cost": 5334.54, "Plan Rows": 100000, "Plan Width": 12}]}]}]}]}, "Unique SQL Id": 1392561963}, "explain_analyze_plan": {"Plan": {"Node Type": "Sort", "Startup Cost": 1727130.96, "Total Cost": 1727131.02, "Plan Rows": 25, "Plan Width": 42, "Actual Startup Time": 16579.155, "Actual Total Time": 16579.156, "Actual Rows": 5, "Actual Loops": 1, "Sort Key": ["(sum((lineitem.l_extendedprice * (1::double precision - lineitem.l_discount)))) DESC"], "Sort Method": "quicksort", "Sort Space Used": 25, "Sort Space Type": "Memory", "Plans": [{"Node Type": "Aggregate", "Strategy": "Hashed", "Parent Relationship": "Outer", "Startup Cost": 1727130.13, "Total Cost": 1727130.38, "Plan Rows": 25, "Plan Width": 42, "Actual Startup Time": 16579.121, "Actual Total Time": 16579.123, "Actual Rows": 5, "Actual Loops": 1, "Group By Key": ["nation.n_name"], "Plans": [{"Node Type": "Hash Join", "Parent Relationship": "Outer", "Join Type": "Inner", "Startup Cost": 6834.54, "Total Cost": 1727036.23, "Plan Rows": 9390, "Plan Width": 42, "Actual Startup Time": 94.955, "Actual Total Time": 16500.164, "Actual Rows": 72985, "Actual Loops": 1, "Inner Unique": true, "Hash Cond": "((lineitem.l_suppkey = supplier.s_suppkey) AND (customer.c_nationkey = supplier.s_nationkey))", "Plans": [{"Node Type": "Nested Loop", "Parent Relationship": "Outer", "Join Type": "Inner", "Startup Cost": 0.0, "Total Cost": 1692440.68, "Plan Rows": 3688948, "Plan Width": 58, "Actual Startup Time": 0.163, "Actual Total Time": 15572.652, "Actual Rows": 1815222, "Actual Loops": 1, "Inner Unique": false, "Plans": [{"Node Type": "Nested Loop", "Parent Relationship": "Outer", "Join Type": "Inner", "Startup Cost": 0.0, "Total Cost": 416646.27, "Plan Rows": 406290, "Plan Width": 42, "Actual Startup Time": 0.145, "Actual Total Time": 9614.368, "Actual Rows": 454183, "Actual Loops": 1, "Inner Unique": false, "Plans": [{"Node Type": "Nested Loop", "Parent Relationship": "Outer", "Join Type": "Inner", "Startup Cost": 0.0, "Total Cost": 41537.47, "Plan Rows": 300000, "Plan Width": 42, "Actual Startup Time": 0.078, "Actual Total Time": 533.168, "Actual Rows": 299838, "Actual Loops": 1, "Inner Unique": false, "Plans": [{"Node Type": "Nested Loop", "Parent Relationship": "Outer", "Join Type": "Inner", "Startup Cost": 0.0, "Total Cost": 25.34, "Plan Rows": 5, "Plan Width": 30, "Actual Startup Time": 0.046, "Actual Total Time": 0.112, "Actual Rows": 5, "Actual Loops": 1, "Inner Unique": true, "Join Filter": "(nation.n_regionkey = region.r_regionkey)", "Rows Removed by Join Filter": 20, "Plans": [{"Node Type": "Index Scan", "Parent Relationship": "Outer", "Scan Direction": "Forward", "Index Name": "nation_pkey", "Relation Name": "nation", "Alias": "nation", "Startup Cost": 0.0, "Total Cost": 12.62, "Plan Rows": 25, "Plan Width": 34, "Actual Startup Time": 0.014, "Actual Total Time": 0.037, "Actual Rows": 25, "Actual Loops": 1}, {"Node Type": "Materialize", "Parent Relationship": "Inner", "Startup Cost": 0.0, "Total Cost": 12.34, "Plan Rows": 1, "Plan Width": 4, "Actual Startup Time": 0.029, "Actual Total Time": 0.035, "Actual Rows": 25, "Actual Loops": 25, "Plans": [{"Node Type": "Index Scan", "Parent Relationship": "Outer", "Scan Direction": "Forward", "Index Name": "region_pkey", "Relation Name": "region", "Alias": "region", "Startup Cost": 0.0, "Total Cost": 12.34, "Plan Rows": 1, "Plan Width": 4, "Actual Startup Time": 0.014, "Actual Total Time": 0.016, "Actual Rows": 1, "Actual Loops": 1, "Filter": "(r_name = 'MIDDLE EAST'::bpchar)", "Rows Removed by Filter": 4}]}]}, {"Node Type": "Index Scan", "Parent Relationship": "Inner", "Scan Direction": "Forward", "Index Name": "idx_customer_nationkey", "Relation Name": "customer", "Alias": "customer", "Startup Cost": 0.0, "Total Cost": 7702.43, "Plan Rows": 60000, "Plan Width": 12, "Actual Startup Time": 0.147, "Actual Total Time": 449.955, "Actual Rows": 299838, "Actual Loops": 5, "Index Cond": "(c_nationkey = nation.n_nationkey)", "Rows Removed by Index Recheck": 0}]}, {"Node Type": "Index Scan", "Parent Relationship": "Inner", "Scan Direction": "Forward", "Index Name": "idx_orders_custkey", "Relation Name": "orders", "Alias": "orders", "Startup Cost": 0.0, "Total Cost": 1.24, "Plan Rows": 1, "Plan Width": 16, "Actual Startup Time": 4162.895, "Actual Total Time": 8821.988, "Actual Rows": 454183, "Actual Loops": 299838, "Index Cond": "(o_custkey = customer.c_custkey)", "Rows Removed by Index Recheck": 0, "Filter": "((o_orderdate >= '1994-01-01 00:00:00'::timestamp(0) without time zone) AND (o_orderdate < '1995-01-01 00:00:00'::timestamp without time zone))", "Rows Removed by Filter": 2542535}]}, {"Node Type": "Index Scan", "Parent Relationship": "Inner", "Scan Direction": "Forward", "Index Name": "idx_lineitem_orderkey", "Relation Name": "lineitem", "Alias": "lineitem", "Startup Cost": 0.0, "Total Cost": 3.05, "Plan Rows": 9, "Plan Width": 32, "Actual Startup Time": 4348.274, "Actual Total Time": 5306.281, "Actual Rows": 1815222, "Actual Loops": 454183, "Index Cond": "(l_orderkey = orders.o_orderkey)", "Rows Removed by Index Recheck": 0}]}, {"Node Type": "Hash", "Parent Relationship": "Inner", "Startup Cost": 5334.54, "Total Cost": 5334.54, "Plan Rows": 100000, "Plan Width": 12, "Actual Startup Time": 94.553, "Actual Total Time": 94.553, "Actual Rows": 100000, "Actual Loops": 1, "Hash Buckets": 131072, "Hash Batches": 1, "Original Hash Batches": 1, "Peak Memory Usage": 4297, "Plans": [{"Node Type": "Index Scan", "Parent Relationship": "Outer", "Scan Direction": "Forward", "Index Name": "supplier_pkey", "Relation Name": "supplier", "Alias": "supplier", "Startup Cost": 0.0, "Total Cost": 5334.54, "Plan Rows": 100000, "Plan Width": 12, "Actual Startup Time": 0.02, "Actual Total Time": 61.122, "Actual Rows": 100000, "Actual Loops": 1}]}]}]}]}, "Triggers": [], "Planner Runtime": 6.532, "Total Runtime": 16579.476, "Unique SQL Id": 1392561963}}, "(1, 10)": {"explain_plan": {"Plan": {"Node Type": "Sort", "Startup Cost": 2891580.15, "Total Cost": 2891580.22, "Plan Rows": 25, "Plan Width": 42, "Sort Key": ["(sum((lineitem.l_extendedprice * (1::double precision - lineitem.l_discount)))) DESC"], "Plans": [{"Node Type": "Aggregate", "Strategy": "Hashed", "Parent Relationship": "Outer", "Startup Cost": 2891579.32, "Total Cost": 2891579.57, "Plan Rows": 25, "Plan Width": 42, "Group By Key": ["nation.n_name"], "Plans": [{"Node Type": "Hash Join", "Parent Relationship": "Outer", "Join Type": "Inner", "Startup Cost": 586755.18, "Total Cost": 2891485.42, "Plan Rows": 9390, "Plan Width": 42, "Inner Unique": true, "Hash Cond": "((lineitem.l_suppkey = supplier.s_suppkey) AND (customer.c_nationkey = supplier.s_nationkey))", "Plans": [{"Node Type": "Hash Join", "Parent Relationship": "Outer", "Join Type": "Inner", "Startup Cost": 581972.18, "Total Cost": 2858928.33, "Plan Rows": 3688948, "Plan Width": 58, "Inner Unique": false, "Hash Cond": "(lineitem.l_orderkey = orders.o_orderkey), (LLVM Optimized)", "Plans": [{"Node Type": "Seq Scan", "Parent Relationship": "Outer", "Relation Name": "lineitem", "Alias": "lineitem", "Startup Cost": 0.0, "Total Cost": 2015115.33, "Plan Rows": 59987033, "Plan Width": 32}, {"Node Type": "Hash", "Parent Relationship": "Inner", "Startup Cost": 576893.55, "Total Cost": 576893.55, "Plan Rows": 406290, "Plan Width": 42, "Plans": [{"Node Type": "Hash Join", "Parent Relationship": "Outer", "Join Type": "Inner", "Startup Cost": 63305.42, "Total Cost": 576893.55, "Plan Rows": 406290, "Plan Width": 42, "Inner Unique": false, "Hash Cond": "(orders.o_custkey = customer.c_custkey), (LLVM Optimized)", "Plans": [{"Node Type": "Seq Scan", "Parent Relationship": "Outer", "Relation Name": "orders", "Alias": "orders", "Startup Cost": 442.55, "Total Cost": 501411.18, "Plan Rows": 2281758, "Plan Width": 16, "Filter": "((o_orderdate >= '1994-01-01 00:00:00'::timestamp(0) without time zone) AND (o_orderdate < '1995-01-01 00:00:00'::timestamp without time zone)), (LLVM Optimized)"}, {"Node Type": "Hash", "Parent Relationship": "Inner", "Startup Cost": 59112.88, "Total Cost": 59112.88, "Plan Rows": 300000, "Plan Width": 42, "Plans": [{"Node Type": "Hash Join", "Parent Relationship": "Outer", "Join Type": "Inner", "Startup Cost": 2.5, "Total Cost": 59112.88, "Plan Rows": 300000, "Plan Width": 42, "Inner Unique": false, "Hash Cond": "(customer.c_nationkey = nation.n_nationkey), (LLVM Optimized)", "Plans": [{"Node Type": "Seq Scan", "Parent Relationship": "Outer", "Relation Name": "customer", "Alias": "customer", "Startup Cost": 0.0, "Total Cost": 52126.0, "Plan Rows": 1500000, "Plan Width": 12}, {"Node Type": "Hash", "Parent Relationship": "Inner", "Startup Cost": 2.44, "Total Cost": 2.44, "Plan Rows": 5, "Plan Width": 30, "Plans": [{"Node Type": "Hash Join", "Parent Relationship": "Outer", "Join Type": "Inner", "Startup Cost": 1.07, "Total Cost": 2.44, "Plan Rows": 5, "Plan Width": 30, "Inner Unique": true, "Hash Cond": "(nation.n_regionkey = region.r_regionkey)", "Plans": [{"Node Type": "Seq Scan", "Parent Relationship": "Outer", "Relation Name": "nation", "Alias": "nation", "Startup Cost": 0.0, "Total Cost": 1.25, "Plan Rows": 25, "Plan Width": 34}, {"Node Type": "Hash", "Parent Relationship": "Inner", "Startup Cost": 1.06, "Total Cost": 1.06, "Plan Rows": 1, "Plan Width": 4, "Plans": [{"Node Type": "Seq Scan", "Parent Relationship": "Outer", "Relation Name": "region", "Alias": "region", "Startup Cost": 0.0, "Total Cost": 1.06, "Plan Rows": 1, "Plan Width": 4, "Filter": "(r_name = 'MIDDLE EAST'::bpchar)"}]}]}]}]}]}]}]}]}, {"Node Type": "Hash", "Parent Relationship": "Inner", "Startup Cost": 3283.0, "Total Cost": 3283.0, "Plan Rows": 100000, "Plan Width": 12, "Plans": [{"Node Type": "Seq Scan", "Parent Relationship": "Outer", "Relation Name": "supplier", "Alias": "supplier", "Startup Cost": 0.0, "Total Cost": 3283.0, "Plan Rows": 100000, "Plan Width": 12}]}]}]}]}, "Unique SQL Id": 1392561963}, "explain_analyze_plan": null}, "(1, 11)": {"explain_plan": {"Plan": {"Node Type": "Sort", "Startup Cost": 6006900701327.45, "Total Cost": 6006900701327.51, "Plan Rows": 25, "Plan Width": 42, "Sort Key": ["(sum((lineitem.l_extendedprice * (1::double precision - lineitem.l_discount)))) DESC"], "Plans": [{"Node Type": "Aggregate", "Strategy": "Hashed", "Parent Relationship": "Outer", "Startup Cost": 6006900701326.62, "Total Cost": 6006900701326.87, "Plan Rows": 25, "Plan Width": 42, "Group By Key": ["nation.n_name"], "Plans": [{"Node Type": "Merge Join", "Parent Relationship": "Outer", "Join Type": "Inner", "Startup Cost": 60036448550.05, "Total Cost": 6006900701232.72, "Plan Rows": 9390, "Plan Width": 42, "Inner Unique": true, "Merge Cond": "(supplier.s_nationkey = customer.c_nationkey)", "Join Filter": "(orders.o_custkey = customer.c_custkey)", "Plans": [{"Node Type": "Nested Loop", "Parent Relationship": "Outer", "Join Type": "Inner", "Startup Cost": 50036448550.05, "Total Cost": 5006604634115.96, "Plan Rows": 263699, "Plan Width": 58, "Inner Unique": false, "Join Filter": "(lineitem.l_suppkey = supplier.s_suppkey), (LLVM Optimized)", "Plans": [{"Node Type": "Nested Loop", "Parent Relationship": "Outer", "Join Type": "Inner", "Startup Cost": 30000000000.0, "Total Cost": 3000000543701.01, "Plan Rows": 20000, "Plan Width": 42, "Inner Unique": false, "Join Filter": "(nation.n_nationkey = supplier.s_nationkey)", "Plans": [{"Node Type": "Nested Loop", "Parent Relationship": "Outer", "Join Type": "Inner", "Startup Cost": 20000000000.0, "Total Cost": 2000000002496.63, "Plan Rows": 5, "Plan Width": 30, "Inner Unique": true, "Join Filter": "(nation.n_regionkey = region.r_regionkey)", "Plans": [{"Node Type": "Index Scan", "Parent Relationship": "Outer", "Scan Direction": "Forward", "Index Name": "nation_pkey", "Relation Name": "nation", "Alias": "nation", "Startup Cost": 10000000000.0, "Total Cost": 1000000001262.5, "Plan Rows": 25, "Plan Width": 34}, {"Node Type": "Materialize", "Parent Relationship": "Inner", "Startup Cost": 10000000000.0, "Total Cost": 1000000001233.76, "Plan Rows": 1, "Plan Width": 4, "Plans": [{"Node Type": "Index Scan", "Parent Relationship": "Outer", "Scan Direction": "Forward", "Index Name": "region_pkey", "Relation Name": "region", "Alias": "region", "Startup Cost": 10000000000.0, "Total Cost": 1000000001233.75, "Plan Rows": 1, "Plan Width": 4, "Filter": "(r_name = 'MIDDLE EAST'::bpchar)"}]}]}, {"Node Type": "Materialize", "Parent Relationship": "Inner", "Startup Cost": 10000000000.0, "Total Cost": 1000000533954.38, "Plan Rows": 100000, "Plan Width": 12, "Plans": [{"Node Type": "Index Scan", "Parent Relationship": "Outer", "Scan Direction": "Forward", "Index Name": "supplier_pkey", "Relation Name": "supplier", "Alias": "supplier", "Startup Cost": 10000000000.0, "Total Cost": 1000000533454.38, "Plan Rows": 100000, "Plan Width": 12}]}]}, {"Node Type": "Materialize", "Parent Relationship": "Inner", "Startup Cost": 20036448550.05, "Total Cost": 2000388917108.5, "Plan Rows": 20717417, "Plan Width": 32, "Plans": [{"Node Type": "Merge Join", "Parent Relationship": "Outer", "Join Type": "Inner", "Startup Cost": 20036448550.05, "Total Cost": 2000388813521.41, "Plan Rows": 20717417, "Plan Width": 32, "Inner Unique": false, "Merge Cond": "(orders.o_orderkey = lineitem.l_orderkey)", "Plans": [{"Node Type": "Index Scan", "Parent Relationship": "Outer", "Scan Direction": "Forward", "Index Name": "orders_pkey", "Relation Name": "orders", "Alias": "orders", "Startup Cost": 10000000000.0, "Total Cost": 1000080597583.0, "Plan Rows": 2281758, "Plan Width": 16, "Filter": "((o_orderdate >= '1994-01-01 00:00:00'::timestamp(0) without time zone) AND (o_orderdate < '1995-01-01 00:00:00'::timestamp without time zone)), (LLVM Optimized)"}, {"Node Type": "Index Scan", "Parent Relationship": "Inner", "Scan Direction": "Forward", "Index Name": "idx_lineitem_orderkey", "Relation Name": "lineitem", "Alias": "lineitem", "Startup Cost": 10000000000.0, "Total Cost": 1000324015374.5, "Plan Rows": 59987033, "Plan Width": 32}]}]}]}, {"Node Type": "Materialize", "Parent Relationship": "Inner", "Startup Cost": 10000000000.0, "Total Cost": 1000019203896.25, "Plan Rows": 1500000, "Plan Width": 12, "Plans": [{"Node Type": "Index Scan", "Parent Relationship": "Outer", "Scan Direction": "Forward", "Index Name": "idx_customer_nationkey", "Relation Name": "customer", "Alias": "customer", "Startup Cost": 10000000000.0, "Total Cost": 1000019200146.25, "Plan Rows": 1500000, "Plan Width": 12}]}]}]}]}, "Unique SQL Id": 1392561963}, "explain_analyze_plan": null}, "(1, 12)": {"explain_plan": {"Plan": {"Node Type": "Sort", "Startup Cost": 1725068.14, "Total Cost": 1725068.21, "Plan Rows": 25, "Plan Width": 42, "Sort Key": ["(sum((lineitem.l_extendedprice * (1::double precision - lineitem.l_discount)))) DESC"], "Plans": [{"Node Type": "Aggregate", "Strategy": "Hashed", "Parent Relationship": "Outer", "Startup Cost": 1725067.31, "Total Cost": 1725067.56, "Plan Rows": 25, "Plan Width": 42, "Group By Key": ["nation.n_name"], "Plans": [{"Node Type": "Hash Join", "Parent Relationship": "Outer", "Join Type": "Inner", "Startup Cost": 4783.0, "Total Cost": 1724973.41, "Plan Rows": 9390, "Plan Width": 42, "Inner Unique": true, "Hash Cond": "((lineitem.l_suppkey = supplier.s_suppkey) AND (customer.c_nationkey = supplier.s_nationkey))", "Plans": [{"Node Type": "Nested Loop", "Parent Relationship": "Outer", "Join Type": "Inner", "Startup Cost": 0.0, "Total Cost": 1692429.4, "Plan Rows": 3688948, "Plan Width": 58, "Inner Unique": false, "Plans": [{"Node Type": "Nested Loop", "Parent Relationship": "Outer", "Join Type": "Inner", "Startup Cost": 0.0, "Total Cost": 416634.99, "Plan Rows": 406290, "Plan Width": 42, "Inner Unique": false, "Plans": [{"Node Type": "Nested Loop", "Parent Relationship": "Outer", "Join Type": "Inner", "Startup Cost": 0.0, "Total Cost": 41526.19, "Plan Rows": 300000, "Plan Width": 42, "Inner Unique": false, "Plans": [{"Node Type": "Nested Loop", "Parent Relationship": "Outer", "Join Type": "Inner", "Startup Cost": 0.0, "Total Cost": 14.06, "Plan Rows": 5, "Plan Width": 30, "Inner Unique": true, "Join Filter": "(nation.n_regionkey = region.r_regionkey)", "Plans": [{"Node Type": "Index Scan", "Parent Relationship": "Outer", "Scan Direction": "Forward", "Index Name": "nation_pkey", "Relation Name": "nation", "Alias": "nation", "Startup Cost": 0.0, "Total Cost": 12.62, "Plan Rows": 25, "Plan Width": 34}, {"Node Type": "Materialize", "Parent Relationship": "Inner", "Startup Cost": 0.0, "Total Cost": 1.07, "Plan Rows": 1, "Plan Width": 4, "Plans": [{"Node Type": "Seq Scan", "Parent Relationship": "Outer", "Relation Name": "region", "Alias": "region", "Startup Cost": 0.0, "Total Cost": 1.06, "Plan Rows": 1, "Plan Width": 4, "Filter": "(r_name = 'MIDDLE EAST'::bpchar)"}]}]}, {"Node Type": "Index Scan", "Parent Relationship": "Inner", "Scan Direction": "Forward", "Index Name": "idx_customer_nationkey", "Relation Name": "customer", "Alias": "customer", "Startup Cost": 0.0, "Total Cost": 7702.43, "Plan Rows": 60000, "Plan Width": 12, "Index Cond": "(c_nationkey = nation.n_nationkey)"}]}, {"Node Type": "Index Scan", "Parent Relationship": "Inner", "Scan Direction": "Forward", "Index Name": "idx_orders_custkey", "Relation Name": "orders", "Alias": "orders", "Startup Cost": 0.0, "Total Cost": 1.24, "Plan Rows": 1, "Plan Width": 16, "Index Cond": "(o_custkey = customer.c_custkey)", "Filter": "((o_orderdate >= '1994-01-01 00:00:00'::timestamp(0) without time zone) AND (o_orderdate < '1995-01-01 00:00:00'::timestamp without time zone))"}]}, {"Node Type": "Index Scan", "Parent Relationship": "Inner", "Scan Direction": "Forward", "Index Name": "idx_lineitem_orderkey", "Relation Name": "lineitem", "Alias": "lineitem", "Startup Cost": 0.0, "Total Cost": 3.05, "Plan Rows": 9, "Plan Width": 32, "Index Cond": "(l_orderkey = orders.o_orderkey)"}]}, {"Node Type": "Hash", "Parent Relationship": "Inner", "Startup Cost": 3283.0, "Total Cost": 3283.0, "Plan Rows": 100000, "Plan Width": 12, "Plans": [{"Node Type": "Seq Scan", "Parent Relationship": "Outer", "Relation Name": "supplier", "Alias": "supplier", "Startup Cost": 0.0, "Total Cost": 3283.0, "Plan Rows": 100000, "Plan Width": 12}]}]}]}]}, "Unique SQL Id": 1392561963}, "explain_analyze_plan": {"Plan": {"Node Type": "Sort", "Startup Cost": 1725068.14, "Total Cost": 1725068.21, "Plan Rows": 25, "Plan Width": 42, "Actual Startup Time": 16117.885, "Actual Total Time": 16117.885, "Actual Rows": 5, "Actual Loops": 1, "Sort Key": ["(sum((lineitem.l_extendedprice * (1::double precision - lineitem.l_discount)))) DESC"], "Sort Method": "quicksort", "Sort Space Used": 25, "Sort Space Type": "Memory", "Plans": [{"Node Type": "Aggregate", "Strategy": "Hashed", "Parent Relationship": "Outer", "Startup Cost": 1725067.31, "Total Cost": 1725067.56, "Plan Rows": 25, "Plan Width": 42, "Actual Startup Time": 16117.851, "Actual Total Time": 16117.854, "Actual Rows": 5, "Actual Loops": 1, "Group By Key": ["nation.n_name"], "Plans": [{"Node Type": "Hash Join", "Parent Relationship": "Outer", "Join Type": "Inner", "Startup Cost": 4783.0, "Total Cost": 1724973.41, "Plan Rows": 9390, "Plan Width": 42, "Actual Startup Time": 71.415, "Actual Total Time": 16037.496, "Actual Rows": 72985, "Actual Loops": 1, "Inner Unique": true, "Hash Cond": "((lineitem.l_suppkey = supplier.s_suppkey) AND (customer.c_nationkey = supplier.s_nationkey))", "Plans": [{"Node Type": "Nested Loop", "Parent Relationship": "Outer", "Join Type": "Inner", "Startup Cost": 0.0, "Total Cost": 1692429.4, "Plan Rows": 3688948, "Plan Width": 58, "Actual Startup Time": 0.216, "Actual Total Time": 15190.331, "Actual Rows": 1815222, "Actual Loops": 1, "Inner Unique": false, "Plans": [{"Node Type": "Nested Loop", "Parent Relationship": "Outer", "Join Type": "Inner", "Startup Cost": 0.0, "Total Cost": 416634.99, "Plan Rows": 406290, "Plan Width": 42, "Actual Startup Time": 0.179, "Actual Total Time": 9367.842, "Actual Rows": 454183, "Actual Loops": 1, "Inner Unique": false, "Plans": [{"Node Type": "Nested Loop", "Parent Relationship": "Outer", "Join Type": "Inner", "Startup Cost": 0.0, "Total Cost": 41526.19, "Plan Rows": 300000, "Plan Width": 42, "Actual Startup Time": 0.096, "Actual Total Time": 518.505, "Actual Rows": 299838, "Actual Loops": 1, "Inner Unique": false, "Plans": [{"Node Type": "Nested Loop", "Parent Relationship": "Outer", "Join Type": "Inner", "Startup Cost": 0.0, "Total Cost": 14.06, "Plan Rows": 5, "Plan Width": 30, "Actual Startup Time": 0.058, "Actual Total Time": 0.13, "Actual Rows": 5, "Actual Loops": 1, "Inner Unique": true, "Join Filter": "(nation.n_regionkey = region.r_regionkey)", "Rows Removed by Join Filter": 20, "Plans": [{"Node Type": "Index Scan", "Parent Relationship": "Outer", "Scan Direction": "Forward", "Index Name": "nation_pkey", "Relation Name": "nation", "Alias": "nation", "Startup Cost": 0.0, "Total Cost": 12.62, "Plan Rows": 25, "Plan Width": 34, "Actual Startup Time": 0.021, "Actual Total Time": 0.05, "Actual Rows": 25, "Actual Loops": 1}, {"Node Type": "Materialize", "Parent Relationship": "Inner", "Startup Cost": 0.0, "Total Cost": 1.07, "Plan Rows": 1, "Plan Width": 4, "Actual Startup Time": 0.033, "Actual Total Time": 0.037, "Actual Rows": 25, "Actual Loops": 25, "Plans": [{"Node Type": "Seq Scan", "Parent Relationship": "Outer", "Relation Name": "region", "Alias": "region", "Startup Cost": 0.0, "Total Cost": 1.06, "Plan Rows": 1, "Plan Width": 4, "Actual Startup Time": 0.019, "Actual Total Time": 0.021, "Actual Rows": 1, "Actual Loops": 1, "Filter": "(r_name = 'MIDDLE EAST'::bpchar)", "Rows Removed by Filter": 4}]}]}, {"Node Type": "Index Scan", "Parent Relationship": "Inner", "Scan Direction": "Forward", "Index Name": "idx_customer_nationkey", "Relation Name": "customer", "Alias": "customer", "Startup Cost": 0.0, "Total Cost": 7702.43, "Plan Rows": 60000, "Plan Width": 12, "Actual Startup Time": 0.155, "Actual Total Time": 436.115, "Actual Rows": 299838, "Actual Loops": 5, "Index Cond": "(c_nationkey = nation.n_nationkey)", "Rows Removed by Index Recheck": 0}]}, {"Node Type": "Index Scan", "Parent Relationship": "Inner", "Scan Direction": "Forward", "Index Name": "idx_orders_custkey", "Relation Name": "orders", "Alias": "orders", "Startup Cost": 0.0, "Total Cost": 1.24, "Plan Rows": 1, "Plan Width": 16, "Actual Startup Time": 4057.619, "Actual Total Time": 8589.291, "Actual Rows": 454183, "Actual Loops": 299838, "Index Cond": "(o_custkey = customer.c_custkey)", "Rows Removed by Index Recheck": 0, "Filter": "((o_orderdate >= '1994-01-01 00:00:00'::timestamp(0) without time zone) AND (o_orderdate < '1995-01-01 00:00:00'::timestamp without time zone))", "Rows Removed by Filter": 2542535}]}, {"Node Type": "Index Scan", "Parent Relationship": "Inner", "Scan Direction": "Forward", "Index Name": "idx_lineitem_orderkey", "Relation Name": "lineitem", "Alias": "lineitem", "Startup Cost": 0.0, "Total Cost": 3.05, "Plan Rows": 9, "Plan Width": 32, "Actual Startup Time": 4219.67, "Actual Total Time": 5178.86, "Actual Rows": 1815222, "Actual Loops": 454183, "Index Cond": "(l_orderkey = orders.o_orderkey)", "Rows Removed by Index Recheck": 0}]}, {"Node Type": "Hash", "Parent Relationship": "Inner", "Startup Cost": 3283.0, "Total Cost": 3283.0, "Plan Rows": 100000, "Plan Width": 12, "Actual Startup Time": 70.941, "Actual Total Time": 70.941, "Actual Rows": 100000, "Actual Loops": 1, "Hash Buckets": 131072, "Hash Batches": 1, "Original Hash Batches": 1, "Peak Memory Usage": 4297, "Plans": [{"Node Type": "Seq Scan", "Parent Relationship": "Outer", "Relation Name": "supplier", "Alias": "supplier", "Startup Cost": 0.0, "Total Cost": 3283.0, "Plan Rows": 100000, "Plan Width": 12, "Actual Startup Time": 0.021, "Actual Total Time": 37.274, "Actual Rows": 100000, "Actual Loops": 1}]}]}]}]}, "Triggers": [], "Planner Runtime": 7.165, "Total Runtime": 16118.353, "Unique SQL Id": 1392561963}}, "(1, 13)": {"explain_plan": {"Plan": {"Node Type": "Sort", "Startup Cost": 1727130.96, "Total Cost": 1727131.02, "Plan Rows": 25, "Plan Width": 42, "Sort Key": ["(sum((lineitem.l_extendedprice * (1::double precision - lineitem.l_discount)))) DESC"], "Plans": [{"Node Type": "Aggregate", "Strategy": "Hashed", "Parent Relationship": "Outer", "Startup Cost": 1727130.13, "Total Cost": 1727130.38, "Plan Rows": 25, "Plan Width": 42, "Group By Key": ["nation.n_name"], "Plans": [{"Node Type": "Hash Join", "Parent Relationship": "Outer", "Join Type": "Inner", "Startup Cost": 6834.54, "Total Cost": 1727036.23, "Plan Rows": 9390, "Plan Width": 42, "Inner Unique": true, "Hash Cond": "((lineitem.l_suppkey = supplier.s_suppkey) AND (customer.c_nationkey = supplier.s_nationkey))", "Plans": [{"Node Type": "Nested Loop", "Parent Relationship": "Outer", "Join Type": "Inner", "Startup Cost": 0.0, "Total Cost": 1692440.68, "Plan Rows": 3688948, "Plan Width": 58, "Inner Unique": false, "Plans": [{"Node Type": "Nested Loop", "Parent Relationship": "Outer", "Join Type": "Inner", "Startup Cost": 0.0, "Total Cost": 416646.27, "Plan Rows": 406290, "Plan Width": 42, "Inner Unique": false, "Plans": [{"Node Type": "Nested Loop", "Parent Relationship": "Outer", "Join Type": "Inner", "Startup Cost": 0.0, "Total Cost": 41537.47, "Plan Rows": 300000, "Plan Width": 42, "Inner Unique": false, "Plans": [{"Node Type": "Nested Loop", "Parent Relationship": "Outer", "Join Type": "Inner", "Startup Cost": 0.0, "Total Cost": 25.34, "Plan Rows": 5, "Plan Width": 30, "Inner Unique": true, "Join Filter": "(nation.n_regionkey = region.r_regionkey)", "Plans": [{"Node Type": "Index Scan", "Parent Relationship": "Outer", "Scan Direction": "Forward", "Index Name": "nation_pkey", "Relation Name": "nation", "Alias": "nation", "Startup Cost": 0.0, "Total Cost": 12.62, "Plan Rows": 25, "Plan Width": 34}, {"Node Type": "Materialize", "Parent Relationship": "Inner", "Startup Cost": 0.0, "Total Cost": 12.34, "Plan Rows": 1, "Plan Width": 4, "Plans": [{"Node Type": "Index Scan", "Parent Relationship": "Outer", "Scan Direction": "Forward", "Index Name": "region_pkey", "Relation Name": "region", "Alias": "region", "Startup Cost": 0.0, "Total Cost": 12.34, "Plan Rows": 1, "Plan Width": 4, "Filter": "(r_name = 'MIDDLE EAST'::bpchar)"}]}]}, {"Node Type": "Index Scan", "Parent Relationship": "Inner", "Scan Direction": "Forward", "Index Name": "idx_customer_nationkey", "Relation Name": "customer", "Alias": "customer", "Startup Cost": 0.0, "Total Cost": 7702.43, "Plan Rows": 60000, "Plan Width": 12, "Index Cond": "(c_nationkey = nation.n_nationkey)"}]}, {"Node Type": "Index Scan", "Parent Relationship": "Inner", "Scan Direction": "Forward", "Index Name": "idx_orders_custkey", "Relation Name": "orders", "Alias": "orders", "Startup Cost": 0.0, "Total Cost": 1.24, "Plan Rows": 1, "Plan Width": 16, "Index Cond": "(o_custkey = customer.c_custkey)", "Filter": "((o_orderdate >= '1994-01-01 00:00:00'::timestamp(0) without time zone) AND (o_orderdate < '1995-01-01 00:00:00'::timestamp without time zone))"}]}, {"Node Type": "Index Scan", "Parent Relationship": "Inner", "Scan Direction": "Forward", "Index Name": "idx_lineitem_orderkey", "Relation Name": "lineitem", "Alias": "lineitem", "Startup Cost": 0.0, "Total Cost": 3.05, "Plan Rows": 9, "Plan Width": 32, "Index Cond": "(l_orderkey = orders.o_orderkey)"}]}, {"Node Type": "Hash", "Parent Relationship": "Inner", "Startup Cost": 5334.54, "Total Cost": 5334.54, "Plan Rows": 100000, "Plan Width": 12, "Plans": [{"Node Type": "Index Scan", "Parent Relationship": "Outer", "Scan Direction": "Forward", "Index Name": "supplier_pkey", "Relation Name": "supplier", "Alias": "supplier", "Startup Cost": 0.0, "Total Cost": 5334.54, "Plan Rows": 100000, "Plan Width": 12}]}]}]}]}, "Unique SQL Id": 1392561963}, "explain_analyze_plan": {"Plan": {"Node Type": "Sort", "Startup Cost": 1727130.96, "Total Cost": 1727131.02, "Plan Rows": 25, "Plan Width": 42, "Actual Startup Time": 16579.155, "Actual Total Time": 16579.156, "Actual Rows": 5, "Actual Loops": 1, "Sort Key": ["(sum((lineitem.l_extendedprice * (1::double precision - lineitem.l_discount)))) DESC"], "Sort Method": "quicksort", "Sort Space Used": 25, "Sort Space Type": "Memory", "Plans": [{"Node Type": "Aggregate", "Strategy": "Hashed", "Parent Relationship": "Outer", "Startup Cost": 1727130.13, "Total Cost": 1727130.38, "Plan Rows": 25, "Plan Width": 42, "Actual Startup Time": 16579.121, "Actual Total Time": 16579.123, "Actual Rows": 5, "Actual Loops": 1, "Group By Key": ["nation.n_name"], "Plans": [{"Node Type": "Hash Join", "Parent Relationship": "Outer", "Join Type": "Inner", "Startup Cost": 6834.54, "Total Cost": 1727036.23, "Plan Rows": 9390, "Plan Width": 42, "Actual Startup Time": 94.955, "Actual Total Time": 16500.164, "Actual Rows": 72985, "Actual Loops": 1, "Inner Unique": true, "Hash Cond": "((lineitem.l_suppkey = supplier.s_suppkey) AND (customer.c_nationkey = supplier.s_nationkey))", "Plans": [{"Node Type": "Nested Loop", "Parent Relationship": "Outer", "Join Type": "Inner", "Startup Cost": 0.0, "Total Cost": 1692440.68, "Plan Rows": 3688948, "Plan Width": 58, "Actual Startup Time": 0.163, "Actual Total Time": 15572.652, "Actual Rows": 1815222, "Actual Loops": 1, "Inner Unique": false, "Plans": [{"Node Type": "Nested Loop", "Parent Relationship": "Outer", "Join Type": "Inner", "Startup Cost": 0.0, "Total Cost": 416646.27, "Plan Rows": 406290, "Plan Width": 42, "Actual Startup Time": 0.145, "Actual Total Time": 9614.368, "Actual Rows": 454183, "Actual Loops": 1, "Inner Unique": false, "Plans": [{"Node Type": "Nested Loop", "Parent Relationship": "Outer", "Join Type": "Inner", "Startup Cost": 0.0, "Total Cost": 41537.47, "Plan Rows": 300000, "Plan Width": 42, "Actual Startup Time": 0.078, "Actual Total Time": 533.168, "Actual Rows": 299838, "Actual Loops": 1, "Inner Unique": false, "Plans": [{"Node Type": "Nested Loop", "Parent Relationship": "Outer", "Join Type": "Inner", "Startup Cost": 0.0, "Total Cost": 25.34, "Plan Rows": 5, "Plan Width": 30, "Actual Startup Time": 0.046, "Actual Total Time": 0.112, "Actual Rows": 5, "Actual Loops": 1, "Inner Unique": true, "Join Filter": "(nation.n_regionkey = region.r_regionkey)", "Rows Removed by Join Filter": 20, "Plans": [{"Node Type": "Index Scan", "Parent Relationship": "Outer", "Scan Direction": "Forward", "Index Name": "nation_pkey", "Relation Name": "nation", "Alias": "nation", "Startup Cost": 0.0, "Total Cost": 12.62, "Plan Rows": 25, "Plan Width": 34, "Actual Startup Time": 0.014, "Actual Total Time": 0.037, "Actual Rows": 25, "Actual Loops": 1}, {"Node Type": "Materialize", "Parent Relationship": "Inner", "Startup Cost": 0.0, "Total Cost": 12.34, "Plan Rows": 1, "Plan Width": 4, "Actual Startup Time": 0.029, "Actual Total Time": 0.035, "Actual Rows": 25, "Actual Loops": 25, "Plans": [{"Node Type": "Index Scan", "Parent Relationship": "Outer", "Scan Direction": "Forward", "Index Name": "region_pkey", "Relation Name": "region", "Alias": "region", "Startup Cost": 0.0, "Total Cost": 12.34, "Plan Rows": 1, "Plan Width": 4, "Actual Startup Time": 0.014, "Actual Total Time": 0.016, "Actual Rows": 1, "Actual Loops": 1, "Filter": "(r_name = 'MIDDLE EAST'::bpchar)", "Rows Removed by Filter": 4}]}]}, {"Node Type": "Index Scan", "Parent Relationship": "Inner", "Scan Direction": "Forward", "Index Name": "idx_customer_nationkey", "Relation Name": "customer", "Alias": "customer", "Startup Cost": 0.0, "Total Cost": 7702.43, "Plan Rows": 60000, "Plan Width": 12, "Actual Startup Time": 0.147, "Actual Total Time": 449.955, "Actual Rows": 299838, "Actual Loops": 5, "Index Cond": "(c_nationkey = nation.n_nationkey)", "Rows Removed by Index Recheck": 0}]}, {"Node Type": "Index Scan", "Parent Relationship": "Inner", "Scan Direction": "Forward", "Index Name": "idx_orders_custkey", "Relation Name": "orders", "Alias": "orders", "Startup Cost": 0.0, "Total Cost": 1.24, "Plan Rows": 1, "Plan Width": 16, "Actual Startup Time": 4162.895, "Actual Total Time": 8821.988, "Actual Rows": 454183, "Actual Loops": 299838, "Index Cond": "(o_custkey = customer.c_custkey)", "Rows Removed by Index Recheck": 0, "Filter": "((o_orderdate >= '1994-01-01 00:00:00'::timestamp(0) without time zone) AND (o_orderdate < '1995-01-01 00:00:00'::timestamp without time zone))", "Rows Removed by Filter": 2542535}]}, {"Node Type": "Index Scan", "Parent Relationship": "Inner", "Scan Direction": "Forward", "Index Name": "idx_lineitem_orderkey", "Relation Name": "lineitem", "Alias": "lineitem", "Startup Cost": 0.0, "Total Cost": 3.05, "Plan Rows": 9, "Plan Width": 32, "Actual Startup Time": 4348.274, "Actual Total Time": 5306.281, "Actual Rows": 1815222, "Actual Loops": 454183, "Index Cond": "(l_orderkey = orders.o_orderkey)", "Rows Removed by Index Recheck": 0}]}, {"Node Type": "Hash", "Parent Relationship": "Inner", "Startup Cost": 5334.54, "Total Cost": 5334.54, "Plan Rows": 100000, "Plan Width": 12, "Actual Startup Time": 94.553, "Actual Total Time": 94.553, "Actual Rows": 100000, "Actual Loops": 1, "Hash Buckets": 131072, "Hash Batches": 1, "Original Hash Batches": 1, "Peak Memory Usage": 4297, "Plans": [{"Node Type": "Index Scan", "Parent Relationship": "Outer", "Scan Direction": "Forward", "Index Name": "supplier_pkey", "Relation Name": "supplier", "Alias": "supplier", "Startup Cost": 0.0, "Total Cost": 5334.54, "Plan Rows": 100000, "Plan Width": 12, "Actual Startup Time": 0.02, "Actual Total Time": 61.122, "Actual Rows": 100000, "Actual Loops": 1}]}]}]}]}, "Triggers": [], "Planner Runtime": 6.532, "Total Runtime": 16579.476, "Unique SQL Id": 1392561963}}, "(1, 14)": {"explain_plan": {"Plan": {"Node Type": "Sort", "Startup Cost": 2891580.15, "Total Cost": 2891580.22, "Plan Rows": 25, "Plan Width": 42, "Sort Key": ["(sum((lineitem.l_extendedprice * (1::double precision - lineitem.l_discount)))) DESC"], "Plans": [{"Node Type": "Aggregate", "Strategy": "Hashed", "Parent Relationship": "Outer", "Startup Cost": 2891579.32, "Total Cost": 2891579.57, "Plan Rows": 25, "Plan Width": 42, "Group By Key": ["nation.n_name"], "Plans": [{"Node Type": "Hash Join", "Parent Relationship": "Outer", "Join Type": "Inner", "Startup Cost": 586755.18, "Total Cost": 2891485.42, "Plan Rows": 9390, "Plan Width": 42, "Inner Unique": true, "Hash Cond": "((lineitem.l_suppkey = supplier.s_suppkey) AND (customer.c_nationkey = supplier.s_nationkey))", "Plans": [{"Node Type": "Hash Join", "Parent Relationship": "Outer", "Join Type": "Inner", "Startup Cost": 581972.18, "Total Cost": 2858928.33, "Plan Rows": 3688948, "Plan Width": 58, "Inner Unique": false, "Hash Cond": "(lineitem.l_orderkey = orders.o_orderkey), (LLVM Optimized)", "Plans": [{"Node Type": "Seq Scan", "Parent Relationship": "Outer", "Relation Name": "lineitem", "Alias": "lineitem", "Startup Cost": 0.0, "Total Cost": 2015115.33, "Plan Rows": 59987033, "Plan Width": 32}, {"Node Type": "Hash", "Parent Relationship": "Inner", "Startup Cost": 576893.55, "Total Cost": 576893.55, "Plan Rows": 406290, "Plan Width": 42, "Plans": [{"Node Type": "Hash Join", "Parent Relationship": "Outer", "Join Type": "Inner", "Startup Cost": 63305.42, "Total Cost": 576893.55, "Plan Rows": 406290, "Plan Width": 42, "Inner Unique": false, "Hash Cond": "(orders.o_custkey = customer.c_custkey), (LLVM Optimized)", "Plans": [{"Node Type": "Seq Scan", "Parent Relationship": "Outer", "Relation Name": "orders", "Alias": "orders", "Startup Cost": 442.55, "Total Cost": 501411.18, "Plan Rows": 2281758, "Plan Width": 16, "Filter": "((o_orderdate >= '1994-01-01 00:00:00'::timestamp(0) without time zone) AND (o_orderdate < '1995-01-01 00:00:00'::timestamp without time zone)), (LLVM Optimized)"}, {"Node Type": "Hash", "Parent Relationship": "Inner", "Startup Cost": 59112.88, "Total Cost": 59112.88, "Plan Rows": 300000, "Plan Width": 42, "Plans": [{"Node Type": "Hash Join", "Parent Relationship": "Outer", "Join Type": "Inner", "Startup Cost": 2.5, "Total Cost": 59112.88, "Plan Rows": 300000, "Plan Width": 42, "Inner Unique": false, "Hash Cond": "(customer.c_nationkey = nation.n_nationkey), (LLVM Optimized)", "Plans": [{"Node Type": "Seq Scan", "Parent Relationship": "Outer", "Relation Name": "customer", "Alias": "customer", "Startup Cost": 0.0, "Total Cost": 52126.0, "Plan Rows": 1500000, "Plan Width": 12}, {"Node Type": "Hash", "Parent Relationship": "Inner", "Startup Cost": 2.44, "Total Cost": 2.44, "Plan Rows": 5, "Plan Width": 30, "Plans": [{"Node Type": "Hash Join", "Parent Relationship": "Outer", "Join Type": "Inner", "Startup Cost": 1.07, "Total Cost": 2.44, "Plan Rows": 5, "Plan Width": 30, "Inner Unique": true, "Hash Cond": "(nation.n_regionkey = region.r_regionkey)", "Plans": [{"Node Type": "Seq Scan", "Parent Relationship": "Outer", "Relation Name": "nation", "Alias": "nation", "Startup Cost": 0.0, "Total Cost": 1.25, "Plan Rows": 25, "Plan Width": 34}, {"Node Type": "Hash", "Parent Relationship": "Inner", "Startup Cost": 1.06, "Total Cost": 1.06, "Plan Rows": 1, "Plan Width": 4, "Plans": [{"Node Type": "Seq Scan", "Parent Relationship": "Outer", "Relation Name": "region", "Alias": "region", "Startup Cost": 0.0, "Total Cost": 1.06, "Plan Rows": 1, "Plan Width": 4, "Filter": "(r_name = 'MIDDLE EAST'::bpchar)"}]}]}]}]}]}]}]}]}, {"Node Type": "Hash", "Parent Relationship": "Inner", "Startup Cost": 3283.0, "Total Cost": 3283.0, "Plan Rows": 100000, "Plan Width": 12, "Plans": [{"Node Type": "Seq Scan", "Parent Relationship": "Outer", "Relation Name": "supplier", "Alias": "supplier", "Startup Cost": 0.0, "Total Cost": 3283.0, "Plan Rows": 100000, "Plan Width": 12}]}]}]}]}, "Unique SQL Id": 1392561963}, "explain_analyze_plan": null}, "(1, 15)": {"explain_plan": {"Plan": {"Node Type": "Sort", "Startup Cost": 6006900701327.45, "Total Cost": 6006900701327.51, "Plan Rows": 25, "Plan Width": 42, "Sort Key": ["(sum((lineitem.l_extendedprice * (1::double precision - lineitem.l_discount)))) DESC"], "Plans": [{"Node Type": "Aggregate", "Strategy": "Hashed", "Parent Relationship": "Outer", "Startup Cost": 6006900701326.62, "Total Cost": 6006900701326.87, "Plan Rows": 25, "Plan Width": 42, "Group By Key": ["nation.n_name"], "Plans": [{"Node Type": "Merge Join", "Parent Relationship": "Outer", "Join Type": "Inner", "Startup Cost": 60036448550.05, "Total Cost": 6006900701232.72, "Plan Rows": 9390, "Plan Width": 42, "Inner Unique": true, "Merge Cond": "(supplier.s_nationkey = customer.c_nationkey)", "Join Filter": "(orders.o_custkey = customer.c_custkey)", "Plans": [{"Node Type": "Nested Loop", "Parent Relationship": "Outer", "Join Type": "Inner", "Startup Cost": 50036448550.05, "Total Cost": 5006604634115.96, "Plan Rows": 263699, "Plan Width": 58, "Inner Unique": false, "Join Filter": "(lineitem.l_suppkey = supplier.s_suppkey), (LLVM Optimized)", "Plans": [{"Node Type": "Nested Loop", "Parent Relationship": "Outer", "Join Type": "Inner", "Startup Cost": 30000000000.0, "Total Cost": 3000000543701.01, "Plan Rows": 20000, "Plan Width": 42, "Inner Unique": false, "Join Filter": "(nation.n_nationkey = supplier.s_nationkey)", "Plans": [{"Node Type": "Nested Loop", "Parent Relationship": "Outer", "Join Type": "Inner", "Startup Cost": 20000000000.0, "Total Cost": 2000000002496.63, "Plan Rows": 5, "Plan Width": 30, "Inner Unique": true, "Join Filter": "(nation.n_regionkey = region.r_regionkey)", "Plans": [{"Node Type": "Index Scan", "Parent Relationship": "Outer", "Scan Direction": "Forward", "Index Name": "nation_pkey", "Relation Name": "nation", "Alias": "nation", "Startup Cost": 10000000000.0, "Total Cost": 1000000001262.5, "Plan Rows": 25, "Plan Width": 34}, {"Node Type": "Materialize", "Parent Relationship": "Inner", "Startup Cost": 10000000000.0, "Total Cost": 1000000001233.76, "Plan Rows": 1, "Plan Width": 4, "Plans": [{"Node Type": "Index Scan", "Parent Relationship": "Outer", "Scan Direction": "Forward", "Index Name": "region_pkey", "Relation Name": "region", "Alias": "region", "Startup Cost": 10000000000.0, "Total Cost": 1000000001233.75, "Plan Rows": 1, "Plan Width": 4, "Filter": "(r_name = 'MIDDLE EAST'::bpchar)"}]}]}, {"Node Type": "Materialize", "Parent Relationship": "Inner", "Startup Cost": 10000000000.0, "Total Cost": 1000000533954.38, "Plan Rows": 100000, "Plan Width": 12, "Plans": [{"Node Type": "Index Scan", "Parent Relationship": "Outer", "Scan Direction": "Forward", "Index Name": "supplier_pkey", "Relation Name": "supplier", "Alias": "supplier", "Startup Cost": 10000000000.0, "Total Cost": 1000000533454.38, "Plan Rows": 100000, "Plan Width": 12}]}]}, {"Node Type": "Materialize", "Parent Relationship": "Inner", "Startup Cost": 20036448550.05, "Total Cost": 2000388917108.5, "Plan Rows": 20717417, "Plan Width": 32, "Plans": [{"Node Type": "Merge Join", "Parent Relationship": "Outer", "Join Type": "Inner", "Startup Cost": 20036448550.05, "Total Cost": 2000388813521.41, "Plan Rows": 20717417, "Plan Width": 32, "Inner Unique": false, "Merge Cond": "(orders.o_orderkey = lineitem.l_orderkey)", "Plans": [{"Node Type": "Index Scan", "Parent Relationship": "Outer", "Scan Direction": "Forward", "Index Name": "orders_pkey", "Relation Name": "orders", "Alias": "orders", "Startup Cost": 10000000000.0, "Total Cost": 1000080597583.0, "Plan Rows": 2281758, "Plan Width": 16, "Filter": "((o_orderdate >= '1994-01-01 00:00:00'::timestamp(0) without time zone) AND (o_orderdate < '1995-01-01 00:00:00'::timestamp without time zone)), (LLVM Optimized)"}, {"Node Type": "Index Scan", "Parent Relationship": "Inner", "Scan Direction": "Forward", "Index Name": "idx_lineitem_orderkey", "Relation Name": "lineitem", "Alias": "lineitem", "Startup Cost": 10000000000.0, "Total Cost": 1000324015374.5, "Plan Rows": 59987033, "Plan Width": 32}]}]}]}, {"Node Type": "Materialize", "Parent Relationship": "Inner", "Startup Cost": 10000000000.0, "Total Cost": 1000019203896.25, "Plan Rows": 1500000, "Plan Width": 12, "Plans": [{"Node Type": "Index Scan", "Parent Relationship": "Outer", "Scan Direction": "Forward", "Index Name": "idx_customer_nationkey", "Relation Name": "customer", "Alias": "customer", "Startup Cost": 10000000000.0, "Total Cost": 1000019200146.25, "Plan Rows": 1500000, "Plan Width": 12}]}]}]}]}, "Unique SQL Id": 1392561963}, "explain_analyze_plan": null}, "(1, 16)": {"explain_plan": {"Plan": {"Node Type": "Sort", "Startup Cost": 2117504.41, "Total Cost": 2117504.48, "Plan Rows": 25, "Plan Width": 42, "Sort Key": ["(sum((lineitem.l_extendedprice * (1::double precision - lineitem.l_discount)))) DESC"], "Plans": [{"Node Type": "Aggregate", "Strategy": "Hashed", "Parent Relationship": "Outer", "Startup Cost": 2117503.58, "Total Cost": 2117503.83, "Plan Rows": 25, "Plan Width": 42, "Group By Key": ["nation.n_name"], "Plans": [{"Node Type": "Merge Join", "Parent Relationship": "Outer", "Join Type": "Inner", "Startup Cost": 2090449.42, "Total Cost": 2117409.68, "Plan Rows": 9390, "Plan Width": 42, "Inner Unique": false, "Merge Cond": "(supplier.s_suppkey = lineitem.l_suppkey)", "Join Filter": "(customer.c_nationkey = supplier.s_nationkey)", "Plans": [{"Node Type": "Index Scan", "Parent Relationship": "Outer", "Scan Direction": "Forward", "Index Name": "supplier_pkey", "Relation Name": "supplier", "Alias": "supplier", "Startup Cost": 0.0, "Total Cost": 5334.54, "Plan Rows": 100000, "Plan Width": 12}, {"Node Type": "Sort", "Parent Relationship": "Inner", "Startup Cost": 2090447.59, "Total Cost": 2099669.96, "Plan Rows": 3688948, "Plan Width": 58, "Sort Key": ["lineitem.l_suppkey"], "Plans": [{"Node Type": "Nested Loop", "Parent Relationship": "Outer", "Join Type": "Inner", "Startup Cost": 1030.37, "Total Cost": 1688079.68, "Plan Rows": 3688948, "Plan Width": 58, "Inner Unique": false, "Plans": [{"Node Type": "Nested Loop", "Parent Relationship": "Outer", "Join Type": "Inner", "Startup Cost": 1030.37, "Total Cost": 412285.27, "Plan Rows": 406290, "Plan Width": 42, "Inner Unique": false, "Plans": [{"Node Type": "Nested Loop", "Parent Relationship": "Outer", "Join Type": "Inner", "Startup Cost": 1030.37, "Total Cost": 37176.47, "Plan Rows": 300000, "Plan Width": 42, "Inner Unique": false, "Plans": [{"Node Type": "Nested Loop", "Parent Relationship": "Outer", "Join Type": "Inner", "Startup Cost": 0.0, "Total Cost": 14.06, "Plan Rows": 5, "Plan Width": 30, "Inner Unique": true, "Join Filter": "(nation.n_regionkey = region.r_regionkey)", "Plans": [{"Node Type": "Index Scan", "Parent Relationship": "Outer", "Scan Direction": "Forward", "Index Name": "nation_pkey", "Relation Name": "nation", "Alias": "nation", "Startup Cost": 0.0, "Total Cost": 12.62, "Plan Rows": 25, "Plan Width": 34}, {"Node Type": "Materialize", "Parent Relationship": "Inner", "Startup Cost": 0.0, "Total Cost": 1.07, "Plan Rows": 1, "Plan Width": 4, "Plans": [{"Node Type": "Seq Scan", "Parent Relationship": "Outer", "Relation Name": "region", "Alias": "region", "Startup Cost": 0.0, "Total Cost": 1.06, "Plan Rows": 1, "Plan Width": 4, "Filter": "(r_name = 'MIDDLE EAST'::bpchar)"}]}]}, {"Node Type": "Bitmap Heap Scan", "Parent Relationship": "Inner", "Relation Name": "customer", "Alias": "customer", "Startup Cost": 1030.37, "Total Cost": 6832.48, "Plan Rows": 60000, "Plan Width": 12, "Recheck Cond": "(c_nationkey = nation.n_nationkey)", "Plans": [{"Node Type": "Bitmap Index Scan", "Parent Relationship": "Outer", "Index Name": "idx_customer_nationkey", "Startup Cost": 0.0, "Total Cost": 1015.37, "Plan Rows": 60000, "Plan Width": 0, "Index Cond": "(c_nationkey = nation.n_nationkey)"}]}]}, {"Node Type": "Index Scan", "Parent Relationship": "Inner", "Scan Direction": "Forward", "Index Name": "idx_orders_custkey", "Relation Name": "orders", "Alias": "orders", "Startup Cost": 0.0, "Total Cost": 1.24, "Plan Rows": 1, "Plan Width": 16, "Index Cond": "(o_custkey = customer.c_custkey)", "Filter": "((o_orderdate >= '1994-01-01 00:00:00'::timestamp(0) without time zone) AND (o_orderdate < '1995-01-01 00:00:00'::timestamp without time zone))"}]}, {"Node Type": "Index Scan", "Parent Relationship": "Inner", "Scan Direction": "Forward", "Index Name": "idx_lineitem_orderkey", "Relation Name": "lineitem", "Alias": "lineitem", "Startup Cost": 0.0, "Total Cost": 3.05, "Plan Rows": 9, "Plan Width": 32, "Index Cond": "(l_orderkey = orders.o_orderkey)"}]}]}]}]}]}, "Unique SQL Id": 1392561963}, "explain_analyze_plan": {"Plan": {"Node Type": "Sort", "Startup Cost": 2117504.41, "Total Cost": 2117504.48, "Plan Rows": 25, "Plan Width": 42, "Actual Startup Time": 17309.694, "Actual Total Time": 17309.695, "Actual Rows": 5, "Actual Loops": 1, "Sort Key": ["(sum((lineitem.l_extendedprice * (1::double precision - lineitem.l_discount)))) DESC"], "Sort Method": "quicksort", "Sort Space Used": 25, "Sort Space Type": "Memory", "Plans": [{"Node Type": "Aggregate", "Strategy": "Hashed", "Parent Relationship": "Outer", "Startup Cost": 2117503.58, "Total Cost": 2117503.83, "Plan Rows": 25, "Plan Width": 42, "Actual Startup Time": 17309.66, "Actual Total Time": 17309.664, "Actual Rows": 5, "Actual Loops": 1, "Group By Key": ["nation.n_name"], "Plans": [{"Node Type": "Merge Join", "Parent Relationship": "Outer", "Join Type": "Inner", "Startup Cost": 2090449.42, "Total Cost": 2117409.68, "Plan Rows": 9390, "Plan Width": 42, "Actual Startup Time": 16174.272, "Actual Total Time": 17260.652, "Actual Rows": 72985, "Actual Loops": 1, "Inner Unique": false, "Merge Cond": "(supplier.s_suppkey = lineitem.l_suppkey)", "Join Filter": "(customer.c_nationkey = supplier.s_nationkey)", "Rows Removed by Join Filter": 0, "Plans": [{"Node Type": "Index Scan", "Parent Relationship": "Outer", "Scan Direction": "Forward", "Index Name": "supplier_pkey", "Relation Name": "supplier", "Alias": "supplier", "Startup Cost": 0.0, "Total Cost": 5334.54, "Plan Rows": 100000, "Plan Width": 12, "Actual Startup Time": 0.027, "Actual Total Time": 66.824, "Actual Rows": 100000, "Actual Loops": 1}, {"Node Type": "Sort", "Parent Relationship": "Inner", "Startup Cost": 2090447.59, "Total Cost": 2099669.96, "Plan Rows": 3688948, "Plan Width": 58, "Actual Startup Time": 16174.101, "Actual Total Time": 16655.885, "Actual Rows": 1815222, "Actual Loops": 1, "Sort Key": ["lineitem.l_suppkey"], "Sort Method": "quicksort", "Sort Space Used": 332781, "Sort Space Type": "Memory", "Plans": [{"Node Type": "Nested Loop", "Parent Relationship": "Outer", "Join Type": "Inner", "Startup Cost": 1030.37, "Total Cost": 1688079.68, "Plan Rows": 3688948, "Plan Width": 58, "Actual Startup Time": 19.209, "Actual Total Time": 15325.626, "Actual Rows": 1815222, "Actual Loops": 1, "Inner Unique": false, "Plans": [{"Node Type": "Nested Loop", "Parent Relationship": "Outer", "Join Type": "Inner", "Startup Cost": 1030.37, "Total Cost": 412285.27, "Plan Rows": 406290, "Plan Width": 42, "Actual Startup Time": 19.188, "Actual Total Time": 9495.598, "Actual Rows": 454183, "Actual Loops": 1, "Inner Unique": false, "Plans": [{"Node Type": "Nested Loop", "Parent Relationship": "Outer", "Join Type": "Inner", "Startup Cost": 1030.37, "Total Cost": 37176.47, "Plan Rows": 300000, "Plan Width": 42, "Actual Startup Time": 19.111, "Actual Total Time": 650.712, "Actual Rows": 299838, "Actual Loops": 1, "Inner Unique": false, "Plans": [{"Node Type": "Nested Loop", "Parent Relationship": "Outer", "Join Type": "Inner", "Startup Cost": 0.0, "Total Cost": 14.06, "Plan Rows": 5, "Plan Width": 30, "Actual Startup Time": 0.039, "Actual Total Time": 0.215, "Actual Rows": 5, "Actual Loops": 1, "Inner Unique": true, "Join Filter": "(nation.n_regionkey = region.r_regionkey)", "Rows Removed by Join Filter": 20, "Plans": [{"Node Type": "Index Scan", "Parent Relationship": "Outer", "Scan Direction": "Forward", "Index Name": "nation_pkey", "Relation Name": "nation", "Alias": "nation", "Startup Cost": 0.0, "Total Cost": 12.62, "Plan Rows": 25, "Plan Width": 34, "Actual Startup Time": 0.003, "Actual Total Time": 0.113, "Actual Rows": 25, "Actual Loops": 1}, {"Node Type": "Materialize", "Parent Relationship": "Inner", "Startup Cost": 0.0, "Total Cost": 1.07, "Plan Rows": 1, "Plan Width": 4, "Actual Startup Time": 0.038, "Actual Total Time": 0.04, "Actual Rows": 25, "Actual Loops": 25, "Plans": [{"Node Type": "Seq Scan", "Parent Relationship": "Outer", "Relation Name": "region", "Alias": "region", "Startup Cost": 0.0, "Total Cost": 1.06, "Plan Rows": 1, "Plan Width": 4, "Actual Startup Time": 0.018, "Actual Total Time": 0.02, "Actual Rows": 1, "Actual Loops": 1, "Filter": "(r_name = 'MIDDLE EAST'::bpchar)", "Rows Removed by Filter": 4}]}]}, {"Node Type": "Bitmap Heap Scan", "Parent Relationship": "Inner", "Relation Name": "customer", "Alias": "customer", "Startup Cost": 1030.37, "Total Cost": 6832.48, "Plan Rows": 60000, "Plan Width": 12, "Actual Startup Time": 91.695, "Actual Total Time": 575.01, "Actual Rows": 299838, "Actual Loops": 5, "Recheck Cond": "(c_nationkey = nation.n_nationkey)", "Rows Removed by Index Recheck": 0, "Exact Heap Blocks": 150033, "Lossy Heap Blocks": 150033, "Plans": [{"Node Type": "Bitmap Index Scan", "Parent Relationship": "Outer", "Index Name": "idx_customer_nationkey", "Startup Cost": 0.0, "Total Cost": 1015.37, "Plan Rows": 60000, "Plan Width": 0, "Actual Startup Time": 58.464, "Actual Total Time": 58.464, "Actual Rows": 299838, "Actual Loops": 5, "Index Cond": "(c_nationkey = nation.n_nationkey)"}]}]}, {"Node Type": "Index Scan", "Parent Relationship": "Inner", "Scan Direction": "Forward", "Index Name": "idx_orders_custkey", "Relation Name": "orders", "Alias": "orders", "Startup Cost": 0.0, "Total Cost": 1.24, "Plan Rows": 1, "Plan Width": 16, "Actual Startup Time": 4057.089, "Actual Total Time": 8571.551, "Actual Rows": 454183, "Actual Loops": 299838, "Index Cond": "(o_custkey = customer.c_custkey)", "Rows Removed by Index Recheck": 0, "Filter": "((o_orderdate >= '1994-01-01 00:00:00'::timestamp(0) without time zone) AND (o_orderdate < '1995-01-01 00:00:00'::timestamp without time zone))", "Rows Removed by Filter": 2542535}]}, {"Node Type": "Index Scan", "Parent Relationship": "Inner", "Scan Direction": "Forward", "Index Name": "idx_lineitem_orderkey", "Relation Name": "lineitem", "Alias": "lineitem", "Startup Cost": 0.0, "Total Cost": 3.05, "Plan Rows": 9, "Plan Width": 32, "Actual Startup Time": 4223.92, "Actual Total Time": 5174.637, "Actual Rows": 1815222, "Actual Loops": 454183, "Index Cond": "(l_orderkey = orders.o_orderkey)", "Rows Removed by Index Recheck": 0}]}]}]}]}]}, "Triggers": [], "Planner Runtime": 5.871, "Total Runtime": 17310.093, "Unique SQL Id": 1392561963}}, "(1, 17)": {"explain_plan": {"Plan": {"Node Type": "Sort", "Startup Cost": 2117924.29, "Total Cost": 2117924.35, "Plan Rows": 25, "Plan Width": 42, "Sort Key": ["(sum((lineitem.l_extendedprice * (1::double precision - lineitem.l_discount)))) DESC"], "Plans": [{"Node Type": "Aggregate", "Strategy": "Hashed", "Parent Relationship": "Outer", "Startup Cost": 2117923.46, "Total Cost": 2117923.71, "Plan Rows": 25, "Plan Width": 42, "Group By Key": ["nation.n_name"], "Plans": [{"Node Type": "Merge Join", "Parent Relationship": "Outer", "Join Type": "Inner", "Startup Cost": 2090460.7, "Total Cost": 2117829.56, "Plan Rows": 9390, "Plan Width": 42, "Inner Unique": false, "Merge Cond": "(supplier.s_suppkey = lineitem.l_suppkey)", "Join Filter": "(customer.c_nationkey = supplier.s_nationkey)", "Plans": [{"Node Type": "Index Scan", "Parent Relationship": "Outer", "Scan Direction": "Forward", "Index Name": "supplier_pkey", "Relation Name": "supplier", "Alias": "supplier", "Startup Cost": 0.0, "Total Cost": 5334.54, "Plan Rows": 100000, "Plan Width": 12}, {"Node Type": "Sort", "Parent Relationship": "Inner", "Startup Cost": 2090458.87, "Total Cost": 2099681.24, "Plan Rows": 3688948, "Plan Width": 58, "Sort Key": ["lineitem.l_suppkey"], "Plans": [{"Node Type": "Nested Loop", "Parent Relationship": "Outer", "Join Type": "Inner", "Startup Cost": 1030.37, "Total Cost": 1688090.96, "Plan Rows": 3688948, "Plan Width": 58, "Inner Unique": false, "Plans": [{"Node Type": "Nested Loop", "Parent Relationship": "Outer", "Join Type": "Inner", "Startup Cost": 1030.37, "Total Cost": 412296.55, "Plan Rows": 406290, "Plan Width": 42, "Inner Unique": false, "Plans": [{"Node Type": "Nested Loop", "Parent Relationship": "Outer", "Join Type": "Inner", "Startup Cost": 1030.37, "Total Cost": 37187.75, "Plan Rows": 300000, "Plan Width": 42, "Inner Unique": false, "Plans": [{"Node Type": "Nested Loop", "Parent Relationship": "Outer", "Join Type": "Inner", "Startup Cost": 0.0, "Total Cost": 25.34, "Plan Rows": 5, "Plan Width": 30, "Inner Unique": true, "Join Filter": "(nation.n_regionkey = region.r_regionkey)", "Plans": [{"Node Type": "Index Scan", "Parent Relationship": "Outer", "Scan Direction": "Forward", "Index Name": "nation_pkey", "Relation Name": "nation", "Alias": "nation", "Startup Cost": 0.0, "Total Cost": 12.62, "Plan Rows": 25, "Plan Width": 34}, {"Node Type": "Materialize", "Parent Relationship": "Inner", "Startup Cost": 0.0, "Total Cost": 12.34, "Plan Rows": 1, "Plan Width": 4, "Plans": [{"Node Type": "Index Scan", "Parent Relationship": "Outer", "Scan Direction": "Forward", "Index Name": "region_pkey", "Relation Name": "region", "Alias": "region", "Startup Cost": 0.0, "Total Cost": 12.34, "Plan Rows": 1, "Plan Width": 4, "Filter": "(r_name = 'MIDDLE EAST'::bpchar)"}]}]}, {"Node Type": "Bitmap Heap Scan", "Parent Relationship": "Inner", "Relation Name": "customer", "Alias": "customer", "Startup Cost": 1030.37, "Total Cost": 6832.48, "Plan Rows": 60000, "Plan Width": 12, "Recheck Cond": "(c_nationkey = nation.n_nationkey)", "Plans": [{"Node Type": "Bitmap Index Scan", "Parent Relationship": "Outer", "Index Name": "idx_customer_nationkey", "Startup Cost": 0.0, "Total Cost": 1015.37, "Plan Rows": 60000, "Plan Width": 0, "Index Cond": "(c_nationkey = nation.n_nationkey)"}]}]}, {"Node Type": "Index Scan", "Parent Relationship": "Inner", "Scan Direction": "Forward", "Index Name": "idx_orders_custkey", "Relation Name": "orders", "Alias": "orders", "Startup Cost": 0.0, "Total Cost": 1.24, "Plan Rows": 1, "Plan Width": 16, "Index Cond": "(o_custkey = customer.c_custkey)", "Filter": "((o_orderdate >= '1994-01-01 00:00:00'::timestamp(0) without time zone) AND (o_orderdate < '1995-01-01 00:00:00'::timestamp without time zone))"}]}, {"Node Type": "Index Scan", "Parent Relationship": "Inner", "Scan Direction": "Forward", "Index Name": "idx_lineitem_orderkey", "Relation Name": "lineitem", "Alias": "lineitem", "Startup Cost": 0.0, "Total Cost": 3.05, "Plan Rows": 9, "Plan Width": 32, "Index Cond": "(l_orderkey = orders.o_orderkey)"}]}]}]}]}]}, "Unique SQL Id": 1392561963}, "explain_analyze_plan": {"Plan": {"Node Type": "Sort", "Startup Cost": 2117924.29, "Total Cost": 2117924.35, "Plan Rows": 25, "Plan Width": 42, "Actual Startup Time": 17419.365, "Actual Total Time": 17419.365, "Actual Rows": 5, "Actual Loops": 1, "Sort Key": ["(sum((lineitem.l_extendedprice * (1::double precision - lineitem.l_discount)))) DESC"], "Sort Method": "quicksort", "Sort Space Used": 25, "Sort Space Type": "Memory", "Plans": [{"Node Type": "Aggregate", "Strategy": "Hashed", "Parent Relationship": "Outer", "Startup Cost": 2117923.46, "Total Cost": 2117923.71, "Plan Rows": 25, "Plan Width": 42, "Actual Startup Time": 17419.335, "Actual Total Time": 17419.337, "Actual Rows": 5, "Actual Loops": 1, "Group By Key": ["nation.n_name"], "Plans": [{"Node Type": "Merge Join", "Parent Relationship": "Outer", "Join Type": "Inner", "Startup Cost": 2090460.7, "Total Cost": 2117829.56, "Plan Rows": 9390, "Plan Width": 42, "Actual Startup Time": 16302.05, "Actual Total Time": 17369.691, "Actual Rows": 72985, "Actual Loops": 1, "Inner Unique": false, "Merge Cond": "(supplier.s_suppkey = lineitem.l_suppkey)", "Join Filter": "(customer.c_nationkey = supplier.s_nationkey)", "Rows Removed by Join Filter": 0, "Plans": [{"Node Type": "Index Scan", "Parent Relationship": "Outer", "Scan Direction": "Forward", "Index Name": "supplier_pkey", "Relation Name": "supplier", "Alias": "supplier", "Startup Cost": 0.0, "Total Cost": 5334.54, "Plan Rows": 100000, "Plan Width": 12, "Actual Startup Time": 0.027, "Actual Total Time": 61.581, "Actual Rows": 100000, "Actual Loops": 1}, {"Node Type": "Sort", "Parent Relationship": "Inner", "Startup Cost": 2090458.87, "Total Cost": 2099681.24, "Plan Rows": 3688948, "Plan Width": 58, "Actual Startup Time": 16301.904, "Actual Total Time": 16771.126, "Actual Rows": 1815222, "Actual Loops": 1, "Sort Key": ["lineitem.l_suppkey"], "Sort Method": "quicksort", "Sort Space Used": 332781, "Sort Space Type": "Memory", "Plans": [{"Node Type": "Nested Loop", "Parent Relationship": "Outer", "Join Type": "Inner", "Startup Cost": 1030.37, "Total Cost": 1688090.96, "Plan Rows": 3688948, "Plan Width": 58, "Actual Startup Time": 19.082, "Actual Total Time": 15454.263, "Actual Rows": 1815222, "Actual Loops": 1, "Inner Unique": false, "Plans": [{"Node Type": "Nested Loop", "Parent Relationship": "Outer", "Join Type": "Inner", "Startup Cost": 1030.37, "Total Cost": 412296.55, "Plan Rows": 406290, "Plan Width": 42, "Actual Startup Time": 19.063, "Actual Total Time": 9577.392, "Actual Rows": 454183, "Actual Loops": 1, "Inner Unique": false, "Plans": [{"Node Type": "Nested Loop", "Parent Relationship": "Outer", "Join Type": "Inner", "Startup Cost": 1030.37, "Total Cost": 37187.75, "Plan Rows": 300000, "Plan Width": 42, "Actual Startup Time": 18.984, "Actual Total Time": 655.692, "Actual Rows": 299838, "Actual Loops": 1, "Inner Unique": false, "Plans": [{"Node Type": "Nested Loop", "Parent Relationship": "Outer", "Join Type": "Inner", "Startup Cost": 0.0, "Total Cost": 25.34, "Plan Rows": 5, "Plan Width": 30, "Actual Startup Time": 0.031, "Actual Total Time": 0.107, "Actual Rows": 5, "Actual Loops": 1, "Inner Unique": true, "Join Filter": "(nation.n_regionkey = region.r_regionkey)", "Rows Removed by Join Filter": 20, "Plans": [{"Node Type": "Index Scan", "Parent Relationship": "Outer", "Scan Direction": "Forward", "Index Name": "nation_pkey", "Relation Name": "nation", "Alias": "nation", "Startup Cost": 0.0, "Total Cost": 12.62, "Plan Rows": 25, "Plan Width": 34, "Actual Startup Time": 0.004, "Actual Total Time": 0.025, "Actual Rows": 25, "Actual Loops": 1}, {"Node Type": "Materialize", "Parent Relationship": "Inner", "Startup Cost": 0.0, "Total Cost": 12.34, "Plan Rows": 1, "Plan Width": 4, "Actual Startup Time": 0.028, "Actual Total Time": 0.032, "Actual Rows": 25, "Actual Loops": 25, "Plans": [{"Node Type": "Index Scan", "Parent Relationship": "Outer", "Scan Direction": "Forward", "Index Name": "region_pkey", "Relation Name": "region", "Alias": "region", "Startup Cost": 0.0, "Total Cost": 12.34, "Plan Rows": 1, "Plan Width": 4, "Actual Startup Time": 0.011, "Actual Total Time": 0.013, "Actual Rows": 1, "Actual Loops": 1, "Filter": "(r_name = 'MIDDLE EAST'::bpchar)", "Rows Removed by Filter": 4}]}]}, {"Node Type": "Bitmap Heap Scan", "Parent Relationship": "Inner", "Relation Name": "customer", "Alias": "customer", "Startup Cost": 1030.37, "Total Cost": 6832.48, "Plan Rows": 60000, "Plan Width": 12, "Actual Startup Time": 90.876, "Actual Total Time": 578.526, "Actual Rows": 299838, "Actual Loops": 5, "Recheck Cond": "(c_nationkey = nation.n_nationkey)", "Rows Removed by Index Recheck": 0, "Exact Heap Blocks": 150033, "Lossy Heap Blocks": 150033, "Plans": [{"Node Type": "Bitmap Index Scan", "Parent Relationship": "Outer", "Index Name": "idx_customer_nationkey", "Startup Cost": 0.0, "Total Cost": 1015.37, "Plan Rows": 60000, "Plan Width": 0, "Actual Startup Time": 57.959, "Actual Total Time": 57.959, "Actual Rows": 299838, "Actual Loops": 5, "Index Cond": "(c_nationkey = nation.n_nationkey)"}]}]}, {"Node Type": "Index Scan", "Parent Relationship": "Inner", "Scan Direction": "Forward", "Index Name": "idx_orders_custkey", "Relation Name": "orders", "Alias": "orders", "Startup Cost": 0.0, "Total Cost": 1.24, "Plan Rows": 1, "Plan Width": 16, "Actual Startup Time": 4091.865, "Actual Total Time": 8649.803, "Actual Rows": 454183, "Actual Loops": 299838, "Index Cond": "(o_custkey = customer.c_custkey)", "Rows Removed by Index Recheck": 0, "Filter": "((o_orderdate >= '1994-01-01 00:00:00'::timestamp(0) without time zone) AND (o_orderdate < '1995-01-01 00:00:00'::timestamp without time zone))", "Rows Removed by Filter": 2542535}]}, {"Node Type": "Index Scan", "Parent Relationship": "Inner", "Scan Direction": "Forward", "Index Name": "idx_lineitem_orderkey", "Relation Name": "lineitem", "Alias": "lineitem", "Startup Cost": 0.0, "Total Cost": 3.05, "Plan Rows": 9, "Plan Width": 32, "Actual Startup Time": 4261.787, "Actual Total Time": 5222.462, "Actual Rows": 1815222, "Actual Loops": 454183, "Index Cond": "(l_orderkey = orders.o_orderkey)", "Rows Removed by Index Recheck": 0}]}]}]}]}]}, "Triggers": [], "Planner Runtime": 5.772, "Total Runtime": 17419.747, "Unique SQL Id": 1392561963}}, "(1, 18)": {"explain_plan": {"Plan": {"Node Type": "Sort", "Startup Cost": 3136047.23, "Total Cost": 3136047.29, "Plan Rows": 25, "Plan Width": 42, "Sort Key": ["(sum((lineitem.l_extendedprice * (1::double precision - lineitem.l_discount)))) DESC"], "Plans": [{"Node Type": "Aggregate", "Strategy": "Hashed", "Parent Relationship": "Outer", "Startup Cost": 3136046.4, "Total Cost": 3136046.65, "Plan Rows": 25, "Plan Width": 42, "Group By Key": ["nation.n_name"], "Plans": [{"Node Type": "Merge Join", "Parent Relationship": "Outer", "Join Type": "Inner", "Startup Cost": 3107433.9, "Total Cost": 3135952.5, "Plan Rows": 9390, "Plan Width": 42, "Inner Unique": true, "Merge Cond": "((lineitem.l_suppkey = supplier.s_suppkey) AND (customer.c_nationkey = supplier.s_nationkey))", "Plans": [{"Node Type": "Sort", "Parent Relationship": "Outer", "Startup Cost": 3095843.33, "Total Cost": 3105065.7, "Plan Rows": 3688948, "Plan Width": 58, "Sort Key": ["lineitem.l_suppkey", "customer.c_nationkey"], "Plans": [{"Node Type": "Nested Loop", "Parent Relationship": "Outer", "Join Type": "Inner", "Startup Cost": 674436.55, "Total Cost": 2693475.42, "Plan Rows": 3688948, "Plan Width": 58, "Inner Unique": false, "Plans": [{"Node Type": "Merge Join", "Parent Relationship": "Outer", "Join Type": "Inner", "Startup Cost": 674435.82, "Total Cost": 691407.1, "Plan Rows": 406290, "Plan Width": 42, "Inner Unique": false, "Merge Cond": "(customer.c_custkey = orders.o_custkey)", "Plans": [{"Node Type": "Sort", "Parent Relationship": "Outer", "Startup Cost": 64456.94, "Total Cost": 65206.94, "Plan Rows": 300000, "Plan Width": 42, "Sort Key": ["customer.c_custkey"], "Plans": [{"Node Type": "Nested Loop", "Parent Relationship": "Outer", "Join Type": "Inner", "Startup Cost": 1030.37, "Total Cost": 37165.03, "Plan Rows": 300000, "Plan Width": 42, "Inner Unique": false, "Plans": [{"Node Type": "Nested Loop", "Parent Relationship": "Outer", "Join Type": "Inner", "Startup Cost": 0.0, "Total Cost": 2.62, "Plan Rows": 5, "Plan Width": 30, "Inner Unique": false, "Join Filter": "(nation.n_regionkey = region.r_regionkey)", "Plans": [{"Node Type": "Seq Scan", "Parent Relationship": "Outer", "Relation Name": "region", "Alias": "region", "Startup Cost": 0.0, "Total Cost": 1.06, "Plan Rows": 1, "Plan Width": 4, "Filter": "(r_name = 'MIDDLE EAST'::bpchar)"}, {"Node Type": "Seq Scan", "Parent Relationship": "Inner", "Relation Name": "nation", "Alias": "nation", "Startup Cost": 0.0, "Total Cost": 1.25, "Plan Rows": 25, "Plan Width": 34}]}, {"Node Type": "Bitmap Heap Scan", "Parent Relationship": "Inner", "Relation Name": "customer", "Alias": "customer", "Startup Cost": 1030.37, "Total Cost": 6832.48, "Plan Rows": 60000, "Plan Width": 12, "Recheck Cond": "(c_nationkey = nation.n_nationkey)", "Plans": [{"Node Type": "Bitmap Index Scan", "Parent Relationship": "Outer", "Index Name": "idx_customer_nationkey", "Startup Cost": 0.0, "Total Cost": 1015.37, "Plan Rows": 60000, "Plan Width": 0, "Index Cond": "(c_nationkey = nation.n_nationkey)"}]}]}]}, {"Node Type": "Sort", "Parent Relationship": "Inner", "Startup Cost": 609978.84, "Total Cost": 615683.24, "Plan Rows": 2281758, "Plan Width": 16, "Sort Key": ["orders.o_custkey"], "Plans": [{"Node Type": "Bitmap Heap Scan", "Parent Relationship": "Outer", "Relation Name": "orders", "Alias": "orders", "Startup Cost": 58360.27, "Total Cost": 369005.64, "Plan Rows": 2281758, "Plan Width": 16, "Recheck Cond": "((o_orderdate >= '1994-01-01 00:00:00'::timestamp(0) without time zone) AND (o_orderdate < '1995-01-01 00:00:00'::timestamp without time zone)), (LLVM Optimized)", "Plans": [{"Node Type": "Bitmap Index Scan", "Parent Relationship": "Outer", "Index Name": "idx_orders_orderdate", "Startup Cost": 0.0, "Total Cost": 57789.83, "Plan Rows": 2281758, "Plan Width": 0, "Index Cond": "((o_orderdate >= '1994-01-01 00:00:00'::timestamp(0) without time zone) AND (o_orderdate < '1995-01-01 00:00:00'::timestamp without time zone))"}]}]}]}, {"Node Type": "Bitmap Heap Scan", "Parent Relationship": "Inner", "Relation Name": "lineitem", "Alias": "lineitem", "Startup Cost": 0.73, "Total Cost": 4.84, "Plan Rows": 9, "Plan Width": 32, "Recheck Cond": "(l_orderkey = orders.o_orderkey)", "Plans": [{"Node Type": "Bitmap Index Scan", "Parent Relationship": "Outer", "Index Name": "idx_lineitem_orderkey", "Startup Cost": 0.0, "Total Cost": 0.72, "Plan Rows": 9, "Plan Width": 0, "Index Cond": "(l_orderkey = orders.o_orderkey)"}]}]}]}, {"Node Type": "Sort", "Parent Relationship": "Inner", "Startup Cost": 11587.82, "Total Cost": 11837.82, "Plan Rows": 100000, "Plan Width": 12, "Sort Key": ["supplier.s_suppkey", "supplier.s_nationkey"], "Plans": [{"Node Type": "Seq Scan", "Parent Relationship": "Outer", "Relation Name": "supplier", "Alias": "supplier", "Startup Cost": 0.0, "Total Cost": 3283.0, "Plan Rows": 100000, "Plan Width": 12}]}]}]}]}, "Unique SQL Id": 1392561963}, "explain_analyze_plan": {"Plan": {"Node Type": "Sort", "Startup Cost": 3136047.23, "Total Cost": 3136047.29, "Plan Rows": 25, "Plan Width": 42, "Actual Startup Time": 14119.622, "Actual Total Time": 14119.622, "Actual Rows": 5, "Actual Loops": 1, "Sort Key": ["(sum((lineitem.l_extendedprice * (1::double precision - lineitem.l_discount)))) DESC"], "Sort Method": "quicksort", "Sort Space Used": 25, "Sort Space Type": "Memory", "Plans": [{"Node Type": "Aggregate", "Strategy": "Hashed", "Parent Relationship": "Outer", "Startup Cost": 3136046.4, "Total Cost": 3136046.65, "Plan Rows": 25, "Plan Width": 42, "Actual Startup Time": 14119.593, "Actual Total Time": 14119.595, "Actual Rows": 5, "Actual Loops": 1, "Group By Key": ["nation.n_name"], "Plans": [{"Node Type": "Merge Join", "Parent Relationship": "Outer", "Join Type": "Inner", "Startup Cost": 3107433.9, "Total Cost": 3135952.5, "Plan Rows": 9390, "Plan Width": 42, "Actual Startup Time": 13281.95, "Actual Total Time": 14071.568, "Actual Rows": 72985, "Actual Loops": 1, "Inner Unique": true, "Merge Cond": "((lineitem.l_suppkey = supplier.s_suppkey) AND (customer.c_nationkey = supplier.s_nationkey))", "Plans": [{"Node Type": "Sort", "Parent Relationship": "Outer", "Startup Cost": 3095843.33, "Total Cost": 3105065.7, "Plan Rows": 3688948, "Plan Width": 58, "Actual Startup Time": 13210.638, "Actual Total Time": 13680.937, "Actual Rows": 1815212, "Actual Loops": 1, "Sort Key": ["lineitem.l_suppkey", "customer.c_nationkey"], "Sort Method": "quicksort", "Sort Space Used": 332781, "Sort Space Type": "Memory", "Plans": [{"Node Type": "Nested Loop", "Parent Relationship": "Outer", "Join Type": "Inner", "Startup Cost": 674436.55, "Total Cost": 2693475.42, "Plan Rows": 3688948, "Plan Width": 58, "Actual Startup Time": 4109.82, "Actual Total Time": 11750.933, "Actual Rows": 1815222, "Actual Loops": 1, "Inner Unique": false, "Plans": [{"Node Type": "Merge Join", "Parent Relationship": "Outer", "Join Type": "Inner", "Startup Cost": 674435.82, "Total Cost": 691407.1, "Plan Rows": 406290, "Plan Width": 42, "Actual Startup Time": 4109.741, "Actual Total Time": 5303.665, "Actual Rows": 454183, "Actual Loops": 1, "Inner Unique": false, "Merge Cond": "(customer.c_custkey = orders.o_custkey)", "Plans": [{"Node Type": "Sort", "Parent Relationship": "Outer", "Startup Cost": 64456.94, "Total Cost": 65206.94, "Plan Rows": 300000, "Plan Width": 42, "Actual Startup Time": 741.267, "Actual Total Time": 798.384, "Actual Rows": 299838, "Actual Loops": 1, "Sort Key": ["customer.c_custkey"], "Sort Method": "quicksort", "Sort Space Used": 59138, "Sort Space Type": "Memory", "Plans": [{"Node Type": "Nested Loop", "Parent Relationship": "Outer", "Join Type": "Inner", "Startup Cost": 1030.37, "Total Cost": 37165.03, "Plan Rows": 300000, "Plan Width": 42, "Actual Startup Time": 19.447, "Actual Total Time": 623.521, "Actual Rows": 299838, "Actual Loops": 1, "Inner Unique": false, "Plans": [{"Node Type": "Nested Loop", "Parent Relationship": "Outer", "Join Type": "Inner", "Startup Cost": 0.0, "Total Cost": 2.62, "Plan Rows": 5, "Plan Width": 30, "Actual Startup Time": 0.038, "Actual Total Time": 0.096, "Actual Rows": 5, "Actual Loops": 1, "Inner Unique": false, "Join Filter": "(nation.n_regionkey = region.r_regionkey)", "Rows Removed by Join Filter": 20, "Plans": [{"Node Type": "Seq Scan", "Parent Relationship": "Outer", "Relation Name": "region", "Alias": "region", "Startup Cost": 0.0, "Total Cost": 1.06, "Plan Rows": 1, "Plan Width": 4, "Actual Startup Time": 0.023, "Actual Total Time": 0.025, "Actual Rows": 1, "Actual Loops": 1, "Filter": "(r_name = 'MIDDLE EAST'::bpchar)", "Rows Removed by Filter": 4}, {"Node Type": "Seq Scan", "Parent Relationship": "Inner", "Relation Name": "nation", "Alias": "nation", "Startup Cost": 0.0, "Total Cost": 1.25, "Plan Rows": 25, "Plan Width": 34, "Actual Startup Time": 0.006, "Actual Total Time": 0.027, "Actual Rows": 25, "Actual Loops": 1}]}, {"Node Type": "Bitmap Heap Scan", "Parent Relationship": "Inner", "Relation Name": "customer", "Alias": "customer", "Startup Cost": 1030.37, "Total Cost": 6832.48, "Plan Rows": 60000, "Plan Width": 12, "Actual Startup Time": 94.825, "Actual Total Time": 560.3, "Actual Rows": 299838, "Actual Loops": 5, "Recheck Cond": "(c_nationkey = nation.n_nationkey)", "Rows Removed by Index Recheck": 0, "Exact Heap Blocks": 150033, "Lossy Heap Blocks": 150033, "Plans": [{"Node Type": "Bitmap Index Scan", "Parent Relationship": "Outer", "Index Name": "idx_customer_nationkey", "Startup Cost": 0.0, "Total Cost": 1015.37, "Plan Rows": 60000, "Plan Width": 0, "Actual Startup Time": 61.851, "Actual Total Time": 61.851, "Actual Rows": 299838, "Actual Loops": 5, "Index Cond": "(c_nationkey = nation.n_nationkey)"}]}]}]}, {"Node Type": "Sort", "Parent Relationship": "Inner", "Startup Cost": 609978.84, "Total Cost": 615683.24, "Plan Rows": 2281758, "Plan Width": 16, "Actual Startup Time": 3368.453, "Actual Total Time": 4020.091, "Actual Rows": 2275914, "Actual Loops": 1, "Sort Key": ["orders.o_custkey"], "Sort Method": "quicksort", "Sort Space Used": 311672, "Sort Space Type": "Memory", "Plans": [{"Node Type": "Bitmap Heap Scan", "Parent Relationship": "Outer", "Relation Name": "orders", "Alias": "orders", "Startup Cost": 58360.27, "Total Cost": 369005.64, "Plan Rows": 2281758, "Plan Width": 16, "Actual Startup Time": 635.853, "Actual Total Time": 2446.48, "Actual Rows": 2275919, "Actual Loops": 1, "Recheck Cond": "((o_orderdate >= '1994-01-01 00:00:00'::timestamp(0) without time zone) AND (o_orderdate < '1995-01-01 00:00:00'::timestamp without time zone)), (LLVM Optimized, Jit Execute)", "Rows Removed by Index Recheck": 0, "Exact Heap Blocks": 276381, "Lossy Heap Blocks": 276381, "Plans": [{"Node Type": "Bitmap Index Scan", "Parent Relationship": "Outer", "Index Name": "idx_orders_orderdate", "Startup Cost": 0.0, "Total Cost": 57789.83, "Plan Rows": 2281758, "Plan Width": 0, "Actual Startup Time": 548.323, "Actual Total Time": 548.323, "Actual Rows": 2275919, "Actual Loops": 1, "Index Cond": "((o_orderdate >= '1994-01-01 00:00:00'::timestamp(0) without time zone) AND (o_orderdate < '1995-01-01 00:00:00'::timestamp without time zone))"}]}]}]}, {"Node Type": "Bitmap Heap Scan", "Parent Relationship": "Inner", "Relation Name": "lineitem", "Alias": "lineitem", "Startup Cost": 0.73, "Total Cost": 4.84, "Plan Rows": 9, "Plan Width": 32, "Actual Startup Time": 5194.7, "Actual Total Time": 5511.087, "Actual Rows": 1815222, "Actual Loops": 454183, "Recheck Cond": "(l_orderkey = orders.o_orderkey)", "Rows Removed by Index Recheck": 0, "Exact Heap Blocks": 486530, "Lossy Heap Blocks": 486530, "Plans": [{"Node Type": "Bitmap Index Scan", "Parent Relationship": "Outer", "Index Name": "idx_lineitem_orderkey", "Startup Cost": 0.0, "Total Cost": 0.72, "Plan Rows": 9, "Plan Width": 0, "Actual Startup Time": 3272.943, "Actual Total Time": 3272.943, "Actual Rows": 1815222, "Actual Loops": 454183, "Index Cond": "(l_orderkey = orders.o_orderkey)"}]}]}]}, {"Node Type": "Sort", "Parent Relationship": "Inner", "Startup Cost": 11587.82, "Total Cost": 11837.82, "Plan Rows": 100000, "Plan Width": 12, "Actual Startup Time": 71.244, "Actual Total Time": 82.754, "Actual Rows": 100000, "Actual Loops": 1, "Sort Key": ["supplier.s_suppkey", "supplier.s_nationkey"], "Sort Method": "quicksort", "Sort Space Used": 12448, "Sort Space Type": "Memory", "Plans": [{"Node Type": "Seq Scan", "Parent Relationship": "Outer", "Relation Name": "supplier", "Alias": "supplier", "Startup Cost": 0.0, "Total Cost": 3283.0, "Plan Rows": 100000, "Plan Width": 12, "Actual Startup Time": 0.041, "Actual Total Time": 33.969, "Actual Rows": 100000, "Actual Loops": 1}]}]}]}]}, "Triggers": [], "Planner Runtime": 5.112, "Total Runtime": 14129.292, "Unique SQL Id": 1392561963}}, "(1, 19)": {"explain_plan": {"Plan": {"Node Type": "Sort", "Startup Cost": 46003135.57, "Total Cost": 46003135.63, "Plan Rows": 25, "Plan Width": 42, "Sort Key": ["(sum((lineitem.l_extendedprice * (1::double precision - lineitem.l_discount)))) DESC"], "Plans": [{"Node Type": "Aggregate", "Strategy": "Hashed", "Parent Relationship": "Outer", "Startup Cost": 46003134.74, "Total Cost": 46003134.99, "Plan Rows": 25, "Plan Width": 42, "Group By Key": ["nation.n_name"], "Plans": [{"Node Type": "Nested Loop", "Parent Relationship": "Outer", "Join Type": "Inner", "Startup Cost": 58362.35, "Total Cost": 46003040.84, "Plan Rows": 9390, "Plan Width": 42, "Inner Unique": true, "Join Filter": "(customer.c_nationkey = supplier.s_nationkey)", "Plans": [{"Node Type": "Nested Loop", "Parent Relationship": "Outer", "Join Type": "Inner", "Startup Cost": 58362.1, "Total Cost": 30204103.6, "Plan Rows": 3688948, "Plan Width": 58, "Inner Unique": false, "Plans": [{"Node Type": "Nested Loop", "Parent Relationship": "Outer", "Join Type": "Inner", "Startup Cost": 58361.37, "Total Cost": 28202035.27, "Plan Rows": 406290, "Plan Width": 42, "Inner Unique": true, "Plans": [{"Node Type": "Nested Loop", "Parent Relationship": "Outer", "Join Type": "Inner", "Startup Cost": 58360.79, "Total Cost": 18851769.58, "Plan Rows": 2031452, "Plan Width": 46, "Inner Unique": true, "Plans": [{"Node Type": "Nested Loop", "Parent Relationship": "Outer", "Join Type": "Inner", "Startup Cost": 58360.54, "Total Cost": 10156636.32, "Plan Rows": 2031452, "Plan Width": 12, "Inner Unique": true, "Plans": [{"Node Type": "Bitmap Heap Scan", "Parent Relationship": "Outer", "Relation Name": "orders", "Alias": "orders", "Startup Cost": 58360.27, "Total Cost": 369005.64, "Plan Rows": 2281758, "Plan Width": 16, "Recheck Cond": "((o_orderdate >= '1994-01-01 00:00:00'::timestamp(0) without time zone) AND (o_orderdate < '1995-01-01 00:00:00'::timestamp without time zone)), (LLVM Optimized)", "Plans": [{"Node Type": "Bitmap Index Scan", "Parent Relationship": "Outer", "Index Name": "idx_orders_orderdate", "Startup Cost": 0.0, "Total Cost": 57789.83, "Plan Rows": 2281758, "Plan Width": 0, "Index Cond": "((o_orderdate >= '1994-01-01 00:00:00'::timestamp(0) without time zone) AND (o_orderdate < '1995-01-01 00:00:00'::timestamp without time zone))"}]}, {"Node Type": "Bitmap Heap Scan", "Parent Relationship": "Inner", "Relation Name": "customer", "Alias": "customer", "Startup Cost": 0.27, "Total Cost": 4.28, "Plan Rows": 1, "Plan Width": 12, "Recheck Cond": "(c_custkey = orders.o_custkey)", "Plans": [{"Node Type": "Bitmap Index Scan", "Parent Relationship": "Outer", "Index Name": "customer_pkey", "Startup Cost": 0.0, "Total Cost": 0.27, "Plan Rows": 1, "Plan Width": 0, "Index Cond": "(c_custkey = orders.o_custkey)"}]}]}, {"Node Type": "Bitmap Heap Scan", "Parent Relationship": "Inner", "Relation Name": "nation", "Alias": "nation", "Startup Cost": 0.26, "Total Cost": 4.27, "Plan Rows": 1, "Plan Width": 34, "Recheck Cond": "(n_nationkey = customer.c_nationkey)", "Plans": [{"Node Type": "Bitmap Index Scan", "Parent Relationship": "Outer", "Index Name": "nation_pkey", "Startup Cost": 0.0, "Total Cost": 0.26, "Plan Rows": 1, "Plan Width": 0, "Index Cond": "(n_nationkey = customer.c_nationkey)"}]}]}, {"Node Type": "Bitmap Heap Scan", "Parent Relationship": "Inner", "Relation Name": "region", "Alias": "region", "Startup Cost": 0.58, "Total Cost": 4.59, "Plan Rows": 1, "Plan Width": 4, "Recheck Cond": "(r_regionkey = nation.n_regionkey)", "Filter": "(r_name = 'MIDDLE EAST'::bpchar)", "Plans": [{"Node Type": "Bitmap Index Scan", "Parent Relationship": "Outer", "Index Name": "region_pkey", "Startup Cost": 0.0, "Total Cost": 0.58, "Plan Rows": 1, "Plan Width": 0, "Index Cond": "(r_regionkey = nation.n_regionkey)"}]}]}, {"Node Type": "Bitmap Heap Scan", "Parent Relationship": "Inner", "Relation Name": "lineitem", "Alias": "lineitem", "Startup Cost": 0.73, "Total Cost": 4.84, "Plan Rows": 9, "Plan Width": 32, "Recheck Cond": "(l_orderkey = orders.o_orderkey)", "Plans": [{"Node Type": "Bitmap Index Scan", "Parent Relationship": "Outer", "Index Name": "idx_lineitem_orderkey", "Startup Cost": 0.0, "Total Cost": 0.72, "Plan Rows": 9, "Plan Width": 0, "Index Cond": "(l_orderkey = orders.o_orderkey)"}]}]}, {"Node Type": "Bitmap Heap Scan", "Parent Relationship": "Inner", "Relation Name": "supplier", "Alias": "supplier", "Startup Cost": 0.26, "Total Cost": 4.27, "Plan Rows": 1, "Plan Width": 12, "Recheck Cond": "(s_suppkey = lineitem.l_suppkey)", "Plans": [{"Node Type": "Bitmap Index Scan", "Parent Relationship": "Outer", "Index Name": "supplier_pkey", "Startup Cost": 0.0, "Total Cost": 0.26, "Plan Rows": 1, "Plan Width": 0, "Index Cond": "(s_suppkey = lineitem.l_suppkey)"}]}]}]}]}, "Unique SQL Id": 1392561963}, "explain_analyze_plan": null}, "(1, 20)": {"explain_plan": {"Plan": {"Node Type": "Sort", "Startup Cost": 2117504.41, "Total Cost": 2117504.48, "Plan Rows": 25, "Plan Width": 42, "Sort Key": ["(sum((lineitem.l_extendedprice * (1::double precision - lineitem.l_discount)))) DESC"], "Plans": [{"Node Type": "Aggregate", "Strategy": "Hashed", "Parent Relationship": "Outer", "Startup Cost": 2117503.58, "Total Cost": 2117503.83, "Plan Rows": 25, "Plan Width": 42, "Group By Key": ["nation.n_name"], "Plans": [{"Node Type": "Merge Join", "Parent Relationship": "Outer", "Join Type": "Inner", "Startup Cost": 2090449.42, "Total Cost": 2117409.68, "Plan Rows": 9390, "Plan Width": 42, "Inner Unique": false, "Merge Cond": "(supplier.s_suppkey = lineitem.l_suppkey)", "Join Filter": "(customer.c_nationkey = supplier.s_nationkey)", "Plans": [{"Node Type": "Index Scan", "Parent Relationship": "Outer", "Scan Direction": "Forward", "Index Name": "supplier_pkey", "Relation Name": "supplier", "Alias": "supplier", "Startup Cost": 0.0, "Total Cost": 5334.54, "Plan Rows": 100000, "Plan Width": 12}, {"Node Type": "Sort", "Parent Relationship": "Inner", "Startup Cost": 2090447.59, "Total Cost": 2099669.96, "Plan Rows": 3688948, "Plan Width": 58, "Sort Key": ["lineitem.l_suppkey"], "Plans": [{"Node Type": "Nested Loop", "Parent Relationship": "Outer", "Join Type": "Inner", "Startup Cost": 1030.37, "Total Cost": 1688079.68, "Plan Rows": 3688948, "Plan Width": 58, "Inner Unique": false, "Plans": [{"Node Type": "Nested Loop", "Parent Relationship": "Outer", "Join Type": "Inner", "Startup Cost": 1030.37, "Total Cost": 412285.27, "Plan Rows": 406290, "Plan Width": 42, "Inner Unique": false, "Plans": [{"Node Type": "Nested Loop", "Parent Relationship": "Outer", "Join Type": "Inner", "Startup Cost": 1030.37, "Total Cost": 37176.47, "Plan Rows": 300000, "Plan Width": 42, "Inner Unique": false, "Plans": [{"Node Type": "Nested Loop", "Parent Relationship": "Outer", "Join Type": "Inner", "Startup Cost": 0.0, "Total Cost": 14.06, "Plan Rows": 5, "Plan Width": 30, "Inner Unique": true, "Join Filter": "(nation.n_regionkey = region.r_regionkey)", "Plans": [{"Node Type": "Index Scan", "Parent Relationship": "Outer", "Scan Direction": "Forward", "Index Name": "nation_pkey", "Relation Name": "nation", "Alias": "nation", "Startup Cost": 0.0, "Total Cost": 12.62, "Plan Rows": 25, "Plan Width": 34}, {"Node Type": "Materialize", "Parent Relationship": "Inner", "Startup Cost": 0.0, "Total Cost": 1.07, "Plan Rows": 1, "Plan Width": 4, "Plans": [{"Node Type": "Seq Scan", "Parent Relationship": "Outer", "Relation Name": "region", "Alias": "region", "Startup Cost": 0.0, "Total Cost": 1.06, "Plan Rows": 1, "Plan Width": 4, "Filter": "(r_name = 'MIDDLE EAST'::bpchar)"}]}]}, {"Node Type": "Bitmap Heap Scan", "Parent Relationship": "Inner", "Relation Name": "customer", "Alias": "customer", "Startup Cost": 1030.37, "Total Cost": 6832.48, "Plan Rows": 60000, "Plan Width": 12, "Recheck Cond": "(c_nationkey = nation.n_nationkey)", "Plans": [{"Node Type": "Bitmap Index Scan", "Parent Relationship": "Outer", "Index Name": "idx_customer_nationkey", "Startup Cost": 0.0, "Total Cost": 1015.37, "Plan Rows": 60000, "Plan Width": 0, "Index Cond": "(c_nationkey = nation.n_nationkey)"}]}]}, {"Node Type": "Index Scan", "Parent Relationship": "Inner", "Scan Direction": "Forward", "Index Name": "idx_orders_custkey", "Relation Name": "orders", "Alias": "orders", "Startup Cost": 0.0, "Total Cost": 1.24, "Plan Rows": 1, "Plan Width": 16, "Index Cond": "(o_custkey = customer.c_custkey)", "Filter": "((o_orderdate >= '1994-01-01 00:00:00'::timestamp(0) without time zone) AND (o_orderdate < '1995-01-01 00:00:00'::timestamp without time zone))"}]}, {"Node Type": "Index Scan", "Parent Relationship": "Inner", "Scan Direction": "Forward", "Index Name": "idx_lineitem_orderkey", "Relation Name": "lineitem", "Alias": "lineitem", "Startup Cost": 0.0, "Total Cost": 3.05, "Plan Rows": 9, "Plan Width": 32, "Index Cond": "(l_orderkey = orders.o_orderkey)"}]}]}]}]}]}, "Unique SQL Id": 1392561963}, "explain_analyze_plan": {"Plan": {"Node Type": "Sort", "Startup Cost": 2117504.41, "Total Cost": 2117504.48, "Plan Rows": 25, "Plan Width": 42, "Actual Startup Time": 17309.694, "Actual Total Time": 17309.695, "Actual Rows": 5, "Actual Loops": 1, "Sort Key": ["(sum((lineitem.l_extendedprice * (1::double precision - lineitem.l_discount)))) DESC"], "Sort Method": "quicksort", "Sort Space Used": 25, "Sort Space Type": "Memory", "Plans": [{"Node Type": "Aggregate", "Strategy": "Hashed", "Parent Relationship": "Outer", "Startup Cost": 2117503.58, "Total Cost": 2117503.83, "Plan Rows": 25, "Plan Width": 42, "Actual Startup Time": 17309.66, "Actual Total Time": 17309.664, "Actual Rows": 5, "Actual Loops": 1, "Group By Key": ["nation.n_name"], "Plans": [{"Node Type": "Merge Join", "Parent Relationship": "Outer", "Join Type": "Inner", "Startup Cost": 2090449.42, "Total Cost": 2117409.68, "Plan Rows": 9390, "Plan Width": 42, "Actual Startup Time": 16174.272, "Actual Total Time": 17260.652, "Actual Rows": 72985, "Actual Loops": 1, "Inner Unique": false, "Merge Cond": "(supplier.s_suppkey = lineitem.l_suppkey)", "Join Filter": "(customer.c_nationkey = supplier.s_nationkey)", "Rows Removed by Join Filter": 0, "Plans": [{"Node Type": "Index Scan", "Parent Relationship": "Outer", "Scan Direction": "Forward", "Index Name": "supplier_pkey", "Relation Name": "supplier", "Alias": "supplier", "Startup Cost": 0.0, "Total Cost": 5334.54, "Plan Rows": 100000, "Plan Width": 12, "Actual Startup Time": 0.027, "Actual Total Time": 66.824, "Actual Rows": 100000, "Actual Loops": 1}, {"Node Type": "Sort", "Parent Relationship": "Inner", "Startup Cost": 2090447.59, "Total Cost": 2099669.96, "Plan Rows": 3688948, "Plan Width": 58, "Actual Startup Time": 16174.101, "Actual Total Time": 16655.885, "Actual Rows": 1815222, "Actual Loops": 1, "Sort Key": ["lineitem.l_suppkey"], "Sort Method": "quicksort", "Sort Space Used": 332781, "Sort Space Type": "Memory", "Plans": [{"Node Type": "Nested Loop", "Parent Relationship": "Outer", "Join Type": "Inner", "Startup Cost": 1030.37, "Total Cost": 1688079.68, "Plan Rows": 3688948, "Plan Width": 58, "Actual Startup Time": 19.209, "Actual Total Time": 15325.626, "Actual Rows": 1815222, "Actual Loops": 1, "Inner Unique": false, "Plans": [{"Node Type": "Nested Loop", "Parent Relationship": "Outer", "Join Type": "Inner", "Startup Cost": 1030.37, "Total Cost": 412285.27, "Plan Rows": 406290, "Plan Width": 42, "Actual Startup Time": 19.188, "Actual Total Time": 9495.598, "Actual Rows": 454183, "Actual Loops": 1, "Inner Unique": false, "Plans": [{"Node Type": "Nested Loop", "Parent Relationship": "Outer", "Join Type": "Inner", "Startup Cost": 1030.37, "Total Cost": 37176.47, "Plan Rows": 300000, "Plan Width": 42, "Actual Startup Time": 19.111, "Actual Total Time": 650.712, "Actual Rows": 299838, "Actual Loops": 1, "Inner Unique": false, "Plans": [{"Node Type": "Nested Loop", "Parent Relationship": "Outer", "Join Type": "Inner", "Startup Cost": 0.0, "Total Cost": 14.06, "Plan Rows": 5, "Plan Width": 30, "Actual Startup Time": 0.039, "Actual Total Time": 0.215, "Actual Rows": 5, "Actual Loops": 1, "Inner Unique": true, "Join Filter": "(nation.n_regionkey = region.r_regionkey)", "Rows Removed by Join Filter": 20, "Plans": [{"Node Type": "Index Scan", "Parent Relationship": "Outer", "Scan Direction": "Forward", "Index Name": "nation_pkey", "Relation Name": "nation", "Alias": "nation", "Startup Cost": 0.0, "Total Cost": 12.62, "Plan Rows": 25, "Plan Width": 34, "Actual Startup Time": 0.003, "Actual Total Time": 0.113, "Actual Rows": 25, "Actual Loops": 1}, {"Node Type": "Materialize", "Parent Relationship": "Inner", "Startup Cost": 0.0, "Total Cost": 1.07, "Plan Rows": 1, "Plan Width": 4, "Actual Startup Time": 0.038, "Actual Total Time": 0.04, "Actual Rows": 25, "Actual Loops": 25, "Plans": [{"Node Type": "Seq Scan", "Parent Relationship": "Outer", "Relation Name": "region", "Alias": "region", "Startup Cost": 0.0, "Total Cost": 1.06, "Plan Rows": 1, "Plan Width": 4, "Actual Startup Time": 0.018, "Actual Total Time": 0.02, "Actual Rows": 1, "Actual Loops": 1, "Filter": "(r_name = 'MIDDLE EAST'::bpchar)", "Rows Removed by Filter": 4}]}]}, {"Node Type": "Bitmap Heap Scan", "Parent Relationship": "Inner", "Relation Name": "customer", "Alias": "customer", "Startup Cost": 1030.37, "Total Cost": 6832.48, "Plan Rows": 60000, "Plan Width": 12, "Actual Startup Time": 91.695, "Actual Total Time": 575.01, "Actual Rows": 299838, "Actual Loops": 5, "Recheck Cond": "(c_nationkey = nation.n_nationkey)", "Rows Removed by Index Recheck": 0, "Exact Heap Blocks": 150033, "Lossy Heap Blocks": 150033, "Plans": [{"Node Type": "Bitmap Index Scan", "Parent Relationship": "Outer", "Index Name": "idx_customer_nationkey", "Startup Cost": 0.0, "Total Cost": 1015.37, "Plan Rows": 60000, "Plan Width": 0, "Actual Startup Time": 58.464, "Actual Total Time": 58.464, "Actual Rows": 299838, "Actual Loops": 5, "Index Cond": "(c_nationkey = nation.n_nationkey)"}]}]}, {"Node Type": "Index Scan", "Parent Relationship": "Inner", "Scan Direction": "Forward", "Index Name": "idx_orders_custkey", "Relation Name": "orders", "Alias": "orders", "Startup Cost": 0.0, "Total Cost": 1.24, "Plan Rows": 1, "Plan Width": 16, "Actual Startup Time": 4057.089, "Actual Total Time": 8571.551, "Actual Rows": 454183, "Actual Loops": 299838, "Index Cond": "(o_custkey = customer.c_custkey)", "Rows Removed by Index Recheck": 0, "Filter": "((o_orderdate >= '1994-01-01 00:00:00'::timestamp(0) without time zone) AND (o_orderdate < '1995-01-01 00:00:00'::timestamp without time zone))", "Rows Removed by Filter": 2542535}]}, {"Node Type": "Index Scan", "Parent Relationship": "Inner", "Scan Direction": "Forward", "Index Name": "idx_lineitem_orderkey", "Relation Name": "lineitem", "Alias": "lineitem", "Startup Cost": 0.0, "Total Cost": 3.05, "Plan Rows": 9, "Plan Width": 32, "Actual Startup Time": 4223.92, "Actual Total Time": 5174.637, "Actual Rows": 1815222, "Actual Loops": 454183, "Index Cond": "(l_orderkey = orders.o_orderkey)", "Rows Removed by Index Recheck": 0}]}]}]}]}]}, "Triggers": [], "Planner Runtime": 5.871, "Total Runtime": 17310.093, "Unique SQL Id": 1392561963}}, "(1, 21)": {"explain_plan": {"Plan": {"Node Type": "Sort", "Startup Cost": 2117924.29, "Total Cost": 2117924.35, "Plan Rows": 25, "Plan Width": 42, "Sort Key": ["(sum((lineitem.l_extendedprice * (1::double precision - lineitem.l_discount)))) DESC"], "Plans": [{"Node Type": "Aggregate", "Strategy": "Hashed", "Parent Relationship": "Outer", "Startup Cost": 2117923.46, "Total Cost": 2117923.71, "Plan Rows": 25, "Plan Width": 42, "Group By Key": ["nation.n_name"], "Plans": [{"Node Type": "Merge Join", "Parent Relationship": "Outer", "Join Type": "Inner", "Startup Cost": 2090460.7, "Total Cost": 2117829.56, "Plan Rows": 9390, "Plan Width": 42, "Inner Unique": false, "Merge Cond": "(supplier.s_suppkey = lineitem.l_suppkey)", "Join Filter": "(customer.c_nationkey = supplier.s_nationkey)", "Plans": [{"Node Type": "Index Scan", "Parent Relationship": "Outer", "Scan Direction": "Forward", "Index Name": "supplier_pkey", "Relation Name": "supplier", "Alias": "supplier", "Startup Cost": 0.0, "Total Cost": 5334.54, "Plan Rows": 100000, "Plan Width": 12}, {"Node Type": "Sort", "Parent Relationship": "Inner", "Startup Cost": 2090458.87, "Total Cost": 2099681.24, "Plan Rows": 3688948, "Plan Width": 58, "Sort Key": ["lineitem.l_suppkey"], "Plans": [{"Node Type": "Nested Loop", "Parent Relationship": "Outer", "Join Type": "Inner", "Startup Cost": 1030.37, "Total Cost": 1688090.96, "Plan Rows": 3688948, "Plan Width": 58, "Inner Unique": false, "Plans": [{"Node Type": "Nested Loop", "Parent Relationship": "Outer", "Join Type": "Inner", "Startup Cost": 1030.37, "Total Cost": 412296.55, "Plan Rows": 406290, "Plan Width": 42, "Inner Unique": false, "Plans": [{"Node Type": "Nested Loop", "Parent Relationship": "Outer", "Join Type": "Inner", "Startup Cost": 1030.37, "Total Cost": 37187.75, "Plan Rows": 300000, "Plan Width": 42, "Inner Unique": false, "Plans": [{"Node Type": "Nested Loop", "Parent Relationship": "Outer", "Join Type": "Inner", "Startup Cost": 0.0, "Total Cost": 25.34, "Plan Rows": 5, "Plan Width": 30, "Inner Unique": true, "Join Filter": "(nation.n_regionkey = region.r_regionkey)", "Plans": [{"Node Type": "Index Scan", "Parent Relationship": "Outer", "Scan Direction": "Forward", "Index Name": "nation_pkey", "Relation Name": "nation", "Alias": "nation", "Startup Cost": 0.0, "Total Cost": 12.62, "Plan Rows": 25, "Plan Width": 34}, {"Node Type": "Materialize", "Parent Relationship": "Inner", "Startup Cost": 0.0, "Total Cost": 12.34, "Plan Rows": 1, "Plan Width": 4, "Plans": [{"Node Type": "Index Scan", "Parent Relationship": "Outer", "Scan Direction": "Forward", "Index Name": "region_pkey", "Relation Name": "region", "Alias": "region", "Startup Cost": 0.0, "Total Cost": 12.34, "Plan Rows": 1, "Plan Width": 4, "Filter": "(r_name = 'MIDDLE EAST'::bpchar)"}]}]}, {"Node Type": "Bitmap Heap Scan", "Parent Relationship": "Inner", "Relation Name": "customer", "Alias": "customer", "Startup Cost": 1030.37, "Total Cost": 6832.48, "Plan Rows": 60000, "Plan Width": 12, "Recheck Cond": "(c_nationkey = nation.n_nationkey)", "Plans": [{"Node Type": "Bitmap Index Scan", "Parent Relationship": "Outer", "Index Name": "idx_customer_nationkey", "Startup Cost": 0.0, "Total Cost": 1015.37, "Plan Rows": 60000, "Plan Width": 0, "Index Cond": "(c_nationkey = nation.n_nationkey)"}]}]}, {"Node Type": "Index Scan", "Parent Relationship": "Inner", "Scan Direction": "Forward", "Index Name": "idx_orders_custkey", "Relation Name": "orders", "Alias": "orders", "Startup Cost": 0.0, "Total Cost": 1.24, "Plan Rows": 1, "Plan Width": 16, "Index Cond": "(o_custkey = customer.c_custkey)", "Filter": "((o_orderdate >= '1994-01-01 00:00:00'::timestamp(0) without time zone) AND (o_orderdate < '1995-01-01 00:00:00'::timestamp without time zone))"}]}, {"Node Type": "Index Scan", "Parent Relationship": "Inner", "Scan Direction": "Forward", "Index Name": "idx_lineitem_orderkey", "Relation Name": "lineitem", "Alias": "lineitem", "Startup Cost": 0.0, "Total Cost": 3.05, "Plan Rows": 9, "Plan Width": 32, "Index Cond": "(l_orderkey = orders.o_orderkey)"}]}]}]}]}]}, "Unique SQL Id": 1392561963}, "explain_analyze_plan": {"Plan": {"Node Type": "Sort", "Startup Cost": 2117924.29, "Total Cost": 2117924.35, "Plan Rows": 25, "Plan Width": 42, "Actual Startup Time": 17419.365, "Actual Total Time": 17419.365, "Actual Rows": 5, "Actual Loops": 1, "Sort Key": ["(sum((lineitem.l_extendedprice * (1::double precision - lineitem.l_discount)))) DESC"], "Sort Method": "quicksort", "Sort Space Used": 25, "Sort Space Type": "Memory", "Plans": [{"Node Type": "Aggregate", "Strategy": "Hashed", "Parent Relationship": "Outer", "Startup Cost": 2117923.46, "Total Cost": 2117923.71, "Plan Rows": 25, "Plan Width": 42, "Actual Startup Time": 17419.335, "Actual Total Time": 17419.337, "Actual Rows": 5, "Actual Loops": 1, "Group By Key": ["nation.n_name"], "Plans": [{"Node Type": "Merge Join", "Parent Relationship": "Outer", "Join Type": "Inner", "Startup Cost": 2090460.7, "Total Cost": 2117829.56, "Plan Rows": 9390, "Plan Width": 42, "Actual Startup Time": 16302.05, "Actual Total Time": 17369.691, "Actual Rows": 72985, "Actual Loops": 1, "Inner Unique": false, "Merge Cond": "(supplier.s_suppkey = lineitem.l_suppkey)", "Join Filter": "(customer.c_nationkey = supplier.s_nationkey)", "Rows Removed by Join Filter": 0, "Plans": [{"Node Type": "Index Scan", "Parent Relationship": "Outer", "Scan Direction": "Forward", "Index Name": "supplier_pkey", "Relation Name": "supplier", "Alias": "supplier", "Startup Cost": 0.0, "Total Cost": 5334.54, "Plan Rows": 100000, "Plan Width": 12, "Actual Startup Time": 0.027, "Actual Total Time": 61.581, "Actual Rows": 100000, "Actual Loops": 1}, {"Node Type": "Sort", "Parent Relationship": "Inner", "Startup Cost": 2090458.87, "Total Cost": 2099681.24, "Plan Rows": 3688948, "Plan Width": 58, "Actual Startup Time": 16301.904, "Actual Total Time": 16771.126, "Actual Rows": 1815222, "Actual Loops": 1, "Sort Key": ["lineitem.l_suppkey"], "Sort Method": "quicksort", "Sort Space Used": 332781, "Sort Space Type": "Memory", "Plans": [{"Node Type": "Nested Loop", "Parent Relationship": "Outer", "Join Type": "Inner", "Startup Cost": 1030.37, "Total Cost": 1688090.96, "Plan Rows": 3688948, "Plan Width": 58, "Actual Startup Time": 19.082, "Actual Total Time": 15454.263, "Actual Rows": 1815222, "Actual Loops": 1, "Inner Unique": false, "Plans": [{"Node Type": "Nested Loop", "Parent Relationship": "Outer", "Join Type": "Inner", "Startup Cost": 1030.37, "Total Cost": 412296.55, "Plan Rows": 406290, "Plan Width": 42, "Actual Startup Time": 19.063, "Actual Total Time": 9577.392, "Actual Rows": 454183, "Actual Loops": 1, "Inner Unique": false, "Plans": [{"Node Type": "Nested Loop", "Parent Relationship": "Outer", "Join Type": "Inner", "Startup Cost": 1030.37, "Total Cost": 37187.75, "Plan Rows": 300000, "Plan Width": 42, "Actual Startup Time": 18.984, "Actual Total Time": 655.692, "Actual Rows": 299838, "Actual Loops": 1, "Inner Unique": false, "Plans": [{"Node Type": "Nested Loop", "Parent Relationship": "Outer", "Join Type": "Inner", "Startup Cost": 0.0, "Total Cost": 25.34, "Plan Rows": 5, "Plan Width": 30, "Actual Startup Time": 0.031, "Actual Total Time": 0.107, "Actual Rows": 5, "Actual Loops": 1, "Inner Unique": true, "Join Filter": "(nation.n_regionkey = region.r_regionkey)", "Rows Removed by Join Filter": 20, "Plans": [{"Node Type": "Index Scan", "Parent Relationship": "Outer", "Scan Direction": "Forward", "Index Name": "nation_pkey", "Relation Name": "nation", "Alias": "nation", "Startup Cost": 0.0, "Total Cost": 12.62, "Plan Rows": 25, "Plan Width": 34, "Actual Startup Time": 0.004, "Actual Total Time": 0.025, "Actual Rows": 25, "Actual Loops": 1}, {"Node Type": "Materialize", "Parent Relationship": "Inner", "Startup Cost": 0.0, "Total Cost": 12.34, "Plan Rows": 1, "Plan Width": 4, "Actual Startup Time": 0.028, "Actual Total Time": 0.032, "Actual Rows": 25, "Actual Loops": 25, "Plans": [{"Node Type": "Index Scan", "Parent Relationship": "Outer", "Scan Direction": "Forward", "Index Name": "region_pkey", "Relation Name": "region", "Alias": "region", "Startup Cost": 0.0, "Total Cost": 12.34, "Plan Rows": 1, "Plan Width": 4, "Actual Startup Time": 0.011, "Actual Total Time": 0.013, "Actual Rows": 1, "Actual Loops": 1, "Filter": "(r_name = 'MIDDLE EAST'::bpchar)", "Rows Removed by Filter": 4}]}]}, {"Node Type": "Bitmap Heap Scan", "Parent Relationship": "Inner", "Relation Name": "customer", "Alias": "customer", "Startup Cost": 1030.37, "Total Cost": 6832.48, "Plan Rows": 60000, "Plan Width": 12, "Actual Startup Time": 90.876, "Actual Total Time": 578.526, "Actual Rows": 299838, "Actual Loops": 5, "Recheck Cond": "(c_nationkey = nation.n_nationkey)", "Rows Removed by Index Recheck": 0, "Exact Heap Blocks": 150033, "Lossy Heap Blocks": 150033, "Plans": [{"Node Type": "Bitmap Index Scan", "Parent Relationship": "Outer", "Index Name": "idx_customer_nationkey", "Startup Cost": 0.0, "Total Cost": 1015.37, "Plan Rows": 60000, "Plan Width": 0, "Actual Startup Time": 57.959, "Actual Total Time": 57.959, "Actual Rows": 299838, "Actual Loops": 5, "Index Cond": "(c_nationkey = nation.n_nationkey)"}]}]}, {"Node Type": "Index Scan", "Parent Relationship": "Inner", "Scan Direction": "Forward", "Index Name": "idx_orders_custkey", "Relation Name": "orders", "Alias": "orders", "Startup Cost": 0.0, "Total Cost": 1.24, "Plan Rows": 1, "Plan Width": 16, "Actual Startup Time": 4091.865, "Actual Total Time": 8649.803, "Actual Rows": 454183, "Actual Loops": 299838, "Index Cond": "(o_custkey = customer.c_custkey)", "Rows Removed by Index Recheck": 0, "Filter": "((o_orderdate >= '1994-01-01 00:00:00'::timestamp(0) without time zone) AND (o_orderdate < '1995-01-01 00:00:00'::timestamp without time zone))", "Rows Removed by Filter": 2542535}]}, {"Node Type": "Index Scan", "Parent Relationship": "Inner", "Scan Direction": "Forward", "Index Name": "idx_lineitem_orderkey", "Relation Name": "lineitem", "Alias": "lineitem", "Startup Cost": 0.0, "Total Cost": 3.05, "Plan Rows": 9, "Plan Width": 32, "Actual Startup Time": 4261.787, "Actual Total Time": 5222.462, "Actual Rows": 1815222, "Actual Loops": 454183, "Index Cond": "(l_orderkey = orders.o_orderkey)", "Rows Removed by Index Recheck": 0}]}]}]}]}]}, "Triggers": [], "Planner Runtime": 5.772, "Total Runtime": 17419.747, "Unique SQL Id": 1392561963}}, "(1, 22)": {"explain_plan": {"Plan": {"Node Type": "Sort", "Startup Cost": 3136047.23, "Total Cost": 3136047.29, "Plan Rows": 25, "Plan Width": 42, "Sort Key": ["(sum((lineitem.l_extendedprice * (1::double precision - lineitem.l_discount)))) DESC"], "Plans": [{"Node Type": "Aggregate", "Strategy": "Hashed", "Parent Relationship": "Outer", "Startup Cost": 3136046.4, "Total Cost": 3136046.65, "Plan Rows": 25, "Plan Width": 42, "Group By Key": ["nation.n_name"], "Plans": [{"Node Type": "Merge Join", "Parent Relationship": "Outer", "Join Type": "Inner", "Startup Cost": 3107433.9, "Total Cost": 3135952.5, "Plan Rows": 9390, "Plan Width": 42, "Inner Unique": true, "Merge Cond": "((lineitem.l_suppkey = supplier.s_suppkey) AND (customer.c_nationkey = supplier.s_nationkey))", "Plans": [{"Node Type": "Sort", "Parent Relationship": "Outer", "Startup Cost": 3095843.33, "Total Cost": 3105065.7, "Plan Rows": 3688948, "Plan Width": 58, "Sort Key": ["lineitem.l_suppkey", "customer.c_nationkey"], "Plans": [{"Node Type": "Nested Loop", "Parent Relationship": "Outer", "Join Type": "Inner", "Startup Cost": 674436.55, "Total Cost": 2693475.42, "Plan Rows": 3688948, "Plan Width": 58, "Inner Unique": false, "Plans": [{"Node Type": "Merge Join", "Parent Relationship": "Outer", "Join Type": "Inner", "Startup Cost": 674435.82, "Total Cost": 691407.1, "Plan Rows": 406290, "Plan Width": 42, "Inner Unique": false, "Merge Cond": "(customer.c_custkey = orders.o_custkey)", "Plans": [{"Node Type": "Sort", "Parent Relationship": "Outer", "Startup Cost": 64456.94, "Total Cost": 65206.94, "Plan Rows": 300000, "Plan Width": 42, "Sort Key": ["customer.c_custkey"], "Plans": [{"Node Type": "Nested Loop", "Parent Relationship": "Outer", "Join Type": "Inner", "Startup Cost": 1030.37, "Total Cost": 37165.03, "Plan Rows": 300000, "Plan Width": 42, "Inner Unique": false, "Plans": [{"Node Type": "Nested Loop", "Parent Relationship": "Outer", "Join Type": "Inner", "Startup Cost": 0.0, "Total Cost": 2.62, "Plan Rows": 5, "Plan Width": 30, "Inner Unique": false, "Join Filter": "(nation.n_regionkey = region.r_regionkey)", "Plans": [{"Node Type": "Seq Scan", "Parent Relationship": "Outer", "Relation Name": "region", "Alias": "region", "Startup Cost": 0.0, "Total Cost": 1.06, "Plan Rows": 1, "Plan Width": 4, "Filter": "(r_name = 'MIDDLE EAST'::bpchar)"}, {"Node Type": "Seq Scan", "Parent Relationship": "Inner", "Relation Name": "nation", "Alias": "nation", "Startup Cost": 0.0, "Total Cost": 1.25, "Plan Rows": 25, "Plan Width": 34}]}, {"Node Type": "Bitmap Heap Scan", "Parent Relationship": "Inner", "Relation Name": "customer", "Alias": "customer", "Startup Cost": 1030.37, "Total Cost": 6832.48, "Plan Rows": 60000, "Plan Width": 12, "Recheck Cond": "(c_nationkey = nation.n_nationkey)", "Plans": [{"Node Type": "Bitmap Index Scan", "Parent Relationship": "Outer", "Index Name": "idx_customer_nationkey", "Startup Cost": 0.0, "Total Cost": 1015.37, "Plan Rows": 60000, "Plan Width": 0, "Index Cond": "(c_nationkey = nation.n_nationkey)"}]}]}]}, {"Node Type": "Sort", "Parent Relationship": "Inner", "Startup Cost": 609978.84, "Total Cost": 615683.24, "Plan Rows": 2281758, "Plan Width": 16, "Sort Key": ["orders.o_custkey"], "Plans": [{"Node Type": "Bitmap Heap Scan", "Parent Relationship": "Outer", "Relation Name": "orders", "Alias": "orders", "Startup Cost": 58360.27, "Total Cost": 369005.64, "Plan Rows": 2281758, "Plan Width": 16, "Recheck Cond": "((o_orderdate >= '1994-01-01 00:00:00'::timestamp(0) without time zone) AND (o_orderdate < '1995-01-01 00:00:00'::timestamp without time zone)), (LLVM Optimized)", "Plans": [{"Node Type": "Bitmap Index Scan", "Parent Relationship": "Outer", "Index Name": "idx_orders_orderdate", "Startup Cost": 0.0, "Total Cost": 57789.83, "Plan Rows": 2281758, "Plan Width": 0, "Index Cond": "((o_orderdate >= '1994-01-01 00:00:00'::timestamp(0) without time zone) AND (o_orderdate < '1995-01-01 00:00:00'::timestamp without time zone))"}]}]}]}, {"Node Type": "Bitmap Heap Scan", "Parent Relationship": "Inner", "Relation Name": "lineitem", "Alias": "lineitem", "Startup Cost": 0.73, "Total Cost": 4.84, "Plan Rows": 9, "Plan Width": 32, "Recheck Cond": "(l_orderkey = orders.o_orderkey)", "Plans": [{"Node Type": "Bitmap Index Scan", "Parent Relationship": "Outer", "Index Name": "idx_lineitem_orderkey", "Startup Cost": 0.0, "Total Cost": 0.72, "Plan Rows": 9, "Plan Width": 0, "Index Cond": "(l_orderkey = orders.o_orderkey)"}]}]}]}, {"Node Type": "Sort", "Parent Relationship": "Inner", "Startup Cost": 11587.82, "Total Cost": 11837.82, "Plan Rows": 100000, "Plan Width": 12, "Sort Key": ["supplier.s_suppkey", "supplier.s_nationkey"], "Plans": [{"Node Type": "Seq Scan", "Parent Relationship": "Outer", "Relation Name": "supplier", "Alias": "supplier", "Startup Cost": 0.0, "Total Cost": 3283.0, "Plan Rows": 100000, "Plan Width": 12}]}]}]}]}, "Unique SQL Id": 1392561963}, "explain_analyze_plan": {"Plan": {"Node Type": "Sort", "Startup Cost": 3136047.23, "Total Cost": 3136047.29, "Plan Rows": 25, "Plan Width": 42, "Actual Startup Time": 14119.622, "Actual Total Time": 14119.622, "Actual Rows": 5, "Actual Loops": 1, "Sort Key": ["(sum((lineitem.l_extendedprice * (1::double precision - lineitem.l_discount)))) DESC"], "Sort Method": "quicksort", "Sort Space Used": 25, "Sort Space Type": "Memory", "Plans": [{"Node Type": "Aggregate", "Strategy": "Hashed", "Parent Relationship": "Outer", "Startup Cost": 3136046.4, "Total Cost": 3136046.65, "Plan Rows": 25, "Plan Width": 42, "Actual Startup Time": 14119.593, "Actual Total Time": 14119.595, "Actual Rows": 5, "Actual Loops": 1, "Group By Key": ["nation.n_name"], "Plans": [{"Node Type": "Merge Join", "Parent Relationship": "Outer", "Join Type": "Inner", "Startup Cost": 3107433.9, "Total Cost": 3135952.5, "Plan Rows": 9390, "Plan Width": 42, "Actual Startup Time": 13281.95, "Actual Total Time": 14071.568, "Actual Rows": 72985, "Actual Loops": 1, "Inner Unique": true, "Merge Cond": "((lineitem.l_suppkey = supplier.s_suppkey) AND (customer.c_nationkey = supplier.s_nationkey))", "Plans": [{"Node Type": "Sort", "Parent Relationship": "Outer", "Startup Cost": 3095843.33, "Total Cost": 3105065.7, "Plan Rows": 3688948, "Plan Width": 58, "Actual Startup Time": 13210.638, "Actual Total Time": 13680.937, "Actual Rows": 1815212, "Actual Loops": 1, "Sort Key": ["lineitem.l_suppkey", "customer.c_nationkey"], "Sort Method": "quicksort", "Sort Space Used": 332781, "Sort Space Type": "Memory", "Plans": [{"Node Type": "Nested Loop", "Parent Relationship": "Outer", "Join Type": "Inner", "Startup Cost": 674436.55, "Total Cost": 2693475.42, "Plan Rows": 3688948, "Plan Width": 58, "Actual Startup Time": 4109.82, "Actual Total Time": 11750.933, "Actual Rows": 1815222, "Actual Loops": 1, "Inner Unique": false, "Plans": [{"Node Type": "Merge Join", "Parent Relationship": "Outer", "Join Type": "Inner", "Startup Cost": 674435.82, "Total Cost": 691407.1, "Plan Rows": 406290, "Plan Width": 42, "Actual Startup Time": 4109.741, "Actual Total Time": 5303.665, "Actual Rows": 454183, "Actual Loops": 1, "Inner Unique": false, "Merge Cond": "(customer.c_custkey = orders.o_custkey)", "Plans": [{"Node Type": "Sort", "Parent Relationship": "Outer", "Startup Cost": 64456.94, "Total Cost": 65206.94, "Plan Rows": 300000, "Plan Width": 42, "Actual Startup Time": 741.267, "Actual Total Time": 798.384, "Actual Rows": 299838, "Actual Loops": 1, "Sort Key": ["customer.c_custkey"], "Sort Method": "quicksort", "Sort Space Used": 59138, "Sort Space Type": "Memory", "Plans": [{"Node Type": "Nested Loop", "Parent Relationship": "Outer", "Join Type": "Inner", "Startup Cost": 1030.37, "Total Cost": 37165.03, "Plan Rows": 300000, "Plan Width": 42, "Actual Startup Time": 19.447, "Actual Total Time": 623.521, "Actual Rows": 299838, "Actual Loops": 1, "Inner Unique": false, "Plans": [{"Node Type": "Nested Loop", "Parent Relationship": "Outer", "Join Type": "Inner", "Startup Cost": 0.0, "Total Cost": 2.62, "Plan Rows": 5, "Plan Width": 30, "Actual Startup Time": 0.038, "Actual Total Time": 0.096, "Actual Rows": 5, "Actual Loops": 1, "Inner Unique": false, "Join Filter": "(nation.n_regionkey = region.r_regionkey)", "Rows Removed by Join Filter": 20, "Plans": [{"Node Type": "Seq Scan", "Parent Relationship": "Outer", "Relation Name": "region", "Alias": "region", "Startup Cost": 0.0, "Total Cost": 1.06, "Plan Rows": 1, "Plan Width": 4, "Actual Startup Time": 0.023, "Actual Total Time": 0.025, "Actual Rows": 1, "Actual Loops": 1, "Filter": "(r_name = 'MIDDLE EAST'::bpchar)", "Rows Removed by Filter": 4}, {"Node Type": "Seq Scan", "Parent Relationship": "Inner", "Relation Name": "nation", "Alias": "nation", "Startup Cost": 0.0, "Total Cost": 1.25, "Plan Rows": 25, "Plan Width": 34, "Actual Startup Time": 0.006, "Actual Total Time": 0.027, "Actual Rows": 25, "Actual Loops": 1}]}, {"Node Type": "Bitmap Heap Scan", "Parent Relationship": "Inner", "Relation Name": "customer", "Alias": "customer", "Startup Cost": 1030.37, "Total Cost": 6832.48, "Plan Rows": 60000, "Plan Width": 12, "Actual Startup Time": 94.825, "Actual Total Time": 560.3, "Actual Rows": 299838, "Actual Loops": 5, "Recheck Cond": "(c_nationkey = nation.n_nationkey)", "Rows Removed by Index Recheck": 0, "Exact Heap Blocks": 150033, "Lossy Heap Blocks": 150033, "Plans": [{"Node Type": "Bitmap Index Scan", "Parent Relationship": "Outer", "Index Name": "idx_customer_nationkey", "Startup Cost": 0.0, "Total Cost": 1015.37, "Plan Rows": 60000, "Plan Width": 0, "Actual Startup Time": 61.851, "Actual Total Time": 61.851, "Actual Rows": 299838, "Actual Loops": 5, "Index Cond": "(c_nationkey = nation.n_nationkey)"}]}]}]}, {"Node Type": "Sort", "Parent Relationship": "Inner", "Startup Cost": 609978.84, "Total Cost": 615683.24, "Plan Rows": 2281758, "Plan Width": 16, "Actual Startup Time": 3368.453, "Actual Total Time": 4020.091, "Actual Rows": 2275914, "Actual Loops": 1, "Sort Key": ["orders.o_custkey"], "Sort Method": "quicksort", "Sort Space Used": 311672, "Sort Space Type": "Memory", "Plans": [{"Node Type": "Bitmap Heap Scan", "Parent Relationship": "Outer", "Relation Name": "orders", "Alias": "orders", "Startup Cost": 58360.27, "Total Cost": 369005.64, "Plan Rows": 2281758, "Plan Width": 16, "Actual Startup Time": 635.853, "Actual Total Time": 2446.48, "Actual Rows": 2275919, "Actual Loops": 1, "Recheck Cond": "((o_orderdate >= '1994-01-01 00:00:00'::timestamp(0) without time zone) AND (o_orderdate < '1995-01-01 00:00:00'::timestamp without time zone)), (LLVM Optimized, Jit Execute)", "Rows Removed by Index Recheck": 0, "Exact Heap Blocks": 276381, "Lossy Heap Blocks": 276381, "Plans": [{"Node Type": "Bitmap Index Scan", "Parent Relationship": "Outer", "Index Name": "idx_orders_orderdate", "Startup Cost": 0.0, "Total Cost": 57789.83, "Plan Rows": 2281758, "Plan Width": 0, "Actual Startup Time": 548.323, "Actual Total Time": 548.323, "Actual Rows": 2275919, "Actual Loops": 1, "Index Cond": "((o_orderdate >= '1994-01-01 00:00:00'::timestamp(0) without time zone) AND (o_orderdate < '1995-01-01 00:00:00'::timestamp without time zone))"}]}]}]}, {"Node Type": "Bitmap Heap Scan", "Parent Relationship": "Inner", "Relation Name": "lineitem", "Alias": "lineitem", "Startup Cost": 0.73, "Total Cost": 4.84, "Plan Rows": 9, "Plan Width": 32, "Actual Startup Time": 5194.7, "Actual Total Time": 5511.087, "Actual Rows": 1815222, "Actual Loops": 454183, "Recheck Cond": "(l_orderkey = orders.o_orderkey)", "Rows Removed by Index Recheck": 0, "Exact Heap Blocks": 486530, "Lossy Heap Blocks": 486530, "Plans": [{"Node Type": "Bitmap Index Scan", "Parent Relationship": "Outer", "Index Name": "idx_lineitem_orderkey", "Startup Cost": 0.0, "Total Cost": 0.72, "Plan Rows": 9, "Plan Width": 0, "Actual Startup Time": 3272.943, "Actual Total Time": 3272.943, "Actual Rows": 1815222, "Actual Loops": 454183, "Index Cond": "(l_orderkey = orders.o_orderkey)"}]}]}]}, {"Node Type": "Sort", "Parent Relationship": "Inner", "Startup Cost": 11587.82, "Total Cost": 11837.82, "Plan Rows": 100000, "Plan Width": 12, "Actual Startup Time": 71.244, "Actual Total Time": 82.754, "Actual Rows": 100000, "Actual Loops": 1, "Sort Key": ["supplier.s_suppkey", "supplier.s_nationkey"], "Sort Method": "quicksort", "Sort Space Used": 12448, "Sort Space Type": "Memory", "Plans": [{"Node Type": "Seq Scan", "Parent Relationship": "Outer", "Relation Name": "supplier", "Alias": "supplier", "Startup Cost": 0.0, "Total Cost": 3283.0, "Plan Rows": 100000, "Plan Width": 12, "Actual Startup Time": 0.041, "Actual Total Time": 33.969, "Actual Rows": 100000, "Actual Loops": 1}]}]}]}]}, "Triggers": [], "Planner Runtime": 5.112, "Total Runtime": 14129.292, "Unique SQL Id": 1392561963}}, "(1, 23)": {"explain_plan": {"Plan": {"Node Type": "Sort", "Startup Cost": 46003135.57, "Total Cost": 46003135.63, "Plan Rows": 25, "Plan Width": 42, "Sort Key": ["(sum((lineitem.l_extendedprice * (1::double precision - lineitem.l_discount)))) DESC"], "Plans": [{"Node Type": "Aggregate", "Strategy": "Hashed", "Parent Relationship": "Outer", "Startup Cost": 46003134.74, "Total Cost": 46003134.99, "Plan Rows": 25, "Plan Width": 42, "Group By Key": ["nation.n_name"], "Plans": [{"Node Type": "Nested Loop", "Parent Relationship": "Outer", "Join Type": "Inner", "Startup Cost": 58362.35, "Total Cost": 46003040.84, "Plan Rows": 9390, "Plan Width": 42, "Inner Unique": true, "Join Filter": "(customer.c_nationkey = supplier.s_nationkey)", "Plans": [{"Node Type": "Nested Loop", "Parent Relationship": "Outer", "Join Type": "Inner", "Startup Cost": 58362.1, "Total Cost": 30204103.6, "Plan Rows": 3688948, "Plan Width": 58, "Inner Unique": false, "Plans": [{"Node Type": "Nested Loop", "Parent Relationship": "Outer", "Join Type": "Inner", "Startup Cost": 58361.37, "Total Cost": 28202035.27, "Plan Rows": 406290, "Plan Width": 42, "Inner Unique": true, "Plans": [{"Node Type": "Nested Loop", "Parent Relationship": "Outer", "Join Type": "Inner", "Startup Cost": 58360.79, "Total Cost": 18851769.58, "Plan Rows": 2031452, "Plan Width": 46, "Inner Unique": true, "Plans": [{"Node Type": "Nested Loop", "Parent Relationship": "Outer", "Join Type": "Inner", "Startup Cost": 58360.54, "Total Cost": 10156636.32, "Plan Rows": 2031452, "Plan Width": 12, "Inner Unique": true, "Plans": [{"Node Type": "Bitmap Heap Scan", "Parent Relationship": "Outer", "Relation Name": "orders", "Alias": "orders", "Startup Cost": 58360.27, "Total Cost": 369005.64, "Plan Rows": 2281758, "Plan Width": 16, "Recheck Cond": "((o_orderdate >= '1994-01-01 00:00:00'::timestamp(0) without time zone) AND (o_orderdate < '1995-01-01 00:00:00'::timestamp without time zone)), (LLVM Optimized)", "Plans": [{"Node Type": "Bitmap Index Scan", "Parent Relationship": "Outer", "Index Name": "idx_orders_orderdate", "Startup Cost": 0.0, "Total Cost": 57789.83, "Plan Rows": 2281758, "Plan Width": 0, "Index Cond": "((o_orderdate >= '1994-01-01 00:00:00'::timestamp(0) without time zone) AND (o_orderdate < '1995-01-01 00:00:00'::timestamp without time zone))"}]}, {"Node Type": "Bitmap Heap Scan", "Parent Relationship": "Inner", "Relation Name": "customer", "Alias": "customer", "Startup Cost": 0.27, "Total Cost": 4.28, "Plan Rows": 1, "Plan Width": 12, "Recheck Cond": "(c_custkey = orders.o_custkey)", "Plans": [{"Node Type": "Bitmap Index Scan", "Parent Relationship": "Outer", "Index Name": "customer_pkey", "Startup Cost": 0.0, "Total Cost": 0.27, "Plan Rows": 1, "Plan Width": 0, "Index Cond": "(c_custkey = orders.o_custkey)"}]}]}, {"Node Type": "Bitmap Heap Scan", "Parent Relationship": "Inner", "Relation Name": "nation", "Alias": "nation", "Startup Cost": 0.26, "Total Cost": 4.27, "Plan Rows": 1, "Plan Width": 34, "Recheck Cond": "(n_nationkey = customer.c_nationkey)", "Plans": [{"Node Type": "Bitmap Index Scan", "Parent Relationship": "Outer", "Index Name": "nation_pkey", "Startup Cost": 0.0, "Total Cost": 0.26, "Plan Rows": 1, "Plan Width": 0, "Index Cond": "(n_nationkey = customer.c_nationkey)"}]}]}, {"Node Type": "Bitmap Heap Scan", "Parent Relationship": "Inner", "Relation Name": "region", "Alias": "region", "Startup Cost": 0.58, "Total Cost": 4.59, "Plan Rows": 1, "Plan Width": 4, "Recheck Cond": "(r_regionkey = nation.n_regionkey)", "Filter": "(r_name = 'MIDDLE EAST'::bpchar)", "Plans": [{"Node Type": "Bitmap Index Scan", "Parent Relationship": "Outer", "Index Name": "region_pkey", "Startup Cost": 0.0, "Total Cost": 0.58, "Plan Rows": 1, "Plan Width": 0, "Index Cond": "(r_regionkey = nation.n_regionkey)"}]}]}, {"Node Type": "Bitmap Heap Scan", "Parent Relationship": "Inner", "Relation Name": "lineitem", "Alias": "lineitem", "Startup Cost": 0.73, "Total Cost": 4.84, "Plan Rows": 9, "Plan Width": 32, "Recheck Cond": "(l_orderkey = orders.o_orderkey)", "Plans": [{"Node Type": "Bitmap Index Scan", "Parent Relationship": "Outer", "Index Name": "idx_lineitem_orderkey", "Startup Cost": 0.0, "Total Cost": 0.72, "Plan Rows": 9, "Plan Width": 0, "Index Cond": "(l_orderkey = orders.o_orderkey)"}]}]}, {"Node Type": "Bitmap Heap Scan", "Parent Relationship": "Inner", "Relation Name": "supplier", "Alias": "supplier", "Startup Cost": 0.26, "Total Cost": 4.27, "Plan Rows": 1, "Plan Width": 12, "Recheck Cond": "(s_suppkey = lineitem.l_suppkey)", "Plans": [{"Node Type": "Bitmap Index Scan", "Parent Relationship": "Outer", "Index Name": "supplier_pkey", "Startup Cost": 0.0, "Total Cost": 0.26, "Plan Rows": 1, "Plan Width": 0, "Index Cond": "(s_suppkey = lineitem.l_suppkey)"}]}]}]}]}, "Unique SQL Id": 1392561963}, "explain_analyze_plan": null}, "(1, 24)": {"explain_plan": {"Plan": {"Node Type": "Sort", "Startup Cost": 2121854.13, "Total Cost": 2121854.2, "Plan Rows": 25, "Plan Width": 42, "Sort Key": ["(sum((lineitem.l_extendedprice * (1::double precision - lineitem.l_discount)))) DESC"], "Plans": [{"Node Type": "Aggregate", "Strategy": "Hashed", "Parent Relationship": "Outer", "Startup Cost": 2121853.3, "Total Cost": 2121853.55, "Plan Rows": 25, "Plan Width": 42, "Group By Key": ["nation.n_name"], "Plans": [{"Node Type": "Merge Join", "Parent Relationship": "Outer", "Join Type": "Inner", "Startup Cost": 2094799.14, "Total Cost": 2121759.4, "Plan Rows": 9390, "Plan Width": 42, "Inner Unique": false, "Merge Cond": "(supplier.s_suppkey = lineitem.l_suppkey)", "Join Filter": "(customer.c_nationkey = supplier.s_nationkey)", "Plans": [{"Node Type": "Index Scan", "Parent Relationship": "Outer", "Scan Direction": "Forward", "Index Name": "supplier_pkey", "Relation Name": "supplier", "Alias": "supplier", "Startup Cost": 0.0, "Total Cost": 5334.54, "Plan Rows": 100000, "Plan Width": 12}, {"Node Type": "Sort", "Parent Relationship": "Inner", "Startup Cost": 2094797.31, "Total Cost": 2104019.68, "Plan Rows": 3688948, "Plan Width": 58, "Sort Key": ["lineitem.l_suppkey"], "Plans": [{"Node Type": "Nested Loop", "Parent Relationship": "Outer", "Join Type": "Inner", "Startup Cost": 0.0, "Total Cost": 1692429.4, "Plan Rows": 3688948, "Plan Width": 58, "Inner Unique": false, "Plans": [{"Node Type": "Nested Loop", "Parent Relationship": "Outer", "Join Type": "Inner", "Startup Cost": 0.0, "Total Cost": 416634.99, "Plan Rows": 406290, "Plan Width": 42, "Inner Unique": false, "Plans": [{"Node Type": "Nested Loop", "Parent Relationship": "Outer", "Join Type": "Inner", "Startup Cost": 0.0, "Total Cost": 41526.19, "Plan Rows": 300000, "Plan Width": 42, "Inner Unique": false, "Plans": [{"Node Type": "Nested Loop", "Parent Relationship": "Outer", "Join Type": "Inner", "Startup Cost": 0.0, "Total Cost": 14.06, "Plan Rows": 5, "Plan Width": 30, "Inner Unique": true, "Join Filter": "(nation.n_regionkey = region.r_regionkey)", "Plans": [{"Node Type": "Index Scan", "Parent Relationship": "Outer", "Scan Direction": "Forward", "Index Name": "nation_pkey", "Relation Name": "nation", "Alias": "nation", "Startup Cost": 0.0, "Total Cost": 12.62, "Plan Rows": 25, "Plan Width": 34}, {"Node Type": "Materialize", "Parent Relationship": "Inner", "Startup Cost": 0.0, "Total Cost": 1.07, "Plan Rows": 1, "Plan Width": 4, "Plans": [{"Node Type": "Seq Scan", "Parent Relationship": "Outer", "Relation Name": "region", "Alias": "region", "Startup Cost": 0.0, "Total Cost": 1.06, "Plan Rows": 1, "Plan Width": 4, "Filter": "(r_name = 'MIDDLE EAST'::bpchar)"}]}]}, {"Node Type": "Index Scan", "Parent Relationship": "Inner", "Scan Direction": "Forward", "Index Name": "idx_customer_nationkey", "Relation Name": "customer", "Alias": "customer", "Startup Cost": 0.0, "Total Cost": 7702.43, "Plan Rows": 60000, "Plan Width": 12, "Index Cond": "(c_nationkey = nation.n_nationkey)"}]}, {"Node Type": "Index Scan", "Parent Relationship": "Inner", "Scan Direction": "Forward", "Index Name": "idx_orders_custkey", "Relation Name": "orders", "Alias": "orders", "Startup Cost": 0.0, "Total Cost": 1.24, "Plan Rows": 1, "Plan Width": 16, "Index Cond": "(o_custkey = customer.c_custkey)", "Filter": "((o_orderdate >= '1994-01-01 00:00:00'::timestamp(0) without time zone) AND (o_orderdate < '1995-01-01 00:00:00'::timestamp without time zone))"}]}, {"Node Type": "Index Scan", "Parent Relationship": "Inner", "Scan Direction": "Forward", "Index Name": "idx_lineitem_orderkey", "Relation Name": "lineitem", "Alias": "lineitem", "Startup Cost": 0.0, "Total Cost": 3.05, "Plan Rows": 9, "Plan Width": 32, "Index Cond": "(l_orderkey = orders.o_orderkey)"}]}]}]}]}]}, "Unique SQL Id": 1392561963}, "explain_analyze_plan": {"Plan": {"Node Type": "Sort", "Startup Cost": 2121854.13, "Total Cost": 2121854.2, "Plan Rows": 25, "Plan Width": 42, "Actual Startup Time": 17392.568, "Actual Total Time": 17392.568, "Actual Rows": 5, "Actual Loops": 1, "Sort Key": ["(sum((lineitem.l_extendedprice * (1::double precision - lineitem.l_discount)))) DESC"], "Sort Method": "quicksort", "Sort Space Used": 25, "Sort Space Type": "Memory", "Plans": [{"Node Type": "Aggregate", "Strategy": "Hashed", "Parent Relationship": "Outer", "Startup Cost": 2121853.3, "Total Cost": 2121853.55, "Plan Rows": 25, "Plan Width": 42, "Actual Startup Time": 17392.535, "Actual Total Time": 17392.537, "Actual Rows": 5, "Actual Loops": 1, "Group By Key": ["nation.n_name"], "Plans": [{"Node Type": "Merge Join", "Parent Relationship": "Outer", "Join Type": "Inner", "Startup Cost": 2094799.14, "Total Cost": 2121759.4, "Plan Rows": 9390, "Plan Width": 42, "Actual Startup Time": 16244.233, "Actual Total Time": 17342.926, "Actual Rows": 72985, "Actual Loops": 1, "Inner Unique": false, "Merge Cond": "(supplier.s_suppkey = lineitem.l_suppkey)", "Join Filter": "(customer.c_nationkey = supplier.s_nationkey)", "Rows Removed by Join Filter": 0, "Plans": [{"Node Type": "Index Scan", "Parent Relationship": "Outer", "Scan Direction": "Forward", "Index Name": "supplier_pkey", "Relation Name": "supplier", "Alias": "supplier", "Startup Cost": 0.0, "Total Cost": 5334.54, "Plan Rows": 100000, "Plan Width": 12, "Actual Startup Time": 0.026, "Actual Total Time": 71.394, "Actual Rows": 100000, "Actual Loops": 1}, {"Node Type": "Sort", "Parent Relationship": "Inner", "Startup Cost": 2094797.31, "Total Cost": 2104019.68, "Plan Rows": 3688948, "Plan Width": 58, "Actual Startup Time": 16244.063, "Actual Total Time": 16734.437, "Actual Rows": 1815222, "Actual Loops": 1, "Sort Key": ["lineitem.l_suppkey"], "Sort Method": "quicksort", "Sort Space Used": 332781, "Sort Space Type": "Memory", "Plans": [{"Node Type": "Nested Loop", "Parent Relationship": "Outer", "Join Type": "Inner", "Startup Cost": 0.0, "Total Cost": 1692429.4, "Plan Rows": 3688948, "Plan Width": 58, "Actual Startup Time": 0.141, "Actual Total Time": 15405.199, "Actual Rows": 1815222, "Actual Loops": 1, "Inner Unique": false, "Plans": [{"Node Type": "Nested Loop", "Parent Relationship": "Outer", "Join Type": "Inner", "Startup Cost": 0.0, "Total Cost": 416634.99, "Plan Rows": 406290, "Plan Width": 42, "Actual Startup Time": 0.124, "Actual Total Time": 9522.661, "Actual Rows": 454183, "Actual Loops": 1, "Inner Unique": false, "Plans": [{"Node Type": "Nested Loop", "Parent Relationship": "Outer", "Join Type": "Inner", "Startup Cost": 0.0, "Total Cost": 41526.19, "Plan Rows": 300000, "Plan Width": 42, "Actual Startup Time": 0.07, "Actual Total Time": 524.302, "Actual Rows": 299838, "Actual Loops": 1, "Inner Unique": false, "Plans": [{"Node Type": "Nested Loop", "Parent Relationship": "Outer", "Join Type": "Inner", "Startup Cost": 0.0, "Total Cost": 14.06, "Plan Rows": 5, "Plan Width": 30, "Actual Startup Time": 0.038, "Actual Total Time": 0.124, "Actual Rows": 5, "Actual Loops": 1, "Inner Unique": true, "Join Filter": "(nation.n_regionkey = region.r_regionkey)", "Rows Removed by Join Filter": 20, "Plans": [{"Node Type": "Index Scan", "Parent Relationship": "Outer", "Scan Direction": "Forward", "Index Name": "nation_pkey", "Relation Name": "nation", "Alias": "nation", "Startup Cost": 0.0, "Total Cost": 12.62, "Plan Rows": 25, "Plan Width": 34, "Actual Startup Time": 0.003, "Actual Total Time": 0.033, "Actual Rows": 25, "Actual Loops": 1}, {"Node Type": "Materialize", "Parent Relationship": "Inner", "Startup Cost": 0.0, "Total Cost": 1.07, "Plan Rows": 1, "Plan Width": 4, "Actual Startup Time": 0.033, "Actual Total Time": 0.039, "Actual Rows": 25, "Actual Loops": 25, "Plans": [{"Node Type": "Seq Scan", "Parent Relationship": "Outer", "Relation Name": "region", "Alias": "region", "Startup Cost": 0.0, "Total Cost": 1.06, "Plan Rows": 1, "Plan Width": 4, "Actual Startup Time": 0.017, "Actual Total Time": 0.019, "Actual Rows": 1, "Actual Loops": 1, "Filter": "(r_name = 'MIDDLE EAST'::bpchar)", "Rows Removed by Filter": 4}]}]}, {"Node Type": "Index Scan", "Parent Relationship": "Inner", "Scan Direction": "Forward", "Index Name": "idx_customer_nationkey", "Relation Name": "customer", "Alias": "customer", "Startup Cost": 0.0, "Total Cost": 7702.43, "Plan Rows": 60000, "Plan Width": 12, "Actual Startup Time": 0.148, "Actual Total Time": 440.382, "Actual Rows": 299838, "Actual Loops": 5, "Index Cond": "(c_nationkey = nation.n_nationkey)", "Rows Removed by Index Recheck": 0}]}, {"Node Type": "Index Scan", "Parent Relationship": "Inner", "Scan Direction": "Forward", "Index Name": "idx_orders_custkey", "Relation Name": "orders", "Alias": "orders", "Startup Cost": 0.0, "Total Cost": 1.24, "Plan Rows": 1, "Plan Width": 16, "Actual Startup Time": 4127.471, "Actual Total Time": 8732.592, "Actual Rows": 454183, "Actual Loops": 299838, "Index Cond": "(o_custkey = customer.c_custkey)", "Rows Removed by Index Recheck": 0, "Filter": "((o_orderdate >= '1994-01-01 00:00:00'::timestamp(0) without time zone) AND (o_orderdate < '1995-01-01 00:00:00'::timestamp without time zone))", "Rows Removed by Filter": 2542535}]}, {"Node Type": "Index Scan", "Parent Relationship": "Inner", "Scan Direction": "Forward", "Index Name": "idx_lineitem_orderkey", "Relation Name": "lineitem", "Alias": "lineitem", "Startup Cost": 0.0, "Total Cost": 3.05, "Plan Rows": 9, "Plan Width": 32, "Actual Startup Time": 4273.99, "Actual Total Time": 5241.201, "Actual Rows": 1815222, "Actual Loops": 454183, "Index Cond": "(l_orderkey = orders.o_orderkey)", "Rows Removed by Index Recheck": 0}]}]}]}]}]}, "Triggers": [], "Planner Runtime": 5.428, "Total Runtime": 17392.878, "Unique SQL Id": 1392561963}}, "(1, 25)": {"explain_plan": {"Plan": {"Node Type": "Sort", "Startup Cost": 2121865.46, "Total Cost": 2121865.52, "Plan Rows": 25, "Plan Width": 42, "Sort Key": ["(sum((lineitem.l_extendedprice * (1::double precision - lineitem.l_discount)))) DESC"], "Plans": [{"Node Type": "Aggregate", "Strategy": "Hashed", "Parent Relationship": "Outer", "Startup Cost": 2121864.63, "Total Cost": 2121864.88, "Plan Rows": 25, "Plan Width": 42, "Group By Key": ["nation.n_name"], "Plans": [{"Node Type": "Merge Join", "Parent Relationship": "Outer", "Join Type": "Inner", "Startup Cost": 2094810.42, "Total Cost": 2121770.73, "Plan Rows": 9390, "Plan Width": 42, "Inner Unique": false, "Merge Cond": "(supplier.s_suppkey = lineitem.l_suppkey)", "Join Filter": "(customer.c_nationkey = supplier.s_nationkey)", "Plans": [{"Node Type": "Index Scan", "Parent Relationship": "Outer", "Scan Direction": "Forward", "Index Name": "supplier_pkey", "Relation Name": "supplier", "Alias": "supplier", "Startup Cost": 0.0, "Total Cost": 5334.54, "Plan Rows": 100000, "Plan Width": 12}, {"Node Type": "Sort", "Parent Relationship": "Inner", "Startup Cost": 2094808.59, "Total Cost": 2104030.96, "Plan Rows": 3688948, "Plan Width": 58, "Sort Key": ["lineitem.l_suppkey"], "Plans": [{"Node Type": "Nested Loop", "Parent Relationship": "Outer", "Join Type": "Inner", "Startup Cost": 0.0, "Total Cost": 1692440.68, "Plan Rows": 3688948, "Plan Width": 58, "Inner Unique": false, "Plans": [{"Node Type": "Nested Loop", "Parent Relationship": "Outer", "Join Type": "Inner", "Startup Cost": 0.0, "Total Cost": 416646.27, "Plan Rows": 406290, "Plan Width": 42, "Inner Unique": false, "Plans": [{"Node Type": "Nested Loop", "Parent Relationship": "Outer", "Join Type": "Inner", "Startup Cost": 0.0, "Total Cost": 41537.47, "Plan Rows": 300000, "Plan Width": 42, "Inner Unique": false, "Plans": [{"Node Type": "Nested Loop", "Parent Relationship": "Outer", "Join Type": "Inner", "Startup Cost": 0.0, "Total Cost": 25.34, "Plan Rows": 5, "Plan Width": 30, "Inner Unique": true, "Join Filter": "(nation.n_regionkey = region.r_regionkey)", "Plans": [{"Node Type": "Index Scan", "Parent Relationship": "Outer", "Scan Direction": "Forward", "Index Name": "nation_pkey", "Relation Name": "nation", "Alias": "nation", "Startup Cost": 0.0, "Total Cost": 12.62, "Plan Rows": 25, "Plan Width": 34}, {"Node Type": "Materialize", "Parent Relationship": "Inner", "Startup Cost": 0.0, "Total Cost": 12.34, "Plan Rows": 1, "Plan Width": 4, "Plans": [{"Node Type": "Index Scan", "Parent Relationship": "Outer", "Scan Direction": "Forward", "Index Name": "region_pkey", "Relation Name": "region", "Alias": "region", "Startup Cost": 0.0, "Total Cost": 12.34, "Plan Rows": 1, "Plan Width": 4, "Filter": "(r_name = 'MIDDLE EAST'::bpchar)"}]}]}, {"Node Type": "Index Scan", "Parent Relationship": "Inner", "Scan Direction": "Forward", "Index Name": "idx_customer_nationkey", "Relation Name": "customer", "Alias": "customer", "Startup Cost": 0.0, "Total Cost": 7702.43, "Plan Rows": 60000, "Plan Width": 12, "Index Cond": "(c_nationkey = nation.n_nationkey)"}]}, {"Node Type": "Index Scan", "Parent Relationship": "Inner", "Scan Direction": "Forward", "Index Name": "idx_orders_custkey", "Relation Name": "orders", "Alias": "orders", "Startup Cost": 0.0, "Total Cost": 1.24, "Plan Rows": 1, "Plan Width": 16, "Index Cond": "(o_custkey = customer.c_custkey)", "Filter": "((o_orderdate >= '1994-01-01 00:00:00'::timestamp(0) without time zone) AND (o_orderdate < '1995-01-01 00:00:00'::timestamp without time zone))"}]}, {"Node Type": "Index Scan", "Parent Relationship": "Inner", "Scan Direction": "Forward", "Index Name": "idx_lineitem_orderkey", "Relation Name": "lineitem", "Alias": "lineitem", "Startup Cost": 0.0, "Total Cost": 3.05, "Plan Rows": 9, "Plan Width": 32, "Index Cond": "(l_orderkey = orders.o_orderkey)"}]}]}]}]}]}, "Unique SQL Id": 1392561963}, "explain_analyze_plan": {"Plan": {"Node Type": "Sort", "Startup Cost": 2121865.46, "Total Cost": 2121865.52, "Plan Rows": 25, "Plan Width": 42, "Actual Startup Time": 17329.511, "Actual Total Time": 17329.511, "Actual Rows": 5, "Actual Loops": 1, "Sort Key": ["(sum((lineitem.l_extendedprice * (1::double precision - lineitem.l_discount)))) DESC"], "Sort Method": "quicksort", "Sort Space Used": 25, "Sort Space Type": "Memory", "Plans": [{"Node Type": "Aggregate", "Strategy": "Hashed", "Parent Relationship": "Outer", "Startup Cost": 2121864.63, "Total Cost": 2121864.88, "Plan Rows": 25, "Plan Width": 42, "Actual Startup Time": 17329.488, "Actual Total Time": 17329.489, "Actual Rows": 5, "Actual Loops": 1, "Group By Key": ["nation.n_name"], "Plans": [{"Node Type": "Merge Join", "Parent Relationship": "Outer", "Join Type": "Inner", "Startup Cost": 2094810.42, "Total Cost": 2121770.73, "Plan Rows": 9390, "Plan Width": 42, "Actual Startup Time": 16205.186, "Actual Total Time": 17279.619, "Actual Rows": 72985, "Actual Loops": 1, "Inner Unique": false, "Merge Cond": "(supplier.s_suppkey = lineitem.l_suppkey)", "Join Filter": "(customer.c_nationkey = supplier.s_nationkey)", "Rows Removed by Join Filter": 0, "Plans": [{"Node Type": "Index Scan", "Parent Relationship": "Outer", "Scan Direction": "Forward", "Index Name": "supplier_pkey", "Relation Name": "supplier", "Alias": "supplier", "Startup Cost": 0.0, "Total Cost": 5334.54, "Plan Rows": 100000, "Plan Width": 12, "Actual Startup Time": 0.026, "Actual Total Time": 77.984, "Actual Rows": 100000, "Actual Loops": 1}, {"Node Type": "Sort", "Parent Relationship": "Inner", "Startup Cost": 2094808.59, "Total Cost": 2104030.96, "Plan Rows": 3688948, "Plan Width": 58, "Actual Startup Time": 16204.511, "Actual Total Time": 16660.849, "Actual Rows": 1815222, "Actual Loops": 1, "Sort Key": ["lineitem.l_suppkey"], "Sort Method": "quicksort", "Sort Space Used": 332781, "Sort Space Type": "Memory", "Plans": [{"Node Type": "Nested Loop", "Parent Relationship": "Outer", "Join Type": "Inner", "Startup Cost": 0.0, "Total Cost": 1692440.68, "Plan Rows": 3688948, "Plan Width": 58, "Actual Startup Time": 0.132, "Actual Total Time": 15367.59, "Actual Rows": 1815222, "Actual Loops": 1, "Inner Unique": false, "Plans": [{"Node Type": "Nested Loop", "Parent Relationship": "Outer", "Join Type": "Inner", "Startup Cost": 0.0, "Total Cost": 416646.27, "Plan Rows": 406290, "Plan Width": 42, "Actual Startup Time": 0.116, "Actual Total Time": 9486.697, "Actual Rows": 454183, "Actual Loops": 1, "Inner Unique": false, "Plans": [{"Node Type": "Nested Loop", "Parent Relationship": "Outer", "Join Type": "Inner", "Startup Cost": 0.0, "Total Cost": 41537.47, "Plan Rows": 300000, "Plan Width": 42, "Actual Startup Time": 0.065, "Actual Total Time": 523.98, "Actual Rows": 299838, "Actual Loops": 1, "Inner Unique": false, "Plans": [{"Node Type": "Nested Loop", "Parent Relationship": "Outer", "Join Type": "Inner", "Startup Cost": 0.0, "Total Cost": 25.34, "Plan Rows": 5, "Plan Width": 30, "Actual Startup Time": 0.031, "Actual Total Time": 0.11, "Actual Rows": 5, "Actual Loops": 1, "Inner Unique": true, "Join Filter": "(nation.n_regionkey = region.r_regionkey)", "Rows Removed by Join Filter": 20, "Plans": [{"Node Type": "Index Scan", "Parent Relationship": "Outer", "Scan Direction": "Forward", "Index Name": "nation_pkey", "Relation Name": "nation", "Alias": "nation", "Startup Cost": 0.0, "Total Cost": 12.62, "Plan Rows": 25, "Plan Width": 34, "Actual Startup Time": 0.004, "Actual Total Time": 0.029, "Actual Rows": 25, "Actual Loops": 1}, {"Node Type": "Materialize", "Parent Relationship": "Inner", "Startup Cost": 0.0, "Total Cost": 12.34, "Plan Rows": 1, "Plan Width": 4, "Actual Startup Time": 0.026, "Actual Total Time": 0.03, "Actual Rows": 25, "Actual Loops": 25, "Plans": [{"Node Type": "Index Scan", "Parent Relationship": "Outer", "Scan Direction": "Forward", "Index Name": "region_pkey", "Relation Name": "region", "Alias": "region", "Startup Cost": 0.0, "Total Cost": 12.34, "Plan Rows": 1, "Plan Width": 4, "Actual Startup Time": 0.011, "Actual Total Time": 0.013, "Actual Rows": 1, "Actual Loops": 1, "Filter": "(r_name = 'MIDDLE EAST'::bpchar)", "Rows Removed by Filter": 4}]}]}, {"Node Type": "Index Scan", "Parent Relationship": "Inner", "Scan Direction": "Forward", "Index Name": "idx_customer_nationkey", "Relation Name": "customer", "Alias": "customer", "Startup Cost": 0.0, "Total Cost": 7702.43, "Plan Rows": 60000, "Plan Width": 12, "Actual Startup Time": 0.151, "Actual Total Time": 441.945, "Actual Rows": 299838, "Actual Loops": 5, "Index Cond": "(c_nationkey = nation.n_nationkey)", "Rows Removed by Index Recheck": 0}]}, {"Node Type": "Index Scan", "Parent Relationship": "Inner", "Scan Direction": "Forward", "Index Name": "idx_orders_custkey", "Relation Name": "orders", "Alias": "orders", "Startup Cost": 0.0, "Total Cost": 1.24, "Plan Rows": 1, "Plan Width": 16, "Actual Startup Time": 4105.331, "Actual Total Time": 8692.643, "Actual Rows": 454183, "Actual Loops": 299838, "Index Cond": "(o_custkey = customer.c_custkey)", "Rows Removed by Index Recheck": 0, "Filter": "((o_orderdate >= '1994-01-01 00:00:00'::timestamp(0) without time zone) AND (o_orderdate < '1995-01-01 00:00:00'::timestamp without time zone))", "Rows Removed by Filter": 2542535}]}, {"Node Type": "Index Scan", "Parent Relationship": "Inner", "Scan Direction": "Forward", "Index Name": "idx_lineitem_orderkey", "Relation Name": "lineitem", "Alias": "lineitem", "Startup Cost": 0.0, "Total Cost": 3.05, "Plan Rows": 9, "Plan Width": 32, "Actual Startup Time": 4273.891, "Actual Total Time": 5235.05, "Actual Rows": 1815222, "Actual Loops": 454183, "Index Cond": "(l_orderkey = orders.o_orderkey)", "Rows Removed by Index Recheck": 0}]}]}]}]}]}, "Triggers": [], "Planner Runtime": 5.39, "Total Runtime": 17329.845, "Unique SQL Id": 1392561963}}, "(1, 26)": {"explain_plan": {"Plan": {"Node Type": "Sort", "Startup Cost": 11168359.24, "Total Cost": 11168359.3, "Plan Rows": 25, "Plan Width": 42, "Sort Key": ["(sum((lineitem.l_extendedprice * (1::double precision - lineitem.l_discount)))) DESC"], "Plans": [{"Node Type": "Aggregate", "Strategy": "Hashed", "Parent Relationship": "Outer", "Startup Cost": 11168358.41, "Total Cost": 11168358.66, "Plan Rows": 25, "Plan Width": 42, "Group By Key": ["nation.n_name"], "Plans": [{"Node Type": "Merge Join", "Parent Relationship": "Outer", "Join Type": "Inner", "Startup Cost": 11154931.67, "Total Cost": 11168264.51, "Plan Rows": 9390, "Plan Width": 42, "Inner Unique": true, "Merge Cond": "((orders.o_custkey = customer.c_custkey) AND (supplier.s_nationkey = customer.c_nationkey))", "Plans": [{"Node Type": "Sort", "Parent Relationship": "Outer", "Startup Cost": 10948931.38, "Total Cost": 10949590.63, "Plan Rows": 263699, "Plan Width": 58, "Sort Key": ["orders.o_custkey", "supplier.s_nationkey"], "Plans": [{"Node Type": "Merge Join", "Parent Relationship": "Outer", "Join Type": "Inner", "Startup Cost": 10901730.43, "Total Cost": 10925187.22, "Plan Rows": 263699, "Plan Width": 58, "Inner Unique": true, "Merge Cond": "(lineitem.l_orderkey = orders.o_orderkey)", "Plans": [{"Node Type": "Sort", "Parent Relationship": "Outer", "Startup Cost": 10159345.62, "Total Cost": 10161254.46, "Plan Rows": 763534, "Plan Width": 58, "Sort Key": ["lineitem.l_orderkey"], "Plans": [{"Node Type": "Merge Join", "Parent Relationship": "Outer", "Join Type": "Inner", "Startup Cost": 9777128.51, "Total Cost": 10084739.44, "Plan Rows": 763534, "Plan Width": 58, "Inner Unique": false, "Merge Cond": "(supplier.s_suppkey = lineitem.l_suppkey)", "Plans": [{"Node Type": "Sort", "Parent Relationship": "Outer", "Startup Cost": 12214.41, "Total Cost": 12264.41, "Plan Rows": 20000, "Plan Width": 42, "Sort Key": ["supplier.s_suppkey"], "Plans": [{"Node Type": "Nested Loop", "Parent Relationship": "Outer", "Join Type": "Inner", "Startup Cost": 0.0, "Total Cost": 10785.64, "Plan Rows": 20000, "Plan Width": 42, "Inner Unique": false, "Join Filter": "(nation.n_nationkey = supplier.s_nationkey)", "Plans": [{"Node Type": "Seq Scan", "Parent Relationship": "Outer", "Relation Name": "supplier", "Alias": "supplier", "Startup Cost": 0.0, "Total Cost": 3283.0, "Plan Rows": 100000, "Plan Width": 12}, {"Node Type": "Materialize", "Parent Relationship": "Inner", "Startup Cost": 0.0, "Total Cost": 2.65, "Plan Rows": 5, "Plan Width": 30, "Plans": [{"Node Type": "Nested Loop", "Parent Relationship": "Outer", "Join Type": "Inner", "Startup Cost": 0.0, "Total Cost": 2.62, "Plan Rows": 5, "Plan Width": 30, "Inner Unique": false, "Join Filter": "(nation.n_regionkey = region.r_regionkey)", "Plans": [{"Node Type": "Seq Scan", "Parent Relationship": "Outer", "Relation Name": "region", "Alias": "region", "Startup Cost": 0.0, "Total Cost": 1.06, "Plan Rows": 1, "Plan Width": 4, "Filter": "(r_name = 'MIDDLE EAST'::bpchar)"}, {"Node Type": "Seq Scan", "Parent Relationship": "Inner", "Relation Name": "nation", "Alias": "nation", "Startup Cost": 0.0, "Total Cost": 1.25, "Plan Rows": 25, "Plan Width": 34}]}]}]}]}, {"Node Type": "Sort", "Parent Relationship": "Inner", "Startup Cost": 9764884.32, "Total Cost": 9914851.9, "Plan Rows": 59987033, "Plan Width": 32, "Sort Key": ["lineitem.l_suppkey"], "Plans": [{"Node Type": "Seq Scan", "Parent Relationship": "Outer", "Relation Name": "lineitem", "Alias": "lineitem", "Startup Cost": 0.0, "Total Cost": 2015115.33, "Plan Rows": 59987033, "Plan Width": 32}]}]}]}, {"Node Type": "Sort", "Parent Relationship": "Inner", "Startup Cost": 742384.39, "Total Cost": 748088.78, "Plan Rows": 2281758, "Plan Width": 16, "Sort Key": ["orders.o_orderkey"], "Plans": [{"Node Type": "Seq Scan", "Parent Relationship": "Outer", "Relation Name": "orders", "Alias": "orders", "Startup Cost": 442.55, "Total Cost": 501411.18, "Plan Rows": 2281758, "Plan Width": 16, "Filter": "((o_orderdate >= '1994-01-01 00:00:00'::timestamp(0) without time zone) AND (o_orderdate < '1995-01-01 00:00:00'::timestamp without time zone)), (LLVM Optimized)"}]}]}]}, {"Node Type": "Sort", "Parent Relationship": "Inner", "Startup Cost": 205999.98, "Total Cost": 209749.98, "Plan Rows": 1500000, "Plan Width": 12, "Sort Key": ["customer.c_custkey", "customer.c_nationkey"], "Plans": [{"Node Type": "Seq Scan", "Parent Relationship": "Outer", "Relation Name": "customer", "Alias": "customer", "Startup Cost": 0.0, "Total Cost": 52126.0, "Plan Rows": 1500000, "Plan Width": 12}]}]}]}]}, "Unique SQL Id": 1392561963}, "explain_analyze_plan": null}, "(1, 27)": {"explain_plan": {"Plan": {"Node Type": "Sort", "Startup Cost": 6006900701327.45, "Total Cost": 6006900701327.51, "Plan Rows": 25, "Plan Width": 42, "Sort Key": ["(sum((lineitem.l_extendedprice * (1::double precision - lineitem.l_discount)))) DESC"], "Plans": [{"Node Type": "Aggregate", "Strategy": "Hashed", "Parent Relationship": "Outer", "Startup Cost": 6006900701326.62, "Total Cost": 6006900701326.87, "Plan Rows": 25, "Plan Width": 42, "Group By Key": ["nation.n_name"], "Plans": [{"Node Type": "Merge Join", "Parent Relationship": "Outer", "Join Type": "Inner", "Startup Cost": 60036448550.05, "Total Cost": 6006900701232.72, "Plan Rows": 9390, "Plan Width": 42, "Inner Unique": true, "Merge Cond": "(supplier.s_nationkey = customer.c_nationkey)", "Join Filter": "(orders.o_custkey = customer.c_custkey)", "Plans": [{"Node Type": "Nested Loop", "Parent Relationship": "Outer", "Join Type": "Inner", "Startup Cost": 50036448550.05, "Total Cost": 5006604634115.96, "Plan Rows": 263699, "Plan Width": 58, "Inner Unique": false, "Join Filter": "(lineitem.l_suppkey = supplier.s_suppkey), (LLVM Optimized)", "Plans": [{"Node Type": "Nested Loop", "Parent Relationship": "Outer", "Join Type": "Inner", "Startup Cost": 30000000000.0, "Total Cost": 3000000543701.01, "Plan Rows": 20000, "Plan Width": 42, "Inner Unique": false, "Join Filter": "(nation.n_nationkey = supplier.s_nationkey)", "Plans": [{"Node Type": "Nested Loop", "Parent Relationship": "Outer", "Join Type": "Inner", "Startup Cost": 20000000000.0, "Total Cost": 2000000002496.63, "Plan Rows": 5, "Plan Width": 30, "Inner Unique": true, "Join Filter": "(nation.n_regionkey = region.r_regionkey)", "Plans": [{"Node Type": "Index Scan", "Parent Relationship": "Outer", "Scan Direction": "Forward", "Index Name": "nation_pkey", "Relation Name": "nation", "Alias": "nation", "Startup Cost": 10000000000.0, "Total Cost": 1000000001262.5, "Plan Rows": 25, "Plan Width": 34}, {"Node Type": "Materialize", "Parent Relationship": "Inner", "Startup Cost": 10000000000.0, "Total Cost": 1000000001233.76, "Plan Rows": 1, "Plan Width": 4, "Plans": [{"Node Type": "Index Scan", "Parent Relationship": "Outer", "Scan Direction": "Forward", "Index Name": "region_pkey", "Relation Name": "region", "Alias": "region", "Startup Cost": 10000000000.0, "Total Cost": 1000000001233.75, "Plan Rows": 1, "Plan Width": 4, "Filter": "(r_name = 'MIDDLE EAST'::bpchar)"}]}]}, {"Node Type": "Materialize", "Parent Relationship": "Inner", "Startup Cost": 10000000000.0, "Total Cost": 1000000533954.38, "Plan Rows": 100000, "Plan Width": 12, "Plans": [{"Node Type": "Index Scan", "Parent Relationship": "Outer", "Scan Direction": "Forward", "Index Name": "supplier_pkey", "Relation Name": "supplier", "Alias": "supplier", "Startup Cost": 10000000000.0, "Total Cost": 1000000533454.38, "Plan Rows": 100000, "Plan Width": 12}]}]}, {"Node Type": "Materialize", "Parent Relationship": "Inner", "Startup Cost": 20036448550.05, "Total Cost": 2000388917108.5, "Plan Rows": 20717417, "Plan Width": 32, "Plans": [{"Node Type": "Merge Join", "Parent Relationship": "Outer", "Join Type": "Inner", "Startup Cost": 20036448550.05, "Total Cost": 2000388813521.41, "Plan Rows": 20717417, "Plan Width": 32, "Inner Unique": false, "Merge Cond": "(orders.o_orderkey = lineitem.l_orderkey)", "Plans": [{"Node Type": "Index Scan", "Parent Relationship": "Outer", "Scan Direction": "Forward", "Index Name": "orders_pkey", "Relation Name": "orders", "Alias": "orders", "Startup Cost": 10000000000.0, "Total Cost": 1000080597583.0, "Plan Rows": 2281758, "Plan Width": 16, "Filter": "((o_orderdate >= '1994-01-01 00:00:00'::timestamp(0) without time zone) AND (o_orderdate < '1995-01-01 00:00:00'::timestamp without time zone)), (LLVM Optimized)"}, {"Node Type": "Index Scan", "Parent Relationship": "Inner", "Scan Direction": "Forward", "Index Name": "idx_lineitem_orderkey", "Relation Name": "lineitem", "Alias": "lineitem", "Startup Cost": 10000000000.0, "Total Cost": 1000324015374.5, "Plan Rows": 59987033, "Plan Width": 32}]}]}]}, {"Node Type": "Materialize", "Parent Relationship": "Inner", "Startup Cost": 10000000000.0, "Total Cost": 1000019203896.25, "Plan Rows": 1500000, "Plan Width": 12, "Plans": [{"Node Type": "Index Scan", "Parent Relationship": "Outer", "Scan Direction": "Forward", "Index Name": "idx_customer_nationkey", "Relation Name": "customer", "Alias": "customer", "Startup Cost": 10000000000.0, "Total Cost": 1000019200146.25, "Plan Rows": 1500000, "Plan Width": 12}]}]}]}]}, "Unique SQL Id": 1392561963}, "explain_analyze_plan": null}, "(1, 28)": {"explain_plan": {"Plan": {"Node Type": "Sort", "Startup Cost": 2121854.13, "Total Cost": 2121854.2, "Plan Rows": 25, "Plan Width": 42, "Sort Key": ["(sum((lineitem.l_extendedprice * (1::double precision - lineitem.l_discount)))) DESC"], "Plans": [{"Node Type": "Aggregate", "Strategy": "Hashed", "Parent Relationship": "Outer", "Startup Cost": 2121853.3, "Total Cost": 2121853.55, "Plan Rows": 25, "Plan Width": 42, "Group By Key": ["nation.n_name"], "Plans": [{"Node Type": "Merge Join", "Parent Relationship": "Outer", "Join Type": "Inner", "Startup Cost": 2094799.14, "Total Cost": 2121759.4, "Plan Rows": 9390, "Plan Width": 42, "Inner Unique": false, "Merge Cond": "(supplier.s_suppkey = lineitem.l_suppkey)", "Join Filter": "(customer.c_nationkey = supplier.s_nationkey)", "Plans": [{"Node Type": "Index Scan", "Parent Relationship": "Outer", "Scan Direction": "Forward", "Index Name": "supplier_pkey", "Relation Name": "supplier", "Alias": "supplier", "Startup Cost": 0.0, "Total Cost": 5334.54, "Plan Rows": 100000, "Plan Width": 12}, {"Node Type": "Sort", "Parent Relationship": "Inner", "Startup Cost": 2094797.31, "Total Cost": 2104019.68, "Plan Rows": 3688948, "Plan Width": 58, "Sort Key": ["lineitem.l_suppkey"], "Plans": [{"Node Type": "Nested Loop", "Parent Relationship": "Outer", "Join Type": "Inner", "Startup Cost": 0.0, "Total Cost": 1692429.4, "Plan Rows": 3688948, "Plan Width": 58, "Inner Unique": false, "Plans": [{"Node Type": "Nested Loop", "Parent Relationship": "Outer", "Join Type": "Inner", "Startup Cost": 0.0, "Total Cost": 416634.99, "Plan Rows": 406290, "Plan Width": 42, "Inner Unique": false, "Plans": [{"Node Type": "Nested Loop", "Parent Relationship": "Outer", "Join Type": "Inner", "Startup Cost": 0.0, "Total Cost": 41526.19, "Plan Rows": 300000, "Plan Width": 42, "Inner Unique": false, "Plans": [{"Node Type": "Nested Loop", "Parent Relationship": "Outer", "Join Type": "Inner", "Startup Cost": 0.0, "Total Cost": 14.06, "Plan Rows": 5, "Plan Width": 30, "Inner Unique": true, "Join Filter": "(nation.n_regionkey = region.r_regionkey)", "Plans": [{"Node Type": "Index Scan", "Parent Relationship": "Outer", "Scan Direction": "Forward", "Index Name": "nation_pkey", "Relation Name": "nation", "Alias": "nation", "Startup Cost": 0.0, "Total Cost": 12.62, "Plan Rows": 25, "Plan Width": 34}, {"Node Type": "Materialize", "Parent Relationship": "Inner", "Startup Cost": 0.0, "Total Cost": 1.07, "Plan Rows": 1, "Plan Width": 4, "Plans": [{"Node Type": "Seq Scan", "Parent Relationship": "Outer", "Relation Name": "region", "Alias": "region", "Startup Cost": 0.0, "Total Cost": 1.06, "Plan Rows": 1, "Plan Width": 4, "Filter": "(r_name = 'MIDDLE EAST'::bpchar)"}]}]}, {"Node Type": "Index Scan", "Parent Relationship": "Inner", "Scan Direction": "Forward", "Index Name": "idx_customer_nationkey", "Relation Name": "customer", "Alias": "customer", "Startup Cost": 0.0, "Total Cost": 7702.43, "Plan Rows": 60000, "Plan Width": 12, "Index Cond": "(c_nationkey = nation.n_nationkey)"}]}, {"Node Type": "Index Scan", "Parent Relationship": "Inner", "Scan Direction": "Forward", "Index Name": "idx_orders_custkey", "Relation Name": "orders", "Alias": "orders", "Startup Cost": 0.0, "Total Cost": 1.24, "Plan Rows": 1, "Plan Width": 16, "Index Cond": "(o_custkey = customer.c_custkey)", "Filter": "((o_orderdate >= '1994-01-01 00:00:00'::timestamp(0) without time zone) AND (o_orderdate < '1995-01-01 00:00:00'::timestamp without time zone))"}]}, {"Node Type": "Index Scan", "Parent Relationship": "Inner", "Scan Direction": "Forward", "Index Name": "idx_lineitem_orderkey", "Relation Name": "lineitem", "Alias": "lineitem", "Startup Cost": 0.0, "Total Cost": 3.05, "Plan Rows": 9, "Plan Width": 32, "Index Cond": "(l_orderkey = orders.o_orderkey)"}]}]}]}]}]}, "Unique SQL Id": 1392561963}, "explain_analyze_plan": {"Plan": {"Node Type": "Sort", "Startup Cost": 2121854.13, "Total Cost": 2121854.2, "Plan Rows": 25, "Plan Width": 42, "Actual Startup Time": 17392.568, "Actual Total Time": 17392.568, "Actual Rows": 5, "Actual Loops": 1, "Sort Key": ["(sum((lineitem.l_extendedprice * (1::double precision - lineitem.l_discount)))) DESC"], "Sort Method": "quicksort", "Sort Space Used": 25, "Sort Space Type": "Memory", "Plans": [{"Node Type": "Aggregate", "Strategy": "Hashed", "Parent Relationship": "Outer", "Startup Cost": 2121853.3, "Total Cost": 2121853.55, "Plan Rows": 25, "Plan Width": 42, "Actual Startup Time": 17392.535, "Actual Total Time": 17392.537, "Actual Rows": 5, "Actual Loops": 1, "Group By Key": ["nation.n_name"], "Plans": [{"Node Type": "Merge Join", "Parent Relationship": "Outer", "Join Type": "Inner", "Startup Cost": 2094799.14, "Total Cost": 2121759.4, "Plan Rows": 9390, "Plan Width": 42, "Actual Startup Time": 16244.233, "Actual Total Time": 17342.926, "Actual Rows": 72985, "Actual Loops": 1, "Inner Unique": false, "Merge Cond": "(supplier.s_suppkey = lineitem.l_suppkey)", "Join Filter": "(customer.c_nationkey = supplier.s_nationkey)", "Rows Removed by Join Filter": 0, "Plans": [{"Node Type": "Index Scan", "Parent Relationship": "Outer", "Scan Direction": "Forward", "Index Name": "supplier_pkey", "Relation Name": "supplier", "Alias": "supplier", "Startup Cost": 0.0, "Total Cost": 5334.54, "Plan Rows": 100000, "Plan Width": 12, "Actual Startup Time": 0.026, "Actual Total Time": 71.394, "Actual Rows": 100000, "Actual Loops": 1}, {"Node Type": "Sort", "Parent Relationship": "Inner", "Startup Cost": 2094797.31, "Total Cost": 2104019.68, "Plan Rows": 3688948, "Plan Width": 58, "Actual Startup Time": 16244.063, "Actual Total Time": 16734.437, "Actual Rows": 1815222, "Actual Loops": 1, "Sort Key": ["lineitem.l_suppkey"], "Sort Method": "quicksort", "Sort Space Used": 332781, "Sort Space Type": "Memory", "Plans": [{"Node Type": "Nested Loop", "Parent Relationship": "Outer", "Join Type": "Inner", "Startup Cost": 0.0, "Total Cost": 1692429.4, "Plan Rows": 3688948, "Plan Width": 58, "Actual Startup Time": 0.141, "Actual Total Time": 15405.199, "Actual Rows": 1815222, "Actual Loops": 1, "Inner Unique": false, "Plans": [{"Node Type": "Nested Loop", "Parent Relationship": "Outer", "Join Type": "Inner", "Startup Cost": 0.0, "Total Cost": 416634.99, "Plan Rows": 406290, "Plan Width": 42, "Actual Startup Time": 0.124, "Actual Total Time": 9522.661, "Actual Rows": 454183, "Actual Loops": 1, "Inner Unique": false, "Plans": [{"Node Type": "Nested Loop", "Parent Relationship": "Outer", "Join Type": "Inner", "Startup Cost": 0.0, "Total Cost": 41526.19, "Plan Rows": 300000, "Plan Width": 42, "Actual Startup Time": 0.07, "Actual Total Time": 524.302, "Actual Rows": 299838, "Actual Loops": 1, "Inner Unique": false, "Plans": [{"Node Type": "Nested Loop", "Parent Relationship": "Outer", "Join Type": "Inner", "Startup Cost": 0.0, "Total Cost": 14.06, "Plan Rows": 5, "Plan Width": 30, "Actual Startup Time": 0.038, "Actual Total Time": 0.124, "Actual Rows": 5, "Actual Loops": 1, "Inner Unique": true, "Join Filter": "(nation.n_regionkey = region.r_regionkey)", "Rows Removed by Join Filter": 20, "Plans": [{"Node Type": "Index Scan", "Parent Relationship": "Outer", "Scan Direction": "Forward", "Index Name": "nation_pkey", "Relation Name": "nation", "Alias": "nation", "Startup Cost": 0.0, "Total Cost": 12.62, "Plan Rows": 25, "Plan Width": 34, "Actual Startup Time": 0.003, "Actual Total Time": 0.033, "Actual Rows": 25, "Actual Loops": 1}, {"Node Type": "Materialize", "Parent Relationship": "Inner", "Startup Cost": 0.0, "Total Cost": 1.07, "Plan Rows": 1, "Plan Width": 4, "Actual Startup Time": 0.033, "Actual Total Time": 0.039, "Actual Rows": 25, "Actual Loops": 25, "Plans": [{"Node Type": "Seq Scan", "Parent Relationship": "Outer", "Relation Name": "region", "Alias": "region", "Startup Cost": 0.0, "Total Cost": 1.06, "Plan Rows": 1, "Plan Width": 4, "Actual Startup Time": 0.017, "Actual Total Time": 0.019, "Actual Rows": 1, "Actual Loops": 1, "Filter": "(r_name = 'MIDDLE EAST'::bpchar)", "Rows Removed by Filter": 4}]}]}, {"Node Type": "Index Scan", "Parent Relationship": "Inner", "Scan Direction": "Forward", "Index Name": "idx_customer_nationkey", "Relation Name": "customer", "Alias": "customer", "Startup Cost": 0.0, "Total Cost": 7702.43, "Plan Rows": 60000, "Plan Width": 12, "Actual Startup Time": 0.148, "Actual Total Time": 440.382, "Actual Rows": 299838, "Actual Loops": 5, "Index Cond": "(c_nationkey = nation.n_nationkey)", "Rows Removed by Index Recheck": 0}]}, {"Node Type": "Index Scan", "Parent Relationship": "Inner", "Scan Direction": "Forward", "Index Name": "idx_orders_custkey", "Relation Name": "orders", "Alias": "orders", "Startup Cost": 0.0, "Total Cost": 1.24, "Plan Rows": 1, "Plan Width": 16, "Actual Startup Time": 4127.471, "Actual Total Time": 8732.592, "Actual Rows": 454183, "Actual Loops": 299838, "Index Cond": "(o_custkey = customer.c_custkey)", "Rows Removed by Index Recheck": 0, "Filter": "((o_orderdate >= '1994-01-01 00:00:00'::timestamp(0) without time zone) AND (o_orderdate < '1995-01-01 00:00:00'::timestamp without time zone))", "Rows Removed by Filter": 2542535}]}, {"Node Type": "Index Scan", "Parent Relationship": "Inner", "Scan Direction": "Forward", "Index Name": "idx_lineitem_orderkey", "Relation Name": "lineitem", "Alias": "lineitem", "Startup Cost": 0.0, "Total Cost": 3.05, "Plan Rows": 9, "Plan Width": 32, "Actual Startup Time": 4273.99, "Actual Total Time": 5241.201, "Actual Rows": 1815222, "Actual Loops": 454183, "Index Cond": "(l_orderkey = orders.o_orderkey)", "Rows Removed by Index Recheck": 0}]}]}]}]}]}, "Triggers": [], "Planner Runtime": 5.428, "Total Runtime": 17392.878, "Unique SQL Id": 1392561963}}, "(1, 29)": {"explain_plan": {"Plan": {"Node Type": "Sort", "Startup Cost": 2121865.46, "Total Cost": 2121865.52, "Plan Rows": 25, "Plan Width": 42, "Sort Key": ["(sum((lineitem.l_extendedprice * (1::double precision - lineitem.l_discount)))) DESC"], "Plans": [{"Node Type": "Aggregate", "Strategy": "Hashed", "Parent Relationship": "Outer", "Startup Cost": 2121864.63, "Total Cost": 2121864.88, "Plan Rows": 25, "Plan Width": 42, "Group By Key": ["nation.n_name"], "Plans": [{"Node Type": "Merge Join", "Parent Relationship": "Outer", "Join Type": "Inner", "Startup Cost": 2094810.42, "Total Cost": 2121770.73, "Plan Rows": 9390, "Plan Width": 42, "Inner Unique": false, "Merge Cond": "(supplier.s_suppkey = lineitem.l_suppkey)", "Join Filter": "(customer.c_nationkey = supplier.s_nationkey)", "Plans": [{"Node Type": "Index Scan", "Parent Relationship": "Outer", "Scan Direction": "Forward", "Index Name": "supplier_pkey", "Relation Name": "supplier", "Alias": "supplier", "Startup Cost": 0.0, "Total Cost": 5334.54, "Plan Rows": 100000, "Plan Width": 12}, {"Node Type": "Sort", "Parent Relationship": "Inner", "Startup Cost": 2094808.59, "Total Cost": 2104030.96, "Plan Rows": 3688948, "Plan Width": 58, "Sort Key": ["lineitem.l_suppkey"], "Plans": [{"Node Type": "Nested Loop", "Parent Relationship": "Outer", "Join Type": "Inner", "Startup Cost": 0.0, "Total Cost": 1692440.68, "Plan Rows": 3688948, "Plan Width": 58, "Inner Unique": false, "Plans": [{"Node Type": "Nested Loop", "Parent Relationship": "Outer", "Join Type": "Inner", "Startup Cost": 0.0, "Total Cost": 416646.27, "Plan Rows": 406290, "Plan Width": 42, "Inner Unique": false, "Plans": [{"Node Type": "Nested Loop", "Parent Relationship": "Outer", "Join Type": "Inner", "Startup Cost": 0.0, "Total Cost": 41537.47, "Plan Rows": 300000, "Plan Width": 42, "Inner Unique": false, "Plans": [{"Node Type": "Nested Loop", "Parent Relationship": "Outer", "Join Type": "Inner", "Startup Cost": 0.0, "Total Cost": 25.34, "Plan Rows": 5, "Plan Width": 30, "Inner Unique": true, "Join Filter": "(nation.n_regionkey = region.r_regionkey)", "Plans": [{"Node Type": "Index Scan", "Parent Relationship": "Outer", "Scan Direction": "Forward", "Index Name": "nation_pkey", "Relation Name": "nation", "Alias": "nation", "Startup Cost": 0.0, "Total Cost": 12.62, "Plan Rows": 25, "Plan Width": 34}, {"Node Type": "Materialize", "Parent Relationship": "Inner", "Startup Cost": 0.0, "Total Cost": 12.34, "Plan Rows": 1, "Plan Width": 4, "Plans": [{"Node Type": "Index Scan", "Parent Relationship": "Outer", "Scan Direction": "Forward", "Index Name": "region_pkey", "Relation Name": "region", "Alias": "region", "Startup Cost": 0.0, "Total Cost": 12.34, "Plan Rows": 1, "Plan Width": 4, "Filter": "(r_name = 'MIDDLE EAST'::bpchar)"}]}]}, {"Node Type": "Index Scan", "Parent Relationship": "Inner", "Scan Direction": "Forward", "Index Name": "idx_customer_nationkey", "Relation Name": "customer", "Alias": "customer", "Startup Cost": 0.0, "Total Cost": 7702.43, "Plan Rows": 60000, "Plan Width": 12, "Index Cond": "(c_nationkey = nation.n_nationkey)"}]}, {"Node Type": "Index Scan", "Parent Relationship": "Inner", "Scan Direction": "Forward", "Index Name": "idx_orders_custkey", "Relation Name": "orders", "Alias": "orders", "Startup Cost": 0.0, "Total Cost": 1.24, "Plan Rows": 1, "Plan Width": 16, "Index Cond": "(o_custkey = customer.c_custkey)", "Filter": "((o_orderdate >= '1994-01-01 00:00:00'::timestamp(0) without time zone) AND (o_orderdate < '1995-01-01 00:00:00'::timestamp without time zone))"}]}, {"Node Type": "Index Scan", "Parent Relationship": "Inner", "Scan Direction": "Forward", "Index Name": "idx_lineitem_orderkey", "Relation Name": "lineitem", "Alias": "lineitem", "Startup Cost": 0.0, "Total Cost": 3.05, "Plan Rows": 9, "Plan Width": 32, "Index Cond": "(l_orderkey = orders.o_orderkey)"}]}]}]}]}]}, "Unique SQL Id": 1392561963}, "explain_analyze_plan": {"Plan": {"Node Type": "Sort", "Startup Cost": 2121865.46, "Total Cost": 2121865.52, "Plan Rows": 25, "Plan Width": 42, "Actual Startup Time": 17329.511, "Actual Total Time": 17329.511, "Actual Rows": 5, "Actual Loops": 1, "Sort Key": ["(sum((lineitem.l_extendedprice * (1::double precision - lineitem.l_discount)))) DESC"], "Sort Method": "quicksort", "Sort Space Used": 25, "Sort Space Type": "Memory", "Plans": [{"Node Type": "Aggregate", "Strategy": "Hashed", "Parent Relationship": "Outer", "Startup Cost": 2121864.63, "Total Cost": 2121864.88, "Plan Rows": 25, "Plan Width": 42, "Actual Startup Time": 17329.488, "Actual Total Time": 17329.489, "Actual Rows": 5, "Actual Loops": 1, "Group By Key": ["nation.n_name"], "Plans": [{"Node Type": "Merge Join", "Parent Relationship": "Outer", "Join Type": "Inner", "Startup Cost": 2094810.42, "Total Cost": 2121770.73, "Plan Rows": 9390, "Plan Width": 42, "Actual Startup Time": 16205.186, "Actual Total Time": 17279.619, "Actual Rows": 72985, "Actual Loops": 1, "Inner Unique": false, "Merge Cond": "(supplier.s_suppkey = lineitem.l_suppkey)", "Join Filter": "(customer.c_nationkey = supplier.s_nationkey)", "Rows Removed by Join Filter": 0, "Plans": [{"Node Type": "Index Scan", "Parent Relationship": "Outer", "Scan Direction": "Forward", "Index Name": "supplier_pkey", "Relation Name": "supplier", "Alias": "supplier", "Startup Cost": 0.0, "Total Cost": 5334.54, "Plan Rows": 100000, "Plan Width": 12, "Actual Startup Time": 0.026, "Actual Total Time": 77.984, "Actual Rows": 100000, "Actual Loops": 1}, {"Node Type": "Sort", "Parent Relationship": "Inner", "Startup Cost": 2094808.59, "Total Cost": 2104030.96, "Plan Rows": 3688948, "Plan Width": 58, "Actual Startup Time": 16204.511, "Actual Total Time": 16660.849, "Actual Rows": 1815222, "Actual Loops": 1, "Sort Key": ["lineitem.l_suppkey"], "Sort Method": "quicksort", "Sort Space Used": 332781, "Sort Space Type": "Memory", "Plans": [{"Node Type": "Nested Loop", "Parent Relationship": "Outer", "Join Type": "Inner", "Startup Cost": 0.0, "Total Cost": 1692440.68, "Plan Rows": 3688948, "Plan Width": 58, "Actual Startup Time": 0.132, "Actual Total Time": 15367.59, "Actual Rows": 1815222, "Actual Loops": 1, "Inner Unique": false, "Plans": [{"Node Type": "Nested Loop", "Parent Relationship": "Outer", "Join Type": "Inner", "Startup Cost": 0.0, "Total Cost": 416646.27, "Plan Rows": 406290, "Plan Width": 42, "Actual Startup Time": 0.116, "Actual Total Time": 9486.697, "Actual Rows": 454183, "Actual Loops": 1, "Inner Unique": false, "Plans": [{"Node Type": "Nested Loop", "Parent Relationship": "Outer", "Join Type": "Inner", "Startup Cost": 0.0, "Total Cost": 41537.47, "Plan Rows": 300000, "Plan Width": 42, "Actual Startup Time": 0.065, "Actual Total Time": 523.98, "Actual Rows": 299838, "Actual Loops": 1, "Inner Unique": false, "Plans": [{"Node Type": "Nested Loop", "Parent Relationship": "Outer", "Join Type": "Inner", "Startup Cost": 0.0, "Total Cost": 25.34, "Plan Rows": 5, "Plan Width": 30, "Actual Startup Time": 0.031, "Actual Total Time": 0.11, "Actual Rows": 5, "Actual Loops": 1, "Inner Unique": true, "Join Filter": "(nation.n_regionkey = region.r_regionkey)", "Rows Removed by Join Filter": 20, "Plans": [{"Node Type": "Index Scan", "Parent Relationship": "Outer", "Scan Direction": "Forward", "Index Name": "nation_pkey", "Relation Name": "nation", "Alias": "nation", "Startup Cost": 0.0, "Total Cost": 12.62, "Plan Rows": 25, "Plan Width": 34, "Actual Startup Time": 0.004, "Actual Total Time": 0.029, "Actual Rows": 25, "Actual Loops": 1}, {"Node Type": "Materialize", "Parent Relationship": "Inner", "Startup Cost": 0.0, "Total Cost": 12.34, "Plan Rows": 1, "Plan Width": 4, "Actual Startup Time": 0.026, "Actual Total Time": 0.03, "Actual Rows": 25, "Actual Loops": 25, "Plans": [{"Node Type": "Index Scan", "Parent Relationship": "Outer", "Scan Direction": "Forward", "Index Name": "region_pkey", "Relation Name": "region", "Alias": "region", "Startup Cost": 0.0, "Total Cost": 12.34, "Plan Rows": 1, "Plan Width": 4, "Actual Startup Time": 0.011, "Actual Total Time": 0.013, "Actual Rows": 1, "Actual Loops": 1, "Filter": "(r_name = 'MIDDLE EAST'::bpchar)", "Rows Removed by Filter": 4}]}]}, {"Node Type": "Index Scan", "Parent Relationship": "Inner", "Scan Direction": "Forward", "Index Name": "idx_customer_nationkey", "Relation Name": "customer", "Alias": "customer", "Startup Cost": 0.0, "Total Cost": 7702.43, "Plan Rows": 60000, "Plan Width": 12, "Actual Startup Time": 0.151, "Actual Total Time": 441.945, "Actual Rows": 299838, "Actual Loops": 5, "Index Cond": "(c_nationkey = nation.n_nationkey)", "Rows Removed by Index Recheck": 0}]}, {"Node Type": "Index Scan", "Parent Relationship": "Inner", "Scan Direction": "Forward", "Index Name": "idx_orders_custkey", "Relation Name": "orders", "Alias": "orders", "Startup Cost": 0.0, "Total Cost": 1.24, "Plan Rows": 1, "Plan Width": 16, "Actual Startup Time": 4105.331, "Actual Total Time": 8692.643, "Actual Rows": 454183, "Actual Loops": 299838, "Index Cond": "(o_custkey = customer.c_custkey)", "Rows Removed by Index Recheck": 0, "Filter": "((o_orderdate >= '1994-01-01 00:00:00'::timestamp(0) without time zone) AND (o_orderdate < '1995-01-01 00:00:00'::timestamp without time zone))", "Rows Removed by Filter": 2542535}]}, {"Node Type": "Index Scan", "Parent Relationship": "Inner", "Scan Direction": "Forward", "Index Name": "idx_lineitem_orderkey", "Relation Name": "lineitem", "Alias": "lineitem", "Startup Cost": 0.0, "Total Cost": 3.05, "Plan Rows": 9, "Plan Width": 32, "Actual Startup Time": 4273.891, "Actual Total Time": 5235.05, "Actual Rows": 1815222, "Actual Loops": 454183, "Index Cond": "(l_orderkey = orders.o_orderkey)", "Rows Removed by Index Recheck": 0}]}]}]}]}]}, "Triggers": [], "Planner Runtime": 5.39, "Total Runtime": 17329.845, "Unique SQL Id": 1392561963}}, "(1, 30)": {"explain_plan": {"Plan": {"Node Type": "Sort", "Startup Cost": 11168359.24, "Total Cost": 11168359.3, "Plan Rows": 25, "Plan Width": 42, "Sort Key": ["(sum((lineitem.l_extendedprice * (1::double precision - lineitem.l_discount)))) DESC"], "Plans": [{"Node Type": "Aggregate", "Strategy": "Hashed", "Parent Relationship": "Outer", "Startup Cost": 11168358.41, "Total Cost": 11168358.66, "Plan Rows": 25, "Plan Width": 42, "Group By Key": ["nation.n_name"], "Plans": [{"Node Type": "Merge Join", "Parent Relationship": "Outer", "Join Type": "Inner", "Startup Cost": 11154931.67, "Total Cost": 11168264.51, "Plan Rows": 9390, "Plan Width": 42, "Inner Unique": true, "Merge Cond": "((orders.o_custkey = customer.c_custkey) AND (supplier.s_nationkey = customer.c_nationkey))", "Plans": [{"Node Type": "Sort", "Parent Relationship": "Outer", "Startup Cost": 10948931.38, "Total Cost": 10949590.63, "Plan Rows": 263699, "Plan Width": 58, "Sort Key": ["orders.o_custkey", "supplier.s_nationkey"], "Plans": [{"Node Type": "Merge Join", "Parent Relationship": "Outer", "Join Type": "Inner", "Startup Cost": 10901730.43, "Total Cost": 10925187.22, "Plan Rows": 263699, "Plan Width": 58, "Inner Unique": true, "Merge Cond": "(lineitem.l_orderkey = orders.o_orderkey)", "Plans": [{"Node Type": "Sort", "Parent Relationship": "Outer", "Startup Cost": 10159345.62, "Total Cost": 10161254.46, "Plan Rows": 763534, "Plan Width": 58, "Sort Key": ["lineitem.l_orderkey"], "Plans": [{"Node Type": "Merge Join", "Parent Relationship": "Outer", "Join Type": "Inner", "Startup Cost": 9777128.51, "Total Cost": 10084739.44, "Plan Rows": 763534, "Plan Width": 58, "Inner Unique": false, "Merge Cond": "(supplier.s_suppkey = lineitem.l_suppkey)", "Plans": [{"Node Type": "Sort", "Parent Relationship": "Outer", "Startup Cost": 12214.41, "Total Cost": 12264.41, "Plan Rows": 20000, "Plan Width": 42, "Sort Key": ["supplier.s_suppkey"], "Plans": [{"Node Type": "Nested Loop", "Parent Relationship": "Outer", "Join Type": "Inner", "Startup Cost": 0.0, "Total Cost": 10785.64, "Plan Rows": 20000, "Plan Width": 42, "Inner Unique": false, "Join Filter": "(nation.n_nationkey = supplier.s_nationkey)", "Plans": [{"Node Type": "Seq Scan", "Parent Relationship": "Outer", "Relation Name": "supplier", "Alias": "supplier", "Startup Cost": 0.0, "Total Cost": 3283.0, "Plan Rows": 100000, "Plan Width": 12}, {"Node Type": "Materialize", "Parent Relationship": "Inner", "Startup Cost": 0.0, "Total Cost": 2.65, "Plan Rows": 5, "Plan Width": 30, "Plans": [{"Node Type": "Nested Loop", "Parent Relationship": "Outer", "Join Type": "Inner", "Startup Cost": 0.0, "Total Cost": 2.62, "Plan Rows": 5, "Plan Width": 30, "Inner Unique": false, "Join Filter": "(nation.n_regionkey = region.r_regionkey)", "Plans": [{"Node Type": "Seq Scan", "Parent Relationship": "Outer", "Relation Name": "region", "Alias": "region", "Startup Cost": 0.0, "Total Cost": 1.06, "Plan Rows": 1, "Plan Width": 4, "Filter": "(r_name = 'MIDDLE EAST'::bpchar)"}, {"Node Type": "Seq Scan", "Parent Relationship": "Inner", "Relation Name": "nation", "Alias": "nation", "Startup Cost": 0.0, "Total Cost": 1.25, "Plan Rows": 25, "Plan Width": 34}]}]}]}]}, {"Node Type": "Sort", "Parent Relationship": "Inner", "Startup Cost": 9764884.32, "Total Cost": 9914851.9, "Plan Rows": 59987033, "Plan Width": 32, "Sort Key": ["lineitem.l_suppkey"], "Plans": [{"Node Type": "Seq Scan", "Parent Relationship": "Outer", "Relation Name": "lineitem", "Alias": "lineitem", "Startup Cost": 0.0, "Total Cost": 2015115.33, "Plan Rows": 59987033, "Plan Width": 32}]}]}]}, {"Node Type": "Sort", "Parent Relationship": "Inner", "Startup Cost": 742384.39, "Total Cost": 748088.78, "Plan Rows": 2281758, "Plan Width": 16, "Sort Key": ["orders.o_orderkey"], "Plans": [{"Node Type": "Seq Scan", "Parent Relationship": "Outer", "Relation Name": "orders", "Alias": "orders", "Startup Cost": 442.55, "Total Cost": 501411.18, "Plan Rows": 2281758, "Plan Width": 16, "Filter": "((o_orderdate >= '1994-01-01 00:00:00'::timestamp(0) without time zone) AND (o_orderdate < '1995-01-01 00:00:00'::timestamp without time zone)), (LLVM Optimized)"}]}]}]}, {"Node Type": "Sort", "Parent Relationship": "Inner", "Startup Cost": 205999.98, "Total Cost": 209749.98, "Plan Rows": 1500000, "Plan Width": 12, "Sort Key": ["customer.c_custkey", "customer.c_nationkey"], "Plans": [{"Node Type": "Seq Scan", "Parent Relationship": "Outer", "Relation Name": "customer", "Alias": "customer", "Startup Cost": 0.0, "Total Cost": 52126.0, "Plan Rows": 1500000, "Plan Width": 12}]}]}]}]}, "Unique SQL Id": 1392561963}, "explain_analyze_plan": null}, "(1, 31)": {"explain_plan": {"Plan": {"Node Type": "Sort", "Startup Cost": 6006900701327.45, "Total Cost": 6006900701327.51, "Plan Rows": 25, "Plan Width": 42, "Sort Key": ["(sum((lineitem.l_extendedprice * (1::double precision - lineitem.l_discount)))) DESC"], "Plans": [{"Node Type": "Aggregate", "Strategy": "Hashed", "Parent Relationship": "Outer", "Startup Cost": 6006900701326.62, "Total Cost": 6006900701326.87, "Plan Rows": 25, "Plan Width": 42, "Group By Key": ["nation.n_name"], "Plans": [{"Node Type": "Merge Join", "Parent Relationship": "Outer", "Join Type": "Inner", "Startup Cost": 60036448550.05, "Total Cost": 6006900701232.72, "Plan Rows": 9390, "Plan Width": 42, "Inner Unique": true, "Merge Cond": "(supplier.s_nationkey = customer.c_nationkey)", "Join Filter": "(orders.o_custkey = customer.c_custkey)", "Plans": [{"Node Type": "Nested Loop", "Parent Relationship": "Outer", "Join Type": "Inner", "Startup Cost": 50036448550.05, "Total Cost": 5006604634115.96, "Plan Rows": 263699, "Plan Width": 58, "Inner Unique": false, "Join Filter": "(lineitem.l_suppkey = supplier.s_suppkey), (LLVM Optimized)", "Plans": [{"Node Type": "Nested Loop", "Parent Relationship": "Outer", "Join Type": "Inner", "Startup Cost": 30000000000.0, "Total Cost": 3000000543701.01, "Plan Rows": 20000, "Plan Width": 42, "Inner Unique": false, "Join Filter": "(nation.n_nationkey = supplier.s_nationkey)", "Plans": [{"Node Type": "Nested Loop", "Parent Relationship": "Outer", "Join Type": "Inner", "Startup Cost": 20000000000.0, "Total Cost": 2000000002496.63, "Plan Rows": 5, "Plan Width": 30, "Inner Unique": true, "Join Filter": "(nation.n_regionkey = region.r_regionkey)", "Plans": [{"Node Type": "Index Scan", "Parent Relationship": "Outer", "Scan Direction": "Forward", "Index Name": "nation_pkey", "Relation Name": "nation", "Alias": "nation", "Startup Cost": 10000000000.0, "Total Cost": 1000000001262.5, "Plan Rows": 25, "Plan Width": 34}, {"Node Type": "Materialize", "Parent Relationship": "Inner", "Startup Cost": 10000000000.0, "Total Cost": 1000000001233.76, "Plan Rows": 1, "Plan Width": 4, "Plans": [{"Node Type": "Index Scan", "Parent Relationship": "Outer", "Scan Direction": "Forward", "Index Name": "region_pkey", "Relation Name": "region", "Alias": "region", "Startup Cost": 10000000000.0, "Total Cost": 1000000001233.75, "Plan Rows": 1, "Plan Width": 4, "Filter": "(r_name = 'MIDDLE EAST'::bpchar)"}]}]}, {"Node Type": "Materialize", "Parent Relationship": "Inner", "Startup Cost": 10000000000.0, "Total Cost": 1000000533954.38, "Plan Rows": 100000, "Plan Width": 12, "Plans": [{"Node Type": "Index Scan", "Parent Relationship": "Outer", "Scan Direction": "Forward", "Index Name": "supplier_pkey", "Relation Name": "supplier", "Alias": "supplier", "Startup Cost": 10000000000.0, "Total Cost": 1000000533454.38, "Plan Rows": 100000, "Plan Width": 12}]}]}, {"Node Type": "Materialize", "Parent Relationship": "Inner", "Startup Cost": 20036448550.05, "Total Cost": 2000388917108.5, "Plan Rows": 20717417, "Plan Width": 32, "Plans": [{"Node Type": "Merge Join", "Parent Relationship": "Outer", "Join Type": "Inner", "Startup Cost": 20036448550.05, "Total Cost": 2000388813521.41, "Plan Rows": 20717417, "Plan Width": 32, "Inner Unique": false, "Merge Cond": "(orders.o_orderkey = lineitem.l_orderkey)", "Plans": [{"Node Type": "Index Scan", "Parent Relationship": "Outer", "Scan Direction": "Forward", "Index Name": "orders_pkey", "Relation Name": "orders", "Alias": "orders", "Startup Cost": 10000000000.0, "Total Cost": 1000080597583.0, "Plan Rows": 2281758, "Plan Width": 16, "Filter": "((o_orderdate >= '1994-01-01 00:00:00'::timestamp(0) without time zone) AND (o_orderdate < '1995-01-01 00:00:00'::timestamp without time zone)), (LLVM Optimized)"}, {"Node Type": "Index Scan", "Parent Relationship": "Inner", "Scan Direction": "Forward", "Index Name": "idx_lineitem_orderkey", "Relation Name": "lineitem", "Alias": "lineitem", "Startup Cost": 10000000000.0, "Total Cost": 1000324015374.5, "Plan Rows": 59987033, "Plan Width": 32}]}]}]}, {"Node Type": "Materialize", "Parent Relationship": "Inner", "Startup Cost": 10000000000.0, "Total Cost": 1000019203896.25, "Plan Rows": 1500000, "Plan Width": 12, "Plans": [{"Node Type": "Index Scan", "Parent Relationship": "Outer", "Scan Direction": "Forward", "Index Name": "idx_customer_nationkey", "Relation Name": "customer", "Alias": "customer", "Startup Cost": 10000000000.0, "Total Cost": 1000019200146.25, "Plan Rows": 1500000, "Plan Width": 12}]}]}]}]}, "Unique SQL Id": 1392561963}, "explain_analyze_plan": null}, "(1, 32)": {"explain_plan": {"Plan": {"Node Type": "Sort", "Startup Cost": 1720718.42, "Total Cost": 1720718.49, "Plan Rows": 25, "Plan Width": 42, "Sort Key": ["(sum((lineitem.l_extendedprice * (1::double precision - lineitem.l_discount)))) DESC"], "Plans": [{"Node Type": "Aggregate", "Strategy": "Hashed", "Parent Relationship": "Outer", "Startup Cost": 1720717.59, "Total Cost": 1720717.84, "Plan Rows": 25, "Plan Width": 42, "Group By Key": ["nation.n_name"], "Plans": [{"Node Type": "Hash Join", "Parent Relationship": "Outer", "Join Type": "Inner", "Startup Cost": 5813.37, "Total Cost": 1720623.69, "Plan Rows": 9390, "Plan Width": 42, "Inner Unique": true, "Hash Cond": "((lineitem.l_suppkey = supplier.s_suppkey) AND (customer.c_nationkey = supplier.s_nationkey))", "Plans": [{"Node Type": "Nested Loop", "Parent Relationship": "Outer", "Join Type": "Inner", "Startup Cost": 1030.37, "Total Cost": 1688079.68, "Plan Rows": 3688948, "Plan Width": 58, "Inner Unique": false, "Plans": [{"Node Type": "Nested Loop", "Parent Relationship": "Outer", "Join Type": "Inner", "Startup Cost": 1030.37, "Total Cost": 412285.27, "Plan Rows": 406290, "Plan Width": 42, "Inner Unique": false, "Plans": [{"Node Type": "Nested Loop", "Parent Relationship": "Outer", "Join Type": "Inner", "Startup Cost": 1030.37, "Total Cost": 37176.47, "Plan Rows": 300000, "Plan Width": 42, "Inner Unique": false, "Plans": [{"Node Type": "Nested Loop", "Parent Relationship": "Outer", "Join Type": "Inner", "Startup Cost": 0.0, "Total Cost": 14.06, "Plan Rows": 5, "Plan Width": 30, "Inner Unique": true, "Join Filter": "(nation.n_regionkey = region.r_regionkey)", "Plans": [{"Node Type": "Index Scan", "Parent Relationship": "Outer", "Scan Direction": "Forward", "Index Name": "nation_pkey", "Relation Name": "nation", "Alias": "nation", "Startup Cost": 0.0, "Total Cost": 12.62, "Plan Rows": 25, "Plan Width": 34}, {"Node Type": "Materialize", "Parent Relationship": "Inner", "Startup Cost": 0.0, "Total Cost": 1.07, "Plan Rows": 1, "Plan Width": 4, "Plans": [{"Node Type": "Seq Scan", "Parent Relationship": "Outer", "Relation Name": "region", "Alias": "region", "Startup Cost": 0.0, "Total Cost": 1.06, "Plan Rows": 1, "Plan Width": 4, "Filter": "(r_name = 'MIDDLE EAST'::bpchar)"}]}]}, {"Node Type": "Bitmap Heap Scan", "Parent Relationship": "Inner", "Relation Name": "customer", "Alias": "customer", "Startup Cost": 1030.37, "Total Cost": 6832.48, "Plan Rows": 60000, "Plan Width": 12, "Recheck Cond": "(c_nationkey = nation.n_nationkey)", "Plans": [{"Node Type": "Bitmap Index Scan", "Parent Relationship": "Outer", "Index Name": "idx_customer_nationkey", "Startup Cost": 0.0, "Total Cost": 1015.37, "Plan Rows": 60000, "Plan Width": 0, "Index Cond": "(c_nationkey = nation.n_nationkey)"}]}]}, {"Node Type": "Index Scan", "Parent Relationship": "Inner", "Scan Direction": "Forward", "Index Name": "idx_orders_custkey", "Relation Name": "orders", "Alias": "orders", "Startup Cost": 0.0, "Total Cost": 1.24, "Plan Rows": 1, "Plan Width": 16, "Index Cond": "(o_custkey = customer.c_custkey)", "Filter": "((o_orderdate >= '1994-01-01 00:00:00'::timestamp(0) without time zone) AND (o_orderdate < '1995-01-01 00:00:00'::timestamp without time zone))"}]}, {"Node Type": "Index Scan", "Parent Relationship": "Inner", "Scan Direction": "Forward", "Index Name": "idx_lineitem_orderkey", "Relation Name": "lineitem", "Alias": "lineitem", "Startup Cost": 0.0, "Total Cost": 3.05, "Plan Rows": 9, "Plan Width": 32, "Index Cond": "(l_orderkey = orders.o_orderkey)"}]}, {"Node Type": "Hash", "Parent Relationship": "Inner", "Startup Cost": 3283.0, "Total Cost": 3283.0, "Plan Rows": 100000, "Plan Width": 12, "Plans": [{"Node Type": "Seq Scan", "Parent Relationship": "Outer", "Relation Name": "supplier", "Alias": "supplier", "Startup Cost": 0.0, "Total Cost": 3283.0, "Plan Rows": 100000, "Plan Width": 12}]}]}]}]}, "Unique SQL Id": 1392561963}, "explain_analyze_plan": {"Plan": {"Node Type": "Sort", "Startup Cost": 1720718.42, "Total Cost": 1720718.49, "Plan Rows": 25, "Plan Width": 42, "Actual Startup Time": 16850.387, "Actual Total Time": 16850.387, "Actual Rows": 5, "Actual Loops": 1, "Sort Key": ["(sum((lineitem.l_extendedprice * (1::double precision - lineitem.l_discount)))) DESC"], "Sort Method": "quicksort", "Sort Space Used": 25, "Sort Space Type": "Memory", "Plans": [{"Node Type": "Aggregate", "Strategy": "Hashed", "Parent Relationship": "Outer", "Startup Cost": 1720717.59, "Total Cost": 1720717.84, "Plan Rows": 25, "Plan Width": 42, "Actual Startup Time": 16850.352, "Actual Total Time": 16850.355, "Actual Rows": 5, "Actual Loops": 1, "Group By Key": ["nation.n_name"], "Plans": [{"Node Type": "Hash Join", "Parent Relationship": "Outer", "Join Type": "Inner", "Startup Cost": 5813.37, "Total Cost": 1720623.69, "Plan Rows": 9390, "Plan Width": 42, "Actual Startup Time": 87.589, "Actual Total Time": 16770.082, "Actual Rows": 72985, "Actual Loops": 1, "Inner Unique": true, "Hash Cond": "((lineitem.l_suppkey = supplier.s_suppkey) AND (customer.c_nationkey = supplier.s_nationkey))", "Plans": [{"Node Type": "Nested Loop", "Parent Relationship": "Outer", "Join Type": "Inner", "Startup Cost": 1030.37, "Total Cost": 1688079.68, "Plan Rows": 3688948, "Plan Width": 58, "Actual Startup Time": 19.109, "Actual Total Time": 15845.366, "Actual Rows": 1815222, "Actual Loops": 1, "Inner Unique": false, "Plans": [{"Node Type": "Nested Loop", "Parent Relationship": "Outer", "Join Type": "Inner", "Startup Cost": 1030.37, "Total Cost": 412285.27, "Plan Rows": 406290, "Plan Width": 42, "Actual Startup Time": 19.089, "Actual Total Time": 9833.848, "Actual Rows": 454183, "Actual Loops": 1, "Inner Unique": false, "Plans": [{"Node Type": "Nested Loop", "Parent Relationship": "Outer", "Join Type": "Inner", "Startup Cost": 1030.37, "Total Cost": 37176.47, "Plan Rows": 300000, "Plan Width": 42, "Actual Startup Time": 19.013, "Actual Total Time": 662.081, "Actual Rows": 299838, "Actual Loops": 1, "Inner Unique": false, "Plans": [{"Node Type": "Nested Loop", "Parent Relationship": "Outer", "Join Type": "Inner", "Startup Cost": 0.0, "Total Cost": 14.06, "Plan Rows": 5, "Plan Width": 30, "Actual Startup Time": 0.052, "Actual Total Time": 0.214, "Actual Rows": 5, "Actual Loops": 1, "Inner Unique": true, "Join Filter": "(nation.n_regionkey = region.r_regionkey)", "Rows Removed by Join Filter": 20, "Plans": [{"Node Type": "Index Scan", "Parent Relationship": "Outer", "Scan Direction": "Forward", "Index Name": "nation_pkey", "Relation Name": "nation", "Alias": "nation", "Startup Cost": 0.0, "Total Cost": 12.62, "Plan Rows": 25, "Plan Width": 34, "Actual Startup Time": 0.013, "Actual Total Time": 0.056, "Actual Rows": 25, "Actual Loops": 1}, {"Node Type": "Materialize", "Parent Relationship": "Inner", "Startup Cost": 0.0, "Total Cost": 1.07, "Plan Rows": 1, "Plan Width": 4, "Actual Startup Time": 0.104, "Actual Total Time": 0.107, "Actual Rows": 25, "Actual Loops": 25, "Plans": [{"Node Type": "Seq Scan", "Parent Relationship": "Outer", "Relation Name": "region", "Alias": "region", "Startup Cost": 0.0, "Total Cost": 1.06, "Plan Rows": 1, "Plan Width": 4, "Actual Startup Time": 0.021, "Actual Total Time": 0.023, "Actual Rows": 1, "Actual Loops": 1, "Filter": "(r_name = 'MIDDLE EAST'::bpchar)", "Rows Removed by Filter": 4}]}]}, {"Node Type": "Bitmap Heap Scan", "Parent Relationship": "Inner", "Relation Name": "customer", "Alias": "customer", "Startup Cost": 1030.37, "Total Cost": 6832.48, "Plan Rows": 60000, "Plan Width": 12, "Actual Startup Time": 92.01, "Actual Total Time": 587.847, "Actual Rows": 299838, "Actual Loops": 5, "Recheck Cond": "(c_nationkey = nation.n_nationkey)", "Rows Removed by Index Recheck": 0, "Exact Heap Blocks": 150033, "Lossy Heap Blocks": 150033, "Plans": [{"Node Type": "Bitmap Index Scan", "Parent Relationship": "Outer", "Index Name": "idx_customer_nationkey", "Startup Cost": 0.0, "Total Cost": 1015.37, "Plan Rows": 60000, "Plan Width": 0, "Actual Startup Time": 59.053, "Actual Total Time": 59.053, "Actual Rows": 299838, "Actual Loops": 5, "Index Cond": "(c_nationkey = nation.n_nationkey)"}]}]}, {"Node Type": "Index Scan", "Parent Relationship": "Inner", "Scan Direction": "Forward", "Index Name": "idx_orders_custkey", "Relation Name": "orders", "Alias": "orders", "Startup Cost": 0.0, "Total Cost": 1.24, "Plan Rows": 1, "Plan Width": 16, "Actual Startup Time": 4195.291, "Actual Total Time": 8911.632, "Actual Rows": 454183, "Actual Loops": 299838, "Index Cond": "(o_custkey = customer.c_custkey)", "Rows Removed by Index Recheck": 0, "Filter": "((o_orderdate >= '1994-01-01 00:00:00'::timestamp(0) without time zone) AND (o_orderdate < '1995-01-01 00:00:00'::timestamp without time zone))", "Rows Removed by Filter": 2542535}]}, {"Node Type": "Index Scan", "Parent Relationship": "Inner", "Scan Direction": "Forward", "Index Name": "idx_lineitem_orderkey", "Relation Name": "lineitem", "Alias": "lineitem", "Startup Cost": 0.0, "Total Cost": 3.05, "Plan Rows": 9, "Plan Width": 32, "Actual Startup Time": 4389.838, "Actual Total Time": 5365.974, "Actual Rows": 1815222, "Actual Loops": 454183, "Index Cond": "(l_orderkey = orders.o_orderkey)", "Rows Removed by Index Recheck": 0}]}, {"Node Type": "Hash", "Parent Relationship": "Inner", "Startup Cost": 3283.0, "Total Cost": 3283.0, "Plan Rows": 100000, "Plan Width": 12, "Actual Startup Time": 68.231, "Actual Total Time": 68.231, "Actual Rows": 100000, "Actual Loops": 1, "Hash Buckets": 131072, "Hash Batches": 1, "Original Hash Batches": 1, "Peak Memory Usage": 4297, "Plans": [{"Node Type": "Seq Scan", "Parent Relationship": "Outer", "Relation Name": "supplier", "Alias": "supplier", "Startup Cost": 0.0, "Total Cost": 3283.0, "Plan Rows": 100000, "Plan Width": 12, "Actual Startup Time": 0.021, "Actual Total Time": 36.519, "Actual Rows": 100000, "Actual Loops": 1}]}]}]}]}, "Triggers": [], "Planner Runtime": 7.268, "Total Runtime": 16850.847, "Unique SQL Id": 1392561963}}, "(1, 33)": {"explain_plan": {"Plan": {"Node Type": "Sort", "Startup Cost": 1722781.24, "Total Cost": 1722781.31, "Plan Rows": 25, "Plan Width": 42, "Sort Key": ["(sum((lineitem.l_extendedprice * (1::double precision - lineitem.l_discount)))) DESC"], "Plans": [{"Node Type": "Aggregate", "Strategy": "Hashed", "Parent Relationship": "Outer", "Startup Cost": 1722780.41, "Total Cost": 1722780.66, "Plan Rows": 25, "Plan Width": 42, "Group By Key": ["nation.n_name"], "Plans": [{"Node Type": "Hash Join", "Parent Relationship": "Outer", "Join Type": "Inner", "Startup Cost": 7864.91, "Total Cost": 1722686.51, "Plan Rows": 9390, "Plan Width": 42, "Inner Unique": true, "Hash Cond": "((lineitem.l_suppkey = supplier.s_suppkey) AND (customer.c_nationkey = supplier.s_nationkey))", "Plans": [{"Node Type": "Nested Loop", "Parent Relationship": "Outer", "Join Type": "Inner", "Startup Cost": 1030.37, "Total Cost": 1688090.96, "Plan Rows": 3688948, "Plan Width": 58, "Inner Unique": false, "Plans": [{"Node Type": "Nested Loop", "Parent Relationship": "Outer", "Join Type": "Inner", "Startup Cost": 1030.37, "Total Cost": 412296.55, "Plan Rows": 406290, "Plan Width": 42, "Inner Unique": false, "Plans": [{"Node Type": "Nested Loop", "Parent Relationship": "Outer", "Join Type": "Inner", "Startup Cost": 1030.37, "Total Cost": 37187.75, "Plan Rows": 300000, "Plan Width": 42, "Inner Unique": false, "Plans": [{"Node Type": "Nested Loop", "Parent Relationship": "Outer", "Join Type": "Inner", "Startup Cost": 0.0, "Total Cost": 25.34, "Plan Rows": 5, "Plan Width": 30, "Inner Unique": true, "Join Filter": "(nation.n_regionkey = region.r_regionkey)", "Plans": [{"Node Type": "Index Scan", "Parent Relationship": "Outer", "Scan Direction": "Forward", "Index Name": "nation_pkey", "Relation Name": "nation", "Alias": "nation", "Startup Cost": 0.0, "Total Cost": 12.62, "Plan Rows": 25, "Plan Width": 34}, {"Node Type": "Materialize", "Parent Relationship": "Inner", "Startup Cost": 0.0, "Total Cost": 12.34, "Plan Rows": 1, "Plan Width": 4, "Plans": [{"Node Type": "Index Scan", "Parent Relationship": "Outer", "Scan Direction": "Forward", "Index Name": "region_pkey", "Relation Name": "region", "Alias": "region", "Startup Cost": 0.0, "Total Cost": 12.34, "Plan Rows": 1, "Plan Width": 4, "Filter": "(r_name = 'MIDDLE EAST'::bpchar)"}]}]}, {"Node Type": "Bitmap Heap Scan", "Parent Relationship": "Inner", "Relation Name": "customer", "Alias": "customer", "Startup Cost": 1030.37, "Total Cost": 6832.48, "Plan Rows": 60000, "Plan Width": 12, "Recheck Cond": "(c_nationkey = nation.n_nationkey)", "Plans": [{"Node Type": "Bitmap Index Scan", "Parent Relationship": "Outer", "Index Name": "idx_customer_nationkey", "Startup Cost": 0.0, "Total Cost": 1015.37, "Plan Rows": 60000, "Plan Width": 0, "Index Cond": "(c_nationkey = nation.n_nationkey)"}]}]}, {"Node Type": "Index Scan", "Parent Relationship": "Inner", "Scan Direction": "Forward", "Index Name": "idx_orders_custkey", "Relation Name": "orders", "Alias": "orders", "Startup Cost": 0.0, "Total Cost": 1.24, "Plan Rows": 1, "Plan Width": 16, "Index Cond": "(o_custkey = customer.c_custkey)", "Filter": "((o_orderdate >= '1994-01-01 00:00:00'::timestamp(0) without time zone) AND (o_orderdate < '1995-01-01 00:00:00'::timestamp without time zone))"}]}, {"Node Type": "Index Scan", "Parent Relationship": "Inner", "Scan Direction": "Forward", "Index Name": "idx_lineitem_orderkey", "Relation Name": "lineitem", "Alias": "lineitem", "Startup Cost": 0.0, "Total Cost": 3.05, "Plan Rows": 9, "Plan Width": 32, "Index Cond": "(l_orderkey = orders.o_orderkey)"}]}, {"Node Type": "Hash", "Parent Relationship": "Inner", "Startup Cost": 5334.54, "Total Cost": 5334.54, "Plan Rows": 100000, "Plan Width": 12, "Plans": [{"Node Type": "Index Scan", "Parent Relationship": "Outer", "Scan Direction": "Forward", "Index Name": "supplier_pkey", "Relation Name": "supplier", "Alias": "supplier", "Startup Cost": 0.0, "Total Cost": 5334.54, "Plan Rows": 100000, "Plan Width": 12}]}]}]}]}, "Unique SQL Id": 1392561963}, "explain_analyze_plan": {"Plan": {"Node Type": "Sort", "Startup Cost": 1722781.24, "Total Cost": 1722781.31, "Plan Rows": 25, "Plan Width": 42, "Actual Startup Time": 17131.002, "Actual Total Time": 17131.003, "Actual Rows": 5, "Actual Loops": 1, "Sort Key": ["(sum((lineitem.l_extendedprice * (1::double precision - lineitem.l_discount)))) DESC"], "Sort Method": "quicksort", "Sort Space Used": 25, "Sort Space Type": "Memory", "Plans": [{"Node Type": "Aggregate", "Strategy": "Hashed", "Parent Relationship": "Outer", "Startup Cost": 1722780.41, "Total Cost": 1722780.66, "Plan Rows": 25, "Plan Width": 42, "Actual Startup Time": 17130.981, "Actual Total Time": 17130.982, "Actual Rows": 5, "Actual Loops": 1, "Group By Key": ["nation.n_name"], "Plans": [{"Node Type": "Hash Join", "Parent Relationship": "Outer", "Join Type": "Inner", "Startup Cost": 7864.91, "Total Cost": 1722686.51, "Plan Rows": 9390, "Plan Width": 42, "Actual Startup Time": 111.787, "Actual Total Time": 17051.639, "Actual Rows": 72985, "Actual Loops": 1, "Inner Unique": true, "Hash Cond": "((lineitem.l_suppkey = supplier.s_suppkey) AND (customer.c_nationkey = supplier.s_nationkey))", "Plans": [{"Node Type": "Nested Loop", "Parent Relationship": "Outer", "Join Type": "Inner", "Startup Cost": 1030.37, "Total Cost": 1688090.96, "Plan Rows": 3688948, "Plan Width": 58, "Actual Startup Time": 18.897, "Actual Total Time": 16095.078, "Actual Rows": 1815222, "Actual Loops": 1, "Inner Unique": false, "Plans": [{"Node Type": "Nested Loop", "Parent Relationship": "Outer", "Join Type": "Inner", "Startup Cost": 1030.37, "Total Cost": 412296.55, "Plan Rows": 406290, "Plan Width": 42, "Actual Startup Time": 18.878, "Actual Total Time": 10003.183, "Actual Rows": 454183, "Actual Loops": 1, "Inner Unique": false, "Plans": [{"Node Type": "Nested Loop", "Parent Relationship": "Outer", "Join Type": "Inner", "Startup Cost": 1030.37, "Total Cost": 37187.75, "Plan Rows": 300000, "Plan Width": 42, "Actual Startup Time": 18.801, "Actual Total Time": 672.847, "Actual Rows": 299838, "Actual Loops": 1, "Inner Unique": false, "Plans": [{"Node Type": "Nested Loop", "Parent Relationship": "Outer", "Join Type": "Inner", "Startup Cost": 0.0, "Total Cost": 25.34, "Plan Rows": 5, "Plan Width": 30, "Actual Startup Time": 0.047, "Actual Total Time": 0.117, "Actual Rows": 5, "Actual Loops": 1, "Inner Unique": true, "Join Filter": "(nation.n_regionkey = region.r_regionkey)", "Rows Removed by Join Filter": 20, "Plans": [{"Node Type": "Index Scan", "Parent Relationship": "Outer", "Scan Direction": "Forward", "Index Name": "nation_pkey", "Relation Name": "nation", "Alias": "nation", "Startup Cost": 0.0, "Total Cost": 12.62, "Plan Rows": 25, "Plan Width": 34, "Actual Startup Time": 0.015, "Actual Total Time": 0.04, "Actual Rows": 25, "Actual Loops": 1}, {"Node Type": "Materialize", "Parent Relationship": "Inner", "Startup Cost": 0.0, "Total Cost": 12.34, "Plan Rows": 1, "Plan Width": 4, "Actual Startup Time": 0.03, "Actual Total Time": 0.035, "Actual Rows": 25, "Actual Loops": 25, "Plans": [{"Node Type": "Index Scan", "Parent Relationship": "Outer", "Scan Direction": "Forward", "Index Name": "region_pkey", "Relation Name": "region", "Alias": "region", "Startup Cost": 0.0, "Total Cost": 12.34, "Plan Rows": 1, "Plan Width": 4, "Actual Startup Time": 0.015, "Actual Total Time": 0.016, "Actual Rows": 1, "Actual Loops": 1, "Filter": "(r_name = 'MIDDLE EAST'::bpchar)", "Rows Removed by Filter": 4}]}]}, {"Node Type": "Bitmap Heap Scan", "Parent Relationship": "Inner", "Relation Name": "customer", "Alias": "customer", "Startup Cost": 1030.37, "Total Cost": 6832.48, "Plan Rows": 60000, "Plan Width": 12, "Actual Startup Time": 91.366, "Actual Total Time": 597.022, "Actual Rows": 299838, "Actual Loops": 5, "Recheck Cond": "(c_nationkey = nation.n_nationkey)", "Rows Removed by Index Recheck": 0, "Exact Heap Blocks": 150033, "Lossy Heap Blocks": 150033, "Plans": [{"Node Type": "Bitmap Index Scan", "Parent Relationship": "Outer", "Index Name": "idx_customer_nationkey", "Startup Cost": 0.0, "Total Cost": 1015.37, "Plan Rows": 60000, "Plan Width": 0, "Actual Startup Time": 58.414, "Actual Total Time": 58.414, "Actual Rows": 299838, "Actual Loops": 5, "Index Cond": "(c_nationkey = nation.n_nationkey)"}]}]}, {"Node Type": "Index Scan", "Parent Relationship": "Inner", "Scan Direction": "Forward", "Index Name": "idx_orders_custkey", "Relation Name": "orders", "Alias": "orders", "Startup Cost": 0.0, "Total Cost": 1.24, "Plan Rows": 1, "Plan Width": 16, "Actual Startup Time": 4270.328, "Actual Total Time": 9070.182, "Actual Rows": 454183, "Actual Loops": 299838, "Index Cond": "(o_custkey = customer.c_custkey)", "Rows Removed by Index Recheck": 0, "Filter": "((o_orderdate >= '1994-01-01 00:00:00'::timestamp(0) without time zone) AND (o_orderdate < '1995-01-01 00:00:00'::timestamp without time zone))", "Rows Removed by Filter": 2542535}]}, {"Node Type": "Index Scan", "Parent Relationship": "Inner", "Scan Direction": "Forward", "Index Name": "idx_lineitem_orderkey", "Relation Name": "lineitem", "Alias": "lineitem", "Startup Cost": 0.0, "Total Cost": 3.05, "Plan Rows": 9, "Plan Width": 32, "Actual Startup Time": 4460.032, "Actual Total Time": 5446.131, "Actual Rows": 1815222, "Actual Loops": 454183, "Index Cond": "(l_orderkey = orders.o_orderkey)", "Rows Removed by Index Recheck": 0}]}, {"Node Type": "Hash", "Parent Relationship": "Inner", "Startup Cost": 5334.54, "Total Cost": 5334.54, "Plan Rows": 100000, "Plan Width": 12, "Actual Startup Time": 92.65, "Actual Total Time": 92.65, "Actual Rows": 100000, "Actual Loops": 1, "Hash Buckets": 131072, "Hash Batches": 1, "Original Hash Batches": 1, "Peak Memory Usage": 4297, "Plans": [{"Node Type": "Index Scan", "Parent Relationship": "Outer", "Scan Direction": "Forward", "Index Name": "supplier_pkey", "Relation Name": "supplier", "Alias": "supplier", "Startup Cost": 0.0, "Total Cost": 5334.54, "Plan Rows": 100000, "Plan Width": 12, "Actual Startup Time": 0.025, "Actual Total Time": 60.816, "Actual Rows": 100000, "Actual Loops": 1}]}]}]}]}, "Triggers": [], "Planner Runtime": 7.133, "Total Runtime": 17131.597, "Unique SQL Id": 1392561963}}, "(1, 34)": {"explain_plan": {"Plan": {"Node Type": "Sort", "Startup Cost": 2457247.05, "Total Cost": 2457247.11, "Plan Rows": 25, "Plan Width": 42, "Sort Key": ["(sum((lineitem.l_extendedprice * (1::double precision - lineitem.l_discount)))) DESC"], "Plans": [{"Node Type": "Aggregate", "Strategy": "Hashed", "Parent Relationship": "Outer", "Startup Cost": 2457246.22, "Total Cost": 2457246.47, "Plan Rows": 25, "Plan Width": 42, "Group By Key": ["nation.n_name"], "Plans": [{"Node Type": "Hash Join", "Parent Relationship": "Outer", "Join Type": "Inner", "Startup Cost": 104058.84, "Total Cost": 2457152.32, "Plan Rows": 9390, "Plan Width": 42, "Inner Unique": true, "Hash Cond": "((lineitem.l_suppkey = supplier.s_suppkey) AND (customer.c_nationkey = supplier.s_nationkey))", "Plans": [{"Node Type": "Nested Loop", "Parent Relationship": "Outer", "Join Type": "Inner", "Startup Cost": 99275.84, "Total Cost": 2424608.31, "Plan Rows": 3688948, "Plan Width": 58, "Inner Unique": false, "Plans": [{"Node Type": "Hash Join", "Parent Relationship": "Outer", "Join Type": "Inner", "Startup Cost": 99275.12, "Total Cost": 422539.98, "Plan Rows": 406290, "Plan Width": 42, "Inner Unique": false, "Hash Cond": "(orders.o_custkey = customer.c_custkey), (LLVM Optimized)", "Plans": [{"Node Type": "Bitmap Heap Scan", "Parent Relationship": "Outer", "Relation Name": "orders", "Alias": "orders", "Startup Cost": 58360.27, "Total Cost": 369005.64, "Plan Rows": 2281758, "Plan Width": 16, "Recheck Cond": "((o_orderdate >= '1994-01-01 00:00:00'::timestamp(0) without time zone) AND (o_orderdate < '1995-01-01 00:00:00'::timestamp without time zone)), (LLVM Optimized)", "Plans": [{"Node Type": "Bitmap Index Scan", "Parent Relationship": "Outer", "Index Name": "idx_orders_orderdate", "Startup Cost": 0.0, "Total Cost": 57789.83, "Plan Rows": 2281758, "Plan Width": 0, "Index Cond": "((o_orderdate >= '1994-01-01 00:00:00'::timestamp(0) without time zone) AND (o_orderdate < '1995-01-01 00:00:00'::timestamp without time zone))"}]}, {"Node Type": "Hash", "Parent Relationship": "Inner", "Startup Cost": 37164.85, "Total Cost": 37164.85, "Plan Rows": 300000, "Plan Width": 42, "Plans": [{"Node Type": "Nested Loop", "Parent Relationship": "Outer", "Join Type": "Inner", "Startup Cost": 1031.44, "Total Cost": 37164.85, "Plan Rows": 300000, "Plan Width": 42, "Inner Unique": false, "Plans": [{"Node Type": "Hash Join", "Parent Relationship": "Outer", "Join Type": "Inner", "Startup Cost": 1.07, "Total Cost": 2.44, "Plan Rows": 5, "Plan Width": 30, "Inner Unique": true, "Hash Cond": "(nation.n_regionkey = region.r_regionkey)", "Plans": [{"Node Type": "Seq Scan", "Parent Relationship": "Outer", "Relation Name": "nation", "Alias": "nation", "Startup Cost": 0.0, "Total Cost": 1.25, "Plan Rows": 25, "Plan Width": 34}, {"Node Type": "Hash", "Parent Relationship": "Inner", "Startup Cost": 1.06, "Total Cost": 1.06, "Plan Rows": 1, "Plan Width": 4, "Plans": [{"Node Type": "Seq Scan", "Parent Relationship": "Outer", "Relation Name": "region", "Alias": "region", "Startup Cost": 0.0, "Total Cost": 1.06, "Plan Rows": 1, "Plan Width": 4, "Filter": "(r_name = 'MIDDLE EAST'::bpchar)"}]}]}, {"Node Type": "Bitmap Heap Scan", "Parent Relationship": "Inner", "Relation Name": "customer", "Alias": "customer", "Startup Cost": 1030.37, "Total Cost": 6832.48, "Plan Rows": 60000, "Plan Width": 12, "Recheck Cond": "(c_nationkey = nation.n_nationkey)", "Plans": [{"Node Type": "Bitmap Index Scan", "Parent Relationship": "Outer", "Index Name": "idx_customer_nationkey", "Startup Cost": 0.0, "Total Cost": 1015.37, "Plan Rows": 60000, "Plan Width": 0, "Index Cond": "(c_nationkey = nation.n_nationkey)"}]}]}]}]}, {"Node Type": "Bitmap Heap Scan", "Parent Relationship": "Inner", "Relation Name": "lineitem", "Alias": "lineitem", "Startup Cost": 0.73, "Total Cost": 4.84, "Plan Rows": 9, "Plan Width": 32, "Recheck Cond": "(l_orderkey = orders.o_orderkey)", "Plans": [{"Node Type": "Bitmap Index Scan", "Parent Relationship": "Outer", "Index Name": "idx_lineitem_orderkey", "Startup Cost": 0.0, "Total Cost": 0.72, "Plan Rows": 9, "Plan Width": 0, "Index Cond": "(l_orderkey = orders.o_orderkey)"}]}]}, {"Node Type": "Hash", "Parent Relationship": "Inner", "Startup Cost": 3283.0, "Total Cost": 3283.0, "Plan Rows": 100000, "Plan Width": 12, "Plans": [{"Node Type": "Seq Scan", "Parent Relationship": "Outer", "Relation Name": "supplier", "Alias": "supplier", "Startup Cost": 0.0, "Total Cost": 3283.0, "Plan Rows": 100000, "Plan Width": 12}]}]}]}]}, "Unique SQL Id": 1392561963}, "explain_analyze_plan": {"Plan": {"Node Type": "Sort", "Startup Cost": 2457247.05, "Total Cost": 2457247.11, "Plan Rows": 25, "Plan Width": 42, "Actual Startup Time": 10016.715, "Actual Total Time": 10016.716, "Actual Rows": 5, "Actual Loops": 1, "Sort Key": ["(sum((lineitem.l_extendedprice * (1::double precision - lineitem.l_discount)))) DESC"], "Sort Method": "quicksort", "Sort Space Used": 25, "Sort Space Type": "Memory", "Plans": [{"Node Type": "Aggregate", "Strategy": "Hashed", "Parent Relationship": "Outer", "Startup Cost": 2457246.22, "Total Cost": 2457246.47, "Plan Rows": 25, "Plan Width": 42, "Actual Startup Time": 10016.685, "Actual Total Time": 10016.685, "Actual Rows": 5, "Actual Loops": 1, "Group By Key": ["nation.n_name"], "Plans": [{"Node Type": "Hash Join", "Parent Relationship": "Outer", "Join Type": "Inner", "Startup Cost": 104058.84, "Total Cost": 2457152.32, "Plan Rows": 9390, "Plan Width": 42, "Actual Startup Time": 1421.213, "Actual Total Time": 9937.329, "Actual Rows": 72985, "Actual Loops": 1, "Inner Unique": true, "Hash Cond": "((lineitem.l_suppkey = supplier.s_suppkey) AND (customer.c_nationkey = supplier.s_nationkey))", "Plans": [{"Node Type": "Nested Loop", "Parent Relationship": "Outer", "Join Type": "Inner", "Startup Cost": 99275.84, "Total Cost": 2424608.31, "Plan Rows": 3688948, "Plan Width": 58, "Actual Startup Time": 1353.747, "Actual Total Time": 9142.644, "Actual Rows": 1815222, "Actual Loops": 1, "Inner Unique": false, "Plans": [{"Node Type": "Hash Join", "Parent Relationship": "Outer", "Join Type": "Inner", "Startup Cost": 99275.12, "Total Cost": 422539.98, "Plan Rows": 406290, "Plan Width": 42, "Actual Startup Time": 1353.679, "Actual Total Time": 4183.794, "Actual Rows": 454183, "Actual Loops": 1, "Inner Unique": false, "Hash Cond": "(orders.o_custkey = customer.c_custkey), (LLVM Optimized, Jit Execute)", "Plans": [{"Node Type": "Bitmap Heap Scan", "Parent Relationship": "Outer", "Relation Name": "orders", "Alias": "orders", "Startup Cost": 58360.27, "Total Cost": 369005.64, "Plan Rows": 2281758, "Plan Width": 16, "Actual Startup Time": 705.311, "Actual Total Time": 2424.409, "Actual Rows": 2275919, "Actual Loops": 1, "Recheck Cond": "((o_orderdate >= '1994-01-01 00:00:00'::timestamp(0) without time zone) AND (o_orderdate < '1995-01-01 00:00:00'::timestamp without time zone)), (LLVM Optimized, Jit Execute)", "Rows Removed by Index Recheck": 0, "Exact Heap Blocks": 276381, "Lossy Heap Blocks": 276381, "Plans": [{"Node Type": "Bitmap Index Scan", "Parent Relationship": "Outer", "Index Name": "idx_orders_orderdate", "Startup Cost": 0.0, "Total Cost": 57789.83, "Plan Rows": 2281758, "Plan Width": 0, "Actual Startup Time": 616.82, "Actual Total Time": 616.82, "Actual Rows": 2275919, "Actual Loops": 1, "Index Cond": "((o_orderdate >= '1994-01-01 00:00:00'::timestamp(0) without time zone) AND (o_orderdate < '1995-01-01 00:00:00'::timestamp without time zone))"}]}, {"Node Type": "Hash", "Parent Relationship": "Inner", "Startup Cost": 37164.85, "Total Cost": 37164.85, "Plan Rows": 300000, "Plan Width": 42, "Actual Startup Time": 647.953, "Actual Total Time": 647.953, "Actual Rows": 299838, "Actual Loops": 1, "Hash Buckets": 524288, "Hash Batches": 1, "Original Hash Batches": 1, "Peak Memory Usage": 22254, "Plans": [{"Node Type": "Nested Loop", "Parent Relationship": "Outer", "Join Type": "Inner", "Startup Cost": 1031.44, "Total Cost": 37164.85, "Plan Rows": 300000, "Plan Width": 42, "Actual Startup Time": 19.353, "Actual Total Time": 537.178, "Actual Rows": 299838, "Actual Loops": 1, "Inner Unique": false, "Plans": [{"Node Type": "Hash Join", "Parent Relationship": "Outer", "Join Type": "Inner", "Startup Cost": 1.07, "Total Cost": 2.44, "Plan Rows": 5, "Plan Width": 30, "Actual Startup Time": 0.102, "Actual Total Time": 0.177, "Actual Rows": 5, "Actual Loops": 1, "Inner Unique": true, "Hash Cond": "(nation.n_regionkey = region.r_regionkey)", "Plans": [{"Node Type": "Seq Scan", "Parent Relationship": "Outer", "Relation Name": "nation", "Alias": "nation", "Startup Cost": 0.0, "Total Cost": 1.25, "Plan Rows": 25, "Plan Width": 34, "Actual Startup Time": 0.017, "Actual Total Time": 0.039, "Actual Rows": 25, "Actual Loops": 1}, {"Node Type": "Hash", "Parent Relationship": "Inner", "Startup Cost": 1.06, "Total Cost": 1.06, "Plan Rows": 1, "Plan Width": 4, "Actual Startup Time": 0.032, "Actual Total Time": 0.032, "Actual Rows": 1, "Actual Loops": 1, "Hash Buckets": 32768, "Hash Batches": 1, "Original Hash Batches": 1, "Peak Memory Usage": 1, "Plans": [{"Node Type": "Seq Scan", "Parent Relationship": "Outer", "Relation Name": "region", "Alias": "region", "Startup Cost": 0.0, "Total Cost": 1.06, "Plan Rows": 1, "Plan Width": 4, "Actual Startup Time": 0.025, "Actual Total Time": 0.026, "Actual Rows": 1, "Actual Loops": 1, "Filter": "(r_name = 'MIDDLE EAST'::bpchar)", "Rows Removed by Filter": 4}]}]}, {"Node Type": "Bitmap Heap Scan", "Parent Relationship": "Inner", "Relation Name": "customer", "Alias": "customer", "Startup Cost": 1030.37, "Total Cost": 6832.48, "Plan Rows": 60000, "Plan Width": 12, "Actual Startup Time": 90.117, "Actual Total Time": 468.891, "Actual Rows": 299838, "Actual Loops": 5, "Recheck Cond": "(c_nationkey = nation.n_nationkey)", "Rows Removed by Index Recheck": 0, "Exact Heap Blocks": 150033, "Lossy Heap Blocks": 150033, "Plans": [{"Node Type": "Bitmap Index Scan", "Parent Relationship": "Outer", "Index Name": "idx_customer_nationkey", "Startup Cost": 0.0, "Total Cost": 1015.37, "Plan Rows": 60000, "Plan Width": 0, "Actual Startup Time": 57.226, "Actual Total Time": 57.226, "Actual Rows": 299838, "Actual Loops": 5, "Index Cond": "(c_nationkey = nation.n_nationkey)"}]}]}]}]}, {"Node Type": "Bitmap Heap Scan", "Parent Relationship": "Inner", "Relation Name": "lineitem", "Alias": "lineitem", "Startup Cost": 0.73, "Total Cost": 4.84, "Plan Rows": 9, "Plan Width": 32, "Actual Startup Time": 3732.72, "Actual Total Time": 4049.051, "Actual Rows": 1815222, "Actual Loops": 454183, "Recheck Cond": "(l_orderkey = orders.o_orderkey)", "Rows Removed by Index Recheck": 0, "Exact Heap Blocks": 486530, "Lossy Heap Blocks": 486530, "Plans": [{"Node Type": "Bitmap Index Scan", "Parent Relationship": "Outer", "Index Name": "idx_lineitem_orderkey", "Startup Cost": 0.0, "Total Cost": 0.72, "Plan Rows": 9, "Plan Width": 0, "Actual Startup Time": 2078.6, "Actual Total Time": 2078.6, "Actual Rows": 1815222, "Actual Loops": 454183, "Index Cond": "(l_orderkey = orders.o_orderkey)"}]}]}, {"Node Type": "Hash", "Parent Relationship": "Inner", "Startup Cost": 3283.0, "Total Cost": 3283.0, "Plan Rows": 100000, "Plan Width": 12, "Actual Startup Time": 67.318, "Actual Total Time": 67.318, "Actual Rows": 100000, "Actual Loops": 1, "Hash Buckets": 131072, "Hash Batches": 1, "Original Hash Batches": 1, "Peak Memory Usage": 4297, "Plans": [{"Node Type": "Seq Scan", "Parent Relationship": "Outer", "Relation Name": "supplier", "Alias": "supplier", "Startup Cost": 0.0, "Total Cost": 3283.0, "Plan Rows": 100000, "Plan Width": 12, "Actual Startup Time": 0.029, "Actual Total Time": 36.397, "Actual Rows": 100000, "Actual Loops": 1}]}]}]}]}, "Triggers": [], "Planner Runtime": 6.272, "Total Runtime": 10026.442, "Unique SQL Id": 1392561963}}, "(1, 35)": {"explain_plan": {"Plan": {"Node Type": "Sort", "Startup Cost": 46003135.57, "Total Cost": 46003135.63, "Plan Rows": 25, "Plan Width": 42, "Sort Key": ["(sum((lineitem.l_extendedprice * (1::double precision - lineitem.l_discount)))) DESC"], "Plans": [{"Node Type": "Aggregate", "Strategy": "Hashed", "Parent Relationship": "Outer", "Startup Cost": 46003134.74, "Total Cost": 46003134.99, "Plan Rows": 25, "Plan Width": 42, "Group By Key": ["nation.n_name"], "Plans": [{"Node Type": "Nested Loop", "Parent Relationship": "Outer", "Join Type": "Inner", "Startup Cost": 58362.35, "Total Cost": 46003040.84, "Plan Rows": 9390, "Plan Width": 42, "Inner Unique": true, "Join Filter": "(customer.c_nationkey = supplier.s_nationkey)", "Plans": [{"Node Type": "Nested Loop", "Parent Relationship": "Outer", "Join Type": "Inner", "Startup Cost": 58362.1, "Total Cost": 30204103.6, "Plan Rows": 3688948, "Plan Width": 58, "Inner Unique": false, "Plans": [{"Node Type": "Nested Loop", "Parent Relationship": "Outer", "Join Type": "Inner", "Startup Cost": 58361.37, "Total Cost": 28202035.27, "Plan Rows": 406290, "Plan Width": 42, "Inner Unique": true, "Plans": [{"Node Type": "Nested Loop", "Parent Relationship": "Outer", "Join Type": "Inner", "Startup Cost": 58360.79, "Total Cost": 18851769.58, "Plan Rows": 2031452, "Plan Width": 46, "Inner Unique": true, "Plans": [{"Node Type": "Nested Loop", "Parent Relationship": "Outer", "Join Type": "Inner", "Startup Cost": 58360.54, "Total Cost": 10156636.32, "Plan Rows": 2031452, "Plan Width": 12, "Inner Unique": true, "Plans": [{"Node Type": "Bitmap Heap Scan", "Parent Relationship": "Outer", "Relation Name": "orders", "Alias": "orders", "Startup Cost": 58360.27, "Total Cost": 369005.64, "Plan Rows": 2281758, "Plan Width": 16, "Recheck Cond": "((o_orderdate >= '1994-01-01 00:00:00'::timestamp(0) without time zone) AND (o_orderdate < '1995-01-01 00:00:00'::timestamp without time zone)), (LLVM Optimized)", "Plans": [{"Node Type": "Bitmap Index Scan", "Parent Relationship": "Outer", "Index Name": "idx_orders_orderdate", "Startup Cost": 0.0, "Total Cost": 57789.83, "Plan Rows": 2281758, "Plan Width": 0, "Index Cond": "((o_orderdate >= '1994-01-01 00:00:00'::timestamp(0) without time zone) AND (o_orderdate < '1995-01-01 00:00:00'::timestamp without time zone))"}]}, {"Node Type": "Bitmap Heap Scan", "Parent Relationship": "Inner", "Relation Name": "customer", "Alias": "customer", "Startup Cost": 0.27, "Total Cost": 4.28, "Plan Rows": 1, "Plan Width": 12, "Recheck Cond": "(c_custkey = orders.o_custkey)", "Plans": [{"Node Type": "Bitmap Index Scan", "Parent Relationship": "Outer", "Index Name": "customer_pkey", "Startup Cost": 0.0, "Total Cost": 0.27, "Plan Rows": 1, "Plan Width": 0, "Index Cond": "(c_custkey = orders.o_custkey)"}]}]}, {"Node Type": "Bitmap Heap Scan", "Parent Relationship": "Inner", "Relation Name": "nation", "Alias": "nation", "Startup Cost": 0.26, "Total Cost": 4.27, "Plan Rows": 1, "Plan Width": 34, "Recheck Cond": "(n_nationkey = customer.c_nationkey)", "Plans": [{"Node Type": "Bitmap Index Scan", "Parent Relationship": "Outer", "Index Name": "nation_pkey", "Startup Cost": 0.0, "Total Cost": 0.26, "Plan Rows": 1, "Plan Width": 0, "Index Cond": "(n_nationkey = customer.c_nationkey)"}]}]}, {"Node Type": "Bitmap Heap Scan", "Parent Relationship": "Inner", "Relation Name": "region", "Alias": "region", "Startup Cost": 0.58, "Total Cost": 4.59, "Plan Rows": 1, "Plan Width": 4, "Recheck Cond": "(r_regionkey = nation.n_regionkey)", "Filter": "(r_name = 'MIDDLE EAST'::bpchar)", "Plans": [{"Node Type": "Bitmap Index Scan", "Parent Relationship": "Outer", "Index Name": "region_pkey", "Startup Cost": 0.0, "Total Cost": 0.58, "Plan Rows": 1, "Plan Width": 0, "Index Cond": "(r_regionkey = nation.n_regionkey)"}]}]}, {"Node Type": "Bitmap Heap Scan", "Parent Relationship": "Inner", "Relation Name": "lineitem", "Alias": "lineitem", "Startup Cost": 0.73, "Total Cost": 4.84, "Plan Rows": 9, "Plan Width": 32, "Recheck Cond": "(l_orderkey = orders.o_orderkey)", "Plans": [{"Node Type": "Bitmap Index Scan", "Parent Relationship": "Outer", "Index Name": "idx_lineitem_orderkey", "Startup Cost": 0.0, "Total Cost": 0.72, "Plan Rows": 9, "Plan Width": 0, "Index Cond": "(l_orderkey = orders.o_orderkey)"}]}]}, {"Node Type": "Bitmap Heap Scan", "Parent Relationship": "Inner", "Relation Name": "supplier", "Alias": "supplier", "Startup Cost": 0.26, "Total Cost": 4.27, "Plan Rows": 1, "Plan Width": 12, "Recheck Cond": "(s_suppkey = lineitem.l_suppkey)", "Plans": [{"Node Type": "Bitmap Index Scan", "Parent Relationship": "Outer", "Index Name": "supplier_pkey", "Startup Cost": 0.0, "Total Cost": 0.26, "Plan Rows": 1, "Plan Width": 0, "Index Cond": "(s_suppkey = lineitem.l_suppkey)"}]}]}]}]}, "Unique SQL Id": 1392561963}, "explain_analyze_plan": null}, "(1, 36)": {"explain_plan": {"Plan": {"Node Type": "Sort", "Startup Cost": 1720718.42, "Total Cost": 1720718.49, "Plan Rows": 25, "Plan Width": 42, "Sort Key": ["(sum((lineitem.l_extendedprice * (1::double precision - lineitem.l_discount)))) DESC"], "Plans": [{"Node Type": "Aggregate", "Strategy": "Hashed", "Parent Relationship": "Outer", "Startup Cost": 1720717.59, "Total Cost": 1720717.84, "Plan Rows": 25, "Plan Width": 42, "Group By Key": ["nation.n_name"], "Plans": [{"Node Type": "Hash Join", "Parent Relationship": "Outer", "Join Type": "Inner", "Startup Cost": 5813.37, "Total Cost": 1720623.69, "Plan Rows": 9390, "Plan Width": 42, "Inner Unique": true, "Hash Cond": "((lineitem.l_suppkey = supplier.s_suppkey) AND (customer.c_nationkey = supplier.s_nationkey))", "Plans": [{"Node Type": "Nested Loop", "Parent Relationship": "Outer", "Join Type": "Inner", "Startup Cost": 1030.37, "Total Cost": 1688079.68, "Plan Rows": 3688948, "Plan Width": 58, "Inner Unique": false, "Plans": [{"Node Type": "Nested Loop", "Parent Relationship": "Outer", "Join Type": "Inner", "Startup Cost": 1030.37, "Total Cost": 412285.27, "Plan Rows": 406290, "Plan Width": 42, "Inner Unique": false, "Plans": [{"Node Type": "Nested Loop", "Parent Relationship": "Outer", "Join Type": "Inner", "Startup Cost": 1030.37, "Total Cost": 37176.47, "Plan Rows": 300000, "Plan Width": 42, "Inner Unique": false, "Plans": [{"Node Type": "Nested Loop", "Parent Relationship": "Outer", "Join Type": "Inner", "Startup Cost": 0.0, "Total Cost": 14.06, "Plan Rows": 5, "Plan Width": 30, "Inner Unique": true, "Join Filter": "(nation.n_regionkey = region.r_regionkey)", "Plans": [{"Node Type": "Index Scan", "Parent Relationship": "Outer", "Scan Direction": "Forward", "Index Name": "nation_pkey", "Relation Name": "nation", "Alias": "nation", "Startup Cost": 0.0, "Total Cost": 12.62, "Plan Rows": 25, "Plan Width": 34}, {"Node Type": "Materialize", "Parent Relationship": "Inner", "Startup Cost": 0.0, "Total Cost": 1.07, "Plan Rows": 1, "Plan Width": 4, "Plans": [{"Node Type": "Seq Scan", "Parent Relationship": "Outer", "Relation Name": "region", "Alias": "region", "Startup Cost": 0.0, "Total Cost": 1.06, "Plan Rows": 1, "Plan Width": 4, "Filter": "(r_name = 'MIDDLE EAST'::bpchar)"}]}]}, {"Node Type": "Bitmap Heap Scan", "Parent Relationship": "Inner", "Relation Name": "customer", "Alias": "customer", "Startup Cost": 1030.37, "Total Cost": 6832.48, "Plan Rows": 60000, "Plan Width": 12, "Recheck Cond": "(c_nationkey = nation.n_nationkey)", "Plans": [{"Node Type": "Bitmap Index Scan", "Parent Relationship": "Outer", "Index Name": "idx_customer_nationkey", "Startup Cost": 0.0, "Total Cost": 1015.37, "Plan Rows": 60000, "Plan Width": 0, "Index Cond": "(c_nationkey = nation.n_nationkey)"}]}]}, {"Node Type": "Index Scan", "Parent Relationship": "Inner", "Scan Direction": "Forward", "Index Name": "idx_orders_custkey", "Relation Name": "orders", "Alias": "orders", "Startup Cost": 0.0, "Total Cost": 1.24, "Plan Rows": 1, "Plan Width": 16, "Index Cond": "(o_custkey = customer.c_custkey)", "Filter": "((o_orderdate >= '1994-01-01 00:00:00'::timestamp(0) without time zone) AND (o_orderdate < '1995-01-01 00:00:00'::timestamp without time zone))"}]}, {"Node Type": "Index Scan", "Parent Relationship": "Inner", "Scan Direction": "Forward", "Index Name": "idx_lineitem_orderkey", "Relation Name": "lineitem", "Alias": "lineitem", "Startup Cost": 0.0, "Total Cost": 3.05, "Plan Rows": 9, "Plan Width": 32, "Index Cond": "(l_orderkey = orders.o_orderkey)"}]}, {"Node Type": "Hash", "Parent Relationship": "Inner", "Startup Cost": 3283.0, "Total Cost": 3283.0, "Plan Rows": 100000, "Plan Width": 12, "Plans": [{"Node Type": "Seq Scan", "Parent Relationship": "Outer", "Relation Name": "supplier", "Alias": "supplier", "Startup Cost": 0.0, "Total Cost": 3283.0, "Plan Rows": 100000, "Plan Width": 12}]}]}]}]}, "Unique SQL Id": 1392561963}, "explain_analyze_plan": {"Plan": {"Node Type": "Sort", "Startup Cost": 1720718.42, "Total Cost": 1720718.49, "Plan Rows": 25, "Plan Width": 42, "Actual Startup Time": 16850.387, "Actual Total Time": 16850.387, "Actual Rows": 5, "Actual Loops": 1, "Sort Key": ["(sum((lineitem.l_extendedprice * (1::double precision - lineitem.l_discount)))) DESC"], "Sort Method": "quicksort", "Sort Space Used": 25, "Sort Space Type": "Memory", "Plans": [{"Node Type": "Aggregate", "Strategy": "Hashed", "Parent Relationship": "Outer", "Startup Cost": 1720717.59, "Total Cost": 1720717.84, "Plan Rows": 25, "Plan Width": 42, "Actual Startup Time": 16850.352, "Actual Total Time": 16850.355, "Actual Rows": 5, "Actual Loops": 1, "Group By Key": ["nation.n_name"], "Plans": [{"Node Type": "Hash Join", "Parent Relationship": "Outer", "Join Type": "Inner", "Startup Cost": 5813.37, "Total Cost": 1720623.69, "Plan Rows": 9390, "Plan Width": 42, "Actual Startup Time": 87.589, "Actual Total Time": 16770.082, "Actual Rows": 72985, "Actual Loops": 1, "Inner Unique": true, "Hash Cond": "((lineitem.l_suppkey = supplier.s_suppkey) AND (customer.c_nationkey = supplier.s_nationkey))", "Plans": [{"Node Type": "Nested Loop", "Parent Relationship": "Outer", "Join Type": "Inner", "Startup Cost": 1030.37, "Total Cost": 1688079.68, "Plan Rows": 3688948, "Plan Width": 58, "Actual Startup Time": 19.109, "Actual Total Time": 15845.366, "Actual Rows": 1815222, "Actual Loops": 1, "Inner Unique": false, "Plans": [{"Node Type": "Nested Loop", "Parent Relationship": "Outer", "Join Type": "Inner", "Startup Cost": 1030.37, "Total Cost": 412285.27, "Plan Rows": 406290, "Plan Width": 42, "Actual Startup Time": 19.089, "Actual Total Time": 9833.848, "Actual Rows": 454183, "Actual Loops": 1, "Inner Unique": false, "Plans": [{"Node Type": "Nested Loop", "Parent Relationship": "Outer", "Join Type": "Inner", "Startup Cost": 1030.37, "Total Cost": 37176.47, "Plan Rows": 300000, "Plan Width": 42, "Actual Startup Time": 19.013, "Actual Total Time": 662.081, "Actual Rows": 299838, "Actual Loops": 1, "Inner Unique": false, "Plans": [{"Node Type": "Nested Loop", "Parent Relationship": "Outer", "Join Type": "Inner", "Startup Cost": 0.0, "Total Cost": 14.06, "Plan Rows": 5, "Plan Width": 30, "Actual Startup Time": 0.052, "Actual Total Time": 0.214, "Actual Rows": 5, "Actual Loops": 1, "Inner Unique": true, "Join Filter": "(nation.n_regionkey = region.r_regionkey)", "Rows Removed by Join Filter": 20, "Plans": [{"Node Type": "Index Scan", "Parent Relationship": "Outer", "Scan Direction": "Forward", "Index Name": "nation_pkey", "Relation Name": "nation", "Alias": "nation", "Startup Cost": 0.0, "Total Cost": 12.62, "Plan Rows": 25, "Plan Width": 34, "Actual Startup Time": 0.013, "Actual Total Time": 0.056, "Actual Rows": 25, "Actual Loops": 1}, {"Node Type": "Materialize", "Parent Relationship": "Inner", "Startup Cost": 0.0, "Total Cost": 1.07, "Plan Rows": 1, "Plan Width": 4, "Actual Startup Time": 0.104, "Actual Total Time": 0.107, "Actual Rows": 25, "Actual Loops": 25, "Plans": [{"Node Type": "Seq Scan", "Parent Relationship": "Outer", "Relation Name": "region", "Alias": "region", "Startup Cost": 0.0, "Total Cost": 1.06, "Plan Rows": 1, "Plan Width": 4, "Actual Startup Time": 0.021, "Actual Total Time": 0.023, "Actual Rows": 1, "Actual Loops": 1, "Filter": "(r_name = 'MIDDLE EAST'::bpchar)", "Rows Removed by Filter": 4}]}]}, {"Node Type": "Bitmap Heap Scan", "Parent Relationship": "Inner", "Relation Name": "customer", "Alias": "customer", "Startup Cost": 1030.37, "Total Cost": 6832.48, "Plan Rows": 60000, "Plan Width": 12, "Actual Startup Time": 92.01, "Actual Total Time": 587.847, "Actual Rows": 299838, "Actual Loops": 5, "Recheck Cond": "(c_nationkey = nation.n_nationkey)", "Rows Removed by Index Recheck": 0, "Exact Heap Blocks": 150033, "Lossy Heap Blocks": 150033, "Plans": [{"Node Type": "Bitmap Index Scan", "Parent Relationship": "Outer", "Index Name": "idx_customer_nationkey", "Startup Cost": 0.0, "Total Cost": 1015.37, "Plan Rows": 60000, "Plan Width": 0, "Actual Startup Time": 59.053, "Actual Total Time": 59.053, "Actual Rows": 299838, "Actual Loops": 5, "Index Cond": "(c_nationkey = nation.n_nationkey)"}]}]}, {"Node Type": "Index Scan", "Parent Relationship": "Inner", "Scan Direction": "Forward", "Index Name": "idx_orders_custkey", "Relation Name": "orders", "Alias": "orders", "Startup Cost": 0.0, "Total Cost": 1.24, "Plan Rows": 1, "Plan Width": 16, "Actual Startup Time": 4195.291, "Actual Total Time": 8911.632, "Actual Rows": 454183, "Actual Loops": 299838, "Index Cond": "(o_custkey = customer.c_custkey)", "Rows Removed by Index Recheck": 0, "Filter": "((o_orderdate >= '1994-01-01 00:00:00'::timestamp(0) without time zone) AND (o_orderdate < '1995-01-01 00:00:00'::timestamp without time zone))", "Rows Removed by Filter": 2542535}]}, {"Node Type": "Index Scan", "Parent Relationship": "Inner", "Scan Direction": "Forward", "Index Name": "idx_lineitem_orderkey", "Relation Name": "lineitem", "Alias": "lineitem", "Startup Cost": 0.0, "Total Cost": 3.05, "Plan Rows": 9, "Plan Width": 32, "Actual Startup Time": 4389.838, "Actual Total Time": 5365.974, "Actual Rows": 1815222, "Actual Loops": 454183, "Index Cond": "(l_orderkey = orders.o_orderkey)", "Rows Removed by Index Recheck": 0}]}, {"Node Type": "Hash", "Parent Relationship": "Inner", "Startup Cost": 3283.0, "Total Cost": 3283.0, "Plan Rows": 100000, "Plan Width": 12, "Actual Startup Time": 68.231, "Actual Total Time": 68.231, "Actual Rows": 100000, "Actual Loops": 1, "Hash Buckets": 131072, "Hash Batches": 1, "Original Hash Batches": 1, "Peak Memory Usage": 4297, "Plans": [{"Node Type": "Seq Scan", "Parent Relationship": "Outer", "Relation Name": "supplier", "Alias": "supplier", "Startup Cost": 0.0, "Total Cost": 3283.0, "Plan Rows": 100000, "Plan Width": 12, "Actual Startup Time": 0.021, "Actual Total Time": 36.519, "Actual Rows": 100000, "Actual Loops": 1}]}]}]}]}, "Triggers": [], "Planner Runtime": 7.268, "Total Runtime": 16850.847, "Unique SQL Id": 1392561963}}, "(1, 37)": {"explain_plan": {"Plan": {"Node Type": "Sort", "Startup Cost": 1722781.24, "Total Cost": 1722781.31, "Plan Rows": 25, "Plan Width": 42, "Sort Key": ["(sum((lineitem.l_extendedprice * (1::double precision - lineitem.l_discount)))) DESC"], "Plans": [{"Node Type": "Aggregate", "Strategy": "Hashed", "Parent Relationship": "Outer", "Startup Cost": 1722780.41, "Total Cost": 1722780.66, "Plan Rows": 25, "Plan Width": 42, "Group By Key": ["nation.n_name"], "Plans": [{"Node Type": "Hash Join", "Parent Relationship": "Outer", "Join Type": "Inner", "Startup Cost": 7864.91, "Total Cost": 1722686.51, "Plan Rows": 9390, "Plan Width": 42, "Inner Unique": true, "Hash Cond": "((lineitem.l_suppkey = supplier.s_suppkey) AND (customer.c_nationkey = supplier.s_nationkey))", "Plans": [{"Node Type": "Nested Loop", "Parent Relationship": "Outer", "Join Type": "Inner", "Startup Cost": 1030.37, "Total Cost": 1688090.96, "Plan Rows": 3688948, "Plan Width": 58, "Inner Unique": false, "Plans": [{"Node Type": "Nested Loop", "Parent Relationship": "Outer", "Join Type": "Inner", "Startup Cost": 1030.37, "Total Cost": 412296.55, "Plan Rows": 406290, "Plan Width": 42, "Inner Unique": false, "Plans": [{"Node Type": "Nested Loop", "Parent Relationship": "Outer", "Join Type": "Inner", "Startup Cost": 1030.37, "Total Cost": 37187.75, "Plan Rows": 300000, "Plan Width": 42, "Inner Unique": false, "Plans": [{"Node Type": "Nested Loop", "Parent Relationship": "Outer", "Join Type": "Inner", "Startup Cost": 0.0, "Total Cost": 25.34, "Plan Rows": 5, "Plan Width": 30, "Inner Unique": true, "Join Filter": "(nation.n_regionkey = region.r_regionkey)", "Plans": [{"Node Type": "Index Scan", "Parent Relationship": "Outer", "Scan Direction": "Forward", "Index Name": "nation_pkey", "Relation Name": "nation", "Alias": "nation", "Startup Cost": 0.0, "Total Cost": 12.62, "Plan Rows": 25, "Plan Width": 34}, {"Node Type": "Materialize", "Parent Relationship": "Inner", "Startup Cost": 0.0, "Total Cost": 12.34, "Plan Rows": 1, "Plan Width": 4, "Plans": [{"Node Type": "Index Scan", "Parent Relationship": "Outer", "Scan Direction": "Forward", "Index Name": "region_pkey", "Relation Name": "region", "Alias": "region", "Startup Cost": 0.0, "Total Cost": 12.34, "Plan Rows": 1, "Plan Width": 4, "Filter": "(r_name = 'MIDDLE EAST'::bpchar)"}]}]}, {"Node Type": "Bitmap Heap Scan", "Parent Relationship": "Inner", "Relation Name": "customer", "Alias": "customer", "Startup Cost": 1030.37, "Total Cost": 6832.48, "Plan Rows": 60000, "Plan Width": 12, "Recheck Cond": "(c_nationkey = nation.n_nationkey)", "Plans": [{"Node Type": "Bitmap Index Scan", "Parent Relationship": "Outer", "Index Name": "idx_customer_nationkey", "Startup Cost": 0.0, "Total Cost": 1015.37, "Plan Rows": 60000, "Plan Width": 0, "Index Cond": "(c_nationkey = nation.n_nationkey)"}]}]}, {"Node Type": "Index Scan", "Parent Relationship": "Inner", "Scan Direction": "Forward", "Index Name": "idx_orders_custkey", "Relation Name": "orders", "Alias": "orders", "Startup Cost": 0.0, "Total Cost": 1.24, "Plan Rows": 1, "Plan Width": 16, "Index Cond": "(o_custkey = customer.c_custkey)", "Filter": "((o_orderdate >= '1994-01-01 00:00:00'::timestamp(0) without time zone) AND (o_orderdate < '1995-01-01 00:00:00'::timestamp without time zone))"}]}, {"Node Type": "Index Scan", "Parent Relationship": "Inner", "Scan Direction": "Forward", "Index Name": "idx_lineitem_orderkey", "Relation Name": "lineitem", "Alias": "lineitem", "Startup Cost": 0.0, "Total Cost": 3.05, "Plan Rows": 9, "Plan Width": 32, "Index Cond": "(l_orderkey = orders.o_orderkey)"}]}, {"Node Type": "Hash", "Parent Relationship": "Inner", "Startup Cost": 5334.54, "Total Cost": 5334.54, "Plan Rows": 100000, "Plan Width": 12, "Plans": [{"Node Type": "Index Scan", "Parent Relationship": "Outer", "Scan Direction": "Forward", "Index Name": "supplier_pkey", "Relation Name": "supplier", "Alias": "supplier", "Startup Cost": 0.0, "Total Cost": 5334.54, "Plan Rows": 100000, "Plan Width": 12}]}]}]}]}, "Unique SQL Id": 1392561963}, "explain_analyze_plan": {"Plan": {"Node Type": "Sort", "Startup Cost": 1722781.24, "Total Cost": 1722781.31, "Plan Rows": 25, "Plan Width": 42, "Actual Startup Time": 17131.002, "Actual Total Time": 17131.003, "Actual Rows": 5, "Actual Loops": 1, "Sort Key": ["(sum((lineitem.l_extendedprice * (1::double precision - lineitem.l_discount)))) DESC"], "Sort Method": "quicksort", "Sort Space Used": 25, "Sort Space Type": "Memory", "Plans": [{"Node Type": "Aggregate", "Strategy": "Hashed", "Parent Relationship": "Outer", "Startup Cost": 1722780.41, "Total Cost": 1722780.66, "Plan Rows": 25, "Plan Width": 42, "Actual Startup Time": 17130.981, "Actual Total Time": 17130.982, "Actual Rows": 5, "Actual Loops": 1, "Group By Key": ["nation.n_name"], "Plans": [{"Node Type": "Hash Join", "Parent Relationship": "Outer", "Join Type": "Inner", "Startup Cost": 7864.91, "Total Cost": 1722686.51, "Plan Rows": 9390, "Plan Width": 42, "Actual Startup Time": 111.787, "Actual Total Time": 17051.639, "Actual Rows": 72985, "Actual Loops": 1, "Inner Unique": true, "Hash Cond": "((lineitem.l_suppkey = supplier.s_suppkey) AND (customer.c_nationkey = supplier.s_nationkey))", "Plans": [{"Node Type": "Nested Loop", "Parent Relationship": "Outer", "Join Type": "Inner", "Startup Cost": 1030.37, "Total Cost": 1688090.96, "Plan Rows": 3688948, "Plan Width": 58, "Actual Startup Time": 18.897, "Actual Total Time": 16095.078, "Actual Rows": 1815222, "Actual Loops": 1, "Inner Unique": false, "Plans": [{"Node Type": "Nested Loop", "Parent Relationship": "Outer", "Join Type": "Inner", "Startup Cost": 1030.37, "Total Cost": 412296.55, "Plan Rows": 406290, "Plan Width": 42, "Actual Startup Time": 18.878, "Actual Total Time": 10003.183, "Actual Rows": 454183, "Actual Loops": 1, "Inner Unique": false, "Plans": [{"Node Type": "Nested Loop", "Parent Relationship": "Outer", "Join Type": "Inner", "Startup Cost": 1030.37, "Total Cost": 37187.75, "Plan Rows": 300000, "Plan Width": 42, "Actual Startup Time": 18.801, "Actual Total Time": 672.847, "Actual Rows": 299838, "Actual Loops": 1, "Inner Unique": false, "Plans": [{"Node Type": "Nested Loop", "Parent Relationship": "Outer", "Join Type": "Inner", "Startup Cost": 0.0, "Total Cost": 25.34, "Plan Rows": 5, "Plan Width": 30, "Actual Startup Time": 0.047, "Actual Total Time": 0.117, "Actual Rows": 5, "Actual Loops": 1, "Inner Unique": true, "Join Filter": "(nation.n_regionkey = region.r_regionkey)", "Rows Removed by Join Filter": 20, "Plans": [{"Node Type": "Index Scan", "Parent Relationship": "Outer", "Scan Direction": "Forward", "Index Name": "nation_pkey", "Relation Name": "nation", "Alias": "nation", "Startup Cost": 0.0, "Total Cost": 12.62, "Plan Rows": 25, "Plan Width": 34, "Actual Startup Time": 0.015, "Actual Total Time": 0.04, "Actual Rows": 25, "Actual Loops": 1}, {"Node Type": "Materialize", "Parent Relationship": "Inner", "Startup Cost": 0.0, "Total Cost": 12.34, "Plan Rows": 1, "Plan Width": 4, "Actual Startup Time": 0.03, "Actual Total Time": 0.035, "Actual Rows": 25, "Actual Loops": 25, "Plans": [{"Node Type": "Index Scan", "Parent Relationship": "Outer", "Scan Direction": "Forward", "Index Name": "region_pkey", "Relation Name": "region", "Alias": "region", "Startup Cost": 0.0, "Total Cost": 12.34, "Plan Rows": 1, "Plan Width": 4, "Actual Startup Time": 0.015, "Actual Total Time": 0.016, "Actual Rows": 1, "Actual Loops": 1, "Filter": "(r_name = 'MIDDLE EAST'::bpchar)", "Rows Removed by Filter": 4}]}]}, {"Node Type": "Bitmap Heap Scan", "Parent Relationship": "Inner", "Relation Name": "customer", "Alias": "customer", "Startup Cost": 1030.37, "Total Cost": 6832.48, "Plan Rows": 60000, "Plan Width": 12, "Actual Startup Time": 91.366, "Actual Total Time": 597.022, "Actual Rows": 299838, "Actual Loops": 5, "Recheck Cond": "(c_nationkey = nation.n_nationkey)", "Rows Removed by Index Recheck": 0, "Exact Heap Blocks": 150033, "Lossy Heap Blocks": 150033, "Plans": [{"Node Type": "Bitmap Index Scan", "Parent Relationship": "Outer", "Index Name": "idx_customer_nationkey", "Startup Cost": 0.0, "Total Cost": 1015.37, "Plan Rows": 60000, "Plan Width": 0, "Actual Startup Time": 58.414, "Actual Total Time": 58.414, "Actual Rows": 299838, "Actual Loops": 5, "Index Cond": "(c_nationkey = nation.n_nationkey)"}]}]}, {"Node Type": "Index Scan", "Parent Relationship": "Inner", "Scan Direction": "Forward", "Index Name": "idx_orders_custkey", "Relation Name": "orders", "Alias": "orders", "Startup Cost": 0.0, "Total Cost": 1.24, "Plan Rows": 1, "Plan Width": 16, "Actual Startup Time": 4270.328, "Actual Total Time": 9070.182, "Actual Rows": 454183, "Actual Loops": 299838, "Index Cond": "(o_custkey = customer.c_custkey)", "Rows Removed by Index Recheck": 0, "Filter": "((o_orderdate >= '1994-01-01 00:00:00'::timestamp(0) without time zone) AND (o_orderdate < '1995-01-01 00:00:00'::timestamp without time zone))", "Rows Removed by Filter": 2542535}]}, {"Node Type": "Index Scan", "Parent Relationship": "Inner", "Scan Direction": "Forward", "Index Name": "idx_lineitem_orderkey", "Relation Name": "lineitem", "Alias": "lineitem", "Startup Cost": 0.0, "Total Cost": 3.05, "Plan Rows": 9, "Plan Width": 32, "Actual Startup Time": 4460.032, "Actual Total Time": 5446.131, "Actual Rows": 1815222, "Actual Loops": 454183, "Index Cond": "(l_orderkey = orders.o_orderkey)", "Rows Removed by Index Recheck": 0}]}, {"Node Type": "Hash", "Parent Relationship": "Inner", "Startup Cost": 5334.54, "Total Cost": 5334.54, "Plan Rows": 100000, "Plan Width": 12, "Actual Startup Time": 92.65, "Actual Total Time": 92.65, "Actual Rows": 100000, "Actual Loops": 1, "Hash Buckets": 131072, "Hash Batches": 1, "Original Hash Batches": 1, "Peak Memory Usage": 4297, "Plans": [{"Node Type": "Index Scan", "Parent Relationship": "Outer", "Scan Direction": "Forward", "Index Name": "supplier_pkey", "Relation Name": "supplier", "Alias": "supplier", "Startup Cost": 0.0, "Total Cost": 5334.54, "Plan Rows": 100000, "Plan Width": 12, "Actual Startup Time": 0.025, "Actual Total Time": 60.816, "Actual Rows": 100000, "Actual Loops": 1}]}]}]}]}, "Triggers": [], "Planner Runtime": 7.133, "Total Runtime": 17131.597, "Unique SQL Id": 1392561963}}, "(1, 38)": {"explain_plan": {"Plan": {"Node Type": "Sort", "Startup Cost": 2457247.05, "Total Cost": 2457247.11, "Plan Rows": 25, "Plan Width": 42, "Sort Key": ["(sum((lineitem.l_extendedprice * (1::double precision - lineitem.l_discount)))) DESC"], "Plans": [{"Node Type": "Aggregate", "Strategy": "Hashed", "Parent Relationship": "Outer", "Startup Cost": 2457246.22, "Total Cost": 2457246.47, "Plan Rows": 25, "Plan Width": 42, "Group By Key": ["nation.n_name"], "Plans": [{"Node Type": "Hash Join", "Parent Relationship": "Outer", "Join Type": "Inner", "Startup Cost": 104058.84, "Total Cost": 2457152.32, "Plan Rows": 9390, "Plan Width": 42, "Inner Unique": true, "Hash Cond": "((lineitem.l_suppkey = supplier.s_suppkey) AND (customer.c_nationkey = supplier.s_nationkey))", "Plans": [{"Node Type": "Nested Loop", "Parent Relationship": "Outer", "Join Type": "Inner", "Startup Cost": 99275.84, "Total Cost": 2424608.31, "Plan Rows": 3688948, "Plan Width": 58, "Inner Unique": false, "Plans": [{"Node Type": "Hash Join", "Parent Relationship": "Outer", "Join Type": "Inner", "Startup Cost": 99275.12, "Total Cost": 422539.98, "Plan Rows": 406290, "Plan Width": 42, "Inner Unique": false, "Hash Cond": "(orders.o_custkey = customer.c_custkey), (LLVM Optimized)", "Plans": [{"Node Type": "Bitmap Heap Scan", "Parent Relationship": "Outer", "Relation Name": "orders", "Alias": "orders", "Startup Cost": 58360.27, "Total Cost": 369005.64, "Plan Rows": 2281758, "Plan Width": 16, "Recheck Cond": "((o_orderdate >= '1994-01-01 00:00:00'::timestamp(0) without time zone) AND (o_orderdate < '1995-01-01 00:00:00'::timestamp without time zone)), (LLVM Optimized)", "Plans": [{"Node Type": "Bitmap Index Scan", "Parent Relationship": "Outer", "Index Name": "idx_orders_orderdate", "Startup Cost": 0.0, "Total Cost": 57789.83, "Plan Rows": 2281758, "Plan Width": 0, "Index Cond": "((o_orderdate >= '1994-01-01 00:00:00'::timestamp(0) without time zone) AND (o_orderdate < '1995-01-01 00:00:00'::timestamp without time zone))"}]}, {"Node Type": "Hash", "Parent Relationship": "Inner", "Startup Cost": 37164.85, "Total Cost": 37164.85, "Plan Rows": 300000, "Plan Width": 42, "Plans": [{"Node Type": "Nested Loop", "Parent Relationship": "Outer", "Join Type": "Inner", "Startup Cost": 1031.44, "Total Cost": 37164.85, "Plan Rows": 300000, "Plan Width": 42, "Inner Unique": false, "Plans": [{"Node Type": "Hash Join", "Parent Relationship": "Outer", "Join Type": "Inner", "Startup Cost": 1.07, "Total Cost": 2.44, "Plan Rows": 5, "Plan Width": 30, "Inner Unique": true, "Hash Cond": "(nation.n_regionkey = region.r_regionkey)", "Plans": [{"Node Type": "Seq Scan", "Parent Relationship": "Outer", "Relation Name": "nation", "Alias": "nation", "Startup Cost": 0.0, "Total Cost": 1.25, "Plan Rows": 25, "Plan Width": 34}, {"Node Type": "Hash", "Parent Relationship": "Inner", "Startup Cost": 1.06, "Total Cost": 1.06, "Plan Rows": 1, "Plan Width": 4, "Plans": [{"Node Type": "Seq Scan", "Parent Relationship": "Outer", "Relation Name": "region", "Alias": "region", "Startup Cost": 0.0, "Total Cost": 1.06, "Plan Rows": 1, "Plan Width": 4, "Filter": "(r_name = 'MIDDLE EAST'::bpchar)"}]}]}, {"Node Type": "Bitmap Heap Scan", "Parent Relationship": "Inner", "Relation Name": "customer", "Alias": "customer", "Startup Cost": 1030.37, "Total Cost": 6832.48, "Plan Rows": 60000, "Plan Width": 12, "Recheck Cond": "(c_nationkey = nation.n_nationkey)", "Plans": [{"Node Type": "Bitmap Index Scan", "Parent Relationship": "Outer", "Index Name": "idx_customer_nationkey", "Startup Cost": 0.0, "Total Cost": 1015.37, "Plan Rows": 60000, "Plan Width": 0, "Index Cond": "(c_nationkey = nation.n_nationkey)"}]}]}]}]}, {"Node Type": "Bitmap Heap Scan", "Parent Relationship": "Inner", "Relation Name": "lineitem", "Alias": "lineitem", "Startup Cost": 0.73, "Total Cost": 4.84, "Plan Rows": 9, "Plan Width": 32, "Recheck Cond": "(l_orderkey = orders.o_orderkey)", "Plans": [{"Node Type": "Bitmap Index Scan", "Parent Relationship": "Outer", "Index Name": "idx_lineitem_orderkey", "Startup Cost": 0.0, "Total Cost": 0.72, "Plan Rows": 9, "Plan Width": 0, "Index Cond": "(l_orderkey = orders.o_orderkey)"}]}]}, {"Node Type": "Hash", "Parent Relationship": "Inner", "Startup Cost": 3283.0, "Total Cost": 3283.0, "Plan Rows": 100000, "Plan Width": 12, "Plans": [{"Node Type": "Seq Scan", "Parent Relationship": "Outer", "Relation Name": "supplier", "Alias": "supplier", "Startup Cost": 0.0, "Total Cost": 3283.0, "Plan Rows": 100000, "Plan Width": 12}]}]}]}]}, "Unique SQL Id": 1392561963}, "explain_analyze_plan": {"Plan": {"Node Type": "Sort", "Startup Cost": 2457247.05, "Total Cost": 2457247.11, "Plan Rows": 25, "Plan Width": 42, "Actual Startup Time": 10016.715, "Actual Total Time": 10016.716, "Actual Rows": 5, "Actual Loops": 1, "Sort Key": ["(sum((lineitem.l_extendedprice * (1::double precision - lineitem.l_discount)))) DESC"], "Sort Method": "quicksort", "Sort Space Used": 25, "Sort Space Type": "Memory", "Plans": [{"Node Type": "Aggregate", "Strategy": "Hashed", "Parent Relationship": "Outer", "Startup Cost": 2457246.22, "Total Cost": 2457246.47, "Plan Rows": 25, "Plan Width": 42, "Actual Startup Time": 10016.685, "Actual Total Time": 10016.685, "Actual Rows": 5, "Actual Loops": 1, "Group By Key": ["nation.n_name"], "Plans": [{"Node Type": "Hash Join", "Parent Relationship": "Outer", "Join Type": "Inner", "Startup Cost": 104058.84, "Total Cost": 2457152.32, "Plan Rows": 9390, "Plan Width": 42, "Actual Startup Time": 1421.213, "Actual Total Time": 9937.329, "Actual Rows": 72985, "Actual Loops": 1, "Inner Unique": true, "Hash Cond": "((lineitem.l_suppkey = supplier.s_suppkey) AND (customer.c_nationkey = supplier.s_nationkey))", "Plans": [{"Node Type": "Nested Loop", "Parent Relationship": "Outer", "Join Type": "Inner", "Startup Cost": 99275.84, "Total Cost": 2424608.31, "Plan Rows": 3688948, "Plan Width": 58, "Actual Startup Time": 1353.747, "Actual Total Time": 9142.644, "Actual Rows": 1815222, "Actual Loops": 1, "Inner Unique": false, "Plans": [{"Node Type": "Hash Join", "Parent Relationship": "Outer", "Join Type": "Inner", "Startup Cost": 99275.12, "Total Cost": 422539.98, "Plan Rows": 406290, "Plan Width": 42, "Actual Startup Time": 1353.679, "Actual Total Time": 4183.794, "Actual Rows": 454183, "Actual Loops": 1, "Inner Unique": false, "Hash Cond": "(orders.o_custkey = customer.c_custkey), (LLVM Optimized, Jit Execute)", "Plans": [{"Node Type": "Bitmap Heap Scan", "Parent Relationship": "Outer", "Relation Name": "orders", "Alias": "orders", "Startup Cost": 58360.27, "Total Cost": 369005.64, "Plan Rows": 2281758, "Plan Width": 16, "Actual Startup Time": 705.311, "Actual Total Time": 2424.409, "Actual Rows": 2275919, "Actual Loops": 1, "Recheck Cond": "((o_orderdate >= '1994-01-01 00:00:00'::timestamp(0) without time zone) AND (o_orderdate < '1995-01-01 00:00:00'::timestamp without time zone)), (LLVM Optimized, Jit Execute)", "Rows Removed by Index Recheck": 0, "Exact Heap Blocks": 276381, "Lossy Heap Blocks": 276381, "Plans": [{"Node Type": "Bitmap Index Scan", "Parent Relationship": "Outer", "Index Name": "idx_orders_orderdate", "Startup Cost": 0.0, "Total Cost": 57789.83, "Plan Rows": 2281758, "Plan Width": 0, "Actual Startup Time": 616.82, "Actual Total Time": 616.82, "Actual Rows": 2275919, "Actual Loops": 1, "Index Cond": "((o_orderdate >= '1994-01-01 00:00:00'::timestamp(0) without time zone) AND (o_orderdate < '1995-01-01 00:00:00'::timestamp without time zone))"}]}, {"Node Type": "Hash", "Parent Relationship": "Inner", "Startup Cost": 37164.85, "Total Cost": 37164.85, "Plan Rows": 300000, "Plan Width": 42, "Actual Startup Time": 647.953, "Actual Total Time": 647.953, "Actual Rows": 299838, "Actual Loops": 1, "Hash Buckets": 524288, "Hash Batches": 1, "Original Hash Batches": 1, "Peak Memory Usage": 22254, "Plans": [{"Node Type": "Nested Loop", "Parent Relationship": "Outer", "Join Type": "Inner", "Startup Cost": 1031.44, "Total Cost": 37164.85, "Plan Rows": 300000, "Plan Width": 42, "Actual Startup Time": 19.353, "Actual Total Time": 537.178, "Actual Rows": 299838, "Actual Loops": 1, "Inner Unique": false, "Plans": [{"Node Type": "Hash Join", "Parent Relationship": "Outer", "Join Type": "Inner", "Startup Cost": 1.07, "Total Cost": 2.44, "Plan Rows": 5, "Plan Width": 30, "Actual Startup Time": 0.102, "Actual Total Time": 0.177, "Actual Rows": 5, "Actual Loops": 1, "Inner Unique": true, "Hash Cond": "(nation.n_regionkey = region.r_regionkey)", "Plans": [{"Node Type": "Seq Scan", "Parent Relationship": "Outer", "Relation Name": "nation", "Alias": "nation", "Startup Cost": 0.0, "Total Cost": 1.25, "Plan Rows": 25, "Plan Width": 34, "Actual Startup Time": 0.017, "Actual Total Time": 0.039, "Actual Rows": 25, "Actual Loops": 1}, {"Node Type": "Hash", "Parent Relationship": "Inner", "Startup Cost": 1.06, "Total Cost": 1.06, "Plan Rows": 1, "Plan Width": 4, "Actual Startup Time": 0.032, "Actual Total Time": 0.032, "Actual Rows": 1, "Actual Loops": 1, "Hash Buckets": 32768, "Hash Batches": 1, "Original Hash Batches": 1, "Peak Memory Usage": 1, "Plans": [{"Node Type": "Seq Scan", "Parent Relationship": "Outer", "Relation Name": "region", "Alias": "region", "Startup Cost": 0.0, "Total Cost": 1.06, "Plan Rows": 1, "Plan Width": 4, "Actual Startup Time": 0.025, "Actual Total Time": 0.026, "Actual Rows": 1, "Actual Loops": 1, "Filter": "(r_name = 'MIDDLE EAST'::bpchar)", "Rows Removed by Filter": 4}]}]}, {"Node Type": "Bitmap Heap Scan", "Parent Relationship": "Inner", "Relation Name": "customer", "Alias": "customer", "Startup Cost": 1030.37, "Total Cost": 6832.48, "Plan Rows": 60000, "Plan Width": 12, "Actual Startup Time": 90.117, "Actual Total Time": 468.891, "Actual Rows": 299838, "Actual Loops": 5, "Recheck Cond": "(c_nationkey = nation.n_nationkey)", "Rows Removed by Index Recheck": 0, "Exact Heap Blocks": 150033, "Lossy Heap Blocks": 150033, "Plans": [{"Node Type": "Bitmap Index Scan", "Parent Relationship": "Outer", "Index Name": "idx_customer_nationkey", "Startup Cost": 0.0, "Total Cost": 1015.37, "Plan Rows": 60000, "Plan Width": 0, "Actual Startup Time": 57.226, "Actual Total Time": 57.226, "Actual Rows": 299838, "Actual Loops": 5, "Index Cond": "(c_nationkey = nation.n_nationkey)"}]}]}]}]}, {"Node Type": "Bitmap Heap Scan", "Parent Relationship": "Inner", "Relation Name": "lineitem", "Alias": "lineitem", "Startup Cost": 0.73, "Total Cost": 4.84, "Plan Rows": 9, "Plan Width": 32, "Actual Startup Time": 3732.72, "Actual Total Time": 4049.051, "Actual Rows": 1815222, "Actual Loops": 454183, "Recheck Cond": "(l_orderkey = orders.o_orderkey)", "Rows Removed by Index Recheck": 0, "Exact Heap Blocks": 486530, "Lossy Heap Blocks": 486530, "Plans": [{"Node Type": "Bitmap Index Scan", "Parent Relationship": "Outer", "Index Name": "idx_lineitem_orderkey", "Startup Cost": 0.0, "Total Cost": 0.72, "Plan Rows": 9, "Plan Width": 0, "Actual Startup Time": 2078.6, "Actual Total Time": 2078.6, "Actual Rows": 1815222, "Actual Loops": 454183, "Index Cond": "(l_orderkey = orders.o_orderkey)"}]}]}, {"Node Type": "Hash", "Parent Relationship": "Inner", "Startup Cost": 3283.0, "Total Cost": 3283.0, "Plan Rows": 100000, "Plan Width": 12, "Actual Startup Time": 67.318, "Actual Total Time": 67.318, "Actual Rows": 100000, "Actual Loops": 1, "Hash Buckets": 131072, "Hash Batches": 1, "Original Hash Batches": 1, "Peak Memory Usage": 4297, "Plans": [{"Node Type": "Seq Scan", "Parent Relationship": "Outer", "Relation Name": "supplier", "Alias": "supplier", "Startup Cost": 0.0, "Total Cost": 3283.0, "Plan Rows": 100000, "Plan Width": 12, "Actual Startup Time": 0.029, "Actual Total Time": 36.397, "Actual Rows": 100000, "Actual Loops": 1}]}]}]}]}, "Triggers": [], "Planner Runtime": 6.272, "Total Runtime": 10026.442, "Unique SQL Id": 1392561963}}, "(1, 39)": {"explain_plan": {"Plan": {"Node Type": "Sort", "Startup Cost": 46003135.57, "Total Cost": 46003135.63, "Plan Rows": 25, "Plan Width": 42, "Sort Key": ["(sum((lineitem.l_extendedprice * (1::double precision - lineitem.l_discount)))) DESC"], "Plans": [{"Node Type": "Aggregate", "Strategy": "Hashed", "Parent Relationship": "Outer", "Startup Cost": 46003134.74, "Total Cost": 46003134.99, "Plan Rows": 25, "Plan Width": 42, "Group By Key": ["nation.n_name"], "Plans": [{"Node Type": "Nested Loop", "Parent Relationship": "Outer", "Join Type": "Inner", "Startup Cost": 58362.35, "Total Cost": 46003040.84, "Plan Rows": 9390, "Plan Width": 42, "Inner Unique": true, "Join Filter": "(customer.c_nationkey = supplier.s_nationkey)", "Plans": [{"Node Type": "Nested Loop", "Parent Relationship": "Outer", "Join Type": "Inner", "Startup Cost": 58362.1, "Total Cost": 30204103.6, "Plan Rows": 3688948, "Plan Width": 58, "Inner Unique": false, "Plans": [{"Node Type": "Nested Loop", "Parent Relationship": "Outer", "Join Type": "Inner", "Startup Cost": 58361.37, "Total Cost": 28202035.27, "Plan Rows": 406290, "Plan Width": 42, "Inner Unique": true, "Plans": [{"Node Type": "Nested Loop", "Parent Relationship": "Outer", "Join Type": "Inner", "Startup Cost": 58360.79, "Total Cost": 18851769.58, "Plan Rows": 2031452, "Plan Width": 46, "Inner Unique": true, "Plans": [{"Node Type": "Nested Loop", "Parent Relationship": "Outer", "Join Type": "Inner", "Startup Cost": 58360.54, "Total Cost": 10156636.32, "Plan Rows": 2031452, "Plan Width": 12, "Inner Unique": true, "Plans": [{"Node Type": "Bitmap Heap Scan", "Parent Relationship": "Outer", "Relation Name": "orders", "Alias": "orders", "Startup Cost": 58360.27, "Total Cost": 369005.64, "Plan Rows": 2281758, "Plan Width": 16, "Recheck Cond": "((o_orderdate >= '1994-01-01 00:00:00'::timestamp(0) without time zone) AND (o_orderdate < '1995-01-01 00:00:00'::timestamp without time zone)), (LLVM Optimized)", "Plans": [{"Node Type": "Bitmap Index Scan", "Parent Relationship": "Outer", "Index Name": "idx_orders_orderdate", "Startup Cost": 0.0, "Total Cost": 57789.83, "Plan Rows": 2281758, "Plan Width": 0, "Index Cond": "((o_orderdate >= '1994-01-01 00:00:00'::timestamp(0) without time zone) AND (o_orderdate < '1995-01-01 00:00:00'::timestamp without time zone))"}]}, {"Node Type": "Bitmap Heap Scan", "Parent Relationship": "Inner", "Relation Name": "customer", "Alias": "customer", "Startup Cost": 0.27, "Total Cost": 4.28, "Plan Rows": 1, "Plan Width": 12, "Recheck Cond": "(c_custkey = orders.o_custkey)", "Plans": [{"Node Type": "Bitmap Index Scan", "Parent Relationship": "Outer", "Index Name": "customer_pkey", "Startup Cost": 0.0, "Total Cost": 0.27, "Plan Rows": 1, "Plan Width": 0, "Index Cond": "(c_custkey = orders.o_custkey)"}]}]}, {"Node Type": "Bitmap Heap Scan", "Parent Relationship": "Inner", "Relation Name": "nation", "Alias": "nation", "Startup Cost": 0.26, "Total Cost": 4.27, "Plan Rows": 1, "Plan Width": 34, "Recheck Cond": "(n_nationkey = customer.c_nationkey)", "Plans": [{"Node Type": "Bitmap Index Scan", "Parent Relationship": "Outer", "Index Name": "nation_pkey", "Startup Cost": 0.0, "Total Cost": 0.26, "Plan Rows": 1, "Plan Width": 0, "Index Cond": "(n_nationkey = customer.c_nationkey)"}]}]}, {"Node Type": "Bitmap Heap Scan", "Parent Relationship": "Inner", "Relation Name": "region", "Alias": "region", "Startup Cost": 0.58, "Total Cost": 4.59, "Plan Rows": 1, "Plan Width": 4, "Recheck Cond": "(r_regionkey = nation.n_regionkey)", "Filter": "(r_name = 'MIDDLE EAST'::bpchar)", "Plans": [{"Node Type": "Bitmap Index Scan", "Parent Relationship": "Outer", "Index Name": "region_pkey", "Startup Cost": 0.0, "Total Cost": 0.58, "Plan Rows": 1, "Plan Width": 0, "Index Cond": "(r_regionkey = nation.n_regionkey)"}]}]}, {"Node Type": "Bitmap Heap Scan", "Parent Relationship": "Inner", "Relation Name": "lineitem", "Alias": "lineitem", "Startup Cost": 0.73, "Total Cost": 4.84, "Plan Rows": 9, "Plan Width": 32, "Recheck Cond": "(l_orderkey = orders.o_orderkey)", "Plans": [{"Node Type": "Bitmap Index Scan", "Parent Relationship": "Outer", "Index Name": "idx_lineitem_orderkey", "Startup Cost": 0.0, "Total Cost": 0.72, "Plan Rows": 9, "Plan Width": 0, "Index Cond": "(l_orderkey = orders.o_orderkey)"}]}]}, {"Node Type": "Bitmap Heap Scan", "Parent Relationship": "Inner", "Relation Name": "supplier", "Alias": "supplier", "Startup Cost": 0.26, "Total Cost": 4.27, "Plan Rows": 1, "Plan Width": 12, "Recheck Cond": "(s_suppkey = lineitem.l_suppkey)", "Plans": [{"Node Type": "Bitmap Index Scan", "Parent Relationship": "Outer", "Index Name": "supplier_pkey", "Startup Cost": 0.0, "Total Cost": 0.26, "Plan Rows": 1, "Plan Width": 0, "Index Cond": "(s_suppkey = lineitem.l_suppkey)"}]}]}]}]}, "Unique SQL Id": 1392561963}, "explain_analyze_plan": null}, "(1, 40)": {"explain_plan": {"Plan": {"Node Type": "Sort", "Startup Cost": 1725068.14, "Total Cost": 1725068.21, "Plan Rows": 25, "Plan Width": 42, "Sort Key": ["(sum((lineitem.l_extendedprice * (1::double precision - lineitem.l_discount)))) DESC"], "Plans": [{"Node Type": "Aggregate", "Strategy": "Hashed", "Parent Relationship": "Outer", "Startup Cost": 1725067.31, "Total Cost": 1725067.56, "Plan Rows": 25, "Plan Width": 42, "Group By Key": ["nation.n_name"], "Plans": [{"Node Type": "Hash Join", "Parent Relationship": "Outer", "Join Type": "Inner", "Startup Cost": 4783.0, "Total Cost": 1724973.41, "Plan Rows": 9390, "Plan Width": 42, "Inner Unique": true, "Hash Cond": "((lineitem.l_suppkey = supplier.s_suppkey) AND (customer.c_nationkey = supplier.s_nationkey))", "Plans": [{"Node Type": "Nested Loop", "Parent Relationship": "Outer", "Join Type": "Inner", "Startup Cost": 0.0, "Total Cost": 1692429.4, "Plan Rows": 3688948, "Plan Width": 58, "Inner Unique": false, "Plans": [{"Node Type": "Nested Loop", "Parent Relationship": "Outer", "Join Type": "Inner", "Startup Cost": 0.0, "Total Cost": 416634.99, "Plan Rows": 406290, "Plan Width": 42, "Inner Unique": false, "Plans": [{"Node Type": "Nested Loop", "Parent Relationship": "Outer", "Join Type": "Inner", "Startup Cost": 0.0, "Total Cost": 41526.19, "Plan Rows": 300000, "Plan Width": 42, "Inner Unique": false, "Plans": [{"Node Type": "Nested Loop", "Parent Relationship": "Outer", "Join Type": "Inner", "Startup Cost": 0.0, "Total Cost": 14.06, "Plan Rows": 5, "Plan Width": 30, "Inner Unique": true, "Join Filter": "(nation.n_regionkey = region.r_regionkey)", "Plans": [{"Node Type": "Index Scan", "Parent Relationship": "Outer", "Scan Direction": "Forward", "Index Name": "nation_pkey", "Relation Name": "nation", "Alias": "nation", "Startup Cost": 0.0, "Total Cost": 12.62, "Plan Rows": 25, "Plan Width": 34}, {"Node Type": "Materialize", "Parent Relationship": "Inner", "Startup Cost": 0.0, "Total Cost": 1.07, "Plan Rows": 1, "Plan Width": 4, "Plans": [{"Node Type": "Seq Scan", "Parent Relationship": "Outer", "Relation Name": "region", "Alias": "region", "Startup Cost": 0.0, "Total Cost": 1.06, "Plan Rows": 1, "Plan Width": 4, "Filter": "(r_name = 'MIDDLE EAST'::bpchar)"}]}]}, {"Node Type": "Index Scan", "Parent Relationship": "Inner", "Scan Direction": "Forward", "Index Name": "idx_customer_nationkey", "Relation Name": "customer", "Alias": "customer", "Startup Cost": 0.0, "Total Cost": 7702.43, "Plan Rows": 60000, "Plan Width": 12, "Index Cond": "(c_nationkey = nation.n_nationkey)"}]}, {"Node Type": "Index Scan", "Parent Relationship": "Inner", "Scan Direction": "Forward", "Index Name": "idx_orders_custkey", "Relation Name": "orders", "Alias": "orders", "Startup Cost": 0.0, "Total Cost": 1.24, "Plan Rows": 1, "Plan Width": 16, "Index Cond": "(o_custkey = customer.c_custkey)", "Filter": "((o_orderdate >= '1994-01-01 00:00:00'::timestamp(0) without time zone) AND (o_orderdate < '1995-01-01 00:00:00'::timestamp without time zone))"}]}, {"Node Type": "Index Scan", "Parent Relationship": "Inner", "Scan Direction": "Forward", "Index Name": "idx_lineitem_orderkey", "Relation Name": "lineitem", "Alias": "lineitem", "Startup Cost": 0.0, "Total Cost": 3.05, "Plan Rows": 9, "Plan Width": 32, "Index Cond": "(l_orderkey = orders.o_orderkey)"}]}, {"Node Type": "Hash", "Parent Relationship": "Inner", "Startup Cost": 3283.0, "Total Cost": 3283.0, "Plan Rows": 100000, "Plan Width": 12, "Plans": [{"Node Type": "Seq Scan", "Parent Relationship": "Outer", "Relation Name": "supplier", "Alias": "supplier", "Startup Cost": 0.0, "Total Cost": 3283.0, "Plan Rows": 100000, "Plan Width": 12}]}]}]}]}, "Unique SQL Id": 1392561963}, "explain_analyze_plan": {"Plan": {"Node Type": "Sort", "Startup Cost": 1725068.14, "Total Cost": 1725068.21, "Plan Rows": 25, "Plan Width": 42, "Actual Startup Time": 16117.885, "Actual Total Time": 16117.885, "Actual Rows": 5, "Actual Loops": 1, "Sort Key": ["(sum((lineitem.l_extendedprice * (1::double precision - lineitem.l_discount)))) DESC"], "Sort Method": "quicksort", "Sort Space Used": 25, "Sort Space Type": "Memory", "Plans": [{"Node Type": "Aggregate", "Strategy": "Hashed", "Parent Relationship": "Outer", "Startup Cost": 1725067.31, "Total Cost": 1725067.56, "Plan Rows": 25, "Plan Width": 42, "Actual Startup Time": 16117.851, "Actual Total Time": 16117.854, "Actual Rows": 5, "Actual Loops": 1, "Group By Key": ["nation.n_name"], "Plans": [{"Node Type": "Hash Join", "Parent Relationship": "Outer", "Join Type": "Inner", "Startup Cost": 4783.0, "Total Cost": 1724973.41, "Plan Rows": 9390, "Plan Width": 42, "Actual Startup Time": 71.415, "Actual Total Time": 16037.496, "Actual Rows": 72985, "Actual Loops": 1, "Inner Unique": true, "Hash Cond": "((lineitem.l_suppkey = supplier.s_suppkey) AND (customer.c_nationkey = supplier.s_nationkey))", "Plans": [{"Node Type": "Nested Loop", "Parent Relationship": "Outer", "Join Type": "Inner", "Startup Cost": 0.0, "Total Cost": 1692429.4, "Plan Rows": 3688948, "Plan Width": 58, "Actual Startup Time": 0.216, "Actual Total Time": 15190.331, "Actual Rows": 1815222, "Actual Loops": 1, "Inner Unique": false, "Plans": [{"Node Type": "Nested Loop", "Parent Relationship": "Outer", "Join Type": "Inner", "Startup Cost": 0.0, "Total Cost": 416634.99, "Plan Rows": 406290, "Plan Width": 42, "Actual Startup Time": 0.179, "Actual Total Time": 9367.842, "Actual Rows": 454183, "Actual Loops": 1, "Inner Unique": false, "Plans": [{"Node Type": "Nested Loop", "Parent Relationship": "Outer", "Join Type": "Inner", "Startup Cost": 0.0, "Total Cost": 41526.19, "Plan Rows": 300000, "Plan Width": 42, "Actual Startup Time": 0.096, "Actual Total Time": 518.505, "Actual Rows": 299838, "Actual Loops": 1, "Inner Unique": false, "Plans": [{"Node Type": "Nested Loop", "Parent Relationship": "Outer", "Join Type": "Inner", "Startup Cost": 0.0, "Total Cost": 14.06, "Plan Rows": 5, "Plan Width": 30, "Actual Startup Time": 0.058, "Actual Total Time": 0.13, "Actual Rows": 5, "Actual Loops": 1, "Inner Unique": true, "Join Filter": "(nation.n_regionkey = region.r_regionkey)", "Rows Removed by Join Filter": 20, "Plans": [{"Node Type": "Index Scan", "Parent Relationship": "Outer", "Scan Direction": "Forward", "Index Name": "nation_pkey", "Relation Name": "nation", "Alias": "nation", "Startup Cost": 0.0, "Total Cost": 12.62, "Plan Rows": 25, "Plan Width": 34, "Actual Startup Time": 0.021, "Actual Total Time": 0.05, "Actual Rows": 25, "Actual Loops": 1}, {"Node Type": "Materialize", "Parent Relationship": "Inner", "Startup Cost": 0.0, "Total Cost": 1.07, "Plan Rows": 1, "Plan Width": 4, "Actual Startup Time": 0.033, "Actual Total Time": 0.037, "Actual Rows": 25, "Actual Loops": 25, "Plans": [{"Node Type": "Seq Scan", "Parent Relationship": "Outer", "Relation Name": "region", "Alias": "region", "Startup Cost": 0.0, "Total Cost": 1.06, "Plan Rows": 1, "Plan Width": 4, "Actual Startup Time": 0.019, "Actual Total Time": 0.021, "Actual Rows": 1, "Actual Loops": 1, "Filter": "(r_name = 'MIDDLE EAST'::bpchar)", "Rows Removed by Filter": 4}]}]}, {"Node Type": "Index Scan", "Parent Relationship": "Inner", "Scan Direction": "Forward", "Index Name": "idx_customer_nationkey", "Relation Name": "customer", "Alias": "customer", "Startup Cost": 0.0, "Total Cost": 7702.43, "Plan Rows": 60000, "Plan Width": 12, "Actual Startup Time": 0.155, "Actual Total Time": 436.115, "Actual Rows": 299838, "Actual Loops": 5, "Index Cond": "(c_nationkey = nation.n_nationkey)", "Rows Removed by Index Recheck": 0}]}, {"Node Type": "Index Scan", "Parent Relationship": "Inner", "Scan Direction": "Forward", "Index Name": "idx_orders_custkey", "Relation Name": "orders", "Alias": "orders", "Startup Cost": 0.0, "Total Cost": 1.24, "Plan Rows": 1, "Plan Width": 16, "Actual Startup Time": 4057.619, "Actual Total Time": 8589.291, "Actual Rows": 454183, "Actual Loops": 299838, "Index Cond": "(o_custkey = customer.c_custkey)", "Rows Removed by Index Recheck": 0, "Filter": "((o_orderdate >= '1994-01-01 00:00:00'::timestamp(0) without time zone) AND (o_orderdate < '1995-01-01 00:00:00'::timestamp without time zone))", "Rows Removed by Filter": 2542535}]}, {"Node Type": "Index Scan", "Parent Relationship": "Inner", "Scan Direction": "Forward", "Index Name": "idx_lineitem_orderkey", "Relation Name": "lineitem", "Alias": "lineitem", "Startup Cost": 0.0, "Total Cost": 3.05, "Plan Rows": 9, "Plan Width": 32, "Actual Startup Time": 4219.67, "Actual Total Time": 5178.86, "Actual Rows": 1815222, "Actual Loops": 454183, "Index Cond": "(l_orderkey = orders.o_orderkey)", "Rows Removed by Index Recheck": 0}]}, {"Node Type": "Hash", "Parent Relationship": "Inner", "Startup Cost": 3283.0, "Total Cost": 3283.0, "Plan Rows": 100000, "Plan Width": 12, "Actual Startup Time": 70.941, "Actual Total Time": 70.941, "Actual Rows": 100000, "Actual Loops": 1, "Hash Buckets": 131072, "Hash Batches": 1, "Original Hash Batches": 1, "Peak Memory Usage": 4297, "Plans": [{"Node Type": "Seq Scan", "Parent Relationship": "Outer", "Relation Name": "supplier", "Alias": "supplier", "Startup Cost": 0.0, "Total Cost": 3283.0, "Plan Rows": 100000, "Plan Width": 12, "Actual Startup Time": 0.021, "Actual Total Time": 37.274, "Actual Rows": 100000, "Actual Loops": 1}]}]}]}]}, "Triggers": [], "Planner Runtime": 7.165, "Total Runtime": 16118.353, "Unique SQL Id": 1392561963}}, "(1, 41)": {"explain_plan": {"Plan": {"Node Type": "Sort", "Startup Cost": 1727130.96, "Total Cost": 1727131.02, "Plan Rows": 25, "Plan Width": 42, "Sort Key": ["(sum((lineitem.l_extendedprice * (1::double precision - lineitem.l_discount)))) DESC"], "Plans": [{"Node Type": "Aggregate", "Strategy": "Hashed", "Parent Relationship": "Outer", "Startup Cost": 1727130.13, "Total Cost": 1727130.38, "Plan Rows": 25, "Plan Width": 42, "Group By Key": ["nation.n_name"], "Plans": [{"Node Type": "Hash Join", "Parent Relationship": "Outer", "Join Type": "Inner", "Startup Cost": 6834.54, "Total Cost": 1727036.23, "Plan Rows": 9390, "Plan Width": 42, "Inner Unique": true, "Hash Cond": "((lineitem.l_suppkey = supplier.s_suppkey) AND (customer.c_nationkey = supplier.s_nationkey))", "Plans": [{"Node Type": "Nested Loop", "Parent Relationship": "Outer", "Join Type": "Inner", "Startup Cost": 0.0, "Total Cost": 1692440.68, "Plan Rows": 3688948, "Plan Width": 58, "Inner Unique": false, "Plans": [{"Node Type": "Nested Loop", "Parent Relationship": "Outer", "Join Type": "Inner", "Startup Cost": 0.0, "Total Cost": 416646.27, "Plan Rows": 406290, "Plan Width": 42, "Inner Unique": false, "Plans": [{"Node Type": "Nested Loop", "Parent Relationship": "Outer", "Join Type": "Inner", "Startup Cost": 0.0, "Total Cost": 41537.47, "Plan Rows": 300000, "Plan Width": 42, "Inner Unique": false, "Plans": [{"Node Type": "Nested Loop", "Parent Relationship": "Outer", "Join Type": "Inner", "Startup Cost": 0.0, "Total Cost": 25.34, "Plan Rows": 5, "Plan Width": 30, "Inner Unique": true, "Join Filter": "(nation.n_regionkey = region.r_regionkey)", "Plans": [{"Node Type": "Index Scan", "Parent Relationship": "Outer", "Scan Direction": "Forward", "Index Name": "nation_pkey", "Relation Name": "nation", "Alias": "nation", "Startup Cost": 0.0, "Total Cost": 12.62, "Plan Rows": 25, "Plan Width": 34}, {"Node Type": "Materialize", "Parent Relationship": "Inner", "Startup Cost": 0.0, "Total Cost": 12.34, "Plan Rows": 1, "Plan Width": 4, "Plans": [{"Node Type": "Index Scan", "Parent Relationship": "Outer", "Scan Direction": "Forward", "Index Name": "region_pkey", "Relation Name": "region", "Alias": "region", "Startup Cost": 0.0, "Total Cost": 12.34, "Plan Rows": 1, "Plan Width": 4, "Filter": "(r_name = 'MIDDLE EAST'::bpchar)"}]}]}, {"Node Type": "Index Scan", "Parent Relationship": "Inner", "Scan Direction": "Forward", "Index Name": "idx_customer_nationkey", "Relation Name": "customer", "Alias": "customer", "Startup Cost": 0.0, "Total Cost": 7702.43, "Plan Rows": 60000, "Plan Width": 12, "Index Cond": "(c_nationkey = nation.n_nationkey)"}]}, {"Node Type": "Index Scan", "Parent Relationship": "Inner", "Scan Direction": "Forward", "Index Name": "idx_orders_custkey", "Relation Name": "orders", "Alias": "orders", "Startup Cost": 0.0, "Total Cost": 1.24, "Plan Rows": 1, "Plan Width": 16, "Index Cond": "(o_custkey = customer.c_custkey)", "Filter": "((o_orderdate >= '1994-01-01 00:00:00'::timestamp(0) without time zone) AND (o_orderdate < '1995-01-01 00:00:00'::timestamp without time zone))"}]}, {"Node Type": "Index Scan", "Parent Relationship": "Inner", "Scan Direction": "Forward", "Index Name": "idx_lineitem_orderkey", "Relation Name": "lineitem", "Alias": "lineitem", "Startup Cost": 0.0, "Total Cost": 3.05, "Plan Rows": 9, "Plan Width": 32, "Index Cond": "(l_orderkey = orders.o_orderkey)"}]}, {"Node Type": "Hash", "Parent Relationship": "Inner", "Startup Cost": 5334.54, "Total Cost": 5334.54, "Plan Rows": 100000, "Plan Width": 12, "Plans": [{"Node Type": "Index Scan", "Parent Relationship": "Outer", "Scan Direction": "Forward", "Index Name": "supplier_pkey", "Relation Name": "supplier", "Alias": "supplier", "Startup Cost": 0.0, "Total Cost": 5334.54, "Plan Rows": 100000, "Plan Width": 12}]}]}]}]}, "Unique SQL Id": 1392561963}, "explain_analyze_plan": {"Plan": {"Node Type": "Sort", "Startup Cost": 1727130.96, "Total Cost": 1727131.02, "Plan Rows": 25, "Plan Width": 42, "Actual Startup Time": 16579.155, "Actual Total Time": 16579.156, "Actual Rows": 5, "Actual Loops": 1, "Sort Key": ["(sum((lineitem.l_extendedprice * (1::double precision - lineitem.l_discount)))) DESC"], "Sort Method": "quicksort", "Sort Space Used": 25, "Sort Space Type": "Memory", "Plans": [{"Node Type": "Aggregate", "Strategy": "Hashed", "Parent Relationship": "Outer", "Startup Cost": 1727130.13, "Total Cost": 1727130.38, "Plan Rows": 25, "Plan Width": 42, "Actual Startup Time": 16579.121, "Actual Total Time": 16579.123, "Actual Rows": 5, "Actual Loops": 1, "Group By Key": ["nation.n_name"], "Plans": [{"Node Type": "Hash Join", "Parent Relationship": "Outer", "Join Type": "Inner", "Startup Cost": 6834.54, "Total Cost": 1727036.23, "Plan Rows": 9390, "Plan Width": 42, "Actual Startup Time": 94.955, "Actual Total Time": 16500.164, "Actual Rows": 72985, "Actual Loops": 1, "Inner Unique": true, "Hash Cond": "((lineitem.l_suppkey = supplier.s_suppkey) AND (customer.c_nationkey = supplier.s_nationkey))", "Plans": [{"Node Type": "Nested Loop", "Parent Relationship": "Outer", "Join Type": "Inner", "Startup Cost": 0.0, "Total Cost": 1692440.68, "Plan Rows": 3688948, "Plan Width": 58, "Actual Startup Time": 0.163, "Actual Total Time": 15572.652, "Actual Rows": 1815222, "Actual Loops": 1, "Inner Unique": false, "Plans": [{"Node Type": "Nested Loop", "Parent Relationship": "Outer", "Join Type": "Inner", "Startup Cost": 0.0, "Total Cost": 416646.27, "Plan Rows": 406290, "Plan Width": 42, "Actual Startup Time": 0.145, "Actual Total Time": 9614.368, "Actual Rows": 454183, "Actual Loops": 1, "Inner Unique": false, "Plans": [{"Node Type": "Nested Loop", "Parent Relationship": "Outer", "Join Type": "Inner", "Startup Cost": 0.0, "Total Cost": 41537.47, "Plan Rows": 300000, "Plan Width": 42, "Actual Startup Time": 0.078, "Actual Total Time": 533.168, "Actual Rows": 299838, "Actual Loops": 1, "Inner Unique": false, "Plans": [{"Node Type": "Nested Loop", "Parent Relationship": "Outer", "Join Type": "Inner", "Startup Cost": 0.0, "Total Cost": 25.34, "Plan Rows": 5, "Plan Width": 30, "Actual Startup Time": 0.046, "Actual Total Time": 0.112, "Actual Rows": 5, "Actual Loops": 1, "Inner Unique": true, "Join Filter": "(nation.n_regionkey = region.r_regionkey)", "Rows Removed by Join Filter": 20, "Plans": [{"Node Type": "Index Scan", "Parent Relationship": "Outer", "Scan Direction": "Forward", "Index Name": "nation_pkey", "Relation Name": "nation", "Alias": "nation", "Startup Cost": 0.0, "Total Cost": 12.62, "Plan Rows": 25, "Plan Width": 34, "Actual Startup Time": 0.014, "Actual Total Time": 0.037, "Actual Rows": 25, "Actual Loops": 1}, {"Node Type": "Materialize", "Parent Relationship": "Inner", "Startup Cost": 0.0, "Total Cost": 12.34, "Plan Rows": 1, "Plan Width": 4, "Actual Startup Time": 0.029, "Actual Total Time": 0.035, "Actual Rows": 25, "Actual Loops": 25, "Plans": [{"Node Type": "Index Scan", "Parent Relationship": "Outer", "Scan Direction": "Forward", "Index Name": "region_pkey", "Relation Name": "region", "Alias": "region", "Startup Cost": 0.0, "Total Cost": 12.34, "Plan Rows": 1, "Plan Width": 4, "Actual Startup Time": 0.014, "Actual Total Time": 0.016, "Actual Rows": 1, "Actual Loops": 1, "Filter": "(r_name = 'MIDDLE EAST'::bpchar)", "Rows Removed by Filter": 4}]}]}, {"Node Type": "Index Scan", "Parent Relationship": "Inner", "Scan Direction": "Forward", "Index Name": "idx_customer_nationkey", "Relation Name": "customer", "Alias": "customer", "Startup Cost": 0.0, "Total Cost": 7702.43, "Plan Rows": 60000, "Plan Width": 12, "Actual Startup Time": 0.147, "Actual Total Time": 449.955, "Actual Rows": 299838, "Actual Loops": 5, "Index Cond": "(c_nationkey = nation.n_nationkey)", "Rows Removed by Index Recheck": 0}]}, {"Node Type": "Index Scan", "Parent Relationship": "Inner", "Scan Direction": "Forward", "Index Name": "idx_orders_custkey", "Relation Name": "orders", "Alias": "orders", "Startup Cost": 0.0, "Total Cost": 1.24, "Plan Rows": 1, "Plan Width": 16, "Actual Startup Time": 4162.895, "Actual Total Time": 8821.988, "Actual Rows": 454183, "Actual Loops": 299838, "Index Cond": "(o_custkey = customer.c_custkey)", "Rows Removed by Index Recheck": 0, "Filter": "((o_orderdate >= '1994-01-01 00:00:00'::timestamp(0) without time zone) AND (o_orderdate < '1995-01-01 00:00:00'::timestamp without time zone))", "Rows Removed by Filter": 2542535}]}, {"Node Type": "Index Scan", "Parent Relationship": "Inner", "Scan Direction": "Forward", "Index Name": "idx_lineitem_orderkey", "Relation Name": "lineitem", "Alias": "lineitem", "Startup Cost": 0.0, "Total Cost": 3.05, "Plan Rows": 9, "Plan Width": 32, "Actual Startup Time": 4348.274, "Actual Total Time": 5306.281, "Actual Rows": 1815222, "Actual Loops": 454183, "Index Cond": "(l_orderkey = orders.o_orderkey)", "Rows Removed by Index Recheck": 0}]}, {"Node Type": "Hash", "Parent Relationship": "Inner", "Startup Cost": 5334.54, "Total Cost": 5334.54, "Plan Rows": 100000, "Plan Width": 12, "Actual Startup Time": 94.553, "Actual Total Time": 94.553, "Actual Rows": 100000, "Actual Loops": 1, "Hash Buckets": 131072, "Hash Batches": 1, "Original Hash Batches": 1, "Peak Memory Usage": 4297, "Plans": [{"Node Type": "Index Scan", "Parent Relationship": "Outer", "Scan Direction": "Forward", "Index Name": "supplier_pkey", "Relation Name": "supplier", "Alias": "supplier", "Startup Cost": 0.0, "Total Cost": 5334.54, "Plan Rows": 100000, "Plan Width": 12, "Actual Startup Time": 0.02, "Actual Total Time": 61.122, "Actual Rows": 100000, "Actual Loops": 1}]}]}]}]}, "Triggers": [], "Planner Runtime": 6.532, "Total Runtime": 16579.476, "Unique SQL Id": 1392561963}}, "(1, 42)": {"explain_plan": {"Plan": {"Node Type": "Sort", "Startup Cost": 2891580.15, "Total Cost": 2891580.22, "Plan Rows": 25, "Plan Width": 42, "Sort Key": ["(sum((lineitem.l_extendedprice * (1::double precision - lineitem.l_discount)))) DESC"], "Plans": [{"Node Type": "Aggregate", "Strategy": "Hashed", "Parent Relationship": "Outer", "Startup Cost": 2891579.32, "Total Cost": 2891579.57, "Plan Rows": 25, "Plan Width": 42, "Group By Key": ["nation.n_name"], "Plans": [{"Node Type": "Hash Join", "Parent Relationship": "Outer", "Join Type": "Inner", "Startup Cost": 586755.18, "Total Cost": 2891485.42, "Plan Rows": 9390, "Plan Width": 42, "Inner Unique": true, "Hash Cond": "((lineitem.l_suppkey = supplier.s_suppkey) AND (customer.c_nationkey = supplier.s_nationkey))", "Plans": [{"Node Type": "Hash Join", "Parent Relationship": "Outer", "Join Type": "Inner", "Startup Cost": 581972.18, "Total Cost": 2858928.33, "Plan Rows": 3688948, "Plan Width": 58, "Inner Unique": false, "Hash Cond": "(lineitem.l_orderkey = orders.o_orderkey), (LLVM Optimized)", "Plans": [{"Node Type": "Seq Scan", "Parent Relationship": "Outer", "Relation Name": "lineitem", "Alias": "lineitem", "Startup Cost": 0.0, "Total Cost": 2015115.33, "Plan Rows": 59987033, "Plan Width": 32}, {"Node Type": "Hash", "Parent Relationship": "Inner", "Startup Cost": 576893.55, "Total Cost": 576893.55, "Plan Rows": 406290, "Plan Width": 42, "Plans": [{"Node Type": "Hash Join", "Parent Relationship": "Outer", "Join Type": "Inner", "Startup Cost": 63305.42, "Total Cost": 576893.55, "Plan Rows": 406290, "Plan Width": 42, "Inner Unique": false, "Hash Cond": "(orders.o_custkey = customer.c_custkey), (LLVM Optimized)", "Plans": [{"Node Type": "Seq Scan", "Parent Relationship": "Outer", "Relation Name": "orders", "Alias": "orders", "Startup Cost": 442.55, "Total Cost": 501411.18, "Plan Rows": 2281758, "Plan Width": 16, "Filter": "((o_orderdate >= '1994-01-01 00:00:00'::timestamp(0) without time zone) AND (o_orderdate < '1995-01-01 00:00:00'::timestamp without time zone)), (LLVM Optimized)"}, {"Node Type": "Hash", "Parent Relationship": "Inner", "Startup Cost": 59112.88, "Total Cost": 59112.88, "Plan Rows": 300000, "Plan Width": 42, "Plans": [{"Node Type": "Hash Join", "Parent Relationship": "Outer", "Join Type": "Inner", "Startup Cost": 2.5, "Total Cost": 59112.88, "Plan Rows": 300000, "Plan Width": 42, "Inner Unique": false, "Hash Cond": "(customer.c_nationkey = nation.n_nationkey), (LLVM Optimized)", "Plans": [{"Node Type": "Seq Scan", "Parent Relationship": "Outer", "Relation Name": "customer", "Alias": "customer", "Startup Cost": 0.0, "Total Cost": 52126.0, "Plan Rows": 1500000, "Plan Width": 12}, {"Node Type": "Hash", "Parent Relationship": "Inner", "Startup Cost": 2.44, "Total Cost": 2.44, "Plan Rows": 5, "Plan Width": 30, "Plans": [{"Node Type": "Hash Join", "Parent Relationship": "Outer", "Join Type": "Inner", "Startup Cost": 1.07, "Total Cost": 2.44, "Plan Rows": 5, "Plan Width": 30, "Inner Unique": true, "Hash Cond": "(nation.n_regionkey = region.r_regionkey)", "Plans": [{"Node Type": "Seq Scan", "Parent Relationship": "Outer", "Relation Name": "nation", "Alias": "nation", "Startup Cost": 0.0, "Total Cost": 1.25, "Plan Rows": 25, "Plan Width": 34}, {"Node Type": "Hash", "Parent Relationship": "Inner", "Startup Cost": 1.06, "Total Cost": 1.06, "Plan Rows": 1, "Plan Width": 4, "Plans": [{"Node Type": "Seq Scan", "Parent Relationship": "Outer", "Relation Name": "region", "Alias": "region", "Startup Cost": 0.0, "Total Cost": 1.06, "Plan Rows": 1, "Plan Width": 4, "Filter": "(r_name = 'MIDDLE EAST'::bpchar)"}]}]}]}]}]}]}]}]}, {"Node Type": "Hash", "Parent Relationship": "Inner", "Startup Cost": 3283.0, "Total Cost": 3283.0, "Plan Rows": 100000, "Plan Width": 12, "Plans": [{"Node Type": "Seq Scan", "Parent Relationship": "Outer", "Relation Name": "supplier", "Alias": "supplier", "Startup Cost": 0.0, "Total Cost": 3283.0, "Plan Rows": 100000, "Plan Width": 12}]}]}]}]}, "Unique SQL Id": 1392561963}, "explain_analyze_plan": null}, "(1, 43)": {"explain_plan": {"Plan": {"Node Type": "Sort", "Startup Cost": 6051464595461.66, "Total Cost": 6051464595461.73, "Plan Rows": 25, "Plan Width": 42, "Sort Key": ["(sum((lineitem.l_extendedprice * (1::double precision - lineitem.l_discount)))) DESC"], "Plans": [{"Node Type": "Aggregate", "Strategy": "Hashed", "Parent Relationship": "Outer", "Startup Cost": 6051464595460.83, "Total Cost": 6051464595461.08, "Plan Rows": 25, "Plan Width": 42, "Group By Key": ["nation.n_name"], "Plans": [{"Node Type": "Nested Loop", "Parent Relationship": "Outer", "Join Type": "Inner", "Startup Cost": 60000000000.0, "Total Cost": 6051464595366.93, "Plan Rows": 9390, "Plan Width": 42, "Inner Unique": false, "Join Filter": "((orders.o_custkey = customer.c_custkey) AND (supplier.s_nationkey = customer.c_nationkey))", "Plans": [{"Node Type": "Index Scan", "Parent Relationship": "Outer", "Scan Direction": "Forward", "Index Name": "customer_pkey", "Relation Name": "customer", "Alias": "customer", "Startup Cost": 10000000000.0, "Total Cost": 1000008076535.62, "Plan Rows": 1500000, "Plan Width": 12}, {"Node Type": "Materialize", "Parent Relationship": "Inner", "Startup Cost": 50000000000.0, "Total Cost": 5044534420740.56, "Plan Rows": 263699, "Plan Width": 58, "Plans": [{"Node Type": "Nested Loop", "Parent Relationship": "Outer", "Join Type": "Inner", "Startup Cost": 50000000000.0, "Total Cost": 5044534419422.06, "Plan Rows": 263699, "Plan Width": 58, "Inner Unique": true, "Join Filter": "(lineitem.l_orderkey = orders.o_orderkey), (LLVM Optimized)", "Plans": [{"Node Type": "Nested Loop", "Parent Relationship": "Outer", "Join Type": "Inner", "Startup Cost": 40000000000.0, "Total Cost": 4018320818943.09, "Plan Rows": 763534, "Plan Width": 58, "Inner Unique": false, "Join Filter": "(supplier.s_suppkey = lineitem.l_suppkey), (LLVM Optimized)", "Plans": [{"Node Type": "Nested Loop", "Parent Relationship": "Outer", "Join Type": "Inner", "Startup Cost": 30000000000.0, "Total Cost": 3000000543701.01, "Plan Rows": 20000, "Plan Width": 42, "Inner Unique": false, "Join Filter": "(nation.n_nationkey = supplier.s_nationkey)", "Plans": [{"Node Type": "Nested Loop", "Parent Relationship": "Outer", "Join Type": "Inner", "Startup Cost": 20000000000.0, "Total Cost": 2000000002496.63, "Plan Rows": 5, "Plan Width": 30, "Inner Unique": true, "Join Filter": "(nation.n_regionkey = region.r_regionkey)", "Plans": [{"Node Type": "Index Scan", "Parent Relationship": "Outer", "Scan Direction": "Forward", "Index Name": "nation_pkey", "Relation Name": "nation", "Alias": "nation", "Startup Cost": 10000000000.0, "Total Cost": 1000000001262.5, "Plan Rows": 25, "Plan Width": 34}, {"Node Type": "Materialize", "Parent Relationship": "Inner", "Startup Cost": 10000000000.0, "Total Cost": 1000000001233.76, "Plan Rows": 1, "Plan Width": 4, "Plans": [{"Node Type": "Index Scan", "Parent Relationship": "Outer", "Scan Direction": "Forward", "Index Name": "region_pkey", "Relation Name": "region", "Alias": "region", "Startup Cost": 10000000000.0, "Total Cost": 1000000001233.75, "Plan Rows": 1, "Plan Width": 4, "Filter": "(r_name = 'MIDDLE EAST'::bpchar)"}]}]}, {"Node Type": "Materialize", "Parent Relationship": "Inner", "Startup Cost": 10000000000.0, "Total Cost": 1000000533954.38, "Plan Rows": 100000, "Plan Width": 12, "Plans": [{"Node Type": "Index Scan", "Parent Relationship": "Outer", "Scan Direction": "Forward", "Index Name": "supplier_pkey", "Relation Name": "supplier", "Alias": "supplier", "Startup Cost": 10000000000.0, "Total Cost": 1000000533454.38, "Plan Rows": 100000, "Plan Width": 12}]}]}, {"Node Type": "Materialize", "Parent Relationship": "Inner", "Startup Cost": 10000000000.0, "Total Cost": 1000324315309.67, "Plan Rows": 59987033, "Plan Width": 32, "Plans": [{"Node Type": "Index Scan", "Parent Relationship": "Outer", "Scan Direction": "Forward", "Index Name": "idx_lineitem_orderkey", "Relation Name": "lineitem", "Alias": "lineitem", "Startup Cost": 10000000000.0, "Total Cost": 1000324015374.5, "Plan Rows": 59987033, "Plan Width": 32}]}]}, {"Node Type": "Materialize", "Parent Relationship": "Inner", "Startup Cost": 10000000000.0, "Total Cost": 1000080608991.79, "Plan Rows": 2281758, "Plan Width": 16, "Plans": [{"Node Type": "Index Scan", "Parent Relationship": "Outer", "Scan Direction": "Forward", "Index Name": "orders_pkey", "Relation Name": "orders", "Alias": "orders", "Startup Cost": 10000000000.0, "Total Cost": 1000080597583.0, "Plan Rows": 2281758, "Plan Width": 16, "Filter": "((o_orderdate >= '1994-01-01 00:00:00'::timestamp(0) without time zone) AND (o_orderdate < '1995-01-01 00:00:00'::timestamp without time zone)), (LLVM Optimized)"}]}]}]}]}]}]}, "Unique SQL Id": 1392561963}, "explain_analyze_plan": null}, "(1, 44)": {"explain_plan": {"Plan": {"Node Type": "Sort", "Startup Cost": 1725068.14, "Total Cost": 1725068.21, "Plan Rows": 25, "Plan Width": 42, "Sort Key": ["(sum((lineitem.l_extendedprice * (1::double precision - lineitem.l_discount)))) DESC"], "Plans": [{"Node Type": "Aggregate", "Strategy": "Hashed", "Parent Relationship": "Outer", "Startup Cost": 1725067.31, "Total Cost": 1725067.56, "Plan Rows": 25, "Plan Width": 42, "Group By Key": ["nation.n_name"], "Plans": [{"Node Type": "Hash Join", "Parent Relationship": "Outer", "Join Type": "Inner", "Startup Cost": 4783.0, "Total Cost": 1724973.41, "Plan Rows": 9390, "Plan Width": 42, "Inner Unique": true, "Hash Cond": "((lineitem.l_suppkey = supplier.s_suppkey) AND (customer.c_nationkey = supplier.s_nationkey))", "Plans": [{"Node Type": "Nested Loop", "Parent Relationship": "Outer", "Join Type": "Inner", "Startup Cost": 0.0, "Total Cost": 1692429.4, "Plan Rows": 3688948, "Plan Width": 58, "Inner Unique": false, "Plans": [{"Node Type": "Nested Loop", "Parent Relationship": "Outer", "Join Type": "Inner", "Startup Cost": 0.0, "Total Cost": 416634.99, "Plan Rows": 406290, "Plan Width": 42, "Inner Unique": false, "Plans": [{"Node Type": "Nested Loop", "Parent Relationship": "Outer", "Join Type": "Inner", "Startup Cost": 0.0, "Total Cost": 41526.19, "Plan Rows": 300000, "Plan Width": 42, "Inner Unique": false, "Plans": [{"Node Type": "Nested Loop", "Parent Relationship": "Outer", "Join Type": "Inner", "Startup Cost": 0.0, "Total Cost": 14.06, "Plan Rows": 5, "Plan Width": 30, "Inner Unique": true, "Join Filter": "(nation.n_regionkey = region.r_regionkey)", "Plans": [{"Node Type": "Index Scan", "Parent Relationship": "Outer", "Scan Direction": "Forward", "Index Name": "nation_pkey", "Relation Name": "nation", "Alias": "nation", "Startup Cost": 0.0, "Total Cost": 12.62, "Plan Rows": 25, "Plan Width": 34}, {"Node Type": "Materialize", "Parent Relationship": "Inner", "Startup Cost": 0.0, "Total Cost": 1.07, "Plan Rows": 1, "Plan Width": 4, "Plans": [{"Node Type": "Seq Scan", "Parent Relationship": "Outer", "Relation Name": "region", "Alias": "region", "Startup Cost": 0.0, "Total Cost": 1.06, "Plan Rows": 1, "Plan Width": 4, "Filter": "(r_name = 'MIDDLE EAST'::bpchar)"}]}]}, {"Node Type": "Index Scan", "Parent Relationship": "Inner", "Scan Direction": "Forward", "Index Name": "idx_customer_nationkey", "Relation Name": "customer", "Alias": "customer", "Startup Cost": 0.0, "Total Cost": 7702.43, "Plan Rows": 60000, "Plan Width": 12, "Index Cond": "(c_nationkey = nation.n_nationkey)"}]}, {"Node Type": "Index Scan", "Parent Relationship": "Inner", "Scan Direction": "Forward", "Index Name": "idx_orders_custkey", "Relation Name": "orders", "Alias": "orders", "Startup Cost": 0.0, "Total Cost": 1.24, "Plan Rows": 1, "Plan Width": 16, "Index Cond": "(o_custkey = customer.c_custkey)", "Filter": "((o_orderdate >= '1994-01-01 00:00:00'::timestamp(0) without time zone) AND (o_orderdate < '1995-01-01 00:00:00'::timestamp without time zone))"}]}, {"Node Type": "Index Scan", "Parent Relationship": "Inner", "Scan Direction": "Forward", "Index Name": "idx_lineitem_orderkey", "Relation Name": "lineitem", "Alias": "lineitem", "Startup Cost": 0.0, "Total Cost": 3.05, "Plan Rows": 9, "Plan Width": 32, "Index Cond": "(l_orderkey = orders.o_orderkey)"}]}, {"Node Type": "Hash", "Parent Relationship": "Inner", "Startup Cost": 3283.0, "Total Cost": 3283.0, "Plan Rows": 100000, "Plan Width": 12, "Plans": [{"Node Type": "Seq Scan", "Parent Relationship": "Outer", "Relation Name": "supplier", "Alias": "supplier", "Startup Cost": 0.0, "Total Cost": 3283.0, "Plan Rows": 100000, "Plan Width": 12}]}]}]}]}, "Unique SQL Id": 1392561963}, "explain_analyze_plan": {"Plan": {"Node Type": "Sort", "Startup Cost": 1725068.14, "Total Cost": 1725068.21, "Plan Rows": 25, "Plan Width": 42, "Actual Startup Time": 16117.885, "Actual Total Time": 16117.885, "Actual Rows": 5, "Actual Loops": 1, "Sort Key": ["(sum((lineitem.l_extendedprice * (1::double precision - lineitem.l_discount)))) DESC"], "Sort Method": "quicksort", "Sort Space Used": 25, "Sort Space Type": "Memory", "Plans": [{"Node Type": "Aggregate", "Strategy": "Hashed", "Parent Relationship": "Outer", "Startup Cost": 1725067.31, "Total Cost": 1725067.56, "Plan Rows": 25, "Plan Width": 42, "Actual Startup Time": 16117.851, "Actual Total Time": 16117.854, "Actual Rows": 5, "Actual Loops": 1, "Group By Key": ["nation.n_name"], "Plans": [{"Node Type": "Hash Join", "Parent Relationship": "Outer", "Join Type": "Inner", "Startup Cost": 4783.0, "Total Cost": 1724973.41, "Plan Rows": 9390, "Plan Width": 42, "Actual Startup Time": 71.415, "Actual Total Time": 16037.496, "Actual Rows": 72985, "Actual Loops": 1, "Inner Unique": true, "Hash Cond": "((lineitem.l_suppkey = supplier.s_suppkey) AND (customer.c_nationkey = supplier.s_nationkey))", "Plans": [{"Node Type": "Nested Loop", "Parent Relationship": "Outer", "Join Type": "Inner", "Startup Cost": 0.0, "Total Cost": 1692429.4, "Plan Rows": 3688948, "Plan Width": 58, "Actual Startup Time": 0.216, "Actual Total Time": 15190.331, "Actual Rows": 1815222, "Actual Loops": 1, "Inner Unique": false, "Plans": [{"Node Type": "Nested Loop", "Parent Relationship": "Outer", "Join Type": "Inner", "Startup Cost": 0.0, "Total Cost": 416634.99, "Plan Rows": 406290, "Plan Width": 42, "Actual Startup Time": 0.179, "Actual Total Time": 9367.842, "Actual Rows": 454183, "Actual Loops": 1, "Inner Unique": false, "Plans": [{"Node Type": "Nested Loop", "Parent Relationship": "Outer", "Join Type": "Inner", "Startup Cost": 0.0, "Total Cost": 41526.19, "Plan Rows": 300000, "Plan Width": 42, "Actual Startup Time": 0.096, "Actual Total Time": 518.505, "Actual Rows": 299838, "Actual Loops": 1, "Inner Unique": false, "Plans": [{"Node Type": "Nested Loop", "Parent Relationship": "Outer", "Join Type": "Inner", "Startup Cost": 0.0, "Total Cost": 14.06, "Plan Rows": 5, "Plan Width": 30, "Actual Startup Time": 0.058, "Actual Total Time": 0.13, "Actual Rows": 5, "Actual Loops": 1, "Inner Unique": true, "Join Filter": "(nation.n_regionkey = region.r_regionkey)", "Rows Removed by Join Filter": 20, "Plans": [{"Node Type": "Index Scan", "Parent Relationship": "Outer", "Scan Direction": "Forward", "Index Name": "nation_pkey", "Relation Name": "nation", "Alias": "nation", "Startup Cost": 0.0, "Total Cost": 12.62, "Plan Rows": 25, "Plan Width": 34, "Actual Startup Time": 0.021, "Actual Total Time": 0.05, "Actual Rows": 25, "Actual Loops": 1}, {"Node Type": "Materialize", "Parent Relationship": "Inner", "Startup Cost": 0.0, "Total Cost": 1.07, "Plan Rows": 1, "Plan Width": 4, "Actual Startup Time": 0.033, "Actual Total Time": 0.037, "Actual Rows": 25, "Actual Loops": 25, "Plans": [{"Node Type": "Seq Scan", "Parent Relationship": "Outer", "Relation Name": "region", "Alias": "region", "Startup Cost": 0.0, "Total Cost": 1.06, "Plan Rows": 1, "Plan Width": 4, "Actual Startup Time": 0.019, "Actual Total Time": 0.021, "Actual Rows": 1, "Actual Loops": 1, "Filter": "(r_name = 'MIDDLE EAST'::bpchar)", "Rows Removed by Filter": 4}]}]}, {"Node Type": "Index Scan", "Parent Relationship": "Inner", "Scan Direction": "Forward", "Index Name": "idx_customer_nationkey", "Relation Name": "customer", "Alias": "customer", "Startup Cost": 0.0, "Total Cost": 7702.43, "Plan Rows": 60000, "Plan Width": 12, "Actual Startup Time": 0.155, "Actual Total Time": 436.115, "Actual Rows": 299838, "Actual Loops": 5, "Index Cond": "(c_nationkey = nation.n_nationkey)", "Rows Removed by Index Recheck": 0}]}, {"Node Type": "Index Scan", "Parent Relationship": "Inner", "Scan Direction": "Forward", "Index Name": "idx_orders_custkey", "Relation Name": "orders", "Alias": "orders", "Startup Cost": 0.0, "Total Cost": 1.24, "Plan Rows": 1, "Plan Width": 16, "Actual Startup Time": 4057.619, "Actual Total Time": 8589.291, "Actual Rows": 454183, "Actual Loops": 299838, "Index Cond": "(o_custkey = customer.c_custkey)", "Rows Removed by Index Recheck": 0, "Filter": "((o_orderdate >= '1994-01-01 00:00:00'::timestamp(0) without time zone) AND (o_orderdate < '1995-01-01 00:00:00'::timestamp without time zone))", "Rows Removed by Filter": 2542535}]}, {"Node Type": "Index Scan", "Parent Relationship": "Inner", "Scan Direction": "Forward", "Index Name": "idx_lineitem_orderkey", "Relation Name": "lineitem", "Alias": "lineitem", "Startup Cost": 0.0, "Total Cost": 3.05, "Plan Rows": 9, "Plan Width": 32, "Actual Startup Time": 4219.67, "Actual Total Time": 5178.86, "Actual Rows": 1815222, "Actual Loops": 454183, "Index Cond": "(l_orderkey = orders.o_orderkey)", "Rows Removed by Index Recheck": 0}]}, {"Node Type": "Hash", "Parent Relationship": "Inner", "Startup Cost": 3283.0, "Total Cost": 3283.0, "Plan Rows": 100000, "Plan Width": 12, "Actual Startup Time": 70.941, "Actual Total Time": 70.941, "Actual Rows": 100000, "Actual Loops": 1, "Hash Buckets": 131072, "Hash Batches": 1, "Original Hash Batches": 1, "Peak Memory Usage": 4297, "Plans": [{"Node Type": "Seq Scan", "Parent Relationship": "Outer", "Relation Name": "supplier", "Alias": "supplier", "Startup Cost": 0.0, "Total Cost": 3283.0, "Plan Rows": 100000, "Plan Width": 12, "Actual Startup Time": 0.021, "Actual Total Time": 37.274, "Actual Rows": 100000, "Actual Loops": 1}]}]}]}]}, "Triggers": [], "Planner Runtime": 7.165, "Total Runtime": 16118.353, "Unique SQL Id": 1392561963}}, "(1, 45)": {"explain_plan": {"Plan": {"Node Type": "Sort", "Startup Cost": 1727130.96, "Total Cost": 1727131.02, "Plan Rows": 25, "Plan Width": 42, "Sort Key": ["(sum((lineitem.l_extendedprice * (1::double precision - lineitem.l_discount)))) DESC"], "Plans": [{"Node Type": "Aggregate", "Strategy": "Hashed", "Parent Relationship": "Outer", "Startup Cost": 1727130.13, "Total Cost": 1727130.38, "Plan Rows": 25, "Plan Width": 42, "Group By Key": ["nation.n_name"], "Plans": [{"Node Type": "Hash Join", "Parent Relationship": "Outer", "Join Type": "Inner", "Startup Cost": 6834.54, "Total Cost": 1727036.23, "Plan Rows": 9390, "Plan Width": 42, "Inner Unique": true, "Hash Cond": "((lineitem.l_suppkey = supplier.s_suppkey) AND (customer.c_nationkey = supplier.s_nationkey))", "Plans": [{"Node Type": "Nested Loop", "Parent Relationship": "Outer", "Join Type": "Inner", "Startup Cost": 0.0, "Total Cost": 1692440.68, "Plan Rows": 3688948, "Plan Width": 58, "Inner Unique": false, "Plans": [{"Node Type": "Nested Loop", "Parent Relationship": "Outer", "Join Type": "Inner", "Startup Cost": 0.0, "Total Cost": 416646.27, "Plan Rows": 406290, "Plan Width": 42, "Inner Unique": false, "Plans": [{"Node Type": "Nested Loop", "Parent Relationship": "Outer", "Join Type": "Inner", "Startup Cost": 0.0, "Total Cost": 41537.47, "Plan Rows": 300000, "Plan Width": 42, "Inner Unique": false, "Plans": [{"Node Type": "Nested Loop", "Parent Relationship": "Outer", "Join Type": "Inner", "Startup Cost": 0.0, "Total Cost": 25.34, "Plan Rows": 5, "Plan Width": 30, "Inner Unique": true, "Join Filter": "(nation.n_regionkey = region.r_regionkey)", "Plans": [{"Node Type": "Index Scan", "Parent Relationship": "Outer", "Scan Direction": "Forward", "Index Name": "nation_pkey", "Relation Name": "nation", "Alias": "nation", "Startup Cost": 0.0, "Total Cost": 12.62, "Plan Rows": 25, "Plan Width": 34}, {"Node Type": "Materialize", "Parent Relationship": "Inner", "Startup Cost": 0.0, "Total Cost": 12.34, "Plan Rows": 1, "Plan Width": 4, "Plans": [{"Node Type": "Index Scan", "Parent Relationship": "Outer", "Scan Direction": "Forward", "Index Name": "region_pkey", "Relation Name": "region", "Alias": "region", "Startup Cost": 0.0, "Total Cost": 12.34, "Plan Rows": 1, "Plan Width": 4, "Filter": "(r_name = 'MIDDLE EAST'::bpchar)"}]}]}, {"Node Type": "Index Scan", "Parent Relationship": "Inner", "Scan Direction": "Forward", "Index Name": "idx_customer_nationkey", "Relation Name": "customer", "Alias": "customer", "Startup Cost": 0.0, "Total Cost": 7702.43, "Plan Rows": 60000, "Plan Width": 12, "Index Cond": "(c_nationkey = nation.n_nationkey)"}]}, {"Node Type": "Index Scan", "Parent Relationship": "Inner", "Scan Direction": "Forward", "Index Name": "idx_orders_custkey", "Relation Name": "orders", "Alias": "orders", "Startup Cost": 0.0, "Total Cost": 1.24, "Plan Rows": 1, "Plan Width": 16, "Index Cond": "(o_custkey = customer.c_custkey)", "Filter": "((o_orderdate >= '1994-01-01 00:00:00'::timestamp(0) without time zone) AND (o_orderdate < '1995-01-01 00:00:00'::timestamp without time zone))"}]}, {"Node Type": "Index Scan", "Parent Relationship": "Inner", "Scan Direction": "Forward", "Index Name": "idx_lineitem_orderkey", "Relation Name": "lineitem", "Alias": "lineitem", "Startup Cost": 0.0, "Total Cost": 3.05, "Plan Rows": 9, "Plan Width": 32, "Index Cond": "(l_orderkey = orders.o_orderkey)"}]}, {"Node Type": "Hash", "Parent Relationship": "Inner", "Startup Cost": 5334.54, "Total Cost": 5334.54, "Plan Rows": 100000, "Plan Width": 12, "Plans": [{"Node Type": "Index Scan", "Parent Relationship": "Outer", "Scan Direction": "Forward", "Index Name": "supplier_pkey", "Relation Name": "supplier", "Alias": "supplier", "Startup Cost": 0.0, "Total Cost": 5334.54, "Plan Rows": 100000, "Plan Width": 12}]}]}]}]}, "Unique SQL Id": 1392561963}, "explain_analyze_plan": {"Plan": {"Node Type": "Sort", "Startup Cost": 1727130.96, "Total Cost": 1727131.02, "Plan Rows": 25, "Plan Width": 42, "Actual Startup Time": 16579.155, "Actual Total Time": 16579.156, "Actual Rows": 5, "Actual Loops": 1, "Sort Key": ["(sum((lineitem.l_extendedprice * (1::double precision - lineitem.l_discount)))) DESC"], "Sort Method": "quicksort", "Sort Space Used": 25, "Sort Space Type": "Memory", "Plans": [{"Node Type": "Aggregate", "Strategy": "Hashed", "Parent Relationship": "Outer", "Startup Cost": 1727130.13, "Total Cost": 1727130.38, "Plan Rows": 25, "Plan Width": 42, "Actual Startup Time": 16579.121, "Actual Total Time": 16579.123, "Actual Rows": 5, "Actual Loops": 1, "Group By Key": ["nation.n_name"], "Plans": [{"Node Type": "Hash Join", "Parent Relationship": "Outer", "Join Type": "Inner", "Startup Cost": 6834.54, "Total Cost": 1727036.23, "Plan Rows": 9390, "Plan Width": 42, "Actual Startup Time": 94.955, "Actual Total Time": 16500.164, "Actual Rows": 72985, "Actual Loops": 1, "Inner Unique": true, "Hash Cond": "((lineitem.l_suppkey = supplier.s_suppkey) AND (customer.c_nationkey = supplier.s_nationkey))", "Plans": [{"Node Type": "Nested Loop", "Parent Relationship": "Outer", "Join Type": "Inner", "Startup Cost": 0.0, "Total Cost": 1692440.68, "Plan Rows": 3688948, "Plan Width": 58, "Actual Startup Time": 0.163, "Actual Total Time": 15572.652, "Actual Rows": 1815222, "Actual Loops": 1, "Inner Unique": false, "Plans": [{"Node Type": "Nested Loop", "Parent Relationship": "Outer", "Join Type": "Inner", "Startup Cost": 0.0, "Total Cost": 416646.27, "Plan Rows": 406290, "Plan Width": 42, "Actual Startup Time": 0.145, "Actual Total Time": 9614.368, "Actual Rows": 454183, "Actual Loops": 1, "Inner Unique": false, "Plans": [{"Node Type": "Nested Loop", "Parent Relationship": "Outer", "Join Type": "Inner", "Startup Cost": 0.0, "Total Cost": 41537.47, "Plan Rows": 300000, "Plan Width": 42, "Actual Startup Time": 0.078, "Actual Total Time": 533.168, "Actual Rows": 299838, "Actual Loops": 1, "Inner Unique": false, "Plans": [{"Node Type": "Nested Loop", "Parent Relationship": "Outer", "Join Type": "Inner", "Startup Cost": 0.0, "Total Cost": 25.34, "Plan Rows": 5, "Plan Width": 30, "Actual Startup Time": 0.046, "Actual Total Time": 0.112, "Actual Rows": 5, "Actual Loops": 1, "Inner Unique": true, "Join Filter": "(nation.n_regionkey = region.r_regionkey)", "Rows Removed by Join Filter": 20, "Plans": [{"Node Type": "Index Scan", "Parent Relationship": "Outer", "Scan Direction": "Forward", "Index Name": "nation_pkey", "Relation Name": "nation", "Alias": "nation", "Startup Cost": 0.0, "Total Cost": 12.62, "Plan Rows": 25, "Plan Width": 34, "Actual Startup Time": 0.014, "Actual Total Time": 0.037, "Actual Rows": 25, "Actual Loops": 1}, {"Node Type": "Materialize", "Parent Relationship": "Inner", "Startup Cost": 0.0, "Total Cost": 12.34, "Plan Rows": 1, "Plan Width": 4, "Actual Startup Time": 0.029, "Actual Total Time": 0.035, "Actual Rows": 25, "Actual Loops": 25, "Plans": [{"Node Type": "Index Scan", "Parent Relationship": "Outer", "Scan Direction": "Forward", "Index Name": "region_pkey", "Relation Name": "region", "Alias": "region", "Startup Cost": 0.0, "Total Cost": 12.34, "Plan Rows": 1, "Plan Width": 4, "Actual Startup Time": 0.014, "Actual Total Time": 0.016, "Actual Rows": 1, "Actual Loops": 1, "Filter": "(r_name = 'MIDDLE EAST'::bpchar)", "Rows Removed by Filter": 4}]}]}, {"Node Type": "Index Scan", "Parent Relationship": "Inner", "Scan Direction": "Forward", "Index Name": "idx_customer_nationkey", "Relation Name": "customer", "Alias": "customer", "Startup Cost": 0.0, "Total Cost": 7702.43, "Plan Rows": 60000, "Plan Width": 12, "Actual Startup Time": 0.147, "Actual Total Time": 449.955, "Actual Rows": 299838, "Actual Loops": 5, "Index Cond": "(c_nationkey = nation.n_nationkey)", "Rows Removed by Index Recheck": 0}]}, {"Node Type": "Index Scan", "Parent Relationship": "Inner", "Scan Direction": "Forward", "Index Name": "idx_orders_custkey", "Relation Name": "orders", "Alias": "orders", "Startup Cost": 0.0, "Total Cost": 1.24, "Plan Rows": 1, "Plan Width": 16, "Actual Startup Time": 4162.895, "Actual Total Time": 8821.988, "Actual Rows": 454183, "Actual Loops": 299838, "Index Cond": "(o_custkey = customer.c_custkey)", "Rows Removed by Index Recheck": 0, "Filter": "((o_orderdate >= '1994-01-01 00:00:00'::timestamp(0) without time zone) AND (o_orderdate < '1995-01-01 00:00:00'::timestamp without time zone))", "Rows Removed by Filter": 2542535}]}, {"Node Type": "Index Scan", "Parent Relationship": "Inner", "Scan Direction": "Forward", "Index Name": "idx_lineitem_orderkey", "Relation Name": "lineitem", "Alias": "lineitem", "Startup Cost": 0.0, "Total Cost": 3.05, "Plan Rows": 9, "Plan Width": 32, "Actual Startup Time": 4348.274, "Actual Total Time": 5306.281, "Actual Rows": 1815222, "Actual Loops": 454183, "Index Cond": "(l_orderkey = orders.o_orderkey)", "Rows Removed by Index Recheck": 0}]}, {"Node Type": "Hash", "Parent Relationship": "Inner", "Startup Cost": 5334.54, "Total Cost": 5334.54, "Plan Rows": 100000, "Plan Width": 12, "Actual Startup Time": 94.553, "Actual Total Time": 94.553, "Actual Rows": 100000, "Actual Loops": 1, "Hash Buckets": 131072, "Hash Batches": 1, "Original Hash Batches": 1, "Peak Memory Usage": 4297, "Plans": [{"Node Type": "Index Scan", "Parent Relationship": "Outer", "Scan Direction": "Forward", "Index Name": "supplier_pkey", "Relation Name": "supplier", "Alias": "supplier", "Startup Cost": 0.0, "Total Cost": 5334.54, "Plan Rows": 100000, "Plan Width": 12, "Actual Startup Time": 0.02, "Actual Total Time": 61.122, "Actual Rows": 100000, "Actual Loops": 1}]}]}]}]}, "Triggers": [], "Planner Runtime": 6.532, "Total Runtime": 16579.476, "Unique SQL Id": 1392561963}}, "(1, 46)": {"explain_plan": {"Plan": {"Node Type": "Sort", "Startup Cost": 2891580.15, "Total Cost": 2891580.22, "Plan Rows": 25, "Plan Width": 42, "Sort Key": ["(sum((lineitem.l_extendedprice * (1::double precision - lineitem.l_discount)))) DESC"], "Plans": [{"Node Type": "Aggregate", "Strategy": "Hashed", "Parent Relationship": "Outer", "Startup Cost": 2891579.32, "Total Cost": 2891579.57, "Plan Rows": 25, "Plan Width": 42, "Group By Key": ["nation.n_name"], "Plans": [{"Node Type": "Hash Join", "Parent Relationship": "Outer", "Join Type": "Inner", "Startup Cost": 586755.18, "Total Cost": 2891485.42, "Plan Rows": 9390, "Plan Width": 42, "Inner Unique": true, "Hash Cond": "((lineitem.l_suppkey = supplier.s_suppkey) AND (customer.c_nationkey = supplier.s_nationkey))", "Plans": [{"Node Type": "Hash Join", "Parent Relationship": "Outer", "Join Type": "Inner", "Startup Cost": 581972.18, "Total Cost": 2858928.33, "Plan Rows": 3688948, "Plan Width": 58, "Inner Unique": false, "Hash Cond": "(lineitem.l_orderkey = orders.o_orderkey), (LLVM Optimized)", "Plans": [{"Node Type": "Seq Scan", "Parent Relationship": "Outer", "Relation Name": "lineitem", "Alias": "lineitem", "Startup Cost": 0.0, "Total Cost": 2015115.33, "Plan Rows": 59987033, "Plan Width": 32}, {"Node Type": "Hash", "Parent Relationship": "Inner", "Startup Cost": 576893.55, "Total Cost": 576893.55, "Plan Rows": 406290, "Plan Width": 42, "Plans": [{"Node Type": "Hash Join", "Parent Relationship": "Outer", "Join Type": "Inner", "Startup Cost": 63305.42, "Total Cost": 576893.55, "Plan Rows": 406290, "Plan Width": 42, "Inner Unique": false, "Hash Cond": "(orders.o_custkey = customer.c_custkey), (LLVM Optimized)", "Plans": [{"Node Type": "Seq Scan", "Parent Relationship": "Outer", "Relation Name": "orders", "Alias": "orders", "Startup Cost": 442.55, "Total Cost": 501411.18, "Plan Rows": 2281758, "Plan Width": 16, "Filter": "((o_orderdate >= '1994-01-01 00:00:00'::timestamp(0) without time zone) AND (o_orderdate < '1995-01-01 00:00:00'::timestamp without time zone)), (LLVM Optimized)"}, {"Node Type": "Hash", "Parent Relationship": "Inner", "Startup Cost": 59112.88, "Total Cost": 59112.88, "Plan Rows": 300000, "Plan Width": 42, "Plans": [{"Node Type": "Hash Join", "Parent Relationship": "Outer", "Join Type": "Inner", "Startup Cost": 2.5, "Total Cost": 59112.88, "Plan Rows": 300000, "Plan Width": 42, "Inner Unique": false, "Hash Cond": "(customer.c_nationkey = nation.n_nationkey), (LLVM Optimized)", "Plans": [{"Node Type": "Seq Scan", "Parent Relationship": "Outer", "Relation Name": "customer", "Alias": "customer", "Startup Cost": 0.0, "Total Cost": 52126.0, "Plan Rows": 1500000, "Plan Width": 12}, {"Node Type": "Hash", "Parent Relationship": "Inner", "Startup Cost": 2.44, "Total Cost": 2.44, "Plan Rows": 5, "Plan Width": 30, "Plans": [{"Node Type": "Hash Join", "Parent Relationship": "Outer", "Join Type": "Inner", "Startup Cost": 1.07, "Total Cost": 2.44, "Plan Rows": 5, "Plan Width": 30, "Inner Unique": true, "Hash Cond": "(nation.n_regionkey = region.r_regionkey)", "Plans": [{"Node Type": "Seq Scan", "Parent Relationship": "Outer", "Relation Name": "nation", "Alias": "nation", "Startup Cost": 0.0, "Total Cost": 1.25, "Plan Rows": 25, "Plan Width": 34}, {"Node Type": "Hash", "Parent Relationship": "Inner", "Startup Cost": 1.06, "Total Cost": 1.06, "Plan Rows": 1, "Plan Width": 4, "Plans": [{"Node Type": "Seq Scan", "Parent Relationship": "Outer", "Relation Name": "region", "Alias": "region", "Startup Cost": 0.0, "Total Cost": 1.06, "Plan Rows": 1, "Plan Width": 4, "Filter": "(r_name = 'MIDDLE EAST'::bpchar)"}]}]}]}]}]}]}]}]}, {"Node Type": "Hash", "Parent Relationship": "Inner", "Startup Cost": 3283.0, "Total Cost": 3283.0, "Plan Rows": 100000, "Plan Width": 12, "Plans": [{"Node Type": "Seq Scan", "Parent Relationship": "Outer", "Relation Name": "supplier", "Alias": "supplier", "Startup Cost": 0.0, "Total Cost": 3283.0, "Plan Rows": 100000, "Plan Width": 12}]}]}]}]}, "Unique SQL Id": 1392561963}, "explain_analyze_plan": null}, "(1, 47)": {"explain_plan": {"Plan": {"Node Type": "Sort", "Startup Cost": 6051464595461.66, "Total Cost": 6051464595461.73, "Plan Rows": 25, "Plan Width": 42, "Sort Key": ["(sum((lineitem.l_extendedprice * (1::double precision - lineitem.l_discount)))) DESC"], "Plans": [{"Node Type": "Aggregate", "Strategy": "Hashed", "Parent Relationship": "Outer", "Startup Cost": 6051464595460.83, "Total Cost": 6051464595461.08, "Plan Rows": 25, "Plan Width": 42, "Group By Key": ["nation.n_name"], "Plans": [{"Node Type": "Nested Loop", "Parent Relationship": "Outer", "Join Type": "Inner", "Startup Cost": 60000000000.0, "Total Cost": 6051464595366.93, "Plan Rows": 9390, "Plan Width": 42, "Inner Unique": false, "Join Filter": "((orders.o_custkey = customer.c_custkey) AND (supplier.s_nationkey = customer.c_nationkey))", "Plans": [{"Node Type": "Index Scan", "Parent Relationship": "Outer", "Scan Direction": "Forward", "Index Name": "customer_pkey", "Relation Name": "customer", "Alias": "customer", "Startup Cost": 10000000000.0, "Total Cost": 1000008076535.62, "Plan Rows": 1500000, "Plan Width": 12}, {"Node Type": "Materialize", "Parent Relationship": "Inner", "Startup Cost": 50000000000.0, "Total Cost": 5044534420740.56, "Plan Rows": 263699, "Plan Width": 58, "Plans": [{"Node Type": "Nested Loop", "Parent Relationship": "Outer", "Join Type": "Inner", "Startup Cost": 50000000000.0, "Total Cost": 5044534419422.06, "Plan Rows": 263699, "Plan Width": 58, "Inner Unique": true, "Join Filter": "(lineitem.l_orderkey = orders.o_orderkey), (LLVM Optimized)", "Plans": [{"Node Type": "Nested Loop", "Parent Relationship": "Outer", "Join Type": "Inner", "Startup Cost": 40000000000.0, "Total Cost": 4018320818943.09, "Plan Rows": 763534, "Plan Width": 58, "Inner Unique": false, "Join Filter": "(supplier.s_suppkey = lineitem.l_suppkey), (LLVM Optimized)", "Plans": [{"Node Type": "Nested Loop", "Parent Relationship": "Outer", "Join Type": "Inner", "Startup Cost": 30000000000.0, "Total Cost": 3000000543701.01, "Plan Rows": 20000, "Plan Width": 42, "Inner Unique": false, "Join Filter": "(nation.n_nationkey = supplier.s_nationkey)", "Plans": [{"Node Type": "Nested Loop", "Parent Relationship": "Outer", "Join Type": "Inner", "Startup Cost": 20000000000.0, "Total Cost": 2000000002496.63, "Plan Rows": 5, "Plan Width": 30, "Inner Unique": true, "Join Filter": "(nation.n_regionkey = region.r_regionkey)", "Plans": [{"Node Type": "Index Scan", "Parent Relationship": "Outer", "Scan Direction": "Forward", "Index Name": "nation_pkey", "Relation Name": "nation", "Alias": "nation", "Startup Cost": 10000000000.0, "Total Cost": 1000000001262.5, "Plan Rows": 25, "Plan Width": 34}, {"Node Type": "Materialize", "Parent Relationship": "Inner", "Startup Cost": 10000000000.0, "Total Cost": 1000000001233.76, "Plan Rows": 1, "Plan Width": 4, "Plans": [{"Node Type": "Index Scan", "Parent Relationship": "Outer", "Scan Direction": "Forward", "Index Name": "region_pkey", "Relation Name": "region", "Alias": "region", "Startup Cost": 10000000000.0, "Total Cost": 1000000001233.75, "Plan Rows": 1, "Plan Width": 4, "Filter": "(r_name = 'MIDDLE EAST'::bpchar)"}]}]}, {"Node Type": "Materialize", "Parent Relationship": "Inner", "Startup Cost": 10000000000.0, "Total Cost": 1000000533954.38, "Plan Rows": 100000, "Plan Width": 12, "Plans": [{"Node Type": "Index Scan", "Parent Relationship": "Outer", "Scan Direction": "Forward", "Index Name": "supplier_pkey", "Relation Name": "supplier", "Alias": "supplier", "Startup Cost": 10000000000.0, "Total Cost": 1000000533454.38, "Plan Rows": 100000, "Plan Width": 12}]}]}, {"Node Type": "Materialize", "Parent Relationship": "Inner", "Startup Cost": 10000000000.0, "Total Cost": 1000324315309.67, "Plan Rows": 59987033, "Plan Width": 32, "Plans": [{"Node Type": "Index Scan", "Parent Relationship": "Outer", "Scan Direction": "Forward", "Index Name": "idx_lineitem_orderkey", "Relation Name": "lineitem", "Alias": "lineitem", "Startup Cost": 10000000000.0, "Total Cost": 1000324015374.5, "Plan Rows": 59987033, "Plan Width": 32}]}]}, {"Node Type": "Materialize", "Parent Relationship": "Inner", "Startup Cost": 10000000000.0, "Total Cost": 1000080608991.79, "Plan Rows": 2281758, "Plan Width": 16, "Plans": [{"Node Type": "Index Scan", "Parent Relationship": "Outer", "Scan Direction": "Forward", "Index Name": "orders_pkey", "Relation Name": "orders", "Alias": "orders", "Startup Cost": 10000000000.0, "Total Cost": 1000080597583.0, "Plan Rows": 2281758, "Plan Width": 16, "Filter": "((o_orderdate >= '1994-01-01 00:00:00'::timestamp(0) without time zone) AND (o_orderdate < '1995-01-01 00:00:00'::timestamp without time zone)), (LLVM Optimized)"}]}]}]}]}]}]}, "Unique SQL Id": 1392561963}, "explain_analyze_plan": null}, "(1, 48)": {"explain_plan": {"Plan": {"Node Type": "Sort", "Startup Cost": 2730959.0, "Total Cost": 2730959.06, "Plan Rows": 25, "Plan Width": 42, "Sort Key": ["(sum((lineitem.l_extendedprice * (1::double precision - lineitem.l_discount)))) DESC"], "Plans": [{"Node Type": "Aggregate", "Strategy": "Hashed", "Parent Relationship": "Outer", "Startup Cost": 2730958.17, "Total Cost": 2730958.42, "Plan Rows": 25, "Plan Width": 42, "Group By Key": ["nation.n_name"], "Plans": [{"Node Type": "Nested Loop", "Parent Relationship": "Outer", "Join Type": "Inner", "Startup Cost": 1030.37, "Total Cost": 2730864.27, "Plan Rows": 9390, "Plan Width": 42, "Inner Unique": true, "Join Filter": "(customer.c_nationkey = supplier.s_nationkey)", "Plans": [{"Node Type": "Nested Loop", "Parent Relationship": "Outer", "Join Type": "Inner", "Startup Cost": 1030.37, "Total Cost": 1688079.68, "Plan Rows": 3688948, "Plan Width": 58, "Inner Unique": false, "Plans": [{"Node Type": "Nested Loop", "Parent Relationship": "Outer", "Join Type": "Inner", "Startup Cost": 1030.37, "Total Cost": 412285.27, "Plan Rows": 406290, "Plan Width": 42, "Inner Unique": false, "Plans": [{"Node Type": "Nested Loop", "Parent Relationship": "Outer", "Join Type": "Inner", "Startup Cost": 1030.37, "Total Cost": 37176.47, "Plan Rows": 300000, "Plan Width": 42, "Inner Unique": false, "Plans": [{"Node Type": "Nested Loop", "Parent Relationship": "Outer", "Join Type": "Inner", "Startup Cost": 0.0, "Total Cost": 14.06, "Plan Rows": 5, "Plan Width": 30, "Inner Unique": true, "Join Filter": "(nation.n_regionkey = region.r_regionkey)", "Plans": [{"Node Type": "Index Scan", "Parent Relationship": "Outer", "Scan Direction": "Forward", "Index Name": "nation_pkey", "Relation Name": "nation", "Alias": "nation", "Startup Cost": 0.0, "Total Cost": 12.62, "Plan Rows": 25, "Plan Width": 34}, {"Node Type": "Materialize", "Parent Relationship": "Inner", "Startup Cost": 0.0, "Total Cost": 1.07, "Plan Rows": 1, "Plan Width": 4, "Plans": [{"Node Type": "Seq Scan", "Parent Relationship": "Outer", "Relation Name": "region", "Alias": "region", "Startup Cost": 0.0, "Total Cost": 1.06, "Plan Rows": 1, "Plan Width": 4, "Filter": "(r_name = 'MIDDLE EAST'::bpchar)"}]}]}, {"Node Type": "Bitmap Heap Scan", "Parent Relationship": "Inner", "Relation Name": "customer", "Alias": "customer", "Startup Cost": 1030.37, "Total Cost": 6832.48, "Plan Rows": 60000, "Plan Width": 12, "Recheck Cond": "(c_nationkey = nation.n_nationkey)", "Plans": [{"Node Type": "Bitmap Index Scan", "Parent Relationship": "Outer", "Index Name": "idx_customer_nationkey", "Startup Cost": 0.0, "Total Cost": 1015.37, "Plan Rows": 60000, "Plan Width": 0, "Index Cond": "(c_nationkey = nation.n_nationkey)"}]}]}, {"Node Type": "Index Scan", "Parent Relationship": "Inner", "Scan Direction": "Forward", "Index Name": "idx_orders_custkey", "Relation Name": "orders", "Alias": "orders", "Startup Cost": 0.0, "Total Cost": 1.24, "Plan Rows": 1, "Plan Width": 16, "Index Cond": "(o_custkey = customer.c_custkey)", "Filter": "((o_orderdate >= '1994-01-01 00:00:00'::timestamp(0) without time zone) AND (o_orderdate < '1995-01-01 00:00:00'::timestamp without time zone))"}]}, {"Node Type": "Index Scan", "Parent Relationship": "Inner", "Scan Direction": "Forward", "Index Name": "idx_lineitem_orderkey", "Relation Name": "lineitem", "Alias": "lineitem", "Startup Cost": 0.0, "Total Cost": 3.05, "Plan Rows": 9, "Plan Width": 32, "Index Cond": "(l_orderkey = orders.o_orderkey)"}]}, {"Node Type": "Index Scan", "Parent Relationship": "Inner", "Scan Direction": "Forward", "Index Name": "supplier_pkey", "Relation Name": "supplier", "Alias": "supplier", "Startup Cost": 0.0, "Total Cost": 0.27, "Plan Rows": 1, "Plan Width": 12, "Index Cond": "(s_suppkey = lineitem.l_suppkey)"}]}]}]}, "Unique SQL Id": 1392561963}, "explain_analyze_plan": {"Plan": {"Node Type": "Sort", "Startup Cost": 2730959.0, "Total Cost": 2730959.06, "Plan Rows": 25, "Plan Width": 42, "Actual Startup Time": 25382.26, "Actual Total Time": 25382.26, "Actual Rows": 5, "Actual Loops": 1, "Sort Key": ["(sum((lineitem.l_extendedprice * (1::double precision - lineitem.l_discount)))) DESC"], "Sort Method": "quicksort", "Sort Space Used": 25, "Sort Space Type": "Memory", "Plans": [{"Node Type": "Aggregate", "Strategy": "Hashed", "Parent Relationship": "Outer", "Startup Cost": 2730958.17, "Total Cost": 2730958.42, "Plan Rows": 25, "Plan Width": 42, "Actual Startup Time": 25382.223, "Actual Total Time": 25382.226, "Actual Rows": 5, "Actual Loops": 1, "Group By Key": ["nation.n_name"], "Plans": [{"Node Type": "Nested Loop", "Parent Relationship": "Outer", "Join Type": "Inner", "Startup Cost": 1030.37, "Total Cost": 2730864.27, "Plan Rows": 9390, "Plan Width": 42, "Actual Startup Time": 19.381, "Actual Total Time": 25280.573, "Actual Rows": 72985, "Actual Loops": 1, "Inner Unique": true, "Join Filter": "(customer.c_nationkey = supplier.s_nationkey)", "Rows Removed by Join Filter": 1742237, "Plans": [{"Node Type": "Nested Loop", "Parent Relationship": "Outer", "Join Type": "Inner", "Startup Cost": 1030.37, "Total Cost": 1688079.68, "Plan Rows": 3688948, "Plan Width": 58, "Actual Startup Time": 19.258, "Actual Total Time": 15933.697, "Actual Rows": 1815222, "Actual Loops": 1, "Inner Unique": false, "Plans": [{"Node Type": "Nested Loop", "Parent Relationship": "Outer", "Join Type": "Inner", "Startup Cost": 1030.37, "Total Cost": 412285.27, "Plan Rows": 406290, "Plan Width": 42, "Actual Startup Time": 19.24, "Actual Total Time": 9834.243, "Actual Rows": 454183, "Actual Loops": 1, "Inner Unique": false, "Plans": [{"Node Type": "Nested Loop", "Parent Relationship": "Outer", "Join Type": "Inner", "Startup Cost": 1030.37, "Total Cost": 37176.47, "Plan Rows": 300000, "Plan Width": 42, "Actual Startup Time": 19.153, "Actual Total Time": 679.909, "Actual Rows": 299838, "Actual Loops": 1, "Inner Unique": false, "Plans": [{"Node Type": "Nested Loop", "Parent Relationship": "Outer", "Join Type": "Inner", "Startup Cost": 0.0, "Total Cost": 14.06, "Plan Rows": 5, "Plan Width": 30, "Actual Startup Time": 0.064, "Actual Total Time": 0.167, "Actual Rows": 5, "Actual Loops": 1, "Inner Unique": true, "Join Filter": "(nation.n_regionkey = region.r_regionkey)", "Rows Removed by Join Filter": 20, "Plans": [{"Node Type": "Index Scan", "Parent Relationship": "Outer", "Scan Direction": "Forward", "Index Name": "nation_pkey", "Relation Name": "nation", "Alias": "nation", "Startup Cost": 0.0, "Total Cost": 12.62, "Plan Rows": 25, "Plan Width": 34, "Actual Startup Time": 0.024, "Actual Total Time": 0.071, "Actual Rows": 25, "Actual Loops": 1}, {"Node Type": "Materialize", "Parent Relationship": "Inner", "Startup Cost": 0.0, "Total Cost": 1.07, "Plan Rows": 1, "Plan Width": 4, "Actual Startup Time": 0.037, "Actual Total Time": 0.041, "Actual Rows": 25, "Actual Loops": 25, "Plans": [{"Node Type": "Seq Scan", "Parent Relationship": "Outer", "Relation Name": "region", "Alias": "region", "Startup Cost": 0.0, "Total Cost": 1.06, "Plan Rows": 1, "Plan Width": 4, "Actual Startup Time": 0.021, "Actual Total Time": 0.023, "Actual Rows": 1, "Actual Loops": 1, "Filter": "(r_name = 'MIDDLE EAST'::bpchar)", "Rows Removed by Filter": 4}]}]}, {"Node Type": "Bitmap Heap Scan", "Parent Relationship": "Inner", "Relation Name": "customer", "Alias": "customer", "Startup Cost": 1030.37, "Total Cost": 6832.48, "Plan Rows": 60000, "Plan Width": 12, "Actual Startup Time": 91.927, "Actual Total Time": 600.123, "Actual Rows": 299838, "Actual Loops": 5, "Recheck Cond": "(c_nationkey = nation.n_nationkey)", "Rows Removed by Index Recheck": 0, "Exact Heap Blocks": 150033, "Lossy Heap Blocks": 150033, "Plans": [{"Node Type": "Bitmap Index Scan", "Parent Relationship": "Outer", "Index Name": "idx_customer_nationkey", "Startup Cost": 0.0, "Total Cost": 1015.37, "Plan Rows": 60000, "Plan Width": 0, "Actual Startup Time": 58.747, "Actual Total Time": 58.747, "Actual Rows": 299838, "Actual Loops": 5, "Index Cond": "(c_nationkey = nation.n_nationkey)"}]}]}, {"Node Type": "Index Scan", "Parent Relationship": "Inner", "Scan Direction": "Forward", "Index Name": "idx_orders_custkey", "Relation Name": "orders", "Alias": "orders", "Startup Cost": 0.0, "Total Cost": 1.24, "Plan Rows": 1, "Plan Width": 16, "Actual Startup Time": 4185.486, "Actual Total Time": 8881.136, "Actual Rows": 454183, "Actual Loops": 299838, "Index Cond": "(o_custkey = customer.c_custkey)", "Rows Removed by Index Recheck": 0, "Filter": "((o_orderdate >= '1994-01-01 00:00:00'::timestamp(0) without time zone) AND (o_orderdate < '1995-01-01 00:00:00'::timestamp without time zone))", "Rows Removed by Filter": 2542535}]}, {"Node Type": "Index Scan", "Parent Relationship": "Inner", "Scan Direction": "Forward", "Index Name": "idx_lineitem_orderkey", "Relation Name": "lineitem", "Alias": "lineitem", "Startup Cost": 0.0, "Total Cost": 3.05, "Plan Rows": 9, "Plan Width": 32, "Actual Startup Time": 4462.905, "Actual Total Time": 5426.914, "Actual Rows": 1815222, "Actual Loops": 454183, "Index Cond": "(l_orderkey = orders.o_orderkey)", "Rows Removed by Index Recheck": 0}]}, {"Node Type": "Index Scan", "Parent Relationship": "Inner", "Scan Direction": "Forward", "Index Name": "supplier_pkey", "Relation Name": "supplier", "Alias": "supplier", "Startup Cost": 0.0, "Total Cost": 0.27, "Plan Rows": 1, "Plan Width": 12, "Actual Startup Time": 7321.055, "Actual Total Time": 7926.387, "Actual Rows": 1815222, "Actual Loops": 1815222, "Index Cond": "(s_suppkey = lineitem.l_suppkey)", "Rows Removed by Index Recheck": 0}]}]}]}, "Triggers": [], "Planner Runtime": 2.057, "Total Runtime": 25382.7, "Unique SQL Id": 1392561963}}, "(1, 49)": {"explain_plan": {"Plan": {"Node Type": "Sort", "Startup Cost": 2730970.27, "Total Cost": 2730970.34, "Plan Rows": 25, "Plan Width": 42, "Sort Key": ["(sum((lineitem.l_extendedprice * (1::double precision - lineitem.l_discount)))) DESC"], "Plans": [{"Node Type": "Aggregate", "Strategy": "Hashed", "Parent Relationship": "Outer", "Startup Cost": 2730969.44, "Total Cost": 2730969.69, "Plan Rows": 25, "Plan Width": 42, "Group By Key": ["nation.n_name"], "Plans": [{"Node Type": "Nested Loop", "Parent Relationship": "Outer", "Join Type": "Inner", "Startup Cost": 1030.37, "Total Cost": 2730875.54, "Plan Rows": 9390, "Plan Width": 42, "Inner Unique": true, "Join Filter": "(customer.c_nationkey = supplier.s_nationkey)", "Plans": [{"Node Type": "Nested Loop", "Parent Relationship": "Outer", "Join Type": "Inner", "Startup Cost": 1030.37, "Total Cost": 1688090.96, "Plan Rows": 3688948, "Plan Width": 58, "Inner Unique": false, "Plans": [{"Node Type": "Nested Loop", "Parent Relationship": "Outer", "Join Type": "Inner", "Startup Cost": 1030.37, "Total Cost": 412296.55, "Plan Rows": 406290, "Plan Width": 42, "Inner Unique": false, "Plans": [{"Node Type": "Nested Loop", "Parent Relationship": "Outer", "Join Type": "Inner", "Startup Cost": 1030.37, "Total Cost": 37187.75, "Plan Rows": 300000, "Plan Width": 42, "Inner Unique": false, "Plans": [{"Node Type": "Nested Loop", "Parent Relationship": "Outer", "Join Type": "Inner", "Startup Cost": 0.0, "Total Cost": 25.34, "Plan Rows": 5, "Plan Width": 30, "Inner Unique": true, "Join Filter": "(nation.n_regionkey = region.r_regionkey)", "Plans": [{"Node Type": "Index Scan", "Parent Relationship": "Outer", "Scan Direction": "Forward", "Index Name": "nation_pkey", "Relation Name": "nation", "Alias": "nation", "Startup Cost": 0.0, "Total Cost": 12.62, "Plan Rows": 25, "Plan Width": 34}, {"Node Type": "Materialize", "Parent Relationship": "Inner", "Startup Cost": 0.0, "Total Cost": 12.34, "Plan Rows": 1, "Plan Width": 4, "Plans": [{"Node Type": "Index Scan", "Parent Relationship": "Outer", "Scan Direction": "Forward", "Index Name": "region_pkey", "Relation Name": "region", "Alias": "region", "Startup Cost": 0.0, "Total Cost": 12.34, "Plan Rows": 1, "Plan Width": 4, "Filter": "(r_name = 'MIDDLE EAST'::bpchar)"}]}]}, {"Node Type": "Bitmap Heap Scan", "Parent Relationship": "Inner", "Relation Name": "customer", "Alias": "customer", "Startup Cost": 1030.37, "Total Cost": 6832.48, "Plan Rows": 60000, "Plan Width": 12, "Recheck Cond": "(c_nationkey = nation.n_nationkey)", "Plans": [{"Node Type": "Bitmap Index Scan", "Parent Relationship": "Outer", "Index Name": "idx_customer_nationkey", "Startup Cost": 0.0, "Total Cost": 1015.37, "Plan Rows": 60000, "Plan Width": 0, "Index Cond": "(c_nationkey = nation.n_nationkey)"}]}]}, {"Node Type": "Index Scan", "Parent Relationship": "Inner", "Scan Direction": "Forward", "Index Name": "idx_orders_custkey", "Relation Name": "orders", "Alias": "orders", "Startup Cost": 0.0, "Total Cost": 1.24, "Plan Rows": 1, "Plan Width": 16, "Index Cond": "(o_custkey = customer.c_custkey)", "Filter": "((o_orderdate >= '1994-01-01 00:00:00'::timestamp(0) without time zone) AND (o_orderdate < '1995-01-01 00:00:00'::timestamp without time zone))"}]}, {"Node Type": "Index Scan", "Parent Relationship": "Inner", "Scan Direction": "Forward", "Index Name": "idx_lineitem_orderkey", "Relation Name": "lineitem", "Alias": "lineitem", "Startup Cost": 0.0, "Total Cost": 3.05, "Plan Rows": 9, "Plan Width": 32, "Index Cond": "(l_orderkey = orders.o_orderkey)"}]}, {"Node Type": "Index Scan", "Parent Relationship": "Inner", "Scan Direction": "Forward", "Index Name": "supplier_pkey", "Relation Name": "supplier", "Alias": "supplier", "Startup Cost": 0.0, "Total Cost": 0.27, "Plan Rows": 1, "Plan Width": 12, "Index Cond": "(s_suppkey = lineitem.l_suppkey)"}]}]}]}, "Unique SQL Id": 1392561963}, "explain_analyze_plan": {"Plan": {"Node Type": "Sort", "Startup Cost": 2730970.27, "Total Cost": 2730970.34, "Plan Rows": 25, "Plan Width": 42, "Actual Startup Time": 25827.113, "Actual Total Time": 25827.115, "Actual Rows": 5, "Actual Loops": 1, "Sort Key": ["(sum((lineitem.l_extendedprice * (1::double precision - lineitem.l_discount)))) DESC"], "Sort Method": "quicksort", "Sort Space Used": 25, "Sort Space Type": "Memory", "Plans": [{"Node Type": "Aggregate", "Strategy": "Hashed", "Parent Relationship": "Outer", "Startup Cost": 2730969.44, "Total Cost": 2730969.69, "Plan Rows": 25, "Plan Width": 42, "Actual Startup Time": 25827.071, "Actual Total Time": 25827.072, "Actual Rows": 5, "Actual Loops": 1, "Group By Key": ["nation.n_name"], "Plans": [{"Node Type": "Nested Loop", "Parent Relationship": "Outer", "Join Type": "Inner", "Startup Cost": 1030.37, "Total Cost": 2730875.54, "Plan Rows": 9390, "Plan Width": 42, "Actual Startup Time": 17.933, "Actual Total Time": 25725.25, "Actual Rows": 72985, "Actual Loops": 1, "Inner Unique": true, "Join Filter": "(customer.c_nationkey = supplier.s_nationkey)", "Rows Removed by Join Filter": 1742237, "Plans": [{"Node Type": "Nested Loop", "Parent Relationship": "Outer", "Join Type": "Inner", "Startup Cost": 1030.37, "Total Cost": 1688090.96, "Plan Rows": 3688948, "Plan Width": 58, "Actual Startup Time": 17.803, "Actual Total Time": 16321.691, "Actual Rows": 1815222, "Actual Loops": 1, "Inner Unique": false, "Plans": [{"Node Type": "Nested Loop", "Parent Relationship": "Outer", "Join Type": "Inner", "Startup Cost": 1030.37, "Total Cost": 412296.55, "Plan Rows": 406290, "Plan Width": 42, "Actual Startup Time": 17.783, "Actual Total Time": 10082.104, "Actual Rows": 454183, "Actual Loops": 1, "Inner Unique": false, "Plans": [{"Node Type": "Nested Loop", "Parent Relationship": "Outer", "Join Type": "Inner", "Startup Cost": 1030.37, "Total Cost": 37187.75, "Plan Rows": 300000, "Plan Width": 42, "Actual Startup Time": 17.682, "Actual Total Time": 690.918, "Actual Rows": 299838, "Actual Loops": 1, "Inner Unique": false, "Plans": [{"Node Type": "Nested Loop", "Parent Relationship": "Outer", "Join Type": "Inner", "Startup Cost": 0.0, "Total Cost": 25.34, "Plan Rows": 5, "Plan Width": 30, "Actual Startup Time": 0.042, "Actual Total Time": 0.124, "Actual Rows": 5, "Actual Loops": 1, "Inner Unique": true, "Join Filter": "(nation.n_regionkey = region.r_regionkey)", "Rows Removed by Join Filter": 20, "Plans": [{"Node Type": "Index Scan", "Parent Relationship": "Outer", "Scan Direction": "Forward", "Index Name": "nation_pkey", "Relation Name": "nation", "Alias": "nation", "Startup Cost": 0.0, "Total Cost": 12.62, "Plan Rows": 25, "Plan Width": 34, "Actual Startup Time": 0.014, "Actual Total Time": 0.047, "Actual Rows": 25, "Actual Loops": 1}, {"Node Type": "Materialize", "Parent Relationship": "Inner", "Startup Cost": 0.0, "Total Cost": 12.34, "Plan Rows": 1, "Plan Width": 4, "Actual Startup Time": 0.028, "Actual Total Time": 0.031, "Actual Rows": 25, "Actual Loops": 25, "Plans": [{"Node Type": "Index Scan", "Parent Relationship": "Outer", "Scan Direction": "Forward", "Index Name": "region_pkey", "Relation Name": "region", "Alias": "region", "Startup Cost": 0.0, "Total Cost": 12.34, "Plan Rows": 1, "Plan Width": 4, "Actual Startup Time": 0.015, "Actual Total Time": 0.016, "Actual Rows": 1, "Actual Loops": 1, "Filter": "(r_name = 'MIDDLE EAST'::bpchar)", "Rows Removed by Filter": 4}]}]}, {"Node Type": "Bitmap Heap Scan", "Parent Relationship": "Inner", "Relation Name": "customer", "Alias": "customer", "Startup Cost": 1030.37, "Total Cost": 6832.48, "Plan Rows": 60000, "Plan Width": 12, "Actual Startup Time": 90.182, "Actual Total Time": 612.188, "Actual Rows": 299838, "Actual Loops": 5, "Recheck Cond": "(c_nationkey = nation.n_nationkey)", "Rows Removed by Index Recheck": 0, "Exact Heap Blocks": 150033, "Lossy Heap Blocks": 150033, "Plans": [{"Node Type": "Bitmap Index Scan", "Parent Relationship": "Outer", "Index Name": "idx_customer_nationkey", "Startup Cost": 0.0, "Total Cost": 1015.37, "Plan Rows": 60000, "Plan Width": 0, "Actual Startup Time": 57.057, "Actual Total Time": 57.057, "Actual Rows": 299838, "Actual Loops": 5, "Index Cond": "(c_nationkey = nation.n_nationkey)"}]}]}, {"Node Type": "Index Scan", "Parent Relationship": "Inner", "Scan Direction": "Forward", "Index Name": "idx_orders_custkey", "Relation Name": "orders", "Alias": "orders", "Startup Cost": 0.0, "Total Cost": 1.24, "Plan Rows": 1, "Plan Width": 16, "Actual Startup Time": 4290.13, "Actual Total Time": 9117.55, "Actual Rows": 454183, "Actual Loops": 299838, "Index Cond": "(o_custkey = customer.c_custkey)", "Rows Removed by Index Recheck": 0, "Filter": "((o_orderdate >= '1994-01-01 00:00:00'::timestamp(0) without time zone) AND (o_orderdate < '1995-01-01 00:00:00'::timestamp without time zone))", "Rows Removed by Filter": 2542535}]}, {"Node Type": "Index Scan", "Parent Relationship": "Inner", "Scan Direction": "Forward", "Index Name": "idx_lineitem_orderkey", "Relation Name": "lineitem", "Alias": "lineitem", "Startup Cost": 0.0, "Total Cost": 3.05, "Plan Rows": 9, "Plan Width": 32, "Actual Startup Time": 4568.66, "Actual Total Time": 5547.845, "Actual Rows": 1815222, "Actual Loops": 454183, "Index Cond": "(l_orderkey = orders.o_orderkey)", "Rows Removed by Index Recheck": 0}]}, {"Node Type": "Index Scan", "Parent Relationship": "Inner", "Scan Direction": "Forward", "Index Name": "supplier_pkey", "Relation Name": "supplier", "Alias": "supplier", "Startup Cost": 0.0, "Total Cost": 0.27, "Plan Rows": 1, "Plan Width": 12, "Actual Startup Time": 7382.808, "Actual Total Time": 7984.724, "Actual Rows": 1815222, "Actual Loops": 1815222, "Index Cond": "(s_suppkey = lineitem.l_suppkey)", "Rows Removed by Index Recheck": 0}]}]}]}, "Triggers": [], "Planner Runtime": 1.895, "Total Runtime": 25827.529, "Unique SQL Id": 1392561963}}, "(1, 50)": {"explain_plan": {"Plan": {"Node Type": "Sort", "Startup Cost": 19319777.54, "Total Cost": 19319777.6, "Plan Rows": 25, "Plan Width": 42, "Sort Key": ["(sum((lineitem.l_extendedprice * (1::double precision - lineitem.l_discount)))) DESC"], "Plans": [{"Node Type": "Aggregate", "Strategy": "Hashed", "Parent Relationship": "Outer", "Startup Cost": 19319776.71, "Total Cost": 19319776.96, "Plan Rows": 25, "Plan Width": 42, "Group By Key": ["nation.n_name"], "Plans": [{"Node Type": "Nested Loop", "Parent Relationship": "Outer", "Join Type": "Inner", "Startup Cost": 1.42, "Total Cost": 19319682.81, "Plan Rows": 9390, "Plan Width": 42, "Inner Unique": true, "Join Filter": "(customer.c_nationkey = supplier.s_nationkey)", "Plans": [{"Node Type": "Nested Loop", "Parent Relationship": "Outer", "Join Type": "Inner", "Startup Cost": 1.16, "Total Cost": 3520745.57, "Plan Rows": 3688948, "Plan Width": 58, "Inner Unique": false, "Plans": [{"Node Type": "Nested Loop", "Parent Relationship": "Outer", "Join Type": "Inner", "Startup Cost": 0.43, "Total Cost": 1518677.24, "Plan Rows": 406290, "Plan Width": 42, "Inner Unique": false, "Plans": [{"Node Type": "Nested Loop", "Parent Relationship": "Outer", "Join Type": "Inner", "Startup Cost": 0.0, "Total Cost": 164628.64, "Plan Rows": 300000, "Plan Width": 42, "Inner Unique": false, "Join Filter": "(nation.n_nationkey = customer.c_nationkey), (LLVM Optimized)", "Plans": [{"Node Type": "Seq Scan", "Parent Relationship": "Outer", "Relation Name": "customer", "Alias": "customer", "Startup Cost": 0.0, "Total Cost": 52126.0, "Plan Rows": 1500000, "Plan Width": 12}, {"Node Type": "Materialize", "Parent Relationship": "Inner", "Startup Cost": 0.0, "Total Cost": 2.65, "Plan Rows": 5, "Plan Width": 30, "Plans": [{"Node Type": "Nested Loop", "Parent Relationship": "Outer", "Join Type": "Inner", "Startup Cost": 0.0, "Total Cost": 2.62, "Plan Rows": 5, "Plan Width": 30, "Inner Unique": false, "Join Filter": "(nation.n_regionkey = region.r_regionkey)", "Plans": [{"Node Type": "Seq Scan", "Parent Relationship": "Outer", "Relation Name": "region", "Alias": "region", "Startup Cost": 0.0, "Total Cost": 1.06, "Plan Rows": 1, "Plan Width": 4, "Filter": "(r_name = 'MIDDLE EAST'::bpchar)"}, {"Node Type": "Seq Scan", "Parent Relationship": "Inner", "Relation Name": "nation", "Alias": "nation", "Startup Cost": 0.0, "Total Cost": 1.25, "Plan Rows": 25, "Plan Width": 34}]}]}]}, {"Node Type": "Bitmap Heap Scan", "Parent Relationship": "Inner", "Relation Name": "orders", "Alias": "orders", "Startup Cost": 0.43, "Total Cost": 4.5, "Plan Rows": 1, "Plan Width": 16, "Recheck Cond": "(o_custkey = customer.c_custkey)", "Filter": "((o_orderdate >= '1994-01-01 00:00:00'::timestamp(0) without time zone) AND (o_orderdate < '1995-01-01 00:00:00'::timestamp without time zone))", "Plans": [{"Node Type": "Bitmap Index Scan", "Parent Relationship": "Outer", "Index Name": "idx_orders_custkey", "Startup Cost": 0.0, "Total Cost": 0.43, "Plan Rows": 4, "Plan Width": 0, "Index Cond": "(o_custkey = customer.c_custkey)"}]}]}, {"Node Type": "Bitmap Heap Scan", "Parent Relationship": "Inner", "Relation Name": "lineitem", "Alias": "lineitem", "Startup Cost": 0.73, "Total Cost": 4.84, "Plan Rows": 9, "Plan Width": 32, "Recheck Cond": "(l_orderkey = orders.o_orderkey)", "Plans": [{"Node Type": "Bitmap Index Scan", "Parent Relationship": "Outer", "Index Name": "idx_lineitem_orderkey", "Startup Cost": 0.0, "Total Cost": 0.72, "Plan Rows": 9, "Plan Width": 0, "Index Cond": "(l_orderkey = orders.o_orderkey)"}]}]}, {"Node Type": "Bitmap Heap Scan", "Parent Relationship": "Inner", "Relation Name": "supplier", "Alias": "supplier", "Startup Cost": 0.26, "Total Cost": 4.27, "Plan Rows": 1, "Plan Width": 12, "Recheck Cond": "(s_suppkey = lineitem.l_suppkey)", "Plans": [{"Node Type": "Bitmap Index Scan", "Parent Relationship": "Outer", "Index Name": "supplier_pkey", "Startup Cost": 0.0, "Total Cost": 0.26, "Plan Rows": 1, "Plan Width": 0, "Index Cond": "(s_suppkey = lineitem.l_suppkey)"}]}]}]}]}, "Unique SQL Id": 1392561963}, "explain_analyze_plan": null}, "(1, 51)": {"explain_plan": {"Plan": {"Node Type": "Sort", "Startup Cost": 46003135.57, "Total Cost": 46003135.63, "Plan Rows": 25, "Plan Width": 42, "Sort Key": ["(sum((lineitem.l_extendedprice * (1::double precision - lineitem.l_discount)))) DESC"], "Plans": [{"Node Type": "Aggregate", "Strategy": "Hashed", "Parent Relationship": "Outer", "Startup Cost": 46003134.74, "Total Cost": 46003134.99, "Plan Rows": 25, "Plan Width": 42, "Group By Key": ["nation.n_name"], "Plans": [{"Node Type": "Nested Loop", "Parent Relationship": "Outer", "Join Type": "Inner", "Startup Cost": 58362.35, "Total Cost": 46003040.84, "Plan Rows": 9390, "Plan Width": 42, "Inner Unique": true, "Join Filter": "(customer.c_nationkey = supplier.s_nationkey)", "Plans": [{"Node Type": "Nested Loop", "Parent Relationship": "Outer", "Join Type": "Inner", "Startup Cost": 58362.1, "Total Cost": 30204103.6, "Plan Rows": 3688948, "Plan Width": 58, "Inner Unique": false, "Plans": [{"Node Type": "Nested Loop", "Parent Relationship": "Outer", "Join Type": "Inner", "Startup Cost": 58361.37, "Total Cost": 28202035.27, "Plan Rows": 406290, "Plan Width": 42, "Inner Unique": true, "Plans": [{"Node Type": "Nested Loop", "Parent Relationship": "Outer", "Join Type": "Inner", "Startup Cost": 58360.79, "Total Cost": 18851769.58, "Plan Rows": 2031452, "Plan Width": 46, "Inner Unique": true, "Plans": [{"Node Type": "Nested Loop", "Parent Relationship": "Outer", "Join Type": "Inner", "Startup Cost": 58360.54, "Total Cost": 10156636.32, "Plan Rows": 2031452, "Plan Width": 12, "Inner Unique": true, "Plans": [{"Node Type": "Bitmap Heap Scan", "Parent Relationship": "Outer", "Relation Name": "orders", "Alias": "orders", "Startup Cost": 58360.27, "Total Cost": 369005.64, "Plan Rows": 2281758, "Plan Width": 16, "Recheck Cond": "((o_orderdate >= '1994-01-01 00:00:00'::timestamp(0) without time zone) AND (o_orderdate < '1995-01-01 00:00:00'::timestamp without time zone)), (LLVM Optimized)", "Plans": [{"Node Type": "Bitmap Index Scan", "Parent Relationship": "Outer", "Index Name": "idx_orders_orderdate", "Startup Cost": 0.0, "Total Cost": 57789.83, "Plan Rows": 2281758, "Plan Width": 0, "Index Cond": "((o_orderdate >= '1994-01-01 00:00:00'::timestamp(0) without time zone) AND (o_orderdate < '1995-01-01 00:00:00'::timestamp without time zone))"}]}, {"Node Type": "Bitmap Heap Scan", "Parent Relationship": "Inner", "Relation Name": "customer", "Alias": "customer", "Startup Cost": 0.27, "Total Cost": 4.28, "Plan Rows": 1, "Plan Width": 12, "Recheck Cond": "(c_custkey = orders.o_custkey)", "Plans": [{"Node Type": "Bitmap Index Scan", "Parent Relationship": "Outer", "Index Name": "customer_pkey", "Startup Cost": 0.0, "Total Cost": 0.27, "Plan Rows": 1, "Plan Width": 0, "Index Cond": "(c_custkey = orders.o_custkey)"}]}]}, {"Node Type": "Bitmap Heap Scan", "Parent Relationship": "Inner", "Relation Name": "nation", "Alias": "nation", "Startup Cost": 0.26, "Total Cost": 4.27, "Plan Rows": 1, "Plan Width": 34, "Recheck Cond": "(n_nationkey = customer.c_nationkey)", "Plans": [{"Node Type": "Bitmap Index Scan", "Parent Relationship": "Outer", "Index Name": "nation_pkey", "Startup Cost": 0.0, "Total Cost": 0.26, "Plan Rows": 1, "Plan Width": 0, "Index Cond": "(n_nationkey = customer.c_nationkey)"}]}]}, {"Node Type": "Bitmap Heap Scan", "Parent Relationship": "Inner", "Relation Name": "region", "Alias": "region", "Startup Cost": 0.58, "Total Cost": 4.59, "Plan Rows": 1, "Plan Width": 4, "Recheck Cond": "(r_regionkey = nation.n_regionkey)", "Filter": "(r_name = 'MIDDLE EAST'::bpchar)", "Plans": [{"Node Type": "Bitmap Index Scan", "Parent Relationship": "Outer", "Index Name": "region_pkey", "Startup Cost": 0.0, "Total Cost": 0.58, "Plan Rows": 1, "Plan Width": 0, "Index Cond": "(r_regionkey = nation.n_regionkey)"}]}]}, {"Node Type": "Bitmap Heap Scan", "Parent Relationship": "Inner", "Relation Name": "lineitem", "Alias": "lineitem", "Startup Cost": 0.73, "Total Cost": 4.84, "Plan Rows": 9, "Plan Width": 32, "Recheck Cond": "(l_orderkey = orders.o_orderkey)", "Plans": [{"Node Type": "Bitmap Index Scan", "Parent Relationship": "Outer", "Index Name": "idx_lineitem_orderkey", "Startup Cost": 0.0, "Total Cost": 0.72, "Plan Rows": 9, "Plan Width": 0, "Index Cond": "(l_orderkey = orders.o_orderkey)"}]}]}, {"Node Type": "Bitmap Heap Scan", "Parent Relationship": "Inner", "Relation Name": "supplier", "Alias": "supplier", "Startup Cost": 0.26, "Total Cost": 4.27, "Plan Rows": 1, "Plan Width": 12, "Recheck Cond": "(s_suppkey = lineitem.l_suppkey)", "Plans": [{"Node Type": "Bitmap Index Scan", "Parent Relationship": "Outer", "Index Name": "supplier_pkey", "Startup Cost": 0.0, "Total Cost": 0.26, "Plan Rows": 1, "Plan Width": 0, "Index Cond": "(s_suppkey = lineitem.l_suppkey)"}]}]}]}]}, "Unique SQL Id": 1392561963}, "explain_analyze_plan": null}, "(1, 52)": {"explain_plan": {"Plan": {"Node Type": "Sort", "Startup Cost": 2730959.0, "Total Cost": 2730959.06, "Plan Rows": 25, "Plan Width": 42, "Sort Key": ["(sum((lineitem.l_extendedprice * (1::double precision - lineitem.l_discount)))) DESC"], "Plans": [{"Node Type": "Aggregate", "Strategy": "Hashed", "Parent Relationship": "Outer", "Startup Cost": 2730958.17, "Total Cost": 2730958.42, "Plan Rows": 25, "Plan Width": 42, "Group By Key": ["nation.n_name"], "Plans": [{"Node Type": "Nested Loop", "Parent Relationship": "Outer", "Join Type": "Inner", "Startup Cost": 1030.37, "Total Cost": 2730864.27, "Plan Rows": 9390, "Plan Width": 42, "Inner Unique": true, "Join Filter": "(customer.c_nationkey = supplier.s_nationkey)", "Plans": [{"Node Type": "Nested Loop", "Parent Relationship": "Outer", "Join Type": "Inner", "Startup Cost": 1030.37, "Total Cost": 1688079.68, "Plan Rows": 3688948, "Plan Width": 58, "Inner Unique": false, "Plans": [{"Node Type": "Nested Loop", "Parent Relationship": "Outer", "Join Type": "Inner", "Startup Cost": 1030.37, "Total Cost": 412285.27, "Plan Rows": 406290, "Plan Width": 42, "Inner Unique": false, "Plans": [{"Node Type": "Nested Loop", "Parent Relationship": "Outer", "Join Type": "Inner", "Startup Cost": 1030.37, "Total Cost": 37176.47, "Plan Rows": 300000, "Plan Width": 42, "Inner Unique": false, "Plans": [{"Node Type": "Nested Loop", "Parent Relationship": "Outer", "Join Type": "Inner", "Startup Cost": 0.0, "Total Cost": 14.06, "Plan Rows": 5, "Plan Width": 30, "Inner Unique": true, "Join Filter": "(nation.n_regionkey = region.r_regionkey)", "Plans": [{"Node Type": "Index Scan", "Parent Relationship": "Outer", "Scan Direction": "Forward", "Index Name": "nation_pkey", "Relation Name": "nation", "Alias": "nation", "Startup Cost": 0.0, "Total Cost": 12.62, "Plan Rows": 25, "Plan Width": 34}, {"Node Type": "Materialize", "Parent Relationship": "Inner", "Startup Cost": 0.0, "Total Cost": 1.07, "Plan Rows": 1, "Plan Width": 4, "Plans": [{"Node Type": "Seq Scan", "Parent Relationship": "Outer", "Relation Name": "region", "Alias": "region", "Startup Cost": 0.0, "Total Cost": 1.06, "Plan Rows": 1, "Plan Width": 4, "Filter": "(r_name = 'MIDDLE EAST'::bpchar)"}]}]}, {"Node Type": "Bitmap Heap Scan", "Parent Relationship": "Inner", "Relation Name": "customer", "Alias": "customer", "Startup Cost": 1030.37, "Total Cost": 6832.48, "Plan Rows": 60000, "Plan Width": 12, "Recheck Cond": "(c_nationkey = nation.n_nationkey)", "Plans": [{"Node Type": "Bitmap Index Scan", "Parent Relationship": "Outer", "Index Name": "idx_customer_nationkey", "Startup Cost": 0.0, "Total Cost": 1015.37, "Plan Rows": 60000, "Plan Width": 0, "Index Cond": "(c_nationkey = nation.n_nationkey)"}]}]}, {"Node Type": "Index Scan", "Parent Relationship": "Inner", "Scan Direction": "Forward", "Index Name": "idx_orders_custkey", "Relation Name": "orders", "Alias": "orders", "Startup Cost": 0.0, "Total Cost": 1.24, "Plan Rows": 1, "Plan Width": 16, "Index Cond": "(o_custkey = customer.c_custkey)", "Filter": "((o_orderdate >= '1994-01-01 00:00:00'::timestamp(0) without time zone) AND (o_orderdate < '1995-01-01 00:00:00'::timestamp without time zone))"}]}, {"Node Type": "Index Scan", "Parent Relationship": "Inner", "Scan Direction": "Forward", "Index Name": "idx_lineitem_orderkey", "Relation Name": "lineitem", "Alias": "lineitem", "Startup Cost": 0.0, "Total Cost": 3.05, "Plan Rows": 9, "Plan Width": 32, "Index Cond": "(l_orderkey = orders.o_orderkey)"}]}, {"Node Type": "Index Scan", "Parent Relationship": "Inner", "Scan Direction": "Forward", "Index Name": "supplier_pkey", "Relation Name": "supplier", "Alias": "supplier", "Startup Cost": 0.0, "Total Cost": 0.27, "Plan Rows": 1, "Plan Width": 12, "Index Cond": "(s_suppkey = lineitem.l_suppkey)"}]}]}]}, "Unique SQL Id": 1392561963}, "explain_analyze_plan": {"Plan": {"Node Type": "Sort", "Startup Cost": 2730959.0, "Total Cost": 2730959.06, "Plan Rows": 25, "Plan Width": 42, "Actual Startup Time": 25382.26, "Actual Total Time": 25382.26, "Actual Rows": 5, "Actual Loops": 1, "Sort Key": ["(sum((lineitem.l_extendedprice * (1::double precision - lineitem.l_discount)))) DESC"], "Sort Method": "quicksort", "Sort Space Used": 25, "Sort Space Type": "Memory", "Plans": [{"Node Type": "Aggregate", "Strategy": "Hashed", "Parent Relationship": "Outer", "Startup Cost": 2730958.17, "Total Cost": 2730958.42, "Plan Rows": 25, "Plan Width": 42, "Actual Startup Time": 25382.223, "Actual Total Time": 25382.226, "Actual Rows": 5, "Actual Loops": 1, "Group By Key": ["nation.n_name"], "Plans": [{"Node Type": "Nested Loop", "Parent Relationship": "Outer", "Join Type": "Inner", "Startup Cost": 1030.37, "Total Cost": 2730864.27, "Plan Rows": 9390, "Plan Width": 42, "Actual Startup Time": 19.381, "Actual Total Time": 25280.573, "Actual Rows": 72985, "Actual Loops": 1, "Inner Unique": true, "Join Filter": "(customer.c_nationkey = supplier.s_nationkey)", "Rows Removed by Join Filter": 1742237, "Plans": [{"Node Type": "Nested Loop", "Parent Relationship": "Outer", "Join Type": "Inner", "Startup Cost": 1030.37, "Total Cost": 1688079.68, "Plan Rows": 3688948, "Plan Width": 58, "Actual Startup Time": 19.258, "Actual Total Time": 15933.697, "Actual Rows": 1815222, "Actual Loops": 1, "Inner Unique": false, "Plans": [{"Node Type": "Nested Loop", "Parent Relationship": "Outer", "Join Type": "Inner", "Startup Cost": 1030.37, "Total Cost": 412285.27, "Plan Rows": 406290, "Plan Width": 42, "Actual Startup Time": 19.24, "Actual Total Time": 9834.243, "Actual Rows": 454183, "Actual Loops": 1, "Inner Unique": false, "Plans": [{"Node Type": "Nested Loop", "Parent Relationship": "Outer", "Join Type": "Inner", "Startup Cost": 1030.37, "Total Cost": 37176.47, "Plan Rows": 300000, "Plan Width": 42, "Actual Startup Time": 19.153, "Actual Total Time": 679.909, "Actual Rows": 299838, "Actual Loops": 1, "Inner Unique": false, "Plans": [{"Node Type": "Nested Loop", "Parent Relationship": "Outer", "Join Type": "Inner", "Startup Cost": 0.0, "Total Cost": 14.06, "Plan Rows": 5, "Plan Width": 30, "Actual Startup Time": 0.064, "Actual Total Time": 0.167, "Actual Rows": 5, "Actual Loops": 1, "Inner Unique": true, "Join Filter": "(nation.n_regionkey = region.r_regionkey)", "Rows Removed by Join Filter": 20, "Plans": [{"Node Type": "Index Scan", "Parent Relationship": "Outer", "Scan Direction": "Forward", "Index Name": "nation_pkey", "Relation Name": "nation", "Alias": "nation", "Startup Cost": 0.0, "Total Cost": 12.62, "Plan Rows": 25, "Plan Width": 34, "Actual Startup Time": 0.024, "Actual Total Time": 0.071, "Actual Rows": 25, "Actual Loops": 1}, {"Node Type": "Materialize", "Parent Relationship": "Inner", "Startup Cost": 0.0, "Total Cost": 1.07, "Plan Rows": 1, "Plan Width": 4, "Actual Startup Time": 0.037, "Actual Total Time": 0.041, "Actual Rows": 25, "Actual Loops": 25, "Plans": [{"Node Type": "Seq Scan", "Parent Relationship": "Outer", "Relation Name": "region", "Alias": "region", "Startup Cost": 0.0, "Total Cost": 1.06, "Plan Rows": 1, "Plan Width": 4, "Actual Startup Time": 0.021, "Actual Total Time": 0.023, "Actual Rows": 1, "Actual Loops": 1, "Filter": "(r_name = 'MIDDLE EAST'::bpchar)", "Rows Removed by Filter": 4}]}]}, {"Node Type": "Bitmap Heap Scan", "Parent Relationship": "Inner", "Relation Name": "customer", "Alias": "customer", "Startup Cost": 1030.37, "Total Cost": 6832.48, "Plan Rows": 60000, "Plan Width": 12, "Actual Startup Time": 91.927, "Actual Total Time": 600.123, "Actual Rows": 299838, "Actual Loops": 5, "Recheck Cond": "(c_nationkey = nation.n_nationkey)", "Rows Removed by Index Recheck": 0, "Exact Heap Blocks": 150033, "Lossy Heap Blocks": 150033, "Plans": [{"Node Type": "Bitmap Index Scan", "Parent Relationship": "Outer", "Index Name": "idx_customer_nationkey", "Startup Cost": 0.0, "Total Cost": 1015.37, "Plan Rows": 60000, "Plan Width": 0, "Actual Startup Time": 58.747, "Actual Total Time": 58.747, "Actual Rows": 299838, "Actual Loops": 5, "Index Cond": "(c_nationkey = nation.n_nationkey)"}]}]}, {"Node Type": "Index Scan", "Parent Relationship": "Inner", "Scan Direction": "Forward", "Index Name": "idx_orders_custkey", "Relation Name": "orders", "Alias": "orders", "Startup Cost": 0.0, "Total Cost": 1.24, "Plan Rows": 1, "Plan Width": 16, "Actual Startup Time": 4185.486, "Actual Total Time": 8881.136, "Actual Rows": 454183, "Actual Loops": 299838, "Index Cond": "(o_custkey = customer.c_custkey)", "Rows Removed by Index Recheck": 0, "Filter": "((o_orderdate >= '1994-01-01 00:00:00'::timestamp(0) without time zone) AND (o_orderdate < '1995-01-01 00:00:00'::timestamp without time zone))", "Rows Removed by Filter": 2542535}]}, {"Node Type": "Index Scan", "Parent Relationship": "Inner", "Scan Direction": "Forward", "Index Name": "idx_lineitem_orderkey", "Relation Name": "lineitem", "Alias": "lineitem", "Startup Cost": 0.0, "Total Cost": 3.05, "Plan Rows": 9, "Plan Width": 32, "Actual Startup Time": 4462.905, "Actual Total Time": 5426.914, "Actual Rows": 1815222, "Actual Loops": 454183, "Index Cond": "(l_orderkey = orders.o_orderkey)", "Rows Removed by Index Recheck": 0}]}, {"Node Type": "Index Scan", "Parent Relationship": "Inner", "Scan Direction": "Forward", "Index Name": "supplier_pkey", "Relation Name": "supplier", "Alias": "supplier", "Startup Cost": 0.0, "Total Cost": 0.27, "Plan Rows": 1, "Plan Width": 12, "Actual Startup Time": 7321.055, "Actual Total Time": 7926.387, "Actual Rows": 1815222, "Actual Loops": 1815222, "Index Cond": "(s_suppkey = lineitem.l_suppkey)", "Rows Removed by Index Recheck": 0}]}]}]}, "Triggers": [], "Planner Runtime": 2.057, "Total Runtime": 25382.7, "Unique SQL Id": 1392561963}}, "(1, 53)": {"explain_plan": {"Plan": {"Node Type": "Sort", "Startup Cost": 2730970.27, "Total Cost": 2730970.34, "Plan Rows": 25, "Plan Width": 42, "Sort Key": ["(sum((lineitem.l_extendedprice * (1::double precision - lineitem.l_discount)))) DESC"], "Plans": [{"Node Type": "Aggregate", "Strategy": "Hashed", "Parent Relationship": "Outer", "Startup Cost": 2730969.44, "Total Cost": 2730969.69, "Plan Rows": 25, "Plan Width": 42, "Group By Key": ["nation.n_name"], "Plans": [{"Node Type": "Nested Loop", "Parent Relationship": "Outer", "Join Type": "Inner", "Startup Cost": 1030.37, "Total Cost": 2730875.54, "Plan Rows": 9390, "Plan Width": 42, "Inner Unique": true, "Join Filter": "(customer.c_nationkey = supplier.s_nationkey)", "Plans": [{"Node Type": "Nested Loop", "Parent Relationship": "Outer", "Join Type": "Inner", "Startup Cost": 1030.37, "Total Cost": 1688090.96, "Plan Rows": 3688948, "Plan Width": 58, "Inner Unique": false, "Plans": [{"Node Type": "Nested Loop", "Parent Relationship": "Outer", "Join Type": "Inner", "Startup Cost": 1030.37, "Total Cost": 412296.55, "Plan Rows": 406290, "Plan Width": 42, "Inner Unique": false, "Plans": [{"Node Type": "Nested Loop", "Parent Relationship": "Outer", "Join Type": "Inner", "Startup Cost": 1030.37, "Total Cost": 37187.75, "Plan Rows": 300000, "Plan Width": 42, "Inner Unique": false, "Plans": [{"Node Type": "Nested Loop", "Parent Relationship": "Outer", "Join Type": "Inner", "Startup Cost": 0.0, "Total Cost": 25.34, "Plan Rows": 5, "Plan Width": 30, "Inner Unique": true, "Join Filter": "(nation.n_regionkey = region.r_regionkey)", "Plans": [{"Node Type": "Index Scan", "Parent Relationship": "Outer", "Scan Direction": "Forward", "Index Name": "nation_pkey", "Relation Name": "nation", "Alias": "nation", "Startup Cost": 0.0, "Total Cost": 12.62, "Plan Rows": 25, "Plan Width": 34}, {"Node Type": "Materialize", "Parent Relationship": "Inner", "Startup Cost": 0.0, "Total Cost": 12.34, "Plan Rows": 1, "Plan Width": 4, "Plans": [{"Node Type": "Index Scan", "Parent Relationship": "Outer", "Scan Direction": "Forward", "Index Name": "region_pkey", "Relation Name": "region", "Alias": "region", "Startup Cost": 0.0, "Total Cost": 12.34, "Plan Rows": 1, "Plan Width": 4, "Filter": "(r_name = 'MIDDLE EAST'::bpchar)"}]}]}, {"Node Type": "Bitmap Heap Scan", "Parent Relationship": "Inner", "Relation Name": "customer", "Alias": "customer", "Startup Cost": 1030.37, "Total Cost": 6832.48, "Plan Rows": 60000, "Plan Width": 12, "Recheck Cond": "(c_nationkey = nation.n_nationkey)", "Plans": [{"Node Type": "Bitmap Index Scan", "Parent Relationship": "Outer", "Index Name": "idx_customer_nationkey", "Startup Cost": 0.0, "Total Cost": 1015.37, "Plan Rows": 60000, "Plan Width": 0, "Index Cond": "(c_nationkey = nation.n_nationkey)"}]}]}, {"Node Type": "Index Scan", "Parent Relationship": "Inner", "Scan Direction": "Forward", "Index Name": "idx_orders_custkey", "Relation Name": "orders", "Alias": "orders", "Startup Cost": 0.0, "Total Cost": 1.24, "Plan Rows": 1, "Plan Width": 16, "Index Cond": "(o_custkey = customer.c_custkey)", "Filter": "((o_orderdate >= '1994-01-01 00:00:00'::timestamp(0) without time zone) AND (o_orderdate < '1995-01-01 00:00:00'::timestamp without time zone))"}]}, {"Node Type": "Index Scan", "Parent Relationship": "Inner", "Scan Direction": "Forward", "Index Name": "idx_lineitem_orderkey", "Relation Name": "lineitem", "Alias": "lineitem", "Startup Cost": 0.0, "Total Cost": 3.05, "Plan Rows": 9, "Plan Width": 32, "Index Cond": "(l_orderkey = orders.o_orderkey)"}]}, {"Node Type": "Index Scan", "Parent Relationship": "Inner", "Scan Direction": "Forward", "Index Name": "supplier_pkey", "Relation Name": "supplier", "Alias": "supplier", "Startup Cost": 0.0, "Total Cost": 0.27, "Plan Rows": 1, "Plan Width": 12, "Index Cond": "(s_suppkey = lineitem.l_suppkey)"}]}]}]}, "Unique SQL Id": 1392561963}, "explain_analyze_plan": {"Plan": {"Node Type": "Sort", "Startup Cost": 2730970.27, "Total Cost": 2730970.34, "Plan Rows": 25, "Plan Width": 42, "Actual Startup Time": 25827.113, "Actual Total Time": 25827.115, "Actual Rows": 5, "Actual Loops": 1, "Sort Key": ["(sum((lineitem.l_extendedprice * (1::double precision - lineitem.l_discount)))) DESC"], "Sort Method": "quicksort", "Sort Space Used": 25, "Sort Space Type": "Memory", "Plans": [{"Node Type": "Aggregate", "Strategy": "Hashed", "Parent Relationship": "Outer", "Startup Cost": 2730969.44, "Total Cost": 2730969.69, "Plan Rows": 25, "Plan Width": 42, "Actual Startup Time": 25827.071, "Actual Total Time": 25827.072, "Actual Rows": 5, "Actual Loops": 1, "Group By Key": ["nation.n_name"], "Plans": [{"Node Type": "Nested Loop", "Parent Relationship": "Outer", "Join Type": "Inner", "Startup Cost": 1030.37, "Total Cost": 2730875.54, "Plan Rows": 9390, "Plan Width": 42, "Actual Startup Time": 17.933, "Actual Total Time": 25725.25, "Actual Rows": 72985, "Actual Loops": 1, "Inner Unique": true, "Join Filter": "(customer.c_nationkey = supplier.s_nationkey)", "Rows Removed by Join Filter": 1742237, "Plans": [{"Node Type": "Nested Loop", "Parent Relationship": "Outer", "Join Type": "Inner", "Startup Cost": 1030.37, "Total Cost": 1688090.96, "Plan Rows": 3688948, "Plan Width": 58, "Actual Startup Time": 17.803, "Actual Total Time": 16321.691, "Actual Rows": 1815222, "Actual Loops": 1, "Inner Unique": false, "Plans": [{"Node Type": "Nested Loop", "Parent Relationship": "Outer", "Join Type": "Inner", "Startup Cost": 1030.37, "Total Cost": 412296.55, "Plan Rows": 406290, "Plan Width": 42, "Actual Startup Time": 17.783, "Actual Total Time": 10082.104, "Actual Rows": 454183, "Actual Loops": 1, "Inner Unique": false, "Plans": [{"Node Type": "Nested Loop", "Parent Relationship": "Outer", "Join Type": "Inner", "Startup Cost": 1030.37, "Total Cost": 37187.75, "Plan Rows": 300000, "Plan Width": 42, "Actual Startup Time": 17.682, "Actual Total Time": 690.918, "Actual Rows": 299838, "Actual Loops": 1, "Inner Unique": false, "Plans": [{"Node Type": "Nested Loop", "Parent Relationship": "Outer", "Join Type": "Inner", "Startup Cost": 0.0, "Total Cost": 25.34, "Plan Rows": 5, "Plan Width": 30, "Actual Startup Time": 0.042, "Actual Total Time": 0.124, "Actual Rows": 5, "Actual Loops": 1, "Inner Unique": true, "Join Filter": "(nation.n_regionkey = region.r_regionkey)", "Rows Removed by Join Filter": 20, "Plans": [{"Node Type": "Index Scan", "Parent Relationship": "Outer", "Scan Direction": "Forward", "Index Name": "nation_pkey", "Relation Name": "nation", "Alias": "nation", "Startup Cost": 0.0, "Total Cost": 12.62, "Plan Rows": 25, "Plan Width": 34, "Actual Startup Time": 0.014, "Actual Total Time": 0.047, "Actual Rows": 25, "Actual Loops": 1}, {"Node Type": "Materialize", "Parent Relationship": "Inner", "Startup Cost": 0.0, "Total Cost": 12.34, "Plan Rows": 1, "Plan Width": 4, "Actual Startup Time": 0.028, "Actual Total Time": 0.031, "Actual Rows": 25, "Actual Loops": 25, "Plans": [{"Node Type": "Index Scan", "Parent Relationship": "Outer", "Scan Direction": "Forward", "Index Name": "region_pkey", "Relation Name": "region", "Alias": "region", "Startup Cost": 0.0, "Total Cost": 12.34, "Plan Rows": 1, "Plan Width": 4, "Actual Startup Time": 0.015, "Actual Total Time": 0.016, "Actual Rows": 1, "Actual Loops": 1, "Filter": "(r_name = 'MIDDLE EAST'::bpchar)", "Rows Removed by Filter": 4}]}]}, {"Node Type": "Bitmap Heap Scan", "Parent Relationship": "Inner", "Relation Name": "customer", "Alias": "customer", "Startup Cost": 1030.37, "Total Cost": 6832.48, "Plan Rows": 60000, "Plan Width": 12, "Actual Startup Time": 90.182, "Actual Total Time": 612.188, "Actual Rows": 299838, "Actual Loops": 5, "Recheck Cond": "(c_nationkey = nation.n_nationkey)", "Rows Removed by Index Recheck": 0, "Exact Heap Blocks": 150033, "Lossy Heap Blocks": 150033, "Plans": [{"Node Type": "Bitmap Index Scan", "Parent Relationship": "Outer", "Index Name": "idx_customer_nationkey", "Startup Cost": 0.0, "Total Cost": 1015.37, "Plan Rows": 60000, "Plan Width": 0, "Actual Startup Time": 57.057, "Actual Total Time": 57.057, "Actual Rows": 299838, "Actual Loops": 5, "Index Cond": "(c_nationkey = nation.n_nationkey)"}]}]}, {"Node Type": "Index Scan", "Parent Relationship": "Inner", "Scan Direction": "Forward", "Index Name": "idx_orders_custkey", "Relation Name": "orders", "Alias": "orders", "Startup Cost": 0.0, "Total Cost": 1.24, "Plan Rows": 1, "Plan Width": 16, "Actual Startup Time": 4290.13, "Actual Total Time": 9117.55, "Actual Rows": 454183, "Actual Loops": 299838, "Index Cond": "(o_custkey = customer.c_custkey)", "Rows Removed by Index Recheck": 0, "Filter": "((o_orderdate >= '1994-01-01 00:00:00'::timestamp(0) without time zone) AND (o_orderdate < '1995-01-01 00:00:00'::timestamp without time zone))", "Rows Removed by Filter": 2542535}]}, {"Node Type": "Index Scan", "Parent Relationship": "Inner", "Scan Direction": "Forward", "Index Name": "idx_lineitem_orderkey", "Relation Name": "lineitem", "Alias": "lineitem", "Startup Cost": 0.0, "Total Cost": 3.05, "Plan Rows": 9, "Plan Width": 32, "Actual Startup Time": 4568.66, "Actual Total Time": 5547.845, "Actual Rows": 1815222, "Actual Loops": 454183, "Index Cond": "(l_orderkey = orders.o_orderkey)", "Rows Removed by Index Recheck": 0}]}, {"Node Type": "Index Scan", "Parent Relationship": "Inner", "Scan Direction": "Forward", "Index Name": "supplier_pkey", "Relation Name": "supplier", "Alias": "supplier", "Startup Cost": 0.0, "Total Cost": 0.27, "Plan Rows": 1, "Plan Width": 12, "Actual Startup Time": 7382.808, "Actual Total Time": 7984.724, "Actual Rows": 1815222, "Actual Loops": 1815222, "Index Cond": "(s_suppkey = lineitem.l_suppkey)", "Rows Removed by Index Recheck": 0}]}]}]}, "Triggers": [], "Planner Runtime": 1.895, "Total Runtime": 25827.529, "Unique SQL Id": 1392561963}}, "(1, 54)": {"explain_plan": {"Plan": {"Node Type": "Sort", "Startup Cost": 19319777.54, "Total Cost": 19319777.6, "Plan Rows": 25, "Plan Width": 42, "Sort Key": ["(sum((lineitem.l_extendedprice * (1::double precision - lineitem.l_discount)))) DESC"], "Plans": [{"Node Type": "Aggregate", "Strategy": "Hashed", "Parent Relationship": "Outer", "Startup Cost": 19319776.71, "Total Cost": 19319776.96, "Plan Rows": 25, "Plan Width": 42, "Group By Key": ["nation.n_name"], "Plans": [{"Node Type": "Nested Loop", "Parent Relationship": "Outer", "Join Type": "Inner", "Startup Cost": 1.42, "Total Cost": 19319682.81, "Plan Rows": 9390, "Plan Width": 42, "Inner Unique": true, "Join Filter": "(customer.c_nationkey = supplier.s_nationkey)", "Plans": [{"Node Type": "Nested Loop", "Parent Relationship": "Outer", "Join Type": "Inner", "Startup Cost": 1.16, "Total Cost": 3520745.57, "Plan Rows": 3688948, "Plan Width": 58, "Inner Unique": false, "Plans": [{"Node Type": "Nested Loop", "Parent Relationship": "Outer", "Join Type": "Inner", "Startup Cost": 0.43, "Total Cost": 1518677.24, "Plan Rows": 406290, "Plan Width": 42, "Inner Unique": false, "Plans": [{"Node Type": "Nested Loop", "Parent Relationship": "Outer", "Join Type": "Inner", "Startup Cost": 0.0, "Total Cost": 164628.64, "Plan Rows": 300000, "Plan Width": 42, "Inner Unique": false, "Join Filter": "(nation.n_nationkey = customer.c_nationkey), (LLVM Optimized)", "Plans": [{"Node Type": "Seq Scan", "Parent Relationship": "Outer", "Relation Name": "customer", "Alias": "customer", "Startup Cost": 0.0, "Total Cost": 52126.0, "Plan Rows": 1500000, "Plan Width": 12}, {"Node Type": "Materialize", "Parent Relationship": "Inner", "Startup Cost": 0.0, "Total Cost": 2.65, "Plan Rows": 5, "Plan Width": 30, "Plans": [{"Node Type": "Nested Loop", "Parent Relationship": "Outer", "Join Type": "Inner", "Startup Cost": 0.0, "Total Cost": 2.62, "Plan Rows": 5, "Plan Width": 30, "Inner Unique": false, "Join Filter": "(nation.n_regionkey = region.r_regionkey)", "Plans": [{"Node Type": "Seq Scan", "Parent Relationship": "Outer", "Relation Name": "region", "Alias": "region", "Startup Cost": 0.0, "Total Cost": 1.06, "Plan Rows": 1, "Plan Width": 4, "Filter": "(r_name = 'MIDDLE EAST'::bpchar)"}, {"Node Type": "Seq Scan", "Parent Relationship": "Inner", "Relation Name": "nation", "Alias": "nation", "Startup Cost": 0.0, "Total Cost": 1.25, "Plan Rows": 25, "Plan Width": 34}]}]}]}, {"Node Type": "Bitmap Heap Scan", "Parent Relationship": "Inner", "Relation Name": "orders", "Alias": "orders", "Startup Cost": 0.43, "Total Cost": 4.5, "Plan Rows": 1, "Plan Width": 16, "Recheck Cond": "(o_custkey = customer.c_custkey)", "Filter": "((o_orderdate >= '1994-01-01 00:00:00'::timestamp(0) without time zone) AND (o_orderdate < '1995-01-01 00:00:00'::timestamp without time zone))", "Plans": [{"Node Type": "Bitmap Index Scan", "Parent Relationship": "Outer", "Index Name": "idx_orders_custkey", "Startup Cost": 0.0, "Total Cost": 0.43, "Plan Rows": 4, "Plan Width": 0, "Index Cond": "(o_custkey = customer.c_custkey)"}]}]}, {"Node Type": "Bitmap Heap Scan", "Parent Relationship": "Inner", "Relation Name": "lineitem", "Alias": "lineitem", "Startup Cost": 0.73, "Total Cost": 4.84, "Plan Rows": 9, "Plan Width": 32, "Recheck Cond": "(l_orderkey = orders.o_orderkey)", "Plans": [{"Node Type": "Bitmap Index Scan", "Parent Relationship": "Outer", "Index Name": "idx_lineitem_orderkey", "Startup Cost": 0.0, "Total Cost": 0.72, "Plan Rows": 9, "Plan Width": 0, "Index Cond": "(l_orderkey = orders.o_orderkey)"}]}]}, {"Node Type": "Bitmap Heap Scan", "Parent Relationship": "Inner", "Relation Name": "supplier", "Alias": "supplier", "Startup Cost": 0.26, "Total Cost": 4.27, "Plan Rows": 1, "Plan Width": 12, "Recheck Cond": "(s_suppkey = lineitem.l_suppkey)", "Plans": [{"Node Type": "Bitmap Index Scan", "Parent Relationship": "Outer", "Index Name": "supplier_pkey", "Startup Cost": 0.0, "Total Cost": 0.26, "Plan Rows": 1, "Plan Width": 0, "Index Cond": "(s_suppkey = lineitem.l_suppkey)"}]}]}]}]}, "Unique SQL Id": 1392561963}, "explain_analyze_plan": null}, "(1, 55)": {"explain_plan": {"Plan": {"Node Type": "Sort", "Startup Cost": 46003135.57, "Total Cost": 46003135.63, "Plan Rows": 25, "Plan Width": 42, "Sort Key": ["(sum((lineitem.l_extendedprice * (1::double precision - lineitem.l_discount)))) DESC"], "Plans": [{"Node Type": "Aggregate", "Strategy": "Hashed", "Parent Relationship": "Outer", "Startup Cost": 46003134.74, "Total Cost": 46003134.99, "Plan Rows": 25, "Plan Width": 42, "Group By Key": ["nation.n_name"], "Plans": [{"Node Type": "Nested Loop", "Parent Relationship": "Outer", "Join Type": "Inner", "Startup Cost": 58362.35, "Total Cost": 46003040.84, "Plan Rows": 9390, "Plan Width": 42, "Inner Unique": true, "Join Filter": "(customer.c_nationkey = supplier.s_nationkey)", "Plans": [{"Node Type": "Nested Loop", "Parent Relationship": "Outer", "Join Type": "Inner", "Startup Cost": 58362.1, "Total Cost": 30204103.6, "Plan Rows": 3688948, "Plan Width": 58, "Inner Unique": false, "Plans": [{"Node Type": "Nested Loop", "Parent Relationship": "Outer", "Join Type": "Inner", "Startup Cost": 58361.37, "Total Cost": 28202035.27, "Plan Rows": 406290, "Plan Width": 42, "Inner Unique": true, "Plans": [{"Node Type": "Nested Loop", "Parent Relationship": "Outer", "Join Type": "Inner", "Startup Cost": 58360.79, "Total Cost": 18851769.58, "Plan Rows": 2031452, "Plan Width": 46, "Inner Unique": true, "Plans": [{"Node Type": "Nested Loop", "Parent Relationship": "Outer", "Join Type": "Inner", "Startup Cost": 58360.54, "Total Cost": 10156636.32, "Plan Rows": 2031452, "Plan Width": 12, "Inner Unique": true, "Plans": [{"Node Type": "Bitmap Heap Scan", "Parent Relationship": "Outer", "Relation Name": "orders", "Alias": "orders", "Startup Cost": 58360.27, "Total Cost": 369005.64, "Plan Rows": 2281758, "Plan Width": 16, "Recheck Cond": "((o_orderdate >= '1994-01-01 00:00:00'::timestamp(0) without time zone) AND (o_orderdate < '1995-01-01 00:00:00'::timestamp without time zone)), (LLVM Optimized)", "Plans": [{"Node Type": "Bitmap Index Scan", "Parent Relationship": "Outer", "Index Name": "idx_orders_orderdate", "Startup Cost": 0.0, "Total Cost": 57789.83, "Plan Rows": 2281758, "Plan Width": 0, "Index Cond": "((o_orderdate >= '1994-01-01 00:00:00'::timestamp(0) without time zone) AND (o_orderdate < '1995-01-01 00:00:00'::timestamp without time zone))"}]}, {"Node Type": "Bitmap Heap Scan", "Parent Relationship": "Inner", "Relation Name": "customer", "Alias": "customer", "Startup Cost": 0.27, "Total Cost": 4.28, "Plan Rows": 1, "Plan Width": 12, "Recheck Cond": "(c_custkey = orders.o_custkey)", "Plans": [{"Node Type": "Bitmap Index Scan", "Parent Relationship": "Outer", "Index Name": "customer_pkey", "Startup Cost": 0.0, "Total Cost": 0.27, "Plan Rows": 1, "Plan Width": 0, "Index Cond": "(c_custkey = orders.o_custkey)"}]}]}, {"Node Type": "Bitmap Heap Scan", "Parent Relationship": "Inner", "Relation Name": "nation", "Alias": "nation", "Startup Cost": 0.26, "Total Cost": 4.27, "Plan Rows": 1, "Plan Width": 34, "Recheck Cond": "(n_nationkey = customer.c_nationkey)", "Plans": [{"Node Type": "Bitmap Index Scan", "Parent Relationship": "Outer", "Index Name": "nation_pkey", "Startup Cost": 0.0, "Total Cost": 0.26, "Plan Rows": 1, "Plan Width": 0, "Index Cond": "(n_nationkey = customer.c_nationkey)"}]}]}, {"Node Type": "Bitmap Heap Scan", "Parent Relationship": "Inner", "Relation Name": "region", "Alias": "region", "Startup Cost": 0.58, "Total Cost": 4.59, "Plan Rows": 1, "Plan Width": 4, "Recheck Cond": "(r_regionkey = nation.n_regionkey)", "Filter": "(r_name = 'MIDDLE EAST'::bpchar)", "Plans": [{"Node Type": "Bitmap Index Scan", "Parent Relationship": "Outer", "Index Name": "region_pkey", "Startup Cost": 0.0, "Total Cost": 0.58, "Plan Rows": 1, "Plan Width": 0, "Index Cond": "(r_regionkey = nation.n_regionkey)"}]}]}, {"Node Type": "Bitmap Heap Scan", "Parent Relationship": "Inner", "Relation Name": "lineitem", "Alias": "lineitem", "Startup Cost": 0.73, "Total Cost": 4.84, "Plan Rows": 9, "Plan Width": 32, "Recheck Cond": "(l_orderkey = orders.o_orderkey)", "Plans": [{"Node Type": "Bitmap Index Scan", "Parent Relationship": "Outer", "Index Name": "idx_lineitem_orderkey", "Startup Cost": 0.0, "Total Cost": 0.72, "Plan Rows": 9, "Plan Width": 0, "Index Cond": "(l_orderkey = orders.o_orderkey)"}]}]}, {"Node Type": "Bitmap Heap Scan", "Parent Relationship": "Inner", "Relation Name": "supplier", "Alias": "supplier", "Startup Cost": 0.26, "Total Cost": 4.27, "Plan Rows": 1, "Plan Width": 12, "Recheck Cond": "(s_suppkey = lineitem.l_suppkey)", "Plans": [{"Node Type": "Bitmap Index Scan", "Parent Relationship": "Outer", "Index Name": "supplier_pkey", "Startup Cost": 0.0, "Total Cost": 0.26, "Plan Rows": 1, "Plan Width": 0, "Index Cond": "(s_suppkey = lineitem.l_suppkey)"}]}]}]}]}, "Unique SQL Id": 1392561963}, "explain_analyze_plan": null}, "(1, 56)": {"explain_plan": {"Plan": {"Node Type": "Sort", "Startup Cost": 2735308.72, "Total Cost": 2735308.78, "Plan Rows": 25, "Plan Width": 42, "Sort Key": ["(sum((lineitem.l_extendedprice * (1::double precision - lineitem.l_discount)))) DESC"], "Plans": [{"Node Type": "Aggregate", "Strategy": "Hashed", "Parent Relationship": "Outer", "Startup Cost": 2735307.89, "Total Cost": 2735308.14, "Plan Rows": 25, "Plan Width": 42, "Group By Key": ["nation.n_name"], "Plans": [{"Node Type": "Nested Loop", "Parent Relationship": "Outer", "Join Type": "Inner", "Startup Cost": 0.0, "Total Cost": 2735213.99, "Plan Rows": 9390, "Plan Width": 42, "Inner Unique": true, "Join Filter": "(customer.c_nationkey = supplier.s_nationkey)", "Plans": [{"Node Type": "Nested Loop", "Parent Relationship": "Outer", "Join Type": "Inner", "Startup Cost": 0.0, "Total Cost": 1692429.4, "Plan Rows": 3688948, "Plan Width": 58, "Inner Unique": false, "Plans": [{"Node Type": "Nested Loop", "Parent Relationship": "Outer", "Join Type": "Inner", "Startup Cost": 0.0, "Total Cost": 416634.99, "Plan Rows": 406290, "Plan Width": 42, "Inner Unique": false, "Plans": [{"Node Type": "Nested Loop", "Parent Relationship": "Outer", "Join Type": "Inner", "Startup Cost": 0.0, "Total Cost": 41526.19, "Plan Rows": 300000, "Plan Width": 42, "Inner Unique": false, "Plans": [{"Node Type": "Nested Loop", "Parent Relationship": "Outer", "Join Type": "Inner", "Startup Cost": 0.0, "Total Cost": 14.06, "Plan Rows": 5, "Plan Width": 30, "Inner Unique": true, "Join Filter": "(nation.n_regionkey = region.r_regionkey)", "Plans": [{"Node Type": "Index Scan", "Parent Relationship": "Outer", "Scan Direction": "Forward", "Index Name": "nation_pkey", "Relation Name": "nation", "Alias": "nation", "Startup Cost": 0.0, "Total Cost": 12.62, "Plan Rows": 25, "Plan Width": 34}, {"Node Type": "Materialize", "Parent Relationship": "Inner", "Startup Cost": 0.0, "Total Cost": 1.07, "Plan Rows": 1, "Plan Width": 4, "Plans": [{"Node Type": "Seq Scan", "Parent Relationship": "Outer", "Relation Name": "region", "Alias": "region", "Startup Cost": 0.0, "Total Cost": 1.06, "Plan Rows": 1, "Plan Width": 4, "Filter": "(r_name = 'MIDDLE EAST'::bpchar)"}]}]}, {"Node Type": "Index Scan", "Parent Relationship": "Inner", "Scan Direction": "Forward", "Index Name": "idx_customer_nationkey", "Relation Name": "customer", "Alias": "customer", "Startup Cost": 0.0, "Total Cost": 7702.43, "Plan Rows": 60000, "Plan Width": 12, "Index Cond": "(c_nationkey = nation.n_nationkey)"}]}, {"Node Type": "Index Scan", "Parent Relationship": "Inner", "Scan Direction": "Forward", "Index Name": "idx_orders_custkey", "Relation Name": "orders", "Alias": "orders", "Startup Cost": 0.0, "Total Cost": 1.24, "Plan Rows": 1, "Plan Width": 16, "Index Cond": "(o_custkey = customer.c_custkey)", "Filter": "((o_orderdate >= '1994-01-01 00:00:00'::timestamp(0) without time zone) AND (o_orderdate < '1995-01-01 00:00:00'::timestamp without time zone))"}]}, {"Node Type": "Index Scan", "Parent Relationship": "Inner", "Scan Direction": "Forward", "Index Name": "idx_lineitem_orderkey", "Relation Name": "lineitem", "Alias": "lineitem", "Startup Cost": 0.0, "Total Cost": 3.05, "Plan Rows": 9, "Plan Width": 32, "Index Cond": "(l_orderkey = orders.o_orderkey)"}]}, {"Node Type": "Index Scan", "Parent Relationship": "Inner", "Scan Direction": "Forward", "Index Name": "supplier_pkey", "Relation Name": "supplier", "Alias": "supplier", "Startup Cost": 0.0, "Total Cost": 0.27, "Plan Rows": 1, "Plan Width": 12, "Index Cond": "(s_suppkey = lineitem.l_suppkey)"}]}]}]}, "Unique SQL Id": 1392561963}, "explain_analyze_plan": {"Plan": {"Node Type": "Sort", "Startup Cost": 2735308.72, "Total Cost": 2735308.78, "Plan Rows": 25, "Plan Width": 42, "Actual Startup Time": 25481.186, "Actual Total Time": 25481.187, "Actual Rows": 5, "Actual Loops": 1, "Sort Key": ["(sum((lineitem.l_extendedprice * (1::double precision - lineitem.l_discount)))) DESC"], "Sort Method": "quicksort", "Sort Space Used": 25, "Sort Space Type": "Memory", "Plans": [{"Node Type": "Aggregate", "Strategy": "Hashed", "Parent Relationship": "Outer", "Startup Cost": 2735307.89, "Total Cost": 2735308.14, "Plan Rows": 25, "Plan Width": 42, "Actual Startup Time": 25481.158, "Actual Total Time": 25481.16, "Actual Rows": 5, "Actual Loops": 1, "Group By Key": ["nation.n_name"], "Plans": [{"Node Type": "Nested Loop", "Parent Relationship": "Outer", "Join Type": "Inner", "Startup Cost": 0.0, "Total Cost": 2735213.99, "Plan Rows": 9390, "Plan Width": 42, "Actual Startup Time": 0.275, "Actual Total Time": 25382.369, "Actual Rows": 72985, "Actual Loops": 1, "Inner Unique": true, "Join Filter": "(customer.c_nationkey = supplier.s_nationkey)", "Rows Removed by Join Filter": 1742237, "Plans": [{"Node Type": "Nested Loop", "Parent Relationship": "Outer", "Join Type": "Inner", "Startup Cost": 0.0, "Total Cost": 1692429.4, "Plan Rows": 3688948, "Plan Width": 58, "Actual Startup Time": 0.16, "Actual Total Time": 15978.398, "Actual Rows": 1815222, "Actual Loops": 1, "Inner Unique": false, "Plans": [{"Node Type": "Nested Loop", "Parent Relationship": "Outer", "Join Type": "Inner", "Startup Cost": 0.0, "Total Cost": 416634.99, "Plan Rows": 406290, "Plan Width": 42, "Actual Startup Time": 0.146, "Actual Total Time": 9813.592, "Actual Rows": 454183, "Actual Loops": 1, "Inner Unique": false, "Plans": [{"Node Type": "Nested Loop", "Parent Relationship": "Outer", "Join Type": "Inner", "Startup Cost": 0.0, "Total Cost": 41526.19, "Plan Rows": 300000, "Plan Width": 42, "Actual Startup Time": 0.09, "Actual Total Time": 545.374, "Actual Rows": 299838, "Actual Loops": 1, "Inner Unique": false, "Plans": [{"Node Type": "Nested Loop", "Parent Relationship": "Outer", "Join Type": "Inner", "Startup Cost": 0.0, "Total Cost": 14.06, "Plan Rows": 5, "Plan Width": 30, "Actual Startup Time": 0.056, "Actual Total Time": 0.141, "Actual Rows": 5, "Actual Loops": 1, "Inner Unique": true, "Join Filter": "(nation.n_regionkey = region.r_regionkey)", "Rows Removed by Join Filter": 20, "Plans": [{"Node Type": "Index Scan", "Parent Relationship": "Outer", "Scan Direction": "Forward", "Index Name": "nation_pkey", "Relation Name": "nation", "Alias": "nation", "Startup Cost": 0.0, "Total Cost": 12.62, "Plan Rows": 25, "Plan Width": 34, "Actual Startup Time": 0.022, "Actual Total Time": 0.053, "Actual Rows": 25, "Actual Loops": 1}, {"Node Type": "Materialize", "Parent Relationship": "Inner", "Startup Cost": 0.0, "Total Cost": 1.07, "Plan Rows": 1, "Plan Width": 4, "Actual Startup Time": 0.03, "Actual Total Time": 0.032, "Actual Rows": 25, "Actual Loops": 25, "Plans": [{"Node Type": "Seq Scan", "Parent Relationship": "Outer", "Relation Name": "region", "Alias": "region", "Startup Cost": 0.0, "Total Cost": 1.06, "Plan Rows": 1, "Plan Width": 4, "Actual Startup Time": 0.017, "Actual Total Time": 0.018, "Actual Rows": 1, "Actual Loops": 1, "Filter": "(r_name = 'MIDDLE EAST'::bpchar)", "Rows Removed by Filter": 4}]}]}, {"Node Type": "Index Scan", "Parent Relationship": "Inner", "Scan Direction": "Forward", "Index Name": "idx_customer_nationkey", "Relation Name": "customer", "Alias": "customer", "Startup Cost": 0.0, "Total Cost": 7702.43, "Plan Rows": 60000, "Plan Width": 12, "Actual Startup Time": 0.163, "Actual Total Time": 459.051, "Actual Rows": 299838, "Actual Loops": 5, "Index Cond": "(c_nationkey = nation.n_nationkey)", "Rows Removed by Index Recheck": 0}]}, {"Node Type": "Index Scan", "Parent Relationship": "Inner", "Scan Direction": "Forward", "Index Name": "idx_orders_custkey", "Relation Name": "orders", "Alias": "orders", "Startup Cost": 0.0, "Total Cost": 1.24, "Plan Rows": 1, "Plan Width": 16, "Actual Startup Time": 4235.815, "Actual Total Time": 8982.458, "Actual Rows": 454183, "Actual Loops": 299838, "Index Cond": "(o_custkey = customer.c_custkey)", "Rows Removed by Index Recheck": 0, "Filter": "((o_orderdate >= '1994-01-01 00:00:00'::timestamp(0) without time zone) AND (o_orderdate < '1995-01-01 00:00:00'::timestamp without time zone))", "Rows Removed by Filter": 2542535}]}, {"Node Type": "Index Scan", "Parent Relationship": "Inner", "Scan Direction": "Forward", "Index Name": "idx_lineitem_orderkey", "Relation Name": "lineitem", "Alias": "lineitem", "Startup Cost": 0.0, "Total Cost": 3.05, "Plan Rows": 9, "Plan Width": 32, "Actual Startup Time": 4510.572, "Actual Total Time": 5479.553, "Actual Rows": 1815222, "Actual Loops": 454183, "Index Cond": "(l_orderkey = orders.o_orderkey)", "Rows Removed by Index Recheck": 0}]}, {"Node Type": "Index Scan", "Parent Relationship": "Inner", "Scan Direction": "Forward", "Index Name": "supplier_pkey", "Relation Name": "supplier", "Alias": "supplier", "Startup Cost": 0.0, "Total Cost": 0.27, "Plan Rows": 1, "Plan Width": 12, "Actual Startup Time": 7384.015, "Actual Total Time": 7983.405, "Actual Rows": 1815222, "Actual Loops": 1815222, "Index Cond": "(s_suppkey = lineitem.l_suppkey)", "Rows Removed by Index Recheck": 0}]}]}]}, "Triggers": [], "Planner Runtime": 1.859, "Total Runtime": 25481.635, "Unique SQL Id": 1392561963}}, "(1, 57)": {"explain_plan": {"Plan": {"Node Type": "Sort", "Startup Cost": 2735319.99, "Total Cost": 2735320.05, "Plan Rows": 25, "Plan Width": 42, "Sort Key": ["(sum((lineitem.l_extendedprice * (1::double precision - lineitem.l_discount)))) DESC"], "Plans": [{"Node Type": "Aggregate", "Strategy": "Hashed", "Parent Relationship": "Outer", "Startup Cost": 2735319.16, "Total Cost": 2735319.41, "Plan Rows": 25, "Plan Width": 42, "Group By Key": ["nation.n_name"], "Plans": [{"Node Type": "Nested Loop", "Parent Relationship": "Outer", "Join Type": "Inner", "Startup Cost": 0.0, "Total Cost": 2735225.26, "Plan Rows": 9390, "Plan Width": 42, "Inner Unique": true, "Join Filter": "(customer.c_nationkey = supplier.s_nationkey)", "Plans": [{"Node Type": "Nested Loop", "Parent Relationship": "Outer", "Join Type": "Inner", "Startup Cost": 0.0, "Total Cost": 1692440.68, "Plan Rows": 3688948, "Plan Width": 58, "Inner Unique": false, "Plans": [{"Node Type": "Nested Loop", "Parent Relationship": "Outer", "Join Type": "Inner", "Startup Cost": 0.0, "Total Cost": 416646.27, "Plan Rows": 406290, "Plan Width": 42, "Inner Unique": false, "Plans": [{"Node Type": "Nested Loop", "Parent Relationship": "Outer", "Join Type": "Inner", "Startup Cost": 0.0, "Total Cost": 41537.47, "Plan Rows": 300000, "Plan Width": 42, "Inner Unique": false, "Plans": [{"Node Type": "Nested Loop", "Parent Relationship": "Outer", "Join Type": "Inner", "Startup Cost": 0.0, "Total Cost": 25.34, "Plan Rows": 5, "Plan Width": 30, "Inner Unique": true, "Join Filter": "(nation.n_regionkey = region.r_regionkey)", "Plans": [{"Node Type": "Index Scan", "Parent Relationship": "Outer", "Scan Direction": "Forward", "Index Name": "nation_pkey", "Relation Name": "nation", "Alias": "nation", "Startup Cost": 0.0, "Total Cost": 12.62, "Plan Rows": 25, "Plan Width": 34}, {"Node Type": "Materialize", "Parent Relationship": "Inner", "Startup Cost": 0.0, "Total Cost": 12.34, "Plan Rows": 1, "Plan Width": 4, "Plans": [{"Node Type": "Index Scan", "Parent Relationship": "Outer", "Scan Direction": "Forward", "Index Name": "region_pkey", "Relation Name": "region", "Alias": "region", "Startup Cost": 0.0, "Total Cost": 12.34, "Plan Rows": 1, "Plan Width": 4, "Filter": "(r_name = 'MIDDLE EAST'::bpchar)"}]}]}, {"Node Type": "Index Scan", "Parent Relationship": "Inner", "Scan Direction": "Forward", "Index Name": "idx_customer_nationkey", "Relation Name": "customer", "Alias": "customer", "Startup Cost": 0.0, "Total Cost": 7702.43, "Plan Rows": 60000, "Plan Width": 12, "Index Cond": "(c_nationkey = nation.n_nationkey)"}]}, {"Node Type": "Index Scan", "Parent Relationship": "Inner", "Scan Direction": "Forward", "Index Name": "idx_orders_custkey", "Relation Name": "orders", "Alias": "orders", "Startup Cost": 0.0, "Total Cost": 1.24, "Plan Rows": 1, "Plan Width": 16, "Index Cond": "(o_custkey = customer.c_custkey)", "Filter": "((o_orderdate >= '1994-01-01 00:00:00'::timestamp(0) without time zone) AND (o_orderdate < '1995-01-01 00:00:00'::timestamp without time zone))"}]}, {"Node Type": "Index Scan", "Parent Relationship": "Inner", "Scan Direction": "Forward", "Index Name": "idx_lineitem_orderkey", "Relation Name": "lineitem", "Alias": "lineitem", "Startup Cost": 0.0, "Total Cost": 3.05, "Plan Rows": 9, "Plan Width": 32, "Index Cond": "(l_orderkey = orders.o_orderkey)"}]}, {"Node Type": "Index Scan", "Parent Relationship": "Inner", "Scan Direction": "Forward", "Index Name": "supplier_pkey", "Relation Name": "supplier", "Alias": "supplier", "Startup Cost": 0.0, "Total Cost": 0.27, "Plan Rows": 1, "Plan Width": 12, "Index Cond": "(s_suppkey = lineitem.l_suppkey)"}]}]}]}, "Unique SQL Id": 1392561963}, "explain_analyze_plan": {"Plan": {"Node Type": "Sort", "Startup Cost": 2735319.99, "Total Cost": 2735320.05, "Plan Rows": 25, "Plan Width": 42, "Actual Startup Time": 25204.835, "Actual Total Time": 25204.836, "Actual Rows": 5, "Actual Loops": 1, "Sort Key": ["(sum((lineitem.l_extendedprice * (1::double precision - lineitem.l_discount)))) DESC"], "Sort Method": "quicksort", "Sort Space Used": 25, "Sort Space Type": "Memory", "Plans": [{"Node Type": "Aggregate", "Strategy": "Hashed", "Parent Relationship": "Outer", "Startup Cost": 2735319.16, "Total Cost": 2735319.41, "Plan Rows": 25, "Plan Width": 42, "Actual Startup Time": 25204.787, "Actual Total Time": 25204.788, "Actual Rows": 5, "Actual Loops": 1, "Group By Key": ["nation.n_name"], "Plans": [{"Node Type": "Nested Loop", "Parent Relationship": "Outer", "Join Type": "Inner", "Startup Cost": 0.0, "Total Cost": 2735225.26, "Plan Rows": 9390, "Plan Width": 42, "Actual Startup Time": 0.307, "Actual Total Time": 25108.266, "Actual Rows": 72985, "Actual Loops": 1, "Inner Unique": true, "Join Filter": "(customer.c_nationkey = supplier.s_nationkey)", "Rows Removed by Join Filter": 1742237, "Plans": [{"Node Type": "Nested Loop", "Parent Relationship": "Outer", "Join Type": "Inner", "Startup Cost": 0.0, "Total Cost": 1692440.68, "Plan Rows": 3688948, "Plan Width": 58, "Actual Startup Time": 0.179, "Actual Total Time": 15760.256, "Actual Rows": 1815222, "Actual Loops": 1, "Inner Unique": false, "Plans": [{"Node Type": "Nested Loop", "Parent Relationship": "Outer", "Join Type": "Inner", "Startup Cost": 0.0, "Total Cost": 416646.27, "Plan Rows": 406290, "Plan Width": 42, "Actual Startup Time": 0.162, "Actual Total Time": 9664.249, "Actual Rows": 454183, "Actual Loops": 1, "Inner Unique": false, "Plans": [{"Node Type": "Nested Loop", "Parent Relationship": "Outer", "Join Type": "Inner", "Startup Cost": 0.0, "Total Cost": 41537.47, "Plan Rows": 300000, "Plan Width": 42, "Actual Startup Time": 0.102, "Actual Total Time": 536.721, "Actual Rows": 299838, "Actual Loops": 1, "Inner Unique": false, "Plans": [{"Node Type": "Nested Loop", "Parent Relationship": "Outer", "Join Type": "Inner", "Startup Cost": 0.0, "Total Cost": 25.34, "Plan Rows": 5, "Plan Width": 30, "Actual Startup Time": 0.063, "Actual Total Time": 0.249, "Actual Rows": 5, "Actual Loops": 1, "Inner Unique": true, "Join Filter": "(nation.n_regionkey = region.r_regionkey)", "Rows Removed by Join Filter": 20, "Plans": [{"Node Type": "Index Scan", "Parent Relationship": "Outer", "Scan Direction": "Forward", "Index Name": "nation_pkey", "Relation Name": "nation", "Alias": "nation", "Startup Cost": 0.0, "Total Cost": 12.62, "Plan Rows": 25, "Plan Width": 34, "Actual Startup Time": 0.028, "Actual Total Time": 0.145, "Actual Rows": 25, "Actual Loops": 1}, {"Node Type": "Materialize", "Parent Relationship": "Inner", "Startup Cost": 0.0, "Total Cost": 12.34, "Plan Rows": 1, "Plan Width": 4, "Actual Startup Time": 0.038, "Actual Total Time": 0.042, "Actual Rows": 25, "Actual Loops": 25, "Plans": [{"Node Type": "Index Scan", "Parent Relationship": "Outer", "Scan Direction": "Forward", "Index Name": "region_pkey", "Relation Name": "region", "Alias": "region", "Startup Cost": 0.0, "Total Cost": 12.34, "Plan Rows": 1, "Plan Width": 4, "Actual Startup Time": 0.018, "Actual Total Time": 0.02, "Actual Rows": 1, "Actual Loops": 1, "Filter": "(r_name = 'MIDDLE EAST'::bpchar)", "Rows Removed by Filter": 4}]}]}, {"Node Type": "Index Scan", "Parent Relationship": "Inner", "Scan Direction": "Forward", "Index Name": "idx_customer_nationkey", "Relation Name": "customer", "Alias": "customer", "Startup Cost": 0.0, "Total Cost": 7702.43, "Plan Rows": 60000, "Plan Width": 12, "Actual Startup Time": 0.304, "Actual Total Time": 451.691, "Actual Rows": 299838, "Actual Loops": 5, "Index Cond": "(c_nationkey = nation.n_nationkey)", "Rows Removed by Index Recheck": 0}]}, {"Node Type": "Index Scan", "Parent Relationship": "Inner", "Scan Direction": "Forward", "Index Name": "idx_orders_custkey", "Relation Name": "orders", "Alias": "orders", "Startup Cost": 0.0, "Total Cost": 1.24, "Plan Rows": 1, "Plan Width": 16, "Actual Startup Time": 4172.358, "Actual Total Time": 8847.094, "Actual Rows": 454183, "Actual Loops": 299838, "Index Cond": "(o_custkey = customer.c_custkey)", "Rows Removed by Index Recheck": 0, "Filter": "((o_orderdate >= '1994-01-01 00:00:00'::timestamp(0) without time zone) AND (o_orderdate < '1995-01-01 00:00:00'::timestamp without time zone))", "Rows Removed by Filter": 2542535}]}, {"Node Type": "Index Scan", "Parent Relationship": "Inner", "Scan Direction": "Forward", "Index Name": "idx_lineitem_orderkey", "Relation Name": "lineitem", "Alias": "lineitem", "Startup Cost": 0.0, "Total Cost": 3.05, "Plan Rows": 9, "Plan Width": 32, "Actual Startup Time": 4444.128, "Actual Total Time": 5409.096, "Actual Rows": 1815222, "Actual Loops": 454183, "Index Cond": "(l_orderkey = orders.o_orderkey)", "Rows Removed by Index Recheck": 0}]}, {"Node Type": "Index Scan", "Parent Relationship": "Inner", "Scan Direction": "Forward", "Index Name": "supplier_pkey", "Relation Name": "supplier", "Alias": "supplier", "Startup Cost": 0.0, "Total Cost": 0.27, "Plan Rows": 1, "Plan Width": 12, "Actual Startup Time": 7323.41, "Actual Total Time": 7924.771, "Actual Rows": 1815222, "Actual Loops": 1815222, "Index Cond": "(s_suppkey = lineitem.l_suppkey)", "Rows Removed by Index Recheck": 0}]}]}]}, "Triggers": [], "Planner Runtime": 1.728, "Total Runtime": 25205.161, "Unique SQL Id": 1392561963}}, "(1, 58)": {"explain_plan": {"Plan": {"Node Type": "Sort", "Startup Cost": 51053787992.55, "Total Cost": 51053787992.61, "Plan Rows": 25, "Plan Width": 42, "Sort Key": ["(sum((lineitem.l_extendedprice * (1::double precision - lineitem.l_discount)))) DESC"], "Plans": [{"Node Type": "Aggregate", "Strategy": "Hashed", "Parent Relationship": "Outer", "Startup Cost": 51053787991.72, "Total Cost": 51053787991.97, "Plan Rows": 25, "Plan Width": 42, "Group By Key": ["nation.n_name"], "Plans": [{"Node Type": "Nested Loop", "Parent Relationship": "Outer", "Join Type": "Inner", "Startup Cost": 442.55, "Total Cost": 51053787897.82, "Plan Rows": 9390, "Plan Width": 42, "Inner Unique": false, "Join Filter": "((orders.o_custkey = customer.c_custkey) AND (supplier.s_nationkey = customer.c_nationkey))", "Plans": [{"Node Type": "Seq Scan", "Parent Relationship": "Outer", "Relation Name": "customer", "Alias": "customer", "Startup Cost": 0.0, "Total Cost": 52126.0, "Plan Rows": 1500000, "Plan Width": 12}, {"Node Type": "Materialize", "Parent Relationship": "Inner", "Startup Cost": 442.55, "Total Cost": 44131637681.06, "Plan Rows": 263699, "Plan Width": 58, "Plans": [{"Node Type": "Nested Loop", "Parent Relationship": "Outer", "Join Type": "Inner", "Startup Cost": 442.55, "Total Cost": 44131636362.57, "Plan Rows": 263699, "Plan Width": 58, "Inner Unique": false, "Join Filter": "(lineitem.l_orderkey = orders.o_orderkey), (LLVM Optimized)", "Plans": [{"Node Type": "Seq Scan", "Parent Relationship": "Outer", "Relation Name": "orders", "Alias": "orders", "Startup Cost": 442.55, "Total Cost": 501411.18, "Plan Rows": 2281758, "Plan Width": 16, "Filter": "((o_orderdate >= '1994-01-01 00:00:00'::timestamp(0) without time zone) AND (o_orderdate < '1995-01-01 00:00:00'::timestamp without time zone)), (LLVM Optimized)"}, {"Node Type": "Materialize", "Parent Relationship": "Inner", "Startup Cost": 0.0, "Total Cost": 17998139668.64, "Plan Rows": 763534, "Plan Width": 58, "Plans": [{"Node Type": "Nested Loop", "Parent Relationship": "Outer", "Join Type": "Inner", "Startup Cost": 0.0, "Total Cost": 17998135850.97, "Plan Rows": 763534, "Plan Width": 58, "Inner Unique": false, "Join Filter": "(supplier.s_suppkey = lineitem.l_suppkey), (LLVM Optimized)", "Plans": [{"Node Type": "Seq Scan", "Parent Relationship": "Outer", "Relation Name": "lineitem", "Alias": "lineitem", "Startup Cost": 0.0, "Total Cost": 2015115.33, "Plan Rows": 59987033, "Plan Width": 32}, {"Node Type": "Materialize", "Parent Relationship": "Inner", "Startup Cost": 0.0, "Total Cost": 10885.64, "Plan Rows": 20000, "Plan Width": 42, "Plans": [{"Node Type": "Nested Loop", "Parent Relationship": "Outer", "Join Type": "Inner", "Startup Cost": 0.0, "Total Cost": 10785.64, "Plan Rows": 20000, "Plan Width": 42, "Inner Unique": false, "Join Filter": "(nation.n_nationkey = supplier.s_nationkey)", "Plans": [{"Node Type": "Seq Scan", "Parent Relationship": "Outer", "Relation Name": "supplier", "Alias": "supplier", "Startup Cost": 0.0, "Total Cost": 3283.0, "Plan Rows": 100000, "Plan Width": 12}, {"Node Type": "Materialize", "Parent Relationship": "Inner", "Startup Cost": 0.0, "Total Cost": 2.65, "Plan Rows": 5, "Plan Width": 30, "Plans": [{"Node Type": "Nested Loop", "Parent Relationship": "Outer", "Join Type": "Inner", "Startup Cost": 0.0, "Total Cost": 2.62, "Plan Rows": 5, "Plan Width": 30, "Inner Unique": false, "Join Filter": "(nation.n_regionkey = region.r_regionkey)", "Plans": [{"Node Type": "Seq Scan", "Parent Relationship": "Outer", "Relation Name": "region", "Alias": "region", "Startup Cost": 0.0, "Total Cost": 1.06, "Plan Rows": 1, "Plan Width": 4, "Filter": "(r_name = 'MIDDLE EAST'::bpchar)"}, {"Node Type": "Seq Scan", "Parent Relationship": "Inner", "Relation Name": "nation", "Alias": "nation", "Startup Cost": 0.0, "Total Cost": 1.25, "Plan Rows": 25, "Plan Width": 34}]}]}]}]}]}]}]}]}]}]}]}, "Unique SQL Id": 1392561963}, "explain_analyze_plan": null}, "(1, 59)": {"explain_plan": {"Plan": {"Node Type": "Sort", "Startup Cost": 6051464595461.66, "Total Cost": 6051464595461.73, "Plan Rows": 25, "Plan Width": 42, "Sort Key": ["(sum((lineitem.l_extendedprice * (1::double precision - lineitem.l_discount)))) DESC"], "Plans": [{"Node Type": "Aggregate", "Strategy": "Hashed", "Parent Relationship": "Outer", "Startup Cost": 6051464595460.83, "Total Cost": 6051464595461.08, "Plan Rows": 25, "Plan Width": 42, "Group By Key": ["nation.n_name"], "Plans": [{"Node Type": "Nested Loop", "Parent Relationship": "Outer", "Join Type": "Inner", "Startup Cost": 60000000000.0, "Total Cost": 6051464595366.93, "Plan Rows": 9390, "Plan Width": 42, "Inner Unique": false, "Join Filter": "((orders.o_custkey = customer.c_custkey) AND (supplier.s_nationkey = customer.c_nationkey))", "Plans": [{"Node Type": "Index Scan", "Parent Relationship": "Outer", "Scan Direction": "Forward", "Index Name": "customer_pkey", "Relation Name": "customer", "Alias": "customer", "Startup Cost": 10000000000.0, "Total Cost": 1000008076535.62, "Plan Rows": 1500000, "Plan Width": 12}, {"Node Type": "Materialize", "Parent Relationship": "Inner", "Startup Cost": 50000000000.0, "Total Cost": 5044534420740.56, "Plan Rows": 263699, "Plan Width": 58, "Plans": [{"Node Type": "Nested Loop", "Parent Relationship": "Outer", "Join Type": "Inner", "Startup Cost": 50000000000.0, "Total Cost": 5044534419422.06, "Plan Rows": 263699, "Plan Width": 58, "Inner Unique": true, "Join Filter": "(lineitem.l_orderkey = orders.o_orderkey), (LLVM Optimized)", "Plans": [{"Node Type": "Nested Loop", "Parent Relationship": "Outer", "Join Type": "Inner", "Startup Cost": 40000000000.0, "Total Cost": 4018320818943.09, "Plan Rows": 763534, "Plan Width": 58, "Inner Unique": false, "Join Filter": "(supplier.s_suppkey = lineitem.l_suppkey), (LLVM Optimized)", "Plans": [{"Node Type": "Nested Loop", "Parent Relationship": "Outer", "Join Type": "Inner", "Startup Cost": 30000000000.0, "Total Cost": 3000000543701.01, "Plan Rows": 20000, "Plan Width": 42, "Inner Unique": false, "Join Filter": "(nation.n_nationkey = supplier.s_nationkey)", "Plans": [{"Node Type": "Nested Loop", "Parent Relationship": "Outer", "Join Type": "Inner", "Startup Cost": 20000000000.0, "Total Cost": 2000000002496.63, "Plan Rows": 5, "Plan Width": 30, "Inner Unique": true, "Join Filter": "(nation.n_regionkey = region.r_regionkey)", "Plans": [{"Node Type": "Index Scan", "Parent Relationship": "Outer", "Scan Direction": "Forward", "Index Name": "nation_pkey", "Relation Name": "nation", "Alias": "nation", "Startup Cost": 10000000000.0, "Total Cost": 1000000001262.5, "Plan Rows": 25, "Plan Width": 34}, {"Node Type": "Materialize", "Parent Relationship": "Inner", "Startup Cost": 10000000000.0, "Total Cost": 1000000001233.76, "Plan Rows": 1, "Plan Width": 4, "Plans": [{"Node Type": "Index Scan", "Parent Relationship": "Outer", "Scan Direction": "Forward", "Index Name": "region_pkey", "Relation Name": "region", "Alias": "region", "Startup Cost": 10000000000.0, "Total Cost": 1000000001233.75, "Plan Rows": 1, "Plan Width": 4, "Filter": "(r_name = 'MIDDLE EAST'::bpchar)"}]}]}, {"Node Type": "Materialize", "Parent Relationship": "Inner", "Startup Cost": 10000000000.0, "Total Cost": 1000000533954.38, "Plan Rows": 100000, "Plan Width": 12, "Plans": [{"Node Type": "Index Scan", "Parent Relationship": "Outer", "Scan Direction": "Forward", "Index Name": "supplier_pkey", "Relation Name": "supplier", "Alias": "supplier", "Startup Cost": 10000000000.0, "Total Cost": 1000000533454.38, "Plan Rows": 100000, "Plan Width": 12}]}]}, {"Node Type": "Materialize", "Parent Relationship": "Inner", "Startup Cost": 10000000000.0, "Total Cost": 1000324315309.67, "Plan Rows": 59987033, "Plan Width": 32, "Plans": [{"Node Type": "Index Scan", "Parent Relationship": "Outer", "Scan Direction": "Forward", "Index Name": "idx_lineitem_orderkey", "Relation Name": "lineitem", "Alias": "lineitem", "Startup Cost": 10000000000.0, "Total Cost": 1000324015374.5, "Plan Rows": 59987033, "Plan Width": 32}]}]}, {"Node Type": "Materialize", "Parent Relationship": "Inner", "Startup Cost": 10000000000.0, "Total Cost": 1000080608991.79, "Plan Rows": 2281758, "Plan Width": 16, "Plans": [{"Node Type": "Index Scan", "Parent Relationship": "Outer", "Scan Direction": "Forward", "Index Name": "orders_pkey", "Relation Name": "orders", "Alias": "orders", "Startup Cost": 10000000000.0, "Total Cost": 1000080597583.0, "Plan Rows": 2281758, "Plan Width": 16, "Filter": "((o_orderdate >= '1994-01-01 00:00:00'::timestamp(0) without time zone) AND (o_orderdate < '1995-01-01 00:00:00'::timestamp without time zone)), (LLVM Optimized)"}]}]}]}]}]}]}, "Unique SQL Id": 1392561963}, "explain_analyze_plan": null}, "(1, 60)": {"explain_plan": {"Plan": {"Node Type": "Sort", "Startup Cost": 2735308.72, "Total Cost": 2735308.78, "Plan Rows": 25, "Plan Width": 42, "Sort Key": ["(sum((lineitem.l_extendedprice * (1::double precision - lineitem.l_discount)))) DESC"], "Plans": [{"Node Type": "Aggregate", "Strategy": "Hashed", "Parent Relationship": "Outer", "Startup Cost": 2735307.89, "Total Cost": 2735308.14, "Plan Rows": 25, "Plan Width": 42, "Group By Key": ["nation.n_name"], "Plans": [{"Node Type": "Nested Loop", "Parent Relationship": "Outer", "Join Type": "Inner", "Startup Cost": 0.0, "Total Cost": 2735213.99, "Plan Rows": 9390, "Plan Width": 42, "Inner Unique": true, "Join Filter": "(customer.c_nationkey = supplier.s_nationkey)", "Plans": [{"Node Type": "Nested Loop", "Parent Relationship": "Outer", "Join Type": "Inner", "Startup Cost": 0.0, "Total Cost": 1692429.4, "Plan Rows": 3688948, "Plan Width": 58, "Inner Unique": false, "Plans": [{"Node Type": "Nested Loop", "Parent Relationship": "Outer", "Join Type": "Inner", "Startup Cost": 0.0, "Total Cost": 416634.99, "Plan Rows": 406290, "Plan Width": 42, "Inner Unique": false, "Plans": [{"Node Type": "Nested Loop", "Parent Relationship": "Outer", "Join Type": "Inner", "Startup Cost": 0.0, "Total Cost": 41526.19, "Plan Rows": 300000, "Plan Width": 42, "Inner Unique": false, "Plans": [{"Node Type": "Nested Loop", "Parent Relationship": "Outer", "Join Type": "Inner", "Startup Cost": 0.0, "Total Cost": 14.06, "Plan Rows": 5, "Plan Width": 30, "Inner Unique": true, "Join Filter": "(nation.n_regionkey = region.r_regionkey)", "Plans": [{"Node Type": "Index Scan", "Parent Relationship": "Outer", "Scan Direction": "Forward", "Index Name": "nation_pkey", "Relation Name": "nation", "Alias": "nation", "Startup Cost": 0.0, "Total Cost": 12.62, "Plan Rows": 25, "Plan Width": 34}, {"Node Type": "Materialize", "Parent Relationship": "Inner", "Startup Cost": 0.0, "Total Cost": 1.07, "Plan Rows": 1, "Plan Width": 4, "Plans": [{"Node Type": "Seq Scan", "Parent Relationship": "Outer", "Relation Name": "region", "Alias": "region", "Startup Cost": 0.0, "Total Cost": 1.06, "Plan Rows": 1, "Plan Width": 4, "Filter": "(r_name = 'MIDDLE EAST'::bpchar)"}]}]}, {"Node Type": "Index Scan", "Parent Relationship": "Inner", "Scan Direction": "Forward", "Index Name": "idx_customer_nationkey", "Relation Name": "customer", "Alias": "customer", "Startup Cost": 0.0, "Total Cost": 7702.43, "Plan Rows": 60000, "Plan Width": 12, "Index Cond": "(c_nationkey = nation.n_nationkey)"}]}, {"Node Type": "Index Scan", "Parent Relationship": "Inner", "Scan Direction": "Forward", "Index Name": "idx_orders_custkey", "Relation Name": "orders", "Alias": "orders", "Startup Cost": 0.0, "Total Cost": 1.24, "Plan Rows": 1, "Plan Width": 16, "Index Cond": "(o_custkey = customer.c_custkey)", "Filter": "((o_orderdate >= '1994-01-01 00:00:00'::timestamp(0) without time zone) AND (o_orderdate < '1995-01-01 00:00:00'::timestamp without time zone))"}]}, {"Node Type": "Index Scan", "Parent Relationship": "Inner", "Scan Direction": "Forward", "Index Name": "idx_lineitem_orderkey", "Relation Name": "lineitem", "Alias": "lineitem", "Startup Cost": 0.0, "Total Cost": 3.05, "Plan Rows": 9, "Plan Width": 32, "Index Cond": "(l_orderkey = orders.o_orderkey)"}]}, {"Node Type": "Index Scan", "Parent Relationship": "Inner", "Scan Direction": "Forward", "Index Name": "supplier_pkey", "Relation Name": "supplier", "Alias": "supplier", "Startup Cost": 0.0, "Total Cost": 0.27, "Plan Rows": 1, "Plan Width": 12, "Index Cond": "(s_suppkey = lineitem.l_suppkey)"}]}]}]}, "Unique SQL Id": 1392561963}, "explain_analyze_plan": {"Plan": {"Node Type": "Sort", "Startup Cost": 2735308.72, "Total Cost": 2735308.78, "Plan Rows": 25, "Plan Width": 42, "Actual Startup Time": 25481.186, "Actual Total Time": 25481.187, "Actual Rows": 5, "Actual Loops": 1, "Sort Key": ["(sum((lineitem.l_extendedprice * (1::double precision - lineitem.l_discount)))) DESC"], "Sort Method": "quicksort", "Sort Space Used": 25, "Sort Space Type": "Memory", "Plans": [{"Node Type": "Aggregate", "Strategy": "Hashed", "Parent Relationship": "Outer", "Startup Cost": 2735307.89, "Total Cost": 2735308.14, "Plan Rows": 25, "Plan Width": 42, "Actual Startup Time": 25481.158, "Actual Total Time": 25481.16, "Actual Rows": 5, "Actual Loops": 1, "Group By Key": ["nation.n_name"], "Plans": [{"Node Type": "Nested Loop", "Parent Relationship": "Outer", "Join Type": "Inner", "Startup Cost": 0.0, "Total Cost": 2735213.99, "Plan Rows": 9390, "Plan Width": 42, "Actual Startup Time": 0.275, "Actual Total Time": 25382.369, "Actual Rows": 72985, "Actual Loops": 1, "Inner Unique": true, "Join Filter": "(customer.c_nationkey = supplier.s_nationkey)", "Rows Removed by Join Filter": 1742237, "Plans": [{"Node Type": "Nested Loop", "Parent Relationship": "Outer", "Join Type": "Inner", "Startup Cost": 0.0, "Total Cost": 1692429.4, "Plan Rows": 3688948, "Plan Width": 58, "Actual Startup Time": 0.16, "Actual Total Time": 15978.398, "Actual Rows": 1815222, "Actual Loops": 1, "Inner Unique": false, "Plans": [{"Node Type": "Nested Loop", "Parent Relationship": "Outer", "Join Type": "Inner", "Startup Cost": 0.0, "Total Cost": 416634.99, "Plan Rows": 406290, "Plan Width": 42, "Actual Startup Time": 0.146, "Actual Total Time": 9813.592, "Actual Rows": 454183, "Actual Loops": 1, "Inner Unique": false, "Plans": [{"Node Type": "Nested Loop", "Parent Relationship": "Outer", "Join Type": "Inner", "Startup Cost": 0.0, "Total Cost": 41526.19, "Plan Rows": 300000, "Plan Width": 42, "Actual Startup Time": 0.09, "Actual Total Time": 545.374, "Actual Rows": 299838, "Actual Loops": 1, "Inner Unique": false, "Plans": [{"Node Type": "Nested Loop", "Parent Relationship": "Outer", "Join Type": "Inner", "Startup Cost": 0.0, "Total Cost": 14.06, "Plan Rows": 5, "Plan Width": 30, "Actual Startup Time": 0.056, "Actual Total Time": 0.141, "Actual Rows": 5, "Actual Loops": 1, "Inner Unique": true, "Join Filter": "(nation.n_regionkey = region.r_regionkey)", "Rows Removed by Join Filter": 20, "Plans": [{"Node Type": "Index Scan", "Parent Relationship": "Outer", "Scan Direction": "Forward", "Index Name": "nation_pkey", "Relation Name": "nation", "Alias": "nation", "Startup Cost": 0.0, "Total Cost": 12.62, "Plan Rows": 25, "Plan Width": 34, "Actual Startup Time": 0.022, "Actual Total Time": 0.053, "Actual Rows": 25, "Actual Loops": 1}, {"Node Type": "Materialize", "Parent Relationship": "Inner", "Startup Cost": 0.0, "Total Cost": 1.07, "Plan Rows": 1, "Plan Width": 4, "Actual Startup Time": 0.03, "Actual Total Time": 0.032, "Actual Rows": 25, "Actual Loops": 25, "Plans": [{"Node Type": "Seq Scan", "Parent Relationship": "Outer", "Relation Name": "region", "Alias": "region", "Startup Cost": 0.0, "Total Cost": 1.06, "Plan Rows": 1, "Plan Width": 4, "Actual Startup Time": 0.017, "Actual Total Time": 0.018, "Actual Rows": 1, "Actual Loops": 1, "Filter": "(r_name = 'MIDDLE EAST'::bpchar)", "Rows Removed by Filter": 4}]}]}, {"Node Type": "Index Scan", "Parent Relationship": "Inner", "Scan Direction": "Forward", "Index Name": "idx_customer_nationkey", "Relation Name": "customer", "Alias": "customer", "Startup Cost": 0.0, "Total Cost": 7702.43, "Plan Rows": 60000, "Plan Width": 12, "Actual Startup Time": 0.163, "Actual Total Time": 459.051, "Actual Rows": 299838, "Actual Loops": 5, "Index Cond": "(c_nationkey = nation.n_nationkey)", "Rows Removed by Index Recheck": 0}]}, {"Node Type": "Index Scan", "Parent Relationship": "Inner", "Scan Direction": "Forward", "Index Name": "idx_orders_custkey", "Relation Name": "orders", "Alias": "orders", "Startup Cost": 0.0, "Total Cost": 1.24, "Plan Rows": 1, "Plan Width": 16, "Actual Startup Time": 4235.815, "Actual Total Time": 8982.458, "Actual Rows": 454183, "Actual Loops": 299838, "Index Cond": "(o_custkey = customer.c_custkey)", "Rows Removed by Index Recheck": 0, "Filter": "((o_orderdate >= '1994-01-01 00:00:00'::timestamp(0) without time zone) AND (o_orderdate < '1995-01-01 00:00:00'::timestamp without time zone))", "Rows Removed by Filter": 2542535}]}, {"Node Type": "Index Scan", "Parent Relationship": "Inner", "Scan Direction": "Forward", "Index Name": "idx_lineitem_orderkey", "Relation Name": "lineitem", "Alias": "lineitem", "Startup Cost": 0.0, "Total Cost": 3.05, "Plan Rows": 9, "Plan Width": 32, "Actual Startup Time": 4510.572, "Actual Total Time": 5479.553, "Actual Rows": 1815222, "Actual Loops": 454183, "Index Cond": "(l_orderkey = orders.o_orderkey)", "Rows Removed by Index Recheck": 0}]}, {"Node Type": "Index Scan", "Parent Relationship": "Inner", "Scan Direction": "Forward", "Index Name": "supplier_pkey", "Relation Name": "supplier", "Alias": "supplier", "Startup Cost": 0.0, "Total Cost": 0.27, "Plan Rows": 1, "Plan Width": 12, "Actual Startup Time": 7384.015, "Actual Total Time": 7983.405, "Actual Rows": 1815222, "Actual Loops": 1815222, "Index Cond": "(s_suppkey = lineitem.l_suppkey)", "Rows Removed by Index Recheck": 0}]}]}]}, "Triggers": [], "Planner Runtime": 1.859, "Total Runtime": 25481.635, "Unique SQL Id": 1392561963}}, "(1, 61)": {"explain_plan": {"Plan": {"Node Type": "Sort", "Startup Cost": 2735319.99, "Total Cost": 2735320.05, "Plan Rows": 25, "Plan Width": 42, "Sort Key": ["(sum((lineitem.l_extendedprice * (1::double precision - lineitem.l_discount)))) DESC"], "Plans": [{"Node Type": "Aggregate", "Strategy": "Hashed", "Parent Relationship": "Outer", "Startup Cost": 2735319.16, "Total Cost": 2735319.41, "Plan Rows": 25, "Plan Width": 42, "Group By Key": ["nation.n_name"], "Plans": [{"Node Type": "Nested Loop", "Parent Relationship": "Outer", "Join Type": "Inner", "Startup Cost": 0.0, "Total Cost": 2735225.26, "Plan Rows": 9390, "Plan Width": 42, "Inner Unique": true, "Join Filter": "(customer.c_nationkey = supplier.s_nationkey)", "Plans": [{"Node Type": "Nested Loop", "Parent Relationship": "Outer", "Join Type": "Inner", "Startup Cost": 0.0, "Total Cost": 1692440.68, "Plan Rows": 3688948, "Plan Width": 58, "Inner Unique": false, "Plans": [{"Node Type": "Nested Loop", "Parent Relationship": "Outer", "Join Type": "Inner", "Startup Cost": 0.0, "Total Cost": 416646.27, "Plan Rows": 406290, "Plan Width": 42, "Inner Unique": false, "Plans": [{"Node Type": "Nested Loop", "Parent Relationship": "Outer", "Join Type": "Inner", "Startup Cost": 0.0, "Total Cost": 41537.47, "Plan Rows": 300000, "Plan Width": 42, "Inner Unique": false, "Plans": [{"Node Type": "Nested Loop", "Parent Relationship": "Outer", "Join Type": "Inner", "Startup Cost": 0.0, "Total Cost": 25.34, "Plan Rows": 5, "Plan Width": 30, "Inner Unique": true, "Join Filter": "(nation.n_regionkey = region.r_regionkey)", "Plans": [{"Node Type": "Index Scan", "Parent Relationship": "Outer", "Scan Direction": "Forward", "Index Name": "nation_pkey", "Relation Name": "nation", "Alias": "nation", "Startup Cost": 0.0, "Total Cost": 12.62, "Plan Rows": 25, "Plan Width": 34}, {"Node Type": "Materialize", "Parent Relationship": "Inner", "Startup Cost": 0.0, "Total Cost": 12.34, "Plan Rows": 1, "Plan Width": 4, "Plans": [{"Node Type": "Index Scan", "Parent Relationship": "Outer", "Scan Direction": "Forward", "Index Name": "region_pkey", "Relation Name": "region", "Alias": "region", "Startup Cost": 0.0, "Total Cost": 12.34, "Plan Rows": 1, "Plan Width": 4, "Filter": "(r_name = 'MIDDLE EAST'::bpchar)"}]}]}, {"Node Type": "Index Scan", "Parent Relationship": "Inner", "Scan Direction": "Forward", "Index Name": "idx_customer_nationkey", "Relation Name": "customer", "Alias": "customer", "Startup Cost": 0.0, "Total Cost": 7702.43, "Plan Rows": 60000, "Plan Width": 12, "Index Cond": "(c_nationkey = nation.n_nationkey)"}]}, {"Node Type": "Index Scan", "Parent Relationship": "Inner", "Scan Direction": "Forward", "Index Name": "idx_orders_custkey", "Relation Name": "orders", "Alias": "orders", "Startup Cost": 0.0, "Total Cost": 1.24, "Plan Rows": 1, "Plan Width": 16, "Index Cond": "(o_custkey = customer.c_custkey)", "Filter": "((o_orderdate >= '1994-01-01 00:00:00'::timestamp(0) without time zone) AND (o_orderdate < '1995-01-01 00:00:00'::timestamp without time zone))"}]}, {"Node Type": "Index Scan", "Parent Relationship": "Inner", "Scan Direction": "Forward", "Index Name": "idx_lineitem_orderkey", "Relation Name": "lineitem", "Alias": "lineitem", "Startup Cost": 0.0, "Total Cost": 3.05, "Plan Rows": 9, "Plan Width": 32, "Index Cond": "(l_orderkey = orders.o_orderkey)"}]}, {"Node Type": "Index Scan", "Parent Relationship": "Inner", "Scan Direction": "Forward", "Index Name": "supplier_pkey", "Relation Name": "supplier", "Alias": "supplier", "Startup Cost": 0.0, "Total Cost": 0.27, "Plan Rows": 1, "Plan Width": 12, "Index Cond": "(s_suppkey = lineitem.l_suppkey)"}]}]}]}, "Unique SQL Id": 1392561963}, "explain_analyze_plan": {"Plan": {"Node Type": "Sort", "Startup Cost": 2735319.99, "Total Cost": 2735320.05, "Plan Rows": 25, "Plan Width": 42, "Actual Startup Time": 25204.835, "Actual Total Time": 25204.836, "Actual Rows": 5, "Actual Loops": 1, "Sort Key": ["(sum((lineitem.l_extendedprice * (1::double precision - lineitem.l_discount)))) DESC"], "Sort Method": "quicksort", "Sort Space Used": 25, "Sort Space Type": "Memory", "Plans": [{"Node Type": "Aggregate", "Strategy": "Hashed", "Parent Relationship": "Outer", "Startup Cost": 2735319.16, "Total Cost": 2735319.41, "Plan Rows": 25, "Plan Width": 42, "Actual Startup Time": 25204.787, "Actual Total Time": 25204.788, "Actual Rows": 5, "Actual Loops": 1, "Group By Key": ["nation.n_name"], "Plans": [{"Node Type": "Nested Loop", "Parent Relationship": "Outer", "Join Type": "Inner", "Startup Cost": 0.0, "Total Cost": 2735225.26, "Plan Rows": 9390, "Plan Width": 42, "Actual Startup Time": 0.307, "Actual Total Time": 25108.266, "Actual Rows": 72985, "Actual Loops": 1, "Inner Unique": true, "Join Filter": "(customer.c_nationkey = supplier.s_nationkey)", "Rows Removed by Join Filter": 1742237, "Plans": [{"Node Type": "Nested Loop", "Parent Relationship": "Outer", "Join Type": "Inner", "Startup Cost": 0.0, "Total Cost": 1692440.68, "Plan Rows": 3688948, "Plan Width": 58, "Actual Startup Time": 0.179, "Actual Total Time": 15760.256, "Actual Rows": 1815222, "Actual Loops": 1, "Inner Unique": false, "Plans": [{"Node Type": "Nested Loop", "Parent Relationship": "Outer", "Join Type": "Inner", "Startup Cost": 0.0, "Total Cost": 416646.27, "Plan Rows": 406290, "Plan Width": 42, "Actual Startup Time": 0.162, "Actual Total Time": 9664.249, "Actual Rows": 454183, "Actual Loops": 1, "Inner Unique": false, "Plans": [{"Node Type": "Nested Loop", "Parent Relationship": "Outer", "Join Type": "Inner", "Startup Cost": 0.0, "Total Cost": 41537.47, "Plan Rows": 300000, "Plan Width": 42, "Actual Startup Time": 0.102, "Actual Total Time": 536.721, "Actual Rows": 299838, "Actual Loops": 1, "Inner Unique": false, "Plans": [{"Node Type": "Nested Loop", "Parent Relationship": "Outer", "Join Type": "Inner", "Startup Cost": 0.0, "Total Cost": 25.34, "Plan Rows": 5, "Plan Width": 30, "Actual Startup Time": 0.063, "Actual Total Time": 0.249, "Actual Rows": 5, "Actual Loops": 1, "Inner Unique": true, "Join Filter": "(nation.n_regionkey = region.r_regionkey)", "Rows Removed by Join Filter": 20, "Plans": [{"Node Type": "Index Scan", "Parent Relationship": "Outer", "Scan Direction": "Forward", "Index Name": "nation_pkey", "Relation Name": "nation", "Alias": "nation", "Startup Cost": 0.0, "Total Cost": 12.62, "Plan Rows": 25, "Plan Width": 34, "Actual Startup Time": 0.028, "Actual Total Time": 0.145, "Actual Rows": 25, "Actual Loops": 1}, {"Node Type": "Materialize", "Parent Relationship": "Inner", "Startup Cost": 0.0, "Total Cost": 12.34, "Plan Rows": 1, "Plan Width": 4, "Actual Startup Time": 0.038, "Actual Total Time": 0.042, "Actual Rows": 25, "Actual Loops": 25, "Plans": [{"Node Type": "Index Scan", "Parent Relationship": "Outer", "Scan Direction": "Forward", "Index Name": "region_pkey", "Relation Name": "region", "Alias": "region", "Startup Cost": 0.0, "Total Cost": 12.34, "Plan Rows": 1, "Plan Width": 4, "Actual Startup Time": 0.018, "Actual Total Time": 0.02, "Actual Rows": 1, "Actual Loops": 1, "Filter": "(r_name = 'MIDDLE EAST'::bpchar)", "Rows Removed by Filter": 4}]}]}, {"Node Type": "Index Scan", "Parent Relationship": "Inner", "Scan Direction": "Forward", "Index Name": "idx_customer_nationkey", "Relation Name": "customer", "Alias": "customer", "Startup Cost": 0.0, "Total Cost": 7702.43, "Plan Rows": 60000, "Plan Width": 12, "Actual Startup Time": 0.304, "Actual Total Time": 451.691, "Actual Rows": 299838, "Actual Loops": 5, "Index Cond": "(c_nationkey = nation.n_nationkey)", "Rows Removed by Index Recheck": 0}]}, {"Node Type": "Index Scan", "Parent Relationship": "Inner", "Scan Direction": "Forward", "Index Name": "idx_orders_custkey", "Relation Name": "orders", "Alias": "orders", "Startup Cost": 0.0, "Total Cost": 1.24, "Plan Rows": 1, "Plan Width": 16, "Actual Startup Time": 4172.358, "Actual Total Time": 8847.094, "Actual Rows": 454183, "Actual Loops": 299838, "Index Cond": "(o_custkey = customer.c_custkey)", "Rows Removed by Index Recheck": 0, "Filter": "((o_orderdate >= '1994-01-01 00:00:00'::timestamp(0) without time zone) AND (o_orderdate < '1995-01-01 00:00:00'::timestamp without time zone))", "Rows Removed by Filter": 2542535}]}, {"Node Type": "Index Scan", "Parent Relationship": "Inner", "Scan Direction": "Forward", "Index Name": "idx_lineitem_orderkey", "Relation Name": "lineitem", "Alias": "lineitem", "Startup Cost": 0.0, "Total Cost": 3.05, "Plan Rows": 9, "Plan Width": 32, "Actual Startup Time": 4444.128, "Actual Total Time": 5409.096, "Actual Rows": 1815222, "Actual Loops": 454183, "Index Cond": "(l_orderkey = orders.o_orderkey)", "Rows Removed by Index Recheck": 0}]}, {"Node Type": "Index Scan", "Parent Relationship": "Inner", "Scan Direction": "Forward", "Index Name": "supplier_pkey", "Relation Name": "supplier", "Alias": "supplier", "Startup Cost": 0.0, "Total Cost": 0.27, "Plan Rows": 1, "Plan Width": 12, "Actual Startup Time": 7323.41, "Actual Total Time": 7924.771, "Actual Rows": 1815222, "Actual Loops": 1815222, "Index Cond": "(s_suppkey = lineitem.l_suppkey)", "Rows Removed by Index Recheck": 0}]}]}]}, "Triggers": [], "Planner Runtime": 1.728, "Total Runtime": 25205.161, "Unique SQL Id": 1392561963}}, "(1, 62)": {"explain_plan": {"Plan": {"Node Type": "Sort", "Startup Cost": 51053787992.55, "Total Cost": 51053787992.61, "Plan Rows": 25, "Plan Width": 42, "Sort Key": ["(sum((lineitem.l_extendedprice * (1::double precision - lineitem.l_discount)))) DESC"], "Plans": [{"Node Type": "Aggregate", "Strategy": "Hashed", "Parent Relationship": "Outer", "Startup Cost": 51053787991.72, "Total Cost": 51053787991.97, "Plan Rows": 25, "Plan Width": 42, "Group By Key": ["nation.n_name"], "Plans": [{"Node Type": "Nested Loop", "Parent Relationship": "Outer", "Join Type": "Inner", "Startup Cost": 442.55, "Total Cost": 51053787897.82, "Plan Rows": 9390, "Plan Width": 42, "Inner Unique": false, "Join Filter": "((orders.o_custkey = customer.c_custkey) AND (supplier.s_nationkey = customer.c_nationkey))", "Plans": [{"Node Type": "Seq Scan", "Parent Relationship": "Outer", "Relation Name": "customer", "Alias": "customer", "Startup Cost": 0.0, "Total Cost": 52126.0, "Plan Rows": 1500000, "Plan Width": 12}, {"Node Type": "Materialize", "Parent Relationship": "Inner", "Startup Cost": 442.55, "Total Cost": 44131637681.06, "Plan Rows": 263699, "Plan Width": 58, "Plans": [{"Node Type": "Nested Loop", "Parent Relationship": "Outer", "Join Type": "Inner", "Startup Cost": 442.55, "Total Cost": 44131636362.57, "Plan Rows": 263699, "Plan Width": 58, "Inner Unique": false, "Join Filter": "(lineitem.l_orderkey = orders.o_orderkey), (LLVM Optimized)", "Plans": [{"Node Type": "Seq Scan", "Parent Relationship": "Outer", "Relation Name": "orders", "Alias": "orders", "Startup Cost": 442.55, "Total Cost": 501411.18, "Plan Rows": 2281758, "Plan Width": 16, "Filter": "((o_orderdate >= '1994-01-01 00:00:00'::timestamp(0) without time zone) AND (o_orderdate < '1995-01-01 00:00:00'::timestamp without time zone)), (LLVM Optimized)"}, {"Node Type": "Materialize", "Parent Relationship": "Inner", "Startup Cost": 0.0, "Total Cost": 17998139668.64, "Plan Rows": 763534, "Plan Width": 58, "Plans": [{"Node Type": "Nested Loop", "Parent Relationship": "Outer", "Join Type": "Inner", "Startup Cost": 0.0, "Total Cost": 17998135850.97, "Plan Rows": 763534, "Plan Width": 58, "Inner Unique": false, "Join Filter": "(supplier.s_suppkey = lineitem.l_suppkey), (LLVM Optimized)", "Plans": [{"Node Type": "Seq Scan", "Parent Relationship": "Outer", "Relation Name": "lineitem", "Alias": "lineitem", "Startup Cost": 0.0, "Total Cost": 2015115.33, "Plan Rows": 59987033, "Plan Width": 32}, {"Node Type": "Materialize", "Parent Relationship": "Inner", "Startup Cost": 0.0, "Total Cost": 10885.64, "Plan Rows": 20000, "Plan Width": 42, "Plans": [{"Node Type": "Nested Loop", "Parent Relationship": "Outer", "Join Type": "Inner", "Startup Cost": 0.0, "Total Cost": 10785.64, "Plan Rows": 20000, "Plan Width": 42, "Inner Unique": false, "Join Filter": "(nation.n_nationkey = supplier.s_nationkey)", "Plans": [{"Node Type": "Seq Scan", "Parent Relationship": "Outer", "Relation Name": "supplier", "Alias": "supplier", "Startup Cost": 0.0, "Total Cost": 3283.0, "Plan Rows": 100000, "Plan Width": 12}, {"Node Type": "Materialize", "Parent Relationship": "Inner", "Startup Cost": 0.0, "Total Cost": 2.65, "Plan Rows": 5, "Plan Width": 30, "Plans": [{"Node Type": "Nested Loop", "Parent Relationship": "Outer", "Join Type": "Inner", "Startup Cost": 0.0, "Total Cost": 2.62, "Plan Rows": 5, "Plan Width": 30, "Inner Unique": false, "Join Filter": "(nation.n_regionkey = region.r_regionkey)", "Plans": [{"Node Type": "Seq Scan", "Parent Relationship": "Outer", "Relation Name": "region", "Alias": "region", "Startup Cost": 0.0, "Total Cost": 1.06, "Plan Rows": 1, "Plan Width": 4, "Filter": "(r_name = 'MIDDLE EAST'::bpchar)"}, {"Node Type": "Seq Scan", "Parent Relationship": "Inner", "Relation Name": "nation", "Alias": "nation", "Startup Cost": 0.0, "Total Cost": 1.25, "Plan Rows": 25, "Plan Width": 34}]}]}]}]}]}]}]}]}]}]}]}, "Unique SQL Id": 1392561963}, "explain_analyze_plan": null}, "(1, 63)": {"explain_plan": {"Plan": {"Node Type": "Sort", "Startup Cost": 6051464595461.66, "Total Cost": 6051464595461.73, "Plan Rows": 25, "Plan Width": 42, "Sort Key": ["(sum((lineitem.l_extendedprice * (1::double precision - lineitem.l_discount)))) DESC"], "Plans": [{"Node Type": "Aggregate", "Strategy": "Hashed", "Parent Relationship": "Outer", "Startup Cost": 6051464595460.83, "Total Cost": 6051464595461.08, "Plan Rows": 25, "Plan Width": 42, "Group By Key": ["nation.n_name"], "Plans": [{"Node Type": "Nested Loop", "Parent Relationship": "Outer", "Join Type": "Inner", "Startup Cost": 60000000000.0, "Total Cost": 6051464595366.93, "Plan Rows": 9390, "Plan Width": 42, "Inner Unique": false, "Join Filter": "((orders.o_custkey = customer.c_custkey) AND (supplier.s_nationkey = customer.c_nationkey))", "Plans": [{"Node Type": "Index Scan", "Parent Relationship": "Outer", "Scan Direction": "Forward", "Index Name": "customer_pkey", "Relation Name": "customer", "Alias": "customer", "Startup Cost": 10000000000.0, "Total Cost": 1000008076535.62, "Plan Rows": 1500000, "Plan Width": 12}, {"Node Type": "Materialize", "Parent Relationship": "Inner", "Startup Cost": 50000000000.0, "Total Cost": 5044534420740.56, "Plan Rows": 263699, "Plan Width": 58, "Plans": [{"Node Type": "Nested Loop", "Parent Relationship": "Outer", "Join Type": "Inner", "Startup Cost": 50000000000.0, "Total Cost": 5044534419422.06, "Plan Rows": 263699, "Plan Width": 58, "Inner Unique": true, "Join Filter": "(lineitem.l_orderkey = orders.o_orderkey), (LLVM Optimized)", "Plans": [{"Node Type": "Nested Loop", "Parent Relationship": "Outer", "Join Type": "Inner", "Startup Cost": 40000000000.0, "Total Cost": 4018320818943.09, "Plan Rows": 763534, "Plan Width": 58, "Inner Unique": false, "Join Filter": "(supplier.s_suppkey = lineitem.l_suppkey), (LLVM Optimized)", "Plans": [{"Node Type": "Nested Loop", "Parent Relationship": "Outer", "Join Type": "Inner", "Startup Cost": 30000000000.0, "Total Cost": 3000000543701.01, "Plan Rows": 20000, "Plan Width": 42, "Inner Unique": false, "Join Filter": "(nation.n_nationkey = supplier.s_nationkey)", "Plans": [{"Node Type": "Nested Loop", "Parent Relationship": "Outer", "Join Type": "Inner", "Startup Cost": 20000000000.0, "Total Cost": 2000000002496.63, "Plan Rows": 5, "Plan Width": 30, "Inner Unique": true, "Join Filter": "(nation.n_regionkey = region.r_regionkey)", "Plans": [{"Node Type": "Index Scan", "Parent Relationship": "Outer", "Scan Direction": "Forward", "Index Name": "nation_pkey", "Relation Name": "nation", "Alias": "nation", "Startup Cost": 10000000000.0, "Total Cost": 1000000001262.5, "Plan Rows": 25, "Plan Width": 34}, {"Node Type": "Materialize", "Parent Relationship": "Inner", "Startup Cost": 10000000000.0, "Total Cost": 1000000001233.76, "Plan Rows": 1, "Plan Width": 4, "Plans": [{"Node Type": "Index Scan", "Parent Relationship": "Outer", "Scan Direction": "Forward", "Index Name": "region_pkey", "Relation Name": "region", "Alias": "region", "Startup Cost": 10000000000.0, "Total Cost": 1000000001233.75, "Plan Rows": 1, "Plan Width": 4, "Filter": "(r_name = 'MIDDLE EAST'::bpchar)"}]}]}, {"Node Type": "Materialize", "Parent Relationship": "Inner", "Startup Cost": 10000000000.0, "Total Cost": 1000000533954.38, "Plan Rows": 100000, "Plan Width": 12, "Plans": [{"Node Type": "Index Scan", "Parent Relationship": "Outer", "Scan Direction": "Forward", "Index Name": "supplier_pkey", "Relation Name": "supplier", "Alias": "supplier", "Startup Cost": 10000000000.0, "Total Cost": 1000000533454.38, "Plan Rows": 100000, "Plan Width": 12}]}]}, {"Node Type": "Materialize", "Parent Relationship": "Inner", "Startup Cost": 10000000000.0, "Total Cost": 1000324315309.67, "Plan Rows": 59987033, "Plan Width": 32, "Plans": [{"Node Type": "Index Scan", "Parent Relationship": "Outer", "Scan Direction": "Forward", "Index Name": "idx_lineitem_orderkey", "Relation Name": "lineitem", "Alias": "lineitem", "Startup Cost": 10000000000.0, "Total Cost": 1000324015374.5, "Plan Rows": 59987033, "Plan Width": 32}]}]}, {"Node Type": "Materialize", "Parent Relationship": "Inner", "Startup Cost": 10000000000.0, "Total Cost": 1000080608991.79, "Plan Rows": 2281758, "Plan Width": 16, "Plans": [{"Node Type": "Index Scan", "Parent Relationship": "Outer", "Scan Direction": "Forward", "Index Name": "orders_pkey", "Relation Name": "orders", "Alias": "orders", "Startup Cost": 10000000000.0, "Total Cost": 1000080597583.0, "Plan Rows": 2281758, "Plan Width": 16, "Filter": "((o_orderdate >= '1994-01-01 00:00:00'::timestamp(0) without time zone) AND (o_orderdate < '1995-01-01 00:00:00'::timestamp without time zone)), (LLVM Optimized)"}]}]}]}]}]}]}, "Unique SQL Id": 1392561963}, "explain_analyze_plan": null}, "(1, 64)": {"explain_plan": {"Plan": {"Node Type": "Sort", "Startup Cost": 1720736.05, "Total Cost": 1720736.11, "Plan Rows": 25, "Plan Width": 42, "Sort Key": ["(sum((lineitem.l_extendedprice * (1::double precision - lineitem.l_discount)))) DESC"], "Plans": [{"Node Type": "Aggregate", "Strategy": "Hashed", "Parent Relationship": "Outer", "Startup Cost": 1720735.22, "Total Cost": 1720735.47, "Plan Rows": 25, "Plan Width": 42, "Group By Key": ["nation.n_name"], "Plans": [{"Node Type": "Hash Join", "Parent Relationship": "Outer", "Join Type": "Inner", "Startup Cost": 5813.37, "Total Cost": 1720641.32, "Plan Rows": 9390, "Plan Width": 42, "Inner Unique": true, "Hash Cond": "((lineitem.l_suppkey = supplier.s_suppkey) AND (customer.c_nationkey = supplier.s_nationkey))", "Plans": [{"Node Type": "Nested Loop", "Parent Relationship": "Outer", "Join Type": "Inner", "Startup Cost": 1030.37, "Total Cost": 1688097.31, "Plan Rows": 3688948, "Plan Width": 58, "Inner Unique": false, "Plans": [{"Node Type": "Nested Loop", "Parent Relationship": "Outer", "Join Type": "Inner", "Startup Cost": 1030.37, "Total Cost": 412302.9, "Plan Rows": 406290, "Plan Width": 42, "Inner Unique": false, "Plans": [{"Node Type": "Nested Loop", "Parent Relationship": "Outer", "Join Type": "Inner", "Startup Cost": 1030.37, "Total Cost": 37194.1, "Plan Rows": 300000, "Plan Width": 42, "Inner Unique": false, "Plans": [{"Node Type": "Nested Loop", "Parent Relationship": "Outer", "Join Type": "Inner", "Startup Cost": 0.0, "Total Cost": 31.69, "Plan Rows": 5, "Plan Width": 30, "Inner Unique": true, "Plans": [{"Node Type": "Index Scan", "Parent Relationship": "Outer", "Scan Direction": "Forward", "Index Name": "nation_pkey", "Relation Name": "nation", "Alias": "nation", "Startup Cost": 0.0, "Total Cost": 12.62, "Plan Rows": 25, "Plan Width": 34}, {"Node Type": "Index Scan", "Parent Relationship": "Inner", "Scan Direction": "Forward", "Index Name": "region_pkey", "Relation Name": "region", "Alias": "region", "Startup Cost": 0.0, "Total Cost": 0.75, "Plan Rows": 1, "Plan Width": 4, "Index Cond": "(r_regionkey = nation.n_regionkey)", "Filter": "(r_name = 'MIDDLE EAST'::bpchar)"}]}, {"Node Type": "Bitmap Heap Scan", "Parent Relationship": "Inner", "Relation Name": "customer", "Alias": "customer", "Startup Cost": 1030.37, "Total Cost": 6832.48, "Plan Rows": 60000, "Plan Width": 12, "Recheck Cond": "(c_nationkey = nation.n_nationkey)", "Plans": [{"Node Type": "Bitmap Index Scan", "Parent Relationship": "Outer", "Index Name": "idx_customer_nationkey", "Startup Cost": 0.0, "Total Cost": 1015.37, "Plan Rows": 60000, "Plan Width": 0, "Index Cond": "(c_nationkey = nation.n_nationkey)"}]}]}, {"Node Type": "Index Scan", "Parent Relationship": "Inner", "Scan Direction": "Forward", "Index Name": "idx_orders_custkey", "Relation Name": "orders", "Alias": "orders", "Startup Cost": 0.0, "Total Cost": 1.24, "Plan Rows": 1, "Plan Width": 16, "Index Cond": "(o_custkey = customer.c_custkey)", "Filter": "((o_orderdate >= '1994-01-01 00:00:00'::timestamp(0) without time zone) AND (o_orderdate < '1995-01-01 00:00:00'::timestamp without time zone))"}]}, {"Node Type": "Index Scan", "Parent Relationship": "Inner", "Scan Direction": "Forward", "Index Name": "idx_lineitem_orderkey", "Relation Name": "lineitem", "Alias": "lineitem", "Startup Cost": 0.0, "Total Cost": 3.05, "Plan Rows": 9, "Plan Width": 32, "Index Cond": "(l_orderkey = orders.o_orderkey)"}]}, {"Node Type": "Hash", "Parent Relationship": "Inner", "Startup Cost": 3283.0, "Total Cost": 3283.0, "Plan Rows": 100000, "Plan Width": 12, "Plans": [{"Node Type": "Seq Scan", "Parent Relationship": "Outer", "Relation Name": "supplier", "Alias": "supplier", "Startup Cost": 0.0, "Total Cost": 3283.0, "Plan Rows": 100000, "Plan Width": 12}]}]}]}]}, "Unique SQL Id": 1392561963}, "explain_analyze_plan": {"Plan": {"Node Type": "Sort", "Startup Cost": 1720736.05, "Total Cost": 1720736.11, "Plan Rows": 25, "Plan Width": 42, "Actual Startup Time": 16544.983, "Actual Total Time": 16544.983, "Actual Rows": 5, "Actual Loops": 1, "Sort Key": ["(sum((lineitem.l_extendedprice * (1::double precision - lineitem.l_discount)))) DESC"], "Sort Method": "quicksort", "Sort Space Used": 25, "Sort Space Type": "Memory", "Plans": [{"Node Type": "Aggregate", "Strategy": "Hashed", "Parent Relationship": "Outer", "Startup Cost": 1720735.22, "Total Cost": 1720735.47, "Plan Rows": 25, "Plan Width": 42, "Actual Startup Time": 16544.953, "Actual Total Time": 16544.955, "Actual Rows": 5, "Actual Loops": 1, "Group By Key": ["nation.n_name"], "Plans": [{"Node Type": "Hash Join", "Parent Relationship": "Outer", "Join Type": "Inner", "Startup Cost": 5813.37, "Total Cost": 1720641.32, "Plan Rows": 9390, "Plan Width": 42, "Actual Startup Time": 86.699, "Actual Total Time": 16463.327, "Actual Rows": 72985, "Actual Loops": 1, "Inner Unique": true, "Hash Cond": "((lineitem.l_suppkey = supplier.s_suppkey) AND (customer.c_nationkey = supplier.s_nationkey))", "Plans": [{"Node Type": "Nested Loop", "Parent Relationship": "Outer", "Join Type": "Inner", "Startup Cost": 1030.37, "Total Cost": 1688097.31, "Plan Rows": 3688948, "Plan Width": 58, "Actual Startup Time": 19.479, "Actual Total Time": 15575.506, "Actual Rows": 1815222, "Actual Loops": 1, "Inner Unique": false, "Plans": [{"Node Type": "Nested Loop", "Parent Relationship": "Outer", "Join Type": "Inner", "Startup Cost": 1030.37, "Total Cost": 412302.9, "Plan Rows": 406290, "Plan Width": 42, "Actual Startup Time": 19.46, "Actual Total Time": 9685.85, "Actual Rows": 454183, "Actual Loops": 1, "Inner Unique": false, "Plans": [{"Node Type": "Nested Loop", "Parent Relationship": "Outer", "Join Type": "Inner", "Startup Cost": 1030.37, "Total Cost": 37194.1, "Plan Rows": 300000, "Plan Width": 42, "Actual Startup Time": 19.379, "Actual Total Time": 663.837, "Actual Rows": 299838, "Actual Loops": 1, "Inner Unique": false, "Plans": [{"Node Type": "Nested Loop", "Parent Relationship": "Outer", "Join Type": "Inner", "Startup Cost": 0.0, "Total Cost": 31.69, "Plan Rows": 5, "Plan Width": 30, "Actual Startup Time": 0.045, "Actual Total Time": 0.207, "Actual Rows": 5, "Actual Loops": 1, "Inner Unique": true, "Plans": [{"Node Type": "Index Scan", "Parent Relationship": "Outer", "Scan Direction": "Forward", "Index Name": "nation_pkey", "Relation Name": "nation", "Alias": "nation", "Startup Cost": 0.0, "Total Cost": 12.62, "Plan Rows": 25, "Plan Width": 34, "Actual Startup Time": 0.013, "Actual Total Time": 0.05, "Actual Rows": 25, "Actual Loops": 1}, {"Node Type": "Index Scan", "Parent Relationship": "Inner", "Scan Direction": "Forward", "Index Name": "region_pkey", "Relation Name": "region", "Alias": "region", "Startup Cost": 0.0, "Total Cost": 0.75, "Plan Rows": 1, "Plan Width": 4, "Actual Startup Time": 0.095, "Actual Total Time": 0.095, "Actual Rows": 5, "Actual Loops": 25, "Index Cond": "(r_regionkey = nation.n_regionkey)", "Rows Removed by Index Recheck": 0, "Filter": "(r_name = 'MIDDLE EAST'::bpchar)", "Rows Removed by Filter": 20}]}, {"Node Type": "Bitmap Heap Scan", "Parent Relationship": "Inner", "Relation Name": "customer", "Alias": "customer", "Startup Cost": 1030.37, "Total Cost": 6832.48, "Plan Rows": 60000, "Plan Width": 12, "Actual Startup Time": 92.441, "Actual Total Time": 588.913, "Actual Rows": 299838, "Actual Loops": 5, "Recheck Cond": "(c_nationkey = nation.n_nationkey)", "Rows Removed by Index Recheck": 0, "Exact Heap Blocks": 150033, "Lossy Heap Blocks": 150033, "Plans": [{"Node Type": "Bitmap Index Scan", "Parent Relationship": "Outer", "Index Name": "idx_customer_nationkey", "Startup Cost": 0.0, "Total Cost": 1015.37, "Plan Rows": 60000, "Plan Width": 0, "Actual Startup Time": 59.424, "Actual Total Time": 59.424, "Actual Rows": 299838, "Actual Loops": 5, "Index Cond": "(c_nationkey = nation.n_nationkey)"}]}]}, {"Node Type": "Index Scan", "Parent Relationship": "Inner", "Scan Direction": "Forward", "Index Name": "idx_orders_custkey", "Relation Name": "orders", "Alias": "orders", "Startup Cost": 0.0, "Total Cost": 1.24, "Plan Rows": 1, "Plan Width": 16, "Actual Startup Time": 4137.456, "Actual Total Time": 8757.392, "Actual Rows": 454183, "Actual Loops": 299838, "Index Cond": "(o_custkey = customer.c_custkey)", "Rows Removed by Index Recheck": 0, "Filter": "((o_orderdate >= '1994-01-01 00:00:00'::timestamp(0) without time zone) AND (o_orderdate < '1995-01-01 00:00:00'::timestamp without time zone))", "Rows Removed by Filter": 2542535}]}, {"Node Type": "Index Scan", "Parent Relationship": "Inner", "Scan Direction": "Forward", "Index Name": "idx_lineitem_orderkey", "Relation Name": "lineitem", "Alias": "lineitem", "Startup Cost": 0.0, "Total Cost": 3.05, "Plan Rows": 9, "Plan Width": 32, "Actual Startup Time": 4285.754, "Actual Total Time": 5246.21, "Actual Rows": 1815222, "Actual Loops": 454183, "Index Cond": "(l_orderkey = orders.o_orderkey)", "Rows Removed by Index Recheck": 0}]}, {"Node Type": "Hash", "Parent Relationship": "Inner", "Startup Cost": 3283.0, "Total Cost": 3283.0, "Plan Rows": 100000, "Plan Width": 12, "Actual Startup Time": 66.967, "Actual Total Time": 66.967, "Actual Rows": 100000, "Actual Loops": 1, "Hash Buckets": 131072, "Hash Batches": 1, "Original Hash Batches": 1, "Peak Memory Usage": 4297, "Plans": [{"Node Type": "Seq Scan", "Parent Relationship": "Outer", "Relation Name": "supplier", "Alias": "supplier", "Startup Cost": 0.0, "Total Cost": 3283.0, "Plan Rows": 100000, "Plan Width": 12, "Actual Startup Time": 0.02, "Actual Total Time": 35.902, "Actual Rows": 100000, "Actual Loops": 1}]}]}]}]}, "Triggers": [], "Planner Runtime": 6.944, "Total Runtime": 16545.437, "Unique SQL Id": 1392561963}}, "(1, 65)": {"explain_plan": {"Plan": {"Node Type": "Sort", "Startup Cost": 1722787.59, "Total Cost": 1722787.65, "Plan Rows": 25, "Plan Width": 42, "Sort Key": ["(sum((lineitem.l_extendedprice * (1::double precision - lineitem.l_discount)))) DESC"], "Plans": [{"Node Type": "Aggregate", "Strategy": "Hashed", "Parent Relationship": "Outer", "Startup Cost": 1722786.76, "Total Cost": 1722787.01, "Plan Rows": 25, "Plan Width": 42, "Group By Key": ["nation.n_name"], "Plans": [{"Node Type": "Hash Join", "Parent Relationship": "Outer", "Join Type": "Inner", "Startup Cost": 7864.91, "Total Cost": 1722692.86, "Plan Rows": 9390, "Plan Width": 42, "Inner Unique": true, "Hash Cond": "((lineitem.l_suppkey = supplier.s_suppkey) AND (customer.c_nationkey = supplier.s_nationkey))", "Plans": [{"Node Type": "Nested Loop", "Parent Relationship": "Outer", "Join Type": "Inner", "Startup Cost": 1030.37, "Total Cost": 1688097.31, "Plan Rows": 3688948, "Plan Width": 58, "Inner Unique": false, "Plans": [{"Node Type": "Nested Loop", "Parent Relationship": "Outer", "Join Type": "Inner", "Startup Cost": 1030.37, "Total Cost": 412302.9, "Plan Rows": 406290, "Plan Width": 42, "Inner Unique": false, "Plans": [{"Node Type": "Nested Loop", "Parent Relationship": "Outer", "Join Type": "Inner", "Startup Cost": 1030.37, "Total Cost": 37194.1, "Plan Rows": 300000, "Plan Width": 42, "Inner Unique": false, "Plans": [{"Node Type": "Nested Loop", "Parent Relationship": "Outer", "Join Type": "Inner", "Startup Cost": 0.0, "Total Cost": 31.69, "Plan Rows": 5, "Plan Width": 30, "Inner Unique": true, "Plans": [{"Node Type": "Index Scan", "Parent Relationship": "Outer", "Scan Direction": "Forward", "Index Name": "nation_pkey", "Relation Name": "nation", "Alias": "nation", "Startup Cost": 0.0, "Total Cost": 12.62, "Plan Rows": 25, "Plan Width": 34}, {"Node Type": "Index Scan", "Parent Relationship": "Inner", "Scan Direction": "Forward", "Index Name": "region_pkey", "Relation Name": "region", "Alias": "region", "Startup Cost": 0.0, "Total Cost": 0.75, "Plan Rows": 1, "Plan Width": 4, "Index Cond": "(r_regionkey = nation.n_regionkey)", "Filter": "(r_name = 'MIDDLE EAST'::bpchar)"}]}, {"Node Type": "Bitmap Heap Scan", "Parent Relationship": "Inner", "Relation Name": "customer", "Alias": "customer", "Startup Cost": 1030.37, "Total Cost": 6832.48, "Plan Rows": 60000, "Plan Width": 12, "Recheck Cond": "(c_nationkey = nation.n_nationkey)", "Plans": [{"Node Type": "Bitmap Index Scan", "Parent Relationship": "Outer", "Index Name": "idx_customer_nationkey", "Startup Cost": 0.0, "Total Cost": 1015.37, "Plan Rows": 60000, "Plan Width": 0, "Index Cond": "(c_nationkey = nation.n_nationkey)"}]}]}, {"Node Type": "Index Scan", "Parent Relationship": "Inner", "Scan Direction": "Forward", "Index Name": "idx_orders_custkey", "Relation Name": "orders", "Alias": "orders", "Startup Cost": 0.0, "Total Cost": 1.24, "Plan Rows": 1, "Plan Width": 16, "Index Cond": "(o_custkey = customer.c_custkey)", "Filter": "((o_orderdate >= '1994-01-01 00:00:00'::timestamp(0) without time zone) AND (o_orderdate < '1995-01-01 00:00:00'::timestamp without time zone))"}]}, {"Node Type": "Index Scan", "Parent Relationship": "Inner", "Scan Direction": "Forward", "Index Name": "idx_lineitem_orderkey", "Relation Name": "lineitem", "Alias": "lineitem", "Startup Cost": 0.0, "Total Cost": 3.05, "Plan Rows": 9, "Plan Width": 32, "Index Cond": "(l_orderkey = orders.o_orderkey)"}]}, {"Node Type": "Hash", "Parent Relationship": "Inner", "Startup Cost": 5334.54, "Total Cost": 5334.54, "Plan Rows": 100000, "Plan Width": 12, "Plans": [{"Node Type": "Index Scan", "Parent Relationship": "Outer", "Scan Direction": "Forward", "Index Name": "supplier_pkey", "Relation Name": "supplier", "Alias": "supplier", "Startup Cost": 0.0, "Total Cost": 5334.54, "Plan Rows": 100000, "Plan Width": 12}]}]}]}]}, "Unique SQL Id": 1392561963}, "explain_analyze_plan": {"Plan": {"Node Type": "Sort", "Startup Cost": 1722787.59, "Total Cost": 1722787.65, "Plan Rows": 25, "Plan Width": 42, "Actual Startup Time": 16243.883, "Actual Total Time": 16243.884, "Actual Rows": 5, "Actual Loops": 1, "Sort Key": ["(sum((lineitem.l_extendedprice * (1::double precision - lineitem.l_discount)))) DESC"], "Sort Method": "quicksort", "Sort Space Used": 25, "Sort Space Type": "Memory", "Plans": [{"Node Type": "Aggregate", "Strategy": "Hashed", "Parent Relationship": "Outer", "Startup Cost": 1722786.76, "Total Cost": 1722787.01, "Plan Rows": 25, "Plan Width": 42, "Actual Startup Time": 16243.848, "Actual Total Time": 16243.849, "Actual Rows": 5, "Actual Loops": 1, "Group By Key": ["nation.n_name"], "Plans": [{"Node Type": "Hash Join", "Parent Relationship": "Outer", "Join Type": "Inner", "Startup Cost": 7864.91, "Total Cost": 1722692.86, "Plan Rows": 9390, "Plan Width": 42, "Actual Startup Time": 111.009, "Actual Total Time": 16162.676, "Actual Rows": 72985, "Actual Loops": 1, "Inner Unique": true, "Hash Cond": "((lineitem.l_suppkey = supplier.s_suppkey) AND (customer.c_nationkey = supplier.s_nationkey))", "Plans": [{"Node Type": "Nested Loop", "Parent Relationship": "Outer", "Join Type": "Inner", "Startup Cost": 1030.37, "Total Cost": 1688097.31, "Plan Rows": 3688948, "Plan Width": 58, "Actual Startup Time": 19.021, "Actual Total Time": 15265.743, "Actual Rows": 1815222, "Actual Loops": 1, "Inner Unique": false, "Plans": [{"Node Type": "Nested Loop", "Parent Relationship": "Outer", "Join Type": "Inner", "Startup Cost": 1030.37, "Total Cost": 412302.9, "Plan Rows": 406290, "Plan Width": 42, "Actual Startup Time": 19.001, "Actual Total Time": 9479.756, "Actual Rows": 454183, "Actual Loops": 1, "Inner Unique": false, "Plans": [{"Node Type": "Nested Loop", "Parent Relationship": "Outer", "Join Type": "Inner", "Startup Cost": 1030.37, "Total Cost": 37194.1, "Plan Rows": 300000, "Plan Width": 42, "Actual Startup Time": 18.926, "Actual Total Time": 651.021, "Actual Rows": 299838, "Actual Loops": 1, "Inner Unique": false, "Plans": [{"Node Type": "Nested Loop", "Parent Relationship": "Outer", "Join Type": "Inner", "Startup Cost": 0.0, "Total Cost": 31.69, "Plan Rows": 5, "Plan Width": 30, "Actual Startup Time": 0.043, "Actual Total Time": 0.312, "Actual Rows": 5, "Actual Loops": 1, "Inner Unique": true, "Plans": [{"Node Type": "Index Scan", "Parent Relationship": "Outer", "Scan Direction": "Forward", "Index Name": "nation_pkey", "Relation Name": "nation", "Alias": "nation", "Startup Cost": 0.0, "Total Cost": 12.62, "Plan Rows": 25, "Plan Width": 34, "Actual Startup Time": 0.012, "Actual Total Time": 0.043, "Actual Rows": 25, "Actual Loops": 1}, {"Node Type": "Index Scan", "Parent Relationship": "Inner", "Scan Direction": "Forward", "Index Name": "region_pkey", "Relation Name": "region", "Alias": "region", "Startup Cost": 0.0, "Total Cost": 0.75, "Plan Rows": 1, "Plan Width": 4, "Actual Startup Time": 0.208, "Actual Total Time": 0.208, "Actual Rows": 5, "Actual Loops": 25, "Index Cond": "(r_regionkey = nation.n_regionkey)", "Rows Removed by Index Recheck": 0, "Filter": "(r_name = 'MIDDLE EAST'::bpchar)", "Rows Removed by Filter": 20}]}, {"Node Type": "Bitmap Heap Scan", "Parent Relationship": "Inner", "Relation Name": "customer", "Alias": "customer", "Startup Cost": 1030.37, "Total Cost": 6832.48, "Plan Rows": 60000, "Plan Width": 12, "Actual Startup Time": 89.534, "Actual Total Time": 576.737, "Actual Rows": 299838, "Actual Loops": 5, "Recheck Cond": "(c_nationkey = nation.n_nationkey)", "Rows Removed by Index Recheck": 0, "Exact Heap Blocks": 150033, "Lossy Heap Blocks": 150033, "Plans": [{"Node Type": "Bitmap Index Scan", "Parent Relationship": "Outer", "Index Name": "idx_customer_nationkey", "Startup Cost": 0.0, "Total Cost": 1015.37, "Plan Rows": 60000, "Plan Width": 0, "Actual Startup Time": 56.528, "Actual Total Time": 56.528, "Actual Rows": 299838, "Actual Loops": 5, "Index Cond": "(c_nationkey = nation.n_nationkey)"}]}]}, {"Node Type": "Index Scan", "Parent Relationship": "Inner", "Scan Direction": "Forward", "Index Name": "idx_orders_custkey", "Relation Name": "orders", "Alias": "orders", "Startup Cost": 0.0, "Total Cost": 1.24, "Plan Rows": 1, "Plan Width": 16, "Actual Startup Time": 4048.844, "Actual Total Time": 8565.536, "Actual Rows": 454183, "Actual Loops": 299838, "Index Cond": "(o_custkey = customer.c_custkey)", "Rows Removed by Index Recheck": 0, "Filter": "((o_orderdate >= '1994-01-01 00:00:00'::timestamp(0) without time zone) AND (o_orderdate < '1995-01-01 00:00:00'::timestamp without time zone))", "Rows Removed by Filter": 2542535}]}, {"Node Type": "Index Scan", "Parent Relationship": "Inner", "Scan Direction": "Forward", "Index Name": "idx_lineitem_orderkey", "Relation Name": "lineitem", "Alias": "lineitem", "Startup Cost": 0.0, "Total Cost": 3.05, "Plan Rows": 9, "Plan Width": 32, "Actual Startup Time": 4193.512, "Actual Total Time": 5139.611, "Actual Rows": 1815222, "Actual Loops": 454183, "Index Cond": "(l_orderkey = orders.o_orderkey)", "Rows Removed by Index Recheck": 0}]}, {"Node Type": "Hash", "Parent Relationship": "Inner", "Startup Cost": 5334.54, "Total Cost": 5334.54, "Plan Rows": 100000, "Plan Width": 12, "Actual Startup Time": 91.755, "Actual Total Time": 91.755, "Actual Rows": 100000, "Actual Loops": 1, "Hash Buckets": 131072, "Hash Batches": 1, "Original Hash Batches": 1, "Peak Memory Usage": 4297, "Plans": [{"Node Type": "Index Scan", "Parent Relationship": "Outer", "Scan Direction": "Forward", "Index Name": "supplier_pkey", "Relation Name": "supplier", "Alias": "supplier", "Startup Cost": 0.0, "Total Cost": 5334.54, "Plan Rows": 100000, "Plan Width": 12, "Actual Startup Time": 0.025, "Actual Total Time": 59.642, "Actual Rows": 100000, "Actual Loops": 1}]}]}]}]}, "Triggers": [], "Planner Runtime": 6.823, "Total Runtime": 16244.303, "Unique SQL Id": 1392561963}}, "(1, 66)": {"explain_plan": {"Plan": {"Node Type": "Sort", "Startup Cost": 2457247.05, "Total Cost": 2457247.11, "Plan Rows": 25, "Plan Width": 42, "Sort Key": ["(sum((lineitem.l_extendedprice * (1::double precision - lineitem.l_discount)))) DESC"], "Plans": [{"Node Type": "Aggregate", "Strategy": "Hashed", "Parent Relationship": "Outer", "Startup Cost": 2457246.22, "Total Cost": 2457246.47, "Plan Rows": 25, "Plan Width": 42, "Group By Key": ["nation.n_name"], "Plans": [{"Node Type": "Hash Join", "Parent Relationship": "Outer", "Join Type": "Inner", "Startup Cost": 104058.84, "Total Cost": 2457152.32, "Plan Rows": 9390, "Plan Width": 42, "Inner Unique": true, "Hash Cond": "((lineitem.l_suppkey = supplier.s_suppkey) AND (customer.c_nationkey = supplier.s_nationkey))", "Plans": [{"Node Type": "Nested Loop", "Parent Relationship": "Outer", "Join Type": "Inner", "Startup Cost": 99275.84, "Total Cost": 2424608.31, "Plan Rows": 3688948, "Plan Width": 58, "Inner Unique": false, "Plans": [{"Node Type": "Hash Join", "Parent Relationship": "Outer", "Join Type": "Inner", "Startup Cost": 99275.12, "Total Cost": 422539.98, "Plan Rows": 406290, "Plan Width": 42, "Inner Unique": false, "Hash Cond": "(orders.o_custkey = customer.c_custkey), (LLVM Optimized)", "Plans": [{"Node Type": "Bitmap Heap Scan", "Parent Relationship": "Outer", "Relation Name": "orders", "Alias": "orders", "Startup Cost": 58360.27, "Total Cost": 369005.64, "Plan Rows": 2281758, "Plan Width": 16, "Recheck Cond": "((o_orderdate >= '1994-01-01 00:00:00'::timestamp(0) without time zone) AND (o_orderdate < '1995-01-01 00:00:00'::timestamp without time zone)), (LLVM Optimized)", "Plans": [{"Node Type": "Bitmap Index Scan", "Parent Relationship": "Outer", "Index Name": "idx_orders_orderdate", "Startup Cost": 0.0, "Total Cost": 57789.83, "Plan Rows": 2281758, "Plan Width": 0, "Index Cond": "((o_orderdate >= '1994-01-01 00:00:00'::timestamp(0) without time zone) AND (o_orderdate < '1995-01-01 00:00:00'::timestamp without time zone))"}]}, {"Node Type": "Hash", "Parent Relationship": "Inner", "Startup Cost": 37164.85, "Total Cost": 37164.85, "Plan Rows": 300000, "Plan Width": 42, "Plans": [{"Node Type": "Nested Loop", "Parent Relationship": "Outer", "Join Type": "Inner", "Startup Cost": 1031.44, "Total Cost": 37164.85, "Plan Rows": 300000, "Plan Width": 42, "Inner Unique": false, "Plans": [{"Node Type": "Hash Join", "Parent Relationship": "Outer", "Join Type": "Inner", "Startup Cost": 1.07, "Total Cost": 2.44, "Plan Rows": 5, "Plan Width": 30, "Inner Unique": true, "Hash Cond": "(nation.n_regionkey = region.r_regionkey)", "Plans": [{"Node Type": "Seq Scan", "Parent Relationship": "Outer", "Relation Name": "nation", "Alias": "nation", "Startup Cost": 0.0, "Total Cost": 1.25, "Plan Rows": 25, "Plan Width": 34}, {"Node Type": "Hash", "Parent Relationship": "Inner", "Startup Cost": 1.06, "Total Cost": 1.06, "Plan Rows": 1, "Plan Width": 4, "Plans": [{"Node Type": "Seq Scan", "Parent Relationship": "Outer", "Relation Name": "region", "Alias": "region", "Startup Cost": 0.0, "Total Cost": 1.06, "Plan Rows": 1, "Plan Width": 4, "Filter": "(r_name = 'MIDDLE EAST'::bpchar)"}]}]}, {"Node Type": "Bitmap Heap Scan", "Parent Relationship": "Inner", "Relation Name": "customer", "Alias": "customer", "Startup Cost": 1030.37, "Total Cost": 6832.48, "Plan Rows": 60000, "Plan Width": 12, "Recheck Cond": "(c_nationkey = nation.n_nationkey)", "Plans": [{"Node Type": "Bitmap Index Scan", "Parent Relationship": "Outer", "Index Name": "idx_customer_nationkey", "Startup Cost": 0.0, "Total Cost": 1015.37, "Plan Rows": 60000, "Plan Width": 0, "Index Cond": "(c_nationkey = nation.n_nationkey)"}]}]}]}]}, {"Node Type": "Bitmap Heap Scan", "Parent Relationship": "Inner", "Relation Name": "lineitem", "Alias": "lineitem", "Startup Cost": 0.73, "Total Cost": 4.84, "Plan Rows": 9, "Plan Width": 32, "Recheck Cond": "(l_orderkey = orders.o_orderkey)", "Plans": [{"Node Type": "Bitmap Index Scan", "Parent Relationship": "Outer", "Index Name": "idx_lineitem_orderkey", "Startup Cost": 0.0, "Total Cost": 0.72, "Plan Rows": 9, "Plan Width": 0, "Index Cond": "(l_orderkey = orders.o_orderkey)"}]}]}, {"Node Type": "Hash", "Parent Relationship": "Inner", "Startup Cost": 3283.0, "Total Cost": 3283.0, "Plan Rows": 100000, "Plan Width": 12, "Plans": [{"Node Type": "Seq Scan", "Parent Relationship": "Outer", "Relation Name": "supplier", "Alias": "supplier", "Startup Cost": 0.0, "Total Cost": 3283.0, "Plan Rows": 100000, "Plan Width": 12}]}]}]}]}, "Unique SQL Id": 1392561963}, "explain_analyze_plan": {"Plan": {"Node Type": "Sort", "Startup Cost": 2457247.05, "Total Cost": 2457247.11, "Plan Rows": 25, "Plan Width": 42, "Actual Startup Time": 10016.715, "Actual Total Time": 10016.716, "Actual Rows": 5, "Actual Loops": 1, "Sort Key": ["(sum((lineitem.l_extendedprice * (1::double precision - lineitem.l_discount)))) DESC"], "Sort Method": "quicksort", "Sort Space Used": 25, "Sort Space Type": "Memory", "Plans": [{"Node Type": "Aggregate", "Strategy": "Hashed", "Parent Relationship": "Outer", "Startup Cost": 2457246.22, "Total Cost": 2457246.47, "Plan Rows": 25, "Plan Width": 42, "Actual Startup Time": 10016.685, "Actual Total Time": 10016.685, "Actual Rows": 5, "Actual Loops": 1, "Group By Key": ["nation.n_name"], "Plans": [{"Node Type": "Hash Join", "Parent Relationship": "Outer", "Join Type": "Inner", "Startup Cost": 104058.84, "Total Cost": 2457152.32, "Plan Rows": 9390, "Plan Width": 42, "Actual Startup Time": 1421.213, "Actual Total Time": 9937.329, "Actual Rows": 72985, "Actual Loops": 1, "Inner Unique": true, "Hash Cond": "((lineitem.l_suppkey = supplier.s_suppkey) AND (customer.c_nationkey = supplier.s_nationkey))", "Plans": [{"Node Type": "Nested Loop", "Parent Relationship": "Outer", "Join Type": "Inner", "Startup Cost": 99275.84, "Total Cost": 2424608.31, "Plan Rows": 3688948, "Plan Width": 58, "Actual Startup Time": 1353.747, "Actual Total Time": 9142.644, "Actual Rows": 1815222, "Actual Loops": 1, "Inner Unique": false, "Plans": [{"Node Type": "Hash Join", "Parent Relationship": "Outer", "Join Type": "Inner", "Startup Cost": 99275.12, "Total Cost": 422539.98, "Plan Rows": 406290, "Plan Width": 42, "Actual Startup Time": 1353.679, "Actual Total Time": 4183.794, "Actual Rows": 454183, "Actual Loops": 1, "Inner Unique": false, "Hash Cond": "(orders.o_custkey = customer.c_custkey), (LLVM Optimized, Jit Execute)", "Plans": [{"Node Type": "Bitmap Heap Scan", "Parent Relationship": "Outer", "Relation Name": "orders", "Alias": "orders", "Startup Cost": 58360.27, "Total Cost": 369005.64, "Plan Rows": 2281758, "Plan Width": 16, "Actual Startup Time": 705.311, "Actual Total Time": 2424.409, "Actual Rows": 2275919, "Actual Loops": 1, "Recheck Cond": "((o_orderdate >= '1994-01-01 00:00:00'::timestamp(0) without time zone) AND (o_orderdate < '1995-01-01 00:00:00'::timestamp without time zone)), (LLVM Optimized, Jit Execute)", "Rows Removed by Index Recheck": 0, "Exact Heap Blocks": 276381, "Lossy Heap Blocks": 276381, "Plans": [{"Node Type": "Bitmap Index Scan", "Parent Relationship": "Outer", "Index Name": "idx_orders_orderdate", "Startup Cost": 0.0, "Total Cost": 57789.83, "Plan Rows": 2281758, "Plan Width": 0, "Actual Startup Time": 616.82, "Actual Total Time": 616.82, "Actual Rows": 2275919, "Actual Loops": 1, "Index Cond": "((o_orderdate >= '1994-01-01 00:00:00'::timestamp(0) without time zone) AND (o_orderdate < '1995-01-01 00:00:00'::timestamp without time zone))"}]}, {"Node Type": "Hash", "Parent Relationship": "Inner", "Startup Cost": 37164.85, "Total Cost": 37164.85, "Plan Rows": 300000, "Plan Width": 42, "Actual Startup Time": 647.953, "Actual Total Time": 647.953, "Actual Rows": 299838, "Actual Loops": 1, "Hash Buckets": 524288, "Hash Batches": 1, "Original Hash Batches": 1, "Peak Memory Usage": 22254, "Plans": [{"Node Type": "Nested Loop", "Parent Relationship": "Outer", "Join Type": "Inner", "Startup Cost": 1031.44, "Total Cost": 37164.85, "Plan Rows": 300000, "Plan Width": 42, "Actual Startup Time": 19.353, "Actual Total Time": 537.178, "Actual Rows": 299838, "Actual Loops": 1, "Inner Unique": false, "Plans": [{"Node Type": "Hash Join", "Parent Relationship": "Outer", "Join Type": "Inner", "Startup Cost": 1.07, "Total Cost": 2.44, "Plan Rows": 5, "Plan Width": 30, "Actual Startup Time": 0.102, "Actual Total Time": 0.177, "Actual Rows": 5, "Actual Loops": 1, "Inner Unique": true, "Hash Cond": "(nation.n_regionkey = region.r_regionkey)", "Plans": [{"Node Type": "Seq Scan", "Parent Relationship": "Outer", "Relation Name": "nation", "Alias": "nation", "Startup Cost": 0.0, "Total Cost": 1.25, "Plan Rows": 25, "Plan Width": 34, "Actual Startup Time": 0.017, "Actual Total Time": 0.039, "Actual Rows": 25, "Actual Loops": 1}, {"Node Type": "Hash", "Parent Relationship": "Inner", "Startup Cost": 1.06, "Total Cost": 1.06, "Plan Rows": 1, "Plan Width": 4, "Actual Startup Time": 0.032, "Actual Total Time": 0.032, "Actual Rows": 1, "Actual Loops": 1, "Hash Buckets": 32768, "Hash Batches": 1, "Original Hash Batches": 1, "Peak Memory Usage": 1, "Plans": [{"Node Type": "Seq Scan", "Parent Relationship": "Outer", "Relation Name": "region", "Alias": "region", "Startup Cost": 0.0, "Total Cost": 1.06, "Plan Rows": 1, "Plan Width": 4, "Actual Startup Time": 0.025, "Actual Total Time": 0.026, "Actual Rows": 1, "Actual Loops": 1, "Filter": "(r_name = 'MIDDLE EAST'::bpchar)", "Rows Removed by Filter": 4}]}]}, {"Node Type": "Bitmap Heap Scan", "Parent Relationship": "Inner", "Relation Name": "customer", "Alias": "customer", "Startup Cost": 1030.37, "Total Cost": 6832.48, "Plan Rows": 60000, "Plan Width": 12, "Actual Startup Time": 90.117, "Actual Total Time": 468.891, "Actual Rows": 299838, "Actual Loops": 5, "Recheck Cond": "(c_nationkey = nation.n_nationkey)", "Rows Removed by Index Recheck": 0, "Exact Heap Blocks": 150033, "Lossy Heap Blocks": 150033, "Plans": [{"Node Type": "Bitmap Index Scan", "Parent Relationship": "Outer", "Index Name": "idx_customer_nationkey", "Startup Cost": 0.0, "Total Cost": 1015.37, "Plan Rows": 60000, "Plan Width": 0, "Actual Startup Time": 57.226, "Actual Total Time": 57.226, "Actual Rows": 299838, "Actual Loops": 5, "Index Cond": "(c_nationkey = nation.n_nationkey)"}]}]}]}]}, {"Node Type": "Bitmap Heap Scan", "Parent Relationship": "Inner", "Relation Name": "lineitem", "Alias": "lineitem", "Startup Cost": 0.73, "Total Cost": 4.84, "Plan Rows": 9, "Plan Width": 32, "Actual Startup Time": 3732.72, "Actual Total Time": 4049.051, "Actual Rows": 1815222, "Actual Loops": 454183, "Recheck Cond": "(l_orderkey = orders.o_orderkey)", "Rows Removed by Index Recheck": 0, "Exact Heap Blocks": 486530, "Lossy Heap Blocks": 486530, "Plans": [{"Node Type": "Bitmap Index Scan", "Parent Relationship": "Outer", "Index Name": "idx_lineitem_orderkey", "Startup Cost": 0.0, "Total Cost": 0.72, "Plan Rows": 9, "Plan Width": 0, "Actual Startup Time": 2078.6, "Actual Total Time": 2078.6, "Actual Rows": 1815222, "Actual Loops": 454183, "Index Cond": "(l_orderkey = orders.o_orderkey)"}]}]}, {"Node Type": "Hash", "Parent Relationship": "Inner", "Startup Cost": 3283.0, "Total Cost": 3283.0, "Plan Rows": 100000, "Plan Width": 12, "Actual Startup Time": 67.318, "Actual Total Time": 67.318, "Actual Rows": 100000, "Actual Loops": 1, "Hash Buckets": 131072, "Hash Batches": 1, "Original Hash Batches": 1, "Peak Memory Usage": 4297, "Plans": [{"Node Type": "Seq Scan", "Parent Relationship": "Outer", "Relation Name": "supplier", "Alias": "supplier", "Startup Cost": 0.0, "Total Cost": 3283.0, "Plan Rows": 100000, "Plan Width": 12, "Actual Startup Time": 0.029, "Actual Total Time": 36.397, "Actual Rows": 100000, "Actual Loops": 1}]}]}]}]}, "Triggers": [], "Planner Runtime": 6.272, "Total Runtime": 10026.442, "Unique SQL Id": 1392561963}}, "(1, 67)": {"explain_plan": {"Plan": {"Node Type": "Sort", "Startup Cost": 46003135.57, "Total Cost": 46003135.63, "Plan Rows": 25, "Plan Width": 42, "Sort Key": ["(sum((lineitem.l_extendedprice * (1::double precision - lineitem.l_discount)))) DESC"], "Plans": [{"Node Type": "Aggregate", "Strategy": "Hashed", "Parent Relationship": "Outer", "Startup Cost": 46003134.74, "Total Cost": 46003134.99, "Plan Rows": 25, "Plan Width": 42, "Group By Key": ["nation.n_name"], "Plans": [{"Node Type": "Nested Loop", "Parent Relationship": "Outer", "Join Type": "Inner", "Startup Cost": 58362.35, "Total Cost": 46003040.84, "Plan Rows": 9390, "Plan Width": 42, "Inner Unique": true, "Join Filter": "(customer.c_nationkey = supplier.s_nationkey)", "Plans": [{"Node Type": "Nested Loop", "Parent Relationship": "Outer", "Join Type": "Inner", "Startup Cost": 58362.1, "Total Cost": 30204103.6, "Plan Rows": 3688948, "Plan Width": 58, "Inner Unique": false, "Plans": [{"Node Type": "Nested Loop", "Parent Relationship": "Outer", "Join Type": "Inner", "Startup Cost": 58361.37, "Total Cost": 28202035.27, "Plan Rows": 406290, "Plan Width": 42, "Inner Unique": true, "Plans": [{"Node Type": "Nested Loop", "Parent Relationship": "Outer", "Join Type": "Inner", "Startup Cost": 58360.79, "Total Cost": 18851769.58, "Plan Rows": 2031452, "Plan Width": 46, "Inner Unique": true, "Plans": [{"Node Type": "Nested Loop", "Parent Relationship": "Outer", "Join Type": "Inner", "Startup Cost": 58360.54, "Total Cost": 10156636.32, "Plan Rows": 2031452, "Plan Width": 12, "Inner Unique": true, "Plans": [{"Node Type": "Bitmap Heap Scan", "Parent Relationship": "Outer", "Relation Name": "orders", "Alias": "orders", "Startup Cost": 58360.27, "Total Cost": 369005.64, "Plan Rows": 2281758, "Plan Width": 16, "Recheck Cond": "((o_orderdate >= '1994-01-01 00:00:00'::timestamp(0) without time zone) AND (o_orderdate < '1995-01-01 00:00:00'::timestamp without time zone)), (LLVM Optimized)", "Plans": [{"Node Type": "Bitmap Index Scan", "Parent Relationship": "Outer", "Index Name": "idx_orders_orderdate", "Startup Cost": 0.0, "Total Cost": 57789.83, "Plan Rows": 2281758, "Plan Width": 0, "Index Cond": "((o_orderdate >= '1994-01-01 00:00:00'::timestamp(0) without time zone) AND (o_orderdate < '1995-01-01 00:00:00'::timestamp without time zone))"}]}, {"Node Type": "Bitmap Heap Scan", "Parent Relationship": "Inner", "Relation Name": "customer", "Alias": "customer", "Startup Cost": 0.27, "Total Cost": 4.28, "Plan Rows": 1, "Plan Width": 12, "Recheck Cond": "(c_custkey = orders.o_custkey)", "Plans": [{"Node Type": "Bitmap Index Scan", "Parent Relationship": "Outer", "Index Name": "customer_pkey", "Startup Cost": 0.0, "Total Cost": 0.27, "Plan Rows": 1, "Plan Width": 0, "Index Cond": "(c_custkey = orders.o_custkey)"}]}]}, {"Node Type": "Bitmap Heap Scan", "Parent Relationship": "Inner", "Relation Name": "nation", "Alias": "nation", "Startup Cost": 0.26, "Total Cost": 4.27, "Plan Rows": 1, "Plan Width": 34, "Recheck Cond": "(n_nationkey = customer.c_nationkey)", "Plans": [{"Node Type": "Bitmap Index Scan", "Parent Relationship": "Outer", "Index Name": "nation_pkey", "Startup Cost": 0.0, "Total Cost": 0.26, "Plan Rows": 1, "Plan Width": 0, "Index Cond": "(n_nationkey = customer.c_nationkey)"}]}]}, {"Node Type": "Bitmap Heap Scan", "Parent Relationship": "Inner", "Relation Name": "region", "Alias": "region", "Startup Cost": 0.58, "Total Cost": 4.59, "Plan Rows": 1, "Plan Width": 4, "Recheck Cond": "(r_regionkey = nation.n_regionkey)", "Filter": "(r_name = 'MIDDLE EAST'::bpchar)", "Plans": [{"Node Type": "Bitmap Index Scan", "Parent Relationship": "Outer", "Index Name": "region_pkey", "Startup Cost": 0.0, "Total Cost": 0.58, "Plan Rows": 1, "Plan Width": 0, "Index Cond": "(r_regionkey = nation.n_regionkey)"}]}]}, {"Node Type": "Bitmap Heap Scan", "Parent Relationship": "Inner", "Relation Name": "lineitem", "Alias": "lineitem", "Startup Cost": 0.73, "Total Cost": 4.84, "Plan Rows": 9, "Plan Width": 32, "Recheck Cond": "(l_orderkey = orders.o_orderkey)", "Plans": [{"Node Type": "Bitmap Index Scan", "Parent Relationship": "Outer", "Index Name": "idx_lineitem_orderkey", "Startup Cost": 0.0, "Total Cost": 0.72, "Plan Rows": 9, "Plan Width": 0, "Index Cond": "(l_orderkey = orders.o_orderkey)"}]}]}, {"Node Type": "Bitmap Heap Scan", "Parent Relationship": "Inner", "Relation Name": "supplier", "Alias": "supplier", "Startup Cost": 0.26, "Total Cost": 4.27, "Plan Rows": 1, "Plan Width": 12, "Recheck Cond": "(s_suppkey = lineitem.l_suppkey)", "Plans": [{"Node Type": "Bitmap Index Scan", "Parent Relationship": "Outer", "Index Name": "supplier_pkey", "Startup Cost": 0.0, "Total Cost": 0.26, "Plan Rows": 1, "Plan Width": 0, "Index Cond": "(s_suppkey = lineitem.l_suppkey)"}]}]}]}]}, "Unique SQL Id": 1392561963}, "explain_analyze_plan": null}, "(1, 68)": {"explain_plan": {"Plan": {"Node Type": "Sort", "Startup Cost": 1720736.05, "Total Cost": 1720736.11, "Plan Rows": 25, "Plan Width": 42, "Sort Key": ["(sum((lineitem.l_extendedprice * (1::double precision - lineitem.l_discount)))) DESC"], "Plans": [{"Node Type": "Aggregate", "Strategy": "Hashed", "Parent Relationship": "Outer", "Startup Cost": 1720735.22, "Total Cost": 1720735.47, "Plan Rows": 25, "Plan Width": 42, "Group By Key": ["nation.n_name"], "Plans": [{"Node Type": "Hash Join", "Parent Relationship": "Outer", "Join Type": "Inner", "Startup Cost": 5813.37, "Total Cost": 1720641.32, "Plan Rows": 9390, "Plan Width": 42, "Inner Unique": true, "Hash Cond": "((lineitem.l_suppkey = supplier.s_suppkey) AND (customer.c_nationkey = supplier.s_nationkey))", "Plans": [{"Node Type": "Nested Loop", "Parent Relationship": "Outer", "Join Type": "Inner", "Startup Cost": 1030.37, "Total Cost": 1688097.31, "Plan Rows": 3688948, "Plan Width": 58, "Inner Unique": false, "Plans": [{"Node Type": "Nested Loop", "Parent Relationship": "Outer", "Join Type": "Inner", "Startup Cost": 1030.37, "Total Cost": 412302.9, "Plan Rows": 406290, "Plan Width": 42, "Inner Unique": false, "Plans": [{"Node Type": "Nested Loop", "Parent Relationship": "Outer", "Join Type": "Inner", "Startup Cost": 1030.37, "Total Cost": 37194.1, "Plan Rows": 300000, "Plan Width": 42, "Inner Unique": false, "Plans": [{"Node Type": "Nested Loop", "Parent Relationship": "Outer", "Join Type": "Inner", "Startup Cost": 0.0, "Total Cost": 31.69, "Plan Rows": 5, "Plan Width": 30, "Inner Unique": true, "Plans": [{"Node Type": "Index Scan", "Parent Relationship": "Outer", "Scan Direction": "Forward", "Index Name": "nation_pkey", "Relation Name": "nation", "Alias": "nation", "Startup Cost": 0.0, "Total Cost": 12.62, "Plan Rows": 25, "Plan Width": 34}, {"Node Type": "Index Scan", "Parent Relationship": "Inner", "Scan Direction": "Forward", "Index Name": "region_pkey", "Relation Name": "region", "Alias": "region", "Startup Cost": 0.0, "Total Cost": 0.75, "Plan Rows": 1, "Plan Width": 4, "Index Cond": "(r_regionkey = nation.n_regionkey)", "Filter": "(r_name = 'MIDDLE EAST'::bpchar)"}]}, {"Node Type": "Bitmap Heap Scan", "Parent Relationship": "Inner", "Relation Name": "customer", "Alias": "customer", "Startup Cost": 1030.37, "Total Cost": 6832.48, "Plan Rows": 60000, "Plan Width": 12, "Recheck Cond": "(c_nationkey = nation.n_nationkey)", "Plans": [{"Node Type": "Bitmap Index Scan", "Parent Relationship": "Outer", "Index Name": "idx_customer_nationkey", "Startup Cost": 0.0, "Total Cost": 1015.37, "Plan Rows": 60000, "Plan Width": 0, "Index Cond": "(c_nationkey = nation.n_nationkey)"}]}]}, {"Node Type": "Index Scan", "Parent Relationship": "Inner", "Scan Direction": "Forward", "Index Name": "idx_orders_custkey", "Relation Name": "orders", "Alias": "orders", "Startup Cost": 0.0, "Total Cost": 1.24, "Plan Rows": 1, "Plan Width": 16, "Index Cond": "(o_custkey = customer.c_custkey)", "Filter": "((o_orderdate >= '1994-01-01 00:00:00'::timestamp(0) without time zone) AND (o_orderdate < '1995-01-01 00:00:00'::timestamp without time zone))"}]}, {"Node Type": "Index Scan", "Parent Relationship": "Inner", "Scan Direction": "Forward", "Index Name": "idx_lineitem_orderkey", "Relation Name": "lineitem", "Alias": "lineitem", "Startup Cost": 0.0, "Total Cost": 3.05, "Plan Rows": 9, "Plan Width": 32, "Index Cond": "(l_orderkey = orders.o_orderkey)"}]}, {"Node Type": "Hash", "Parent Relationship": "Inner", "Startup Cost": 3283.0, "Total Cost": 3283.0, "Plan Rows": 100000, "Plan Width": 12, "Plans": [{"Node Type": "Seq Scan", "Parent Relationship": "Outer", "Relation Name": "supplier", "Alias": "supplier", "Startup Cost": 0.0, "Total Cost": 3283.0, "Plan Rows": 100000, "Plan Width": 12}]}]}]}]}, "Unique SQL Id": 1392561963}, "explain_analyze_plan": {"Plan": {"Node Type": "Sort", "Startup Cost": 1720736.05, "Total Cost": 1720736.11, "Plan Rows": 25, "Plan Width": 42, "Actual Startup Time": 16544.983, "Actual Total Time": 16544.983, "Actual Rows": 5, "Actual Loops": 1, "Sort Key": ["(sum((lineitem.l_extendedprice * (1::double precision - lineitem.l_discount)))) DESC"], "Sort Method": "quicksort", "Sort Space Used": 25, "Sort Space Type": "Memory", "Plans": [{"Node Type": "Aggregate", "Strategy": "Hashed", "Parent Relationship": "Outer", "Startup Cost": 1720735.22, "Total Cost": 1720735.47, "Plan Rows": 25, "Plan Width": 42, "Actual Startup Time": 16544.953, "Actual Total Time": 16544.955, "Actual Rows": 5, "Actual Loops": 1, "Group By Key": ["nation.n_name"], "Plans": [{"Node Type": "Hash Join", "Parent Relationship": "Outer", "Join Type": "Inner", "Startup Cost": 5813.37, "Total Cost": 1720641.32, "Plan Rows": 9390, "Plan Width": 42, "Actual Startup Time": 86.699, "Actual Total Time": 16463.327, "Actual Rows": 72985, "Actual Loops": 1, "Inner Unique": true, "Hash Cond": "((lineitem.l_suppkey = supplier.s_suppkey) AND (customer.c_nationkey = supplier.s_nationkey))", "Plans": [{"Node Type": "Nested Loop", "Parent Relationship": "Outer", "Join Type": "Inner", "Startup Cost": 1030.37, "Total Cost": 1688097.31, "Plan Rows": 3688948, "Plan Width": 58, "Actual Startup Time": 19.479, "Actual Total Time": 15575.506, "Actual Rows": 1815222, "Actual Loops": 1, "Inner Unique": false, "Plans": [{"Node Type": "Nested Loop", "Parent Relationship": "Outer", "Join Type": "Inner", "Startup Cost": 1030.37, "Total Cost": 412302.9, "Plan Rows": 406290, "Plan Width": 42, "Actual Startup Time": 19.46, "Actual Total Time": 9685.85, "Actual Rows": 454183, "Actual Loops": 1, "Inner Unique": false, "Plans": [{"Node Type": "Nested Loop", "Parent Relationship": "Outer", "Join Type": "Inner", "Startup Cost": 1030.37, "Total Cost": 37194.1, "Plan Rows": 300000, "Plan Width": 42, "Actual Startup Time": 19.379, "Actual Total Time": 663.837, "Actual Rows": 299838, "Actual Loops": 1, "Inner Unique": false, "Plans": [{"Node Type": "Nested Loop", "Parent Relationship": "Outer", "Join Type": "Inner", "Startup Cost": 0.0, "Total Cost": 31.69, "Plan Rows": 5, "Plan Width": 30, "Actual Startup Time": 0.045, "Actual Total Time": 0.207, "Actual Rows": 5, "Actual Loops": 1, "Inner Unique": true, "Plans": [{"Node Type": "Index Scan", "Parent Relationship": "Outer", "Scan Direction": "Forward", "Index Name": "nation_pkey", "Relation Name": "nation", "Alias": "nation", "Startup Cost": 0.0, "Total Cost": 12.62, "Plan Rows": 25, "Plan Width": 34, "Actual Startup Time": 0.013, "Actual Total Time": 0.05, "Actual Rows": 25, "Actual Loops": 1}, {"Node Type": "Index Scan", "Parent Relationship": "Inner", "Scan Direction": "Forward", "Index Name": "region_pkey", "Relation Name": "region", "Alias": "region", "Startup Cost": 0.0, "Total Cost": 0.75, "Plan Rows": 1, "Plan Width": 4, "Actual Startup Time": 0.095, "Actual Total Time": 0.095, "Actual Rows": 5, "Actual Loops": 25, "Index Cond": "(r_regionkey = nation.n_regionkey)", "Rows Removed by Index Recheck": 0, "Filter": "(r_name = 'MIDDLE EAST'::bpchar)", "Rows Removed by Filter": 20}]}, {"Node Type": "Bitmap Heap Scan", "Parent Relationship": "Inner", "Relation Name": "customer", "Alias": "customer", "Startup Cost": 1030.37, "Total Cost": 6832.48, "Plan Rows": 60000, "Plan Width": 12, "Actual Startup Time": 92.441, "Actual Total Time": 588.913, "Actual Rows": 299838, "Actual Loops": 5, "Recheck Cond": "(c_nationkey = nation.n_nationkey)", "Rows Removed by Index Recheck": 0, "Exact Heap Blocks": 150033, "Lossy Heap Blocks": 150033, "Plans": [{"Node Type": "Bitmap Index Scan", "Parent Relationship": "Outer", "Index Name": "idx_customer_nationkey", "Startup Cost": 0.0, "Total Cost": 1015.37, "Plan Rows": 60000, "Plan Width": 0, "Actual Startup Time": 59.424, "Actual Total Time": 59.424, "Actual Rows": 299838, "Actual Loops": 5, "Index Cond": "(c_nationkey = nation.n_nationkey)"}]}]}, {"Node Type": "Index Scan", "Parent Relationship": "Inner", "Scan Direction": "Forward", "Index Name": "idx_orders_custkey", "Relation Name": "orders", "Alias": "orders", "Startup Cost": 0.0, "Total Cost": 1.24, "Plan Rows": 1, "Plan Width": 16, "Actual Startup Time": 4137.456, "Actual Total Time": 8757.392, "Actual Rows": 454183, "Actual Loops": 299838, "Index Cond": "(o_custkey = customer.c_custkey)", "Rows Removed by Index Recheck": 0, "Filter": "((o_orderdate >= '1994-01-01 00:00:00'::timestamp(0) without time zone) AND (o_orderdate < '1995-01-01 00:00:00'::timestamp without time zone))", "Rows Removed by Filter": 2542535}]}, {"Node Type": "Index Scan", "Parent Relationship": "Inner", "Scan Direction": "Forward", "Index Name": "idx_lineitem_orderkey", "Relation Name": "lineitem", "Alias": "lineitem", "Startup Cost": 0.0, "Total Cost": 3.05, "Plan Rows": 9, "Plan Width": 32, "Actual Startup Time": 4285.754, "Actual Total Time": 5246.21, "Actual Rows": 1815222, "Actual Loops": 454183, "Index Cond": "(l_orderkey = orders.o_orderkey)", "Rows Removed by Index Recheck": 0}]}, {"Node Type": "Hash", "Parent Relationship": "Inner", "Startup Cost": 3283.0, "Total Cost": 3283.0, "Plan Rows": 100000, "Plan Width": 12, "Actual Startup Time": 66.967, "Actual Total Time": 66.967, "Actual Rows": 100000, "Actual Loops": 1, "Hash Buckets": 131072, "Hash Batches": 1, "Original Hash Batches": 1, "Peak Memory Usage": 4297, "Plans": [{"Node Type": "Seq Scan", "Parent Relationship": "Outer", "Relation Name": "supplier", "Alias": "supplier", "Startup Cost": 0.0, "Total Cost": 3283.0, "Plan Rows": 100000, "Plan Width": 12, "Actual Startup Time": 0.02, "Actual Total Time": 35.902, "Actual Rows": 100000, "Actual Loops": 1}]}]}]}]}, "Triggers": [], "Planner Runtime": 6.944, "Total Runtime": 16545.437, "Unique SQL Id": 1392561963}}, "(1, 69)": {"explain_plan": {"Plan": {"Node Type": "Sort", "Startup Cost": 1722787.59, "Total Cost": 1722787.65, "Plan Rows": 25, "Plan Width": 42, "Sort Key": ["(sum((lineitem.l_extendedprice * (1::double precision - lineitem.l_discount)))) DESC"], "Plans": [{"Node Type": "Aggregate", "Strategy": "Hashed", "Parent Relationship": "Outer", "Startup Cost": 1722786.76, "Total Cost": 1722787.01, "Plan Rows": 25, "Plan Width": 42, "Group By Key": ["nation.n_name"], "Plans": [{"Node Type": "Hash Join", "Parent Relationship": "Outer", "Join Type": "Inner", "Startup Cost": 7864.91, "Total Cost": 1722692.86, "Plan Rows": 9390, "Plan Width": 42, "Inner Unique": true, "Hash Cond": "((lineitem.l_suppkey = supplier.s_suppkey) AND (customer.c_nationkey = supplier.s_nationkey))", "Plans": [{"Node Type": "Nested Loop", "Parent Relationship": "Outer", "Join Type": "Inner", "Startup Cost": 1030.37, "Total Cost": 1688097.31, "Plan Rows": 3688948, "Plan Width": 58, "Inner Unique": false, "Plans": [{"Node Type": "Nested Loop", "Parent Relationship": "Outer", "Join Type": "Inner", "Startup Cost": 1030.37, "Total Cost": 412302.9, "Plan Rows": 406290, "Plan Width": 42, "Inner Unique": false, "Plans": [{"Node Type": "Nested Loop", "Parent Relationship": "Outer", "Join Type": "Inner", "Startup Cost": 1030.37, "Total Cost": 37194.1, "Plan Rows": 300000, "Plan Width": 42, "Inner Unique": false, "Plans": [{"Node Type": "Nested Loop", "Parent Relationship": "Outer", "Join Type": "Inner", "Startup Cost": 0.0, "Total Cost": 31.69, "Plan Rows": 5, "Plan Width": 30, "Inner Unique": true, "Plans": [{"Node Type": "Index Scan", "Parent Relationship": "Outer", "Scan Direction": "Forward", "Index Name": "nation_pkey", "Relation Name": "nation", "Alias": "nation", "Startup Cost": 0.0, "Total Cost": 12.62, "Plan Rows": 25, "Plan Width": 34}, {"Node Type": "Index Scan", "Parent Relationship": "Inner", "Scan Direction": "Forward", "Index Name": "region_pkey", "Relation Name": "region", "Alias": "region", "Startup Cost": 0.0, "Total Cost": 0.75, "Plan Rows": 1, "Plan Width": 4, "Index Cond": "(r_regionkey = nation.n_regionkey)", "Filter": "(r_name = 'MIDDLE EAST'::bpchar)"}]}, {"Node Type": "Bitmap Heap Scan", "Parent Relationship": "Inner", "Relation Name": "customer", "Alias": "customer", "Startup Cost": 1030.37, "Total Cost": 6832.48, "Plan Rows": 60000, "Plan Width": 12, "Recheck Cond": "(c_nationkey = nation.n_nationkey)", "Plans": [{"Node Type": "Bitmap Index Scan", "Parent Relationship": "Outer", "Index Name": "idx_customer_nationkey", "Startup Cost": 0.0, "Total Cost": 1015.37, "Plan Rows": 60000, "Plan Width": 0, "Index Cond": "(c_nationkey = nation.n_nationkey)"}]}]}, {"Node Type": "Index Scan", "Parent Relationship": "Inner", "Scan Direction": "Forward", "Index Name": "idx_orders_custkey", "Relation Name": "orders", "Alias": "orders", "Startup Cost": 0.0, "Total Cost": 1.24, "Plan Rows": 1, "Plan Width": 16, "Index Cond": "(o_custkey = customer.c_custkey)", "Filter": "((o_orderdate >= '1994-01-01 00:00:00'::timestamp(0) without time zone) AND (o_orderdate < '1995-01-01 00:00:00'::timestamp without time zone))"}]}, {"Node Type": "Index Scan", "Parent Relationship": "Inner", "Scan Direction": "Forward", "Index Name": "idx_lineitem_orderkey", "Relation Name": "lineitem", "Alias": "lineitem", "Startup Cost": 0.0, "Total Cost": 3.05, "Plan Rows": 9, "Plan Width": 32, "Index Cond": "(l_orderkey = orders.o_orderkey)"}]}, {"Node Type": "Hash", "Parent Relationship": "Inner", "Startup Cost": 5334.54, "Total Cost": 5334.54, "Plan Rows": 100000, "Plan Width": 12, "Plans": [{"Node Type": "Index Scan", "Parent Relationship": "Outer", "Scan Direction": "Forward", "Index Name": "supplier_pkey", "Relation Name": "supplier", "Alias": "supplier", "Startup Cost": 0.0, "Total Cost": 5334.54, "Plan Rows": 100000, "Plan Width": 12}]}]}]}]}, "Unique SQL Id": 1392561963}, "explain_analyze_plan": {"Plan": {"Node Type": "Sort", "Startup Cost": 1722787.59, "Total Cost": 1722787.65, "Plan Rows": 25, "Plan Width": 42, "Actual Startup Time": 16243.883, "Actual Total Time": 16243.884, "Actual Rows": 5, "Actual Loops": 1, "Sort Key": ["(sum((lineitem.l_extendedprice * (1::double precision - lineitem.l_discount)))) DESC"], "Sort Method": "quicksort", "Sort Space Used": 25, "Sort Space Type": "Memory", "Plans": [{"Node Type": "Aggregate", "Strategy": "Hashed", "Parent Relationship": "Outer", "Startup Cost": 1722786.76, "Total Cost": 1722787.01, "Plan Rows": 25, "Plan Width": 42, "Actual Startup Time": 16243.848, "Actual Total Time": 16243.849, "Actual Rows": 5, "Actual Loops": 1, "Group By Key": ["nation.n_name"], "Plans": [{"Node Type": "Hash Join", "Parent Relationship": "Outer", "Join Type": "Inner", "Startup Cost": 7864.91, "Total Cost": 1722692.86, "Plan Rows": 9390, "Plan Width": 42, "Actual Startup Time": 111.009, "Actual Total Time": 16162.676, "Actual Rows": 72985, "Actual Loops": 1, "Inner Unique": true, "Hash Cond": "((lineitem.l_suppkey = supplier.s_suppkey) AND (customer.c_nationkey = supplier.s_nationkey))", "Plans": [{"Node Type": "Nested Loop", "Parent Relationship": "Outer", "Join Type": "Inner", "Startup Cost": 1030.37, "Total Cost": 1688097.31, "Plan Rows": 3688948, "Plan Width": 58, "Actual Startup Time": 19.021, "Actual Total Time": 15265.743, "Actual Rows": 1815222, "Actual Loops": 1, "Inner Unique": false, "Plans": [{"Node Type": "Nested Loop", "Parent Relationship": "Outer", "Join Type": "Inner", "Startup Cost": 1030.37, "Total Cost": 412302.9, "Plan Rows": 406290, "Plan Width": 42, "Actual Startup Time": 19.001, "Actual Total Time": 9479.756, "Actual Rows": 454183, "Actual Loops": 1, "Inner Unique": false, "Plans": [{"Node Type": "Nested Loop", "Parent Relationship": "Outer", "Join Type": "Inner", "Startup Cost": 1030.37, "Total Cost": 37194.1, "Plan Rows": 300000, "Plan Width": 42, "Actual Startup Time": 18.926, "Actual Total Time": 651.021, "Actual Rows": 299838, "Actual Loops": 1, "Inner Unique": false, "Plans": [{"Node Type": "Nested Loop", "Parent Relationship": "Outer", "Join Type": "Inner", "Startup Cost": 0.0, "Total Cost": 31.69, "Plan Rows": 5, "Plan Width": 30, "Actual Startup Time": 0.043, "Actual Total Time": 0.312, "Actual Rows": 5, "Actual Loops": 1, "Inner Unique": true, "Plans": [{"Node Type": "Index Scan", "Parent Relationship": "Outer", "Scan Direction": "Forward", "Index Name": "nation_pkey", "Relation Name": "nation", "Alias": "nation", "Startup Cost": 0.0, "Total Cost": 12.62, "Plan Rows": 25, "Plan Width": 34, "Actual Startup Time": 0.012, "Actual Total Time": 0.043, "Actual Rows": 25, "Actual Loops": 1}, {"Node Type": "Index Scan", "Parent Relationship": "Inner", "Scan Direction": "Forward", "Index Name": "region_pkey", "Relation Name": "region", "Alias": "region", "Startup Cost": 0.0, "Total Cost": 0.75, "Plan Rows": 1, "Plan Width": 4, "Actual Startup Time": 0.208, "Actual Total Time": 0.208, "Actual Rows": 5, "Actual Loops": 25, "Index Cond": "(r_regionkey = nation.n_regionkey)", "Rows Removed by Index Recheck": 0, "Filter": "(r_name = 'MIDDLE EAST'::bpchar)", "Rows Removed by Filter": 20}]}, {"Node Type": "Bitmap Heap Scan", "Parent Relationship": "Inner", "Relation Name": "customer", "Alias": "customer", "Startup Cost": 1030.37, "Total Cost": 6832.48, "Plan Rows": 60000, "Plan Width": 12, "Actual Startup Time": 89.534, "Actual Total Time": 576.737, "Actual Rows": 299838, "Actual Loops": 5, "Recheck Cond": "(c_nationkey = nation.n_nationkey)", "Rows Removed by Index Recheck": 0, "Exact Heap Blocks": 150033, "Lossy Heap Blocks": 150033, "Plans": [{"Node Type": "Bitmap Index Scan", "Parent Relationship": "Outer", "Index Name": "idx_customer_nationkey", "Startup Cost": 0.0, "Total Cost": 1015.37, "Plan Rows": 60000, "Plan Width": 0, "Actual Startup Time": 56.528, "Actual Total Time": 56.528, "Actual Rows": 299838, "Actual Loops": 5, "Index Cond": "(c_nationkey = nation.n_nationkey)"}]}]}, {"Node Type": "Index Scan", "Parent Relationship": "Inner", "Scan Direction": "Forward", "Index Name": "idx_orders_custkey", "Relation Name": "orders", "Alias": "orders", "Startup Cost": 0.0, "Total Cost": 1.24, "Plan Rows": 1, "Plan Width": 16, "Actual Startup Time": 4048.844, "Actual Total Time": 8565.536, "Actual Rows": 454183, "Actual Loops": 299838, "Index Cond": "(o_custkey = customer.c_custkey)", "Rows Removed by Index Recheck": 0, "Filter": "((o_orderdate >= '1994-01-01 00:00:00'::timestamp(0) without time zone) AND (o_orderdate < '1995-01-01 00:00:00'::timestamp without time zone))", "Rows Removed by Filter": 2542535}]}, {"Node Type": "Index Scan", "Parent Relationship": "Inner", "Scan Direction": "Forward", "Index Name": "idx_lineitem_orderkey", "Relation Name": "lineitem", "Alias": "lineitem", "Startup Cost": 0.0, "Total Cost": 3.05, "Plan Rows": 9, "Plan Width": 32, "Actual Startup Time": 4193.512, "Actual Total Time": 5139.611, "Actual Rows": 1815222, "Actual Loops": 454183, "Index Cond": "(l_orderkey = orders.o_orderkey)", "Rows Removed by Index Recheck": 0}]}, {"Node Type": "Hash", "Parent Relationship": "Inner", "Startup Cost": 5334.54, "Total Cost": 5334.54, "Plan Rows": 100000, "Plan Width": 12, "Actual Startup Time": 91.755, "Actual Total Time": 91.755, "Actual Rows": 100000, "Actual Loops": 1, "Hash Buckets": 131072, "Hash Batches": 1, "Original Hash Batches": 1, "Peak Memory Usage": 4297, "Plans": [{"Node Type": "Index Scan", "Parent Relationship": "Outer", "Scan Direction": "Forward", "Index Name": "supplier_pkey", "Relation Name": "supplier", "Alias": "supplier", "Startup Cost": 0.0, "Total Cost": 5334.54, "Plan Rows": 100000, "Plan Width": 12, "Actual Startup Time": 0.025, "Actual Total Time": 59.642, "Actual Rows": 100000, "Actual Loops": 1}]}]}]}]}, "Triggers": [], "Planner Runtime": 6.823, "Total Runtime": 16244.303, "Unique SQL Id": 1392561963}}, "(1, 70)": {"explain_plan": {"Plan": {"Node Type": "Sort", "Startup Cost": 2457247.05, "Total Cost": 2457247.11, "Plan Rows": 25, "Plan Width": 42, "Sort Key": ["(sum((lineitem.l_extendedprice * (1::double precision - lineitem.l_discount)))) DESC"], "Plans": [{"Node Type": "Aggregate", "Strategy": "Hashed", "Parent Relationship": "Outer", "Startup Cost": 2457246.22, "Total Cost": 2457246.47, "Plan Rows": 25, "Plan Width": 42, "Group By Key": ["nation.n_name"], "Plans": [{"Node Type": "Hash Join", "Parent Relationship": "Outer", "Join Type": "Inner", "Startup Cost": 104058.84, "Total Cost": 2457152.32, "Plan Rows": 9390, "Plan Width": 42, "Inner Unique": true, "Hash Cond": "((lineitem.l_suppkey = supplier.s_suppkey) AND (customer.c_nationkey = supplier.s_nationkey))", "Plans": [{"Node Type": "Nested Loop", "Parent Relationship": "Outer", "Join Type": "Inner", "Startup Cost": 99275.84, "Total Cost": 2424608.31, "Plan Rows": 3688948, "Plan Width": 58, "Inner Unique": false, "Plans": [{"Node Type": "Hash Join", "Parent Relationship": "Outer", "Join Type": "Inner", "Startup Cost": 99275.12, "Total Cost": 422539.98, "Plan Rows": 406290, "Plan Width": 42, "Inner Unique": false, "Hash Cond": "(orders.o_custkey = customer.c_custkey), (LLVM Optimized)", "Plans": [{"Node Type": "Bitmap Heap Scan", "Parent Relationship": "Outer", "Relation Name": "orders", "Alias": "orders", "Startup Cost": 58360.27, "Total Cost": 369005.64, "Plan Rows": 2281758, "Plan Width": 16, "Recheck Cond": "((o_orderdate >= '1994-01-01 00:00:00'::timestamp(0) without time zone) AND (o_orderdate < '1995-01-01 00:00:00'::timestamp without time zone)), (LLVM Optimized)", "Plans": [{"Node Type": "Bitmap Index Scan", "Parent Relationship": "Outer", "Index Name": "idx_orders_orderdate", "Startup Cost": 0.0, "Total Cost": 57789.83, "Plan Rows": 2281758, "Plan Width": 0, "Index Cond": "((o_orderdate >= '1994-01-01 00:00:00'::timestamp(0) without time zone) AND (o_orderdate < '1995-01-01 00:00:00'::timestamp without time zone))"}]}, {"Node Type": "Hash", "Parent Relationship": "Inner", "Startup Cost": 37164.85, "Total Cost": 37164.85, "Plan Rows": 300000, "Plan Width": 42, "Plans": [{"Node Type": "Nested Loop", "Parent Relationship": "Outer", "Join Type": "Inner", "Startup Cost": 1031.44, "Total Cost": 37164.85, "Plan Rows": 300000, "Plan Width": 42, "Inner Unique": false, "Plans": [{"Node Type": "Hash Join", "Parent Relationship": "Outer", "Join Type": "Inner", "Startup Cost": 1.07, "Total Cost": 2.44, "Plan Rows": 5, "Plan Width": 30, "Inner Unique": true, "Hash Cond": "(nation.n_regionkey = region.r_regionkey)", "Plans": [{"Node Type": "Seq Scan", "Parent Relationship": "Outer", "Relation Name": "nation", "Alias": "nation", "Startup Cost": 0.0, "Total Cost": 1.25, "Plan Rows": 25, "Plan Width": 34}, {"Node Type": "Hash", "Parent Relationship": "Inner", "Startup Cost": 1.06, "Total Cost": 1.06, "Plan Rows": 1, "Plan Width": 4, "Plans": [{"Node Type": "Seq Scan", "Parent Relationship": "Outer", "Relation Name": "region", "Alias": "region", "Startup Cost": 0.0, "Total Cost": 1.06, "Plan Rows": 1, "Plan Width": 4, "Filter": "(r_name = 'MIDDLE EAST'::bpchar)"}]}]}, {"Node Type": "Bitmap Heap Scan", "Parent Relationship": "Inner", "Relation Name": "customer", "Alias": "customer", "Startup Cost": 1030.37, "Total Cost": 6832.48, "Plan Rows": 60000, "Plan Width": 12, "Recheck Cond": "(c_nationkey = nation.n_nationkey)", "Plans": [{"Node Type": "Bitmap Index Scan", "Parent Relationship": "Outer", "Index Name": "idx_customer_nationkey", "Startup Cost": 0.0, "Total Cost": 1015.37, "Plan Rows": 60000, "Plan Width": 0, "Index Cond": "(c_nationkey = nation.n_nationkey)"}]}]}]}]}, {"Node Type": "Bitmap Heap Scan", "Parent Relationship": "Inner", "Relation Name": "lineitem", "Alias": "lineitem", "Startup Cost": 0.73, "Total Cost": 4.84, "Plan Rows": 9, "Plan Width": 32, "Recheck Cond": "(l_orderkey = orders.o_orderkey)", "Plans": [{"Node Type": "Bitmap Index Scan", "Parent Relationship": "Outer", "Index Name": "idx_lineitem_orderkey", "Startup Cost": 0.0, "Total Cost": 0.72, "Plan Rows": 9, "Plan Width": 0, "Index Cond": "(l_orderkey = orders.o_orderkey)"}]}]}, {"Node Type": "Hash", "Parent Relationship": "Inner", "Startup Cost": 3283.0, "Total Cost": 3283.0, "Plan Rows": 100000, "Plan Width": 12, "Plans": [{"Node Type": "Seq Scan", "Parent Relationship": "Outer", "Relation Name": "supplier", "Alias": "supplier", "Startup Cost": 0.0, "Total Cost": 3283.0, "Plan Rows": 100000, "Plan Width": 12}]}]}]}]}, "Unique SQL Id": 1392561963}, "explain_analyze_plan": {"Plan": {"Node Type": "Sort", "Startup Cost": 2457247.05, "Total Cost": 2457247.11, "Plan Rows": 25, "Plan Width": 42, "Actual Startup Time": 10016.715, "Actual Total Time": 10016.716, "Actual Rows": 5, "Actual Loops": 1, "Sort Key": ["(sum((lineitem.l_extendedprice * (1::double precision - lineitem.l_discount)))) DESC"], "Sort Method": "quicksort", "Sort Space Used": 25, "Sort Space Type": "Memory", "Plans": [{"Node Type": "Aggregate", "Strategy": "Hashed", "Parent Relationship": "Outer", "Startup Cost": 2457246.22, "Total Cost": 2457246.47, "Plan Rows": 25, "Plan Width": 42, "Actual Startup Time": 10016.685, "Actual Total Time": 10016.685, "Actual Rows": 5, "Actual Loops": 1, "Group By Key": ["nation.n_name"], "Plans": [{"Node Type": "Hash Join", "Parent Relationship": "Outer", "Join Type": "Inner", "Startup Cost": 104058.84, "Total Cost": 2457152.32, "Plan Rows": 9390, "Plan Width": 42, "Actual Startup Time": 1421.213, "Actual Total Time": 9937.329, "Actual Rows": 72985, "Actual Loops": 1, "Inner Unique": true, "Hash Cond": "((lineitem.l_suppkey = supplier.s_suppkey) AND (customer.c_nationkey = supplier.s_nationkey))", "Plans": [{"Node Type": "Nested Loop", "Parent Relationship": "Outer", "Join Type": "Inner", "Startup Cost": 99275.84, "Total Cost": 2424608.31, "Plan Rows": 3688948, "Plan Width": 58, "Actual Startup Time": 1353.747, "Actual Total Time": 9142.644, "Actual Rows": 1815222, "Actual Loops": 1, "Inner Unique": false, "Plans": [{"Node Type": "Hash Join", "Parent Relationship": "Outer", "Join Type": "Inner", "Startup Cost": 99275.12, "Total Cost": 422539.98, "Plan Rows": 406290, "Plan Width": 42, "Actual Startup Time": 1353.679, "Actual Total Time": 4183.794, "Actual Rows": 454183, "Actual Loops": 1, "Inner Unique": false, "Hash Cond": "(orders.o_custkey = customer.c_custkey), (LLVM Optimized, Jit Execute)", "Plans": [{"Node Type": "Bitmap Heap Scan", "Parent Relationship": "Outer", "Relation Name": "orders", "Alias": "orders", "Startup Cost": 58360.27, "Total Cost": 369005.64, "Plan Rows": 2281758, "Plan Width": 16, "Actual Startup Time": 705.311, "Actual Total Time": 2424.409, "Actual Rows": 2275919, "Actual Loops": 1, "Recheck Cond": "((o_orderdate >= '1994-01-01 00:00:00'::timestamp(0) without time zone) AND (o_orderdate < '1995-01-01 00:00:00'::timestamp without time zone)), (LLVM Optimized, Jit Execute)", "Rows Removed by Index Recheck": 0, "Exact Heap Blocks": 276381, "Lossy Heap Blocks": 276381, "Plans": [{"Node Type": "Bitmap Index Scan", "Parent Relationship": "Outer", "Index Name": "idx_orders_orderdate", "Startup Cost": 0.0, "Total Cost": 57789.83, "Plan Rows": 2281758, "Plan Width": 0, "Actual Startup Time": 616.82, "Actual Total Time": 616.82, "Actual Rows": 2275919, "Actual Loops": 1, "Index Cond": "((o_orderdate >= '1994-01-01 00:00:00'::timestamp(0) without time zone) AND (o_orderdate < '1995-01-01 00:00:00'::timestamp without time zone))"}]}, {"Node Type": "Hash", "Parent Relationship": "Inner", "Startup Cost": 37164.85, "Total Cost": 37164.85, "Plan Rows": 300000, "Plan Width": 42, "Actual Startup Time": 647.953, "Actual Total Time": 647.953, "Actual Rows": 299838, "Actual Loops": 1, "Hash Buckets": 524288, "Hash Batches": 1, "Original Hash Batches": 1, "Peak Memory Usage": 22254, "Plans": [{"Node Type": "Nested Loop", "Parent Relationship": "Outer", "Join Type": "Inner", "Startup Cost": 1031.44, "Total Cost": 37164.85, "Plan Rows": 300000, "Plan Width": 42, "Actual Startup Time": 19.353, "Actual Total Time": 537.178, "Actual Rows": 299838, "Actual Loops": 1, "Inner Unique": false, "Plans": [{"Node Type": "Hash Join", "Parent Relationship": "Outer", "Join Type": "Inner", "Startup Cost": 1.07, "Total Cost": 2.44, "Plan Rows": 5, "Plan Width": 30, "Actual Startup Time": 0.102, "Actual Total Time": 0.177, "Actual Rows": 5, "Actual Loops": 1, "Inner Unique": true, "Hash Cond": "(nation.n_regionkey = region.r_regionkey)", "Plans": [{"Node Type": "Seq Scan", "Parent Relationship": "Outer", "Relation Name": "nation", "Alias": "nation", "Startup Cost": 0.0, "Total Cost": 1.25, "Plan Rows": 25, "Plan Width": 34, "Actual Startup Time": 0.017, "Actual Total Time": 0.039, "Actual Rows": 25, "Actual Loops": 1}, {"Node Type": "Hash", "Parent Relationship": "Inner", "Startup Cost": 1.06, "Total Cost": 1.06, "Plan Rows": 1, "Plan Width": 4, "Actual Startup Time": 0.032, "Actual Total Time": 0.032, "Actual Rows": 1, "Actual Loops": 1, "Hash Buckets": 32768, "Hash Batches": 1, "Original Hash Batches": 1, "Peak Memory Usage": 1, "Plans": [{"Node Type": "Seq Scan", "Parent Relationship": "Outer", "Relation Name": "region", "Alias": "region", "Startup Cost": 0.0, "Total Cost": 1.06, "Plan Rows": 1, "Plan Width": 4, "Actual Startup Time": 0.025, "Actual Total Time": 0.026, "Actual Rows": 1, "Actual Loops": 1, "Filter": "(r_name = 'MIDDLE EAST'::bpchar)", "Rows Removed by Filter": 4}]}]}, {"Node Type": "Bitmap Heap Scan", "Parent Relationship": "Inner", "Relation Name": "customer", "Alias": "customer", "Startup Cost": 1030.37, "Total Cost": 6832.48, "Plan Rows": 60000, "Plan Width": 12, "Actual Startup Time": 90.117, "Actual Total Time": 468.891, "Actual Rows": 299838, "Actual Loops": 5, "Recheck Cond": "(c_nationkey = nation.n_nationkey)", "Rows Removed by Index Recheck": 0, "Exact Heap Blocks": 150033, "Lossy Heap Blocks": 150033, "Plans": [{"Node Type": "Bitmap Index Scan", "Parent Relationship": "Outer", "Index Name": "idx_customer_nationkey", "Startup Cost": 0.0, "Total Cost": 1015.37, "Plan Rows": 60000, "Plan Width": 0, "Actual Startup Time": 57.226, "Actual Total Time": 57.226, "Actual Rows": 299838, "Actual Loops": 5, "Index Cond": "(c_nationkey = nation.n_nationkey)"}]}]}]}]}, {"Node Type": "Bitmap Heap Scan", "Parent Relationship": "Inner", "Relation Name": "lineitem", "Alias": "lineitem", "Startup Cost": 0.73, "Total Cost": 4.84, "Plan Rows": 9, "Plan Width": 32, "Actual Startup Time": 3732.72, "Actual Total Time": 4049.051, "Actual Rows": 1815222, "Actual Loops": 454183, "Recheck Cond": "(l_orderkey = orders.o_orderkey)", "Rows Removed by Index Recheck": 0, "Exact Heap Blocks": 486530, "Lossy Heap Blocks": 486530, "Plans": [{"Node Type": "Bitmap Index Scan", "Parent Relationship": "Outer", "Index Name": "idx_lineitem_orderkey", "Startup Cost": 0.0, "Total Cost": 0.72, "Plan Rows": 9, "Plan Width": 0, "Actual Startup Time": 2078.6, "Actual Total Time": 2078.6, "Actual Rows": 1815222, "Actual Loops": 454183, "Index Cond": "(l_orderkey = orders.o_orderkey)"}]}]}, {"Node Type": "Hash", "Parent Relationship": "Inner", "Startup Cost": 3283.0, "Total Cost": 3283.0, "Plan Rows": 100000, "Plan Width": 12, "Actual Startup Time": 67.318, "Actual Total Time": 67.318, "Actual Rows": 100000, "Actual Loops": 1, "Hash Buckets": 131072, "Hash Batches": 1, "Original Hash Batches": 1, "Peak Memory Usage": 4297, "Plans": [{"Node Type": "Seq Scan", "Parent Relationship": "Outer", "Relation Name": "supplier", "Alias": "supplier", "Startup Cost": 0.0, "Total Cost": 3283.0, "Plan Rows": 100000, "Plan Width": 12, "Actual Startup Time": 0.029, "Actual Total Time": 36.397, "Actual Rows": 100000, "Actual Loops": 1}]}]}]}]}, "Triggers": [], "Planner Runtime": 6.272, "Total Runtime": 10026.442, "Unique SQL Id": 1392561963}}, "(1, 71)": {"explain_plan": {"Plan": {"Node Type": "Sort", "Startup Cost": 46003135.57, "Total Cost": 46003135.63, "Plan Rows": 25, "Plan Width": 42, "Sort Key": ["(sum((lineitem.l_extendedprice * (1::double precision - lineitem.l_discount)))) DESC"], "Plans": [{"Node Type": "Aggregate", "Strategy": "Hashed", "Parent Relationship": "Outer", "Startup Cost": 46003134.74, "Total Cost": 46003134.99, "Plan Rows": 25, "Plan Width": 42, "Group By Key": ["nation.n_name"], "Plans": [{"Node Type": "Nested Loop", "Parent Relationship": "Outer", "Join Type": "Inner", "Startup Cost": 58362.35, "Total Cost": 46003040.84, "Plan Rows": 9390, "Plan Width": 42, "Inner Unique": true, "Join Filter": "(customer.c_nationkey = supplier.s_nationkey)", "Plans": [{"Node Type": "Nested Loop", "Parent Relationship": "Outer", "Join Type": "Inner", "Startup Cost": 58362.1, "Total Cost": 30204103.6, "Plan Rows": 3688948, "Plan Width": 58, "Inner Unique": false, "Plans": [{"Node Type": "Nested Loop", "Parent Relationship": "Outer", "Join Type": "Inner", "Startup Cost": 58361.37, "Total Cost": 28202035.27, "Plan Rows": 406290, "Plan Width": 42, "Inner Unique": true, "Plans": [{"Node Type": "Nested Loop", "Parent Relationship": "Outer", "Join Type": "Inner", "Startup Cost": 58360.79, "Total Cost": 18851769.58, "Plan Rows": 2031452, "Plan Width": 46, "Inner Unique": true, "Plans": [{"Node Type": "Nested Loop", "Parent Relationship": "Outer", "Join Type": "Inner", "Startup Cost": 58360.54, "Total Cost": 10156636.32, "Plan Rows": 2031452, "Plan Width": 12, "Inner Unique": true, "Plans": [{"Node Type": "Bitmap Heap Scan", "Parent Relationship": "Outer", "Relation Name": "orders", "Alias": "orders", "Startup Cost": 58360.27, "Total Cost": 369005.64, "Plan Rows": 2281758, "Plan Width": 16, "Recheck Cond": "((o_orderdate >= '1994-01-01 00:00:00'::timestamp(0) without time zone) AND (o_orderdate < '1995-01-01 00:00:00'::timestamp without time zone)), (LLVM Optimized)", "Plans": [{"Node Type": "Bitmap Index Scan", "Parent Relationship": "Outer", "Index Name": "idx_orders_orderdate", "Startup Cost": 0.0, "Total Cost": 57789.83, "Plan Rows": 2281758, "Plan Width": 0, "Index Cond": "((o_orderdate >= '1994-01-01 00:00:00'::timestamp(0) without time zone) AND (o_orderdate < '1995-01-01 00:00:00'::timestamp without time zone))"}]}, {"Node Type": "Bitmap Heap Scan", "Parent Relationship": "Inner", "Relation Name": "customer", "Alias": "customer", "Startup Cost": 0.27, "Total Cost": 4.28, "Plan Rows": 1, "Plan Width": 12, "Recheck Cond": "(c_custkey = orders.o_custkey)", "Plans": [{"Node Type": "Bitmap Index Scan", "Parent Relationship": "Outer", "Index Name": "customer_pkey", "Startup Cost": 0.0, "Total Cost": 0.27, "Plan Rows": 1, "Plan Width": 0, "Index Cond": "(c_custkey = orders.o_custkey)"}]}]}, {"Node Type": "Bitmap Heap Scan", "Parent Relationship": "Inner", "Relation Name": "nation", "Alias": "nation", "Startup Cost": 0.26, "Total Cost": 4.27, "Plan Rows": 1, "Plan Width": 34, "Recheck Cond": "(n_nationkey = customer.c_nationkey)", "Plans": [{"Node Type": "Bitmap Index Scan", "Parent Relationship": "Outer", "Index Name": "nation_pkey", "Startup Cost": 0.0, "Total Cost": 0.26, "Plan Rows": 1, "Plan Width": 0, "Index Cond": "(n_nationkey = customer.c_nationkey)"}]}]}, {"Node Type": "Bitmap Heap Scan", "Parent Relationship": "Inner", "Relation Name": "region", "Alias": "region", "Startup Cost": 0.58, "Total Cost": 4.59, "Plan Rows": 1, "Plan Width": 4, "Recheck Cond": "(r_regionkey = nation.n_regionkey)", "Filter": "(r_name = 'MIDDLE EAST'::bpchar)", "Plans": [{"Node Type": "Bitmap Index Scan", "Parent Relationship": "Outer", "Index Name": "region_pkey", "Startup Cost": 0.0, "Total Cost": 0.58, "Plan Rows": 1, "Plan Width": 0, "Index Cond": "(r_regionkey = nation.n_regionkey)"}]}]}, {"Node Type": "Bitmap Heap Scan", "Parent Relationship": "Inner", "Relation Name": "lineitem", "Alias": "lineitem", "Startup Cost": 0.73, "Total Cost": 4.84, "Plan Rows": 9, "Plan Width": 32, "Recheck Cond": "(l_orderkey = orders.o_orderkey)", "Plans": [{"Node Type": "Bitmap Index Scan", "Parent Relationship": "Outer", "Index Name": "idx_lineitem_orderkey", "Startup Cost": 0.0, "Total Cost": 0.72, "Plan Rows": 9, "Plan Width": 0, "Index Cond": "(l_orderkey = orders.o_orderkey)"}]}]}, {"Node Type": "Bitmap Heap Scan", "Parent Relationship": "Inner", "Relation Name": "supplier", "Alias": "supplier", "Startup Cost": 0.26, "Total Cost": 4.27, "Plan Rows": 1, "Plan Width": 12, "Recheck Cond": "(s_suppkey = lineitem.l_suppkey)", "Plans": [{"Node Type": "Bitmap Index Scan", "Parent Relationship": "Outer", "Index Name": "supplier_pkey", "Startup Cost": 0.0, "Total Cost": 0.26, "Plan Rows": 1, "Plan Width": 0, "Index Cond": "(s_suppkey = lineitem.l_suppkey)"}]}]}]}]}, "Unique SQL Id": 1392561963}, "explain_analyze_plan": null}, "(1, 72)": {"explain_plan": {"Plan": {"Node Type": "Sort", "Startup Cost": 1725085.77, "Total Cost": 1725085.83, "Plan Rows": 25, "Plan Width": 42, "Sort Key": ["(sum((lineitem.l_extendedprice * (1::double precision - lineitem.l_discount)))) DESC"], "Plans": [{"Node Type": "Aggregate", "Strategy": "Hashed", "Parent Relationship": "Outer", "Startup Cost": 1725084.93, "Total Cost": 1725085.18, "Plan Rows": 25, "Plan Width": 42, "Group By Key": ["nation.n_name"], "Plans": [{"Node Type": "Hash Join", "Parent Relationship": "Outer", "Join Type": "Inner", "Startup Cost": 4783.0, "Total Cost": 1724991.03, "Plan Rows": 9390, "Plan Width": 42, "Inner Unique": true, "Hash Cond": "((lineitem.l_suppkey = supplier.s_suppkey) AND (customer.c_nationkey = supplier.s_nationkey))", "Plans": [{"Node Type": "Nested Loop", "Parent Relationship": "Outer", "Join Type": "Inner", "Startup Cost": 0.0, "Total Cost": 1692447.02, "Plan Rows": 3688948, "Plan Width": 58, "Inner Unique": false, "Plans": [{"Node Type": "Nested Loop", "Parent Relationship": "Outer", "Join Type": "Inner", "Startup Cost": 0.0, "Total Cost": 416652.61, "Plan Rows": 406290, "Plan Width": 42, "Inner Unique": false, "Plans": [{"Node Type": "Nested Loop", "Parent Relationship": "Outer", "Join Type": "Inner", "Startup Cost": 0.0, "Total Cost": 41543.81, "Plan Rows": 300000, "Plan Width": 42, "Inner Unique": false, "Plans": [{"Node Type": "Nested Loop", "Parent Relationship": "Outer", "Join Type": "Inner", "Startup Cost": 0.0, "Total Cost": 31.69, "Plan Rows": 5, "Plan Width": 30, "Inner Unique": true, "Plans": [{"Node Type": "Index Scan", "Parent Relationship": "Outer", "Scan Direction": "Forward", "Index Name": "nation_pkey", "Relation Name": "nation", "Alias": "nation", "Startup Cost": 0.0, "Total Cost": 12.62, "Plan Rows": 25, "Plan Width": 34}, {"Node Type": "Index Scan", "Parent Relationship": "Inner", "Scan Direction": "Forward", "Index Name": "region_pkey", "Relation Name": "region", "Alias": "region", "Startup Cost": 0.0, "Total Cost": 0.75, "Plan Rows": 1, "Plan Width": 4, "Index Cond": "(r_regionkey = nation.n_regionkey)", "Filter": "(r_name = 'MIDDLE EAST'::bpchar)"}]}, {"Node Type": "Index Scan", "Parent Relationship": "Inner", "Scan Direction": "Forward", "Index Name": "idx_customer_nationkey", "Relation Name": "customer", "Alias": "customer", "Startup Cost": 0.0, "Total Cost": 7702.43, "Plan Rows": 60000, "Plan Width": 12, "Index Cond": "(c_nationkey = nation.n_nationkey)"}]}, {"Node Type": "Index Scan", "Parent Relationship": "Inner", "Scan Direction": "Forward", "Index Name": "idx_orders_custkey", "Relation Name": "orders", "Alias": "orders", "Startup Cost": 0.0, "Total Cost": 1.24, "Plan Rows": 1, "Plan Width": 16, "Index Cond": "(o_custkey = customer.c_custkey)", "Filter": "((o_orderdate >= '1994-01-01 00:00:00'::timestamp(0) without time zone) AND (o_orderdate < '1995-01-01 00:00:00'::timestamp without time zone))"}]}, {"Node Type": "Index Scan", "Parent Relationship": "Inner", "Scan Direction": "Forward", "Index Name": "idx_lineitem_orderkey", "Relation Name": "lineitem", "Alias": "lineitem", "Startup Cost": 0.0, "Total Cost": 3.05, "Plan Rows": 9, "Plan Width": 32, "Index Cond": "(l_orderkey = orders.o_orderkey)"}]}, {"Node Type": "Hash", "Parent Relationship": "Inner", "Startup Cost": 3283.0, "Total Cost": 3283.0, "Plan Rows": 100000, "Plan Width": 12, "Plans": [{"Node Type": "Seq Scan", "Parent Relationship": "Outer", "Relation Name": "supplier", "Alias": "supplier", "Startup Cost": 0.0, "Total Cost": 3283.0, "Plan Rows": 100000, "Plan Width": 12}]}]}]}]}, "Unique SQL Id": 1392561963}, "explain_analyze_plan": {"Plan": {"Node Type": "Sort", "Startup Cost": 1725085.77, "Total Cost": 1725085.83, "Plan Rows": 25, "Plan Width": 42, "Actual Startup Time": 17048.059, "Actual Total Time": 17048.06, "Actual Rows": 5, "Actual Loops": 1, "Sort Key": ["(sum((lineitem.l_extendedprice * (1::double precision - lineitem.l_discount)))) DESC"], "Sort Method": "quicksort", "Sort Space Used": 25, "Sort Space Type": "Memory", "Plans": [{"Node Type": "Aggregate", "Strategy": "Hashed", "Parent Relationship": "Outer", "Startup Cost": 1725084.93, "Total Cost": 1725085.18, "Plan Rows": 25, "Plan Width": 42, "Actual Startup Time": 17048.024, "Actual Total Time": 17048.027, "Actual Rows": 5, "Actual Loops": 1, "Group By Key": ["nation.n_name"], "Plans": [{"Node Type": "Hash Join", "Parent Relationship": "Outer", "Join Type": "Inner", "Startup Cost": 4783.0, "Total Cost": 1724991.03, "Plan Rows": 9390, "Plan Width": 42, "Actual Startup Time": 67.907, "Actual Total Time": 16968.366, "Actual Rows": 72985, "Actual Loops": 1, "Inner Unique": true, "Hash Cond": "((lineitem.l_suppkey = supplier.s_suppkey) AND (customer.c_nationkey = supplier.s_nationkey))", "Plans": [{"Node Type": "Nested Loop", "Parent Relationship": "Outer", "Join Type": "Inner", "Startup Cost": 0.0, "Total Cost": 1692447.02, "Plan Rows": 3688948, "Plan Width": 58, "Actual Startup Time": 0.151, "Actual Total Time": 16051.895, "Actual Rows": 1815222, "Actual Loops": 1, "Inner Unique": false, "Plans": [{"Node Type": "Nested Loop", "Parent Relationship": "Outer", "Join Type": "Inner", "Startup Cost": 0.0, "Total Cost": 416652.61, "Plan Rows": 406290, "Plan Width": 42, "Actual Startup Time": 0.134, "Actual Total Time": 9938.278, "Actual Rows": 454183, "Actual Loops": 1, "Inner Unique": false, "Plans": [{"Node Type": "Nested Loop", "Parent Relationship": "Outer", "Join Type": "Inner", "Startup Cost": 0.0, "Total Cost": 41543.81, "Plan Rows": 300000, "Plan Width": 42, "Actual Startup Time": 0.079, "Actual Total Time": 546.267, "Actual Rows": 299838, "Actual Loops": 1, "Inner Unique": false, "Plans": [{"Node Type": "Nested Loop", "Parent Relationship": "Outer", "Join Type": "Inner", "Startup Cost": 0.0, "Total Cost": 31.69, "Plan Rows": 5, "Plan Width": 30, "Actual Startup Time": 0.046, "Actual Total Time": 0.189, "Actual Rows": 5, "Actual Loops": 1, "Inner Unique": true, "Plans": [{"Node Type": "Index Scan", "Parent Relationship": "Outer", "Scan Direction": "Forward", "Index Name": "nation_pkey", "Relation Name": "nation", "Alias": "nation", "Startup Cost": 0.0, "Total Cost": 12.62, "Plan Rows": 25, "Plan Width": 34, "Actual Startup Time": 0.014, "Actual Total Time": 0.042, "Actual Rows": 25, "Actual Loops": 1}, {"Node Type": "Index Scan", "Parent Relationship": "Inner", "Scan Direction": "Forward", "Index Name": "region_pkey", "Relation Name": "region", "Alias": "region", "Startup Cost": 0.0, "Total Cost": 0.75, "Plan Rows": 1, "Plan Width": 4, "Actual Startup Time": 0.098, "Actual Total Time": 0.098, "Actual Rows": 5, "Actual Loops": 25, "Index Cond": "(r_regionkey = nation.n_regionkey)", "Rows Removed by Index Recheck": 0, "Filter": "(r_name = 'MIDDLE EAST'::bpchar)", "Rows Removed by Filter": 20}]}, {"Node Type": "Index Scan", "Parent Relationship": "Inner", "Scan Direction": "Forward", "Index Name": "idx_customer_nationkey", "Relation Name": "customer", "Alias": "customer", "Startup Cost": 0.0, "Total Cost": 7702.43, "Plan Rows": 60000, "Plan Width": 12, "Actual Startup Time": 0.161, "Actual Total Time": 462.985, "Actual Rows": 299838, "Actual Loops": 5, "Index Cond": "(c_nationkey = nation.n_nationkey)", "Rows Removed by Index Recheck": 0}]}, {"Node Type": "Index Scan", "Parent Relationship": "Inner", "Scan Direction": "Forward", "Index Name": "idx_orders_custkey", "Relation Name": "orders", "Alias": "orders", "Startup Cost": 0.0, "Total Cost": 1.24, "Plan Rows": 1, "Plan Width": 16, "Actual Startup Time": 4306.439, "Actual Total Time": 9132.081, "Actual Rows": 454183, "Actual Loops": 299838, "Index Cond": "(o_custkey = customer.c_custkey)", "Rows Removed by Index Recheck": 0, "Filter": "((o_orderdate >= '1994-01-01 00:00:00'::timestamp(0) without time zone) AND (o_orderdate < '1995-01-01 00:00:00'::timestamp without time zone))", "Rows Removed by Filter": 2542535}]}, {"Node Type": "Index Scan", "Parent Relationship": "Inner", "Scan Direction": "Forward", "Index Name": "idx_lineitem_orderkey", "Relation Name": "lineitem", "Alias": "lineitem", "Startup Cost": 0.0, "Total Cost": 3.05, "Plan Rows": 9, "Plan Width": 32, "Actual Startup Time": 4476.213, "Actual Total Time": 5471.257, "Actual Rows": 1815222, "Actual Loops": 454183, "Index Cond": "(l_orderkey = orders.o_orderkey)", "Rows Removed by Index Recheck": 0}]}, {"Node Type": "Hash", "Parent Relationship": "Inner", "Startup Cost": 3283.0, "Total Cost": 3283.0, "Plan Rows": 100000, "Plan Width": 12, "Actual Startup Time": 67.502, "Actual Total Time": 67.502, "Actual Rows": 100000, "Actual Loops": 1, "Hash Buckets": 131072, "Hash Batches": 1, "Original Hash Batches": 1, "Peak Memory Usage": 4297, "Plans": [{"Node Type": "Seq Scan", "Parent Relationship": "Outer", "Relation Name": "supplier", "Alias": "supplier", "Startup Cost": 0.0, "Total Cost": 3283.0, "Plan Rows": 100000, "Plan Width": 12, "Actual Startup Time": 0.016, "Actual Total Time": 36.834, "Actual Rows": 100000, "Actual Loops": 1}]}]}]}]}, "Triggers": [], "Planner Runtime": 6.448, "Total Runtime": 17048.367, "Unique SQL Id": 1392561963}}, "(1, 73)": {"explain_plan": {"Plan": {"Node Type": "Sort", "Startup Cost": 1727137.31, "Total Cost": 1727137.37, "Plan Rows": 25, "Plan Width": 42, "Sort Key": ["(sum((lineitem.l_extendedprice * (1::double precision - lineitem.l_discount)))) DESC"], "Plans": [{"Node Type": "Aggregate", "Strategy": "Hashed", "Parent Relationship": "Outer", "Startup Cost": 1727136.48, "Total Cost": 1727136.73, "Plan Rows": 25, "Plan Width": 42, "Group By Key": ["nation.n_name"], "Plans": [{"Node Type": "Hash Join", "Parent Relationship": "Outer", "Join Type": "Inner", "Startup Cost": 6834.54, "Total Cost": 1727042.58, "Plan Rows": 9390, "Plan Width": 42, "Inner Unique": true, "Hash Cond": "((lineitem.l_suppkey = supplier.s_suppkey) AND (customer.c_nationkey = supplier.s_nationkey))", "Plans": [{"Node Type": "Nested Loop", "Parent Relationship": "Outer", "Join Type": "Inner", "Startup Cost": 0.0, "Total Cost": 1692447.02, "Plan Rows": 3688948, "Plan Width": 58, "Inner Unique": false, "Plans": [{"Node Type": "Nested Loop", "Parent Relationship": "Outer", "Join Type": "Inner", "Startup Cost": 0.0, "Total Cost": 416652.61, "Plan Rows": 406290, "Plan Width": 42, "Inner Unique": false, "Plans": [{"Node Type": "Nested Loop", "Parent Relationship": "Outer", "Join Type": "Inner", "Startup Cost": 0.0, "Total Cost": 41543.81, "Plan Rows": 300000, "Plan Width": 42, "Inner Unique": false, "Plans": [{"Node Type": "Nested Loop", "Parent Relationship": "Outer", "Join Type": "Inner", "Startup Cost": 0.0, "Total Cost": 31.69, "Plan Rows": 5, "Plan Width": 30, "Inner Unique": true, "Plans": [{"Node Type": "Index Scan", "Parent Relationship": "Outer", "Scan Direction": "Forward", "Index Name": "nation_pkey", "Relation Name": "nation", "Alias": "nation", "Startup Cost": 0.0, "Total Cost": 12.62, "Plan Rows": 25, "Plan Width": 34}, {"Node Type": "Index Scan", "Parent Relationship": "Inner", "Scan Direction": "Forward", "Index Name": "region_pkey", "Relation Name": "region", "Alias": "region", "Startup Cost": 0.0, "Total Cost": 0.75, "Plan Rows": 1, "Plan Width": 4, "Index Cond": "(r_regionkey = nation.n_regionkey)", "Filter": "(r_name = 'MIDDLE EAST'::bpchar)"}]}, {"Node Type": "Index Scan", "Parent Relationship": "Inner", "Scan Direction": "Forward", "Index Name": "idx_customer_nationkey", "Relation Name": "customer", "Alias": "customer", "Startup Cost": 0.0, "Total Cost": 7702.43, "Plan Rows": 60000, "Plan Width": 12, "Index Cond": "(c_nationkey = nation.n_nationkey)"}]}, {"Node Type": "Index Scan", "Parent Relationship": "Inner", "Scan Direction": "Forward", "Index Name": "idx_orders_custkey", "Relation Name": "orders", "Alias": "orders", "Startup Cost": 0.0, "Total Cost": 1.24, "Plan Rows": 1, "Plan Width": 16, "Index Cond": "(o_custkey = customer.c_custkey)", "Filter": "((o_orderdate >= '1994-01-01 00:00:00'::timestamp(0) without time zone) AND (o_orderdate < '1995-01-01 00:00:00'::timestamp without time zone))"}]}, {"Node Type": "Index Scan", "Parent Relationship": "Inner", "Scan Direction": "Forward", "Index Name": "idx_lineitem_orderkey", "Relation Name": "lineitem", "Alias": "lineitem", "Startup Cost": 0.0, "Total Cost": 3.05, "Plan Rows": 9, "Plan Width": 32, "Index Cond": "(l_orderkey = orders.o_orderkey)"}]}, {"Node Type": "Hash", "Parent Relationship": "Inner", "Startup Cost": 5334.54, "Total Cost": 5334.54, "Plan Rows": 100000, "Plan Width": 12, "Plans": [{"Node Type": "Index Scan", "Parent Relationship": "Outer", "Scan Direction": "Forward", "Index Name": "supplier_pkey", "Relation Name": "supplier", "Alias": "supplier", "Startup Cost": 0.0, "Total Cost": 5334.54, "Plan Rows": 100000, "Plan Width": 12}]}]}]}]}, "Unique SQL Id": 1392561963}, "explain_analyze_plan": {"Plan": {"Node Type": "Sort", "Startup Cost": 1727137.31, "Total Cost": 1727137.37, "Plan Rows": 25, "Plan Width": 42, "Actual Startup Time": 16125.544, "Actual Total Time": 16125.544, "Actual Rows": 5, "Actual Loops": 1, "Sort Key": ["(sum((lineitem.l_extendedprice * (1::double precision - lineitem.l_discount)))) DESC"], "Sort Method": "quicksort", "Sort Space Used": 25, "Sort Space Type": "Memory", "Plans": [{"Node Type": "Aggregate", "Strategy": "Hashed", "Parent Relationship": "Outer", "Startup Cost": 1727136.48, "Total Cost": 1727136.73, "Plan Rows": 25, "Plan Width": 42, "Actual Startup Time": 16125.517, "Actual Total Time": 16125.52, "Actual Rows": 5, "Actual Loops": 1, "Group By Key": ["nation.n_name"], "Plans": [{"Node Type": "Hash Join", "Parent Relationship": "Outer", "Join Type": "Inner", "Startup Cost": 6834.54, "Total Cost": 1727042.58, "Plan Rows": 9390, "Plan Width": 42, "Actual Startup Time": 94.67, "Actual Total Time": 16046.461, "Actual Rows": 72985, "Actual Loops": 1, "Inner Unique": true, "Hash Cond": "((lineitem.l_suppkey = supplier.s_suppkey) AND (customer.c_nationkey = supplier.s_nationkey))", "Plans": [{"Node Type": "Nested Loop", "Parent Relationship": "Outer", "Join Type": "Inner", "Startup Cost": 0.0, "Total Cost": 1692447.02, "Plan Rows": 3688948, "Plan Width": 58, "Actual Startup Time": 0.152, "Actual Total Time": 15146.214, "Actual Rows": 1815222, "Actual Loops": 1, "Inner Unique": false, "Plans": [{"Node Type": "Nested Loop", "Parent Relationship": "Outer", "Join Type": "Inner", "Startup Cost": 0.0, "Total Cost": 416652.61, "Plan Rows": 406290, "Plan Width": 42, "Actual Startup Time": 0.133, "Actual Total Time": 9344.761, "Actual Rows": 454183, "Actual Loops": 1, "Inner Unique": false, "Plans": [{"Node Type": "Nested Loop", "Parent Relationship": "Outer", "Join Type": "Inner", "Startup Cost": 0.0, "Total Cost": 41543.81, "Plan Rows": 300000, "Plan Width": 42, "Actual Startup Time": 0.078, "Actual Total Time": 515.783, "Actual Rows": 299838, "Actual Loops": 1, "Inner Unique": false, "Plans": [{"Node Type": "Nested Loop", "Parent Relationship": "Outer", "Join Type": "Inner", "Startup Cost": 0.0, "Total Cost": 31.69, "Plan Rows": 5, "Plan Width": 30, "Actual Startup Time": 0.047, "Actual Total Time": 0.17, "Actual Rows": 5, "Actual Loops": 1, "Inner Unique": true, "Plans": [{"Node Type": "Index Scan", "Parent Relationship": "Outer", "Scan Direction": "Forward", "Index Name": "nation_pkey", "Relation Name": "nation", "Alias": "nation", "Startup Cost": 0.0, "Total Cost": 12.62, "Plan Rows": 25, "Plan Width": 34, "Actual Startup Time": 0.013, "Actual Total Time": 0.04, "Actual Rows": 25, "Actual Loops": 1}, {"Node Type": "Index Scan", "Parent Relationship": "Inner", "Scan Direction": "Forward", "Index Name": "region_pkey", "Relation Name": "region", "Alias": "region", "Startup Cost": 0.0, "Total Cost": 0.75, "Plan Rows": 1, "Plan Width": 4, "Actual Startup Time": 0.091, "Actual Total Time": 0.091, "Actual Rows": 5, "Actual Loops": 25, "Index Cond": "(r_regionkey = nation.n_regionkey)", "Rows Removed by Index Recheck": 0, "Filter": "(r_name = 'MIDDLE EAST'::bpchar)", "Rows Removed by Filter": 20}]}, {"Node Type": "Index Scan", "Parent Relationship": "Inner", "Scan Direction": "Forward", "Index Name": "idx_customer_nationkey", "Relation Name": "customer", "Alias": "customer", "Startup Cost": 0.0, "Total Cost": 7702.43, "Plan Rows": 60000, "Plan Width": 12, "Actual Startup Time": 0.14, "Actual Total Time": 434.542, "Actual Rows": 299838, "Actual Loops": 5, "Index Cond": "(c_nationkey = nation.n_nationkey)", "Rows Removed by Index Recheck": 0}]}, {"Node Type": "Index Scan", "Parent Relationship": "Inner", "Scan Direction": "Forward", "Index Name": "idx_orders_custkey", "Relation Name": "orders", "Alias": "orders", "Startup Cost": 0.0, "Total Cost": 1.24, "Plan Rows": 1, "Plan Width": 16, "Actual Startup Time": 4053.248, "Actual Total Time": 8569.655, "Actual Rows": 454183, "Actual Loops": 299838, "Index Cond": "(o_custkey = customer.c_custkey)", "Rows Removed by Index Recheck": 0, "Filter": "((o_orderdate >= '1994-01-01 00:00:00'::timestamp(0) without time zone) AND (o_orderdate < '1995-01-01 00:00:00'::timestamp without time zone))", "Rows Removed by Filter": 2542535}]}, {"Node Type": "Index Scan", "Parent Relationship": "Inner", "Scan Direction": "Forward", "Index Name": "idx_lineitem_orderkey", "Relation Name": "lineitem", "Alias": "lineitem", "Startup Cost": 0.0, "Total Cost": 3.05, "Plan Rows": 9, "Plan Width": 32, "Actual Startup Time": 4207.697, "Actual Total Time": 5157.911, "Actual Rows": 1815222, "Actual Loops": 454183, "Index Cond": "(l_orderkey = orders.o_orderkey)", "Rows Removed by Index Recheck": 0}]}, {"Node Type": "Hash", "Parent Relationship": "Inner", "Startup Cost": 5334.54, "Total Cost": 5334.54, "Plan Rows": 100000, "Plan Width": 12, "Actual Startup Time": 94.293, "Actual Total Time": 94.293, "Actual Rows": 100000, "Actual Loops": 1, "Hash Buckets": 131072, "Hash Batches": 1, "Original Hash Batches": 1, "Peak Memory Usage": 4297, "Plans": [{"Node Type": "Index Scan", "Parent Relationship": "Outer", "Scan Direction": "Forward", "Index Name": "supplier_pkey", "Relation Name": "supplier", "Alias": "supplier", "Startup Cost": 0.0, "Total Cost": 5334.54, "Plan Rows": 100000, "Plan Width": 12, "Actual Startup Time": 0.02, "Actual Total Time": 61.359, "Actual Rows": 100000, "Actual Loops": 1}]}]}]}]}, "Triggers": [], "Planner Runtime": 6.29, "Total Runtime": 16125.838, "Unique SQL Id": 1392561963}}, "(1, 74)": {"explain_plan": {"Plan": {"Node Type": "Sort", "Startup Cost": 2891580.15, "Total Cost": 2891580.22, "Plan Rows": 25, "Plan Width": 42, "Sort Key": ["(sum((lineitem.l_extendedprice * (1::double precision - lineitem.l_discount)))) DESC"], "Plans": [{"Node Type": "Aggregate", "Strategy": "Hashed", "Parent Relationship": "Outer", "Startup Cost": 2891579.32, "Total Cost": 2891579.57, "Plan Rows": 25, "Plan Width": 42, "Group By Key": ["nation.n_name"], "Plans": [{"Node Type": "Hash Join", "Parent Relationship": "Outer", "Join Type": "Inner", "Startup Cost": 586755.18, "Total Cost": 2891485.42, "Plan Rows": 9390, "Plan Width": 42, "Inner Unique": true, "Hash Cond": "((lineitem.l_suppkey = supplier.s_suppkey) AND (customer.c_nationkey = supplier.s_nationkey))", "Plans": [{"Node Type": "Hash Join", "Parent Relationship": "Outer", "Join Type": "Inner", "Startup Cost": 581972.18, "Total Cost": 2858928.33, "Plan Rows": 3688948, "Plan Width": 58, "Inner Unique": false, "Hash Cond": "(lineitem.l_orderkey = orders.o_orderkey), (LLVM Optimized)", "Plans": [{"Node Type": "Seq Scan", "Parent Relationship": "Outer", "Relation Name": "lineitem", "Alias": "lineitem", "Startup Cost": 0.0, "Total Cost": 2015115.33, "Plan Rows": 59987033, "Plan Width": 32}, {"Node Type": "Hash", "Parent Relationship": "Inner", "Startup Cost": 576893.55, "Total Cost": 576893.55, "Plan Rows": 406290, "Plan Width": 42, "Plans": [{"Node Type": "Hash Join", "Parent Relationship": "Outer", "Join Type": "Inner", "Startup Cost": 63305.42, "Total Cost": 576893.55, "Plan Rows": 406290, "Plan Width": 42, "Inner Unique": false, "Hash Cond": "(orders.o_custkey = customer.c_custkey), (LLVM Optimized)", "Plans": [{"Node Type": "Seq Scan", "Parent Relationship": "Outer", "Relation Name": "orders", "Alias": "orders", "Startup Cost": 442.55, "Total Cost": 501411.18, "Plan Rows": 2281758, "Plan Width": 16, "Filter": "((o_orderdate >= '1994-01-01 00:00:00'::timestamp(0) without time zone) AND (o_orderdate < '1995-01-01 00:00:00'::timestamp without time zone)), (LLVM Optimized)"}, {"Node Type": "Hash", "Parent Relationship": "Inner", "Startup Cost": 59112.88, "Total Cost": 59112.88, "Plan Rows": 300000, "Plan Width": 42, "Plans": [{"Node Type": "Hash Join", "Parent Relationship": "Outer", "Join Type": "Inner", "Startup Cost": 2.5, "Total Cost": 59112.88, "Plan Rows": 300000, "Plan Width": 42, "Inner Unique": false, "Hash Cond": "(customer.c_nationkey = nation.n_nationkey), (LLVM Optimized)", "Plans": [{"Node Type": "Seq Scan", "Parent Relationship": "Outer", "Relation Name": "customer", "Alias": "customer", "Startup Cost": 0.0, "Total Cost": 52126.0, "Plan Rows": 1500000, "Plan Width": 12}, {"Node Type": "Hash", "Parent Relationship": "Inner", "Startup Cost": 2.44, "Total Cost": 2.44, "Plan Rows": 5, "Plan Width": 30, "Plans": [{"Node Type": "Hash Join", "Parent Relationship": "Outer", "Join Type": "Inner", "Startup Cost": 1.07, "Total Cost": 2.44, "Plan Rows": 5, "Plan Width": 30, "Inner Unique": true, "Hash Cond": "(nation.n_regionkey = region.r_regionkey)", "Plans": [{"Node Type": "Seq Scan", "Parent Relationship": "Outer", "Relation Name": "nation", "Alias": "nation", "Startup Cost": 0.0, "Total Cost": 1.25, "Plan Rows": 25, "Plan Width": 34}, {"Node Type": "Hash", "Parent Relationship": "Inner", "Startup Cost": 1.06, "Total Cost": 1.06, "Plan Rows": 1, "Plan Width": 4, "Plans": [{"Node Type": "Seq Scan", "Parent Relationship": "Outer", "Relation Name": "region", "Alias": "region", "Startup Cost": 0.0, "Total Cost": 1.06, "Plan Rows": 1, "Plan Width": 4, "Filter": "(r_name = 'MIDDLE EAST'::bpchar)"}]}]}]}]}]}]}]}]}, {"Node Type": "Hash", "Parent Relationship": "Inner", "Startup Cost": 3283.0, "Total Cost": 3283.0, "Plan Rows": 100000, "Plan Width": 12, "Plans": [{"Node Type": "Seq Scan", "Parent Relationship": "Outer", "Relation Name": "supplier", "Alias": "supplier", "Startup Cost": 0.0, "Total Cost": 3283.0, "Plan Rows": 100000, "Plan Width": 12}]}]}]}]}, "Unique SQL Id": 1392561963}, "explain_analyze_plan": null}, "(1, 75)": {"explain_plan": {"Plan": {"Node Type": "Sort", "Startup Cost": 6000538575450.4, "Total Cost": 6000538575450.46, "Plan Rows": 25, "Plan Width": 42, "Sort Key": ["(sum((lineitem.l_extendedprice * (1::double precision - lineitem.l_discount)))) DESC"], "Plans": [{"Node Type": "Aggregate", "Strategy": "Hashed", "Parent Relationship": "Outer", "Startup Cost": 6000538575449.57, "Total Cost": 6000538575449.82, "Plan Rows": 25, "Plan Width": 42, "Group By Key": ["nation.n_name"], "Plans": [{"Node Type": "Hash Join", "Parent Relationship": "Outer", "Join Type": "Inner", "Startup Cost": 3030389125516.43, "Total Cost": 6000538575355.67, "Plan Rows": 9390, "Plan Width": 42, "Inner Unique": false, "Hash Cond": "((customer.c_custkey = orders.o_custkey) AND (supplier.s_suppkey = lineitem.l_suppkey))", "Plans": [{"Node Type": "Hash Join", "Parent Relationship": "Outer", "Join Type": "Inner", "Startup Cost": 1030000001233.76, "Total Cost": 4000137451743.55, "Plan Rows": 1199923555, "Plan Width": 42, "Inner Unique": true, "Hash Cond": "(nation.n_regionkey = region.r_regionkey), (LLVM Optimized)", "Plans": [{"Node Type": "Merge Join", "Parent Relationship": "Outer", "Join Type": "Inner", "Startup Cost": 30000000000.0, "Total Cost": 3000110414732.2, "Plan Rows": 5999617773, "Plan Width": 46, "Inner Unique": false, "Merge Cond": "(supplier.s_nationkey = customer.c_nationkey)", "Plans": [{"Node Type": "Merge Join", "Parent Relationship": "Outer", "Join Type": "Inner", "Startup Cost": 20000000000.0, "Total Cost": 2000001220069.35, "Plan Rows": 100000, "Plan Width": 46, "Inner Unique": false, "Merge Cond": "(nation.n_nationkey = supplier.s_nationkey)", "Plans": [{"Node Type": "Index Scan", "Parent Relationship": "Outer", "Scan Direction": "Forward", "Index Name": "nation_pkey", "Relation Name": "nation", "Alias": "nation", "Startup Cost": 10000000000.0, "Total Cost": 1000000001262.5, "Plan Rows": 25, "Plan Width": 34}, {"Node Type": "Index Scan", "Parent Relationship": "Inner", "Scan Direction": "Forward", "Index Name": "idx_supplier_nation_key", "Relation Name": "supplier", "Alias": "supplier", "Startup Cost": 10000000000.0, "Total Cost": 1000001217556.78, "Plan Rows": 100000, "Plan Width": 12}]}, {"Node Type": "Materialize", "Parent Relationship": "Inner", "Startup Cost": 10000000000.0, "Total Cost": 1000019203896.25, "Plan Rows": 1500000, "Plan Width": 12, "Plans": [{"Node Type": "Index Scan", "Parent Relationship": "Outer", "Scan Direction": "Forward", "Index Name": "idx_customer_nationkey", "Relation Name": "customer", "Alias": "customer", "Startup Cost": 10000000000.0, "Total Cost": 1000019200146.25, "Plan Rows": 1500000, "Plan Width": 12}]}]}, {"Node Type": "Hash", "Parent Relationship": "Inner", "Startup Cost": 1000000001233.75, "Total Cost": 1000000001233.75, "Plan Rows": 1, "Plan Width": 4, "Plans": [{"Node Type": "Index Scan", "Parent Relationship": "Outer", "Scan Direction": "Forward", "Index Name": "region_pkey", "Relation Name": "region", "Alias": "region", "Startup Cost": 10000000000.0, "Total Cost": 1000000001233.75, "Plan Rows": 1, "Plan Width": 4, "Filter": "(r_name = 'MIDDLE EAST'::bpchar)"}]}]}, {"Node Type": "Hash", "Parent Relationship": "Inner", "Startup Cost": 2000388813521.41, "Total Cost": 2000388813521.41, "Plan Rows": 20717417, "Plan Width": 32, "Plans": [{"Node Type": "Merge Join", "Parent Relationship": "Outer", "Join Type": "Inner", "Startup Cost": 20036448550.05, "Total Cost": 2000388813521.41, "Plan Rows": 20717417, "Plan Width": 32, "Inner Unique": false, "Merge Cond": "(orders.o_orderkey = lineitem.l_orderkey)", "Plans": [{"Node Type": "Index Scan", "Parent Relationship": "Outer", "Scan Direction": "Forward", "Index Name": "orders_pkey", "Relation Name": "orders", "Alias": "orders", "Startup Cost": 10000000000.0, "Total Cost": 1000080597583.0, "Plan Rows": 2281758, "Plan Width": 16, "Filter": "((o_orderdate >= '1994-01-01 00:00:00'::timestamp(0) without time zone) AND (o_orderdate < '1995-01-01 00:00:00'::timestamp without time zone)), (LLVM Optimized)"}, {"Node Type": "Index Scan", "Parent Relationship": "Inner", "Scan Direction": "Forward", "Index Name": "idx_lineitem_orderkey", "Relation Name": "lineitem", "Alias": "lineitem", "Startup Cost": 10000000000.0, "Total Cost": 1000324015374.5, "Plan Rows": 59987033, "Plan Width": 32}]}]}]}]}]}, "Unique SQL Id": 1392561963}, "explain_analyze_plan": null}, "(1, 76)": {"explain_plan": {"Plan": {"Node Type": "Sort", "Startup Cost": 1725085.77, "Total Cost": 1725085.83, "Plan Rows": 25, "Plan Width": 42, "Sort Key": ["(sum((lineitem.l_extendedprice * (1::double precision - lineitem.l_discount)))) DESC"], "Plans": [{"Node Type": "Aggregate", "Strategy": "Hashed", "Parent Relationship": "Outer", "Startup Cost": 1725084.93, "Total Cost": 1725085.18, "Plan Rows": 25, "Plan Width": 42, "Group By Key": ["nation.n_name"], "Plans": [{"Node Type": "Hash Join", "Parent Relationship": "Outer", "Join Type": "Inner", "Startup Cost": 4783.0, "Total Cost": 1724991.03, "Plan Rows": 9390, "Plan Width": 42, "Inner Unique": true, "Hash Cond": "((lineitem.l_suppkey = supplier.s_suppkey) AND (customer.c_nationkey = supplier.s_nationkey))", "Plans": [{"Node Type": "Nested Loop", "Parent Relationship": "Outer", "Join Type": "Inner", "Startup Cost": 0.0, "Total Cost": 1692447.02, "Plan Rows": 3688948, "Plan Width": 58, "Inner Unique": false, "Plans": [{"Node Type": "Nested Loop", "Parent Relationship": "Outer", "Join Type": "Inner", "Startup Cost": 0.0, "Total Cost": 416652.61, "Plan Rows": 406290, "Plan Width": 42, "Inner Unique": false, "Plans": [{"Node Type": "Nested Loop", "Parent Relationship": "Outer", "Join Type": "Inner", "Startup Cost": 0.0, "Total Cost": 41543.81, "Plan Rows": 300000, "Plan Width": 42, "Inner Unique": false, "Plans": [{"Node Type": "Nested Loop", "Parent Relationship": "Outer", "Join Type": "Inner", "Startup Cost": 0.0, "Total Cost": 31.69, "Plan Rows": 5, "Plan Width": 30, "Inner Unique": true, "Plans": [{"Node Type": "Index Scan", "Parent Relationship": "Outer", "Scan Direction": "Forward", "Index Name": "nation_pkey", "Relation Name": "nation", "Alias": "nation", "Startup Cost": 0.0, "Total Cost": 12.62, "Plan Rows": 25, "Plan Width": 34}, {"Node Type": "Index Scan", "Parent Relationship": "Inner", "Scan Direction": "Forward", "Index Name": "region_pkey", "Relation Name": "region", "Alias": "region", "Startup Cost": 0.0, "Total Cost": 0.75, "Plan Rows": 1, "Plan Width": 4, "Index Cond": "(r_regionkey = nation.n_regionkey)", "Filter": "(r_name = 'MIDDLE EAST'::bpchar)"}]}, {"Node Type": "Index Scan", "Parent Relationship": "Inner", "Scan Direction": "Forward", "Index Name": "idx_customer_nationkey", "Relation Name": "customer", "Alias": "customer", "Startup Cost": 0.0, "Total Cost": 7702.43, "Plan Rows": 60000, "Plan Width": 12, "Index Cond": "(c_nationkey = nation.n_nationkey)"}]}, {"Node Type": "Index Scan", "Parent Relationship": "Inner", "Scan Direction": "Forward", "Index Name": "idx_orders_custkey", "Relation Name": "orders", "Alias": "orders", "Startup Cost": 0.0, "Total Cost": 1.24, "Plan Rows": 1, "Plan Width": 16, "Index Cond": "(o_custkey = customer.c_custkey)", "Filter": "((o_orderdate >= '1994-01-01 00:00:00'::timestamp(0) without time zone) AND (o_orderdate < '1995-01-01 00:00:00'::timestamp without time zone))"}]}, {"Node Type": "Index Scan", "Parent Relationship": "Inner", "Scan Direction": "Forward", "Index Name": "idx_lineitem_orderkey", "Relation Name": "lineitem", "Alias": "lineitem", "Startup Cost": 0.0, "Total Cost": 3.05, "Plan Rows": 9, "Plan Width": 32, "Index Cond": "(l_orderkey = orders.o_orderkey)"}]}, {"Node Type": "Hash", "Parent Relationship": "Inner", "Startup Cost": 3283.0, "Total Cost": 3283.0, "Plan Rows": 100000, "Plan Width": 12, "Plans": [{"Node Type": "Seq Scan", "Parent Relationship": "Outer", "Relation Name": "supplier", "Alias": "supplier", "Startup Cost": 0.0, "Total Cost": 3283.0, "Plan Rows": 100000, "Plan Width": 12}]}]}]}]}, "Unique SQL Id": 1392561963}, "explain_analyze_plan": {"Plan": {"Node Type": "Sort", "Startup Cost": 1725085.77, "Total Cost": 1725085.83, "Plan Rows": 25, "Plan Width": 42, "Actual Startup Time": 17048.059, "Actual Total Time": 17048.06, "Actual Rows": 5, "Actual Loops": 1, "Sort Key": ["(sum((lineitem.l_extendedprice * (1::double precision - lineitem.l_discount)))) DESC"], "Sort Method": "quicksort", "Sort Space Used": 25, "Sort Space Type": "Memory", "Plans": [{"Node Type": "Aggregate", "Strategy": "Hashed", "Parent Relationship": "Outer", "Startup Cost": 1725084.93, "Total Cost": 1725085.18, "Plan Rows": 25, "Plan Width": 42, "Actual Startup Time": 17048.024, "Actual Total Time": 17048.027, "Actual Rows": 5, "Actual Loops": 1, "Group By Key": ["nation.n_name"], "Plans": [{"Node Type": "Hash Join", "Parent Relationship": "Outer", "Join Type": "Inner", "Startup Cost": 4783.0, "Total Cost": 1724991.03, "Plan Rows": 9390, "Plan Width": 42, "Actual Startup Time": 67.907, "Actual Total Time": 16968.366, "Actual Rows": 72985, "Actual Loops": 1, "Inner Unique": true, "Hash Cond": "((lineitem.l_suppkey = supplier.s_suppkey) AND (customer.c_nationkey = supplier.s_nationkey))", "Plans": [{"Node Type": "Nested Loop", "Parent Relationship": "Outer", "Join Type": "Inner", "Startup Cost": 0.0, "Total Cost": 1692447.02, "Plan Rows": 3688948, "Plan Width": 58, "Actual Startup Time": 0.151, "Actual Total Time": 16051.895, "Actual Rows": 1815222, "Actual Loops": 1, "Inner Unique": false, "Plans": [{"Node Type": "Nested Loop", "Parent Relationship": "Outer", "Join Type": "Inner", "Startup Cost": 0.0, "Total Cost": 416652.61, "Plan Rows": 406290, "Plan Width": 42, "Actual Startup Time": 0.134, "Actual Total Time": 9938.278, "Actual Rows": 454183, "Actual Loops": 1, "Inner Unique": false, "Plans": [{"Node Type": "Nested Loop", "Parent Relationship": "Outer", "Join Type": "Inner", "Startup Cost": 0.0, "Total Cost": 41543.81, "Plan Rows": 300000, "Plan Width": 42, "Actual Startup Time": 0.079, "Actual Total Time": 546.267, "Actual Rows": 299838, "Actual Loops": 1, "Inner Unique": false, "Plans": [{"Node Type": "Nested Loop", "Parent Relationship": "Outer", "Join Type": "Inner", "Startup Cost": 0.0, "Total Cost": 31.69, "Plan Rows": 5, "Plan Width": 30, "Actual Startup Time": 0.046, "Actual Total Time": 0.189, "Actual Rows": 5, "Actual Loops": 1, "Inner Unique": true, "Plans": [{"Node Type": "Index Scan", "Parent Relationship": "Outer", "Scan Direction": "Forward", "Index Name": "nation_pkey", "Relation Name": "nation", "Alias": "nation", "Startup Cost": 0.0, "Total Cost": 12.62, "Plan Rows": 25, "Plan Width": 34, "Actual Startup Time": 0.014, "Actual Total Time": 0.042, "Actual Rows": 25, "Actual Loops": 1}, {"Node Type": "Index Scan", "Parent Relationship": "Inner", "Scan Direction": "Forward", "Index Name": "region_pkey", "Relation Name": "region", "Alias": "region", "Startup Cost": 0.0, "Total Cost": 0.75, "Plan Rows": 1, "Plan Width": 4, "Actual Startup Time": 0.098, "Actual Total Time": 0.098, "Actual Rows": 5, "Actual Loops": 25, "Index Cond": "(r_regionkey = nation.n_regionkey)", "Rows Removed by Index Recheck": 0, "Filter": "(r_name = 'MIDDLE EAST'::bpchar)", "Rows Removed by Filter": 20}]}, {"Node Type": "Index Scan", "Parent Relationship": "Inner", "Scan Direction": "Forward", "Index Name": "idx_customer_nationkey", "Relation Name": "customer", "Alias": "customer", "Startup Cost": 0.0, "Total Cost": 7702.43, "Plan Rows": 60000, "Plan Width": 12, "Actual Startup Time": 0.161, "Actual Total Time": 462.985, "Actual Rows": 299838, "Actual Loops": 5, "Index Cond": "(c_nationkey = nation.n_nationkey)", "Rows Removed by Index Recheck": 0}]}, {"Node Type": "Index Scan", "Parent Relationship": "Inner", "Scan Direction": "Forward", "Index Name": "idx_orders_custkey", "Relation Name": "orders", "Alias": "orders", "Startup Cost": 0.0, "Total Cost": 1.24, "Plan Rows": 1, "Plan Width": 16, "Actual Startup Time": 4306.439, "Actual Total Time": 9132.081, "Actual Rows": 454183, "Actual Loops": 299838, "Index Cond": "(o_custkey = customer.c_custkey)", "Rows Removed by Index Recheck": 0, "Filter": "((o_orderdate >= '1994-01-01 00:00:00'::timestamp(0) without time zone) AND (o_orderdate < '1995-01-01 00:00:00'::timestamp without time zone))", "Rows Removed by Filter": 2542535}]}, {"Node Type": "Index Scan", "Parent Relationship": "Inner", "Scan Direction": "Forward", "Index Name": "idx_lineitem_orderkey", "Relation Name": "lineitem", "Alias": "lineitem", "Startup Cost": 0.0, "Total Cost": 3.05, "Plan Rows": 9, "Plan Width": 32, "Actual Startup Time": 4476.213, "Actual Total Time": 5471.257, "Actual Rows": 1815222, "Actual Loops": 454183, "Index Cond": "(l_orderkey = orders.o_orderkey)", "Rows Removed by Index Recheck": 0}]}, {"Node Type": "Hash", "Parent Relationship": "Inner", "Startup Cost": 3283.0, "Total Cost": 3283.0, "Plan Rows": 100000, "Plan Width": 12, "Actual Startup Time": 67.502, "Actual Total Time": 67.502, "Actual Rows": 100000, "Actual Loops": 1, "Hash Buckets": 131072, "Hash Batches": 1, "Original Hash Batches": 1, "Peak Memory Usage": 4297, "Plans": [{"Node Type": "Seq Scan", "Parent Relationship": "Outer", "Relation Name": "supplier", "Alias": "supplier", "Startup Cost": 0.0, "Total Cost": 3283.0, "Plan Rows": 100000, "Plan Width": 12, "Actual Startup Time": 0.016, "Actual Total Time": 36.834, "Actual Rows": 100000, "Actual Loops": 1}]}]}]}]}, "Triggers": [], "Planner Runtime": 6.448, "Total Runtime": 17048.367, "Unique SQL Id": 1392561963}}, "(1, 77)": {"explain_plan": {"Plan": {"Node Type": "Sort", "Startup Cost": 1727137.31, "Total Cost": 1727137.37, "Plan Rows": 25, "Plan Width": 42, "Sort Key": ["(sum((lineitem.l_extendedprice * (1::double precision - lineitem.l_discount)))) DESC"], "Plans": [{"Node Type": "Aggregate", "Strategy": "Hashed", "Parent Relationship": "Outer", "Startup Cost": 1727136.48, "Total Cost": 1727136.73, "Plan Rows": 25, "Plan Width": 42, "Group By Key": ["nation.n_name"], "Plans": [{"Node Type": "Hash Join", "Parent Relationship": "Outer", "Join Type": "Inner", "Startup Cost": 6834.54, "Total Cost": 1727042.58, "Plan Rows": 9390, "Plan Width": 42, "Inner Unique": true, "Hash Cond": "((lineitem.l_suppkey = supplier.s_suppkey) AND (customer.c_nationkey = supplier.s_nationkey))", "Plans": [{"Node Type": "Nested Loop", "Parent Relationship": "Outer", "Join Type": "Inner", "Startup Cost": 0.0, "Total Cost": 1692447.02, "Plan Rows": 3688948, "Plan Width": 58, "Inner Unique": false, "Plans": [{"Node Type": "Nested Loop", "Parent Relationship": "Outer", "Join Type": "Inner", "Startup Cost": 0.0, "Total Cost": 416652.61, "Plan Rows": 406290, "Plan Width": 42, "Inner Unique": false, "Plans": [{"Node Type": "Nested Loop", "Parent Relationship": "Outer", "Join Type": "Inner", "Startup Cost": 0.0, "Total Cost": 41543.81, "Plan Rows": 300000, "Plan Width": 42, "Inner Unique": false, "Plans": [{"Node Type": "Nested Loop", "Parent Relationship": "Outer", "Join Type": "Inner", "Startup Cost": 0.0, "Total Cost": 31.69, "Plan Rows": 5, "Plan Width": 30, "Inner Unique": true, "Plans": [{"Node Type": "Index Scan", "Parent Relationship": "Outer", "Scan Direction": "Forward", "Index Name": "nation_pkey", "Relation Name": "nation", "Alias": "nation", "Startup Cost": 0.0, "Total Cost": 12.62, "Plan Rows": 25, "Plan Width": 34}, {"Node Type": "Index Scan", "Parent Relationship": "Inner", "Scan Direction": "Forward", "Index Name": "region_pkey", "Relation Name": "region", "Alias": "region", "Startup Cost": 0.0, "Total Cost": 0.75, "Plan Rows": 1, "Plan Width": 4, "Index Cond": "(r_regionkey = nation.n_regionkey)", "Filter": "(r_name = 'MIDDLE EAST'::bpchar)"}]}, {"Node Type": "Index Scan", "Parent Relationship": "Inner", "Scan Direction": "Forward", "Index Name": "idx_customer_nationkey", "Relation Name": "customer", "Alias": "customer", "Startup Cost": 0.0, "Total Cost": 7702.43, "Plan Rows": 60000, "Plan Width": 12, "Index Cond": "(c_nationkey = nation.n_nationkey)"}]}, {"Node Type": "Index Scan", "Parent Relationship": "Inner", "Scan Direction": "Forward", "Index Name": "idx_orders_custkey", "Relation Name": "orders", "Alias": "orders", "Startup Cost": 0.0, "Total Cost": 1.24, "Plan Rows": 1, "Plan Width": 16, "Index Cond": "(o_custkey = customer.c_custkey)", "Filter": "((o_orderdate >= '1994-01-01 00:00:00'::timestamp(0) without time zone) AND (o_orderdate < '1995-01-01 00:00:00'::timestamp without time zone))"}]}, {"Node Type": "Index Scan", "Parent Relationship": "Inner", "Scan Direction": "Forward", "Index Name": "idx_lineitem_orderkey", "Relation Name": "lineitem", "Alias": "lineitem", "Startup Cost": 0.0, "Total Cost": 3.05, "Plan Rows": 9, "Plan Width": 32, "Index Cond": "(l_orderkey = orders.o_orderkey)"}]}, {"Node Type": "Hash", "Parent Relationship": "Inner", "Startup Cost": 5334.54, "Total Cost": 5334.54, "Plan Rows": 100000, "Plan Width": 12, "Plans": [{"Node Type": "Index Scan", "Parent Relationship": "Outer", "Scan Direction": "Forward", "Index Name": "supplier_pkey", "Relation Name": "supplier", "Alias": "supplier", "Startup Cost": 0.0, "Total Cost": 5334.54, "Plan Rows": 100000, "Plan Width": 12}]}]}]}]}, "Unique SQL Id": 1392561963}, "explain_analyze_plan": {"Plan": {"Node Type": "Sort", "Startup Cost": 1727137.31, "Total Cost": 1727137.37, "Plan Rows": 25, "Plan Width": 42, "Actual Startup Time": 16125.544, "Actual Total Time": 16125.544, "Actual Rows": 5, "Actual Loops": 1, "Sort Key": ["(sum((lineitem.l_extendedprice * (1::double precision - lineitem.l_discount)))) DESC"], "Sort Method": "quicksort", "Sort Space Used": 25, "Sort Space Type": "Memory", "Plans": [{"Node Type": "Aggregate", "Strategy": "Hashed", "Parent Relationship": "Outer", "Startup Cost": 1727136.48, "Total Cost": 1727136.73, "Plan Rows": 25, "Plan Width": 42, "Actual Startup Time": 16125.517, "Actual Total Time": 16125.52, "Actual Rows": 5, "Actual Loops": 1, "Group By Key": ["nation.n_name"], "Plans": [{"Node Type": "Hash Join", "Parent Relationship": "Outer", "Join Type": "Inner", "Startup Cost": 6834.54, "Total Cost": 1727042.58, "Plan Rows": 9390, "Plan Width": 42, "Actual Startup Time": 94.67, "Actual Total Time": 16046.461, "Actual Rows": 72985, "Actual Loops": 1, "Inner Unique": true, "Hash Cond": "((lineitem.l_suppkey = supplier.s_suppkey) AND (customer.c_nationkey = supplier.s_nationkey))", "Plans": [{"Node Type": "Nested Loop", "Parent Relationship": "Outer", "Join Type": "Inner", "Startup Cost": 0.0, "Total Cost": 1692447.02, "Plan Rows": 3688948, "Plan Width": 58, "Actual Startup Time": 0.152, "Actual Total Time": 15146.214, "Actual Rows": 1815222, "Actual Loops": 1, "Inner Unique": false, "Plans": [{"Node Type": "Nested Loop", "Parent Relationship": "Outer", "Join Type": "Inner", "Startup Cost": 0.0, "Total Cost": 416652.61, "Plan Rows": 406290, "Plan Width": 42, "Actual Startup Time": 0.133, "Actual Total Time": 9344.761, "Actual Rows": 454183, "Actual Loops": 1, "Inner Unique": false, "Plans": [{"Node Type": "Nested Loop", "Parent Relationship": "Outer", "Join Type": "Inner", "Startup Cost": 0.0, "Total Cost": 41543.81, "Plan Rows": 300000, "Plan Width": 42, "Actual Startup Time": 0.078, "Actual Total Time": 515.783, "Actual Rows": 299838, "Actual Loops": 1, "Inner Unique": false, "Plans": [{"Node Type": "Nested Loop", "Parent Relationship": "Outer", "Join Type": "Inner", "Startup Cost": 0.0, "Total Cost": 31.69, "Plan Rows": 5, "Plan Width": 30, "Actual Startup Time": 0.047, "Actual Total Time": 0.17, "Actual Rows": 5, "Actual Loops": 1, "Inner Unique": true, "Plans": [{"Node Type": "Index Scan", "Parent Relationship": "Outer", "Scan Direction": "Forward", "Index Name": "nation_pkey", "Relation Name": "nation", "Alias": "nation", "Startup Cost": 0.0, "Total Cost": 12.62, "Plan Rows": 25, "Plan Width": 34, "Actual Startup Time": 0.013, "Actual Total Time": 0.04, "Actual Rows": 25, "Actual Loops": 1}, {"Node Type": "Index Scan", "Parent Relationship": "Inner", "Scan Direction": "Forward", "Index Name": "region_pkey", "Relation Name": "region", "Alias": "region", "Startup Cost": 0.0, "Total Cost": 0.75, "Plan Rows": 1, "Plan Width": 4, "Actual Startup Time": 0.091, "Actual Total Time": 0.091, "Actual Rows": 5, "Actual Loops": 25, "Index Cond": "(r_regionkey = nation.n_regionkey)", "Rows Removed by Index Recheck": 0, "Filter": "(r_name = 'MIDDLE EAST'::bpchar)", "Rows Removed by Filter": 20}]}, {"Node Type": "Index Scan", "Parent Relationship": "Inner", "Scan Direction": "Forward", "Index Name": "idx_customer_nationkey", "Relation Name": "customer", "Alias": "customer", "Startup Cost": 0.0, "Total Cost": 7702.43, "Plan Rows": 60000, "Plan Width": 12, "Actual Startup Time": 0.14, "Actual Total Time": 434.542, "Actual Rows": 299838, "Actual Loops": 5, "Index Cond": "(c_nationkey = nation.n_nationkey)", "Rows Removed by Index Recheck": 0}]}, {"Node Type": "Index Scan", "Parent Relationship": "Inner", "Scan Direction": "Forward", "Index Name": "idx_orders_custkey", "Relation Name": "orders", "Alias": "orders", "Startup Cost": 0.0, "Total Cost": 1.24, "Plan Rows": 1, "Plan Width": 16, "Actual Startup Time": 4053.248, "Actual Total Time": 8569.655, "Actual Rows": 454183, "Actual Loops": 299838, "Index Cond": "(o_custkey = customer.c_custkey)", "Rows Removed by Index Recheck": 0, "Filter": "((o_orderdate >= '1994-01-01 00:00:00'::timestamp(0) without time zone) AND (o_orderdate < '1995-01-01 00:00:00'::timestamp without time zone))", "Rows Removed by Filter": 2542535}]}, {"Node Type": "Index Scan", "Parent Relationship": "Inner", "Scan Direction": "Forward", "Index Name": "idx_lineitem_orderkey", "Relation Name": "lineitem", "Alias": "lineitem", "Startup Cost": 0.0, "Total Cost": 3.05, "Plan Rows": 9, "Plan Width": 32, "Actual Startup Time": 4207.697, "Actual Total Time": 5157.911, "Actual Rows": 1815222, "Actual Loops": 454183, "Index Cond": "(l_orderkey = orders.o_orderkey)", "Rows Removed by Index Recheck": 0}]}, {"Node Type": "Hash", "Parent Relationship": "Inner", "Startup Cost": 5334.54, "Total Cost": 5334.54, "Plan Rows": 100000, "Plan Width": 12, "Actual Startup Time": 94.293, "Actual Total Time": 94.293, "Actual Rows": 100000, "Actual Loops": 1, "Hash Buckets": 131072, "Hash Batches": 1, "Original Hash Batches": 1, "Peak Memory Usage": 4297, "Plans": [{"Node Type": "Index Scan", "Parent Relationship": "Outer", "Scan Direction": "Forward", "Index Name": "supplier_pkey", "Relation Name": "supplier", "Alias": "supplier", "Startup Cost": 0.0, "Total Cost": 5334.54, "Plan Rows": 100000, "Plan Width": 12, "Actual Startup Time": 0.02, "Actual Total Time": 61.359, "Actual Rows": 100000, "Actual Loops": 1}]}]}]}]}, "Triggers": [], "Planner Runtime": 6.29, "Total Runtime": 16125.838, "Unique SQL Id": 1392561963}}, "(1, 78)": {"explain_plan": {"Plan": {"Node Type": "Sort", "Startup Cost": 2891580.15, "Total Cost": 2891580.22, "Plan Rows": 25, "Plan Width": 42, "Sort Key": ["(sum((lineitem.l_extendedprice * (1::double precision - lineitem.l_discount)))) DESC"], "Plans": [{"Node Type": "Aggregate", "Strategy": "Hashed", "Parent Relationship": "Outer", "Startup Cost": 2891579.32, "Total Cost": 2891579.57, "Plan Rows": 25, "Plan Width": 42, "Group By Key": ["nation.n_name"], "Plans": [{"Node Type": "Hash Join", "Parent Relationship": "Outer", "Join Type": "Inner", "Startup Cost": 586755.18, "Total Cost": 2891485.42, "Plan Rows": 9390, "Plan Width": 42, "Inner Unique": true, "Hash Cond": "((lineitem.l_suppkey = supplier.s_suppkey) AND (customer.c_nationkey = supplier.s_nationkey))", "Plans": [{"Node Type": "Hash Join", "Parent Relationship": "Outer", "Join Type": "Inner", "Startup Cost": 581972.18, "Total Cost": 2858928.33, "Plan Rows": 3688948, "Plan Width": 58, "Inner Unique": false, "Hash Cond": "(lineitem.l_orderkey = orders.o_orderkey), (LLVM Optimized)", "Plans": [{"Node Type": "Seq Scan", "Parent Relationship": "Outer", "Relation Name": "lineitem", "Alias": "lineitem", "Startup Cost": 0.0, "Total Cost": 2015115.33, "Plan Rows": 59987033, "Plan Width": 32}, {"Node Type": "Hash", "Parent Relationship": "Inner", "Startup Cost": 576893.55, "Total Cost": 576893.55, "Plan Rows": 406290, "Plan Width": 42, "Plans": [{"Node Type": "Hash Join", "Parent Relationship": "Outer", "Join Type": "Inner", "Startup Cost": 63305.42, "Total Cost": 576893.55, "Plan Rows": 406290, "Plan Width": 42, "Inner Unique": false, "Hash Cond": "(orders.o_custkey = customer.c_custkey), (LLVM Optimized)", "Plans": [{"Node Type": "Seq Scan", "Parent Relationship": "Outer", "Relation Name": "orders", "Alias": "orders", "Startup Cost": 442.55, "Total Cost": 501411.18, "Plan Rows": 2281758, "Plan Width": 16, "Filter": "((o_orderdate >= '1994-01-01 00:00:00'::timestamp(0) without time zone) AND (o_orderdate < '1995-01-01 00:00:00'::timestamp without time zone)), (LLVM Optimized)"}, {"Node Type": "Hash", "Parent Relationship": "Inner", "Startup Cost": 59112.88, "Total Cost": 59112.88, "Plan Rows": 300000, "Plan Width": 42, "Plans": [{"Node Type": "Hash Join", "Parent Relationship": "Outer", "Join Type": "Inner", "Startup Cost": 2.5, "Total Cost": 59112.88, "Plan Rows": 300000, "Plan Width": 42, "Inner Unique": false, "Hash Cond": "(customer.c_nationkey = nation.n_nationkey), (LLVM Optimized)", "Plans": [{"Node Type": "Seq Scan", "Parent Relationship": "Outer", "Relation Name": "customer", "Alias": "customer", "Startup Cost": 0.0, "Total Cost": 52126.0, "Plan Rows": 1500000, "Plan Width": 12}, {"Node Type": "Hash", "Parent Relationship": "Inner", "Startup Cost": 2.44, "Total Cost": 2.44, "Plan Rows": 5, "Plan Width": 30, "Plans": [{"Node Type": "Hash Join", "Parent Relationship": "Outer", "Join Type": "Inner", "Startup Cost": 1.07, "Total Cost": 2.44, "Plan Rows": 5, "Plan Width": 30, "Inner Unique": true, "Hash Cond": "(nation.n_regionkey = region.r_regionkey)", "Plans": [{"Node Type": "Seq Scan", "Parent Relationship": "Outer", "Relation Name": "nation", "Alias": "nation", "Startup Cost": 0.0, "Total Cost": 1.25, "Plan Rows": 25, "Plan Width": 34}, {"Node Type": "Hash", "Parent Relationship": "Inner", "Startup Cost": 1.06, "Total Cost": 1.06, "Plan Rows": 1, "Plan Width": 4, "Plans": [{"Node Type": "Seq Scan", "Parent Relationship": "Outer", "Relation Name": "region", "Alias": "region", "Startup Cost": 0.0, "Total Cost": 1.06, "Plan Rows": 1, "Plan Width": 4, "Filter": "(r_name = 'MIDDLE EAST'::bpchar)"}]}]}]}]}]}]}]}]}, {"Node Type": "Hash", "Parent Relationship": "Inner", "Startup Cost": 3283.0, "Total Cost": 3283.0, "Plan Rows": 100000, "Plan Width": 12, "Plans": [{"Node Type": "Seq Scan", "Parent Relationship": "Outer", "Relation Name": "supplier", "Alias": "supplier", "Startup Cost": 0.0, "Total Cost": 3283.0, "Plan Rows": 100000, "Plan Width": 12}]}]}]}]}, "Unique SQL Id": 1392561963}, "explain_analyze_plan": null}, "(1, 79)": {"explain_plan": {"Plan": {"Node Type": "Sort", "Startup Cost": 6000538575450.4, "Total Cost": 6000538575450.46, "Plan Rows": 25, "Plan Width": 42, "Sort Key": ["(sum((lineitem.l_extendedprice * (1::double precision - lineitem.l_discount)))) DESC"], "Plans": [{"Node Type": "Aggregate", "Strategy": "Hashed", "Parent Relationship": "Outer", "Startup Cost": 6000538575449.57, "Total Cost": 6000538575449.82, "Plan Rows": 25, "Plan Width": 42, "Group By Key": ["nation.n_name"], "Plans": [{"Node Type": "Hash Join", "Parent Relationship": "Outer", "Join Type": "Inner", "Startup Cost": 3030389125516.43, "Total Cost": 6000538575355.67, "Plan Rows": 9390, "Plan Width": 42, "Inner Unique": false, "Hash Cond": "((customer.c_custkey = orders.o_custkey) AND (supplier.s_suppkey = lineitem.l_suppkey))", "Plans": [{"Node Type": "Hash Join", "Parent Relationship": "Outer", "Join Type": "Inner", "Startup Cost": 1030000001233.76, "Total Cost": 4000137451743.55, "Plan Rows": 1199923555, "Plan Width": 42, "Inner Unique": true, "Hash Cond": "(nation.n_regionkey = region.r_regionkey), (LLVM Optimized)", "Plans": [{"Node Type": "Merge Join", "Parent Relationship": "Outer", "Join Type": "Inner", "Startup Cost": 30000000000.0, "Total Cost": 3000110414732.2, "Plan Rows": 5999617773, "Plan Width": 46, "Inner Unique": false, "Merge Cond": "(supplier.s_nationkey = customer.c_nationkey)", "Plans": [{"Node Type": "Merge Join", "Parent Relationship": "Outer", "Join Type": "Inner", "Startup Cost": 20000000000.0, "Total Cost": 2000001220069.35, "Plan Rows": 100000, "Plan Width": 46, "Inner Unique": false, "Merge Cond": "(nation.n_nationkey = supplier.s_nationkey)", "Plans": [{"Node Type": "Index Scan", "Parent Relationship": "Outer", "Scan Direction": "Forward", "Index Name": "nation_pkey", "Relation Name": "nation", "Alias": "nation", "Startup Cost": 10000000000.0, "Total Cost": 1000000001262.5, "Plan Rows": 25, "Plan Width": 34}, {"Node Type": "Index Scan", "Parent Relationship": "Inner", "Scan Direction": "Forward", "Index Name": "idx_supplier_nation_key", "Relation Name": "supplier", "Alias": "supplier", "Startup Cost": 10000000000.0, "Total Cost": 1000001217556.78, "Plan Rows": 100000, "Plan Width": 12}]}, {"Node Type": "Materialize", "Parent Relationship": "Inner", "Startup Cost": 10000000000.0, "Total Cost": 1000019203896.25, "Plan Rows": 1500000, "Plan Width": 12, "Plans": [{"Node Type": "Index Scan", "Parent Relationship": "Outer", "Scan Direction": "Forward", "Index Name": "idx_customer_nationkey", "Relation Name": "customer", "Alias": "customer", "Startup Cost": 10000000000.0, "Total Cost": 1000019200146.25, "Plan Rows": 1500000, "Plan Width": 12}]}]}, {"Node Type": "Hash", "Parent Relationship": "Inner", "Startup Cost": 1000000001233.75, "Total Cost": 1000000001233.75, "Plan Rows": 1, "Plan Width": 4, "Plans": [{"Node Type": "Index Scan", "Parent Relationship": "Outer", "Scan Direction": "Forward", "Index Name": "region_pkey", "Relation Name": "region", "Alias": "region", "Startup Cost": 10000000000.0, "Total Cost": 1000000001233.75, "Plan Rows": 1, "Plan Width": 4, "Filter": "(r_name = 'MIDDLE EAST'::bpchar)"}]}]}, {"Node Type": "Hash", "Parent Relationship": "Inner", "Startup Cost": 2000388813521.41, "Total Cost": 2000388813521.41, "Plan Rows": 20717417, "Plan Width": 32, "Plans": [{"Node Type": "Merge Join", "Parent Relationship": "Outer", "Join Type": "Inner", "Startup Cost": 20036448550.05, "Total Cost": 2000388813521.41, "Plan Rows": 20717417, "Plan Width": 32, "Inner Unique": false, "Merge Cond": "(orders.o_orderkey = lineitem.l_orderkey)", "Plans": [{"Node Type": "Index Scan", "Parent Relationship": "Outer", "Scan Direction": "Forward", "Index Name": "orders_pkey", "Relation Name": "orders", "Alias": "orders", "Startup Cost": 10000000000.0, "Total Cost": 1000080597583.0, "Plan Rows": 2281758, "Plan Width": 16, "Filter": "((o_orderdate >= '1994-01-01 00:00:00'::timestamp(0) without time zone) AND (o_orderdate < '1995-01-01 00:00:00'::timestamp without time zone)), (LLVM Optimized)"}, {"Node Type": "Index Scan", "Parent Relationship": "Inner", "Scan Direction": "Forward", "Index Name": "idx_lineitem_orderkey", "Relation Name": "lineitem", "Alias": "lineitem", "Startup Cost": 10000000000.0, "Total Cost": 1000324015374.5, "Plan Rows": 59987033, "Plan Width": 32}]}]}]}]}]}, "Unique SQL Id": 1392561963}, "explain_analyze_plan": null}, "(1, 80)": {"explain_plan": {"Plan": {"Node Type": "Sort", "Startup Cost": 2117522.04, "Total Cost": 2117522.1, "Plan Rows": 25, "Plan Width": 42, "Sort Key": ["(sum((lineitem.l_extendedprice * (1::double precision - lineitem.l_discount)))) DESC"], "Plans": [{"Node Type": "Aggregate", "Strategy": "Hashed", "Parent Relationship": "Outer", "Startup Cost": 2117521.21, "Total Cost": 2117521.46, "Plan Rows": 25, "Plan Width": 42, "Group By Key": ["nation.n_name"], "Plans": [{"Node Type": "Merge Join", "Parent Relationship": "Outer", "Join Type": "Inner", "Startup Cost": 2090467.05, "Total Cost": 2117427.31, "Plan Rows": 9390, "Plan Width": 42, "Inner Unique": false, "Merge Cond": "(supplier.s_suppkey = lineitem.l_suppkey)", "Join Filter": "(customer.c_nationkey = supplier.s_nationkey)", "Plans": [{"Node Type": "Index Scan", "Parent Relationship": "Outer", "Scan Direction": "Forward", "Index Name": "supplier_pkey", "Relation Name": "supplier", "Alias": "supplier", "Startup Cost": 0.0, "Total Cost": 5334.54, "Plan Rows": 100000, "Plan Width": 12}, {"Node Type": "Sort", "Parent Relationship": "Inner", "Startup Cost": 2090465.22, "Total Cost": 2099687.59, "Plan Rows": 3688948, "Plan Width": 58, "Sort Key": ["lineitem.l_suppkey"], "Plans": [{"Node Type": "Nested Loop", "Parent Relationship": "Outer", "Join Type": "Inner", "Startup Cost": 1030.37, "Total Cost": 1688097.31, "Plan Rows": 3688948, "Plan Width": 58, "Inner Unique": false, "Plans": [{"Node Type": "Nested Loop", "Parent Relationship": "Outer", "Join Type": "Inner", "Startup Cost": 1030.37, "Total Cost": 412302.9, "Plan Rows": 406290, "Plan Width": 42, "Inner Unique": false, "Plans": [{"Node Type": "Nested Loop", "Parent Relationship": "Outer", "Join Type": "Inner", "Startup Cost": 1030.37, "Total Cost": 37194.1, "Plan Rows": 300000, "Plan Width": 42, "Inner Unique": false, "Plans": [{"Node Type": "Nested Loop", "Parent Relationship": "Outer", "Join Type": "Inner", "Startup Cost": 0.0, "Total Cost": 31.69, "Plan Rows": 5, "Plan Width": 30, "Inner Unique": true, "Plans": [{"Node Type": "Index Scan", "Parent Relationship": "Outer", "Scan Direction": "Forward", "Index Name": "nation_pkey", "Relation Name": "nation", "Alias": "nation", "Startup Cost": 0.0, "Total Cost": 12.62, "Plan Rows": 25, "Plan Width": 34}, {"Node Type": "Index Scan", "Parent Relationship": "Inner", "Scan Direction": "Forward", "Index Name": "region_pkey", "Relation Name": "region", "Alias": "region", "Startup Cost": 0.0, "Total Cost": 0.75, "Plan Rows": 1, "Plan Width": 4, "Index Cond": "(r_regionkey = nation.n_regionkey)", "Filter": "(r_name = 'MIDDLE EAST'::bpchar)"}]}, {"Node Type": "Bitmap Heap Scan", "Parent Relationship": "Inner", "Relation Name": "customer", "Alias": "customer", "Startup Cost": 1030.37, "Total Cost": 6832.48, "Plan Rows": 60000, "Plan Width": 12, "Recheck Cond": "(c_nationkey = nation.n_nationkey)", "Plans": [{"Node Type": "Bitmap Index Scan", "Parent Relationship": "Outer", "Index Name": "idx_customer_nationkey", "Startup Cost": 0.0, "Total Cost": 1015.37, "Plan Rows": 60000, "Plan Width": 0, "Index Cond": "(c_nationkey = nation.n_nationkey)"}]}]}, {"Node Type": "Index Scan", "Parent Relationship": "Inner", "Scan Direction": "Forward", "Index Name": "idx_orders_custkey", "Relation Name": "orders", "Alias": "orders", "Startup Cost": 0.0, "Total Cost": 1.24, "Plan Rows": 1, "Plan Width": 16, "Index Cond": "(o_custkey = customer.c_custkey)", "Filter": "((o_orderdate >= '1994-01-01 00:00:00'::timestamp(0) without time zone) AND (o_orderdate < '1995-01-01 00:00:00'::timestamp without time zone))"}]}, {"Node Type": "Index Scan", "Parent Relationship": "Inner", "Scan Direction": "Forward", "Index Name": "idx_lineitem_orderkey", "Relation Name": "lineitem", "Alias": "lineitem", "Startup Cost": 0.0, "Total Cost": 3.05, "Plan Rows": 9, "Plan Width": 32, "Index Cond": "(l_orderkey = orders.o_orderkey)"}]}]}]}]}]}, "Unique SQL Id": 1392561963}, "explain_analyze_plan": {"Plan": {"Node Type": "Sort", "Startup Cost": 2117522.04, "Total Cost": 2117522.1, "Plan Rows": 25, "Plan Width": 42, "Actual Startup Time": 16114.306, "Actual Total Time": 16114.306, "Actual Rows": 5, "Actual Loops": 1, "Sort Key": ["(sum((lineitem.l_extendedprice * (1::double precision - lineitem.l_discount)))) DESC"], "Sort Method": "quicksort", "Sort Space Used": 25, "Sort Space Type": "Memory", "Plans": [{"Node Type": "Aggregate", "Strategy": "Hashed", "Parent Relationship": "Outer", "Startup Cost": 2117521.21, "Total Cost": 2117521.46, "Plan Rows": 25, "Plan Width": 42, "Actual Startup Time": 16114.274, "Actual Total Time": 16114.276, "Actual Rows": 5, "Actual Loops": 1, "Group By Key": ["nation.n_name"], "Plans": [{"Node Type": "Merge Join", "Parent Relationship": "Outer", "Join Type": "Inner", "Startup Cost": 2090467.05, "Total Cost": 2117427.31, "Plan Rows": 9390, "Plan Width": 42, "Actual Startup Time": 15013.726, "Actual Total Time": 16064.85, "Actual Rows": 72985, "Actual Loops": 1, "Inner Unique": false, "Merge Cond": "(supplier.s_suppkey = lineitem.l_suppkey)", "Join Filter": "(customer.c_nationkey = supplier.s_nationkey)", "Rows Removed by Join Filter": 0, "Plans": [{"Node Type": "Index Scan", "Parent Relationship": "Outer", "Scan Direction": "Forward", "Index Name": "supplier_pkey", "Relation Name": "supplier", "Alias": "supplier", "Startup Cost": 0.0, "Total Cost": 5334.54, "Plan Rows": 100000, "Plan Width": 12, "Actual Startup Time": 0.026, "Actual Total Time": 64.901, "Actual Rows": 100000, "Actual Loops": 1}, {"Node Type": "Sort", "Parent Relationship": "Inner", "Startup Cost": 2090465.22, "Total Cost": 2099687.59, "Plan Rows": 3688948, "Plan Width": 58, "Actual Startup Time": 15013.106, "Actual Total Time": 15463.844, "Actual Rows": 1815222, "Actual Loops": 1, "Sort Key": ["lineitem.l_suppkey"], "Sort Method": "quicksort", "Sort Space Used": 332781, "Sort Space Type": "Memory", "Plans": [{"Node Type": "Nested Loop", "Parent Relationship": "Outer", "Join Type": "Inner", "Startup Cost": 1030.37, "Total Cost": 1688097.31, "Plan Rows": 3688948, "Plan Width": 58, "Actual Startup Time": 19.776, "Actual Total Time": 14161.35, "Actual Rows": 1815222, "Actual Loops": 1, "Inner Unique": false, "Plans": [{"Node Type": "Nested Loop", "Parent Relationship": "Outer", "Join Type": "Inner", "Startup Cost": 1030.37, "Total Cost": 412302.9, "Plan Rows": 406290, "Plan Width": 42, "Actual Startup Time": 19.758, "Actual Total Time": 8760.443, "Actual Rows": 454183, "Actual Loops": 1, "Inner Unique": false, "Plans": [{"Node Type": "Nested Loop", "Parent Relationship": "Outer", "Join Type": "Inner", "Startup Cost": 1030.37, "Total Cost": 37194.1, "Plan Rows": 300000, "Plan Width": 42, "Actual Startup Time": 19.682, "Actual Total Time": 614.187, "Actual Rows": 299838, "Actual Loops": 1, "Inner Unique": false, "Plans": [{"Node Type": "Nested Loop", "Parent Relationship": "Outer", "Join Type": "Inner", "Startup Cost": 0.0, "Total Cost": 31.69, "Plan Rows": 5, "Plan Width": 30, "Actual Startup Time": 0.031, "Actual Total Time": 0.162, "Actual Rows": 5, "Actual Loops": 1, "Inner Unique": true, "Plans": [{"Node Type": "Index Scan", "Parent Relationship": "Outer", "Scan Direction": "Forward", "Index Name": "nation_pkey", "Relation Name": "nation", "Alias": "nation", "Startup Cost": 0.0, "Total Cost": 12.62, "Plan Rows": 25, "Plan Width": 34, "Actual Startup Time": 0.004, "Actual Total Time": 0.031, "Actual Rows": 25, "Actual Loops": 1}, {"Node Type": "Index Scan", "Parent Relationship": "Inner", "Scan Direction": "Forward", "Index Name": "region_pkey", "Relation Name": "region", "Alias": "region", "Startup Cost": 0.0, "Total Cost": 0.75, "Plan Rows": 1, "Plan Width": 4, "Actual Startup Time": 0.094, "Actual Total Time": 0.094, "Actual Rows": 5, "Actual Loops": 25, "Index Cond": "(r_regionkey = nation.n_regionkey)", "Rows Removed by Index Recheck": 0, "Filter": "(r_name = 'MIDDLE EAST'::bpchar)", "Rows Removed by Filter": 20}]}, {"Node Type": "Bitmap Heap Scan", "Parent Relationship": "Inner", "Relation Name": "customer", "Alias": "customer", "Startup Cost": 1030.37, "Total Cost": 6832.48, "Plan Rows": 60000, "Plan Width": 12, "Actual Startup Time": 90.527, "Actual Total Time": 537.092, "Actual Rows": 299838, "Actual Loops": 5, "Recheck Cond": "(c_nationkey = nation.n_nationkey)", "Rows Removed by Index Recheck": 0, "Exact Heap Blocks": 150033, "Lossy Heap Blocks": 150033, "Plans": [{"Node Type": "Bitmap Index Scan", "Parent Relationship": "Outer", "Index Name": "idx_customer_nationkey", "Startup Cost": 0.0, "Total Cost": 1015.37, "Plan Rows": 60000, "Plan Width": 0, "Actual Startup Time": 57.484, "Actual Total Time": 57.484, "Actual Rows": 299838, "Actual Loops": 5, "Index Cond": "(c_nationkey = nation.n_nationkey)"}]}]}, {"Node Type": "Index Scan", "Parent Relationship": "Inner", "Scan Direction": "Forward", "Index Name": "idx_orders_custkey", "Relation Name": "orders", "Alias": "orders", "Startup Cost": 0.0, "Total Cost": 1.24, "Plan Rows": 1, "Plan Width": 16, "Actual Startup Time": 3747.036, "Actual Total Time": 7878.163, "Actual Rows": 454183, "Actual Loops": 299838, "Index Cond": "(o_custkey = customer.c_custkey)", "Rows Removed by Index Recheck": 0, "Filter": "((o_orderdate >= '1994-01-01 00:00:00'::timestamp(0) without time zone) AND (o_orderdate < '1995-01-01 00:00:00'::timestamp without time zone))", "Rows Removed by Filter": 2542535}]}, {"Node Type": "Index Scan", "Parent Relationship": "Inner", "Scan Direction": "Forward", "Index Name": "idx_lineitem_orderkey", "Relation Name": "lineitem", "Alias": "lineitem", "Startup Cost": 0.0, "Total Cost": 3.05, "Plan Rows": 9, "Plan Width": 32, "Actual Startup Time": 3858.27, "Actual Total Time": 4758.395, "Actual Rows": 1815222, "Actual Loops": 454183, "Index Cond": "(l_orderkey = orders.o_orderkey)", "Rows Removed by Index Recheck": 0}]}]}]}]}]}, "Triggers": [], "Planner Runtime": 5.739, "Total Runtime": 16114.693, "Unique SQL Id": 1392561963}}, "(1, 81)": {"explain_plan": {"Plan": {"Node Type": "Sort", "Startup Cost": 2117930.64, "Total Cost": 2117930.7, "Plan Rows": 25, "Plan Width": 42, "Sort Key": ["(sum((lineitem.l_extendedprice * (1::double precision - lineitem.l_discount)))) DESC"], "Plans": [{"Node Type": "Aggregate", "Strategy": "Hashed", "Parent Relationship": "Outer", "Startup Cost": 2117929.81, "Total Cost": 2117930.06, "Plan Rows": 25, "Plan Width": 42, "Group By Key": ["nation.n_name"], "Plans": [{"Node Type": "Merge Join", "Parent Relationship": "Outer", "Join Type": "Inner", "Startup Cost": 2090467.05, "Total Cost": 2117835.91, "Plan Rows": 9390, "Plan Width": 42, "Inner Unique": false, "Merge Cond": "(supplier.s_suppkey = lineitem.l_suppkey)", "Join Filter": "(customer.c_nationkey = supplier.s_nationkey)", "Plans": [{"Node Type": "Index Scan", "Parent Relationship": "Outer", "Scan Direction": "Forward", "Index Name": "supplier_pkey", "Relation Name": "supplier", "Alias": "supplier", "Startup Cost": 0.0, "Total Cost": 5334.54, "Plan Rows": 100000, "Plan Width": 12}, {"Node Type": "Sort", "Parent Relationship": "Inner", "Startup Cost": 2090465.22, "Total Cost": 2099687.59, "Plan Rows": 3688948, "Plan Width": 58, "Sort Key": ["lineitem.l_suppkey"], "Plans": [{"Node Type": "Nested Loop", "Parent Relationship": "Outer", "Join Type": "Inner", "Startup Cost": 1030.37, "Total Cost": 1688097.31, "Plan Rows": 3688948, "Plan Width": 58, "Inner Unique": false, "Plans": [{"Node Type": "Nested Loop", "Parent Relationship": "Outer", "Join Type": "Inner", "Startup Cost": 1030.37, "Total Cost": 412302.9, "Plan Rows": 406290, "Plan Width": 42, "Inner Unique": false, "Plans": [{"Node Type": "Nested Loop", "Parent Relationship": "Outer", "Join Type": "Inner", "Startup Cost": 1030.37, "Total Cost": 37194.1, "Plan Rows": 300000, "Plan Width": 42, "Inner Unique": false, "Plans": [{"Node Type": "Nested Loop", "Parent Relationship": "Outer", "Join Type": "Inner", "Startup Cost": 0.0, "Total Cost": 31.69, "Plan Rows": 5, "Plan Width": 30, "Inner Unique": true, "Plans": [{"Node Type": "Index Scan", "Parent Relationship": "Outer", "Scan Direction": "Forward", "Index Name": "nation_pkey", "Relation Name": "nation", "Alias": "nation", "Startup Cost": 0.0, "Total Cost": 12.62, "Plan Rows": 25, "Plan Width": 34}, {"Node Type": "Index Scan", "Parent Relationship": "Inner", "Scan Direction": "Forward", "Index Name": "region_pkey", "Relation Name": "region", "Alias": "region", "Startup Cost": 0.0, "Total Cost": 0.75, "Plan Rows": 1, "Plan Width": 4, "Index Cond": "(r_regionkey = nation.n_regionkey)", "Filter": "(r_name = 'MIDDLE EAST'::bpchar)"}]}, {"Node Type": "Bitmap Heap Scan", "Parent Relationship": "Inner", "Relation Name": "customer", "Alias": "customer", "Startup Cost": 1030.37, "Total Cost": 6832.48, "Plan Rows": 60000, "Plan Width": 12, "Recheck Cond": "(c_nationkey = nation.n_nationkey)", "Plans": [{"Node Type": "Bitmap Index Scan", "Parent Relationship": "Outer", "Index Name": "idx_customer_nationkey", "Startup Cost": 0.0, "Total Cost": 1015.37, "Plan Rows": 60000, "Plan Width": 0, "Index Cond": "(c_nationkey = nation.n_nationkey)"}]}]}, {"Node Type": "Index Scan", "Parent Relationship": "Inner", "Scan Direction": "Forward", "Index Name": "idx_orders_custkey", "Relation Name": "orders", "Alias": "orders", "Startup Cost": 0.0, "Total Cost": 1.24, "Plan Rows": 1, "Plan Width": 16, "Index Cond": "(o_custkey = customer.c_custkey)", "Filter": "((o_orderdate >= '1994-01-01 00:00:00'::timestamp(0) without time zone) AND (o_orderdate < '1995-01-01 00:00:00'::timestamp without time zone))"}]}, {"Node Type": "Index Scan", "Parent Relationship": "Inner", "Scan Direction": "Forward", "Index Name": "idx_lineitem_orderkey", "Relation Name": "lineitem", "Alias": "lineitem", "Startup Cost": 0.0, "Total Cost": 3.05, "Plan Rows": 9, "Plan Width": 32, "Index Cond": "(l_orderkey = orders.o_orderkey)"}]}]}]}]}]}, "Unique SQL Id": 1392561963}, "explain_analyze_plan": {"Plan": {"Node Type": "Sort", "Startup Cost": 2117930.64, "Total Cost": 2117930.7, "Plan Rows": 25, "Plan Width": 42, "Actual Startup Time": 17862.87, "Actual Total Time": 17862.87, "Actual Rows": 5, "Actual Loops": 1, "Sort Key": ["(sum((lineitem.l_extendedprice * (1::double precision - lineitem.l_discount)))) DESC"], "Sort Method": "quicksort", "Sort Space Used": 25, "Sort Space Type": "Memory", "Plans": [{"Node Type": "Aggregate", "Strategy": "Hashed", "Parent Relationship": "Outer", "Startup Cost": 2117929.81, "Total Cost": 2117930.06, "Plan Rows": 25, "Plan Width": 42, "Actual Startup Time": 17862.837, "Actual Total Time": 17862.839, "Actual Rows": 5, "Actual Loops": 1, "Group By Key": ["nation.n_name"], "Plans": [{"Node Type": "Merge Join", "Parent Relationship": "Outer", "Join Type": "Inner", "Startup Cost": 2090467.05, "Total Cost": 2117835.91, "Plan Rows": 9390, "Plan Width": 42, "Actual Startup Time": 16732.324, "Actual Total Time": 17813.12, "Actual Rows": 72985, "Actual Loops": 1, "Inner Unique": false, "Merge Cond": "(supplier.s_suppkey = lineitem.l_suppkey)", "Join Filter": "(customer.c_nationkey = supplier.s_nationkey)", "Rows Removed by Join Filter": 0, "Plans": [{"Node Type": "Index Scan", "Parent Relationship": "Outer", "Scan Direction": "Forward", "Index Name": "supplier_pkey", "Relation Name": "supplier", "Alias": "supplier", "Startup Cost": 0.0, "Total Cost": 5334.54, "Plan Rows": 100000, "Plan Width": 12, "Actual Startup Time": 0.026, "Actual Total Time": 63.99, "Actual Rows": 100000, "Actual Loops": 1}, {"Node Type": "Sort", "Parent Relationship": "Inner", "Startup Cost": 2090465.22, "Total Cost": 2099687.59, "Plan Rows": 3688948, "Plan Width": 58, "Actual Startup Time": 16732.091, "Actual Total Time": 17207.878, "Actual Rows": 1815222, "Actual Loops": 1, "Sort Key": ["lineitem.l_suppkey"], "Sort Method": "quicksort", "Sort Space Used": 332781, "Sort Space Type": "Memory", "Plans": [{"Node Type": "Nested Loop", "Parent Relationship": "Outer", "Join Type": "Inner", "Startup Cost": 1030.37, "Total Cost": 1688097.31, "Plan Rows": 3688948, "Plan Width": 58, "Actual Startup Time": 19.003, "Actual Total Time": 15880.137, "Actual Rows": 1815222, "Actual Loops": 1, "Inner Unique": false, "Plans": [{"Node Type": "Nested Loop", "Parent Relationship": "Outer", "Join Type": "Inner", "Startup Cost": 1030.37, "Total Cost": 412302.9, "Plan Rows": 406290, "Plan Width": 42, "Actual Startup Time": 18.985, "Actual Total Time": 9872.885, "Actual Rows": 454183, "Actual Loops": 1, "Inner Unique": false, "Plans": [{"Node Type": "Nested Loop", "Parent Relationship": "Outer", "Join Type": "Inner", "Startup Cost": 1030.37, "Total Cost": 37194.1, "Plan Rows": 300000, "Plan Width": 42, "Actual Startup Time": 18.91, "Actual Total Time": 667.291, "Actual Rows": 299838, "Actual Loops": 1, "Inner Unique": false, "Plans": [{"Node Type": "Nested Loop", "Parent Relationship": "Outer", "Join Type": "Inner", "Startup Cost": 0.0, "Total Cost": 31.69, "Plan Rows": 5, "Plan Width": 30, "Actual Startup Time": 0.031, "Actual Total Time": 0.177, "Actual Rows": 5, "Actual Loops": 1, "Inner Unique": true, "Plans": [{"Node Type": "Index Scan", "Parent Relationship": "Outer", "Scan Direction": "Forward", "Index Name": "nation_pkey", "Relation Name": "nation", "Alias": "nation", "Startup Cost": 0.0, "Total Cost": 12.62, "Plan Rows": 25, "Plan Width": 34, "Actual Startup Time": 0.003, "Actual Total Time": 0.033, "Actual Rows": 25, "Actual Loops": 1}, {"Node Type": "Index Scan", "Parent Relationship": "Inner", "Scan Direction": "Forward", "Index Name": "region_pkey", "Relation Name": "region", "Alias": "region", "Startup Cost": 0.0, "Total Cost": 0.75, "Plan Rows": 1, "Plan Width": 4, "Actual Startup Time": 0.103, "Actual Total Time": 0.103, "Actual Rows": 5, "Actual Loops": 25, "Index Cond": "(r_regionkey = nation.n_regionkey)", "Rows Removed by Index Recheck": 0, "Filter": "(r_name = 'MIDDLE EAST'::bpchar)", "Rows Removed by Filter": 20}]}, {"Node Type": "Bitmap Heap Scan", "Parent Relationship": "Inner", "Relation Name": "customer", "Alias": "customer", "Startup Cost": 1030.37, "Total Cost": 6832.48, "Plan Rows": 60000, "Plan Width": 12, "Actual Startup Time": 90.715, "Actual Total Time": 591.27, "Actual Rows": 299838, "Actual Loops": 5, "Recheck Cond": "(c_nationkey = nation.n_nationkey)", "Rows Removed by Index Recheck": 0, "Exact Heap Blocks": 150033, "Lossy Heap Blocks": 150033, "Plans": [{"Node Type": "Bitmap Index Scan", "Parent Relationship": "Outer", "Index Name": "idx_customer_nationkey", "Startup Cost": 0.0, "Total Cost": 1015.37, "Plan Rows": 60000, "Plan Width": 0, "Actual Startup Time": 57.808, "Actual Total Time": 57.808, "Actual Rows": 299838, "Actual Loops": 5, "Index Cond": "(c_nationkey = nation.n_nationkey)"}]}]}, {"Node Type": "Index Scan", "Parent Relationship": "Inner", "Scan Direction": "Forward", "Index Name": "idx_orders_custkey", "Relation Name": "orders", "Alias": "orders", "Startup Cost": 0.0, "Total Cost": 1.24, "Plan Rows": 1, "Plan Width": 16, "Actual Startup Time": 4217.443, "Actual Total Time": 8937.622, "Actual Rows": 454183, "Actual Loops": 299838, "Index Cond": "(o_custkey = customer.c_custkey)", "Rows Removed by Index Recheck": 0, "Filter": "((o_orderdate >= '1994-01-01 00:00:00'::timestamp(0) without time zone) AND (o_orderdate < '1995-01-01 00:00:00'::timestamp without time zone))", "Rows Removed by Filter": 2542535}]}, {"Node Type": "Index Scan", "Parent Relationship": "Inner", "Scan Direction": "Forward", "Index Name": "idx_lineitem_orderkey", "Relation Name": "lineitem", "Alias": "lineitem", "Startup Cost": 0.0, "Total Cost": 3.05, "Plan Rows": 9, "Plan Width": 32, "Actual Startup Time": 4382.277, "Actual Total Time": 5365.134, "Actual Rows": 1815222, "Actual Loops": 454183, "Index Cond": "(l_orderkey = orders.o_orderkey)", "Rows Removed by Index Recheck": 0}]}]}]}]}]}, "Triggers": [], "Planner Runtime": 5.627, "Total Runtime": 17863.298, "Unique SQL Id": 1392561963}}, "(1, 82)": {"explain_plan": {"Plan": {"Node Type": "Sort", "Startup Cost": 3136047.69, "Total Cost": 3136047.75, "Plan Rows": 25, "Plan Width": 42, "Sort Key": ["(sum((lineitem.l_extendedprice * (1::double precision - lineitem.l_discount)))) DESC"], "Plans": [{"Node Type": "Aggregate", "Strategy": "Hashed", "Parent Relationship": "Outer", "Startup Cost": 3136046.86, "Total Cost": 3136047.11, "Plan Rows": 25, "Plan Width": 42, "Group By Key": ["nation.n_name"], "Plans": [{"Node Type": "Merge Join", "Parent Relationship": "Outer", "Join Type": "Inner", "Startup Cost": 3107434.36, "Total Cost": 3135952.96, "Plan Rows": 9390, "Plan Width": 42, "Inner Unique": true, "Merge Cond": "((lineitem.l_suppkey = supplier.s_suppkey) AND (customer.c_nationkey = supplier.s_nationkey))", "Plans": [{"Node Type": "Sort", "Parent Relationship": "Outer", "Startup Cost": 3095843.79, "Total Cost": 3105066.16, "Plan Rows": 3688948, "Plan Width": 58, "Sort Key": ["lineitem.l_suppkey", "customer.c_nationkey"], "Plans": [{"Node Type": "Nested Loop", "Parent Relationship": "Outer", "Join Type": "Inner", "Startup Cost": 674437.01, "Total Cost": 2693475.88, "Plan Rows": 3688948, "Plan Width": 58, "Inner Unique": false, "Plans": [{"Node Type": "Merge Join", "Parent Relationship": "Outer", "Join Type": "Inner", "Startup Cost": 674436.28, "Total Cost": 691407.56, "Plan Rows": 406290, "Plan Width": 42, "Inner Unique": false, "Merge Cond": "(customer.c_custkey = orders.o_custkey)", "Plans": [{"Node Type": "Sort", "Parent Relationship": "Outer", "Startup Cost": 64457.4, "Total Cost": 65207.4, "Plan Rows": 300000, "Plan Width": 42, "Sort Key": ["customer.c_custkey"], "Plans": [{"Node Type": "Nested Loop", "Parent Relationship": "Outer", "Join Type": "Inner", "Startup Cost": 1033.27, "Total Cost": 37165.49, "Plan Rows": 300000, "Plan Width": 42, "Inner Unique": false, "Plans": [{"Node Type": "Merge Join", "Parent Relationship": "Outer", "Join Type": "Inner", "Startup Cost": 2.9, "Total Cost": 3.09, "Plan Rows": 5, "Plan Width": 30, "Inner Unique": false, "Merge Cond": "(region.r_regionkey = nation.n_regionkey)", "Plans": [{"Node Type": "Sort", "Parent Relationship": "Outer", "Startup Cost": 1.07, "Total Cost": 1.08, "Plan Rows": 1, "Plan Width": 4, "Sort Key": ["region.r_regionkey"], "Plans": [{"Node Type": "Seq Scan", "Parent Relationship": "Outer", "Relation Name": "region", "Alias": "region", "Startup Cost": 0.0, "Total Cost": 1.06, "Plan Rows": 1, "Plan Width": 4, "Filter": "(r_name = 'MIDDLE EAST'::bpchar)"}]}, {"Node Type": "Sort", "Parent Relationship": "Inner", "Startup Cost": 1.83, "Total Cost": 1.89, "Plan Rows": 25, "Plan Width": 34, "Sort Key": ["nation.n_regionkey"], "Plans": [{"Node Type": "Seq Scan", "Parent Relationship": "Outer", "Relation Name": "nation", "Alias": "nation", "Startup Cost": 0.0, "Total Cost": 1.25, "Plan Rows": 25, "Plan Width": 34}]}]}, {"Node Type": "Bitmap Heap Scan", "Parent Relationship": "Inner", "Relation Name": "customer", "Alias": "customer", "Startup Cost": 1030.37, "Total Cost": 6832.48, "Plan Rows": 60000, "Plan Width": 12, "Recheck Cond": "(c_nationkey = nation.n_nationkey)", "Plans": [{"Node Type": "Bitmap Index Scan", "Parent Relationship": "Outer", "Index Name": "idx_customer_nationkey", "Startup Cost": 0.0, "Total Cost": 1015.37, "Plan Rows": 60000, "Plan Width": 0, "Index Cond": "(c_nationkey = nation.n_nationkey)"}]}]}]}, {"Node Type": "Sort", "Parent Relationship": "Inner", "Startup Cost": 609978.84, "Total Cost": 615683.24, "Plan Rows": 2281758, "Plan Width": 16, "Sort Key": ["orders.o_custkey"], "Plans": [{"Node Type": "Bitmap Heap Scan", "Parent Relationship": "Outer", "Relation Name": "orders", "Alias": "orders", "Startup Cost": 58360.27, "Total Cost": 369005.64, "Plan Rows": 2281758, "Plan Width": 16, "Recheck Cond": "((o_orderdate >= '1994-01-01 00:00:00'::timestamp(0) without time zone) AND (o_orderdate < '1995-01-01 00:00:00'::timestamp without time zone)), (LLVM Optimized)", "Plans": [{"Node Type": "Bitmap Index Scan", "Parent Relationship": "Outer", "Index Name": "idx_orders_orderdate", "Startup Cost": 0.0, "Total Cost": 57789.83, "Plan Rows": 2281758, "Plan Width": 0, "Index Cond": "((o_orderdate >= '1994-01-01 00:00:00'::timestamp(0) without time zone) AND (o_orderdate < '1995-01-01 00:00:00'::timestamp without time zone))"}]}]}]}, {"Node Type": "Bitmap Heap Scan", "Parent Relationship": "Inner", "Relation Name": "lineitem", "Alias": "lineitem", "Startup Cost": 0.73, "Total Cost": 4.84, "Plan Rows": 9, "Plan Width": 32, "Recheck Cond": "(l_orderkey = orders.o_orderkey)", "Plans": [{"Node Type": "Bitmap Index Scan", "Parent Relationship": "Outer", "Index Name": "idx_lineitem_orderkey", "Startup Cost": 0.0, "Total Cost": 0.72, "Plan Rows": 9, "Plan Width": 0, "Index Cond": "(l_orderkey = orders.o_orderkey)"}]}]}]}, {"Node Type": "Sort", "Parent Relationship": "Inner", "Startup Cost": 11587.82, "Total Cost": 11837.82, "Plan Rows": 100000, "Plan Width": 12, "Sort Key": ["supplier.s_suppkey", "supplier.s_nationkey"], "Plans": [{"Node Type": "Seq Scan", "Parent Relationship": "Outer", "Relation Name": "supplier", "Alias": "supplier", "Startup Cost": 0.0, "Total Cost": 3283.0, "Plan Rows": 100000, "Plan Width": 12}]}]}]}]}, "Unique SQL Id": 1392561963}, "explain_analyze_plan": {"Plan": {"Node Type": "Sort", "Startup Cost": 3136047.69, "Total Cost": 3136047.75, "Plan Rows": 25, "Plan Width": 42, "Actual Startup Time": 14435.938, "Actual Total Time": 14435.939, "Actual Rows": 5, "Actual Loops": 1, "Sort Key": ["(sum((lineitem.l_extendedprice * (1::double precision - lineitem.l_discount)))) DESC"], "Sort Method": "quicksort", "Sort Space Used": 25, "Sort Space Type": "Memory", "Plans": [{"Node Type": "Aggregate", "Strategy": "Hashed", "Parent Relationship": "Outer", "Startup Cost": 3136046.86, "Total Cost": 3136047.11, "Plan Rows": 25, "Plan Width": 42, "Actual Startup Time": 14435.909, "Actual Total Time": 14435.913, "Actual Rows": 5, "Actual Loops": 1, "Group By Key": ["nation.n_name"], "Plans": [{"Node Type": "Merge Join", "Parent Relationship": "Outer", "Join Type": "Inner", "Startup Cost": 3107434.36, "Total Cost": 3135952.96, "Plan Rows": 9390, "Plan Width": 42, "Actual Startup Time": 13584.331, "Actual Total Time": 14387.829, "Actual Rows": 72985, "Actual Loops": 1, "Inner Unique": true, "Merge Cond": "((lineitem.l_suppkey = supplier.s_suppkey) AND (customer.c_nationkey = supplier.s_nationkey))", "Plans": [{"Node Type": "Sort", "Parent Relationship": "Outer", "Startup Cost": 3095843.79, "Total Cost": 3105066.16, "Plan Rows": 3688948, "Plan Width": 58, "Actual Startup Time": 13513.509, "Actual Total Time": 13991.305, "Actual Rows": 1815212, "Actual Loops": 1, "Sort Key": ["lineitem.l_suppkey", "customer.c_nationkey"], "Sort Method": "quicksort", "Sort Space Used": 332781, "Sort Space Type": "Memory", "Plans": [{"Node Type": "Nested Loop", "Parent Relationship": "Outer", "Join Type": "Inner", "Startup Cost": 674437.01, "Total Cost": 2693475.88, "Plan Rows": 3688948, "Plan Width": 58, "Actual Startup Time": 4346.982, "Actual Total Time": 12041.107, "Actual Rows": 1815222, "Actual Loops": 1, "Inner Unique": false, "Plans": [{"Node Type": "Merge Join", "Parent Relationship": "Outer", "Join Type": "Inner", "Startup Cost": 674436.28, "Total Cost": 691407.56, "Plan Rows": 406290, "Plan Width": 42, "Actual Startup Time": 4346.906, "Actual Total Time": 5534.79, "Actual Rows": 454183, "Actual Loops": 1, "Inner Unique": false, "Merge Cond": "(customer.c_custkey = orders.o_custkey)", "Plans": [{"Node Type": "Sort", "Parent Relationship": "Outer", "Startup Cost": 64457.4, "Total Cost": 65207.4, "Plan Rows": 300000, "Plan Width": 42, "Actual Startup Time": 637.355, "Actual Total Time": 695.561, "Actual Rows": 299838, "Actual Loops": 1, "Sort Key": ["customer.c_custkey"], "Sort Method": "quicksort", "Sort Space Used": 59138, "Sort Space Type": "Memory", "Plans": [{"Node Type": "Nested Loop", "Parent Relationship": "Outer", "Join Type": "Inner", "Startup Cost": 1033.27, "Total Cost": 37165.49, "Plan Rows": 300000, "Plan Width": 42, "Actual Startup Time": 19.41, "Actual Total Time": 520.292, "Actual Rows": 299838, "Actual Loops": 1, "Inner Unique": false, "Plans": [{"Node Type": "Merge Join", "Parent Relationship": "Outer", "Join Type": "Inner", "Startup Cost": 2.9, "Total Cost": 3.09, "Plan Rows": 5, "Plan Width": 30, "Actual Startup Time": 0.07, "Actual Total Time": 0.113, "Actual Rows": 5, "Actual Loops": 1, "Inner Unique": false, "Merge Cond": "(region.r_regionkey = nation.n_regionkey)", "Plans": [{"Node Type": "Sort", "Parent Relationship": "Outer", "Startup Cost": 1.07, "Total Cost": 1.08, "Plan Rows": 1, "Plan Width": 4, "Actual Startup Time": 0.035, "Actual Total Time": 0.035, "Actual Rows": 1, "Actual Loops": 1, "Sort Key": ["region.r_regionkey"], "Sort Method": "quicksort", "Sort Space Used": 25, "Sort Space Type": "Memory", "Plans": [{"Node Type": "Seq Scan", "Parent Relationship": "Outer", "Relation Name": "region", "Alias": "region", "Startup Cost": 0.0, "Total Cost": 1.06, "Plan Rows": 1, "Plan Width": 4, "Actual Startup Time": 0.023, "Actual Total Time": 0.025, "Actual Rows": 1, "Actual Loops": 1, "Filter": "(r_name = 'MIDDLE EAST'::bpchar)", "Rows Removed by Filter": 4}]}, {"Node Type": "Sort", "Parent Relationship": "Inner", "Startup Cost": 1.83, "Total Cost": 1.89, "Plan Rows": 25, "Plan Width": 34, "Actual Startup Time": 0.025, "Actual Total Time": 0.036, "Actual Rows": 25, "Actual Loops": 1, "Sort Key": ["nation.n_regionkey"], "Sort Method": "quicksort", "Sort Space Used": 27, "Sort Space Type": "Memory", "Plans": [{"Node Type": "Seq Scan", "Parent Relationship": "Outer", "Relation Name": "nation", "Alias": "nation", "Startup Cost": 0.0, "Total Cost": 1.25, "Plan Rows": 25, "Plan Width": 34, "Actual Startup Time": 0.005, "Actual Total Time": 0.011, "Actual Rows": 25, "Actual Loops": 1}]}]}, {"Node Type": "Bitmap Heap Scan", "Parent Relationship": "Inner", "Relation Name": "customer", "Alias": "customer", "Startup Cost": 1030.37, "Total Cost": 6832.48, "Plan Rows": 60000, "Plan Width": 12, "Actual Startup Time": 90.816, "Actual Total Time": 456.78, "Actual Rows": 299838, "Actual Loops": 5, "Recheck Cond": "(c_nationkey = nation.n_nationkey)", "Rows Removed by Index Recheck": 0, "Exact Heap Blocks": 150033, "Lossy Heap Blocks": 150033, "Plans": [{"Node Type": "Bitmap Index Scan", "Parent Relationship": "Outer", "Index Name": "idx_customer_nationkey", "Startup Cost": 0.0, "Total Cost": 1015.37, "Plan Rows": 60000, "Plan Width": 0, "Actual Startup Time": 57.712, "Actual Total Time": 57.712, "Actual Rows": 299838, "Actual Loops": 5, "Index Cond": "(c_nationkey = nation.n_nationkey)"}]}]}]}, {"Node Type": "Sort", "Parent Relationship": "Inner", "Startup Cost": 609978.84, "Total Cost": 615683.24, "Plan Rows": 2281758, "Plan Width": 16, "Actual Startup Time": 3709.529, "Actual Total Time": 4352.849, "Actual Rows": 2275914, "Actual Loops": 1, "Sort Key": ["orders.o_custkey"], "Sort Method": "quicksort", "Sort Space Used": 311672, "Sort Space Type": "Memory", "Plans": [{"Node Type": "Bitmap Heap Scan", "Parent Relationship": "Outer", "Relation Name": "orders", "Alias": "orders", "Startup Cost": 58360.27, "Total Cost": 369005.64, "Plan Rows": 2281758, "Plan Width": 16, "Actual Startup Time": 722.738, "Actual Total Time": 2790.645, "Actual Rows": 2275919, "Actual Loops": 1, "Recheck Cond": "((o_orderdate >= '1994-01-01 00:00:00'::timestamp(0) without time zone) AND (o_orderdate < '1995-01-01 00:00:00'::timestamp without time zone)), (LLVM Optimized, Jit Execute)", "Rows Removed by Index Recheck": 0, "Exact Heap Blocks": 276381, "Lossy Heap Blocks": 276381, "Plans": [{"Node Type": "Bitmap Index Scan", "Parent Relationship": "Outer", "Index Name": "idx_orders_orderdate", "Startup Cost": 0.0, "Total Cost": 57789.83, "Plan Rows": 2281758, "Plan Width": 0, "Actual Startup Time": 622.047, "Actual Total Time": 622.047, "Actual Rows": 2275919, "Actual Loops": 1, "Index Cond": "((o_orderdate >= '1994-01-01 00:00:00'::timestamp(0) without time zone) AND (o_orderdate < '1995-01-01 00:00:00'::timestamp without time zone))"}]}]}]}, {"Node Type": "Bitmap Heap Scan", "Parent Relationship": "Inner", "Relation Name": "lineitem", "Alias": "lineitem", "Startup Cost": 0.73, "Total Cost": 4.84, "Plan Rows": 9, "Plan Width": 32, "Actual Startup Time": 5253.66, "Actual Total Time": 5570.615, "Actual Rows": 1815222, "Actual Loops": 454183, "Recheck Cond": "(l_orderkey = orders.o_orderkey)", "Rows Removed by Index Recheck": 0, "Exact Heap Blocks": 486530, "Lossy Heap Blocks": 486530, "Plans": [{"Node Type": "Bitmap Index Scan", "Parent Relationship": "Outer", "Index Name": "idx_lineitem_orderkey", "Startup Cost": 0.0, "Total Cost": 0.72, "Plan Rows": 9, "Plan Width": 0, "Actual Startup Time": 3301.975, "Actual Total Time": 3301.975, "Actual Rows": 1815222, "Actual Loops": 454183, "Index Cond": "(l_orderkey = orders.o_orderkey)"}]}]}]}, {"Node Type": "Sort", "Parent Relationship": "Inner", "Startup Cost": 11587.82, "Total Cost": 11837.82, "Plan Rows": 100000, "Plan Width": 12, "Actual Startup Time": 70.756, "Actual Total Time": 86.077, "Actual Rows": 100000, "Actual Loops": 1, "Sort Key": ["supplier.s_suppkey", "supplier.s_nationkey"], "Sort Method": "quicksort", "Sort Space Used": 12448, "Sort Space Type": "Memory", "Plans": [{"Node Type": "Seq Scan", "Parent Relationship": "Outer", "Relation Name": "supplier", "Alias": "supplier", "Startup Cost": 0.0, "Total Cost": 3283.0, "Plan Rows": 100000, "Plan Width": 12, "Actual Startup Time": 0.044, "Actual Total Time": 33.649, "Actual Rows": 100000, "Actual Loops": 1}]}]}]}]}, "Triggers": [], "Planner Runtime": 4.974, "Total Runtime": 14445.506, "Unique SQL Id": 1392561963}}, "(1, 83)": {"explain_plan": {"Plan": {"Node Type": "Sort", "Startup Cost": 46003135.57, "Total Cost": 46003135.63, "Plan Rows": 25, "Plan Width": 42, "Sort Key": ["(sum((lineitem.l_extendedprice * (1::double precision - lineitem.l_discount)))) DESC"], "Plans": [{"Node Type": "Aggregate", "Strategy": "Hashed", "Parent Relationship": "Outer", "Startup Cost": 46003134.74, "Total Cost": 46003134.99, "Plan Rows": 25, "Plan Width": 42, "Group By Key": ["nation.n_name"], "Plans": [{"Node Type": "Nested Loop", "Parent Relationship": "Outer", "Join Type": "Inner", "Startup Cost": 58362.35, "Total Cost": 46003040.84, "Plan Rows": 9390, "Plan Width": 42, "Inner Unique": true, "Join Filter": "(customer.c_nationkey = supplier.s_nationkey)", "Plans": [{"Node Type": "Nested Loop", "Parent Relationship": "Outer", "Join Type": "Inner", "Startup Cost": 58362.1, "Total Cost": 30204103.6, "Plan Rows": 3688948, "Plan Width": 58, "Inner Unique": false, "Plans": [{"Node Type": "Nested Loop", "Parent Relationship": "Outer", "Join Type": "Inner", "Startup Cost": 58361.37, "Total Cost": 28202035.27, "Plan Rows": 406290, "Plan Width": 42, "Inner Unique": true, "Plans": [{"Node Type": "Nested Loop", "Parent Relationship": "Outer", "Join Type": "Inner", "Startup Cost": 58360.79, "Total Cost": 18851769.58, "Plan Rows": 2031452, "Plan Width": 46, "Inner Unique": true, "Plans": [{"Node Type": "Nested Loop", "Parent Relationship": "Outer", "Join Type": "Inner", "Startup Cost": 58360.54, "Total Cost": 10156636.32, "Plan Rows": 2031452, "Plan Width": 12, "Inner Unique": true, "Plans": [{"Node Type": "Bitmap Heap Scan", "Parent Relationship": "Outer", "Relation Name": "orders", "Alias": "orders", "Startup Cost": 58360.27, "Total Cost": 369005.64, "Plan Rows": 2281758, "Plan Width": 16, "Recheck Cond": "((o_orderdate >= '1994-01-01 00:00:00'::timestamp(0) without time zone) AND (o_orderdate < '1995-01-01 00:00:00'::timestamp without time zone)), (LLVM Optimized)", "Plans": [{"Node Type": "Bitmap Index Scan", "Parent Relationship": "Outer", "Index Name": "idx_orders_orderdate", "Startup Cost": 0.0, "Total Cost": 57789.83, "Plan Rows": 2281758, "Plan Width": 0, "Index Cond": "((o_orderdate >= '1994-01-01 00:00:00'::timestamp(0) without time zone) AND (o_orderdate < '1995-01-01 00:00:00'::timestamp without time zone))"}]}, {"Node Type": "Bitmap Heap Scan", "Parent Relationship": "Inner", "Relation Name": "customer", "Alias": "customer", "Startup Cost": 0.27, "Total Cost": 4.28, "Plan Rows": 1, "Plan Width": 12, "Recheck Cond": "(c_custkey = orders.o_custkey)", "Plans": [{"Node Type": "Bitmap Index Scan", "Parent Relationship": "Outer", "Index Name": "customer_pkey", "Startup Cost": 0.0, "Total Cost": 0.27, "Plan Rows": 1, "Plan Width": 0, "Index Cond": "(c_custkey = orders.o_custkey)"}]}]}, {"Node Type": "Bitmap Heap Scan", "Parent Relationship": "Inner", "Relation Name": "nation", "Alias": "nation", "Startup Cost": 0.26, "Total Cost": 4.27, "Plan Rows": 1, "Plan Width": 34, "Recheck Cond": "(n_nationkey = customer.c_nationkey)", "Plans": [{"Node Type": "Bitmap Index Scan", "Parent Relationship": "Outer", "Index Name": "nation_pkey", "Startup Cost": 0.0, "Total Cost": 0.26, "Plan Rows": 1, "Plan Width": 0, "Index Cond": "(n_nationkey = customer.c_nationkey)"}]}]}, {"Node Type": "Bitmap Heap Scan", "Parent Relationship": "Inner", "Relation Name": "region", "Alias": "region", "Startup Cost": 0.58, "Total Cost": 4.59, "Plan Rows": 1, "Plan Width": 4, "Recheck Cond": "(r_regionkey = nation.n_regionkey)", "Filter": "(r_name = 'MIDDLE EAST'::bpchar)", "Plans": [{"Node Type": "Bitmap Index Scan", "Parent Relationship": "Outer", "Index Name": "region_pkey", "Startup Cost": 0.0, "Total Cost": 0.58, "Plan Rows": 1, "Plan Width": 0, "Index Cond": "(r_regionkey = nation.n_regionkey)"}]}]}, {"Node Type": "Bitmap Heap Scan", "Parent Relationship": "Inner", "Relation Name": "lineitem", "Alias": "lineitem", "Startup Cost": 0.73, "Total Cost": 4.84, "Plan Rows": 9, "Plan Width": 32, "Recheck Cond": "(l_orderkey = orders.o_orderkey)", "Plans": [{"Node Type": "Bitmap Index Scan", "Parent Relationship": "Outer", "Index Name": "idx_lineitem_orderkey", "Startup Cost": 0.0, "Total Cost": 0.72, "Plan Rows": 9, "Plan Width": 0, "Index Cond": "(l_orderkey = orders.o_orderkey)"}]}]}, {"Node Type": "Bitmap Heap Scan", "Parent Relationship": "Inner", "Relation Name": "supplier", "Alias": "supplier", "Startup Cost": 0.26, "Total Cost": 4.27, "Plan Rows": 1, "Plan Width": 12, "Recheck Cond": "(s_suppkey = lineitem.l_suppkey)", "Plans": [{"Node Type": "Bitmap Index Scan", "Parent Relationship": "Outer", "Index Name": "supplier_pkey", "Startup Cost": 0.0, "Total Cost": 0.26, "Plan Rows": 1, "Plan Width": 0, "Index Cond": "(s_suppkey = lineitem.l_suppkey)"}]}]}]}]}, "Unique SQL Id": 1392561963}, "explain_analyze_plan": null}, "(1, 84)": {"explain_plan": {"Plan": {"Node Type": "Sort", "Startup Cost": 2117522.04, "Total Cost": 2117522.1, "Plan Rows": 25, "Plan Width": 42, "Sort Key": ["(sum((lineitem.l_extendedprice * (1::double precision - lineitem.l_discount)))) DESC"], "Plans": [{"Node Type": "Aggregate", "Strategy": "Hashed", "Parent Relationship": "Outer", "Startup Cost": 2117521.21, "Total Cost": 2117521.46, "Plan Rows": 25, "Plan Width": 42, "Group By Key": ["nation.n_name"], "Plans": [{"Node Type": "Merge Join", "Parent Relationship": "Outer", "Join Type": "Inner", "Startup Cost": 2090467.05, "Total Cost": 2117427.31, "Plan Rows": 9390, "Plan Width": 42, "Inner Unique": false, "Merge Cond": "(supplier.s_suppkey = lineitem.l_suppkey)", "Join Filter": "(customer.c_nationkey = supplier.s_nationkey)", "Plans": [{"Node Type": "Index Scan", "Parent Relationship": "Outer", "Scan Direction": "Forward", "Index Name": "supplier_pkey", "Relation Name": "supplier", "Alias": "supplier", "Startup Cost": 0.0, "Total Cost": 5334.54, "Plan Rows": 100000, "Plan Width": 12}, {"Node Type": "Sort", "Parent Relationship": "Inner", "Startup Cost": 2090465.22, "Total Cost": 2099687.59, "Plan Rows": 3688948, "Plan Width": 58, "Sort Key": ["lineitem.l_suppkey"], "Plans": [{"Node Type": "Nested Loop", "Parent Relationship": "Outer", "Join Type": "Inner", "Startup Cost": 1030.37, "Total Cost": 1688097.31, "Plan Rows": 3688948, "Plan Width": 58, "Inner Unique": false, "Plans": [{"Node Type": "Nested Loop", "Parent Relationship": "Outer", "Join Type": "Inner", "Startup Cost": 1030.37, "Total Cost": 412302.9, "Plan Rows": 406290, "Plan Width": 42, "Inner Unique": false, "Plans": [{"Node Type": "Nested Loop", "Parent Relationship": "Outer", "Join Type": "Inner", "Startup Cost": 1030.37, "Total Cost": 37194.1, "Plan Rows": 300000, "Plan Width": 42, "Inner Unique": false, "Plans": [{"Node Type": "Nested Loop", "Parent Relationship": "Outer", "Join Type": "Inner", "Startup Cost": 0.0, "Total Cost": 31.69, "Plan Rows": 5, "Plan Width": 30, "Inner Unique": true, "Plans": [{"Node Type": "Index Scan", "Parent Relationship": "Outer", "Scan Direction": "Forward", "Index Name": "nation_pkey", "Relation Name": "nation", "Alias": "nation", "Startup Cost": 0.0, "Total Cost": 12.62, "Plan Rows": 25, "Plan Width": 34}, {"Node Type": "Index Scan", "Parent Relationship": "Inner", "Scan Direction": "Forward", "Index Name": "region_pkey", "Relation Name": "region", "Alias": "region", "Startup Cost": 0.0, "Total Cost": 0.75, "Plan Rows": 1, "Plan Width": 4, "Index Cond": "(r_regionkey = nation.n_regionkey)", "Filter": "(r_name = 'MIDDLE EAST'::bpchar)"}]}, {"Node Type": "Bitmap Heap Scan", "Parent Relationship": "Inner", "Relation Name": "customer", "Alias": "customer", "Startup Cost": 1030.37, "Total Cost": 6832.48, "Plan Rows": 60000, "Plan Width": 12, "Recheck Cond": "(c_nationkey = nation.n_nationkey)", "Plans": [{"Node Type": "Bitmap Index Scan", "Parent Relationship": "Outer", "Index Name": "idx_customer_nationkey", "Startup Cost": 0.0, "Total Cost": 1015.37, "Plan Rows": 60000, "Plan Width": 0, "Index Cond": "(c_nationkey = nation.n_nationkey)"}]}]}, {"Node Type": "Index Scan", "Parent Relationship": "Inner", "Scan Direction": "Forward", "Index Name": "idx_orders_custkey", "Relation Name": "orders", "Alias": "orders", "Startup Cost": 0.0, "Total Cost": 1.24, "Plan Rows": 1, "Plan Width": 16, "Index Cond": "(o_custkey = customer.c_custkey)", "Filter": "((o_orderdate >= '1994-01-01 00:00:00'::timestamp(0) without time zone) AND (o_orderdate < '1995-01-01 00:00:00'::timestamp without time zone))"}]}, {"Node Type": "Index Scan", "Parent Relationship": "Inner", "Scan Direction": "Forward", "Index Name": "idx_lineitem_orderkey", "Relation Name": "lineitem", "Alias": "lineitem", "Startup Cost": 0.0, "Total Cost": 3.05, "Plan Rows": 9, "Plan Width": 32, "Index Cond": "(l_orderkey = orders.o_orderkey)"}]}]}]}]}]}, "Unique SQL Id": 1392561963}, "explain_analyze_plan": {"Plan": {"Node Type": "Sort", "Startup Cost": 2117522.04, "Total Cost": 2117522.1, "Plan Rows": 25, "Plan Width": 42, "Actual Startup Time": 16114.306, "Actual Total Time": 16114.306, "Actual Rows": 5, "Actual Loops": 1, "Sort Key": ["(sum((lineitem.l_extendedprice * (1::double precision - lineitem.l_discount)))) DESC"], "Sort Method": "quicksort", "Sort Space Used": 25, "Sort Space Type": "Memory", "Plans": [{"Node Type": "Aggregate", "Strategy": "Hashed", "Parent Relationship": "Outer", "Startup Cost": 2117521.21, "Total Cost": 2117521.46, "Plan Rows": 25, "Plan Width": 42, "Actual Startup Time": 16114.274, "Actual Total Time": 16114.276, "Actual Rows": 5, "Actual Loops": 1, "Group By Key": ["nation.n_name"], "Plans": [{"Node Type": "Merge Join", "Parent Relationship": "Outer", "Join Type": "Inner", "Startup Cost": 2090467.05, "Total Cost": 2117427.31, "Plan Rows": 9390, "Plan Width": 42, "Actual Startup Time": 15013.726, "Actual Total Time": 16064.85, "Actual Rows": 72985, "Actual Loops": 1, "Inner Unique": false, "Merge Cond": "(supplier.s_suppkey = lineitem.l_suppkey)", "Join Filter": "(customer.c_nationkey = supplier.s_nationkey)", "Rows Removed by Join Filter": 0, "Plans": [{"Node Type": "Index Scan", "Parent Relationship": "Outer", "Scan Direction": "Forward", "Index Name": "supplier_pkey", "Relation Name": "supplier", "Alias": "supplier", "Startup Cost": 0.0, "Total Cost": 5334.54, "Plan Rows": 100000, "Plan Width": 12, "Actual Startup Time": 0.026, "Actual Total Time": 64.901, "Actual Rows": 100000, "Actual Loops": 1}, {"Node Type": "Sort", "Parent Relationship": "Inner", "Startup Cost": 2090465.22, "Total Cost": 2099687.59, "Plan Rows": 3688948, "Plan Width": 58, "Actual Startup Time": 15013.106, "Actual Total Time": 15463.844, "Actual Rows": 1815222, "Actual Loops": 1, "Sort Key": ["lineitem.l_suppkey"], "Sort Method": "quicksort", "Sort Space Used": 332781, "Sort Space Type": "Memory", "Plans": [{"Node Type": "Nested Loop", "Parent Relationship": "Outer", "Join Type": "Inner", "Startup Cost": 1030.37, "Total Cost": 1688097.31, "Plan Rows": 3688948, "Plan Width": 58, "Actual Startup Time": 19.776, "Actual Total Time": 14161.35, "Actual Rows": 1815222, "Actual Loops": 1, "Inner Unique": false, "Plans": [{"Node Type": "Nested Loop", "Parent Relationship": "Outer", "Join Type": "Inner", "Startup Cost": 1030.37, "Total Cost": 412302.9, "Plan Rows": 406290, "Plan Width": 42, "Actual Startup Time": 19.758, "Actual Total Time": 8760.443, "Actual Rows": 454183, "Actual Loops": 1, "Inner Unique": false, "Plans": [{"Node Type": "Nested Loop", "Parent Relationship": "Outer", "Join Type": "Inner", "Startup Cost": 1030.37, "Total Cost": 37194.1, "Plan Rows": 300000, "Plan Width": 42, "Actual Startup Time": 19.682, "Actual Total Time": 614.187, "Actual Rows": 299838, "Actual Loops": 1, "Inner Unique": false, "Plans": [{"Node Type": "Nested Loop", "Parent Relationship": "Outer", "Join Type": "Inner", "Startup Cost": 0.0, "Total Cost": 31.69, "Plan Rows": 5, "Plan Width": 30, "Actual Startup Time": 0.031, "Actual Total Time": 0.162, "Actual Rows": 5, "Actual Loops": 1, "Inner Unique": true, "Plans": [{"Node Type": "Index Scan", "Parent Relationship": "Outer", "Scan Direction": "Forward", "Index Name": "nation_pkey", "Relation Name": "nation", "Alias": "nation", "Startup Cost": 0.0, "Total Cost": 12.62, "Plan Rows": 25, "Plan Width": 34, "Actual Startup Time": 0.004, "Actual Total Time": 0.031, "Actual Rows": 25, "Actual Loops": 1}, {"Node Type": "Index Scan", "Parent Relationship": "Inner", "Scan Direction": "Forward", "Index Name": "region_pkey", "Relation Name": "region", "Alias": "region", "Startup Cost": 0.0, "Total Cost": 0.75, "Plan Rows": 1, "Plan Width": 4, "Actual Startup Time": 0.094, "Actual Total Time": 0.094, "Actual Rows": 5, "Actual Loops": 25, "Index Cond": "(r_regionkey = nation.n_regionkey)", "Rows Removed by Index Recheck": 0, "Filter": "(r_name = 'MIDDLE EAST'::bpchar)", "Rows Removed by Filter": 20}]}, {"Node Type": "Bitmap Heap Scan", "Parent Relationship": "Inner", "Relation Name": "customer", "Alias": "customer", "Startup Cost": 1030.37, "Total Cost": 6832.48, "Plan Rows": 60000, "Plan Width": 12, "Actual Startup Time": 90.527, "Actual Total Time": 537.092, "Actual Rows": 299838, "Actual Loops": 5, "Recheck Cond": "(c_nationkey = nation.n_nationkey)", "Rows Removed by Index Recheck": 0, "Exact Heap Blocks": 150033, "Lossy Heap Blocks": 150033, "Plans": [{"Node Type": "Bitmap Index Scan", "Parent Relationship": "Outer", "Index Name": "idx_customer_nationkey", "Startup Cost": 0.0, "Total Cost": 1015.37, "Plan Rows": 60000, "Plan Width": 0, "Actual Startup Time": 57.484, "Actual Total Time": 57.484, "Actual Rows": 299838, "Actual Loops": 5, "Index Cond": "(c_nationkey = nation.n_nationkey)"}]}]}, {"Node Type": "Index Scan", "Parent Relationship": "Inner", "Scan Direction": "Forward", "Index Name": "idx_orders_custkey", "Relation Name": "orders", "Alias": "orders", "Startup Cost": 0.0, "Total Cost": 1.24, "Plan Rows": 1, "Plan Width": 16, "Actual Startup Time": 3747.036, "Actual Total Time": 7878.163, "Actual Rows": 454183, "Actual Loops": 299838, "Index Cond": "(o_custkey = customer.c_custkey)", "Rows Removed by Index Recheck": 0, "Filter": "((o_orderdate >= '1994-01-01 00:00:00'::timestamp(0) without time zone) AND (o_orderdate < '1995-01-01 00:00:00'::timestamp without time zone))", "Rows Removed by Filter": 2542535}]}, {"Node Type": "Index Scan", "Parent Relationship": "Inner", "Scan Direction": "Forward", "Index Name": "idx_lineitem_orderkey", "Relation Name": "lineitem", "Alias": "lineitem", "Startup Cost": 0.0, "Total Cost": 3.05, "Plan Rows": 9, "Plan Width": 32, "Actual Startup Time": 3858.27, "Actual Total Time": 4758.395, "Actual Rows": 1815222, "Actual Loops": 454183, "Index Cond": "(l_orderkey = orders.o_orderkey)", "Rows Removed by Index Recheck": 0}]}]}]}]}]}, "Triggers": [], "Planner Runtime": 5.739, "Total Runtime": 16114.693, "Unique SQL Id": 1392561963}}, "(1, 85)": {"explain_plan": {"Plan": {"Node Type": "Sort", "Startup Cost": 2117930.64, "Total Cost": 2117930.7, "Plan Rows": 25, "Plan Width": 42, "Sort Key": ["(sum((lineitem.l_extendedprice * (1::double precision - lineitem.l_discount)))) DESC"], "Plans": [{"Node Type": "Aggregate", "Strategy": "Hashed", "Parent Relationship": "Outer", "Startup Cost": 2117929.81, "Total Cost": 2117930.06, "Plan Rows": 25, "Plan Width": 42, "Group By Key": ["nation.n_name"], "Plans": [{"Node Type": "Merge Join", "Parent Relationship": "Outer", "Join Type": "Inner", "Startup Cost": 2090467.05, "Total Cost": 2117835.91, "Plan Rows": 9390, "Plan Width": 42, "Inner Unique": false, "Merge Cond": "(supplier.s_suppkey = lineitem.l_suppkey)", "Join Filter": "(customer.c_nationkey = supplier.s_nationkey)", "Plans": [{"Node Type": "Index Scan", "Parent Relationship": "Outer", "Scan Direction": "Forward", "Index Name": "supplier_pkey", "Relation Name": "supplier", "Alias": "supplier", "Startup Cost": 0.0, "Total Cost": 5334.54, "Plan Rows": 100000, "Plan Width": 12}, {"Node Type": "Sort", "Parent Relationship": "Inner", "Startup Cost": 2090465.22, "Total Cost": 2099687.59, "Plan Rows": 3688948, "Plan Width": 58, "Sort Key": ["lineitem.l_suppkey"], "Plans": [{"Node Type": "Nested Loop", "Parent Relationship": "Outer", "Join Type": "Inner", "Startup Cost": 1030.37, "Total Cost": 1688097.31, "Plan Rows": 3688948, "Plan Width": 58, "Inner Unique": false, "Plans": [{"Node Type": "Nested Loop", "Parent Relationship": "Outer", "Join Type": "Inner", "Startup Cost": 1030.37, "Total Cost": 412302.9, "Plan Rows": 406290, "Plan Width": 42, "Inner Unique": false, "Plans": [{"Node Type": "Nested Loop", "Parent Relationship": "Outer", "Join Type": "Inner", "Startup Cost": 1030.37, "Total Cost": 37194.1, "Plan Rows": 300000, "Plan Width": 42, "Inner Unique": false, "Plans": [{"Node Type": "Nested Loop", "Parent Relationship": "Outer", "Join Type": "Inner", "Startup Cost": 0.0, "Total Cost": 31.69, "Plan Rows": 5, "Plan Width": 30, "Inner Unique": true, "Plans": [{"Node Type": "Index Scan", "Parent Relationship": "Outer", "Scan Direction": "Forward", "Index Name": "nation_pkey", "Relation Name": "nation", "Alias": "nation", "Startup Cost": 0.0, "Total Cost": 12.62, "Plan Rows": 25, "Plan Width": 34}, {"Node Type": "Index Scan", "Parent Relationship": "Inner", "Scan Direction": "Forward", "Index Name": "region_pkey", "Relation Name": "region", "Alias": "region", "Startup Cost": 0.0, "Total Cost": 0.75, "Plan Rows": 1, "Plan Width": 4, "Index Cond": "(r_regionkey = nation.n_regionkey)", "Filter": "(r_name = 'MIDDLE EAST'::bpchar)"}]}, {"Node Type": "Bitmap Heap Scan", "Parent Relationship": "Inner", "Relation Name": "customer", "Alias": "customer", "Startup Cost": 1030.37, "Total Cost": 6832.48, "Plan Rows": 60000, "Plan Width": 12, "Recheck Cond": "(c_nationkey = nation.n_nationkey)", "Plans": [{"Node Type": "Bitmap Index Scan", "Parent Relationship": "Outer", "Index Name": "idx_customer_nationkey", "Startup Cost": 0.0, "Total Cost": 1015.37, "Plan Rows": 60000, "Plan Width": 0, "Index Cond": "(c_nationkey = nation.n_nationkey)"}]}]}, {"Node Type": "Index Scan", "Parent Relationship": "Inner", "Scan Direction": "Forward", "Index Name": "idx_orders_custkey", "Relation Name": "orders", "Alias": "orders", "Startup Cost": 0.0, "Total Cost": 1.24, "Plan Rows": 1, "Plan Width": 16, "Index Cond": "(o_custkey = customer.c_custkey)", "Filter": "((o_orderdate >= '1994-01-01 00:00:00'::timestamp(0) without time zone) AND (o_orderdate < '1995-01-01 00:00:00'::timestamp without time zone))"}]}, {"Node Type": "Index Scan", "Parent Relationship": "Inner", "Scan Direction": "Forward", "Index Name": "idx_lineitem_orderkey", "Relation Name": "lineitem", "Alias": "lineitem", "Startup Cost": 0.0, "Total Cost": 3.05, "Plan Rows": 9, "Plan Width": 32, "Index Cond": "(l_orderkey = orders.o_orderkey)"}]}]}]}]}]}, "Unique SQL Id": 1392561963}, "explain_analyze_plan": {"Plan": {"Node Type": "Sort", "Startup Cost": 2117930.64, "Total Cost": 2117930.7, "Plan Rows": 25, "Plan Width": 42, "Actual Startup Time": 17862.87, "Actual Total Time": 17862.87, "Actual Rows": 5, "Actual Loops": 1, "Sort Key": ["(sum((lineitem.l_extendedprice * (1::double precision - lineitem.l_discount)))) DESC"], "Sort Method": "quicksort", "Sort Space Used": 25, "Sort Space Type": "Memory", "Plans": [{"Node Type": "Aggregate", "Strategy": "Hashed", "Parent Relationship": "Outer", "Startup Cost": 2117929.81, "Total Cost": 2117930.06, "Plan Rows": 25, "Plan Width": 42, "Actual Startup Time": 17862.837, "Actual Total Time": 17862.839, "Actual Rows": 5, "Actual Loops": 1, "Group By Key": ["nation.n_name"], "Plans": [{"Node Type": "Merge Join", "Parent Relationship": "Outer", "Join Type": "Inner", "Startup Cost": 2090467.05, "Total Cost": 2117835.91, "Plan Rows": 9390, "Plan Width": 42, "Actual Startup Time": 16732.324, "Actual Total Time": 17813.12, "Actual Rows": 72985, "Actual Loops": 1, "Inner Unique": false, "Merge Cond": "(supplier.s_suppkey = lineitem.l_suppkey)", "Join Filter": "(customer.c_nationkey = supplier.s_nationkey)", "Rows Removed by Join Filter": 0, "Plans": [{"Node Type": "Index Scan", "Parent Relationship": "Outer", "Scan Direction": "Forward", "Index Name": "supplier_pkey", "Relation Name": "supplier", "Alias": "supplier", "Startup Cost": 0.0, "Total Cost": 5334.54, "Plan Rows": 100000, "Plan Width": 12, "Actual Startup Time": 0.026, "Actual Total Time": 63.99, "Actual Rows": 100000, "Actual Loops": 1}, {"Node Type": "Sort", "Parent Relationship": "Inner", "Startup Cost": 2090465.22, "Total Cost": 2099687.59, "Plan Rows": 3688948, "Plan Width": 58, "Actual Startup Time": 16732.091, "Actual Total Time": 17207.878, "Actual Rows": 1815222, "Actual Loops": 1, "Sort Key": ["lineitem.l_suppkey"], "Sort Method": "quicksort", "Sort Space Used": 332781, "Sort Space Type": "Memory", "Plans": [{"Node Type": "Nested Loop", "Parent Relationship": "Outer", "Join Type": "Inner", "Startup Cost": 1030.37, "Total Cost": 1688097.31, "Plan Rows": 3688948, "Plan Width": 58, "Actual Startup Time": 19.003, "Actual Total Time": 15880.137, "Actual Rows": 1815222, "Actual Loops": 1, "Inner Unique": false, "Plans": [{"Node Type": "Nested Loop", "Parent Relationship": "Outer", "Join Type": "Inner", "Startup Cost": 1030.37, "Total Cost": 412302.9, "Plan Rows": 406290, "Plan Width": 42, "Actual Startup Time": 18.985, "Actual Total Time": 9872.885, "Actual Rows": 454183, "Actual Loops": 1, "Inner Unique": false, "Plans": [{"Node Type": "Nested Loop", "Parent Relationship": "Outer", "Join Type": "Inner", "Startup Cost": 1030.37, "Total Cost": 37194.1, "Plan Rows": 300000, "Plan Width": 42, "Actual Startup Time": 18.91, "Actual Total Time": 667.291, "Actual Rows": 299838, "Actual Loops": 1, "Inner Unique": false, "Plans": [{"Node Type": "Nested Loop", "Parent Relationship": "Outer", "Join Type": "Inner", "Startup Cost": 0.0, "Total Cost": 31.69, "Plan Rows": 5, "Plan Width": 30, "Actual Startup Time": 0.031, "Actual Total Time": 0.177, "Actual Rows": 5, "Actual Loops": 1, "Inner Unique": true, "Plans": [{"Node Type": "Index Scan", "Parent Relationship": "Outer", "Scan Direction": "Forward", "Index Name": "nation_pkey", "Relation Name": "nation", "Alias": "nation", "Startup Cost": 0.0, "Total Cost": 12.62, "Plan Rows": 25, "Plan Width": 34, "Actual Startup Time": 0.003, "Actual Total Time": 0.033, "Actual Rows": 25, "Actual Loops": 1}, {"Node Type": "Index Scan", "Parent Relationship": "Inner", "Scan Direction": "Forward", "Index Name": "region_pkey", "Relation Name": "region", "Alias": "region", "Startup Cost": 0.0, "Total Cost": 0.75, "Plan Rows": 1, "Plan Width": 4, "Actual Startup Time": 0.103, "Actual Total Time": 0.103, "Actual Rows": 5, "Actual Loops": 25, "Index Cond": "(r_regionkey = nation.n_regionkey)", "Rows Removed by Index Recheck": 0, "Filter": "(r_name = 'MIDDLE EAST'::bpchar)", "Rows Removed by Filter": 20}]}, {"Node Type": "Bitmap Heap Scan", "Parent Relationship": "Inner", "Relation Name": "customer", "Alias": "customer", "Startup Cost": 1030.37, "Total Cost": 6832.48, "Plan Rows": 60000, "Plan Width": 12, "Actual Startup Time": 90.715, "Actual Total Time": 591.27, "Actual Rows": 299838, "Actual Loops": 5, "Recheck Cond": "(c_nationkey = nation.n_nationkey)", "Rows Removed by Index Recheck": 0, "Exact Heap Blocks": 150033, "Lossy Heap Blocks": 150033, "Plans": [{"Node Type": "Bitmap Index Scan", "Parent Relationship": "Outer", "Index Name": "idx_customer_nationkey", "Startup Cost": 0.0, "Total Cost": 1015.37, "Plan Rows": 60000, "Plan Width": 0, "Actual Startup Time": 57.808, "Actual Total Time": 57.808, "Actual Rows": 299838, "Actual Loops": 5, "Index Cond": "(c_nationkey = nation.n_nationkey)"}]}]}, {"Node Type": "Index Scan", "Parent Relationship": "Inner", "Scan Direction": "Forward", "Index Name": "idx_orders_custkey", "Relation Name": "orders", "Alias": "orders", "Startup Cost": 0.0, "Total Cost": 1.24, "Plan Rows": 1, "Plan Width": 16, "Actual Startup Time": 4217.443, "Actual Total Time": 8937.622, "Actual Rows": 454183, "Actual Loops": 299838, "Index Cond": "(o_custkey = customer.c_custkey)", "Rows Removed by Index Recheck": 0, "Filter": "((o_orderdate >= '1994-01-01 00:00:00'::timestamp(0) without time zone) AND (o_orderdate < '1995-01-01 00:00:00'::timestamp without time zone))", "Rows Removed by Filter": 2542535}]}, {"Node Type": "Index Scan", "Parent Relationship": "Inner", "Scan Direction": "Forward", "Index Name": "idx_lineitem_orderkey", "Relation Name": "lineitem", "Alias": "lineitem", "Startup Cost": 0.0, "Total Cost": 3.05, "Plan Rows": 9, "Plan Width": 32, "Actual Startup Time": 4382.277, "Actual Total Time": 5365.134, "Actual Rows": 1815222, "Actual Loops": 454183, "Index Cond": "(l_orderkey = orders.o_orderkey)", "Rows Removed by Index Recheck": 0}]}]}]}]}]}, "Triggers": [], "Planner Runtime": 5.627, "Total Runtime": 17863.298, "Unique SQL Id": 1392561963}}, "(1, 86)": {"explain_plan": {"Plan": {"Node Type": "Sort", "Startup Cost": 3136047.69, "Total Cost": 3136047.75, "Plan Rows": 25, "Plan Width": 42, "Sort Key": ["(sum((lineitem.l_extendedprice * (1::double precision - lineitem.l_discount)))) DESC"], "Plans": [{"Node Type": "Aggregate", "Strategy": "Hashed", "Parent Relationship": "Outer", "Startup Cost": 3136046.86, "Total Cost": 3136047.11, "Plan Rows": 25, "Plan Width": 42, "Group By Key": ["nation.n_name"], "Plans": [{"Node Type": "Merge Join", "Parent Relationship": "Outer", "Join Type": "Inner", "Startup Cost": 3107434.36, "Total Cost": 3135952.96, "Plan Rows": 9390, "Plan Width": 42, "Inner Unique": true, "Merge Cond": "((lineitem.l_suppkey = supplier.s_suppkey) AND (customer.c_nationkey = supplier.s_nationkey))", "Plans": [{"Node Type": "Sort", "Parent Relationship": "Outer", "Startup Cost": 3095843.79, "Total Cost": 3105066.16, "Plan Rows": 3688948, "Plan Width": 58, "Sort Key": ["lineitem.l_suppkey", "customer.c_nationkey"], "Plans": [{"Node Type": "Nested Loop", "Parent Relationship": "Outer", "Join Type": "Inner", "Startup Cost": 674437.01, "Total Cost": 2693475.88, "Plan Rows": 3688948, "Plan Width": 58, "Inner Unique": false, "Plans": [{"Node Type": "Merge Join", "Parent Relationship": "Outer", "Join Type": "Inner", "Startup Cost": 674436.28, "Total Cost": 691407.56, "Plan Rows": 406290, "Plan Width": 42, "Inner Unique": false, "Merge Cond": "(customer.c_custkey = orders.o_custkey)", "Plans": [{"Node Type": "Sort", "Parent Relationship": "Outer", "Startup Cost": 64457.4, "Total Cost": 65207.4, "Plan Rows": 300000, "Plan Width": 42, "Sort Key": ["customer.c_custkey"], "Plans": [{"Node Type": "Nested Loop", "Parent Relationship": "Outer", "Join Type": "Inner", "Startup Cost": 1033.27, "Total Cost": 37165.49, "Plan Rows": 300000, "Plan Width": 42, "Inner Unique": false, "Plans": [{"Node Type": "Merge Join", "Parent Relationship": "Outer", "Join Type": "Inner", "Startup Cost": 2.9, "Total Cost": 3.09, "Plan Rows": 5, "Plan Width": 30, "Inner Unique": false, "Merge Cond": "(region.r_regionkey = nation.n_regionkey)", "Plans": [{"Node Type": "Sort", "Parent Relationship": "Outer", "Startup Cost": 1.07, "Total Cost": 1.08, "Plan Rows": 1, "Plan Width": 4, "Sort Key": ["region.r_regionkey"], "Plans": [{"Node Type": "Seq Scan", "Parent Relationship": "Outer", "Relation Name": "region", "Alias": "region", "Startup Cost": 0.0, "Total Cost": 1.06, "Plan Rows": 1, "Plan Width": 4, "Filter": "(r_name = 'MIDDLE EAST'::bpchar)"}]}, {"Node Type": "Sort", "Parent Relationship": "Inner", "Startup Cost": 1.83, "Total Cost": 1.89, "Plan Rows": 25, "Plan Width": 34, "Sort Key": ["nation.n_regionkey"], "Plans": [{"Node Type": "Seq Scan", "Parent Relationship": "Outer", "Relation Name": "nation", "Alias": "nation", "Startup Cost": 0.0, "Total Cost": 1.25, "Plan Rows": 25, "Plan Width": 34}]}]}, {"Node Type": "Bitmap Heap Scan", "Parent Relationship": "Inner", "Relation Name": "customer", "Alias": "customer", "Startup Cost": 1030.37, "Total Cost": 6832.48, "Plan Rows": 60000, "Plan Width": 12, "Recheck Cond": "(c_nationkey = nation.n_nationkey)", "Plans": [{"Node Type": "Bitmap Index Scan", "Parent Relationship": "Outer", "Index Name": "idx_customer_nationkey", "Startup Cost": 0.0, "Total Cost": 1015.37, "Plan Rows": 60000, "Plan Width": 0, "Index Cond": "(c_nationkey = nation.n_nationkey)"}]}]}]}, {"Node Type": "Sort", "Parent Relationship": "Inner", "Startup Cost": 609978.84, "Total Cost": 615683.24, "Plan Rows": 2281758, "Plan Width": 16, "Sort Key": ["orders.o_custkey"], "Plans": [{"Node Type": "Bitmap Heap Scan", "Parent Relationship": "Outer", "Relation Name": "orders", "Alias": "orders", "Startup Cost": 58360.27, "Total Cost": 369005.64, "Plan Rows": 2281758, "Plan Width": 16, "Recheck Cond": "((o_orderdate >= '1994-01-01 00:00:00'::timestamp(0) without time zone) AND (o_orderdate < '1995-01-01 00:00:00'::timestamp without time zone)), (LLVM Optimized)", "Plans": [{"Node Type": "Bitmap Index Scan", "Parent Relationship": "Outer", "Index Name": "idx_orders_orderdate", "Startup Cost": 0.0, "Total Cost": 57789.83, "Plan Rows": 2281758, "Plan Width": 0, "Index Cond": "((o_orderdate >= '1994-01-01 00:00:00'::timestamp(0) without time zone) AND (o_orderdate < '1995-01-01 00:00:00'::timestamp without time zone))"}]}]}]}, {"Node Type": "Bitmap Heap Scan", "Parent Relationship": "Inner", "Relation Name": "lineitem", "Alias": "lineitem", "Startup Cost": 0.73, "Total Cost": 4.84, "Plan Rows": 9, "Plan Width": 32, "Recheck Cond": "(l_orderkey = orders.o_orderkey)", "Plans": [{"Node Type": "Bitmap Index Scan", "Parent Relationship": "Outer", "Index Name": "idx_lineitem_orderkey", "Startup Cost": 0.0, "Total Cost": 0.72, "Plan Rows": 9, "Plan Width": 0, "Index Cond": "(l_orderkey = orders.o_orderkey)"}]}]}]}, {"Node Type": "Sort", "Parent Relationship": "Inner", "Startup Cost": 11587.82, "Total Cost": 11837.82, "Plan Rows": 100000, "Plan Width": 12, "Sort Key": ["supplier.s_suppkey", "supplier.s_nationkey"], "Plans": [{"Node Type": "Seq Scan", "Parent Relationship": "Outer", "Relation Name": "supplier", "Alias": "supplier", "Startup Cost": 0.0, "Total Cost": 3283.0, "Plan Rows": 100000, "Plan Width": 12}]}]}]}]}, "Unique SQL Id": 1392561963}, "explain_analyze_plan": {"Plan": {"Node Type": "Sort", "Startup Cost": 3136047.69, "Total Cost": 3136047.75, "Plan Rows": 25, "Plan Width": 42, "Actual Startup Time": 14435.938, "Actual Total Time": 14435.939, "Actual Rows": 5, "Actual Loops": 1, "Sort Key": ["(sum((lineitem.l_extendedprice * (1::double precision - lineitem.l_discount)))) DESC"], "Sort Method": "quicksort", "Sort Space Used": 25, "Sort Space Type": "Memory", "Plans": [{"Node Type": "Aggregate", "Strategy": "Hashed", "Parent Relationship": "Outer", "Startup Cost": 3136046.86, "Total Cost": 3136047.11, "Plan Rows": 25, "Plan Width": 42, "Actual Startup Time": 14435.909, "Actual Total Time": 14435.913, "Actual Rows": 5, "Actual Loops": 1, "Group By Key": ["nation.n_name"], "Plans": [{"Node Type": "Merge Join", "Parent Relationship": "Outer", "Join Type": "Inner", "Startup Cost": 3107434.36, "Total Cost": 3135952.96, "Plan Rows": 9390, "Plan Width": 42, "Actual Startup Time": 13584.331, "Actual Total Time": 14387.829, "Actual Rows": 72985, "Actual Loops": 1, "Inner Unique": true, "Merge Cond": "((lineitem.l_suppkey = supplier.s_suppkey) AND (customer.c_nationkey = supplier.s_nationkey))", "Plans": [{"Node Type": "Sort", "Parent Relationship": "Outer", "Startup Cost": 3095843.79, "Total Cost": 3105066.16, "Plan Rows": 3688948, "Plan Width": 58, "Actual Startup Time": 13513.509, "Actual Total Time": 13991.305, "Actual Rows": 1815212, "Actual Loops": 1, "Sort Key": ["lineitem.l_suppkey", "customer.c_nationkey"], "Sort Method": "quicksort", "Sort Space Used": 332781, "Sort Space Type": "Memory", "Plans": [{"Node Type": "Nested Loop", "Parent Relationship": "Outer", "Join Type": "Inner", "Startup Cost": 674437.01, "Total Cost": 2693475.88, "Plan Rows": 3688948, "Plan Width": 58, "Actual Startup Time": 4346.982, "Actual Total Time": 12041.107, "Actual Rows": 1815222, "Actual Loops": 1, "Inner Unique": false, "Plans": [{"Node Type": "Merge Join", "Parent Relationship": "Outer", "Join Type": "Inner", "Startup Cost": 674436.28, "Total Cost": 691407.56, "Plan Rows": 406290, "Plan Width": 42, "Actual Startup Time": 4346.906, "Actual Total Time": 5534.79, "Actual Rows": 454183, "Actual Loops": 1, "Inner Unique": false, "Merge Cond": "(customer.c_custkey = orders.o_custkey)", "Plans": [{"Node Type": "Sort", "Parent Relationship": "Outer", "Startup Cost": 64457.4, "Total Cost": 65207.4, "Plan Rows": 300000, "Plan Width": 42, "Actual Startup Time": 637.355, "Actual Total Time": 695.561, "Actual Rows": 299838, "Actual Loops": 1, "Sort Key": ["customer.c_custkey"], "Sort Method": "quicksort", "Sort Space Used": 59138, "Sort Space Type": "Memory", "Plans": [{"Node Type": "Nested Loop", "Parent Relationship": "Outer", "Join Type": "Inner", "Startup Cost": 1033.27, "Total Cost": 37165.49, "Plan Rows": 300000, "Plan Width": 42, "Actual Startup Time": 19.41, "Actual Total Time": 520.292, "Actual Rows": 299838, "Actual Loops": 1, "Inner Unique": false, "Plans": [{"Node Type": "Merge Join", "Parent Relationship": "Outer", "Join Type": "Inner", "Startup Cost": 2.9, "Total Cost": 3.09, "Plan Rows": 5, "Plan Width": 30, "Actual Startup Time": 0.07, "Actual Total Time": 0.113, "Actual Rows": 5, "Actual Loops": 1, "Inner Unique": false, "Merge Cond": "(region.r_regionkey = nation.n_regionkey)", "Plans": [{"Node Type": "Sort", "Parent Relationship": "Outer", "Startup Cost": 1.07, "Total Cost": 1.08, "Plan Rows": 1, "Plan Width": 4, "Actual Startup Time": 0.035, "Actual Total Time": 0.035, "Actual Rows": 1, "Actual Loops": 1, "Sort Key": ["region.r_regionkey"], "Sort Method": "quicksort", "Sort Space Used": 25, "Sort Space Type": "Memory", "Plans": [{"Node Type": "Seq Scan", "Parent Relationship": "Outer", "Relation Name": "region", "Alias": "region", "Startup Cost": 0.0, "Total Cost": 1.06, "Plan Rows": 1, "Plan Width": 4, "Actual Startup Time": 0.023, "Actual Total Time": 0.025, "Actual Rows": 1, "Actual Loops": 1, "Filter": "(r_name = 'MIDDLE EAST'::bpchar)", "Rows Removed by Filter": 4}]}, {"Node Type": "Sort", "Parent Relationship": "Inner", "Startup Cost": 1.83, "Total Cost": 1.89, "Plan Rows": 25, "Plan Width": 34, "Actual Startup Time": 0.025, "Actual Total Time": 0.036, "Actual Rows": 25, "Actual Loops": 1, "Sort Key": ["nation.n_regionkey"], "Sort Method": "quicksort", "Sort Space Used": 27, "Sort Space Type": "Memory", "Plans": [{"Node Type": "Seq Scan", "Parent Relationship": "Outer", "Relation Name": "nation", "Alias": "nation", "Startup Cost": 0.0, "Total Cost": 1.25, "Plan Rows": 25, "Plan Width": 34, "Actual Startup Time": 0.005, "Actual Total Time": 0.011, "Actual Rows": 25, "Actual Loops": 1}]}]}, {"Node Type": "Bitmap Heap Scan", "Parent Relationship": "Inner", "Relation Name": "customer", "Alias": "customer", "Startup Cost": 1030.37, "Total Cost": 6832.48, "Plan Rows": 60000, "Plan Width": 12, "Actual Startup Time": 90.816, "Actual Total Time": 456.78, "Actual Rows": 299838, "Actual Loops": 5, "Recheck Cond": "(c_nationkey = nation.n_nationkey)", "Rows Removed by Index Recheck": 0, "Exact Heap Blocks": 150033, "Lossy Heap Blocks": 150033, "Plans": [{"Node Type": "Bitmap Index Scan", "Parent Relationship": "Outer", "Index Name": "idx_customer_nationkey", "Startup Cost": 0.0, "Total Cost": 1015.37, "Plan Rows": 60000, "Plan Width": 0, "Actual Startup Time": 57.712, "Actual Total Time": 57.712, "Actual Rows": 299838, "Actual Loops": 5, "Index Cond": "(c_nationkey = nation.n_nationkey)"}]}]}]}, {"Node Type": "Sort", "Parent Relationship": "Inner", "Startup Cost": 609978.84, "Total Cost": 615683.24, "Plan Rows": 2281758, "Plan Width": 16, "Actual Startup Time": 3709.529, "Actual Total Time": 4352.849, "Actual Rows": 2275914, "Actual Loops": 1, "Sort Key": ["orders.o_custkey"], "Sort Method": "quicksort", "Sort Space Used": 311672, "Sort Space Type": "Memory", "Plans": [{"Node Type": "Bitmap Heap Scan", "Parent Relationship": "Outer", "Relation Name": "orders", "Alias": "orders", "Startup Cost": 58360.27, "Total Cost": 369005.64, "Plan Rows": 2281758, "Plan Width": 16, "Actual Startup Time": 722.738, "Actual Total Time": 2790.645, "Actual Rows": 2275919, "Actual Loops": 1, "Recheck Cond": "((o_orderdate >= '1994-01-01 00:00:00'::timestamp(0) without time zone) AND (o_orderdate < '1995-01-01 00:00:00'::timestamp without time zone)), (LLVM Optimized, Jit Execute)", "Rows Removed by Index Recheck": 0, "Exact Heap Blocks": 276381, "Lossy Heap Blocks": 276381, "Plans": [{"Node Type": "Bitmap Index Scan", "Parent Relationship": "Outer", "Index Name": "idx_orders_orderdate", "Startup Cost": 0.0, "Total Cost": 57789.83, "Plan Rows": 2281758, "Plan Width": 0, "Actual Startup Time": 622.047, "Actual Total Time": 622.047, "Actual Rows": 2275919, "Actual Loops": 1, "Index Cond": "((o_orderdate >= '1994-01-01 00:00:00'::timestamp(0) without time zone) AND (o_orderdate < '1995-01-01 00:00:00'::timestamp without time zone))"}]}]}]}, {"Node Type": "Bitmap Heap Scan", "Parent Relationship": "Inner", "Relation Name": "lineitem", "Alias": "lineitem", "Startup Cost": 0.73, "Total Cost": 4.84, "Plan Rows": 9, "Plan Width": 32, "Actual Startup Time": 5253.66, "Actual Total Time": 5570.615, "Actual Rows": 1815222, "Actual Loops": 454183, "Recheck Cond": "(l_orderkey = orders.o_orderkey)", "Rows Removed by Index Recheck": 0, "Exact Heap Blocks": 486530, "Lossy Heap Blocks": 486530, "Plans": [{"Node Type": "Bitmap Index Scan", "Parent Relationship": "Outer", "Index Name": "idx_lineitem_orderkey", "Startup Cost": 0.0, "Total Cost": 0.72, "Plan Rows": 9, "Plan Width": 0, "Actual Startup Time": 3301.975, "Actual Total Time": 3301.975, "Actual Rows": 1815222, "Actual Loops": 454183, "Index Cond": "(l_orderkey = orders.o_orderkey)"}]}]}]}, {"Node Type": "Sort", "Parent Relationship": "Inner", "Startup Cost": 11587.82, "Total Cost": 11837.82, "Plan Rows": 100000, "Plan Width": 12, "Actual Startup Time": 70.756, "Actual Total Time": 86.077, "Actual Rows": 100000, "Actual Loops": 1, "Sort Key": ["supplier.s_suppkey", "supplier.s_nationkey"], "Sort Method": "quicksort", "Sort Space Used": 12448, "Sort Space Type": "Memory", "Plans": [{"Node Type": "Seq Scan", "Parent Relationship": "Outer", "Relation Name": "supplier", "Alias": "supplier", "Startup Cost": 0.0, "Total Cost": 3283.0, "Plan Rows": 100000, "Plan Width": 12, "Actual Startup Time": 0.044, "Actual Total Time": 33.649, "Actual Rows": 100000, "Actual Loops": 1}]}]}]}]}, "Triggers": [], "Planner Runtime": 4.974, "Total Runtime": 14445.506, "Unique SQL Id": 1392561963}}, "(1, 87)": {"explain_plan": {"Plan": {"Node Type": "Sort", "Startup Cost": 46003135.57, "Total Cost": 46003135.63, "Plan Rows": 25, "Plan Width": 42, "Sort Key": ["(sum((lineitem.l_extendedprice * (1::double precision - lineitem.l_discount)))) DESC"], "Plans": [{"Node Type": "Aggregate", "Strategy": "Hashed", "Parent Relationship": "Outer", "Startup Cost": 46003134.74, "Total Cost": 46003134.99, "Plan Rows": 25, "Plan Width": 42, "Group By Key": ["nation.n_name"], "Plans": [{"Node Type": "Nested Loop", "Parent Relationship": "Outer", "Join Type": "Inner", "Startup Cost": 58362.35, "Total Cost": 46003040.84, "Plan Rows": 9390, "Plan Width": 42, "Inner Unique": true, "Join Filter": "(customer.c_nationkey = supplier.s_nationkey)", "Plans": [{"Node Type": "Nested Loop", "Parent Relationship": "Outer", "Join Type": "Inner", "Startup Cost": 58362.1, "Total Cost": 30204103.6, "Plan Rows": 3688948, "Plan Width": 58, "Inner Unique": false, "Plans": [{"Node Type": "Nested Loop", "Parent Relationship": "Outer", "Join Type": "Inner", "Startup Cost": 58361.37, "Total Cost": 28202035.27, "Plan Rows": 406290, "Plan Width": 42, "Inner Unique": true, "Plans": [{"Node Type": "Nested Loop", "Parent Relationship": "Outer", "Join Type": "Inner", "Startup Cost": 58360.79, "Total Cost": 18851769.58, "Plan Rows": 2031452, "Plan Width": 46, "Inner Unique": true, "Plans": [{"Node Type": "Nested Loop", "Parent Relationship": "Outer", "Join Type": "Inner", "Startup Cost": 58360.54, "Total Cost": 10156636.32, "Plan Rows": 2031452, "Plan Width": 12, "Inner Unique": true, "Plans": [{"Node Type": "Bitmap Heap Scan", "Parent Relationship": "Outer", "Relation Name": "orders", "Alias": "orders", "Startup Cost": 58360.27, "Total Cost": 369005.64, "Plan Rows": 2281758, "Plan Width": 16, "Recheck Cond": "((o_orderdate >= '1994-01-01 00:00:00'::timestamp(0) without time zone) AND (o_orderdate < '1995-01-01 00:00:00'::timestamp without time zone)), (LLVM Optimized)", "Plans": [{"Node Type": "Bitmap Index Scan", "Parent Relationship": "Outer", "Index Name": "idx_orders_orderdate", "Startup Cost": 0.0, "Total Cost": 57789.83, "Plan Rows": 2281758, "Plan Width": 0, "Index Cond": "((o_orderdate >= '1994-01-01 00:00:00'::timestamp(0) without time zone) AND (o_orderdate < '1995-01-01 00:00:00'::timestamp without time zone))"}]}, {"Node Type": "Bitmap Heap Scan", "Parent Relationship": "Inner", "Relation Name": "customer", "Alias": "customer", "Startup Cost": 0.27, "Total Cost": 4.28, "Plan Rows": 1, "Plan Width": 12, "Recheck Cond": "(c_custkey = orders.o_custkey)", "Plans": [{"Node Type": "Bitmap Index Scan", "Parent Relationship": "Outer", "Index Name": "customer_pkey", "Startup Cost": 0.0, "Total Cost": 0.27, "Plan Rows": 1, "Plan Width": 0, "Index Cond": "(c_custkey = orders.o_custkey)"}]}]}, {"Node Type": "Bitmap Heap Scan", "Parent Relationship": "Inner", "Relation Name": "nation", "Alias": "nation", "Startup Cost": 0.26, "Total Cost": 4.27, "Plan Rows": 1, "Plan Width": 34, "Recheck Cond": "(n_nationkey = customer.c_nationkey)", "Plans": [{"Node Type": "Bitmap Index Scan", "Parent Relationship": "Outer", "Index Name": "nation_pkey", "Startup Cost": 0.0, "Total Cost": 0.26, "Plan Rows": 1, "Plan Width": 0, "Index Cond": "(n_nationkey = customer.c_nationkey)"}]}]}, {"Node Type": "Bitmap Heap Scan", "Parent Relationship": "Inner", "Relation Name": "region", "Alias": "region", "Startup Cost": 0.58, "Total Cost": 4.59, "Plan Rows": 1, "Plan Width": 4, "Recheck Cond": "(r_regionkey = nation.n_regionkey)", "Filter": "(r_name = 'MIDDLE EAST'::bpchar)", "Plans": [{"Node Type": "Bitmap Index Scan", "Parent Relationship": "Outer", "Index Name": "region_pkey", "Startup Cost": 0.0, "Total Cost": 0.58, "Plan Rows": 1, "Plan Width": 0, "Index Cond": "(r_regionkey = nation.n_regionkey)"}]}]}, {"Node Type": "Bitmap Heap Scan", "Parent Relationship": "Inner", "Relation Name": "lineitem", "Alias": "lineitem", "Startup Cost": 0.73, "Total Cost": 4.84, "Plan Rows": 9, "Plan Width": 32, "Recheck Cond": "(l_orderkey = orders.o_orderkey)", "Plans": [{"Node Type": "Bitmap Index Scan", "Parent Relationship": "Outer", "Index Name": "idx_lineitem_orderkey", "Startup Cost": 0.0, "Total Cost": 0.72, "Plan Rows": 9, "Plan Width": 0, "Index Cond": "(l_orderkey = orders.o_orderkey)"}]}]}, {"Node Type": "Bitmap Heap Scan", "Parent Relationship": "Inner", "Relation Name": "supplier", "Alias": "supplier", "Startup Cost": 0.26, "Total Cost": 4.27, "Plan Rows": 1, "Plan Width": 12, "Recheck Cond": "(s_suppkey = lineitem.l_suppkey)", "Plans": [{"Node Type": "Bitmap Index Scan", "Parent Relationship": "Outer", "Index Name": "supplier_pkey", "Startup Cost": 0.0, "Total Cost": 0.26, "Plan Rows": 1, "Plan Width": 0, "Index Cond": "(s_suppkey = lineitem.l_suppkey)"}]}]}]}]}, "Unique SQL Id": 1392561963}, "explain_analyze_plan": null}, "(1, 88)": {"explain_plan": {"Plan": {"Node Type": "Sort", "Startup Cost": 2121871.76, "Total Cost": 2121871.82, "Plan Rows": 25, "Plan Width": 42, "Sort Key": ["(sum((lineitem.l_extendedprice * (1::double precision - lineitem.l_discount)))) DESC"], "Plans": [{"Node Type": "Aggregate", "Strategy": "Hashed", "Parent Relationship": "Outer", "Startup Cost": 2121870.92, "Total Cost": 2121871.17, "Plan Rows": 25, "Plan Width": 42, "Group By Key": ["nation.n_name"], "Plans": [{"Node Type": "Merge Join", "Parent Relationship": "Outer", "Join Type": "Inner", "Startup Cost": 2094816.76, "Total Cost": 2121777.02, "Plan Rows": 9390, "Plan Width": 42, "Inner Unique": false, "Merge Cond": "(supplier.s_suppkey = lineitem.l_suppkey)", "Join Filter": "(customer.c_nationkey = supplier.s_nationkey)", "Plans": [{"Node Type": "Index Scan", "Parent Relationship": "Outer", "Scan Direction": "Forward", "Index Name": "supplier_pkey", "Relation Name": "supplier", "Alias": "supplier", "Startup Cost": 0.0, "Total Cost": 5334.54, "Plan Rows": 100000, "Plan Width": 12}, {"Node Type": "Sort", "Parent Relationship": "Inner", "Startup Cost": 2094814.93, "Total Cost": 2104037.3, "Plan Rows": 3688948, "Plan Width": 58, "Sort Key": ["lineitem.l_suppkey"], "Plans": [{"Node Type": "Nested Loop", "Parent Relationship": "Outer", "Join Type": "Inner", "Startup Cost": 0.0, "Total Cost": 1692447.02, "Plan Rows": 3688948, "Plan Width": 58, "Inner Unique": false, "Plans": [{"Node Type": "Nested Loop", "Parent Relationship": "Outer", "Join Type": "Inner", "Startup Cost": 0.0, "Total Cost": 416652.61, "Plan Rows": 406290, "Plan Width": 42, "Inner Unique": false, "Plans": [{"Node Type": "Nested Loop", "Parent Relationship": "Outer", "Join Type": "Inner", "Startup Cost": 0.0, "Total Cost": 41543.81, "Plan Rows": 300000, "Plan Width": 42, "Inner Unique": false, "Plans": [{"Node Type": "Nested Loop", "Parent Relationship": "Outer", "Join Type": "Inner", "Startup Cost": 0.0, "Total Cost": 31.69, "Plan Rows": 5, "Plan Width": 30, "Inner Unique": true, "Plans": [{"Node Type": "Index Scan", "Parent Relationship": "Outer", "Scan Direction": "Forward", "Index Name": "nation_pkey", "Relation Name": "nation", "Alias": "nation", "Startup Cost": 0.0, "Total Cost": 12.62, "Plan Rows": 25, "Plan Width": 34}, {"Node Type": "Index Scan", "Parent Relationship": "Inner", "Scan Direction": "Forward", "Index Name": "region_pkey", "Relation Name": "region", "Alias": "region", "Startup Cost": 0.0, "Total Cost": 0.75, "Plan Rows": 1, "Plan Width": 4, "Index Cond": "(r_regionkey = nation.n_regionkey)", "Filter": "(r_name = 'MIDDLE EAST'::bpchar)"}]}, {"Node Type": "Index Scan", "Parent Relationship": "Inner", "Scan Direction": "Forward", "Index Name": "idx_customer_nationkey", "Relation Name": "customer", "Alias": "customer", "Startup Cost": 0.0, "Total Cost": 7702.43, "Plan Rows": 60000, "Plan Width": 12, "Index Cond": "(c_nationkey = nation.n_nationkey)"}]}, {"Node Type": "Index Scan", "Parent Relationship": "Inner", "Scan Direction": "Forward", "Index Name": "idx_orders_custkey", "Relation Name": "orders", "Alias": "orders", "Startup Cost": 0.0, "Total Cost": 1.24, "Plan Rows": 1, "Plan Width": 16, "Index Cond": "(o_custkey = customer.c_custkey)", "Filter": "((o_orderdate >= '1994-01-01 00:00:00'::timestamp(0) without time zone) AND (o_orderdate < '1995-01-01 00:00:00'::timestamp without time zone))"}]}, {"Node Type": "Index Scan", "Parent Relationship": "Inner", "Scan Direction": "Forward", "Index Name": "idx_lineitem_orderkey", "Relation Name": "lineitem", "Alias": "lineitem", "Startup Cost": 0.0, "Total Cost": 3.05, "Plan Rows": 9, "Plan Width": 32, "Index Cond": "(l_orderkey = orders.o_orderkey)"}]}]}]}]}]}, "Unique SQL Id": 1392561963}, "explain_analyze_plan": {"Plan": {"Node Type": "Sort", "Startup Cost": 2121871.76, "Total Cost": 2121871.82, "Plan Rows": 25, "Plan Width": 42, "Actual Startup Time": 18011.908, "Actual Total Time": 18011.908, "Actual Rows": 5, "Actual Loops": 1, "Sort Key": ["(sum((lineitem.l_extendedprice * (1::double precision - lineitem.l_discount)))) DESC"], "Sort Method": "quicksort", "Sort Space Used": 25, "Sort Space Type": "Memory", "Plans": [{"Node Type": "Aggregate", "Strategy": "Hashed", "Parent Relationship": "Outer", "Startup Cost": 2121870.92, "Total Cost": 2121871.17, "Plan Rows": 25, "Plan Width": 42, "Actual Startup Time": 18011.886, "Actual Total Time": 18011.888, "Actual Rows": 5, "Actual Loops": 1, "Group By Key": ["nation.n_name"], "Plans": [{"Node Type": "Merge Join", "Parent Relationship": "Outer", "Join Type": "Inner", "Startup Cost": 2094816.76, "Total Cost": 2121777.02, "Plan Rows": 9390, "Plan Width": 42, "Actual Startup Time": 16861.774, "Actual Total Time": 17962.849, "Actual Rows": 72985, "Actual Loops": 1, "Inner Unique": false, "Merge Cond": "(supplier.s_suppkey = lineitem.l_suppkey)", "Join Filter": "(customer.c_nationkey = supplier.s_nationkey)", "Rows Removed by Join Filter": 0, "Plans": [{"Node Type": "Index Scan", "Parent Relationship": "Outer", "Scan Direction": "Forward", "Index Name": "supplier_pkey", "Relation Name": "supplier", "Alias": "supplier", "Startup Cost": 0.0, "Total Cost": 5334.54, "Plan Rows": 100000, "Plan Width": 12, "Actual Startup Time": 0.026, "Actual Total Time": 64.569, "Actual Rows": 100000, "Actual Loops": 1}, {"Node Type": "Sort", "Parent Relationship": "Inner", "Startup Cost": 2094814.93, "Total Cost": 2104037.3, "Plan Rows": 3688948, "Plan Width": 58, "Actual Startup Time": 16861.642, "Actual Total Time": 17357.917, "Actual Rows": 1815222, "Actual Loops": 1, "Sort Key": ["lineitem.l_suppkey"], "Sort Method": "quicksort", "Sort Space Used": 332781, "Sort Space Type": "Memory", "Plans": [{"Node Type": "Nested Loop", "Parent Relationship": "Outer", "Join Type": "Inner", "Startup Cost": 0.0, "Total Cost": 1692447.02, "Plan Rows": 3688948, "Plan Width": 58, "Actual Startup Time": 0.134, "Actual Total Time": 16025.598, "Actual Rows": 1815222, "Actual Loops": 1, "Inner Unique": false, "Plans": [{"Node Type": "Nested Loop", "Parent Relationship": "Outer", "Join Type": "Inner", "Startup Cost": 0.0, "Total Cost": 416652.61, "Plan Rows": 406290, "Plan Width": 42, "Actual Startup Time": 0.119, "Actual Total Time": 9910.912, "Actual Rows": 454183, "Actual Loops": 1, "Inner Unique": false, "Plans": [{"Node Type": "Nested Loop", "Parent Relationship": "Outer", "Join Type": "Inner", "Startup Cost": 0.0, "Total Cost": 41543.81, "Plan Rows": 300000, "Plan Width": 42, "Actual Startup Time": 0.063, "Actual Total Time": 546.061, "Actual Rows": 299838, "Actual Loops": 1, "Inner Unique": false, "Plans": [{"Node Type": "Nested Loop", "Parent Relationship": "Outer", "Join Type": "Inner", "Startup Cost": 0.0, "Total Cost": 31.69, "Plan Rows": 5, "Plan Width": 30, "Actual Startup Time": 0.034, "Actual Total Time": 0.181, "Actual Rows": 5, "Actual Loops": 1, "Inner Unique": true, "Plans": [{"Node Type": "Index Scan", "Parent Relationship": "Outer", "Scan Direction": "Forward", "Index Name": "nation_pkey", "Relation Name": "nation", "Alias": "nation", "Startup Cost": 0.0, "Total Cost": 12.62, "Plan Rows": 25, "Plan Width": 34, "Actual Startup Time": 0.004, "Actual Total Time": 0.03, "Actual Rows": 25, "Actual Loops": 1}, {"Node Type": "Index Scan", "Parent Relationship": "Inner", "Scan Direction": "Forward", "Index Name": "region_pkey", "Relation Name": "region", "Alias": "region", "Startup Cost": 0.0, "Total Cost": 0.75, "Plan Rows": 1, "Plan Width": 4, "Actual Startup Time": 0.102, "Actual Total Time": 0.102, "Actual Rows": 5, "Actual Loops": 25, "Index Cond": "(r_regionkey = nation.n_regionkey)", "Rows Removed by Index Recheck": 0, "Filter": "(r_name = 'MIDDLE EAST'::bpchar)", "Rows Removed by Filter": 20}]}, {"Node Type": "Index Scan", "Parent Relationship": "Inner", "Scan Direction": "Forward", "Index Name": "idx_customer_nationkey", "Relation Name": "customer", "Alias": "customer", "Startup Cost": 0.0, "Total Cost": 7702.43, "Plan Rows": 60000, "Plan Width": 12, "Actual Startup Time": 0.152, "Actual Total Time": 462.726, "Actual Rows": 299838, "Actual Loops": 5, "Index Cond": "(c_nationkey = nation.n_nationkey)", "Rows Removed by Index Recheck": 0}]}, {"Node Type": "Index Scan", "Parent Relationship": "Inner", "Scan Direction": "Forward", "Index Name": "idx_orders_custkey", "Relation Name": "orders", "Alias": "orders", "Startup Cost": 0.0, "Total Cost": 1.24, "Plan Rows": 1, "Plan Width": 16, "Actual Startup Time": 4289.207, "Actual Total Time": 9100.023, "Actual Rows": 454183, "Actual Loops": 299838, "Index Cond": "(o_custkey = customer.c_custkey)", "Rows Removed by Index Recheck": 0, "Filter": "((o_orderdate >= '1994-01-01 00:00:00'::timestamp(0) without time zone) AND (o_orderdate < '1995-01-01 00:00:00'::timestamp without time zone))", "Rows Removed by Filter": 2542535}]}, {"Node Type": "Index Scan", "Parent Relationship": "Inner", "Scan Direction": "Forward", "Index Name": "idx_lineitem_orderkey", "Relation Name": "lineitem", "Alias": "lineitem", "Startup Cost": 0.0, "Total Cost": 3.05, "Plan Rows": 9, "Plan Width": 32, "Actual Startup Time": 4477.194, "Actual Total Time": 5474.347, "Actual Rows": 1815222, "Actual Loops": 454183, "Index Cond": "(l_orderkey = orders.o_orderkey)", "Rows Removed by Index Recheck": 0}]}]}]}]}]}, "Triggers": [], "Planner Runtime": 5.309, "Total Runtime": 18012.205, "Unique SQL Id": 1392561963}}, "(1, 89)": {"explain_plan": {"Plan": {"Node Type": "Sort", "Startup Cost": 2122280.36, "Total Cost": 2122280.42, "Plan Rows": 25, "Plan Width": 42, "Sort Key": ["(sum((lineitem.l_extendedprice * (1::double precision - lineitem.l_discount)))) DESC"], "Plans": [{"Node Type": "Aggregate", "Strategy": "Hashed", "Parent Relationship": "Outer", "Startup Cost": 2122279.52, "Total Cost": 2122279.77, "Plan Rows": 25, "Plan Width": 42, "Group By Key": ["nation.n_name"], "Plans": [{"Node Type": "Merge Join", "Parent Relationship": "Outer", "Join Type": "Inner", "Startup Cost": 2094816.76, "Total Cost": 2122185.62, "Plan Rows": 9390, "Plan Width": 42, "Inner Unique": false, "Merge Cond": "(supplier.s_suppkey = lineitem.l_suppkey)", "Join Filter": "(customer.c_nationkey = supplier.s_nationkey)", "Plans": [{"Node Type": "Index Scan", "Parent Relationship": "Outer", "Scan Direction": "Forward", "Index Name": "supplier_pkey", "Relation Name": "supplier", "Alias": "supplier", "Startup Cost": 0.0, "Total Cost": 5334.54, "Plan Rows": 100000, "Plan Width": 12}, {"Node Type": "Sort", "Parent Relationship": "Inner", "Startup Cost": 2094814.93, "Total Cost": 2104037.3, "Plan Rows": 3688948, "Plan Width": 58, "Sort Key": ["lineitem.l_suppkey"], "Plans": [{"Node Type": "Nested Loop", "Parent Relationship": "Outer", "Join Type": "Inner", "Startup Cost": 0.0, "Total Cost": 1692447.02, "Plan Rows": 3688948, "Plan Width": 58, "Inner Unique": false, "Plans": [{"Node Type": "Nested Loop", "Parent Relationship": "Outer", "Join Type": "Inner", "Startup Cost": 0.0, "Total Cost": 416652.61, "Plan Rows": 406290, "Plan Width": 42, "Inner Unique": false, "Plans": [{"Node Type": "Nested Loop", "Parent Relationship": "Outer", "Join Type": "Inner", "Startup Cost": 0.0, "Total Cost": 41543.81, "Plan Rows": 300000, "Plan Width": 42, "Inner Unique": false, "Plans": [{"Node Type": "Nested Loop", "Parent Relationship": "Outer", "Join Type": "Inner", "Startup Cost": 0.0, "Total Cost": 31.69, "Plan Rows": 5, "Plan Width": 30, "Inner Unique": true, "Plans": [{"Node Type": "Index Scan", "Parent Relationship": "Outer", "Scan Direction": "Forward", "Index Name": "nation_pkey", "Relation Name": "nation", "Alias": "nation", "Startup Cost": 0.0, "Total Cost": 12.62, "Plan Rows": 25, "Plan Width": 34}, {"Node Type": "Index Scan", "Parent Relationship": "Inner", "Scan Direction": "Forward", "Index Name": "region_pkey", "Relation Name": "region", "Alias": "region", "Startup Cost": 0.0, "Total Cost": 0.75, "Plan Rows": 1, "Plan Width": 4, "Index Cond": "(r_regionkey = nation.n_regionkey)", "Filter": "(r_name = 'MIDDLE EAST'::bpchar)"}]}, {"Node Type": "Index Scan", "Parent Relationship": "Inner", "Scan Direction": "Forward", "Index Name": "idx_customer_nationkey", "Relation Name": "customer", "Alias": "customer", "Startup Cost": 0.0, "Total Cost": 7702.43, "Plan Rows": 60000, "Plan Width": 12, "Index Cond": "(c_nationkey = nation.n_nationkey)"}]}, {"Node Type": "Index Scan", "Parent Relationship": "Inner", "Scan Direction": "Forward", "Index Name": "idx_orders_custkey", "Relation Name": "orders", "Alias": "orders", "Startup Cost": 0.0, "Total Cost": 1.24, "Plan Rows": 1, "Plan Width": 16, "Index Cond": "(o_custkey = customer.c_custkey)", "Filter": "((o_orderdate >= '1994-01-01 00:00:00'::timestamp(0) without time zone) AND (o_orderdate < '1995-01-01 00:00:00'::timestamp without time zone))"}]}, {"Node Type": "Index Scan", "Parent Relationship": "Inner", "Scan Direction": "Forward", "Index Name": "idx_lineitem_orderkey", "Relation Name": "lineitem", "Alias": "lineitem", "Startup Cost": 0.0, "Total Cost": 3.05, "Plan Rows": 9, "Plan Width": 32, "Index Cond": "(l_orderkey = orders.o_orderkey)"}]}]}]}]}]}, "Unique SQL Id": 1392561963}, "explain_analyze_plan": {"Plan": {"Node Type": "Sort", "Startup Cost": 2122280.36, "Total Cost": 2122280.42, "Plan Rows": 25, "Plan Width": 42, "Actual Startup Time": 16910.398, "Actual Total Time": 16910.398, "Actual Rows": 5, "Actual Loops": 1, "Sort Key": ["(sum((lineitem.l_extendedprice * (1::double precision - lineitem.l_discount)))) DESC"], "Sort Method": "quicksort", "Sort Space Used": 25, "Sort Space Type": "Memory", "Plans": [{"Node Type": "Aggregate", "Strategy": "Hashed", "Parent Relationship": "Outer", "Startup Cost": 2122279.52, "Total Cost": 2122279.77, "Plan Rows": 25, "Plan Width": 42, "Actual Startup Time": 16910.366, "Actual Total Time": 16910.368, "Actual Rows": 5, "Actual Loops": 1, "Group By Key": ["nation.n_name"], "Plans": [{"Node Type": "Merge Join", "Parent Relationship": "Outer", "Join Type": "Inner", "Startup Cost": 2094816.76, "Total Cost": 2122185.62, "Plan Rows": 9390, "Plan Width": 42, "Actual Startup Time": 15806.788, "Actual Total Time": 16861.426, "Actual Rows": 72985, "Actual Loops": 1, "Inner Unique": false, "Merge Cond": "(supplier.s_suppkey = lineitem.l_suppkey)", "Join Filter": "(customer.c_nationkey = supplier.s_nationkey)", "Rows Removed by Join Filter": 0, "Plans": [{"Node Type": "Index Scan", "Parent Relationship": "Outer", "Scan Direction": "Forward", "Index Name": "supplier_pkey", "Relation Name": "supplier", "Alias": "supplier", "Startup Cost": 0.0, "Total Cost": 5334.54, "Plan Rows": 100000, "Plan Width": 12, "Actual Startup Time": 0.026, "Actual Total Time": 63.333, "Actual Rows": 100000, "Actual Loops": 1}, {"Node Type": "Sort", "Parent Relationship": "Inner", "Startup Cost": 2094814.93, "Total Cost": 2104037.3, "Plan Rows": 3688948, "Plan Width": 58, "Actual Startup Time": 15806.071, "Actual Total Time": 16261.386, "Actual Rows": 1815222, "Actual Loops": 1, "Sort Key": ["lineitem.l_suppkey"], "Sort Method": "quicksort", "Sort Space Used": 332781, "Sort Space Type": "Memory", "Plans": [{"Node Type": "Nested Loop", "Parent Relationship": "Outer", "Join Type": "Inner", "Startup Cost": 0.0, "Total Cost": 1692447.02, "Plan Rows": 3688948, "Plan Width": 58, "Actual Startup Time": 0.13, "Actual Total Time": 14963.107, "Actual Rows": 1815222, "Actual Loops": 1, "Inner Unique": false, "Plans": [{"Node Type": "Nested Loop", "Parent Relationship": "Outer", "Join Type": "Inner", "Startup Cost": 0.0, "Total Cost": 416652.61, "Plan Rows": 406290, "Plan Width": 42, "Actual Startup Time": 0.115, "Actual Total Time": 9225.227, "Actual Rows": 454183, "Actual Loops": 1, "Inner Unique": false, "Plans": [{"Node Type": "Nested Loop", "Parent Relationship": "Outer", "Join Type": "Inner", "Startup Cost": 0.0, "Total Cost": 41543.81, "Plan Rows": 300000, "Plan Width": 42, "Actual Startup Time": 0.06, "Actual Total Time": 511.47, "Actual Rows": 299838, "Actual Loops": 1, "Inner Unique": false, "Plans": [{"Node Type": "Nested Loop", "Parent Relationship": "Outer", "Join Type": "Inner", "Startup Cost": 0.0, "Total Cost": 31.69, "Plan Rows": 5, "Plan Width": 30, "Actual Startup Time": 0.033, "Actual Total Time": 0.171, "Actual Rows": 5, "Actual Loops": 1, "Inner Unique": true, "Plans": [{"Node Type": "Index Scan", "Parent Relationship": "Outer", "Scan Direction": "Forward", "Index Name": "nation_pkey", "Relation Name": "nation", "Alias": "nation", "Startup Cost": 0.0, "Total Cost": 12.62, "Plan Rows": 25, "Plan Width": 34, "Actual Startup Time": 0.004, "Actual Total Time": 0.024, "Actual Rows": 25, "Actual Loops": 1}, {"Node Type": "Index Scan", "Parent Relationship": "Inner", "Scan Direction": "Forward", "Index Name": "region_pkey", "Relation Name": "region", "Alias": "region", "Startup Cost": 0.0, "Total Cost": 0.75, "Plan Rows": 1, "Plan Width": 4, "Actual Startup Time": 0.099, "Actual Total Time": 0.099, "Actual Rows": 5, "Actual Loops": 25, "Index Cond": "(r_regionkey = nation.n_regionkey)", "Rows Removed by Index Recheck": 0, "Filter": "(r_name = 'MIDDLE EAST'::bpchar)", "Rows Removed by Filter": 20}]}, {"Node Type": "Index Scan", "Parent Relationship": "Inner", "Scan Direction": "Forward", "Index Name": "idx_customer_nationkey", "Relation Name": "customer", "Alias": "customer", "Startup Cost": 0.0, "Total Cost": 7702.43, "Plan Rows": 60000, "Plan Width": 12, "Actual Startup Time": 0.139, "Actual Total Time": 428.391, "Actual Rows": 299838, "Actual Loops": 5, "Index Cond": "(c_nationkey = nation.n_nationkey)", "Rows Removed by Index Recheck": 0}]}, {"Node Type": "Index Scan", "Parent Relationship": "Inner", "Scan Direction": "Forward", "Index Name": "idx_orders_custkey", "Relation Name": "orders", "Alias": "orders", "Startup Cost": 0.0, "Total Cost": 1.24, "Plan Rows": 1, "Plan Width": 16, "Actual Startup Time": 3995.302, "Actual Total Time": 8446.002, "Actual Rows": 454183, "Actual Loops": 299838, "Index Cond": "(o_custkey = customer.c_custkey)", "Rows Removed by Index Recheck": 0, "Filter": "((o_orderdate >= '1994-01-01 00:00:00'::timestamp(0) without time zone) AND (o_orderdate < '1995-01-01 00:00:00'::timestamp without time zone))", "Rows Removed by Filter": 2542535}]}, {"Node Type": "Index Scan", "Parent Relationship": "Inner", "Scan Direction": "Forward", "Index Name": "idx_lineitem_orderkey", "Relation Name": "lineitem", "Alias": "lineitem", "Startup Cost": 0.0, "Total Cost": 3.05, "Plan Rows": 9, "Plan Width": 32, "Actual Startup Time": 4152.951, "Actual Total Time": 5092.897, "Actual Rows": 1815222, "Actual Loops": 454183, "Index Cond": "(l_orderkey = orders.o_orderkey)", "Rows Removed by Index Recheck": 0}]}]}]}]}]}, "Triggers": [], "Planner Runtime": 5.216, "Total Runtime": 16910.722, "Unique SQL Id": 1392561963}}, "(1, 90)": {"explain_plan": {"Plan": {"Node Type": "Sort", "Startup Cost": 11169864.59, "Total Cost": 11169864.65, "Plan Rows": 25, "Plan Width": 42, "Sort Key": ["(sum((lineitem.l_extendedprice * (1::double precision - lineitem.l_discount)))) DESC"], "Plans": [{"Node Type": "Aggregate", "Strategy": "Hashed", "Parent Relationship": "Outer", "Startup Cost": 11169863.76, "Total Cost": 11169864.01, "Plan Rows": 25, "Plan Width": 42, "Group By Key": ["nation.n_name"], "Plans": [{"Node Type": "Merge Join", "Parent Relationship": "Outer", "Join Type": "Inner", "Startup Cost": 11156437.02, "Total Cost": 11169769.86, "Plan Rows": 9390, "Plan Width": 42, "Inner Unique": true, "Merge Cond": "((orders.o_custkey = customer.c_custkey) AND (supplier.s_nationkey = customer.c_nationkey))", "Plans": [{"Node Type": "Sort", "Parent Relationship": "Outer", "Startup Cost": 10950436.73, "Total Cost": 10951095.98, "Plan Rows": 263699, "Plan Width": 58, "Sort Key": ["orders.o_custkey", "supplier.s_nationkey"], "Plans": [{"Node Type": "Merge Join", "Parent Relationship": "Outer", "Join Type": "Inner", "Startup Cost": 10903235.78, "Total Cost": 10926692.57, "Plan Rows": 263699, "Plan Width": 58, "Inner Unique": true, "Merge Cond": "(lineitem.l_orderkey = orders.o_orderkey)", "Plans": [{"Node Type": "Sort", "Parent Relationship": "Outer", "Startup Cost": 10160850.97, "Total Cost": 10162759.81, "Plan Rows": 763534, "Plan Width": 58, "Sort Key": ["lineitem.l_orderkey"], "Plans": [{"Node Type": "Merge Join", "Parent Relationship": "Outer", "Join Type": "Inner", "Startup Cost": 9778633.86, "Total Cost": 10086244.8, "Plan Rows": 763534, "Plan Width": 58, "Inner Unique": false, "Merge Cond": "(supplier.s_suppkey = lineitem.l_suppkey)", "Plans": [{"Node Type": "Sort", "Parent Relationship": "Outer", "Startup Cost": 13719.76, "Total Cost": 13769.76, "Plan Rows": 20000, "Plan Width": 42, "Sort Key": ["supplier.s_suppkey"], "Plans": [{"Node Type": "Merge Join", "Parent Relationship": "Outer", "Join Type": "Inner", "Startup Cost": 11590.96, "Total Cost": 12290.99, "Plan Rows": 20000, "Plan Width": 42, "Inner Unique": false, "Merge Cond": "(nation.n_nationkey = supplier.s_nationkey)", "Plans": [{"Node Type": "Sort", "Parent Relationship": "Outer", "Startup Cost": 3.14, "Total Cost": 3.16, "Plan Rows": 5, "Plan Width": 30, "Sort Key": ["nation.n_nationkey"], "Plans": [{"Node Type": "Merge Join", "Parent Relationship": "Outer", "Join Type": "Inner", "Startup Cost": 2.9, "Total Cost": 3.09, "Plan Rows": 5, "Plan Width": 30, "Inner Unique": false, "Merge Cond": "(region.r_regionkey = nation.n_regionkey)", "Plans": [{"Node Type": "Sort", "Parent Relationship": "Outer", "Startup Cost": 1.07, "Total Cost": 1.08, "Plan Rows": 1, "Plan Width": 4, "Sort Key": ["region.r_regionkey"], "Plans": [{"Node Type": "Seq Scan", "Parent Relationship": "Outer", "Relation Name": "region", "Alias": "region", "Startup Cost": 0.0, "Total Cost": 1.06, "Plan Rows": 1, "Plan Width": 4, "Filter": "(r_name = 'MIDDLE EAST'::bpchar)"}]}, {"Node Type": "Sort", "Parent Relationship": "Inner", "Startup Cost": 1.83, "Total Cost": 1.89, "Plan Rows": 25, "Plan Width": 34, "Sort Key": ["nation.n_regionkey"], "Plans": [{"Node Type": "Seq Scan", "Parent Relationship": "Outer", "Relation Name": "nation", "Alias": "nation", "Startup Cost": 0.0, "Total Cost": 1.25, "Plan Rows": 25, "Plan Width": 34}]}]}]}, {"Node Type": "Sort", "Parent Relationship": "Inner", "Startup Cost": 11587.82, "Total Cost": 11837.82, "Plan Rows": 100000, "Plan Width": 12, "Sort Key": ["supplier.s_nationkey"], "Plans": [{"Node Type": "Seq Scan", "Parent Relationship": "Outer", "Relation Name": "supplier", "Alias": "supplier", "Startup Cost": 0.0, "Total Cost": 3283.0, "Plan Rows": 100000, "Plan Width": 12}]}]}]}, {"Node Type": "Sort", "Parent Relationship": "Inner", "Startup Cost": 9764884.32, "Total Cost": 9914851.9, "Plan Rows": 59987033, "Plan Width": 32, "Sort Key": ["lineitem.l_suppkey"], "Plans": [{"Node Type": "Seq Scan", "Parent Relationship": "Outer", "Relation Name": "lineitem", "Alias": "lineitem", "Startup Cost": 0.0, "Total Cost": 2015115.33, "Plan Rows": 59987033, "Plan Width": 32}]}]}]}, {"Node Type": "Sort", "Parent Relationship": "Inner", "Startup Cost": 742384.39, "Total Cost": 748088.78, "Plan Rows": 2281758, "Plan Width": 16, "Sort Key": ["orders.o_orderkey"], "Plans": [{"Node Type": "Seq Scan", "Parent Relationship": "Outer", "Relation Name": "orders", "Alias": "orders", "Startup Cost": 442.55, "Total Cost": 501411.18, "Plan Rows": 2281758, "Plan Width": 16, "Filter": "((o_orderdate >= '1994-01-01 00:00:00'::timestamp(0) without time zone) AND (o_orderdate < '1995-01-01 00:00:00'::timestamp without time zone)), (LLVM Optimized)"}]}]}]}, {"Node Type": "Sort", "Parent Relationship": "Inner", "Startup Cost": 205999.98, "Total Cost": 209749.98, "Plan Rows": 1500000, "Plan Width": 12, "Sort Key": ["customer.c_custkey", "customer.c_nationkey"], "Plans": [{"Node Type": "Seq Scan", "Parent Relationship": "Outer", "Relation Name": "customer", "Alias": "customer", "Startup Cost": 0.0, "Total Cost": 52126.0, "Plan Rows": 1500000, "Plan Width": 12}]}]}]}]}, "Unique SQL Id": 1392561963}, "explain_analyze_plan": null}, "(1, 91)": {"explain_plan": {"Plan": {"Node Type": "Sort", "Startup Cost": 6000400235669.21, "Total Cost": 6000400235669.27, "Plan Rows": 25, "Plan Width": 42, "Sort Key": ["(sum((lineitem.l_extendedprice * (1::double precision - lineitem.l_discount)))) DESC"], "Plans": [{"Node Type": "Aggregate", "Strategy": "Hashed", "Parent Relationship": "Outer", "Startup Cost": 6000400235668.38, "Total Cost": 6000400235668.62, "Plan Rows": 25, "Plan Width": 42, "Group By Key": ["nation.n_name"], "Plans": [{"Node Type": "Merge Join", "Parent Relationship": "Outer", "Join Type": "Inner", "Startup Cost": 5010419210895.03, "Total Cost": 6000400235574.48, "Plan Rows": 9390, "Plan Width": 42, "Inner Unique": false, "Merge Cond": "(customer.c_custkey = orders.o_custkey)", "Join Filter": "(supplier.s_nationkey = customer.c_nationkey)", "Plans": [{"Node Type": "Index Scan", "Parent Relationship": "Outer", "Scan Direction": "Forward", "Index Name": "customer_pkey", "Relation Name": "customer", "Alias": "customer", "Startup Cost": 10000000000.0, "Total Cost": 1000008076535.62, "Plan Rows": 1500000, "Plan Width": 12}, {"Node Type": "Sort", "Parent Relationship": "Inner", "Startup Cost": 5000392150674.17, "Total Cost": 5000392151333.41, "Plan Rows": 263699, "Plan Width": 58, "Sort Key": ["orders.o_custkey"], "Plans": [{"Node Type": "Merge Join", "Parent Relationship": "Outer", "Join Type": "Inner", "Startup Cost": 5000392117700.51, "Total Cost": 5000392126930.01, "Plan Rows": 263699, "Plan Width": 58, "Inner Unique": false, "Merge Cond": "(nation.n_nationkey = supplier.s_nationkey)", "Plans": [{"Node Type": "Sort", "Parent Relationship": "Outer", "Startup Cost": 2000000002068.86, "Total Cost": 2000000002068.87, "Plan Rows": 5, "Plan Width": 30, "Sort Key": ["nation.n_nationkey"], "Plans": [{"Node Type": "Nested Loop", "Parent Relationship": "Outer", "Join Type": "Inner", "Startup Cost": 20000000000.0, "Total Cost": 2000000002068.8, "Plan Rows": 5, "Plan Width": 30, "Inner Unique": false, "Plans": [{"Node Type": "Index Scan", "Parent Relationship": "Outer", "Scan Direction": "Forward", "Index Name": "region_pkey", "Relation Name": "region", "Alias": "region", "Startup Cost": 10000000000.0, "Total Cost": 1000000001233.75, "Plan Rows": 1, "Plan Width": 4, "Filter": "(r_name = 'MIDDLE EAST'::bpchar)"}, {"Node Type": "Index Scan", "Parent Relationship": "Inner", "Scan Direction": "Forward", "Index Name": "idx_nation_regionkey", "Relation Name": "nation", "Alias": "nation", "Startup Cost": 10000000000.0, "Total Cost": 1000000000835.0, "Plan Rows": 5, "Plan Width": 34, "Index Cond": "(n_regionkey = region.r_regionkey)"}]}]}, {"Node Type": "Sort", "Parent Relationship": "Inner", "Startup Cost": 3000392115631.65, "Total Cost": 3000392118927.89, "Plan Rows": 1318497, "Plan Width": 28, "Sort Key": ["supplier.s_nationkey"], "Plans": [{"Node Type": "Merge Join", "Parent Relationship": "Outer", "Join Type": "Inner", "Startup Cost": 2010391331147.51, "Total Cost": 3000391981603.38, "Plan Rows": 1318497, "Plan Width": 28, "Inner Unique": false, "Merge Cond": "(supplier.s_suppkey = lineitem.l_suppkey)", "Plans": [{"Node Type": "Index Scan", "Parent Relationship": "Outer", "Scan Direction": "Forward", "Index Name": "supplier_pkey", "Relation Name": "supplier", "Alias": "supplier", "Startup Cost": 10000000000.0, "Total Cost": 1000000533454.38, "Plan Rows": 100000, "Plan Width": 12}, {"Node Type": "Sort", "Parent Relationship": "Inner", "Startup Cost": 2000391331137.23, "Total Cost": 2000391382930.77, "Plan Rows": 20717417, "Plan Width": 32, "Sort Key": ["lineitem.l_suppkey"], "Plans": [{"Node Type": "Merge Join", "Parent Relationship": "Outer", "Join Type": "Inner", "Startup Cost": 20036448550.05, "Total Cost": 2000388813521.41, "Plan Rows": 20717417, "Plan Width": 32, "Inner Unique": false, "Merge Cond": "(orders.o_orderkey = lineitem.l_orderkey)", "Plans": [{"Node Type": "Index Scan", "Parent Relationship": "Outer", "Scan Direction": "Forward", "Index Name": "orders_pkey", "Relation Name": "orders", "Alias": "orders", "Startup Cost": 10000000000.0, "Total Cost": 1000080597583.0, "Plan Rows": 2281758, "Plan Width": 16, "Filter": "((o_orderdate >= '1994-01-01 00:00:00'::timestamp(0) without time zone) AND (o_orderdate < '1995-01-01 00:00:00'::timestamp without time zone)), (LLVM Optimized)"}, {"Node Type": "Index Scan", "Parent Relationship": "Inner", "Scan Direction": "Forward", "Index Name": "idx_lineitem_orderkey", "Relation Name": "lineitem", "Alias": "lineitem", "Startup Cost": 10000000000.0, "Total Cost": 1000324015374.5, "Plan Rows": 59987033, "Plan Width": 32}]}]}]}]}]}]}]}]}]}, "Unique SQL Id": 1392561963}, "explain_analyze_plan": null}, "(1, 92)": {"explain_plan": {"Plan": {"Node Type": "Sort", "Startup Cost": 2121871.76, "Total Cost": 2121871.82, "Plan Rows": 25, "Plan Width": 42, "Sort Key": ["(sum((lineitem.l_extendedprice * (1::double precision - lineitem.l_discount)))) DESC"], "Plans": [{"Node Type": "Aggregate", "Strategy": "Hashed", "Parent Relationship": "Outer", "Startup Cost": 2121870.92, "Total Cost": 2121871.17, "Plan Rows": 25, "Plan Width": 42, "Group By Key": ["nation.n_name"], "Plans": [{"Node Type": "Merge Join", "Parent Relationship": "Outer", "Join Type": "Inner", "Startup Cost": 2094816.76, "Total Cost": 2121777.02, "Plan Rows": 9390, "Plan Width": 42, "Inner Unique": false, "Merge Cond": "(supplier.s_suppkey = lineitem.l_suppkey)", "Join Filter": "(customer.c_nationkey = supplier.s_nationkey)", "Plans": [{"Node Type": "Index Scan", "Parent Relationship": "Outer", "Scan Direction": "Forward", "Index Name": "supplier_pkey", "Relation Name": "supplier", "Alias": "supplier", "Startup Cost": 0.0, "Total Cost": 5334.54, "Plan Rows": 100000, "Plan Width": 12}, {"Node Type": "Sort", "Parent Relationship": "Inner", "Startup Cost": 2094814.93, "Total Cost": 2104037.3, "Plan Rows": 3688948, "Plan Width": 58, "Sort Key": ["lineitem.l_suppkey"], "Plans": [{"Node Type": "Nested Loop", "Parent Relationship": "Outer", "Join Type": "Inner", "Startup Cost": 0.0, "Total Cost": 1692447.02, "Plan Rows": 3688948, "Plan Width": 58, "Inner Unique": false, "Plans": [{"Node Type": "Nested Loop", "Parent Relationship": "Outer", "Join Type": "Inner", "Startup Cost": 0.0, "Total Cost": 416652.61, "Plan Rows": 406290, "Plan Width": 42, "Inner Unique": false, "Plans": [{"Node Type": "Nested Loop", "Parent Relationship": "Outer", "Join Type": "Inner", "Startup Cost": 0.0, "Total Cost": 41543.81, "Plan Rows": 300000, "Plan Width": 42, "Inner Unique": false, "Plans": [{"Node Type": "Nested Loop", "Parent Relationship": "Outer", "Join Type": "Inner", "Startup Cost": 0.0, "Total Cost": 31.69, "Plan Rows": 5, "Plan Width": 30, "Inner Unique": true, "Plans": [{"Node Type": "Index Scan", "Parent Relationship": "Outer", "Scan Direction": "Forward", "Index Name": "nation_pkey", "Relation Name": "nation", "Alias": "nation", "Startup Cost": 0.0, "Total Cost": 12.62, "Plan Rows": 25, "Plan Width": 34}, {"Node Type": "Index Scan", "Parent Relationship": "Inner", "Scan Direction": "Forward", "Index Name": "region_pkey", "Relation Name": "region", "Alias": "region", "Startup Cost": 0.0, "Total Cost": 0.75, "Plan Rows": 1, "Plan Width": 4, "Index Cond": "(r_regionkey = nation.n_regionkey)", "Filter": "(r_name = 'MIDDLE EAST'::bpchar)"}]}, {"Node Type": "Index Scan", "Parent Relationship": "Inner", "Scan Direction": "Forward", "Index Name": "idx_customer_nationkey", "Relation Name": "customer", "Alias": "customer", "Startup Cost": 0.0, "Total Cost": 7702.43, "Plan Rows": 60000, "Plan Width": 12, "Index Cond": "(c_nationkey = nation.n_nationkey)"}]}, {"Node Type": "Index Scan", "Parent Relationship": "Inner", "Scan Direction": "Forward", "Index Name": "idx_orders_custkey", "Relation Name": "orders", "Alias": "orders", "Startup Cost": 0.0, "Total Cost": 1.24, "Plan Rows": 1, "Plan Width": 16, "Index Cond": "(o_custkey = customer.c_custkey)", "Filter": "((o_orderdate >= '1994-01-01 00:00:00'::timestamp(0) without time zone) AND (o_orderdate < '1995-01-01 00:00:00'::timestamp without time zone))"}]}, {"Node Type": "Index Scan", "Parent Relationship": "Inner", "Scan Direction": "Forward", "Index Name": "idx_lineitem_orderkey", "Relation Name": "lineitem", "Alias": "lineitem", "Startup Cost": 0.0, "Total Cost": 3.05, "Plan Rows": 9, "Plan Width": 32, "Index Cond": "(l_orderkey = orders.o_orderkey)"}]}]}]}]}]}, "Unique SQL Id": 1392561963}, "explain_analyze_plan": {"Plan": {"Node Type": "Sort", "Startup Cost": 2121871.76, "Total Cost": 2121871.82, "Plan Rows": 25, "Plan Width": 42, "Actual Startup Time": 18011.908, "Actual Total Time": 18011.908, "Actual Rows": 5, "Actual Loops": 1, "Sort Key": ["(sum((lineitem.l_extendedprice * (1::double precision - lineitem.l_discount)))) DESC"], "Sort Method": "quicksort", "Sort Space Used": 25, "Sort Space Type": "Memory", "Plans": [{"Node Type": "Aggregate", "Strategy": "Hashed", "Parent Relationship": "Outer", "Startup Cost": 2121870.92, "Total Cost": 2121871.17, "Plan Rows": 25, "Plan Width": 42, "Actual Startup Time": 18011.886, "Actual Total Time": 18011.888, "Actual Rows": 5, "Actual Loops": 1, "Group By Key": ["nation.n_name"], "Plans": [{"Node Type": "Merge Join", "Parent Relationship": "Outer", "Join Type": "Inner", "Startup Cost": 2094816.76, "Total Cost": 2121777.02, "Plan Rows": 9390, "Plan Width": 42, "Actual Startup Time": 16861.774, "Actual Total Time": 17962.849, "Actual Rows": 72985, "Actual Loops": 1, "Inner Unique": false, "Merge Cond": "(supplier.s_suppkey = lineitem.l_suppkey)", "Join Filter": "(customer.c_nationkey = supplier.s_nationkey)", "Rows Removed by Join Filter": 0, "Plans": [{"Node Type": "Index Scan", "Parent Relationship": "Outer", "Scan Direction": "Forward", "Index Name": "supplier_pkey", "Relation Name": "supplier", "Alias": "supplier", "Startup Cost": 0.0, "Total Cost": 5334.54, "Plan Rows": 100000, "Plan Width": 12, "Actual Startup Time": 0.026, "Actual Total Time": 64.569, "Actual Rows": 100000, "Actual Loops": 1}, {"Node Type": "Sort", "Parent Relationship": "Inner", "Startup Cost": 2094814.93, "Total Cost": 2104037.3, "Plan Rows": 3688948, "Plan Width": 58, "Actual Startup Time": 16861.642, "Actual Total Time": 17357.917, "Actual Rows": 1815222, "Actual Loops": 1, "Sort Key": ["lineitem.l_suppkey"], "Sort Method": "quicksort", "Sort Space Used": 332781, "Sort Space Type": "Memory", "Plans": [{"Node Type": "Nested Loop", "Parent Relationship": "Outer", "Join Type": "Inner", "Startup Cost": 0.0, "Total Cost": 1692447.02, "Plan Rows": 3688948, "Plan Width": 58, "Actual Startup Time": 0.134, "Actual Total Time": 16025.598, "Actual Rows": 1815222, "Actual Loops": 1, "Inner Unique": false, "Plans": [{"Node Type": "Nested Loop", "Parent Relationship": "Outer", "Join Type": "Inner", "Startup Cost": 0.0, "Total Cost": 416652.61, "Plan Rows": 406290, "Plan Width": 42, "Actual Startup Time": 0.119, "Actual Total Time": 9910.912, "Actual Rows": 454183, "Actual Loops": 1, "Inner Unique": false, "Plans": [{"Node Type": "Nested Loop", "Parent Relationship": "Outer", "Join Type": "Inner", "Startup Cost": 0.0, "Total Cost": 41543.81, "Plan Rows": 300000, "Plan Width": 42, "Actual Startup Time": 0.063, "Actual Total Time": 546.061, "Actual Rows": 299838, "Actual Loops": 1, "Inner Unique": false, "Plans": [{"Node Type": "Nested Loop", "Parent Relationship": "Outer", "Join Type": "Inner", "Startup Cost": 0.0, "Total Cost": 31.69, "Plan Rows": 5, "Plan Width": 30, "Actual Startup Time": 0.034, "Actual Total Time": 0.181, "Actual Rows": 5, "Actual Loops": 1, "Inner Unique": true, "Plans": [{"Node Type": "Index Scan", "Parent Relationship": "Outer", "Scan Direction": "Forward", "Index Name": "nation_pkey", "Relation Name": "nation", "Alias": "nation", "Startup Cost": 0.0, "Total Cost": 12.62, "Plan Rows": 25, "Plan Width": 34, "Actual Startup Time": 0.004, "Actual Total Time": 0.03, "Actual Rows": 25, "Actual Loops": 1}, {"Node Type": "Index Scan", "Parent Relationship": "Inner", "Scan Direction": "Forward", "Index Name": "region_pkey", "Relation Name": "region", "Alias": "region", "Startup Cost": 0.0, "Total Cost": 0.75, "Plan Rows": 1, "Plan Width": 4, "Actual Startup Time": 0.102, "Actual Total Time": 0.102, "Actual Rows": 5, "Actual Loops": 25, "Index Cond": "(r_regionkey = nation.n_regionkey)", "Rows Removed by Index Recheck": 0, "Filter": "(r_name = 'MIDDLE EAST'::bpchar)", "Rows Removed by Filter": 20}]}, {"Node Type": "Index Scan", "Parent Relationship": "Inner", "Scan Direction": "Forward", "Index Name": "idx_customer_nationkey", "Relation Name": "customer", "Alias": "customer", "Startup Cost": 0.0, "Total Cost": 7702.43, "Plan Rows": 60000, "Plan Width": 12, "Actual Startup Time": 0.152, "Actual Total Time": 462.726, "Actual Rows": 299838, "Actual Loops": 5, "Index Cond": "(c_nationkey = nation.n_nationkey)", "Rows Removed by Index Recheck": 0}]}, {"Node Type": "Index Scan", "Parent Relationship": "Inner", "Scan Direction": "Forward", "Index Name": "idx_orders_custkey", "Relation Name": "orders", "Alias": "orders", "Startup Cost": 0.0, "Total Cost": 1.24, "Plan Rows": 1, "Plan Width": 16, "Actual Startup Time": 4289.207, "Actual Total Time": 9100.023, "Actual Rows": 454183, "Actual Loops": 299838, "Index Cond": "(o_custkey = customer.c_custkey)", "Rows Removed by Index Recheck": 0, "Filter": "((o_orderdate >= '1994-01-01 00:00:00'::timestamp(0) without time zone) AND (o_orderdate < '1995-01-01 00:00:00'::timestamp without time zone))", "Rows Removed by Filter": 2542535}]}, {"Node Type": "Index Scan", "Parent Relationship": "Inner", "Scan Direction": "Forward", "Index Name": "idx_lineitem_orderkey", "Relation Name": "lineitem", "Alias": "lineitem", "Startup Cost": 0.0, "Total Cost": 3.05, "Plan Rows": 9, "Plan Width": 32, "Actual Startup Time": 4477.194, "Actual Total Time": 5474.347, "Actual Rows": 1815222, "Actual Loops": 454183, "Index Cond": "(l_orderkey = orders.o_orderkey)", "Rows Removed by Index Recheck": 0}]}]}]}]}]}, "Triggers": [], "Planner Runtime": 5.309, "Total Runtime": 18012.205, "Unique SQL Id": 1392561963}}, "(1, 93)": {"explain_plan": {"Plan": {"Node Type": "Sort", "Startup Cost": 2122280.36, "Total Cost": 2122280.42, "Plan Rows": 25, "Plan Width": 42, "Sort Key": ["(sum((lineitem.l_extendedprice * (1::double precision - lineitem.l_discount)))) DESC"], "Plans": [{"Node Type": "Aggregate", "Strategy": "Hashed", "Parent Relationship": "Outer", "Startup Cost": 2122279.52, "Total Cost": 2122279.77, "Plan Rows": 25, "Plan Width": 42, "Group By Key": ["nation.n_name"], "Plans": [{"Node Type": "Merge Join", "Parent Relationship": "Outer", "Join Type": "Inner", "Startup Cost": 2094816.76, "Total Cost": 2122185.62, "Plan Rows": 9390, "Plan Width": 42, "Inner Unique": false, "Merge Cond": "(supplier.s_suppkey = lineitem.l_suppkey)", "Join Filter": "(customer.c_nationkey = supplier.s_nationkey)", "Plans": [{"Node Type": "Index Scan", "Parent Relationship": "Outer", "Scan Direction": "Forward", "Index Name": "supplier_pkey", "Relation Name": "supplier", "Alias": "supplier", "Startup Cost": 0.0, "Total Cost": 5334.54, "Plan Rows": 100000, "Plan Width": 12}, {"Node Type": "Sort", "Parent Relationship": "Inner", "Startup Cost": 2094814.93, "Total Cost": 2104037.3, "Plan Rows": 3688948, "Plan Width": 58, "Sort Key": ["lineitem.l_suppkey"], "Plans": [{"Node Type": "Nested Loop", "Parent Relationship": "Outer", "Join Type": "Inner", "Startup Cost": 0.0, "Total Cost": 1692447.02, "Plan Rows": 3688948, "Plan Width": 58, "Inner Unique": false, "Plans": [{"Node Type": "Nested Loop", "Parent Relationship": "Outer", "Join Type": "Inner", "Startup Cost": 0.0, "Total Cost": 416652.61, "Plan Rows": 406290, "Plan Width": 42, "Inner Unique": false, "Plans": [{"Node Type": "Nested Loop", "Parent Relationship": "Outer", "Join Type": "Inner", "Startup Cost": 0.0, "Total Cost": 41543.81, "Plan Rows": 300000, "Plan Width": 42, "Inner Unique": false, "Plans": [{"Node Type": "Nested Loop", "Parent Relationship": "Outer", "Join Type": "Inner", "Startup Cost": 0.0, "Total Cost": 31.69, "Plan Rows": 5, "Plan Width": 30, "Inner Unique": true, "Plans": [{"Node Type": "Index Scan", "Parent Relationship": "Outer", "Scan Direction": "Forward", "Index Name": "nation_pkey", "Relation Name": "nation", "Alias": "nation", "Startup Cost": 0.0, "Total Cost": 12.62, "Plan Rows": 25, "Plan Width": 34}, {"Node Type": "Index Scan", "Parent Relationship": "Inner", "Scan Direction": "Forward", "Index Name": "region_pkey", "Relation Name": "region", "Alias": "region", "Startup Cost": 0.0, "Total Cost": 0.75, "Plan Rows": 1, "Plan Width": 4, "Index Cond": "(r_regionkey = nation.n_regionkey)", "Filter": "(r_name = 'MIDDLE EAST'::bpchar)"}]}, {"Node Type": "Index Scan", "Parent Relationship": "Inner", "Scan Direction": "Forward", "Index Name": "idx_customer_nationkey", "Relation Name": "customer", "Alias": "customer", "Startup Cost": 0.0, "Total Cost": 7702.43, "Plan Rows": 60000, "Plan Width": 12, "Index Cond": "(c_nationkey = nation.n_nationkey)"}]}, {"Node Type": "Index Scan", "Parent Relationship": "Inner", "Scan Direction": "Forward", "Index Name": "idx_orders_custkey", "Relation Name": "orders", "Alias": "orders", "Startup Cost": 0.0, "Total Cost": 1.24, "Plan Rows": 1, "Plan Width": 16, "Index Cond": "(o_custkey = customer.c_custkey)", "Filter": "((o_orderdate >= '1994-01-01 00:00:00'::timestamp(0) without time zone) AND (o_orderdate < '1995-01-01 00:00:00'::timestamp without time zone))"}]}, {"Node Type": "Index Scan", "Parent Relationship": "Inner", "Scan Direction": "Forward", "Index Name": "idx_lineitem_orderkey", "Relation Name": "lineitem", "Alias": "lineitem", "Startup Cost": 0.0, "Total Cost": 3.05, "Plan Rows": 9, "Plan Width": 32, "Index Cond": "(l_orderkey = orders.o_orderkey)"}]}]}]}]}]}, "Unique SQL Id": 1392561963}, "explain_analyze_plan": {"Plan": {"Node Type": "Sort", "Startup Cost": 2122280.36, "Total Cost": 2122280.42, "Plan Rows": 25, "Plan Width": 42, "Actual Startup Time": 16910.398, "Actual Total Time": 16910.398, "Actual Rows": 5, "Actual Loops": 1, "Sort Key": ["(sum((lineitem.l_extendedprice * (1::double precision - lineitem.l_discount)))) DESC"], "Sort Method": "quicksort", "Sort Space Used": 25, "Sort Space Type": "Memory", "Plans": [{"Node Type": "Aggregate", "Strategy": "Hashed", "Parent Relationship": "Outer", "Startup Cost": 2122279.52, "Total Cost": 2122279.77, "Plan Rows": 25, "Plan Width": 42, "Actual Startup Time": 16910.366, "Actual Total Time": 16910.368, "Actual Rows": 5, "Actual Loops": 1, "Group By Key": ["nation.n_name"], "Plans": [{"Node Type": "Merge Join", "Parent Relationship": "Outer", "Join Type": "Inner", "Startup Cost": 2094816.76, "Total Cost": 2122185.62, "Plan Rows": 9390, "Plan Width": 42, "Actual Startup Time": 15806.788, "Actual Total Time": 16861.426, "Actual Rows": 72985, "Actual Loops": 1, "Inner Unique": false, "Merge Cond": "(supplier.s_suppkey = lineitem.l_suppkey)", "Join Filter": "(customer.c_nationkey = supplier.s_nationkey)", "Rows Removed by Join Filter": 0, "Plans": [{"Node Type": "Index Scan", "Parent Relationship": "Outer", "Scan Direction": "Forward", "Index Name": "supplier_pkey", "Relation Name": "supplier", "Alias": "supplier", "Startup Cost": 0.0, "Total Cost": 5334.54, "Plan Rows": 100000, "Plan Width": 12, "Actual Startup Time": 0.026, "Actual Total Time": 63.333, "Actual Rows": 100000, "Actual Loops": 1}, {"Node Type": "Sort", "Parent Relationship": "Inner", "Startup Cost": 2094814.93, "Total Cost": 2104037.3, "Plan Rows": 3688948, "Plan Width": 58, "Actual Startup Time": 15806.071, "Actual Total Time": 16261.386, "Actual Rows": 1815222, "Actual Loops": 1, "Sort Key": ["lineitem.l_suppkey"], "Sort Method": "quicksort", "Sort Space Used": 332781, "Sort Space Type": "Memory", "Plans": [{"Node Type": "Nested Loop", "Parent Relationship": "Outer", "Join Type": "Inner", "Startup Cost": 0.0, "Total Cost": 1692447.02, "Plan Rows": 3688948, "Plan Width": 58, "Actual Startup Time": 0.13, "Actual Total Time": 14963.107, "Actual Rows": 1815222, "Actual Loops": 1, "Inner Unique": false, "Plans": [{"Node Type": "Nested Loop", "Parent Relationship": "Outer", "Join Type": "Inner", "Startup Cost": 0.0, "Total Cost": 416652.61, "Plan Rows": 406290, "Plan Width": 42, "Actual Startup Time": 0.115, "Actual Total Time": 9225.227, "Actual Rows": 454183, "Actual Loops": 1, "Inner Unique": false, "Plans": [{"Node Type": "Nested Loop", "Parent Relationship": "Outer", "Join Type": "Inner", "Startup Cost": 0.0, "Total Cost": 41543.81, "Plan Rows": 300000, "Plan Width": 42, "Actual Startup Time": 0.06, "Actual Total Time": 511.47, "Actual Rows": 299838, "Actual Loops": 1, "Inner Unique": false, "Plans": [{"Node Type": "Nested Loop", "Parent Relationship": "Outer", "Join Type": "Inner", "Startup Cost": 0.0, "Total Cost": 31.69, "Plan Rows": 5, "Plan Width": 30, "Actual Startup Time": 0.033, "Actual Total Time": 0.171, "Actual Rows": 5, "Actual Loops": 1, "Inner Unique": true, "Plans": [{"Node Type": "Index Scan", "Parent Relationship": "Outer", "Scan Direction": "Forward", "Index Name": "nation_pkey", "Relation Name": "nation", "Alias": "nation", "Startup Cost": 0.0, "Total Cost": 12.62, "Plan Rows": 25, "Plan Width": 34, "Actual Startup Time": 0.004, "Actual Total Time": 0.024, "Actual Rows": 25, "Actual Loops": 1}, {"Node Type": "Index Scan", "Parent Relationship": "Inner", "Scan Direction": "Forward", "Index Name": "region_pkey", "Relation Name": "region", "Alias": "region", "Startup Cost": 0.0, "Total Cost": 0.75, "Plan Rows": 1, "Plan Width": 4, "Actual Startup Time": 0.099, "Actual Total Time": 0.099, "Actual Rows": 5, "Actual Loops": 25, "Index Cond": "(r_regionkey = nation.n_regionkey)", "Rows Removed by Index Recheck": 0, "Filter": "(r_name = 'MIDDLE EAST'::bpchar)", "Rows Removed by Filter": 20}]}, {"Node Type": "Index Scan", "Parent Relationship": "Inner", "Scan Direction": "Forward", "Index Name": "idx_customer_nationkey", "Relation Name": "customer", "Alias": "customer", "Startup Cost": 0.0, "Total Cost": 7702.43, "Plan Rows": 60000, "Plan Width": 12, "Actual Startup Time": 0.139, "Actual Total Time": 428.391, "Actual Rows": 299838, "Actual Loops": 5, "Index Cond": "(c_nationkey = nation.n_nationkey)", "Rows Removed by Index Recheck": 0}]}, {"Node Type": "Index Scan", "Parent Relationship": "Inner", "Scan Direction": "Forward", "Index Name": "idx_orders_custkey", "Relation Name": "orders", "Alias": "orders", "Startup Cost": 0.0, "Total Cost": 1.24, "Plan Rows": 1, "Plan Width": 16, "Actual Startup Time": 3995.302, "Actual Total Time": 8446.002, "Actual Rows": 454183, "Actual Loops": 299838, "Index Cond": "(o_custkey = customer.c_custkey)", "Rows Removed by Index Recheck": 0, "Filter": "((o_orderdate >= '1994-01-01 00:00:00'::timestamp(0) without time zone) AND (o_orderdate < '1995-01-01 00:00:00'::timestamp without time zone))", "Rows Removed by Filter": 2542535}]}, {"Node Type": "Index Scan", "Parent Relationship": "Inner", "Scan Direction": "Forward", "Index Name": "idx_lineitem_orderkey", "Relation Name": "lineitem", "Alias": "lineitem", "Startup Cost": 0.0, "Total Cost": 3.05, "Plan Rows": 9, "Plan Width": 32, "Actual Startup Time": 4152.951, "Actual Total Time": 5092.897, "Actual Rows": 1815222, "Actual Loops": 454183, "Index Cond": "(l_orderkey = orders.o_orderkey)", "Rows Removed by Index Recheck": 0}]}]}]}]}]}, "Triggers": [], "Planner Runtime": 5.216, "Total Runtime": 16910.722, "Unique SQL Id": 1392561963}}, "(1, 94)": {"explain_plan": {"Plan": {"Node Type": "Sort", "Startup Cost": 11169864.59, "Total Cost": 11169864.65, "Plan Rows": 25, "Plan Width": 42, "Sort Key": ["(sum((lineitem.l_extendedprice * (1::double precision - lineitem.l_discount)))) DESC"], "Plans": [{"Node Type": "Aggregate", "Strategy": "Hashed", "Parent Relationship": "Outer", "Startup Cost": 11169863.76, "Total Cost": 11169864.01, "Plan Rows": 25, "Plan Width": 42, "Group By Key": ["nation.n_name"], "Plans": [{"Node Type": "Merge Join", "Parent Relationship": "Outer", "Join Type": "Inner", "Startup Cost": 11156437.02, "Total Cost": 11169769.86, "Plan Rows": 9390, "Plan Width": 42, "Inner Unique": true, "Merge Cond": "((orders.o_custkey = customer.c_custkey) AND (supplier.s_nationkey = customer.c_nationkey))", "Plans": [{"Node Type": "Sort", "Parent Relationship": "Outer", "Startup Cost": 10950436.73, "Total Cost": 10951095.98, "Plan Rows": 263699, "Plan Width": 58, "Sort Key": ["orders.o_custkey", "supplier.s_nationkey"], "Plans": [{"Node Type": "Merge Join", "Parent Relationship": "Outer", "Join Type": "Inner", "Startup Cost": 10903235.78, "Total Cost": 10926692.57, "Plan Rows": 263699, "Plan Width": 58, "Inner Unique": true, "Merge Cond": "(lineitem.l_orderkey = orders.o_orderkey)", "Plans": [{"Node Type": "Sort", "Parent Relationship": "Outer", "Startup Cost": 10160850.97, "Total Cost": 10162759.81, "Plan Rows": 763534, "Plan Width": 58, "Sort Key": ["lineitem.l_orderkey"], "Plans": [{"Node Type": "Merge Join", "Parent Relationship": "Outer", "Join Type": "Inner", "Startup Cost": 9778633.86, "Total Cost": 10086244.8, "Plan Rows": 763534, "Plan Width": 58, "Inner Unique": false, "Merge Cond": "(supplier.s_suppkey = lineitem.l_suppkey)", "Plans": [{"Node Type": "Sort", "Parent Relationship": "Outer", "Startup Cost": 13719.76, "Total Cost": 13769.76, "Plan Rows": 20000, "Plan Width": 42, "Sort Key": ["supplier.s_suppkey"], "Plans": [{"Node Type": "Merge Join", "Parent Relationship": "Outer", "Join Type": "Inner", "Startup Cost": 11590.96, "Total Cost": 12290.99, "Plan Rows": 20000, "Plan Width": 42, "Inner Unique": false, "Merge Cond": "(nation.n_nationkey = supplier.s_nationkey)", "Plans": [{"Node Type": "Sort", "Parent Relationship": "Outer", "Startup Cost": 3.14, "Total Cost": 3.16, "Plan Rows": 5, "Plan Width": 30, "Sort Key": ["nation.n_nationkey"], "Plans": [{"Node Type": "Merge Join", "Parent Relationship": "Outer", "Join Type": "Inner", "Startup Cost": 2.9, "Total Cost": 3.09, "Plan Rows": 5, "Plan Width": 30, "Inner Unique": false, "Merge Cond": "(region.r_regionkey = nation.n_regionkey)", "Plans": [{"Node Type": "Sort", "Parent Relationship": "Outer", "Startup Cost": 1.07, "Total Cost": 1.08, "Plan Rows": 1, "Plan Width": 4, "Sort Key": ["region.r_regionkey"], "Plans": [{"Node Type": "Seq Scan", "Parent Relationship": "Outer", "Relation Name": "region", "Alias": "region", "Startup Cost": 0.0, "Total Cost": 1.06, "Plan Rows": 1, "Plan Width": 4, "Filter": "(r_name = 'MIDDLE EAST'::bpchar)"}]}, {"Node Type": "Sort", "Parent Relationship": "Inner", "Startup Cost": 1.83, "Total Cost": 1.89, "Plan Rows": 25, "Plan Width": 34, "Sort Key": ["nation.n_regionkey"], "Plans": [{"Node Type": "Seq Scan", "Parent Relationship": "Outer", "Relation Name": "nation", "Alias": "nation", "Startup Cost": 0.0, "Total Cost": 1.25, "Plan Rows": 25, "Plan Width": 34}]}]}]}, {"Node Type": "Sort", "Parent Relationship": "Inner", "Startup Cost": 11587.82, "Total Cost": 11837.82, "Plan Rows": 100000, "Plan Width": 12, "Sort Key": ["supplier.s_nationkey"], "Plans": [{"Node Type": "Seq Scan", "Parent Relationship": "Outer", "Relation Name": "supplier", "Alias": "supplier", "Startup Cost": 0.0, "Total Cost": 3283.0, "Plan Rows": 100000, "Plan Width": 12}]}]}]}, {"Node Type": "Sort", "Parent Relationship": "Inner", "Startup Cost": 9764884.32, "Total Cost": 9914851.9, "Plan Rows": 59987033, "Plan Width": 32, "Sort Key": ["lineitem.l_suppkey"], "Plans": [{"Node Type": "Seq Scan", "Parent Relationship": "Outer", "Relation Name": "lineitem", "Alias": "lineitem", "Startup Cost": 0.0, "Total Cost": 2015115.33, "Plan Rows": 59987033, "Plan Width": 32}]}]}]}, {"Node Type": "Sort", "Parent Relationship": "Inner", "Startup Cost": 742384.39, "Total Cost": 748088.78, "Plan Rows": 2281758, "Plan Width": 16, "Sort Key": ["orders.o_orderkey"], "Plans": [{"Node Type": "Seq Scan", "Parent Relationship": "Outer", "Relation Name": "orders", "Alias": "orders", "Startup Cost": 442.55, "Total Cost": 501411.18, "Plan Rows": 2281758, "Plan Width": 16, "Filter": "((o_orderdate >= '1994-01-01 00:00:00'::timestamp(0) without time zone) AND (o_orderdate < '1995-01-01 00:00:00'::timestamp without time zone)), (LLVM Optimized)"}]}]}]}, {"Node Type": "Sort", "Parent Relationship": "Inner", "Startup Cost": 205999.98, "Total Cost": 209749.98, "Plan Rows": 1500000, "Plan Width": 12, "Sort Key": ["customer.c_custkey", "customer.c_nationkey"], "Plans": [{"Node Type": "Seq Scan", "Parent Relationship": "Outer", "Relation Name": "customer", "Alias": "customer", "Startup Cost": 0.0, "Total Cost": 52126.0, "Plan Rows": 1500000, "Plan Width": 12}]}]}]}]}, "Unique SQL Id": 1392561963}, "explain_analyze_plan": null}, "(1, 95)": {"explain_plan": {"Plan": {"Node Type": "Sort", "Startup Cost": 6000400235669.21, "Total Cost": 6000400235669.27, "Plan Rows": 25, "Plan Width": 42, "Sort Key": ["(sum((lineitem.l_extendedprice * (1::double precision - lineitem.l_discount)))) DESC"], "Plans": [{"Node Type": "Aggregate", "Strategy": "Hashed", "Parent Relationship": "Outer", "Startup Cost": 6000400235668.38, "Total Cost": 6000400235668.62, "Plan Rows": 25, "Plan Width": 42, "Group By Key": ["nation.n_name"], "Plans": [{"Node Type": "Merge Join", "Parent Relationship": "Outer", "Join Type": "Inner", "Startup Cost": 5010419210895.03, "Total Cost": 6000400235574.48, "Plan Rows": 9390, "Plan Width": 42, "Inner Unique": false, "Merge Cond": "(customer.c_custkey = orders.o_custkey)", "Join Filter": "(supplier.s_nationkey = customer.c_nationkey)", "Plans": [{"Node Type": "Index Scan", "Parent Relationship": "Outer", "Scan Direction": "Forward", "Index Name": "customer_pkey", "Relation Name": "customer", "Alias": "customer", "Startup Cost": 10000000000.0, "Total Cost": 1000008076535.62, "Plan Rows": 1500000, "Plan Width": 12}, {"Node Type": "Sort", "Parent Relationship": "Inner", "Startup Cost": 5000392150674.17, "Total Cost": 5000392151333.41, "Plan Rows": 263699, "Plan Width": 58, "Sort Key": ["orders.o_custkey"], "Plans": [{"Node Type": "Merge Join", "Parent Relationship": "Outer", "Join Type": "Inner", "Startup Cost": 5000392117700.51, "Total Cost": 5000392126930.01, "Plan Rows": 263699, "Plan Width": 58, "Inner Unique": false, "Merge Cond": "(nation.n_nationkey = supplier.s_nationkey)", "Plans": [{"Node Type": "Sort", "Parent Relationship": "Outer", "Startup Cost": 2000000002068.86, "Total Cost": 2000000002068.87, "Plan Rows": 5, "Plan Width": 30, "Sort Key": ["nation.n_nationkey"], "Plans": [{"Node Type": "Nested Loop", "Parent Relationship": "Outer", "Join Type": "Inner", "Startup Cost": 20000000000.0, "Total Cost": 2000000002068.8, "Plan Rows": 5, "Plan Width": 30, "Inner Unique": false, "Plans": [{"Node Type": "Index Scan", "Parent Relationship": "Outer", "Scan Direction": "Forward", "Index Name": "region_pkey", "Relation Name": "region", "Alias": "region", "Startup Cost": 10000000000.0, "Total Cost": 1000000001233.75, "Plan Rows": 1, "Plan Width": 4, "Filter": "(r_name = 'MIDDLE EAST'::bpchar)"}, {"Node Type": "Index Scan", "Parent Relationship": "Inner", "Scan Direction": "Forward", "Index Name": "idx_nation_regionkey", "Relation Name": "nation", "Alias": "nation", "Startup Cost": 10000000000.0, "Total Cost": 1000000000835.0, "Plan Rows": 5, "Plan Width": 34, "Index Cond": "(n_regionkey = region.r_regionkey)"}]}]}, {"Node Type": "Sort", "Parent Relationship": "Inner", "Startup Cost": 3000392115631.65, "Total Cost": 3000392118927.89, "Plan Rows": 1318497, "Plan Width": 28, "Sort Key": ["supplier.s_nationkey"], "Plans": [{"Node Type": "Merge Join", "Parent Relationship": "Outer", "Join Type": "Inner", "Startup Cost": 2010391331147.51, "Total Cost": 3000391981603.38, "Plan Rows": 1318497, "Plan Width": 28, "Inner Unique": false, "Merge Cond": "(supplier.s_suppkey = lineitem.l_suppkey)", "Plans": [{"Node Type": "Index Scan", "Parent Relationship": "Outer", "Scan Direction": "Forward", "Index Name": "supplier_pkey", "Relation Name": "supplier", "Alias": "supplier", "Startup Cost": 10000000000.0, "Total Cost": 1000000533454.38, "Plan Rows": 100000, "Plan Width": 12}, {"Node Type": "Sort", "Parent Relationship": "Inner", "Startup Cost": 2000391331137.23, "Total Cost": 2000391382930.77, "Plan Rows": 20717417, "Plan Width": 32, "Sort Key": ["lineitem.l_suppkey"], "Plans": [{"Node Type": "Merge Join", "Parent Relationship": "Outer", "Join Type": "Inner", "Startup Cost": 20036448550.05, "Total Cost": 2000388813521.41, "Plan Rows": 20717417, "Plan Width": 32, "Inner Unique": false, "Merge Cond": "(orders.o_orderkey = lineitem.l_orderkey)", "Plans": [{"Node Type": "Index Scan", "Parent Relationship": "Outer", "Scan Direction": "Forward", "Index Name": "orders_pkey", "Relation Name": "orders", "Alias": "orders", "Startup Cost": 10000000000.0, "Total Cost": 1000080597583.0, "Plan Rows": 2281758, "Plan Width": 16, "Filter": "((o_orderdate >= '1994-01-01 00:00:00'::timestamp(0) without time zone) AND (o_orderdate < '1995-01-01 00:00:00'::timestamp without time zone)), (LLVM Optimized)"}, {"Node Type": "Index Scan", "Parent Relationship": "Inner", "Scan Direction": "Forward", "Index Name": "idx_lineitem_orderkey", "Relation Name": "lineitem", "Alias": "lineitem", "Startup Cost": 10000000000.0, "Total Cost": 1000324015374.5, "Plan Rows": 59987033, "Plan Width": 32}]}]}]}]}]}]}]}]}]}, "Unique SQL Id": 1392561963}, "explain_analyze_plan": null}, "(1, 96)": {"explain_plan": {"Plan": {"Node Type": "Sort", "Startup Cost": 1720736.05, "Total Cost": 1720736.11, "Plan Rows": 25, "Plan Width": 42, "Sort Key": ["(sum((lineitem.l_extendedprice * (1::double precision - lineitem.l_discount)))) DESC"], "Plans": [{"Node Type": "Aggregate", "Strategy": "Hashed", "Parent Relationship": "Outer", "Startup Cost": 1720735.22, "Total Cost": 1720735.47, "Plan Rows": 25, "Plan Width": 42, "Group By Key": ["nation.n_name"], "Plans": [{"Node Type": "Hash Join", "Parent Relationship": "Outer", "Join Type": "Inner", "Startup Cost": 5813.37, "Total Cost": 1720641.32, "Plan Rows": 9390, "Plan Width": 42, "Inner Unique": true, "Hash Cond": "((lineitem.l_suppkey = supplier.s_suppkey) AND (customer.c_nationkey = supplier.s_nationkey))", "Plans": [{"Node Type": "Nested Loop", "Parent Relationship": "Outer", "Join Type": "Inner", "Startup Cost": 1030.37, "Total Cost": 1688097.31, "Plan Rows": 3688948, "Plan Width": 58, "Inner Unique": false, "Plans": [{"Node Type": "Nested Loop", "Parent Relationship": "Outer", "Join Type": "Inner", "Startup Cost": 1030.37, "Total Cost": 412302.9, "Plan Rows": 406290, "Plan Width": 42, "Inner Unique": false, "Plans": [{"Node Type": "Nested Loop", "Parent Relationship": "Outer", "Join Type": "Inner", "Startup Cost": 1030.37, "Total Cost": 37194.1, "Plan Rows": 300000, "Plan Width": 42, "Inner Unique": false, "Plans": [{"Node Type": "Nested Loop", "Parent Relationship": "Outer", "Join Type": "Inner", "Startup Cost": 0.0, "Total Cost": 31.69, "Plan Rows": 5, "Plan Width": 30, "Inner Unique": true, "Plans": [{"Node Type": "Index Scan", "Parent Relationship": "Outer", "Scan Direction": "Forward", "Index Name": "nation_pkey", "Relation Name": "nation", "Alias": "nation", "Startup Cost": 0.0, "Total Cost": 12.62, "Plan Rows": 25, "Plan Width": 34}, {"Node Type": "Index Scan", "Parent Relationship": "Inner", "Scan Direction": "Forward", "Index Name": "region_pkey", "Relation Name": "region", "Alias": "region", "Startup Cost": 0.0, "Total Cost": 0.75, "Plan Rows": 1, "Plan Width": 4, "Index Cond": "(r_regionkey = nation.n_regionkey)", "Filter": "(r_name = 'MIDDLE EAST'::bpchar)"}]}, {"Node Type": "Bitmap Heap Scan", "Parent Relationship": "Inner", "Relation Name": "customer", "Alias": "customer", "Startup Cost": 1030.37, "Total Cost": 6832.48, "Plan Rows": 60000, "Plan Width": 12, "Recheck Cond": "(c_nationkey = nation.n_nationkey)", "Plans": [{"Node Type": "Bitmap Index Scan", "Parent Relationship": "Outer", "Index Name": "idx_customer_nationkey", "Startup Cost": 0.0, "Total Cost": 1015.37, "Plan Rows": 60000, "Plan Width": 0, "Index Cond": "(c_nationkey = nation.n_nationkey)"}]}]}, {"Node Type": "Index Scan", "Parent Relationship": "Inner", "Scan Direction": "Forward", "Index Name": "idx_orders_custkey", "Relation Name": "orders", "Alias": "orders", "Startup Cost": 0.0, "Total Cost": 1.24, "Plan Rows": 1, "Plan Width": 16, "Index Cond": "(o_custkey = customer.c_custkey)", "Filter": "((o_orderdate >= '1994-01-01 00:00:00'::timestamp(0) without time zone) AND (o_orderdate < '1995-01-01 00:00:00'::timestamp without time zone))"}]}, {"Node Type": "Index Scan", "Parent Relationship": "Inner", "Scan Direction": "Forward", "Index Name": "idx_lineitem_orderkey", "Relation Name": "lineitem", "Alias": "lineitem", "Startup Cost": 0.0, "Total Cost": 3.05, "Plan Rows": 9, "Plan Width": 32, "Index Cond": "(l_orderkey = orders.o_orderkey)"}]}, {"Node Type": "Hash", "Parent Relationship": "Inner", "Startup Cost": 3283.0, "Total Cost": 3283.0, "Plan Rows": 100000, "Plan Width": 12, "Plans": [{"Node Type": "Seq Scan", "Parent Relationship": "Outer", "Relation Name": "supplier", "Alias": "supplier", "Startup Cost": 0.0, "Total Cost": 3283.0, "Plan Rows": 100000, "Plan Width": 12}]}]}]}]}, "Unique SQL Id": 1392561963}, "explain_analyze_plan": {"Plan": {"Node Type": "Sort", "Startup Cost": 1720736.05, "Total Cost": 1720736.11, "Plan Rows": 25, "Plan Width": 42, "Actual Startup Time": 16544.983, "Actual Total Time": 16544.983, "Actual Rows": 5, "Actual Loops": 1, "Sort Key": ["(sum((lineitem.l_extendedprice * (1::double precision - lineitem.l_discount)))) DESC"], "Sort Method": "quicksort", "Sort Space Used": 25, "Sort Space Type": "Memory", "Plans": [{"Node Type": "Aggregate", "Strategy": "Hashed", "Parent Relationship": "Outer", "Startup Cost": 1720735.22, "Total Cost": 1720735.47, "Plan Rows": 25, "Plan Width": 42, "Actual Startup Time": 16544.953, "Actual Total Time": 16544.955, "Actual Rows": 5, "Actual Loops": 1, "Group By Key": ["nation.n_name"], "Plans": [{"Node Type": "Hash Join", "Parent Relationship": "Outer", "Join Type": "Inner", "Startup Cost": 5813.37, "Total Cost": 1720641.32, "Plan Rows": 9390, "Plan Width": 42, "Actual Startup Time": 86.699, "Actual Total Time": 16463.327, "Actual Rows": 72985, "Actual Loops": 1, "Inner Unique": true, "Hash Cond": "((lineitem.l_suppkey = supplier.s_suppkey) AND (customer.c_nationkey = supplier.s_nationkey))", "Plans": [{"Node Type": "Nested Loop", "Parent Relationship": "Outer", "Join Type": "Inner", "Startup Cost": 1030.37, "Total Cost": 1688097.31, "Plan Rows": 3688948, "Plan Width": 58, "Actual Startup Time": 19.479, "Actual Total Time": 15575.506, "Actual Rows": 1815222, "Actual Loops": 1, "Inner Unique": false, "Plans": [{"Node Type": "Nested Loop", "Parent Relationship": "Outer", "Join Type": "Inner", "Startup Cost": 1030.37, "Total Cost": 412302.9, "Plan Rows": 406290, "Plan Width": 42, "Actual Startup Time": 19.46, "Actual Total Time": 9685.85, "Actual Rows": 454183, "Actual Loops": 1, "Inner Unique": false, "Plans": [{"Node Type": "Nested Loop", "Parent Relationship": "Outer", "Join Type": "Inner", "Startup Cost": 1030.37, "Total Cost": 37194.1, "Plan Rows": 300000, "Plan Width": 42, "Actual Startup Time": 19.379, "Actual Total Time": 663.837, "Actual Rows": 299838, "Actual Loops": 1, "Inner Unique": false, "Plans": [{"Node Type": "Nested Loop", "Parent Relationship": "Outer", "Join Type": "Inner", "Startup Cost": 0.0, "Total Cost": 31.69, "Plan Rows": 5, "Plan Width": 30, "Actual Startup Time": 0.045, "Actual Total Time": 0.207, "Actual Rows": 5, "Actual Loops": 1, "Inner Unique": true, "Plans": [{"Node Type": "Index Scan", "Parent Relationship": "Outer", "Scan Direction": "Forward", "Index Name": "nation_pkey", "Relation Name": "nation", "Alias": "nation", "Startup Cost": 0.0, "Total Cost": 12.62, "Plan Rows": 25, "Plan Width": 34, "Actual Startup Time": 0.013, "Actual Total Time": 0.05, "Actual Rows": 25, "Actual Loops": 1}, {"Node Type": "Index Scan", "Parent Relationship": "Inner", "Scan Direction": "Forward", "Index Name": "region_pkey", "Relation Name": "region", "Alias": "region", "Startup Cost": 0.0, "Total Cost": 0.75, "Plan Rows": 1, "Plan Width": 4, "Actual Startup Time": 0.095, "Actual Total Time": 0.095, "Actual Rows": 5, "Actual Loops": 25, "Index Cond": "(r_regionkey = nation.n_regionkey)", "Rows Removed by Index Recheck": 0, "Filter": "(r_name = 'MIDDLE EAST'::bpchar)", "Rows Removed by Filter": 20}]}, {"Node Type": "Bitmap Heap Scan", "Parent Relationship": "Inner", "Relation Name": "customer", "Alias": "customer", "Startup Cost": 1030.37, "Total Cost": 6832.48, "Plan Rows": 60000, "Plan Width": 12, "Actual Startup Time": 92.441, "Actual Total Time": 588.913, "Actual Rows": 299838, "Actual Loops": 5, "Recheck Cond": "(c_nationkey = nation.n_nationkey)", "Rows Removed by Index Recheck": 0, "Exact Heap Blocks": 150033, "Lossy Heap Blocks": 150033, "Plans": [{"Node Type": "Bitmap Index Scan", "Parent Relationship": "Outer", "Index Name": "idx_customer_nationkey", "Startup Cost": 0.0, "Total Cost": 1015.37, "Plan Rows": 60000, "Plan Width": 0, "Actual Startup Time": 59.424, "Actual Total Time": 59.424, "Actual Rows": 299838, "Actual Loops": 5, "Index Cond": "(c_nationkey = nation.n_nationkey)"}]}]}, {"Node Type": "Index Scan", "Parent Relationship": "Inner", "Scan Direction": "Forward", "Index Name": "idx_orders_custkey", "Relation Name": "orders", "Alias": "orders", "Startup Cost": 0.0, "Total Cost": 1.24, "Plan Rows": 1, "Plan Width": 16, "Actual Startup Time": 4137.456, "Actual Total Time": 8757.392, "Actual Rows": 454183, "Actual Loops": 299838, "Index Cond": "(o_custkey = customer.c_custkey)", "Rows Removed by Index Recheck": 0, "Filter": "((o_orderdate >= '1994-01-01 00:00:00'::timestamp(0) without time zone) AND (o_orderdate < '1995-01-01 00:00:00'::timestamp without time zone))", "Rows Removed by Filter": 2542535}]}, {"Node Type": "Index Scan", "Parent Relationship": "Inner", "Scan Direction": "Forward", "Index Name": "idx_lineitem_orderkey", "Relation Name": "lineitem", "Alias": "lineitem", "Startup Cost": 0.0, "Total Cost": 3.05, "Plan Rows": 9, "Plan Width": 32, "Actual Startup Time": 4285.754, "Actual Total Time": 5246.21, "Actual Rows": 1815222, "Actual Loops": 454183, "Index Cond": "(l_orderkey = orders.o_orderkey)", "Rows Removed by Index Recheck": 0}]}, {"Node Type": "Hash", "Parent Relationship": "Inner", "Startup Cost": 3283.0, "Total Cost": 3283.0, "Plan Rows": 100000, "Plan Width": 12, "Actual Startup Time": 66.967, "Actual Total Time": 66.967, "Actual Rows": 100000, "Actual Loops": 1, "Hash Buckets": 131072, "Hash Batches": 1, "Original Hash Batches": 1, "Peak Memory Usage": 4297, "Plans": [{"Node Type": "Seq Scan", "Parent Relationship": "Outer", "Relation Name": "supplier", "Alias": "supplier", "Startup Cost": 0.0, "Total Cost": 3283.0, "Plan Rows": 100000, "Plan Width": 12, "Actual Startup Time": 0.02, "Actual Total Time": 35.902, "Actual Rows": 100000, "Actual Loops": 1}]}]}]}]}, "Triggers": [], "Planner Runtime": 6.944, "Total Runtime": 16545.437, "Unique SQL Id": 1392561963}}, "(1, 97)": {"explain_plan": {"Plan": {"Node Type": "Sort", "Startup Cost": 1722787.59, "Total Cost": 1722787.65, "Plan Rows": 25, "Plan Width": 42, "Sort Key": ["(sum((lineitem.l_extendedprice * (1::double precision - lineitem.l_discount)))) DESC"], "Plans": [{"Node Type": "Aggregate", "Strategy": "Hashed", "Parent Relationship": "Outer", "Startup Cost": 1722786.76, "Total Cost": 1722787.01, "Plan Rows": 25, "Plan Width": 42, "Group By Key": ["nation.n_name"], "Plans": [{"Node Type": "Hash Join", "Parent Relationship": "Outer", "Join Type": "Inner", "Startup Cost": 7864.91, "Total Cost": 1722692.86, "Plan Rows": 9390, "Plan Width": 42, "Inner Unique": true, "Hash Cond": "((lineitem.l_suppkey = supplier.s_suppkey) AND (customer.c_nationkey = supplier.s_nationkey))", "Plans": [{"Node Type": "Nested Loop", "Parent Relationship": "Outer", "Join Type": "Inner", "Startup Cost": 1030.37, "Total Cost": 1688097.31, "Plan Rows": 3688948, "Plan Width": 58, "Inner Unique": false, "Plans": [{"Node Type": "Nested Loop", "Parent Relationship": "Outer", "Join Type": "Inner", "Startup Cost": 1030.37, "Total Cost": 412302.9, "Plan Rows": 406290, "Plan Width": 42, "Inner Unique": false, "Plans": [{"Node Type": "Nested Loop", "Parent Relationship": "Outer", "Join Type": "Inner", "Startup Cost": 1030.37, "Total Cost": 37194.1, "Plan Rows": 300000, "Plan Width": 42, "Inner Unique": false, "Plans": [{"Node Type": "Nested Loop", "Parent Relationship": "Outer", "Join Type": "Inner", "Startup Cost": 0.0, "Total Cost": 31.69, "Plan Rows": 5, "Plan Width": 30, "Inner Unique": true, "Plans": [{"Node Type": "Index Scan", "Parent Relationship": "Outer", "Scan Direction": "Forward", "Index Name": "nation_pkey", "Relation Name": "nation", "Alias": "nation", "Startup Cost": 0.0, "Total Cost": 12.62, "Plan Rows": 25, "Plan Width": 34}, {"Node Type": "Index Scan", "Parent Relationship": "Inner", "Scan Direction": "Forward", "Index Name": "region_pkey", "Relation Name": "region", "Alias": "region", "Startup Cost": 0.0, "Total Cost": 0.75, "Plan Rows": 1, "Plan Width": 4, "Index Cond": "(r_regionkey = nation.n_regionkey)", "Filter": "(r_name = 'MIDDLE EAST'::bpchar)"}]}, {"Node Type": "Bitmap Heap Scan", "Parent Relationship": "Inner", "Relation Name": "customer", "Alias": "customer", "Startup Cost": 1030.37, "Total Cost": 6832.48, "Plan Rows": 60000, "Plan Width": 12, "Recheck Cond": "(c_nationkey = nation.n_nationkey)", "Plans": [{"Node Type": "Bitmap Index Scan", "Parent Relationship": "Outer", "Index Name": "idx_customer_nationkey", "Startup Cost": 0.0, "Total Cost": 1015.37, "Plan Rows": 60000, "Plan Width": 0, "Index Cond": "(c_nationkey = nation.n_nationkey)"}]}]}, {"Node Type": "Index Scan", "Parent Relationship": "Inner", "Scan Direction": "Forward", "Index Name": "idx_orders_custkey", "Relation Name": "orders", "Alias": "orders", "Startup Cost": 0.0, "Total Cost": 1.24, "Plan Rows": 1, "Plan Width": 16, "Index Cond": "(o_custkey = customer.c_custkey)", "Filter": "((o_orderdate >= '1994-01-01 00:00:00'::timestamp(0) without time zone) AND (o_orderdate < '1995-01-01 00:00:00'::timestamp without time zone))"}]}, {"Node Type": "Index Scan", "Parent Relationship": "Inner", "Scan Direction": "Forward", "Index Name": "idx_lineitem_orderkey", "Relation Name": "lineitem", "Alias": "lineitem", "Startup Cost": 0.0, "Total Cost": 3.05, "Plan Rows": 9, "Plan Width": 32, "Index Cond": "(l_orderkey = orders.o_orderkey)"}]}, {"Node Type": "Hash", "Parent Relationship": "Inner", "Startup Cost": 5334.54, "Total Cost": 5334.54, "Plan Rows": 100000, "Plan Width": 12, "Plans": [{"Node Type": "Index Scan", "Parent Relationship": "Outer", "Scan Direction": "Forward", "Index Name": "supplier_pkey", "Relation Name": "supplier", "Alias": "supplier", "Startup Cost": 0.0, "Total Cost": 5334.54, "Plan Rows": 100000, "Plan Width": 12}]}]}]}]}, "Unique SQL Id": 1392561963}, "explain_analyze_plan": {"Plan": {"Node Type": "Sort", "Startup Cost": 1722787.59, "Total Cost": 1722787.65, "Plan Rows": 25, "Plan Width": 42, "Actual Startup Time": 16243.883, "Actual Total Time": 16243.884, "Actual Rows": 5, "Actual Loops": 1, "Sort Key": ["(sum((lineitem.l_extendedprice * (1::double precision - lineitem.l_discount)))) DESC"], "Sort Method": "quicksort", "Sort Space Used": 25, "Sort Space Type": "Memory", "Plans": [{"Node Type": "Aggregate", "Strategy": "Hashed", "Parent Relationship": "Outer", "Startup Cost": 1722786.76, "Total Cost": 1722787.01, "Plan Rows": 25, "Plan Width": 42, "Actual Startup Time": 16243.848, "Actual Total Time": 16243.849, "Actual Rows": 5, "Actual Loops": 1, "Group By Key": ["nation.n_name"], "Plans": [{"Node Type": "Hash Join", "Parent Relationship": "Outer", "Join Type": "Inner", "Startup Cost": 7864.91, "Total Cost": 1722692.86, "Plan Rows": 9390, "Plan Width": 42, "Actual Startup Time": 111.009, "Actual Total Time": 16162.676, "Actual Rows": 72985, "Actual Loops": 1, "Inner Unique": true, "Hash Cond": "((lineitem.l_suppkey = supplier.s_suppkey) AND (customer.c_nationkey = supplier.s_nationkey))", "Plans": [{"Node Type": "Nested Loop", "Parent Relationship": "Outer", "Join Type": "Inner", "Startup Cost": 1030.37, "Total Cost": 1688097.31, "Plan Rows": 3688948, "Plan Width": 58, "Actual Startup Time": 19.021, "Actual Total Time": 15265.743, "Actual Rows": 1815222, "Actual Loops": 1, "Inner Unique": false, "Plans": [{"Node Type": "Nested Loop", "Parent Relationship": "Outer", "Join Type": "Inner", "Startup Cost": 1030.37, "Total Cost": 412302.9, "Plan Rows": 406290, "Plan Width": 42, "Actual Startup Time": 19.001, "Actual Total Time": 9479.756, "Actual Rows": 454183, "Actual Loops": 1, "Inner Unique": false, "Plans": [{"Node Type": "Nested Loop", "Parent Relationship": "Outer", "Join Type": "Inner", "Startup Cost": 1030.37, "Total Cost": 37194.1, "Plan Rows": 300000, "Plan Width": 42, "Actual Startup Time": 18.926, "Actual Total Time": 651.021, "Actual Rows": 299838, "Actual Loops": 1, "Inner Unique": false, "Plans": [{"Node Type": "Nested Loop", "Parent Relationship": "Outer", "Join Type": "Inner", "Startup Cost": 0.0, "Total Cost": 31.69, "Plan Rows": 5, "Plan Width": 30, "Actual Startup Time": 0.043, "Actual Total Time": 0.312, "Actual Rows": 5, "Actual Loops": 1, "Inner Unique": true, "Plans": [{"Node Type": "Index Scan", "Parent Relationship": "Outer", "Scan Direction": "Forward", "Index Name": "nation_pkey", "Relation Name": "nation", "Alias": "nation", "Startup Cost": 0.0, "Total Cost": 12.62, "Plan Rows": 25, "Plan Width": 34, "Actual Startup Time": 0.012, "Actual Total Time": 0.043, "Actual Rows": 25, "Actual Loops": 1}, {"Node Type": "Index Scan", "Parent Relationship": "Inner", "Scan Direction": "Forward", "Index Name": "region_pkey", "Relation Name": "region", "Alias": "region", "Startup Cost": 0.0, "Total Cost": 0.75, "Plan Rows": 1, "Plan Width": 4, "Actual Startup Time": 0.208, "Actual Total Time": 0.208, "Actual Rows": 5, "Actual Loops": 25, "Index Cond": "(r_regionkey = nation.n_regionkey)", "Rows Removed by Index Recheck": 0, "Filter": "(r_name = 'MIDDLE EAST'::bpchar)", "Rows Removed by Filter": 20}]}, {"Node Type": "Bitmap Heap Scan", "Parent Relationship": "Inner", "Relation Name": "customer", "Alias": "customer", "Startup Cost": 1030.37, "Total Cost": 6832.48, "Plan Rows": 60000, "Plan Width": 12, "Actual Startup Time": 89.534, "Actual Total Time": 576.737, "Actual Rows": 299838, "Actual Loops": 5, "Recheck Cond": "(c_nationkey = nation.n_nationkey)", "Rows Removed by Index Recheck": 0, "Exact Heap Blocks": 150033, "Lossy Heap Blocks": 150033, "Plans": [{"Node Type": "Bitmap Index Scan", "Parent Relationship": "Outer", "Index Name": "idx_customer_nationkey", "Startup Cost": 0.0, "Total Cost": 1015.37, "Plan Rows": 60000, "Plan Width": 0, "Actual Startup Time": 56.528, "Actual Total Time": 56.528, "Actual Rows": 299838, "Actual Loops": 5, "Index Cond": "(c_nationkey = nation.n_nationkey)"}]}]}, {"Node Type": "Index Scan", "Parent Relationship": "Inner", "Scan Direction": "Forward", "Index Name": "idx_orders_custkey", "Relation Name": "orders", "Alias": "orders", "Startup Cost": 0.0, "Total Cost": 1.24, "Plan Rows": 1, "Plan Width": 16, "Actual Startup Time": 4048.844, "Actual Total Time": 8565.536, "Actual Rows": 454183, "Actual Loops": 299838, "Index Cond": "(o_custkey = customer.c_custkey)", "Rows Removed by Index Recheck": 0, "Filter": "((o_orderdate >= '1994-01-01 00:00:00'::timestamp(0) without time zone) AND (o_orderdate < '1995-01-01 00:00:00'::timestamp without time zone))", "Rows Removed by Filter": 2542535}]}, {"Node Type": "Index Scan", "Parent Relationship": "Inner", "Scan Direction": "Forward", "Index Name": "idx_lineitem_orderkey", "Relation Name": "lineitem", "Alias": "lineitem", "Startup Cost": 0.0, "Total Cost": 3.05, "Plan Rows": 9, "Plan Width": 32, "Actual Startup Time": 4193.512, "Actual Total Time": 5139.611, "Actual Rows": 1815222, "Actual Loops": 454183, "Index Cond": "(l_orderkey = orders.o_orderkey)", "Rows Removed by Index Recheck": 0}]}, {"Node Type": "Hash", "Parent Relationship": "Inner", "Startup Cost": 5334.54, "Total Cost": 5334.54, "Plan Rows": 100000, "Plan Width": 12, "Actual Startup Time": 91.755, "Actual Total Time": 91.755, "Actual Rows": 100000, "Actual Loops": 1, "Hash Buckets": 131072, "Hash Batches": 1, "Original Hash Batches": 1, "Peak Memory Usage": 4297, "Plans": [{"Node Type": "Index Scan", "Parent Relationship": "Outer", "Scan Direction": "Forward", "Index Name": "supplier_pkey", "Relation Name": "supplier", "Alias": "supplier", "Startup Cost": 0.0, "Total Cost": 5334.54, "Plan Rows": 100000, "Plan Width": 12, "Actual Startup Time": 0.025, "Actual Total Time": 59.642, "Actual Rows": 100000, "Actual Loops": 1}]}]}]}]}, "Triggers": [], "Planner Runtime": 6.823, "Total Runtime": 16244.303, "Unique SQL Id": 1392561963}}, "(1, 98)": {"explain_plan": {"Plan": {"Node Type": "Sort", "Startup Cost": 2457247.05, "Total Cost": 2457247.11, "Plan Rows": 25, "Plan Width": 42, "Sort Key": ["(sum((lineitem.l_extendedprice * (1::double precision - lineitem.l_discount)))) DESC"], "Plans": [{"Node Type": "Aggregate", "Strategy": "Hashed", "Parent Relationship": "Outer", "Startup Cost": 2457246.22, "Total Cost": 2457246.47, "Plan Rows": 25, "Plan Width": 42, "Group By Key": ["nation.n_name"], "Plans": [{"Node Type": "Hash Join", "Parent Relationship": "Outer", "Join Type": "Inner", "Startup Cost": 104058.84, "Total Cost": 2457152.32, "Plan Rows": 9390, "Plan Width": 42, "Inner Unique": true, "Hash Cond": "((lineitem.l_suppkey = supplier.s_suppkey) AND (customer.c_nationkey = supplier.s_nationkey))", "Plans": [{"Node Type": "Nested Loop", "Parent Relationship": "Outer", "Join Type": "Inner", "Startup Cost": 99275.84, "Total Cost": 2424608.31, "Plan Rows": 3688948, "Plan Width": 58, "Inner Unique": false, "Plans": [{"Node Type": "Hash Join", "Parent Relationship": "Outer", "Join Type": "Inner", "Startup Cost": 99275.12, "Total Cost": 422539.98, "Plan Rows": 406290, "Plan Width": 42, "Inner Unique": false, "Hash Cond": "(orders.o_custkey = customer.c_custkey), (LLVM Optimized)", "Plans": [{"Node Type": "Bitmap Heap Scan", "Parent Relationship": "Outer", "Relation Name": "orders", "Alias": "orders", "Startup Cost": 58360.27, "Total Cost": 369005.64, "Plan Rows": 2281758, "Plan Width": 16, "Recheck Cond": "((o_orderdate >= '1994-01-01 00:00:00'::timestamp(0) without time zone) AND (o_orderdate < '1995-01-01 00:00:00'::timestamp without time zone)), (LLVM Optimized)", "Plans": [{"Node Type": "Bitmap Index Scan", "Parent Relationship": "Outer", "Index Name": "idx_orders_orderdate", "Startup Cost": 0.0, "Total Cost": 57789.83, "Plan Rows": 2281758, "Plan Width": 0, "Index Cond": "((o_orderdate >= '1994-01-01 00:00:00'::timestamp(0) without time zone) AND (o_orderdate < '1995-01-01 00:00:00'::timestamp without time zone))"}]}, {"Node Type": "Hash", "Parent Relationship": "Inner", "Startup Cost": 37164.85, "Total Cost": 37164.85, "Plan Rows": 300000, "Plan Width": 42, "Plans": [{"Node Type": "Nested Loop", "Parent Relationship": "Outer", "Join Type": "Inner", "Startup Cost": 1031.44, "Total Cost": 37164.85, "Plan Rows": 300000, "Plan Width": 42, "Inner Unique": false, "Plans": [{"Node Type": "Hash Join", "Parent Relationship": "Outer", "Join Type": "Inner", "Startup Cost": 1.07, "Total Cost": 2.44, "Plan Rows": 5, "Plan Width": 30, "Inner Unique": true, "Hash Cond": "(nation.n_regionkey = region.r_regionkey)", "Plans": [{"Node Type": "Seq Scan", "Parent Relationship": "Outer", "Relation Name": "nation", "Alias": "nation", "Startup Cost": 0.0, "Total Cost": 1.25, "Plan Rows": 25, "Plan Width": 34}, {"Node Type": "Hash", "Parent Relationship": "Inner", "Startup Cost": 1.06, "Total Cost": 1.06, "Plan Rows": 1, "Plan Width": 4, "Plans": [{"Node Type": "Seq Scan", "Parent Relationship": "Outer", "Relation Name": "region", "Alias": "region", "Startup Cost": 0.0, "Total Cost": 1.06, "Plan Rows": 1, "Plan Width": 4, "Filter": "(r_name = 'MIDDLE EAST'::bpchar)"}]}]}, {"Node Type": "Bitmap Heap Scan", "Parent Relationship": "Inner", "Relation Name": "customer", "Alias": "customer", "Startup Cost": 1030.37, "Total Cost": 6832.48, "Plan Rows": 60000, "Plan Width": 12, "Recheck Cond": "(c_nationkey = nation.n_nationkey)", "Plans": [{"Node Type": "Bitmap Index Scan", "Parent Relationship": "Outer", "Index Name": "idx_customer_nationkey", "Startup Cost": 0.0, "Total Cost": 1015.37, "Plan Rows": 60000, "Plan Width": 0, "Index Cond": "(c_nationkey = nation.n_nationkey)"}]}]}]}]}, {"Node Type": "Bitmap Heap Scan", "Parent Relationship": "Inner", "Relation Name": "lineitem", "Alias": "lineitem", "Startup Cost": 0.73, "Total Cost": 4.84, "Plan Rows": 9, "Plan Width": 32, "Recheck Cond": "(l_orderkey = orders.o_orderkey)", "Plans": [{"Node Type": "Bitmap Index Scan", "Parent Relationship": "Outer", "Index Name": "idx_lineitem_orderkey", "Startup Cost": 0.0, "Total Cost": 0.72, "Plan Rows": 9, "Plan Width": 0, "Index Cond": "(l_orderkey = orders.o_orderkey)"}]}]}, {"Node Type": "Hash", "Parent Relationship": "Inner", "Startup Cost": 3283.0, "Total Cost": 3283.0, "Plan Rows": 100000, "Plan Width": 12, "Plans": [{"Node Type": "Seq Scan", "Parent Relationship": "Outer", "Relation Name": "supplier", "Alias": "supplier", "Startup Cost": 0.0, "Total Cost": 3283.0, "Plan Rows": 100000, "Plan Width": 12}]}]}]}]}, "Unique SQL Id": 1392561963}, "explain_analyze_plan": {"Plan": {"Node Type": "Sort", "Startup Cost": 2457247.05, "Total Cost": 2457247.11, "Plan Rows": 25, "Plan Width": 42, "Actual Startup Time": 10016.715, "Actual Total Time": 10016.716, "Actual Rows": 5, "Actual Loops": 1, "Sort Key": ["(sum((lineitem.l_extendedprice * (1::double precision - lineitem.l_discount)))) DESC"], "Sort Method": "quicksort", "Sort Space Used": 25, "Sort Space Type": "Memory", "Plans": [{"Node Type": "Aggregate", "Strategy": "Hashed", "Parent Relationship": "Outer", "Startup Cost": 2457246.22, "Total Cost": 2457246.47, "Plan Rows": 25, "Plan Width": 42, "Actual Startup Time": 10016.685, "Actual Total Time": 10016.685, "Actual Rows": 5, "Actual Loops": 1, "Group By Key": ["nation.n_name"], "Plans": [{"Node Type": "Hash Join", "Parent Relationship": "Outer", "Join Type": "Inner", "Startup Cost": 104058.84, "Total Cost": 2457152.32, "Plan Rows": 9390, "Plan Width": 42, "Actual Startup Time": 1421.213, "Actual Total Time": 9937.329, "Actual Rows": 72985, "Actual Loops": 1, "Inner Unique": true, "Hash Cond": "((lineitem.l_suppkey = supplier.s_suppkey) AND (customer.c_nationkey = supplier.s_nationkey))", "Plans": [{"Node Type": "Nested Loop", "Parent Relationship": "Outer", "Join Type": "Inner", "Startup Cost": 99275.84, "Total Cost": 2424608.31, "Plan Rows": 3688948, "Plan Width": 58, "Actual Startup Time": 1353.747, "Actual Total Time": 9142.644, "Actual Rows": 1815222, "Actual Loops": 1, "Inner Unique": false, "Plans": [{"Node Type": "Hash Join", "Parent Relationship": "Outer", "Join Type": "Inner", "Startup Cost": 99275.12, "Total Cost": 422539.98, "Plan Rows": 406290, "Plan Width": 42, "Actual Startup Time": 1353.679, "Actual Total Time": 4183.794, "Actual Rows": 454183, "Actual Loops": 1, "Inner Unique": false, "Hash Cond": "(orders.o_custkey = customer.c_custkey), (LLVM Optimized, Jit Execute)", "Plans": [{"Node Type": "Bitmap Heap Scan", "Parent Relationship": "Outer", "Relation Name": "orders", "Alias": "orders", "Startup Cost": 58360.27, "Total Cost": 369005.64, "Plan Rows": 2281758, "Plan Width": 16, "Actual Startup Time": 705.311, "Actual Total Time": 2424.409, "Actual Rows": 2275919, "Actual Loops": 1, "Recheck Cond": "((o_orderdate >= '1994-01-01 00:00:00'::timestamp(0) without time zone) AND (o_orderdate < '1995-01-01 00:00:00'::timestamp without time zone)), (LLVM Optimized, Jit Execute)", "Rows Removed by Index Recheck": 0, "Exact Heap Blocks": 276381, "Lossy Heap Blocks": 276381, "Plans": [{"Node Type": "Bitmap Index Scan", "Parent Relationship": "Outer", "Index Name": "idx_orders_orderdate", "Startup Cost": 0.0, "Total Cost": 57789.83, "Plan Rows": 2281758, "Plan Width": 0, "Actual Startup Time": 616.82, "Actual Total Time": 616.82, "Actual Rows": 2275919, "Actual Loops": 1, "Index Cond": "((o_orderdate >= '1994-01-01 00:00:00'::timestamp(0) without time zone) AND (o_orderdate < '1995-01-01 00:00:00'::timestamp without time zone))"}]}, {"Node Type": "Hash", "Parent Relationship": "Inner", "Startup Cost": 37164.85, "Total Cost": 37164.85, "Plan Rows": 300000, "Plan Width": 42, "Actual Startup Time": 647.953, "Actual Total Time": 647.953, "Actual Rows": 299838, "Actual Loops": 1, "Hash Buckets": 524288, "Hash Batches": 1, "Original Hash Batches": 1, "Peak Memory Usage": 22254, "Plans": [{"Node Type": "Nested Loop", "Parent Relationship": "Outer", "Join Type": "Inner", "Startup Cost": 1031.44, "Total Cost": 37164.85, "Plan Rows": 300000, "Plan Width": 42, "Actual Startup Time": 19.353, "Actual Total Time": 537.178, "Actual Rows": 299838, "Actual Loops": 1, "Inner Unique": false, "Plans": [{"Node Type": "Hash Join", "Parent Relationship": "Outer", "Join Type": "Inner", "Startup Cost": 1.07, "Total Cost": 2.44, "Plan Rows": 5, "Plan Width": 30, "Actual Startup Time": 0.102, "Actual Total Time": 0.177, "Actual Rows": 5, "Actual Loops": 1, "Inner Unique": true, "Hash Cond": "(nation.n_regionkey = region.r_regionkey)", "Plans": [{"Node Type": "Seq Scan", "Parent Relationship": "Outer", "Relation Name": "nation", "Alias": "nation", "Startup Cost": 0.0, "Total Cost": 1.25, "Plan Rows": 25, "Plan Width": 34, "Actual Startup Time": 0.017, "Actual Total Time": 0.039, "Actual Rows": 25, "Actual Loops": 1}, {"Node Type": "Hash", "Parent Relationship": "Inner", "Startup Cost": 1.06, "Total Cost": 1.06, "Plan Rows": 1, "Plan Width": 4, "Actual Startup Time": 0.032, "Actual Total Time": 0.032, "Actual Rows": 1, "Actual Loops": 1, "Hash Buckets": 32768, "Hash Batches": 1, "Original Hash Batches": 1, "Peak Memory Usage": 1, "Plans": [{"Node Type": "Seq Scan", "Parent Relationship": "Outer", "Relation Name": "region", "Alias": "region", "Startup Cost": 0.0, "Total Cost": 1.06, "Plan Rows": 1, "Plan Width": 4, "Actual Startup Time": 0.025, "Actual Total Time": 0.026, "Actual Rows": 1, "Actual Loops": 1, "Filter": "(r_name = 'MIDDLE EAST'::bpchar)", "Rows Removed by Filter": 4}]}]}, {"Node Type": "Bitmap Heap Scan", "Parent Relationship": "Inner", "Relation Name": "customer", "Alias": "customer", "Startup Cost": 1030.37, "Total Cost": 6832.48, "Plan Rows": 60000, "Plan Width": 12, "Actual Startup Time": 90.117, "Actual Total Time": 468.891, "Actual Rows": 299838, "Actual Loops": 5, "Recheck Cond": "(c_nationkey = nation.n_nationkey)", "Rows Removed by Index Recheck": 0, "Exact Heap Blocks": 150033, "Lossy Heap Blocks": 150033, "Plans": [{"Node Type": "Bitmap Index Scan", "Parent Relationship": "Outer", "Index Name": "idx_customer_nationkey", "Startup Cost": 0.0, "Total Cost": 1015.37, "Plan Rows": 60000, "Plan Width": 0, "Actual Startup Time": 57.226, "Actual Total Time": 57.226, "Actual Rows": 299838, "Actual Loops": 5, "Index Cond": "(c_nationkey = nation.n_nationkey)"}]}]}]}]}, {"Node Type": "Bitmap Heap Scan", "Parent Relationship": "Inner", "Relation Name": "lineitem", "Alias": "lineitem", "Startup Cost": 0.73, "Total Cost": 4.84, "Plan Rows": 9, "Plan Width": 32, "Actual Startup Time": 3732.72, "Actual Total Time": 4049.051, "Actual Rows": 1815222, "Actual Loops": 454183, "Recheck Cond": "(l_orderkey = orders.o_orderkey)", "Rows Removed by Index Recheck": 0, "Exact Heap Blocks": 486530, "Lossy Heap Blocks": 486530, "Plans": [{"Node Type": "Bitmap Index Scan", "Parent Relationship": "Outer", "Index Name": "idx_lineitem_orderkey", "Startup Cost": 0.0, "Total Cost": 0.72, "Plan Rows": 9, "Plan Width": 0, "Actual Startup Time": 2078.6, "Actual Total Time": 2078.6, "Actual Rows": 1815222, "Actual Loops": 454183, "Index Cond": "(l_orderkey = orders.o_orderkey)"}]}]}, {"Node Type": "Hash", "Parent Relationship": "Inner", "Startup Cost": 3283.0, "Total Cost": 3283.0, "Plan Rows": 100000, "Plan Width": 12, "Actual Startup Time": 67.318, "Actual Total Time": 67.318, "Actual Rows": 100000, "Actual Loops": 1, "Hash Buckets": 131072, "Hash Batches": 1, "Original Hash Batches": 1, "Peak Memory Usage": 4297, "Plans": [{"Node Type": "Seq Scan", "Parent Relationship": "Outer", "Relation Name": "supplier", "Alias": "supplier", "Startup Cost": 0.0, "Total Cost": 3283.0, "Plan Rows": 100000, "Plan Width": 12, "Actual Startup Time": 0.029, "Actual Total Time": 36.397, "Actual Rows": 100000, "Actual Loops": 1}]}]}]}]}, "Triggers": [], "Planner Runtime": 6.272, "Total Runtime": 10026.442, "Unique SQL Id": 1392561963}}, "(1, 99)": {"explain_plan": {"Plan": {"Node Type": "Sort", "Startup Cost": 46003135.57, "Total Cost": 46003135.63, "Plan Rows": 25, "Plan Width": 42, "Sort Key": ["(sum((lineitem.l_extendedprice * (1::double precision - lineitem.l_discount)))) DESC"], "Plans": [{"Node Type": "Aggregate", "Strategy": "Hashed", "Parent Relationship": "Outer", "Startup Cost": 46003134.74, "Total Cost": 46003134.99, "Plan Rows": 25, "Plan Width": 42, "Group By Key": ["nation.n_name"], "Plans": [{"Node Type": "Nested Loop", "Parent Relationship": "Outer", "Join Type": "Inner", "Startup Cost": 58362.35, "Total Cost": 46003040.84, "Plan Rows": 9390, "Plan Width": 42, "Inner Unique": true, "Join Filter": "(customer.c_nationkey = supplier.s_nationkey)", "Plans": [{"Node Type": "Nested Loop", "Parent Relationship": "Outer", "Join Type": "Inner", "Startup Cost": 58362.1, "Total Cost": 30204103.6, "Plan Rows": 3688948, "Plan Width": 58, "Inner Unique": false, "Plans": [{"Node Type": "Nested Loop", "Parent Relationship": "Outer", "Join Type": "Inner", "Startup Cost": 58361.37, "Total Cost": 28202035.27, "Plan Rows": 406290, "Plan Width": 42, "Inner Unique": true, "Plans": [{"Node Type": "Nested Loop", "Parent Relationship": "Outer", "Join Type": "Inner", "Startup Cost": 58360.79, "Total Cost": 18851769.58, "Plan Rows": 2031452, "Plan Width": 46, "Inner Unique": true, "Plans": [{"Node Type": "Nested Loop", "Parent Relationship": "Outer", "Join Type": "Inner", "Startup Cost": 58360.54, "Total Cost": 10156636.32, "Plan Rows": 2031452, "Plan Width": 12, "Inner Unique": true, "Plans": [{"Node Type": "Bitmap Heap Scan", "Parent Relationship": "Outer", "Relation Name": "orders", "Alias": "orders", "Startup Cost": 58360.27, "Total Cost": 369005.64, "Plan Rows": 2281758, "Plan Width": 16, "Recheck Cond": "((o_orderdate >= '1994-01-01 00:00:00'::timestamp(0) without time zone) AND (o_orderdate < '1995-01-01 00:00:00'::timestamp without time zone)), (LLVM Optimized)", "Plans": [{"Node Type": "Bitmap Index Scan", "Parent Relationship": "Outer", "Index Name": "idx_orders_orderdate", "Startup Cost": 0.0, "Total Cost": 57789.83, "Plan Rows": 2281758, "Plan Width": 0, "Index Cond": "((o_orderdate >= '1994-01-01 00:00:00'::timestamp(0) without time zone) AND (o_orderdate < '1995-01-01 00:00:00'::timestamp without time zone))"}]}, {"Node Type": "Bitmap Heap Scan", "Parent Relationship": "Inner", "Relation Name": "customer", "Alias": "customer", "Startup Cost": 0.27, "Total Cost": 4.28, "Plan Rows": 1, "Plan Width": 12, "Recheck Cond": "(c_custkey = orders.o_custkey)", "Plans": [{"Node Type": "Bitmap Index Scan", "Parent Relationship": "Outer", "Index Name": "customer_pkey", "Startup Cost": 0.0, "Total Cost": 0.27, "Plan Rows": 1, "Plan Width": 0, "Index Cond": "(c_custkey = orders.o_custkey)"}]}]}, {"Node Type": "Bitmap Heap Scan", "Parent Relationship": "Inner", "Relation Name": "nation", "Alias": "nation", "Startup Cost": 0.26, "Total Cost": 4.27, "Plan Rows": 1, "Plan Width": 34, "Recheck Cond": "(n_nationkey = customer.c_nationkey)", "Plans": [{"Node Type": "Bitmap Index Scan", "Parent Relationship": "Outer", "Index Name": "nation_pkey", "Startup Cost": 0.0, "Total Cost": 0.26, "Plan Rows": 1, "Plan Width": 0, "Index Cond": "(n_nationkey = customer.c_nationkey)"}]}]}, {"Node Type": "Bitmap Heap Scan", "Parent Relationship": "Inner", "Relation Name": "region", "Alias": "region", "Startup Cost": 0.58, "Total Cost": 4.59, "Plan Rows": 1, "Plan Width": 4, "Recheck Cond": "(r_regionkey = nation.n_regionkey)", "Filter": "(r_name = 'MIDDLE EAST'::bpchar)", "Plans": [{"Node Type": "Bitmap Index Scan", "Parent Relationship": "Outer", "Index Name": "region_pkey", "Startup Cost": 0.0, "Total Cost": 0.58, "Plan Rows": 1, "Plan Width": 0, "Index Cond": "(r_regionkey = nation.n_regionkey)"}]}]}, {"Node Type": "Bitmap Heap Scan", "Parent Relationship": "Inner", "Relation Name": "lineitem", "Alias": "lineitem", "Startup Cost": 0.73, "Total Cost": 4.84, "Plan Rows": 9, "Plan Width": 32, "Recheck Cond": "(l_orderkey = orders.o_orderkey)", "Plans": [{"Node Type": "Bitmap Index Scan", "Parent Relationship": "Outer", "Index Name": "idx_lineitem_orderkey", "Startup Cost": 0.0, "Total Cost": 0.72, "Plan Rows": 9, "Plan Width": 0, "Index Cond": "(l_orderkey = orders.o_orderkey)"}]}]}, {"Node Type": "Bitmap Heap Scan", "Parent Relationship": "Inner", "Relation Name": "supplier", "Alias": "supplier", "Startup Cost": 0.26, "Total Cost": 4.27, "Plan Rows": 1, "Plan Width": 12, "Recheck Cond": "(s_suppkey = lineitem.l_suppkey)", "Plans": [{"Node Type": "Bitmap Index Scan", "Parent Relationship": "Outer", "Index Name": "supplier_pkey", "Startup Cost": 0.0, "Total Cost": 0.26, "Plan Rows": 1, "Plan Width": 0, "Index Cond": "(s_suppkey = lineitem.l_suppkey)"}]}]}]}]}, "Unique SQL Id": 1392561963}, "explain_analyze_plan": null}, "(1, 100)": {"explain_plan": {"Plan": {"Node Type": "Sort", "Startup Cost": 1720736.05, "Total Cost": 1720736.11, "Plan Rows": 25, "Plan Width": 42, "Sort Key": ["(sum((lineitem.l_extendedprice * (1::double precision - lineitem.l_discount)))) DESC"], "Plans": [{"Node Type": "Aggregate", "Strategy": "Hashed", "Parent Relationship": "Outer", "Startup Cost": 1720735.22, "Total Cost": 1720735.47, "Plan Rows": 25, "Plan Width": 42, "Group By Key": ["nation.n_name"], "Plans": [{"Node Type": "Hash Join", "Parent Relationship": "Outer", "Join Type": "Inner", "Startup Cost": 5813.37, "Total Cost": 1720641.32, "Plan Rows": 9390, "Plan Width": 42, "Inner Unique": true, "Hash Cond": "((lineitem.l_suppkey = supplier.s_suppkey) AND (customer.c_nationkey = supplier.s_nationkey))", "Plans": [{"Node Type": "Nested Loop", "Parent Relationship": "Outer", "Join Type": "Inner", "Startup Cost": 1030.37, "Total Cost": 1688097.31, "Plan Rows": 3688948, "Plan Width": 58, "Inner Unique": false, "Plans": [{"Node Type": "Nested Loop", "Parent Relationship": "Outer", "Join Type": "Inner", "Startup Cost": 1030.37, "Total Cost": 412302.9, "Plan Rows": 406290, "Plan Width": 42, "Inner Unique": false, "Plans": [{"Node Type": "Nested Loop", "Parent Relationship": "Outer", "Join Type": "Inner", "Startup Cost": 1030.37, "Total Cost": 37194.1, "Plan Rows": 300000, "Plan Width": 42, "Inner Unique": false, "Plans": [{"Node Type": "Nested Loop", "Parent Relationship": "Outer", "Join Type": "Inner", "Startup Cost": 0.0, "Total Cost": 31.69, "Plan Rows": 5, "Plan Width": 30, "Inner Unique": true, "Plans": [{"Node Type": "Index Scan", "Parent Relationship": "Outer", "Scan Direction": "Forward", "Index Name": "nation_pkey", "Relation Name": "nation", "Alias": "nation", "Startup Cost": 0.0, "Total Cost": 12.62, "Plan Rows": 25, "Plan Width": 34}, {"Node Type": "Index Scan", "Parent Relationship": "Inner", "Scan Direction": "Forward", "Index Name": "region_pkey", "Relation Name": "region", "Alias": "region", "Startup Cost": 0.0, "Total Cost": 0.75, "Plan Rows": 1, "Plan Width": 4, "Index Cond": "(r_regionkey = nation.n_regionkey)", "Filter": "(r_name = 'MIDDLE EAST'::bpchar)"}]}, {"Node Type": "Bitmap Heap Scan", "Parent Relationship": "Inner", "Relation Name": "customer", "Alias": "customer", "Startup Cost": 1030.37, "Total Cost": 6832.48, "Plan Rows": 60000, "Plan Width": 12, "Recheck Cond": "(c_nationkey = nation.n_nationkey)", "Plans": [{"Node Type": "Bitmap Index Scan", "Parent Relationship": "Outer", "Index Name": "idx_customer_nationkey", "Startup Cost": 0.0, "Total Cost": 1015.37, "Plan Rows": 60000, "Plan Width": 0, "Index Cond": "(c_nationkey = nation.n_nationkey)"}]}]}, {"Node Type": "Index Scan", "Parent Relationship": "Inner", "Scan Direction": "Forward", "Index Name": "idx_orders_custkey", "Relation Name": "orders", "Alias": "orders", "Startup Cost": 0.0, "Total Cost": 1.24, "Plan Rows": 1, "Plan Width": 16, "Index Cond": "(o_custkey = customer.c_custkey)", "Filter": "((o_orderdate >= '1994-01-01 00:00:00'::timestamp(0) without time zone) AND (o_orderdate < '1995-01-01 00:00:00'::timestamp without time zone))"}]}, {"Node Type": "Index Scan", "Parent Relationship": "Inner", "Scan Direction": "Forward", "Index Name": "idx_lineitem_orderkey", "Relation Name": "lineitem", "Alias": "lineitem", "Startup Cost": 0.0, "Total Cost": 3.05, "Plan Rows": 9, "Plan Width": 32, "Index Cond": "(l_orderkey = orders.o_orderkey)"}]}, {"Node Type": "Hash", "Parent Relationship": "Inner", "Startup Cost": 3283.0, "Total Cost": 3283.0, "Plan Rows": 100000, "Plan Width": 12, "Plans": [{"Node Type": "Seq Scan", "Parent Relationship": "Outer", "Relation Name": "supplier", "Alias": "supplier", "Startup Cost": 0.0, "Total Cost": 3283.0, "Plan Rows": 100000, "Plan Width": 12}]}]}]}]}, "Unique SQL Id": 1392561963}, "explain_analyze_plan": {"Plan": {"Node Type": "Sort", "Startup Cost": 1720736.05, "Total Cost": 1720736.11, "Plan Rows": 25, "Plan Width": 42, "Actual Startup Time": 16544.983, "Actual Total Time": 16544.983, "Actual Rows": 5, "Actual Loops": 1, "Sort Key": ["(sum((lineitem.l_extendedprice * (1::double precision - lineitem.l_discount)))) DESC"], "Sort Method": "quicksort", "Sort Space Used": 25, "Sort Space Type": "Memory", "Plans": [{"Node Type": "Aggregate", "Strategy": "Hashed", "Parent Relationship": "Outer", "Startup Cost": 1720735.22, "Total Cost": 1720735.47, "Plan Rows": 25, "Plan Width": 42, "Actual Startup Time": 16544.953, "Actual Total Time": 16544.955, "Actual Rows": 5, "Actual Loops": 1, "Group By Key": ["nation.n_name"], "Plans": [{"Node Type": "Hash Join", "Parent Relationship": "Outer", "Join Type": "Inner", "Startup Cost": 5813.37, "Total Cost": 1720641.32, "Plan Rows": 9390, "Plan Width": 42, "Actual Startup Time": 86.699, "Actual Total Time": 16463.327, "Actual Rows": 72985, "Actual Loops": 1, "Inner Unique": true, "Hash Cond": "((lineitem.l_suppkey = supplier.s_suppkey) AND (customer.c_nationkey = supplier.s_nationkey))", "Plans": [{"Node Type": "Nested Loop", "Parent Relationship": "Outer", "Join Type": "Inner", "Startup Cost": 1030.37, "Total Cost": 1688097.31, "Plan Rows": 3688948, "Plan Width": 58, "Actual Startup Time": 19.479, "Actual Total Time": 15575.506, "Actual Rows": 1815222, "Actual Loops": 1, "Inner Unique": false, "Plans": [{"Node Type": "Nested Loop", "Parent Relationship": "Outer", "Join Type": "Inner", "Startup Cost": 1030.37, "Total Cost": 412302.9, "Plan Rows": 406290, "Plan Width": 42, "Actual Startup Time": 19.46, "Actual Total Time": 9685.85, "Actual Rows": 454183, "Actual Loops": 1, "Inner Unique": false, "Plans": [{"Node Type": "Nested Loop", "Parent Relationship": "Outer", "Join Type": "Inner", "Startup Cost": 1030.37, "Total Cost": 37194.1, "Plan Rows": 300000, "Plan Width": 42, "Actual Startup Time": 19.379, "Actual Total Time": 663.837, "Actual Rows": 299838, "Actual Loops": 1, "Inner Unique": false, "Plans": [{"Node Type": "Nested Loop", "Parent Relationship": "Outer", "Join Type": "Inner", "Startup Cost": 0.0, "Total Cost": 31.69, "Plan Rows": 5, "Plan Width": 30, "Actual Startup Time": 0.045, "Actual Total Time": 0.207, "Actual Rows": 5, "Actual Loops": 1, "Inner Unique": true, "Plans": [{"Node Type": "Index Scan", "Parent Relationship": "Outer", "Scan Direction": "Forward", "Index Name": "nation_pkey", "Relation Name": "nation", "Alias": "nation", "Startup Cost": 0.0, "Total Cost": 12.62, "Plan Rows": 25, "Plan Width": 34, "Actual Startup Time": 0.013, "Actual Total Time": 0.05, "Actual Rows": 25, "Actual Loops": 1}, {"Node Type": "Index Scan", "Parent Relationship": "Inner", "Scan Direction": "Forward", "Index Name": "region_pkey", "Relation Name": "region", "Alias": "region", "Startup Cost": 0.0, "Total Cost": 0.75, "Plan Rows": 1, "Plan Width": 4, "Actual Startup Time": 0.095, "Actual Total Time": 0.095, "Actual Rows": 5, "Actual Loops": 25, "Index Cond": "(r_regionkey = nation.n_regionkey)", "Rows Removed by Index Recheck": 0, "Filter": "(r_name = 'MIDDLE EAST'::bpchar)", "Rows Removed by Filter": 20}]}, {"Node Type": "Bitmap Heap Scan", "Parent Relationship": "Inner", "Relation Name": "customer", "Alias": "customer", "Startup Cost": 1030.37, "Total Cost": 6832.48, "Plan Rows": 60000, "Plan Width": 12, "Actual Startup Time": 92.441, "Actual Total Time": 588.913, "Actual Rows": 299838, "Actual Loops": 5, "Recheck Cond": "(c_nationkey = nation.n_nationkey)", "Rows Removed by Index Recheck": 0, "Exact Heap Blocks": 150033, "Lossy Heap Blocks": 150033, "Plans": [{"Node Type": "Bitmap Index Scan", "Parent Relationship": "Outer", "Index Name": "idx_customer_nationkey", "Startup Cost": 0.0, "Total Cost": 1015.37, "Plan Rows": 60000, "Plan Width": 0, "Actual Startup Time": 59.424, "Actual Total Time": 59.424, "Actual Rows": 299838, "Actual Loops": 5, "Index Cond": "(c_nationkey = nation.n_nationkey)"}]}]}, {"Node Type": "Index Scan", "Parent Relationship": "Inner", "Scan Direction": "Forward", "Index Name": "idx_orders_custkey", "Relation Name": "orders", "Alias": "orders", "Startup Cost": 0.0, "Total Cost": 1.24, "Plan Rows": 1, "Plan Width": 16, "Actual Startup Time": 4137.456, "Actual Total Time": 8757.392, "Actual Rows": 454183, "Actual Loops": 299838, "Index Cond": "(o_custkey = customer.c_custkey)", "Rows Removed by Index Recheck": 0, "Filter": "((o_orderdate >= '1994-01-01 00:00:00'::timestamp(0) without time zone) AND (o_orderdate < '1995-01-01 00:00:00'::timestamp without time zone))", "Rows Removed by Filter": 2542535}]}, {"Node Type": "Index Scan", "Parent Relationship": "Inner", "Scan Direction": "Forward", "Index Name": "idx_lineitem_orderkey", "Relation Name": "lineitem", "Alias": "lineitem", "Startup Cost": 0.0, "Total Cost": 3.05, "Plan Rows": 9, "Plan Width": 32, "Actual Startup Time": 4285.754, "Actual Total Time": 5246.21, "Actual Rows": 1815222, "Actual Loops": 454183, "Index Cond": "(l_orderkey = orders.o_orderkey)", "Rows Removed by Index Recheck": 0}]}, {"Node Type": "Hash", "Parent Relationship": "Inner", "Startup Cost": 3283.0, "Total Cost": 3283.0, "Plan Rows": 100000, "Plan Width": 12, "Actual Startup Time": 66.967, "Actual Total Time": 66.967, "Actual Rows": 100000, "Actual Loops": 1, "Hash Buckets": 131072, "Hash Batches": 1, "Original Hash Batches": 1, "Peak Memory Usage": 4297, "Plans": [{"Node Type": "Seq Scan", "Parent Relationship": "Outer", "Relation Name": "supplier", "Alias": "supplier", "Startup Cost": 0.0, "Total Cost": 3283.0, "Plan Rows": 100000, "Plan Width": 12, "Actual Startup Time": 0.02, "Actual Total Time": 35.902, "Actual Rows": 100000, "Actual Loops": 1}]}]}]}]}, "Triggers": [], "Planner Runtime": 6.944, "Total Runtime": 16545.437, "Unique SQL Id": 1392561963}}, "(1, 101)": {"explain_plan": {"Plan": {"Node Type": "Sort", "Startup Cost": 1722787.59, "Total Cost": 1722787.65, "Plan Rows": 25, "Plan Width": 42, "Sort Key": ["(sum((lineitem.l_extendedprice * (1::double precision - lineitem.l_discount)))) DESC"], "Plans": [{"Node Type": "Aggregate", "Strategy": "Hashed", "Parent Relationship": "Outer", "Startup Cost": 1722786.76, "Total Cost": 1722787.01, "Plan Rows": 25, "Plan Width": 42, "Group By Key": ["nation.n_name"], "Plans": [{"Node Type": "Hash Join", "Parent Relationship": "Outer", "Join Type": "Inner", "Startup Cost": 7864.91, "Total Cost": 1722692.86, "Plan Rows": 9390, "Plan Width": 42, "Inner Unique": true, "Hash Cond": "((lineitem.l_suppkey = supplier.s_suppkey) AND (customer.c_nationkey = supplier.s_nationkey))", "Plans": [{"Node Type": "Nested Loop", "Parent Relationship": "Outer", "Join Type": "Inner", "Startup Cost": 1030.37, "Total Cost": 1688097.31, "Plan Rows": 3688948, "Plan Width": 58, "Inner Unique": false, "Plans": [{"Node Type": "Nested Loop", "Parent Relationship": "Outer", "Join Type": "Inner", "Startup Cost": 1030.37, "Total Cost": 412302.9, "Plan Rows": 406290, "Plan Width": 42, "Inner Unique": false, "Plans": [{"Node Type": "Nested Loop", "Parent Relationship": "Outer", "Join Type": "Inner", "Startup Cost": 1030.37, "Total Cost": 37194.1, "Plan Rows": 300000, "Plan Width": 42, "Inner Unique": false, "Plans": [{"Node Type": "Nested Loop", "Parent Relationship": "Outer", "Join Type": "Inner", "Startup Cost": 0.0, "Total Cost": 31.69, "Plan Rows": 5, "Plan Width": 30, "Inner Unique": true, "Plans": [{"Node Type": "Index Scan", "Parent Relationship": "Outer", "Scan Direction": "Forward", "Index Name": "nation_pkey", "Relation Name": "nation", "Alias": "nation", "Startup Cost": 0.0, "Total Cost": 12.62, "Plan Rows": 25, "Plan Width": 34}, {"Node Type": "Index Scan", "Parent Relationship": "Inner", "Scan Direction": "Forward", "Index Name": "region_pkey", "Relation Name": "region", "Alias": "region", "Startup Cost": 0.0, "Total Cost": 0.75, "Plan Rows": 1, "Plan Width": 4, "Index Cond": "(r_regionkey = nation.n_regionkey)", "Filter": "(r_name = 'MIDDLE EAST'::bpchar)"}]}, {"Node Type": "Bitmap Heap Scan", "Parent Relationship": "Inner", "Relation Name": "customer", "Alias": "customer", "Startup Cost": 1030.37, "Total Cost": 6832.48, "Plan Rows": 60000, "Plan Width": 12, "Recheck Cond": "(c_nationkey = nation.n_nationkey)", "Plans": [{"Node Type": "Bitmap Index Scan", "Parent Relationship": "Outer", "Index Name": "idx_customer_nationkey", "Startup Cost": 0.0, "Total Cost": 1015.37, "Plan Rows": 60000, "Plan Width": 0, "Index Cond": "(c_nationkey = nation.n_nationkey)"}]}]}, {"Node Type": "Index Scan", "Parent Relationship": "Inner", "Scan Direction": "Forward", "Index Name": "idx_orders_custkey", "Relation Name": "orders", "Alias": "orders", "Startup Cost": 0.0, "Total Cost": 1.24, "Plan Rows": 1, "Plan Width": 16, "Index Cond": "(o_custkey = customer.c_custkey)", "Filter": "((o_orderdate >= '1994-01-01 00:00:00'::timestamp(0) without time zone) AND (o_orderdate < '1995-01-01 00:00:00'::timestamp without time zone))"}]}, {"Node Type": "Index Scan", "Parent Relationship": "Inner", "Scan Direction": "Forward", "Index Name": "idx_lineitem_orderkey", "Relation Name": "lineitem", "Alias": "lineitem", "Startup Cost": 0.0, "Total Cost": 3.05, "Plan Rows": 9, "Plan Width": 32, "Index Cond": "(l_orderkey = orders.o_orderkey)"}]}, {"Node Type": "Hash", "Parent Relationship": "Inner", "Startup Cost": 5334.54, "Total Cost": 5334.54, "Plan Rows": 100000, "Plan Width": 12, "Plans": [{"Node Type": "Index Scan", "Parent Relationship": "Outer", "Scan Direction": "Forward", "Index Name": "supplier_pkey", "Relation Name": "supplier", "Alias": "supplier", "Startup Cost": 0.0, "Total Cost": 5334.54, "Plan Rows": 100000, "Plan Width": 12}]}]}]}]}, "Unique SQL Id": 1392561963}, "explain_analyze_plan": {"Plan": {"Node Type": "Sort", "Startup Cost": 1722787.59, "Total Cost": 1722787.65, "Plan Rows": 25, "Plan Width": 42, "Actual Startup Time": 16243.883, "Actual Total Time": 16243.884, "Actual Rows": 5, "Actual Loops": 1, "Sort Key": ["(sum((lineitem.l_extendedprice * (1::double precision - lineitem.l_discount)))) DESC"], "Sort Method": "quicksort", "Sort Space Used": 25, "Sort Space Type": "Memory", "Plans": [{"Node Type": "Aggregate", "Strategy": "Hashed", "Parent Relationship": "Outer", "Startup Cost": 1722786.76, "Total Cost": 1722787.01, "Plan Rows": 25, "Plan Width": 42, "Actual Startup Time": 16243.848, "Actual Total Time": 16243.849, "Actual Rows": 5, "Actual Loops": 1, "Group By Key": ["nation.n_name"], "Plans": [{"Node Type": "Hash Join", "Parent Relationship": "Outer", "Join Type": "Inner", "Startup Cost": 7864.91, "Total Cost": 1722692.86, "Plan Rows": 9390, "Plan Width": 42, "Actual Startup Time": 111.009, "Actual Total Time": 16162.676, "Actual Rows": 72985, "Actual Loops": 1, "Inner Unique": true, "Hash Cond": "((lineitem.l_suppkey = supplier.s_suppkey) AND (customer.c_nationkey = supplier.s_nationkey))", "Plans": [{"Node Type": "Nested Loop", "Parent Relationship": "Outer", "Join Type": "Inner", "Startup Cost": 1030.37, "Total Cost": 1688097.31, "Plan Rows": 3688948, "Plan Width": 58, "Actual Startup Time": 19.021, "Actual Total Time": 15265.743, "Actual Rows": 1815222, "Actual Loops": 1, "Inner Unique": false, "Plans": [{"Node Type": "Nested Loop", "Parent Relationship": "Outer", "Join Type": "Inner", "Startup Cost": 1030.37, "Total Cost": 412302.9, "Plan Rows": 406290, "Plan Width": 42, "Actual Startup Time": 19.001, "Actual Total Time": 9479.756, "Actual Rows": 454183, "Actual Loops": 1, "Inner Unique": false, "Plans": [{"Node Type": "Nested Loop", "Parent Relationship": "Outer", "Join Type": "Inner", "Startup Cost": 1030.37, "Total Cost": 37194.1, "Plan Rows": 300000, "Plan Width": 42, "Actual Startup Time": 18.926, "Actual Total Time": 651.021, "Actual Rows": 299838, "Actual Loops": 1, "Inner Unique": false, "Plans": [{"Node Type": "Nested Loop", "Parent Relationship": "Outer", "Join Type": "Inner", "Startup Cost": 0.0, "Total Cost": 31.69, "Plan Rows": 5, "Plan Width": 30, "Actual Startup Time": 0.043, "Actual Total Time": 0.312, "Actual Rows": 5, "Actual Loops": 1, "Inner Unique": true, "Plans": [{"Node Type": "Index Scan", "Parent Relationship": "Outer", "Scan Direction": "Forward", "Index Name": "nation_pkey", "Relation Name": "nation", "Alias": "nation", "Startup Cost": 0.0, "Total Cost": 12.62, "Plan Rows": 25, "Plan Width": 34, "Actual Startup Time": 0.012, "Actual Total Time": 0.043, "Actual Rows": 25, "Actual Loops": 1}, {"Node Type": "Index Scan", "Parent Relationship": "Inner", "Scan Direction": "Forward", "Index Name": "region_pkey", "Relation Name": "region", "Alias": "region", "Startup Cost": 0.0, "Total Cost": 0.75, "Plan Rows": 1, "Plan Width": 4, "Actual Startup Time": 0.208, "Actual Total Time": 0.208, "Actual Rows": 5, "Actual Loops": 25, "Index Cond": "(r_regionkey = nation.n_regionkey)", "Rows Removed by Index Recheck": 0, "Filter": "(r_name = 'MIDDLE EAST'::bpchar)", "Rows Removed by Filter": 20}]}, {"Node Type": "Bitmap Heap Scan", "Parent Relationship": "Inner", "Relation Name": "customer", "Alias": "customer", "Startup Cost": 1030.37, "Total Cost": 6832.48, "Plan Rows": 60000, "Plan Width": 12, "Actual Startup Time": 89.534, "Actual Total Time": 576.737, "Actual Rows": 299838, "Actual Loops": 5, "Recheck Cond": "(c_nationkey = nation.n_nationkey)", "Rows Removed by Index Recheck": 0, "Exact Heap Blocks": 150033, "Lossy Heap Blocks": 150033, "Plans": [{"Node Type": "Bitmap Index Scan", "Parent Relationship": "Outer", "Index Name": "idx_customer_nationkey", "Startup Cost": 0.0, "Total Cost": 1015.37, "Plan Rows": 60000, "Plan Width": 0, "Actual Startup Time": 56.528, "Actual Total Time": 56.528, "Actual Rows": 299838, "Actual Loops": 5, "Index Cond": "(c_nationkey = nation.n_nationkey)"}]}]}, {"Node Type": "Index Scan", "Parent Relationship": "Inner", "Scan Direction": "Forward", "Index Name": "idx_orders_custkey", "Relation Name": "orders", "Alias": "orders", "Startup Cost": 0.0, "Total Cost": 1.24, "Plan Rows": 1, "Plan Width": 16, "Actual Startup Time": 4048.844, "Actual Total Time": 8565.536, "Actual Rows": 454183, "Actual Loops": 299838, "Index Cond": "(o_custkey = customer.c_custkey)", "Rows Removed by Index Recheck": 0, "Filter": "((o_orderdate >= '1994-01-01 00:00:00'::timestamp(0) without time zone) AND (o_orderdate < '1995-01-01 00:00:00'::timestamp without time zone))", "Rows Removed by Filter": 2542535}]}, {"Node Type": "Index Scan", "Parent Relationship": "Inner", "Scan Direction": "Forward", "Index Name": "idx_lineitem_orderkey", "Relation Name": "lineitem", "Alias": "lineitem", "Startup Cost": 0.0, "Total Cost": 3.05, "Plan Rows": 9, "Plan Width": 32, "Actual Startup Time": 4193.512, "Actual Total Time": 5139.611, "Actual Rows": 1815222, "Actual Loops": 454183, "Index Cond": "(l_orderkey = orders.o_orderkey)", "Rows Removed by Index Recheck": 0}]}, {"Node Type": "Hash", "Parent Relationship": "Inner", "Startup Cost": 5334.54, "Total Cost": 5334.54, "Plan Rows": 100000, "Plan Width": 12, "Actual Startup Time": 91.755, "Actual Total Time": 91.755, "Actual Rows": 100000, "Actual Loops": 1, "Hash Buckets": 131072, "Hash Batches": 1, "Original Hash Batches": 1, "Peak Memory Usage": 4297, "Plans": [{"Node Type": "Index Scan", "Parent Relationship": "Outer", "Scan Direction": "Forward", "Index Name": "supplier_pkey", "Relation Name": "supplier", "Alias": "supplier", "Startup Cost": 0.0, "Total Cost": 5334.54, "Plan Rows": 100000, "Plan Width": 12, "Actual Startup Time": 0.025, "Actual Total Time": 59.642, "Actual Rows": 100000, "Actual Loops": 1}]}]}]}]}, "Triggers": [], "Planner Runtime": 6.823, "Total Runtime": 16244.303, "Unique SQL Id": 1392561963}}, "(1, 102)": {"explain_plan": {"Plan": {"Node Type": "Sort", "Startup Cost": 2457247.05, "Total Cost": 2457247.11, "Plan Rows": 25, "Plan Width": 42, "Sort Key": ["(sum((lineitem.l_extendedprice * (1::double precision - lineitem.l_discount)))) DESC"], "Plans": [{"Node Type": "Aggregate", "Strategy": "Hashed", "Parent Relationship": "Outer", "Startup Cost": 2457246.22, "Total Cost": 2457246.47, "Plan Rows": 25, "Plan Width": 42, "Group By Key": ["nation.n_name"], "Plans": [{"Node Type": "Hash Join", "Parent Relationship": "Outer", "Join Type": "Inner", "Startup Cost": 104058.84, "Total Cost": 2457152.32, "Plan Rows": 9390, "Plan Width": 42, "Inner Unique": true, "Hash Cond": "((lineitem.l_suppkey = supplier.s_suppkey) AND (customer.c_nationkey = supplier.s_nationkey))", "Plans": [{"Node Type": "Nested Loop", "Parent Relationship": "Outer", "Join Type": "Inner", "Startup Cost": 99275.84, "Total Cost": 2424608.31, "Plan Rows": 3688948, "Plan Width": 58, "Inner Unique": false, "Plans": [{"Node Type": "Hash Join", "Parent Relationship": "Outer", "Join Type": "Inner", "Startup Cost": 99275.12, "Total Cost": 422539.98, "Plan Rows": 406290, "Plan Width": 42, "Inner Unique": false, "Hash Cond": "(orders.o_custkey = customer.c_custkey), (LLVM Optimized)", "Plans": [{"Node Type": "Bitmap Heap Scan", "Parent Relationship": "Outer", "Relation Name": "orders", "Alias": "orders", "Startup Cost": 58360.27, "Total Cost": 369005.64, "Plan Rows": 2281758, "Plan Width": 16, "Recheck Cond": "((o_orderdate >= '1994-01-01 00:00:00'::timestamp(0) without time zone) AND (o_orderdate < '1995-01-01 00:00:00'::timestamp without time zone)), (LLVM Optimized)", "Plans": [{"Node Type": "Bitmap Index Scan", "Parent Relationship": "Outer", "Index Name": "idx_orders_orderdate", "Startup Cost": 0.0, "Total Cost": 57789.83, "Plan Rows": 2281758, "Plan Width": 0, "Index Cond": "((o_orderdate >= '1994-01-01 00:00:00'::timestamp(0) without time zone) AND (o_orderdate < '1995-01-01 00:00:00'::timestamp without time zone))"}]}, {"Node Type": "Hash", "Parent Relationship": "Inner", "Startup Cost": 37164.85, "Total Cost": 37164.85, "Plan Rows": 300000, "Plan Width": 42, "Plans": [{"Node Type": "Nested Loop", "Parent Relationship": "Outer", "Join Type": "Inner", "Startup Cost": 1031.44, "Total Cost": 37164.85, "Plan Rows": 300000, "Plan Width": 42, "Inner Unique": false, "Plans": [{"Node Type": "Hash Join", "Parent Relationship": "Outer", "Join Type": "Inner", "Startup Cost": 1.07, "Total Cost": 2.44, "Plan Rows": 5, "Plan Width": 30, "Inner Unique": true, "Hash Cond": "(nation.n_regionkey = region.r_regionkey)", "Plans": [{"Node Type": "Seq Scan", "Parent Relationship": "Outer", "Relation Name": "nation", "Alias": "nation", "Startup Cost": 0.0, "Total Cost": 1.25, "Plan Rows": 25, "Plan Width": 34}, {"Node Type": "Hash", "Parent Relationship": "Inner", "Startup Cost": 1.06, "Total Cost": 1.06, "Plan Rows": 1, "Plan Width": 4, "Plans": [{"Node Type": "Seq Scan", "Parent Relationship": "Outer", "Relation Name": "region", "Alias": "region", "Startup Cost": 0.0, "Total Cost": 1.06, "Plan Rows": 1, "Plan Width": 4, "Filter": "(r_name = 'MIDDLE EAST'::bpchar)"}]}]}, {"Node Type": "Bitmap Heap Scan", "Parent Relationship": "Inner", "Relation Name": "customer", "Alias": "customer", "Startup Cost": 1030.37, "Total Cost": 6832.48, "Plan Rows": 60000, "Plan Width": 12, "Recheck Cond": "(c_nationkey = nation.n_nationkey)", "Plans": [{"Node Type": "Bitmap Index Scan", "Parent Relationship": "Outer", "Index Name": "idx_customer_nationkey", "Startup Cost": 0.0, "Total Cost": 1015.37, "Plan Rows": 60000, "Plan Width": 0, "Index Cond": "(c_nationkey = nation.n_nationkey)"}]}]}]}]}, {"Node Type": "Bitmap Heap Scan", "Parent Relationship": "Inner", "Relation Name": "lineitem", "Alias": "lineitem", "Startup Cost": 0.73, "Total Cost": 4.84, "Plan Rows": 9, "Plan Width": 32, "Recheck Cond": "(l_orderkey = orders.o_orderkey)", "Plans": [{"Node Type": "Bitmap Index Scan", "Parent Relationship": "Outer", "Index Name": "idx_lineitem_orderkey", "Startup Cost": 0.0, "Total Cost": 0.72, "Plan Rows": 9, "Plan Width": 0, "Index Cond": "(l_orderkey = orders.o_orderkey)"}]}]}, {"Node Type": "Hash", "Parent Relationship": "Inner", "Startup Cost": 3283.0, "Total Cost": 3283.0, "Plan Rows": 100000, "Plan Width": 12, "Plans": [{"Node Type": "Seq Scan", "Parent Relationship": "Outer", "Relation Name": "supplier", "Alias": "supplier", "Startup Cost": 0.0, "Total Cost": 3283.0, "Plan Rows": 100000, "Plan Width": 12}]}]}]}]}, "Unique SQL Id": 1392561963}, "explain_analyze_plan": {"Plan": {"Node Type": "Sort", "Startup Cost": 2457247.05, "Total Cost": 2457247.11, "Plan Rows": 25, "Plan Width": 42, "Actual Startup Time": 10016.715, "Actual Total Time": 10016.716, "Actual Rows": 5, "Actual Loops": 1, "Sort Key": ["(sum((lineitem.l_extendedprice * (1::double precision - lineitem.l_discount)))) DESC"], "Sort Method": "quicksort", "Sort Space Used": 25, "Sort Space Type": "Memory", "Plans": [{"Node Type": "Aggregate", "Strategy": "Hashed", "Parent Relationship": "Outer", "Startup Cost": 2457246.22, "Total Cost": 2457246.47, "Plan Rows": 25, "Plan Width": 42, "Actual Startup Time": 10016.685, "Actual Total Time": 10016.685, "Actual Rows": 5, "Actual Loops": 1, "Group By Key": ["nation.n_name"], "Plans": [{"Node Type": "Hash Join", "Parent Relationship": "Outer", "Join Type": "Inner", "Startup Cost": 104058.84, "Total Cost": 2457152.32, "Plan Rows": 9390, "Plan Width": 42, "Actual Startup Time": 1421.213, "Actual Total Time": 9937.329, "Actual Rows": 72985, "Actual Loops": 1, "Inner Unique": true, "Hash Cond": "((lineitem.l_suppkey = supplier.s_suppkey) AND (customer.c_nationkey = supplier.s_nationkey))", "Plans": [{"Node Type": "Nested Loop", "Parent Relationship": "Outer", "Join Type": "Inner", "Startup Cost": 99275.84, "Total Cost": 2424608.31, "Plan Rows": 3688948, "Plan Width": 58, "Actual Startup Time": 1353.747, "Actual Total Time": 9142.644, "Actual Rows": 1815222, "Actual Loops": 1, "Inner Unique": false, "Plans": [{"Node Type": "Hash Join", "Parent Relationship": "Outer", "Join Type": "Inner", "Startup Cost": 99275.12, "Total Cost": 422539.98, "Plan Rows": 406290, "Plan Width": 42, "Actual Startup Time": 1353.679, "Actual Total Time": 4183.794, "Actual Rows": 454183, "Actual Loops": 1, "Inner Unique": false, "Hash Cond": "(orders.o_custkey = customer.c_custkey), (LLVM Optimized, Jit Execute)", "Plans": [{"Node Type": "Bitmap Heap Scan", "Parent Relationship": "Outer", "Relation Name": "orders", "Alias": "orders", "Startup Cost": 58360.27, "Total Cost": 369005.64, "Plan Rows": 2281758, "Plan Width": 16, "Actual Startup Time": 705.311, "Actual Total Time": 2424.409, "Actual Rows": 2275919, "Actual Loops": 1, "Recheck Cond": "((o_orderdate >= '1994-01-01 00:00:00'::timestamp(0) without time zone) AND (o_orderdate < '1995-01-01 00:00:00'::timestamp without time zone)), (LLVM Optimized, Jit Execute)", "Rows Removed by Index Recheck": 0, "Exact Heap Blocks": 276381, "Lossy Heap Blocks": 276381, "Plans": [{"Node Type": "Bitmap Index Scan", "Parent Relationship": "Outer", "Index Name": "idx_orders_orderdate", "Startup Cost": 0.0, "Total Cost": 57789.83, "Plan Rows": 2281758, "Plan Width": 0, "Actual Startup Time": 616.82, "Actual Total Time": 616.82, "Actual Rows": 2275919, "Actual Loops": 1, "Index Cond": "((o_orderdate >= '1994-01-01 00:00:00'::timestamp(0) without time zone) AND (o_orderdate < '1995-01-01 00:00:00'::timestamp without time zone))"}]}, {"Node Type": "Hash", "Parent Relationship": "Inner", "Startup Cost": 37164.85, "Total Cost": 37164.85, "Plan Rows": 300000, "Plan Width": 42, "Actual Startup Time": 647.953, "Actual Total Time": 647.953, "Actual Rows": 299838, "Actual Loops": 1, "Hash Buckets": 524288, "Hash Batches": 1, "Original Hash Batches": 1, "Peak Memory Usage": 22254, "Plans": [{"Node Type": "Nested Loop", "Parent Relationship": "Outer", "Join Type": "Inner", "Startup Cost": 1031.44, "Total Cost": 37164.85, "Plan Rows": 300000, "Plan Width": 42, "Actual Startup Time": 19.353, "Actual Total Time": 537.178, "Actual Rows": 299838, "Actual Loops": 1, "Inner Unique": false, "Plans": [{"Node Type": "Hash Join", "Parent Relationship": "Outer", "Join Type": "Inner", "Startup Cost": 1.07, "Total Cost": 2.44, "Plan Rows": 5, "Plan Width": 30, "Actual Startup Time": 0.102, "Actual Total Time": 0.177, "Actual Rows": 5, "Actual Loops": 1, "Inner Unique": true, "Hash Cond": "(nation.n_regionkey = region.r_regionkey)", "Plans": [{"Node Type": "Seq Scan", "Parent Relationship": "Outer", "Relation Name": "nation", "Alias": "nation", "Startup Cost": 0.0, "Total Cost": 1.25, "Plan Rows": 25, "Plan Width": 34, "Actual Startup Time": 0.017, "Actual Total Time": 0.039, "Actual Rows": 25, "Actual Loops": 1}, {"Node Type": "Hash", "Parent Relationship": "Inner", "Startup Cost": 1.06, "Total Cost": 1.06, "Plan Rows": 1, "Plan Width": 4, "Actual Startup Time": 0.032, "Actual Total Time": 0.032, "Actual Rows": 1, "Actual Loops": 1, "Hash Buckets": 32768, "Hash Batches": 1, "Original Hash Batches": 1, "Peak Memory Usage": 1, "Plans": [{"Node Type": "Seq Scan", "Parent Relationship": "Outer", "Relation Name": "region", "Alias": "region", "Startup Cost": 0.0, "Total Cost": 1.06, "Plan Rows": 1, "Plan Width": 4, "Actual Startup Time": 0.025, "Actual Total Time": 0.026, "Actual Rows": 1, "Actual Loops": 1, "Filter": "(r_name = 'MIDDLE EAST'::bpchar)", "Rows Removed by Filter": 4}]}]}, {"Node Type": "Bitmap Heap Scan", "Parent Relationship": "Inner", "Relation Name": "customer", "Alias": "customer", "Startup Cost": 1030.37, "Total Cost": 6832.48, "Plan Rows": 60000, "Plan Width": 12, "Actual Startup Time": 90.117, "Actual Total Time": 468.891, "Actual Rows": 299838, "Actual Loops": 5, "Recheck Cond": "(c_nationkey = nation.n_nationkey)", "Rows Removed by Index Recheck": 0, "Exact Heap Blocks": 150033, "Lossy Heap Blocks": 150033, "Plans": [{"Node Type": "Bitmap Index Scan", "Parent Relationship": "Outer", "Index Name": "idx_customer_nationkey", "Startup Cost": 0.0, "Total Cost": 1015.37, "Plan Rows": 60000, "Plan Width": 0, "Actual Startup Time": 57.226, "Actual Total Time": 57.226, "Actual Rows": 299838, "Actual Loops": 5, "Index Cond": "(c_nationkey = nation.n_nationkey)"}]}]}]}]}, {"Node Type": "Bitmap Heap Scan", "Parent Relationship": "Inner", "Relation Name": "lineitem", "Alias": "lineitem", "Startup Cost": 0.73, "Total Cost": 4.84, "Plan Rows": 9, "Plan Width": 32, "Actual Startup Time": 3732.72, "Actual Total Time": 4049.051, "Actual Rows": 1815222, "Actual Loops": 454183, "Recheck Cond": "(l_orderkey = orders.o_orderkey)", "Rows Removed by Index Recheck": 0, "Exact Heap Blocks": 486530, "Lossy Heap Blocks": 486530, "Plans": [{"Node Type": "Bitmap Index Scan", "Parent Relationship": "Outer", "Index Name": "idx_lineitem_orderkey", "Startup Cost": 0.0, "Total Cost": 0.72, "Plan Rows": 9, "Plan Width": 0, "Actual Startup Time": 2078.6, "Actual Total Time": 2078.6, "Actual Rows": 1815222, "Actual Loops": 454183, "Index Cond": "(l_orderkey = orders.o_orderkey)"}]}]}, {"Node Type": "Hash", "Parent Relationship": "Inner", "Startup Cost": 3283.0, "Total Cost": 3283.0, "Plan Rows": 100000, "Plan Width": 12, "Actual Startup Time": 67.318, "Actual Total Time": 67.318, "Actual Rows": 100000, "Actual Loops": 1, "Hash Buckets": 131072, "Hash Batches": 1, "Original Hash Batches": 1, "Peak Memory Usage": 4297, "Plans": [{"Node Type": "Seq Scan", "Parent Relationship": "Outer", "Relation Name": "supplier", "Alias": "supplier", "Startup Cost": 0.0, "Total Cost": 3283.0, "Plan Rows": 100000, "Plan Width": 12, "Actual Startup Time": 0.029, "Actual Total Time": 36.397, "Actual Rows": 100000, "Actual Loops": 1}]}]}]}]}, "Triggers": [], "Planner Runtime": 6.272, "Total Runtime": 10026.442, "Unique SQL Id": 1392561963}}, "(1, 103)": {"explain_plan": {"Plan": {"Node Type": "Sort", "Startup Cost": 46003135.57, "Total Cost": 46003135.63, "Plan Rows": 25, "Plan Width": 42, "Sort Key": ["(sum((lineitem.l_extendedprice * (1::double precision - lineitem.l_discount)))) DESC"], "Plans": [{"Node Type": "Aggregate", "Strategy": "Hashed", "Parent Relationship": "Outer", "Startup Cost": 46003134.74, "Total Cost": 46003134.99, "Plan Rows": 25, "Plan Width": 42, "Group By Key": ["nation.n_name"], "Plans": [{"Node Type": "Nested Loop", "Parent Relationship": "Outer", "Join Type": "Inner", "Startup Cost": 58362.35, "Total Cost": 46003040.84, "Plan Rows": 9390, "Plan Width": 42, "Inner Unique": true, "Join Filter": "(customer.c_nationkey = supplier.s_nationkey)", "Plans": [{"Node Type": "Nested Loop", "Parent Relationship": "Outer", "Join Type": "Inner", "Startup Cost": 58362.1, "Total Cost": 30204103.6, "Plan Rows": 3688948, "Plan Width": 58, "Inner Unique": false, "Plans": [{"Node Type": "Nested Loop", "Parent Relationship": "Outer", "Join Type": "Inner", "Startup Cost": 58361.37, "Total Cost": 28202035.27, "Plan Rows": 406290, "Plan Width": 42, "Inner Unique": true, "Plans": [{"Node Type": "Nested Loop", "Parent Relationship": "Outer", "Join Type": "Inner", "Startup Cost": 58360.79, "Total Cost": 18851769.58, "Plan Rows": 2031452, "Plan Width": 46, "Inner Unique": true, "Plans": [{"Node Type": "Nested Loop", "Parent Relationship": "Outer", "Join Type": "Inner", "Startup Cost": 58360.54, "Total Cost": 10156636.32, "Plan Rows": 2031452, "Plan Width": 12, "Inner Unique": true, "Plans": [{"Node Type": "Bitmap Heap Scan", "Parent Relationship": "Outer", "Relation Name": "orders", "Alias": "orders", "Startup Cost": 58360.27, "Total Cost": 369005.64, "Plan Rows": 2281758, "Plan Width": 16, "Recheck Cond": "((o_orderdate >= '1994-01-01 00:00:00'::timestamp(0) without time zone) AND (o_orderdate < '1995-01-01 00:00:00'::timestamp without time zone)), (LLVM Optimized)", "Plans": [{"Node Type": "Bitmap Index Scan", "Parent Relationship": "Outer", "Index Name": "idx_orders_orderdate", "Startup Cost": 0.0, "Total Cost": 57789.83, "Plan Rows": 2281758, "Plan Width": 0, "Index Cond": "((o_orderdate >= '1994-01-01 00:00:00'::timestamp(0) without time zone) AND (o_orderdate < '1995-01-01 00:00:00'::timestamp without time zone))"}]}, {"Node Type": "Bitmap Heap Scan", "Parent Relationship": "Inner", "Relation Name": "customer", "Alias": "customer", "Startup Cost": 0.27, "Total Cost": 4.28, "Plan Rows": 1, "Plan Width": 12, "Recheck Cond": "(c_custkey = orders.o_custkey)", "Plans": [{"Node Type": "Bitmap Index Scan", "Parent Relationship": "Outer", "Index Name": "customer_pkey", "Startup Cost": 0.0, "Total Cost": 0.27, "Plan Rows": 1, "Plan Width": 0, "Index Cond": "(c_custkey = orders.o_custkey)"}]}]}, {"Node Type": "Bitmap Heap Scan", "Parent Relationship": "Inner", "Relation Name": "nation", "Alias": "nation", "Startup Cost": 0.26, "Total Cost": 4.27, "Plan Rows": 1, "Plan Width": 34, "Recheck Cond": "(n_nationkey = customer.c_nationkey)", "Plans": [{"Node Type": "Bitmap Index Scan", "Parent Relationship": "Outer", "Index Name": "nation_pkey", "Startup Cost": 0.0, "Total Cost": 0.26, "Plan Rows": 1, "Plan Width": 0, "Index Cond": "(n_nationkey = customer.c_nationkey)"}]}]}, {"Node Type": "Bitmap Heap Scan", "Parent Relationship": "Inner", "Relation Name": "region", "Alias": "region", "Startup Cost": 0.58, "Total Cost": 4.59, "Plan Rows": 1, "Plan Width": 4, "Recheck Cond": "(r_regionkey = nation.n_regionkey)", "Filter": "(r_name = 'MIDDLE EAST'::bpchar)", "Plans": [{"Node Type": "Bitmap Index Scan", "Parent Relationship": "Outer", "Index Name": "region_pkey", "Startup Cost": 0.0, "Total Cost": 0.58, "Plan Rows": 1, "Plan Width": 0, "Index Cond": "(r_regionkey = nation.n_regionkey)"}]}]}, {"Node Type": "Bitmap Heap Scan", "Parent Relationship": "Inner", "Relation Name": "lineitem", "Alias": "lineitem", "Startup Cost": 0.73, "Total Cost": 4.84, "Plan Rows": 9, "Plan Width": 32, "Recheck Cond": "(l_orderkey = orders.o_orderkey)", "Plans": [{"Node Type": "Bitmap Index Scan", "Parent Relationship": "Outer", "Index Name": "idx_lineitem_orderkey", "Startup Cost": 0.0, "Total Cost": 0.72, "Plan Rows": 9, "Plan Width": 0, "Index Cond": "(l_orderkey = orders.o_orderkey)"}]}]}, {"Node Type": "Bitmap Heap Scan", "Parent Relationship": "Inner", "Relation Name": "supplier", "Alias": "supplier", "Startup Cost": 0.26, "Total Cost": 4.27, "Plan Rows": 1, "Plan Width": 12, "Recheck Cond": "(s_suppkey = lineitem.l_suppkey)", "Plans": [{"Node Type": "Bitmap Index Scan", "Parent Relationship": "Outer", "Index Name": "supplier_pkey", "Startup Cost": 0.0, "Total Cost": 0.26, "Plan Rows": 1, "Plan Width": 0, "Index Cond": "(s_suppkey = lineitem.l_suppkey)"}]}]}]}]}, "Unique SQL Id": 1392561963}, "explain_analyze_plan": null}, "(1, 104)": {"explain_plan": {"Plan": {"Node Type": "Sort", "Startup Cost": 1725085.77, "Total Cost": 1725085.83, "Plan Rows": 25, "Plan Width": 42, "Sort Key": ["(sum((lineitem.l_extendedprice * (1::double precision - lineitem.l_discount)))) DESC"], "Plans": [{"Node Type": "Aggregate", "Strategy": "Hashed", "Parent Relationship": "Outer", "Startup Cost": 1725084.93, "Total Cost": 1725085.18, "Plan Rows": 25, "Plan Width": 42, "Group By Key": ["nation.n_name"], "Plans": [{"Node Type": "Hash Join", "Parent Relationship": "Outer", "Join Type": "Inner", "Startup Cost": 4783.0, "Total Cost": 1724991.03, "Plan Rows": 9390, "Plan Width": 42, "Inner Unique": true, "Hash Cond": "((lineitem.l_suppkey = supplier.s_suppkey) AND (customer.c_nationkey = supplier.s_nationkey))", "Plans": [{"Node Type": "Nested Loop", "Parent Relationship": "Outer", "Join Type": "Inner", "Startup Cost": 0.0, "Total Cost": 1692447.02, "Plan Rows": 3688948, "Plan Width": 58, "Inner Unique": false, "Plans": [{"Node Type": "Nested Loop", "Parent Relationship": "Outer", "Join Type": "Inner", "Startup Cost": 0.0, "Total Cost": 416652.61, "Plan Rows": 406290, "Plan Width": 42, "Inner Unique": false, "Plans": [{"Node Type": "Nested Loop", "Parent Relationship": "Outer", "Join Type": "Inner", "Startup Cost": 0.0, "Total Cost": 41543.81, "Plan Rows": 300000, "Plan Width": 42, "Inner Unique": false, "Plans": [{"Node Type": "Nested Loop", "Parent Relationship": "Outer", "Join Type": "Inner", "Startup Cost": 0.0, "Total Cost": 31.69, "Plan Rows": 5, "Plan Width": 30, "Inner Unique": true, "Plans": [{"Node Type": "Index Scan", "Parent Relationship": "Outer", "Scan Direction": "Forward", "Index Name": "nation_pkey", "Relation Name": "nation", "Alias": "nation", "Startup Cost": 0.0, "Total Cost": 12.62, "Plan Rows": 25, "Plan Width": 34}, {"Node Type": "Index Scan", "Parent Relationship": "Inner", "Scan Direction": "Forward", "Index Name": "region_pkey", "Relation Name": "region", "Alias": "region", "Startup Cost": 0.0, "Total Cost": 0.75, "Plan Rows": 1, "Plan Width": 4, "Index Cond": "(r_regionkey = nation.n_regionkey)", "Filter": "(r_name = 'MIDDLE EAST'::bpchar)"}]}, {"Node Type": "Index Scan", "Parent Relationship": "Inner", "Scan Direction": "Forward", "Index Name": "idx_customer_nationkey", "Relation Name": "customer", "Alias": "customer", "Startup Cost": 0.0, "Total Cost": 7702.43, "Plan Rows": 60000, "Plan Width": 12, "Index Cond": "(c_nationkey = nation.n_nationkey)"}]}, {"Node Type": "Index Scan", "Parent Relationship": "Inner", "Scan Direction": "Forward", "Index Name": "idx_orders_custkey", "Relation Name": "orders", "Alias": "orders", "Startup Cost": 0.0, "Total Cost": 1.24, "Plan Rows": 1, "Plan Width": 16, "Index Cond": "(o_custkey = customer.c_custkey)", "Filter": "((o_orderdate >= '1994-01-01 00:00:00'::timestamp(0) without time zone) AND (o_orderdate < '1995-01-01 00:00:00'::timestamp without time zone))"}]}, {"Node Type": "Index Scan", "Parent Relationship": "Inner", "Scan Direction": "Forward", "Index Name": "idx_lineitem_orderkey", "Relation Name": "lineitem", "Alias": "lineitem", "Startup Cost": 0.0, "Total Cost": 3.05, "Plan Rows": 9, "Plan Width": 32, "Index Cond": "(l_orderkey = orders.o_orderkey)"}]}, {"Node Type": "Hash", "Parent Relationship": "Inner", "Startup Cost": 3283.0, "Total Cost": 3283.0, "Plan Rows": 100000, "Plan Width": 12, "Plans": [{"Node Type": "Seq Scan", "Parent Relationship": "Outer", "Relation Name": "supplier", "Alias": "supplier", "Startup Cost": 0.0, "Total Cost": 3283.0, "Plan Rows": 100000, "Plan Width": 12}]}]}]}]}, "Unique SQL Id": 1392561963}, "explain_analyze_plan": {"Plan": {"Node Type": "Sort", "Startup Cost": 1725085.77, "Total Cost": 1725085.83, "Plan Rows": 25, "Plan Width": 42, "Actual Startup Time": 17048.059, "Actual Total Time": 17048.06, "Actual Rows": 5, "Actual Loops": 1, "Sort Key": ["(sum((lineitem.l_extendedprice * (1::double precision - lineitem.l_discount)))) DESC"], "Sort Method": "quicksort", "Sort Space Used": 25, "Sort Space Type": "Memory", "Plans": [{"Node Type": "Aggregate", "Strategy": "Hashed", "Parent Relationship": "Outer", "Startup Cost": 1725084.93, "Total Cost": 1725085.18, "Plan Rows": 25, "Plan Width": 42, "Actual Startup Time": 17048.024, "Actual Total Time": 17048.027, "Actual Rows": 5, "Actual Loops": 1, "Group By Key": ["nation.n_name"], "Plans": [{"Node Type": "Hash Join", "Parent Relationship": "Outer", "Join Type": "Inner", "Startup Cost": 4783.0, "Total Cost": 1724991.03, "Plan Rows": 9390, "Plan Width": 42, "Actual Startup Time": 67.907, "Actual Total Time": 16968.366, "Actual Rows": 72985, "Actual Loops": 1, "Inner Unique": true, "Hash Cond": "((lineitem.l_suppkey = supplier.s_suppkey) AND (customer.c_nationkey = supplier.s_nationkey))", "Plans": [{"Node Type": "Nested Loop", "Parent Relationship": "Outer", "Join Type": "Inner", "Startup Cost": 0.0, "Total Cost": 1692447.02, "Plan Rows": 3688948, "Plan Width": 58, "Actual Startup Time": 0.151, "Actual Total Time": 16051.895, "Actual Rows": 1815222, "Actual Loops": 1, "Inner Unique": false, "Plans": [{"Node Type": "Nested Loop", "Parent Relationship": "Outer", "Join Type": "Inner", "Startup Cost": 0.0, "Total Cost": 416652.61, "Plan Rows": 406290, "Plan Width": 42, "Actual Startup Time": 0.134, "Actual Total Time": 9938.278, "Actual Rows": 454183, "Actual Loops": 1, "Inner Unique": false, "Plans": [{"Node Type": "Nested Loop", "Parent Relationship": "Outer", "Join Type": "Inner", "Startup Cost": 0.0, "Total Cost": 41543.81, "Plan Rows": 300000, "Plan Width": 42, "Actual Startup Time": 0.079, "Actual Total Time": 546.267, "Actual Rows": 299838, "Actual Loops": 1, "Inner Unique": false, "Plans": [{"Node Type": "Nested Loop", "Parent Relationship": "Outer", "Join Type": "Inner", "Startup Cost": 0.0, "Total Cost": 31.69, "Plan Rows": 5, "Plan Width": 30, "Actual Startup Time": 0.046, "Actual Total Time": 0.189, "Actual Rows": 5, "Actual Loops": 1, "Inner Unique": true, "Plans": [{"Node Type": "Index Scan", "Parent Relationship": "Outer", "Scan Direction": "Forward", "Index Name": "nation_pkey", "Relation Name": "nation", "Alias": "nation", "Startup Cost": 0.0, "Total Cost": 12.62, "Plan Rows": 25, "Plan Width": 34, "Actual Startup Time": 0.014, "Actual Total Time": 0.042, "Actual Rows": 25, "Actual Loops": 1}, {"Node Type": "Index Scan", "Parent Relationship": "Inner", "Scan Direction": "Forward", "Index Name": "region_pkey", "Relation Name": "region", "Alias": "region", "Startup Cost": 0.0, "Total Cost": 0.75, "Plan Rows": 1, "Plan Width": 4, "Actual Startup Time": 0.098, "Actual Total Time": 0.098, "Actual Rows": 5, "Actual Loops": 25, "Index Cond": "(r_regionkey = nation.n_regionkey)", "Rows Removed by Index Recheck": 0, "Filter": "(r_name = 'MIDDLE EAST'::bpchar)", "Rows Removed by Filter": 20}]}, {"Node Type": "Index Scan", "Parent Relationship": "Inner", "Scan Direction": "Forward", "Index Name": "idx_customer_nationkey", "Relation Name": "customer", "Alias": "customer", "Startup Cost": 0.0, "Total Cost": 7702.43, "Plan Rows": 60000, "Plan Width": 12, "Actual Startup Time": 0.161, "Actual Total Time": 462.985, "Actual Rows": 299838, "Actual Loops": 5, "Index Cond": "(c_nationkey = nation.n_nationkey)", "Rows Removed by Index Recheck": 0}]}, {"Node Type": "Index Scan", "Parent Relationship": "Inner", "Scan Direction": "Forward", "Index Name": "idx_orders_custkey", "Relation Name": "orders", "Alias": "orders", "Startup Cost": 0.0, "Total Cost": 1.24, "Plan Rows": 1, "Plan Width": 16, "Actual Startup Time": 4306.439, "Actual Total Time": 9132.081, "Actual Rows": 454183, "Actual Loops": 299838, "Index Cond": "(o_custkey = customer.c_custkey)", "Rows Removed by Index Recheck": 0, "Filter": "((o_orderdate >= '1994-01-01 00:00:00'::timestamp(0) without time zone) AND (o_orderdate < '1995-01-01 00:00:00'::timestamp without time zone))", "Rows Removed by Filter": 2542535}]}, {"Node Type": "Index Scan", "Parent Relationship": "Inner", "Scan Direction": "Forward", "Index Name": "idx_lineitem_orderkey", "Relation Name": "lineitem", "Alias": "lineitem", "Startup Cost": 0.0, "Total Cost": 3.05, "Plan Rows": 9, "Plan Width": 32, "Actual Startup Time": 4476.213, "Actual Total Time": 5471.257, "Actual Rows": 1815222, "Actual Loops": 454183, "Index Cond": "(l_orderkey = orders.o_orderkey)", "Rows Removed by Index Recheck": 0}]}, {"Node Type": "Hash", "Parent Relationship": "Inner", "Startup Cost": 3283.0, "Total Cost": 3283.0, "Plan Rows": 100000, "Plan Width": 12, "Actual Startup Time": 67.502, "Actual Total Time": 67.502, "Actual Rows": 100000, "Actual Loops": 1, "Hash Buckets": 131072, "Hash Batches": 1, "Original Hash Batches": 1, "Peak Memory Usage": 4297, "Plans": [{"Node Type": "Seq Scan", "Parent Relationship": "Outer", "Relation Name": "supplier", "Alias": "supplier", "Startup Cost": 0.0, "Total Cost": 3283.0, "Plan Rows": 100000, "Plan Width": 12, "Actual Startup Time": 0.016, "Actual Total Time": 36.834, "Actual Rows": 100000, "Actual Loops": 1}]}]}]}]}, "Triggers": [], "Planner Runtime": 6.448, "Total Runtime": 17048.367, "Unique SQL Id": 1392561963}}, "(1, 105)": {"explain_plan": {"Plan": {"Node Type": "Sort", "Startup Cost": 1727137.31, "Total Cost": 1727137.37, "Plan Rows": 25, "Plan Width": 42, "Sort Key": ["(sum((lineitem.l_extendedprice * (1::double precision - lineitem.l_discount)))) DESC"], "Plans": [{"Node Type": "Aggregate", "Strategy": "Hashed", "Parent Relationship": "Outer", "Startup Cost": 1727136.48, "Total Cost": 1727136.73, "Plan Rows": 25, "Plan Width": 42, "Group By Key": ["nation.n_name"], "Plans": [{"Node Type": "Hash Join", "Parent Relationship": "Outer", "Join Type": "Inner", "Startup Cost": 6834.54, "Total Cost": 1727042.58, "Plan Rows": 9390, "Plan Width": 42, "Inner Unique": true, "Hash Cond": "((lineitem.l_suppkey = supplier.s_suppkey) AND (customer.c_nationkey = supplier.s_nationkey))", "Plans": [{"Node Type": "Nested Loop", "Parent Relationship": "Outer", "Join Type": "Inner", "Startup Cost": 0.0, "Total Cost": 1692447.02, "Plan Rows": 3688948, "Plan Width": 58, "Inner Unique": false, "Plans": [{"Node Type": "Nested Loop", "Parent Relationship": "Outer", "Join Type": "Inner", "Startup Cost": 0.0, "Total Cost": 416652.61, "Plan Rows": 406290, "Plan Width": 42, "Inner Unique": false, "Plans": [{"Node Type": "Nested Loop", "Parent Relationship": "Outer", "Join Type": "Inner", "Startup Cost": 0.0, "Total Cost": 41543.81, "Plan Rows": 300000, "Plan Width": 42, "Inner Unique": false, "Plans": [{"Node Type": "Nested Loop", "Parent Relationship": "Outer", "Join Type": "Inner", "Startup Cost": 0.0, "Total Cost": 31.69, "Plan Rows": 5, "Plan Width": 30, "Inner Unique": true, "Plans": [{"Node Type": "Index Scan", "Parent Relationship": "Outer", "Scan Direction": "Forward", "Index Name": "nation_pkey", "Relation Name": "nation", "Alias": "nation", "Startup Cost": 0.0, "Total Cost": 12.62, "Plan Rows": 25, "Plan Width": 34}, {"Node Type": "Index Scan", "Parent Relationship": "Inner", "Scan Direction": "Forward", "Index Name": "region_pkey", "Relation Name": "region", "Alias": "region", "Startup Cost": 0.0, "Total Cost": 0.75, "Plan Rows": 1, "Plan Width": 4, "Index Cond": "(r_regionkey = nation.n_regionkey)", "Filter": "(r_name = 'MIDDLE EAST'::bpchar)"}]}, {"Node Type": "Index Scan", "Parent Relationship": "Inner", "Scan Direction": "Forward", "Index Name": "idx_customer_nationkey", "Relation Name": "customer", "Alias": "customer", "Startup Cost": 0.0, "Total Cost": 7702.43, "Plan Rows": 60000, "Plan Width": 12, "Index Cond": "(c_nationkey = nation.n_nationkey)"}]}, {"Node Type": "Index Scan", "Parent Relationship": "Inner", "Scan Direction": "Forward", "Index Name": "idx_orders_custkey", "Relation Name": "orders", "Alias": "orders", "Startup Cost": 0.0, "Total Cost": 1.24, "Plan Rows": 1, "Plan Width": 16, "Index Cond": "(o_custkey = customer.c_custkey)", "Filter": "((o_orderdate >= '1994-01-01 00:00:00'::timestamp(0) without time zone) AND (o_orderdate < '1995-01-01 00:00:00'::timestamp without time zone))"}]}, {"Node Type": "Index Scan", "Parent Relationship": "Inner", "Scan Direction": "Forward", "Index Name": "idx_lineitem_orderkey", "Relation Name": "lineitem", "Alias": "lineitem", "Startup Cost": 0.0, "Total Cost": 3.05, "Plan Rows": 9, "Plan Width": 32, "Index Cond": "(l_orderkey = orders.o_orderkey)"}]}, {"Node Type": "Hash", "Parent Relationship": "Inner", "Startup Cost": 5334.54, "Total Cost": 5334.54, "Plan Rows": 100000, "Plan Width": 12, "Plans": [{"Node Type": "Index Scan", "Parent Relationship": "Outer", "Scan Direction": "Forward", "Index Name": "supplier_pkey", "Relation Name": "supplier", "Alias": "supplier", "Startup Cost": 0.0, "Total Cost": 5334.54, "Plan Rows": 100000, "Plan Width": 12}]}]}]}]}, "Unique SQL Id": 1392561963}, "explain_analyze_plan": {"Plan": {"Node Type": "Sort", "Startup Cost": 1727137.31, "Total Cost": 1727137.37, "Plan Rows": 25, "Plan Width": 42, "Actual Startup Time": 16125.544, "Actual Total Time": 16125.544, "Actual Rows": 5, "Actual Loops": 1, "Sort Key": ["(sum((lineitem.l_extendedprice * (1::double precision - lineitem.l_discount)))) DESC"], "Sort Method": "quicksort", "Sort Space Used": 25, "Sort Space Type": "Memory", "Plans": [{"Node Type": "Aggregate", "Strategy": "Hashed", "Parent Relationship": "Outer", "Startup Cost": 1727136.48, "Total Cost": 1727136.73, "Plan Rows": 25, "Plan Width": 42, "Actual Startup Time": 16125.517, "Actual Total Time": 16125.52, "Actual Rows": 5, "Actual Loops": 1, "Group By Key": ["nation.n_name"], "Plans": [{"Node Type": "Hash Join", "Parent Relationship": "Outer", "Join Type": "Inner", "Startup Cost": 6834.54, "Total Cost": 1727042.58, "Plan Rows": 9390, "Plan Width": 42, "Actual Startup Time": 94.67, "Actual Total Time": 16046.461, "Actual Rows": 72985, "Actual Loops": 1, "Inner Unique": true, "Hash Cond": "((lineitem.l_suppkey = supplier.s_suppkey) AND (customer.c_nationkey = supplier.s_nationkey))", "Plans": [{"Node Type": "Nested Loop", "Parent Relationship": "Outer", "Join Type": "Inner", "Startup Cost": 0.0, "Total Cost": 1692447.02, "Plan Rows": 3688948, "Plan Width": 58, "Actual Startup Time": 0.152, "Actual Total Time": 15146.214, "Actual Rows": 1815222, "Actual Loops": 1, "Inner Unique": false, "Plans": [{"Node Type": "Nested Loop", "Parent Relationship": "Outer", "Join Type": "Inner", "Startup Cost": 0.0, "Total Cost": 416652.61, "Plan Rows": 406290, "Plan Width": 42, "Actual Startup Time": 0.133, "Actual Total Time": 9344.761, "Actual Rows": 454183, "Actual Loops": 1, "Inner Unique": false, "Plans": [{"Node Type": "Nested Loop", "Parent Relationship": "Outer", "Join Type": "Inner", "Startup Cost": 0.0, "Total Cost": 41543.81, "Plan Rows": 300000, "Plan Width": 42, "Actual Startup Time": 0.078, "Actual Total Time": 515.783, "Actual Rows": 299838, "Actual Loops": 1, "Inner Unique": false, "Plans": [{"Node Type": "Nested Loop", "Parent Relationship": "Outer", "Join Type": "Inner", "Startup Cost": 0.0, "Total Cost": 31.69, "Plan Rows": 5, "Plan Width": 30, "Actual Startup Time": 0.047, "Actual Total Time": 0.17, "Actual Rows": 5, "Actual Loops": 1, "Inner Unique": true, "Plans": [{"Node Type": "Index Scan", "Parent Relationship": "Outer", "Scan Direction": "Forward", "Index Name": "nation_pkey", "Relation Name": "nation", "Alias": "nation", "Startup Cost": 0.0, "Total Cost": 12.62, "Plan Rows": 25, "Plan Width": 34, "Actual Startup Time": 0.013, "Actual Total Time": 0.04, "Actual Rows": 25, "Actual Loops": 1}, {"Node Type": "Index Scan", "Parent Relationship": "Inner", "Scan Direction": "Forward", "Index Name": "region_pkey", "Relation Name": "region", "Alias": "region", "Startup Cost": 0.0, "Total Cost": 0.75, "Plan Rows": 1, "Plan Width": 4, "Actual Startup Time": 0.091, "Actual Total Time": 0.091, "Actual Rows": 5, "Actual Loops": 25, "Index Cond": "(r_regionkey = nation.n_regionkey)", "Rows Removed by Index Recheck": 0, "Filter": "(r_name = 'MIDDLE EAST'::bpchar)", "Rows Removed by Filter": 20}]}, {"Node Type": "Index Scan", "Parent Relationship": "Inner", "Scan Direction": "Forward", "Index Name": "idx_customer_nationkey", "Relation Name": "customer", "Alias": "customer", "Startup Cost": 0.0, "Total Cost": 7702.43, "Plan Rows": 60000, "Plan Width": 12, "Actual Startup Time": 0.14, "Actual Total Time": 434.542, "Actual Rows": 299838, "Actual Loops": 5, "Index Cond": "(c_nationkey = nation.n_nationkey)", "Rows Removed by Index Recheck": 0}]}, {"Node Type": "Index Scan", "Parent Relationship": "Inner", "Scan Direction": "Forward", "Index Name": "idx_orders_custkey", "Relation Name": "orders", "Alias": "orders", "Startup Cost": 0.0, "Total Cost": 1.24, "Plan Rows": 1, "Plan Width": 16, "Actual Startup Time": 4053.248, "Actual Total Time": 8569.655, "Actual Rows": 454183, "Actual Loops": 299838, "Index Cond": "(o_custkey = customer.c_custkey)", "Rows Removed by Index Recheck": 0, "Filter": "((o_orderdate >= '1994-01-01 00:00:00'::timestamp(0) without time zone) AND (o_orderdate < '1995-01-01 00:00:00'::timestamp without time zone))", "Rows Removed by Filter": 2542535}]}, {"Node Type": "Index Scan", "Parent Relationship": "Inner", "Scan Direction": "Forward", "Index Name": "idx_lineitem_orderkey", "Relation Name": "lineitem", "Alias": "lineitem", "Startup Cost": 0.0, "Total Cost": 3.05, "Plan Rows": 9, "Plan Width": 32, "Actual Startup Time": 4207.697, "Actual Total Time": 5157.911, "Actual Rows": 1815222, "Actual Loops": 454183, "Index Cond": "(l_orderkey = orders.o_orderkey)", "Rows Removed by Index Recheck": 0}]}, {"Node Type": "Hash", "Parent Relationship": "Inner", "Startup Cost": 5334.54, "Total Cost": 5334.54, "Plan Rows": 100000, "Plan Width": 12, "Actual Startup Time": 94.293, "Actual Total Time": 94.293, "Actual Rows": 100000, "Actual Loops": 1, "Hash Buckets": 131072, "Hash Batches": 1, "Original Hash Batches": 1, "Peak Memory Usage": 4297, "Plans": [{"Node Type": "Index Scan", "Parent Relationship": "Outer", "Scan Direction": "Forward", "Index Name": "supplier_pkey", "Relation Name": "supplier", "Alias": "supplier", "Startup Cost": 0.0, "Total Cost": 5334.54, "Plan Rows": 100000, "Plan Width": 12, "Actual Startup Time": 0.02, "Actual Total Time": 61.359, "Actual Rows": 100000, "Actual Loops": 1}]}]}]}]}, "Triggers": [], "Planner Runtime": 6.29, "Total Runtime": 16125.838, "Unique SQL Id": 1392561963}}, "(1, 106)": {"explain_plan": {"Plan": {"Node Type": "Sort", "Startup Cost": 2891580.15, "Total Cost": 2891580.22, "Plan Rows": 25, "Plan Width": 42, "Sort Key": ["(sum((lineitem.l_extendedprice * (1::double precision - lineitem.l_discount)))) DESC"], "Plans": [{"Node Type": "Aggregate", "Strategy": "Hashed", "Parent Relationship": "Outer", "Startup Cost": 2891579.32, "Total Cost": 2891579.57, "Plan Rows": 25, "Plan Width": 42, "Group By Key": ["nation.n_name"], "Plans": [{"Node Type": "Hash Join", "Parent Relationship": "Outer", "Join Type": "Inner", "Startup Cost": 586755.18, "Total Cost": 2891485.42, "Plan Rows": 9390, "Plan Width": 42, "Inner Unique": true, "Hash Cond": "((lineitem.l_suppkey = supplier.s_suppkey) AND (customer.c_nationkey = supplier.s_nationkey))", "Plans": [{"Node Type": "Hash Join", "Parent Relationship": "Outer", "Join Type": "Inner", "Startup Cost": 581972.18, "Total Cost": 2858928.33, "Plan Rows": 3688948, "Plan Width": 58, "Inner Unique": false, "Hash Cond": "(lineitem.l_orderkey = orders.o_orderkey), (LLVM Optimized)", "Plans": [{"Node Type": "Seq Scan", "Parent Relationship": "Outer", "Relation Name": "lineitem", "Alias": "lineitem", "Startup Cost": 0.0, "Total Cost": 2015115.33, "Plan Rows": 59987033, "Plan Width": 32}, {"Node Type": "Hash", "Parent Relationship": "Inner", "Startup Cost": 576893.55, "Total Cost": 576893.55, "Plan Rows": 406290, "Plan Width": 42, "Plans": [{"Node Type": "Hash Join", "Parent Relationship": "Outer", "Join Type": "Inner", "Startup Cost": 63305.42, "Total Cost": 576893.55, "Plan Rows": 406290, "Plan Width": 42, "Inner Unique": false, "Hash Cond": "(orders.o_custkey = customer.c_custkey), (LLVM Optimized)", "Plans": [{"Node Type": "Seq Scan", "Parent Relationship": "Outer", "Relation Name": "orders", "Alias": "orders", "Startup Cost": 442.55, "Total Cost": 501411.18, "Plan Rows": 2281758, "Plan Width": 16, "Filter": "((o_orderdate >= '1994-01-01 00:00:00'::timestamp(0) without time zone) AND (o_orderdate < '1995-01-01 00:00:00'::timestamp without time zone)), (LLVM Optimized)"}, {"Node Type": "Hash", "Parent Relationship": "Inner", "Startup Cost": 59112.88, "Total Cost": 59112.88, "Plan Rows": 300000, "Plan Width": 42, "Plans": [{"Node Type": "Hash Join", "Parent Relationship": "Outer", "Join Type": "Inner", "Startup Cost": 2.5, "Total Cost": 59112.88, "Plan Rows": 300000, "Plan Width": 42, "Inner Unique": false, "Hash Cond": "(customer.c_nationkey = nation.n_nationkey), (LLVM Optimized)", "Plans": [{"Node Type": "Seq Scan", "Parent Relationship": "Outer", "Relation Name": "customer", "Alias": "customer", "Startup Cost": 0.0, "Total Cost": 52126.0, "Plan Rows": 1500000, "Plan Width": 12}, {"Node Type": "Hash", "Parent Relationship": "Inner", "Startup Cost": 2.44, "Total Cost": 2.44, "Plan Rows": 5, "Plan Width": 30, "Plans": [{"Node Type": "Hash Join", "Parent Relationship": "Outer", "Join Type": "Inner", "Startup Cost": 1.07, "Total Cost": 2.44, "Plan Rows": 5, "Plan Width": 30, "Inner Unique": true, "Hash Cond": "(nation.n_regionkey = region.r_regionkey)", "Plans": [{"Node Type": "Seq Scan", "Parent Relationship": "Outer", "Relation Name": "nation", "Alias": "nation", "Startup Cost": 0.0, "Total Cost": 1.25, "Plan Rows": 25, "Plan Width": 34}, {"Node Type": "Hash", "Parent Relationship": "Inner", "Startup Cost": 1.06, "Total Cost": 1.06, "Plan Rows": 1, "Plan Width": 4, "Plans": [{"Node Type": "Seq Scan", "Parent Relationship": "Outer", "Relation Name": "region", "Alias": "region", "Startup Cost": 0.0, "Total Cost": 1.06, "Plan Rows": 1, "Plan Width": 4, "Filter": "(r_name = 'MIDDLE EAST'::bpchar)"}]}]}]}]}]}]}]}]}, {"Node Type": "Hash", "Parent Relationship": "Inner", "Startup Cost": 3283.0, "Total Cost": 3283.0, "Plan Rows": 100000, "Plan Width": 12, "Plans": [{"Node Type": "Seq Scan", "Parent Relationship": "Outer", "Relation Name": "supplier", "Alias": "supplier", "Startup Cost": 0.0, "Total Cost": 3283.0, "Plan Rows": 100000, "Plan Width": 12}]}]}]}]}, "Unique SQL Id": 1392561963}, "explain_analyze_plan": null}, "(1, 107)": {"explain_plan": {"Plan": {"Node Type": "Sort", "Startup Cost": 6000413609248.85, "Total Cost": 6000413609248.91, "Plan Rows": 25, "Plan Width": 42, "Sort Key": ["(sum((lineitem.l_extendedprice * (1::double precision - lineitem.l_discount)))) DESC"], "Plans": [{"Node Type": "Aggregate", "Strategy": "Hashed", "Parent Relationship": "Outer", "Startup Cost": 6000413609248.02, "Total Cost": 6000413609248.27, "Plan Rows": 25, "Plan Width": 42, "Group By Key": ["nation.n_name"], "Plans": [{"Node Type": "Hash Join", "Parent Relationship": "Outer", "Join Type": "Inner", "Startup Cost": 4020413586068.45, "Total Cost": 6000413609154.12, "Plan Rows": 9390, "Plan Width": 42, "Inner Unique": true, "Hash Cond": "((orders.o_custkey = customer.c_custkey) AND (supplier.s_nationkey = customer.c_nationkey))", "Plans": [{"Node Type": "Hash Join", "Parent Relationship": "Outer", "Join Type": "Inner", "Startup Cost": 3020405487032.83, "Total Cost": 5000405508035.29, "Plan Rows": 263699, "Plan Width": 58, "Inner Unique": true, "Hash Cond": "(lineitem.l_orderkey = orders.o_orderkey), (LLVM Optimized)", "Plans": [{"Node Type": "Hash Join", "Parent Relationship": "Outer", "Join Type": "Inner", "Startup Cost": 2020324860927.85, "Total Cost": 4000324870836.25, "Plan Rows": 763534, "Plan Width": 58, "Inner Unique": false, "Hash Cond": "(nation.n_nationkey = supplier.s_nationkey), (LLVM Optimized)", "Plans": [{"Node Type": "Nested Loop", "Parent Relationship": "Outer", "Join Type": "Inner", "Startup Cost": 20000000000.0, "Total Cost": 2000000002068.8, "Plan Rows": 5, "Plan Width": 30, "Inner Unique": false, "Plans": [{"Node Type": "Index Scan", "Parent Relationship": "Outer", "Scan Direction": "Forward", "Index Name": "region_pkey", "Relation Name": "region", "Alias": "region", "Startup Cost": 10000000000.0, "Total Cost": 1000000001233.75, "Plan Rows": 1, "Plan Width": 4, "Filter": "(r_name = 'MIDDLE EAST'::bpchar)"}, {"Node Type": "Index Scan", "Parent Relationship": "Inner", "Scan Direction": "Forward", "Index Name": "idx_nation_regionkey", "Relation Name": "nation", "Alias": "nation", "Startup Cost": 10000000000.0, "Total Cost": 1000000000835.0, "Plan Rows": 5, "Plan Width": 34, "Index Cond": "(n_regionkey = region.r_regionkey)"}]}, {"Node Type": "Hash", "Parent Relationship": "Inner", "Startup Cost": 2000324813206.96, "Total Cost": 2000324813206.96, "Plan Rows": 3817671, "Plan Width": 28, "Plans": [{"Node Type": "Hash Join", "Parent Relationship": "Outer", "Join Type": "Inner", "Startup Cost": 1010000534704.38, "Total Cost": 2000324813206.96, "Plan Rows": 3817671, "Plan Width": 28, "Inner Unique": true, "Hash Cond": "(lineitem.l_suppkey = supplier.s_suppkey), (LLVM Optimized)", "Plans": [{"Node Type": "Index Scan", "Parent Relationship": "Outer", "Scan Direction": "Forward", "Index Name": "idx_lineitem_orderkey", "Relation Name": "lineitem", "Alias": "lineitem", "Startup Cost": 10000000000.0, "Total Cost": 1000324015374.5, "Plan Rows": 59987033, "Plan Width": 32}, {"Node Type": "Hash", "Parent Relationship": "Inner", "Startup Cost": 1000000533454.38, "Total Cost": 1000000533454.38, "Plan Rows": 100000, "Plan Width": 12, "Plans": [{"Node Type": "Index Scan", "Parent Relationship": "Outer", "Scan Direction": "Forward", "Index Name": "supplier_pkey", "Relation Name": "supplier", "Alias": "supplier", "Startup Cost": 10000000000.0, "Total Cost": 1000000533454.38, "Plan Rows": 100000, "Plan Width": 12}]}]}]}]}, {"Node Type": "Hash", "Parent Relationship": "Inner", "Startup Cost": 1000080597583.0, "Total Cost": 1000080597583.0, "Plan Rows": 2281758, "Plan Width": 16, "Plans": [{"Node Type": "Index Scan", "Parent Relationship": "Outer", "Scan Direction": "Forward", "Index Name": "orders_pkey", "Relation Name": "orders", "Alias": "orders", "Startup Cost": 10000000000.0, "Total Cost": 1000080597583.0, "Plan Rows": 2281758, "Plan Width": 16, "Filter": "((o_orderdate >= '1994-01-01 00:00:00'::timestamp(0) without time zone) AND (o_orderdate < '1995-01-01 00:00:00'::timestamp without time zone)), (LLVM Optimized)"}]}]}, {"Node Type": "Hash", "Parent Relationship": "Inner", "Startup Cost": 1000008076535.62, "Total Cost": 1000008076535.62, "Plan Rows": 1500000, "Plan Width": 12, "Plans": [{"Node Type": "Index Scan", "Parent Relationship": "Outer", "Scan Direction": "Forward", "Index Name": "customer_pkey", "Relation Name": "customer", "Alias": "customer", "Startup Cost": 10000000000.0, "Total Cost": 1000008076535.62, "Plan Rows": 1500000, "Plan Width": 12}]}]}]}]}, "Unique SQL Id": 1392561963}, "explain_analyze_plan": null}, "(1, 108)": {"explain_plan": {"Plan": {"Node Type": "Sort", "Startup Cost": 1725085.77, "Total Cost": 1725085.83, "Plan Rows": 25, "Plan Width": 42, "Sort Key": ["(sum((lineitem.l_extendedprice * (1::double precision - lineitem.l_discount)))) DESC"], "Plans": [{"Node Type": "Aggregate", "Strategy": "Hashed", "Parent Relationship": "Outer", "Startup Cost": 1725084.93, "Total Cost": 1725085.18, "Plan Rows": 25, "Plan Width": 42, "Group By Key": ["nation.n_name"], "Plans": [{"Node Type": "Hash Join", "Parent Relationship": "Outer", "Join Type": "Inner", "Startup Cost": 4783.0, "Total Cost": 1724991.03, "Plan Rows": 9390, "Plan Width": 42, "Inner Unique": true, "Hash Cond": "((lineitem.l_suppkey = supplier.s_suppkey) AND (customer.c_nationkey = supplier.s_nationkey))", "Plans": [{"Node Type": "Nested Loop", "Parent Relationship": "Outer", "Join Type": "Inner", "Startup Cost": 0.0, "Total Cost": 1692447.02, "Plan Rows": 3688948, "Plan Width": 58, "Inner Unique": false, "Plans": [{"Node Type": "Nested Loop", "Parent Relationship": "Outer", "Join Type": "Inner", "Startup Cost": 0.0, "Total Cost": 416652.61, "Plan Rows": 406290, "Plan Width": 42, "Inner Unique": false, "Plans": [{"Node Type": "Nested Loop", "Parent Relationship": "Outer", "Join Type": "Inner", "Startup Cost": 0.0, "Total Cost": 41543.81, "Plan Rows": 300000, "Plan Width": 42, "Inner Unique": false, "Plans": [{"Node Type": "Nested Loop", "Parent Relationship": "Outer", "Join Type": "Inner", "Startup Cost": 0.0, "Total Cost": 31.69, "Plan Rows": 5, "Plan Width": 30, "Inner Unique": true, "Plans": [{"Node Type": "Index Scan", "Parent Relationship": "Outer", "Scan Direction": "Forward", "Index Name": "nation_pkey", "Relation Name": "nation", "Alias": "nation", "Startup Cost": 0.0, "Total Cost": 12.62, "Plan Rows": 25, "Plan Width": 34}, {"Node Type": "Index Scan", "Parent Relationship": "Inner", "Scan Direction": "Forward", "Index Name": "region_pkey", "Relation Name": "region", "Alias": "region", "Startup Cost": 0.0, "Total Cost": 0.75, "Plan Rows": 1, "Plan Width": 4, "Index Cond": "(r_regionkey = nation.n_regionkey)", "Filter": "(r_name = 'MIDDLE EAST'::bpchar)"}]}, {"Node Type": "Index Scan", "Parent Relationship": "Inner", "Scan Direction": "Forward", "Index Name": "idx_customer_nationkey", "Relation Name": "customer", "Alias": "customer", "Startup Cost": 0.0, "Total Cost": 7702.43, "Plan Rows": 60000, "Plan Width": 12, "Index Cond": "(c_nationkey = nation.n_nationkey)"}]}, {"Node Type": "Index Scan", "Parent Relationship": "Inner", "Scan Direction": "Forward", "Index Name": "idx_orders_custkey", "Relation Name": "orders", "Alias": "orders", "Startup Cost": 0.0, "Total Cost": 1.24, "Plan Rows": 1, "Plan Width": 16, "Index Cond": "(o_custkey = customer.c_custkey)", "Filter": "((o_orderdate >= '1994-01-01 00:00:00'::timestamp(0) without time zone) AND (o_orderdate < '1995-01-01 00:00:00'::timestamp without time zone))"}]}, {"Node Type": "Index Scan", "Parent Relationship": "Inner", "Scan Direction": "Forward", "Index Name": "idx_lineitem_orderkey", "Relation Name": "lineitem", "Alias": "lineitem", "Startup Cost": 0.0, "Total Cost": 3.05, "Plan Rows": 9, "Plan Width": 32, "Index Cond": "(l_orderkey = orders.o_orderkey)"}]}, {"Node Type": "Hash", "Parent Relationship": "Inner", "Startup Cost": 3283.0, "Total Cost": 3283.0, "Plan Rows": 100000, "Plan Width": 12, "Plans": [{"Node Type": "Seq Scan", "Parent Relationship": "Outer", "Relation Name": "supplier", "Alias": "supplier", "Startup Cost": 0.0, "Total Cost": 3283.0, "Plan Rows": 100000, "Plan Width": 12}]}]}]}]}, "Unique SQL Id": 1392561963}, "explain_analyze_plan": {"Plan": {"Node Type": "Sort", "Startup Cost": 1725085.77, "Total Cost": 1725085.83, "Plan Rows": 25, "Plan Width": 42, "Actual Startup Time": 17048.059, "Actual Total Time": 17048.06, "Actual Rows": 5, "Actual Loops": 1, "Sort Key": ["(sum((lineitem.l_extendedprice * (1::double precision - lineitem.l_discount)))) DESC"], "Sort Method": "quicksort", "Sort Space Used": 25, "Sort Space Type": "Memory", "Plans": [{"Node Type": "Aggregate", "Strategy": "Hashed", "Parent Relationship": "Outer", "Startup Cost": 1725084.93, "Total Cost": 1725085.18, "Plan Rows": 25, "Plan Width": 42, "Actual Startup Time": 17048.024, "Actual Total Time": 17048.027, "Actual Rows": 5, "Actual Loops": 1, "Group By Key": ["nation.n_name"], "Plans": [{"Node Type": "Hash Join", "Parent Relationship": "Outer", "Join Type": "Inner", "Startup Cost": 4783.0, "Total Cost": 1724991.03, "Plan Rows": 9390, "Plan Width": 42, "Actual Startup Time": 67.907, "Actual Total Time": 16968.366, "Actual Rows": 72985, "Actual Loops": 1, "Inner Unique": true, "Hash Cond": "((lineitem.l_suppkey = supplier.s_suppkey) AND (customer.c_nationkey = supplier.s_nationkey))", "Plans": [{"Node Type": "Nested Loop", "Parent Relationship": "Outer", "Join Type": "Inner", "Startup Cost": 0.0, "Total Cost": 1692447.02, "Plan Rows": 3688948, "Plan Width": 58, "Actual Startup Time": 0.151, "Actual Total Time": 16051.895, "Actual Rows": 1815222, "Actual Loops": 1, "Inner Unique": false, "Plans": [{"Node Type": "Nested Loop", "Parent Relationship": "Outer", "Join Type": "Inner", "Startup Cost": 0.0, "Total Cost": 416652.61, "Plan Rows": 406290, "Plan Width": 42, "Actual Startup Time": 0.134, "Actual Total Time": 9938.278, "Actual Rows": 454183, "Actual Loops": 1, "Inner Unique": false, "Plans": [{"Node Type": "Nested Loop", "Parent Relationship": "Outer", "Join Type": "Inner", "Startup Cost": 0.0, "Total Cost": 41543.81, "Plan Rows": 300000, "Plan Width": 42, "Actual Startup Time": 0.079, "Actual Total Time": 546.267, "Actual Rows": 299838, "Actual Loops": 1, "Inner Unique": false, "Plans": [{"Node Type": "Nested Loop", "Parent Relationship": "Outer", "Join Type": "Inner", "Startup Cost": 0.0, "Total Cost": 31.69, "Plan Rows": 5, "Plan Width": 30, "Actual Startup Time": 0.046, "Actual Total Time": 0.189, "Actual Rows": 5, "Actual Loops": 1, "Inner Unique": true, "Plans": [{"Node Type": "Index Scan", "Parent Relationship": "Outer", "Scan Direction": "Forward", "Index Name": "nation_pkey", "Relation Name": "nation", "Alias": "nation", "Startup Cost": 0.0, "Total Cost": 12.62, "Plan Rows": 25, "Plan Width": 34, "Actual Startup Time": 0.014, "Actual Total Time": 0.042, "Actual Rows": 25, "Actual Loops": 1}, {"Node Type": "Index Scan", "Parent Relationship": "Inner", "Scan Direction": "Forward", "Index Name": "region_pkey", "Relation Name": "region", "Alias": "region", "Startup Cost": 0.0, "Total Cost": 0.75, "Plan Rows": 1, "Plan Width": 4, "Actual Startup Time": 0.098, "Actual Total Time": 0.098, "Actual Rows": 5, "Actual Loops": 25, "Index Cond": "(r_regionkey = nation.n_regionkey)", "Rows Removed by Index Recheck": 0, "Filter": "(r_name = 'MIDDLE EAST'::bpchar)", "Rows Removed by Filter": 20}]}, {"Node Type": "Index Scan", "Parent Relationship": "Inner", "Scan Direction": "Forward", "Index Name": "idx_customer_nationkey", "Relation Name": "customer", "Alias": "customer", "Startup Cost": 0.0, "Total Cost": 7702.43, "Plan Rows": 60000, "Plan Width": 12, "Actual Startup Time": 0.161, "Actual Total Time": 462.985, "Actual Rows": 299838, "Actual Loops": 5, "Index Cond": "(c_nationkey = nation.n_nationkey)", "Rows Removed by Index Recheck": 0}]}, {"Node Type": "Index Scan", "Parent Relationship": "Inner", "Scan Direction": "Forward", "Index Name": "idx_orders_custkey", "Relation Name": "orders", "Alias": "orders", "Startup Cost": 0.0, "Total Cost": 1.24, "Plan Rows": 1, "Plan Width": 16, "Actual Startup Time": 4306.439, "Actual Total Time": 9132.081, "Actual Rows": 454183, "Actual Loops": 299838, "Index Cond": "(o_custkey = customer.c_custkey)", "Rows Removed by Index Recheck": 0, "Filter": "((o_orderdate >= '1994-01-01 00:00:00'::timestamp(0) without time zone) AND (o_orderdate < '1995-01-01 00:00:00'::timestamp without time zone))", "Rows Removed by Filter": 2542535}]}, {"Node Type": "Index Scan", "Parent Relationship": "Inner", "Scan Direction": "Forward", "Index Name": "idx_lineitem_orderkey", "Relation Name": "lineitem", "Alias": "lineitem", "Startup Cost": 0.0, "Total Cost": 3.05, "Plan Rows": 9, "Plan Width": 32, "Actual Startup Time": 4476.213, "Actual Total Time": 5471.257, "Actual Rows": 1815222, "Actual Loops": 454183, "Index Cond": "(l_orderkey = orders.o_orderkey)", "Rows Removed by Index Recheck": 0}]}, {"Node Type": "Hash", "Parent Relationship": "Inner", "Startup Cost": 3283.0, "Total Cost": 3283.0, "Plan Rows": 100000, "Plan Width": 12, "Actual Startup Time": 67.502, "Actual Total Time": 67.502, "Actual Rows": 100000, "Actual Loops": 1, "Hash Buckets": 131072, "Hash Batches": 1, "Original Hash Batches": 1, "Peak Memory Usage": 4297, "Plans": [{"Node Type": "Seq Scan", "Parent Relationship": "Outer", "Relation Name": "supplier", "Alias": "supplier", "Startup Cost": 0.0, "Total Cost": 3283.0, "Plan Rows": 100000, "Plan Width": 12, "Actual Startup Time": 0.016, "Actual Total Time": 36.834, "Actual Rows": 100000, "Actual Loops": 1}]}]}]}]}, "Triggers": [], "Planner Runtime": 6.448, "Total Runtime": 17048.367, "Unique SQL Id": 1392561963}}, "(1, 109)": {"explain_plan": {"Plan": {"Node Type": "Sort", "Startup Cost": 1727137.31, "Total Cost": 1727137.37, "Plan Rows": 25, "Plan Width": 42, "Sort Key": ["(sum((lineitem.l_extendedprice * (1::double precision - lineitem.l_discount)))) DESC"], "Plans": [{"Node Type": "Aggregate", "Strategy": "Hashed", "Parent Relationship": "Outer", "Startup Cost": 1727136.48, "Total Cost": 1727136.73, "Plan Rows": 25, "Plan Width": 42, "Group By Key": ["nation.n_name"], "Plans": [{"Node Type": "Hash Join", "Parent Relationship": "Outer", "Join Type": "Inner", "Startup Cost": 6834.54, "Total Cost": 1727042.58, "Plan Rows": 9390, "Plan Width": 42, "Inner Unique": true, "Hash Cond": "((lineitem.l_suppkey = supplier.s_suppkey) AND (customer.c_nationkey = supplier.s_nationkey))", "Plans": [{"Node Type": "Nested Loop", "Parent Relationship": "Outer", "Join Type": "Inner", "Startup Cost": 0.0, "Total Cost": 1692447.02, "Plan Rows": 3688948, "Plan Width": 58, "Inner Unique": false, "Plans": [{"Node Type": "Nested Loop", "Parent Relationship": "Outer", "Join Type": "Inner", "Startup Cost": 0.0, "Total Cost": 416652.61, "Plan Rows": 406290, "Plan Width": 42, "Inner Unique": false, "Plans": [{"Node Type": "Nested Loop", "Parent Relationship": "Outer", "Join Type": "Inner", "Startup Cost": 0.0, "Total Cost": 41543.81, "Plan Rows": 300000, "Plan Width": 42, "Inner Unique": false, "Plans": [{"Node Type": "Nested Loop", "Parent Relationship": "Outer", "Join Type": "Inner", "Startup Cost": 0.0, "Total Cost": 31.69, "Plan Rows": 5, "Plan Width": 30, "Inner Unique": true, "Plans": [{"Node Type": "Index Scan", "Parent Relationship": "Outer", "Scan Direction": "Forward", "Index Name": "nation_pkey", "Relation Name": "nation", "Alias": "nation", "Startup Cost": 0.0, "Total Cost": 12.62, "Plan Rows": 25, "Plan Width": 34}, {"Node Type": "Index Scan", "Parent Relationship": "Inner", "Scan Direction": "Forward", "Index Name": "region_pkey", "Relation Name": "region", "Alias": "region", "Startup Cost": 0.0, "Total Cost": 0.75, "Plan Rows": 1, "Plan Width": 4, "Index Cond": "(r_regionkey = nation.n_regionkey)", "Filter": "(r_name = 'MIDDLE EAST'::bpchar)"}]}, {"Node Type": "Index Scan", "Parent Relationship": "Inner", "Scan Direction": "Forward", "Index Name": "idx_customer_nationkey", "Relation Name": "customer", "Alias": "customer", "Startup Cost": 0.0, "Total Cost": 7702.43, "Plan Rows": 60000, "Plan Width": 12, "Index Cond": "(c_nationkey = nation.n_nationkey)"}]}, {"Node Type": "Index Scan", "Parent Relationship": "Inner", "Scan Direction": "Forward", "Index Name": "idx_orders_custkey", "Relation Name": "orders", "Alias": "orders", "Startup Cost": 0.0, "Total Cost": 1.24, "Plan Rows": 1, "Plan Width": 16, "Index Cond": "(o_custkey = customer.c_custkey)", "Filter": "((o_orderdate >= '1994-01-01 00:00:00'::timestamp(0) without time zone) AND (o_orderdate < '1995-01-01 00:00:00'::timestamp without time zone))"}]}, {"Node Type": "Index Scan", "Parent Relationship": "Inner", "Scan Direction": "Forward", "Index Name": "idx_lineitem_orderkey", "Relation Name": "lineitem", "Alias": "lineitem", "Startup Cost": 0.0, "Total Cost": 3.05, "Plan Rows": 9, "Plan Width": 32, "Index Cond": "(l_orderkey = orders.o_orderkey)"}]}, {"Node Type": "Hash", "Parent Relationship": "Inner", "Startup Cost": 5334.54, "Total Cost": 5334.54, "Plan Rows": 100000, "Plan Width": 12, "Plans": [{"Node Type": "Index Scan", "Parent Relationship": "Outer", "Scan Direction": "Forward", "Index Name": "supplier_pkey", "Relation Name": "supplier", "Alias": "supplier", "Startup Cost": 0.0, "Total Cost": 5334.54, "Plan Rows": 100000, "Plan Width": 12}]}]}]}]}, "Unique SQL Id": 1392561963}, "explain_analyze_plan": {"Plan": {"Node Type": "Sort", "Startup Cost": 1727137.31, "Total Cost": 1727137.37, "Plan Rows": 25, "Plan Width": 42, "Actual Startup Time": 16125.544, "Actual Total Time": 16125.544, "Actual Rows": 5, "Actual Loops": 1, "Sort Key": ["(sum((lineitem.l_extendedprice * (1::double precision - lineitem.l_discount)))) DESC"], "Sort Method": "quicksort", "Sort Space Used": 25, "Sort Space Type": "Memory", "Plans": [{"Node Type": "Aggregate", "Strategy": "Hashed", "Parent Relationship": "Outer", "Startup Cost": 1727136.48, "Total Cost": 1727136.73, "Plan Rows": 25, "Plan Width": 42, "Actual Startup Time": 16125.517, "Actual Total Time": 16125.52, "Actual Rows": 5, "Actual Loops": 1, "Group By Key": ["nation.n_name"], "Plans": [{"Node Type": "Hash Join", "Parent Relationship": "Outer", "Join Type": "Inner", "Startup Cost": 6834.54, "Total Cost": 1727042.58, "Plan Rows": 9390, "Plan Width": 42, "Actual Startup Time": 94.67, "Actual Total Time": 16046.461, "Actual Rows": 72985, "Actual Loops": 1, "Inner Unique": true, "Hash Cond": "((lineitem.l_suppkey = supplier.s_suppkey) AND (customer.c_nationkey = supplier.s_nationkey))", "Plans": [{"Node Type": "Nested Loop", "Parent Relationship": "Outer", "Join Type": "Inner", "Startup Cost": 0.0, "Total Cost": 1692447.02, "Plan Rows": 3688948, "Plan Width": 58, "Actual Startup Time": 0.152, "Actual Total Time": 15146.214, "Actual Rows": 1815222, "Actual Loops": 1, "Inner Unique": false, "Plans": [{"Node Type": "Nested Loop", "Parent Relationship": "Outer", "Join Type": "Inner", "Startup Cost": 0.0, "Total Cost": 416652.61, "Plan Rows": 406290, "Plan Width": 42, "Actual Startup Time": 0.133, "Actual Total Time": 9344.761, "Actual Rows": 454183, "Actual Loops": 1, "Inner Unique": false, "Plans": [{"Node Type": "Nested Loop", "Parent Relationship": "Outer", "Join Type": "Inner", "Startup Cost": 0.0, "Total Cost": 41543.81, "Plan Rows": 300000, "Plan Width": 42, "Actual Startup Time": 0.078, "Actual Total Time": 515.783, "Actual Rows": 299838, "Actual Loops": 1, "Inner Unique": false, "Plans": [{"Node Type": "Nested Loop", "Parent Relationship": "Outer", "Join Type": "Inner", "Startup Cost": 0.0, "Total Cost": 31.69, "Plan Rows": 5, "Plan Width": 30, "Actual Startup Time": 0.047, "Actual Total Time": 0.17, "Actual Rows": 5, "Actual Loops": 1, "Inner Unique": true, "Plans": [{"Node Type": "Index Scan", "Parent Relationship": "Outer", "Scan Direction": "Forward", "Index Name": "nation_pkey", "Relation Name": "nation", "Alias": "nation", "Startup Cost": 0.0, "Total Cost": 12.62, "Plan Rows": 25, "Plan Width": 34, "Actual Startup Time": 0.013, "Actual Total Time": 0.04, "Actual Rows": 25, "Actual Loops": 1}, {"Node Type": "Index Scan", "Parent Relationship": "Inner", "Scan Direction": "Forward", "Index Name": "region_pkey", "Relation Name": "region", "Alias": "region", "Startup Cost": 0.0, "Total Cost": 0.75, "Plan Rows": 1, "Plan Width": 4, "Actual Startup Time": 0.091, "Actual Total Time": 0.091, "Actual Rows": 5, "Actual Loops": 25, "Index Cond": "(r_regionkey = nation.n_regionkey)", "Rows Removed by Index Recheck": 0, "Filter": "(r_name = 'MIDDLE EAST'::bpchar)", "Rows Removed by Filter": 20}]}, {"Node Type": "Index Scan", "Parent Relationship": "Inner", "Scan Direction": "Forward", "Index Name": "idx_customer_nationkey", "Relation Name": "customer", "Alias": "customer", "Startup Cost": 0.0, "Total Cost": 7702.43, "Plan Rows": 60000, "Plan Width": 12, "Actual Startup Time": 0.14, "Actual Total Time": 434.542, "Actual Rows": 299838, "Actual Loops": 5, "Index Cond": "(c_nationkey = nation.n_nationkey)", "Rows Removed by Index Recheck": 0}]}, {"Node Type": "Index Scan", "Parent Relationship": "Inner", "Scan Direction": "Forward", "Index Name": "idx_orders_custkey", "Relation Name": "orders", "Alias": "orders", "Startup Cost": 0.0, "Total Cost": 1.24, "Plan Rows": 1, "Plan Width": 16, "Actual Startup Time": 4053.248, "Actual Total Time": 8569.655, "Actual Rows": 454183, "Actual Loops": 299838, "Index Cond": "(o_custkey = customer.c_custkey)", "Rows Removed by Index Recheck": 0, "Filter": "((o_orderdate >= '1994-01-01 00:00:00'::timestamp(0) without time zone) AND (o_orderdate < '1995-01-01 00:00:00'::timestamp without time zone))", "Rows Removed by Filter": 2542535}]}, {"Node Type": "Index Scan", "Parent Relationship": "Inner", "Scan Direction": "Forward", "Index Name": "idx_lineitem_orderkey", "Relation Name": "lineitem", "Alias": "lineitem", "Startup Cost": 0.0, "Total Cost": 3.05, "Plan Rows": 9, "Plan Width": 32, "Actual Startup Time": 4207.697, "Actual Total Time": 5157.911, "Actual Rows": 1815222, "Actual Loops": 454183, "Index Cond": "(l_orderkey = orders.o_orderkey)", "Rows Removed by Index Recheck": 0}]}, {"Node Type": "Hash", "Parent Relationship": "Inner", "Startup Cost": 5334.54, "Total Cost": 5334.54, "Plan Rows": 100000, "Plan Width": 12, "Actual Startup Time": 94.293, "Actual Total Time": 94.293, "Actual Rows": 100000, "Actual Loops": 1, "Hash Buckets": 131072, "Hash Batches": 1, "Original Hash Batches": 1, "Peak Memory Usage": 4297, "Plans": [{"Node Type": "Index Scan", "Parent Relationship": "Outer", "Scan Direction": "Forward", "Index Name": "supplier_pkey", "Relation Name": "supplier", "Alias": "supplier", "Startup Cost": 0.0, "Total Cost": 5334.54, "Plan Rows": 100000, "Plan Width": 12, "Actual Startup Time": 0.02, "Actual Total Time": 61.359, "Actual Rows": 100000, "Actual Loops": 1}]}]}]}]}, "Triggers": [], "Planner Runtime": 6.29, "Total Runtime": 16125.838, "Unique SQL Id": 1392561963}}, "(1, 110)": {"explain_plan": {"Plan": {"Node Type": "Sort", "Startup Cost": 2891580.15, "Total Cost": 2891580.22, "Plan Rows": 25, "Plan Width": 42, "Sort Key": ["(sum((lineitem.l_extendedprice * (1::double precision - lineitem.l_discount)))) DESC"], "Plans": [{"Node Type": "Aggregate", "Strategy": "Hashed", "Parent Relationship": "Outer", "Startup Cost": 2891579.32, "Total Cost": 2891579.57, "Plan Rows": 25, "Plan Width": 42, "Group By Key": ["nation.n_name"], "Plans": [{"Node Type": "Hash Join", "Parent Relationship": "Outer", "Join Type": "Inner", "Startup Cost": 586755.18, "Total Cost": 2891485.42, "Plan Rows": 9390, "Plan Width": 42, "Inner Unique": true, "Hash Cond": "((lineitem.l_suppkey = supplier.s_suppkey) AND (customer.c_nationkey = supplier.s_nationkey))", "Plans": [{"Node Type": "Hash Join", "Parent Relationship": "Outer", "Join Type": "Inner", "Startup Cost": 581972.18, "Total Cost": 2858928.33, "Plan Rows": 3688948, "Plan Width": 58, "Inner Unique": false, "Hash Cond": "(lineitem.l_orderkey = orders.o_orderkey), (LLVM Optimized)", "Plans": [{"Node Type": "Seq Scan", "Parent Relationship": "Outer", "Relation Name": "lineitem", "Alias": "lineitem", "Startup Cost": 0.0, "Total Cost": 2015115.33, "Plan Rows": 59987033, "Plan Width": 32}, {"Node Type": "Hash", "Parent Relationship": "Inner", "Startup Cost": 576893.55, "Total Cost": 576893.55, "Plan Rows": 406290, "Plan Width": 42, "Plans": [{"Node Type": "Hash Join", "Parent Relationship": "Outer", "Join Type": "Inner", "Startup Cost": 63305.42, "Total Cost": 576893.55, "Plan Rows": 406290, "Plan Width": 42, "Inner Unique": false, "Hash Cond": "(orders.o_custkey = customer.c_custkey), (LLVM Optimized)", "Plans": [{"Node Type": "Seq Scan", "Parent Relationship": "Outer", "Relation Name": "orders", "Alias": "orders", "Startup Cost": 442.55, "Total Cost": 501411.18, "Plan Rows": 2281758, "Plan Width": 16, "Filter": "((o_orderdate >= '1994-01-01 00:00:00'::timestamp(0) without time zone) AND (o_orderdate < '1995-01-01 00:00:00'::timestamp without time zone)), (LLVM Optimized)"}, {"Node Type": "Hash", "Parent Relationship": "Inner", "Startup Cost": 59112.88, "Total Cost": 59112.88, "Plan Rows": 300000, "Plan Width": 42, "Plans": [{"Node Type": "Hash Join", "Parent Relationship": "Outer", "Join Type": "Inner", "Startup Cost": 2.5, "Total Cost": 59112.88, "Plan Rows": 300000, "Plan Width": 42, "Inner Unique": false, "Hash Cond": "(customer.c_nationkey = nation.n_nationkey), (LLVM Optimized)", "Plans": [{"Node Type": "Seq Scan", "Parent Relationship": "Outer", "Relation Name": "customer", "Alias": "customer", "Startup Cost": 0.0, "Total Cost": 52126.0, "Plan Rows": 1500000, "Plan Width": 12}, {"Node Type": "Hash", "Parent Relationship": "Inner", "Startup Cost": 2.44, "Total Cost": 2.44, "Plan Rows": 5, "Plan Width": 30, "Plans": [{"Node Type": "Hash Join", "Parent Relationship": "Outer", "Join Type": "Inner", "Startup Cost": 1.07, "Total Cost": 2.44, "Plan Rows": 5, "Plan Width": 30, "Inner Unique": true, "Hash Cond": "(nation.n_regionkey = region.r_regionkey)", "Plans": [{"Node Type": "Seq Scan", "Parent Relationship": "Outer", "Relation Name": "nation", "Alias": "nation", "Startup Cost": 0.0, "Total Cost": 1.25, "Plan Rows": 25, "Plan Width": 34}, {"Node Type": "Hash", "Parent Relationship": "Inner", "Startup Cost": 1.06, "Total Cost": 1.06, "Plan Rows": 1, "Plan Width": 4, "Plans": [{"Node Type": "Seq Scan", "Parent Relationship": "Outer", "Relation Name": "region", "Alias": "region", "Startup Cost": 0.0, "Total Cost": 1.06, "Plan Rows": 1, "Plan Width": 4, "Filter": "(r_name = 'MIDDLE EAST'::bpchar)"}]}]}]}]}]}]}]}]}, {"Node Type": "Hash", "Parent Relationship": "Inner", "Startup Cost": 3283.0, "Total Cost": 3283.0, "Plan Rows": 100000, "Plan Width": 12, "Plans": [{"Node Type": "Seq Scan", "Parent Relationship": "Outer", "Relation Name": "supplier", "Alias": "supplier", "Startup Cost": 0.0, "Total Cost": 3283.0, "Plan Rows": 100000, "Plan Width": 12}]}]}]}]}, "Unique SQL Id": 1392561963}, "explain_analyze_plan": null}, "(1, 111)": {"explain_plan": {"Plan": {"Node Type": "Sort", "Startup Cost": 6000413609248.85, "Total Cost": 6000413609248.91, "Plan Rows": 25, "Plan Width": 42, "Sort Key": ["(sum((lineitem.l_extendedprice * (1::double precision - lineitem.l_discount)))) DESC"], "Plans": [{"Node Type": "Aggregate", "Strategy": "Hashed", "Parent Relationship": "Outer", "Startup Cost": 6000413609248.02, "Total Cost": 6000413609248.27, "Plan Rows": 25, "Plan Width": 42, "Group By Key": ["nation.n_name"], "Plans": [{"Node Type": "Hash Join", "Parent Relationship": "Outer", "Join Type": "Inner", "Startup Cost": 4020413586068.45, "Total Cost": 6000413609154.12, "Plan Rows": 9390, "Plan Width": 42, "Inner Unique": true, "Hash Cond": "((orders.o_custkey = customer.c_custkey) AND (supplier.s_nationkey = customer.c_nationkey))", "Plans": [{"Node Type": "Hash Join", "Parent Relationship": "Outer", "Join Type": "Inner", "Startup Cost": 3020405487032.83, "Total Cost": 5000405508035.29, "Plan Rows": 263699, "Plan Width": 58, "Inner Unique": true, "Hash Cond": "(lineitem.l_orderkey = orders.o_orderkey), (LLVM Optimized)", "Plans": [{"Node Type": "Hash Join", "Parent Relationship": "Outer", "Join Type": "Inner", "Startup Cost": 2020324860927.85, "Total Cost": 4000324870836.25, "Plan Rows": 763534, "Plan Width": 58, "Inner Unique": false, "Hash Cond": "(nation.n_nationkey = supplier.s_nationkey), (LLVM Optimized)", "Plans": [{"Node Type": "Nested Loop", "Parent Relationship": "Outer", "Join Type": "Inner", "Startup Cost": 20000000000.0, "Total Cost": 2000000002068.8, "Plan Rows": 5, "Plan Width": 30, "Inner Unique": false, "Plans": [{"Node Type": "Index Scan", "Parent Relationship": "Outer", "Scan Direction": "Forward", "Index Name": "region_pkey", "Relation Name": "region", "Alias": "region", "Startup Cost": 10000000000.0, "Total Cost": 1000000001233.75, "Plan Rows": 1, "Plan Width": 4, "Filter": "(r_name = 'MIDDLE EAST'::bpchar)"}, {"Node Type": "Index Scan", "Parent Relationship": "Inner", "Scan Direction": "Forward", "Index Name": "idx_nation_regionkey", "Relation Name": "nation", "Alias": "nation", "Startup Cost": 10000000000.0, "Total Cost": 1000000000835.0, "Plan Rows": 5, "Plan Width": 34, "Index Cond": "(n_regionkey = region.r_regionkey)"}]}, {"Node Type": "Hash", "Parent Relationship": "Inner", "Startup Cost": 2000324813206.96, "Total Cost": 2000324813206.96, "Plan Rows": 3817671, "Plan Width": 28, "Plans": [{"Node Type": "Hash Join", "Parent Relationship": "Outer", "Join Type": "Inner", "Startup Cost": 1010000534704.38, "Total Cost": 2000324813206.96, "Plan Rows": 3817671, "Plan Width": 28, "Inner Unique": true, "Hash Cond": "(lineitem.l_suppkey = supplier.s_suppkey), (LLVM Optimized)", "Plans": [{"Node Type": "Index Scan", "Parent Relationship": "Outer", "Scan Direction": "Forward", "Index Name": "idx_lineitem_orderkey", "Relation Name": "lineitem", "Alias": "lineitem", "Startup Cost": 10000000000.0, "Total Cost": 1000324015374.5, "Plan Rows": 59987033, "Plan Width": 32}, {"Node Type": "Hash", "Parent Relationship": "Inner", "Startup Cost": 1000000533454.38, "Total Cost": 1000000533454.38, "Plan Rows": 100000, "Plan Width": 12, "Plans": [{"Node Type": "Index Scan", "Parent Relationship": "Outer", "Scan Direction": "Forward", "Index Name": "supplier_pkey", "Relation Name": "supplier", "Alias": "supplier", "Startup Cost": 10000000000.0, "Total Cost": 1000000533454.38, "Plan Rows": 100000, "Plan Width": 12}]}]}]}]}, {"Node Type": "Hash", "Parent Relationship": "Inner", "Startup Cost": 1000080597583.0, "Total Cost": 1000080597583.0, "Plan Rows": 2281758, "Plan Width": 16, "Plans": [{"Node Type": "Index Scan", "Parent Relationship": "Outer", "Scan Direction": "Forward", "Index Name": "orders_pkey", "Relation Name": "orders", "Alias": "orders", "Startup Cost": 10000000000.0, "Total Cost": 1000080597583.0, "Plan Rows": 2281758, "Plan Width": 16, "Filter": "((o_orderdate >= '1994-01-01 00:00:00'::timestamp(0) without time zone) AND (o_orderdate < '1995-01-01 00:00:00'::timestamp without time zone)), (LLVM Optimized)"}]}]}, {"Node Type": "Hash", "Parent Relationship": "Inner", "Startup Cost": 1000008076535.62, "Total Cost": 1000008076535.62, "Plan Rows": 1500000, "Plan Width": 12, "Plans": [{"Node Type": "Index Scan", "Parent Relationship": "Outer", "Scan Direction": "Forward", "Index Name": "customer_pkey", "Relation Name": "customer", "Alias": "customer", "Startup Cost": 10000000000.0, "Total Cost": 1000008076535.62, "Plan Rows": 1500000, "Plan Width": 12}]}]}]}]}, "Unique SQL Id": 1392561963}, "explain_analyze_plan": null}, "(1, 112)": {"explain_plan": {"Plan": {"Node Type": "Sort", "Startup Cost": 2730959.0, "Total Cost": 2730959.06, "Plan Rows": 25, "Plan Width": 42, "Sort Key": ["(sum((lineitem.l_extendedprice * (1::double precision - lineitem.l_discount)))) DESC"], "Plans": [{"Node Type": "Aggregate", "Strategy": "Hashed", "Parent Relationship": "Outer", "Startup Cost": 2730958.17, "Total Cost": 2730958.42, "Plan Rows": 25, "Plan Width": 42, "Group By Key": ["nation.n_name"], "Plans": [{"Node Type": "Nested Loop", "Parent Relationship": "Outer", "Join Type": "Inner", "Startup Cost": 1030.37, "Total Cost": 2730864.27, "Plan Rows": 9390, "Plan Width": 42, "Inner Unique": true, "Join Filter": "(customer.c_nationkey = supplier.s_nationkey)", "Plans": [{"Node Type": "Nested Loop", "Parent Relationship": "Outer", "Join Type": "Inner", "Startup Cost": 1030.37, "Total Cost": 1688079.68, "Plan Rows": 3688948, "Plan Width": 58, "Inner Unique": false, "Plans": [{"Node Type": "Nested Loop", "Parent Relationship": "Outer", "Join Type": "Inner", "Startup Cost": 1030.37, "Total Cost": 412285.27, "Plan Rows": 406290, "Plan Width": 42, "Inner Unique": false, "Plans": [{"Node Type": "Nested Loop", "Parent Relationship": "Outer", "Join Type": "Inner", "Startup Cost": 1030.37, "Total Cost": 37176.47, "Plan Rows": 300000, "Plan Width": 42, "Inner Unique": false, "Plans": [{"Node Type": "Nested Loop", "Parent Relationship": "Outer", "Join Type": "Inner", "Startup Cost": 0.0, "Total Cost": 14.06, "Plan Rows": 5, "Plan Width": 30, "Inner Unique": true, "Join Filter": "(nation.n_regionkey = region.r_regionkey)", "Plans": [{"Node Type": "Index Scan", "Parent Relationship": "Outer", "Scan Direction": "Forward", "Index Name": "nation_pkey", "Relation Name": "nation", "Alias": "nation", "Startup Cost": 0.0, "Total Cost": 12.62, "Plan Rows": 25, "Plan Width": 34}, {"Node Type": "Materialize", "Parent Relationship": "Inner", "Startup Cost": 0.0, "Total Cost": 1.07, "Plan Rows": 1, "Plan Width": 4, "Plans": [{"Node Type": "Seq Scan", "Parent Relationship": "Outer", "Relation Name": "region", "Alias": "region", "Startup Cost": 0.0, "Total Cost": 1.06, "Plan Rows": 1, "Plan Width": 4, "Filter": "(r_name = 'MIDDLE EAST'::bpchar)"}]}]}, {"Node Type": "Bitmap Heap Scan", "Parent Relationship": "Inner", "Relation Name": "customer", "Alias": "customer", "Startup Cost": 1030.37, "Total Cost": 6832.48, "Plan Rows": 60000, "Plan Width": 12, "Recheck Cond": "(c_nationkey = nation.n_nationkey)", "Plans": [{"Node Type": "Bitmap Index Scan", "Parent Relationship": "Outer", "Index Name": "idx_customer_nationkey", "Startup Cost": 0.0, "Total Cost": 1015.37, "Plan Rows": 60000, "Plan Width": 0, "Index Cond": "(c_nationkey = nation.n_nationkey)"}]}]}, {"Node Type": "Index Scan", "Parent Relationship": "Inner", "Scan Direction": "Forward", "Index Name": "idx_orders_custkey", "Relation Name": "orders", "Alias": "orders", "Startup Cost": 0.0, "Total Cost": 1.24, "Plan Rows": 1, "Plan Width": 16, "Index Cond": "(o_custkey = customer.c_custkey)", "Filter": "((o_orderdate >= '1994-01-01 00:00:00'::timestamp(0) without time zone) AND (o_orderdate < '1995-01-01 00:00:00'::timestamp without time zone))"}]}, {"Node Type": "Index Scan", "Parent Relationship": "Inner", "Scan Direction": "Forward", "Index Name": "idx_lineitem_orderkey", "Relation Name": "lineitem", "Alias": "lineitem", "Startup Cost": 0.0, "Total Cost": 3.05, "Plan Rows": 9, "Plan Width": 32, "Index Cond": "(l_orderkey = orders.o_orderkey)"}]}, {"Node Type": "Index Scan", "Parent Relationship": "Inner", "Scan Direction": "Forward", "Index Name": "supplier_pkey", "Relation Name": "supplier", "Alias": "supplier", "Startup Cost": 0.0, "Total Cost": 0.27, "Plan Rows": 1, "Plan Width": 12, "Index Cond": "(s_suppkey = lineitem.l_suppkey)"}]}]}]}, "Unique SQL Id": 1392561963}, "explain_analyze_plan": {"Plan": {"Node Type": "Sort", "Startup Cost": 2730959.0, "Total Cost": 2730959.06, "Plan Rows": 25, "Plan Width": 42, "Actual Startup Time": 25382.26, "Actual Total Time": 25382.26, "Actual Rows": 5, "Actual Loops": 1, "Sort Key": ["(sum((lineitem.l_extendedprice * (1::double precision - lineitem.l_discount)))) DESC"], "Sort Method": "quicksort", "Sort Space Used": 25, "Sort Space Type": "Memory", "Plans": [{"Node Type": "Aggregate", "Strategy": "Hashed", "Parent Relationship": "Outer", "Startup Cost": 2730958.17, "Total Cost": 2730958.42, "Plan Rows": 25, "Plan Width": 42, "Actual Startup Time": 25382.223, "Actual Total Time": 25382.226, "Actual Rows": 5, "Actual Loops": 1, "Group By Key": ["nation.n_name"], "Plans": [{"Node Type": "Nested Loop", "Parent Relationship": "Outer", "Join Type": "Inner", "Startup Cost": 1030.37, "Total Cost": 2730864.27, "Plan Rows": 9390, "Plan Width": 42, "Actual Startup Time": 19.381, "Actual Total Time": 25280.573, "Actual Rows": 72985, "Actual Loops": 1, "Inner Unique": true, "Join Filter": "(customer.c_nationkey = supplier.s_nationkey)", "Rows Removed by Join Filter": 1742237, "Plans": [{"Node Type": "Nested Loop", "Parent Relationship": "Outer", "Join Type": "Inner", "Startup Cost": 1030.37, "Total Cost": 1688079.68, "Plan Rows": 3688948, "Plan Width": 58, "Actual Startup Time": 19.258, "Actual Total Time": 15933.697, "Actual Rows": 1815222, "Actual Loops": 1, "Inner Unique": false, "Plans": [{"Node Type": "Nested Loop", "Parent Relationship": "Outer", "Join Type": "Inner", "Startup Cost": 1030.37, "Total Cost": 412285.27, "Plan Rows": 406290, "Plan Width": 42, "Actual Startup Time": 19.24, "Actual Total Time": 9834.243, "Actual Rows": 454183, "Actual Loops": 1, "Inner Unique": false, "Plans": [{"Node Type": "Nested Loop", "Parent Relationship": "Outer", "Join Type": "Inner", "Startup Cost": 1030.37, "Total Cost": 37176.47, "Plan Rows": 300000, "Plan Width": 42, "Actual Startup Time": 19.153, "Actual Total Time": 679.909, "Actual Rows": 299838, "Actual Loops": 1, "Inner Unique": false, "Plans": [{"Node Type": "Nested Loop", "Parent Relationship": "Outer", "Join Type": "Inner", "Startup Cost": 0.0, "Total Cost": 14.06, "Plan Rows": 5, "Plan Width": 30, "Actual Startup Time": 0.064, "Actual Total Time": 0.167, "Actual Rows": 5, "Actual Loops": 1, "Inner Unique": true, "Join Filter": "(nation.n_regionkey = region.r_regionkey)", "Rows Removed by Join Filter": 20, "Plans": [{"Node Type": "Index Scan", "Parent Relationship": "Outer", "Scan Direction": "Forward", "Index Name": "nation_pkey", "Relation Name": "nation", "Alias": "nation", "Startup Cost": 0.0, "Total Cost": 12.62, "Plan Rows": 25, "Plan Width": 34, "Actual Startup Time": 0.024, "Actual Total Time": 0.071, "Actual Rows": 25, "Actual Loops": 1}, {"Node Type": "Materialize", "Parent Relationship": "Inner", "Startup Cost": 0.0, "Total Cost": 1.07, "Plan Rows": 1, "Plan Width": 4, "Actual Startup Time": 0.037, "Actual Total Time": 0.041, "Actual Rows": 25, "Actual Loops": 25, "Plans": [{"Node Type": "Seq Scan", "Parent Relationship": "Outer", "Relation Name": "region", "Alias": "region", "Startup Cost": 0.0, "Total Cost": 1.06, "Plan Rows": 1, "Plan Width": 4, "Actual Startup Time": 0.021, "Actual Total Time": 0.023, "Actual Rows": 1, "Actual Loops": 1, "Filter": "(r_name = 'MIDDLE EAST'::bpchar)", "Rows Removed by Filter": 4}]}]}, {"Node Type": "Bitmap Heap Scan", "Parent Relationship": "Inner", "Relation Name": "customer", "Alias": "customer", "Startup Cost": 1030.37, "Total Cost": 6832.48, "Plan Rows": 60000, "Plan Width": 12, "Actual Startup Time": 91.927, "Actual Total Time": 600.123, "Actual Rows": 299838, "Actual Loops": 5, "Recheck Cond": "(c_nationkey = nation.n_nationkey)", "Rows Removed by Index Recheck": 0, "Exact Heap Blocks": 150033, "Lossy Heap Blocks": 150033, "Plans": [{"Node Type": "Bitmap Index Scan", "Parent Relationship": "Outer", "Index Name": "idx_customer_nationkey", "Startup Cost": 0.0, "Total Cost": 1015.37, "Plan Rows": 60000, "Plan Width": 0, "Actual Startup Time": 58.747, "Actual Total Time": 58.747, "Actual Rows": 299838, "Actual Loops": 5, "Index Cond": "(c_nationkey = nation.n_nationkey)"}]}]}, {"Node Type": "Index Scan", "Parent Relationship": "Inner", "Scan Direction": "Forward", "Index Name": "idx_orders_custkey", "Relation Name": "orders", "Alias": "orders", "Startup Cost": 0.0, "Total Cost": 1.24, "Plan Rows": 1, "Plan Width": 16, "Actual Startup Time": 4185.486, "Actual Total Time": 8881.136, "Actual Rows": 454183, "Actual Loops": 299838, "Index Cond": "(o_custkey = customer.c_custkey)", "Rows Removed by Index Recheck": 0, "Filter": "((o_orderdate >= '1994-01-01 00:00:00'::timestamp(0) without time zone) AND (o_orderdate < '1995-01-01 00:00:00'::timestamp without time zone))", "Rows Removed by Filter": 2542535}]}, {"Node Type": "Index Scan", "Parent Relationship": "Inner", "Scan Direction": "Forward", "Index Name": "idx_lineitem_orderkey", "Relation Name": "lineitem", "Alias": "lineitem", "Startup Cost": 0.0, "Total Cost": 3.05, "Plan Rows": 9, "Plan Width": 32, "Actual Startup Time": 4462.905, "Actual Total Time": 5426.914, "Actual Rows": 1815222, "Actual Loops": 454183, "Index Cond": "(l_orderkey = orders.o_orderkey)", "Rows Removed by Index Recheck": 0}]}, {"Node Type": "Index Scan", "Parent Relationship": "Inner", "Scan Direction": "Forward", "Index Name": "supplier_pkey", "Relation Name": "supplier", "Alias": "supplier", "Startup Cost": 0.0, "Total Cost": 0.27, "Plan Rows": 1, "Plan Width": 12, "Actual Startup Time": 7321.055, "Actual Total Time": 7926.387, "Actual Rows": 1815222, "Actual Loops": 1815222, "Index Cond": "(s_suppkey = lineitem.l_suppkey)", "Rows Removed by Index Recheck": 0}]}]}]}, "Triggers": [], "Planner Runtime": 2.057, "Total Runtime": 25382.7, "Unique SQL Id": 1392561963}}, "(1, 113)": {"explain_plan": {"Plan": {"Node Type": "Sort", "Startup Cost": 2730970.27, "Total Cost": 2730970.34, "Plan Rows": 25, "Plan Width": 42, "Sort Key": ["(sum((lineitem.l_extendedprice * (1::double precision - lineitem.l_discount)))) DESC"], "Plans": [{"Node Type": "Aggregate", "Strategy": "Hashed", "Parent Relationship": "Outer", "Startup Cost": 2730969.44, "Total Cost": 2730969.69, "Plan Rows": 25, "Plan Width": 42, "Group By Key": ["nation.n_name"], "Plans": [{"Node Type": "Nested Loop", "Parent Relationship": "Outer", "Join Type": "Inner", "Startup Cost": 1030.37, "Total Cost": 2730875.54, "Plan Rows": 9390, "Plan Width": 42, "Inner Unique": true, "Join Filter": "(customer.c_nationkey = supplier.s_nationkey)", "Plans": [{"Node Type": "Nested Loop", "Parent Relationship": "Outer", "Join Type": "Inner", "Startup Cost": 1030.37, "Total Cost": 1688090.96, "Plan Rows": 3688948, "Plan Width": 58, "Inner Unique": false, "Plans": [{"Node Type": "Nested Loop", "Parent Relationship": "Outer", "Join Type": "Inner", "Startup Cost": 1030.37, "Total Cost": 412296.55, "Plan Rows": 406290, "Plan Width": 42, "Inner Unique": false, "Plans": [{"Node Type": "Nested Loop", "Parent Relationship": "Outer", "Join Type": "Inner", "Startup Cost": 1030.37, "Total Cost": 37187.75, "Plan Rows": 300000, "Plan Width": 42, "Inner Unique": false, "Plans": [{"Node Type": "Nested Loop", "Parent Relationship": "Outer", "Join Type": "Inner", "Startup Cost": 0.0, "Total Cost": 25.34, "Plan Rows": 5, "Plan Width": 30, "Inner Unique": true, "Join Filter": "(nation.n_regionkey = region.r_regionkey)", "Plans": [{"Node Type": "Index Scan", "Parent Relationship": "Outer", "Scan Direction": "Forward", "Index Name": "nation_pkey", "Relation Name": "nation", "Alias": "nation", "Startup Cost": 0.0, "Total Cost": 12.62, "Plan Rows": 25, "Plan Width": 34}, {"Node Type": "Materialize", "Parent Relationship": "Inner", "Startup Cost": 0.0, "Total Cost": 12.34, "Plan Rows": 1, "Plan Width": 4, "Plans": [{"Node Type": "Index Scan", "Parent Relationship": "Outer", "Scan Direction": "Forward", "Index Name": "region_pkey", "Relation Name": "region", "Alias": "region", "Startup Cost": 0.0, "Total Cost": 12.34, "Plan Rows": 1, "Plan Width": 4, "Filter": "(r_name = 'MIDDLE EAST'::bpchar)"}]}]}, {"Node Type": "Bitmap Heap Scan", "Parent Relationship": "Inner", "Relation Name": "customer", "Alias": "customer", "Startup Cost": 1030.37, "Total Cost": 6832.48, "Plan Rows": 60000, "Plan Width": 12, "Recheck Cond": "(c_nationkey = nation.n_nationkey)", "Plans": [{"Node Type": "Bitmap Index Scan", "Parent Relationship": "Outer", "Index Name": "idx_customer_nationkey", "Startup Cost": 0.0, "Total Cost": 1015.37, "Plan Rows": 60000, "Plan Width": 0, "Index Cond": "(c_nationkey = nation.n_nationkey)"}]}]}, {"Node Type": "Index Scan", "Parent Relationship": "Inner", "Scan Direction": "Forward", "Index Name": "idx_orders_custkey", "Relation Name": "orders", "Alias": "orders", "Startup Cost": 0.0, "Total Cost": 1.24, "Plan Rows": 1, "Plan Width": 16, "Index Cond": "(o_custkey = customer.c_custkey)", "Filter": "((o_orderdate >= '1994-01-01 00:00:00'::timestamp(0) without time zone) AND (o_orderdate < '1995-01-01 00:00:00'::timestamp without time zone))"}]}, {"Node Type": "Index Scan", "Parent Relationship": "Inner", "Scan Direction": "Forward", "Index Name": "idx_lineitem_orderkey", "Relation Name": "lineitem", "Alias": "lineitem", "Startup Cost": 0.0, "Total Cost": 3.05, "Plan Rows": 9, "Plan Width": 32, "Index Cond": "(l_orderkey = orders.o_orderkey)"}]}, {"Node Type": "Index Scan", "Parent Relationship": "Inner", "Scan Direction": "Forward", "Index Name": "supplier_pkey", "Relation Name": "supplier", "Alias": "supplier", "Startup Cost": 0.0, "Total Cost": 0.27, "Plan Rows": 1, "Plan Width": 12, "Index Cond": "(s_suppkey = lineitem.l_suppkey)"}]}]}]}, "Unique SQL Id": 1392561963}, "explain_analyze_plan": {"Plan": {"Node Type": "Sort", "Startup Cost": 2730970.27, "Total Cost": 2730970.34, "Plan Rows": 25, "Plan Width": 42, "Actual Startup Time": 25827.113, "Actual Total Time": 25827.115, "Actual Rows": 5, "Actual Loops": 1, "Sort Key": ["(sum((lineitem.l_extendedprice * (1::double precision - lineitem.l_discount)))) DESC"], "Sort Method": "quicksort", "Sort Space Used": 25, "Sort Space Type": "Memory", "Plans": [{"Node Type": "Aggregate", "Strategy": "Hashed", "Parent Relationship": "Outer", "Startup Cost": 2730969.44, "Total Cost": 2730969.69, "Plan Rows": 25, "Plan Width": 42, "Actual Startup Time": 25827.071, "Actual Total Time": 25827.072, "Actual Rows": 5, "Actual Loops": 1, "Group By Key": ["nation.n_name"], "Plans": [{"Node Type": "Nested Loop", "Parent Relationship": "Outer", "Join Type": "Inner", "Startup Cost": 1030.37, "Total Cost": 2730875.54, "Plan Rows": 9390, "Plan Width": 42, "Actual Startup Time": 17.933, "Actual Total Time": 25725.25, "Actual Rows": 72985, "Actual Loops": 1, "Inner Unique": true, "Join Filter": "(customer.c_nationkey = supplier.s_nationkey)", "Rows Removed by Join Filter": 1742237, "Plans": [{"Node Type": "Nested Loop", "Parent Relationship": "Outer", "Join Type": "Inner", "Startup Cost": 1030.37, "Total Cost": 1688090.96, "Plan Rows": 3688948, "Plan Width": 58, "Actual Startup Time": 17.803, "Actual Total Time": 16321.691, "Actual Rows": 1815222, "Actual Loops": 1, "Inner Unique": false, "Plans": [{"Node Type": "Nested Loop", "Parent Relationship": "Outer", "Join Type": "Inner", "Startup Cost": 1030.37, "Total Cost": 412296.55, "Plan Rows": 406290, "Plan Width": 42, "Actual Startup Time": 17.783, "Actual Total Time": 10082.104, "Actual Rows": 454183, "Actual Loops": 1, "Inner Unique": false, "Plans": [{"Node Type": "Nested Loop", "Parent Relationship": "Outer", "Join Type": "Inner", "Startup Cost": 1030.37, "Total Cost": 37187.75, "Plan Rows": 300000, "Plan Width": 42, "Actual Startup Time": 17.682, "Actual Total Time": 690.918, "Actual Rows": 299838, "Actual Loops": 1, "Inner Unique": false, "Plans": [{"Node Type": "Nested Loop", "Parent Relationship": "Outer", "Join Type": "Inner", "Startup Cost": 0.0, "Total Cost": 25.34, "Plan Rows": 5, "Plan Width": 30, "Actual Startup Time": 0.042, "Actual Total Time": 0.124, "Actual Rows": 5, "Actual Loops": 1, "Inner Unique": true, "Join Filter": "(nation.n_regionkey = region.r_regionkey)", "Rows Removed by Join Filter": 20, "Plans": [{"Node Type": "Index Scan", "Parent Relationship": "Outer", "Scan Direction": "Forward", "Index Name": "nation_pkey", "Relation Name": "nation", "Alias": "nation", "Startup Cost": 0.0, "Total Cost": 12.62, "Plan Rows": 25, "Plan Width": 34, "Actual Startup Time": 0.014, "Actual Total Time": 0.047, "Actual Rows": 25, "Actual Loops": 1}, {"Node Type": "Materialize", "Parent Relationship": "Inner", "Startup Cost": 0.0, "Total Cost": 12.34, "Plan Rows": 1, "Plan Width": 4, "Actual Startup Time": 0.028, "Actual Total Time": 0.031, "Actual Rows": 25, "Actual Loops": 25, "Plans": [{"Node Type": "Index Scan", "Parent Relationship": "Outer", "Scan Direction": "Forward", "Index Name": "region_pkey", "Relation Name": "region", "Alias": "region", "Startup Cost": 0.0, "Total Cost": 12.34, "Plan Rows": 1, "Plan Width": 4, "Actual Startup Time": 0.015, "Actual Total Time": 0.016, "Actual Rows": 1, "Actual Loops": 1, "Filter": "(r_name = 'MIDDLE EAST'::bpchar)", "Rows Removed by Filter": 4}]}]}, {"Node Type": "Bitmap Heap Scan", "Parent Relationship": "Inner", "Relation Name": "customer", "Alias": "customer", "Startup Cost": 1030.37, "Total Cost": 6832.48, "Plan Rows": 60000, "Plan Width": 12, "Actual Startup Time": 90.182, "Actual Total Time": 612.188, "Actual Rows": 299838, "Actual Loops": 5, "Recheck Cond": "(c_nationkey = nation.n_nationkey)", "Rows Removed by Index Recheck": 0, "Exact Heap Blocks": 150033, "Lossy Heap Blocks": 150033, "Plans": [{"Node Type": "Bitmap Index Scan", "Parent Relationship": "Outer", "Index Name": "idx_customer_nationkey", "Startup Cost": 0.0, "Total Cost": 1015.37, "Plan Rows": 60000, "Plan Width": 0, "Actual Startup Time": 57.057, "Actual Total Time": 57.057, "Actual Rows": 299838, "Actual Loops": 5, "Index Cond": "(c_nationkey = nation.n_nationkey)"}]}]}, {"Node Type": "Index Scan", "Parent Relationship": "Inner", "Scan Direction": "Forward", "Index Name": "idx_orders_custkey", "Relation Name": "orders", "Alias": "orders", "Startup Cost": 0.0, "Total Cost": 1.24, "Plan Rows": 1, "Plan Width": 16, "Actual Startup Time": 4290.13, "Actual Total Time": 9117.55, "Actual Rows": 454183, "Actual Loops": 299838, "Index Cond": "(o_custkey = customer.c_custkey)", "Rows Removed by Index Recheck": 0, "Filter": "((o_orderdate >= '1994-01-01 00:00:00'::timestamp(0) without time zone) AND (o_orderdate < '1995-01-01 00:00:00'::timestamp without time zone))", "Rows Removed by Filter": 2542535}]}, {"Node Type": "Index Scan", "Parent Relationship": "Inner", "Scan Direction": "Forward", "Index Name": "idx_lineitem_orderkey", "Relation Name": "lineitem", "Alias": "lineitem", "Startup Cost": 0.0, "Total Cost": 3.05, "Plan Rows": 9, "Plan Width": 32, "Actual Startup Time": 4568.66, "Actual Total Time": 5547.845, "Actual Rows": 1815222, "Actual Loops": 454183, "Index Cond": "(l_orderkey = orders.o_orderkey)", "Rows Removed by Index Recheck": 0}]}, {"Node Type": "Index Scan", "Parent Relationship": "Inner", "Scan Direction": "Forward", "Index Name": "supplier_pkey", "Relation Name": "supplier", "Alias": "supplier", "Startup Cost": 0.0, "Total Cost": 0.27, "Plan Rows": 1, "Plan Width": 12, "Actual Startup Time": 7382.808, "Actual Total Time": 7984.724, "Actual Rows": 1815222, "Actual Loops": 1815222, "Index Cond": "(s_suppkey = lineitem.l_suppkey)", "Rows Removed by Index Recheck": 0}]}]}]}, "Triggers": [], "Planner Runtime": 1.895, "Total Runtime": 25827.529, "Unique SQL Id": 1392561963}}, "(1, 114)": {"explain_plan": {"Plan": {"Node Type": "Sort", "Startup Cost": 19319777.54, "Total Cost": 19319777.6, "Plan Rows": 25, "Plan Width": 42, "Sort Key": ["(sum((lineitem.l_extendedprice * (1::double precision - lineitem.l_discount)))) DESC"], "Plans": [{"Node Type": "Aggregate", "Strategy": "Hashed", "Parent Relationship": "Outer", "Startup Cost": 19319776.71, "Total Cost": 19319776.96, "Plan Rows": 25, "Plan Width": 42, "Group By Key": ["nation.n_name"], "Plans": [{"Node Type": "Nested Loop", "Parent Relationship": "Outer", "Join Type": "Inner", "Startup Cost": 1.42, "Total Cost": 19319682.81, "Plan Rows": 9390, "Plan Width": 42, "Inner Unique": true, "Join Filter": "(customer.c_nationkey = supplier.s_nationkey)", "Plans": [{"Node Type": "Nested Loop", "Parent Relationship": "Outer", "Join Type": "Inner", "Startup Cost": 1.16, "Total Cost": 3520745.57, "Plan Rows": 3688948, "Plan Width": 58, "Inner Unique": false, "Plans": [{"Node Type": "Nested Loop", "Parent Relationship": "Outer", "Join Type": "Inner", "Startup Cost": 0.43, "Total Cost": 1518677.24, "Plan Rows": 406290, "Plan Width": 42, "Inner Unique": false, "Plans": [{"Node Type": "Nested Loop", "Parent Relationship": "Outer", "Join Type": "Inner", "Startup Cost": 0.0, "Total Cost": 164628.64, "Plan Rows": 300000, "Plan Width": 42, "Inner Unique": false, "Join Filter": "(nation.n_nationkey = customer.c_nationkey), (LLVM Optimized)", "Plans": [{"Node Type": "Seq Scan", "Parent Relationship": "Outer", "Relation Name": "customer", "Alias": "customer", "Startup Cost": 0.0, "Total Cost": 52126.0, "Plan Rows": 1500000, "Plan Width": 12}, {"Node Type": "Materialize", "Parent Relationship": "Inner", "Startup Cost": 0.0, "Total Cost": 2.65, "Plan Rows": 5, "Plan Width": 30, "Plans": [{"Node Type": "Nested Loop", "Parent Relationship": "Outer", "Join Type": "Inner", "Startup Cost": 0.0, "Total Cost": 2.62, "Plan Rows": 5, "Plan Width": 30, "Inner Unique": false, "Join Filter": "(nation.n_regionkey = region.r_regionkey)", "Plans": [{"Node Type": "Seq Scan", "Parent Relationship": "Outer", "Relation Name": "region", "Alias": "region", "Startup Cost": 0.0, "Total Cost": 1.06, "Plan Rows": 1, "Plan Width": 4, "Filter": "(r_name = 'MIDDLE EAST'::bpchar)"}, {"Node Type": "Seq Scan", "Parent Relationship": "Inner", "Relation Name": "nation", "Alias": "nation", "Startup Cost": 0.0, "Total Cost": 1.25, "Plan Rows": 25, "Plan Width": 34}]}]}]}, {"Node Type": "Bitmap Heap Scan", "Parent Relationship": "Inner", "Relation Name": "orders", "Alias": "orders", "Startup Cost": 0.43, "Total Cost": 4.5, "Plan Rows": 1, "Plan Width": 16, "Recheck Cond": "(o_custkey = customer.c_custkey)", "Filter": "((o_orderdate >= '1994-01-01 00:00:00'::timestamp(0) without time zone) AND (o_orderdate < '1995-01-01 00:00:00'::timestamp without time zone))", "Plans": [{"Node Type": "Bitmap Index Scan", "Parent Relationship": "Outer", "Index Name": "idx_orders_custkey", "Startup Cost": 0.0, "Total Cost": 0.43, "Plan Rows": 4, "Plan Width": 0, "Index Cond": "(o_custkey = customer.c_custkey)"}]}]}, {"Node Type": "Bitmap Heap Scan", "Parent Relationship": "Inner", "Relation Name": "lineitem", "Alias": "lineitem", "Startup Cost": 0.73, "Total Cost": 4.84, "Plan Rows": 9, "Plan Width": 32, "Recheck Cond": "(l_orderkey = orders.o_orderkey)", "Plans": [{"Node Type": "Bitmap Index Scan", "Parent Relationship": "Outer", "Index Name": "idx_lineitem_orderkey", "Startup Cost": 0.0, "Total Cost": 0.72, "Plan Rows": 9, "Plan Width": 0, "Index Cond": "(l_orderkey = orders.o_orderkey)"}]}]}, {"Node Type": "Bitmap Heap Scan", "Parent Relationship": "Inner", "Relation Name": "supplier", "Alias": "supplier", "Startup Cost": 0.26, "Total Cost": 4.27, "Plan Rows": 1, "Plan Width": 12, "Recheck Cond": "(s_suppkey = lineitem.l_suppkey)", "Plans": [{"Node Type": "Bitmap Index Scan", "Parent Relationship": "Outer", "Index Name": "supplier_pkey", "Startup Cost": 0.0, "Total Cost": 0.26, "Plan Rows": 1, "Plan Width": 0, "Index Cond": "(s_suppkey = lineitem.l_suppkey)"}]}]}]}]}, "Unique SQL Id": 1392561963}, "explain_analyze_plan": null}, "(1, 115)": {"explain_plan": {"Plan": {"Node Type": "Sort", "Startup Cost": 46003135.57, "Total Cost": 46003135.63, "Plan Rows": 25, "Plan Width": 42, "Sort Key": ["(sum((lineitem.l_extendedprice * (1::double precision - lineitem.l_discount)))) DESC"], "Plans": [{"Node Type": "Aggregate", "Strategy": "Hashed", "Parent Relationship": "Outer", "Startup Cost": 46003134.74, "Total Cost": 46003134.99, "Plan Rows": 25, "Plan Width": 42, "Group By Key": ["nation.n_name"], "Plans": [{"Node Type": "Nested Loop", "Parent Relationship": "Outer", "Join Type": "Inner", "Startup Cost": 58362.35, "Total Cost": 46003040.84, "Plan Rows": 9390, "Plan Width": 42, "Inner Unique": true, "Join Filter": "(customer.c_nationkey = supplier.s_nationkey)", "Plans": [{"Node Type": "Nested Loop", "Parent Relationship": "Outer", "Join Type": "Inner", "Startup Cost": 58362.1, "Total Cost": 30204103.6, "Plan Rows": 3688948, "Plan Width": 58, "Inner Unique": false, "Plans": [{"Node Type": "Nested Loop", "Parent Relationship": "Outer", "Join Type": "Inner", "Startup Cost": 58361.37, "Total Cost": 28202035.27, "Plan Rows": 406290, "Plan Width": 42, "Inner Unique": true, "Plans": [{"Node Type": "Nested Loop", "Parent Relationship": "Outer", "Join Type": "Inner", "Startup Cost": 58360.79, "Total Cost": 18851769.58, "Plan Rows": 2031452, "Plan Width": 46, "Inner Unique": true, "Plans": [{"Node Type": "Nested Loop", "Parent Relationship": "Outer", "Join Type": "Inner", "Startup Cost": 58360.54, "Total Cost": 10156636.32, "Plan Rows": 2031452, "Plan Width": 12, "Inner Unique": true, "Plans": [{"Node Type": "Bitmap Heap Scan", "Parent Relationship": "Outer", "Relation Name": "orders", "Alias": "orders", "Startup Cost": 58360.27, "Total Cost": 369005.64, "Plan Rows": 2281758, "Plan Width": 16, "Recheck Cond": "((o_orderdate >= '1994-01-01 00:00:00'::timestamp(0) without time zone) AND (o_orderdate < '1995-01-01 00:00:00'::timestamp without time zone)), (LLVM Optimized)", "Plans": [{"Node Type": "Bitmap Index Scan", "Parent Relationship": "Outer", "Index Name": "idx_orders_orderdate", "Startup Cost": 0.0, "Total Cost": 57789.83, "Plan Rows": 2281758, "Plan Width": 0, "Index Cond": "((o_orderdate >= '1994-01-01 00:00:00'::timestamp(0) without time zone) AND (o_orderdate < '1995-01-01 00:00:00'::timestamp without time zone))"}]}, {"Node Type": "Bitmap Heap Scan", "Parent Relationship": "Inner", "Relation Name": "customer", "Alias": "customer", "Startup Cost": 0.27, "Total Cost": 4.28, "Plan Rows": 1, "Plan Width": 12, "Recheck Cond": "(c_custkey = orders.o_custkey)", "Plans": [{"Node Type": "Bitmap Index Scan", "Parent Relationship": "Outer", "Index Name": "customer_pkey", "Startup Cost": 0.0, "Total Cost": 0.27, "Plan Rows": 1, "Plan Width": 0, "Index Cond": "(c_custkey = orders.o_custkey)"}]}]}, {"Node Type": "Bitmap Heap Scan", "Parent Relationship": "Inner", "Relation Name": "nation", "Alias": "nation", "Startup Cost": 0.26, "Total Cost": 4.27, "Plan Rows": 1, "Plan Width": 34, "Recheck Cond": "(n_nationkey = customer.c_nationkey)", "Plans": [{"Node Type": "Bitmap Index Scan", "Parent Relationship": "Outer", "Index Name": "nation_pkey", "Startup Cost": 0.0, "Total Cost": 0.26, "Plan Rows": 1, "Plan Width": 0, "Index Cond": "(n_nationkey = customer.c_nationkey)"}]}]}, {"Node Type": "Bitmap Heap Scan", "Parent Relationship": "Inner", "Relation Name": "region", "Alias": "region", "Startup Cost": 0.58, "Total Cost": 4.59, "Plan Rows": 1, "Plan Width": 4, "Recheck Cond": "(r_regionkey = nation.n_regionkey)", "Filter": "(r_name = 'MIDDLE EAST'::bpchar)", "Plans": [{"Node Type": "Bitmap Index Scan", "Parent Relationship": "Outer", "Index Name": "region_pkey", "Startup Cost": 0.0, "Total Cost": 0.58, "Plan Rows": 1, "Plan Width": 0, "Index Cond": "(r_regionkey = nation.n_regionkey)"}]}]}, {"Node Type": "Bitmap Heap Scan", "Parent Relationship": "Inner", "Relation Name": "lineitem", "Alias": "lineitem", "Startup Cost": 0.73, "Total Cost": 4.84, "Plan Rows": 9, "Plan Width": 32, "Recheck Cond": "(l_orderkey = orders.o_orderkey)", "Plans": [{"Node Type": "Bitmap Index Scan", "Parent Relationship": "Outer", "Index Name": "idx_lineitem_orderkey", "Startup Cost": 0.0, "Total Cost": 0.72, "Plan Rows": 9, "Plan Width": 0, "Index Cond": "(l_orderkey = orders.o_orderkey)"}]}]}, {"Node Type": "Bitmap Heap Scan", "Parent Relationship": "Inner", "Relation Name": "supplier", "Alias": "supplier", "Startup Cost": 0.26, "Total Cost": 4.27, "Plan Rows": 1, "Plan Width": 12, "Recheck Cond": "(s_suppkey = lineitem.l_suppkey)", "Plans": [{"Node Type": "Bitmap Index Scan", "Parent Relationship": "Outer", "Index Name": "supplier_pkey", "Startup Cost": 0.0, "Total Cost": 0.26, "Plan Rows": 1, "Plan Width": 0, "Index Cond": "(s_suppkey = lineitem.l_suppkey)"}]}]}]}]}, "Unique SQL Id": 1392561963}, "explain_analyze_plan": null}, "(1, 116)": {"explain_plan": {"Plan": {"Node Type": "Sort", "Startup Cost": 2730959.0, "Total Cost": 2730959.06, "Plan Rows": 25, "Plan Width": 42, "Sort Key": ["(sum((lineitem.l_extendedprice * (1::double precision - lineitem.l_discount)))) DESC"], "Plans": [{"Node Type": "Aggregate", "Strategy": "Hashed", "Parent Relationship": "Outer", "Startup Cost": 2730958.17, "Total Cost": 2730958.42, "Plan Rows": 25, "Plan Width": 42, "Group By Key": ["nation.n_name"], "Plans": [{"Node Type": "Nested Loop", "Parent Relationship": "Outer", "Join Type": "Inner", "Startup Cost": 1030.37, "Total Cost": 2730864.27, "Plan Rows": 9390, "Plan Width": 42, "Inner Unique": true, "Join Filter": "(customer.c_nationkey = supplier.s_nationkey)", "Plans": [{"Node Type": "Nested Loop", "Parent Relationship": "Outer", "Join Type": "Inner", "Startup Cost": 1030.37, "Total Cost": 1688079.68, "Plan Rows": 3688948, "Plan Width": 58, "Inner Unique": false, "Plans": [{"Node Type": "Nested Loop", "Parent Relationship": "Outer", "Join Type": "Inner", "Startup Cost": 1030.37, "Total Cost": 412285.27, "Plan Rows": 406290, "Plan Width": 42, "Inner Unique": false, "Plans": [{"Node Type": "Nested Loop", "Parent Relationship": "Outer", "Join Type": "Inner", "Startup Cost": 1030.37, "Total Cost": 37176.47, "Plan Rows": 300000, "Plan Width": 42, "Inner Unique": false, "Plans": [{"Node Type": "Nested Loop", "Parent Relationship": "Outer", "Join Type": "Inner", "Startup Cost": 0.0, "Total Cost": 14.06, "Plan Rows": 5, "Plan Width": 30, "Inner Unique": true, "Join Filter": "(nation.n_regionkey = region.r_regionkey)", "Plans": [{"Node Type": "Index Scan", "Parent Relationship": "Outer", "Scan Direction": "Forward", "Index Name": "nation_pkey", "Relation Name": "nation", "Alias": "nation", "Startup Cost": 0.0, "Total Cost": 12.62, "Plan Rows": 25, "Plan Width": 34}, {"Node Type": "Materialize", "Parent Relationship": "Inner", "Startup Cost": 0.0, "Total Cost": 1.07, "Plan Rows": 1, "Plan Width": 4, "Plans": [{"Node Type": "Seq Scan", "Parent Relationship": "Outer", "Relation Name": "region", "Alias": "region", "Startup Cost": 0.0, "Total Cost": 1.06, "Plan Rows": 1, "Plan Width": 4, "Filter": "(r_name = 'MIDDLE EAST'::bpchar)"}]}]}, {"Node Type": "Bitmap Heap Scan", "Parent Relationship": "Inner", "Relation Name": "customer", "Alias": "customer", "Startup Cost": 1030.37, "Total Cost": 6832.48, "Plan Rows": 60000, "Plan Width": 12, "Recheck Cond": "(c_nationkey = nation.n_nationkey)", "Plans": [{"Node Type": "Bitmap Index Scan", "Parent Relationship": "Outer", "Index Name": "idx_customer_nationkey", "Startup Cost": 0.0, "Total Cost": 1015.37, "Plan Rows": 60000, "Plan Width": 0, "Index Cond": "(c_nationkey = nation.n_nationkey)"}]}]}, {"Node Type": "Index Scan", "Parent Relationship": "Inner", "Scan Direction": "Forward", "Index Name": "idx_orders_custkey", "Relation Name": "orders", "Alias": "orders", "Startup Cost": 0.0, "Total Cost": 1.24, "Plan Rows": 1, "Plan Width": 16, "Index Cond": "(o_custkey = customer.c_custkey)", "Filter": "((o_orderdate >= '1994-01-01 00:00:00'::timestamp(0) without time zone) AND (o_orderdate < '1995-01-01 00:00:00'::timestamp without time zone))"}]}, {"Node Type": "Index Scan", "Parent Relationship": "Inner", "Scan Direction": "Forward", "Index Name": "idx_lineitem_orderkey", "Relation Name": "lineitem", "Alias": "lineitem", "Startup Cost": 0.0, "Total Cost": 3.05, "Plan Rows": 9, "Plan Width": 32, "Index Cond": "(l_orderkey = orders.o_orderkey)"}]}, {"Node Type": "Index Scan", "Parent Relationship": "Inner", "Scan Direction": "Forward", "Index Name": "supplier_pkey", "Relation Name": "supplier", "Alias": "supplier", "Startup Cost": 0.0, "Total Cost": 0.27, "Plan Rows": 1, "Plan Width": 12, "Index Cond": "(s_suppkey = lineitem.l_suppkey)"}]}]}]}, "Unique SQL Id": 1392561963}, "explain_analyze_plan": {"Plan": {"Node Type": "Sort", "Startup Cost": 2730959.0, "Total Cost": 2730959.06, "Plan Rows": 25, "Plan Width": 42, "Actual Startup Time": 25382.26, "Actual Total Time": 25382.26, "Actual Rows": 5, "Actual Loops": 1, "Sort Key": ["(sum((lineitem.l_extendedprice * (1::double precision - lineitem.l_discount)))) DESC"], "Sort Method": "quicksort", "Sort Space Used": 25, "Sort Space Type": "Memory", "Plans": [{"Node Type": "Aggregate", "Strategy": "Hashed", "Parent Relationship": "Outer", "Startup Cost": 2730958.17, "Total Cost": 2730958.42, "Plan Rows": 25, "Plan Width": 42, "Actual Startup Time": 25382.223, "Actual Total Time": 25382.226, "Actual Rows": 5, "Actual Loops": 1, "Group By Key": ["nation.n_name"], "Plans": [{"Node Type": "Nested Loop", "Parent Relationship": "Outer", "Join Type": "Inner", "Startup Cost": 1030.37, "Total Cost": 2730864.27, "Plan Rows": 9390, "Plan Width": 42, "Actual Startup Time": 19.381, "Actual Total Time": 25280.573, "Actual Rows": 72985, "Actual Loops": 1, "Inner Unique": true, "Join Filter": "(customer.c_nationkey = supplier.s_nationkey)", "Rows Removed by Join Filter": 1742237, "Plans": [{"Node Type": "Nested Loop", "Parent Relationship": "Outer", "Join Type": "Inner", "Startup Cost": 1030.37, "Total Cost": 1688079.68, "Plan Rows": 3688948, "Plan Width": 58, "Actual Startup Time": 19.258, "Actual Total Time": 15933.697, "Actual Rows": 1815222, "Actual Loops": 1, "Inner Unique": false, "Plans": [{"Node Type": "Nested Loop", "Parent Relationship": "Outer", "Join Type": "Inner", "Startup Cost": 1030.37, "Total Cost": 412285.27, "Plan Rows": 406290, "Plan Width": 42, "Actual Startup Time": 19.24, "Actual Total Time": 9834.243, "Actual Rows": 454183, "Actual Loops": 1, "Inner Unique": false, "Plans": [{"Node Type": "Nested Loop", "Parent Relationship": "Outer", "Join Type": "Inner", "Startup Cost": 1030.37, "Total Cost": 37176.47, "Plan Rows": 300000, "Plan Width": 42, "Actual Startup Time": 19.153, "Actual Total Time": 679.909, "Actual Rows": 299838, "Actual Loops": 1, "Inner Unique": false, "Plans": [{"Node Type": "Nested Loop", "Parent Relationship": "Outer", "Join Type": "Inner", "Startup Cost": 0.0, "Total Cost": 14.06, "Plan Rows": 5, "Plan Width": 30, "Actual Startup Time": 0.064, "Actual Total Time": 0.167, "Actual Rows": 5, "Actual Loops": 1, "Inner Unique": true, "Join Filter": "(nation.n_regionkey = region.r_regionkey)", "Rows Removed by Join Filter": 20, "Plans": [{"Node Type": "Index Scan", "Parent Relationship": "Outer", "Scan Direction": "Forward", "Index Name": "nation_pkey", "Relation Name": "nation", "Alias": "nation", "Startup Cost": 0.0, "Total Cost": 12.62, "Plan Rows": 25, "Plan Width": 34, "Actual Startup Time": 0.024, "Actual Total Time": 0.071, "Actual Rows": 25, "Actual Loops": 1}, {"Node Type": "Materialize", "Parent Relationship": "Inner", "Startup Cost": 0.0, "Total Cost": 1.07, "Plan Rows": 1, "Plan Width": 4, "Actual Startup Time": 0.037, "Actual Total Time": 0.041, "Actual Rows": 25, "Actual Loops": 25, "Plans": [{"Node Type": "Seq Scan", "Parent Relationship": "Outer", "Relation Name": "region", "Alias": "region", "Startup Cost": 0.0, "Total Cost": 1.06, "Plan Rows": 1, "Plan Width": 4, "Actual Startup Time": 0.021, "Actual Total Time": 0.023, "Actual Rows": 1, "Actual Loops": 1, "Filter": "(r_name = 'MIDDLE EAST'::bpchar)", "Rows Removed by Filter": 4}]}]}, {"Node Type": "Bitmap Heap Scan", "Parent Relationship": "Inner", "Relation Name": "customer", "Alias": "customer", "Startup Cost": 1030.37, "Total Cost": 6832.48, "Plan Rows": 60000, "Plan Width": 12, "Actual Startup Time": 91.927, "Actual Total Time": 600.123, "Actual Rows": 299838, "Actual Loops": 5, "Recheck Cond": "(c_nationkey = nation.n_nationkey)", "Rows Removed by Index Recheck": 0, "Exact Heap Blocks": 150033, "Lossy Heap Blocks": 150033, "Plans": [{"Node Type": "Bitmap Index Scan", "Parent Relationship": "Outer", "Index Name": "idx_customer_nationkey", "Startup Cost": 0.0, "Total Cost": 1015.37, "Plan Rows": 60000, "Plan Width": 0, "Actual Startup Time": 58.747, "Actual Total Time": 58.747, "Actual Rows": 299838, "Actual Loops": 5, "Index Cond": "(c_nationkey = nation.n_nationkey)"}]}]}, {"Node Type": "Index Scan", "Parent Relationship": "Inner", "Scan Direction": "Forward", "Index Name": "idx_orders_custkey", "Relation Name": "orders", "Alias": "orders", "Startup Cost": 0.0, "Total Cost": 1.24, "Plan Rows": 1, "Plan Width": 16, "Actual Startup Time": 4185.486, "Actual Total Time": 8881.136, "Actual Rows": 454183, "Actual Loops": 299838, "Index Cond": "(o_custkey = customer.c_custkey)", "Rows Removed by Index Recheck": 0, "Filter": "((o_orderdate >= '1994-01-01 00:00:00'::timestamp(0) without time zone) AND (o_orderdate < '1995-01-01 00:00:00'::timestamp without time zone))", "Rows Removed by Filter": 2542535}]}, {"Node Type": "Index Scan", "Parent Relationship": "Inner", "Scan Direction": "Forward", "Index Name": "idx_lineitem_orderkey", "Relation Name": "lineitem", "Alias": "lineitem", "Startup Cost": 0.0, "Total Cost": 3.05, "Plan Rows": 9, "Plan Width": 32, "Actual Startup Time": 4462.905, "Actual Total Time": 5426.914, "Actual Rows": 1815222, "Actual Loops": 454183, "Index Cond": "(l_orderkey = orders.o_orderkey)", "Rows Removed by Index Recheck": 0}]}, {"Node Type": "Index Scan", "Parent Relationship": "Inner", "Scan Direction": "Forward", "Index Name": "supplier_pkey", "Relation Name": "supplier", "Alias": "supplier", "Startup Cost": 0.0, "Total Cost": 0.27, "Plan Rows": 1, "Plan Width": 12, "Actual Startup Time": 7321.055, "Actual Total Time": 7926.387, "Actual Rows": 1815222, "Actual Loops": 1815222, "Index Cond": "(s_suppkey = lineitem.l_suppkey)", "Rows Removed by Index Recheck": 0}]}]}]}, "Triggers": [], "Planner Runtime": 2.057, "Total Runtime": 25382.7, "Unique SQL Id": 1392561963}}, "(1, 117)": {"explain_plan": {"Plan": {"Node Type": "Sort", "Startup Cost": 2730970.27, "Total Cost": 2730970.34, "Plan Rows": 25, "Plan Width": 42, "Sort Key": ["(sum((lineitem.l_extendedprice * (1::double precision - lineitem.l_discount)))) DESC"], "Plans": [{"Node Type": "Aggregate", "Strategy": "Hashed", "Parent Relationship": "Outer", "Startup Cost": 2730969.44, "Total Cost": 2730969.69, "Plan Rows": 25, "Plan Width": 42, "Group By Key": ["nation.n_name"], "Plans": [{"Node Type": "Nested Loop", "Parent Relationship": "Outer", "Join Type": "Inner", "Startup Cost": 1030.37, "Total Cost": 2730875.54, "Plan Rows": 9390, "Plan Width": 42, "Inner Unique": true, "Join Filter": "(customer.c_nationkey = supplier.s_nationkey)", "Plans": [{"Node Type": "Nested Loop", "Parent Relationship": "Outer", "Join Type": "Inner", "Startup Cost": 1030.37, "Total Cost": 1688090.96, "Plan Rows": 3688948, "Plan Width": 58, "Inner Unique": false, "Plans": [{"Node Type": "Nested Loop", "Parent Relationship": "Outer", "Join Type": "Inner", "Startup Cost": 1030.37, "Total Cost": 412296.55, "Plan Rows": 406290, "Plan Width": 42, "Inner Unique": false, "Plans": [{"Node Type": "Nested Loop", "Parent Relationship": "Outer", "Join Type": "Inner", "Startup Cost": 1030.37, "Total Cost": 37187.75, "Plan Rows": 300000, "Plan Width": 42, "Inner Unique": false, "Plans": [{"Node Type": "Nested Loop", "Parent Relationship": "Outer", "Join Type": "Inner", "Startup Cost": 0.0, "Total Cost": 25.34, "Plan Rows": 5, "Plan Width": 30, "Inner Unique": true, "Join Filter": "(nation.n_regionkey = region.r_regionkey)", "Plans": [{"Node Type": "Index Scan", "Parent Relationship": "Outer", "Scan Direction": "Forward", "Index Name": "nation_pkey", "Relation Name": "nation", "Alias": "nation", "Startup Cost": 0.0, "Total Cost": 12.62, "Plan Rows": 25, "Plan Width": 34}, {"Node Type": "Materialize", "Parent Relationship": "Inner", "Startup Cost": 0.0, "Total Cost": 12.34, "Plan Rows": 1, "Plan Width": 4, "Plans": [{"Node Type": "Index Scan", "Parent Relationship": "Outer", "Scan Direction": "Forward", "Index Name": "region_pkey", "Relation Name": "region", "Alias": "region", "Startup Cost": 0.0, "Total Cost": 12.34, "Plan Rows": 1, "Plan Width": 4, "Filter": "(r_name = 'MIDDLE EAST'::bpchar)"}]}]}, {"Node Type": "Bitmap Heap Scan", "Parent Relationship": "Inner", "Relation Name": "customer", "Alias": "customer", "Startup Cost": 1030.37, "Total Cost": 6832.48, "Plan Rows": 60000, "Plan Width": 12, "Recheck Cond": "(c_nationkey = nation.n_nationkey)", "Plans": [{"Node Type": "Bitmap Index Scan", "Parent Relationship": "Outer", "Index Name": "idx_customer_nationkey", "Startup Cost": 0.0, "Total Cost": 1015.37, "Plan Rows": 60000, "Plan Width": 0, "Index Cond": "(c_nationkey = nation.n_nationkey)"}]}]}, {"Node Type": "Index Scan", "Parent Relationship": "Inner", "Scan Direction": "Forward", "Index Name": "idx_orders_custkey", "Relation Name": "orders", "Alias": "orders", "Startup Cost": 0.0, "Total Cost": 1.24, "Plan Rows": 1, "Plan Width": 16, "Index Cond": "(o_custkey = customer.c_custkey)", "Filter": "((o_orderdate >= '1994-01-01 00:00:00'::timestamp(0) without time zone) AND (o_orderdate < '1995-01-01 00:00:00'::timestamp without time zone))"}]}, {"Node Type": "Index Scan", "Parent Relationship": "Inner", "Scan Direction": "Forward", "Index Name": "idx_lineitem_orderkey", "Relation Name": "lineitem", "Alias": "lineitem", "Startup Cost": 0.0, "Total Cost": 3.05, "Plan Rows": 9, "Plan Width": 32, "Index Cond": "(l_orderkey = orders.o_orderkey)"}]}, {"Node Type": "Index Scan", "Parent Relationship": "Inner", "Scan Direction": "Forward", "Index Name": "supplier_pkey", "Relation Name": "supplier", "Alias": "supplier", "Startup Cost": 0.0, "Total Cost": 0.27, "Plan Rows": 1, "Plan Width": 12, "Index Cond": "(s_suppkey = lineitem.l_suppkey)"}]}]}]}, "Unique SQL Id": 1392561963}, "explain_analyze_plan": {"Plan": {"Node Type": "Sort", "Startup Cost": 2730970.27, "Total Cost": 2730970.34, "Plan Rows": 25, "Plan Width": 42, "Actual Startup Time": 25827.113, "Actual Total Time": 25827.115, "Actual Rows": 5, "Actual Loops": 1, "Sort Key": ["(sum((lineitem.l_extendedprice * (1::double precision - lineitem.l_discount)))) DESC"], "Sort Method": "quicksort", "Sort Space Used": 25, "Sort Space Type": "Memory", "Plans": [{"Node Type": "Aggregate", "Strategy": "Hashed", "Parent Relationship": "Outer", "Startup Cost": 2730969.44, "Total Cost": 2730969.69, "Plan Rows": 25, "Plan Width": 42, "Actual Startup Time": 25827.071, "Actual Total Time": 25827.072, "Actual Rows": 5, "Actual Loops": 1, "Group By Key": ["nation.n_name"], "Plans": [{"Node Type": "Nested Loop", "Parent Relationship": "Outer", "Join Type": "Inner", "Startup Cost": 1030.37, "Total Cost": 2730875.54, "Plan Rows": 9390, "Plan Width": 42, "Actual Startup Time": 17.933, "Actual Total Time": 25725.25, "Actual Rows": 72985, "Actual Loops": 1, "Inner Unique": true, "Join Filter": "(customer.c_nationkey = supplier.s_nationkey)", "Rows Removed by Join Filter": 1742237, "Plans": [{"Node Type": "Nested Loop", "Parent Relationship": "Outer", "Join Type": "Inner", "Startup Cost": 1030.37, "Total Cost": 1688090.96, "Plan Rows": 3688948, "Plan Width": 58, "Actual Startup Time": 17.803, "Actual Total Time": 16321.691, "Actual Rows": 1815222, "Actual Loops": 1, "Inner Unique": false, "Plans": [{"Node Type": "Nested Loop", "Parent Relationship": "Outer", "Join Type": "Inner", "Startup Cost": 1030.37, "Total Cost": 412296.55, "Plan Rows": 406290, "Plan Width": 42, "Actual Startup Time": 17.783, "Actual Total Time": 10082.104, "Actual Rows": 454183, "Actual Loops": 1, "Inner Unique": false, "Plans": [{"Node Type": "Nested Loop", "Parent Relationship": "Outer", "Join Type": "Inner", "Startup Cost": 1030.37, "Total Cost": 37187.75, "Plan Rows": 300000, "Plan Width": 42, "Actual Startup Time": 17.682, "Actual Total Time": 690.918, "Actual Rows": 299838, "Actual Loops": 1, "Inner Unique": false, "Plans": [{"Node Type": "Nested Loop", "Parent Relationship": "Outer", "Join Type": "Inner", "Startup Cost": 0.0, "Total Cost": 25.34, "Plan Rows": 5, "Plan Width": 30, "Actual Startup Time": 0.042, "Actual Total Time": 0.124, "Actual Rows": 5, "Actual Loops": 1, "Inner Unique": true, "Join Filter": "(nation.n_regionkey = region.r_regionkey)", "Rows Removed by Join Filter": 20, "Plans": [{"Node Type": "Index Scan", "Parent Relationship": "Outer", "Scan Direction": "Forward", "Index Name": "nation_pkey", "Relation Name": "nation", "Alias": "nation", "Startup Cost": 0.0, "Total Cost": 12.62, "Plan Rows": 25, "Plan Width": 34, "Actual Startup Time": 0.014, "Actual Total Time": 0.047, "Actual Rows": 25, "Actual Loops": 1}, {"Node Type": "Materialize", "Parent Relationship": "Inner", "Startup Cost": 0.0, "Total Cost": 12.34, "Plan Rows": 1, "Plan Width": 4, "Actual Startup Time": 0.028, "Actual Total Time": 0.031, "Actual Rows": 25, "Actual Loops": 25, "Plans": [{"Node Type": "Index Scan", "Parent Relationship": "Outer", "Scan Direction": "Forward", "Index Name": "region_pkey", "Relation Name": "region", "Alias": "region", "Startup Cost": 0.0, "Total Cost": 12.34, "Plan Rows": 1, "Plan Width": 4, "Actual Startup Time": 0.015, "Actual Total Time": 0.016, "Actual Rows": 1, "Actual Loops": 1, "Filter": "(r_name = 'MIDDLE EAST'::bpchar)", "Rows Removed by Filter": 4}]}]}, {"Node Type": "Bitmap Heap Scan", "Parent Relationship": "Inner", "Relation Name": "customer", "Alias": "customer", "Startup Cost": 1030.37, "Total Cost": 6832.48, "Plan Rows": 60000, "Plan Width": 12, "Actual Startup Time": 90.182, "Actual Total Time": 612.188, "Actual Rows": 299838, "Actual Loops": 5, "Recheck Cond": "(c_nationkey = nation.n_nationkey)", "Rows Removed by Index Recheck": 0, "Exact Heap Blocks": 150033, "Lossy Heap Blocks": 150033, "Plans": [{"Node Type": "Bitmap Index Scan", "Parent Relationship": "Outer", "Index Name": "idx_customer_nationkey", "Startup Cost": 0.0, "Total Cost": 1015.37, "Plan Rows": 60000, "Plan Width": 0, "Actual Startup Time": 57.057, "Actual Total Time": 57.057, "Actual Rows": 299838, "Actual Loops": 5, "Index Cond": "(c_nationkey = nation.n_nationkey)"}]}]}, {"Node Type": "Index Scan", "Parent Relationship": "Inner", "Scan Direction": "Forward", "Index Name": "idx_orders_custkey", "Relation Name": "orders", "Alias": "orders", "Startup Cost": 0.0, "Total Cost": 1.24, "Plan Rows": 1, "Plan Width": 16, "Actual Startup Time": 4290.13, "Actual Total Time": 9117.55, "Actual Rows": 454183, "Actual Loops": 299838, "Index Cond": "(o_custkey = customer.c_custkey)", "Rows Removed by Index Recheck": 0, "Filter": "((o_orderdate >= '1994-01-01 00:00:00'::timestamp(0) without time zone) AND (o_orderdate < '1995-01-01 00:00:00'::timestamp without time zone))", "Rows Removed by Filter": 2542535}]}, {"Node Type": "Index Scan", "Parent Relationship": "Inner", "Scan Direction": "Forward", "Index Name": "idx_lineitem_orderkey", "Relation Name": "lineitem", "Alias": "lineitem", "Startup Cost": 0.0, "Total Cost": 3.05, "Plan Rows": 9, "Plan Width": 32, "Actual Startup Time": 4568.66, "Actual Total Time": 5547.845, "Actual Rows": 1815222, "Actual Loops": 454183, "Index Cond": "(l_orderkey = orders.o_orderkey)", "Rows Removed by Index Recheck": 0}]}, {"Node Type": "Index Scan", "Parent Relationship": "Inner", "Scan Direction": "Forward", "Index Name": "supplier_pkey", "Relation Name": "supplier", "Alias": "supplier", "Startup Cost": 0.0, "Total Cost": 0.27, "Plan Rows": 1, "Plan Width": 12, "Actual Startup Time": 7382.808, "Actual Total Time": 7984.724, "Actual Rows": 1815222, "Actual Loops": 1815222, "Index Cond": "(s_suppkey = lineitem.l_suppkey)", "Rows Removed by Index Recheck": 0}]}]}]}, "Triggers": [], "Planner Runtime": 1.895, "Total Runtime": 25827.529, "Unique SQL Id": 1392561963}}, "(1, 118)": {"explain_plan": {"Plan": {"Node Type": "Sort", "Startup Cost": 19319777.54, "Total Cost": 19319777.6, "Plan Rows": 25, "Plan Width": 42, "Sort Key": ["(sum((lineitem.l_extendedprice * (1::double precision - lineitem.l_discount)))) DESC"], "Plans": [{"Node Type": "Aggregate", "Strategy": "Hashed", "Parent Relationship": "Outer", "Startup Cost": 19319776.71, "Total Cost": 19319776.96, "Plan Rows": 25, "Plan Width": 42, "Group By Key": ["nation.n_name"], "Plans": [{"Node Type": "Nested Loop", "Parent Relationship": "Outer", "Join Type": "Inner", "Startup Cost": 1.42, "Total Cost": 19319682.81, "Plan Rows": 9390, "Plan Width": 42, "Inner Unique": true, "Join Filter": "(customer.c_nationkey = supplier.s_nationkey)", "Plans": [{"Node Type": "Nested Loop", "Parent Relationship": "Outer", "Join Type": "Inner", "Startup Cost": 1.16, "Total Cost": 3520745.57, "Plan Rows": 3688948, "Plan Width": 58, "Inner Unique": false, "Plans": [{"Node Type": "Nested Loop", "Parent Relationship": "Outer", "Join Type": "Inner", "Startup Cost": 0.43, "Total Cost": 1518677.24, "Plan Rows": 406290, "Plan Width": 42, "Inner Unique": false, "Plans": [{"Node Type": "Nested Loop", "Parent Relationship": "Outer", "Join Type": "Inner", "Startup Cost": 0.0, "Total Cost": 164628.64, "Plan Rows": 300000, "Plan Width": 42, "Inner Unique": false, "Join Filter": "(nation.n_nationkey = customer.c_nationkey), (LLVM Optimized)", "Plans": [{"Node Type": "Seq Scan", "Parent Relationship": "Outer", "Relation Name": "customer", "Alias": "customer", "Startup Cost": 0.0, "Total Cost": 52126.0, "Plan Rows": 1500000, "Plan Width": 12}, {"Node Type": "Materialize", "Parent Relationship": "Inner", "Startup Cost": 0.0, "Total Cost": 2.65, "Plan Rows": 5, "Plan Width": 30, "Plans": [{"Node Type": "Nested Loop", "Parent Relationship": "Outer", "Join Type": "Inner", "Startup Cost": 0.0, "Total Cost": 2.62, "Plan Rows": 5, "Plan Width": 30, "Inner Unique": false, "Join Filter": "(nation.n_regionkey = region.r_regionkey)", "Plans": [{"Node Type": "Seq Scan", "Parent Relationship": "Outer", "Relation Name": "region", "Alias": "region", "Startup Cost": 0.0, "Total Cost": 1.06, "Plan Rows": 1, "Plan Width": 4, "Filter": "(r_name = 'MIDDLE EAST'::bpchar)"}, {"Node Type": "Seq Scan", "Parent Relationship": "Inner", "Relation Name": "nation", "Alias": "nation", "Startup Cost": 0.0, "Total Cost": 1.25, "Plan Rows": 25, "Plan Width": 34}]}]}]}, {"Node Type": "Bitmap Heap Scan", "Parent Relationship": "Inner", "Relation Name": "orders", "Alias": "orders", "Startup Cost": 0.43, "Total Cost": 4.5, "Plan Rows": 1, "Plan Width": 16, "Recheck Cond": "(o_custkey = customer.c_custkey)", "Filter": "((o_orderdate >= '1994-01-01 00:00:00'::timestamp(0) without time zone) AND (o_orderdate < '1995-01-01 00:00:00'::timestamp without time zone))", "Plans": [{"Node Type": "Bitmap Index Scan", "Parent Relationship": "Outer", "Index Name": "idx_orders_custkey", "Startup Cost": 0.0, "Total Cost": 0.43, "Plan Rows": 4, "Plan Width": 0, "Index Cond": "(o_custkey = customer.c_custkey)"}]}]}, {"Node Type": "Bitmap Heap Scan", "Parent Relationship": "Inner", "Relation Name": "lineitem", "Alias": "lineitem", "Startup Cost": 0.73, "Total Cost": 4.84, "Plan Rows": 9, "Plan Width": 32, "Recheck Cond": "(l_orderkey = orders.o_orderkey)", "Plans": [{"Node Type": "Bitmap Index Scan", "Parent Relationship": "Outer", "Index Name": "idx_lineitem_orderkey", "Startup Cost": 0.0, "Total Cost": 0.72, "Plan Rows": 9, "Plan Width": 0, "Index Cond": "(l_orderkey = orders.o_orderkey)"}]}]}, {"Node Type": "Bitmap Heap Scan", "Parent Relationship": "Inner", "Relation Name": "supplier", "Alias": "supplier", "Startup Cost": 0.26, "Total Cost": 4.27, "Plan Rows": 1, "Plan Width": 12, "Recheck Cond": "(s_suppkey = lineitem.l_suppkey)", "Plans": [{"Node Type": "Bitmap Index Scan", "Parent Relationship": "Outer", "Index Name": "supplier_pkey", "Startup Cost": 0.0, "Total Cost": 0.26, "Plan Rows": 1, "Plan Width": 0, "Index Cond": "(s_suppkey = lineitem.l_suppkey)"}]}]}]}]}, "Unique SQL Id": 1392561963}, "explain_analyze_plan": null}, "(1, 119)": {"explain_plan": {"Plan": {"Node Type": "Sort", "Startup Cost": 46003135.57, "Total Cost": 46003135.63, "Plan Rows": 25, "Plan Width": 42, "Sort Key": ["(sum((lineitem.l_extendedprice * (1::double precision - lineitem.l_discount)))) DESC"], "Plans": [{"Node Type": "Aggregate", "Strategy": "Hashed", "Parent Relationship": "Outer", "Startup Cost": 46003134.74, "Total Cost": 46003134.99, "Plan Rows": 25, "Plan Width": 42, "Group By Key": ["nation.n_name"], "Plans": [{"Node Type": "Nested Loop", "Parent Relationship": "Outer", "Join Type": "Inner", "Startup Cost": 58362.35, "Total Cost": 46003040.84, "Plan Rows": 9390, "Plan Width": 42, "Inner Unique": true, "Join Filter": "(customer.c_nationkey = supplier.s_nationkey)", "Plans": [{"Node Type": "Nested Loop", "Parent Relationship": "Outer", "Join Type": "Inner", "Startup Cost": 58362.1, "Total Cost": 30204103.6, "Plan Rows": 3688948, "Plan Width": 58, "Inner Unique": false, "Plans": [{"Node Type": "Nested Loop", "Parent Relationship": "Outer", "Join Type": "Inner", "Startup Cost": 58361.37, "Total Cost": 28202035.27, "Plan Rows": 406290, "Plan Width": 42, "Inner Unique": true, "Plans": [{"Node Type": "Nested Loop", "Parent Relationship": "Outer", "Join Type": "Inner", "Startup Cost": 58360.79, "Total Cost": 18851769.58, "Plan Rows": 2031452, "Plan Width": 46, "Inner Unique": true, "Plans": [{"Node Type": "Nested Loop", "Parent Relationship": "Outer", "Join Type": "Inner", "Startup Cost": 58360.54, "Total Cost": 10156636.32, "Plan Rows": 2031452, "Plan Width": 12, "Inner Unique": true, "Plans": [{"Node Type": "Bitmap Heap Scan", "Parent Relationship": "Outer", "Relation Name": "orders", "Alias": "orders", "Startup Cost": 58360.27, "Total Cost": 369005.64, "Plan Rows": 2281758, "Plan Width": 16, "Recheck Cond": "((o_orderdate >= '1994-01-01 00:00:00'::timestamp(0) without time zone) AND (o_orderdate < '1995-01-01 00:00:00'::timestamp without time zone)), (LLVM Optimized)", "Plans": [{"Node Type": "Bitmap Index Scan", "Parent Relationship": "Outer", "Index Name": "idx_orders_orderdate", "Startup Cost": 0.0, "Total Cost": 57789.83, "Plan Rows": 2281758, "Plan Width": 0, "Index Cond": "((o_orderdate >= '1994-01-01 00:00:00'::timestamp(0) without time zone) AND (o_orderdate < '1995-01-01 00:00:00'::timestamp without time zone))"}]}, {"Node Type": "Bitmap Heap Scan", "Parent Relationship": "Inner", "Relation Name": "customer", "Alias": "customer", "Startup Cost": 0.27, "Total Cost": 4.28, "Plan Rows": 1, "Plan Width": 12, "Recheck Cond": "(c_custkey = orders.o_custkey)", "Plans": [{"Node Type": "Bitmap Index Scan", "Parent Relationship": "Outer", "Index Name": "customer_pkey", "Startup Cost": 0.0, "Total Cost": 0.27, "Plan Rows": 1, "Plan Width": 0, "Index Cond": "(c_custkey = orders.o_custkey)"}]}]}, {"Node Type": "Bitmap Heap Scan", "Parent Relationship": "Inner", "Relation Name": "nation", "Alias": "nation", "Startup Cost": 0.26, "Total Cost": 4.27, "Plan Rows": 1, "Plan Width": 34, "Recheck Cond": "(n_nationkey = customer.c_nationkey)", "Plans": [{"Node Type": "Bitmap Index Scan", "Parent Relationship": "Outer", "Index Name": "nation_pkey", "Startup Cost": 0.0, "Total Cost": 0.26, "Plan Rows": 1, "Plan Width": 0, "Index Cond": "(n_nationkey = customer.c_nationkey)"}]}]}, {"Node Type": "Bitmap Heap Scan", "Parent Relationship": "Inner", "Relation Name": "region", "Alias": "region", "Startup Cost": 0.58, "Total Cost": 4.59, "Plan Rows": 1, "Plan Width": 4, "Recheck Cond": "(r_regionkey = nation.n_regionkey)", "Filter": "(r_name = 'MIDDLE EAST'::bpchar)", "Plans": [{"Node Type": "Bitmap Index Scan", "Parent Relationship": "Outer", "Index Name": "region_pkey", "Startup Cost": 0.0, "Total Cost": 0.58, "Plan Rows": 1, "Plan Width": 0, "Index Cond": "(r_regionkey = nation.n_regionkey)"}]}]}, {"Node Type": "Bitmap Heap Scan", "Parent Relationship": "Inner", "Relation Name": "lineitem", "Alias": "lineitem", "Startup Cost": 0.73, "Total Cost": 4.84, "Plan Rows": 9, "Plan Width": 32, "Recheck Cond": "(l_orderkey = orders.o_orderkey)", "Plans": [{"Node Type": "Bitmap Index Scan", "Parent Relationship": "Outer", "Index Name": "idx_lineitem_orderkey", "Startup Cost": 0.0, "Total Cost": 0.72, "Plan Rows": 9, "Plan Width": 0, "Index Cond": "(l_orderkey = orders.o_orderkey)"}]}]}, {"Node Type": "Bitmap Heap Scan", "Parent Relationship": "Inner", "Relation Name": "supplier", "Alias": "supplier", "Startup Cost": 0.26, "Total Cost": 4.27, "Plan Rows": 1, "Plan Width": 12, "Recheck Cond": "(s_suppkey = lineitem.l_suppkey)", "Plans": [{"Node Type": "Bitmap Index Scan", "Parent Relationship": "Outer", "Index Name": "supplier_pkey", "Startup Cost": 0.0, "Total Cost": 0.26, "Plan Rows": 1, "Plan Width": 0, "Index Cond": "(s_suppkey = lineitem.l_suppkey)"}]}]}]}]}, "Unique SQL Id": 1392561963}, "explain_analyze_plan": null}, "(1, 120)": {"explain_plan": {"Plan": {"Node Type": "Sort", "Startup Cost": 2735308.72, "Total Cost": 2735308.78, "Plan Rows": 25, "Plan Width": 42, "Sort Key": ["(sum((lineitem.l_extendedprice * (1::double precision - lineitem.l_discount)))) DESC"], "Plans": [{"Node Type": "Aggregate", "Strategy": "Hashed", "Parent Relationship": "Outer", "Startup Cost": 2735307.89, "Total Cost": 2735308.14, "Plan Rows": 25, "Plan Width": 42, "Group By Key": ["nation.n_name"], "Plans": [{"Node Type": "Nested Loop", "Parent Relationship": "Outer", "Join Type": "Inner", "Startup Cost": 0.0, "Total Cost": 2735213.99, "Plan Rows": 9390, "Plan Width": 42, "Inner Unique": true, "Join Filter": "(customer.c_nationkey = supplier.s_nationkey)", "Plans": [{"Node Type": "Nested Loop", "Parent Relationship": "Outer", "Join Type": "Inner", "Startup Cost": 0.0, "Total Cost": 1692429.4, "Plan Rows": 3688948, "Plan Width": 58, "Inner Unique": false, "Plans": [{"Node Type": "Nested Loop", "Parent Relationship": "Outer", "Join Type": "Inner", "Startup Cost": 0.0, "Total Cost": 416634.99, "Plan Rows": 406290, "Plan Width": 42, "Inner Unique": false, "Plans": [{"Node Type": "Nested Loop", "Parent Relationship": "Outer", "Join Type": "Inner", "Startup Cost": 0.0, "Total Cost": 41526.19, "Plan Rows": 300000, "Plan Width": 42, "Inner Unique": false, "Plans": [{"Node Type": "Nested Loop", "Parent Relationship": "Outer", "Join Type": "Inner", "Startup Cost": 0.0, "Total Cost": 14.06, "Plan Rows": 5, "Plan Width": 30, "Inner Unique": true, "Join Filter": "(nation.n_regionkey = region.r_regionkey)", "Plans": [{"Node Type": "Index Scan", "Parent Relationship": "Outer", "Scan Direction": "Forward", "Index Name": "nation_pkey", "Relation Name": "nation", "Alias": "nation", "Startup Cost": 0.0, "Total Cost": 12.62, "Plan Rows": 25, "Plan Width": 34}, {"Node Type": "Materialize", "Parent Relationship": "Inner", "Startup Cost": 0.0, "Total Cost": 1.07, "Plan Rows": 1, "Plan Width": 4, "Plans": [{"Node Type": "Seq Scan", "Parent Relationship": "Outer", "Relation Name": "region", "Alias": "region", "Startup Cost": 0.0, "Total Cost": 1.06, "Plan Rows": 1, "Plan Width": 4, "Filter": "(r_name = 'MIDDLE EAST'::bpchar)"}]}]}, {"Node Type": "Index Scan", "Parent Relationship": "Inner", "Scan Direction": "Forward", "Index Name": "idx_customer_nationkey", "Relation Name": "customer", "Alias": "customer", "Startup Cost": 0.0, "Total Cost": 7702.43, "Plan Rows": 60000, "Plan Width": 12, "Index Cond": "(c_nationkey = nation.n_nationkey)"}]}, {"Node Type": "Index Scan", "Parent Relationship": "Inner", "Scan Direction": "Forward", "Index Name": "idx_orders_custkey", "Relation Name": "orders", "Alias": "orders", "Startup Cost": 0.0, "Total Cost": 1.24, "Plan Rows": 1, "Plan Width": 16, "Index Cond": "(o_custkey = customer.c_custkey)", "Filter": "((o_orderdate >= '1994-01-01 00:00:00'::timestamp(0) without time zone) AND (o_orderdate < '1995-01-01 00:00:00'::timestamp without time zone))"}]}, {"Node Type": "Index Scan", "Parent Relationship": "Inner", "Scan Direction": "Forward", "Index Name": "idx_lineitem_orderkey", "Relation Name": "lineitem", "Alias": "lineitem", "Startup Cost": 0.0, "Total Cost": 3.05, "Plan Rows": 9, "Plan Width": 32, "Index Cond": "(l_orderkey = orders.o_orderkey)"}]}, {"Node Type": "Index Scan", "Parent Relationship": "Inner", "Scan Direction": "Forward", "Index Name": "supplier_pkey", "Relation Name": "supplier", "Alias": "supplier", "Startup Cost": 0.0, "Total Cost": 0.27, "Plan Rows": 1, "Plan Width": 12, "Index Cond": "(s_suppkey = lineitem.l_suppkey)"}]}]}]}, "Unique SQL Id": 1392561963}, "explain_analyze_plan": {"Plan": {"Node Type": "Sort", "Startup Cost": 2735308.72, "Total Cost": 2735308.78, "Plan Rows": 25, "Plan Width": 42, "Actual Startup Time": 25481.186, "Actual Total Time": 25481.187, "Actual Rows": 5, "Actual Loops": 1, "Sort Key": ["(sum((lineitem.l_extendedprice * (1::double precision - lineitem.l_discount)))) DESC"], "Sort Method": "quicksort", "Sort Space Used": 25, "Sort Space Type": "Memory", "Plans": [{"Node Type": "Aggregate", "Strategy": "Hashed", "Parent Relationship": "Outer", "Startup Cost": 2735307.89, "Total Cost": 2735308.14, "Plan Rows": 25, "Plan Width": 42, "Actual Startup Time": 25481.158, "Actual Total Time": 25481.16, "Actual Rows": 5, "Actual Loops": 1, "Group By Key": ["nation.n_name"], "Plans": [{"Node Type": "Nested Loop", "Parent Relationship": "Outer", "Join Type": "Inner", "Startup Cost": 0.0, "Total Cost": 2735213.99, "Plan Rows": 9390, "Plan Width": 42, "Actual Startup Time": 0.275, "Actual Total Time": 25382.369, "Actual Rows": 72985, "Actual Loops": 1, "Inner Unique": true, "Join Filter": "(customer.c_nationkey = supplier.s_nationkey)", "Rows Removed by Join Filter": 1742237, "Plans": [{"Node Type": "Nested Loop", "Parent Relationship": "Outer", "Join Type": "Inner", "Startup Cost": 0.0, "Total Cost": 1692429.4, "Plan Rows": 3688948, "Plan Width": 58, "Actual Startup Time": 0.16, "Actual Total Time": 15978.398, "Actual Rows": 1815222, "Actual Loops": 1, "Inner Unique": false, "Plans": [{"Node Type": "Nested Loop", "Parent Relationship": "Outer", "Join Type": "Inner", "Startup Cost": 0.0, "Total Cost": 416634.99, "Plan Rows": 406290, "Plan Width": 42, "Actual Startup Time": 0.146, "Actual Total Time": 9813.592, "Actual Rows": 454183, "Actual Loops": 1, "Inner Unique": false, "Plans": [{"Node Type": "Nested Loop", "Parent Relationship": "Outer", "Join Type": "Inner", "Startup Cost": 0.0, "Total Cost": 41526.19, "Plan Rows": 300000, "Plan Width": 42, "Actual Startup Time": 0.09, "Actual Total Time": 545.374, "Actual Rows": 299838, "Actual Loops": 1, "Inner Unique": false, "Plans": [{"Node Type": "Nested Loop", "Parent Relationship": "Outer", "Join Type": "Inner", "Startup Cost": 0.0, "Total Cost": 14.06, "Plan Rows": 5, "Plan Width": 30, "Actual Startup Time": 0.056, "Actual Total Time": 0.141, "Actual Rows": 5, "Actual Loops": 1, "Inner Unique": true, "Join Filter": "(nation.n_regionkey = region.r_regionkey)", "Rows Removed by Join Filter": 20, "Plans": [{"Node Type": "Index Scan", "Parent Relationship": "Outer", "Scan Direction": "Forward", "Index Name": "nation_pkey", "Relation Name": "nation", "Alias": "nation", "Startup Cost": 0.0, "Total Cost": 12.62, "Plan Rows": 25, "Plan Width": 34, "Actual Startup Time": 0.022, "Actual Total Time": 0.053, "Actual Rows": 25, "Actual Loops": 1}, {"Node Type": "Materialize", "Parent Relationship": "Inner", "Startup Cost": 0.0, "Total Cost": 1.07, "Plan Rows": 1, "Plan Width": 4, "Actual Startup Time": 0.03, "Actual Total Time": 0.032, "Actual Rows": 25, "Actual Loops": 25, "Plans": [{"Node Type": "Seq Scan", "Parent Relationship": "Outer", "Relation Name": "region", "Alias": "region", "Startup Cost": 0.0, "Total Cost": 1.06, "Plan Rows": 1, "Plan Width": 4, "Actual Startup Time": 0.017, "Actual Total Time": 0.018, "Actual Rows": 1, "Actual Loops": 1, "Filter": "(r_name = 'MIDDLE EAST'::bpchar)", "Rows Removed by Filter": 4}]}]}, {"Node Type": "Index Scan", "Parent Relationship": "Inner", "Scan Direction": "Forward", "Index Name": "idx_customer_nationkey", "Relation Name": "customer", "Alias": "customer", "Startup Cost": 0.0, "Total Cost": 7702.43, "Plan Rows": 60000, "Plan Width": 12, "Actual Startup Time": 0.163, "Actual Total Time": 459.051, "Actual Rows": 299838, "Actual Loops": 5, "Index Cond": "(c_nationkey = nation.n_nationkey)", "Rows Removed by Index Recheck": 0}]}, {"Node Type": "Index Scan", "Parent Relationship": "Inner", "Scan Direction": "Forward", "Index Name": "idx_orders_custkey", "Relation Name": "orders", "Alias": "orders", "Startup Cost": 0.0, "Total Cost": 1.24, "Plan Rows": 1, "Plan Width": 16, "Actual Startup Time": 4235.815, "Actual Total Time": 8982.458, "Actual Rows": 454183, "Actual Loops": 299838, "Index Cond": "(o_custkey = customer.c_custkey)", "Rows Removed by Index Recheck": 0, "Filter": "((o_orderdate >= '1994-01-01 00:00:00'::timestamp(0) without time zone) AND (o_orderdate < '1995-01-01 00:00:00'::timestamp without time zone))", "Rows Removed by Filter": 2542535}]}, {"Node Type": "Index Scan", "Parent Relationship": "Inner", "Scan Direction": "Forward", "Index Name": "idx_lineitem_orderkey", "Relation Name": "lineitem", "Alias": "lineitem", "Startup Cost": 0.0, "Total Cost": 3.05, "Plan Rows": 9, "Plan Width": 32, "Actual Startup Time": 4510.572, "Actual Total Time": 5479.553, "Actual Rows": 1815222, "Actual Loops": 454183, "Index Cond": "(l_orderkey = orders.o_orderkey)", "Rows Removed by Index Recheck": 0}]}, {"Node Type": "Index Scan", "Parent Relationship": "Inner", "Scan Direction": "Forward", "Index Name": "supplier_pkey", "Relation Name": "supplier", "Alias": "supplier", "Startup Cost": 0.0, "Total Cost": 0.27, "Plan Rows": 1, "Plan Width": 12, "Actual Startup Time": 7384.015, "Actual Total Time": 7983.405, "Actual Rows": 1815222, "Actual Loops": 1815222, "Index Cond": "(s_suppkey = lineitem.l_suppkey)", "Rows Removed by Index Recheck": 0}]}]}]}, "Triggers": [], "Planner Runtime": 1.859, "Total Runtime": 25481.635, "Unique SQL Id": 1392561963}}, "(1, 121)": {"explain_plan": {"Plan": {"Node Type": "Sort", "Startup Cost": 2735319.99, "Total Cost": 2735320.05, "Plan Rows": 25, "Plan Width": 42, "Sort Key": ["(sum((lineitem.l_extendedprice * (1::double precision - lineitem.l_discount)))) DESC"], "Plans": [{"Node Type": "Aggregate", "Strategy": "Hashed", "Parent Relationship": "Outer", "Startup Cost": 2735319.16, "Total Cost": 2735319.41, "Plan Rows": 25, "Plan Width": 42, "Group By Key": ["nation.n_name"], "Plans": [{"Node Type": "Nested Loop", "Parent Relationship": "Outer", "Join Type": "Inner", "Startup Cost": 0.0, "Total Cost": 2735225.26, "Plan Rows": 9390, "Plan Width": 42, "Inner Unique": true, "Join Filter": "(customer.c_nationkey = supplier.s_nationkey)", "Plans": [{"Node Type": "Nested Loop", "Parent Relationship": "Outer", "Join Type": "Inner", "Startup Cost": 0.0, "Total Cost": 1692440.68, "Plan Rows": 3688948, "Plan Width": 58, "Inner Unique": false, "Plans": [{"Node Type": "Nested Loop", "Parent Relationship": "Outer", "Join Type": "Inner", "Startup Cost": 0.0, "Total Cost": 416646.27, "Plan Rows": 406290, "Plan Width": 42, "Inner Unique": false, "Plans": [{"Node Type": "Nested Loop", "Parent Relationship": "Outer", "Join Type": "Inner", "Startup Cost": 0.0, "Total Cost": 41537.47, "Plan Rows": 300000, "Plan Width": 42, "Inner Unique": false, "Plans": [{"Node Type": "Nested Loop", "Parent Relationship": "Outer", "Join Type": "Inner", "Startup Cost": 0.0, "Total Cost": 25.34, "Plan Rows": 5, "Plan Width": 30, "Inner Unique": true, "Join Filter": "(nation.n_regionkey = region.r_regionkey)", "Plans": [{"Node Type": "Index Scan", "Parent Relationship": "Outer", "Scan Direction": "Forward", "Index Name": "nation_pkey", "Relation Name": "nation", "Alias": "nation", "Startup Cost": 0.0, "Total Cost": 12.62, "Plan Rows": 25, "Plan Width": 34}, {"Node Type": "Materialize", "Parent Relationship": "Inner", "Startup Cost": 0.0, "Total Cost": 12.34, "Plan Rows": 1, "Plan Width": 4, "Plans": [{"Node Type": "Index Scan", "Parent Relationship": "Outer", "Scan Direction": "Forward", "Index Name": "region_pkey", "Relation Name": "region", "Alias": "region", "Startup Cost": 0.0, "Total Cost": 12.34, "Plan Rows": 1, "Plan Width": 4, "Filter": "(r_name = 'MIDDLE EAST'::bpchar)"}]}]}, {"Node Type": "Index Scan", "Parent Relationship": "Inner", "Scan Direction": "Forward", "Index Name": "idx_customer_nationkey", "Relation Name": "customer", "Alias": "customer", "Startup Cost": 0.0, "Total Cost": 7702.43, "Plan Rows": 60000, "Plan Width": 12, "Index Cond": "(c_nationkey = nation.n_nationkey)"}]}, {"Node Type": "Index Scan", "Parent Relationship": "Inner", "Scan Direction": "Forward", "Index Name": "idx_orders_custkey", "Relation Name": "orders", "Alias": "orders", "Startup Cost": 0.0, "Total Cost": 1.24, "Plan Rows": 1, "Plan Width": 16, "Index Cond": "(o_custkey = customer.c_custkey)", "Filter": "((o_orderdate >= '1994-01-01 00:00:00'::timestamp(0) without time zone) AND (o_orderdate < '1995-01-01 00:00:00'::timestamp without time zone))"}]}, {"Node Type": "Index Scan", "Parent Relationship": "Inner", "Scan Direction": "Forward", "Index Name": "idx_lineitem_orderkey", "Relation Name": "lineitem", "Alias": "lineitem", "Startup Cost": 0.0, "Total Cost": 3.05, "Plan Rows": 9, "Plan Width": 32, "Index Cond": "(l_orderkey = orders.o_orderkey)"}]}, {"Node Type": "Index Scan", "Parent Relationship": "Inner", "Scan Direction": "Forward", "Index Name": "supplier_pkey", "Relation Name": "supplier", "Alias": "supplier", "Startup Cost": 0.0, "Total Cost": 0.27, "Plan Rows": 1, "Plan Width": 12, "Index Cond": "(s_suppkey = lineitem.l_suppkey)"}]}]}]}, "Unique SQL Id": 1392561963}, "explain_analyze_plan": {"Plan": {"Node Type": "Sort", "Startup Cost": 2735319.99, "Total Cost": 2735320.05, "Plan Rows": 25, "Plan Width": 42, "Actual Startup Time": 25204.835, "Actual Total Time": 25204.836, "Actual Rows": 5, "Actual Loops": 1, "Sort Key": ["(sum((lineitem.l_extendedprice * (1::double precision - lineitem.l_discount)))) DESC"], "Sort Method": "quicksort", "Sort Space Used": 25, "Sort Space Type": "Memory", "Plans": [{"Node Type": "Aggregate", "Strategy": "Hashed", "Parent Relationship": "Outer", "Startup Cost": 2735319.16, "Total Cost": 2735319.41, "Plan Rows": 25, "Plan Width": 42, "Actual Startup Time": 25204.787, "Actual Total Time": 25204.788, "Actual Rows": 5, "Actual Loops": 1, "Group By Key": ["nation.n_name"], "Plans": [{"Node Type": "Nested Loop", "Parent Relationship": "Outer", "Join Type": "Inner", "Startup Cost": 0.0, "Total Cost": 2735225.26, "Plan Rows": 9390, "Plan Width": 42, "Actual Startup Time": 0.307, "Actual Total Time": 25108.266, "Actual Rows": 72985, "Actual Loops": 1, "Inner Unique": true, "Join Filter": "(customer.c_nationkey = supplier.s_nationkey)", "Rows Removed by Join Filter": 1742237, "Plans": [{"Node Type": "Nested Loop", "Parent Relationship": "Outer", "Join Type": "Inner", "Startup Cost": 0.0, "Total Cost": 1692440.68, "Plan Rows": 3688948, "Plan Width": 58, "Actual Startup Time": 0.179, "Actual Total Time": 15760.256, "Actual Rows": 1815222, "Actual Loops": 1, "Inner Unique": false, "Plans": [{"Node Type": "Nested Loop", "Parent Relationship": "Outer", "Join Type": "Inner", "Startup Cost": 0.0, "Total Cost": 416646.27, "Plan Rows": 406290, "Plan Width": 42, "Actual Startup Time": 0.162, "Actual Total Time": 9664.249, "Actual Rows": 454183, "Actual Loops": 1, "Inner Unique": false, "Plans": [{"Node Type": "Nested Loop", "Parent Relationship": "Outer", "Join Type": "Inner", "Startup Cost": 0.0, "Total Cost": 41537.47, "Plan Rows": 300000, "Plan Width": 42, "Actual Startup Time": 0.102, "Actual Total Time": 536.721, "Actual Rows": 299838, "Actual Loops": 1, "Inner Unique": false, "Plans": [{"Node Type": "Nested Loop", "Parent Relationship": "Outer", "Join Type": "Inner", "Startup Cost": 0.0, "Total Cost": 25.34, "Plan Rows": 5, "Plan Width": 30, "Actual Startup Time": 0.063, "Actual Total Time": 0.249, "Actual Rows": 5, "Actual Loops": 1, "Inner Unique": true, "Join Filter": "(nation.n_regionkey = region.r_regionkey)", "Rows Removed by Join Filter": 20, "Plans": [{"Node Type": "Index Scan", "Parent Relationship": "Outer", "Scan Direction": "Forward", "Index Name": "nation_pkey", "Relation Name": "nation", "Alias": "nation", "Startup Cost": 0.0, "Total Cost": 12.62, "Plan Rows": 25, "Plan Width": 34, "Actual Startup Time": 0.028, "Actual Total Time": 0.145, "Actual Rows": 25, "Actual Loops": 1}, {"Node Type": "Materialize", "Parent Relationship": "Inner", "Startup Cost": 0.0, "Total Cost": 12.34, "Plan Rows": 1, "Plan Width": 4, "Actual Startup Time": 0.038, "Actual Total Time": 0.042, "Actual Rows": 25, "Actual Loops": 25, "Plans": [{"Node Type": "Index Scan", "Parent Relationship": "Outer", "Scan Direction": "Forward", "Index Name": "region_pkey", "Relation Name": "region", "Alias": "region", "Startup Cost": 0.0, "Total Cost": 12.34, "Plan Rows": 1, "Plan Width": 4, "Actual Startup Time": 0.018, "Actual Total Time": 0.02, "Actual Rows": 1, "Actual Loops": 1, "Filter": "(r_name = 'MIDDLE EAST'::bpchar)", "Rows Removed by Filter": 4}]}]}, {"Node Type": "Index Scan", "Parent Relationship": "Inner", "Scan Direction": "Forward", "Index Name": "idx_customer_nationkey", "Relation Name": "customer", "Alias": "customer", "Startup Cost": 0.0, "Total Cost": 7702.43, "Plan Rows": 60000, "Plan Width": 12, "Actual Startup Time": 0.304, "Actual Total Time": 451.691, "Actual Rows": 299838, "Actual Loops": 5, "Index Cond": "(c_nationkey = nation.n_nationkey)", "Rows Removed by Index Recheck": 0}]}, {"Node Type": "Index Scan", "Parent Relationship": "Inner", "Scan Direction": "Forward", "Index Name": "idx_orders_custkey", "Relation Name": "orders", "Alias": "orders", "Startup Cost": 0.0, "Total Cost": 1.24, "Plan Rows": 1, "Plan Width": 16, "Actual Startup Time": 4172.358, "Actual Total Time": 8847.094, "Actual Rows": 454183, "Actual Loops": 299838, "Index Cond": "(o_custkey = customer.c_custkey)", "Rows Removed by Index Recheck": 0, "Filter": "((o_orderdate >= '1994-01-01 00:00:00'::timestamp(0) without time zone) AND (o_orderdate < '1995-01-01 00:00:00'::timestamp without time zone))", "Rows Removed by Filter": 2542535}]}, {"Node Type": "Index Scan", "Parent Relationship": "Inner", "Scan Direction": "Forward", "Index Name": "idx_lineitem_orderkey", "Relation Name": "lineitem", "Alias": "lineitem", "Startup Cost": 0.0, "Total Cost": 3.05, "Plan Rows": 9, "Plan Width": 32, "Actual Startup Time": 4444.128, "Actual Total Time": 5409.096, "Actual Rows": 1815222, "Actual Loops": 454183, "Index Cond": "(l_orderkey = orders.o_orderkey)", "Rows Removed by Index Recheck": 0}]}, {"Node Type": "Index Scan", "Parent Relationship": "Inner", "Scan Direction": "Forward", "Index Name": "supplier_pkey", "Relation Name": "supplier", "Alias": "supplier", "Startup Cost": 0.0, "Total Cost": 0.27, "Plan Rows": 1, "Plan Width": 12, "Actual Startup Time": 7323.41, "Actual Total Time": 7924.771, "Actual Rows": 1815222, "Actual Loops": 1815222, "Index Cond": "(s_suppkey = lineitem.l_suppkey)", "Rows Removed by Index Recheck": 0}]}]}]}, "Triggers": [], "Planner Runtime": 1.728, "Total Runtime": 25205.161, "Unique SQL Id": 1392561963}}, "(1, 122)": {"explain_plan": {"Plan": {"Node Type": "Sort", "Startup Cost": 51053787992.55, "Total Cost": 51053787992.61, "Plan Rows": 25, "Plan Width": 42, "Sort Key": ["(sum((lineitem.l_extendedprice * (1::double precision - lineitem.l_discount)))) DESC"], "Plans": [{"Node Type": "Aggregate", "Strategy": "Hashed", "Parent Relationship": "Outer", "Startup Cost": 51053787991.72, "Total Cost": 51053787991.97, "Plan Rows": 25, "Plan Width": 42, "Group By Key": ["nation.n_name"], "Plans": [{"Node Type": "Nested Loop", "Parent Relationship": "Outer", "Join Type": "Inner", "Startup Cost": 442.55, "Total Cost": 51053787897.82, "Plan Rows": 9390, "Plan Width": 42, "Inner Unique": false, "Join Filter": "((orders.o_custkey = customer.c_custkey) AND (supplier.s_nationkey = customer.c_nationkey))", "Plans": [{"Node Type": "Seq Scan", "Parent Relationship": "Outer", "Relation Name": "customer", "Alias": "customer", "Startup Cost": 0.0, "Total Cost": 52126.0, "Plan Rows": 1500000, "Plan Width": 12}, {"Node Type": "Materialize", "Parent Relationship": "Inner", "Startup Cost": 442.55, "Total Cost": 44131637681.06, "Plan Rows": 263699, "Plan Width": 58, "Plans": [{"Node Type": "Nested Loop", "Parent Relationship": "Outer", "Join Type": "Inner", "Startup Cost": 442.55, "Total Cost": 44131636362.57, "Plan Rows": 263699, "Plan Width": 58, "Inner Unique": false, "Join Filter": "(lineitem.l_orderkey = orders.o_orderkey), (LLVM Optimized)", "Plans": [{"Node Type": "Seq Scan", "Parent Relationship": "Outer", "Relation Name": "orders", "Alias": "orders", "Startup Cost": 442.55, "Total Cost": 501411.18, "Plan Rows": 2281758, "Plan Width": 16, "Filter": "((o_orderdate >= '1994-01-01 00:00:00'::timestamp(0) without time zone) AND (o_orderdate < '1995-01-01 00:00:00'::timestamp without time zone)), (LLVM Optimized)"}, {"Node Type": "Materialize", "Parent Relationship": "Inner", "Startup Cost": 0.0, "Total Cost": 17998139668.64, "Plan Rows": 763534, "Plan Width": 58, "Plans": [{"Node Type": "Nested Loop", "Parent Relationship": "Outer", "Join Type": "Inner", "Startup Cost": 0.0, "Total Cost": 17998135850.97, "Plan Rows": 763534, "Plan Width": 58, "Inner Unique": false, "Join Filter": "(supplier.s_suppkey = lineitem.l_suppkey), (LLVM Optimized)", "Plans": [{"Node Type": "Seq Scan", "Parent Relationship": "Outer", "Relation Name": "lineitem", "Alias": "lineitem", "Startup Cost": 0.0, "Total Cost": 2015115.33, "Plan Rows": 59987033, "Plan Width": 32}, {"Node Type": "Materialize", "Parent Relationship": "Inner", "Startup Cost": 0.0, "Total Cost": 10885.64, "Plan Rows": 20000, "Plan Width": 42, "Plans": [{"Node Type": "Nested Loop", "Parent Relationship": "Outer", "Join Type": "Inner", "Startup Cost": 0.0, "Total Cost": 10785.64, "Plan Rows": 20000, "Plan Width": 42, "Inner Unique": false, "Join Filter": "(nation.n_nationkey = supplier.s_nationkey)", "Plans": [{"Node Type": "Seq Scan", "Parent Relationship": "Outer", "Relation Name": "supplier", "Alias": "supplier", "Startup Cost": 0.0, "Total Cost": 3283.0, "Plan Rows": 100000, "Plan Width": 12}, {"Node Type": "Materialize", "Parent Relationship": "Inner", "Startup Cost": 0.0, "Total Cost": 2.65, "Plan Rows": 5, "Plan Width": 30, "Plans": [{"Node Type": "Nested Loop", "Parent Relationship": "Outer", "Join Type": "Inner", "Startup Cost": 0.0, "Total Cost": 2.62, "Plan Rows": 5, "Plan Width": 30, "Inner Unique": false, "Join Filter": "(nation.n_regionkey = region.r_regionkey)", "Plans": [{"Node Type": "Seq Scan", "Parent Relationship": "Outer", "Relation Name": "region", "Alias": "region", "Startup Cost": 0.0, "Total Cost": 1.06, "Plan Rows": 1, "Plan Width": 4, "Filter": "(r_name = 'MIDDLE EAST'::bpchar)"}, {"Node Type": "Seq Scan", "Parent Relationship": "Inner", "Relation Name": "nation", "Alias": "nation", "Startup Cost": 0.0, "Total Cost": 1.25, "Plan Rows": 25, "Plan Width": 34}]}]}]}]}]}]}]}]}]}]}]}, "Unique SQL Id": 1392561963}, "explain_analyze_plan": null}, "(1, 123)": {"explain_plan": {"Plan": {"Node Type": "Sort", "Startup Cost": 6051464595461.66, "Total Cost": 6051464595461.73, "Plan Rows": 25, "Plan Width": 42, "Sort Key": ["(sum((lineitem.l_extendedprice * (1::double precision - lineitem.l_discount)))) DESC"], "Plans": [{"Node Type": "Aggregate", "Strategy": "Hashed", "Parent Relationship": "Outer", "Startup Cost": 6051464595460.83, "Total Cost": 6051464595461.08, "Plan Rows": 25, "Plan Width": 42, "Group By Key": ["nation.n_name"], "Plans": [{"Node Type": "Nested Loop", "Parent Relationship": "Outer", "Join Type": "Inner", "Startup Cost": 60000000000.0, "Total Cost": 6051464595366.93, "Plan Rows": 9390, "Plan Width": 42, "Inner Unique": false, "Join Filter": "((orders.o_custkey = customer.c_custkey) AND (supplier.s_nationkey = customer.c_nationkey))", "Plans": [{"Node Type": "Index Scan", "Parent Relationship": "Outer", "Scan Direction": "Forward", "Index Name": "customer_pkey", "Relation Name": "customer", "Alias": "customer", "Startup Cost": 10000000000.0, "Total Cost": 1000008076535.62, "Plan Rows": 1500000, "Plan Width": 12}, {"Node Type": "Materialize", "Parent Relationship": "Inner", "Startup Cost": 50000000000.0, "Total Cost": 5044534420740.56, "Plan Rows": 263699, "Plan Width": 58, "Plans": [{"Node Type": "Nested Loop", "Parent Relationship": "Outer", "Join Type": "Inner", "Startup Cost": 50000000000.0, "Total Cost": 5044534419422.06, "Plan Rows": 263699, "Plan Width": 58, "Inner Unique": true, "Join Filter": "(lineitem.l_orderkey = orders.o_orderkey), (LLVM Optimized)", "Plans": [{"Node Type": "Nested Loop", "Parent Relationship": "Outer", "Join Type": "Inner", "Startup Cost": 40000000000.0, "Total Cost": 4018320818943.09, "Plan Rows": 763534, "Plan Width": 58, "Inner Unique": false, "Join Filter": "(supplier.s_suppkey = lineitem.l_suppkey), (LLVM Optimized)", "Plans": [{"Node Type": "Nested Loop", "Parent Relationship": "Outer", "Join Type": "Inner", "Startup Cost": 30000000000.0, "Total Cost": 3000000543701.01, "Plan Rows": 20000, "Plan Width": 42, "Inner Unique": false, "Join Filter": "(nation.n_nationkey = supplier.s_nationkey)", "Plans": [{"Node Type": "Nested Loop", "Parent Relationship": "Outer", "Join Type": "Inner", "Startup Cost": 20000000000.0, "Total Cost": 2000000002496.63, "Plan Rows": 5, "Plan Width": 30, "Inner Unique": true, "Join Filter": "(nation.n_regionkey = region.r_regionkey)", "Plans": [{"Node Type": "Index Scan", "Parent Relationship": "Outer", "Scan Direction": "Forward", "Index Name": "nation_pkey", "Relation Name": "nation", "Alias": "nation", "Startup Cost": 10000000000.0, "Total Cost": 1000000001262.5, "Plan Rows": 25, "Plan Width": 34}, {"Node Type": "Materialize", "Parent Relationship": "Inner", "Startup Cost": 10000000000.0, "Total Cost": 1000000001233.76, "Plan Rows": 1, "Plan Width": 4, "Plans": [{"Node Type": "Index Scan", "Parent Relationship": "Outer", "Scan Direction": "Forward", "Index Name": "region_pkey", "Relation Name": "region", "Alias": "region", "Startup Cost": 10000000000.0, "Total Cost": 1000000001233.75, "Plan Rows": 1, "Plan Width": 4, "Filter": "(r_name = 'MIDDLE EAST'::bpchar)"}]}]}, {"Node Type": "Materialize", "Parent Relationship": "Inner", "Startup Cost": 10000000000.0, "Total Cost": 1000000533954.38, "Plan Rows": 100000, "Plan Width": 12, "Plans": [{"Node Type": "Index Scan", "Parent Relationship": "Outer", "Scan Direction": "Forward", "Index Name": "supplier_pkey", "Relation Name": "supplier", "Alias": "supplier", "Startup Cost": 10000000000.0, "Total Cost": 1000000533454.38, "Plan Rows": 100000, "Plan Width": 12}]}]}, {"Node Type": "Materialize", "Parent Relationship": "Inner", "Startup Cost": 10000000000.0, "Total Cost": 1000324315309.67, "Plan Rows": 59987033, "Plan Width": 32, "Plans": [{"Node Type": "Index Scan", "Parent Relationship": "Outer", "Scan Direction": "Forward", "Index Name": "idx_lineitem_orderkey", "Relation Name": "lineitem", "Alias": "lineitem", "Startup Cost": 10000000000.0, "Total Cost": 1000324015374.5, "Plan Rows": 59987033, "Plan Width": 32}]}]}, {"Node Type": "Materialize", "Parent Relationship": "Inner", "Startup Cost": 10000000000.0, "Total Cost": 1000080608991.79, "Plan Rows": 2281758, "Plan Width": 16, "Plans": [{"Node Type": "Index Scan", "Parent Relationship": "Outer", "Scan Direction": "Forward", "Index Name": "orders_pkey", "Relation Name": "orders", "Alias": "orders", "Startup Cost": 10000000000.0, "Total Cost": 1000080597583.0, "Plan Rows": 2281758, "Plan Width": 16, "Filter": "((o_orderdate >= '1994-01-01 00:00:00'::timestamp(0) without time zone) AND (o_orderdate < '1995-01-01 00:00:00'::timestamp without time zone)), (LLVM Optimized)"}]}]}]}]}]}]}, "Unique SQL Id": 1392561963}, "explain_analyze_plan": null}, "(1, 124)": {"explain_plan": {"Plan": {"Node Type": "Sort", "Startup Cost": 2735308.72, "Total Cost": 2735308.78, "Plan Rows": 25, "Plan Width": 42, "Sort Key": ["(sum((lineitem.l_extendedprice * (1::double precision - lineitem.l_discount)))) DESC"], "Plans": [{"Node Type": "Aggregate", "Strategy": "Hashed", "Parent Relationship": "Outer", "Startup Cost": 2735307.89, "Total Cost": 2735308.14, "Plan Rows": 25, "Plan Width": 42, "Group By Key": ["nation.n_name"], "Plans": [{"Node Type": "Nested Loop", "Parent Relationship": "Outer", "Join Type": "Inner", "Startup Cost": 0.0, "Total Cost": 2735213.99, "Plan Rows": 9390, "Plan Width": 42, "Inner Unique": true, "Join Filter": "(customer.c_nationkey = supplier.s_nationkey)", "Plans": [{"Node Type": "Nested Loop", "Parent Relationship": "Outer", "Join Type": "Inner", "Startup Cost": 0.0, "Total Cost": 1692429.4, "Plan Rows": 3688948, "Plan Width": 58, "Inner Unique": false, "Plans": [{"Node Type": "Nested Loop", "Parent Relationship": "Outer", "Join Type": "Inner", "Startup Cost": 0.0, "Total Cost": 416634.99, "Plan Rows": 406290, "Plan Width": 42, "Inner Unique": false, "Plans": [{"Node Type": "Nested Loop", "Parent Relationship": "Outer", "Join Type": "Inner", "Startup Cost": 0.0, "Total Cost": 41526.19, "Plan Rows": 300000, "Plan Width": 42, "Inner Unique": false, "Plans": [{"Node Type": "Nested Loop", "Parent Relationship": "Outer", "Join Type": "Inner", "Startup Cost": 0.0, "Total Cost": 14.06, "Plan Rows": 5, "Plan Width": 30, "Inner Unique": true, "Join Filter": "(nation.n_regionkey = region.r_regionkey)", "Plans": [{"Node Type": "Index Scan", "Parent Relationship": "Outer", "Scan Direction": "Forward", "Index Name": "nation_pkey", "Relation Name": "nation", "Alias": "nation", "Startup Cost": 0.0, "Total Cost": 12.62, "Plan Rows": 25, "Plan Width": 34}, {"Node Type": "Materialize", "Parent Relationship": "Inner", "Startup Cost": 0.0, "Total Cost": 1.07, "Plan Rows": 1, "Plan Width": 4, "Plans": [{"Node Type": "Seq Scan", "Parent Relationship": "Outer", "Relation Name": "region", "Alias": "region", "Startup Cost": 0.0, "Total Cost": 1.06, "Plan Rows": 1, "Plan Width": 4, "Filter": "(r_name = 'MIDDLE EAST'::bpchar)"}]}]}, {"Node Type": "Index Scan", "Parent Relationship": "Inner", "Scan Direction": "Forward", "Index Name": "idx_customer_nationkey", "Relation Name": "customer", "Alias": "customer", "Startup Cost": 0.0, "Total Cost": 7702.43, "Plan Rows": 60000, "Plan Width": 12, "Index Cond": "(c_nationkey = nation.n_nationkey)"}]}, {"Node Type": "Index Scan", "Parent Relationship": "Inner", "Scan Direction": "Forward", "Index Name": "idx_orders_custkey", "Relation Name": "orders", "Alias": "orders", "Startup Cost": 0.0, "Total Cost": 1.24, "Plan Rows": 1, "Plan Width": 16, "Index Cond": "(o_custkey = customer.c_custkey)", "Filter": "((o_orderdate >= '1994-01-01 00:00:00'::timestamp(0) without time zone) AND (o_orderdate < '1995-01-01 00:00:00'::timestamp without time zone))"}]}, {"Node Type": "Index Scan", "Parent Relationship": "Inner", "Scan Direction": "Forward", "Index Name": "idx_lineitem_orderkey", "Relation Name": "lineitem", "Alias": "lineitem", "Startup Cost": 0.0, "Total Cost": 3.05, "Plan Rows": 9, "Plan Width": 32, "Index Cond": "(l_orderkey = orders.o_orderkey)"}]}, {"Node Type": "Index Scan", "Parent Relationship": "Inner", "Scan Direction": "Forward", "Index Name": "supplier_pkey", "Relation Name": "supplier", "Alias": "supplier", "Startup Cost": 0.0, "Total Cost": 0.27, "Plan Rows": 1, "Plan Width": 12, "Index Cond": "(s_suppkey = lineitem.l_suppkey)"}]}]}]}, "Unique SQL Id": 1392561963}, "explain_analyze_plan": {"Plan": {"Node Type": "Sort", "Startup Cost": 2735308.72, "Total Cost": 2735308.78, "Plan Rows": 25, "Plan Width": 42, "Actual Startup Time": 25481.186, "Actual Total Time": 25481.187, "Actual Rows": 5, "Actual Loops": 1, "Sort Key": ["(sum((lineitem.l_extendedprice * (1::double precision - lineitem.l_discount)))) DESC"], "Sort Method": "quicksort", "Sort Space Used": 25, "Sort Space Type": "Memory", "Plans": [{"Node Type": "Aggregate", "Strategy": "Hashed", "Parent Relationship": "Outer", "Startup Cost": 2735307.89, "Total Cost": 2735308.14, "Plan Rows": 25, "Plan Width": 42, "Actual Startup Time": 25481.158, "Actual Total Time": 25481.16, "Actual Rows": 5, "Actual Loops": 1, "Group By Key": ["nation.n_name"], "Plans": [{"Node Type": "Nested Loop", "Parent Relationship": "Outer", "Join Type": "Inner", "Startup Cost": 0.0, "Total Cost": 2735213.99, "Plan Rows": 9390, "Plan Width": 42, "Actual Startup Time": 0.275, "Actual Total Time": 25382.369, "Actual Rows": 72985, "Actual Loops": 1, "Inner Unique": true, "Join Filter": "(customer.c_nationkey = supplier.s_nationkey)", "Rows Removed by Join Filter": 1742237, "Plans": [{"Node Type": "Nested Loop", "Parent Relationship": "Outer", "Join Type": "Inner", "Startup Cost": 0.0, "Total Cost": 1692429.4, "Plan Rows": 3688948, "Plan Width": 58, "Actual Startup Time": 0.16, "Actual Total Time": 15978.398, "Actual Rows": 1815222, "Actual Loops": 1, "Inner Unique": false, "Plans": [{"Node Type": "Nested Loop", "Parent Relationship": "Outer", "Join Type": "Inner", "Startup Cost": 0.0, "Total Cost": 416634.99, "Plan Rows": 406290, "Plan Width": 42, "Actual Startup Time": 0.146, "Actual Total Time": 9813.592, "Actual Rows": 454183, "Actual Loops": 1, "Inner Unique": false, "Plans": [{"Node Type": "Nested Loop", "Parent Relationship": "Outer", "Join Type": "Inner", "Startup Cost": 0.0, "Total Cost": 41526.19, "Plan Rows": 300000, "Plan Width": 42, "Actual Startup Time": 0.09, "Actual Total Time": 545.374, "Actual Rows": 299838, "Actual Loops": 1, "Inner Unique": false, "Plans": [{"Node Type": "Nested Loop", "Parent Relationship": "Outer", "Join Type": "Inner", "Startup Cost": 0.0, "Total Cost": 14.06, "Plan Rows": 5, "Plan Width": 30, "Actual Startup Time": 0.056, "Actual Total Time": 0.141, "Actual Rows": 5, "Actual Loops": 1, "Inner Unique": true, "Join Filter": "(nation.n_regionkey = region.r_regionkey)", "Rows Removed by Join Filter": 20, "Plans": [{"Node Type": "Index Scan", "Parent Relationship": "Outer", "Scan Direction": "Forward", "Index Name": "nation_pkey", "Relation Name": "nation", "Alias": "nation", "Startup Cost": 0.0, "Total Cost": 12.62, "Plan Rows": 25, "Plan Width": 34, "Actual Startup Time": 0.022, "Actual Total Time": 0.053, "Actual Rows": 25, "Actual Loops": 1}, {"Node Type": "Materialize", "Parent Relationship": "Inner", "Startup Cost": 0.0, "Total Cost": 1.07, "Plan Rows": 1, "Plan Width": 4, "Actual Startup Time": 0.03, "Actual Total Time": 0.032, "Actual Rows": 25, "Actual Loops": 25, "Plans": [{"Node Type": "Seq Scan", "Parent Relationship": "Outer", "Relation Name": "region", "Alias": "region", "Startup Cost": 0.0, "Total Cost": 1.06, "Plan Rows": 1, "Plan Width": 4, "Actual Startup Time": 0.017, "Actual Total Time": 0.018, "Actual Rows": 1, "Actual Loops": 1, "Filter": "(r_name = 'MIDDLE EAST'::bpchar)", "Rows Removed by Filter": 4}]}]}, {"Node Type": "Index Scan", "Parent Relationship": "Inner", "Scan Direction": "Forward", "Index Name": "idx_customer_nationkey", "Relation Name": "customer", "Alias": "customer", "Startup Cost": 0.0, "Total Cost": 7702.43, "Plan Rows": 60000, "Plan Width": 12, "Actual Startup Time": 0.163, "Actual Total Time": 459.051, "Actual Rows": 299838, "Actual Loops": 5, "Index Cond": "(c_nationkey = nation.n_nationkey)", "Rows Removed by Index Recheck": 0}]}, {"Node Type": "Index Scan", "Parent Relationship": "Inner", "Scan Direction": "Forward", "Index Name": "idx_orders_custkey", "Relation Name": "orders", "Alias": "orders", "Startup Cost": 0.0, "Total Cost": 1.24, "Plan Rows": 1, "Plan Width": 16, "Actual Startup Time": 4235.815, "Actual Total Time": 8982.458, "Actual Rows": 454183, "Actual Loops": 299838, "Index Cond": "(o_custkey = customer.c_custkey)", "Rows Removed by Index Recheck": 0, "Filter": "((o_orderdate >= '1994-01-01 00:00:00'::timestamp(0) without time zone) AND (o_orderdate < '1995-01-01 00:00:00'::timestamp without time zone))", "Rows Removed by Filter": 2542535}]}, {"Node Type": "Index Scan", "Parent Relationship": "Inner", "Scan Direction": "Forward", "Index Name": "idx_lineitem_orderkey", "Relation Name": "lineitem", "Alias": "lineitem", "Startup Cost": 0.0, "Total Cost": 3.05, "Plan Rows": 9, "Plan Width": 32, "Actual Startup Time": 4510.572, "Actual Total Time": 5479.553, "Actual Rows": 1815222, "Actual Loops": 454183, "Index Cond": "(l_orderkey = orders.o_orderkey)", "Rows Removed by Index Recheck": 0}]}, {"Node Type": "Index Scan", "Parent Relationship": "Inner", "Scan Direction": "Forward", "Index Name": "supplier_pkey", "Relation Name": "supplier", "Alias": "supplier", "Startup Cost": 0.0, "Total Cost": 0.27, "Plan Rows": 1, "Plan Width": 12, "Actual Startup Time": 7384.015, "Actual Total Time": 7983.405, "Actual Rows": 1815222, "Actual Loops": 1815222, "Index Cond": "(s_suppkey = lineitem.l_suppkey)", "Rows Removed by Index Recheck": 0}]}]}]}, "Triggers": [], "Planner Runtime": 1.859, "Total Runtime": 25481.635, "Unique SQL Id": 1392561963}}, "(1, 125)": {"explain_plan": {"Plan": {"Node Type": "Sort", "Startup Cost": 2735319.99, "Total Cost": 2735320.05, "Plan Rows": 25, "Plan Width": 42, "Sort Key": ["(sum((lineitem.l_extendedprice * (1::double precision - lineitem.l_discount)))) DESC"], "Plans": [{"Node Type": "Aggregate", "Strategy": "Hashed", "Parent Relationship": "Outer", "Startup Cost": 2735319.16, "Total Cost": 2735319.41, "Plan Rows": 25, "Plan Width": 42, "Group By Key": ["nation.n_name"], "Plans": [{"Node Type": "Nested Loop", "Parent Relationship": "Outer", "Join Type": "Inner", "Startup Cost": 0.0, "Total Cost": 2735225.26, "Plan Rows": 9390, "Plan Width": 42, "Inner Unique": true, "Join Filter": "(customer.c_nationkey = supplier.s_nationkey)", "Plans": [{"Node Type": "Nested Loop", "Parent Relationship": "Outer", "Join Type": "Inner", "Startup Cost": 0.0, "Total Cost": 1692440.68, "Plan Rows": 3688948, "Plan Width": 58, "Inner Unique": false, "Plans": [{"Node Type": "Nested Loop", "Parent Relationship": "Outer", "Join Type": "Inner", "Startup Cost": 0.0, "Total Cost": 416646.27, "Plan Rows": 406290, "Plan Width": 42, "Inner Unique": false, "Plans": [{"Node Type": "Nested Loop", "Parent Relationship": "Outer", "Join Type": "Inner", "Startup Cost": 0.0, "Total Cost": 41537.47, "Plan Rows": 300000, "Plan Width": 42, "Inner Unique": false, "Plans": [{"Node Type": "Nested Loop", "Parent Relationship": "Outer", "Join Type": "Inner", "Startup Cost": 0.0, "Total Cost": 25.34, "Plan Rows": 5, "Plan Width": 30, "Inner Unique": true, "Join Filter": "(nation.n_regionkey = region.r_regionkey)", "Plans": [{"Node Type": "Index Scan", "Parent Relationship": "Outer", "Scan Direction": "Forward", "Index Name": "nation_pkey", "Relation Name": "nation", "Alias": "nation", "Startup Cost": 0.0, "Total Cost": 12.62, "Plan Rows": 25, "Plan Width": 34}, {"Node Type": "Materialize", "Parent Relationship": "Inner", "Startup Cost": 0.0, "Total Cost": 12.34, "Plan Rows": 1, "Plan Width": 4, "Plans": [{"Node Type": "Index Scan", "Parent Relationship": "Outer", "Scan Direction": "Forward", "Index Name": "region_pkey", "Relation Name": "region", "Alias": "region", "Startup Cost": 0.0, "Total Cost": 12.34, "Plan Rows": 1, "Plan Width": 4, "Filter": "(r_name = 'MIDDLE EAST'::bpchar)"}]}]}, {"Node Type": "Index Scan", "Parent Relationship": "Inner", "Scan Direction": "Forward", "Index Name": "idx_customer_nationkey", "Relation Name": "customer", "Alias": "customer", "Startup Cost": 0.0, "Total Cost": 7702.43, "Plan Rows": 60000, "Plan Width": 12, "Index Cond": "(c_nationkey = nation.n_nationkey)"}]}, {"Node Type": "Index Scan", "Parent Relationship": "Inner", "Scan Direction": "Forward", "Index Name": "idx_orders_custkey", "Relation Name": "orders", "Alias": "orders", "Startup Cost": 0.0, "Total Cost": 1.24, "Plan Rows": 1, "Plan Width": 16, "Index Cond": "(o_custkey = customer.c_custkey)", "Filter": "((o_orderdate >= '1994-01-01 00:00:00'::timestamp(0) without time zone) AND (o_orderdate < '1995-01-01 00:00:00'::timestamp without time zone))"}]}, {"Node Type": "Index Scan", "Parent Relationship": "Inner", "Scan Direction": "Forward", "Index Name": "idx_lineitem_orderkey", "Relation Name": "lineitem", "Alias": "lineitem", "Startup Cost": 0.0, "Total Cost": 3.05, "Plan Rows": 9, "Plan Width": 32, "Index Cond": "(l_orderkey = orders.o_orderkey)"}]}, {"Node Type": "Index Scan", "Parent Relationship": "Inner", "Scan Direction": "Forward", "Index Name": "supplier_pkey", "Relation Name": "supplier", "Alias": "supplier", "Startup Cost": 0.0, "Total Cost": 0.27, "Plan Rows": 1, "Plan Width": 12, "Index Cond": "(s_suppkey = lineitem.l_suppkey)"}]}]}]}, "Unique SQL Id": 1392561963}, "explain_analyze_plan": {"Plan": {"Node Type": "Sort", "Startup Cost": 2735319.99, "Total Cost": 2735320.05, "Plan Rows": 25, "Plan Width": 42, "Actual Startup Time": 25204.835, "Actual Total Time": 25204.836, "Actual Rows": 5, "Actual Loops": 1, "Sort Key": ["(sum((lineitem.l_extendedprice * (1::double precision - lineitem.l_discount)))) DESC"], "Sort Method": "quicksort", "Sort Space Used": 25, "Sort Space Type": "Memory", "Plans": [{"Node Type": "Aggregate", "Strategy": "Hashed", "Parent Relationship": "Outer", "Startup Cost": 2735319.16, "Total Cost": 2735319.41, "Plan Rows": 25, "Plan Width": 42, "Actual Startup Time": 25204.787, "Actual Total Time": 25204.788, "Actual Rows": 5, "Actual Loops": 1, "Group By Key": ["nation.n_name"], "Plans": [{"Node Type": "Nested Loop", "Parent Relationship": "Outer", "Join Type": "Inner", "Startup Cost": 0.0, "Total Cost": 2735225.26, "Plan Rows": 9390, "Plan Width": 42, "Actual Startup Time": 0.307, "Actual Total Time": 25108.266, "Actual Rows": 72985, "Actual Loops": 1, "Inner Unique": true, "Join Filter": "(customer.c_nationkey = supplier.s_nationkey)", "Rows Removed by Join Filter": 1742237, "Plans": [{"Node Type": "Nested Loop", "Parent Relationship": "Outer", "Join Type": "Inner", "Startup Cost": 0.0, "Total Cost": 1692440.68, "Plan Rows": 3688948, "Plan Width": 58, "Actual Startup Time": 0.179, "Actual Total Time": 15760.256, "Actual Rows": 1815222, "Actual Loops": 1, "Inner Unique": false, "Plans": [{"Node Type": "Nested Loop", "Parent Relationship": "Outer", "Join Type": "Inner", "Startup Cost": 0.0, "Total Cost": 416646.27, "Plan Rows": 406290, "Plan Width": 42, "Actual Startup Time": 0.162, "Actual Total Time": 9664.249, "Actual Rows": 454183, "Actual Loops": 1, "Inner Unique": false, "Plans": [{"Node Type": "Nested Loop", "Parent Relationship": "Outer", "Join Type": "Inner", "Startup Cost": 0.0, "Total Cost": 41537.47, "Plan Rows": 300000, "Plan Width": 42, "Actual Startup Time": 0.102, "Actual Total Time": 536.721, "Actual Rows": 299838, "Actual Loops": 1, "Inner Unique": false, "Plans": [{"Node Type": "Nested Loop", "Parent Relationship": "Outer", "Join Type": "Inner", "Startup Cost": 0.0, "Total Cost": 25.34, "Plan Rows": 5, "Plan Width": 30, "Actual Startup Time": 0.063, "Actual Total Time": 0.249, "Actual Rows": 5, "Actual Loops": 1, "Inner Unique": true, "Join Filter": "(nation.n_regionkey = region.r_regionkey)", "Rows Removed by Join Filter": 20, "Plans": [{"Node Type": "Index Scan", "Parent Relationship": "Outer", "Scan Direction": "Forward", "Index Name": "nation_pkey", "Relation Name": "nation", "Alias": "nation", "Startup Cost": 0.0, "Total Cost": 12.62, "Plan Rows": 25, "Plan Width": 34, "Actual Startup Time": 0.028, "Actual Total Time": 0.145, "Actual Rows": 25, "Actual Loops": 1}, {"Node Type": "Materialize", "Parent Relationship": "Inner", "Startup Cost": 0.0, "Total Cost": 12.34, "Plan Rows": 1, "Plan Width": 4, "Actual Startup Time": 0.038, "Actual Total Time": 0.042, "Actual Rows": 25, "Actual Loops": 25, "Plans": [{"Node Type": "Index Scan", "Parent Relationship": "Outer", "Scan Direction": "Forward", "Index Name": "region_pkey", "Relation Name": "region", "Alias": "region", "Startup Cost": 0.0, "Total Cost": 12.34, "Plan Rows": 1, "Plan Width": 4, "Actual Startup Time": 0.018, "Actual Total Time": 0.02, "Actual Rows": 1, "Actual Loops": 1, "Filter": "(r_name = 'MIDDLE EAST'::bpchar)", "Rows Removed by Filter": 4}]}]}, {"Node Type": "Index Scan", "Parent Relationship": "Inner", "Scan Direction": "Forward", "Index Name": "idx_customer_nationkey", "Relation Name": "customer", "Alias": "customer", "Startup Cost": 0.0, "Total Cost": 7702.43, "Plan Rows": 60000, "Plan Width": 12, "Actual Startup Time": 0.304, "Actual Total Time": 451.691, "Actual Rows": 299838, "Actual Loops": 5, "Index Cond": "(c_nationkey = nation.n_nationkey)", "Rows Removed by Index Recheck": 0}]}, {"Node Type": "Index Scan", "Parent Relationship": "Inner", "Scan Direction": "Forward", "Index Name": "idx_orders_custkey", "Relation Name": "orders", "Alias": "orders", "Startup Cost": 0.0, "Total Cost": 1.24, "Plan Rows": 1, "Plan Width": 16, "Actual Startup Time": 4172.358, "Actual Total Time": 8847.094, "Actual Rows": 454183, "Actual Loops": 299838, "Index Cond": "(o_custkey = customer.c_custkey)", "Rows Removed by Index Recheck": 0, "Filter": "((o_orderdate >= '1994-01-01 00:00:00'::timestamp(0) without time zone) AND (o_orderdate < '1995-01-01 00:00:00'::timestamp without time zone))", "Rows Removed by Filter": 2542535}]}, {"Node Type": "Index Scan", "Parent Relationship": "Inner", "Scan Direction": "Forward", "Index Name": "idx_lineitem_orderkey", "Relation Name": "lineitem", "Alias": "lineitem", "Startup Cost": 0.0, "Total Cost": 3.05, "Plan Rows": 9, "Plan Width": 32, "Actual Startup Time": 4444.128, "Actual Total Time": 5409.096, "Actual Rows": 1815222, "Actual Loops": 454183, "Index Cond": "(l_orderkey = orders.o_orderkey)", "Rows Removed by Index Recheck": 0}]}, {"Node Type": "Index Scan", "Parent Relationship": "Inner", "Scan Direction": "Forward", "Index Name": "supplier_pkey", "Relation Name": "supplier", "Alias": "supplier", "Startup Cost": 0.0, "Total Cost": 0.27, "Plan Rows": 1, "Plan Width": 12, "Actual Startup Time": 7323.41, "Actual Total Time": 7924.771, "Actual Rows": 1815222, "Actual Loops": 1815222, "Index Cond": "(s_suppkey = lineitem.l_suppkey)", "Rows Removed by Index Recheck": 0}]}]}]}, "Triggers": [], "Planner Runtime": 1.728, "Total Runtime": 25205.161, "Unique SQL Id": 1392561963}}, "(1, 126)": {"explain_plan": {"Plan": {"Node Type": "Sort", "Startup Cost": 51053787992.55, "Total Cost": 51053787992.61, "Plan Rows": 25, "Plan Width": 42, "Sort Key": ["(sum((lineitem.l_extendedprice * (1::double precision - lineitem.l_discount)))) DESC"], "Plans": [{"Node Type": "Aggregate", "Strategy": "Hashed", "Parent Relationship": "Outer", "Startup Cost": 51053787991.72, "Total Cost": 51053787991.97, "Plan Rows": 25, "Plan Width": 42, "Group By Key": ["nation.n_name"], "Plans": [{"Node Type": "Nested Loop", "Parent Relationship": "Outer", "Join Type": "Inner", "Startup Cost": 442.55, "Total Cost": 51053787897.82, "Plan Rows": 9390, "Plan Width": 42, "Inner Unique": false, "Join Filter": "((orders.o_custkey = customer.c_custkey) AND (supplier.s_nationkey = customer.c_nationkey))", "Plans": [{"Node Type": "Seq Scan", "Parent Relationship": "Outer", "Relation Name": "customer", "Alias": "customer", "Startup Cost": 0.0, "Total Cost": 52126.0, "Plan Rows": 1500000, "Plan Width": 12}, {"Node Type": "Materialize", "Parent Relationship": "Inner", "Startup Cost": 442.55, "Total Cost": 44131637681.06, "Plan Rows": 263699, "Plan Width": 58, "Plans": [{"Node Type": "Nested Loop", "Parent Relationship": "Outer", "Join Type": "Inner", "Startup Cost": 442.55, "Total Cost": 44131636362.57, "Plan Rows": 263699, "Plan Width": 58, "Inner Unique": false, "Join Filter": "(lineitem.l_orderkey = orders.o_orderkey), (LLVM Optimized)", "Plans": [{"Node Type": "Seq Scan", "Parent Relationship": "Outer", "Relation Name": "orders", "Alias": "orders", "Startup Cost": 442.55, "Total Cost": 501411.18, "Plan Rows": 2281758, "Plan Width": 16, "Filter": "((o_orderdate >= '1994-01-01 00:00:00'::timestamp(0) without time zone) AND (o_orderdate < '1995-01-01 00:00:00'::timestamp without time zone)), (LLVM Optimized)"}, {"Node Type": "Materialize", "Parent Relationship": "Inner", "Startup Cost": 0.0, "Total Cost": 17998139668.64, "Plan Rows": 763534, "Plan Width": 58, "Plans": [{"Node Type": "Nested Loop", "Parent Relationship": "Outer", "Join Type": "Inner", "Startup Cost": 0.0, "Total Cost": 17998135850.97, "Plan Rows": 763534, "Plan Width": 58, "Inner Unique": false, "Join Filter": "(supplier.s_suppkey = lineitem.l_suppkey), (LLVM Optimized)", "Plans": [{"Node Type": "Seq Scan", "Parent Relationship": "Outer", "Relation Name": "lineitem", "Alias": "lineitem", "Startup Cost": 0.0, "Total Cost": 2015115.33, "Plan Rows": 59987033, "Plan Width": 32}, {"Node Type": "Materialize", "Parent Relationship": "Inner", "Startup Cost": 0.0, "Total Cost": 10885.64, "Plan Rows": 20000, "Plan Width": 42, "Plans": [{"Node Type": "Nested Loop", "Parent Relationship": "Outer", "Join Type": "Inner", "Startup Cost": 0.0, "Total Cost": 10785.64, "Plan Rows": 20000, "Plan Width": 42, "Inner Unique": false, "Join Filter": "(nation.n_nationkey = supplier.s_nationkey)", "Plans": [{"Node Type": "Seq Scan", "Parent Relationship": "Outer", "Relation Name": "supplier", "Alias": "supplier", "Startup Cost": 0.0, "Total Cost": 3283.0, "Plan Rows": 100000, "Plan Width": 12}, {"Node Type": "Materialize", "Parent Relationship": "Inner", "Startup Cost": 0.0, "Total Cost": 2.65, "Plan Rows": 5, "Plan Width": 30, "Plans": [{"Node Type": "Nested Loop", "Parent Relationship": "Outer", "Join Type": "Inner", "Startup Cost": 0.0, "Total Cost": 2.62, "Plan Rows": 5, "Plan Width": 30, "Inner Unique": false, "Join Filter": "(nation.n_regionkey = region.r_regionkey)", "Plans": [{"Node Type": "Seq Scan", "Parent Relationship": "Outer", "Relation Name": "region", "Alias": "region", "Startup Cost": 0.0, "Total Cost": 1.06, "Plan Rows": 1, "Plan Width": 4, "Filter": "(r_name = 'MIDDLE EAST'::bpchar)"}, {"Node Type": "Seq Scan", "Parent Relationship": "Inner", "Relation Name": "nation", "Alias": "nation", "Startup Cost": 0.0, "Total Cost": 1.25, "Plan Rows": 25, "Plan Width": 34}]}]}]}]}]}]}]}]}]}]}]}, "Unique SQL Id": 1392561963}, "explain_analyze_plan": null}, "(1, 127)": {"explain_plan": {"Plan": {"Node Type": "Sort", "Startup Cost": 6051464595461.66, "Total Cost": 6051464595461.73, "Plan Rows": 25, "Plan Width": 42, "Sort Key": ["(sum((lineitem.l_extendedprice * (1::double precision - lineitem.l_discount)))) DESC"], "Plans": [{"Node Type": "Aggregate", "Strategy": "Hashed", "Parent Relationship": "Outer", "Startup Cost": 6051464595460.83, "Total Cost": 6051464595461.08, "Plan Rows": 25, "Plan Width": 42, "Group By Key": ["nation.n_name"], "Plans": [{"Node Type": "Nested Loop", "Parent Relationship": "Outer", "Join Type": "Inner", "Startup Cost": 60000000000.0, "Total Cost": 6051464595366.93, "Plan Rows": 9390, "Plan Width": 42, "Inner Unique": false, "Join Filter": "((orders.o_custkey = customer.c_custkey) AND (supplier.s_nationkey = customer.c_nationkey))", "Plans": [{"Node Type": "Index Scan", "Parent Relationship": "Outer", "Scan Direction": "Forward", "Index Name": "customer_pkey", "Relation Name": "customer", "Alias": "customer", "Startup Cost": 10000000000.0, "Total Cost": 1000008076535.62, "Plan Rows": 1500000, "Plan Width": 12}, {"Node Type": "Materialize", "Parent Relationship": "Inner", "Startup Cost": 50000000000.0, "Total Cost": 5044534420740.56, "Plan Rows": 263699, "Plan Width": 58, "Plans": [{"Node Type": "Nested Loop", "Parent Relationship": "Outer", "Join Type": "Inner", "Startup Cost": 50000000000.0, "Total Cost": 5044534419422.06, "Plan Rows": 263699, "Plan Width": 58, "Inner Unique": true, "Join Filter": "(lineitem.l_orderkey = orders.o_orderkey), (LLVM Optimized)", "Plans": [{"Node Type": "Nested Loop", "Parent Relationship": "Outer", "Join Type": "Inner", "Startup Cost": 40000000000.0, "Total Cost": 4018320818943.09, "Plan Rows": 763534, "Plan Width": 58, "Inner Unique": false, "Join Filter": "(supplier.s_suppkey = lineitem.l_suppkey), (LLVM Optimized)", "Plans": [{"Node Type": "Nested Loop", "Parent Relationship": "Outer", "Join Type": "Inner", "Startup Cost": 30000000000.0, "Total Cost": 3000000543701.01, "Plan Rows": 20000, "Plan Width": 42, "Inner Unique": false, "Join Filter": "(nation.n_nationkey = supplier.s_nationkey)", "Plans": [{"Node Type": "Nested Loop", "Parent Relationship": "Outer", "Join Type": "Inner", "Startup Cost": 20000000000.0, "Total Cost": 2000000002496.63, "Plan Rows": 5, "Plan Width": 30, "Inner Unique": true, "Join Filter": "(nation.n_regionkey = region.r_regionkey)", "Plans": [{"Node Type": "Index Scan", "Parent Relationship": "Outer", "Scan Direction": "Forward", "Index Name": "nation_pkey", "Relation Name": "nation", "Alias": "nation", "Startup Cost": 10000000000.0, "Total Cost": 1000000001262.5, "Plan Rows": 25, "Plan Width": 34}, {"Node Type": "Materialize", "Parent Relationship": "Inner", "Startup Cost": 10000000000.0, "Total Cost": 1000000001233.76, "Plan Rows": 1, "Plan Width": 4, "Plans": [{"Node Type": "Index Scan", "Parent Relationship": "Outer", "Scan Direction": "Forward", "Index Name": "region_pkey", "Relation Name": "region", "Alias": "region", "Startup Cost": 10000000000.0, "Total Cost": 1000000001233.75, "Plan Rows": 1, "Plan Width": 4, "Filter": "(r_name = 'MIDDLE EAST'::bpchar)"}]}]}, {"Node Type": "Materialize", "Parent Relationship": "Inner", "Startup Cost": 10000000000.0, "Total Cost": 1000000533954.38, "Plan Rows": 100000, "Plan Width": 12, "Plans": [{"Node Type": "Index Scan", "Parent Relationship": "Outer", "Scan Direction": "Forward", "Index Name": "supplier_pkey", "Relation Name": "supplier", "Alias": "supplier", "Startup Cost": 10000000000.0, "Total Cost": 1000000533454.38, "Plan Rows": 100000, "Plan Width": 12}]}]}, {"Node Type": "Materialize", "Parent Relationship": "Inner", "Startup Cost": 10000000000.0, "Total Cost": 1000324315309.67, "Plan Rows": 59987033, "Plan Width": 32, "Plans": [{"Node Type": "Index Scan", "Parent Relationship": "Outer", "Scan Direction": "Forward", "Index Name": "idx_lineitem_orderkey", "Relation Name": "lineitem", "Alias": "lineitem", "Startup Cost": 10000000000.0, "Total Cost": 1000324015374.5, "Plan Rows": 59987033, "Plan Width": 32}]}]}, {"Node Type": "Materialize", "Parent Relationship": "Inner", "Startup Cost": 10000000000.0, "Total Cost": 1000080608991.79, "Plan Rows": 2281758, "Plan Width": 16, "Plans": [{"Node Type": "Index Scan", "Parent Relationship": "Outer", "Scan Direction": "Forward", "Index Name": "orders_pkey", "Relation Name": "orders", "Alias": "orders", "Startup Cost": 10000000000.0, "Total Cost": 1000080597583.0, "Plan Rows": 2281758, "Plan Width": 16, "Filter": "((o_orderdate >= '1994-01-01 00:00:00'::timestamp(0) without time zone) AND (o_orderdate < '1995-01-01 00:00:00'::timestamp without time zone)), (LLVM Optimized)"}]}]}]}]}]}]}, "Unique SQL Id": 1392561963}, "explain_analyze_plan": null}, "(16, 0)": {"explain_plan": {"Plan": {"Node Type": "Sort", "Startup Cost": 1720718.42, "Total Cost": 1720718.49, "Plan Rows": 25, "Plan Width": 50, "Sort Key": ["(sum((lineitem.l_extendedprice * (1::double precision - lineitem.l_discount)))) DESC"], "Plans": [{"Node Type": "Aggregate", "Strategy": "Hashed", "Parent Relationship": "Outer", "Startup Cost": 1720717.59, "Total Cost": 1720717.84, "Plan Rows": 25, "Plan Width": 50, "Group By Key": ["nation.n_name"], "Plans": [{"Node Type": "Hash Join", "Parent Relationship": "Outer", "Join Type": "Inner", "Startup Cost": 5813.37, "Total Cost": 1720623.69, "Plan Rows": 9390, "Plan Width": 42, "Inner Unique": true, "Hash Cond": "((lineitem.l_suppkey = supplier.s_suppkey) AND (customer.c_nationkey = supplier.s_nationkey))", "Plans": [{"Node Type": "Nested Loop", "Parent Relationship": "Outer", "Join Type": "Inner", "Startup Cost": 1030.37, "Total Cost": 1688079.68, "Plan Rows": 3688948, "Plan Width": 58, "Inner Unique": false, "Plans": [{"Node Type": "Nested Loop", "Parent Relationship": "Outer", "Join Type": "Inner", "Startup Cost": 1030.37, "Total Cost": 412285.27, "Plan Rows": 406290, "Plan Width": 42, "Inner Unique": false, "Plans": [{"Node Type": "Nested Loop", "Parent Relationship": "Outer", "Join Type": "Inner", "Startup Cost": 1030.37, "Total Cost": 37176.47, "Plan Rows": 300000, "Plan Width": 42, "Inner Unique": false, "Plans": [{"Node Type": "Nested Loop", "Parent Relationship": "Outer", "Join Type": "Inner", "Startup Cost": 0.0, "Total Cost": 14.06, "Plan Rows": 5, "Plan Width": 30, "Inner Unique": true, "Join Filter": "(nation.n_regionkey = region.r_regionkey)", "Plans": [{"Node Type": "Index Scan", "Parent Relationship": "Outer", "Scan Direction": "Forward", "Index Name": "nation_pkey", "Relation Name": "nation", "Alias": "nation", "Startup Cost": 0.0, "Total Cost": 12.62, "Plan Rows": 25, "Plan Width": 34}, {"Node Type": "Materialize", "Parent Relationship": "Inner", "Startup Cost": 0.0, "Total Cost": 1.07, "Plan Rows": 1, "Plan Width": 4, "Plans": [{"Node Type": "Seq Scan", "Parent Relationship": "Outer", "Relation Name": "region", "Alias": "region", "Startup Cost": 0.0, "Total Cost": 1.06, "Plan Rows": 1, "Plan Width": 4, "Filter": "(r_name = 'MIDDLE EAST'::bpchar)"}]}]}, {"Node Type": "Bitmap Heap Scan", "Parent Relationship": "Inner", "Relation Name": "customer", "Alias": "customer", "Startup Cost": 1030.37, "Total Cost": 6832.48, "Plan Rows": 60000, "Plan Width": 12, "Recheck Cond": "(c_nationkey = nation.n_nationkey)", "Plans": [{"Node Type": "Bitmap Index Scan", "Parent Relationship": "Outer", "Index Name": "idx_customer_nationkey", "Startup Cost": 0.0, "Total Cost": 1015.37, "Plan Rows": 60000, "Plan Width": 0, "Index Cond": "(c_nationkey = nation.n_nationkey)"}]}]}, {"Node Type": "Index Scan", "Parent Relationship": "Inner", "Scan Direction": "Forward", "Index Name": "idx_orders_custkey", "Relation Name": "orders", "Alias": "orders", "Startup Cost": 0.0, "Total Cost": 1.24, "Plan Rows": 1, "Plan Width": 16, "Index Cond": "(o_custkey = customer.c_custkey)", "Filter": "((o_orderdate >= '1994-01-01 00:00:00'::timestamp(0) without time zone) AND (o_orderdate < '1995-01-01 00:00:00'::timestamp without time zone))"}]}, {"Node Type": "Index Scan", "Parent Relationship": "Inner", "Scan Direction": "Forward", "Index Name": "idx_lineitem_orderkey", "Relation Name": "lineitem", "Alias": "lineitem", "Startup Cost": 0.0, "Total Cost": 3.05, "Plan Rows": 9, "Plan Width": 32, "Index Cond": "(l_orderkey = orders.o_orderkey)"}]}, {"Node Type": "Hash", "Parent Relationship": "Inner", "Startup Cost": 3283.0, "Total Cost": 3283.0, "Plan Rows": 100000, "Plan Width": 12, "Plans": [{"Node Type": "Seq Scan", "Parent Relationship": "Outer", "Relation Name": "supplier", "Alias": "supplier", "Startup Cost": 0.0, "Total Cost": 3283.0, "Plan Rows": 100000, "Plan Width": 12}]}]}]}]}, "Unique SQL Id": 1392561963}, "explain_analyze_plan": {"Plan": {"Node Type": "Sort", "Startup Cost": 1720718.42, "Total Cost": 1720718.49, "Plan Rows": 25, "Plan Width": 50, "Actual Startup Time": 16616.738, "Actual Total Time": 16616.739, "Actual Rows": 5, "Actual Loops": 1, "Sort Key": ["(sum((lineitem.l_extendedprice * (1::double precision - lineitem.l_discount)))) DESC"], "Sort Method": "quicksort", "Sort Space Used": 25, "Sort Space Type": "Memory", "Plans": [{"Node Type": "Aggregate", "Strategy": "Hashed", "Parent Relationship": "Outer", "Startup Cost": 1720717.59, "Total Cost": 1720717.84, "Plan Rows": 25, "Plan Width": 50, "Actual Startup Time": 16616.716, "Actual Total Time": 16616.718, "Actual Rows": 5, "Actual Loops": 1, "Group By Key": ["nation.n_name"], "Plans": [{"Node Type": "Hash Join", "Parent Relationship": "Outer", "Join Type": "Inner", "Startup Cost": 5813.37, "Total Cost": 1720623.69, "Plan Rows": 9390, "Plan Width": 42, "Actual Startup Time": 85.28, "Actual Total Time": 16534.277, "Actual Rows": 72985, "Actual Loops": 1, "Inner Unique": true, "Hash Cond": "((lineitem.l_suppkey = supplier.s_suppkey) AND (customer.c_nationkey = supplier.s_nationkey))", "Plans": [{"Node Type": "Nested Loop", "Parent Relationship": "Outer", "Join Type": "Inner", "Startup Cost": 1030.37, "Total Cost": 1688079.68, "Plan Rows": 3688948, "Plan Width": 58, "Actual Startup Time": 17.869, "Actual Total Time": 15590.986, "Actual Rows": 1815222, "Actual Loops": 1, "Inner Unique": false, "Plans": [{"Node Type": "Nested Loop", "Parent Relationship": "Outer", "Join Type": "Inner", "Startup Cost": 1030.37, "Total Cost": 412285.27, "Plan Rows": 406290, "Plan Width": 42, "Actual Startup Time": 17.845, "Actual Total Time": 9743.083, "Actual Rows": 454183, "Actual Loops": 1, "Inner Unique": false, "Plans": [{"Node Type": "Nested Loop", "Parent Relationship": "Outer", "Join Type": "Inner", "Startup Cost": 1030.37, "Total Cost": 37176.47, "Plan Rows": 300000, "Plan Width": 42, "Actual Startup Time": 17.766, "Actual Total Time": 658.444, "Actual Rows": 299838, "Actual Loops": 1, "Inner Unique": false, "Plans": [{"Node Type": "Nested Loop", "Parent Relationship": "Outer", "Join Type": "Inner", "Startup Cost": 0.0, "Total Cost": 14.06, "Plan Rows": 5, "Plan Width": 30, "Actual Startup Time": 0.049, "Actual Total Time": 0.124, "Actual Rows": 5, "Actual Loops": 1, "Inner Unique": true, "Join Filter": "(nation.n_regionkey = region.r_regionkey)", "Rows Removed by Join Filter": 20, "Plans": [{"Node Type": "Index Scan", "Parent Relationship": "Outer", "Scan Direction": "Forward", "Index Name": "nation_pkey", "Relation Name": "nation", "Alias": "nation", "Startup Cost": 0.0, "Total Cost": 12.62, "Plan Rows": 25, "Plan Width": 34, "Actual Startup Time": 0.013, "Actual Total Time": 0.041, "Actual Rows": 25, "Actual Loops": 1}, {"Node Type": "Materialize", "Parent Relationship": "Inner", "Startup Cost": 0.0, "Total Cost": 1.07, "Plan Rows": 1, "Plan Width": 4, "Actual Startup Time": 0.033, "Actual Total Time": 0.04, "Actual Rows": 25, "Actual Loops": 25, "Plans": [{"Node Type": "Seq Scan", "Parent Relationship": "Outer", "Relation Name": "region", "Alias": "region", "Startup Cost": 0.0, "Total Cost": 1.06, "Plan Rows": 1, "Plan Width": 4, "Actual Startup Time": 0.019, "Actual Total Time": 0.021, "Actual Rows": 1, "Actual Loops": 1, "Filter": "(r_name = 'MIDDLE EAST'::bpchar)", "Rows Removed by Filter": 4}]}]}, {"Node Type": "Bitmap Heap Scan", "Parent Relationship": "Inner", "Relation Name": "customer", "Alias": "customer", "Startup Cost": 1030.37, "Total Cost": 6832.48, "Plan Rows": 60000, "Plan Width": 12, "Actual Startup Time": 95.451, "Actual Total Time": 583.245, "Actual Rows": 299838, "Actual Loops": 5, "Recheck Cond": "(c_nationkey = nation.n_nationkey)", "Rows Removed by Index Recheck": 0, "Exact Heap Blocks": 150033, "Lossy Heap Blocks": 150033, "Plans": [{"Node Type": "Bitmap Index Scan", "Parent Relationship": "Outer", "Index Name": "idx_customer_nationkey", "Startup Cost": 0.0, "Total Cost": 1015.37, "Plan Rows": 60000, "Plan Width": 0, "Actual Startup Time": 62.087, "Actual Total Time": 62.087, "Actual Rows": 299838, "Actual Loops": 5, "Index Cond": "(c_nationkey = nation.n_nationkey)"}]}]}, {"Node Type": "Index Scan", "Parent Relationship": "Inner", "Scan Direction": "Forward", "Index Name": "idx_orders_custkey", "Relation Name": "orders", "Alias": "orders", "Startup Cost": 0.0, "Total Cost": 1.24, "Plan Rows": 1, "Plan Width": 16, "Actual Startup Time": 4126.452, "Actual Total Time": 8825.168, "Actual Rows": 454183, "Actual Loops": 299838, "Index Cond": "(o_custkey = customer.c_custkey)", "Rows Removed by Index Recheck": 0, "Filter": "((o_orderdate >= '1994-01-01 00:00:00'::timestamp(0) without time zone) AND (o_orderdate < '1995-01-01 00:00:00'::timestamp without time zone))", "Rows Removed by Filter": 2542535}]}, {"Node Type": "Index Scan", "Parent Relationship": "Inner", "Scan Direction": "Forward", "Index Name": "idx_lineitem_orderkey", "Relation Name": "lineitem", "Alias": "lineitem", "Startup Cost": 0.0, "Total Cost": 3.05, "Plan Rows": 9, "Plan Width": 32, "Actual Startup Time": 4232.133, "Actual Total Time": 5188.805, "Actual Rows": 1815222, "Actual Loops": 454183, "Index Cond": "(l_orderkey = orders.o_orderkey)", "Rows Removed by Index Recheck": 0}]}, {"Node Type": "Hash", "Parent Relationship": "Inner", "Startup Cost": 3283.0, "Total Cost": 3283.0, "Plan Rows": 100000, "Plan Width": 12, "Actual Startup Time": 67.178, "Actual Total Time": 67.178, "Actual Rows": 100000, "Actual Loops": 1, "Hash Buckets": 131072, "Hash Batches": 1, "Original Hash Batches": 1, "Peak Memory Usage": 4297, "Plans": [{"Node Type": "Seq Scan", "Parent Relationship": "Outer", "Relation Name": "supplier", "Alias": "supplier", "Startup Cost": 0.0, "Total Cost": 3283.0, "Plan Rows": 100000, "Plan Width": 12, "Actual Startup Time": 0.015, "Actual Total Time": 36.304, "Actual Rows": 100000, "Actual Loops": 1}]}]}]}]}, "Triggers": [], "Planner Runtime": 10.103, "Total Runtime": 16617.12, "Unique SQL Id": 1392561963}}, "(16, 1)": {"explain_plan": {"Plan": {"Node Type": "Sort", "Startup Cost": 1722794.32, "Total Cost": 1722794.39, "Plan Rows": 25, "Plan Width": 50, "Sort Key": ["(sum((lineitem.l_extendedprice * (1::double precision - lineitem.l_discount)))) DESC"], "Plans": [{"Node Type": "Aggregate", "Strategy": "Hashed", "Parent Relationship": "Outer", "Startup Cost": 1722793.49, "Total Cost": 1722793.74, "Plan Rows": 25, "Plan Width": 50, "Group By Key": ["nation.n_name"], "Plans": [{"Node Type": "Hash Join", "Parent Relationship": "Outer", "Join Type": "Inner", "Startup Cost": 7864.91, "Total Cost": 1722699.59, "Plan Rows": 9390, "Plan Width": 42, "Inner Unique": true, "Hash Cond": "((lineitem.l_suppkey = supplier.s_suppkey) AND (customer.c_nationkey = supplier.s_nationkey))", "Plans": [{"Node Type": "Nested Loop", "Parent Relationship": "Outer", "Join Type": "Inner", "Startup Cost": 1030.37, "Total Cost": 1688090.96, "Plan Rows": 3688948, "Plan Width": 58, "Inner Unique": false, "Plans": [{"Node Type": "Nested Loop", "Parent Relationship": "Outer", "Join Type": "Inner", "Startup Cost": 1030.37, "Total Cost": 412296.55, "Plan Rows": 406290, "Plan Width": 42, "Inner Unique": false, "Plans": [{"Node Type": "Nested Loop", "Parent Relationship": "Outer", "Join Type": "Inner", "Startup Cost": 1030.37, "Total Cost": 37187.75, "Plan Rows": 300000, "Plan Width": 42, "Inner Unique": false, "Plans": [{"Node Type": "Nested Loop", "Parent Relationship": "Outer", "Join Type": "Inner", "Startup Cost": 0.0, "Total Cost": 25.34, "Plan Rows": 5, "Plan Width": 30, "Inner Unique": true, "Join Filter": "(nation.n_regionkey = region.r_regionkey)", "Plans": [{"Node Type": "Index Scan", "Parent Relationship": "Outer", "Scan Direction": "Forward", "Index Name": "nation_pkey", "Relation Name": "nation", "Alias": "nation", "Startup Cost": 0.0, "Total Cost": 12.62, "Plan Rows": 25, "Plan Width": 34}, {"Node Type": "Materialize", "Parent Relationship": "Inner", "Startup Cost": 0.0, "Total Cost": 12.34, "Plan Rows": 1, "Plan Width": 4, "Plans": [{"Node Type": "Index Scan", "Parent Relationship": "Outer", "Scan Direction": "Forward", "Index Name": "region_pkey", "Relation Name": "region", "Alias": "region", "Startup Cost": 0.0, "Total Cost": 12.34, "Plan Rows": 1, "Plan Width": 4, "Filter": "(r_name = 'MIDDLE EAST'::bpchar)"}]}]}, {"Node Type": "Bitmap Heap Scan", "Parent Relationship": "Inner", "Relation Name": "customer", "Alias": "customer", "Startup Cost": 1030.37, "Total Cost": 6832.48, "Plan Rows": 60000, "Plan Width": 12, "Recheck Cond": "(c_nationkey = nation.n_nationkey)", "Plans": [{"Node Type": "Bitmap Index Scan", "Parent Relationship": "Outer", "Index Name": "idx_customer_nationkey", "Startup Cost": 0.0, "Total Cost": 1015.37, "Plan Rows": 60000, "Plan Width": 0, "Index Cond": "(c_nationkey = nation.n_nationkey)"}]}]}, {"Node Type": "Index Scan", "Parent Relationship": "Inner", "Scan Direction": "Forward", "Index Name": "idx_orders_custkey", "Relation Name": "orders", "Alias": "orders", "Startup Cost": 0.0, "Total Cost": 1.24, "Plan Rows": 1, "Plan Width": 16, "Index Cond": "(o_custkey = customer.c_custkey)", "Filter": "((o_orderdate >= '1994-01-01 00:00:00'::timestamp(0) without time zone) AND (o_orderdate < '1995-01-01 00:00:00'::timestamp without time zone))"}]}, {"Node Type": "Index Scan", "Parent Relationship": "Inner", "Scan Direction": "Forward", "Index Name": "idx_lineitem_orderkey", "Relation Name": "lineitem", "Alias": "lineitem", "Startup Cost": 0.0, "Total Cost": 3.05, "Plan Rows": 9, "Plan Width": 32, "Index Cond": "(l_orderkey = orders.o_orderkey)"}]}, {"Node Type": "Hash", "Parent Relationship": "Inner", "Startup Cost": 5334.54, "Total Cost": 5334.54, "Plan Rows": 100000, "Plan Width": 12, "Plans": [{"Node Type": "Index Scan", "Parent Relationship": "Outer", "Scan Direction": "Forward", "Index Name": "supplier_pkey", "Relation Name": "supplier", "Alias": "supplier", "Startup Cost": 0.0, "Total Cost": 5334.54, "Plan Rows": 100000, "Plan Width": 12}]}]}]}]}, "Unique SQL Id": 1392561963}, "explain_analyze_plan": {"Plan": {"Node Type": "Sort", "Startup Cost": 1722794.32, "Total Cost": 1722794.39, "Plan Rows": 25, "Plan Width": 50, "Actual Startup Time": 16475.589, "Actual Total Time": 16475.59, "Actual Rows": 5, "Actual Loops": 1, "Sort Key": ["(sum((lineitem.l_extendedprice * (1::double precision - lineitem.l_discount)))) DESC"], "Sort Method": "quicksort", "Sort Space Used": 25, "Sort Space Type": "Memory", "Plans": [{"Node Type": "Aggregate", "Strategy": "Hashed", "Parent Relationship": "Outer", "Startup Cost": 1722793.49, "Total Cost": 1722793.74, "Plan Rows": 25, "Plan Width": 50, "Actual Startup Time": 16475.552, "Actual Total Time": 16475.554, "Actual Rows": 5, "Actual Loops": 1, "Group By Key": ["nation.n_name"], "Plans": [{"Node Type": "Hash Join", "Parent Relationship": "Outer", "Join Type": "Inner", "Startup Cost": 7864.91, "Total Cost": 1722699.59, "Plan Rows": 9390, "Plan Width": 42, "Actual Startup Time": 116.644, "Actual Total Time": 16393.079, "Actual Rows": 72985, "Actual Loops": 1, "Inner Unique": true, "Hash Cond": "((lineitem.l_suppkey = supplier.s_suppkey) AND (customer.c_nationkey = supplier.s_nationkey))", "Plans": [{"Node Type": "Nested Loop", "Parent Relationship": "Outer", "Join Type": "Inner", "Startup Cost": 1030.37, "Total Cost": 1688090.96, "Plan Rows": 3688948, "Plan Width": 58, "Actual Startup Time": 18.102, "Actual Total Time": 15467.591, "Actual Rows": 1815222, "Actual Loops": 1, "Inner Unique": false, "Plans": [{"Node Type": "Nested Loop", "Parent Relationship": "Outer", "Join Type": "Inner", "Startup Cost": 1030.37, "Total Cost": 412296.55, "Plan Rows": 406290, "Plan Width": 42, "Actual Startup Time": 18.077, "Actual Total Time": 9561.915, "Actual Rows": 454183, "Actual Loops": 1, "Inner Unique": false, "Plans": [{"Node Type": "Nested Loop", "Parent Relationship": "Outer", "Join Type": "Inner", "Startup Cost": 1030.37, "Total Cost": 37187.75, "Plan Rows": 300000, "Plan Width": 42, "Actual Startup Time": 17.988, "Actual Total Time": 664.419, "Actual Rows": 299838, "Actual Loops": 1, "Inner Unique": false, "Plans": [{"Node Type": "Nested Loop", "Parent Relationship": "Outer", "Join Type": "Inner", "Startup Cost": 0.0, "Total Cost": 25.34, "Plan Rows": 5, "Plan Width": 30, "Actual Startup Time": 0.087, "Actual Total Time": 0.262, "Actual Rows": 5, "Actual Loops": 1, "Inner Unique": true, "Join Filter": "(nation.n_regionkey = region.r_regionkey)", "Rows Removed by Join Filter": 20, "Plans": [{"Node Type": "Index Scan", "Parent Relationship": "Outer", "Scan Direction": "Forward", "Index Name": "nation_pkey", "Relation Name": "nation", "Alias": "nation", "Startup Cost": 0.0, "Total Cost": 12.62, "Plan Rows": 25, "Plan Width": 34, "Actual Startup Time": 0.031, "Actual Total Time": 0.083, "Actual Rows": 25, "Actual Loops": 1}, {"Node Type": "Materialize", "Parent Relationship": "Inner", "Startup Cost": 0.0, "Total Cost": 12.34, "Plan Rows": 1, "Plan Width": 4, "Actual Startup Time": 0.043, "Actual Total Time": 0.048, "Actual Rows": 25, "Actual Loops": 25, "Plans": [{"Node Type": "Index Scan", "Parent Relationship": "Outer", "Scan Direction": "Forward", "Index Name": "region_pkey", "Relation Name": "region", "Alias": "region", "Startup Cost": 0.0, "Total Cost": 12.34, "Plan Rows": 1, "Plan Width": 4, "Actual Startup Time": 0.026, "Actual Total Time": 0.027, "Actual Rows": 1, "Actual Loops": 1, "Filter": "(r_name = 'MIDDLE EAST'::bpchar)", "Rows Removed by Filter": 4}]}]}, {"Node Type": "Bitmap Heap Scan", "Parent Relationship": "Inner", "Relation Name": "customer", "Alias": "customer", "Startup Cost": 1030.37, "Total Cost": 6832.48, "Plan Rows": 60000, "Plan Width": 12, "Actual Startup Time": 89.481, "Actual Total Time": 591.237, "Actual Rows": 299838, "Actual Loops": 5, "Recheck Cond": "(c_nationkey = nation.n_nationkey)", "Rows Removed by Index Recheck": 0, "Exact Heap Blocks": 150033, "Lossy Heap Blocks": 150033, "Plans": [{"Node Type": "Bitmap Index Scan", "Parent Relationship": "Outer", "Index Name": "idx_customer_nationkey", "Startup Cost": 0.0, "Total Cost": 1015.37, "Plan Rows": 60000, "Plan Width": 0, "Actual Startup Time": 56.375, "Actual Total Time": 56.375, "Actual Rows": 299838, "Actual Loops": 5, "Index Cond": "(c_nationkey = nation.n_nationkey)"}]}]}, {"Node Type": "Index Scan", "Parent Relationship": "Inner", "Scan Direction": "Forward", "Index Name": "idx_orders_custkey", "Relation Name": "orders", "Alias": "orders", "Startup Cost": 0.0, "Total Cost": 1.24, "Plan Rows": 1, "Plan Width": 16, "Actual Startup Time": 4091.613, "Actual Total Time": 8636.254, "Actual Rows": 454183, "Actual Loops": 299838, "Index Cond": "(o_custkey = customer.c_custkey)", "Rows Removed by Index Recheck": 0, "Filter": "((o_orderdate >= '1994-01-01 00:00:00'::timestamp(0) without time zone) AND (o_orderdate < '1995-01-01 00:00:00'::timestamp without time zone))", "Rows Removed by Filter": 2542535}]}, {"Node Type": "Index Scan", "Parent Relationship": "Inner", "Scan Direction": "Forward", "Index Name": "idx_lineitem_orderkey", "Relation Name": "lineitem", "Alias": "lineitem", "Startup Cost": 0.0, "Total Cost": 3.05, "Plan Rows": 9, "Plan Width": 32, "Actual Startup Time": 4289.31, "Actual Total Time": 5257.781, "Actual Rows": 1815222, "Actual Loops": 454183, "Index Cond": "(l_orderkey = orders.o_orderkey)", "Rows Removed by Index Recheck": 0}]}, {"Node Type": "Hash", "Parent Relationship": "Inner", "Startup Cost": 5334.54, "Total Cost": 5334.54, "Plan Rows": 100000, "Plan Width": 12, "Actual Startup Time": 98.283, "Actual Total Time": 98.283, "Actual Rows": 100000, "Actual Loops": 1, "Hash Buckets": 131072, "Hash Batches": 1, "Original Hash Batches": 1, "Peak Memory Usage": 4297, "Plans": [{"Node Type": "Index Scan", "Parent Relationship": "Outer", "Scan Direction": "Forward", "Index Name": "supplier_pkey", "Relation Name": "supplier", "Alias": "supplier", "Startup Cost": 0.0, "Total Cost": 5334.54, "Plan Rows": 100000, "Plan Width": 12, "Actual Startup Time": 0.026, "Actual Total Time": 65.551, "Actual Rows": 100000, "Actual Loops": 1}]}]}]}]}, "Triggers": [], "Planner Runtime": 9.82, "Total Runtime": 16476.227, "Unique SQL Id": 1392561963}}, "(16, 2)": {"explain_plan": {"Plan": {"Node Type": "Sort", "Startup Cost": 2457247.05, "Total Cost": 2457247.11, "Plan Rows": 25, "Plan Width": 50, "Sort Key": ["(sum((lineitem.l_extendedprice * (1::double precision - lineitem.l_discount)))) DESC"], "Plans": [{"Node Type": "Aggregate", "Strategy": "Hashed", "Parent Relationship": "Outer", "Startup Cost": 2457246.22, "Total Cost": 2457246.47, "Plan Rows": 25, "Plan Width": 50, "Group By Key": ["nation.n_name"], "Plans": [{"Node Type": "Hash Join", "Parent Relationship": "Outer", "Join Type": "Inner", "Startup Cost": 104058.84, "Total Cost": 2457152.32, "Plan Rows": 9390, "Plan Width": 42, "Inner Unique": true, "Hash Cond": "((lineitem.l_suppkey = supplier.s_suppkey) AND (customer.c_nationkey = supplier.s_nationkey))", "Plans": [{"Node Type": "Nested Loop", "Parent Relationship": "Outer", "Join Type": "Inner", "Startup Cost": 99275.84, "Total Cost": 2424608.31, "Plan Rows": 3688948, "Plan Width": 58, "Inner Unique": false, "Plans": [{"Node Type": "Hash Join", "Parent Relationship": "Outer", "Join Type": "Inner", "Startup Cost": 99275.12, "Total Cost": 422539.98, "Plan Rows": 406290, "Plan Width": 42, "Inner Unique": false, "Hash Cond": "(orders.o_custkey = customer.c_custkey), (LLVM Optimized)", "Plans": [{"Node Type": "Bitmap Heap Scan", "Parent Relationship": "Outer", "Relation Name": "orders", "Alias": "orders", "Startup Cost": 58360.27, "Total Cost": 369005.64, "Plan Rows": 2281758, "Plan Width": 16, "Recheck Cond": "((o_orderdate >= '1994-01-01 00:00:00'::timestamp(0) without time zone) AND (o_orderdate < '1995-01-01 00:00:00'::timestamp without time zone)), (LLVM Optimized)", "Plans": [{"Node Type": "Bitmap Index Scan", "Parent Relationship": "Outer", "Index Name": "idx_orders_orderdate", "Startup Cost": 0.0, "Total Cost": 57789.83, "Plan Rows": 2281758, "Plan Width": 0, "Index Cond": "((o_orderdate >= '1994-01-01 00:00:00'::timestamp(0) without time zone) AND (o_orderdate < '1995-01-01 00:00:00'::timestamp without time zone))"}]}, {"Node Type": "Hash", "Parent Relationship": "Inner", "Startup Cost": 37164.85, "Total Cost": 37164.85, "Plan Rows": 300000, "Plan Width": 42, "Plans": [{"Node Type": "Nested Loop", "Parent Relationship": "Outer", "Join Type": "Inner", "Startup Cost": 1031.44, "Total Cost": 37164.85, "Plan Rows": 300000, "Plan Width": 42, "Inner Unique": false, "Plans": [{"Node Type": "Hash Join", "Parent Relationship": "Outer", "Join Type": "Inner", "Startup Cost": 1.07, "Total Cost": 2.44, "Plan Rows": 5, "Plan Width": 30, "Inner Unique": true, "Hash Cond": "(nation.n_regionkey = region.r_regionkey)", "Plans": [{"Node Type": "Seq Scan", "Parent Relationship": "Outer", "Relation Name": "nation", "Alias": "nation", "Startup Cost": 0.0, "Total Cost": 1.25, "Plan Rows": 25, "Plan Width": 34}, {"Node Type": "Hash", "Parent Relationship": "Inner", "Startup Cost": 1.06, "Total Cost": 1.06, "Plan Rows": 1, "Plan Width": 4, "Plans": [{"Node Type": "Seq Scan", "Parent Relationship": "Outer", "Relation Name": "region", "Alias": "region", "Startup Cost": 0.0, "Total Cost": 1.06, "Plan Rows": 1, "Plan Width": 4, "Filter": "(r_name = 'MIDDLE EAST'::bpchar)"}]}]}, {"Node Type": "Bitmap Heap Scan", "Parent Relationship": "Inner", "Relation Name": "customer", "Alias": "customer", "Startup Cost": 1030.37, "Total Cost": 6832.48, "Plan Rows": 60000, "Plan Width": 12, "Recheck Cond": "(c_nationkey = nation.n_nationkey)", "Plans": [{"Node Type": "Bitmap Index Scan", "Parent Relationship": "Outer", "Index Name": "idx_customer_nationkey", "Startup Cost": 0.0, "Total Cost": 1015.37, "Plan Rows": 60000, "Plan Width": 0, "Index Cond": "(c_nationkey = nation.n_nationkey)"}]}]}]}]}, {"Node Type": "Bitmap Heap Scan", "Parent Relationship": "Inner", "Relation Name": "lineitem", "Alias": "lineitem", "Startup Cost": 0.73, "Total Cost": 4.84, "Plan Rows": 9, "Plan Width": 32, "Recheck Cond": "(l_orderkey = orders.o_orderkey)", "Plans": [{"Node Type": "Bitmap Index Scan", "Parent Relationship": "Outer", "Index Name": "idx_lineitem_orderkey", "Startup Cost": 0.0, "Total Cost": 0.72, "Plan Rows": 9, "Plan Width": 0, "Index Cond": "(l_orderkey = orders.o_orderkey)"}]}]}, {"Node Type": "Hash", "Parent Relationship": "Inner", "Startup Cost": 3283.0, "Total Cost": 3283.0, "Plan Rows": 100000, "Plan Width": 12, "Plans": [{"Node Type": "Seq Scan", "Parent Relationship": "Outer", "Relation Name": "supplier", "Alias": "supplier", "Startup Cost": 0.0, "Total Cost": 3283.0, "Plan Rows": 100000, "Plan Width": 12}]}]}]}]}, "Unique SQL Id": 1392561963}, "explain_analyze_plan": {"Plan": {"Node Type": "Sort", "Startup Cost": 2457247.05, "Total Cost": 2457247.11, "Plan Rows": 25, "Plan Width": 50, "Actual Startup Time": 10231.164, "Actual Total Time": 10231.165, "Actual Rows": 5, "Actual Loops": 1, "Sort Key": ["(sum((lineitem.l_extendedprice * (1::double precision - lineitem.l_discount)))) DESC"], "Sort Method": "quicksort", "Sort Space Used": 25, "Sort Space Type": "Memory", "Plans": [{"Node Type": "Aggregate", "Strategy": "Hashed", "Parent Relationship": "Outer", "Startup Cost": 2457246.22, "Total Cost": 2457246.47, "Plan Rows": 25, "Plan Width": 50, "Actual Startup Time": 10231.139, "Actual Total Time": 10231.139, "Actual Rows": 5, "Actual Loops": 1, "Group By Key": ["nation.n_name"], "Plans": [{"Node Type": "Hash Join", "Parent Relationship": "Outer", "Join Type": "Inner", "Startup Cost": 104058.84, "Total Cost": 2457152.32, "Plan Rows": 9390, "Plan Width": 42, "Actual Startup Time": 1455.675, "Actual Total Time": 10153.26, "Actual Rows": 72985, "Actual Loops": 1, "Inner Unique": true, "Hash Cond": "((lineitem.l_suppkey = supplier.s_suppkey) AND (customer.c_nationkey = supplier.s_nationkey))", "Plans": [{"Node Type": "Nested Loop", "Parent Relationship": "Outer", "Join Type": "Inner", "Startup Cost": 99275.84, "Total Cost": 2424608.31, "Plan Rows": 3688948, "Plan Width": 58, "Actual Startup Time": 1388.075, "Actual Total Time": 9340.13, "Actual Rows": 1815222, "Actual Loops": 1, "Inner Unique": false, "Plans": [{"Node Type": "Hash Join", "Parent Relationship": "Outer", "Join Type": "Inner", "Startup Cost": 99275.12, "Total Cost": 422539.98, "Plan Rows": 406290, "Plan Width": 42, "Actual Startup Time": 1388.007, "Actual Total Time": 4342.76, "Actual Rows": 454183, "Actual Loops": 1, "Inner Unique": false, "Hash Cond": "(orders.o_custkey = customer.c_custkey), (LLVM Optimized, Jit Execute)", "Plans": [{"Node Type": "Bitmap Heap Scan", "Parent Relationship": "Outer", "Relation Name": "orders", "Alias": "orders", "Startup Cost": 58360.27, "Total Cost": 369005.64, "Plan Rows": 2281758, "Plan Width": 16, "Actual Startup Time": 652.124, "Actual Total Time": 2433.376, "Actual Rows": 2275919, "Actual Loops": 1, "Recheck Cond": "((o_orderdate >= '1994-01-01 00:00:00'::timestamp(0) without time zone) AND (o_orderdate < '1995-01-01 00:00:00'::timestamp without time zone)), (LLVM Optimized, Jit Execute)", "Rows Removed by Index Recheck": 0, "Exact Heap Blocks": 276381, "Lossy Heap Blocks": 276381, "Plans": [{"Node Type": "Bitmap Index Scan", "Parent Relationship": "Outer", "Index Name": "idx_orders_orderdate", "Startup Cost": 0.0, "Total Cost": 57789.83, "Plan Rows": 2281758, "Plan Width": 0, "Actual Startup Time": 563.826, "Actual Total Time": 563.826, "Actual Rows": 2275919, "Actual Loops": 1, "Index Cond": "((o_orderdate >= '1994-01-01 00:00:00'::timestamp(0) without time zone) AND (o_orderdate < '1995-01-01 00:00:00'::timestamp without time zone))"}]}, {"Node Type": "Hash", "Parent Relationship": "Inner", "Startup Cost": 37164.85, "Total Cost": 37164.85, "Plan Rows": 300000, "Plan Width": 42, "Actual Startup Time": 735.466, "Actual Total Time": 735.466, "Actual Rows": 299838, "Actual Loops": 1, "Hash Buckets": 524288, "Hash Batches": 1, "Original Hash Batches": 1, "Peak Memory Usage": 22254, "Plans": [{"Node Type": "Nested Loop", "Parent Relationship": "Outer", "Join Type": "Inner", "Startup Cost": 1031.44, "Total Cost": 37164.85, "Plan Rows": 300000, "Plan Width": 42, "Actual Startup Time": 18.112, "Actual Total Time": 616.312, "Actual Rows": 299838, "Actual Loops": 1, "Inner Unique": false, "Plans": [{"Node Type": "Hash Join", "Parent Relationship": "Outer", "Join Type": "Inner", "Startup Cost": 1.07, "Total Cost": 2.44, "Plan Rows": 5, "Plan Width": 30, "Actual Startup Time": 0.092, "Actual Total Time": 0.166, "Actual Rows": 5, "Actual Loops": 1, "Inner Unique": true, "Hash Cond": "(nation.n_regionkey = region.r_regionkey)", "Plans": [{"Node Type": "Seq Scan", "Parent Relationship": "Outer", "Relation Name": "nation", "Alias": "nation", "Startup Cost": 0.0, "Total Cost": 1.25, "Plan Rows": 25, "Plan Width": 34, "Actual Startup Time": 0.024, "Actual Total Time": 0.046, "Actual Rows": 25, "Actual Loops": 1}, {"Node Type": "Hash", "Parent Relationship": "Inner", "Startup Cost": 1.06, "Total Cost": 1.06, "Plan Rows": 1, "Plan Width": 4, "Actual Startup Time": 0.026, "Actual Total Time": 0.026, "Actual Rows": 1, "Actual Loops": 1, "Hash Buckets": 32768, "Hash Batches": 1, "Original Hash Batches": 1, "Peak Memory Usage": 1, "Plans": [{"Node Type": "Seq Scan", "Parent Relationship": "Outer", "Relation Name": "region", "Alias": "region", "Startup Cost": 0.0, "Total Cost": 1.06, "Plan Rows": 1, "Plan Width": 4, "Actual Startup Time": 0.021, "Actual Total Time": 0.022, "Actual Rows": 1, "Actual Loops": 1, "Filter": "(r_name = 'MIDDLE EAST'::bpchar)", "Rows Removed by Filter": 4}]}]}, {"Node Type": "Bitmap Heap Scan", "Parent Relationship": "Inner", "Relation Name": "customer", "Alias": "customer", "Startup Cost": 1030.37, "Total Cost": 6832.48, "Plan Rows": 60000, "Plan Width": 12, "Actual Startup Time": 90.805, "Actual Total Time": 547.481, "Actual Rows": 299838, "Actual Loops": 5, "Recheck Cond": "(c_nationkey = nation.n_nationkey)", "Rows Removed by Index Recheck": 0, "Exact Heap Blocks": 150033, "Lossy Heap Blocks": 150033, "Plans": [{"Node Type": "Bitmap Index Scan", "Parent Relationship": "Outer", "Index Name": "idx_customer_nationkey", "Startup Cost": 0.0, "Total Cost": 1015.37, "Plan Rows": 60000, "Plan Width": 0, "Actual Startup Time": 57.791, "Actual Total Time": 57.791, "Actual Rows": 299838, "Actual Loops": 5, "Index Cond": "(c_nationkey = nation.n_nationkey)"}]}]}]}]}, {"Node Type": "Bitmap Heap Scan", "Parent Relationship": "Inner", "Relation Name": "lineitem", "Alias": "lineitem", "Startup Cost": 0.73, "Total Cost": 4.84, "Plan Rows": 9, "Plan Width": 32, "Actual Startup Time": 3758.685, "Actual Total Time": 4076.579, "Actual Rows": 1815222, "Actual Loops": 454183, "Recheck Cond": "(l_orderkey = orders.o_orderkey)", "Rows Removed by Index Recheck": 0, "Exact Heap Blocks": 486530, "Lossy Heap Blocks": 486530, "Plans": [{"Node Type": "Bitmap Index Scan", "Parent Relationship": "Outer", "Index Name": "idx_lineitem_orderkey", "Startup Cost": 0.0, "Total Cost": 0.72, "Plan Rows": 9, "Plan Width": 0, "Actual Startup Time": 2087.51, "Actual Total Time": 2087.51, "Actual Rows": 1815222, "Actual Loops": 454183, "Index Cond": "(l_orderkey = orders.o_orderkey)"}]}]}, {"Node Type": "Hash", "Parent Relationship": "Inner", "Startup Cost": 3283.0, "Total Cost": 3283.0, "Plan Rows": 100000, "Plan Width": 12, "Actual Startup Time": 67.446, "Actual Total Time": 67.446, "Actual Rows": 100000, "Actual Loops": 1, "Hash Buckets": 131072, "Hash Batches": 1, "Original Hash Batches": 1, "Peak Memory Usage": 4297, "Plans": [{"Node Type": "Seq Scan", "Parent Relationship": "Outer", "Relation Name": "supplier", "Alias": "supplier", "Startup Cost": 0.0, "Total Cost": 3283.0, "Plan Rows": 100000, "Plan Width": 12, "Actual Startup Time": 0.022, "Actual Total Time": 36.695, "Actual Rows": 100000, "Actual Loops": 1}]}]}]}]}, "Triggers": [], "Planner Runtime": 8.833, "Total Runtime": 10241.237, "Unique SQL Id": 1392561963}}, "(16, 3)": {"explain_plan": {"Plan": {"Node Type": "Sort", "Startup Cost": 46003135.57, "Total Cost": 46003135.63, "Plan Rows": 25, "Plan Width": 50, "Sort Key": ["(sum((lineitem.l_extendedprice * (1::double precision - lineitem.l_discount)))) DESC"], "Plans": [{"Node Type": "Aggregate", "Strategy": "Hashed", "Parent Relationship": "Outer", "Startup Cost": 46003134.74, "Total Cost": 46003134.99, "Plan Rows": 25, "Plan Width": 50, "Group By Key": ["nation.n_name"], "Plans": [{"Node Type": "Nested Loop", "Parent Relationship": "Outer", "Join Type": "Inner", "Startup Cost": 58362.35, "Total Cost": 46003040.84, "Plan Rows": 9390, "Plan Width": 42, "Inner Unique": true, "Join Filter": "(customer.c_nationkey = supplier.s_nationkey)", "Plans": [{"Node Type": "Nested Loop", "Parent Relationship": "Outer", "Join Type": "Inner", "Startup Cost": 58362.1, "Total Cost": 30204103.6, "Plan Rows": 3688948, "Plan Width": 58, "Inner Unique": false, "Plans": [{"Node Type": "Nested Loop", "Parent Relationship": "Outer", "Join Type": "Inner", "Startup Cost": 58361.37, "Total Cost": 28202035.27, "Plan Rows": 406290, "Plan Width": 42, "Inner Unique": true, "Plans": [{"Node Type": "Nested Loop", "Parent Relationship": "Outer", "Join Type": "Inner", "Startup Cost": 58360.79, "Total Cost": 18851769.58, "Plan Rows": 2031452, "Plan Width": 46, "Inner Unique": true, "Plans": [{"Node Type": "Nested Loop", "Parent Relationship": "Outer", "Join Type": "Inner", "Startup Cost": 58360.54, "Total Cost": 10156636.32, "Plan Rows": 2031452, "Plan Width": 12, "Inner Unique": true, "Plans": [{"Node Type": "Bitmap Heap Scan", "Parent Relationship": "Outer", "Relation Name": "orders", "Alias": "orders", "Startup Cost": 58360.27, "Total Cost": 369005.64, "Plan Rows": 2281758, "Plan Width": 16, "Recheck Cond": "((o_orderdate >= '1994-01-01 00:00:00'::timestamp(0) without time zone) AND (o_orderdate < '1995-01-01 00:00:00'::timestamp without time zone)), (LLVM Optimized)", "Plans": [{"Node Type": "Bitmap Index Scan", "Parent Relationship": "Outer", "Index Name": "idx_orders_orderdate", "Startup Cost": 0.0, "Total Cost": 57789.83, "Plan Rows": 2281758, "Plan Width": 0, "Index Cond": "((o_orderdate >= '1994-01-01 00:00:00'::timestamp(0) without time zone) AND (o_orderdate < '1995-01-01 00:00:00'::timestamp without time zone))"}]}, {"Node Type": "Bitmap Heap Scan", "Parent Relationship": "Inner", "Relation Name": "customer", "Alias": "customer", "Startup Cost": 0.27, "Total Cost": 4.28, "Plan Rows": 1, "Plan Width": 12, "Recheck Cond": "(c_custkey = orders.o_custkey)", "Plans": [{"Node Type": "Bitmap Index Scan", "Parent Relationship": "Outer", "Index Name": "customer_pkey", "Startup Cost": 0.0, "Total Cost": 0.27, "Plan Rows": 1, "Plan Width": 0, "Index Cond": "(c_custkey = orders.o_custkey)"}]}]}, {"Node Type": "Bitmap Heap Scan", "Parent Relationship": "Inner", "Relation Name": "nation", "Alias": "nation", "Startup Cost": 0.26, "Total Cost": 4.27, "Plan Rows": 1, "Plan Width": 34, "Recheck Cond": "(n_nationkey = customer.c_nationkey)", "Plans": [{"Node Type": "Bitmap Index Scan", "Parent Relationship": "Outer", "Index Name": "nation_pkey", "Startup Cost": 0.0, "Total Cost": 0.26, "Plan Rows": 1, "Plan Width": 0, "Index Cond": "(n_nationkey = customer.c_nationkey)"}]}]}, {"Node Type": "Bitmap Heap Scan", "Parent Relationship": "Inner", "Relation Name": "region", "Alias": "region", "Startup Cost": 0.58, "Total Cost": 4.59, "Plan Rows": 1, "Plan Width": 4, "Recheck Cond": "(r_regionkey = nation.n_regionkey)", "Filter": "(r_name = 'MIDDLE EAST'::bpchar)", "Plans": [{"Node Type": "Bitmap Index Scan", "Parent Relationship": "Outer", "Index Name": "region_pkey", "Startup Cost": 0.0, "Total Cost": 0.58, "Plan Rows": 1, "Plan Width": 0, "Index Cond": "(r_regionkey = nation.n_regionkey)"}]}]}, {"Node Type": "Bitmap Heap Scan", "Parent Relationship": "Inner", "Relation Name": "lineitem", "Alias": "lineitem", "Startup Cost": 0.73, "Total Cost": 4.84, "Plan Rows": 9, "Plan Width": 32, "Recheck Cond": "(l_orderkey = orders.o_orderkey)", "Plans": [{"Node Type": "Bitmap Index Scan", "Parent Relationship": "Outer", "Index Name": "idx_lineitem_orderkey", "Startup Cost": 0.0, "Total Cost": 0.72, "Plan Rows": 9, "Plan Width": 0, "Index Cond": "(l_orderkey = orders.o_orderkey)"}]}]}, {"Node Type": "Bitmap Heap Scan", "Parent Relationship": "Inner", "Relation Name": "supplier", "Alias": "supplier", "Startup Cost": 0.26, "Total Cost": 4.27, "Plan Rows": 1, "Plan Width": 12, "Recheck Cond": "(s_suppkey = lineitem.l_suppkey)", "Plans": [{"Node Type": "Bitmap Index Scan", "Parent Relationship": "Outer", "Index Name": "supplier_pkey", "Startup Cost": 0.0, "Total Cost": 0.26, "Plan Rows": 1, "Plan Width": 0, "Index Cond": "(s_suppkey = lineitem.l_suppkey)"}]}]}]}]}, "Unique SQL Id": 1392561963}, "explain_analyze_plan": null}, "(16, 4)": {"explain_plan": {"Plan": {"Node Type": "Sort", "Startup Cost": 1720718.42, "Total Cost": 1720718.49, "Plan Rows": 25, "Plan Width": 50, "Sort Key": ["(sum((lineitem.l_extendedprice * (1::double precision - lineitem.l_discount)))) DESC"], "Plans": [{"Node Type": "Aggregate", "Strategy": "Hashed", "Parent Relationship": "Outer", "Startup Cost": 1720717.59, "Total Cost": 1720717.84, "Plan Rows": 25, "Plan Width": 50, "Group By Key": ["nation.n_name"], "Plans": [{"Node Type": "Hash Join", "Parent Relationship": "Outer", "Join Type": "Inner", "Startup Cost": 5813.37, "Total Cost": 1720623.69, "Plan Rows": 9390, "Plan Width": 42, "Inner Unique": true, "Hash Cond": "((lineitem.l_suppkey = supplier.s_suppkey) AND (customer.c_nationkey = supplier.s_nationkey))", "Plans": [{"Node Type": "Nested Loop", "Parent Relationship": "Outer", "Join Type": "Inner", "Startup Cost": 1030.37, "Total Cost": 1688079.68, "Plan Rows": 3688948, "Plan Width": 58, "Inner Unique": false, "Plans": [{"Node Type": "Nested Loop", "Parent Relationship": "Outer", "Join Type": "Inner", "Startup Cost": 1030.37, "Total Cost": 412285.27, "Plan Rows": 406290, "Plan Width": 42, "Inner Unique": false, "Plans": [{"Node Type": "Nested Loop", "Parent Relationship": "Outer", "Join Type": "Inner", "Startup Cost": 1030.37, "Total Cost": 37176.47, "Plan Rows": 300000, "Plan Width": 42, "Inner Unique": false, "Plans": [{"Node Type": "Nested Loop", "Parent Relationship": "Outer", "Join Type": "Inner", "Startup Cost": 0.0, "Total Cost": 14.06, "Plan Rows": 5, "Plan Width": 30, "Inner Unique": true, "Join Filter": "(nation.n_regionkey = region.r_regionkey)", "Plans": [{"Node Type": "Index Scan", "Parent Relationship": "Outer", "Scan Direction": "Forward", "Index Name": "nation_pkey", "Relation Name": "nation", "Alias": "nation", "Startup Cost": 0.0, "Total Cost": 12.62, "Plan Rows": 25, "Plan Width": 34}, {"Node Type": "Materialize", "Parent Relationship": "Inner", "Startup Cost": 0.0, "Total Cost": 1.07, "Plan Rows": 1, "Plan Width": 4, "Plans": [{"Node Type": "Seq Scan", "Parent Relationship": "Outer", "Relation Name": "region", "Alias": "region", "Startup Cost": 0.0, "Total Cost": 1.06, "Plan Rows": 1, "Plan Width": 4, "Filter": "(r_name = 'MIDDLE EAST'::bpchar)"}]}]}, {"Node Type": "Bitmap Heap Scan", "Parent Relationship": "Inner", "Relation Name": "customer", "Alias": "customer", "Startup Cost": 1030.37, "Total Cost": 6832.48, "Plan Rows": 60000, "Plan Width": 12, "Recheck Cond": "(c_nationkey = nation.n_nationkey)", "Plans": [{"Node Type": "Bitmap Index Scan", "Parent Relationship": "Outer", "Index Name": "idx_customer_nationkey", "Startup Cost": 0.0, "Total Cost": 1015.37, "Plan Rows": 60000, "Plan Width": 0, "Index Cond": "(c_nationkey = nation.n_nationkey)"}]}]}, {"Node Type": "Index Scan", "Parent Relationship": "Inner", "Scan Direction": "Forward", "Index Name": "idx_orders_custkey", "Relation Name": "orders", "Alias": "orders", "Startup Cost": 0.0, "Total Cost": 1.24, "Plan Rows": 1, "Plan Width": 16, "Index Cond": "(o_custkey = customer.c_custkey)", "Filter": "((o_orderdate >= '1994-01-01 00:00:00'::timestamp(0) without time zone) AND (o_orderdate < '1995-01-01 00:00:00'::timestamp without time zone))"}]}, {"Node Type": "Index Scan", "Parent Relationship": "Inner", "Scan Direction": "Forward", "Index Name": "idx_lineitem_orderkey", "Relation Name": "lineitem", "Alias": "lineitem", "Startup Cost": 0.0, "Total Cost": 3.05, "Plan Rows": 9, "Plan Width": 32, "Index Cond": "(l_orderkey = orders.o_orderkey)"}]}, {"Node Type": "Hash", "Parent Relationship": "Inner", "Startup Cost": 3283.0, "Total Cost": 3283.0, "Plan Rows": 100000, "Plan Width": 12, "Plans": [{"Node Type": "Seq Scan", "Parent Relationship": "Outer", "Relation Name": "supplier", "Alias": "supplier", "Startup Cost": 0.0, "Total Cost": 3283.0, "Plan Rows": 100000, "Plan Width": 12}]}]}]}]}, "Unique SQL Id": 1392561963}, "explain_analyze_plan": {"Plan": {"Node Type": "Sort", "Startup Cost": 1720718.42, "Total Cost": 1720718.49, "Plan Rows": 25, "Plan Width": 50, "Actual Startup Time": 16616.738, "Actual Total Time": 16616.739, "Actual Rows": 5, "Actual Loops": 1, "Sort Key": ["(sum((lineitem.l_extendedprice * (1::double precision - lineitem.l_discount)))) DESC"], "Sort Method": "quicksort", "Sort Space Used": 25, "Sort Space Type": "Memory", "Plans": [{"Node Type": "Aggregate", "Strategy": "Hashed", "Parent Relationship": "Outer", "Startup Cost": 1720717.59, "Total Cost": 1720717.84, "Plan Rows": 25, "Plan Width": 50, "Actual Startup Time": 16616.716, "Actual Total Time": 16616.718, "Actual Rows": 5, "Actual Loops": 1, "Group By Key": ["nation.n_name"], "Plans": [{"Node Type": "Hash Join", "Parent Relationship": "Outer", "Join Type": "Inner", "Startup Cost": 5813.37, "Total Cost": 1720623.69, "Plan Rows": 9390, "Plan Width": 42, "Actual Startup Time": 85.28, "Actual Total Time": 16534.277, "Actual Rows": 72985, "Actual Loops": 1, "Inner Unique": true, "Hash Cond": "((lineitem.l_suppkey = supplier.s_suppkey) AND (customer.c_nationkey = supplier.s_nationkey))", "Plans": [{"Node Type": "Nested Loop", "Parent Relationship": "Outer", "Join Type": "Inner", "Startup Cost": 1030.37, "Total Cost": 1688079.68, "Plan Rows": 3688948, "Plan Width": 58, "Actual Startup Time": 17.869, "Actual Total Time": 15590.986, "Actual Rows": 1815222, "Actual Loops": 1, "Inner Unique": false, "Plans": [{"Node Type": "Nested Loop", "Parent Relationship": "Outer", "Join Type": "Inner", "Startup Cost": 1030.37, "Total Cost": 412285.27, "Plan Rows": 406290, "Plan Width": 42, "Actual Startup Time": 17.845, "Actual Total Time": 9743.083, "Actual Rows": 454183, "Actual Loops": 1, "Inner Unique": false, "Plans": [{"Node Type": "Nested Loop", "Parent Relationship": "Outer", "Join Type": "Inner", "Startup Cost": 1030.37, "Total Cost": 37176.47, "Plan Rows": 300000, "Plan Width": 42, "Actual Startup Time": 17.766, "Actual Total Time": 658.444, "Actual Rows": 299838, "Actual Loops": 1, "Inner Unique": false, "Plans": [{"Node Type": "Nested Loop", "Parent Relationship": "Outer", "Join Type": "Inner", "Startup Cost": 0.0, "Total Cost": 14.06, "Plan Rows": 5, "Plan Width": 30, "Actual Startup Time": 0.049, "Actual Total Time": 0.124, "Actual Rows": 5, "Actual Loops": 1, "Inner Unique": true, "Join Filter": "(nation.n_regionkey = region.r_regionkey)", "Rows Removed by Join Filter": 20, "Plans": [{"Node Type": "Index Scan", "Parent Relationship": "Outer", "Scan Direction": "Forward", "Index Name": "nation_pkey", "Relation Name": "nation", "Alias": "nation", "Startup Cost": 0.0, "Total Cost": 12.62, "Plan Rows": 25, "Plan Width": 34, "Actual Startup Time": 0.013, "Actual Total Time": 0.041, "Actual Rows": 25, "Actual Loops": 1}, {"Node Type": "Materialize", "Parent Relationship": "Inner", "Startup Cost": 0.0, "Total Cost": 1.07, "Plan Rows": 1, "Plan Width": 4, "Actual Startup Time": 0.033, "Actual Total Time": 0.04, "Actual Rows": 25, "Actual Loops": 25, "Plans": [{"Node Type": "Seq Scan", "Parent Relationship": "Outer", "Relation Name": "region", "Alias": "region", "Startup Cost": 0.0, "Total Cost": 1.06, "Plan Rows": 1, "Plan Width": 4, "Actual Startup Time": 0.019, "Actual Total Time": 0.021, "Actual Rows": 1, "Actual Loops": 1, "Filter": "(r_name = 'MIDDLE EAST'::bpchar)", "Rows Removed by Filter": 4}]}]}, {"Node Type": "Bitmap Heap Scan", "Parent Relationship": "Inner", "Relation Name": "customer", "Alias": "customer", "Startup Cost": 1030.37, "Total Cost": 6832.48, "Plan Rows": 60000, "Plan Width": 12, "Actual Startup Time": 95.451, "Actual Total Time": 583.245, "Actual Rows": 299838, "Actual Loops": 5, "Recheck Cond": "(c_nationkey = nation.n_nationkey)", "Rows Removed by Index Recheck": 0, "Exact Heap Blocks": 150033, "Lossy Heap Blocks": 150033, "Plans": [{"Node Type": "Bitmap Index Scan", "Parent Relationship": "Outer", "Index Name": "idx_customer_nationkey", "Startup Cost": 0.0, "Total Cost": 1015.37, "Plan Rows": 60000, "Plan Width": 0, "Actual Startup Time": 62.087, "Actual Total Time": 62.087, "Actual Rows": 299838, "Actual Loops": 5, "Index Cond": "(c_nationkey = nation.n_nationkey)"}]}]}, {"Node Type": "Index Scan", "Parent Relationship": "Inner", "Scan Direction": "Forward", "Index Name": "idx_orders_custkey", "Relation Name": "orders", "Alias": "orders", "Startup Cost": 0.0, "Total Cost": 1.24, "Plan Rows": 1, "Plan Width": 16, "Actual Startup Time": 4126.452, "Actual Total Time": 8825.168, "Actual Rows": 454183, "Actual Loops": 299838, "Index Cond": "(o_custkey = customer.c_custkey)", "Rows Removed by Index Recheck": 0, "Filter": "((o_orderdate >= '1994-01-01 00:00:00'::timestamp(0) without time zone) AND (o_orderdate < '1995-01-01 00:00:00'::timestamp without time zone))", "Rows Removed by Filter": 2542535}]}, {"Node Type": "Index Scan", "Parent Relationship": "Inner", "Scan Direction": "Forward", "Index Name": "idx_lineitem_orderkey", "Relation Name": "lineitem", "Alias": "lineitem", "Startup Cost": 0.0, "Total Cost": 3.05, "Plan Rows": 9, "Plan Width": 32, "Actual Startup Time": 4232.133, "Actual Total Time": 5188.805, "Actual Rows": 1815222, "Actual Loops": 454183, "Index Cond": "(l_orderkey = orders.o_orderkey)", "Rows Removed by Index Recheck": 0}]}, {"Node Type": "Hash", "Parent Relationship": "Inner", "Startup Cost": 3283.0, "Total Cost": 3283.0, "Plan Rows": 100000, "Plan Width": 12, "Actual Startup Time": 67.178, "Actual Total Time": 67.178, "Actual Rows": 100000, "Actual Loops": 1, "Hash Buckets": 131072, "Hash Batches": 1, "Original Hash Batches": 1, "Peak Memory Usage": 4297, "Plans": [{"Node Type": "Seq Scan", "Parent Relationship": "Outer", "Relation Name": "supplier", "Alias": "supplier", "Startup Cost": 0.0, "Total Cost": 3283.0, "Plan Rows": 100000, "Plan Width": 12, "Actual Startup Time": 0.015, "Actual Total Time": 36.304, "Actual Rows": 100000, "Actual Loops": 1}]}]}]}]}, "Triggers": [], "Planner Runtime": 10.103, "Total Runtime": 16617.12, "Unique SQL Id": 1392561963}}, "(16, 5)": {"explain_plan": {"Plan": {"Node Type": "Sort", "Startup Cost": 1722794.32, "Total Cost": 1722794.39, "Plan Rows": 25, "Plan Width": 50, "Sort Key": ["(sum((lineitem.l_extendedprice * (1::double precision - lineitem.l_discount)))) DESC"], "Plans": [{"Node Type": "Aggregate", "Strategy": "Hashed", "Parent Relationship": "Outer", "Startup Cost": 1722793.49, "Total Cost": 1722793.74, "Plan Rows": 25, "Plan Width": 50, "Group By Key": ["nation.n_name"], "Plans": [{"Node Type": "Hash Join", "Parent Relationship": "Outer", "Join Type": "Inner", "Startup Cost": 7864.91, "Total Cost": 1722699.59, "Plan Rows": 9390, "Plan Width": 42, "Inner Unique": true, "Hash Cond": "((lineitem.l_suppkey = supplier.s_suppkey) AND (customer.c_nationkey = supplier.s_nationkey))", "Plans": [{"Node Type": "Nested Loop", "Parent Relationship": "Outer", "Join Type": "Inner", "Startup Cost": 1030.37, "Total Cost": 1688090.96, "Plan Rows": 3688948, "Plan Width": 58, "Inner Unique": false, "Plans": [{"Node Type": "Nested Loop", "Parent Relationship": "Outer", "Join Type": "Inner", "Startup Cost": 1030.37, "Total Cost": 412296.55, "Plan Rows": 406290, "Plan Width": 42, "Inner Unique": false, "Plans": [{"Node Type": "Nested Loop", "Parent Relationship": "Outer", "Join Type": "Inner", "Startup Cost": 1030.37, "Total Cost": 37187.75, "Plan Rows": 300000, "Plan Width": 42, "Inner Unique": false, "Plans": [{"Node Type": "Nested Loop", "Parent Relationship": "Outer", "Join Type": "Inner", "Startup Cost": 0.0, "Total Cost": 25.34, "Plan Rows": 5, "Plan Width": 30, "Inner Unique": true, "Join Filter": "(nation.n_regionkey = region.r_regionkey)", "Plans": [{"Node Type": "Index Scan", "Parent Relationship": "Outer", "Scan Direction": "Forward", "Index Name": "nation_pkey", "Relation Name": "nation", "Alias": "nation", "Startup Cost": 0.0, "Total Cost": 12.62, "Plan Rows": 25, "Plan Width": 34}, {"Node Type": "Materialize", "Parent Relationship": "Inner", "Startup Cost": 0.0, "Total Cost": 12.34, "Plan Rows": 1, "Plan Width": 4, "Plans": [{"Node Type": "Index Scan", "Parent Relationship": "Outer", "Scan Direction": "Forward", "Index Name": "region_pkey", "Relation Name": "region", "Alias": "region", "Startup Cost": 0.0, "Total Cost": 12.34, "Plan Rows": 1, "Plan Width": 4, "Filter": "(r_name = 'MIDDLE EAST'::bpchar)"}]}]}, {"Node Type": "Bitmap Heap Scan", "Parent Relationship": "Inner", "Relation Name": "customer", "Alias": "customer", "Startup Cost": 1030.37, "Total Cost": 6832.48, "Plan Rows": 60000, "Plan Width": 12, "Recheck Cond": "(c_nationkey = nation.n_nationkey)", "Plans": [{"Node Type": "Bitmap Index Scan", "Parent Relationship": "Outer", "Index Name": "idx_customer_nationkey", "Startup Cost": 0.0, "Total Cost": 1015.37, "Plan Rows": 60000, "Plan Width": 0, "Index Cond": "(c_nationkey = nation.n_nationkey)"}]}]}, {"Node Type": "Index Scan", "Parent Relationship": "Inner", "Scan Direction": "Forward", "Index Name": "idx_orders_custkey", "Relation Name": "orders", "Alias": "orders", "Startup Cost": 0.0, "Total Cost": 1.24, "Plan Rows": 1, "Plan Width": 16, "Index Cond": "(o_custkey = customer.c_custkey)", "Filter": "((o_orderdate >= '1994-01-01 00:00:00'::timestamp(0) without time zone) AND (o_orderdate < '1995-01-01 00:00:00'::timestamp without time zone))"}]}, {"Node Type": "Index Scan", "Parent Relationship": "Inner", "Scan Direction": "Forward", "Index Name": "idx_lineitem_orderkey", "Relation Name": "lineitem", "Alias": "lineitem", "Startup Cost": 0.0, "Total Cost": 3.05, "Plan Rows": 9, "Plan Width": 32, "Index Cond": "(l_orderkey = orders.o_orderkey)"}]}, {"Node Type": "Hash", "Parent Relationship": "Inner", "Startup Cost": 5334.54, "Total Cost": 5334.54, "Plan Rows": 100000, "Plan Width": 12, "Plans": [{"Node Type": "Index Scan", "Parent Relationship": "Outer", "Scan Direction": "Forward", "Index Name": "supplier_pkey", "Relation Name": "supplier", "Alias": "supplier", "Startup Cost": 0.0, "Total Cost": 5334.54, "Plan Rows": 100000, "Plan Width": 12}]}]}]}]}, "Unique SQL Id": 1392561963}, "explain_analyze_plan": {"Plan": {"Node Type": "Sort", "Startup Cost": 1722794.32, "Total Cost": 1722794.39, "Plan Rows": 25, "Plan Width": 50, "Actual Startup Time": 16475.589, "Actual Total Time": 16475.59, "Actual Rows": 5, "Actual Loops": 1, "Sort Key": ["(sum((lineitem.l_extendedprice * (1::double precision - lineitem.l_discount)))) DESC"], "Sort Method": "quicksort", "Sort Space Used": 25, "Sort Space Type": "Memory", "Plans": [{"Node Type": "Aggregate", "Strategy": "Hashed", "Parent Relationship": "Outer", "Startup Cost": 1722793.49, "Total Cost": 1722793.74, "Plan Rows": 25, "Plan Width": 50, "Actual Startup Time": 16475.552, "Actual Total Time": 16475.554, "Actual Rows": 5, "Actual Loops": 1, "Group By Key": ["nation.n_name"], "Plans": [{"Node Type": "Hash Join", "Parent Relationship": "Outer", "Join Type": "Inner", "Startup Cost": 7864.91, "Total Cost": 1722699.59, "Plan Rows": 9390, "Plan Width": 42, "Actual Startup Time": 116.644, "Actual Total Time": 16393.079, "Actual Rows": 72985, "Actual Loops": 1, "Inner Unique": true, "Hash Cond": "((lineitem.l_suppkey = supplier.s_suppkey) AND (customer.c_nationkey = supplier.s_nationkey))", "Plans": [{"Node Type": "Nested Loop", "Parent Relationship": "Outer", "Join Type": "Inner", "Startup Cost": 1030.37, "Total Cost": 1688090.96, "Plan Rows": 3688948, "Plan Width": 58, "Actual Startup Time": 18.102, "Actual Total Time": 15467.591, "Actual Rows": 1815222, "Actual Loops": 1, "Inner Unique": false, "Plans": [{"Node Type": "Nested Loop", "Parent Relationship": "Outer", "Join Type": "Inner", "Startup Cost": 1030.37, "Total Cost": 412296.55, "Plan Rows": 406290, "Plan Width": 42, "Actual Startup Time": 18.077, "Actual Total Time": 9561.915, "Actual Rows": 454183, "Actual Loops": 1, "Inner Unique": false, "Plans": [{"Node Type": "Nested Loop", "Parent Relationship": "Outer", "Join Type": "Inner", "Startup Cost": 1030.37, "Total Cost": 37187.75, "Plan Rows": 300000, "Plan Width": 42, "Actual Startup Time": 17.988, "Actual Total Time": 664.419, "Actual Rows": 299838, "Actual Loops": 1, "Inner Unique": false, "Plans": [{"Node Type": "Nested Loop", "Parent Relationship": "Outer", "Join Type": "Inner", "Startup Cost": 0.0, "Total Cost": 25.34, "Plan Rows": 5, "Plan Width": 30, "Actual Startup Time": 0.087, "Actual Total Time": 0.262, "Actual Rows": 5, "Actual Loops": 1, "Inner Unique": true, "Join Filter": "(nation.n_regionkey = region.r_regionkey)", "Rows Removed by Join Filter": 20, "Plans": [{"Node Type": "Index Scan", "Parent Relationship": "Outer", "Scan Direction": "Forward", "Index Name": "nation_pkey", "Relation Name": "nation", "Alias": "nation", "Startup Cost": 0.0, "Total Cost": 12.62, "Plan Rows": 25, "Plan Width": 34, "Actual Startup Time": 0.031, "Actual Total Time": 0.083, "Actual Rows": 25, "Actual Loops": 1}, {"Node Type": "Materialize", "Parent Relationship": "Inner", "Startup Cost": 0.0, "Total Cost": 12.34, "Plan Rows": 1, "Plan Width": 4, "Actual Startup Time": 0.043, "Actual Total Time": 0.048, "Actual Rows": 25, "Actual Loops": 25, "Plans": [{"Node Type": "Index Scan", "Parent Relationship": "Outer", "Scan Direction": "Forward", "Index Name": "region_pkey", "Relation Name": "region", "Alias": "region", "Startup Cost": 0.0, "Total Cost": 12.34, "Plan Rows": 1, "Plan Width": 4, "Actual Startup Time": 0.026, "Actual Total Time": 0.027, "Actual Rows": 1, "Actual Loops": 1, "Filter": "(r_name = 'MIDDLE EAST'::bpchar)", "Rows Removed by Filter": 4}]}]}, {"Node Type": "Bitmap Heap Scan", "Parent Relationship": "Inner", "Relation Name": "customer", "Alias": "customer", "Startup Cost": 1030.37, "Total Cost": 6832.48, "Plan Rows": 60000, "Plan Width": 12, "Actual Startup Time": 89.481, "Actual Total Time": 591.237, "Actual Rows": 299838, "Actual Loops": 5, "Recheck Cond": "(c_nationkey = nation.n_nationkey)", "Rows Removed by Index Recheck": 0, "Exact Heap Blocks": 150033, "Lossy Heap Blocks": 150033, "Plans": [{"Node Type": "Bitmap Index Scan", "Parent Relationship": "Outer", "Index Name": "idx_customer_nationkey", "Startup Cost": 0.0, "Total Cost": 1015.37, "Plan Rows": 60000, "Plan Width": 0, "Actual Startup Time": 56.375, "Actual Total Time": 56.375, "Actual Rows": 299838, "Actual Loops": 5, "Index Cond": "(c_nationkey = nation.n_nationkey)"}]}]}, {"Node Type": "Index Scan", "Parent Relationship": "Inner", "Scan Direction": "Forward", "Index Name": "idx_orders_custkey", "Relation Name": "orders", "Alias": "orders", "Startup Cost": 0.0, "Total Cost": 1.24, "Plan Rows": 1, "Plan Width": 16, "Actual Startup Time": 4091.613, "Actual Total Time": 8636.254, "Actual Rows": 454183, "Actual Loops": 299838, "Index Cond": "(o_custkey = customer.c_custkey)", "Rows Removed by Index Recheck": 0, "Filter": "((o_orderdate >= '1994-01-01 00:00:00'::timestamp(0) without time zone) AND (o_orderdate < '1995-01-01 00:00:00'::timestamp without time zone))", "Rows Removed by Filter": 2542535}]}, {"Node Type": "Index Scan", "Parent Relationship": "Inner", "Scan Direction": "Forward", "Index Name": "idx_lineitem_orderkey", "Relation Name": "lineitem", "Alias": "lineitem", "Startup Cost": 0.0, "Total Cost": 3.05, "Plan Rows": 9, "Plan Width": 32, "Actual Startup Time": 4289.31, "Actual Total Time": 5257.781, "Actual Rows": 1815222, "Actual Loops": 454183, "Index Cond": "(l_orderkey = orders.o_orderkey)", "Rows Removed by Index Recheck": 0}]}, {"Node Type": "Hash", "Parent Relationship": "Inner", "Startup Cost": 5334.54, "Total Cost": 5334.54, "Plan Rows": 100000, "Plan Width": 12, "Actual Startup Time": 98.283, "Actual Total Time": 98.283, "Actual Rows": 100000, "Actual Loops": 1, "Hash Buckets": 131072, "Hash Batches": 1, "Original Hash Batches": 1, "Peak Memory Usage": 4297, "Plans": [{"Node Type": "Index Scan", "Parent Relationship": "Outer", "Scan Direction": "Forward", "Index Name": "supplier_pkey", "Relation Name": "supplier", "Alias": "supplier", "Startup Cost": 0.0, "Total Cost": 5334.54, "Plan Rows": 100000, "Plan Width": 12, "Actual Startup Time": 0.026, "Actual Total Time": 65.551, "Actual Rows": 100000, "Actual Loops": 1}]}]}]}]}, "Triggers": [], "Planner Runtime": 9.82, "Total Runtime": 16476.227, "Unique SQL Id": 1392561963}}, "(16, 6)": {"explain_plan": {"Plan": {"Node Type": "Sort", "Startup Cost": 2457247.05, "Total Cost": 2457247.11, "Plan Rows": 25, "Plan Width": 50, "Sort Key": ["(sum((lineitem.l_extendedprice * (1::double precision - lineitem.l_discount)))) DESC"], "Plans": [{"Node Type": "Aggregate", "Strategy": "Hashed", "Parent Relationship": "Outer", "Startup Cost": 2457246.22, "Total Cost": 2457246.47, "Plan Rows": 25, "Plan Width": 50, "Group By Key": ["nation.n_name"], "Plans": [{"Node Type": "Hash Join", "Parent Relationship": "Outer", "Join Type": "Inner", "Startup Cost": 104058.84, "Total Cost": 2457152.32, "Plan Rows": 9390, "Plan Width": 42, "Inner Unique": true, "Hash Cond": "((lineitem.l_suppkey = supplier.s_suppkey) AND (customer.c_nationkey = supplier.s_nationkey))", "Plans": [{"Node Type": "Nested Loop", "Parent Relationship": "Outer", "Join Type": "Inner", "Startup Cost": 99275.84, "Total Cost": 2424608.31, "Plan Rows": 3688948, "Plan Width": 58, "Inner Unique": false, "Plans": [{"Node Type": "Hash Join", "Parent Relationship": "Outer", "Join Type": "Inner", "Startup Cost": 99275.12, "Total Cost": 422539.98, "Plan Rows": 406290, "Plan Width": 42, "Inner Unique": false, "Hash Cond": "(orders.o_custkey = customer.c_custkey), (LLVM Optimized)", "Plans": [{"Node Type": "Bitmap Heap Scan", "Parent Relationship": "Outer", "Relation Name": "orders", "Alias": "orders", "Startup Cost": 58360.27, "Total Cost": 369005.64, "Plan Rows": 2281758, "Plan Width": 16, "Recheck Cond": "((o_orderdate >= '1994-01-01 00:00:00'::timestamp(0) without time zone) AND (o_orderdate < '1995-01-01 00:00:00'::timestamp without time zone)), (LLVM Optimized)", "Plans": [{"Node Type": "Bitmap Index Scan", "Parent Relationship": "Outer", "Index Name": "idx_orders_orderdate", "Startup Cost": 0.0, "Total Cost": 57789.83, "Plan Rows": 2281758, "Plan Width": 0, "Index Cond": "((o_orderdate >= '1994-01-01 00:00:00'::timestamp(0) without time zone) AND (o_orderdate < '1995-01-01 00:00:00'::timestamp without time zone))"}]}, {"Node Type": "Hash", "Parent Relationship": "Inner", "Startup Cost": 37164.85, "Total Cost": 37164.85, "Plan Rows": 300000, "Plan Width": 42, "Plans": [{"Node Type": "Nested Loop", "Parent Relationship": "Outer", "Join Type": "Inner", "Startup Cost": 1031.44, "Total Cost": 37164.85, "Plan Rows": 300000, "Plan Width": 42, "Inner Unique": false, "Plans": [{"Node Type": "Hash Join", "Parent Relationship": "Outer", "Join Type": "Inner", "Startup Cost": 1.07, "Total Cost": 2.44, "Plan Rows": 5, "Plan Width": 30, "Inner Unique": true, "Hash Cond": "(nation.n_regionkey = region.r_regionkey)", "Plans": [{"Node Type": "Seq Scan", "Parent Relationship": "Outer", "Relation Name": "nation", "Alias": "nation", "Startup Cost": 0.0, "Total Cost": 1.25, "Plan Rows": 25, "Plan Width": 34}, {"Node Type": "Hash", "Parent Relationship": "Inner", "Startup Cost": 1.06, "Total Cost": 1.06, "Plan Rows": 1, "Plan Width": 4, "Plans": [{"Node Type": "Seq Scan", "Parent Relationship": "Outer", "Relation Name": "region", "Alias": "region", "Startup Cost": 0.0, "Total Cost": 1.06, "Plan Rows": 1, "Plan Width": 4, "Filter": "(r_name = 'MIDDLE EAST'::bpchar)"}]}]}, {"Node Type": "Bitmap Heap Scan", "Parent Relationship": "Inner", "Relation Name": "customer", "Alias": "customer", "Startup Cost": 1030.37, "Total Cost": 6832.48, "Plan Rows": 60000, "Plan Width": 12, "Recheck Cond": "(c_nationkey = nation.n_nationkey)", "Plans": [{"Node Type": "Bitmap Index Scan", "Parent Relationship": "Outer", "Index Name": "idx_customer_nationkey", "Startup Cost": 0.0, "Total Cost": 1015.37, "Plan Rows": 60000, "Plan Width": 0, "Index Cond": "(c_nationkey = nation.n_nationkey)"}]}]}]}]}, {"Node Type": "Bitmap Heap Scan", "Parent Relationship": "Inner", "Relation Name": "lineitem", "Alias": "lineitem", "Startup Cost": 0.73, "Total Cost": 4.84, "Plan Rows": 9, "Plan Width": 32, "Recheck Cond": "(l_orderkey = orders.o_orderkey)", "Plans": [{"Node Type": "Bitmap Index Scan", "Parent Relationship": "Outer", "Index Name": "idx_lineitem_orderkey", "Startup Cost": 0.0, "Total Cost": 0.72, "Plan Rows": 9, "Plan Width": 0, "Index Cond": "(l_orderkey = orders.o_orderkey)"}]}]}, {"Node Type": "Hash", "Parent Relationship": "Inner", "Startup Cost": 3283.0, "Total Cost": 3283.0, "Plan Rows": 100000, "Plan Width": 12, "Plans": [{"Node Type": "Seq Scan", "Parent Relationship": "Outer", "Relation Name": "supplier", "Alias": "supplier", "Startup Cost": 0.0, "Total Cost": 3283.0, "Plan Rows": 100000, "Plan Width": 12}]}]}]}]}, "Unique SQL Id": 1392561963}, "explain_analyze_plan": {"Plan": {"Node Type": "Sort", "Startup Cost": 2457247.05, "Total Cost": 2457247.11, "Plan Rows": 25, "Plan Width": 50, "Actual Startup Time": 10231.164, "Actual Total Time": 10231.165, "Actual Rows": 5, "Actual Loops": 1, "Sort Key": ["(sum((lineitem.l_extendedprice * (1::double precision - lineitem.l_discount)))) DESC"], "Sort Method": "quicksort", "Sort Space Used": 25, "Sort Space Type": "Memory", "Plans": [{"Node Type": "Aggregate", "Strategy": "Hashed", "Parent Relationship": "Outer", "Startup Cost": 2457246.22, "Total Cost": 2457246.47, "Plan Rows": 25, "Plan Width": 50, "Actual Startup Time": 10231.139, "Actual Total Time": 10231.139, "Actual Rows": 5, "Actual Loops": 1, "Group By Key": ["nation.n_name"], "Plans": [{"Node Type": "Hash Join", "Parent Relationship": "Outer", "Join Type": "Inner", "Startup Cost": 104058.84, "Total Cost": 2457152.32, "Plan Rows": 9390, "Plan Width": 42, "Actual Startup Time": 1455.675, "Actual Total Time": 10153.26, "Actual Rows": 72985, "Actual Loops": 1, "Inner Unique": true, "Hash Cond": "((lineitem.l_suppkey = supplier.s_suppkey) AND (customer.c_nationkey = supplier.s_nationkey))", "Plans": [{"Node Type": "Nested Loop", "Parent Relationship": "Outer", "Join Type": "Inner", "Startup Cost": 99275.84, "Total Cost": 2424608.31, "Plan Rows": 3688948, "Plan Width": 58, "Actual Startup Time": 1388.075, "Actual Total Time": 9340.13, "Actual Rows": 1815222, "Actual Loops": 1, "Inner Unique": false, "Plans": [{"Node Type": "Hash Join", "Parent Relationship": "Outer", "Join Type": "Inner", "Startup Cost": 99275.12, "Total Cost": 422539.98, "Plan Rows": 406290, "Plan Width": 42, "Actual Startup Time": 1388.007, "Actual Total Time": 4342.76, "Actual Rows": 454183, "Actual Loops": 1, "Inner Unique": false, "Hash Cond": "(orders.o_custkey = customer.c_custkey), (LLVM Optimized, Jit Execute)", "Plans": [{"Node Type": "Bitmap Heap Scan", "Parent Relationship": "Outer", "Relation Name": "orders", "Alias": "orders", "Startup Cost": 58360.27, "Total Cost": 369005.64, "Plan Rows": 2281758, "Plan Width": 16, "Actual Startup Time": 652.124, "Actual Total Time": 2433.376, "Actual Rows": 2275919, "Actual Loops": 1, "Recheck Cond": "((o_orderdate >= '1994-01-01 00:00:00'::timestamp(0) without time zone) AND (o_orderdate < '1995-01-01 00:00:00'::timestamp without time zone)), (LLVM Optimized, Jit Execute)", "Rows Removed by Index Recheck": 0, "Exact Heap Blocks": 276381, "Lossy Heap Blocks": 276381, "Plans": [{"Node Type": "Bitmap Index Scan", "Parent Relationship": "Outer", "Index Name": "idx_orders_orderdate", "Startup Cost": 0.0, "Total Cost": 57789.83, "Plan Rows": 2281758, "Plan Width": 0, "Actual Startup Time": 563.826, "Actual Total Time": 563.826, "Actual Rows": 2275919, "Actual Loops": 1, "Index Cond": "((o_orderdate >= '1994-01-01 00:00:00'::timestamp(0) without time zone) AND (o_orderdate < '1995-01-01 00:00:00'::timestamp without time zone))"}]}, {"Node Type": "Hash", "Parent Relationship": "Inner", "Startup Cost": 37164.85, "Total Cost": 37164.85, "Plan Rows": 300000, "Plan Width": 42, "Actual Startup Time": 735.466, "Actual Total Time": 735.466, "Actual Rows": 299838, "Actual Loops": 1, "Hash Buckets": 524288, "Hash Batches": 1, "Original Hash Batches": 1, "Peak Memory Usage": 22254, "Plans": [{"Node Type": "Nested Loop", "Parent Relationship": "Outer", "Join Type": "Inner", "Startup Cost": 1031.44, "Total Cost": 37164.85, "Plan Rows": 300000, "Plan Width": 42, "Actual Startup Time": 18.112, "Actual Total Time": 616.312, "Actual Rows": 299838, "Actual Loops": 1, "Inner Unique": false, "Plans": [{"Node Type": "Hash Join", "Parent Relationship": "Outer", "Join Type": "Inner", "Startup Cost": 1.07, "Total Cost": 2.44, "Plan Rows": 5, "Plan Width": 30, "Actual Startup Time": 0.092, "Actual Total Time": 0.166, "Actual Rows": 5, "Actual Loops": 1, "Inner Unique": true, "Hash Cond": "(nation.n_regionkey = region.r_regionkey)", "Plans": [{"Node Type": "Seq Scan", "Parent Relationship": "Outer", "Relation Name": "nation", "Alias": "nation", "Startup Cost": 0.0, "Total Cost": 1.25, "Plan Rows": 25, "Plan Width": 34, "Actual Startup Time": 0.024, "Actual Total Time": 0.046, "Actual Rows": 25, "Actual Loops": 1}, {"Node Type": "Hash", "Parent Relationship": "Inner", "Startup Cost": 1.06, "Total Cost": 1.06, "Plan Rows": 1, "Plan Width": 4, "Actual Startup Time": 0.026, "Actual Total Time": 0.026, "Actual Rows": 1, "Actual Loops": 1, "Hash Buckets": 32768, "Hash Batches": 1, "Original Hash Batches": 1, "Peak Memory Usage": 1, "Plans": [{"Node Type": "Seq Scan", "Parent Relationship": "Outer", "Relation Name": "region", "Alias": "region", "Startup Cost": 0.0, "Total Cost": 1.06, "Plan Rows": 1, "Plan Width": 4, "Actual Startup Time": 0.021, "Actual Total Time": 0.022, "Actual Rows": 1, "Actual Loops": 1, "Filter": "(r_name = 'MIDDLE EAST'::bpchar)", "Rows Removed by Filter": 4}]}]}, {"Node Type": "Bitmap Heap Scan", "Parent Relationship": "Inner", "Relation Name": "customer", "Alias": "customer", "Startup Cost": 1030.37, "Total Cost": 6832.48, "Plan Rows": 60000, "Plan Width": 12, "Actual Startup Time": 90.805, "Actual Total Time": 547.481, "Actual Rows": 299838, "Actual Loops": 5, "Recheck Cond": "(c_nationkey = nation.n_nationkey)", "Rows Removed by Index Recheck": 0, "Exact Heap Blocks": 150033, "Lossy Heap Blocks": 150033, "Plans": [{"Node Type": "Bitmap Index Scan", "Parent Relationship": "Outer", "Index Name": "idx_customer_nationkey", "Startup Cost": 0.0, "Total Cost": 1015.37, "Plan Rows": 60000, "Plan Width": 0, "Actual Startup Time": 57.791, "Actual Total Time": 57.791, "Actual Rows": 299838, "Actual Loops": 5, "Index Cond": "(c_nationkey = nation.n_nationkey)"}]}]}]}]}, {"Node Type": "Bitmap Heap Scan", "Parent Relationship": "Inner", "Relation Name": "lineitem", "Alias": "lineitem", "Startup Cost": 0.73, "Total Cost": 4.84, "Plan Rows": 9, "Plan Width": 32, "Actual Startup Time": 3758.685, "Actual Total Time": 4076.579, "Actual Rows": 1815222, "Actual Loops": 454183, "Recheck Cond": "(l_orderkey = orders.o_orderkey)", "Rows Removed by Index Recheck": 0, "Exact Heap Blocks": 486530, "Lossy Heap Blocks": 486530, "Plans": [{"Node Type": "Bitmap Index Scan", "Parent Relationship": "Outer", "Index Name": "idx_lineitem_orderkey", "Startup Cost": 0.0, "Total Cost": 0.72, "Plan Rows": 9, "Plan Width": 0, "Actual Startup Time": 2087.51, "Actual Total Time": 2087.51, "Actual Rows": 1815222, "Actual Loops": 454183, "Index Cond": "(l_orderkey = orders.o_orderkey)"}]}]}, {"Node Type": "Hash", "Parent Relationship": "Inner", "Startup Cost": 3283.0, "Total Cost": 3283.0, "Plan Rows": 100000, "Plan Width": 12, "Actual Startup Time": 67.446, "Actual Total Time": 67.446, "Actual Rows": 100000, "Actual Loops": 1, "Hash Buckets": 131072, "Hash Batches": 1, "Original Hash Batches": 1, "Peak Memory Usage": 4297, "Plans": [{"Node Type": "Seq Scan", "Parent Relationship": "Outer", "Relation Name": "supplier", "Alias": "supplier", "Startup Cost": 0.0, "Total Cost": 3283.0, "Plan Rows": 100000, "Plan Width": 12, "Actual Startup Time": 0.022, "Actual Total Time": 36.695, "Actual Rows": 100000, "Actual Loops": 1}]}]}]}]}, "Triggers": [], "Planner Runtime": 8.833, "Total Runtime": 10241.237, "Unique SQL Id": 1392561963}}, "(16, 7)": {"explain_plan": {"Plan": {"Node Type": "Sort", "Startup Cost": 46003135.57, "Total Cost": 46003135.63, "Plan Rows": 25, "Plan Width": 50, "Sort Key": ["(sum((lineitem.l_extendedprice * (1::double precision - lineitem.l_discount)))) DESC"], "Plans": [{"Node Type": "Aggregate", "Strategy": "Hashed", "Parent Relationship": "Outer", "Startup Cost": 46003134.74, "Total Cost": 46003134.99, "Plan Rows": 25, "Plan Width": 50, "Group By Key": ["nation.n_name"], "Plans": [{"Node Type": "Nested Loop", "Parent Relationship": "Outer", "Join Type": "Inner", "Startup Cost": 58362.35, "Total Cost": 46003040.84, "Plan Rows": 9390, "Plan Width": 42, "Inner Unique": true, "Join Filter": "(customer.c_nationkey = supplier.s_nationkey)", "Plans": [{"Node Type": "Nested Loop", "Parent Relationship": "Outer", "Join Type": "Inner", "Startup Cost": 58362.1, "Total Cost": 30204103.6, "Plan Rows": 3688948, "Plan Width": 58, "Inner Unique": false, "Plans": [{"Node Type": "Nested Loop", "Parent Relationship": "Outer", "Join Type": "Inner", "Startup Cost": 58361.37, "Total Cost": 28202035.27, "Plan Rows": 406290, "Plan Width": 42, "Inner Unique": true, "Plans": [{"Node Type": "Nested Loop", "Parent Relationship": "Outer", "Join Type": "Inner", "Startup Cost": 58360.79, "Total Cost": 18851769.58, "Plan Rows": 2031452, "Plan Width": 46, "Inner Unique": true, "Plans": [{"Node Type": "Nested Loop", "Parent Relationship": "Outer", "Join Type": "Inner", "Startup Cost": 58360.54, "Total Cost": 10156636.32, "Plan Rows": 2031452, "Plan Width": 12, "Inner Unique": true, "Plans": [{"Node Type": "Bitmap Heap Scan", "Parent Relationship": "Outer", "Relation Name": "orders", "Alias": "orders", "Startup Cost": 58360.27, "Total Cost": 369005.64, "Plan Rows": 2281758, "Plan Width": 16, "Recheck Cond": "((o_orderdate >= '1994-01-01 00:00:00'::timestamp(0) without time zone) AND (o_orderdate < '1995-01-01 00:00:00'::timestamp without time zone)), (LLVM Optimized)", "Plans": [{"Node Type": "Bitmap Index Scan", "Parent Relationship": "Outer", "Index Name": "idx_orders_orderdate", "Startup Cost": 0.0, "Total Cost": 57789.83, "Plan Rows": 2281758, "Plan Width": 0, "Index Cond": "((o_orderdate >= '1994-01-01 00:00:00'::timestamp(0) without time zone) AND (o_orderdate < '1995-01-01 00:00:00'::timestamp without time zone))"}]}, {"Node Type": "Bitmap Heap Scan", "Parent Relationship": "Inner", "Relation Name": "customer", "Alias": "customer", "Startup Cost": 0.27, "Total Cost": 4.28, "Plan Rows": 1, "Plan Width": 12, "Recheck Cond": "(c_custkey = orders.o_custkey)", "Plans": [{"Node Type": "Bitmap Index Scan", "Parent Relationship": "Outer", "Index Name": "customer_pkey", "Startup Cost": 0.0, "Total Cost": 0.27, "Plan Rows": 1, "Plan Width": 0, "Index Cond": "(c_custkey = orders.o_custkey)"}]}]}, {"Node Type": "Bitmap Heap Scan", "Parent Relationship": "Inner", "Relation Name": "nation", "Alias": "nation", "Startup Cost": 0.26, "Total Cost": 4.27, "Plan Rows": 1, "Plan Width": 34, "Recheck Cond": "(n_nationkey = customer.c_nationkey)", "Plans": [{"Node Type": "Bitmap Index Scan", "Parent Relationship": "Outer", "Index Name": "nation_pkey", "Startup Cost": 0.0, "Total Cost": 0.26, "Plan Rows": 1, "Plan Width": 0, "Index Cond": "(n_nationkey = customer.c_nationkey)"}]}]}, {"Node Type": "Bitmap Heap Scan", "Parent Relationship": "Inner", "Relation Name": "region", "Alias": "region", "Startup Cost": 0.58, "Total Cost": 4.59, "Plan Rows": 1, "Plan Width": 4, "Recheck Cond": "(r_regionkey = nation.n_regionkey)", "Filter": "(r_name = 'MIDDLE EAST'::bpchar)", "Plans": [{"Node Type": "Bitmap Index Scan", "Parent Relationship": "Outer", "Index Name": "region_pkey", "Startup Cost": 0.0, "Total Cost": 0.58, "Plan Rows": 1, "Plan Width": 0, "Index Cond": "(r_regionkey = nation.n_regionkey)"}]}]}, {"Node Type": "Bitmap Heap Scan", "Parent Relationship": "Inner", "Relation Name": "lineitem", "Alias": "lineitem", "Startup Cost": 0.73, "Total Cost": 4.84, "Plan Rows": 9, "Plan Width": 32, "Recheck Cond": "(l_orderkey = orders.o_orderkey)", "Plans": [{"Node Type": "Bitmap Index Scan", "Parent Relationship": "Outer", "Index Name": "idx_lineitem_orderkey", "Startup Cost": 0.0, "Total Cost": 0.72, "Plan Rows": 9, "Plan Width": 0, "Index Cond": "(l_orderkey = orders.o_orderkey)"}]}]}, {"Node Type": "Bitmap Heap Scan", "Parent Relationship": "Inner", "Relation Name": "supplier", "Alias": "supplier", "Startup Cost": 0.26, "Total Cost": 4.27, "Plan Rows": 1, "Plan Width": 12, "Recheck Cond": "(s_suppkey = lineitem.l_suppkey)", "Plans": [{"Node Type": "Bitmap Index Scan", "Parent Relationship": "Outer", "Index Name": "supplier_pkey", "Startup Cost": 0.0, "Total Cost": 0.26, "Plan Rows": 1, "Plan Width": 0, "Index Cond": "(s_suppkey = lineitem.l_suppkey)"}]}]}]}]}, "Unique SQL Id": 1392561963}, "explain_analyze_plan": null}, "(16, 8)": {"explain_plan": {"Plan": {"Node Type": "Sort", "Startup Cost": 1725068.14, "Total Cost": 1725068.21, "Plan Rows": 25, "Plan Width": 50, "Sort Key": ["(sum((lineitem.l_extendedprice * (1::double precision - lineitem.l_discount)))) DESC"], "Plans": [{"Node Type": "Aggregate", "Strategy": "Hashed", "Parent Relationship": "Outer", "Startup Cost": 1725067.31, "Total Cost": 1725067.56, "Plan Rows": 25, "Plan Width": 50, "Group By Key": ["nation.n_name"], "Plans": [{"Node Type": "Hash Join", "Parent Relationship": "Outer", "Join Type": "Inner", "Startup Cost": 4783.0, "Total Cost": 1724973.41, "Plan Rows": 9390, "Plan Width": 42, "Inner Unique": true, "Hash Cond": "((lineitem.l_suppkey = supplier.s_suppkey) AND (customer.c_nationkey = supplier.s_nationkey))", "Plans": [{"Node Type": "Nested Loop", "Parent Relationship": "Outer", "Join Type": "Inner", "Startup Cost": 0.0, "Total Cost": 1692429.4, "Plan Rows": 3688948, "Plan Width": 58, "Inner Unique": false, "Plans": [{"Node Type": "Nested Loop", "Parent Relationship": "Outer", "Join Type": "Inner", "Startup Cost": 0.0, "Total Cost": 416634.99, "Plan Rows": 406290, "Plan Width": 42, "Inner Unique": false, "Plans": [{"Node Type": "Nested Loop", "Parent Relationship": "Outer", "Join Type": "Inner", "Startup Cost": 0.0, "Total Cost": 41526.19, "Plan Rows": 300000, "Plan Width": 42, "Inner Unique": false, "Plans": [{"Node Type": "Nested Loop", "Parent Relationship": "Outer", "Join Type": "Inner", "Startup Cost": 0.0, "Total Cost": 14.06, "Plan Rows": 5, "Plan Width": 30, "Inner Unique": true, "Join Filter": "(nation.n_regionkey = region.r_regionkey)", "Plans": [{"Node Type": "Index Scan", "Parent Relationship": "Outer", "Scan Direction": "Forward", "Index Name": "nation_pkey", "Relation Name": "nation", "Alias": "nation", "Startup Cost": 0.0, "Total Cost": 12.62, "Plan Rows": 25, "Plan Width": 34}, {"Node Type": "Materialize", "Parent Relationship": "Inner", "Startup Cost": 0.0, "Total Cost": 1.07, "Plan Rows": 1, "Plan Width": 4, "Plans": [{"Node Type": "Seq Scan", "Parent Relationship": "Outer", "Relation Name": "region", "Alias": "region", "Startup Cost": 0.0, "Total Cost": 1.06, "Plan Rows": 1, "Plan Width": 4, "Filter": "(r_name = 'MIDDLE EAST'::bpchar)"}]}]}, {"Node Type": "Index Scan", "Parent Relationship": "Inner", "Scan Direction": "Forward", "Index Name": "idx_customer_nationkey", "Relation Name": "customer", "Alias": "customer", "Startup Cost": 0.0, "Total Cost": 7702.43, "Plan Rows": 60000, "Plan Width": 12, "Index Cond": "(c_nationkey = nation.n_nationkey)"}]}, {"Node Type": "Index Scan", "Parent Relationship": "Inner", "Scan Direction": "Forward", "Index Name": "idx_orders_custkey", "Relation Name": "orders", "Alias": "orders", "Startup Cost": 0.0, "Total Cost": 1.24, "Plan Rows": 1, "Plan Width": 16, "Index Cond": "(o_custkey = customer.c_custkey)", "Filter": "((o_orderdate >= '1994-01-01 00:00:00'::timestamp(0) without time zone) AND (o_orderdate < '1995-01-01 00:00:00'::timestamp without time zone))"}]}, {"Node Type": "Index Scan", "Parent Relationship": "Inner", "Scan Direction": "Forward", "Index Name": "idx_lineitem_orderkey", "Relation Name": "lineitem", "Alias": "lineitem", "Startup Cost": 0.0, "Total Cost": 3.05, "Plan Rows": 9, "Plan Width": 32, "Index Cond": "(l_orderkey = orders.o_orderkey)"}]}, {"Node Type": "Hash", "Parent Relationship": "Inner", "Startup Cost": 3283.0, "Total Cost": 3283.0, "Plan Rows": 100000, "Plan Width": 12, "Plans": [{"Node Type": "Seq Scan", "Parent Relationship": "Outer", "Relation Name": "supplier", "Alias": "supplier", "Startup Cost": 0.0, "Total Cost": 3283.0, "Plan Rows": 100000, "Plan Width": 12}]}]}]}]}, "Unique SQL Id": 1392561963}, "explain_analyze_plan": {"Plan": {"Node Type": "Sort", "Startup Cost": 1725068.14, "Total Cost": 1725068.21, "Plan Rows": 25, "Plan Width": 50, "Actual Startup Time": 16220.217, "Actual Total Time": 16220.219, "Actual Rows": 5, "Actual Loops": 1, "Sort Key": ["(sum((lineitem.l_extendedprice * (1::double precision - lineitem.l_discount)))) DESC"], "Sort Method": "quicksort", "Sort Space Used": 25, "Sort Space Type": "Memory", "Plans": [{"Node Type": "Aggregate", "Strategy": "Hashed", "Parent Relationship": "Outer", "Startup Cost": 1725067.31, "Total Cost": 1725067.56, "Plan Rows": 25, "Plan Width": 50, "Actual Startup Time": 16220.182, "Actual Total Time": 16220.184, "Actual Rows": 5, "Actual Loops": 1, "Group By Key": ["nation.n_name"], "Plans": [{"Node Type": "Hash Join", "Parent Relationship": "Outer", "Join Type": "Inner", "Startup Cost": 4783.0, "Total Cost": 1724973.41, "Plan Rows": 9390, "Plan Width": 42, "Actual Startup Time": 67.106, "Actual Total Time": 16140.172, "Actual Rows": 72985, "Actual Loops": 1, "Inner Unique": true, "Hash Cond": "((lineitem.l_suppkey = supplier.s_suppkey) AND (customer.c_nationkey = supplier.s_nationkey))", "Plans": [{"Node Type": "Nested Loop", "Parent Relationship": "Outer", "Join Type": "Inner", "Startup Cost": 0.0, "Total Cost": 1692429.4, "Plan Rows": 3688948, "Plan Width": 58, "Actual Startup Time": 0.146, "Actual Total Time": 15243.548, "Actual Rows": 1815222, "Actual Loops": 1, "Inner Unique": false, "Plans": [{"Node Type": "Nested Loop", "Parent Relationship": "Outer", "Join Type": "Inner", "Startup Cost": 0.0, "Total Cost": 416634.99, "Plan Rows": 406290, "Plan Width": 42, "Actual Startup Time": 0.129, "Actual Total Time": 9389.295, "Actual Rows": 454183, "Actual Loops": 1, "Inner Unique": false, "Plans": [{"Node Type": "Nested Loop", "Parent Relationship": "Outer", "Join Type": "Inner", "Startup Cost": 0.0, "Total Cost": 41526.19, "Plan Rows": 300000, "Plan Width": 42, "Actual Startup Time": 0.078, "Actual Total Time": 532.18, "Actual Rows": 299838, "Actual Loops": 1, "Inner Unique": false, "Plans": [{"Node Type": "Nested Loop", "Parent Relationship": "Outer", "Join Type": "Inner", "Startup Cost": 0.0, "Total Cost": 14.06, "Plan Rows": 5, "Plan Width": 30, "Actual Startup Time": 0.048, "Actual Total Time": 0.132, "Actual Rows": 5, "Actual Loops": 1, "Inner Unique": true, "Join Filter": "(nation.n_regionkey = region.r_regionkey)", "Rows Removed by Join Filter": 20, "Plans": [{"Node Type": "Index Scan", "Parent Relationship": "Outer", "Scan Direction": "Forward", "Index Name": "nation_pkey", "Relation Name": "nation", "Alias": "nation", "Startup Cost": 0.0, "Total Cost": 12.62, "Plan Rows": 25, "Plan Width": 34, "Actual Startup Time": 0.013, "Actual Total Time": 0.049, "Actual Rows": 25, "Actual Loops": 1}, {"Node Type": "Materialize", "Parent Relationship": "Inner", "Startup Cost": 0.0, "Total Cost": 1.07, "Plan Rows": 1, "Plan Width": 4, "Actual Startup Time": 0.036, "Actual Total Time": 0.037, "Actual Rows": 25, "Actual Loops": 25, "Plans": [{"Node Type": "Seq Scan", "Parent Relationship": "Outer", "Relation Name": "region", "Alias": "region", "Startup Cost": 0.0, "Total Cost": 1.06, "Plan Rows": 1, "Plan Width": 4, "Actual Startup Time": 0.018, "Actual Total Time": 0.019, "Actual Rows": 1, "Actual Loops": 1, "Filter": "(r_name = 'MIDDLE EAST'::bpchar)", "Rows Removed by Filter": 4}]}]}, {"Node Type": "Index Scan", "Parent Relationship": "Inner", "Scan Direction": "Forward", "Index Name": "idx_customer_nationkey", "Relation Name": "customer", "Alias": "customer", "Startup Cost": 0.0, "Total Cost": 7702.43, "Plan Rows": 60000, "Plan Width": 12, "Actual Startup Time": 0.176, "Actual Total Time": 446.602, "Actual Rows": 299838, "Actual Loops": 5, "Index Cond": "(c_nationkey = nation.n_nationkey)", "Rows Removed by Index Recheck": 0}]}, {"Node Type": "Index Scan", "Parent Relationship": "Inner", "Scan Direction": "Forward", "Index Name": "idx_orders_custkey", "Relation Name": "orders", "Alias": "orders", "Startup Cost": 0.0, "Total Cost": 1.24, "Plan Rows": 1, "Plan Width": 16, "Actual Startup Time": 4064.434, "Actual Total Time": 8595.264, "Actual Rows": 454183, "Actual Loops": 299838, "Index Cond": "(o_custkey = customer.c_custkey)", "Rows Removed by Index Recheck": 0, "Filter": "((o_orderdate >= '1994-01-01 00:00:00'::timestamp(0) without time zone) AND (o_orderdate < '1995-01-01 00:00:00'::timestamp without time zone))", "Rows Removed by Filter": 2542535}]}, {"Node Type": "Index Scan", "Parent Relationship": "Inner", "Scan Direction": "Forward", "Index Name": "idx_lineitem_orderkey", "Relation Name": "lineitem", "Alias": "lineitem", "Startup Cost": 0.0, "Total Cost": 3.05, "Plan Rows": 9, "Plan Width": 32, "Actual Startup Time": 4244.549, "Actual Total Time": 5208.924, "Actual Rows": 1815222, "Actual Loops": 454183, "Index Cond": "(l_orderkey = orders.o_orderkey)", "Rows Removed by Index Recheck": 0}]}, {"Node Type": "Hash", "Parent Relationship": "Inner", "Startup Cost": 3283.0, "Total Cost": 3283.0, "Plan Rows": 100000, "Plan Width": 12, "Actual Startup Time": 66.706, "Actual Total Time": 66.706, "Actual Rows": 100000, "Actual Loops": 1, "Hash Buckets": 131072, "Hash Batches": 1, "Original Hash Batches": 1, "Peak Memory Usage": 4297, "Plans": [{"Node Type": "Seq Scan", "Parent Relationship": "Outer", "Relation Name": "supplier", "Alias": "supplier", "Startup Cost": 0.0, "Total Cost": 3283.0, "Plan Rows": 100000, "Plan Width": 12, "Actual Startup Time": 0.011, "Actual Total Time": 35.91, "Actual Rows": 100000, "Actual Loops": 1}]}]}]}]}, "Triggers": [], "Planner Runtime": 9.343, "Total Runtime": 16220.542, "Unique SQL Id": 1392561963}}, "(16, 9)": {"explain_plan": {"Plan": {"Node Type": "Sort", "Startup Cost": 1727130.96, "Total Cost": 1727131.02, "Plan Rows": 25, "Plan Width": 50, "Sort Key": ["(sum((lineitem.l_extendedprice * (1::double precision - lineitem.l_discount)))) DESC"], "Plans": [{"Node Type": "Aggregate", "Strategy": "Hashed", "Parent Relationship": "Outer", "Startup Cost": 1727130.13, "Total Cost": 1727130.38, "Plan Rows": 25, "Plan Width": 50, "Group By Key": ["nation.n_name"], "Plans": [{"Node Type": "Hash Join", "Parent Relationship": "Outer", "Join Type": "Inner", "Startup Cost": 6834.54, "Total Cost": 1727036.23, "Plan Rows": 9390, "Plan Width": 42, "Inner Unique": true, "Hash Cond": "((lineitem.l_suppkey = supplier.s_suppkey) AND (customer.c_nationkey = supplier.s_nationkey))", "Plans": [{"Node Type": "Nested Loop", "Parent Relationship": "Outer", "Join Type": "Inner", "Startup Cost": 0.0, "Total Cost": 1692440.68, "Plan Rows": 3688948, "Plan Width": 58, "Inner Unique": false, "Plans": [{"Node Type": "Nested Loop", "Parent Relationship": "Outer", "Join Type": "Inner", "Startup Cost": 0.0, "Total Cost": 416646.27, "Plan Rows": 406290, "Plan Width": 42, "Inner Unique": false, "Plans": [{"Node Type": "Nested Loop", "Parent Relationship": "Outer", "Join Type": "Inner", "Startup Cost": 0.0, "Total Cost": 41537.47, "Plan Rows": 300000, "Plan Width": 42, "Inner Unique": false, "Plans": [{"Node Type": "Nested Loop", "Parent Relationship": "Outer", "Join Type": "Inner", "Startup Cost": 0.0, "Total Cost": 25.34, "Plan Rows": 5, "Plan Width": 30, "Inner Unique": true, "Join Filter": "(nation.n_regionkey = region.r_regionkey)", "Plans": [{"Node Type": "Index Scan", "Parent Relationship": "Outer", "Scan Direction": "Forward", "Index Name": "nation_pkey", "Relation Name": "nation", "Alias": "nation", "Startup Cost": 0.0, "Total Cost": 12.62, "Plan Rows": 25, "Plan Width": 34}, {"Node Type": "Materialize", "Parent Relationship": "Inner", "Startup Cost": 0.0, "Total Cost": 12.34, "Plan Rows": 1, "Plan Width": 4, "Plans": [{"Node Type": "Index Scan", "Parent Relationship": "Outer", "Scan Direction": "Forward", "Index Name": "region_pkey", "Relation Name": "region", "Alias": "region", "Startup Cost": 0.0, "Total Cost": 12.34, "Plan Rows": 1, "Plan Width": 4, "Filter": "(r_name = 'MIDDLE EAST'::bpchar)"}]}]}, {"Node Type": "Index Scan", "Parent Relationship": "Inner", "Scan Direction": "Forward", "Index Name": "idx_customer_nationkey", "Relation Name": "customer", "Alias": "customer", "Startup Cost": 0.0, "Total Cost": 7702.43, "Plan Rows": 60000, "Plan Width": 12, "Index Cond": "(c_nationkey = nation.n_nationkey)"}]}, {"Node Type": "Index Scan", "Parent Relationship": "Inner", "Scan Direction": "Forward", "Index Name": "idx_orders_custkey", "Relation Name": "orders", "Alias": "orders", "Startup Cost": 0.0, "Total Cost": 1.24, "Plan Rows": 1, "Plan Width": 16, "Index Cond": "(o_custkey = customer.c_custkey)", "Filter": "((o_orderdate >= '1994-01-01 00:00:00'::timestamp(0) without time zone) AND (o_orderdate < '1995-01-01 00:00:00'::timestamp without time zone))"}]}, {"Node Type": "Index Scan", "Parent Relationship": "Inner", "Scan Direction": "Forward", "Index Name": "idx_lineitem_orderkey", "Relation Name": "lineitem", "Alias": "lineitem", "Startup Cost": 0.0, "Total Cost": 3.05, "Plan Rows": 9, "Plan Width": 32, "Index Cond": "(l_orderkey = orders.o_orderkey)"}]}, {"Node Type": "Hash", "Parent Relationship": "Inner", "Startup Cost": 5334.54, "Total Cost": 5334.54, "Plan Rows": 100000, "Plan Width": 12, "Plans": [{"Node Type": "Index Scan", "Parent Relationship": "Outer", "Scan Direction": "Forward", "Index Name": "supplier_pkey", "Relation Name": "supplier", "Alias": "supplier", "Startup Cost": 0.0, "Total Cost": 5334.54, "Plan Rows": 100000, "Plan Width": 12}]}]}]}]}, "Unique SQL Id": 1392561963}, "explain_analyze_plan": {"Plan": {"Node Type": "Sort", "Startup Cost": 1727130.96, "Total Cost": 1727131.02, "Plan Rows": 25, "Plan Width": 50, "Actual Startup Time": 16518.977, "Actual Total Time": 16518.978, "Actual Rows": 5, "Actual Loops": 1, "Sort Key": ["(sum((lineitem.l_extendedprice * (1::double precision - lineitem.l_discount)))) DESC"], "Sort Method": "quicksort", "Sort Space Used": 25, "Sort Space Type": "Memory", "Plans": [{"Node Type": "Aggregate", "Strategy": "Hashed", "Parent Relationship": "Outer", "Startup Cost": 1727130.13, "Total Cost": 1727130.38, "Plan Rows": 25, "Plan Width": 50, "Actual Startup Time": 16518.942, "Actual Total Time": 16518.946, "Actual Rows": 5, "Actual Loops": 1, "Group By Key": ["nation.n_name"], "Plans": [{"Node Type": "Hash Join", "Parent Relationship": "Outer", "Join Type": "Inner", "Startup Cost": 6834.54, "Total Cost": 1727036.23, "Plan Rows": 9390, "Plan Width": 42, "Actual Startup Time": 97.905, "Actual Total Time": 16437.065, "Actual Rows": 72985, "Actual Loops": 1, "Inner Unique": true, "Hash Cond": "((lineitem.l_suppkey = supplier.s_suppkey) AND (customer.c_nationkey = supplier.s_nationkey))", "Plans": [{"Node Type": "Nested Loop", "Parent Relationship": "Outer", "Join Type": "Inner", "Startup Cost": 0.0, "Total Cost": 1692440.68, "Plan Rows": 3688948, "Plan Width": 58, "Actual Startup Time": 0.135, "Actual Total Time": 15490.546, "Actual Rows": 1815222, "Actual Loops": 1, "Inner Unique": false, "Plans": [{"Node Type": "Nested Loop", "Parent Relationship": "Outer", "Join Type": "Inner", "Startup Cost": 0.0, "Total Cost": 416646.27, "Plan Rows": 406290, "Plan Width": 42, "Actual Startup Time": 0.121, "Actual Total Time": 9625.863, "Actual Rows": 454183, "Actual Loops": 1, "Inner Unique": false, "Plans": [{"Node Type": "Nested Loop", "Parent Relationship": "Outer", "Join Type": "Inner", "Startup Cost": 0.0, "Total Cost": 41537.47, "Plan Rows": 300000, "Plan Width": 42, "Actual Startup Time": 0.069, "Actual Total Time": 535.802, "Actual Rows": 299838, "Actual Loops": 1, "Inner Unique": false, "Plans": [{"Node Type": "Nested Loop", "Parent Relationship": "Outer", "Join Type": "Inner", "Startup Cost": 0.0, "Total Cost": 25.34, "Plan Rows": 5, "Plan Width": 30, "Actual Startup Time": 0.04, "Actual Total Time": 0.202, "Actual Rows": 5, "Actual Loops": 1, "Inner Unique": true, "Join Filter": "(nation.n_regionkey = region.r_regionkey)", "Rows Removed by Join Filter": 20, "Plans": [{"Node Type": "Index Scan", "Parent Relationship": "Outer", "Scan Direction": "Forward", "Index Name": "nation_pkey", "Relation Name": "nation", "Alias": "nation", "Startup Cost": 0.0, "Total Cost": 12.62, "Plan Rows": 25, "Plan Width": 34, "Actual Startup Time": 0.013, "Actual Total Time": 0.118, "Actual Rows": 25, "Actual Loops": 1}, {"Node Type": "Materialize", "Parent Relationship": "Inner", "Startup Cost": 0.0, "Total Cost": 12.34, "Plan Rows": 1, "Plan Width": 4, "Actual Startup Time": 0.026, "Actual Total Time": 0.029, "Actual Rows": 25, "Actual Loops": 25, "Plans": [{"Node Type": "Index Scan", "Parent Relationship": "Outer", "Scan Direction": "Forward", "Index Name": "region_pkey", "Relation Name": "region", "Alias": "region", "Startup Cost": 0.0, "Total Cost": 12.34, "Plan Rows": 1, "Plan Width": 4, "Actual Startup Time": 0.012, "Actual Total Time": 0.014, "Actual Rows": 1, "Actual Loops": 1, "Filter": "(r_name = 'MIDDLE EAST'::bpchar)", "Rows Removed by Filter": 4}]}]}, {"Node Type": "Index Scan", "Parent Relationship": "Inner", "Scan Direction": "Forward", "Index Name": "idx_customer_nationkey", "Relation Name": "customer", "Alias": "customer", "Startup Cost": 0.0, "Total Cost": 7702.43, "Plan Rows": 60000, "Plan Width": 12, "Actual Startup Time": 0.179, "Actual Total Time": 452.666, "Actual Rows": 299838, "Actual Loops": 5, "Index Cond": "(c_nationkey = nation.n_nationkey)", "Rows Removed by Index Recheck": 0}]}, {"Node Type": "Index Scan", "Parent Relationship": "Inner", "Scan Direction": "Forward", "Index Name": "idx_orders_custkey", "Relation Name": "orders", "Alias": "orders", "Startup Cost": 0.0, "Total Cost": 1.24, "Plan Rows": 1, "Plan Width": 16, "Actual Startup Time": 4107.388, "Actual Total Time": 8826.296, "Actual Rows": 454183, "Actual Loops": 299838, "Index Cond": "(o_custkey = customer.c_custkey)", "Rows Removed by Index Recheck": 0, "Filter": "((o_orderdate >= '1994-01-01 00:00:00'::timestamp(0) without time zone) AND (o_orderdate < '1995-01-01 00:00:00'::timestamp without time zone))", "Rows Removed by Filter": 2542535}]}, {"Node Type": "Index Scan", "Parent Relationship": "Inner", "Scan Direction": "Forward", "Index Name": "idx_lineitem_orderkey", "Relation Name": "lineitem", "Alias": "lineitem", "Startup Cost": 0.0, "Total Cost": 3.05, "Plan Rows": 9, "Plan Width": 32, "Actual Startup Time": 4257.792, "Actual Total Time": 5218.58, "Actual Rows": 1815222, "Actual Loops": 454183, "Index Cond": "(l_orderkey = orders.o_orderkey)", "Rows Removed by Index Recheck": 0}]}, {"Node Type": "Hash", "Parent Relationship": "Inner", "Startup Cost": 5334.54, "Total Cost": 5334.54, "Plan Rows": 100000, "Plan Width": 12, "Actual Startup Time": 97.527, "Actual Total Time": 97.527, "Actual Rows": 100000, "Actual Loops": 1, "Hash Buckets": 131072, "Hash Batches": 1, "Original Hash Batches": 1, "Peak Memory Usage": 4297, "Plans": [{"Node Type": "Index Scan", "Parent Relationship": "Outer", "Scan Direction": "Forward", "Index Name": "supplier_pkey", "Relation Name": "supplier", "Alias": "supplier", "Startup Cost": 0.0, "Total Cost": 5334.54, "Plan Rows": 100000, "Plan Width": 12, "Actual Startup Time": 0.02, "Actual Total Time": 64.858, "Actual Rows": 100000, "Actual Loops": 1}]}]}]}]}, "Triggers": [], "Planner Runtime": 8.974, "Total Runtime": 16519.314, "Unique SQL Id": 1392561963}}, "(16, 10)": {"explain_plan": {"Plan": {"Node Type": "Sort", "Startup Cost": 2891580.15, "Total Cost": 2891580.22, "Plan Rows": 25, "Plan Width": 50, "Sort Key": ["(sum((lineitem.l_extendedprice * (1::double precision - lineitem.l_discount)))) DESC"], "Plans": [{"Node Type": "Aggregate", "Strategy": "Hashed", "Parent Relationship": "Outer", "Startup Cost": 2891579.32, "Total Cost": 2891579.57, "Plan Rows": 25, "Plan Width": 50, "Group By Key": ["nation.n_name"], "Plans": [{"Node Type": "Hash Join", "Parent Relationship": "Outer", "Join Type": "Inner", "Startup Cost": 586755.18, "Total Cost": 2891485.42, "Plan Rows": 9390, "Plan Width": 42, "Inner Unique": true, "Hash Cond": "((lineitem.l_suppkey = supplier.s_suppkey) AND (customer.c_nationkey = supplier.s_nationkey))", "Plans": [{"Node Type": "Hash Join", "Parent Relationship": "Outer", "Join Type": "Inner", "Startup Cost": 581972.18, "Total Cost": 2858928.33, "Plan Rows": 3688948, "Plan Width": 58, "Inner Unique": false, "Hash Cond": "(lineitem.l_orderkey = orders.o_orderkey), (LLVM Optimized)", "Plans": [{"Node Type": "Seq Scan", "Parent Relationship": "Outer", "Relation Name": "lineitem", "Alias": "lineitem", "Startup Cost": 0.0, "Total Cost": 2015115.33, "Plan Rows": 59987033, "Plan Width": 32}, {"Node Type": "Hash", "Parent Relationship": "Inner", "Startup Cost": 576893.55, "Total Cost": 576893.55, "Plan Rows": 406290, "Plan Width": 42, "Plans": [{"Node Type": "Hash Join", "Parent Relationship": "Outer", "Join Type": "Inner", "Startup Cost": 63303.94, "Total Cost": 576893.55, "Plan Rows": 406290, "Plan Width": 42, "Inner Unique": false, "Hash Cond": "(orders.o_custkey = customer.c_custkey), (LLVM Optimized)", "Plans": [{"Node Type": "Seq Scan", "Parent Relationship": "Outer", "Relation Name": "orders", "Alias": "orders", "Startup Cost": 441.06, "Total Cost": 501411.18, "Plan Rows": 2281758, "Plan Width": 16, "Filter": "((o_orderdate >= '1994-01-01 00:00:00'::timestamp(0) without time zone) AND (o_orderdate < '1995-01-01 00:00:00'::timestamp without time zone)), (LLVM Optimized)"}, {"Node Type": "Hash", "Parent Relationship": "Inner", "Startup Cost": 59112.88, "Total Cost": 59112.88, "Plan Rows": 300000, "Plan Width": 42, "Plans": [{"Node Type": "Hash Join", "Parent Relationship": "Outer", "Join Type": "Inner", "Startup Cost": 2.5, "Total Cost": 59112.88, "Plan Rows": 300000, "Plan Width": 42, "Inner Unique": false, "Hash Cond": "(customer.c_nationkey = nation.n_nationkey), (LLVM Optimized)", "Plans": [{"Node Type": "Seq Scan", "Parent Relationship": "Outer", "Relation Name": "customer", "Alias": "customer", "Startup Cost": 0.0, "Total Cost": 52126.0, "Plan Rows": 1500000, "Plan Width": 12}, {"Node Type": "Hash", "Parent Relationship": "Inner", "Startup Cost": 2.44, "Total Cost": 2.44, "Plan Rows": 5, "Plan Width": 30, "Plans": [{"Node Type": "Hash Join", "Parent Relationship": "Outer", "Join Type": "Inner", "Startup Cost": 1.07, "Total Cost": 2.44, "Plan Rows": 5, "Plan Width": 30, "Inner Unique": true, "Hash Cond": "(nation.n_regionkey = region.r_regionkey)", "Plans": [{"Node Type": "Seq Scan", "Parent Relationship": "Outer", "Relation Name": "nation", "Alias": "nation", "Startup Cost": 0.0, "Total Cost": 1.25, "Plan Rows": 25, "Plan Width": 34}, {"Node Type": "Hash", "Parent Relationship": "Inner", "Startup Cost": 1.06, "Total Cost": 1.06, "Plan Rows": 1, "Plan Width": 4, "Plans": [{"Node Type": "Seq Scan", "Parent Relationship": "Outer", "Relation Name": "region", "Alias": "region", "Startup Cost": 0.0, "Total Cost": 1.06, "Plan Rows": 1, "Plan Width": 4, "Filter": "(r_name = 'MIDDLE EAST'::bpchar)"}]}]}]}]}]}]}]}]}, {"Node Type": "Hash", "Parent Relationship": "Inner", "Startup Cost": 3283.0, "Total Cost": 3283.0, "Plan Rows": 100000, "Plan Width": 12, "Plans": [{"Node Type": "Seq Scan", "Parent Relationship": "Outer", "Relation Name": "supplier", "Alias": "supplier", "Startup Cost": 0.0, "Total Cost": 3283.0, "Plan Rows": 100000, "Plan Width": 12}]}]}]}]}, "Unique SQL Id": 1392561963}, "explain_analyze_plan": null}, "(16, 11)": {"explain_plan": {"Plan": {"Node Type": "Sort", "Startup Cost": 6006900701327.45, "Total Cost": 6006900701327.51, "Plan Rows": 25, "Plan Width": 50, "Sort Key": ["(sum((lineitem.l_extendedprice * (1::double precision - lineitem.l_discount)))) DESC"], "Plans": [{"Node Type": "Aggregate", "Strategy": "Hashed", "Parent Relationship": "Outer", "Startup Cost": 6006900701326.62, "Total Cost": 6006900701326.87, "Plan Rows": 25, "Plan Width": 50, "Group By Key": ["nation.n_name"], "Plans": [{"Node Type": "Merge Join", "Parent Relationship": "Outer", "Join Type": "Inner", "Startup Cost": 60036448550.05, "Total Cost": 6006900701232.72, "Plan Rows": 9390, "Plan Width": 42, "Inner Unique": true, "Merge Cond": "(supplier.s_nationkey = customer.c_nationkey)", "Join Filter": "(orders.o_custkey = customer.c_custkey)", "Plans": [{"Node Type": "Nested Loop", "Parent Relationship": "Outer", "Join Type": "Inner", "Startup Cost": 50036448550.05, "Total Cost": 5006604634115.96, "Plan Rows": 263699, "Plan Width": 58, "Inner Unique": false, "Join Filter": "(lineitem.l_suppkey = supplier.s_suppkey), (LLVM Optimized)", "Plans": [{"Node Type": "Nested Loop", "Parent Relationship": "Outer", "Join Type": "Inner", "Startup Cost": 30000000000.0, "Total Cost": 3000000543701.01, "Plan Rows": 20000, "Plan Width": 42, "Inner Unique": false, "Join Filter": "(nation.n_nationkey = supplier.s_nationkey)", "Plans": [{"Node Type": "Nested Loop", "Parent Relationship": "Outer", "Join Type": "Inner", "Startup Cost": 20000000000.0, "Total Cost": 2000000002496.63, "Plan Rows": 5, "Plan Width": 30, "Inner Unique": true, "Join Filter": "(nation.n_regionkey = region.r_regionkey)", "Plans": [{"Node Type": "Index Scan", "Parent Relationship": "Outer", "Scan Direction": "Forward", "Index Name": "nation_pkey", "Relation Name": "nation", "Alias": "nation", "Startup Cost": 10000000000.0, "Total Cost": 1000000001262.5, "Plan Rows": 25, "Plan Width": 34}, {"Node Type": "Materialize", "Parent Relationship": "Inner", "Startup Cost": 10000000000.0, "Total Cost": 1000000001233.76, "Plan Rows": 1, "Plan Width": 4, "Plans": [{"Node Type": "Index Scan", "Parent Relationship": "Outer", "Scan Direction": "Forward", "Index Name": "region_pkey", "Relation Name": "region", "Alias": "region", "Startup Cost": 10000000000.0, "Total Cost": 1000000001233.75, "Plan Rows": 1, "Plan Width": 4, "Filter": "(r_name = 'MIDDLE EAST'::bpchar)"}]}]}, {"Node Type": "Materialize", "Parent Relationship": "Inner", "Startup Cost": 10000000000.0, "Total Cost": 1000000533954.38, "Plan Rows": 100000, "Plan Width": 12, "Plans": [{"Node Type": "Index Scan", "Parent Relationship": "Outer", "Scan Direction": "Forward", "Index Name": "supplier_pkey", "Relation Name": "supplier", "Alias": "supplier", "Startup Cost": 10000000000.0, "Total Cost": 1000000533454.38, "Plan Rows": 100000, "Plan Width": 12}]}]}, {"Node Type": "Materialize", "Parent Relationship": "Inner", "Startup Cost": 20036448550.05, "Total Cost": 2000388917108.5, "Plan Rows": 20717417, "Plan Width": 32, "Plans": [{"Node Type": "Merge Join", "Parent Relationship": "Outer", "Join Type": "Inner", "Startup Cost": 20036448550.05, "Total Cost": 2000388813521.41, "Plan Rows": 20717417, "Plan Width": 32, "Inner Unique": false, "Merge Cond": "(orders.o_orderkey = lineitem.l_orderkey)", "Plans": [{"Node Type": "Index Scan", "Parent Relationship": "Outer", "Scan Direction": "Forward", "Index Name": "orders_pkey", "Relation Name": "orders", "Alias": "orders", "Startup Cost": 10000000000.0, "Total Cost": 1000080597583.0, "Plan Rows": 2281758, "Plan Width": 16, "Filter": "((o_orderdate >= '1994-01-01 00:00:00'::timestamp(0) without time zone) AND (o_orderdate < '1995-01-01 00:00:00'::timestamp without time zone)), (LLVM Optimized)"}, {"Node Type": "Index Scan", "Parent Relationship": "Inner", "Scan Direction": "Forward", "Index Name": "idx_lineitem_orderkey", "Relation Name": "lineitem", "Alias": "lineitem", "Startup Cost": 10000000000.0, "Total Cost": 1000324015374.5, "Plan Rows": 59987033, "Plan Width": 32}]}]}]}, {"Node Type": "Materialize", "Parent Relationship": "Inner", "Startup Cost": 10000000000.0, "Total Cost": 1000019203896.25, "Plan Rows": 1500000, "Plan Width": 12, "Plans": [{"Node Type": "Index Scan", "Parent Relationship": "Outer", "Scan Direction": "Forward", "Index Name": "idx_customer_nationkey", "Relation Name": "customer", "Alias": "customer", "Startup Cost": 10000000000.0, "Total Cost": 1000019200146.25, "Plan Rows": 1500000, "Plan Width": 12}]}]}]}]}, "Unique SQL Id": 1392561963}, "explain_analyze_plan": null}, "(16, 12)": {"explain_plan": {"Plan": {"Node Type": "Sort", "Startup Cost": 1725068.14, "Total Cost": 1725068.21, "Plan Rows": 25, "Plan Width": 50, "Sort Key": ["(sum((lineitem.l_extendedprice * (1::double precision - lineitem.l_discount)))) DESC"], "Plans": [{"Node Type": "Aggregate", "Strategy": "Hashed", "Parent Relationship": "Outer", "Startup Cost": 1725067.31, "Total Cost": 1725067.56, "Plan Rows": 25, "Plan Width": 50, "Group By Key": ["nation.n_name"], "Plans": [{"Node Type": "Hash Join", "Parent Relationship": "Outer", "Join Type": "Inner", "Startup Cost": 4783.0, "Total Cost": 1724973.41, "Plan Rows": 9390, "Plan Width": 42, "Inner Unique": true, "Hash Cond": "((lineitem.l_suppkey = supplier.s_suppkey) AND (customer.c_nationkey = supplier.s_nationkey))", "Plans": [{"Node Type": "Nested Loop", "Parent Relationship": "Outer", "Join Type": "Inner", "Startup Cost": 0.0, "Total Cost": 1692429.4, "Plan Rows": 3688948, "Plan Width": 58, "Inner Unique": false, "Plans": [{"Node Type": "Nested Loop", "Parent Relationship": "Outer", "Join Type": "Inner", "Startup Cost": 0.0, "Total Cost": 416634.99, "Plan Rows": 406290, "Plan Width": 42, "Inner Unique": false, "Plans": [{"Node Type": "Nested Loop", "Parent Relationship": "Outer", "Join Type": "Inner", "Startup Cost": 0.0, "Total Cost": 41526.19, "Plan Rows": 300000, "Plan Width": 42, "Inner Unique": false, "Plans": [{"Node Type": "Nested Loop", "Parent Relationship": "Outer", "Join Type": "Inner", "Startup Cost": 0.0, "Total Cost": 14.06, "Plan Rows": 5, "Plan Width": 30, "Inner Unique": true, "Join Filter": "(nation.n_regionkey = region.r_regionkey)", "Plans": [{"Node Type": "Index Scan", "Parent Relationship": "Outer", "Scan Direction": "Forward", "Index Name": "nation_pkey", "Relation Name": "nation", "Alias": "nation", "Startup Cost": 0.0, "Total Cost": 12.62, "Plan Rows": 25, "Plan Width": 34}, {"Node Type": "Materialize", "Parent Relationship": "Inner", "Startup Cost": 0.0, "Total Cost": 1.07, "Plan Rows": 1, "Plan Width": 4, "Plans": [{"Node Type": "Seq Scan", "Parent Relationship": "Outer", "Relation Name": "region", "Alias": "region", "Startup Cost": 0.0, "Total Cost": 1.06, "Plan Rows": 1, "Plan Width": 4, "Filter": "(r_name = 'MIDDLE EAST'::bpchar)"}]}]}, {"Node Type": "Index Scan", "Parent Relationship": "Inner", "Scan Direction": "Forward", "Index Name": "idx_customer_nationkey", "Relation Name": "customer", "Alias": "customer", "Startup Cost": 0.0, "Total Cost": 7702.43, "Plan Rows": 60000, "Plan Width": 12, "Index Cond": "(c_nationkey = nation.n_nationkey)"}]}, {"Node Type": "Index Scan", "Parent Relationship": "Inner", "Scan Direction": "Forward", "Index Name": "idx_orders_custkey", "Relation Name": "orders", "Alias": "orders", "Startup Cost": 0.0, "Total Cost": 1.24, "Plan Rows": 1, "Plan Width": 16, "Index Cond": "(o_custkey = customer.c_custkey)", "Filter": "((o_orderdate >= '1994-01-01 00:00:00'::timestamp(0) without time zone) AND (o_orderdate < '1995-01-01 00:00:00'::timestamp without time zone))"}]}, {"Node Type": "Index Scan", "Parent Relationship": "Inner", "Scan Direction": "Forward", "Index Name": "idx_lineitem_orderkey", "Relation Name": "lineitem", "Alias": "lineitem", "Startup Cost": 0.0, "Total Cost": 3.05, "Plan Rows": 9, "Plan Width": 32, "Index Cond": "(l_orderkey = orders.o_orderkey)"}]}, {"Node Type": "Hash", "Parent Relationship": "Inner", "Startup Cost": 3283.0, "Total Cost": 3283.0, "Plan Rows": 100000, "Plan Width": 12, "Plans": [{"Node Type": "Seq Scan", "Parent Relationship": "Outer", "Relation Name": "supplier", "Alias": "supplier", "Startup Cost": 0.0, "Total Cost": 3283.0, "Plan Rows": 100000, "Plan Width": 12}]}]}]}]}, "Unique SQL Id": 1392561963}, "explain_analyze_plan": {"Plan": {"Node Type": "Sort", "Startup Cost": 1725068.14, "Total Cost": 1725068.21, "Plan Rows": 25, "Plan Width": 50, "Actual Startup Time": 16220.217, "Actual Total Time": 16220.219, "Actual Rows": 5, "Actual Loops": 1, "Sort Key": ["(sum((lineitem.l_extendedprice * (1::double precision - lineitem.l_discount)))) DESC"], "Sort Method": "quicksort", "Sort Space Used": 25, "Sort Space Type": "Memory", "Plans": [{"Node Type": "Aggregate", "Strategy": "Hashed", "Parent Relationship": "Outer", "Startup Cost": 1725067.31, "Total Cost": 1725067.56, "Plan Rows": 25, "Plan Width": 50, "Actual Startup Time": 16220.182, "Actual Total Time": 16220.184, "Actual Rows": 5, "Actual Loops": 1, "Group By Key": ["nation.n_name"], "Plans": [{"Node Type": "Hash Join", "Parent Relationship": "Outer", "Join Type": "Inner", "Startup Cost": 4783.0, "Total Cost": 1724973.41, "Plan Rows": 9390, "Plan Width": 42, "Actual Startup Time": 67.106, "Actual Total Time": 16140.172, "Actual Rows": 72985, "Actual Loops": 1, "Inner Unique": true, "Hash Cond": "((lineitem.l_suppkey = supplier.s_suppkey) AND (customer.c_nationkey = supplier.s_nationkey))", "Plans": [{"Node Type": "Nested Loop", "Parent Relationship": "Outer", "Join Type": "Inner", "Startup Cost": 0.0, "Total Cost": 1692429.4, "Plan Rows": 3688948, "Plan Width": 58, "Actual Startup Time": 0.146, "Actual Total Time": 15243.548, "Actual Rows": 1815222, "Actual Loops": 1, "Inner Unique": false, "Plans": [{"Node Type": "Nested Loop", "Parent Relationship": "Outer", "Join Type": "Inner", "Startup Cost": 0.0, "Total Cost": 416634.99, "Plan Rows": 406290, "Plan Width": 42, "Actual Startup Time": 0.129, "Actual Total Time": 9389.295, "Actual Rows": 454183, "Actual Loops": 1, "Inner Unique": false, "Plans": [{"Node Type": "Nested Loop", "Parent Relationship": "Outer", "Join Type": "Inner", "Startup Cost": 0.0, "Total Cost": 41526.19, "Plan Rows": 300000, "Plan Width": 42, "Actual Startup Time": 0.078, "Actual Total Time": 532.18, "Actual Rows": 299838, "Actual Loops": 1, "Inner Unique": false, "Plans": [{"Node Type": "Nested Loop", "Parent Relationship": "Outer", "Join Type": "Inner", "Startup Cost": 0.0, "Total Cost": 14.06, "Plan Rows": 5, "Plan Width": 30, "Actual Startup Time": 0.048, "Actual Total Time": 0.132, "Actual Rows": 5, "Actual Loops": 1, "Inner Unique": true, "Join Filter": "(nation.n_regionkey = region.r_regionkey)", "Rows Removed by Join Filter": 20, "Plans": [{"Node Type": "Index Scan", "Parent Relationship": "Outer", "Scan Direction": "Forward", "Index Name": "nation_pkey", "Relation Name": "nation", "Alias": "nation", "Startup Cost": 0.0, "Total Cost": 12.62, "Plan Rows": 25, "Plan Width": 34, "Actual Startup Time": 0.013, "Actual Total Time": 0.049, "Actual Rows": 25, "Actual Loops": 1}, {"Node Type": "Materialize", "Parent Relationship": "Inner", "Startup Cost": 0.0, "Total Cost": 1.07, "Plan Rows": 1, "Plan Width": 4, "Actual Startup Time": 0.036, "Actual Total Time": 0.037, "Actual Rows": 25, "Actual Loops": 25, "Plans": [{"Node Type": "Seq Scan", "Parent Relationship": "Outer", "Relation Name": "region", "Alias": "region", "Startup Cost": 0.0, "Total Cost": 1.06, "Plan Rows": 1, "Plan Width": 4, "Actual Startup Time": 0.018, "Actual Total Time": 0.019, "Actual Rows": 1, "Actual Loops": 1, "Filter": "(r_name = 'MIDDLE EAST'::bpchar)", "Rows Removed by Filter": 4}]}]}, {"Node Type": "Index Scan", "Parent Relationship": "Inner", "Scan Direction": "Forward", "Index Name": "idx_customer_nationkey", "Relation Name": "customer", "Alias": "customer", "Startup Cost": 0.0, "Total Cost": 7702.43, "Plan Rows": 60000, "Plan Width": 12, "Actual Startup Time": 0.176, "Actual Total Time": 446.602, "Actual Rows": 299838, "Actual Loops": 5, "Index Cond": "(c_nationkey = nation.n_nationkey)", "Rows Removed by Index Recheck": 0}]}, {"Node Type": "Index Scan", "Parent Relationship": "Inner", "Scan Direction": "Forward", "Index Name": "idx_orders_custkey", "Relation Name": "orders", "Alias": "orders", "Startup Cost": 0.0, "Total Cost": 1.24, "Plan Rows": 1, "Plan Width": 16, "Actual Startup Time": 4064.434, "Actual Total Time": 8595.264, "Actual Rows": 454183, "Actual Loops": 299838, "Index Cond": "(o_custkey = customer.c_custkey)", "Rows Removed by Index Recheck": 0, "Filter": "((o_orderdate >= '1994-01-01 00:00:00'::timestamp(0) without time zone) AND (o_orderdate < '1995-01-01 00:00:00'::timestamp without time zone))", "Rows Removed by Filter": 2542535}]}, {"Node Type": "Index Scan", "Parent Relationship": "Inner", "Scan Direction": "Forward", "Index Name": "idx_lineitem_orderkey", "Relation Name": "lineitem", "Alias": "lineitem", "Startup Cost": 0.0, "Total Cost": 3.05, "Plan Rows": 9, "Plan Width": 32, "Actual Startup Time": 4244.549, "Actual Total Time": 5208.924, "Actual Rows": 1815222, "Actual Loops": 454183, "Index Cond": "(l_orderkey = orders.o_orderkey)", "Rows Removed by Index Recheck": 0}]}, {"Node Type": "Hash", "Parent Relationship": "Inner", "Startup Cost": 3283.0, "Total Cost": 3283.0, "Plan Rows": 100000, "Plan Width": 12, "Actual Startup Time": 66.706, "Actual Total Time": 66.706, "Actual Rows": 100000, "Actual Loops": 1, "Hash Buckets": 131072, "Hash Batches": 1, "Original Hash Batches": 1, "Peak Memory Usage": 4297, "Plans": [{"Node Type": "Seq Scan", "Parent Relationship": "Outer", "Relation Name": "supplier", "Alias": "supplier", "Startup Cost": 0.0, "Total Cost": 3283.0, "Plan Rows": 100000, "Plan Width": 12, "Actual Startup Time": 0.011, "Actual Total Time": 35.91, "Actual Rows": 100000, "Actual Loops": 1}]}]}]}]}, "Triggers": [], "Planner Runtime": 9.343, "Total Runtime": 16220.542, "Unique SQL Id": 1392561963}}, "(16, 13)": {"explain_plan": {"Plan": {"Node Type": "Sort", "Startup Cost": 1727130.96, "Total Cost": 1727131.02, "Plan Rows": 25, "Plan Width": 50, "Sort Key": ["(sum((lineitem.l_extendedprice * (1::double precision - lineitem.l_discount)))) DESC"], "Plans": [{"Node Type": "Aggregate", "Strategy": "Hashed", "Parent Relationship": "Outer", "Startup Cost": 1727130.13, "Total Cost": 1727130.38, "Plan Rows": 25, "Plan Width": 50, "Group By Key": ["nation.n_name"], "Plans": [{"Node Type": "Hash Join", "Parent Relationship": "Outer", "Join Type": "Inner", "Startup Cost": 6834.54, "Total Cost": 1727036.23, "Plan Rows": 9390, "Plan Width": 42, "Inner Unique": true, "Hash Cond": "((lineitem.l_suppkey = supplier.s_suppkey) AND (customer.c_nationkey = supplier.s_nationkey))", "Plans": [{"Node Type": "Nested Loop", "Parent Relationship": "Outer", "Join Type": "Inner", "Startup Cost": 0.0, "Total Cost": 1692440.68, "Plan Rows": 3688948, "Plan Width": 58, "Inner Unique": false, "Plans": [{"Node Type": "Nested Loop", "Parent Relationship": "Outer", "Join Type": "Inner", "Startup Cost": 0.0, "Total Cost": 416646.27, "Plan Rows": 406290, "Plan Width": 42, "Inner Unique": false, "Plans": [{"Node Type": "Nested Loop", "Parent Relationship": "Outer", "Join Type": "Inner", "Startup Cost": 0.0, "Total Cost": 41537.47, "Plan Rows": 300000, "Plan Width": 42, "Inner Unique": false, "Plans": [{"Node Type": "Nested Loop", "Parent Relationship": "Outer", "Join Type": "Inner", "Startup Cost": 0.0, "Total Cost": 25.34, "Plan Rows": 5, "Plan Width": 30, "Inner Unique": true, "Join Filter": "(nation.n_regionkey = region.r_regionkey)", "Plans": [{"Node Type": "Index Scan", "Parent Relationship": "Outer", "Scan Direction": "Forward", "Index Name": "nation_pkey", "Relation Name": "nation", "Alias": "nation", "Startup Cost": 0.0, "Total Cost": 12.62, "Plan Rows": 25, "Plan Width": 34}, {"Node Type": "Materialize", "Parent Relationship": "Inner", "Startup Cost": 0.0, "Total Cost": 12.34, "Plan Rows": 1, "Plan Width": 4, "Plans": [{"Node Type": "Index Scan", "Parent Relationship": "Outer", "Scan Direction": "Forward", "Index Name": "region_pkey", "Relation Name": "region", "Alias": "region", "Startup Cost": 0.0, "Total Cost": 12.34, "Plan Rows": 1, "Plan Width": 4, "Filter": "(r_name = 'MIDDLE EAST'::bpchar)"}]}]}, {"Node Type": "Index Scan", "Parent Relationship": "Inner", "Scan Direction": "Forward", "Index Name": "idx_customer_nationkey", "Relation Name": "customer", "Alias": "customer", "Startup Cost": 0.0, "Total Cost": 7702.43, "Plan Rows": 60000, "Plan Width": 12, "Index Cond": "(c_nationkey = nation.n_nationkey)"}]}, {"Node Type": "Index Scan", "Parent Relationship": "Inner", "Scan Direction": "Forward", "Index Name": "idx_orders_custkey", "Relation Name": "orders", "Alias": "orders", "Startup Cost": 0.0, "Total Cost": 1.24, "Plan Rows": 1, "Plan Width": 16, "Index Cond": "(o_custkey = customer.c_custkey)", "Filter": "((o_orderdate >= '1994-01-01 00:00:00'::timestamp(0) without time zone) AND (o_orderdate < '1995-01-01 00:00:00'::timestamp without time zone))"}]}, {"Node Type": "Index Scan", "Parent Relationship": "Inner", "Scan Direction": "Forward", "Index Name": "idx_lineitem_orderkey", "Relation Name": "lineitem", "Alias": "lineitem", "Startup Cost": 0.0, "Total Cost": 3.05, "Plan Rows": 9, "Plan Width": 32, "Index Cond": "(l_orderkey = orders.o_orderkey)"}]}, {"Node Type": "Hash", "Parent Relationship": "Inner", "Startup Cost": 5334.54, "Total Cost": 5334.54, "Plan Rows": 100000, "Plan Width": 12, "Plans": [{"Node Type": "Index Scan", "Parent Relationship": "Outer", "Scan Direction": "Forward", "Index Name": "supplier_pkey", "Relation Name": "supplier", "Alias": "supplier", "Startup Cost": 0.0, "Total Cost": 5334.54, "Plan Rows": 100000, "Plan Width": 12}]}]}]}]}, "Unique SQL Id": 1392561963}, "explain_analyze_plan": {"Plan": {"Node Type": "Sort", "Startup Cost": 1727130.96, "Total Cost": 1727131.02, "Plan Rows": 25, "Plan Width": 50, "Actual Startup Time": 16518.977, "Actual Total Time": 16518.978, "Actual Rows": 5, "Actual Loops": 1, "Sort Key": ["(sum((lineitem.l_extendedprice * (1::double precision - lineitem.l_discount)))) DESC"], "Sort Method": "quicksort", "Sort Space Used": 25, "Sort Space Type": "Memory", "Plans": [{"Node Type": "Aggregate", "Strategy": "Hashed", "Parent Relationship": "Outer", "Startup Cost": 1727130.13, "Total Cost": 1727130.38, "Plan Rows": 25, "Plan Width": 50, "Actual Startup Time": 16518.942, "Actual Total Time": 16518.946, "Actual Rows": 5, "Actual Loops": 1, "Group By Key": ["nation.n_name"], "Plans": [{"Node Type": "Hash Join", "Parent Relationship": "Outer", "Join Type": "Inner", "Startup Cost": 6834.54, "Total Cost": 1727036.23, "Plan Rows": 9390, "Plan Width": 42, "Actual Startup Time": 97.905, "Actual Total Time": 16437.065, "Actual Rows": 72985, "Actual Loops": 1, "Inner Unique": true, "Hash Cond": "((lineitem.l_suppkey = supplier.s_suppkey) AND (customer.c_nationkey = supplier.s_nationkey))", "Plans": [{"Node Type": "Nested Loop", "Parent Relationship": "Outer", "Join Type": "Inner", "Startup Cost": 0.0, "Total Cost": 1692440.68, "Plan Rows": 3688948, "Plan Width": 58, "Actual Startup Time": 0.135, "Actual Total Time": 15490.546, "Actual Rows": 1815222, "Actual Loops": 1, "Inner Unique": false, "Plans": [{"Node Type": "Nested Loop", "Parent Relationship": "Outer", "Join Type": "Inner", "Startup Cost": 0.0, "Total Cost": 416646.27, "Plan Rows": 406290, "Plan Width": 42, "Actual Startup Time": 0.121, "Actual Total Time": 9625.863, "Actual Rows": 454183, "Actual Loops": 1, "Inner Unique": false, "Plans": [{"Node Type": "Nested Loop", "Parent Relationship": "Outer", "Join Type": "Inner", "Startup Cost": 0.0, "Total Cost": 41537.47, "Plan Rows": 300000, "Plan Width": 42, "Actual Startup Time": 0.069, "Actual Total Time": 535.802, "Actual Rows": 299838, "Actual Loops": 1, "Inner Unique": false, "Plans": [{"Node Type": "Nested Loop", "Parent Relationship": "Outer", "Join Type": "Inner", "Startup Cost": 0.0, "Total Cost": 25.34, "Plan Rows": 5, "Plan Width": 30, "Actual Startup Time": 0.04, "Actual Total Time": 0.202, "Actual Rows": 5, "Actual Loops": 1, "Inner Unique": true, "Join Filter": "(nation.n_regionkey = region.r_regionkey)", "Rows Removed by Join Filter": 20, "Plans": [{"Node Type": "Index Scan", "Parent Relationship": "Outer", "Scan Direction": "Forward", "Index Name": "nation_pkey", "Relation Name": "nation", "Alias": "nation", "Startup Cost": 0.0, "Total Cost": 12.62, "Plan Rows": 25, "Plan Width": 34, "Actual Startup Time": 0.013, "Actual Total Time": 0.118, "Actual Rows": 25, "Actual Loops": 1}, {"Node Type": "Materialize", "Parent Relationship": "Inner", "Startup Cost": 0.0, "Total Cost": 12.34, "Plan Rows": 1, "Plan Width": 4, "Actual Startup Time": 0.026, "Actual Total Time": 0.029, "Actual Rows": 25, "Actual Loops": 25, "Plans": [{"Node Type": "Index Scan", "Parent Relationship": "Outer", "Scan Direction": "Forward", "Index Name": "region_pkey", "Relation Name": "region", "Alias": "region", "Startup Cost": 0.0, "Total Cost": 12.34, "Plan Rows": 1, "Plan Width": 4, "Actual Startup Time": 0.012, "Actual Total Time": 0.014, "Actual Rows": 1, "Actual Loops": 1, "Filter": "(r_name = 'MIDDLE EAST'::bpchar)", "Rows Removed by Filter": 4}]}]}, {"Node Type": "Index Scan", "Parent Relationship": "Inner", "Scan Direction": "Forward", "Index Name": "idx_customer_nationkey", "Relation Name": "customer", "Alias": "customer", "Startup Cost": 0.0, "Total Cost": 7702.43, "Plan Rows": 60000, "Plan Width": 12, "Actual Startup Time": 0.179, "Actual Total Time": 452.666, "Actual Rows": 299838, "Actual Loops": 5, "Index Cond": "(c_nationkey = nation.n_nationkey)", "Rows Removed by Index Recheck": 0}]}, {"Node Type": "Index Scan", "Parent Relationship": "Inner", "Scan Direction": "Forward", "Index Name": "idx_orders_custkey", "Relation Name": "orders", "Alias": "orders", "Startup Cost": 0.0, "Total Cost": 1.24, "Plan Rows": 1, "Plan Width": 16, "Actual Startup Time": 4107.388, "Actual Total Time": 8826.296, "Actual Rows": 454183, "Actual Loops": 299838, "Index Cond": "(o_custkey = customer.c_custkey)", "Rows Removed by Index Recheck": 0, "Filter": "((o_orderdate >= '1994-01-01 00:00:00'::timestamp(0) without time zone) AND (o_orderdate < '1995-01-01 00:00:00'::timestamp without time zone))", "Rows Removed by Filter": 2542535}]}, {"Node Type": "Index Scan", "Parent Relationship": "Inner", "Scan Direction": "Forward", "Index Name": "idx_lineitem_orderkey", "Relation Name": "lineitem", "Alias": "lineitem", "Startup Cost": 0.0, "Total Cost": 3.05, "Plan Rows": 9, "Plan Width": 32, "Actual Startup Time": 4257.792, "Actual Total Time": 5218.58, "Actual Rows": 1815222, "Actual Loops": 454183, "Index Cond": "(l_orderkey = orders.o_orderkey)", "Rows Removed by Index Recheck": 0}]}, {"Node Type": "Hash", "Parent Relationship": "Inner", "Startup Cost": 5334.54, "Total Cost": 5334.54, "Plan Rows": 100000, "Plan Width": 12, "Actual Startup Time": 97.527, "Actual Total Time": 97.527, "Actual Rows": 100000, "Actual Loops": 1, "Hash Buckets": 131072, "Hash Batches": 1, "Original Hash Batches": 1, "Peak Memory Usage": 4297, "Plans": [{"Node Type": "Index Scan", "Parent Relationship": "Outer", "Scan Direction": "Forward", "Index Name": "supplier_pkey", "Relation Name": "supplier", "Alias": "supplier", "Startup Cost": 0.0, "Total Cost": 5334.54, "Plan Rows": 100000, "Plan Width": 12, "Actual Startup Time": 0.02, "Actual Total Time": 64.858, "Actual Rows": 100000, "Actual Loops": 1}]}]}]}]}, "Triggers": [], "Planner Runtime": 8.974, "Total Runtime": 16519.314, "Unique SQL Id": 1392561963}}, "(16, 14)": {"explain_plan": {"Plan": {"Node Type": "Sort", "Startup Cost": 2891580.15, "Total Cost": 2891580.22, "Plan Rows": 25, "Plan Width": 50, "Sort Key": ["(sum((lineitem.l_extendedprice * (1::double precision - lineitem.l_discount)))) DESC"], "Plans": [{"Node Type": "Aggregate", "Strategy": "Hashed", "Parent Relationship": "Outer", "Startup Cost": 2891579.32, "Total Cost": 2891579.57, "Plan Rows": 25, "Plan Width": 50, "Group By Key": ["nation.n_name"], "Plans": [{"Node Type": "Hash Join", "Parent Relationship": "Outer", "Join Type": "Inner", "Startup Cost": 586755.18, "Total Cost": 2891485.42, "Plan Rows": 9390, "Plan Width": 42, "Inner Unique": true, "Hash Cond": "((lineitem.l_suppkey = supplier.s_suppkey) AND (customer.c_nationkey = supplier.s_nationkey))", "Plans": [{"Node Type": "Hash Join", "Parent Relationship": "Outer", "Join Type": "Inner", "Startup Cost": 581972.18, "Total Cost": 2858928.33, "Plan Rows": 3688948, "Plan Width": 58, "Inner Unique": false, "Hash Cond": "(lineitem.l_orderkey = orders.o_orderkey), (LLVM Optimized)", "Plans": [{"Node Type": "Seq Scan", "Parent Relationship": "Outer", "Relation Name": "lineitem", "Alias": "lineitem", "Startup Cost": 0.0, "Total Cost": 2015115.33, "Plan Rows": 59987033, "Plan Width": 32}, {"Node Type": "Hash", "Parent Relationship": "Inner", "Startup Cost": 576893.55, "Total Cost": 576893.55, "Plan Rows": 406290, "Plan Width": 42, "Plans": [{"Node Type": "Hash Join", "Parent Relationship": "Outer", "Join Type": "Inner", "Startup Cost": 63303.94, "Total Cost": 576893.55, "Plan Rows": 406290, "Plan Width": 42, "Inner Unique": false, "Hash Cond": "(orders.o_custkey = customer.c_custkey), (LLVM Optimized)", "Plans": [{"Node Type": "Seq Scan", "Parent Relationship": "Outer", "Relation Name": "orders", "Alias": "orders", "Startup Cost": 441.06, "Total Cost": 501411.18, "Plan Rows": 2281758, "Plan Width": 16, "Filter": "((o_orderdate >= '1994-01-01 00:00:00'::timestamp(0) without time zone) AND (o_orderdate < '1995-01-01 00:00:00'::timestamp without time zone)), (LLVM Optimized)"}, {"Node Type": "Hash", "Parent Relationship": "Inner", "Startup Cost": 59112.88, "Total Cost": 59112.88, "Plan Rows": 300000, "Plan Width": 42, "Plans": [{"Node Type": "Hash Join", "Parent Relationship": "Outer", "Join Type": "Inner", "Startup Cost": 2.5, "Total Cost": 59112.88, "Plan Rows": 300000, "Plan Width": 42, "Inner Unique": false, "Hash Cond": "(customer.c_nationkey = nation.n_nationkey), (LLVM Optimized)", "Plans": [{"Node Type": "Seq Scan", "Parent Relationship": "Outer", "Relation Name": "customer", "Alias": "customer", "Startup Cost": 0.0, "Total Cost": 52126.0, "Plan Rows": 1500000, "Plan Width": 12}, {"Node Type": "Hash", "Parent Relationship": "Inner", "Startup Cost": 2.44, "Total Cost": 2.44, "Plan Rows": 5, "Plan Width": 30, "Plans": [{"Node Type": "Hash Join", "Parent Relationship": "Outer", "Join Type": "Inner", "Startup Cost": 1.07, "Total Cost": 2.44, "Plan Rows": 5, "Plan Width": 30, "Inner Unique": true, "Hash Cond": "(nation.n_regionkey = region.r_regionkey)", "Plans": [{"Node Type": "Seq Scan", "Parent Relationship": "Outer", "Relation Name": "nation", "Alias": "nation", "Startup Cost": 0.0, "Total Cost": 1.25, "Plan Rows": 25, "Plan Width": 34}, {"Node Type": "Hash", "Parent Relationship": "Inner", "Startup Cost": 1.06, "Total Cost": 1.06, "Plan Rows": 1, "Plan Width": 4, "Plans": [{"Node Type": "Seq Scan", "Parent Relationship": "Outer", "Relation Name": "region", "Alias": "region", "Startup Cost": 0.0, "Total Cost": 1.06, "Plan Rows": 1, "Plan Width": 4, "Filter": "(r_name = 'MIDDLE EAST'::bpchar)"}]}]}]}]}]}]}]}]}, {"Node Type": "Hash", "Parent Relationship": "Inner", "Startup Cost": 3283.0, "Total Cost": 3283.0, "Plan Rows": 100000, "Plan Width": 12, "Plans": [{"Node Type": "Seq Scan", "Parent Relationship": "Outer", "Relation Name": "supplier", "Alias": "supplier", "Startup Cost": 0.0, "Total Cost": 3283.0, "Plan Rows": 100000, "Plan Width": 12}]}]}]}]}, "Unique SQL Id": 1392561963}, "explain_analyze_plan": null}, "(16, 15)": {"explain_plan": {"Plan": {"Node Type": "Sort", "Startup Cost": 6006900701327.45, "Total Cost": 6006900701327.51, "Plan Rows": 25, "Plan Width": 50, "Sort Key": ["(sum((lineitem.l_extendedprice * (1::double precision - lineitem.l_discount)))) DESC"], "Plans": [{"Node Type": "Aggregate", "Strategy": "Hashed", "Parent Relationship": "Outer", "Startup Cost": 6006900701326.62, "Total Cost": 6006900701326.87, "Plan Rows": 25, "Plan Width": 50, "Group By Key": ["nation.n_name"], "Plans": [{"Node Type": "Merge Join", "Parent Relationship": "Outer", "Join Type": "Inner", "Startup Cost": 60036448550.05, "Total Cost": 6006900701232.72, "Plan Rows": 9390, "Plan Width": 42, "Inner Unique": true, "Merge Cond": "(supplier.s_nationkey = customer.c_nationkey)", "Join Filter": "(orders.o_custkey = customer.c_custkey)", "Plans": [{"Node Type": "Nested Loop", "Parent Relationship": "Outer", "Join Type": "Inner", "Startup Cost": 50036448550.05, "Total Cost": 5006604634115.96, "Plan Rows": 263699, "Plan Width": 58, "Inner Unique": false, "Join Filter": "(lineitem.l_suppkey = supplier.s_suppkey), (LLVM Optimized)", "Plans": [{"Node Type": "Nested Loop", "Parent Relationship": "Outer", "Join Type": "Inner", "Startup Cost": 30000000000.0, "Total Cost": 3000000543701.01, "Plan Rows": 20000, "Plan Width": 42, "Inner Unique": false, "Join Filter": "(nation.n_nationkey = supplier.s_nationkey)", "Plans": [{"Node Type": "Nested Loop", "Parent Relationship": "Outer", "Join Type": "Inner", "Startup Cost": 20000000000.0, "Total Cost": 2000000002496.63, "Plan Rows": 5, "Plan Width": 30, "Inner Unique": true, "Join Filter": "(nation.n_regionkey = region.r_regionkey)", "Plans": [{"Node Type": "Index Scan", "Parent Relationship": "Outer", "Scan Direction": "Forward", "Index Name": "nation_pkey", "Relation Name": "nation", "Alias": "nation", "Startup Cost": 10000000000.0, "Total Cost": 1000000001262.5, "Plan Rows": 25, "Plan Width": 34}, {"Node Type": "Materialize", "Parent Relationship": "Inner", "Startup Cost": 10000000000.0, "Total Cost": 1000000001233.76, "Plan Rows": 1, "Plan Width": 4, "Plans": [{"Node Type": "Index Scan", "Parent Relationship": "Outer", "Scan Direction": "Forward", "Index Name": "region_pkey", "Relation Name": "region", "Alias": "region", "Startup Cost": 10000000000.0, "Total Cost": 1000000001233.75, "Plan Rows": 1, "Plan Width": 4, "Filter": "(r_name = 'MIDDLE EAST'::bpchar)"}]}]}, {"Node Type": "Materialize", "Parent Relationship": "Inner", "Startup Cost": 10000000000.0, "Total Cost": 1000000533954.38, "Plan Rows": 100000, "Plan Width": 12, "Plans": [{"Node Type": "Index Scan", "Parent Relationship": "Outer", "Scan Direction": "Forward", "Index Name": "supplier_pkey", "Relation Name": "supplier", "Alias": "supplier", "Startup Cost": 10000000000.0, "Total Cost": 1000000533454.38, "Plan Rows": 100000, "Plan Width": 12}]}]}, {"Node Type": "Materialize", "Parent Relationship": "Inner", "Startup Cost": 20036448550.05, "Total Cost": 2000388917108.5, "Plan Rows": 20717417, "Plan Width": 32, "Plans": [{"Node Type": "Merge Join", "Parent Relationship": "Outer", "Join Type": "Inner", "Startup Cost": 20036448550.05, "Total Cost": 2000388813521.41, "Plan Rows": 20717417, "Plan Width": 32, "Inner Unique": false, "Merge Cond": "(orders.o_orderkey = lineitem.l_orderkey)", "Plans": [{"Node Type": "Index Scan", "Parent Relationship": "Outer", "Scan Direction": "Forward", "Index Name": "orders_pkey", "Relation Name": "orders", "Alias": "orders", "Startup Cost": 10000000000.0, "Total Cost": 1000080597583.0, "Plan Rows": 2281758, "Plan Width": 16, "Filter": "((o_orderdate >= '1994-01-01 00:00:00'::timestamp(0) without time zone) AND (o_orderdate < '1995-01-01 00:00:00'::timestamp without time zone)), (LLVM Optimized)"}, {"Node Type": "Index Scan", "Parent Relationship": "Inner", "Scan Direction": "Forward", "Index Name": "idx_lineitem_orderkey", "Relation Name": "lineitem", "Alias": "lineitem", "Startup Cost": 10000000000.0, "Total Cost": 1000324015374.5, "Plan Rows": 59987033, "Plan Width": 32}]}]}]}, {"Node Type": "Materialize", "Parent Relationship": "Inner", "Startup Cost": 10000000000.0, "Total Cost": 1000019203896.25, "Plan Rows": 1500000, "Plan Width": 12, "Plans": [{"Node Type": "Index Scan", "Parent Relationship": "Outer", "Scan Direction": "Forward", "Index Name": "idx_customer_nationkey", "Relation Name": "customer", "Alias": "customer", "Startup Cost": 10000000000.0, "Total Cost": 1000019200146.25, "Plan Rows": 1500000, "Plan Width": 12}]}]}]}]}, "Unique SQL Id": 1392561963}, "explain_analyze_plan": null}, "(16, 16)": {"explain_plan": {"Plan": {"Node Type": "Sort", "Startup Cost": 2117504.41, "Total Cost": 2117504.48, "Plan Rows": 25, "Plan Width": 50, "Sort Key": ["(sum((lineitem.l_extendedprice * (1::double precision - lineitem.l_discount)))) DESC"], "Plans": [{"Node Type": "Aggregate", "Strategy": "Hashed", "Parent Relationship": "Outer", "Startup Cost": 2117503.58, "Total Cost": 2117503.83, "Plan Rows": 25, "Plan Width": 50, "Group By Key": ["nation.n_name"], "Plans": [{"Node Type": "Merge Join", "Parent Relationship": "Outer", "Join Type": "Inner", "Startup Cost": 2090449.42, "Total Cost": 2117409.68, "Plan Rows": 9390, "Plan Width": 42, "Inner Unique": false, "Merge Cond": "(supplier.s_suppkey = lineitem.l_suppkey)", "Join Filter": "(customer.c_nationkey = supplier.s_nationkey)", "Plans": [{"Node Type": "Index Scan", "Parent Relationship": "Outer", "Scan Direction": "Forward", "Index Name": "supplier_pkey", "Relation Name": "supplier", "Alias": "supplier", "Startup Cost": 0.0, "Total Cost": 5334.54, "Plan Rows": 100000, "Plan Width": 12}, {"Node Type": "Sort", "Parent Relationship": "Inner", "Startup Cost": 2090447.59, "Total Cost": 2099669.96, "Plan Rows": 3688948, "Plan Width": 58, "Sort Key": ["lineitem.l_suppkey"], "Plans": [{"Node Type": "Nested Loop", "Parent Relationship": "Outer", "Join Type": "Inner", "Startup Cost": 1030.37, "Total Cost": 1688079.68, "Plan Rows": 3688948, "Plan Width": 58, "Inner Unique": false, "Plans": [{"Node Type": "Nested Loop", "Parent Relationship": "Outer", "Join Type": "Inner", "Startup Cost": 1030.37, "Total Cost": 412285.27, "Plan Rows": 406290, "Plan Width": 42, "Inner Unique": false, "Plans": [{"Node Type": "Nested Loop", "Parent Relationship": "Outer", "Join Type": "Inner", "Startup Cost": 1030.37, "Total Cost": 37176.47, "Plan Rows": 300000, "Plan Width": 42, "Inner Unique": false, "Plans": [{"Node Type": "Nested Loop", "Parent Relationship": "Outer", "Join Type": "Inner", "Startup Cost": 0.0, "Total Cost": 14.06, "Plan Rows": 5, "Plan Width": 30, "Inner Unique": true, "Join Filter": "(nation.n_regionkey = region.r_regionkey)", "Plans": [{"Node Type": "Index Scan", "Parent Relationship": "Outer", "Scan Direction": "Forward", "Index Name": "nation_pkey", "Relation Name": "nation", "Alias": "nation", "Startup Cost": 0.0, "Total Cost": 12.62, "Plan Rows": 25, "Plan Width": 34}, {"Node Type": "Materialize", "Parent Relationship": "Inner", "Startup Cost": 0.0, "Total Cost": 1.07, "Plan Rows": 1, "Plan Width": 4, "Plans": [{"Node Type": "Seq Scan", "Parent Relationship": "Outer", "Relation Name": "region", "Alias": "region", "Startup Cost": 0.0, "Total Cost": 1.06, "Plan Rows": 1, "Plan Width": 4, "Filter": "(r_name = 'MIDDLE EAST'::bpchar)"}]}]}, {"Node Type": "Bitmap Heap Scan", "Parent Relationship": "Inner", "Relation Name": "customer", "Alias": "customer", "Startup Cost": 1030.37, "Total Cost": 6832.48, "Plan Rows": 60000, "Plan Width": 12, "Recheck Cond": "(c_nationkey = nation.n_nationkey)", "Plans": [{"Node Type": "Bitmap Index Scan", "Parent Relationship": "Outer", "Index Name": "idx_customer_nationkey", "Startup Cost": 0.0, "Total Cost": 1015.37, "Plan Rows": 60000, "Plan Width": 0, "Index Cond": "(c_nationkey = nation.n_nationkey)"}]}]}, {"Node Type": "Index Scan", "Parent Relationship": "Inner", "Scan Direction": "Forward", "Index Name": "idx_orders_custkey", "Relation Name": "orders", "Alias": "orders", "Startup Cost": 0.0, "Total Cost": 1.24, "Plan Rows": 1, "Plan Width": 16, "Index Cond": "(o_custkey = customer.c_custkey)", "Filter": "((o_orderdate >= '1994-01-01 00:00:00'::timestamp(0) without time zone) AND (o_orderdate < '1995-01-01 00:00:00'::timestamp without time zone))"}]}, {"Node Type": "Index Scan", "Parent Relationship": "Inner", "Scan Direction": "Forward", "Index Name": "idx_lineitem_orderkey", "Relation Name": "lineitem", "Alias": "lineitem", "Startup Cost": 0.0, "Total Cost": 3.05, "Plan Rows": 9, "Plan Width": 32, "Index Cond": "(l_orderkey = orders.o_orderkey)"}]}]}]}]}]}, "Unique SQL Id": 1392561963}, "explain_analyze_plan": {"Plan": {"Node Type": "Sort", "Startup Cost": 2117504.41, "Total Cost": 2117504.48, "Plan Rows": 25, "Plan Width": 50, "Actual Startup Time": 17373.812, "Actual Total Time": 17373.812, "Actual Rows": 5, "Actual Loops": 1, "Sort Key": ["(sum((lineitem.l_extendedprice * (1::double precision - lineitem.l_discount)))) DESC"], "Sort Method": "quicksort", "Sort Space Used": 25, "Sort Space Type": "Memory", "Plans": [{"Node Type": "Aggregate", "Strategy": "Hashed", "Parent Relationship": "Outer", "Startup Cost": 2117503.58, "Total Cost": 2117503.83, "Plan Rows": 25, "Plan Width": 50, "Actual Startup Time": 17373.782, "Actual Total Time": 17373.783, "Actual Rows": 5, "Actual Loops": 1, "Group By Key": ["nation.n_name"], "Plans": [{"Node Type": "Merge Join", "Parent Relationship": "Outer", "Join Type": "Inner", "Startup Cost": 2090449.42, "Total Cost": 2117409.68, "Plan Rows": 9390, "Plan Width": 42, "Actual Startup Time": 16299.888, "Actual Total Time": 17324.646, "Actual Rows": 72985, "Actual Loops": 1, "Inner Unique": false, "Merge Cond": "(supplier.s_suppkey = lineitem.l_suppkey)", "Join Filter": "(customer.c_nationkey = supplier.s_nationkey)", "Rows Removed by Join Filter": 0, "Plans": [{"Node Type": "Index Scan", "Parent Relationship": "Outer", "Scan Direction": "Forward", "Index Name": "supplier_pkey", "Relation Name": "supplier", "Alias": "supplier", "Startup Cost": 0.0, "Total Cost": 5334.54, "Plan Rows": 100000, "Plan Width": 12, "Actual Startup Time": 0.029, "Actual Total Time": 65.508, "Actual Rows": 100000, "Actual Loops": 1}, {"Node Type": "Sort", "Parent Relationship": "Inner", "Startup Cost": 2090447.59, "Total Cost": 2099669.96, "Plan Rows": 3688948, "Plan Width": 58, "Actual Startup Time": 16299.079, "Actual Total Time": 16723.062, "Actual Rows": 1815222, "Actual Loops": 1, "Sort Key": ["lineitem.l_suppkey"], "Sort Method": "quicksort", "Sort Space Used": 332781, "Sort Space Type": "Memory", "Plans": [{"Node Type": "Nested Loop", "Parent Relationship": "Outer", "Join Type": "Inner", "Startup Cost": 1030.37, "Total Cost": 1688079.68, "Plan Rows": 3688948, "Plan Width": 58, "Actual Startup Time": 18.03, "Actual Total Time": 15434.251, "Actual Rows": 1815222, "Actual Loops": 1, "Inner Unique": false, "Plans": [{"Node Type": "Nested Loop", "Parent Relationship": "Outer", "Join Type": "Inner", "Startup Cost": 1030.37, "Total Cost": 412285.27, "Plan Rows": 406290, "Plan Width": 42, "Actual Startup Time": 18.009, "Actual Total Time": 9458.463, "Actual Rows": 454183, "Actual Loops": 1, "Inner Unique": false, "Plans": [{"Node Type": "Nested Loop", "Parent Relationship": "Outer", "Join Type": "Inner", "Startup Cost": 1030.37, "Total Cost": 37176.47, "Plan Rows": 300000, "Plan Width": 42, "Actual Startup Time": 17.932, "Actual Total Time": 671.38, "Actual Rows": 299838, "Actual Loops": 1, "Inner Unique": false, "Plans": [{"Node Type": "Nested Loop", "Parent Relationship": "Outer", "Join Type": "Inner", "Startup Cost": 0.0, "Total Cost": 14.06, "Plan Rows": 5, "Plan Width": 30, "Actual Startup Time": 0.039, "Actual Total Time": 0.13, "Actual Rows": 5, "Actual Loops": 1, "Inner Unique": true, "Join Filter": "(nation.n_regionkey = region.r_regionkey)", "Rows Removed by Join Filter": 20, "Plans": [{"Node Type": "Index Scan", "Parent Relationship": "Outer", "Scan Direction": "Forward", "Index Name": "nation_pkey", "Relation Name": "nation", "Alias": "nation", "Startup Cost": 0.0, "Total Cost": 12.62, "Plan Rows": 25, "Plan Width": 34, "Actual Startup Time": 0.004, "Actual Total Time": 0.043, "Actual Rows": 25, "Actual Loops": 1}, {"Node Type": "Materialize", "Parent Relationship": "Inner", "Startup Cost": 0.0, "Total Cost": 1.07, "Plan Rows": 1, "Plan Width": 4, "Actual Startup Time": 0.033, "Actual Total Time": 0.036, "Actual Rows": 25, "Actual Loops": 25, "Plans": [{"Node Type": "Seq Scan", "Parent Relationship": "Outer", "Relation Name": "region", "Alias": "region", "Startup Cost": 0.0, "Total Cost": 1.06, "Plan Rows": 1, "Plan Width": 4, "Actual Startup Time": 0.017, "Actual Total Time": 0.019, "Actual Rows": 1, "Actual Loops": 1, "Filter": "(r_name = 'MIDDLE EAST'::bpchar)", "Rows Removed by Filter": 4}]}]}, {"Node Type": "Bitmap Heap Scan", "Parent Relationship": "Inner", "Relation Name": "customer", "Alias": "customer", "Startup Cost": 1030.37, "Total Cost": 6832.48, "Plan Rows": 60000, "Plan Width": 12, "Actual Startup Time": 89.388, "Actual Total Time": 593.961, "Actual Rows": 299838, "Actual Loops": 5, "Recheck Cond": "(c_nationkey = nation.n_nationkey)", "Rows Removed by Index Recheck": 0, "Exact Heap Blocks": 150033, "Lossy Heap Blocks": 150033, "Plans": [{"Node Type": "Bitmap Index Scan", "Parent Relationship": "Outer", "Index Name": "idx_customer_nationkey", "Startup Cost": 0.0, "Total Cost": 1015.37, "Plan Rows": 60000, "Plan Width": 0, "Actual Startup Time": 56.146, "Actual Total Time": 56.146, "Actual Rows": 299838, "Actual Loops": 5, "Index Cond": "(c_nationkey = nation.n_nationkey)"}]}]}, {"Node Type": "Index Scan", "Parent Relationship": "Inner", "Scan Direction": "Forward", "Index Name": "idx_orders_custkey", "Relation Name": "orders", "Alias": "orders", "Startup Cost": 0.0, "Total Cost": 1.24, "Plan Rows": 1, "Plan Width": 16, "Actual Startup Time": 4073.382, "Actual Total Time": 8513.079, "Actual Rows": 454183, "Actual Loops": 299838, "Index Cond": "(o_custkey = customer.c_custkey)", "Rows Removed by Index Recheck": 0, "Filter": "((o_orderdate >= '1994-01-01 00:00:00'::timestamp(0) without time zone) AND (o_orderdate < '1995-01-01 00:00:00'::timestamp without time zone))", "Rows Removed by Filter": 2542535}]}, {"Node Type": "Index Scan", "Parent Relationship": "Inner", "Scan Direction": "Forward", "Index Name": "idx_lineitem_orderkey", "Relation Name": "lineitem", "Alias": "lineitem", "Startup Cost": 0.0, "Total Cost": 3.05, "Plan Rows": 9, "Plan Width": 32, "Actual Startup Time": 4325.891, "Actual Total Time": 5327.301, "Actual Rows": 1815222, "Actual Loops": 454183, "Index Cond": "(l_orderkey = orders.o_orderkey)", "Rows Removed by Index Recheck": 0}]}]}]}]}]}, "Triggers": [], "Planner Runtime": 8.068, "Total Runtime": 17374.216, "Unique SQL Id": 1392561963}}, "(16, 17)": {"explain_plan": {"Plan": {"Node Type": "Sort", "Startup Cost": 2117924.29, "Total Cost": 2117924.35, "Plan Rows": 25, "Plan Width": 50, "Sort Key": ["(sum((lineitem.l_extendedprice * (1::double precision - lineitem.l_discount)))) DESC"], "Plans": [{"Node Type": "Aggregate", "Strategy": "Hashed", "Parent Relationship": "Outer", "Startup Cost": 2117923.46, "Total Cost": 2117923.71, "Plan Rows": 25, "Plan Width": 50, "Group By Key": ["nation.n_name"], "Plans": [{"Node Type": "Merge Join", "Parent Relationship": "Outer", "Join Type": "Inner", "Startup Cost": 2090460.7, "Total Cost": 2117829.56, "Plan Rows": 9390, "Plan Width": 42, "Inner Unique": false, "Merge Cond": "(supplier.s_suppkey = lineitem.l_suppkey)", "Join Filter": "(customer.c_nationkey = supplier.s_nationkey)", "Plans": [{"Node Type": "Index Scan", "Parent Relationship": "Outer", "Scan Direction": "Forward", "Index Name": "supplier_pkey", "Relation Name": "supplier", "Alias": "supplier", "Startup Cost": 0.0, "Total Cost": 5334.54, "Plan Rows": 100000, "Plan Width": 12}, {"Node Type": "Sort", "Parent Relationship": "Inner", "Startup Cost": 2090458.87, "Total Cost": 2099681.24, "Plan Rows": 3688948, "Plan Width": 58, "Sort Key": ["lineitem.l_suppkey"], "Plans": [{"Node Type": "Nested Loop", "Parent Relationship": "Outer", "Join Type": "Inner", "Startup Cost": 1030.37, "Total Cost": 1688090.96, "Plan Rows": 3688948, "Plan Width": 58, "Inner Unique": false, "Plans": [{"Node Type": "Nested Loop", "Parent Relationship": "Outer", "Join Type": "Inner", "Startup Cost": 1030.37, "Total Cost": 412296.55, "Plan Rows": 406290, "Plan Width": 42, "Inner Unique": false, "Plans": [{"Node Type": "Nested Loop", "Parent Relationship": "Outer", "Join Type": "Inner", "Startup Cost": 1030.37, "Total Cost": 37187.75, "Plan Rows": 300000, "Plan Width": 42, "Inner Unique": false, "Plans": [{"Node Type": "Nested Loop", "Parent Relationship": "Outer", "Join Type": "Inner", "Startup Cost": 0.0, "Total Cost": 25.34, "Plan Rows": 5, "Plan Width": 30, "Inner Unique": true, "Join Filter": "(nation.n_regionkey = region.r_regionkey)", "Plans": [{"Node Type": "Index Scan", "Parent Relationship": "Outer", "Scan Direction": "Forward", "Index Name": "nation_pkey", "Relation Name": "nation", "Alias": "nation", "Startup Cost": 0.0, "Total Cost": 12.62, "Plan Rows": 25, "Plan Width": 34}, {"Node Type": "Materialize", "Parent Relationship": "Inner", "Startup Cost": 0.0, "Total Cost": 12.34, "Plan Rows": 1, "Plan Width": 4, "Plans": [{"Node Type": "Index Scan", "Parent Relationship": "Outer", "Scan Direction": "Forward", "Index Name": "region_pkey", "Relation Name": "region", "Alias": "region", "Startup Cost": 0.0, "Total Cost": 12.34, "Plan Rows": 1, "Plan Width": 4, "Filter": "(r_name = 'MIDDLE EAST'::bpchar)"}]}]}, {"Node Type": "Bitmap Heap Scan", "Parent Relationship": "Inner", "Relation Name": "customer", "Alias": "customer", "Startup Cost": 1030.37, "Total Cost": 6832.48, "Plan Rows": 60000, "Plan Width": 12, "Recheck Cond": "(c_nationkey = nation.n_nationkey)", "Plans": [{"Node Type": "Bitmap Index Scan", "Parent Relationship": "Outer", "Index Name": "idx_customer_nationkey", "Startup Cost": 0.0, "Total Cost": 1015.37, "Plan Rows": 60000, "Plan Width": 0, "Index Cond": "(c_nationkey = nation.n_nationkey)"}]}]}, {"Node Type": "Index Scan", "Parent Relationship": "Inner", "Scan Direction": "Forward", "Index Name": "idx_orders_custkey", "Relation Name": "orders", "Alias": "orders", "Startup Cost": 0.0, "Total Cost": 1.24, "Plan Rows": 1, "Plan Width": 16, "Index Cond": "(o_custkey = customer.c_custkey)", "Filter": "((o_orderdate >= '1994-01-01 00:00:00'::timestamp(0) without time zone) AND (o_orderdate < '1995-01-01 00:00:00'::timestamp without time zone))"}]}, {"Node Type": "Index Scan", "Parent Relationship": "Inner", "Scan Direction": "Forward", "Index Name": "idx_lineitem_orderkey", "Relation Name": "lineitem", "Alias": "lineitem", "Startup Cost": 0.0, "Total Cost": 3.05, "Plan Rows": 9, "Plan Width": 32, "Index Cond": "(l_orderkey = orders.o_orderkey)"}]}]}]}]}]}, "Unique SQL Id": 1392561963}, "explain_analyze_plan": {"Plan": {"Node Type": "Sort", "Startup Cost": 2117924.29, "Total Cost": 2117924.35, "Plan Rows": 25, "Plan Width": 50, "Actual Startup Time": 17929.806, "Actual Total Time": 17929.806, "Actual Rows": 5, "Actual Loops": 1, "Sort Key": ["(sum((lineitem.l_extendedprice * (1::double precision - lineitem.l_discount)))) DESC"], "Sort Method": "quicksort", "Sort Space Used": 25, "Sort Space Type": "Memory", "Plans": [{"Node Type": "Aggregate", "Strategy": "Hashed", "Parent Relationship": "Outer", "Startup Cost": 2117923.46, "Total Cost": 2117923.71, "Plan Rows": 25, "Plan Width": 50, "Actual Startup Time": 17929.782, "Actual Total Time": 17929.784, "Actual Rows": 5, "Actual Loops": 1, "Group By Key": ["nation.n_name"], "Plans": [{"Node Type": "Merge Join", "Parent Relationship": "Outer", "Join Type": "Inner", "Startup Cost": 2090460.7, "Total Cost": 2117829.56, "Plan Rows": 9390, "Plan Width": 42, "Actual Startup Time": 16699.858, "Actual Total Time": 17880.323, "Actual Rows": 72985, "Actual Loops": 1, "Inner Unique": false, "Merge Cond": "(supplier.s_suppkey = lineitem.l_suppkey)", "Join Filter": "(customer.c_nationkey = supplier.s_nationkey)", "Rows Removed by Join Filter": 0, "Plans": [{"Node Type": "Index Scan", "Parent Relationship": "Outer", "Scan Direction": "Forward", "Index Name": "supplier_pkey", "Relation Name": "supplier", "Alias": "supplier", "Startup Cost": 0.0, "Total Cost": 5334.54, "Plan Rows": 100000, "Plan Width": 12, "Actual Startup Time": 0.026, "Actual Total Time": 75.551, "Actual Rows": 100000, "Actual Loops": 1}, {"Node Type": "Sort", "Parent Relationship": "Inner", "Startup Cost": 2090458.87, "Total Cost": 2099681.24, "Plan Rows": 3688948, "Plan Width": 58, "Actual Startup Time": 16699.636, "Actual Total Time": 17266.551, "Actual Rows": 1815222, "Actual Loops": 1, "Sort Key": ["lineitem.l_suppkey"], "Sort Method": "quicksort", "Sort Space Used": 332781, "Sort Space Type": "Memory", "Plans": [{"Node Type": "Nested Loop", "Parent Relationship": "Outer", "Join Type": "Inner", "Startup Cost": 1030.37, "Total Cost": 1688090.96, "Plan Rows": 3688948, "Plan Width": 58, "Actual Startup Time": 17.96, "Actual Total Time": 15833.841, "Actual Rows": 1815222, "Actual Loops": 1, "Inner Unique": false, "Plans": [{"Node Type": "Nested Loop", "Parent Relationship": "Outer", "Join Type": "Inner", "Startup Cost": 1030.37, "Total Cost": 412296.55, "Plan Rows": 406290, "Plan Width": 42, "Actual Startup Time": 17.939, "Actual Total Time": 9862.535, "Actual Rows": 454183, "Actual Loops": 1, "Inner Unique": false, "Plans": [{"Node Type": "Nested Loop", "Parent Relationship": "Outer", "Join Type": "Inner", "Startup Cost": 1030.37, "Total Cost": 37187.75, "Plan Rows": 300000, "Plan Width": 42, "Actual Startup Time": 17.866, "Actual Total Time": 676.595, "Actual Rows": 299838, "Actual Loops": 1, "Inner Unique": false, "Plans": [{"Node Type": "Nested Loop", "Parent Relationship": "Outer", "Join Type": "Inner", "Startup Cost": 0.0, "Total Cost": 25.34, "Plan Rows": 5, "Plan Width": 30, "Actual Startup Time": 0.031, "Actual Total Time": 0.12, "Actual Rows": 5, "Actual Loops": 1, "Inner Unique": true, "Join Filter": "(nation.n_regionkey = region.r_regionkey)", "Rows Removed by Join Filter": 20, "Plans": [{"Node Type": "Index Scan", "Parent Relationship": "Outer", "Scan Direction": "Forward", "Index Name": "nation_pkey", "Relation Name": "nation", "Alias": "nation", "Startup Cost": 0.0, "Total Cost": 12.62, "Plan Rows": 25, "Plan Width": 34, "Actual Startup Time": 0.004, "Actual Total Time": 0.038, "Actual Rows": 25, "Actual Loops": 1}, {"Node Type": "Materialize", "Parent Relationship": "Inner", "Startup Cost": 0.0, "Total Cost": 12.34, "Plan Rows": 1, "Plan Width": 4, "Actual Startup Time": 0.024, "Actual Total Time": 0.029, "Actual Rows": 25, "Actual Loops": 25, "Plans": [{"Node Type": "Index Scan", "Parent Relationship": "Outer", "Scan Direction": "Forward", "Index Name": "region_pkey", "Relation Name": "region", "Alias": "region", "Startup Cost": 0.0, "Total Cost": 12.34, "Plan Rows": 1, "Plan Width": 4, "Actual Startup Time": 0.011, "Actual Total Time": 0.012, "Actual Rows": 1, "Actual Loops": 1, "Filter": "(r_name = 'MIDDLE EAST'::bpchar)", "Rows Removed by Filter": 4}]}]}, {"Node Type": "Bitmap Heap Scan", "Parent Relationship": "Inner", "Relation Name": "customer", "Alias": "customer", "Startup Cost": 1030.37, "Total Cost": 6832.48, "Plan Rows": 60000, "Plan Width": 12, "Actual Startup Time": 92.276, "Actual Total Time": 597.962, "Actual Rows": 299838, "Actual Loops": 5, "Recheck Cond": "(c_nationkey = nation.n_nationkey)", "Rows Removed by Index Recheck": 0, "Exact Heap Blocks": 150033, "Lossy Heap Blocks": 150033, "Plans": [{"Node Type": "Bitmap Index Scan", "Parent Relationship": "Outer", "Index Name": "idx_customer_nationkey", "Startup Cost": 0.0, "Total Cost": 1015.37, "Plan Rows": 60000, "Plan Width": 0, "Actual Startup Time": 58.925, "Actual Total Time": 58.925, "Actual Rows": 299838, "Actual Loops": 5, "Index Cond": "(c_nationkey = nation.n_nationkey)"}]}]}, {"Node Type": "Index Scan", "Parent Relationship": "Inner", "Scan Direction": "Forward", "Index Name": "idx_orders_custkey", "Relation Name": "orders", "Alias": "orders", "Startup Cost": 0.0, "Total Cost": 1.24, "Plan Rows": 1, "Plan Width": 16, "Actual Startup Time": 4195.876, "Actual Total Time": 8909.369, "Actual Rows": 454183, "Actual Loops": 299838, "Index Cond": "(o_custkey = customer.c_custkey)", "Rows Removed by Index Recheck": 0, "Filter": "((o_orderdate >= '1994-01-01 00:00:00'::timestamp(0) without time zone) AND (o_orderdate < '1995-01-01 00:00:00'::timestamp without time zone))", "Rows Removed by Filter": 2542535}]}, {"Node Type": "Index Scan", "Parent Relationship": "Inner", "Scan Direction": "Forward", "Index Name": "idx_lineitem_orderkey", "Relation Name": "lineitem", "Alias": "lineitem", "Startup Cost": 0.0, "Total Cost": 3.05, "Plan Rows": 9, "Plan Width": 32, "Actual Startup Time": 4336.7, "Actual Total Time": 5312.48, "Actual Rows": 1815222, "Actual Loops": 454183, "Index Cond": "(l_orderkey = orders.o_orderkey)", "Rows Removed by Index Recheck": 0}]}]}]}]}]}, "Triggers": [], "Planner Runtime": 7.894, "Total Runtime": 17930.306, "Unique SQL Id": 1392561963}}, "(16, 18)": {"explain_plan": {"Plan": {"Node Type": "Sort", "Startup Cost": 3136047.23, "Total Cost": 3136047.29, "Plan Rows": 25, "Plan Width": 50, "Sort Key": ["(sum((lineitem.l_extendedprice * (1::double precision - lineitem.l_discount)))) DESC"], "Plans": [{"Node Type": "Aggregate", "Strategy": "Hashed", "Parent Relationship": "Outer", "Startup Cost": 3136046.4, "Total Cost": 3136046.65, "Plan Rows": 25, "Plan Width": 50, "Group By Key": ["nation.n_name"], "Plans": [{"Node Type": "Merge Join", "Parent Relationship": "Outer", "Join Type": "Inner", "Startup Cost": 3107433.9, "Total Cost": 3135952.5, "Plan Rows": 9390, "Plan Width": 42, "Inner Unique": true, "Merge Cond": "((lineitem.l_suppkey = supplier.s_suppkey) AND (customer.c_nationkey = supplier.s_nationkey))", "Plans": [{"Node Type": "Sort", "Parent Relationship": "Outer", "Startup Cost": 3095843.33, "Total Cost": 3105065.7, "Plan Rows": 3688948, "Plan Width": 58, "Sort Key": ["lineitem.l_suppkey", "customer.c_nationkey"], "Plans": [{"Node Type": "Nested Loop", "Parent Relationship": "Outer", "Join Type": "Inner", "Startup Cost": 674436.55, "Total Cost": 2693475.42, "Plan Rows": 3688948, "Plan Width": 58, "Inner Unique": false, "Plans": [{"Node Type": "Merge Join", "Parent Relationship": "Outer", "Join Type": "Inner", "Startup Cost": 674435.82, "Total Cost": 691407.1, "Plan Rows": 406290, "Plan Width": 42, "Inner Unique": false, "Merge Cond": "(customer.c_custkey = orders.o_custkey)", "Plans": [{"Node Type": "Sort", "Parent Relationship": "Outer", "Startup Cost": 64456.94, "Total Cost": 65206.94, "Plan Rows": 300000, "Plan Width": 42, "Sort Key": ["customer.c_custkey"], "Plans": [{"Node Type": "Nested Loop", "Parent Relationship": "Outer", "Join Type": "Inner", "Startup Cost": 1030.37, "Total Cost": 37165.03, "Plan Rows": 300000, "Plan Width": 42, "Inner Unique": false, "Plans": [{"Node Type": "Nested Loop", "Parent Relationship": "Outer", "Join Type": "Inner", "Startup Cost": 0.0, "Total Cost": 2.62, "Plan Rows": 5, "Plan Width": 30, "Inner Unique": false, "Join Filter": "(nation.n_regionkey = region.r_regionkey)", "Plans": [{"Node Type": "Seq Scan", "Parent Relationship": "Outer", "Relation Name": "region", "Alias": "region", "Startup Cost": 0.0, "Total Cost": 1.06, "Plan Rows": 1, "Plan Width": 4, "Filter": "(r_name = 'MIDDLE EAST'::bpchar)"}, {"Node Type": "Seq Scan", "Parent Relationship": "Inner", "Relation Name": "nation", "Alias": "nation", "Startup Cost": 0.0, "Total Cost": 1.25, "Plan Rows": 25, "Plan Width": 34}]}, {"Node Type": "Bitmap Heap Scan", "Parent Relationship": "Inner", "Relation Name": "customer", "Alias": "customer", "Startup Cost": 1030.37, "Total Cost": 6832.48, "Plan Rows": 60000, "Plan Width": 12, "Recheck Cond": "(c_nationkey = nation.n_nationkey)", "Plans": [{"Node Type": "Bitmap Index Scan", "Parent Relationship": "Outer", "Index Name": "idx_customer_nationkey", "Startup Cost": 0.0, "Total Cost": 1015.37, "Plan Rows": 60000, "Plan Width": 0, "Index Cond": "(c_nationkey = nation.n_nationkey)"}]}]}]}, {"Node Type": "Sort", "Parent Relationship": "Inner", "Startup Cost": 609978.84, "Total Cost": 615683.24, "Plan Rows": 2281758, "Plan Width": 16, "Sort Key": ["orders.o_custkey"], "Plans": [{"Node Type": "Bitmap Heap Scan", "Parent Relationship": "Outer", "Relation Name": "orders", "Alias": "orders", "Startup Cost": 58360.27, "Total Cost": 369005.64, "Plan Rows": 2281758, "Plan Width": 16, "Recheck Cond": "((o_orderdate >= '1994-01-01 00:00:00'::timestamp(0) without time zone) AND (o_orderdate < '1995-01-01 00:00:00'::timestamp without time zone)), (LLVM Optimized)", "Plans": [{"Node Type": "Bitmap Index Scan", "Parent Relationship": "Outer", "Index Name": "idx_orders_orderdate", "Startup Cost": 0.0, "Total Cost": 57789.83, "Plan Rows": 2281758, "Plan Width": 0, "Index Cond": "((o_orderdate >= '1994-01-01 00:00:00'::timestamp(0) without time zone) AND (o_orderdate < '1995-01-01 00:00:00'::timestamp without time zone))"}]}]}]}, {"Node Type": "Bitmap Heap Scan", "Parent Relationship": "Inner", "Relation Name": "lineitem", "Alias": "lineitem", "Startup Cost": 0.73, "Total Cost": 4.84, "Plan Rows": 9, "Plan Width": 32, "Recheck Cond": "(l_orderkey = orders.o_orderkey)", "Plans": [{"Node Type": "Bitmap Index Scan", "Parent Relationship": "Outer", "Index Name": "idx_lineitem_orderkey", "Startup Cost": 0.0, "Total Cost": 0.72, "Plan Rows": 9, "Plan Width": 0, "Index Cond": "(l_orderkey = orders.o_orderkey)"}]}]}]}, {"Node Type": "Sort", "Parent Relationship": "Inner", "Startup Cost": 11587.82, "Total Cost": 11837.82, "Plan Rows": 100000, "Plan Width": 12, "Sort Key": ["supplier.s_suppkey", "supplier.s_nationkey"], "Plans": [{"Node Type": "Seq Scan", "Parent Relationship": "Outer", "Relation Name": "supplier", "Alias": "supplier", "Startup Cost": 0.0, "Total Cost": 3283.0, "Plan Rows": 100000, "Plan Width": 12}]}]}]}]}, "Unique SQL Id": 1392561963}, "explain_analyze_plan": {"Plan": {"Node Type": "Sort", "Startup Cost": 3136047.23, "Total Cost": 3136047.29, "Plan Rows": 25, "Plan Width": 50, "Actual Startup Time": 14469.72, "Actual Total Time": 14469.721, "Actual Rows": 5, "Actual Loops": 1, "Sort Key": ["(sum((lineitem.l_extendedprice * (1::double precision - lineitem.l_discount)))) DESC"], "Sort Method": "quicksort", "Sort Space Used": 25, "Sort Space Type": "Memory", "Plans": [{"Node Type": "Aggregate", "Strategy": "Hashed", "Parent Relationship": "Outer", "Startup Cost": 3136046.4, "Total Cost": 3136046.65, "Plan Rows": 25, "Plan Width": 50, "Actual Startup Time": 14469.686, "Actual Total Time": 14469.689, "Actual Rows": 5, "Actual Loops": 1, "Group By Key": ["nation.n_name"], "Plans": [{"Node Type": "Merge Join", "Parent Relationship": "Outer", "Join Type": "Inner", "Startup Cost": 3107433.9, "Total Cost": 3135952.5, "Plan Rows": 9390, "Plan Width": 42, "Actual Startup Time": 13687.693, "Actual Total Time": 14422.573, "Actual Rows": 72985, "Actual Loops": 1, "Inner Unique": true, "Merge Cond": "((lineitem.l_suppkey = supplier.s_suppkey) AND (customer.c_nationkey = supplier.s_nationkey))", "Plans": [{"Node Type": "Sort", "Parent Relationship": "Outer", "Startup Cost": 3095843.33, "Total Cost": 3105065.7, "Plan Rows": 3688948, "Plan Width": 58, "Actual Startup Time": 13615.584, "Actual Total Time": 14030.38, "Actual Rows": 1815212, "Actual Loops": 1, "Sort Key": ["lineitem.l_suppkey", "customer.c_nationkey"], "Sort Method": "quicksort", "Sort Space Used": 332781, "Sort Space Type": "Memory", "Plans": [{"Node Type": "Nested Loop", "Parent Relationship": "Outer", "Join Type": "Inner", "Startup Cost": 674436.55, "Total Cost": 2693475.42, "Plan Rows": 3688948, "Plan Width": 58, "Actual Startup Time": 4408.174, "Actual Total Time": 12167.226, "Actual Rows": 1815222, "Actual Loops": 1, "Inner Unique": false, "Plans": [{"Node Type": "Merge Join", "Parent Relationship": "Outer", "Join Type": "Inner", "Startup Cost": 674435.82, "Total Cost": 691407.1, "Plan Rows": 406290, "Plan Width": 42, "Actual Startup Time": 4408.084, "Actual Total Time": 5721.858, "Actual Rows": 454183, "Actual Loops": 1, "Inner Unique": false, "Merge Cond": "(customer.c_custkey = orders.o_custkey)", "Plans": [{"Node Type": "Sort", "Parent Relationship": "Outer", "Startup Cost": 64456.94, "Total Cost": 65206.94, "Plan Rows": 300000, "Plan Width": 42, "Actual Startup Time": 720.742, "Actual Total Time": 780.426, "Actual Rows": 299838, "Actual Loops": 1, "Sort Key": ["customer.c_custkey"], "Sort Method": "quicksort", "Sort Space Used": 59138, "Sort Space Type": "Memory", "Plans": [{"Node Type": "Nested Loop", "Parent Relationship": "Outer", "Join Type": "Inner", "Startup Cost": 1030.37, "Total Cost": 37165.03, "Plan Rows": 300000, "Plan Width": 42, "Actual Startup Time": 20.836, "Actual Total Time": 594.165, "Actual Rows": 299838, "Actual Loops": 1, "Inner Unique": false, "Plans": [{"Node Type": "Nested Loop", "Parent Relationship": "Outer", "Join Type": "Inner", "Startup Cost": 0.0, "Total Cost": 2.62, "Plan Rows": 5, "Plan Width": 30, "Actual Startup Time": 0.04, "Actual Total Time": 0.099, "Actual Rows": 5, "Actual Loops": 1, "Inner Unique": false, "Join Filter": "(nation.n_regionkey = region.r_regionkey)", "Rows Removed by Join Filter": 20, "Plans": [{"Node Type": "Seq Scan", "Parent Relationship": "Outer", "Relation Name": "region", "Alias": "region", "Startup Cost": 0.0, "Total Cost": 1.06, "Plan Rows": 1, "Plan Width": 4, "Actual Startup Time": 0.017, "Actual Total Time": 0.02, "Actual Rows": 1, "Actual Loops": 1, "Filter": "(r_name = 'MIDDLE EAST'::bpchar)", "Rows Removed by Filter": 4}, {"Node Type": "Seq Scan", "Parent Relationship": "Inner", "Relation Name": "nation", "Alias": "nation", "Startup Cost": 0.0, "Total Cost": 1.25, "Plan Rows": 25, "Plan Width": 34, "Actual Startup Time": 0.014, "Actual Total Time": 0.031, "Actual Rows": 25, "Actual Loops": 1}]}, {"Node Type": "Bitmap Heap Scan", "Parent Relationship": "Inner", "Relation Name": "customer", "Alias": "customer", "Startup Cost": 1030.37, "Total Cost": 6832.48, "Plan Rows": 60000, "Plan Width": 12, "Actual Startup Time": 104.287, "Actual Total Time": 531.222, "Actual Rows": 299838, "Actual Loops": 5, "Recheck Cond": "(c_nationkey = nation.n_nationkey)", "Rows Removed by Index Recheck": 0, "Exact Heap Blocks": 150033, "Lossy Heap Blocks": 150033, "Plans": [{"Node Type": "Bitmap Index Scan", "Parent Relationship": "Outer", "Index Name": "idx_customer_nationkey", "Startup Cost": 0.0, "Total Cost": 1015.37, "Plan Rows": 60000, "Plan Width": 0, "Actual Startup Time": 69.753, "Actual Total Time": 69.753, "Actual Rows": 299838, "Actual Loops": 5, "Index Cond": "(c_nationkey = nation.n_nationkey)"}]}]}]}, {"Node Type": "Sort", "Parent Relationship": "Inner", "Startup Cost": 609978.84, "Total Cost": 615683.24, "Plan Rows": 2281758, "Plan Width": 16, "Actual Startup Time": 3687.263, "Actual Total Time": 4454.537, "Actual Rows": 2275914, "Actual Loops": 1, "Sort Key": ["orders.o_custkey"], "Sort Method": "quicksort", "Sort Space Used": 311672, "Sort Space Type": "Memory", "Plans": [{"Node Type": "Bitmap Heap Scan", "Parent Relationship": "Outer", "Relation Name": "orders", "Alias": "orders", "Startup Cost": 58360.27, "Total Cost": 369005.64, "Plan Rows": 2281758, "Plan Width": 16, "Actual Startup Time": 823.686, "Actual Total Time": 2729.061, "Actual Rows": 2275919, "Actual Loops": 1, "Recheck Cond": "((o_orderdate >= '1994-01-01 00:00:00'::timestamp(0) without time zone) AND (o_orderdate < '1995-01-01 00:00:00'::timestamp without time zone)), (LLVM Optimized, Jit Execute)", "Rows Removed by Index Recheck": 0, "Exact Heap Blocks": 276381, "Lossy Heap Blocks": 276381, "Plans": [{"Node Type": "Bitmap Index Scan", "Parent Relationship": "Outer", "Index Name": "idx_orders_orderdate", "Startup Cost": 0.0, "Total Cost": 57789.83, "Plan Rows": 2281758, "Plan Width": 0, "Actual Startup Time": 724.998, "Actual Total Time": 724.998, "Actual Rows": 2275919, "Actual Loops": 1, "Index Cond": "((o_orderdate >= '1994-01-01 00:00:00'::timestamp(0) without time zone) AND (o_orderdate < '1995-01-01 00:00:00'::timestamp without time zone))"}]}]}]}, {"Node Type": "Bitmap Heap Scan", "Parent Relationship": "Inner", "Relation Name": "lineitem", "Alias": "lineitem", "Startup Cost": 0.73, "Total Cost": 4.84, "Plan Rows": 9, "Plan Width": 32, "Actual Startup Time": 5191.529, "Actual Total Time": 5510.001, "Actual Rows": 1815222, "Actual Loops": 454183, "Recheck Cond": "(l_orderkey = orders.o_orderkey)", "Rows Removed by Index Recheck": 0, "Exact Heap Blocks": 486530, "Lossy Heap Blocks": 486530, "Plans": [{"Node Type": "Bitmap Index Scan", "Parent Relationship": "Outer", "Index Name": "idx_lineitem_orderkey", "Startup Cost": 0.0, "Total Cost": 0.72, "Plan Rows": 9, "Plan Width": 0, "Actual Startup Time": 3252.028, "Actual Total Time": 3252.028, "Actual Rows": 1815222, "Actual Loops": 454183, "Index Cond": "(l_orderkey = orders.o_orderkey)"}]}]}]}, {"Node Type": "Sort", "Parent Relationship": "Inner", "Startup Cost": 11587.82, "Total Cost": 11837.82, "Plan Rows": 100000, "Plan Width": 12, "Actual Startup Time": 71.982, "Actual Total Time": 84.12, "Actual Rows": 100000, "Actual Loops": 1, "Sort Key": ["supplier.s_suppkey", "supplier.s_nationkey"], "Sort Method": "quicksort", "Sort Space Used": 12448, "Sort Space Type": "Memory", "Plans": [{"Node Type": "Seq Scan", "Parent Relationship": "Outer", "Relation Name": "supplier", "Alias": "supplier", "Startup Cost": 0.0, "Total Cost": 3283.0, "Plan Rows": 100000, "Plan Width": 12, "Actual Startup Time": 0.046, "Actual Total Time": 33.81, "Actual Rows": 100000, "Actual Loops": 1}]}]}]}]}, "Triggers": [], "Planner Runtime": 7.368, "Total Runtime": 14479.572, "Unique SQL Id": 1392561963}}, "(16, 19)": {"explain_plan": {"Plan": {"Node Type": "Sort", "Startup Cost": 46003135.57, "Total Cost": 46003135.63, "Plan Rows": 25, "Plan Width": 50, "Sort Key": ["(sum((lineitem.l_extendedprice * (1::double precision - lineitem.l_discount)))) DESC"], "Plans": [{"Node Type": "Aggregate", "Strategy": "Hashed", "Parent Relationship": "Outer", "Startup Cost": 46003134.74, "Total Cost": 46003134.99, "Plan Rows": 25, "Plan Width": 50, "Group By Key": ["nation.n_name"], "Plans": [{"Node Type": "Nested Loop", "Parent Relationship": "Outer", "Join Type": "Inner", "Startup Cost": 58362.35, "Total Cost": 46003040.84, "Plan Rows": 9390, "Plan Width": 42, "Inner Unique": true, "Join Filter": "(customer.c_nationkey = supplier.s_nationkey)", "Plans": [{"Node Type": "Nested Loop", "Parent Relationship": "Outer", "Join Type": "Inner", "Startup Cost": 58362.1, "Total Cost": 30204103.6, "Plan Rows": 3688948, "Plan Width": 58, "Inner Unique": false, "Plans": [{"Node Type": "Nested Loop", "Parent Relationship": "Outer", "Join Type": "Inner", "Startup Cost": 58361.37, "Total Cost": 28202035.27, "Plan Rows": 406290, "Plan Width": 42, "Inner Unique": true, "Plans": [{"Node Type": "Nested Loop", "Parent Relationship": "Outer", "Join Type": "Inner", "Startup Cost": 58360.79, "Total Cost": 18851769.58, "Plan Rows": 2031452, "Plan Width": 46, "Inner Unique": true, "Plans": [{"Node Type": "Nested Loop", "Parent Relationship": "Outer", "Join Type": "Inner", "Startup Cost": 58360.54, "Total Cost": 10156636.32, "Plan Rows": 2031452, "Plan Width": 12, "Inner Unique": true, "Plans": [{"Node Type": "Bitmap Heap Scan", "Parent Relationship": "Outer", "Relation Name": "orders", "Alias": "orders", "Startup Cost": 58360.27, "Total Cost": 369005.64, "Plan Rows": 2281758, "Plan Width": 16, "Recheck Cond": "((o_orderdate >= '1994-01-01 00:00:00'::timestamp(0) without time zone) AND (o_orderdate < '1995-01-01 00:00:00'::timestamp without time zone)), (LLVM Optimized)", "Plans": [{"Node Type": "Bitmap Index Scan", "Parent Relationship": "Outer", "Index Name": "idx_orders_orderdate", "Startup Cost": 0.0, "Total Cost": 57789.83, "Plan Rows": 2281758, "Plan Width": 0, "Index Cond": "((o_orderdate >= '1994-01-01 00:00:00'::timestamp(0) without time zone) AND (o_orderdate < '1995-01-01 00:00:00'::timestamp without time zone))"}]}, {"Node Type": "Bitmap Heap Scan", "Parent Relationship": "Inner", "Relation Name": "customer", "Alias": "customer", "Startup Cost": 0.27, "Total Cost": 4.28, "Plan Rows": 1, "Plan Width": 12, "Recheck Cond": "(c_custkey = orders.o_custkey)", "Plans": [{"Node Type": "Bitmap Index Scan", "Parent Relationship": "Outer", "Index Name": "customer_pkey", "Startup Cost": 0.0, "Total Cost": 0.27, "Plan Rows": 1, "Plan Width": 0, "Index Cond": "(c_custkey = orders.o_custkey)"}]}]}, {"Node Type": "Bitmap Heap Scan", "Parent Relationship": "Inner", "Relation Name": "nation", "Alias": "nation", "Startup Cost": 0.26, "Total Cost": 4.27, "Plan Rows": 1, "Plan Width": 34, "Recheck Cond": "(n_nationkey = customer.c_nationkey)", "Plans": [{"Node Type": "Bitmap Index Scan", "Parent Relationship": "Outer", "Index Name": "nation_pkey", "Startup Cost": 0.0, "Total Cost": 0.26, "Plan Rows": 1, "Plan Width": 0, "Index Cond": "(n_nationkey = customer.c_nationkey)"}]}]}, {"Node Type": "Bitmap Heap Scan", "Parent Relationship": "Inner", "Relation Name": "region", "Alias": "region", "Startup Cost": 0.58, "Total Cost": 4.59, "Plan Rows": 1, "Plan Width": 4, "Recheck Cond": "(r_regionkey = nation.n_regionkey)", "Filter": "(r_name = 'MIDDLE EAST'::bpchar)", "Plans": [{"Node Type": "Bitmap Index Scan", "Parent Relationship": "Outer", "Index Name": "region_pkey", "Startup Cost": 0.0, "Total Cost": 0.58, "Plan Rows": 1, "Plan Width": 0, "Index Cond": "(r_regionkey = nation.n_regionkey)"}]}]}, {"Node Type": "Bitmap Heap Scan", "Parent Relationship": "Inner", "Relation Name": "lineitem", "Alias": "lineitem", "Startup Cost": 0.73, "Total Cost": 4.84, "Plan Rows": 9, "Plan Width": 32, "Recheck Cond": "(l_orderkey = orders.o_orderkey)", "Plans": [{"Node Type": "Bitmap Index Scan", "Parent Relationship": "Outer", "Index Name": "idx_lineitem_orderkey", "Startup Cost": 0.0, "Total Cost": 0.72, "Plan Rows": 9, "Plan Width": 0, "Index Cond": "(l_orderkey = orders.o_orderkey)"}]}]}, {"Node Type": "Bitmap Heap Scan", "Parent Relationship": "Inner", "Relation Name": "supplier", "Alias": "supplier", "Startup Cost": 0.26, "Total Cost": 4.27, "Plan Rows": 1, "Plan Width": 12, "Recheck Cond": "(s_suppkey = lineitem.l_suppkey)", "Plans": [{"Node Type": "Bitmap Index Scan", "Parent Relationship": "Outer", "Index Name": "supplier_pkey", "Startup Cost": 0.0, "Total Cost": 0.26, "Plan Rows": 1, "Plan Width": 0, "Index Cond": "(s_suppkey = lineitem.l_suppkey)"}]}]}]}]}, "Unique SQL Id": 1392561963}, "explain_analyze_plan": null}, "(16, 20)": {"explain_plan": {"Plan": {"Node Type": "Sort", "Startup Cost": 2117504.41, "Total Cost": 2117504.48, "Plan Rows": 25, "Plan Width": 50, "Sort Key": ["(sum((lineitem.l_extendedprice * (1::double precision - lineitem.l_discount)))) DESC"], "Plans": [{"Node Type": "Aggregate", "Strategy": "Hashed", "Parent Relationship": "Outer", "Startup Cost": 2117503.58, "Total Cost": 2117503.83, "Plan Rows": 25, "Plan Width": 50, "Group By Key": ["nation.n_name"], "Plans": [{"Node Type": "Merge Join", "Parent Relationship": "Outer", "Join Type": "Inner", "Startup Cost": 2090449.42, "Total Cost": 2117409.68, "Plan Rows": 9390, "Plan Width": 42, "Inner Unique": false, "Merge Cond": "(supplier.s_suppkey = lineitem.l_suppkey)", "Join Filter": "(customer.c_nationkey = supplier.s_nationkey)", "Plans": [{"Node Type": "Index Scan", "Parent Relationship": "Outer", "Scan Direction": "Forward", "Index Name": "supplier_pkey", "Relation Name": "supplier", "Alias": "supplier", "Startup Cost": 0.0, "Total Cost": 5334.54, "Plan Rows": 100000, "Plan Width": 12}, {"Node Type": "Sort", "Parent Relationship": "Inner", "Startup Cost": 2090447.59, "Total Cost": 2099669.96, "Plan Rows": 3688948, "Plan Width": 58, "Sort Key": ["lineitem.l_suppkey"], "Plans": [{"Node Type": "Nested Loop", "Parent Relationship": "Outer", "Join Type": "Inner", "Startup Cost": 1030.37, "Total Cost": 1688079.68, "Plan Rows": 3688948, "Plan Width": 58, "Inner Unique": false, "Plans": [{"Node Type": "Nested Loop", "Parent Relationship": "Outer", "Join Type": "Inner", "Startup Cost": 1030.37, "Total Cost": 412285.27, "Plan Rows": 406290, "Plan Width": 42, "Inner Unique": false, "Plans": [{"Node Type": "Nested Loop", "Parent Relationship": "Outer", "Join Type": "Inner", "Startup Cost": 1030.37, "Total Cost": 37176.47, "Plan Rows": 300000, "Plan Width": 42, "Inner Unique": false, "Plans": [{"Node Type": "Nested Loop", "Parent Relationship": "Outer", "Join Type": "Inner", "Startup Cost": 0.0, "Total Cost": 14.06, "Plan Rows": 5, "Plan Width": 30, "Inner Unique": true, "Join Filter": "(nation.n_regionkey = region.r_regionkey)", "Plans": [{"Node Type": "Index Scan", "Parent Relationship": "Outer", "Scan Direction": "Forward", "Index Name": "nation_pkey", "Relation Name": "nation", "Alias": "nation", "Startup Cost": 0.0, "Total Cost": 12.62, "Plan Rows": 25, "Plan Width": 34}, {"Node Type": "Materialize", "Parent Relationship": "Inner", "Startup Cost": 0.0, "Total Cost": 1.07, "Plan Rows": 1, "Plan Width": 4, "Plans": [{"Node Type": "Seq Scan", "Parent Relationship": "Outer", "Relation Name": "region", "Alias": "region", "Startup Cost": 0.0, "Total Cost": 1.06, "Plan Rows": 1, "Plan Width": 4, "Filter": "(r_name = 'MIDDLE EAST'::bpchar)"}]}]}, {"Node Type": "Bitmap Heap Scan", "Parent Relationship": "Inner", "Relation Name": "customer", "Alias": "customer", "Startup Cost": 1030.37, "Total Cost": 6832.48, "Plan Rows": 60000, "Plan Width": 12, "Recheck Cond": "(c_nationkey = nation.n_nationkey)", "Plans": [{"Node Type": "Bitmap Index Scan", "Parent Relationship": "Outer", "Index Name": "idx_customer_nationkey", "Startup Cost": 0.0, "Total Cost": 1015.37, "Plan Rows": 60000, "Plan Width": 0, "Index Cond": "(c_nationkey = nation.n_nationkey)"}]}]}, {"Node Type": "Index Scan", "Parent Relationship": "Inner", "Scan Direction": "Forward", "Index Name": "idx_orders_custkey", "Relation Name": "orders", "Alias": "orders", "Startup Cost": 0.0, "Total Cost": 1.24, "Plan Rows": 1, "Plan Width": 16, "Index Cond": "(o_custkey = customer.c_custkey)", "Filter": "((o_orderdate >= '1994-01-01 00:00:00'::timestamp(0) without time zone) AND (o_orderdate < '1995-01-01 00:00:00'::timestamp without time zone))"}]}, {"Node Type": "Index Scan", "Parent Relationship": "Inner", "Scan Direction": "Forward", "Index Name": "idx_lineitem_orderkey", "Relation Name": "lineitem", "Alias": "lineitem", "Startup Cost": 0.0, "Total Cost": 3.05, "Plan Rows": 9, "Plan Width": 32, "Index Cond": "(l_orderkey = orders.o_orderkey)"}]}]}]}]}]}, "Unique SQL Id": 1392561963}, "explain_analyze_plan": {"Plan": {"Node Type": "Sort", "Startup Cost": 2117504.41, "Total Cost": 2117504.48, "Plan Rows": 25, "Plan Width": 50, "Actual Startup Time": 17373.812, "Actual Total Time": 17373.812, "Actual Rows": 5, "Actual Loops": 1, "Sort Key": ["(sum((lineitem.l_extendedprice * (1::double precision - lineitem.l_discount)))) DESC"], "Sort Method": "quicksort", "Sort Space Used": 25, "Sort Space Type": "Memory", "Plans": [{"Node Type": "Aggregate", "Strategy": "Hashed", "Parent Relationship": "Outer", "Startup Cost": 2117503.58, "Total Cost": 2117503.83, "Plan Rows": 25, "Plan Width": 50, "Actual Startup Time": 17373.782, "Actual Total Time": 17373.783, "Actual Rows": 5, "Actual Loops": 1, "Group By Key": ["nation.n_name"], "Plans": [{"Node Type": "Merge Join", "Parent Relationship": "Outer", "Join Type": "Inner", "Startup Cost": 2090449.42, "Total Cost": 2117409.68, "Plan Rows": 9390, "Plan Width": 42, "Actual Startup Time": 16299.888, "Actual Total Time": 17324.646, "Actual Rows": 72985, "Actual Loops": 1, "Inner Unique": false, "Merge Cond": "(supplier.s_suppkey = lineitem.l_suppkey)", "Join Filter": "(customer.c_nationkey = supplier.s_nationkey)", "Rows Removed by Join Filter": 0, "Plans": [{"Node Type": "Index Scan", "Parent Relationship": "Outer", "Scan Direction": "Forward", "Index Name": "supplier_pkey", "Relation Name": "supplier", "Alias": "supplier", "Startup Cost": 0.0, "Total Cost": 5334.54, "Plan Rows": 100000, "Plan Width": 12, "Actual Startup Time": 0.029, "Actual Total Time": 65.508, "Actual Rows": 100000, "Actual Loops": 1}, {"Node Type": "Sort", "Parent Relationship": "Inner", "Startup Cost": 2090447.59, "Total Cost": 2099669.96, "Plan Rows": 3688948, "Plan Width": 58, "Actual Startup Time": 16299.079, "Actual Total Time": 16723.062, "Actual Rows": 1815222, "Actual Loops": 1, "Sort Key": ["lineitem.l_suppkey"], "Sort Method": "quicksort", "Sort Space Used": 332781, "Sort Space Type": "Memory", "Plans": [{"Node Type": "Nested Loop", "Parent Relationship": "Outer", "Join Type": "Inner", "Startup Cost": 1030.37, "Total Cost": 1688079.68, "Plan Rows": 3688948, "Plan Width": 58, "Actual Startup Time": 18.03, "Actual Total Time": 15434.251, "Actual Rows": 1815222, "Actual Loops": 1, "Inner Unique": false, "Plans": [{"Node Type": "Nested Loop", "Parent Relationship": "Outer", "Join Type": "Inner", "Startup Cost": 1030.37, "Total Cost": 412285.27, "Plan Rows": 406290, "Plan Width": 42, "Actual Startup Time": 18.009, "Actual Total Time": 9458.463, "Actual Rows": 454183, "Actual Loops": 1, "Inner Unique": false, "Plans": [{"Node Type": "Nested Loop", "Parent Relationship": "Outer", "Join Type": "Inner", "Startup Cost": 1030.37, "Total Cost": 37176.47, "Plan Rows": 300000, "Plan Width": 42, "Actual Startup Time": 17.932, "Actual Total Time": 671.38, "Actual Rows": 299838, "Actual Loops": 1, "Inner Unique": false, "Plans": [{"Node Type": "Nested Loop", "Parent Relationship": "Outer", "Join Type": "Inner", "Startup Cost": 0.0, "Total Cost": 14.06, "Plan Rows": 5, "Plan Width": 30, "Actual Startup Time": 0.039, "Actual Total Time": 0.13, "Actual Rows": 5, "Actual Loops": 1, "Inner Unique": true, "Join Filter": "(nation.n_regionkey = region.r_regionkey)", "Rows Removed by Join Filter": 20, "Plans": [{"Node Type": "Index Scan", "Parent Relationship": "Outer", "Scan Direction": "Forward", "Index Name": "nation_pkey", "Relation Name": "nation", "Alias": "nation", "Startup Cost": 0.0, "Total Cost": 12.62, "Plan Rows": 25, "Plan Width": 34, "Actual Startup Time": 0.004, "Actual Total Time": 0.043, "Actual Rows": 25, "Actual Loops": 1}, {"Node Type": "Materialize", "Parent Relationship": "Inner", "Startup Cost": 0.0, "Total Cost": 1.07, "Plan Rows": 1, "Plan Width": 4, "Actual Startup Time": 0.033, "Actual Total Time": 0.036, "Actual Rows": 25, "Actual Loops": 25, "Plans": [{"Node Type": "Seq Scan", "Parent Relationship": "Outer", "Relation Name": "region", "Alias": "region", "Startup Cost": 0.0, "Total Cost": 1.06, "Plan Rows": 1, "Plan Width": 4, "Actual Startup Time": 0.017, "Actual Total Time": 0.019, "Actual Rows": 1, "Actual Loops": 1, "Filter": "(r_name = 'MIDDLE EAST'::bpchar)", "Rows Removed by Filter": 4}]}]}, {"Node Type": "Bitmap Heap Scan", "Parent Relationship": "Inner", "Relation Name": "customer", "Alias": "customer", "Startup Cost": 1030.37, "Total Cost": 6832.48, "Plan Rows": 60000, "Plan Width": 12, "Actual Startup Time": 89.388, "Actual Total Time": 593.961, "Actual Rows": 299838, "Actual Loops": 5, "Recheck Cond": "(c_nationkey = nation.n_nationkey)", "Rows Removed by Index Recheck": 0, "Exact Heap Blocks": 150033, "Lossy Heap Blocks": 150033, "Plans": [{"Node Type": "Bitmap Index Scan", "Parent Relationship": "Outer", "Index Name": "idx_customer_nationkey", "Startup Cost": 0.0, "Total Cost": 1015.37, "Plan Rows": 60000, "Plan Width": 0, "Actual Startup Time": 56.146, "Actual Total Time": 56.146, "Actual Rows": 299838, "Actual Loops": 5, "Index Cond": "(c_nationkey = nation.n_nationkey)"}]}]}, {"Node Type": "Index Scan", "Parent Relationship": "Inner", "Scan Direction": "Forward", "Index Name": "idx_orders_custkey", "Relation Name": "orders", "Alias": "orders", "Startup Cost": 0.0, "Total Cost": 1.24, "Plan Rows": 1, "Plan Width": 16, "Actual Startup Time": 4073.382, "Actual Total Time": 8513.079, "Actual Rows": 454183, "Actual Loops": 299838, "Index Cond": "(o_custkey = customer.c_custkey)", "Rows Removed by Index Recheck": 0, "Filter": "((o_orderdate >= '1994-01-01 00:00:00'::timestamp(0) without time zone) AND (o_orderdate < '1995-01-01 00:00:00'::timestamp without time zone))", "Rows Removed by Filter": 2542535}]}, {"Node Type": "Index Scan", "Parent Relationship": "Inner", "Scan Direction": "Forward", "Index Name": "idx_lineitem_orderkey", "Relation Name": "lineitem", "Alias": "lineitem", "Startup Cost": 0.0, "Total Cost": 3.05, "Plan Rows": 9, "Plan Width": 32, "Actual Startup Time": 4325.891, "Actual Total Time": 5327.301, "Actual Rows": 1815222, "Actual Loops": 454183, "Index Cond": "(l_orderkey = orders.o_orderkey)", "Rows Removed by Index Recheck": 0}]}]}]}]}]}, "Triggers": [], "Planner Runtime": 8.068, "Total Runtime": 17374.216, "Unique SQL Id": 1392561963}}, "(16, 21)": {"explain_plan": {"Plan": {"Node Type": "Sort", "Startup Cost": 2117924.29, "Total Cost": 2117924.35, "Plan Rows": 25, "Plan Width": 50, "Sort Key": ["(sum((lineitem.l_extendedprice * (1::double precision - lineitem.l_discount)))) DESC"], "Plans": [{"Node Type": "Aggregate", "Strategy": "Hashed", "Parent Relationship": "Outer", "Startup Cost": 2117923.46, "Total Cost": 2117923.71, "Plan Rows": 25, "Plan Width": 50, "Group By Key": ["nation.n_name"], "Plans": [{"Node Type": "Merge Join", "Parent Relationship": "Outer", "Join Type": "Inner", "Startup Cost": 2090460.7, "Total Cost": 2117829.56, "Plan Rows": 9390, "Plan Width": 42, "Inner Unique": false, "Merge Cond": "(supplier.s_suppkey = lineitem.l_suppkey)", "Join Filter": "(customer.c_nationkey = supplier.s_nationkey)", "Plans": [{"Node Type": "Index Scan", "Parent Relationship": "Outer", "Scan Direction": "Forward", "Index Name": "supplier_pkey", "Relation Name": "supplier", "Alias": "supplier", "Startup Cost": 0.0, "Total Cost": 5334.54, "Plan Rows": 100000, "Plan Width": 12}, {"Node Type": "Sort", "Parent Relationship": "Inner", "Startup Cost": 2090458.87, "Total Cost": 2099681.24, "Plan Rows": 3688948, "Plan Width": 58, "Sort Key": ["lineitem.l_suppkey"], "Plans": [{"Node Type": "Nested Loop", "Parent Relationship": "Outer", "Join Type": "Inner", "Startup Cost": 1030.37, "Total Cost": 1688090.96, "Plan Rows": 3688948, "Plan Width": 58, "Inner Unique": false, "Plans": [{"Node Type": "Nested Loop", "Parent Relationship": "Outer", "Join Type": "Inner", "Startup Cost": 1030.37, "Total Cost": 412296.55, "Plan Rows": 406290, "Plan Width": 42, "Inner Unique": false, "Plans": [{"Node Type": "Nested Loop", "Parent Relationship": "Outer", "Join Type": "Inner", "Startup Cost": 1030.37, "Total Cost": 37187.75, "Plan Rows": 300000, "Plan Width": 42, "Inner Unique": false, "Plans": [{"Node Type": "Nested Loop", "Parent Relationship": "Outer", "Join Type": "Inner", "Startup Cost": 0.0, "Total Cost": 25.34, "Plan Rows": 5, "Plan Width": 30, "Inner Unique": true, "Join Filter": "(nation.n_regionkey = region.r_regionkey)", "Plans": [{"Node Type": "Index Scan", "Parent Relationship": "Outer", "Scan Direction": "Forward", "Index Name": "nation_pkey", "Relation Name": "nation", "Alias": "nation", "Startup Cost": 0.0, "Total Cost": 12.62, "Plan Rows": 25, "Plan Width": 34}, {"Node Type": "Materialize", "Parent Relationship": "Inner", "Startup Cost": 0.0, "Total Cost": 12.34, "Plan Rows": 1, "Plan Width": 4, "Plans": [{"Node Type": "Index Scan", "Parent Relationship": "Outer", "Scan Direction": "Forward", "Index Name": "region_pkey", "Relation Name": "region", "Alias": "region", "Startup Cost": 0.0, "Total Cost": 12.34, "Plan Rows": 1, "Plan Width": 4, "Filter": "(r_name = 'MIDDLE EAST'::bpchar)"}]}]}, {"Node Type": "Bitmap Heap Scan", "Parent Relationship": "Inner", "Relation Name": "customer", "Alias": "customer", "Startup Cost": 1030.37, "Total Cost": 6832.48, "Plan Rows": 60000, "Plan Width": 12, "Recheck Cond": "(c_nationkey = nation.n_nationkey)", "Plans": [{"Node Type": "Bitmap Index Scan", "Parent Relationship": "Outer", "Index Name": "idx_customer_nationkey", "Startup Cost": 0.0, "Total Cost": 1015.37, "Plan Rows": 60000, "Plan Width": 0, "Index Cond": "(c_nationkey = nation.n_nationkey)"}]}]}, {"Node Type": "Index Scan", "Parent Relationship": "Inner", "Scan Direction": "Forward", "Index Name": "idx_orders_custkey", "Relation Name": "orders", "Alias": "orders", "Startup Cost": 0.0, "Total Cost": 1.24, "Plan Rows": 1, "Plan Width": 16, "Index Cond": "(o_custkey = customer.c_custkey)", "Filter": "((o_orderdate >= '1994-01-01 00:00:00'::timestamp(0) without time zone) AND (o_orderdate < '1995-01-01 00:00:00'::timestamp without time zone))"}]}, {"Node Type": "Index Scan", "Parent Relationship": "Inner", "Scan Direction": "Forward", "Index Name": "idx_lineitem_orderkey", "Relation Name": "lineitem", "Alias": "lineitem", "Startup Cost": 0.0, "Total Cost": 3.05, "Plan Rows": 9, "Plan Width": 32, "Index Cond": "(l_orderkey = orders.o_orderkey)"}]}]}]}]}]}, "Unique SQL Id": 1392561963}, "explain_analyze_plan": {"Plan": {"Node Type": "Sort", "Startup Cost": 2117924.29, "Total Cost": 2117924.35, "Plan Rows": 25, "Plan Width": 50, "Actual Startup Time": 17929.806, "Actual Total Time": 17929.806, "Actual Rows": 5, "Actual Loops": 1, "Sort Key": ["(sum((lineitem.l_extendedprice * (1::double precision - lineitem.l_discount)))) DESC"], "Sort Method": "quicksort", "Sort Space Used": 25, "Sort Space Type": "Memory", "Plans": [{"Node Type": "Aggregate", "Strategy": "Hashed", "Parent Relationship": "Outer", "Startup Cost": 2117923.46, "Total Cost": 2117923.71, "Plan Rows": 25, "Plan Width": 50, "Actual Startup Time": 17929.782, "Actual Total Time": 17929.784, "Actual Rows": 5, "Actual Loops": 1, "Group By Key": ["nation.n_name"], "Plans": [{"Node Type": "Merge Join", "Parent Relationship": "Outer", "Join Type": "Inner", "Startup Cost": 2090460.7, "Total Cost": 2117829.56, "Plan Rows": 9390, "Plan Width": 42, "Actual Startup Time": 16699.858, "Actual Total Time": 17880.323, "Actual Rows": 72985, "Actual Loops": 1, "Inner Unique": false, "Merge Cond": "(supplier.s_suppkey = lineitem.l_suppkey)", "Join Filter": "(customer.c_nationkey = supplier.s_nationkey)", "Rows Removed by Join Filter": 0, "Plans": [{"Node Type": "Index Scan", "Parent Relationship": "Outer", "Scan Direction": "Forward", "Index Name": "supplier_pkey", "Relation Name": "supplier", "Alias": "supplier", "Startup Cost": 0.0, "Total Cost": 5334.54, "Plan Rows": 100000, "Plan Width": 12, "Actual Startup Time": 0.026, "Actual Total Time": 75.551, "Actual Rows": 100000, "Actual Loops": 1}, {"Node Type": "Sort", "Parent Relationship": "Inner", "Startup Cost": 2090458.87, "Total Cost": 2099681.24, "Plan Rows": 3688948, "Plan Width": 58, "Actual Startup Time": 16699.636, "Actual Total Time": 17266.551, "Actual Rows": 1815222, "Actual Loops": 1, "Sort Key": ["lineitem.l_suppkey"], "Sort Method": "quicksort", "Sort Space Used": 332781, "Sort Space Type": "Memory", "Plans": [{"Node Type": "Nested Loop", "Parent Relationship": "Outer", "Join Type": "Inner", "Startup Cost": 1030.37, "Total Cost": 1688090.96, "Plan Rows": 3688948, "Plan Width": 58, "Actual Startup Time": 17.96, "Actual Total Time": 15833.841, "Actual Rows": 1815222, "Actual Loops": 1, "Inner Unique": false, "Plans": [{"Node Type": "Nested Loop", "Parent Relationship": "Outer", "Join Type": "Inner", "Startup Cost": 1030.37, "Total Cost": 412296.55, "Plan Rows": 406290, "Plan Width": 42, "Actual Startup Time": 17.939, "Actual Total Time": 9862.535, "Actual Rows": 454183, "Actual Loops": 1, "Inner Unique": false, "Plans": [{"Node Type": "Nested Loop", "Parent Relationship": "Outer", "Join Type": "Inner", "Startup Cost": 1030.37, "Total Cost": 37187.75, "Plan Rows": 300000, "Plan Width": 42, "Actual Startup Time": 17.866, "Actual Total Time": 676.595, "Actual Rows": 299838, "Actual Loops": 1, "Inner Unique": false, "Plans": [{"Node Type": "Nested Loop", "Parent Relationship": "Outer", "Join Type": "Inner", "Startup Cost": 0.0, "Total Cost": 25.34, "Plan Rows": 5, "Plan Width": 30, "Actual Startup Time": 0.031, "Actual Total Time": 0.12, "Actual Rows": 5, "Actual Loops": 1, "Inner Unique": true, "Join Filter": "(nation.n_regionkey = region.r_regionkey)", "Rows Removed by Join Filter": 20, "Plans": [{"Node Type": "Index Scan", "Parent Relationship": "Outer", "Scan Direction": "Forward", "Index Name": "nation_pkey", "Relation Name": "nation", "Alias": "nation", "Startup Cost": 0.0, "Total Cost": 12.62, "Plan Rows": 25, "Plan Width": 34, "Actual Startup Time": 0.004, "Actual Total Time": 0.038, "Actual Rows": 25, "Actual Loops": 1}, {"Node Type": "Materialize", "Parent Relationship": "Inner", "Startup Cost": 0.0, "Total Cost": 12.34, "Plan Rows": 1, "Plan Width": 4, "Actual Startup Time": 0.024, "Actual Total Time": 0.029, "Actual Rows": 25, "Actual Loops": 25, "Plans": [{"Node Type": "Index Scan", "Parent Relationship": "Outer", "Scan Direction": "Forward", "Index Name": "region_pkey", "Relation Name": "region", "Alias": "region", "Startup Cost": 0.0, "Total Cost": 12.34, "Plan Rows": 1, "Plan Width": 4, "Actual Startup Time": 0.011, "Actual Total Time": 0.012, "Actual Rows": 1, "Actual Loops": 1, "Filter": "(r_name = 'MIDDLE EAST'::bpchar)", "Rows Removed by Filter": 4}]}]}, {"Node Type": "Bitmap Heap Scan", "Parent Relationship": "Inner", "Relation Name": "customer", "Alias": "customer", "Startup Cost": 1030.37, "Total Cost": 6832.48, "Plan Rows": 60000, "Plan Width": 12, "Actual Startup Time": 92.276, "Actual Total Time": 597.962, "Actual Rows": 299838, "Actual Loops": 5, "Recheck Cond": "(c_nationkey = nation.n_nationkey)", "Rows Removed by Index Recheck": 0, "Exact Heap Blocks": 150033, "Lossy Heap Blocks": 150033, "Plans": [{"Node Type": "Bitmap Index Scan", "Parent Relationship": "Outer", "Index Name": "idx_customer_nationkey", "Startup Cost": 0.0, "Total Cost": 1015.37, "Plan Rows": 60000, "Plan Width": 0, "Actual Startup Time": 58.925, "Actual Total Time": 58.925, "Actual Rows": 299838, "Actual Loops": 5, "Index Cond": "(c_nationkey = nation.n_nationkey)"}]}]}, {"Node Type": "Index Scan", "Parent Relationship": "Inner", "Scan Direction": "Forward", "Index Name": "idx_orders_custkey", "Relation Name": "orders", "Alias": "orders", "Startup Cost": 0.0, "Total Cost": 1.24, "Plan Rows": 1, "Plan Width": 16, "Actual Startup Time": 4195.876, "Actual Total Time": 8909.369, "Actual Rows": 454183, "Actual Loops": 299838, "Index Cond": "(o_custkey = customer.c_custkey)", "Rows Removed by Index Recheck": 0, "Filter": "((o_orderdate >= '1994-01-01 00:00:00'::timestamp(0) without time zone) AND (o_orderdate < '1995-01-01 00:00:00'::timestamp without time zone))", "Rows Removed by Filter": 2542535}]}, {"Node Type": "Index Scan", "Parent Relationship": "Inner", "Scan Direction": "Forward", "Index Name": "idx_lineitem_orderkey", "Relation Name": "lineitem", "Alias": "lineitem", "Startup Cost": 0.0, "Total Cost": 3.05, "Plan Rows": 9, "Plan Width": 32, "Actual Startup Time": 4336.7, "Actual Total Time": 5312.48, "Actual Rows": 1815222, "Actual Loops": 454183, "Index Cond": "(l_orderkey = orders.o_orderkey)", "Rows Removed by Index Recheck": 0}]}]}]}]}]}, "Triggers": [], "Planner Runtime": 7.894, "Total Runtime": 17930.306, "Unique SQL Id": 1392561963}}, "(16, 22)": {"explain_plan": {"Plan": {"Node Type": "Sort", "Startup Cost": 3136047.23, "Total Cost": 3136047.29, "Plan Rows": 25, "Plan Width": 50, "Sort Key": ["(sum((lineitem.l_extendedprice * (1::double precision - lineitem.l_discount)))) DESC"], "Plans": [{"Node Type": "Aggregate", "Strategy": "Hashed", "Parent Relationship": "Outer", "Startup Cost": 3136046.4, "Total Cost": 3136046.65, "Plan Rows": 25, "Plan Width": 50, "Group By Key": ["nation.n_name"], "Plans": [{"Node Type": "Merge Join", "Parent Relationship": "Outer", "Join Type": "Inner", "Startup Cost": 3107433.9, "Total Cost": 3135952.5, "Plan Rows": 9390, "Plan Width": 42, "Inner Unique": true, "Merge Cond": "((lineitem.l_suppkey = supplier.s_suppkey) AND (customer.c_nationkey = supplier.s_nationkey))", "Plans": [{"Node Type": "Sort", "Parent Relationship": "Outer", "Startup Cost": 3095843.33, "Total Cost": 3105065.7, "Plan Rows": 3688948, "Plan Width": 58, "Sort Key": ["lineitem.l_suppkey", "customer.c_nationkey"], "Plans": [{"Node Type": "Nested Loop", "Parent Relationship": "Outer", "Join Type": "Inner", "Startup Cost": 674436.55, "Total Cost": 2693475.42, "Plan Rows": 3688948, "Plan Width": 58, "Inner Unique": false, "Plans": [{"Node Type": "Merge Join", "Parent Relationship": "Outer", "Join Type": "Inner", "Startup Cost": 674435.82, "Total Cost": 691407.1, "Plan Rows": 406290, "Plan Width": 42, "Inner Unique": false, "Merge Cond": "(customer.c_custkey = orders.o_custkey)", "Plans": [{"Node Type": "Sort", "Parent Relationship": "Outer", "Startup Cost": 64456.94, "Total Cost": 65206.94, "Plan Rows": 300000, "Plan Width": 42, "Sort Key": ["customer.c_custkey"], "Plans": [{"Node Type": "Nested Loop", "Parent Relationship": "Outer", "Join Type": "Inner", "Startup Cost": 1030.37, "Total Cost": 37165.03, "Plan Rows": 300000, "Plan Width": 42, "Inner Unique": false, "Plans": [{"Node Type": "Nested Loop", "Parent Relationship": "Outer", "Join Type": "Inner", "Startup Cost": 0.0, "Total Cost": 2.62, "Plan Rows": 5, "Plan Width": 30, "Inner Unique": false, "Join Filter": "(nation.n_regionkey = region.r_regionkey)", "Plans": [{"Node Type": "Seq Scan", "Parent Relationship": "Outer", "Relation Name": "region", "Alias": "region", "Startup Cost": 0.0, "Total Cost": 1.06, "Plan Rows": 1, "Plan Width": 4, "Filter": "(r_name = 'MIDDLE EAST'::bpchar)"}, {"Node Type": "Seq Scan", "Parent Relationship": "Inner", "Relation Name": "nation", "Alias": "nation", "Startup Cost": 0.0, "Total Cost": 1.25, "Plan Rows": 25, "Plan Width": 34}]}, {"Node Type": "Bitmap Heap Scan", "Parent Relationship": "Inner", "Relation Name": "customer", "Alias": "customer", "Startup Cost": 1030.37, "Total Cost": 6832.48, "Plan Rows": 60000, "Plan Width": 12, "Recheck Cond": "(c_nationkey = nation.n_nationkey)", "Plans": [{"Node Type": "Bitmap Index Scan", "Parent Relationship": "Outer", "Index Name": "idx_customer_nationkey", "Startup Cost": 0.0, "Total Cost": 1015.37, "Plan Rows": 60000, "Plan Width": 0, "Index Cond": "(c_nationkey = nation.n_nationkey)"}]}]}]}, {"Node Type": "Sort", "Parent Relationship": "Inner", "Startup Cost": 609978.84, "Total Cost": 615683.24, "Plan Rows": 2281758, "Plan Width": 16, "Sort Key": ["orders.o_custkey"], "Plans": [{"Node Type": "Bitmap Heap Scan", "Parent Relationship": "Outer", "Relation Name": "orders", "Alias": "orders", "Startup Cost": 58360.27, "Total Cost": 369005.64, "Plan Rows": 2281758, "Plan Width": 16, "Recheck Cond": "((o_orderdate >= '1994-01-01 00:00:00'::timestamp(0) without time zone) AND (o_orderdate < '1995-01-01 00:00:00'::timestamp without time zone)), (LLVM Optimized)", "Plans": [{"Node Type": "Bitmap Index Scan", "Parent Relationship": "Outer", "Index Name": "idx_orders_orderdate", "Startup Cost": 0.0, "Total Cost": 57789.83, "Plan Rows": 2281758, "Plan Width": 0, "Index Cond": "((o_orderdate >= '1994-01-01 00:00:00'::timestamp(0) without time zone) AND (o_orderdate < '1995-01-01 00:00:00'::timestamp without time zone))"}]}]}]}, {"Node Type": "Bitmap Heap Scan", "Parent Relationship": "Inner", "Relation Name": "lineitem", "Alias": "lineitem", "Startup Cost": 0.73, "Total Cost": 4.84, "Plan Rows": 9, "Plan Width": 32, "Recheck Cond": "(l_orderkey = orders.o_orderkey)", "Plans": [{"Node Type": "Bitmap Index Scan", "Parent Relationship": "Outer", "Index Name": "idx_lineitem_orderkey", "Startup Cost": 0.0, "Total Cost": 0.72, "Plan Rows": 9, "Plan Width": 0, "Index Cond": "(l_orderkey = orders.o_orderkey)"}]}]}]}, {"Node Type": "Sort", "Parent Relationship": "Inner", "Startup Cost": 11587.82, "Total Cost": 11837.82, "Plan Rows": 100000, "Plan Width": 12, "Sort Key": ["supplier.s_suppkey", "supplier.s_nationkey"], "Plans": [{"Node Type": "Seq Scan", "Parent Relationship": "Outer", "Relation Name": "supplier", "Alias": "supplier", "Startup Cost": 0.0, "Total Cost": 3283.0, "Plan Rows": 100000, "Plan Width": 12}]}]}]}]}, "Unique SQL Id": 1392561963}, "explain_analyze_plan": {"Plan": {"Node Type": "Sort", "Startup Cost": 3136047.23, "Total Cost": 3136047.29, "Plan Rows": 25, "Plan Width": 50, "Actual Startup Time": 14469.72, "Actual Total Time": 14469.721, "Actual Rows": 5, "Actual Loops": 1, "Sort Key": ["(sum((lineitem.l_extendedprice * (1::double precision - lineitem.l_discount)))) DESC"], "Sort Method": "quicksort", "Sort Space Used": 25, "Sort Space Type": "Memory", "Plans": [{"Node Type": "Aggregate", "Strategy": "Hashed", "Parent Relationship": "Outer", "Startup Cost": 3136046.4, "Total Cost": 3136046.65, "Plan Rows": 25, "Plan Width": 50, "Actual Startup Time": 14469.686, "Actual Total Time": 14469.689, "Actual Rows": 5, "Actual Loops": 1, "Group By Key": ["nation.n_name"], "Plans": [{"Node Type": "Merge Join", "Parent Relationship": "Outer", "Join Type": "Inner", "Startup Cost": 3107433.9, "Total Cost": 3135952.5, "Plan Rows": 9390, "Plan Width": 42, "Actual Startup Time": 13687.693, "Actual Total Time": 14422.573, "Actual Rows": 72985, "Actual Loops": 1, "Inner Unique": true, "Merge Cond": "((lineitem.l_suppkey = supplier.s_suppkey) AND (customer.c_nationkey = supplier.s_nationkey))", "Plans": [{"Node Type": "Sort", "Parent Relationship": "Outer", "Startup Cost": 3095843.33, "Total Cost": 3105065.7, "Plan Rows": 3688948, "Plan Width": 58, "Actual Startup Time": 13615.584, "Actual Total Time": 14030.38, "Actual Rows": 1815212, "Actual Loops": 1, "Sort Key": ["lineitem.l_suppkey", "customer.c_nationkey"], "Sort Method": "quicksort", "Sort Space Used": 332781, "Sort Space Type": "Memory", "Plans": [{"Node Type": "Nested Loop", "Parent Relationship": "Outer", "Join Type": "Inner", "Startup Cost": 674436.55, "Total Cost": 2693475.42, "Plan Rows": 3688948, "Plan Width": 58, "Actual Startup Time": 4408.174, "Actual Total Time": 12167.226, "Actual Rows": 1815222, "Actual Loops": 1, "Inner Unique": false, "Plans": [{"Node Type": "Merge Join", "Parent Relationship": "Outer", "Join Type": "Inner", "Startup Cost": 674435.82, "Total Cost": 691407.1, "Plan Rows": 406290, "Plan Width": 42, "Actual Startup Time": 4408.084, "Actual Total Time": 5721.858, "Actual Rows": 454183, "Actual Loops": 1, "Inner Unique": false, "Merge Cond": "(customer.c_custkey = orders.o_custkey)", "Plans": [{"Node Type": "Sort", "Parent Relationship": "Outer", "Startup Cost": 64456.94, "Total Cost": 65206.94, "Plan Rows": 300000, "Plan Width": 42, "Actual Startup Time": 720.742, "Actual Total Time": 780.426, "Actual Rows": 299838, "Actual Loops": 1, "Sort Key": ["customer.c_custkey"], "Sort Method": "quicksort", "Sort Space Used": 59138, "Sort Space Type": "Memory", "Plans": [{"Node Type": "Nested Loop", "Parent Relationship": "Outer", "Join Type": "Inner", "Startup Cost": 1030.37, "Total Cost": 37165.03, "Plan Rows": 300000, "Plan Width": 42, "Actual Startup Time": 20.836, "Actual Total Time": 594.165, "Actual Rows": 299838, "Actual Loops": 1, "Inner Unique": false, "Plans": [{"Node Type": "Nested Loop", "Parent Relationship": "Outer", "Join Type": "Inner", "Startup Cost": 0.0, "Total Cost": 2.62, "Plan Rows": 5, "Plan Width": 30, "Actual Startup Time": 0.04, "Actual Total Time": 0.099, "Actual Rows": 5, "Actual Loops": 1, "Inner Unique": false, "Join Filter": "(nation.n_regionkey = region.r_regionkey)", "Rows Removed by Join Filter": 20, "Plans": [{"Node Type": "Seq Scan", "Parent Relationship": "Outer", "Relation Name": "region", "Alias": "region", "Startup Cost": 0.0, "Total Cost": 1.06, "Plan Rows": 1, "Plan Width": 4, "Actual Startup Time": 0.017, "Actual Total Time": 0.02, "Actual Rows": 1, "Actual Loops": 1, "Filter": "(r_name = 'MIDDLE EAST'::bpchar)", "Rows Removed by Filter": 4}, {"Node Type": "Seq Scan", "Parent Relationship": "Inner", "Relation Name": "nation", "Alias": "nation", "Startup Cost": 0.0, "Total Cost": 1.25, "Plan Rows": 25, "Plan Width": 34, "Actual Startup Time": 0.014, "Actual Total Time": 0.031, "Actual Rows": 25, "Actual Loops": 1}]}, {"Node Type": "Bitmap Heap Scan", "Parent Relationship": "Inner", "Relation Name": "customer", "Alias": "customer", "Startup Cost": 1030.37, "Total Cost": 6832.48, "Plan Rows": 60000, "Plan Width": 12, "Actual Startup Time": 104.287, "Actual Total Time": 531.222, "Actual Rows": 299838, "Actual Loops": 5, "Recheck Cond": "(c_nationkey = nation.n_nationkey)", "Rows Removed by Index Recheck": 0, "Exact Heap Blocks": 150033, "Lossy Heap Blocks": 150033, "Plans": [{"Node Type": "Bitmap Index Scan", "Parent Relationship": "Outer", "Index Name": "idx_customer_nationkey", "Startup Cost": 0.0, "Total Cost": 1015.37, "Plan Rows": 60000, "Plan Width": 0, "Actual Startup Time": 69.753, "Actual Total Time": 69.753, "Actual Rows": 299838, "Actual Loops": 5, "Index Cond": "(c_nationkey = nation.n_nationkey)"}]}]}]}, {"Node Type": "Sort", "Parent Relationship": "Inner", "Startup Cost": 609978.84, "Total Cost": 615683.24, "Plan Rows": 2281758, "Plan Width": 16, "Actual Startup Time": 3687.263, "Actual Total Time": 4454.537, "Actual Rows": 2275914, "Actual Loops": 1, "Sort Key": ["orders.o_custkey"], "Sort Method": "quicksort", "Sort Space Used": 311672, "Sort Space Type": "Memory", "Plans": [{"Node Type": "Bitmap Heap Scan", "Parent Relationship": "Outer", "Relation Name": "orders", "Alias": "orders", "Startup Cost": 58360.27, "Total Cost": 369005.64, "Plan Rows": 2281758, "Plan Width": 16, "Actual Startup Time": 823.686, "Actual Total Time": 2729.061, "Actual Rows": 2275919, "Actual Loops": 1, "Recheck Cond": "((o_orderdate >= '1994-01-01 00:00:00'::timestamp(0) without time zone) AND (o_orderdate < '1995-01-01 00:00:00'::timestamp without time zone)), (LLVM Optimized, Jit Execute)", "Rows Removed by Index Recheck": 0, "Exact Heap Blocks": 276381, "Lossy Heap Blocks": 276381, "Plans": [{"Node Type": "Bitmap Index Scan", "Parent Relationship": "Outer", "Index Name": "idx_orders_orderdate", "Startup Cost": 0.0, "Total Cost": 57789.83, "Plan Rows": 2281758, "Plan Width": 0, "Actual Startup Time": 724.998, "Actual Total Time": 724.998, "Actual Rows": 2275919, "Actual Loops": 1, "Index Cond": "((o_orderdate >= '1994-01-01 00:00:00'::timestamp(0) without time zone) AND (o_orderdate < '1995-01-01 00:00:00'::timestamp without time zone))"}]}]}]}, {"Node Type": "Bitmap Heap Scan", "Parent Relationship": "Inner", "Relation Name": "lineitem", "Alias": "lineitem", "Startup Cost": 0.73, "Total Cost": 4.84, "Plan Rows": 9, "Plan Width": 32, "Actual Startup Time": 5191.529, "Actual Total Time": 5510.001, "Actual Rows": 1815222, "Actual Loops": 454183, "Recheck Cond": "(l_orderkey = orders.o_orderkey)", "Rows Removed by Index Recheck": 0, "Exact Heap Blocks": 486530, "Lossy Heap Blocks": 486530, "Plans": [{"Node Type": "Bitmap Index Scan", "Parent Relationship": "Outer", "Index Name": "idx_lineitem_orderkey", "Startup Cost": 0.0, "Total Cost": 0.72, "Plan Rows": 9, "Plan Width": 0, "Actual Startup Time": 3252.028, "Actual Total Time": 3252.028, "Actual Rows": 1815222, "Actual Loops": 454183, "Index Cond": "(l_orderkey = orders.o_orderkey)"}]}]}]}, {"Node Type": "Sort", "Parent Relationship": "Inner", "Startup Cost": 11587.82, "Total Cost": 11837.82, "Plan Rows": 100000, "Plan Width": 12, "Actual Startup Time": 71.982, "Actual Total Time": 84.12, "Actual Rows": 100000, "Actual Loops": 1, "Sort Key": ["supplier.s_suppkey", "supplier.s_nationkey"], "Sort Method": "quicksort", "Sort Space Used": 12448, "Sort Space Type": "Memory", "Plans": [{"Node Type": "Seq Scan", "Parent Relationship": "Outer", "Relation Name": "supplier", "Alias": "supplier", "Startup Cost": 0.0, "Total Cost": 3283.0, "Plan Rows": 100000, "Plan Width": 12, "Actual Startup Time": 0.046, "Actual Total Time": 33.81, "Actual Rows": 100000, "Actual Loops": 1}]}]}]}]}, "Triggers": [], "Planner Runtime": 7.368, "Total Runtime": 14479.572, "Unique SQL Id": 1392561963}}, "(16, 23)": {"explain_plan": {"Plan": {"Node Type": "Sort", "Startup Cost": 46003135.57, "Total Cost": 46003135.63, "Plan Rows": 25, "Plan Width": 50, "Sort Key": ["(sum((lineitem.l_extendedprice * (1::double precision - lineitem.l_discount)))) DESC"], "Plans": [{"Node Type": "Aggregate", "Strategy": "Hashed", "Parent Relationship": "Outer", "Startup Cost": 46003134.74, "Total Cost": 46003134.99, "Plan Rows": 25, "Plan Width": 50, "Group By Key": ["nation.n_name"], "Plans": [{"Node Type": "Nested Loop", "Parent Relationship": "Outer", "Join Type": "Inner", "Startup Cost": 58362.35, "Total Cost": 46003040.84, "Plan Rows": 9390, "Plan Width": 42, "Inner Unique": true, "Join Filter": "(customer.c_nationkey = supplier.s_nationkey)", "Plans": [{"Node Type": "Nested Loop", "Parent Relationship": "Outer", "Join Type": "Inner", "Startup Cost": 58362.1, "Total Cost": 30204103.6, "Plan Rows": 3688948, "Plan Width": 58, "Inner Unique": false, "Plans": [{"Node Type": "Nested Loop", "Parent Relationship": "Outer", "Join Type": "Inner", "Startup Cost": 58361.37, "Total Cost": 28202035.27, "Plan Rows": 406290, "Plan Width": 42, "Inner Unique": true, "Plans": [{"Node Type": "Nested Loop", "Parent Relationship": "Outer", "Join Type": "Inner", "Startup Cost": 58360.79, "Total Cost": 18851769.58, "Plan Rows": 2031452, "Plan Width": 46, "Inner Unique": true, "Plans": [{"Node Type": "Nested Loop", "Parent Relationship": "Outer", "Join Type": "Inner", "Startup Cost": 58360.54, "Total Cost": 10156636.32, "Plan Rows": 2031452, "Plan Width": 12, "Inner Unique": true, "Plans": [{"Node Type": "Bitmap Heap Scan", "Parent Relationship": "Outer", "Relation Name": "orders", "Alias": "orders", "Startup Cost": 58360.27, "Total Cost": 369005.64, "Plan Rows": 2281758, "Plan Width": 16, "Recheck Cond": "((o_orderdate >= '1994-01-01 00:00:00'::timestamp(0) without time zone) AND (o_orderdate < '1995-01-01 00:00:00'::timestamp without time zone)), (LLVM Optimized)", "Plans": [{"Node Type": "Bitmap Index Scan", "Parent Relationship": "Outer", "Index Name": "idx_orders_orderdate", "Startup Cost": 0.0, "Total Cost": 57789.83, "Plan Rows": 2281758, "Plan Width": 0, "Index Cond": "((o_orderdate >= '1994-01-01 00:00:00'::timestamp(0) without time zone) AND (o_orderdate < '1995-01-01 00:00:00'::timestamp without time zone))"}]}, {"Node Type": "Bitmap Heap Scan", "Parent Relationship": "Inner", "Relation Name": "customer", "Alias": "customer", "Startup Cost": 0.27, "Total Cost": 4.28, "Plan Rows": 1, "Plan Width": 12, "Recheck Cond": "(c_custkey = orders.o_custkey)", "Plans": [{"Node Type": "Bitmap Index Scan", "Parent Relationship": "Outer", "Index Name": "customer_pkey", "Startup Cost": 0.0, "Total Cost": 0.27, "Plan Rows": 1, "Plan Width": 0, "Index Cond": "(c_custkey = orders.o_custkey)"}]}]}, {"Node Type": "Bitmap Heap Scan", "Parent Relationship": "Inner", "Relation Name": "nation", "Alias": "nation", "Startup Cost": 0.26, "Total Cost": 4.27, "Plan Rows": 1, "Plan Width": 34, "Recheck Cond": "(n_nationkey = customer.c_nationkey)", "Plans": [{"Node Type": "Bitmap Index Scan", "Parent Relationship": "Outer", "Index Name": "nation_pkey", "Startup Cost": 0.0, "Total Cost": 0.26, "Plan Rows": 1, "Plan Width": 0, "Index Cond": "(n_nationkey = customer.c_nationkey)"}]}]}, {"Node Type": "Bitmap Heap Scan", "Parent Relationship": "Inner", "Relation Name": "region", "Alias": "region", "Startup Cost": 0.58, "Total Cost": 4.59, "Plan Rows": 1, "Plan Width": 4, "Recheck Cond": "(r_regionkey = nation.n_regionkey)", "Filter": "(r_name = 'MIDDLE EAST'::bpchar)", "Plans": [{"Node Type": "Bitmap Index Scan", "Parent Relationship": "Outer", "Index Name": "region_pkey", "Startup Cost": 0.0, "Total Cost": 0.58, "Plan Rows": 1, "Plan Width": 0, "Index Cond": "(r_regionkey = nation.n_regionkey)"}]}]}, {"Node Type": "Bitmap Heap Scan", "Parent Relationship": "Inner", "Relation Name": "lineitem", "Alias": "lineitem", "Startup Cost": 0.73, "Total Cost": 4.84, "Plan Rows": 9, "Plan Width": 32, "Recheck Cond": "(l_orderkey = orders.o_orderkey)", "Plans": [{"Node Type": "Bitmap Index Scan", "Parent Relationship": "Outer", "Index Name": "idx_lineitem_orderkey", "Startup Cost": 0.0, "Total Cost": 0.72, "Plan Rows": 9, "Plan Width": 0, "Index Cond": "(l_orderkey = orders.o_orderkey)"}]}]}, {"Node Type": "Bitmap Heap Scan", "Parent Relationship": "Inner", "Relation Name": "supplier", "Alias": "supplier", "Startup Cost": 0.26, "Total Cost": 4.27, "Plan Rows": 1, "Plan Width": 12, "Recheck Cond": "(s_suppkey = lineitem.l_suppkey)", "Plans": [{"Node Type": "Bitmap Index Scan", "Parent Relationship": "Outer", "Index Name": "supplier_pkey", "Startup Cost": 0.0, "Total Cost": 0.26, "Plan Rows": 1, "Plan Width": 0, "Index Cond": "(s_suppkey = lineitem.l_suppkey)"}]}]}]}]}, "Unique SQL Id": 1392561963}, "explain_analyze_plan": null}, "(16, 24)": {"explain_plan": {"Plan": {"Node Type": "Sort", "Startup Cost": 2121854.13, "Total Cost": 2121854.2, "Plan Rows": 25, "Plan Width": 50, "Sort Key": ["(sum((lineitem.l_extendedprice * (1::double precision - lineitem.l_discount)))) DESC"], "Plans": [{"Node Type": "Aggregate", "Strategy": "Hashed", "Parent Relationship": "Outer", "Startup Cost": 2121853.3, "Total Cost": 2121853.55, "Plan Rows": 25, "Plan Width": 50, "Group By Key": ["nation.n_name"], "Plans": [{"Node Type": "Merge Join", "Parent Relationship": "Outer", "Join Type": "Inner", "Startup Cost": 2094799.14, "Total Cost": 2121759.4, "Plan Rows": 9390, "Plan Width": 42, "Inner Unique": false, "Merge Cond": "(supplier.s_suppkey = lineitem.l_suppkey)", "Join Filter": "(customer.c_nationkey = supplier.s_nationkey)", "Plans": [{"Node Type": "Index Scan", "Parent Relationship": "Outer", "Scan Direction": "Forward", "Index Name": "supplier_pkey", "Relation Name": "supplier", "Alias": "supplier", "Startup Cost": 0.0, "Total Cost": 5334.54, "Plan Rows": 100000, "Plan Width": 12}, {"Node Type": "Sort", "Parent Relationship": "Inner", "Startup Cost": 2094797.31, "Total Cost": 2104019.68, "Plan Rows": 3688948, "Plan Width": 58, "Sort Key": ["lineitem.l_suppkey"], "Plans": [{"Node Type": "Nested Loop", "Parent Relationship": "Outer", "Join Type": "Inner", "Startup Cost": 0.0, "Total Cost": 1692429.4, "Plan Rows": 3688948, "Plan Width": 58, "Inner Unique": false, "Plans": [{"Node Type": "Nested Loop", "Parent Relationship": "Outer", "Join Type": "Inner", "Startup Cost": 0.0, "Total Cost": 416634.99, "Plan Rows": 406290, "Plan Width": 42, "Inner Unique": false, "Plans": [{"Node Type": "Nested Loop", "Parent Relationship": "Outer", "Join Type": "Inner", "Startup Cost": 0.0, "Total Cost": 41526.19, "Plan Rows": 300000, "Plan Width": 42, "Inner Unique": false, "Plans": [{"Node Type": "Nested Loop", "Parent Relationship": "Outer", "Join Type": "Inner", "Startup Cost": 0.0, "Total Cost": 14.06, "Plan Rows": 5, "Plan Width": 30, "Inner Unique": true, "Join Filter": "(nation.n_regionkey = region.r_regionkey)", "Plans": [{"Node Type": "Index Scan", "Parent Relationship": "Outer", "Scan Direction": "Forward", "Index Name": "nation_pkey", "Relation Name": "nation", "Alias": "nation", "Startup Cost": 0.0, "Total Cost": 12.62, "Plan Rows": 25, "Plan Width": 34}, {"Node Type": "Materialize", "Parent Relationship": "Inner", "Startup Cost": 0.0, "Total Cost": 1.07, "Plan Rows": 1, "Plan Width": 4, "Plans": [{"Node Type": "Seq Scan", "Parent Relationship": "Outer", "Relation Name": "region", "Alias": "region", "Startup Cost": 0.0, "Total Cost": 1.06, "Plan Rows": 1, "Plan Width": 4, "Filter": "(r_name = 'MIDDLE EAST'::bpchar)"}]}]}, {"Node Type": "Index Scan", "Parent Relationship": "Inner", "Scan Direction": "Forward", "Index Name": "idx_customer_nationkey", "Relation Name": "customer", "Alias": "customer", "Startup Cost": 0.0, "Total Cost": 7702.43, "Plan Rows": 60000, "Plan Width": 12, "Index Cond": "(c_nationkey = nation.n_nationkey)"}]}, {"Node Type": "Index Scan", "Parent Relationship": "Inner", "Scan Direction": "Forward", "Index Name": "idx_orders_custkey", "Relation Name": "orders", "Alias": "orders", "Startup Cost": 0.0, "Total Cost": 1.24, "Plan Rows": 1, "Plan Width": 16, "Index Cond": "(o_custkey = customer.c_custkey)", "Filter": "((o_orderdate >= '1994-01-01 00:00:00'::timestamp(0) without time zone) AND (o_orderdate < '1995-01-01 00:00:00'::timestamp without time zone))"}]}, {"Node Type": "Index Scan", "Parent Relationship": "Inner", "Scan Direction": "Forward", "Index Name": "idx_lineitem_orderkey", "Relation Name": "lineitem", "Alias": "lineitem", "Startup Cost": 0.0, "Total Cost": 3.05, "Plan Rows": 9, "Plan Width": 32, "Index Cond": "(l_orderkey = orders.o_orderkey)"}]}]}]}]}]}, "Unique SQL Id": 1392561963}, "explain_analyze_plan": {"Plan": {"Node Type": "Sort", "Startup Cost": 2121854.13, "Total Cost": 2121854.2, "Plan Rows": 25, "Plan Width": 50, "Actual Startup Time": 17794.474, "Actual Total Time": 17794.474, "Actual Rows": 5, "Actual Loops": 1, "Sort Key": ["(sum((lineitem.l_extendedprice * (1::double precision - lineitem.l_discount)))) DESC"], "Sort Method": "quicksort", "Sort Space Used": 25, "Sort Space Type": "Memory", "Plans": [{"Node Type": "Aggregate", "Strategy": "Hashed", "Parent Relationship": "Outer", "Startup Cost": 2121853.3, "Total Cost": 2121853.55, "Plan Rows": 25, "Plan Width": 50, "Actual Startup Time": 17794.442, "Actual Total Time": 17794.445, "Actual Rows": 5, "Actual Loops": 1, "Group By Key": ["nation.n_name"], "Plans": [{"Node Type": "Merge Join", "Parent Relationship": "Outer", "Join Type": "Inner", "Startup Cost": 2094799.14, "Total Cost": 2121759.4, "Plan Rows": 9390, "Plan Width": 42, "Actual Startup Time": 16582.555, "Actual Total Time": 17744.782, "Actual Rows": 72985, "Actual Loops": 1, "Inner Unique": false, "Merge Cond": "(supplier.s_suppkey = lineitem.l_suppkey)", "Join Filter": "(customer.c_nationkey = supplier.s_nationkey)", "Rows Removed by Join Filter": 0, "Plans": [{"Node Type": "Index Scan", "Parent Relationship": "Outer", "Scan Direction": "Forward", "Index Name": "supplier_pkey", "Relation Name": "supplier", "Alias": "supplier", "Startup Cost": 0.0, "Total Cost": 5334.54, "Plan Rows": 100000, "Plan Width": 12, "Actual Startup Time": 0.027, "Actual Total Time": 73.694, "Actual Rows": 100000, "Actual Loops": 1}, {"Node Type": "Sort", "Parent Relationship": "Inner", "Startup Cost": 2094797.31, "Total Cost": 2104019.68, "Plan Rows": 3688948, "Plan Width": 58, "Actual Startup Time": 16581.804, "Actual Total Time": 17133.438, "Actual Rows": 1815222, "Actual Loops": 1, "Sort Key": ["lineitem.l_suppkey"], "Sort Method": "quicksort", "Sort Space Used": 332781, "Sort Space Type": "Memory", "Plans": [{"Node Type": "Nested Loop", "Parent Relationship": "Outer", "Join Type": "Inner", "Startup Cost": 0.0, "Total Cost": 1692429.4, "Plan Rows": 3688948, "Plan Width": 58, "Actual Startup Time": 0.141, "Actual Total Time": 15713.141, "Actual Rows": 1815222, "Actual Loops": 1, "Inner Unique": false, "Plans": [{"Node Type": "Nested Loop", "Parent Relationship": "Outer", "Join Type": "Inner", "Startup Cost": 0.0, "Total Cost": 416634.99, "Plan Rows": 406290, "Plan Width": 42, "Actual Startup Time": 0.122, "Actual Total Time": 9782.403, "Actual Rows": 454183, "Actual Loops": 1, "Inner Unique": false, "Plans": [{"Node Type": "Nested Loop", "Parent Relationship": "Outer", "Join Type": "Inner", "Startup Cost": 0.0, "Total Cost": 41526.19, "Plan Rows": 300000, "Plan Width": 42, "Actual Startup Time": 0.068, "Actual Total Time": 527.772, "Actual Rows": 299838, "Actual Loops": 1, "Inner Unique": false, "Plans": [{"Node Type": "Nested Loop", "Parent Relationship": "Outer", "Join Type": "Inner", "Startup Cost": 0.0, "Total Cost": 14.06, "Plan Rows": 5, "Plan Width": 30, "Actual Startup Time": 0.038, "Actual Total Time": 0.189, "Actual Rows": 5, "Actual Loops": 1, "Inner Unique": true, "Join Filter": "(nation.n_regionkey = region.r_regionkey)", "Rows Removed by Join Filter": 20, "Plans": [{"Node Type": "Index Scan", "Parent Relationship": "Outer", "Scan Direction": "Forward", "Index Name": "nation_pkey", "Relation Name": "nation", "Alias": "nation", "Startup Cost": 0.0, "Total Cost": 12.62, "Plan Rows": 25, "Plan Width": 34, "Actual Startup Time": 0.003, "Actual Total Time": 0.102, "Actual Rows": 25, "Actual Loops": 1}, {"Node Type": "Materialize", "Parent Relationship": "Inner", "Startup Cost": 0.0, "Total Cost": 1.07, "Plan Rows": 1, "Plan Width": 4, "Actual Startup Time": 0.029, "Actual Total Time": 0.033, "Actual Rows": 25, "Actual Loops": 25, "Plans": [{"Node Type": "Seq Scan", "Parent Relationship": "Outer", "Relation Name": "region", "Alias": "region", "Startup Cost": 0.0, "Total Cost": 1.06, "Plan Rows": 1, "Plan Width": 4, "Actual Startup Time": 0.017, "Actual Total Time": 0.019, "Actual Rows": 1, "Actual Loops": 1, "Filter": "(r_name = 'MIDDLE EAST'::bpchar)", "Rows Removed by Filter": 4}]}]}, {"Node Type": "Index Scan", "Parent Relationship": "Inner", "Scan Direction": "Forward", "Index Name": "idx_customer_nationkey", "Relation Name": "customer", "Alias": "customer", "Startup Cost": 0.0, "Total Cost": 7702.43, "Plan Rows": 60000, "Plan Width": 12, "Actual Startup Time": 0.197, "Actual Total Time": 444.661, "Actual Rows": 299838, "Actual Loops": 5, "Index Cond": "(c_nationkey = nation.n_nationkey)", "Rows Removed by Index Recheck": 0}]}, {"Node Type": "Index Scan", "Parent Relationship": "Inner", "Scan Direction": "Forward", "Index Name": "idx_orders_custkey", "Relation Name": "orders", "Alias": "orders", "Startup Cost": 0.0, "Total Cost": 1.24, "Plan Rows": 1, "Plan Width": 16, "Actual Startup Time": 4205.728, "Actual Total Time": 8984.055, "Actual Rows": 454183, "Actual Loops": 299838, "Index Cond": "(o_custkey = customer.c_custkey)", "Rows Removed by Index Recheck": 0, "Filter": "((o_orderdate >= '1994-01-01 00:00:00'::timestamp(0) without time zone) AND (o_orderdate < '1995-01-01 00:00:00'::timestamp without time zone))", "Rows Removed by Filter": 2542535}]}, {"Node Type": "Index Scan", "Parent Relationship": "Inner", "Scan Direction": "Forward", "Index Name": "idx_lineitem_orderkey", "Relation Name": "lineitem", "Alias": "lineitem", "Startup Cost": 0.0, "Total Cost": 3.05, "Plan Rows": 9, "Plan Width": 32, "Actual Startup Time": 4300.362, "Actual Total Time": 5269.311, "Actual Rows": 1815222, "Actual Loops": 454183, "Index Cond": "(l_orderkey = orders.o_orderkey)", "Rows Removed by Index Recheck": 0}]}]}]}]}]}, "Triggers": [], "Planner Runtime": 7.516, "Total Runtime": 17794.8, "Unique SQL Id": 1392561963}}, "(16, 25)": {"explain_plan": {"Plan": {"Node Type": "Sort", "Startup Cost": 2121865.46, "Total Cost": 2121865.52, "Plan Rows": 25, "Plan Width": 50, "Sort Key": ["(sum((lineitem.l_extendedprice * (1::double precision - lineitem.l_discount)))) DESC"], "Plans": [{"Node Type": "Aggregate", "Strategy": "Hashed", "Parent Relationship": "Outer", "Startup Cost": 2121864.63, "Total Cost": 2121864.88, "Plan Rows": 25, "Plan Width": 50, "Group By Key": ["nation.n_name"], "Plans": [{"Node Type": "Merge Join", "Parent Relationship": "Outer", "Join Type": "Inner", "Startup Cost": 2094810.42, "Total Cost": 2121770.73, "Plan Rows": 9390, "Plan Width": 42, "Inner Unique": false, "Merge Cond": "(supplier.s_suppkey = lineitem.l_suppkey)", "Join Filter": "(customer.c_nationkey = supplier.s_nationkey)", "Plans": [{"Node Type": "Index Scan", "Parent Relationship": "Outer", "Scan Direction": "Forward", "Index Name": "supplier_pkey", "Relation Name": "supplier", "Alias": "supplier", "Startup Cost": 0.0, "Total Cost": 5334.54, "Plan Rows": 100000, "Plan Width": 12}, {"Node Type": "Sort", "Parent Relationship": "Inner", "Startup Cost": 2094808.59, "Total Cost": 2104030.96, "Plan Rows": 3688948, "Plan Width": 58, "Sort Key": ["lineitem.l_suppkey"], "Plans": [{"Node Type": "Nested Loop", "Parent Relationship": "Outer", "Join Type": "Inner", "Startup Cost": 0.0, "Total Cost": 1692440.68, "Plan Rows": 3688948, "Plan Width": 58, "Inner Unique": false, "Plans": [{"Node Type": "Nested Loop", "Parent Relationship": "Outer", "Join Type": "Inner", "Startup Cost": 0.0, "Total Cost": 416646.27, "Plan Rows": 406290, "Plan Width": 42, "Inner Unique": false, "Plans": [{"Node Type": "Nested Loop", "Parent Relationship": "Outer", "Join Type": "Inner", "Startup Cost": 0.0, "Total Cost": 41537.47, "Plan Rows": 300000, "Plan Width": 42, "Inner Unique": false, "Plans": [{"Node Type": "Nested Loop", "Parent Relationship": "Outer", "Join Type": "Inner", "Startup Cost": 0.0, "Total Cost": 25.34, "Plan Rows": 5, "Plan Width": 30, "Inner Unique": true, "Join Filter": "(nation.n_regionkey = region.r_regionkey)", "Plans": [{"Node Type": "Index Scan", "Parent Relationship": "Outer", "Scan Direction": "Forward", "Index Name": "nation_pkey", "Relation Name": "nation", "Alias": "nation", "Startup Cost": 0.0, "Total Cost": 12.62, "Plan Rows": 25, "Plan Width": 34}, {"Node Type": "Materialize", "Parent Relationship": "Inner", "Startup Cost": 0.0, "Total Cost": 12.34, "Plan Rows": 1, "Plan Width": 4, "Plans": [{"Node Type": "Index Scan", "Parent Relationship": "Outer", "Scan Direction": "Forward", "Index Name": "region_pkey", "Relation Name": "region", "Alias": "region", "Startup Cost": 0.0, "Total Cost": 12.34, "Plan Rows": 1, "Plan Width": 4, "Filter": "(r_name = 'MIDDLE EAST'::bpchar)"}]}]}, {"Node Type": "Index Scan", "Parent Relationship": "Inner", "Scan Direction": "Forward", "Index Name": "idx_customer_nationkey", "Relation Name": "customer", "Alias": "customer", "Startup Cost": 0.0, "Total Cost": 7702.43, "Plan Rows": 60000, "Plan Width": 12, "Index Cond": "(c_nationkey = nation.n_nationkey)"}]}, {"Node Type": "Index Scan", "Parent Relationship": "Inner", "Scan Direction": "Forward", "Index Name": "idx_orders_custkey", "Relation Name": "orders", "Alias": "orders", "Startup Cost": 0.0, "Total Cost": 1.24, "Plan Rows": 1, "Plan Width": 16, "Index Cond": "(o_custkey = customer.c_custkey)", "Filter": "((o_orderdate >= '1994-01-01 00:00:00'::timestamp(0) without time zone) AND (o_orderdate < '1995-01-01 00:00:00'::timestamp without time zone))"}]}, {"Node Type": "Index Scan", "Parent Relationship": "Inner", "Scan Direction": "Forward", "Index Name": "idx_lineitem_orderkey", "Relation Name": "lineitem", "Alias": "lineitem", "Startup Cost": 0.0, "Total Cost": 3.05, "Plan Rows": 9, "Plan Width": 32, "Index Cond": "(l_orderkey = orders.o_orderkey)"}]}]}]}]}]}, "Unique SQL Id": 1392561963}, "explain_analyze_plan": {"Plan": {"Node Type": "Sort", "Startup Cost": 2121865.46, "Total Cost": 2121865.52, "Plan Rows": 25, "Plan Width": 50, "Actual Startup Time": 17047.849, "Actual Total Time": 17047.849, "Actual Rows": 5, "Actual Loops": 1, "Sort Key": ["(sum((lineitem.l_extendedprice * (1::double precision - lineitem.l_discount)))) DESC"], "Sort Method": "quicksort", "Sort Space Used": 25, "Sort Space Type": "Memory", "Plans": [{"Node Type": "Aggregate", "Strategy": "Hashed", "Parent Relationship": "Outer", "Startup Cost": 2121864.63, "Total Cost": 2121864.88, "Plan Rows": 25, "Plan Width": 50, "Actual Startup Time": 17047.816, "Actual Total Time": 17047.817, "Actual Rows": 5, "Actual Loops": 1, "Group By Key": ["nation.n_name"], "Plans": [{"Node Type": "Merge Join", "Parent Relationship": "Outer", "Join Type": "Inner", "Startup Cost": 2094810.42, "Total Cost": 2121770.73, "Plan Rows": 9390, "Plan Width": 42, "Actual Startup Time": 15993.068, "Actual Total Time": 16997.962, "Actual Rows": 72985, "Actual Loops": 1, "Inner Unique": false, "Merge Cond": "(supplier.s_suppkey = lineitem.l_suppkey)", "Join Filter": "(customer.c_nationkey = supplier.s_nationkey)", "Rows Removed by Join Filter": 0, "Plans": [{"Node Type": "Index Scan", "Parent Relationship": "Outer", "Scan Direction": "Forward", "Index Name": "supplier_pkey", "Relation Name": "supplier", "Alias": "supplier", "Startup Cost": 0.0, "Total Cost": 5334.54, "Plan Rows": 100000, "Plan Width": 12, "Actual Startup Time": 0.026, "Actual Total Time": 64.444, "Actual Rows": 100000, "Actual Loops": 1}, {"Node Type": "Sort", "Parent Relationship": "Inner", "Startup Cost": 2094808.59, "Total Cost": 2104030.96, "Plan Rows": 3688948, "Plan Width": 58, "Actual Startup Time": 15992.7, "Actual Total Time": 16397.274, "Actual Rows": 1815222, "Actual Loops": 1, "Sort Key": ["lineitem.l_suppkey"], "Sort Method": "quicksort", "Sort Space Used": 332781, "Sort Space Type": "Memory", "Plans": [{"Node Type": "Nested Loop", "Parent Relationship": "Outer", "Join Type": "Inner", "Startup Cost": 0.0, "Total Cost": 1692440.68, "Plan Rows": 3688948, "Plan Width": 58, "Actual Startup Time": 0.139, "Actual Total Time": 15134.401, "Actual Rows": 1815222, "Actual Loops": 1, "Inner Unique": false, "Plans": [{"Node Type": "Nested Loop", "Parent Relationship": "Outer", "Join Type": "Inner", "Startup Cost": 0.0, "Total Cost": 416646.27, "Plan Rows": 406290, "Plan Width": 42, "Actual Startup Time": 0.118, "Actual Total Time": 9208.119, "Actual Rows": 454183, "Actual Loops": 1, "Inner Unique": false, "Plans": [{"Node Type": "Nested Loop", "Parent Relationship": "Outer", "Join Type": "Inner", "Startup Cost": 0.0, "Total Cost": 41537.47, "Plan Rows": 300000, "Plan Width": 42, "Actual Startup Time": 0.063, "Actual Total Time": 531.578, "Actual Rows": 299838, "Actual Loops": 1, "Inner Unique": false, "Plans": [{"Node Type": "Nested Loop", "Parent Relationship": "Outer", "Join Type": "Inner", "Startup Cost": 0.0, "Total Cost": 25.34, "Plan Rows": 5, "Plan Width": 30, "Actual Startup Time": 0.034, "Actual Total Time": 0.218, "Actual Rows": 5, "Actual Loops": 1, "Inner Unique": true, "Join Filter": "(nation.n_regionkey = region.r_regionkey)", "Rows Removed by Join Filter": 20, "Plans": [{"Node Type": "Index Scan", "Parent Relationship": "Outer", "Scan Direction": "Forward", "Index Name": "nation_pkey", "Relation Name": "nation", "Alias": "nation", "Startup Cost": 0.0, "Total Cost": 12.62, "Plan Rows": 25, "Plan Width": 34, "Actual Startup Time": 0.004, "Actual Total Time": 0.121, "Actual Rows": 25, "Actual Loops": 1}, {"Node Type": "Materialize", "Parent Relationship": "Inner", "Startup Cost": 0.0, "Total Cost": 12.34, "Plan Rows": 1, "Plan Width": 4, "Actual Startup Time": 0.027, "Actual Total Time": 0.031, "Actual Rows": 25, "Actual Loops": 25, "Plans": [{"Node Type": "Index Scan", "Parent Relationship": "Outer", "Scan Direction": "Forward", "Index Name": "region_pkey", "Relation Name": "region", "Alias": "region", "Startup Cost": 0.0, "Total Cost": 12.34, "Plan Rows": 1, "Plan Width": 4, "Actual Startup Time": 0.013, "Actual Total Time": 0.014, "Actual Rows": 1, "Actual Loops": 1, "Filter": "(r_name = 'MIDDLE EAST'::bpchar)", "Rows Removed by Filter": 4}]}]}, {"Node Type": "Index Scan", "Parent Relationship": "Inner", "Scan Direction": "Forward", "Index Name": "idx_customer_nationkey", "Relation Name": "customer", "Alias": "customer", "Startup Cost": 0.0, "Total Cost": 7702.43, "Plan Rows": 60000, "Plan Width": 12, "Actual Startup Time": 0.164, "Actual Total Time": 445.157, "Actual Rows": 299838, "Actual Loops": 5, "Index Cond": "(c_nationkey = nation.n_nationkey)", "Rows Removed by Index Recheck": 0}]}, {"Node Type": "Index Scan", "Parent Relationship": "Inner", "Scan Direction": "Forward", "Index Name": "idx_orders_custkey", "Relation Name": "orders", "Alias": "orders", "Startup Cost": 0.0, "Total Cost": 1.24, "Plan Rows": 1, "Plan Width": 16, "Actual Startup Time": 4038.106, "Actual Total Time": 8412.43, "Actual Rows": 454183, "Actual Loops": 299838, "Index Cond": "(o_custkey = customer.c_custkey)", "Rows Removed by Index Recheck": 0, "Filter": "((o_orderdate >= '1994-01-01 00:00:00'::timestamp(0) without time zone) AND (o_orderdate < '1995-01-01 00:00:00'::timestamp without time zone))", "Rows Removed by Filter": 2542535}]}, {"Node Type": "Index Scan", "Parent Relationship": "Inner", "Scan Direction": "Forward", "Index Name": "idx_lineitem_orderkey", "Relation Name": "lineitem", "Alias": "lineitem", "Startup Cost": 0.0, "Total Cost": 3.05, "Plan Rows": 9, "Plan Width": 32, "Actual Startup Time": 4268.863, "Actual Total Time": 5271.609, "Actual Rows": 1815222, "Actual Loops": 454183, "Index Cond": "(l_orderkey = orders.o_orderkey)", "Rows Removed by Index Recheck": 0}]}]}]}]}]}, "Triggers": [], "Planner Runtime": 7.4, "Total Runtime": 17048.183, "Unique SQL Id": 1392561963}}, "(16, 26)": {"explain_plan": {"Plan": {"Node Type": "Sort", "Startup Cost": 11168359.24, "Total Cost": 11168359.3, "Plan Rows": 25, "Plan Width": 50, "Sort Key": ["(sum((lineitem.l_extendedprice * (1::double precision - lineitem.l_discount)))) DESC"], "Plans": [{"Node Type": "Aggregate", "Strategy": "Hashed", "Parent Relationship": "Outer", "Startup Cost": 11168358.41, "Total Cost": 11168358.66, "Plan Rows": 25, "Plan Width": 50, "Group By Key": ["nation.n_name"], "Plans": [{"Node Type": "Merge Join", "Parent Relationship": "Outer", "Join Type": "Inner", "Startup Cost": 11154931.67, "Total Cost": 11168264.51, "Plan Rows": 9390, "Plan Width": 42, "Inner Unique": true, "Merge Cond": "((orders.o_custkey = customer.c_custkey) AND (supplier.s_nationkey = customer.c_nationkey))", "Plans": [{"Node Type": "Sort", "Parent Relationship": "Outer", "Startup Cost": 10948931.38, "Total Cost": 10949590.63, "Plan Rows": 263699, "Plan Width": 58, "Sort Key": ["orders.o_custkey", "supplier.s_nationkey"], "Plans": [{"Node Type": "Merge Join", "Parent Relationship": "Outer", "Join Type": "Inner", "Startup Cost": 10901730.43, "Total Cost": 10925187.22, "Plan Rows": 263699, "Plan Width": 58, "Inner Unique": true, "Merge Cond": "(lineitem.l_orderkey = orders.o_orderkey)", "Plans": [{"Node Type": "Sort", "Parent Relationship": "Outer", "Startup Cost": 10159345.62, "Total Cost": 10161254.46, "Plan Rows": 763534, "Plan Width": 58, "Sort Key": ["lineitem.l_orderkey"], "Plans": [{"Node Type": "Merge Join", "Parent Relationship": "Outer", "Join Type": "Inner", "Startup Cost": 9777128.51, "Total Cost": 10084739.44, "Plan Rows": 763534, "Plan Width": 58, "Inner Unique": false, "Merge Cond": "(supplier.s_suppkey = lineitem.l_suppkey)", "Plans": [{"Node Type": "Sort", "Parent Relationship": "Outer", "Startup Cost": 12214.41, "Total Cost": 12264.41, "Plan Rows": 20000, "Plan Width": 42, "Sort Key": ["supplier.s_suppkey"], "Plans": [{"Node Type": "Nested Loop", "Parent Relationship": "Outer", "Join Type": "Inner", "Startup Cost": 0.0, "Total Cost": 10785.64, "Plan Rows": 20000, "Plan Width": 42, "Inner Unique": false, "Join Filter": "(nation.n_nationkey = supplier.s_nationkey)", "Plans": [{"Node Type": "Seq Scan", "Parent Relationship": "Outer", "Relation Name": "supplier", "Alias": "supplier", "Startup Cost": 0.0, "Total Cost": 3283.0, "Plan Rows": 100000, "Plan Width": 12}, {"Node Type": "Materialize", "Parent Relationship": "Inner", "Startup Cost": 0.0, "Total Cost": 2.65, "Plan Rows": 5, "Plan Width": 30, "Plans": [{"Node Type": "Nested Loop", "Parent Relationship": "Outer", "Join Type": "Inner", "Startup Cost": 0.0, "Total Cost": 2.62, "Plan Rows": 5, "Plan Width": 30, "Inner Unique": false, "Join Filter": "(nation.n_regionkey = region.r_regionkey)", "Plans": [{"Node Type": "Seq Scan", "Parent Relationship": "Outer", "Relation Name": "region", "Alias": "region", "Startup Cost": 0.0, "Total Cost": 1.06, "Plan Rows": 1, "Plan Width": 4, "Filter": "(r_name = 'MIDDLE EAST'::bpchar)"}, {"Node Type": "Seq Scan", "Parent Relationship": "Inner", "Relation Name": "nation", "Alias": "nation", "Startup Cost": 0.0, "Total Cost": 1.25, "Plan Rows": 25, "Plan Width": 34}]}]}]}]}, {"Node Type": "Sort", "Parent Relationship": "Inner", "Startup Cost": 9764884.32, "Total Cost": 9914851.9, "Plan Rows": 59987033, "Plan Width": 32, "Sort Key": ["lineitem.l_suppkey"], "Plans": [{"Node Type": "Seq Scan", "Parent Relationship": "Outer", "Relation Name": "lineitem", "Alias": "lineitem", "Startup Cost": 0.0, "Total Cost": 2015115.33, "Plan Rows": 59987033, "Plan Width": 32}]}]}]}, {"Node Type": "Sort", "Parent Relationship": "Inner", "Startup Cost": 742384.39, "Total Cost": 748088.78, "Plan Rows": 2281758, "Plan Width": 16, "Sort Key": ["orders.o_orderkey"], "Plans": [{"Node Type": "Seq Scan", "Parent Relationship": "Outer", "Relation Name": "orders", "Alias": "orders", "Startup Cost": 441.06, "Total Cost": 501411.18, "Plan Rows": 2281758, "Plan Width": 16, "Filter": "((o_orderdate >= '1994-01-01 00:00:00'::timestamp(0) without time zone) AND (o_orderdate < '1995-01-01 00:00:00'::timestamp without time zone)), (LLVM Optimized)"}]}]}]}, {"Node Type": "Sort", "Parent Relationship": "Inner", "Startup Cost": 205999.98, "Total Cost": 209749.98, "Plan Rows": 1500000, "Plan Width": 12, "Sort Key": ["customer.c_custkey", "customer.c_nationkey"], "Plans": [{"Node Type": "Seq Scan", "Parent Relationship": "Outer", "Relation Name": "customer", "Alias": "customer", "Startup Cost": 0.0, "Total Cost": 52126.0, "Plan Rows": 1500000, "Plan Width": 12}]}]}]}]}, "Unique SQL Id": 1392561963}, "explain_analyze_plan": null}, "(16, 27)": {"explain_plan": {"Plan": {"Node Type": "Sort", "Startup Cost": 6006900701327.45, "Total Cost": 6006900701327.51, "Plan Rows": 25, "Plan Width": 50, "Sort Key": ["(sum((lineitem.l_extendedprice * (1::double precision - lineitem.l_discount)))) DESC"], "Plans": [{"Node Type": "Aggregate", "Strategy": "Hashed", "Parent Relationship": "Outer", "Startup Cost": 6006900701326.62, "Total Cost": 6006900701326.87, "Plan Rows": 25, "Plan Width": 50, "Group By Key": ["nation.n_name"], "Plans": [{"Node Type": "Merge Join", "Parent Relationship": "Outer", "Join Type": "Inner", "Startup Cost": 60036448550.05, "Total Cost": 6006900701232.72, "Plan Rows": 9390, "Plan Width": 42, "Inner Unique": true, "Merge Cond": "(supplier.s_nationkey = customer.c_nationkey)", "Join Filter": "(orders.o_custkey = customer.c_custkey)", "Plans": [{"Node Type": "Nested Loop", "Parent Relationship": "Outer", "Join Type": "Inner", "Startup Cost": 50036448550.05, "Total Cost": 5006604634115.96, "Plan Rows": 263699, "Plan Width": 58, "Inner Unique": false, "Join Filter": "(lineitem.l_suppkey = supplier.s_suppkey), (LLVM Optimized)", "Plans": [{"Node Type": "Nested Loop", "Parent Relationship": "Outer", "Join Type": "Inner", "Startup Cost": 30000000000.0, "Total Cost": 3000000543701.01, "Plan Rows": 20000, "Plan Width": 42, "Inner Unique": false, "Join Filter": "(nation.n_nationkey = supplier.s_nationkey)", "Plans": [{"Node Type": "Nested Loop", "Parent Relationship": "Outer", "Join Type": "Inner", "Startup Cost": 20000000000.0, "Total Cost": 2000000002496.63, "Plan Rows": 5, "Plan Width": 30, "Inner Unique": true, "Join Filter": "(nation.n_regionkey = region.r_regionkey)", "Plans": [{"Node Type": "Index Scan", "Parent Relationship": "Outer", "Scan Direction": "Forward", "Index Name": "nation_pkey", "Relation Name": "nation", "Alias": "nation", "Startup Cost": 10000000000.0, "Total Cost": 1000000001262.5, "Plan Rows": 25, "Plan Width": 34}, {"Node Type": "Materialize", "Parent Relationship": "Inner", "Startup Cost": 10000000000.0, "Total Cost": 1000000001233.76, "Plan Rows": 1, "Plan Width": 4, "Plans": [{"Node Type": "Index Scan", "Parent Relationship": "Outer", "Scan Direction": "Forward", "Index Name": "region_pkey", "Relation Name": "region", "Alias": "region", "Startup Cost": 10000000000.0, "Total Cost": 1000000001233.75, "Plan Rows": 1, "Plan Width": 4, "Filter": "(r_name = 'MIDDLE EAST'::bpchar)"}]}]}, {"Node Type": "Materialize", "Parent Relationship": "Inner", "Startup Cost": 10000000000.0, "Total Cost": 1000000533954.38, "Plan Rows": 100000, "Plan Width": 12, "Plans": [{"Node Type": "Index Scan", "Parent Relationship": "Outer", "Scan Direction": "Forward", "Index Name": "supplier_pkey", "Relation Name": "supplier", "Alias": "supplier", "Startup Cost": 10000000000.0, "Total Cost": 1000000533454.38, "Plan Rows": 100000, "Plan Width": 12}]}]}, {"Node Type": "Materialize", "Parent Relationship": "Inner", "Startup Cost": 20036448550.05, "Total Cost": 2000388917108.5, "Plan Rows": 20717417, "Plan Width": 32, "Plans": [{"Node Type": "Merge Join", "Parent Relationship": "Outer", "Join Type": "Inner", "Startup Cost": 20036448550.05, "Total Cost": 2000388813521.41, "Plan Rows": 20717417, "Plan Width": 32, "Inner Unique": false, "Merge Cond": "(orders.o_orderkey = lineitem.l_orderkey)", "Plans": [{"Node Type": "Index Scan", "Parent Relationship": "Outer", "Scan Direction": "Forward", "Index Name": "orders_pkey", "Relation Name": "orders", "Alias": "orders", "Startup Cost": 10000000000.0, "Total Cost": 1000080597583.0, "Plan Rows": 2281758, "Plan Width": 16, "Filter": "((o_orderdate >= '1994-01-01 00:00:00'::timestamp(0) without time zone) AND (o_orderdate < '1995-01-01 00:00:00'::timestamp without time zone)), (LLVM Optimized)"}, {"Node Type": "Index Scan", "Parent Relationship": "Inner", "Scan Direction": "Forward", "Index Name": "idx_lineitem_orderkey", "Relation Name": "lineitem", "Alias": "lineitem", "Startup Cost": 10000000000.0, "Total Cost": 1000324015374.5, "Plan Rows": 59987033, "Plan Width": 32}]}]}]}, {"Node Type": "Materialize", "Parent Relationship": "Inner", "Startup Cost": 10000000000.0, "Total Cost": 1000019203896.25, "Plan Rows": 1500000, "Plan Width": 12, "Plans": [{"Node Type": "Index Scan", "Parent Relationship": "Outer", "Scan Direction": "Forward", "Index Name": "idx_customer_nationkey", "Relation Name": "customer", "Alias": "customer", "Startup Cost": 10000000000.0, "Total Cost": 1000019200146.25, "Plan Rows": 1500000, "Plan Width": 12}]}]}]}]}, "Unique SQL Id": 1392561963}, "explain_analyze_plan": null}, "(16, 28)": {"explain_plan": {"Plan": {"Node Type": "Sort", "Startup Cost": 2121854.13, "Total Cost": 2121854.2, "Plan Rows": 25, "Plan Width": 50, "Sort Key": ["(sum((lineitem.l_extendedprice * (1::double precision - lineitem.l_discount)))) DESC"], "Plans": [{"Node Type": "Aggregate", "Strategy": "Hashed", "Parent Relationship": "Outer", "Startup Cost": 2121853.3, "Total Cost": 2121853.55, "Plan Rows": 25, "Plan Width": 50, "Group By Key": ["nation.n_name"], "Plans": [{"Node Type": "Merge Join", "Parent Relationship": "Outer", "Join Type": "Inner", "Startup Cost": 2094799.14, "Total Cost": 2121759.4, "Plan Rows": 9390, "Plan Width": 42, "Inner Unique": false, "Merge Cond": "(supplier.s_suppkey = lineitem.l_suppkey)", "Join Filter": "(customer.c_nationkey = supplier.s_nationkey)", "Plans": [{"Node Type": "Index Scan", "Parent Relationship": "Outer", "Scan Direction": "Forward", "Index Name": "supplier_pkey", "Relation Name": "supplier", "Alias": "supplier", "Startup Cost": 0.0, "Total Cost": 5334.54, "Plan Rows": 100000, "Plan Width": 12}, {"Node Type": "Sort", "Parent Relationship": "Inner", "Startup Cost": 2094797.31, "Total Cost": 2104019.68, "Plan Rows": 3688948, "Plan Width": 58, "Sort Key": ["lineitem.l_suppkey"], "Plans": [{"Node Type": "Nested Loop", "Parent Relationship": "Outer", "Join Type": "Inner", "Startup Cost": 0.0, "Total Cost": 1692429.4, "Plan Rows": 3688948, "Plan Width": 58, "Inner Unique": false, "Plans": [{"Node Type": "Nested Loop", "Parent Relationship": "Outer", "Join Type": "Inner", "Startup Cost": 0.0, "Total Cost": 416634.99, "Plan Rows": 406290, "Plan Width": 42, "Inner Unique": false, "Plans": [{"Node Type": "Nested Loop", "Parent Relationship": "Outer", "Join Type": "Inner", "Startup Cost": 0.0, "Total Cost": 41526.19, "Plan Rows": 300000, "Plan Width": 42, "Inner Unique": false, "Plans": [{"Node Type": "Nested Loop", "Parent Relationship": "Outer", "Join Type": "Inner", "Startup Cost": 0.0, "Total Cost": 14.06, "Plan Rows": 5, "Plan Width": 30, "Inner Unique": true, "Join Filter": "(nation.n_regionkey = region.r_regionkey)", "Plans": [{"Node Type": "Index Scan", "Parent Relationship": "Outer", "Scan Direction": "Forward", "Index Name": "nation_pkey", "Relation Name": "nation", "Alias": "nation", "Startup Cost": 0.0, "Total Cost": 12.62, "Plan Rows": 25, "Plan Width": 34}, {"Node Type": "Materialize", "Parent Relationship": "Inner", "Startup Cost": 0.0, "Total Cost": 1.07, "Plan Rows": 1, "Plan Width": 4, "Plans": [{"Node Type": "Seq Scan", "Parent Relationship": "Outer", "Relation Name": "region", "Alias": "region", "Startup Cost": 0.0, "Total Cost": 1.06, "Plan Rows": 1, "Plan Width": 4, "Filter": "(r_name = 'MIDDLE EAST'::bpchar)"}]}]}, {"Node Type": "Index Scan", "Parent Relationship": "Inner", "Scan Direction": "Forward", "Index Name": "idx_customer_nationkey", "Relation Name": "customer", "Alias": "customer", "Startup Cost": 0.0, "Total Cost": 7702.43, "Plan Rows": 60000, "Plan Width": 12, "Index Cond": "(c_nationkey = nation.n_nationkey)"}]}, {"Node Type": "Index Scan", "Parent Relationship": "Inner", "Scan Direction": "Forward", "Index Name": "idx_orders_custkey", "Relation Name": "orders", "Alias": "orders", "Startup Cost": 0.0, "Total Cost": 1.24, "Plan Rows": 1, "Plan Width": 16, "Index Cond": "(o_custkey = customer.c_custkey)", "Filter": "((o_orderdate >= '1994-01-01 00:00:00'::timestamp(0) without time zone) AND (o_orderdate < '1995-01-01 00:00:00'::timestamp without time zone))"}]}, {"Node Type": "Index Scan", "Parent Relationship": "Inner", "Scan Direction": "Forward", "Index Name": "idx_lineitem_orderkey", "Relation Name": "lineitem", "Alias": "lineitem", "Startup Cost": 0.0, "Total Cost": 3.05, "Plan Rows": 9, "Plan Width": 32, "Index Cond": "(l_orderkey = orders.o_orderkey)"}]}]}]}]}]}, "Unique SQL Id": 1392561963}, "explain_analyze_plan": {"Plan": {"Node Type": "Sort", "Startup Cost": 2121854.13, "Total Cost": 2121854.2, "Plan Rows": 25, "Plan Width": 50, "Actual Startup Time": 17794.474, "Actual Total Time": 17794.474, "Actual Rows": 5, "Actual Loops": 1, "Sort Key": ["(sum((lineitem.l_extendedprice * (1::double precision - lineitem.l_discount)))) DESC"], "Sort Method": "quicksort", "Sort Space Used": 25, "Sort Space Type": "Memory", "Plans": [{"Node Type": "Aggregate", "Strategy": "Hashed", "Parent Relationship": "Outer", "Startup Cost": 2121853.3, "Total Cost": 2121853.55, "Plan Rows": 25, "Plan Width": 50, "Actual Startup Time": 17794.442, "Actual Total Time": 17794.445, "Actual Rows": 5, "Actual Loops": 1, "Group By Key": ["nation.n_name"], "Plans": [{"Node Type": "Merge Join", "Parent Relationship": "Outer", "Join Type": "Inner", "Startup Cost": 2094799.14, "Total Cost": 2121759.4, "Plan Rows": 9390, "Plan Width": 42, "Actual Startup Time": 16582.555, "Actual Total Time": 17744.782, "Actual Rows": 72985, "Actual Loops": 1, "Inner Unique": false, "Merge Cond": "(supplier.s_suppkey = lineitem.l_suppkey)", "Join Filter": "(customer.c_nationkey = supplier.s_nationkey)", "Rows Removed by Join Filter": 0, "Plans": [{"Node Type": "Index Scan", "Parent Relationship": "Outer", "Scan Direction": "Forward", "Index Name": "supplier_pkey", "Relation Name": "supplier", "Alias": "supplier", "Startup Cost": 0.0, "Total Cost": 5334.54, "Plan Rows": 100000, "Plan Width": 12, "Actual Startup Time": 0.027, "Actual Total Time": 73.694, "Actual Rows": 100000, "Actual Loops": 1}, {"Node Type": "Sort", "Parent Relationship": "Inner", "Startup Cost": 2094797.31, "Total Cost": 2104019.68, "Plan Rows": 3688948, "Plan Width": 58, "Actual Startup Time": 16581.804, "Actual Total Time": 17133.438, "Actual Rows": 1815222, "Actual Loops": 1, "Sort Key": ["lineitem.l_suppkey"], "Sort Method": "quicksort", "Sort Space Used": 332781, "Sort Space Type": "Memory", "Plans": [{"Node Type": "Nested Loop", "Parent Relationship": "Outer", "Join Type": "Inner", "Startup Cost": 0.0, "Total Cost": 1692429.4, "Plan Rows": 3688948, "Plan Width": 58, "Actual Startup Time": 0.141, "Actual Total Time": 15713.141, "Actual Rows": 1815222, "Actual Loops": 1, "Inner Unique": false, "Plans": [{"Node Type": "Nested Loop", "Parent Relationship": "Outer", "Join Type": "Inner", "Startup Cost": 0.0, "Total Cost": 416634.99, "Plan Rows": 406290, "Plan Width": 42, "Actual Startup Time": 0.122, "Actual Total Time": 9782.403, "Actual Rows": 454183, "Actual Loops": 1, "Inner Unique": false, "Plans": [{"Node Type": "Nested Loop", "Parent Relationship": "Outer", "Join Type": "Inner", "Startup Cost": 0.0, "Total Cost": 41526.19, "Plan Rows": 300000, "Plan Width": 42, "Actual Startup Time": 0.068, "Actual Total Time": 527.772, "Actual Rows": 299838, "Actual Loops": 1, "Inner Unique": false, "Plans": [{"Node Type": "Nested Loop", "Parent Relationship": "Outer", "Join Type": "Inner", "Startup Cost": 0.0, "Total Cost": 14.06, "Plan Rows": 5, "Plan Width": 30, "Actual Startup Time": 0.038, "Actual Total Time": 0.189, "Actual Rows": 5, "Actual Loops": 1, "Inner Unique": true, "Join Filter": "(nation.n_regionkey = region.r_regionkey)", "Rows Removed by Join Filter": 20, "Plans": [{"Node Type": "Index Scan", "Parent Relationship": "Outer", "Scan Direction": "Forward", "Index Name": "nation_pkey", "Relation Name": "nation", "Alias": "nation", "Startup Cost": 0.0, "Total Cost": 12.62, "Plan Rows": 25, "Plan Width": 34, "Actual Startup Time": 0.003, "Actual Total Time": 0.102, "Actual Rows": 25, "Actual Loops": 1}, {"Node Type": "Materialize", "Parent Relationship": "Inner", "Startup Cost": 0.0, "Total Cost": 1.07, "Plan Rows": 1, "Plan Width": 4, "Actual Startup Time": 0.029, "Actual Total Time": 0.033, "Actual Rows": 25, "Actual Loops": 25, "Plans": [{"Node Type": "Seq Scan", "Parent Relationship": "Outer", "Relation Name": "region", "Alias": "region", "Startup Cost": 0.0, "Total Cost": 1.06, "Plan Rows": 1, "Plan Width": 4, "Actual Startup Time": 0.017, "Actual Total Time": 0.019, "Actual Rows": 1, "Actual Loops": 1, "Filter": "(r_name = 'MIDDLE EAST'::bpchar)", "Rows Removed by Filter": 4}]}]}, {"Node Type": "Index Scan", "Parent Relationship": "Inner", "Scan Direction": "Forward", "Index Name": "idx_customer_nationkey", "Relation Name": "customer", "Alias": "customer", "Startup Cost": 0.0, "Total Cost": 7702.43, "Plan Rows": 60000, "Plan Width": 12, "Actual Startup Time": 0.197, "Actual Total Time": 444.661, "Actual Rows": 299838, "Actual Loops": 5, "Index Cond": "(c_nationkey = nation.n_nationkey)", "Rows Removed by Index Recheck": 0}]}, {"Node Type": "Index Scan", "Parent Relationship": "Inner", "Scan Direction": "Forward", "Index Name": "idx_orders_custkey", "Relation Name": "orders", "Alias": "orders", "Startup Cost": 0.0, "Total Cost": 1.24, "Plan Rows": 1, "Plan Width": 16, "Actual Startup Time": 4205.728, "Actual Total Time": 8984.055, "Actual Rows": 454183, "Actual Loops": 299838, "Index Cond": "(o_custkey = customer.c_custkey)", "Rows Removed by Index Recheck": 0, "Filter": "((o_orderdate >= '1994-01-01 00:00:00'::timestamp(0) without time zone) AND (o_orderdate < '1995-01-01 00:00:00'::timestamp without time zone))", "Rows Removed by Filter": 2542535}]}, {"Node Type": "Index Scan", "Parent Relationship": "Inner", "Scan Direction": "Forward", "Index Name": "idx_lineitem_orderkey", "Relation Name": "lineitem", "Alias": "lineitem", "Startup Cost": 0.0, "Total Cost": 3.05, "Plan Rows": 9, "Plan Width": 32, "Actual Startup Time": 4300.362, "Actual Total Time": 5269.311, "Actual Rows": 1815222, "Actual Loops": 454183, "Index Cond": "(l_orderkey = orders.o_orderkey)", "Rows Removed by Index Recheck": 0}]}]}]}]}]}, "Triggers": [], "Planner Runtime": 7.516, "Total Runtime": 17794.8, "Unique SQL Id": 1392561963}}, "(16, 29)": {"explain_plan": {"Plan": {"Node Type": "Sort", "Startup Cost": 2121865.46, "Total Cost": 2121865.52, "Plan Rows": 25, "Plan Width": 50, "Sort Key": ["(sum((lineitem.l_extendedprice * (1::double precision - lineitem.l_discount)))) DESC"], "Plans": [{"Node Type": "Aggregate", "Strategy": "Hashed", "Parent Relationship": "Outer", "Startup Cost": 2121864.63, "Total Cost": 2121864.88, "Plan Rows": 25, "Plan Width": 50, "Group By Key": ["nation.n_name"], "Plans": [{"Node Type": "Merge Join", "Parent Relationship": "Outer", "Join Type": "Inner", "Startup Cost": 2094810.42, "Total Cost": 2121770.73, "Plan Rows": 9390, "Plan Width": 42, "Inner Unique": false, "Merge Cond": "(supplier.s_suppkey = lineitem.l_suppkey)", "Join Filter": "(customer.c_nationkey = supplier.s_nationkey)", "Plans": [{"Node Type": "Index Scan", "Parent Relationship": "Outer", "Scan Direction": "Forward", "Index Name": "supplier_pkey", "Relation Name": "supplier", "Alias": "supplier", "Startup Cost": 0.0, "Total Cost": 5334.54, "Plan Rows": 100000, "Plan Width": 12}, {"Node Type": "Sort", "Parent Relationship": "Inner", "Startup Cost": 2094808.59, "Total Cost": 2104030.96, "Plan Rows": 3688948, "Plan Width": 58, "Sort Key": ["lineitem.l_suppkey"], "Plans": [{"Node Type": "Nested Loop", "Parent Relationship": "Outer", "Join Type": "Inner", "Startup Cost": 0.0, "Total Cost": 1692440.68, "Plan Rows": 3688948, "Plan Width": 58, "Inner Unique": false, "Plans": [{"Node Type": "Nested Loop", "Parent Relationship": "Outer", "Join Type": "Inner", "Startup Cost": 0.0, "Total Cost": 416646.27, "Plan Rows": 406290, "Plan Width": 42, "Inner Unique": false, "Plans": [{"Node Type": "Nested Loop", "Parent Relationship": "Outer", "Join Type": "Inner", "Startup Cost": 0.0, "Total Cost": 41537.47, "Plan Rows": 300000, "Plan Width": 42, "Inner Unique": false, "Plans": [{"Node Type": "Nested Loop", "Parent Relationship": "Outer", "Join Type": "Inner", "Startup Cost": 0.0, "Total Cost": 25.34, "Plan Rows": 5, "Plan Width": 30, "Inner Unique": true, "Join Filter": "(nation.n_regionkey = region.r_regionkey)", "Plans": [{"Node Type": "Index Scan", "Parent Relationship": "Outer", "Scan Direction": "Forward", "Index Name": "nation_pkey", "Relation Name": "nation", "Alias": "nation", "Startup Cost": 0.0, "Total Cost": 12.62, "Plan Rows": 25, "Plan Width": 34}, {"Node Type": "Materialize", "Parent Relationship": "Inner", "Startup Cost": 0.0, "Total Cost": 12.34, "Plan Rows": 1, "Plan Width": 4, "Plans": [{"Node Type": "Index Scan", "Parent Relationship": "Outer", "Scan Direction": "Forward", "Index Name": "region_pkey", "Relation Name": "region", "Alias": "region", "Startup Cost": 0.0, "Total Cost": 12.34, "Plan Rows": 1, "Plan Width": 4, "Filter": "(r_name = 'MIDDLE EAST'::bpchar)"}]}]}, {"Node Type": "Index Scan", "Parent Relationship": "Inner", "Scan Direction": "Forward", "Index Name": "idx_customer_nationkey", "Relation Name": "customer", "Alias": "customer", "Startup Cost": 0.0, "Total Cost": 7702.43, "Plan Rows": 60000, "Plan Width": 12, "Index Cond": "(c_nationkey = nation.n_nationkey)"}]}, {"Node Type": "Index Scan", "Parent Relationship": "Inner", "Scan Direction": "Forward", "Index Name": "idx_orders_custkey", "Relation Name": "orders", "Alias": "orders", "Startup Cost": 0.0, "Total Cost": 1.24, "Plan Rows": 1, "Plan Width": 16, "Index Cond": "(o_custkey = customer.c_custkey)", "Filter": "((o_orderdate >= '1994-01-01 00:00:00'::timestamp(0) without time zone) AND (o_orderdate < '1995-01-01 00:00:00'::timestamp without time zone))"}]}, {"Node Type": "Index Scan", "Parent Relationship": "Inner", "Scan Direction": "Forward", "Index Name": "idx_lineitem_orderkey", "Relation Name": "lineitem", "Alias": "lineitem", "Startup Cost": 0.0, "Total Cost": 3.05, "Plan Rows": 9, "Plan Width": 32, "Index Cond": "(l_orderkey = orders.o_orderkey)"}]}]}]}]}]}, "Unique SQL Id": 1392561963}, "explain_analyze_plan": {"Plan": {"Node Type": "Sort", "Startup Cost": 2121865.46, "Total Cost": 2121865.52, "Plan Rows": 25, "Plan Width": 50, "Actual Startup Time": 17047.849, "Actual Total Time": 17047.849, "Actual Rows": 5, "Actual Loops": 1, "Sort Key": ["(sum((lineitem.l_extendedprice * (1::double precision - lineitem.l_discount)))) DESC"], "Sort Method": "quicksort", "Sort Space Used": 25, "Sort Space Type": "Memory", "Plans": [{"Node Type": "Aggregate", "Strategy": "Hashed", "Parent Relationship": "Outer", "Startup Cost": 2121864.63, "Total Cost": 2121864.88, "Plan Rows": 25, "Plan Width": 50, "Actual Startup Time": 17047.816, "Actual Total Time": 17047.817, "Actual Rows": 5, "Actual Loops": 1, "Group By Key": ["nation.n_name"], "Plans": [{"Node Type": "Merge Join", "Parent Relationship": "Outer", "Join Type": "Inner", "Startup Cost": 2094810.42, "Total Cost": 2121770.73, "Plan Rows": 9390, "Plan Width": 42, "Actual Startup Time": 15993.068, "Actual Total Time": 16997.962, "Actual Rows": 72985, "Actual Loops": 1, "Inner Unique": false, "Merge Cond": "(supplier.s_suppkey = lineitem.l_suppkey)", "Join Filter": "(customer.c_nationkey = supplier.s_nationkey)", "Rows Removed by Join Filter": 0, "Plans": [{"Node Type": "Index Scan", "Parent Relationship": "Outer", "Scan Direction": "Forward", "Index Name": "supplier_pkey", "Relation Name": "supplier", "Alias": "supplier", "Startup Cost": 0.0, "Total Cost": 5334.54, "Plan Rows": 100000, "Plan Width": 12, "Actual Startup Time": 0.026, "Actual Total Time": 64.444, "Actual Rows": 100000, "Actual Loops": 1}, {"Node Type": "Sort", "Parent Relationship": "Inner", "Startup Cost": 2094808.59, "Total Cost": 2104030.96, "Plan Rows": 3688948, "Plan Width": 58, "Actual Startup Time": 15992.7, "Actual Total Time": 16397.274, "Actual Rows": 1815222, "Actual Loops": 1, "Sort Key": ["lineitem.l_suppkey"], "Sort Method": "quicksort", "Sort Space Used": 332781, "Sort Space Type": "Memory", "Plans": [{"Node Type": "Nested Loop", "Parent Relationship": "Outer", "Join Type": "Inner", "Startup Cost": 0.0, "Total Cost": 1692440.68, "Plan Rows": 3688948, "Plan Width": 58, "Actual Startup Time": 0.139, "Actual Total Time": 15134.401, "Actual Rows": 1815222, "Actual Loops": 1, "Inner Unique": false, "Plans": [{"Node Type": "Nested Loop", "Parent Relationship": "Outer", "Join Type": "Inner", "Startup Cost": 0.0, "Total Cost": 416646.27, "Plan Rows": 406290, "Plan Width": 42, "Actual Startup Time": 0.118, "Actual Total Time": 9208.119, "Actual Rows": 454183, "Actual Loops": 1, "Inner Unique": false, "Plans": [{"Node Type": "Nested Loop", "Parent Relationship": "Outer", "Join Type": "Inner", "Startup Cost": 0.0, "Total Cost": 41537.47, "Plan Rows": 300000, "Plan Width": 42, "Actual Startup Time": 0.063, "Actual Total Time": 531.578, "Actual Rows": 299838, "Actual Loops": 1, "Inner Unique": false, "Plans": [{"Node Type": "Nested Loop", "Parent Relationship": "Outer", "Join Type": "Inner", "Startup Cost": 0.0, "Total Cost": 25.34, "Plan Rows": 5, "Plan Width": 30, "Actual Startup Time": 0.034, "Actual Total Time": 0.218, "Actual Rows": 5, "Actual Loops": 1, "Inner Unique": true, "Join Filter": "(nation.n_regionkey = region.r_regionkey)", "Rows Removed by Join Filter": 20, "Plans": [{"Node Type": "Index Scan", "Parent Relationship": "Outer", "Scan Direction": "Forward", "Index Name": "nation_pkey", "Relation Name": "nation", "Alias": "nation", "Startup Cost": 0.0, "Total Cost": 12.62, "Plan Rows": 25, "Plan Width": 34, "Actual Startup Time": 0.004, "Actual Total Time": 0.121, "Actual Rows": 25, "Actual Loops": 1}, {"Node Type": "Materialize", "Parent Relationship": "Inner", "Startup Cost": 0.0, "Total Cost": 12.34, "Plan Rows": 1, "Plan Width": 4, "Actual Startup Time": 0.027, "Actual Total Time": 0.031, "Actual Rows": 25, "Actual Loops": 25, "Plans": [{"Node Type": "Index Scan", "Parent Relationship": "Outer", "Scan Direction": "Forward", "Index Name": "region_pkey", "Relation Name": "region", "Alias": "region", "Startup Cost": 0.0, "Total Cost": 12.34, "Plan Rows": 1, "Plan Width": 4, "Actual Startup Time": 0.013, "Actual Total Time": 0.014, "Actual Rows": 1, "Actual Loops": 1, "Filter": "(r_name = 'MIDDLE EAST'::bpchar)", "Rows Removed by Filter": 4}]}]}, {"Node Type": "Index Scan", "Parent Relationship": "Inner", "Scan Direction": "Forward", "Index Name": "idx_customer_nationkey", "Relation Name": "customer", "Alias": "customer", "Startup Cost": 0.0, "Total Cost": 7702.43, "Plan Rows": 60000, "Plan Width": 12, "Actual Startup Time": 0.164, "Actual Total Time": 445.157, "Actual Rows": 299838, "Actual Loops": 5, "Index Cond": "(c_nationkey = nation.n_nationkey)", "Rows Removed by Index Recheck": 0}]}, {"Node Type": "Index Scan", "Parent Relationship": "Inner", "Scan Direction": "Forward", "Index Name": "idx_orders_custkey", "Relation Name": "orders", "Alias": "orders", "Startup Cost": 0.0, "Total Cost": 1.24, "Plan Rows": 1, "Plan Width": 16, "Actual Startup Time": 4038.106, "Actual Total Time": 8412.43, "Actual Rows": 454183, "Actual Loops": 299838, "Index Cond": "(o_custkey = customer.c_custkey)", "Rows Removed by Index Recheck": 0, "Filter": "((o_orderdate >= '1994-01-01 00:00:00'::timestamp(0) without time zone) AND (o_orderdate < '1995-01-01 00:00:00'::timestamp without time zone))", "Rows Removed by Filter": 2542535}]}, {"Node Type": "Index Scan", "Parent Relationship": "Inner", "Scan Direction": "Forward", "Index Name": "idx_lineitem_orderkey", "Relation Name": "lineitem", "Alias": "lineitem", "Startup Cost": 0.0, "Total Cost": 3.05, "Plan Rows": 9, "Plan Width": 32, "Actual Startup Time": 4268.863, "Actual Total Time": 5271.609, "Actual Rows": 1815222, "Actual Loops": 454183, "Index Cond": "(l_orderkey = orders.o_orderkey)", "Rows Removed by Index Recheck": 0}]}]}]}]}]}, "Triggers": [], "Planner Runtime": 7.4, "Total Runtime": 17048.183, "Unique SQL Id": 1392561963}}, "(16, 30)": {"explain_plan": {"Plan": {"Node Type": "Sort", "Startup Cost": 11168359.24, "Total Cost": 11168359.3, "Plan Rows": 25, "Plan Width": 50, "Sort Key": ["(sum((lineitem.l_extendedprice * (1::double precision - lineitem.l_discount)))) DESC"], "Plans": [{"Node Type": "Aggregate", "Strategy": "Hashed", "Parent Relationship": "Outer", "Startup Cost": 11168358.41, "Total Cost": 11168358.66, "Plan Rows": 25, "Plan Width": 50, "Group By Key": ["nation.n_name"], "Plans": [{"Node Type": "Merge Join", "Parent Relationship": "Outer", "Join Type": "Inner", "Startup Cost": 11154931.67, "Total Cost": 11168264.51, "Plan Rows": 9390, "Plan Width": 42, "Inner Unique": true, "Merge Cond": "((orders.o_custkey = customer.c_custkey) AND (supplier.s_nationkey = customer.c_nationkey))", "Plans": [{"Node Type": "Sort", "Parent Relationship": "Outer", "Startup Cost": 10948931.38, "Total Cost": 10949590.63, "Plan Rows": 263699, "Plan Width": 58, "Sort Key": ["orders.o_custkey", "supplier.s_nationkey"], "Plans": [{"Node Type": "Merge Join", "Parent Relationship": "Outer", "Join Type": "Inner", "Startup Cost": 10901730.43, "Total Cost": 10925187.22, "Plan Rows": 263699, "Plan Width": 58, "Inner Unique": true, "Merge Cond": "(lineitem.l_orderkey = orders.o_orderkey)", "Plans": [{"Node Type": "Sort", "Parent Relationship": "Outer", "Startup Cost": 10159345.62, "Total Cost": 10161254.46, "Plan Rows": 763534, "Plan Width": 58, "Sort Key": ["lineitem.l_orderkey"], "Plans": [{"Node Type": "Merge Join", "Parent Relationship": "Outer", "Join Type": "Inner", "Startup Cost": 9777128.51, "Total Cost": 10084739.44, "Plan Rows": 763534, "Plan Width": 58, "Inner Unique": false, "Merge Cond": "(supplier.s_suppkey = lineitem.l_suppkey)", "Plans": [{"Node Type": "Sort", "Parent Relationship": "Outer", "Startup Cost": 12214.41, "Total Cost": 12264.41, "Plan Rows": 20000, "Plan Width": 42, "Sort Key": ["supplier.s_suppkey"], "Plans": [{"Node Type": "Nested Loop", "Parent Relationship": "Outer", "Join Type": "Inner", "Startup Cost": 0.0, "Total Cost": 10785.64, "Plan Rows": 20000, "Plan Width": 42, "Inner Unique": false, "Join Filter": "(nation.n_nationkey = supplier.s_nationkey)", "Plans": [{"Node Type": "Seq Scan", "Parent Relationship": "Outer", "Relation Name": "supplier", "Alias": "supplier", "Startup Cost": 0.0, "Total Cost": 3283.0, "Plan Rows": 100000, "Plan Width": 12}, {"Node Type": "Materialize", "Parent Relationship": "Inner", "Startup Cost": 0.0, "Total Cost": 2.65, "Plan Rows": 5, "Plan Width": 30, "Plans": [{"Node Type": "Nested Loop", "Parent Relationship": "Outer", "Join Type": "Inner", "Startup Cost": 0.0, "Total Cost": 2.62, "Plan Rows": 5, "Plan Width": 30, "Inner Unique": false, "Join Filter": "(nation.n_regionkey = region.r_regionkey)", "Plans": [{"Node Type": "Seq Scan", "Parent Relationship": "Outer", "Relation Name": "region", "Alias": "region", "Startup Cost": 0.0, "Total Cost": 1.06, "Plan Rows": 1, "Plan Width": 4, "Filter": "(r_name = 'MIDDLE EAST'::bpchar)"}, {"Node Type": "Seq Scan", "Parent Relationship": "Inner", "Relation Name": "nation", "Alias": "nation", "Startup Cost": 0.0, "Total Cost": 1.25, "Plan Rows": 25, "Plan Width": 34}]}]}]}]}, {"Node Type": "Sort", "Parent Relationship": "Inner", "Startup Cost": 9764884.32, "Total Cost": 9914851.9, "Plan Rows": 59987033, "Plan Width": 32, "Sort Key": ["lineitem.l_suppkey"], "Plans": [{"Node Type": "Seq Scan", "Parent Relationship": "Outer", "Relation Name": "lineitem", "Alias": "lineitem", "Startup Cost": 0.0, "Total Cost": 2015115.33, "Plan Rows": 59987033, "Plan Width": 32}]}]}]}, {"Node Type": "Sort", "Parent Relationship": "Inner", "Startup Cost": 742384.39, "Total Cost": 748088.78, "Plan Rows": 2281758, "Plan Width": 16, "Sort Key": ["orders.o_orderkey"], "Plans": [{"Node Type": "Seq Scan", "Parent Relationship": "Outer", "Relation Name": "orders", "Alias": "orders", "Startup Cost": 441.06, "Total Cost": 501411.18, "Plan Rows": 2281758, "Plan Width": 16, "Filter": "((o_orderdate >= '1994-01-01 00:00:00'::timestamp(0) without time zone) AND (o_orderdate < '1995-01-01 00:00:00'::timestamp without time zone)), (LLVM Optimized)"}]}]}]}, {"Node Type": "Sort", "Parent Relationship": "Inner", "Startup Cost": 205999.98, "Total Cost": 209749.98, "Plan Rows": 1500000, "Plan Width": 12, "Sort Key": ["customer.c_custkey", "customer.c_nationkey"], "Plans": [{"Node Type": "Seq Scan", "Parent Relationship": "Outer", "Relation Name": "customer", "Alias": "customer", "Startup Cost": 0.0, "Total Cost": 52126.0, "Plan Rows": 1500000, "Plan Width": 12}]}]}]}]}, "Unique SQL Id": 1392561963}, "explain_analyze_plan": null}, "(16, 31)": {"explain_plan": {"Plan": {"Node Type": "Sort", "Startup Cost": 6006900701327.45, "Total Cost": 6006900701327.51, "Plan Rows": 25, "Plan Width": 50, "Sort Key": ["(sum((lineitem.l_extendedprice * (1::double precision - lineitem.l_discount)))) DESC"], "Plans": [{"Node Type": "Aggregate", "Strategy": "Hashed", "Parent Relationship": "Outer", "Startup Cost": 6006900701326.62, "Total Cost": 6006900701326.87, "Plan Rows": 25, "Plan Width": 50, "Group By Key": ["nation.n_name"], "Plans": [{"Node Type": "Merge Join", "Parent Relationship": "Outer", "Join Type": "Inner", "Startup Cost": 60036448550.05, "Total Cost": 6006900701232.72, "Plan Rows": 9390, "Plan Width": 42, "Inner Unique": true, "Merge Cond": "(supplier.s_nationkey = customer.c_nationkey)", "Join Filter": "(orders.o_custkey = customer.c_custkey)", "Plans": [{"Node Type": "Nested Loop", "Parent Relationship": "Outer", "Join Type": "Inner", "Startup Cost": 50036448550.05, "Total Cost": 5006604634115.96, "Plan Rows": 263699, "Plan Width": 58, "Inner Unique": false, "Join Filter": "(lineitem.l_suppkey = supplier.s_suppkey), (LLVM Optimized)", "Plans": [{"Node Type": "Nested Loop", "Parent Relationship": "Outer", "Join Type": "Inner", "Startup Cost": 30000000000.0, "Total Cost": 3000000543701.01, "Plan Rows": 20000, "Plan Width": 42, "Inner Unique": false, "Join Filter": "(nation.n_nationkey = supplier.s_nationkey)", "Plans": [{"Node Type": "Nested Loop", "Parent Relationship": "Outer", "Join Type": "Inner", "Startup Cost": 20000000000.0, "Total Cost": 2000000002496.63, "Plan Rows": 5, "Plan Width": 30, "Inner Unique": true, "Join Filter": "(nation.n_regionkey = region.r_regionkey)", "Plans": [{"Node Type": "Index Scan", "Parent Relationship": "Outer", "Scan Direction": "Forward", "Index Name": "nation_pkey", "Relation Name": "nation", "Alias": "nation", "Startup Cost": 10000000000.0, "Total Cost": 1000000001262.5, "Plan Rows": 25, "Plan Width": 34}, {"Node Type": "Materialize", "Parent Relationship": "Inner", "Startup Cost": 10000000000.0, "Total Cost": 1000000001233.76, "Plan Rows": 1, "Plan Width": 4, "Plans": [{"Node Type": "Index Scan", "Parent Relationship": "Outer", "Scan Direction": "Forward", "Index Name": "region_pkey", "Relation Name": "region", "Alias": "region", "Startup Cost": 10000000000.0, "Total Cost": 1000000001233.75, "Plan Rows": 1, "Plan Width": 4, "Filter": "(r_name = 'MIDDLE EAST'::bpchar)"}]}]}, {"Node Type": "Materialize", "Parent Relationship": "Inner", "Startup Cost": 10000000000.0, "Total Cost": 1000000533954.38, "Plan Rows": 100000, "Plan Width": 12, "Plans": [{"Node Type": "Index Scan", "Parent Relationship": "Outer", "Scan Direction": "Forward", "Index Name": "supplier_pkey", "Relation Name": "supplier", "Alias": "supplier", "Startup Cost": 10000000000.0, "Total Cost": 1000000533454.38, "Plan Rows": 100000, "Plan Width": 12}]}]}, {"Node Type": "Materialize", "Parent Relationship": "Inner", "Startup Cost": 20036448550.05, "Total Cost": 2000388917108.5, "Plan Rows": 20717417, "Plan Width": 32, "Plans": [{"Node Type": "Merge Join", "Parent Relationship": "Outer", "Join Type": "Inner", "Startup Cost": 20036448550.05, "Total Cost": 2000388813521.41, "Plan Rows": 20717417, "Plan Width": 32, "Inner Unique": false, "Merge Cond": "(orders.o_orderkey = lineitem.l_orderkey)", "Plans": [{"Node Type": "Index Scan", "Parent Relationship": "Outer", "Scan Direction": "Forward", "Index Name": "orders_pkey", "Relation Name": "orders", "Alias": "orders", "Startup Cost": 10000000000.0, "Total Cost": 1000080597583.0, "Plan Rows": 2281758, "Plan Width": 16, "Filter": "((o_orderdate >= '1994-01-01 00:00:00'::timestamp(0) without time zone) AND (o_orderdate < '1995-01-01 00:00:00'::timestamp without time zone)), (LLVM Optimized)"}, {"Node Type": "Index Scan", "Parent Relationship": "Inner", "Scan Direction": "Forward", "Index Name": "idx_lineitem_orderkey", "Relation Name": "lineitem", "Alias": "lineitem", "Startup Cost": 10000000000.0, "Total Cost": 1000324015374.5, "Plan Rows": 59987033, "Plan Width": 32}]}]}]}, {"Node Type": "Materialize", "Parent Relationship": "Inner", "Startup Cost": 10000000000.0, "Total Cost": 1000019203896.25, "Plan Rows": 1500000, "Plan Width": 12, "Plans": [{"Node Type": "Index Scan", "Parent Relationship": "Outer", "Scan Direction": "Forward", "Index Name": "idx_customer_nationkey", "Relation Name": "customer", "Alias": "customer", "Startup Cost": 10000000000.0, "Total Cost": 1000019200146.25, "Plan Rows": 1500000, "Plan Width": 12}]}]}]}]}, "Unique SQL Id": 1392561963}, "explain_analyze_plan": null}, "(16, 32)": {"explain_plan": {"Plan": {"Node Type": "Sort", "Startup Cost": 1720718.42, "Total Cost": 1720718.49, "Plan Rows": 25, "Plan Width": 50, "Sort Key": ["(sum((lineitem.l_extendedprice * (1::double precision - lineitem.l_discount)))) DESC"], "Plans": [{"Node Type": "Aggregate", "Strategy": "Hashed", "Parent Relationship": "Outer", "Startup Cost": 1720717.59, "Total Cost": 1720717.84, "Plan Rows": 25, "Plan Width": 50, "Group By Key": ["nation.n_name"], "Plans": [{"Node Type": "Hash Join", "Parent Relationship": "Outer", "Join Type": "Inner", "Startup Cost": 5813.37, "Total Cost": 1720623.69, "Plan Rows": 9390, "Plan Width": 42, "Inner Unique": true, "Hash Cond": "((lineitem.l_suppkey = supplier.s_suppkey) AND (customer.c_nationkey = supplier.s_nationkey))", "Plans": [{"Node Type": "Nested Loop", "Parent Relationship": "Outer", "Join Type": "Inner", "Startup Cost": 1030.37, "Total Cost": 1688079.68, "Plan Rows": 3688948, "Plan Width": 58, "Inner Unique": false, "Plans": [{"Node Type": "Nested Loop", "Parent Relationship": "Outer", "Join Type": "Inner", "Startup Cost": 1030.37, "Total Cost": 412285.27, "Plan Rows": 406290, "Plan Width": 42, "Inner Unique": false, "Plans": [{"Node Type": "Nested Loop", "Parent Relationship": "Outer", "Join Type": "Inner", "Startup Cost": 1030.37, "Total Cost": 37176.47, "Plan Rows": 300000, "Plan Width": 42, "Inner Unique": false, "Plans": [{"Node Type": "Nested Loop", "Parent Relationship": "Outer", "Join Type": "Inner", "Startup Cost": 0.0, "Total Cost": 14.06, "Plan Rows": 5, "Plan Width": 30, "Inner Unique": true, "Join Filter": "(nation.n_regionkey = region.r_regionkey)", "Plans": [{"Node Type": "Index Scan", "Parent Relationship": "Outer", "Scan Direction": "Forward", "Index Name": "nation_pkey", "Relation Name": "nation", "Alias": "nation", "Startup Cost": 0.0, "Total Cost": 12.62, "Plan Rows": 25, "Plan Width": 34}, {"Node Type": "Materialize", "Parent Relationship": "Inner", "Startup Cost": 0.0, "Total Cost": 1.07, "Plan Rows": 1, "Plan Width": 4, "Plans": [{"Node Type": "Seq Scan", "Parent Relationship": "Outer", "Relation Name": "region", "Alias": "region", "Startup Cost": 0.0, "Total Cost": 1.06, "Plan Rows": 1, "Plan Width": 4, "Filter": "(r_name = 'MIDDLE EAST'::bpchar)"}]}]}, {"Node Type": "Bitmap Heap Scan", "Parent Relationship": "Inner", "Relation Name": "customer", "Alias": "customer", "Startup Cost": 1030.37, "Total Cost": 6832.48, "Plan Rows": 60000, "Plan Width": 12, "Recheck Cond": "(c_nationkey = nation.n_nationkey)", "Plans": [{"Node Type": "Bitmap Index Scan", "Parent Relationship": "Outer", "Index Name": "idx_customer_nationkey", "Startup Cost": 0.0, "Total Cost": 1015.37, "Plan Rows": 60000, "Plan Width": 0, "Index Cond": "(c_nationkey = nation.n_nationkey)"}]}]}, {"Node Type": "Index Scan", "Parent Relationship": "Inner", "Scan Direction": "Forward", "Index Name": "idx_orders_custkey", "Relation Name": "orders", "Alias": "orders", "Startup Cost": 0.0, "Total Cost": 1.24, "Plan Rows": 1, "Plan Width": 16, "Index Cond": "(o_custkey = customer.c_custkey)", "Filter": "((o_orderdate >= '1994-01-01 00:00:00'::timestamp(0) without time zone) AND (o_orderdate < '1995-01-01 00:00:00'::timestamp without time zone))"}]}, {"Node Type": "Index Scan", "Parent Relationship": "Inner", "Scan Direction": "Forward", "Index Name": "idx_lineitem_orderkey", "Relation Name": "lineitem", "Alias": "lineitem", "Startup Cost": 0.0, "Total Cost": 3.05, "Plan Rows": 9, "Plan Width": 32, "Index Cond": "(l_orderkey = orders.o_orderkey)"}]}, {"Node Type": "Hash", "Parent Relationship": "Inner", "Startup Cost": 3283.0, "Total Cost": 3283.0, "Plan Rows": 100000, "Plan Width": 12, "Plans": [{"Node Type": "Seq Scan", "Parent Relationship": "Outer", "Relation Name": "supplier", "Alias": "supplier", "Startup Cost": 0.0, "Total Cost": 3283.0, "Plan Rows": 100000, "Plan Width": 12}]}]}]}]}, "Unique SQL Id": 1392561963}, "explain_analyze_plan": {"Plan": {"Node Type": "Sort", "Startup Cost": 1720718.42, "Total Cost": 1720718.49, "Plan Rows": 25, "Plan Width": 50, "Actual Startup Time": 16616.738, "Actual Total Time": 16616.739, "Actual Rows": 5, "Actual Loops": 1, "Sort Key": ["(sum((lineitem.l_extendedprice * (1::double precision - lineitem.l_discount)))) DESC"], "Sort Method": "quicksort", "Sort Space Used": 25, "Sort Space Type": "Memory", "Plans": [{"Node Type": "Aggregate", "Strategy": "Hashed", "Parent Relationship": "Outer", "Startup Cost": 1720717.59, "Total Cost": 1720717.84, "Plan Rows": 25, "Plan Width": 50, "Actual Startup Time": 16616.716, "Actual Total Time": 16616.718, "Actual Rows": 5, "Actual Loops": 1, "Group By Key": ["nation.n_name"], "Plans": [{"Node Type": "Hash Join", "Parent Relationship": "Outer", "Join Type": "Inner", "Startup Cost": 5813.37, "Total Cost": 1720623.69, "Plan Rows": 9390, "Plan Width": 42, "Actual Startup Time": 85.28, "Actual Total Time": 16534.277, "Actual Rows": 72985, "Actual Loops": 1, "Inner Unique": true, "Hash Cond": "((lineitem.l_suppkey = supplier.s_suppkey) AND (customer.c_nationkey = supplier.s_nationkey))", "Plans": [{"Node Type": "Nested Loop", "Parent Relationship": "Outer", "Join Type": "Inner", "Startup Cost": 1030.37, "Total Cost": 1688079.68, "Plan Rows": 3688948, "Plan Width": 58, "Actual Startup Time": 17.869, "Actual Total Time": 15590.986, "Actual Rows": 1815222, "Actual Loops": 1, "Inner Unique": false, "Plans": [{"Node Type": "Nested Loop", "Parent Relationship": "Outer", "Join Type": "Inner", "Startup Cost": 1030.37, "Total Cost": 412285.27, "Plan Rows": 406290, "Plan Width": 42, "Actual Startup Time": 17.845, "Actual Total Time": 9743.083, "Actual Rows": 454183, "Actual Loops": 1, "Inner Unique": false, "Plans": [{"Node Type": "Nested Loop", "Parent Relationship": "Outer", "Join Type": "Inner", "Startup Cost": 1030.37, "Total Cost": 37176.47, "Plan Rows": 300000, "Plan Width": 42, "Actual Startup Time": 17.766, "Actual Total Time": 658.444, "Actual Rows": 299838, "Actual Loops": 1, "Inner Unique": false, "Plans": [{"Node Type": "Nested Loop", "Parent Relationship": "Outer", "Join Type": "Inner", "Startup Cost": 0.0, "Total Cost": 14.06, "Plan Rows": 5, "Plan Width": 30, "Actual Startup Time": 0.049, "Actual Total Time": 0.124, "Actual Rows": 5, "Actual Loops": 1, "Inner Unique": true, "Join Filter": "(nation.n_regionkey = region.r_regionkey)", "Rows Removed by Join Filter": 20, "Plans": [{"Node Type": "Index Scan", "Parent Relationship": "Outer", "Scan Direction": "Forward", "Index Name": "nation_pkey", "Relation Name": "nation", "Alias": "nation", "Startup Cost": 0.0, "Total Cost": 12.62, "Plan Rows": 25, "Plan Width": 34, "Actual Startup Time": 0.013, "Actual Total Time": 0.041, "Actual Rows": 25, "Actual Loops": 1}, {"Node Type": "Materialize", "Parent Relationship": "Inner", "Startup Cost": 0.0, "Total Cost": 1.07, "Plan Rows": 1, "Plan Width": 4, "Actual Startup Time": 0.033, "Actual Total Time": 0.04, "Actual Rows": 25, "Actual Loops": 25, "Plans": [{"Node Type": "Seq Scan", "Parent Relationship": "Outer", "Relation Name": "region", "Alias": "region", "Startup Cost": 0.0, "Total Cost": 1.06, "Plan Rows": 1, "Plan Width": 4, "Actual Startup Time": 0.019, "Actual Total Time": 0.021, "Actual Rows": 1, "Actual Loops": 1, "Filter": "(r_name = 'MIDDLE EAST'::bpchar)", "Rows Removed by Filter": 4}]}]}, {"Node Type": "Bitmap Heap Scan", "Parent Relationship": "Inner", "Relation Name": "customer", "Alias": "customer", "Startup Cost": 1030.37, "Total Cost": 6832.48, "Plan Rows": 60000, "Plan Width": 12, "Actual Startup Time": 95.451, "Actual Total Time": 583.245, "Actual Rows": 299838, "Actual Loops": 5, "Recheck Cond": "(c_nationkey = nation.n_nationkey)", "Rows Removed by Index Recheck": 0, "Exact Heap Blocks": 150033, "Lossy Heap Blocks": 150033, "Plans": [{"Node Type": "Bitmap Index Scan", "Parent Relationship": "Outer", "Index Name": "idx_customer_nationkey", "Startup Cost": 0.0, "Total Cost": 1015.37, "Plan Rows": 60000, "Plan Width": 0, "Actual Startup Time": 62.087, "Actual Total Time": 62.087, "Actual Rows": 299838, "Actual Loops": 5, "Index Cond": "(c_nationkey = nation.n_nationkey)"}]}]}, {"Node Type": "Index Scan", "Parent Relationship": "Inner", "Scan Direction": "Forward", "Index Name": "idx_orders_custkey", "Relation Name": "orders", "Alias": "orders", "Startup Cost": 0.0, "Total Cost": 1.24, "Plan Rows": 1, "Plan Width": 16, "Actual Startup Time": 4126.452, "Actual Total Time": 8825.168, "Actual Rows": 454183, "Actual Loops": 299838, "Index Cond": "(o_custkey = customer.c_custkey)", "Rows Removed by Index Recheck": 0, "Filter": "((o_orderdate >= '1994-01-01 00:00:00'::timestamp(0) without time zone) AND (o_orderdate < '1995-01-01 00:00:00'::timestamp without time zone))", "Rows Removed by Filter": 2542535}]}, {"Node Type": "Index Scan", "Parent Relationship": "Inner", "Scan Direction": "Forward", "Index Name": "idx_lineitem_orderkey", "Relation Name": "lineitem", "Alias": "lineitem", "Startup Cost": 0.0, "Total Cost": 3.05, "Plan Rows": 9, "Plan Width": 32, "Actual Startup Time": 4232.133, "Actual Total Time": 5188.805, "Actual Rows": 1815222, "Actual Loops": 454183, "Index Cond": "(l_orderkey = orders.o_orderkey)", "Rows Removed by Index Recheck": 0}]}, {"Node Type": "Hash", "Parent Relationship": "Inner", "Startup Cost": 3283.0, "Total Cost": 3283.0, "Plan Rows": 100000, "Plan Width": 12, "Actual Startup Time": 67.178, "Actual Total Time": 67.178, "Actual Rows": 100000, "Actual Loops": 1, "Hash Buckets": 131072, "Hash Batches": 1, "Original Hash Batches": 1, "Peak Memory Usage": 4297, "Plans": [{"Node Type": "Seq Scan", "Parent Relationship": "Outer", "Relation Name": "supplier", "Alias": "supplier", "Startup Cost": 0.0, "Total Cost": 3283.0, "Plan Rows": 100000, "Plan Width": 12, "Actual Startup Time": 0.015, "Actual Total Time": 36.304, "Actual Rows": 100000, "Actual Loops": 1}]}]}]}]}, "Triggers": [], "Planner Runtime": 10.103, "Total Runtime": 16617.12, "Unique SQL Id": 1392561963}}, "(16, 33)": {"explain_plan": {"Plan": {"Node Type": "Sort", "Startup Cost": 1722781.24, "Total Cost": 1722781.31, "Plan Rows": 25, "Plan Width": 50, "Sort Key": ["(sum((lineitem.l_extendedprice * (1::double precision - lineitem.l_discount)))) DESC"], "Plans": [{"Node Type": "Aggregate", "Strategy": "Hashed", "Parent Relationship": "Outer", "Startup Cost": 1722780.41, "Total Cost": 1722780.66, "Plan Rows": 25, "Plan Width": 50, "Group By Key": ["nation.n_name"], "Plans": [{"Node Type": "Hash Join", "Parent Relationship": "Outer", "Join Type": "Inner", "Startup Cost": 7864.91, "Total Cost": 1722686.51, "Plan Rows": 9390, "Plan Width": 42, "Inner Unique": true, "Hash Cond": "((lineitem.l_suppkey = supplier.s_suppkey) AND (customer.c_nationkey = supplier.s_nationkey))", "Plans": [{"Node Type": "Nested Loop", "Parent Relationship": "Outer", "Join Type": "Inner", "Startup Cost": 1030.37, "Total Cost": 1688090.96, "Plan Rows": 3688948, "Plan Width": 58, "Inner Unique": false, "Plans": [{"Node Type": "Nested Loop", "Parent Relationship": "Outer", "Join Type": "Inner", "Startup Cost": 1030.37, "Total Cost": 412296.55, "Plan Rows": 406290, "Plan Width": 42, "Inner Unique": false, "Plans": [{"Node Type": "Nested Loop", "Parent Relationship": "Outer", "Join Type": "Inner", "Startup Cost": 1030.37, "Total Cost": 37187.75, "Plan Rows": 300000, "Plan Width": 42, "Inner Unique": false, "Plans": [{"Node Type": "Nested Loop", "Parent Relationship": "Outer", "Join Type": "Inner", "Startup Cost": 0.0, "Total Cost": 25.34, "Plan Rows": 5, "Plan Width": 30, "Inner Unique": true, "Join Filter": "(nation.n_regionkey = region.r_regionkey)", "Plans": [{"Node Type": "Index Scan", "Parent Relationship": "Outer", "Scan Direction": "Forward", "Index Name": "nation_pkey", "Relation Name": "nation", "Alias": "nation", "Startup Cost": 0.0, "Total Cost": 12.62, "Plan Rows": 25, "Plan Width": 34}, {"Node Type": "Materialize", "Parent Relationship": "Inner", "Startup Cost": 0.0, "Total Cost": 12.34, "Plan Rows": 1, "Plan Width": 4, "Plans": [{"Node Type": "Index Scan", "Parent Relationship": "Outer", "Scan Direction": "Forward", "Index Name": "region_pkey", "Relation Name": "region", "Alias": "region", "Startup Cost": 0.0, "Total Cost": 12.34, "Plan Rows": 1, "Plan Width": 4, "Filter": "(r_name = 'MIDDLE EAST'::bpchar)"}]}]}, {"Node Type": "Bitmap Heap Scan", "Parent Relationship": "Inner", "Relation Name": "customer", "Alias": "customer", "Startup Cost": 1030.37, "Total Cost": 6832.48, "Plan Rows": 60000, "Plan Width": 12, "Recheck Cond": "(c_nationkey = nation.n_nationkey)", "Plans": [{"Node Type": "Bitmap Index Scan", "Parent Relationship": "Outer", "Index Name": "idx_customer_nationkey", "Startup Cost": 0.0, "Total Cost": 1015.37, "Plan Rows": 60000, "Plan Width": 0, "Index Cond": "(c_nationkey = nation.n_nationkey)"}]}]}, {"Node Type": "Index Scan", "Parent Relationship": "Inner", "Scan Direction": "Forward", "Index Name": "idx_orders_custkey", "Relation Name": "orders", "Alias": "orders", "Startup Cost": 0.0, "Total Cost": 1.24, "Plan Rows": 1, "Plan Width": 16, "Index Cond": "(o_custkey = customer.c_custkey)", "Filter": "((o_orderdate >= '1994-01-01 00:00:00'::timestamp(0) without time zone) AND (o_orderdate < '1995-01-01 00:00:00'::timestamp without time zone))"}]}, {"Node Type": "Index Scan", "Parent Relationship": "Inner", "Scan Direction": "Forward", "Index Name": "idx_lineitem_orderkey", "Relation Name": "lineitem", "Alias": "lineitem", "Startup Cost": 0.0, "Total Cost": 3.05, "Plan Rows": 9, "Plan Width": 32, "Index Cond": "(l_orderkey = orders.o_orderkey)"}]}, {"Node Type": "Hash", "Parent Relationship": "Inner", "Startup Cost": 5334.54, "Total Cost": 5334.54, "Plan Rows": 100000, "Plan Width": 12, "Plans": [{"Node Type": "Index Scan", "Parent Relationship": "Outer", "Scan Direction": "Forward", "Index Name": "supplier_pkey", "Relation Name": "supplier", "Alias": "supplier", "Startup Cost": 0.0, "Total Cost": 5334.54, "Plan Rows": 100000, "Plan Width": 12}]}]}]}]}, "Unique SQL Id": 1392561963}, "explain_analyze_plan": {"Plan": {"Node Type": "Sort", "Startup Cost": 1722781.24, "Total Cost": 1722781.31, "Plan Rows": 25, "Plan Width": 50, "Actual Startup Time": 16446.381, "Actual Total Time": 16446.381, "Actual Rows": 5, "Actual Loops": 1, "Sort Key": ["(sum((lineitem.l_extendedprice * (1::double precision - lineitem.l_discount)))) DESC"], "Sort Method": "quicksort", "Sort Space Used": 25, "Sort Space Type": "Memory", "Plans": [{"Node Type": "Aggregate", "Strategy": "Hashed", "Parent Relationship": "Outer", "Startup Cost": 1722780.41, "Total Cost": 1722780.66, "Plan Rows": 25, "Plan Width": 50, "Actual Startup Time": 16446.351, "Actual Total Time": 16446.355, "Actual Rows": 5, "Actual Loops": 1, "Group By Key": ["nation.n_name"], "Plans": [{"Node Type": "Hash Join", "Parent Relationship": "Outer", "Join Type": "Inner", "Startup Cost": 7864.91, "Total Cost": 1722686.51, "Plan Rows": 9390, "Plan Width": 42, "Actual Startup Time": 116.237, "Actual Total Time": 16363.259, "Actual Rows": 72985, "Actual Loops": 1, "Inner Unique": true, "Hash Cond": "((lineitem.l_suppkey = supplier.s_suppkey) AND (customer.c_nationkey = supplier.s_nationkey))", "Plans": [{"Node Type": "Nested Loop", "Parent Relationship": "Outer", "Join Type": "Inner", "Startup Cost": 1030.37, "Total Cost": 1688090.96, "Plan Rows": 3688948, "Plan Width": 58, "Actual Startup Time": 17.989, "Actual Total Time": 15464.74, "Actual Rows": 1815222, "Actual Loops": 1, "Inner Unique": false, "Plans": [{"Node Type": "Nested Loop", "Parent Relationship": "Outer", "Join Type": "Inner", "Startup Cost": 1030.37, "Total Cost": 412296.55, "Plan Rows": 406290, "Plan Width": 42, "Actual Startup Time": 17.969, "Actual Total Time": 9536.232, "Actual Rows": 454183, "Actual Loops": 1, "Inner Unique": false, "Plans": [{"Node Type": "Nested Loop", "Parent Relationship": "Outer", "Join Type": "Inner", "Startup Cost": 1030.37, "Total Cost": 37187.75, "Plan Rows": 300000, "Plan Width": 42, "Actual Startup Time": 17.892, "Actual Total Time": 665.791, "Actual Rows": 299838, "Actual Loops": 1, "Inner Unique": false, "Plans": [{"Node Type": "Nested Loop", "Parent Relationship": "Outer", "Join Type": "Inner", "Startup Cost": 0.0, "Total Cost": 25.34, "Plan Rows": 5, "Plan Width": 30, "Actual Startup Time": 0.051, "Actual Total Time": 0.227, "Actual Rows": 5, "Actual Loops": 1, "Inner Unique": true, "Join Filter": "(nation.n_regionkey = region.r_regionkey)", "Rows Removed by Join Filter": 20, "Plans": [{"Node Type": "Index Scan", "Parent Relationship": "Outer", "Scan Direction": "Forward", "Index Name": "nation_pkey", "Relation Name": "nation", "Alias": "nation", "Startup Cost": 0.0, "Total Cost": 12.62, "Plan Rows": 25, "Plan Width": 34, "Actual Startup Time": 0.018, "Actual Total Time": 0.131, "Actual Rows": 25, "Actual Loops": 1}, {"Node Type": "Materialize", "Parent Relationship": "Inner", "Startup Cost": 0.0, "Total Cost": 12.34, "Plan Rows": 1, "Plan Width": 4, "Actual Startup Time": 0.033, "Actual Total Time": 0.037, "Actual Rows": 25, "Actual Loops": 25, "Plans": [{"Node Type": "Index Scan", "Parent Relationship": "Outer", "Scan Direction": "Forward", "Index Name": "region_pkey", "Relation Name": "region", "Alias": "region", "Startup Cost": 0.0, "Total Cost": 12.34, "Plan Rows": 1, "Plan Width": 4, "Actual Startup Time": 0.015, "Actual Total Time": 0.017, "Actual Rows": 1, "Actual Loops": 1, "Filter": "(r_name = 'MIDDLE EAST'::bpchar)", "Rows Removed by Filter": 4}]}]}, {"Node Type": "Bitmap Heap Scan", "Parent Relationship": "Inner", "Relation Name": "customer", "Alias": "customer", "Startup Cost": 1030.37, "Total Cost": 6832.48, "Plan Rows": 60000, "Plan Width": 12, "Actual Startup Time": 91.65, "Actual Total Time": 592.03, "Actual Rows": 299838, "Actual Loops": 5, "Recheck Cond": "(c_nationkey = nation.n_nationkey)", "Rows Removed by Index Recheck": 0, "Exact Heap Blocks": 150033, "Lossy Heap Blocks": 150033, "Plans": [{"Node Type": "Bitmap Index Scan", "Parent Relationship": "Outer", "Index Name": "idx_customer_nationkey", "Startup Cost": 0.0, "Total Cost": 1015.37, "Plan Rows": 60000, "Plan Width": 0, "Actual Startup Time": 58.272, "Actual Total Time": 58.272, "Actual Rows": 299838, "Actual Loops": 5, "Index Cond": "(c_nationkey = nation.n_nationkey)"}]}]}, {"Node Type": "Index Scan", "Parent Relationship": "Inner", "Scan Direction": "Forward", "Index Name": "idx_orders_custkey", "Relation Name": "orders", "Alias": "orders", "Startup Cost": 0.0, "Total Cost": 1.24, "Plan Rows": 1, "Plan Width": 16, "Actual Startup Time": 4090.765, "Actual Total Time": 8608.682, "Actual Rows": 454183, "Actual Loops": 299838, "Index Cond": "(o_custkey = customer.c_custkey)", "Rows Removed by Index Recheck": 0, "Filter": "((o_orderdate >= '1994-01-01 00:00:00'::timestamp(0) without time zone) AND (o_orderdate < '1995-01-01 00:00:00'::timestamp without time zone))", "Rows Removed by Filter": 2542535}]}, {"Node Type": "Index Scan", "Parent Relationship": "Inner", "Scan Direction": "Forward", "Index Name": "idx_lineitem_orderkey", "Relation Name": "lineitem", "Alias": "lineitem", "Startup Cost": 0.0, "Total Cost": 3.05, "Plan Rows": 9, "Plan Width": 32, "Actual Startup Time": 4310.247, "Actual Total Time": 5278.103, "Actual Rows": 1815222, "Actual Loops": 454183, "Index Cond": "(l_orderkey = orders.o_orderkey)", "Rows Removed by Index Recheck": 0}]}, {"Node Type": "Hash", "Parent Relationship": "Inner", "Startup Cost": 5334.54, "Total Cost": 5334.54, "Plan Rows": 100000, "Plan Width": 12, "Actual Startup Time": 98.001, "Actual Total Time": 98.001, "Actual Rows": 100000, "Actual Loops": 1, "Hash Buckets": 131072, "Hash Batches": 1, "Original Hash Batches": 1, "Peak Memory Usage": 4297, "Plans": [{"Node Type": "Index Scan", "Parent Relationship": "Outer", "Scan Direction": "Forward", "Index Name": "supplier_pkey", "Relation Name": "supplier", "Alias": "supplier", "Startup Cost": 0.0, "Total Cost": 5334.54, "Plan Rows": 100000, "Plan Width": 12, "Actual Startup Time": 0.025, "Actual Total Time": 65.467, "Actual Rows": 100000, "Actual Loops": 1}]}]}]}]}, "Triggers": [], "Planner Runtime": 5.439, "Total Runtime": 16446.869, "Unique SQL Id": 1392561963}}, "(16, 34)": {"explain_plan": {"Plan": {"Node Type": "Sort", "Startup Cost": 2457247.05, "Total Cost": 2457247.11, "Plan Rows": 25, "Plan Width": 50, "Sort Key": ["(sum((lineitem.l_extendedprice * (1::double precision - lineitem.l_discount)))) DESC"], "Plans": [{"Node Type": "Aggregate", "Strategy": "Hashed", "Parent Relationship": "Outer", "Startup Cost": 2457246.22, "Total Cost": 2457246.47, "Plan Rows": 25, "Plan Width": 50, "Group By Key": ["nation.n_name"], "Plans": [{"Node Type": "Hash Join", "Parent Relationship": "Outer", "Join Type": "Inner", "Startup Cost": 104058.84, "Total Cost": 2457152.32, "Plan Rows": 9390, "Plan Width": 42, "Inner Unique": true, "Hash Cond": "((lineitem.l_suppkey = supplier.s_suppkey) AND (customer.c_nationkey = supplier.s_nationkey))", "Plans": [{"Node Type": "Nested Loop", "Parent Relationship": "Outer", "Join Type": "Inner", "Startup Cost": 99275.84, "Total Cost": 2424608.31, "Plan Rows": 3688948, "Plan Width": 58, "Inner Unique": false, "Plans": [{"Node Type": "Hash Join", "Parent Relationship": "Outer", "Join Type": "Inner", "Startup Cost": 99275.12, "Total Cost": 422539.98, "Plan Rows": 406290, "Plan Width": 42, "Inner Unique": false, "Hash Cond": "(orders.o_custkey = customer.c_custkey), (LLVM Optimized)", "Plans": [{"Node Type": "Bitmap Heap Scan", "Parent Relationship": "Outer", "Relation Name": "orders", "Alias": "orders", "Startup Cost": 58360.27, "Total Cost": 369005.64, "Plan Rows": 2281758, "Plan Width": 16, "Recheck Cond": "((o_orderdate >= '1994-01-01 00:00:00'::timestamp(0) without time zone) AND (o_orderdate < '1995-01-01 00:00:00'::timestamp without time zone)), (LLVM Optimized)", "Plans": [{"Node Type": "Bitmap Index Scan", "Parent Relationship": "Outer", "Index Name": "idx_orders_orderdate", "Startup Cost": 0.0, "Total Cost": 57789.83, "Plan Rows": 2281758, "Plan Width": 0, "Index Cond": "((o_orderdate >= '1994-01-01 00:00:00'::timestamp(0) without time zone) AND (o_orderdate < '1995-01-01 00:00:00'::timestamp without time zone))"}]}, {"Node Type": "Hash", "Parent Relationship": "Inner", "Startup Cost": 37164.85, "Total Cost": 37164.85, "Plan Rows": 300000, "Plan Width": 42, "Plans": [{"Node Type": "Nested Loop", "Parent Relationship": "Outer", "Join Type": "Inner", "Startup Cost": 1031.44, "Total Cost": 37164.85, "Plan Rows": 300000, "Plan Width": 42, "Inner Unique": false, "Plans": [{"Node Type": "Hash Join", "Parent Relationship": "Outer", "Join Type": "Inner", "Startup Cost": 1.07, "Total Cost": 2.44, "Plan Rows": 5, "Plan Width": 30, "Inner Unique": true, "Hash Cond": "(nation.n_regionkey = region.r_regionkey)", "Plans": [{"Node Type": "Seq Scan", "Parent Relationship": "Outer", "Relation Name": "nation", "Alias": "nation", "Startup Cost": 0.0, "Total Cost": 1.25, "Plan Rows": 25, "Plan Width": 34}, {"Node Type": "Hash", "Parent Relationship": "Inner", "Startup Cost": 1.06, "Total Cost": 1.06, "Plan Rows": 1, "Plan Width": 4, "Plans": [{"Node Type": "Seq Scan", "Parent Relationship": "Outer", "Relation Name": "region", "Alias": "region", "Startup Cost": 0.0, "Total Cost": 1.06, "Plan Rows": 1, "Plan Width": 4, "Filter": "(r_name = 'MIDDLE EAST'::bpchar)"}]}]}, {"Node Type": "Bitmap Heap Scan", "Parent Relationship": "Inner", "Relation Name": "customer", "Alias": "customer", "Startup Cost": 1030.37, "Total Cost": 6832.48, "Plan Rows": 60000, "Plan Width": 12, "Recheck Cond": "(c_nationkey = nation.n_nationkey)", "Plans": [{"Node Type": "Bitmap Index Scan", "Parent Relationship": "Outer", "Index Name": "idx_customer_nationkey", "Startup Cost": 0.0, "Total Cost": 1015.37, "Plan Rows": 60000, "Plan Width": 0, "Index Cond": "(c_nationkey = nation.n_nationkey)"}]}]}]}]}, {"Node Type": "Bitmap Heap Scan", "Parent Relationship": "Inner", "Relation Name": "lineitem", "Alias": "lineitem", "Startup Cost": 0.73, "Total Cost": 4.84, "Plan Rows": 9, "Plan Width": 32, "Recheck Cond": "(l_orderkey = orders.o_orderkey)", "Plans": [{"Node Type": "Bitmap Index Scan", "Parent Relationship": "Outer", "Index Name": "idx_lineitem_orderkey", "Startup Cost": 0.0, "Total Cost": 0.72, "Plan Rows": 9, "Plan Width": 0, "Index Cond": "(l_orderkey = orders.o_orderkey)"}]}]}, {"Node Type": "Hash", "Parent Relationship": "Inner", "Startup Cost": 3283.0, "Total Cost": 3283.0, "Plan Rows": 100000, "Plan Width": 12, "Plans": [{"Node Type": "Seq Scan", "Parent Relationship": "Outer", "Relation Name": "supplier", "Alias": "supplier", "Startup Cost": 0.0, "Total Cost": 3283.0, "Plan Rows": 100000, "Plan Width": 12}]}]}]}]}, "Unique SQL Id": 1392561963}, "explain_analyze_plan": {"Plan": {"Node Type": "Sort", "Startup Cost": 2457247.05, "Total Cost": 2457247.11, "Plan Rows": 25, "Plan Width": 50, "Actual Startup Time": 10231.164, "Actual Total Time": 10231.165, "Actual Rows": 5, "Actual Loops": 1, "Sort Key": ["(sum((lineitem.l_extendedprice * (1::double precision - lineitem.l_discount)))) DESC"], "Sort Method": "quicksort", "Sort Space Used": 25, "Sort Space Type": "Memory", "Plans": [{"Node Type": "Aggregate", "Strategy": "Hashed", "Parent Relationship": "Outer", "Startup Cost": 2457246.22, "Total Cost": 2457246.47, "Plan Rows": 25, "Plan Width": 50, "Actual Startup Time": 10231.139, "Actual Total Time": 10231.139, "Actual Rows": 5, "Actual Loops": 1, "Group By Key": ["nation.n_name"], "Plans": [{"Node Type": "Hash Join", "Parent Relationship": "Outer", "Join Type": "Inner", "Startup Cost": 104058.84, "Total Cost": 2457152.32, "Plan Rows": 9390, "Plan Width": 42, "Actual Startup Time": 1455.675, "Actual Total Time": 10153.26, "Actual Rows": 72985, "Actual Loops": 1, "Inner Unique": true, "Hash Cond": "((lineitem.l_suppkey = supplier.s_suppkey) AND (customer.c_nationkey = supplier.s_nationkey))", "Plans": [{"Node Type": "Nested Loop", "Parent Relationship": "Outer", "Join Type": "Inner", "Startup Cost": 99275.84, "Total Cost": 2424608.31, "Plan Rows": 3688948, "Plan Width": 58, "Actual Startup Time": 1388.075, "Actual Total Time": 9340.13, "Actual Rows": 1815222, "Actual Loops": 1, "Inner Unique": false, "Plans": [{"Node Type": "Hash Join", "Parent Relationship": "Outer", "Join Type": "Inner", "Startup Cost": 99275.12, "Total Cost": 422539.98, "Plan Rows": 406290, "Plan Width": 42, "Actual Startup Time": 1388.007, "Actual Total Time": 4342.76, "Actual Rows": 454183, "Actual Loops": 1, "Inner Unique": false, "Hash Cond": "(orders.o_custkey = customer.c_custkey), (LLVM Optimized, Jit Execute)", "Plans": [{"Node Type": "Bitmap Heap Scan", "Parent Relationship": "Outer", "Relation Name": "orders", "Alias": "orders", "Startup Cost": 58360.27, "Total Cost": 369005.64, "Plan Rows": 2281758, "Plan Width": 16, "Actual Startup Time": 652.124, "Actual Total Time": 2433.376, "Actual Rows": 2275919, "Actual Loops": 1, "Recheck Cond": "((o_orderdate >= '1994-01-01 00:00:00'::timestamp(0) without time zone) AND (o_orderdate < '1995-01-01 00:00:00'::timestamp without time zone)), (LLVM Optimized, Jit Execute)", "Rows Removed by Index Recheck": 0, "Exact Heap Blocks": 276381, "Lossy Heap Blocks": 276381, "Plans": [{"Node Type": "Bitmap Index Scan", "Parent Relationship": "Outer", "Index Name": "idx_orders_orderdate", "Startup Cost": 0.0, "Total Cost": 57789.83, "Plan Rows": 2281758, "Plan Width": 0, "Actual Startup Time": 563.826, "Actual Total Time": 563.826, "Actual Rows": 2275919, "Actual Loops": 1, "Index Cond": "((o_orderdate >= '1994-01-01 00:00:00'::timestamp(0) without time zone) AND (o_orderdate < '1995-01-01 00:00:00'::timestamp without time zone))"}]}, {"Node Type": "Hash", "Parent Relationship": "Inner", "Startup Cost": 37164.85, "Total Cost": 37164.85, "Plan Rows": 300000, "Plan Width": 42, "Actual Startup Time": 735.466, "Actual Total Time": 735.466, "Actual Rows": 299838, "Actual Loops": 1, "Hash Buckets": 524288, "Hash Batches": 1, "Original Hash Batches": 1, "Peak Memory Usage": 22254, "Plans": [{"Node Type": "Nested Loop", "Parent Relationship": "Outer", "Join Type": "Inner", "Startup Cost": 1031.44, "Total Cost": 37164.85, "Plan Rows": 300000, "Plan Width": 42, "Actual Startup Time": 18.112, "Actual Total Time": 616.312, "Actual Rows": 299838, "Actual Loops": 1, "Inner Unique": false, "Plans": [{"Node Type": "Hash Join", "Parent Relationship": "Outer", "Join Type": "Inner", "Startup Cost": 1.07, "Total Cost": 2.44, "Plan Rows": 5, "Plan Width": 30, "Actual Startup Time": 0.092, "Actual Total Time": 0.166, "Actual Rows": 5, "Actual Loops": 1, "Inner Unique": true, "Hash Cond": "(nation.n_regionkey = region.r_regionkey)", "Plans": [{"Node Type": "Seq Scan", "Parent Relationship": "Outer", "Relation Name": "nation", "Alias": "nation", "Startup Cost": 0.0, "Total Cost": 1.25, "Plan Rows": 25, "Plan Width": 34, "Actual Startup Time": 0.024, "Actual Total Time": 0.046, "Actual Rows": 25, "Actual Loops": 1}, {"Node Type": "Hash", "Parent Relationship": "Inner", "Startup Cost": 1.06, "Total Cost": 1.06, "Plan Rows": 1, "Plan Width": 4, "Actual Startup Time": 0.026, "Actual Total Time": 0.026, "Actual Rows": 1, "Actual Loops": 1, "Hash Buckets": 32768, "Hash Batches": 1, "Original Hash Batches": 1, "Peak Memory Usage": 1, "Plans": [{"Node Type": "Seq Scan", "Parent Relationship": "Outer", "Relation Name": "region", "Alias": "region", "Startup Cost": 0.0, "Total Cost": 1.06, "Plan Rows": 1, "Plan Width": 4, "Actual Startup Time": 0.021, "Actual Total Time": 0.022, "Actual Rows": 1, "Actual Loops": 1, "Filter": "(r_name = 'MIDDLE EAST'::bpchar)", "Rows Removed by Filter": 4}]}]}, {"Node Type": "Bitmap Heap Scan", "Parent Relationship": "Inner", "Relation Name": "customer", "Alias": "customer", "Startup Cost": 1030.37, "Total Cost": 6832.48, "Plan Rows": 60000, "Plan Width": 12, "Actual Startup Time": 90.805, "Actual Total Time": 547.481, "Actual Rows": 299838, "Actual Loops": 5, "Recheck Cond": "(c_nationkey = nation.n_nationkey)", "Rows Removed by Index Recheck": 0, "Exact Heap Blocks": 150033, "Lossy Heap Blocks": 150033, "Plans": [{"Node Type": "Bitmap Index Scan", "Parent Relationship": "Outer", "Index Name": "idx_customer_nationkey", "Startup Cost": 0.0, "Total Cost": 1015.37, "Plan Rows": 60000, "Plan Width": 0, "Actual Startup Time": 57.791, "Actual Total Time": 57.791, "Actual Rows": 299838, "Actual Loops": 5, "Index Cond": "(c_nationkey = nation.n_nationkey)"}]}]}]}]}, {"Node Type": "Bitmap Heap Scan", "Parent Relationship": "Inner", "Relation Name": "lineitem", "Alias": "lineitem", "Startup Cost": 0.73, "Total Cost": 4.84, "Plan Rows": 9, "Plan Width": 32, "Actual Startup Time": 3758.685, "Actual Total Time": 4076.579, "Actual Rows": 1815222, "Actual Loops": 454183, "Recheck Cond": "(l_orderkey = orders.o_orderkey)", "Rows Removed by Index Recheck": 0, "Exact Heap Blocks": 486530, "Lossy Heap Blocks": 486530, "Plans": [{"Node Type": "Bitmap Index Scan", "Parent Relationship": "Outer", "Index Name": "idx_lineitem_orderkey", "Startup Cost": 0.0, "Total Cost": 0.72, "Plan Rows": 9, "Plan Width": 0, "Actual Startup Time": 2087.51, "Actual Total Time": 2087.51, "Actual Rows": 1815222, "Actual Loops": 454183, "Index Cond": "(l_orderkey = orders.o_orderkey)"}]}]}, {"Node Type": "Hash", "Parent Relationship": "Inner", "Startup Cost": 3283.0, "Total Cost": 3283.0, "Plan Rows": 100000, "Plan Width": 12, "Actual Startup Time": 67.446, "Actual Total Time": 67.446, "Actual Rows": 100000, "Actual Loops": 1, "Hash Buckets": 131072, "Hash Batches": 1, "Original Hash Batches": 1, "Peak Memory Usage": 4297, "Plans": [{"Node Type": "Seq Scan", "Parent Relationship": "Outer", "Relation Name": "supplier", "Alias": "supplier", "Startup Cost": 0.0, "Total Cost": 3283.0, "Plan Rows": 100000, "Plan Width": 12, "Actual Startup Time": 0.022, "Actual Total Time": 36.695, "Actual Rows": 100000, "Actual Loops": 1}]}]}]}]}, "Triggers": [], "Planner Runtime": 8.833, "Total Runtime": 10241.237, "Unique SQL Id": 1392561963}}, "(16, 35)": {"explain_plan": {"Plan": {"Node Type": "Sort", "Startup Cost": 46003135.57, "Total Cost": 46003135.63, "Plan Rows": 25, "Plan Width": 50, "Sort Key": ["(sum((lineitem.l_extendedprice * (1::double precision - lineitem.l_discount)))) DESC"], "Plans": [{"Node Type": "Aggregate", "Strategy": "Hashed", "Parent Relationship": "Outer", "Startup Cost": 46003134.74, "Total Cost": 46003134.99, "Plan Rows": 25, "Plan Width": 50, "Group By Key": ["nation.n_name"], "Plans": [{"Node Type": "Nested Loop", "Parent Relationship": "Outer", "Join Type": "Inner", "Startup Cost": 58362.35, "Total Cost": 46003040.84, "Plan Rows": 9390, "Plan Width": 42, "Inner Unique": true, "Join Filter": "(customer.c_nationkey = supplier.s_nationkey)", "Plans": [{"Node Type": "Nested Loop", "Parent Relationship": "Outer", "Join Type": "Inner", "Startup Cost": 58362.1, "Total Cost": 30204103.6, "Plan Rows": 3688948, "Plan Width": 58, "Inner Unique": false, "Plans": [{"Node Type": "Nested Loop", "Parent Relationship": "Outer", "Join Type": "Inner", "Startup Cost": 58361.37, "Total Cost": 28202035.27, "Plan Rows": 406290, "Plan Width": 42, "Inner Unique": true, "Plans": [{"Node Type": "Nested Loop", "Parent Relationship": "Outer", "Join Type": "Inner", "Startup Cost": 58360.79, "Total Cost": 18851769.58, "Plan Rows": 2031452, "Plan Width": 46, "Inner Unique": true, "Plans": [{"Node Type": "Nested Loop", "Parent Relationship": "Outer", "Join Type": "Inner", "Startup Cost": 58360.54, "Total Cost": 10156636.32, "Plan Rows": 2031452, "Plan Width": 12, "Inner Unique": true, "Plans": [{"Node Type": "Bitmap Heap Scan", "Parent Relationship": "Outer", "Relation Name": "orders", "Alias": "orders", "Startup Cost": 58360.27, "Total Cost": 369005.64, "Plan Rows": 2281758, "Plan Width": 16, "Recheck Cond": "((o_orderdate >= '1994-01-01 00:00:00'::timestamp(0) without time zone) AND (o_orderdate < '1995-01-01 00:00:00'::timestamp without time zone)), (LLVM Optimized)", "Plans": [{"Node Type": "Bitmap Index Scan", "Parent Relationship": "Outer", "Index Name": "idx_orders_orderdate", "Startup Cost": 0.0, "Total Cost": 57789.83, "Plan Rows": 2281758, "Plan Width": 0, "Index Cond": "((o_orderdate >= '1994-01-01 00:00:00'::timestamp(0) without time zone) AND (o_orderdate < '1995-01-01 00:00:00'::timestamp without time zone))"}]}, {"Node Type": "Bitmap Heap Scan", "Parent Relationship": "Inner", "Relation Name": "customer", "Alias": "customer", "Startup Cost": 0.27, "Total Cost": 4.28, "Plan Rows": 1, "Plan Width": 12, "Recheck Cond": "(c_custkey = orders.o_custkey)", "Plans": [{"Node Type": "Bitmap Index Scan", "Parent Relationship": "Outer", "Index Name": "customer_pkey", "Startup Cost": 0.0, "Total Cost": 0.27, "Plan Rows": 1, "Plan Width": 0, "Index Cond": "(c_custkey = orders.o_custkey)"}]}]}, {"Node Type": "Bitmap Heap Scan", "Parent Relationship": "Inner", "Relation Name": "nation", "Alias": "nation", "Startup Cost": 0.26, "Total Cost": 4.27, "Plan Rows": 1, "Plan Width": 34, "Recheck Cond": "(n_nationkey = customer.c_nationkey)", "Plans": [{"Node Type": "Bitmap Index Scan", "Parent Relationship": "Outer", "Index Name": "nation_pkey", "Startup Cost": 0.0, "Total Cost": 0.26, "Plan Rows": 1, "Plan Width": 0, "Index Cond": "(n_nationkey = customer.c_nationkey)"}]}]}, {"Node Type": "Bitmap Heap Scan", "Parent Relationship": "Inner", "Relation Name": "region", "Alias": "region", "Startup Cost": 0.58, "Total Cost": 4.59, "Plan Rows": 1, "Plan Width": 4, "Recheck Cond": "(r_regionkey = nation.n_regionkey)", "Filter": "(r_name = 'MIDDLE EAST'::bpchar)", "Plans": [{"Node Type": "Bitmap Index Scan", "Parent Relationship": "Outer", "Index Name": "region_pkey", "Startup Cost": 0.0, "Total Cost": 0.58, "Plan Rows": 1, "Plan Width": 0, "Index Cond": "(r_regionkey = nation.n_regionkey)"}]}]}, {"Node Type": "Bitmap Heap Scan", "Parent Relationship": "Inner", "Relation Name": "lineitem", "Alias": "lineitem", "Startup Cost": 0.73, "Total Cost": 4.84, "Plan Rows": 9, "Plan Width": 32, "Recheck Cond": "(l_orderkey = orders.o_orderkey)", "Plans": [{"Node Type": "Bitmap Index Scan", "Parent Relationship": "Outer", "Index Name": "idx_lineitem_orderkey", "Startup Cost": 0.0, "Total Cost": 0.72, "Plan Rows": 9, "Plan Width": 0, "Index Cond": "(l_orderkey = orders.o_orderkey)"}]}]}, {"Node Type": "Bitmap Heap Scan", "Parent Relationship": "Inner", "Relation Name": "supplier", "Alias": "supplier", "Startup Cost": 0.26, "Total Cost": 4.27, "Plan Rows": 1, "Plan Width": 12, "Recheck Cond": "(s_suppkey = lineitem.l_suppkey)", "Plans": [{"Node Type": "Bitmap Index Scan", "Parent Relationship": "Outer", "Index Name": "supplier_pkey", "Startup Cost": 0.0, "Total Cost": 0.26, "Plan Rows": 1, "Plan Width": 0, "Index Cond": "(s_suppkey = lineitem.l_suppkey)"}]}]}]}]}, "Unique SQL Id": 1392561963}, "explain_analyze_plan": null}, "(16, 36)": {"explain_plan": {"Plan": {"Node Type": "Sort", "Startup Cost": 1720718.42, "Total Cost": 1720718.49, "Plan Rows": 25, "Plan Width": 50, "Sort Key": ["(sum((lineitem.l_extendedprice * (1::double precision - lineitem.l_discount)))) DESC"], "Plans": [{"Node Type": "Aggregate", "Strategy": "Hashed", "Parent Relationship": "Outer", "Startup Cost": 1720717.59, "Total Cost": 1720717.84, "Plan Rows": 25, "Plan Width": 50, "Group By Key": ["nation.n_name"], "Plans": [{"Node Type": "Hash Join", "Parent Relationship": "Outer", "Join Type": "Inner", "Startup Cost": 5813.37, "Total Cost": 1720623.69, "Plan Rows": 9390, "Plan Width": 42, "Inner Unique": true, "Hash Cond": "((lineitem.l_suppkey = supplier.s_suppkey) AND (customer.c_nationkey = supplier.s_nationkey))", "Plans": [{"Node Type": "Nested Loop", "Parent Relationship": "Outer", "Join Type": "Inner", "Startup Cost": 1030.37, "Total Cost": 1688079.68, "Plan Rows": 3688948, "Plan Width": 58, "Inner Unique": false, "Plans": [{"Node Type": "Nested Loop", "Parent Relationship": "Outer", "Join Type": "Inner", "Startup Cost": 1030.37, "Total Cost": 412285.27, "Plan Rows": 406290, "Plan Width": 42, "Inner Unique": false, "Plans": [{"Node Type": "Nested Loop", "Parent Relationship": "Outer", "Join Type": "Inner", "Startup Cost": 1030.37, "Total Cost": 37176.47, "Plan Rows": 300000, "Plan Width": 42, "Inner Unique": false, "Plans": [{"Node Type": "Nested Loop", "Parent Relationship": "Outer", "Join Type": "Inner", "Startup Cost": 0.0, "Total Cost": 14.06, "Plan Rows": 5, "Plan Width": 30, "Inner Unique": true, "Join Filter": "(nation.n_regionkey = region.r_regionkey)", "Plans": [{"Node Type": "Index Scan", "Parent Relationship": "Outer", "Scan Direction": "Forward", "Index Name": "nation_pkey", "Relation Name": "nation", "Alias": "nation", "Startup Cost": 0.0, "Total Cost": 12.62, "Plan Rows": 25, "Plan Width": 34}, {"Node Type": "Materialize", "Parent Relationship": "Inner", "Startup Cost": 0.0, "Total Cost": 1.07, "Plan Rows": 1, "Plan Width": 4, "Plans": [{"Node Type": "Seq Scan", "Parent Relationship": "Outer", "Relation Name": "region", "Alias": "region", "Startup Cost": 0.0, "Total Cost": 1.06, "Plan Rows": 1, "Plan Width": 4, "Filter": "(r_name = 'MIDDLE EAST'::bpchar)"}]}]}, {"Node Type": "Bitmap Heap Scan", "Parent Relationship": "Inner", "Relation Name": "customer", "Alias": "customer", "Startup Cost": 1030.37, "Total Cost": 6832.48, "Plan Rows": 60000, "Plan Width": 12, "Recheck Cond": "(c_nationkey = nation.n_nationkey)", "Plans": [{"Node Type": "Bitmap Index Scan", "Parent Relationship": "Outer", "Index Name": "idx_customer_nationkey", "Startup Cost": 0.0, "Total Cost": 1015.37, "Plan Rows": 60000, "Plan Width": 0, "Index Cond": "(c_nationkey = nation.n_nationkey)"}]}]}, {"Node Type": "Index Scan", "Parent Relationship": "Inner", "Scan Direction": "Forward", "Index Name": "idx_orders_custkey", "Relation Name": "orders", "Alias": "orders", "Startup Cost": 0.0, "Total Cost": 1.24, "Plan Rows": 1, "Plan Width": 16, "Index Cond": "(o_custkey = customer.c_custkey)", "Filter": "((o_orderdate >= '1994-01-01 00:00:00'::timestamp(0) without time zone) AND (o_orderdate < '1995-01-01 00:00:00'::timestamp without time zone))"}]}, {"Node Type": "Index Scan", "Parent Relationship": "Inner", "Scan Direction": "Forward", "Index Name": "idx_lineitem_orderkey", "Relation Name": "lineitem", "Alias": "lineitem", "Startup Cost": 0.0, "Total Cost": 3.05, "Plan Rows": 9, "Plan Width": 32, "Index Cond": "(l_orderkey = orders.o_orderkey)"}]}, {"Node Type": "Hash", "Parent Relationship": "Inner", "Startup Cost": 3283.0, "Total Cost": 3283.0, "Plan Rows": 100000, "Plan Width": 12, "Plans": [{"Node Type": "Seq Scan", "Parent Relationship": "Outer", "Relation Name": "supplier", "Alias": "supplier", "Startup Cost": 0.0, "Total Cost": 3283.0, "Plan Rows": 100000, "Plan Width": 12}]}]}]}]}, "Unique SQL Id": 1392561963}, "explain_analyze_plan": {"Plan": {"Node Type": "Sort", "Startup Cost": 1720718.42, "Total Cost": 1720718.49, "Plan Rows": 25, "Plan Width": 50, "Actual Startup Time": 16616.738, "Actual Total Time": 16616.739, "Actual Rows": 5, "Actual Loops": 1, "Sort Key": ["(sum((lineitem.l_extendedprice * (1::double precision - lineitem.l_discount)))) DESC"], "Sort Method": "quicksort", "Sort Space Used": 25, "Sort Space Type": "Memory", "Plans": [{"Node Type": "Aggregate", "Strategy": "Hashed", "Parent Relationship": "Outer", "Startup Cost": 1720717.59, "Total Cost": 1720717.84, "Plan Rows": 25, "Plan Width": 50, "Actual Startup Time": 16616.716, "Actual Total Time": 16616.718, "Actual Rows": 5, "Actual Loops": 1, "Group By Key": ["nation.n_name"], "Plans": [{"Node Type": "Hash Join", "Parent Relationship": "Outer", "Join Type": "Inner", "Startup Cost": 5813.37, "Total Cost": 1720623.69, "Plan Rows": 9390, "Plan Width": 42, "Actual Startup Time": 85.28, "Actual Total Time": 16534.277, "Actual Rows": 72985, "Actual Loops": 1, "Inner Unique": true, "Hash Cond": "((lineitem.l_suppkey = supplier.s_suppkey) AND (customer.c_nationkey = supplier.s_nationkey))", "Plans": [{"Node Type": "Nested Loop", "Parent Relationship": "Outer", "Join Type": "Inner", "Startup Cost": 1030.37, "Total Cost": 1688079.68, "Plan Rows": 3688948, "Plan Width": 58, "Actual Startup Time": 17.869, "Actual Total Time": 15590.986, "Actual Rows": 1815222, "Actual Loops": 1, "Inner Unique": false, "Plans": [{"Node Type": "Nested Loop", "Parent Relationship": "Outer", "Join Type": "Inner", "Startup Cost": 1030.37, "Total Cost": 412285.27, "Plan Rows": 406290, "Plan Width": 42, "Actual Startup Time": 17.845, "Actual Total Time": 9743.083, "Actual Rows": 454183, "Actual Loops": 1, "Inner Unique": false, "Plans": [{"Node Type": "Nested Loop", "Parent Relationship": "Outer", "Join Type": "Inner", "Startup Cost": 1030.37, "Total Cost": 37176.47, "Plan Rows": 300000, "Plan Width": 42, "Actual Startup Time": 17.766, "Actual Total Time": 658.444, "Actual Rows": 299838, "Actual Loops": 1, "Inner Unique": false, "Plans": [{"Node Type": "Nested Loop", "Parent Relationship": "Outer", "Join Type": "Inner", "Startup Cost": 0.0, "Total Cost": 14.06, "Plan Rows": 5, "Plan Width": 30, "Actual Startup Time": 0.049, "Actual Total Time": 0.124, "Actual Rows": 5, "Actual Loops": 1, "Inner Unique": true, "Join Filter": "(nation.n_regionkey = region.r_regionkey)", "Rows Removed by Join Filter": 20, "Plans": [{"Node Type": "Index Scan", "Parent Relationship": "Outer", "Scan Direction": "Forward", "Index Name": "nation_pkey", "Relation Name": "nation", "Alias": "nation", "Startup Cost": 0.0, "Total Cost": 12.62, "Plan Rows": 25, "Plan Width": 34, "Actual Startup Time": 0.013, "Actual Total Time": 0.041, "Actual Rows": 25, "Actual Loops": 1}, {"Node Type": "Materialize", "Parent Relationship": "Inner", "Startup Cost": 0.0, "Total Cost": 1.07, "Plan Rows": 1, "Plan Width": 4, "Actual Startup Time": 0.033, "Actual Total Time": 0.04, "Actual Rows": 25, "Actual Loops": 25, "Plans": [{"Node Type": "Seq Scan", "Parent Relationship": "Outer", "Relation Name": "region", "Alias": "region", "Startup Cost": 0.0, "Total Cost": 1.06, "Plan Rows": 1, "Plan Width": 4, "Actual Startup Time": 0.019, "Actual Total Time": 0.021, "Actual Rows": 1, "Actual Loops": 1, "Filter": "(r_name = 'MIDDLE EAST'::bpchar)", "Rows Removed by Filter": 4}]}]}, {"Node Type": "Bitmap Heap Scan", "Parent Relationship": "Inner", "Relation Name": "customer", "Alias": "customer", "Startup Cost": 1030.37, "Total Cost": 6832.48, "Plan Rows": 60000, "Plan Width": 12, "Actual Startup Time": 95.451, "Actual Total Time": 583.245, "Actual Rows": 299838, "Actual Loops": 5, "Recheck Cond": "(c_nationkey = nation.n_nationkey)", "Rows Removed by Index Recheck": 0, "Exact Heap Blocks": 150033, "Lossy Heap Blocks": 150033, "Plans": [{"Node Type": "Bitmap Index Scan", "Parent Relationship": "Outer", "Index Name": "idx_customer_nationkey", "Startup Cost": 0.0, "Total Cost": 1015.37, "Plan Rows": 60000, "Plan Width": 0, "Actual Startup Time": 62.087, "Actual Total Time": 62.087, "Actual Rows": 299838, "Actual Loops": 5, "Index Cond": "(c_nationkey = nation.n_nationkey)"}]}]}, {"Node Type": "Index Scan", "Parent Relationship": "Inner", "Scan Direction": "Forward", "Index Name": "idx_orders_custkey", "Relation Name": "orders", "Alias": "orders", "Startup Cost": 0.0, "Total Cost": 1.24, "Plan Rows": 1, "Plan Width": 16, "Actual Startup Time": 4126.452, "Actual Total Time": 8825.168, "Actual Rows": 454183, "Actual Loops": 299838, "Index Cond": "(o_custkey = customer.c_custkey)", "Rows Removed by Index Recheck": 0, "Filter": "((o_orderdate >= '1994-01-01 00:00:00'::timestamp(0) without time zone) AND (o_orderdate < '1995-01-01 00:00:00'::timestamp without time zone))", "Rows Removed by Filter": 2542535}]}, {"Node Type": "Index Scan", "Parent Relationship": "Inner", "Scan Direction": "Forward", "Index Name": "idx_lineitem_orderkey", "Relation Name": "lineitem", "Alias": "lineitem", "Startup Cost": 0.0, "Total Cost": 3.05, "Plan Rows": 9, "Plan Width": 32, "Actual Startup Time": 4232.133, "Actual Total Time": 5188.805, "Actual Rows": 1815222, "Actual Loops": 454183, "Index Cond": "(l_orderkey = orders.o_orderkey)", "Rows Removed by Index Recheck": 0}]}, {"Node Type": "Hash", "Parent Relationship": "Inner", "Startup Cost": 3283.0, "Total Cost": 3283.0, "Plan Rows": 100000, "Plan Width": 12, "Actual Startup Time": 67.178, "Actual Total Time": 67.178, "Actual Rows": 100000, "Actual Loops": 1, "Hash Buckets": 131072, "Hash Batches": 1, "Original Hash Batches": 1, "Peak Memory Usage": 4297, "Plans": [{"Node Type": "Seq Scan", "Parent Relationship": "Outer", "Relation Name": "supplier", "Alias": "supplier", "Startup Cost": 0.0, "Total Cost": 3283.0, "Plan Rows": 100000, "Plan Width": 12, "Actual Startup Time": 0.015, "Actual Total Time": 36.304, "Actual Rows": 100000, "Actual Loops": 1}]}]}]}]}, "Triggers": [], "Planner Runtime": 10.103, "Total Runtime": 16617.12, "Unique SQL Id": 1392561963}}, "(16, 37)": {"explain_plan": {"Plan": {"Node Type": "Sort", "Startup Cost": 1722781.24, "Total Cost": 1722781.31, "Plan Rows": 25, "Plan Width": 50, "Sort Key": ["(sum((lineitem.l_extendedprice * (1::double precision - lineitem.l_discount)))) DESC"], "Plans": [{"Node Type": "Aggregate", "Strategy": "Hashed", "Parent Relationship": "Outer", "Startup Cost": 1722780.41, "Total Cost": 1722780.66, "Plan Rows": 25, "Plan Width": 50, "Group By Key": ["nation.n_name"], "Plans": [{"Node Type": "Hash Join", "Parent Relationship": "Outer", "Join Type": "Inner", "Startup Cost": 7864.91, "Total Cost": 1722686.51, "Plan Rows": 9390, "Plan Width": 42, "Inner Unique": true, "Hash Cond": "((lineitem.l_suppkey = supplier.s_suppkey) AND (customer.c_nationkey = supplier.s_nationkey))", "Plans": [{"Node Type": "Nested Loop", "Parent Relationship": "Outer", "Join Type": "Inner", "Startup Cost": 1030.37, "Total Cost": 1688090.96, "Plan Rows": 3688948, "Plan Width": 58, "Inner Unique": false, "Plans": [{"Node Type": "Nested Loop", "Parent Relationship": "Outer", "Join Type": "Inner", "Startup Cost": 1030.37, "Total Cost": 412296.55, "Plan Rows": 406290, "Plan Width": 42, "Inner Unique": false, "Plans": [{"Node Type": "Nested Loop", "Parent Relationship": "Outer", "Join Type": "Inner", "Startup Cost": 1030.37, "Total Cost": 37187.75, "Plan Rows": 300000, "Plan Width": 42, "Inner Unique": false, "Plans": [{"Node Type": "Nested Loop", "Parent Relationship": "Outer", "Join Type": "Inner", "Startup Cost": 0.0, "Total Cost": 25.34, "Plan Rows": 5, "Plan Width": 30, "Inner Unique": true, "Join Filter": "(nation.n_regionkey = region.r_regionkey)", "Plans": [{"Node Type": "Index Scan", "Parent Relationship": "Outer", "Scan Direction": "Forward", "Index Name": "nation_pkey", "Relation Name": "nation", "Alias": "nation", "Startup Cost": 0.0, "Total Cost": 12.62, "Plan Rows": 25, "Plan Width": 34}, {"Node Type": "Materialize", "Parent Relationship": "Inner", "Startup Cost": 0.0, "Total Cost": 12.34, "Plan Rows": 1, "Plan Width": 4, "Plans": [{"Node Type": "Index Scan", "Parent Relationship": "Outer", "Scan Direction": "Forward", "Index Name": "region_pkey", "Relation Name": "region", "Alias": "region", "Startup Cost": 0.0, "Total Cost": 12.34, "Plan Rows": 1, "Plan Width": 4, "Filter": "(r_name = 'MIDDLE EAST'::bpchar)"}]}]}, {"Node Type": "Bitmap Heap Scan", "Parent Relationship": "Inner", "Relation Name": "customer", "Alias": "customer", "Startup Cost": 1030.37, "Total Cost": 6832.48, "Plan Rows": 60000, "Plan Width": 12, "Recheck Cond": "(c_nationkey = nation.n_nationkey)", "Plans": [{"Node Type": "Bitmap Index Scan", "Parent Relationship": "Outer", "Index Name": "idx_customer_nationkey", "Startup Cost": 0.0, "Total Cost": 1015.37, "Plan Rows": 60000, "Plan Width": 0, "Index Cond": "(c_nationkey = nation.n_nationkey)"}]}]}, {"Node Type": "Index Scan", "Parent Relationship": "Inner", "Scan Direction": "Forward", "Index Name": "idx_orders_custkey", "Relation Name": "orders", "Alias": "orders", "Startup Cost": 0.0, "Total Cost": 1.24, "Plan Rows": 1, "Plan Width": 16, "Index Cond": "(o_custkey = customer.c_custkey)", "Filter": "((o_orderdate >= '1994-01-01 00:00:00'::timestamp(0) without time zone) AND (o_orderdate < '1995-01-01 00:00:00'::timestamp without time zone))"}]}, {"Node Type": "Index Scan", "Parent Relationship": "Inner", "Scan Direction": "Forward", "Index Name": "idx_lineitem_orderkey", "Relation Name": "lineitem", "Alias": "lineitem", "Startup Cost": 0.0, "Total Cost": 3.05, "Plan Rows": 9, "Plan Width": 32, "Index Cond": "(l_orderkey = orders.o_orderkey)"}]}, {"Node Type": "Hash", "Parent Relationship": "Inner", "Startup Cost": 5334.54, "Total Cost": 5334.54, "Plan Rows": 100000, "Plan Width": 12, "Plans": [{"Node Type": "Index Scan", "Parent Relationship": "Outer", "Scan Direction": "Forward", "Index Name": "supplier_pkey", "Relation Name": "supplier", "Alias": "supplier", "Startup Cost": 0.0, "Total Cost": 5334.54, "Plan Rows": 100000, "Plan Width": 12}]}]}]}]}, "Unique SQL Id": 1392561963}, "explain_analyze_plan": {"Plan": {"Node Type": "Sort", "Startup Cost": 1722781.24, "Total Cost": 1722781.31, "Plan Rows": 25, "Plan Width": 50, "Actual Startup Time": 16446.381, "Actual Total Time": 16446.381, "Actual Rows": 5, "Actual Loops": 1, "Sort Key": ["(sum((lineitem.l_extendedprice * (1::double precision - lineitem.l_discount)))) DESC"], "Sort Method": "quicksort", "Sort Space Used": 25, "Sort Space Type": "Memory", "Plans": [{"Node Type": "Aggregate", "Strategy": "Hashed", "Parent Relationship": "Outer", "Startup Cost": 1722780.41, "Total Cost": 1722780.66, "Plan Rows": 25, "Plan Width": 50, "Actual Startup Time": 16446.351, "Actual Total Time": 16446.355, "Actual Rows": 5, "Actual Loops": 1, "Group By Key": ["nation.n_name"], "Plans": [{"Node Type": "Hash Join", "Parent Relationship": "Outer", "Join Type": "Inner", "Startup Cost": 7864.91, "Total Cost": 1722686.51, "Plan Rows": 9390, "Plan Width": 42, "Actual Startup Time": 116.237, "Actual Total Time": 16363.259, "Actual Rows": 72985, "Actual Loops": 1, "Inner Unique": true, "Hash Cond": "((lineitem.l_suppkey = supplier.s_suppkey) AND (customer.c_nationkey = supplier.s_nationkey))", "Plans": [{"Node Type": "Nested Loop", "Parent Relationship": "Outer", "Join Type": "Inner", "Startup Cost": 1030.37, "Total Cost": 1688090.96, "Plan Rows": 3688948, "Plan Width": 58, "Actual Startup Time": 17.989, "Actual Total Time": 15464.74, "Actual Rows": 1815222, "Actual Loops": 1, "Inner Unique": false, "Plans": [{"Node Type": "Nested Loop", "Parent Relationship": "Outer", "Join Type": "Inner", "Startup Cost": 1030.37, "Total Cost": 412296.55, "Plan Rows": 406290, "Plan Width": 42, "Actual Startup Time": 17.969, "Actual Total Time": 9536.232, "Actual Rows": 454183, "Actual Loops": 1, "Inner Unique": false, "Plans": [{"Node Type": "Nested Loop", "Parent Relationship": "Outer", "Join Type": "Inner", "Startup Cost": 1030.37, "Total Cost": 37187.75, "Plan Rows": 300000, "Plan Width": 42, "Actual Startup Time": 17.892, "Actual Total Time": 665.791, "Actual Rows": 299838, "Actual Loops": 1, "Inner Unique": false, "Plans": [{"Node Type": "Nested Loop", "Parent Relationship": "Outer", "Join Type": "Inner", "Startup Cost": 0.0, "Total Cost": 25.34, "Plan Rows": 5, "Plan Width": 30, "Actual Startup Time": 0.051, "Actual Total Time": 0.227, "Actual Rows": 5, "Actual Loops": 1, "Inner Unique": true, "Join Filter": "(nation.n_regionkey = region.r_regionkey)", "Rows Removed by Join Filter": 20, "Plans": [{"Node Type": "Index Scan", "Parent Relationship": "Outer", "Scan Direction": "Forward", "Index Name": "nation_pkey", "Relation Name": "nation", "Alias": "nation", "Startup Cost": 0.0, "Total Cost": 12.62, "Plan Rows": 25, "Plan Width": 34, "Actual Startup Time": 0.018, "Actual Total Time": 0.131, "Actual Rows": 25, "Actual Loops": 1}, {"Node Type": "Materialize", "Parent Relationship": "Inner", "Startup Cost": 0.0, "Total Cost": 12.34, "Plan Rows": 1, "Plan Width": 4, "Actual Startup Time": 0.033, "Actual Total Time": 0.037, "Actual Rows": 25, "Actual Loops": 25, "Plans": [{"Node Type": "Index Scan", "Parent Relationship": "Outer", "Scan Direction": "Forward", "Index Name": "region_pkey", "Relation Name": "region", "Alias": "region", "Startup Cost": 0.0, "Total Cost": 12.34, "Plan Rows": 1, "Plan Width": 4, "Actual Startup Time": 0.015, "Actual Total Time": 0.017, "Actual Rows": 1, "Actual Loops": 1, "Filter": "(r_name = 'MIDDLE EAST'::bpchar)", "Rows Removed by Filter": 4}]}]}, {"Node Type": "Bitmap Heap Scan", "Parent Relationship": "Inner", "Relation Name": "customer", "Alias": "customer", "Startup Cost": 1030.37, "Total Cost": 6832.48, "Plan Rows": 60000, "Plan Width": 12, "Actual Startup Time": 91.65, "Actual Total Time": 592.03, "Actual Rows": 299838, "Actual Loops": 5, "Recheck Cond": "(c_nationkey = nation.n_nationkey)", "Rows Removed by Index Recheck": 0, "Exact Heap Blocks": 150033, "Lossy Heap Blocks": 150033, "Plans": [{"Node Type": "Bitmap Index Scan", "Parent Relationship": "Outer", "Index Name": "idx_customer_nationkey", "Startup Cost": 0.0, "Total Cost": 1015.37, "Plan Rows": 60000, "Plan Width": 0, "Actual Startup Time": 58.272, "Actual Total Time": 58.272, "Actual Rows": 299838, "Actual Loops": 5, "Index Cond": "(c_nationkey = nation.n_nationkey)"}]}]}, {"Node Type": "Index Scan", "Parent Relationship": "Inner", "Scan Direction": "Forward", "Index Name": "idx_orders_custkey", "Relation Name": "orders", "Alias": "orders", "Startup Cost": 0.0, "Total Cost": 1.24, "Plan Rows": 1, "Plan Width": 16, "Actual Startup Time": 4090.765, "Actual Total Time": 8608.682, "Actual Rows": 454183, "Actual Loops": 299838, "Index Cond": "(o_custkey = customer.c_custkey)", "Rows Removed by Index Recheck": 0, "Filter": "((o_orderdate >= '1994-01-01 00:00:00'::timestamp(0) without time zone) AND (o_orderdate < '1995-01-01 00:00:00'::timestamp without time zone))", "Rows Removed by Filter": 2542535}]}, {"Node Type": "Index Scan", "Parent Relationship": "Inner", "Scan Direction": "Forward", "Index Name": "idx_lineitem_orderkey", "Relation Name": "lineitem", "Alias": "lineitem", "Startup Cost": 0.0, "Total Cost": 3.05, "Plan Rows": 9, "Plan Width": 32, "Actual Startup Time": 4310.247, "Actual Total Time": 5278.103, "Actual Rows": 1815222, "Actual Loops": 454183, "Index Cond": "(l_orderkey = orders.o_orderkey)", "Rows Removed by Index Recheck": 0}]}, {"Node Type": "Hash", "Parent Relationship": "Inner", "Startup Cost": 5334.54, "Total Cost": 5334.54, "Plan Rows": 100000, "Plan Width": 12, "Actual Startup Time": 98.001, "Actual Total Time": 98.001, "Actual Rows": 100000, "Actual Loops": 1, "Hash Buckets": 131072, "Hash Batches": 1, "Original Hash Batches": 1, "Peak Memory Usage": 4297, "Plans": [{"Node Type": "Index Scan", "Parent Relationship": "Outer", "Scan Direction": "Forward", "Index Name": "supplier_pkey", "Relation Name": "supplier", "Alias": "supplier", "Startup Cost": 0.0, "Total Cost": 5334.54, "Plan Rows": 100000, "Plan Width": 12, "Actual Startup Time": 0.025, "Actual Total Time": 65.467, "Actual Rows": 100000, "Actual Loops": 1}]}]}]}]}, "Triggers": [], "Planner Runtime": 5.439, "Total Runtime": 16446.869, "Unique SQL Id": 1392561963}}, "(16, 38)": {"explain_plan": {"Plan": {"Node Type": "Sort", "Startup Cost": 2457247.05, "Total Cost": 2457247.11, "Plan Rows": 25, "Plan Width": 50, "Sort Key": ["(sum((lineitem.l_extendedprice * (1::double precision - lineitem.l_discount)))) DESC"], "Plans": [{"Node Type": "Aggregate", "Strategy": "Hashed", "Parent Relationship": "Outer", "Startup Cost": 2457246.22, "Total Cost": 2457246.47, "Plan Rows": 25, "Plan Width": 50, "Group By Key": ["nation.n_name"], "Plans": [{"Node Type": "Hash Join", "Parent Relationship": "Outer", "Join Type": "Inner", "Startup Cost": 104058.84, "Total Cost": 2457152.32, "Plan Rows": 9390, "Plan Width": 42, "Inner Unique": true, "Hash Cond": "((lineitem.l_suppkey = supplier.s_suppkey) AND (customer.c_nationkey = supplier.s_nationkey))", "Plans": [{"Node Type": "Nested Loop", "Parent Relationship": "Outer", "Join Type": "Inner", "Startup Cost": 99275.84, "Total Cost": 2424608.31, "Plan Rows": 3688948, "Plan Width": 58, "Inner Unique": false, "Plans": [{"Node Type": "Hash Join", "Parent Relationship": "Outer", "Join Type": "Inner", "Startup Cost": 99275.12, "Total Cost": 422539.98, "Plan Rows": 406290, "Plan Width": 42, "Inner Unique": false, "Hash Cond": "(orders.o_custkey = customer.c_custkey), (LLVM Optimized)", "Plans": [{"Node Type": "Bitmap Heap Scan", "Parent Relationship": "Outer", "Relation Name": "orders", "Alias": "orders", "Startup Cost": 58360.27, "Total Cost": 369005.64, "Plan Rows": 2281758, "Plan Width": 16, "Recheck Cond": "((o_orderdate >= '1994-01-01 00:00:00'::timestamp(0) without time zone) AND (o_orderdate < '1995-01-01 00:00:00'::timestamp without time zone)), (LLVM Optimized)", "Plans": [{"Node Type": "Bitmap Index Scan", "Parent Relationship": "Outer", "Index Name": "idx_orders_orderdate", "Startup Cost": 0.0, "Total Cost": 57789.83, "Plan Rows": 2281758, "Plan Width": 0, "Index Cond": "((o_orderdate >= '1994-01-01 00:00:00'::timestamp(0) without time zone) AND (o_orderdate < '1995-01-01 00:00:00'::timestamp without time zone))"}]}, {"Node Type": "Hash", "Parent Relationship": "Inner", "Startup Cost": 37164.85, "Total Cost": 37164.85, "Plan Rows": 300000, "Plan Width": 42, "Plans": [{"Node Type": "Nested Loop", "Parent Relationship": "Outer", "Join Type": "Inner", "Startup Cost": 1031.44, "Total Cost": 37164.85, "Plan Rows": 300000, "Plan Width": 42, "Inner Unique": false, "Plans": [{"Node Type": "Hash Join", "Parent Relationship": "Outer", "Join Type": "Inner", "Startup Cost": 1.07, "Total Cost": 2.44, "Plan Rows": 5, "Plan Width": 30, "Inner Unique": true, "Hash Cond": "(nation.n_regionkey = region.r_regionkey)", "Plans": [{"Node Type": "Seq Scan", "Parent Relationship": "Outer", "Relation Name": "nation", "Alias": "nation", "Startup Cost": 0.0, "Total Cost": 1.25, "Plan Rows": 25, "Plan Width": 34}, {"Node Type": "Hash", "Parent Relationship": "Inner", "Startup Cost": 1.06, "Total Cost": 1.06, "Plan Rows": 1, "Plan Width": 4, "Plans": [{"Node Type": "Seq Scan", "Parent Relationship": "Outer", "Relation Name": "region", "Alias": "region", "Startup Cost": 0.0, "Total Cost": 1.06, "Plan Rows": 1, "Plan Width": 4, "Filter": "(r_name = 'MIDDLE EAST'::bpchar)"}]}]}, {"Node Type": "Bitmap Heap Scan", "Parent Relationship": "Inner", "Relation Name": "customer", "Alias": "customer", "Startup Cost": 1030.37, "Total Cost": 6832.48, "Plan Rows": 60000, "Plan Width": 12, "Recheck Cond": "(c_nationkey = nation.n_nationkey)", "Plans": [{"Node Type": "Bitmap Index Scan", "Parent Relationship": "Outer", "Index Name": "idx_customer_nationkey", "Startup Cost": 0.0, "Total Cost": 1015.37, "Plan Rows": 60000, "Plan Width": 0, "Index Cond": "(c_nationkey = nation.n_nationkey)"}]}]}]}]}, {"Node Type": "Bitmap Heap Scan", "Parent Relationship": "Inner", "Relation Name": "lineitem", "Alias": "lineitem", "Startup Cost": 0.73, "Total Cost": 4.84, "Plan Rows": 9, "Plan Width": 32, "Recheck Cond": "(l_orderkey = orders.o_orderkey)", "Plans": [{"Node Type": "Bitmap Index Scan", "Parent Relationship": "Outer", "Index Name": "idx_lineitem_orderkey", "Startup Cost": 0.0, "Total Cost": 0.72, "Plan Rows": 9, "Plan Width": 0, "Index Cond": "(l_orderkey = orders.o_orderkey)"}]}]}, {"Node Type": "Hash", "Parent Relationship": "Inner", "Startup Cost": 3283.0, "Total Cost": 3283.0, "Plan Rows": 100000, "Plan Width": 12, "Plans": [{"Node Type": "Seq Scan", "Parent Relationship": "Outer", "Relation Name": "supplier", "Alias": "supplier", "Startup Cost": 0.0, "Total Cost": 3283.0, "Plan Rows": 100000, "Plan Width": 12}]}]}]}]}, "Unique SQL Id": 1392561963}, "explain_analyze_plan": {"Plan": {"Node Type": "Sort", "Startup Cost": 2457247.05, "Total Cost": 2457247.11, "Plan Rows": 25, "Plan Width": 50, "Actual Startup Time": 10231.164, "Actual Total Time": 10231.165, "Actual Rows": 5, "Actual Loops": 1, "Sort Key": ["(sum((lineitem.l_extendedprice * (1::double precision - lineitem.l_discount)))) DESC"], "Sort Method": "quicksort", "Sort Space Used": 25, "Sort Space Type": "Memory", "Plans": [{"Node Type": "Aggregate", "Strategy": "Hashed", "Parent Relationship": "Outer", "Startup Cost": 2457246.22, "Total Cost": 2457246.47, "Plan Rows": 25, "Plan Width": 50, "Actual Startup Time": 10231.139, "Actual Total Time": 10231.139, "Actual Rows": 5, "Actual Loops": 1, "Group By Key": ["nation.n_name"], "Plans": [{"Node Type": "Hash Join", "Parent Relationship": "Outer", "Join Type": "Inner", "Startup Cost": 104058.84, "Total Cost": 2457152.32, "Plan Rows": 9390, "Plan Width": 42, "Actual Startup Time": 1455.675, "Actual Total Time": 10153.26, "Actual Rows": 72985, "Actual Loops": 1, "Inner Unique": true, "Hash Cond": "((lineitem.l_suppkey = supplier.s_suppkey) AND (customer.c_nationkey = supplier.s_nationkey))", "Plans": [{"Node Type": "Nested Loop", "Parent Relationship": "Outer", "Join Type": "Inner", "Startup Cost": 99275.84, "Total Cost": 2424608.31, "Plan Rows": 3688948, "Plan Width": 58, "Actual Startup Time": 1388.075, "Actual Total Time": 9340.13, "Actual Rows": 1815222, "Actual Loops": 1, "Inner Unique": false, "Plans": [{"Node Type": "Hash Join", "Parent Relationship": "Outer", "Join Type": "Inner", "Startup Cost": 99275.12, "Total Cost": 422539.98, "Plan Rows": 406290, "Plan Width": 42, "Actual Startup Time": 1388.007, "Actual Total Time": 4342.76, "Actual Rows": 454183, "Actual Loops": 1, "Inner Unique": false, "Hash Cond": "(orders.o_custkey = customer.c_custkey), (LLVM Optimized, Jit Execute)", "Plans": [{"Node Type": "Bitmap Heap Scan", "Parent Relationship": "Outer", "Relation Name": "orders", "Alias": "orders", "Startup Cost": 58360.27, "Total Cost": 369005.64, "Plan Rows": 2281758, "Plan Width": 16, "Actual Startup Time": 652.124, "Actual Total Time": 2433.376, "Actual Rows": 2275919, "Actual Loops": 1, "Recheck Cond": "((o_orderdate >= '1994-01-01 00:00:00'::timestamp(0) without time zone) AND (o_orderdate < '1995-01-01 00:00:00'::timestamp without time zone)), (LLVM Optimized, Jit Execute)", "Rows Removed by Index Recheck": 0, "Exact Heap Blocks": 276381, "Lossy Heap Blocks": 276381, "Plans": [{"Node Type": "Bitmap Index Scan", "Parent Relationship": "Outer", "Index Name": "idx_orders_orderdate", "Startup Cost": 0.0, "Total Cost": 57789.83, "Plan Rows": 2281758, "Plan Width": 0, "Actual Startup Time": 563.826, "Actual Total Time": 563.826, "Actual Rows": 2275919, "Actual Loops": 1, "Index Cond": "((o_orderdate >= '1994-01-01 00:00:00'::timestamp(0) without time zone) AND (o_orderdate < '1995-01-01 00:00:00'::timestamp without time zone))"}]}, {"Node Type": "Hash", "Parent Relationship": "Inner", "Startup Cost": 37164.85, "Total Cost": 37164.85, "Plan Rows": 300000, "Plan Width": 42, "Actual Startup Time": 735.466, "Actual Total Time": 735.466, "Actual Rows": 299838, "Actual Loops": 1, "Hash Buckets": 524288, "Hash Batches": 1, "Original Hash Batches": 1, "Peak Memory Usage": 22254, "Plans": [{"Node Type": "Nested Loop", "Parent Relationship": "Outer", "Join Type": "Inner", "Startup Cost": 1031.44, "Total Cost": 37164.85, "Plan Rows": 300000, "Plan Width": 42, "Actual Startup Time": 18.112, "Actual Total Time": 616.312, "Actual Rows": 299838, "Actual Loops": 1, "Inner Unique": false, "Plans": [{"Node Type": "Hash Join", "Parent Relationship": "Outer", "Join Type": "Inner", "Startup Cost": 1.07, "Total Cost": 2.44, "Plan Rows": 5, "Plan Width": 30, "Actual Startup Time": 0.092, "Actual Total Time": 0.166, "Actual Rows": 5, "Actual Loops": 1, "Inner Unique": true, "Hash Cond": "(nation.n_regionkey = region.r_regionkey)", "Plans": [{"Node Type": "Seq Scan", "Parent Relationship": "Outer", "Relation Name": "nation", "Alias": "nation", "Startup Cost": 0.0, "Total Cost": 1.25, "Plan Rows": 25, "Plan Width": 34, "Actual Startup Time": 0.024, "Actual Total Time": 0.046, "Actual Rows": 25, "Actual Loops": 1}, {"Node Type": "Hash", "Parent Relationship": "Inner", "Startup Cost": 1.06, "Total Cost": 1.06, "Plan Rows": 1, "Plan Width": 4, "Actual Startup Time": 0.026, "Actual Total Time": 0.026, "Actual Rows": 1, "Actual Loops": 1, "Hash Buckets": 32768, "Hash Batches": 1, "Original Hash Batches": 1, "Peak Memory Usage": 1, "Plans": [{"Node Type": "Seq Scan", "Parent Relationship": "Outer", "Relation Name": "region", "Alias": "region", "Startup Cost": 0.0, "Total Cost": 1.06, "Plan Rows": 1, "Plan Width": 4, "Actual Startup Time": 0.021, "Actual Total Time": 0.022, "Actual Rows": 1, "Actual Loops": 1, "Filter": "(r_name = 'MIDDLE EAST'::bpchar)", "Rows Removed by Filter": 4}]}]}, {"Node Type": "Bitmap Heap Scan", "Parent Relationship": "Inner", "Relation Name": "customer", "Alias": "customer", "Startup Cost": 1030.37, "Total Cost": 6832.48, "Plan Rows": 60000, "Plan Width": 12, "Actual Startup Time": 90.805, "Actual Total Time": 547.481, "Actual Rows": 299838, "Actual Loops": 5, "Recheck Cond": "(c_nationkey = nation.n_nationkey)", "Rows Removed by Index Recheck": 0, "Exact Heap Blocks": 150033, "Lossy Heap Blocks": 150033, "Plans": [{"Node Type": "Bitmap Index Scan", "Parent Relationship": "Outer", "Index Name": "idx_customer_nationkey", "Startup Cost": 0.0, "Total Cost": 1015.37, "Plan Rows": 60000, "Plan Width": 0, "Actual Startup Time": 57.791, "Actual Total Time": 57.791, "Actual Rows": 299838, "Actual Loops": 5, "Index Cond": "(c_nationkey = nation.n_nationkey)"}]}]}]}]}, {"Node Type": "Bitmap Heap Scan", "Parent Relationship": "Inner", "Relation Name": "lineitem", "Alias": "lineitem", "Startup Cost": 0.73, "Total Cost": 4.84, "Plan Rows": 9, "Plan Width": 32, "Actual Startup Time": 3758.685, "Actual Total Time": 4076.579, "Actual Rows": 1815222, "Actual Loops": 454183, "Recheck Cond": "(l_orderkey = orders.o_orderkey)", "Rows Removed by Index Recheck": 0, "Exact Heap Blocks": 486530, "Lossy Heap Blocks": 486530, "Plans": [{"Node Type": "Bitmap Index Scan", "Parent Relationship": "Outer", "Index Name": "idx_lineitem_orderkey", "Startup Cost": 0.0, "Total Cost": 0.72, "Plan Rows": 9, "Plan Width": 0, "Actual Startup Time": 2087.51, "Actual Total Time": 2087.51, "Actual Rows": 1815222, "Actual Loops": 454183, "Index Cond": "(l_orderkey = orders.o_orderkey)"}]}]}, {"Node Type": "Hash", "Parent Relationship": "Inner", "Startup Cost": 3283.0, "Total Cost": 3283.0, "Plan Rows": 100000, "Plan Width": 12, "Actual Startup Time": 67.446, "Actual Total Time": 67.446, "Actual Rows": 100000, "Actual Loops": 1, "Hash Buckets": 131072, "Hash Batches": 1, "Original Hash Batches": 1, "Peak Memory Usage": 4297, "Plans": [{"Node Type": "Seq Scan", "Parent Relationship": "Outer", "Relation Name": "supplier", "Alias": "supplier", "Startup Cost": 0.0, "Total Cost": 3283.0, "Plan Rows": 100000, "Plan Width": 12, "Actual Startup Time": 0.022, "Actual Total Time": 36.695, "Actual Rows": 100000, "Actual Loops": 1}]}]}]}]}, "Triggers": [], "Planner Runtime": 8.833, "Total Runtime": 10241.237, "Unique SQL Id": 1392561963}}, "(16, 39)": {"explain_plan": {"Plan": {"Node Type": "Sort", "Startup Cost": 46003135.57, "Total Cost": 46003135.63, "Plan Rows": 25, "Plan Width": 50, "Sort Key": ["(sum((lineitem.l_extendedprice * (1::double precision - lineitem.l_discount)))) DESC"], "Plans": [{"Node Type": "Aggregate", "Strategy": "Hashed", "Parent Relationship": "Outer", "Startup Cost": 46003134.74, "Total Cost": 46003134.99, "Plan Rows": 25, "Plan Width": 50, "Group By Key": ["nation.n_name"], "Plans": [{"Node Type": "Nested Loop", "Parent Relationship": "Outer", "Join Type": "Inner", "Startup Cost": 58362.35, "Total Cost": 46003040.84, "Plan Rows": 9390, "Plan Width": 42, "Inner Unique": true, "Join Filter": "(customer.c_nationkey = supplier.s_nationkey)", "Plans": [{"Node Type": "Nested Loop", "Parent Relationship": "Outer", "Join Type": "Inner", "Startup Cost": 58362.1, "Total Cost": 30204103.6, "Plan Rows": 3688948, "Plan Width": 58, "Inner Unique": false, "Plans": [{"Node Type": "Nested Loop", "Parent Relationship": "Outer", "Join Type": "Inner", "Startup Cost": 58361.37, "Total Cost": 28202035.27, "Plan Rows": 406290, "Plan Width": 42, "Inner Unique": true, "Plans": [{"Node Type": "Nested Loop", "Parent Relationship": "Outer", "Join Type": "Inner", "Startup Cost": 58360.79, "Total Cost": 18851769.58, "Plan Rows": 2031452, "Plan Width": 46, "Inner Unique": true, "Plans": [{"Node Type": "Nested Loop", "Parent Relationship": "Outer", "Join Type": "Inner", "Startup Cost": 58360.54, "Total Cost": 10156636.32, "Plan Rows": 2031452, "Plan Width": 12, "Inner Unique": true, "Plans": [{"Node Type": "Bitmap Heap Scan", "Parent Relationship": "Outer", "Relation Name": "orders", "Alias": "orders", "Startup Cost": 58360.27, "Total Cost": 369005.64, "Plan Rows": 2281758, "Plan Width": 16, "Recheck Cond": "((o_orderdate >= '1994-01-01 00:00:00'::timestamp(0) without time zone) AND (o_orderdate < '1995-01-01 00:00:00'::timestamp without time zone)), (LLVM Optimized)", "Plans": [{"Node Type": "Bitmap Index Scan", "Parent Relationship": "Outer", "Index Name": "idx_orders_orderdate", "Startup Cost": 0.0, "Total Cost": 57789.83, "Plan Rows": 2281758, "Plan Width": 0, "Index Cond": "((o_orderdate >= '1994-01-01 00:00:00'::timestamp(0) without time zone) AND (o_orderdate < '1995-01-01 00:00:00'::timestamp without time zone))"}]}, {"Node Type": "Bitmap Heap Scan", "Parent Relationship": "Inner", "Relation Name": "customer", "Alias": "customer", "Startup Cost": 0.27, "Total Cost": 4.28, "Plan Rows": 1, "Plan Width": 12, "Recheck Cond": "(c_custkey = orders.o_custkey)", "Plans": [{"Node Type": "Bitmap Index Scan", "Parent Relationship": "Outer", "Index Name": "customer_pkey", "Startup Cost": 0.0, "Total Cost": 0.27, "Plan Rows": 1, "Plan Width": 0, "Index Cond": "(c_custkey = orders.o_custkey)"}]}]}, {"Node Type": "Bitmap Heap Scan", "Parent Relationship": "Inner", "Relation Name": "nation", "Alias": "nation", "Startup Cost": 0.26, "Total Cost": 4.27, "Plan Rows": 1, "Plan Width": 34, "Recheck Cond": "(n_nationkey = customer.c_nationkey)", "Plans": [{"Node Type": "Bitmap Index Scan", "Parent Relationship": "Outer", "Index Name": "nation_pkey", "Startup Cost": 0.0, "Total Cost": 0.26, "Plan Rows": 1, "Plan Width": 0, "Index Cond": "(n_nationkey = customer.c_nationkey)"}]}]}, {"Node Type": "Bitmap Heap Scan", "Parent Relationship": "Inner", "Relation Name": "region", "Alias": "region", "Startup Cost": 0.58, "Total Cost": 4.59, "Plan Rows": 1, "Plan Width": 4, "Recheck Cond": "(r_regionkey = nation.n_regionkey)", "Filter": "(r_name = 'MIDDLE EAST'::bpchar)", "Plans": [{"Node Type": "Bitmap Index Scan", "Parent Relationship": "Outer", "Index Name": "region_pkey", "Startup Cost": 0.0, "Total Cost": 0.58, "Plan Rows": 1, "Plan Width": 0, "Index Cond": "(r_regionkey = nation.n_regionkey)"}]}]}, {"Node Type": "Bitmap Heap Scan", "Parent Relationship": "Inner", "Relation Name": "lineitem", "Alias": "lineitem", "Startup Cost": 0.73, "Total Cost": 4.84, "Plan Rows": 9, "Plan Width": 32, "Recheck Cond": "(l_orderkey = orders.o_orderkey)", "Plans": [{"Node Type": "Bitmap Index Scan", "Parent Relationship": "Outer", "Index Name": "idx_lineitem_orderkey", "Startup Cost": 0.0, "Total Cost": 0.72, "Plan Rows": 9, "Plan Width": 0, "Index Cond": "(l_orderkey = orders.o_orderkey)"}]}]}, {"Node Type": "Bitmap Heap Scan", "Parent Relationship": "Inner", "Relation Name": "supplier", "Alias": "supplier", "Startup Cost": 0.26, "Total Cost": 4.27, "Plan Rows": 1, "Plan Width": 12, "Recheck Cond": "(s_suppkey = lineitem.l_suppkey)", "Plans": [{"Node Type": "Bitmap Index Scan", "Parent Relationship": "Outer", "Index Name": "supplier_pkey", "Startup Cost": 0.0, "Total Cost": 0.26, "Plan Rows": 1, "Plan Width": 0, "Index Cond": "(s_suppkey = lineitem.l_suppkey)"}]}]}]}]}, "Unique SQL Id": 1392561963}, "explain_analyze_plan": null}, "(16, 40)": {"explain_plan": {"Plan": {"Node Type": "Sort", "Startup Cost": 1725068.14, "Total Cost": 1725068.21, "Plan Rows": 25, "Plan Width": 50, "Sort Key": ["(sum((lineitem.l_extendedprice * (1::double precision - lineitem.l_discount)))) DESC"], "Plans": [{"Node Type": "Aggregate", "Strategy": "Hashed", "Parent Relationship": "Outer", "Startup Cost": 1725067.31, "Total Cost": 1725067.56, "Plan Rows": 25, "Plan Width": 50, "Group By Key": ["nation.n_name"], "Plans": [{"Node Type": "Hash Join", "Parent Relationship": "Outer", "Join Type": "Inner", "Startup Cost": 4783.0, "Total Cost": 1724973.41, "Plan Rows": 9390, "Plan Width": 42, "Inner Unique": true, "Hash Cond": "((lineitem.l_suppkey = supplier.s_suppkey) AND (customer.c_nationkey = supplier.s_nationkey))", "Plans": [{"Node Type": "Nested Loop", "Parent Relationship": "Outer", "Join Type": "Inner", "Startup Cost": 0.0, "Total Cost": 1692429.4, "Plan Rows": 3688948, "Plan Width": 58, "Inner Unique": false, "Plans": [{"Node Type": "Nested Loop", "Parent Relationship": "Outer", "Join Type": "Inner", "Startup Cost": 0.0, "Total Cost": 416634.99, "Plan Rows": 406290, "Plan Width": 42, "Inner Unique": false, "Plans": [{"Node Type": "Nested Loop", "Parent Relationship": "Outer", "Join Type": "Inner", "Startup Cost": 0.0, "Total Cost": 41526.19, "Plan Rows": 300000, "Plan Width": 42, "Inner Unique": false, "Plans": [{"Node Type": "Nested Loop", "Parent Relationship": "Outer", "Join Type": "Inner", "Startup Cost": 0.0, "Total Cost": 14.06, "Plan Rows": 5, "Plan Width": 30, "Inner Unique": true, "Join Filter": "(nation.n_regionkey = region.r_regionkey)", "Plans": [{"Node Type": "Index Scan", "Parent Relationship": "Outer", "Scan Direction": "Forward", "Index Name": "nation_pkey", "Relation Name": "nation", "Alias": "nation", "Startup Cost": 0.0, "Total Cost": 12.62, "Plan Rows": 25, "Plan Width": 34}, {"Node Type": "Materialize", "Parent Relationship": "Inner", "Startup Cost": 0.0, "Total Cost": 1.07, "Plan Rows": 1, "Plan Width": 4, "Plans": [{"Node Type": "Seq Scan", "Parent Relationship": "Outer", "Relation Name": "region", "Alias": "region", "Startup Cost": 0.0, "Total Cost": 1.06, "Plan Rows": 1, "Plan Width": 4, "Filter": "(r_name = 'MIDDLE EAST'::bpchar)"}]}]}, {"Node Type": "Index Scan", "Parent Relationship": "Inner", "Scan Direction": "Forward", "Index Name": "idx_customer_nationkey", "Relation Name": "customer", "Alias": "customer", "Startup Cost": 0.0, "Total Cost": 7702.43, "Plan Rows": 60000, "Plan Width": 12, "Index Cond": "(c_nationkey = nation.n_nationkey)"}]}, {"Node Type": "Index Scan", "Parent Relationship": "Inner", "Scan Direction": "Forward", "Index Name": "idx_orders_custkey", "Relation Name": "orders", "Alias": "orders", "Startup Cost": 0.0, "Total Cost": 1.24, "Plan Rows": 1, "Plan Width": 16, "Index Cond": "(o_custkey = customer.c_custkey)", "Filter": "((o_orderdate >= '1994-01-01 00:00:00'::timestamp(0) without time zone) AND (o_orderdate < '1995-01-01 00:00:00'::timestamp without time zone))"}]}, {"Node Type": "Index Scan", "Parent Relationship": "Inner", "Scan Direction": "Forward", "Index Name": "idx_lineitem_orderkey", "Relation Name": "lineitem", "Alias": "lineitem", "Startup Cost": 0.0, "Total Cost": 3.05, "Plan Rows": 9, "Plan Width": 32, "Index Cond": "(l_orderkey = orders.o_orderkey)"}]}, {"Node Type": "Hash", "Parent Relationship": "Inner", "Startup Cost": 3283.0, "Total Cost": 3283.0, "Plan Rows": 100000, "Plan Width": 12, "Plans": [{"Node Type": "Seq Scan", "Parent Relationship": "Outer", "Relation Name": "supplier", "Alias": "supplier", "Startup Cost": 0.0, "Total Cost": 3283.0, "Plan Rows": 100000, "Plan Width": 12}]}]}]}]}, "Unique SQL Id": 1392561963}, "explain_analyze_plan": {"Plan": {"Node Type": "Sort", "Startup Cost": 1725068.14, "Total Cost": 1725068.21, "Plan Rows": 25, "Plan Width": 50, "Actual Startup Time": 16220.217, "Actual Total Time": 16220.219, "Actual Rows": 5, "Actual Loops": 1, "Sort Key": ["(sum((lineitem.l_extendedprice * (1::double precision - lineitem.l_discount)))) DESC"], "Sort Method": "quicksort", "Sort Space Used": 25, "Sort Space Type": "Memory", "Plans": [{"Node Type": "Aggregate", "Strategy": "Hashed", "Parent Relationship": "Outer", "Startup Cost": 1725067.31, "Total Cost": 1725067.56, "Plan Rows": 25, "Plan Width": 50, "Actual Startup Time": 16220.182, "Actual Total Time": 16220.184, "Actual Rows": 5, "Actual Loops": 1, "Group By Key": ["nation.n_name"], "Plans": [{"Node Type": "Hash Join", "Parent Relationship": "Outer", "Join Type": "Inner", "Startup Cost": 4783.0, "Total Cost": 1724973.41, "Plan Rows": 9390, "Plan Width": 42, "Actual Startup Time": 67.106, "Actual Total Time": 16140.172, "Actual Rows": 72985, "Actual Loops": 1, "Inner Unique": true, "Hash Cond": "((lineitem.l_suppkey = supplier.s_suppkey) AND (customer.c_nationkey = supplier.s_nationkey))", "Plans": [{"Node Type": "Nested Loop", "Parent Relationship": "Outer", "Join Type": "Inner", "Startup Cost": 0.0, "Total Cost": 1692429.4, "Plan Rows": 3688948, "Plan Width": 58, "Actual Startup Time": 0.146, "Actual Total Time": 15243.548, "Actual Rows": 1815222, "Actual Loops": 1, "Inner Unique": false, "Plans": [{"Node Type": "Nested Loop", "Parent Relationship": "Outer", "Join Type": "Inner", "Startup Cost": 0.0, "Total Cost": 416634.99, "Plan Rows": 406290, "Plan Width": 42, "Actual Startup Time": 0.129, "Actual Total Time": 9389.295, "Actual Rows": 454183, "Actual Loops": 1, "Inner Unique": false, "Plans": [{"Node Type": "Nested Loop", "Parent Relationship": "Outer", "Join Type": "Inner", "Startup Cost": 0.0, "Total Cost": 41526.19, "Plan Rows": 300000, "Plan Width": 42, "Actual Startup Time": 0.078, "Actual Total Time": 532.18, "Actual Rows": 299838, "Actual Loops": 1, "Inner Unique": false, "Plans": [{"Node Type": "Nested Loop", "Parent Relationship": "Outer", "Join Type": "Inner", "Startup Cost": 0.0, "Total Cost": 14.06, "Plan Rows": 5, "Plan Width": 30, "Actual Startup Time": 0.048, "Actual Total Time": 0.132, "Actual Rows": 5, "Actual Loops": 1, "Inner Unique": true, "Join Filter": "(nation.n_regionkey = region.r_regionkey)", "Rows Removed by Join Filter": 20, "Plans": [{"Node Type": "Index Scan", "Parent Relationship": "Outer", "Scan Direction": "Forward", "Index Name": "nation_pkey", "Relation Name": "nation", "Alias": "nation", "Startup Cost": 0.0, "Total Cost": 12.62, "Plan Rows": 25, "Plan Width": 34, "Actual Startup Time": 0.013, "Actual Total Time": 0.049, "Actual Rows": 25, "Actual Loops": 1}, {"Node Type": "Materialize", "Parent Relationship": "Inner", "Startup Cost": 0.0, "Total Cost": 1.07, "Plan Rows": 1, "Plan Width": 4, "Actual Startup Time": 0.036, "Actual Total Time": 0.037, "Actual Rows": 25, "Actual Loops": 25, "Plans": [{"Node Type": "Seq Scan", "Parent Relationship": "Outer", "Relation Name": "region", "Alias": "region", "Startup Cost": 0.0, "Total Cost": 1.06, "Plan Rows": 1, "Plan Width": 4, "Actual Startup Time": 0.018, "Actual Total Time": 0.019, "Actual Rows": 1, "Actual Loops": 1, "Filter": "(r_name = 'MIDDLE EAST'::bpchar)", "Rows Removed by Filter": 4}]}]}, {"Node Type": "Index Scan", "Parent Relationship": "Inner", "Scan Direction": "Forward", "Index Name": "idx_customer_nationkey", "Relation Name": "customer", "Alias": "customer", "Startup Cost": 0.0, "Total Cost": 7702.43, "Plan Rows": 60000, "Plan Width": 12, "Actual Startup Time": 0.176, "Actual Total Time": 446.602, "Actual Rows": 299838, "Actual Loops": 5, "Index Cond": "(c_nationkey = nation.n_nationkey)", "Rows Removed by Index Recheck": 0}]}, {"Node Type": "Index Scan", "Parent Relationship": "Inner", "Scan Direction": "Forward", "Index Name": "idx_orders_custkey", "Relation Name": "orders", "Alias": "orders", "Startup Cost": 0.0, "Total Cost": 1.24, "Plan Rows": 1, "Plan Width": 16, "Actual Startup Time": 4064.434, "Actual Total Time": 8595.264, "Actual Rows": 454183, "Actual Loops": 299838, "Index Cond": "(o_custkey = customer.c_custkey)", "Rows Removed by Index Recheck": 0, "Filter": "((o_orderdate >= '1994-01-01 00:00:00'::timestamp(0) without time zone) AND (o_orderdate < '1995-01-01 00:00:00'::timestamp without time zone))", "Rows Removed by Filter": 2542535}]}, {"Node Type": "Index Scan", "Parent Relationship": "Inner", "Scan Direction": "Forward", "Index Name": "idx_lineitem_orderkey", "Relation Name": "lineitem", "Alias": "lineitem", "Startup Cost": 0.0, "Total Cost": 3.05, "Plan Rows": 9, "Plan Width": 32, "Actual Startup Time": 4244.549, "Actual Total Time": 5208.924, "Actual Rows": 1815222, "Actual Loops": 454183, "Index Cond": "(l_orderkey = orders.o_orderkey)", "Rows Removed by Index Recheck": 0}]}, {"Node Type": "Hash", "Parent Relationship": "Inner", "Startup Cost": 3283.0, "Total Cost": 3283.0, "Plan Rows": 100000, "Plan Width": 12, "Actual Startup Time": 66.706, "Actual Total Time": 66.706, "Actual Rows": 100000, "Actual Loops": 1, "Hash Buckets": 131072, "Hash Batches": 1, "Original Hash Batches": 1, "Peak Memory Usage": 4297, "Plans": [{"Node Type": "Seq Scan", "Parent Relationship": "Outer", "Relation Name": "supplier", "Alias": "supplier", "Startup Cost": 0.0, "Total Cost": 3283.0, "Plan Rows": 100000, "Plan Width": 12, "Actual Startup Time": 0.011, "Actual Total Time": 35.91, "Actual Rows": 100000, "Actual Loops": 1}]}]}]}]}, "Triggers": [], "Planner Runtime": 9.343, "Total Runtime": 16220.542, "Unique SQL Id": 1392561963}}, "(16, 41)": {"explain_plan": {"Plan": {"Node Type": "Sort", "Startup Cost": 1727130.96, "Total Cost": 1727131.02, "Plan Rows": 25, "Plan Width": 50, "Sort Key": ["(sum((lineitem.l_extendedprice * (1::double precision - lineitem.l_discount)))) DESC"], "Plans": [{"Node Type": "Aggregate", "Strategy": "Hashed", "Parent Relationship": "Outer", "Startup Cost": 1727130.13, "Total Cost": 1727130.38, "Plan Rows": 25, "Plan Width": 50, "Group By Key": ["nation.n_name"], "Plans": [{"Node Type": "Hash Join", "Parent Relationship": "Outer", "Join Type": "Inner", "Startup Cost": 6834.54, "Total Cost": 1727036.23, "Plan Rows": 9390, "Plan Width": 42, "Inner Unique": true, "Hash Cond": "((lineitem.l_suppkey = supplier.s_suppkey) AND (customer.c_nationkey = supplier.s_nationkey))", "Plans": [{"Node Type": "Nested Loop", "Parent Relationship": "Outer", "Join Type": "Inner", "Startup Cost": 0.0, "Total Cost": 1692440.68, "Plan Rows": 3688948, "Plan Width": 58, "Inner Unique": false, "Plans": [{"Node Type": "Nested Loop", "Parent Relationship": "Outer", "Join Type": "Inner", "Startup Cost": 0.0, "Total Cost": 416646.27, "Plan Rows": 406290, "Plan Width": 42, "Inner Unique": false, "Plans": [{"Node Type": "Nested Loop", "Parent Relationship": "Outer", "Join Type": "Inner", "Startup Cost": 0.0, "Total Cost": 41537.47, "Plan Rows": 300000, "Plan Width": 42, "Inner Unique": false, "Plans": [{"Node Type": "Nested Loop", "Parent Relationship": "Outer", "Join Type": "Inner", "Startup Cost": 0.0, "Total Cost": 25.34, "Plan Rows": 5, "Plan Width": 30, "Inner Unique": true, "Join Filter": "(nation.n_regionkey = region.r_regionkey)", "Plans": [{"Node Type": "Index Scan", "Parent Relationship": "Outer", "Scan Direction": "Forward", "Index Name": "nation_pkey", "Relation Name": "nation", "Alias": "nation", "Startup Cost": 0.0, "Total Cost": 12.62, "Plan Rows": 25, "Plan Width": 34}, {"Node Type": "Materialize", "Parent Relationship": "Inner", "Startup Cost": 0.0, "Total Cost": 12.34, "Plan Rows": 1, "Plan Width": 4, "Plans": [{"Node Type": "Index Scan", "Parent Relationship": "Outer", "Scan Direction": "Forward", "Index Name": "region_pkey", "Relation Name": "region", "Alias": "region", "Startup Cost": 0.0, "Total Cost": 12.34, "Plan Rows": 1, "Plan Width": 4, "Filter": "(r_name = 'MIDDLE EAST'::bpchar)"}]}]}, {"Node Type": "Index Scan", "Parent Relationship": "Inner", "Scan Direction": "Forward", "Index Name": "idx_customer_nationkey", "Relation Name": "customer", "Alias": "customer", "Startup Cost": 0.0, "Total Cost": 7702.43, "Plan Rows": 60000, "Plan Width": 12, "Index Cond": "(c_nationkey = nation.n_nationkey)"}]}, {"Node Type": "Index Scan", "Parent Relationship": "Inner", "Scan Direction": "Forward", "Index Name": "idx_orders_custkey", "Relation Name": "orders", "Alias": "orders", "Startup Cost": 0.0, "Total Cost": 1.24, "Plan Rows": 1, "Plan Width": 16, "Index Cond": "(o_custkey = customer.c_custkey)", "Filter": "((o_orderdate >= '1994-01-01 00:00:00'::timestamp(0) without time zone) AND (o_orderdate < '1995-01-01 00:00:00'::timestamp without time zone))"}]}, {"Node Type": "Index Scan", "Parent Relationship": "Inner", "Scan Direction": "Forward", "Index Name": "idx_lineitem_orderkey", "Relation Name": "lineitem", "Alias": "lineitem", "Startup Cost": 0.0, "Total Cost": 3.05, "Plan Rows": 9, "Plan Width": 32, "Index Cond": "(l_orderkey = orders.o_orderkey)"}]}, {"Node Type": "Hash", "Parent Relationship": "Inner", "Startup Cost": 5334.54, "Total Cost": 5334.54, "Plan Rows": 100000, "Plan Width": 12, "Plans": [{"Node Type": "Index Scan", "Parent Relationship": "Outer", "Scan Direction": "Forward", "Index Name": "supplier_pkey", "Relation Name": "supplier", "Alias": "supplier", "Startup Cost": 0.0, "Total Cost": 5334.54, "Plan Rows": 100000, "Plan Width": 12}]}]}]}]}, "Unique SQL Id": 1392561963}, "explain_analyze_plan": {"Plan": {"Node Type": "Sort", "Startup Cost": 1727130.96, "Total Cost": 1727131.02, "Plan Rows": 25, "Plan Width": 50, "Actual Startup Time": 16518.977, "Actual Total Time": 16518.978, "Actual Rows": 5, "Actual Loops": 1, "Sort Key": ["(sum((lineitem.l_extendedprice * (1::double precision - lineitem.l_discount)))) DESC"], "Sort Method": "quicksort", "Sort Space Used": 25, "Sort Space Type": "Memory", "Plans": [{"Node Type": "Aggregate", "Strategy": "Hashed", "Parent Relationship": "Outer", "Startup Cost": 1727130.13, "Total Cost": 1727130.38, "Plan Rows": 25, "Plan Width": 50, "Actual Startup Time": 16518.942, "Actual Total Time": 16518.946, "Actual Rows": 5, "Actual Loops": 1, "Group By Key": ["nation.n_name"], "Plans": [{"Node Type": "Hash Join", "Parent Relationship": "Outer", "Join Type": "Inner", "Startup Cost": 6834.54, "Total Cost": 1727036.23, "Plan Rows": 9390, "Plan Width": 42, "Actual Startup Time": 97.905, "Actual Total Time": 16437.065, "Actual Rows": 72985, "Actual Loops": 1, "Inner Unique": true, "Hash Cond": "((lineitem.l_suppkey = supplier.s_suppkey) AND (customer.c_nationkey = supplier.s_nationkey))", "Plans": [{"Node Type": "Nested Loop", "Parent Relationship": "Outer", "Join Type": "Inner", "Startup Cost": 0.0, "Total Cost": 1692440.68, "Plan Rows": 3688948, "Plan Width": 58, "Actual Startup Time": 0.135, "Actual Total Time": 15490.546, "Actual Rows": 1815222, "Actual Loops": 1, "Inner Unique": false, "Plans": [{"Node Type": "Nested Loop", "Parent Relationship": "Outer", "Join Type": "Inner", "Startup Cost": 0.0, "Total Cost": 416646.27, "Plan Rows": 406290, "Plan Width": 42, "Actual Startup Time": 0.121, "Actual Total Time": 9625.863, "Actual Rows": 454183, "Actual Loops": 1, "Inner Unique": false, "Plans": [{"Node Type": "Nested Loop", "Parent Relationship": "Outer", "Join Type": "Inner", "Startup Cost": 0.0, "Total Cost": 41537.47, "Plan Rows": 300000, "Plan Width": 42, "Actual Startup Time": 0.069, "Actual Total Time": 535.802, "Actual Rows": 299838, "Actual Loops": 1, "Inner Unique": false, "Plans": [{"Node Type": "Nested Loop", "Parent Relationship": "Outer", "Join Type": "Inner", "Startup Cost": 0.0, "Total Cost": 25.34, "Plan Rows": 5, "Plan Width": 30, "Actual Startup Time": 0.04, "Actual Total Time": 0.202, "Actual Rows": 5, "Actual Loops": 1, "Inner Unique": true, "Join Filter": "(nation.n_regionkey = region.r_regionkey)", "Rows Removed by Join Filter": 20, "Plans": [{"Node Type": "Index Scan", "Parent Relationship": "Outer", "Scan Direction": "Forward", "Index Name": "nation_pkey", "Relation Name": "nation", "Alias": "nation", "Startup Cost": 0.0, "Total Cost": 12.62, "Plan Rows": 25, "Plan Width": 34, "Actual Startup Time": 0.013, "Actual Total Time": 0.118, "Actual Rows": 25, "Actual Loops": 1}, {"Node Type": "Materialize", "Parent Relationship": "Inner", "Startup Cost": 0.0, "Total Cost": 12.34, "Plan Rows": 1, "Plan Width": 4, "Actual Startup Time": 0.026, "Actual Total Time": 0.029, "Actual Rows": 25, "Actual Loops": 25, "Plans": [{"Node Type": "Index Scan", "Parent Relationship": "Outer", "Scan Direction": "Forward", "Index Name": "region_pkey", "Relation Name": "region", "Alias": "region", "Startup Cost": 0.0, "Total Cost": 12.34, "Plan Rows": 1, "Plan Width": 4, "Actual Startup Time": 0.012, "Actual Total Time": 0.014, "Actual Rows": 1, "Actual Loops": 1, "Filter": "(r_name = 'MIDDLE EAST'::bpchar)", "Rows Removed by Filter": 4}]}]}, {"Node Type": "Index Scan", "Parent Relationship": "Inner", "Scan Direction": "Forward", "Index Name": "idx_customer_nationkey", "Relation Name": "customer", "Alias": "customer", "Startup Cost": 0.0, "Total Cost": 7702.43, "Plan Rows": 60000, "Plan Width": 12, "Actual Startup Time": 0.179, "Actual Total Time": 452.666, "Actual Rows": 299838, "Actual Loops": 5, "Index Cond": "(c_nationkey = nation.n_nationkey)", "Rows Removed by Index Recheck": 0}]}, {"Node Type": "Index Scan", "Parent Relationship": "Inner", "Scan Direction": "Forward", "Index Name": "idx_orders_custkey", "Relation Name": "orders", "Alias": "orders", "Startup Cost": 0.0, "Total Cost": 1.24, "Plan Rows": 1, "Plan Width": 16, "Actual Startup Time": 4107.388, "Actual Total Time": 8826.296, "Actual Rows": 454183, "Actual Loops": 299838, "Index Cond": "(o_custkey = customer.c_custkey)", "Rows Removed by Index Recheck": 0, "Filter": "((o_orderdate >= '1994-01-01 00:00:00'::timestamp(0) without time zone) AND (o_orderdate < '1995-01-01 00:00:00'::timestamp without time zone))", "Rows Removed by Filter": 2542535}]}, {"Node Type": "Index Scan", "Parent Relationship": "Inner", "Scan Direction": "Forward", "Index Name": "idx_lineitem_orderkey", "Relation Name": "lineitem", "Alias": "lineitem", "Startup Cost": 0.0, "Total Cost": 3.05, "Plan Rows": 9, "Plan Width": 32, "Actual Startup Time": 4257.792, "Actual Total Time": 5218.58, "Actual Rows": 1815222, "Actual Loops": 454183, "Index Cond": "(l_orderkey = orders.o_orderkey)", "Rows Removed by Index Recheck": 0}]}, {"Node Type": "Hash", "Parent Relationship": "Inner", "Startup Cost": 5334.54, "Total Cost": 5334.54, "Plan Rows": 100000, "Plan Width": 12, "Actual Startup Time": 97.527, "Actual Total Time": 97.527, "Actual Rows": 100000, "Actual Loops": 1, "Hash Buckets": 131072, "Hash Batches": 1, "Original Hash Batches": 1, "Peak Memory Usage": 4297, "Plans": [{"Node Type": "Index Scan", "Parent Relationship": "Outer", "Scan Direction": "Forward", "Index Name": "supplier_pkey", "Relation Name": "supplier", "Alias": "supplier", "Startup Cost": 0.0, "Total Cost": 5334.54, "Plan Rows": 100000, "Plan Width": 12, "Actual Startup Time": 0.02, "Actual Total Time": 64.858, "Actual Rows": 100000, "Actual Loops": 1}]}]}]}]}, "Triggers": [], "Planner Runtime": 8.974, "Total Runtime": 16519.314, "Unique SQL Id": 1392561963}}, "(16, 42)": {"explain_plan": {"Plan": {"Node Type": "Sort", "Startup Cost": 2891580.15, "Total Cost": 2891580.22, "Plan Rows": 25, "Plan Width": 50, "Sort Key": ["(sum((lineitem.l_extendedprice * (1::double precision - lineitem.l_discount)))) DESC"], "Plans": [{"Node Type": "Aggregate", "Strategy": "Hashed", "Parent Relationship": "Outer", "Startup Cost": 2891579.32, "Total Cost": 2891579.57, "Plan Rows": 25, "Plan Width": 50, "Group By Key": ["nation.n_name"], "Plans": [{"Node Type": "Hash Join", "Parent Relationship": "Outer", "Join Type": "Inner", "Startup Cost": 586755.18, "Total Cost": 2891485.42, "Plan Rows": 9390, "Plan Width": 42, "Inner Unique": true, "Hash Cond": "((lineitem.l_suppkey = supplier.s_suppkey) AND (customer.c_nationkey = supplier.s_nationkey))", "Plans": [{"Node Type": "Hash Join", "Parent Relationship": "Outer", "Join Type": "Inner", "Startup Cost": 581972.18, "Total Cost": 2858928.33, "Plan Rows": 3688948, "Plan Width": 58, "Inner Unique": false, "Hash Cond": "(lineitem.l_orderkey = orders.o_orderkey), (LLVM Optimized)", "Plans": [{"Node Type": "Seq Scan", "Parent Relationship": "Outer", "Relation Name": "lineitem", "Alias": "lineitem", "Startup Cost": 0.0, "Total Cost": 2015115.33, "Plan Rows": 59987033, "Plan Width": 32}, {"Node Type": "Hash", "Parent Relationship": "Inner", "Startup Cost": 576893.55, "Total Cost": 576893.55, "Plan Rows": 406290, "Plan Width": 42, "Plans": [{"Node Type": "Hash Join", "Parent Relationship": "Outer", "Join Type": "Inner", "Startup Cost": 63303.94, "Total Cost": 576893.55, "Plan Rows": 406290, "Plan Width": 42, "Inner Unique": false, "Hash Cond": "(orders.o_custkey = customer.c_custkey), (LLVM Optimized)", "Plans": [{"Node Type": "Seq Scan", "Parent Relationship": "Outer", "Relation Name": "orders", "Alias": "orders", "Startup Cost": 441.06, "Total Cost": 501411.18, "Plan Rows": 2281758, "Plan Width": 16, "Filter": "((o_orderdate >= '1994-01-01 00:00:00'::timestamp(0) without time zone) AND (o_orderdate < '1995-01-01 00:00:00'::timestamp without time zone)), (LLVM Optimized)"}, {"Node Type": "Hash", "Parent Relationship": "Inner", "Startup Cost": 59112.88, "Total Cost": 59112.88, "Plan Rows": 300000, "Plan Width": 42, "Plans": [{"Node Type": "Hash Join", "Parent Relationship": "Outer", "Join Type": "Inner", "Startup Cost": 2.5, "Total Cost": 59112.88, "Plan Rows": 300000, "Plan Width": 42, "Inner Unique": false, "Hash Cond": "(customer.c_nationkey = nation.n_nationkey), (LLVM Optimized)", "Plans": [{"Node Type": "Seq Scan", "Parent Relationship": "Outer", "Relation Name": "customer", "Alias": "customer", "Startup Cost": 0.0, "Total Cost": 52126.0, "Plan Rows": 1500000, "Plan Width": 12}, {"Node Type": "Hash", "Parent Relationship": "Inner", "Startup Cost": 2.44, "Total Cost": 2.44, "Plan Rows": 5, "Plan Width": 30, "Plans": [{"Node Type": "Hash Join", "Parent Relationship": "Outer", "Join Type": "Inner", "Startup Cost": 1.07, "Total Cost": 2.44, "Plan Rows": 5, "Plan Width": 30, "Inner Unique": true, "Hash Cond": "(nation.n_regionkey = region.r_regionkey)", "Plans": [{"Node Type": "Seq Scan", "Parent Relationship": "Outer", "Relation Name": "nation", "Alias": "nation", "Startup Cost": 0.0, "Total Cost": 1.25, "Plan Rows": 25, "Plan Width": 34}, {"Node Type": "Hash", "Parent Relationship": "Inner", "Startup Cost": 1.06, "Total Cost": 1.06, "Plan Rows": 1, "Plan Width": 4, "Plans": [{"Node Type": "Seq Scan", "Parent Relationship": "Outer", "Relation Name": "region", "Alias": "region", "Startup Cost": 0.0, "Total Cost": 1.06, "Plan Rows": 1, "Plan Width": 4, "Filter": "(r_name = 'MIDDLE EAST'::bpchar)"}]}]}]}]}]}]}]}]}, {"Node Type": "Hash", "Parent Relationship": "Inner", "Startup Cost": 3283.0, "Total Cost": 3283.0, "Plan Rows": 100000, "Plan Width": 12, "Plans": [{"Node Type": "Seq Scan", "Parent Relationship": "Outer", "Relation Name": "supplier", "Alias": "supplier", "Startup Cost": 0.0, "Total Cost": 3283.0, "Plan Rows": 100000, "Plan Width": 12}]}]}]}]}, "Unique SQL Id": 1392561963}, "explain_analyze_plan": null}, "(16, 43)": {"explain_plan": {"Plan": {"Node Type": "Sort", "Startup Cost": 6051464595461.66, "Total Cost": 6051464595461.73, "Plan Rows": 25, "Plan Width": 50, "Sort Key": ["(sum((lineitem.l_extendedprice * (1::double precision - lineitem.l_discount)))) DESC"], "Plans": [{"Node Type": "Aggregate", "Strategy": "Hashed", "Parent Relationship": "Outer", "Startup Cost": 6051464595460.83, "Total Cost": 6051464595461.08, "Plan Rows": 25, "Plan Width": 50, "Group By Key": ["nation.n_name"], "Plans": [{"Node Type": "Nested Loop", "Parent Relationship": "Outer", "Join Type": "Inner", "Startup Cost": 60000000000.0, "Total Cost": 6051464595366.93, "Plan Rows": 9390, "Plan Width": 42, "Inner Unique": false, "Join Filter": "((orders.o_custkey = customer.c_custkey) AND (supplier.s_nationkey = customer.c_nationkey))", "Plans": [{"Node Type": "Index Scan", "Parent Relationship": "Outer", "Scan Direction": "Forward", "Index Name": "customer_pkey", "Relation Name": "customer", "Alias": "customer", "Startup Cost": 10000000000.0, "Total Cost": 1000008076535.62, "Plan Rows": 1500000, "Plan Width": 12}, {"Node Type": "Materialize", "Parent Relationship": "Inner", "Startup Cost": 50000000000.0, "Total Cost": 5044534420740.56, "Plan Rows": 263699, "Plan Width": 58, "Plans": [{"Node Type": "Nested Loop", "Parent Relationship": "Outer", "Join Type": "Inner", "Startup Cost": 50000000000.0, "Total Cost": 5044534419422.06, "Plan Rows": 263699, "Plan Width": 58, "Inner Unique": true, "Join Filter": "(lineitem.l_orderkey = orders.o_orderkey), (LLVM Optimized)", "Plans": [{"Node Type": "Nested Loop", "Parent Relationship": "Outer", "Join Type": "Inner", "Startup Cost": 40000000000.0, "Total Cost": 4018320818943.09, "Plan Rows": 763534, "Plan Width": 58, "Inner Unique": false, "Join Filter": "(supplier.s_suppkey = lineitem.l_suppkey), (LLVM Optimized)", "Plans": [{"Node Type": "Nested Loop", "Parent Relationship": "Outer", "Join Type": "Inner", "Startup Cost": 30000000000.0, "Total Cost": 3000000543701.01, "Plan Rows": 20000, "Plan Width": 42, "Inner Unique": false, "Join Filter": "(nation.n_nationkey = supplier.s_nationkey)", "Plans": [{"Node Type": "Nested Loop", "Parent Relationship": "Outer", "Join Type": "Inner", "Startup Cost": 20000000000.0, "Total Cost": 2000000002496.63, "Plan Rows": 5, "Plan Width": 30, "Inner Unique": true, "Join Filter": "(nation.n_regionkey = region.r_regionkey)", "Plans": [{"Node Type": "Index Scan", "Parent Relationship": "Outer", "Scan Direction": "Forward", "Index Name": "nation_pkey", "Relation Name": "nation", "Alias": "nation", "Startup Cost": 10000000000.0, "Total Cost": 1000000001262.5, "Plan Rows": 25, "Plan Width": 34}, {"Node Type": "Materialize", "Parent Relationship": "Inner", "Startup Cost": 10000000000.0, "Total Cost": 1000000001233.76, "Plan Rows": 1, "Plan Width": 4, "Plans": [{"Node Type": "Index Scan", "Parent Relationship": "Outer", "Scan Direction": "Forward", "Index Name": "region_pkey", "Relation Name": "region", "Alias": "region", "Startup Cost": 10000000000.0, "Total Cost": 1000000001233.75, "Plan Rows": 1, "Plan Width": 4, "Filter": "(r_name = 'MIDDLE EAST'::bpchar)"}]}]}, {"Node Type": "Materialize", "Parent Relationship": "Inner", "Startup Cost": 10000000000.0, "Total Cost": 1000000533954.38, "Plan Rows": 100000, "Plan Width": 12, "Plans": [{"Node Type": "Index Scan", "Parent Relationship": "Outer", "Scan Direction": "Forward", "Index Name": "supplier_pkey", "Relation Name": "supplier", "Alias": "supplier", "Startup Cost": 10000000000.0, "Total Cost": 1000000533454.38, "Plan Rows": 100000, "Plan Width": 12}]}]}, {"Node Type": "Materialize", "Parent Relationship": "Inner", "Startup Cost": 10000000000.0, "Total Cost": 1000324315309.67, "Plan Rows": 59987033, "Plan Width": 32, "Plans": [{"Node Type": "Index Scan", "Parent Relationship": "Outer", "Scan Direction": "Forward", "Index Name": "idx_lineitem_orderkey", "Relation Name": "lineitem", "Alias": "lineitem", "Startup Cost": 10000000000.0, "Total Cost": 1000324015374.5, "Plan Rows": 59987033, "Plan Width": 32}]}]}, {"Node Type": "Materialize", "Parent Relationship": "Inner", "Startup Cost": 10000000000.0, "Total Cost": 1000080608991.79, "Plan Rows": 2281758, "Plan Width": 16, "Plans": [{"Node Type": "Index Scan", "Parent Relationship": "Outer", "Scan Direction": "Forward", "Index Name": "orders_pkey", "Relation Name": "orders", "Alias": "orders", "Startup Cost": 10000000000.0, "Total Cost": 1000080597583.0, "Plan Rows": 2281758, "Plan Width": 16, "Filter": "((o_orderdate >= '1994-01-01 00:00:00'::timestamp(0) without time zone) AND (o_orderdate < '1995-01-01 00:00:00'::timestamp without time zone)), (LLVM Optimized)"}]}]}]}]}]}]}, "Unique SQL Id": 1392561963}, "explain_analyze_plan": null}, "(16, 44)": {"explain_plan": {"Plan": {"Node Type": "Sort", "Startup Cost": 1725068.14, "Total Cost": 1725068.21, "Plan Rows": 25, "Plan Width": 50, "Sort Key": ["(sum((lineitem.l_extendedprice * (1::double precision - lineitem.l_discount)))) DESC"], "Plans": [{"Node Type": "Aggregate", "Strategy": "Hashed", "Parent Relationship": "Outer", "Startup Cost": 1725067.31, "Total Cost": 1725067.56, "Plan Rows": 25, "Plan Width": 50, "Group By Key": ["nation.n_name"], "Plans": [{"Node Type": "Hash Join", "Parent Relationship": "Outer", "Join Type": "Inner", "Startup Cost": 4783.0, "Total Cost": 1724973.41, "Plan Rows": 9390, "Plan Width": 42, "Inner Unique": true, "Hash Cond": "((lineitem.l_suppkey = supplier.s_suppkey) AND (customer.c_nationkey = supplier.s_nationkey))", "Plans": [{"Node Type": "Nested Loop", "Parent Relationship": "Outer", "Join Type": "Inner", "Startup Cost": 0.0, "Total Cost": 1692429.4, "Plan Rows": 3688948, "Plan Width": 58, "Inner Unique": false, "Plans": [{"Node Type": "Nested Loop", "Parent Relationship": "Outer", "Join Type": "Inner", "Startup Cost": 0.0, "Total Cost": 416634.99, "Plan Rows": 406290, "Plan Width": 42, "Inner Unique": false, "Plans": [{"Node Type": "Nested Loop", "Parent Relationship": "Outer", "Join Type": "Inner", "Startup Cost": 0.0, "Total Cost": 41526.19, "Plan Rows": 300000, "Plan Width": 42, "Inner Unique": false, "Plans": [{"Node Type": "Nested Loop", "Parent Relationship": "Outer", "Join Type": "Inner", "Startup Cost": 0.0, "Total Cost": 14.06, "Plan Rows": 5, "Plan Width": 30, "Inner Unique": true, "Join Filter": "(nation.n_regionkey = region.r_regionkey)", "Plans": [{"Node Type": "Index Scan", "Parent Relationship": "Outer", "Scan Direction": "Forward", "Index Name": "nation_pkey", "Relation Name": "nation", "Alias": "nation", "Startup Cost": 0.0, "Total Cost": 12.62, "Plan Rows": 25, "Plan Width": 34}, {"Node Type": "Materialize", "Parent Relationship": "Inner", "Startup Cost": 0.0, "Total Cost": 1.07, "Plan Rows": 1, "Plan Width": 4, "Plans": [{"Node Type": "Seq Scan", "Parent Relationship": "Outer", "Relation Name": "region", "Alias": "region", "Startup Cost": 0.0, "Total Cost": 1.06, "Plan Rows": 1, "Plan Width": 4, "Filter": "(r_name = 'MIDDLE EAST'::bpchar)"}]}]}, {"Node Type": "Index Scan", "Parent Relationship": "Inner", "Scan Direction": "Forward", "Index Name": "idx_customer_nationkey", "Relation Name": "customer", "Alias": "customer", "Startup Cost": 0.0, "Total Cost": 7702.43, "Plan Rows": 60000, "Plan Width": 12, "Index Cond": "(c_nationkey = nation.n_nationkey)"}]}, {"Node Type": "Index Scan", "Parent Relationship": "Inner", "Scan Direction": "Forward", "Index Name": "idx_orders_custkey", "Relation Name": "orders", "Alias": "orders", "Startup Cost": 0.0, "Total Cost": 1.24, "Plan Rows": 1, "Plan Width": 16, "Index Cond": "(o_custkey = customer.c_custkey)", "Filter": "((o_orderdate >= '1994-01-01 00:00:00'::timestamp(0) without time zone) AND (o_orderdate < '1995-01-01 00:00:00'::timestamp without time zone))"}]}, {"Node Type": "Index Scan", "Parent Relationship": "Inner", "Scan Direction": "Forward", "Index Name": "idx_lineitem_orderkey", "Relation Name": "lineitem", "Alias": "lineitem", "Startup Cost": 0.0, "Total Cost": 3.05, "Plan Rows": 9, "Plan Width": 32, "Index Cond": "(l_orderkey = orders.o_orderkey)"}]}, {"Node Type": "Hash", "Parent Relationship": "Inner", "Startup Cost": 3283.0, "Total Cost": 3283.0, "Plan Rows": 100000, "Plan Width": 12, "Plans": [{"Node Type": "Seq Scan", "Parent Relationship": "Outer", "Relation Name": "supplier", "Alias": "supplier", "Startup Cost": 0.0, "Total Cost": 3283.0, "Plan Rows": 100000, "Plan Width": 12}]}]}]}]}, "Unique SQL Id": 1392561963}, "explain_analyze_plan": {"Plan": {"Node Type": "Sort", "Startup Cost": 1725068.14, "Total Cost": 1725068.21, "Plan Rows": 25, "Plan Width": 50, "Actual Startup Time": 16220.217, "Actual Total Time": 16220.219, "Actual Rows": 5, "Actual Loops": 1, "Sort Key": ["(sum((lineitem.l_extendedprice * (1::double precision - lineitem.l_discount)))) DESC"], "Sort Method": "quicksort", "Sort Space Used": 25, "Sort Space Type": "Memory", "Plans": [{"Node Type": "Aggregate", "Strategy": "Hashed", "Parent Relationship": "Outer", "Startup Cost": 1725067.31, "Total Cost": 1725067.56, "Plan Rows": 25, "Plan Width": 50, "Actual Startup Time": 16220.182, "Actual Total Time": 16220.184, "Actual Rows": 5, "Actual Loops": 1, "Group By Key": ["nation.n_name"], "Plans": [{"Node Type": "Hash Join", "Parent Relationship": "Outer", "Join Type": "Inner", "Startup Cost": 4783.0, "Total Cost": 1724973.41, "Plan Rows": 9390, "Plan Width": 42, "Actual Startup Time": 67.106, "Actual Total Time": 16140.172, "Actual Rows": 72985, "Actual Loops": 1, "Inner Unique": true, "Hash Cond": "((lineitem.l_suppkey = supplier.s_suppkey) AND (customer.c_nationkey = supplier.s_nationkey))", "Plans": [{"Node Type": "Nested Loop", "Parent Relationship": "Outer", "Join Type": "Inner", "Startup Cost": 0.0, "Total Cost": 1692429.4, "Plan Rows": 3688948, "Plan Width": 58, "Actual Startup Time": 0.146, "Actual Total Time": 15243.548, "Actual Rows": 1815222, "Actual Loops": 1, "Inner Unique": false, "Plans": [{"Node Type": "Nested Loop", "Parent Relationship": "Outer", "Join Type": "Inner", "Startup Cost": 0.0, "Total Cost": 416634.99, "Plan Rows": 406290, "Plan Width": 42, "Actual Startup Time": 0.129, "Actual Total Time": 9389.295, "Actual Rows": 454183, "Actual Loops": 1, "Inner Unique": false, "Plans": [{"Node Type": "Nested Loop", "Parent Relationship": "Outer", "Join Type": "Inner", "Startup Cost": 0.0, "Total Cost": 41526.19, "Plan Rows": 300000, "Plan Width": 42, "Actual Startup Time": 0.078, "Actual Total Time": 532.18, "Actual Rows": 299838, "Actual Loops": 1, "Inner Unique": false, "Plans": [{"Node Type": "Nested Loop", "Parent Relationship": "Outer", "Join Type": "Inner", "Startup Cost": 0.0, "Total Cost": 14.06, "Plan Rows": 5, "Plan Width": 30, "Actual Startup Time": 0.048, "Actual Total Time": 0.132, "Actual Rows": 5, "Actual Loops": 1, "Inner Unique": true, "Join Filter": "(nation.n_regionkey = region.r_regionkey)", "Rows Removed by Join Filter": 20, "Plans": [{"Node Type": "Index Scan", "Parent Relationship": "Outer", "Scan Direction": "Forward", "Index Name": "nation_pkey", "Relation Name": "nation", "Alias": "nation", "Startup Cost": 0.0, "Total Cost": 12.62, "Plan Rows": 25, "Plan Width": 34, "Actual Startup Time": 0.013, "Actual Total Time": 0.049, "Actual Rows": 25, "Actual Loops": 1}, {"Node Type": "Materialize", "Parent Relationship": "Inner", "Startup Cost": 0.0, "Total Cost": 1.07, "Plan Rows": 1, "Plan Width": 4, "Actual Startup Time": 0.036, "Actual Total Time": 0.037, "Actual Rows": 25, "Actual Loops": 25, "Plans": [{"Node Type": "Seq Scan", "Parent Relationship": "Outer", "Relation Name": "region", "Alias": "region", "Startup Cost": 0.0, "Total Cost": 1.06, "Plan Rows": 1, "Plan Width": 4, "Actual Startup Time": 0.018, "Actual Total Time": 0.019, "Actual Rows": 1, "Actual Loops": 1, "Filter": "(r_name = 'MIDDLE EAST'::bpchar)", "Rows Removed by Filter": 4}]}]}, {"Node Type": "Index Scan", "Parent Relationship": "Inner", "Scan Direction": "Forward", "Index Name": "idx_customer_nationkey", "Relation Name": "customer", "Alias": "customer", "Startup Cost": 0.0, "Total Cost": 7702.43, "Plan Rows": 60000, "Plan Width": 12, "Actual Startup Time": 0.176, "Actual Total Time": 446.602, "Actual Rows": 299838, "Actual Loops": 5, "Index Cond": "(c_nationkey = nation.n_nationkey)", "Rows Removed by Index Recheck": 0}]}, {"Node Type": "Index Scan", "Parent Relationship": "Inner", "Scan Direction": "Forward", "Index Name": "idx_orders_custkey", "Relation Name": "orders", "Alias": "orders", "Startup Cost": 0.0, "Total Cost": 1.24, "Plan Rows": 1, "Plan Width": 16, "Actual Startup Time": 4064.434, "Actual Total Time": 8595.264, "Actual Rows": 454183, "Actual Loops": 299838, "Index Cond": "(o_custkey = customer.c_custkey)", "Rows Removed by Index Recheck": 0, "Filter": "((o_orderdate >= '1994-01-01 00:00:00'::timestamp(0) without time zone) AND (o_orderdate < '1995-01-01 00:00:00'::timestamp without time zone))", "Rows Removed by Filter": 2542535}]}, {"Node Type": "Index Scan", "Parent Relationship": "Inner", "Scan Direction": "Forward", "Index Name": "idx_lineitem_orderkey", "Relation Name": "lineitem", "Alias": "lineitem", "Startup Cost": 0.0, "Total Cost": 3.05, "Plan Rows": 9, "Plan Width": 32, "Actual Startup Time": 4244.549, "Actual Total Time": 5208.924, "Actual Rows": 1815222, "Actual Loops": 454183, "Index Cond": "(l_orderkey = orders.o_orderkey)", "Rows Removed by Index Recheck": 0}]}, {"Node Type": "Hash", "Parent Relationship": "Inner", "Startup Cost": 3283.0, "Total Cost": 3283.0, "Plan Rows": 100000, "Plan Width": 12, "Actual Startup Time": 66.706, "Actual Total Time": 66.706, "Actual Rows": 100000, "Actual Loops": 1, "Hash Buckets": 131072, "Hash Batches": 1, "Original Hash Batches": 1, "Peak Memory Usage": 4297, "Plans": [{"Node Type": "Seq Scan", "Parent Relationship": "Outer", "Relation Name": "supplier", "Alias": "supplier", "Startup Cost": 0.0, "Total Cost": 3283.0, "Plan Rows": 100000, "Plan Width": 12, "Actual Startup Time": 0.011, "Actual Total Time": 35.91, "Actual Rows": 100000, "Actual Loops": 1}]}]}]}]}, "Triggers": [], "Planner Runtime": 9.343, "Total Runtime": 16220.542, "Unique SQL Id": 1392561963}}, "(16, 45)": {"explain_plan": {"Plan": {"Node Type": "Sort", "Startup Cost": 1727130.96, "Total Cost": 1727131.02, "Plan Rows": 25, "Plan Width": 50, "Sort Key": ["(sum((lineitem.l_extendedprice * (1::double precision - lineitem.l_discount)))) DESC"], "Plans": [{"Node Type": "Aggregate", "Strategy": "Hashed", "Parent Relationship": "Outer", "Startup Cost": 1727130.13, "Total Cost": 1727130.38, "Plan Rows": 25, "Plan Width": 50, "Group By Key": ["nation.n_name"], "Plans": [{"Node Type": "Hash Join", "Parent Relationship": "Outer", "Join Type": "Inner", "Startup Cost": 6834.54, "Total Cost": 1727036.23, "Plan Rows": 9390, "Plan Width": 42, "Inner Unique": true, "Hash Cond": "((lineitem.l_suppkey = supplier.s_suppkey) AND (customer.c_nationkey = supplier.s_nationkey))", "Plans": [{"Node Type": "Nested Loop", "Parent Relationship": "Outer", "Join Type": "Inner", "Startup Cost": 0.0, "Total Cost": 1692440.68, "Plan Rows": 3688948, "Plan Width": 58, "Inner Unique": false, "Plans": [{"Node Type": "Nested Loop", "Parent Relationship": "Outer", "Join Type": "Inner", "Startup Cost": 0.0, "Total Cost": 416646.27, "Plan Rows": 406290, "Plan Width": 42, "Inner Unique": false, "Plans": [{"Node Type": "Nested Loop", "Parent Relationship": "Outer", "Join Type": "Inner", "Startup Cost": 0.0, "Total Cost": 41537.47, "Plan Rows": 300000, "Plan Width": 42, "Inner Unique": false, "Plans": [{"Node Type": "Nested Loop", "Parent Relationship": "Outer", "Join Type": "Inner", "Startup Cost": 0.0, "Total Cost": 25.34, "Plan Rows": 5, "Plan Width": 30, "Inner Unique": true, "Join Filter": "(nation.n_regionkey = region.r_regionkey)", "Plans": [{"Node Type": "Index Scan", "Parent Relationship": "Outer", "Scan Direction": "Forward", "Index Name": "nation_pkey", "Relation Name": "nation", "Alias": "nation", "Startup Cost": 0.0, "Total Cost": 12.62, "Plan Rows": 25, "Plan Width": 34}, {"Node Type": "Materialize", "Parent Relationship": "Inner", "Startup Cost": 0.0, "Total Cost": 12.34, "Plan Rows": 1, "Plan Width": 4, "Plans": [{"Node Type": "Index Scan", "Parent Relationship": "Outer", "Scan Direction": "Forward", "Index Name": "region_pkey", "Relation Name": "region", "Alias": "region", "Startup Cost": 0.0, "Total Cost": 12.34, "Plan Rows": 1, "Plan Width": 4, "Filter": "(r_name = 'MIDDLE EAST'::bpchar)"}]}]}, {"Node Type": "Index Scan", "Parent Relationship": "Inner", "Scan Direction": "Forward", "Index Name": "idx_customer_nationkey", "Relation Name": "customer", "Alias": "customer", "Startup Cost": 0.0, "Total Cost": 7702.43, "Plan Rows": 60000, "Plan Width": 12, "Index Cond": "(c_nationkey = nation.n_nationkey)"}]}, {"Node Type": "Index Scan", "Parent Relationship": "Inner", "Scan Direction": "Forward", "Index Name": "idx_orders_custkey", "Relation Name": "orders", "Alias": "orders", "Startup Cost": 0.0, "Total Cost": 1.24, "Plan Rows": 1, "Plan Width": 16, "Index Cond": "(o_custkey = customer.c_custkey)", "Filter": "((o_orderdate >= '1994-01-01 00:00:00'::timestamp(0) without time zone) AND (o_orderdate < '1995-01-01 00:00:00'::timestamp without time zone))"}]}, {"Node Type": "Index Scan", "Parent Relationship": "Inner", "Scan Direction": "Forward", "Index Name": "idx_lineitem_orderkey", "Relation Name": "lineitem", "Alias": "lineitem", "Startup Cost": 0.0, "Total Cost": 3.05, "Plan Rows": 9, "Plan Width": 32, "Index Cond": "(l_orderkey = orders.o_orderkey)"}]}, {"Node Type": "Hash", "Parent Relationship": "Inner", "Startup Cost": 5334.54, "Total Cost": 5334.54, "Plan Rows": 100000, "Plan Width": 12, "Plans": [{"Node Type": "Index Scan", "Parent Relationship": "Outer", "Scan Direction": "Forward", "Index Name": "supplier_pkey", "Relation Name": "supplier", "Alias": "supplier", "Startup Cost": 0.0, "Total Cost": 5334.54, "Plan Rows": 100000, "Plan Width": 12}]}]}]}]}, "Unique SQL Id": 1392561963}, "explain_analyze_plan": {"Plan": {"Node Type": "Sort", "Startup Cost": 1727130.96, "Total Cost": 1727131.02, "Plan Rows": 25, "Plan Width": 50, "Actual Startup Time": 16518.977, "Actual Total Time": 16518.978, "Actual Rows": 5, "Actual Loops": 1, "Sort Key": ["(sum((lineitem.l_extendedprice * (1::double precision - lineitem.l_discount)))) DESC"], "Sort Method": "quicksort", "Sort Space Used": 25, "Sort Space Type": "Memory", "Plans": [{"Node Type": "Aggregate", "Strategy": "Hashed", "Parent Relationship": "Outer", "Startup Cost": 1727130.13, "Total Cost": 1727130.38, "Plan Rows": 25, "Plan Width": 50, "Actual Startup Time": 16518.942, "Actual Total Time": 16518.946, "Actual Rows": 5, "Actual Loops": 1, "Group By Key": ["nation.n_name"], "Plans": [{"Node Type": "Hash Join", "Parent Relationship": "Outer", "Join Type": "Inner", "Startup Cost": 6834.54, "Total Cost": 1727036.23, "Plan Rows": 9390, "Plan Width": 42, "Actual Startup Time": 97.905, "Actual Total Time": 16437.065, "Actual Rows": 72985, "Actual Loops": 1, "Inner Unique": true, "Hash Cond": "((lineitem.l_suppkey = supplier.s_suppkey) AND (customer.c_nationkey = supplier.s_nationkey))", "Plans": [{"Node Type": "Nested Loop", "Parent Relationship": "Outer", "Join Type": "Inner", "Startup Cost": 0.0, "Total Cost": 1692440.68, "Plan Rows": 3688948, "Plan Width": 58, "Actual Startup Time": 0.135, "Actual Total Time": 15490.546, "Actual Rows": 1815222, "Actual Loops": 1, "Inner Unique": false, "Plans": [{"Node Type": "Nested Loop", "Parent Relationship": "Outer", "Join Type": "Inner", "Startup Cost": 0.0, "Total Cost": 416646.27, "Plan Rows": 406290, "Plan Width": 42, "Actual Startup Time": 0.121, "Actual Total Time": 9625.863, "Actual Rows": 454183, "Actual Loops": 1, "Inner Unique": false, "Plans": [{"Node Type": "Nested Loop", "Parent Relationship": "Outer", "Join Type": "Inner", "Startup Cost": 0.0, "Total Cost": 41537.47, "Plan Rows": 300000, "Plan Width": 42, "Actual Startup Time": 0.069, "Actual Total Time": 535.802, "Actual Rows": 299838, "Actual Loops": 1, "Inner Unique": false, "Plans": [{"Node Type": "Nested Loop", "Parent Relationship": "Outer", "Join Type": "Inner", "Startup Cost": 0.0, "Total Cost": 25.34, "Plan Rows": 5, "Plan Width": 30, "Actual Startup Time": 0.04, "Actual Total Time": 0.202, "Actual Rows": 5, "Actual Loops": 1, "Inner Unique": true, "Join Filter": "(nation.n_regionkey = region.r_regionkey)", "Rows Removed by Join Filter": 20, "Plans": [{"Node Type": "Index Scan", "Parent Relationship": "Outer", "Scan Direction": "Forward", "Index Name": "nation_pkey", "Relation Name": "nation", "Alias": "nation", "Startup Cost": 0.0, "Total Cost": 12.62, "Plan Rows": 25, "Plan Width": 34, "Actual Startup Time": 0.013, "Actual Total Time": 0.118, "Actual Rows": 25, "Actual Loops": 1}, {"Node Type": "Materialize", "Parent Relationship": "Inner", "Startup Cost": 0.0, "Total Cost": 12.34, "Plan Rows": 1, "Plan Width": 4, "Actual Startup Time": 0.026, "Actual Total Time": 0.029, "Actual Rows": 25, "Actual Loops": 25, "Plans": [{"Node Type": "Index Scan", "Parent Relationship": "Outer", "Scan Direction": "Forward", "Index Name": "region_pkey", "Relation Name": "region", "Alias": "region", "Startup Cost": 0.0, "Total Cost": 12.34, "Plan Rows": 1, "Plan Width": 4, "Actual Startup Time": 0.012, "Actual Total Time": 0.014, "Actual Rows": 1, "Actual Loops": 1, "Filter": "(r_name = 'MIDDLE EAST'::bpchar)", "Rows Removed by Filter": 4}]}]}, {"Node Type": "Index Scan", "Parent Relationship": "Inner", "Scan Direction": "Forward", "Index Name": "idx_customer_nationkey", "Relation Name": "customer", "Alias": "customer", "Startup Cost": 0.0, "Total Cost": 7702.43, "Plan Rows": 60000, "Plan Width": 12, "Actual Startup Time": 0.179, "Actual Total Time": 452.666, "Actual Rows": 299838, "Actual Loops": 5, "Index Cond": "(c_nationkey = nation.n_nationkey)", "Rows Removed by Index Recheck": 0}]}, {"Node Type": "Index Scan", "Parent Relationship": "Inner", "Scan Direction": "Forward", "Index Name": "idx_orders_custkey", "Relation Name": "orders", "Alias": "orders", "Startup Cost": 0.0, "Total Cost": 1.24, "Plan Rows": 1, "Plan Width": 16, "Actual Startup Time": 4107.388, "Actual Total Time": 8826.296, "Actual Rows": 454183, "Actual Loops": 299838, "Index Cond": "(o_custkey = customer.c_custkey)", "Rows Removed by Index Recheck": 0, "Filter": "((o_orderdate >= '1994-01-01 00:00:00'::timestamp(0) without time zone) AND (o_orderdate < '1995-01-01 00:00:00'::timestamp without time zone))", "Rows Removed by Filter": 2542535}]}, {"Node Type": "Index Scan", "Parent Relationship": "Inner", "Scan Direction": "Forward", "Index Name": "idx_lineitem_orderkey", "Relation Name": "lineitem", "Alias": "lineitem", "Startup Cost": 0.0, "Total Cost": 3.05, "Plan Rows": 9, "Plan Width": 32, "Actual Startup Time": 4257.792, "Actual Total Time": 5218.58, "Actual Rows": 1815222, "Actual Loops": 454183, "Index Cond": "(l_orderkey = orders.o_orderkey)", "Rows Removed by Index Recheck": 0}]}, {"Node Type": "Hash", "Parent Relationship": "Inner", "Startup Cost": 5334.54, "Total Cost": 5334.54, "Plan Rows": 100000, "Plan Width": 12, "Actual Startup Time": 97.527, "Actual Total Time": 97.527, "Actual Rows": 100000, "Actual Loops": 1, "Hash Buckets": 131072, "Hash Batches": 1, "Original Hash Batches": 1, "Peak Memory Usage": 4297, "Plans": [{"Node Type": "Index Scan", "Parent Relationship": "Outer", "Scan Direction": "Forward", "Index Name": "supplier_pkey", "Relation Name": "supplier", "Alias": "supplier", "Startup Cost": 0.0, "Total Cost": 5334.54, "Plan Rows": 100000, "Plan Width": 12, "Actual Startup Time": 0.02, "Actual Total Time": 64.858, "Actual Rows": 100000, "Actual Loops": 1}]}]}]}]}, "Triggers": [], "Planner Runtime": 8.974, "Total Runtime": 16519.314, "Unique SQL Id": 1392561963}}, "(16, 46)": {"explain_plan": {"Plan": {"Node Type": "Sort", "Startup Cost": 2891580.15, "Total Cost": 2891580.22, "Plan Rows": 25, "Plan Width": 50, "Sort Key": ["(sum((lineitem.l_extendedprice * (1::double precision - lineitem.l_discount)))) DESC"], "Plans": [{"Node Type": "Aggregate", "Strategy": "Hashed", "Parent Relationship": "Outer", "Startup Cost": 2891579.32, "Total Cost": 2891579.57, "Plan Rows": 25, "Plan Width": 50, "Group By Key": ["nation.n_name"], "Plans": [{"Node Type": "Hash Join", "Parent Relationship": "Outer", "Join Type": "Inner", "Startup Cost": 586755.18, "Total Cost": 2891485.42, "Plan Rows": 9390, "Plan Width": 42, "Inner Unique": true, "Hash Cond": "((lineitem.l_suppkey = supplier.s_suppkey) AND (customer.c_nationkey = supplier.s_nationkey))", "Plans": [{"Node Type": "Hash Join", "Parent Relationship": "Outer", "Join Type": "Inner", "Startup Cost": 581972.18, "Total Cost": 2858928.33, "Plan Rows": 3688948, "Plan Width": 58, "Inner Unique": false, "Hash Cond": "(lineitem.l_orderkey = orders.o_orderkey), (LLVM Optimized)", "Plans": [{"Node Type": "Seq Scan", "Parent Relationship": "Outer", "Relation Name": "lineitem", "Alias": "lineitem", "Startup Cost": 0.0, "Total Cost": 2015115.33, "Plan Rows": 59987033, "Plan Width": 32}, {"Node Type": "Hash", "Parent Relationship": "Inner", "Startup Cost": 576893.55, "Total Cost": 576893.55, "Plan Rows": 406290, "Plan Width": 42, "Plans": [{"Node Type": "Hash Join", "Parent Relationship": "Outer", "Join Type": "Inner", "Startup Cost": 63303.94, "Total Cost": 576893.55, "Plan Rows": 406290, "Plan Width": 42, "Inner Unique": false, "Hash Cond": "(orders.o_custkey = customer.c_custkey), (LLVM Optimized)", "Plans": [{"Node Type": "Seq Scan", "Parent Relationship": "Outer", "Relation Name": "orders", "Alias": "orders", "Startup Cost": 441.06, "Total Cost": 501411.18, "Plan Rows": 2281758, "Plan Width": 16, "Filter": "((o_orderdate >= '1994-01-01 00:00:00'::timestamp(0) without time zone) AND (o_orderdate < '1995-01-01 00:00:00'::timestamp without time zone)), (LLVM Optimized)"}, {"Node Type": "Hash", "Parent Relationship": "Inner", "Startup Cost": 59112.88, "Total Cost": 59112.88, "Plan Rows": 300000, "Plan Width": 42, "Plans": [{"Node Type": "Hash Join", "Parent Relationship": "Outer", "Join Type": "Inner", "Startup Cost": 2.5, "Total Cost": 59112.88, "Plan Rows": 300000, "Plan Width": 42, "Inner Unique": false, "Hash Cond": "(customer.c_nationkey = nation.n_nationkey), (LLVM Optimized)", "Plans": [{"Node Type": "Seq Scan", "Parent Relationship": "Outer", "Relation Name": "customer", "Alias": "customer", "Startup Cost": 0.0, "Total Cost": 52126.0, "Plan Rows": 1500000, "Plan Width": 12}, {"Node Type": "Hash", "Parent Relationship": "Inner", "Startup Cost": 2.44, "Total Cost": 2.44, "Plan Rows": 5, "Plan Width": 30, "Plans": [{"Node Type": "Hash Join", "Parent Relationship": "Outer", "Join Type": "Inner", "Startup Cost": 1.07, "Total Cost": 2.44, "Plan Rows": 5, "Plan Width": 30, "Inner Unique": true, "Hash Cond": "(nation.n_regionkey = region.r_regionkey)", "Plans": [{"Node Type": "Seq Scan", "Parent Relationship": "Outer", "Relation Name": "nation", "Alias": "nation", "Startup Cost": 0.0, "Total Cost": 1.25, "Plan Rows": 25, "Plan Width": 34}, {"Node Type": "Hash", "Parent Relationship": "Inner", "Startup Cost": 1.06, "Total Cost": 1.06, "Plan Rows": 1, "Plan Width": 4, "Plans": [{"Node Type": "Seq Scan", "Parent Relationship": "Outer", "Relation Name": "region", "Alias": "region", "Startup Cost": 0.0, "Total Cost": 1.06, "Plan Rows": 1, "Plan Width": 4, "Filter": "(r_name = 'MIDDLE EAST'::bpchar)"}]}]}]}]}]}]}]}]}, {"Node Type": "Hash", "Parent Relationship": "Inner", "Startup Cost": 3283.0, "Total Cost": 3283.0, "Plan Rows": 100000, "Plan Width": 12, "Plans": [{"Node Type": "Seq Scan", "Parent Relationship": "Outer", "Relation Name": "supplier", "Alias": "supplier", "Startup Cost": 0.0, "Total Cost": 3283.0, "Plan Rows": 100000, "Plan Width": 12}]}]}]}]}, "Unique SQL Id": 1392561963}, "explain_analyze_plan": null}, "(16, 47)": {"explain_plan": {"Plan": {"Node Type": "Sort", "Startup Cost": 6051464595461.66, "Total Cost": 6051464595461.73, "Plan Rows": 25, "Plan Width": 50, "Sort Key": ["(sum((lineitem.l_extendedprice * (1::double precision - lineitem.l_discount)))) DESC"], "Plans": [{"Node Type": "Aggregate", "Strategy": "Hashed", "Parent Relationship": "Outer", "Startup Cost": 6051464595460.83, "Total Cost": 6051464595461.08, "Plan Rows": 25, "Plan Width": 50, "Group By Key": ["nation.n_name"], "Plans": [{"Node Type": "Nested Loop", "Parent Relationship": "Outer", "Join Type": "Inner", "Startup Cost": 60000000000.0, "Total Cost": 6051464595366.93, "Plan Rows": 9390, "Plan Width": 42, "Inner Unique": false, "Join Filter": "((orders.o_custkey = customer.c_custkey) AND (supplier.s_nationkey = customer.c_nationkey))", "Plans": [{"Node Type": "Index Scan", "Parent Relationship": "Outer", "Scan Direction": "Forward", "Index Name": "customer_pkey", "Relation Name": "customer", "Alias": "customer", "Startup Cost": 10000000000.0, "Total Cost": 1000008076535.62, "Plan Rows": 1500000, "Plan Width": 12}, {"Node Type": "Materialize", "Parent Relationship": "Inner", "Startup Cost": 50000000000.0, "Total Cost": 5044534420740.56, "Plan Rows": 263699, "Plan Width": 58, "Plans": [{"Node Type": "Nested Loop", "Parent Relationship": "Outer", "Join Type": "Inner", "Startup Cost": 50000000000.0, "Total Cost": 5044534419422.06, "Plan Rows": 263699, "Plan Width": 58, "Inner Unique": true, "Join Filter": "(lineitem.l_orderkey = orders.o_orderkey), (LLVM Optimized)", "Plans": [{"Node Type": "Nested Loop", "Parent Relationship": "Outer", "Join Type": "Inner", "Startup Cost": 40000000000.0, "Total Cost": 4018320818943.09, "Plan Rows": 763534, "Plan Width": 58, "Inner Unique": false, "Join Filter": "(supplier.s_suppkey = lineitem.l_suppkey), (LLVM Optimized)", "Plans": [{"Node Type": "Nested Loop", "Parent Relationship": "Outer", "Join Type": "Inner", "Startup Cost": 30000000000.0, "Total Cost": 3000000543701.01, "Plan Rows": 20000, "Plan Width": 42, "Inner Unique": false, "Join Filter": "(nation.n_nationkey = supplier.s_nationkey)", "Plans": [{"Node Type": "Nested Loop", "Parent Relationship": "Outer", "Join Type": "Inner", "Startup Cost": 20000000000.0, "Total Cost": 2000000002496.63, "Plan Rows": 5, "Plan Width": 30, "Inner Unique": true, "Join Filter": "(nation.n_regionkey = region.r_regionkey)", "Plans": [{"Node Type": "Index Scan", "Parent Relationship": "Outer", "Scan Direction": "Forward", "Index Name": "nation_pkey", "Relation Name": "nation", "Alias": "nation", "Startup Cost": 10000000000.0, "Total Cost": 1000000001262.5, "Plan Rows": 25, "Plan Width": 34}, {"Node Type": "Materialize", "Parent Relationship": "Inner", "Startup Cost": 10000000000.0, "Total Cost": 1000000001233.76, "Plan Rows": 1, "Plan Width": 4, "Plans": [{"Node Type": "Index Scan", "Parent Relationship": "Outer", "Scan Direction": "Forward", "Index Name": "region_pkey", "Relation Name": "region", "Alias": "region", "Startup Cost": 10000000000.0, "Total Cost": 1000000001233.75, "Plan Rows": 1, "Plan Width": 4, "Filter": "(r_name = 'MIDDLE EAST'::bpchar)"}]}]}, {"Node Type": "Materialize", "Parent Relationship": "Inner", "Startup Cost": 10000000000.0, "Total Cost": 1000000533954.38, "Plan Rows": 100000, "Plan Width": 12, "Plans": [{"Node Type": "Index Scan", "Parent Relationship": "Outer", "Scan Direction": "Forward", "Index Name": "supplier_pkey", "Relation Name": "supplier", "Alias": "supplier", "Startup Cost": 10000000000.0, "Total Cost": 1000000533454.38, "Plan Rows": 100000, "Plan Width": 12}]}]}, {"Node Type": "Materialize", "Parent Relationship": "Inner", "Startup Cost": 10000000000.0, "Total Cost": 1000324315309.67, "Plan Rows": 59987033, "Plan Width": 32, "Plans": [{"Node Type": "Index Scan", "Parent Relationship": "Outer", "Scan Direction": "Forward", "Index Name": "idx_lineitem_orderkey", "Relation Name": "lineitem", "Alias": "lineitem", "Startup Cost": 10000000000.0, "Total Cost": 1000324015374.5, "Plan Rows": 59987033, "Plan Width": 32}]}]}, {"Node Type": "Materialize", "Parent Relationship": "Inner", "Startup Cost": 10000000000.0, "Total Cost": 1000080608991.79, "Plan Rows": 2281758, "Plan Width": 16, "Plans": [{"Node Type": "Index Scan", "Parent Relationship": "Outer", "Scan Direction": "Forward", "Index Name": "orders_pkey", "Relation Name": "orders", "Alias": "orders", "Startup Cost": 10000000000.0, "Total Cost": 1000080597583.0, "Plan Rows": 2281758, "Plan Width": 16, "Filter": "((o_orderdate >= '1994-01-01 00:00:00'::timestamp(0) without time zone) AND (o_orderdate < '1995-01-01 00:00:00'::timestamp without time zone)), (LLVM Optimized)"}]}]}]}]}]}]}, "Unique SQL Id": 1392561963}, "explain_analyze_plan": null}, "(16, 48)": {"explain_plan": {"Plan": {"Node Type": "Sort", "Startup Cost": 2730959.0, "Total Cost": 2730959.06, "Plan Rows": 25, "Plan Width": 50, "Sort Key": ["(sum((lineitem.l_extendedprice * (1::double precision - lineitem.l_discount)))) DESC"], "Plans": [{"Node Type": "Aggregate", "Strategy": "Hashed", "Parent Relationship": "Outer", "Startup Cost": 2730958.17, "Total Cost": 2730958.42, "Plan Rows": 25, "Plan Width": 50, "Group By Key": ["nation.n_name"], "Plans": [{"Node Type": "Nested Loop", "Parent Relationship": "Outer", "Join Type": "Inner", "Startup Cost": 1030.37, "Total Cost": 2730864.27, "Plan Rows": 9390, "Plan Width": 42, "Inner Unique": true, "Join Filter": "(customer.c_nationkey = supplier.s_nationkey)", "Plans": [{"Node Type": "Nested Loop", "Parent Relationship": "Outer", "Join Type": "Inner", "Startup Cost": 1030.37, "Total Cost": 1688079.68, "Plan Rows": 3688948, "Plan Width": 58, "Inner Unique": false, "Plans": [{"Node Type": "Nested Loop", "Parent Relationship": "Outer", "Join Type": "Inner", "Startup Cost": 1030.37, "Total Cost": 412285.27, "Plan Rows": 406290, "Plan Width": 42, "Inner Unique": false, "Plans": [{"Node Type": "Nested Loop", "Parent Relationship": "Outer", "Join Type": "Inner", "Startup Cost": 1030.37, "Total Cost": 37176.47, "Plan Rows": 300000, "Plan Width": 42, "Inner Unique": false, "Plans": [{"Node Type": "Nested Loop", "Parent Relationship": "Outer", "Join Type": "Inner", "Startup Cost": 0.0, "Total Cost": 14.06, "Plan Rows": 5, "Plan Width": 30, "Inner Unique": true, "Join Filter": "(nation.n_regionkey = region.r_regionkey)", "Plans": [{"Node Type": "Index Scan", "Parent Relationship": "Outer", "Scan Direction": "Forward", "Index Name": "nation_pkey", "Relation Name": "nation", "Alias": "nation", "Startup Cost": 0.0, "Total Cost": 12.62, "Plan Rows": 25, "Plan Width": 34}, {"Node Type": "Materialize", "Parent Relationship": "Inner", "Startup Cost": 0.0, "Total Cost": 1.07, "Plan Rows": 1, "Plan Width": 4, "Plans": [{"Node Type": "Seq Scan", "Parent Relationship": "Outer", "Relation Name": "region", "Alias": "region", "Startup Cost": 0.0, "Total Cost": 1.06, "Plan Rows": 1, "Plan Width": 4, "Filter": "(r_name = 'MIDDLE EAST'::bpchar)"}]}]}, {"Node Type": "Bitmap Heap Scan", "Parent Relationship": "Inner", "Relation Name": "customer", "Alias": "customer", "Startup Cost": 1030.37, "Total Cost": 6832.48, "Plan Rows": 60000, "Plan Width": 12, "Recheck Cond": "(c_nationkey = nation.n_nationkey)", "Plans": [{"Node Type": "Bitmap Index Scan", "Parent Relationship": "Outer", "Index Name": "idx_customer_nationkey", "Startup Cost": 0.0, "Total Cost": 1015.37, "Plan Rows": 60000, "Plan Width": 0, "Index Cond": "(c_nationkey = nation.n_nationkey)"}]}]}, {"Node Type": "Index Scan", "Parent Relationship": "Inner", "Scan Direction": "Forward", "Index Name": "idx_orders_custkey", "Relation Name": "orders", "Alias": "orders", "Startup Cost": 0.0, "Total Cost": 1.24, "Plan Rows": 1, "Plan Width": 16, "Index Cond": "(o_custkey = customer.c_custkey)", "Filter": "((o_orderdate >= '1994-01-01 00:00:00'::timestamp(0) without time zone) AND (o_orderdate < '1995-01-01 00:00:00'::timestamp without time zone))"}]}, {"Node Type": "Index Scan", "Parent Relationship": "Inner", "Scan Direction": "Forward", "Index Name": "idx_lineitem_orderkey", "Relation Name": "lineitem", "Alias": "lineitem", "Startup Cost": 0.0, "Total Cost": 3.05, "Plan Rows": 9, "Plan Width": 32, "Index Cond": "(l_orderkey = orders.o_orderkey)"}]}, {"Node Type": "Index Scan", "Parent Relationship": "Inner", "Scan Direction": "Forward", "Index Name": "supplier_pkey", "Relation Name": "supplier", "Alias": "supplier", "Startup Cost": 0.0, "Total Cost": 0.27, "Plan Rows": 1, "Plan Width": 12, "Index Cond": "(s_suppkey = lineitem.l_suppkey)"}]}]}]}, "Unique SQL Id": 1392561963}, "explain_analyze_plan": {"Plan": {"Node Type": "Sort", "Startup Cost": 2730959.0, "Total Cost": 2730959.06, "Plan Rows": 25, "Plan Width": 50, "Actual Startup Time": 25560.696, "Actual Total Time": 25560.697, "Actual Rows": 5, "Actual Loops": 1, "Sort Key": ["(sum((lineitem.l_extendedprice * (1::double precision - lineitem.l_discount)))) DESC"], "Sort Method": "quicksort", "Sort Space Used": 25, "Sort Space Type": "Memory", "Plans": [{"Node Type": "Aggregate", "Strategy": "Hashed", "Parent Relationship": "Outer", "Startup Cost": 2730958.17, "Total Cost": 2730958.42, "Plan Rows": 25, "Plan Width": 50, "Actual Startup Time": 25560.651, "Actual Total Time": 25560.652, "Actual Rows": 5, "Actual Loops": 1, "Group By Key": ["nation.n_name"], "Plans": [{"Node Type": "Nested Loop", "Parent Relationship": "Outer", "Join Type": "Inner", "Startup Cost": 1030.37, "Total Cost": 2730864.27, "Plan Rows": 9390, "Plan Width": 42, "Actual Startup Time": 18.112, "Actual Total Time": 25459.86, "Actual Rows": 72985, "Actual Loops": 1, "Inner Unique": true, "Join Filter": "(customer.c_nationkey = supplier.s_nationkey)", "Rows Removed by Join Filter": 1742237, "Plans": [{"Node Type": "Nested Loop", "Parent Relationship": "Outer", "Join Type": "Inner", "Startup Cost": 1030.37, "Total Cost": 1688079.68, "Plan Rows": 3688948, "Plan Width": 58, "Actual Startup Time": 17.983, "Actual Total Time": 16094.011, "Actual Rows": 1815222, "Actual Loops": 1, "Inner Unique": false, "Plans": [{"Node Type": "Nested Loop", "Parent Relationship": "Outer", "Join Type": "Inner", "Startup Cost": 1030.37, "Total Cost": 412285.27, "Plan Rows": 406290, "Plan Width": 42, "Actual Startup Time": 17.96, "Actual Total Time": 9969.351, "Actual Rows": 454183, "Actual Loops": 1, "Inner Unique": false, "Plans": [{"Node Type": "Nested Loop", "Parent Relationship": "Outer", "Join Type": "Inner", "Startup Cost": 1030.37, "Total Cost": 37176.47, "Plan Rows": 300000, "Plan Width": 42, "Actual Startup Time": 17.88, "Actual Total Time": 683.437, "Actual Rows": 299838, "Actual Loops": 1, "Inner Unique": false, "Plans": [{"Node Type": "Nested Loop", "Parent Relationship": "Outer", "Join Type": "Inner", "Startup Cost": 0.0, "Total Cost": 14.06, "Plan Rows": 5, "Plan Width": 30, "Actual Startup Time": 0.072, "Actual Total Time": 0.232, "Actual Rows": 5, "Actual Loops": 1, "Inner Unique": true, "Join Filter": "(nation.n_regionkey = region.r_regionkey)", "Rows Removed by Join Filter": 20, "Plans": [{"Node Type": "Index Scan", "Parent Relationship": "Outer", "Scan Direction": "Forward", "Index Name": "nation_pkey", "Relation Name": "nation", "Alias": "nation", "Startup Cost": 0.0, "Total Cost": 12.62, "Plan Rows": 25, "Plan Width": 34, "Actual Startup Time": 0.029, "Actual Total Time": 0.132, "Actual Rows": 25, "Actual Loops": 1}, {"Node Type": "Materialize", "Parent Relationship": "Inner", "Startup Cost": 0.0, "Total Cost": 1.07, "Plan Rows": 1, "Plan Width": 4, "Actual Startup Time": 0.04, "Actual Total Time": 0.045, "Actual Rows": 25, "Actual Loops": 25, "Plans": [{"Node Type": "Seq Scan", "Parent Relationship": "Outer", "Relation Name": "region", "Alias": "region", "Startup Cost": 0.0, "Total Cost": 1.06, "Plan Rows": 1, "Plan Width": 4, "Actual Startup Time": 0.02, "Actual Total Time": 0.022, "Actual Rows": 1, "Actual Loops": 1, "Filter": "(r_name = 'MIDDLE EAST'::bpchar)", "Rows Removed by Filter": 4}]}]}, {"Node Type": "Bitmap Heap Scan", "Parent Relationship": "Inner", "Relation Name": "customer", "Alias": "customer", "Startup Cost": 1030.37, "Total Cost": 6832.48, "Plan Rows": 60000, "Plan Width": 12, "Actual Startup Time": 91.446, "Actual Total Time": 607.493, "Actual Rows": 299838, "Actual Loops": 5, "Recheck Cond": "(c_nationkey = nation.n_nationkey)", "Rows Removed by Index Recheck": 0, "Exact Heap Blocks": 150033, "Lossy Heap Blocks": 150033, "Plans": [{"Node Type": "Bitmap Index Scan", "Parent Relationship": "Outer", "Index Name": "idx_customer_nationkey", "Startup Cost": 0.0, "Total Cost": 1015.37, "Plan Rows": 60000, "Plan Width": 0, "Actual Startup Time": 58.188, "Actual Total Time": 58.188, "Actual Rows": 299838, "Actual Loops": 5, "Index Cond": "(c_nationkey = nation.n_nationkey)"}]}]}, {"Node Type": "Index Scan", "Parent Relationship": "Inner", "Scan Direction": "Forward", "Index Name": "idx_orders_custkey", "Relation Name": "orders", "Alias": "orders", "Startup Cost": 0.0, "Total Cost": 1.24, "Plan Rows": 1, "Plan Width": 16, "Actual Startup Time": 4239.537, "Actual Total Time": 9007.775, "Actual Rows": 454183, "Actual Loops": 299838, "Index Cond": "(o_custkey = customer.c_custkey)", "Rows Removed by Index Recheck": 0, "Filter": "((o_orderdate >= '1994-01-01 00:00:00'::timestamp(0) without time zone) AND (o_orderdate < '1995-01-01 00:00:00'::timestamp without time zone))", "Rows Removed by Filter": 2542535}]}, {"Node Type": "Index Scan", "Parent Relationship": "Inner", "Scan Direction": "Forward", "Index Name": "idx_lineitem_orderkey", "Relation Name": "lineitem", "Alias": "lineitem", "Startup Cost": 0.0, "Total Cost": 3.05, "Plan Rows": 9, "Plan Width": 32, "Actual Startup Time": 4467.091, "Actual Total Time": 5437.921, "Actual Rows": 1815222, "Actual Loops": 454183, "Index Cond": "(l_orderkey = orders.o_orderkey)", "Rows Removed by Index Recheck": 0}]}, {"Node Type": "Index Scan", "Parent Relationship": "Inner", "Scan Direction": "Forward", "Index Name": "supplier_pkey", "Relation Name": "supplier", "Alias": "supplier", "Startup Cost": 0.0, "Total Cost": 0.27, "Plan Rows": 1, "Plan Width": 12, "Actual Startup Time": 7325.932, "Actual Total Time": 7919.27, "Actual Rows": 1815222, "Actual Loops": 1815222, "Index Cond": "(s_suppkey = lineitem.l_suppkey)", "Rows Removed by Index Recheck": 0}]}]}]}, "Triggers": [], "Planner Runtime": 3.126, "Total Runtime": 25561.134, "Unique SQL Id": 1392561963}}, "(16, 49)": {"explain_plan": {"Plan": {"Node Type": "Sort", "Startup Cost": 2730970.27, "Total Cost": 2730970.34, "Plan Rows": 25, "Plan Width": 50, "Sort Key": ["(sum((lineitem.l_extendedprice * (1::double precision - lineitem.l_discount)))) DESC"], "Plans": [{"Node Type": "Aggregate", "Strategy": "Hashed", "Parent Relationship": "Outer", "Startup Cost": 2730969.44, "Total Cost": 2730969.69, "Plan Rows": 25, "Plan Width": 50, "Group By Key": ["nation.n_name"], "Plans": [{"Node Type": "Nested Loop", "Parent Relationship": "Outer", "Join Type": "Inner", "Startup Cost": 1030.37, "Total Cost": 2730875.54, "Plan Rows": 9390, "Plan Width": 42, "Inner Unique": true, "Join Filter": "(customer.c_nationkey = supplier.s_nationkey)", "Plans": [{"Node Type": "Nested Loop", "Parent Relationship": "Outer", "Join Type": "Inner", "Startup Cost": 1030.37, "Total Cost": 1688090.96, "Plan Rows": 3688948, "Plan Width": 58, "Inner Unique": false, "Plans": [{"Node Type": "Nested Loop", "Parent Relationship": "Outer", "Join Type": "Inner", "Startup Cost": 1030.37, "Total Cost": 412296.55, "Plan Rows": 406290, "Plan Width": 42, "Inner Unique": false, "Plans": [{"Node Type": "Nested Loop", "Parent Relationship": "Outer", "Join Type": "Inner", "Startup Cost": 1030.37, "Total Cost": 37187.75, "Plan Rows": 300000, "Plan Width": 42, "Inner Unique": false, "Plans": [{"Node Type": "Nested Loop", "Parent Relationship": "Outer", "Join Type": "Inner", "Startup Cost": 0.0, "Total Cost": 25.34, "Plan Rows": 5, "Plan Width": 30, "Inner Unique": true, "Join Filter": "(nation.n_regionkey = region.r_regionkey)", "Plans": [{"Node Type": "Index Scan", "Parent Relationship": "Outer", "Scan Direction": "Forward", "Index Name": "nation_pkey", "Relation Name": "nation", "Alias": "nation", "Startup Cost": 0.0, "Total Cost": 12.62, "Plan Rows": 25, "Plan Width": 34}, {"Node Type": "Materialize", "Parent Relationship": "Inner", "Startup Cost": 0.0, "Total Cost": 12.34, "Plan Rows": 1, "Plan Width": 4, "Plans": [{"Node Type": "Index Scan", "Parent Relationship": "Outer", "Scan Direction": "Forward", "Index Name": "region_pkey", "Relation Name": "region", "Alias": "region", "Startup Cost": 0.0, "Total Cost": 12.34, "Plan Rows": 1, "Plan Width": 4, "Filter": "(r_name = 'MIDDLE EAST'::bpchar)"}]}]}, {"Node Type": "Bitmap Heap Scan", "Parent Relationship": "Inner", "Relation Name": "customer", "Alias": "customer", "Startup Cost": 1030.37, "Total Cost": 6832.48, "Plan Rows": 60000, "Plan Width": 12, "Recheck Cond": "(c_nationkey = nation.n_nationkey)", "Plans": [{"Node Type": "Bitmap Index Scan", "Parent Relationship": "Outer", "Index Name": "idx_customer_nationkey", "Startup Cost": 0.0, "Total Cost": 1015.37, "Plan Rows": 60000, "Plan Width": 0, "Index Cond": "(c_nationkey = nation.n_nationkey)"}]}]}, {"Node Type": "Index Scan", "Parent Relationship": "Inner", "Scan Direction": "Forward", "Index Name": "idx_orders_custkey", "Relation Name": "orders", "Alias": "orders", "Startup Cost": 0.0, "Total Cost": 1.24, "Plan Rows": 1, "Plan Width": 16, "Index Cond": "(o_custkey = customer.c_custkey)", "Filter": "((o_orderdate >= '1994-01-01 00:00:00'::timestamp(0) without time zone) AND (o_orderdate < '1995-01-01 00:00:00'::timestamp without time zone))"}]}, {"Node Type": "Index Scan", "Parent Relationship": "Inner", "Scan Direction": "Forward", "Index Name": "idx_lineitem_orderkey", "Relation Name": "lineitem", "Alias": "lineitem", "Startup Cost": 0.0, "Total Cost": 3.05, "Plan Rows": 9, "Plan Width": 32, "Index Cond": "(l_orderkey = orders.o_orderkey)"}]}, {"Node Type": "Index Scan", "Parent Relationship": "Inner", "Scan Direction": "Forward", "Index Name": "supplier_pkey", "Relation Name": "supplier", "Alias": "supplier", "Startup Cost": 0.0, "Total Cost": 0.27, "Plan Rows": 1, "Plan Width": 12, "Index Cond": "(s_suppkey = lineitem.l_suppkey)"}]}]}]}, "Unique SQL Id": 1392561963}, "explain_analyze_plan": {"Plan": {"Node Type": "Sort", "Startup Cost": 2730970.27, "Total Cost": 2730970.34, "Plan Rows": 25, "Plan Width": 50, "Actual Startup Time": 25561.412, "Actual Total Time": 25561.413, "Actual Rows": 5, "Actual Loops": 1, "Sort Key": ["(sum((lineitem.l_extendedprice * (1::double precision - lineitem.l_discount)))) DESC"], "Sort Method": "quicksort", "Sort Space Used": 25, "Sort Space Type": "Memory", "Plans": [{"Node Type": "Aggregate", "Strategy": "Hashed", "Parent Relationship": "Outer", "Startup Cost": 2730969.44, "Total Cost": 2730969.69, "Plan Rows": 25, "Plan Width": 50, "Actual Startup Time": 25561.366, "Actual Total Time": 25561.37, "Actual Rows": 5, "Actual Loops": 1, "Group By Key": ["nation.n_name"], "Plans": [{"Node Type": "Nested Loop", "Parent Relationship": "Outer", "Join Type": "Inner", "Startup Cost": 1030.37, "Total Cost": 2730875.54, "Plan Rows": 9390, "Plan Width": 42, "Actual Startup Time": 18.271, "Actual Total Time": 25459.659, "Actual Rows": 72985, "Actual Loops": 1, "Inner Unique": true, "Join Filter": "(customer.c_nationkey = supplier.s_nationkey)", "Rows Removed by Join Filter": 1742237, "Plans": [{"Node Type": "Nested Loop", "Parent Relationship": "Outer", "Join Type": "Inner", "Startup Cost": 1030.37, "Total Cost": 1688090.96, "Plan Rows": 3688948, "Plan Width": 58, "Actual Startup Time": 18.127, "Actual Total Time": 16148.872, "Actual Rows": 1815222, "Actual Loops": 1, "Inner Unique": false, "Plans": [{"Node Type": "Nested Loop", "Parent Relationship": "Outer", "Join Type": "Inner", "Startup Cost": 1030.37, "Total Cost": 412296.55, "Plan Rows": 406290, "Plan Width": 42, "Actual Startup Time": 18.104, "Actual Total Time": 10052.632, "Actual Rows": 454183, "Actual Loops": 1, "Inner Unique": false, "Plans": [{"Node Type": "Nested Loop", "Parent Relationship": "Outer", "Join Type": "Inner", "Startup Cost": 1030.37, "Total Cost": 37187.75, "Plan Rows": 300000, "Plan Width": 42, "Actual Startup Time": 18.019, "Actual Total Time": 682.571, "Actual Rows": 299838, "Actual Loops": 1, "Inner Unique": false, "Plans": [{"Node Type": "Nested Loop", "Parent Relationship": "Outer", "Join Type": "Inner", "Startup Cost": 0.0, "Total Cost": 25.34, "Plan Rows": 5, "Plan Width": 30, "Actual Startup Time": 0.059, "Actual Total Time": 0.138, "Actual Rows": 5, "Actual Loops": 1, "Inner Unique": true, "Join Filter": "(nation.n_regionkey = region.r_regionkey)", "Rows Removed by Join Filter": 20, "Plans": [{"Node Type": "Index Scan", "Parent Relationship": "Outer", "Scan Direction": "Forward", "Index Name": "nation_pkey", "Relation Name": "nation", "Alias": "nation", "Startup Cost": 0.0, "Total Cost": 12.62, "Plan Rows": 25, "Plan Width": 34, "Actual Startup Time": 0.023, "Actual Total Time": 0.056, "Actual Rows": 25, "Actual Loops": 1}, {"Node Type": "Materialize", "Parent Relationship": "Inner", "Startup Cost": 0.0, "Total Cost": 12.34, "Plan Rows": 1, "Plan Width": 4, "Actual Startup Time": 0.034, "Actual Total Time": 0.037, "Actual Rows": 25, "Actual Loops": 25, "Plans": [{"Node Type": "Index Scan", "Parent Relationship": "Outer", "Scan Direction": "Forward", "Index Name": "region_pkey", "Relation Name": "region", "Alias": "region", "Startup Cost": 0.0, "Total Cost": 12.34, "Plan Rows": 1, "Plan Width": 4, "Actual Startup Time": 0.017, "Actual Total Time": 0.019, "Actual Rows": 1, "Actual Loops": 1, "Filter": "(r_name = 'MIDDLE EAST'::bpchar)", "Rows Removed by Filter": 4}]}]}, {"Node Type": "Bitmap Heap Scan", "Parent Relationship": "Inner", "Relation Name": "customer", "Alias": "customer", "Startup Cost": 1030.37, "Total Cost": 6832.48, "Plan Rows": 60000, "Plan Width": 12, "Actual Startup Time": 93.813, "Actual Total Time": 605.535, "Actual Rows": 299838, "Actual Loops": 5, "Recheck Cond": "(c_nationkey = nation.n_nationkey)", "Rows Removed by Index Recheck": 0, "Exact Heap Blocks": 150033, "Lossy Heap Blocks": 150033, "Plans": [{"Node Type": "Bitmap Index Scan", "Parent Relationship": "Outer", "Index Name": "idx_customer_nationkey", "Startup Cost": 0.0, "Total Cost": 1015.37, "Plan Rows": 60000, "Plan Width": 0, "Actual Startup Time": 60.439, "Actual Total Time": 60.439, "Actual Rows": 299838, "Actual Loops": 5, "Index Cond": "(c_nationkey = nation.n_nationkey)"}]}]}, {"Node Type": "Index Scan", "Parent Relationship": "Inner", "Scan Direction": "Forward", "Index Name": "idx_orders_custkey", "Relation Name": "orders", "Alias": "orders", "Startup Cost": 0.0, "Total Cost": 1.24, "Plan Rows": 1, "Plan Width": 16, "Actual Startup Time": 4259.215, "Actual Total Time": 9084.825, "Actual Rows": 454183, "Actual Loops": 299838, "Index Cond": "(o_custkey = customer.c_custkey)", "Rows Removed by Index Recheck": 0, "Filter": "((o_orderdate >= '1994-01-01 00:00:00'::timestamp(0) without time zone) AND (o_orderdate < '1995-01-01 00:00:00'::timestamp without time zone))", "Rows Removed by Filter": 2542535}]}, {"Node Type": "Index Scan", "Parent Relationship": "Inner", "Scan Direction": "Forward", "Index Name": "idx_lineitem_orderkey", "Relation Name": "lineitem", "Alias": "lineitem", "Startup Cost": 0.0, "Total Cost": 3.05, "Plan Rows": 9, "Plan Width": 32, "Actual Startup Time": 4446.755, "Actual Total Time": 5408.453, "Actual Rows": 1815222, "Actual Loops": 454183, "Index Cond": "(l_orderkey = orders.o_orderkey)", "Rows Removed by Index Recheck": 0}]}, {"Node Type": "Index Scan", "Parent Relationship": "Inner", "Scan Direction": "Forward", "Index Name": "supplier_pkey", "Relation Name": "supplier", "Alias": "supplier", "Startup Cost": 0.0, "Total Cost": 0.27, "Plan Rows": 1, "Plan Width": 12, "Actual Startup Time": 7280.79, "Actual Total Time": 7875.838, "Actual Rows": 1815222, "Actual Loops": 1815222, "Index Cond": "(s_suppkey = lineitem.l_suppkey)", "Rows Removed by Index Recheck": 0}]}]}]}, "Triggers": [], "Planner Runtime": 2.854, "Total Runtime": 25561.915, "Unique SQL Id": 1392561963}}, "(16, 50)": {"explain_plan": {"Plan": {"Node Type": "Sort", "Startup Cost": 19319777.54, "Total Cost": 19319777.6, "Plan Rows": 25, "Plan Width": 50, "Sort Key": ["(sum((lineitem.l_extendedprice * (1::double precision - lineitem.l_discount)))) DESC"], "Plans": [{"Node Type": "Aggregate", "Strategy": "Hashed", "Parent Relationship": "Outer", "Startup Cost": 19319776.71, "Total Cost": 19319776.96, "Plan Rows": 25, "Plan Width": 50, "Group By Key": ["nation.n_name"], "Plans": [{"Node Type": "Nested Loop", "Parent Relationship": "Outer", "Join Type": "Inner", "Startup Cost": 1.42, "Total Cost": 19319682.81, "Plan Rows": 9390, "Plan Width": 42, "Inner Unique": true, "Join Filter": "(customer.c_nationkey = supplier.s_nationkey)", "Plans": [{"Node Type": "Nested Loop", "Parent Relationship": "Outer", "Join Type": "Inner", "Startup Cost": 1.16, "Total Cost": 3520745.57, "Plan Rows": 3688948, "Plan Width": 58, "Inner Unique": false, "Plans": [{"Node Type": "Nested Loop", "Parent Relationship": "Outer", "Join Type": "Inner", "Startup Cost": 0.43, "Total Cost": 1518677.24, "Plan Rows": 406290, "Plan Width": 42, "Inner Unique": false, "Plans": [{"Node Type": "Nested Loop", "Parent Relationship": "Outer", "Join Type": "Inner", "Startup Cost": 0.0, "Total Cost": 164628.64, "Plan Rows": 300000, "Plan Width": 42, "Inner Unique": false, "Join Filter": "(nation.n_nationkey = customer.c_nationkey), (LLVM Optimized)", "Plans": [{"Node Type": "Seq Scan", "Parent Relationship": "Outer", "Relation Name": "customer", "Alias": "customer", "Startup Cost": 0.0, "Total Cost": 52126.0, "Plan Rows": 1500000, "Plan Width": 12}, {"Node Type": "Materialize", "Parent Relationship": "Inner", "Startup Cost": 0.0, "Total Cost": 2.65, "Plan Rows": 5, "Plan Width": 30, "Plans": [{"Node Type": "Nested Loop", "Parent Relationship": "Outer", "Join Type": "Inner", "Startup Cost": 0.0, "Total Cost": 2.62, "Plan Rows": 5, "Plan Width": 30, "Inner Unique": false, "Join Filter": "(nation.n_regionkey = region.r_regionkey)", "Plans": [{"Node Type": "Seq Scan", "Parent Relationship": "Outer", "Relation Name": "region", "Alias": "region", "Startup Cost": 0.0, "Total Cost": 1.06, "Plan Rows": 1, "Plan Width": 4, "Filter": "(r_name = 'MIDDLE EAST'::bpchar)"}, {"Node Type": "Seq Scan", "Parent Relationship": "Inner", "Relation Name": "nation", "Alias": "nation", "Startup Cost": 0.0, "Total Cost": 1.25, "Plan Rows": 25, "Plan Width": 34}]}]}]}, {"Node Type": "Bitmap Heap Scan", "Parent Relationship": "Inner", "Relation Name": "orders", "Alias": "orders", "Startup Cost": 0.43, "Total Cost": 4.5, "Plan Rows": 1, "Plan Width": 16, "Recheck Cond": "(o_custkey = customer.c_custkey)", "Filter": "((o_orderdate >= '1994-01-01 00:00:00'::timestamp(0) without time zone) AND (o_orderdate < '1995-01-01 00:00:00'::timestamp without time zone))", "Plans": [{"Node Type": "Bitmap Index Scan", "Parent Relationship": "Outer", "Index Name": "idx_orders_custkey", "Startup Cost": 0.0, "Total Cost": 0.43, "Plan Rows": 4, "Plan Width": 0, "Index Cond": "(o_custkey = customer.c_custkey)"}]}]}, {"Node Type": "Bitmap Heap Scan", "Parent Relationship": "Inner", "Relation Name": "lineitem", "Alias": "lineitem", "Startup Cost": 0.73, "Total Cost": 4.84, "Plan Rows": 9, "Plan Width": 32, "Recheck Cond": "(l_orderkey = orders.o_orderkey)", "Plans": [{"Node Type": "Bitmap Index Scan", "Parent Relationship": "Outer", "Index Name": "idx_lineitem_orderkey", "Startup Cost": 0.0, "Total Cost": 0.72, "Plan Rows": 9, "Plan Width": 0, "Index Cond": "(l_orderkey = orders.o_orderkey)"}]}]}, {"Node Type": "Bitmap Heap Scan", "Parent Relationship": "Inner", "Relation Name": "supplier", "Alias": "supplier", "Startup Cost": 0.26, "Total Cost": 4.27, "Plan Rows": 1, "Plan Width": 12, "Recheck Cond": "(s_suppkey = lineitem.l_suppkey)", "Plans": [{"Node Type": "Bitmap Index Scan", "Parent Relationship": "Outer", "Index Name": "supplier_pkey", "Startup Cost": 0.0, "Total Cost": 0.26, "Plan Rows": 1, "Plan Width": 0, "Index Cond": "(s_suppkey = lineitem.l_suppkey)"}]}]}]}]}, "Unique SQL Id": 1392561963}, "explain_analyze_plan": null}, "(16, 51)": {"explain_plan": {"Plan": {"Node Type": "Sort", "Startup Cost": 46003135.57, "Total Cost": 46003135.63, "Plan Rows": 25, "Plan Width": 50, "Sort Key": ["(sum((lineitem.l_extendedprice * (1::double precision - lineitem.l_discount)))) DESC"], "Plans": [{"Node Type": "Aggregate", "Strategy": "Hashed", "Parent Relationship": "Outer", "Startup Cost": 46003134.74, "Total Cost": 46003134.99, "Plan Rows": 25, "Plan Width": 50, "Group By Key": ["nation.n_name"], "Plans": [{"Node Type": "Nested Loop", "Parent Relationship": "Outer", "Join Type": "Inner", "Startup Cost": 58362.35, "Total Cost": 46003040.84, "Plan Rows": 9390, "Plan Width": 42, "Inner Unique": true, "Join Filter": "(customer.c_nationkey = supplier.s_nationkey)", "Plans": [{"Node Type": "Nested Loop", "Parent Relationship": "Outer", "Join Type": "Inner", "Startup Cost": 58362.1, "Total Cost": 30204103.6, "Plan Rows": 3688948, "Plan Width": 58, "Inner Unique": false, "Plans": [{"Node Type": "Nested Loop", "Parent Relationship": "Outer", "Join Type": "Inner", "Startup Cost": 58361.37, "Total Cost": 28202035.27, "Plan Rows": 406290, "Plan Width": 42, "Inner Unique": true, "Plans": [{"Node Type": "Nested Loop", "Parent Relationship": "Outer", "Join Type": "Inner", "Startup Cost": 58360.79, "Total Cost": 18851769.58, "Plan Rows": 2031452, "Plan Width": 46, "Inner Unique": true, "Plans": [{"Node Type": "Nested Loop", "Parent Relationship": "Outer", "Join Type": "Inner", "Startup Cost": 58360.54, "Total Cost": 10156636.32, "Plan Rows": 2031452, "Plan Width": 12, "Inner Unique": true, "Plans": [{"Node Type": "Bitmap Heap Scan", "Parent Relationship": "Outer", "Relation Name": "orders", "Alias": "orders", "Startup Cost": 58360.27, "Total Cost": 369005.64, "Plan Rows": 2281758, "Plan Width": 16, "Recheck Cond": "((o_orderdate >= '1994-01-01 00:00:00'::timestamp(0) without time zone) AND (o_orderdate < '1995-01-01 00:00:00'::timestamp without time zone)), (LLVM Optimized)", "Plans": [{"Node Type": "Bitmap Index Scan", "Parent Relationship": "Outer", "Index Name": "idx_orders_orderdate", "Startup Cost": 0.0, "Total Cost": 57789.83, "Plan Rows": 2281758, "Plan Width": 0, "Index Cond": "((o_orderdate >= '1994-01-01 00:00:00'::timestamp(0) without time zone) AND (o_orderdate < '1995-01-01 00:00:00'::timestamp without time zone))"}]}, {"Node Type": "Bitmap Heap Scan", "Parent Relationship": "Inner", "Relation Name": "customer", "Alias": "customer", "Startup Cost": 0.27, "Total Cost": 4.28, "Plan Rows": 1, "Plan Width": 12, "Recheck Cond": "(c_custkey = orders.o_custkey)", "Plans": [{"Node Type": "Bitmap Index Scan", "Parent Relationship": "Outer", "Index Name": "customer_pkey", "Startup Cost": 0.0, "Total Cost": 0.27, "Plan Rows": 1, "Plan Width": 0, "Index Cond": "(c_custkey = orders.o_custkey)"}]}]}, {"Node Type": "Bitmap Heap Scan", "Parent Relationship": "Inner", "Relation Name": "nation", "Alias": "nation", "Startup Cost": 0.26, "Total Cost": 4.27, "Plan Rows": 1, "Plan Width": 34, "Recheck Cond": "(n_nationkey = customer.c_nationkey)", "Plans": [{"Node Type": "Bitmap Index Scan", "Parent Relationship": "Outer", "Index Name": "nation_pkey", "Startup Cost": 0.0, "Total Cost": 0.26, "Plan Rows": 1, "Plan Width": 0, "Index Cond": "(n_nationkey = customer.c_nationkey)"}]}]}, {"Node Type": "Bitmap Heap Scan", "Parent Relationship": "Inner", "Relation Name": "region", "Alias": "region", "Startup Cost": 0.58, "Total Cost": 4.59, "Plan Rows": 1, "Plan Width": 4, "Recheck Cond": "(r_regionkey = nation.n_regionkey)", "Filter": "(r_name = 'MIDDLE EAST'::bpchar)", "Plans": [{"Node Type": "Bitmap Index Scan", "Parent Relationship": "Outer", "Index Name": "region_pkey", "Startup Cost": 0.0, "Total Cost": 0.58, "Plan Rows": 1, "Plan Width": 0, "Index Cond": "(r_regionkey = nation.n_regionkey)"}]}]}, {"Node Type": "Bitmap Heap Scan", "Parent Relationship": "Inner", "Relation Name": "lineitem", "Alias": "lineitem", "Startup Cost": 0.73, "Total Cost": 4.84, "Plan Rows": 9, "Plan Width": 32, "Recheck Cond": "(l_orderkey = orders.o_orderkey)", "Plans": [{"Node Type": "Bitmap Index Scan", "Parent Relationship": "Outer", "Index Name": "idx_lineitem_orderkey", "Startup Cost": 0.0, "Total Cost": 0.72, "Plan Rows": 9, "Plan Width": 0, "Index Cond": "(l_orderkey = orders.o_orderkey)"}]}]}, {"Node Type": "Bitmap Heap Scan", "Parent Relationship": "Inner", "Relation Name": "supplier", "Alias": "supplier", "Startup Cost": 0.26, "Total Cost": 4.27, "Plan Rows": 1, "Plan Width": 12, "Recheck Cond": "(s_suppkey = lineitem.l_suppkey)", "Plans": [{"Node Type": "Bitmap Index Scan", "Parent Relationship": "Outer", "Index Name": "supplier_pkey", "Startup Cost": 0.0, "Total Cost": 0.26, "Plan Rows": 1, "Plan Width": 0, "Index Cond": "(s_suppkey = lineitem.l_suppkey)"}]}]}]}]}, "Unique SQL Id": 1392561963}, "explain_analyze_plan": null}, "(16, 52)": {"explain_plan": {"Plan": {"Node Type": "Sort", "Startup Cost": 2730959.0, "Total Cost": 2730959.06, "Plan Rows": 25, "Plan Width": 50, "Sort Key": ["(sum((lineitem.l_extendedprice * (1::double precision - lineitem.l_discount)))) DESC"], "Plans": [{"Node Type": "Aggregate", "Strategy": "Hashed", "Parent Relationship": "Outer", "Startup Cost": 2730958.17, "Total Cost": 2730958.42, "Plan Rows": 25, "Plan Width": 50, "Group By Key": ["nation.n_name"], "Plans": [{"Node Type": "Nested Loop", "Parent Relationship": "Outer", "Join Type": "Inner", "Startup Cost": 1030.37, "Total Cost": 2730864.27, "Plan Rows": 9390, "Plan Width": 42, "Inner Unique": true, "Join Filter": "(customer.c_nationkey = supplier.s_nationkey)", "Plans": [{"Node Type": "Nested Loop", "Parent Relationship": "Outer", "Join Type": "Inner", "Startup Cost": 1030.37, "Total Cost": 1688079.68, "Plan Rows": 3688948, "Plan Width": 58, "Inner Unique": false, "Plans": [{"Node Type": "Nested Loop", "Parent Relationship": "Outer", "Join Type": "Inner", "Startup Cost": 1030.37, "Total Cost": 412285.27, "Plan Rows": 406290, "Plan Width": 42, "Inner Unique": false, "Plans": [{"Node Type": "Nested Loop", "Parent Relationship": "Outer", "Join Type": "Inner", "Startup Cost": 1030.37, "Total Cost": 37176.47, "Plan Rows": 300000, "Plan Width": 42, "Inner Unique": false, "Plans": [{"Node Type": "Nested Loop", "Parent Relationship": "Outer", "Join Type": "Inner", "Startup Cost": 0.0, "Total Cost": 14.06, "Plan Rows": 5, "Plan Width": 30, "Inner Unique": true, "Join Filter": "(nation.n_regionkey = region.r_regionkey)", "Plans": [{"Node Type": "Index Scan", "Parent Relationship": "Outer", "Scan Direction": "Forward", "Index Name": "nation_pkey", "Relation Name": "nation", "Alias": "nation", "Startup Cost": 0.0, "Total Cost": 12.62, "Plan Rows": 25, "Plan Width": 34}, {"Node Type": "Materialize", "Parent Relationship": "Inner", "Startup Cost": 0.0, "Total Cost": 1.07, "Plan Rows": 1, "Plan Width": 4, "Plans": [{"Node Type": "Seq Scan", "Parent Relationship": "Outer", "Relation Name": "region", "Alias": "region", "Startup Cost": 0.0, "Total Cost": 1.06, "Plan Rows": 1, "Plan Width": 4, "Filter": "(r_name = 'MIDDLE EAST'::bpchar)"}]}]}, {"Node Type": "Bitmap Heap Scan", "Parent Relationship": "Inner", "Relation Name": "customer", "Alias": "customer", "Startup Cost": 1030.37, "Total Cost": 6832.48, "Plan Rows": 60000, "Plan Width": 12, "Recheck Cond": "(c_nationkey = nation.n_nationkey)", "Plans": [{"Node Type": "Bitmap Index Scan", "Parent Relationship": "Outer", "Index Name": "idx_customer_nationkey", "Startup Cost": 0.0, "Total Cost": 1015.37, "Plan Rows": 60000, "Plan Width": 0, "Index Cond": "(c_nationkey = nation.n_nationkey)"}]}]}, {"Node Type": "Index Scan", "Parent Relationship": "Inner", "Scan Direction": "Forward", "Index Name": "idx_orders_custkey", "Relation Name": "orders", "Alias": "orders", "Startup Cost": 0.0, "Total Cost": 1.24, "Plan Rows": 1, "Plan Width": 16, "Index Cond": "(o_custkey = customer.c_custkey)", "Filter": "((o_orderdate >= '1994-01-01 00:00:00'::timestamp(0) without time zone) AND (o_orderdate < '1995-01-01 00:00:00'::timestamp without time zone))"}]}, {"Node Type": "Index Scan", "Parent Relationship": "Inner", "Scan Direction": "Forward", "Index Name": "idx_lineitem_orderkey", "Relation Name": "lineitem", "Alias": "lineitem", "Startup Cost": 0.0, "Total Cost": 3.05, "Plan Rows": 9, "Plan Width": 32, "Index Cond": "(l_orderkey = orders.o_orderkey)"}]}, {"Node Type": "Index Scan", "Parent Relationship": "Inner", "Scan Direction": "Forward", "Index Name": "supplier_pkey", "Relation Name": "supplier", "Alias": "supplier", "Startup Cost": 0.0, "Total Cost": 0.27, "Plan Rows": 1, "Plan Width": 12, "Index Cond": "(s_suppkey = lineitem.l_suppkey)"}]}]}]}, "Unique SQL Id": 1392561963}, "explain_analyze_plan": {"Plan": {"Node Type": "Sort", "Startup Cost": 2730959.0, "Total Cost": 2730959.06, "Plan Rows": 25, "Plan Width": 50, "Actual Startup Time": 25560.696, "Actual Total Time": 25560.697, "Actual Rows": 5, "Actual Loops": 1, "Sort Key": ["(sum((lineitem.l_extendedprice * (1::double precision - lineitem.l_discount)))) DESC"], "Sort Method": "quicksort", "Sort Space Used": 25, "Sort Space Type": "Memory", "Plans": [{"Node Type": "Aggregate", "Strategy": "Hashed", "Parent Relationship": "Outer", "Startup Cost": 2730958.17, "Total Cost": 2730958.42, "Plan Rows": 25, "Plan Width": 50, "Actual Startup Time": 25560.651, "Actual Total Time": 25560.652, "Actual Rows": 5, "Actual Loops": 1, "Group By Key": ["nation.n_name"], "Plans": [{"Node Type": "Nested Loop", "Parent Relationship": "Outer", "Join Type": "Inner", "Startup Cost": 1030.37, "Total Cost": 2730864.27, "Plan Rows": 9390, "Plan Width": 42, "Actual Startup Time": 18.112, "Actual Total Time": 25459.86, "Actual Rows": 72985, "Actual Loops": 1, "Inner Unique": true, "Join Filter": "(customer.c_nationkey = supplier.s_nationkey)", "Rows Removed by Join Filter": 1742237, "Plans": [{"Node Type": "Nested Loop", "Parent Relationship": "Outer", "Join Type": "Inner", "Startup Cost": 1030.37, "Total Cost": 1688079.68, "Plan Rows": 3688948, "Plan Width": 58, "Actual Startup Time": 17.983, "Actual Total Time": 16094.011, "Actual Rows": 1815222, "Actual Loops": 1, "Inner Unique": false, "Plans": [{"Node Type": "Nested Loop", "Parent Relationship": "Outer", "Join Type": "Inner", "Startup Cost": 1030.37, "Total Cost": 412285.27, "Plan Rows": 406290, "Plan Width": 42, "Actual Startup Time": 17.96, "Actual Total Time": 9969.351, "Actual Rows": 454183, "Actual Loops": 1, "Inner Unique": false, "Plans": [{"Node Type": "Nested Loop", "Parent Relationship": "Outer", "Join Type": "Inner", "Startup Cost": 1030.37, "Total Cost": 37176.47, "Plan Rows": 300000, "Plan Width": 42, "Actual Startup Time": 17.88, "Actual Total Time": 683.437, "Actual Rows": 299838, "Actual Loops": 1, "Inner Unique": false, "Plans": [{"Node Type": "Nested Loop", "Parent Relationship": "Outer", "Join Type": "Inner", "Startup Cost": 0.0, "Total Cost": 14.06, "Plan Rows": 5, "Plan Width": 30, "Actual Startup Time": 0.072, "Actual Total Time": 0.232, "Actual Rows": 5, "Actual Loops": 1, "Inner Unique": true, "Join Filter": "(nation.n_regionkey = region.r_regionkey)", "Rows Removed by Join Filter": 20, "Plans": [{"Node Type": "Index Scan", "Parent Relationship": "Outer", "Scan Direction": "Forward", "Index Name": "nation_pkey", "Relation Name": "nation", "Alias": "nation", "Startup Cost": 0.0, "Total Cost": 12.62, "Plan Rows": 25, "Plan Width": 34, "Actual Startup Time": 0.029, "Actual Total Time": 0.132, "Actual Rows": 25, "Actual Loops": 1}, {"Node Type": "Materialize", "Parent Relationship": "Inner", "Startup Cost": 0.0, "Total Cost": 1.07, "Plan Rows": 1, "Plan Width": 4, "Actual Startup Time": 0.04, "Actual Total Time": 0.045, "Actual Rows": 25, "Actual Loops": 25, "Plans": [{"Node Type": "Seq Scan", "Parent Relationship": "Outer", "Relation Name": "region", "Alias": "region", "Startup Cost": 0.0, "Total Cost": 1.06, "Plan Rows": 1, "Plan Width": 4, "Actual Startup Time": 0.02, "Actual Total Time": 0.022, "Actual Rows": 1, "Actual Loops": 1, "Filter": "(r_name = 'MIDDLE EAST'::bpchar)", "Rows Removed by Filter": 4}]}]}, {"Node Type": "Bitmap Heap Scan", "Parent Relationship": "Inner", "Relation Name": "customer", "Alias": "customer", "Startup Cost": 1030.37, "Total Cost": 6832.48, "Plan Rows": 60000, "Plan Width": 12, "Actual Startup Time": 91.446, "Actual Total Time": 607.493, "Actual Rows": 299838, "Actual Loops": 5, "Recheck Cond": "(c_nationkey = nation.n_nationkey)", "Rows Removed by Index Recheck": 0, "Exact Heap Blocks": 150033, "Lossy Heap Blocks": 150033, "Plans": [{"Node Type": "Bitmap Index Scan", "Parent Relationship": "Outer", "Index Name": "idx_customer_nationkey", "Startup Cost": 0.0, "Total Cost": 1015.37, "Plan Rows": 60000, "Plan Width": 0, "Actual Startup Time": 58.188, "Actual Total Time": 58.188, "Actual Rows": 299838, "Actual Loops": 5, "Index Cond": "(c_nationkey = nation.n_nationkey)"}]}]}, {"Node Type": "Index Scan", "Parent Relationship": "Inner", "Scan Direction": "Forward", "Index Name": "idx_orders_custkey", "Relation Name": "orders", "Alias": "orders", "Startup Cost": 0.0, "Total Cost": 1.24, "Plan Rows": 1, "Plan Width": 16, "Actual Startup Time": 4239.537, "Actual Total Time": 9007.775, "Actual Rows": 454183, "Actual Loops": 299838, "Index Cond": "(o_custkey = customer.c_custkey)", "Rows Removed by Index Recheck": 0, "Filter": "((o_orderdate >= '1994-01-01 00:00:00'::timestamp(0) without time zone) AND (o_orderdate < '1995-01-01 00:00:00'::timestamp without time zone))", "Rows Removed by Filter": 2542535}]}, {"Node Type": "Index Scan", "Parent Relationship": "Inner", "Scan Direction": "Forward", "Index Name": "idx_lineitem_orderkey", "Relation Name": "lineitem", "Alias": "lineitem", "Startup Cost": 0.0, "Total Cost": 3.05, "Plan Rows": 9, "Plan Width": 32, "Actual Startup Time": 4467.091, "Actual Total Time": 5437.921, "Actual Rows": 1815222, "Actual Loops": 454183, "Index Cond": "(l_orderkey = orders.o_orderkey)", "Rows Removed by Index Recheck": 0}]}, {"Node Type": "Index Scan", "Parent Relationship": "Inner", "Scan Direction": "Forward", "Index Name": "supplier_pkey", "Relation Name": "supplier", "Alias": "supplier", "Startup Cost": 0.0, "Total Cost": 0.27, "Plan Rows": 1, "Plan Width": 12, "Actual Startup Time": 7325.932, "Actual Total Time": 7919.27, "Actual Rows": 1815222, "Actual Loops": 1815222, "Index Cond": "(s_suppkey = lineitem.l_suppkey)", "Rows Removed by Index Recheck": 0}]}]}]}, "Triggers": [], "Planner Runtime": 3.126, "Total Runtime": 25561.134, "Unique SQL Id": 1392561963}}, "(16, 53)": {"explain_plan": {"Plan": {"Node Type": "Sort", "Startup Cost": 2730970.27, "Total Cost": 2730970.34, "Plan Rows": 25, "Plan Width": 50, "Sort Key": ["(sum((lineitem.l_extendedprice * (1::double precision - lineitem.l_discount)))) DESC"], "Plans": [{"Node Type": "Aggregate", "Strategy": "Hashed", "Parent Relationship": "Outer", "Startup Cost": 2730969.44, "Total Cost": 2730969.69, "Plan Rows": 25, "Plan Width": 50, "Group By Key": ["nation.n_name"], "Plans": [{"Node Type": "Nested Loop", "Parent Relationship": "Outer", "Join Type": "Inner", "Startup Cost": 1030.37, "Total Cost": 2730875.54, "Plan Rows": 9390, "Plan Width": 42, "Inner Unique": true, "Join Filter": "(customer.c_nationkey = supplier.s_nationkey)", "Plans": [{"Node Type": "Nested Loop", "Parent Relationship": "Outer", "Join Type": "Inner", "Startup Cost": 1030.37, "Total Cost": 1688090.96, "Plan Rows": 3688948, "Plan Width": 58, "Inner Unique": false, "Plans": [{"Node Type": "Nested Loop", "Parent Relationship": "Outer", "Join Type": "Inner", "Startup Cost": 1030.37, "Total Cost": 412296.55, "Plan Rows": 406290, "Plan Width": 42, "Inner Unique": false, "Plans": [{"Node Type": "Nested Loop", "Parent Relationship": "Outer", "Join Type": "Inner", "Startup Cost": 1030.37, "Total Cost": 37187.75, "Plan Rows": 300000, "Plan Width": 42, "Inner Unique": false, "Plans": [{"Node Type": "Nested Loop", "Parent Relationship": "Outer", "Join Type": "Inner", "Startup Cost": 0.0, "Total Cost": 25.34, "Plan Rows": 5, "Plan Width": 30, "Inner Unique": true, "Join Filter": "(nation.n_regionkey = region.r_regionkey)", "Plans": [{"Node Type": "Index Scan", "Parent Relationship": "Outer", "Scan Direction": "Forward", "Index Name": "nation_pkey", "Relation Name": "nation", "Alias": "nation", "Startup Cost": 0.0, "Total Cost": 12.62, "Plan Rows": 25, "Plan Width": 34}, {"Node Type": "Materialize", "Parent Relationship": "Inner", "Startup Cost": 0.0, "Total Cost": 12.34, "Plan Rows": 1, "Plan Width": 4, "Plans": [{"Node Type": "Index Scan", "Parent Relationship": "Outer", "Scan Direction": "Forward", "Index Name": "region_pkey", "Relation Name": "region", "Alias": "region", "Startup Cost": 0.0, "Total Cost": 12.34, "Plan Rows": 1, "Plan Width": 4, "Filter": "(r_name = 'MIDDLE EAST'::bpchar)"}]}]}, {"Node Type": "Bitmap Heap Scan", "Parent Relationship": "Inner", "Relation Name": "customer", "Alias": "customer", "Startup Cost": 1030.37, "Total Cost": 6832.48, "Plan Rows": 60000, "Plan Width": 12, "Recheck Cond": "(c_nationkey = nation.n_nationkey)", "Plans": [{"Node Type": "Bitmap Index Scan", "Parent Relationship": "Outer", "Index Name": "idx_customer_nationkey", "Startup Cost": 0.0, "Total Cost": 1015.37, "Plan Rows": 60000, "Plan Width": 0, "Index Cond": "(c_nationkey = nation.n_nationkey)"}]}]}, {"Node Type": "Index Scan", "Parent Relationship": "Inner", "Scan Direction": "Forward", "Index Name": "idx_orders_custkey", "Relation Name": "orders", "Alias": "orders", "Startup Cost": 0.0, "Total Cost": 1.24, "Plan Rows": 1, "Plan Width": 16, "Index Cond": "(o_custkey = customer.c_custkey)", "Filter": "((o_orderdate >= '1994-01-01 00:00:00'::timestamp(0) without time zone) AND (o_orderdate < '1995-01-01 00:00:00'::timestamp without time zone))"}]}, {"Node Type": "Index Scan", "Parent Relationship": "Inner", "Scan Direction": "Forward", "Index Name": "idx_lineitem_orderkey", "Relation Name": "lineitem", "Alias": "lineitem", "Startup Cost": 0.0, "Total Cost": 3.05, "Plan Rows": 9, "Plan Width": 32, "Index Cond": "(l_orderkey = orders.o_orderkey)"}]}, {"Node Type": "Index Scan", "Parent Relationship": "Inner", "Scan Direction": "Forward", "Index Name": "supplier_pkey", "Relation Name": "supplier", "Alias": "supplier", "Startup Cost": 0.0, "Total Cost": 0.27, "Plan Rows": 1, "Plan Width": 12, "Index Cond": "(s_suppkey = lineitem.l_suppkey)"}]}]}]}, "Unique SQL Id": 1392561963}, "explain_analyze_plan": {"Plan": {"Node Type": "Sort", "Startup Cost": 2730970.27, "Total Cost": 2730970.34, "Plan Rows": 25, "Plan Width": 50, "Actual Startup Time": 25561.412, "Actual Total Time": 25561.413, "Actual Rows": 5, "Actual Loops": 1, "Sort Key": ["(sum((lineitem.l_extendedprice * (1::double precision - lineitem.l_discount)))) DESC"], "Sort Method": "quicksort", "Sort Space Used": 25, "Sort Space Type": "Memory", "Plans": [{"Node Type": "Aggregate", "Strategy": "Hashed", "Parent Relationship": "Outer", "Startup Cost": 2730969.44, "Total Cost": 2730969.69, "Plan Rows": 25, "Plan Width": 50, "Actual Startup Time": 25561.366, "Actual Total Time": 25561.37, "Actual Rows": 5, "Actual Loops": 1, "Group By Key": ["nation.n_name"], "Plans": [{"Node Type": "Nested Loop", "Parent Relationship": "Outer", "Join Type": "Inner", "Startup Cost": 1030.37, "Total Cost": 2730875.54, "Plan Rows": 9390, "Plan Width": 42, "Actual Startup Time": 18.271, "Actual Total Time": 25459.659, "Actual Rows": 72985, "Actual Loops": 1, "Inner Unique": true, "Join Filter": "(customer.c_nationkey = supplier.s_nationkey)", "Rows Removed by Join Filter": 1742237, "Plans": [{"Node Type": "Nested Loop", "Parent Relationship": "Outer", "Join Type": "Inner", "Startup Cost": 1030.37, "Total Cost": 1688090.96, "Plan Rows": 3688948, "Plan Width": 58, "Actual Startup Time": 18.127, "Actual Total Time": 16148.872, "Actual Rows": 1815222, "Actual Loops": 1, "Inner Unique": false, "Plans": [{"Node Type": "Nested Loop", "Parent Relationship": "Outer", "Join Type": "Inner", "Startup Cost": 1030.37, "Total Cost": 412296.55, "Plan Rows": 406290, "Plan Width": 42, "Actual Startup Time": 18.104, "Actual Total Time": 10052.632, "Actual Rows": 454183, "Actual Loops": 1, "Inner Unique": false, "Plans": [{"Node Type": "Nested Loop", "Parent Relationship": "Outer", "Join Type": "Inner", "Startup Cost": 1030.37, "Total Cost": 37187.75, "Plan Rows": 300000, "Plan Width": 42, "Actual Startup Time": 18.019, "Actual Total Time": 682.571, "Actual Rows": 299838, "Actual Loops": 1, "Inner Unique": false, "Plans": [{"Node Type": "Nested Loop", "Parent Relationship": "Outer", "Join Type": "Inner", "Startup Cost": 0.0, "Total Cost": 25.34, "Plan Rows": 5, "Plan Width": 30, "Actual Startup Time": 0.059, "Actual Total Time": 0.138, "Actual Rows": 5, "Actual Loops": 1, "Inner Unique": true, "Join Filter": "(nation.n_regionkey = region.r_regionkey)", "Rows Removed by Join Filter": 20, "Plans": [{"Node Type": "Index Scan", "Parent Relationship": "Outer", "Scan Direction": "Forward", "Index Name": "nation_pkey", "Relation Name": "nation", "Alias": "nation", "Startup Cost": 0.0, "Total Cost": 12.62, "Plan Rows": 25, "Plan Width": 34, "Actual Startup Time": 0.023, "Actual Total Time": 0.056, "Actual Rows": 25, "Actual Loops": 1}, {"Node Type": "Materialize", "Parent Relationship": "Inner", "Startup Cost": 0.0, "Total Cost": 12.34, "Plan Rows": 1, "Plan Width": 4, "Actual Startup Time": 0.034, "Actual Total Time": 0.037, "Actual Rows": 25, "Actual Loops": 25, "Plans": [{"Node Type": "Index Scan", "Parent Relationship": "Outer", "Scan Direction": "Forward", "Index Name": "region_pkey", "Relation Name": "region", "Alias": "region", "Startup Cost": 0.0, "Total Cost": 12.34, "Plan Rows": 1, "Plan Width": 4, "Actual Startup Time": 0.017, "Actual Total Time": 0.019, "Actual Rows": 1, "Actual Loops": 1, "Filter": "(r_name = 'MIDDLE EAST'::bpchar)", "Rows Removed by Filter": 4}]}]}, {"Node Type": "Bitmap Heap Scan", "Parent Relationship": "Inner", "Relation Name": "customer", "Alias": "customer", "Startup Cost": 1030.37, "Total Cost": 6832.48, "Plan Rows": 60000, "Plan Width": 12, "Actual Startup Time": 93.813, "Actual Total Time": 605.535, "Actual Rows": 299838, "Actual Loops": 5, "Recheck Cond": "(c_nationkey = nation.n_nationkey)", "Rows Removed by Index Recheck": 0, "Exact Heap Blocks": 150033, "Lossy Heap Blocks": 150033, "Plans": [{"Node Type": "Bitmap Index Scan", "Parent Relationship": "Outer", "Index Name": "idx_customer_nationkey", "Startup Cost": 0.0, "Total Cost": 1015.37, "Plan Rows": 60000, "Plan Width": 0, "Actual Startup Time": 60.439, "Actual Total Time": 60.439, "Actual Rows": 299838, "Actual Loops": 5, "Index Cond": "(c_nationkey = nation.n_nationkey)"}]}]}, {"Node Type": "Index Scan", "Parent Relationship": "Inner", "Scan Direction": "Forward", "Index Name": "idx_orders_custkey", "Relation Name": "orders", "Alias": "orders", "Startup Cost": 0.0, "Total Cost": 1.24, "Plan Rows": 1, "Plan Width": 16, "Actual Startup Time": 4259.215, "Actual Total Time": 9084.825, "Actual Rows": 454183, "Actual Loops": 299838, "Index Cond": "(o_custkey = customer.c_custkey)", "Rows Removed by Index Recheck": 0, "Filter": "((o_orderdate >= '1994-01-01 00:00:00'::timestamp(0) without time zone) AND (o_orderdate < '1995-01-01 00:00:00'::timestamp without time zone))", "Rows Removed by Filter": 2542535}]}, {"Node Type": "Index Scan", "Parent Relationship": "Inner", "Scan Direction": "Forward", "Index Name": "idx_lineitem_orderkey", "Relation Name": "lineitem", "Alias": "lineitem", "Startup Cost": 0.0, "Total Cost": 3.05, "Plan Rows": 9, "Plan Width": 32, "Actual Startup Time": 4446.755, "Actual Total Time": 5408.453, "Actual Rows": 1815222, "Actual Loops": 454183, "Index Cond": "(l_orderkey = orders.o_orderkey)", "Rows Removed by Index Recheck": 0}]}, {"Node Type": "Index Scan", "Parent Relationship": "Inner", "Scan Direction": "Forward", "Index Name": "supplier_pkey", "Relation Name": "supplier", "Alias": "supplier", "Startup Cost": 0.0, "Total Cost": 0.27, "Plan Rows": 1, "Plan Width": 12, "Actual Startup Time": 7280.79, "Actual Total Time": 7875.838, "Actual Rows": 1815222, "Actual Loops": 1815222, "Index Cond": "(s_suppkey = lineitem.l_suppkey)", "Rows Removed by Index Recheck": 0}]}]}]}, "Triggers": [], "Planner Runtime": 2.854, "Total Runtime": 25561.915, "Unique SQL Id": 1392561963}}, "(16, 54)": {"explain_plan": {"Plan": {"Node Type": "Sort", "Startup Cost": 19319777.54, "Total Cost": 19319777.6, "Plan Rows": 25, "Plan Width": 50, "Sort Key": ["(sum((lineitem.l_extendedprice * (1::double precision - lineitem.l_discount)))) DESC"], "Plans": [{"Node Type": "Aggregate", "Strategy": "Hashed", "Parent Relationship": "Outer", "Startup Cost": 19319776.71, "Total Cost": 19319776.96, "Plan Rows": 25, "Plan Width": 50, "Group By Key": ["nation.n_name"], "Plans": [{"Node Type": "Nested Loop", "Parent Relationship": "Outer", "Join Type": "Inner", "Startup Cost": 1.42, "Total Cost": 19319682.81, "Plan Rows": 9390, "Plan Width": 42, "Inner Unique": true, "Join Filter": "(customer.c_nationkey = supplier.s_nationkey)", "Plans": [{"Node Type": "Nested Loop", "Parent Relationship": "Outer", "Join Type": "Inner", "Startup Cost": 1.16, "Total Cost": 3520745.57, "Plan Rows": 3688948, "Plan Width": 58, "Inner Unique": false, "Plans": [{"Node Type": "Nested Loop", "Parent Relationship": "Outer", "Join Type": "Inner", "Startup Cost": 0.43, "Total Cost": 1518677.24, "Plan Rows": 406290, "Plan Width": 42, "Inner Unique": false, "Plans": [{"Node Type": "Nested Loop", "Parent Relationship": "Outer", "Join Type": "Inner", "Startup Cost": 0.0, "Total Cost": 164628.64, "Plan Rows": 300000, "Plan Width": 42, "Inner Unique": false, "Join Filter": "(nation.n_nationkey = customer.c_nationkey), (LLVM Optimized)", "Plans": [{"Node Type": "Seq Scan", "Parent Relationship": "Outer", "Relation Name": "customer", "Alias": "customer", "Startup Cost": 0.0, "Total Cost": 52126.0, "Plan Rows": 1500000, "Plan Width": 12}, {"Node Type": "Materialize", "Parent Relationship": "Inner", "Startup Cost": 0.0, "Total Cost": 2.65, "Plan Rows": 5, "Plan Width": 30, "Plans": [{"Node Type": "Nested Loop", "Parent Relationship": "Outer", "Join Type": "Inner", "Startup Cost": 0.0, "Total Cost": 2.62, "Plan Rows": 5, "Plan Width": 30, "Inner Unique": false, "Join Filter": "(nation.n_regionkey = region.r_regionkey)", "Plans": [{"Node Type": "Seq Scan", "Parent Relationship": "Outer", "Relation Name": "region", "Alias": "region", "Startup Cost": 0.0, "Total Cost": 1.06, "Plan Rows": 1, "Plan Width": 4, "Filter": "(r_name = 'MIDDLE EAST'::bpchar)"}, {"Node Type": "Seq Scan", "Parent Relationship": "Inner", "Relation Name": "nation", "Alias": "nation", "Startup Cost": 0.0, "Total Cost": 1.25, "Plan Rows": 25, "Plan Width": 34}]}]}]}, {"Node Type": "Bitmap Heap Scan", "Parent Relationship": "Inner", "Relation Name": "orders", "Alias": "orders", "Startup Cost": 0.43, "Total Cost": 4.5, "Plan Rows": 1, "Plan Width": 16, "Recheck Cond": "(o_custkey = customer.c_custkey)", "Filter": "((o_orderdate >= '1994-01-01 00:00:00'::timestamp(0) without time zone) AND (o_orderdate < '1995-01-01 00:00:00'::timestamp without time zone))", "Plans": [{"Node Type": "Bitmap Index Scan", "Parent Relationship": "Outer", "Index Name": "idx_orders_custkey", "Startup Cost": 0.0, "Total Cost": 0.43, "Plan Rows": 4, "Plan Width": 0, "Index Cond": "(o_custkey = customer.c_custkey)"}]}]}, {"Node Type": "Bitmap Heap Scan", "Parent Relationship": "Inner", "Relation Name": "lineitem", "Alias": "lineitem", "Startup Cost": 0.73, "Total Cost": 4.84, "Plan Rows": 9, "Plan Width": 32, "Recheck Cond": "(l_orderkey = orders.o_orderkey)", "Plans": [{"Node Type": "Bitmap Index Scan", "Parent Relationship": "Outer", "Index Name": "idx_lineitem_orderkey", "Startup Cost": 0.0, "Total Cost": 0.72, "Plan Rows": 9, "Plan Width": 0, "Index Cond": "(l_orderkey = orders.o_orderkey)"}]}]}, {"Node Type": "Bitmap Heap Scan", "Parent Relationship": "Inner", "Relation Name": "supplier", "Alias": "supplier", "Startup Cost": 0.26, "Total Cost": 4.27, "Plan Rows": 1, "Plan Width": 12, "Recheck Cond": "(s_suppkey = lineitem.l_suppkey)", "Plans": [{"Node Type": "Bitmap Index Scan", "Parent Relationship": "Outer", "Index Name": "supplier_pkey", "Startup Cost": 0.0, "Total Cost": 0.26, "Plan Rows": 1, "Plan Width": 0, "Index Cond": "(s_suppkey = lineitem.l_suppkey)"}]}]}]}]}, "Unique SQL Id": 1392561963}, "explain_analyze_plan": null}, "(16, 55)": {"explain_plan": {"Plan": {"Node Type": "Sort", "Startup Cost": 46003135.57, "Total Cost": 46003135.63, "Plan Rows": 25, "Plan Width": 50, "Sort Key": ["(sum((lineitem.l_extendedprice * (1::double precision - lineitem.l_discount)))) DESC"], "Plans": [{"Node Type": "Aggregate", "Strategy": "Hashed", "Parent Relationship": "Outer", "Startup Cost": 46003134.74, "Total Cost": 46003134.99, "Plan Rows": 25, "Plan Width": 50, "Group By Key": ["nation.n_name"], "Plans": [{"Node Type": "Nested Loop", "Parent Relationship": "Outer", "Join Type": "Inner", "Startup Cost": 58362.35, "Total Cost": 46003040.84, "Plan Rows": 9390, "Plan Width": 42, "Inner Unique": true, "Join Filter": "(customer.c_nationkey = supplier.s_nationkey)", "Plans": [{"Node Type": "Nested Loop", "Parent Relationship": "Outer", "Join Type": "Inner", "Startup Cost": 58362.1, "Total Cost": 30204103.6, "Plan Rows": 3688948, "Plan Width": 58, "Inner Unique": false, "Plans": [{"Node Type": "Nested Loop", "Parent Relationship": "Outer", "Join Type": "Inner", "Startup Cost": 58361.37, "Total Cost": 28202035.27, "Plan Rows": 406290, "Plan Width": 42, "Inner Unique": true, "Plans": [{"Node Type": "Nested Loop", "Parent Relationship": "Outer", "Join Type": "Inner", "Startup Cost": 58360.79, "Total Cost": 18851769.58, "Plan Rows": 2031452, "Plan Width": 46, "Inner Unique": true, "Plans": [{"Node Type": "Nested Loop", "Parent Relationship": "Outer", "Join Type": "Inner", "Startup Cost": 58360.54, "Total Cost": 10156636.32, "Plan Rows": 2031452, "Plan Width": 12, "Inner Unique": true, "Plans": [{"Node Type": "Bitmap Heap Scan", "Parent Relationship": "Outer", "Relation Name": "orders", "Alias": "orders", "Startup Cost": 58360.27, "Total Cost": 369005.64, "Plan Rows": 2281758, "Plan Width": 16, "Recheck Cond": "((o_orderdate >= '1994-01-01 00:00:00'::timestamp(0) without time zone) AND (o_orderdate < '1995-01-01 00:00:00'::timestamp without time zone)), (LLVM Optimized)", "Plans": [{"Node Type": "Bitmap Index Scan", "Parent Relationship": "Outer", "Index Name": "idx_orders_orderdate", "Startup Cost": 0.0, "Total Cost": 57789.83, "Plan Rows": 2281758, "Plan Width": 0, "Index Cond": "((o_orderdate >= '1994-01-01 00:00:00'::timestamp(0) without time zone) AND (o_orderdate < '1995-01-01 00:00:00'::timestamp without time zone))"}]}, {"Node Type": "Bitmap Heap Scan", "Parent Relationship": "Inner", "Relation Name": "customer", "Alias": "customer", "Startup Cost": 0.27, "Total Cost": 4.28, "Plan Rows": 1, "Plan Width": 12, "Recheck Cond": "(c_custkey = orders.o_custkey)", "Plans": [{"Node Type": "Bitmap Index Scan", "Parent Relationship": "Outer", "Index Name": "customer_pkey", "Startup Cost": 0.0, "Total Cost": 0.27, "Plan Rows": 1, "Plan Width": 0, "Index Cond": "(c_custkey = orders.o_custkey)"}]}]}, {"Node Type": "Bitmap Heap Scan", "Parent Relationship": "Inner", "Relation Name": "nation", "Alias": "nation", "Startup Cost": 0.26, "Total Cost": 4.27, "Plan Rows": 1, "Plan Width": 34, "Recheck Cond": "(n_nationkey = customer.c_nationkey)", "Plans": [{"Node Type": "Bitmap Index Scan", "Parent Relationship": "Outer", "Index Name": "nation_pkey", "Startup Cost": 0.0, "Total Cost": 0.26, "Plan Rows": 1, "Plan Width": 0, "Index Cond": "(n_nationkey = customer.c_nationkey)"}]}]}, {"Node Type": "Bitmap Heap Scan", "Parent Relationship": "Inner", "Relation Name": "region", "Alias": "region", "Startup Cost": 0.58, "Total Cost": 4.59, "Plan Rows": 1, "Plan Width": 4, "Recheck Cond": "(r_regionkey = nation.n_regionkey)", "Filter": "(r_name = 'MIDDLE EAST'::bpchar)", "Plans": [{"Node Type": "Bitmap Index Scan", "Parent Relationship": "Outer", "Index Name": "region_pkey", "Startup Cost": 0.0, "Total Cost": 0.58, "Plan Rows": 1, "Plan Width": 0, "Index Cond": "(r_regionkey = nation.n_regionkey)"}]}]}, {"Node Type": "Bitmap Heap Scan", "Parent Relationship": "Inner", "Relation Name": "lineitem", "Alias": "lineitem", "Startup Cost": 0.73, "Total Cost": 4.84, "Plan Rows": 9, "Plan Width": 32, "Recheck Cond": "(l_orderkey = orders.o_orderkey)", "Plans": [{"Node Type": "Bitmap Index Scan", "Parent Relationship": "Outer", "Index Name": "idx_lineitem_orderkey", "Startup Cost": 0.0, "Total Cost": 0.72, "Plan Rows": 9, "Plan Width": 0, "Index Cond": "(l_orderkey = orders.o_orderkey)"}]}]}, {"Node Type": "Bitmap Heap Scan", "Parent Relationship": "Inner", "Relation Name": "supplier", "Alias": "supplier", "Startup Cost": 0.26, "Total Cost": 4.27, "Plan Rows": 1, "Plan Width": 12, "Recheck Cond": "(s_suppkey = lineitem.l_suppkey)", "Plans": [{"Node Type": "Bitmap Index Scan", "Parent Relationship": "Outer", "Index Name": "supplier_pkey", "Startup Cost": 0.0, "Total Cost": 0.26, "Plan Rows": 1, "Plan Width": 0, "Index Cond": "(s_suppkey = lineitem.l_suppkey)"}]}]}]}]}, "Unique SQL Id": 1392561963}, "explain_analyze_plan": null}, "(16, 56)": {"explain_plan": {"Plan": {"Node Type": "Sort", "Startup Cost": 2735308.72, "Total Cost": 2735308.78, "Plan Rows": 25, "Plan Width": 50, "Sort Key": ["(sum((lineitem.l_extendedprice * (1::double precision - lineitem.l_discount)))) DESC"], "Plans": [{"Node Type": "Aggregate", "Strategy": "Hashed", "Parent Relationship": "Outer", "Startup Cost": 2735307.89, "Total Cost": 2735308.14, "Plan Rows": 25, "Plan Width": 50, "Group By Key": ["nation.n_name"], "Plans": [{"Node Type": "Nested Loop", "Parent Relationship": "Outer", "Join Type": "Inner", "Startup Cost": 0.0, "Total Cost": 2735213.99, "Plan Rows": 9390, "Plan Width": 42, "Inner Unique": true, "Join Filter": "(customer.c_nationkey = supplier.s_nationkey)", "Plans": [{"Node Type": "Nested Loop", "Parent Relationship": "Outer", "Join Type": "Inner", "Startup Cost": 0.0, "Total Cost": 1692429.4, "Plan Rows": 3688948, "Plan Width": 58, "Inner Unique": false, "Plans": [{"Node Type": "Nested Loop", "Parent Relationship": "Outer", "Join Type": "Inner", "Startup Cost": 0.0, "Total Cost": 416634.99, "Plan Rows": 406290, "Plan Width": 42, "Inner Unique": false, "Plans": [{"Node Type": "Nested Loop", "Parent Relationship": "Outer", "Join Type": "Inner", "Startup Cost": 0.0, "Total Cost": 41526.19, "Plan Rows": 300000, "Plan Width": 42, "Inner Unique": false, "Plans": [{"Node Type": "Nested Loop", "Parent Relationship": "Outer", "Join Type": "Inner", "Startup Cost": 0.0, "Total Cost": 14.06, "Plan Rows": 5, "Plan Width": 30, "Inner Unique": true, "Join Filter": "(nation.n_regionkey = region.r_regionkey)", "Plans": [{"Node Type": "Index Scan", "Parent Relationship": "Outer", "Scan Direction": "Forward", "Index Name": "nation_pkey", "Relation Name": "nation", "Alias": "nation", "Startup Cost": 0.0, "Total Cost": 12.62, "Plan Rows": 25, "Plan Width": 34}, {"Node Type": "Materialize", "Parent Relationship": "Inner", "Startup Cost": 0.0, "Total Cost": 1.07, "Plan Rows": 1, "Plan Width": 4, "Plans": [{"Node Type": "Seq Scan", "Parent Relationship": "Outer", "Relation Name": "region", "Alias": "region", "Startup Cost": 0.0, "Total Cost": 1.06, "Plan Rows": 1, "Plan Width": 4, "Filter": "(r_name = 'MIDDLE EAST'::bpchar)"}]}]}, {"Node Type": "Index Scan", "Parent Relationship": "Inner", "Scan Direction": "Forward", "Index Name": "idx_customer_nationkey", "Relation Name": "customer", "Alias": "customer", "Startup Cost": 0.0, "Total Cost": 7702.43, "Plan Rows": 60000, "Plan Width": 12, "Index Cond": "(c_nationkey = nation.n_nationkey)"}]}, {"Node Type": "Index Scan", "Parent Relationship": "Inner", "Scan Direction": "Forward", "Index Name": "idx_orders_custkey", "Relation Name": "orders", "Alias": "orders", "Startup Cost": 0.0, "Total Cost": 1.24, "Plan Rows": 1, "Plan Width": 16, "Index Cond": "(o_custkey = customer.c_custkey)", "Filter": "((o_orderdate >= '1994-01-01 00:00:00'::timestamp(0) without time zone) AND (o_orderdate < '1995-01-01 00:00:00'::timestamp without time zone))"}]}, {"Node Type": "Index Scan", "Parent Relationship": "Inner", "Scan Direction": "Forward", "Index Name": "idx_lineitem_orderkey", "Relation Name": "lineitem", "Alias": "lineitem", "Startup Cost": 0.0, "Total Cost": 3.05, "Plan Rows": 9, "Plan Width": 32, "Index Cond": "(l_orderkey = orders.o_orderkey)"}]}, {"Node Type": "Index Scan", "Parent Relationship": "Inner", "Scan Direction": "Forward", "Index Name": "supplier_pkey", "Relation Name": "supplier", "Alias": "supplier", "Startup Cost": 0.0, "Total Cost": 0.27, "Plan Rows": 1, "Plan Width": 12, "Index Cond": "(s_suppkey = lineitem.l_suppkey)"}]}]}]}, "Unique SQL Id": 1392561963}, "explain_analyze_plan": {"Plan": {"Node Type": "Sort", "Startup Cost": 2735308.72, "Total Cost": 2735308.78, "Plan Rows": 25, "Plan Width": 50, "Actual Startup Time": 25452.815, "Actual Total Time": 25452.817, "Actual Rows": 5, "Actual Loops": 1, "Sort Key": ["(sum((lineitem.l_extendedprice * (1::double precision - lineitem.l_discount)))) DESC"], "Sort Method": "quicksort", "Sort Space Used": 25, "Sort Space Type": "Memory", "Plans": [{"Node Type": "Aggregate", "Strategy": "Hashed", "Parent Relationship": "Outer", "Startup Cost": 2735307.89, "Total Cost": 2735308.14, "Plan Rows": 25, "Plan Width": 50, "Actual Startup Time": 25452.687, "Actual Total Time": 25452.699, "Actual Rows": 5, "Actual Loops": 1, "Group By Key": ["nation.n_name"], "Plans": [{"Node Type": "Nested Loop", "Parent Relationship": "Outer", "Join Type": "Inner", "Startup Cost": 0.0, "Total Cost": 2735213.99, "Plan Rows": 9390, "Plan Width": 42, "Actual Startup Time": 0.333, "Actual Total Time": 25355.857, "Actual Rows": 72985, "Actual Loops": 1, "Inner Unique": true, "Join Filter": "(customer.c_nationkey = supplier.s_nationkey)", "Rows Removed by Join Filter": 1742237, "Plans": [{"Node Type": "Nested Loop", "Parent Relationship": "Outer", "Join Type": "Inner", "Startup Cost": 0.0, "Total Cost": 1692429.4, "Plan Rows": 3688948, "Plan Width": 58, "Actual Startup Time": 0.191, "Actual Total Time": 15967.827, "Actual Rows": 1815222, "Actual Loops": 1, "Inner Unique": false, "Plans": [{"Node Type": "Nested Loop", "Parent Relationship": "Outer", "Join Type": "Inner", "Startup Cost": 0.0, "Total Cost": 416634.99, "Plan Rows": 406290, "Plan Width": 42, "Actual Startup Time": 0.173, "Actual Total Time": 9861.573, "Actual Rows": 454183, "Actual Loops": 1, "Inner Unique": false, "Plans": [{"Node Type": "Nested Loop", "Parent Relationship": "Outer", "Join Type": "Inner", "Startup Cost": 0.0, "Total Cost": 41526.19, "Plan Rows": 300000, "Plan Width": 42, "Actual Startup Time": 0.096, "Actual Total Time": 552.728, "Actual Rows": 299838, "Actual Loops": 1, "Inner Unique": false, "Plans": [{"Node Type": "Nested Loop", "Parent Relationship": "Outer", "Join Type": "Inner", "Startup Cost": 0.0, "Total Cost": 14.06, "Plan Rows": 5, "Plan Width": 30, "Actual Startup Time": 0.052, "Actual Total Time": 0.24, "Actual Rows": 5, "Actual Loops": 1, "Inner Unique": true, "Join Filter": "(nation.n_regionkey = region.r_regionkey)", "Rows Removed by Join Filter": 20, "Plans": [{"Node Type": "Index Scan", "Parent Relationship": "Outer", "Scan Direction": "Forward", "Index Name": "nation_pkey", "Relation Name": "nation", "Alias": "nation", "Startup Cost": 0.0, "Total Cost": 12.62, "Plan Rows": 25, "Plan Width": 34, "Actual Startup Time": 0.019, "Actual Total Time": 0.141, "Actual Rows": 25, "Actual Loops": 1}, {"Node Type": "Materialize", "Parent Relationship": "Inner", "Startup Cost": 0.0, "Total Cost": 1.07, "Plan Rows": 1, "Plan Width": 4, "Actual Startup Time": 0.031, "Actual Total Time": 0.037, "Actual Rows": 25, "Actual Loops": 25, "Plans": [{"Node Type": "Seq Scan", "Parent Relationship": "Outer", "Relation Name": "region", "Alias": "region", "Startup Cost": 0.0, "Total Cost": 1.06, "Plan Rows": 1, "Plan Width": 4, "Actual Startup Time": 0.015, "Actual Total Time": 0.017, "Actual Rows": 1, "Actual Loops": 1, "Filter": "(r_name = 'MIDDLE EAST'::bpchar)", "Rows Removed by Filter": 4}]}]}, {"Node Type": "Index Scan", "Parent Relationship": "Inner", "Scan Direction": "Forward", "Index Name": "idx_customer_nationkey", "Relation Name": "customer", "Alias": "customer", "Startup Cost": 0.0, "Total Cost": 7702.43, "Plan Rows": 60000, "Plan Width": 12, "Actual Startup Time": 0.204, "Actual Total Time": 463.1, "Actual Rows": 299838, "Actual Loops": 5, "Index Cond": "(c_nationkey = nation.n_nationkey)", "Rows Removed by Index Recheck": 0}]}, {"Node Type": "Index Scan", "Parent Relationship": "Inner", "Scan Direction": "Forward", "Index Name": "idx_orders_custkey", "Relation Name": "orders", "Alias": "orders", "Startup Cost": 0.0, "Total Cost": 1.24, "Plan Rows": 1, "Plan Width": 16, "Actual Startup Time": 4237.666, "Actual Total Time": 9029.198, "Actual Rows": 454183, "Actual Loops": 299838, "Index Cond": "(o_custkey = customer.c_custkey)", "Rows Removed by Index Recheck": 0, "Filter": "((o_orderdate >= '1994-01-01 00:00:00'::timestamp(0) without time zone) AND (o_orderdate < '1995-01-01 00:00:00'::timestamp without time zone))", "Rows Removed by Filter": 2542535}]}, {"Node Type": "Index Scan", "Parent Relationship": "Inner", "Scan Direction": "Forward", "Index Name": "idx_lineitem_orderkey", "Relation Name": "lineitem", "Alias": "lineitem", "Startup Cost": 0.0, "Total Cost": 3.05, "Plan Rows": 9, "Plan Width": 32, "Actual Startup Time": 4453.028, "Actual Total Time": 5420.241, "Actual Rows": 1815222, "Actual Loops": 454183, "Index Cond": "(l_orderkey = orders.o_orderkey)", "Rows Removed by Index Recheck": 0}]}, {"Node Type": "Index Scan", "Parent Relationship": "Inner", "Scan Direction": "Forward", "Index Name": "supplier_pkey", "Relation Name": "supplier", "Alias": "supplier", "Startup Cost": 0.0, "Total Cost": 0.27, "Plan Rows": 1, "Plan Width": 12, "Actual Startup Time": 7367.84, "Actual Total Time": 7969.354, "Actual Rows": 1815222, "Actual Loops": 1815222, "Index Cond": "(s_suppkey = lineitem.l_suppkey)", "Rows Removed by Index Recheck": 0}]}]}]}, "Triggers": [], "Planner Runtime": 2.8, "Total Runtime": 25453.194, "Unique SQL Id": 1392561963}}, "(16, 57)": {"explain_plan": {"Plan": {"Node Type": "Sort", "Startup Cost": 2735319.99, "Total Cost": 2735320.05, "Plan Rows": 25, "Plan Width": 50, "Sort Key": ["(sum((lineitem.l_extendedprice * (1::double precision - lineitem.l_discount)))) DESC"], "Plans": [{"Node Type": "Aggregate", "Strategy": "Hashed", "Parent Relationship": "Outer", "Startup Cost": 2735319.16, "Total Cost": 2735319.41, "Plan Rows": 25, "Plan Width": 50, "Group By Key": ["nation.n_name"], "Plans": [{"Node Type": "Nested Loop", "Parent Relationship": "Outer", "Join Type": "Inner", "Startup Cost": 0.0, "Total Cost": 2735225.26, "Plan Rows": 9390, "Plan Width": 42, "Inner Unique": true, "Join Filter": "(customer.c_nationkey = supplier.s_nationkey)", "Plans": [{"Node Type": "Nested Loop", "Parent Relationship": "Outer", "Join Type": "Inner", "Startup Cost": 0.0, "Total Cost": 1692440.68, "Plan Rows": 3688948, "Plan Width": 58, "Inner Unique": false, "Plans": [{"Node Type": "Nested Loop", "Parent Relationship": "Outer", "Join Type": "Inner", "Startup Cost": 0.0, "Total Cost": 416646.27, "Plan Rows": 406290, "Plan Width": 42, "Inner Unique": false, "Plans": [{"Node Type": "Nested Loop", "Parent Relationship": "Outer", "Join Type": "Inner", "Startup Cost": 0.0, "Total Cost": 41537.47, "Plan Rows": 300000, "Plan Width": 42, "Inner Unique": false, "Plans": [{"Node Type": "Nested Loop", "Parent Relationship": "Outer", "Join Type": "Inner", "Startup Cost": 0.0, "Total Cost": 25.34, "Plan Rows": 5, "Plan Width": 30, "Inner Unique": true, "Join Filter": "(nation.n_regionkey = region.r_regionkey)", "Plans": [{"Node Type": "Index Scan", "Parent Relationship": "Outer", "Scan Direction": "Forward", "Index Name": "nation_pkey", "Relation Name": "nation", "Alias": "nation", "Startup Cost": 0.0, "Total Cost": 12.62, "Plan Rows": 25, "Plan Width": 34}, {"Node Type": "Materialize", "Parent Relationship": "Inner", "Startup Cost": 0.0, "Total Cost": 12.34, "Plan Rows": 1, "Plan Width": 4, "Plans": [{"Node Type": "Index Scan", "Parent Relationship": "Outer", "Scan Direction": "Forward", "Index Name": "region_pkey", "Relation Name": "region", "Alias": "region", "Startup Cost": 0.0, "Total Cost": 12.34, "Plan Rows": 1, "Plan Width": 4, "Filter": "(r_name = 'MIDDLE EAST'::bpchar)"}]}]}, {"Node Type": "Index Scan", "Parent Relationship": "Inner", "Scan Direction": "Forward", "Index Name": "idx_customer_nationkey", "Relation Name": "customer", "Alias": "customer", "Startup Cost": 0.0, "Total Cost": 7702.43, "Plan Rows": 60000, "Plan Width": 12, "Index Cond": "(c_nationkey = nation.n_nationkey)"}]}, {"Node Type": "Index Scan", "Parent Relationship": "Inner", "Scan Direction": "Forward", "Index Name": "idx_orders_custkey", "Relation Name": "orders", "Alias": "orders", "Startup Cost": 0.0, "Total Cost": 1.24, "Plan Rows": 1, "Plan Width": 16, "Index Cond": "(o_custkey = customer.c_custkey)", "Filter": "((o_orderdate >= '1994-01-01 00:00:00'::timestamp(0) without time zone) AND (o_orderdate < '1995-01-01 00:00:00'::timestamp without time zone))"}]}, {"Node Type": "Index Scan", "Parent Relationship": "Inner", "Scan Direction": "Forward", "Index Name": "idx_lineitem_orderkey", "Relation Name": "lineitem", "Alias": "lineitem", "Startup Cost": 0.0, "Total Cost": 3.05, "Plan Rows": 9, "Plan Width": 32, "Index Cond": "(l_orderkey = orders.o_orderkey)"}]}, {"Node Type": "Index Scan", "Parent Relationship": "Inner", "Scan Direction": "Forward", "Index Name": "supplier_pkey", "Relation Name": "supplier", "Alias": "supplier", "Startup Cost": 0.0, "Total Cost": 0.27, "Plan Rows": 1, "Plan Width": 12, "Index Cond": "(s_suppkey = lineitem.l_suppkey)"}]}]}]}, "Unique SQL Id": 1392561963}, "explain_analyze_plan": {"Plan": {"Node Type": "Sort", "Startup Cost": 2735319.99, "Total Cost": 2735320.05, "Plan Rows": 25, "Plan Width": 50, "Actual Startup Time": 25206.113, "Actual Total Time": 25206.114, "Actual Rows": 5, "Actual Loops": 1, "Sort Key": ["(sum((lineitem.l_extendedprice * (1::double precision - lineitem.l_discount)))) DESC"], "Sort Method": "quicksort", "Sort Space Used": 25, "Sort Space Type": "Memory", "Plans": [{"Node Type": "Aggregate", "Strategy": "Hashed", "Parent Relationship": "Outer", "Startup Cost": 2735319.16, "Total Cost": 2735319.41, "Plan Rows": 25, "Plan Width": 50, "Actual Startup Time": 25206.07, "Actual Total Time": 25206.072, "Actual Rows": 5, "Actual Loops": 1, "Group By Key": ["nation.n_name"], "Plans": [{"Node Type": "Nested Loop", "Parent Relationship": "Outer", "Join Type": "Inner", "Startup Cost": 0.0, "Total Cost": 2735225.26, "Plan Rows": 9390, "Plan Width": 42, "Actual Startup Time": 0.321, "Actual Total Time": 25106.684, "Actual Rows": 72985, "Actual Loops": 1, "Inner Unique": true, "Join Filter": "(customer.c_nationkey = supplier.s_nationkey)", "Rows Removed by Join Filter": 1742237, "Plans": [{"Node Type": "Nested Loop", "Parent Relationship": "Outer", "Join Type": "Inner", "Startup Cost": 0.0, "Total Cost": 1692440.68, "Plan Rows": 3688948, "Plan Width": 58, "Actual Startup Time": 0.183, "Actual Total Time": 15739.084, "Actual Rows": 1815222, "Actual Loops": 1, "Inner Unique": false, "Plans": [{"Node Type": "Nested Loop", "Parent Relationship": "Outer", "Join Type": "Inner", "Startup Cost": 0.0, "Total Cost": 416646.27, "Plan Rows": 406290, "Plan Width": 42, "Actual Startup Time": 0.162, "Actual Total Time": 9644.613, "Actual Rows": 454183, "Actual Loops": 1, "Inner Unique": false, "Plans": [{"Node Type": "Nested Loop", "Parent Relationship": "Outer", "Join Type": "Inner", "Startup Cost": 0.0, "Total Cost": 41537.47, "Plan Rows": 300000, "Plan Width": 42, "Actual Startup Time": 0.098, "Actual Total Time": 551.789, "Actual Rows": 299838, "Actual Loops": 1, "Inner Unique": false, "Plans": [{"Node Type": "Nested Loop", "Parent Relationship": "Outer", "Join Type": "Inner", "Startup Cost": 0.0, "Total Cost": 25.34, "Plan Rows": 5, "Plan Width": 30, "Actual Startup Time": 0.064, "Actual Total Time": 0.284, "Actual Rows": 5, "Actual Loops": 1, "Inner Unique": true, "Join Filter": "(nation.n_regionkey = region.r_regionkey)", "Rows Removed by Join Filter": 20, "Plans": [{"Node Type": "Index Scan", "Parent Relationship": "Outer", "Scan Direction": "Forward", "Index Name": "nation_pkey", "Relation Name": "nation", "Alias": "nation", "Startup Cost": 0.0, "Total Cost": 12.62, "Plan Rows": 25, "Plan Width": 34, "Actual Startup Time": 0.028, "Actual Total Time": 0.186, "Actual Rows": 25, "Actual Loops": 1}, {"Node Type": "Materialize", "Parent Relationship": "Inner", "Startup Cost": 0.0, "Total Cost": 12.34, "Plan Rows": 1, "Plan Width": 4, "Actual Startup Time": 0.034, "Actual Total Time": 0.038, "Actual Rows": 25, "Actual Loops": 25, "Plans": [{"Node Type": "Index Scan", "Parent Relationship": "Outer", "Scan Direction": "Forward", "Index Name": "region_pkey", "Relation Name": "region", "Alias": "region", "Startup Cost": 0.0, "Total Cost": 12.34, "Plan Rows": 1, "Plan Width": 4, "Actual Startup Time": 0.018, "Actual Total Time": 0.02, "Actual Rows": 1, "Actual Loops": 1, "Filter": "(r_name = 'MIDDLE EAST'::bpchar)", "Rows Removed by Filter": 4}]}]}, {"Node Type": "Index Scan", "Parent Relationship": "Inner", "Scan Direction": "Forward", "Index Name": "idx_customer_nationkey", "Relation Name": "customer", "Alias": "customer", "Startup Cost": 0.0, "Total Cost": 7702.43, "Plan Rows": 60000, "Plan Width": 12, "Actual Startup Time": 0.163, "Actual Total Time": 463.003, "Actual Rows": 299838, "Actual Loops": 5, "Index Cond": "(c_nationkey = nation.n_nationkey)", "Rows Removed by Index Recheck": 0}]}, {"Node Type": "Index Scan", "Parent Relationship": "Inner", "Scan Direction": "Forward", "Index Name": "idx_orders_custkey", "Relation Name": "orders", "Alias": "orders", "Startup Cost": 0.0, "Total Cost": 1.24, "Plan Rows": 1, "Plan Width": 16, "Actual Startup Time": 4177.284, "Actual Total Time": 8819.633, "Actual Rows": 454183, "Actual Loops": 299838, "Index Cond": "(o_custkey = customer.c_custkey)", "Rows Removed by Index Recheck": 0, "Filter": "((o_orderdate >= '1994-01-01 00:00:00'::timestamp(0) without time zone) AND (o_orderdate < '1995-01-01 00:00:00'::timestamp without time zone))", "Rows Removed by Filter": 2542535}]}, {"Node Type": "Index Scan", "Parent Relationship": "Inner", "Scan Direction": "Forward", "Index Name": "idx_lineitem_orderkey", "Relation Name": "lineitem", "Alias": "lineitem", "Startup Cost": 0.0, "Total Cost": 3.05, "Plan Rows": 9, "Plan Width": 32, "Actual Startup Time": 4440.991, "Actual Total Time": 5420.279, "Actual Rows": 1815222, "Actual Loops": 454183, "Index Cond": "(l_orderkey = orders.o_orderkey)", "Rows Removed by Index Recheck": 0}]}, {"Node Type": "Index Scan", "Parent Relationship": "Inner", "Scan Direction": "Forward", "Index Name": "supplier_pkey", "Relation Name": "supplier", "Alias": "supplier", "Startup Cost": 0.0, "Total Cost": 0.27, "Plan Rows": 1, "Plan Width": 12, "Actual Startup Time": 7341.252, "Actual Total Time": 7946.032, "Actual Rows": 1815222, "Actual Loops": 1815222, "Index Cond": "(s_suppkey = lineitem.l_suppkey)", "Rows Removed by Index Recheck": 0}]}]}]}, "Triggers": [], "Planner Runtime": 2.481, "Total Runtime": 25206.449, "Unique SQL Id": 1392561963}}, "(16, 58)": {"explain_plan": {"Plan": {"Node Type": "Sort", "Startup Cost": 51053787992.55, "Total Cost": 51053787992.61, "Plan Rows": 25, "Plan Width": 50, "Sort Key": ["(sum((lineitem.l_extendedprice * (1::double precision - lineitem.l_discount)))) DESC"], "Plans": [{"Node Type": "Aggregate", "Strategy": "Hashed", "Parent Relationship": "Outer", "Startup Cost": 51053787991.72, "Total Cost": 51053787991.97, "Plan Rows": 25, "Plan Width": 50, "Group By Key": ["nation.n_name"], "Plans": [{"Node Type": "Nested Loop", "Parent Relationship": "Outer", "Join Type": "Inner", "Startup Cost": 441.06, "Total Cost": 51053787897.82, "Plan Rows": 9390, "Plan Width": 42, "Inner Unique": false, "Join Filter": "((orders.o_custkey = customer.c_custkey) AND (supplier.s_nationkey = customer.c_nationkey))", "Plans": [{"Node Type": "Seq Scan", "Parent Relationship": "Outer", "Relation Name": "customer", "Alias": "customer", "Startup Cost": 0.0, "Total Cost": 52126.0, "Plan Rows": 1500000, "Plan Width": 12}, {"Node Type": "Materialize", "Parent Relationship": "Inner", "Startup Cost": 441.06, "Total Cost": 44131637681.06, "Plan Rows": 263699, "Plan Width": 58, "Plans": [{"Node Type": "Nested Loop", "Parent Relationship": "Outer", "Join Type": "Inner", "Startup Cost": 441.06, "Total Cost": 44131636362.57, "Plan Rows": 263699, "Plan Width": 58, "Inner Unique": false, "Join Filter": "(lineitem.l_orderkey = orders.o_orderkey), (LLVM Optimized)", "Plans": [{"Node Type": "Seq Scan", "Parent Relationship": "Outer", "Relation Name": "orders", "Alias": "orders", "Startup Cost": 441.06, "Total Cost": 501411.18, "Plan Rows": 2281758, "Plan Width": 16, "Filter": "((o_orderdate >= '1994-01-01 00:00:00'::timestamp(0) without time zone) AND (o_orderdate < '1995-01-01 00:00:00'::timestamp without time zone)), (LLVM Optimized)"}, {"Node Type": "Materialize", "Parent Relationship": "Inner", "Startup Cost": 0.0, "Total Cost": 17998139668.64, "Plan Rows": 763534, "Plan Width": 58, "Plans": [{"Node Type": "Nested Loop", "Parent Relationship": "Outer", "Join Type": "Inner", "Startup Cost": 0.0, "Total Cost": 17998135850.97, "Plan Rows": 763534, "Plan Width": 58, "Inner Unique": false, "Join Filter": "(supplier.s_suppkey = lineitem.l_suppkey), (LLVM Optimized)", "Plans": [{"Node Type": "Seq Scan", "Parent Relationship": "Outer", "Relation Name": "lineitem", "Alias": "lineitem", "Startup Cost": 0.0, "Total Cost": 2015115.33, "Plan Rows": 59987033, "Plan Width": 32}, {"Node Type": "Materialize", "Parent Relationship": "Inner", "Startup Cost": 0.0, "Total Cost": 10885.64, "Plan Rows": 20000, "Plan Width": 42, "Plans": [{"Node Type": "Nested Loop", "Parent Relationship": "Outer", "Join Type": "Inner", "Startup Cost": 0.0, "Total Cost": 10785.64, "Plan Rows": 20000, "Plan Width": 42, "Inner Unique": false, "Join Filter": "(nation.n_nationkey = supplier.s_nationkey)", "Plans": [{"Node Type": "Seq Scan", "Parent Relationship": "Outer", "Relation Name": "supplier", "Alias": "supplier", "Startup Cost": 0.0, "Total Cost": 3283.0, "Plan Rows": 100000, "Plan Width": 12}, {"Node Type": "Materialize", "Parent Relationship": "Inner", "Startup Cost": 0.0, "Total Cost": 2.65, "Plan Rows": 5, "Plan Width": 30, "Plans": [{"Node Type": "Nested Loop", "Parent Relationship": "Outer", "Join Type": "Inner", "Startup Cost": 0.0, "Total Cost": 2.62, "Plan Rows": 5, "Plan Width": 30, "Inner Unique": false, "Join Filter": "(nation.n_regionkey = region.r_regionkey)", "Plans": [{"Node Type": "Seq Scan", "Parent Relationship": "Outer", "Relation Name": "region", "Alias": "region", "Startup Cost": 0.0, "Total Cost": 1.06, "Plan Rows": 1, "Plan Width": 4, "Filter": "(r_name = 'MIDDLE EAST'::bpchar)"}, {"Node Type": "Seq Scan", "Parent Relationship": "Inner", "Relation Name": "nation", "Alias": "nation", "Startup Cost": 0.0, "Total Cost": 1.25, "Plan Rows": 25, "Plan Width": 34}]}]}]}]}]}]}]}]}]}]}]}, "Unique SQL Id": 1392561963}, "explain_analyze_plan": null}, "(16, 59)": {"explain_plan": {"Plan": {"Node Type": "Sort", "Startup Cost": 6051464595461.66, "Total Cost": 6051464595461.73, "Plan Rows": 25, "Plan Width": 50, "Sort Key": ["(sum((lineitem.l_extendedprice * (1::double precision - lineitem.l_discount)))) DESC"], "Plans": [{"Node Type": "Aggregate", "Strategy": "Hashed", "Parent Relationship": "Outer", "Startup Cost": 6051464595460.83, "Total Cost": 6051464595461.08, "Plan Rows": 25, "Plan Width": 50, "Group By Key": ["nation.n_name"], "Plans": [{"Node Type": "Nested Loop", "Parent Relationship": "Outer", "Join Type": "Inner", "Startup Cost": 60000000000.0, "Total Cost": 6051464595366.93, "Plan Rows": 9390, "Plan Width": 42, "Inner Unique": false, "Join Filter": "((orders.o_custkey = customer.c_custkey) AND (supplier.s_nationkey = customer.c_nationkey))", "Plans": [{"Node Type": "Index Scan", "Parent Relationship": "Outer", "Scan Direction": "Forward", "Index Name": "customer_pkey", "Relation Name": "customer", "Alias": "customer", "Startup Cost": 10000000000.0, "Total Cost": 1000008076535.62, "Plan Rows": 1500000, "Plan Width": 12}, {"Node Type": "Materialize", "Parent Relationship": "Inner", "Startup Cost": 50000000000.0, "Total Cost": 5044534420740.56, "Plan Rows": 263699, "Plan Width": 58, "Plans": [{"Node Type": "Nested Loop", "Parent Relationship": "Outer", "Join Type": "Inner", "Startup Cost": 50000000000.0, "Total Cost": 5044534419422.06, "Plan Rows": 263699, "Plan Width": 58, "Inner Unique": true, "Join Filter": "(lineitem.l_orderkey = orders.o_orderkey), (LLVM Optimized)", "Plans": [{"Node Type": "Nested Loop", "Parent Relationship": "Outer", "Join Type": "Inner", "Startup Cost": 40000000000.0, "Total Cost": 4018320818943.09, "Plan Rows": 763534, "Plan Width": 58, "Inner Unique": false, "Join Filter": "(supplier.s_suppkey = lineitem.l_suppkey), (LLVM Optimized)", "Plans": [{"Node Type": "Nested Loop", "Parent Relationship": "Outer", "Join Type": "Inner", "Startup Cost": 30000000000.0, "Total Cost": 3000000543701.01, "Plan Rows": 20000, "Plan Width": 42, "Inner Unique": false, "Join Filter": "(nation.n_nationkey = supplier.s_nationkey)", "Plans": [{"Node Type": "Nested Loop", "Parent Relationship": "Outer", "Join Type": "Inner", "Startup Cost": 20000000000.0, "Total Cost": 2000000002496.63, "Plan Rows": 5, "Plan Width": 30, "Inner Unique": true, "Join Filter": "(nation.n_regionkey = region.r_regionkey)", "Plans": [{"Node Type": "Index Scan", "Parent Relationship": "Outer", "Scan Direction": "Forward", "Index Name": "nation_pkey", "Relation Name": "nation", "Alias": "nation", "Startup Cost": 10000000000.0, "Total Cost": 1000000001262.5, "Plan Rows": 25, "Plan Width": 34}, {"Node Type": "Materialize", "Parent Relationship": "Inner", "Startup Cost": 10000000000.0, "Total Cost": 1000000001233.76, "Plan Rows": 1, "Plan Width": 4, "Plans": [{"Node Type": "Index Scan", "Parent Relationship": "Outer", "Scan Direction": "Forward", "Index Name": "region_pkey", "Relation Name": "region", "Alias": "region", "Startup Cost": 10000000000.0, "Total Cost": 1000000001233.75, "Plan Rows": 1, "Plan Width": 4, "Filter": "(r_name = 'MIDDLE EAST'::bpchar)"}]}]}, {"Node Type": "Materialize", "Parent Relationship": "Inner", "Startup Cost": 10000000000.0, "Total Cost": 1000000533954.38, "Plan Rows": 100000, "Plan Width": 12, "Plans": [{"Node Type": "Index Scan", "Parent Relationship": "Outer", "Scan Direction": "Forward", "Index Name": "supplier_pkey", "Relation Name": "supplier", "Alias": "supplier", "Startup Cost": 10000000000.0, "Total Cost": 1000000533454.38, "Plan Rows": 100000, "Plan Width": 12}]}]}, {"Node Type": "Materialize", "Parent Relationship": "Inner", "Startup Cost": 10000000000.0, "Total Cost": 1000324315309.67, "Plan Rows": 59987033, "Plan Width": 32, "Plans": [{"Node Type": "Index Scan", "Parent Relationship": "Outer", "Scan Direction": "Forward", "Index Name": "idx_lineitem_orderkey", "Relation Name": "lineitem", "Alias": "lineitem", "Startup Cost": 10000000000.0, "Total Cost": 1000324015374.5, "Plan Rows": 59987033, "Plan Width": 32}]}]}, {"Node Type": "Materialize", "Parent Relationship": "Inner", "Startup Cost": 10000000000.0, "Total Cost": 1000080608991.79, "Plan Rows": 2281758, "Plan Width": 16, "Plans": [{"Node Type": "Index Scan", "Parent Relationship": "Outer", "Scan Direction": "Forward", "Index Name": "orders_pkey", "Relation Name": "orders", "Alias": "orders", "Startup Cost": 10000000000.0, "Total Cost": 1000080597583.0, "Plan Rows": 2281758, "Plan Width": 16, "Filter": "((o_orderdate >= '1994-01-01 00:00:00'::timestamp(0) without time zone) AND (o_orderdate < '1995-01-01 00:00:00'::timestamp without time zone)), (LLVM Optimized)"}]}]}]}]}]}]}, "Unique SQL Id": 1392561963}, "explain_analyze_plan": null}, "(16, 60)": {"explain_plan": {"Plan": {"Node Type": "Sort", "Startup Cost": 2735308.72, "Total Cost": 2735308.78, "Plan Rows": 25, "Plan Width": 50, "Sort Key": ["(sum((lineitem.l_extendedprice * (1::double precision - lineitem.l_discount)))) DESC"], "Plans": [{"Node Type": "Aggregate", "Strategy": "Hashed", "Parent Relationship": "Outer", "Startup Cost": 2735307.89, "Total Cost": 2735308.14, "Plan Rows": 25, "Plan Width": 50, "Group By Key": ["nation.n_name"], "Plans": [{"Node Type": "Nested Loop", "Parent Relationship": "Outer", "Join Type": "Inner", "Startup Cost": 0.0, "Total Cost": 2735213.99, "Plan Rows": 9390, "Plan Width": 42, "Inner Unique": true, "Join Filter": "(customer.c_nationkey = supplier.s_nationkey)", "Plans": [{"Node Type": "Nested Loop", "Parent Relationship": "Outer", "Join Type": "Inner", "Startup Cost": 0.0, "Total Cost": 1692429.4, "Plan Rows": 3688948, "Plan Width": 58, "Inner Unique": false, "Plans": [{"Node Type": "Nested Loop", "Parent Relationship": "Outer", "Join Type": "Inner", "Startup Cost": 0.0, "Total Cost": 416634.99, "Plan Rows": 406290, "Plan Width": 42, "Inner Unique": false, "Plans": [{"Node Type": "Nested Loop", "Parent Relationship": "Outer", "Join Type": "Inner", "Startup Cost": 0.0, "Total Cost": 41526.19, "Plan Rows": 300000, "Plan Width": 42, "Inner Unique": false, "Plans": [{"Node Type": "Nested Loop", "Parent Relationship": "Outer", "Join Type": "Inner", "Startup Cost": 0.0, "Total Cost": 14.06, "Plan Rows": 5, "Plan Width": 30, "Inner Unique": true, "Join Filter": "(nation.n_regionkey = region.r_regionkey)", "Plans": [{"Node Type": "Index Scan", "Parent Relationship": "Outer", "Scan Direction": "Forward", "Index Name": "nation_pkey", "Relation Name": "nation", "Alias": "nation", "Startup Cost": 0.0, "Total Cost": 12.62, "Plan Rows": 25, "Plan Width": 34}, {"Node Type": "Materialize", "Parent Relationship": "Inner", "Startup Cost": 0.0, "Total Cost": 1.07, "Plan Rows": 1, "Plan Width": 4, "Plans": [{"Node Type": "Seq Scan", "Parent Relationship": "Outer", "Relation Name": "region", "Alias": "region", "Startup Cost": 0.0, "Total Cost": 1.06, "Plan Rows": 1, "Plan Width": 4, "Filter": "(r_name = 'MIDDLE EAST'::bpchar)"}]}]}, {"Node Type": "Index Scan", "Parent Relationship": "Inner", "Scan Direction": "Forward", "Index Name": "idx_customer_nationkey", "Relation Name": "customer", "Alias": "customer", "Startup Cost": 0.0, "Total Cost": 7702.43, "Plan Rows": 60000, "Plan Width": 12, "Index Cond": "(c_nationkey = nation.n_nationkey)"}]}, {"Node Type": "Index Scan", "Parent Relationship": "Inner", "Scan Direction": "Forward", "Index Name": "idx_orders_custkey", "Relation Name": "orders", "Alias": "orders", "Startup Cost": 0.0, "Total Cost": 1.24, "Plan Rows": 1, "Plan Width": 16, "Index Cond": "(o_custkey = customer.c_custkey)", "Filter": "((o_orderdate >= '1994-01-01 00:00:00'::timestamp(0) without time zone) AND (o_orderdate < '1995-01-01 00:00:00'::timestamp without time zone))"}]}, {"Node Type": "Index Scan", "Parent Relationship": "Inner", "Scan Direction": "Forward", "Index Name": "idx_lineitem_orderkey", "Relation Name": "lineitem", "Alias": "lineitem", "Startup Cost": 0.0, "Total Cost": 3.05, "Plan Rows": 9, "Plan Width": 32, "Index Cond": "(l_orderkey = orders.o_orderkey)"}]}, {"Node Type": "Index Scan", "Parent Relationship": "Inner", "Scan Direction": "Forward", "Index Name": "supplier_pkey", "Relation Name": "supplier", "Alias": "supplier", "Startup Cost": 0.0, "Total Cost": 0.27, "Plan Rows": 1, "Plan Width": 12, "Index Cond": "(s_suppkey = lineitem.l_suppkey)"}]}]}]}, "Unique SQL Id": 1392561963}, "explain_analyze_plan": {"Plan": {"Node Type": "Sort", "Startup Cost": 2735308.72, "Total Cost": 2735308.78, "Plan Rows": 25, "Plan Width": 50, "Actual Startup Time": 25452.815, "Actual Total Time": 25452.817, "Actual Rows": 5, "Actual Loops": 1, "Sort Key": ["(sum((lineitem.l_extendedprice * (1::double precision - lineitem.l_discount)))) DESC"], "Sort Method": "quicksort", "Sort Space Used": 25, "Sort Space Type": "Memory", "Plans": [{"Node Type": "Aggregate", "Strategy": "Hashed", "Parent Relationship": "Outer", "Startup Cost": 2735307.89, "Total Cost": 2735308.14, "Plan Rows": 25, "Plan Width": 50, "Actual Startup Time": 25452.687, "Actual Total Time": 25452.699, "Actual Rows": 5, "Actual Loops": 1, "Group By Key": ["nation.n_name"], "Plans": [{"Node Type": "Nested Loop", "Parent Relationship": "Outer", "Join Type": "Inner", "Startup Cost": 0.0, "Total Cost": 2735213.99, "Plan Rows": 9390, "Plan Width": 42, "Actual Startup Time": 0.333, "Actual Total Time": 25355.857, "Actual Rows": 72985, "Actual Loops": 1, "Inner Unique": true, "Join Filter": "(customer.c_nationkey = supplier.s_nationkey)", "Rows Removed by Join Filter": 1742237, "Plans": [{"Node Type": "Nested Loop", "Parent Relationship": "Outer", "Join Type": "Inner", "Startup Cost": 0.0, "Total Cost": 1692429.4, "Plan Rows": 3688948, "Plan Width": 58, "Actual Startup Time": 0.191, "Actual Total Time": 15967.827, "Actual Rows": 1815222, "Actual Loops": 1, "Inner Unique": false, "Plans": [{"Node Type": "Nested Loop", "Parent Relationship": "Outer", "Join Type": "Inner", "Startup Cost": 0.0, "Total Cost": 416634.99, "Plan Rows": 406290, "Plan Width": 42, "Actual Startup Time": 0.173, "Actual Total Time": 9861.573, "Actual Rows": 454183, "Actual Loops": 1, "Inner Unique": false, "Plans": [{"Node Type": "Nested Loop", "Parent Relationship": "Outer", "Join Type": "Inner", "Startup Cost": 0.0, "Total Cost": 41526.19, "Plan Rows": 300000, "Plan Width": 42, "Actual Startup Time": 0.096, "Actual Total Time": 552.728, "Actual Rows": 299838, "Actual Loops": 1, "Inner Unique": false, "Plans": [{"Node Type": "Nested Loop", "Parent Relationship": "Outer", "Join Type": "Inner", "Startup Cost": 0.0, "Total Cost": 14.06, "Plan Rows": 5, "Plan Width": 30, "Actual Startup Time": 0.052, "Actual Total Time": 0.24, "Actual Rows": 5, "Actual Loops": 1, "Inner Unique": true, "Join Filter": "(nation.n_regionkey = region.r_regionkey)", "Rows Removed by Join Filter": 20, "Plans": [{"Node Type": "Index Scan", "Parent Relationship": "Outer", "Scan Direction": "Forward", "Index Name": "nation_pkey", "Relation Name": "nation", "Alias": "nation", "Startup Cost": 0.0, "Total Cost": 12.62, "Plan Rows": 25, "Plan Width": 34, "Actual Startup Time": 0.019, "Actual Total Time": 0.141, "Actual Rows": 25, "Actual Loops": 1}, {"Node Type": "Materialize", "Parent Relationship": "Inner", "Startup Cost": 0.0, "Total Cost": 1.07, "Plan Rows": 1, "Plan Width": 4, "Actual Startup Time": 0.031, "Actual Total Time": 0.037, "Actual Rows": 25, "Actual Loops": 25, "Plans": [{"Node Type": "Seq Scan", "Parent Relationship": "Outer", "Relation Name": "region", "Alias": "region", "Startup Cost": 0.0, "Total Cost": 1.06, "Plan Rows": 1, "Plan Width": 4, "Actual Startup Time": 0.015, "Actual Total Time": 0.017, "Actual Rows": 1, "Actual Loops": 1, "Filter": "(r_name = 'MIDDLE EAST'::bpchar)", "Rows Removed by Filter": 4}]}]}, {"Node Type": "Index Scan", "Parent Relationship": "Inner", "Scan Direction": "Forward", "Index Name": "idx_customer_nationkey", "Relation Name": "customer", "Alias": "customer", "Startup Cost": 0.0, "Total Cost": 7702.43, "Plan Rows": 60000, "Plan Width": 12, "Actual Startup Time": 0.204, "Actual Total Time": 463.1, "Actual Rows": 299838, "Actual Loops": 5, "Index Cond": "(c_nationkey = nation.n_nationkey)", "Rows Removed by Index Recheck": 0}]}, {"Node Type": "Index Scan", "Parent Relationship": "Inner", "Scan Direction": "Forward", "Index Name": "idx_orders_custkey", "Relation Name": "orders", "Alias": "orders", "Startup Cost": 0.0, "Total Cost": 1.24, "Plan Rows": 1, "Plan Width": 16, "Actual Startup Time": 4237.666, "Actual Total Time": 9029.198, "Actual Rows": 454183, "Actual Loops": 299838, "Index Cond": "(o_custkey = customer.c_custkey)", "Rows Removed by Index Recheck": 0, "Filter": "((o_orderdate >= '1994-01-01 00:00:00'::timestamp(0) without time zone) AND (o_orderdate < '1995-01-01 00:00:00'::timestamp without time zone))", "Rows Removed by Filter": 2542535}]}, {"Node Type": "Index Scan", "Parent Relationship": "Inner", "Scan Direction": "Forward", "Index Name": "idx_lineitem_orderkey", "Relation Name": "lineitem", "Alias": "lineitem", "Startup Cost": 0.0, "Total Cost": 3.05, "Plan Rows": 9, "Plan Width": 32, "Actual Startup Time": 4453.028, "Actual Total Time": 5420.241, "Actual Rows": 1815222, "Actual Loops": 454183, "Index Cond": "(l_orderkey = orders.o_orderkey)", "Rows Removed by Index Recheck": 0}]}, {"Node Type": "Index Scan", "Parent Relationship": "Inner", "Scan Direction": "Forward", "Index Name": "supplier_pkey", "Relation Name": "supplier", "Alias": "supplier", "Startup Cost": 0.0, "Total Cost": 0.27, "Plan Rows": 1, "Plan Width": 12, "Actual Startup Time": 7367.84, "Actual Total Time": 7969.354, "Actual Rows": 1815222, "Actual Loops": 1815222, "Index Cond": "(s_suppkey = lineitem.l_suppkey)", "Rows Removed by Index Recheck": 0}]}]}]}, "Triggers": [], "Planner Runtime": 2.8, "Total Runtime": 25453.194, "Unique SQL Id": 1392561963}}, "(16, 61)": {"explain_plan": {"Plan": {"Node Type": "Sort", "Startup Cost": 2735319.99, "Total Cost": 2735320.05, "Plan Rows": 25, "Plan Width": 50, "Sort Key": ["(sum((lineitem.l_extendedprice * (1::double precision - lineitem.l_discount)))) DESC"], "Plans": [{"Node Type": "Aggregate", "Strategy": "Hashed", "Parent Relationship": "Outer", "Startup Cost": 2735319.16, "Total Cost": 2735319.41, "Plan Rows": 25, "Plan Width": 50, "Group By Key": ["nation.n_name"], "Plans": [{"Node Type": "Nested Loop", "Parent Relationship": "Outer", "Join Type": "Inner", "Startup Cost": 0.0, "Total Cost": 2735225.26, "Plan Rows": 9390, "Plan Width": 42, "Inner Unique": true, "Join Filter": "(customer.c_nationkey = supplier.s_nationkey)", "Plans": [{"Node Type": "Nested Loop", "Parent Relationship": "Outer", "Join Type": "Inner", "Startup Cost": 0.0, "Total Cost": 1692440.68, "Plan Rows": 3688948, "Plan Width": 58, "Inner Unique": false, "Plans": [{"Node Type": "Nested Loop", "Parent Relationship": "Outer", "Join Type": "Inner", "Startup Cost": 0.0, "Total Cost": 416646.27, "Plan Rows": 406290, "Plan Width": 42, "Inner Unique": false, "Plans": [{"Node Type": "Nested Loop", "Parent Relationship": "Outer", "Join Type": "Inner", "Startup Cost": 0.0, "Total Cost": 41537.47, "Plan Rows": 300000, "Plan Width": 42, "Inner Unique": false, "Plans": [{"Node Type": "Nested Loop", "Parent Relationship": "Outer", "Join Type": "Inner", "Startup Cost": 0.0, "Total Cost": 25.34, "Plan Rows": 5, "Plan Width": 30, "Inner Unique": true, "Join Filter": "(nation.n_regionkey = region.r_regionkey)", "Plans": [{"Node Type": "Index Scan", "Parent Relationship": "Outer", "Scan Direction": "Forward", "Index Name": "nation_pkey", "Relation Name": "nation", "Alias": "nation", "Startup Cost": 0.0, "Total Cost": 12.62, "Plan Rows": 25, "Plan Width": 34}, {"Node Type": "Materialize", "Parent Relationship": "Inner", "Startup Cost": 0.0, "Total Cost": 12.34, "Plan Rows": 1, "Plan Width": 4, "Plans": [{"Node Type": "Index Scan", "Parent Relationship": "Outer", "Scan Direction": "Forward", "Index Name": "region_pkey", "Relation Name": "region", "Alias": "region", "Startup Cost": 0.0, "Total Cost": 12.34, "Plan Rows": 1, "Plan Width": 4, "Filter": "(r_name = 'MIDDLE EAST'::bpchar)"}]}]}, {"Node Type": "Index Scan", "Parent Relationship": "Inner", "Scan Direction": "Forward", "Index Name": "idx_customer_nationkey", "Relation Name": "customer", "Alias": "customer", "Startup Cost": 0.0, "Total Cost": 7702.43, "Plan Rows": 60000, "Plan Width": 12, "Index Cond": "(c_nationkey = nation.n_nationkey)"}]}, {"Node Type": "Index Scan", "Parent Relationship": "Inner", "Scan Direction": "Forward", "Index Name": "idx_orders_custkey", "Relation Name": "orders", "Alias": "orders", "Startup Cost": 0.0, "Total Cost": 1.24, "Plan Rows": 1, "Plan Width": 16, "Index Cond": "(o_custkey = customer.c_custkey)", "Filter": "((o_orderdate >= '1994-01-01 00:00:00'::timestamp(0) without time zone) AND (o_orderdate < '1995-01-01 00:00:00'::timestamp without time zone))"}]}, {"Node Type": "Index Scan", "Parent Relationship": "Inner", "Scan Direction": "Forward", "Index Name": "idx_lineitem_orderkey", "Relation Name": "lineitem", "Alias": "lineitem", "Startup Cost": 0.0, "Total Cost": 3.05, "Plan Rows": 9, "Plan Width": 32, "Index Cond": "(l_orderkey = orders.o_orderkey)"}]}, {"Node Type": "Index Scan", "Parent Relationship": "Inner", "Scan Direction": "Forward", "Index Name": "supplier_pkey", "Relation Name": "supplier", "Alias": "supplier", "Startup Cost": 0.0, "Total Cost": 0.27, "Plan Rows": 1, "Plan Width": 12, "Index Cond": "(s_suppkey = lineitem.l_suppkey)"}]}]}]}, "Unique SQL Id": 1392561963}, "explain_analyze_plan": {"Plan": {"Node Type": "Sort", "Startup Cost": 2735319.99, "Total Cost": 2735320.05, "Plan Rows": 25, "Plan Width": 50, "Actual Startup Time": 25206.113, "Actual Total Time": 25206.114, "Actual Rows": 5, "Actual Loops": 1, "Sort Key": ["(sum((lineitem.l_extendedprice * (1::double precision - lineitem.l_discount)))) DESC"], "Sort Method": "quicksort", "Sort Space Used": 25, "Sort Space Type": "Memory", "Plans": [{"Node Type": "Aggregate", "Strategy": "Hashed", "Parent Relationship": "Outer", "Startup Cost": 2735319.16, "Total Cost": 2735319.41, "Plan Rows": 25, "Plan Width": 50, "Actual Startup Time": 25206.07, "Actual Total Time": 25206.072, "Actual Rows": 5, "Actual Loops": 1, "Group By Key": ["nation.n_name"], "Plans": [{"Node Type": "Nested Loop", "Parent Relationship": "Outer", "Join Type": "Inner", "Startup Cost": 0.0, "Total Cost": 2735225.26, "Plan Rows": 9390, "Plan Width": 42, "Actual Startup Time": 0.321, "Actual Total Time": 25106.684, "Actual Rows": 72985, "Actual Loops": 1, "Inner Unique": true, "Join Filter": "(customer.c_nationkey = supplier.s_nationkey)", "Rows Removed by Join Filter": 1742237, "Plans": [{"Node Type": "Nested Loop", "Parent Relationship": "Outer", "Join Type": "Inner", "Startup Cost": 0.0, "Total Cost": 1692440.68, "Plan Rows": 3688948, "Plan Width": 58, "Actual Startup Time": 0.183, "Actual Total Time": 15739.084, "Actual Rows": 1815222, "Actual Loops": 1, "Inner Unique": false, "Plans": [{"Node Type": "Nested Loop", "Parent Relationship": "Outer", "Join Type": "Inner", "Startup Cost": 0.0, "Total Cost": 416646.27, "Plan Rows": 406290, "Plan Width": 42, "Actual Startup Time": 0.162, "Actual Total Time": 9644.613, "Actual Rows": 454183, "Actual Loops": 1, "Inner Unique": false, "Plans": [{"Node Type": "Nested Loop", "Parent Relationship": "Outer", "Join Type": "Inner", "Startup Cost": 0.0, "Total Cost": 41537.47, "Plan Rows": 300000, "Plan Width": 42, "Actual Startup Time": 0.098, "Actual Total Time": 551.789, "Actual Rows": 299838, "Actual Loops": 1, "Inner Unique": false, "Plans": [{"Node Type": "Nested Loop", "Parent Relationship": "Outer", "Join Type": "Inner", "Startup Cost": 0.0, "Total Cost": 25.34, "Plan Rows": 5, "Plan Width": 30, "Actual Startup Time": 0.064, "Actual Total Time": 0.284, "Actual Rows": 5, "Actual Loops": 1, "Inner Unique": true, "Join Filter": "(nation.n_regionkey = region.r_regionkey)", "Rows Removed by Join Filter": 20, "Plans": [{"Node Type": "Index Scan", "Parent Relationship": "Outer", "Scan Direction": "Forward", "Index Name": "nation_pkey", "Relation Name": "nation", "Alias": "nation", "Startup Cost": 0.0, "Total Cost": 12.62, "Plan Rows": 25, "Plan Width": 34, "Actual Startup Time": 0.028, "Actual Total Time": 0.186, "Actual Rows": 25, "Actual Loops": 1}, {"Node Type": "Materialize", "Parent Relationship": "Inner", "Startup Cost": 0.0, "Total Cost": 12.34, "Plan Rows": 1, "Plan Width": 4, "Actual Startup Time": 0.034, "Actual Total Time": 0.038, "Actual Rows": 25, "Actual Loops": 25, "Plans": [{"Node Type": "Index Scan", "Parent Relationship": "Outer", "Scan Direction": "Forward", "Index Name": "region_pkey", "Relation Name": "region", "Alias": "region", "Startup Cost": 0.0, "Total Cost": 12.34, "Plan Rows": 1, "Plan Width": 4, "Actual Startup Time": 0.018, "Actual Total Time": 0.02, "Actual Rows": 1, "Actual Loops": 1, "Filter": "(r_name = 'MIDDLE EAST'::bpchar)", "Rows Removed by Filter": 4}]}]}, {"Node Type": "Index Scan", "Parent Relationship": "Inner", "Scan Direction": "Forward", "Index Name": "idx_customer_nationkey", "Relation Name": "customer", "Alias": "customer", "Startup Cost": 0.0, "Total Cost": 7702.43, "Plan Rows": 60000, "Plan Width": 12, "Actual Startup Time": 0.163, "Actual Total Time": 463.003, "Actual Rows": 299838, "Actual Loops": 5, "Index Cond": "(c_nationkey = nation.n_nationkey)", "Rows Removed by Index Recheck": 0}]}, {"Node Type": "Index Scan", "Parent Relationship": "Inner", "Scan Direction": "Forward", "Index Name": "idx_orders_custkey", "Relation Name": "orders", "Alias": "orders", "Startup Cost": 0.0, "Total Cost": 1.24, "Plan Rows": 1, "Plan Width": 16, "Actual Startup Time": 4177.284, "Actual Total Time": 8819.633, "Actual Rows": 454183, "Actual Loops": 299838, "Index Cond": "(o_custkey = customer.c_custkey)", "Rows Removed by Index Recheck": 0, "Filter": "((o_orderdate >= '1994-01-01 00:00:00'::timestamp(0) without time zone) AND (o_orderdate < '1995-01-01 00:00:00'::timestamp without time zone))", "Rows Removed by Filter": 2542535}]}, {"Node Type": "Index Scan", "Parent Relationship": "Inner", "Scan Direction": "Forward", "Index Name": "idx_lineitem_orderkey", "Relation Name": "lineitem", "Alias": "lineitem", "Startup Cost": 0.0, "Total Cost": 3.05, "Plan Rows": 9, "Plan Width": 32, "Actual Startup Time": 4440.991, "Actual Total Time": 5420.279, "Actual Rows": 1815222, "Actual Loops": 454183, "Index Cond": "(l_orderkey = orders.o_orderkey)", "Rows Removed by Index Recheck": 0}]}, {"Node Type": "Index Scan", "Parent Relationship": "Inner", "Scan Direction": "Forward", "Index Name": "supplier_pkey", "Relation Name": "supplier", "Alias": "supplier", "Startup Cost": 0.0, "Total Cost": 0.27, "Plan Rows": 1, "Plan Width": 12, "Actual Startup Time": 7341.252, "Actual Total Time": 7946.032, "Actual Rows": 1815222, "Actual Loops": 1815222, "Index Cond": "(s_suppkey = lineitem.l_suppkey)", "Rows Removed by Index Recheck": 0}]}]}]}, "Triggers": [], "Planner Runtime": 2.481, "Total Runtime": 25206.449, "Unique SQL Id": 1392561963}}, "(16, 62)": {"explain_plan": {"Plan": {"Node Type": "Sort", "Startup Cost": 51053787992.55, "Total Cost": 51053787992.61, "Plan Rows": 25, "Plan Width": 50, "Sort Key": ["(sum((lineitem.l_extendedprice * (1::double precision - lineitem.l_discount)))) DESC"], "Plans": [{"Node Type": "Aggregate", "Strategy": "Hashed", "Parent Relationship": "Outer", "Startup Cost": 51053787991.72, "Total Cost": 51053787991.97, "Plan Rows": 25, "Plan Width": 50, "Group By Key": ["nation.n_name"], "Plans": [{"Node Type": "Nested Loop", "Parent Relationship": "Outer", "Join Type": "Inner", "Startup Cost": 441.06, "Total Cost": 51053787897.82, "Plan Rows": 9390, "Plan Width": 42, "Inner Unique": false, "Join Filter": "((orders.o_custkey = customer.c_custkey) AND (supplier.s_nationkey = customer.c_nationkey))", "Plans": [{"Node Type": "Seq Scan", "Parent Relationship": "Outer", "Relation Name": "customer", "Alias": "customer", "Startup Cost": 0.0, "Total Cost": 52126.0, "Plan Rows": 1500000, "Plan Width": 12}, {"Node Type": "Materialize", "Parent Relationship": "Inner", "Startup Cost": 441.06, "Total Cost": 44131637681.06, "Plan Rows": 263699, "Plan Width": 58, "Plans": [{"Node Type": "Nested Loop", "Parent Relationship": "Outer", "Join Type": "Inner", "Startup Cost": 441.06, "Total Cost": 44131636362.57, "Plan Rows": 263699, "Plan Width": 58, "Inner Unique": false, "Join Filter": "(lineitem.l_orderkey = orders.o_orderkey), (LLVM Optimized)", "Plans": [{"Node Type": "Seq Scan", "Parent Relationship": "Outer", "Relation Name": "orders", "Alias": "orders", "Startup Cost": 441.06, "Total Cost": 501411.18, "Plan Rows": 2281758, "Plan Width": 16, "Filter": "((o_orderdate >= '1994-01-01 00:00:00'::timestamp(0) without time zone) AND (o_orderdate < '1995-01-01 00:00:00'::timestamp without time zone)), (LLVM Optimized)"}, {"Node Type": "Materialize", "Parent Relationship": "Inner", "Startup Cost": 0.0, "Total Cost": 17998139668.64, "Plan Rows": 763534, "Plan Width": 58, "Plans": [{"Node Type": "Nested Loop", "Parent Relationship": "Outer", "Join Type": "Inner", "Startup Cost": 0.0, "Total Cost": 17998135850.97, "Plan Rows": 763534, "Plan Width": 58, "Inner Unique": false, "Join Filter": "(supplier.s_suppkey = lineitem.l_suppkey), (LLVM Optimized)", "Plans": [{"Node Type": "Seq Scan", "Parent Relationship": "Outer", "Relation Name": "lineitem", "Alias": "lineitem", "Startup Cost": 0.0, "Total Cost": 2015115.33, "Plan Rows": 59987033, "Plan Width": 32}, {"Node Type": "Materialize", "Parent Relationship": "Inner", "Startup Cost": 0.0, "Total Cost": 10885.64, "Plan Rows": 20000, "Plan Width": 42, "Plans": [{"Node Type": "Nested Loop", "Parent Relationship": "Outer", "Join Type": "Inner", "Startup Cost": 0.0, "Total Cost": 10785.64, "Plan Rows": 20000, "Plan Width": 42, "Inner Unique": false, "Join Filter": "(nation.n_nationkey = supplier.s_nationkey)", "Plans": [{"Node Type": "Seq Scan", "Parent Relationship": "Outer", "Relation Name": "supplier", "Alias": "supplier", "Startup Cost": 0.0, "Total Cost": 3283.0, "Plan Rows": 100000, "Plan Width": 12}, {"Node Type": "Materialize", "Parent Relationship": "Inner", "Startup Cost": 0.0, "Total Cost": 2.65, "Plan Rows": 5, "Plan Width": 30, "Plans": [{"Node Type": "Nested Loop", "Parent Relationship": "Outer", "Join Type": "Inner", "Startup Cost": 0.0, "Total Cost": 2.62, "Plan Rows": 5, "Plan Width": 30, "Inner Unique": false, "Join Filter": "(nation.n_regionkey = region.r_regionkey)", "Plans": [{"Node Type": "Seq Scan", "Parent Relationship": "Outer", "Relation Name": "region", "Alias": "region", "Startup Cost": 0.0, "Total Cost": 1.06, "Plan Rows": 1, "Plan Width": 4, "Filter": "(r_name = 'MIDDLE EAST'::bpchar)"}, {"Node Type": "Seq Scan", "Parent Relationship": "Inner", "Relation Name": "nation", "Alias": "nation", "Startup Cost": 0.0, "Total Cost": 1.25, "Plan Rows": 25, "Plan Width": 34}]}]}]}]}]}]}]}]}]}]}]}, "Unique SQL Id": 1392561963}, "explain_analyze_plan": null}, "(16, 63)": {"explain_plan": {"Plan": {"Node Type": "Sort", "Startup Cost": 6051464595461.66, "Total Cost": 6051464595461.73, "Plan Rows": 25, "Plan Width": 50, "Sort Key": ["(sum((lineitem.l_extendedprice * (1::double precision - lineitem.l_discount)))) DESC"], "Plans": [{"Node Type": "Aggregate", "Strategy": "Hashed", "Parent Relationship": "Outer", "Startup Cost": 6051464595460.83, "Total Cost": 6051464595461.08, "Plan Rows": 25, "Plan Width": 50, "Group By Key": ["nation.n_name"], "Plans": [{"Node Type": "Nested Loop", "Parent Relationship": "Outer", "Join Type": "Inner", "Startup Cost": 60000000000.0, "Total Cost": 6051464595366.93, "Plan Rows": 9390, "Plan Width": 42, "Inner Unique": false, "Join Filter": "((orders.o_custkey = customer.c_custkey) AND (supplier.s_nationkey = customer.c_nationkey))", "Plans": [{"Node Type": "Index Scan", "Parent Relationship": "Outer", "Scan Direction": "Forward", "Index Name": "customer_pkey", "Relation Name": "customer", "Alias": "customer", "Startup Cost": 10000000000.0, "Total Cost": 1000008076535.62, "Plan Rows": 1500000, "Plan Width": 12}, {"Node Type": "Materialize", "Parent Relationship": "Inner", "Startup Cost": 50000000000.0, "Total Cost": 5044534420740.56, "Plan Rows": 263699, "Plan Width": 58, "Plans": [{"Node Type": "Nested Loop", "Parent Relationship": "Outer", "Join Type": "Inner", "Startup Cost": 50000000000.0, "Total Cost": 5044534419422.06, "Plan Rows": 263699, "Plan Width": 58, "Inner Unique": true, "Join Filter": "(lineitem.l_orderkey = orders.o_orderkey), (LLVM Optimized)", "Plans": [{"Node Type": "Nested Loop", "Parent Relationship": "Outer", "Join Type": "Inner", "Startup Cost": 40000000000.0, "Total Cost": 4018320818943.09, "Plan Rows": 763534, "Plan Width": 58, "Inner Unique": false, "Join Filter": "(supplier.s_suppkey = lineitem.l_suppkey), (LLVM Optimized)", "Plans": [{"Node Type": "Nested Loop", "Parent Relationship": "Outer", "Join Type": "Inner", "Startup Cost": 30000000000.0, "Total Cost": 3000000543701.01, "Plan Rows": 20000, "Plan Width": 42, "Inner Unique": false, "Join Filter": "(nation.n_nationkey = supplier.s_nationkey)", "Plans": [{"Node Type": "Nested Loop", "Parent Relationship": "Outer", "Join Type": "Inner", "Startup Cost": 20000000000.0, "Total Cost": 2000000002496.63, "Plan Rows": 5, "Plan Width": 30, "Inner Unique": true, "Join Filter": "(nation.n_regionkey = region.r_regionkey)", "Plans": [{"Node Type": "Index Scan", "Parent Relationship": "Outer", "Scan Direction": "Forward", "Index Name": "nation_pkey", "Relation Name": "nation", "Alias": "nation", "Startup Cost": 10000000000.0, "Total Cost": 1000000001262.5, "Plan Rows": 25, "Plan Width": 34}, {"Node Type": "Materialize", "Parent Relationship": "Inner", "Startup Cost": 10000000000.0, "Total Cost": 1000000001233.76, "Plan Rows": 1, "Plan Width": 4, "Plans": [{"Node Type": "Index Scan", "Parent Relationship": "Outer", "Scan Direction": "Forward", "Index Name": "region_pkey", "Relation Name": "region", "Alias": "region", "Startup Cost": 10000000000.0, "Total Cost": 1000000001233.75, "Plan Rows": 1, "Plan Width": 4, "Filter": "(r_name = 'MIDDLE EAST'::bpchar)"}]}]}, {"Node Type": "Materialize", "Parent Relationship": "Inner", "Startup Cost": 10000000000.0, "Total Cost": 1000000533954.38, "Plan Rows": 100000, "Plan Width": 12, "Plans": [{"Node Type": "Index Scan", "Parent Relationship": "Outer", "Scan Direction": "Forward", "Index Name": "supplier_pkey", "Relation Name": "supplier", "Alias": "supplier", "Startup Cost": 10000000000.0, "Total Cost": 1000000533454.38, "Plan Rows": 100000, "Plan Width": 12}]}]}, {"Node Type": "Materialize", "Parent Relationship": "Inner", "Startup Cost": 10000000000.0, "Total Cost": 1000324315309.67, "Plan Rows": 59987033, "Plan Width": 32, "Plans": [{"Node Type": "Index Scan", "Parent Relationship": "Outer", "Scan Direction": "Forward", "Index Name": "idx_lineitem_orderkey", "Relation Name": "lineitem", "Alias": "lineitem", "Startup Cost": 10000000000.0, "Total Cost": 1000324015374.5, "Plan Rows": 59987033, "Plan Width": 32}]}]}, {"Node Type": "Materialize", "Parent Relationship": "Inner", "Startup Cost": 10000000000.0, "Total Cost": 1000080608991.79, "Plan Rows": 2281758, "Plan Width": 16, "Plans": [{"Node Type": "Index Scan", "Parent Relationship": "Outer", "Scan Direction": "Forward", "Index Name": "orders_pkey", "Relation Name": "orders", "Alias": "orders", "Startup Cost": 10000000000.0, "Total Cost": 1000080597583.0, "Plan Rows": 2281758, "Plan Width": 16, "Filter": "((o_orderdate >= '1994-01-01 00:00:00'::timestamp(0) without time zone) AND (o_orderdate < '1995-01-01 00:00:00'::timestamp without time zone)), (LLVM Optimized)"}]}]}]}]}]}]}, "Unique SQL Id": 1392561963}, "explain_analyze_plan": null}, "(16, 64)": {"explain_plan": {"Plan": {"Node Type": "Sort", "Startup Cost": 1720736.05, "Total Cost": 1720736.11, "Plan Rows": 25, "Plan Width": 50, "Sort Key": ["(sum((lineitem.l_extendedprice * (1::double precision - lineitem.l_discount)))) DESC"], "Plans": [{"Node Type": "Aggregate", "Strategy": "Hashed", "Parent Relationship": "Outer", "Startup Cost": 1720735.22, "Total Cost": 1720735.47, "Plan Rows": 25, "Plan Width": 50, "Group By Key": ["nation.n_name"], "Plans": [{"Node Type": "Hash Join", "Parent Relationship": "Outer", "Join Type": "Inner", "Startup Cost": 5813.37, "Total Cost": 1720641.32, "Plan Rows": 9390, "Plan Width": 42, "Inner Unique": true, "Hash Cond": "((lineitem.l_suppkey = supplier.s_suppkey) AND (customer.c_nationkey = supplier.s_nationkey))", "Plans": [{"Node Type": "Nested Loop", "Parent Relationship": "Outer", "Join Type": "Inner", "Startup Cost": 1030.37, "Total Cost": 1688097.31, "Plan Rows": 3688948, "Plan Width": 58, "Inner Unique": false, "Plans": [{"Node Type": "Nested Loop", "Parent Relationship": "Outer", "Join Type": "Inner", "Startup Cost": 1030.37, "Total Cost": 412302.9, "Plan Rows": 406290, "Plan Width": 42, "Inner Unique": false, "Plans": [{"Node Type": "Nested Loop", "Parent Relationship": "Outer", "Join Type": "Inner", "Startup Cost": 1030.37, "Total Cost": 37194.1, "Plan Rows": 300000, "Plan Width": 42, "Inner Unique": false, "Plans": [{"Node Type": "Nested Loop", "Parent Relationship": "Outer", "Join Type": "Inner", "Startup Cost": 0.0, "Total Cost": 31.69, "Plan Rows": 5, "Plan Width": 30, "Inner Unique": true, "Plans": [{"Node Type": "Index Scan", "Parent Relationship": "Outer", "Scan Direction": "Forward", "Index Name": "nation_pkey", "Relation Name": "nation", "Alias": "nation", "Startup Cost": 0.0, "Total Cost": 12.62, "Plan Rows": 25, "Plan Width": 34}, {"Node Type": "Index Scan", "Parent Relationship": "Inner", "Scan Direction": "Forward", "Index Name": "region_pkey", "Relation Name": "region", "Alias": "region", "Startup Cost": 0.0, "Total Cost": 0.75, "Plan Rows": 1, "Plan Width": 4, "Index Cond": "(r_regionkey = nation.n_regionkey)", "Filter": "(r_name = 'MIDDLE EAST'::bpchar)"}]}, {"Node Type": "Bitmap Heap Scan", "Parent Relationship": "Inner", "Relation Name": "customer", "Alias": "customer", "Startup Cost": 1030.37, "Total Cost": 6832.48, "Plan Rows": 60000, "Plan Width": 12, "Recheck Cond": "(c_nationkey = nation.n_nationkey)", "Plans": [{"Node Type": "Bitmap Index Scan", "Parent Relationship": "Outer", "Index Name": "idx_customer_nationkey", "Startup Cost": 0.0, "Total Cost": 1015.37, "Plan Rows": 60000, "Plan Width": 0, "Index Cond": "(c_nationkey = nation.n_nationkey)"}]}]}, {"Node Type": "Index Scan", "Parent Relationship": "Inner", "Scan Direction": "Forward", "Index Name": "idx_orders_custkey", "Relation Name": "orders", "Alias": "orders", "Startup Cost": 0.0, "Total Cost": 1.24, "Plan Rows": 1, "Plan Width": 16, "Index Cond": "(o_custkey = customer.c_custkey)", "Filter": "((o_orderdate >= '1994-01-01 00:00:00'::timestamp(0) without time zone) AND (o_orderdate < '1995-01-01 00:00:00'::timestamp without time zone))"}]}, {"Node Type": "Index Scan", "Parent Relationship": "Inner", "Scan Direction": "Forward", "Index Name": "idx_lineitem_orderkey", "Relation Name": "lineitem", "Alias": "lineitem", "Startup Cost": 0.0, "Total Cost": 3.05, "Plan Rows": 9, "Plan Width": 32, "Index Cond": "(l_orderkey = orders.o_orderkey)"}]}, {"Node Type": "Hash", "Parent Relationship": "Inner", "Startup Cost": 3283.0, "Total Cost": 3283.0, "Plan Rows": 100000, "Plan Width": 12, "Plans": [{"Node Type": "Seq Scan", "Parent Relationship": "Outer", "Relation Name": "supplier", "Alias": "supplier", "Startup Cost": 0.0, "Total Cost": 3283.0, "Plan Rows": 100000, "Plan Width": 12}]}]}]}]}, "Unique SQL Id": 1392561963}, "explain_analyze_plan": {"Plan": {"Node Type": "Sort", "Startup Cost": 1720736.05, "Total Cost": 1720736.11, "Plan Rows": 25, "Plan Width": 50, "Actual Startup Time": 16782.095, "Actual Total Time": 16782.095, "Actual Rows": 5, "Actual Loops": 1, "Sort Key": ["(sum((lineitem.l_extendedprice * (1::double precision - lineitem.l_discount)))) DESC"], "Sort Method": "quicksort", "Sort Space Used": 25, "Sort Space Type": "Memory", "Plans": [{"Node Type": "Aggregate", "Strategy": "Hashed", "Parent Relationship": "Outer", "Startup Cost": 1720735.22, "Total Cost": 1720735.47, "Plan Rows": 25, "Plan Width": 50, "Actual Startup Time": 16782.067, "Actual Total Time": 16782.069, "Actual Rows": 5, "Actual Loops": 1, "Group By Key": ["nation.n_name"], "Plans": [{"Node Type": "Hash Join", "Parent Relationship": "Outer", "Join Type": "Inner", "Startup Cost": 5813.37, "Total Cost": 1720641.32, "Plan Rows": 9390, "Plan Width": 42, "Actual Startup Time": 85.9, "Actual Total Time": 16697.392, "Actual Rows": 72985, "Actual Loops": 1, "Inner Unique": true, "Hash Cond": "((lineitem.l_suppkey = supplier.s_suppkey) AND (customer.c_nationkey = supplier.s_nationkey))", "Plans": [{"Node Type": "Nested Loop", "Parent Relationship": "Outer", "Join Type": "Inner", "Startup Cost": 1030.37, "Total Cost": 1688097.31, "Plan Rows": 3688948, "Plan Width": 58, "Actual Startup Time": 18.51, "Actual Total Time": 15782.236, "Actual Rows": 1815222, "Actual Loops": 1, "Inner Unique": false, "Plans": [{"Node Type": "Nested Loop", "Parent Relationship": "Outer", "Join Type": "Inner", "Startup Cost": 1030.37, "Total Cost": 412302.9, "Plan Rows": 406290, "Plan Width": 42, "Actual Startup Time": 18.488, "Actual Total Time": 9884.102, "Actual Rows": 454183, "Actual Loops": 1, "Inner Unique": false, "Plans": [{"Node Type": "Nested Loop", "Parent Relationship": "Outer", "Join Type": "Inner", "Startup Cost": 1030.37, "Total Cost": 37194.1, "Plan Rows": 300000, "Plan Width": 42, "Actual Startup Time": 18.409, "Actual Total Time": 678.778, "Actual Rows": 299838, "Actual Loops": 1, "Inner Unique": false, "Plans": [{"Node Type": "Nested Loop", "Parent Relationship": "Outer", "Join Type": "Inner", "Startup Cost": 0.0, "Total Cost": 31.69, "Plan Rows": 5, "Plan Width": 30, "Actual Startup Time": 0.058, "Actual Total Time": 0.194, "Actual Rows": 5, "Actual Loops": 1, "Inner Unique": true, "Plans": [{"Node Type": "Index Scan", "Parent Relationship": "Outer", "Scan Direction": "Forward", "Index Name": "nation_pkey", "Relation Name": "nation", "Alias": "nation", "Startup Cost": 0.0, "Total Cost": 12.62, "Plan Rows": 25, "Plan Width": 34, "Actual Startup Time": 0.021, "Actual Total Time": 0.048, "Actual Rows": 25, "Actual Loops": 1}, {"Node Type": "Index Scan", "Parent Relationship": "Inner", "Scan Direction": "Forward", "Index Name": "region_pkey", "Relation Name": "region", "Alias": "region", "Startup Cost": 0.0, "Total Cost": 0.75, "Plan Rows": 1, "Plan Width": 4, "Actual Startup Time": 0.098, "Actual Total Time": 0.098, "Actual Rows": 5, "Actual Loops": 25, "Index Cond": "(r_regionkey = nation.n_regionkey)", "Rows Removed by Index Recheck": 0, "Filter": "(r_name = 'MIDDLE EAST'::bpchar)", "Rows Removed by Filter": 20}]}, {"Node Type": "Bitmap Heap Scan", "Parent Relationship": "Inner", "Relation Name": "customer", "Alias": "customer", "Startup Cost": 1030.37, "Total Cost": 6832.48, "Plan Rows": 60000, "Plan Width": 12, "Actual Startup Time": 95.268, "Actual Total Time": 601.366, "Actual Rows": 299838, "Actual Loops": 5, "Recheck Cond": "(c_nationkey = nation.n_nationkey)", "Rows Removed by Index Recheck": 0, "Exact Heap Blocks": 150033, "Lossy Heap Blocks": 150033, "Plans": [{"Node Type": "Bitmap Index Scan", "Parent Relationship": "Outer", "Index Name": "idx_customer_nationkey", "Startup Cost": 0.0, "Total Cost": 1015.37, "Plan Rows": 60000, "Plan Width": 0, "Actual Startup Time": 61.475, "Actual Total Time": 61.475, "Actual Rows": 299838, "Actual Loops": 5, "Index Cond": "(c_nationkey = nation.n_nationkey)"}]}]}, {"Node Type": "Index Scan", "Parent Relationship": "Inner", "Scan Direction": "Forward", "Index Name": "idx_orders_custkey", "Relation Name": "orders", "Alias": "orders", "Startup Cost": 0.0, "Total Cost": 1.24, "Plan Rows": 1, "Plan Width": 16, "Actual Startup Time": 4187.573, "Actual Total Time": 8943.452, "Actual Rows": 454183, "Actual Loops": 299838, "Index Cond": "(o_custkey = customer.c_custkey)", "Rows Removed by Index Recheck": 0, "Filter": "((o_orderdate >= '1994-01-01 00:00:00'::timestamp(0) without time zone) AND (o_orderdate < '1995-01-01 00:00:00'::timestamp without time zone))", "Rows Removed by Filter": 2542535}]}, {"Node Type": "Index Scan", "Parent Relationship": "Inner", "Scan Direction": "Forward", "Index Name": "idx_lineitem_orderkey", "Relation Name": "lineitem", "Alias": "lineitem", "Startup Cost": 0.0, "Total Cost": 3.05, "Plan Rows": 9, "Plan Width": 32, "Actual Startup Time": 4302.23, "Actual Total Time": 5257.226, "Actual Rows": 1815222, "Actual Loops": 454183, "Index Cond": "(l_orderkey = orders.o_orderkey)", "Rows Removed by Index Recheck": 0}]}, {"Node Type": "Hash", "Parent Relationship": "Inner", "Startup Cost": 3283.0, "Total Cost": 3283.0, "Plan Rows": 100000, "Plan Width": 12, "Actual Startup Time": 67.148, "Actual Total Time": 67.148, "Actual Rows": 100000, "Actual Loops": 1, "Hash Buckets": 131072, "Hash Batches": 1, "Original Hash Batches": 1, "Peak Memory Usage": 4297, "Plans": [{"Node Type": "Seq Scan", "Parent Relationship": "Outer", "Relation Name": "supplier", "Alias": "supplier", "Startup Cost": 0.0, "Total Cost": 3283.0, "Plan Rows": 100000, "Plan Width": 12, "Actual Startup Time": 0.02, "Actual Total Time": 36.415, "Actual Rows": 100000, "Actual Loops": 1}]}]}]}]}, "Triggers": [], "Planner Runtime": 9.838, "Total Runtime": 16782.663, "Unique SQL Id": 1392561963}}, "(16, 65)": {"explain_plan": {"Plan": {"Node Type": "Sort", "Startup Cost": 1722800.67, "Total Cost": 1722800.73, "Plan Rows": 25, "Plan Width": 50, "Sort Key": ["(sum((lineitem.l_extendedprice * (1::double precision - lineitem.l_discount)))) DESC"], "Plans": [{"Node Type": "Aggregate", "Strategy": "Hashed", "Parent Relationship": "Outer", "Startup Cost": 1722799.84, "Total Cost": 1722800.09, "Plan Rows": 25, "Plan Width": 50, "Group By Key": ["nation.n_name"], "Plans": [{"Node Type": "Hash Join", "Parent Relationship": "Outer", "Join Type": "Inner", "Startup Cost": 7864.91, "Total Cost": 1722705.94, "Plan Rows": 9390, "Plan Width": 42, "Inner Unique": true, "Hash Cond": "((lineitem.l_suppkey = supplier.s_suppkey) AND (customer.c_nationkey = supplier.s_nationkey))", "Plans": [{"Node Type": "Nested Loop", "Parent Relationship": "Outer", "Join Type": "Inner", "Startup Cost": 1030.37, "Total Cost": 1688097.31, "Plan Rows": 3688948, "Plan Width": 58, "Inner Unique": false, "Plans": [{"Node Type": "Nested Loop", "Parent Relationship": "Outer", "Join Type": "Inner", "Startup Cost": 1030.37, "Total Cost": 412302.9, "Plan Rows": 406290, "Plan Width": 42, "Inner Unique": false, "Plans": [{"Node Type": "Nested Loop", "Parent Relationship": "Outer", "Join Type": "Inner", "Startup Cost": 1030.37, "Total Cost": 37194.1, "Plan Rows": 300000, "Plan Width": 42, "Inner Unique": false, "Plans": [{"Node Type": "Nested Loop", "Parent Relationship": "Outer", "Join Type": "Inner", "Startup Cost": 0.0, "Total Cost": 31.69, "Plan Rows": 5, "Plan Width": 30, "Inner Unique": true, "Plans": [{"Node Type": "Index Scan", "Parent Relationship": "Outer", "Scan Direction": "Forward", "Index Name": "nation_pkey", "Relation Name": "nation", "Alias": "nation", "Startup Cost": 0.0, "Total Cost": 12.62, "Plan Rows": 25, "Plan Width": 34}, {"Node Type": "Index Scan", "Parent Relationship": "Inner", "Scan Direction": "Forward", "Index Name": "region_pkey", "Relation Name": "region", "Alias": "region", "Startup Cost": 0.0, "Total Cost": 0.75, "Plan Rows": 1, "Plan Width": 4, "Index Cond": "(r_regionkey = nation.n_regionkey)", "Filter": "(r_name = 'MIDDLE EAST'::bpchar)"}]}, {"Node Type": "Bitmap Heap Scan", "Parent Relationship": "Inner", "Relation Name": "customer", "Alias": "customer", "Startup Cost": 1030.37, "Total Cost": 6832.48, "Plan Rows": 60000, "Plan Width": 12, "Recheck Cond": "(c_nationkey = nation.n_nationkey)", "Plans": [{"Node Type": "Bitmap Index Scan", "Parent Relationship": "Outer", "Index Name": "idx_customer_nationkey", "Startup Cost": 0.0, "Total Cost": 1015.37, "Plan Rows": 60000, "Plan Width": 0, "Index Cond": "(c_nationkey = nation.n_nationkey)"}]}]}, {"Node Type": "Index Scan", "Parent Relationship": "Inner", "Scan Direction": "Forward", "Index Name": "idx_orders_custkey", "Relation Name": "orders", "Alias": "orders", "Startup Cost": 0.0, "Total Cost": 1.24, "Plan Rows": 1, "Plan Width": 16, "Index Cond": "(o_custkey = customer.c_custkey)", "Filter": "((o_orderdate >= '1994-01-01 00:00:00'::timestamp(0) without time zone) AND (o_orderdate < '1995-01-01 00:00:00'::timestamp without time zone))"}]}, {"Node Type": "Index Scan", "Parent Relationship": "Inner", "Scan Direction": "Forward", "Index Name": "idx_lineitem_orderkey", "Relation Name": "lineitem", "Alias": "lineitem", "Startup Cost": 0.0, "Total Cost": 3.05, "Plan Rows": 9, "Plan Width": 32, "Index Cond": "(l_orderkey = orders.o_orderkey)"}]}, {"Node Type": "Hash", "Parent Relationship": "Inner", "Startup Cost": 5334.54, "Total Cost": 5334.54, "Plan Rows": 100000, "Plan Width": 12, "Plans": [{"Node Type": "Index Scan", "Parent Relationship": "Outer", "Scan Direction": "Forward", "Index Name": "supplier_pkey", "Relation Name": "supplier", "Alias": "supplier", "Startup Cost": 0.0, "Total Cost": 5334.54, "Plan Rows": 100000, "Plan Width": 12}]}]}]}]}, "Unique SQL Id": 1392561963}, "explain_analyze_plan": {"Plan": {"Node Type": "Sort", "Startup Cost": 1722800.67, "Total Cost": 1722800.73, "Plan Rows": 25, "Plan Width": 50, "Actual Startup Time": 16591.116, "Actual Total Time": 16591.117, "Actual Rows": 5, "Actual Loops": 1, "Sort Key": ["(sum((lineitem.l_extendedprice * (1::double precision - lineitem.l_discount)))) DESC"], "Sort Method": "quicksort", "Sort Space Used": 25, "Sort Space Type": "Memory", "Plans": [{"Node Type": "Aggregate", "Strategy": "Hashed", "Parent Relationship": "Outer", "Startup Cost": 1722799.84, "Total Cost": 1722800.09, "Plan Rows": 25, "Plan Width": 50, "Actual Startup Time": 16591.08, "Actual Total Time": 16591.083, "Actual Rows": 5, "Actual Loops": 1, "Group By Key": ["nation.n_name"], "Plans": [{"Node Type": "Hash Join", "Parent Relationship": "Outer", "Join Type": "Inner", "Startup Cost": 7864.91, "Total Cost": 1722705.94, "Plan Rows": 9390, "Plan Width": 42, "Actual Startup Time": 127.966, "Actual Total Time": 16509.337, "Actual Rows": 72985, "Actual Loops": 1, "Inner Unique": true, "Hash Cond": "((lineitem.l_suppkey = supplier.s_suppkey) AND (customer.c_nationkey = supplier.s_nationkey))", "Plans": [{"Node Type": "Nested Loop", "Parent Relationship": "Outer", "Join Type": "Inner", "Startup Cost": 1030.37, "Total Cost": 1688097.31, "Plan Rows": 3688948, "Plan Width": 58, "Actual Startup Time": 18.453, "Actual Total Time": 15585.45, "Actual Rows": 1815222, "Actual Loops": 1, "Inner Unique": false, "Plans": [{"Node Type": "Nested Loop", "Parent Relationship": "Outer", "Join Type": "Inner", "Startup Cost": 1030.37, "Total Cost": 412302.9, "Plan Rows": 406290, "Plan Width": 42, "Actual Startup Time": 18.43, "Actual Total Time": 9707.751, "Actual Rows": 454183, "Actual Loops": 1, "Inner Unique": false, "Plans": [{"Node Type": "Nested Loop", "Parent Relationship": "Outer", "Join Type": "Inner", "Startup Cost": 1030.37, "Total Cost": 37194.1, "Plan Rows": 300000, "Plan Width": 42, "Actual Startup Time": 18.345, "Actual Total Time": 667.95, "Actual Rows": 299838, "Actual Loops": 1, "Inner Unique": false, "Plans": [{"Node Type": "Nested Loop", "Parent Relationship": "Outer", "Join Type": "Inner", "Startup Cost": 0.0, "Total Cost": 31.69, "Plan Rows": 5, "Plan Width": 30, "Actual Startup Time": 0.052, "Actual Total Time": 0.337, "Actual Rows": 5, "Actual Loops": 1, "Inner Unique": true, "Plans": [{"Node Type": "Index Scan", "Parent Relationship": "Outer", "Scan Direction": "Forward", "Index Name": "nation_pkey", "Relation Name": "nation", "Alias": "nation", "Startup Cost": 0.0, "Total Cost": 12.62, "Plan Rows": 25, "Plan Width": 34, "Actual Startup Time": 0.017, "Actual Total Time": 0.124, "Actual Rows": 25, "Actual Loops": 1}, {"Node Type": "Index Scan", "Parent Relationship": "Inner", "Scan Direction": "Forward", "Index Name": "region_pkey", "Relation Name": "region", "Alias": "region", "Startup Cost": 0.0, "Total Cost": 0.75, "Plan Rows": 1, "Plan Width": 4, "Actual Startup Time": 0.134, "Actual Total Time": 0.134, "Actual Rows": 5, "Actual Loops": 25, "Index Cond": "(r_regionkey = nation.n_regionkey)", "Rows Removed by Index Recheck": 0, "Filter": "(r_name = 'MIDDLE EAST'::bpchar)", "Rows Removed by Filter": 20}]}, {"Node Type": "Bitmap Heap Scan", "Parent Relationship": "Inner", "Relation Name": "customer", "Alias": "customer", "Startup Cost": 1030.37, "Total Cost": 6832.48, "Plan Rows": 60000, "Plan Width": 12, "Actual Startup Time": 91.756, "Actual Total Time": 593.64, "Actual Rows": 299838, "Actual Loops": 5, "Recheck Cond": "(c_nationkey = nation.n_nationkey)", "Rows Removed by Index Recheck": 0, "Exact Heap Blocks": 150033, "Lossy Heap Blocks": 150033, "Plans": [{"Node Type": "Bitmap Index Scan", "Parent Relationship": "Outer", "Index Name": "idx_customer_nationkey", "Startup Cost": 0.0, "Total Cost": 1015.37, "Plan Rows": 60000, "Plan Width": 0, "Actual Startup Time": 58.589, "Actual Total Time": 58.589, "Actual Rows": 299838, "Actual Loops": 5, "Index Cond": "(c_nationkey = nation.n_nationkey)"}]}]}, {"Node Type": "Index Scan", "Parent Relationship": "Inner", "Scan Direction": "Forward", "Index Name": "idx_orders_custkey", "Relation Name": "orders", "Alias": "orders", "Startup Cost": 0.0, "Total Cost": 1.24, "Plan Rows": 1, "Plan Width": 16, "Actual Startup Time": 4128.243, "Actual Total Time": 8780.036, "Actual Rows": 454183, "Actual Loops": 299838, "Index Cond": "(o_custkey = customer.c_custkey)", "Rows Removed by Index Recheck": 0, "Filter": "((o_orderdate >= '1994-01-01 00:00:00'::timestamp(0) without time zone) AND (o_orderdate < '1995-01-01 00:00:00'::timestamp without time zone))", "Rows Removed by Filter": 2542535}]}, {"Node Type": "Index Scan", "Parent Relationship": "Inner", "Scan Direction": "Forward", "Index Name": "idx_lineitem_orderkey", "Relation Name": "lineitem", "Alias": "lineitem", "Startup Cost": 0.0, "Total Cost": 3.05, "Plan Rows": 9, "Plan Width": 32, "Actual Startup Time": 4262.863, "Actual Total Time": 5223.254, "Actual Rows": 1815222, "Actual Loops": 454183, "Index Cond": "(l_orderkey = orders.o_orderkey)", "Rows Removed by Index Recheck": 0}]}, {"Node Type": "Hash", "Parent Relationship": "Inner", "Startup Cost": 5334.54, "Total Cost": 5334.54, "Plan Rows": 100000, "Plan Width": 12, "Actual Startup Time": 109.243, "Actual Total Time": 109.243, "Actual Rows": 100000, "Actual Loops": 1, "Hash Buckets": 131072, "Hash Batches": 1, "Original Hash Batches": 1, "Peak Memory Usage": 4297, "Plans": [{"Node Type": "Index Scan", "Parent Relationship": "Outer", "Scan Direction": "Forward", "Index Name": "supplier_pkey", "Relation Name": "supplier", "Alias": "supplier", "Startup Cost": 0.0, "Total Cost": 5334.54, "Plan Rows": 100000, "Plan Width": 12, "Actual Startup Time": 0.024, "Actual Total Time": 73.925, "Actual Rows": 100000, "Actual Loops": 1}]}]}]}]}, "Triggers": [], "Planner Runtime": 9.686, "Total Runtime": 16591.56, "Unique SQL Id": 1392561963}}, "(16, 66)": {"explain_plan": {"Plan": {"Node Type": "Sort", "Startup Cost": 2457247.05, "Total Cost": 2457247.11, "Plan Rows": 25, "Plan Width": 50, "Sort Key": ["(sum((lineitem.l_extendedprice * (1::double precision - lineitem.l_discount)))) DESC"], "Plans": [{"Node Type": "Aggregate", "Strategy": "Hashed", "Parent Relationship": "Outer", "Startup Cost": 2457246.22, "Total Cost": 2457246.47, "Plan Rows": 25, "Plan Width": 50, "Group By Key": ["nation.n_name"], "Plans": [{"Node Type": "Hash Join", "Parent Relationship": "Outer", "Join Type": "Inner", "Startup Cost": 104058.84, "Total Cost": 2457152.32, "Plan Rows": 9390, "Plan Width": 42, "Inner Unique": true, "Hash Cond": "((lineitem.l_suppkey = supplier.s_suppkey) AND (customer.c_nationkey = supplier.s_nationkey))", "Plans": [{"Node Type": "Nested Loop", "Parent Relationship": "Outer", "Join Type": "Inner", "Startup Cost": 99275.84, "Total Cost": 2424608.31, "Plan Rows": 3688948, "Plan Width": 58, "Inner Unique": false, "Plans": [{"Node Type": "Hash Join", "Parent Relationship": "Outer", "Join Type": "Inner", "Startup Cost": 99275.12, "Total Cost": 422539.98, "Plan Rows": 406290, "Plan Width": 42, "Inner Unique": false, "Hash Cond": "(orders.o_custkey = customer.c_custkey), (LLVM Optimized)", "Plans": [{"Node Type": "Bitmap Heap Scan", "Parent Relationship": "Outer", "Relation Name": "orders", "Alias": "orders", "Startup Cost": 58360.27, "Total Cost": 369005.64, "Plan Rows": 2281758, "Plan Width": 16, "Recheck Cond": "((o_orderdate >= '1994-01-01 00:00:00'::timestamp(0) without time zone) AND (o_orderdate < '1995-01-01 00:00:00'::timestamp without time zone)), (LLVM Optimized)", "Plans": [{"Node Type": "Bitmap Index Scan", "Parent Relationship": "Outer", "Index Name": "idx_orders_orderdate", "Startup Cost": 0.0, "Total Cost": 57789.83, "Plan Rows": 2281758, "Plan Width": 0, "Index Cond": "((o_orderdate >= '1994-01-01 00:00:00'::timestamp(0) without time zone) AND (o_orderdate < '1995-01-01 00:00:00'::timestamp without time zone))"}]}, {"Node Type": "Hash", "Parent Relationship": "Inner", "Startup Cost": 37164.85, "Total Cost": 37164.85, "Plan Rows": 300000, "Plan Width": 42, "Plans": [{"Node Type": "Nested Loop", "Parent Relationship": "Outer", "Join Type": "Inner", "Startup Cost": 1031.44, "Total Cost": 37164.85, "Plan Rows": 300000, "Plan Width": 42, "Inner Unique": false, "Plans": [{"Node Type": "Hash Join", "Parent Relationship": "Outer", "Join Type": "Inner", "Startup Cost": 1.07, "Total Cost": 2.44, "Plan Rows": 5, "Plan Width": 30, "Inner Unique": true, "Hash Cond": "(nation.n_regionkey = region.r_regionkey)", "Plans": [{"Node Type": "Seq Scan", "Parent Relationship": "Outer", "Relation Name": "nation", "Alias": "nation", "Startup Cost": 0.0, "Total Cost": 1.25, "Plan Rows": 25, "Plan Width": 34}, {"Node Type": "Hash", "Parent Relationship": "Inner", "Startup Cost": 1.06, "Total Cost": 1.06, "Plan Rows": 1, "Plan Width": 4, "Plans": [{"Node Type": "Seq Scan", "Parent Relationship": "Outer", "Relation Name": "region", "Alias": "region", "Startup Cost": 0.0, "Total Cost": 1.06, "Plan Rows": 1, "Plan Width": 4, "Filter": "(r_name = 'MIDDLE EAST'::bpchar)"}]}]}, {"Node Type": "Bitmap Heap Scan", "Parent Relationship": "Inner", "Relation Name": "customer", "Alias": "customer", "Startup Cost": 1030.37, "Total Cost": 6832.48, "Plan Rows": 60000, "Plan Width": 12, "Recheck Cond": "(c_nationkey = nation.n_nationkey)", "Plans": [{"Node Type": "Bitmap Index Scan", "Parent Relationship": "Outer", "Index Name": "idx_customer_nationkey", "Startup Cost": 0.0, "Total Cost": 1015.37, "Plan Rows": 60000, "Plan Width": 0, "Index Cond": "(c_nationkey = nation.n_nationkey)"}]}]}]}]}, {"Node Type": "Bitmap Heap Scan", "Parent Relationship": "Inner", "Relation Name": "lineitem", "Alias": "lineitem", "Startup Cost": 0.73, "Total Cost": 4.84, "Plan Rows": 9, "Plan Width": 32, "Recheck Cond": "(l_orderkey = orders.o_orderkey)", "Plans": [{"Node Type": "Bitmap Index Scan", "Parent Relationship": "Outer", "Index Name": "idx_lineitem_orderkey", "Startup Cost": 0.0, "Total Cost": 0.72, "Plan Rows": 9, "Plan Width": 0, "Index Cond": "(l_orderkey = orders.o_orderkey)"}]}]}, {"Node Type": "Hash", "Parent Relationship": "Inner", "Startup Cost": 3283.0, "Total Cost": 3283.0, "Plan Rows": 100000, "Plan Width": 12, "Plans": [{"Node Type": "Seq Scan", "Parent Relationship": "Outer", "Relation Name": "supplier", "Alias": "supplier", "Startup Cost": 0.0, "Total Cost": 3283.0, "Plan Rows": 100000, "Plan Width": 12}]}]}]}]}, "Unique SQL Id": 1392561963}, "explain_analyze_plan": {"Plan": {"Node Type": "Sort", "Startup Cost": 2457247.05, "Total Cost": 2457247.11, "Plan Rows": 25, "Plan Width": 50, "Actual Startup Time": 10231.164, "Actual Total Time": 10231.165, "Actual Rows": 5, "Actual Loops": 1, "Sort Key": ["(sum((lineitem.l_extendedprice * (1::double precision - lineitem.l_discount)))) DESC"], "Sort Method": "quicksort", "Sort Space Used": 25, "Sort Space Type": "Memory", "Plans": [{"Node Type": "Aggregate", "Strategy": "Hashed", "Parent Relationship": "Outer", "Startup Cost": 2457246.22, "Total Cost": 2457246.47, "Plan Rows": 25, "Plan Width": 50, "Actual Startup Time": 10231.139, "Actual Total Time": 10231.139, "Actual Rows": 5, "Actual Loops": 1, "Group By Key": ["nation.n_name"], "Plans": [{"Node Type": "Hash Join", "Parent Relationship": "Outer", "Join Type": "Inner", "Startup Cost": 104058.84, "Total Cost": 2457152.32, "Plan Rows": 9390, "Plan Width": 42, "Actual Startup Time": 1455.675, "Actual Total Time": 10153.26, "Actual Rows": 72985, "Actual Loops": 1, "Inner Unique": true, "Hash Cond": "((lineitem.l_suppkey = supplier.s_suppkey) AND (customer.c_nationkey = supplier.s_nationkey))", "Plans": [{"Node Type": "Nested Loop", "Parent Relationship": "Outer", "Join Type": "Inner", "Startup Cost": 99275.84, "Total Cost": 2424608.31, "Plan Rows": 3688948, "Plan Width": 58, "Actual Startup Time": 1388.075, "Actual Total Time": 9340.13, "Actual Rows": 1815222, "Actual Loops": 1, "Inner Unique": false, "Plans": [{"Node Type": "Hash Join", "Parent Relationship": "Outer", "Join Type": "Inner", "Startup Cost": 99275.12, "Total Cost": 422539.98, "Plan Rows": 406290, "Plan Width": 42, "Actual Startup Time": 1388.007, "Actual Total Time": 4342.76, "Actual Rows": 454183, "Actual Loops": 1, "Inner Unique": false, "Hash Cond": "(orders.o_custkey = customer.c_custkey), (LLVM Optimized, Jit Execute)", "Plans": [{"Node Type": "Bitmap Heap Scan", "Parent Relationship": "Outer", "Relation Name": "orders", "Alias": "orders", "Startup Cost": 58360.27, "Total Cost": 369005.64, "Plan Rows": 2281758, "Plan Width": 16, "Actual Startup Time": 652.124, "Actual Total Time": 2433.376, "Actual Rows": 2275919, "Actual Loops": 1, "Recheck Cond": "((o_orderdate >= '1994-01-01 00:00:00'::timestamp(0) without time zone) AND (o_orderdate < '1995-01-01 00:00:00'::timestamp without time zone)), (LLVM Optimized, Jit Execute)", "Rows Removed by Index Recheck": 0, "Exact Heap Blocks": 276381, "Lossy Heap Blocks": 276381, "Plans": [{"Node Type": "Bitmap Index Scan", "Parent Relationship": "Outer", "Index Name": "idx_orders_orderdate", "Startup Cost": 0.0, "Total Cost": 57789.83, "Plan Rows": 2281758, "Plan Width": 0, "Actual Startup Time": 563.826, "Actual Total Time": 563.826, "Actual Rows": 2275919, "Actual Loops": 1, "Index Cond": "((o_orderdate >= '1994-01-01 00:00:00'::timestamp(0) without time zone) AND (o_orderdate < '1995-01-01 00:00:00'::timestamp without time zone))"}]}, {"Node Type": "Hash", "Parent Relationship": "Inner", "Startup Cost": 37164.85, "Total Cost": 37164.85, "Plan Rows": 300000, "Plan Width": 42, "Actual Startup Time": 735.466, "Actual Total Time": 735.466, "Actual Rows": 299838, "Actual Loops": 1, "Hash Buckets": 524288, "Hash Batches": 1, "Original Hash Batches": 1, "Peak Memory Usage": 22254, "Plans": [{"Node Type": "Nested Loop", "Parent Relationship": "Outer", "Join Type": "Inner", "Startup Cost": 1031.44, "Total Cost": 37164.85, "Plan Rows": 300000, "Plan Width": 42, "Actual Startup Time": 18.112, "Actual Total Time": 616.312, "Actual Rows": 299838, "Actual Loops": 1, "Inner Unique": false, "Plans": [{"Node Type": "Hash Join", "Parent Relationship": "Outer", "Join Type": "Inner", "Startup Cost": 1.07, "Total Cost": 2.44, "Plan Rows": 5, "Plan Width": 30, "Actual Startup Time": 0.092, "Actual Total Time": 0.166, "Actual Rows": 5, "Actual Loops": 1, "Inner Unique": true, "Hash Cond": "(nation.n_regionkey = region.r_regionkey)", "Plans": [{"Node Type": "Seq Scan", "Parent Relationship": "Outer", "Relation Name": "nation", "Alias": "nation", "Startup Cost": 0.0, "Total Cost": 1.25, "Plan Rows": 25, "Plan Width": 34, "Actual Startup Time": 0.024, "Actual Total Time": 0.046, "Actual Rows": 25, "Actual Loops": 1}, {"Node Type": "Hash", "Parent Relationship": "Inner", "Startup Cost": 1.06, "Total Cost": 1.06, "Plan Rows": 1, "Plan Width": 4, "Actual Startup Time": 0.026, "Actual Total Time": 0.026, "Actual Rows": 1, "Actual Loops": 1, "Hash Buckets": 32768, "Hash Batches": 1, "Original Hash Batches": 1, "Peak Memory Usage": 1, "Plans": [{"Node Type": "Seq Scan", "Parent Relationship": "Outer", "Relation Name": "region", "Alias": "region", "Startup Cost": 0.0, "Total Cost": 1.06, "Plan Rows": 1, "Plan Width": 4, "Actual Startup Time": 0.021, "Actual Total Time": 0.022, "Actual Rows": 1, "Actual Loops": 1, "Filter": "(r_name = 'MIDDLE EAST'::bpchar)", "Rows Removed by Filter": 4}]}]}, {"Node Type": "Bitmap Heap Scan", "Parent Relationship": "Inner", "Relation Name": "customer", "Alias": "customer", "Startup Cost": 1030.37, "Total Cost": 6832.48, "Plan Rows": 60000, "Plan Width": 12, "Actual Startup Time": 90.805, "Actual Total Time": 547.481, "Actual Rows": 299838, "Actual Loops": 5, "Recheck Cond": "(c_nationkey = nation.n_nationkey)", "Rows Removed by Index Recheck": 0, "Exact Heap Blocks": 150033, "Lossy Heap Blocks": 150033, "Plans": [{"Node Type": "Bitmap Index Scan", "Parent Relationship": "Outer", "Index Name": "idx_customer_nationkey", "Startup Cost": 0.0, "Total Cost": 1015.37, "Plan Rows": 60000, "Plan Width": 0, "Actual Startup Time": 57.791, "Actual Total Time": 57.791, "Actual Rows": 299838, "Actual Loops": 5, "Index Cond": "(c_nationkey = nation.n_nationkey)"}]}]}]}]}, {"Node Type": "Bitmap Heap Scan", "Parent Relationship": "Inner", "Relation Name": "lineitem", "Alias": "lineitem", "Startup Cost": 0.73, "Total Cost": 4.84, "Plan Rows": 9, "Plan Width": 32, "Actual Startup Time": 3758.685, "Actual Total Time": 4076.579, "Actual Rows": 1815222, "Actual Loops": 454183, "Recheck Cond": "(l_orderkey = orders.o_orderkey)", "Rows Removed by Index Recheck": 0, "Exact Heap Blocks": 486530, "Lossy Heap Blocks": 486530, "Plans": [{"Node Type": "Bitmap Index Scan", "Parent Relationship": "Outer", "Index Name": "idx_lineitem_orderkey", "Startup Cost": 0.0, "Total Cost": 0.72, "Plan Rows": 9, "Plan Width": 0, "Actual Startup Time": 2087.51, "Actual Total Time": 2087.51, "Actual Rows": 1815222, "Actual Loops": 454183, "Index Cond": "(l_orderkey = orders.o_orderkey)"}]}]}, {"Node Type": "Hash", "Parent Relationship": "Inner", "Startup Cost": 3283.0, "Total Cost": 3283.0, "Plan Rows": 100000, "Plan Width": 12, "Actual Startup Time": 67.446, "Actual Total Time": 67.446, "Actual Rows": 100000, "Actual Loops": 1, "Hash Buckets": 131072, "Hash Batches": 1, "Original Hash Batches": 1, "Peak Memory Usage": 4297, "Plans": [{"Node Type": "Seq Scan", "Parent Relationship": "Outer", "Relation Name": "supplier", "Alias": "supplier", "Startup Cost": 0.0, "Total Cost": 3283.0, "Plan Rows": 100000, "Plan Width": 12, "Actual Startup Time": 0.022, "Actual Total Time": 36.695, "Actual Rows": 100000, "Actual Loops": 1}]}]}]}]}, "Triggers": [], "Planner Runtime": 8.833, "Total Runtime": 10241.237, "Unique SQL Id": 1392561963}}, "(16, 67)": {"explain_plan": {"Plan": {"Node Type": "Sort", "Startup Cost": 46003135.57, "Total Cost": 46003135.63, "Plan Rows": 25, "Plan Width": 50, "Sort Key": ["(sum((lineitem.l_extendedprice * (1::double precision - lineitem.l_discount)))) DESC"], "Plans": [{"Node Type": "Aggregate", "Strategy": "Hashed", "Parent Relationship": "Outer", "Startup Cost": 46003134.74, "Total Cost": 46003134.99, "Plan Rows": 25, "Plan Width": 50, "Group By Key": ["nation.n_name"], "Plans": [{"Node Type": "Nested Loop", "Parent Relationship": "Outer", "Join Type": "Inner", "Startup Cost": 58362.35, "Total Cost": 46003040.84, "Plan Rows": 9390, "Plan Width": 42, "Inner Unique": true, "Join Filter": "(customer.c_nationkey = supplier.s_nationkey)", "Plans": [{"Node Type": "Nested Loop", "Parent Relationship": "Outer", "Join Type": "Inner", "Startup Cost": 58362.1, "Total Cost": 30204103.6, "Plan Rows": 3688948, "Plan Width": 58, "Inner Unique": false, "Plans": [{"Node Type": "Nested Loop", "Parent Relationship": "Outer", "Join Type": "Inner", "Startup Cost": 58361.37, "Total Cost": 28202035.27, "Plan Rows": 406290, "Plan Width": 42, "Inner Unique": true, "Plans": [{"Node Type": "Nested Loop", "Parent Relationship": "Outer", "Join Type": "Inner", "Startup Cost": 58360.79, "Total Cost": 18851769.58, "Plan Rows": 2031452, "Plan Width": 46, "Inner Unique": true, "Plans": [{"Node Type": "Nested Loop", "Parent Relationship": "Outer", "Join Type": "Inner", "Startup Cost": 58360.54, "Total Cost": 10156636.32, "Plan Rows": 2031452, "Plan Width": 12, "Inner Unique": true, "Plans": [{"Node Type": "Bitmap Heap Scan", "Parent Relationship": "Outer", "Relation Name": "orders", "Alias": "orders", "Startup Cost": 58360.27, "Total Cost": 369005.64, "Plan Rows": 2281758, "Plan Width": 16, "Recheck Cond": "((o_orderdate >= '1994-01-01 00:00:00'::timestamp(0) without time zone) AND (o_orderdate < '1995-01-01 00:00:00'::timestamp without time zone)), (LLVM Optimized)", "Plans": [{"Node Type": "Bitmap Index Scan", "Parent Relationship": "Outer", "Index Name": "idx_orders_orderdate", "Startup Cost": 0.0, "Total Cost": 57789.83, "Plan Rows": 2281758, "Plan Width": 0, "Index Cond": "((o_orderdate >= '1994-01-01 00:00:00'::timestamp(0) without time zone) AND (o_orderdate < '1995-01-01 00:00:00'::timestamp without time zone))"}]}, {"Node Type": "Bitmap Heap Scan", "Parent Relationship": "Inner", "Relation Name": "customer", "Alias": "customer", "Startup Cost": 0.27, "Total Cost": 4.28, "Plan Rows": 1, "Plan Width": 12, "Recheck Cond": "(c_custkey = orders.o_custkey)", "Plans": [{"Node Type": "Bitmap Index Scan", "Parent Relationship": "Outer", "Index Name": "customer_pkey", "Startup Cost": 0.0, "Total Cost": 0.27, "Plan Rows": 1, "Plan Width": 0, "Index Cond": "(c_custkey = orders.o_custkey)"}]}]}, {"Node Type": "Bitmap Heap Scan", "Parent Relationship": "Inner", "Relation Name": "nation", "Alias": "nation", "Startup Cost": 0.26, "Total Cost": 4.27, "Plan Rows": 1, "Plan Width": 34, "Recheck Cond": "(n_nationkey = customer.c_nationkey)", "Plans": [{"Node Type": "Bitmap Index Scan", "Parent Relationship": "Outer", "Index Name": "nation_pkey", "Startup Cost": 0.0, "Total Cost": 0.26, "Plan Rows": 1, "Plan Width": 0, "Index Cond": "(n_nationkey = customer.c_nationkey)"}]}]}, {"Node Type": "Bitmap Heap Scan", "Parent Relationship": "Inner", "Relation Name": "region", "Alias": "region", "Startup Cost": 0.58, "Total Cost": 4.59, "Plan Rows": 1, "Plan Width": 4, "Recheck Cond": "(r_regionkey = nation.n_regionkey)", "Filter": "(r_name = 'MIDDLE EAST'::bpchar)", "Plans": [{"Node Type": "Bitmap Index Scan", "Parent Relationship": "Outer", "Index Name": "region_pkey", "Startup Cost": 0.0, "Total Cost": 0.58, "Plan Rows": 1, "Plan Width": 0, "Index Cond": "(r_regionkey = nation.n_regionkey)"}]}]}, {"Node Type": "Bitmap Heap Scan", "Parent Relationship": "Inner", "Relation Name": "lineitem", "Alias": "lineitem", "Startup Cost": 0.73, "Total Cost": 4.84, "Plan Rows": 9, "Plan Width": 32, "Recheck Cond": "(l_orderkey = orders.o_orderkey)", "Plans": [{"Node Type": "Bitmap Index Scan", "Parent Relationship": "Outer", "Index Name": "idx_lineitem_orderkey", "Startup Cost": 0.0, "Total Cost": 0.72, "Plan Rows": 9, "Plan Width": 0, "Index Cond": "(l_orderkey = orders.o_orderkey)"}]}]}, {"Node Type": "Bitmap Heap Scan", "Parent Relationship": "Inner", "Relation Name": "supplier", "Alias": "supplier", "Startup Cost": 0.26, "Total Cost": 4.27, "Plan Rows": 1, "Plan Width": 12, "Recheck Cond": "(s_suppkey = lineitem.l_suppkey)", "Plans": [{"Node Type": "Bitmap Index Scan", "Parent Relationship": "Outer", "Index Name": "supplier_pkey", "Startup Cost": 0.0, "Total Cost": 0.26, "Plan Rows": 1, "Plan Width": 0, "Index Cond": "(s_suppkey = lineitem.l_suppkey)"}]}]}]}]}, "Unique SQL Id": 1392561963}, "explain_analyze_plan": null}, "(16, 68)": {"explain_plan": {"Plan": {"Node Type": "Sort", "Startup Cost": 1720736.05, "Total Cost": 1720736.11, "Plan Rows": 25, "Plan Width": 50, "Sort Key": ["(sum((lineitem.l_extendedprice * (1::double precision - lineitem.l_discount)))) DESC"], "Plans": [{"Node Type": "Aggregate", "Strategy": "Hashed", "Parent Relationship": "Outer", "Startup Cost": 1720735.22, "Total Cost": 1720735.47, "Plan Rows": 25, "Plan Width": 50, "Group By Key": ["nation.n_name"], "Plans": [{"Node Type": "Hash Join", "Parent Relationship": "Outer", "Join Type": "Inner", "Startup Cost": 5813.37, "Total Cost": 1720641.32, "Plan Rows": 9390, "Plan Width": 42, "Inner Unique": true, "Hash Cond": "((lineitem.l_suppkey = supplier.s_suppkey) AND (customer.c_nationkey = supplier.s_nationkey))", "Plans": [{"Node Type": "Nested Loop", "Parent Relationship": "Outer", "Join Type": "Inner", "Startup Cost": 1030.37, "Total Cost": 1688097.31, "Plan Rows": 3688948, "Plan Width": 58, "Inner Unique": false, "Plans": [{"Node Type": "Nested Loop", "Parent Relationship": "Outer", "Join Type": "Inner", "Startup Cost": 1030.37, "Total Cost": 412302.9, "Plan Rows": 406290, "Plan Width": 42, "Inner Unique": false, "Plans": [{"Node Type": "Nested Loop", "Parent Relationship": "Outer", "Join Type": "Inner", "Startup Cost": 1030.37, "Total Cost": 37194.1, "Plan Rows": 300000, "Plan Width": 42, "Inner Unique": false, "Plans": [{"Node Type": "Nested Loop", "Parent Relationship": "Outer", "Join Type": "Inner", "Startup Cost": 0.0, "Total Cost": 31.69, "Plan Rows": 5, "Plan Width": 30, "Inner Unique": true, "Plans": [{"Node Type": "Index Scan", "Parent Relationship": "Outer", "Scan Direction": "Forward", "Index Name": "nation_pkey", "Relation Name": "nation", "Alias": "nation", "Startup Cost": 0.0, "Total Cost": 12.62, "Plan Rows": 25, "Plan Width": 34}, {"Node Type": "Index Scan", "Parent Relationship": "Inner", "Scan Direction": "Forward", "Index Name": "region_pkey", "Relation Name": "region", "Alias": "region", "Startup Cost": 0.0, "Total Cost": 0.75, "Plan Rows": 1, "Plan Width": 4, "Index Cond": "(r_regionkey = nation.n_regionkey)", "Filter": "(r_name = 'MIDDLE EAST'::bpchar)"}]}, {"Node Type": "Bitmap Heap Scan", "Parent Relationship": "Inner", "Relation Name": "customer", "Alias": "customer", "Startup Cost": 1030.37, "Total Cost": 6832.48, "Plan Rows": 60000, "Plan Width": 12, "Recheck Cond": "(c_nationkey = nation.n_nationkey)", "Plans": [{"Node Type": "Bitmap Index Scan", "Parent Relationship": "Outer", "Index Name": "idx_customer_nationkey", "Startup Cost": 0.0, "Total Cost": 1015.37, "Plan Rows": 60000, "Plan Width": 0, "Index Cond": "(c_nationkey = nation.n_nationkey)"}]}]}, {"Node Type": "Index Scan", "Parent Relationship": "Inner", "Scan Direction": "Forward", "Index Name": "idx_orders_custkey", "Relation Name": "orders", "Alias": "orders", "Startup Cost": 0.0, "Total Cost": 1.24, "Plan Rows": 1, "Plan Width": 16, "Index Cond": "(o_custkey = customer.c_custkey)", "Filter": "((o_orderdate >= '1994-01-01 00:00:00'::timestamp(0) without time zone) AND (o_orderdate < '1995-01-01 00:00:00'::timestamp without time zone))"}]}, {"Node Type": "Index Scan", "Parent Relationship": "Inner", "Scan Direction": "Forward", "Index Name": "idx_lineitem_orderkey", "Relation Name": "lineitem", "Alias": "lineitem", "Startup Cost": 0.0, "Total Cost": 3.05, "Plan Rows": 9, "Plan Width": 32, "Index Cond": "(l_orderkey = orders.o_orderkey)"}]}, {"Node Type": "Hash", "Parent Relationship": "Inner", "Startup Cost": 3283.0, "Total Cost": 3283.0, "Plan Rows": 100000, "Plan Width": 12, "Plans": [{"Node Type": "Seq Scan", "Parent Relationship": "Outer", "Relation Name": "supplier", "Alias": "supplier", "Startup Cost": 0.0, "Total Cost": 3283.0, "Plan Rows": 100000, "Plan Width": 12}]}]}]}]}, "Unique SQL Id": 1392561963}, "explain_analyze_plan": {"Plan": {"Node Type": "Sort", "Startup Cost": 1720736.05, "Total Cost": 1720736.11, "Plan Rows": 25, "Plan Width": 50, "Actual Startup Time": 16782.095, "Actual Total Time": 16782.095, "Actual Rows": 5, "Actual Loops": 1, "Sort Key": ["(sum((lineitem.l_extendedprice * (1::double precision - lineitem.l_discount)))) DESC"], "Sort Method": "quicksort", "Sort Space Used": 25, "Sort Space Type": "Memory", "Plans": [{"Node Type": "Aggregate", "Strategy": "Hashed", "Parent Relationship": "Outer", "Startup Cost": 1720735.22, "Total Cost": 1720735.47, "Plan Rows": 25, "Plan Width": 50, "Actual Startup Time": 16782.067, "Actual Total Time": 16782.069, "Actual Rows": 5, "Actual Loops": 1, "Group By Key": ["nation.n_name"], "Plans": [{"Node Type": "Hash Join", "Parent Relationship": "Outer", "Join Type": "Inner", "Startup Cost": 5813.37, "Total Cost": 1720641.32, "Plan Rows": 9390, "Plan Width": 42, "Actual Startup Time": 85.9, "Actual Total Time": 16697.392, "Actual Rows": 72985, "Actual Loops": 1, "Inner Unique": true, "Hash Cond": "((lineitem.l_suppkey = supplier.s_suppkey) AND (customer.c_nationkey = supplier.s_nationkey))", "Plans": [{"Node Type": "Nested Loop", "Parent Relationship": "Outer", "Join Type": "Inner", "Startup Cost": 1030.37, "Total Cost": 1688097.31, "Plan Rows": 3688948, "Plan Width": 58, "Actual Startup Time": 18.51, "Actual Total Time": 15782.236, "Actual Rows": 1815222, "Actual Loops": 1, "Inner Unique": false, "Plans": [{"Node Type": "Nested Loop", "Parent Relationship": "Outer", "Join Type": "Inner", "Startup Cost": 1030.37, "Total Cost": 412302.9, "Plan Rows": 406290, "Plan Width": 42, "Actual Startup Time": 18.488, "Actual Total Time": 9884.102, "Actual Rows": 454183, "Actual Loops": 1, "Inner Unique": false, "Plans": [{"Node Type": "Nested Loop", "Parent Relationship": "Outer", "Join Type": "Inner", "Startup Cost": 1030.37, "Total Cost": 37194.1, "Plan Rows": 300000, "Plan Width": 42, "Actual Startup Time": 18.409, "Actual Total Time": 678.778, "Actual Rows": 299838, "Actual Loops": 1, "Inner Unique": false, "Plans": [{"Node Type": "Nested Loop", "Parent Relationship": "Outer", "Join Type": "Inner", "Startup Cost": 0.0, "Total Cost": 31.69, "Plan Rows": 5, "Plan Width": 30, "Actual Startup Time": 0.058, "Actual Total Time": 0.194, "Actual Rows": 5, "Actual Loops": 1, "Inner Unique": true, "Plans": [{"Node Type": "Index Scan", "Parent Relationship": "Outer", "Scan Direction": "Forward", "Index Name": "nation_pkey", "Relation Name": "nation", "Alias": "nation", "Startup Cost": 0.0, "Total Cost": 12.62, "Plan Rows": 25, "Plan Width": 34, "Actual Startup Time": 0.021, "Actual Total Time": 0.048, "Actual Rows": 25, "Actual Loops": 1}, {"Node Type": "Index Scan", "Parent Relationship": "Inner", "Scan Direction": "Forward", "Index Name": "region_pkey", "Relation Name": "region", "Alias": "region", "Startup Cost": 0.0, "Total Cost": 0.75, "Plan Rows": 1, "Plan Width": 4, "Actual Startup Time": 0.098, "Actual Total Time": 0.098, "Actual Rows": 5, "Actual Loops": 25, "Index Cond": "(r_regionkey = nation.n_regionkey)", "Rows Removed by Index Recheck": 0, "Filter": "(r_name = 'MIDDLE EAST'::bpchar)", "Rows Removed by Filter": 20}]}, {"Node Type": "Bitmap Heap Scan", "Parent Relationship": "Inner", "Relation Name": "customer", "Alias": "customer", "Startup Cost": 1030.37, "Total Cost": 6832.48, "Plan Rows": 60000, "Plan Width": 12, "Actual Startup Time": 95.268, "Actual Total Time": 601.366, "Actual Rows": 299838, "Actual Loops": 5, "Recheck Cond": "(c_nationkey = nation.n_nationkey)", "Rows Removed by Index Recheck": 0, "Exact Heap Blocks": 150033, "Lossy Heap Blocks": 150033, "Plans": [{"Node Type": "Bitmap Index Scan", "Parent Relationship": "Outer", "Index Name": "idx_customer_nationkey", "Startup Cost": 0.0, "Total Cost": 1015.37, "Plan Rows": 60000, "Plan Width": 0, "Actual Startup Time": 61.475, "Actual Total Time": 61.475, "Actual Rows": 299838, "Actual Loops": 5, "Index Cond": "(c_nationkey = nation.n_nationkey)"}]}]}, {"Node Type": "Index Scan", "Parent Relationship": "Inner", "Scan Direction": "Forward", "Index Name": "idx_orders_custkey", "Relation Name": "orders", "Alias": "orders", "Startup Cost": 0.0, "Total Cost": 1.24, "Plan Rows": 1, "Plan Width": 16, "Actual Startup Time": 4187.573, "Actual Total Time": 8943.452, "Actual Rows": 454183, "Actual Loops": 299838, "Index Cond": "(o_custkey = customer.c_custkey)", "Rows Removed by Index Recheck": 0, "Filter": "((o_orderdate >= '1994-01-01 00:00:00'::timestamp(0) without time zone) AND (o_orderdate < '1995-01-01 00:00:00'::timestamp without time zone))", "Rows Removed by Filter": 2542535}]}, {"Node Type": "Index Scan", "Parent Relationship": "Inner", "Scan Direction": "Forward", "Index Name": "idx_lineitem_orderkey", "Relation Name": "lineitem", "Alias": "lineitem", "Startup Cost": 0.0, "Total Cost": 3.05, "Plan Rows": 9, "Plan Width": 32, "Actual Startup Time": 4302.23, "Actual Total Time": 5257.226, "Actual Rows": 1815222, "Actual Loops": 454183, "Index Cond": "(l_orderkey = orders.o_orderkey)", "Rows Removed by Index Recheck": 0}]}, {"Node Type": "Hash", "Parent Relationship": "Inner", "Startup Cost": 3283.0, "Total Cost": 3283.0, "Plan Rows": 100000, "Plan Width": 12, "Actual Startup Time": 67.148, "Actual Total Time": 67.148, "Actual Rows": 100000, "Actual Loops": 1, "Hash Buckets": 131072, "Hash Batches": 1, "Original Hash Batches": 1, "Peak Memory Usage": 4297, "Plans": [{"Node Type": "Seq Scan", "Parent Relationship": "Outer", "Relation Name": "supplier", "Alias": "supplier", "Startup Cost": 0.0, "Total Cost": 3283.0, "Plan Rows": 100000, "Plan Width": 12, "Actual Startup Time": 0.02, "Actual Total Time": 36.415, "Actual Rows": 100000, "Actual Loops": 1}]}]}]}]}, "Triggers": [], "Planner Runtime": 9.838, "Total Runtime": 16782.663, "Unique SQL Id": 1392561963}}, "(16, 69)": {"explain_plan": {"Plan": {"Node Type": "Sort", "Startup Cost": 1722800.67, "Total Cost": 1722800.73, "Plan Rows": 25, "Plan Width": 50, "Sort Key": ["(sum((lineitem.l_extendedprice * (1::double precision - lineitem.l_discount)))) DESC"], "Plans": [{"Node Type": "Aggregate", "Strategy": "Hashed", "Parent Relationship": "Outer", "Startup Cost": 1722799.84, "Total Cost": 1722800.09, "Plan Rows": 25, "Plan Width": 50, "Group By Key": ["nation.n_name"], "Plans": [{"Node Type": "Hash Join", "Parent Relationship": "Outer", "Join Type": "Inner", "Startup Cost": 7864.91, "Total Cost": 1722705.94, "Plan Rows": 9390, "Plan Width": 42, "Inner Unique": true, "Hash Cond": "((lineitem.l_suppkey = supplier.s_suppkey) AND (customer.c_nationkey = supplier.s_nationkey))", "Plans": [{"Node Type": "Nested Loop", "Parent Relationship": "Outer", "Join Type": "Inner", "Startup Cost": 1030.37, "Total Cost": 1688097.31, "Plan Rows": 3688948, "Plan Width": 58, "Inner Unique": false, "Plans": [{"Node Type": "Nested Loop", "Parent Relationship": "Outer", "Join Type": "Inner", "Startup Cost": 1030.37, "Total Cost": 412302.9, "Plan Rows": 406290, "Plan Width": 42, "Inner Unique": false, "Plans": [{"Node Type": "Nested Loop", "Parent Relationship": "Outer", "Join Type": "Inner", "Startup Cost": 1030.37, "Total Cost": 37194.1, "Plan Rows": 300000, "Plan Width": 42, "Inner Unique": false, "Plans": [{"Node Type": "Nested Loop", "Parent Relationship": "Outer", "Join Type": "Inner", "Startup Cost": 0.0, "Total Cost": 31.69, "Plan Rows": 5, "Plan Width": 30, "Inner Unique": true, "Plans": [{"Node Type": "Index Scan", "Parent Relationship": "Outer", "Scan Direction": "Forward", "Index Name": "nation_pkey", "Relation Name": "nation", "Alias": "nation", "Startup Cost": 0.0, "Total Cost": 12.62, "Plan Rows": 25, "Plan Width": 34}, {"Node Type": "Index Scan", "Parent Relationship": "Inner", "Scan Direction": "Forward", "Index Name": "region_pkey", "Relation Name": "region", "Alias": "region", "Startup Cost": 0.0, "Total Cost": 0.75, "Plan Rows": 1, "Plan Width": 4, "Index Cond": "(r_regionkey = nation.n_regionkey)", "Filter": "(r_name = 'MIDDLE EAST'::bpchar)"}]}, {"Node Type": "Bitmap Heap Scan", "Parent Relationship": "Inner", "Relation Name": "customer", "Alias": "customer", "Startup Cost": 1030.37, "Total Cost": 6832.48, "Plan Rows": 60000, "Plan Width": 12, "Recheck Cond": "(c_nationkey = nation.n_nationkey)", "Plans": [{"Node Type": "Bitmap Index Scan", "Parent Relationship": "Outer", "Index Name": "idx_customer_nationkey", "Startup Cost": 0.0, "Total Cost": 1015.37, "Plan Rows": 60000, "Plan Width": 0, "Index Cond": "(c_nationkey = nation.n_nationkey)"}]}]}, {"Node Type": "Index Scan", "Parent Relationship": "Inner", "Scan Direction": "Forward", "Index Name": "idx_orders_custkey", "Relation Name": "orders", "Alias": "orders", "Startup Cost": 0.0, "Total Cost": 1.24, "Plan Rows": 1, "Plan Width": 16, "Index Cond": "(o_custkey = customer.c_custkey)", "Filter": "((o_orderdate >= '1994-01-01 00:00:00'::timestamp(0) without time zone) AND (o_orderdate < '1995-01-01 00:00:00'::timestamp without time zone))"}]}, {"Node Type": "Index Scan", "Parent Relationship": "Inner", "Scan Direction": "Forward", "Index Name": "idx_lineitem_orderkey", "Relation Name": "lineitem", "Alias": "lineitem", "Startup Cost": 0.0, "Total Cost": 3.05, "Plan Rows": 9, "Plan Width": 32, "Index Cond": "(l_orderkey = orders.o_orderkey)"}]}, {"Node Type": "Hash", "Parent Relationship": "Inner", "Startup Cost": 5334.54, "Total Cost": 5334.54, "Plan Rows": 100000, "Plan Width": 12, "Plans": [{"Node Type": "Index Scan", "Parent Relationship": "Outer", "Scan Direction": "Forward", "Index Name": "supplier_pkey", "Relation Name": "supplier", "Alias": "supplier", "Startup Cost": 0.0, "Total Cost": 5334.54, "Plan Rows": 100000, "Plan Width": 12}]}]}]}]}, "Unique SQL Id": 1392561963}, "explain_analyze_plan": {"Plan": {"Node Type": "Sort", "Startup Cost": 1722800.67, "Total Cost": 1722800.73, "Plan Rows": 25, "Plan Width": 50, "Actual Startup Time": 16591.116, "Actual Total Time": 16591.117, "Actual Rows": 5, "Actual Loops": 1, "Sort Key": ["(sum((lineitem.l_extendedprice * (1::double precision - lineitem.l_discount)))) DESC"], "Sort Method": "quicksort", "Sort Space Used": 25, "Sort Space Type": "Memory", "Plans": [{"Node Type": "Aggregate", "Strategy": "Hashed", "Parent Relationship": "Outer", "Startup Cost": 1722799.84, "Total Cost": 1722800.09, "Plan Rows": 25, "Plan Width": 50, "Actual Startup Time": 16591.08, "Actual Total Time": 16591.083, "Actual Rows": 5, "Actual Loops": 1, "Group By Key": ["nation.n_name"], "Plans": [{"Node Type": "Hash Join", "Parent Relationship": "Outer", "Join Type": "Inner", "Startup Cost": 7864.91, "Total Cost": 1722705.94, "Plan Rows": 9390, "Plan Width": 42, "Actual Startup Time": 127.966, "Actual Total Time": 16509.337, "Actual Rows": 72985, "Actual Loops": 1, "Inner Unique": true, "Hash Cond": "((lineitem.l_suppkey = supplier.s_suppkey) AND (customer.c_nationkey = supplier.s_nationkey))", "Plans": [{"Node Type": "Nested Loop", "Parent Relationship": "Outer", "Join Type": "Inner", "Startup Cost": 1030.37, "Total Cost": 1688097.31, "Plan Rows": 3688948, "Plan Width": 58, "Actual Startup Time": 18.453, "Actual Total Time": 15585.45, "Actual Rows": 1815222, "Actual Loops": 1, "Inner Unique": false, "Plans": [{"Node Type": "Nested Loop", "Parent Relationship": "Outer", "Join Type": "Inner", "Startup Cost": 1030.37, "Total Cost": 412302.9, "Plan Rows": 406290, "Plan Width": 42, "Actual Startup Time": 18.43, "Actual Total Time": 9707.751, "Actual Rows": 454183, "Actual Loops": 1, "Inner Unique": false, "Plans": [{"Node Type": "Nested Loop", "Parent Relationship": "Outer", "Join Type": "Inner", "Startup Cost": 1030.37, "Total Cost": 37194.1, "Plan Rows": 300000, "Plan Width": 42, "Actual Startup Time": 18.345, "Actual Total Time": 667.95, "Actual Rows": 299838, "Actual Loops": 1, "Inner Unique": false, "Plans": [{"Node Type": "Nested Loop", "Parent Relationship": "Outer", "Join Type": "Inner", "Startup Cost": 0.0, "Total Cost": 31.69, "Plan Rows": 5, "Plan Width": 30, "Actual Startup Time": 0.052, "Actual Total Time": 0.337, "Actual Rows": 5, "Actual Loops": 1, "Inner Unique": true, "Plans": [{"Node Type": "Index Scan", "Parent Relationship": "Outer", "Scan Direction": "Forward", "Index Name": "nation_pkey", "Relation Name": "nation", "Alias": "nation", "Startup Cost": 0.0, "Total Cost": 12.62, "Plan Rows": 25, "Plan Width": 34, "Actual Startup Time": 0.017, "Actual Total Time": 0.124, "Actual Rows": 25, "Actual Loops": 1}, {"Node Type": "Index Scan", "Parent Relationship": "Inner", "Scan Direction": "Forward", "Index Name": "region_pkey", "Relation Name": "region", "Alias": "region", "Startup Cost": 0.0, "Total Cost": 0.75, "Plan Rows": 1, "Plan Width": 4, "Actual Startup Time": 0.134, "Actual Total Time": 0.134, "Actual Rows": 5, "Actual Loops": 25, "Index Cond": "(r_regionkey = nation.n_regionkey)", "Rows Removed by Index Recheck": 0, "Filter": "(r_name = 'MIDDLE EAST'::bpchar)", "Rows Removed by Filter": 20}]}, {"Node Type": "Bitmap Heap Scan", "Parent Relationship": "Inner", "Relation Name": "customer", "Alias": "customer", "Startup Cost": 1030.37, "Total Cost": 6832.48, "Plan Rows": 60000, "Plan Width": 12, "Actual Startup Time": 91.756, "Actual Total Time": 593.64, "Actual Rows": 299838, "Actual Loops": 5, "Recheck Cond": "(c_nationkey = nation.n_nationkey)", "Rows Removed by Index Recheck": 0, "Exact Heap Blocks": 150033, "Lossy Heap Blocks": 150033, "Plans": [{"Node Type": "Bitmap Index Scan", "Parent Relationship": "Outer", "Index Name": "idx_customer_nationkey", "Startup Cost": 0.0, "Total Cost": 1015.37, "Plan Rows": 60000, "Plan Width": 0, "Actual Startup Time": 58.589, "Actual Total Time": 58.589, "Actual Rows": 299838, "Actual Loops": 5, "Index Cond": "(c_nationkey = nation.n_nationkey)"}]}]}, {"Node Type": "Index Scan", "Parent Relationship": "Inner", "Scan Direction": "Forward", "Index Name": "idx_orders_custkey", "Relation Name": "orders", "Alias": "orders", "Startup Cost": 0.0, "Total Cost": 1.24, "Plan Rows": 1, "Plan Width": 16, "Actual Startup Time": 4128.243, "Actual Total Time": 8780.036, "Actual Rows": 454183, "Actual Loops": 299838, "Index Cond": "(o_custkey = customer.c_custkey)", "Rows Removed by Index Recheck": 0, "Filter": "((o_orderdate >= '1994-01-01 00:00:00'::timestamp(0) without time zone) AND (o_orderdate < '1995-01-01 00:00:00'::timestamp without time zone))", "Rows Removed by Filter": 2542535}]}, {"Node Type": "Index Scan", "Parent Relationship": "Inner", "Scan Direction": "Forward", "Index Name": "idx_lineitem_orderkey", "Relation Name": "lineitem", "Alias": "lineitem", "Startup Cost": 0.0, "Total Cost": 3.05, "Plan Rows": 9, "Plan Width": 32, "Actual Startup Time": 4262.863, "Actual Total Time": 5223.254, "Actual Rows": 1815222, "Actual Loops": 454183, "Index Cond": "(l_orderkey = orders.o_orderkey)", "Rows Removed by Index Recheck": 0}]}, {"Node Type": "Hash", "Parent Relationship": "Inner", "Startup Cost": 5334.54, "Total Cost": 5334.54, "Plan Rows": 100000, "Plan Width": 12, "Actual Startup Time": 109.243, "Actual Total Time": 109.243, "Actual Rows": 100000, "Actual Loops": 1, "Hash Buckets": 131072, "Hash Batches": 1, "Original Hash Batches": 1, "Peak Memory Usage": 4297, "Plans": [{"Node Type": "Index Scan", "Parent Relationship": "Outer", "Scan Direction": "Forward", "Index Name": "supplier_pkey", "Relation Name": "supplier", "Alias": "supplier", "Startup Cost": 0.0, "Total Cost": 5334.54, "Plan Rows": 100000, "Plan Width": 12, "Actual Startup Time": 0.024, "Actual Total Time": 73.925, "Actual Rows": 100000, "Actual Loops": 1}]}]}]}]}, "Triggers": [], "Planner Runtime": 9.686, "Total Runtime": 16591.56, "Unique SQL Id": 1392561963}}, "(16, 70)": {"explain_plan": {"Plan": {"Node Type": "Sort", "Startup Cost": 2457247.05, "Total Cost": 2457247.11, "Plan Rows": 25, "Plan Width": 50, "Sort Key": ["(sum((lineitem.l_extendedprice * (1::double precision - lineitem.l_discount)))) DESC"], "Plans": [{"Node Type": "Aggregate", "Strategy": "Hashed", "Parent Relationship": "Outer", "Startup Cost": 2457246.22, "Total Cost": 2457246.47, "Plan Rows": 25, "Plan Width": 50, "Group By Key": ["nation.n_name"], "Plans": [{"Node Type": "Hash Join", "Parent Relationship": "Outer", "Join Type": "Inner", "Startup Cost": 104058.84, "Total Cost": 2457152.32, "Plan Rows": 9390, "Plan Width": 42, "Inner Unique": true, "Hash Cond": "((lineitem.l_suppkey = supplier.s_suppkey) AND (customer.c_nationkey = supplier.s_nationkey))", "Plans": [{"Node Type": "Nested Loop", "Parent Relationship": "Outer", "Join Type": "Inner", "Startup Cost": 99275.84, "Total Cost": 2424608.31, "Plan Rows": 3688948, "Plan Width": 58, "Inner Unique": false, "Plans": [{"Node Type": "Hash Join", "Parent Relationship": "Outer", "Join Type": "Inner", "Startup Cost": 99275.12, "Total Cost": 422539.98, "Plan Rows": 406290, "Plan Width": 42, "Inner Unique": false, "Hash Cond": "(orders.o_custkey = customer.c_custkey), (LLVM Optimized)", "Plans": [{"Node Type": "Bitmap Heap Scan", "Parent Relationship": "Outer", "Relation Name": "orders", "Alias": "orders", "Startup Cost": 58360.27, "Total Cost": 369005.64, "Plan Rows": 2281758, "Plan Width": 16, "Recheck Cond": "((o_orderdate >= '1994-01-01 00:00:00'::timestamp(0) without time zone) AND (o_orderdate < '1995-01-01 00:00:00'::timestamp without time zone)), (LLVM Optimized)", "Plans": [{"Node Type": "Bitmap Index Scan", "Parent Relationship": "Outer", "Index Name": "idx_orders_orderdate", "Startup Cost": 0.0, "Total Cost": 57789.83, "Plan Rows": 2281758, "Plan Width": 0, "Index Cond": "((o_orderdate >= '1994-01-01 00:00:00'::timestamp(0) without time zone) AND (o_orderdate < '1995-01-01 00:00:00'::timestamp without time zone))"}]}, {"Node Type": "Hash", "Parent Relationship": "Inner", "Startup Cost": 37164.85, "Total Cost": 37164.85, "Plan Rows": 300000, "Plan Width": 42, "Plans": [{"Node Type": "Nested Loop", "Parent Relationship": "Outer", "Join Type": "Inner", "Startup Cost": 1031.44, "Total Cost": 37164.85, "Plan Rows": 300000, "Plan Width": 42, "Inner Unique": false, "Plans": [{"Node Type": "Hash Join", "Parent Relationship": "Outer", "Join Type": "Inner", "Startup Cost": 1.07, "Total Cost": 2.44, "Plan Rows": 5, "Plan Width": 30, "Inner Unique": true, "Hash Cond": "(nation.n_regionkey = region.r_regionkey)", "Plans": [{"Node Type": "Seq Scan", "Parent Relationship": "Outer", "Relation Name": "nation", "Alias": "nation", "Startup Cost": 0.0, "Total Cost": 1.25, "Plan Rows": 25, "Plan Width": 34}, {"Node Type": "Hash", "Parent Relationship": "Inner", "Startup Cost": 1.06, "Total Cost": 1.06, "Plan Rows": 1, "Plan Width": 4, "Plans": [{"Node Type": "Seq Scan", "Parent Relationship": "Outer", "Relation Name": "region", "Alias": "region", "Startup Cost": 0.0, "Total Cost": 1.06, "Plan Rows": 1, "Plan Width": 4, "Filter": "(r_name = 'MIDDLE EAST'::bpchar)"}]}]}, {"Node Type": "Bitmap Heap Scan", "Parent Relationship": "Inner", "Relation Name": "customer", "Alias": "customer", "Startup Cost": 1030.37, "Total Cost": 6832.48, "Plan Rows": 60000, "Plan Width": 12, "Recheck Cond": "(c_nationkey = nation.n_nationkey)", "Plans": [{"Node Type": "Bitmap Index Scan", "Parent Relationship": "Outer", "Index Name": "idx_customer_nationkey", "Startup Cost": 0.0, "Total Cost": 1015.37, "Plan Rows": 60000, "Plan Width": 0, "Index Cond": "(c_nationkey = nation.n_nationkey)"}]}]}]}]}, {"Node Type": "Bitmap Heap Scan", "Parent Relationship": "Inner", "Relation Name": "lineitem", "Alias": "lineitem", "Startup Cost": 0.73, "Total Cost": 4.84, "Plan Rows": 9, "Plan Width": 32, "Recheck Cond": "(l_orderkey = orders.o_orderkey)", "Plans": [{"Node Type": "Bitmap Index Scan", "Parent Relationship": "Outer", "Index Name": "idx_lineitem_orderkey", "Startup Cost": 0.0, "Total Cost": 0.72, "Plan Rows": 9, "Plan Width": 0, "Index Cond": "(l_orderkey = orders.o_orderkey)"}]}]}, {"Node Type": "Hash", "Parent Relationship": "Inner", "Startup Cost": 3283.0, "Total Cost": 3283.0, "Plan Rows": 100000, "Plan Width": 12, "Plans": [{"Node Type": "Seq Scan", "Parent Relationship": "Outer", "Relation Name": "supplier", "Alias": "supplier", "Startup Cost": 0.0, "Total Cost": 3283.0, "Plan Rows": 100000, "Plan Width": 12}]}]}]}]}, "Unique SQL Id": 1392561963}, "explain_analyze_plan": {"Plan": {"Node Type": "Sort", "Startup Cost": 2457247.05, "Total Cost": 2457247.11, "Plan Rows": 25, "Plan Width": 50, "Actual Startup Time": 10231.164, "Actual Total Time": 10231.165, "Actual Rows": 5, "Actual Loops": 1, "Sort Key": ["(sum((lineitem.l_extendedprice * (1::double precision - lineitem.l_discount)))) DESC"], "Sort Method": "quicksort", "Sort Space Used": 25, "Sort Space Type": "Memory", "Plans": [{"Node Type": "Aggregate", "Strategy": "Hashed", "Parent Relationship": "Outer", "Startup Cost": 2457246.22, "Total Cost": 2457246.47, "Plan Rows": 25, "Plan Width": 50, "Actual Startup Time": 10231.139, "Actual Total Time": 10231.139, "Actual Rows": 5, "Actual Loops": 1, "Group By Key": ["nation.n_name"], "Plans": [{"Node Type": "Hash Join", "Parent Relationship": "Outer", "Join Type": "Inner", "Startup Cost": 104058.84, "Total Cost": 2457152.32, "Plan Rows": 9390, "Plan Width": 42, "Actual Startup Time": 1455.675, "Actual Total Time": 10153.26, "Actual Rows": 72985, "Actual Loops": 1, "Inner Unique": true, "Hash Cond": "((lineitem.l_suppkey = supplier.s_suppkey) AND (customer.c_nationkey = supplier.s_nationkey))", "Plans": [{"Node Type": "Nested Loop", "Parent Relationship": "Outer", "Join Type": "Inner", "Startup Cost": 99275.84, "Total Cost": 2424608.31, "Plan Rows": 3688948, "Plan Width": 58, "Actual Startup Time": 1388.075, "Actual Total Time": 9340.13, "Actual Rows": 1815222, "Actual Loops": 1, "Inner Unique": false, "Plans": [{"Node Type": "Hash Join", "Parent Relationship": "Outer", "Join Type": "Inner", "Startup Cost": 99275.12, "Total Cost": 422539.98, "Plan Rows": 406290, "Plan Width": 42, "Actual Startup Time": 1388.007, "Actual Total Time": 4342.76, "Actual Rows": 454183, "Actual Loops": 1, "Inner Unique": false, "Hash Cond": "(orders.o_custkey = customer.c_custkey), (LLVM Optimized, Jit Execute)", "Plans": [{"Node Type": "Bitmap Heap Scan", "Parent Relationship": "Outer", "Relation Name": "orders", "Alias": "orders", "Startup Cost": 58360.27, "Total Cost": 369005.64, "Plan Rows": 2281758, "Plan Width": 16, "Actual Startup Time": 652.124, "Actual Total Time": 2433.376, "Actual Rows": 2275919, "Actual Loops": 1, "Recheck Cond": "((o_orderdate >= '1994-01-01 00:00:00'::timestamp(0) without time zone) AND (o_orderdate < '1995-01-01 00:00:00'::timestamp without time zone)), (LLVM Optimized, Jit Execute)", "Rows Removed by Index Recheck": 0, "Exact Heap Blocks": 276381, "Lossy Heap Blocks": 276381, "Plans": [{"Node Type": "Bitmap Index Scan", "Parent Relationship": "Outer", "Index Name": "idx_orders_orderdate", "Startup Cost": 0.0, "Total Cost": 57789.83, "Plan Rows": 2281758, "Plan Width": 0, "Actual Startup Time": 563.826, "Actual Total Time": 563.826, "Actual Rows": 2275919, "Actual Loops": 1, "Index Cond": "((o_orderdate >= '1994-01-01 00:00:00'::timestamp(0) without time zone) AND (o_orderdate < '1995-01-01 00:00:00'::timestamp without time zone))"}]}, {"Node Type": "Hash", "Parent Relationship": "Inner", "Startup Cost": 37164.85, "Total Cost": 37164.85, "Plan Rows": 300000, "Plan Width": 42, "Actual Startup Time": 735.466, "Actual Total Time": 735.466, "Actual Rows": 299838, "Actual Loops": 1, "Hash Buckets": 524288, "Hash Batches": 1, "Original Hash Batches": 1, "Peak Memory Usage": 22254, "Plans": [{"Node Type": "Nested Loop", "Parent Relationship": "Outer", "Join Type": "Inner", "Startup Cost": 1031.44, "Total Cost": 37164.85, "Plan Rows": 300000, "Plan Width": 42, "Actual Startup Time": 18.112, "Actual Total Time": 616.312, "Actual Rows": 299838, "Actual Loops": 1, "Inner Unique": false, "Plans": [{"Node Type": "Hash Join", "Parent Relationship": "Outer", "Join Type": "Inner", "Startup Cost": 1.07, "Total Cost": 2.44, "Plan Rows": 5, "Plan Width": 30, "Actual Startup Time": 0.092, "Actual Total Time": 0.166, "Actual Rows": 5, "Actual Loops": 1, "Inner Unique": true, "Hash Cond": "(nation.n_regionkey = region.r_regionkey)", "Plans": [{"Node Type": "Seq Scan", "Parent Relationship": "Outer", "Relation Name": "nation", "Alias": "nation", "Startup Cost": 0.0, "Total Cost": 1.25, "Plan Rows": 25, "Plan Width": 34, "Actual Startup Time": 0.024, "Actual Total Time": 0.046, "Actual Rows": 25, "Actual Loops": 1}, {"Node Type": "Hash", "Parent Relationship": "Inner", "Startup Cost": 1.06, "Total Cost": 1.06, "Plan Rows": 1, "Plan Width": 4, "Actual Startup Time": 0.026, "Actual Total Time": 0.026, "Actual Rows": 1, "Actual Loops": 1, "Hash Buckets": 32768, "Hash Batches": 1, "Original Hash Batches": 1, "Peak Memory Usage": 1, "Plans": [{"Node Type": "Seq Scan", "Parent Relationship": "Outer", "Relation Name": "region", "Alias": "region", "Startup Cost": 0.0, "Total Cost": 1.06, "Plan Rows": 1, "Plan Width": 4, "Actual Startup Time": 0.021, "Actual Total Time": 0.022, "Actual Rows": 1, "Actual Loops": 1, "Filter": "(r_name = 'MIDDLE EAST'::bpchar)", "Rows Removed by Filter": 4}]}]}, {"Node Type": "Bitmap Heap Scan", "Parent Relationship": "Inner", "Relation Name": "customer", "Alias": "customer", "Startup Cost": 1030.37, "Total Cost": 6832.48, "Plan Rows": 60000, "Plan Width": 12, "Actual Startup Time": 90.805, "Actual Total Time": 547.481, "Actual Rows": 299838, "Actual Loops": 5, "Recheck Cond": "(c_nationkey = nation.n_nationkey)", "Rows Removed by Index Recheck": 0, "Exact Heap Blocks": 150033, "Lossy Heap Blocks": 150033, "Plans": [{"Node Type": "Bitmap Index Scan", "Parent Relationship": "Outer", "Index Name": "idx_customer_nationkey", "Startup Cost": 0.0, "Total Cost": 1015.37, "Plan Rows": 60000, "Plan Width": 0, "Actual Startup Time": 57.791, "Actual Total Time": 57.791, "Actual Rows": 299838, "Actual Loops": 5, "Index Cond": "(c_nationkey = nation.n_nationkey)"}]}]}]}]}, {"Node Type": "Bitmap Heap Scan", "Parent Relationship": "Inner", "Relation Name": "lineitem", "Alias": "lineitem", "Startup Cost": 0.73, "Total Cost": 4.84, "Plan Rows": 9, "Plan Width": 32, "Actual Startup Time": 3758.685, "Actual Total Time": 4076.579, "Actual Rows": 1815222, "Actual Loops": 454183, "Recheck Cond": "(l_orderkey = orders.o_orderkey)", "Rows Removed by Index Recheck": 0, "Exact Heap Blocks": 486530, "Lossy Heap Blocks": 486530, "Plans": [{"Node Type": "Bitmap Index Scan", "Parent Relationship": "Outer", "Index Name": "idx_lineitem_orderkey", "Startup Cost": 0.0, "Total Cost": 0.72, "Plan Rows": 9, "Plan Width": 0, "Actual Startup Time": 2087.51, "Actual Total Time": 2087.51, "Actual Rows": 1815222, "Actual Loops": 454183, "Index Cond": "(l_orderkey = orders.o_orderkey)"}]}]}, {"Node Type": "Hash", "Parent Relationship": "Inner", "Startup Cost": 3283.0, "Total Cost": 3283.0, "Plan Rows": 100000, "Plan Width": 12, "Actual Startup Time": 67.446, "Actual Total Time": 67.446, "Actual Rows": 100000, "Actual Loops": 1, "Hash Buckets": 131072, "Hash Batches": 1, "Original Hash Batches": 1, "Peak Memory Usage": 4297, "Plans": [{"Node Type": "Seq Scan", "Parent Relationship": "Outer", "Relation Name": "supplier", "Alias": "supplier", "Startup Cost": 0.0, "Total Cost": 3283.0, "Plan Rows": 100000, "Plan Width": 12, "Actual Startup Time": 0.022, "Actual Total Time": 36.695, "Actual Rows": 100000, "Actual Loops": 1}]}]}]}]}, "Triggers": [], "Planner Runtime": 8.833, "Total Runtime": 10241.237, "Unique SQL Id": 1392561963}}, "(16, 71)": {"explain_plan": {"Plan": {"Node Type": "Sort", "Startup Cost": 46003135.57, "Total Cost": 46003135.63, "Plan Rows": 25, "Plan Width": 50, "Sort Key": ["(sum((lineitem.l_extendedprice * (1::double precision - lineitem.l_discount)))) DESC"], "Plans": [{"Node Type": "Aggregate", "Strategy": "Hashed", "Parent Relationship": "Outer", "Startup Cost": 46003134.74, "Total Cost": 46003134.99, "Plan Rows": 25, "Plan Width": 50, "Group By Key": ["nation.n_name"], "Plans": [{"Node Type": "Nested Loop", "Parent Relationship": "Outer", "Join Type": "Inner", "Startup Cost": 58362.35, "Total Cost": 46003040.84, "Plan Rows": 9390, "Plan Width": 42, "Inner Unique": true, "Join Filter": "(customer.c_nationkey = supplier.s_nationkey)", "Plans": [{"Node Type": "Nested Loop", "Parent Relationship": "Outer", "Join Type": "Inner", "Startup Cost": 58362.1, "Total Cost": 30204103.6, "Plan Rows": 3688948, "Plan Width": 58, "Inner Unique": false, "Plans": [{"Node Type": "Nested Loop", "Parent Relationship": "Outer", "Join Type": "Inner", "Startup Cost": 58361.37, "Total Cost": 28202035.27, "Plan Rows": 406290, "Plan Width": 42, "Inner Unique": true, "Plans": [{"Node Type": "Nested Loop", "Parent Relationship": "Outer", "Join Type": "Inner", "Startup Cost": 58360.79, "Total Cost": 18851769.58, "Plan Rows": 2031452, "Plan Width": 46, "Inner Unique": true, "Plans": [{"Node Type": "Nested Loop", "Parent Relationship": "Outer", "Join Type": "Inner", "Startup Cost": 58360.54, "Total Cost": 10156636.32, "Plan Rows": 2031452, "Plan Width": 12, "Inner Unique": true, "Plans": [{"Node Type": "Bitmap Heap Scan", "Parent Relationship": "Outer", "Relation Name": "orders", "Alias": "orders", "Startup Cost": 58360.27, "Total Cost": 369005.64, "Plan Rows": 2281758, "Plan Width": 16, "Recheck Cond": "((o_orderdate >= '1994-01-01 00:00:00'::timestamp(0) without time zone) AND (o_orderdate < '1995-01-01 00:00:00'::timestamp without time zone)), (LLVM Optimized)", "Plans": [{"Node Type": "Bitmap Index Scan", "Parent Relationship": "Outer", "Index Name": "idx_orders_orderdate", "Startup Cost": 0.0, "Total Cost": 57789.83, "Plan Rows": 2281758, "Plan Width": 0, "Index Cond": "((o_orderdate >= '1994-01-01 00:00:00'::timestamp(0) without time zone) AND (o_orderdate < '1995-01-01 00:00:00'::timestamp without time zone))"}]}, {"Node Type": "Bitmap Heap Scan", "Parent Relationship": "Inner", "Relation Name": "customer", "Alias": "customer", "Startup Cost": 0.27, "Total Cost": 4.28, "Plan Rows": 1, "Plan Width": 12, "Recheck Cond": "(c_custkey = orders.o_custkey)", "Plans": [{"Node Type": "Bitmap Index Scan", "Parent Relationship": "Outer", "Index Name": "customer_pkey", "Startup Cost": 0.0, "Total Cost": 0.27, "Plan Rows": 1, "Plan Width": 0, "Index Cond": "(c_custkey = orders.o_custkey)"}]}]}, {"Node Type": "Bitmap Heap Scan", "Parent Relationship": "Inner", "Relation Name": "nation", "Alias": "nation", "Startup Cost": 0.26, "Total Cost": 4.27, "Plan Rows": 1, "Plan Width": 34, "Recheck Cond": "(n_nationkey = customer.c_nationkey)", "Plans": [{"Node Type": "Bitmap Index Scan", "Parent Relationship": "Outer", "Index Name": "nation_pkey", "Startup Cost": 0.0, "Total Cost": 0.26, "Plan Rows": 1, "Plan Width": 0, "Index Cond": "(n_nationkey = customer.c_nationkey)"}]}]}, {"Node Type": "Bitmap Heap Scan", "Parent Relationship": "Inner", "Relation Name": "region", "Alias": "region", "Startup Cost": 0.58, "Total Cost": 4.59, "Plan Rows": 1, "Plan Width": 4, "Recheck Cond": "(r_regionkey = nation.n_regionkey)", "Filter": "(r_name = 'MIDDLE EAST'::bpchar)", "Plans": [{"Node Type": "Bitmap Index Scan", "Parent Relationship": "Outer", "Index Name": "region_pkey", "Startup Cost": 0.0, "Total Cost": 0.58, "Plan Rows": 1, "Plan Width": 0, "Index Cond": "(r_regionkey = nation.n_regionkey)"}]}]}, {"Node Type": "Bitmap Heap Scan", "Parent Relationship": "Inner", "Relation Name": "lineitem", "Alias": "lineitem", "Startup Cost": 0.73, "Total Cost": 4.84, "Plan Rows": 9, "Plan Width": 32, "Recheck Cond": "(l_orderkey = orders.o_orderkey)", "Plans": [{"Node Type": "Bitmap Index Scan", "Parent Relationship": "Outer", "Index Name": "idx_lineitem_orderkey", "Startup Cost": 0.0, "Total Cost": 0.72, "Plan Rows": 9, "Plan Width": 0, "Index Cond": "(l_orderkey = orders.o_orderkey)"}]}]}, {"Node Type": "Bitmap Heap Scan", "Parent Relationship": "Inner", "Relation Name": "supplier", "Alias": "supplier", "Startup Cost": 0.26, "Total Cost": 4.27, "Plan Rows": 1, "Plan Width": 12, "Recheck Cond": "(s_suppkey = lineitem.l_suppkey)", "Plans": [{"Node Type": "Bitmap Index Scan", "Parent Relationship": "Outer", "Index Name": "supplier_pkey", "Startup Cost": 0.0, "Total Cost": 0.26, "Plan Rows": 1, "Plan Width": 0, "Index Cond": "(s_suppkey = lineitem.l_suppkey)"}]}]}]}]}, "Unique SQL Id": 1392561963}, "explain_analyze_plan": null}, "(16, 72)": {"explain_plan": {"Plan": {"Node Type": "Sort", "Startup Cost": 1725085.77, "Total Cost": 1725085.83, "Plan Rows": 25, "Plan Width": 50, "Sort Key": ["(sum((lineitem.l_extendedprice * (1::double precision - lineitem.l_discount)))) DESC"], "Plans": [{"Node Type": "Aggregate", "Strategy": "Hashed", "Parent Relationship": "Outer", "Startup Cost": 1725084.93, "Total Cost": 1725085.18, "Plan Rows": 25, "Plan Width": 50, "Group By Key": ["nation.n_name"], "Plans": [{"Node Type": "Hash Join", "Parent Relationship": "Outer", "Join Type": "Inner", "Startup Cost": 4783.0, "Total Cost": 1724991.03, "Plan Rows": 9390, "Plan Width": 42, "Inner Unique": true, "Hash Cond": "((lineitem.l_suppkey = supplier.s_suppkey) AND (customer.c_nationkey = supplier.s_nationkey))", "Plans": [{"Node Type": "Nested Loop", "Parent Relationship": "Outer", "Join Type": "Inner", "Startup Cost": 0.0, "Total Cost": 1692447.02, "Plan Rows": 3688948, "Plan Width": 58, "Inner Unique": false, "Plans": [{"Node Type": "Nested Loop", "Parent Relationship": "Outer", "Join Type": "Inner", "Startup Cost": 0.0, "Total Cost": 416652.61, "Plan Rows": 406290, "Plan Width": 42, "Inner Unique": false, "Plans": [{"Node Type": "Nested Loop", "Parent Relationship": "Outer", "Join Type": "Inner", "Startup Cost": 0.0, "Total Cost": 41543.81, "Plan Rows": 300000, "Plan Width": 42, "Inner Unique": false, "Plans": [{"Node Type": "Nested Loop", "Parent Relationship": "Outer", "Join Type": "Inner", "Startup Cost": 0.0, "Total Cost": 31.69, "Plan Rows": 5, "Plan Width": 30, "Inner Unique": true, "Plans": [{"Node Type": "Index Scan", "Parent Relationship": "Outer", "Scan Direction": "Forward", "Index Name": "nation_pkey", "Relation Name": "nation", "Alias": "nation", "Startup Cost": 0.0, "Total Cost": 12.62, "Plan Rows": 25, "Plan Width": 34}, {"Node Type": "Index Scan", "Parent Relationship": "Inner", "Scan Direction": "Forward", "Index Name": "region_pkey", "Relation Name": "region", "Alias": "region", "Startup Cost": 0.0, "Total Cost": 0.75, "Plan Rows": 1, "Plan Width": 4, "Index Cond": "(r_regionkey = nation.n_regionkey)", "Filter": "(r_name = 'MIDDLE EAST'::bpchar)"}]}, {"Node Type": "Index Scan", "Parent Relationship": "Inner", "Scan Direction": "Forward", "Index Name": "idx_customer_nationkey", "Relation Name": "customer", "Alias": "customer", "Startup Cost": 0.0, "Total Cost": 7702.43, "Plan Rows": 60000, "Plan Width": 12, "Index Cond": "(c_nationkey = nation.n_nationkey)"}]}, {"Node Type": "Index Scan", "Parent Relationship": "Inner", "Scan Direction": "Forward", "Index Name": "idx_orders_custkey", "Relation Name": "orders", "Alias": "orders", "Startup Cost": 0.0, "Total Cost": 1.24, "Plan Rows": 1, "Plan Width": 16, "Index Cond": "(o_custkey = customer.c_custkey)", "Filter": "((o_orderdate >= '1994-01-01 00:00:00'::timestamp(0) without time zone) AND (o_orderdate < '1995-01-01 00:00:00'::timestamp without time zone))"}]}, {"Node Type": "Index Scan", "Parent Relationship": "Inner", "Scan Direction": "Forward", "Index Name": "idx_lineitem_orderkey", "Relation Name": "lineitem", "Alias": "lineitem", "Startup Cost": 0.0, "Total Cost": 3.05, "Plan Rows": 9, "Plan Width": 32, "Index Cond": "(l_orderkey = orders.o_orderkey)"}]}, {"Node Type": "Hash", "Parent Relationship": "Inner", "Startup Cost": 3283.0, "Total Cost": 3283.0, "Plan Rows": 100000, "Plan Width": 12, "Plans": [{"Node Type": "Seq Scan", "Parent Relationship": "Outer", "Relation Name": "supplier", "Alias": "supplier", "Startup Cost": 0.0, "Total Cost": 3283.0, "Plan Rows": 100000, "Plan Width": 12}]}]}]}]}, "Unique SQL Id": 1392561963}, "explain_analyze_plan": {"Plan": {"Node Type": "Sort", "Startup Cost": 1725085.77, "Total Cost": 1725085.83, "Plan Rows": 25, "Plan Width": 50, "Actual Startup Time": 16700.716, "Actual Total Time": 16700.716, "Actual Rows": 5, "Actual Loops": 1, "Sort Key": ["(sum((lineitem.l_extendedprice * (1::double precision - lineitem.l_discount)))) DESC"], "Sort Method": "quicksort", "Sort Space Used": 25, "Sort Space Type": "Memory", "Plans": [{"Node Type": "Aggregate", "Strategy": "Hashed", "Parent Relationship": "Outer", "Startup Cost": 1725084.93, "Total Cost": 1725085.18, "Plan Rows": 25, "Plan Width": 50, "Actual Startup Time": 16700.685, "Actual Total Time": 16700.687, "Actual Rows": 5, "Actual Loops": 1, "Group By Key": ["nation.n_name"], "Plans": [{"Node Type": "Hash Join", "Parent Relationship": "Outer", "Join Type": "Inner", "Startup Cost": 4783.0, "Total Cost": 1724991.03, "Plan Rows": 9390, "Plan Width": 42, "Actual Startup Time": 67.894, "Actual Total Time": 16622.626, "Actual Rows": 72985, "Actual Loops": 1, "Inner Unique": true, "Hash Cond": "((lineitem.l_suppkey = supplier.s_suppkey) AND (customer.c_nationkey = supplier.s_nationkey))", "Plans": [{"Node Type": "Nested Loop", "Parent Relationship": "Outer", "Join Type": "Inner", "Startup Cost": 0.0, "Total Cost": 1692447.02, "Plan Rows": 3688948, "Plan Width": 58, "Actual Startup Time": 0.146, "Actual Total Time": 15701.711, "Actual Rows": 1815222, "Actual Loops": 1, "Inner Unique": false, "Plans": [{"Node Type": "Nested Loop", "Parent Relationship": "Outer", "Join Type": "Inner", "Startup Cost": 0.0, "Total Cost": 416652.61, "Plan Rows": 406290, "Plan Width": 42, "Actual Startup Time": 0.127, "Actual Total Time": 9837.513, "Actual Rows": 454183, "Actual Loops": 1, "Inner Unique": false, "Plans": [{"Node Type": "Nested Loop", "Parent Relationship": "Outer", "Join Type": "Inner", "Startup Cost": 0.0, "Total Cost": 41543.81, "Plan Rows": 300000, "Plan Width": 42, "Actual Startup Time": 0.072, "Actual Total Time": 532.033, "Actual Rows": 299838, "Actual Loops": 1, "Inner Unique": false, "Plans": [{"Node Type": "Nested Loop", "Parent Relationship": "Outer", "Join Type": "Inner", "Startup Cost": 0.0, "Total Cost": 31.69, "Plan Rows": 5, "Plan Width": 30, "Actual Startup Time": 0.045, "Actual Total Time": 0.19, "Actual Rows": 5, "Actual Loops": 1, "Inner Unique": true, "Plans": [{"Node Type": "Index Scan", "Parent Relationship": "Outer", "Scan Direction": "Forward", "Index Name": "nation_pkey", "Relation Name": "nation", "Alias": "nation", "Startup Cost": 0.0, "Total Cost": 12.62, "Plan Rows": 25, "Plan Width": 34, "Actual Startup Time": 0.013, "Actual Total Time": 0.041, "Actual Rows": 25, "Actual Loops": 1}, {"Node Type": "Index Scan", "Parent Relationship": "Inner", "Scan Direction": "Forward", "Index Name": "region_pkey", "Relation Name": "region", "Alias": "region", "Startup Cost": 0.0, "Total Cost": 0.75, "Plan Rows": 1, "Plan Width": 4, "Actual Startup Time": 0.099, "Actual Total Time": 0.099, "Actual Rows": 5, "Actual Loops": 25, "Index Cond": "(r_regionkey = nation.n_regionkey)", "Rows Removed by Index Recheck": 0, "Filter": "(r_name = 'MIDDLE EAST'::bpchar)", "Rows Removed by Filter": 20}]}, {"Node Type": "Index Scan", "Parent Relationship": "Inner", "Scan Direction": "Forward", "Index Name": "idx_customer_nationkey", "Relation Name": "customer", "Alias": "customer", "Startup Cost": 0.0, "Total Cost": 7702.43, "Plan Rows": 60000, "Plan Width": 12, "Actual Startup Time": 0.157, "Actual Total Time": 446.471, "Actual Rows": 299838, "Actual Loops": 5, "Index Cond": "(c_nationkey = nation.n_nationkey)", "Rows Removed by Index Recheck": 0}]}, {"Node Type": "Index Scan", "Parent Relationship": "Inner", "Scan Direction": "Forward", "Index Name": "idx_orders_custkey", "Relation Name": "orders", "Alias": "orders", "Startup Cost": 0.0, "Total Cost": 1.24, "Plan Rows": 1, "Plan Width": 16, "Actual Startup Time": 4201.905, "Actual Total Time": 9042.186, "Actual Rows": 454183, "Actual Loops": 299838, "Index Cond": "(o_custkey = customer.c_custkey)", "Rows Removed by Index Recheck": 0, "Filter": "((o_orderdate >= '1994-01-01 00:00:00'::timestamp(0) without time zone) AND (o_orderdate < '1995-01-01 00:00:00'::timestamp without time zone))", "Rows Removed by Filter": 2542535}]}, {"Node Type": "Index Scan", "Parent Relationship": "Inner", "Scan Direction": "Forward", "Index Name": "idx_lineitem_orderkey", "Relation Name": "lineitem", "Alias": "lineitem", "Startup Cost": 0.0, "Total Cost": 3.05, "Plan Rows": 9, "Plan Width": 32, "Actual Startup Time": 4274.874, "Actual Total Time": 5221.193, "Actual Rows": 1815222, "Actual Loops": 454183, "Index Cond": "(l_orderkey = orders.o_orderkey)", "Rows Removed by Index Recheck": 0}]}, {"Node Type": "Hash", "Parent Relationship": "Inner", "Startup Cost": 3283.0, "Total Cost": 3283.0, "Plan Rows": 100000, "Plan Width": 12, "Actual Startup Time": 67.503, "Actual Total Time": 67.503, "Actual Rows": 100000, "Actual Loops": 1, "Hash Buckets": 131072, "Hash Batches": 1, "Original Hash Batches": 1, "Peak Memory Usage": 4297, "Plans": [{"Node Type": "Seq Scan", "Parent Relationship": "Outer", "Relation Name": "supplier", "Alias": "supplier", "Startup Cost": 0.0, "Total Cost": 3283.0, "Plan Rows": 100000, "Plan Width": 12, "Actual Startup Time": 0.017, "Actual Total Time": 36.638, "Actual Rows": 100000, "Actual Loops": 1}]}]}]}]}, "Triggers": [], "Planner Runtime": 9.014, "Total Runtime": 16701.039, "Unique SQL Id": 1392561963}}, "(16, 73)": {"explain_plan": {"Plan": {"Node Type": "Sort", "Startup Cost": 1727137.31, "Total Cost": 1727137.37, "Plan Rows": 25, "Plan Width": 50, "Sort Key": ["(sum((lineitem.l_extendedprice * (1::double precision - lineitem.l_discount)))) DESC"], "Plans": [{"Node Type": "Aggregate", "Strategy": "Hashed", "Parent Relationship": "Outer", "Startup Cost": 1727136.48, "Total Cost": 1727136.73, "Plan Rows": 25, "Plan Width": 50, "Group By Key": ["nation.n_name"], "Plans": [{"Node Type": "Hash Join", "Parent Relationship": "Outer", "Join Type": "Inner", "Startup Cost": 6834.54, "Total Cost": 1727042.58, "Plan Rows": 9390, "Plan Width": 42, "Inner Unique": true, "Hash Cond": "((lineitem.l_suppkey = supplier.s_suppkey) AND (customer.c_nationkey = supplier.s_nationkey))", "Plans": [{"Node Type": "Nested Loop", "Parent Relationship": "Outer", "Join Type": "Inner", "Startup Cost": 0.0, "Total Cost": 1692447.02, "Plan Rows": 3688948, "Plan Width": 58, "Inner Unique": false, "Plans": [{"Node Type": "Nested Loop", "Parent Relationship": "Outer", "Join Type": "Inner", "Startup Cost": 0.0, "Total Cost": 416652.61, "Plan Rows": 406290, "Plan Width": 42, "Inner Unique": false, "Plans": [{"Node Type": "Nested Loop", "Parent Relationship": "Outer", "Join Type": "Inner", "Startup Cost": 0.0, "Total Cost": 41543.81, "Plan Rows": 300000, "Plan Width": 42, "Inner Unique": false, "Plans": [{"Node Type": "Nested Loop", "Parent Relationship": "Outer", "Join Type": "Inner", "Startup Cost": 0.0, "Total Cost": 31.69, "Plan Rows": 5, "Plan Width": 30, "Inner Unique": true, "Plans": [{"Node Type": "Index Scan", "Parent Relationship": "Outer", "Scan Direction": "Forward", "Index Name": "nation_pkey", "Relation Name": "nation", "Alias": "nation", "Startup Cost": 0.0, "Total Cost": 12.62, "Plan Rows": 25, "Plan Width": 34}, {"Node Type": "Index Scan", "Parent Relationship": "Inner", "Scan Direction": "Forward", "Index Name": "region_pkey", "Relation Name": "region", "Alias": "region", "Startup Cost": 0.0, "Total Cost": 0.75, "Plan Rows": 1, "Plan Width": 4, "Index Cond": "(r_regionkey = nation.n_regionkey)", "Filter": "(r_name = 'MIDDLE EAST'::bpchar)"}]}, {"Node Type": "Index Scan", "Parent Relationship": "Inner", "Scan Direction": "Forward", "Index Name": "idx_customer_nationkey", "Relation Name": "customer", "Alias": "customer", "Startup Cost": 0.0, "Total Cost": 7702.43, "Plan Rows": 60000, "Plan Width": 12, "Index Cond": "(c_nationkey = nation.n_nationkey)"}]}, {"Node Type": "Index Scan", "Parent Relationship": "Inner", "Scan Direction": "Forward", "Index Name": "idx_orders_custkey", "Relation Name": "orders", "Alias": "orders", "Startup Cost": 0.0, "Total Cost": 1.24, "Plan Rows": 1, "Plan Width": 16, "Index Cond": "(o_custkey = customer.c_custkey)", "Filter": "((o_orderdate >= '1994-01-01 00:00:00'::timestamp(0) without time zone) AND (o_orderdate < '1995-01-01 00:00:00'::timestamp without time zone))"}]}, {"Node Type": "Index Scan", "Parent Relationship": "Inner", "Scan Direction": "Forward", "Index Name": "idx_lineitem_orderkey", "Relation Name": "lineitem", "Alias": "lineitem", "Startup Cost": 0.0, "Total Cost": 3.05, "Plan Rows": 9, "Plan Width": 32, "Index Cond": "(l_orderkey = orders.o_orderkey)"}]}, {"Node Type": "Hash", "Parent Relationship": "Inner", "Startup Cost": 5334.54, "Total Cost": 5334.54, "Plan Rows": 100000, "Plan Width": 12, "Plans": [{"Node Type": "Index Scan", "Parent Relationship": "Outer", "Scan Direction": "Forward", "Index Name": "supplier_pkey", "Relation Name": "supplier", "Alias": "supplier", "Startup Cost": 0.0, "Total Cost": 5334.54, "Plan Rows": 100000, "Plan Width": 12}]}]}]}]}, "Unique SQL Id": 1392561963}, "explain_analyze_plan": {"Plan": {"Node Type": "Sort", "Startup Cost": 1727137.31, "Total Cost": 1727137.37, "Plan Rows": 25, "Plan Width": 50, "Actual Startup Time": 16836.443, "Actual Total Time": 16836.444, "Actual Rows": 5, "Actual Loops": 1, "Sort Key": ["(sum((lineitem.l_extendedprice * (1::double precision - lineitem.l_discount)))) DESC"], "Sort Method": "quicksort", "Sort Space Used": 25, "Sort Space Type": "Memory", "Plans": [{"Node Type": "Aggregate", "Strategy": "Hashed", "Parent Relationship": "Outer", "Startup Cost": 1727136.48, "Total Cost": 1727136.73, "Plan Rows": 25, "Plan Width": 50, "Actual Startup Time": 16836.409, "Actual Total Time": 16836.411, "Actual Rows": 5, "Actual Loops": 1, "Group By Key": ["nation.n_name"], "Plans": [{"Node Type": "Hash Join", "Parent Relationship": "Outer", "Join Type": "Inner", "Startup Cost": 6834.54, "Total Cost": 1727042.58, "Plan Rows": 9390, "Plan Width": 42, "Actual Startup Time": 98.747, "Actual Total Time": 16757.045, "Actual Rows": 72985, "Actual Loops": 1, "Inner Unique": true, "Hash Cond": "((lineitem.l_suppkey = supplier.s_suppkey) AND (customer.c_nationkey = supplier.s_nationkey))", "Plans": [{"Node Type": "Nested Loop", "Parent Relationship": "Outer", "Join Type": "Inner", "Startup Cost": 0.0, "Total Cost": 1692447.02, "Plan Rows": 3688948, "Plan Width": 58, "Actual Startup Time": 0.153, "Actual Total Time": 15796.061, "Actual Rows": 1815222, "Actual Loops": 1, "Inner Unique": false, "Plans": [{"Node Type": "Nested Loop", "Parent Relationship": "Outer", "Join Type": "Inner", "Startup Cost": 0.0, "Total Cost": 416652.61, "Plan Rows": 406290, "Plan Width": 42, "Actual Startup Time": 0.131, "Actual Total Time": 9890.112, "Actual Rows": 454183, "Actual Loops": 1, "Inner Unique": false, "Plans": [{"Node Type": "Nested Loop", "Parent Relationship": "Outer", "Join Type": "Inner", "Startup Cost": 0.0, "Total Cost": 41543.81, "Plan Rows": 300000, "Plan Width": 42, "Actual Startup Time": 0.073, "Actual Total Time": 525.868, "Actual Rows": 299838, "Actual Loops": 1, "Inner Unique": false, "Plans": [{"Node Type": "Nested Loop", "Parent Relationship": "Outer", "Join Type": "Inner", "Startup Cost": 0.0, "Total Cost": 31.69, "Plan Rows": 5, "Plan Width": 30, "Actual Startup Time": 0.046, "Actual Total Time": 0.204, "Actual Rows": 5, "Actual Loops": 1, "Inner Unique": true, "Plans": [{"Node Type": "Index Scan", "Parent Relationship": "Outer", "Scan Direction": "Forward", "Index Name": "nation_pkey", "Relation Name": "nation", "Alias": "nation", "Startup Cost": 0.0, "Total Cost": 12.62, "Plan Rows": 25, "Plan Width": 34, "Actual Startup Time": 0.014, "Actual Total Time": 0.042, "Actual Rows": 25, "Actual Loops": 1}, {"Node Type": "Index Scan", "Parent Relationship": "Inner", "Scan Direction": "Forward", "Index Name": "region_pkey", "Relation Name": "region", "Alias": "region", "Startup Cost": 0.0, "Total Cost": 0.75, "Plan Rows": 1, "Plan Width": 4, "Actual Startup Time": 0.103, "Actual Total Time": 0.103, "Actual Rows": 5, "Actual Loops": 25, "Index Cond": "(r_regionkey = nation.n_regionkey)", "Rows Removed by Index Recheck": 0, "Filter": "(r_name = 'MIDDLE EAST'::bpchar)", "Rows Removed by Filter": 20}]}, {"Node Type": "Index Scan", "Parent Relationship": "Inner", "Scan Direction": "Forward", "Index Name": "idx_customer_nationkey", "Relation Name": "customer", "Alias": "customer", "Startup Cost": 0.0, "Total Cost": 7702.43, "Plan Rows": 60000, "Plan Width": 12, "Actual Startup Time": 0.187, "Actual Total Time": 443.656, "Actual Rows": 299838, "Actual Loops": 5, "Index Cond": "(c_nationkey = nation.n_nationkey)", "Rows Removed by Index Recheck": 0}]}, {"Node Type": "Index Scan", "Parent Relationship": "Inner", "Scan Direction": "Forward", "Index Name": "idx_orders_custkey", "Relation Name": "orders", "Alias": "orders", "Startup Cost": 0.0, "Total Cost": 1.24, "Plan Rows": 1, "Plan Width": 16, "Actual Startup Time": 4230.273, "Actual Total Time": 9102.493, "Actual Rows": 454183, "Actual Loops": 299838, "Index Cond": "(o_custkey = customer.c_custkey)", "Rows Removed by Index Recheck": 0, "Filter": "((o_orderdate >= '1994-01-01 00:00:00'::timestamp(0) without time zone) AND (o_orderdate < '1995-01-01 00:00:00'::timestamp without time zone))", "Rows Removed by Filter": 2542535}]}, {"Node Type": "Index Scan", "Parent Relationship": "Inner", "Scan Direction": "Forward", "Index Name": "idx_lineitem_orderkey", "Relation Name": "lineitem", "Alias": "lineitem", "Startup Cost": 0.0, "Total Cost": 3.05, "Plan Rows": 9, "Plan Width": 32, "Actual Startup Time": 4308.503, "Actual Total Time": 5258.114, "Actual Rows": 1815222, "Actual Loops": 454183, "Index Cond": "(l_orderkey = orders.o_orderkey)", "Rows Removed by Index Recheck": 0}]}, {"Node Type": "Hash", "Parent Relationship": "Inner", "Startup Cost": 5334.54, "Total Cost": 5334.54, "Plan Rows": 100000, "Plan Width": 12, "Actual Startup Time": 98.359, "Actual Total Time": 98.359, "Actual Rows": 100000, "Actual Loops": 1, "Hash Buckets": 131072, "Hash Batches": 1, "Original Hash Batches": 1, "Peak Memory Usage": 4297, "Plans": [{"Node Type": "Index Scan", "Parent Relationship": "Outer", "Scan Direction": "Forward", "Index Name": "supplier_pkey", "Relation Name": "supplier", "Alias": "supplier", "Startup Cost": 0.0, "Total Cost": 5334.54, "Plan Rows": 100000, "Plan Width": 12, "Actual Startup Time": 0.019, "Actual Total Time": 66.392, "Actual Rows": 100000, "Actual Loops": 1}]}]}]}]}, "Triggers": [], "Planner Runtime": 8.659, "Total Runtime": 16836.75, "Unique SQL Id": 1392561963}}, "(16, 74)": {"explain_plan": {"Plan": {"Node Type": "Sort", "Startup Cost": 2891580.15, "Total Cost": 2891580.22, "Plan Rows": 25, "Plan Width": 50, "Sort Key": ["(sum((lineitem.l_extendedprice * (1::double precision - lineitem.l_discount)))) DESC"], "Plans": [{"Node Type": "Aggregate", "Strategy": "Hashed", "Parent Relationship": "Outer", "Startup Cost": 2891579.32, "Total Cost": 2891579.57, "Plan Rows": 25, "Plan Width": 50, "Group By Key": ["nation.n_name"], "Plans": [{"Node Type": "Hash Join", "Parent Relationship": "Outer", "Join Type": "Inner", "Startup Cost": 586755.18, "Total Cost": 2891485.42, "Plan Rows": 9390, "Plan Width": 42, "Inner Unique": true, "Hash Cond": "((lineitem.l_suppkey = supplier.s_suppkey) AND (customer.c_nationkey = supplier.s_nationkey))", "Plans": [{"Node Type": "Hash Join", "Parent Relationship": "Outer", "Join Type": "Inner", "Startup Cost": 581972.18, "Total Cost": 2858928.33, "Plan Rows": 3688948, "Plan Width": 58, "Inner Unique": false, "Hash Cond": "(lineitem.l_orderkey = orders.o_orderkey), (LLVM Optimized)", "Plans": [{"Node Type": "Seq Scan", "Parent Relationship": "Outer", "Relation Name": "lineitem", "Alias": "lineitem", "Startup Cost": 0.0, "Total Cost": 2015115.33, "Plan Rows": 59987033, "Plan Width": 32}, {"Node Type": "Hash", "Parent Relationship": "Inner", "Startup Cost": 576893.55, "Total Cost": 576893.55, "Plan Rows": 406290, "Plan Width": 42, "Plans": [{"Node Type": "Hash Join", "Parent Relationship": "Outer", "Join Type": "Inner", "Startup Cost": 63303.94, "Total Cost": 576893.55, "Plan Rows": 406290, "Plan Width": 42, "Inner Unique": false, "Hash Cond": "(orders.o_custkey = customer.c_custkey), (LLVM Optimized)", "Plans": [{"Node Type": "Seq Scan", "Parent Relationship": "Outer", "Relation Name": "orders", "Alias": "orders", "Startup Cost": 441.06, "Total Cost": 501411.18, "Plan Rows": 2281758, "Plan Width": 16, "Filter": "((o_orderdate >= '1994-01-01 00:00:00'::timestamp(0) without time zone) AND (o_orderdate < '1995-01-01 00:00:00'::timestamp without time zone)), (LLVM Optimized)"}, {"Node Type": "Hash", "Parent Relationship": "Inner", "Startup Cost": 59112.88, "Total Cost": 59112.88, "Plan Rows": 300000, "Plan Width": 42, "Plans": [{"Node Type": "Hash Join", "Parent Relationship": "Outer", "Join Type": "Inner", "Startup Cost": 2.5, "Total Cost": 59112.88, "Plan Rows": 300000, "Plan Width": 42, "Inner Unique": false, "Hash Cond": "(customer.c_nationkey = nation.n_nationkey), (LLVM Optimized)", "Plans": [{"Node Type": "Seq Scan", "Parent Relationship": "Outer", "Relation Name": "customer", "Alias": "customer", "Startup Cost": 0.0, "Total Cost": 52126.0, "Plan Rows": 1500000, "Plan Width": 12}, {"Node Type": "Hash", "Parent Relationship": "Inner", "Startup Cost": 2.44, "Total Cost": 2.44, "Plan Rows": 5, "Plan Width": 30, "Plans": [{"Node Type": "Hash Join", "Parent Relationship": "Outer", "Join Type": "Inner", "Startup Cost": 1.07, "Total Cost": 2.44, "Plan Rows": 5, "Plan Width": 30, "Inner Unique": true, "Hash Cond": "(nation.n_regionkey = region.r_regionkey)", "Plans": [{"Node Type": "Seq Scan", "Parent Relationship": "Outer", "Relation Name": "nation", "Alias": "nation", "Startup Cost": 0.0, "Total Cost": 1.25, "Plan Rows": 25, "Plan Width": 34}, {"Node Type": "Hash", "Parent Relationship": "Inner", "Startup Cost": 1.06, "Total Cost": 1.06, "Plan Rows": 1, "Plan Width": 4, "Plans": [{"Node Type": "Seq Scan", "Parent Relationship": "Outer", "Relation Name": "region", "Alias": "region", "Startup Cost": 0.0, "Total Cost": 1.06, "Plan Rows": 1, "Plan Width": 4, "Filter": "(r_name = 'MIDDLE EAST'::bpchar)"}]}]}]}]}]}]}]}]}, {"Node Type": "Hash", "Parent Relationship": "Inner", "Startup Cost": 3283.0, "Total Cost": 3283.0, "Plan Rows": 100000, "Plan Width": 12, "Plans": [{"Node Type": "Seq Scan", "Parent Relationship": "Outer", "Relation Name": "supplier", "Alias": "supplier", "Startup Cost": 0.0, "Total Cost": 3283.0, "Plan Rows": 100000, "Plan Width": 12}]}]}]}]}, "Unique SQL Id": 1392561963}, "explain_analyze_plan": null}, "(16, 75)": {"explain_plan": {"Plan": {"Node Type": "Sort", "Startup Cost": 6000538575450.4, "Total Cost": 6000538575450.46, "Plan Rows": 25, "Plan Width": 50, "Sort Key": ["(sum((lineitem.l_extendedprice * (1::double precision - lineitem.l_discount)))) DESC"], "Plans": [{"Node Type": "Aggregate", "Strategy": "Hashed", "Parent Relationship": "Outer", "Startup Cost": 6000538575449.57, "Total Cost": 6000538575449.82, "Plan Rows": 25, "Plan Width": 50, "Group By Key": ["nation.n_name"], "Plans": [{"Node Type": "Hash Join", "Parent Relationship": "Outer", "Join Type": "Inner", "Startup Cost": 3030389125516.43, "Total Cost": 6000538575355.67, "Plan Rows": 9390, "Plan Width": 42, "Inner Unique": false, "Hash Cond": "((customer.c_custkey = orders.o_custkey) AND (supplier.s_suppkey = lineitem.l_suppkey))", "Plans": [{"Node Type": "Hash Join", "Parent Relationship": "Outer", "Join Type": "Inner", "Startup Cost": 1030000001233.76, "Total Cost": 4000137451743.55, "Plan Rows": 1199923555, "Plan Width": 42, "Inner Unique": true, "Hash Cond": "(nation.n_regionkey = region.r_regionkey), (LLVM Optimized)", "Plans": [{"Node Type": "Merge Join", "Parent Relationship": "Outer", "Join Type": "Inner", "Startup Cost": 30000000000.0, "Total Cost": 3000110414732.2, "Plan Rows": 5999617773, "Plan Width": 46, "Inner Unique": false, "Merge Cond": "(supplier.s_nationkey = customer.c_nationkey)", "Plans": [{"Node Type": "Merge Join", "Parent Relationship": "Outer", "Join Type": "Inner", "Startup Cost": 20000000000.0, "Total Cost": 2000001220069.35, "Plan Rows": 100000, "Plan Width": 46, "Inner Unique": false, "Merge Cond": "(nation.n_nationkey = supplier.s_nationkey)", "Plans": [{"Node Type": "Index Scan", "Parent Relationship": "Outer", "Scan Direction": "Forward", "Index Name": "nation_pkey", "Relation Name": "nation", "Alias": "nation", "Startup Cost": 10000000000.0, "Total Cost": 1000000001262.5, "Plan Rows": 25, "Plan Width": 34}, {"Node Type": "Index Scan", "Parent Relationship": "Inner", "Scan Direction": "Forward", "Index Name": "idx_supplier_nation_key", "Relation Name": "supplier", "Alias": "supplier", "Startup Cost": 10000000000.0, "Total Cost": 1000001217556.78, "Plan Rows": 100000, "Plan Width": 12}]}, {"Node Type": "Materialize", "Parent Relationship": "Inner", "Startup Cost": 10000000000.0, "Total Cost": 1000019203896.25, "Plan Rows": 1500000, "Plan Width": 12, "Plans": [{"Node Type": "Index Scan", "Parent Relationship": "Outer", "Scan Direction": "Forward", "Index Name": "idx_customer_nationkey", "Relation Name": "customer", "Alias": "customer", "Startup Cost": 10000000000.0, "Total Cost": 1000019200146.25, "Plan Rows": 1500000, "Plan Width": 12}]}]}, {"Node Type": "Hash", "Parent Relationship": "Inner", "Startup Cost": 1000000001233.75, "Total Cost": 1000000001233.75, "Plan Rows": 1, "Plan Width": 4, "Plans": [{"Node Type": "Index Scan", "Parent Relationship": "Outer", "Scan Direction": "Forward", "Index Name": "region_pkey", "Relation Name": "region", "Alias": "region", "Startup Cost": 10000000000.0, "Total Cost": 1000000001233.75, "Plan Rows": 1, "Plan Width": 4, "Filter": "(r_name = 'MIDDLE EAST'::bpchar)"}]}]}, {"Node Type": "Hash", "Parent Relationship": "Inner", "Startup Cost": 2000388813521.41, "Total Cost": 2000388813521.41, "Plan Rows": 20717417, "Plan Width": 32, "Plans": [{"Node Type": "Merge Join", "Parent Relationship": "Outer", "Join Type": "Inner", "Startup Cost": 20036448550.05, "Total Cost": 2000388813521.41, "Plan Rows": 20717417, "Plan Width": 32, "Inner Unique": false, "Merge Cond": "(orders.o_orderkey = lineitem.l_orderkey)", "Plans": [{"Node Type": "Index Scan", "Parent Relationship": "Outer", "Scan Direction": "Forward", "Index Name": "orders_pkey", "Relation Name": "orders", "Alias": "orders", "Startup Cost": 10000000000.0, "Total Cost": 1000080597583.0, "Plan Rows": 2281758, "Plan Width": 16, "Filter": "((o_orderdate >= '1994-01-01 00:00:00'::timestamp(0) without time zone) AND (o_orderdate < '1995-01-01 00:00:00'::timestamp without time zone)), (LLVM Optimized)"}, {"Node Type": "Index Scan", "Parent Relationship": "Inner", "Scan Direction": "Forward", "Index Name": "idx_lineitem_orderkey", "Relation Name": "lineitem", "Alias": "lineitem", "Startup Cost": 10000000000.0, "Total Cost": 1000324015374.5, "Plan Rows": 59987033, "Plan Width": 32}]}]}]}]}]}, "Unique SQL Id": 1392561963}, "explain_analyze_plan": null}, "(16, 76)": {"explain_plan": {"Plan": {"Node Type": "Sort", "Startup Cost": 1725085.77, "Total Cost": 1725085.83, "Plan Rows": 25, "Plan Width": 50, "Sort Key": ["(sum((lineitem.l_extendedprice * (1::double precision - lineitem.l_discount)))) DESC"], "Plans": [{"Node Type": "Aggregate", "Strategy": "Hashed", "Parent Relationship": "Outer", "Startup Cost": 1725084.93, "Total Cost": 1725085.18, "Plan Rows": 25, "Plan Width": 50, "Group By Key": ["nation.n_name"], "Plans": [{"Node Type": "Hash Join", "Parent Relationship": "Outer", "Join Type": "Inner", "Startup Cost": 4783.0, "Total Cost": 1724991.03, "Plan Rows": 9390, "Plan Width": 42, "Inner Unique": true, "Hash Cond": "((lineitem.l_suppkey = supplier.s_suppkey) AND (customer.c_nationkey = supplier.s_nationkey))", "Plans": [{"Node Type": "Nested Loop", "Parent Relationship": "Outer", "Join Type": "Inner", "Startup Cost": 0.0, "Total Cost": 1692447.02, "Plan Rows": 3688948, "Plan Width": 58, "Inner Unique": false, "Plans": [{"Node Type": "Nested Loop", "Parent Relationship": "Outer", "Join Type": "Inner", "Startup Cost": 0.0, "Total Cost": 416652.61, "Plan Rows": 406290, "Plan Width": 42, "Inner Unique": false, "Plans": [{"Node Type": "Nested Loop", "Parent Relationship": "Outer", "Join Type": "Inner", "Startup Cost": 0.0, "Total Cost": 41543.81, "Plan Rows": 300000, "Plan Width": 42, "Inner Unique": false, "Plans": [{"Node Type": "Nested Loop", "Parent Relationship": "Outer", "Join Type": "Inner", "Startup Cost": 0.0, "Total Cost": 31.69, "Plan Rows": 5, "Plan Width": 30, "Inner Unique": true, "Plans": [{"Node Type": "Index Scan", "Parent Relationship": "Outer", "Scan Direction": "Forward", "Index Name": "nation_pkey", "Relation Name": "nation", "Alias": "nation", "Startup Cost": 0.0, "Total Cost": 12.62, "Plan Rows": 25, "Plan Width": 34}, {"Node Type": "Index Scan", "Parent Relationship": "Inner", "Scan Direction": "Forward", "Index Name": "region_pkey", "Relation Name": "region", "Alias": "region", "Startup Cost": 0.0, "Total Cost": 0.75, "Plan Rows": 1, "Plan Width": 4, "Index Cond": "(r_regionkey = nation.n_regionkey)", "Filter": "(r_name = 'MIDDLE EAST'::bpchar)"}]}, {"Node Type": "Index Scan", "Parent Relationship": "Inner", "Scan Direction": "Forward", "Index Name": "idx_customer_nationkey", "Relation Name": "customer", "Alias": "customer", "Startup Cost": 0.0, "Total Cost": 7702.43, "Plan Rows": 60000, "Plan Width": 12, "Index Cond": "(c_nationkey = nation.n_nationkey)"}]}, {"Node Type": "Index Scan", "Parent Relationship": "Inner", "Scan Direction": "Forward", "Index Name": "idx_orders_custkey", "Relation Name": "orders", "Alias": "orders", "Startup Cost": 0.0, "Total Cost": 1.24, "Plan Rows": 1, "Plan Width": 16, "Index Cond": "(o_custkey = customer.c_custkey)", "Filter": "((o_orderdate >= '1994-01-01 00:00:00'::timestamp(0) without time zone) AND (o_orderdate < '1995-01-01 00:00:00'::timestamp without time zone))"}]}, {"Node Type": "Index Scan", "Parent Relationship": "Inner", "Scan Direction": "Forward", "Index Name": "idx_lineitem_orderkey", "Relation Name": "lineitem", "Alias": "lineitem", "Startup Cost": 0.0, "Total Cost": 3.05, "Plan Rows": 9, "Plan Width": 32, "Index Cond": "(l_orderkey = orders.o_orderkey)"}]}, {"Node Type": "Hash", "Parent Relationship": "Inner", "Startup Cost": 3283.0, "Total Cost": 3283.0, "Plan Rows": 100000, "Plan Width": 12, "Plans": [{"Node Type": "Seq Scan", "Parent Relationship": "Outer", "Relation Name": "supplier", "Alias": "supplier", "Startup Cost": 0.0, "Total Cost": 3283.0, "Plan Rows": 100000, "Plan Width": 12}]}]}]}]}, "Unique SQL Id": 1392561963}, "explain_analyze_plan": {"Plan": {"Node Type": "Sort", "Startup Cost": 1725085.77, "Total Cost": 1725085.83, "Plan Rows": 25, "Plan Width": 50, "Actual Startup Time": 16700.716, "Actual Total Time": 16700.716, "Actual Rows": 5, "Actual Loops": 1, "Sort Key": ["(sum((lineitem.l_extendedprice * (1::double precision - lineitem.l_discount)))) DESC"], "Sort Method": "quicksort", "Sort Space Used": 25, "Sort Space Type": "Memory", "Plans": [{"Node Type": "Aggregate", "Strategy": "Hashed", "Parent Relationship": "Outer", "Startup Cost": 1725084.93, "Total Cost": 1725085.18, "Plan Rows": 25, "Plan Width": 50, "Actual Startup Time": 16700.685, "Actual Total Time": 16700.687, "Actual Rows": 5, "Actual Loops": 1, "Group By Key": ["nation.n_name"], "Plans": [{"Node Type": "Hash Join", "Parent Relationship": "Outer", "Join Type": "Inner", "Startup Cost": 4783.0, "Total Cost": 1724991.03, "Plan Rows": 9390, "Plan Width": 42, "Actual Startup Time": 67.894, "Actual Total Time": 16622.626, "Actual Rows": 72985, "Actual Loops": 1, "Inner Unique": true, "Hash Cond": "((lineitem.l_suppkey = supplier.s_suppkey) AND (customer.c_nationkey = supplier.s_nationkey))", "Plans": [{"Node Type": "Nested Loop", "Parent Relationship": "Outer", "Join Type": "Inner", "Startup Cost": 0.0, "Total Cost": 1692447.02, "Plan Rows": 3688948, "Plan Width": 58, "Actual Startup Time": 0.146, "Actual Total Time": 15701.711, "Actual Rows": 1815222, "Actual Loops": 1, "Inner Unique": false, "Plans": [{"Node Type": "Nested Loop", "Parent Relationship": "Outer", "Join Type": "Inner", "Startup Cost": 0.0, "Total Cost": 416652.61, "Plan Rows": 406290, "Plan Width": 42, "Actual Startup Time": 0.127, "Actual Total Time": 9837.513, "Actual Rows": 454183, "Actual Loops": 1, "Inner Unique": false, "Plans": [{"Node Type": "Nested Loop", "Parent Relationship": "Outer", "Join Type": "Inner", "Startup Cost": 0.0, "Total Cost": 41543.81, "Plan Rows": 300000, "Plan Width": 42, "Actual Startup Time": 0.072, "Actual Total Time": 532.033, "Actual Rows": 299838, "Actual Loops": 1, "Inner Unique": false, "Plans": [{"Node Type": "Nested Loop", "Parent Relationship": "Outer", "Join Type": "Inner", "Startup Cost": 0.0, "Total Cost": 31.69, "Plan Rows": 5, "Plan Width": 30, "Actual Startup Time": 0.045, "Actual Total Time": 0.19, "Actual Rows": 5, "Actual Loops": 1, "Inner Unique": true, "Plans": [{"Node Type": "Index Scan", "Parent Relationship": "Outer", "Scan Direction": "Forward", "Index Name": "nation_pkey", "Relation Name": "nation", "Alias": "nation", "Startup Cost": 0.0, "Total Cost": 12.62, "Plan Rows": 25, "Plan Width": 34, "Actual Startup Time": 0.013, "Actual Total Time": 0.041, "Actual Rows": 25, "Actual Loops": 1}, {"Node Type": "Index Scan", "Parent Relationship": "Inner", "Scan Direction": "Forward", "Index Name": "region_pkey", "Relation Name": "region", "Alias": "region", "Startup Cost": 0.0, "Total Cost": 0.75, "Plan Rows": 1, "Plan Width": 4, "Actual Startup Time": 0.099, "Actual Total Time": 0.099, "Actual Rows": 5, "Actual Loops": 25, "Index Cond": "(r_regionkey = nation.n_regionkey)", "Rows Removed by Index Recheck": 0, "Filter": "(r_name = 'MIDDLE EAST'::bpchar)", "Rows Removed by Filter": 20}]}, {"Node Type": "Index Scan", "Parent Relationship": "Inner", "Scan Direction": "Forward", "Index Name": "idx_customer_nationkey", "Relation Name": "customer", "Alias": "customer", "Startup Cost": 0.0, "Total Cost": 7702.43, "Plan Rows": 60000, "Plan Width": 12, "Actual Startup Time": 0.157, "Actual Total Time": 446.471, "Actual Rows": 299838, "Actual Loops": 5, "Index Cond": "(c_nationkey = nation.n_nationkey)", "Rows Removed by Index Recheck": 0}]}, {"Node Type": "Index Scan", "Parent Relationship": "Inner", "Scan Direction": "Forward", "Index Name": "idx_orders_custkey", "Relation Name": "orders", "Alias": "orders", "Startup Cost": 0.0, "Total Cost": 1.24, "Plan Rows": 1, "Plan Width": 16, "Actual Startup Time": 4201.905, "Actual Total Time": 9042.186, "Actual Rows": 454183, "Actual Loops": 299838, "Index Cond": "(o_custkey = customer.c_custkey)", "Rows Removed by Index Recheck": 0, "Filter": "((o_orderdate >= '1994-01-01 00:00:00'::timestamp(0) without time zone) AND (o_orderdate < '1995-01-01 00:00:00'::timestamp without time zone))", "Rows Removed by Filter": 2542535}]}, {"Node Type": "Index Scan", "Parent Relationship": "Inner", "Scan Direction": "Forward", "Index Name": "idx_lineitem_orderkey", "Relation Name": "lineitem", "Alias": "lineitem", "Startup Cost": 0.0, "Total Cost": 3.05, "Plan Rows": 9, "Plan Width": 32, "Actual Startup Time": 4274.874, "Actual Total Time": 5221.193, "Actual Rows": 1815222, "Actual Loops": 454183, "Index Cond": "(l_orderkey = orders.o_orderkey)", "Rows Removed by Index Recheck": 0}]}, {"Node Type": "Hash", "Parent Relationship": "Inner", "Startup Cost": 3283.0, "Total Cost": 3283.0, "Plan Rows": 100000, "Plan Width": 12, "Actual Startup Time": 67.503, "Actual Total Time": 67.503, "Actual Rows": 100000, "Actual Loops": 1, "Hash Buckets": 131072, "Hash Batches": 1, "Original Hash Batches": 1, "Peak Memory Usage": 4297, "Plans": [{"Node Type": "Seq Scan", "Parent Relationship": "Outer", "Relation Name": "supplier", "Alias": "supplier", "Startup Cost": 0.0, "Total Cost": 3283.0, "Plan Rows": 100000, "Plan Width": 12, "Actual Startup Time": 0.017, "Actual Total Time": 36.638, "Actual Rows": 100000, "Actual Loops": 1}]}]}]}]}, "Triggers": [], "Planner Runtime": 9.014, "Total Runtime": 16701.039, "Unique SQL Id": 1392561963}}, "(16, 77)": {"explain_plan": {"Plan": {"Node Type": "Sort", "Startup Cost": 1727137.31, "Total Cost": 1727137.37, "Plan Rows": 25, "Plan Width": 50, "Sort Key": ["(sum((lineitem.l_extendedprice * (1::double precision - lineitem.l_discount)))) DESC"], "Plans": [{"Node Type": "Aggregate", "Strategy": "Hashed", "Parent Relationship": "Outer", "Startup Cost": 1727136.48, "Total Cost": 1727136.73, "Plan Rows": 25, "Plan Width": 50, "Group By Key": ["nation.n_name"], "Plans": [{"Node Type": "Hash Join", "Parent Relationship": "Outer", "Join Type": "Inner", "Startup Cost": 6834.54, "Total Cost": 1727042.58, "Plan Rows": 9390, "Plan Width": 42, "Inner Unique": true, "Hash Cond": "((lineitem.l_suppkey = supplier.s_suppkey) AND (customer.c_nationkey = supplier.s_nationkey))", "Plans": [{"Node Type": "Nested Loop", "Parent Relationship": "Outer", "Join Type": "Inner", "Startup Cost": 0.0, "Total Cost": 1692447.02, "Plan Rows": 3688948, "Plan Width": 58, "Inner Unique": false, "Plans": [{"Node Type": "Nested Loop", "Parent Relationship": "Outer", "Join Type": "Inner", "Startup Cost": 0.0, "Total Cost": 416652.61, "Plan Rows": 406290, "Plan Width": 42, "Inner Unique": false, "Plans": [{"Node Type": "Nested Loop", "Parent Relationship": "Outer", "Join Type": "Inner", "Startup Cost": 0.0, "Total Cost": 41543.81, "Plan Rows": 300000, "Plan Width": 42, "Inner Unique": false, "Plans": [{"Node Type": "Nested Loop", "Parent Relationship": "Outer", "Join Type": "Inner", "Startup Cost": 0.0, "Total Cost": 31.69, "Plan Rows": 5, "Plan Width": 30, "Inner Unique": true, "Plans": [{"Node Type": "Index Scan", "Parent Relationship": "Outer", "Scan Direction": "Forward", "Index Name": "nation_pkey", "Relation Name": "nation", "Alias": "nation", "Startup Cost": 0.0, "Total Cost": 12.62, "Plan Rows": 25, "Plan Width": 34}, {"Node Type": "Index Scan", "Parent Relationship": "Inner", "Scan Direction": "Forward", "Index Name": "region_pkey", "Relation Name": "region", "Alias": "region", "Startup Cost": 0.0, "Total Cost": 0.75, "Plan Rows": 1, "Plan Width": 4, "Index Cond": "(r_regionkey = nation.n_regionkey)", "Filter": "(r_name = 'MIDDLE EAST'::bpchar)"}]}, {"Node Type": "Index Scan", "Parent Relationship": "Inner", "Scan Direction": "Forward", "Index Name": "idx_customer_nationkey", "Relation Name": "customer", "Alias": "customer", "Startup Cost": 0.0, "Total Cost": 7702.43, "Plan Rows": 60000, "Plan Width": 12, "Index Cond": "(c_nationkey = nation.n_nationkey)"}]}, {"Node Type": "Index Scan", "Parent Relationship": "Inner", "Scan Direction": "Forward", "Index Name": "idx_orders_custkey", "Relation Name": "orders", "Alias": "orders", "Startup Cost": 0.0, "Total Cost": 1.24, "Plan Rows": 1, "Plan Width": 16, "Index Cond": "(o_custkey = customer.c_custkey)", "Filter": "((o_orderdate >= '1994-01-01 00:00:00'::timestamp(0) without time zone) AND (o_orderdate < '1995-01-01 00:00:00'::timestamp without time zone))"}]}, {"Node Type": "Index Scan", "Parent Relationship": "Inner", "Scan Direction": "Forward", "Index Name": "idx_lineitem_orderkey", "Relation Name": "lineitem", "Alias": "lineitem", "Startup Cost": 0.0, "Total Cost": 3.05, "Plan Rows": 9, "Plan Width": 32, "Index Cond": "(l_orderkey = orders.o_orderkey)"}]}, {"Node Type": "Hash", "Parent Relationship": "Inner", "Startup Cost": 5334.54, "Total Cost": 5334.54, "Plan Rows": 100000, "Plan Width": 12, "Plans": [{"Node Type": "Index Scan", "Parent Relationship": "Outer", "Scan Direction": "Forward", "Index Name": "supplier_pkey", "Relation Name": "supplier", "Alias": "supplier", "Startup Cost": 0.0, "Total Cost": 5334.54, "Plan Rows": 100000, "Plan Width": 12}]}]}]}]}, "Unique SQL Id": 1392561963}, "explain_analyze_plan": {"Plan": {"Node Type": "Sort", "Startup Cost": 1727137.31, "Total Cost": 1727137.37, "Plan Rows": 25, "Plan Width": 50, "Actual Startup Time": 16836.443, "Actual Total Time": 16836.444, "Actual Rows": 5, "Actual Loops": 1, "Sort Key": ["(sum((lineitem.l_extendedprice * (1::double precision - lineitem.l_discount)))) DESC"], "Sort Method": "quicksort", "Sort Space Used": 25, "Sort Space Type": "Memory", "Plans": [{"Node Type": "Aggregate", "Strategy": "Hashed", "Parent Relationship": "Outer", "Startup Cost": 1727136.48, "Total Cost": 1727136.73, "Plan Rows": 25, "Plan Width": 50, "Actual Startup Time": 16836.409, "Actual Total Time": 16836.411, "Actual Rows": 5, "Actual Loops": 1, "Group By Key": ["nation.n_name"], "Plans": [{"Node Type": "Hash Join", "Parent Relationship": "Outer", "Join Type": "Inner", "Startup Cost": 6834.54, "Total Cost": 1727042.58, "Plan Rows": 9390, "Plan Width": 42, "Actual Startup Time": 98.747, "Actual Total Time": 16757.045, "Actual Rows": 72985, "Actual Loops": 1, "Inner Unique": true, "Hash Cond": "((lineitem.l_suppkey = supplier.s_suppkey) AND (customer.c_nationkey = supplier.s_nationkey))", "Plans": [{"Node Type": "Nested Loop", "Parent Relationship": "Outer", "Join Type": "Inner", "Startup Cost": 0.0, "Total Cost": 1692447.02, "Plan Rows": 3688948, "Plan Width": 58, "Actual Startup Time": 0.153, "Actual Total Time": 15796.061, "Actual Rows": 1815222, "Actual Loops": 1, "Inner Unique": false, "Plans": [{"Node Type": "Nested Loop", "Parent Relationship": "Outer", "Join Type": "Inner", "Startup Cost": 0.0, "Total Cost": 416652.61, "Plan Rows": 406290, "Plan Width": 42, "Actual Startup Time": 0.131, "Actual Total Time": 9890.112, "Actual Rows": 454183, "Actual Loops": 1, "Inner Unique": false, "Plans": [{"Node Type": "Nested Loop", "Parent Relationship": "Outer", "Join Type": "Inner", "Startup Cost": 0.0, "Total Cost": 41543.81, "Plan Rows": 300000, "Plan Width": 42, "Actual Startup Time": 0.073, "Actual Total Time": 525.868, "Actual Rows": 299838, "Actual Loops": 1, "Inner Unique": false, "Plans": [{"Node Type": "Nested Loop", "Parent Relationship": "Outer", "Join Type": "Inner", "Startup Cost": 0.0, "Total Cost": 31.69, "Plan Rows": 5, "Plan Width": 30, "Actual Startup Time": 0.046, "Actual Total Time": 0.204, "Actual Rows": 5, "Actual Loops": 1, "Inner Unique": true, "Plans": [{"Node Type": "Index Scan", "Parent Relationship": "Outer", "Scan Direction": "Forward", "Index Name": "nation_pkey", "Relation Name": "nation", "Alias": "nation", "Startup Cost": 0.0, "Total Cost": 12.62, "Plan Rows": 25, "Plan Width": 34, "Actual Startup Time": 0.014, "Actual Total Time": 0.042, "Actual Rows": 25, "Actual Loops": 1}, {"Node Type": "Index Scan", "Parent Relationship": "Inner", "Scan Direction": "Forward", "Index Name": "region_pkey", "Relation Name": "region", "Alias": "region", "Startup Cost": 0.0, "Total Cost": 0.75, "Plan Rows": 1, "Plan Width": 4, "Actual Startup Time": 0.103, "Actual Total Time": 0.103, "Actual Rows": 5, "Actual Loops": 25, "Index Cond": "(r_regionkey = nation.n_regionkey)", "Rows Removed by Index Recheck": 0, "Filter": "(r_name = 'MIDDLE EAST'::bpchar)", "Rows Removed by Filter": 20}]}, {"Node Type": "Index Scan", "Parent Relationship": "Inner", "Scan Direction": "Forward", "Index Name": "idx_customer_nationkey", "Relation Name": "customer", "Alias": "customer", "Startup Cost": 0.0, "Total Cost": 7702.43, "Plan Rows": 60000, "Plan Width": 12, "Actual Startup Time": 0.187, "Actual Total Time": 443.656, "Actual Rows": 299838, "Actual Loops": 5, "Index Cond": "(c_nationkey = nation.n_nationkey)", "Rows Removed by Index Recheck": 0}]}, {"Node Type": "Index Scan", "Parent Relationship": "Inner", "Scan Direction": "Forward", "Index Name": "idx_orders_custkey", "Relation Name": "orders", "Alias": "orders", "Startup Cost": 0.0, "Total Cost": 1.24, "Plan Rows": 1, "Plan Width": 16, "Actual Startup Time": 4230.273, "Actual Total Time": 9102.493, "Actual Rows": 454183, "Actual Loops": 299838, "Index Cond": "(o_custkey = customer.c_custkey)", "Rows Removed by Index Recheck": 0, "Filter": "((o_orderdate >= '1994-01-01 00:00:00'::timestamp(0) without time zone) AND (o_orderdate < '1995-01-01 00:00:00'::timestamp without time zone))", "Rows Removed by Filter": 2542535}]}, {"Node Type": "Index Scan", "Parent Relationship": "Inner", "Scan Direction": "Forward", "Index Name": "idx_lineitem_orderkey", "Relation Name": "lineitem", "Alias": "lineitem", "Startup Cost": 0.0, "Total Cost": 3.05, "Plan Rows": 9, "Plan Width": 32, "Actual Startup Time": 4308.503, "Actual Total Time": 5258.114, "Actual Rows": 1815222, "Actual Loops": 454183, "Index Cond": "(l_orderkey = orders.o_orderkey)", "Rows Removed by Index Recheck": 0}]}, {"Node Type": "Hash", "Parent Relationship": "Inner", "Startup Cost": 5334.54, "Total Cost": 5334.54, "Plan Rows": 100000, "Plan Width": 12, "Actual Startup Time": 98.359, "Actual Total Time": 98.359, "Actual Rows": 100000, "Actual Loops": 1, "Hash Buckets": 131072, "Hash Batches": 1, "Original Hash Batches": 1, "Peak Memory Usage": 4297, "Plans": [{"Node Type": "Index Scan", "Parent Relationship": "Outer", "Scan Direction": "Forward", "Index Name": "supplier_pkey", "Relation Name": "supplier", "Alias": "supplier", "Startup Cost": 0.0, "Total Cost": 5334.54, "Plan Rows": 100000, "Plan Width": 12, "Actual Startup Time": 0.019, "Actual Total Time": 66.392, "Actual Rows": 100000, "Actual Loops": 1}]}]}]}]}, "Triggers": [], "Planner Runtime": 8.659, "Total Runtime": 16836.75, "Unique SQL Id": 1392561963}}, "(16, 78)": {"explain_plan": {"Plan": {"Node Type": "Sort", "Startup Cost": 2891580.15, "Total Cost": 2891580.22, "Plan Rows": 25, "Plan Width": 50, "Sort Key": ["(sum((lineitem.l_extendedprice * (1::double precision - lineitem.l_discount)))) DESC"], "Plans": [{"Node Type": "Aggregate", "Strategy": "Hashed", "Parent Relationship": "Outer", "Startup Cost": 2891579.32, "Total Cost": 2891579.57, "Plan Rows": 25, "Plan Width": 50, "Group By Key": ["nation.n_name"], "Plans": [{"Node Type": "Hash Join", "Parent Relationship": "Outer", "Join Type": "Inner", "Startup Cost": 586755.18, "Total Cost": 2891485.42, "Plan Rows": 9390, "Plan Width": 42, "Inner Unique": true, "Hash Cond": "((lineitem.l_suppkey = supplier.s_suppkey) AND (customer.c_nationkey = supplier.s_nationkey))", "Plans": [{"Node Type": "Hash Join", "Parent Relationship": "Outer", "Join Type": "Inner", "Startup Cost": 581972.18, "Total Cost": 2858928.33, "Plan Rows": 3688948, "Plan Width": 58, "Inner Unique": false, "Hash Cond": "(lineitem.l_orderkey = orders.o_orderkey), (LLVM Optimized)", "Plans": [{"Node Type": "Seq Scan", "Parent Relationship": "Outer", "Relation Name": "lineitem", "Alias": "lineitem", "Startup Cost": 0.0, "Total Cost": 2015115.33, "Plan Rows": 59987033, "Plan Width": 32}, {"Node Type": "Hash", "Parent Relationship": "Inner", "Startup Cost": 576893.55, "Total Cost": 576893.55, "Plan Rows": 406290, "Plan Width": 42, "Plans": [{"Node Type": "Hash Join", "Parent Relationship": "Outer", "Join Type": "Inner", "Startup Cost": 63303.94, "Total Cost": 576893.55, "Plan Rows": 406290, "Plan Width": 42, "Inner Unique": false, "Hash Cond": "(orders.o_custkey = customer.c_custkey), (LLVM Optimized)", "Plans": [{"Node Type": "Seq Scan", "Parent Relationship": "Outer", "Relation Name": "orders", "Alias": "orders", "Startup Cost": 441.06, "Total Cost": 501411.18, "Plan Rows": 2281758, "Plan Width": 16, "Filter": "((o_orderdate >= '1994-01-01 00:00:00'::timestamp(0) without time zone) AND (o_orderdate < '1995-01-01 00:00:00'::timestamp without time zone)), (LLVM Optimized)"}, {"Node Type": "Hash", "Parent Relationship": "Inner", "Startup Cost": 59112.88, "Total Cost": 59112.88, "Plan Rows": 300000, "Plan Width": 42, "Plans": [{"Node Type": "Hash Join", "Parent Relationship": "Outer", "Join Type": "Inner", "Startup Cost": 2.5, "Total Cost": 59112.88, "Plan Rows": 300000, "Plan Width": 42, "Inner Unique": false, "Hash Cond": "(customer.c_nationkey = nation.n_nationkey), (LLVM Optimized)", "Plans": [{"Node Type": "Seq Scan", "Parent Relationship": "Outer", "Relation Name": "customer", "Alias": "customer", "Startup Cost": 0.0, "Total Cost": 52126.0, "Plan Rows": 1500000, "Plan Width": 12}, {"Node Type": "Hash", "Parent Relationship": "Inner", "Startup Cost": 2.44, "Total Cost": 2.44, "Plan Rows": 5, "Plan Width": 30, "Plans": [{"Node Type": "Hash Join", "Parent Relationship": "Outer", "Join Type": "Inner", "Startup Cost": 1.07, "Total Cost": 2.44, "Plan Rows": 5, "Plan Width": 30, "Inner Unique": true, "Hash Cond": "(nation.n_regionkey = region.r_regionkey)", "Plans": [{"Node Type": "Seq Scan", "Parent Relationship": "Outer", "Relation Name": "nation", "Alias": "nation", "Startup Cost": 0.0, "Total Cost": 1.25, "Plan Rows": 25, "Plan Width": 34}, {"Node Type": "Hash", "Parent Relationship": "Inner", "Startup Cost": 1.06, "Total Cost": 1.06, "Plan Rows": 1, "Plan Width": 4, "Plans": [{"Node Type": "Seq Scan", "Parent Relationship": "Outer", "Relation Name": "region", "Alias": "region", "Startup Cost": 0.0, "Total Cost": 1.06, "Plan Rows": 1, "Plan Width": 4, "Filter": "(r_name = 'MIDDLE EAST'::bpchar)"}]}]}]}]}]}]}]}]}, {"Node Type": "Hash", "Parent Relationship": "Inner", "Startup Cost": 3283.0, "Total Cost": 3283.0, "Plan Rows": 100000, "Plan Width": 12, "Plans": [{"Node Type": "Seq Scan", "Parent Relationship": "Outer", "Relation Name": "supplier", "Alias": "supplier", "Startup Cost": 0.0, "Total Cost": 3283.0, "Plan Rows": 100000, "Plan Width": 12}]}]}]}]}, "Unique SQL Id": 1392561963}, "explain_analyze_plan": null}, "(16, 79)": {"explain_plan": {"Plan": {"Node Type": "Sort", "Startup Cost": 6000538575450.4, "Total Cost": 6000538575450.46, "Plan Rows": 25, "Plan Width": 50, "Sort Key": ["(sum((lineitem.l_extendedprice * (1::double precision - lineitem.l_discount)))) DESC"], "Plans": [{"Node Type": "Aggregate", "Strategy": "Hashed", "Parent Relationship": "Outer", "Startup Cost": 6000538575449.57, "Total Cost": 6000538575449.82, "Plan Rows": 25, "Plan Width": 50, "Group By Key": ["nation.n_name"], "Plans": [{"Node Type": "Hash Join", "Parent Relationship": "Outer", "Join Type": "Inner", "Startup Cost": 3030389125516.43, "Total Cost": 6000538575355.67, "Plan Rows": 9390, "Plan Width": 42, "Inner Unique": false, "Hash Cond": "((customer.c_custkey = orders.o_custkey) AND (supplier.s_suppkey = lineitem.l_suppkey))", "Plans": [{"Node Type": "Hash Join", "Parent Relationship": "Outer", "Join Type": "Inner", "Startup Cost": 1030000001233.76, "Total Cost": 4000137451743.55, "Plan Rows": 1199923555, "Plan Width": 42, "Inner Unique": true, "Hash Cond": "(nation.n_regionkey = region.r_regionkey), (LLVM Optimized)", "Plans": [{"Node Type": "Merge Join", "Parent Relationship": "Outer", "Join Type": "Inner", "Startup Cost": 30000000000.0, "Total Cost": 3000110414732.2, "Plan Rows": 5999617773, "Plan Width": 46, "Inner Unique": false, "Merge Cond": "(supplier.s_nationkey = customer.c_nationkey)", "Plans": [{"Node Type": "Merge Join", "Parent Relationship": "Outer", "Join Type": "Inner", "Startup Cost": 20000000000.0, "Total Cost": 2000001220069.35, "Plan Rows": 100000, "Plan Width": 46, "Inner Unique": false, "Merge Cond": "(nation.n_nationkey = supplier.s_nationkey)", "Plans": [{"Node Type": "Index Scan", "Parent Relationship": "Outer", "Scan Direction": "Forward", "Index Name": "nation_pkey", "Relation Name": "nation", "Alias": "nation", "Startup Cost": 10000000000.0, "Total Cost": 1000000001262.5, "Plan Rows": 25, "Plan Width": 34}, {"Node Type": "Index Scan", "Parent Relationship": "Inner", "Scan Direction": "Forward", "Index Name": "idx_supplier_nation_key", "Relation Name": "supplier", "Alias": "supplier", "Startup Cost": 10000000000.0, "Total Cost": 1000001217556.78, "Plan Rows": 100000, "Plan Width": 12}]}, {"Node Type": "Materialize", "Parent Relationship": "Inner", "Startup Cost": 10000000000.0, "Total Cost": 1000019203896.25, "Plan Rows": 1500000, "Plan Width": 12, "Plans": [{"Node Type": "Index Scan", "Parent Relationship": "Outer", "Scan Direction": "Forward", "Index Name": "idx_customer_nationkey", "Relation Name": "customer", "Alias": "customer", "Startup Cost": 10000000000.0, "Total Cost": 1000019200146.25, "Plan Rows": 1500000, "Plan Width": 12}]}]}, {"Node Type": "Hash", "Parent Relationship": "Inner", "Startup Cost": 1000000001233.75, "Total Cost": 1000000001233.75, "Plan Rows": 1, "Plan Width": 4, "Plans": [{"Node Type": "Index Scan", "Parent Relationship": "Outer", "Scan Direction": "Forward", "Index Name": "region_pkey", "Relation Name": "region", "Alias": "region", "Startup Cost": 10000000000.0, "Total Cost": 1000000001233.75, "Plan Rows": 1, "Plan Width": 4, "Filter": "(r_name = 'MIDDLE EAST'::bpchar)"}]}]}, {"Node Type": "Hash", "Parent Relationship": "Inner", "Startup Cost": 2000388813521.41, "Total Cost": 2000388813521.41, "Plan Rows": 20717417, "Plan Width": 32, "Plans": [{"Node Type": "Merge Join", "Parent Relationship": "Outer", "Join Type": "Inner", "Startup Cost": 20036448550.05, "Total Cost": 2000388813521.41, "Plan Rows": 20717417, "Plan Width": 32, "Inner Unique": false, "Merge Cond": "(orders.o_orderkey = lineitem.l_orderkey)", "Plans": [{"Node Type": "Index Scan", "Parent Relationship": "Outer", "Scan Direction": "Forward", "Index Name": "orders_pkey", "Relation Name": "orders", "Alias": "orders", "Startup Cost": 10000000000.0, "Total Cost": 1000080597583.0, "Plan Rows": 2281758, "Plan Width": 16, "Filter": "((o_orderdate >= '1994-01-01 00:00:00'::timestamp(0) without time zone) AND (o_orderdate < '1995-01-01 00:00:00'::timestamp without time zone)), (LLVM Optimized)"}, {"Node Type": "Index Scan", "Parent Relationship": "Inner", "Scan Direction": "Forward", "Index Name": "idx_lineitem_orderkey", "Relation Name": "lineitem", "Alias": "lineitem", "Startup Cost": 10000000000.0, "Total Cost": 1000324015374.5, "Plan Rows": 59987033, "Plan Width": 32}]}]}]}]}]}, "Unique SQL Id": 1392561963}, "explain_analyze_plan": null}, "(16, 80)": {"explain_plan": {"Plan": {"Node Type": "Sort", "Startup Cost": 2117522.04, "Total Cost": 2117522.1, "Plan Rows": 25, "Plan Width": 50, "Sort Key": ["(sum((lineitem.l_extendedprice * (1::double precision - lineitem.l_discount)))) DESC"], "Plans": [{"Node Type": "Aggregate", "Strategy": "Hashed", "Parent Relationship": "Outer", "Startup Cost": 2117521.21, "Total Cost": 2117521.46, "Plan Rows": 25, "Plan Width": 50, "Group By Key": ["nation.n_name"], "Plans": [{"Node Type": "Merge Join", "Parent Relationship": "Outer", "Join Type": "Inner", "Startup Cost": 2090467.05, "Total Cost": 2117427.31, "Plan Rows": 9390, "Plan Width": 42, "Inner Unique": false, "Merge Cond": "(supplier.s_suppkey = lineitem.l_suppkey)", "Join Filter": "(customer.c_nationkey = supplier.s_nationkey)", "Plans": [{"Node Type": "Index Scan", "Parent Relationship": "Outer", "Scan Direction": "Forward", "Index Name": "supplier_pkey", "Relation Name": "supplier", "Alias": "supplier", "Startup Cost": 0.0, "Total Cost": 5334.54, "Plan Rows": 100000, "Plan Width": 12}, {"Node Type": "Sort", "Parent Relationship": "Inner", "Startup Cost": 2090465.22, "Total Cost": 2099687.59, "Plan Rows": 3688948, "Plan Width": 58, "Sort Key": ["lineitem.l_suppkey"], "Plans": [{"Node Type": "Nested Loop", "Parent Relationship": "Outer", "Join Type": "Inner", "Startup Cost": 1030.37, "Total Cost": 1688097.31, "Plan Rows": 3688948, "Plan Width": 58, "Inner Unique": false, "Plans": [{"Node Type": "Nested Loop", "Parent Relationship": "Outer", "Join Type": "Inner", "Startup Cost": 1030.37, "Total Cost": 412302.9, "Plan Rows": 406290, "Plan Width": 42, "Inner Unique": false, "Plans": [{"Node Type": "Nested Loop", "Parent Relationship": "Outer", "Join Type": "Inner", "Startup Cost": 1030.37, "Total Cost": 37194.1, "Plan Rows": 300000, "Plan Width": 42, "Inner Unique": false, "Plans": [{"Node Type": "Nested Loop", "Parent Relationship": "Outer", "Join Type": "Inner", "Startup Cost": 0.0, "Total Cost": 31.69, "Plan Rows": 5, "Plan Width": 30, "Inner Unique": true, "Plans": [{"Node Type": "Index Scan", "Parent Relationship": "Outer", "Scan Direction": "Forward", "Index Name": "nation_pkey", "Relation Name": "nation", "Alias": "nation", "Startup Cost": 0.0, "Total Cost": 12.62, "Plan Rows": 25, "Plan Width": 34}, {"Node Type": "Index Scan", "Parent Relationship": "Inner", "Scan Direction": "Forward", "Index Name": "region_pkey", "Relation Name": "region", "Alias": "region", "Startup Cost": 0.0, "Total Cost": 0.75, "Plan Rows": 1, "Plan Width": 4, "Index Cond": "(r_regionkey = nation.n_regionkey)", "Filter": "(r_name = 'MIDDLE EAST'::bpchar)"}]}, {"Node Type": "Bitmap Heap Scan", "Parent Relationship": "Inner", "Relation Name": "customer", "Alias": "customer", "Startup Cost": 1030.37, "Total Cost": 6832.48, "Plan Rows": 60000, "Plan Width": 12, "Recheck Cond": "(c_nationkey = nation.n_nationkey)", "Plans": [{"Node Type": "Bitmap Index Scan", "Parent Relationship": "Outer", "Index Name": "idx_customer_nationkey", "Startup Cost": 0.0, "Total Cost": 1015.37, "Plan Rows": 60000, "Plan Width": 0, "Index Cond": "(c_nationkey = nation.n_nationkey)"}]}]}, {"Node Type": "Index Scan", "Parent Relationship": "Inner", "Scan Direction": "Forward", "Index Name": "idx_orders_custkey", "Relation Name": "orders", "Alias": "orders", "Startup Cost": 0.0, "Total Cost": 1.24, "Plan Rows": 1, "Plan Width": 16, "Index Cond": "(o_custkey = customer.c_custkey)", "Filter": "((o_orderdate >= '1994-01-01 00:00:00'::timestamp(0) without time zone) AND (o_orderdate < '1995-01-01 00:00:00'::timestamp without time zone))"}]}, {"Node Type": "Index Scan", "Parent Relationship": "Inner", "Scan Direction": "Forward", "Index Name": "idx_lineitem_orderkey", "Relation Name": "lineitem", "Alias": "lineitem", "Startup Cost": 0.0, "Total Cost": 3.05, "Plan Rows": 9, "Plan Width": 32, "Index Cond": "(l_orderkey = orders.o_orderkey)"}]}]}]}]}]}, "Unique SQL Id": 1392561963}, "explain_analyze_plan": {"Plan": {"Node Type": "Sort", "Startup Cost": 2117522.04, "Total Cost": 2117522.1, "Plan Rows": 25, "Plan Width": 50, "Actual Startup Time": 17749.01, "Actual Total Time": 17749.01, "Actual Rows": 5, "Actual Loops": 1, "Sort Key": ["(sum((lineitem.l_extendedprice * (1::double precision - lineitem.l_discount)))) DESC"], "Sort Method": "quicksort", "Sort Space Used": 25, "Sort Space Type": "Memory", "Plans": [{"Node Type": "Aggregate", "Strategy": "Hashed", "Parent Relationship": "Outer", "Startup Cost": 2117521.21, "Total Cost": 2117521.46, "Plan Rows": 25, "Plan Width": 50, "Actual Startup Time": 17748.979, "Actual Total Time": 17748.982, "Actual Rows": 5, "Actual Loops": 1, "Group By Key": ["nation.n_name"], "Plans": [{"Node Type": "Merge Join", "Parent Relationship": "Outer", "Join Type": "Inner", "Startup Cost": 2090467.05, "Total Cost": 2117427.31, "Plan Rows": 9390, "Plan Width": 42, "Actual Startup Time": 16710.618, "Actual Total Time": 17699.239, "Actual Rows": 72985, "Actual Loops": 1, "Inner Unique": false, "Merge Cond": "(supplier.s_suppkey = lineitem.l_suppkey)", "Join Filter": "(customer.c_nationkey = supplier.s_nationkey)", "Rows Removed by Join Filter": 0, "Plans": [{"Node Type": "Index Scan", "Parent Relationship": "Outer", "Scan Direction": "Forward", "Index Name": "supplier_pkey", "Relation Name": "supplier", "Alias": "supplier", "Startup Cost": 0.0, "Total Cost": 5334.54, "Plan Rows": 100000, "Plan Width": 12, "Actual Startup Time": 0.024, "Actual Total Time": 63.709, "Actual Rows": 100000, "Actual Loops": 1}, {"Node Type": "Sort", "Parent Relationship": "Inner", "Startup Cost": 2090465.22, "Total Cost": 2099687.59, "Plan Rows": 3688948, "Plan Width": 58, "Actual Startup Time": 16709.921, "Actual Total Time": 17100.267, "Actual Rows": 1815222, "Actual Loops": 1, "Sort Key": ["lineitem.l_suppkey"], "Sort Method": "quicksort", "Sort Space Used": 332781, "Sort Space Type": "Memory", "Plans": [{"Node Type": "Nested Loop", "Parent Relationship": "Outer", "Join Type": "Inner", "Startup Cost": 1030.37, "Total Cost": 1688097.31, "Plan Rows": 3688948, "Plan Width": 58, "Actual Startup Time": 19.878, "Actual Total Time": 15841.223, "Actual Rows": 1815222, "Actual Loops": 1, "Inner Unique": false, "Plans": [{"Node Type": "Nested Loop", "Parent Relationship": "Outer", "Join Type": "Inner", "Startup Cost": 1030.37, "Total Cost": 412302.9, "Plan Rows": 406290, "Plan Width": 42, "Actual Startup Time": 19.857, "Actual Total Time": 9901.511, "Actual Rows": 454183, "Actual Loops": 1, "Inner Unique": false, "Plans": [{"Node Type": "Nested Loop", "Parent Relationship": "Outer", "Join Type": "Inner", "Startup Cost": 1030.37, "Total Cost": 37194.1, "Plan Rows": 300000, "Plan Width": 42, "Actual Startup Time": 19.756, "Actual Total Time": 668.607, "Actual Rows": 299838, "Actual Loops": 1, "Inner Unique": false, "Plans": [{"Node Type": "Nested Loop", "Parent Relationship": "Outer", "Join Type": "Inner", "Startup Cost": 0.0, "Total Cost": 31.69, "Plan Rows": 5, "Plan Width": 30, "Actual Startup Time": 0.03, "Actual Total Time": 0.198, "Actual Rows": 5, "Actual Loops": 1, "Inner Unique": true, "Plans": [{"Node Type": "Index Scan", "Parent Relationship": "Outer", "Scan Direction": "Forward", "Index Name": "nation_pkey", "Relation Name": "nation", "Alias": "nation", "Startup Cost": 0.0, "Total Cost": 12.62, "Plan Rows": 25, "Plan Width": 34, "Actual Startup Time": 0.004, "Actual Total Time": 0.022, "Actual Rows": 25, "Actual Loops": 1}, {"Node Type": "Index Scan", "Parent Relationship": "Inner", "Scan Direction": "Forward", "Index Name": "region_pkey", "Relation Name": "region", "Alias": "region", "Startup Cost": 0.0, "Total Cost": 0.75, "Plan Rows": 1, "Plan Width": 4, "Actual Startup Time": 0.098, "Actual Total Time": 0.098, "Actual Rows": 5, "Actual Loops": 25, "Index Cond": "(r_regionkey = nation.n_regionkey)", "Rows Removed by Index Recheck": 0, "Filter": "(r_name = 'MIDDLE EAST'::bpchar)", "Rows Removed by Filter": 20}]}, {"Node Type": "Bitmap Heap Scan", "Parent Relationship": "Inner", "Relation Name": "customer", "Alias": "customer", "Startup Cost": 1030.37, "Total Cost": 6832.48, "Plan Rows": 60000, "Plan Width": 12, "Actual Startup Time": 101.878, "Actual Total Time": 591.198, "Actual Rows": 299838, "Actual Loops": 5, "Recheck Cond": "(c_nationkey = nation.n_nationkey)", "Rows Removed by Index Recheck": 0, "Exact Heap Blocks": 150033, "Lossy Heap Blocks": 150033, "Plans": [{"Node Type": "Bitmap Index Scan", "Parent Relationship": "Outer", "Index Name": "idx_customer_nationkey", "Startup Cost": 0.0, "Total Cost": 1015.37, "Plan Rows": 60000, "Plan Width": 0, "Actual Startup Time": 67.499, "Actual Total Time": 67.499, "Actual Rows": 299838, "Actual Loops": 5, "Index Cond": "(c_nationkey = nation.n_nationkey)"}]}]}, {"Node Type": "Index Scan", "Parent Relationship": "Inner", "Scan Direction": "Forward", "Index Name": "idx_orders_custkey", "Relation Name": "orders", "Alias": "orders", "Startup Cost": 0.0, "Total Cost": 1.24, "Plan Rows": 1, "Plan Width": 16, "Actual Startup Time": 4206.214, "Actual Total Time": 8960.342, "Actual Rows": 454183, "Actual Loops": 299838, "Index Cond": "(o_custkey = customer.c_custkey)", "Rows Removed by Index Recheck": 0, "Filter": "((o_orderdate >= '1994-01-01 00:00:00'::timestamp(0) without time zone) AND (o_orderdate < '1995-01-01 00:00:00'::timestamp without time zone))", "Rows Removed by Filter": 2542535}]}, {"Node Type": "Index Scan", "Parent Relationship": "Inner", "Scan Direction": "Forward", "Index Name": "idx_lineitem_orderkey", "Relation Name": "lineitem", "Alias": "lineitem", "Startup Cost": 0.0, "Total Cost": 3.05, "Plan Rows": 9, "Plan Width": 32, "Actual Startup Time": 4310.316, "Actual Total Time": 5283.438, "Actual Rows": 1815222, "Actual Loops": 454183, "Index Cond": "(l_orderkey = orders.o_orderkey)", "Rows Removed by Index Recheck": 0}]}]}]}]}]}, "Triggers": [], "Planner Runtime": 7.899, "Total Runtime": 17749.445, "Unique SQL Id": 1392561963}}, "(16, 81)": {"explain_plan": {"Plan": {"Node Type": "Sort", "Startup Cost": 2117930.64, "Total Cost": 2117930.7, "Plan Rows": 25, "Plan Width": 50, "Sort Key": ["(sum((lineitem.l_extendedprice * (1::double precision - lineitem.l_discount)))) DESC"], "Plans": [{"Node Type": "Aggregate", "Strategy": "Hashed", "Parent Relationship": "Outer", "Startup Cost": 2117929.81, "Total Cost": 2117930.06, "Plan Rows": 25, "Plan Width": 50, "Group By Key": ["nation.n_name"], "Plans": [{"Node Type": "Merge Join", "Parent Relationship": "Outer", "Join Type": "Inner", "Startup Cost": 2090467.05, "Total Cost": 2117835.91, "Plan Rows": 9390, "Plan Width": 42, "Inner Unique": false, "Merge Cond": "(supplier.s_suppkey = lineitem.l_suppkey)", "Join Filter": "(customer.c_nationkey = supplier.s_nationkey)", "Plans": [{"Node Type": "Index Scan", "Parent Relationship": "Outer", "Scan Direction": "Forward", "Index Name": "supplier_pkey", "Relation Name": "supplier", "Alias": "supplier", "Startup Cost": 0.0, "Total Cost": 5334.54, "Plan Rows": 100000, "Plan Width": 12}, {"Node Type": "Sort", "Parent Relationship": "Inner", "Startup Cost": 2090465.22, "Total Cost": 2099687.59, "Plan Rows": 3688948, "Plan Width": 58, "Sort Key": ["lineitem.l_suppkey"], "Plans": [{"Node Type": "Nested Loop", "Parent Relationship": "Outer", "Join Type": "Inner", "Startup Cost": 1030.37, "Total Cost": 1688097.31, "Plan Rows": 3688948, "Plan Width": 58, "Inner Unique": false, "Plans": [{"Node Type": "Nested Loop", "Parent Relationship": "Outer", "Join Type": "Inner", "Startup Cost": 1030.37, "Total Cost": 412302.9, "Plan Rows": 406290, "Plan Width": 42, "Inner Unique": false, "Plans": [{"Node Type": "Nested Loop", "Parent Relationship": "Outer", "Join Type": "Inner", "Startup Cost": 1030.37, "Total Cost": 37194.1, "Plan Rows": 300000, "Plan Width": 42, "Inner Unique": false, "Plans": [{"Node Type": "Nested Loop", "Parent Relationship": "Outer", "Join Type": "Inner", "Startup Cost": 0.0, "Total Cost": 31.69, "Plan Rows": 5, "Plan Width": 30, "Inner Unique": true, "Plans": [{"Node Type": "Index Scan", "Parent Relationship": "Outer", "Scan Direction": "Forward", "Index Name": "nation_pkey", "Relation Name": "nation", "Alias": "nation", "Startup Cost": 0.0, "Total Cost": 12.62, "Plan Rows": 25, "Plan Width": 34}, {"Node Type": "Index Scan", "Parent Relationship": "Inner", "Scan Direction": "Forward", "Index Name": "region_pkey", "Relation Name": "region", "Alias": "region", "Startup Cost": 0.0, "Total Cost": 0.75, "Plan Rows": 1, "Plan Width": 4, "Index Cond": "(r_regionkey = nation.n_regionkey)", "Filter": "(r_name = 'MIDDLE EAST'::bpchar)"}]}, {"Node Type": "Bitmap Heap Scan", "Parent Relationship": "Inner", "Relation Name": "customer", "Alias": "customer", "Startup Cost": 1030.37, "Total Cost": 6832.48, "Plan Rows": 60000, "Plan Width": 12, "Recheck Cond": "(c_nationkey = nation.n_nationkey)", "Plans": [{"Node Type": "Bitmap Index Scan", "Parent Relationship": "Outer", "Index Name": "idx_customer_nationkey", "Startup Cost": 0.0, "Total Cost": 1015.37, "Plan Rows": 60000, "Plan Width": 0, "Index Cond": "(c_nationkey = nation.n_nationkey)"}]}]}, {"Node Type": "Index Scan", "Parent Relationship": "Inner", "Scan Direction": "Forward", "Index Name": "idx_orders_custkey", "Relation Name": "orders", "Alias": "orders", "Startup Cost": 0.0, "Total Cost": 1.24, "Plan Rows": 1, "Plan Width": 16, "Index Cond": "(o_custkey = customer.c_custkey)", "Filter": "((o_orderdate >= '1994-01-01 00:00:00'::timestamp(0) without time zone) AND (o_orderdate < '1995-01-01 00:00:00'::timestamp without time zone))"}]}, {"Node Type": "Index Scan", "Parent Relationship": "Inner", "Scan Direction": "Forward", "Index Name": "idx_lineitem_orderkey", "Relation Name": "lineitem", "Alias": "lineitem", "Startup Cost": 0.0, "Total Cost": 3.05, "Plan Rows": 9, "Plan Width": 32, "Index Cond": "(l_orderkey = orders.o_orderkey)"}]}]}]}]}]}, "Unique SQL Id": 1392561963}, "explain_analyze_plan": {"Plan": {"Node Type": "Sort", "Startup Cost": 2117930.64, "Total Cost": 2117930.7, "Plan Rows": 25, "Plan Width": 50, "Actual Startup Time": 17579.771, "Actual Total Time": 17579.771, "Actual Rows": 5, "Actual Loops": 1, "Sort Key": ["(sum((lineitem.l_extendedprice * (1::double precision - lineitem.l_discount)))) DESC"], "Sort Method": "quicksort", "Sort Space Used": 25, "Sort Space Type": "Memory", "Plans": [{"Node Type": "Aggregate", "Strategy": "Hashed", "Parent Relationship": "Outer", "Startup Cost": 2117929.81, "Total Cost": 2117930.06, "Plan Rows": 25, "Plan Width": 50, "Actual Startup Time": 17579.746, "Actual Total Time": 17579.749, "Actual Rows": 5, "Actual Loops": 1, "Group By Key": ["nation.n_name"], "Plans": [{"Node Type": "Merge Join", "Parent Relationship": "Outer", "Join Type": "Inner", "Startup Cost": 2090467.05, "Total Cost": 2117835.91, "Plan Rows": 9390, "Plan Width": 42, "Actual Startup Time": 16431.935, "Actual Total Time": 17530.911, "Actual Rows": 72985, "Actual Loops": 1, "Inner Unique": false, "Merge Cond": "(supplier.s_suppkey = lineitem.l_suppkey)", "Join Filter": "(customer.c_nationkey = supplier.s_nationkey)", "Rows Removed by Join Filter": 0, "Plans": [{"Node Type": "Index Scan", "Parent Relationship": "Outer", "Scan Direction": "Forward", "Index Name": "supplier_pkey", "Relation Name": "supplier", "Alias": "supplier", "Startup Cost": 0.0, "Total Cost": 5334.54, "Plan Rows": 100000, "Plan Width": 12, "Actual Startup Time": 0.028, "Actual Total Time": 67.5, "Actual Rows": 100000, "Actual Loops": 1}, {"Node Type": "Sort", "Parent Relationship": "Inner", "Startup Cost": 2090465.22, "Total Cost": 2099687.59, "Plan Rows": 3688948, "Plan Width": 58, "Actual Startup Time": 16431.726, "Actual Total Time": 16925.36, "Actual Rows": 1815222, "Actual Loops": 1, "Sort Key": ["lineitem.l_suppkey"], "Sort Method": "quicksort", "Sort Space Used": 332781, "Sort Space Type": "Memory", "Plans": [{"Node Type": "Nested Loop", "Parent Relationship": "Outer", "Join Type": "Inner", "Startup Cost": 1030.37, "Total Cost": 1688097.31, "Plan Rows": 3688948, "Plan Width": 58, "Actual Startup Time": 18.016, "Actual Total Time": 15571.511, "Actual Rows": 1815222, "Actual Loops": 1, "Inner Unique": false, "Plans": [{"Node Type": "Nested Loop", "Parent Relationship": "Outer", "Join Type": "Inner", "Startup Cost": 1030.37, "Total Cost": 412302.9, "Plan Rows": 406290, "Plan Width": 42, "Actual Startup Time": 17.994, "Actual Total Time": 9606.496, "Actual Rows": 454183, "Actual Loops": 1, "Inner Unique": false, "Plans": [{"Node Type": "Nested Loop", "Parent Relationship": "Outer", "Join Type": "Inner", "Startup Cost": 1030.37, "Total Cost": 37194.1, "Plan Rows": 300000, "Plan Width": 42, "Actual Startup Time": 17.913, "Actual Total Time": 662.571, "Actual Rows": 299838, "Actual Loops": 1, "Inner Unique": false, "Plans": [{"Node Type": "Nested Loop", "Parent Relationship": "Outer", "Join Type": "Inner", "Startup Cost": 0.0, "Total Cost": 31.69, "Plan Rows": 5, "Plan Width": 30, "Actual Startup Time": 0.033, "Actual Total Time": 0.312, "Actual Rows": 5, "Actual Loops": 1, "Inner Unique": true, "Plans": [{"Node Type": "Index Scan", "Parent Relationship": "Outer", "Scan Direction": "Forward", "Index Name": "nation_pkey", "Relation Name": "nation", "Alias": "nation", "Startup Cost": 0.0, "Total Cost": 12.62, "Plan Rows": 25, "Plan Width": 34, "Actual Startup Time": 0.004, "Actual Total Time": 0.108, "Actual Rows": 25, "Actual Loops": 1}, {"Node Type": "Index Scan", "Parent Relationship": "Inner", "Scan Direction": "Forward", "Index Name": "region_pkey", "Relation Name": "region", "Alias": "region", "Startup Cost": 0.0, "Total Cost": 0.75, "Plan Rows": 1, "Plan Width": 4, "Actual Startup Time": 0.14, "Actual Total Time": 0.14, "Actual Rows": 5, "Actual Loops": 25, "Index Cond": "(r_regionkey = nation.n_regionkey)", "Rows Removed by Index Recheck": 0, "Filter": "(r_name = 'MIDDLE EAST'::bpchar)", "Rows Removed by Filter": 20}]}, {"Node Type": "Bitmap Heap Scan", "Parent Relationship": "Inner", "Relation Name": "customer", "Alias": "customer", "Startup Cost": 1030.37, "Total Cost": 6832.48, "Plan Rows": 60000, "Plan Width": 12, "Actual Startup Time": 92.623, "Actual Total Time": 585.445, "Actual Rows": 299838, "Actual Loops": 5, "Recheck Cond": "(c_nationkey = nation.n_nationkey)", "Rows Removed by Index Recheck": 0, "Exact Heap Blocks": 150033, "Lossy Heap Blocks": 150033, "Plans": [{"Node Type": "Bitmap Index Scan", "Parent Relationship": "Outer", "Index Name": "idx_customer_nationkey", "Startup Cost": 0.0, "Total Cost": 1015.37, "Plan Rows": 60000, "Plan Width": 0, "Actual Startup Time": 59.143, "Actual Total Time": 59.143, "Actual Rows": 299838, "Actual Loops": 5, "Index Cond": "(c_nationkey = nation.n_nationkey)"}]}]}, {"Node Type": "Index Scan", "Parent Relationship": "Inner", "Scan Direction": "Forward", "Index Name": "idx_orders_custkey", "Relation Name": "orders", "Alias": "orders", "Startup Cost": 0.0, "Total Cost": 1.24, "Plan Rows": 1, "Plan Width": 16, "Actual Startup Time": 4120.557, "Actual Total Time": 8673.375, "Actual Rows": 454183, "Actual Loops": 299838, "Index Cond": "(o_custkey = customer.c_custkey)", "Rows Removed by Index Recheck": 0, "Filter": "((o_orderdate >= '1994-01-01 00:00:00'::timestamp(0) without time zone) AND (o_orderdate < '1995-01-01 00:00:00'::timestamp without time zone))", "Rows Removed by Filter": 2542535}]}, {"Node Type": "Index Scan", "Parent Relationship": "Inner", "Scan Direction": "Forward", "Index Name": "idx_lineitem_orderkey", "Relation Name": "lineitem", "Alias": "lineitem", "Startup Cost": 0.0, "Total Cost": 3.05, "Plan Rows": 9, "Plan Width": 32, "Actual Startup Time": 4314.535, "Actual Total Time": 5306.87, "Actual Rows": 1815222, "Actual Loops": 454183, "Index Cond": "(l_orderkey = orders.o_orderkey)", "Rows Removed by Index Recheck": 0}]}]}]}]}]}, "Triggers": [], "Planner Runtime": 7.665, "Total Runtime": 17580.191, "Unique SQL Id": 1392561963}}, "(16, 82)": {"explain_plan": {"Plan": {"Node Type": "Sort", "Startup Cost": 3136047.69, "Total Cost": 3136047.75, "Plan Rows": 25, "Plan Width": 50, "Sort Key": ["(sum((lineitem.l_extendedprice * (1::double precision - lineitem.l_discount)))) DESC"], "Plans": [{"Node Type": "Aggregate", "Strategy": "Hashed", "Parent Relationship": "Outer", "Startup Cost": 3136046.86, "Total Cost": 3136047.11, "Plan Rows": 25, "Plan Width": 50, "Group By Key": ["nation.n_name"], "Plans": [{"Node Type": "Merge Join", "Parent Relationship": "Outer", "Join Type": "Inner", "Startup Cost": 3107434.36, "Total Cost": 3135952.96, "Plan Rows": 9390, "Plan Width": 42, "Inner Unique": true, "Merge Cond": "((lineitem.l_suppkey = supplier.s_suppkey) AND (customer.c_nationkey = supplier.s_nationkey))", "Plans": [{"Node Type": "Sort", "Parent Relationship": "Outer", "Startup Cost": 3095843.79, "Total Cost": 3105066.16, "Plan Rows": 3688948, "Plan Width": 58, "Sort Key": ["lineitem.l_suppkey", "customer.c_nationkey"], "Plans": [{"Node Type": "Nested Loop", "Parent Relationship": "Outer", "Join Type": "Inner", "Startup Cost": 674437.01, "Total Cost": 2693475.88, "Plan Rows": 3688948, "Plan Width": 58, "Inner Unique": false, "Plans": [{"Node Type": "Merge Join", "Parent Relationship": "Outer", "Join Type": "Inner", "Startup Cost": 674436.28, "Total Cost": 691407.56, "Plan Rows": 406290, "Plan Width": 42, "Inner Unique": false, "Merge Cond": "(customer.c_custkey = orders.o_custkey)", "Plans": [{"Node Type": "Sort", "Parent Relationship": "Outer", "Startup Cost": 64457.4, "Total Cost": 65207.4, "Plan Rows": 300000, "Plan Width": 42, "Sort Key": ["customer.c_custkey"], "Plans": [{"Node Type": "Nested Loop", "Parent Relationship": "Outer", "Join Type": "Inner", "Startup Cost": 1033.27, "Total Cost": 37165.49, "Plan Rows": 300000, "Plan Width": 42, "Inner Unique": false, "Plans": [{"Node Type": "Merge Join", "Parent Relationship": "Outer", "Join Type": "Inner", "Startup Cost": 2.9, "Total Cost": 3.09, "Plan Rows": 5, "Plan Width": 30, "Inner Unique": false, "Merge Cond": "(region.r_regionkey = nation.n_regionkey)", "Plans": [{"Node Type": "Sort", "Parent Relationship": "Outer", "Startup Cost": 1.07, "Total Cost": 1.08, "Plan Rows": 1, "Plan Width": 4, "Sort Key": ["region.r_regionkey"], "Plans": [{"Node Type": "Seq Scan", "Parent Relationship": "Outer", "Relation Name": "region", "Alias": "region", "Startup Cost": 0.0, "Total Cost": 1.06, "Plan Rows": 1, "Plan Width": 4, "Filter": "(r_name = 'MIDDLE EAST'::bpchar)"}]}, {"Node Type": "Sort", "Parent Relationship": "Inner", "Startup Cost": 1.83, "Total Cost": 1.89, "Plan Rows": 25, "Plan Width": 34, "Sort Key": ["nation.n_regionkey"], "Plans": [{"Node Type": "Seq Scan", "Parent Relationship": "Outer", "Relation Name": "nation", "Alias": "nation", "Startup Cost": 0.0, "Total Cost": 1.25, "Plan Rows": 25, "Plan Width": 34}]}]}, {"Node Type": "Bitmap Heap Scan", "Parent Relationship": "Inner", "Relation Name": "customer", "Alias": "customer", "Startup Cost": 1030.37, "Total Cost": 6832.48, "Plan Rows": 60000, "Plan Width": 12, "Recheck Cond": "(c_nationkey = nation.n_nationkey)", "Plans": [{"Node Type": "Bitmap Index Scan", "Parent Relationship": "Outer", "Index Name": "idx_customer_nationkey", "Startup Cost": 0.0, "Total Cost": 1015.37, "Plan Rows": 60000, "Plan Width": 0, "Index Cond": "(c_nationkey = nation.n_nationkey)"}]}]}]}, {"Node Type": "Sort", "Parent Relationship": "Inner", "Startup Cost": 609978.84, "Total Cost": 615683.24, "Plan Rows": 2281758, "Plan Width": 16, "Sort Key": ["orders.o_custkey"], "Plans": [{"Node Type": "Bitmap Heap Scan", "Parent Relationship": "Outer", "Relation Name": "orders", "Alias": "orders", "Startup Cost": 58360.27, "Total Cost": 369005.64, "Plan Rows": 2281758, "Plan Width": 16, "Recheck Cond": "((o_orderdate >= '1994-01-01 00:00:00'::timestamp(0) without time zone) AND (o_orderdate < '1995-01-01 00:00:00'::timestamp without time zone)), (LLVM Optimized)", "Plans": [{"Node Type": "Bitmap Index Scan", "Parent Relationship": "Outer", "Index Name": "idx_orders_orderdate", "Startup Cost": 0.0, "Total Cost": 57789.83, "Plan Rows": 2281758, "Plan Width": 0, "Index Cond": "((o_orderdate >= '1994-01-01 00:00:00'::timestamp(0) without time zone) AND (o_orderdate < '1995-01-01 00:00:00'::timestamp without time zone))"}]}]}]}, {"Node Type": "Bitmap Heap Scan", "Parent Relationship": "Inner", "Relation Name": "lineitem", "Alias": "lineitem", "Startup Cost": 0.73, "Total Cost": 4.84, "Plan Rows": 9, "Plan Width": 32, "Recheck Cond": "(l_orderkey = orders.o_orderkey)", "Plans": [{"Node Type": "Bitmap Index Scan", "Parent Relationship": "Outer", "Index Name": "idx_lineitem_orderkey", "Startup Cost": 0.0, "Total Cost": 0.72, "Plan Rows": 9, "Plan Width": 0, "Index Cond": "(l_orderkey = orders.o_orderkey)"}]}]}]}, {"Node Type": "Sort", "Parent Relationship": "Inner", "Startup Cost": 11587.82, "Total Cost": 11837.82, "Plan Rows": 100000, "Plan Width": 12, "Sort Key": ["supplier.s_suppkey", "supplier.s_nationkey"], "Plans": [{"Node Type": "Seq Scan", "Parent Relationship": "Outer", "Relation Name": "supplier", "Alias": "supplier", "Startup Cost": 0.0, "Total Cost": 3283.0, "Plan Rows": 100000, "Plan Width": 12}]}]}]}]}, "Unique SQL Id": 1392561963}, "explain_analyze_plan": {"Plan": {"Node Type": "Sort", "Startup Cost": 3136047.69, "Total Cost": 3136047.75, "Plan Rows": 25, "Plan Width": 50, "Actual Startup Time": 13957.362, "Actual Total Time": 13957.362, "Actual Rows": 5, "Actual Loops": 1, "Sort Key": ["(sum((lineitem.l_extendedprice * (1::double precision - lineitem.l_discount)))) DESC"], "Sort Method": "quicksort", "Sort Space Used": 25, "Sort Space Type": "Memory", "Plans": [{"Node Type": "Aggregate", "Strategy": "Hashed", "Parent Relationship": "Outer", "Startup Cost": 3136046.86, "Total Cost": 3136047.11, "Plan Rows": 25, "Plan Width": 50, "Actual Startup Time": 13957.328, "Actual Total Time": 13957.33, "Actual Rows": 5, "Actual Loops": 1, "Group By Key": ["nation.n_name"], "Plans": [{"Node Type": "Merge Join", "Parent Relationship": "Outer", "Join Type": "Inner", "Startup Cost": 3107434.36, "Total Cost": 3135952.96, "Plan Rows": 9390, "Plan Width": 42, "Actual Startup Time": 13140.819, "Actual Total Time": 13909.215, "Actual Rows": 72985, "Actual Loops": 1, "Inner Unique": true, "Merge Cond": "((lineitem.l_suppkey = supplier.s_suppkey) AND (customer.c_nationkey = supplier.s_nationkey))", "Plans": [{"Node Type": "Sort", "Parent Relationship": "Outer", "Startup Cost": 3095843.79, "Total Cost": 3105066.16, "Plan Rows": 3688948, "Plan Width": 58, "Actual Startup Time": 13069.485, "Actual Total Time": 13515.014, "Actual Rows": 1815212, "Actual Loops": 1, "Sort Key": ["lineitem.l_suppkey", "customer.c_nationkey"], "Sort Method": "quicksort", "Sort Space Used": 332781, "Sort Space Type": "Memory", "Plans": [{"Node Type": "Nested Loop", "Parent Relationship": "Outer", "Join Type": "Inner", "Startup Cost": 674437.01, "Total Cost": 2693475.88, "Plan Rows": 3688948, "Plan Width": 58, "Actual Startup Time": 3964.568, "Actual Total Time": 11588.181, "Actual Rows": 1815222, "Actual Loops": 1, "Inner Unique": false, "Plans": [{"Node Type": "Merge Join", "Parent Relationship": "Outer", "Join Type": "Inner", "Startup Cost": 674436.28, "Total Cost": 691407.56, "Plan Rows": 406290, "Plan Width": 42, "Actual Startup Time": 3964.479, "Actual Total Time": 5138.483, "Actual Rows": 454183, "Actual Loops": 1, "Inner Unique": false, "Merge Cond": "(customer.c_custkey = orders.o_custkey)", "Plans": [{"Node Type": "Sort", "Parent Relationship": "Outer", "Startup Cost": 64457.4, "Total Cost": 65207.4, "Plan Rows": 300000, "Plan Width": 42, "Actual Startup Time": 712.435, "Actual Total Time": 774.424, "Actual Rows": 299838, "Actual Loops": 1, "Sort Key": ["customer.c_custkey"], "Sort Method": "quicksort", "Sort Space Used": 59138, "Sort Space Type": "Memory", "Plans": [{"Node Type": "Nested Loop", "Parent Relationship": "Outer", "Join Type": "Inner", "Startup Cost": 1033.27, "Total Cost": 37165.49, "Plan Rows": 300000, "Plan Width": 42, "Actual Startup Time": 20.961, "Actual Total Time": 589.601, "Actual Rows": 299838, "Actual Loops": 1, "Inner Unique": false, "Plans": [{"Node Type": "Merge Join", "Parent Relationship": "Outer", "Join Type": "Inner", "Startup Cost": 2.9, "Total Cost": 3.09, "Plan Rows": 5, "Plan Width": 30, "Actual Startup Time": 0.068, "Actual Total Time": 0.102, "Actual Rows": 5, "Actual Loops": 1, "Inner Unique": false, "Merge Cond": "(region.r_regionkey = nation.n_regionkey)", "Plans": [{"Node Type": "Sort", "Parent Relationship": "Outer", "Startup Cost": 1.07, "Total Cost": 1.08, "Plan Rows": 1, "Plan Width": 4, "Actual Startup Time": 0.031, "Actual Total Time": 0.031, "Actual Rows": 1, "Actual Loops": 1, "Sort Key": ["region.r_regionkey"], "Sort Method": "quicksort", "Sort Space Used": 25, "Sort Space Type": "Memory", "Plans": [{"Node Type": "Seq Scan", "Parent Relationship": "Outer", "Relation Name": "region", "Alias": "region", "Startup Cost": 0.0, "Total Cost": 1.06, "Plan Rows": 1, "Plan Width": 4, "Actual Startup Time": 0.017, "Actual Total Time": 0.019, "Actual Rows": 1, "Actual Loops": 1, "Filter": "(r_name = 'MIDDLE EAST'::bpchar)", "Rows Removed by Filter": 4}]}, {"Node Type": "Sort", "Parent Relationship": "Inner", "Startup Cost": 1.83, "Total Cost": 1.89, "Plan Rows": 25, "Plan Width": 34, "Actual Startup Time": 0.028, "Actual Total Time": 0.035, "Actual Rows": 25, "Actual Loops": 1, "Sort Key": ["nation.n_regionkey"], "Sort Method": "quicksort", "Sort Space Used": 27, "Sort Space Type": "Memory", "Plans": [{"Node Type": "Seq Scan", "Parent Relationship": "Outer", "Relation Name": "nation", "Alias": "nation", "Startup Cost": 0.0, "Total Cost": 1.25, "Plan Rows": 25, "Plan Width": 34, "Actual Startup Time": 0.006, "Actual Total Time": 0.014, "Actual Rows": 25, "Actual Loops": 1}]}]}, {"Node Type": "Bitmap Heap Scan", "Parent Relationship": "Inner", "Relation Name": "customer", "Alias": "customer", "Startup Cost": 1030.37, "Total Cost": 6832.48, "Plan Rows": 60000, "Plan Width": 12, "Actual Startup Time": 101.747, "Actual Total Time": 525.872, "Actual Rows": 299838, "Actual Loops": 5, "Recheck Cond": "(c_nationkey = nation.n_nationkey)", "Rows Removed by Index Recheck": 0, "Exact Heap Blocks": 150033, "Lossy Heap Blocks": 150033, "Plans": [{"Node Type": "Bitmap Index Scan", "Parent Relationship": "Outer", "Index Name": "idx_customer_nationkey", "Startup Cost": 0.0, "Total Cost": 1015.37, "Plan Rows": 60000, "Plan Width": 0, "Actual Startup Time": 67.649, "Actual Total Time": 67.649, "Actual Rows": 299838, "Actual Loops": 5, "Index Cond": "(c_nationkey = nation.n_nationkey)"}]}]}]}, {"Node Type": "Sort", "Parent Relationship": "Inner", "Startup Cost": 609978.84, "Total Cost": 615683.24, "Plan Rows": 2281758, "Plan Width": 16, "Actual Startup Time": 3252.019, "Actual Total Time": 3878.018, "Actual Rows": 2275914, "Actual Loops": 1, "Sort Key": ["orders.o_custkey"], "Sort Method": "quicksort", "Sort Space Used": 311672, "Sort Space Type": "Memory", "Plans": [{"Node Type": "Bitmap Heap Scan", "Parent Relationship": "Outer", "Relation Name": "orders", "Alias": "orders", "Startup Cost": 58360.27, "Total Cost": 369005.64, "Plan Rows": 2281758, "Plan Width": 16, "Actual Startup Time": 725.466, "Actual Total Time": 2308.588, "Actual Rows": 2275919, "Actual Loops": 1, "Recheck Cond": "((o_orderdate >= '1994-01-01 00:00:00'::timestamp(0) without time zone) AND (o_orderdate < '1995-01-01 00:00:00'::timestamp without time zone)), (LLVM Optimized, Jit Execute)", "Rows Removed by Index Recheck": 0, "Exact Heap Blocks": 276381, "Lossy Heap Blocks": 276381, "Plans": [{"Node Type": "Bitmap Index Scan", "Parent Relationship": "Outer", "Index Name": "idx_orders_orderdate", "Startup Cost": 0.0, "Total Cost": 57789.83, "Plan Rows": 2281758, "Plan Width": 0, "Actual Startup Time": 629.773, "Actual Total Time": 629.773, "Actual Rows": 2275919, "Actual Loops": 1, "Index Cond": "((o_orderdate >= '1994-01-01 00:00:00'::timestamp(0) without time zone) AND (o_orderdate < '1995-01-01 00:00:00'::timestamp without time zone))"}]}]}]}, {"Node Type": "Bitmap Heap Scan", "Parent Relationship": "Inner", "Relation Name": "lineitem", "Alias": "lineitem", "Startup Cost": 0.73, "Total Cost": 4.84, "Plan Rows": 9, "Plan Width": 32, "Actual Startup Time": 5186.027, "Actual Total Time": 5503.201, "Actual Rows": 1815222, "Actual Loops": 454183, "Recheck Cond": "(l_orderkey = orders.o_orderkey)", "Rows Removed by Index Recheck": 0, "Exact Heap Blocks": 486530, "Lossy Heap Blocks": 486530, "Plans": [{"Node Type": "Bitmap Index Scan", "Parent Relationship": "Outer", "Index Name": "idx_lineitem_orderkey", "Startup Cost": 0.0, "Total Cost": 0.72, "Plan Rows": 9, "Plan Width": 0, "Actual Startup Time": 3242.746, "Actual Total Time": 3242.746, "Actual Rows": 1815222, "Actual Loops": 454183, "Index Cond": "(l_orderkey = orders.o_orderkey)"}]}]}]}, {"Node Type": "Sort", "Parent Relationship": "Inner", "Startup Cost": 11587.82, "Total Cost": 11837.82, "Plan Rows": 100000, "Plan Width": 12, "Actual Startup Time": 71.273, "Actual Total Time": 85.254, "Actual Rows": 100000, "Actual Loops": 1, "Sort Key": ["supplier.s_suppkey", "supplier.s_nationkey"], "Sort Method": "quicksort", "Sort Space Used": 12448, "Sort Space Type": "Memory", "Plans": [{"Node Type": "Seq Scan", "Parent Relationship": "Outer", "Relation Name": "supplier", "Alias": "supplier", "Startup Cost": 0.0, "Total Cost": 3283.0, "Plan Rows": 100000, "Plan Width": 12, "Actual Startup Time": 0.038, "Actual Total Time": 33.592, "Actual Rows": 100000, "Actual Loops": 1}]}]}]}]}, "Triggers": [], "Planner Runtime": 7.278, "Total Runtime": 13967.246, "Unique SQL Id": 1392561963}}, "(16, 83)": {"explain_plan": {"Plan": {"Node Type": "Sort", "Startup Cost": 46003135.57, "Total Cost": 46003135.63, "Plan Rows": 25, "Plan Width": 50, "Sort Key": ["(sum((lineitem.l_extendedprice * (1::double precision - lineitem.l_discount)))) DESC"], "Plans": [{"Node Type": "Aggregate", "Strategy": "Hashed", "Parent Relationship": "Outer", "Startup Cost": 46003134.74, "Total Cost": 46003134.99, "Plan Rows": 25, "Plan Width": 50, "Group By Key": ["nation.n_name"], "Plans": [{"Node Type": "Nested Loop", "Parent Relationship": "Outer", "Join Type": "Inner", "Startup Cost": 58362.35, "Total Cost": 46003040.84, "Plan Rows": 9390, "Plan Width": 42, "Inner Unique": true, "Join Filter": "(customer.c_nationkey = supplier.s_nationkey)", "Plans": [{"Node Type": "Nested Loop", "Parent Relationship": "Outer", "Join Type": "Inner", "Startup Cost": 58362.1, "Total Cost": 30204103.6, "Plan Rows": 3688948, "Plan Width": 58, "Inner Unique": false, "Plans": [{"Node Type": "Nested Loop", "Parent Relationship": "Outer", "Join Type": "Inner", "Startup Cost": 58361.37, "Total Cost": 28202035.27, "Plan Rows": 406290, "Plan Width": 42, "Inner Unique": true, "Plans": [{"Node Type": "Nested Loop", "Parent Relationship": "Outer", "Join Type": "Inner", "Startup Cost": 58360.79, "Total Cost": 18851769.58, "Plan Rows": 2031452, "Plan Width": 46, "Inner Unique": true, "Plans": [{"Node Type": "Nested Loop", "Parent Relationship": "Outer", "Join Type": "Inner", "Startup Cost": 58360.54, "Total Cost": 10156636.32, "Plan Rows": 2031452, "Plan Width": 12, "Inner Unique": true, "Plans": [{"Node Type": "Bitmap Heap Scan", "Parent Relationship": "Outer", "Relation Name": "orders", "Alias": "orders", "Startup Cost": 58360.27, "Total Cost": 369005.64, "Plan Rows": 2281758, "Plan Width": 16, "Recheck Cond": "((o_orderdate >= '1994-01-01 00:00:00'::timestamp(0) without time zone) AND (o_orderdate < '1995-01-01 00:00:00'::timestamp without time zone)), (LLVM Optimized)", "Plans": [{"Node Type": "Bitmap Index Scan", "Parent Relationship": "Outer", "Index Name": "idx_orders_orderdate", "Startup Cost": 0.0, "Total Cost": 57789.83, "Plan Rows": 2281758, "Plan Width": 0, "Index Cond": "((o_orderdate >= '1994-01-01 00:00:00'::timestamp(0) without time zone) AND (o_orderdate < '1995-01-01 00:00:00'::timestamp without time zone))"}]}, {"Node Type": "Bitmap Heap Scan", "Parent Relationship": "Inner", "Relation Name": "customer", "Alias": "customer", "Startup Cost": 0.27, "Total Cost": 4.28, "Plan Rows": 1, "Plan Width": 12, "Recheck Cond": "(c_custkey = orders.o_custkey)", "Plans": [{"Node Type": "Bitmap Index Scan", "Parent Relationship": "Outer", "Index Name": "customer_pkey", "Startup Cost": 0.0, "Total Cost": 0.27, "Plan Rows": 1, "Plan Width": 0, "Index Cond": "(c_custkey = orders.o_custkey)"}]}]}, {"Node Type": "Bitmap Heap Scan", "Parent Relationship": "Inner", "Relation Name": "nation", "Alias": "nation", "Startup Cost": 0.26, "Total Cost": 4.27, "Plan Rows": 1, "Plan Width": 34, "Recheck Cond": "(n_nationkey = customer.c_nationkey)", "Plans": [{"Node Type": "Bitmap Index Scan", "Parent Relationship": "Outer", "Index Name": "nation_pkey", "Startup Cost": 0.0, "Total Cost": 0.26, "Plan Rows": 1, "Plan Width": 0, "Index Cond": "(n_nationkey = customer.c_nationkey)"}]}]}, {"Node Type": "Bitmap Heap Scan", "Parent Relationship": "Inner", "Relation Name": "region", "Alias": "region", "Startup Cost": 0.58, "Total Cost": 4.59, "Plan Rows": 1, "Plan Width": 4, "Recheck Cond": "(r_regionkey = nation.n_regionkey)", "Filter": "(r_name = 'MIDDLE EAST'::bpchar)", "Plans": [{"Node Type": "Bitmap Index Scan", "Parent Relationship": "Outer", "Index Name": "region_pkey", "Startup Cost": 0.0, "Total Cost": 0.58, "Plan Rows": 1, "Plan Width": 0, "Index Cond": "(r_regionkey = nation.n_regionkey)"}]}]}, {"Node Type": "Bitmap Heap Scan", "Parent Relationship": "Inner", "Relation Name": "lineitem", "Alias": "lineitem", "Startup Cost": 0.73, "Total Cost": 4.84, "Plan Rows": 9, "Plan Width": 32, "Recheck Cond": "(l_orderkey = orders.o_orderkey)", "Plans": [{"Node Type": "Bitmap Index Scan", "Parent Relationship": "Outer", "Index Name": "idx_lineitem_orderkey", "Startup Cost": 0.0, "Total Cost": 0.72, "Plan Rows": 9, "Plan Width": 0, "Index Cond": "(l_orderkey = orders.o_orderkey)"}]}]}, {"Node Type": "Bitmap Heap Scan", "Parent Relationship": "Inner", "Relation Name": "supplier", "Alias": "supplier", "Startup Cost": 0.26, "Total Cost": 4.27, "Plan Rows": 1, "Plan Width": 12, "Recheck Cond": "(s_suppkey = lineitem.l_suppkey)", "Plans": [{"Node Type": "Bitmap Index Scan", "Parent Relationship": "Outer", "Index Name": "supplier_pkey", "Startup Cost": 0.0, "Total Cost": 0.26, "Plan Rows": 1, "Plan Width": 0, "Index Cond": "(s_suppkey = lineitem.l_suppkey)"}]}]}]}]}, "Unique SQL Id": 1392561963}, "explain_analyze_plan": null}, "(16, 84)": {"explain_plan": {"Plan": {"Node Type": "Sort", "Startup Cost": 2117522.04, "Total Cost": 2117522.1, "Plan Rows": 25, "Plan Width": 50, "Sort Key": ["(sum((lineitem.l_extendedprice * (1::double precision - lineitem.l_discount)))) DESC"], "Plans": [{"Node Type": "Aggregate", "Strategy": "Hashed", "Parent Relationship": "Outer", "Startup Cost": 2117521.21, "Total Cost": 2117521.46, "Plan Rows": 25, "Plan Width": 50, "Group By Key": ["nation.n_name"], "Plans": [{"Node Type": "Merge Join", "Parent Relationship": "Outer", "Join Type": "Inner", "Startup Cost": 2090467.05, "Total Cost": 2117427.31, "Plan Rows": 9390, "Plan Width": 42, "Inner Unique": false, "Merge Cond": "(supplier.s_suppkey = lineitem.l_suppkey)", "Join Filter": "(customer.c_nationkey = supplier.s_nationkey)", "Plans": [{"Node Type": "Index Scan", "Parent Relationship": "Outer", "Scan Direction": "Forward", "Index Name": "supplier_pkey", "Relation Name": "supplier", "Alias": "supplier", "Startup Cost": 0.0, "Total Cost": 5334.54, "Plan Rows": 100000, "Plan Width": 12}, {"Node Type": "Sort", "Parent Relationship": "Inner", "Startup Cost": 2090465.22, "Total Cost": 2099687.59, "Plan Rows": 3688948, "Plan Width": 58, "Sort Key": ["lineitem.l_suppkey"], "Plans": [{"Node Type": "Nested Loop", "Parent Relationship": "Outer", "Join Type": "Inner", "Startup Cost": 1030.37, "Total Cost": 1688097.31, "Plan Rows": 3688948, "Plan Width": 58, "Inner Unique": false, "Plans": [{"Node Type": "Nested Loop", "Parent Relationship": "Outer", "Join Type": "Inner", "Startup Cost": 1030.37, "Total Cost": 412302.9, "Plan Rows": 406290, "Plan Width": 42, "Inner Unique": false, "Plans": [{"Node Type": "Nested Loop", "Parent Relationship": "Outer", "Join Type": "Inner", "Startup Cost": 1030.37, "Total Cost": 37194.1, "Plan Rows": 300000, "Plan Width": 42, "Inner Unique": false, "Plans": [{"Node Type": "Nested Loop", "Parent Relationship": "Outer", "Join Type": "Inner", "Startup Cost": 0.0, "Total Cost": 31.69, "Plan Rows": 5, "Plan Width": 30, "Inner Unique": true, "Plans": [{"Node Type": "Index Scan", "Parent Relationship": "Outer", "Scan Direction": "Forward", "Index Name": "nation_pkey", "Relation Name": "nation", "Alias": "nation", "Startup Cost": 0.0, "Total Cost": 12.62, "Plan Rows": 25, "Plan Width": 34}, {"Node Type": "Index Scan", "Parent Relationship": "Inner", "Scan Direction": "Forward", "Index Name": "region_pkey", "Relation Name": "region", "Alias": "region", "Startup Cost": 0.0, "Total Cost": 0.75, "Plan Rows": 1, "Plan Width": 4, "Index Cond": "(r_regionkey = nation.n_regionkey)", "Filter": "(r_name = 'MIDDLE EAST'::bpchar)"}]}, {"Node Type": "Bitmap Heap Scan", "Parent Relationship": "Inner", "Relation Name": "customer", "Alias": "customer", "Startup Cost": 1030.37, "Total Cost": 6832.48, "Plan Rows": 60000, "Plan Width": 12, "Recheck Cond": "(c_nationkey = nation.n_nationkey)", "Plans": [{"Node Type": "Bitmap Index Scan", "Parent Relationship": "Outer", "Index Name": "idx_customer_nationkey", "Startup Cost": 0.0, "Total Cost": 1015.37, "Plan Rows": 60000, "Plan Width": 0, "Index Cond": "(c_nationkey = nation.n_nationkey)"}]}]}, {"Node Type": "Index Scan", "Parent Relationship": "Inner", "Scan Direction": "Forward", "Index Name": "idx_orders_custkey", "Relation Name": "orders", "Alias": "orders", "Startup Cost": 0.0, "Total Cost": 1.24, "Plan Rows": 1, "Plan Width": 16, "Index Cond": "(o_custkey = customer.c_custkey)", "Filter": "((o_orderdate >= '1994-01-01 00:00:00'::timestamp(0) without time zone) AND (o_orderdate < '1995-01-01 00:00:00'::timestamp without time zone))"}]}, {"Node Type": "Index Scan", "Parent Relationship": "Inner", "Scan Direction": "Forward", "Index Name": "idx_lineitem_orderkey", "Relation Name": "lineitem", "Alias": "lineitem", "Startup Cost": 0.0, "Total Cost": 3.05, "Plan Rows": 9, "Plan Width": 32, "Index Cond": "(l_orderkey = orders.o_orderkey)"}]}]}]}]}]}, "Unique SQL Id": 1392561963}, "explain_analyze_plan": {"Plan": {"Node Type": "Sort", "Startup Cost": 2117522.04, "Total Cost": 2117522.1, "Plan Rows": 25, "Plan Width": 50, "Actual Startup Time": 17749.01, "Actual Total Time": 17749.01, "Actual Rows": 5, "Actual Loops": 1, "Sort Key": ["(sum((lineitem.l_extendedprice * (1::double precision - lineitem.l_discount)))) DESC"], "Sort Method": "quicksort", "Sort Space Used": 25, "Sort Space Type": "Memory", "Plans": [{"Node Type": "Aggregate", "Strategy": "Hashed", "Parent Relationship": "Outer", "Startup Cost": 2117521.21, "Total Cost": 2117521.46, "Plan Rows": 25, "Plan Width": 50, "Actual Startup Time": 17748.979, "Actual Total Time": 17748.982, "Actual Rows": 5, "Actual Loops": 1, "Group By Key": ["nation.n_name"], "Plans": [{"Node Type": "Merge Join", "Parent Relationship": "Outer", "Join Type": "Inner", "Startup Cost": 2090467.05, "Total Cost": 2117427.31, "Plan Rows": 9390, "Plan Width": 42, "Actual Startup Time": 16710.618, "Actual Total Time": 17699.239, "Actual Rows": 72985, "Actual Loops": 1, "Inner Unique": false, "Merge Cond": "(supplier.s_suppkey = lineitem.l_suppkey)", "Join Filter": "(customer.c_nationkey = supplier.s_nationkey)", "Rows Removed by Join Filter": 0, "Plans": [{"Node Type": "Index Scan", "Parent Relationship": "Outer", "Scan Direction": "Forward", "Index Name": "supplier_pkey", "Relation Name": "supplier", "Alias": "supplier", "Startup Cost": 0.0, "Total Cost": 5334.54, "Plan Rows": 100000, "Plan Width": 12, "Actual Startup Time": 0.024, "Actual Total Time": 63.709, "Actual Rows": 100000, "Actual Loops": 1}, {"Node Type": "Sort", "Parent Relationship": "Inner", "Startup Cost": 2090465.22, "Total Cost": 2099687.59, "Plan Rows": 3688948, "Plan Width": 58, "Actual Startup Time": 16709.921, "Actual Total Time": 17100.267, "Actual Rows": 1815222, "Actual Loops": 1, "Sort Key": ["lineitem.l_suppkey"], "Sort Method": "quicksort", "Sort Space Used": 332781, "Sort Space Type": "Memory", "Plans": [{"Node Type": "Nested Loop", "Parent Relationship": "Outer", "Join Type": "Inner", "Startup Cost": 1030.37, "Total Cost": 1688097.31, "Plan Rows": 3688948, "Plan Width": 58, "Actual Startup Time": 19.878, "Actual Total Time": 15841.223, "Actual Rows": 1815222, "Actual Loops": 1, "Inner Unique": false, "Plans": [{"Node Type": "Nested Loop", "Parent Relationship": "Outer", "Join Type": "Inner", "Startup Cost": 1030.37, "Total Cost": 412302.9, "Plan Rows": 406290, "Plan Width": 42, "Actual Startup Time": 19.857, "Actual Total Time": 9901.511, "Actual Rows": 454183, "Actual Loops": 1, "Inner Unique": false, "Plans": [{"Node Type": "Nested Loop", "Parent Relationship": "Outer", "Join Type": "Inner", "Startup Cost": 1030.37, "Total Cost": 37194.1, "Plan Rows": 300000, "Plan Width": 42, "Actual Startup Time": 19.756, "Actual Total Time": 668.607, "Actual Rows": 299838, "Actual Loops": 1, "Inner Unique": false, "Plans": [{"Node Type": "Nested Loop", "Parent Relationship": "Outer", "Join Type": "Inner", "Startup Cost": 0.0, "Total Cost": 31.69, "Plan Rows": 5, "Plan Width": 30, "Actual Startup Time": 0.03, "Actual Total Time": 0.198, "Actual Rows": 5, "Actual Loops": 1, "Inner Unique": true, "Plans": [{"Node Type": "Index Scan", "Parent Relationship": "Outer", "Scan Direction": "Forward", "Index Name": "nation_pkey", "Relation Name": "nation", "Alias": "nation", "Startup Cost": 0.0, "Total Cost": 12.62, "Plan Rows": 25, "Plan Width": 34, "Actual Startup Time": 0.004, "Actual Total Time": 0.022, "Actual Rows": 25, "Actual Loops": 1}, {"Node Type": "Index Scan", "Parent Relationship": "Inner", "Scan Direction": "Forward", "Index Name": "region_pkey", "Relation Name": "region", "Alias": "region", "Startup Cost": 0.0, "Total Cost": 0.75, "Plan Rows": 1, "Plan Width": 4, "Actual Startup Time": 0.098, "Actual Total Time": 0.098, "Actual Rows": 5, "Actual Loops": 25, "Index Cond": "(r_regionkey = nation.n_regionkey)", "Rows Removed by Index Recheck": 0, "Filter": "(r_name = 'MIDDLE EAST'::bpchar)", "Rows Removed by Filter": 20}]}, {"Node Type": "Bitmap Heap Scan", "Parent Relationship": "Inner", "Relation Name": "customer", "Alias": "customer", "Startup Cost": 1030.37, "Total Cost": 6832.48, "Plan Rows": 60000, "Plan Width": 12, "Actual Startup Time": 101.878, "Actual Total Time": 591.198, "Actual Rows": 299838, "Actual Loops": 5, "Recheck Cond": "(c_nationkey = nation.n_nationkey)", "Rows Removed by Index Recheck": 0, "Exact Heap Blocks": 150033, "Lossy Heap Blocks": 150033, "Plans": [{"Node Type": "Bitmap Index Scan", "Parent Relationship": "Outer", "Index Name": "idx_customer_nationkey", "Startup Cost": 0.0, "Total Cost": 1015.37, "Plan Rows": 60000, "Plan Width": 0, "Actual Startup Time": 67.499, "Actual Total Time": 67.499, "Actual Rows": 299838, "Actual Loops": 5, "Index Cond": "(c_nationkey = nation.n_nationkey)"}]}]}, {"Node Type": "Index Scan", "Parent Relationship": "Inner", "Scan Direction": "Forward", "Index Name": "idx_orders_custkey", "Relation Name": "orders", "Alias": "orders", "Startup Cost": 0.0, "Total Cost": 1.24, "Plan Rows": 1, "Plan Width": 16, "Actual Startup Time": 4206.214, "Actual Total Time": 8960.342, "Actual Rows": 454183, "Actual Loops": 299838, "Index Cond": "(o_custkey = customer.c_custkey)", "Rows Removed by Index Recheck": 0, "Filter": "((o_orderdate >= '1994-01-01 00:00:00'::timestamp(0) without time zone) AND (o_orderdate < '1995-01-01 00:00:00'::timestamp without time zone))", "Rows Removed by Filter": 2542535}]}, {"Node Type": "Index Scan", "Parent Relationship": "Inner", "Scan Direction": "Forward", "Index Name": "idx_lineitem_orderkey", "Relation Name": "lineitem", "Alias": "lineitem", "Startup Cost": 0.0, "Total Cost": 3.05, "Plan Rows": 9, "Plan Width": 32, "Actual Startup Time": 4310.316, "Actual Total Time": 5283.438, "Actual Rows": 1815222, "Actual Loops": 454183, "Index Cond": "(l_orderkey = orders.o_orderkey)", "Rows Removed by Index Recheck": 0}]}]}]}]}]}, "Triggers": [], "Planner Runtime": 7.899, "Total Runtime": 17749.445, "Unique SQL Id": 1392561963}}, "(16, 85)": {"explain_plan": {"Plan": {"Node Type": "Sort", "Startup Cost": 2117930.64, "Total Cost": 2117930.7, "Plan Rows": 25, "Plan Width": 50, "Sort Key": ["(sum((lineitem.l_extendedprice * (1::double precision - lineitem.l_discount)))) DESC"], "Plans": [{"Node Type": "Aggregate", "Strategy": "Hashed", "Parent Relationship": "Outer", "Startup Cost": 2117929.81, "Total Cost": 2117930.06, "Plan Rows": 25, "Plan Width": 50, "Group By Key": ["nation.n_name"], "Plans": [{"Node Type": "Merge Join", "Parent Relationship": "Outer", "Join Type": "Inner", "Startup Cost": 2090467.05, "Total Cost": 2117835.91, "Plan Rows": 9390, "Plan Width": 42, "Inner Unique": false, "Merge Cond": "(supplier.s_suppkey = lineitem.l_suppkey)", "Join Filter": "(customer.c_nationkey = supplier.s_nationkey)", "Plans": [{"Node Type": "Index Scan", "Parent Relationship": "Outer", "Scan Direction": "Forward", "Index Name": "supplier_pkey", "Relation Name": "supplier", "Alias": "supplier", "Startup Cost": 0.0, "Total Cost": 5334.54, "Plan Rows": 100000, "Plan Width": 12}, {"Node Type": "Sort", "Parent Relationship": "Inner", "Startup Cost": 2090465.22, "Total Cost": 2099687.59, "Plan Rows": 3688948, "Plan Width": 58, "Sort Key": ["lineitem.l_suppkey"], "Plans": [{"Node Type": "Nested Loop", "Parent Relationship": "Outer", "Join Type": "Inner", "Startup Cost": 1030.37, "Total Cost": 1688097.31, "Plan Rows": 3688948, "Plan Width": 58, "Inner Unique": false, "Plans": [{"Node Type": "Nested Loop", "Parent Relationship": "Outer", "Join Type": "Inner", "Startup Cost": 1030.37, "Total Cost": 412302.9, "Plan Rows": 406290, "Plan Width": 42, "Inner Unique": false, "Plans": [{"Node Type": "Nested Loop", "Parent Relationship": "Outer", "Join Type": "Inner", "Startup Cost": 1030.37, "Total Cost": 37194.1, "Plan Rows": 300000, "Plan Width": 42, "Inner Unique": false, "Plans": [{"Node Type": "Nested Loop", "Parent Relationship": "Outer", "Join Type": "Inner", "Startup Cost": 0.0, "Total Cost": 31.69, "Plan Rows": 5, "Plan Width": 30, "Inner Unique": true, "Plans": [{"Node Type": "Index Scan", "Parent Relationship": "Outer", "Scan Direction": "Forward", "Index Name": "nation_pkey", "Relation Name": "nation", "Alias": "nation", "Startup Cost": 0.0, "Total Cost": 12.62, "Plan Rows": 25, "Plan Width": 34}, {"Node Type": "Index Scan", "Parent Relationship": "Inner", "Scan Direction": "Forward", "Index Name": "region_pkey", "Relation Name": "region", "Alias": "region", "Startup Cost": 0.0, "Total Cost": 0.75, "Plan Rows": 1, "Plan Width": 4, "Index Cond": "(r_regionkey = nation.n_regionkey)", "Filter": "(r_name = 'MIDDLE EAST'::bpchar)"}]}, {"Node Type": "Bitmap Heap Scan", "Parent Relationship": "Inner", "Relation Name": "customer", "Alias": "customer", "Startup Cost": 1030.37, "Total Cost": 6832.48, "Plan Rows": 60000, "Plan Width": 12, "Recheck Cond": "(c_nationkey = nation.n_nationkey)", "Plans": [{"Node Type": "Bitmap Index Scan", "Parent Relationship": "Outer", "Index Name": "idx_customer_nationkey", "Startup Cost": 0.0, "Total Cost": 1015.37, "Plan Rows": 60000, "Plan Width": 0, "Index Cond": "(c_nationkey = nation.n_nationkey)"}]}]}, {"Node Type": "Index Scan", "Parent Relationship": "Inner", "Scan Direction": "Forward", "Index Name": "idx_orders_custkey", "Relation Name": "orders", "Alias": "orders", "Startup Cost": 0.0, "Total Cost": 1.24, "Plan Rows": 1, "Plan Width": 16, "Index Cond": "(o_custkey = customer.c_custkey)", "Filter": "((o_orderdate >= '1994-01-01 00:00:00'::timestamp(0) without time zone) AND (o_orderdate < '1995-01-01 00:00:00'::timestamp without time zone))"}]}, {"Node Type": "Index Scan", "Parent Relationship": "Inner", "Scan Direction": "Forward", "Index Name": "idx_lineitem_orderkey", "Relation Name": "lineitem", "Alias": "lineitem", "Startup Cost": 0.0, "Total Cost": 3.05, "Plan Rows": 9, "Plan Width": 32, "Index Cond": "(l_orderkey = orders.o_orderkey)"}]}]}]}]}]}, "Unique SQL Id": 1392561963}, "explain_analyze_plan": {"Plan": {"Node Type": "Sort", "Startup Cost": 2117930.64, "Total Cost": 2117930.7, "Plan Rows": 25, "Plan Width": 50, "Actual Startup Time": 17579.771, "Actual Total Time": 17579.771, "Actual Rows": 5, "Actual Loops": 1, "Sort Key": ["(sum((lineitem.l_extendedprice * (1::double precision - lineitem.l_discount)))) DESC"], "Sort Method": "quicksort", "Sort Space Used": 25, "Sort Space Type": "Memory", "Plans": [{"Node Type": "Aggregate", "Strategy": "Hashed", "Parent Relationship": "Outer", "Startup Cost": 2117929.81, "Total Cost": 2117930.06, "Plan Rows": 25, "Plan Width": 50, "Actual Startup Time": 17579.746, "Actual Total Time": 17579.749, "Actual Rows": 5, "Actual Loops": 1, "Group By Key": ["nation.n_name"], "Plans": [{"Node Type": "Merge Join", "Parent Relationship": "Outer", "Join Type": "Inner", "Startup Cost": 2090467.05, "Total Cost": 2117835.91, "Plan Rows": 9390, "Plan Width": 42, "Actual Startup Time": 16431.935, "Actual Total Time": 17530.911, "Actual Rows": 72985, "Actual Loops": 1, "Inner Unique": false, "Merge Cond": "(supplier.s_suppkey = lineitem.l_suppkey)", "Join Filter": "(customer.c_nationkey = supplier.s_nationkey)", "Rows Removed by Join Filter": 0, "Plans": [{"Node Type": "Index Scan", "Parent Relationship": "Outer", "Scan Direction": "Forward", "Index Name": "supplier_pkey", "Relation Name": "supplier", "Alias": "supplier", "Startup Cost": 0.0, "Total Cost": 5334.54, "Plan Rows": 100000, "Plan Width": 12, "Actual Startup Time": 0.028, "Actual Total Time": 67.5, "Actual Rows": 100000, "Actual Loops": 1}, {"Node Type": "Sort", "Parent Relationship": "Inner", "Startup Cost": 2090465.22, "Total Cost": 2099687.59, "Plan Rows": 3688948, "Plan Width": 58, "Actual Startup Time": 16431.726, "Actual Total Time": 16925.36, "Actual Rows": 1815222, "Actual Loops": 1, "Sort Key": ["lineitem.l_suppkey"], "Sort Method": "quicksort", "Sort Space Used": 332781, "Sort Space Type": "Memory", "Plans": [{"Node Type": "Nested Loop", "Parent Relationship": "Outer", "Join Type": "Inner", "Startup Cost": 1030.37, "Total Cost": 1688097.31, "Plan Rows": 3688948, "Plan Width": 58, "Actual Startup Time": 18.016, "Actual Total Time": 15571.511, "Actual Rows": 1815222, "Actual Loops": 1, "Inner Unique": false, "Plans": [{"Node Type": "Nested Loop", "Parent Relationship": "Outer", "Join Type": "Inner", "Startup Cost": 1030.37, "Total Cost": 412302.9, "Plan Rows": 406290, "Plan Width": 42, "Actual Startup Time": 17.994, "Actual Total Time": 9606.496, "Actual Rows": 454183, "Actual Loops": 1, "Inner Unique": false, "Plans": [{"Node Type": "Nested Loop", "Parent Relationship": "Outer", "Join Type": "Inner", "Startup Cost": 1030.37, "Total Cost": 37194.1, "Plan Rows": 300000, "Plan Width": 42, "Actual Startup Time": 17.913, "Actual Total Time": 662.571, "Actual Rows": 299838, "Actual Loops": 1, "Inner Unique": false, "Plans": [{"Node Type": "Nested Loop", "Parent Relationship": "Outer", "Join Type": "Inner", "Startup Cost": 0.0, "Total Cost": 31.69, "Plan Rows": 5, "Plan Width": 30, "Actual Startup Time": 0.033, "Actual Total Time": 0.312, "Actual Rows": 5, "Actual Loops": 1, "Inner Unique": true, "Plans": [{"Node Type": "Index Scan", "Parent Relationship": "Outer", "Scan Direction": "Forward", "Index Name": "nation_pkey", "Relation Name": "nation", "Alias": "nation", "Startup Cost": 0.0, "Total Cost": 12.62, "Plan Rows": 25, "Plan Width": 34, "Actual Startup Time": 0.004, "Actual Total Time": 0.108, "Actual Rows": 25, "Actual Loops": 1}, {"Node Type": "Index Scan", "Parent Relationship": "Inner", "Scan Direction": "Forward", "Index Name": "region_pkey", "Relation Name": "region", "Alias": "region", "Startup Cost": 0.0, "Total Cost": 0.75, "Plan Rows": 1, "Plan Width": 4, "Actual Startup Time": 0.14, "Actual Total Time": 0.14, "Actual Rows": 5, "Actual Loops": 25, "Index Cond": "(r_regionkey = nation.n_regionkey)", "Rows Removed by Index Recheck": 0, "Filter": "(r_name = 'MIDDLE EAST'::bpchar)", "Rows Removed by Filter": 20}]}, {"Node Type": "Bitmap Heap Scan", "Parent Relationship": "Inner", "Relation Name": "customer", "Alias": "customer", "Startup Cost": 1030.37, "Total Cost": 6832.48, "Plan Rows": 60000, "Plan Width": 12, "Actual Startup Time": 92.623, "Actual Total Time": 585.445, "Actual Rows": 299838, "Actual Loops": 5, "Recheck Cond": "(c_nationkey = nation.n_nationkey)", "Rows Removed by Index Recheck": 0, "Exact Heap Blocks": 150033, "Lossy Heap Blocks": 150033, "Plans": [{"Node Type": "Bitmap Index Scan", "Parent Relationship": "Outer", "Index Name": "idx_customer_nationkey", "Startup Cost": 0.0, "Total Cost": 1015.37, "Plan Rows": 60000, "Plan Width": 0, "Actual Startup Time": 59.143, "Actual Total Time": 59.143, "Actual Rows": 299838, "Actual Loops": 5, "Index Cond": "(c_nationkey = nation.n_nationkey)"}]}]}, {"Node Type": "Index Scan", "Parent Relationship": "Inner", "Scan Direction": "Forward", "Index Name": "idx_orders_custkey", "Relation Name": "orders", "Alias": "orders", "Startup Cost": 0.0, "Total Cost": 1.24, "Plan Rows": 1, "Plan Width": 16, "Actual Startup Time": 4120.557, "Actual Total Time": 8673.375, "Actual Rows": 454183, "Actual Loops": 299838, "Index Cond": "(o_custkey = customer.c_custkey)", "Rows Removed by Index Recheck": 0, "Filter": "((o_orderdate >= '1994-01-01 00:00:00'::timestamp(0) without time zone) AND (o_orderdate < '1995-01-01 00:00:00'::timestamp without time zone))", "Rows Removed by Filter": 2542535}]}, {"Node Type": "Index Scan", "Parent Relationship": "Inner", "Scan Direction": "Forward", "Index Name": "idx_lineitem_orderkey", "Relation Name": "lineitem", "Alias": "lineitem", "Startup Cost": 0.0, "Total Cost": 3.05, "Plan Rows": 9, "Plan Width": 32, "Actual Startup Time": 4314.535, "Actual Total Time": 5306.87, "Actual Rows": 1815222, "Actual Loops": 454183, "Index Cond": "(l_orderkey = orders.o_orderkey)", "Rows Removed by Index Recheck": 0}]}]}]}]}]}, "Triggers": [], "Planner Runtime": 7.665, "Total Runtime": 17580.191, "Unique SQL Id": 1392561963}}, "(16, 86)": {"explain_plan": {"Plan": {"Node Type": "Sort", "Startup Cost": 3136047.69, "Total Cost": 3136047.75, "Plan Rows": 25, "Plan Width": 50, "Sort Key": ["(sum((lineitem.l_extendedprice * (1::double precision - lineitem.l_discount)))) DESC"], "Plans": [{"Node Type": "Aggregate", "Strategy": "Hashed", "Parent Relationship": "Outer", "Startup Cost": 3136046.86, "Total Cost": 3136047.11, "Plan Rows": 25, "Plan Width": 50, "Group By Key": ["nation.n_name"], "Plans": [{"Node Type": "Merge Join", "Parent Relationship": "Outer", "Join Type": "Inner", "Startup Cost": 3107434.36, "Total Cost": 3135952.96, "Plan Rows": 9390, "Plan Width": 42, "Inner Unique": true, "Merge Cond": "((lineitem.l_suppkey = supplier.s_suppkey) AND (customer.c_nationkey = supplier.s_nationkey))", "Plans": [{"Node Type": "Sort", "Parent Relationship": "Outer", "Startup Cost": 3095843.79, "Total Cost": 3105066.16, "Plan Rows": 3688948, "Plan Width": 58, "Sort Key": ["lineitem.l_suppkey", "customer.c_nationkey"], "Plans": [{"Node Type": "Nested Loop", "Parent Relationship": "Outer", "Join Type": "Inner", "Startup Cost": 674437.01, "Total Cost": 2693475.88, "Plan Rows": 3688948, "Plan Width": 58, "Inner Unique": false, "Plans": [{"Node Type": "Merge Join", "Parent Relationship": "Outer", "Join Type": "Inner", "Startup Cost": 674436.28, "Total Cost": 691407.56, "Plan Rows": 406290, "Plan Width": 42, "Inner Unique": false, "Merge Cond": "(customer.c_custkey = orders.o_custkey)", "Plans": [{"Node Type": "Sort", "Parent Relationship": "Outer", "Startup Cost": 64457.4, "Total Cost": 65207.4, "Plan Rows": 300000, "Plan Width": 42, "Sort Key": ["customer.c_custkey"], "Plans": [{"Node Type": "Nested Loop", "Parent Relationship": "Outer", "Join Type": "Inner", "Startup Cost": 1033.27, "Total Cost": 37165.49, "Plan Rows": 300000, "Plan Width": 42, "Inner Unique": false, "Plans": [{"Node Type": "Merge Join", "Parent Relationship": "Outer", "Join Type": "Inner", "Startup Cost": 2.9, "Total Cost": 3.09, "Plan Rows": 5, "Plan Width": 30, "Inner Unique": false, "Merge Cond": "(region.r_regionkey = nation.n_regionkey)", "Plans": [{"Node Type": "Sort", "Parent Relationship": "Outer", "Startup Cost": 1.07, "Total Cost": 1.08, "Plan Rows": 1, "Plan Width": 4, "Sort Key": ["region.r_regionkey"], "Plans": [{"Node Type": "Seq Scan", "Parent Relationship": "Outer", "Relation Name": "region", "Alias": "region", "Startup Cost": 0.0, "Total Cost": 1.06, "Plan Rows": 1, "Plan Width": 4, "Filter": "(r_name = 'MIDDLE EAST'::bpchar)"}]}, {"Node Type": "Sort", "Parent Relationship": "Inner", "Startup Cost": 1.83, "Total Cost": 1.89, "Plan Rows": 25, "Plan Width": 34, "Sort Key": ["nation.n_regionkey"], "Plans": [{"Node Type": "Seq Scan", "Parent Relationship": "Outer", "Relation Name": "nation", "Alias": "nation", "Startup Cost": 0.0, "Total Cost": 1.25, "Plan Rows": 25, "Plan Width": 34}]}]}, {"Node Type": "Bitmap Heap Scan", "Parent Relationship": "Inner", "Relation Name": "customer", "Alias": "customer", "Startup Cost": 1030.37, "Total Cost": 6832.48, "Plan Rows": 60000, "Plan Width": 12, "Recheck Cond": "(c_nationkey = nation.n_nationkey)", "Plans": [{"Node Type": "Bitmap Index Scan", "Parent Relationship": "Outer", "Index Name": "idx_customer_nationkey", "Startup Cost": 0.0, "Total Cost": 1015.37, "Plan Rows": 60000, "Plan Width": 0, "Index Cond": "(c_nationkey = nation.n_nationkey)"}]}]}]}, {"Node Type": "Sort", "Parent Relationship": "Inner", "Startup Cost": 609978.84, "Total Cost": 615683.24, "Plan Rows": 2281758, "Plan Width": 16, "Sort Key": ["orders.o_custkey"], "Plans": [{"Node Type": "Bitmap Heap Scan", "Parent Relationship": "Outer", "Relation Name": "orders", "Alias": "orders", "Startup Cost": 58360.27, "Total Cost": 369005.64, "Plan Rows": 2281758, "Plan Width": 16, "Recheck Cond": "((o_orderdate >= '1994-01-01 00:00:00'::timestamp(0) without time zone) AND (o_orderdate < '1995-01-01 00:00:00'::timestamp without time zone)), (LLVM Optimized)", "Plans": [{"Node Type": "Bitmap Index Scan", "Parent Relationship": "Outer", "Index Name": "idx_orders_orderdate", "Startup Cost": 0.0, "Total Cost": 57789.83, "Plan Rows": 2281758, "Plan Width": 0, "Index Cond": "((o_orderdate >= '1994-01-01 00:00:00'::timestamp(0) without time zone) AND (o_orderdate < '1995-01-01 00:00:00'::timestamp without time zone))"}]}]}]}, {"Node Type": "Bitmap Heap Scan", "Parent Relationship": "Inner", "Relation Name": "lineitem", "Alias": "lineitem", "Startup Cost": 0.73, "Total Cost": 4.84, "Plan Rows": 9, "Plan Width": 32, "Recheck Cond": "(l_orderkey = orders.o_orderkey)", "Plans": [{"Node Type": "Bitmap Index Scan", "Parent Relationship": "Outer", "Index Name": "idx_lineitem_orderkey", "Startup Cost": 0.0, "Total Cost": 0.72, "Plan Rows": 9, "Plan Width": 0, "Index Cond": "(l_orderkey = orders.o_orderkey)"}]}]}]}, {"Node Type": "Sort", "Parent Relationship": "Inner", "Startup Cost": 11587.82, "Total Cost": 11837.82, "Plan Rows": 100000, "Plan Width": 12, "Sort Key": ["supplier.s_suppkey", "supplier.s_nationkey"], "Plans": [{"Node Type": "Seq Scan", "Parent Relationship": "Outer", "Relation Name": "supplier", "Alias": "supplier", "Startup Cost": 0.0, "Total Cost": 3283.0, "Plan Rows": 100000, "Plan Width": 12}]}]}]}]}, "Unique SQL Id": 1392561963}, "explain_analyze_plan": {"Plan": {"Node Type": "Sort", "Startup Cost": 3136047.69, "Total Cost": 3136047.75, "Plan Rows": 25, "Plan Width": 50, "Actual Startup Time": 13957.362, "Actual Total Time": 13957.362, "Actual Rows": 5, "Actual Loops": 1, "Sort Key": ["(sum((lineitem.l_extendedprice * (1::double precision - lineitem.l_discount)))) DESC"], "Sort Method": "quicksort", "Sort Space Used": 25, "Sort Space Type": "Memory", "Plans": [{"Node Type": "Aggregate", "Strategy": "Hashed", "Parent Relationship": "Outer", "Startup Cost": 3136046.86, "Total Cost": 3136047.11, "Plan Rows": 25, "Plan Width": 50, "Actual Startup Time": 13957.328, "Actual Total Time": 13957.33, "Actual Rows": 5, "Actual Loops": 1, "Group By Key": ["nation.n_name"], "Plans": [{"Node Type": "Merge Join", "Parent Relationship": "Outer", "Join Type": "Inner", "Startup Cost": 3107434.36, "Total Cost": 3135952.96, "Plan Rows": 9390, "Plan Width": 42, "Actual Startup Time": 13140.819, "Actual Total Time": 13909.215, "Actual Rows": 72985, "Actual Loops": 1, "Inner Unique": true, "Merge Cond": "((lineitem.l_suppkey = supplier.s_suppkey) AND (customer.c_nationkey = supplier.s_nationkey))", "Plans": [{"Node Type": "Sort", "Parent Relationship": "Outer", "Startup Cost": 3095843.79, "Total Cost": 3105066.16, "Plan Rows": 3688948, "Plan Width": 58, "Actual Startup Time": 13069.485, "Actual Total Time": 13515.014, "Actual Rows": 1815212, "Actual Loops": 1, "Sort Key": ["lineitem.l_suppkey", "customer.c_nationkey"], "Sort Method": "quicksort", "Sort Space Used": 332781, "Sort Space Type": "Memory", "Plans": [{"Node Type": "Nested Loop", "Parent Relationship": "Outer", "Join Type": "Inner", "Startup Cost": 674437.01, "Total Cost": 2693475.88, "Plan Rows": 3688948, "Plan Width": 58, "Actual Startup Time": 3964.568, "Actual Total Time": 11588.181, "Actual Rows": 1815222, "Actual Loops": 1, "Inner Unique": false, "Plans": [{"Node Type": "Merge Join", "Parent Relationship": "Outer", "Join Type": "Inner", "Startup Cost": 674436.28, "Total Cost": 691407.56, "Plan Rows": 406290, "Plan Width": 42, "Actual Startup Time": 3964.479, "Actual Total Time": 5138.483, "Actual Rows": 454183, "Actual Loops": 1, "Inner Unique": false, "Merge Cond": "(customer.c_custkey = orders.o_custkey)", "Plans": [{"Node Type": "Sort", "Parent Relationship": "Outer", "Startup Cost": 64457.4, "Total Cost": 65207.4, "Plan Rows": 300000, "Plan Width": 42, "Actual Startup Time": 712.435, "Actual Total Time": 774.424, "Actual Rows": 299838, "Actual Loops": 1, "Sort Key": ["customer.c_custkey"], "Sort Method": "quicksort", "Sort Space Used": 59138, "Sort Space Type": "Memory", "Plans": [{"Node Type": "Nested Loop", "Parent Relationship": "Outer", "Join Type": "Inner", "Startup Cost": 1033.27, "Total Cost": 37165.49, "Plan Rows": 300000, "Plan Width": 42, "Actual Startup Time": 20.961, "Actual Total Time": 589.601, "Actual Rows": 299838, "Actual Loops": 1, "Inner Unique": false, "Plans": [{"Node Type": "Merge Join", "Parent Relationship": "Outer", "Join Type": "Inner", "Startup Cost": 2.9, "Total Cost": 3.09, "Plan Rows": 5, "Plan Width": 30, "Actual Startup Time": 0.068, "Actual Total Time": 0.102, "Actual Rows": 5, "Actual Loops": 1, "Inner Unique": false, "Merge Cond": "(region.r_regionkey = nation.n_regionkey)", "Plans": [{"Node Type": "Sort", "Parent Relationship": "Outer", "Startup Cost": 1.07, "Total Cost": 1.08, "Plan Rows": 1, "Plan Width": 4, "Actual Startup Time": 0.031, "Actual Total Time": 0.031, "Actual Rows": 1, "Actual Loops": 1, "Sort Key": ["region.r_regionkey"], "Sort Method": "quicksort", "Sort Space Used": 25, "Sort Space Type": "Memory", "Plans": [{"Node Type": "Seq Scan", "Parent Relationship": "Outer", "Relation Name": "region", "Alias": "region", "Startup Cost": 0.0, "Total Cost": 1.06, "Plan Rows": 1, "Plan Width": 4, "Actual Startup Time": 0.017, "Actual Total Time": 0.019, "Actual Rows": 1, "Actual Loops": 1, "Filter": "(r_name = 'MIDDLE EAST'::bpchar)", "Rows Removed by Filter": 4}]}, {"Node Type": "Sort", "Parent Relationship": "Inner", "Startup Cost": 1.83, "Total Cost": 1.89, "Plan Rows": 25, "Plan Width": 34, "Actual Startup Time": 0.028, "Actual Total Time": 0.035, "Actual Rows": 25, "Actual Loops": 1, "Sort Key": ["nation.n_regionkey"], "Sort Method": "quicksort", "Sort Space Used": 27, "Sort Space Type": "Memory", "Plans": [{"Node Type": "Seq Scan", "Parent Relationship": "Outer", "Relation Name": "nation", "Alias": "nation", "Startup Cost": 0.0, "Total Cost": 1.25, "Plan Rows": 25, "Plan Width": 34, "Actual Startup Time": 0.006, "Actual Total Time": 0.014, "Actual Rows": 25, "Actual Loops": 1}]}]}, {"Node Type": "Bitmap Heap Scan", "Parent Relationship": "Inner", "Relation Name": "customer", "Alias": "customer", "Startup Cost": 1030.37, "Total Cost": 6832.48, "Plan Rows": 60000, "Plan Width": 12, "Actual Startup Time": 101.747, "Actual Total Time": 525.872, "Actual Rows": 299838, "Actual Loops": 5, "Recheck Cond": "(c_nationkey = nation.n_nationkey)", "Rows Removed by Index Recheck": 0, "Exact Heap Blocks": 150033, "Lossy Heap Blocks": 150033, "Plans": [{"Node Type": "Bitmap Index Scan", "Parent Relationship": "Outer", "Index Name": "idx_customer_nationkey", "Startup Cost": 0.0, "Total Cost": 1015.37, "Plan Rows": 60000, "Plan Width": 0, "Actual Startup Time": 67.649, "Actual Total Time": 67.649, "Actual Rows": 299838, "Actual Loops": 5, "Index Cond": "(c_nationkey = nation.n_nationkey)"}]}]}]}, {"Node Type": "Sort", "Parent Relationship": "Inner", "Startup Cost": 609978.84, "Total Cost": 615683.24, "Plan Rows": 2281758, "Plan Width": 16, "Actual Startup Time": 3252.019, "Actual Total Time": 3878.018, "Actual Rows": 2275914, "Actual Loops": 1, "Sort Key": ["orders.o_custkey"], "Sort Method": "quicksort", "Sort Space Used": 311672, "Sort Space Type": "Memory", "Plans": [{"Node Type": "Bitmap Heap Scan", "Parent Relationship": "Outer", "Relation Name": "orders", "Alias": "orders", "Startup Cost": 58360.27, "Total Cost": 369005.64, "Plan Rows": 2281758, "Plan Width": 16, "Actual Startup Time": 725.466, "Actual Total Time": 2308.588, "Actual Rows": 2275919, "Actual Loops": 1, "Recheck Cond": "((o_orderdate >= '1994-01-01 00:00:00'::timestamp(0) without time zone) AND (o_orderdate < '1995-01-01 00:00:00'::timestamp without time zone)), (LLVM Optimized, Jit Execute)", "Rows Removed by Index Recheck": 0, "Exact Heap Blocks": 276381, "Lossy Heap Blocks": 276381, "Plans": [{"Node Type": "Bitmap Index Scan", "Parent Relationship": "Outer", "Index Name": "idx_orders_orderdate", "Startup Cost": 0.0, "Total Cost": 57789.83, "Plan Rows": 2281758, "Plan Width": 0, "Actual Startup Time": 629.773, "Actual Total Time": 629.773, "Actual Rows": 2275919, "Actual Loops": 1, "Index Cond": "((o_orderdate >= '1994-01-01 00:00:00'::timestamp(0) without time zone) AND (o_orderdate < '1995-01-01 00:00:00'::timestamp without time zone))"}]}]}]}, {"Node Type": "Bitmap Heap Scan", "Parent Relationship": "Inner", "Relation Name": "lineitem", "Alias": "lineitem", "Startup Cost": 0.73, "Total Cost": 4.84, "Plan Rows": 9, "Plan Width": 32, "Actual Startup Time": 5186.027, "Actual Total Time": 5503.201, "Actual Rows": 1815222, "Actual Loops": 454183, "Recheck Cond": "(l_orderkey = orders.o_orderkey)", "Rows Removed by Index Recheck": 0, "Exact Heap Blocks": 486530, "Lossy Heap Blocks": 486530, "Plans": [{"Node Type": "Bitmap Index Scan", "Parent Relationship": "Outer", "Index Name": "idx_lineitem_orderkey", "Startup Cost": 0.0, "Total Cost": 0.72, "Plan Rows": 9, "Plan Width": 0, "Actual Startup Time": 3242.746, "Actual Total Time": 3242.746, "Actual Rows": 1815222, "Actual Loops": 454183, "Index Cond": "(l_orderkey = orders.o_orderkey)"}]}]}]}, {"Node Type": "Sort", "Parent Relationship": "Inner", "Startup Cost": 11587.82, "Total Cost": 11837.82, "Plan Rows": 100000, "Plan Width": 12, "Actual Startup Time": 71.273, "Actual Total Time": 85.254, "Actual Rows": 100000, "Actual Loops": 1, "Sort Key": ["supplier.s_suppkey", "supplier.s_nationkey"], "Sort Method": "quicksort", "Sort Space Used": 12448, "Sort Space Type": "Memory", "Plans": [{"Node Type": "Seq Scan", "Parent Relationship": "Outer", "Relation Name": "supplier", "Alias": "supplier", "Startup Cost": 0.0, "Total Cost": 3283.0, "Plan Rows": 100000, "Plan Width": 12, "Actual Startup Time": 0.038, "Actual Total Time": 33.592, "Actual Rows": 100000, "Actual Loops": 1}]}]}]}]}, "Triggers": [], "Planner Runtime": 7.278, "Total Runtime": 13967.246, "Unique SQL Id": 1392561963}}, "(16, 87)": {"explain_plan": {"Plan": {"Node Type": "Sort", "Startup Cost": 46003135.57, "Total Cost": 46003135.63, "Plan Rows": 25, "Plan Width": 50, "Sort Key": ["(sum((lineitem.l_extendedprice * (1::double precision - lineitem.l_discount)))) DESC"], "Plans": [{"Node Type": "Aggregate", "Strategy": "Hashed", "Parent Relationship": "Outer", "Startup Cost": 46003134.74, "Total Cost": 46003134.99, "Plan Rows": 25, "Plan Width": 50, "Group By Key": ["nation.n_name"], "Plans": [{"Node Type": "Nested Loop", "Parent Relationship": "Outer", "Join Type": "Inner", "Startup Cost": 58362.35, "Total Cost": 46003040.84, "Plan Rows": 9390, "Plan Width": 42, "Inner Unique": true, "Join Filter": "(customer.c_nationkey = supplier.s_nationkey)", "Plans": [{"Node Type": "Nested Loop", "Parent Relationship": "Outer", "Join Type": "Inner", "Startup Cost": 58362.1, "Total Cost": 30204103.6, "Plan Rows": 3688948, "Plan Width": 58, "Inner Unique": false, "Plans": [{"Node Type": "Nested Loop", "Parent Relationship": "Outer", "Join Type": "Inner", "Startup Cost": 58361.37, "Total Cost": 28202035.27, "Plan Rows": 406290, "Plan Width": 42, "Inner Unique": true, "Plans": [{"Node Type": "Nested Loop", "Parent Relationship": "Outer", "Join Type": "Inner", "Startup Cost": 58360.79, "Total Cost": 18851769.58, "Plan Rows": 2031452, "Plan Width": 46, "Inner Unique": true, "Plans": [{"Node Type": "Nested Loop", "Parent Relationship": "Outer", "Join Type": "Inner", "Startup Cost": 58360.54, "Total Cost": 10156636.32, "Plan Rows": 2031452, "Plan Width": 12, "Inner Unique": true, "Plans": [{"Node Type": "Bitmap Heap Scan", "Parent Relationship": "Outer", "Relation Name": "orders", "Alias": "orders", "Startup Cost": 58360.27, "Total Cost": 369005.64, "Plan Rows": 2281758, "Plan Width": 16, "Recheck Cond": "((o_orderdate >= '1994-01-01 00:00:00'::timestamp(0) without time zone) AND (o_orderdate < '1995-01-01 00:00:00'::timestamp without time zone)), (LLVM Optimized)", "Plans": [{"Node Type": "Bitmap Index Scan", "Parent Relationship": "Outer", "Index Name": "idx_orders_orderdate", "Startup Cost": 0.0, "Total Cost": 57789.83, "Plan Rows": 2281758, "Plan Width": 0, "Index Cond": "((o_orderdate >= '1994-01-01 00:00:00'::timestamp(0) without time zone) AND (o_orderdate < '1995-01-01 00:00:00'::timestamp without time zone))"}]}, {"Node Type": "Bitmap Heap Scan", "Parent Relationship": "Inner", "Relation Name": "customer", "Alias": "customer", "Startup Cost": 0.27, "Total Cost": 4.28, "Plan Rows": 1, "Plan Width": 12, "Recheck Cond": "(c_custkey = orders.o_custkey)", "Plans": [{"Node Type": "Bitmap Index Scan", "Parent Relationship": "Outer", "Index Name": "customer_pkey", "Startup Cost": 0.0, "Total Cost": 0.27, "Plan Rows": 1, "Plan Width": 0, "Index Cond": "(c_custkey = orders.o_custkey)"}]}]}, {"Node Type": "Bitmap Heap Scan", "Parent Relationship": "Inner", "Relation Name": "nation", "Alias": "nation", "Startup Cost": 0.26, "Total Cost": 4.27, "Plan Rows": 1, "Plan Width": 34, "Recheck Cond": "(n_nationkey = customer.c_nationkey)", "Plans": [{"Node Type": "Bitmap Index Scan", "Parent Relationship": "Outer", "Index Name": "nation_pkey", "Startup Cost": 0.0, "Total Cost": 0.26, "Plan Rows": 1, "Plan Width": 0, "Index Cond": "(n_nationkey = customer.c_nationkey)"}]}]}, {"Node Type": "Bitmap Heap Scan", "Parent Relationship": "Inner", "Relation Name": "region", "Alias": "region", "Startup Cost": 0.58, "Total Cost": 4.59, "Plan Rows": 1, "Plan Width": 4, "Recheck Cond": "(r_regionkey = nation.n_regionkey)", "Filter": "(r_name = 'MIDDLE EAST'::bpchar)", "Plans": [{"Node Type": "Bitmap Index Scan", "Parent Relationship": "Outer", "Index Name": "region_pkey", "Startup Cost": 0.0, "Total Cost": 0.58, "Plan Rows": 1, "Plan Width": 0, "Index Cond": "(r_regionkey = nation.n_regionkey)"}]}]}, {"Node Type": "Bitmap Heap Scan", "Parent Relationship": "Inner", "Relation Name": "lineitem", "Alias": "lineitem", "Startup Cost": 0.73, "Total Cost": 4.84, "Plan Rows": 9, "Plan Width": 32, "Recheck Cond": "(l_orderkey = orders.o_orderkey)", "Plans": [{"Node Type": "Bitmap Index Scan", "Parent Relationship": "Outer", "Index Name": "idx_lineitem_orderkey", "Startup Cost": 0.0, "Total Cost": 0.72, "Plan Rows": 9, "Plan Width": 0, "Index Cond": "(l_orderkey = orders.o_orderkey)"}]}]}, {"Node Type": "Bitmap Heap Scan", "Parent Relationship": "Inner", "Relation Name": "supplier", "Alias": "supplier", "Startup Cost": 0.26, "Total Cost": 4.27, "Plan Rows": 1, "Plan Width": 12, "Recheck Cond": "(s_suppkey = lineitem.l_suppkey)", "Plans": [{"Node Type": "Bitmap Index Scan", "Parent Relationship": "Outer", "Index Name": "supplier_pkey", "Startup Cost": 0.0, "Total Cost": 0.26, "Plan Rows": 1, "Plan Width": 0, "Index Cond": "(s_suppkey = lineitem.l_suppkey)"}]}]}]}]}, "Unique SQL Id": 1392561963}, "explain_analyze_plan": null}, "(16, 88)": {"explain_plan": {"Plan": {"Node Type": "Sort", "Startup Cost": 2121871.76, "Total Cost": 2121871.82, "Plan Rows": 25, "Plan Width": 50, "Sort Key": ["(sum((lineitem.l_extendedprice * (1::double precision - lineitem.l_discount)))) DESC"], "Plans": [{"Node Type": "Aggregate", "Strategy": "Hashed", "Parent Relationship": "Outer", "Startup Cost": 2121870.92, "Total Cost": 2121871.17, "Plan Rows": 25, "Plan Width": 50, "Group By Key": ["nation.n_name"], "Plans": [{"Node Type": "Merge Join", "Parent Relationship": "Outer", "Join Type": "Inner", "Startup Cost": 2094816.76, "Total Cost": 2121777.02, "Plan Rows": 9390, "Plan Width": 42, "Inner Unique": false, "Merge Cond": "(supplier.s_suppkey = lineitem.l_suppkey)", "Join Filter": "(customer.c_nationkey = supplier.s_nationkey)", "Plans": [{"Node Type": "Index Scan", "Parent Relationship": "Outer", "Scan Direction": "Forward", "Index Name": "supplier_pkey", "Relation Name": "supplier", "Alias": "supplier", "Startup Cost": 0.0, "Total Cost": 5334.54, "Plan Rows": 100000, "Plan Width": 12}, {"Node Type": "Sort", "Parent Relationship": "Inner", "Startup Cost": 2094814.93, "Total Cost": 2104037.3, "Plan Rows": 3688948, "Plan Width": 58, "Sort Key": ["lineitem.l_suppkey"], "Plans": [{"Node Type": "Nested Loop", "Parent Relationship": "Outer", "Join Type": "Inner", "Startup Cost": 0.0, "Total Cost": 1692447.02, "Plan Rows": 3688948, "Plan Width": 58, "Inner Unique": false, "Plans": [{"Node Type": "Nested Loop", "Parent Relationship": "Outer", "Join Type": "Inner", "Startup Cost": 0.0, "Total Cost": 416652.61, "Plan Rows": 406290, "Plan Width": 42, "Inner Unique": false, "Plans": [{"Node Type": "Nested Loop", "Parent Relationship": "Outer", "Join Type": "Inner", "Startup Cost": 0.0, "Total Cost": 41543.81, "Plan Rows": 300000, "Plan Width": 42, "Inner Unique": false, "Plans": [{"Node Type": "Nested Loop", "Parent Relationship": "Outer", "Join Type": "Inner", "Startup Cost": 0.0, "Total Cost": 31.69, "Plan Rows": 5, "Plan Width": 30, "Inner Unique": true, "Plans": [{"Node Type": "Index Scan", "Parent Relationship": "Outer", "Scan Direction": "Forward", "Index Name": "nation_pkey", "Relation Name": "nation", "Alias": "nation", "Startup Cost": 0.0, "Total Cost": 12.62, "Plan Rows": 25, "Plan Width": 34}, {"Node Type": "Index Scan", "Parent Relationship": "Inner", "Scan Direction": "Forward", "Index Name": "region_pkey", "Relation Name": "region", "Alias": "region", "Startup Cost": 0.0, "Total Cost": 0.75, "Plan Rows": 1, "Plan Width": 4, "Index Cond": "(r_regionkey = nation.n_regionkey)", "Filter": "(r_name = 'MIDDLE EAST'::bpchar)"}]}, {"Node Type": "Index Scan", "Parent Relationship": "Inner", "Scan Direction": "Forward", "Index Name": "idx_customer_nationkey", "Relation Name": "customer", "Alias": "customer", "Startup Cost": 0.0, "Total Cost": 7702.43, "Plan Rows": 60000, "Plan Width": 12, "Index Cond": "(c_nationkey = nation.n_nationkey)"}]}, {"Node Type": "Index Scan", "Parent Relationship": "Inner", "Scan Direction": "Forward", "Index Name": "idx_orders_custkey", "Relation Name": "orders", "Alias": "orders", "Startup Cost": 0.0, "Total Cost": 1.24, "Plan Rows": 1, "Plan Width": 16, "Index Cond": "(o_custkey = customer.c_custkey)", "Filter": "((o_orderdate >= '1994-01-01 00:00:00'::timestamp(0) without time zone) AND (o_orderdate < '1995-01-01 00:00:00'::timestamp without time zone))"}]}, {"Node Type": "Index Scan", "Parent Relationship": "Inner", "Scan Direction": "Forward", "Index Name": "idx_lineitem_orderkey", "Relation Name": "lineitem", "Alias": "lineitem", "Startup Cost": 0.0, "Total Cost": 3.05, "Plan Rows": 9, "Plan Width": 32, "Index Cond": "(l_orderkey = orders.o_orderkey)"}]}]}]}]}]}, "Unique SQL Id": 1392561963}, "explain_analyze_plan": {"Plan": {"Node Type": "Sort", "Startup Cost": 2121871.76, "Total Cost": 2121871.82, "Plan Rows": 25, "Plan Width": 50, "Actual Startup Time": 17326.815, "Actual Total Time": 17326.815, "Actual Rows": 5, "Actual Loops": 1, "Sort Key": ["(sum((lineitem.l_extendedprice * (1::double precision - lineitem.l_discount)))) DESC"], "Sort Method": "quicksort", "Sort Space Used": 25, "Sort Space Type": "Memory", "Plans": [{"Node Type": "Aggregate", "Strategy": "Hashed", "Parent Relationship": "Outer", "Startup Cost": 2121870.92, "Total Cost": 2121871.17, "Plan Rows": 25, "Plan Width": 50, "Actual Startup Time": 17326.784, "Actual Total Time": 17326.785, "Actual Rows": 5, "Actual Loops": 1, "Group By Key": ["nation.n_name"], "Plans": [{"Node Type": "Merge Join", "Parent Relationship": "Outer", "Join Type": "Inner", "Startup Cost": 2094816.76, "Total Cost": 2121777.02, "Plan Rows": 9390, "Plan Width": 42, "Actual Startup Time": 16263.468, "Actual Total Time": 17277.526, "Actual Rows": 72985, "Actual Loops": 1, "Inner Unique": false, "Merge Cond": "(supplier.s_suppkey = lineitem.l_suppkey)", "Join Filter": "(customer.c_nationkey = supplier.s_nationkey)", "Rows Removed by Join Filter": 0, "Plans": [{"Node Type": "Index Scan", "Parent Relationship": "Outer", "Scan Direction": "Forward", "Index Name": "supplier_pkey", "Relation Name": "supplier", "Alias": "supplier", "Startup Cost": 0.0, "Total Cost": 5334.54, "Plan Rows": 100000, "Plan Width": 12, "Actual Startup Time": 0.026, "Actual Total Time": 64.929, "Actual Rows": 100000, "Actual Loops": 1}, {"Node Type": "Sort", "Parent Relationship": "Inner", "Startup Cost": 2094814.93, "Total Cost": 2104037.3, "Plan Rows": 3688948, "Plan Width": 58, "Actual Startup Time": 16263.247, "Actual Total Time": 16677.574, "Actual Rows": 1815222, "Actual Loops": 1, "Sort Key": ["lineitem.l_suppkey"], "Sort Method": "quicksort", "Sort Space Used": 332781, "Sort Space Type": "Memory", "Plans": [{"Node Type": "Nested Loop", "Parent Relationship": "Outer", "Join Type": "Inner", "Startup Cost": 0.0, "Total Cost": 1692447.02, "Plan Rows": 3688948, "Plan Width": 58, "Actual Startup Time": 0.13, "Actual Total Time": 15402.469, "Actual Rows": 1815222, "Actual Loops": 1, "Inner Unique": false, "Plans": [{"Node Type": "Nested Loop", "Parent Relationship": "Outer", "Join Type": "Inner", "Startup Cost": 0.0, "Total Cost": 416652.61, "Plan Rows": 406290, "Plan Width": 42, "Actual Startup Time": 0.112, "Actual Total Time": 9439.313, "Actual Rows": 454183, "Actual Loops": 1, "Inner Unique": false, "Plans": [{"Node Type": "Nested Loop", "Parent Relationship": "Outer", "Join Type": "Inner", "Startup Cost": 0.0, "Total Cost": 41543.81, "Plan Rows": 300000, "Plan Width": 42, "Actual Startup Time": 0.06, "Actual Total Time": 547.589, "Actual Rows": 299838, "Actual Loops": 1, "Inner Unique": false, "Plans": [{"Node Type": "Nested Loop", "Parent Relationship": "Outer", "Join Type": "Inner", "Startup Cost": 0.0, "Total Cost": 31.69, "Plan Rows": 5, "Plan Width": 30, "Actual Startup Time": 0.033, "Actual Total Time": 0.201, "Actual Rows": 5, "Actual Loops": 1, "Inner Unique": true, "Plans": [{"Node Type": "Index Scan", "Parent Relationship": "Outer", "Scan Direction": "Forward", "Index Name": "nation_pkey", "Relation Name": "nation", "Alias": "nation", "Startup Cost": 0.0, "Total Cost": 12.62, "Plan Rows": 25, "Plan Width": 34, "Actual Startup Time": 0.003, "Actual Total Time": 0.038, "Actual Rows": 25, "Actual Loops": 1}, {"Node Type": "Index Scan", "Parent Relationship": "Inner", "Scan Direction": "Forward", "Index Name": "region_pkey", "Relation Name": "region", "Alias": "region", "Startup Cost": 0.0, "Total Cost": 0.75, "Plan Rows": 1, "Plan Width": 4, "Actual Startup Time": 0.106, "Actual Total Time": 0.106, "Actual Rows": 5, "Actual Loops": 25, "Index Cond": "(r_regionkey = nation.n_regionkey)", "Rows Removed by Index Recheck": 0, "Filter": "(r_name = 'MIDDLE EAST'::bpchar)", "Rows Removed by Filter": 20}]}, {"Node Type": "Index Scan", "Parent Relationship": "Inner", "Scan Direction": "Forward", "Index Name": "idx_customer_nationkey", "Relation Name": "customer", "Alias": "customer", "Startup Cost": 0.0, "Total Cost": 7702.43, "Plan Rows": 60000, "Plan Width": 12, "Actual Startup Time": 0.157, "Actual Total Time": 461.98, "Actual Rows": 299838, "Actual Loops": 5, "Index Cond": "(c_nationkey = nation.n_nationkey)", "Rows Removed by Index Recheck": 0}]}, {"Node Type": "Index Scan", "Parent Relationship": "Inner", "Scan Direction": "Forward", "Index Name": "idx_orders_custkey", "Relation Name": "orders", "Alias": "orders", "Startup Cost": 0.0, "Total Cost": 1.24, "Plan Rows": 1, "Plan Width": 16, "Actual Startup Time": 4105.383, "Actual Total Time": 8624.634, "Actual Rows": 454183, "Actual Loops": 299838, "Index Cond": "(o_custkey = customer.c_custkey)", "Rows Removed by Index Recheck": 0, "Filter": "((o_orderdate >= '1994-01-01 00:00:00'::timestamp(0) without time zone) AND (o_orderdate < '1995-01-01 00:00:00'::timestamp without time zone))", "Rows Removed by Filter": 2542535}]}, {"Node Type": "Index Scan", "Parent Relationship": "Inner", "Scan Direction": "Forward", "Index Name": "idx_lineitem_orderkey", "Relation Name": "lineitem", "Alias": "lineitem", "Startup Cost": 0.0, "Total Cost": 3.05, "Plan Rows": 9, "Plan Width": 32, "Actual Startup Time": 4314.34, "Actual Total Time": 5308.768, "Actual Rows": 1815222, "Actual Loops": 454183, "Index Cond": "(l_orderkey = orders.o_orderkey)", "Rows Removed by Index Recheck": 0}]}]}]}]}]}, "Triggers": [], "Planner Runtime": 7.257, "Total Runtime": 17327.124, "Unique SQL Id": 1392561963}}, "(16, 89)": {"explain_plan": {"Plan": {"Node Type": "Sort", "Startup Cost": 2122280.36, "Total Cost": 2122280.42, "Plan Rows": 25, "Plan Width": 50, "Sort Key": ["(sum((lineitem.l_extendedprice * (1::double precision - lineitem.l_discount)))) DESC"], "Plans": [{"Node Type": "Aggregate", "Strategy": "Hashed", "Parent Relationship": "Outer", "Startup Cost": 2122279.52, "Total Cost": 2122279.77, "Plan Rows": 25, "Plan Width": 50, "Group By Key": ["nation.n_name"], "Plans": [{"Node Type": "Merge Join", "Parent Relationship": "Outer", "Join Type": "Inner", "Startup Cost": 2094816.76, "Total Cost": 2122185.62, "Plan Rows": 9390, "Plan Width": 42, "Inner Unique": false, "Merge Cond": "(supplier.s_suppkey = lineitem.l_suppkey)", "Join Filter": "(customer.c_nationkey = supplier.s_nationkey)", "Plans": [{"Node Type": "Index Scan", "Parent Relationship": "Outer", "Scan Direction": "Forward", "Index Name": "supplier_pkey", "Relation Name": "supplier", "Alias": "supplier", "Startup Cost": 0.0, "Total Cost": 5334.54, "Plan Rows": 100000, "Plan Width": 12}, {"Node Type": "Sort", "Parent Relationship": "Inner", "Startup Cost": 2094814.93, "Total Cost": 2104037.3, "Plan Rows": 3688948, "Plan Width": 58, "Sort Key": ["lineitem.l_suppkey"], "Plans": [{"Node Type": "Nested Loop", "Parent Relationship": "Outer", "Join Type": "Inner", "Startup Cost": 0.0, "Total Cost": 1692447.02, "Plan Rows": 3688948, "Plan Width": 58, "Inner Unique": false, "Plans": [{"Node Type": "Nested Loop", "Parent Relationship": "Outer", "Join Type": "Inner", "Startup Cost": 0.0, "Total Cost": 416652.61, "Plan Rows": 406290, "Plan Width": 42, "Inner Unique": false, "Plans": [{"Node Type": "Nested Loop", "Parent Relationship": "Outer", "Join Type": "Inner", "Startup Cost": 0.0, "Total Cost": 41543.81, "Plan Rows": 300000, "Plan Width": 42, "Inner Unique": false, "Plans": [{"Node Type": "Nested Loop", "Parent Relationship": "Outer", "Join Type": "Inner", "Startup Cost": 0.0, "Total Cost": 31.69, "Plan Rows": 5, "Plan Width": 30, "Inner Unique": true, "Plans": [{"Node Type": "Index Scan", "Parent Relationship": "Outer", "Scan Direction": "Forward", "Index Name": "nation_pkey", "Relation Name": "nation", "Alias": "nation", "Startup Cost": 0.0, "Total Cost": 12.62, "Plan Rows": 25, "Plan Width": 34}, {"Node Type": "Index Scan", "Parent Relationship": "Inner", "Scan Direction": "Forward", "Index Name": "region_pkey", "Relation Name": "region", "Alias": "region", "Startup Cost": 0.0, "Total Cost": 0.75, "Plan Rows": 1, "Plan Width": 4, "Index Cond": "(r_regionkey = nation.n_regionkey)", "Filter": "(r_name = 'MIDDLE EAST'::bpchar)"}]}, {"Node Type": "Index Scan", "Parent Relationship": "Inner", "Scan Direction": "Forward", "Index Name": "idx_customer_nationkey", "Relation Name": "customer", "Alias": "customer", "Startup Cost": 0.0, "Total Cost": 7702.43, "Plan Rows": 60000, "Plan Width": 12, "Index Cond": "(c_nationkey = nation.n_nationkey)"}]}, {"Node Type": "Index Scan", "Parent Relationship": "Inner", "Scan Direction": "Forward", "Index Name": "idx_orders_custkey", "Relation Name": "orders", "Alias": "orders", "Startup Cost": 0.0, "Total Cost": 1.24, "Plan Rows": 1, "Plan Width": 16, "Index Cond": "(o_custkey = customer.c_custkey)", "Filter": "((o_orderdate >= '1994-01-01 00:00:00'::timestamp(0) without time zone) AND (o_orderdate < '1995-01-01 00:00:00'::timestamp without time zone))"}]}, {"Node Type": "Index Scan", "Parent Relationship": "Inner", "Scan Direction": "Forward", "Index Name": "idx_lineitem_orderkey", "Relation Name": "lineitem", "Alias": "lineitem", "Startup Cost": 0.0, "Total Cost": 3.05, "Plan Rows": 9, "Plan Width": 32, "Index Cond": "(l_orderkey = orders.o_orderkey)"}]}]}]}]}]}, "Unique SQL Id": 1392561963}, "explain_analyze_plan": {"Plan": {"Node Type": "Sort", "Startup Cost": 2122280.36, "Total Cost": 2122280.42, "Plan Rows": 25, "Plan Width": 50, "Actual Startup Time": 17719.919, "Actual Total Time": 17719.919, "Actual Rows": 5, "Actual Loops": 1, "Sort Key": ["(sum((lineitem.l_extendedprice * (1::double precision - lineitem.l_discount)))) DESC"], "Sort Method": "quicksort", "Sort Space Used": 25, "Sort Space Type": "Memory", "Plans": [{"Node Type": "Aggregate", "Strategy": "Hashed", "Parent Relationship": "Outer", "Startup Cost": 2122279.52, "Total Cost": 2122279.77, "Plan Rows": 25, "Plan Width": 50, "Actual Startup Time": 17719.895, "Actual Total Time": 17719.895, "Actual Rows": 5, "Actual Loops": 1, "Group By Key": ["nation.n_name"], "Plans": [{"Node Type": "Merge Join", "Parent Relationship": "Outer", "Join Type": "Inner", "Startup Cost": 2094816.76, "Total Cost": 2122185.62, "Plan Rows": 9390, "Plan Width": 42, "Actual Startup Time": 16502.902, "Actual Total Time": 17670.961, "Actual Rows": 72985, "Actual Loops": 1, "Inner Unique": false, "Merge Cond": "(supplier.s_suppkey = lineitem.l_suppkey)", "Join Filter": "(customer.c_nationkey = supplier.s_nationkey)", "Rows Removed by Join Filter": 0, "Plans": [{"Node Type": "Index Scan", "Parent Relationship": "Outer", "Scan Direction": "Forward", "Index Name": "supplier_pkey", "Relation Name": "supplier", "Alias": "supplier", "Startup Cost": 0.0, "Total Cost": 5334.54, "Plan Rows": 100000, "Plan Width": 12, "Actual Startup Time": 0.026, "Actual Total Time": 75.07, "Actual Rows": 100000, "Actual Loops": 1}, {"Node Type": "Sort", "Parent Relationship": "Inner", "Startup Cost": 2094814.93, "Total Cost": 2104037.3, "Plan Rows": 3688948, "Plan Width": 58, "Actual Startup Time": 16502.697, "Actual Total Time": 17058.479, "Actual Rows": 1815222, "Actual Loops": 1, "Sort Key": ["lineitem.l_suppkey"], "Sort Method": "quicksort", "Sort Space Used": 332781, "Sort Space Type": "Memory", "Plans": [{"Node Type": "Nested Loop", "Parent Relationship": "Outer", "Join Type": "Inner", "Startup Cost": 0.0, "Total Cost": 1692447.02, "Plan Rows": 3688948, "Plan Width": 58, "Actual Startup Time": 0.134, "Actual Total Time": 15642.177, "Actual Rows": 1815222, "Actual Loops": 1, "Inner Unique": false, "Plans": [{"Node Type": "Nested Loop", "Parent Relationship": "Outer", "Join Type": "Inner", "Startup Cost": 0.0, "Total Cost": 416652.61, "Plan Rows": 406290, "Plan Width": 42, "Actual Startup Time": 0.115, "Actual Total Time": 9725.328, "Actual Rows": 454183, "Actual Loops": 1, "Inner Unique": false, "Plans": [{"Node Type": "Nested Loop", "Parent Relationship": "Outer", "Join Type": "Inner", "Startup Cost": 0.0, "Total Cost": 41543.81, "Plan Rows": 300000, "Plan Width": 42, "Actual Startup Time": 0.061, "Actual Total Time": 527.467, "Actual Rows": 299838, "Actual Loops": 1, "Inner Unique": false, "Plans": [{"Node Type": "Nested Loop", "Parent Relationship": "Outer", "Join Type": "Inner", "Startup Cost": 0.0, "Total Cost": 31.69, "Plan Rows": 5, "Plan Width": 30, "Actual Startup Time": 0.035, "Actual Total Time": 0.209, "Actual Rows": 5, "Actual Loops": 1, "Inner Unique": true, "Plans": [{"Node Type": "Index Scan", "Parent Relationship": "Outer", "Scan Direction": "Forward", "Index Name": "nation_pkey", "Relation Name": "nation", "Alias": "nation", "Startup Cost": 0.0, "Total Cost": 12.62, "Plan Rows": 25, "Plan Width": 34, "Actual Startup Time": 0.004, "Actual Total Time": 0.032, "Actual Rows": 25, "Actual Loops": 1}, {"Node Type": "Index Scan", "Parent Relationship": "Inner", "Scan Direction": "Forward", "Index Name": "region_pkey", "Relation Name": "region", "Alias": "region", "Startup Cost": 0.0, "Total Cost": 0.75, "Plan Rows": 1, "Plan Width": 4, "Actual Startup Time": 0.106, "Actual Total Time": 0.106, "Actual Rows": 5, "Actual Loops": 25, "Index Cond": "(r_regionkey = nation.n_regionkey)", "Rows Removed by Index Recheck": 0, "Filter": "(r_name = 'MIDDLE EAST'::bpchar)", "Rows Removed by Filter": 20}]}, {"Node Type": "Index Scan", "Parent Relationship": "Inner", "Scan Direction": "Forward", "Index Name": "idx_customer_nationkey", "Relation Name": "customer", "Alias": "customer", "Startup Cost": 0.0, "Total Cost": 7702.43, "Plan Rows": 60000, "Plan Width": 12, "Actual Startup Time": 0.149, "Actual Total Time": 443.211, "Actual Rows": 299838, "Actual Loops": 5, "Index Cond": "(c_nationkey = nation.n_nationkey)", "Rows Removed by Index Recheck": 0}]}, {"Node Type": "Index Scan", "Parent Relationship": "Inner", "Scan Direction": "Forward", "Index Name": "idx_orders_custkey", "Relation Name": "orders", "Alias": "orders", "Startup Cost": 0.0, "Total Cost": 1.24, "Plan Rows": 1, "Plan Width": 16, "Actual Startup Time": 4182.677, "Actual Total Time": 8933.42, "Actual Rows": 454183, "Actual Loops": 299838, "Index Cond": "(o_custkey = customer.c_custkey)", "Rows Removed by Index Recheck": 0, "Filter": "((o_orderdate >= '1994-01-01 00:00:00'::timestamp(0) without time zone) AND (o_orderdate < '1995-01-01 00:00:00'::timestamp without time zone))", "Rows Removed by Filter": 2542535}]}, {"Node Type": "Index Scan", "Parent Relationship": "Inner", "Scan Direction": "Forward", "Index Name": "idx_lineitem_orderkey", "Relation Name": "lineitem", "Alias": "lineitem", "Startup Cost": 0.0, "Total Cost": 3.05, "Plan Rows": 9, "Plan Width": 32, "Actual Startup Time": 4294.63, "Actual Total Time": 5265.517, "Actual Rows": 1815222, "Actual Loops": 454183, "Index Cond": "(l_orderkey = orders.o_orderkey)", "Rows Removed by Index Recheck": 0}]}]}]}]}]}, "Triggers": [], "Planner Runtime": 7.13, "Total Runtime": 17720.252, "Unique SQL Id": 1392561963}}, "(16, 90)": {"explain_plan": {"Plan": {"Node Type": "Sort", "Startup Cost": 11169864.59, "Total Cost": 11169864.65, "Plan Rows": 25, "Plan Width": 50, "Sort Key": ["(sum((lineitem.l_extendedprice * (1::double precision - lineitem.l_discount)))) DESC"], "Plans": [{"Node Type": "Aggregate", "Strategy": "Hashed", "Parent Relationship": "Outer", "Startup Cost": 11169863.76, "Total Cost": 11169864.01, "Plan Rows": 25, "Plan Width": 50, "Group By Key": ["nation.n_name"], "Plans": [{"Node Type": "Merge Join", "Parent Relationship": "Outer", "Join Type": "Inner", "Startup Cost": 11156437.02, "Total Cost": 11169769.86, "Plan Rows": 9390, "Plan Width": 42, "Inner Unique": true, "Merge Cond": "((orders.o_custkey = customer.c_custkey) AND (supplier.s_nationkey = customer.c_nationkey))", "Plans": [{"Node Type": "Sort", "Parent Relationship": "Outer", "Startup Cost": 10950436.73, "Total Cost": 10951095.98, "Plan Rows": 263699, "Plan Width": 58, "Sort Key": ["orders.o_custkey", "supplier.s_nationkey"], "Plans": [{"Node Type": "Merge Join", "Parent Relationship": "Outer", "Join Type": "Inner", "Startup Cost": 10903235.78, "Total Cost": 10926692.57, "Plan Rows": 263699, "Plan Width": 58, "Inner Unique": true, "Merge Cond": "(lineitem.l_orderkey = orders.o_orderkey)", "Plans": [{"Node Type": "Sort", "Parent Relationship": "Outer", "Startup Cost": 10160850.97, "Total Cost": 10162759.81, "Plan Rows": 763534, "Plan Width": 58, "Sort Key": ["lineitem.l_orderkey"], "Plans": [{"Node Type": "Merge Join", "Parent Relationship": "Outer", "Join Type": "Inner", "Startup Cost": 9778633.86, "Total Cost": 10086244.8, "Plan Rows": 763534, "Plan Width": 58, "Inner Unique": false, "Merge Cond": "(supplier.s_suppkey = lineitem.l_suppkey)", "Plans": [{"Node Type": "Sort", "Parent Relationship": "Outer", "Startup Cost": 13719.76, "Total Cost": 13769.76, "Plan Rows": 20000, "Plan Width": 42, "Sort Key": ["supplier.s_suppkey"], "Plans": [{"Node Type": "Merge Join", "Parent Relationship": "Outer", "Join Type": "Inner", "Startup Cost": 11590.96, "Total Cost": 12290.99, "Plan Rows": 20000, "Plan Width": 42, "Inner Unique": false, "Merge Cond": "(nation.n_nationkey = supplier.s_nationkey)", "Plans": [{"Node Type": "Sort", "Parent Relationship": "Outer", "Startup Cost": 3.14, "Total Cost": 3.16, "Plan Rows": 5, "Plan Width": 30, "Sort Key": ["nation.n_nationkey"], "Plans": [{"Node Type": "Merge Join", "Parent Relationship": "Outer", "Join Type": "Inner", "Startup Cost": 2.9, "Total Cost": 3.09, "Plan Rows": 5, "Plan Width": 30, "Inner Unique": false, "Merge Cond": "(region.r_regionkey = nation.n_regionkey)", "Plans": [{"Node Type": "Sort", "Parent Relationship": "Outer", "Startup Cost": 1.07, "Total Cost": 1.08, "Plan Rows": 1, "Plan Width": 4, "Sort Key": ["region.r_regionkey"], "Plans": [{"Node Type": "Seq Scan", "Parent Relationship": "Outer", "Relation Name": "region", "Alias": "region", "Startup Cost": 0.0, "Total Cost": 1.06, "Plan Rows": 1, "Plan Width": 4, "Filter": "(r_name = 'MIDDLE EAST'::bpchar)"}]}, {"Node Type": "Sort", "Parent Relationship": "Inner", "Startup Cost": 1.83, "Total Cost": 1.89, "Plan Rows": 25, "Plan Width": 34, "Sort Key": ["nation.n_regionkey"], "Plans": [{"Node Type": "Seq Scan", "Parent Relationship": "Outer", "Relation Name": "nation", "Alias": "nation", "Startup Cost": 0.0, "Total Cost": 1.25, "Plan Rows": 25, "Plan Width": 34}]}]}]}, {"Node Type": "Sort", "Parent Relationship": "Inner", "Startup Cost": 11587.82, "Total Cost": 11837.82, "Plan Rows": 100000, "Plan Width": 12, "Sort Key": ["supplier.s_nationkey"], "Plans": [{"Node Type": "Seq Scan", "Parent Relationship": "Outer", "Relation Name": "supplier", "Alias": "supplier", "Startup Cost": 0.0, "Total Cost": 3283.0, "Plan Rows": 100000, "Plan Width": 12}]}]}]}, {"Node Type": "Sort", "Parent Relationship": "Inner", "Startup Cost": 9764884.32, "Total Cost": 9914851.9, "Plan Rows": 59987033, "Plan Width": 32, "Sort Key": ["lineitem.l_suppkey"], "Plans": [{"Node Type": "Seq Scan", "Parent Relationship": "Outer", "Relation Name": "lineitem", "Alias": "lineitem", "Startup Cost": 0.0, "Total Cost": 2015115.33, "Plan Rows": 59987033, "Plan Width": 32}]}]}]}, {"Node Type": "Sort", "Parent Relationship": "Inner", "Startup Cost": 742384.39, "Total Cost": 748088.78, "Plan Rows": 2281758, "Plan Width": 16, "Sort Key": ["orders.o_orderkey"], "Plans": [{"Node Type": "Seq Scan", "Parent Relationship": "Outer", "Relation Name": "orders", "Alias": "orders", "Startup Cost": 441.06, "Total Cost": 501411.18, "Plan Rows": 2281758, "Plan Width": 16, "Filter": "((o_orderdate >= '1994-01-01 00:00:00'::timestamp(0) without time zone) AND (o_orderdate < '1995-01-01 00:00:00'::timestamp without time zone)), (LLVM Optimized)"}]}]}]}, {"Node Type": "Sort", "Parent Relationship": "Inner", "Startup Cost": 205999.98, "Total Cost": 209749.98, "Plan Rows": 1500000, "Plan Width": 12, "Sort Key": ["customer.c_custkey", "customer.c_nationkey"], "Plans": [{"Node Type": "Seq Scan", "Parent Relationship": "Outer", "Relation Name": "customer", "Alias": "customer", "Startup Cost": 0.0, "Total Cost": 52126.0, "Plan Rows": 1500000, "Plan Width": 12}]}]}]}]}, "Unique SQL Id": 1392561963}, "explain_analyze_plan": null}, "(16, 91)": {"explain_plan": {"Plan": {"Node Type": "Sort", "Startup Cost": 6000400235669.21, "Total Cost": 6000400235669.27, "Plan Rows": 25, "Plan Width": 50, "Sort Key": ["(sum((lineitem.l_extendedprice * (1::double precision - lineitem.l_discount)))) DESC"], "Plans": [{"Node Type": "Aggregate", "Strategy": "Hashed", "Parent Relationship": "Outer", "Startup Cost": 6000400235668.38, "Total Cost": 6000400235668.62, "Plan Rows": 25, "Plan Width": 50, "Group By Key": ["nation.n_name"], "Plans": [{"Node Type": "Merge Join", "Parent Relationship": "Outer", "Join Type": "Inner", "Startup Cost": 5010419210895.03, "Total Cost": 6000400235574.48, "Plan Rows": 9390, "Plan Width": 42, "Inner Unique": false, "Merge Cond": "(customer.c_custkey = orders.o_custkey)", "Join Filter": "(supplier.s_nationkey = customer.c_nationkey)", "Plans": [{"Node Type": "Index Scan", "Parent Relationship": "Outer", "Scan Direction": "Forward", "Index Name": "customer_pkey", "Relation Name": "customer", "Alias": "customer", "Startup Cost": 10000000000.0, "Total Cost": 1000008076535.62, "Plan Rows": 1500000, "Plan Width": 12}, {"Node Type": "Sort", "Parent Relationship": "Inner", "Startup Cost": 5000392150674.17, "Total Cost": 5000392151333.41, "Plan Rows": 263699, "Plan Width": 58, "Sort Key": ["orders.o_custkey"], "Plans": [{"Node Type": "Merge Join", "Parent Relationship": "Outer", "Join Type": "Inner", "Startup Cost": 5000392117700.51, "Total Cost": 5000392126930.01, "Plan Rows": 263699, "Plan Width": 58, "Inner Unique": false, "Merge Cond": "(nation.n_nationkey = supplier.s_nationkey)", "Plans": [{"Node Type": "Sort", "Parent Relationship": "Outer", "Startup Cost": 2000000002068.86, "Total Cost": 2000000002068.87, "Plan Rows": 5, "Plan Width": 30, "Sort Key": ["nation.n_nationkey"], "Plans": [{"Node Type": "Nested Loop", "Parent Relationship": "Outer", "Join Type": "Inner", "Startup Cost": 20000000000.0, "Total Cost": 2000000002068.8, "Plan Rows": 5, "Plan Width": 30, "Inner Unique": false, "Plans": [{"Node Type": "Index Scan", "Parent Relationship": "Outer", "Scan Direction": "Forward", "Index Name": "region_pkey", "Relation Name": "region", "Alias": "region", "Startup Cost": 10000000000.0, "Total Cost": 1000000001233.75, "Plan Rows": 1, "Plan Width": 4, "Filter": "(r_name = 'MIDDLE EAST'::bpchar)"}, {"Node Type": "Index Scan", "Parent Relationship": "Inner", "Scan Direction": "Forward", "Index Name": "idx_nation_regionkey", "Relation Name": "nation", "Alias": "nation", "Startup Cost": 10000000000.0, "Total Cost": 1000000000835.0, "Plan Rows": 5, "Plan Width": 34, "Index Cond": "(n_regionkey = region.r_regionkey)"}]}]}, {"Node Type": "Sort", "Parent Relationship": "Inner", "Startup Cost": 3000392115631.65, "Total Cost": 3000392118927.89, "Plan Rows": 1318497, "Plan Width": 28, "Sort Key": ["supplier.s_nationkey"], "Plans": [{"Node Type": "Merge Join", "Parent Relationship": "Outer", "Join Type": "Inner", "Startup Cost": 2010391331147.51, "Total Cost": 3000391981603.38, "Plan Rows": 1318497, "Plan Width": 28, "Inner Unique": false, "Merge Cond": "(supplier.s_suppkey = lineitem.l_suppkey)", "Plans": [{"Node Type": "Index Scan", "Parent Relationship": "Outer", "Scan Direction": "Forward", "Index Name": "supplier_pkey", "Relation Name": "supplier", "Alias": "supplier", "Startup Cost": 10000000000.0, "Total Cost": 1000000533454.38, "Plan Rows": 100000, "Plan Width": 12}, {"Node Type": "Sort", "Parent Relationship": "Inner", "Startup Cost": 2000391331137.23, "Total Cost": 2000391382930.77, "Plan Rows": 20717417, "Plan Width": 32, "Sort Key": ["lineitem.l_suppkey"], "Plans": [{"Node Type": "Merge Join", "Parent Relationship": "Outer", "Join Type": "Inner", "Startup Cost": 20036448550.05, "Total Cost": 2000388813521.41, "Plan Rows": 20717417, "Plan Width": 32, "Inner Unique": false, "Merge Cond": "(orders.o_orderkey = lineitem.l_orderkey)", "Plans": [{"Node Type": "Index Scan", "Parent Relationship": "Outer", "Scan Direction": "Forward", "Index Name": "orders_pkey", "Relation Name": "orders", "Alias": "orders", "Startup Cost": 10000000000.0, "Total Cost": 1000080597583.0, "Plan Rows": 2281758, "Plan Width": 16, "Filter": "((o_orderdate >= '1994-01-01 00:00:00'::timestamp(0) without time zone) AND (o_orderdate < '1995-01-01 00:00:00'::timestamp without time zone)), (LLVM Optimized)"}, {"Node Type": "Index Scan", "Parent Relationship": "Inner", "Scan Direction": "Forward", "Index Name": "idx_lineitem_orderkey", "Relation Name": "lineitem", "Alias": "lineitem", "Startup Cost": 10000000000.0, "Total Cost": 1000324015374.5, "Plan Rows": 59987033, "Plan Width": 32}]}]}]}]}]}]}]}]}]}, "Unique SQL Id": 1392561963}, "explain_analyze_plan": null}, "(16, 92)": {"explain_plan": {"Plan": {"Node Type": "Sort", "Startup Cost": 2121871.76, "Total Cost": 2121871.82, "Plan Rows": 25, "Plan Width": 50, "Sort Key": ["(sum((lineitem.l_extendedprice * (1::double precision - lineitem.l_discount)))) DESC"], "Plans": [{"Node Type": "Aggregate", "Strategy": "Hashed", "Parent Relationship": "Outer", "Startup Cost": 2121870.92, "Total Cost": 2121871.17, "Plan Rows": 25, "Plan Width": 50, "Group By Key": ["nation.n_name"], "Plans": [{"Node Type": "Merge Join", "Parent Relationship": "Outer", "Join Type": "Inner", "Startup Cost": 2094816.76, "Total Cost": 2121777.02, "Plan Rows": 9390, "Plan Width": 42, "Inner Unique": false, "Merge Cond": "(supplier.s_suppkey = lineitem.l_suppkey)", "Join Filter": "(customer.c_nationkey = supplier.s_nationkey)", "Plans": [{"Node Type": "Index Scan", "Parent Relationship": "Outer", "Scan Direction": "Forward", "Index Name": "supplier_pkey", "Relation Name": "supplier", "Alias": "supplier", "Startup Cost": 0.0, "Total Cost": 5334.54, "Plan Rows": 100000, "Plan Width": 12}, {"Node Type": "Sort", "Parent Relationship": "Inner", "Startup Cost": 2094814.93, "Total Cost": 2104037.3, "Plan Rows": 3688948, "Plan Width": 58, "Sort Key": ["lineitem.l_suppkey"], "Plans": [{"Node Type": "Nested Loop", "Parent Relationship": "Outer", "Join Type": "Inner", "Startup Cost": 0.0, "Total Cost": 1692447.02, "Plan Rows": 3688948, "Plan Width": 58, "Inner Unique": false, "Plans": [{"Node Type": "Nested Loop", "Parent Relationship": "Outer", "Join Type": "Inner", "Startup Cost": 0.0, "Total Cost": 416652.61, "Plan Rows": 406290, "Plan Width": 42, "Inner Unique": false, "Plans": [{"Node Type": "Nested Loop", "Parent Relationship": "Outer", "Join Type": "Inner", "Startup Cost": 0.0, "Total Cost": 41543.81, "Plan Rows": 300000, "Plan Width": 42, "Inner Unique": false, "Plans": [{"Node Type": "Nested Loop", "Parent Relationship": "Outer", "Join Type": "Inner", "Startup Cost": 0.0, "Total Cost": 31.69, "Plan Rows": 5, "Plan Width": 30, "Inner Unique": true, "Plans": [{"Node Type": "Index Scan", "Parent Relationship": "Outer", "Scan Direction": "Forward", "Index Name": "nation_pkey", "Relation Name": "nation", "Alias": "nation", "Startup Cost": 0.0, "Total Cost": 12.62, "Plan Rows": 25, "Plan Width": 34}, {"Node Type": "Index Scan", "Parent Relationship": "Inner", "Scan Direction": "Forward", "Index Name": "region_pkey", "Relation Name": "region", "Alias": "region", "Startup Cost": 0.0, "Total Cost": 0.75, "Plan Rows": 1, "Plan Width": 4, "Index Cond": "(r_regionkey = nation.n_regionkey)", "Filter": "(r_name = 'MIDDLE EAST'::bpchar)"}]}, {"Node Type": "Index Scan", "Parent Relationship": "Inner", "Scan Direction": "Forward", "Index Name": "idx_customer_nationkey", "Relation Name": "customer", "Alias": "customer", "Startup Cost": 0.0, "Total Cost": 7702.43, "Plan Rows": 60000, "Plan Width": 12, "Index Cond": "(c_nationkey = nation.n_nationkey)"}]}, {"Node Type": "Index Scan", "Parent Relationship": "Inner", "Scan Direction": "Forward", "Index Name": "idx_orders_custkey", "Relation Name": "orders", "Alias": "orders", "Startup Cost": 0.0, "Total Cost": 1.24, "Plan Rows": 1, "Plan Width": 16, "Index Cond": "(o_custkey = customer.c_custkey)", "Filter": "((o_orderdate >= '1994-01-01 00:00:00'::timestamp(0) without time zone) AND (o_orderdate < '1995-01-01 00:00:00'::timestamp without time zone))"}]}, {"Node Type": "Index Scan", "Parent Relationship": "Inner", "Scan Direction": "Forward", "Index Name": "idx_lineitem_orderkey", "Relation Name": "lineitem", "Alias": "lineitem", "Startup Cost": 0.0, "Total Cost": 3.05, "Plan Rows": 9, "Plan Width": 32, "Index Cond": "(l_orderkey = orders.o_orderkey)"}]}]}]}]}]}, "Unique SQL Id": 1392561963}, "explain_analyze_plan": {"Plan": {"Node Type": "Sort", "Startup Cost": 2121871.76, "Total Cost": 2121871.82, "Plan Rows": 25, "Plan Width": 50, "Actual Startup Time": 17326.815, "Actual Total Time": 17326.815, "Actual Rows": 5, "Actual Loops": 1, "Sort Key": ["(sum((lineitem.l_extendedprice * (1::double precision - lineitem.l_discount)))) DESC"], "Sort Method": "quicksort", "Sort Space Used": 25, "Sort Space Type": "Memory", "Plans": [{"Node Type": "Aggregate", "Strategy": "Hashed", "Parent Relationship": "Outer", "Startup Cost": 2121870.92, "Total Cost": 2121871.17, "Plan Rows": 25, "Plan Width": 50, "Actual Startup Time": 17326.784, "Actual Total Time": 17326.785, "Actual Rows": 5, "Actual Loops": 1, "Group By Key": ["nation.n_name"], "Plans": [{"Node Type": "Merge Join", "Parent Relationship": "Outer", "Join Type": "Inner", "Startup Cost": 2094816.76, "Total Cost": 2121777.02, "Plan Rows": 9390, "Plan Width": 42, "Actual Startup Time": 16263.468, "Actual Total Time": 17277.526, "Actual Rows": 72985, "Actual Loops": 1, "Inner Unique": false, "Merge Cond": "(supplier.s_suppkey = lineitem.l_suppkey)", "Join Filter": "(customer.c_nationkey = supplier.s_nationkey)", "Rows Removed by Join Filter": 0, "Plans": [{"Node Type": "Index Scan", "Parent Relationship": "Outer", "Scan Direction": "Forward", "Index Name": "supplier_pkey", "Relation Name": "supplier", "Alias": "supplier", "Startup Cost": 0.0, "Total Cost": 5334.54, "Plan Rows": 100000, "Plan Width": 12, "Actual Startup Time": 0.026, "Actual Total Time": 64.929, "Actual Rows": 100000, "Actual Loops": 1}, {"Node Type": "Sort", "Parent Relationship": "Inner", "Startup Cost": 2094814.93, "Total Cost": 2104037.3, "Plan Rows": 3688948, "Plan Width": 58, "Actual Startup Time": 16263.247, "Actual Total Time": 16677.574, "Actual Rows": 1815222, "Actual Loops": 1, "Sort Key": ["lineitem.l_suppkey"], "Sort Method": "quicksort", "Sort Space Used": 332781, "Sort Space Type": "Memory", "Plans": [{"Node Type": "Nested Loop", "Parent Relationship": "Outer", "Join Type": "Inner", "Startup Cost": 0.0, "Total Cost": 1692447.02, "Plan Rows": 3688948, "Plan Width": 58, "Actual Startup Time": 0.13, "Actual Total Time": 15402.469, "Actual Rows": 1815222, "Actual Loops": 1, "Inner Unique": false, "Plans": [{"Node Type": "Nested Loop", "Parent Relationship": "Outer", "Join Type": "Inner", "Startup Cost": 0.0, "Total Cost": 416652.61, "Plan Rows": 406290, "Plan Width": 42, "Actual Startup Time": 0.112, "Actual Total Time": 9439.313, "Actual Rows": 454183, "Actual Loops": 1, "Inner Unique": false, "Plans": [{"Node Type": "Nested Loop", "Parent Relationship": "Outer", "Join Type": "Inner", "Startup Cost": 0.0, "Total Cost": 41543.81, "Plan Rows": 300000, "Plan Width": 42, "Actual Startup Time": 0.06, "Actual Total Time": 547.589, "Actual Rows": 299838, "Actual Loops": 1, "Inner Unique": false, "Plans": [{"Node Type": "Nested Loop", "Parent Relationship": "Outer", "Join Type": "Inner", "Startup Cost": 0.0, "Total Cost": 31.69, "Plan Rows": 5, "Plan Width": 30, "Actual Startup Time": 0.033, "Actual Total Time": 0.201, "Actual Rows": 5, "Actual Loops": 1, "Inner Unique": true, "Plans": [{"Node Type": "Index Scan", "Parent Relationship": "Outer", "Scan Direction": "Forward", "Index Name": "nation_pkey", "Relation Name": "nation", "Alias": "nation", "Startup Cost": 0.0, "Total Cost": 12.62, "Plan Rows": 25, "Plan Width": 34, "Actual Startup Time": 0.003, "Actual Total Time": 0.038, "Actual Rows": 25, "Actual Loops": 1}, {"Node Type": "Index Scan", "Parent Relationship": "Inner", "Scan Direction": "Forward", "Index Name": "region_pkey", "Relation Name": "region", "Alias": "region", "Startup Cost": 0.0, "Total Cost": 0.75, "Plan Rows": 1, "Plan Width": 4, "Actual Startup Time": 0.106, "Actual Total Time": 0.106, "Actual Rows": 5, "Actual Loops": 25, "Index Cond": "(r_regionkey = nation.n_regionkey)", "Rows Removed by Index Recheck": 0, "Filter": "(r_name = 'MIDDLE EAST'::bpchar)", "Rows Removed by Filter": 20}]}, {"Node Type": "Index Scan", "Parent Relationship": "Inner", "Scan Direction": "Forward", "Index Name": "idx_customer_nationkey", "Relation Name": "customer", "Alias": "customer", "Startup Cost": 0.0, "Total Cost": 7702.43, "Plan Rows": 60000, "Plan Width": 12, "Actual Startup Time": 0.157, "Actual Total Time": 461.98, "Actual Rows": 299838, "Actual Loops": 5, "Index Cond": "(c_nationkey = nation.n_nationkey)", "Rows Removed by Index Recheck": 0}]}, {"Node Type": "Index Scan", "Parent Relationship": "Inner", "Scan Direction": "Forward", "Index Name": "idx_orders_custkey", "Relation Name": "orders", "Alias": "orders", "Startup Cost": 0.0, "Total Cost": 1.24, "Plan Rows": 1, "Plan Width": 16, "Actual Startup Time": 4105.383, "Actual Total Time": 8624.634, "Actual Rows": 454183, "Actual Loops": 299838, "Index Cond": "(o_custkey = customer.c_custkey)", "Rows Removed by Index Recheck": 0, "Filter": "((o_orderdate >= '1994-01-01 00:00:00'::timestamp(0) without time zone) AND (o_orderdate < '1995-01-01 00:00:00'::timestamp without time zone))", "Rows Removed by Filter": 2542535}]}, {"Node Type": "Index Scan", "Parent Relationship": "Inner", "Scan Direction": "Forward", "Index Name": "idx_lineitem_orderkey", "Relation Name": "lineitem", "Alias": "lineitem", "Startup Cost": 0.0, "Total Cost": 3.05, "Plan Rows": 9, "Plan Width": 32, "Actual Startup Time": 4314.34, "Actual Total Time": 5308.768, "Actual Rows": 1815222, "Actual Loops": 454183, "Index Cond": "(l_orderkey = orders.o_orderkey)", "Rows Removed by Index Recheck": 0}]}]}]}]}]}, "Triggers": [], "Planner Runtime": 7.257, "Total Runtime": 17327.124, "Unique SQL Id": 1392561963}}, "(16, 93)": {"explain_plan": {"Plan": {"Node Type": "Sort", "Startup Cost": 2122280.36, "Total Cost": 2122280.42, "Plan Rows": 25, "Plan Width": 50, "Sort Key": ["(sum((lineitem.l_extendedprice * (1::double precision - lineitem.l_discount)))) DESC"], "Plans": [{"Node Type": "Aggregate", "Strategy": "Hashed", "Parent Relationship": "Outer", "Startup Cost": 2122279.52, "Total Cost": 2122279.77, "Plan Rows": 25, "Plan Width": 50, "Group By Key": ["nation.n_name"], "Plans": [{"Node Type": "Merge Join", "Parent Relationship": "Outer", "Join Type": "Inner", "Startup Cost": 2094816.76, "Total Cost": 2122185.62, "Plan Rows": 9390, "Plan Width": 42, "Inner Unique": false, "Merge Cond": "(supplier.s_suppkey = lineitem.l_suppkey)", "Join Filter": "(customer.c_nationkey = supplier.s_nationkey)", "Plans": [{"Node Type": "Index Scan", "Parent Relationship": "Outer", "Scan Direction": "Forward", "Index Name": "supplier_pkey", "Relation Name": "supplier", "Alias": "supplier", "Startup Cost": 0.0, "Total Cost": 5334.54, "Plan Rows": 100000, "Plan Width": 12}, {"Node Type": "Sort", "Parent Relationship": "Inner", "Startup Cost": 2094814.93, "Total Cost": 2104037.3, "Plan Rows": 3688948, "Plan Width": 58, "Sort Key": ["lineitem.l_suppkey"], "Plans": [{"Node Type": "Nested Loop", "Parent Relationship": "Outer", "Join Type": "Inner", "Startup Cost": 0.0, "Total Cost": 1692447.02, "Plan Rows": 3688948, "Plan Width": 58, "Inner Unique": false, "Plans": [{"Node Type": "Nested Loop", "Parent Relationship": "Outer", "Join Type": "Inner", "Startup Cost": 0.0, "Total Cost": 416652.61, "Plan Rows": 406290, "Plan Width": 42, "Inner Unique": false, "Plans": [{"Node Type": "Nested Loop", "Parent Relationship": "Outer", "Join Type": "Inner", "Startup Cost": 0.0, "Total Cost": 41543.81, "Plan Rows": 300000, "Plan Width": 42, "Inner Unique": false, "Plans": [{"Node Type": "Nested Loop", "Parent Relationship": "Outer", "Join Type": "Inner", "Startup Cost": 0.0, "Total Cost": 31.69, "Plan Rows": 5, "Plan Width": 30, "Inner Unique": true, "Plans": [{"Node Type": "Index Scan", "Parent Relationship": "Outer", "Scan Direction": "Forward", "Index Name": "nation_pkey", "Relation Name": "nation", "Alias": "nation", "Startup Cost": 0.0, "Total Cost": 12.62, "Plan Rows": 25, "Plan Width": 34}, {"Node Type": "Index Scan", "Parent Relationship": "Inner", "Scan Direction": "Forward", "Index Name": "region_pkey", "Relation Name": "region", "Alias": "region", "Startup Cost": 0.0, "Total Cost": 0.75, "Plan Rows": 1, "Plan Width": 4, "Index Cond": "(r_regionkey = nation.n_regionkey)", "Filter": "(r_name = 'MIDDLE EAST'::bpchar)"}]}, {"Node Type": "Index Scan", "Parent Relationship": "Inner", "Scan Direction": "Forward", "Index Name": "idx_customer_nationkey", "Relation Name": "customer", "Alias": "customer", "Startup Cost": 0.0, "Total Cost": 7702.43, "Plan Rows": 60000, "Plan Width": 12, "Index Cond": "(c_nationkey = nation.n_nationkey)"}]}, {"Node Type": "Index Scan", "Parent Relationship": "Inner", "Scan Direction": "Forward", "Index Name": "idx_orders_custkey", "Relation Name": "orders", "Alias": "orders", "Startup Cost": 0.0, "Total Cost": 1.24, "Plan Rows": 1, "Plan Width": 16, "Index Cond": "(o_custkey = customer.c_custkey)", "Filter": "((o_orderdate >= '1994-01-01 00:00:00'::timestamp(0) without time zone) AND (o_orderdate < '1995-01-01 00:00:00'::timestamp without time zone))"}]}, {"Node Type": "Index Scan", "Parent Relationship": "Inner", "Scan Direction": "Forward", "Index Name": "idx_lineitem_orderkey", "Relation Name": "lineitem", "Alias": "lineitem", "Startup Cost": 0.0, "Total Cost": 3.05, "Plan Rows": 9, "Plan Width": 32, "Index Cond": "(l_orderkey = orders.o_orderkey)"}]}]}]}]}]}, "Unique SQL Id": 1392561963}, "explain_analyze_plan": {"Plan": {"Node Type": "Sort", "Startup Cost": 2122280.36, "Total Cost": 2122280.42, "Plan Rows": 25, "Plan Width": 50, "Actual Startup Time": 17719.919, "Actual Total Time": 17719.919, "Actual Rows": 5, "Actual Loops": 1, "Sort Key": ["(sum((lineitem.l_extendedprice * (1::double precision - lineitem.l_discount)))) DESC"], "Sort Method": "quicksort", "Sort Space Used": 25, "Sort Space Type": "Memory", "Plans": [{"Node Type": "Aggregate", "Strategy": "Hashed", "Parent Relationship": "Outer", "Startup Cost": 2122279.52, "Total Cost": 2122279.77, "Plan Rows": 25, "Plan Width": 50, "Actual Startup Time": 17719.895, "Actual Total Time": 17719.895, "Actual Rows": 5, "Actual Loops": 1, "Group By Key": ["nation.n_name"], "Plans": [{"Node Type": "Merge Join", "Parent Relationship": "Outer", "Join Type": "Inner", "Startup Cost": 2094816.76, "Total Cost": 2122185.62, "Plan Rows": 9390, "Plan Width": 42, "Actual Startup Time": 16502.902, "Actual Total Time": 17670.961, "Actual Rows": 72985, "Actual Loops": 1, "Inner Unique": false, "Merge Cond": "(supplier.s_suppkey = lineitem.l_suppkey)", "Join Filter": "(customer.c_nationkey = supplier.s_nationkey)", "Rows Removed by Join Filter": 0, "Plans": [{"Node Type": "Index Scan", "Parent Relationship": "Outer", "Scan Direction": "Forward", "Index Name": "supplier_pkey", "Relation Name": "supplier", "Alias": "supplier", "Startup Cost": 0.0, "Total Cost": 5334.54, "Plan Rows": 100000, "Plan Width": 12, "Actual Startup Time": 0.026, "Actual Total Time": 75.07, "Actual Rows": 100000, "Actual Loops": 1}, {"Node Type": "Sort", "Parent Relationship": "Inner", "Startup Cost": 2094814.93, "Total Cost": 2104037.3, "Plan Rows": 3688948, "Plan Width": 58, "Actual Startup Time": 16502.697, "Actual Total Time": 17058.479, "Actual Rows": 1815222, "Actual Loops": 1, "Sort Key": ["lineitem.l_suppkey"], "Sort Method": "quicksort", "Sort Space Used": 332781, "Sort Space Type": "Memory", "Plans": [{"Node Type": "Nested Loop", "Parent Relationship": "Outer", "Join Type": "Inner", "Startup Cost": 0.0, "Total Cost": 1692447.02, "Plan Rows": 3688948, "Plan Width": 58, "Actual Startup Time": 0.134, "Actual Total Time": 15642.177, "Actual Rows": 1815222, "Actual Loops": 1, "Inner Unique": false, "Plans": [{"Node Type": "Nested Loop", "Parent Relationship": "Outer", "Join Type": "Inner", "Startup Cost": 0.0, "Total Cost": 416652.61, "Plan Rows": 406290, "Plan Width": 42, "Actual Startup Time": 0.115, "Actual Total Time": 9725.328, "Actual Rows": 454183, "Actual Loops": 1, "Inner Unique": false, "Plans": [{"Node Type": "Nested Loop", "Parent Relationship": "Outer", "Join Type": "Inner", "Startup Cost": 0.0, "Total Cost": 41543.81, "Plan Rows": 300000, "Plan Width": 42, "Actual Startup Time": 0.061, "Actual Total Time": 527.467, "Actual Rows": 299838, "Actual Loops": 1, "Inner Unique": false, "Plans": [{"Node Type": "Nested Loop", "Parent Relationship": "Outer", "Join Type": "Inner", "Startup Cost": 0.0, "Total Cost": 31.69, "Plan Rows": 5, "Plan Width": 30, "Actual Startup Time": 0.035, "Actual Total Time": 0.209, "Actual Rows": 5, "Actual Loops": 1, "Inner Unique": true, "Plans": [{"Node Type": "Index Scan", "Parent Relationship": "Outer", "Scan Direction": "Forward", "Index Name": "nation_pkey", "Relation Name": "nation", "Alias": "nation", "Startup Cost": 0.0, "Total Cost": 12.62, "Plan Rows": 25, "Plan Width": 34, "Actual Startup Time": 0.004, "Actual Total Time": 0.032, "Actual Rows": 25, "Actual Loops": 1}, {"Node Type": "Index Scan", "Parent Relationship": "Inner", "Scan Direction": "Forward", "Index Name": "region_pkey", "Relation Name": "region", "Alias": "region", "Startup Cost": 0.0, "Total Cost": 0.75, "Plan Rows": 1, "Plan Width": 4, "Actual Startup Time": 0.106, "Actual Total Time": 0.106, "Actual Rows": 5, "Actual Loops": 25, "Index Cond": "(r_regionkey = nation.n_regionkey)", "Rows Removed by Index Recheck": 0, "Filter": "(r_name = 'MIDDLE EAST'::bpchar)", "Rows Removed by Filter": 20}]}, {"Node Type": "Index Scan", "Parent Relationship": "Inner", "Scan Direction": "Forward", "Index Name": "idx_customer_nationkey", "Relation Name": "customer", "Alias": "customer", "Startup Cost": 0.0, "Total Cost": 7702.43, "Plan Rows": 60000, "Plan Width": 12, "Actual Startup Time": 0.149, "Actual Total Time": 443.211, "Actual Rows": 299838, "Actual Loops": 5, "Index Cond": "(c_nationkey = nation.n_nationkey)", "Rows Removed by Index Recheck": 0}]}, {"Node Type": "Index Scan", "Parent Relationship": "Inner", "Scan Direction": "Forward", "Index Name": "idx_orders_custkey", "Relation Name": "orders", "Alias": "orders", "Startup Cost": 0.0, "Total Cost": 1.24, "Plan Rows": 1, "Plan Width": 16, "Actual Startup Time": 4182.677, "Actual Total Time": 8933.42, "Actual Rows": 454183, "Actual Loops": 299838, "Index Cond": "(o_custkey = customer.c_custkey)", "Rows Removed by Index Recheck": 0, "Filter": "((o_orderdate >= '1994-01-01 00:00:00'::timestamp(0) without time zone) AND (o_orderdate < '1995-01-01 00:00:00'::timestamp without time zone))", "Rows Removed by Filter": 2542535}]}, {"Node Type": "Index Scan", "Parent Relationship": "Inner", "Scan Direction": "Forward", "Index Name": "idx_lineitem_orderkey", "Relation Name": "lineitem", "Alias": "lineitem", "Startup Cost": 0.0, "Total Cost": 3.05, "Plan Rows": 9, "Plan Width": 32, "Actual Startup Time": 4294.63, "Actual Total Time": 5265.517, "Actual Rows": 1815222, "Actual Loops": 454183, "Index Cond": "(l_orderkey = orders.o_orderkey)", "Rows Removed by Index Recheck": 0}]}]}]}]}]}, "Triggers": [], "Planner Runtime": 7.13, "Total Runtime": 17720.252, "Unique SQL Id": 1392561963}}, "(16, 94)": {"explain_plan": {"Plan": {"Node Type": "Sort", "Startup Cost": 11169864.59, "Total Cost": 11169864.65, "Plan Rows": 25, "Plan Width": 50, "Sort Key": ["(sum((lineitem.l_extendedprice * (1::double precision - lineitem.l_discount)))) DESC"], "Plans": [{"Node Type": "Aggregate", "Strategy": "Hashed", "Parent Relationship": "Outer", "Startup Cost": 11169863.76, "Total Cost": 11169864.01, "Plan Rows": 25, "Plan Width": 50, "Group By Key": ["nation.n_name"], "Plans": [{"Node Type": "Merge Join", "Parent Relationship": "Outer", "Join Type": "Inner", "Startup Cost": 11156437.02, "Total Cost": 11169769.86, "Plan Rows": 9390, "Plan Width": 42, "Inner Unique": true, "Merge Cond": "((orders.o_custkey = customer.c_custkey) AND (supplier.s_nationkey = customer.c_nationkey))", "Plans": [{"Node Type": "Sort", "Parent Relationship": "Outer", "Startup Cost": 10950436.73, "Total Cost": 10951095.98, "Plan Rows": 263699, "Plan Width": 58, "Sort Key": ["orders.o_custkey", "supplier.s_nationkey"], "Plans": [{"Node Type": "Merge Join", "Parent Relationship": "Outer", "Join Type": "Inner", "Startup Cost": 10903235.78, "Total Cost": 10926692.57, "Plan Rows": 263699, "Plan Width": 58, "Inner Unique": true, "Merge Cond": "(lineitem.l_orderkey = orders.o_orderkey)", "Plans": [{"Node Type": "Sort", "Parent Relationship": "Outer", "Startup Cost": 10160850.97, "Total Cost": 10162759.81, "Plan Rows": 763534, "Plan Width": 58, "Sort Key": ["lineitem.l_orderkey"], "Plans": [{"Node Type": "Merge Join", "Parent Relationship": "Outer", "Join Type": "Inner", "Startup Cost": 9778633.86, "Total Cost": 10086244.8, "Plan Rows": 763534, "Plan Width": 58, "Inner Unique": false, "Merge Cond": "(supplier.s_suppkey = lineitem.l_suppkey)", "Plans": [{"Node Type": "Sort", "Parent Relationship": "Outer", "Startup Cost": 13719.76, "Total Cost": 13769.76, "Plan Rows": 20000, "Plan Width": 42, "Sort Key": ["supplier.s_suppkey"], "Plans": [{"Node Type": "Merge Join", "Parent Relationship": "Outer", "Join Type": "Inner", "Startup Cost": 11590.96, "Total Cost": 12290.99, "Plan Rows": 20000, "Plan Width": 42, "Inner Unique": false, "Merge Cond": "(nation.n_nationkey = supplier.s_nationkey)", "Plans": [{"Node Type": "Sort", "Parent Relationship": "Outer", "Startup Cost": 3.14, "Total Cost": 3.16, "Plan Rows": 5, "Plan Width": 30, "Sort Key": ["nation.n_nationkey"], "Plans": [{"Node Type": "Merge Join", "Parent Relationship": "Outer", "Join Type": "Inner", "Startup Cost": 2.9, "Total Cost": 3.09, "Plan Rows": 5, "Plan Width": 30, "Inner Unique": false, "Merge Cond": "(region.r_regionkey = nation.n_regionkey)", "Plans": [{"Node Type": "Sort", "Parent Relationship": "Outer", "Startup Cost": 1.07, "Total Cost": 1.08, "Plan Rows": 1, "Plan Width": 4, "Sort Key": ["region.r_regionkey"], "Plans": [{"Node Type": "Seq Scan", "Parent Relationship": "Outer", "Relation Name": "region", "Alias": "region", "Startup Cost": 0.0, "Total Cost": 1.06, "Plan Rows": 1, "Plan Width": 4, "Filter": "(r_name = 'MIDDLE EAST'::bpchar)"}]}, {"Node Type": "Sort", "Parent Relationship": "Inner", "Startup Cost": 1.83, "Total Cost": 1.89, "Plan Rows": 25, "Plan Width": 34, "Sort Key": ["nation.n_regionkey"], "Plans": [{"Node Type": "Seq Scan", "Parent Relationship": "Outer", "Relation Name": "nation", "Alias": "nation", "Startup Cost": 0.0, "Total Cost": 1.25, "Plan Rows": 25, "Plan Width": 34}]}]}]}, {"Node Type": "Sort", "Parent Relationship": "Inner", "Startup Cost": 11587.82, "Total Cost": 11837.82, "Plan Rows": 100000, "Plan Width": 12, "Sort Key": ["supplier.s_nationkey"], "Plans": [{"Node Type": "Seq Scan", "Parent Relationship": "Outer", "Relation Name": "supplier", "Alias": "supplier", "Startup Cost": 0.0, "Total Cost": 3283.0, "Plan Rows": 100000, "Plan Width": 12}]}]}]}, {"Node Type": "Sort", "Parent Relationship": "Inner", "Startup Cost": 9764884.32, "Total Cost": 9914851.9, "Plan Rows": 59987033, "Plan Width": 32, "Sort Key": ["lineitem.l_suppkey"], "Plans": [{"Node Type": "Seq Scan", "Parent Relationship": "Outer", "Relation Name": "lineitem", "Alias": "lineitem", "Startup Cost": 0.0, "Total Cost": 2015115.33, "Plan Rows": 59987033, "Plan Width": 32}]}]}]}, {"Node Type": "Sort", "Parent Relationship": "Inner", "Startup Cost": 742384.39, "Total Cost": 748088.78, "Plan Rows": 2281758, "Plan Width": 16, "Sort Key": ["orders.o_orderkey"], "Plans": [{"Node Type": "Seq Scan", "Parent Relationship": "Outer", "Relation Name": "orders", "Alias": "orders", "Startup Cost": 441.06, "Total Cost": 501411.18, "Plan Rows": 2281758, "Plan Width": 16, "Filter": "((o_orderdate >= '1994-01-01 00:00:00'::timestamp(0) without time zone) AND (o_orderdate < '1995-01-01 00:00:00'::timestamp without time zone)), (LLVM Optimized)"}]}]}]}, {"Node Type": "Sort", "Parent Relationship": "Inner", "Startup Cost": 205999.98, "Total Cost": 209749.98, "Plan Rows": 1500000, "Plan Width": 12, "Sort Key": ["customer.c_custkey", "customer.c_nationkey"], "Plans": [{"Node Type": "Seq Scan", "Parent Relationship": "Outer", "Relation Name": "customer", "Alias": "customer", "Startup Cost": 0.0, "Total Cost": 52126.0, "Plan Rows": 1500000, "Plan Width": 12}]}]}]}]}, "Unique SQL Id": 1392561963}, "explain_analyze_plan": null}, "(16, 95)": {"explain_plan": {"Plan": {"Node Type": "Sort", "Startup Cost": 6000400235669.21, "Total Cost": 6000400235669.27, "Plan Rows": 25, "Plan Width": 50, "Sort Key": ["(sum((lineitem.l_extendedprice * (1::double precision - lineitem.l_discount)))) DESC"], "Plans": [{"Node Type": "Aggregate", "Strategy": "Hashed", "Parent Relationship": "Outer", "Startup Cost": 6000400235668.38, "Total Cost": 6000400235668.62, "Plan Rows": 25, "Plan Width": 50, "Group By Key": ["nation.n_name"], "Plans": [{"Node Type": "Merge Join", "Parent Relationship": "Outer", "Join Type": "Inner", "Startup Cost": 5010419210895.03, "Total Cost": 6000400235574.48, "Plan Rows": 9390, "Plan Width": 42, "Inner Unique": false, "Merge Cond": "(customer.c_custkey = orders.o_custkey)", "Join Filter": "(supplier.s_nationkey = customer.c_nationkey)", "Plans": [{"Node Type": "Index Scan", "Parent Relationship": "Outer", "Scan Direction": "Forward", "Index Name": "customer_pkey", "Relation Name": "customer", "Alias": "customer", "Startup Cost": 10000000000.0, "Total Cost": 1000008076535.62, "Plan Rows": 1500000, "Plan Width": 12}, {"Node Type": "Sort", "Parent Relationship": "Inner", "Startup Cost": 5000392150674.17, "Total Cost": 5000392151333.41, "Plan Rows": 263699, "Plan Width": 58, "Sort Key": ["orders.o_custkey"], "Plans": [{"Node Type": "Merge Join", "Parent Relationship": "Outer", "Join Type": "Inner", "Startup Cost": 5000392117700.51, "Total Cost": 5000392126930.01, "Plan Rows": 263699, "Plan Width": 58, "Inner Unique": false, "Merge Cond": "(nation.n_nationkey = supplier.s_nationkey)", "Plans": [{"Node Type": "Sort", "Parent Relationship": "Outer", "Startup Cost": 2000000002068.86, "Total Cost": 2000000002068.87, "Plan Rows": 5, "Plan Width": 30, "Sort Key": ["nation.n_nationkey"], "Plans": [{"Node Type": "Nested Loop", "Parent Relationship": "Outer", "Join Type": "Inner", "Startup Cost": 20000000000.0, "Total Cost": 2000000002068.8, "Plan Rows": 5, "Plan Width": 30, "Inner Unique": false, "Plans": [{"Node Type": "Index Scan", "Parent Relationship": "Outer", "Scan Direction": "Forward", "Index Name": "region_pkey", "Relation Name": "region", "Alias": "region", "Startup Cost": 10000000000.0, "Total Cost": 1000000001233.75, "Plan Rows": 1, "Plan Width": 4, "Filter": "(r_name = 'MIDDLE EAST'::bpchar)"}, {"Node Type": "Index Scan", "Parent Relationship": "Inner", "Scan Direction": "Forward", "Index Name": "idx_nation_regionkey", "Relation Name": "nation", "Alias": "nation", "Startup Cost": 10000000000.0, "Total Cost": 1000000000835.0, "Plan Rows": 5, "Plan Width": 34, "Index Cond": "(n_regionkey = region.r_regionkey)"}]}]}, {"Node Type": "Sort", "Parent Relationship": "Inner", "Startup Cost": 3000392115631.65, "Total Cost": 3000392118927.89, "Plan Rows": 1318497, "Plan Width": 28, "Sort Key": ["supplier.s_nationkey"], "Plans": [{"Node Type": "Merge Join", "Parent Relationship": "Outer", "Join Type": "Inner", "Startup Cost": 2010391331147.51, "Total Cost": 3000391981603.38, "Plan Rows": 1318497, "Plan Width": 28, "Inner Unique": false, "Merge Cond": "(supplier.s_suppkey = lineitem.l_suppkey)", "Plans": [{"Node Type": "Index Scan", "Parent Relationship": "Outer", "Scan Direction": "Forward", "Index Name": "supplier_pkey", "Relation Name": "supplier", "Alias": "supplier", "Startup Cost": 10000000000.0, "Total Cost": 1000000533454.38, "Plan Rows": 100000, "Plan Width": 12}, {"Node Type": "Sort", "Parent Relationship": "Inner", "Startup Cost": 2000391331137.23, "Total Cost": 2000391382930.77, "Plan Rows": 20717417, "Plan Width": 32, "Sort Key": ["lineitem.l_suppkey"], "Plans": [{"Node Type": "Merge Join", "Parent Relationship": "Outer", "Join Type": "Inner", "Startup Cost": 20036448550.05, "Total Cost": 2000388813521.41, "Plan Rows": 20717417, "Plan Width": 32, "Inner Unique": false, "Merge Cond": "(orders.o_orderkey = lineitem.l_orderkey)", "Plans": [{"Node Type": "Index Scan", "Parent Relationship": "Outer", "Scan Direction": "Forward", "Index Name": "orders_pkey", "Relation Name": "orders", "Alias": "orders", "Startup Cost": 10000000000.0, "Total Cost": 1000080597583.0, "Plan Rows": 2281758, "Plan Width": 16, "Filter": "((o_orderdate >= '1994-01-01 00:00:00'::timestamp(0) without time zone) AND (o_orderdate < '1995-01-01 00:00:00'::timestamp without time zone)), (LLVM Optimized)"}, {"Node Type": "Index Scan", "Parent Relationship": "Inner", "Scan Direction": "Forward", "Index Name": "idx_lineitem_orderkey", "Relation Name": "lineitem", "Alias": "lineitem", "Startup Cost": 10000000000.0, "Total Cost": 1000324015374.5, "Plan Rows": 59987033, "Plan Width": 32}]}]}]}]}]}]}]}]}]}, "Unique SQL Id": 1392561963}, "explain_analyze_plan": null}, "(16, 96)": {"explain_plan": {"Plan": {"Node Type": "Sort", "Startup Cost": 1720736.05, "Total Cost": 1720736.11, "Plan Rows": 25, "Plan Width": 50, "Sort Key": ["(sum((lineitem.l_extendedprice * (1::double precision - lineitem.l_discount)))) DESC"], "Plans": [{"Node Type": "Aggregate", "Strategy": "Hashed", "Parent Relationship": "Outer", "Startup Cost": 1720735.22, "Total Cost": 1720735.47, "Plan Rows": 25, "Plan Width": 50, "Group By Key": ["nation.n_name"], "Plans": [{"Node Type": "Hash Join", "Parent Relationship": "Outer", "Join Type": "Inner", "Startup Cost": 5813.37, "Total Cost": 1720641.32, "Plan Rows": 9390, "Plan Width": 42, "Inner Unique": true, "Hash Cond": "((lineitem.l_suppkey = supplier.s_suppkey) AND (customer.c_nationkey = supplier.s_nationkey))", "Plans": [{"Node Type": "Nested Loop", "Parent Relationship": "Outer", "Join Type": "Inner", "Startup Cost": 1030.37, "Total Cost": 1688097.31, "Plan Rows": 3688948, "Plan Width": 58, "Inner Unique": false, "Plans": [{"Node Type": "Nested Loop", "Parent Relationship": "Outer", "Join Type": "Inner", "Startup Cost": 1030.37, "Total Cost": 412302.9, "Plan Rows": 406290, "Plan Width": 42, "Inner Unique": false, "Plans": [{"Node Type": "Nested Loop", "Parent Relationship": "Outer", "Join Type": "Inner", "Startup Cost": 1030.37, "Total Cost": 37194.1, "Plan Rows": 300000, "Plan Width": 42, "Inner Unique": false, "Plans": [{"Node Type": "Nested Loop", "Parent Relationship": "Outer", "Join Type": "Inner", "Startup Cost": 0.0, "Total Cost": 31.69, "Plan Rows": 5, "Plan Width": 30, "Inner Unique": true, "Plans": [{"Node Type": "Index Scan", "Parent Relationship": "Outer", "Scan Direction": "Forward", "Index Name": "nation_pkey", "Relation Name": "nation", "Alias": "nation", "Startup Cost": 0.0, "Total Cost": 12.62, "Plan Rows": 25, "Plan Width": 34}, {"Node Type": "Index Scan", "Parent Relationship": "Inner", "Scan Direction": "Forward", "Index Name": "region_pkey", "Relation Name": "region", "Alias": "region", "Startup Cost": 0.0, "Total Cost": 0.75, "Plan Rows": 1, "Plan Width": 4, "Index Cond": "(r_regionkey = nation.n_regionkey)", "Filter": "(r_name = 'MIDDLE EAST'::bpchar)"}]}, {"Node Type": "Bitmap Heap Scan", "Parent Relationship": "Inner", "Relation Name": "customer", "Alias": "customer", "Startup Cost": 1030.37, "Total Cost": 6832.48, "Plan Rows": 60000, "Plan Width": 12, "Recheck Cond": "(c_nationkey = nation.n_nationkey)", "Plans": [{"Node Type": "Bitmap Index Scan", "Parent Relationship": "Outer", "Index Name": "idx_customer_nationkey", "Startup Cost": 0.0, "Total Cost": 1015.37, "Plan Rows": 60000, "Plan Width": 0, "Index Cond": "(c_nationkey = nation.n_nationkey)"}]}]}, {"Node Type": "Index Scan", "Parent Relationship": "Inner", "Scan Direction": "Forward", "Index Name": "idx_orders_custkey", "Relation Name": "orders", "Alias": "orders", "Startup Cost": 0.0, "Total Cost": 1.24, "Plan Rows": 1, "Plan Width": 16, "Index Cond": "(o_custkey = customer.c_custkey)", "Filter": "((o_orderdate >= '1994-01-01 00:00:00'::timestamp(0) without time zone) AND (o_orderdate < '1995-01-01 00:00:00'::timestamp without time zone))"}]}, {"Node Type": "Index Scan", "Parent Relationship": "Inner", "Scan Direction": "Forward", "Index Name": "idx_lineitem_orderkey", "Relation Name": "lineitem", "Alias": "lineitem", "Startup Cost": 0.0, "Total Cost": 3.05, "Plan Rows": 9, "Plan Width": 32, "Index Cond": "(l_orderkey = orders.o_orderkey)"}]}, {"Node Type": "Hash", "Parent Relationship": "Inner", "Startup Cost": 3283.0, "Total Cost": 3283.0, "Plan Rows": 100000, "Plan Width": 12, "Plans": [{"Node Type": "Seq Scan", "Parent Relationship": "Outer", "Relation Name": "supplier", "Alias": "supplier", "Startup Cost": 0.0, "Total Cost": 3283.0, "Plan Rows": 100000, "Plan Width": 12}]}]}]}]}, "Unique SQL Id": 1392561963}, "explain_analyze_plan": {"Plan": {"Node Type": "Sort", "Startup Cost": 1720736.05, "Total Cost": 1720736.11, "Plan Rows": 25, "Plan Width": 50, "Actual Startup Time": 16782.095, "Actual Total Time": 16782.095, "Actual Rows": 5, "Actual Loops": 1, "Sort Key": ["(sum((lineitem.l_extendedprice * (1::double precision - lineitem.l_discount)))) DESC"], "Sort Method": "quicksort", "Sort Space Used": 25, "Sort Space Type": "Memory", "Plans": [{"Node Type": "Aggregate", "Strategy": "Hashed", "Parent Relationship": "Outer", "Startup Cost": 1720735.22, "Total Cost": 1720735.47, "Plan Rows": 25, "Plan Width": 50, "Actual Startup Time": 16782.067, "Actual Total Time": 16782.069, "Actual Rows": 5, "Actual Loops": 1, "Group By Key": ["nation.n_name"], "Plans": [{"Node Type": "Hash Join", "Parent Relationship": "Outer", "Join Type": "Inner", "Startup Cost": 5813.37, "Total Cost": 1720641.32, "Plan Rows": 9390, "Plan Width": 42, "Actual Startup Time": 85.9, "Actual Total Time": 16697.392, "Actual Rows": 72985, "Actual Loops": 1, "Inner Unique": true, "Hash Cond": "((lineitem.l_suppkey = supplier.s_suppkey) AND (customer.c_nationkey = supplier.s_nationkey))", "Plans": [{"Node Type": "Nested Loop", "Parent Relationship": "Outer", "Join Type": "Inner", "Startup Cost": 1030.37, "Total Cost": 1688097.31, "Plan Rows": 3688948, "Plan Width": 58, "Actual Startup Time": 18.51, "Actual Total Time": 15782.236, "Actual Rows": 1815222, "Actual Loops": 1, "Inner Unique": false, "Plans": [{"Node Type": "Nested Loop", "Parent Relationship": "Outer", "Join Type": "Inner", "Startup Cost": 1030.37, "Total Cost": 412302.9, "Plan Rows": 406290, "Plan Width": 42, "Actual Startup Time": 18.488, "Actual Total Time": 9884.102, "Actual Rows": 454183, "Actual Loops": 1, "Inner Unique": false, "Plans": [{"Node Type": "Nested Loop", "Parent Relationship": "Outer", "Join Type": "Inner", "Startup Cost": 1030.37, "Total Cost": 37194.1, "Plan Rows": 300000, "Plan Width": 42, "Actual Startup Time": 18.409, "Actual Total Time": 678.778, "Actual Rows": 299838, "Actual Loops": 1, "Inner Unique": false, "Plans": [{"Node Type": "Nested Loop", "Parent Relationship": "Outer", "Join Type": "Inner", "Startup Cost": 0.0, "Total Cost": 31.69, "Plan Rows": 5, "Plan Width": 30, "Actual Startup Time": 0.058, "Actual Total Time": 0.194, "Actual Rows": 5, "Actual Loops": 1, "Inner Unique": true, "Plans": [{"Node Type": "Index Scan", "Parent Relationship": "Outer", "Scan Direction": "Forward", "Index Name": "nation_pkey", "Relation Name": "nation", "Alias": "nation", "Startup Cost": 0.0, "Total Cost": 12.62, "Plan Rows": 25, "Plan Width": 34, "Actual Startup Time": 0.021, "Actual Total Time": 0.048, "Actual Rows": 25, "Actual Loops": 1}, {"Node Type": "Index Scan", "Parent Relationship": "Inner", "Scan Direction": "Forward", "Index Name": "region_pkey", "Relation Name": "region", "Alias": "region", "Startup Cost": 0.0, "Total Cost": 0.75, "Plan Rows": 1, "Plan Width": 4, "Actual Startup Time": 0.098, "Actual Total Time": 0.098, "Actual Rows": 5, "Actual Loops": 25, "Index Cond": "(r_regionkey = nation.n_regionkey)", "Rows Removed by Index Recheck": 0, "Filter": "(r_name = 'MIDDLE EAST'::bpchar)", "Rows Removed by Filter": 20}]}, {"Node Type": "Bitmap Heap Scan", "Parent Relationship": "Inner", "Relation Name": "customer", "Alias": "customer", "Startup Cost": 1030.37, "Total Cost": 6832.48, "Plan Rows": 60000, "Plan Width": 12, "Actual Startup Time": 95.268, "Actual Total Time": 601.366, "Actual Rows": 299838, "Actual Loops": 5, "Recheck Cond": "(c_nationkey = nation.n_nationkey)", "Rows Removed by Index Recheck": 0, "Exact Heap Blocks": 150033, "Lossy Heap Blocks": 150033, "Plans": [{"Node Type": "Bitmap Index Scan", "Parent Relationship": "Outer", "Index Name": "idx_customer_nationkey", "Startup Cost": 0.0, "Total Cost": 1015.37, "Plan Rows": 60000, "Plan Width": 0, "Actual Startup Time": 61.475, "Actual Total Time": 61.475, "Actual Rows": 299838, "Actual Loops": 5, "Index Cond": "(c_nationkey = nation.n_nationkey)"}]}]}, {"Node Type": "Index Scan", "Parent Relationship": "Inner", "Scan Direction": "Forward", "Index Name": "idx_orders_custkey", "Relation Name": "orders", "Alias": "orders", "Startup Cost": 0.0, "Total Cost": 1.24, "Plan Rows": 1, "Plan Width": 16, "Actual Startup Time": 4187.573, "Actual Total Time": 8943.452, "Actual Rows": 454183, "Actual Loops": 299838, "Index Cond": "(o_custkey = customer.c_custkey)", "Rows Removed by Index Recheck": 0, "Filter": "((o_orderdate >= '1994-01-01 00:00:00'::timestamp(0) without time zone) AND (o_orderdate < '1995-01-01 00:00:00'::timestamp without time zone))", "Rows Removed by Filter": 2542535}]}, {"Node Type": "Index Scan", "Parent Relationship": "Inner", "Scan Direction": "Forward", "Index Name": "idx_lineitem_orderkey", "Relation Name": "lineitem", "Alias": "lineitem", "Startup Cost": 0.0, "Total Cost": 3.05, "Plan Rows": 9, "Plan Width": 32, "Actual Startup Time": 4302.23, "Actual Total Time": 5257.226, "Actual Rows": 1815222, "Actual Loops": 454183, "Index Cond": "(l_orderkey = orders.o_orderkey)", "Rows Removed by Index Recheck": 0}]}, {"Node Type": "Hash", "Parent Relationship": "Inner", "Startup Cost": 3283.0, "Total Cost": 3283.0, "Plan Rows": 100000, "Plan Width": 12, "Actual Startup Time": 67.148, "Actual Total Time": 67.148, "Actual Rows": 100000, "Actual Loops": 1, "Hash Buckets": 131072, "Hash Batches": 1, "Original Hash Batches": 1, "Peak Memory Usage": 4297, "Plans": [{"Node Type": "Seq Scan", "Parent Relationship": "Outer", "Relation Name": "supplier", "Alias": "supplier", "Startup Cost": 0.0, "Total Cost": 3283.0, "Plan Rows": 100000, "Plan Width": 12, "Actual Startup Time": 0.02, "Actual Total Time": 36.415, "Actual Rows": 100000, "Actual Loops": 1}]}]}]}]}, "Triggers": [], "Planner Runtime": 9.838, "Total Runtime": 16782.663, "Unique SQL Id": 1392561963}}, "(16, 97)": {"explain_plan": {"Plan": {"Node Type": "Sort", "Startup Cost": 1722787.59, "Total Cost": 1722787.65, "Plan Rows": 25, "Plan Width": 50, "Sort Key": ["(sum((lineitem.l_extendedprice * (1::double precision - lineitem.l_discount)))) DESC"], "Plans": [{"Node Type": "Aggregate", "Strategy": "Hashed", "Parent Relationship": "Outer", "Startup Cost": 1722786.76, "Total Cost": 1722787.01, "Plan Rows": 25, "Plan Width": 50, "Group By Key": ["nation.n_name"], "Plans": [{"Node Type": "Hash Join", "Parent Relationship": "Outer", "Join Type": "Inner", "Startup Cost": 7864.91, "Total Cost": 1722692.86, "Plan Rows": 9390, "Plan Width": 42, "Inner Unique": true, "Hash Cond": "((lineitem.l_suppkey = supplier.s_suppkey) AND (customer.c_nationkey = supplier.s_nationkey))", "Plans": [{"Node Type": "Nested Loop", "Parent Relationship": "Outer", "Join Type": "Inner", "Startup Cost": 1030.37, "Total Cost": 1688097.31, "Plan Rows": 3688948, "Plan Width": 58, "Inner Unique": false, "Plans": [{"Node Type": "Nested Loop", "Parent Relationship": "Outer", "Join Type": "Inner", "Startup Cost": 1030.37, "Total Cost": 412302.9, "Plan Rows": 406290, "Plan Width": 42, "Inner Unique": false, "Plans": [{"Node Type": "Nested Loop", "Parent Relationship": "Outer", "Join Type": "Inner", "Startup Cost": 1030.37, "Total Cost": 37194.1, "Plan Rows": 300000, "Plan Width": 42, "Inner Unique": false, "Plans": [{"Node Type": "Nested Loop", "Parent Relationship": "Outer", "Join Type": "Inner", "Startup Cost": 0.0, "Total Cost": 31.69, "Plan Rows": 5, "Plan Width": 30, "Inner Unique": true, "Plans": [{"Node Type": "Index Scan", "Parent Relationship": "Outer", "Scan Direction": "Forward", "Index Name": "nation_pkey", "Relation Name": "nation", "Alias": "nation", "Startup Cost": 0.0, "Total Cost": 12.62, "Plan Rows": 25, "Plan Width": 34}, {"Node Type": "Index Scan", "Parent Relationship": "Inner", "Scan Direction": "Forward", "Index Name": "region_pkey", "Relation Name": "region", "Alias": "region", "Startup Cost": 0.0, "Total Cost": 0.75, "Plan Rows": 1, "Plan Width": 4, "Index Cond": "(r_regionkey = nation.n_regionkey)", "Filter": "(r_name = 'MIDDLE EAST'::bpchar)"}]}, {"Node Type": "Bitmap Heap Scan", "Parent Relationship": "Inner", "Relation Name": "customer", "Alias": "customer", "Startup Cost": 1030.37, "Total Cost": 6832.48, "Plan Rows": 60000, "Plan Width": 12, "Recheck Cond": "(c_nationkey = nation.n_nationkey)", "Plans": [{"Node Type": "Bitmap Index Scan", "Parent Relationship": "Outer", "Index Name": "idx_customer_nationkey", "Startup Cost": 0.0, "Total Cost": 1015.37, "Plan Rows": 60000, "Plan Width": 0, "Index Cond": "(c_nationkey = nation.n_nationkey)"}]}]}, {"Node Type": "Index Scan", "Parent Relationship": "Inner", "Scan Direction": "Forward", "Index Name": "idx_orders_custkey", "Relation Name": "orders", "Alias": "orders", "Startup Cost": 0.0, "Total Cost": 1.24, "Plan Rows": 1, "Plan Width": 16, "Index Cond": "(o_custkey = customer.c_custkey)", "Filter": "((o_orderdate >= '1994-01-01 00:00:00'::timestamp(0) without time zone) AND (o_orderdate < '1995-01-01 00:00:00'::timestamp without time zone))"}]}, {"Node Type": "Index Scan", "Parent Relationship": "Inner", "Scan Direction": "Forward", "Index Name": "idx_lineitem_orderkey", "Relation Name": "lineitem", "Alias": "lineitem", "Startup Cost": 0.0, "Total Cost": 3.05, "Plan Rows": 9, "Plan Width": 32, "Index Cond": "(l_orderkey = orders.o_orderkey)"}]}, {"Node Type": "Hash", "Parent Relationship": "Inner", "Startup Cost": 5334.54, "Total Cost": 5334.54, "Plan Rows": 100000, "Plan Width": 12, "Plans": [{"Node Type": "Index Scan", "Parent Relationship": "Outer", "Scan Direction": "Forward", "Index Name": "supplier_pkey", "Relation Name": "supplier", "Alias": "supplier", "Startup Cost": 0.0, "Total Cost": 5334.54, "Plan Rows": 100000, "Plan Width": 12}]}]}]}]}, "Unique SQL Id": 1392561963}, "explain_analyze_plan": {"Plan": {"Node Type": "Sort", "Startup Cost": 1722787.59, "Total Cost": 1722787.65, "Plan Rows": 25, "Plan Width": 50, "Actual Startup Time": 16829.72, "Actual Total Time": 16829.72, "Actual Rows": 5, "Actual Loops": 1, "Sort Key": ["(sum((lineitem.l_extendedprice * (1::double precision - lineitem.l_discount)))) DESC"], "Sort Method": "quicksort", "Sort Space Used": 25, "Sort Space Type": "Memory", "Plans": [{"Node Type": "Aggregate", "Strategy": "Hashed", "Parent Relationship": "Outer", "Startup Cost": 1722786.76, "Total Cost": 1722787.01, "Plan Rows": 25, "Plan Width": 50, "Actual Startup Time": 16829.695, "Actual Total Time": 16829.696, "Actual Rows": 5, "Actual Loops": 1, "Group By Key": ["nation.n_name"], "Plans": [{"Node Type": "Hash Join", "Parent Relationship": "Outer", "Join Type": "Inner", "Startup Cost": 7864.91, "Total Cost": 1722692.86, "Plan Rows": 9390, "Plan Width": 42, "Actual Startup Time": 116.708, "Actual Total Time": 16747.227, "Actual Rows": 72985, "Actual Loops": 1, "Inner Unique": true, "Hash Cond": "((lineitem.l_suppkey = supplier.s_suppkey) AND (customer.c_nationkey = supplier.s_nationkey))", "Plans": [{"Node Type": "Nested Loop", "Parent Relationship": "Outer", "Join Type": "Inner", "Startup Cost": 1030.37, "Total Cost": 1688097.31, "Plan Rows": 3688948, "Plan Width": 58, "Actual Startup Time": 18.032, "Actual Total Time": 15805.729, "Actual Rows": 1815222, "Actual Loops": 1, "Inner Unique": false, "Plans": [{"Node Type": "Nested Loop", "Parent Relationship": "Outer", "Join Type": "Inner", "Startup Cost": 1030.37, "Total Cost": 412302.9, "Plan Rows": 406290, "Plan Width": 42, "Actual Startup Time": 18.012, "Actual Total Time": 9869.184, "Actual Rows": 454183, "Actual Loops": 1, "Inner Unique": false, "Plans": [{"Node Type": "Nested Loop", "Parent Relationship": "Outer", "Join Type": "Inner", "Startup Cost": 1030.37, "Total Cost": 37194.1, "Plan Rows": 300000, "Plan Width": 42, "Actual Startup Time": 17.934, "Actual Total Time": 668.976, "Actual Rows": 299838, "Actual Loops": 1, "Inner Unique": false, "Plans": [{"Node Type": "Nested Loop", "Parent Relationship": "Outer", "Join Type": "Inner", "Startup Cost": 0.0, "Total Cost": 31.69, "Plan Rows": 5, "Plan Width": 30, "Actual Startup Time": 0.047, "Actual Total Time": 0.216, "Actual Rows": 5, "Actual Loops": 1, "Inner Unique": true, "Plans": [{"Node Type": "Index Scan", "Parent Relationship": "Outer", "Scan Direction": "Forward", "Index Name": "nation_pkey", "Relation Name": "nation", "Alias": "nation", "Startup Cost": 0.0, "Total Cost": 12.62, "Plan Rows": 25, "Plan Width": 34, "Actual Startup Time": 0.014, "Actual Total Time": 0.053, "Actual Rows": 25, "Actual Loops": 1}, {"Node Type": "Index Scan", "Parent Relationship": "Inner", "Scan Direction": "Forward", "Index Name": "region_pkey", "Relation Name": "region", "Alias": "region", "Startup Cost": 0.0, "Total Cost": 0.75, "Plan Rows": 1, "Plan Width": 4, "Actual Startup Time": 0.097, "Actual Total Time": 0.097, "Actual Rows": 5, "Actual Loops": 25, "Index Cond": "(r_regionkey = nation.n_regionkey)", "Rows Removed by Index Recheck": 0, "Filter": "(r_name = 'MIDDLE EAST'::bpchar)", "Rows Removed by Filter": 20}]}, {"Node Type": "Bitmap Heap Scan", "Parent Relationship": "Inner", "Relation Name": "customer", "Alias": "customer", "Startup Cost": 1030.37, "Total Cost": 6832.48, "Plan Rows": 60000, "Plan Width": 12, "Actual Startup Time": 94.385, "Actual Total Time": 594.999, "Actual Rows": 299838, "Actual Loops": 5, "Recheck Cond": "(c_nationkey = nation.n_nationkey)", "Rows Removed by Index Recheck": 0, "Exact Heap Blocks": 150033, "Lossy Heap Blocks": 150033, "Plans": [{"Node Type": "Bitmap Index Scan", "Parent Relationship": "Outer", "Index Name": "idx_customer_nationkey", "Startup Cost": 0.0, "Total Cost": 1015.37, "Plan Rows": 60000, "Plan Width": 0, "Actual Startup Time": 60.9, "Actual Total Time": 60.9, "Actual Rows": 299838, "Actual Loops": 5, "Index Cond": "(c_nationkey = nation.n_nationkey)"}]}]}, {"Node Type": "Index Scan", "Parent Relationship": "Inner", "Scan Direction": "Forward", "Index Name": "idx_orders_custkey", "Relation Name": "orders", "Alias": "orders", "Startup Cost": 0.0, "Total Cost": 1.24, "Plan Rows": 1, "Plan Width": 16, "Actual Startup Time": 4198.032, "Actual Total Time": 8936.589, "Actual Rows": 454183, "Actual Loops": 299838, "Index Cond": "(o_custkey = customer.c_custkey)", "Rows Removed by Index Recheck": 0, "Filter": "((o_orderdate >= '1994-01-01 00:00:00'::timestamp(0) without time zone) AND (o_orderdate < '1995-01-01 00:00:00'::timestamp without time zone))", "Rows Removed by Filter": 2542535}]}, {"Node Type": "Index Scan", "Parent Relationship": "Inner", "Scan Direction": "Forward", "Index Name": "idx_lineitem_orderkey", "Relation Name": "lineitem", "Alias": "lineitem", "Startup Cost": 0.0, "Total Cost": 3.05, "Plan Rows": 9, "Plan Width": 32, "Actual Startup Time": 4325.743, "Actual Total Time": 5284.716, "Actual Rows": 1815222, "Actual Loops": 454183, "Index Cond": "(l_orderkey = orders.o_orderkey)", "Rows Removed by Index Recheck": 0}]}, {"Node Type": "Hash", "Parent Relationship": "Inner", "Startup Cost": 5334.54, "Total Cost": 5334.54, "Plan Rows": 100000, "Plan Width": 12, "Actual Startup Time": 98.439, "Actual Total Time": 98.439, "Actual Rows": 100000, "Actual Loops": 1, "Hash Buckets": 131072, "Hash Batches": 1, "Original Hash Batches": 1, "Peak Memory Usage": 4297, "Plans": [{"Node Type": "Index Scan", "Parent Relationship": "Outer", "Scan Direction": "Forward", "Index Name": "supplier_pkey", "Relation Name": "supplier", "Alias": "supplier", "Startup Cost": 0.0, "Total Cost": 5334.54, "Plan Rows": 100000, "Plan Width": 12, "Actual Startup Time": 0.023, "Actual Total Time": 65.957, "Actual Rows": 100000, "Actual Loops": 1}]}]}]}]}, "Triggers": [], "Planner Runtime": 5.236, "Total Runtime": 16830.142, "Unique SQL Id": 1392561963}}, "(16, 98)": {"explain_plan": {"Plan": {"Node Type": "Sort", "Startup Cost": 2457247.05, "Total Cost": 2457247.11, "Plan Rows": 25, "Plan Width": 50, "Sort Key": ["(sum((lineitem.l_extendedprice * (1::double precision - lineitem.l_discount)))) DESC"], "Plans": [{"Node Type": "Aggregate", "Strategy": "Hashed", "Parent Relationship": "Outer", "Startup Cost": 2457246.22, "Total Cost": 2457246.47, "Plan Rows": 25, "Plan Width": 50, "Group By Key": ["nation.n_name"], "Plans": [{"Node Type": "Hash Join", "Parent Relationship": "Outer", "Join Type": "Inner", "Startup Cost": 104058.84, "Total Cost": 2457152.32, "Plan Rows": 9390, "Plan Width": 42, "Inner Unique": true, "Hash Cond": "((lineitem.l_suppkey = supplier.s_suppkey) AND (customer.c_nationkey = supplier.s_nationkey))", "Plans": [{"Node Type": "Nested Loop", "Parent Relationship": "Outer", "Join Type": "Inner", "Startup Cost": 99275.84, "Total Cost": 2424608.31, "Plan Rows": 3688948, "Plan Width": 58, "Inner Unique": false, "Plans": [{"Node Type": "Hash Join", "Parent Relationship": "Outer", "Join Type": "Inner", "Startup Cost": 99275.12, "Total Cost": 422539.98, "Plan Rows": 406290, "Plan Width": 42, "Inner Unique": false, "Hash Cond": "(orders.o_custkey = customer.c_custkey), (LLVM Optimized)", "Plans": [{"Node Type": "Bitmap Heap Scan", "Parent Relationship": "Outer", "Relation Name": "orders", "Alias": "orders", "Startup Cost": 58360.27, "Total Cost": 369005.64, "Plan Rows": 2281758, "Plan Width": 16, "Recheck Cond": "((o_orderdate >= '1994-01-01 00:00:00'::timestamp(0) without time zone) AND (o_orderdate < '1995-01-01 00:00:00'::timestamp without time zone)), (LLVM Optimized)", "Plans": [{"Node Type": "Bitmap Index Scan", "Parent Relationship": "Outer", "Index Name": "idx_orders_orderdate", "Startup Cost": 0.0, "Total Cost": 57789.83, "Plan Rows": 2281758, "Plan Width": 0, "Index Cond": "((o_orderdate >= '1994-01-01 00:00:00'::timestamp(0) without time zone) AND (o_orderdate < '1995-01-01 00:00:00'::timestamp without time zone))"}]}, {"Node Type": "Hash", "Parent Relationship": "Inner", "Startup Cost": 37164.85, "Total Cost": 37164.85, "Plan Rows": 300000, "Plan Width": 42, "Plans": [{"Node Type": "Nested Loop", "Parent Relationship": "Outer", "Join Type": "Inner", "Startup Cost": 1031.44, "Total Cost": 37164.85, "Plan Rows": 300000, "Plan Width": 42, "Inner Unique": false, "Plans": [{"Node Type": "Hash Join", "Parent Relationship": "Outer", "Join Type": "Inner", "Startup Cost": 1.07, "Total Cost": 2.44, "Plan Rows": 5, "Plan Width": 30, "Inner Unique": true, "Hash Cond": "(nation.n_regionkey = region.r_regionkey)", "Plans": [{"Node Type": "Seq Scan", "Parent Relationship": "Outer", "Relation Name": "nation", "Alias": "nation", "Startup Cost": 0.0, "Total Cost": 1.25, "Plan Rows": 25, "Plan Width": 34}, {"Node Type": "Hash", "Parent Relationship": "Inner", "Startup Cost": 1.06, "Total Cost": 1.06, "Plan Rows": 1, "Plan Width": 4, "Plans": [{"Node Type": "Seq Scan", "Parent Relationship": "Outer", "Relation Name": "region", "Alias": "region", "Startup Cost": 0.0, "Total Cost": 1.06, "Plan Rows": 1, "Plan Width": 4, "Filter": "(r_name = 'MIDDLE EAST'::bpchar)"}]}]}, {"Node Type": "Bitmap Heap Scan", "Parent Relationship": "Inner", "Relation Name": "customer", "Alias": "customer", "Startup Cost": 1030.37, "Total Cost": 6832.48, "Plan Rows": 60000, "Plan Width": 12, "Recheck Cond": "(c_nationkey = nation.n_nationkey)", "Plans": [{"Node Type": "Bitmap Index Scan", "Parent Relationship": "Outer", "Index Name": "idx_customer_nationkey", "Startup Cost": 0.0, "Total Cost": 1015.37, "Plan Rows": 60000, "Plan Width": 0, "Index Cond": "(c_nationkey = nation.n_nationkey)"}]}]}]}]}, {"Node Type": "Bitmap Heap Scan", "Parent Relationship": "Inner", "Relation Name": "lineitem", "Alias": "lineitem", "Startup Cost": 0.73, "Total Cost": 4.84, "Plan Rows": 9, "Plan Width": 32, "Recheck Cond": "(l_orderkey = orders.o_orderkey)", "Plans": [{"Node Type": "Bitmap Index Scan", "Parent Relationship": "Outer", "Index Name": "idx_lineitem_orderkey", "Startup Cost": 0.0, "Total Cost": 0.72, "Plan Rows": 9, "Plan Width": 0, "Index Cond": "(l_orderkey = orders.o_orderkey)"}]}]}, {"Node Type": "Hash", "Parent Relationship": "Inner", "Startup Cost": 3283.0, "Total Cost": 3283.0, "Plan Rows": 100000, "Plan Width": 12, "Plans": [{"Node Type": "Seq Scan", "Parent Relationship": "Outer", "Relation Name": "supplier", "Alias": "supplier", "Startup Cost": 0.0, "Total Cost": 3283.0, "Plan Rows": 100000, "Plan Width": 12}]}]}]}]}, "Unique SQL Id": 1392561963}, "explain_analyze_plan": {"Plan": {"Node Type": "Sort", "Startup Cost": 2457247.05, "Total Cost": 2457247.11, "Plan Rows": 25, "Plan Width": 50, "Actual Startup Time": 10231.164, "Actual Total Time": 10231.165, "Actual Rows": 5, "Actual Loops": 1, "Sort Key": ["(sum((lineitem.l_extendedprice * (1::double precision - lineitem.l_discount)))) DESC"], "Sort Method": "quicksort", "Sort Space Used": 25, "Sort Space Type": "Memory", "Plans": [{"Node Type": "Aggregate", "Strategy": "Hashed", "Parent Relationship": "Outer", "Startup Cost": 2457246.22, "Total Cost": 2457246.47, "Plan Rows": 25, "Plan Width": 50, "Actual Startup Time": 10231.139, "Actual Total Time": 10231.139, "Actual Rows": 5, "Actual Loops": 1, "Group By Key": ["nation.n_name"], "Plans": [{"Node Type": "Hash Join", "Parent Relationship": "Outer", "Join Type": "Inner", "Startup Cost": 104058.84, "Total Cost": 2457152.32, "Plan Rows": 9390, "Plan Width": 42, "Actual Startup Time": 1455.675, "Actual Total Time": 10153.26, "Actual Rows": 72985, "Actual Loops": 1, "Inner Unique": true, "Hash Cond": "((lineitem.l_suppkey = supplier.s_suppkey) AND (customer.c_nationkey = supplier.s_nationkey))", "Plans": [{"Node Type": "Nested Loop", "Parent Relationship": "Outer", "Join Type": "Inner", "Startup Cost": 99275.84, "Total Cost": 2424608.31, "Plan Rows": 3688948, "Plan Width": 58, "Actual Startup Time": 1388.075, "Actual Total Time": 9340.13, "Actual Rows": 1815222, "Actual Loops": 1, "Inner Unique": false, "Plans": [{"Node Type": "Hash Join", "Parent Relationship": "Outer", "Join Type": "Inner", "Startup Cost": 99275.12, "Total Cost": 422539.98, "Plan Rows": 406290, "Plan Width": 42, "Actual Startup Time": 1388.007, "Actual Total Time": 4342.76, "Actual Rows": 454183, "Actual Loops": 1, "Inner Unique": false, "Hash Cond": "(orders.o_custkey = customer.c_custkey), (LLVM Optimized, Jit Execute)", "Plans": [{"Node Type": "Bitmap Heap Scan", "Parent Relationship": "Outer", "Relation Name": "orders", "Alias": "orders", "Startup Cost": 58360.27, "Total Cost": 369005.64, "Plan Rows": 2281758, "Plan Width": 16, "Actual Startup Time": 652.124, "Actual Total Time": 2433.376, "Actual Rows": 2275919, "Actual Loops": 1, "Recheck Cond": "((o_orderdate >= '1994-01-01 00:00:00'::timestamp(0) without time zone) AND (o_orderdate < '1995-01-01 00:00:00'::timestamp without time zone)), (LLVM Optimized, Jit Execute)", "Rows Removed by Index Recheck": 0, "Exact Heap Blocks": 276381, "Lossy Heap Blocks": 276381, "Plans": [{"Node Type": "Bitmap Index Scan", "Parent Relationship": "Outer", "Index Name": "idx_orders_orderdate", "Startup Cost": 0.0, "Total Cost": 57789.83, "Plan Rows": 2281758, "Plan Width": 0, "Actual Startup Time": 563.826, "Actual Total Time": 563.826, "Actual Rows": 2275919, "Actual Loops": 1, "Index Cond": "((o_orderdate >= '1994-01-01 00:00:00'::timestamp(0) without time zone) AND (o_orderdate < '1995-01-01 00:00:00'::timestamp without time zone))"}]}, {"Node Type": "Hash", "Parent Relationship": "Inner", "Startup Cost": 37164.85, "Total Cost": 37164.85, "Plan Rows": 300000, "Plan Width": 42, "Actual Startup Time": 735.466, "Actual Total Time": 735.466, "Actual Rows": 299838, "Actual Loops": 1, "Hash Buckets": 524288, "Hash Batches": 1, "Original Hash Batches": 1, "Peak Memory Usage": 22254, "Plans": [{"Node Type": "Nested Loop", "Parent Relationship": "Outer", "Join Type": "Inner", "Startup Cost": 1031.44, "Total Cost": 37164.85, "Plan Rows": 300000, "Plan Width": 42, "Actual Startup Time": 18.112, "Actual Total Time": 616.312, "Actual Rows": 299838, "Actual Loops": 1, "Inner Unique": false, "Plans": [{"Node Type": "Hash Join", "Parent Relationship": "Outer", "Join Type": "Inner", "Startup Cost": 1.07, "Total Cost": 2.44, "Plan Rows": 5, "Plan Width": 30, "Actual Startup Time": 0.092, "Actual Total Time": 0.166, "Actual Rows": 5, "Actual Loops": 1, "Inner Unique": true, "Hash Cond": "(nation.n_regionkey = region.r_regionkey)", "Plans": [{"Node Type": "Seq Scan", "Parent Relationship": "Outer", "Relation Name": "nation", "Alias": "nation", "Startup Cost": 0.0, "Total Cost": 1.25, "Plan Rows": 25, "Plan Width": 34, "Actual Startup Time": 0.024, "Actual Total Time": 0.046, "Actual Rows": 25, "Actual Loops": 1}, {"Node Type": "Hash", "Parent Relationship": "Inner", "Startup Cost": 1.06, "Total Cost": 1.06, "Plan Rows": 1, "Plan Width": 4, "Actual Startup Time": 0.026, "Actual Total Time": 0.026, "Actual Rows": 1, "Actual Loops": 1, "Hash Buckets": 32768, "Hash Batches": 1, "Original Hash Batches": 1, "Peak Memory Usage": 1, "Plans": [{"Node Type": "Seq Scan", "Parent Relationship": "Outer", "Relation Name": "region", "Alias": "region", "Startup Cost": 0.0, "Total Cost": 1.06, "Plan Rows": 1, "Plan Width": 4, "Actual Startup Time": 0.021, "Actual Total Time": 0.022, "Actual Rows": 1, "Actual Loops": 1, "Filter": "(r_name = 'MIDDLE EAST'::bpchar)", "Rows Removed by Filter": 4}]}]}, {"Node Type": "Bitmap Heap Scan", "Parent Relationship": "Inner", "Relation Name": "customer", "Alias": "customer", "Startup Cost": 1030.37, "Total Cost": 6832.48, "Plan Rows": 60000, "Plan Width": 12, "Actual Startup Time": 90.805, "Actual Total Time": 547.481, "Actual Rows": 299838, "Actual Loops": 5, "Recheck Cond": "(c_nationkey = nation.n_nationkey)", "Rows Removed by Index Recheck": 0, "Exact Heap Blocks": 150033, "Lossy Heap Blocks": 150033, "Plans": [{"Node Type": "Bitmap Index Scan", "Parent Relationship": "Outer", "Index Name": "idx_customer_nationkey", "Startup Cost": 0.0, "Total Cost": 1015.37, "Plan Rows": 60000, "Plan Width": 0, "Actual Startup Time": 57.791, "Actual Total Time": 57.791, "Actual Rows": 299838, "Actual Loops": 5, "Index Cond": "(c_nationkey = nation.n_nationkey)"}]}]}]}]}, {"Node Type": "Bitmap Heap Scan", "Parent Relationship": "Inner", "Relation Name": "lineitem", "Alias": "lineitem", "Startup Cost": 0.73, "Total Cost": 4.84, "Plan Rows": 9, "Plan Width": 32, "Actual Startup Time": 3758.685, "Actual Total Time": 4076.579, "Actual Rows": 1815222, "Actual Loops": 454183, "Recheck Cond": "(l_orderkey = orders.o_orderkey)", "Rows Removed by Index Recheck": 0, "Exact Heap Blocks": 486530, "Lossy Heap Blocks": 486530, "Plans": [{"Node Type": "Bitmap Index Scan", "Parent Relationship": "Outer", "Index Name": "idx_lineitem_orderkey", "Startup Cost": 0.0, "Total Cost": 0.72, "Plan Rows": 9, "Plan Width": 0, "Actual Startup Time": 2087.51, "Actual Total Time": 2087.51, "Actual Rows": 1815222, "Actual Loops": 454183, "Index Cond": "(l_orderkey = orders.o_orderkey)"}]}]}, {"Node Type": "Hash", "Parent Relationship": "Inner", "Startup Cost": 3283.0, "Total Cost": 3283.0, "Plan Rows": 100000, "Plan Width": 12, "Actual Startup Time": 67.446, "Actual Total Time": 67.446, "Actual Rows": 100000, "Actual Loops": 1, "Hash Buckets": 131072, "Hash Batches": 1, "Original Hash Batches": 1, "Peak Memory Usage": 4297, "Plans": [{"Node Type": "Seq Scan", "Parent Relationship": "Outer", "Relation Name": "supplier", "Alias": "supplier", "Startup Cost": 0.0, "Total Cost": 3283.0, "Plan Rows": 100000, "Plan Width": 12, "Actual Startup Time": 0.022, "Actual Total Time": 36.695, "Actual Rows": 100000, "Actual Loops": 1}]}]}]}]}, "Triggers": [], "Planner Runtime": 8.833, "Total Runtime": 10241.237, "Unique SQL Id": 1392561963}}, "(16, 99)": {"explain_plan": {"Plan": {"Node Type": "Sort", "Startup Cost": 46003135.57, "Total Cost": 46003135.63, "Plan Rows": 25, "Plan Width": 50, "Sort Key": ["(sum((lineitem.l_extendedprice * (1::double precision - lineitem.l_discount)))) DESC"], "Plans": [{"Node Type": "Aggregate", "Strategy": "Hashed", "Parent Relationship": "Outer", "Startup Cost": 46003134.74, "Total Cost": 46003134.99, "Plan Rows": 25, "Plan Width": 50, "Group By Key": ["nation.n_name"], "Plans": [{"Node Type": "Nested Loop", "Parent Relationship": "Outer", "Join Type": "Inner", "Startup Cost": 58362.35, "Total Cost": 46003040.84, "Plan Rows": 9390, "Plan Width": 42, "Inner Unique": true, "Join Filter": "(customer.c_nationkey = supplier.s_nationkey)", "Plans": [{"Node Type": "Nested Loop", "Parent Relationship": "Outer", "Join Type": "Inner", "Startup Cost": 58362.1, "Total Cost": 30204103.6, "Plan Rows": 3688948, "Plan Width": 58, "Inner Unique": false, "Plans": [{"Node Type": "Nested Loop", "Parent Relationship": "Outer", "Join Type": "Inner", "Startup Cost": 58361.37, "Total Cost": 28202035.27, "Plan Rows": 406290, "Plan Width": 42, "Inner Unique": true, "Plans": [{"Node Type": "Nested Loop", "Parent Relationship": "Outer", "Join Type": "Inner", "Startup Cost": 58360.79, "Total Cost": 18851769.58, "Plan Rows": 2031452, "Plan Width": 46, "Inner Unique": true, "Plans": [{"Node Type": "Nested Loop", "Parent Relationship": "Outer", "Join Type": "Inner", "Startup Cost": 58360.54, "Total Cost": 10156636.32, "Plan Rows": 2031452, "Plan Width": 12, "Inner Unique": true, "Plans": [{"Node Type": "Bitmap Heap Scan", "Parent Relationship": "Outer", "Relation Name": "orders", "Alias": "orders", "Startup Cost": 58360.27, "Total Cost": 369005.64, "Plan Rows": 2281758, "Plan Width": 16, "Recheck Cond": "((o_orderdate >= '1994-01-01 00:00:00'::timestamp(0) without time zone) AND (o_orderdate < '1995-01-01 00:00:00'::timestamp without time zone)), (LLVM Optimized)", "Plans": [{"Node Type": "Bitmap Index Scan", "Parent Relationship": "Outer", "Index Name": "idx_orders_orderdate", "Startup Cost": 0.0, "Total Cost": 57789.83, "Plan Rows": 2281758, "Plan Width": 0, "Index Cond": "((o_orderdate >= '1994-01-01 00:00:00'::timestamp(0) without time zone) AND (o_orderdate < '1995-01-01 00:00:00'::timestamp without time zone))"}]}, {"Node Type": "Bitmap Heap Scan", "Parent Relationship": "Inner", "Relation Name": "customer", "Alias": "customer", "Startup Cost": 0.27, "Total Cost": 4.28, "Plan Rows": 1, "Plan Width": 12, "Recheck Cond": "(c_custkey = orders.o_custkey)", "Plans": [{"Node Type": "Bitmap Index Scan", "Parent Relationship": "Outer", "Index Name": "customer_pkey", "Startup Cost": 0.0, "Total Cost": 0.27, "Plan Rows": 1, "Plan Width": 0, "Index Cond": "(c_custkey = orders.o_custkey)"}]}]}, {"Node Type": "Bitmap Heap Scan", "Parent Relationship": "Inner", "Relation Name": "nation", "Alias": "nation", "Startup Cost": 0.26, "Total Cost": 4.27, "Plan Rows": 1, "Plan Width": 34, "Recheck Cond": "(n_nationkey = customer.c_nationkey)", "Plans": [{"Node Type": "Bitmap Index Scan", "Parent Relationship": "Outer", "Index Name": "nation_pkey", "Startup Cost": 0.0, "Total Cost": 0.26, "Plan Rows": 1, "Plan Width": 0, "Index Cond": "(n_nationkey = customer.c_nationkey)"}]}]}, {"Node Type": "Bitmap Heap Scan", "Parent Relationship": "Inner", "Relation Name": "region", "Alias": "region", "Startup Cost": 0.58, "Total Cost": 4.59, "Plan Rows": 1, "Plan Width": 4, "Recheck Cond": "(r_regionkey = nation.n_regionkey)", "Filter": "(r_name = 'MIDDLE EAST'::bpchar)", "Plans": [{"Node Type": "Bitmap Index Scan", "Parent Relationship": "Outer", "Index Name": "region_pkey", "Startup Cost": 0.0, "Total Cost": 0.58, "Plan Rows": 1, "Plan Width": 0, "Index Cond": "(r_regionkey = nation.n_regionkey)"}]}]}, {"Node Type": "Bitmap Heap Scan", "Parent Relationship": "Inner", "Relation Name": "lineitem", "Alias": "lineitem", "Startup Cost": 0.73, "Total Cost": 4.84, "Plan Rows": 9, "Plan Width": 32, "Recheck Cond": "(l_orderkey = orders.o_orderkey)", "Plans": [{"Node Type": "Bitmap Index Scan", "Parent Relationship": "Outer", "Index Name": "idx_lineitem_orderkey", "Startup Cost": 0.0, "Total Cost": 0.72, "Plan Rows": 9, "Plan Width": 0, "Index Cond": "(l_orderkey = orders.o_orderkey)"}]}]}, {"Node Type": "Bitmap Heap Scan", "Parent Relationship": "Inner", "Relation Name": "supplier", "Alias": "supplier", "Startup Cost": 0.26, "Total Cost": 4.27, "Plan Rows": 1, "Plan Width": 12, "Recheck Cond": "(s_suppkey = lineitem.l_suppkey)", "Plans": [{"Node Type": "Bitmap Index Scan", "Parent Relationship": "Outer", "Index Name": "supplier_pkey", "Startup Cost": 0.0, "Total Cost": 0.26, "Plan Rows": 1, "Plan Width": 0, "Index Cond": "(s_suppkey = lineitem.l_suppkey)"}]}]}]}]}, "Unique SQL Id": 1392561963}, "explain_analyze_plan": null}, "(16, 100)": {"explain_plan": {"Plan": {"Node Type": "Sort", "Startup Cost": 1720736.05, "Total Cost": 1720736.11, "Plan Rows": 25, "Plan Width": 50, "Sort Key": ["(sum((lineitem.l_extendedprice * (1::double precision - lineitem.l_discount)))) DESC"], "Plans": [{"Node Type": "Aggregate", "Strategy": "Hashed", "Parent Relationship": "Outer", "Startup Cost": 1720735.22, "Total Cost": 1720735.47, "Plan Rows": 25, "Plan Width": 50, "Group By Key": ["nation.n_name"], "Plans": [{"Node Type": "Hash Join", "Parent Relationship": "Outer", "Join Type": "Inner", "Startup Cost": 5813.37, "Total Cost": 1720641.32, "Plan Rows": 9390, "Plan Width": 42, "Inner Unique": true, "Hash Cond": "((lineitem.l_suppkey = supplier.s_suppkey) AND (customer.c_nationkey = supplier.s_nationkey))", "Plans": [{"Node Type": "Nested Loop", "Parent Relationship": "Outer", "Join Type": "Inner", "Startup Cost": 1030.37, "Total Cost": 1688097.31, "Plan Rows": 3688948, "Plan Width": 58, "Inner Unique": false, "Plans": [{"Node Type": "Nested Loop", "Parent Relationship": "Outer", "Join Type": "Inner", "Startup Cost": 1030.37, "Total Cost": 412302.9, "Plan Rows": 406290, "Plan Width": 42, "Inner Unique": false, "Plans": [{"Node Type": "Nested Loop", "Parent Relationship": "Outer", "Join Type": "Inner", "Startup Cost": 1030.37, "Total Cost": 37194.1, "Plan Rows": 300000, "Plan Width": 42, "Inner Unique": false, "Plans": [{"Node Type": "Nested Loop", "Parent Relationship": "Outer", "Join Type": "Inner", "Startup Cost": 0.0, "Total Cost": 31.69, "Plan Rows": 5, "Plan Width": 30, "Inner Unique": true, "Plans": [{"Node Type": "Index Scan", "Parent Relationship": "Outer", "Scan Direction": "Forward", "Index Name": "nation_pkey", "Relation Name": "nation", "Alias": "nation", "Startup Cost": 0.0, "Total Cost": 12.62, "Plan Rows": 25, "Plan Width": 34}, {"Node Type": "Index Scan", "Parent Relationship": "Inner", "Scan Direction": "Forward", "Index Name": "region_pkey", "Relation Name": "region", "Alias": "region", "Startup Cost": 0.0, "Total Cost": 0.75, "Plan Rows": 1, "Plan Width": 4, "Index Cond": "(r_regionkey = nation.n_regionkey)", "Filter": "(r_name = 'MIDDLE EAST'::bpchar)"}]}, {"Node Type": "Bitmap Heap Scan", "Parent Relationship": "Inner", "Relation Name": "customer", "Alias": "customer", "Startup Cost": 1030.37, "Total Cost": 6832.48, "Plan Rows": 60000, "Plan Width": 12, "Recheck Cond": "(c_nationkey = nation.n_nationkey)", "Plans": [{"Node Type": "Bitmap Index Scan", "Parent Relationship": "Outer", "Index Name": "idx_customer_nationkey", "Startup Cost": 0.0, "Total Cost": 1015.37, "Plan Rows": 60000, "Plan Width": 0, "Index Cond": "(c_nationkey = nation.n_nationkey)"}]}]}, {"Node Type": "Index Scan", "Parent Relationship": "Inner", "Scan Direction": "Forward", "Index Name": "idx_orders_custkey", "Relation Name": "orders", "Alias": "orders", "Startup Cost": 0.0, "Total Cost": 1.24, "Plan Rows": 1, "Plan Width": 16, "Index Cond": "(o_custkey = customer.c_custkey)", "Filter": "((o_orderdate >= '1994-01-01 00:00:00'::timestamp(0) without time zone) AND (o_orderdate < '1995-01-01 00:00:00'::timestamp without time zone))"}]}, {"Node Type": "Index Scan", "Parent Relationship": "Inner", "Scan Direction": "Forward", "Index Name": "idx_lineitem_orderkey", "Relation Name": "lineitem", "Alias": "lineitem", "Startup Cost": 0.0, "Total Cost": 3.05, "Plan Rows": 9, "Plan Width": 32, "Index Cond": "(l_orderkey = orders.o_orderkey)"}]}, {"Node Type": "Hash", "Parent Relationship": "Inner", "Startup Cost": 3283.0, "Total Cost": 3283.0, "Plan Rows": 100000, "Plan Width": 12, "Plans": [{"Node Type": "Seq Scan", "Parent Relationship": "Outer", "Relation Name": "supplier", "Alias": "supplier", "Startup Cost": 0.0, "Total Cost": 3283.0, "Plan Rows": 100000, "Plan Width": 12}]}]}]}]}, "Unique SQL Id": 1392561963}, "explain_analyze_plan": {"Plan": {"Node Type": "Sort", "Startup Cost": 1720736.05, "Total Cost": 1720736.11, "Plan Rows": 25, "Plan Width": 50, "Actual Startup Time": 16782.095, "Actual Total Time": 16782.095, "Actual Rows": 5, "Actual Loops": 1, "Sort Key": ["(sum((lineitem.l_extendedprice * (1::double precision - lineitem.l_discount)))) DESC"], "Sort Method": "quicksort", "Sort Space Used": 25, "Sort Space Type": "Memory", "Plans": [{"Node Type": "Aggregate", "Strategy": "Hashed", "Parent Relationship": "Outer", "Startup Cost": 1720735.22, "Total Cost": 1720735.47, "Plan Rows": 25, "Plan Width": 50, "Actual Startup Time": 16782.067, "Actual Total Time": 16782.069, "Actual Rows": 5, "Actual Loops": 1, "Group By Key": ["nation.n_name"], "Plans": [{"Node Type": "Hash Join", "Parent Relationship": "Outer", "Join Type": "Inner", "Startup Cost": 5813.37, "Total Cost": 1720641.32, "Plan Rows": 9390, "Plan Width": 42, "Actual Startup Time": 85.9, "Actual Total Time": 16697.392, "Actual Rows": 72985, "Actual Loops": 1, "Inner Unique": true, "Hash Cond": "((lineitem.l_suppkey = supplier.s_suppkey) AND (customer.c_nationkey = supplier.s_nationkey))", "Plans": [{"Node Type": "Nested Loop", "Parent Relationship": "Outer", "Join Type": "Inner", "Startup Cost": 1030.37, "Total Cost": 1688097.31, "Plan Rows": 3688948, "Plan Width": 58, "Actual Startup Time": 18.51, "Actual Total Time": 15782.236, "Actual Rows": 1815222, "Actual Loops": 1, "Inner Unique": false, "Plans": [{"Node Type": "Nested Loop", "Parent Relationship": "Outer", "Join Type": "Inner", "Startup Cost": 1030.37, "Total Cost": 412302.9, "Plan Rows": 406290, "Plan Width": 42, "Actual Startup Time": 18.488, "Actual Total Time": 9884.102, "Actual Rows": 454183, "Actual Loops": 1, "Inner Unique": false, "Plans": [{"Node Type": "Nested Loop", "Parent Relationship": "Outer", "Join Type": "Inner", "Startup Cost": 1030.37, "Total Cost": 37194.1, "Plan Rows": 300000, "Plan Width": 42, "Actual Startup Time": 18.409, "Actual Total Time": 678.778, "Actual Rows": 299838, "Actual Loops": 1, "Inner Unique": false, "Plans": [{"Node Type": "Nested Loop", "Parent Relationship": "Outer", "Join Type": "Inner", "Startup Cost": 0.0, "Total Cost": 31.69, "Plan Rows": 5, "Plan Width": 30, "Actual Startup Time": 0.058, "Actual Total Time": 0.194, "Actual Rows": 5, "Actual Loops": 1, "Inner Unique": true, "Plans": [{"Node Type": "Index Scan", "Parent Relationship": "Outer", "Scan Direction": "Forward", "Index Name": "nation_pkey", "Relation Name": "nation", "Alias": "nation", "Startup Cost": 0.0, "Total Cost": 12.62, "Plan Rows": 25, "Plan Width": 34, "Actual Startup Time": 0.021, "Actual Total Time": 0.048, "Actual Rows": 25, "Actual Loops": 1}, {"Node Type": "Index Scan", "Parent Relationship": "Inner", "Scan Direction": "Forward", "Index Name": "region_pkey", "Relation Name": "region", "Alias": "region", "Startup Cost": 0.0, "Total Cost": 0.75, "Plan Rows": 1, "Plan Width": 4, "Actual Startup Time": 0.098, "Actual Total Time": 0.098, "Actual Rows": 5, "Actual Loops": 25, "Index Cond": "(r_regionkey = nation.n_regionkey)", "Rows Removed by Index Recheck": 0, "Filter": "(r_name = 'MIDDLE EAST'::bpchar)", "Rows Removed by Filter": 20}]}, {"Node Type": "Bitmap Heap Scan", "Parent Relationship": "Inner", "Relation Name": "customer", "Alias": "customer", "Startup Cost": 1030.37, "Total Cost": 6832.48, "Plan Rows": 60000, "Plan Width": 12, "Actual Startup Time": 95.268, "Actual Total Time": 601.366, "Actual Rows": 299838, "Actual Loops": 5, "Recheck Cond": "(c_nationkey = nation.n_nationkey)", "Rows Removed by Index Recheck": 0, "Exact Heap Blocks": 150033, "Lossy Heap Blocks": 150033, "Plans": [{"Node Type": "Bitmap Index Scan", "Parent Relationship": "Outer", "Index Name": "idx_customer_nationkey", "Startup Cost": 0.0, "Total Cost": 1015.37, "Plan Rows": 60000, "Plan Width": 0, "Actual Startup Time": 61.475, "Actual Total Time": 61.475, "Actual Rows": 299838, "Actual Loops": 5, "Index Cond": "(c_nationkey = nation.n_nationkey)"}]}]}, {"Node Type": "Index Scan", "Parent Relationship": "Inner", "Scan Direction": "Forward", "Index Name": "idx_orders_custkey", "Relation Name": "orders", "Alias": "orders", "Startup Cost": 0.0, "Total Cost": 1.24, "Plan Rows": 1, "Plan Width": 16, "Actual Startup Time": 4187.573, "Actual Total Time": 8943.452, "Actual Rows": 454183, "Actual Loops": 299838, "Index Cond": "(o_custkey = customer.c_custkey)", "Rows Removed by Index Recheck": 0, "Filter": "((o_orderdate >= '1994-01-01 00:00:00'::timestamp(0) without time zone) AND (o_orderdate < '1995-01-01 00:00:00'::timestamp without time zone))", "Rows Removed by Filter": 2542535}]}, {"Node Type": "Index Scan", "Parent Relationship": "Inner", "Scan Direction": "Forward", "Index Name": "idx_lineitem_orderkey", "Relation Name": "lineitem", "Alias": "lineitem", "Startup Cost": 0.0, "Total Cost": 3.05, "Plan Rows": 9, "Plan Width": 32, "Actual Startup Time": 4302.23, "Actual Total Time": 5257.226, "Actual Rows": 1815222, "Actual Loops": 454183, "Index Cond": "(l_orderkey = orders.o_orderkey)", "Rows Removed by Index Recheck": 0}]}, {"Node Type": "Hash", "Parent Relationship": "Inner", "Startup Cost": 3283.0, "Total Cost": 3283.0, "Plan Rows": 100000, "Plan Width": 12, "Actual Startup Time": 67.148, "Actual Total Time": 67.148, "Actual Rows": 100000, "Actual Loops": 1, "Hash Buckets": 131072, "Hash Batches": 1, "Original Hash Batches": 1, "Peak Memory Usage": 4297, "Plans": [{"Node Type": "Seq Scan", "Parent Relationship": "Outer", "Relation Name": "supplier", "Alias": "supplier", "Startup Cost": 0.0, "Total Cost": 3283.0, "Plan Rows": 100000, "Plan Width": 12, "Actual Startup Time": 0.02, "Actual Total Time": 36.415, "Actual Rows": 100000, "Actual Loops": 1}]}]}]}]}, "Triggers": [], "Planner Runtime": 9.838, "Total Runtime": 16782.663, "Unique SQL Id": 1392561963}}, "(16, 101)": {"explain_plan": {"Plan": {"Node Type": "Sort", "Startup Cost": 1722787.59, "Total Cost": 1722787.65, "Plan Rows": 25, "Plan Width": 50, "Sort Key": ["(sum((lineitem.l_extendedprice * (1::double precision - lineitem.l_discount)))) DESC"], "Plans": [{"Node Type": "Aggregate", "Strategy": "Hashed", "Parent Relationship": "Outer", "Startup Cost": 1722786.76, "Total Cost": 1722787.01, "Plan Rows": 25, "Plan Width": 50, "Group By Key": ["nation.n_name"], "Plans": [{"Node Type": "Hash Join", "Parent Relationship": "Outer", "Join Type": "Inner", "Startup Cost": 7864.91, "Total Cost": 1722692.86, "Plan Rows": 9390, "Plan Width": 42, "Inner Unique": true, "Hash Cond": "((lineitem.l_suppkey = supplier.s_suppkey) AND (customer.c_nationkey = supplier.s_nationkey))", "Plans": [{"Node Type": "Nested Loop", "Parent Relationship": "Outer", "Join Type": "Inner", "Startup Cost": 1030.37, "Total Cost": 1688097.31, "Plan Rows": 3688948, "Plan Width": 58, "Inner Unique": false, "Plans": [{"Node Type": "Nested Loop", "Parent Relationship": "Outer", "Join Type": "Inner", "Startup Cost": 1030.37, "Total Cost": 412302.9, "Plan Rows": 406290, "Plan Width": 42, "Inner Unique": false, "Plans": [{"Node Type": "Nested Loop", "Parent Relationship": "Outer", "Join Type": "Inner", "Startup Cost": 1030.37, "Total Cost": 37194.1, "Plan Rows": 300000, "Plan Width": 42, "Inner Unique": false, "Plans": [{"Node Type": "Nested Loop", "Parent Relationship": "Outer", "Join Type": "Inner", "Startup Cost": 0.0, "Total Cost": 31.69, "Plan Rows": 5, "Plan Width": 30, "Inner Unique": true, "Plans": [{"Node Type": "Index Scan", "Parent Relationship": "Outer", "Scan Direction": "Forward", "Index Name": "nation_pkey", "Relation Name": "nation", "Alias": "nation", "Startup Cost": 0.0, "Total Cost": 12.62, "Plan Rows": 25, "Plan Width": 34}, {"Node Type": "Index Scan", "Parent Relationship": "Inner", "Scan Direction": "Forward", "Index Name": "region_pkey", "Relation Name": "region", "Alias": "region", "Startup Cost": 0.0, "Total Cost": 0.75, "Plan Rows": 1, "Plan Width": 4, "Index Cond": "(r_regionkey = nation.n_regionkey)", "Filter": "(r_name = 'MIDDLE EAST'::bpchar)"}]}, {"Node Type": "Bitmap Heap Scan", "Parent Relationship": "Inner", "Relation Name": "customer", "Alias": "customer", "Startup Cost": 1030.37, "Total Cost": 6832.48, "Plan Rows": 60000, "Plan Width": 12, "Recheck Cond": "(c_nationkey = nation.n_nationkey)", "Plans": [{"Node Type": "Bitmap Index Scan", "Parent Relationship": "Outer", "Index Name": "idx_customer_nationkey", "Startup Cost": 0.0, "Total Cost": 1015.37, "Plan Rows": 60000, "Plan Width": 0, "Index Cond": "(c_nationkey = nation.n_nationkey)"}]}]}, {"Node Type": "Index Scan", "Parent Relationship": "Inner", "Scan Direction": "Forward", "Index Name": "idx_orders_custkey", "Relation Name": "orders", "Alias": "orders", "Startup Cost": 0.0, "Total Cost": 1.24, "Plan Rows": 1, "Plan Width": 16, "Index Cond": "(o_custkey = customer.c_custkey)", "Filter": "((o_orderdate >= '1994-01-01 00:00:00'::timestamp(0) without time zone) AND (o_orderdate < '1995-01-01 00:00:00'::timestamp without time zone))"}]}, {"Node Type": "Index Scan", "Parent Relationship": "Inner", "Scan Direction": "Forward", "Index Name": "idx_lineitem_orderkey", "Relation Name": "lineitem", "Alias": "lineitem", "Startup Cost": 0.0, "Total Cost": 3.05, "Plan Rows": 9, "Plan Width": 32, "Index Cond": "(l_orderkey = orders.o_orderkey)"}]}, {"Node Type": "Hash", "Parent Relationship": "Inner", "Startup Cost": 5334.54, "Total Cost": 5334.54, "Plan Rows": 100000, "Plan Width": 12, "Plans": [{"Node Type": "Index Scan", "Parent Relationship": "Outer", "Scan Direction": "Forward", "Index Name": "supplier_pkey", "Relation Name": "supplier", "Alias": "supplier", "Startup Cost": 0.0, "Total Cost": 5334.54, "Plan Rows": 100000, "Plan Width": 12}]}]}]}]}, "Unique SQL Id": 1392561963}, "explain_analyze_plan": {"Plan": {"Node Type": "Sort", "Startup Cost": 1722787.59, "Total Cost": 1722787.65, "Plan Rows": 25, "Plan Width": 50, "Actual Startup Time": 16829.72, "Actual Total Time": 16829.72, "Actual Rows": 5, "Actual Loops": 1, "Sort Key": ["(sum((lineitem.l_extendedprice * (1::double precision - lineitem.l_discount)))) DESC"], "Sort Method": "quicksort", "Sort Space Used": 25, "Sort Space Type": "Memory", "Plans": [{"Node Type": "Aggregate", "Strategy": "Hashed", "Parent Relationship": "Outer", "Startup Cost": 1722786.76, "Total Cost": 1722787.01, "Plan Rows": 25, "Plan Width": 50, "Actual Startup Time": 16829.695, "Actual Total Time": 16829.696, "Actual Rows": 5, "Actual Loops": 1, "Group By Key": ["nation.n_name"], "Plans": [{"Node Type": "Hash Join", "Parent Relationship": "Outer", "Join Type": "Inner", "Startup Cost": 7864.91, "Total Cost": 1722692.86, "Plan Rows": 9390, "Plan Width": 42, "Actual Startup Time": 116.708, "Actual Total Time": 16747.227, "Actual Rows": 72985, "Actual Loops": 1, "Inner Unique": true, "Hash Cond": "((lineitem.l_suppkey = supplier.s_suppkey) AND (customer.c_nationkey = supplier.s_nationkey))", "Plans": [{"Node Type": "Nested Loop", "Parent Relationship": "Outer", "Join Type": "Inner", "Startup Cost": 1030.37, "Total Cost": 1688097.31, "Plan Rows": 3688948, "Plan Width": 58, "Actual Startup Time": 18.032, "Actual Total Time": 15805.729, "Actual Rows": 1815222, "Actual Loops": 1, "Inner Unique": false, "Plans": [{"Node Type": "Nested Loop", "Parent Relationship": "Outer", "Join Type": "Inner", "Startup Cost": 1030.37, "Total Cost": 412302.9, "Plan Rows": 406290, "Plan Width": 42, "Actual Startup Time": 18.012, "Actual Total Time": 9869.184, "Actual Rows": 454183, "Actual Loops": 1, "Inner Unique": false, "Plans": [{"Node Type": "Nested Loop", "Parent Relationship": "Outer", "Join Type": "Inner", "Startup Cost": 1030.37, "Total Cost": 37194.1, "Plan Rows": 300000, "Plan Width": 42, "Actual Startup Time": 17.934, "Actual Total Time": 668.976, "Actual Rows": 299838, "Actual Loops": 1, "Inner Unique": false, "Plans": [{"Node Type": "Nested Loop", "Parent Relationship": "Outer", "Join Type": "Inner", "Startup Cost": 0.0, "Total Cost": 31.69, "Plan Rows": 5, "Plan Width": 30, "Actual Startup Time": 0.047, "Actual Total Time": 0.216, "Actual Rows": 5, "Actual Loops": 1, "Inner Unique": true, "Plans": [{"Node Type": "Index Scan", "Parent Relationship": "Outer", "Scan Direction": "Forward", "Index Name": "nation_pkey", "Relation Name": "nation", "Alias": "nation", "Startup Cost": 0.0, "Total Cost": 12.62, "Plan Rows": 25, "Plan Width": 34, "Actual Startup Time": 0.014, "Actual Total Time": 0.053, "Actual Rows": 25, "Actual Loops": 1}, {"Node Type": "Index Scan", "Parent Relationship": "Inner", "Scan Direction": "Forward", "Index Name": "region_pkey", "Relation Name": "region", "Alias": "region", "Startup Cost": 0.0, "Total Cost": 0.75, "Plan Rows": 1, "Plan Width": 4, "Actual Startup Time": 0.097, "Actual Total Time": 0.097, "Actual Rows": 5, "Actual Loops": 25, "Index Cond": "(r_regionkey = nation.n_regionkey)", "Rows Removed by Index Recheck": 0, "Filter": "(r_name = 'MIDDLE EAST'::bpchar)", "Rows Removed by Filter": 20}]}, {"Node Type": "Bitmap Heap Scan", "Parent Relationship": "Inner", "Relation Name": "customer", "Alias": "customer", "Startup Cost": 1030.37, "Total Cost": 6832.48, "Plan Rows": 60000, "Plan Width": 12, "Actual Startup Time": 94.385, "Actual Total Time": 594.999, "Actual Rows": 299838, "Actual Loops": 5, "Recheck Cond": "(c_nationkey = nation.n_nationkey)", "Rows Removed by Index Recheck": 0, "Exact Heap Blocks": 150033, "Lossy Heap Blocks": 150033, "Plans": [{"Node Type": "Bitmap Index Scan", "Parent Relationship": "Outer", "Index Name": "idx_customer_nationkey", "Startup Cost": 0.0, "Total Cost": 1015.37, "Plan Rows": 60000, "Plan Width": 0, "Actual Startup Time": 60.9, "Actual Total Time": 60.9, "Actual Rows": 299838, "Actual Loops": 5, "Index Cond": "(c_nationkey = nation.n_nationkey)"}]}]}, {"Node Type": "Index Scan", "Parent Relationship": "Inner", "Scan Direction": "Forward", "Index Name": "idx_orders_custkey", "Relation Name": "orders", "Alias": "orders", "Startup Cost": 0.0, "Total Cost": 1.24, "Plan Rows": 1, "Plan Width": 16, "Actual Startup Time": 4198.032, "Actual Total Time": 8936.589, "Actual Rows": 454183, "Actual Loops": 299838, "Index Cond": "(o_custkey = customer.c_custkey)", "Rows Removed by Index Recheck": 0, "Filter": "((o_orderdate >= '1994-01-01 00:00:00'::timestamp(0) without time zone) AND (o_orderdate < '1995-01-01 00:00:00'::timestamp without time zone))", "Rows Removed by Filter": 2542535}]}, {"Node Type": "Index Scan", "Parent Relationship": "Inner", "Scan Direction": "Forward", "Index Name": "idx_lineitem_orderkey", "Relation Name": "lineitem", "Alias": "lineitem", "Startup Cost": 0.0, "Total Cost": 3.05, "Plan Rows": 9, "Plan Width": 32, "Actual Startup Time": 4325.743, "Actual Total Time": 5284.716, "Actual Rows": 1815222, "Actual Loops": 454183, "Index Cond": "(l_orderkey = orders.o_orderkey)", "Rows Removed by Index Recheck": 0}]}, {"Node Type": "Hash", "Parent Relationship": "Inner", "Startup Cost": 5334.54, "Total Cost": 5334.54, "Plan Rows": 100000, "Plan Width": 12, "Actual Startup Time": 98.439, "Actual Total Time": 98.439, "Actual Rows": 100000, "Actual Loops": 1, "Hash Buckets": 131072, "Hash Batches": 1, "Original Hash Batches": 1, "Peak Memory Usage": 4297, "Plans": [{"Node Type": "Index Scan", "Parent Relationship": "Outer", "Scan Direction": "Forward", "Index Name": "supplier_pkey", "Relation Name": "supplier", "Alias": "supplier", "Startup Cost": 0.0, "Total Cost": 5334.54, "Plan Rows": 100000, "Plan Width": 12, "Actual Startup Time": 0.023, "Actual Total Time": 65.957, "Actual Rows": 100000, "Actual Loops": 1}]}]}]}]}, "Triggers": [], "Planner Runtime": 5.236, "Total Runtime": 16830.142, "Unique SQL Id": 1392561963}}, "(16, 102)": {"explain_plan": {"Plan": {"Node Type": "Sort", "Startup Cost": 2457247.05, "Total Cost": 2457247.11, "Plan Rows": 25, "Plan Width": 50, "Sort Key": ["(sum((lineitem.l_extendedprice * (1::double precision - lineitem.l_discount)))) DESC"], "Plans": [{"Node Type": "Aggregate", "Strategy": "Hashed", "Parent Relationship": "Outer", "Startup Cost": 2457246.22, "Total Cost": 2457246.47, "Plan Rows": 25, "Plan Width": 50, "Group By Key": ["nation.n_name"], "Plans": [{"Node Type": "Hash Join", "Parent Relationship": "Outer", "Join Type": "Inner", "Startup Cost": 104058.84, "Total Cost": 2457152.32, "Plan Rows": 9390, "Plan Width": 42, "Inner Unique": true, "Hash Cond": "((lineitem.l_suppkey = supplier.s_suppkey) AND (customer.c_nationkey = supplier.s_nationkey))", "Plans": [{"Node Type": "Nested Loop", "Parent Relationship": "Outer", "Join Type": "Inner", "Startup Cost": 99275.84, "Total Cost": 2424608.31, "Plan Rows": 3688948, "Plan Width": 58, "Inner Unique": false, "Plans": [{"Node Type": "Hash Join", "Parent Relationship": "Outer", "Join Type": "Inner", "Startup Cost": 99275.12, "Total Cost": 422539.98, "Plan Rows": 406290, "Plan Width": 42, "Inner Unique": false, "Hash Cond": "(orders.o_custkey = customer.c_custkey), (LLVM Optimized)", "Plans": [{"Node Type": "Bitmap Heap Scan", "Parent Relationship": "Outer", "Relation Name": "orders", "Alias": "orders", "Startup Cost": 58360.27, "Total Cost": 369005.64, "Plan Rows": 2281758, "Plan Width": 16, "Recheck Cond": "((o_orderdate >= '1994-01-01 00:00:00'::timestamp(0) without time zone) AND (o_orderdate < '1995-01-01 00:00:00'::timestamp without time zone)), (LLVM Optimized)", "Plans": [{"Node Type": "Bitmap Index Scan", "Parent Relationship": "Outer", "Index Name": "idx_orders_orderdate", "Startup Cost": 0.0, "Total Cost": 57789.83, "Plan Rows": 2281758, "Plan Width": 0, "Index Cond": "((o_orderdate >= '1994-01-01 00:00:00'::timestamp(0) without time zone) AND (o_orderdate < '1995-01-01 00:00:00'::timestamp without time zone))"}]}, {"Node Type": "Hash", "Parent Relationship": "Inner", "Startup Cost": 37164.85, "Total Cost": 37164.85, "Plan Rows": 300000, "Plan Width": 42, "Plans": [{"Node Type": "Nested Loop", "Parent Relationship": "Outer", "Join Type": "Inner", "Startup Cost": 1031.44, "Total Cost": 37164.85, "Plan Rows": 300000, "Plan Width": 42, "Inner Unique": false, "Plans": [{"Node Type": "Hash Join", "Parent Relationship": "Outer", "Join Type": "Inner", "Startup Cost": 1.07, "Total Cost": 2.44, "Plan Rows": 5, "Plan Width": 30, "Inner Unique": true, "Hash Cond": "(nation.n_regionkey = region.r_regionkey)", "Plans": [{"Node Type": "Seq Scan", "Parent Relationship": "Outer", "Relation Name": "nation", "Alias": "nation", "Startup Cost": 0.0, "Total Cost": 1.25, "Plan Rows": 25, "Plan Width": 34}, {"Node Type": "Hash", "Parent Relationship": "Inner", "Startup Cost": 1.06, "Total Cost": 1.06, "Plan Rows": 1, "Plan Width": 4, "Plans": [{"Node Type": "Seq Scan", "Parent Relationship": "Outer", "Relation Name": "region", "Alias": "region", "Startup Cost": 0.0, "Total Cost": 1.06, "Plan Rows": 1, "Plan Width": 4, "Filter": "(r_name = 'MIDDLE EAST'::bpchar)"}]}]}, {"Node Type": "Bitmap Heap Scan", "Parent Relationship": "Inner", "Relation Name": "customer", "Alias": "customer", "Startup Cost": 1030.37, "Total Cost": 6832.48, "Plan Rows": 60000, "Plan Width": 12, "Recheck Cond": "(c_nationkey = nation.n_nationkey)", "Plans": [{"Node Type": "Bitmap Index Scan", "Parent Relationship": "Outer", "Index Name": "idx_customer_nationkey", "Startup Cost": 0.0, "Total Cost": 1015.37, "Plan Rows": 60000, "Plan Width": 0, "Index Cond": "(c_nationkey = nation.n_nationkey)"}]}]}]}]}, {"Node Type": "Bitmap Heap Scan", "Parent Relationship": "Inner", "Relation Name": "lineitem", "Alias": "lineitem", "Startup Cost": 0.73, "Total Cost": 4.84, "Plan Rows": 9, "Plan Width": 32, "Recheck Cond": "(l_orderkey = orders.o_orderkey)", "Plans": [{"Node Type": "Bitmap Index Scan", "Parent Relationship": "Outer", "Index Name": "idx_lineitem_orderkey", "Startup Cost": 0.0, "Total Cost": 0.72, "Plan Rows": 9, "Plan Width": 0, "Index Cond": "(l_orderkey = orders.o_orderkey)"}]}]}, {"Node Type": "Hash", "Parent Relationship": "Inner", "Startup Cost": 3283.0, "Total Cost": 3283.0, "Plan Rows": 100000, "Plan Width": 12, "Plans": [{"Node Type": "Seq Scan", "Parent Relationship": "Outer", "Relation Name": "supplier", "Alias": "supplier", "Startup Cost": 0.0, "Total Cost": 3283.0, "Plan Rows": 100000, "Plan Width": 12}]}]}]}]}, "Unique SQL Id": 1392561963}, "explain_analyze_plan": {"Plan": {"Node Type": "Sort", "Startup Cost": 2457247.05, "Total Cost": 2457247.11, "Plan Rows": 25, "Plan Width": 50, "Actual Startup Time": 10231.164, "Actual Total Time": 10231.165, "Actual Rows": 5, "Actual Loops": 1, "Sort Key": ["(sum((lineitem.l_extendedprice * (1::double precision - lineitem.l_discount)))) DESC"], "Sort Method": "quicksort", "Sort Space Used": 25, "Sort Space Type": "Memory", "Plans": [{"Node Type": "Aggregate", "Strategy": "Hashed", "Parent Relationship": "Outer", "Startup Cost": 2457246.22, "Total Cost": 2457246.47, "Plan Rows": 25, "Plan Width": 50, "Actual Startup Time": 10231.139, "Actual Total Time": 10231.139, "Actual Rows": 5, "Actual Loops": 1, "Group By Key": ["nation.n_name"], "Plans": [{"Node Type": "Hash Join", "Parent Relationship": "Outer", "Join Type": "Inner", "Startup Cost": 104058.84, "Total Cost": 2457152.32, "Plan Rows": 9390, "Plan Width": 42, "Actual Startup Time": 1455.675, "Actual Total Time": 10153.26, "Actual Rows": 72985, "Actual Loops": 1, "Inner Unique": true, "Hash Cond": "((lineitem.l_suppkey = supplier.s_suppkey) AND (customer.c_nationkey = supplier.s_nationkey))", "Plans": [{"Node Type": "Nested Loop", "Parent Relationship": "Outer", "Join Type": "Inner", "Startup Cost": 99275.84, "Total Cost": 2424608.31, "Plan Rows": 3688948, "Plan Width": 58, "Actual Startup Time": 1388.075, "Actual Total Time": 9340.13, "Actual Rows": 1815222, "Actual Loops": 1, "Inner Unique": false, "Plans": [{"Node Type": "Hash Join", "Parent Relationship": "Outer", "Join Type": "Inner", "Startup Cost": 99275.12, "Total Cost": 422539.98, "Plan Rows": 406290, "Plan Width": 42, "Actual Startup Time": 1388.007, "Actual Total Time": 4342.76, "Actual Rows": 454183, "Actual Loops": 1, "Inner Unique": false, "Hash Cond": "(orders.o_custkey = customer.c_custkey), (LLVM Optimized, Jit Execute)", "Plans": [{"Node Type": "Bitmap Heap Scan", "Parent Relationship": "Outer", "Relation Name": "orders", "Alias": "orders", "Startup Cost": 58360.27, "Total Cost": 369005.64, "Plan Rows": 2281758, "Plan Width": 16, "Actual Startup Time": 652.124, "Actual Total Time": 2433.376, "Actual Rows": 2275919, "Actual Loops": 1, "Recheck Cond": "((o_orderdate >= '1994-01-01 00:00:00'::timestamp(0) without time zone) AND (o_orderdate < '1995-01-01 00:00:00'::timestamp without time zone)), (LLVM Optimized, Jit Execute)", "Rows Removed by Index Recheck": 0, "Exact Heap Blocks": 276381, "Lossy Heap Blocks": 276381, "Plans": [{"Node Type": "Bitmap Index Scan", "Parent Relationship": "Outer", "Index Name": "idx_orders_orderdate", "Startup Cost": 0.0, "Total Cost": 57789.83, "Plan Rows": 2281758, "Plan Width": 0, "Actual Startup Time": 563.826, "Actual Total Time": 563.826, "Actual Rows": 2275919, "Actual Loops": 1, "Index Cond": "((o_orderdate >= '1994-01-01 00:00:00'::timestamp(0) without time zone) AND (o_orderdate < '1995-01-01 00:00:00'::timestamp without time zone))"}]}, {"Node Type": "Hash", "Parent Relationship": "Inner", "Startup Cost": 37164.85, "Total Cost": 37164.85, "Plan Rows": 300000, "Plan Width": 42, "Actual Startup Time": 735.466, "Actual Total Time": 735.466, "Actual Rows": 299838, "Actual Loops": 1, "Hash Buckets": 524288, "Hash Batches": 1, "Original Hash Batches": 1, "Peak Memory Usage": 22254, "Plans": [{"Node Type": "Nested Loop", "Parent Relationship": "Outer", "Join Type": "Inner", "Startup Cost": 1031.44, "Total Cost": 37164.85, "Plan Rows": 300000, "Plan Width": 42, "Actual Startup Time": 18.112, "Actual Total Time": 616.312, "Actual Rows": 299838, "Actual Loops": 1, "Inner Unique": false, "Plans": [{"Node Type": "Hash Join", "Parent Relationship": "Outer", "Join Type": "Inner", "Startup Cost": 1.07, "Total Cost": 2.44, "Plan Rows": 5, "Plan Width": 30, "Actual Startup Time": 0.092, "Actual Total Time": 0.166, "Actual Rows": 5, "Actual Loops": 1, "Inner Unique": true, "Hash Cond": "(nation.n_regionkey = region.r_regionkey)", "Plans": [{"Node Type": "Seq Scan", "Parent Relationship": "Outer", "Relation Name": "nation", "Alias": "nation", "Startup Cost": 0.0, "Total Cost": 1.25, "Plan Rows": 25, "Plan Width": 34, "Actual Startup Time": 0.024, "Actual Total Time": 0.046, "Actual Rows": 25, "Actual Loops": 1}, {"Node Type": "Hash", "Parent Relationship": "Inner", "Startup Cost": 1.06, "Total Cost": 1.06, "Plan Rows": 1, "Plan Width": 4, "Actual Startup Time": 0.026, "Actual Total Time": 0.026, "Actual Rows": 1, "Actual Loops": 1, "Hash Buckets": 32768, "Hash Batches": 1, "Original Hash Batches": 1, "Peak Memory Usage": 1, "Plans": [{"Node Type": "Seq Scan", "Parent Relationship": "Outer", "Relation Name": "region", "Alias": "region", "Startup Cost": 0.0, "Total Cost": 1.06, "Plan Rows": 1, "Plan Width": 4, "Actual Startup Time": 0.021, "Actual Total Time": 0.022, "Actual Rows": 1, "Actual Loops": 1, "Filter": "(r_name = 'MIDDLE EAST'::bpchar)", "Rows Removed by Filter": 4}]}]}, {"Node Type": "Bitmap Heap Scan", "Parent Relationship": "Inner", "Relation Name": "customer", "Alias": "customer", "Startup Cost": 1030.37, "Total Cost": 6832.48, "Plan Rows": 60000, "Plan Width": 12, "Actual Startup Time": 90.805, "Actual Total Time": 547.481, "Actual Rows": 299838, "Actual Loops": 5, "Recheck Cond": "(c_nationkey = nation.n_nationkey)", "Rows Removed by Index Recheck": 0, "Exact Heap Blocks": 150033, "Lossy Heap Blocks": 150033, "Plans": [{"Node Type": "Bitmap Index Scan", "Parent Relationship": "Outer", "Index Name": "idx_customer_nationkey", "Startup Cost": 0.0, "Total Cost": 1015.37, "Plan Rows": 60000, "Plan Width": 0, "Actual Startup Time": 57.791, "Actual Total Time": 57.791, "Actual Rows": 299838, "Actual Loops": 5, "Index Cond": "(c_nationkey = nation.n_nationkey)"}]}]}]}]}, {"Node Type": "Bitmap Heap Scan", "Parent Relationship": "Inner", "Relation Name": "lineitem", "Alias": "lineitem", "Startup Cost": 0.73, "Total Cost": 4.84, "Plan Rows": 9, "Plan Width": 32, "Actual Startup Time": 3758.685, "Actual Total Time": 4076.579, "Actual Rows": 1815222, "Actual Loops": 454183, "Recheck Cond": "(l_orderkey = orders.o_orderkey)", "Rows Removed by Index Recheck": 0, "Exact Heap Blocks": 486530, "Lossy Heap Blocks": 486530, "Plans": [{"Node Type": "Bitmap Index Scan", "Parent Relationship": "Outer", "Index Name": "idx_lineitem_orderkey", "Startup Cost": 0.0, "Total Cost": 0.72, "Plan Rows": 9, "Plan Width": 0, "Actual Startup Time": 2087.51, "Actual Total Time": 2087.51, "Actual Rows": 1815222, "Actual Loops": 454183, "Index Cond": "(l_orderkey = orders.o_orderkey)"}]}]}, {"Node Type": "Hash", "Parent Relationship": "Inner", "Startup Cost": 3283.0, "Total Cost": 3283.0, "Plan Rows": 100000, "Plan Width": 12, "Actual Startup Time": 67.446, "Actual Total Time": 67.446, "Actual Rows": 100000, "Actual Loops": 1, "Hash Buckets": 131072, "Hash Batches": 1, "Original Hash Batches": 1, "Peak Memory Usage": 4297, "Plans": [{"Node Type": "Seq Scan", "Parent Relationship": "Outer", "Relation Name": "supplier", "Alias": "supplier", "Startup Cost": 0.0, "Total Cost": 3283.0, "Plan Rows": 100000, "Plan Width": 12, "Actual Startup Time": 0.022, "Actual Total Time": 36.695, "Actual Rows": 100000, "Actual Loops": 1}]}]}]}]}, "Triggers": [], "Planner Runtime": 8.833, "Total Runtime": 10241.237, "Unique SQL Id": 1392561963}}, "(16, 103)": {"explain_plan": {"Plan": {"Node Type": "Sort", "Startup Cost": 46003135.57, "Total Cost": 46003135.63, "Plan Rows": 25, "Plan Width": 50, "Sort Key": ["(sum((lineitem.l_extendedprice * (1::double precision - lineitem.l_discount)))) DESC"], "Plans": [{"Node Type": "Aggregate", "Strategy": "Hashed", "Parent Relationship": "Outer", "Startup Cost": 46003134.74, "Total Cost": 46003134.99, "Plan Rows": 25, "Plan Width": 50, "Group By Key": ["nation.n_name"], "Plans": [{"Node Type": "Nested Loop", "Parent Relationship": "Outer", "Join Type": "Inner", "Startup Cost": 58362.35, "Total Cost": 46003040.84, "Plan Rows": 9390, "Plan Width": 42, "Inner Unique": true, "Join Filter": "(customer.c_nationkey = supplier.s_nationkey)", "Plans": [{"Node Type": "Nested Loop", "Parent Relationship": "Outer", "Join Type": "Inner", "Startup Cost": 58362.1, "Total Cost": 30204103.6, "Plan Rows": 3688948, "Plan Width": 58, "Inner Unique": false, "Plans": [{"Node Type": "Nested Loop", "Parent Relationship": "Outer", "Join Type": "Inner", "Startup Cost": 58361.37, "Total Cost": 28202035.27, "Plan Rows": 406290, "Plan Width": 42, "Inner Unique": true, "Plans": [{"Node Type": "Nested Loop", "Parent Relationship": "Outer", "Join Type": "Inner", "Startup Cost": 58360.79, "Total Cost": 18851769.58, "Plan Rows": 2031452, "Plan Width": 46, "Inner Unique": true, "Plans": [{"Node Type": "Nested Loop", "Parent Relationship": "Outer", "Join Type": "Inner", "Startup Cost": 58360.54, "Total Cost": 10156636.32, "Plan Rows": 2031452, "Plan Width": 12, "Inner Unique": true, "Plans": [{"Node Type": "Bitmap Heap Scan", "Parent Relationship": "Outer", "Relation Name": "orders", "Alias": "orders", "Startup Cost": 58360.27, "Total Cost": 369005.64, "Plan Rows": 2281758, "Plan Width": 16, "Recheck Cond": "((o_orderdate >= '1994-01-01 00:00:00'::timestamp(0) without time zone) AND (o_orderdate < '1995-01-01 00:00:00'::timestamp without time zone)), (LLVM Optimized)", "Plans": [{"Node Type": "Bitmap Index Scan", "Parent Relationship": "Outer", "Index Name": "idx_orders_orderdate", "Startup Cost": 0.0, "Total Cost": 57789.83, "Plan Rows": 2281758, "Plan Width": 0, "Index Cond": "((o_orderdate >= '1994-01-01 00:00:00'::timestamp(0) without time zone) AND (o_orderdate < '1995-01-01 00:00:00'::timestamp without time zone))"}]}, {"Node Type": "Bitmap Heap Scan", "Parent Relationship": "Inner", "Relation Name": "customer", "Alias": "customer", "Startup Cost": 0.27, "Total Cost": 4.28, "Plan Rows": 1, "Plan Width": 12, "Recheck Cond": "(c_custkey = orders.o_custkey)", "Plans": [{"Node Type": "Bitmap Index Scan", "Parent Relationship": "Outer", "Index Name": "customer_pkey", "Startup Cost": 0.0, "Total Cost": 0.27, "Plan Rows": 1, "Plan Width": 0, "Index Cond": "(c_custkey = orders.o_custkey)"}]}]}, {"Node Type": "Bitmap Heap Scan", "Parent Relationship": "Inner", "Relation Name": "nation", "Alias": "nation", "Startup Cost": 0.26, "Total Cost": 4.27, "Plan Rows": 1, "Plan Width": 34, "Recheck Cond": "(n_nationkey = customer.c_nationkey)", "Plans": [{"Node Type": "Bitmap Index Scan", "Parent Relationship": "Outer", "Index Name": "nation_pkey", "Startup Cost": 0.0, "Total Cost": 0.26, "Plan Rows": 1, "Plan Width": 0, "Index Cond": "(n_nationkey = customer.c_nationkey)"}]}]}, {"Node Type": "Bitmap Heap Scan", "Parent Relationship": "Inner", "Relation Name": "region", "Alias": "region", "Startup Cost": 0.58, "Total Cost": 4.59, "Plan Rows": 1, "Plan Width": 4, "Recheck Cond": "(r_regionkey = nation.n_regionkey)", "Filter": "(r_name = 'MIDDLE EAST'::bpchar)", "Plans": [{"Node Type": "Bitmap Index Scan", "Parent Relationship": "Outer", "Index Name": "region_pkey", "Startup Cost": 0.0, "Total Cost": 0.58, "Plan Rows": 1, "Plan Width": 0, "Index Cond": "(r_regionkey = nation.n_regionkey)"}]}]}, {"Node Type": "Bitmap Heap Scan", "Parent Relationship": "Inner", "Relation Name": "lineitem", "Alias": "lineitem", "Startup Cost": 0.73, "Total Cost": 4.84, "Plan Rows": 9, "Plan Width": 32, "Recheck Cond": "(l_orderkey = orders.o_orderkey)", "Plans": [{"Node Type": "Bitmap Index Scan", "Parent Relationship": "Outer", "Index Name": "idx_lineitem_orderkey", "Startup Cost": 0.0, "Total Cost": 0.72, "Plan Rows": 9, "Plan Width": 0, "Index Cond": "(l_orderkey = orders.o_orderkey)"}]}]}, {"Node Type": "Bitmap Heap Scan", "Parent Relationship": "Inner", "Relation Name": "supplier", "Alias": "supplier", "Startup Cost": 0.26, "Total Cost": 4.27, "Plan Rows": 1, "Plan Width": 12, "Recheck Cond": "(s_suppkey = lineitem.l_suppkey)", "Plans": [{"Node Type": "Bitmap Index Scan", "Parent Relationship": "Outer", "Index Name": "supplier_pkey", "Startup Cost": 0.0, "Total Cost": 0.26, "Plan Rows": 1, "Plan Width": 0, "Index Cond": "(s_suppkey = lineitem.l_suppkey)"}]}]}]}]}, "Unique SQL Id": 1392561963}, "explain_analyze_plan": null}, "(16, 104)": {"explain_plan": {"Plan": {"Node Type": "Sort", "Startup Cost": 1725085.77, "Total Cost": 1725085.83, "Plan Rows": 25, "Plan Width": 50, "Sort Key": ["(sum((lineitem.l_extendedprice * (1::double precision - lineitem.l_discount)))) DESC"], "Plans": [{"Node Type": "Aggregate", "Strategy": "Hashed", "Parent Relationship": "Outer", "Startup Cost": 1725084.93, "Total Cost": 1725085.18, "Plan Rows": 25, "Plan Width": 50, "Group By Key": ["nation.n_name"], "Plans": [{"Node Type": "Hash Join", "Parent Relationship": "Outer", "Join Type": "Inner", "Startup Cost": 4783.0, "Total Cost": 1724991.03, "Plan Rows": 9390, "Plan Width": 42, "Inner Unique": true, "Hash Cond": "((lineitem.l_suppkey = supplier.s_suppkey) AND (customer.c_nationkey = supplier.s_nationkey))", "Plans": [{"Node Type": "Nested Loop", "Parent Relationship": "Outer", "Join Type": "Inner", "Startup Cost": 0.0, "Total Cost": 1692447.02, "Plan Rows": 3688948, "Plan Width": 58, "Inner Unique": false, "Plans": [{"Node Type": "Nested Loop", "Parent Relationship": "Outer", "Join Type": "Inner", "Startup Cost": 0.0, "Total Cost": 416652.61, "Plan Rows": 406290, "Plan Width": 42, "Inner Unique": false, "Plans": [{"Node Type": "Nested Loop", "Parent Relationship": "Outer", "Join Type": "Inner", "Startup Cost": 0.0, "Total Cost": 41543.81, "Plan Rows": 300000, "Plan Width": 42, "Inner Unique": false, "Plans": [{"Node Type": "Nested Loop", "Parent Relationship": "Outer", "Join Type": "Inner", "Startup Cost": 0.0, "Total Cost": 31.69, "Plan Rows": 5, "Plan Width": 30, "Inner Unique": true, "Plans": [{"Node Type": "Index Scan", "Parent Relationship": "Outer", "Scan Direction": "Forward", "Index Name": "nation_pkey", "Relation Name": "nation", "Alias": "nation", "Startup Cost": 0.0, "Total Cost": 12.62, "Plan Rows": 25, "Plan Width": 34}, {"Node Type": "Index Scan", "Parent Relationship": "Inner", "Scan Direction": "Forward", "Index Name": "region_pkey", "Relation Name": "region", "Alias": "region", "Startup Cost": 0.0, "Total Cost": 0.75, "Plan Rows": 1, "Plan Width": 4, "Index Cond": "(r_regionkey = nation.n_regionkey)", "Filter": "(r_name = 'MIDDLE EAST'::bpchar)"}]}, {"Node Type": "Index Scan", "Parent Relationship": "Inner", "Scan Direction": "Forward", "Index Name": "idx_customer_nationkey", "Relation Name": "customer", "Alias": "customer", "Startup Cost": 0.0, "Total Cost": 7702.43, "Plan Rows": 60000, "Plan Width": 12, "Index Cond": "(c_nationkey = nation.n_nationkey)"}]}, {"Node Type": "Index Scan", "Parent Relationship": "Inner", "Scan Direction": "Forward", "Index Name": "idx_orders_custkey", "Relation Name": "orders", "Alias": "orders", "Startup Cost": 0.0, "Total Cost": 1.24, "Plan Rows": 1, "Plan Width": 16, "Index Cond": "(o_custkey = customer.c_custkey)", "Filter": "((o_orderdate >= '1994-01-01 00:00:00'::timestamp(0) without time zone) AND (o_orderdate < '1995-01-01 00:00:00'::timestamp without time zone))"}]}, {"Node Type": "Index Scan", "Parent Relationship": "Inner", "Scan Direction": "Forward", "Index Name": "idx_lineitem_orderkey", "Relation Name": "lineitem", "Alias": "lineitem", "Startup Cost": 0.0, "Total Cost": 3.05, "Plan Rows": 9, "Plan Width": 32, "Index Cond": "(l_orderkey = orders.o_orderkey)"}]}, {"Node Type": "Hash", "Parent Relationship": "Inner", "Startup Cost": 3283.0, "Total Cost": 3283.0, "Plan Rows": 100000, "Plan Width": 12, "Plans": [{"Node Type": "Seq Scan", "Parent Relationship": "Outer", "Relation Name": "supplier", "Alias": "supplier", "Startup Cost": 0.0, "Total Cost": 3283.0, "Plan Rows": 100000, "Plan Width": 12}]}]}]}]}, "Unique SQL Id": 1392561963}, "explain_analyze_plan": {"Plan": {"Node Type": "Sort", "Startup Cost": 1725085.77, "Total Cost": 1725085.83, "Plan Rows": 25, "Plan Width": 50, "Actual Startup Time": 16700.716, "Actual Total Time": 16700.716, "Actual Rows": 5, "Actual Loops": 1, "Sort Key": ["(sum((lineitem.l_extendedprice * (1::double precision - lineitem.l_discount)))) DESC"], "Sort Method": "quicksort", "Sort Space Used": 25, "Sort Space Type": "Memory", "Plans": [{"Node Type": "Aggregate", "Strategy": "Hashed", "Parent Relationship": "Outer", "Startup Cost": 1725084.93, "Total Cost": 1725085.18, "Plan Rows": 25, "Plan Width": 50, "Actual Startup Time": 16700.685, "Actual Total Time": 16700.687, "Actual Rows": 5, "Actual Loops": 1, "Group By Key": ["nation.n_name"], "Plans": [{"Node Type": "Hash Join", "Parent Relationship": "Outer", "Join Type": "Inner", "Startup Cost": 4783.0, "Total Cost": 1724991.03, "Plan Rows": 9390, "Plan Width": 42, "Actual Startup Time": 67.894, "Actual Total Time": 16622.626, "Actual Rows": 72985, "Actual Loops": 1, "Inner Unique": true, "Hash Cond": "((lineitem.l_suppkey = supplier.s_suppkey) AND (customer.c_nationkey = supplier.s_nationkey))", "Plans": [{"Node Type": "Nested Loop", "Parent Relationship": "Outer", "Join Type": "Inner", "Startup Cost": 0.0, "Total Cost": 1692447.02, "Plan Rows": 3688948, "Plan Width": 58, "Actual Startup Time": 0.146, "Actual Total Time": 15701.711, "Actual Rows": 1815222, "Actual Loops": 1, "Inner Unique": false, "Plans": [{"Node Type": "Nested Loop", "Parent Relationship": "Outer", "Join Type": "Inner", "Startup Cost": 0.0, "Total Cost": 416652.61, "Plan Rows": 406290, "Plan Width": 42, "Actual Startup Time": 0.127, "Actual Total Time": 9837.513, "Actual Rows": 454183, "Actual Loops": 1, "Inner Unique": false, "Plans": [{"Node Type": "Nested Loop", "Parent Relationship": "Outer", "Join Type": "Inner", "Startup Cost": 0.0, "Total Cost": 41543.81, "Plan Rows": 300000, "Plan Width": 42, "Actual Startup Time": 0.072, "Actual Total Time": 532.033, "Actual Rows": 299838, "Actual Loops": 1, "Inner Unique": false, "Plans": [{"Node Type": "Nested Loop", "Parent Relationship": "Outer", "Join Type": "Inner", "Startup Cost": 0.0, "Total Cost": 31.69, "Plan Rows": 5, "Plan Width": 30, "Actual Startup Time": 0.045, "Actual Total Time": 0.19, "Actual Rows": 5, "Actual Loops": 1, "Inner Unique": true, "Plans": [{"Node Type": "Index Scan", "Parent Relationship": "Outer", "Scan Direction": "Forward", "Index Name": "nation_pkey", "Relation Name": "nation", "Alias": "nation", "Startup Cost": 0.0, "Total Cost": 12.62, "Plan Rows": 25, "Plan Width": 34, "Actual Startup Time": 0.013, "Actual Total Time": 0.041, "Actual Rows": 25, "Actual Loops": 1}, {"Node Type": "Index Scan", "Parent Relationship": "Inner", "Scan Direction": "Forward", "Index Name": "region_pkey", "Relation Name": "region", "Alias": "region", "Startup Cost": 0.0, "Total Cost": 0.75, "Plan Rows": 1, "Plan Width": 4, "Actual Startup Time": 0.099, "Actual Total Time": 0.099, "Actual Rows": 5, "Actual Loops": 25, "Index Cond": "(r_regionkey = nation.n_regionkey)", "Rows Removed by Index Recheck": 0, "Filter": "(r_name = 'MIDDLE EAST'::bpchar)", "Rows Removed by Filter": 20}]}, {"Node Type": "Index Scan", "Parent Relationship": "Inner", "Scan Direction": "Forward", "Index Name": "idx_customer_nationkey", "Relation Name": "customer", "Alias": "customer", "Startup Cost": 0.0, "Total Cost": 7702.43, "Plan Rows": 60000, "Plan Width": 12, "Actual Startup Time": 0.157, "Actual Total Time": 446.471, "Actual Rows": 299838, "Actual Loops": 5, "Index Cond": "(c_nationkey = nation.n_nationkey)", "Rows Removed by Index Recheck": 0}]}, {"Node Type": "Index Scan", "Parent Relationship": "Inner", "Scan Direction": "Forward", "Index Name": "idx_orders_custkey", "Relation Name": "orders", "Alias": "orders", "Startup Cost": 0.0, "Total Cost": 1.24, "Plan Rows": 1, "Plan Width": 16, "Actual Startup Time": 4201.905, "Actual Total Time": 9042.186, "Actual Rows": 454183, "Actual Loops": 299838, "Index Cond": "(o_custkey = customer.c_custkey)", "Rows Removed by Index Recheck": 0, "Filter": "((o_orderdate >= '1994-01-01 00:00:00'::timestamp(0) without time zone) AND (o_orderdate < '1995-01-01 00:00:00'::timestamp without time zone))", "Rows Removed by Filter": 2542535}]}, {"Node Type": "Index Scan", "Parent Relationship": "Inner", "Scan Direction": "Forward", "Index Name": "idx_lineitem_orderkey", "Relation Name": "lineitem", "Alias": "lineitem", "Startup Cost": 0.0, "Total Cost": 3.05, "Plan Rows": 9, "Plan Width": 32, "Actual Startup Time": 4274.874, "Actual Total Time": 5221.193, "Actual Rows": 1815222, "Actual Loops": 454183, "Index Cond": "(l_orderkey = orders.o_orderkey)", "Rows Removed by Index Recheck": 0}]}, {"Node Type": "Hash", "Parent Relationship": "Inner", "Startup Cost": 3283.0, "Total Cost": 3283.0, "Plan Rows": 100000, "Plan Width": 12, "Actual Startup Time": 67.503, "Actual Total Time": 67.503, "Actual Rows": 100000, "Actual Loops": 1, "Hash Buckets": 131072, "Hash Batches": 1, "Original Hash Batches": 1, "Peak Memory Usage": 4297, "Plans": [{"Node Type": "Seq Scan", "Parent Relationship": "Outer", "Relation Name": "supplier", "Alias": "supplier", "Startup Cost": 0.0, "Total Cost": 3283.0, "Plan Rows": 100000, "Plan Width": 12, "Actual Startup Time": 0.017, "Actual Total Time": 36.638, "Actual Rows": 100000, "Actual Loops": 1}]}]}]}]}, "Triggers": [], "Planner Runtime": 9.014, "Total Runtime": 16701.039, "Unique SQL Id": 1392561963}}, "(16, 105)": {"explain_plan": {"Plan": {"Node Type": "Sort", "Startup Cost": 1727137.31, "Total Cost": 1727137.37, "Plan Rows": 25, "Plan Width": 50, "Sort Key": ["(sum((lineitem.l_extendedprice * (1::double precision - lineitem.l_discount)))) DESC"], "Plans": [{"Node Type": "Aggregate", "Strategy": "Hashed", "Parent Relationship": "Outer", "Startup Cost": 1727136.48, "Total Cost": 1727136.73, "Plan Rows": 25, "Plan Width": 50, "Group By Key": ["nation.n_name"], "Plans": [{"Node Type": "Hash Join", "Parent Relationship": "Outer", "Join Type": "Inner", "Startup Cost": 6834.54, "Total Cost": 1727042.58, "Plan Rows": 9390, "Plan Width": 42, "Inner Unique": true, "Hash Cond": "((lineitem.l_suppkey = supplier.s_suppkey) AND (customer.c_nationkey = supplier.s_nationkey))", "Plans": [{"Node Type": "Nested Loop", "Parent Relationship": "Outer", "Join Type": "Inner", "Startup Cost": 0.0, "Total Cost": 1692447.02, "Plan Rows": 3688948, "Plan Width": 58, "Inner Unique": false, "Plans": [{"Node Type": "Nested Loop", "Parent Relationship": "Outer", "Join Type": "Inner", "Startup Cost": 0.0, "Total Cost": 416652.61, "Plan Rows": 406290, "Plan Width": 42, "Inner Unique": false, "Plans": [{"Node Type": "Nested Loop", "Parent Relationship": "Outer", "Join Type": "Inner", "Startup Cost": 0.0, "Total Cost": 41543.81, "Plan Rows": 300000, "Plan Width": 42, "Inner Unique": false, "Plans": [{"Node Type": "Nested Loop", "Parent Relationship": "Outer", "Join Type": "Inner", "Startup Cost": 0.0, "Total Cost": 31.69, "Plan Rows": 5, "Plan Width": 30, "Inner Unique": true, "Plans": [{"Node Type": "Index Scan", "Parent Relationship": "Outer", "Scan Direction": "Forward", "Index Name": "nation_pkey", "Relation Name": "nation", "Alias": "nation", "Startup Cost": 0.0, "Total Cost": 12.62, "Plan Rows": 25, "Plan Width": 34}, {"Node Type": "Index Scan", "Parent Relationship": "Inner", "Scan Direction": "Forward", "Index Name": "region_pkey", "Relation Name": "region", "Alias": "region", "Startup Cost": 0.0, "Total Cost": 0.75, "Plan Rows": 1, "Plan Width": 4, "Index Cond": "(r_regionkey = nation.n_regionkey)", "Filter": "(r_name = 'MIDDLE EAST'::bpchar)"}]}, {"Node Type": "Index Scan", "Parent Relationship": "Inner", "Scan Direction": "Forward", "Index Name": "idx_customer_nationkey", "Relation Name": "customer", "Alias": "customer", "Startup Cost": 0.0, "Total Cost": 7702.43, "Plan Rows": 60000, "Plan Width": 12, "Index Cond": "(c_nationkey = nation.n_nationkey)"}]}, {"Node Type": "Index Scan", "Parent Relationship": "Inner", "Scan Direction": "Forward", "Index Name": "idx_orders_custkey", "Relation Name": "orders", "Alias": "orders", "Startup Cost": 0.0, "Total Cost": 1.24, "Plan Rows": 1, "Plan Width": 16, "Index Cond": "(o_custkey = customer.c_custkey)", "Filter": "((o_orderdate >= '1994-01-01 00:00:00'::timestamp(0) without time zone) AND (o_orderdate < '1995-01-01 00:00:00'::timestamp without time zone))"}]}, {"Node Type": "Index Scan", "Parent Relationship": "Inner", "Scan Direction": "Forward", "Index Name": "idx_lineitem_orderkey", "Relation Name": "lineitem", "Alias": "lineitem", "Startup Cost": 0.0, "Total Cost": 3.05, "Plan Rows": 9, "Plan Width": 32, "Index Cond": "(l_orderkey = orders.o_orderkey)"}]}, {"Node Type": "Hash", "Parent Relationship": "Inner", "Startup Cost": 5334.54, "Total Cost": 5334.54, "Plan Rows": 100000, "Plan Width": 12, "Plans": [{"Node Type": "Index Scan", "Parent Relationship": "Outer", "Scan Direction": "Forward", "Index Name": "supplier_pkey", "Relation Name": "supplier", "Alias": "supplier", "Startup Cost": 0.0, "Total Cost": 5334.54, "Plan Rows": 100000, "Plan Width": 12}]}]}]}]}, "Unique SQL Id": 1392561963}, "explain_analyze_plan": {"Plan": {"Node Type": "Sort", "Startup Cost": 1727137.31, "Total Cost": 1727137.37, "Plan Rows": 25, "Plan Width": 50, "Actual Startup Time": 16836.443, "Actual Total Time": 16836.444, "Actual Rows": 5, "Actual Loops": 1, "Sort Key": ["(sum((lineitem.l_extendedprice * (1::double precision - lineitem.l_discount)))) DESC"], "Sort Method": "quicksort", "Sort Space Used": 25, "Sort Space Type": "Memory", "Plans": [{"Node Type": "Aggregate", "Strategy": "Hashed", "Parent Relationship": "Outer", "Startup Cost": 1727136.48, "Total Cost": 1727136.73, "Plan Rows": 25, "Plan Width": 50, "Actual Startup Time": 16836.409, "Actual Total Time": 16836.411, "Actual Rows": 5, "Actual Loops": 1, "Group By Key": ["nation.n_name"], "Plans": [{"Node Type": "Hash Join", "Parent Relationship": "Outer", "Join Type": "Inner", "Startup Cost": 6834.54, "Total Cost": 1727042.58, "Plan Rows": 9390, "Plan Width": 42, "Actual Startup Time": 98.747, "Actual Total Time": 16757.045, "Actual Rows": 72985, "Actual Loops": 1, "Inner Unique": true, "Hash Cond": "((lineitem.l_suppkey = supplier.s_suppkey) AND (customer.c_nationkey = supplier.s_nationkey))", "Plans": [{"Node Type": "Nested Loop", "Parent Relationship": "Outer", "Join Type": "Inner", "Startup Cost": 0.0, "Total Cost": 1692447.02, "Plan Rows": 3688948, "Plan Width": 58, "Actual Startup Time": 0.153, "Actual Total Time": 15796.061, "Actual Rows": 1815222, "Actual Loops": 1, "Inner Unique": false, "Plans": [{"Node Type": "Nested Loop", "Parent Relationship": "Outer", "Join Type": "Inner", "Startup Cost": 0.0, "Total Cost": 416652.61, "Plan Rows": 406290, "Plan Width": 42, "Actual Startup Time": 0.131, "Actual Total Time": 9890.112, "Actual Rows": 454183, "Actual Loops": 1, "Inner Unique": false, "Plans": [{"Node Type": "Nested Loop", "Parent Relationship": "Outer", "Join Type": "Inner", "Startup Cost": 0.0, "Total Cost": 41543.81, "Plan Rows": 300000, "Plan Width": 42, "Actual Startup Time": 0.073, "Actual Total Time": 525.868, "Actual Rows": 299838, "Actual Loops": 1, "Inner Unique": false, "Plans": [{"Node Type": "Nested Loop", "Parent Relationship": "Outer", "Join Type": "Inner", "Startup Cost": 0.0, "Total Cost": 31.69, "Plan Rows": 5, "Plan Width": 30, "Actual Startup Time": 0.046, "Actual Total Time": 0.204, "Actual Rows": 5, "Actual Loops": 1, "Inner Unique": true, "Plans": [{"Node Type": "Index Scan", "Parent Relationship": "Outer", "Scan Direction": "Forward", "Index Name": "nation_pkey", "Relation Name": "nation", "Alias": "nation", "Startup Cost": 0.0, "Total Cost": 12.62, "Plan Rows": 25, "Plan Width": 34, "Actual Startup Time": 0.014, "Actual Total Time": 0.042, "Actual Rows": 25, "Actual Loops": 1}, {"Node Type": "Index Scan", "Parent Relationship": "Inner", "Scan Direction": "Forward", "Index Name": "region_pkey", "Relation Name": "region", "Alias": "region", "Startup Cost": 0.0, "Total Cost": 0.75, "Plan Rows": 1, "Plan Width": 4, "Actual Startup Time": 0.103, "Actual Total Time": 0.103, "Actual Rows": 5, "Actual Loops": 25, "Index Cond": "(r_regionkey = nation.n_regionkey)", "Rows Removed by Index Recheck": 0, "Filter": "(r_name = 'MIDDLE EAST'::bpchar)", "Rows Removed by Filter": 20}]}, {"Node Type": "Index Scan", "Parent Relationship": "Inner", "Scan Direction": "Forward", "Index Name": "idx_customer_nationkey", "Relation Name": "customer", "Alias": "customer", "Startup Cost": 0.0, "Total Cost": 7702.43, "Plan Rows": 60000, "Plan Width": 12, "Actual Startup Time": 0.187, "Actual Total Time": 443.656, "Actual Rows": 299838, "Actual Loops": 5, "Index Cond": "(c_nationkey = nation.n_nationkey)", "Rows Removed by Index Recheck": 0}]}, {"Node Type": "Index Scan", "Parent Relationship": "Inner", "Scan Direction": "Forward", "Index Name": "idx_orders_custkey", "Relation Name": "orders", "Alias": "orders", "Startup Cost": 0.0, "Total Cost": 1.24, "Plan Rows": 1, "Plan Width": 16, "Actual Startup Time": 4230.273, "Actual Total Time": 9102.493, "Actual Rows": 454183, "Actual Loops": 299838, "Index Cond": "(o_custkey = customer.c_custkey)", "Rows Removed by Index Recheck": 0, "Filter": "((o_orderdate >= '1994-01-01 00:00:00'::timestamp(0) without time zone) AND (o_orderdate < '1995-01-01 00:00:00'::timestamp without time zone))", "Rows Removed by Filter": 2542535}]}, {"Node Type": "Index Scan", "Parent Relationship": "Inner", "Scan Direction": "Forward", "Index Name": "idx_lineitem_orderkey", "Relation Name": "lineitem", "Alias": "lineitem", "Startup Cost": 0.0, "Total Cost": 3.05, "Plan Rows": 9, "Plan Width": 32, "Actual Startup Time": 4308.503, "Actual Total Time": 5258.114, "Actual Rows": 1815222, "Actual Loops": 454183, "Index Cond": "(l_orderkey = orders.o_orderkey)", "Rows Removed by Index Recheck": 0}]}, {"Node Type": "Hash", "Parent Relationship": "Inner", "Startup Cost": 5334.54, "Total Cost": 5334.54, "Plan Rows": 100000, "Plan Width": 12, "Actual Startup Time": 98.359, "Actual Total Time": 98.359, "Actual Rows": 100000, "Actual Loops": 1, "Hash Buckets": 131072, "Hash Batches": 1, "Original Hash Batches": 1, "Peak Memory Usage": 4297, "Plans": [{"Node Type": "Index Scan", "Parent Relationship": "Outer", "Scan Direction": "Forward", "Index Name": "supplier_pkey", "Relation Name": "supplier", "Alias": "supplier", "Startup Cost": 0.0, "Total Cost": 5334.54, "Plan Rows": 100000, "Plan Width": 12, "Actual Startup Time": 0.019, "Actual Total Time": 66.392, "Actual Rows": 100000, "Actual Loops": 1}]}]}]}]}, "Triggers": [], "Planner Runtime": 8.659, "Total Runtime": 16836.75, "Unique SQL Id": 1392561963}}, "(16, 106)": {"explain_plan": {"Plan": {"Node Type": "Sort", "Startup Cost": 2891580.15, "Total Cost": 2891580.22, "Plan Rows": 25, "Plan Width": 50, "Sort Key": ["(sum((lineitem.l_extendedprice * (1::double precision - lineitem.l_discount)))) DESC"], "Plans": [{"Node Type": "Aggregate", "Strategy": "Hashed", "Parent Relationship": "Outer", "Startup Cost": 2891579.32, "Total Cost": 2891579.57, "Plan Rows": 25, "Plan Width": 50, "Group By Key": ["nation.n_name"], "Plans": [{"Node Type": "Hash Join", "Parent Relationship": "Outer", "Join Type": "Inner", "Startup Cost": 586755.18, "Total Cost": 2891485.42, "Plan Rows": 9390, "Plan Width": 42, "Inner Unique": true, "Hash Cond": "((lineitem.l_suppkey = supplier.s_suppkey) AND (customer.c_nationkey = supplier.s_nationkey))", "Plans": [{"Node Type": "Hash Join", "Parent Relationship": "Outer", "Join Type": "Inner", "Startup Cost": 581972.18, "Total Cost": 2858928.33, "Plan Rows": 3688948, "Plan Width": 58, "Inner Unique": false, "Hash Cond": "(lineitem.l_orderkey = orders.o_orderkey), (LLVM Optimized)", "Plans": [{"Node Type": "Seq Scan", "Parent Relationship": "Outer", "Relation Name": "lineitem", "Alias": "lineitem", "Startup Cost": 0.0, "Total Cost": 2015115.33, "Plan Rows": 59987033, "Plan Width": 32}, {"Node Type": "Hash", "Parent Relationship": "Inner", "Startup Cost": 576893.55, "Total Cost": 576893.55, "Plan Rows": 406290, "Plan Width": 42, "Plans": [{"Node Type": "Hash Join", "Parent Relationship": "Outer", "Join Type": "Inner", "Startup Cost": 63303.94, "Total Cost": 576893.55, "Plan Rows": 406290, "Plan Width": 42, "Inner Unique": false, "Hash Cond": "(orders.o_custkey = customer.c_custkey), (LLVM Optimized)", "Plans": [{"Node Type": "Seq Scan", "Parent Relationship": "Outer", "Relation Name": "orders", "Alias": "orders", "Startup Cost": 441.06, "Total Cost": 501411.18, "Plan Rows": 2281758, "Plan Width": 16, "Filter": "((o_orderdate >= '1994-01-01 00:00:00'::timestamp(0) without time zone) AND (o_orderdate < '1995-01-01 00:00:00'::timestamp without time zone)), (LLVM Optimized)"}, {"Node Type": "Hash", "Parent Relationship": "Inner", "Startup Cost": 59112.88, "Total Cost": 59112.88, "Plan Rows": 300000, "Plan Width": 42, "Plans": [{"Node Type": "Hash Join", "Parent Relationship": "Outer", "Join Type": "Inner", "Startup Cost": 2.5, "Total Cost": 59112.88, "Plan Rows": 300000, "Plan Width": 42, "Inner Unique": false, "Hash Cond": "(customer.c_nationkey = nation.n_nationkey), (LLVM Optimized)", "Plans": [{"Node Type": "Seq Scan", "Parent Relationship": "Outer", "Relation Name": "customer", "Alias": "customer", "Startup Cost": 0.0, "Total Cost": 52126.0, "Plan Rows": 1500000, "Plan Width": 12}, {"Node Type": "Hash", "Parent Relationship": "Inner", "Startup Cost": 2.44, "Total Cost": 2.44, "Plan Rows": 5, "Plan Width": 30, "Plans": [{"Node Type": "Hash Join", "Parent Relationship": "Outer", "Join Type": "Inner", "Startup Cost": 1.07, "Total Cost": 2.44, "Plan Rows": 5, "Plan Width": 30, "Inner Unique": true, "Hash Cond": "(nation.n_regionkey = region.r_regionkey)", "Plans": [{"Node Type": "Seq Scan", "Parent Relationship": "Outer", "Relation Name": "nation", "Alias": "nation", "Startup Cost": 0.0, "Total Cost": 1.25, "Plan Rows": 25, "Plan Width": 34}, {"Node Type": "Hash", "Parent Relationship": "Inner", "Startup Cost": 1.06, "Total Cost": 1.06, "Plan Rows": 1, "Plan Width": 4, "Plans": [{"Node Type": "Seq Scan", "Parent Relationship": "Outer", "Relation Name": "region", "Alias": "region", "Startup Cost": 0.0, "Total Cost": 1.06, "Plan Rows": 1, "Plan Width": 4, "Filter": "(r_name = 'MIDDLE EAST'::bpchar)"}]}]}]}]}]}]}]}]}, {"Node Type": "Hash", "Parent Relationship": "Inner", "Startup Cost": 3283.0, "Total Cost": 3283.0, "Plan Rows": 100000, "Plan Width": 12, "Plans": [{"Node Type": "Seq Scan", "Parent Relationship": "Outer", "Relation Name": "supplier", "Alias": "supplier", "Startup Cost": 0.0, "Total Cost": 3283.0, "Plan Rows": 100000, "Plan Width": 12}]}]}]}]}, "Unique SQL Id": 1392561963}, "explain_analyze_plan": null}, "(16, 107)": {"explain_plan": {"Plan": {"Node Type": "Sort", "Startup Cost": 6000413609248.85, "Total Cost": 6000413609248.91, "Plan Rows": 25, "Plan Width": 50, "Sort Key": ["(sum((lineitem.l_extendedprice * (1::double precision - lineitem.l_discount)))) DESC"], "Plans": [{"Node Type": "Aggregate", "Strategy": "Hashed", "Parent Relationship": "Outer", "Startup Cost": 6000413609248.02, "Total Cost": 6000413609248.27, "Plan Rows": 25, "Plan Width": 50, "Group By Key": ["nation.n_name"], "Plans": [{"Node Type": "Hash Join", "Parent Relationship": "Outer", "Join Type": "Inner", "Startup Cost": 4020413586068.45, "Total Cost": 6000413609154.12, "Plan Rows": 9390, "Plan Width": 42, "Inner Unique": true, "Hash Cond": "((orders.o_custkey = customer.c_custkey) AND (supplier.s_nationkey = customer.c_nationkey))", "Plans": [{"Node Type": "Hash Join", "Parent Relationship": "Outer", "Join Type": "Inner", "Startup Cost": 3020405487032.83, "Total Cost": 5000405508035.29, "Plan Rows": 263699, "Plan Width": 58, "Inner Unique": true, "Hash Cond": "(lineitem.l_orderkey = orders.o_orderkey), (LLVM Optimized)", "Plans": [{"Node Type": "Hash Join", "Parent Relationship": "Outer", "Join Type": "Inner", "Startup Cost": 2020324860927.85, "Total Cost": 4000324870836.25, "Plan Rows": 763534, "Plan Width": 58, "Inner Unique": false, "Hash Cond": "(nation.n_nationkey = supplier.s_nationkey), (LLVM Optimized)", "Plans": [{"Node Type": "Nested Loop", "Parent Relationship": "Outer", "Join Type": "Inner", "Startup Cost": 20000000000.0, "Total Cost": 2000000002068.8, "Plan Rows": 5, "Plan Width": 30, "Inner Unique": false, "Plans": [{"Node Type": "Index Scan", "Parent Relationship": "Outer", "Scan Direction": "Forward", "Index Name": "region_pkey", "Relation Name": "region", "Alias": "region", "Startup Cost": 10000000000.0, "Total Cost": 1000000001233.75, "Plan Rows": 1, "Plan Width": 4, "Filter": "(r_name = 'MIDDLE EAST'::bpchar)"}, {"Node Type": "Index Scan", "Parent Relationship": "Inner", "Scan Direction": "Forward", "Index Name": "idx_nation_regionkey", "Relation Name": "nation", "Alias": "nation", "Startup Cost": 10000000000.0, "Total Cost": 1000000000835.0, "Plan Rows": 5, "Plan Width": 34, "Index Cond": "(n_regionkey = region.r_regionkey)"}]}, {"Node Type": "Hash", "Parent Relationship": "Inner", "Startup Cost": 2000324813206.96, "Total Cost": 2000324813206.96, "Plan Rows": 3817671, "Plan Width": 28, "Plans": [{"Node Type": "Hash Join", "Parent Relationship": "Outer", "Join Type": "Inner", "Startup Cost": 1010000534704.38, "Total Cost": 2000324813206.96, "Plan Rows": 3817671, "Plan Width": 28, "Inner Unique": true, "Hash Cond": "(lineitem.l_suppkey = supplier.s_suppkey), (LLVM Optimized)", "Plans": [{"Node Type": "Index Scan", "Parent Relationship": "Outer", "Scan Direction": "Forward", "Index Name": "idx_lineitem_orderkey", "Relation Name": "lineitem", "Alias": "lineitem", "Startup Cost": 10000000000.0, "Total Cost": 1000324015374.5, "Plan Rows": 59987033, "Plan Width": 32}, {"Node Type": "Hash", "Parent Relationship": "Inner", "Startup Cost": 1000000533454.38, "Total Cost": 1000000533454.38, "Plan Rows": 100000, "Plan Width": 12, "Plans": [{"Node Type": "Index Scan", "Parent Relationship": "Outer", "Scan Direction": "Forward", "Index Name": "supplier_pkey", "Relation Name": "supplier", "Alias": "supplier", "Startup Cost": 10000000000.0, "Total Cost": 1000000533454.38, "Plan Rows": 100000, "Plan Width": 12}]}]}]}]}, {"Node Type": "Hash", "Parent Relationship": "Inner", "Startup Cost": 1000080597583.0, "Total Cost": 1000080597583.0, "Plan Rows": 2281758, "Plan Width": 16, "Plans": [{"Node Type": "Index Scan", "Parent Relationship": "Outer", "Scan Direction": "Forward", "Index Name": "orders_pkey", "Relation Name": "orders", "Alias": "orders", "Startup Cost": 10000000000.0, "Total Cost": 1000080597583.0, "Plan Rows": 2281758, "Plan Width": 16, "Filter": "((o_orderdate >= '1994-01-01 00:00:00'::timestamp(0) without time zone) AND (o_orderdate < '1995-01-01 00:00:00'::timestamp without time zone)), (LLVM Optimized)"}]}]}, {"Node Type": "Hash", "Parent Relationship": "Inner", "Startup Cost": 1000008076535.62, "Total Cost": 1000008076535.62, "Plan Rows": 1500000, "Plan Width": 12, "Plans": [{"Node Type": "Index Scan", "Parent Relationship": "Outer", "Scan Direction": "Forward", "Index Name": "customer_pkey", "Relation Name": "customer", "Alias": "customer", "Startup Cost": 10000000000.0, "Total Cost": 1000008076535.62, "Plan Rows": 1500000, "Plan Width": 12}]}]}]}]}, "Unique SQL Id": 1392561963}, "explain_analyze_plan": null}, "(16, 108)": {"explain_plan": {"Plan": {"Node Type": "Sort", "Startup Cost": 1725085.77, "Total Cost": 1725085.83, "Plan Rows": 25, "Plan Width": 50, "Sort Key": ["(sum((lineitem.l_extendedprice * (1::double precision - lineitem.l_discount)))) DESC"], "Plans": [{"Node Type": "Aggregate", "Strategy": "Hashed", "Parent Relationship": "Outer", "Startup Cost": 1725084.93, "Total Cost": 1725085.18, "Plan Rows": 25, "Plan Width": 50, "Group By Key": ["nation.n_name"], "Plans": [{"Node Type": "Hash Join", "Parent Relationship": "Outer", "Join Type": "Inner", "Startup Cost": 4783.0, "Total Cost": 1724991.03, "Plan Rows": 9390, "Plan Width": 42, "Inner Unique": true, "Hash Cond": "((lineitem.l_suppkey = supplier.s_suppkey) AND (customer.c_nationkey = supplier.s_nationkey))", "Plans": [{"Node Type": "Nested Loop", "Parent Relationship": "Outer", "Join Type": "Inner", "Startup Cost": 0.0, "Total Cost": 1692447.02, "Plan Rows": 3688948, "Plan Width": 58, "Inner Unique": false, "Plans": [{"Node Type": "Nested Loop", "Parent Relationship": "Outer", "Join Type": "Inner", "Startup Cost": 0.0, "Total Cost": 416652.61, "Plan Rows": 406290, "Plan Width": 42, "Inner Unique": false, "Plans": [{"Node Type": "Nested Loop", "Parent Relationship": "Outer", "Join Type": "Inner", "Startup Cost": 0.0, "Total Cost": 41543.81, "Plan Rows": 300000, "Plan Width": 42, "Inner Unique": false, "Plans": [{"Node Type": "Nested Loop", "Parent Relationship": "Outer", "Join Type": "Inner", "Startup Cost": 0.0, "Total Cost": 31.69, "Plan Rows": 5, "Plan Width": 30, "Inner Unique": true, "Plans": [{"Node Type": "Index Scan", "Parent Relationship": "Outer", "Scan Direction": "Forward", "Index Name": "nation_pkey", "Relation Name": "nation", "Alias": "nation", "Startup Cost": 0.0, "Total Cost": 12.62, "Plan Rows": 25, "Plan Width": 34}, {"Node Type": "Index Scan", "Parent Relationship": "Inner", "Scan Direction": "Forward", "Index Name": "region_pkey", "Relation Name": "region", "Alias": "region", "Startup Cost": 0.0, "Total Cost": 0.75, "Plan Rows": 1, "Plan Width": 4, "Index Cond": "(r_regionkey = nation.n_regionkey)", "Filter": "(r_name = 'MIDDLE EAST'::bpchar)"}]}, {"Node Type": "Index Scan", "Parent Relationship": "Inner", "Scan Direction": "Forward", "Index Name": "idx_customer_nationkey", "Relation Name": "customer", "Alias": "customer", "Startup Cost": 0.0, "Total Cost": 7702.43, "Plan Rows": 60000, "Plan Width": 12, "Index Cond": "(c_nationkey = nation.n_nationkey)"}]}, {"Node Type": "Index Scan", "Parent Relationship": "Inner", "Scan Direction": "Forward", "Index Name": "idx_orders_custkey", "Relation Name": "orders", "Alias": "orders", "Startup Cost": 0.0, "Total Cost": 1.24, "Plan Rows": 1, "Plan Width": 16, "Index Cond": "(o_custkey = customer.c_custkey)", "Filter": "((o_orderdate >= '1994-01-01 00:00:00'::timestamp(0) without time zone) AND (o_orderdate < '1995-01-01 00:00:00'::timestamp without time zone))"}]}, {"Node Type": "Index Scan", "Parent Relationship": "Inner", "Scan Direction": "Forward", "Index Name": "idx_lineitem_orderkey", "Relation Name": "lineitem", "Alias": "lineitem", "Startup Cost": 0.0, "Total Cost": 3.05, "Plan Rows": 9, "Plan Width": 32, "Index Cond": "(l_orderkey = orders.o_orderkey)"}]}, {"Node Type": "Hash", "Parent Relationship": "Inner", "Startup Cost": 3283.0, "Total Cost": 3283.0, "Plan Rows": 100000, "Plan Width": 12, "Plans": [{"Node Type": "Seq Scan", "Parent Relationship": "Outer", "Relation Name": "supplier", "Alias": "supplier", "Startup Cost": 0.0, "Total Cost": 3283.0, "Plan Rows": 100000, "Plan Width": 12}]}]}]}]}, "Unique SQL Id": 1392561963}, "explain_analyze_plan": {"Plan": {"Node Type": "Sort", "Startup Cost": 1725085.77, "Total Cost": 1725085.83, "Plan Rows": 25, "Plan Width": 50, "Actual Startup Time": 16700.716, "Actual Total Time": 16700.716, "Actual Rows": 5, "Actual Loops": 1, "Sort Key": ["(sum((lineitem.l_extendedprice * (1::double precision - lineitem.l_discount)))) DESC"], "Sort Method": "quicksort", "Sort Space Used": 25, "Sort Space Type": "Memory", "Plans": [{"Node Type": "Aggregate", "Strategy": "Hashed", "Parent Relationship": "Outer", "Startup Cost": 1725084.93, "Total Cost": 1725085.18, "Plan Rows": 25, "Plan Width": 50, "Actual Startup Time": 16700.685, "Actual Total Time": 16700.687, "Actual Rows": 5, "Actual Loops": 1, "Group By Key": ["nation.n_name"], "Plans": [{"Node Type": "Hash Join", "Parent Relationship": "Outer", "Join Type": "Inner", "Startup Cost": 4783.0, "Total Cost": 1724991.03, "Plan Rows": 9390, "Plan Width": 42, "Actual Startup Time": 67.894, "Actual Total Time": 16622.626, "Actual Rows": 72985, "Actual Loops": 1, "Inner Unique": true, "Hash Cond": "((lineitem.l_suppkey = supplier.s_suppkey) AND (customer.c_nationkey = supplier.s_nationkey))", "Plans": [{"Node Type": "Nested Loop", "Parent Relationship": "Outer", "Join Type": "Inner", "Startup Cost": 0.0, "Total Cost": 1692447.02, "Plan Rows": 3688948, "Plan Width": 58, "Actual Startup Time": 0.146, "Actual Total Time": 15701.711, "Actual Rows": 1815222, "Actual Loops": 1, "Inner Unique": false, "Plans": [{"Node Type": "Nested Loop", "Parent Relationship": "Outer", "Join Type": "Inner", "Startup Cost": 0.0, "Total Cost": 416652.61, "Plan Rows": 406290, "Plan Width": 42, "Actual Startup Time": 0.127, "Actual Total Time": 9837.513, "Actual Rows": 454183, "Actual Loops": 1, "Inner Unique": false, "Plans": [{"Node Type": "Nested Loop", "Parent Relationship": "Outer", "Join Type": "Inner", "Startup Cost": 0.0, "Total Cost": 41543.81, "Plan Rows": 300000, "Plan Width": 42, "Actual Startup Time": 0.072, "Actual Total Time": 532.033, "Actual Rows": 299838, "Actual Loops": 1, "Inner Unique": false, "Plans": [{"Node Type": "Nested Loop", "Parent Relationship": "Outer", "Join Type": "Inner", "Startup Cost": 0.0, "Total Cost": 31.69, "Plan Rows": 5, "Plan Width": 30, "Actual Startup Time": 0.045, "Actual Total Time": 0.19, "Actual Rows": 5, "Actual Loops": 1, "Inner Unique": true, "Plans": [{"Node Type": "Index Scan", "Parent Relationship": "Outer", "Scan Direction": "Forward", "Index Name": "nation_pkey", "Relation Name": "nation", "Alias": "nation", "Startup Cost": 0.0, "Total Cost": 12.62, "Plan Rows": 25, "Plan Width": 34, "Actual Startup Time": 0.013, "Actual Total Time": 0.041, "Actual Rows": 25, "Actual Loops": 1}, {"Node Type": "Index Scan", "Parent Relationship": "Inner", "Scan Direction": "Forward", "Index Name": "region_pkey", "Relation Name": "region", "Alias": "region", "Startup Cost": 0.0, "Total Cost": 0.75, "Plan Rows": 1, "Plan Width": 4, "Actual Startup Time": 0.099, "Actual Total Time": 0.099, "Actual Rows": 5, "Actual Loops": 25, "Index Cond": "(r_regionkey = nation.n_regionkey)", "Rows Removed by Index Recheck": 0, "Filter": "(r_name = 'MIDDLE EAST'::bpchar)", "Rows Removed by Filter": 20}]}, {"Node Type": "Index Scan", "Parent Relationship": "Inner", "Scan Direction": "Forward", "Index Name": "idx_customer_nationkey", "Relation Name": "customer", "Alias": "customer", "Startup Cost": 0.0, "Total Cost": 7702.43, "Plan Rows": 60000, "Plan Width": 12, "Actual Startup Time": 0.157, "Actual Total Time": 446.471, "Actual Rows": 299838, "Actual Loops": 5, "Index Cond": "(c_nationkey = nation.n_nationkey)", "Rows Removed by Index Recheck": 0}]}, {"Node Type": "Index Scan", "Parent Relationship": "Inner", "Scan Direction": "Forward", "Index Name": "idx_orders_custkey", "Relation Name": "orders", "Alias": "orders", "Startup Cost": 0.0, "Total Cost": 1.24, "Plan Rows": 1, "Plan Width": 16, "Actual Startup Time": 4201.905, "Actual Total Time": 9042.186, "Actual Rows": 454183, "Actual Loops": 299838, "Index Cond": "(o_custkey = customer.c_custkey)", "Rows Removed by Index Recheck": 0, "Filter": "((o_orderdate >= '1994-01-01 00:00:00'::timestamp(0) without time zone) AND (o_orderdate < '1995-01-01 00:00:00'::timestamp without time zone))", "Rows Removed by Filter": 2542535}]}, {"Node Type": "Index Scan", "Parent Relationship": "Inner", "Scan Direction": "Forward", "Index Name": "idx_lineitem_orderkey", "Relation Name": "lineitem", "Alias": "lineitem", "Startup Cost": 0.0, "Total Cost": 3.05, "Plan Rows": 9, "Plan Width": 32, "Actual Startup Time": 4274.874, "Actual Total Time": 5221.193, "Actual Rows": 1815222, "Actual Loops": 454183, "Index Cond": "(l_orderkey = orders.o_orderkey)", "Rows Removed by Index Recheck": 0}]}, {"Node Type": "Hash", "Parent Relationship": "Inner", "Startup Cost": 3283.0, "Total Cost": 3283.0, "Plan Rows": 100000, "Plan Width": 12, "Actual Startup Time": 67.503, "Actual Total Time": 67.503, "Actual Rows": 100000, "Actual Loops": 1, "Hash Buckets": 131072, "Hash Batches": 1, "Original Hash Batches": 1, "Peak Memory Usage": 4297, "Plans": [{"Node Type": "Seq Scan", "Parent Relationship": "Outer", "Relation Name": "supplier", "Alias": "supplier", "Startup Cost": 0.0, "Total Cost": 3283.0, "Plan Rows": 100000, "Plan Width": 12, "Actual Startup Time": 0.017, "Actual Total Time": 36.638, "Actual Rows": 100000, "Actual Loops": 1}]}]}]}]}, "Triggers": [], "Planner Runtime": 9.014, "Total Runtime": 16701.039, "Unique SQL Id": 1392561963}}, "(16, 109)": {"explain_plan": {"Plan": {"Node Type": "Sort", "Startup Cost": 1727137.31, "Total Cost": 1727137.37, "Plan Rows": 25, "Plan Width": 50, "Sort Key": ["(sum((lineitem.l_extendedprice * (1::double precision - lineitem.l_discount)))) DESC"], "Plans": [{"Node Type": "Aggregate", "Strategy": "Hashed", "Parent Relationship": "Outer", "Startup Cost": 1727136.48, "Total Cost": 1727136.73, "Plan Rows": 25, "Plan Width": 50, "Group By Key": ["nation.n_name"], "Plans": [{"Node Type": "Hash Join", "Parent Relationship": "Outer", "Join Type": "Inner", "Startup Cost": 6834.54, "Total Cost": 1727042.58, "Plan Rows": 9390, "Plan Width": 42, "Inner Unique": true, "Hash Cond": "((lineitem.l_suppkey = supplier.s_suppkey) AND (customer.c_nationkey = supplier.s_nationkey))", "Plans": [{"Node Type": "Nested Loop", "Parent Relationship": "Outer", "Join Type": "Inner", "Startup Cost": 0.0, "Total Cost": 1692447.02, "Plan Rows": 3688948, "Plan Width": 58, "Inner Unique": false, "Plans": [{"Node Type": "Nested Loop", "Parent Relationship": "Outer", "Join Type": "Inner", "Startup Cost": 0.0, "Total Cost": 416652.61, "Plan Rows": 406290, "Plan Width": 42, "Inner Unique": false, "Plans": [{"Node Type": "Nested Loop", "Parent Relationship": "Outer", "Join Type": "Inner", "Startup Cost": 0.0, "Total Cost": 41543.81, "Plan Rows": 300000, "Plan Width": 42, "Inner Unique": false, "Plans": [{"Node Type": "Nested Loop", "Parent Relationship": "Outer", "Join Type": "Inner", "Startup Cost": 0.0, "Total Cost": 31.69, "Plan Rows": 5, "Plan Width": 30, "Inner Unique": true, "Plans": [{"Node Type": "Index Scan", "Parent Relationship": "Outer", "Scan Direction": "Forward", "Index Name": "nation_pkey", "Relation Name": "nation", "Alias": "nation", "Startup Cost": 0.0, "Total Cost": 12.62, "Plan Rows": 25, "Plan Width": 34}, {"Node Type": "Index Scan", "Parent Relationship": "Inner", "Scan Direction": "Forward", "Index Name": "region_pkey", "Relation Name": "region", "Alias": "region", "Startup Cost": 0.0, "Total Cost": 0.75, "Plan Rows": 1, "Plan Width": 4, "Index Cond": "(r_regionkey = nation.n_regionkey)", "Filter": "(r_name = 'MIDDLE EAST'::bpchar)"}]}, {"Node Type": "Index Scan", "Parent Relationship": "Inner", "Scan Direction": "Forward", "Index Name": "idx_customer_nationkey", "Relation Name": "customer", "Alias": "customer", "Startup Cost": 0.0, "Total Cost": 7702.43, "Plan Rows": 60000, "Plan Width": 12, "Index Cond": "(c_nationkey = nation.n_nationkey)"}]}, {"Node Type": "Index Scan", "Parent Relationship": "Inner", "Scan Direction": "Forward", "Index Name": "idx_orders_custkey", "Relation Name": "orders", "Alias": "orders", "Startup Cost": 0.0, "Total Cost": 1.24, "Plan Rows": 1, "Plan Width": 16, "Index Cond": "(o_custkey = customer.c_custkey)", "Filter": "((o_orderdate >= '1994-01-01 00:00:00'::timestamp(0) without time zone) AND (o_orderdate < '1995-01-01 00:00:00'::timestamp without time zone))"}]}, {"Node Type": "Index Scan", "Parent Relationship": "Inner", "Scan Direction": "Forward", "Index Name": "idx_lineitem_orderkey", "Relation Name": "lineitem", "Alias": "lineitem", "Startup Cost": 0.0, "Total Cost": 3.05, "Plan Rows": 9, "Plan Width": 32, "Index Cond": "(l_orderkey = orders.o_orderkey)"}]}, {"Node Type": "Hash", "Parent Relationship": "Inner", "Startup Cost": 5334.54, "Total Cost": 5334.54, "Plan Rows": 100000, "Plan Width": 12, "Plans": [{"Node Type": "Index Scan", "Parent Relationship": "Outer", "Scan Direction": "Forward", "Index Name": "supplier_pkey", "Relation Name": "supplier", "Alias": "supplier", "Startup Cost": 0.0, "Total Cost": 5334.54, "Plan Rows": 100000, "Plan Width": 12}]}]}]}]}, "Unique SQL Id": 1392561963}, "explain_analyze_plan": {"Plan": {"Node Type": "Sort", "Startup Cost": 1727137.31, "Total Cost": 1727137.37, "Plan Rows": 25, "Plan Width": 50, "Actual Startup Time": 16836.443, "Actual Total Time": 16836.444, "Actual Rows": 5, "Actual Loops": 1, "Sort Key": ["(sum((lineitem.l_extendedprice * (1::double precision - lineitem.l_discount)))) DESC"], "Sort Method": "quicksort", "Sort Space Used": 25, "Sort Space Type": "Memory", "Plans": [{"Node Type": "Aggregate", "Strategy": "Hashed", "Parent Relationship": "Outer", "Startup Cost": 1727136.48, "Total Cost": 1727136.73, "Plan Rows": 25, "Plan Width": 50, "Actual Startup Time": 16836.409, "Actual Total Time": 16836.411, "Actual Rows": 5, "Actual Loops": 1, "Group By Key": ["nation.n_name"], "Plans": [{"Node Type": "Hash Join", "Parent Relationship": "Outer", "Join Type": "Inner", "Startup Cost": 6834.54, "Total Cost": 1727042.58, "Plan Rows": 9390, "Plan Width": 42, "Actual Startup Time": 98.747, "Actual Total Time": 16757.045, "Actual Rows": 72985, "Actual Loops": 1, "Inner Unique": true, "Hash Cond": "((lineitem.l_suppkey = supplier.s_suppkey) AND (customer.c_nationkey = supplier.s_nationkey))", "Plans": [{"Node Type": "Nested Loop", "Parent Relationship": "Outer", "Join Type": "Inner", "Startup Cost": 0.0, "Total Cost": 1692447.02, "Plan Rows": 3688948, "Plan Width": 58, "Actual Startup Time": 0.153, "Actual Total Time": 15796.061, "Actual Rows": 1815222, "Actual Loops": 1, "Inner Unique": false, "Plans": [{"Node Type": "Nested Loop", "Parent Relationship": "Outer", "Join Type": "Inner", "Startup Cost": 0.0, "Total Cost": 416652.61, "Plan Rows": 406290, "Plan Width": 42, "Actual Startup Time": 0.131, "Actual Total Time": 9890.112, "Actual Rows": 454183, "Actual Loops": 1, "Inner Unique": false, "Plans": [{"Node Type": "Nested Loop", "Parent Relationship": "Outer", "Join Type": "Inner", "Startup Cost": 0.0, "Total Cost": 41543.81, "Plan Rows": 300000, "Plan Width": 42, "Actual Startup Time": 0.073, "Actual Total Time": 525.868, "Actual Rows": 299838, "Actual Loops": 1, "Inner Unique": false, "Plans": [{"Node Type": "Nested Loop", "Parent Relationship": "Outer", "Join Type": "Inner", "Startup Cost": 0.0, "Total Cost": 31.69, "Plan Rows": 5, "Plan Width": 30, "Actual Startup Time": 0.046, "Actual Total Time": 0.204, "Actual Rows": 5, "Actual Loops": 1, "Inner Unique": true, "Plans": [{"Node Type": "Index Scan", "Parent Relationship": "Outer", "Scan Direction": "Forward", "Index Name": "nation_pkey", "Relation Name": "nation", "Alias": "nation", "Startup Cost": 0.0, "Total Cost": 12.62, "Plan Rows": 25, "Plan Width": 34, "Actual Startup Time": 0.014, "Actual Total Time": 0.042, "Actual Rows": 25, "Actual Loops": 1}, {"Node Type": "Index Scan", "Parent Relationship": "Inner", "Scan Direction": "Forward", "Index Name": "region_pkey", "Relation Name": "region", "Alias": "region", "Startup Cost": 0.0, "Total Cost": 0.75, "Plan Rows": 1, "Plan Width": 4, "Actual Startup Time": 0.103, "Actual Total Time": 0.103, "Actual Rows": 5, "Actual Loops": 25, "Index Cond": "(r_regionkey = nation.n_regionkey)", "Rows Removed by Index Recheck": 0, "Filter": "(r_name = 'MIDDLE EAST'::bpchar)", "Rows Removed by Filter": 20}]}, {"Node Type": "Index Scan", "Parent Relationship": "Inner", "Scan Direction": "Forward", "Index Name": "idx_customer_nationkey", "Relation Name": "customer", "Alias": "customer", "Startup Cost": 0.0, "Total Cost": 7702.43, "Plan Rows": 60000, "Plan Width": 12, "Actual Startup Time": 0.187, "Actual Total Time": 443.656, "Actual Rows": 299838, "Actual Loops": 5, "Index Cond": "(c_nationkey = nation.n_nationkey)", "Rows Removed by Index Recheck": 0}]}, {"Node Type": "Index Scan", "Parent Relationship": "Inner", "Scan Direction": "Forward", "Index Name": "idx_orders_custkey", "Relation Name": "orders", "Alias": "orders", "Startup Cost": 0.0, "Total Cost": 1.24, "Plan Rows": 1, "Plan Width": 16, "Actual Startup Time": 4230.273, "Actual Total Time": 9102.493, "Actual Rows": 454183, "Actual Loops": 299838, "Index Cond": "(o_custkey = customer.c_custkey)", "Rows Removed by Index Recheck": 0, "Filter": "((o_orderdate >= '1994-01-01 00:00:00'::timestamp(0) without time zone) AND (o_orderdate < '1995-01-01 00:00:00'::timestamp without time zone))", "Rows Removed by Filter": 2542535}]}, {"Node Type": "Index Scan", "Parent Relationship": "Inner", "Scan Direction": "Forward", "Index Name": "idx_lineitem_orderkey", "Relation Name": "lineitem", "Alias": "lineitem", "Startup Cost": 0.0, "Total Cost": 3.05, "Plan Rows": 9, "Plan Width": 32, "Actual Startup Time": 4308.503, "Actual Total Time": 5258.114, "Actual Rows": 1815222, "Actual Loops": 454183, "Index Cond": "(l_orderkey = orders.o_orderkey)", "Rows Removed by Index Recheck": 0}]}, {"Node Type": "Hash", "Parent Relationship": "Inner", "Startup Cost": 5334.54, "Total Cost": 5334.54, "Plan Rows": 100000, "Plan Width": 12, "Actual Startup Time": 98.359, "Actual Total Time": 98.359, "Actual Rows": 100000, "Actual Loops": 1, "Hash Buckets": 131072, "Hash Batches": 1, "Original Hash Batches": 1, "Peak Memory Usage": 4297, "Plans": [{"Node Type": "Index Scan", "Parent Relationship": "Outer", "Scan Direction": "Forward", "Index Name": "supplier_pkey", "Relation Name": "supplier", "Alias": "supplier", "Startup Cost": 0.0, "Total Cost": 5334.54, "Plan Rows": 100000, "Plan Width": 12, "Actual Startup Time": 0.019, "Actual Total Time": 66.392, "Actual Rows": 100000, "Actual Loops": 1}]}]}]}]}, "Triggers": [], "Planner Runtime": 8.659, "Total Runtime": 16836.75, "Unique SQL Id": 1392561963}}, "(16, 110)": {"explain_plan": {"Plan": {"Node Type": "Sort", "Startup Cost": 2891580.15, "Total Cost": 2891580.22, "Plan Rows": 25, "Plan Width": 50, "Sort Key": ["(sum((lineitem.l_extendedprice * (1::double precision - lineitem.l_discount)))) DESC"], "Plans": [{"Node Type": "Aggregate", "Strategy": "Hashed", "Parent Relationship": "Outer", "Startup Cost": 2891579.32, "Total Cost": 2891579.57, "Plan Rows": 25, "Plan Width": 50, "Group By Key": ["nation.n_name"], "Plans": [{"Node Type": "Hash Join", "Parent Relationship": "Outer", "Join Type": "Inner", "Startup Cost": 586755.18, "Total Cost": 2891485.42, "Plan Rows": 9390, "Plan Width": 42, "Inner Unique": true, "Hash Cond": "((lineitem.l_suppkey = supplier.s_suppkey) AND (customer.c_nationkey = supplier.s_nationkey))", "Plans": [{"Node Type": "Hash Join", "Parent Relationship": "Outer", "Join Type": "Inner", "Startup Cost": 581972.18, "Total Cost": 2858928.33, "Plan Rows": 3688948, "Plan Width": 58, "Inner Unique": false, "Hash Cond": "(lineitem.l_orderkey = orders.o_orderkey), (LLVM Optimized)", "Plans": [{"Node Type": "Seq Scan", "Parent Relationship": "Outer", "Relation Name": "lineitem", "Alias": "lineitem", "Startup Cost": 0.0, "Total Cost": 2015115.33, "Plan Rows": 59987033, "Plan Width": 32}, {"Node Type": "Hash", "Parent Relationship": "Inner", "Startup Cost": 576893.55, "Total Cost": 576893.55, "Plan Rows": 406290, "Plan Width": 42, "Plans": [{"Node Type": "Hash Join", "Parent Relationship": "Outer", "Join Type": "Inner", "Startup Cost": 63303.94, "Total Cost": 576893.55, "Plan Rows": 406290, "Plan Width": 42, "Inner Unique": false, "Hash Cond": "(orders.o_custkey = customer.c_custkey), (LLVM Optimized)", "Plans": [{"Node Type": "Seq Scan", "Parent Relationship": "Outer", "Relation Name": "orders", "Alias": "orders", "Startup Cost": 441.06, "Total Cost": 501411.18, "Plan Rows": 2281758, "Plan Width": 16, "Filter": "((o_orderdate >= '1994-01-01 00:00:00'::timestamp(0) without time zone) AND (o_orderdate < '1995-01-01 00:00:00'::timestamp without time zone)), (LLVM Optimized)"}, {"Node Type": "Hash", "Parent Relationship": "Inner", "Startup Cost": 59112.88, "Total Cost": 59112.88, "Plan Rows": 300000, "Plan Width": 42, "Plans": [{"Node Type": "Hash Join", "Parent Relationship": "Outer", "Join Type": "Inner", "Startup Cost": 2.5, "Total Cost": 59112.88, "Plan Rows": 300000, "Plan Width": 42, "Inner Unique": false, "Hash Cond": "(customer.c_nationkey = nation.n_nationkey), (LLVM Optimized)", "Plans": [{"Node Type": "Seq Scan", "Parent Relationship": "Outer", "Relation Name": "customer", "Alias": "customer", "Startup Cost": 0.0, "Total Cost": 52126.0, "Plan Rows": 1500000, "Plan Width": 12}, {"Node Type": "Hash", "Parent Relationship": "Inner", "Startup Cost": 2.44, "Total Cost": 2.44, "Plan Rows": 5, "Plan Width": 30, "Plans": [{"Node Type": "Hash Join", "Parent Relationship": "Outer", "Join Type": "Inner", "Startup Cost": 1.07, "Total Cost": 2.44, "Plan Rows": 5, "Plan Width": 30, "Inner Unique": true, "Hash Cond": "(nation.n_regionkey = region.r_regionkey)", "Plans": [{"Node Type": "Seq Scan", "Parent Relationship": "Outer", "Relation Name": "nation", "Alias": "nation", "Startup Cost": 0.0, "Total Cost": 1.25, "Plan Rows": 25, "Plan Width": 34}, {"Node Type": "Hash", "Parent Relationship": "Inner", "Startup Cost": 1.06, "Total Cost": 1.06, "Plan Rows": 1, "Plan Width": 4, "Plans": [{"Node Type": "Seq Scan", "Parent Relationship": "Outer", "Relation Name": "region", "Alias": "region", "Startup Cost": 0.0, "Total Cost": 1.06, "Plan Rows": 1, "Plan Width": 4, "Filter": "(r_name = 'MIDDLE EAST'::bpchar)"}]}]}]}]}]}]}]}]}, {"Node Type": "Hash", "Parent Relationship": "Inner", "Startup Cost": 3283.0, "Total Cost": 3283.0, "Plan Rows": 100000, "Plan Width": 12, "Plans": [{"Node Type": "Seq Scan", "Parent Relationship": "Outer", "Relation Name": "supplier", "Alias": "supplier", "Startup Cost": 0.0, "Total Cost": 3283.0, "Plan Rows": 100000, "Plan Width": 12}]}]}]}]}, "Unique SQL Id": 1392561963}, "explain_analyze_plan": null}, "(16, 111)": {"explain_plan": {"Plan": {"Node Type": "Sort", "Startup Cost": 6000413609248.85, "Total Cost": 6000413609248.91, "Plan Rows": 25, "Plan Width": 50, "Sort Key": ["(sum((lineitem.l_extendedprice * (1::double precision - lineitem.l_discount)))) DESC"], "Plans": [{"Node Type": "Aggregate", "Strategy": "Hashed", "Parent Relationship": "Outer", "Startup Cost": 6000413609248.02, "Total Cost": 6000413609248.27, "Plan Rows": 25, "Plan Width": 50, "Group By Key": ["nation.n_name"], "Plans": [{"Node Type": "Hash Join", "Parent Relationship": "Outer", "Join Type": "Inner", "Startup Cost": 4020413586068.45, "Total Cost": 6000413609154.12, "Plan Rows": 9390, "Plan Width": 42, "Inner Unique": true, "Hash Cond": "((orders.o_custkey = customer.c_custkey) AND (supplier.s_nationkey = customer.c_nationkey))", "Plans": [{"Node Type": "Hash Join", "Parent Relationship": "Outer", "Join Type": "Inner", "Startup Cost": 3020405487032.83, "Total Cost": 5000405508035.29, "Plan Rows": 263699, "Plan Width": 58, "Inner Unique": true, "Hash Cond": "(lineitem.l_orderkey = orders.o_orderkey), (LLVM Optimized)", "Plans": [{"Node Type": "Hash Join", "Parent Relationship": "Outer", "Join Type": "Inner", "Startup Cost": 2020324860927.85, "Total Cost": 4000324870836.25, "Plan Rows": 763534, "Plan Width": 58, "Inner Unique": false, "Hash Cond": "(nation.n_nationkey = supplier.s_nationkey), (LLVM Optimized)", "Plans": [{"Node Type": "Nested Loop", "Parent Relationship": "Outer", "Join Type": "Inner", "Startup Cost": 20000000000.0, "Total Cost": 2000000002068.8, "Plan Rows": 5, "Plan Width": 30, "Inner Unique": false, "Plans": [{"Node Type": "Index Scan", "Parent Relationship": "Outer", "Scan Direction": "Forward", "Index Name": "region_pkey", "Relation Name": "region", "Alias": "region", "Startup Cost": 10000000000.0, "Total Cost": 1000000001233.75, "Plan Rows": 1, "Plan Width": 4, "Filter": "(r_name = 'MIDDLE EAST'::bpchar)"}, {"Node Type": "Index Scan", "Parent Relationship": "Inner", "Scan Direction": "Forward", "Index Name": "idx_nation_regionkey", "Relation Name": "nation", "Alias": "nation", "Startup Cost": 10000000000.0, "Total Cost": 1000000000835.0, "Plan Rows": 5, "Plan Width": 34, "Index Cond": "(n_regionkey = region.r_regionkey)"}]}, {"Node Type": "Hash", "Parent Relationship": "Inner", "Startup Cost": 2000324813206.96, "Total Cost": 2000324813206.96, "Plan Rows": 3817671, "Plan Width": 28, "Plans": [{"Node Type": "Hash Join", "Parent Relationship": "Outer", "Join Type": "Inner", "Startup Cost": 1010000534704.38, "Total Cost": 2000324813206.96, "Plan Rows": 3817671, "Plan Width": 28, "Inner Unique": true, "Hash Cond": "(lineitem.l_suppkey = supplier.s_suppkey), (LLVM Optimized)", "Plans": [{"Node Type": "Index Scan", "Parent Relationship": "Outer", "Scan Direction": "Forward", "Index Name": "idx_lineitem_orderkey", "Relation Name": "lineitem", "Alias": "lineitem", "Startup Cost": 10000000000.0, "Total Cost": 1000324015374.5, "Plan Rows": 59987033, "Plan Width": 32}, {"Node Type": "Hash", "Parent Relationship": "Inner", "Startup Cost": 1000000533454.38, "Total Cost": 1000000533454.38, "Plan Rows": 100000, "Plan Width": 12, "Plans": [{"Node Type": "Index Scan", "Parent Relationship": "Outer", "Scan Direction": "Forward", "Index Name": "supplier_pkey", "Relation Name": "supplier", "Alias": "supplier", "Startup Cost": 10000000000.0, "Total Cost": 1000000533454.38, "Plan Rows": 100000, "Plan Width": 12}]}]}]}]}, {"Node Type": "Hash", "Parent Relationship": "Inner", "Startup Cost": 1000080597583.0, "Total Cost": 1000080597583.0, "Plan Rows": 2281758, "Plan Width": 16, "Plans": [{"Node Type": "Index Scan", "Parent Relationship": "Outer", "Scan Direction": "Forward", "Index Name": "orders_pkey", "Relation Name": "orders", "Alias": "orders", "Startup Cost": 10000000000.0, "Total Cost": 1000080597583.0, "Plan Rows": 2281758, "Plan Width": 16, "Filter": "((o_orderdate >= '1994-01-01 00:00:00'::timestamp(0) without time zone) AND (o_orderdate < '1995-01-01 00:00:00'::timestamp without time zone)), (LLVM Optimized)"}]}]}, {"Node Type": "Hash", "Parent Relationship": "Inner", "Startup Cost": 1000008076535.62, "Total Cost": 1000008076535.62, "Plan Rows": 1500000, "Plan Width": 12, "Plans": [{"Node Type": "Index Scan", "Parent Relationship": "Outer", "Scan Direction": "Forward", "Index Name": "customer_pkey", "Relation Name": "customer", "Alias": "customer", "Startup Cost": 10000000000.0, "Total Cost": 1000008076535.62, "Plan Rows": 1500000, "Plan Width": 12}]}]}]}]}, "Unique SQL Id": 1392561963}, "explain_analyze_plan": null}, "(16, 112)": {"explain_plan": {"Plan": {"Node Type": "Sort", "Startup Cost": 2730959.0, "Total Cost": 2730959.06, "Plan Rows": 25, "Plan Width": 50, "Sort Key": ["(sum((lineitem.l_extendedprice * (1::double precision - lineitem.l_discount)))) DESC"], "Plans": [{"Node Type": "Aggregate", "Strategy": "Hashed", "Parent Relationship": "Outer", "Startup Cost": 2730958.17, "Total Cost": 2730958.42, "Plan Rows": 25, "Plan Width": 50, "Group By Key": ["nation.n_name"], "Plans": [{"Node Type": "Nested Loop", "Parent Relationship": "Outer", "Join Type": "Inner", "Startup Cost": 1030.37, "Total Cost": 2730864.27, "Plan Rows": 9390, "Plan Width": 42, "Inner Unique": true, "Join Filter": "(customer.c_nationkey = supplier.s_nationkey)", "Plans": [{"Node Type": "Nested Loop", "Parent Relationship": "Outer", "Join Type": "Inner", "Startup Cost": 1030.37, "Total Cost": 1688079.68, "Plan Rows": 3688948, "Plan Width": 58, "Inner Unique": false, "Plans": [{"Node Type": "Nested Loop", "Parent Relationship": "Outer", "Join Type": "Inner", "Startup Cost": 1030.37, "Total Cost": 412285.27, "Plan Rows": 406290, "Plan Width": 42, "Inner Unique": false, "Plans": [{"Node Type": "Nested Loop", "Parent Relationship": "Outer", "Join Type": "Inner", "Startup Cost": 1030.37, "Total Cost": 37176.47, "Plan Rows": 300000, "Plan Width": 42, "Inner Unique": false, "Plans": [{"Node Type": "Nested Loop", "Parent Relationship": "Outer", "Join Type": "Inner", "Startup Cost": 0.0, "Total Cost": 14.06, "Plan Rows": 5, "Plan Width": 30, "Inner Unique": true, "Join Filter": "(nation.n_regionkey = region.r_regionkey)", "Plans": [{"Node Type": "Index Scan", "Parent Relationship": "Outer", "Scan Direction": "Forward", "Index Name": "nation_pkey", "Relation Name": "nation", "Alias": "nation", "Startup Cost": 0.0, "Total Cost": 12.62, "Plan Rows": 25, "Plan Width": 34}, {"Node Type": "Materialize", "Parent Relationship": "Inner", "Startup Cost": 0.0, "Total Cost": 1.07, "Plan Rows": 1, "Plan Width": 4, "Plans": [{"Node Type": "Seq Scan", "Parent Relationship": "Outer", "Relation Name": "region", "Alias": "region", "Startup Cost": 0.0, "Total Cost": 1.06, "Plan Rows": 1, "Plan Width": 4, "Filter": "(r_name = 'MIDDLE EAST'::bpchar)"}]}]}, {"Node Type": "Bitmap Heap Scan", "Parent Relationship": "Inner", "Relation Name": "customer", "Alias": "customer", "Startup Cost": 1030.37, "Total Cost": 6832.48, "Plan Rows": 60000, "Plan Width": 12, "Recheck Cond": "(c_nationkey = nation.n_nationkey)", "Plans": [{"Node Type": "Bitmap Index Scan", "Parent Relationship": "Outer", "Index Name": "idx_customer_nationkey", "Startup Cost": 0.0, "Total Cost": 1015.37, "Plan Rows": 60000, "Plan Width": 0, "Index Cond": "(c_nationkey = nation.n_nationkey)"}]}]}, {"Node Type": "Index Scan", "Parent Relationship": "Inner", "Scan Direction": "Forward", "Index Name": "idx_orders_custkey", "Relation Name": "orders", "Alias": "orders", "Startup Cost": 0.0, "Total Cost": 1.24, "Plan Rows": 1, "Plan Width": 16, "Index Cond": "(o_custkey = customer.c_custkey)", "Filter": "((o_orderdate >= '1994-01-01 00:00:00'::timestamp(0) without time zone) AND (o_orderdate < '1995-01-01 00:00:00'::timestamp without time zone))"}]}, {"Node Type": "Index Scan", "Parent Relationship": "Inner", "Scan Direction": "Forward", "Index Name": "idx_lineitem_orderkey", "Relation Name": "lineitem", "Alias": "lineitem", "Startup Cost": 0.0, "Total Cost": 3.05, "Plan Rows": 9, "Plan Width": 32, "Index Cond": "(l_orderkey = orders.o_orderkey)"}]}, {"Node Type": "Index Scan", "Parent Relationship": "Inner", "Scan Direction": "Forward", "Index Name": "supplier_pkey", "Relation Name": "supplier", "Alias": "supplier", "Startup Cost": 0.0, "Total Cost": 0.27, "Plan Rows": 1, "Plan Width": 12, "Index Cond": "(s_suppkey = lineitem.l_suppkey)"}]}]}]}, "Unique SQL Id": 1392561963}, "explain_analyze_plan": {"Plan": {"Node Type": "Sort", "Startup Cost": 2730959.0, "Total Cost": 2730959.06, "Plan Rows": 25, "Plan Width": 50, "Actual Startup Time": 25560.696, "Actual Total Time": 25560.697, "Actual Rows": 5, "Actual Loops": 1, "Sort Key": ["(sum((lineitem.l_extendedprice * (1::double precision - lineitem.l_discount)))) DESC"], "Sort Method": "quicksort", "Sort Space Used": 25, "Sort Space Type": "Memory", "Plans": [{"Node Type": "Aggregate", "Strategy": "Hashed", "Parent Relationship": "Outer", "Startup Cost": 2730958.17, "Total Cost": 2730958.42, "Plan Rows": 25, "Plan Width": 50, "Actual Startup Time": 25560.651, "Actual Total Time": 25560.652, "Actual Rows": 5, "Actual Loops": 1, "Group By Key": ["nation.n_name"], "Plans": [{"Node Type": "Nested Loop", "Parent Relationship": "Outer", "Join Type": "Inner", "Startup Cost": 1030.37, "Total Cost": 2730864.27, "Plan Rows": 9390, "Plan Width": 42, "Actual Startup Time": 18.112, "Actual Total Time": 25459.86, "Actual Rows": 72985, "Actual Loops": 1, "Inner Unique": true, "Join Filter": "(customer.c_nationkey = supplier.s_nationkey)", "Rows Removed by Join Filter": 1742237, "Plans": [{"Node Type": "Nested Loop", "Parent Relationship": "Outer", "Join Type": "Inner", "Startup Cost": 1030.37, "Total Cost": 1688079.68, "Plan Rows": 3688948, "Plan Width": 58, "Actual Startup Time": 17.983, "Actual Total Time": 16094.011, "Actual Rows": 1815222, "Actual Loops": 1, "Inner Unique": false, "Plans": [{"Node Type": "Nested Loop", "Parent Relationship": "Outer", "Join Type": "Inner", "Startup Cost": 1030.37, "Total Cost": 412285.27, "Plan Rows": 406290, "Plan Width": 42, "Actual Startup Time": 17.96, "Actual Total Time": 9969.351, "Actual Rows": 454183, "Actual Loops": 1, "Inner Unique": false, "Plans": [{"Node Type": "Nested Loop", "Parent Relationship": "Outer", "Join Type": "Inner", "Startup Cost": 1030.37, "Total Cost": 37176.47, "Plan Rows": 300000, "Plan Width": 42, "Actual Startup Time": 17.88, "Actual Total Time": 683.437, "Actual Rows": 299838, "Actual Loops": 1, "Inner Unique": false, "Plans": [{"Node Type": "Nested Loop", "Parent Relationship": "Outer", "Join Type": "Inner", "Startup Cost": 0.0, "Total Cost": 14.06, "Plan Rows": 5, "Plan Width": 30, "Actual Startup Time": 0.072, "Actual Total Time": 0.232, "Actual Rows": 5, "Actual Loops": 1, "Inner Unique": true, "Join Filter": "(nation.n_regionkey = region.r_regionkey)", "Rows Removed by Join Filter": 20, "Plans": [{"Node Type": "Index Scan", "Parent Relationship": "Outer", "Scan Direction": "Forward", "Index Name": "nation_pkey", "Relation Name": "nation", "Alias": "nation", "Startup Cost": 0.0, "Total Cost": 12.62, "Plan Rows": 25, "Plan Width": 34, "Actual Startup Time": 0.029, "Actual Total Time": 0.132, "Actual Rows": 25, "Actual Loops": 1}, {"Node Type": "Materialize", "Parent Relationship": "Inner", "Startup Cost": 0.0, "Total Cost": 1.07, "Plan Rows": 1, "Plan Width": 4, "Actual Startup Time": 0.04, "Actual Total Time": 0.045, "Actual Rows": 25, "Actual Loops": 25, "Plans": [{"Node Type": "Seq Scan", "Parent Relationship": "Outer", "Relation Name": "region", "Alias": "region", "Startup Cost": 0.0, "Total Cost": 1.06, "Plan Rows": 1, "Plan Width": 4, "Actual Startup Time": 0.02, "Actual Total Time": 0.022, "Actual Rows": 1, "Actual Loops": 1, "Filter": "(r_name = 'MIDDLE EAST'::bpchar)", "Rows Removed by Filter": 4}]}]}, {"Node Type": "Bitmap Heap Scan", "Parent Relationship": "Inner", "Relation Name": "customer", "Alias": "customer", "Startup Cost": 1030.37, "Total Cost": 6832.48, "Plan Rows": 60000, "Plan Width": 12, "Actual Startup Time": 91.446, "Actual Total Time": 607.493, "Actual Rows": 299838, "Actual Loops": 5, "Recheck Cond": "(c_nationkey = nation.n_nationkey)", "Rows Removed by Index Recheck": 0, "Exact Heap Blocks": 150033, "Lossy Heap Blocks": 150033, "Plans": [{"Node Type": "Bitmap Index Scan", "Parent Relationship": "Outer", "Index Name": "idx_customer_nationkey", "Startup Cost": 0.0, "Total Cost": 1015.37, "Plan Rows": 60000, "Plan Width": 0, "Actual Startup Time": 58.188, "Actual Total Time": 58.188, "Actual Rows": 299838, "Actual Loops": 5, "Index Cond": "(c_nationkey = nation.n_nationkey)"}]}]}, {"Node Type": "Index Scan", "Parent Relationship": "Inner", "Scan Direction": "Forward", "Index Name": "idx_orders_custkey", "Relation Name": "orders", "Alias": "orders", "Startup Cost": 0.0, "Total Cost": 1.24, "Plan Rows": 1, "Plan Width": 16, "Actual Startup Time": 4239.537, "Actual Total Time": 9007.775, "Actual Rows": 454183, "Actual Loops": 299838, "Index Cond": "(o_custkey = customer.c_custkey)", "Rows Removed by Index Recheck": 0, "Filter": "((o_orderdate >= '1994-01-01 00:00:00'::timestamp(0) without time zone) AND (o_orderdate < '1995-01-01 00:00:00'::timestamp without time zone))", "Rows Removed by Filter": 2542535}]}, {"Node Type": "Index Scan", "Parent Relationship": "Inner", "Scan Direction": "Forward", "Index Name": "idx_lineitem_orderkey", "Relation Name": "lineitem", "Alias": "lineitem", "Startup Cost": 0.0, "Total Cost": 3.05, "Plan Rows": 9, "Plan Width": 32, "Actual Startup Time": 4467.091, "Actual Total Time": 5437.921, "Actual Rows": 1815222, "Actual Loops": 454183, "Index Cond": "(l_orderkey = orders.o_orderkey)", "Rows Removed by Index Recheck": 0}]}, {"Node Type": "Index Scan", "Parent Relationship": "Inner", "Scan Direction": "Forward", "Index Name": "supplier_pkey", "Relation Name": "supplier", "Alias": "supplier", "Startup Cost": 0.0, "Total Cost": 0.27, "Plan Rows": 1, "Plan Width": 12, "Actual Startup Time": 7325.932, "Actual Total Time": 7919.27, "Actual Rows": 1815222, "Actual Loops": 1815222, "Index Cond": "(s_suppkey = lineitem.l_suppkey)", "Rows Removed by Index Recheck": 0}]}]}]}, "Triggers": [], "Planner Runtime": 3.126, "Total Runtime": 25561.134, "Unique SQL Id": 1392561963}}, "(16, 113)": {"explain_plan": {"Plan": {"Node Type": "Sort", "Startup Cost": 2730970.27, "Total Cost": 2730970.34, "Plan Rows": 25, "Plan Width": 50, "Sort Key": ["(sum((lineitem.l_extendedprice * (1::double precision - lineitem.l_discount)))) DESC"], "Plans": [{"Node Type": "Aggregate", "Strategy": "Hashed", "Parent Relationship": "Outer", "Startup Cost": 2730969.44, "Total Cost": 2730969.69, "Plan Rows": 25, "Plan Width": 50, "Group By Key": ["nation.n_name"], "Plans": [{"Node Type": "Nested Loop", "Parent Relationship": "Outer", "Join Type": "Inner", "Startup Cost": 1030.37, "Total Cost": 2730875.54, "Plan Rows": 9390, "Plan Width": 42, "Inner Unique": true, "Join Filter": "(customer.c_nationkey = supplier.s_nationkey)", "Plans": [{"Node Type": "Nested Loop", "Parent Relationship": "Outer", "Join Type": "Inner", "Startup Cost": 1030.37, "Total Cost": 1688090.96, "Plan Rows": 3688948, "Plan Width": 58, "Inner Unique": false, "Plans": [{"Node Type": "Nested Loop", "Parent Relationship": "Outer", "Join Type": "Inner", "Startup Cost": 1030.37, "Total Cost": 412296.55, "Plan Rows": 406290, "Plan Width": 42, "Inner Unique": false, "Plans": [{"Node Type": "Nested Loop", "Parent Relationship": "Outer", "Join Type": "Inner", "Startup Cost": 1030.37, "Total Cost": 37187.75, "Plan Rows": 300000, "Plan Width": 42, "Inner Unique": false, "Plans": [{"Node Type": "Nested Loop", "Parent Relationship": "Outer", "Join Type": "Inner", "Startup Cost": 0.0, "Total Cost": 25.34, "Plan Rows": 5, "Plan Width": 30, "Inner Unique": true, "Join Filter": "(nation.n_regionkey = region.r_regionkey)", "Plans": [{"Node Type": "Index Scan", "Parent Relationship": "Outer", "Scan Direction": "Forward", "Index Name": "nation_pkey", "Relation Name": "nation", "Alias": "nation", "Startup Cost": 0.0, "Total Cost": 12.62, "Plan Rows": 25, "Plan Width": 34}, {"Node Type": "Materialize", "Parent Relationship": "Inner", "Startup Cost": 0.0, "Total Cost": 12.34, "Plan Rows": 1, "Plan Width": 4, "Plans": [{"Node Type": "Index Scan", "Parent Relationship": "Outer", "Scan Direction": "Forward", "Index Name": "region_pkey", "Relation Name": "region", "Alias": "region", "Startup Cost": 0.0, "Total Cost": 12.34, "Plan Rows": 1, "Plan Width": 4, "Filter": "(r_name = 'MIDDLE EAST'::bpchar)"}]}]}, {"Node Type": "Bitmap Heap Scan", "Parent Relationship": "Inner", "Relation Name": "customer", "Alias": "customer", "Startup Cost": 1030.37, "Total Cost": 6832.48, "Plan Rows": 60000, "Plan Width": 12, "Recheck Cond": "(c_nationkey = nation.n_nationkey)", "Plans": [{"Node Type": "Bitmap Index Scan", "Parent Relationship": "Outer", "Index Name": "idx_customer_nationkey", "Startup Cost": 0.0, "Total Cost": 1015.37, "Plan Rows": 60000, "Plan Width": 0, "Index Cond": "(c_nationkey = nation.n_nationkey)"}]}]}, {"Node Type": "Index Scan", "Parent Relationship": "Inner", "Scan Direction": "Forward", "Index Name": "idx_orders_custkey", "Relation Name": "orders", "Alias": "orders", "Startup Cost": 0.0, "Total Cost": 1.24, "Plan Rows": 1, "Plan Width": 16, "Index Cond": "(o_custkey = customer.c_custkey)", "Filter": "((o_orderdate >= '1994-01-01 00:00:00'::timestamp(0) without time zone) AND (o_orderdate < '1995-01-01 00:00:00'::timestamp without time zone))"}]}, {"Node Type": "Index Scan", "Parent Relationship": "Inner", "Scan Direction": "Forward", "Index Name": "idx_lineitem_orderkey", "Relation Name": "lineitem", "Alias": "lineitem", "Startup Cost": 0.0, "Total Cost": 3.05, "Plan Rows": 9, "Plan Width": 32, "Index Cond": "(l_orderkey = orders.o_orderkey)"}]}, {"Node Type": "Index Scan", "Parent Relationship": "Inner", "Scan Direction": "Forward", "Index Name": "supplier_pkey", "Relation Name": "supplier", "Alias": "supplier", "Startup Cost": 0.0, "Total Cost": 0.27, "Plan Rows": 1, "Plan Width": 12, "Index Cond": "(s_suppkey = lineitem.l_suppkey)"}]}]}]}, "Unique SQL Id": 1392561963}, "explain_analyze_plan": {"Plan": {"Node Type": "Sort", "Startup Cost": 2730970.27, "Total Cost": 2730970.34, "Plan Rows": 25, "Plan Width": 50, "Actual Startup Time": 25561.412, "Actual Total Time": 25561.413, "Actual Rows": 5, "Actual Loops": 1, "Sort Key": ["(sum((lineitem.l_extendedprice * (1::double precision - lineitem.l_discount)))) DESC"], "Sort Method": "quicksort", "Sort Space Used": 25, "Sort Space Type": "Memory", "Plans": [{"Node Type": "Aggregate", "Strategy": "Hashed", "Parent Relationship": "Outer", "Startup Cost": 2730969.44, "Total Cost": 2730969.69, "Plan Rows": 25, "Plan Width": 50, "Actual Startup Time": 25561.366, "Actual Total Time": 25561.37, "Actual Rows": 5, "Actual Loops": 1, "Group By Key": ["nation.n_name"], "Plans": [{"Node Type": "Nested Loop", "Parent Relationship": "Outer", "Join Type": "Inner", "Startup Cost": 1030.37, "Total Cost": 2730875.54, "Plan Rows": 9390, "Plan Width": 42, "Actual Startup Time": 18.271, "Actual Total Time": 25459.659, "Actual Rows": 72985, "Actual Loops": 1, "Inner Unique": true, "Join Filter": "(customer.c_nationkey = supplier.s_nationkey)", "Rows Removed by Join Filter": 1742237, "Plans": [{"Node Type": "Nested Loop", "Parent Relationship": "Outer", "Join Type": "Inner", "Startup Cost": 1030.37, "Total Cost": 1688090.96, "Plan Rows": 3688948, "Plan Width": 58, "Actual Startup Time": 18.127, "Actual Total Time": 16148.872, "Actual Rows": 1815222, "Actual Loops": 1, "Inner Unique": false, "Plans": [{"Node Type": "Nested Loop", "Parent Relationship": "Outer", "Join Type": "Inner", "Startup Cost": 1030.37, "Total Cost": 412296.55, "Plan Rows": 406290, "Plan Width": 42, "Actual Startup Time": 18.104, "Actual Total Time": 10052.632, "Actual Rows": 454183, "Actual Loops": 1, "Inner Unique": false, "Plans": [{"Node Type": "Nested Loop", "Parent Relationship": "Outer", "Join Type": "Inner", "Startup Cost": 1030.37, "Total Cost": 37187.75, "Plan Rows": 300000, "Plan Width": 42, "Actual Startup Time": 18.019, "Actual Total Time": 682.571, "Actual Rows": 299838, "Actual Loops": 1, "Inner Unique": false, "Plans": [{"Node Type": "Nested Loop", "Parent Relationship": "Outer", "Join Type": "Inner", "Startup Cost": 0.0, "Total Cost": 25.34, "Plan Rows": 5, "Plan Width": 30, "Actual Startup Time": 0.059, "Actual Total Time": 0.138, "Actual Rows": 5, "Actual Loops": 1, "Inner Unique": true, "Join Filter": "(nation.n_regionkey = region.r_regionkey)", "Rows Removed by Join Filter": 20, "Plans": [{"Node Type": "Index Scan", "Parent Relationship": "Outer", "Scan Direction": "Forward", "Index Name": "nation_pkey", "Relation Name": "nation", "Alias": "nation", "Startup Cost": 0.0, "Total Cost": 12.62, "Plan Rows": 25, "Plan Width": 34, "Actual Startup Time": 0.023, "Actual Total Time": 0.056, "Actual Rows": 25, "Actual Loops": 1}, {"Node Type": "Materialize", "Parent Relationship": "Inner", "Startup Cost": 0.0, "Total Cost": 12.34, "Plan Rows": 1, "Plan Width": 4, "Actual Startup Time": 0.034, "Actual Total Time": 0.037, "Actual Rows": 25, "Actual Loops": 25, "Plans": [{"Node Type": "Index Scan", "Parent Relationship": "Outer", "Scan Direction": "Forward", "Index Name": "region_pkey", "Relation Name": "region", "Alias": "region", "Startup Cost": 0.0, "Total Cost": 12.34, "Plan Rows": 1, "Plan Width": 4, "Actual Startup Time": 0.017, "Actual Total Time": 0.019, "Actual Rows": 1, "Actual Loops": 1, "Filter": "(r_name = 'MIDDLE EAST'::bpchar)", "Rows Removed by Filter": 4}]}]}, {"Node Type": "Bitmap Heap Scan", "Parent Relationship": "Inner", "Relation Name": "customer", "Alias": "customer", "Startup Cost": 1030.37, "Total Cost": 6832.48, "Plan Rows": 60000, "Plan Width": 12, "Actual Startup Time": 93.813, "Actual Total Time": 605.535, "Actual Rows": 299838, "Actual Loops": 5, "Recheck Cond": "(c_nationkey = nation.n_nationkey)", "Rows Removed by Index Recheck": 0, "Exact Heap Blocks": 150033, "Lossy Heap Blocks": 150033, "Plans": [{"Node Type": "Bitmap Index Scan", "Parent Relationship": "Outer", "Index Name": "idx_customer_nationkey", "Startup Cost": 0.0, "Total Cost": 1015.37, "Plan Rows": 60000, "Plan Width": 0, "Actual Startup Time": 60.439, "Actual Total Time": 60.439, "Actual Rows": 299838, "Actual Loops": 5, "Index Cond": "(c_nationkey = nation.n_nationkey)"}]}]}, {"Node Type": "Index Scan", "Parent Relationship": "Inner", "Scan Direction": "Forward", "Index Name": "idx_orders_custkey", "Relation Name": "orders", "Alias": "orders", "Startup Cost": 0.0, "Total Cost": 1.24, "Plan Rows": 1, "Plan Width": 16, "Actual Startup Time": 4259.215, "Actual Total Time": 9084.825, "Actual Rows": 454183, "Actual Loops": 299838, "Index Cond": "(o_custkey = customer.c_custkey)", "Rows Removed by Index Recheck": 0, "Filter": "((o_orderdate >= '1994-01-01 00:00:00'::timestamp(0) without time zone) AND (o_orderdate < '1995-01-01 00:00:00'::timestamp without time zone))", "Rows Removed by Filter": 2542535}]}, {"Node Type": "Index Scan", "Parent Relationship": "Inner", "Scan Direction": "Forward", "Index Name": "idx_lineitem_orderkey", "Relation Name": "lineitem", "Alias": "lineitem", "Startup Cost": 0.0, "Total Cost": 3.05, "Plan Rows": 9, "Plan Width": 32, "Actual Startup Time": 4446.755, "Actual Total Time": 5408.453, "Actual Rows": 1815222, "Actual Loops": 454183, "Index Cond": "(l_orderkey = orders.o_orderkey)", "Rows Removed by Index Recheck": 0}]}, {"Node Type": "Index Scan", "Parent Relationship": "Inner", "Scan Direction": "Forward", "Index Name": "supplier_pkey", "Relation Name": "supplier", "Alias": "supplier", "Startup Cost": 0.0, "Total Cost": 0.27, "Plan Rows": 1, "Plan Width": 12, "Actual Startup Time": 7280.79, "Actual Total Time": 7875.838, "Actual Rows": 1815222, "Actual Loops": 1815222, "Index Cond": "(s_suppkey = lineitem.l_suppkey)", "Rows Removed by Index Recheck": 0}]}]}]}, "Triggers": [], "Planner Runtime": 2.854, "Total Runtime": 25561.915, "Unique SQL Id": 1392561963}}, "(16, 114)": {"explain_plan": {"Plan": {"Node Type": "Sort", "Startup Cost": 19319777.54, "Total Cost": 19319777.6, "Plan Rows": 25, "Plan Width": 50, "Sort Key": ["(sum((lineitem.l_extendedprice * (1::double precision - lineitem.l_discount)))) DESC"], "Plans": [{"Node Type": "Aggregate", "Strategy": "Hashed", "Parent Relationship": "Outer", "Startup Cost": 19319776.71, "Total Cost": 19319776.96, "Plan Rows": 25, "Plan Width": 50, "Group By Key": ["nation.n_name"], "Plans": [{"Node Type": "Nested Loop", "Parent Relationship": "Outer", "Join Type": "Inner", "Startup Cost": 1.42, "Total Cost": 19319682.81, "Plan Rows": 9390, "Plan Width": 42, "Inner Unique": true, "Join Filter": "(customer.c_nationkey = supplier.s_nationkey)", "Plans": [{"Node Type": "Nested Loop", "Parent Relationship": "Outer", "Join Type": "Inner", "Startup Cost": 1.16, "Total Cost": 3520745.57, "Plan Rows": 3688948, "Plan Width": 58, "Inner Unique": false, "Plans": [{"Node Type": "Nested Loop", "Parent Relationship": "Outer", "Join Type": "Inner", "Startup Cost": 0.43, "Total Cost": 1518677.24, "Plan Rows": 406290, "Plan Width": 42, "Inner Unique": false, "Plans": [{"Node Type": "Nested Loop", "Parent Relationship": "Outer", "Join Type": "Inner", "Startup Cost": 0.0, "Total Cost": 164628.64, "Plan Rows": 300000, "Plan Width": 42, "Inner Unique": false, "Join Filter": "(nation.n_nationkey = customer.c_nationkey), (LLVM Optimized)", "Plans": [{"Node Type": "Seq Scan", "Parent Relationship": "Outer", "Relation Name": "customer", "Alias": "customer", "Startup Cost": 0.0, "Total Cost": 52126.0, "Plan Rows": 1500000, "Plan Width": 12}, {"Node Type": "Materialize", "Parent Relationship": "Inner", "Startup Cost": 0.0, "Total Cost": 2.65, "Plan Rows": 5, "Plan Width": 30, "Plans": [{"Node Type": "Nested Loop", "Parent Relationship": "Outer", "Join Type": "Inner", "Startup Cost": 0.0, "Total Cost": 2.62, "Plan Rows": 5, "Plan Width": 30, "Inner Unique": false, "Join Filter": "(nation.n_regionkey = region.r_regionkey)", "Plans": [{"Node Type": "Seq Scan", "Parent Relationship": "Outer", "Relation Name": "region", "Alias": "region", "Startup Cost": 0.0, "Total Cost": 1.06, "Plan Rows": 1, "Plan Width": 4, "Filter": "(r_name = 'MIDDLE EAST'::bpchar)"}, {"Node Type": "Seq Scan", "Parent Relationship": "Inner", "Relation Name": "nation", "Alias": "nation", "Startup Cost": 0.0, "Total Cost": 1.25, "Plan Rows": 25, "Plan Width": 34}]}]}]}, {"Node Type": "Bitmap Heap Scan", "Parent Relationship": "Inner", "Relation Name": "orders", "Alias": "orders", "Startup Cost": 0.43, "Total Cost": 4.5, "Plan Rows": 1, "Plan Width": 16, "Recheck Cond": "(o_custkey = customer.c_custkey)", "Filter": "((o_orderdate >= '1994-01-01 00:00:00'::timestamp(0) without time zone) AND (o_orderdate < '1995-01-01 00:00:00'::timestamp without time zone))", "Plans": [{"Node Type": "Bitmap Index Scan", "Parent Relationship": "Outer", "Index Name": "idx_orders_custkey", "Startup Cost": 0.0, "Total Cost": 0.43, "Plan Rows": 4, "Plan Width": 0, "Index Cond": "(o_custkey = customer.c_custkey)"}]}]}, {"Node Type": "Bitmap Heap Scan", "Parent Relationship": "Inner", "Relation Name": "lineitem", "Alias": "lineitem", "Startup Cost": 0.73, "Total Cost": 4.84, "Plan Rows": 9, "Plan Width": 32, "Recheck Cond": "(l_orderkey = orders.o_orderkey)", "Plans": [{"Node Type": "Bitmap Index Scan", "Parent Relationship": "Outer", "Index Name": "idx_lineitem_orderkey", "Startup Cost": 0.0, "Total Cost": 0.72, "Plan Rows": 9, "Plan Width": 0, "Index Cond": "(l_orderkey = orders.o_orderkey)"}]}]}, {"Node Type": "Bitmap Heap Scan", "Parent Relationship": "Inner", "Relation Name": "supplier", "Alias": "supplier", "Startup Cost": 0.26, "Total Cost": 4.27, "Plan Rows": 1, "Plan Width": 12, "Recheck Cond": "(s_suppkey = lineitem.l_suppkey)", "Plans": [{"Node Type": "Bitmap Index Scan", "Parent Relationship": "Outer", "Index Name": "supplier_pkey", "Startup Cost": 0.0, "Total Cost": 0.26, "Plan Rows": 1, "Plan Width": 0, "Index Cond": "(s_suppkey = lineitem.l_suppkey)"}]}]}]}]}, "Unique SQL Id": 1392561963}, "explain_analyze_plan": null}, "(16, 115)": {"explain_plan": {"Plan": {"Node Type": "Sort", "Startup Cost": 46003135.57, "Total Cost": 46003135.63, "Plan Rows": 25, "Plan Width": 50, "Sort Key": ["(sum((lineitem.l_extendedprice * (1::double precision - lineitem.l_discount)))) DESC"], "Plans": [{"Node Type": "Aggregate", "Strategy": "Hashed", "Parent Relationship": "Outer", "Startup Cost": 46003134.74, "Total Cost": 46003134.99, "Plan Rows": 25, "Plan Width": 50, "Group By Key": ["nation.n_name"], "Plans": [{"Node Type": "Nested Loop", "Parent Relationship": "Outer", "Join Type": "Inner", "Startup Cost": 58362.35, "Total Cost": 46003040.84, "Plan Rows": 9390, "Plan Width": 42, "Inner Unique": true, "Join Filter": "(customer.c_nationkey = supplier.s_nationkey)", "Plans": [{"Node Type": "Nested Loop", "Parent Relationship": "Outer", "Join Type": "Inner", "Startup Cost": 58362.1, "Total Cost": 30204103.6, "Plan Rows": 3688948, "Plan Width": 58, "Inner Unique": false, "Plans": [{"Node Type": "Nested Loop", "Parent Relationship": "Outer", "Join Type": "Inner", "Startup Cost": 58361.37, "Total Cost": 28202035.27, "Plan Rows": 406290, "Plan Width": 42, "Inner Unique": true, "Plans": [{"Node Type": "Nested Loop", "Parent Relationship": "Outer", "Join Type": "Inner", "Startup Cost": 58360.79, "Total Cost": 18851769.58, "Plan Rows": 2031452, "Plan Width": 46, "Inner Unique": true, "Plans": [{"Node Type": "Nested Loop", "Parent Relationship": "Outer", "Join Type": "Inner", "Startup Cost": 58360.54, "Total Cost": 10156636.32, "Plan Rows": 2031452, "Plan Width": 12, "Inner Unique": true, "Plans": [{"Node Type": "Bitmap Heap Scan", "Parent Relationship": "Outer", "Relation Name": "orders", "Alias": "orders", "Startup Cost": 58360.27, "Total Cost": 369005.64, "Plan Rows": 2281758, "Plan Width": 16, "Recheck Cond": "((o_orderdate >= '1994-01-01 00:00:00'::timestamp(0) without time zone) AND (o_orderdate < '1995-01-01 00:00:00'::timestamp without time zone)), (LLVM Optimized)", "Plans": [{"Node Type": "Bitmap Index Scan", "Parent Relationship": "Outer", "Index Name": "idx_orders_orderdate", "Startup Cost": 0.0, "Total Cost": 57789.83, "Plan Rows": 2281758, "Plan Width": 0, "Index Cond": "((o_orderdate >= '1994-01-01 00:00:00'::timestamp(0) without time zone) AND (o_orderdate < '1995-01-01 00:00:00'::timestamp without time zone))"}]}, {"Node Type": "Bitmap Heap Scan", "Parent Relationship": "Inner", "Relation Name": "customer", "Alias": "customer", "Startup Cost": 0.27, "Total Cost": 4.28, "Plan Rows": 1, "Plan Width": 12, "Recheck Cond": "(c_custkey = orders.o_custkey)", "Plans": [{"Node Type": "Bitmap Index Scan", "Parent Relationship": "Outer", "Index Name": "customer_pkey", "Startup Cost": 0.0, "Total Cost": 0.27, "Plan Rows": 1, "Plan Width": 0, "Index Cond": "(c_custkey = orders.o_custkey)"}]}]}, {"Node Type": "Bitmap Heap Scan", "Parent Relationship": "Inner", "Relation Name": "nation", "Alias": "nation", "Startup Cost": 0.26, "Total Cost": 4.27, "Plan Rows": 1, "Plan Width": 34, "Recheck Cond": "(n_nationkey = customer.c_nationkey)", "Plans": [{"Node Type": "Bitmap Index Scan", "Parent Relationship": "Outer", "Index Name": "nation_pkey", "Startup Cost": 0.0, "Total Cost": 0.26, "Plan Rows": 1, "Plan Width": 0, "Index Cond": "(n_nationkey = customer.c_nationkey)"}]}]}, {"Node Type": "Bitmap Heap Scan", "Parent Relationship": "Inner", "Relation Name": "region", "Alias": "region", "Startup Cost": 0.58, "Total Cost": 4.59, "Plan Rows": 1, "Plan Width": 4, "Recheck Cond": "(r_regionkey = nation.n_regionkey)", "Filter": "(r_name = 'MIDDLE EAST'::bpchar)", "Plans": [{"Node Type": "Bitmap Index Scan", "Parent Relationship": "Outer", "Index Name": "region_pkey", "Startup Cost": 0.0, "Total Cost": 0.58, "Plan Rows": 1, "Plan Width": 0, "Index Cond": "(r_regionkey = nation.n_regionkey)"}]}]}, {"Node Type": "Bitmap Heap Scan", "Parent Relationship": "Inner", "Relation Name": "lineitem", "Alias": "lineitem", "Startup Cost": 0.73, "Total Cost": 4.84, "Plan Rows": 9, "Plan Width": 32, "Recheck Cond": "(l_orderkey = orders.o_orderkey)", "Plans": [{"Node Type": "Bitmap Index Scan", "Parent Relationship": "Outer", "Index Name": "idx_lineitem_orderkey", "Startup Cost": 0.0, "Total Cost": 0.72, "Plan Rows": 9, "Plan Width": 0, "Index Cond": "(l_orderkey = orders.o_orderkey)"}]}]}, {"Node Type": "Bitmap Heap Scan", "Parent Relationship": "Inner", "Relation Name": "supplier", "Alias": "supplier", "Startup Cost": 0.26, "Total Cost": 4.27, "Plan Rows": 1, "Plan Width": 12, "Recheck Cond": "(s_suppkey = lineitem.l_suppkey)", "Plans": [{"Node Type": "Bitmap Index Scan", "Parent Relationship": "Outer", "Index Name": "supplier_pkey", "Startup Cost": 0.0, "Total Cost": 0.26, "Plan Rows": 1, "Plan Width": 0, "Index Cond": "(s_suppkey = lineitem.l_suppkey)"}]}]}]}]}, "Unique SQL Id": 1392561963}, "explain_analyze_plan": null}, "(16, 116)": {"explain_plan": {"Plan": {"Node Type": "Sort", "Startup Cost": 2730959.0, "Total Cost": 2730959.06, "Plan Rows": 25, "Plan Width": 50, "Sort Key": ["(sum((lineitem.l_extendedprice * (1::double precision - lineitem.l_discount)))) DESC"], "Plans": [{"Node Type": "Aggregate", "Strategy": "Hashed", "Parent Relationship": "Outer", "Startup Cost": 2730958.17, "Total Cost": 2730958.42, "Plan Rows": 25, "Plan Width": 50, "Group By Key": ["nation.n_name"], "Plans": [{"Node Type": "Nested Loop", "Parent Relationship": "Outer", "Join Type": "Inner", "Startup Cost": 1030.37, "Total Cost": 2730864.27, "Plan Rows": 9390, "Plan Width": 42, "Inner Unique": true, "Join Filter": "(customer.c_nationkey = supplier.s_nationkey)", "Plans": [{"Node Type": "Nested Loop", "Parent Relationship": "Outer", "Join Type": "Inner", "Startup Cost": 1030.37, "Total Cost": 1688079.68, "Plan Rows": 3688948, "Plan Width": 58, "Inner Unique": false, "Plans": [{"Node Type": "Nested Loop", "Parent Relationship": "Outer", "Join Type": "Inner", "Startup Cost": 1030.37, "Total Cost": 412285.27, "Plan Rows": 406290, "Plan Width": 42, "Inner Unique": false, "Plans": [{"Node Type": "Nested Loop", "Parent Relationship": "Outer", "Join Type": "Inner", "Startup Cost": 1030.37, "Total Cost": 37176.47, "Plan Rows": 300000, "Plan Width": 42, "Inner Unique": false, "Plans": [{"Node Type": "Nested Loop", "Parent Relationship": "Outer", "Join Type": "Inner", "Startup Cost": 0.0, "Total Cost": 14.06, "Plan Rows": 5, "Plan Width": 30, "Inner Unique": true, "Join Filter": "(nation.n_regionkey = region.r_regionkey)", "Plans": [{"Node Type": "Index Scan", "Parent Relationship": "Outer", "Scan Direction": "Forward", "Index Name": "nation_pkey", "Relation Name": "nation", "Alias": "nation", "Startup Cost": 0.0, "Total Cost": 12.62, "Plan Rows": 25, "Plan Width": 34}, {"Node Type": "Materialize", "Parent Relationship": "Inner", "Startup Cost": 0.0, "Total Cost": 1.07, "Plan Rows": 1, "Plan Width": 4, "Plans": [{"Node Type": "Seq Scan", "Parent Relationship": "Outer", "Relation Name": "region", "Alias": "region", "Startup Cost": 0.0, "Total Cost": 1.06, "Plan Rows": 1, "Plan Width": 4, "Filter": "(r_name = 'MIDDLE EAST'::bpchar)"}]}]}, {"Node Type": "Bitmap Heap Scan", "Parent Relationship": "Inner", "Relation Name": "customer", "Alias": "customer", "Startup Cost": 1030.37, "Total Cost": 6832.48, "Plan Rows": 60000, "Plan Width": 12, "Recheck Cond": "(c_nationkey = nation.n_nationkey)", "Plans": [{"Node Type": "Bitmap Index Scan", "Parent Relationship": "Outer", "Index Name": "idx_customer_nationkey", "Startup Cost": 0.0, "Total Cost": 1015.37, "Plan Rows": 60000, "Plan Width": 0, "Index Cond": "(c_nationkey = nation.n_nationkey)"}]}]}, {"Node Type": "Index Scan", "Parent Relationship": "Inner", "Scan Direction": "Forward", "Index Name": "idx_orders_custkey", "Relation Name": "orders", "Alias": "orders", "Startup Cost": 0.0, "Total Cost": 1.24, "Plan Rows": 1, "Plan Width": 16, "Index Cond": "(o_custkey = customer.c_custkey)", "Filter": "((o_orderdate >= '1994-01-01 00:00:00'::timestamp(0) without time zone) AND (o_orderdate < '1995-01-01 00:00:00'::timestamp without time zone))"}]}, {"Node Type": "Index Scan", "Parent Relationship": "Inner", "Scan Direction": "Forward", "Index Name": "idx_lineitem_orderkey", "Relation Name": "lineitem", "Alias": "lineitem", "Startup Cost": 0.0, "Total Cost": 3.05, "Plan Rows": 9, "Plan Width": 32, "Index Cond": "(l_orderkey = orders.o_orderkey)"}]}, {"Node Type": "Index Scan", "Parent Relationship": "Inner", "Scan Direction": "Forward", "Index Name": "supplier_pkey", "Relation Name": "supplier", "Alias": "supplier", "Startup Cost": 0.0, "Total Cost": 0.27, "Plan Rows": 1, "Plan Width": 12, "Index Cond": "(s_suppkey = lineitem.l_suppkey)"}]}]}]}, "Unique SQL Id": 1392561963}, "explain_analyze_plan": {"Plan": {"Node Type": "Sort", "Startup Cost": 2730959.0, "Total Cost": 2730959.06, "Plan Rows": 25, "Plan Width": 50, "Actual Startup Time": 25560.696, "Actual Total Time": 25560.697, "Actual Rows": 5, "Actual Loops": 1, "Sort Key": ["(sum((lineitem.l_extendedprice * (1::double precision - lineitem.l_discount)))) DESC"], "Sort Method": "quicksort", "Sort Space Used": 25, "Sort Space Type": "Memory", "Plans": [{"Node Type": "Aggregate", "Strategy": "Hashed", "Parent Relationship": "Outer", "Startup Cost": 2730958.17, "Total Cost": 2730958.42, "Plan Rows": 25, "Plan Width": 50, "Actual Startup Time": 25560.651, "Actual Total Time": 25560.652, "Actual Rows": 5, "Actual Loops": 1, "Group By Key": ["nation.n_name"], "Plans": [{"Node Type": "Nested Loop", "Parent Relationship": "Outer", "Join Type": "Inner", "Startup Cost": 1030.37, "Total Cost": 2730864.27, "Plan Rows": 9390, "Plan Width": 42, "Actual Startup Time": 18.112, "Actual Total Time": 25459.86, "Actual Rows": 72985, "Actual Loops": 1, "Inner Unique": true, "Join Filter": "(customer.c_nationkey = supplier.s_nationkey)", "Rows Removed by Join Filter": 1742237, "Plans": [{"Node Type": "Nested Loop", "Parent Relationship": "Outer", "Join Type": "Inner", "Startup Cost": 1030.37, "Total Cost": 1688079.68, "Plan Rows": 3688948, "Plan Width": 58, "Actual Startup Time": 17.983, "Actual Total Time": 16094.011, "Actual Rows": 1815222, "Actual Loops": 1, "Inner Unique": false, "Plans": [{"Node Type": "Nested Loop", "Parent Relationship": "Outer", "Join Type": "Inner", "Startup Cost": 1030.37, "Total Cost": 412285.27, "Plan Rows": 406290, "Plan Width": 42, "Actual Startup Time": 17.96, "Actual Total Time": 9969.351, "Actual Rows": 454183, "Actual Loops": 1, "Inner Unique": false, "Plans": [{"Node Type": "Nested Loop", "Parent Relationship": "Outer", "Join Type": "Inner", "Startup Cost": 1030.37, "Total Cost": 37176.47, "Plan Rows": 300000, "Plan Width": 42, "Actual Startup Time": 17.88, "Actual Total Time": 683.437, "Actual Rows": 299838, "Actual Loops": 1, "Inner Unique": false, "Plans": [{"Node Type": "Nested Loop", "Parent Relationship": "Outer", "Join Type": "Inner", "Startup Cost": 0.0, "Total Cost": 14.06, "Plan Rows": 5, "Plan Width": 30, "Actual Startup Time": 0.072, "Actual Total Time": 0.232, "Actual Rows": 5, "Actual Loops": 1, "Inner Unique": true, "Join Filter": "(nation.n_regionkey = region.r_regionkey)", "Rows Removed by Join Filter": 20, "Plans": [{"Node Type": "Index Scan", "Parent Relationship": "Outer", "Scan Direction": "Forward", "Index Name": "nation_pkey", "Relation Name": "nation", "Alias": "nation", "Startup Cost": 0.0, "Total Cost": 12.62, "Plan Rows": 25, "Plan Width": 34, "Actual Startup Time": 0.029, "Actual Total Time": 0.132, "Actual Rows": 25, "Actual Loops": 1}, {"Node Type": "Materialize", "Parent Relationship": "Inner", "Startup Cost": 0.0, "Total Cost": 1.07, "Plan Rows": 1, "Plan Width": 4, "Actual Startup Time": 0.04, "Actual Total Time": 0.045, "Actual Rows": 25, "Actual Loops": 25, "Plans": [{"Node Type": "Seq Scan", "Parent Relationship": "Outer", "Relation Name": "region", "Alias": "region", "Startup Cost": 0.0, "Total Cost": 1.06, "Plan Rows": 1, "Plan Width": 4, "Actual Startup Time": 0.02, "Actual Total Time": 0.022, "Actual Rows": 1, "Actual Loops": 1, "Filter": "(r_name = 'MIDDLE EAST'::bpchar)", "Rows Removed by Filter": 4}]}]}, {"Node Type": "Bitmap Heap Scan", "Parent Relationship": "Inner", "Relation Name": "customer", "Alias": "customer", "Startup Cost": 1030.37, "Total Cost": 6832.48, "Plan Rows": 60000, "Plan Width": 12, "Actual Startup Time": 91.446, "Actual Total Time": 607.493, "Actual Rows": 299838, "Actual Loops": 5, "Recheck Cond": "(c_nationkey = nation.n_nationkey)", "Rows Removed by Index Recheck": 0, "Exact Heap Blocks": 150033, "Lossy Heap Blocks": 150033, "Plans": [{"Node Type": "Bitmap Index Scan", "Parent Relationship": "Outer", "Index Name": "idx_customer_nationkey", "Startup Cost": 0.0, "Total Cost": 1015.37, "Plan Rows": 60000, "Plan Width": 0, "Actual Startup Time": 58.188, "Actual Total Time": 58.188, "Actual Rows": 299838, "Actual Loops": 5, "Index Cond": "(c_nationkey = nation.n_nationkey)"}]}]}, {"Node Type": "Index Scan", "Parent Relationship": "Inner", "Scan Direction": "Forward", "Index Name": "idx_orders_custkey", "Relation Name": "orders", "Alias": "orders", "Startup Cost": 0.0, "Total Cost": 1.24, "Plan Rows": 1, "Plan Width": 16, "Actual Startup Time": 4239.537, "Actual Total Time": 9007.775, "Actual Rows": 454183, "Actual Loops": 299838, "Index Cond": "(o_custkey = customer.c_custkey)", "Rows Removed by Index Recheck": 0, "Filter": "((o_orderdate >= '1994-01-01 00:00:00'::timestamp(0) without time zone) AND (o_orderdate < '1995-01-01 00:00:00'::timestamp without time zone))", "Rows Removed by Filter": 2542535}]}, {"Node Type": "Index Scan", "Parent Relationship": "Inner", "Scan Direction": "Forward", "Index Name": "idx_lineitem_orderkey", "Relation Name": "lineitem", "Alias": "lineitem", "Startup Cost": 0.0, "Total Cost": 3.05, "Plan Rows": 9, "Plan Width": 32, "Actual Startup Time": 4467.091, "Actual Total Time": 5437.921, "Actual Rows": 1815222, "Actual Loops": 454183, "Index Cond": "(l_orderkey = orders.o_orderkey)", "Rows Removed by Index Recheck": 0}]}, {"Node Type": "Index Scan", "Parent Relationship": "Inner", "Scan Direction": "Forward", "Index Name": "supplier_pkey", "Relation Name": "supplier", "Alias": "supplier", "Startup Cost": 0.0, "Total Cost": 0.27, "Plan Rows": 1, "Plan Width": 12, "Actual Startup Time": 7325.932, "Actual Total Time": 7919.27, "Actual Rows": 1815222, "Actual Loops": 1815222, "Index Cond": "(s_suppkey = lineitem.l_suppkey)", "Rows Removed by Index Recheck": 0}]}]}]}, "Triggers": [], "Planner Runtime": 3.126, "Total Runtime": 25561.134, "Unique SQL Id": 1392561963}}, "(16, 117)": {"explain_plan": {"Plan": {"Node Type": "Sort", "Startup Cost": 2730970.27, "Total Cost": 2730970.34, "Plan Rows": 25, "Plan Width": 50, "Sort Key": ["(sum((lineitem.l_extendedprice * (1::double precision - lineitem.l_discount)))) DESC"], "Plans": [{"Node Type": "Aggregate", "Strategy": "Hashed", "Parent Relationship": "Outer", "Startup Cost": 2730969.44, "Total Cost": 2730969.69, "Plan Rows": 25, "Plan Width": 50, "Group By Key": ["nation.n_name"], "Plans": [{"Node Type": "Nested Loop", "Parent Relationship": "Outer", "Join Type": "Inner", "Startup Cost": 1030.37, "Total Cost": 2730875.54, "Plan Rows": 9390, "Plan Width": 42, "Inner Unique": true, "Join Filter": "(customer.c_nationkey = supplier.s_nationkey)", "Plans": [{"Node Type": "Nested Loop", "Parent Relationship": "Outer", "Join Type": "Inner", "Startup Cost": 1030.37, "Total Cost": 1688090.96, "Plan Rows": 3688948, "Plan Width": 58, "Inner Unique": false, "Plans": [{"Node Type": "Nested Loop", "Parent Relationship": "Outer", "Join Type": "Inner", "Startup Cost": 1030.37, "Total Cost": 412296.55, "Plan Rows": 406290, "Plan Width": 42, "Inner Unique": false, "Plans": [{"Node Type": "Nested Loop", "Parent Relationship": "Outer", "Join Type": "Inner", "Startup Cost": 1030.37, "Total Cost": 37187.75, "Plan Rows": 300000, "Plan Width": 42, "Inner Unique": false, "Plans": [{"Node Type": "Nested Loop", "Parent Relationship": "Outer", "Join Type": "Inner", "Startup Cost": 0.0, "Total Cost": 25.34, "Plan Rows": 5, "Plan Width": 30, "Inner Unique": true, "Join Filter": "(nation.n_regionkey = region.r_regionkey)", "Plans": [{"Node Type": "Index Scan", "Parent Relationship": "Outer", "Scan Direction": "Forward", "Index Name": "nation_pkey", "Relation Name": "nation", "Alias": "nation", "Startup Cost": 0.0, "Total Cost": 12.62, "Plan Rows": 25, "Plan Width": 34}, {"Node Type": "Materialize", "Parent Relationship": "Inner", "Startup Cost": 0.0, "Total Cost": 12.34, "Plan Rows": 1, "Plan Width": 4, "Plans": [{"Node Type": "Index Scan", "Parent Relationship": "Outer", "Scan Direction": "Forward", "Index Name": "region_pkey", "Relation Name": "region", "Alias": "region", "Startup Cost": 0.0, "Total Cost": 12.34, "Plan Rows": 1, "Plan Width": 4, "Filter": "(r_name = 'MIDDLE EAST'::bpchar)"}]}]}, {"Node Type": "Bitmap Heap Scan", "Parent Relationship": "Inner", "Relation Name": "customer", "Alias": "customer", "Startup Cost": 1030.37, "Total Cost": 6832.48, "Plan Rows": 60000, "Plan Width": 12, "Recheck Cond": "(c_nationkey = nation.n_nationkey)", "Plans": [{"Node Type": "Bitmap Index Scan", "Parent Relationship": "Outer", "Index Name": "idx_customer_nationkey", "Startup Cost": 0.0, "Total Cost": 1015.37, "Plan Rows": 60000, "Plan Width": 0, "Index Cond": "(c_nationkey = nation.n_nationkey)"}]}]}, {"Node Type": "Index Scan", "Parent Relationship": "Inner", "Scan Direction": "Forward", "Index Name": "idx_orders_custkey", "Relation Name": "orders", "Alias": "orders", "Startup Cost": 0.0, "Total Cost": 1.24, "Plan Rows": 1, "Plan Width": 16, "Index Cond": "(o_custkey = customer.c_custkey)", "Filter": "((o_orderdate >= '1994-01-01 00:00:00'::timestamp(0) without time zone) AND (o_orderdate < '1995-01-01 00:00:00'::timestamp without time zone))"}]}, {"Node Type": "Index Scan", "Parent Relationship": "Inner", "Scan Direction": "Forward", "Index Name": "idx_lineitem_orderkey", "Relation Name": "lineitem", "Alias": "lineitem", "Startup Cost": 0.0, "Total Cost": 3.05, "Plan Rows": 9, "Plan Width": 32, "Index Cond": "(l_orderkey = orders.o_orderkey)"}]}, {"Node Type": "Index Scan", "Parent Relationship": "Inner", "Scan Direction": "Forward", "Index Name": "supplier_pkey", "Relation Name": "supplier", "Alias": "supplier", "Startup Cost": 0.0, "Total Cost": 0.27, "Plan Rows": 1, "Plan Width": 12, "Index Cond": "(s_suppkey = lineitem.l_suppkey)"}]}]}]}, "Unique SQL Id": 1392561963}, "explain_analyze_plan": {"Plan": {"Node Type": "Sort", "Startup Cost": 2730970.27, "Total Cost": 2730970.34, "Plan Rows": 25, "Plan Width": 50, "Actual Startup Time": 25561.412, "Actual Total Time": 25561.413, "Actual Rows": 5, "Actual Loops": 1, "Sort Key": ["(sum((lineitem.l_extendedprice * (1::double precision - lineitem.l_discount)))) DESC"], "Sort Method": "quicksort", "Sort Space Used": 25, "Sort Space Type": "Memory", "Plans": [{"Node Type": "Aggregate", "Strategy": "Hashed", "Parent Relationship": "Outer", "Startup Cost": 2730969.44, "Total Cost": 2730969.69, "Plan Rows": 25, "Plan Width": 50, "Actual Startup Time": 25561.366, "Actual Total Time": 25561.37, "Actual Rows": 5, "Actual Loops": 1, "Group By Key": ["nation.n_name"], "Plans": [{"Node Type": "Nested Loop", "Parent Relationship": "Outer", "Join Type": "Inner", "Startup Cost": 1030.37, "Total Cost": 2730875.54, "Plan Rows": 9390, "Plan Width": 42, "Actual Startup Time": 18.271, "Actual Total Time": 25459.659, "Actual Rows": 72985, "Actual Loops": 1, "Inner Unique": true, "Join Filter": "(customer.c_nationkey = supplier.s_nationkey)", "Rows Removed by Join Filter": 1742237, "Plans": [{"Node Type": "Nested Loop", "Parent Relationship": "Outer", "Join Type": "Inner", "Startup Cost": 1030.37, "Total Cost": 1688090.96, "Plan Rows": 3688948, "Plan Width": 58, "Actual Startup Time": 18.127, "Actual Total Time": 16148.872, "Actual Rows": 1815222, "Actual Loops": 1, "Inner Unique": false, "Plans": [{"Node Type": "Nested Loop", "Parent Relationship": "Outer", "Join Type": "Inner", "Startup Cost": 1030.37, "Total Cost": 412296.55, "Plan Rows": 406290, "Plan Width": 42, "Actual Startup Time": 18.104, "Actual Total Time": 10052.632, "Actual Rows": 454183, "Actual Loops": 1, "Inner Unique": false, "Plans": [{"Node Type": "Nested Loop", "Parent Relationship": "Outer", "Join Type": "Inner", "Startup Cost": 1030.37, "Total Cost": 37187.75, "Plan Rows": 300000, "Plan Width": 42, "Actual Startup Time": 18.019, "Actual Total Time": 682.571, "Actual Rows": 299838, "Actual Loops": 1, "Inner Unique": false, "Plans": [{"Node Type": "Nested Loop", "Parent Relationship": "Outer", "Join Type": "Inner", "Startup Cost": 0.0, "Total Cost": 25.34, "Plan Rows": 5, "Plan Width": 30, "Actual Startup Time": 0.059, "Actual Total Time": 0.138, "Actual Rows": 5, "Actual Loops": 1, "Inner Unique": true, "Join Filter": "(nation.n_regionkey = region.r_regionkey)", "Rows Removed by Join Filter": 20, "Plans": [{"Node Type": "Index Scan", "Parent Relationship": "Outer", "Scan Direction": "Forward", "Index Name": "nation_pkey", "Relation Name": "nation", "Alias": "nation", "Startup Cost": 0.0, "Total Cost": 12.62, "Plan Rows": 25, "Plan Width": 34, "Actual Startup Time": 0.023, "Actual Total Time": 0.056, "Actual Rows": 25, "Actual Loops": 1}, {"Node Type": "Materialize", "Parent Relationship": "Inner", "Startup Cost": 0.0, "Total Cost": 12.34, "Plan Rows": 1, "Plan Width": 4, "Actual Startup Time": 0.034, "Actual Total Time": 0.037, "Actual Rows": 25, "Actual Loops": 25, "Plans": [{"Node Type": "Index Scan", "Parent Relationship": "Outer", "Scan Direction": "Forward", "Index Name": "region_pkey", "Relation Name": "region", "Alias": "region", "Startup Cost": 0.0, "Total Cost": 12.34, "Plan Rows": 1, "Plan Width": 4, "Actual Startup Time": 0.017, "Actual Total Time": 0.019, "Actual Rows": 1, "Actual Loops": 1, "Filter": "(r_name = 'MIDDLE EAST'::bpchar)", "Rows Removed by Filter": 4}]}]}, {"Node Type": "Bitmap Heap Scan", "Parent Relationship": "Inner", "Relation Name": "customer", "Alias": "customer", "Startup Cost": 1030.37, "Total Cost": 6832.48, "Plan Rows": 60000, "Plan Width": 12, "Actual Startup Time": 93.813, "Actual Total Time": 605.535, "Actual Rows": 299838, "Actual Loops": 5, "Recheck Cond": "(c_nationkey = nation.n_nationkey)", "Rows Removed by Index Recheck": 0, "Exact Heap Blocks": 150033, "Lossy Heap Blocks": 150033, "Plans": [{"Node Type": "Bitmap Index Scan", "Parent Relationship": "Outer", "Index Name": "idx_customer_nationkey", "Startup Cost": 0.0, "Total Cost": 1015.37, "Plan Rows": 60000, "Plan Width": 0, "Actual Startup Time": 60.439, "Actual Total Time": 60.439, "Actual Rows": 299838, "Actual Loops": 5, "Index Cond": "(c_nationkey = nation.n_nationkey)"}]}]}, {"Node Type": "Index Scan", "Parent Relationship": "Inner", "Scan Direction": "Forward", "Index Name": "idx_orders_custkey", "Relation Name": "orders", "Alias": "orders", "Startup Cost": 0.0, "Total Cost": 1.24, "Plan Rows": 1, "Plan Width": 16, "Actual Startup Time": 4259.215, "Actual Total Time": 9084.825, "Actual Rows": 454183, "Actual Loops": 299838, "Index Cond": "(o_custkey = customer.c_custkey)", "Rows Removed by Index Recheck": 0, "Filter": "((o_orderdate >= '1994-01-01 00:00:00'::timestamp(0) without time zone) AND (o_orderdate < '1995-01-01 00:00:00'::timestamp without time zone))", "Rows Removed by Filter": 2542535}]}, {"Node Type": "Index Scan", "Parent Relationship": "Inner", "Scan Direction": "Forward", "Index Name": "idx_lineitem_orderkey", "Relation Name": "lineitem", "Alias": "lineitem", "Startup Cost": 0.0, "Total Cost": 3.05, "Plan Rows": 9, "Plan Width": 32, "Actual Startup Time": 4446.755, "Actual Total Time": 5408.453, "Actual Rows": 1815222, "Actual Loops": 454183, "Index Cond": "(l_orderkey = orders.o_orderkey)", "Rows Removed by Index Recheck": 0}]}, {"Node Type": "Index Scan", "Parent Relationship": "Inner", "Scan Direction": "Forward", "Index Name": "supplier_pkey", "Relation Name": "supplier", "Alias": "supplier", "Startup Cost": 0.0, "Total Cost": 0.27, "Plan Rows": 1, "Plan Width": 12, "Actual Startup Time": 7280.79, "Actual Total Time": 7875.838, "Actual Rows": 1815222, "Actual Loops": 1815222, "Index Cond": "(s_suppkey = lineitem.l_suppkey)", "Rows Removed by Index Recheck": 0}]}]}]}, "Triggers": [], "Planner Runtime": 2.854, "Total Runtime": 25561.915, "Unique SQL Id": 1392561963}}, "(16, 118)": {"explain_plan": {"Plan": {"Node Type": "Sort", "Startup Cost": 19319777.54, "Total Cost": 19319777.6, "Plan Rows": 25, "Plan Width": 50, "Sort Key": ["(sum((lineitem.l_extendedprice * (1::double precision - lineitem.l_discount)))) DESC"], "Plans": [{"Node Type": "Aggregate", "Strategy": "Hashed", "Parent Relationship": "Outer", "Startup Cost": 19319776.71, "Total Cost": 19319776.96, "Plan Rows": 25, "Plan Width": 50, "Group By Key": ["nation.n_name"], "Plans": [{"Node Type": "Nested Loop", "Parent Relationship": "Outer", "Join Type": "Inner", "Startup Cost": 1.42, "Total Cost": 19319682.81, "Plan Rows": 9390, "Plan Width": 42, "Inner Unique": true, "Join Filter": "(customer.c_nationkey = supplier.s_nationkey)", "Plans": [{"Node Type": "Nested Loop", "Parent Relationship": "Outer", "Join Type": "Inner", "Startup Cost": 1.16, "Total Cost": 3520745.57, "Plan Rows": 3688948, "Plan Width": 58, "Inner Unique": false, "Plans": [{"Node Type": "Nested Loop", "Parent Relationship": "Outer", "Join Type": "Inner", "Startup Cost": 0.43, "Total Cost": 1518677.24, "Plan Rows": 406290, "Plan Width": 42, "Inner Unique": false, "Plans": [{"Node Type": "Nested Loop", "Parent Relationship": "Outer", "Join Type": "Inner", "Startup Cost": 0.0, "Total Cost": 164628.64, "Plan Rows": 300000, "Plan Width": 42, "Inner Unique": false, "Join Filter": "(nation.n_nationkey = customer.c_nationkey), (LLVM Optimized)", "Plans": [{"Node Type": "Seq Scan", "Parent Relationship": "Outer", "Relation Name": "customer", "Alias": "customer", "Startup Cost": 0.0, "Total Cost": 52126.0, "Plan Rows": 1500000, "Plan Width": 12}, {"Node Type": "Materialize", "Parent Relationship": "Inner", "Startup Cost": 0.0, "Total Cost": 2.65, "Plan Rows": 5, "Plan Width": 30, "Plans": [{"Node Type": "Nested Loop", "Parent Relationship": "Outer", "Join Type": "Inner", "Startup Cost": 0.0, "Total Cost": 2.62, "Plan Rows": 5, "Plan Width": 30, "Inner Unique": false, "Join Filter": "(nation.n_regionkey = region.r_regionkey)", "Plans": [{"Node Type": "Seq Scan", "Parent Relationship": "Outer", "Relation Name": "region", "Alias": "region", "Startup Cost": 0.0, "Total Cost": 1.06, "Plan Rows": 1, "Plan Width": 4, "Filter": "(r_name = 'MIDDLE EAST'::bpchar)"}, {"Node Type": "Seq Scan", "Parent Relationship": "Inner", "Relation Name": "nation", "Alias": "nation", "Startup Cost": 0.0, "Total Cost": 1.25, "Plan Rows": 25, "Plan Width": 34}]}]}]}, {"Node Type": "Bitmap Heap Scan", "Parent Relationship": "Inner", "Relation Name": "orders", "Alias": "orders", "Startup Cost": 0.43, "Total Cost": 4.5, "Plan Rows": 1, "Plan Width": 16, "Recheck Cond": "(o_custkey = customer.c_custkey)", "Filter": "((o_orderdate >= '1994-01-01 00:00:00'::timestamp(0) without time zone) AND (o_orderdate < '1995-01-01 00:00:00'::timestamp without time zone))", "Plans": [{"Node Type": "Bitmap Index Scan", "Parent Relationship": "Outer", "Index Name": "idx_orders_custkey", "Startup Cost": 0.0, "Total Cost": 0.43, "Plan Rows": 4, "Plan Width": 0, "Index Cond": "(o_custkey = customer.c_custkey)"}]}]}, {"Node Type": "Bitmap Heap Scan", "Parent Relationship": "Inner", "Relation Name": "lineitem", "Alias": "lineitem", "Startup Cost": 0.73, "Total Cost": 4.84, "Plan Rows": 9, "Plan Width": 32, "Recheck Cond": "(l_orderkey = orders.o_orderkey)", "Plans": [{"Node Type": "Bitmap Index Scan", "Parent Relationship": "Outer", "Index Name": "idx_lineitem_orderkey", "Startup Cost": 0.0, "Total Cost": 0.72, "Plan Rows": 9, "Plan Width": 0, "Index Cond": "(l_orderkey = orders.o_orderkey)"}]}]}, {"Node Type": "Bitmap Heap Scan", "Parent Relationship": "Inner", "Relation Name": "supplier", "Alias": "supplier", "Startup Cost": 0.26, "Total Cost": 4.27, "Plan Rows": 1, "Plan Width": 12, "Recheck Cond": "(s_suppkey = lineitem.l_suppkey)", "Plans": [{"Node Type": "Bitmap Index Scan", "Parent Relationship": "Outer", "Index Name": "supplier_pkey", "Startup Cost": 0.0, "Total Cost": 0.26, "Plan Rows": 1, "Plan Width": 0, "Index Cond": "(s_suppkey = lineitem.l_suppkey)"}]}]}]}]}, "Unique SQL Id": 1392561963}, "explain_analyze_plan": null}, "(16, 119)": {"explain_plan": {"Plan": {"Node Type": "Sort", "Startup Cost": 46003135.57, "Total Cost": 46003135.63, "Plan Rows": 25, "Plan Width": 50, "Sort Key": ["(sum((lineitem.l_extendedprice * (1::double precision - lineitem.l_discount)))) DESC"], "Plans": [{"Node Type": "Aggregate", "Strategy": "Hashed", "Parent Relationship": "Outer", "Startup Cost": 46003134.74, "Total Cost": 46003134.99, "Plan Rows": 25, "Plan Width": 50, "Group By Key": ["nation.n_name"], "Plans": [{"Node Type": "Nested Loop", "Parent Relationship": "Outer", "Join Type": "Inner", "Startup Cost": 58362.35, "Total Cost": 46003040.84, "Plan Rows": 9390, "Plan Width": 42, "Inner Unique": true, "Join Filter": "(customer.c_nationkey = supplier.s_nationkey)", "Plans": [{"Node Type": "Nested Loop", "Parent Relationship": "Outer", "Join Type": "Inner", "Startup Cost": 58362.1, "Total Cost": 30204103.6, "Plan Rows": 3688948, "Plan Width": 58, "Inner Unique": false, "Plans": [{"Node Type": "Nested Loop", "Parent Relationship": "Outer", "Join Type": "Inner", "Startup Cost": 58361.37, "Total Cost": 28202035.27, "Plan Rows": 406290, "Plan Width": 42, "Inner Unique": true, "Plans": [{"Node Type": "Nested Loop", "Parent Relationship": "Outer", "Join Type": "Inner", "Startup Cost": 58360.79, "Total Cost": 18851769.58, "Plan Rows": 2031452, "Plan Width": 46, "Inner Unique": true, "Plans": [{"Node Type": "Nested Loop", "Parent Relationship": "Outer", "Join Type": "Inner", "Startup Cost": 58360.54, "Total Cost": 10156636.32, "Plan Rows": 2031452, "Plan Width": 12, "Inner Unique": true, "Plans": [{"Node Type": "Bitmap Heap Scan", "Parent Relationship": "Outer", "Relation Name": "orders", "Alias": "orders", "Startup Cost": 58360.27, "Total Cost": 369005.64, "Plan Rows": 2281758, "Plan Width": 16, "Recheck Cond": "((o_orderdate >= '1994-01-01 00:00:00'::timestamp(0) without time zone) AND (o_orderdate < '1995-01-01 00:00:00'::timestamp without time zone)), (LLVM Optimized)", "Plans": [{"Node Type": "Bitmap Index Scan", "Parent Relationship": "Outer", "Index Name": "idx_orders_orderdate", "Startup Cost": 0.0, "Total Cost": 57789.83, "Plan Rows": 2281758, "Plan Width": 0, "Index Cond": "((o_orderdate >= '1994-01-01 00:00:00'::timestamp(0) without time zone) AND (o_orderdate < '1995-01-01 00:00:00'::timestamp without time zone))"}]}, {"Node Type": "Bitmap Heap Scan", "Parent Relationship": "Inner", "Relation Name": "customer", "Alias": "customer", "Startup Cost": 0.27, "Total Cost": 4.28, "Plan Rows": 1, "Plan Width": 12, "Recheck Cond": "(c_custkey = orders.o_custkey)", "Plans": [{"Node Type": "Bitmap Index Scan", "Parent Relationship": "Outer", "Index Name": "customer_pkey", "Startup Cost": 0.0, "Total Cost": 0.27, "Plan Rows": 1, "Plan Width": 0, "Index Cond": "(c_custkey = orders.o_custkey)"}]}]}, {"Node Type": "Bitmap Heap Scan", "Parent Relationship": "Inner", "Relation Name": "nation", "Alias": "nation", "Startup Cost": 0.26, "Total Cost": 4.27, "Plan Rows": 1, "Plan Width": 34, "Recheck Cond": "(n_nationkey = customer.c_nationkey)", "Plans": [{"Node Type": "Bitmap Index Scan", "Parent Relationship": "Outer", "Index Name": "nation_pkey", "Startup Cost": 0.0, "Total Cost": 0.26, "Plan Rows": 1, "Plan Width": 0, "Index Cond": "(n_nationkey = customer.c_nationkey)"}]}]}, {"Node Type": "Bitmap Heap Scan", "Parent Relationship": "Inner", "Relation Name": "region", "Alias": "region", "Startup Cost": 0.58, "Total Cost": 4.59, "Plan Rows": 1, "Plan Width": 4, "Recheck Cond": "(r_regionkey = nation.n_regionkey)", "Filter": "(r_name = 'MIDDLE EAST'::bpchar)", "Plans": [{"Node Type": "Bitmap Index Scan", "Parent Relationship": "Outer", "Index Name": "region_pkey", "Startup Cost": 0.0, "Total Cost": 0.58, "Plan Rows": 1, "Plan Width": 0, "Index Cond": "(r_regionkey = nation.n_regionkey)"}]}]}, {"Node Type": "Bitmap Heap Scan", "Parent Relationship": "Inner", "Relation Name": "lineitem", "Alias": "lineitem", "Startup Cost": 0.73, "Total Cost": 4.84, "Plan Rows": 9, "Plan Width": 32, "Recheck Cond": "(l_orderkey = orders.o_orderkey)", "Plans": [{"Node Type": "Bitmap Index Scan", "Parent Relationship": "Outer", "Index Name": "idx_lineitem_orderkey", "Startup Cost": 0.0, "Total Cost": 0.72, "Plan Rows": 9, "Plan Width": 0, "Index Cond": "(l_orderkey = orders.o_orderkey)"}]}]}, {"Node Type": "Bitmap Heap Scan", "Parent Relationship": "Inner", "Relation Name": "supplier", "Alias": "supplier", "Startup Cost": 0.26, "Total Cost": 4.27, "Plan Rows": 1, "Plan Width": 12, "Recheck Cond": "(s_suppkey = lineitem.l_suppkey)", "Plans": [{"Node Type": "Bitmap Index Scan", "Parent Relationship": "Outer", "Index Name": "supplier_pkey", "Startup Cost": 0.0, "Total Cost": 0.26, "Plan Rows": 1, "Plan Width": 0, "Index Cond": "(s_suppkey = lineitem.l_suppkey)"}]}]}]}]}, "Unique SQL Id": 1392561963}, "explain_analyze_plan": null}, "(16, 120)": {"explain_plan": {"Plan": {"Node Type": "Sort", "Startup Cost": 2735308.72, "Total Cost": 2735308.78, "Plan Rows": 25, "Plan Width": 50, "Sort Key": ["(sum((lineitem.l_extendedprice * (1::double precision - lineitem.l_discount)))) DESC"], "Plans": [{"Node Type": "Aggregate", "Strategy": "Hashed", "Parent Relationship": "Outer", "Startup Cost": 2735307.89, "Total Cost": 2735308.14, "Plan Rows": 25, "Plan Width": 50, "Group By Key": ["nation.n_name"], "Plans": [{"Node Type": "Nested Loop", "Parent Relationship": "Outer", "Join Type": "Inner", "Startup Cost": 0.0, "Total Cost": 2735213.99, "Plan Rows": 9390, "Plan Width": 42, "Inner Unique": true, "Join Filter": "(customer.c_nationkey = supplier.s_nationkey)", "Plans": [{"Node Type": "Nested Loop", "Parent Relationship": "Outer", "Join Type": "Inner", "Startup Cost": 0.0, "Total Cost": 1692429.4, "Plan Rows": 3688948, "Plan Width": 58, "Inner Unique": false, "Plans": [{"Node Type": "Nested Loop", "Parent Relationship": "Outer", "Join Type": "Inner", "Startup Cost": 0.0, "Total Cost": 416634.99, "Plan Rows": 406290, "Plan Width": 42, "Inner Unique": false, "Plans": [{"Node Type": "Nested Loop", "Parent Relationship": "Outer", "Join Type": "Inner", "Startup Cost": 0.0, "Total Cost": 41526.19, "Plan Rows": 300000, "Plan Width": 42, "Inner Unique": false, "Plans": [{"Node Type": "Nested Loop", "Parent Relationship": "Outer", "Join Type": "Inner", "Startup Cost": 0.0, "Total Cost": 14.06, "Plan Rows": 5, "Plan Width": 30, "Inner Unique": true, "Join Filter": "(nation.n_regionkey = region.r_regionkey)", "Plans": [{"Node Type": "Index Scan", "Parent Relationship": "Outer", "Scan Direction": "Forward", "Index Name": "nation_pkey", "Relation Name": "nation", "Alias": "nation", "Startup Cost": 0.0, "Total Cost": 12.62, "Plan Rows": 25, "Plan Width": 34}, {"Node Type": "Materialize", "Parent Relationship": "Inner", "Startup Cost": 0.0, "Total Cost": 1.07, "Plan Rows": 1, "Plan Width": 4, "Plans": [{"Node Type": "Seq Scan", "Parent Relationship": "Outer", "Relation Name": "region", "Alias": "region", "Startup Cost": 0.0, "Total Cost": 1.06, "Plan Rows": 1, "Plan Width": 4, "Filter": "(r_name = 'MIDDLE EAST'::bpchar)"}]}]}, {"Node Type": "Index Scan", "Parent Relationship": "Inner", "Scan Direction": "Forward", "Index Name": "idx_customer_nationkey", "Relation Name": "customer", "Alias": "customer", "Startup Cost": 0.0, "Total Cost": 7702.43, "Plan Rows": 60000, "Plan Width": 12, "Index Cond": "(c_nationkey = nation.n_nationkey)"}]}, {"Node Type": "Index Scan", "Parent Relationship": "Inner", "Scan Direction": "Forward", "Index Name": "idx_orders_custkey", "Relation Name": "orders", "Alias": "orders", "Startup Cost": 0.0, "Total Cost": 1.24, "Plan Rows": 1, "Plan Width": 16, "Index Cond": "(o_custkey = customer.c_custkey)", "Filter": "((o_orderdate >= '1994-01-01 00:00:00'::timestamp(0) without time zone) AND (o_orderdate < '1995-01-01 00:00:00'::timestamp without time zone))"}]}, {"Node Type": "Index Scan", "Parent Relationship": "Inner", "Scan Direction": "Forward", "Index Name": "idx_lineitem_orderkey", "Relation Name": "lineitem", "Alias": "lineitem", "Startup Cost": 0.0, "Total Cost": 3.05, "Plan Rows": 9, "Plan Width": 32, "Index Cond": "(l_orderkey = orders.o_orderkey)"}]}, {"Node Type": "Index Scan", "Parent Relationship": "Inner", "Scan Direction": "Forward", "Index Name": "supplier_pkey", "Relation Name": "supplier", "Alias": "supplier", "Startup Cost": 0.0, "Total Cost": 0.27, "Plan Rows": 1, "Plan Width": 12, "Index Cond": "(s_suppkey = lineitem.l_suppkey)"}]}]}]}, "Unique SQL Id": 1392561963}, "explain_analyze_plan": {"Plan": {"Node Type": "Sort", "Startup Cost": 2735308.72, "Total Cost": 2735308.78, "Plan Rows": 25, "Plan Width": 50, "Actual Startup Time": 25452.815, "Actual Total Time": 25452.817, "Actual Rows": 5, "Actual Loops": 1, "Sort Key": ["(sum((lineitem.l_extendedprice * (1::double precision - lineitem.l_discount)))) DESC"], "Sort Method": "quicksort", "Sort Space Used": 25, "Sort Space Type": "Memory", "Plans": [{"Node Type": "Aggregate", "Strategy": "Hashed", "Parent Relationship": "Outer", "Startup Cost": 2735307.89, "Total Cost": 2735308.14, "Plan Rows": 25, "Plan Width": 50, "Actual Startup Time": 25452.687, "Actual Total Time": 25452.699, "Actual Rows": 5, "Actual Loops": 1, "Group By Key": ["nation.n_name"], "Plans": [{"Node Type": "Nested Loop", "Parent Relationship": "Outer", "Join Type": "Inner", "Startup Cost": 0.0, "Total Cost": 2735213.99, "Plan Rows": 9390, "Plan Width": 42, "Actual Startup Time": 0.333, "Actual Total Time": 25355.857, "Actual Rows": 72985, "Actual Loops": 1, "Inner Unique": true, "Join Filter": "(customer.c_nationkey = supplier.s_nationkey)", "Rows Removed by Join Filter": 1742237, "Plans": [{"Node Type": "Nested Loop", "Parent Relationship": "Outer", "Join Type": "Inner", "Startup Cost": 0.0, "Total Cost": 1692429.4, "Plan Rows": 3688948, "Plan Width": 58, "Actual Startup Time": 0.191, "Actual Total Time": 15967.827, "Actual Rows": 1815222, "Actual Loops": 1, "Inner Unique": false, "Plans": [{"Node Type": "Nested Loop", "Parent Relationship": "Outer", "Join Type": "Inner", "Startup Cost": 0.0, "Total Cost": 416634.99, "Plan Rows": 406290, "Plan Width": 42, "Actual Startup Time": 0.173, "Actual Total Time": 9861.573, "Actual Rows": 454183, "Actual Loops": 1, "Inner Unique": false, "Plans": [{"Node Type": "Nested Loop", "Parent Relationship": "Outer", "Join Type": "Inner", "Startup Cost": 0.0, "Total Cost": 41526.19, "Plan Rows": 300000, "Plan Width": 42, "Actual Startup Time": 0.096, "Actual Total Time": 552.728, "Actual Rows": 299838, "Actual Loops": 1, "Inner Unique": false, "Plans": [{"Node Type": "Nested Loop", "Parent Relationship": "Outer", "Join Type": "Inner", "Startup Cost": 0.0, "Total Cost": 14.06, "Plan Rows": 5, "Plan Width": 30, "Actual Startup Time": 0.052, "Actual Total Time": 0.24, "Actual Rows": 5, "Actual Loops": 1, "Inner Unique": true, "Join Filter": "(nation.n_regionkey = region.r_regionkey)", "Rows Removed by Join Filter": 20, "Plans": [{"Node Type": "Index Scan", "Parent Relationship": "Outer", "Scan Direction": "Forward", "Index Name": "nation_pkey", "Relation Name": "nation", "Alias": "nation", "Startup Cost": 0.0, "Total Cost": 12.62, "Plan Rows": 25, "Plan Width": 34, "Actual Startup Time": 0.019, "Actual Total Time": 0.141, "Actual Rows": 25, "Actual Loops": 1}, {"Node Type": "Materialize", "Parent Relationship": "Inner", "Startup Cost": 0.0, "Total Cost": 1.07, "Plan Rows": 1, "Plan Width": 4, "Actual Startup Time": 0.031, "Actual Total Time": 0.037, "Actual Rows": 25, "Actual Loops": 25, "Plans": [{"Node Type": "Seq Scan", "Parent Relationship": "Outer", "Relation Name": "region", "Alias": "region", "Startup Cost": 0.0, "Total Cost": 1.06, "Plan Rows": 1, "Plan Width": 4, "Actual Startup Time": 0.015, "Actual Total Time": 0.017, "Actual Rows": 1, "Actual Loops": 1, "Filter": "(r_name = 'MIDDLE EAST'::bpchar)", "Rows Removed by Filter": 4}]}]}, {"Node Type": "Index Scan", "Parent Relationship": "Inner", "Scan Direction": "Forward", "Index Name": "idx_customer_nationkey", "Relation Name": "customer", "Alias": "customer", "Startup Cost": 0.0, "Total Cost": 7702.43, "Plan Rows": 60000, "Plan Width": 12, "Actual Startup Time": 0.204, "Actual Total Time": 463.1, "Actual Rows": 299838, "Actual Loops": 5, "Index Cond": "(c_nationkey = nation.n_nationkey)", "Rows Removed by Index Recheck": 0}]}, {"Node Type": "Index Scan", "Parent Relationship": "Inner", "Scan Direction": "Forward", "Index Name": "idx_orders_custkey", "Relation Name": "orders", "Alias": "orders", "Startup Cost": 0.0, "Total Cost": 1.24, "Plan Rows": 1, "Plan Width": 16, "Actual Startup Time": 4237.666, "Actual Total Time": 9029.198, "Actual Rows": 454183, "Actual Loops": 299838, "Index Cond": "(o_custkey = customer.c_custkey)", "Rows Removed by Index Recheck": 0, "Filter": "((o_orderdate >= '1994-01-01 00:00:00'::timestamp(0) without time zone) AND (o_orderdate < '1995-01-01 00:00:00'::timestamp without time zone))", "Rows Removed by Filter": 2542535}]}, {"Node Type": "Index Scan", "Parent Relationship": "Inner", "Scan Direction": "Forward", "Index Name": "idx_lineitem_orderkey", "Relation Name": "lineitem", "Alias": "lineitem", "Startup Cost": 0.0, "Total Cost": 3.05, "Plan Rows": 9, "Plan Width": 32, "Actual Startup Time": 4453.028, "Actual Total Time": 5420.241, "Actual Rows": 1815222, "Actual Loops": 454183, "Index Cond": "(l_orderkey = orders.o_orderkey)", "Rows Removed by Index Recheck": 0}]}, {"Node Type": "Index Scan", "Parent Relationship": "Inner", "Scan Direction": "Forward", "Index Name": "supplier_pkey", "Relation Name": "supplier", "Alias": "supplier", "Startup Cost": 0.0, "Total Cost": 0.27, "Plan Rows": 1, "Plan Width": 12, "Actual Startup Time": 7367.84, "Actual Total Time": 7969.354, "Actual Rows": 1815222, "Actual Loops": 1815222, "Index Cond": "(s_suppkey = lineitem.l_suppkey)", "Rows Removed by Index Recheck": 0}]}]}]}, "Triggers": [], "Planner Runtime": 2.8, "Total Runtime": 25453.194, "Unique SQL Id": 1392561963}}, "(16, 121)": {"explain_plan": {"Plan": {"Node Type": "Sort", "Startup Cost": 2735319.99, "Total Cost": 2735320.05, "Plan Rows": 25, "Plan Width": 50, "Sort Key": ["(sum((lineitem.l_extendedprice * (1::double precision - lineitem.l_discount)))) DESC"], "Plans": [{"Node Type": "Aggregate", "Strategy": "Hashed", "Parent Relationship": "Outer", "Startup Cost": 2735319.16, "Total Cost": 2735319.41, "Plan Rows": 25, "Plan Width": 50, "Group By Key": ["nation.n_name"], "Plans": [{"Node Type": "Nested Loop", "Parent Relationship": "Outer", "Join Type": "Inner", "Startup Cost": 0.0, "Total Cost": 2735225.26, "Plan Rows": 9390, "Plan Width": 42, "Inner Unique": true, "Join Filter": "(customer.c_nationkey = supplier.s_nationkey)", "Plans": [{"Node Type": "Nested Loop", "Parent Relationship": "Outer", "Join Type": "Inner", "Startup Cost": 0.0, "Total Cost": 1692440.68, "Plan Rows": 3688948, "Plan Width": 58, "Inner Unique": false, "Plans": [{"Node Type": "Nested Loop", "Parent Relationship": "Outer", "Join Type": "Inner", "Startup Cost": 0.0, "Total Cost": 416646.27, "Plan Rows": 406290, "Plan Width": 42, "Inner Unique": false, "Plans": [{"Node Type": "Nested Loop", "Parent Relationship": "Outer", "Join Type": "Inner", "Startup Cost": 0.0, "Total Cost": 41537.47, "Plan Rows": 300000, "Plan Width": 42, "Inner Unique": false, "Plans": [{"Node Type": "Nested Loop", "Parent Relationship": "Outer", "Join Type": "Inner", "Startup Cost": 0.0, "Total Cost": 25.34, "Plan Rows": 5, "Plan Width": 30, "Inner Unique": true, "Join Filter": "(nation.n_regionkey = region.r_regionkey)", "Plans": [{"Node Type": "Index Scan", "Parent Relationship": "Outer", "Scan Direction": "Forward", "Index Name": "nation_pkey", "Relation Name": "nation", "Alias": "nation", "Startup Cost": 0.0, "Total Cost": 12.62, "Plan Rows": 25, "Plan Width": 34}, {"Node Type": "Materialize", "Parent Relationship": "Inner", "Startup Cost": 0.0, "Total Cost": 12.34, "Plan Rows": 1, "Plan Width": 4, "Plans": [{"Node Type": "Index Scan", "Parent Relationship": "Outer", "Scan Direction": "Forward", "Index Name": "region_pkey", "Relation Name": "region", "Alias": "region", "Startup Cost": 0.0, "Total Cost": 12.34, "Plan Rows": 1, "Plan Width": 4, "Filter": "(r_name = 'MIDDLE EAST'::bpchar)"}]}]}, {"Node Type": "Index Scan", "Parent Relationship": "Inner", "Scan Direction": "Forward", "Index Name": "idx_customer_nationkey", "Relation Name": "customer", "Alias": "customer", "Startup Cost": 0.0, "Total Cost": 7702.43, "Plan Rows": 60000, "Plan Width": 12, "Index Cond": "(c_nationkey = nation.n_nationkey)"}]}, {"Node Type": "Index Scan", "Parent Relationship": "Inner", "Scan Direction": "Forward", "Index Name": "idx_orders_custkey", "Relation Name": "orders", "Alias": "orders", "Startup Cost": 0.0, "Total Cost": 1.24, "Plan Rows": 1, "Plan Width": 16, "Index Cond": "(o_custkey = customer.c_custkey)", "Filter": "((o_orderdate >= '1994-01-01 00:00:00'::timestamp(0) without time zone) AND (o_orderdate < '1995-01-01 00:00:00'::timestamp without time zone))"}]}, {"Node Type": "Index Scan", "Parent Relationship": "Inner", "Scan Direction": "Forward", "Index Name": "idx_lineitem_orderkey", "Relation Name": "lineitem", "Alias": "lineitem", "Startup Cost": 0.0, "Total Cost": 3.05, "Plan Rows": 9, "Plan Width": 32, "Index Cond": "(l_orderkey = orders.o_orderkey)"}]}, {"Node Type": "Index Scan", "Parent Relationship": "Inner", "Scan Direction": "Forward", "Index Name": "supplier_pkey", "Relation Name": "supplier", "Alias": "supplier", "Startup Cost": 0.0, "Total Cost": 0.27, "Plan Rows": 1, "Plan Width": 12, "Index Cond": "(s_suppkey = lineitem.l_suppkey)"}]}]}]}, "Unique SQL Id": 1392561963}, "explain_analyze_plan": {"Plan": {"Node Type": "Sort", "Startup Cost": 2735319.99, "Total Cost": 2735320.05, "Plan Rows": 25, "Plan Width": 50, "Actual Startup Time": 25206.113, "Actual Total Time": 25206.114, "Actual Rows": 5, "Actual Loops": 1, "Sort Key": ["(sum((lineitem.l_extendedprice * (1::double precision - lineitem.l_discount)))) DESC"], "Sort Method": "quicksort", "Sort Space Used": 25, "Sort Space Type": "Memory", "Plans": [{"Node Type": "Aggregate", "Strategy": "Hashed", "Parent Relationship": "Outer", "Startup Cost": 2735319.16, "Total Cost": 2735319.41, "Plan Rows": 25, "Plan Width": 50, "Actual Startup Time": 25206.07, "Actual Total Time": 25206.072, "Actual Rows": 5, "Actual Loops": 1, "Group By Key": ["nation.n_name"], "Plans": [{"Node Type": "Nested Loop", "Parent Relationship": "Outer", "Join Type": "Inner", "Startup Cost": 0.0, "Total Cost": 2735225.26, "Plan Rows": 9390, "Plan Width": 42, "Actual Startup Time": 0.321, "Actual Total Time": 25106.684, "Actual Rows": 72985, "Actual Loops": 1, "Inner Unique": true, "Join Filter": "(customer.c_nationkey = supplier.s_nationkey)", "Rows Removed by Join Filter": 1742237, "Plans": [{"Node Type": "Nested Loop", "Parent Relationship": "Outer", "Join Type": "Inner", "Startup Cost": 0.0, "Total Cost": 1692440.68, "Plan Rows": 3688948, "Plan Width": 58, "Actual Startup Time": 0.183, "Actual Total Time": 15739.084, "Actual Rows": 1815222, "Actual Loops": 1, "Inner Unique": false, "Plans": [{"Node Type": "Nested Loop", "Parent Relationship": "Outer", "Join Type": "Inner", "Startup Cost": 0.0, "Total Cost": 416646.27, "Plan Rows": 406290, "Plan Width": 42, "Actual Startup Time": 0.162, "Actual Total Time": 9644.613, "Actual Rows": 454183, "Actual Loops": 1, "Inner Unique": false, "Plans": [{"Node Type": "Nested Loop", "Parent Relationship": "Outer", "Join Type": "Inner", "Startup Cost": 0.0, "Total Cost": 41537.47, "Plan Rows": 300000, "Plan Width": 42, "Actual Startup Time": 0.098, "Actual Total Time": 551.789, "Actual Rows": 299838, "Actual Loops": 1, "Inner Unique": false, "Plans": [{"Node Type": "Nested Loop", "Parent Relationship": "Outer", "Join Type": "Inner", "Startup Cost": 0.0, "Total Cost": 25.34, "Plan Rows": 5, "Plan Width": 30, "Actual Startup Time": 0.064, "Actual Total Time": 0.284, "Actual Rows": 5, "Actual Loops": 1, "Inner Unique": true, "Join Filter": "(nation.n_regionkey = region.r_regionkey)", "Rows Removed by Join Filter": 20, "Plans": [{"Node Type": "Index Scan", "Parent Relationship": "Outer", "Scan Direction": "Forward", "Index Name": "nation_pkey", "Relation Name": "nation", "Alias": "nation", "Startup Cost": 0.0, "Total Cost": 12.62, "Plan Rows": 25, "Plan Width": 34, "Actual Startup Time": 0.028, "Actual Total Time": 0.186, "Actual Rows": 25, "Actual Loops": 1}, {"Node Type": "Materialize", "Parent Relationship": "Inner", "Startup Cost": 0.0, "Total Cost": 12.34, "Plan Rows": 1, "Plan Width": 4, "Actual Startup Time": 0.034, "Actual Total Time": 0.038, "Actual Rows": 25, "Actual Loops": 25, "Plans": [{"Node Type": "Index Scan", "Parent Relationship": "Outer", "Scan Direction": "Forward", "Index Name": "region_pkey", "Relation Name": "region", "Alias": "region", "Startup Cost": 0.0, "Total Cost": 12.34, "Plan Rows": 1, "Plan Width": 4, "Actual Startup Time": 0.018, "Actual Total Time": 0.02, "Actual Rows": 1, "Actual Loops": 1, "Filter": "(r_name = 'MIDDLE EAST'::bpchar)", "Rows Removed by Filter": 4}]}]}, {"Node Type": "Index Scan", "Parent Relationship": "Inner", "Scan Direction": "Forward", "Index Name": "idx_customer_nationkey", "Relation Name": "customer", "Alias": "customer", "Startup Cost": 0.0, "Total Cost": 7702.43, "Plan Rows": 60000, "Plan Width": 12, "Actual Startup Time": 0.163, "Actual Total Time": 463.003, "Actual Rows": 299838, "Actual Loops": 5, "Index Cond": "(c_nationkey = nation.n_nationkey)", "Rows Removed by Index Recheck": 0}]}, {"Node Type": "Index Scan", "Parent Relationship": "Inner", "Scan Direction": "Forward", "Index Name": "idx_orders_custkey", "Relation Name": "orders", "Alias": "orders", "Startup Cost": 0.0, "Total Cost": 1.24, "Plan Rows": 1, "Plan Width": 16, "Actual Startup Time": 4177.284, "Actual Total Time": 8819.633, "Actual Rows": 454183, "Actual Loops": 299838, "Index Cond": "(o_custkey = customer.c_custkey)", "Rows Removed by Index Recheck": 0, "Filter": "((o_orderdate >= '1994-01-01 00:00:00'::timestamp(0) without time zone) AND (o_orderdate < '1995-01-01 00:00:00'::timestamp without time zone))", "Rows Removed by Filter": 2542535}]}, {"Node Type": "Index Scan", "Parent Relationship": "Inner", "Scan Direction": "Forward", "Index Name": "idx_lineitem_orderkey", "Relation Name": "lineitem", "Alias": "lineitem", "Startup Cost": 0.0, "Total Cost": 3.05, "Plan Rows": 9, "Plan Width": 32, "Actual Startup Time": 4440.991, "Actual Total Time": 5420.279, "Actual Rows": 1815222, "Actual Loops": 454183, "Index Cond": "(l_orderkey = orders.o_orderkey)", "Rows Removed by Index Recheck": 0}]}, {"Node Type": "Index Scan", "Parent Relationship": "Inner", "Scan Direction": "Forward", "Index Name": "supplier_pkey", "Relation Name": "supplier", "Alias": "supplier", "Startup Cost": 0.0, "Total Cost": 0.27, "Plan Rows": 1, "Plan Width": 12, "Actual Startup Time": 7341.252, "Actual Total Time": 7946.032, "Actual Rows": 1815222, "Actual Loops": 1815222, "Index Cond": "(s_suppkey = lineitem.l_suppkey)", "Rows Removed by Index Recheck": 0}]}]}]}, "Triggers": [], "Planner Runtime": 2.481, "Total Runtime": 25206.449, "Unique SQL Id": 1392561963}}, "(16, 122)": {"explain_plan": {"Plan": {"Node Type": "Sort", "Startup Cost": 51053787992.55, "Total Cost": 51053787992.61, "Plan Rows": 25, "Plan Width": 50, "Sort Key": ["(sum((lineitem.l_extendedprice * (1::double precision - lineitem.l_discount)))) DESC"], "Plans": [{"Node Type": "Aggregate", "Strategy": "Hashed", "Parent Relationship": "Outer", "Startup Cost": 51053787991.72, "Total Cost": 51053787991.97, "Plan Rows": 25, "Plan Width": 50, "Group By Key": ["nation.n_name"], "Plans": [{"Node Type": "Nested Loop", "Parent Relationship": "Outer", "Join Type": "Inner", "Startup Cost": 441.06, "Total Cost": 51053787897.82, "Plan Rows": 9390, "Plan Width": 42, "Inner Unique": false, "Join Filter": "((orders.o_custkey = customer.c_custkey) AND (supplier.s_nationkey = customer.c_nationkey))", "Plans": [{"Node Type": "Seq Scan", "Parent Relationship": "Outer", "Relation Name": "customer", "Alias": "customer", "Startup Cost": 0.0, "Total Cost": 52126.0, "Plan Rows": 1500000, "Plan Width": 12}, {"Node Type": "Materialize", "Parent Relationship": "Inner", "Startup Cost": 441.06, "Total Cost": 44131637681.06, "Plan Rows": 263699, "Plan Width": 58, "Plans": [{"Node Type": "Nested Loop", "Parent Relationship": "Outer", "Join Type": "Inner", "Startup Cost": 441.06, "Total Cost": 44131636362.57, "Plan Rows": 263699, "Plan Width": 58, "Inner Unique": false, "Join Filter": "(lineitem.l_orderkey = orders.o_orderkey), (LLVM Optimized)", "Plans": [{"Node Type": "Seq Scan", "Parent Relationship": "Outer", "Relation Name": "orders", "Alias": "orders", "Startup Cost": 441.06, "Total Cost": 501411.18, "Plan Rows": 2281758, "Plan Width": 16, "Filter": "((o_orderdate >= '1994-01-01 00:00:00'::timestamp(0) without time zone) AND (o_orderdate < '1995-01-01 00:00:00'::timestamp without time zone)), (LLVM Optimized)"}, {"Node Type": "Materialize", "Parent Relationship": "Inner", "Startup Cost": 0.0, "Total Cost": 17998139668.64, "Plan Rows": 763534, "Plan Width": 58, "Plans": [{"Node Type": "Nested Loop", "Parent Relationship": "Outer", "Join Type": "Inner", "Startup Cost": 0.0, "Total Cost": 17998135850.97, "Plan Rows": 763534, "Plan Width": 58, "Inner Unique": false, "Join Filter": "(supplier.s_suppkey = lineitem.l_suppkey), (LLVM Optimized)", "Plans": [{"Node Type": "Seq Scan", "Parent Relationship": "Outer", "Relation Name": "lineitem", "Alias": "lineitem", "Startup Cost": 0.0, "Total Cost": 2015115.33, "Plan Rows": 59987033, "Plan Width": 32}, {"Node Type": "Materialize", "Parent Relationship": "Inner", "Startup Cost": 0.0, "Total Cost": 10885.64, "Plan Rows": 20000, "Plan Width": 42, "Plans": [{"Node Type": "Nested Loop", "Parent Relationship": "Outer", "Join Type": "Inner", "Startup Cost": 0.0, "Total Cost": 10785.64, "Plan Rows": 20000, "Plan Width": 42, "Inner Unique": false, "Join Filter": "(nation.n_nationkey = supplier.s_nationkey)", "Plans": [{"Node Type": "Seq Scan", "Parent Relationship": "Outer", "Relation Name": "supplier", "Alias": "supplier", "Startup Cost": 0.0, "Total Cost": 3283.0, "Plan Rows": 100000, "Plan Width": 12}, {"Node Type": "Materialize", "Parent Relationship": "Inner", "Startup Cost": 0.0, "Total Cost": 2.65, "Plan Rows": 5, "Plan Width": 30, "Plans": [{"Node Type": "Nested Loop", "Parent Relationship": "Outer", "Join Type": "Inner", "Startup Cost": 0.0, "Total Cost": 2.62, "Plan Rows": 5, "Plan Width": 30, "Inner Unique": false, "Join Filter": "(nation.n_regionkey = region.r_regionkey)", "Plans": [{"Node Type": "Seq Scan", "Parent Relationship": "Outer", "Relation Name": "region", "Alias": "region", "Startup Cost": 0.0, "Total Cost": 1.06, "Plan Rows": 1, "Plan Width": 4, "Filter": "(r_name = 'MIDDLE EAST'::bpchar)"}, {"Node Type": "Seq Scan", "Parent Relationship": "Inner", "Relation Name": "nation", "Alias": "nation", "Startup Cost": 0.0, "Total Cost": 1.25, "Plan Rows": 25, "Plan Width": 34}]}]}]}]}]}]}]}]}]}]}]}, "Unique SQL Id": 1392561963}, "explain_analyze_plan": null}, "(16, 123)": {"explain_plan": {"Plan": {"Node Type": "Sort", "Startup Cost": 6051464595461.66, "Total Cost": 6051464595461.73, "Plan Rows": 25, "Plan Width": 50, "Sort Key": ["(sum((lineitem.l_extendedprice * (1::double precision - lineitem.l_discount)))) DESC"], "Plans": [{"Node Type": "Aggregate", "Strategy": "Hashed", "Parent Relationship": "Outer", "Startup Cost": 6051464595460.83, "Total Cost": 6051464595461.08, "Plan Rows": 25, "Plan Width": 50, "Group By Key": ["nation.n_name"], "Plans": [{"Node Type": "Nested Loop", "Parent Relationship": "Outer", "Join Type": "Inner", "Startup Cost": 60000000000.0, "Total Cost": 6051464595366.93, "Plan Rows": 9390, "Plan Width": 42, "Inner Unique": false, "Join Filter": "((orders.o_custkey = customer.c_custkey) AND (supplier.s_nationkey = customer.c_nationkey))", "Plans": [{"Node Type": "Index Scan", "Parent Relationship": "Outer", "Scan Direction": "Forward", "Index Name": "customer_pkey", "Relation Name": "customer", "Alias": "customer", "Startup Cost": 10000000000.0, "Total Cost": 1000008076535.62, "Plan Rows": 1500000, "Plan Width": 12}, {"Node Type": "Materialize", "Parent Relationship": "Inner", "Startup Cost": 50000000000.0, "Total Cost": 5044534420740.56, "Plan Rows": 263699, "Plan Width": 58, "Plans": [{"Node Type": "Nested Loop", "Parent Relationship": "Outer", "Join Type": "Inner", "Startup Cost": 50000000000.0, "Total Cost": 5044534419422.06, "Plan Rows": 263699, "Plan Width": 58, "Inner Unique": true, "Join Filter": "(lineitem.l_orderkey = orders.o_orderkey), (LLVM Optimized)", "Plans": [{"Node Type": "Nested Loop", "Parent Relationship": "Outer", "Join Type": "Inner", "Startup Cost": 40000000000.0, "Total Cost": 4018320818943.09, "Plan Rows": 763534, "Plan Width": 58, "Inner Unique": false, "Join Filter": "(supplier.s_suppkey = lineitem.l_suppkey), (LLVM Optimized)", "Plans": [{"Node Type": "Nested Loop", "Parent Relationship": "Outer", "Join Type": "Inner", "Startup Cost": 30000000000.0, "Total Cost": 3000000543701.01, "Plan Rows": 20000, "Plan Width": 42, "Inner Unique": false, "Join Filter": "(nation.n_nationkey = supplier.s_nationkey)", "Plans": [{"Node Type": "Nested Loop", "Parent Relationship": "Outer", "Join Type": "Inner", "Startup Cost": 20000000000.0, "Total Cost": 2000000002496.63, "Plan Rows": 5, "Plan Width": 30, "Inner Unique": true, "Join Filter": "(nation.n_regionkey = region.r_regionkey)", "Plans": [{"Node Type": "Index Scan", "Parent Relationship": "Outer", "Scan Direction": "Forward", "Index Name": "nation_pkey", "Relation Name": "nation", "Alias": "nation", "Startup Cost": 10000000000.0, "Total Cost": 1000000001262.5, "Plan Rows": 25, "Plan Width": 34}, {"Node Type": "Materialize", "Parent Relationship": "Inner", "Startup Cost": 10000000000.0, "Total Cost": 1000000001233.76, "Plan Rows": 1, "Plan Width": 4, "Plans": [{"Node Type": "Index Scan", "Parent Relationship": "Outer", "Scan Direction": "Forward", "Index Name": "region_pkey", "Relation Name": "region", "Alias": "region", "Startup Cost": 10000000000.0, "Total Cost": 1000000001233.75, "Plan Rows": 1, "Plan Width": 4, "Filter": "(r_name = 'MIDDLE EAST'::bpchar)"}]}]}, {"Node Type": "Materialize", "Parent Relationship": "Inner", "Startup Cost": 10000000000.0, "Total Cost": 1000000533954.38, "Plan Rows": 100000, "Plan Width": 12, "Plans": [{"Node Type": "Index Scan", "Parent Relationship": "Outer", "Scan Direction": "Forward", "Index Name": "supplier_pkey", "Relation Name": "supplier", "Alias": "supplier", "Startup Cost": 10000000000.0, "Total Cost": 1000000533454.38, "Plan Rows": 100000, "Plan Width": 12}]}]}, {"Node Type": "Materialize", "Parent Relationship": "Inner", "Startup Cost": 10000000000.0, "Total Cost": 1000324315309.67, "Plan Rows": 59987033, "Plan Width": 32, "Plans": [{"Node Type": "Index Scan", "Parent Relationship": "Outer", "Scan Direction": "Forward", "Index Name": "idx_lineitem_orderkey", "Relation Name": "lineitem", "Alias": "lineitem", "Startup Cost": 10000000000.0, "Total Cost": 1000324015374.5, "Plan Rows": 59987033, "Plan Width": 32}]}]}, {"Node Type": "Materialize", "Parent Relationship": "Inner", "Startup Cost": 10000000000.0, "Total Cost": 1000080608991.79, "Plan Rows": 2281758, "Plan Width": 16, "Plans": [{"Node Type": "Index Scan", "Parent Relationship": "Outer", "Scan Direction": "Forward", "Index Name": "orders_pkey", "Relation Name": "orders", "Alias": "orders", "Startup Cost": 10000000000.0, "Total Cost": 1000080597583.0, "Plan Rows": 2281758, "Plan Width": 16, "Filter": "((o_orderdate >= '1994-01-01 00:00:00'::timestamp(0) without time zone) AND (o_orderdate < '1995-01-01 00:00:00'::timestamp without time zone)), (LLVM Optimized)"}]}]}]}]}]}]}, "Unique SQL Id": 1392561963}, "explain_analyze_plan": null}, "(16, 124)": {"explain_plan": {"Plan": {"Node Type": "Sort", "Startup Cost": 2735308.72, "Total Cost": 2735308.78, "Plan Rows": 25, "Plan Width": 50, "Sort Key": ["(sum((lineitem.l_extendedprice * (1::double precision - lineitem.l_discount)))) DESC"], "Plans": [{"Node Type": "Aggregate", "Strategy": "Hashed", "Parent Relationship": "Outer", "Startup Cost": 2735307.89, "Total Cost": 2735308.14, "Plan Rows": 25, "Plan Width": 50, "Group By Key": ["nation.n_name"], "Plans": [{"Node Type": "Nested Loop", "Parent Relationship": "Outer", "Join Type": "Inner", "Startup Cost": 0.0, "Total Cost": 2735213.99, "Plan Rows": 9390, "Plan Width": 42, "Inner Unique": true, "Join Filter": "(customer.c_nationkey = supplier.s_nationkey)", "Plans": [{"Node Type": "Nested Loop", "Parent Relationship": "Outer", "Join Type": "Inner", "Startup Cost": 0.0, "Total Cost": 1692429.4, "Plan Rows": 3688948, "Plan Width": 58, "Inner Unique": false, "Plans": [{"Node Type": "Nested Loop", "Parent Relationship": "Outer", "Join Type": "Inner", "Startup Cost": 0.0, "Total Cost": 416634.99, "Plan Rows": 406290, "Plan Width": 42, "Inner Unique": false, "Plans": [{"Node Type": "Nested Loop", "Parent Relationship": "Outer", "Join Type": "Inner", "Startup Cost": 0.0, "Total Cost": 41526.19, "Plan Rows": 300000, "Plan Width": 42, "Inner Unique": false, "Plans": [{"Node Type": "Nested Loop", "Parent Relationship": "Outer", "Join Type": "Inner", "Startup Cost": 0.0, "Total Cost": 14.06, "Plan Rows": 5, "Plan Width": 30, "Inner Unique": true, "Join Filter": "(nation.n_regionkey = region.r_regionkey)", "Plans": [{"Node Type": "Index Scan", "Parent Relationship": "Outer", "Scan Direction": "Forward", "Index Name": "nation_pkey", "Relation Name": "nation", "Alias": "nation", "Startup Cost": 0.0, "Total Cost": 12.62, "Plan Rows": 25, "Plan Width": 34}, {"Node Type": "Materialize", "Parent Relationship": "Inner", "Startup Cost": 0.0, "Total Cost": 1.07, "Plan Rows": 1, "Plan Width": 4, "Plans": [{"Node Type": "Seq Scan", "Parent Relationship": "Outer", "Relation Name": "region", "Alias": "region", "Startup Cost": 0.0, "Total Cost": 1.06, "Plan Rows": 1, "Plan Width": 4, "Filter": "(r_name = 'MIDDLE EAST'::bpchar)"}]}]}, {"Node Type": "Index Scan", "Parent Relationship": "Inner", "Scan Direction": "Forward", "Index Name": "idx_customer_nationkey", "Relation Name": "customer", "Alias": "customer", "Startup Cost": 0.0, "Total Cost": 7702.43, "Plan Rows": 60000, "Plan Width": 12, "Index Cond": "(c_nationkey = nation.n_nationkey)"}]}, {"Node Type": "Index Scan", "Parent Relationship": "Inner", "Scan Direction": "Forward", "Index Name": "idx_orders_custkey", "Relation Name": "orders", "Alias": "orders", "Startup Cost": 0.0, "Total Cost": 1.24, "Plan Rows": 1, "Plan Width": 16, "Index Cond": "(o_custkey = customer.c_custkey)", "Filter": "((o_orderdate >= '1994-01-01 00:00:00'::timestamp(0) without time zone) AND (o_orderdate < '1995-01-01 00:00:00'::timestamp without time zone))"}]}, {"Node Type": "Index Scan", "Parent Relationship": "Inner", "Scan Direction": "Forward", "Index Name": "idx_lineitem_orderkey", "Relation Name": "lineitem", "Alias": "lineitem", "Startup Cost": 0.0, "Total Cost": 3.05, "Plan Rows": 9, "Plan Width": 32, "Index Cond": "(l_orderkey = orders.o_orderkey)"}]}, {"Node Type": "Index Scan", "Parent Relationship": "Inner", "Scan Direction": "Forward", "Index Name": "supplier_pkey", "Relation Name": "supplier", "Alias": "supplier", "Startup Cost": 0.0, "Total Cost": 0.27, "Plan Rows": 1, "Plan Width": 12, "Index Cond": "(s_suppkey = lineitem.l_suppkey)"}]}]}]}, "Unique SQL Id": 1392561963}, "explain_analyze_plan": {"Plan": {"Node Type": "Sort", "Startup Cost": 2735308.72, "Total Cost": 2735308.78, "Plan Rows": 25, "Plan Width": 50, "Actual Startup Time": 25452.815, "Actual Total Time": 25452.817, "Actual Rows": 5, "Actual Loops": 1, "Sort Key": ["(sum((lineitem.l_extendedprice * (1::double precision - lineitem.l_discount)))) DESC"], "Sort Method": "quicksort", "Sort Space Used": 25, "Sort Space Type": "Memory", "Plans": [{"Node Type": "Aggregate", "Strategy": "Hashed", "Parent Relationship": "Outer", "Startup Cost": 2735307.89, "Total Cost": 2735308.14, "Plan Rows": 25, "Plan Width": 50, "Actual Startup Time": 25452.687, "Actual Total Time": 25452.699, "Actual Rows": 5, "Actual Loops": 1, "Group By Key": ["nation.n_name"], "Plans": [{"Node Type": "Nested Loop", "Parent Relationship": "Outer", "Join Type": "Inner", "Startup Cost": 0.0, "Total Cost": 2735213.99, "Plan Rows": 9390, "Plan Width": 42, "Actual Startup Time": 0.333, "Actual Total Time": 25355.857, "Actual Rows": 72985, "Actual Loops": 1, "Inner Unique": true, "Join Filter": "(customer.c_nationkey = supplier.s_nationkey)", "Rows Removed by Join Filter": 1742237, "Plans": [{"Node Type": "Nested Loop", "Parent Relationship": "Outer", "Join Type": "Inner", "Startup Cost": 0.0, "Total Cost": 1692429.4, "Plan Rows": 3688948, "Plan Width": 58, "Actual Startup Time": 0.191, "Actual Total Time": 15967.827, "Actual Rows": 1815222, "Actual Loops": 1, "Inner Unique": false, "Plans": [{"Node Type": "Nested Loop", "Parent Relationship": "Outer", "Join Type": "Inner", "Startup Cost": 0.0, "Total Cost": 416634.99, "Plan Rows": 406290, "Plan Width": 42, "Actual Startup Time": 0.173, "Actual Total Time": 9861.573, "Actual Rows": 454183, "Actual Loops": 1, "Inner Unique": false, "Plans": [{"Node Type": "Nested Loop", "Parent Relationship": "Outer", "Join Type": "Inner", "Startup Cost": 0.0, "Total Cost": 41526.19, "Plan Rows": 300000, "Plan Width": 42, "Actual Startup Time": 0.096, "Actual Total Time": 552.728, "Actual Rows": 299838, "Actual Loops": 1, "Inner Unique": false, "Plans": [{"Node Type": "Nested Loop", "Parent Relationship": "Outer", "Join Type": "Inner", "Startup Cost": 0.0, "Total Cost": 14.06, "Plan Rows": 5, "Plan Width": 30, "Actual Startup Time": 0.052, "Actual Total Time": 0.24, "Actual Rows": 5, "Actual Loops": 1, "Inner Unique": true, "Join Filter": "(nation.n_regionkey = region.r_regionkey)", "Rows Removed by Join Filter": 20, "Plans": [{"Node Type": "Index Scan", "Parent Relationship": "Outer", "Scan Direction": "Forward", "Index Name": "nation_pkey", "Relation Name": "nation", "Alias": "nation", "Startup Cost": 0.0, "Total Cost": 12.62, "Plan Rows": 25, "Plan Width": 34, "Actual Startup Time": 0.019, "Actual Total Time": 0.141, "Actual Rows": 25, "Actual Loops": 1}, {"Node Type": "Materialize", "Parent Relationship": "Inner", "Startup Cost": 0.0, "Total Cost": 1.07, "Plan Rows": 1, "Plan Width": 4, "Actual Startup Time": 0.031, "Actual Total Time": 0.037, "Actual Rows": 25, "Actual Loops": 25, "Plans": [{"Node Type": "Seq Scan", "Parent Relationship": "Outer", "Relation Name": "region", "Alias": "region", "Startup Cost": 0.0, "Total Cost": 1.06, "Plan Rows": 1, "Plan Width": 4, "Actual Startup Time": 0.015, "Actual Total Time": 0.017, "Actual Rows": 1, "Actual Loops": 1, "Filter": "(r_name = 'MIDDLE EAST'::bpchar)", "Rows Removed by Filter": 4}]}]}, {"Node Type": "Index Scan", "Parent Relationship": "Inner", "Scan Direction": "Forward", "Index Name": "idx_customer_nationkey", "Relation Name": "customer", "Alias": "customer", "Startup Cost": 0.0, "Total Cost": 7702.43, "Plan Rows": 60000, "Plan Width": 12, "Actual Startup Time": 0.204, "Actual Total Time": 463.1, "Actual Rows": 299838, "Actual Loops": 5, "Index Cond": "(c_nationkey = nation.n_nationkey)", "Rows Removed by Index Recheck": 0}]}, {"Node Type": "Index Scan", "Parent Relationship": "Inner", "Scan Direction": "Forward", "Index Name": "idx_orders_custkey", "Relation Name": "orders", "Alias": "orders", "Startup Cost": 0.0, "Total Cost": 1.24, "Plan Rows": 1, "Plan Width": 16, "Actual Startup Time": 4237.666, "Actual Total Time": 9029.198, "Actual Rows": 454183, "Actual Loops": 299838, "Index Cond": "(o_custkey = customer.c_custkey)", "Rows Removed by Index Recheck": 0, "Filter": "((o_orderdate >= '1994-01-01 00:00:00'::timestamp(0) without time zone) AND (o_orderdate < '1995-01-01 00:00:00'::timestamp without time zone))", "Rows Removed by Filter": 2542535}]}, {"Node Type": "Index Scan", "Parent Relationship": "Inner", "Scan Direction": "Forward", "Index Name": "idx_lineitem_orderkey", "Relation Name": "lineitem", "Alias": "lineitem", "Startup Cost": 0.0, "Total Cost": 3.05, "Plan Rows": 9, "Plan Width": 32, "Actual Startup Time": 4453.028, "Actual Total Time": 5420.241, "Actual Rows": 1815222, "Actual Loops": 454183, "Index Cond": "(l_orderkey = orders.o_orderkey)", "Rows Removed by Index Recheck": 0}]}, {"Node Type": "Index Scan", "Parent Relationship": "Inner", "Scan Direction": "Forward", "Index Name": "supplier_pkey", "Relation Name": "supplier", "Alias": "supplier", "Startup Cost": 0.0, "Total Cost": 0.27, "Plan Rows": 1, "Plan Width": 12, "Actual Startup Time": 7367.84, "Actual Total Time": 7969.354, "Actual Rows": 1815222, "Actual Loops": 1815222, "Index Cond": "(s_suppkey = lineitem.l_suppkey)", "Rows Removed by Index Recheck": 0}]}]}]}, "Triggers": [], "Planner Runtime": 2.8, "Total Runtime": 25453.194, "Unique SQL Id": 1392561963}}, "(16, 125)": {"explain_plan": {"Plan": {"Node Type": "Sort", "Startup Cost": 2735319.99, "Total Cost": 2735320.05, "Plan Rows": 25, "Plan Width": 50, "Sort Key": ["(sum((lineitem.l_extendedprice * (1::double precision - lineitem.l_discount)))) DESC"], "Plans": [{"Node Type": "Aggregate", "Strategy": "Hashed", "Parent Relationship": "Outer", "Startup Cost": 2735319.16, "Total Cost": 2735319.41, "Plan Rows": 25, "Plan Width": 50, "Group By Key": ["nation.n_name"], "Plans": [{"Node Type": "Nested Loop", "Parent Relationship": "Outer", "Join Type": "Inner", "Startup Cost": 0.0, "Total Cost": 2735225.26, "Plan Rows": 9390, "Plan Width": 42, "Inner Unique": true, "Join Filter": "(customer.c_nationkey = supplier.s_nationkey)", "Plans": [{"Node Type": "Nested Loop", "Parent Relationship": "Outer", "Join Type": "Inner", "Startup Cost": 0.0, "Total Cost": 1692440.68, "Plan Rows": 3688948, "Plan Width": 58, "Inner Unique": false, "Plans": [{"Node Type": "Nested Loop", "Parent Relationship": "Outer", "Join Type": "Inner", "Startup Cost": 0.0, "Total Cost": 416646.27, "Plan Rows": 406290, "Plan Width": 42, "Inner Unique": false, "Plans": [{"Node Type": "Nested Loop", "Parent Relationship": "Outer", "Join Type": "Inner", "Startup Cost": 0.0, "Total Cost": 41537.47, "Plan Rows": 300000, "Plan Width": 42, "Inner Unique": false, "Plans": [{"Node Type": "Nested Loop", "Parent Relationship": "Outer", "Join Type": "Inner", "Startup Cost": 0.0, "Total Cost": 25.34, "Plan Rows": 5, "Plan Width": 30, "Inner Unique": true, "Join Filter": "(nation.n_regionkey = region.r_regionkey)", "Plans": [{"Node Type": "Index Scan", "Parent Relationship": "Outer", "Scan Direction": "Forward", "Index Name": "nation_pkey", "Relation Name": "nation", "Alias": "nation", "Startup Cost": 0.0, "Total Cost": 12.62, "Plan Rows": 25, "Plan Width": 34}, {"Node Type": "Materialize", "Parent Relationship": "Inner", "Startup Cost": 0.0, "Total Cost": 12.34, "Plan Rows": 1, "Plan Width": 4, "Plans": [{"Node Type": "Index Scan", "Parent Relationship": "Outer", "Scan Direction": "Forward", "Index Name": "region_pkey", "Relation Name": "region", "Alias": "region", "Startup Cost": 0.0, "Total Cost": 12.34, "Plan Rows": 1, "Plan Width": 4, "Filter": "(r_name = 'MIDDLE EAST'::bpchar)"}]}]}, {"Node Type": "Index Scan", "Parent Relationship": "Inner", "Scan Direction": "Forward", "Index Name": "idx_customer_nationkey", "Relation Name": "customer", "Alias": "customer", "Startup Cost": 0.0, "Total Cost": 7702.43, "Plan Rows": 60000, "Plan Width": 12, "Index Cond": "(c_nationkey = nation.n_nationkey)"}]}, {"Node Type": "Index Scan", "Parent Relationship": "Inner", "Scan Direction": "Forward", "Index Name": "idx_orders_custkey", "Relation Name": "orders", "Alias": "orders", "Startup Cost": 0.0, "Total Cost": 1.24, "Plan Rows": 1, "Plan Width": 16, "Index Cond": "(o_custkey = customer.c_custkey)", "Filter": "((o_orderdate >= '1994-01-01 00:00:00'::timestamp(0) without time zone) AND (o_orderdate < '1995-01-01 00:00:00'::timestamp without time zone))"}]}, {"Node Type": "Index Scan", "Parent Relationship": "Inner", "Scan Direction": "Forward", "Index Name": "idx_lineitem_orderkey", "Relation Name": "lineitem", "Alias": "lineitem", "Startup Cost": 0.0, "Total Cost": 3.05, "Plan Rows": 9, "Plan Width": 32, "Index Cond": "(l_orderkey = orders.o_orderkey)"}]}, {"Node Type": "Index Scan", "Parent Relationship": "Inner", "Scan Direction": "Forward", "Index Name": "supplier_pkey", "Relation Name": "supplier", "Alias": "supplier", "Startup Cost": 0.0, "Total Cost": 0.27, "Plan Rows": 1, "Plan Width": 12, "Index Cond": "(s_suppkey = lineitem.l_suppkey)"}]}]}]}, "Unique SQL Id": 1392561963}, "explain_analyze_plan": {"Plan": {"Node Type": "Sort", "Startup Cost": 2735319.99, "Total Cost": 2735320.05, "Plan Rows": 25, "Plan Width": 50, "Actual Startup Time": 25206.113, "Actual Total Time": 25206.114, "Actual Rows": 5, "Actual Loops": 1, "Sort Key": ["(sum((lineitem.l_extendedprice * (1::double precision - lineitem.l_discount)))) DESC"], "Sort Method": "quicksort", "Sort Space Used": 25, "Sort Space Type": "Memory", "Plans": [{"Node Type": "Aggregate", "Strategy": "Hashed", "Parent Relationship": "Outer", "Startup Cost": 2735319.16, "Total Cost": 2735319.41, "Plan Rows": 25, "Plan Width": 50, "Actual Startup Time": 25206.07, "Actual Total Time": 25206.072, "Actual Rows": 5, "Actual Loops": 1, "Group By Key": ["nation.n_name"], "Plans": [{"Node Type": "Nested Loop", "Parent Relationship": "Outer", "Join Type": "Inner", "Startup Cost": 0.0, "Total Cost": 2735225.26, "Plan Rows": 9390, "Plan Width": 42, "Actual Startup Time": 0.321, "Actual Total Time": 25106.684, "Actual Rows": 72985, "Actual Loops": 1, "Inner Unique": true, "Join Filter": "(customer.c_nationkey = supplier.s_nationkey)", "Rows Removed by Join Filter": 1742237, "Plans": [{"Node Type": "Nested Loop", "Parent Relationship": "Outer", "Join Type": "Inner", "Startup Cost": 0.0, "Total Cost": 1692440.68, "Plan Rows": 3688948, "Plan Width": 58, "Actual Startup Time": 0.183, "Actual Total Time": 15739.084, "Actual Rows": 1815222, "Actual Loops": 1, "Inner Unique": false, "Plans": [{"Node Type": "Nested Loop", "Parent Relationship": "Outer", "Join Type": "Inner", "Startup Cost": 0.0, "Total Cost": 416646.27, "Plan Rows": 406290, "Plan Width": 42, "Actual Startup Time": 0.162, "Actual Total Time": 9644.613, "Actual Rows": 454183, "Actual Loops": 1, "Inner Unique": false, "Plans": [{"Node Type": "Nested Loop", "Parent Relationship": "Outer", "Join Type": "Inner", "Startup Cost": 0.0, "Total Cost": 41537.47, "Plan Rows": 300000, "Plan Width": 42, "Actual Startup Time": 0.098, "Actual Total Time": 551.789, "Actual Rows": 299838, "Actual Loops": 1, "Inner Unique": false, "Plans": [{"Node Type": "Nested Loop", "Parent Relationship": "Outer", "Join Type": "Inner", "Startup Cost": 0.0, "Total Cost": 25.34, "Plan Rows": 5, "Plan Width": 30, "Actual Startup Time": 0.064, "Actual Total Time": 0.284, "Actual Rows": 5, "Actual Loops": 1, "Inner Unique": true, "Join Filter": "(nation.n_regionkey = region.r_regionkey)", "Rows Removed by Join Filter": 20, "Plans": [{"Node Type": "Index Scan", "Parent Relationship": "Outer", "Scan Direction": "Forward", "Index Name": "nation_pkey", "Relation Name": "nation", "Alias": "nation", "Startup Cost": 0.0, "Total Cost": 12.62, "Plan Rows": 25, "Plan Width": 34, "Actual Startup Time": 0.028, "Actual Total Time": 0.186, "Actual Rows": 25, "Actual Loops": 1}, {"Node Type": "Materialize", "Parent Relationship": "Inner", "Startup Cost": 0.0, "Total Cost": 12.34, "Plan Rows": 1, "Plan Width": 4, "Actual Startup Time": 0.034, "Actual Total Time": 0.038, "Actual Rows": 25, "Actual Loops": 25, "Plans": [{"Node Type": "Index Scan", "Parent Relationship": "Outer", "Scan Direction": "Forward", "Index Name": "region_pkey", "Relation Name": "region", "Alias": "region", "Startup Cost": 0.0, "Total Cost": 12.34, "Plan Rows": 1, "Plan Width": 4, "Actual Startup Time": 0.018, "Actual Total Time": 0.02, "Actual Rows": 1, "Actual Loops": 1, "Filter": "(r_name = 'MIDDLE EAST'::bpchar)", "Rows Removed by Filter": 4}]}]}, {"Node Type": "Index Scan", "Parent Relationship": "Inner", "Scan Direction": "Forward", "Index Name": "idx_customer_nationkey", "Relation Name": "customer", "Alias": "customer", "Startup Cost": 0.0, "Total Cost": 7702.43, "Plan Rows": 60000, "Plan Width": 12, "Actual Startup Time": 0.163, "Actual Total Time": 463.003, "Actual Rows": 299838, "Actual Loops": 5, "Index Cond": "(c_nationkey = nation.n_nationkey)", "Rows Removed by Index Recheck": 0}]}, {"Node Type": "Index Scan", "Parent Relationship": "Inner", "Scan Direction": "Forward", "Index Name": "idx_orders_custkey", "Relation Name": "orders", "Alias": "orders", "Startup Cost": 0.0, "Total Cost": 1.24, "Plan Rows": 1, "Plan Width": 16, "Actual Startup Time": 4177.284, "Actual Total Time": 8819.633, "Actual Rows": 454183, "Actual Loops": 299838, "Index Cond": "(o_custkey = customer.c_custkey)", "Rows Removed by Index Recheck": 0, "Filter": "((o_orderdate >= '1994-01-01 00:00:00'::timestamp(0) without time zone) AND (o_orderdate < '1995-01-01 00:00:00'::timestamp without time zone))", "Rows Removed by Filter": 2542535}]}, {"Node Type": "Index Scan", "Parent Relationship": "Inner", "Scan Direction": "Forward", "Index Name": "idx_lineitem_orderkey", "Relation Name": "lineitem", "Alias": "lineitem", "Startup Cost": 0.0, "Total Cost": 3.05, "Plan Rows": 9, "Plan Width": 32, "Actual Startup Time": 4440.991, "Actual Total Time": 5420.279, "Actual Rows": 1815222, "Actual Loops": 454183, "Index Cond": "(l_orderkey = orders.o_orderkey)", "Rows Removed by Index Recheck": 0}]}, {"Node Type": "Index Scan", "Parent Relationship": "Inner", "Scan Direction": "Forward", "Index Name": "supplier_pkey", "Relation Name": "supplier", "Alias": "supplier", "Startup Cost": 0.0, "Total Cost": 0.27, "Plan Rows": 1, "Plan Width": 12, "Actual Startup Time": 7341.252, "Actual Total Time": 7946.032, "Actual Rows": 1815222, "Actual Loops": 1815222, "Index Cond": "(s_suppkey = lineitem.l_suppkey)", "Rows Removed by Index Recheck": 0}]}]}]}, "Triggers": [], "Planner Runtime": 2.481, "Total Runtime": 25206.449, "Unique SQL Id": 1392561963}}, "(16, 126)": {"explain_plan": {"Plan": {"Node Type": "Sort", "Startup Cost": 51053787992.55, "Total Cost": 51053787992.61, "Plan Rows": 25, "Plan Width": 50, "Sort Key": ["(sum((lineitem.l_extendedprice * (1::double precision - lineitem.l_discount)))) DESC"], "Plans": [{"Node Type": "Aggregate", "Strategy": "Hashed", "Parent Relationship": "Outer", "Startup Cost": 51053787991.72, "Total Cost": 51053787991.97, "Plan Rows": 25, "Plan Width": 50, "Group By Key": ["nation.n_name"], "Plans": [{"Node Type": "Nested Loop", "Parent Relationship": "Outer", "Join Type": "Inner", "Startup Cost": 441.06, "Total Cost": 51053787897.82, "Plan Rows": 9390, "Plan Width": 42, "Inner Unique": false, "Join Filter": "((orders.o_custkey = customer.c_custkey) AND (supplier.s_nationkey = customer.c_nationkey))", "Plans": [{"Node Type": "Seq Scan", "Parent Relationship": "Outer", "Relation Name": "customer", "Alias": "customer", "Startup Cost": 0.0, "Total Cost": 52126.0, "Plan Rows": 1500000, "Plan Width": 12}, {"Node Type": "Materialize", "Parent Relationship": "Inner", "Startup Cost": 441.06, "Total Cost": 44131637681.06, "Plan Rows": 263699, "Plan Width": 58, "Plans": [{"Node Type": "Nested Loop", "Parent Relationship": "Outer", "Join Type": "Inner", "Startup Cost": 441.06, "Total Cost": 44131636362.57, "Plan Rows": 263699, "Plan Width": 58, "Inner Unique": false, "Join Filter": "(lineitem.l_orderkey = orders.o_orderkey), (LLVM Optimized)", "Plans": [{"Node Type": "Seq Scan", "Parent Relationship": "Outer", "Relation Name": "orders", "Alias": "orders", "Startup Cost": 441.06, "Total Cost": 501411.18, "Plan Rows": 2281758, "Plan Width": 16, "Filter": "((o_orderdate >= '1994-01-01 00:00:00'::timestamp(0) without time zone) AND (o_orderdate < '1995-01-01 00:00:00'::timestamp without time zone)), (LLVM Optimized)"}, {"Node Type": "Materialize", "Parent Relationship": "Inner", "Startup Cost": 0.0, "Total Cost": 17998139668.64, "Plan Rows": 763534, "Plan Width": 58, "Plans": [{"Node Type": "Nested Loop", "Parent Relationship": "Outer", "Join Type": "Inner", "Startup Cost": 0.0, "Total Cost": 17998135850.97, "Plan Rows": 763534, "Plan Width": 58, "Inner Unique": false, "Join Filter": "(supplier.s_suppkey = lineitem.l_suppkey), (LLVM Optimized)", "Plans": [{"Node Type": "Seq Scan", "Parent Relationship": "Outer", "Relation Name": "lineitem", "Alias": "lineitem", "Startup Cost": 0.0, "Total Cost": 2015115.33, "Plan Rows": 59987033, "Plan Width": 32}, {"Node Type": "Materialize", "Parent Relationship": "Inner", "Startup Cost": 0.0, "Total Cost": 10885.64, "Plan Rows": 20000, "Plan Width": 42, "Plans": [{"Node Type": "Nested Loop", "Parent Relationship": "Outer", "Join Type": "Inner", "Startup Cost": 0.0, "Total Cost": 10785.64, "Plan Rows": 20000, "Plan Width": 42, "Inner Unique": false, "Join Filter": "(nation.n_nationkey = supplier.s_nationkey)", "Plans": [{"Node Type": "Seq Scan", "Parent Relationship": "Outer", "Relation Name": "supplier", "Alias": "supplier", "Startup Cost": 0.0, "Total Cost": 3283.0, "Plan Rows": 100000, "Plan Width": 12}, {"Node Type": "Materialize", "Parent Relationship": "Inner", "Startup Cost": 0.0, "Total Cost": 2.65, "Plan Rows": 5, "Plan Width": 30, "Plans": [{"Node Type": "Nested Loop", "Parent Relationship": "Outer", "Join Type": "Inner", "Startup Cost": 0.0, "Total Cost": 2.62, "Plan Rows": 5, "Plan Width": 30, "Inner Unique": false, "Join Filter": "(nation.n_regionkey = region.r_regionkey)", "Plans": [{"Node Type": "Seq Scan", "Parent Relationship": "Outer", "Relation Name": "region", "Alias": "region", "Startup Cost": 0.0, "Total Cost": 1.06, "Plan Rows": 1, "Plan Width": 4, "Filter": "(r_name = 'MIDDLE EAST'::bpchar)"}, {"Node Type": "Seq Scan", "Parent Relationship": "Inner", "Relation Name": "nation", "Alias": "nation", "Startup Cost": 0.0, "Total Cost": 1.25, "Plan Rows": 25, "Plan Width": 34}]}]}]}]}]}]}]}]}]}]}]}, "Unique SQL Id": 1392561963}, "explain_analyze_plan": null}, "(16, 127)": {"explain_plan": {"Plan": {"Node Type": "Sort", "Startup Cost": 6051464595461.66, "Total Cost": 6051464595461.73, "Plan Rows": 25, "Plan Width": 50, "Sort Key": ["(sum((lineitem.l_extendedprice * (1::double precision - lineitem.l_discount)))) DESC"], "Plans": [{"Node Type": "Aggregate", "Strategy": "Hashed", "Parent Relationship": "Outer", "Startup Cost": 6051464595460.83, "Total Cost": 6051464595461.08, "Plan Rows": 25, "Plan Width": 50, "Group By Key": ["nation.n_name"], "Plans": [{"Node Type": "Nested Loop", "Parent Relationship": "Outer", "Join Type": "Inner", "Startup Cost": 60000000000.0, "Total Cost": 6051464595366.93, "Plan Rows": 9390, "Plan Width": 42, "Inner Unique": false, "Join Filter": "((orders.o_custkey = customer.c_custkey) AND (supplier.s_nationkey = customer.c_nationkey))", "Plans": [{"Node Type": "Index Scan", "Parent Relationship": "Outer", "Scan Direction": "Forward", "Index Name": "customer_pkey", "Relation Name": "customer", "Alias": "customer", "Startup Cost": 10000000000.0, "Total Cost": 1000008076535.62, "Plan Rows": 1500000, "Plan Width": 12}, {"Node Type": "Materialize", "Parent Relationship": "Inner", "Startup Cost": 50000000000.0, "Total Cost": 5044534420740.56, "Plan Rows": 263699, "Plan Width": 58, "Plans": [{"Node Type": "Nested Loop", "Parent Relationship": "Outer", "Join Type": "Inner", "Startup Cost": 50000000000.0, "Total Cost": 5044534419422.06, "Plan Rows": 263699, "Plan Width": 58, "Inner Unique": true, "Join Filter": "(lineitem.l_orderkey = orders.o_orderkey), (LLVM Optimized)", "Plans": [{"Node Type": "Nested Loop", "Parent Relationship": "Outer", "Join Type": "Inner", "Startup Cost": 40000000000.0, "Total Cost": 4018320818943.09, "Plan Rows": 763534, "Plan Width": 58, "Inner Unique": false, "Join Filter": "(supplier.s_suppkey = lineitem.l_suppkey), (LLVM Optimized)", "Plans": [{"Node Type": "Nested Loop", "Parent Relationship": "Outer", "Join Type": "Inner", "Startup Cost": 30000000000.0, "Total Cost": 3000000543701.01, "Plan Rows": 20000, "Plan Width": 42, "Inner Unique": false, "Join Filter": "(nation.n_nationkey = supplier.s_nationkey)", "Plans": [{"Node Type": "Nested Loop", "Parent Relationship": "Outer", "Join Type": "Inner", "Startup Cost": 20000000000.0, "Total Cost": 2000000002496.63, "Plan Rows": 5, "Plan Width": 30, "Inner Unique": true, "Join Filter": "(nation.n_regionkey = region.r_regionkey)", "Plans": [{"Node Type": "Index Scan", "Parent Relationship": "Outer", "Scan Direction": "Forward", "Index Name": "nation_pkey", "Relation Name": "nation", "Alias": "nation", "Startup Cost": 10000000000.0, "Total Cost": 1000000001262.5, "Plan Rows": 25, "Plan Width": 34}, {"Node Type": "Materialize", "Parent Relationship": "Inner", "Startup Cost": 10000000000.0, "Total Cost": 1000000001233.76, "Plan Rows": 1, "Plan Width": 4, "Plans": [{"Node Type": "Index Scan", "Parent Relationship": "Outer", "Scan Direction": "Forward", "Index Name": "region_pkey", "Relation Name": "region", "Alias": "region", "Startup Cost": 10000000000.0, "Total Cost": 1000000001233.75, "Plan Rows": 1, "Plan Width": 4, "Filter": "(r_name = 'MIDDLE EAST'::bpchar)"}]}]}, {"Node Type": "Materialize", "Parent Relationship": "Inner", "Startup Cost": 10000000000.0, "Total Cost": 1000000533954.38, "Plan Rows": 100000, "Plan Width": 12, "Plans": [{"Node Type": "Index Scan", "Parent Relationship": "Outer", "Scan Direction": "Forward", "Index Name": "supplier_pkey", "Relation Name": "supplier", "Alias": "supplier", "Startup Cost": 10000000000.0, "Total Cost": 1000000533454.38, "Plan Rows": 100000, "Plan Width": 12}]}]}, {"Node Type": "Materialize", "Parent Relationship": "Inner", "Startup Cost": 10000000000.0, "Total Cost": 1000324315309.67, "Plan Rows": 59987033, "Plan Width": 32, "Plans": [{"Node Type": "Index Scan", "Parent Relationship": "Outer", "Scan Direction": "Forward", "Index Name": "idx_lineitem_orderkey", "Relation Name": "lineitem", "Alias": "lineitem", "Startup Cost": 10000000000.0, "Total Cost": 1000324015374.5, "Plan Rows": 59987033, "Plan Width": 32}]}]}, {"Node Type": "Materialize", "Parent Relationship": "Inner", "Startup Cost": 10000000000.0, "Total Cost": 1000080608991.79, "Plan Rows": 2281758, "Plan Width": 16, "Plans": [{"Node Type": "Index Scan", "Parent Relationship": "Outer", "Scan Direction": "Forward", "Index Name": "orders_pkey", "Relation Name": "orders", "Alias": "orders", "Startup Cost": 10000000000.0, "Total Cost": 1000080597583.0, "Plan Rows": 2281758, "Plan Width": 16, "Filter": "((o_orderdate >= '1994-01-01 00:00:00'::timestamp(0) without time zone) AND (o_orderdate < '1995-01-01 00:00:00'::timestamp without time zone)), (LLVM Optimized)"}]}]}]}]}]}]}, "Unique SQL Id": 1392561963}, "explain_analyze_plan": null}, "(64, 0)": {"explain_plan": {"Plan": {"Node Type": "Sort", "Startup Cost": 1720718.42, "Total Cost": 1720718.49, "Plan Rows": 25, "Plan Width": 50, "Sort Key": ["(sum((lineitem.l_extendedprice * (1::double precision - lineitem.l_discount)))) DESC"], "Plans": [{"Node Type": "Aggregate", "Strategy": "Hashed", "Parent Relationship": "Outer", "Startup Cost": 1720717.59, "Total Cost": 1720717.84, "Plan Rows": 25, "Plan Width": 50, "Group By Key": ["nation.n_name"], "Plans": [{"Node Type": "Hash Join", "Parent Relationship": "Outer", "Join Type": "Inner", "Startup Cost": 5813.37, "Total Cost": 1720623.69, "Plan Rows": 9390, "Plan Width": 42, "Inner Unique": true, "Hash Cond": "((lineitem.l_suppkey = supplier.s_suppkey) AND (customer.c_nationkey = supplier.s_nationkey))", "Plans": [{"Node Type": "Nested Loop", "Parent Relationship": "Outer", "Join Type": "Inner", "Startup Cost": 1030.37, "Total Cost": 1688079.68, "Plan Rows": 3688948, "Plan Width": 58, "Inner Unique": false, "Plans": [{"Node Type": "Nested Loop", "Parent Relationship": "Outer", "Join Type": "Inner", "Startup Cost": 1030.37, "Total Cost": 412285.27, "Plan Rows": 406290, "Plan Width": 42, "Inner Unique": false, "Plans": [{"Node Type": "Nested Loop", "Parent Relationship": "Outer", "Join Type": "Inner", "Startup Cost": 1030.37, "Total Cost": 37176.47, "Plan Rows": 300000, "Plan Width": 42, "Inner Unique": false, "Plans": [{"Node Type": "Nested Loop", "Parent Relationship": "Outer", "Join Type": "Inner", "Startup Cost": 0.0, "Total Cost": 14.06, "Plan Rows": 5, "Plan Width": 30, "Inner Unique": true, "Join Filter": "(nation.n_regionkey = region.r_regionkey)", "Plans": [{"Node Type": "Index Scan", "Parent Relationship": "Outer", "Scan Direction": "Forward", "Index Name": "nation_pkey", "Relation Name": "nation", "Alias": "nation", "Startup Cost": 0.0, "Total Cost": 12.62, "Plan Rows": 25, "Plan Width": 34}, {"Node Type": "Materialize", "Parent Relationship": "Inner", "Startup Cost": 0.0, "Total Cost": 1.07, "Plan Rows": 1, "Plan Width": 4, "Plans": [{"Node Type": "Seq Scan", "Parent Relationship": "Outer", "Relation Name": "region", "Alias": "region", "Startup Cost": 0.0, "Total Cost": 1.06, "Plan Rows": 1, "Plan Width": 4, "Filter": "(r_name = 'MIDDLE EAST'::bpchar)"}]}]}, {"Node Type": "Bitmap Heap Scan", "Parent Relationship": "Inner", "Relation Name": "customer", "Alias": "customer", "Startup Cost": 1030.37, "Total Cost": 6832.48, "Plan Rows": 60000, "Plan Width": 12, "Recheck Cond": "(c_nationkey = nation.n_nationkey)", "Plans": [{"Node Type": "Bitmap Index Scan", "Parent Relationship": "Outer", "Index Name": "idx_customer_nationkey", "Startup Cost": 0.0, "Total Cost": 1015.37, "Plan Rows": 60000, "Plan Width": 0, "Index Cond": "(c_nationkey = nation.n_nationkey)"}]}]}, {"Node Type": "Index Scan", "Parent Relationship": "Inner", "Scan Direction": "Forward", "Index Name": "idx_orders_custkey", "Relation Name": "orders", "Alias": "orders", "Startup Cost": 0.0, "Total Cost": 1.24, "Plan Rows": 1, "Plan Width": 16, "Index Cond": "(o_custkey = customer.c_custkey)", "Filter": "((o_orderdate >= '1994-01-01 00:00:00'::timestamp(0) without time zone) AND (o_orderdate < '1995-01-01 00:00:00'::timestamp without time zone))"}]}, {"Node Type": "Index Scan", "Parent Relationship": "Inner", "Scan Direction": "Forward", "Index Name": "idx_lineitem_orderkey", "Relation Name": "lineitem", "Alias": "lineitem", "Startup Cost": 0.0, "Total Cost": 3.05, "Plan Rows": 9, "Plan Width": 32, "Index Cond": "(l_orderkey = orders.o_orderkey)"}]}, {"Node Type": "Hash", "Parent Relationship": "Inner", "Startup Cost": 3283.0, "Total Cost": 3283.0, "Plan Rows": 100000, "Plan Width": 12, "Plans": [{"Node Type": "Seq Scan", "Parent Relationship": "Outer", "Relation Name": "supplier", "Alias": "supplier", "Startup Cost": 0.0, "Total Cost": 3283.0, "Plan Rows": 100000, "Plan Width": 12}]}]}]}]}, "Unique SQL Id": 1392561963}, "explain_analyze_plan": {"Plan": {"Node Type": "Sort", "Startup Cost": 1720718.42, "Total Cost": 1720718.49, "Plan Rows": 25, "Plan Width": 50, "Actual Startup Time": 15454.184, "Actual Total Time": 15454.184, "Actual Rows": 5, "Actual Loops": 1, "Sort Key": ["(sum((lineitem.l_extendedprice * (1::double precision - lineitem.l_discount)))) DESC"], "Sort Method": "quicksort", "Sort Space Used": 25, "Sort Space Type": "Memory", "Plans": [{"Node Type": "Aggregate", "Strategy": "Hashed", "Parent Relationship": "Outer", "Startup Cost": 1720717.59, "Total Cost": 1720717.84, "Plan Rows": 25, "Plan Width": 50, "Actual Startup Time": 15454.155, "Actual Total Time": 15454.157, "Actual Rows": 5, "Actual Loops": 1, "Group By Key": ["nation.n_name"], "Plans": [{"Node Type": "Hash Join", "Parent Relationship": "Outer", "Join Type": "Inner", "Startup Cost": 5813.37, "Total Cost": 1720623.69, "Plan Rows": 9390, "Plan Width": 42, "Actual Startup Time": 84.294, "Actual Total Time": 15371.404, "Actual Rows": 72985, "Actual Loops": 1, "Inner Unique": true, "Hash Cond": "((lineitem.l_suppkey = supplier.s_suppkey) AND (customer.c_nationkey = supplier.s_nationkey))", "Plans": [{"Node Type": "Nested Loop", "Parent Relationship": "Outer", "Join Type": "Inner", "Startup Cost": 1030.37, "Total Cost": 1688079.68, "Plan Rows": 3688948, "Plan Width": 58, "Actual Startup Time": 17.826, "Actual Total Time": 14516.719, "Actual Rows": 1815222, "Actual Loops": 1, "Inner Unique": false, "Plans": [{"Node Type": "Nested Loop", "Parent Relationship": "Outer", "Join Type": "Inner", "Startup Cost": 1030.37, "Total Cost": 412285.27, "Plan Rows": 406290, "Plan Width": 42, "Actual Startup Time": 17.812, "Actual Total Time": 8794.893, "Actual Rows": 454183, "Actual Loops": 1, "Inner Unique": false, "Plans": [{"Node Type": "Nested Loop", "Parent Relationship": "Outer", "Join Type": "Inner", "Startup Cost": 1030.37, "Total Cost": 37176.47, "Plan Rows": 300000, "Plan Width": 42, "Actual Startup Time": 17.75, "Actual Total Time": 613.706, "Actual Rows": 299838, "Actual Loops": 1, "Inner Unique": false, "Plans": [{"Node Type": "Nested Loop", "Parent Relationship": "Outer", "Join Type": "Inner", "Startup Cost": 0.0, "Total Cost": 14.06, "Plan Rows": 5, "Plan Width": 30, "Actual Startup Time": 0.046, "Actual Total Time": 0.124, "Actual Rows": 5, "Actual Loops": 1, "Inner Unique": true, "Join Filter": "(nation.n_regionkey = region.r_regionkey)", "Rows Removed by Join Filter": 20, "Plans": [{"Node Type": "Index Scan", "Parent Relationship": "Outer", "Scan Direction": "Forward", "Index Name": "nation_pkey", "Relation Name": "nation", "Alias": "nation", "Startup Cost": 0.0, "Total Cost": 12.62, "Plan Rows": 25, "Plan Width": 34, "Actual Startup Time": 0.012, "Actual Total Time": 0.048, "Actual Rows": 25, "Actual Loops": 1}, {"Node Type": "Materialize", "Parent Relationship": "Inner", "Startup Cost": 0.0, "Total Cost": 1.07, "Plan Rows": 1, "Plan Width": 4, "Actual Startup Time": 0.034, "Actual Total Time": 0.036, "Actual Rows": 25, "Actual Loops": 25, "Plans": [{"Node Type": "Seq Scan", "Parent Relationship": "Outer", "Relation Name": "region", "Alias": "region", "Startup Cost": 0.0, "Total Cost": 1.06, "Plan Rows": 1, "Plan Width": 4, "Actual Startup Time": 0.018, "Actual Total Time": 0.02, "Actual Rows": 1, "Actual Loops": 1, "Filter": "(r_name = 'MIDDLE EAST'::bpchar)", "Rows Removed by Filter": 4}]}]}, {"Node Type": "Bitmap Heap Scan", "Parent Relationship": "Inner", "Relation Name": "customer", "Alias": "customer", "Startup Cost": 1030.37, "Total Cost": 6832.48, "Plan Rows": 60000, "Plan Width": 12, "Actual Startup Time": 91.634, "Actual Total Time": 540.82, "Actual Rows": 299838, "Actual Loops": 5, "Recheck Cond": "(c_nationkey = nation.n_nationkey)", "Rows Removed by Index Recheck": 0, "Exact Heap Blocks": 150033, "Lossy Heap Blocks": 150033, "Plans": [{"Node Type": "Bitmap Index Scan", "Parent Relationship": "Outer", "Index Name": "idx_customer_nationkey", "Startup Cost": 0.0, "Total Cost": 1015.37, "Plan Rows": 60000, "Plan Width": 0, "Actual Startup Time": 58.507, "Actual Total Time": 58.507, "Actual Rows": 299838, "Actual Loops": 5, "Index Cond": "(c_nationkey = nation.n_nationkey)"}]}]}, {"Node Type": "Index Scan", "Parent Relationship": "Inner", "Scan Direction": "Forward", "Index Name": "idx_orders_custkey", "Relation Name": "orders", "Alias": "orders", "Startup Cost": 0.0, "Total Cost": 1.24, "Plan Rows": 1, "Plan Width": 16, "Actual Startup Time": 3749.723, "Actual Total Time": 7918.798, "Actual Rows": 454183, "Actual Loops": 299838, "Index Cond": "(o_custkey = customer.c_custkey)", "Rows Removed by Index Recheck": 0, "Filter": "((o_orderdate >= '1994-01-01 00:00:00'::timestamp(0) without time zone) AND (o_orderdate < '1995-01-01 00:00:00'::timestamp without time zone))", "Rows Removed by Filter": 2542535}]}, {"Node Type": "Index Scan", "Parent Relationship": "Inner", "Scan Direction": "Forward", "Index Name": "idx_lineitem_orderkey", "Relation Name": "lineitem", "Alias": "lineitem", "Startup Cost": 0.0, "Total Cost": 3.05, "Plan Rows": 9, "Plan Width": 32, "Actual Startup Time": 4090.386, "Actual Total Time": 5073.619, "Actual Rows": 1815222, "Actual Loops": 454183, "Index Cond": "(l_orderkey = orders.o_orderkey)", "Rows Removed by Index Recheck": 0}]}, {"Node Type": "Hash", "Parent Relationship": "Inner", "Startup Cost": 3283.0, "Total Cost": 3283.0, "Plan Rows": 100000, "Plan Width": 12, "Actual Startup Time": 66.236, "Actual Total Time": 66.236, "Actual Rows": 100000, "Actual Loops": 1, "Hash Buckets": 131072, "Hash Batches": 1, "Original Hash Batches": 1, "Peak Memory Usage": 4297, "Plans": [{"Node Type": "Seq Scan", "Parent Relationship": "Outer", "Relation Name": "supplier", "Alias": "supplier", "Startup Cost": 0.0, "Total Cost": 3283.0, "Plan Rows": 100000, "Plan Width": 12, "Actual Startup Time": 0.015, "Actual Total Time": 35.271, "Actual Rows": 100000, "Actual Loops": 1}]}]}]}]}, "Triggers": [], "Planner Runtime": 10.062, "Total Runtime": 15454.633, "Unique SQL Id": 1392561963}}, "(64, 1)": {"explain_plan": {"Plan": {"Node Type": "Sort", "Startup Cost": 1722794.32, "Total Cost": 1722794.39, "Plan Rows": 25, "Plan Width": 50, "Sort Key": ["(sum((lineitem.l_extendedprice * (1::double precision - lineitem.l_discount)))) DESC"], "Plans": [{"Node Type": "Aggregate", "Strategy": "Hashed", "Parent Relationship": "Outer", "Startup Cost": 1722793.49, "Total Cost": 1722793.74, "Plan Rows": 25, "Plan Width": 50, "Group By Key": ["nation.n_name"], "Plans": [{"Node Type": "Hash Join", "Parent Relationship": "Outer", "Join Type": "Inner", "Startup Cost": 7864.91, "Total Cost": 1722699.59, "Plan Rows": 9390, "Plan Width": 42, "Inner Unique": true, "Hash Cond": "((lineitem.l_suppkey = supplier.s_suppkey) AND (customer.c_nationkey = supplier.s_nationkey))", "Plans": [{"Node Type": "Nested Loop", "Parent Relationship": "Outer", "Join Type": "Inner", "Startup Cost": 1030.37, "Total Cost": 1688090.96, "Plan Rows": 3688948, "Plan Width": 58, "Inner Unique": false, "Plans": [{"Node Type": "Nested Loop", "Parent Relationship": "Outer", "Join Type": "Inner", "Startup Cost": 1030.37, "Total Cost": 412296.55, "Plan Rows": 406290, "Plan Width": 42, "Inner Unique": false, "Plans": [{"Node Type": "Nested Loop", "Parent Relationship": "Outer", "Join Type": "Inner", "Startup Cost": 1030.37, "Total Cost": 37187.75, "Plan Rows": 300000, "Plan Width": 42, "Inner Unique": false, "Plans": [{"Node Type": "Nested Loop", "Parent Relationship": "Outer", "Join Type": "Inner", "Startup Cost": 0.0, "Total Cost": 25.34, "Plan Rows": 5, "Plan Width": 30, "Inner Unique": true, "Join Filter": "(nation.n_regionkey = region.r_regionkey)", "Plans": [{"Node Type": "Index Scan", "Parent Relationship": "Outer", "Scan Direction": "Forward", "Index Name": "nation_pkey", "Relation Name": "nation", "Alias": "nation", "Startup Cost": 0.0, "Total Cost": 12.62, "Plan Rows": 25, "Plan Width": 34}, {"Node Type": "Materialize", "Parent Relationship": "Inner", "Startup Cost": 0.0, "Total Cost": 12.34, "Plan Rows": 1, "Plan Width": 4, "Plans": [{"Node Type": "Index Scan", "Parent Relationship": "Outer", "Scan Direction": "Forward", "Index Name": "region_pkey", "Relation Name": "region", "Alias": "region", "Startup Cost": 0.0, "Total Cost": 12.34, "Plan Rows": 1, "Plan Width": 4, "Filter": "(r_name = 'MIDDLE EAST'::bpchar)"}]}]}, {"Node Type": "Bitmap Heap Scan", "Parent Relationship": "Inner", "Relation Name": "customer", "Alias": "customer", "Startup Cost": 1030.37, "Total Cost": 6832.48, "Plan Rows": 60000, "Plan Width": 12, "Recheck Cond": "(c_nationkey = nation.n_nationkey)", "Plans": [{"Node Type": "Bitmap Index Scan", "Parent Relationship": "Outer", "Index Name": "idx_customer_nationkey", "Startup Cost": 0.0, "Total Cost": 1015.37, "Plan Rows": 60000, "Plan Width": 0, "Index Cond": "(c_nationkey = nation.n_nationkey)"}]}]}, {"Node Type": "Index Scan", "Parent Relationship": "Inner", "Scan Direction": "Forward", "Index Name": "idx_orders_custkey", "Relation Name": "orders", "Alias": "orders", "Startup Cost": 0.0, "Total Cost": 1.24, "Plan Rows": 1, "Plan Width": 16, "Index Cond": "(o_custkey = customer.c_custkey)", "Filter": "((o_orderdate >= '1994-01-01 00:00:00'::timestamp(0) without time zone) AND (o_orderdate < '1995-01-01 00:00:00'::timestamp without time zone))"}]}, {"Node Type": "Index Scan", "Parent Relationship": "Inner", "Scan Direction": "Forward", "Index Name": "idx_lineitem_orderkey", "Relation Name": "lineitem", "Alias": "lineitem", "Startup Cost": 0.0, "Total Cost": 3.05, "Plan Rows": 9, "Plan Width": 32, "Index Cond": "(l_orderkey = orders.o_orderkey)"}]}, {"Node Type": "Hash", "Parent Relationship": "Inner", "Startup Cost": 5334.54, "Total Cost": 5334.54, "Plan Rows": 100000, "Plan Width": 12, "Plans": [{"Node Type": "Index Scan", "Parent Relationship": "Outer", "Scan Direction": "Forward", "Index Name": "supplier_pkey", "Relation Name": "supplier", "Alias": "supplier", "Startup Cost": 0.0, "Total Cost": 5334.54, "Plan Rows": 100000, "Plan Width": 12}]}]}]}]}, "Unique SQL Id": 1392561963}, "explain_analyze_plan": {"Plan": {"Node Type": "Sort", "Startup Cost": 1722794.32, "Total Cost": 1722794.39, "Plan Rows": 25, "Plan Width": 50, "Actual Startup Time": 15523.185, "Actual Total Time": 15523.185, "Actual Rows": 5, "Actual Loops": 1, "Sort Key": ["(sum((lineitem.l_extendedprice * (1::double precision - lineitem.l_discount)))) DESC"], "Sort Method": "quicksort", "Sort Space Used": 25, "Sort Space Type": "Memory", "Plans": [{"Node Type": "Aggregate", "Strategy": "Hashed", "Parent Relationship": "Outer", "Startup Cost": 1722793.49, "Total Cost": 1722793.74, "Plan Rows": 25, "Plan Width": 50, "Actual Startup Time": 15523.153, "Actual Total Time": 15523.155, "Actual Rows": 5, "Actual Loops": 1, "Group By Key": ["nation.n_name"], "Plans": [{"Node Type": "Hash Join", "Parent Relationship": "Outer", "Join Type": "Inner", "Startup Cost": 7864.91, "Total Cost": 1722699.59, "Plan Rows": 9390, "Plan Width": 42, "Actual Startup Time": 109.632, "Actual Total Time": 15440.515, "Actual Rows": 72985, "Actual Loops": 1, "Inner Unique": true, "Hash Cond": "((lineitem.l_suppkey = supplier.s_suppkey) AND (customer.c_nationkey = supplier.s_nationkey))", "Plans": [{"Node Type": "Nested Loop", "Parent Relationship": "Outer", "Join Type": "Inner", "Startup Cost": 1030.37, "Total Cost": 1688090.96, "Plan Rows": 3688948, "Plan Width": 58, "Actual Startup Time": 17.883, "Actual Total Time": 14580.597, "Actual Rows": 1815222, "Actual Loops": 1, "Inner Unique": false, "Plans": [{"Node Type": "Nested Loop", "Parent Relationship": "Outer", "Join Type": "Inner", "Startup Cost": 1030.37, "Total Cost": 412296.55, "Plan Rows": 406290, "Plan Width": 42, "Actual Startup Time": 17.867, "Actual Total Time": 8799.291, "Actual Rows": 454183, "Actual Loops": 1, "Inner Unique": false, "Plans": [{"Node Type": "Nested Loop", "Parent Relationship": "Outer", "Join Type": "Inner", "Startup Cost": 1030.37, "Total Cost": 37187.75, "Plan Rows": 300000, "Plan Width": 42, "Actual Startup Time": 17.797, "Actual Total Time": 615.188, "Actual Rows": 299838, "Actual Loops": 1, "Inner Unique": false, "Plans": [{"Node Type": "Nested Loop", "Parent Relationship": "Outer", "Join Type": "Inner", "Startup Cost": 0.0, "Total Cost": 25.34, "Plan Rows": 5, "Plan Width": 30, "Actual Startup Time": 0.04, "Actual Total Time": 0.127, "Actual Rows": 5, "Actual Loops": 1, "Inner Unique": true, "Join Filter": "(nation.n_regionkey = region.r_regionkey)", "Rows Removed by Join Filter": 20, "Plans": [{"Node Type": "Index Scan", "Parent Relationship": "Outer", "Scan Direction": "Forward", "Index Name": "nation_pkey", "Relation Name": "nation", "Alias": "nation", "Startup Cost": 0.0, "Total Cost": 12.62, "Plan Rows": 25, "Plan Width": 34, "Actual Startup Time": 0.011, "Actual Total Time": 0.052, "Actual Rows": 25, "Actual Loops": 1}, {"Node Type": "Materialize", "Parent Relationship": "Inner", "Startup Cost": 0.0, "Total Cost": 12.34, "Plan Rows": 1, "Plan Width": 4, "Actual Startup Time": 0.027, "Actual Total Time": 0.03, "Actual Rows": 25, "Actual Loops": 25, "Plans": [{"Node Type": "Index Scan", "Parent Relationship": "Outer", "Scan Direction": "Forward", "Index Name": "region_pkey", "Relation Name": "region", "Alias": "region", "Startup Cost": 0.0, "Total Cost": 12.34, "Plan Rows": 1, "Plan Width": 4, "Actual Startup Time": 0.013, "Actual Total Time": 0.015, "Actual Rows": 1, "Actual Loops": 1, "Filter": "(r_name = 'MIDDLE EAST'::bpchar)", "Rows Removed by Filter": 4}]}]}, {"Node Type": "Bitmap Heap Scan", "Parent Relationship": "Inner", "Relation Name": "customer", "Alias": "customer", "Startup Cost": 1030.37, "Total Cost": 6832.48, "Plan Rows": 60000, "Plan Width": 12, "Actual Startup Time": 90.709, "Actual Total Time": 541.018, "Actual Rows": 299838, "Actual Loops": 5, "Recheck Cond": "(c_nationkey = nation.n_nationkey)", "Rows Removed by Index Recheck": 0, "Exact Heap Blocks": 150033, "Lossy Heap Blocks": 150033, "Plans": [{"Node Type": "Bitmap Index Scan", "Parent Relationship": "Outer", "Index Name": "idx_customer_nationkey", "Startup Cost": 0.0, "Total Cost": 1015.37, "Plan Rows": 60000, "Plan Width": 0, "Actual Startup Time": 57.723, "Actual Total Time": 57.723, "Actual Rows": 299838, "Actual Loops": 5, "Index Cond": "(c_nationkey = nation.n_nationkey)"}]}]}, {"Node Type": "Index Scan", "Parent Relationship": "Inner", "Scan Direction": "Forward", "Index Name": "idx_orders_custkey", "Relation Name": "orders", "Alias": "orders", "Startup Cost": 0.0, "Total Cost": 1.24, "Plan Rows": 1, "Plan Width": 16, "Actual Startup Time": 3751.583, "Actual Total Time": 7923.007, "Actual Rows": 454183, "Actual Loops": 299838, "Index Cond": "(o_custkey = customer.c_custkey)", "Rows Removed by Index Recheck": 0, "Filter": "((o_orderdate >= '1994-01-01 00:00:00'::timestamp(0) without time zone) AND (o_orderdate < '1995-01-01 00:00:00'::timestamp without time zone))", "Rows Removed by Filter": 2542535}]}, {"Node Type": "Index Scan", "Parent Relationship": "Inner", "Scan Direction": "Forward", "Index Name": "idx_lineitem_orderkey", "Relation Name": "lineitem", "Alias": "lineitem", "Startup Cost": 0.0, "Total Cost": 3.05, "Plan Rows": 9, "Plan Width": 32, "Actual Startup Time": 4146.613, "Actual Total Time": 5132.338, "Actual Rows": 1815222, "Actual Loops": 454183, "Index Cond": "(l_orderkey = orders.o_orderkey)", "Rows Removed by Index Recheck": 0}]}, {"Node Type": "Hash", "Parent Relationship": "Inner", "Startup Cost": 5334.54, "Total Cost": 5334.54, "Plan Rows": 100000, "Plan Width": 12, "Actual Startup Time": 91.528, "Actual Total Time": 91.528, "Actual Rows": 100000, "Actual Loops": 1, "Hash Buckets": 131072, "Hash Batches": 1, "Original Hash Batches": 1, "Peak Memory Usage": 4297, "Plans": [{"Node Type": "Index Scan", "Parent Relationship": "Outer", "Scan Direction": "Forward", "Index Name": "supplier_pkey", "Relation Name": "supplier", "Alias": "supplier", "Startup Cost": 0.0, "Total Cost": 5334.54, "Plan Rows": 100000, "Plan Width": 12, "Actual Startup Time": 0.022, "Actual Total Time": 59.492, "Actual Rows": 100000, "Actual Loops": 1}]}]}]}]}, "Triggers": [], "Planner Runtime": 9.73, "Total Runtime": 15523.603, "Unique SQL Id": 1392561963}}, "(64, 2)": {"explain_plan": {"Plan": {"Node Type": "Sort", "Startup Cost": 2457247.05, "Total Cost": 2457247.11, "Plan Rows": 25, "Plan Width": 50, "Sort Key": ["(sum((lineitem.l_extendedprice * (1::double precision - lineitem.l_discount)))) DESC"], "Plans": [{"Node Type": "Aggregate", "Strategy": "Hashed", "Parent Relationship": "Outer", "Startup Cost": 2457246.22, "Total Cost": 2457246.47, "Plan Rows": 25, "Plan Width": 50, "Group By Key": ["nation.n_name"], "Plans": [{"Node Type": "Hash Join", "Parent Relationship": "Outer", "Join Type": "Inner", "Startup Cost": 104058.84, "Total Cost": 2457152.32, "Plan Rows": 9390, "Plan Width": 42, "Inner Unique": true, "Hash Cond": "((lineitem.l_suppkey = supplier.s_suppkey) AND (customer.c_nationkey = supplier.s_nationkey))", "Plans": [{"Node Type": "Nested Loop", "Parent Relationship": "Outer", "Join Type": "Inner", "Startup Cost": 99275.84, "Total Cost": 2424608.31, "Plan Rows": 3688948, "Plan Width": 58, "Inner Unique": false, "Plans": [{"Node Type": "Hash Join", "Parent Relationship": "Outer", "Join Type": "Inner", "Startup Cost": 99275.12, "Total Cost": 422539.98, "Plan Rows": 406290, "Plan Width": 42, "Inner Unique": false, "Hash Cond": "(orders.o_custkey = customer.c_custkey), (LLVM Optimized)", "Plans": [{"Node Type": "Bitmap Heap Scan", "Parent Relationship": "Outer", "Relation Name": "orders", "Alias": "orders", "Startup Cost": 58360.27, "Total Cost": 369005.64, "Plan Rows": 2281758, "Plan Width": 16, "Recheck Cond": "((o_orderdate >= '1994-01-01 00:00:00'::timestamp(0) without time zone) AND (o_orderdate < '1995-01-01 00:00:00'::timestamp without time zone)), (LLVM Optimized)", "Plans": [{"Node Type": "Bitmap Index Scan", "Parent Relationship": "Outer", "Index Name": "idx_orders_orderdate", "Startup Cost": 0.0, "Total Cost": 57789.83, "Plan Rows": 2281758, "Plan Width": 0, "Index Cond": "((o_orderdate >= '1994-01-01 00:00:00'::timestamp(0) without time zone) AND (o_orderdate < '1995-01-01 00:00:00'::timestamp without time zone))"}]}, {"Node Type": "Hash", "Parent Relationship": "Inner", "Startup Cost": 37164.85, "Total Cost": 37164.85, "Plan Rows": 300000, "Plan Width": 42, "Plans": [{"Node Type": "Nested Loop", "Parent Relationship": "Outer", "Join Type": "Inner", "Startup Cost": 1031.44, "Total Cost": 37164.85, "Plan Rows": 300000, "Plan Width": 42, "Inner Unique": false, "Plans": [{"Node Type": "Hash Join", "Parent Relationship": "Outer", "Join Type": "Inner", "Startup Cost": 1.07, "Total Cost": 2.44, "Plan Rows": 5, "Plan Width": 30, "Inner Unique": true, "Hash Cond": "(nation.n_regionkey = region.r_regionkey)", "Plans": [{"Node Type": "Seq Scan", "Parent Relationship": "Outer", "Relation Name": "nation", "Alias": "nation", "Startup Cost": 0.0, "Total Cost": 1.25, "Plan Rows": 25, "Plan Width": 34}, {"Node Type": "Hash", "Parent Relationship": "Inner", "Startup Cost": 1.06, "Total Cost": 1.06, "Plan Rows": 1, "Plan Width": 4, "Plans": [{"Node Type": "Seq Scan", "Parent Relationship": "Outer", "Relation Name": "region", "Alias": "region", "Startup Cost": 0.0, "Total Cost": 1.06, "Plan Rows": 1, "Plan Width": 4, "Filter": "(r_name = 'MIDDLE EAST'::bpchar)"}]}]}, {"Node Type": "Bitmap Heap Scan", "Parent Relationship": "Inner", "Relation Name": "customer", "Alias": "customer", "Startup Cost": 1030.37, "Total Cost": 6832.48, "Plan Rows": 60000, "Plan Width": 12, "Recheck Cond": "(c_nationkey = nation.n_nationkey)", "Plans": [{"Node Type": "Bitmap Index Scan", "Parent Relationship": "Outer", "Index Name": "idx_customer_nationkey", "Startup Cost": 0.0, "Total Cost": 1015.37, "Plan Rows": 60000, "Plan Width": 0, "Index Cond": "(c_nationkey = nation.n_nationkey)"}]}]}]}]}, {"Node Type": "Bitmap Heap Scan", "Parent Relationship": "Inner", "Relation Name": "lineitem", "Alias": "lineitem", "Startup Cost": 0.73, "Total Cost": 4.84, "Plan Rows": 9, "Plan Width": 32, "Recheck Cond": "(l_orderkey = orders.o_orderkey)", "Plans": [{"Node Type": "Bitmap Index Scan", "Parent Relationship": "Outer", "Index Name": "idx_lineitem_orderkey", "Startup Cost": 0.0, "Total Cost": 0.72, "Plan Rows": 9, "Plan Width": 0, "Index Cond": "(l_orderkey = orders.o_orderkey)"}]}]}, {"Node Type": "Hash", "Parent Relationship": "Inner", "Startup Cost": 3283.0, "Total Cost": 3283.0, "Plan Rows": 100000, "Plan Width": 12, "Plans": [{"Node Type": "Seq Scan", "Parent Relationship": "Outer", "Relation Name": "supplier", "Alias": "supplier", "Startup Cost": 0.0, "Total Cost": 3283.0, "Plan Rows": 100000, "Plan Width": 12}]}]}]}]}, "Unique SQL Id": 1392561963}, "explain_analyze_plan": {"Plan": {"Node Type": "Sort", "Startup Cost": 2457247.05, "Total Cost": 2457247.11, "Plan Rows": 25, "Plan Width": 50, "Actual Startup Time": 9892.981, "Actual Total Time": 9892.982, "Actual Rows": 5, "Actual Loops": 1, "Sort Key": ["(sum((lineitem.l_extendedprice * (1::double precision - lineitem.l_discount)))) DESC"], "Sort Method": "quicksort", "Sort Space Used": 25, "Sort Space Type": "Memory", "Plans": [{"Node Type": "Aggregate", "Strategy": "Hashed", "Parent Relationship": "Outer", "Startup Cost": 2457246.22, "Total Cost": 2457246.47, "Plan Rows": 25, "Plan Width": 50, "Actual Startup Time": 9892.948, "Actual Total Time": 9892.949, "Actual Rows": 5, "Actual Loops": 1, "Group By Key": ["nation.n_name"], "Plans": [{"Node Type": "Hash Join", "Parent Relationship": "Outer", "Join Type": "Inner", "Startup Cost": 104058.84, "Total Cost": 2457152.32, "Plan Rows": 9390, "Plan Width": 42, "Actual Startup Time": 1460.536, "Actual Total Time": 9816.959, "Actual Rows": 72985, "Actual Loops": 1, "Inner Unique": true, "Hash Cond": "((lineitem.l_suppkey = supplier.s_suppkey) AND (customer.c_nationkey = supplier.s_nationkey))", "Plans": [{"Node Type": "Nested Loop", "Parent Relationship": "Outer", "Join Type": "Inner", "Startup Cost": 99275.84, "Total Cost": 2424608.31, "Plan Rows": 3688948, "Plan Width": 58, "Actual Startup Time": 1393.628, "Actual Total Time": 9046.788, "Actual Rows": 1815222, "Actual Loops": 1, "Inner Unique": false, "Plans": [{"Node Type": "Hash Join", "Parent Relationship": "Outer", "Join Type": "Inner", "Startup Cost": 99275.12, "Total Cost": 422539.98, "Plan Rows": 406290, "Plan Width": 42, "Actual Startup Time": 1393.568, "Actual Total Time": 4081.354, "Actual Rows": 454183, "Actual Loops": 1, "Inner Unique": false, "Hash Cond": "(orders.o_custkey = customer.c_custkey), (LLVM Optimized, Jit Execute)", "Plans": [{"Node Type": "Bitmap Heap Scan", "Parent Relationship": "Outer", "Relation Name": "orders", "Alias": "orders", "Startup Cost": 58360.27, "Total Cost": 369005.64, "Plan Rows": 2281758, "Plan Width": 16, "Actual Startup Time": 793.807, "Actual Total Time": 2432.74, "Actual Rows": 2275919, "Actual Loops": 1, "Recheck Cond": "((o_orderdate >= '1994-01-01 00:00:00'::timestamp(0) without time zone) AND (o_orderdate < '1995-01-01 00:00:00'::timestamp without time zone)), (LLVM Optimized, Jit Execute)", "Rows Removed by Index Recheck": 0, "Exact Heap Blocks": 276381, "Lossy Heap Blocks": 276381, "Plans": [{"Node Type": "Bitmap Index Scan", "Parent Relationship": "Outer", "Index Name": "idx_orders_orderdate", "Startup Cost": 0.0, "Total Cost": 57789.83, "Plan Rows": 2281758, "Plan Width": 0, "Actual Startup Time": 694.69, "Actual Total Time": 694.69, "Actual Rows": 2275919, "Actual Loops": 1, "Index Cond": "((o_orderdate >= '1994-01-01 00:00:00'::timestamp(0) without time zone) AND (o_orderdate < '1995-01-01 00:00:00'::timestamp without time zone))"}]}, {"Node Type": "Hash", "Parent Relationship": "Inner", "Startup Cost": 37164.85, "Total Cost": 37164.85, "Plan Rows": 300000, "Plan Width": 42, "Actual Startup Time": 599.316, "Actual Total Time": 599.316, "Actual Rows": 299838, "Actual Loops": 1, "Hash Buckets": 524288, "Hash Batches": 1, "Original Hash Batches": 1, "Peak Memory Usage": 22254, "Plans": [{"Node Type": "Nested Loop", "Parent Relationship": "Outer", "Join Type": "Inner", "Startup Cost": 1031.44, "Total Cost": 37164.85, "Plan Rows": 300000, "Plan Width": 42, "Actual Startup Time": 18.061, "Actual Total Time": 491.225, "Actual Rows": 299838, "Actual Loops": 1, "Inner Unique": false, "Plans": [{"Node Type": "Hash Join", "Parent Relationship": "Outer", "Join Type": "Inner", "Startup Cost": 1.07, "Total Cost": 2.44, "Plan Rows": 5, "Plan Width": 30, "Actual Startup Time": 0.093, "Actual Total Time": 0.166, "Actual Rows": 5, "Actual Loops": 1, "Inner Unique": true, "Hash Cond": "(nation.n_regionkey = region.r_regionkey)", "Plans": [{"Node Type": "Seq Scan", "Parent Relationship": "Outer", "Relation Name": "nation", "Alias": "nation", "Startup Cost": 0.0, "Total Cost": 1.25, "Plan Rows": 25, "Plan Width": 34, "Actual Startup Time": 0.018, "Actual Total Time": 0.04, "Actual Rows": 25, "Actual Loops": 1}, {"Node Type": "Hash", "Parent Relationship": "Inner", "Startup Cost": 1.06, "Total Cost": 1.06, "Plan Rows": 1, "Plan Width": 4, "Actual Startup Time": 0.033, "Actual Total Time": 0.033, "Actual Rows": 1, "Actual Loops": 1, "Hash Buckets": 32768, "Hash Batches": 1, "Original Hash Batches": 1, "Peak Memory Usage": 1, "Plans": [{"Node Type": "Seq Scan", "Parent Relationship": "Outer", "Relation Name": "region", "Alias": "region", "Startup Cost": 0.0, "Total Cost": 1.06, "Plan Rows": 1, "Plan Width": 4, "Actual Startup Time": 0.026, "Actual Total Time": 0.027, "Actual Rows": 1, "Actual Loops": 1, "Filter": "(r_name = 'MIDDLE EAST'::bpchar)", "Rows Removed by Filter": 4}]}]}, {"Node Type": "Bitmap Heap Scan", "Parent Relationship": "Inner", "Relation Name": "customer", "Alias": "customer", "Startup Cost": 1030.37, "Total Cost": 6832.48, "Plan Rows": 60000, "Plan Width": 12, "Actual Startup Time": 89.306, "Actual Total Time": 422.918, "Actual Rows": 299838, "Actual Loops": 5, "Recheck Cond": "(c_nationkey = nation.n_nationkey)", "Rows Removed by Index Recheck": 0, "Exact Heap Blocks": 150033, "Lossy Heap Blocks": 150033, "Plans": [{"Node Type": "Bitmap Index Scan", "Parent Relationship": "Outer", "Index Name": "idx_customer_nationkey", "Startup Cost": 0.0, "Total Cost": 1015.37, "Plan Rows": 60000, "Plan Width": 0, "Actual Startup Time": 56.368, "Actual Total Time": 56.368, "Actual Rows": 299838, "Actual Loops": 5, "Index Cond": "(c_nationkey = nation.n_nationkey)"}]}]}]}]}, {"Node Type": "Bitmap Heap Scan", "Parent Relationship": "Inner", "Relation Name": "lineitem", "Alias": "lineitem", "Startup Cost": 0.73, "Total Cost": 4.84, "Plan Rows": 9, "Plan Width": 32, "Actual Startup Time": 3737.424, "Actual Total Time": 4055.724, "Actual Rows": 1815222, "Actual Loops": 454183, "Recheck Cond": "(l_orderkey = orders.o_orderkey)", "Rows Removed by Index Recheck": 0, "Exact Heap Blocks": 486530, "Lossy Heap Blocks": 486530, "Plans": [{"Node Type": "Bitmap Index Scan", "Parent Relationship": "Outer", "Index Name": "idx_lineitem_orderkey", "Startup Cost": 0.0, "Total Cost": 0.72, "Plan Rows": 9, "Plan Width": 0, "Actual Startup Time": 2054.09, "Actual Total Time": 2054.09, "Actual Rows": 1815222, "Actual Loops": 454183, "Index Cond": "(l_orderkey = orders.o_orderkey)"}]}]}, {"Node Type": "Hash", "Parent Relationship": "Inner", "Startup Cost": 3283.0, "Total Cost": 3283.0, "Plan Rows": 100000, "Plan Width": 12, "Actual Startup Time": 66.741, "Actual Total Time": 66.741, "Actual Rows": 100000, "Actual Loops": 1, "Hash Buckets": 131072, "Hash Batches": 1, "Original Hash Batches": 1, "Peak Memory Usage": 4297, "Plans": [{"Node Type": "Seq Scan", "Parent Relationship": "Outer", "Relation Name": "supplier", "Alias": "supplier", "Startup Cost": 0.0, "Total Cost": 3283.0, "Plan Rows": 100000, "Plan Width": 12, "Actual Startup Time": 0.031, "Actual Total Time": 36.048, "Actual Rows": 100000, "Actual Loops": 1}]}]}]}]}, "Triggers": [], "Planner Runtime": 8.794, "Total Runtime": 9903.122, "Unique SQL Id": 1392561963}}, "(64, 3)": {"explain_plan": {"Plan": {"Node Type": "Sort", "Startup Cost": 46003135.57, "Total Cost": 46003135.63, "Plan Rows": 25, "Plan Width": 50, "Sort Key": ["(sum((lineitem.l_extendedprice * (1::double precision - lineitem.l_discount)))) DESC"], "Plans": [{"Node Type": "Aggregate", "Strategy": "Hashed", "Parent Relationship": "Outer", "Startup Cost": 46003134.74, "Total Cost": 46003134.99, "Plan Rows": 25, "Plan Width": 50, "Group By Key": ["nation.n_name"], "Plans": [{"Node Type": "Nested Loop", "Parent Relationship": "Outer", "Join Type": "Inner", "Startup Cost": 58362.35, "Total Cost": 46003040.84, "Plan Rows": 9390, "Plan Width": 42, "Inner Unique": true, "Join Filter": "(customer.c_nationkey = supplier.s_nationkey)", "Plans": [{"Node Type": "Nested Loop", "Parent Relationship": "Outer", "Join Type": "Inner", "Startup Cost": 58362.1, "Total Cost": 30204103.6, "Plan Rows": 3688948, "Plan Width": 58, "Inner Unique": false, "Plans": [{"Node Type": "Nested Loop", "Parent Relationship": "Outer", "Join Type": "Inner", "Startup Cost": 58361.37, "Total Cost": 28202035.27, "Plan Rows": 406290, "Plan Width": 42, "Inner Unique": true, "Plans": [{"Node Type": "Nested Loop", "Parent Relationship": "Outer", "Join Type": "Inner", "Startup Cost": 58360.79, "Total Cost": 18851769.58, "Plan Rows": 2031452, "Plan Width": 46, "Inner Unique": true, "Plans": [{"Node Type": "Nested Loop", "Parent Relationship": "Outer", "Join Type": "Inner", "Startup Cost": 58360.54, "Total Cost": 10156636.32, "Plan Rows": 2031452, "Plan Width": 12, "Inner Unique": true, "Plans": [{"Node Type": "Bitmap Heap Scan", "Parent Relationship": "Outer", "Relation Name": "orders", "Alias": "orders", "Startup Cost": 58360.27, "Total Cost": 369005.64, "Plan Rows": 2281758, "Plan Width": 16, "Recheck Cond": "((o_orderdate >= '1994-01-01 00:00:00'::timestamp(0) without time zone) AND (o_orderdate < '1995-01-01 00:00:00'::timestamp without time zone)), (LLVM Optimized)", "Plans": [{"Node Type": "Bitmap Index Scan", "Parent Relationship": "Outer", "Index Name": "idx_orders_orderdate", "Startup Cost": 0.0, "Total Cost": 57789.83, "Plan Rows": 2281758, "Plan Width": 0, "Index Cond": "((o_orderdate >= '1994-01-01 00:00:00'::timestamp(0) without time zone) AND (o_orderdate < '1995-01-01 00:00:00'::timestamp without time zone))"}]}, {"Node Type": "Bitmap Heap Scan", "Parent Relationship": "Inner", "Relation Name": "customer", "Alias": "customer", "Startup Cost": 0.27, "Total Cost": 4.28, "Plan Rows": 1, "Plan Width": 12, "Recheck Cond": "(c_custkey = orders.o_custkey)", "Plans": [{"Node Type": "Bitmap Index Scan", "Parent Relationship": "Outer", "Index Name": "customer_pkey", "Startup Cost": 0.0, "Total Cost": 0.27, "Plan Rows": 1, "Plan Width": 0, "Index Cond": "(c_custkey = orders.o_custkey)"}]}]}, {"Node Type": "Bitmap Heap Scan", "Parent Relationship": "Inner", "Relation Name": "nation", "Alias": "nation", "Startup Cost": 0.26, "Total Cost": 4.27, "Plan Rows": 1, "Plan Width": 34, "Recheck Cond": "(n_nationkey = customer.c_nationkey)", "Plans": [{"Node Type": "Bitmap Index Scan", "Parent Relationship": "Outer", "Index Name": "nation_pkey", "Startup Cost": 0.0, "Total Cost": 0.26, "Plan Rows": 1, "Plan Width": 0, "Index Cond": "(n_nationkey = customer.c_nationkey)"}]}]}, {"Node Type": "Bitmap Heap Scan", "Parent Relationship": "Inner", "Relation Name": "region", "Alias": "region", "Startup Cost": 0.58, "Total Cost": 4.59, "Plan Rows": 1, "Plan Width": 4, "Recheck Cond": "(r_regionkey = nation.n_regionkey)", "Filter": "(r_name = 'MIDDLE EAST'::bpchar)", "Plans": [{"Node Type": "Bitmap Index Scan", "Parent Relationship": "Outer", "Index Name": "region_pkey", "Startup Cost": 0.0, "Total Cost": 0.58, "Plan Rows": 1, "Plan Width": 0, "Index Cond": "(r_regionkey = nation.n_regionkey)"}]}]}, {"Node Type": "Bitmap Heap Scan", "Parent Relationship": "Inner", "Relation Name": "lineitem", "Alias": "lineitem", "Startup Cost": 0.73, "Total Cost": 4.84, "Plan Rows": 9, "Plan Width": 32, "Recheck Cond": "(l_orderkey = orders.o_orderkey)", "Plans": [{"Node Type": "Bitmap Index Scan", "Parent Relationship": "Outer", "Index Name": "idx_lineitem_orderkey", "Startup Cost": 0.0, "Total Cost": 0.72, "Plan Rows": 9, "Plan Width": 0, "Index Cond": "(l_orderkey = orders.o_orderkey)"}]}]}, {"Node Type": "Bitmap Heap Scan", "Parent Relationship": "Inner", "Relation Name": "supplier", "Alias": "supplier", "Startup Cost": 0.26, "Total Cost": 4.27, "Plan Rows": 1, "Plan Width": 12, "Recheck Cond": "(s_suppkey = lineitem.l_suppkey)", "Plans": [{"Node Type": "Bitmap Index Scan", "Parent Relationship": "Outer", "Index Name": "supplier_pkey", "Startup Cost": 0.0, "Total Cost": 0.26, "Plan Rows": 1, "Plan Width": 0, "Index Cond": "(s_suppkey = lineitem.l_suppkey)"}]}]}]}]}, "Unique SQL Id": 1392561963}, "explain_analyze_plan": null}, "(64, 4)": {"explain_plan": {"Plan": {"Node Type": "Sort", "Startup Cost": 1720718.42, "Total Cost": 1720718.49, "Plan Rows": 25, "Plan Width": 50, "Sort Key": ["(sum((lineitem.l_extendedprice * (1::double precision - lineitem.l_discount)))) DESC"], "Plans": [{"Node Type": "Aggregate", "Strategy": "Hashed", "Parent Relationship": "Outer", "Startup Cost": 1720717.59, "Total Cost": 1720717.84, "Plan Rows": 25, "Plan Width": 50, "Group By Key": ["nation.n_name"], "Plans": [{"Node Type": "Hash Join", "Parent Relationship": "Outer", "Join Type": "Inner", "Startup Cost": 5813.37, "Total Cost": 1720623.69, "Plan Rows": 9390, "Plan Width": 42, "Inner Unique": true, "Hash Cond": "((lineitem.l_suppkey = supplier.s_suppkey) AND (customer.c_nationkey = supplier.s_nationkey))", "Plans": [{"Node Type": "Nested Loop", "Parent Relationship": "Outer", "Join Type": "Inner", "Startup Cost": 1030.37, "Total Cost": 1688079.68, "Plan Rows": 3688948, "Plan Width": 58, "Inner Unique": false, "Plans": [{"Node Type": "Nested Loop", "Parent Relationship": "Outer", "Join Type": "Inner", "Startup Cost": 1030.37, "Total Cost": 412285.27, "Plan Rows": 406290, "Plan Width": 42, "Inner Unique": false, "Plans": [{"Node Type": "Nested Loop", "Parent Relationship": "Outer", "Join Type": "Inner", "Startup Cost": 1030.37, "Total Cost": 37176.47, "Plan Rows": 300000, "Plan Width": 42, "Inner Unique": false, "Plans": [{"Node Type": "Nested Loop", "Parent Relationship": "Outer", "Join Type": "Inner", "Startup Cost": 0.0, "Total Cost": 14.06, "Plan Rows": 5, "Plan Width": 30, "Inner Unique": true, "Join Filter": "(nation.n_regionkey = region.r_regionkey)", "Plans": [{"Node Type": "Index Scan", "Parent Relationship": "Outer", "Scan Direction": "Forward", "Index Name": "nation_pkey", "Relation Name": "nation", "Alias": "nation", "Startup Cost": 0.0, "Total Cost": 12.62, "Plan Rows": 25, "Plan Width": 34}, {"Node Type": "Materialize", "Parent Relationship": "Inner", "Startup Cost": 0.0, "Total Cost": 1.07, "Plan Rows": 1, "Plan Width": 4, "Plans": [{"Node Type": "Seq Scan", "Parent Relationship": "Outer", "Relation Name": "region", "Alias": "region", "Startup Cost": 0.0, "Total Cost": 1.06, "Plan Rows": 1, "Plan Width": 4, "Filter": "(r_name = 'MIDDLE EAST'::bpchar)"}]}]}, {"Node Type": "Bitmap Heap Scan", "Parent Relationship": "Inner", "Relation Name": "customer", "Alias": "customer", "Startup Cost": 1030.37, "Total Cost": 6832.48, "Plan Rows": 60000, "Plan Width": 12, "Recheck Cond": "(c_nationkey = nation.n_nationkey)", "Plans": [{"Node Type": "Bitmap Index Scan", "Parent Relationship": "Outer", "Index Name": "idx_customer_nationkey", "Startup Cost": 0.0, "Total Cost": 1015.37, "Plan Rows": 60000, "Plan Width": 0, "Index Cond": "(c_nationkey = nation.n_nationkey)"}]}]}, {"Node Type": "Index Scan", "Parent Relationship": "Inner", "Scan Direction": "Forward", "Index Name": "idx_orders_custkey", "Relation Name": "orders", "Alias": "orders", "Startup Cost": 0.0, "Total Cost": 1.24, "Plan Rows": 1, "Plan Width": 16, "Index Cond": "(o_custkey = customer.c_custkey)", "Filter": "((o_orderdate >= '1994-01-01 00:00:00'::timestamp(0) without time zone) AND (o_orderdate < '1995-01-01 00:00:00'::timestamp without time zone))"}]}, {"Node Type": "Index Scan", "Parent Relationship": "Inner", "Scan Direction": "Forward", "Index Name": "idx_lineitem_orderkey", "Relation Name": "lineitem", "Alias": "lineitem", "Startup Cost": 0.0, "Total Cost": 3.05, "Plan Rows": 9, "Plan Width": 32, "Index Cond": "(l_orderkey = orders.o_orderkey)"}]}, {"Node Type": "Hash", "Parent Relationship": "Inner", "Startup Cost": 3283.0, "Total Cost": 3283.0, "Plan Rows": 100000, "Plan Width": 12, "Plans": [{"Node Type": "Seq Scan", "Parent Relationship": "Outer", "Relation Name": "supplier", "Alias": "supplier", "Startup Cost": 0.0, "Total Cost": 3283.0, "Plan Rows": 100000, "Plan Width": 12}]}]}]}]}, "Unique SQL Id": 1392561963}, "explain_analyze_plan": {"Plan": {"Node Type": "Sort", "Startup Cost": 1720718.42, "Total Cost": 1720718.49, "Plan Rows": 25, "Plan Width": 50, "Actual Startup Time": 15454.184, "Actual Total Time": 15454.184, "Actual Rows": 5, "Actual Loops": 1, "Sort Key": ["(sum((lineitem.l_extendedprice * (1::double precision - lineitem.l_discount)))) DESC"], "Sort Method": "quicksort", "Sort Space Used": 25, "Sort Space Type": "Memory", "Plans": [{"Node Type": "Aggregate", "Strategy": "Hashed", "Parent Relationship": "Outer", "Startup Cost": 1720717.59, "Total Cost": 1720717.84, "Plan Rows": 25, "Plan Width": 50, "Actual Startup Time": 15454.155, "Actual Total Time": 15454.157, "Actual Rows": 5, "Actual Loops": 1, "Group By Key": ["nation.n_name"], "Plans": [{"Node Type": "Hash Join", "Parent Relationship": "Outer", "Join Type": "Inner", "Startup Cost": 5813.37, "Total Cost": 1720623.69, "Plan Rows": 9390, "Plan Width": 42, "Actual Startup Time": 84.294, "Actual Total Time": 15371.404, "Actual Rows": 72985, "Actual Loops": 1, "Inner Unique": true, "Hash Cond": "((lineitem.l_suppkey = supplier.s_suppkey) AND (customer.c_nationkey = supplier.s_nationkey))", "Plans": [{"Node Type": "Nested Loop", "Parent Relationship": "Outer", "Join Type": "Inner", "Startup Cost": 1030.37, "Total Cost": 1688079.68, "Plan Rows": 3688948, "Plan Width": 58, "Actual Startup Time": 17.826, "Actual Total Time": 14516.719, "Actual Rows": 1815222, "Actual Loops": 1, "Inner Unique": false, "Plans": [{"Node Type": "Nested Loop", "Parent Relationship": "Outer", "Join Type": "Inner", "Startup Cost": 1030.37, "Total Cost": 412285.27, "Plan Rows": 406290, "Plan Width": 42, "Actual Startup Time": 17.812, "Actual Total Time": 8794.893, "Actual Rows": 454183, "Actual Loops": 1, "Inner Unique": false, "Plans": [{"Node Type": "Nested Loop", "Parent Relationship": "Outer", "Join Type": "Inner", "Startup Cost": 1030.37, "Total Cost": 37176.47, "Plan Rows": 300000, "Plan Width": 42, "Actual Startup Time": 17.75, "Actual Total Time": 613.706, "Actual Rows": 299838, "Actual Loops": 1, "Inner Unique": false, "Plans": [{"Node Type": "Nested Loop", "Parent Relationship": "Outer", "Join Type": "Inner", "Startup Cost": 0.0, "Total Cost": 14.06, "Plan Rows": 5, "Plan Width": 30, "Actual Startup Time": 0.046, "Actual Total Time": 0.124, "Actual Rows": 5, "Actual Loops": 1, "Inner Unique": true, "Join Filter": "(nation.n_regionkey = region.r_regionkey)", "Rows Removed by Join Filter": 20, "Plans": [{"Node Type": "Index Scan", "Parent Relationship": "Outer", "Scan Direction": "Forward", "Index Name": "nation_pkey", "Relation Name": "nation", "Alias": "nation", "Startup Cost": 0.0, "Total Cost": 12.62, "Plan Rows": 25, "Plan Width": 34, "Actual Startup Time": 0.012, "Actual Total Time": 0.048, "Actual Rows": 25, "Actual Loops": 1}, {"Node Type": "Materialize", "Parent Relationship": "Inner", "Startup Cost": 0.0, "Total Cost": 1.07, "Plan Rows": 1, "Plan Width": 4, "Actual Startup Time": 0.034, "Actual Total Time": 0.036, "Actual Rows": 25, "Actual Loops": 25, "Plans": [{"Node Type": "Seq Scan", "Parent Relationship": "Outer", "Relation Name": "region", "Alias": "region", "Startup Cost": 0.0, "Total Cost": 1.06, "Plan Rows": 1, "Plan Width": 4, "Actual Startup Time": 0.018, "Actual Total Time": 0.02, "Actual Rows": 1, "Actual Loops": 1, "Filter": "(r_name = 'MIDDLE EAST'::bpchar)", "Rows Removed by Filter": 4}]}]}, {"Node Type": "Bitmap Heap Scan", "Parent Relationship": "Inner", "Relation Name": "customer", "Alias": "customer", "Startup Cost": 1030.37, "Total Cost": 6832.48, "Plan Rows": 60000, "Plan Width": 12, "Actual Startup Time": 91.634, "Actual Total Time": 540.82, "Actual Rows": 299838, "Actual Loops": 5, "Recheck Cond": "(c_nationkey = nation.n_nationkey)", "Rows Removed by Index Recheck": 0, "Exact Heap Blocks": 150033, "Lossy Heap Blocks": 150033, "Plans": [{"Node Type": "Bitmap Index Scan", "Parent Relationship": "Outer", "Index Name": "idx_customer_nationkey", "Startup Cost": 0.0, "Total Cost": 1015.37, "Plan Rows": 60000, "Plan Width": 0, "Actual Startup Time": 58.507, "Actual Total Time": 58.507, "Actual Rows": 299838, "Actual Loops": 5, "Index Cond": "(c_nationkey = nation.n_nationkey)"}]}]}, {"Node Type": "Index Scan", "Parent Relationship": "Inner", "Scan Direction": "Forward", "Index Name": "idx_orders_custkey", "Relation Name": "orders", "Alias": "orders", "Startup Cost": 0.0, "Total Cost": 1.24, "Plan Rows": 1, "Plan Width": 16, "Actual Startup Time": 3749.723, "Actual Total Time": 7918.798, "Actual Rows": 454183, "Actual Loops": 299838, "Index Cond": "(o_custkey = customer.c_custkey)", "Rows Removed by Index Recheck": 0, "Filter": "((o_orderdate >= '1994-01-01 00:00:00'::timestamp(0) without time zone) AND (o_orderdate < '1995-01-01 00:00:00'::timestamp without time zone))", "Rows Removed by Filter": 2542535}]}, {"Node Type": "Index Scan", "Parent Relationship": "Inner", "Scan Direction": "Forward", "Index Name": "idx_lineitem_orderkey", "Relation Name": "lineitem", "Alias": "lineitem", "Startup Cost": 0.0, "Total Cost": 3.05, "Plan Rows": 9, "Plan Width": 32, "Actual Startup Time": 4090.386, "Actual Total Time": 5073.619, "Actual Rows": 1815222, "Actual Loops": 454183, "Index Cond": "(l_orderkey = orders.o_orderkey)", "Rows Removed by Index Recheck": 0}]}, {"Node Type": "Hash", "Parent Relationship": "Inner", "Startup Cost": 3283.0, "Total Cost": 3283.0, "Plan Rows": 100000, "Plan Width": 12, "Actual Startup Time": 66.236, "Actual Total Time": 66.236, "Actual Rows": 100000, "Actual Loops": 1, "Hash Buckets": 131072, "Hash Batches": 1, "Original Hash Batches": 1, "Peak Memory Usage": 4297, "Plans": [{"Node Type": "Seq Scan", "Parent Relationship": "Outer", "Relation Name": "supplier", "Alias": "supplier", "Startup Cost": 0.0, "Total Cost": 3283.0, "Plan Rows": 100000, "Plan Width": 12, "Actual Startup Time": 0.015, "Actual Total Time": 35.271, "Actual Rows": 100000, "Actual Loops": 1}]}]}]}]}, "Triggers": [], "Planner Runtime": 10.062, "Total Runtime": 15454.633, "Unique SQL Id": 1392561963}}, "(64, 5)": {"explain_plan": {"Plan": {"Node Type": "Sort", "Startup Cost": 1722794.32, "Total Cost": 1722794.39, "Plan Rows": 25, "Plan Width": 50, "Sort Key": ["(sum((lineitem.l_extendedprice * (1::double precision - lineitem.l_discount)))) DESC"], "Plans": [{"Node Type": "Aggregate", "Strategy": "Hashed", "Parent Relationship": "Outer", "Startup Cost": 1722793.49, "Total Cost": 1722793.74, "Plan Rows": 25, "Plan Width": 50, "Group By Key": ["nation.n_name"], "Plans": [{"Node Type": "Hash Join", "Parent Relationship": "Outer", "Join Type": "Inner", "Startup Cost": 7864.91, "Total Cost": 1722699.59, "Plan Rows": 9390, "Plan Width": 42, "Inner Unique": true, "Hash Cond": "((lineitem.l_suppkey = supplier.s_suppkey) AND (customer.c_nationkey = supplier.s_nationkey))", "Plans": [{"Node Type": "Nested Loop", "Parent Relationship": "Outer", "Join Type": "Inner", "Startup Cost": 1030.37, "Total Cost": 1688090.96, "Plan Rows": 3688948, "Plan Width": 58, "Inner Unique": false, "Plans": [{"Node Type": "Nested Loop", "Parent Relationship": "Outer", "Join Type": "Inner", "Startup Cost": 1030.37, "Total Cost": 412296.55, "Plan Rows": 406290, "Plan Width": 42, "Inner Unique": false, "Plans": [{"Node Type": "Nested Loop", "Parent Relationship": "Outer", "Join Type": "Inner", "Startup Cost": 1030.37, "Total Cost": 37187.75, "Plan Rows": 300000, "Plan Width": 42, "Inner Unique": false, "Plans": [{"Node Type": "Nested Loop", "Parent Relationship": "Outer", "Join Type": "Inner", "Startup Cost": 0.0, "Total Cost": 25.34, "Plan Rows": 5, "Plan Width": 30, "Inner Unique": true, "Join Filter": "(nation.n_regionkey = region.r_regionkey)", "Plans": [{"Node Type": "Index Scan", "Parent Relationship": "Outer", "Scan Direction": "Forward", "Index Name": "nation_pkey", "Relation Name": "nation", "Alias": "nation", "Startup Cost": 0.0, "Total Cost": 12.62, "Plan Rows": 25, "Plan Width": 34}, {"Node Type": "Materialize", "Parent Relationship": "Inner", "Startup Cost": 0.0, "Total Cost": 12.34, "Plan Rows": 1, "Plan Width": 4, "Plans": [{"Node Type": "Index Scan", "Parent Relationship": "Outer", "Scan Direction": "Forward", "Index Name": "region_pkey", "Relation Name": "region", "Alias": "region", "Startup Cost": 0.0, "Total Cost": 12.34, "Plan Rows": 1, "Plan Width": 4, "Filter": "(r_name = 'MIDDLE EAST'::bpchar)"}]}]}, {"Node Type": "Bitmap Heap Scan", "Parent Relationship": "Inner", "Relation Name": "customer", "Alias": "customer", "Startup Cost": 1030.37, "Total Cost": 6832.48, "Plan Rows": 60000, "Plan Width": 12, "Recheck Cond": "(c_nationkey = nation.n_nationkey)", "Plans": [{"Node Type": "Bitmap Index Scan", "Parent Relationship": "Outer", "Index Name": "idx_customer_nationkey", "Startup Cost": 0.0, "Total Cost": 1015.37, "Plan Rows": 60000, "Plan Width": 0, "Index Cond": "(c_nationkey = nation.n_nationkey)"}]}]}, {"Node Type": "Index Scan", "Parent Relationship": "Inner", "Scan Direction": "Forward", "Index Name": "idx_orders_custkey", "Relation Name": "orders", "Alias": "orders", "Startup Cost": 0.0, "Total Cost": 1.24, "Plan Rows": 1, "Plan Width": 16, "Index Cond": "(o_custkey = customer.c_custkey)", "Filter": "((o_orderdate >= '1994-01-01 00:00:00'::timestamp(0) without time zone) AND (o_orderdate < '1995-01-01 00:00:00'::timestamp without time zone))"}]}, {"Node Type": "Index Scan", "Parent Relationship": "Inner", "Scan Direction": "Forward", "Index Name": "idx_lineitem_orderkey", "Relation Name": "lineitem", "Alias": "lineitem", "Startup Cost": 0.0, "Total Cost": 3.05, "Plan Rows": 9, "Plan Width": 32, "Index Cond": "(l_orderkey = orders.o_orderkey)"}]}, {"Node Type": "Hash", "Parent Relationship": "Inner", "Startup Cost": 5334.54, "Total Cost": 5334.54, "Plan Rows": 100000, "Plan Width": 12, "Plans": [{"Node Type": "Index Scan", "Parent Relationship": "Outer", "Scan Direction": "Forward", "Index Name": "supplier_pkey", "Relation Name": "supplier", "Alias": "supplier", "Startup Cost": 0.0, "Total Cost": 5334.54, "Plan Rows": 100000, "Plan Width": 12}]}]}]}]}, "Unique SQL Id": 1392561963}, "explain_analyze_plan": {"Plan": {"Node Type": "Sort", "Startup Cost": 1722794.32, "Total Cost": 1722794.39, "Plan Rows": 25, "Plan Width": 50, "Actual Startup Time": 15523.185, "Actual Total Time": 15523.185, "Actual Rows": 5, "Actual Loops": 1, "Sort Key": ["(sum((lineitem.l_extendedprice * (1::double precision - lineitem.l_discount)))) DESC"], "Sort Method": "quicksort", "Sort Space Used": 25, "Sort Space Type": "Memory", "Plans": [{"Node Type": "Aggregate", "Strategy": "Hashed", "Parent Relationship": "Outer", "Startup Cost": 1722793.49, "Total Cost": 1722793.74, "Plan Rows": 25, "Plan Width": 50, "Actual Startup Time": 15523.153, "Actual Total Time": 15523.155, "Actual Rows": 5, "Actual Loops": 1, "Group By Key": ["nation.n_name"], "Plans": [{"Node Type": "Hash Join", "Parent Relationship": "Outer", "Join Type": "Inner", "Startup Cost": 7864.91, "Total Cost": 1722699.59, "Plan Rows": 9390, "Plan Width": 42, "Actual Startup Time": 109.632, "Actual Total Time": 15440.515, "Actual Rows": 72985, "Actual Loops": 1, "Inner Unique": true, "Hash Cond": "((lineitem.l_suppkey = supplier.s_suppkey) AND (customer.c_nationkey = supplier.s_nationkey))", "Plans": [{"Node Type": "Nested Loop", "Parent Relationship": "Outer", "Join Type": "Inner", "Startup Cost": 1030.37, "Total Cost": 1688090.96, "Plan Rows": 3688948, "Plan Width": 58, "Actual Startup Time": 17.883, "Actual Total Time": 14580.597, "Actual Rows": 1815222, "Actual Loops": 1, "Inner Unique": false, "Plans": [{"Node Type": "Nested Loop", "Parent Relationship": "Outer", "Join Type": "Inner", "Startup Cost": 1030.37, "Total Cost": 412296.55, "Plan Rows": 406290, "Plan Width": 42, "Actual Startup Time": 17.867, "Actual Total Time": 8799.291, "Actual Rows": 454183, "Actual Loops": 1, "Inner Unique": false, "Plans": [{"Node Type": "Nested Loop", "Parent Relationship": "Outer", "Join Type": "Inner", "Startup Cost": 1030.37, "Total Cost": 37187.75, "Plan Rows": 300000, "Plan Width": 42, "Actual Startup Time": 17.797, "Actual Total Time": 615.188, "Actual Rows": 299838, "Actual Loops": 1, "Inner Unique": false, "Plans": [{"Node Type": "Nested Loop", "Parent Relationship": "Outer", "Join Type": "Inner", "Startup Cost": 0.0, "Total Cost": 25.34, "Plan Rows": 5, "Plan Width": 30, "Actual Startup Time": 0.04, "Actual Total Time": 0.127, "Actual Rows": 5, "Actual Loops": 1, "Inner Unique": true, "Join Filter": "(nation.n_regionkey = region.r_regionkey)", "Rows Removed by Join Filter": 20, "Plans": [{"Node Type": "Index Scan", "Parent Relationship": "Outer", "Scan Direction": "Forward", "Index Name": "nation_pkey", "Relation Name": "nation", "Alias": "nation", "Startup Cost": 0.0, "Total Cost": 12.62, "Plan Rows": 25, "Plan Width": 34, "Actual Startup Time": 0.011, "Actual Total Time": 0.052, "Actual Rows": 25, "Actual Loops": 1}, {"Node Type": "Materialize", "Parent Relationship": "Inner", "Startup Cost": 0.0, "Total Cost": 12.34, "Plan Rows": 1, "Plan Width": 4, "Actual Startup Time": 0.027, "Actual Total Time": 0.03, "Actual Rows": 25, "Actual Loops": 25, "Plans": [{"Node Type": "Index Scan", "Parent Relationship": "Outer", "Scan Direction": "Forward", "Index Name": "region_pkey", "Relation Name": "region", "Alias": "region", "Startup Cost": 0.0, "Total Cost": 12.34, "Plan Rows": 1, "Plan Width": 4, "Actual Startup Time": 0.013, "Actual Total Time": 0.015, "Actual Rows": 1, "Actual Loops": 1, "Filter": "(r_name = 'MIDDLE EAST'::bpchar)", "Rows Removed by Filter": 4}]}]}, {"Node Type": "Bitmap Heap Scan", "Parent Relationship": "Inner", "Relation Name": "customer", "Alias": "customer", "Startup Cost": 1030.37, "Total Cost": 6832.48, "Plan Rows": 60000, "Plan Width": 12, "Actual Startup Time": 90.709, "Actual Total Time": 541.018, "Actual Rows": 299838, "Actual Loops": 5, "Recheck Cond": "(c_nationkey = nation.n_nationkey)", "Rows Removed by Index Recheck": 0, "Exact Heap Blocks": 150033, "Lossy Heap Blocks": 150033, "Plans": [{"Node Type": "Bitmap Index Scan", "Parent Relationship": "Outer", "Index Name": "idx_customer_nationkey", "Startup Cost": 0.0, "Total Cost": 1015.37, "Plan Rows": 60000, "Plan Width": 0, "Actual Startup Time": 57.723, "Actual Total Time": 57.723, "Actual Rows": 299838, "Actual Loops": 5, "Index Cond": "(c_nationkey = nation.n_nationkey)"}]}]}, {"Node Type": "Index Scan", "Parent Relationship": "Inner", "Scan Direction": "Forward", "Index Name": "idx_orders_custkey", "Relation Name": "orders", "Alias": "orders", "Startup Cost": 0.0, "Total Cost": 1.24, "Plan Rows": 1, "Plan Width": 16, "Actual Startup Time": 3751.583, "Actual Total Time": 7923.007, "Actual Rows": 454183, "Actual Loops": 299838, "Index Cond": "(o_custkey = customer.c_custkey)", "Rows Removed by Index Recheck": 0, "Filter": "((o_orderdate >= '1994-01-01 00:00:00'::timestamp(0) without time zone) AND (o_orderdate < '1995-01-01 00:00:00'::timestamp without time zone))", "Rows Removed by Filter": 2542535}]}, {"Node Type": "Index Scan", "Parent Relationship": "Inner", "Scan Direction": "Forward", "Index Name": "idx_lineitem_orderkey", "Relation Name": "lineitem", "Alias": "lineitem", "Startup Cost": 0.0, "Total Cost": 3.05, "Plan Rows": 9, "Plan Width": 32, "Actual Startup Time": 4146.613, "Actual Total Time": 5132.338, "Actual Rows": 1815222, "Actual Loops": 454183, "Index Cond": "(l_orderkey = orders.o_orderkey)", "Rows Removed by Index Recheck": 0}]}, {"Node Type": "Hash", "Parent Relationship": "Inner", "Startup Cost": 5334.54, "Total Cost": 5334.54, "Plan Rows": 100000, "Plan Width": 12, "Actual Startup Time": 91.528, "Actual Total Time": 91.528, "Actual Rows": 100000, "Actual Loops": 1, "Hash Buckets": 131072, "Hash Batches": 1, "Original Hash Batches": 1, "Peak Memory Usage": 4297, "Plans": [{"Node Type": "Index Scan", "Parent Relationship": "Outer", "Scan Direction": "Forward", "Index Name": "supplier_pkey", "Relation Name": "supplier", "Alias": "supplier", "Startup Cost": 0.0, "Total Cost": 5334.54, "Plan Rows": 100000, "Plan Width": 12, "Actual Startup Time": 0.022, "Actual Total Time": 59.492, "Actual Rows": 100000, "Actual Loops": 1}]}]}]}]}, "Triggers": [], "Planner Runtime": 9.73, "Total Runtime": 15523.603, "Unique SQL Id": 1392561963}}, "(64, 6)": {"explain_plan": {"Plan": {"Node Type": "Sort", "Startup Cost": 2457247.05, "Total Cost": 2457247.11, "Plan Rows": 25, "Plan Width": 50, "Sort Key": ["(sum((lineitem.l_extendedprice * (1::double precision - lineitem.l_discount)))) DESC"], "Plans": [{"Node Type": "Aggregate", "Strategy": "Hashed", "Parent Relationship": "Outer", "Startup Cost": 2457246.22, "Total Cost": 2457246.47, "Plan Rows": 25, "Plan Width": 50, "Group By Key": ["nation.n_name"], "Plans": [{"Node Type": "Hash Join", "Parent Relationship": "Outer", "Join Type": "Inner", "Startup Cost": 104058.84, "Total Cost": 2457152.32, "Plan Rows": 9390, "Plan Width": 42, "Inner Unique": true, "Hash Cond": "((lineitem.l_suppkey = supplier.s_suppkey) AND (customer.c_nationkey = supplier.s_nationkey))", "Plans": [{"Node Type": "Nested Loop", "Parent Relationship": "Outer", "Join Type": "Inner", "Startup Cost": 99275.84, "Total Cost": 2424608.31, "Plan Rows": 3688948, "Plan Width": 58, "Inner Unique": false, "Plans": [{"Node Type": "Hash Join", "Parent Relationship": "Outer", "Join Type": "Inner", "Startup Cost": 99275.12, "Total Cost": 422539.98, "Plan Rows": 406290, "Plan Width": 42, "Inner Unique": false, "Hash Cond": "(orders.o_custkey = customer.c_custkey), (LLVM Optimized)", "Plans": [{"Node Type": "Bitmap Heap Scan", "Parent Relationship": "Outer", "Relation Name": "orders", "Alias": "orders", "Startup Cost": 58360.27, "Total Cost": 369005.64, "Plan Rows": 2281758, "Plan Width": 16, "Recheck Cond": "((o_orderdate >= '1994-01-01 00:00:00'::timestamp(0) without time zone) AND (o_orderdate < '1995-01-01 00:00:00'::timestamp without time zone)), (LLVM Optimized)", "Plans": [{"Node Type": "Bitmap Index Scan", "Parent Relationship": "Outer", "Index Name": "idx_orders_orderdate", "Startup Cost": 0.0, "Total Cost": 57789.83, "Plan Rows": 2281758, "Plan Width": 0, "Index Cond": "((o_orderdate >= '1994-01-01 00:00:00'::timestamp(0) without time zone) AND (o_orderdate < '1995-01-01 00:00:00'::timestamp without time zone))"}]}, {"Node Type": "Hash", "Parent Relationship": "Inner", "Startup Cost": 37164.85, "Total Cost": 37164.85, "Plan Rows": 300000, "Plan Width": 42, "Plans": [{"Node Type": "Nested Loop", "Parent Relationship": "Outer", "Join Type": "Inner", "Startup Cost": 1031.44, "Total Cost": 37164.85, "Plan Rows": 300000, "Plan Width": 42, "Inner Unique": false, "Plans": [{"Node Type": "Hash Join", "Parent Relationship": "Outer", "Join Type": "Inner", "Startup Cost": 1.07, "Total Cost": 2.44, "Plan Rows": 5, "Plan Width": 30, "Inner Unique": true, "Hash Cond": "(nation.n_regionkey = region.r_regionkey)", "Plans": [{"Node Type": "Seq Scan", "Parent Relationship": "Outer", "Relation Name": "nation", "Alias": "nation", "Startup Cost": 0.0, "Total Cost": 1.25, "Plan Rows": 25, "Plan Width": 34}, {"Node Type": "Hash", "Parent Relationship": "Inner", "Startup Cost": 1.06, "Total Cost": 1.06, "Plan Rows": 1, "Plan Width": 4, "Plans": [{"Node Type": "Seq Scan", "Parent Relationship": "Outer", "Relation Name": "region", "Alias": "region", "Startup Cost": 0.0, "Total Cost": 1.06, "Plan Rows": 1, "Plan Width": 4, "Filter": "(r_name = 'MIDDLE EAST'::bpchar)"}]}]}, {"Node Type": "Bitmap Heap Scan", "Parent Relationship": "Inner", "Relation Name": "customer", "Alias": "customer", "Startup Cost": 1030.37, "Total Cost": 6832.48, "Plan Rows": 60000, "Plan Width": 12, "Recheck Cond": "(c_nationkey = nation.n_nationkey)", "Plans": [{"Node Type": "Bitmap Index Scan", "Parent Relationship": "Outer", "Index Name": "idx_customer_nationkey", "Startup Cost": 0.0, "Total Cost": 1015.37, "Plan Rows": 60000, "Plan Width": 0, "Index Cond": "(c_nationkey = nation.n_nationkey)"}]}]}]}]}, {"Node Type": "Bitmap Heap Scan", "Parent Relationship": "Inner", "Relation Name": "lineitem", "Alias": "lineitem", "Startup Cost": 0.73, "Total Cost": 4.84, "Plan Rows": 9, "Plan Width": 32, "Recheck Cond": "(l_orderkey = orders.o_orderkey)", "Plans": [{"Node Type": "Bitmap Index Scan", "Parent Relationship": "Outer", "Index Name": "idx_lineitem_orderkey", "Startup Cost": 0.0, "Total Cost": 0.72, "Plan Rows": 9, "Plan Width": 0, "Index Cond": "(l_orderkey = orders.o_orderkey)"}]}]}, {"Node Type": "Hash", "Parent Relationship": "Inner", "Startup Cost": 3283.0, "Total Cost": 3283.0, "Plan Rows": 100000, "Plan Width": 12, "Plans": [{"Node Type": "Seq Scan", "Parent Relationship": "Outer", "Relation Name": "supplier", "Alias": "supplier", "Startup Cost": 0.0, "Total Cost": 3283.0, "Plan Rows": 100000, "Plan Width": 12}]}]}]}]}, "Unique SQL Id": 1392561963}, "explain_analyze_plan": {"Plan": {"Node Type": "Sort", "Startup Cost": 2457247.05, "Total Cost": 2457247.11, "Plan Rows": 25, "Plan Width": 50, "Actual Startup Time": 9892.981, "Actual Total Time": 9892.982, "Actual Rows": 5, "Actual Loops": 1, "Sort Key": ["(sum((lineitem.l_extendedprice * (1::double precision - lineitem.l_discount)))) DESC"], "Sort Method": "quicksort", "Sort Space Used": 25, "Sort Space Type": "Memory", "Plans": [{"Node Type": "Aggregate", "Strategy": "Hashed", "Parent Relationship": "Outer", "Startup Cost": 2457246.22, "Total Cost": 2457246.47, "Plan Rows": 25, "Plan Width": 50, "Actual Startup Time": 9892.948, "Actual Total Time": 9892.949, "Actual Rows": 5, "Actual Loops": 1, "Group By Key": ["nation.n_name"], "Plans": [{"Node Type": "Hash Join", "Parent Relationship": "Outer", "Join Type": "Inner", "Startup Cost": 104058.84, "Total Cost": 2457152.32, "Plan Rows": 9390, "Plan Width": 42, "Actual Startup Time": 1460.536, "Actual Total Time": 9816.959, "Actual Rows": 72985, "Actual Loops": 1, "Inner Unique": true, "Hash Cond": "((lineitem.l_suppkey = supplier.s_suppkey) AND (customer.c_nationkey = supplier.s_nationkey))", "Plans": [{"Node Type": "Nested Loop", "Parent Relationship": "Outer", "Join Type": "Inner", "Startup Cost": 99275.84, "Total Cost": 2424608.31, "Plan Rows": 3688948, "Plan Width": 58, "Actual Startup Time": 1393.628, "Actual Total Time": 9046.788, "Actual Rows": 1815222, "Actual Loops": 1, "Inner Unique": false, "Plans": [{"Node Type": "Hash Join", "Parent Relationship": "Outer", "Join Type": "Inner", "Startup Cost": 99275.12, "Total Cost": 422539.98, "Plan Rows": 406290, "Plan Width": 42, "Actual Startup Time": 1393.568, "Actual Total Time": 4081.354, "Actual Rows": 454183, "Actual Loops": 1, "Inner Unique": false, "Hash Cond": "(orders.o_custkey = customer.c_custkey), (LLVM Optimized, Jit Execute)", "Plans": [{"Node Type": "Bitmap Heap Scan", "Parent Relationship": "Outer", "Relation Name": "orders", "Alias": "orders", "Startup Cost": 58360.27, "Total Cost": 369005.64, "Plan Rows": 2281758, "Plan Width": 16, "Actual Startup Time": 793.807, "Actual Total Time": 2432.74, "Actual Rows": 2275919, "Actual Loops": 1, "Recheck Cond": "((o_orderdate >= '1994-01-01 00:00:00'::timestamp(0) without time zone) AND (o_orderdate < '1995-01-01 00:00:00'::timestamp without time zone)), (LLVM Optimized, Jit Execute)", "Rows Removed by Index Recheck": 0, "Exact Heap Blocks": 276381, "Lossy Heap Blocks": 276381, "Plans": [{"Node Type": "Bitmap Index Scan", "Parent Relationship": "Outer", "Index Name": "idx_orders_orderdate", "Startup Cost": 0.0, "Total Cost": 57789.83, "Plan Rows": 2281758, "Plan Width": 0, "Actual Startup Time": 694.69, "Actual Total Time": 694.69, "Actual Rows": 2275919, "Actual Loops": 1, "Index Cond": "((o_orderdate >= '1994-01-01 00:00:00'::timestamp(0) without time zone) AND (o_orderdate < '1995-01-01 00:00:00'::timestamp without time zone))"}]}, {"Node Type": "Hash", "Parent Relationship": "Inner", "Startup Cost": 37164.85, "Total Cost": 37164.85, "Plan Rows": 300000, "Plan Width": 42, "Actual Startup Time": 599.316, "Actual Total Time": 599.316, "Actual Rows": 299838, "Actual Loops": 1, "Hash Buckets": 524288, "Hash Batches": 1, "Original Hash Batches": 1, "Peak Memory Usage": 22254, "Plans": [{"Node Type": "Nested Loop", "Parent Relationship": "Outer", "Join Type": "Inner", "Startup Cost": 1031.44, "Total Cost": 37164.85, "Plan Rows": 300000, "Plan Width": 42, "Actual Startup Time": 18.061, "Actual Total Time": 491.225, "Actual Rows": 299838, "Actual Loops": 1, "Inner Unique": false, "Plans": [{"Node Type": "Hash Join", "Parent Relationship": "Outer", "Join Type": "Inner", "Startup Cost": 1.07, "Total Cost": 2.44, "Plan Rows": 5, "Plan Width": 30, "Actual Startup Time": 0.093, "Actual Total Time": 0.166, "Actual Rows": 5, "Actual Loops": 1, "Inner Unique": true, "Hash Cond": "(nation.n_regionkey = region.r_regionkey)", "Plans": [{"Node Type": "Seq Scan", "Parent Relationship": "Outer", "Relation Name": "nation", "Alias": "nation", "Startup Cost": 0.0, "Total Cost": 1.25, "Plan Rows": 25, "Plan Width": 34, "Actual Startup Time": 0.018, "Actual Total Time": 0.04, "Actual Rows": 25, "Actual Loops": 1}, {"Node Type": "Hash", "Parent Relationship": "Inner", "Startup Cost": 1.06, "Total Cost": 1.06, "Plan Rows": 1, "Plan Width": 4, "Actual Startup Time": 0.033, "Actual Total Time": 0.033, "Actual Rows": 1, "Actual Loops": 1, "Hash Buckets": 32768, "Hash Batches": 1, "Original Hash Batches": 1, "Peak Memory Usage": 1, "Plans": [{"Node Type": "Seq Scan", "Parent Relationship": "Outer", "Relation Name": "region", "Alias": "region", "Startup Cost": 0.0, "Total Cost": 1.06, "Plan Rows": 1, "Plan Width": 4, "Actual Startup Time": 0.026, "Actual Total Time": 0.027, "Actual Rows": 1, "Actual Loops": 1, "Filter": "(r_name = 'MIDDLE EAST'::bpchar)", "Rows Removed by Filter": 4}]}]}, {"Node Type": "Bitmap Heap Scan", "Parent Relationship": "Inner", "Relation Name": "customer", "Alias": "customer", "Startup Cost": 1030.37, "Total Cost": 6832.48, "Plan Rows": 60000, "Plan Width": 12, "Actual Startup Time": 89.306, "Actual Total Time": 422.918, "Actual Rows": 299838, "Actual Loops": 5, "Recheck Cond": "(c_nationkey = nation.n_nationkey)", "Rows Removed by Index Recheck": 0, "Exact Heap Blocks": 150033, "Lossy Heap Blocks": 150033, "Plans": [{"Node Type": "Bitmap Index Scan", "Parent Relationship": "Outer", "Index Name": "idx_customer_nationkey", "Startup Cost": 0.0, "Total Cost": 1015.37, "Plan Rows": 60000, "Plan Width": 0, "Actual Startup Time": 56.368, "Actual Total Time": 56.368, "Actual Rows": 299838, "Actual Loops": 5, "Index Cond": "(c_nationkey = nation.n_nationkey)"}]}]}]}]}, {"Node Type": "Bitmap Heap Scan", "Parent Relationship": "Inner", "Relation Name": "lineitem", "Alias": "lineitem", "Startup Cost": 0.73, "Total Cost": 4.84, "Plan Rows": 9, "Plan Width": 32, "Actual Startup Time": 3737.424, "Actual Total Time": 4055.724, "Actual Rows": 1815222, "Actual Loops": 454183, "Recheck Cond": "(l_orderkey = orders.o_orderkey)", "Rows Removed by Index Recheck": 0, "Exact Heap Blocks": 486530, "Lossy Heap Blocks": 486530, "Plans": [{"Node Type": "Bitmap Index Scan", "Parent Relationship": "Outer", "Index Name": "idx_lineitem_orderkey", "Startup Cost": 0.0, "Total Cost": 0.72, "Plan Rows": 9, "Plan Width": 0, "Actual Startup Time": 2054.09, "Actual Total Time": 2054.09, "Actual Rows": 1815222, "Actual Loops": 454183, "Index Cond": "(l_orderkey = orders.o_orderkey)"}]}]}, {"Node Type": "Hash", "Parent Relationship": "Inner", "Startup Cost": 3283.0, "Total Cost": 3283.0, "Plan Rows": 100000, "Plan Width": 12, "Actual Startup Time": 66.741, "Actual Total Time": 66.741, "Actual Rows": 100000, "Actual Loops": 1, "Hash Buckets": 131072, "Hash Batches": 1, "Original Hash Batches": 1, "Peak Memory Usage": 4297, "Plans": [{"Node Type": "Seq Scan", "Parent Relationship": "Outer", "Relation Name": "supplier", "Alias": "supplier", "Startup Cost": 0.0, "Total Cost": 3283.0, "Plan Rows": 100000, "Plan Width": 12, "Actual Startup Time": 0.031, "Actual Total Time": 36.048, "Actual Rows": 100000, "Actual Loops": 1}]}]}]}]}, "Triggers": [], "Planner Runtime": 8.794, "Total Runtime": 9903.122, "Unique SQL Id": 1392561963}}, "(64, 7)": {"explain_plan": {"Plan": {"Node Type": "Sort", "Startup Cost": 46003135.57, "Total Cost": 46003135.63, "Plan Rows": 25, "Plan Width": 50, "Sort Key": ["(sum((lineitem.l_extendedprice * (1::double precision - lineitem.l_discount)))) DESC"], "Plans": [{"Node Type": "Aggregate", "Strategy": "Hashed", "Parent Relationship": "Outer", "Startup Cost": 46003134.74, "Total Cost": 46003134.99, "Plan Rows": 25, "Plan Width": 50, "Group By Key": ["nation.n_name"], "Plans": [{"Node Type": "Nested Loop", "Parent Relationship": "Outer", "Join Type": "Inner", "Startup Cost": 58362.35, "Total Cost": 46003040.84, "Plan Rows": 9390, "Plan Width": 42, "Inner Unique": true, "Join Filter": "(customer.c_nationkey = supplier.s_nationkey)", "Plans": [{"Node Type": "Nested Loop", "Parent Relationship": "Outer", "Join Type": "Inner", "Startup Cost": 58362.1, "Total Cost": 30204103.6, "Plan Rows": 3688948, "Plan Width": 58, "Inner Unique": false, "Plans": [{"Node Type": "Nested Loop", "Parent Relationship": "Outer", "Join Type": "Inner", "Startup Cost": 58361.37, "Total Cost": 28202035.27, "Plan Rows": 406290, "Plan Width": 42, "Inner Unique": true, "Plans": [{"Node Type": "Nested Loop", "Parent Relationship": "Outer", "Join Type": "Inner", "Startup Cost": 58360.79, "Total Cost": 18851769.58, "Plan Rows": 2031452, "Plan Width": 46, "Inner Unique": true, "Plans": [{"Node Type": "Nested Loop", "Parent Relationship": "Outer", "Join Type": "Inner", "Startup Cost": 58360.54, "Total Cost": 10156636.32, "Plan Rows": 2031452, "Plan Width": 12, "Inner Unique": true, "Plans": [{"Node Type": "Bitmap Heap Scan", "Parent Relationship": "Outer", "Relation Name": "orders", "Alias": "orders", "Startup Cost": 58360.27, "Total Cost": 369005.64, "Plan Rows": 2281758, "Plan Width": 16, "Recheck Cond": "((o_orderdate >= '1994-01-01 00:00:00'::timestamp(0) without time zone) AND (o_orderdate < '1995-01-01 00:00:00'::timestamp without time zone)), (LLVM Optimized)", "Plans": [{"Node Type": "Bitmap Index Scan", "Parent Relationship": "Outer", "Index Name": "idx_orders_orderdate", "Startup Cost": 0.0, "Total Cost": 57789.83, "Plan Rows": 2281758, "Plan Width": 0, "Index Cond": "((o_orderdate >= '1994-01-01 00:00:00'::timestamp(0) without time zone) AND (o_orderdate < '1995-01-01 00:00:00'::timestamp without time zone))"}]}, {"Node Type": "Bitmap Heap Scan", "Parent Relationship": "Inner", "Relation Name": "customer", "Alias": "customer", "Startup Cost": 0.27, "Total Cost": 4.28, "Plan Rows": 1, "Plan Width": 12, "Recheck Cond": "(c_custkey = orders.o_custkey)", "Plans": [{"Node Type": "Bitmap Index Scan", "Parent Relationship": "Outer", "Index Name": "customer_pkey", "Startup Cost": 0.0, "Total Cost": 0.27, "Plan Rows": 1, "Plan Width": 0, "Index Cond": "(c_custkey = orders.o_custkey)"}]}]}, {"Node Type": "Bitmap Heap Scan", "Parent Relationship": "Inner", "Relation Name": "nation", "Alias": "nation", "Startup Cost": 0.26, "Total Cost": 4.27, "Plan Rows": 1, "Plan Width": 34, "Recheck Cond": "(n_nationkey = customer.c_nationkey)", "Plans": [{"Node Type": "Bitmap Index Scan", "Parent Relationship": "Outer", "Index Name": "nation_pkey", "Startup Cost": 0.0, "Total Cost": 0.26, "Plan Rows": 1, "Plan Width": 0, "Index Cond": "(n_nationkey = customer.c_nationkey)"}]}]}, {"Node Type": "Bitmap Heap Scan", "Parent Relationship": "Inner", "Relation Name": "region", "Alias": "region", "Startup Cost": 0.58, "Total Cost": 4.59, "Plan Rows": 1, "Plan Width": 4, "Recheck Cond": "(r_regionkey = nation.n_regionkey)", "Filter": "(r_name = 'MIDDLE EAST'::bpchar)", "Plans": [{"Node Type": "Bitmap Index Scan", "Parent Relationship": "Outer", "Index Name": "region_pkey", "Startup Cost": 0.0, "Total Cost": 0.58, "Plan Rows": 1, "Plan Width": 0, "Index Cond": "(r_regionkey = nation.n_regionkey)"}]}]}, {"Node Type": "Bitmap Heap Scan", "Parent Relationship": "Inner", "Relation Name": "lineitem", "Alias": "lineitem", "Startup Cost": 0.73, "Total Cost": 4.84, "Plan Rows": 9, "Plan Width": 32, "Recheck Cond": "(l_orderkey = orders.o_orderkey)", "Plans": [{"Node Type": "Bitmap Index Scan", "Parent Relationship": "Outer", "Index Name": "idx_lineitem_orderkey", "Startup Cost": 0.0, "Total Cost": 0.72, "Plan Rows": 9, "Plan Width": 0, "Index Cond": "(l_orderkey = orders.o_orderkey)"}]}]}, {"Node Type": "Bitmap Heap Scan", "Parent Relationship": "Inner", "Relation Name": "supplier", "Alias": "supplier", "Startup Cost": 0.26, "Total Cost": 4.27, "Plan Rows": 1, "Plan Width": 12, "Recheck Cond": "(s_suppkey = lineitem.l_suppkey)", "Plans": [{"Node Type": "Bitmap Index Scan", "Parent Relationship": "Outer", "Index Name": "supplier_pkey", "Startup Cost": 0.0, "Total Cost": 0.26, "Plan Rows": 1, "Plan Width": 0, "Index Cond": "(s_suppkey = lineitem.l_suppkey)"}]}]}]}]}, "Unique SQL Id": 1392561963}, "explain_analyze_plan": null}, "(64, 8)": {"explain_plan": {"Plan": {"Node Type": "Sort", "Startup Cost": 1725068.14, "Total Cost": 1725068.21, "Plan Rows": 25, "Plan Width": 50, "Sort Key": ["(sum((lineitem.l_extendedprice * (1::double precision - lineitem.l_discount)))) DESC"], "Plans": [{"Node Type": "Aggregate", "Strategy": "Hashed", "Parent Relationship": "Outer", "Startup Cost": 1725067.31, "Total Cost": 1725067.56, "Plan Rows": 25, "Plan Width": 50, "Group By Key": ["nation.n_name"], "Plans": [{"Node Type": "Hash Join", "Parent Relationship": "Outer", "Join Type": "Inner", "Startup Cost": 4783.0, "Total Cost": 1724973.41, "Plan Rows": 9390, "Plan Width": 42, "Inner Unique": true, "Hash Cond": "((lineitem.l_suppkey = supplier.s_suppkey) AND (customer.c_nationkey = supplier.s_nationkey))", "Plans": [{"Node Type": "Nested Loop", "Parent Relationship": "Outer", "Join Type": "Inner", "Startup Cost": 0.0, "Total Cost": 1692429.4, "Plan Rows": 3688948, "Plan Width": 58, "Inner Unique": false, "Plans": [{"Node Type": "Nested Loop", "Parent Relationship": "Outer", "Join Type": "Inner", "Startup Cost": 0.0, "Total Cost": 416634.99, "Plan Rows": 406290, "Plan Width": 42, "Inner Unique": false, "Plans": [{"Node Type": "Nested Loop", "Parent Relationship": "Outer", "Join Type": "Inner", "Startup Cost": 0.0, "Total Cost": 41526.19, "Plan Rows": 300000, "Plan Width": 42, "Inner Unique": false, "Plans": [{"Node Type": "Nested Loop", "Parent Relationship": "Outer", "Join Type": "Inner", "Startup Cost": 0.0, "Total Cost": 14.06, "Plan Rows": 5, "Plan Width": 30, "Inner Unique": true, "Join Filter": "(nation.n_regionkey = region.r_regionkey)", "Plans": [{"Node Type": "Index Scan", "Parent Relationship": "Outer", "Scan Direction": "Forward", "Index Name": "nation_pkey", "Relation Name": "nation", "Alias": "nation", "Startup Cost": 0.0, "Total Cost": 12.62, "Plan Rows": 25, "Plan Width": 34}, {"Node Type": "Materialize", "Parent Relationship": "Inner", "Startup Cost": 0.0, "Total Cost": 1.07, "Plan Rows": 1, "Plan Width": 4, "Plans": [{"Node Type": "Seq Scan", "Parent Relationship": "Outer", "Relation Name": "region", "Alias": "region", "Startup Cost": 0.0, "Total Cost": 1.06, "Plan Rows": 1, "Plan Width": 4, "Filter": "(r_name = 'MIDDLE EAST'::bpchar)"}]}]}, {"Node Type": "Index Scan", "Parent Relationship": "Inner", "Scan Direction": "Forward", "Index Name": "idx_customer_nationkey", "Relation Name": "customer", "Alias": "customer", "Startup Cost": 0.0, "Total Cost": 7702.43, "Plan Rows": 60000, "Plan Width": 12, "Index Cond": "(c_nationkey = nation.n_nationkey)"}]}, {"Node Type": "Index Scan", "Parent Relationship": "Inner", "Scan Direction": "Forward", "Index Name": "idx_orders_custkey", "Relation Name": "orders", "Alias": "orders", "Startup Cost": 0.0, "Total Cost": 1.24, "Plan Rows": 1, "Plan Width": 16, "Index Cond": "(o_custkey = customer.c_custkey)", "Filter": "((o_orderdate >= '1994-01-01 00:00:00'::timestamp(0) without time zone) AND (o_orderdate < '1995-01-01 00:00:00'::timestamp without time zone))"}]}, {"Node Type": "Index Scan", "Parent Relationship": "Inner", "Scan Direction": "Forward", "Index Name": "idx_lineitem_orderkey", "Relation Name": "lineitem", "Alias": "lineitem", "Startup Cost": 0.0, "Total Cost": 3.05, "Plan Rows": 9, "Plan Width": 32, "Index Cond": "(l_orderkey = orders.o_orderkey)"}]}, {"Node Type": "Hash", "Parent Relationship": "Inner", "Startup Cost": 3283.0, "Total Cost": 3283.0, "Plan Rows": 100000, "Plan Width": 12, "Plans": [{"Node Type": "Seq Scan", "Parent Relationship": "Outer", "Relation Name": "supplier", "Alias": "supplier", "Startup Cost": 0.0, "Total Cost": 3283.0, "Plan Rows": 100000, "Plan Width": 12}]}]}]}]}, "Unique SQL Id": 1392561963}, "explain_analyze_plan": {"Plan": {"Node Type": "Sort", "Startup Cost": 1725068.14, "Total Cost": 1725068.21, "Plan Rows": 25, "Plan Width": 50, "Actual Startup Time": 15529.482, "Actual Total Time": 15529.483, "Actual Rows": 5, "Actual Loops": 1, "Sort Key": ["(sum((lineitem.l_extendedprice * (1::double precision - lineitem.l_discount)))) DESC"], "Sort Method": "quicksort", "Sort Space Used": 25, "Sort Space Type": "Memory", "Plans": [{"Node Type": "Aggregate", "Strategy": "Hashed", "Parent Relationship": "Outer", "Startup Cost": 1725067.31, "Total Cost": 1725067.56, "Plan Rows": 25, "Plan Width": 50, "Actual Startup Time": 15529.445, "Actual Total Time": 15529.445, "Actual Rows": 5, "Actual Loops": 1, "Group By Key": ["nation.n_name"], "Plans": [{"Node Type": "Hash Join", "Parent Relationship": "Outer", "Join Type": "Inner", "Startup Cost": 4783.0, "Total Cost": 1724973.41, "Plan Rows": 9390, "Plan Width": 42, "Actual Startup Time": 66.322, "Actual Total Time": 15448.48, "Actual Rows": 72985, "Actual Loops": 1, "Inner Unique": true, "Hash Cond": "((lineitem.l_suppkey = supplier.s_suppkey) AND (customer.c_nationkey = supplier.s_nationkey))", "Plans": [{"Node Type": "Nested Loop", "Parent Relationship": "Outer", "Join Type": "Inner", "Startup Cost": 0.0, "Total Cost": 1692429.4, "Plan Rows": 3688948, "Plan Width": 58, "Actual Startup Time": 0.137, "Actual Total Time": 14586.623, "Actual Rows": 1815222, "Actual Loops": 1, "Inner Unique": false, "Plans": [{"Node Type": "Nested Loop", "Parent Relationship": "Outer", "Join Type": "Inner", "Startup Cost": 0.0, "Total Cost": 416634.99, "Plan Rows": 406290, "Plan Width": 42, "Actual Startup Time": 0.124, "Actual Total Time": 8810.188, "Actual Rows": 454183, "Actual Loops": 1, "Inner Unique": false, "Plans": [{"Node Type": "Nested Loop", "Parent Relationship": "Outer", "Join Type": "Inner", "Startup Cost": 0.0, "Total Cost": 41526.19, "Plan Rows": 300000, "Plan Width": 42, "Actual Startup Time": 0.08, "Actual Total Time": 494.903, "Actual Rows": 299838, "Actual Loops": 1, "Inner Unique": false, "Plans": [{"Node Type": "Nested Loop", "Parent Relationship": "Outer", "Join Type": "Inner", "Startup Cost": 0.0, "Total Cost": 14.06, "Plan Rows": 5, "Plan Width": 30, "Actual Startup Time": 0.05, "Actual Total Time": 0.128, "Actual Rows": 5, "Actual Loops": 1, "Inner Unique": true, "Join Filter": "(nation.n_regionkey = region.r_regionkey)", "Rows Removed by Join Filter": 20, "Plans": [{"Node Type": "Index Scan", "Parent Relationship": "Outer", "Scan Direction": "Forward", "Index Name": "nation_pkey", "Relation Name": "nation", "Alias": "nation", "Startup Cost": 0.0, "Total Cost": 12.62, "Plan Rows": 25, "Plan Width": 34, "Actual Startup Time": 0.013, "Actual Total Time": 0.048, "Actual Rows": 25, "Actual Loops": 1}, {"Node Type": "Materialize", "Parent Relationship": "Inner", "Startup Cost": 0.0, "Total Cost": 1.07, "Plan Rows": 1, "Plan Width": 4, "Actual Startup Time": 0.032, "Actual Total Time": 0.036, "Actual Rows": 25, "Actual Loops": 25, "Plans": [{"Node Type": "Seq Scan", "Parent Relationship": "Outer", "Relation Name": "region", "Alias": "region", "Startup Cost": 0.0, "Total Cost": 1.06, "Plan Rows": 1, "Plan Width": 4, "Actual Startup Time": 0.019, "Actual Total Time": 0.02, "Actual Rows": 1, "Actual Loops": 1, "Filter": "(r_name = 'MIDDLE EAST'::bpchar)", "Rows Removed by Filter": 4}]}]}, {"Node Type": "Index Scan", "Parent Relationship": "Inner", "Scan Direction": "Forward", "Index Name": "idx_customer_nationkey", "Relation Name": "customer", "Alias": "customer", "Startup Cost": 0.0, "Total Cost": 7702.43, "Plan Rows": 60000, "Plan Width": 12, "Actual Startup Time": 0.144, "Actual Total Time": 407.733, "Actual Rows": 299838, "Actual Loops": 5, "Index Cond": "(c_nationkey = nation.n_nationkey)", "Rows Removed by Index Recheck": 0}]}, {"Node Type": "Index Scan", "Parent Relationship": "Inner", "Scan Direction": "Forward", "Index Name": "idx_orders_custkey", "Relation Name": "orders", "Alias": "orders", "Startup Cost": 0.0, "Total Cost": 1.24, "Plan Rows": 1, "Plan Width": 16, "Actual Startup Time": 3808.288, "Actual Total Time": 8053.124, "Actual Rows": 454183, "Actual Loops": 299838, "Index Cond": "(o_custkey = customer.c_custkey)", "Rows Removed by Index Recheck": 0, "Filter": "((o_orderdate >= '1994-01-01 00:00:00'::timestamp(0) without time zone) AND (o_orderdate < '1995-01-01 00:00:00'::timestamp without time zone))", "Rows Removed by Filter": 2542535}]}, {"Node Type": "Index Scan", "Parent Relationship": "Inner", "Scan Direction": "Forward", "Index Name": "idx_lineitem_orderkey", "Relation Name": "lineitem", "Alias": "lineitem", "Startup Cost": 0.0, "Total Cost": 3.05, "Plan Rows": 9, "Plan Width": 32, "Actual Startup Time": 4147.015, "Actual Total Time": 5124.494, "Actual Rows": 1815222, "Actual Loops": 454183, "Index Cond": "(l_orderkey = orders.o_orderkey)", "Rows Removed by Index Recheck": 0}]}, {"Node Type": "Hash", "Parent Relationship": "Inner", "Startup Cost": 3283.0, "Total Cost": 3283.0, "Plan Rows": 100000, "Plan Width": 12, "Actual Startup Time": 65.955, "Actual Total Time": 65.955, "Actual Rows": 100000, "Actual Loops": 1, "Hash Buckets": 131072, "Hash Batches": 1, "Original Hash Batches": 1, "Peak Memory Usage": 4297, "Plans": [{"Node Type": "Seq Scan", "Parent Relationship": "Outer", "Relation Name": "supplier", "Alias": "supplier", "Startup Cost": 0.0, "Total Cost": 3283.0, "Plan Rows": 100000, "Plan Width": 12, "Actual Startup Time": 0.011, "Actual Total Time": 35.522, "Actual Rows": 100000, "Actual Loops": 1}]}]}]}]}, "Triggers": [], "Planner Runtime": 9.365, "Total Runtime": 15529.816, "Unique SQL Id": 1392561963}}, "(64, 9)": {"explain_plan": {"Plan": {"Node Type": "Sort", "Startup Cost": 1727130.96, "Total Cost": 1727131.02, "Plan Rows": 25, "Plan Width": 50, "Sort Key": ["(sum((lineitem.l_extendedprice * (1::double precision - lineitem.l_discount)))) DESC"], "Plans": [{"Node Type": "Aggregate", "Strategy": "Hashed", "Parent Relationship": "Outer", "Startup Cost": 1727130.13, "Total Cost": 1727130.38, "Plan Rows": 25, "Plan Width": 50, "Group By Key": ["nation.n_name"], "Plans": [{"Node Type": "Hash Join", "Parent Relationship": "Outer", "Join Type": "Inner", "Startup Cost": 6834.54, "Total Cost": 1727036.23, "Plan Rows": 9390, "Plan Width": 42, "Inner Unique": true, "Hash Cond": "((lineitem.l_suppkey = supplier.s_suppkey) AND (customer.c_nationkey = supplier.s_nationkey))", "Plans": [{"Node Type": "Nested Loop", "Parent Relationship": "Outer", "Join Type": "Inner", "Startup Cost": 0.0, "Total Cost": 1692440.68, "Plan Rows": 3688948, "Plan Width": 58, "Inner Unique": false, "Plans": [{"Node Type": "Nested Loop", "Parent Relationship": "Outer", "Join Type": "Inner", "Startup Cost": 0.0, "Total Cost": 416646.27, "Plan Rows": 406290, "Plan Width": 42, "Inner Unique": false, "Plans": [{"Node Type": "Nested Loop", "Parent Relationship": "Outer", "Join Type": "Inner", "Startup Cost": 0.0, "Total Cost": 41537.47, "Plan Rows": 300000, "Plan Width": 42, "Inner Unique": false, "Plans": [{"Node Type": "Nested Loop", "Parent Relationship": "Outer", "Join Type": "Inner", "Startup Cost": 0.0, "Total Cost": 25.34, "Plan Rows": 5, "Plan Width": 30, "Inner Unique": true, "Join Filter": "(nation.n_regionkey = region.r_regionkey)", "Plans": [{"Node Type": "Index Scan", "Parent Relationship": "Outer", "Scan Direction": "Forward", "Index Name": "nation_pkey", "Relation Name": "nation", "Alias": "nation", "Startup Cost": 0.0, "Total Cost": 12.62, "Plan Rows": 25, "Plan Width": 34}, {"Node Type": "Materialize", "Parent Relationship": "Inner", "Startup Cost": 0.0, "Total Cost": 12.34, "Plan Rows": 1, "Plan Width": 4, "Plans": [{"Node Type": "Index Scan", "Parent Relationship": "Outer", "Scan Direction": "Forward", "Index Name": "region_pkey", "Relation Name": "region", "Alias": "region", "Startup Cost": 0.0, "Total Cost": 12.34, "Plan Rows": 1, "Plan Width": 4, "Filter": "(r_name = 'MIDDLE EAST'::bpchar)"}]}]}, {"Node Type": "Index Scan", "Parent Relationship": "Inner", "Scan Direction": "Forward", "Index Name": "idx_customer_nationkey", "Relation Name": "customer", "Alias": "customer", "Startup Cost": 0.0, "Total Cost": 7702.43, "Plan Rows": 60000, "Plan Width": 12, "Index Cond": "(c_nationkey = nation.n_nationkey)"}]}, {"Node Type": "Index Scan", "Parent Relationship": "Inner", "Scan Direction": "Forward", "Index Name": "idx_orders_custkey", "Relation Name": "orders", "Alias": "orders", "Startup Cost": 0.0, "Total Cost": 1.24, "Plan Rows": 1, "Plan Width": 16, "Index Cond": "(o_custkey = customer.c_custkey)", "Filter": "((o_orderdate >= '1994-01-01 00:00:00'::timestamp(0) without time zone) AND (o_orderdate < '1995-01-01 00:00:00'::timestamp without time zone))"}]}, {"Node Type": "Index Scan", "Parent Relationship": "Inner", "Scan Direction": "Forward", "Index Name": "idx_lineitem_orderkey", "Relation Name": "lineitem", "Alias": "lineitem", "Startup Cost": 0.0, "Total Cost": 3.05, "Plan Rows": 9, "Plan Width": 32, "Index Cond": "(l_orderkey = orders.o_orderkey)"}]}, {"Node Type": "Hash", "Parent Relationship": "Inner", "Startup Cost": 5334.54, "Total Cost": 5334.54, "Plan Rows": 100000, "Plan Width": 12, "Plans": [{"Node Type": "Index Scan", "Parent Relationship": "Outer", "Scan Direction": "Forward", "Index Name": "supplier_pkey", "Relation Name": "supplier", "Alias": "supplier", "Startup Cost": 0.0, "Total Cost": 5334.54, "Plan Rows": 100000, "Plan Width": 12}]}]}]}]}, "Unique SQL Id": 1392561963}, "explain_analyze_plan": {"Plan": {"Node Type": "Sort", "Startup Cost": 1727130.96, "Total Cost": 1727131.02, "Plan Rows": 25, "Plan Width": 50, "Actual Startup Time": 15369.851, "Actual Total Time": 15369.851, "Actual Rows": 5, "Actual Loops": 1, "Sort Key": ["(sum((lineitem.l_extendedprice * (1::double precision - lineitem.l_discount)))) DESC"], "Sort Method": "quicksort", "Sort Space Used": 25, "Sort Space Type": "Memory", "Plans": [{"Node Type": "Aggregate", "Strategy": "Hashed", "Parent Relationship": "Outer", "Startup Cost": 1727130.13, "Total Cost": 1727130.38, "Plan Rows": 25, "Plan Width": 50, "Actual Startup Time": 15369.819, "Actual Total Time": 15369.821, "Actual Rows": 5, "Actual Loops": 1, "Group By Key": ["nation.n_name"], "Plans": [{"Node Type": "Hash Join", "Parent Relationship": "Outer", "Join Type": "Inner", "Startup Cost": 6834.54, "Total Cost": 1727036.23, "Plan Rows": 9390, "Plan Width": 42, "Actual Startup Time": 92.508, "Actual Total Time": 15287.672, "Actual Rows": 72985, "Actual Loops": 1, "Inner Unique": true, "Hash Cond": "((lineitem.l_suppkey = supplier.s_suppkey) AND (customer.c_nationkey = supplier.s_nationkey))", "Plans": [{"Node Type": "Nested Loop", "Parent Relationship": "Outer", "Join Type": "Inner", "Startup Cost": 0.0, "Total Cost": 1692440.68, "Plan Rows": 3688948, "Plan Width": 58, "Actual Startup Time": 0.127, "Actual Total Time": 14416.982, "Actual Rows": 1815222, "Actual Loops": 1, "Inner Unique": false, "Plans": [{"Node Type": "Nested Loop", "Parent Relationship": "Outer", "Join Type": "Inner", "Startup Cost": 0.0, "Total Cost": 416646.27, "Plan Rows": 406290, "Plan Width": 42, "Actual Startup Time": 0.115, "Actual Total Time": 8685.344, "Actual Rows": 454183, "Actual Loops": 1, "Inner Unique": false, "Plans": [{"Node Type": "Nested Loop", "Parent Relationship": "Outer", "Join Type": "Inner", "Startup Cost": 0.0, "Total Cost": 41537.47, "Plan Rows": 300000, "Plan Width": 42, "Actual Startup Time": 0.07, "Actual Total Time": 487.452, "Actual Rows": 299838, "Actual Loops": 1, "Inner Unique": false, "Plans": [{"Node Type": "Nested Loop", "Parent Relationship": "Outer", "Join Type": "Inner", "Startup Cost": 0.0, "Total Cost": 25.34, "Plan Rows": 5, "Plan Width": 30, "Actual Startup Time": 0.041, "Actual Total Time": 0.117, "Actual Rows": 5, "Actual Loops": 1, "Inner Unique": true, "Join Filter": "(nation.n_regionkey = region.r_regionkey)", "Rows Removed by Join Filter": 20, "Plans": [{"Node Type": "Index Scan", "Parent Relationship": "Outer", "Scan Direction": "Forward", "Index Name": "nation_pkey", "Relation Name": "nation", "Alias": "nation", "Startup Cost": 0.0, "Total Cost": 12.62, "Plan Rows": 25, "Plan Width": 34, "Actual Startup Time": 0.012, "Actual Total Time": 0.046, "Actual Rows": 25, "Actual Loops": 1}, {"Node Type": "Materialize", "Parent Relationship": "Inner", "Startup Cost": 0.0, "Total Cost": 12.34, "Plan Rows": 1, "Plan Width": 4, "Actual Startup Time": 0.026, "Actual Total Time": 0.031, "Actual Rows": 25, "Actual Loops": 25, "Plans": [{"Node Type": "Index Scan", "Parent Relationship": "Outer", "Scan Direction": "Forward", "Index Name": "region_pkey", "Relation Name": "region", "Alias": "region", "Startup Cost": 0.0, "Total Cost": 12.34, "Plan Rows": 1, "Plan Width": 4, "Actual Startup Time": 0.012, "Actual Total Time": 0.014, "Actual Rows": 1, "Actual Loops": 1, "Filter": "(r_name = 'MIDDLE EAST'::bpchar)", "Rows Removed by Filter": 4}]}]}, {"Node Type": "Index Scan", "Parent Relationship": "Inner", "Scan Direction": "Forward", "Index Name": "idx_customer_nationkey", "Relation Name": "customer", "Alias": "customer", "Startup Cost": 0.0, "Total Cost": 7702.43, "Plan Rows": 60000, "Plan Width": 12, "Actual Startup Time": 0.147, "Actual Total Time": 400.134, "Actual Rows": 299838, "Actual Loops": 5, "Index Cond": "(c_nationkey = nation.n_nationkey)", "Rows Removed by Index Recheck": 0}]}, {"Node Type": "Index Scan", "Parent Relationship": "Inner", "Scan Direction": "Forward", "Index Name": "idx_orders_custkey", "Relation Name": "orders", "Alias": "orders", "Startup Cost": 0.0, "Total Cost": 1.24, "Plan Rows": 1, "Plan Width": 16, "Actual Startup Time": 3753.518, "Actual Total Time": 7937.204, "Actual Rows": 454183, "Actual Loops": 299838, "Index Cond": "(o_custkey = customer.c_custkey)", "Rows Removed by Index Recheck": 0, "Filter": "((o_orderdate >= '1994-01-01 00:00:00'::timestamp(0) without time zone) AND (o_orderdate < '1995-01-01 00:00:00'::timestamp without time zone))", "Rows Removed by Filter": 2542535}]}, {"Node Type": "Index Scan", "Parent Relationship": "Inner", "Scan Direction": "Forward", "Index Name": "idx_lineitem_orderkey", "Relation Name": "lineitem", "Alias": "lineitem", "Startup Cost": 0.0, "Total Cost": 3.05, "Plan Rows": 9, "Plan Width": 32, "Actual Startup Time": 4103.866, "Actual Total Time": 5089.885, "Actual Rows": 1815222, "Actual Loops": 454183, "Index Cond": "(l_orderkey = orders.o_orderkey)", "Rows Removed by Index Recheck": 0}]}, {"Node Type": "Hash", "Parent Relationship": "Inner", "Startup Cost": 5334.54, "Total Cost": 5334.54, "Plan Rows": 100000, "Plan Width": 12, "Actual Startup Time": 92.164, "Actual Total Time": 92.164, "Actual Rows": 100000, "Actual Loops": 1, "Hash Buckets": 131072, "Hash Batches": 1, "Original Hash Batches": 1, "Peak Memory Usage": 4297, "Plans": [{"Node Type": "Index Scan", "Parent Relationship": "Outer", "Scan Direction": "Forward", "Index Name": "supplier_pkey", "Relation Name": "supplier", "Alias": "supplier", "Startup Cost": 0.0, "Total Cost": 5334.54, "Plan Rows": 100000, "Plan Width": 12, "Actual Startup Time": 0.019, "Actual Total Time": 59.555, "Actual Rows": 100000, "Actual Loops": 1}]}]}]}]}, "Triggers": [], "Planner Runtime": 9.101, "Total Runtime": 15370.201, "Unique SQL Id": 1392561963}}, "(64, 10)": {"explain_plan": {"Plan": {"Node Type": "Sort", "Startup Cost": 2891580.15, "Total Cost": 2891580.22, "Plan Rows": 25, "Plan Width": 50, "Sort Key": ["(sum((lineitem.l_extendedprice * (1::double precision - lineitem.l_discount)))) DESC"], "Plans": [{"Node Type": "Aggregate", "Strategy": "Hashed", "Parent Relationship": "Outer", "Startup Cost": 2891579.32, "Total Cost": 2891579.57, "Plan Rows": 25, "Plan Width": 50, "Group By Key": ["nation.n_name"], "Plans": [{"Node Type": "Hash Join", "Parent Relationship": "Outer", "Join Type": "Inner", "Startup Cost": 586755.18, "Total Cost": 2891485.42, "Plan Rows": 9390, "Plan Width": 42, "Inner Unique": true, "Hash Cond": "((lineitem.l_suppkey = supplier.s_suppkey) AND (customer.c_nationkey = supplier.s_nationkey))", "Plans": [{"Node Type": "Hash Join", "Parent Relationship": "Outer", "Join Type": "Inner", "Startup Cost": 581972.18, "Total Cost": 2858928.33, "Plan Rows": 3688948, "Plan Width": 58, "Inner Unique": false, "Hash Cond": "(lineitem.l_orderkey = orders.o_orderkey), (LLVM Optimized)", "Plans": [{"Node Type": "Seq Scan", "Parent Relationship": "Outer", "Relation Name": "lineitem", "Alias": "lineitem", "Startup Cost": 0.0, "Total Cost": 2015115.33, "Plan Rows": 59987033, "Plan Width": 32}, {"Node Type": "Hash", "Parent Relationship": "Inner", "Startup Cost": 576893.55, "Total Cost": 576893.55, "Plan Rows": 406290, "Plan Width": 42, "Plans": [{"Node Type": "Hash Join", "Parent Relationship": "Outer", "Join Type": "Inner", "Startup Cost": 63303.86, "Total Cost": 576893.55, "Plan Rows": 406290, "Plan Width": 42, "Inner Unique": false, "Hash Cond": "(orders.o_custkey = customer.c_custkey), (LLVM Optimized)", "Plans": [{"Node Type": "Seq Scan", "Parent Relationship": "Outer", "Relation Name": "orders", "Alias": "orders", "Startup Cost": 440.98, "Total Cost": 501411.18, "Plan Rows": 2281758, "Plan Width": 16, "Filter": "((o_orderdate >= '1994-01-01 00:00:00'::timestamp(0) without time zone) AND (o_orderdate < '1995-01-01 00:00:00'::timestamp without time zone)), (LLVM Optimized)"}, {"Node Type": "Hash", "Parent Relationship": "Inner", "Startup Cost": 59112.88, "Total Cost": 59112.88, "Plan Rows": 300000, "Plan Width": 42, "Plans": [{"Node Type": "Hash Join", "Parent Relationship": "Outer", "Join Type": "Inner", "Startup Cost": 2.5, "Total Cost": 59112.88, "Plan Rows": 300000, "Plan Width": 42, "Inner Unique": false, "Hash Cond": "(customer.c_nationkey = nation.n_nationkey), (LLVM Optimized)", "Plans": [{"Node Type": "Seq Scan", "Parent Relationship": "Outer", "Relation Name": "customer", "Alias": "customer", "Startup Cost": 0.0, "Total Cost": 52126.0, "Plan Rows": 1500000, "Plan Width": 12}, {"Node Type": "Hash", "Parent Relationship": "Inner", "Startup Cost": 2.44, "Total Cost": 2.44, "Plan Rows": 5, "Plan Width": 30, "Plans": [{"Node Type": "Hash Join", "Parent Relationship": "Outer", "Join Type": "Inner", "Startup Cost": 1.07, "Total Cost": 2.44, "Plan Rows": 5, "Plan Width": 30, "Inner Unique": true, "Hash Cond": "(nation.n_regionkey = region.r_regionkey)", "Plans": [{"Node Type": "Seq Scan", "Parent Relationship": "Outer", "Relation Name": "nation", "Alias": "nation", "Startup Cost": 0.0, "Total Cost": 1.25, "Plan Rows": 25, "Plan Width": 34}, {"Node Type": "Hash", "Parent Relationship": "Inner", "Startup Cost": 1.06, "Total Cost": 1.06, "Plan Rows": 1, "Plan Width": 4, "Plans": [{"Node Type": "Seq Scan", "Parent Relationship": "Outer", "Relation Name": "region", "Alias": "region", "Startup Cost": 0.0, "Total Cost": 1.06, "Plan Rows": 1, "Plan Width": 4, "Filter": "(r_name = 'MIDDLE EAST'::bpchar)"}]}]}]}]}]}]}]}]}, {"Node Type": "Hash", "Parent Relationship": "Inner", "Startup Cost": 3283.0, "Total Cost": 3283.0, "Plan Rows": 100000, "Plan Width": 12, "Plans": [{"Node Type": "Seq Scan", "Parent Relationship": "Outer", "Relation Name": "supplier", "Alias": "supplier", "Startup Cost": 0.0, "Total Cost": 3283.0, "Plan Rows": 100000, "Plan Width": 12}]}]}]}]}, "Unique SQL Id": 1392561963}, "explain_analyze_plan": null}, "(64, 11)": {"explain_plan": {"Plan": {"Node Type": "Sort", "Startup Cost": 6006900701327.45, "Total Cost": 6006900701327.51, "Plan Rows": 25, "Plan Width": 50, "Sort Key": ["(sum((lineitem.l_extendedprice * (1::double precision - lineitem.l_discount)))) DESC"], "Plans": [{"Node Type": "Aggregate", "Strategy": "Hashed", "Parent Relationship": "Outer", "Startup Cost": 6006900701326.62, "Total Cost": 6006900701326.87, "Plan Rows": 25, "Plan Width": 50, "Group By Key": ["nation.n_name"], "Plans": [{"Node Type": "Merge Join", "Parent Relationship": "Outer", "Join Type": "Inner", "Startup Cost": 60036448550.05, "Total Cost": 6006900701232.72, "Plan Rows": 9390, "Plan Width": 42, "Inner Unique": true, "Merge Cond": "(supplier.s_nationkey = customer.c_nationkey)", "Join Filter": "(orders.o_custkey = customer.c_custkey)", "Plans": [{"Node Type": "Nested Loop", "Parent Relationship": "Outer", "Join Type": "Inner", "Startup Cost": 50036448550.05, "Total Cost": 5006604634115.96, "Plan Rows": 263699, "Plan Width": 58, "Inner Unique": false, "Join Filter": "(lineitem.l_suppkey = supplier.s_suppkey), (LLVM Optimized)", "Plans": [{"Node Type": "Nested Loop", "Parent Relationship": "Outer", "Join Type": "Inner", "Startup Cost": 30000000000.0, "Total Cost": 3000000543701.01, "Plan Rows": 20000, "Plan Width": 42, "Inner Unique": false, "Join Filter": "(nation.n_nationkey = supplier.s_nationkey)", "Plans": [{"Node Type": "Nested Loop", "Parent Relationship": "Outer", "Join Type": "Inner", "Startup Cost": 20000000000.0, "Total Cost": 2000000002496.63, "Plan Rows": 5, "Plan Width": 30, "Inner Unique": true, "Join Filter": "(nation.n_regionkey = region.r_regionkey)", "Plans": [{"Node Type": "Index Scan", "Parent Relationship": "Outer", "Scan Direction": "Forward", "Index Name": "nation_pkey", "Relation Name": "nation", "Alias": "nation", "Startup Cost": 10000000000.0, "Total Cost": 1000000001262.5, "Plan Rows": 25, "Plan Width": 34}, {"Node Type": "Materialize", "Parent Relationship": "Inner", "Startup Cost": 10000000000.0, "Total Cost": 1000000001233.76, "Plan Rows": 1, "Plan Width": 4, "Plans": [{"Node Type": "Index Scan", "Parent Relationship": "Outer", "Scan Direction": "Forward", "Index Name": "region_pkey", "Relation Name": "region", "Alias": "region", "Startup Cost": 10000000000.0, "Total Cost": 1000000001233.75, "Plan Rows": 1, "Plan Width": 4, "Filter": "(r_name = 'MIDDLE EAST'::bpchar)"}]}]}, {"Node Type": "Materialize", "Parent Relationship": "Inner", "Startup Cost": 10000000000.0, "Total Cost": 1000000533954.38, "Plan Rows": 100000, "Plan Width": 12, "Plans": [{"Node Type": "Index Scan", "Parent Relationship": "Outer", "Scan Direction": "Forward", "Index Name": "supplier_pkey", "Relation Name": "supplier", "Alias": "supplier", "Startup Cost": 10000000000.0, "Total Cost": 1000000533454.38, "Plan Rows": 100000, "Plan Width": 12}]}]}, {"Node Type": "Materialize", "Parent Relationship": "Inner", "Startup Cost": 20036448550.05, "Total Cost": 2000388917108.5, "Plan Rows": 20717417, "Plan Width": 32, "Plans": [{"Node Type": "Merge Join", "Parent Relationship": "Outer", "Join Type": "Inner", "Startup Cost": 20036448550.05, "Total Cost": 2000388813521.41, "Plan Rows": 20717417, "Plan Width": 32, "Inner Unique": false, "Merge Cond": "(orders.o_orderkey = lineitem.l_orderkey)", "Plans": [{"Node Type": "Index Scan", "Parent Relationship": "Outer", "Scan Direction": "Forward", "Index Name": "orders_pkey", "Relation Name": "orders", "Alias": "orders", "Startup Cost": 10000000000.0, "Total Cost": 1000080597583.0, "Plan Rows": 2281758, "Plan Width": 16, "Filter": "((o_orderdate >= '1994-01-01 00:00:00'::timestamp(0) without time zone) AND (o_orderdate < '1995-01-01 00:00:00'::timestamp without time zone)), (LLVM Optimized)"}, {"Node Type": "Index Scan", "Parent Relationship": "Inner", "Scan Direction": "Forward", "Index Name": "idx_lineitem_orderkey", "Relation Name": "lineitem", "Alias": "lineitem", "Startup Cost": 10000000000.0, "Total Cost": 1000324015374.5, "Plan Rows": 59987033, "Plan Width": 32}]}]}]}, {"Node Type": "Materialize", "Parent Relationship": "Inner", "Startup Cost": 10000000000.0, "Total Cost": 1000019203896.25, "Plan Rows": 1500000, "Plan Width": 12, "Plans": [{"Node Type": "Index Scan", "Parent Relationship": "Outer", "Scan Direction": "Forward", "Index Name": "idx_customer_nationkey", "Relation Name": "customer", "Alias": "customer", "Startup Cost": 10000000000.0, "Total Cost": 1000019200146.25, "Plan Rows": 1500000, "Plan Width": 12}]}]}]}]}, "Unique SQL Id": 1392561963}, "explain_analyze_plan": null}, "(64, 12)": {"explain_plan": {"Plan": {"Node Type": "Sort", "Startup Cost": 1725068.14, "Total Cost": 1725068.21, "Plan Rows": 25, "Plan Width": 50, "Sort Key": ["(sum((lineitem.l_extendedprice * (1::double precision - lineitem.l_discount)))) DESC"], "Plans": [{"Node Type": "Aggregate", "Strategy": "Hashed", "Parent Relationship": "Outer", "Startup Cost": 1725067.31, "Total Cost": 1725067.56, "Plan Rows": 25, "Plan Width": 50, "Group By Key": ["nation.n_name"], "Plans": [{"Node Type": "Hash Join", "Parent Relationship": "Outer", "Join Type": "Inner", "Startup Cost": 4783.0, "Total Cost": 1724973.41, "Plan Rows": 9390, "Plan Width": 42, "Inner Unique": true, "Hash Cond": "((lineitem.l_suppkey = supplier.s_suppkey) AND (customer.c_nationkey = supplier.s_nationkey))", "Plans": [{"Node Type": "Nested Loop", "Parent Relationship": "Outer", "Join Type": "Inner", "Startup Cost": 0.0, "Total Cost": 1692429.4, "Plan Rows": 3688948, "Plan Width": 58, "Inner Unique": false, "Plans": [{"Node Type": "Nested Loop", "Parent Relationship": "Outer", "Join Type": "Inner", "Startup Cost": 0.0, "Total Cost": 416634.99, "Plan Rows": 406290, "Plan Width": 42, "Inner Unique": false, "Plans": [{"Node Type": "Nested Loop", "Parent Relationship": "Outer", "Join Type": "Inner", "Startup Cost": 0.0, "Total Cost": 41526.19, "Plan Rows": 300000, "Plan Width": 42, "Inner Unique": false, "Plans": [{"Node Type": "Nested Loop", "Parent Relationship": "Outer", "Join Type": "Inner", "Startup Cost": 0.0, "Total Cost": 14.06, "Plan Rows": 5, "Plan Width": 30, "Inner Unique": true, "Join Filter": "(nation.n_regionkey = region.r_regionkey)", "Plans": [{"Node Type": "Index Scan", "Parent Relationship": "Outer", "Scan Direction": "Forward", "Index Name": "nation_pkey", "Relation Name": "nation", "Alias": "nation", "Startup Cost": 0.0, "Total Cost": 12.62, "Plan Rows": 25, "Plan Width": 34}, {"Node Type": "Materialize", "Parent Relationship": "Inner", "Startup Cost": 0.0, "Total Cost": 1.07, "Plan Rows": 1, "Plan Width": 4, "Plans": [{"Node Type": "Seq Scan", "Parent Relationship": "Outer", "Relation Name": "region", "Alias": "region", "Startup Cost": 0.0, "Total Cost": 1.06, "Plan Rows": 1, "Plan Width": 4, "Filter": "(r_name = 'MIDDLE EAST'::bpchar)"}]}]}, {"Node Type": "Index Scan", "Parent Relationship": "Inner", "Scan Direction": "Forward", "Index Name": "idx_customer_nationkey", "Relation Name": "customer", "Alias": "customer", "Startup Cost": 0.0, "Total Cost": 7702.43, "Plan Rows": 60000, "Plan Width": 12, "Index Cond": "(c_nationkey = nation.n_nationkey)"}]}, {"Node Type": "Index Scan", "Parent Relationship": "Inner", "Scan Direction": "Forward", "Index Name": "idx_orders_custkey", "Relation Name": "orders", "Alias": "orders", "Startup Cost": 0.0, "Total Cost": 1.24, "Plan Rows": 1, "Plan Width": 16, "Index Cond": "(o_custkey = customer.c_custkey)", "Filter": "((o_orderdate >= '1994-01-01 00:00:00'::timestamp(0) without time zone) AND (o_orderdate < '1995-01-01 00:00:00'::timestamp without time zone))"}]}, {"Node Type": "Index Scan", "Parent Relationship": "Inner", "Scan Direction": "Forward", "Index Name": "idx_lineitem_orderkey", "Relation Name": "lineitem", "Alias": "lineitem", "Startup Cost": 0.0, "Total Cost": 3.05, "Plan Rows": 9, "Plan Width": 32, "Index Cond": "(l_orderkey = orders.o_orderkey)"}]}, {"Node Type": "Hash", "Parent Relationship": "Inner", "Startup Cost": 3283.0, "Total Cost": 3283.0, "Plan Rows": 100000, "Plan Width": 12, "Plans": [{"Node Type": "Seq Scan", "Parent Relationship": "Outer", "Relation Name": "supplier", "Alias": "supplier", "Startup Cost": 0.0, "Total Cost": 3283.0, "Plan Rows": 100000, "Plan Width": 12}]}]}]}]}, "Unique SQL Id": 1392561963}, "explain_analyze_plan": {"Plan": {"Node Type": "Sort", "Startup Cost": 1725068.14, "Total Cost": 1725068.21, "Plan Rows": 25, "Plan Width": 50, "Actual Startup Time": 15529.482, "Actual Total Time": 15529.483, "Actual Rows": 5, "Actual Loops": 1, "Sort Key": ["(sum((lineitem.l_extendedprice * (1::double precision - lineitem.l_discount)))) DESC"], "Sort Method": "quicksort", "Sort Space Used": 25, "Sort Space Type": "Memory", "Plans": [{"Node Type": "Aggregate", "Strategy": "Hashed", "Parent Relationship": "Outer", "Startup Cost": 1725067.31, "Total Cost": 1725067.56, "Plan Rows": 25, "Plan Width": 50, "Actual Startup Time": 15529.445, "Actual Total Time": 15529.445, "Actual Rows": 5, "Actual Loops": 1, "Group By Key": ["nation.n_name"], "Plans": [{"Node Type": "Hash Join", "Parent Relationship": "Outer", "Join Type": "Inner", "Startup Cost": 4783.0, "Total Cost": 1724973.41, "Plan Rows": 9390, "Plan Width": 42, "Actual Startup Time": 66.322, "Actual Total Time": 15448.48, "Actual Rows": 72985, "Actual Loops": 1, "Inner Unique": true, "Hash Cond": "((lineitem.l_suppkey = supplier.s_suppkey) AND (customer.c_nationkey = supplier.s_nationkey))", "Plans": [{"Node Type": "Nested Loop", "Parent Relationship": "Outer", "Join Type": "Inner", "Startup Cost": 0.0, "Total Cost": 1692429.4, "Plan Rows": 3688948, "Plan Width": 58, "Actual Startup Time": 0.137, "Actual Total Time": 14586.623, "Actual Rows": 1815222, "Actual Loops": 1, "Inner Unique": false, "Plans": [{"Node Type": "Nested Loop", "Parent Relationship": "Outer", "Join Type": "Inner", "Startup Cost": 0.0, "Total Cost": 416634.99, "Plan Rows": 406290, "Plan Width": 42, "Actual Startup Time": 0.124, "Actual Total Time": 8810.188, "Actual Rows": 454183, "Actual Loops": 1, "Inner Unique": false, "Plans": [{"Node Type": "Nested Loop", "Parent Relationship": "Outer", "Join Type": "Inner", "Startup Cost": 0.0, "Total Cost": 41526.19, "Plan Rows": 300000, "Plan Width": 42, "Actual Startup Time": 0.08, "Actual Total Time": 494.903, "Actual Rows": 299838, "Actual Loops": 1, "Inner Unique": false, "Plans": [{"Node Type": "Nested Loop", "Parent Relationship": "Outer", "Join Type": "Inner", "Startup Cost": 0.0, "Total Cost": 14.06, "Plan Rows": 5, "Plan Width": 30, "Actual Startup Time": 0.05, "Actual Total Time": 0.128, "Actual Rows": 5, "Actual Loops": 1, "Inner Unique": true, "Join Filter": "(nation.n_regionkey = region.r_regionkey)", "Rows Removed by Join Filter": 20, "Plans": [{"Node Type": "Index Scan", "Parent Relationship": "Outer", "Scan Direction": "Forward", "Index Name": "nation_pkey", "Relation Name": "nation", "Alias": "nation", "Startup Cost": 0.0, "Total Cost": 12.62, "Plan Rows": 25, "Plan Width": 34, "Actual Startup Time": 0.013, "Actual Total Time": 0.048, "Actual Rows": 25, "Actual Loops": 1}, {"Node Type": "Materialize", "Parent Relationship": "Inner", "Startup Cost": 0.0, "Total Cost": 1.07, "Plan Rows": 1, "Plan Width": 4, "Actual Startup Time": 0.032, "Actual Total Time": 0.036, "Actual Rows": 25, "Actual Loops": 25, "Plans": [{"Node Type": "Seq Scan", "Parent Relationship": "Outer", "Relation Name": "region", "Alias": "region", "Startup Cost": 0.0, "Total Cost": 1.06, "Plan Rows": 1, "Plan Width": 4, "Actual Startup Time": 0.019, "Actual Total Time": 0.02, "Actual Rows": 1, "Actual Loops": 1, "Filter": "(r_name = 'MIDDLE EAST'::bpchar)", "Rows Removed by Filter": 4}]}]}, {"Node Type": "Index Scan", "Parent Relationship": "Inner", "Scan Direction": "Forward", "Index Name": "idx_customer_nationkey", "Relation Name": "customer", "Alias": "customer", "Startup Cost": 0.0, "Total Cost": 7702.43, "Plan Rows": 60000, "Plan Width": 12, "Actual Startup Time": 0.144, "Actual Total Time": 407.733, "Actual Rows": 299838, "Actual Loops": 5, "Index Cond": "(c_nationkey = nation.n_nationkey)", "Rows Removed by Index Recheck": 0}]}, {"Node Type": "Index Scan", "Parent Relationship": "Inner", "Scan Direction": "Forward", "Index Name": "idx_orders_custkey", "Relation Name": "orders", "Alias": "orders", "Startup Cost": 0.0, "Total Cost": 1.24, "Plan Rows": 1, "Plan Width": 16, "Actual Startup Time": 3808.288, "Actual Total Time": 8053.124, "Actual Rows": 454183, "Actual Loops": 299838, "Index Cond": "(o_custkey = customer.c_custkey)", "Rows Removed by Index Recheck": 0, "Filter": "((o_orderdate >= '1994-01-01 00:00:00'::timestamp(0) without time zone) AND (o_orderdate < '1995-01-01 00:00:00'::timestamp without time zone))", "Rows Removed by Filter": 2542535}]}, {"Node Type": "Index Scan", "Parent Relationship": "Inner", "Scan Direction": "Forward", "Index Name": "idx_lineitem_orderkey", "Relation Name": "lineitem", "Alias": "lineitem", "Startup Cost": 0.0, "Total Cost": 3.05, "Plan Rows": 9, "Plan Width": 32, "Actual Startup Time": 4147.015, "Actual Total Time": 5124.494, "Actual Rows": 1815222, "Actual Loops": 454183, "Index Cond": "(l_orderkey = orders.o_orderkey)", "Rows Removed by Index Recheck": 0}]}, {"Node Type": "Hash", "Parent Relationship": "Inner", "Startup Cost": 3283.0, "Total Cost": 3283.0, "Plan Rows": 100000, "Plan Width": 12, "Actual Startup Time": 65.955, "Actual Total Time": 65.955, "Actual Rows": 100000, "Actual Loops": 1, "Hash Buckets": 131072, "Hash Batches": 1, "Original Hash Batches": 1, "Peak Memory Usage": 4297, "Plans": [{"Node Type": "Seq Scan", "Parent Relationship": "Outer", "Relation Name": "supplier", "Alias": "supplier", "Startup Cost": 0.0, "Total Cost": 3283.0, "Plan Rows": 100000, "Plan Width": 12, "Actual Startup Time": 0.011, "Actual Total Time": 35.522, "Actual Rows": 100000, "Actual Loops": 1}]}]}]}]}, "Triggers": [], "Planner Runtime": 9.365, "Total Runtime": 15529.816, "Unique SQL Id": 1392561963}}, "(64, 13)": {"explain_plan": {"Plan": {"Node Type": "Sort", "Startup Cost": 1727130.96, "Total Cost": 1727131.02, "Plan Rows": 25, "Plan Width": 50, "Sort Key": ["(sum((lineitem.l_extendedprice * (1::double precision - lineitem.l_discount)))) DESC"], "Plans": [{"Node Type": "Aggregate", "Strategy": "Hashed", "Parent Relationship": "Outer", "Startup Cost": 1727130.13, "Total Cost": 1727130.38, "Plan Rows": 25, "Plan Width": 50, "Group By Key": ["nation.n_name"], "Plans": [{"Node Type": "Hash Join", "Parent Relationship": "Outer", "Join Type": "Inner", "Startup Cost": 6834.54, "Total Cost": 1727036.23, "Plan Rows": 9390, "Plan Width": 42, "Inner Unique": true, "Hash Cond": "((lineitem.l_suppkey = supplier.s_suppkey) AND (customer.c_nationkey = supplier.s_nationkey))", "Plans": [{"Node Type": "Nested Loop", "Parent Relationship": "Outer", "Join Type": "Inner", "Startup Cost": 0.0, "Total Cost": 1692440.68, "Plan Rows": 3688948, "Plan Width": 58, "Inner Unique": false, "Plans": [{"Node Type": "Nested Loop", "Parent Relationship": "Outer", "Join Type": "Inner", "Startup Cost": 0.0, "Total Cost": 416646.27, "Plan Rows": 406290, "Plan Width": 42, "Inner Unique": false, "Plans": [{"Node Type": "Nested Loop", "Parent Relationship": "Outer", "Join Type": "Inner", "Startup Cost": 0.0, "Total Cost": 41537.47, "Plan Rows": 300000, "Plan Width": 42, "Inner Unique": false, "Plans": [{"Node Type": "Nested Loop", "Parent Relationship": "Outer", "Join Type": "Inner", "Startup Cost": 0.0, "Total Cost": 25.34, "Plan Rows": 5, "Plan Width": 30, "Inner Unique": true, "Join Filter": "(nation.n_regionkey = region.r_regionkey)", "Plans": [{"Node Type": "Index Scan", "Parent Relationship": "Outer", "Scan Direction": "Forward", "Index Name": "nation_pkey", "Relation Name": "nation", "Alias": "nation", "Startup Cost": 0.0, "Total Cost": 12.62, "Plan Rows": 25, "Plan Width": 34}, {"Node Type": "Materialize", "Parent Relationship": "Inner", "Startup Cost": 0.0, "Total Cost": 12.34, "Plan Rows": 1, "Plan Width": 4, "Plans": [{"Node Type": "Index Scan", "Parent Relationship": "Outer", "Scan Direction": "Forward", "Index Name": "region_pkey", "Relation Name": "region", "Alias": "region", "Startup Cost": 0.0, "Total Cost": 12.34, "Plan Rows": 1, "Plan Width": 4, "Filter": "(r_name = 'MIDDLE EAST'::bpchar)"}]}]}, {"Node Type": "Index Scan", "Parent Relationship": "Inner", "Scan Direction": "Forward", "Index Name": "idx_customer_nationkey", "Relation Name": "customer", "Alias": "customer", "Startup Cost": 0.0, "Total Cost": 7702.43, "Plan Rows": 60000, "Plan Width": 12, "Index Cond": "(c_nationkey = nation.n_nationkey)"}]}, {"Node Type": "Index Scan", "Parent Relationship": "Inner", "Scan Direction": "Forward", "Index Name": "idx_orders_custkey", "Relation Name": "orders", "Alias": "orders", "Startup Cost": 0.0, "Total Cost": 1.24, "Plan Rows": 1, "Plan Width": 16, "Index Cond": "(o_custkey = customer.c_custkey)", "Filter": "((o_orderdate >= '1994-01-01 00:00:00'::timestamp(0) without time zone) AND (o_orderdate < '1995-01-01 00:00:00'::timestamp without time zone))"}]}, {"Node Type": "Index Scan", "Parent Relationship": "Inner", "Scan Direction": "Forward", "Index Name": "idx_lineitem_orderkey", "Relation Name": "lineitem", "Alias": "lineitem", "Startup Cost": 0.0, "Total Cost": 3.05, "Plan Rows": 9, "Plan Width": 32, "Index Cond": "(l_orderkey = orders.o_orderkey)"}]}, {"Node Type": "Hash", "Parent Relationship": "Inner", "Startup Cost": 5334.54, "Total Cost": 5334.54, "Plan Rows": 100000, "Plan Width": 12, "Plans": [{"Node Type": "Index Scan", "Parent Relationship": "Outer", "Scan Direction": "Forward", "Index Name": "supplier_pkey", "Relation Name": "supplier", "Alias": "supplier", "Startup Cost": 0.0, "Total Cost": 5334.54, "Plan Rows": 100000, "Plan Width": 12}]}]}]}]}, "Unique SQL Id": 1392561963}, "explain_analyze_plan": {"Plan": {"Node Type": "Sort", "Startup Cost": 1727130.96, "Total Cost": 1727131.02, "Plan Rows": 25, "Plan Width": 50, "Actual Startup Time": 15369.851, "Actual Total Time": 15369.851, "Actual Rows": 5, "Actual Loops": 1, "Sort Key": ["(sum((lineitem.l_extendedprice * (1::double precision - lineitem.l_discount)))) DESC"], "Sort Method": "quicksort", "Sort Space Used": 25, "Sort Space Type": "Memory", "Plans": [{"Node Type": "Aggregate", "Strategy": "Hashed", "Parent Relationship": "Outer", "Startup Cost": 1727130.13, "Total Cost": 1727130.38, "Plan Rows": 25, "Plan Width": 50, "Actual Startup Time": 15369.819, "Actual Total Time": 15369.821, "Actual Rows": 5, "Actual Loops": 1, "Group By Key": ["nation.n_name"], "Plans": [{"Node Type": "Hash Join", "Parent Relationship": "Outer", "Join Type": "Inner", "Startup Cost": 6834.54, "Total Cost": 1727036.23, "Plan Rows": 9390, "Plan Width": 42, "Actual Startup Time": 92.508, "Actual Total Time": 15287.672, "Actual Rows": 72985, "Actual Loops": 1, "Inner Unique": true, "Hash Cond": "((lineitem.l_suppkey = supplier.s_suppkey) AND (customer.c_nationkey = supplier.s_nationkey))", "Plans": [{"Node Type": "Nested Loop", "Parent Relationship": "Outer", "Join Type": "Inner", "Startup Cost": 0.0, "Total Cost": 1692440.68, "Plan Rows": 3688948, "Plan Width": 58, "Actual Startup Time": 0.127, "Actual Total Time": 14416.982, "Actual Rows": 1815222, "Actual Loops": 1, "Inner Unique": false, "Plans": [{"Node Type": "Nested Loop", "Parent Relationship": "Outer", "Join Type": "Inner", "Startup Cost": 0.0, "Total Cost": 416646.27, "Plan Rows": 406290, "Plan Width": 42, "Actual Startup Time": 0.115, "Actual Total Time": 8685.344, "Actual Rows": 454183, "Actual Loops": 1, "Inner Unique": false, "Plans": [{"Node Type": "Nested Loop", "Parent Relationship": "Outer", "Join Type": "Inner", "Startup Cost": 0.0, "Total Cost": 41537.47, "Plan Rows": 300000, "Plan Width": 42, "Actual Startup Time": 0.07, "Actual Total Time": 487.452, "Actual Rows": 299838, "Actual Loops": 1, "Inner Unique": false, "Plans": [{"Node Type": "Nested Loop", "Parent Relationship": "Outer", "Join Type": "Inner", "Startup Cost": 0.0, "Total Cost": 25.34, "Plan Rows": 5, "Plan Width": 30, "Actual Startup Time": 0.041, "Actual Total Time": 0.117, "Actual Rows": 5, "Actual Loops": 1, "Inner Unique": true, "Join Filter": "(nation.n_regionkey = region.r_regionkey)", "Rows Removed by Join Filter": 20, "Plans": [{"Node Type": "Index Scan", "Parent Relationship": "Outer", "Scan Direction": "Forward", "Index Name": "nation_pkey", "Relation Name": "nation", "Alias": "nation", "Startup Cost": 0.0, "Total Cost": 12.62, "Plan Rows": 25, "Plan Width": 34, "Actual Startup Time": 0.012, "Actual Total Time": 0.046, "Actual Rows": 25, "Actual Loops": 1}, {"Node Type": "Materialize", "Parent Relationship": "Inner", "Startup Cost": 0.0, "Total Cost": 12.34, "Plan Rows": 1, "Plan Width": 4, "Actual Startup Time": 0.026, "Actual Total Time": 0.031, "Actual Rows": 25, "Actual Loops": 25, "Plans": [{"Node Type": "Index Scan", "Parent Relationship": "Outer", "Scan Direction": "Forward", "Index Name": "region_pkey", "Relation Name": "region", "Alias": "region", "Startup Cost": 0.0, "Total Cost": 12.34, "Plan Rows": 1, "Plan Width": 4, "Actual Startup Time": 0.012, "Actual Total Time": 0.014, "Actual Rows": 1, "Actual Loops": 1, "Filter": "(r_name = 'MIDDLE EAST'::bpchar)", "Rows Removed by Filter": 4}]}]}, {"Node Type": "Index Scan", "Parent Relationship": "Inner", "Scan Direction": "Forward", "Index Name": "idx_customer_nationkey", "Relation Name": "customer", "Alias": "customer", "Startup Cost": 0.0, "Total Cost": 7702.43, "Plan Rows": 60000, "Plan Width": 12, "Actual Startup Time": 0.147, "Actual Total Time": 400.134, "Actual Rows": 299838, "Actual Loops": 5, "Index Cond": "(c_nationkey = nation.n_nationkey)", "Rows Removed by Index Recheck": 0}]}, {"Node Type": "Index Scan", "Parent Relationship": "Inner", "Scan Direction": "Forward", "Index Name": "idx_orders_custkey", "Relation Name": "orders", "Alias": "orders", "Startup Cost": 0.0, "Total Cost": 1.24, "Plan Rows": 1, "Plan Width": 16, "Actual Startup Time": 3753.518, "Actual Total Time": 7937.204, "Actual Rows": 454183, "Actual Loops": 299838, "Index Cond": "(o_custkey = customer.c_custkey)", "Rows Removed by Index Recheck": 0, "Filter": "((o_orderdate >= '1994-01-01 00:00:00'::timestamp(0) without time zone) AND (o_orderdate < '1995-01-01 00:00:00'::timestamp without time zone))", "Rows Removed by Filter": 2542535}]}, {"Node Type": "Index Scan", "Parent Relationship": "Inner", "Scan Direction": "Forward", "Index Name": "idx_lineitem_orderkey", "Relation Name": "lineitem", "Alias": "lineitem", "Startup Cost": 0.0, "Total Cost": 3.05, "Plan Rows": 9, "Plan Width": 32, "Actual Startup Time": 4103.866, "Actual Total Time": 5089.885, "Actual Rows": 1815222, "Actual Loops": 454183, "Index Cond": "(l_orderkey = orders.o_orderkey)", "Rows Removed by Index Recheck": 0}]}, {"Node Type": "Hash", "Parent Relationship": "Inner", "Startup Cost": 5334.54, "Total Cost": 5334.54, "Plan Rows": 100000, "Plan Width": 12, "Actual Startup Time": 92.164, "Actual Total Time": 92.164, "Actual Rows": 100000, "Actual Loops": 1, "Hash Buckets": 131072, "Hash Batches": 1, "Original Hash Batches": 1, "Peak Memory Usage": 4297, "Plans": [{"Node Type": "Index Scan", "Parent Relationship": "Outer", "Scan Direction": "Forward", "Index Name": "supplier_pkey", "Relation Name": "supplier", "Alias": "supplier", "Startup Cost": 0.0, "Total Cost": 5334.54, "Plan Rows": 100000, "Plan Width": 12, "Actual Startup Time": 0.019, "Actual Total Time": 59.555, "Actual Rows": 100000, "Actual Loops": 1}]}]}]}]}, "Triggers": [], "Planner Runtime": 9.101, "Total Runtime": 15370.201, "Unique SQL Id": 1392561963}}, "(64, 14)": {"explain_plan": {"Plan": {"Node Type": "Sort", "Startup Cost": 2891580.15, "Total Cost": 2891580.22, "Plan Rows": 25, "Plan Width": 50, "Sort Key": ["(sum((lineitem.l_extendedprice * (1::double precision - lineitem.l_discount)))) DESC"], "Plans": [{"Node Type": "Aggregate", "Strategy": "Hashed", "Parent Relationship": "Outer", "Startup Cost": 2891579.32, "Total Cost": 2891579.57, "Plan Rows": 25, "Plan Width": 50, "Group By Key": ["nation.n_name"], "Plans": [{"Node Type": "Hash Join", "Parent Relationship": "Outer", "Join Type": "Inner", "Startup Cost": 586755.18, "Total Cost": 2891485.42, "Plan Rows": 9390, "Plan Width": 42, "Inner Unique": true, "Hash Cond": "((lineitem.l_suppkey = supplier.s_suppkey) AND (customer.c_nationkey = supplier.s_nationkey))", "Plans": [{"Node Type": "Hash Join", "Parent Relationship": "Outer", "Join Type": "Inner", "Startup Cost": 581972.18, "Total Cost": 2858928.33, "Plan Rows": 3688948, "Plan Width": 58, "Inner Unique": false, "Hash Cond": "(lineitem.l_orderkey = orders.o_orderkey), (LLVM Optimized)", "Plans": [{"Node Type": "Seq Scan", "Parent Relationship": "Outer", "Relation Name": "lineitem", "Alias": "lineitem", "Startup Cost": 0.0, "Total Cost": 2015115.33, "Plan Rows": 59987033, "Plan Width": 32}, {"Node Type": "Hash", "Parent Relationship": "Inner", "Startup Cost": 576893.55, "Total Cost": 576893.55, "Plan Rows": 406290, "Plan Width": 42, "Plans": [{"Node Type": "Hash Join", "Parent Relationship": "Outer", "Join Type": "Inner", "Startup Cost": 63303.86, "Total Cost": 576893.55, "Plan Rows": 406290, "Plan Width": 42, "Inner Unique": false, "Hash Cond": "(orders.o_custkey = customer.c_custkey), (LLVM Optimized)", "Plans": [{"Node Type": "Seq Scan", "Parent Relationship": "Outer", "Relation Name": "orders", "Alias": "orders", "Startup Cost": 440.98, "Total Cost": 501411.18, "Plan Rows": 2281758, "Plan Width": 16, "Filter": "((o_orderdate >= '1994-01-01 00:00:00'::timestamp(0) without time zone) AND (o_orderdate < '1995-01-01 00:00:00'::timestamp without time zone)), (LLVM Optimized)"}, {"Node Type": "Hash", "Parent Relationship": "Inner", "Startup Cost": 59112.88, "Total Cost": 59112.88, "Plan Rows": 300000, "Plan Width": 42, "Plans": [{"Node Type": "Hash Join", "Parent Relationship": "Outer", "Join Type": "Inner", "Startup Cost": 2.5, "Total Cost": 59112.88, "Plan Rows": 300000, "Plan Width": 42, "Inner Unique": false, "Hash Cond": "(customer.c_nationkey = nation.n_nationkey), (LLVM Optimized)", "Plans": [{"Node Type": "Seq Scan", "Parent Relationship": "Outer", "Relation Name": "customer", "Alias": "customer", "Startup Cost": 0.0, "Total Cost": 52126.0, "Plan Rows": 1500000, "Plan Width": 12}, {"Node Type": "Hash", "Parent Relationship": "Inner", "Startup Cost": 2.44, "Total Cost": 2.44, "Plan Rows": 5, "Plan Width": 30, "Plans": [{"Node Type": "Hash Join", "Parent Relationship": "Outer", "Join Type": "Inner", "Startup Cost": 1.07, "Total Cost": 2.44, "Plan Rows": 5, "Plan Width": 30, "Inner Unique": true, "Hash Cond": "(nation.n_regionkey = region.r_regionkey)", "Plans": [{"Node Type": "Seq Scan", "Parent Relationship": "Outer", "Relation Name": "nation", "Alias": "nation", "Startup Cost": 0.0, "Total Cost": 1.25, "Plan Rows": 25, "Plan Width": 34}, {"Node Type": "Hash", "Parent Relationship": "Inner", "Startup Cost": 1.06, "Total Cost": 1.06, "Plan Rows": 1, "Plan Width": 4, "Plans": [{"Node Type": "Seq Scan", "Parent Relationship": "Outer", "Relation Name": "region", "Alias": "region", "Startup Cost": 0.0, "Total Cost": 1.06, "Plan Rows": 1, "Plan Width": 4, "Filter": "(r_name = 'MIDDLE EAST'::bpchar)"}]}]}]}]}]}]}]}]}, {"Node Type": "Hash", "Parent Relationship": "Inner", "Startup Cost": 3283.0, "Total Cost": 3283.0, "Plan Rows": 100000, "Plan Width": 12, "Plans": [{"Node Type": "Seq Scan", "Parent Relationship": "Outer", "Relation Name": "supplier", "Alias": "supplier", "Startup Cost": 0.0, "Total Cost": 3283.0, "Plan Rows": 100000, "Plan Width": 12}]}]}]}]}, "Unique SQL Id": 1392561963}, "explain_analyze_plan": null}, "(64, 15)": {"explain_plan": {"Plan": {"Node Type": "Sort", "Startup Cost": 6006900701327.45, "Total Cost": 6006900701327.51, "Plan Rows": 25, "Plan Width": 50, "Sort Key": ["(sum((lineitem.l_extendedprice * (1::double precision - lineitem.l_discount)))) DESC"], "Plans": [{"Node Type": "Aggregate", "Strategy": "Hashed", "Parent Relationship": "Outer", "Startup Cost": 6006900701326.62, "Total Cost": 6006900701326.87, "Plan Rows": 25, "Plan Width": 50, "Group By Key": ["nation.n_name"], "Plans": [{"Node Type": "Merge Join", "Parent Relationship": "Outer", "Join Type": "Inner", "Startup Cost": 60036448550.05, "Total Cost": 6006900701232.72, "Plan Rows": 9390, "Plan Width": 42, "Inner Unique": true, "Merge Cond": "(supplier.s_nationkey = customer.c_nationkey)", "Join Filter": "(orders.o_custkey = customer.c_custkey)", "Plans": [{"Node Type": "Nested Loop", "Parent Relationship": "Outer", "Join Type": "Inner", "Startup Cost": 50036448550.05, "Total Cost": 5006604634115.96, "Plan Rows": 263699, "Plan Width": 58, "Inner Unique": false, "Join Filter": "(lineitem.l_suppkey = supplier.s_suppkey), (LLVM Optimized)", "Plans": [{"Node Type": "Nested Loop", "Parent Relationship": "Outer", "Join Type": "Inner", "Startup Cost": 30000000000.0, "Total Cost": 3000000543701.01, "Plan Rows": 20000, "Plan Width": 42, "Inner Unique": false, "Join Filter": "(nation.n_nationkey = supplier.s_nationkey)", "Plans": [{"Node Type": "Nested Loop", "Parent Relationship": "Outer", "Join Type": "Inner", "Startup Cost": 20000000000.0, "Total Cost": 2000000002496.63, "Plan Rows": 5, "Plan Width": 30, "Inner Unique": true, "Join Filter": "(nation.n_regionkey = region.r_regionkey)", "Plans": [{"Node Type": "Index Scan", "Parent Relationship": "Outer", "Scan Direction": "Forward", "Index Name": "nation_pkey", "Relation Name": "nation", "Alias": "nation", "Startup Cost": 10000000000.0, "Total Cost": 1000000001262.5, "Plan Rows": 25, "Plan Width": 34}, {"Node Type": "Materialize", "Parent Relationship": "Inner", "Startup Cost": 10000000000.0, "Total Cost": 1000000001233.76, "Plan Rows": 1, "Plan Width": 4, "Plans": [{"Node Type": "Index Scan", "Parent Relationship": "Outer", "Scan Direction": "Forward", "Index Name": "region_pkey", "Relation Name": "region", "Alias": "region", "Startup Cost": 10000000000.0, "Total Cost": 1000000001233.75, "Plan Rows": 1, "Plan Width": 4, "Filter": "(r_name = 'MIDDLE EAST'::bpchar)"}]}]}, {"Node Type": "Materialize", "Parent Relationship": "Inner", "Startup Cost": 10000000000.0, "Total Cost": 1000000533954.38, "Plan Rows": 100000, "Plan Width": 12, "Plans": [{"Node Type": "Index Scan", "Parent Relationship": "Outer", "Scan Direction": "Forward", "Index Name": "supplier_pkey", "Relation Name": "supplier", "Alias": "supplier", "Startup Cost": 10000000000.0, "Total Cost": 1000000533454.38, "Plan Rows": 100000, "Plan Width": 12}]}]}, {"Node Type": "Materialize", "Parent Relationship": "Inner", "Startup Cost": 20036448550.05, "Total Cost": 2000388917108.5, "Plan Rows": 20717417, "Plan Width": 32, "Plans": [{"Node Type": "Merge Join", "Parent Relationship": "Outer", "Join Type": "Inner", "Startup Cost": 20036448550.05, "Total Cost": 2000388813521.41, "Plan Rows": 20717417, "Plan Width": 32, "Inner Unique": false, "Merge Cond": "(orders.o_orderkey = lineitem.l_orderkey)", "Plans": [{"Node Type": "Index Scan", "Parent Relationship": "Outer", "Scan Direction": "Forward", "Index Name": "orders_pkey", "Relation Name": "orders", "Alias": "orders", "Startup Cost": 10000000000.0, "Total Cost": 1000080597583.0, "Plan Rows": 2281758, "Plan Width": 16, "Filter": "((o_orderdate >= '1994-01-01 00:00:00'::timestamp(0) without time zone) AND (o_orderdate < '1995-01-01 00:00:00'::timestamp without time zone)), (LLVM Optimized)"}, {"Node Type": "Index Scan", "Parent Relationship": "Inner", "Scan Direction": "Forward", "Index Name": "idx_lineitem_orderkey", "Relation Name": "lineitem", "Alias": "lineitem", "Startup Cost": 10000000000.0, "Total Cost": 1000324015374.5, "Plan Rows": 59987033, "Plan Width": 32}]}]}]}, {"Node Type": "Materialize", "Parent Relationship": "Inner", "Startup Cost": 10000000000.0, "Total Cost": 1000019203896.25, "Plan Rows": 1500000, "Plan Width": 12, "Plans": [{"Node Type": "Index Scan", "Parent Relationship": "Outer", "Scan Direction": "Forward", "Index Name": "idx_customer_nationkey", "Relation Name": "customer", "Alias": "customer", "Startup Cost": 10000000000.0, "Total Cost": 1000019200146.25, "Plan Rows": 1500000, "Plan Width": 12}]}]}]}]}, "Unique SQL Id": 1392561963}, "explain_analyze_plan": null}, "(64, 16)": {"explain_plan": {"Plan": {"Node Type": "Sort", "Startup Cost": 2117504.41, "Total Cost": 2117504.48, "Plan Rows": 25, "Plan Width": 50, "Sort Key": ["(sum((lineitem.l_extendedprice * (1::double precision - lineitem.l_discount)))) DESC"], "Plans": [{"Node Type": "Aggregate", "Strategy": "Hashed", "Parent Relationship": "Outer", "Startup Cost": 2117503.58, "Total Cost": 2117503.83, "Plan Rows": 25, "Plan Width": 50, "Group By Key": ["nation.n_name"], "Plans": [{"Node Type": "Merge Join", "Parent Relationship": "Outer", "Join Type": "Inner", "Startup Cost": 2090449.42, "Total Cost": 2117409.68, "Plan Rows": 9390, "Plan Width": 42, "Inner Unique": false, "Merge Cond": "(supplier.s_suppkey = lineitem.l_suppkey)", "Join Filter": "(customer.c_nationkey = supplier.s_nationkey)", "Plans": [{"Node Type": "Index Scan", "Parent Relationship": "Outer", "Scan Direction": "Forward", "Index Name": "supplier_pkey", "Relation Name": "supplier", "Alias": "supplier", "Startup Cost": 0.0, "Total Cost": 5334.54, "Plan Rows": 100000, "Plan Width": 12}, {"Node Type": "Sort", "Parent Relationship": "Inner", "Startup Cost": 2090447.59, "Total Cost": 2099669.96, "Plan Rows": 3688948, "Plan Width": 58, "Sort Key": ["lineitem.l_suppkey"], "Plans": [{"Node Type": "Nested Loop", "Parent Relationship": "Outer", "Join Type": "Inner", "Startup Cost": 1030.37, "Total Cost": 1688079.68, "Plan Rows": 3688948, "Plan Width": 58, "Inner Unique": false, "Plans": [{"Node Type": "Nested Loop", "Parent Relationship": "Outer", "Join Type": "Inner", "Startup Cost": 1030.37, "Total Cost": 412285.27, "Plan Rows": 406290, "Plan Width": 42, "Inner Unique": false, "Plans": [{"Node Type": "Nested Loop", "Parent Relationship": "Outer", "Join Type": "Inner", "Startup Cost": 1030.37, "Total Cost": 37176.47, "Plan Rows": 300000, "Plan Width": 42, "Inner Unique": false, "Plans": [{"Node Type": "Nested Loop", "Parent Relationship": "Outer", "Join Type": "Inner", "Startup Cost": 0.0, "Total Cost": 14.06, "Plan Rows": 5, "Plan Width": 30, "Inner Unique": true, "Join Filter": "(nation.n_regionkey = region.r_regionkey)", "Plans": [{"Node Type": "Index Scan", "Parent Relationship": "Outer", "Scan Direction": "Forward", "Index Name": "nation_pkey", "Relation Name": "nation", "Alias": "nation", "Startup Cost": 0.0, "Total Cost": 12.62, "Plan Rows": 25, "Plan Width": 34}, {"Node Type": "Materialize", "Parent Relationship": "Inner", "Startup Cost": 0.0, "Total Cost": 1.07, "Plan Rows": 1, "Plan Width": 4, "Plans": [{"Node Type": "Seq Scan", "Parent Relationship": "Outer", "Relation Name": "region", "Alias": "region", "Startup Cost": 0.0, "Total Cost": 1.06, "Plan Rows": 1, "Plan Width": 4, "Filter": "(r_name = 'MIDDLE EAST'::bpchar)"}]}]}, {"Node Type": "Bitmap Heap Scan", "Parent Relationship": "Inner", "Relation Name": "customer", "Alias": "customer", "Startup Cost": 1030.37, "Total Cost": 6832.48, "Plan Rows": 60000, "Plan Width": 12, "Recheck Cond": "(c_nationkey = nation.n_nationkey)", "Plans": [{"Node Type": "Bitmap Index Scan", "Parent Relationship": "Outer", "Index Name": "idx_customer_nationkey", "Startup Cost": 0.0, "Total Cost": 1015.37, "Plan Rows": 60000, "Plan Width": 0, "Index Cond": "(c_nationkey = nation.n_nationkey)"}]}]}, {"Node Type": "Index Scan", "Parent Relationship": "Inner", "Scan Direction": "Forward", "Index Name": "idx_orders_custkey", "Relation Name": "orders", "Alias": "orders", "Startup Cost": 0.0, "Total Cost": 1.24, "Plan Rows": 1, "Plan Width": 16, "Index Cond": "(o_custkey = customer.c_custkey)", "Filter": "((o_orderdate >= '1994-01-01 00:00:00'::timestamp(0) without time zone) AND (o_orderdate < '1995-01-01 00:00:00'::timestamp without time zone))"}]}, {"Node Type": "Index Scan", "Parent Relationship": "Inner", "Scan Direction": "Forward", "Index Name": "idx_lineitem_orderkey", "Relation Name": "lineitem", "Alias": "lineitem", "Startup Cost": 0.0, "Total Cost": 3.05, "Plan Rows": 9, "Plan Width": 32, "Index Cond": "(l_orderkey = orders.o_orderkey)"}]}]}]}]}]}, "Unique SQL Id": 1392561963}, "explain_analyze_plan": {"Plan": {"Node Type": "Sort", "Startup Cost": 2117504.41, "Total Cost": 2117504.48, "Plan Rows": 25, "Plan Width": 50, "Actual Startup Time": 17017.027, "Actual Total Time": 17017.027, "Actual Rows": 5, "Actual Loops": 1, "Sort Key": ["(sum((lineitem.l_extendedprice * (1::double precision - lineitem.l_discount)))) DESC"], "Sort Method": "quicksort", "Sort Space Used": 25, "Sort Space Type": "Memory", "Plans": [{"Node Type": "Aggregate", "Strategy": "Hashed", "Parent Relationship": "Outer", "Startup Cost": 2117503.58, "Total Cost": 2117503.83, "Plan Rows": 25, "Plan Width": 50, "Actual Startup Time": 17016.996, "Actual Total Time": 17016.997, "Actual Rows": 5, "Actual Loops": 1, "Group By Key": ["nation.n_name"], "Plans": [{"Node Type": "Merge Join", "Parent Relationship": "Outer", "Join Type": "Inner", "Startup Cost": 2090449.42, "Total Cost": 2117409.68, "Plan Rows": 9390, "Plan Width": 42, "Actual Startup Time": 15930.585, "Actual Total Time": 16968.188, "Actual Rows": 72985, "Actual Loops": 1, "Inner Unique": false, "Merge Cond": "(supplier.s_suppkey = lineitem.l_suppkey)", "Join Filter": "(customer.c_nationkey = supplier.s_nationkey)", "Rows Removed by Join Filter": 0, "Plans": [{"Node Type": "Index Scan", "Parent Relationship": "Outer", "Scan Direction": "Forward", "Index Name": "supplier_pkey", "Relation Name": "supplier", "Alias": "supplier", "Startup Cost": 0.0, "Total Cost": 5334.54, "Plan Rows": 100000, "Plan Width": 12, "Actual Startup Time": 0.022, "Actual Total Time": 62.861, "Actual Rows": 100000, "Actual Loops": 1}, {"Node Type": "Sort", "Parent Relationship": "Inner", "Startup Cost": 2090447.59, "Total Cost": 2099669.96, "Plan Rows": 3688948, "Plan Width": 58, "Actual Startup Time": 15929.582, "Actual Total Time": 16369.522, "Actual Rows": 1815222, "Actual Loops": 1, "Sort Key": ["lineitem.l_suppkey"], "Sort Method": "quicksort", "Sort Space Used": 332781, "Sort Space Type": "Memory", "Plans": [{"Node Type": "Nested Loop", "Parent Relationship": "Outer", "Join Type": "Inner", "Startup Cost": 1030.37, "Total Cost": 1688079.68, "Plan Rows": 3688948, "Plan Width": 58, "Actual Startup Time": 17.851, "Actual Total Time": 15073.745, "Actual Rows": 1815222, "Actual Loops": 1, "Inner Unique": false, "Plans": [{"Node Type": "Nested Loop", "Parent Relationship": "Outer", "Join Type": "Inner", "Startup Cost": 1030.37, "Total Cost": 412285.27, "Plan Rows": 406290, "Plan Width": 42, "Actual Startup Time": 17.829, "Actual Total Time": 9210.924, "Actual Rows": 454183, "Actual Loops": 1, "Inner Unique": false, "Plans": [{"Node Type": "Nested Loop", "Parent Relationship": "Outer", "Join Type": "Inner", "Startup Cost": 1030.37, "Total Cost": 37176.47, "Plan Rows": 300000, "Plan Width": 42, "Actual Startup Time": 17.75, "Actual Total Time": 647.61, "Actual Rows": 299838, "Actual Loops": 1, "Inner Unique": false, "Plans": [{"Node Type": "Nested Loop", "Parent Relationship": "Outer", "Join Type": "Inner", "Startup Cost": 0.0, "Total Cost": 14.06, "Plan Rows": 5, "Plan Width": 30, "Actual Startup Time": 0.037, "Actual Total Time": 0.124, "Actual Rows": 5, "Actual Loops": 1, "Inner Unique": true, "Join Filter": "(nation.n_regionkey = region.r_regionkey)", "Rows Removed by Join Filter": 20, "Plans": [{"Node Type": "Index Scan", "Parent Relationship": "Outer", "Scan Direction": "Forward", "Index Name": "nation_pkey", "Relation Name": "nation", "Alias": "nation", "Startup Cost": 0.0, "Total Cost": 12.62, "Plan Rows": 25, "Plan Width": 34, "Actual Startup Time": 0.004, "Actual Total Time": 0.039, "Actual Rows": 25, "Actual Loops": 1}, {"Node Type": "Materialize", "Parent Relationship": "Inner", "Startup Cost": 0.0, "Total Cost": 1.07, "Plan Rows": 1, "Plan Width": 4, "Actual Startup Time": 0.029, "Actual Total Time": 0.035, "Actual Rows": 25, "Actual Loops": 25, "Plans": [{"Node Type": "Seq Scan", "Parent Relationship": "Outer", "Relation Name": "region", "Alias": "region", "Startup Cost": 0.0, "Total Cost": 1.06, "Plan Rows": 1, "Plan Width": 4, "Actual Startup Time": 0.014, "Actual Total Time": 0.016, "Actual Rows": 1, "Actual Loops": 1, "Filter": "(r_name = 'MIDDLE EAST'::bpchar)", "Rows Removed by Filter": 4}]}]}, {"Node Type": "Bitmap Heap Scan", "Parent Relationship": "Inner", "Relation Name": "customer", "Alias": "customer", "Startup Cost": 1030.37, "Total Cost": 6832.48, "Plan Rows": 60000, "Plan Width": 12, "Actual Startup Time": 93.67, "Actual Total Time": 571.214, "Actual Rows": 299838, "Actual Loops": 5, "Recheck Cond": "(c_nationkey = nation.n_nationkey)", "Rows Removed by Index Recheck": 0, "Exact Heap Blocks": 150033, "Lossy Heap Blocks": 150033, "Plans": [{"Node Type": "Bitmap Index Scan", "Parent Relationship": "Outer", "Index Name": "idx_customer_nationkey", "Startup Cost": 0.0, "Total Cost": 1015.37, "Plan Rows": 60000, "Plan Width": 0, "Actual Startup Time": 60.747, "Actual Total Time": 60.747, "Actual Rows": 299838, "Actual Loops": 5, "Index Cond": "(c_nationkey = nation.n_nationkey)"}]}]}, {"Node Type": "Index Scan", "Parent Relationship": "Inner", "Scan Direction": "Forward", "Index Name": "idx_orders_custkey", "Relation Name": "orders", "Alias": "orders", "Startup Cost": 0.0, "Total Cost": 1.24, "Plan Rows": 1, "Plan Width": 16, "Actual Startup Time": 3924.976, "Actual Total Time": 8296.546, "Actual Rows": 454183, "Actual Loops": 299838, "Index Cond": "(o_custkey = customer.c_custkey)", "Rows Removed by Index Recheck": 0, "Filter": "((o_orderdate >= '1994-01-01 00:00:00'::timestamp(0) without time zone) AND (o_orderdate < '1995-01-01 00:00:00'::timestamp without time zone))", "Rows Removed by Filter": 2542535}]}, {"Node Type": "Index Scan", "Parent Relationship": "Inner", "Scan Direction": "Forward", "Index Name": "idx_lineitem_orderkey", "Relation Name": "lineitem", "Alias": "lineitem", "Startup Cost": 0.0, "Total Cost": 3.05, "Plan Rows": 9, "Plan Width": 32, "Actual Startup Time": 4231.244, "Actual Total Time": 5218.702, "Actual Rows": 1815222, "Actual Loops": 454183, "Index Cond": "(l_orderkey = orders.o_orderkey)", "Rows Removed by Index Recheck": 0}]}]}]}]}]}, "Triggers": [], "Planner Runtime": 8.285, "Total Runtime": 17017.486, "Unique SQL Id": 1392561963}}, "(64, 17)": {"explain_plan": {"Plan": {"Node Type": "Sort", "Startup Cost": 2117924.29, "Total Cost": 2117924.35, "Plan Rows": 25, "Plan Width": 50, "Sort Key": ["(sum((lineitem.l_extendedprice * (1::double precision - lineitem.l_discount)))) DESC"], "Plans": [{"Node Type": "Aggregate", "Strategy": "Hashed", "Parent Relationship": "Outer", "Startup Cost": 2117923.46, "Total Cost": 2117923.71, "Plan Rows": 25, "Plan Width": 50, "Group By Key": ["nation.n_name"], "Plans": [{"Node Type": "Merge Join", "Parent Relationship": "Outer", "Join Type": "Inner", "Startup Cost": 2090460.7, "Total Cost": 2117829.56, "Plan Rows": 9390, "Plan Width": 42, "Inner Unique": false, "Merge Cond": "(supplier.s_suppkey = lineitem.l_suppkey)", "Join Filter": "(customer.c_nationkey = supplier.s_nationkey)", "Plans": [{"Node Type": "Index Scan", "Parent Relationship": "Outer", "Scan Direction": "Forward", "Index Name": "supplier_pkey", "Relation Name": "supplier", "Alias": "supplier", "Startup Cost": 0.0, "Total Cost": 5334.54, "Plan Rows": 100000, "Plan Width": 12}, {"Node Type": "Sort", "Parent Relationship": "Inner", "Startup Cost": 2090458.87, "Total Cost": 2099681.24, "Plan Rows": 3688948, "Plan Width": 58, "Sort Key": ["lineitem.l_suppkey"], "Plans": [{"Node Type": "Nested Loop", "Parent Relationship": "Outer", "Join Type": "Inner", "Startup Cost": 1030.37, "Total Cost": 1688090.96, "Plan Rows": 3688948, "Plan Width": 58, "Inner Unique": false, "Plans": [{"Node Type": "Nested Loop", "Parent Relationship": "Outer", "Join Type": "Inner", "Startup Cost": 1030.37, "Total Cost": 412296.55, "Plan Rows": 406290, "Plan Width": 42, "Inner Unique": false, "Plans": [{"Node Type": "Nested Loop", "Parent Relationship": "Outer", "Join Type": "Inner", "Startup Cost": 1030.37, "Total Cost": 37187.75, "Plan Rows": 300000, "Plan Width": 42, "Inner Unique": false, "Plans": [{"Node Type": "Nested Loop", "Parent Relationship": "Outer", "Join Type": "Inner", "Startup Cost": 0.0, "Total Cost": 25.34, "Plan Rows": 5, "Plan Width": 30, "Inner Unique": true, "Join Filter": "(nation.n_regionkey = region.r_regionkey)", "Plans": [{"Node Type": "Index Scan", "Parent Relationship": "Outer", "Scan Direction": "Forward", "Index Name": "nation_pkey", "Relation Name": "nation", "Alias": "nation", "Startup Cost": 0.0, "Total Cost": 12.62, "Plan Rows": 25, "Plan Width": 34}, {"Node Type": "Materialize", "Parent Relationship": "Inner", "Startup Cost": 0.0, "Total Cost": 12.34, "Plan Rows": 1, "Plan Width": 4, "Plans": [{"Node Type": "Index Scan", "Parent Relationship": "Outer", "Scan Direction": "Forward", "Index Name": "region_pkey", "Relation Name": "region", "Alias": "region", "Startup Cost": 0.0, "Total Cost": 12.34, "Plan Rows": 1, "Plan Width": 4, "Filter": "(r_name = 'MIDDLE EAST'::bpchar)"}]}]}, {"Node Type": "Bitmap Heap Scan", "Parent Relationship": "Inner", "Relation Name": "customer", "Alias": "customer", "Startup Cost": 1030.37, "Total Cost": 6832.48, "Plan Rows": 60000, "Plan Width": 12, "Recheck Cond": "(c_nationkey = nation.n_nationkey)", "Plans": [{"Node Type": "Bitmap Index Scan", "Parent Relationship": "Outer", "Index Name": "idx_customer_nationkey", "Startup Cost": 0.0, "Total Cost": 1015.37, "Plan Rows": 60000, "Plan Width": 0, "Index Cond": "(c_nationkey = nation.n_nationkey)"}]}]}, {"Node Type": "Index Scan", "Parent Relationship": "Inner", "Scan Direction": "Forward", "Index Name": "idx_orders_custkey", "Relation Name": "orders", "Alias": "orders", "Startup Cost": 0.0, "Total Cost": 1.24, "Plan Rows": 1, "Plan Width": 16, "Index Cond": "(o_custkey = customer.c_custkey)", "Filter": "((o_orderdate >= '1994-01-01 00:00:00'::timestamp(0) without time zone) AND (o_orderdate < '1995-01-01 00:00:00'::timestamp without time zone))"}]}, {"Node Type": "Index Scan", "Parent Relationship": "Inner", "Scan Direction": "Forward", "Index Name": "idx_lineitem_orderkey", "Relation Name": "lineitem", "Alias": "lineitem", "Startup Cost": 0.0, "Total Cost": 3.05, "Plan Rows": 9, "Plan Width": 32, "Index Cond": "(l_orderkey = orders.o_orderkey)"}]}]}]}]}]}, "Unique SQL Id": 1392561963}, "explain_analyze_plan": {"Plan": {"Node Type": "Sort", "Startup Cost": 2117924.29, "Total Cost": 2117924.35, "Plan Rows": 25, "Plan Width": 50, "Actual Startup Time": 16581.61, "Actual Total Time": 16581.611, "Actual Rows": 5, "Actual Loops": 1, "Sort Key": ["(sum((lineitem.l_extendedprice * (1::double precision - lineitem.l_discount)))) DESC"], "Sort Method": "quicksort", "Sort Space Used": 25, "Sort Space Type": "Memory", "Plans": [{"Node Type": "Aggregate", "Strategy": "Hashed", "Parent Relationship": "Outer", "Startup Cost": 2117923.46, "Total Cost": 2117923.71, "Plan Rows": 25, "Plan Width": 50, "Actual Startup Time": 16581.581, "Actual Total Time": 16581.582, "Actual Rows": 5, "Actual Loops": 1, "Group By Key": ["nation.n_name"], "Plans": [{"Node Type": "Merge Join", "Parent Relationship": "Outer", "Join Type": "Inner", "Startup Cost": 2090460.7, "Total Cost": 2117829.56, "Plan Rows": 9390, "Plan Width": 42, "Actual Startup Time": 15535.393, "Actual Total Time": 16531.817, "Actual Rows": 72985, "Actual Loops": 1, "Inner Unique": false, "Merge Cond": "(supplier.s_suppkey = lineitem.l_suppkey)", "Join Filter": "(customer.c_nationkey = supplier.s_nationkey)", "Rows Removed by Join Filter": 0, "Plans": [{"Node Type": "Index Scan", "Parent Relationship": "Outer", "Scan Direction": "Forward", "Index Name": "supplier_pkey", "Relation Name": "supplier", "Alias": "supplier", "Startup Cost": 0.0, "Total Cost": 5334.54, "Plan Rows": 100000, "Plan Width": 12, "Actual Startup Time": 0.026, "Actual Total Time": 59.458, "Actual Rows": 100000, "Actual Loops": 1}, {"Node Type": "Sort", "Parent Relationship": "Inner", "Startup Cost": 2090458.87, "Total Cost": 2099681.24, "Plan Rows": 3688948, "Plan Width": 58, "Actual Startup Time": 15535.184, "Actual Total Time": 15935.799, "Actual Rows": 1815222, "Actual Loops": 1, "Sort Key": ["lineitem.l_suppkey"], "Sort Method": "quicksort", "Sort Space Used": 332781, "Sort Space Type": "Memory", "Plans": [{"Node Type": "Nested Loop", "Parent Relationship": "Outer", "Join Type": "Inner", "Startup Cost": 1030.37, "Total Cost": 1688090.96, "Plan Rows": 3688948, "Plan Width": 58, "Actual Startup Time": 17.87, "Actual Total Time": 14670.206, "Actual Rows": 1815222, "Actual Loops": 1, "Inner Unique": false, "Plans": [{"Node Type": "Nested Loop", "Parent Relationship": "Outer", "Join Type": "Inner", "Startup Cost": 1030.37, "Total Cost": 412296.55, "Plan Rows": 406290, "Plan Width": 42, "Actual Startup Time": 17.851, "Actual Total Time": 8866.161, "Actual Rows": 454183, "Actual Loops": 1, "Inner Unique": false, "Plans": [{"Node Type": "Nested Loop", "Parent Relationship": "Outer", "Join Type": "Inner", "Startup Cost": 1030.37, "Total Cost": 37187.75, "Plan Rows": 300000, "Plan Width": 42, "Actual Startup Time": 17.782, "Actual Total Time": 617.418, "Actual Rows": 299838, "Actual Loops": 1, "Inner Unique": false, "Plans": [{"Node Type": "Nested Loop", "Parent Relationship": "Outer", "Join Type": "Inner", "Startup Cost": 0.0, "Total Cost": 25.34, "Plan Rows": 5, "Plan Width": 30, "Actual Startup Time": 0.034, "Actual Total Time": 0.112, "Actual Rows": 5, "Actual Loops": 1, "Inner Unique": true, "Join Filter": "(nation.n_regionkey = region.r_regionkey)", "Rows Removed by Join Filter": 20, "Plans": [{"Node Type": "Index Scan", "Parent Relationship": "Outer", "Scan Direction": "Forward", "Index Name": "nation_pkey", "Relation Name": "nation", "Alias": "nation", "Startup Cost": 0.0, "Total Cost": 12.62, "Plan Rows": 25, "Plan Width": 34, "Actual Startup Time": 0.003, "Actual Total Time": 0.03, "Actual Rows": 25, "Actual Loops": 1}, {"Node Type": "Materialize", "Parent Relationship": "Inner", "Startup Cost": 0.0, "Total Cost": 12.34, "Plan Rows": 1, "Plan Width": 4, "Actual Startup Time": 0.034, "Actual Total Time": 0.036, "Actual Rows": 25, "Actual Loops": 25, "Plans": [{"Node Type": "Index Scan", "Parent Relationship": "Outer", "Scan Direction": "Forward", "Index Name": "region_pkey", "Relation Name": "region", "Alias": "region", "Startup Cost": 0.0, "Total Cost": 12.34, "Plan Rows": 1, "Plan Width": 4, "Actual Startup Time": 0.011, "Actual Total Time": 0.012, "Actual Rows": 1, "Actual Loops": 1, "Filter": "(r_name = 'MIDDLE EAST'::bpchar)", "Rows Removed by Filter": 4}]}]}, {"Node Type": "Bitmap Heap Scan", "Parent Relationship": "Inner", "Relation Name": "customer", "Alias": "customer", "Startup Cost": 1030.37, "Total Cost": 6832.48, "Plan Rows": 60000, "Plan Width": 12, "Actual Startup Time": 89.554, "Actual Total Time": 541.236, "Actual Rows": 299838, "Actual Loops": 5, "Recheck Cond": "(c_nationkey = nation.n_nationkey)", "Rows Removed by Index Recheck": 0, "Exact Heap Blocks": 150033, "Lossy Heap Blocks": 150033, "Plans": [{"Node Type": "Bitmap Index Scan", "Parent Relationship": "Outer", "Index Name": "idx_customer_nationkey", "Startup Cost": 0.0, "Total Cost": 1015.37, "Plan Rows": 60000, "Plan Width": 0, "Actual Startup Time": 56.531, "Actual Total Time": 56.531, "Actual Rows": 299838, "Actual Loops": 5, "Index Cond": "(c_nationkey = nation.n_nationkey)"}]}]}, {"Node Type": "Index Scan", "Parent Relationship": "Inner", "Scan Direction": "Forward", "Index Name": "idx_orders_custkey", "Relation Name": "orders", "Alias": "orders", "Startup Cost": 0.0, "Total Cost": 1.24, "Plan Rows": 1, "Plan Width": 16, "Actual Startup Time": 3775.076, "Actual Total Time": 7981.595, "Actual Rows": 454183, "Actual Loops": 299838, "Index Cond": "(o_custkey = customer.c_custkey)", "Rows Removed by Index Recheck": 0, "Filter": "((o_orderdate >= '1994-01-01 00:00:00'::timestamp(0) without time zone) AND (o_orderdate < '1995-01-01 00:00:00'::timestamp without time zone))", "Rows Removed by Filter": 2542535}]}, {"Node Type": "Index Scan", "Parent Relationship": "Inner", "Scan Direction": "Forward", "Index Name": "idx_lineitem_orderkey", "Relation Name": "lineitem", "Alias": "lineitem", "Startup Cost": 0.0, "Total Cost": 3.05, "Plan Rows": 9, "Plan Width": 32, "Actual Startup Time": 4151.363, "Actual Total Time": 5151.594, "Actual Rows": 1815222, "Actual Loops": 454183, "Index Cond": "(l_orderkey = orders.o_orderkey)", "Rows Removed by Index Recheck": 0}]}]}]}]}]}, "Triggers": [], "Planner Runtime": 7.847, "Total Runtime": 16582.014, "Unique SQL Id": 1392561963}}, "(64, 18)": {"explain_plan": {"Plan": {"Node Type": "Sort", "Startup Cost": 3136047.23, "Total Cost": 3136047.29, "Plan Rows": 25, "Plan Width": 50, "Sort Key": ["(sum((lineitem.l_extendedprice * (1::double precision - lineitem.l_discount)))) DESC"], "Plans": [{"Node Type": "Aggregate", "Strategy": "Hashed", "Parent Relationship": "Outer", "Startup Cost": 3136046.4, "Total Cost": 3136046.65, "Plan Rows": 25, "Plan Width": 50, "Group By Key": ["nation.n_name"], "Plans": [{"Node Type": "Merge Join", "Parent Relationship": "Outer", "Join Type": "Inner", "Startup Cost": 3107433.9, "Total Cost": 3135952.5, "Plan Rows": 9390, "Plan Width": 42, "Inner Unique": true, "Merge Cond": "((lineitem.l_suppkey = supplier.s_suppkey) AND (customer.c_nationkey = supplier.s_nationkey))", "Plans": [{"Node Type": "Sort", "Parent Relationship": "Outer", "Startup Cost": 3095843.33, "Total Cost": 3105065.7, "Plan Rows": 3688948, "Plan Width": 58, "Sort Key": ["lineitem.l_suppkey", "customer.c_nationkey"], "Plans": [{"Node Type": "Nested Loop", "Parent Relationship": "Outer", "Join Type": "Inner", "Startup Cost": 674436.55, "Total Cost": 2693475.42, "Plan Rows": 3688948, "Plan Width": 58, "Inner Unique": false, "Plans": [{"Node Type": "Merge Join", "Parent Relationship": "Outer", "Join Type": "Inner", "Startup Cost": 674435.82, "Total Cost": 691407.1, "Plan Rows": 406290, "Plan Width": 42, "Inner Unique": false, "Merge Cond": "(customer.c_custkey = orders.o_custkey)", "Plans": [{"Node Type": "Sort", "Parent Relationship": "Outer", "Startup Cost": 64456.94, "Total Cost": 65206.94, "Plan Rows": 300000, "Plan Width": 42, "Sort Key": ["customer.c_custkey"], "Plans": [{"Node Type": "Nested Loop", "Parent Relationship": "Outer", "Join Type": "Inner", "Startup Cost": 1030.37, "Total Cost": 37165.03, "Plan Rows": 300000, "Plan Width": 42, "Inner Unique": false, "Plans": [{"Node Type": "Nested Loop", "Parent Relationship": "Outer", "Join Type": "Inner", "Startup Cost": 0.0, "Total Cost": 2.62, "Plan Rows": 5, "Plan Width": 30, "Inner Unique": false, "Join Filter": "(nation.n_regionkey = region.r_regionkey)", "Plans": [{"Node Type": "Seq Scan", "Parent Relationship": "Outer", "Relation Name": "region", "Alias": "region", "Startup Cost": 0.0, "Total Cost": 1.06, "Plan Rows": 1, "Plan Width": 4, "Filter": "(r_name = 'MIDDLE EAST'::bpchar)"}, {"Node Type": "Seq Scan", "Parent Relationship": "Inner", "Relation Name": "nation", "Alias": "nation", "Startup Cost": 0.0, "Total Cost": 1.25, "Plan Rows": 25, "Plan Width": 34}]}, {"Node Type": "Bitmap Heap Scan", "Parent Relationship": "Inner", "Relation Name": "customer", "Alias": "customer", "Startup Cost": 1030.37, "Total Cost": 6832.48, "Plan Rows": 60000, "Plan Width": 12, "Recheck Cond": "(c_nationkey = nation.n_nationkey)", "Plans": [{"Node Type": "Bitmap Index Scan", "Parent Relationship": "Outer", "Index Name": "idx_customer_nationkey", "Startup Cost": 0.0, "Total Cost": 1015.37, "Plan Rows": 60000, "Plan Width": 0, "Index Cond": "(c_nationkey = nation.n_nationkey)"}]}]}]}, {"Node Type": "Sort", "Parent Relationship": "Inner", "Startup Cost": 609978.84, "Total Cost": 615683.24, "Plan Rows": 2281758, "Plan Width": 16, "Sort Key": ["orders.o_custkey"], "Plans": [{"Node Type": "Bitmap Heap Scan", "Parent Relationship": "Outer", "Relation Name": "orders", "Alias": "orders", "Startup Cost": 58360.27, "Total Cost": 369005.64, "Plan Rows": 2281758, "Plan Width": 16, "Recheck Cond": "((o_orderdate >= '1994-01-01 00:00:00'::timestamp(0) without time zone) AND (o_orderdate < '1995-01-01 00:00:00'::timestamp without time zone)), (LLVM Optimized)", "Plans": [{"Node Type": "Bitmap Index Scan", "Parent Relationship": "Outer", "Index Name": "idx_orders_orderdate", "Startup Cost": 0.0, "Total Cost": 57789.83, "Plan Rows": 2281758, "Plan Width": 0, "Index Cond": "((o_orderdate >= '1994-01-01 00:00:00'::timestamp(0) without time zone) AND (o_orderdate < '1995-01-01 00:00:00'::timestamp without time zone))"}]}]}]}, {"Node Type": "Bitmap Heap Scan", "Parent Relationship": "Inner", "Relation Name": "lineitem", "Alias": "lineitem", "Startup Cost": 0.73, "Total Cost": 4.84, "Plan Rows": 9, "Plan Width": 32, "Recheck Cond": "(l_orderkey = orders.o_orderkey)", "Plans": [{"Node Type": "Bitmap Index Scan", "Parent Relationship": "Outer", "Index Name": "idx_lineitem_orderkey", "Startup Cost": 0.0, "Total Cost": 0.72, "Plan Rows": 9, "Plan Width": 0, "Index Cond": "(l_orderkey = orders.o_orderkey)"}]}]}]}, {"Node Type": "Sort", "Parent Relationship": "Inner", "Startup Cost": 11587.82, "Total Cost": 11837.82, "Plan Rows": 100000, "Plan Width": 12, "Sort Key": ["supplier.s_suppkey", "supplier.s_nationkey"], "Plans": [{"Node Type": "Seq Scan", "Parent Relationship": "Outer", "Relation Name": "supplier", "Alias": "supplier", "Startup Cost": 0.0, "Total Cost": 3283.0, "Plan Rows": 100000, "Plan Width": 12}]}]}]}]}, "Unique SQL Id": 1392561963}, "explain_analyze_plan": {"Plan": {"Node Type": "Sort", "Startup Cost": 3136047.23, "Total Cost": 3136047.29, "Plan Rows": 25, "Plan Width": 50, "Actual Startup Time": 13363.862, "Actual Total Time": 13363.863, "Actual Rows": 5, "Actual Loops": 1, "Sort Key": ["(sum((lineitem.l_extendedprice * (1::double precision - lineitem.l_discount)))) DESC"], "Sort Method": "quicksort", "Sort Space Used": 25, "Sort Space Type": "Memory", "Plans": [{"Node Type": "Aggregate", "Strategy": "Hashed", "Parent Relationship": "Outer", "Startup Cost": 3136046.4, "Total Cost": 3136046.65, "Plan Rows": 25, "Plan Width": 50, "Actual Startup Time": 13363.831, "Actual Total Time": 13363.832, "Actual Rows": 5, "Actual Loops": 1, "Group By Key": ["nation.n_name"], "Plans": [{"Node Type": "Merge Join", "Parent Relationship": "Outer", "Join Type": "Inner", "Startup Cost": 3107433.9, "Total Cost": 3135952.5, "Plan Rows": 9390, "Plan Width": 42, "Actual Startup Time": 12637.376, "Actual Total Time": 13315.871, "Actual Rows": 72985, "Actual Loops": 1, "Inner Unique": true, "Merge Cond": "((lineitem.l_suppkey = supplier.s_suppkey) AND (customer.c_nationkey = supplier.s_nationkey))", "Plans": [{"Node Type": "Sort", "Parent Relationship": "Outer", "Startup Cost": 3095843.33, "Total Cost": 3105065.7, "Plan Rows": 3688948, "Plan Width": 58, "Actual Startup Time": 12566.31, "Actual Total Time": 12926.653, "Actual Rows": 1815212, "Actual Loops": 1, "Sort Key": ["lineitem.l_suppkey", "customer.c_nationkey"], "Sort Method": "quicksort", "Sort Space Used": 332781, "Sort Space Type": "Memory", "Plans": [{"Node Type": "Nested Loop", "Parent Relationship": "Outer", "Join Type": "Inner", "Startup Cost": 674436.55, "Total Cost": 2693475.42, "Plan Rows": 3688948, "Plan Width": 58, "Actual Startup Time": 3922.846, "Actual Total Time": 11198.388, "Actual Rows": 1815222, "Actual Loops": 1, "Inner Unique": false, "Plans": [{"Node Type": "Merge Join", "Parent Relationship": "Outer", "Join Type": "Inner", "Startup Cost": 674435.82, "Total Cost": 691407.1, "Plan Rows": 406290, "Plan Width": 42, "Actual Startup Time": 3922.771, "Actual Total Time": 5052.349, "Actual Rows": 454183, "Actual Loops": 1, "Inner Unique": false, "Merge Cond": "(customer.c_custkey = orders.o_custkey)", "Plans": [{"Node Type": "Sort", "Parent Relationship": "Outer", "Startup Cost": 64456.94, "Total Cost": 65206.94, "Plan Rows": 300000, "Plan Width": 42, "Actual Startup Time": 629.069, "Actual Total Time": 679.805, "Actual Rows": 299838, "Actual Loops": 1, "Sort Key": ["customer.c_custkey"], "Sort Method": "quicksort", "Sort Space Used": 59138, "Sort Space Type": "Memory", "Plans": [{"Node Type": "Nested Loop", "Parent Relationship": "Outer", "Join Type": "Inner", "Startup Cost": 1030.37, "Total Cost": 37165.03, "Plan Rows": 300000, "Plan Width": 42, "Actual Startup Time": 17.917, "Actual Total Time": 510.783, "Actual Rows": 299838, "Actual Loops": 1, "Inner Unique": false, "Plans": [{"Node Type": "Nested Loop", "Parent Relationship": "Outer", "Join Type": "Inner", "Startup Cost": 0.0, "Total Cost": 2.62, "Plan Rows": 5, "Plan Width": 30, "Actual Startup Time": 0.037, "Actual Total Time": 0.084, "Actual Rows": 5, "Actual Loops": 1, "Inner Unique": false, "Join Filter": "(nation.n_regionkey = region.r_regionkey)", "Rows Removed by Join Filter": 20, "Plans": [{"Node Type": "Seq Scan", "Parent Relationship": "Outer", "Relation Name": "region", "Alias": "region", "Startup Cost": 0.0, "Total Cost": 1.06, "Plan Rows": 1, "Plan Width": 4, "Actual Startup Time": 0.022, "Actual Total Time": 0.023, "Actual Rows": 1, "Actual Loops": 1, "Filter": "(r_name = 'MIDDLE EAST'::bpchar)", "Rows Removed by Filter": 4}, {"Node Type": "Seq Scan", "Parent Relationship": "Inner", "Relation Name": "nation", "Alias": "nation", "Startup Cost": 0.0, "Total Cost": 1.25, "Plan Rows": 25, "Plan Width": 34, "Actual Startup Time": 0.006, "Actual Total Time": 0.024, "Actual Rows": 25, "Actual Loops": 1}]}, {"Node Type": "Bitmap Heap Scan", "Parent Relationship": "Inner", "Relation Name": "customer", "Alias": "customer", "Startup Cost": 1030.37, "Total Cost": 6832.48, "Plan Rows": 60000, "Plan Width": 12, "Actual Startup Time": 88.989, "Actual Total Time": 448.443, "Actual Rows": 299838, "Actual Loops": 5, "Recheck Cond": "(c_nationkey = nation.n_nationkey)", "Rows Removed by Index Recheck": 0, "Exact Heap Blocks": 150033, "Lossy Heap Blocks": 150033, "Plans": [{"Node Type": "Bitmap Index Scan", "Parent Relationship": "Outer", "Index Name": "idx_customer_nationkey", "Startup Cost": 0.0, "Total Cost": 1015.37, "Plan Rows": 60000, "Plan Width": 0, "Actual Startup Time": 56.048, "Actual Total Time": 56.048, "Actual Rows": 299838, "Actual Loops": 5, "Index Cond": "(c_nationkey = nation.n_nationkey)"}]}]}]}, {"Node Type": "Sort", "Parent Relationship": "Inner", "Startup Cost": 609978.84, "Total Cost": 615683.24, "Plan Rows": 2281758, "Plan Width": 16, "Actual Startup Time": 3293.676, "Actual Total Time": 3890.913, "Actual Rows": 2275914, "Actual Loops": 1, "Sort Key": ["orders.o_custkey"], "Sort Method": "quicksort", "Sort Space Used": 311672, "Sort Space Type": "Memory", "Plans": [{"Node Type": "Bitmap Heap Scan", "Parent Relationship": "Outer", "Relation Name": "orders", "Alias": "orders", "Startup Cost": 58360.27, "Total Cost": 369005.64, "Plan Rows": 2281758, "Plan Width": 16, "Actual Startup Time": 646.362, "Actual Total Time": 2347.837, "Actual Rows": 2275919, "Actual Loops": 1, "Recheck Cond": "((o_orderdate >= '1994-01-01 00:00:00'::timestamp(0) without time zone) AND (o_orderdate < '1995-01-01 00:00:00'::timestamp without time zone)), (LLVM Optimized, Jit Execute)", "Rows Removed by Index Recheck": 0, "Exact Heap Blocks": 276381, "Lossy Heap Blocks": 276381, "Plans": [{"Node Type": "Bitmap Index Scan", "Parent Relationship": "Outer", "Index Name": "idx_orders_orderdate", "Startup Cost": 0.0, "Total Cost": 57789.83, "Plan Rows": 2281758, "Plan Width": 0, "Actual Startup Time": 558.136, "Actual Total Time": 558.136, "Actual Rows": 2275919, "Actual Loops": 1, "Index Cond": "((o_orderdate >= '1994-01-01 00:00:00'::timestamp(0) without time zone) AND (o_orderdate < '1995-01-01 00:00:00'::timestamp without time zone))"}]}]}]}, {"Node Type": "Bitmap Heap Scan", "Parent Relationship": "Inner", "Relation Name": "lineitem", "Alias": "lineitem", "Startup Cost": 0.73, "Total Cost": 4.84, "Plan Rows": 9, "Plan Width": 32, "Actual Startup Time": 4910.897, "Actual Total Time": 5227.071, "Actual Rows": 1815222, "Actual Loops": 454183, "Recheck Cond": "(l_orderkey = orders.o_orderkey)", "Rows Removed by Index Recheck": 0, "Exact Heap Blocks": 486530, "Lossy Heap Blocks": 486530, "Plans": [{"Node Type": "Bitmap Index Scan", "Parent Relationship": "Outer", "Index Name": "idx_lineitem_orderkey", "Startup Cost": 0.0, "Total Cost": 0.72, "Plan Rows": 9, "Plan Width": 0, "Actual Startup Time": 2992.615, "Actual Total Time": 2992.615, "Actual Rows": 1815222, "Actual Loops": 454183, "Index Cond": "(l_orderkey = orders.o_orderkey)"}]}]}]}, {"Node Type": "Sort", "Parent Relationship": "Inner", "Startup Cost": 11587.82, "Total Cost": 11837.82, "Plan Rows": 100000, "Plan Width": 12, "Actual Startup Time": 71.004, "Actual Total Time": 82.992, "Actual Rows": 100000, "Actual Loops": 1, "Sort Key": ["supplier.s_suppkey", "supplier.s_nationkey"], "Sort Method": "quicksort", "Sort Space Used": 12448, "Sort Space Type": "Memory", "Plans": [{"Node Type": "Seq Scan", "Parent Relationship": "Outer", "Relation Name": "supplier", "Alias": "supplier", "Startup Cost": 0.0, "Total Cost": 3283.0, "Plan Rows": 100000, "Plan Width": 12, "Actual Startup Time": 0.039, "Actual Total Time": 33.126, "Actual Rows": 100000, "Actual Loops": 1}]}]}]}]}, "Triggers": [], "Planner Runtime": 7.308, "Total Runtime": 13373.545, "Unique SQL Id": 1392561963}}, "(64, 19)": {"explain_plan": {"Plan": {"Node Type": "Sort", "Startup Cost": 46003135.57, "Total Cost": 46003135.63, "Plan Rows": 25, "Plan Width": 50, "Sort Key": ["(sum((lineitem.l_extendedprice * (1::double precision - lineitem.l_discount)))) DESC"], "Plans": [{"Node Type": "Aggregate", "Strategy": "Hashed", "Parent Relationship": "Outer", "Startup Cost": 46003134.74, "Total Cost": 46003134.99, "Plan Rows": 25, "Plan Width": 50, "Group By Key": ["nation.n_name"], "Plans": [{"Node Type": "Nested Loop", "Parent Relationship": "Outer", "Join Type": "Inner", "Startup Cost": 58362.35, "Total Cost": 46003040.84, "Plan Rows": 9390, "Plan Width": 42, "Inner Unique": true, "Join Filter": "(customer.c_nationkey = supplier.s_nationkey)", "Plans": [{"Node Type": "Nested Loop", "Parent Relationship": "Outer", "Join Type": "Inner", "Startup Cost": 58362.1, "Total Cost": 30204103.6, "Plan Rows": 3688948, "Plan Width": 58, "Inner Unique": false, "Plans": [{"Node Type": "Nested Loop", "Parent Relationship": "Outer", "Join Type": "Inner", "Startup Cost": 58361.37, "Total Cost": 28202035.27, "Plan Rows": 406290, "Plan Width": 42, "Inner Unique": true, "Plans": [{"Node Type": "Nested Loop", "Parent Relationship": "Outer", "Join Type": "Inner", "Startup Cost": 58360.79, "Total Cost": 18851769.58, "Plan Rows": 2031452, "Plan Width": 46, "Inner Unique": true, "Plans": [{"Node Type": "Nested Loop", "Parent Relationship": "Outer", "Join Type": "Inner", "Startup Cost": 58360.54, "Total Cost": 10156636.32, "Plan Rows": 2031452, "Plan Width": 12, "Inner Unique": true, "Plans": [{"Node Type": "Bitmap Heap Scan", "Parent Relationship": "Outer", "Relation Name": "orders", "Alias": "orders", "Startup Cost": 58360.27, "Total Cost": 369005.64, "Plan Rows": 2281758, "Plan Width": 16, "Recheck Cond": "((o_orderdate >= '1994-01-01 00:00:00'::timestamp(0) without time zone) AND (o_orderdate < '1995-01-01 00:00:00'::timestamp without time zone)), (LLVM Optimized)", "Plans": [{"Node Type": "Bitmap Index Scan", "Parent Relationship": "Outer", "Index Name": "idx_orders_orderdate", "Startup Cost": 0.0, "Total Cost": 57789.83, "Plan Rows": 2281758, "Plan Width": 0, "Index Cond": "((o_orderdate >= '1994-01-01 00:00:00'::timestamp(0) without time zone) AND (o_orderdate < '1995-01-01 00:00:00'::timestamp without time zone))"}]}, {"Node Type": "Bitmap Heap Scan", "Parent Relationship": "Inner", "Relation Name": "customer", "Alias": "customer", "Startup Cost": 0.27, "Total Cost": 4.28, "Plan Rows": 1, "Plan Width": 12, "Recheck Cond": "(c_custkey = orders.o_custkey)", "Plans": [{"Node Type": "Bitmap Index Scan", "Parent Relationship": "Outer", "Index Name": "customer_pkey", "Startup Cost": 0.0, "Total Cost": 0.27, "Plan Rows": 1, "Plan Width": 0, "Index Cond": "(c_custkey = orders.o_custkey)"}]}]}, {"Node Type": "Bitmap Heap Scan", "Parent Relationship": "Inner", "Relation Name": "nation", "Alias": "nation", "Startup Cost": 0.26, "Total Cost": 4.27, "Plan Rows": 1, "Plan Width": 34, "Recheck Cond": "(n_nationkey = customer.c_nationkey)", "Plans": [{"Node Type": "Bitmap Index Scan", "Parent Relationship": "Outer", "Index Name": "nation_pkey", "Startup Cost": 0.0, "Total Cost": 0.26, "Plan Rows": 1, "Plan Width": 0, "Index Cond": "(n_nationkey = customer.c_nationkey)"}]}]}, {"Node Type": "Bitmap Heap Scan", "Parent Relationship": "Inner", "Relation Name": "region", "Alias": "region", "Startup Cost": 0.58, "Total Cost": 4.59, "Plan Rows": 1, "Plan Width": 4, "Recheck Cond": "(r_regionkey = nation.n_regionkey)", "Filter": "(r_name = 'MIDDLE EAST'::bpchar)", "Plans": [{"Node Type": "Bitmap Index Scan", "Parent Relationship": "Outer", "Index Name": "region_pkey", "Startup Cost": 0.0, "Total Cost": 0.58, "Plan Rows": 1, "Plan Width": 0, "Index Cond": "(r_regionkey = nation.n_regionkey)"}]}]}, {"Node Type": "Bitmap Heap Scan", "Parent Relationship": "Inner", "Relation Name": "lineitem", "Alias": "lineitem", "Startup Cost": 0.73, "Total Cost": 4.84, "Plan Rows": 9, "Plan Width": 32, "Recheck Cond": "(l_orderkey = orders.o_orderkey)", "Plans": [{"Node Type": "Bitmap Index Scan", "Parent Relationship": "Outer", "Index Name": "idx_lineitem_orderkey", "Startup Cost": 0.0, "Total Cost": 0.72, "Plan Rows": 9, "Plan Width": 0, "Index Cond": "(l_orderkey = orders.o_orderkey)"}]}]}, {"Node Type": "Bitmap Heap Scan", "Parent Relationship": "Inner", "Relation Name": "supplier", "Alias": "supplier", "Startup Cost": 0.26, "Total Cost": 4.27, "Plan Rows": 1, "Plan Width": 12, "Recheck Cond": "(s_suppkey = lineitem.l_suppkey)", "Plans": [{"Node Type": "Bitmap Index Scan", "Parent Relationship": "Outer", "Index Name": "supplier_pkey", "Startup Cost": 0.0, "Total Cost": 0.26, "Plan Rows": 1, "Plan Width": 0, "Index Cond": "(s_suppkey = lineitem.l_suppkey)"}]}]}]}]}, "Unique SQL Id": 1392561963}, "explain_analyze_plan": null}, "(64, 20)": {"explain_plan": {"Plan": {"Node Type": "Sort", "Startup Cost": 2117504.41, "Total Cost": 2117504.48, "Plan Rows": 25, "Plan Width": 50, "Sort Key": ["(sum((lineitem.l_extendedprice * (1::double precision - lineitem.l_discount)))) DESC"], "Plans": [{"Node Type": "Aggregate", "Strategy": "Hashed", "Parent Relationship": "Outer", "Startup Cost": 2117503.58, "Total Cost": 2117503.83, "Plan Rows": 25, "Plan Width": 50, "Group By Key": ["nation.n_name"], "Plans": [{"Node Type": "Merge Join", "Parent Relationship": "Outer", "Join Type": "Inner", "Startup Cost": 2090449.42, "Total Cost": 2117409.68, "Plan Rows": 9390, "Plan Width": 42, "Inner Unique": false, "Merge Cond": "(supplier.s_suppkey = lineitem.l_suppkey)", "Join Filter": "(customer.c_nationkey = supplier.s_nationkey)", "Plans": [{"Node Type": "Index Scan", "Parent Relationship": "Outer", "Scan Direction": "Forward", "Index Name": "supplier_pkey", "Relation Name": "supplier", "Alias": "supplier", "Startup Cost": 0.0, "Total Cost": 5334.54, "Plan Rows": 100000, "Plan Width": 12}, {"Node Type": "Sort", "Parent Relationship": "Inner", "Startup Cost": 2090447.59, "Total Cost": 2099669.96, "Plan Rows": 3688948, "Plan Width": 58, "Sort Key": ["lineitem.l_suppkey"], "Plans": [{"Node Type": "Nested Loop", "Parent Relationship": "Outer", "Join Type": "Inner", "Startup Cost": 1030.37, "Total Cost": 1688079.68, "Plan Rows": 3688948, "Plan Width": 58, "Inner Unique": false, "Plans": [{"Node Type": "Nested Loop", "Parent Relationship": "Outer", "Join Type": "Inner", "Startup Cost": 1030.37, "Total Cost": 412285.27, "Plan Rows": 406290, "Plan Width": 42, "Inner Unique": false, "Plans": [{"Node Type": "Nested Loop", "Parent Relationship": "Outer", "Join Type": "Inner", "Startup Cost": 1030.37, "Total Cost": 37176.47, "Plan Rows": 300000, "Plan Width": 42, "Inner Unique": false, "Plans": [{"Node Type": "Nested Loop", "Parent Relationship": "Outer", "Join Type": "Inner", "Startup Cost": 0.0, "Total Cost": 14.06, "Plan Rows": 5, "Plan Width": 30, "Inner Unique": true, "Join Filter": "(nation.n_regionkey = region.r_regionkey)", "Plans": [{"Node Type": "Index Scan", "Parent Relationship": "Outer", "Scan Direction": "Forward", "Index Name": "nation_pkey", "Relation Name": "nation", "Alias": "nation", "Startup Cost": 0.0, "Total Cost": 12.62, "Plan Rows": 25, "Plan Width": 34}, {"Node Type": "Materialize", "Parent Relationship": "Inner", "Startup Cost": 0.0, "Total Cost": 1.07, "Plan Rows": 1, "Plan Width": 4, "Plans": [{"Node Type": "Seq Scan", "Parent Relationship": "Outer", "Relation Name": "region", "Alias": "region", "Startup Cost": 0.0, "Total Cost": 1.06, "Plan Rows": 1, "Plan Width": 4, "Filter": "(r_name = 'MIDDLE EAST'::bpchar)"}]}]}, {"Node Type": "Bitmap Heap Scan", "Parent Relationship": "Inner", "Relation Name": "customer", "Alias": "customer", "Startup Cost": 1030.37, "Total Cost": 6832.48, "Plan Rows": 60000, "Plan Width": 12, "Recheck Cond": "(c_nationkey = nation.n_nationkey)", "Plans": [{"Node Type": "Bitmap Index Scan", "Parent Relationship": "Outer", "Index Name": "idx_customer_nationkey", "Startup Cost": 0.0, "Total Cost": 1015.37, "Plan Rows": 60000, "Plan Width": 0, "Index Cond": "(c_nationkey = nation.n_nationkey)"}]}]}, {"Node Type": "Index Scan", "Parent Relationship": "Inner", "Scan Direction": "Forward", "Index Name": "idx_orders_custkey", "Relation Name": "orders", "Alias": "orders", "Startup Cost": 0.0, "Total Cost": 1.24, "Plan Rows": 1, "Plan Width": 16, "Index Cond": "(o_custkey = customer.c_custkey)", "Filter": "((o_orderdate >= '1994-01-01 00:00:00'::timestamp(0) without time zone) AND (o_orderdate < '1995-01-01 00:00:00'::timestamp without time zone))"}]}, {"Node Type": "Index Scan", "Parent Relationship": "Inner", "Scan Direction": "Forward", "Index Name": "idx_lineitem_orderkey", "Relation Name": "lineitem", "Alias": "lineitem", "Startup Cost": 0.0, "Total Cost": 3.05, "Plan Rows": 9, "Plan Width": 32, "Index Cond": "(l_orderkey = orders.o_orderkey)"}]}]}]}]}]}, "Unique SQL Id": 1392561963}, "explain_analyze_plan": {"Plan": {"Node Type": "Sort", "Startup Cost": 2117504.41, "Total Cost": 2117504.48, "Plan Rows": 25, "Plan Width": 50, "Actual Startup Time": 17017.027, "Actual Total Time": 17017.027, "Actual Rows": 5, "Actual Loops": 1, "Sort Key": ["(sum((lineitem.l_extendedprice * (1::double precision - lineitem.l_discount)))) DESC"], "Sort Method": "quicksort", "Sort Space Used": 25, "Sort Space Type": "Memory", "Plans": [{"Node Type": "Aggregate", "Strategy": "Hashed", "Parent Relationship": "Outer", "Startup Cost": 2117503.58, "Total Cost": 2117503.83, "Plan Rows": 25, "Plan Width": 50, "Actual Startup Time": 17016.996, "Actual Total Time": 17016.997, "Actual Rows": 5, "Actual Loops": 1, "Group By Key": ["nation.n_name"], "Plans": [{"Node Type": "Merge Join", "Parent Relationship": "Outer", "Join Type": "Inner", "Startup Cost": 2090449.42, "Total Cost": 2117409.68, "Plan Rows": 9390, "Plan Width": 42, "Actual Startup Time": 15930.585, "Actual Total Time": 16968.188, "Actual Rows": 72985, "Actual Loops": 1, "Inner Unique": false, "Merge Cond": "(supplier.s_suppkey = lineitem.l_suppkey)", "Join Filter": "(customer.c_nationkey = supplier.s_nationkey)", "Rows Removed by Join Filter": 0, "Plans": [{"Node Type": "Index Scan", "Parent Relationship": "Outer", "Scan Direction": "Forward", "Index Name": "supplier_pkey", "Relation Name": "supplier", "Alias": "supplier", "Startup Cost": 0.0, "Total Cost": 5334.54, "Plan Rows": 100000, "Plan Width": 12, "Actual Startup Time": 0.022, "Actual Total Time": 62.861, "Actual Rows": 100000, "Actual Loops": 1}, {"Node Type": "Sort", "Parent Relationship": "Inner", "Startup Cost": 2090447.59, "Total Cost": 2099669.96, "Plan Rows": 3688948, "Plan Width": 58, "Actual Startup Time": 15929.582, "Actual Total Time": 16369.522, "Actual Rows": 1815222, "Actual Loops": 1, "Sort Key": ["lineitem.l_suppkey"], "Sort Method": "quicksort", "Sort Space Used": 332781, "Sort Space Type": "Memory", "Plans": [{"Node Type": "Nested Loop", "Parent Relationship": "Outer", "Join Type": "Inner", "Startup Cost": 1030.37, "Total Cost": 1688079.68, "Plan Rows": 3688948, "Plan Width": 58, "Actual Startup Time": 17.851, "Actual Total Time": 15073.745, "Actual Rows": 1815222, "Actual Loops": 1, "Inner Unique": false, "Plans": [{"Node Type": "Nested Loop", "Parent Relationship": "Outer", "Join Type": "Inner", "Startup Cost": 1030.37, "Total Cost": 412285.27, "Plan Rows": 406290, "Plan Width": 42, "Actual Startup Time": 17.829, "Actual Total Time": 9210.924, "Actual Rows": 454183, "Actual Loops": 1, "Inner Unique": false, "Plans": [{"Node Type": "Nested Loop", "Parent Relationship": "Outer", "Join Type": "Inner", "Startup Cost": 1030.37, "Total Cost": 37176.47, "Plan Rows": 300000, "Plan Width": 42, "Actual Startup Time": 17.75, "Actual Total Time": 647.61, "Actual Rows": 299838, "Actual Loops": 1, "Inner Unique": false, "Plans": [{"Node Type": "Nested Loop", "Parent Relationship": "Outer", "Join Type": "Inner", "Startup Cost": 0.0, "Total Cost": 14.06, "Plan Rows": 5, "Plan Width": 30, "Actual Startup Time": 0.037, "Actual Total Time": 0.124, "Actual Rows": 5, "Actual Loops": 1, "Inner Unique": true, "Join Filter": "(nation.n_regionkey = region.r_regionkey)", "Rows Removed by Join Filter": 20, "Plans": [{"Node Type": "Index Scan", "Parent Relationship": "Outer", "Scan Direction": "Forward", "Index Name": "nation_pkey", "Relation Name": "nation", "Alias": "nation", "Startup Cost": 0.0, "Total Cost": 12.62, "Plan Rows": 25, "Plan Width": 34, "Actual Startup Time": 0.004, "Actual Total Time": 0.039, "Actual Rows": 25, "Actual Loops": 1}, {"Node Type": "Materialize", "Parent Relationship": "Inner", "Startup Cost": 0.0, "Total Cost": 1.07, "Plan Rows": 1, "Plan Width": 4, "Actual Startup Time": 0.029, "Actual Total Time": 0.035, "Actual Rows": 25, "Actual Loops": 25, "Plans": [{"Node Type": "Seq Scan", "Parent Relationship": "Outer", "Relation Name": "region", "Alias": "region", "Startup Cost": 0.0, "Total Cost": 1.06, "Plan Rows": 1, "Plan Width": 4, "Actual Startup Time": 0.014, "Actual Total Time": 0.016, "Actual Rows": 1, "Actual Loops": 1, "Filter": "(r_name = 'MIDDLE EAST'::bpchar)", "Rows Removed by Filter": 4}]}]}, {"Node Type": "Bitmap Heap Scan", "Parent Relationship": "Inner", "Relation Name": "customer", "Alias": "customer", "Startup Cost": 1030.37, "Total Cost": 6832.48, "Plan Rows": 60000, "Plan Width": 12, "Actual Startup Time": 93.67, "Actual Total Time": 571.214, "Actual Rows": 299838, "Actual Loops": 5, "Recheck Cond": "(c_nationkey = nation.n_nationkey)", "Rows Removed by Index Recheck": 0, "Exact Heap Blocks": 150033, "Lossy Heap Blocks": 150033, "Plans": [{"Node Type": "Bitmap Index Scan", "Parent Relationship": "Outer", "Index Name": "idx_customer_nationkey", "Startup Cost": 0.0, "Total Cost": 1015.37, "Plan Rows": 60000, "Plan Width": 0, "Actual Startup Time": 60.747, "Actual Total Time": 60.747, "Actual Rows": 299838, "Actual Loops": 5, "Index Cond": "(c_nationkey = nation.n_nationkey)"}]}]}, {"Node Type": "Index Scan", "Parent Relationship": "Inner", "Scan Direction": "Forward", "Index Name": "idx_orders_custkey", "Relation Name": "orders", "Alias": "orders", "Startup Cost": 0.0, "Total Cost": 1.24, "Plan Rows": 1, "Plan Width": 16, "Actual Startup Time": 3924.976, "Actual Total Time": 8296.546, "Actual Rows": 454183, "Actual Loops": 299838, "Index Cond": "(o_custkey = customer.c_custkey)", "Rows Removed by Index Recheck": 0, "Filter": "((o_orderdate >= '1994-01-01 00:00:00'::timestamp(0) without time zone) AND (o_orderdate < '1995-01-01 00:00:00'::timestamp without time zone))", "Rows Removed by Filter": 2542535}]}, {"Node Type": "Index Scan", "Parent Relationship": "Inner", "Scan Direction": "Forward", "Index Name": "idx_lineitem_orderkey", "Relation Name": "lineitem", "Alias": "lineitem", "Startup Cost": 0.0, "Total Cost": 3.05, "Plan Rows": 9, "Plan Width": 32, "Actual Startup Time": 4231.244, "Actual Total Time": 5218.702, "Actual Rows": 1815222, "Actual Loops": 454183, "Index Cond": "(l_orderkey = orders.o_orderkey)", "Rows Removed by Index Recheck": 0}]}]}]}]}]}, "Triggers": [], "Planner Runtime": 8.285, "Total Runtime": 17017.486, "Unique SQL Id": 1392561963}}, "(64, 21)": {"explain_plan": {"Plan": {"Node Type": "Sort", "Startup Cost": 2117924.29, "Total Cost": 2117924.35, "Plan Rows": 25, "Plan Width": 50, "Sort Key": ["(sum((lineitem.l_extendedprice * (1::double precision - lineitem.l_discount)))) DESC"], "Plans": [{"Node Type": "Aggregate", "Strategy": "Hashed", "Parent Relationship": "Outer", "Startup Cost": 2117923.46, "Total Cost": 2117923.71, "Plan Rows": 25, "Plan Width": 50, "Group By Key": ["nation.n_name"], "Plans": [{"Node Type": "Merge Join", "Parent Relationship": "Outer", "Join Type": "Inner", "Startup Cost": 2090460.7, "Total Cost": 2117829.56, "Plan Rows": 9390, "Plan Width": 42, "Inner Unique": false, "Merge Cond": "(supplier.s_suppkey = lineitem.l_suppkey)", "Join Filter": "(customer.c_nationkey = supplier.s_nationkey)", "Plans": [{"Node Type": "Index Scan", "Parent Relationship": "Outer", "Scan Direction": "Forward", "Index Name": "supplier_pkey", "Relation Name": "supplier", "Alias": "supplier", "Startup Cost": 0.0, "Total Cost": 5334.54, "Plan Rows": 100000, "Plan Width": 12}, {"Node Type": "Sort", "Parent Relationship": "Inner", "Startup Cost": 2090458.87, "Total Cost": 2099681.24, "Plan Rows": 3688948, "Plan Width": 58, "Sort Key": ["lineitem.l_suppkey"], "Plans": [{"Node Type": "Nested Loop", "Parent Relationship": "Outer", "Join Type": "Inner", "Startup Cost": 1030.37, "Total Cost": 1688090.96, "Plan Rows": 3688948, "Plan Width": 58, "Inner Unique": false, "Plans": [{"Node Type": "Nested Loop", "Parent Relationship": "Outer", "Join Type": "Inner", "Startup Cost": 1030.37, "Total Cost": 412296.55, "Plan Rows": 406290, "Plan Width": 42, "Inner Unique": false, "Plans": [{"Node Type": "Nested Loop", "Parent Relationship": "Outer", "Join Type": "Inner", "Startup Cost": 1030.37, "Total Cost": 37187.75, "Plan Rows": 300000, "Plan Width": 42, "Inner Unique": false, "Plans": [{"Node Type": "Nested Loop", "Parent Relationship": "Outer", "Join Type": "Inner", "Startup Cost": 0.0, "Total Cost": 25.34, "Plan Rows": 5, "Plan Width": 30, "Inner Unique": true, "Join Filter": "(nation.n_regionkey = region.r_regionkey)", "Plans": [{"Node Type": "Index Scan", "Parent Relationship": "Outer", "Scan Direction": "Forward", "Index Name": "nation_pkey", "Relation Name": "nation", "Alias": "nation", "Startup Cost": 0.0, "Total Cost": 12.62, "Plan Rows": 25, "Plan Width": 34}, {"Node Type": "Materialize", "Parent Relationship": "Inner", "Startup Cost": 0.0, "Total Cost": 12.34, "Plan Rows": 1, "Plan Width": 4, "Plans": [{"Node Type": "Index Scan", "Parent Relationship": "Outer", "Scan Direction": "Forward", "Index Name": "region_pkey", "Relation Name": "region", "Alias": "region", "Startup Cost": 0.0, "Total Cost": 12.34, "Plan Rows": 1, "Plan Width": 4, "Filter": "(r_name = 'MIDDLE EAST'::bpchar)"}]}]}, {"Node Type": "Bitmap Heap Scan", "Parent Relationship": "Inner", "Relation Name": "customer", "Alias": "customer", "Startup Cost": 1030.37, "Total Cost": 6832.48, "Plan Rows": 60000, "Plan Width": 12, "Recheck Cond": "(c_nationkey = nation.n_nationkey)", "Plans": [{"Node Type": "Bitmap Index Scan", "Parent Relationship": "Outer", "Index Name": "idx_customer_nationkey", "Startup Cost": 0.0, "Total Cost": 1015.37, "Plan Rows": 60000, "Plan Width": 0, "Index Cond": "(c_nationkey = nation.n_nationkey)"}]}]}, {"Node Type": "Index Scan", "Parent Relationship": "Inner", "Scan Direction": "Forward", "Index Name": "idx_orders_custkey", "Relation Name": "orders", "Alias": "orders", "Startup Cost": 0.0, "Total Cost": 1.24, "Plan Rows": 1, "Plan Width": 16, "Index Cond": "(o_custkey = customer.c_custkey)", "Filter": "((o_orderdate >= '1994-01-01 00:00:00'::timestamp(0) without time zone) AND (o_orderdate < '1995-01-01 00:00:00'::timestamp without time zone))"}]}, {"Node Type": "Index Scan", "Parent Relationship": "Inner", "Scan Direction": "Forward", "Index Name": "idx_lineitem_orderkey", "Relation Name": "lineitem", "Alias": "lineitem", "Startup Cost": 0.0, "Total Cost": 3.05, "Plan Rows": 9, "Plan Width": 32, "Index Cond": "(l_orderkey = orders.o_orderkey)"}]}]}]}]}]}, "Unique SQL Id": 1392561963}, "explain_analyze_plan": {"Plan": {"Node Type": "Sort", "Startup Cost": 2117924.29, "Total Cost": 2117924.35, "Plan Rows": 25, "Plan Width": 50, "Actual Startup Time": 16581.61, "Actual Total Time": 16581.611, "Actual Rows": 5, "Actual Loops": 1, "Sort Key": ["(sum((lineitem.l_extendedprice * (1::double precision - lineitem.l_discount)))) DESC"], "Sort Method": "quicksort", "Sort Space Used": 25, "Sort Space Type": "Memory", "Plans": [{"Node Type": "Aggregate", "Strategy": "Hashed", "Parent Relationship": "Outer", "Startup Cost": 2117923.46, "Total Cost": 2117923.71, "Plan Rows": 25, "Plan Width": 50, "Actual Startup Time": 16581.581, "Actual Total Time": 16581.582, "Actual Rows": 5, "Actual Loops": 1, "Group By Key": ["nation.n_name"], "Plans": [{"Node Type": "Merge Join", "Parent Relationship": "Outer", "Join Type": "Inner", "Startup Cost": 2090460.7, "Total Cost": 2117829.56, "Plan Rows": 9390, "Plan Width": 42, "Actual Startup Time": 15535.393, "Actual Total Time": 16531.817, "Actual Rows": 72985, "Actual Loops": 1, "Inner Unique": false, "Merge Cond": "(supplier.s_suppkey = lineitem.l_suppkey)", "Join Filter": "(customer.c_nationkey = supplier.s_nationkey)", "Rows Removed by Join Filter": 0, "Plans": [{"Node Type": "Index Scan", "Parent Relationship": "Outer", "Scan Direction": "Forward", "Index Name": "supplier_pkey", "Relation Name": "supplier", "Alias": "supplier", "Startup Cost": 0.0, "Total Cost": 5334.54, "Plan Rows": 100000, "Plan Width": 12, "Actual Startup Time": 0.026, "Actual Total Time": 59.458, "Actual Rows": 100000, "Actual Loops": 1}, {"Node Type": "Sort", "Parent Relationship": "Inner", "Startup Cost": 2090458.87, "Total Cost": 2099681.24, "Plan Rows": 3688948, "Plan Width": 58, "Actual Startup Time": 15535.184, "Actual Total Time": 15935.799, "Actual Rows": 1815222, "Actual Loops": 1, "Sort Key": ["lineitem.l_suppkey"], "Sort Method": "quicksort", "Sort Space Used": 332781, "Sort Space Type": "Memory", "Plans": [{"Node Type": "Nested Loop", "Parent Relationship": "Outer", "Join Type": "Inner", "Startup Cost": 1030.37, "Total Cost": 1688090.96, "Plan Rows": 3688948, "Plan Width": 58, "Actual Startup Time": 17.87, "Actual Total Time": 14670.206, "Actual Rows": 1815222, "Actual Loops": 1, "Inner Unique": false, "Plans": [{"Node Type": "Nested Loop", "Parent Relationship": "Outer", "Join Type": "Inner", "Startup Cost": 1030.37, "Total Cost": 412296.55, "Plan Rows": 406290, "Plan Width": 42, "Actual Startup Time": 17.851, "Actual Total Time": 8866.161, "Actual Rows": 454183, "Actual Loops": 1, "Inner Unique": false, "Plans": [{"Node Type": "Nested Loop", "Parent Relationship": "Outer", "Join Type": "Inner", "Startup Cost": 1030.37, "Total Cost": 37187.75, "Plan Rows": 300000, "Plan Width": 42, "Actual Startup Time": 17.782, "Actual Total Time": 617.418, "Actual Rows": 299838, "Actual Loops": 1, "Inner Unique": false, "Plans": [{"Node Type": "Nested Loop", "Parent Relationship": "Outer", "Join Type": "Inner", "Startup Cost": 0.0, "Total Cost": 25.34, "Plan Rows": 5, "Plan Width": 30, "Actual Startup Time": 0.034, "Actual Total Time": 0.112, "Actual Rows": 5, "Actual Loops": 1, "Inner Unique": true, "Join Filter": "(nation.n_regionkey = region.r_regionkey)", "Rows Removed by Join Filter": 20, "Plans": [{"Node Type": "Index Scan", "Parent Relationship": "Outer", "Scan Direction": "Forward", "Index Name": "nation_pkey", "Relation Name": "nation", "Alias": "nation", "Startup Cost": 0.0, "Total Cost": 12.62, "Plan Rows": 25, "Plan Width": 34, "Actual Startup Time": 0.003, "Actual Total Time": 0.03, "Actual Rows": 25, "Actual Loops": 1}, {"Node Type": "Materialize", "Parent Relationship": "Inner", "Startup Cost": 0.0, "Total Cost": 12.34, "Plan Rows": 1, "Plan Width": 4, "Actual Startup Time": 0.034, "Actual Total Time": 0.036, "Actual Rows": 25, "Actual Loops": 25, "Plans": [{"Node Type": "Index Scan", "Parent Relationship": "Outer", "Scan Direction": "Forward", "Index Name": "region_pkey", "Relation Name": "region", "Alias": "region", "Startup Cost": 0.0, "Total Cost": 12.34, "Plan Rows": 1, "Plan Width": 4, "Actual Startup Time": 0.011, "Actual Total Time": 0.012, "Actual Rows": 1, "Actual Loops": 1, "Filter": "(r_name = 'MIDDLE EAST'::bpchar)", "Rows Removed by Filter": 4}]}]}, {"Node Type": "Bitmap Heap Scan", "Parent Relationship": "Inner", "Relation Name": "customer", "Alias": "customer", "Startup Cost": 1030.37, "Total Cost": 6832.48, "Plan Rows": 60000, "Plan Width": 12, "Actual Startup Time": 89.554, "Actual Total Time": 541.236, "Actual Rows": 299838, "Actual Loops": 5, "Recheck Cond": "(c_nationkey = nation.n_nationkey)", "Rows Removed by Index Recheck": 0, "Exact Heap Blocks": 150033, "Lossy Heap Blocks": 150033, "Plans": [{"Node Type": "Bitmap Index Scan", "Parent Relationship": "Outer", "Index Name": "idx_customer_nationkey", "Startup Cost": 0.0, "Total Cost": 1015.37, "Plan Rows": 60000, "Plan Width": 0, "Actual Startup Time": 56.531, "Actual Total Time": 56.531, "Actual Rows": 299838, "Actual Loops": 5, "Index Cond": "(c_nationkey = nation.n_nationkey)"}]}]}, {"Node Type": "Index Scan", "Parent Relationship": "Inner", "Scan Direction": "Forward", "Index Name": "idx_orders_custkey", "Relation Name": "orders", "Alias": "orders", "Startup Cost": 0.0, "Total Cost": 1.24, "Plan Rows": 1, "Plan Width": 16, "Actual Startup Time": 3775.076, "Actual Total Time": 7981.595, "Actual Rows": 454183, "Actual Loops": 299838, "Index Cond": "(o_custkey = customer.c_custkey)", "Rows Removed by Index Recheck": 0, "Filter": "((o_orderdate >= '1994-01-01 00:00:00'::timestamp(0) without time zone) AND (o_orderdate < '1995-01-01 00:00:00'::timestamp without time zone))", "Rows Removed by Filter": 2542535}]}, {"Node Type": "Index Scan", "Parent Relationship": "Inner", "Scan Direction": "Forward", "Index Name": "idx_lineitem_orderkey", "Relation Name": "lineitem", "Alias": "lineitem", "Startup Cost": 0.0, "Total Cost": 3.05, "Plan Rows": 9, "Plan Width": 32, "Actual Startup Time": 4151.363, "Actual Total Time": 5151.594, "Actual Rows": 1815222, "Actual Loops": 454183, "Index Cond": "(l_orderkey = orders.o_orderkey)", "Rows Removed by Index Recheck": 0}]}]}]}]}]}, "Triggers": [], "Planner Runtime": 7.847, "Total Runtime": 16582.014, "Unique SQL Id": 1392561963}}, "(64, 22)": {"explain_plan": {"Plan": {"Node Type": "Sort", "Startup Cost": 3136047.23, "Total Cost": 3136047.29, "Plan Rows": 25, "Plan Width": 50, "Sort Key": ["(sum((lineitem.l_extendedprice * (1::double precision - lineitem.l_discount)))) DESC"], "Plans": [{"Node Type": "Aggregate", "Strategy": "Hashed", "Parent Relationship": "Outer", "Startup Cost": 3136046.4, "Total Cost": 3136046.65, "Plan Rows": 25, "Plan Width": 50, "Group By Key": ["nation.n_name"], "Plans": [{"Node Type": "Merge Join", "Parent Relationship": "Outer", "Join Type": "Inner", "Startup Cost": 3107433.9, "Total Cost": 3135952.5, "Plan Rows": 9390, "Plan Width": 42, "Inner Unique": true, "Merge Cond": "((lineitem.l_suppkey = supplier.s_suppkey) AND (customer.c_nationkey = supplier.s_nationkey))", "Plans": [{"Node Type": "Sort", "Parent Relationship": "Outer", "Startup Cost": 3095843.33, "Total Cost": 3105065.7, "Plan Rows": 3688948, "Plan Width": 58, "Sort Key": ["lineitem.l_suppkey", "customer.c_nationkey"], "Plans": [{"Node Type": "Nested Loop", "Parent Relationship": "Outer", "Join Type": "Inner", "Startup Cost": 674436.55, "Total Cost": 2693475.42, "Plan Rows": 3688948, "Plan Width": 58, "Inner Unique": false, "Plans": [{"Node Type": "Merge Join", "Parent Relationship": "Outer", "Join Type": "Inner", "Startup Cost": 674435.82, "Total Cost": 691407.1, "Plan Rows": 406290, "Plan Width": 42, "Inner Unique": false, "Merge Cond": "(customer.c_custkey = orders.o_custkey)", "Plans": [{"Node Type": "Sort", "Parent Relationship": "Outer", "Startup Cost": 64456.94, "Total Cost": 65206.94, "Plan Rows": 300000, "Plan Width": 42, "Sort Key": ["customer.c_custkey"], "Plans": [{"Node Type": "Nested Loop", "Parent Relationship": "Outer", "Join Type": "Inner", "Startup Cost": 1030.37, "Total Cost": 37165.03, "Plan Rows": 300000, "Plan Width": 42, "Inner Unique": false, "Plans": [{"Node Type": "Nested Loop", "Parent Relationship": "Outer", "Join Type": "Inner", "Startup Cost": 0.0, "Total Cost": 2.62, "Plan Rows": 5, "Plan Width": 30, "Inner Unique": false, "Join Filter": "(nation.n_regionkey = region.r_regionkey)", "Plans": [{"Node Type": "Seq Scan", "Parent Relationship": "Outer", "Relation Name": "region", "Alias": "region", "Startup Cost": 0.0, "Total Cost": 1.06, "Plan Rows": 1, "Plan Width": 4, "Filter": "(r_name = 'MIDDLE EAST'::bpchar)"}, {"Node Type": "Seq Scan", "Parent Relationship": "Inner", "Relation Name": "nation", "Alias": "nation", "Startup Cost": 0.0, "Total Cost": 1.25, "Plan Rows": 25, "Plan Width": 34}]}, {"Node Type": "Bitmap Heap Scan", "Parent Relationship": "Inner", "Relation Name": "customer", "Alias": "customer", "Startup Cost": 1030.37, "Total Cost": 6832.48, "Plan Rows": 60000, "Plan Width": 12, "Recheck Cond": "(c_nationkey = nation.n_nationkey)", "Plans": [{"Node Type": "Bitmap Index Scan", "Parent Relationship": "Outer", "Index Name": "idx_customer_nationkey", "Startup Cost": 0.0, "Total Cost": 1015.37, "Plan Rows": 60000, "Plan Width": 0, "Index Cond": "(c_nationkey = nation.n_nationkey)"}]}]}]}, {"Node Type": "Sort", "Parent Relationship": "Inner", "Startup Cost": 609978.84, "Total Cost": 615683.24, "Plan Rows": 2281758, "Plan Width": 16, "Sort Key": ["orders.o_custkey"], "Plans": [{"Node Type": "Bitmap Heap Scan", "Parent Relationship": "Outer", "Relation Name": "orders", "Alias": "orders", "Startup Cost": 58360.27, "Total Cost": 369005.64, "Plan Rows": 2281758, "Plan Width": 16, "Recheck Cond": "((o_orderdate >= '1994-01-01 00:00:00'::timestamp(0) without time zone) AND (o_orderdate < '1995-01-01 00:00:00'::timestamp without time zone)), (LLVM Optimized)", "Plans": [{"Node Type": "Bitmap Index Scan", "Parent Relationship": "Outer", "Index Name": "idx_orders_orderdate", "Startup Cost": 0.0, "Total Cost": 57789.83, "Plan Rows": 2281758, "Plan Width": 0, "Index Cond": "((o_orderdate >= '1994-01-01 00:00:00'::timestamp(0) without time zone) AND (o_orderdate < '1995-01-01 00:00:00'::timestamp without time zone))"}]}]}]}, {"Node Type": "Bitmap Heap Scan", "Parent Relationship": "Inner", "Relation Name": "lineitem", "Alias": "lineitem", "Startup Cost": 0.73, "Total Cost": 4.84, "Plan Rows": 9, "Plan Width": 32, "Recheck Cond": "(l_orderkey = orders.o_orderkey)", "Plans": [{"Node Type": "Bitmap Index Scan", "Parent Relationship": "Outer", "Index Name": "idx_lineitem_orderkey", "Startup Cost": 0.0, "Total Cost": 0.72, "Plan Rows": 9, "Plan Width": 0, "Index Cond": "(l_orderkey = orders.o_orderkey)"}]}]}]}, {"Node Type": "Sort", "Parent Relationship": "Inner", "Startup Cost": 11587.82, "Total Cost": 11837.82, "Plan Rows": 100000, "Plan Width": 12, "Sort Key": ["supplier.s_suppkey", "supplier.s_nationkey"], "Plans": [{"Node Type": "Seq Scan", "Parent Relationship": "Outer", "Relation Name": "supplier", "Alias": "supplier", "Startup Cost": 0.0, "Total Cost": 3283.0, "Plan Rows": 100000, "Plan Width": 12}]}]}]}]}, "Unique SQL Id": 1392561963}, "explain_analyze_plan": {"Plan": {"Node Type": "Sort", "Startup Cost": 3136047.23, "Total Cost": 3136047.29, "Plan Rows": 25, "Plan Width": 50, "Actual Startup Time": 13363.862, "Actual Total Time": 13363.863, "Actual Rows": 5, "Actual Loops": 1, "Sort Key": ["(sum((lineitem.l_extendedprice * (1::double precision - lineitem.l_discount)))) DESC"], "Sort Method": "quicksort", "Sort Space Used": 25, "Sort Space Type": "Memory", "Plans": [{"Node Type": "Aggregate", "Strategy": "Hashed", "Parent Relationship": "Outer", "Startup Cost": 3136046.4, "Total Cost": 3136046.65, "Plan Rows": 25, "Plan Width": 50, "Actual Startup Time": 13363.831, "Actual Total Time": 13363.832, "Actual Rows": 5, "Actual Loops": 1, "Group By Key": ["nation.n_name"], "Plans": [{"Node Type": "Merge Join", "Parent Relationship": "Outer", "Join Type": "Inner", "Startup Cost": 3107433.9, "Total Cost": 3135952.5, "Plan Rows": 9390, "Plan Width": 42, "Actual Startup Time": 12637.376, "Actual Total Time": 13315.871, "Actual Rows": 72985, "Actual Loops": 1, "Inner Unique": true, "Merge Cond": "((lineitem.l_suppkey = supplier.s_suppkey) AND (customer.c_nationkey = supplier.s_nationkey))", "Plans": [{"Node Type": "Sort", "Parent Relationship": "Outer", "Startup Cost": 3095843.33, "Total Cost": 3105065.7, "Plan Rows": 3688948, "Plan Width": 58, "Actual Startup Time": 12566.31, "Actual Total Time": 12926.653, "Actual Rows": 1815212, "Actual Loops": 1, "Sort Key": ["lineitem.l_suppkey", "customer.c_nationkey"], "Sort Method": "quicksort", "Sort Space Used": 332781, "Sort Space Type": "Memory", "Plans": [{"Node Type": "Nested Loop", "Parent Relationship": "Outer", "Join Type": "Inner", "Startup Cost": 674436.55, "Total Cost": 2693475.42, "Plan Rows": 3688948, "Plan Width": 58, "Actual Startup Time": 3922.846, "Actual Total Time": 11198.388, "Actual Rows": 1815222, "Actual Loops": 1, "Inner Unique": false, "Plans": [{"Node Type": "Merge Join", "Parent Relationship": "Outer", "Join Type": "Inner", "Startup Cost": 674435.82, "Total Cost": 691407.1, "Plan Rows": 406290, "Plan Width": 42, "Actual Startup Time": 3922.771, "Actual Total Time": 5052.349, "Actual Rows": 454183, "Actual Loops": 1, "Inner Unique": false, "Merge Cond": "(customer.c_custkey = orders.o_custkey)", "Plans": [{"Node Type": "Sort", "Parent Relationship": "Outer", "Startup Cost": 64456.94, "Total Cost": 65206.94, "Plan Rows": 300000, "Plan Width": 42, "Actual Startup Time": 629.069, "Actual Total Time": 679.805, "Actual Rows": 299838, "Actual Loops": 1, "Sort Key": ["customer.c_custkey"], "Sort Method": "quicksort", "Sort Space Used": 59138, "Sort Space Type": "Memory", "Plans": [{"Node Type": "Nested Loop", "Parent Relationship": "Outer", "Join Type": "Inner", "Startup Cost": 1030.37, "Total Cost": 37165.03, "Plan Rows": 300000, "Plan Width": 42, "Actual Startup Time": 17.917, "Actual Total Time": 510.783, "Actual Rows": 299838, "Actual Loops": 1, "Inner Unique": false, "Plans": [{"Node Type": "Nested Loop", "Parent Relationship": "Outer", "Join Type": "Inner", "Startup Cost": 0.0, "Total Cost": 2.62, "Plan Rows": 5, "Plan Width": 30, "Actual Startup Time": 0.037, "Actual Total Time": 0.084, "Actual Rows": 5, "Actual Loops": 1, "Inner Unique": false, "Join Filter": "(nation.n_regionkey = region.r_regionkey)", "Rows Removed by Join Filter": 20, "Plans": [{"Node Type": "Seq Scan", "Parent Relationship": "Outer", "Relation Name": "region", "Alias": "region", "Startup Cost": 0.0, "Total Cost": 1.06, "Plan Rows": 1, "Plan Width": 4, "Actual Startup Time": 0.022, "Actual Total Time": 0.023, "Actual Rows": 1, "Actual Loops": 1, "Filter": "(r_name = 'MIDDLE EAST'::bpchar)", "Rows Removed by Filter": 4}, {"Node Type": "Seq Scan", "Parent Relationship": "Inner", "Relation Name": "nation", "Alias": "nation", "Startup Cost": 0.0, "Total Cost": 1.25, "Plan Rows": 25, "Plan Width": 34, "Actual Startup Time": 0.006, "Actual Total Time": 0.024, "Actual Rows": 25, "Actual Loops": 1}]}, {"Node Type": "Bitmap Heap Scan", "Parent Relationship": "Inner", "Relation Name": "customer", "Alias": "customer", "Startup Cost": 1030.37, "Total Cost": 6832.48, "Plan Rows": 60000, "Plan Width": 12, "Actual Startup Time": 88.989, "Actual Total Time": 448.443, "Actual Rows": 299838, "Actual Loops": 5, "Recheck Cond": "(c_nationkey = nation.n_nationkey)", "Rows Removed by Index Recheck": 0, "Exact Heap Blocks": 150033, "Lossy Heap Blocks": 150033, "Plans": [{"Node Type": "Bitmap Index Scan", "Parent Relationship": "Outer", "Index Name": "idx_customer_nationkey", "Startup Cost": 0.0, "Total Cost": 1015.37, "Plan Rows": 60000, "Plan Width": 0, "Actual Startup Time": 56.048, "Actual Total Time": 56.048, "Actual Rows": 299838, "Actual Loops": 5, "Index Cond": "(c_nationkey = nation.n_nationkey)"}]}]}]}, {"Node Type": "Sort", "Parent Relationship": "Inner", "Startup Cost": 609978.84, "Total Cost": 615683.24, "Plan Rows": 2281758, "Plan Width": 16, "Actual Startup Time": 3293.676, "Actual Total Time": 3890.913, "Actual Rows": 2275914, "Actual Loops": 1, "Sort Key": ["orders.o_custkey"], "Sort Method": "quicksort", "Sort Space Used": 311672, "Sort Space Type": "Memory", "Plans": [{"Node Type": "Bitmap Heap Scan", "Parent Relationship": "Outer", "Relation Name": "orders", "Alias": "orders", "Startup Cost": 58360.27, "Total Cost": 369005.64, "Plan Rows": 2281758, "Plan Width": 16, "Actual Startup Time": 646.362, "Actual Total Time": 2347.837, "Actual Rows": 2275919, "Actual Loops": 1, "Recheck Cond": "((o_orderdate >= '1994-01-01 00:00:00'::timestamp(0) without time zone) AND (o_orderdate < '1995-01-01 00:00:00'::timestamp without time zone)), (LLVM Optimized, Jit Execute)", "Rows Removed by Index Recheck": 0, "Exact Heap Blocks": 276381, "Lossy Heap Blocks": 276381, "Plans": [{"Node Type": "Bitmap Index Scan", "Parent Relationship": "Outer", "Index Name": "idx_orders_orderdate", "Startup Cost": 0.0, "Total Cost": 57789.83, "Plan Rows": 2281758, "Plan Width": 0, "Actual Startup Time": 558.136, "Actual Total Time": 558.136, "Actual Rows": 2275919, "Actual Loops": 1, "Index Cond": "((o_orderdate >= '1994-01-01 00:00:00'::timestamp(0) without time zone) AND (o_orderdate < '1995-01-01 00:00:00'::timestamp without time zone))"}]}]}]}, {"Node Type": "Bitmap Heap Scan", "Parent Relationship": "Inner", "Relation Name": "lineitem", "Alias": "lineitem", "Startup Cost": 0.73, "Total Cost": 4.84, "Plan Rows": 9, "Plan Width": 32, "Actual Startup Time": 4910.897, "Actual Total Time": 5227.071, "Actual Rows": 1815222, "Actual Loops": 454183, "Recheck Cond": "(l_orderkey = orders.o_orderkey)", "Rows Removed by Index Recheck": 0, "Exact Heap Blocks": 486530, "Lossy Heap Blocks": 486530, "Plans": [{"Node Type": "Bitmap Index Scan", "Parent Relationship": "Outer", "Index Name": "idx_lineitem_orderkey", "Startup Cost": 0.0, "Total Cost": 0.72, "Plan Rows": 9, "Plan Width": 0, "Actual Startup Time": 2992.615, "Actual Total Time": 2992.615, "Actual Rows": 1815222, "Actual Loops": 454183, "Index Cond": "(l_orderkey = orders.o_orderkey)"}]}]}]}, {"Node Type": "Sort", "Parent Relationship": "Inner", "Startup Cost": 11587.82, "Total Cost": 11837.82, "Plan Rows": 100000, "Plan Width": 12, "Actual Startup Time": 71.004, "Actual Total Time": 82.992, "Actual Rows": 100000, "Actual Loops": 1, "Sort Key": ["supplier.s_suppkey", "supplier.s_nationkey"], "Sort Method": "quicksort", "Sort Space Used": 12448, "Sort Space Type": "Memory", "Plans": [{"Node Type": "Seq Scan", "Parent Relationship": "Outer", "Relation Name": "supplier", "Alias": "supplier", "Startup Cost": 0.0, "Total Cost": 3283.0, "Plan Rows": 100000, "Plan Width": 12, "Actual Startup Time": 0.039, "Actual Total Time": 33.126, "Actual Rows": 100000, "Actual Loops": 1}]}]}]}]}, "Triggers": [], "Planner Runtime": 7.308, "Total Runtime": 13373.545, "Unique SQL Id": 1392561963}}, "(64, 23)": {"explain_plan": {"Plan": {"Node Type": "Sort", "Startup Cost": 46003135.57, "Total Cost": 46003135.63, "Plan Rows": 25, "Plan Width": 50, "Sort Key": ["(sum((lineitem.l_extendedprice * (1::double precision - lineitem.l_discount)))) DESC"], "Plans": [{"Node Type": "Aggregate", "Strategy": "Hashed", "Parent Relationship": "Outer", "Startup Cost": 46003134.74, "Total Cost": 46003134.99, "Plan Rows": 25, "Plan Width": 50, "Group By Key": ["nation.n_name"], "Plans": [{"Node Type": "Nested Loop", "Parent Relationship": "Outer", "Join Type": "Inner", "Startup Cost": 58362.35, "Total Cost": 46003040.84, "Plan Rows": 9390, "Plan Width": 42, "Inner Unique": true, "Join Filter": "(customer.c_nationkey = supplier.s_nationkey)", "Plans": [{"Node Type": "Nested Loop", "Parent Relationship": "Outer", "Join Type": "Inner", "Startup Cost": 58362.1, "Total Cost": 30204103.6, "Plan Rows": 3688948, "Plan Width": 58, "Inner Unique": false, "Plans": [{"Node Type": "Nested Loop", "Parent Relationship": "Outer", "Join Type": "Inner", "Startup Cost": 58361.37, "Total Cost": 28202035.27, "Plan Rows": 406290, "Plan Width": 42, "Inner Unique": true, "Plans": [{"Node Type": "Nested Loop", "Parent Relationship": "Outer", "Join Type": "Inner", "Startup Cost": 58360.79, "Total Cost": 18851769.58, "Plan Rows": 2031452, "Plan Width": 46, "Inner Unique": true, "Plans": [{"Node Type": "Nested Loop", "Parent Relationship": "Outer", "Join Type": "Inner", "Startup Cost": 58360.54, "Total Cost": 10156636.32, "Plan Rows": 2031452, "Plan Width": 12, "Inner Unique": true, "Plans": [{"Node Type": "Bitmap Heap Scan", "Parent Relationship": "Outer", "Relation Name": "orders", "Alias": "orders", "Startup Cost": 58360.27, "Total Cost": 369005.64, "Plan Rows": 2281758, "Plan Width": 16, "Recheck Cond": "((o_orderdate >= '1994-01-01 00:00:00'::timestamp(0) without time zone) AND (o_orderdate < '1995-01-01 00:00:00'::timestamp without time zone)), (LLVM Optimized)", "Plans": [{"Node Type": "Bitmap Index Scan", "Parent Relationship": "Outer", "Index Name": "idx_orders_orderdate", "Startup Cost": 0.0, "Total Cost": 57789.83, "Plan Rows": 2281758, "Plan Width": 0, "Index Cond": "((o_orderdate >= '1994-01-01 00:00:00'::timestamp(0) without time zone) AND (o_orderdate < '1995-01-01 00:00:00'::timestamp without time zone))"}]}, {"Node Type": "Bitmap Heap Scan", "Parent Relationship": "Inner", "Relation Name": "customer", "Alias": "customer", "Startup Cost": 0.27, "Total Cost": 4.28, "Plan Rows": 1, "Plan Width": 12, "Recheck Cond": "(c_custkey = orders.o_custkey)", "Plans": [{"Node Type": "Bitmap Index Scan", "Parent Relationship": "Outer", "Index Name": "customer_pkey", "Startup Cost": 0.0, "Total Cost": 0.27, "Plan Rows": 1, "Plan Width": 0, "Index Cond": "(c_custkey = orders.o_custkey)"}]}]}, {"Node Type": "Bitmap Heap Scan", "Parent Relationship": "Inner", "Relation Name": "nation", "Alias": "nation", "Startup Cost": 0.26, "Total Cost": 4.27, "Plan Rows": 1, "Plan Width": 34, "Recheck Cond": "(n_nationkey = customer.c_nationkey)", "Plans": [{"Node Type": "Bitmap Index Scan", "Parent Relationship": "Outer", "Index Name": "nation_pkey", "Startup Cost": 0.0, "Total Cost": 0.26, "Plan Rows": 1, "Plan Width": 0, "Index Cond": "(n_nationkey = customer.c_nationkey)"}]}]}, {"Node Type": "Bitmap Heap Scan", "Parent Relationship": "Inner", "Relation Name": "region", "Alias": "region", "Startup Cost": 0.58, "Total Cost": 4.59, "Plan Rows": 1, "Plan Width": 4, "Recheck Cond": "(r_regionkey = nation.n_regionkey)", "Filter": "(r_name = 'MIDDLE EAST'::bpchar)", "Plans": [{"Node Type": "Bitmap Index Scan", "Parent Relationship": "Outer", "Index Name": "region_pkey", "Startup Cost": 0.0, "Total Cost": 0.58, "Plan Rows": 1, "Plan Width": 0, "Index Cond": "(r_regionkey = nation.n_regionkey)"}]}]}, {"Node Type": "Bitmap Heap Scan", "Parent Relationship": "Inner", "Relation Name": "lineitem", "Alias": "lineitem", "Startup Cost": 0.73, "Total Cost": 4.84, "Plan Rows": 9, "Plan Width": 32, "Recheck Cond": "(l_orderkey = orders.o_orderkey)", "Plans": [{"Node Type": "Bitmap Index Scan", "Parent Relationship": "Outer", "Index Name": "idx_lineitem_orderkey", "Startup Cost": 0.0, "Total Cost": 0.72, "Plan Rows": 9, "Plan Width": 0, "Index Cond": "(l_orderkey = orders.o_orderkey)"}]}]}, {"Node Type": "Bitmap Heap Scan", "Parent Relationship": "Inner", "Relation Name": "supplier", "Alias": "supplier", "Startup Cost": 0.26, "Total Cost": 4.27, "Plan Rows": 1, "Plan Width": 12, "Recheck Cond": "(s_suppkey = lineitem.l_suppkey)", "Plans": [{"Node Type": "Bitmap Index Scan", "Parent Relationship": "Outer", "Index Name": "supplier_pkey", "Startup Cost": 0.0, "Total Cost": 0.26, "Plan Rows": 1, "Plan Width": 0, "Index Cond": "(s_suppkey = lineitem.l_suppkey)"}]}]}]}]}, "Unique SQL Id": 1392561963}, "explain_analyze_plan": null}, "(64, 24)": {"explain_plan": {"Plan": {"Node Type": "Sort", "Startup Cost": 2121854.13, "Total Cost": 2121854.2, "Plan Rows": 25, "Plan Width": 50, "Sort Key": ["(sum((lineitem.l_extendedprice * (1::double precision - lineitem.l_discount)))) DESC"], "Plans": [{"Node Type": "Aggregate", "Strategy": "Hashed", "Parent Relationship": "Outer", "Startup Cost": 2121853.3, "Total Cost": 2121853.55, "Plan Rows": 25, "Plan Width": 50, "Group By Key": ["nation.n_name"], "Plans": [{"Node Type": "Merge Join", "Parent Relationship": "Outer", "Join Type": "Inner", "Startup Cost": 2094799.14, "Total Cost": 2121759.4, "Plan Rows": 9390, "Plan Width": 42, "Inner Unique": false, "Merge Cond": "(supplier.s_suppkey = lineitem.l_suppkey)", "Join Filter": "(customer.c_nationkey = supplier.s_nationkey)", "Plans": [{"Node Type": "Index Scan", "Parent Relationship": "Outer", "Scan Direction": "Forward", "Index Name": "supplier_pkey", "Relation Name": "supplier", "Alias": "supplier", "Startup Cost": 0.0, "Total Cost": 5334.54, "Plan Rows": 100000, "Plan Width": 12}, {"Node Type": "Sort", "Parent Relationship": "Inner", "Startup Cost": 2094797.31, "Total Cost": 2104019.68, "Plan Rows": 3688948, "Plan Width": 58, "Sort Key": ["lineitem.l_suppkey"], "Plans": [{"Node Type": "Nested Loop", "Parent Relationship": "Outer", "Join Type": "Inner", "Startup Cost": 0.0, "Total Cost": 1692429.4, "Plan Rows": 3688948, "Plan Width": 58, "Inner Unique": false, "Plans": [{"Node Type": "Nested Loop", "Parent Relationship": "Outer", "Join Type": "Inner", "Startup Cost": 0.0, "Total Cost": 416634.99, "Plan Rows": 406290, "Plan Width": 42, "Inner Unique": false, "Plans": [{"Node Type": "Nested Loop", "Parent Relationship": "Outer", "Join Type": "Inner", "Startup Cost": 0.0, "Total Cost": 41526.19, "Plan Rows": 300000, "Plan Width": 42, "Inner Unique": false, "Plans": [{"Node Type": "Nested Loop", "Parent Relationship": "Outer", "Join Type": "Inner", "Startup Cost": 0.0, "Total Cost": 14.06, "Plan Rows": 5, "Plan Width": 30, "Inner Unique": true, "Join Filter": "(nation.n_regionkey = region.r_regionkey)", "Plans": [{"Node Type": "Index Scan", "Parent Relationship": "Outer", "Scan Direction": "Forward", "Index Name": "nation_pkey", "Relation Name": "nation", "Alias": "nation", "Startup Cost": 0.0, "Total Cost": 12.62, "Plan Rows": 25, "Plan Width": 34}, {"Node Type": "Materialize", "Parent Relationship": "Inner", "Startup Cost": 0.0, "Total Cost": 1.07, "Plan Rows": 1, "Plan Width": 4, "Plans": [{"Node Type": "Seq Scan", "Parent Relationship": "Outer", "Relation Name": "region", "Alias": "region", "Startup Cost": 0.0, "Total Cost": 1.06, "Plan Rows": 1, "Plan Width": 4, "Filter": "(r_name = 'MIDDLE EAST'::bpchar)"}]}]}, {"Node Type": "Index Scan", "Parent Relationship": "Inner", "Scan Direction": "Forward", "Index Name": "idx_customer_nationkey", "Relation Name": "customer", "Alias": "customer", "Startup Cost": 0.0, "Total Cost": 7702.43, "Plan Rows": 60000, "Plan Width": 12, "Index Cond": "(c_nationkey = nation.n_nationkey)"}]}, {"Node Type": "Index Scan", "Parent Relationship": "Inner", "Scan Direction": "Forward", "Index Name": "idx_orders_custkey", "Relation Name": "orders", "Alias": "orders", "Startup Cost": 0.0, "Total Cost": 1.24, "Plan Rows": 1, "Plan Width": 16, "Index Cond": "(o_custkey = customer.c_custkey)", "Filter": "((o_orderdate >= '1994-01-01 00:00:00'::timestamp(0) without time zone) AND (o_orderdate < '1995-01-01 00:00:00'::timestamp without time zone))"}]}, {"Node Type": "Index Scan", "Parent Relationship": "Inner", "Scan Direction": "Forward", "Index Name": "idx_lineitem_orderkey", "Relation Name": "lineitem", "Alias": "lineitem", "Startup Cost": 0.0, "Total Cost": 3.05, "Plan Rows": 9, "Plan Width": 32, "Index Cond": "(l_orderkey = orders.o_orderkey)"}]}]}]}]}]}, "Unique SQL Id": 1392561963}, "explain_analyze_plan": {"Plan": {"Node Type": "Sort", "Startup Cost": 2121854.13, "Total Cost": 2121854.2, "Plan Rows": 25, "Plan Width": 50, "Actual Startup Time": 16180.23, "Actual Total Time": 16180.23, "Actual Rows": 5, "Actual Loops": 1, "Sort Key": ["(sum((lineitem.l_extendedprice * (1::double precision - lineitem.l_discount)))) DESC"], "Sort Method": "quicksort", "Sort Space Used": 25, "Sort Space Type": "Memory", "Plans": [{"Node Type": "Aggregate", "Strategy": "Hashed", "Parent Relationship": "Outer", "Startup Cost": 2121853.3, "Total Cost": 2121853.55, "Plan Rows": 25, "Plan Width": 50, "Actual Startup Time": 16180.2, "Actual Total Time": 16180.203, "Actual Rows": 5, "Actual Loops": 1, "Group By Key": ["nation.n_name"], "Plans": [{"Node Type": "Merge Join", "Parent Relationship": "Outer", "Join Type": "Inner", "Startup Cost": 2094799.14, "Total Cost": 2121759.4, "Plan Rows": 9390, "Plan Width": 42, "Actual Startup Time": 15134.309, "Actual Total Time": 16131.989, "Actual Rows": 72985, "Actual Loops": 1, "Inner Unique": false, "Merge Cond": "(supplier.s_suppkey = lineitem.l_suppkey)", "Join Filter": "(customer.c_nationkey = supplier.s_nationkey)", "Rows Removed by Join Filter": 0, "Plans": [{"Node Type": "Index Scan", "Parent Relationship": "Outer", "Scan Direction": "Forward", "Index Name": "supplier_pkey", "Relation Name": "supplier", "Alias": "supplier", "Startup Cost": 0.0, "Total Cost": 5334.54, "Plan Rows": 100000, "Plan Width": 12, "Actual Startup Time": 0.025, "Actual Total Time": 59.56, "Actual Rows": 100000, "Actual Loops": 1}, {"Node Type": "Sort", "Parent Relationship": "Inner", "Startup Cost": 2094797.31, "Total Cost": 2104019.68, "Plan Rows": 3688948, "Plan Width": 58, "Actual Startup Time": 15133.88, "Actual Total Time": 15536.524, "Actual Rows": 1815222, "Actual Loops": 1, "Sort Key": ["lineitem.l_suppkey"], "Sort Method": "quicksort", "Sort Space Used": 332781, "Sort Space Type": "Memory", "Plans": [{"Node Type": "Nested Loop", "Parent Relationship": "Outer", "Join Type": "Inner", "Startup Cost": 0.0, "Total Cost": 1692429.4, "Plan Rows": 3688948, "Plan Width": 58, "Actual Startup Time": 0.126, "Actual Total Time": 14278.804, "Actual Rows": 1815222, "Actual Loops": 1, "Inner Unique": false, "Plans": [{"Node Type": "Nested Loop", "Parent Relationship": "Outer", "Join Type": "Inner", "Startup Cost": 0.0, "Total Cost": 416634.99, "Plan Rows": 406290, "Plan Width": 42, "Actual Startup Time": 0.111, "Actual Total Time": 8518.604, "Actual Rows": 454183, "Actual Loops": 1, "Inner Unique": false, "Plans": [{"Node Type": "Nested Loop", "Parent Relationship": "Outer", "Join Type": "Inner", "Startup Cost": 0.0, "Total Cost": 41526.19, "Plan Rows": 300000, "Plan Width": 42, "Actual Startup Time": 0.066, "Actual Total Time": 465.479, "Actual Rows": 299838, "Actual Loops": 1, "Inner Unique": false, "Plans": [{"Node Type": "Nested Loop", "Parent Relationship": "Outer", "Join Type": "Inner", "Startup Cost": 0.0, "Total Cost": 14.06, "Plan Rows": 5, "Plan Width": 30, "Actual Startup Time": 0.038, "Actual Total Time": 0.186, "Actual Rows": 5, "Actual Loops": 1, "Inner Unique": true, "Join Filter": "(nation.n_regionkey = region.r_regionkey)", "Rows Removed by Join Filter": 20, "Plans": [{"Node Type": "Index Scan", "Parent Relationship": "Outer", "Scan Direction": "Forward", "Index Name": "nation_pkey", "Relation Name": "nation", "Alias": "nation", "Startup Cost": 0.0, "Total Cost": 12.62, "Plan Rows": 25, "Plan Width": 34, "Actual Startup Time": 0.003, "Actual Total Time": 0.098, "Actual Rows": 25, "Actual Loops": 1}, {"Node Type": "Materialize", "Parent Relationship": "Inner", "Startup Cost": 0.0, "Total Cost": 1.07, "Plan Rows": 1, "Plan Width": 4, "Actual Startup Time": 0.035, "Actual Total Time": 0.041, "Actual Rows": 25, "Actual Loops": 25, "Plans": [{"Node Type": "Seq Scan", "Parent Relationship": "Outer", "Relation Name": "region", "Alias": "region", "Startup Cost": 0.0, "Total Cost": 1.06, "Plan Rows": 1, "Plan Width": 4, "Actual Startup Time": 0.017, "Actual Total Time": 0.019, "Actual Rows": 1, "Actual Loops": 1, "Filter": "(r_name = 'MIDDLE EAST'::bpchar)", "Rows Removed by Filter": 4}]}]}, {"Node Type": "Index Scan", "Parent Relationship": "Inner", "Scan Direction": "Forward", "Index Name": "idx_customer_nationkey", "Relation Name": "customer", "Alias": "customer", "Startup Cost": 0.0, "Total Cost": 7702.43, "Plan Rows": 60000, "Plan Width": 12, "Actual Startup Time": 0.16, "Actual Total Time": 383.515, "Actual Rows": 299838, "Actual Loops": 5, "Index Cond": "(c_nationkey = nation.n_nationkey)", "Rows Removed by Index Recheck": 0}]}, {"Node Type": "Index Scan", "Parent Relationship": "Inner", "Scan Direction": "Forward", "Index Name": "idx_orders_custkey", "Relation Name": "orders", "Alias": "orders", "Startup Cost": 0.0, "Total Cost": 1.24, "Plan Rows": 1, "Plan Width": 16, "Actual Startup Time": 3678.028, "Actual Total Time": 7773.607, "Actual Rows": 454183, "Actual Loops": 299838, "Index Cond": "(o_custkey = customer.c_custkey)", "Rows Removed by Index Recheck": 0, "Filter": "((o_orderdate >= '1994-01-01 00:00:00'::timestamp(0) without time zone) AND (o_orderdate < '1995-01-01 00:00:00'::timestamp without time zone))", "Rows Removed by Filter": 2542535}]}, {"Node Type": "Index Scan", "Parent Relationship": "Inner", "Scan Direction": "Forward", "Index Name": "idx_lineitem_orderkey", "Relation Name": "lineitem", "Alias": "lineitem", "Startup Cost": 0.0, "Total Cost": 3.05, "Plan Rows": 9, "Plan Width": 32, "Actual Startup Time": 4093.956, "Actual Total Time": 5103.581, "Actual Rows": 1815222, "Actual Loops": 454183, "Index Cond": "(l_orderkey = orders.o_orderkey)", "Rows Removed by Index Recheck": 0}]}]}]}]}]}, "Triggers": [], "Planner Runtime": 7.473, "Total Runtime": 16180.55, "Unique SQL Id": 1392561963}}, "(64, 25)": {"explain_plan": {"Plan": {"Node Type": "Sort", "Startup Cost": 2121865.46, "Total Cost": 2121865.52, "Plan Rows": 25, "Plan Width": 50, "Sort Key": ["(sum((lineitem.l_extendedprice * (1::double precision - lineitem.l_discount)))) DESC"], "Plans": [{"Node Type": "Aggregate", "Strategy": "Hashed", "Parent Relationship": "Outer", "Startup Cost": 2121864.63, "Total Cost": 2121864.88, "Plan Rows": 25, "Plan Width": 50, "Group By Key": ["nation.n_name"], "Plans": [{"Node Type": "Merge Join", "Parent Relationship": "Outer", "Join Type": "Inner", "Startup Cost": 2094810.42, "Total Cost": 2121770.73, "Plan Rows": 9390, "Plan Width": 42, "Inner Unique": false, "Merge Cond": "(supplier.s_suppkey = lineitem.l_suppkey)", "Join Filter": "(customer.c_nationkey = supplier.s_nationkey)", "Plans": [{"Node Type": "Index Scan", "Parent Relationship": "Outer", "Scan Direction": "Forward", "Index Name": "supplier_pkey", "Relation Name": "supplier", "Alias": "supplier", "Startup Cost": 0.0, "Total Cost": 5334.54, "Plan Rows": 100000, "Plan Width": 12}, {"Node Type": "Sort", "Parent Relationship": "Inner", "Startup Cost": 2094808.59, "Total Cost": 2104030.96, "Plan Rows": 3688948, "Plan Width": 58, "Sort Key": ["lineitem.l_suppkey"], "Plans": [{"Node Type": "Nested Loop", "Parent Relationship": "Outer", "Join Type": "Inner", "Startup Cost": 0.0, "Total Cost": 1692440.68, "Plan Rows": 3688948, "Plan Width": 58, "Inner Unique": false, "Plans": [{"Node Type": "Nested Loop", "Parent Relationship": "Outer", "Join Type": "Inner", "Startup Cost": 0.0, "Total Cost": 416646.27, "Plan Rows": 406290, "Plan Width": 42, "Inner Unique": false, "Plans": [{"Node Type": "Nested Loop", "Parent Relationship": "Outer", "Join Type": "Inner", "Startup Cost": 0.0, "Total Cost": 41537.47, "Plan Rows": 300000, "Plan Width": 42, "Inner Unique": false, "Plans": [{"Node Type": "Nested Loop", "Parent Relationship": "Outer", "Join Type": "Inner", "Startup Cost": 0.0, "Total Cost": 25.34, "Plan Rows": 5, "Plan Width": 30, "Inner Unique": true, "Join Filter": "(nation.n_regionkey = region.r_regionkey)", "Plans": [{"Node Type": "Index Scan", "Parent Relationship": "Outer", "Scan Direction": "Forward", "Index Name": "nation_pkey", "Relation Name": "nation", "Alias": "nation", "Startup Cost": 0.0, "Total Cost": 12.62, "Plan Rows": 25, "Plan Width": 34}, {"Node Type": "Materialize", "Parent Relationship": "Inner", "Startup Cost": 0.0, "Total Cost": 12.34, "Plan Rows": 1, "Plan Width": 4, "Plans": [{"Node Type": "Index Scan", "Parent Relationship": "Outer", "Scan Direction": "Forward", "Index Name": "region_pkey", "Relation Name": "region", "Alias": "region", "Startup Cost": 0.0, "Total Cost": 12.34, "Plan Rows": 1, "Plan Width": 4, "Filter": "(r_name = 'MIDDLE EAST'::bpchar)"}]}]}, {"Node Type": "Index Scan", "Parent Relationship": "Inner", "Scan Direction": "Forward", "Index Name": "idx_customer_nationkey", "Relation Name": "customer", "Alias": "customer", "Startup Cost": 0.0, "Total Cost": 7702.43, "Plan Rows": 60000, "Plan Width": 12, "Index Cond": "(c_nationkey = nation.n_nationkey)"}]}, {"Node Type": "Index Scan", "Parent Relationship": "Inner", "Scan Direction": "Forward", "Index Name": "idx_orders_custkey", "Relation Name": "orders", "Alias": "orders", "Startup Cost": 0.0, "Total Cost": 1.24, "Plan Rows": 1, "Plan Width": 16, "Index Cond": "(o_custkey = customer.c_custkey)", "Filter": "((o_orderdate >= '1994-01-01 00:00:00'::timestamp(0) without time zone) AND (o_orderdate < '1995-01-01 00:00:00'::timestamp without time zone))"}]}, {"Node Type": "Index Scan", "Parent Relationship": "Inner", "Scan Direction": "Forward", "Index Name": "idx_lineitem_orderkey", "Relation Name": "lineitem", "Alias": "lineitem", "Startup Cost": 0.0, "Total Cost": 3.05, "Plan Rows": 9, "Plan Width": 32, "Index Cond": "(l_orderkey = orders.o_orderkey)"}]}]}]}]}]}, "Unique SQL Id": 1392561963}, "explain_analyze_plan": {"Plan": {"Node Type": "Sort", "Startup Cost": 2121865.46, "Total Cost": 2121865.52, "Plan Rows": 25, "Plan Width": 50, "Actual Startup Time": 16706.302, "Actual Total Time": 16706.302, "Actual Rows": 5, "Actual Loops": 1, "Sort Key": ["(sum((lineitem.l_extendedprice * (1::double precision - lineitem.l_discount)))) DESC"], "Sort Method": "quicksort", "Sort Space Used": 25, "Sort Space Type": "Memory", "Plans": [{"Node Type": "Aggregate", "Strategy": "Hashed", "Parent Relationship": "Outer", "Startup Cost": 2121864.63, "Total Cost": 2121864.88, "Plan Rows": 25, "Plan Width": 50, "Actual Startup Time": 16706.273, "Actual Total Time": 16706.275, "Actual Rows": 5, "Actual Loops": 1, "Group By Key": ["nation.n_name"], "Plans": [{"Node Type": "Merge Join", "Parent Relationship": "Outer", "Join Type": "Inner", "Startup Cost": 2094810.42, "Total Cost": 2121770.73, "Plan Rows": 9390, "Plan Width": 42, "Actual Startup Time": 15615.866, "Actual Total Time": 16656.337, "Actual Rows": 72985, "Actual Loops": 1, "Inner Unique": false, "Merge Cond": "(supplier.s_suppkey = lineitem.l_suppkey)", "Join Filter": "(customer.c_nationkey = supplier.s_nationkey)", "Rows Removed by Join Filter": 0, "Plans": [{"Node Type": "Index Scan", "Parent Relationship": "Outer", "Scan Direction": "Forward", "Index Name": "supplier_pkey", "Relation Name": "supplier", "Alias": "supplier", "Startup Cost": 0.0, "Total Cost": 5334.54, "Plan Rows": 100000, "Plan Width": 12, "Actual Startup Time": 0.025, "Actual Total Time": 61.127, "Actual Rows": 100000, "Actual Loops": 1}, {"Node Type": "Sort", "Parent Relationship": "Inner", "Startup Cost": 2094808.59, "Total Cost": 2104030.96, "Plan Rows": 3688948, "Plan Width": 58, "Actual Startup Time": 15615.435, "Actual Total Time": 16058.252, "Actual Rows": 1815222, "Actual Loops": 1, "Sort Key": ["lineitem.l_suppkey"], "Sort Method": "quicksort", "Sort Space Used": 332781, "Sort Space Type": "Memory", "Plans": [{"Node Type": "Nested Loop", "Parent Relationship": "Outer", "Join Type": "Inner", "Startup Cost": 0.0, "Total Cost": 1692440.68, "Plan Rows": 3688948, "Plan Width": 58, "Actual Startup Time": 0.117, "Actual Total Time": 14757.455, "Actual Rows": 1815222, "Actual Loops": 1, "Inner Unique": false, "Plans": [{"Node Type": "Nested Loop", "Parent Relationship": "Outer", "Join Type": "Inner", "Startup Cost": 0.0, "Total Cost": 416646.27, "Plan Rows": 406290, "Plan Width": 42, "Actual Startup Time": 0.103, "Actual Total Time": 8903.343, "Actual Rows": 454183, "Actual Loops": 1, "Inner Unique": false, "Plans": [{"Node Type": "Nested Loop", "Parent Relationship": "Outer", "Join Type": "Inner", "Startup Cost": 0.0, "Total Cost": 41537.47, "Plan Rows": 300000, "Plan Width": 42, "Actual Startup Time": 0.057, "Actual Total Time": 488.916, "Actual Rows": 299838, "Actual Loops": 1, "Inner Unique": false, "Plans": [{"Node Type": "Nested Loop", "Parent Relationship": "Outer", "Join Type": "Inner", "Startup Cost": 0.0, "Total Cost": 25.34, "Plan Rows": 5, "Plan Width": 30, "Actual Startup Time": 0.03, "Actual Total Time": 0.108, "Actual Rows": 5, "Actual Loops": 1, "Inner Unique": true, "Join Filter": "(nation.n_regionkey = region.r_regionkey)", "Rows Removed by Join Filter": 20, "Plans": [{"Node Type": "Index Scan", "Parent Relationship": "Outer", "Scan Direction": "Forward", "Index Name": "nation_pkey", "Relation Name": "nation", "Alias": "nation", "Startup Cost": 0.0, "Total Cost": 12.62, "Plan Rows": 25, "Plan Width": 34, "Actual Startup Time": 0.004, "Actual Total Time": 0.032, "Actual Rows": 25, "Actual Loops": 1}, {"Node Type": "Materialize", "Parent Relationship": "Inner", "Startup Cost": 0.0, "Total Cost": 12.34, "Plan Rows": 1, "Plan Width": 4, "Actual Startup Time": 0.021, "Actual Total Time": 0.024, "Actual Rows": 25, "Actual Loops": 25, "Plans": [{"Node Type": "Index Scan", "Parent Relationship": "Outer", "Scan Direction": "Forward", "Index Name": "region_pkey", "Relation Name": "region", "Alias": "region", "Startup Cost": 0.0, "Total Cost": 12.34, "Plan Rows": 1, "Plan Width": 4, "Actual Startup Time": 0.01, "Actual Total Time": 0.011, "Actual Rows": 1, "Actual Loops": 1, "Filter": "(r_name = 'MIDDLE EAST'::bpchar)", "Rows Removed by Filter": 4}]}]}, {"Node Type": "Index Scan", "Parent Relationship": "Inner", "Scan Direction": "Forward", "Index Name": "idx_customer_nationkey", "Relation Name": "customer", "Alias": "customer", "Startup Cost": 0.0, "Total Cost": 7702.43, "Plan Rows": 60000, "Plan Width": 12, "Actual Startup Time": 0.146, "Actual Total Time": 406.928, "Actual Rows": 299838, "Actual Loops": 5, "Index Cond": "(c_nationkey = nation.n_nationkey)", "Rows Removed by Index Recheck": 0}]}, {"Node Type": "Index Scan", "Parent Relationship": "Inner", "Scan Direction": "Forward", "Index Name": "idx_orders_custkey", "Relation Name": "orders", "Alias": "orders", "Startup Cost": 0.0, "Total Cost": 1.24, "Plan Rows": 1, "Plan Width": 16, "Actual Startup Time": 3852.222, "Actual Total Time": 8151.872, "Actual Rows": 454183, "Actual Loops": 299838, "Index Cond": "(o_custkey = customer.c_custkey)", "Rows Removed by Index Recheck": 0, "Filter": "((o_orderdate >= '1994-01-01 00:00:00'::timestamp(0) without time zone) AND (o_orderdate < '1995-01-01 00:00:00'::timestamp without time zone))", "Rows Removed by Filter": 2542535}]}, {"Node Type": "Index Scan", "Parent Relationship": "Inner", "Scan Direction": "Forward", "Index Name": "idx_lineitem_orderkey", "Relation Name": "lineitem", "Alias": "lineitem", "Startup Cost": 0.0, "Total Cost": 3.05, "Plan Rows": 9, "Plan Width": 32, "Actual Startup Time": 4205.711, "Actual Total Time": 5202.798, "Actual Rows": 1815222, "Actual Loops": 454183, "Index Cond": "(l_orderkey = orders.o_orderkey)", "Rows Removed by Index Recheck": 0}]}]}]}]}]}, "Triggers": [], "Planner Runtime": 7.319, "Total Runtime": 16706.623, "Unique SQL Id": 1392561963}}, "(64, 26)": {"explain_plan": {"Plan": {"Node Type": "Sort", "Startup Cost": 11168359.24, "Total Cost": 11168359.3, "Plan Rows": 25, "Plan Width": 50, "Sort Key": ["(sum((lineitem.l_extendedprice * (1::double precision - lineitem.l_discount)))) DESC"], "Plans": [{"Node Type": "Aggregate", "Strategy": "Hashed", "Parent Relationship": "Outer", "Startup Cost": 11168358.41, "Total Cost": 11168358.66, "Plan Rows": 25, "Plan Width": 50, "Group By Key": ["nation.n_name"], "Plans": [{"Node Type": "Merge Join", "Parent Relationship": "Outer", "Join Type": "Inner", "Startup Cost": 11154931.67, "Total Cost": 11168264.51, "Plan Rows": 9390, "Plan Width": 42, "Inner Unique": true, "Merge Cond": "((orders.o_custkey = customer.c_custkey) AND (supplier.s_nationkey = customer.c_nationkey))", "Plans": [{"Node Type": "Sort", "Parent Relationship": "Outer", "Startup Cost": 10948931.38, "Total Cost": 10949590.63, "Plan Rows": 263699, "Plan Width": 58, "Sort Key": ["orders.o_custkey", "supplier.s_nationkey"], "Plans": [{"Node Type": "Merge Join", "Parent Relationship": "Outer", "Join Type": "Inner", "Startup Cost": 10901730.43, "Total Cost": 10925187.22, "Plan Rows": 263699, "Plan Width": 58, "Inner Unique": true, "Merge Cond": "(lineitem.l_orderkey = orders.o_orderkey)", "Plans": [{"Node Type": "Sort", "Parent Relationship": "Outer", "Startup Cost": 10159345.62, "Total Cost": 10161254.46, "Plan Rows": 763534, "Plan Width": 58, "Sort Key": ["lineitem.l_orderkey"], "Plans": [{"Node Type": "Merge Join", "Parent Relationship": "Outer", "Join Type": "Inner", "Startup Cost": 9777128.51, "Total Cost": 10084739.44, "Plan Rows": 763534, "Plan Width": 58, "Inner Unique": false, "Merge Cond": "(supplier.s_suppkey = lineitem.l_suppkey)", "Plans": [{"Node Type": "Sort", "Parent Relationship": "Outer", "Startup Cost": 12214.41, "Total Cost": 12264.41, "Plan Rows": 20000, "Plan Width": 42, "Sort Key": ["supplier.s_suppkey"], "Plans": [{"Node Type": "Nested Loop", "Parent Relationship": "Outer", "Join Type": "Inner", "Startup Cost": 0.0, "Total Cost": 10785.64, "Plan Rows": 20000, "Plan Width": 42, "Inner Unique": false, "Join Filter": "(nation.n_nationkey = supplier.s_nationkey)", "Plans": [{"Node Type": "Seq Scan", "Parent Relationship": "Outer", "Relation Name": "supplier", "Alias": "supplier", "Startup Cost": 0.0, "Total Cost": 3283.0, "Plan Rows": 100000, "Plan Width": 12}, {"Node Type": "Materialize", "Parent Relationship": "Inner", "Startup Cost": 0.0, "Total Cost": 2.65, "Plan Rows": 5, "Plan Width": 30, "Plans": [{"Node Type": "Nested Loop", "Parent Relationship": "Outer", "Join Type": "Inner", "Startup Cost": 0.0, "Total Cost": 2.62, "Plan Rows": 5, "Plan Width": 30, "Inner Unique": false, "Join Filter": "(nation.n_regionkey = region.r_regionkey)", "Plans": [{"Node Type": "Seq Scan", "Parent Relationship": "Outer", "Relation Name": "region", "Alias": "region", "Startup Cost": 0.0, "Total Cost": 1.06, "Plan Rows": 1, "Plan Width": 4, "Filter": "(r_name = 'MIDDLE EAST'::bpchar)"}, {"Node Type": "Seq Scan", "Parent Relationship": "Inner", "Relation Name": "nation", "Alias": "nation", "Startup Cost": 0.0, "Total Cost": 1.25, "Plan Rows": 25, "Plan Width": 34}]}]}]}]}, {"Node Type": "Sort", "Parent Relationship": "Inner", "Startup Cost": 9764884.32, "Total Cost": 9914851.9, "Plan Rows": 59987033, "Plan Width": 32, "Sort Key": ["lineitem.l_suppkey"], "Plans": [{"Node Type": "Seq Scan", "Parent Relationship": "Outer", "Relation Name": "lineitem", "Alias": "lineitem", "Startup Cost": 0.0, "Total Cost": 2015115.33, "Plan Rows": 59987033, "Plan Width": 32}]}]}]}, {"Node Type": "Sort", "Parent Relationship": "Inner", "Startup Cost": 742384.39, "Total Cost": 748088.78, "Plan Rows": 2281758, "Plan Width": 16, "Sort Key": ["orders.o_orderkey"], "Plans": [{"Node Type": "Seq Scan", "Parent Relationship": "Outer", "Relation Name": "orders", "Alias": "orders", "Startup Cost": 440.98, "Total Cost": 501411.18, "Plan Rows": 2281758, "Plan Width": 16, "Filter": "((o_orderdate >= '1994-01-01 00:00:00'::timestamp(0) without time zone) AND (o_orderdate < '1995-01-01 00:00:00'::timestamp without time zone)), (LLVM Optimized)"}]}]}]}, {"Node Type": "Sort", "Parent Relationship": "Inner", "Startup Cost": 205999.98, "Total Cost": 209749.98, "Plan Rows": 1500000, "Plan Width": 12, "Sort Key": ["customer.c_custkey", "customer.c_nationkey"], "Plans": [{"Node Type": "Seq Scan", "Parent Relationship": "Outer", "Relation Name": "customer", "Alias": "customer", "Startup Cost": 0.0, "Total Cost": 52126.0, "Plan Rows": 1500000, "Plan Width": 12}]}]}]}]}, "Unique SQL Id": 1392561963}, "explain_analyze_plan": null}, "(64, 27)": {"explain_plan": {"Plan": {"Node Type": "Sort", "Startup Cost": 6006900701327.45, "Total Cost": 6006900701327.51, "Plan Rows": 25, "Plan Width": 50, "Sort Key": ["(sum((lineitem.l_extendedprice * (1::double precision - lineitem.l_discount)))) DESC"], "Plans": [{"Node Type": "Aggregate", "Strategy": "Hashed", "Parent Relationship": "Outer", "Startup Cost": 6006900701326.62, "Total Cost": 6006900701326.87, "Plan Rows": 25, "Plan Width": 50, "Group By Key": ["nation.n_name"], "Plans": [{"Node Type": "Merge Join", "Parent Relationship": "Outer", "Join Type": "Inner", "Startup Cost": 60036448550.05, "Total Cost": 6006900701232.72, "Plan Rows": 9390, "Plan Width": 42, "Inner Unique": true, "Merge Cond": "(supplier.s_nationkey = customer.c_nationkey)", "Join Filter": "(orders.o_custkey = customer.c_custkey)", "Plans": [{"Node Type": "Nested Loop", "Parent Relationship": "Outer", "Join Type": "Inner", "Startup Cost": 50036448550.05, "Total Cost": 5006604634115.96, "Plan Rows": 263699, "Plan Width": 58, "Inner Unique": false, "Join Filter": "(lineitem.l_suppkey = supplier.s_suppkey), (LLVM Optimized)", "Plans": [{"Node Type": "Nested Loop", "Parent Relationship": "Outer", "Join Type": "Inner", "Startup Cost": 30000000000.0, "Total Cost": 3000000543701.01, "Plan Rows": 20000, "Plan Width": 42, "Inner Unique": false, "Join Filter": "(nation.n_nationkey = supplier.s_nationkey)", "Plans": [{"Node Type": "Nested Loop", "Parent Relationship": "Outer", "Join Type": "Inner", "Startup Cost": 20000000000.0, "Total Cost": 2000000002496.63, "Plan Rows": 5, "Plan Width": 30, "Inner Unique": true, "Join Filter": "(nation.n_regionkey = region.r_regionkey)", "Plans": [{"Node Type": "Index Scan", "Parent Relationship": "Outer", "Scan Direction": "Forward", "Index Name": "nation_pkey", "Relation Name": "nation", "Alias": "nation", "Startup Cost": 10000000000.0, "Total Cost": 1000000001262.5, "Plan Rows": 25, "Plan Width": 34}, {"Node Type": "Materialize", "Parent Relationship": "Inner", "Startup Cost": 10000000000.0, "Total Cost": 1000000001233.76, "Plan Rows": 1, "Plan Width": 4, "Plans": [{"Node Type": "Index Scan", "Parent Relationship": "Outer", "Scan Direction": "Forward", "Index Name": "region_pkey", "Relation Name": "region", "Alias": "region", "Startup Cost": 10000000000.0, "Total Cost": 1000000001233.75, "Plan Rows": 1, "Plan Width": 4, "Filter": "(r_name = 'MIDDLE EAST'::bpchar)"}]}]}, {"Node Type": "Materialize", "Parent Relationship": "Inner", "Startup Cost": 10000000000.0, "Total Cost": 1000000533954.38, "Plan Rows": 100000, "Plan Width": 12, "Plans": [{"Node Type": "Index Scan", "Parent Relationship": "Outer", "Scan Direction": "Forward", "Index Name": "supplier_pkey", "Relation Name": "supplier", "Alias": "supplier", "Startup Cost": 10000000000.0, "Total Cost": 1000000533454.38, "Plan Rows": 100000, "Plan Width": 12}]}]}, {"Node Type": "Materialize", "Parent Relationship": "Inner", "Startup Cost": 20036448550.05, "Total Cost": 2000388917108.5, "Plan Rows": 20717417, "Plan Width": 32, "Plans": [{"Node Type": "Merge Join", "Parent Relationship": "Outer", "Join Type": "Inner", "Startup Cost": 20036448550.05, "Total Cost": 2000388813521.41, "Plan Rows": 20717417, "Plan Width": 32, "Inner Unique": false, "Merge Cond": "(orders.o_orderkey = lineitem.l_orderkey)", "Plans": [{"Node Type": "Index Scan", "Parent Relationship": "Outer", "Scan Direction": "Forward", "Index Name": "orders_pkey", "Relation Name": "orders", "Alias": "orders", "Startup Cost": 10000000000.0, "Total Cost": 1000080597583.0, "Plan Rows": 2281758, "Plan Width": 16, "Filter": "((o_orderdate >= '1994-01-01 00:00:00'::timestamp(0) without time zone) AND (o_orderdate < '1995-01-01 00:00:00'::timestamp without time zone)), (LLVM Optimized)"}, {"Node Type": "Index Scan", "Parent Relationship": "Inner", "Scan Direction": "Forward", "Index Name": "idx_lineitem_orderkey", "Relation Name": "lineitem", "Alias": "lineitem", "Startup Cost": 10000000000.0, "Total Cost": 1000324015374.5, "Plan Rows": 59987033, "Plan Width": 32}]}]}]}, {"Node Type": "Materialize", "Parent Relationship": "Inner", "Startup Cost": 10000000000.0, "Total Cost": 1000019203896.25, "Plan Rows": 1500000, "Plan Width": 12, "Plans": [{"Node Type": "Index Scan", "Parent Relationship": "Outer", "Scan Direction": "Forward", "Index Name": "idx_customer_nationkey", "Relation Name": "customer", "Alias": "customer", "Startup Cost": 10000000000.0, "Total Cost": 1000019200146.25, "Plan Rows": 1500000, "Plan Width": 12}]}]}]}]}, "Unique SQL Id": 1392561963}, "explain_analyze_plan": null}, "(64, 28)": {"explain_plan": {"Plan": {"Node Type": "Sort", "Startup Cost": 2121854.13, "Total Cost": 2121854.2, "Plan Rows": 25, "Plan Width": 50, "Sort Key": ["(sum((lineitem.l_extendedprice * (1::double precision - lineitem.l_discount)))) DESC"], "Plans": [{"Node Type": "Aggregate", "Strategy": "Hashed", "Parent Relationship": "Outer", "Startup Cost": 2121853.3, "Total Cost": 2121853.55, "Plan Rows": 25, "Plan Width": 50, "Group By Key": ["nation.n_name"], "Plans": [{"Node Type": "Merge Join", "Parent Relationship": "Outer", "Join Type": "Inner", "Startup Cost": 2094799.14, "Total Cost": 2121759.4, "Plan Rows": 9390, "Plan Width": 42, "Inner Unique": false, "Merge Cond": "(supplier.s_suppkey = lineitem.l_suppkey)", "Join Filter": "(customer.c_nationkey = supplier.s_nationkey)", "Plans": [{"Node Type": "Index Scan", "Parent Relationship": "Outer", "Scan Direction": "Forward", "Index Name": "supplier_pkey", "Relation Name": "supplier", "Alias": "supplier", "Startup Cost": 0.0, "Total Cost": 5334.54, "Plan Rows": 100000, "Plan Width": 12}, {"Node Type": "Sort", "Parent Relationship": "Inner", "Startup Cost": 2094797.31, "Total Cost": 2104019.68, "Plan Rows": 3688948, "Plan Width": 58, "Sort Key": ["lineitem.l_suppkey"], "Plans": [{"Node Type": "Nested Loop", "Parent Relationship": "Outer", "Join Type": "Inner", "Startup Cost": 0.0, "Total Cost": 1692429.4, "Plan Rows": 3688948, "Plan Width": 58, "Inner Unique": false, "Plans": [{"Node Type": "Nested Loop", "Parent Relationship": "Outer", "Join Type": "Inner", "Startup Cost": 0.0, "Total Cost": 416634.99, "Plan Rows": 406290, "Plan Width": 42, "Inner Unique": false, "Plans": [{"Node Type": "Nested Loop", "Parent Relationship": "Outer", "Join Type": "Inner", "Startup Cost": 0.0, "Total Cost": 41526.19, "Plan Rows": 300000, "Plan Width": 42, "Inner Unique": false, "Plans": [{"Node Type": "Nested Loop", "Parent Relationship": "Outer", "Join Type": "Inner", "Startup Cost": 0.0, "Total Cost": 14.06, "Plan Rows": 5, "Plan Width": 30, "Inner Unique": true, "Join Filter": "(nation.n_regionkey = region.r_regionkey)", "Plans": [{"Node Type": "Index Scan", "Parent Relationship": "Outer", "Scan Direction": "Forward", "Index Name": "nation_pkey", "Relation Name": "nation", "Alias": "nation", "Startup Cost": 0.0, "Total Cost": 12.62, "Plan Rows": 25, "Plan Width": 34}, {"Node Type": "Materialize", "Parent Relationship": "Inner", "Startup Cost": 0.0, "Total Cost": 1.07, "Plan Rows": 1, "Plan Width": 4, "Plans": [{"Node Type": "Seq Scan", "Parent Relationship": "Outer", "Relation Name": "region", "Alias": "region", "Startup Cost": 0.0, "Total Cost": 1.06, "Plan Rows": 1, "Plan Width": 4, "Filter": "(r_name = 'MIDDLE EAST'::bpchar)"}]}]}, {"Node Type": "Index Scan", "Parent Relationship": "Inner", "Scan Direction": "Forward", "Index Name": "idx_customer_nationkey", "Relation Name": "customer", "Alias": "customer", "Startup Cost": 0.0, "Total Cost": 7702.43, "Plan Rows": 60000, "Plan Width": 12, "Index Cond": "(c_nationkey = nation.n_nationkey)"}]}, {"Node Type": "Index Scan", "Parent Relationship": "Inner", "Scan Direction": "Forward", "Index Name": "idx_orders_custkey", "Relation Name": "orders", "Alias": "orders", "Startup Cost": 0.0, "Total Cost": 1.24, "Plan Rows": 1, "Plan Width": 16, "Index Cond": "(o_custkey = customer.c_custkey)", "Filter": "((o_orderdate >= '1994-01-01 00:00:00'::timestamp(0) without time zone) AND (o_orderdate < '1995-01-01 00:00:00'::timestamp without time zone))"}]}, {"Node Type": "Index Scan", "Parent Relationship": "Inner", "Scan Direction": "Forward", "Index Name": "idx_lineitem_orderkey", "Relation Name": "lineitem", "Alias": "lineitem", "Startup Cost": 0.0, "Total Cost": 3.05, "Plan Rows": 9, "Plan Width": 32, "Index Cond": "(l_orderkey = orders.o_orderkey)"}]}]}]}]}]}, "Unique SQL Id": 1392561963}, "explain_analyze_plan": {"Plan": {"Node Type": "Sort", "Startup Cost": 2121854.13, "Total Cost": 2121854.2, "Plan Rows": 25, "Plan Width": 50, "Actual Startup Time": 16180.23, "Actual Total Time": 16180.23, "Actual Rows": 5, "Actual Loops": 1, "Sort Key": ["(sum((lineitem.l_extendedprice * (1::double precision - lineitem.l_discount)))) DESC"], "Sort Method": "quicksort", "Sort Space Used": 25, "Sort Space Type": "Memory", "Plans": [{"Node Type": "Aggregate", "Strategy": "Hashed", "Parent Relationship": "Outer", "Startup Cost": 2121853.3, "Total Cost": 2121853.55, "Plan Rows": 25, "Plan Width": 50, "Actual Startup Time": 16180.2, "Actual Total Time": 16180.203, "Actual Rows": 5, "Actual Loops": 1, "Group By Key": ["nation.n_name"], "Plans": [{"Node Type": "Merge Join", "Parent Relationship": "Outer", "Join Type": "Inner", "Startup Cost": 2094799.14, "Total Cost": 2121759.4, "Plan Rows": 9390, "Plan Width": 42, "Actual Startup Time": 15134.309, "Actual Total Time": 16131.989, "Actual Rows": 72985, "Actual Loops": 1, "Inner Unique": false, "Merge Cond": "(supplier.s_suppkey = lineitem.l_suppkey)", "Join Filter": "(customer.c_nationkey = supplier.s_nationkey)", "Rows Removed by Join Filter": 0, "Plans": [{"Node Type": "Index Scan", "Parent Relationship": "Outer", "Scan Direction": "Forward", "Index Name": "supplier_pkey", "Relation Name": "supplier", "Alias": "supplier", "Startup Cost": 0.0, "Total Cost": 5334.54, "Plan Rows": 100000, "Plan Width": 12, "Actual Startup Time": 0.025, "Actual Total Time": 59.56, "Actual Rows": 100000, "Actual Loops": 1}, {"Node Type": "Sort", "Parent Relationship": "Inner", "Startup Cost": 2094797.31, "Total Cost": 2104019.68, "Plan Rows": 3688948, "Plan Width": 58, "Actual Startup Time": 15133.88, "Actual Total Time": 15536.524, "Actual Rows": 1815222, "Actual Loops": 1, "Sort Key": ["lineitem.l_suppkey"], "Sort Method": "quicksort", "Sort Space Used": 332781, "Sort Space Type": "Memory", "Plans": [{"Node Type": "Nested Loop", "Parent Relationship": "Outer", "Join Type": "Inner", "Startup Cost": 0.0, "Total Cost": 1692429.4, "Plan Rows": 3688948, "Plan Width": 58, "Actual Startup Time": 0.126, "Actual Total Time": 14278.804, "Actual Rows": 1815222, "Actual Loops": 1, "Inner Unique": false, "Plans": [{"Node Type": "Nested Loop", "Parent Relationship": "Outer", "Join Type": "Inner", "Startup Cost": 0.0, "Total Cost": 416634.99, "Plan Rows": 406290, "Plan Width": 42, "Actual Startup Time": 0.111, "Actual Total Time": 8518.604, "Actual Rows": 454183, "Actual Loops": 1, "Inner Unique": false, "Plans": [{"Node Type": "Nested Loop", "Parent Relationship": "Outer", "Join Type": "Inner", "Startup Cost": 0.0, "Total Cost": 41526.19, "Plan Rows": 300000, "Plan Width": 42, "Actual Startup Time": 0.066, "Actual Total Time": 465.479, "Actual Rows": 299838, "Actual Loops": 1, "Inner Unique": false, "Plans": [{"Node Type": "Nested Loop", "Parent Relationship": "Outer", "Join Type": "Inner", "Startup Cost": 0.0, "Total Cost": 14.06, "Plan Rows": 5, "Plan Width": 30, "Actual Startup Time": 0.038, "Actual Total Time": 0.186, "Actual Rows": 5, "Actual Loops": 1, "Inner Unique": true, "Join Filter": "(nation.n_regionkey = region.r_regionkey)", "Rows Removed by Join Filter": 20, "Plans": [{"Node Type": "Index Scan", "Parent Relationship": "Outer", "Scan Direction": "Forward", "Index Name": "nation_pkey", "Relation Name": "nation", "Alias": "nation", "Startup Cost": 0.0, "Total Cost": 12.62, "Plan Rows": 25, "Plan Width": 34, "Actual Startup Time": 0.003, "Actual Total Time": 0.098, "Actual Rows": 25, "Actual Loops": 1}, {"Node Type": "Materialize", "Parent Relationship": "Inner", "Startup Cost": 0.0, "Total Cost": 1.07, "Plan Rows": 1, "Plan Width": 4, "Actual Startup Time": 0.035, "Actual Total Time": 0.041, "Actual Rows": 25, "Actual Loops": 25, "Plans": [{"Node Type": "Seq Scan", "Parent Relationship": "Outer", "Relation Name": "region", "Alias": "region", "Startup Cost": 0.0, "Total Cost": 1.06, "Plan Rows": 1, "Plan Width": 4, "Actual Startup Time": 0.017, "Actual Total Time": 0.019, "Actual Rows": 1, "Actual Loops": 1, "Filter": "(r_name = 'MIDDLE EAST'::bpchar)", "Rows Removed by Filter": 4}]}]}, {"Node Type": "Index Scan", "Parent Relationship": "Inner", "Scan Direction": "Forward", "Index Name": "idx_customer_nationkey", "Relation Name": "customer", "Alias": "customer", "Startup Cost": 0.0, "Total Cost": 7702.43, "Plan Rows": 60000, "Plan Width": 12, "Actual Startup Time": 0.16, "Actual Total Time": 383.515, "Actual Rows": 299838, "Actual Loops": 5, "Index Cond": "(c_nationkey = nation.n_nationkey)", "Rows Removed by Index Recheck": 0}]}, {"Node Type": "Index Scan", "Parent Relationship": "Inner", "Scan Direction": "Forward", "Index Name": "idx_orders_custkey", "Relation Name": "orders", "Alias": "orders", "Startup Cost": 0.0, "Total Cost": 1.24, "Plan Rows": 1, "Plan Width": 16, "Actual Startup Time": 3678.028, "Actual Total Time": 7773.607, "Actual Rows": 454183, "Actual Loops": 299838, "Index Cond": "(o_custkey = customer.c_custkey)", "Rows Removed by Index Recheck": 0, "Filter": "((o_orderdate >= '1994-01-01 00:00:00'::timestamp(0) without time zone) AND (o_orderdate < '1995-01-01 00:00:00'::timestamp without time zone))", "Rows Removed by Filter": 2542535}]}, {"Node Type": "Index Scan", "Parent Relationship": "Inner", "Scan Direction": "Forward", "Index Name": "idx_lineitem_orderkey", "Relation Name": "lineitem", "Alias": "lineitem", "Startup Cost": 0.0, "Total Cost": 3.05, "Plan Rows": 9, "Plan Width": 32, "Actual Startup Time": 4093.956, "Actual Total Time": 5103.581, "Actual Rows": 1815222, "Actual Loops": 454183, "Index Cond": "(l_orderkey = orders.o_orderkey)", "Rows Removed by Index Recheck": 0}]}]}]}]}]}, "Triggers": [], "Planner Runtime": 7.473, "Total Runtime": 16180.55, "Unique SQL Id": 1392561963}}, "(64, 29)": {"explain_plan": {"Plan": {"Node Type": "Sort", "Startup Cost": 2121865.46, "Total Cost": 2121865.52, "Plan Rows": 25, "Plan Width": 50, "Sort Key": ["(sum((lineitem.l_extendedprice * (1::double precision - lineitem.l_discount)))) DESC"], "Plans": [{"Node Type": "Aggregate", "Strategy": "Hashed", "Parent Relationship": "Outer", "Startup Cost": 2121864.63, "Total Cost": 2121864.88, "Plan Rows": 25, "Plan Width": 50, "Group By Key": ["nation.n_name"], "Plans": [{"Node Type": "Merge Join", "Parent Relationship": "Outer", "Join Type": "Inner", "Startup Cost": 2094810.42, "Total Cost": 2121770.73, "Plan Rows": 9390, "Plan Width": 42, "Inner Unique": false, "Merge Cond": "(supplier.s_suppkey = lineitem.l_suppkey)", "Join Filter": "(customer.c_nationkey = supplier.s_nationkey)", "Plans": [{"Node Type": "Index Scan", "Parent Relationship": "Outer", "Scan Direction": "Forward", "Index Name": "supplier_pkey", "Relation Name": "supplier", "Alias": "supplier", "Startup Cost": 0.0, "Total Cost": 5334.54, "Plan Rows": 100000, "Plan Width": 12}, {"Node Type": "Sort", "Parent Relationship": "Inner", "Startup Cost": 2094808.59, "Total Cost": 2104030.96, "Plan Rows": 3688948, "Plan Width": 58, "Sort Key": ["lineitem.l_suppkey"], "Plans": [{"Node Type": "Nested Loop", "Parent Relationship": "Outer", "Join Type": "Inner", "Startup Cost": 0.0, "Total Cost": 1692440.68, "Plan Rows": 3688948, "Plan Width": 58, "Inner Unique": false, "Plans": [{"Node Type": "Nested Loop", "Parent Relationship": "Outer", "Join Type": "Inner", "Startup Cost": 0.0, "Total Cost": 416646.27, "Plan Rows": 406290, "Plan Width": 42, "Inner Unique": false, "Plans": [{"Node Type": "Nested Loop", "Parent Relationship": "Outer", "Join Type": "Inner", "Startup Cost": 0.0, "Total Cost": 41537.47, "Plan Rows": 300000, "Plan Width": 42, "Inner Unique": false, "Plans": [{"Node Type": "Nested Loop", "Parent Relationship": "Outer", "Join Type": "Inner", "Startup Cost": 0.0, "Total Cost": 25.34, "Plan Rows": 5, "Plan Width": 30, "Inner Unique": true, "Join Filter": "(nation.n_regionkey = region.r_regionkey)", "Plans": [{"Node Type": "Index Scan", "Parent Relationship": "Outer", "Scan Direction": "Forward", "Index Name": "nation_pkey", "Relation Name": "nation", "Alias": "nation", "Startup Cost": 0.0, "Total Cost": 12.62, "Plan Rows": 25, "Plan Width": 34}, {"Node Type": "Materialize", "Parent Relationship": "Inner", "Startup Cost": 0.0, "Total Cost": 12.34, "Plan Rows": 1, "Plan Width": 4, "Plans": [{"Node Type": "Index Scan", "Parent Relationship": "Outer", "Scan Direction": "Forward", "Index Name": "region_pkey", "Relation Name": "region", "Alias": "region", "Startup Cost": 0.0, "Total Cost": 12.34, "Plan Rows": 1, "Plan Width": 4, "Filter": "(r_name = 'MIDDLE EAST'::bpchar)"}]}]}, {"Node Type": "Index Scan", "Parent Relationship": "Inner", "Scan Direction": "Forward", "Index Name": "idx_customer_nationkey", "Relation Name": "customer", "Alias": "customer", "Startup Cost": 0.0, "Total Cost": 7702.43, "Plan Rows": 60000, "Plan Width": 12, "Index Cond": "(c_nationkey = nation.n_nationkey)"}]}, {"Node Type": "Index Scan", "Parent Relationship": "Inner", "Scan Direction": "Forward", "Index Name": "idx_orders_custkey", "Relation Name": "orders", "Alias": "orders", "Startup Cost": 0.0, "Total Cost": 1.24, "Plan Rows": 1, "Plan Width": 16, "Index Cond": "(o_custkey = customer.c_custkey)", "Filter": "((o_orderdate >= '1994-01-01 00:00:00'::timestamp(0) without time zone) AND (o_orderdate < '1995-01-01 00:00:00'::timestamp without time zone))"}]}, {"Node Type": "Index Scan", "Parent Relationship": "Inner", "Scan Direction": "Forward", "Index Name": "idx_lineitem_orderkey", "Relation Name": "lineitem", "Alias": "lineitem", "Startup Cost": 0.0, "Total Cost": 3.05, "Plan Rows": 9, "Plan Width": 32, "Index Cond": "(l_orderkey = orders.o_orderkey)"}]}]}]}]}]}, "Unique SQL Id": 1392561963}, "explain_analyze_plan": {"Plan": {"Node Type": "Sort", "Startup Cost": 2121865.46, "Total Cost": 2121865.52, "Plan Rows": 25, "Plan Width": 50, "Actual Startup Time": 16706.302, "Actual Total Time": 16706.302, "Actual Rows": 5, "Actual Loops": 1, "Sort Key": ["(sum((lineitem.l_extendedprice * (1::double precision - lineitem.l_discount)))) DESC"], "Sort Method": "quicksort", "Sort Space Used": 25, "Sort Space Type": "Memory", "Plans": [{"Node Type": "Aggregate", "Strategy": "Hashed", "Parent Relationship": "Outer", "Startup Cost": 2121864.63, "Total Cost": 2121864.88, "Plan Rows": 25, "Plan Width": 50, "Actual Startup Time": 16706.273, "Actual Total Time": 16706.275, "Actual Rows": 5, "Actual Loops": 1, "Group By Key": ["nation.n_name"], "Plans": [{"Node Type": "Merge Join", "Parent Relationship": "Outer", "Join Type": "Inner", "Startup Cost": 2094810.42, "Total Cost": 2121770.73, "Plan Rows": 9390, "Plan Width": 42, "Actual Startup Time": 15615.866, "Actual Total Time": 16656.337, "Actual Rows": 72985, "Actual Loops": 1, "Inner Unique": false, "Merge Cond": "(supplier.s_suppkey = lineitem.l_suppkey)", "Join Filter": "(customer.c_nationkey = supplier.s_nationkey)", "Rows Removed by Join Filter": 0, "Plans": [{"Node Type": "Index Scan", "Parent Relationship": "Outer", "Scan Direction": "Forward", "Index Name": "supplier_pkey", "Relation Name": "supplier", "Alias": "supplier", "Startup Cost": 0.0, "Total Cost": 5334.54, "Plan Rows": 100000, "Plan Width": 12, "Actual Startup Time": 0.025, "Actual Total Time": 61.127, "Actual Rows": 100000, "Actual Loops": 1}, {"Node Type": "Sort", "Parent Relationship": "Inner", "Startup Cost": 2094808.59, "Total Cost": 2104030.96, "Plan Rows": 3688948, "Plan Width": 58, "Actual Startup Time": 15615.435, "Actual Total Time": 16058.252, "Actual Rows": 1815222, "Actual Loops": 1, "Sort Key": ["lineitem.l_suppkey"], "Sort Method": "quicksort", "Sort Space Used": 332781, "Sort Space Type": "Memory", "Plans": [{"Node Type": "Nested Loop", "Parent Relationship": "Outer", "Join Type": "Inner", "Startup Cost": 0.0, "Total Cost": 1692440.68, "Plan Rows": 3688948, "Plan Width": 58, "Actual Startup Time": 0.117, "Actual Total Time": 14757.455, "Actual Rows": 1815222, "Actual Loops": 1, "Inner Unique": false, "Plans": [{"Node Type": "Nested Loop", "Parent Relationship": "Outer", "Join Type": "Inner", "Startup Cost": 0.0, "Total Cost": 416646.27, "Plan Rows": 406290, "Plan Width": 42, "Actual Startup Time": 0.103, "Actual Total Time": 8903.343, "Actual Rows": 454183, "Actual Loops": 1, "Inner Unique": false, "Plans": [{"Node Type": "Nested Loop", "Parent Relationship": "Outer", "Join Type": "Inner", "Startup Cost": 0.0, "Total Cost": 41537.47, "Plan Rows": 300000, "Plan Width": 42, "Actual Startup Time": 0.057, "Actual Total Time": 488.916, "Actual Rows": 299838, "Actual Loops": 1, "Inner Unique": false, "Plans": [{"Node Type": "Nested Loop", "Parent Relationship": "Outer", "Join Type": "Inner", "Startup Cost": 0.0, "Total Cost": 25.34, "Plan Rows": 5, "Plan Width": 30, "Actual Startup Time": 0.03, "Actual Total Time": 0.108, "Actual Rows": 5, "Actual Loops": 1, "Inner Unique": true, "Join Filter": "(nation.n_regionkey = region.r_regionkey)", "Rows Removed by Join Filter": 20, "Plans": [{"Node Type": "Index Scan", "Parent Relationship": "Outer", "Scan Direction": "Forward", "Index Name": "nation_pkey", "Relation Name": "nation", "Alias": "nation", "Startup Cost": 0.0, "Total Cost": 12.62, "Plan Rows": 25, "Plan Width": 34, "Actual Startup Time": 0.004, "Actual Total Time": 0.032, "Actual Rows": 25, "Actual Loops": 1}, {"Node Type": "Materialize", "Parent Relationship": "Inner", "Startup Cost": 0.0, "Total Cost": 12.34, "Plan Rows": 1, "Plan Width": 4, "Actual Startup Time": 0.021, "Actual Total Time": 0.024, "Actual Rows": 25, "Actual Loops": 25, "Plans": [{"Node Type": "Index Scan", "Parent Relationship": "Outer", "Scan Direction": "Forward", "Index Name": "region_pkey", "Relation Name": "region", "Alias": "region", "Startup Cost": 0.0, "Total Cost": 12.34, "Plan Rows": 1, "Plan Width": 4, "Actual Startup Time": 0.01, "Actual Total Time": 0.011, "Actual Rows": 1, "Actual Loops": 1, "Filter": "(r_name = 'MIDDLE EAST'::bpchar)", "Rows Removed by Filter": 4}]}]}, {"Node Type": "Index Scan", "Parent Relationship": "Inner", "Scan Direction": "Forward", "Index Name": "idx_customer_nationkey", "Relation Name": "customer", "Alias": "customer", "Startup Cost": 0.0, "Total Cost": 7702.43, "Plan Rows": 60000, "Plan Width": 12, "Actual Startup Time": 0.146, "Actual Total Time": 406.928, "Actual Rows": 299838, "Actual Loops": 5, "Index Cond": "(c_nationkey = nation.n_nationkey)", "Rows Removed by Index Recheck": 0}]}, {"Node Type": "Index Scan", "Parent Relationship": "Inner", "Scan Direction": "Forward", "Index Name": "idx_orders_custkey", "Relation Name": "orders", "Alias": "orders", "Startup Cost": 0.0, "Total Cost": 1.24, "Plan Rows": 1, "Plan Width": 16, "Actual Startup Time": 3852.222, "Actual Total Time": 8151.872, "Actual Rows": 454183, "Actual Loops": 299838, "Index Cond": "(o_custkey = customer.c_custkey)", "Rows Removed by Index Recheck": 0, "Filter": "((o_orderdate >= '1994-01-01 00:00:00'::timestamp(0) without time zone) AND (o_orderdate < '1995-01-01 00:00:00'::timestamp without time zone))", "Rows Removed by Filter": 2542535}]}, {"Node Type": "Index Scan", "Parent Relationship": "Inner", "Scan Direction": "Forward", "Index Name": "idx_lineitem_orderkey", "Relation Name": "lineitem", "Alias": "lineitem", "Startup Cost": 0.0, "Total Cost": 3.05, "Plan Rows": 9, "Plan Width": 32, "Actual Startup Time": 4205.711, "Actual Total Time": 5202.798, "Actual Rows": 1815222, "Actual Loops": 454183, "Index Cond": "(l_orderkey = orders.o_orderkey)", "Rows Removed by Index Recheck": 0}]}]}]}]}]}, "Triggers": [], "Planner Runtime": 7.319, "Total Runtime": 16706.623, "Unique SQL Id": 1392561963}}, "(64, 30)": {"explain_plan": {"Plan": {"Node Type": "Sort", "Startup Cost": 11168359.24, "Total Cost": 11168359.3, "Plan Rows": 25, "Plan Width": 50, "Sort Key": ["(sum((lineitem.l_extendedprice * (1::double precision - lineitem.l_discount)))) DESC"], "Plans": [{"Node Type": "Aggregate", "Strategy": "Hashed", "Parent Relationship": "Outer", "Startup Cost": 11168358.41, "Total Cost": 11168358.66, "Plan Rows": 25, "Plan Width": 50, "Group By Key": ["nation.n_name"], "Plans": [{"Node Type": "Merge Join", "Parent Relationship": "Outer", "Join Type": "Inner", "Startup Cost": 11154931.67, "Total Cost": 11168264.51, "Plan Rows": 9390, "Plan Width": 42, "Inner Unique": true, "Merge Cond": "((orders.o_custkey = customer.c_custkey) AND (supplier.s_nationkey = customer.c_nationkey))", "Plans": [{"Node Type": "Sort", "Parent Relationship": "Outer", "Startup Cost": 10948931.38, "Total Cost": 10949590.63, "Plan Rows": 263699, "Plan Width": 58, "Sort Key": ["orders.o_custkey", "supplier.s_nationkey"], "Plans": [{"Node Type": "Merge Join", "Parent Relationship": "Outer", "Join Type": "Inner", "Startup Cost": 10901730.43, "Total Cost": 10925187.22, "Plan Rows": 263699, "Plan Width": 58, "Inner Unique": true, "Merge Cond": "(lineitem.l_orderkey = orders.o_orderkey)", "Plans": [{"Node Type": "Sort", "Parent Relationship": "Outer", "Startup Cost": 10159345.62, "Total Cost": 10161254.46, "Plan Rows": 763534, "Plan Width": 58, "Sort Key": ["lineitem.l_orderkey"], "Plans": [{"Node Type": "Merge Join", "Parent Relationship": "Outer", "Join Type": "Inner", "Startup Cost": 9777128.51, "Total Cost": 10084739.44, "Plan Rows": 763534, "Plan Width": 58, "Inner Unique": false, "Merge Cond": "(supplier.s_suppkey = lineitem.l_suppkey)", "Plans": [{"Node Type": "Sort", "Parent Relationship": "Outer", "Startup Cost": 12214.41, "Total Cost": 12264.41, "Plan Rows": 20000, "Plan Width": 42, "Sort Key": ["supplier.s_suppkey"], "Plans": [{"Node Type": "Nested Loop", "Parent Relationship": "Outer", "Join Type": "Inner", "Startup Cost": 0.0, "Total Cost": 10785.64, "Plan Rows": 20000, "Plan Width": 42, "Inner Unique": false, "Join Filter": "(nation.n_nationkey = supplier.s_nationkey)", "Plans": [{"Node Type": "Seq Scan", "Parent Relationship": "Outer", "Relation Name": "supplier", "Alias": "supplier", "Startup Cost": 0.0, "Total Cost": 3283.0, "Plan Rows": 100000, "Plan Width": 12}, {"Node Type": "Materialize", "Parent Relationship": "Inner", "Startup Cost": 0.0, "Total Cost": 2.65, "Plan Rows": 5, "Plan Width": 30, "Plans": [{"Node Type": "Nested Loop", "Parent Relationship": "Outer", "Join Type": "Inner", "Startup Cost": 0.0, "Total Cost": 2.62, "Plan Rows": 5, "Plan Width": 30, "Inner Unique": false, "Join Filter": "(nation.n_regionkey = region.r_regionkey)", "Plans": [{"Node Type": "Seq Scan", "Parent Relationship": "Outer", "Relation Name": "region", "Alias": "region", "Startup Cost": 0.0, "Total Cost": 1.06, "Plan Rows": 1, "Plan Width": 4, "Filter": "(r_name = 'MIDDLE EAST'::bpchar)"}, {"Node Type": "Seq Scan", "Parent Relationship": "Inner", "Relation Name": "nation", "Alias": "nation", "Startup Cost": 0.0, "Total Cost": 1.25, "Plan Rows": 25, "Plan Width": 34}]}]}]}]}, {"Node Type": "Sort", "Parent Relationship": "Inner", "Startup Cost": 9764884.32, "Total Cost": 9914851.9, "Plan Rows": 59987033, "Plan Width": 32, "Sort Key": ["lineitem.l_suppkey"], "Plans": [{"Node Type": "Seq Scan", "Parent Relationship": "Outer", "Relation Name": "lineitem", "Alias": "lineitem", "Startup Cost": 0.0, "Total Cost": 2015115.33, "Plan Rows": 59987033, "Plan Width": 32}]}]}]}, {"Node Type": "Sort", "Parent Relationship": "Inner", "Startup Cost": 742384.39, "Total Cost": 748088.78, "Plan Rows": 2281758, "Plan Width": 16, "Sort Key": ["orders.o_orderkey"], "Plans": [{"Node Type": "Seq Scan", "Parent Relationship": "Outer", "Relation Name": "orders", "Alias": "orders", "Startup Cost": 440.98, "Total Cost": 501411.18, "Plan Rows": 2281758, "Plan Width": 16, "Filter": "((o_orderdate >= '1994-01-01 00:00:00'::timestamp(0) without time zone) AND (o_orderdate < '1995-01-01 00:00:00'::timestamp without time zone)), (LLVM Optimized)"}]}]}]}, {"Node Type": "Sort", "Parent Relationship": "Inner", "Startup Cost": 205999.98, "Total Cost": 209749.98, "Plan Rows": 1500000, "Plan Width": 12, "Sort Key": ["customer.c_custkey", "customer.c_nationkey"], "Plans": [{"Node Type": "Seq Scan", "Parent Relationship": "Outer", "Relation Name": "customer", "Alias": "customer", "Startup Cost": 0.0, "Total Cost": 52126.0, "Plan Rows": 1500000, "Plan Width": 12}]}]}]}]}, "Unique SQL Id": 1392561963}, "explain_analyze_plan": null}, "(64, 31)": {"explain_plan": {"Plan": {"Node Type": "Sort", "Startup Cost": 6006900701327.45, "Total Cost": 6006900701327.51, "Plan Rows": 25, "Plan Width": 50, "Sort Key": ["(sum((lineitem.l_extendedprice * (1::double precision - lineitem.l_discount)))) DESC"], "Plans": [{"Node Type": "Aggregate", "Strategy": "Hashed", "Parent Relationship": "Outer", "Startup Cost": 6006900701326.62, "Total Cost": 6006900701326.87, "Plan Rows": 25, "Plan Width": 50, "Group By Key": ["nation.n_name"], "Plans": [{"Node Type": "Merge Join", "Parent Relationship": "Outer", "Join Type": "Inner", "Startup Cost": 60036448550.05, "Total Cost": 6006900701232.72, "Plan Rows": 9390, "Plan Width": 42, "Inner Unique": true, "Merge Cond": "(supplier.s_nationkey = customer.c_nationkey)", "Join Filter": "(orders.o_custkey = customer.c_custkey)", "Plans": [{"Node Type": "Nested Loop", "Parent Relationship": "Outer", "Join Type": "Inner", "Startup Cost": 50036448550.05, "Total Cost": 5006604634115.96, "Plan Rows": 263699, "Plan Width": 58, "Inner Unique": false, "Join Filter": "(lineitem.l_suppkey = supplier.s_suppkey), (LLVM Optimized)", "Plans": [{"Node Type": "Nested Loop", "Parent Relationship": "Outer", "Join Type": "Inner", "Startup Cost": 30000000000.0, "Total Cost": 3000000543701.01, "Plan Rows": 20000, "Plan Width": 42, "Inner Unique": false, "Join Filter": "(nation.n_nationkey = supplier.s_nationkey)", "Plans": [{"Node Type": "Nested Loop", "Parent Relationship": "Outer", "Join Type": "Inner", "Startup Cost": 20000000000.0, "Total Cost": 2000000002496.63, "Plan Rows": 5, "Plan Width": 30, "Inner Unique": true, "Join Filter": "(nation.n_regionkey = region.r_regionkey)", "Plans": [{"Node Type": "Index Scan", "Parent Relationship": "Outer", "Scan Direction": "Forward", "Index Name": "nation_pkey", "Relation Name": "nation", "Alias": "nation", "Startup Cost": 10000000000.0, "Total Cost": 1000000001262.5, "Plan Rows": 25, "Plan Width": 34}, {"Node Type": "Materialize", "Parent Relationship": "Inner", "Startup Cost": 10000000000.0, "Total Cost": 1000000001233.76, "Plan Rows": 1, "Plan Width": 4, "Plans": [{"Node Type": "Index Scan", "Parent Relationship": "Outer", "Scan Direction": "Forward", "Index Name": "region_pkey", "Relation Name": "region", "Alias": "region", "Startup Cost": 10000000000.0, "Total Cost": 1000000001233.75, "Plan Rows": 1, "Plan Width": 4, "Filter": "(r_name = 'MIDDLE EAST'::bpchar)"}]}]}, {"Node Type": "Materialize", "Parent Relationship": "Inner", "Startup Cost": 10000000000.0, "Total Cost": 1000000533954.38, "Plan Rows": 100000, "Plan Width": 12, "Plans": [{"Node Type": "Index Scan", "Parent Relationship": "Outer", "Scan Direction": "Forward", "Index Name": "supplier_pkey", "Relation Name": "supplier", "Alias": "supplier", "Startup Cost": 10000000000.0, "Total Cost": 1000000533454.38, "Plan Rows": 100000, "Plan Width": 12}]}]}, {"Node Type": "Materialize", "Parent Relationship": "Inner", "Startup Cost": 20036448550.05, "Total Cost": 2000388917108.5, "Plan Rows": 20717417, "Plan Width": 32, "Plans": [{"Node Type": "Merge Join", "Parent Relationship": "Outer", "Join Type": "Inner", "Startup Cost": 20036448550.05, "Total Cost": 2000388813521.41, "Plan Rows": 20717417, "Plan Width": 32, "Inner Unique": false, "Merge Cond": "(orders.o_orderkey = lineitem.l_orderkey)", "Plans": [{"Node Type": "Index Scan", "Parent Relationship": "Outer", "Scan Direction": "Forward", "Index Name": "orders_pkey", "Relation Name": "orders", "Alias": "orders", "Startup Cost": 10000000000.0, "Total Cost": 1000080597583.0, "Plan Rows": 2281758, "Plan Width": 16, "Filter": "((o_orderdate >= '1994-01-01 00:00:00'::timestamp(0) without time zone) AND (o_orderdate < '1995-01-01 00:00:00'::timestamp without time zone)), (LLVM Optimized)"}, {"Node Type": "Index Scan", "Parent Relationship": "Inner", "Scan Direction": "Forward", "Index Name": "idx_lineitem_orderkey", "Relation Name": "lineitem", "Alias": "lineitem", "Startup Cost": 10000000000.0, "Total Cost": 1000324015374.5, "Plan Rows": 59987033, "Plan Width": 32}]}]}]}, {"Node Type": "Materialize", "Parent Relationship": "Inner", "Startup Cost": 10000000000.0, "Total Cost": 1000019203896.25, "Plan Rows": 1500000, "Plan Width": 12, "Plans": [{"Node Type": "Index Scan", "Parent Relationship": "Outer", "Scan Direction": "Forward", "Index Name": "idx_customer_nationkey", "Relation Name": "customer", "Alias": "customer", "Startup Cost": 10000000000.0, "Total Cost": 1000019200146.25, "Plan Rows": 1500000, "Plan Width": 12}]}]}]}]}, "Unique SQL Id": 1392561963}, "explain_analyze_plan": null}, "(64, 32)": {"explain_plan": {"Plan": {"Node Type": "Sort", "Startup Cost": 1720718.42, "Total Cost": 1720718.49, "Plan Rows": 25, "Plan Width": 50, "Sort Key": ["(sum((lineitem.l_extendedprice * (1::double precision - lineitem.l_discount)))) DESC"], "Plans": [{"Node Type": "Aggregate", "Strategy": "Hashed", "Parent Relationship": "Outer", "Startup Cost": 1720717.59, "Total Cost": 1720717.84, "Plan Rows": 25, "Plan Width": 50, "Group By Key": ["nation.n_name"], "Plans": [{"Node Type": "Hash Join", "Parent Relationship": "Outer", "Join Type": "Inner", "Startup Cost": 5813.37, "Total Cost": 1720623.69, "Plan Rows": 9390, "Plan Width": 42, "Inner Unique": true, "Hash Cond": "((lineitem.l_suppkey = supplier.s_suppkey) AND (customer.c_nationkey = supplier.s_nationkey))", "Plans": [{"Node Type": "Nested Loop", "Parent Relationship": "Outer", "Join Type": "Inner", "Startup Cost": 1030.37, "Total Cost": 1688079.68, "Plan Rows": 3688948, "Plan Width": 58, "Inner Unique": false, "Plans": [{"Node Type": "Nested Loop", "Parent Relationship": "Outer", "Join Type": "Inner", "Startup Cost": 1030.37, "Total Cost": 412285.27, "Plan Rows": 406290, "Plan Width": 42, "Inner Unique": false, "Plans": [{"Node Type": "Nested Loop", "Parent Relationship": "Outer", "Join Type": "Inner", "Startup Cost": 1030.37, "Total Cost": 37176.47, "Plan Rows": 300000, "Plan Width": 42, "Inner Unique": false, "Plans": [{"Node Type": "Nested Loop", "Parent Relationship": "Outer", "Join Type": "Inner", "Startup Cost": 0.0, "Total Cost": 14.06, "Plan Rows": 5, "Plan Width": 30, "Inner Unique": true, "Join Filter": "(nation.n_regionkey = region.r_regionkey)", "Plans": [{"Node Type": "Index Scan", "Parent Relationship": "Outer", "Scan Direction": "Forward", "Index Name": "nation_pkey", "Relation Name": "nation", "Alias": "nation", "Startup Cost": 0.0, "Total Cost": 12.62, "Plan Rows": 25, "Plan Width": 34}, {"Node Type": "Materialize", "Parent Relationship": "Inner", "Startup Cost": 0.0, "Total Cost": 1.07, "Plan Rows": 1, "Plan Width": 4, "Plans": [{"Node Type": "Seq Scan", "Parent Relationship": "Outer", "Relation Name": "region", "Alias": "region", "Startup Cost": 0.0, "Total Cost": 1.06, "Plan Rows": 1, "Plan Width": 4, "Filter": "(r_name = 'MIDDLE EAST'::bpchar)"}]}]}, {"Node Type": "Bitmap Heap Scan", "Parent Relationship": "Inner", "Relation Name": "customer", "Alias": "customer", "Startup Cost": 1030.37, "Total Cost": 6832.48, "Plan Rows": 60000, "Plan Width": 12, "Recheck Cond": "(c_nationkey = nation.n_nationkey)", "Plans": [{"Node Type": "Bitmap Index Scan", "Parent Relationship": "Outer", "Index Name": "idx_customer_nationkey", "Startup Cost": 0.0, "Total Cost": 1015.37, "Plan Rows": 60000, "Plan Width": 0, "Index Cond": "(c_nationkey = nation.n_nationkey)"}]}]}, {"Node Type": "Index Scan", "Parent Relationship": "Inner", "Scan Direction": "Forward", "Index Name": "idx_orders_custkey", "Relation Name": "orders", "Alias": "orders", "Startup Cost": 0.0, "Total Cost": 1.24, "Plan Rows": 1, "Plan Width": 16, "Index Cond": "(o_custkey = customer.c_custkey)", "Filter": "((o_orderdate >= '1994-01-01 00:00:00'::timestamp(0) without time zone) AND (o_orderdate < '1995-01-01 00:00:00'::timestamp without time zone))"}]}, {"Node Type": "Index Scan", "Parent Relationship": "Inner", "Scan Direction": "Forward", "Index Name": "idx_lineitem_orderkey", "Relation Name": "lineitem", "Alias": "lineitem", "Startup Cost": 0.0, "Total Cost": 3.05, "Plan Rows": 9, "Plan Width": 32, "Index Cond": "(l_orderkey = orders.o_orderkey)"}]}, {"Node Type": "Hash", "Parent Relationship": "Inner", "Startup Cost": 3283.0, "Total Cost": 3283.0, "Plan Rows": 100000, "Plan Width": 12, "Plans": [{"Node Type": "Seq Scan", "Parent Relationship": "Outer", "Relation Name": "supplier", "Alias": "supplier", "Startup Cost": 0.0, "Total Cost": 3283.0, "Plan Rows": 100000, "Plan Width": 12}]}]}]}]}, "Unique SQL Id": 1392561963}, "explain_analyze_plan": {"Plan": {"Node Type": "Sort", "Startup Cost": 1720718.42, "Total Cost": 1720718.49, "Plan Rows": 25, "Plan Width": 50, "Actual Startup Time": 15454.184, "Actual Total Time": 15454.184, "Actual Rows": 5, "Actual Loops": 1, "Sort Key": ["(sum((lineitem.l_extendedprice * (1::double precision - lineitem.l_discount)))) DESC"], "Sort Method": "quicksort", "Sort Space Used": 25, "Sort Space Type": "Memory", "Plans": [{"Node Type": "Aggregate", "Strategy": "Hashed", "Parent Relationship": "Outer", "Startup Cost": 1720717.59, "Total Cost": 1720717.84, "Plan Rows": 25, "Plan Width": 50, "Actual Startup Time": 15454.155, "Actual Total Time": 15454.157, "Actual Rows": 5, "Actual Loops": 1, "Group By Key": ["nation.n_name"], "Plans": [{"Node Type": "Hash Join", "Parent Relationship": "Outer", "Join Type": "Inner", "Startup Cost": 5813.37, "Total Cost": 1720623.69, "Plan Rows": 9390, "Plan Width": 42, "Actual Startup Time": 84.294, "Actual Total Time": 15371.404, "Actual Rows": 72985, "Actual Loops": 1, "Inner Unique": true, "Hash Cond": "((lineitem.l_suppkey = supplier.s_suppkey) AND (customer.c_nationkey = supplier.s_nationkey))", "Plans": [{"Node Type": "Nested Loop", "Parent Relationship": "Outer", "Join Type": "Inner", "Startup Cost": 1030.37, "Total Cost": 1688079.68, "Plan Rows": 3688948, "Plan Width": 58, "Actual Startup Time": 17.826, "Actual Total Time": 14516.719, "Actual Rows": 1815222, "Actual Loops": 1, "Inner Unique": false, "Plans": [{"Node Type": "Nested Loop", "Parent Relationship": "Outer", "Join Type": "Inner", "Startup Cost": 1030.37, "Total Cost": 412285.27, "Plan Rows": 406290, "Plan Width": 42, "Actual Startup Time": 17.812, "Actual Total Time": 8794.893, "Actual Rows": 454183, "Actual Loops": 1, "Inner Unique": false, "Plans": [{"Node Type": "Nested Loop", "Parent Relationship": "Outer", "Join Type": "Inner", "Startup Cost": 1030.37, "Total Cost": 37176.47, "Plan Rows": 300000, "Plan Width": 42, "Actual Startup Time": 17.75, "Actual Total Time": 613.706, "Actual Rows": 299838, "Actual Loops": 1, "Inner Unique": false, "Plans": [{"Node Type": "Nested Loop", "Parent Relationship": "Outer", "Join Type": "Inner", "Startup Cost": 0.0, "Total Cost": 14.06, "Plan Rows": 5, "Plan Width": 30, "Actual Startup Time": 0.046, "Actual Total Time": 0.124, "Actual Rows": 5, "Actual Loops": 1, "Inner Unique": true, "Join Filter": "(nation.n_regionkey = region.r_regionkey)", "Rows Removed by Join Filter": 20, "Plans": [{"Node Type": "Index Scan", "Parent Relationship": "Outer", "Scan Direction": "Forward", "Index Name": "nation_pkey", "Relation Name": "nation", "Alias": "nation", "Startup Cost": 0.0, "Total Cost": 12.62, "Plan Rows": 25, "Plan Width": 34, "Actual Startup Time": 0.012, "Actual Total Time": 0.048, "Actual Rows": 25, "Actual Loops": 1}, {"Node Type": "Materialize", "Parent Relationship": "Inner", "Startup Cost": 0.0, "Total Cost": 1.07, "Plan Rows": 1, "Plan Width": 4, "Actual Startup Time": 0.034, "Actual Total Time": 0.036, "Actual Rows": 25, "Actual Loops": 25, "Plans": [{"Node Type": "Seq Scan", "Parent Relationship": "Outer", "Relation Name": "region", "Alias": "region", "Startup Cost": 0.0, "Total Cost": 1.06, "Plan Rows": 1, "Plan Width": 4, "Actual Startup Time": 0.018, "Actual Total Time": 0.02, "Actual Rows": 1, "Actual Loops": 1, "Filter": "(r_name = 'MIDDLE EAST'::bpchar)", "Rows Removed by Filter": 4}]}]}, {"Node Type": "Bitmap Heap Scan", "Parent Relationship": "Inner", "Relation Name": "customer", "Alias": "customer", "Startup Cost": 1030.37, "Total Cost": 6832.48, "Plan Rows": 60000, "Plan Width": 12, "Actual Startup Time": 91.634, "Actual Total Time": 540.82, "Actual Rows": 299838, "Actual Loops": 5, "Recheck Cond": "(c_nationkey = nation.n_nationkey)", "Rows Removed by Index Recheck": 0, "Exact Heap Blocks": 150033, "Lossy Heap Blocks": 150033, "Plans": [{"Node Type": "Bitmap Index Scan", "Parent Relationship": "Outer", "Index Name": "idx_customer_nationkey", "Startup Cost": 0.0, "Total Cost": 1015.37, "Plan Rows": 60000, "Plan Width": 0, "Actual Startup Time": 58.507, "Actual Total Time": 58.507, "Actual Rows": 299838, "Actual Loops": 5, "Index Cond": "(c_nationkey = nation.n_nationkey)"}]}]}, {"Node Type": "Index Scan", "Parent Relationship": "Inner", "Scan Direction": "Forward", "Index Name": "idx_orders_custkey", "Relation Name": "orders", "Alias": "orders", "Startup Cost": 0.0, "Total Cost": 1.24, "Plan Rows": 1, "Plan Width": 16, "Actual Startup Time": 3749.723, "Actual Total Time": 7918.798, "Actual Rows": 454183, "Actual Loops": 299838, "Index Cond": "(o_custkey = customer.c_custkey)", "Rows Removed by Index Recheck": 0, "Filter": "((o_orderdate >= '1994-01-01 00:00:00'::timestamp(0) without time zone) AND (o_orderdate < '1995-01-01 00:00:00'::timestamp without time zone))", "Rows Removed by Filter": 2542535}]}, {"Node Type": "Index Scan", "Parent Relationship": "Inner", "Scan Direction": "Forward", "Index Name": "idx_lineitem_orderkey", "Relation Name": "lineitem", "Alias": "lineitem", "Startup Cost": 0.0, "Total Cost": 3.05, "Plan Rows": 9, "Plan Width": 32, "Actual Startup Time": 4090.386, "Actual Total Time": 5073.619, "Actual Rows": 1815222, "Actual Loops": 454183, "Index Cond": "(l_orderkey = orders.o_orderkey)", "Rows Removed by Index Recheck": 0}]}, {"Node Type": "Hash", "Parent Relationship": "Inner", "Startup Cost": 3283.0, "Total Cost": 3283.0, "Plan Rows": 100000, "Plan Width": 12, "Actual Startup Time": 66.236, "Actual Total Time": 66.236, "Actual Rows": 100000, "Actual Loops": 1, "Hash Buckets": 131072, "Hash Batches": 1, "Original Hash Batches": 1, "Peak Memory Usage": 4297, "Plans": [{"Node Type": "Seq Scan", "Parent Relationship": "Outer", "Relation Name": "supplier", "Alias": "supplier", "Startup Cost": 0.0, "Total Cost": 3283.0, "Plan Rows": 100000, "Plan Width": 12, "Actual Startup Time": 0.015, "Actual Total Time": 35.271, "Actual Rows": 100000, "Actual Loops": 1}]}]}]}]}, "Triggers": [], "Planner Runtime": 10.062, "Total Runtime": 15454.633, "Unique SQL Id": 1392561963}}, "(64, 33)": {"explain_plan": {"Plan": {"Node Type": "Sort", "Startup Cost": 1722781.24, "Total Cost": 1722781.31, "Plan Rows": 25, "Plan Width": 50, "Sort Key": ["(sum((lineitem.l_extendedprice * (1::double precision - lineitem.l_discount)))) DESC"], "Plans": [{"Node Type": "Aggregate", "Strategy": "Hashed", "Parent Relationship": "Outer", "Startup Cost": 1722780.41, "Total Cost": 1722780.66, "Plan Rows": 25, "Plan Width": 50, "Group By Key": ["nation.n_name"], "Plans": [{"Node Type": "Hash Join", "Parent Relationship": "Outer", "Join Type": "Inner", "Startup Cost": 7864.91, "Total Cost": 1722686.51, "Plan Rows": 9390, "Plan Width": 42, "Inner Unique": true, "Hash Cond": "((lineitem.l_suppkey = supplier.s_suppkey) AND (customer.c_nationkey = supplier.s_nationkey))", "Plans": [{"Node Type": "Nested Loop", "Parent Relationship": "Outer", "Join Type": "Inner", "Startup Cost": 1030.37, "Total Cost": 1688090.96, "Plan Rows": 3688948, "Plan Width": 58, "Inner Unique": false, "Plans": [{"Node Type": "Nested Loop", "Parent Relationship": "Outer", "Join Type": "Inner", "Startup Cost": 1030.37, "Total Cost": 412296.55, "Plan Rows": 406290, "Plan Width": 42, "Inner Unique": false, "Plans": [{"Node Type": "Nested Loop", "Parent Relationship": "Outer", "Join Type": "Inner", "Startup Cost": 1030.37, "Total Cost": 37187.75, "Plan Rows": 300000, "Plan Width": 42, "Inner Unique": false, "Plans": [{"Node Type": "Nested Loop", "Parent Relationship": "Outer", "Join Type": "Inner", "Startup Cost": 0.0, "Total Cost": 25.34, "Plan Rows": 5, "Plan Width": 30, "Inner Unique": true, "Join Filter": "(nation.n_regionkey = region.r_regionkey)", "Plans": [{"Node Type": "Index Scan", "Parent Relationship": "Outer", "Scan Direction": "Forward", "Index Name": "nation_pkey", "Relation Name": "nation", "Alias": "nation", "Startup Cost": 0.0, "Total Cost": 12.62, "Plan Rows": 25, "Plan Width": 34}, {"Node Type": "Materialize", "Parent Relationship": "Inner", "Startup Cost": 0.0, "Total Cost": 12.34, "Plan Rows": 1, "Plan Width": 4, "Plans": [{"Node Type": "Index Scan", "Parent Relationship": "Outer", "Scan Direction": "Forward", "Index Name": "region_pkey", "Relation Name": "region", "Alias": "region", "Startup Cost": 0.0, "Total Cost": 12.34, "Plan Rows": 1, "Plan Width": 4, "Filter": "(r_name = 'MIDDLE EAST'::bpchar)"}]}]}, {"Node Type": "Bitmap Heap Scan", "Parent Relationship": "Inner", "Relation Name": "customer", "Alias": "customer", "Startup Cost": 1030.37, "Total Cost": 6832.48, "Plan Rows": 60000, "Plan Width": 12, "Recheck Cond": "(c_nationkey = nation.n_nationkey)", "Plans": [{"Node Type": "Bitmap Index Scan", "Parent Relationship": "Outer", "Index Name": "idx_customer_nationkey", "Startup Cost": 0.0, "Total Cost": 1015.37, "Plan Rows": 60000, "Plan Width": 0, "Index Cond": "(c_nationkey = nation.n_nationkey)"}]}]}, {"Node Type": "Index Scan", "Parent Relationship": "Inner", "Scan Direction": "Forward", "Index Name": "idx_orders_custkey", "Relation Name": "orders", "Alias": "orders", "Startup Cost": 0.0, "Total Cost": 1.24, "Plan Rows": 1, "Plan Width": 16, "Index Cond": "(o_custkey = customer.c_custkey)", "Filter": "((o_orderdate >= '1994-01-01 00:00:00'::timestamp(0) without time zone) AND (o_orderdate < '1995-01-01 00:00:00'::timestamp without time zone))"}]}, {"Node Type": "Index Scan", "Parent Relationship": "Inner", "Scan Direction": "Forward", "Index Name": "idx_lineitem_orderkey", "Relation Name": "lineitem", "Alias": "lineitem", "Startup Cost": 0.0, "Total Cost": 3.05, "Plan Rows": 9, "Plan Width": 32, "Index Cond": "(l_orderkey = orders.o_orderkey)"}]}, {"Node Type": "Hash", "Parent Relationship": "Inner", "Startup Cost": 5334.54, "Total Cost": 5334.54, "Plan Rows": 100000, "Plan Width": 12, "Plans": [{"Node Type": "Index Scan", "Parent Relationship": "Outer", "Scan Direction": "Forward", "Index Name": "supplier_pkey", "Relation Name": "supplier", "Alias": "supplier", "Startup Cost": 0.0, "Total Cost": 5334.54, "Plan Rows": 100000, "Plan Width": 12}]}]}]}]}, "Unique SQL Id": 1392561963}, "explain_analyze_plan": {"Plan": {"Node Type": "Sort", "Startup Cost": 1722781.24, "Total Cost": 1722781.31, "Plan Rows": 25, "Plan Width": 50, "Actual Startup Time": 16427.987, "Actual Total Time": 16427.987, "Actual Rows": 5, "Actual Loops": 1, "Sort Key": ["(sum((lineitem.l_extendedprice * (1::double precision - lineitem.l_discount)))) DESC"], "Sort Method": "quicksort", "Sort Space Used": 25, "Sort Space Type": "Memory", "Plans": [{"Node Type": "Aggregate", "Strategy": "Hashed", "Parent Relationship": "Outer", "Startup Cost": 1722780.41, "Total Cost": 1722780.66, "Plan Rows": 25, "Plan Width": 50, "Actual Startup Time": 16427.946, "Actual Total Time": 16427.947, "Actual Rows": 5, "Actual Loops": 1, "Group By Key": ["nation.n_name"], "Plans": [{"Node Type": "Hash Join", "Parent Relationship": "Outer", "Join Type": "Inner", "Startup Cost": 7864.91, "Total Cost": 1722686.51, "Plan Rows": 9390, "Plan Width": 42, "Actual Startup Time": 110.187, "Actual Total Time": 16347.916, "Actual Rows": 72985, "Actual Loops": 1, "Inner Unique": true, "Hash Cond": "((lineitem.l_suppkey = supplier.s_suppkey) AND (customer.c_nationkey = supplier.s_nationkey))", "Plans": [{"Node Type": "Nested Loop", "Parent Relationship": "Outer", "Join Type": "Inner", "Startup Cost": 1030.37, "Total Cost": 1688090.96, "Plan Rows": 3688948, "Plan Width": 58, "Actual Startup Time": 17.781, "Actual Total Time": 15429.896, "Actual Rows": 1815222, "Actual Loops": 1, "Inner Unique": false, "Plans": [{"Node Type": "Nested Loop", "Parent Relationship": "Outer", "Join Type": "Inner", "Startup Cost": 1030.37, "Total Cost": 412296.55, "Plan Rows": 406290, "Plan Width": 42, "Actual Startup Time": 17.765, "Actual Total Time": 9528.909, "Actual Rows": 454183, "Actual Loops": 1, "Inner Unique": false, "Plans": [{"Node Type": "Nested Loop", "Parent Relationship": "Outer", "Join Type": "Inner", "Startup Cost": 1030.37, "Total Cost": 37187.75, "Plan Rows": 300000, "Plan Width": 42, "Actual Startup Time": 17.695, "Actual Total Time": 665.624, "Actual Rows": 299838, "Actual Loops": 1, "Inner Unique": false, "Plans": [{"Node Type": "Nested Loop", "Parent Relationship": "Outer", "Join Type": "Inner", "Startup Cost": 0.0, "Total Cost": 25.34, "Plan Rows": 5, "Plan Width": 30, "Actual Startup Time": 0.054, "Actual Total Time": 0.143, "Actual Rows": 5, "Actual Loops": 1, "Inner Unique": true, "Join Filter": "(nation.n_regionkey = region.r_regionkey)", "Rows Removed by Join Filter": 20, "Plans": [{"Node Type": "Index Scan", "Parent Relationship": "Outer", "Scan Direction": "Forward", "Index Name": "nation_pkey", "Relation Name": "nation", "Alias": "nation", "Startup Cost": 0.0, "Total Cost": 12.62, "Plan Rows": 25, "Plan Width": 34, "Actual Startup Time": 0.017, "Actual Total Time": 0.048, "Actual Rows": 25, "Actual Loops": 1}, {"Node Type": "Materialize", "Parent Relationship": "Inner", "Startup Cost": 0.0, "Total Cost": 12.34, "Plan Rows": 1, "Plan Width": 4, "Actual Startup Time": 0.04, "Actual Total Time": 0.045, "Actual Rows": 25, "Actual Loops": 25, "Plans": [{"Node Type": "Index Scan", "Parent Relationship": "Outer", "Scan Direction": "Forward", "Index Name": "region_pkey", "Relation Name": "region", "Alias": "region", "Startup Cost": 0.0, "Total Cost": 12.34, "Plan Rows": 1, "Plan Width": 4, "Actual Startup Time": 0.015, "Actual Total Time": 0.017, "Actual Rows": 1, "Actual Loops": 1, "Filter": "(r_name = 'MIDDLE EAST'::bpchar)", "Rows Removed by Filter": 4}]}]}, {"Node Type": "Bitmap Heap Scan", "Parent Relationship": "Inner", "Relation Name": "customer", "Alias": "customer", "Startup Cost": 1030.37, "Total Cost": 6832.48, "Plan Rows": 60000, "Plan Width": 12, "Actual Startup Time": 90.433, "Actual Total Time": 590.86, "Actual Rows": 299838, "Actual Loops": 5, "Recheck Cond": "(c_nationkey = nation.n_nationkey)", "Rows Removed by Index Recheck": 0, "Exact Heap Blocks": 150033, "Lossy Heap Blocks": 150033, "Plans": [{"Node Type": "Bitmap Index Scan", "Parent Relationship": "Outer", "Index Name": "idx_customer_nationkey", "Startup Cost": 0.0, "Total Cost": 1015.37, "Plan Rows": 60000, "Plan Width": 0, "Actual Startup Time": 57.422, "Actual Total Time": 57.422, "Actual Rows": 299838, "Actual Loops": 5, "Index Cond": "(c_nationkey = nation.n_nationkey)"}]}]}, {"Node Type": "Index Scan", "Parent Relationship": "Inner", "Scan Direction": "Forward", "Index Name": "idx_orders_custkey", "Relation Name": "orders", "Alias": "orders", "Startup Cost": 0.0, "Total Cost": 1.24, "Plan Rows": 1, "Plan Width": 16, "Actual Startup Time": 4070.167, "Actual Total Time": 8603.831, "Actual Rows": 454183, "Actual Loops": 299838, "Index Cond": "(o_custkey = customer.c_custkey)", "Rows Removed by Index Recheck": 0, "Filter": "((o_orderdate >= '1994-01-01 00:00:00'::timestamp(0) without time zone) AND (o_orderdate < '1995-01-01 00:00:00'::timestamp without time zone))", "Rows Removed by Filter": 2542535}]}, {"Node Type": "Index Scan", "Parent Relationship": "Inner", "Scan Direction": "Forward", "Index Name": "idx_lineitem_orderkey", "Relation Name": "lineitem", "Alias": "lineitem", "Startup Cost": 0.0, "Total Cost": 3.05, "Plan Rows": 9, "Plan Width": 32, "Actual Startup Time": 4291.298, "Actual Total Time": 5252.184, "Actual Rows": 1815222, "Actual Loops": 454183, "Index Cond": "(l_orderkey = orders.o_orderkey)", "Rows Removed by Index Recheck": 0}]}, {"Node Type": "Hash", "Parent Relationship": "Inner", "Startup Cost": 5334.54, "Total Cost": 5334.54, "Plan Rows": 100000, "Plan Width": 12, "Actual Startup Time": 92.174, "Actual Total Time": 92.174, "Actual Rows": 100000, "Actual Loops": 1, "Hash Buckets": 131072, "Hash Batches": 1, "Original Hash Batches": 1, "Peak Memory Usage": 4297, "Plans": [{"Node Type": "Index Scan", "Parent Relationship": "Outer", "Scan Direction": "Forward", "Index Name": "supplier_pkey", "Relation Name": "supplier", "Alias": "supplier", "Startup Cost": 0.0, "Total Cost": 5334.54, "Plan Rows": 100000, "Plan Width": 12, "Actual Startup Time": 0.022, "Actual Total Time": 60.032, "Actual Rows": 100000, "Actual Loops": 1}]}]}]}]}, "Triggers": [], "Planner Runtime": 5.434, "Total Runtime": 16428.461, "Unique SQL Id": 1392561963}}, "(64, 34)": {"explain_plan": {"Plan": {"Node Type": "Sort", "Startup Cost": 2457247.05, "Total Cost": 2457247.11, "Plan Rows": 25, "Plan Width": 50, "Sort Key": ["(sum((lineitem.l_extendedprice * (1::double precision - lineitem.l_discount)))) DESC"], "Plans": [{"Node Type": "Aggregate", "Strategy": "Hashed", "Parent Relationship": "Outer", "Startup Cost": 2457246.22, "Total Cost": 2457246.47, "Plan Rows": 25, "Plan Width": 50, "Group By Key": ["nation.n_name"], "Plans": [{"Node Type": "Hash Join", "Parent Relationship": "Outer", "Join Type": "Inner", "Startup Cost": 104058.84, "Total Cost": 2457152.32, "Plan Rows": 9390, "Plan Width": 42, "Inner Unique": true, "Hash Cond": "((lineitem.l_suppkey = supplier.s_suppkey) AND (customer.c_nationkey = supplier.s_nationkey))", "Plans": [{"Node Type": "Nested Loop", "Parent Relationship": "Outer", "Join Type": "Inner", "Startup Cost": 99275.84, "Total Cost": 2424608.31, "Plan Rows": 3688948, "Plan Width": 58, "Inner Unique": false, "Plans": [{"Node Type": "Hash Join", "Parent Relationship": "Outer", "Join Type": "Inner", "Startup Cost": 99275.12, "Total Cost": 422539.98, "Plan Rows": 406290, "Plan Width": 42, "Inner Unique": false, "Hash Cond": "(orders.o_custkey = customer.c_custkey), (LLVM Optimized)", "Plans": [{"Node Type": "Bitmap Heap Scan", "Parent Relationship": "Outer", "Relation Name": "orders", "Alias": "orders", "Startup Cost": 58360.27, "Total Cost": 369005.64, "Plan Rows": 2281758, "Plan Width": 16, "Recheck Cond": "((o_orderdate >= '1994-01-01 00:00:00'::timestamp(0) without time zone) AND (o_orderdate < '1995-01-01 00:00:00'::timestamp without time zone)), (LLVM Optimized)", "Plans": [{"Node Type": "Bitmap Index Scan", "Parent Relationship": "Outer", "Index Name": "idx_orders_orderdate", "Startup Cost": 0.0, "Total Cost": 57789.83, "Plan Rows": 2281758, "Plan Width": 0, "Index Cond": "((o_orderdate >= '1994-01-01 00:00:00'::timestamp(0) without time zone) AND (o_orderdate < '1995-01-01 00:00:00'::timestamp without time zone))"}]}, {"Node Type": "Hash", "Parent Relationship": "Inner", "Startup Cost": 37164.85, "Total Cost": 37164.85, "Plan Rows": 300000, "Plan Width": 42, "Plans": [{"Node Type": "Nested Loop", "Parent Relationship": "Outer", "Join Type": "Inner", "Startup Cost": 1031.44, "Total Cost": 37164.85, "Plan Rows": 300000, "Plan Width": 42, "Inner Unique": false, "Plans": [{"Node Type": "Hash Join", "Parent Relationship": "Outer", "Join Type": "Inner", "Startup Cost": 1.07, "Total Cost": 2.44, "Plan Rows": 5, "Plan Width": 30, "Inner Unique": true, "Hash Cond": "(nation.n_regionkey = region.r_regionkey)", "Plans": [{"Node Type": "Seq Scan", "Parent Relationship": "Outer", "Relation Name": "nation", "Alias": "nation", "Startup Cost": 0.0, "Total Cost": 1.25, "Plan Rows": 25, "Plan Width": 34}, {"Node Type": "Hash", "Parent Relationship": "Inner", "Startup Cost": 1.06, "Total Cost": 1.06, "Plan Rows": 1, "Plan Width": 4, "Plans": [{"Node Type": "Seq Scan", "Parent Relationship": "Outer", "Relation Name": "region", "Alias": "region", "Startup Cost": 0.0, "Total Cost": 1.06, "Plan Rows": 1, "Plan Width": 4, "Filter": "(r_name = 'MIDDLE EAST'::bpchar)"}]}]}, {"Node Type": "Bitmap Heap Scan", "Parent Relationship": "Inner", "Relation Name": "customer", "Alias": "customer", "Startup Cost": 1030.37, "Total Cost": 6832.48, "Plan Rows": 60000, "Plan Width": 12, "Recheck Cond": "(c_nationkey = nation.n_nationkey)", "Plans": [{"Node Type": "Bitmap Index Scan", "Parent Relationship": "Outer", "Index Name": "idx_customer_nationkey", "Startup Cost": 0.0, "Total Cost": 1015.37, "Plan Rows": 60000, "Plan Width": 0, "Index Cond": "(c_nationkey = nation.n_nationkey)"}]}]}]}]}, {"Node Type": "Bitmap Heap Scan", "Parent Relationship": "Inner", "Relation Name": "lineitem", "Alias": "lineitem", "Startup Cost": 0.73, "Total Cost": 4.84, "Plan Rows": 9, "Plan Width": 32, "Recheck Cond": "(l_orderkey = orders.o_orderkey)", "Plans": [{"Node Type": "Bitmap Index Scan", "Parent Relationship": "Outer", "Index Name": "idx_lineitem_orderkey", "Startup Cost": 0.0, "Total Cost": 0.72, "Plan Rows": 9, "Plan Width": 0, "Index Cond": "(l_orderkey = orders.o_orderkey)"}]}]}, {"Node Type": "Hash", "Parent Relationship": "Inner", "Startup Cost": 3283.0, "Total Cost": 3283.0, "Plan Rows": 100000, "Plan Width": 12, "Plans": [{"Node Type": "Seq Scan", "Parent Relationship": "Outer", "Relation Name": "supplier", "Alias": "supplier", "Startup Cost": 0.0, "Total Cost": 3283.0, "Plan Rows": 100000, "Plan Width": 12}]}]}]}]}, "Unique SQL Id": 1392561963}, "explain_analyze_plan": {"Plan": {"Node Type": "Sort", "Startup Cost": 2457247.05, "Total Cost": 2457247.11, "Plan Rows": 25, "Plan Width": 50, "Actual Startup Time": 9892.981, "Actual Total Time": 9892.982, "Actual Rows": 5, "Actual Loops": 1, "Sort Key": ["(sum((lineitem.l_extendedprice * (1::double precision - lineitem.l_discount)))) DESC"], "Sort Method": "quicksort", "Sort Space Used": 25, "Sort Space Type": "Memory", "Plans": [{"Node Type": "Aggregate", "Strategy": "Hashed", "Parent Relationship": "Outer", "Startup Cost": 2457246.22, "Total Cost": 2457246.47, "Plan Rows": 25, "Plan Width": 50, "Actual Startup Time": 9892.948, "Actual Total Time": 9892.949, "Actual Rows": 5, "Actual Loops": 1, "Group By Key": ["nation.n_name"], "Plans": [{"Node Type": "Hash Join", "Parent Relationship": "Outer", "Join Type": "Inner", "Startup Cost": 104058.84, "Total Cost": 2457152.32, "Plan Rows": 9390, "Plan Width": 42, "Actual Startup Time": 1460.536, "Actual Total Time": 9816.959, "Actual Rows": 72985, "Actual Loops": 1, "Inner Unique": true, "Hash Cond": "((lineitem.l_suppkey = supplier.s_suppkey) AND (customer.c_nationkey = supplier.s_nationkey))", "Plans": [{"Node Type": "Nested Loop", "Parent Relationship": "Outer", "Join Type": "Inner", "Startup Cost": 99275.84, "Total Cost": 2424608.31, "Plan Rows": 3688948, "Plan Width": 58, "Actual Startup Time": 1393.628, "Actual Total Time": 9046.788, "Actual Rows": 1815222, "Actual Loops": 1, "Inner Unique": false, "Plans": [{"Node Type": "Hash Join", "Parent Relationship": "Outer", "Join Type": "Inner", "Startup Cost": 99275.12, "Total Cost": 422539.98, "Plan Rows": 406290, "Plan Width": 42, "Actual Startup Time": 1393.568, "Actual Total Time": 4081.354, "Actual Rows": 454183, "Actual Loops": 1, "Inner Unique": false, "Hash Cond": "(orders.o_custkey = customer.c_custkey), (LLVM Optimized, Jit Execute)", "Plans": [{"Node Type": "Bitmap Heap Scan", "Parent Relationship": "Outer", "Relation Name": "orders", "Alias": "orders", "Startup Cost": 58360.27, "Total Cost": 369005.64, "Plan Rows": 2281758, "Plan Width": 16, "Actual Startup Time": 793.807, "Actual Total Time": 2432.74, "Actual Rows": 2275919, "Actual Loops": 1, "Recheck Cond": "((o_orderdate >= '1994-01-01 00:00:00'::timestamp(0) without time zone) AND (o_orderdate < '1995-01-01 00:00:00'::timestamp without time zone)), (LLVM Optimized, Jit Execute)", "Rows Removed by Index Recheck": 0, "Exact Heap Blocks": 276381, "Lossy Heap Blocks": 276381, "Plans": [{"Node Type": "Bitmap Index Scan", "Parent Relationship": "Outer", "Index Name": "idx_orders_orderdate", "Startup Cost": 0.0, "Total Cost": 57789.83, "Plan Rows": 2281758, "Plan Width": 0, "Actual Startup Time": 694.69, "Actual Total Time": 694.69, "Actual Rows": 2275919, "Actual Loops": 1, "Index Cond": "((o_orderdate >= '1994-01-01 00:00:00'::timestamp(0) without time zone) AND (o_orderdate < '1995-01-01 00:00:00'::timestamp without time zone))"}]}, {"Node Type": "Hash", "Parent Relationship": "Inner", "Startup Cost": 37164.85, "Total Cost": 37164.85, "Plan Rows": 300000, "Plan Width": 42, "Actual Startup Time": 599.316, "Actual Total Time": 599.316, "Actual Rows": 299838, "Actual Loops": 1, "Hash Buckets": 524288, "Hash Batches": 1, "Original Hash Batches": 1, "Peak Memory Usage": 22254, "Plans": [{"Node Type": "Nested Loop", "Parent Relationship": "Outer", "Join Type": "Inner", "Startup Cost": 1031.44, "Total Cost": 37164.85, "Plan Rows": 300000, "Plan Width": 42, "Actual Startup Time": 18.061, "Actual Total Time": 491.225, "Actual Rows": 299838, "Actual Loops": 1, "Inner Unique": false, "Plans": [{"Node Type": "Hash Join", "Parent Relationship": "Outer", "Join Type": "Inner", "Startup Cost": 1.07, "Total Cost": 2.44, "Plan Rows": 5, "Plan Width": 30, "Actual Startup Time": 0.093, "Actual Total Time": 0.166, "Actual Rows": 5, "Actual Loops": 1, "Inner Unique": true, "Hash Cond": "(nation.n_regionkey = region.r_regionkey)", "Plans": [{"Node Type": "Seq Scan", "Parent Relationship": "Outer", "Relation Name": "nation", "Alias": "nation", "Startup Cost": 0.0, "Total Cost": 1.25, "Plan Rows": 25, "Plan Width": 34, "Actual Startup Time": 0.018, "Actual Total Time": 0.04, "Actual Rows": 25, "Actual Loops": 1}, {"Node Type": "Hash", "Parent Relationship": "Inner", "Startup Cost": 1.06, "Total Cost": 1.06, "Plan Rows": 1, "Plan Width": 4, "Actual Startup Time": 0.033, "Actual Total Time": 0.033, "Actual Rows": 1, "Actual Loops": 1, "Hash Buckets": 32768, "Hash Batches": 1, "Original Hash Batches": 1, "Peak Memory Usage": 1, "Plans": [{"Node Type": "Seq Scan", "Parent Relationship": "Outer", "Relation Name": "region", "Alias": "region", "Startup Cost": 0.0, "Total Cost": 1.06, "Plan Rows": 1, "Plan Width": 4, "Actual Startup Time": 0.026, "Actual Total Time": 0.027, "Actual Rows": 1, "Actual Loops": 1, "Filter": "(r_name = 'MIDDLE EAST'::bpchar)", "Rows Removed by Filter": 4}]}]}, {"Node Type": "Bitmap Heap Scan", "Parent Relationship": "Inner", "Relation Name": "customer", "Alias": "customer", "Startup Cost": 1030.37, "Total Cost": 6832.48, "Plan Rows": 60000, "Plan Width": 12, "Actual Startup Time": 89.306, "Actual Total Time": 422.918, "Actual Rows": 299838, "Actual Loops": 5, "Recheck Cond": "(c_nationkey = nation.n_nationkey)", "Rows Removed by Index Recheck": 0, "Exact Heap Blocks": 150033, "Lossy Heap Blocks": 150033, "Plans": [{"Node Type": "Bitmap Index Scan", "Parent Relationship": "Outer", "Index Name": "idx_customer_nationkey", "Startup Cost": 0.0, "Total Cost": 1015.37, "Plan Rows": 60000, "Plan Width": 0, "Actual Startup Time": 56.368, "Actual Total Time": 56.368, "Actual Rows": 299838, "Actual Loops": 5, "Index Cond": "(c_nationkey = nation.n_nationkey)"}]}]}]}]}, {"Node Type": "Bitmap Heap Scan", "Parent Relationship": "Inner", "Relation Name": "lineitem", "Alias": "lineitem", "Startup Cost": 0.73, "Total Cost": 4.84, "Plan Rows": 9, "Plan Width": 32, "Actual Startup Time": 3737.424, "Actual Total Time": 4055.724, "Actual Rows": 1815222, "Actual Loops": 454183, "Recheck Cond": "(l_orderkey = orders.o_orderkey)", "Rows Removed by Index Recheck": 0, "Exact Heap Blocks": 486530, "Lossy Heap Blocks": 486530, "Plans": [{"Node Type": "Bitmap Index Scan", "Parent Relationship": "Outer", "Index Name": "idx_lineitem_orderkey", "Startup Cost": 0.0, "Total Cost": 0.72, "Plan Rows": 9, "Plan Width": 0, "Actual Startup Time": 2054.09, "Actual Total Time": 2054.09, "Actual Rows": 1815222, "Actual Loops": 454183, "Index Cond": "(l_orderkey = orders.o_orderkey)"}]}]}, {"Node Type": "Hash", "Parent Relationship": "Inner", "Startup Cost": 3283.0, "Total Cost": 3283.0, "Plan Rows": 100000, "Plan Width": 12, "Actual Startup Time": 66.741, "Actual Total Time": 66.741, "Actual Rows": 100000, "Actual Loops": 1, "Hash Buckets": 131072, "Hash Batches": 1, "Original Hash Batches": 1, "Peak Memory Usage": 4297, "Plans": [{"Node Type": "Seq Scan", "Parent Relationship": "Outer", "Relation Name": "supplier", "Alias": "supplier", "Startup Cost": 0.0, "Total Cost": 3283.0, "Plan Rows": 100000, "Plan Width": 12, "Actual Startup Time": 0.031, "Actual Total Time": 36.048, "Actual Rows": 100000, "Actual Loops": 1}]}]}]}]}, "Triggers": [], "Planner Runtime": 8.794, "Total Runtime": 9903.122, "Unique SQL Id": 1392561963}}, "(64, 35)": {"explain_plan": {"Plan": {"Node Type": "Sort", "Startup Cost": 46003135.57, "Total Cost": 46003135.63, "Plan Rows": 25, "Plan Width": 50, "Sort Key": ["(sum((lineitem.l_extendedprice * (1::double precision - lineitem.l_discount)))) DESC"], "Plans": [{"Node Type": "Aggregate", "Strategy": "Hashed", "Parent Relationship": "Outer", "Startup Cost": 46003134.74, "Total Cost": 46003134.99, "Plan Rows": 25, "Plan Width": 50, "Group By Key": ["nation.n_name"], "Plans": [{"Node Type": "Nested Loop", "Parent Relationship": "Outer", "Join Type": "Inner", "Startup Cost": 58362.35, "Total Cost": 46003040.84, "Plan Rows": 9390, "Plan Width": 42, "Inner Unique": true, "Join Filter": "(customer.c_nationkey = supplier.s_nationkey)", "Plans": [{"Node Type": "Nested Loop", "Parent Relationship": "Outer", "Join Type": "Inner", "Startup Cost": 58362.1, "Total Cost": 30204103.6, "Plan Rows": 3688948, "Plan Width": 58, "Inner Unique": false, "Plans": [{"Node Type": "Nested Loop", "Parent Relationship": "Outer", "Join Type": "Inner", "Startup Cost": 58361.37, "Total Cost": 28202035.27, "Plan Rows": 406290, "Plan Width": 42, "Inner Unique": true, "Plans": [{"Node Type": "Nested Loop", "Parent Relationship": "Outer", "Join Type": "Inner", "Startup Cost": 58360.79, "Total Cost": 18851769.58, "Plan Rows": 2031452, "Plan Width": 46, "Inner Unique": true, "Plans": [{"Node Type": "Nested Loop", "Parent Relationship": "Outer", "Join Type": "Inner", "Startup Cost": 58360.54, "Total Cost": 10156636.32, "Plan Rows": 2031452, "Plan Width": 12, "Inner Unique": true, "Plans": [{"Node Type": "Bitmap Heap Scan", "Parent Relationship": "Outer", "Relation Name": "orders", "Alias": "orders", "Startup Cost": 58360.27, "Total Cost": 369005.64, "Plan Rows": 2281758, "Plan Width": 16, "Recheck Cond": "((o_orderdate >= '1994-01-01 00:00:00'::timestamp(0) without time zone) AND (o_orderdate < '1995-01-01 00:00:00'::timestamp without time zone)), (LLVM Optimized)", "Plans": [{"Node Type": "Bitmap Index Scan", "Parent Relationship": "Outer", "Index Name": "idx_orders_orderdate", "Startup Cost": 0.0, "Total Cost": 57789.83, "Plan Rows": 2281758, "Plan Width": 0, "Index Cond": "((o_orderdate >= '1994-01-01 00:00:00'::timestamp(0) without time zone) AND (o_orderdate < '1995-01-01 00:00:00'::timestamp without time zone))"}]}, {"Node Type": "Bitmap Heap Scan", "Parent Relationship": "Inner", "Relation Name": "customer", "Alias": "customer", "Startup Cost": 0.27, "Total Cost": 4.28, "Plan Rows": 1, "Plan Width": 12, "Recheck Cond": "(c_custkey = orders.o_custkey)", "Plans": [{"Node Type": "Bitmap Index Scan", "Parent Relationship": "Outer", "Index Name": "customer_pkey", "Startup Cost": 0.0, "Total Cost": 0.27, "Plan Rows": 1, "Plan Width": 0, "Index Cond": "(c_custkey = orders.o_custkey)"}]}]}, {"Node Type": "Bitmap Heap Scan", "Parent Relationship": "Inner", "Relation Name": "nation", "Alias": "nation", "Startup Cost": 0.26, "Total Cost": 4.27, "Plan Rows": 1, "Plan Width": 34, "Recheck Cond": "(n_nationkey = customer.c_nationkey)", "Plans": [{"Node Type": "Bitmap Index Scan", "Parent Relationship": "Outer", "Index Name": "nation_pkey", "Startup Cost": 0.0, "Total Cost": 0.26, "Plan Rows": 1, "Plan Width": 0, "Index Cond": "(n_nationkey = customer.c_nationkey)"}]}]}, {"Node Type": "Bitmap Heap Scan", "Parent Relationship": "Inner", "Relation Name": "region", "Alias": "region", "Startup Cost": 0.58, "Total Cost": 4.59, "Plan Rows": 1, "Plan Width": 4, "Recheck Cond": "(r_regionkey = nation.n_regionkey)", "Filter": "(r_name = 'MIDDLE EAST'::bpchar)", "Plans": [{"Node Type": "Bitmap Index Scan", "Parent Relationship": "Outer", "Index Name": "region_pkey", "Startup Cost": 0.0, "Total Cost": 0.58, "Plan Rows": 1, "Plan Width": 0, "Index Cond": "(r_regionkey = nation.n_regionkey)"}]}]}, {"Node Type": "Bitmap Heap Scan", "Parent Relationship": "Inner", "Relation Name": "lineitem", "Alias": "lineitem", "Startup Cost": 0.73, "Total Cost": 4.84, "Plan Rows": 9, "Plan Width": 32, "Recheck Cond": "(l_orderkey = orders.o_orderkey)", "Plans": [{"Node Type": "Bitmap Index Scan", "Parent Relationship": "Outer", "Index Name": "idx_lineitem_orderkey", "Startup Cost": 0.0, "Total Cost": 0.72, "Plan Rows": 9, "Plan Width": 0, "Index Cond": "(l_orderkey = orders.o_orderkey)"}]}]}, {"Node Type": "Bitmap Heap Scan", "Parent Relationship": "Inner", "Relation Name": "supplier", "Alias": "supplier", "Startup Cost": 0.26, "Total Cost": 4.27, "Plan Rows": 1, "Plan Width": 12, "Recheck Cond": "(s_suppkey = lineitem.l_suppkey)", "Plans": [{"Node Type": "Bitmap Index Scan", "Parent Relationship": "Outer", "Index Name": "supplier_pkey", "Startup Cost": 0.0, "Total Cost": 0.26, "Plan Rows": 1, "Plan Width": 0, "Index Cond": "(s_suppkey = lineitem.l_suppkey)"}]}]}]}]}, "Unique SQL Id": 1392561963}, "explain_analyze_plan": null}, "(64, 36)": {"explain_plan": {"Plan": {"Node Type": "Sort", "Startup Cost": 1720718.42, "Total Cost": 1720718.49, "Plan Rows": 25, "Plan Width": 50, "Sort Key": ["(sum((lineitem.l_extendedprice * (1::double precision - lineitem.l_discount)))) DESC"], "Plans": [{"Node Type": "Aggregate", "Strategy": "Hashed", "Parent Relationship": "Outer", "Startup Cost": 1720717.59, "Total Cost": 1720717.84, "Plan Rows": 25, "Plan Width": 50, "Group By Key": ["nation.n_name"], "Plans": [{"Node Type": "Hash Join", "Parent Relationship": "Outer", "Join Type": "Inner", "Startup Cost": 5813.37, "Total Cost": 1720623.69, "Plan Rows": 9390, "Plan Width": 42, "Inner Unique": true, "Hash Cond": "((lineitem.l_suppkey = supplier.s_suppkey) AND (customer.c_nationkey = supplier.s_nationkey))", "Plans": [{"Node Type": "Nested Loop", "Parent Relationship": "Outer", "Join Type": "Inner", "Startup Cost": 1030.37, "Total Cost": 1688079.68, "Plan Rows": 3688948, "Plan Width": 58, "Inner Unique": false, "Plans": [{"Node Type": "Nested Loop", "Parent Relationship": "Outer", "Join Type": "Inner", "Startup Cost": 1030.37, "Total Cost": 412285.27, "Plan Rows": 406290, "Plan Width": 42, "Inner Unique": false, "Plans": [{"Node Type": "Nested Loop", "Parent Relationship": "Outer", "Join Type": "Inner", "Startup Cost": 1030.37, "Total Cost": 37176.47, "Plan Rows": 300000, "Plan Width": 42, "Inner Unique": false, "Plans": [{"Node Type": "Nested Loop", "Parent Relationship": "Outer", "Join Type": "Inner", "Startup Cost": 0.0, "Total Cost": 14.06, "Plan Rows": 5, "Plan Width": 30, "Inner Unique": true, "Join Filter": "(nation.n_regionkey = region.r_regionkey)", "Plans": [{"Node Type": "Index Scan", "Parent Relationship": "Outer", "Scan Direction": "Forward", "Index Name": "nation_pkey", "Relation Name": "nation", "Alias": "nation", "Startup Cost": 0.0, "Total Cost": 12.62, "Plan Rows": 25, "Plan Width": 34}, {"Node Type": "Materialize", "Parent Relationship": "Inner", "Startup Cost": 0.0, "Total Cost": 1.07, "Plan Rows": 1, "Plan Width": 4, "Plans": [{"Node Type": "Seq Scan", "Parent Relationship": "Outer", "Relation Name": "region", "Alias": "region", "Startup Cost": 0.0, "Total Cost": 1.06, "Plan Rows": 1, "Plan Width": 4, "Filter": "(r_name = 'MIDDLE EAST'::bpchar)"}]}]}, {"Node Type": "Bitmap Heap Scan", "Parent Relationship": "Inner", "Relation Name": "customer", "Alias": "customer", "Startup Cost": 1030.37, "Total Cost": 6832.48, "Plan Rows": 60000, "Plan Width": 12, "Recheck Cond": "(c_nationkey = nation.n_nationkey)", "Plans": [{"Node Type": "Bitmap Index Scan", "Parent Relationship": "Outer", "Index Name": "idx_customer_nationkey", "Startup Cost": 0.0, "Total Cost": 1015.37, "Plan Rows": 60000, "Plan Width": 0, "Index Cond": "(c_nationkey = nation.n_nationkey)"}]}]}, {"Node Type": "Index Scan", "Parent Relationship": "Inner", "Scan Direction": "Forward", "Index Name": "idx_orders_custkey", "Relation Name": "orders", "Alias": "orders", "Startup Cost": 0.0, "Total Cost": 1.24, "Plan Rows": 1, "Plan Width": 16, "Index Cond": "(o_custkey = customer.c_custkey)", "Filter": "((o_orderdate >= '1994-01-01 00:00:00'::timestamp(0) without time zone) AND (o_orderdate < '1995-01-01 00:00:00'::timestamp without time zone))"}]}, {"Node Type": "Index Scan", "Parent Relationship": "Inner", "Scan Direction": "Forward", "Index Name": "idx_lineitem_orderkey", "Relation Name": "lineitem", "Alias": "lineitem", "Startup Cost": 0.0, "Total Cost": 3.05, "Plan Rows": 9, "Plan Width": 32, "Index Cond": "(l_orderkey = orders.o_orderkey)"}]}, {"Node Type": "Hash", "Parent Relationship": "Inner", "Startup Cost": 3283.0, "Total Cost": 3283.0, "Plan Rows": 100000, "Plan Width": 12, "Plans": [{"Node Type": "Seq Scan", "Parent Relationship": "Outer", "Relation Name": "supplier", "Alias": "supplier", "Startup Cost": 0.0, "Total Cost": 3283.0, "Plan Rows": 100000, "Plan Width": 12}]}]}]}]}, "Unique SQL Id": 1392561963}, "explain_analyze_plan": {"Plan": {"Node Type": "Sort", "Startup Cost": 1720718.42, "Total Cost": 1720718.49, "Plan Rows": 25, "Plan Width": 50, "Actual Startup Time": 15454.184, "Actual Total Time": 15454.184, "Actual Rows": 5, "Actual Loops": 1, "Sort Key": ["(sum((lineitem.l_extendedprice * (1::double precision - lineitem.l_discount)))) DESC"], "Sort Method": "quicksort", "Sort Space Used": 25, "Sort Space Type": "Memory", "Plans": [{"Node Type": "Aggregate", "Strategy": "Hashed", "Parent Relationship": "Outer", "Startup Cost": 1720717.59, "Total Cost": 1720717.84, "Plan Rows": 25, "Plan Width": 50, "Actual Startup Time": 15454.155, "Actual Total Time": 15454.157, "Actual Rows": 5, "Actual Loops": 1, "Group By Key": ["nation.n_name"], "Plans": [{"Node Type": "Hash Join", "Parent Relationship": "Outer", "Join Type": "Inner", "Startup Cost": 5813.37, "Total Cost": 1720623.69, "Plan Rows": 9390, "Plan Width": 42, "Actual Startup Time": 84.294, "Actual Total Time": 15371.404, "Actual Rows": 72985, "Actual Loops": 1, "Inner Unique": true, "Hash Cond": "((lineitem.l_suppkey = supplier.s_suppkey) AND (customer.c_nationkey = supplier.s_nationkey))", "Plans": [{"Node Type": "Nested Loop", "Parent Relationship": "Outer", "Join Type": "Inner", "Startup Cost": 1030.37, "Total Cost": 1688079.68, "Plan Rows": 3688948, "Plan Width": 58, "Actual Startup Time": 17.826, "Actual Total Time": 14516.719, "Actual Rows": 1815222, "Actual Loops": 1, "Inner Unique": false, "Plans": [{"Node Type": "Nested Loop", "Parent Relationship": "Outer", "Join Type": "Inner", "Startup Cost": 1030.37, "Total Cost": 412285.27, "Plan Rows": 406290, "Plan Width": 42, "Actual Startup Time": 17.812, "Actual Total Time": 8794.893, "Actual Rows": 454183, "Actual Loops": 1, "Inner Unique": false, "Plans": [{"Node Type": "Nested Loop", "Parent Relationship": "Outer", "Join Type": "Inner", "Startup Cost": 1030.37, "Total Cost": 37176.47, "Plan Rows": 300000, "Plan Width": 42, "Actual Startup Time": 17.75, "Actual Total Time": 613.706, "Actual Rows": 299838, "Actual Loops": 1, "Inner Unique": false, "Plans": [{"Node Type": "Nested Loop", "Parent Relationship": "Outer", "Join Type": "Inner", "Startup Cost": 0.0, "Total Cost": 14.06, "Plan Rows": 5, "Plan Width": 30, "Actual Startup Time": 0.046, "Actual Total Time": 0.124, "Actual Rows": 5, "Actual Loops": 1, "Inner Unique": true, "Join Filter": "(nation.n_regionkey = region.r_regionkey)", "Rows Removed by Join Filter": 20, "Plans": [{"Node Type": "Index Scan", "Parent Relationship": "Outer", "Scan Direction": "Forward", "Index Name": "nation_pkey", "Relation Name": "nation", "Alias": "nation", "Startup Cost": 0.0, "Total Cost": 12.62, "Plan Rows": 25, "Plan Width": 34, "Actual Startup Time": 0.012, "Actual Total Time": 0.048, "Actual Rows": 25, "Actual Loops": 1}, {"Node Type": "Materialize", "Parent Relationship": "Inner", "Startup Cost": 0.0, "Total Cost": 1.07, "Plan Rows": 1, "Plan Width": 4, "Actual Startup Time": 0.034, "Actual Total Time": 0.036, "Actual Rows": 25, "Actual Loops": 25, "Plans": [{"Node Type": "Seq Scan", "Parent Relationship": "Outer", "Relation Name": "region", "Alias": "region", "Startup Cost": 0.0, "Total Cost": 1.06, "Plan Rows": 1, "Plan Width": 4, "Actual Startup Time": 0.018, "Actual Total Time": 0.02, "Actual Rows": 1, "Actual Loops": 1, "Filter": "(r_name = 'MIDDLE EAST'::bpchar)", "Rows Removed by Filter": 4}]}]}, {"Node Type": "Bitmap Heap Scan", "Parent Relationship": "Inner", "Relation Name": "customer", "Alias": "customer", "Startup Cost": 1030.37, "Total Cost": 6832.48, "Plan Rows": 60000, "Plan Width": 12, "Actual Startup Time": 91.634, "Actual Total Time": 540.82, "Actual Rows": 299838, "Actual Loops": 5, "Recheck Cond": "(c_nationkey = nation.n_nationkey)", "Rows Removed by Index Recheck": 0, "Exact Heap Blocks": 150033, "Lossy Heap Blocks": 150033, "Plans": [{"Node Type": "Bitmap Index Scan", "Parent Relationship": "Outer", "Index Name": "idx_customer_nationkey", "Startup Cost": 0.0, "Total Cost": 1015.37, "Plan Rows": 60000, "Plan Width": 0, "Actual Startup Time": 58.507, "Actual Total Time": 58.507, "Actual Rows": 299838, "Actual Loops": 5, "Index Cond": "(c_nationkey = nation.n_nationkey)"}]}]}, {"Node Type": "Index Scan", "Parent Relationship": "Inner", "Scan Direction": "Forward", "Index Name": "idx_orders_custkey", "Relation Name": "orders", "Alias": "orders", "Startup Cost": 0.0, "Total Cost": 1.24, "Plan Rows": 1, "Plan Width": 16, "Actual Startup Time": 3749.723, "Actual Total Time": 7918.798, "Actual Rows": 454183, "Actual Loops": 299838, "Index Cond": "(o_custkey = customer.c_custkey)", "Rows Removed by Index Recheck": 0, "Filter": "((o_orderdate >= '1994-01-01 00:00:00'::timestamp(0) without time zone) AND (o_orderdate < '1995-01-01 00:00:00'::timestamp without time zone))", "Rows Removed by Filter": 2542535}]}, {"Node Type": "Index Scan", "Parent Relationship": "Inner", "Scan Direction": "Forward", "Index Name": "idx_lineitem_orderkey", "Relation Name": "lineitem", "Alias": "lineitem", "Startup Cost": 0.0, "Total Cost": 3.05, "Plan Rows": 9, "Plan Width": 32, "Actual Startup Time": 4090.386, "Actual Total Time": 5073.619, "Actual Rows": 1815222, "Actual Loops": 454183, "Index Cond": "(l_orderkey = orders.o_orderkey)", "Rows Removed by Index Recheck": 0}]}, {"Node Type": "Hash", "Parent Relationship": "Inner", "Startup Cost": 3283.0, "Total Cost": 3283.0, "Plan Rows": 100000, "Plan Width": 12, "Actual Startup Time": 66.236, "Actual Total Time": 66.236, "Actual Rows": 100000, "Actual Loops": 1, "Hash Buckets": 131072, "Hash Batches": 1, "Original Hash Batches": 1, "Peak Memory Usage": 4297, "Plans": [{"Node Type": "Seq Scan", "Parent Relationship": "Outer", "Relation Name": "supplier", "Alias": "supplier", "Startup Cost": 0.0, "Total Cost": 3283.0, "Plan Rows": 100000, "Plan Width": 12, "Actual Startup Time": 0.015, "Actual Total Time": 35.271, "Actual Rows": 100000, "Actual Loops": 1}]}]}]}]}, "Triggers": [], "Planner Runtime": 10.062, "Total Runtime": 15454.633, "Unique SQL Id": 1392561963}}, "(64, 37)": {"explain_plan": {"Plan": {"Node Type": "Sort", "Startup Cost": 1722781.24, "Total Cost": 1722781.31, "Plan Rows": 25, "Plan Width": 50, "Sort Key": ["(sum((lineitem.l_extendedprice * (1::double precision - lineitem.l_discount)))) DESC"], "Plans": [{"Node Type": "Aggregate", "Strategy": "Hashed", "Parent Relationship": "Outer", "Startup Cost": 1722780.41, "Total Cost": 1722780.66, "Plan Rows": 25, "Plan Width": 50, "Group By Key": ["nation.n_name"], "Plans": [{"Node Type": "Hash Join", "Parent Relationship": "Outer", "Join Type": "Inner", "Startup Cost": 7864.91, "Total Cost": 1722686.51, "Plan Rows": 9390, "Plan Width": 42, "Inner Unique": true, "Hash Cond": "((lineitem.l_suppkey = supplier.s_suppkey) AND (customer.c_nationkey = supplier.s_nationkey))", "Plans": [{"Node Type": "Nested Loop", "Parent Relationship": "Outer", "Join Type": "Inner", "Startup Cost": 1030.37, "Total Cost": 1688090.96, "Plan Rows": 3688948, "Plan Width": 58, "Inner Unique": false, "Plans": [{"Node Type": "Nested Loop", "Parent Relationship": "Outer", "Join Type": "Inner", "Startup Cost": 1030.37, "Total Cost": 412296.55, "Plan Rows": 406290, "Plan Width": 42, "Inner Unique": false, "Plans": [{"Node Type": "Nested Loop", "Parent Relationship": "Outer", "Join Type": "Inner", "Startup Cost": 1030.37, "Total Cost": 37187.75, "Plan Rows": 300000, "Plan Width": 42, "Inner Unique": false, "Plans": [{"Node Type": "Nested Loop", "Parent Relationship": "Outer", "Join Type": "Inner", "Startup Cost": 0.0, "Total Cost": 25.34, "Plan Rows": 5, "Plan Width": 30, "Inner Unique": true, "Join Filter": "(nation.n_regionkey = region.r_regionkey)", "Plans": [{"Node Type": "Index Scan", "Parent Relationship": "Outer", "Scan Direction": "Forward", "Index Name": "nation_pkey", "Relation Name": "nation", "Alias": "nation", "Startup Cost": 0.0, "Total Cost": 12.62, "Plan Rows": 25, "Plan Width": 34}, {"Node Type": "Materialize", "Parent Relationship": "Inner", "Startup Cost": 0.0, "Total Cost": 12.34, "Plan Rows": 1, "Plan Width": 4, "Plans": [{"Node Type": "Index Scan", "Parent Relationship": "Outer", "Scan Direction": "Forward", "Index Name": "region_pkey", "Relation Name": "region", "Alias": "region", "Startup Cost": 0.0, "Total Cost": 12.34, "Plan Rows": 1, "Plan Width": 4, "Filter": "(r_name = 'MIDDLE EAST'::bpchar)"}]}]}, {"Node Type": "Bitmap Heap Scan", "Parent Relationship": "Inner", "Relation Name": "customer", "Alias": "customer", "Startup Cost": 1030.37, "Total Cost": 6832.48, "Plan Rows": 60000, "Plan Width": 12, "Recheck Cond": "(c_nationkey = nation.n_nationkey)", "Plans": [{"Node Type": "Bitmap Index Scan", "Parent Relationship": "Outer", "Index Name": "idx_customer_nationkey", "Startup Cost": 0.0, "Total Cost": 1015.37, "Plan Rows": 60000, "Plan Width": 0, "Index Cond": "(c_nationkey = nation.n_nationkey)"}]}]}, {"Node Type": "Index Scan", "Parent Relationship": "Inner", "Scan Direction": "Forward", "Index Name": "idx_orders_custkey", "Relation Name": "orders", "Alias": "orders", "Startup Cost": 0.0, "Total Cost": 1.24, "Plan Rows": 1, "Plan Width": 16, "Index Cond": "(o_custkey = customer.c_custkey)", "Filter": "((o_orderdate >= '1994-01-01 00:00:00'::timestamp(0) without time zone) AND (o_orderdate < '1995-01-01 00:00:00'::timestamp without time zone))"}]}, {"Node Type": "Index Scan", "Parent Relationship": "Inner", "Scan Direction": "Forward", "Index Name": "idx_lineitem_orderkey", "Relation Name": "lineitem", "Alias": "lineitem", "Startup Cost": 0.0, "Total Cost": 3.05, "Plan Rows": 9, "Plan Width": 32, "Index Cond": "(l_orderkey = orders.o_orderkey)"}]}, {"Node Type": "Hash", "Parent Relationship": "Inner", "Startup Cost": 5334.54, "Total Cost": 5334.54, "Plan Rows": 100000, "Plan Width": 12, "Plans": [{"Node Type": "Index Scan", "Parent Relationship": "Outer", "Scan Direction": "Forward", "Index Name": "supplier_pkey", "Relation Name": "supplier", "Alias": "supplier", "Startup Cost": 0.0, "Total Cost": 5334.54, "Plan Rows": 100000, "Plan Width": 12}]}]}]}]}, "Unique SQL Id": 1392561963}, "explain_analyze_plan": {"Plan": {"Node Type": "Sort", "Startup Cost": 1722781.24, "Total Cost": 1722781.31, "Plan Rows": 25, "Plan Width": 50, "Actual Startup Time": 16427.987, "Actual Total Time": 16427.987, "Actual Rows": 5, "Actual Loops": 1, "Sort Key": ["(sum((lineitem.l_extendedprice * (1::double precision - lineitem.l_discount)))) DESC"], "Sort Method": "quicksort", "Sort Space Used": 25, "Sort Space Type": "Memory", "Plans": [{"Node Type": "Aggregate", "Strategy": "Hashed", "Parent Relationship": "Outer", "Startup Cost": 1722780.41, "Total Cost": 1722780.66, "Plan Rows": 25, "Plan Width": 50, "Actual Startup Time": 16427.946, "Actual Total Time": 16427.947, "Actual Rows": 5, "Actual Loops": 1, "Group By Key": ["nation.n_name"], "Plans": [{"Node Type": "Hash Join", "Parent Relationship": "Outer", "Join Type": "Inner", "Startup Cost": 7864.91, "Total Cost": 1722686.51, "Plan Rows": 9390, "Plan Width": 42, "Actual Startup Time": 110.187, "Actual Total Time": 16347.916, "Actual Rows": 72985, "Actual Loops": 1, "Inner Unique": true, "Hash Cond": "((lineitem.l_suppkey = supplier.s_suppkey) AND (customer.c_nationkey = supplier.s_nationkey))", "Plans": [{"Node Type": "Nested Loop", "Parent Relationship": "Outer", "Join Type": "Inner", "Startup Cost": 1030.37, "Total Cost": 1688090.96, "Plan Rows": 3688948, "Plan Width": 58, "Actual Startup Time": 17.781, "Actual Total Time": 15429.896, "Actual Rows": 1815222, "Actual Loops": 1, "Inner Unique": false, "Plans": [{"Node Type": "Nested Loop", "Parent Relationship": "Outer", "Join Type": "Inner", "Startup Cost": 1030.37, "Total Cost": 412296.55, "Plan Rows": 406290, "Plan Width": 42, "Actual Startup Time": 17.765, "Actual Total Time": 9528.909, "Actual Rows": 454183, "Actual Loops": 1, "Inner Unique": false, "Plans": [{"Node Type": "Nested Loop", "Parent Relationship": "Outer", "Join Type": "Inner", "Startup Cost": 1030.37, "Total Cost": 37187.75, "Plan Rows": 300000, "Plan Width": 42, "Actual Startup Time": 17.695, "Actual Total Time": 665.624, "Actual Rows": 299838, "Actual Loops": 1, "Inner Unique": false, "Plans": [{"Node Type": "Nested Loop", "Parent Relationship": "Outer", "Join Type": "Inner", "Startup Cost": 0.0, "Total Cost": 25.34, "Plan Rows": 5, "Plan Width": 30, "Actual Startup Time": 0.054, "Actual Total Time": 0.143, "Actual Rows": 5, "Actual Loops": 1, "Inner Unique": true, "Join Filter": "(nation.n_regionkey = region.r_regionkey)", "Rows Removed by Join Filter": 20, "Plans": [{"Node Type": "Index Scan", "Parent Relationship": "Outer", "Scan Direction": "Forward", "Index Name": "nation_pkey", "Relation Name": "nation", "Alias": "nation", "Startup Cost": 0.0, "Total Cost": 12.62, "Plan Rows": 25, "Plan Width": 34, "Actual Startup Time": 0.017, "Actual Total Time": 0.048, "Actual Rows": 25, "Actual Loops": 1}, {"Node Type": "Materialize", "Parent Relationship": "Inner", "Startup Cost": 0.0, "Total Cost": 12.34, "Plan Rows": 1, "Plan Width": 4, "Actual Startup Time": 0.04, "Actual Total Time": 0.045, "Actual Rows": 25, "Actual Loops": 25, "Plans": [{"Node Type": "Index Scan", "Parent Relationship": "Outer", "Scan Direction": "Forward", "Index Name": "region_pkey", "Relation Name": "region", "Alias": "region", "Startup Cost": 0.0, "Total Cost": 12.34, "Plan Rows": 1, "Plan Width": 4, "Actual Startup Time": 0.015, "Actual Total Time": 0.017, "Actual Rows": 1, "Actual Loops": 1, "Filter": "(r_name = 'MIDDLE EAST'::bpchar)", "Rows Removed by Filter": 4}]}]}, {"Node Type": "Bitmap Heap Scan", "Parent Relationship": "Inner", "Relation Name": "customer", "Alias": "customer", "Startup Cost": 1030.37, "Total Cost": 6832.48, "Plan Rows": 60000, "Plan Width": 12, "Actual Startup Time": 90.433, "Actual Total Time": 590.86, "Actual Rows": 299838, "Actual Loops": 5, "Recheck Cond": "(c_nationkey = nation.n_nationkey)", "Rows Removed by Index Recheck": 0, "Exact Heap Blocks": 150033, "Lossy Heap Blocks": 150033, "Plans": [{"Node Type": "Bitmap Index Scan", "Parent Relationship": "Outer", "Index Name": "idx_customer_nationkey", "Startup Cost": 0.0, "Total Cost": 1015.37, "Plan Rows": 60000, "Plan Width": 0, "Actual Startup Time": 57.422, "Actual Total Time": 57.422, "Actual Rows": 299838, "Actual Loops": 5, "Index Cond": "(c_nationkey = nation.n_nationkey)"}]}]}, {"Node Type": "Index Scan", "Parent Relationship": "Inner", "Scan Direction": "Forward", "Index Name": "idx_orders_custkey", "Relation Name": "orders", "Alias": "orders", "Startup Cost": 0.0, "Total Cost": 1.24, "Plan Rows": 1, "Plan Width": 16, "Actual Startup Time": 4070.167, "Actual Total Time": 8603.831, "Actual Rows": 454183, "Actual Loops": 299838, "Index Cond": "(o_custkey = customer.c_custkey)", "Rows Removed by Index Recheck": 0, "Filter": "((o_orderdate >= '1994-01-01 00:00:00'::timestamp(0) without time zone) AND (o_orderdate < '1995-01-01 00:00:00'::timestamp without time zone))", "Rows Removed by Filter": 2542535}]}, {"Node Type": "Index Scan", "Parent Relationship": "Inner", "Scan Direction": "Forward", "Index Name": "idx_lineitem_orderkey", "Relation Name": "lineitem", "Alias": "lineitem", "Startup Cost": 0.0, "Total Cost": 3.05, "Plan Rows": 9, "Plan Width": 32, "Actual Startup Time": 4291.298, "Actual Total Time": 5252.184, "Actual Rows": 1815222, "Actual Loops": 454183, "Index Cond": "(l_orderkey = orders.o_orderkey)", "Rows Removed by Index Recheck": 0}]}, {"Node Type": "Hash", "Parent Relationship": "Inner", "Startup Cost": 5334.54, "Total Cost": 5334.54, "Plan Rows": 100000, "Plan Width": 12, "Actual Startup Time": 92.174, "Actual Total Time": 92.174, "Actual Rows": 100000, "Actual Loops": 1, "Hash Buckets": 131072, "Hash Batches": 1, "Original Hash Batches": 1, "Peak Memory Usage": 4297, "Plans": [{"Node Type": "Index Scan", "Parent Relationship": "Outer", "Scan Direction": "Forward", "Index Name": "supplier_pkey", "Relation Name": "supplier", "Alias": "supplier", "Startup Cost": 0.0, "Total Cost": 5334.54, "Plan Rows": 100000, "Plan Width": 12, "Actual Startup Time": 0.022, "Actual Total Time": 60.032, "Actual Rows": 100000, "Actual Loops": 1}]}]}]}]}, "Triggers": [], "Planner Runtime": 5.434, "Total Runtime": 16428.461, "Unique SQL Id": 1392561963}}, "(64, 38)": {"explain_plan": {"Plan": {"Node Type": "Sort", "Startup Cost": 2457247.05, "Total Cost": 2457247.11, "Plan Rows": 25, "Plan Width": 50, "Sort Key": ["(sum((lineitem.l_extendedprice * (1::double precision - lineitem.l_discount)))) DESC"], "Plans": [{"Node Type": "Aggregate", "Strategy": "Hashed", "Parent Relationship": "Outer", "Startup Cost": 2457246.22, "Total Cost": 2457246.47, "Plan Rows": 25, "Plan Width": 50, "Group By Key": ["nation.n_name"], "Plans": [{"Node Type": "Hash Join", "Parent Relationship": "Outer", "Join Type": "Inner", "Startup Cost": 104058.84, "Total Cost": 2457152.32, "Plan Rows": 9390, "Plan Width": 42, "Inner Unique": true, "Hash Cond": "((lineitem.l_suppkey = supplier.s_suppkey) AND (customer.c_nationkey = supplier.s_nationkey))", "Plans": [{"Node Type": "Nested Loop", "Parent Relationship": "Outer", "Join Type": "Inner", "Startup Cost": 99275.84, "Total Cost": 2424608.31, "Plan Rows": 3688948, "Plan Width": 58, "Inner Unique": false, "Plans": [{"Node Type": "Hash Join", "Parent Relationship": "Outer", "Join Type": "Inner", "Startup Cost": 99275.12, "Total Cost": 422539.98, "Plan Rows": 406290, "Plan Width": 42, "Inner Unique": false, "Hash Cond": "(orders.o_custkey = customer.c_custkey), (LLVM Optimized)", "Plans": [{"Node Type": "Bitmap Heap Scan", "Parent Relationship": "Outer", "Relation Name": "orders", "Alias": "orders", "Startup Cost": 58360.27, "Total Cost": 369005.64, "Plan Rows": 2281758, "Plan Width": 16, "Recheck Cond": "((o_orderdate >= '1994-01-01 00:00:00'::timestamp(0) without time zone) AND (o_orderdate < '1995-01-01 00:00:00'::timestamp without time zone)), (LLVM Optimized)", "Plans": [{"Node Type": "Bitmap Index Scan", "Parent Relationship": "Outer", "Index Name": "idx_orders_orderdate", "Startup Cost": 0.0, "Total Cost": 57789.83, "Plan Rows": 2281758, "Plan Width": 0, "Index Cond": "((o_orderdate >= '1994-01-01 00:00:00'::timestamp(0) without time zone) AND (o_orderdate < '1995-01-01 00:00:00'::timestamp without time zone))"}]}, {"Node Type": "Hash", "Parent Relationship": "Inner", "Startup Cost": 37164.85, "Total Cost": 37164.85, "Plan Rows": 300000, "Plan Width": 42, "Plans": [{"Node Type": "Nested Loop", "Parent Relationship": "Outer", "Join Type": "Inner", "Startup Cost": 1031.44, "Total Cost": 37164.85, "Plan Rows": 300000, "Plan Width": 42, "Inner Unique": false, "Plans": [{"Node Type": "Hash Join", "Parent Relationship": "Outer", "Join Type": "Inner", "Startup Cost": 1.07, "Total Cost": 2.44, "Plan Rows": 5, "Plan Width": 30, "Inner Unique": true, "Hash Cond": "(nation.n_regionkey = region.r_regionkey)", "Plans": [{"Node Type": "Seq Scan", "Parent Relationship": "Outer", "Relation Name": "nation", "Alias": "nation", "Startup Cost": 0.0, "Total Cost": 1.25, "Plan Rows": 25, "Plan Width": 34}, {"Node Type": "Hash", "Parent Relationship": "Inner", "Startup Cost": 1.06, "Total Cost": 1.06, "Plan Rows": 1, "Plan Width": 4, "Plans": [{"Node Type": "Seq Scan", "Parent Relationship": "Outer", "Relation Name": "region", "Alias": "region", "Startup Cost": 0.0, "Total Cost": 1.06, "Plan Rows": 1, "Plan Width": 4, "Filter": "(r_name = 'MIDDLE EAST'::bpchar)"}]}]}, {"Node Type": "Bitmap Heap Scan", "Parent Relationship": "Inner", "Relation Name": "customer", "Alias": "customer", "Startup Cost": 1030.37, "Total Cost": 6832.48, "Plan Rows": 60000, "Plan Width": 12, "Recheck Cond": "(c_nationkey = nation.n_nationkey)", "Plans": [{"Node Type": "Bitmap Index Scan", "Parent Relationship": "Outer", "Index Name": "idx_customer_nationkey", "Startup Cost": 0.0, "Total Cost": 1015.37, "Plan Rows": 60000, "Plan Width": 0, "Index Cond": "(c_nationkey = nation.n_nationkey)"}]}]}]}]}, {"Node Type": "Bitmap Heap Scan", "Parent Relationship": "Inner", "Relation Name": "lineitem", "Alias": "lineitem", "Startup Cost": 0.73, "Total Cost": 4.84, "Plan Rows": 9, "Plan Width": 32, "Recheck Cond": "(l_orderkey = orders.o_orderkey)", "Plans": [{"Node Type": "Bitmap Index Scan", "Parent Relationship": "Outer", "Index Name": "idx_lineitem_orderkey", "Startup Cost": 0.0, "Total Cost": 0.72, "Plan Rows": 9, "Plan Width": 0, "Index Cond": "(l_orderkey = orders.o_orderkey)"}]}]}, {"Node Type": "Hash", "Parent Relationship": "Inner", "Startup Cost": 3283.0, "Total Cost": 3283.0, "Plan Rows": 100000, "Plan Width": 12, "Plans": [{"Node Type": "Seq Scan", "Parent Relationship": "Outer", "Relation Name": "supplier", "Alias": "supplier", "Startup Cost": 0.0, "Total Cost": 3283.0, "Plan Rows": 100000, "Plan Width": 12}]}]}]}]}, "Unique SQL Id": 1392561963}, "explain_analyze_plan": {"Plan": {"Node Type": "Sort", "Startup Cost": 2457247.05, "Total Cost": 2457247.11, "Plan Rows": 25, "Plan Width": 50, "Actual Startup Time": 9892.981, "Actual Total Time": 9892.982, "Actual Rows": 5, "Actual Loops": 1, "Sort Key": ["(sum((lineitem.l_extendedprice * (1::double precision - lineitem.l_discount)))) DESC"], "Sort Method": "quicksort", "Sort Space Used": 25, "Sort Space Type": "Memory", "Plans": [{"Node Type": "Aggregate", "Strategy": "Hashed", "Parent Relationship": "Outer", "Startup Cost": 2457246.22, "Total Cost": 2457246.47, "Plan Rows": 25, "Plan Width": 50, "Actual Startup Time": 9892.948, "Actual Total Time": 9892.949, "Actual Rows": 5, "Actual Loops": 1, "Group By Key": ["nation.n_name"], "Plans": [{"Node Type": "Hash Join", "Parent Relationship": "Outer", "Join Type": "Inner", "Startup Cost": 104058.84, "Total Cost": 2457152.32, "Plan Rows": 9390, "Plan Width": 42, "Actual Startup Time": 1460.536, "Actual Total Time": 9816.959, "Actual Rows": 72985, "Actual Loops": 1, "Inner Unique": true, "Hash Cond": "((lineitem.l_suppkey = supplier.s_suppkey) AND (customer.c_nationkey = supplier.s_nationkey))", "Plans": [{"Node Type": "Nested Loop", "Parent Relationship": "Outer", "Join Type": "Inner", "Startup Cost": 99275.84, "Total Cost": 2424608.31, "Plan Rows": 3688948, "Plan Width": 58, "Actual Startup Time": 1393.628, "Actual Total Time": 9046.788, "Actual Rows": 1815222, "Actual Loops": 1, "Inner Unique": false, "Plans": [{"Node Type": "Hash Join", "Parent Relationship": "Outer", "Join Type": "Inner", "Startup Cost": 99275.12, "Total Cost": 422539.98, "Plan Rows": 406290, "Plan Width": 42, "Actual Startup Time": 1393.568, "Actual Total Time": 4081.354, "Actual Rows": 454183, "Actual Loops": 1, "Inner Unique": false, "Hash Cond": "(orders.o_custkey = customer.c_custkey), (LLVM Optimized, Jit Execute)", "Plans": [{"Node Type": "Bitmap Heap Scan", "Parent Relationship": "Outer", "Relation Name": "orders", "Alias": "orders", "Startup Cost": 58360.27, "Total Cost": 369005.64, "Plan Rows": 2281758, "Plan Width": 16, "Actual Startup Time": 793.807, "Actual Total Time": 2432.74, "Actual Rows": 2275919, "Actual Loops": 1, "Recheck Cond": "((o_orderdate >= '1994-01-01 00:00:00'::timestamp(0) without time zone) AND (o_orderdate < '1995-01-01 00:00:00'::timestamp without time zone)), (LLVM Optimized, Jit Execute)", "Rows Removed by Index Recheck": 0, "Exact Heap Blocks": 276381, "Lossy Heap Blocks": 276381, "Plans": [{"Node Type": "Bitmap Index Scan", "Parent Relationship": "Outer", "Index Name": "idx_orders_orderdate", "Startup Cost": 0.0, "Total Cost": 57789.83, "Plan Rows": 2281758, "Plan Width": 0, "Actual Startup Time": 694.69, "Actual Total Time": 694.69, "Actual Rows": 2275919, "Actual Loops": 1, "Index Cond": "((o_orderdate >= '1994-01-01 00:00:00'::timestamp(0) without time zone) AND (o_orderdate < '1995-01-01 00:00:00'::timestamp without time zone))"}]}, {"Node Type": "Hash", "Parent Relationship": "Inner", "Startup Cost": 37164.85, "Total Cost": 37164.85, "Plan Rows": 300000, "Plan Width": 42, "Actual Startup Time": 599.316, "Actual Total Time": 599.316, "Actual Rows": 299838, "Actual Loops": 1, "Hash Buckets": 524288, "Hash Batches": 1, "Original Hash Batches": 1, "Peak Memory Usage": 22254, "Plans": [{"Node Type": "Nested Loop", "Parent Relationship": "Outer", "Join Type": "Inner", "Startup Cost": 1031.44, "Total Cost": 37164.85, "Plan Rows": 300000, "Plan Width": 42, "Actual Startup Time": 18.061, "Actual Total Time": 491.225, "Actual Rows": 299838, "Actual Loops": 1, "Inner Unique": false, "Plans": [{"Node Type": "Hash Join", "Parent Relationship": "Outer", "Join Type": "Inner", "Startup Cost": 1.07, "Total Cost": 2.44, "Plan Rows": 5, "Plan Width": 30, "Actual Startup Time": 0.093, "Actual Total Time": 0.166, "Actual Rows": 5, "Actual Loops": 1, "Inner Unique": true, "Hash Cond": "(nation.n_regionkey = region.r_regionkey)", "Plans": [{"Node Type": "Seq Scan", "Parent Relationship": "Outer", "Relation Name": "nation", "Alias": "nation", "Startup Cost": 0.0, "Total Cost": 1.25, "Plan Rows": 25, "Plan Width": 34, "Actual Startup Time": 0.018, "Actual Total Time": 0.04, "Actual Rows": 25, "Actual Loops": 1}, {"Node Type": "Hash", "Parent Relationship": "Inner", "Startup Cost": 1.06, "Total Cost": 1.06, "Plan Rows": 1, "Plan Width": 4, "Actual Startup Time": 0.033, "Actual Total Time": 0.033, "Actual Rows": 1, "Actual Loops": 1, "Hash Buckets": 32768, "Hash Batches": 1, "Original Hash Batches": 1, "Peak Memory Usage": 1, "Plans": [{"Node Type": "Seq Scan", "Parent Relationship": "Outer", "Relation Name": "region", "Alias": "region", "Startup Cost": 0.0, "Total Cost": 1.06, "Plan Rows": 1, "Plan Width": 4, "Actual Startup Time": 0.026, "Actual Total Time": 0.027, "Actual Rows": 1, "Actual Loops": 1, "Filter": "(r_name = 'MIDDLE EAST'::bpchar)", "Rows Removed by Filter": 4}]}]}, {"Node Type": "Bitmap Heap Scan", "Parent Relationship": "Inner", "Relation Name": "customer", "Alias": "customer", "Startup Cost": 1030.37, "Total Cost": 6832.48, "Plan Rows": 60000, "Plan Width": 12, "Actual Startup Time": 89.306, "Actual Total Time": 422.918, "Actual Rows": 299838, "Actual Loops": 5, "Recheck Cond": "(c_nationkey = nation.n_nationkey)", "Rows Removed by Index Recheck": 0, "Exact Heap Blocks": 150033, "Lossy Heap Blocks": 150033, "Plans": [{"Node Type": "Bitmap Index Scan", "Parent Relationship": "Outer", "Index Name": "idx_customer_nationkey", "Startup Cost": 0.0, "Total Cost": 1015.37, "Plan Rows": 60000, "Plan Width": 0, "Actual Startup Time": 56.368, "Actual Total Time": 56.368, "Actual Rows": 299838, "Actual Loops": 5, "Index Cond": "(c_nationkey = nation.n_nationkey)"}]}]}]}]}, {"Node Type": "Bitmap Heap Scan", "Parent Relationship": "Inner", "Relation Name": "lineitem", "Alias": "lineitem", "Startup Cost": 0.73, "Total Cost": 4.84, "Plan Rows": 9, "Plan Width": 32, "Actual Startup Time": 3737.424, "Actual Total Time": 4055.724, "Actual Rows": 1815222, "Actual Loops": 454183, "Recheck Cond": "(l_orderkey = orders.o_orderkey)", "Rows Removed by Index Recheck": 0, "Exact Heap Blocks": 486530, "Lossy Heap Blocks": 486530, "Plans": [{"Node Type": "Bitmap Index Scan", "Parent Relationship": "Outer", "Index Name": "idx_lineitem_orderkey", "Startup Cost": 0.0, "Total Cost": 0.72, "Plan Rows": 9, "Plan Width": 0, "Actual Startup Time": 2054.09, "Actual Total Time": 2054.09, "Actual Rows": 1815222, "Actual Loops": 454183, "Index Cond": "(l_orderkey = orders.o_orderkey)"}]}]}, {"Node Type": "Hash", "Parent Relationship": "Inner", "Startup Cost": 3283.0, "Total Cost": 3283.0, "Plan Rows": 100000, "Plan Width": 12, "Actual Startup Time": 66.741, "Actual Total Time": 66.741, "Actual Rows": 100000, "Actual Loops": 1, "Hash Buckets": 131072, "Hash Batches": 1, "Original Hash Batches": 1, "Peak Memory Usage": 4297, "Plans": [{"Node Type": "Seq Scan", "Parent Relationship": "Outer", "Relation Name": "supplier", "Alias": "supplier", "Startup Cost": 0.0, "Total Cost": 3283.0, "Plan Rows": 100000, "Plan Width": 12, "Actual Startup Time": 0.031, "Actual Total Time": 36.048, "Actual Rows": 100000, "Actual Loops": 1}]}]}]}]}, "Triggers": [], "Planner Runtime": 8.794, "Total Runtime": 9903.122, "Unique SQL Id": 1392561963}}, "(64, 39)": {"explain_plan": {"Plan": {"Node Type": "Sort", "Startup Cost": 46003135.57, "Total Cost": 46003135.63, "Plan Rows": 25, "Plan Width": 50, "Sort Key": ["(sum((lineitem.l_extendedprice * (1::double precision - lineitem.l_discount)))) DESC"], "Plans": [{"Node Type": "Aggregate", "Strategy": "Hashed", "Parent Relationship": "Outer", "Startup Cost": 46003134.74, "Total Cost": 46003134.99, "Plan Rows": 25, "Plan Width": 50, "Group By Key": ["nation.n_name"], "Plans": [{"Node Type": "Nested Loop", "Parent Relationship": "Outer", "Join Type": "Inner", "Startup Cost": 58362.35, "Total Cost": 46003040.84, "Plan Rows": 9390, "Plan Width": 42, "Inner Unique": true, "Join Filter": "(customer.c_nationkey = supplier.s_nationkey)", "Plans": [{"Node Type": "Nested Loop", "Parent Relationship": "Outer", "Join Type": "Inner", "Startup Cost": 58362.1, "Total Cost": 30204103.6, "Plan Rows": 3688948, "Plan Width": 58, "Inner Unique": false, "Plans": [{"Node Type": "Nested Loop", "Parent Relationship": "Outer", "Join Type": "Inner", "Startup Cost": 58361.37, "Total Cost": 28202035.27, "Plan Rows": 406290, "Plan Width": 42, "Inner Unique": true, "Plans": [{"Node Type": "Nested Loop", "Parent Relationship": "Outer", "Join Type": "Inner", "Startup Cost": 58360.79, "Total Cost": 18851769.58, "Plan Rows": 2031452, "Plan Width": 46, "Inner Unique": true, "Plans": [{"Node Type": "Nested Loop", "Parent Relationship": "Outer", "Join Type": "Inner", "Startup Cost": 58360.54, "Total Cost": 10156636.32, "Plan Rows": 2031452, "Plan Width": 12, "Inner Unique": true, "Plans": [{"Node Type": "Bitmap Heap Scan", "Parent Relationship": "Outer", "Relation Name": "orders", "Alias": "orders", "Startup Cost": 58360.27, "Total Cost": 369005.64, "Plan Rows": 2281758, "Plan Width": 16, "Recheck Cond": "((o_orderdate >= '1994-01-01 00:00:00'::timestamp(0) without time zone) AND (o_orderdate < '1995-01-01 00:00:00'::timestamp without time zone)), (LLVM Optimized)", "Plans": [{"Node Type": "Bitmap Index Scan", "Parent Relationship": "Outer", "Index Name": "idx_orders_orderdate", "Startup Cost": 0.0, "Total Cost": 57789.83, "Plan Rows": 2281758, "Plan Width": 0, "Index Cond": "((o_orderdate >= '1994-01-01 00:00:00'::timestamp(0) without time zone) AND (o_orderdate < '1995-01-01 00:00:00'::timestamp without time zone))"}]}, {"Node Type": "Bitmap Heap Scan", "Parent Relationship": "Inner", "Relation Name": "customer", "Alias": "customer", "Startup Cost": 0.27, "Total Cost": 4.28, "Plan Rows": 1, "Plan Width": 12, "Recheck Cond": "(c_custkey = orders.o_custkey)", "Plans": [{"Node Type": "Bitmap Index Scan", "Parent Relationship": "Outer", "Index Name": "customer_pkey", "Startup Cost": 0.0, "Total Cost": 0.27, "Plan Rows": 1, "Plan Width": 0, "Index Cond": "(c_custkey = orders.o_custkey)"}]}]}, {"Node Type": "Bitmap Heap Scan", "Parent Relationship": "Inner", "Relation Name": "nation", "Alias": "nation", "Startup Cost": 0.26, "Total Cost": 4.27, "Plan Rows": 1, "Plan Width": 34, "Recheck Cond": "(n_nationkey = customer.c_nationkey)", "Plans": [{"Node Type": "Bitmap Index Scan", "Parent Relationship": "Outer", "Index Name": "nation_pkey", "Startup Cost": 0.0, "Total Cost": 0.26, "Plan Rows": 1, "Plan Width": 0, "Index Cond": "(n_nationkey = customer.c_nationkey)"}]}]}, {"Node Type": "Bitmap Heap Scan", "Parent Relationship": "Inner", "Relation Name": "region", "Alias": "region", "Startup Cost": 0.58, "Total Cost": 4.59, "Plan Rows": 1, "Plan Width": 4, "Recheck Cond": "(r_regionkey = nation.n_regionkey)", "Filter": "(r_name = 'MIDDLE EAST'::bpchar)", "Plans": [{"Node Type": "Bitmap Index Scan", "Parent Relationship": "Outer", "Index Name": "region_pkey", "Startup Cost": 0.0, "Total Cost": 0.58, "Plan Rows": 1, "Plan Width": 0, "Index Cond": "(r_regionkey = nation.n_regionkey)"}]}]}, {"Node Type": "Bitmap Heap Scan", "Parent Relationship": "Inner", "Relation Name": "lineitem", "Alias": "lineitem", "Startup Cost": 0.73, "Total Cost": 4.84, "Plan Rows": 9, "Plan Width": 32, "Recheck Cond": "(l_orderkey = orders.o_orderkey)", "Plans": [{"Node Type": "Bitmap Index Scan", "Parent Relationship": "Outer", "Index Name": "idx_lineitem_orderkey", "Startup Cost": 0.0, "Total Cost": 0.72, "Plan Rows": 9, "Plan Width": 0, "Index Cond": "(l_orderkey = orders.o_orderkey)"}]}]}, {"Node Type": "Bitmap Heap Scan", "Parent Relationship": "Inner", "Relation Name": "supplier", "Alias": "supplier", "Startup Cost": 0.26, "Total Cost": 4.27, "Plan Rows": 1, "Plan Width": 12, "Recheck Cond": "(s_suppkey = lineitem.l_suppkey)", "Plans": [{"Node Type": "Bitmap Index Scan", "Parent Relationship": "Outer", "Index Name": "supplier_pkey", "Startup Cost": 0.0, "Total Cost": 0.26, "Plan Rows": 1, "Plan Width": 0, "Index Cond": "(s_suppkey = lineitem.l_suppkey)"}]}]}]}]}, "Unique SQL Id": 1392561963}, "explain_analyze_plan": null}, "(64, 40)": {"explain_plan": {"Plan": {"Node Type": "Sort", "Startup Cost": 1725068.14, "Total Cost": 1725068.21, "Plan Rows": 25, "Plan Width": 50, "Sort Key": ["(sum((lineitem.l_extendedprice * (1::double precision - lineitem.l_discount)))) DESC"], "Plans": [{"Node Type": "Aggregate", "Strategy": "Hashed", "Parent Relationship": "Outer", "Startup Cost": 1725067.31, "Total Cost": 1725067.56, "Plan Rows": 25, "Plan Width": 50, "Group By Key": ["nation.n_name"], "Plans": [{"Node Type": "Hash Join", "Parent Relationship": "Outer", "Join Type": "Inner", "Startup Cost": 4783.0, "Total Cost": 1724973.41, "Plan Rows": 9390, "Plan Width": 42, "Inner Unique": true, "Hash Cond": "((lineitem.l_suppkey = supplier.s_suppkey) AND (customer.c_nationkey = supplier.s_nationkey))", "Plans": [{"Node Type": "Nested Loop", "Parent Relationship": "Outer", "Join Type": "Inner", "Startup Cost": 0.0, "Total Cost": 1692429.4, "Plan Rows": 3688948, "Plan Width": 58, "Inner Unique": false, "Plans": [{"Node Type": "Nested Loop", "Parent Relationship": "Outer", "Join Type": "Inner", "Startup Cost": 0.0, "Total Cost": 416634.99, "Plan Rows": 406290, "Plan Width": 42, "Inner Unique": false, "Plans": [{"Node Type": "Nested Loop", "Parent Relationship": "Outer", "Join Type": "Inner", "Startup Cost": 0.0, "Total Cost": 41526.19, "Plan Rows": 300000, "Plan Width": 42, "Inner Unique": false, "Plans": [{"Node Type": "Nested Loop", "Parent Relationship": "Outer", "Join Type": "Inner", "Startup Cost": 0.0, "Total Cost": 14.06, "Plan Rows": 5, "Plan Width": 30, "Inner Unique": true, "Join Filter": "(nation.n_regionkey = region.r_regionkey)", "Plans": [{"Node Type": "Index Scan", "Parent Relationship": "Outer", "Scan Direction": "Forward", "Index Name": "nation_pkey", "Relation Name": "nation", "Alias": "nation", "Startup Cost": 0.0, "Total Cost": 12.62, "Plan Rows": 25, "Plan Width": 34}, {"Node Type": "Materialize", "Parent Relationship": "Inner", "Startup Cost": 0.0, "Total Cost": 1.07, "Plan Rows": 1, "Plan Width": 4, "Plans": [{"Node Type": "Seq Scan", "Parent Relationship": "Outer", "Relation Name": "region", "Alias": "region", "Startup Cost": 0.0, "Total Cost": 1.06, "Plan Rows": 1, "Plan Width": 4, "Filter": "(r_name = 'MIDDLE EAST'::bpchar)"}]}]}, {"Node Type": "Index Scan", "Parent Relationship": "Inner", "Scan Direction": "Forward", "Index Name": "idx_customer_nationkey", "Relation Name": "customer", "Alias": "customer", "Startup Cost": 0.0, "Total Cost": 7702.43, "Plan Rows": 60000, "Plan Width": 12, "Index Cond": "(c_nationkey = nation.n_nationkey)"}]}, {"Node Type": "Index Scan", "Parent Relationship": "Inner", "Scan Direction": "Forward", "Index Name": "idx_orders_custkey", "Relation Name": "orders", "Alias": "orders", "Startup Cost": 0.0, "Total Cost": 1.24, "Plan Rows": 1, "Plan Width": 16, "Index Cond": "(o_custkey = customer.c_custkey)", "Filter": "((o_orderdate >= '1994-01-01 00:00:00'::timestamp(0) without time zone) AND (o_orderdate < '1995-01-01 00:00:00'::timestamp without time zone))"}]}, {"Node Type": "Index Scan", "Parent Relationship": "Inner", "Scan Direction": "Forward", "Index Name": "idx_lineitem_orderkey", "Relation Name": "lineitem", "Alias": "lineitem", "Startup Cost": 0.0, "Total Cost": 3.05, "Plan Rows": 9, "Plan Width": 32, "Index Cond": "(l_orderkey = orders.o_orderkey)"}]}, {"Node Type": "Hash", "Parent Relationship": "Inner", "Startup Cost": 3283.0, "Total Cost": 3283.0, "Plan Rows": 100000, "Plan Width": 12, "Plans": [{"Node Type": "Seq Scan", "Parent Relationship": "Outer", "Relation Name": "supplier", "Alias": "supplier", "Startup Cost": 0.0, "Total Cost": 3283.0, "Plan Rows": 100000, "Plan Width": 12}]}]}]}]}, "Unique SQL Id": 1392561963}, "explain_analyze_plan": {"Plan": {"Node Type": "Sort", "Startup Cost": 1725068.14, "Total Cost": 1725068.21, "Plan Rows": 25, "Plan Width": 50, "Actual Startup Time": 15529.482, "Actual Total Time": 15529.483, "Actual Rows": 5, "Actual Loops": 1, "Sort Key": ["(sum((lineitem.l_extendedprice * (1::double precision - lineitem.l_discount)))) DESC"], "Sort Method": "quicksort", "Sort Space Used": 25, "Sort Space Type": "Memory", "Plans": [{"Node Type": "Aggregate", "Strategy": "Hashed", "Parent Relationship": "Outer", "Startup Cost": 1725067.31, "Total Cost": 1725067.56, "Plan Rows": 25, "Plan Width": 50, "Actual Startup Time": 15529.445, "Actual Total Time": 15529.445, "Actual Rows": 5, "Actual Loops": 1, "Group By Key": ["nation.n_name"], "Plans": [{"Node Type": "Hash Join", "Parent Relationship": "Outer", "Join Type": "Inner", "Startup Cost": 4783.0, "Total Cost": 1724973.41, "Plan Rows": 9390, "Plan Width": 42, "Actual Startup Time": 66.322, "Actual Total Time": 15448.48, "Actual Rows": 72985, "Actual Loops": 1, "Inner Unique": true, "Hash Cond": "((lineitem.l_suppkey = supplier.s_suppkey) AND (customer.c_nationkey = supplier.s_nationkey))", "Plans": [{"Node Type": "Nested Loop", "Parent Relationship": "Outer", "Join Type": "Inner", "Startup Cost": 0.0, "Total Cost": 1692429.4, "Plan Rows": 3688948, "Plan Width": 58, "Actual Startup Time": 0.137, "Actual Total Time": 14586.623, "Actual Rows": 1815222, "Actual Loops": 1, "Inner Unique": false, "Plans": [{"Node Type": "Nested Loop", "Parent Relationship": "Outer", "Join Type": "Inner", "Startup Cost": 0.0, "Total Cost": 416634.99, "Plan Rows": 406290, "Plan Width": 42, "Actual Startup Time": 0.124, "Actual Total Time": 8810.188, "Actual Rows": 454183, "Actual Loops": 1, "Inner Unique": false, "Plans": [{"Node Type": "Nested Loop", "Parent Relationship": "Outer", "Join Type": "Inner", "Startup Cost": 0.0, "Total Cost": 41526.19, "Plan Rows": 300000, "Plan Width": 42, "Actual Startup Time": 0.08, "Actual Total Time": 494.903, "Actual Rows": 299838, "Actual Loops": 1, "Inner Unique": false, "Plans": [{"Node Type": "Nested Loop", "Parent Relationship": "Outer", "Join Type": "Inner", "Startup Cost": 0.0, "Total Cost": 14.06, "Plan Rows": 5, "Plan Width": 30, "Actual Startup Time": 0.05, "Actual Total Time": 0.128, "Actual Rows": 5, "Actual Loops": 1, "Inner Unique": true, "Join Filter": "(nation.n_regionkey = region.r_regionkey)", "Rows Removed by Join Filter": 20, "Plans": [{"Node Type": "Index Scan", "Parent Relationship": "Outer", "Scan Direction": "Forward", "Index Name": "nation_pkey", "Relation Name": "nation", "Alias": "nation", "Startup Cost": 0.0, "Total Cost": 12.62, "Plan Rows": 25, "Plan Width": 34, "Actual Startup Time": 0.013, "Actual Total Time": 0.048, "Actual Rows": 25, "Actual Loops": 1}, {"Node Type": "Materialize", "Parent Relationship": "Inner", "Startup Cost": 0.0, "Total Cost": 1.07, "Plan Rows": 1, "Plan Width": 4, "Actual Startup Time": 0.032, "Actual Total Time": 0.036, "Actual Rows": 25, "Actual Loops": 25, "Plans": [{"Node Type": "Seq Scan", "Parent Relationship": "Outer", "Relation Name": "region", "Alias": "region", "Startup Cost": 0.0, "Total Cost": 1.06, "Plan Rows": 1, "Plan Width": 4, "Actual Startup Time": 0.019, "Actual Total Time": 0.02, "Actual Rows": 1, "Actual Loops": 1, "Filter": "(r_name = 'MIDDLE EAST'::bpchar)", "Rows Removed by Filter": 4}]}]}, {"Node Type": "Index Scan", "Parent Relationship": "Inner", "Scan Direction": "Forward", "Index Name": "idx_customer_nationkey", "Relation Name": "customer", "Alias": "customer", "Startup Cost": 0.0, "Total Cost": 7702.43, "Plan Rows": 60000, "Plan Width": 12, "Actual Startup Time": 0.144, "Actual Total Time": 407.733, "Actual Rows": 299838, "Actual Loops": 5, "Index Cond": "(c_nationkey = nation.n_nationkey)", "Rows Removed by Index Recheck": 0}]}, {"Node Type": "Index Scan", "Parent Relationship": "Inner", "Scan Direction": "Forward", "Index Name": "idx_orders_custkey", "Relation Name": "orders", "Alias": "orders", "Startup Cost": 0.0, "Total Cost": 1.24, "Plan Rows": 1, "Plan Width": 16, "Actual Startup Time": 3808.288, "Actual Total Time": 8053.124, "Actual Rows": 454183, "Actual Loops": 299838, "Index Cond": "(o_custkey = customer.c_custkey)", "Rows Removed by Index Recheck": 0, "Filter": "((o_orderdate >= '1994-01-01 00:00:00'::timestamp(0) without time zone) AND (o_orderdate < '1995-01-01 00:00:00'::timestamp without time zone))", "Rows Removed by Filter": 2542535}]}, {"Node Type": "Index Scan", "Parent Relationship": "Inner", "Scan Direction": "Forward", "Index Name": "idx_lineitem_orderkey", "Relation Name": "lineitem", "Alias": "lineitem", "Startup Cost": 0.0, "Total Cost": 3.05, "Plan Rows": 9, "Plan Width": 32, "Actual Startup Time": 4147.015, "Actual Total Time": 5124.494, "Actual Rows": 1815222, "Actual Loops": 454183, "Index Cond": "(l_orderkey = orders.o_orderkey)", "Rows Removed by Index Recheck": 0}]}, {"Node Type": "Hash", "Parent Relationship": "Inner", "Startup Cost": 3283.0, "Total Cost": 3283.0, "Plan Rows": 100000, "Plan Width": 12, "Actual Startup Time": 65.955, "Actual Total Time": 65.955, "Actual Rows": 100000, "Actual Loops": 1, "Hash Buckets": 131072, "Hash Batches": 1, "Original Hash Batches": 1, "Peak Memory Usage": 4297, "Plans": [{"Node Type": "Seq Scan", "Parent Relationship": "Outer", "Relation Name": "supplier", "Alias": "supplier", "Startup Cost": 0.0, "Total Cost": 3283.0, "Plan Rows": 100000, "Plan Width": 12, "Actual Startup Time": 0.011, "Actual Total Time": 35.522, "Actual Rows": 100000, "Actual Loops": 1}]}]}]}]}, "Triggers": [], "Planner Runtime": 9.365, "Total Runtime": 15529.816, "Unique SQL Id": 1392561963}}, "(64, 41)": {"explain_plan": {"Plan": {"Node Type": "Sort", "Startup Cost": 1727130.96, "Total Cost": 1727131.02, "Plan Rows": 25, "Plan Width": 50, "Sort Key": ["(sum((lineitem.l_extendedprice * (1::double precision - lineitem.l_discount)))) DESC"], "Plans": [{"Node Type": "Aggregate", "Strategy": "Hashed", "Parent Relationship": "Outer", "Startup Cost": 1727130.13, "Total Cost": 1727130.38, "Plan Rows": 25, "Plan Width": 50, "Group By Key": ["nation.n_name"], "Plans": [{"Node Type": "Hash Join", "Parent Relationship": "Outer", "Join Type": "Inner", "Startup Cost": 6834.54, "Total Cost": 1727036.23, "Plan Rows": 9390, "Plan Width": 42, "Inner Unique": true, "Hash Cond": "((lineitem.l_suppkey = supplier.s_suppkey) AND (customer.c_nationkey = supplier.s_nationkey))", "Plans": [{"Node Type": "Nested Loop", "Parent Relationship": "Outer", "Join Type": "Inner", "Startup Cost": 0.0, "Total Cost": 1692440.68, "Plan Rows": 3688948, "Plan Width": 58, "Inner Unique": false, "Plans": [{"Node Type": "Nested Loop", "Parent Relationship": "Outer", "Join Type": "Inner", "Startup Cost": 0.0, "Total Cost": 416646.27, "Plan Rows": 406290, "Plan Width": 42, "Inner Unique": false, "Plans": [{"Node Type": "Nested Loop", "Parent Relationship": "Outer", "Join Type": "Inner", "Startup Cost": 0.0, "Total Cost": 41537.47, "Plan Rows": 300000, "Plan Width": 42, "Inner Unique": false, "Plans": [{"Node Type": "Nested Loop", "Parent Relationship": "Outer", "Join Type": "Inner", "Startup Cost": 0.0, "Total Cost": 25.34, "Plan Rows": 5, "Plan Width": 30, "Inner Unique": true, "Join Filter": "(nation.n_regionkey = region.r_regionkey)", "Plans": [{"Node Type": "Index Scan", "Parent Relationship": "Outer", "Scan Direction": "Forward", "Index Name": "nation_pkey", "Relation Name": "nation", "Alias": "nation", "Startup Cost": 0.0, "Total Cost": 12.62, "Plan Rows": 25, "Plan Width": 34}, {"Node Type": "Materialize", "Parent Relationship": "Inner", "Startup Cost": 0.0, "Total Cost": 12.34, "Plan Rows": 1, "Plan Width": 4, "Plans": [{"Node Type": "Index Scan", "Parent Relationship": "Outer", "Scan Direction": "Forward", "Index Name": "region_pkey", "Relation Name": "region", "Alias": "region", "Startup Cost": 0.0, "Total Cost": 12.34, "Plan Rows": 1, "Plan Width": 4, "Filter": "(r_name = 'MIDDLE EAST'::bpchar)"}]}]}, {"Node Type": "Index Scan", "Parent Relationship": "Inner", "Scan Direction": "Forward", "Index Name": "idx_customer_nationkey", "Relation Name": "customer", "Alias": "customer", "Startup Cost": 0.0, "Total Cost": 7702.43, "Plan Rows": 60000, "Plan Width": 12, "Index Cond": "(c_nationkey = nation.n_nationkey)"}]}, {"Node Type": "Index Scan", "Parent Relationship": "Inner", "Scan Direction": "Forward", "Index Name": "idx_orders_custkey", "Relation Name": "orders", "Alias": "orders", "Startup Cost": 0.0, "Total Cost": 1.24, "Plan Rows": 1, "Plan Width": 16, "Index Cond": "(o_custkey = customer.c_custkey)", "Filter": "((o_orderdate >= '1994-01-01 00:00:00'::timestamp(0) without time zone) AND (o_orderdate < '1995-01-01 00:00:00'::timestamp without time zone))"}]}, {"Node Type": "Index Scan", "Parent Relationship": "Inner", "Scan Direction": "Forward", "Index Name": "idx_lineitem_orderkey", "Relation Name": "lineitem", "Alias": "lineitem", "Startup Cost": 0.0, "Total Cost": 3.05, "Plan Rows": 9, "Plan Width": 32, "Index Cond": "(l_orderkey = orders.o_orderkey)"}]}, {"Node Type": "Hash", "Parent Relationship": "Inner", "Startup Cost": 5334.54, "Total Cost": 5334.54, "Plan Rows": 100000, "Plan Width": 12, "Plans": [{"Node Type": "Index Scan", "Parent Relationship": "Outer", "Scan Direction": "Forward", "Index Name": "supplier_pkey", "Relation Name": "supplier", "Alias": "supplier", "Startup Cost": 0.0, "Total Cost": 5334.54, "Plan Rows": 100000, "Plan Width": 12}]}]}]}]}, "Unique SQL Id": 1392561963}, "explain_analyze_plan": {"Plan": {"Node Type": "Sort", "Startup Cost": 1727130.96, "Total Cost": 1727131.02, "Plan Rows": 25, "Plan Width": 50, "Actual Startup Time": 15369.851, "Actual Total Time": 15369.851, "Actual Rows": 5, "Actual Loops": 1, "Sort Key": ["(sum((lineitem.l_extendedprice * (1::double precision - lineitem.l_discount)))) DESC"], "Sort Method": "quicksort", "Sort Space Used": 25, "Sort Space Type": "Memory", "Plans": [{"Node Type": "Aggregate", "Strategy": "Hashed", "Parent Relationship": "Outer", "Startup Cost": 1727130.13, "Total Cost": 1727130.38, "Plan Rows": 25, "Plan Width": 50, "Actual Startup Time": 15369.819, "Actual Total Time": 15369.821, "Actual Rows": 5, "Actual Loops": 1, "Group By Key": ["nation.n_name"], "Plans": [{"Node Type": "Hash Join", "Parent Relationship": "Outer", "Join Type": "Inner", "Startup Cost": 6834.54, "Total Cost": 1727036.23, "Plan Rows": 9390, "Plan Width": 42, "Actual Startup Time": 92.508, "Actual Total Time": 15287.672, "Actual Rows": 72985, "Actual Loops": 1, "Inner Unique": true, "Hash Cond": "((lineitem.l_suppkey = supplier.s_suppkey) AND (customer.c_nationkey = supplier.s_nationkey))", "Plans": [{"Node Type": "Nested Loop", "Parent Relationship": "Outer", "Join Type": "Inner", "Startup Cost": 0.0, "Total Cost": 1692440.68, "Plan Rows": 3688948, "Plan Width": 58, "Actual Startup Time": 0.127, "Actual Total Time": 14416.982, "Actual Rows": 1815222, "Actual Loops": 1, "Inner Unique": false, "Plans": [{"Node Type": "Nested Loop", "Parent Relationship": "Outer", "Join Type": "Inner", "Startup Cost": 0.0, "Total Cost": 416646.27, "Plan Rows": 406290, "Plan Width": 42, "Actual Startup Time": 0.115, "Actual Total Time": 8685.344, "Actual Rows": 454183, "Actual Loops": 1, "Inner Unique": false, "Plans": [{"Node Type": "Nested Loop", "Parent Relationship": "Outer", "Join Type": "Inner", "Startup Cost": 0.0, "Total Cost": 41537.47, "Plan Rows": 300000, "Plan Width": 42, "Actual Startup Time": 0.07, "Actual Total Time": 487.452, "Actual Rows": 299838, "Actual Loops": 1, "Inner Unique": false, "Plans": [{"Node Type": "Nested Loop", "Parent Relationship": "Outer", "Join Type": "Inner", "Startup Cost": 0.0, "Total Cost": 25.34, "Plan Rows": 5, "Plan Width": 30, "Actual Startup Time": 0.041, "Actual Total Time": 0.117, "Actual Rows": 5, "Actual Loops": 1, "Inner Unique": true, "Join Filter": "(nation.n_regionkey = region.r_regionkey)", "Rows Removed by Join Filter": 20, "Plans": [{"Node Type": "Index Scan", "Parent Relationship": "Outer", "Scan Direction": "Forward", "Index Name": "nation_pkey", "Relation Name": "nation", "Alias": "nation", "Startup Cost": 0.0, "Total Cost": 12.62, "Plan Rows": 25, "Plan Width": 34, "Actual Startup Time": 0.012, "Actual Total Time": 0.046, "Actual Rows": 25, "Actual Loops": 1}, {"Node Type": "Materialize", "Parent Relationship": "Inner", "Startup Cost": 0.0, "Total Cost": 12.34, "Plan Rows": 1, "Plan Width": 4, "Actual Startup Time": 0.026, "Actual Total Time": 0.031, "Actual Rows": 25, "Actual Loops": 25, "Plans": [{"Node Type": "Index Scan", "Parent Relationship": "Outer", "Scan Direction": "Forward", "Index Name": "region_pkey", "Relation Name": "region", "Alias": "region", "Startup Cost": 0.0, "Total Cost": 12.34, "Plan Rows": 1, "Plan Width": 4, "Actual Startup Time": 0.012, "Actual Total Time": 0.014, "Actual Rows": 1, "Actual Loops": 1, "Filter": "(r_name = 'MIDDLE EAST'::bpchar)", "Rows Removed by Filter": 4}]}]}, {"Node Type": "Index Scan", "Parent Relationship": "Inner", "Scan Direction": "Forward", "Index Name": "idx_customer_nationkey", "Relation Name": "customer", "Alias": "customer", "Startup Cost": 0.0, "Total Cost": 7702.43, "Plan Rows": 60000, "Plan Width": 12, "Actual Startup Time": 0.147, "Actual Total Time": 400.134, "Actual Rows": 299838, "Actual Loops": 5, "Index Cond": "(c_nationkey = nation.n_nationkey)", "Rows Removed by Index Recheck": 0}]}, {"Node Type": "Index Scan", "Parent Relationship": "Inner", "Scan Direction": "Forward", "Index Name": "idx_orders_custkey", "Relation Name": "orders", "Alias": "orders", "Startup Cost": 0.0, "Total Cost": 1.24, "Plan Rows": 1, "Plan Width": 16, "Actual Startup Time": 3753.518, "Actual Total Time": 7937.204, "Actual Rows": 454183, "Actual Loops": 299838, "Index Cond": "(o_custkey = customer.c_custkey)", "Rows Removed by Index Recheck": 0, "Filter": "((o_orderdate >= '1994-01-01 00:00:00'::timestamp(0) without time zone) AND (o_orderdate < '1995-01-01 00:00:00'::timestamp without time zone))", "Rows Removed by Filter": 2542535}]}, {"Node Type": "Index Scan", "Parent Relationship": "Inner", "Scan Direction": "Forward", "Index Name": "idx_lineitem_orderkey", "Relation Name": "lineitem", "Alias": "lineitem", "Startup Cost": 0.0, "Total Cost": 3.05, "Plan Rows": 9, "Plan Width": 32, "Actual Startup Time": 4103.866, "Actual Total Time": 5089.885, "Actual Rows": 1815222, "Actual Loops": 454183, "Index Cond": "(l_orderkey = orders.o_orderkey)", "Rows Removed by Index Recheck": 0}]}, {"Node Type": "Hash", "Parent Relationship": "Inner", "Startup Cost": 5334.54, "Total Cost": 5334.54, "Plan Rows": 100000, "Plan Width": 12, "Actual Startup Time": 92.164, "Actual Total Time": 92.164, "Actual Rows": 100000, "Actual Loops": 1, "Hash Buckets": 131072, "Hash Batches": 1, "Original Hash Batches": 1, "Peak Memory Usage": 4297, "Plans": [{"Node Type": "Index Scan", "Parent Relationship": "Outer", "Scan Direction": "Forward", "Index Name": "supplier_pkey", "Relation Name": "supplier", "Alias": "supplier", "Startup Cost": 0.0, "Total Cost": 5334.54, "Plan Rows": 100000, "Plan Width": 12, "Actual Startup Time": 0.019, "Actual Total Time": 59.555, "Actual Rows": 100000, "Actual Loops": 1}]}]}]}]}, "Triggers": [], "Planner Runtime": 9.101, "Total Runtime": 15370.201, "Unique SQL Id": 1392561963}}, "(64, 42)": {"explain_plan": {"Plan": {"Node Type": "Sort", "Startup Cost": 2891580.15, "Total Cost": 2891580.22, "Plan Rows": 25, "Plan Width": 50, "Sort Key": ["(sum((lineitem.l_extendedprice * (1::double precision - lineitem.l_discount)))) DESC"], "Plans": [{"Node Type": "Aggregate", "Strategy": "Hashed", "Parent Relationship": "Outer", "Startup Cost": 2891579.32, "Total Cost": 2891579.57, "Plan Rows": 25, "Plan Width": 50, "Group By Key": ["nation.n_name"], "Plans": [{"Node Type": "Hash Join", "Parent Relationship": "Outer", "Join Type": "Inner", "Startup Cost": 586755.18, "Total Cost": 2891485.42, "Plan Rows": 9390, "Plan Width": 42, "Inner Unique": true, "Hash Cond": "((lineitem.l_suppkey = supplier.s_suppkey) AND (customer.c_nationkey = supplier.s_nationkey))", "Plans": [{"Node Type": "Hash Join", "Parent Relationship": "Outer", "Join Type": "Inner", "Startup Cost": 581972.18, "Total Cost": 2858928.33, "Plan Rows": 3688948, "Plan Width": 58, "Inner Unique": false, "Hash Cond": "(lineitem.l_orderkey = orders.o_orderkey), (LLVM Optimized)", "Plans": [{"Node Type": "Seq Scan", "Parent Relationship": "Outer", "Relation Name": "lineitem", "Alias": "lineitem", "Startup Cost": 0.0, "Total Cost": 2015115.33, "Plan Rows": 59987033, "Plan Width": 32}, {"Node Type": "Hash", "Parent Relationship": "Inner", "Startup Cost": 576893.55, "Total Cost": 576893.55, "Plan Rows": 406290, "Plan Width": 42, "Plans": [{"Node Type": "Hash Join", "Parent Relationship": "Outer", "Join Type": "Inner", "Startup Cost": 63303.86, "Total Cost": 576893.55, "Plan Rows": 406290, "Plan Width": 42, "Inner Unique": false, "Hash Cond": "(orders.o_custkey = customer.c_custkey), (LLVM Optimized)", "Plans": [{"Node Type": "Seq Scan", "Parent Relationship": "Outer", "Relation Name": "orders", "Alias": "orders", "Startup Cost": 440.98, "Total Cost": 501411.18, "Plan Rows": 2281758, "Plan Width": 16, "Filter": "((o_orderdate >= '1994-01-01 00:00:00'::timestamp(0) without time zone) AND (o_orderdate < '1995-01-01 00:00:00'::timestamp without time zone)), (LLVM Optimized)"}, {"Node Type": "Hash", "Parent Relationship": "Inner", "Startup Cost": 59112.88, "Total Cost": 59112.88, "Plan Rows": 300000, "Plan Width": 42, "Plans": [{"Node Type": "Hash Join", "Parent Relationship": "Outer", "Join Type": "Inner", "Startup Cost": 2.5, "Total Cost": 59112.88, "Plan Rows": 300000, "Plan Width": 42, "Inner Unique": false, "Hash Cond": "(customer.c_nationkey = nation.n_nationkey), (LLVM Optimized)", "Plans": [{"Node Type": "Seq Scan", "Parent Relationship": "Outer", "Relation Name": "customer", "Alias": "customer", "Startup Cost": 0.0, "Total Cost": 52126.0, "Plan Rows": 1500000, "Plan Width": 12}, {"Node Type": "Hash", "Parent Relationship": "Inner", "Startup Cost": 2.44, "Total Cost": 2.44, "Plan Rows": 5, "Plan Width": 30, "Plans": [{"Node Type": "Hash Join", "Parent Relationship": "Outer", "Join Type": "Inner", "Startup Cost": 1.07, "Total Cost": 2.44, "Plan Rows": 5, "Plan Width": 30, "Inner Unique": true, "Hash Cond": "(nation.n_regionkey = region.r_regionkey)", "Plans": [{"Node Type": "Seq Scan", "Parent Relationship": "Outer", "Relation Name": "nation", "Alias": "nation", "Startup Cost": 0.0, "Total Cost": 1.25, "Plan Rows": 25, "Plan Width": 34}, {"Node Type": "Hash", "Parent Relationship": "Inner", "Startup Cost": 1.06, "Total Cost": 1.06, "Plan Rows": 1, "Plan Width": 4, "Plans": [{"Node Type": "Seq Scan", "Parent Relationship": "Outer", "Relation Name": "region", "Alias": "region", "Startup Cost": 0.0, "Total Cost": 1.06, "Plan Rows": 1, "Plan Width": 4, "Filter": "(r_name = 'MIDDLE EAST'::bpchar)"}]}]}]}]}]}]}]}]}, {"Node Type": "Hash", "Parent Relationship": "Inner", "Startup Cost": 3283.0, "Total Cost": 3283.0, "Plan Rows": 100000, "Plan Width": 12, "Plans": [{"Node Type": "Seq Scan", "Parent Relationship": "Outer", "Relation Name": "supplier", "Alias": "supplier", "Startup Cost": 0.0, "Total Cost": 3283.0, "Plan Rows": 100000, "Plan Width": 12}]}]}]}]}, "Unique SQL Id": 1392561963}, "explain_analyze_plan": null}, "(64, 43)": {"explain_plan": {"Plan": {"Node Type": "Sort", "Startup Cost": 6051464595461.66, "Total Cost": 6051464595461.73, "Plan Rows": 25, "Plan Width": 50, "Sort Key": ["(sum((lineitem.l_extendedprice * (1::double precision - lineitem.l_discount)))) DESC"], "Plans": [{"Node Type": "Aggregate", "Strategy": "Hashed", "Parent Relationship": "Outer", "Startup Cost": 6051464595460.83, "Total Cost": 6051464595461.08, "Plan Rows": 25, "Plan Width": 50, "Group By Key": ["nation.n_name"], "Plans": [{"Node Type": "Nested Loop", "Parent Relationship": "Outer", "Join Type": "Inner", "Startup Cost": 60000000000.0, "Total Cost": 6051464595366.93, "Plan Rows": 9390, "Plan Width": 42, "Inner Unique": false, "Join Filter": "((orders.o_custkey = customer.c_custkey) AND (supplier.s_nationkey = customer.c_nationkey))", "Plans": [{"Node Type": "Index Scan", "Parent Relationship": "Outer", "Scan Direction": "Forward", "Index Name": "customer_pkey", "Relation Name": "customer", "Alias": "customer", "Startup Cost": 10000000000.0, "Total Cost": 1000008076535.62, "Plan Rows": 1500000, "Plan Width": 12}, {"Node Type": "Materialize", "Parent Relationship": "Inner", "Startup Cost": 50000000000.0, "Total Cost": 5044534420740.56, "Plan Rows": 263699, "Plan Width": 58, "Plans": [{"Node Type": "Nested Loop", "Parent Relationship": "Outer", "Join Type": "Inner", "Startup Cost": 50000000000.0, "Total Cost": 5044534419422.06, "Plan Rows": 263699, "Plan Width": 58, "Inner Unique": true, "Join Filter": "(lineitem.l_orderkey = orders.o_orderkey), (LLVM Optimized)", "Plans": [{"Node Type": "Nested Loop", "Parent Relationship": "Outer", "Join Type": "Inner", "Startup Cost": 40000000000.0, "Total Cost": 4018320818943.09, "Plan Rows": 763534, "Plan Width": 58, "Inner Unique": false, "Join Filter": "(supplier.s_suppkey = lineitem.l_suppkey), (LLVM Optimized)", "Plans": [{"Node Type": "Nested Loop", "Parent Relationship": "Outer", "Join Type": "Inner", "Startup Cost": 30000000000.0, "Total Cost": 3000000543701.01, "Plan Rows": 20000, "Plan Width": 42, "Inner Unique": false, "Join Filter": "(nation.n_nationkey = supplier.s_nationkey)", "Plans": [{"Node Type": "Nested Loop", "Parent Relationship": "Outer", "Join Type": "Inner", "Startup Cost": 20000000000.0, "Total Cost": 2000000002496.63, "Plan Rows": 5, "Plan Width": 30, "Inner Unique": true, "Join Filter": "(nation.n_regionkey = region.r_regionkey)", "Plans": [{"Node Type": "Index Scan", "Parent Relationship": "Outer", "Scan Direction": "Forward", "Index Name": "nation_pkey", "Relation Name": "nation", "Alias": "nation", "Startup Cost": 10000000000.0, "Total Cost": 1000000001262.5, "Plan Rows": 25, "Plan Width": 34}, {"Node Type": "Materialize", "Parent Relationship": "Inner", "Startup Cost": 10000000000.0, "Total Cost": 1000000001233.76, "Plan Rows": 1, "Plan Width": 4, "Plans": [{"Node Type": "Index Scan", "Parent Relationship": "Outer", "Scan Direction": "Forward", "Index Name": "region_pkey", "Relation Name": "region", "Alias": "region", "Startup Cost": 10000000000.0, "Total Cost": 1000000001233.75, "Plan Rows": 1, "Plan Width": 4, "Filter": "(r_name = 'MIDDLE EAST'::bpchar)"}]}]}, {"Node Type": "Materialize", "Parent Relationship": "Inner", "Startup Cost": 10000000000.0, "Total Cost": 1000000533954.38, "Plan Rows": 100000, "Plan Width": 12, "Plans": [{"Node Type": "Index Scan", "Parent Relationship": "Outer", "Scan Direction": "Forward", "Index Name": "supplier_pkey", "Relation Name": "supplier", "Alias": "supplier", "Startup Cost": 10000000000.0, "Total Cost": 1000000533454.38, "Plan Rows": 100000, "Plan Width": 12}]}]}, {"Node Type": "Materialize", "Parent Relationship": "Inner", "Startup Cost": 10000000000.0, "Total Cost": 1000324315309.67, "Plan Rows": 59987033, "Plan Width": 32, "Plans": [{"Node Type": "Index Scan", "Parent Relationship": "Outer", "Scan Direction": "Forward", "Index Name": "idx_lineitem_orderkey", "Relation Name": "lineitem", "Alias": "lineitem", "Startup Cost": 10000000000.0, "Total Cost": 1000324015374.5, "Plan Rows": 59987033, "Plan Width": 32}]}]}, {"Node Type": "Materialize", "Parent Relationship": "Inner", "Startup Cost": 10000000000.0, "Total Cost": 1000080608991.79, "Plan Rows": 2281758, "Plan Width": 16, "Plans": [{"Node Type": "Index Scan", "Parent Relationship": "Outer", "Scan Direction": "Forward", "Index Name": "orders_pkey", "Relation Name": "orders", "Alias": "orders", "Startup Cost": 10000000000.0, "Total Cost": 1000080597583.0, "Plan Rows": 2281758, "Plan Width": 16, "Filter": "((o_orderdate >= '1994-01-01 00:00:00'::timestamp(0) without time zone) AND (o_orderdate < '1995-01-01 00:00:00'::timestamp without time zone)), (LLVM Optimized)"}]}]}]}]}]}]}, "Unique SQL Id": 1392561963}, "explain_analyze_plan": null}, "(64, 44)": {"explain_plan": {"Plan": {"Node Type": "Sort", "Startup Cost": 1725068.14, "Total Cost": 1725068.21, "Plan Rows": 25, "Plan Width": 50, "Sort Key": ["(sum((lineitem.l_extendedprice * (1::double precision - lineitem.l_discount)))) DESC"], "Plans": [{"Node Type": "Aggregate", "Strategy": "Hashed", "Parent Relationship": "Outer", "Startup Cost": 1725067.31, "Total Cost": 1725067.56, "Plan Rows": 25, "Plan Width": 50, "Group By Key": ["nation.n_name"], "Plans": [{"Node Type": "Hash Join", "Parent Relationship": "Outer", "Join Type": "Inner", "Startup Cost": 4783.0, "Total Cost": 1724973.41, "Plan Rows": 9390, "Plan Width": 42, "Inner Unique": true, "Hash Cond": "((lineitem.l_suppkey = supplier.s_suppkey) AND (customer.c_nationkey = supplier.s_nationkey))", "Plans": [{"Node Type": "Nested Loop", "Parent Relationship": "Outer", "Join Type": "Inner", "Startup Cost": 0.0, "Total Cost": 1692429.4, "Plan Rows": 3688948, "Plan Width": 58, "Inner Unique": false, "Plans": [{"Node Type": "Nested Loop", "Parent Relationship": "Outer", "Join Type": "Inner", "Startup Cost": 0.0, "Total Cost": 416634.99, "Plan Rows": 406290, "Plan Width": 42, "Inner Unique": false, "Plans": [{"Node Type": "Nested Loop", "Parent Relationship": "Outer", "Join Type": "Inner", "Startup Cost": 0.0, "Total Cost": 41526.19, "Plan Rows": 300000, "Plan Width": 42, "Inner Unique": false, "Plans": [{"Node Type": "Nested Loop", "Parent Relationship": "Outer", "Join Type": "Inner", "Startup Cost": 0.0, "Total Cost": 14.06, "Plan Rows": 5, "Plan Width": 30, "Inner Unique": true, "Join Filter": "(nation.n_regionkey = region.r_regionkey)", "Plans": [{"Node Type": "Index Scan", "Parent Relationship": "Outer", "Scan Direction": "Forward", "Index Name": "nation_pkey", "Relation Name": "nation", "Alias": "nation", "Startup Cost": 0.0, "Total Cost": 12.62, "Plan Rows": 25, "Plan Width": 34}, {"Node Type": "Materialize", "Parent Relationship": "Inner", "Startup Cost": 0.0, "Total Cost": 1.07, "Plan Rows": 1, "Plan Width": 4, "Plans": [{"Node Type": "Seq Scan", "Parent Relationship": "Outer", "Relation Name": "region", "Alias": "region", "Startup Cost": 0.0, "Total Cost": 1.06, "Plan Rows": 1, "Plan Width": 4, "Filter": "(r_name = 'MIDDLE EAST'::bpchar)"}]}]}, {"Node Type": "Index Scan", "Parent Relationship": "Inner", "Scan Direction": "Forward", "Index Name": "idx_customer_nationkey", "Relation Name": "customer", "Alias": "customer", "Startup Cost": 0.0, "Total Cost": 7702.43, "Plan Rows": 60000, "Plan Width": 12, "Index Cond": "(c_nationkey = nation.n_nationkey)"}]}, {"Node Type": "Index Scan", "Parent Relationship": "Inner", "Scan Direction": "Forward", "Index Name": "idx_orders_custkey", "Relation Name": "orders", "Alias": "orders", "Startup Cost": 0.0, "Total Cost": 1.24, "Plan Rows": 1, "Plan Width": 16, "Index Cond": "(o_custkey = customer.c_custkey)", "Filter": "((o_orderdate >= '1994-01-01 00:00:00'::timestamp(0) without time zone) AND (o_orderdate < '1995-01-01 00:00:00'::timestamp without time zone))"}]}, {"Node Type": "Index Scan", "Parent Relationship": "Inner", "Scan Direction": "Forward", "Index Name": "idx_lineitem_orderkey", "Relation Name": "lineitem", "Alias": "lineitem", "Startup Cost": 0.0, "Total Cost": 3.05, "Plan Rows": 9, "Plan Width": 32, "Index Cond": "(l_orderkey = orders.o_orderkey)"}]}, {"Node Type": "Hash", "Parent Relationship": "Inner", "Startup Cost": 3283.0, "Total Cost": 3283.0, "Plan Rows": 100000, "Plan Width": 12, "Plans": [{"Node Type": "Seq Scan", "Parent Relationship": "Outer", "Relation Name": "supplier", "Alias": "supplier", "Startup Cost": 0.0, "Total Cost": 3283.0, "Plan Rows": 100000, "Plan Width": 12}]}]}]}]}, "Unique SQL Id": 1392561963}, "explain_analyze_plan": {"Plan": {"Node Type": "Sort", "Startup Cost": 1725068.14, "Total Cost": 1725068.21, "Plan Rows": 25, "Plan Width": 50, "Actual Startup Time": 15529.482, "Actual Total Time": 15529.483, "Actual Rows": 5, "Actual Loops": 1, "Sort Key": ["(sum((lineitem.l_extendedprice * (1::double precision - lineitem.l_discount)))) DESC"], "Sort Method": "quicksort", "Sort Space Used": 25, "Sort Space Type": "Memory", "Plans": [{"Node Type": "Aggregate", "Strategy": "Hashed", "Parent Relationship": "Outer", "Startup Cost": 1725067.31, "Total Cost": 1725067.56, "Plan Rows": 25, "Plan Width": 50, "Actual Startup Time": 15529.445, "Actual Total Time": 15529.445, "Actual Rows": 5, "Actual Loops": 1, "Group By Key": ["nation.n_name"], "Plans": [{"Node Type": "Hash Join", "Parent Relationship": "Outer", "Join Type": "Inner", "Startup Cost": 4783.0, "Total Cost": 1724973.41, "Plan Rows": 9390, "Plan Width": 42, "Actual Startup Time": 66.322, "Actual Total Time": 15448.48, "Actual Rows": 72985, "Actual Loops": 1, "Inner Unique": true, "Hash Cond": "((lineitem.l_suppkey = supplier.s_suppkey) AND (customer.c_nationkey = supplier.s_nationkey))", "Plans": [{"Node Type": "Nested Loop", "Parent Relationship": "Outer", "Join Type": "Inner", "Startup Cost": 0.0, "Total Cost": 1692429.4, "Plan Rows": 3688948, "Plan Width": 58, "Actual Startup Time": 0.137, "Actual Total Time": 14586.623, "Actual Rows": 1815222, "Actual Loops": 1, "Inner Unique": false, "Plans": [{"Node Type": "Nested Loop", "Parent Relationship": "Outer", "Join Type": "Inner", "Startup Cost": 0.0, "Total Cost": 416634.99, "Plan Rows": 406290, "Plan Width": 42, "Actual Startup Time": 0.124, "Actual Total Time": 8810.188, "Actual Rows": 454183, "Actual Loops": 1, "Inner Unique": false, "Plans": [{"Node Type": "Nested Loop", "Parent Relationship": "Outer", "Join Type": "Inner", "Startup Cost": 0.0, "Total Cost": 41526.19, "Plan Rows": 300000, "Plan Width": 42, "Actual Startup Time": 0.08, "Actual Total Time": 494.903, "Actual Rows": 299838, "Actual Loops": 1, "Inner Unique": false, "Plans": [{"Node Type": "Nested Loop", "Parent Relationship": "Outer", "Join Type": "Inner", "Startup Cost": 0.0, "Total Cost": 14.06, "Plan Rows": 5, "Plan Width": 30, "Actual Startup Time": 0.05, "Actual Total Time": 0.128, "Actual Rows": 5, "Actual Loops": 1, "Inner Unique": true, "Join Filter": "(nation.n_regionkey = region.r_regionkey)", "Rows Removed by Join Filter": 20, "Plans": [{"Node Type": "Index Scan", "Parent Relationship": "Outer", "Scan Direction": "Forward", "Index Name": "nation_pkey", "Relation Name": "nation", "Alias": "nation", "Startup Cost": 0.0, "Total Cost": 12.62, "Plan Rows": 25, "Plan Width": 34, "Actual Startup Time": 0.013, "Actual Total Time": 0.048, "Actual Rows": 25, "Actual Loops": 1}, {"Node Type": "Materialize", "Parent Relationship": "Inner", "Startup Cost": 0.0, "Total Cost": 1.07, "Plan Rows": 1, "Plan Width": 4, "Actual Startup Time": 0.032, "Actual Total Time": 0.036, "Actual Rows": 25, "Actual Loops": 25, "Plans": [{"Node Type": "Seq Scan", "Parent Relationship": "Outer", "Relation Name": "region", "Alias": "region", "Startup Cost": 0.0, "Total Cost": 1.06, "Plan Rows": 1, "Plan Width": 4, "Actual Startup Time": 0.019, "Actual Total Time": 0.02, "Actual Rows": 1, "Actual Loops": 1, "Filter": "(r_name = 'MIDDLE EAST'::bpchar)", "Rows Removed by Filter": 4}]}]}, {"Node Type": "Index Scan", "Parent Relationship": "Inner", "Scan Direction": "Forward", "Index Name": "idx_customer_nationkey", "Relation Name": "customer", "Alias": "customer", "Startup Cost": 0.0, "Total Cost": 7702.43, "Plan Rows": 60000, "Plan Width": 12, "Actual Startup Time": 0.144, "Actual Total Time": 407.733, "Actual Rows": 299838, "Actual Loops": 5, "Index Cond": "(c_nationkey = nation.n_nationkey)", "Rows Removed by Index Recheck": 0}]}, {"Node Type": "Index Scan", "Parent Relationship": "Inner", "Scan Direction": "Forward", "Index Name": "idx_orders_custkey", "Relation Name": "orders", "Alias": "orders", "Startup Cost": 0.0, "Total Cost": 1.24, "Plan Rows": 1, "Plan Width": 16, "Actual Startup Time": 3808.288, "Actual Total Time": 8053.124, "Actual Rows": 454183, "Actual Loops": 299838, "Index Cond": "(o_custkey = customer.c_custkey)", "Rows Removed by Index Recheck": 0, "Filter": "((o_orderdate >= '1994-01-01 00:00:00'::timestamp(0) without time zone) AND (o_orderdate < '1995-01-01 00:00:00'::timestamp without time zone))", "Rows Removed by Filter": 2542535}]}, {"Node Type": "Index Scan", "Parent Relationship": "Inner", "Scan Direction": "Forward", "Index Name": "idx_lineitem_orderkey", "Relation Name": "lineitem", "Alias": "lineitem", "Startup Cost": 0.0, "Total Cost": 3.05, "Plan Rows": 9, "Plan Width": 32, "Actual Startup Time": 4147.015, "Actual Total Time": 5124.494, "Actual Rows": 1815222, "Actual Loops": 454183, "Index Cond": "(l_orderkey = orders.o_orderkey)", "Rows Removed by Index Recheck": 0}]}, {"Node Type": "Hash", "Parent Relationship": "Inner", "Startup Cost": 3283.0, "Total Cost": 3283.0, "Plan Rows": 100000, "Plan Width": 12, "Actual Startup Time": 65.955, "Actual Total Time": 65.955, "Actual Rows": 100000, "Actual Loops": 1, "Hash Buckets": 131072, "Hash Batches": 1, "Original Hash Batches": 1, "Peak Memory Usage": 4297, "Plans": [{"Node Type": "Seq Scan", "Parent Relationship": "Outer", "Relation Name": "supplier", "Alias": "supplier", "Startup Cost": 0.0, "Total Cost": 3283.0, "Plan Rows": 100000, "Plan Width": 12, "Actual Startup Time": 0.011, "Actual Total Time": 35.522, "Actual Rows": 100000, "Actual Loops": 1}]}]}]}]}, "Triggers": [], "Planner Runtime": 9.365, "Total Runtime": 15529.816, "Unique SQL Id": 1392561963}}, "(64, 45)": {"explain_plan": {"Plan": {"Node Type": "Sort", "Startup Cost": 1727130.96, "Total Cost": 1727131.02, "Plan Rows": 25, "Plan Width": 50, "Sort Key": ["(sum((lineitem.l_extendedprice * (1::double precision - lineitem.l_discount)))) DESC"], "Plans": [{"Node Type": "Aggregate", "Strategy": "Hashed", "Parent Relationship": "Outer", "Startup Cost": 1727130.13, "Total Cost": 1727130.38, "Plan Rows": 25, "Plan Width": 50, "Group By Key": ["nation.n_name"], "Plans": [{"Node Type": "Hash Join", "Parent Relationship": "Outer", "Join Type": "Inner", "Startup Cost": 6834.54, "Total Cost": 1727036.23, "Plan Rows": 9390, "Plan Width": 42, "Inner Unique": true, "Hash Cond": "((lineitem.l_suppkey = supplier.s_suppkey) AND (customer.c_nationkey = supplier.s_nationkey))", "Plans": [{"Node Type": "Nested Loop", "Parent Relationship": "Outer", "Join Type": "Inner", "Startup Cost": 0.0, "Total Cost": 1692440.68, "Plan Rows": 3688948, "Plan Width": 58, "Inner Unique": false, "Plans": [{"Node Type": "Nested Loop", "Parent Relationship": "Outer", "Join Type": "Inner", "Startup Cost": 0.0, "Total Cost": 416646.27, "Plan Rows": 406290, "Plan Width": 42, "Inner Unique": false, "Plans": [{"Node Type": "Nested Loop", "Parent Relationship": "Outer", "Join Type": "Inner", "Startup Cost": 0.0, "Total Cost": 41537.47, "Plan Rows": 300000, "Plan Width": 42, "Inner Unique": false, "Plans": [{"Node Type": "Nested Loop", "Parent Relationship": "Outer", "Join Type": "Inner", "Startup Cost": 0.0, "Total Cost": 25.34, "Plan Rows": 5, "Plan Width": 30, "Inner Unique": true, "Join Filter": "(nation.n_regionkey = region.r_regionkey)", "Plans": [{"Node Type": "Index Scan", "Parent Relationship": "Outer", "Scan Direction": "Forward", "Index Name": "nation_pkey", "Relation Name": "nation", "Alias": "nation", "Startup Cost": 0.0, "Total Cost": 12.62, "Plan Rows": 25, "Plan Width": 34}, {"Node Type": "Materialize", "Parent Relationship": "Inner", "Startup Cost": 0.0, "Total Cost": 12.34, "Plan Rows": 1, "Plan Width": 4, "Plans": [{"Node Type": "Index Scan", "Parent Relationship": "Outer", "Scan Direction": "Forward", "Index Name": "region_pkey", "Relation Name": "region", "Alias": "region", "Startup Cost": 0.0, "Total Cost": 12.34, "Plan Rows": 1, "Plan Width": 4, "Filter": "(r_name = 'MIDDLE EAST'::bpchar)"}]}]}, {"Node Type": "Index Scan", "Parent Relationship": "Inner", "Scan Direction": "Forward", "Index Name": "idx_customer_nationkey", "Relation Name": "customer", "Alias": "customer", "Startup Cost": 0.0, "Total Cost": 7702.43, "Plan Rows": 60000, "Plan Width": 12, "Index Cond": "(c_nationkey = nation.n_nationkey)"}]}, {"Node Type": "Index Scan", "Parent Relationship": "Inner", "Scan Direction": "Forward", "Index Name": "idx_orders_custkey", "Relation Name": "orders", "Alias": "orders", "Startup Cost": 0.0, "Total Cost": 1.24, "Plan Rows": 1, "Plan Width": 16, "Index Cond": "(o_custkey = customer.c_custkey)", "Filter": "((o_orderdate >= '1994-01-01 00:00:00'::timestamp(0) without time zone) AND (o_orderdate < '1995-01-01 00:00:00'::timestamp without time zone))"}]}, {"Node Type": "Index Scan", "Parent Relationship": "Inner", "Scan Direction": "Forward", "Index Name": "idx_lineitem_orderkey", "Relation Name": "lineitem", "Alias": "lineitem", "Startup Cost": 0.0, "Total Cost": 3.05, "Plan Rows": 9, "Plan Width": 32, "Index Cond": "(l_orderkey = orders.o_orderkey)"}]}, {"Node Type": "Hash", "Parent Relationship": "Inner", "Startup Cost": 5334.54, "Total Cost": 5334.54, "Plan Rows": 100000, "Plan Width": 12, "Plans": [{"Node Type": "Index Scan", "Parent Relationship": "Outer", "Scan Direction": "Forward", "Index Name": "supplier_pkey", "Relation Name": "supplier", "Alias": "supplier", "Startup Cost": 0.0, "Total Cost": 5334.54, "Plan Rows": 100000, "Plan Width": 12}]}]}]}]}, "Unique SQL Id": 1392561963}, "explain_analyze_plan": {"Plan": {"Node Type": "Sort", "Startup Cost": 1727130.96, "Total Cost": 1727131.02, "Plan Rows": 25, "Plan Width": 50, "Actual Startup Time": 15369.851, "Actual Total Time": 15369.851, "Actual Rows": 5, "Actual Loops": 1, "Sort Key": ["(sum((lineitem.l_extendedprice * (1::double precision - lineitem.l_discount)))) DESC"], "Sort Method": "quicksort", "Sort Space Used": 25, "Sort Space Type": "Memory", "Plans": [{"Node Type": "Aggregate", "Strategy": "Hashed", "Parent Relationship": "Outer", "Startup Cost": 1727130.13, "Total Cost": 1727130.38, "Plan Rows": 25, "Plan Width": 50, "Actual Startup Time": 15369.819, "Actual Total Time": 15369.821, "Actual Rows": 5, "Actual Loops": 1, "Group By Key": ["nation.n_name"], "Plans": [{"Node Type": "Hash Join", "Parent Relationship": "Outer", "Join Type": "Inner", "Startup Cost": 6834.54, "Total Cost": 1727036.23, "Plan Rows": 9390, "Plan Width": 42, "Actual Startup Time": 92.508, "Actual Total Time": 15287.672, "Actual Rows": 72985, "Actual Loops": 1, "Inner Unique": true, "Hash Cond": "((lineitem.l_suppkey = supplier.s_suppkey) AND (customer.c_nationkey = supplier.s_nationkey))", "Plans": [{"Node Type": "Nested Loop", "Parent Relationship": "Outer", "Join Type": "Inner", "Startup Cost": 0.0, "Total Cost": 1692440.68, "Plan Rows": 3688948, "Plan Width": 58, "Actual Startup Time": 0.127, "Actual Total Time": 14416.982, "Actual Rows": 1815222, "Actual Loops": 1, "Inner Unique": false, "Plans": [{"Node Type": "Nested Loop", "Parent Relationship": "Outer", "Join Type": "Inner", "Startup Cost": 0.0, "Total Cost": 416646.27, "Plan Rows": 406290, "Plan Width": 42, "Actual Startup Time": 0.115, "Actual Total Time": 8685.344, "Actual Rows": 454183, "Actual Loops": 1, "Inner Unique": false, "Plans": [{"Node Type": "Nested Loop", "Parent Relationship": "Outer", "Join Type": "Inner", "Startup Cost": 0.0, "Total Cost": 41537.47, "Plan Rows": 300000, "Plan Width": 42, "Actual Startup Time": 0.07, "Actual Total Time": 487.452, "Actual Rows": 299838, "Actual Loops": 1, "Inner Unique": false, "Plans": [{"Node Type": "Nested Loop", "Parent Relationship": "Outer", "Join Type": "Inner", "Startup Cost": 0.0, "Total Cost": 25.34, "Plan Rows": 5, "Plan Width": 30, "Actual Startup Time": 0.041, "Actual Total Time": 0.117, "Actual Rows": 5, "Actual Loops": 1, "Inner Unique": true, "Join Filter": "(nation.n_regionkey = region.r_regionkey)", "Rows Removed by Join Filter": 20, "Plans": [{"Node Type": "Index Scan", "Parent Relationship": "Outer", "Scan Direction": "Forward", "Index Name": "nation_pkey", "Relation Name": "nation", "Alias": "nation", "Startup Cost": 0.0, "Total Cost": 12.62, "Plan Rows": 25, "Plan Width": 34, "Actual Startup Time": 0.012, "Actual Total Time": 0.046, "Actual Rows": 25, "Actual Loops": 1}, {"Node Type": "Materialize", "Parent Relationship": "Inner", "Startup Cost": 0.0, "Total Cost": 12.34, "Plan Rows": 1, "Plan Width": 4, "Actual Startup Time": 0.026, "Actual Total Time": 0.031, "Actual Rows": 25, "Actual Loops": 25, "Plans": [{"Node Type": "Index Scan", "Parent Relationship": "Outer", "Scan Direction": "Forward", "Index Name": "region_pkey", "Relation Name": "region", "Alias": "region", "Startup Cost": 0.0, "Total Cost": 12.34, "Plan Rows": 1, "Plan Width": 4, "Actual Startup Time": 0.012, "Actual Total Time": 0.014, "Actual Rows": 1, "Actual Loops": 1, "Filter": "(r_name = 'MIDDLE EAST'::bpchar)", "Rows Removed by Filter": 4}]}]}, {"Node Type": "Index Scan", "Parent Relationship": "Inner", "Scan Direction": "Forward", "Index Name": "idx_customer_nationkey", "Relation Name": "customer", "Alias": "customer", "Startup Cost": 0.0, "Total Cost": 7702.43, "Plan Rows": 60000, "Plan Width": 12, "Actual Startup Time": 0.147, "Actual Total Time": 400.134, "Actual Rows": 299838, "Actual Loops": 5, "Index Cond": "(c_nationkey = nation.n_nationkey)", "Rows Removed by Index Recheck": 0}]}, {"Node Type": "Index Scan", "Parent Relationship": "Inner", "Scan Direction": "Forward", "Index Name": "idx_orders_custkey", "Relation Name": "orders", "Alias": "orders", "Startup Cost": 0.0, "Total Cost": 1.24, "Plan Rows": 1, "Plan Width": 16, "Actual Startup Time": 3753.518, "Actual Total Time": 7937.204, "Actual Rows": 454183, "Actual Loops": 299838, "Index Cond": "(o_custkey = customer.c_custkey)", "Rows Removed by Index Recheck": 0, "Filter": "((o_orderdate >= '1994-01-01 00:00:00'::timestamp(0) without time zone) AND (o_orderdate < '1995-01-01 00:00:00'::timestamp without time zone))", "Rows Removed by Filter": 2542535}]}, {"Node Type": "Index Scan", "Parent Relationship": "Inner", "Scan Direction": "Forward", "Index Name": "idx_lineitem_orderkey", "Relation Name": "lineitem", "Alias": "lineitem", "Startup Cost": 0.0, "Total Cost": 3.05, "Plan Rows": 9, "Plan Width": 32, "Actual Startup Time": 4103.866, "Actual Total Time": 5089.885, "Actual Rows": 1815222, "Actual Loops": 454183, "Index Cond": "(l_orderkey = orders.o_orderkey)", "Rows Removed by Index Recheck": 0}]}, {"Node Type": "Hash", "Parent Relationship": "Inner", "Startup Cost": 5334.54, "Total Cost": 5334.54, "Plan Rows": 100000, "Plan Width": 12, "Actual Startup Time": 92.164, "Actual Total Time": 92.164, "Actual Rows": 100000, "Actual Loops": 1, "Hash Buckets": 131072, "Hash Batches": 1, "Original Hash Batches": 1, "Peak Memory Usage": 4297, "Plans": [{"Node Type": "Index Scan", "Parent Relationship": "Outer", "Scan Direction": "Forward", "Index Name": "supplier_pkey", "Relation Name": "supplier", "Alias": "supplier", "Startup Cost": 0.0, "Total Cost": 5334.54, "Plan Rows": 100000, "Plan Width": 12, "Actual Startup Time": 0.019, "Actual Total Time": 59.555, "Actual Rows": 100000, "Actual Loops": 1}]}]}]}]}, "Triggers": [], "Planner Runtime": 9.101, "Total Runtime": 15370.201, "Unique SQL Id": 1392561963}}, "(64, 46)": {"explain_plan": {"Plan": {"Node Type": "Sort", "Startup Cost": 2891580.15, "Total Cost": 2891580.22, "Plan Rows": 25, "Plan Width": 50, "Sort Key": ["(sum((lineitem.l_extendedprice * (1::double precision - lineitem.l_discount)))) DESC"], "Plans": [{"Node Type": "Aggregate", "Strategy": "Hashed", "Parent Relationship": "Outer", "Startup Cost": 2891579.32, "Total Cost": 2891579.57, "Plan Rows": 25, "Plan Width": 50, "Group By Key": ["nation.n_name"], "Plans": [{"Node Type": "Hash Join", "Parent Relationship": "Outer", "Join Type": "Inner", "Startup Cost": 586755.18, "Total Cost": 2891485.42, "Plan Rows": 9390, "Plan Width": 42, "Inner Unique": true, "Hash Cond": "((lineitem.l_suppkey = supplier.s_suppkey) AND (customer.c_nationkey = supplier.s_nationkey))", "Plans": [{"Node Type": "Hash Join", "Parent Relationship": "Outer", "Join Type": "Inner", "Startup Cost": 581972.18, "Total Cost": 2858928.33, "Plan Rows": 3688948, "Plan Width": 58, "Inner Unique": false, "Hash Cond": "(lineitem.l_orderkey = orders.o_orderkey), (LLVM Optimized)", "Plans": [{"Node Type": "Seq Scan", "Parent Relationship": "Outer", "Relation Name": "lineitem", "Alias": "lineitem", "Startup Cost": 0.0, "Total Cost": 2015115.33, "Plan Rows": 59987033, "Plan Width": 32}, {"Node Type": "Hash", "Parent Relationship": "Inner", "Startup Cost": 576893.55, "Total Cost": 576893.55, "Plan Rows": 406290, "Plan Width": 42, "Plans": [{"Node Type": "Hash Join", "Parent Relationship": "Outer", "Join Type": "Inner", "Startup Cost": 63303.86, "Total Cost": 576893.55, "Plan Rows": 406290, "Plan Width": 42, "Inner Unique": false, "Hash Cond": "(orders.o_custkey = customer.c_custkey), (LLVM Optimized)", "Plans": [{"Node Type": "Seq Scan", "Parent Relationship": "Outer", "Relation Name": "orders", "Alias": "orders", "Startup Cost": 440.98, "Total Cost": 501411.18, "Plan Rows": 2281758, "Plan Width": 16, "Filter": "((o_orderdate >= '1994-01-01 00:00:00'::timestamp(0) without time zone) AND (o_orderdate < '1995-01-01 00:00:00'::timestamp without time zone)), (LLVM Optimized)"}, {"Node Type": "Hash", "Parent Relationship": "Inner", "Startup Cost": 59112.88, "Total Cost": 59112.88, "Plan Rows": 300000, "Plan Width": 42, "Plans": [{"Node Type": "Hash Join", "Parent Relationship": "Outer", "Join Type": "Inner", "Startup Cost": 2.5, "Total Cost": 59112.88, "Plan Rows": 300000, "Plan Width": 42, "Inner Unique": false, "Hash Cond": "(customer.c_nationkey = nation.n_nationkey), (LLVM Optimized)", "Plans": [{"Node Type": "Seq Scan", "Parent Relationship": "Outer", "Relation Name": "customer", "Alias": "customer", "Startup Cost": 0.0, "Total Cost": 52126.0, "Plan Rows": 1500000, "Plan Width": 12}, {"Node Type": "Hash", "Parent Relationship": "Inner", "Startup Cost": 2.44, "Total Cost": 2.44, "Plan Rows": 5, "Plan Width": 30, "Plans": [{"Node Type": "Hash Join", "Parent Relationship": "Outer", "Join Type": "Inner", "Startup Cost": 1.07, "Total Cost": 2.44, "Plan Rows": 5, "Plan Width": 30, "Inner Unique": true, "Hash Cond": "(nation.n_regionkey = region.r_regionkey)", "Plans": [{"Node Type": "Seq Scan", "Parent Relationship": "Outer", "Relation Name": "nation", "Alias": "nation", "Startup Cost": 0.0, "Total Cost": 1.25, "Plan Rows": 25, "Plan Width": 34}, {"Node Type": "Hash", "Parent Relationship": "Inner", "Startup Cost": 1.06, "Total Cost": 1.06, "Plan Rows": 1, "Plan Width": 4, "Plans": [{"Node Type": "Seq Scan", "Parent Relationship": "Outer", "Relation Name": "region", "Alias": "region", "Startup Cost": 0.0, "Total Cost": 1.06, "Plan Rows": 1, "Plan Width": 4, "Filter": "(r_name = 'MIDDLE EAST'::bpchar)"}]}]}]}]}]}]}]}]}, {"Node Type": "Hash", "Parent Relationship": "Inner", "Startup Cost": 3283.0, "Total Cost": 3283.0, "Plan Rows": 100000, "Plan Width": 12, "Plans": [{"Node Type": "Seq Scan", "Parent Relationship": "Outer", "Relation Name": "supplier", "Alias": "supplier", "Startup Cost": 0.0, "Total Cost": 3283.0, "Plan Rows": 100000, "Plan Width": 12}]}]}]}]}, "Unique SQL Id": 1392561963}, "explain_analyze_plan": null}, "(64, 47)": {"explain_plan": {"Plan": {"Node Type": "Sort", "Startup Cost": 6051464595461.66, "Total Cost": 6051464595461.73, "Plan Rows": 25, "Plan Width": 50, "Sort Key": ["(sum((lineitem.l_extendedprice * (1::double precision - lineitem.l_discount)))) DESC"], "Plans": [{"Node Type": "Aggregate", "Strategy": "Hashed", "Parent Relationship": "Outer", "Startup Cost": 6051464595460.83, "Total Cost": 6051464595461.08, "Plan Rows": 25, "Plan Width": 50, "Group By Key": ["nation.n_name"], "Plans": [{"Node Type": "Nested Loop", "Parent Relationship": "Outer", "Join Type": "Inner", "Startup Cost": 60000000000.0, "Total Cost": 6051464595366.93, "Plan Rows": 9390, "Plan Width": 42, "Inner Unique": false, "Join Filter": "((orders.o_custkey = customer.c_custkey) AND (supplier.s_nationkey = customer.c_nationkey))", "Plans": [{"Node Type": "Index Scan", "Parent Relationship": "Outer", "Scan Direction": "Forward", "Index Name": "customer_pkey", "Relation Name": "customer", "Alias": "customer", "Startup Cost": 10000000000.0, "Total Cost": 1000008076535.62, "Plan Rows": 1500000, "Plan Width": 12}, {"Node Type": "Materialize", "Parent Relationship": "Inner", "Startup Cost": 50000000000.0, "Total Cost": 5044534420740.56, "Plan Rows": 263699, "Plan Width": 58, "Plans": [{"Node Type": "Nested Loop", "Parent Relationship": "Outer", "Join Type": "Inner", "Startup Cost": 50000000000.0, "Total Cost": 5044534419422.06, "Plan Rows": 263699, "Plan Width": 58, "Inner Unique": true, "Join Filter": "(lineitem.l_orderkey = orders.o_orderkey), (LLVM Optimized)", "Plans": [{"Node Type": "Nested Loop", "Parent Relationship": "Outer", "Join Type": "Inner", "Startup Cost": 40000000000.0, "Total Cost": 4018320818943.09, "Plan Rows": 763534, "Plan Width": 58, "Inner Unique": false, "Join Filter": "(supplier.s_suppkey = lineitem.l_suppkey), (LLVM Optimized)", "Plans": [{"Node Type": "Nested Loop", "Parent Relationship": "Outer", "Join Type": "Inner", "Startup Cost": 30000000000.0, "Total Cost": 3000000543701.01, "Plan Rows": 20000, "Plan Width": 42, "Inner Unique": false, "Join Filter": "(nation.n_nationkey = supplier.s_nationkey)", "Plans": [{"Node Type": "Nested Loop", "Parent Relationship": "Outer", "Join Type": "Inner", "Startup Cost": 20000000000.0, "Total Cost": 2000000002496.63, "Plan Rows": 5, "Plan Width": 30, "Inner Unique": true, "Join Filter": "(nation.n_regionkey = region.r_regionkey)", "Plans": [{"Node Type": "Index Scan", "Parent Relationship": "Outer", "Scan Direction": "Forward", "Index Name": "nation_pkey", "Relation Name": "nation", "Alias": "nation", "Startup Cost": 10000000000.0, "Total Cost": 1000000001262.5, "Plan Rows": 25, "Plan Width": 34}, {"Node Type": "Materialize", "Parent Relationship": "Inner", "Startup Cost": 10000000000.0, "Total Cost": 1000000001233.76, "Plan Rows": 1, "Plan Width": 4, "Plans": [{"Node Type": "Index Scan", "Parent Relationship": "Outer", "Scan Direction": "Forward", "Index Name": "region_pkey", "Relation Name": "region", "Alias": "region", "Startup Cost": 10000000000.0, "Total Cost": 1000000001233.75, "Plan Rows": 1, "Plan Width": 4, "Filter": "(r_name = 'MIDDLE EAST'::bpchar)"}]}]}, {"Node Type": "Materialize", "Parent Relationship": "Inner", "Startup Cost": 10000000000.0, "Total Cost": 1000000533954.38, "Plan Rows": 100000, "Plan Width": 12, "Plans": [{"Node Type": "Index Scan", "Parent Relationship": "Outer", "Scan Direction": "Forward", "Index Name": "supplier_pkey", "Relation Name": "supplier", "Alias": "supplier", "Startup Cost": 10000000000.0, "Total Cost": 1000000533454.38, "Plan Rows": 100000, "Plan Width": 12}]}]}, {"Node Type": "Materialize", "Parent Relationship": "Inner", "Startup Cost": 10000000000.0, "Total Cost": 1000324315309.67, "Plan Rows": 59987033, "Plan Width": 32, "Plans": [{"Node Type": "Index Scan", "Parent Relationship": "Outer", "Scan Direction": "Forward", "Index Name": "idx_lineitem_orderkey", "Relation Name": "lineitem", "Alias": "lineitem", "Startup Cost": 10000000000.0, "Total Cost": 1000324015374.5, "Plan Rows": 59987033, "Plan Width": 32}]}]}, {"Node Type": "Materialize", "Parent Relationship": "Inner", "Startup Cost": 10000000000.0, "Total Cost": 1000080608991.79, "Plan Rows": 2281758, "Plan Width": 16, "Plans": [{"Node Type": "Index Scan", "Parent Relationship": "Outer", "Scan Direction": "Forward", "Index Name": "orders_pkey", "Relation Name": "orders", "Alias": "orders", "Startup Cost": 10000000000.0, "Total Cost": 1000080597583.0, "Plan Rows": 2281758, "Plan Width": 16, "Filter": "((o_orderdate >= '1994-01-01 00:00:00'::timestamp(0) without time zone) AND (o_orderdate < '1995-01-01 00:00:00'::timestamp without time zone)), (LLVM Optimized)"}]}]}]}]}]}]}, "Unique SQL Id": 1392561963}, "explain_analyze_plan": null}, "(64, 48)": {"explain_plan": {"Plan": {"Node Type": "Sort", "Startup Cost": 2730959.0, "Total Cost": 2730959.06, "Plan Rows": 25, "Plan Width": 50, "Sort Key": ["(sum((lineitem.l_extendedprice * (1::double precision - lineitem.l_discount)))) DESC"], "Plans": [{"Node Type": "Aggregate", "Strategy": "Hashed", "Parent Relationship": "Outer", "Startup Cost": 2730958.17, "Total Cost": 2730958.42, "Plan Rows": 25, "Plan Width": 50, "Group By Key": ["nation.n_name"], "Plans": [{"Node Type": "Nested Loop", "Parent Relationship": "Outer", "Join Type": "Inner", "Startup Cost": 1030.37, "Total Cost": 2730864.27, "Plan Rows": 9390, "Plan Width": 42, "Inner Unique": true, "Join Filter": "(customer.c_nationkey = supplier.s_nationkey)", "Plans": [{"Node Type": "Nested Loop", "Parent Relationship": "Outer", "Join Type": "Inner", "Startup Cost": 1030.37, "Total Cost": 1688079.68, "Plan Rows": 3688948, "Plan Width": 58, "Inner Unique": false, "Plans": [{"Node Type": "Nested Loop", "Parent Relationship": "Outer", "Join Type": "Inner", "Startup Cost": 1030.37, "Total Cost": 412285.27, "Plan Rows": 406290, "Plan Width": 42, "Inner Unique": false, "Plans": [{"Node Type": "Nested Loop", "Parent Relationship": "Outer", "Join Type": "Inner", "Startup Cost": 1030.37, "Total Cost": 37176.47, "Plan Rows": 300000, "Plan Width": 42, "Inner Unique": false, "Plans": [{"Node Type": "Nested Loop", "Parent Relationship": "Outer", "Join Type": "Inner", "Startup Cost": 0.0, "Total Cost": 14.06, "Plan Rows": 5, "Plan Width": 30, "Inner Unique": true, "Join Filter": "(nation.n_regionkey = region.r_regionkey)", "Plans": [{"Node Type": "Index Scan", "Parent Relationship": "Outer", "Scan Direction": "Forward", "Index Name": "nation_pkey", "Relation Name": "nation", "Alias": "nation", "Startup Cost": 0.0, "Total Cost": 12.62, "Plan Rows": 25, "Plan Width": 34}, {"Node Type": "Materialize", "Parent Relationship": "Inner", "Startup Cost": 0.0, "Total Cost": 1.07, "Plan Rows": 1, "Plan Width": 4, "Plans": [{"Node Type": "Seq Scan", "Parent Relationship": "Outer", "Relation Name": "region", "Alias": "region", "Startup Cost": 0.0, "Total Cost": 1.06, "Plan Rows": 1, "Plan Width": 4, "Filter": "(r_name = 'MIDDLE EAST'::bpchar)"}]}]}, {"Node Type": "Bitmap Heap Scan", "Parent Relationship": "Inner", "Relation Name": "customer", "Alias": "customer", "Startup Cost": 1030.37, "Total Cost": 6832.48, "Plan Rows": 60000, "Plan Width": 12, "Recheck Cond": "(c_nationkey = nation.n_nationkey)", "Plans": [{"Node Type": "Bitmap Index Scan", "Parent Relationship": "Outer", "Index Name": "idx_customer_nationkey", "Startup Cost": 0.0, "Total Cost": 1015.37, "Plan Rows": 60000, "Plan Width": 0, "Index Cond": "(c_nationkey = nation.n_nationkey)"}]}]}, {"Node Type": "Index Scan", "Parent Relationship": "Inner", "Scan Direction": "Forward", "Index Name": "idx_orders_custkey", "Relation Name": "orders", "Alias": "orders", "Startup Cost": 0.0, "Total Cost": 1.24, "Plan Rows": 1, "Plan Width": 16, "Index Cond": "(o_custkey = customer.c_custkey)", "Filter": "((o_orderdate >= '1994-01-01 00:00:00'::timestamp(0) without time zone) AND (o_orderdate < '1995-01-01 00:00:00'::timestamp without time zone))"}]}, {"Node Type": "Index Scan", "Parent Relationship": "Inner", "Scan Direction": "Forward", "Index Name": "idx_lineitem_orderkey", "Relation Name": "lineitem", "Alias": "lineitem", "Startup Cost": 0.0, "Total Cost": 3.05, "Plan Rows": 9, "Plan Width": 32, "Index Cond": "(l_orderkey = orders.o_orderkey)"}]}, {"Node Type": "Index Scan", "Parent Relationship": "Inner", "Scan Direction": "Forward", "Index Name": "supplier_pkey", "Relation Name": "supplier", "Alias": "supplier", "Startup Cost": 0.0, "Total Cost": 0.27, "Plan Rows": 1, "Plan Width": 12, "Index Cond": "(s_suppkey = lineitem.l_suppkey)"}]}]}]}, "Unique SQL Id": 1392561963}, "explain_analyze_plan": {"Plan": {"Node Type": "Sort", "Startup Cost": 2730959.0, "Total Cost": 2730959.06, "Plan Rows": 25, "Plan Width": 50, "Actual Startup Time": 26448.621, "Actual Total Time": 26448.621, "Actual Rows": 5, "Actual Loops": 1, "Sort Key": ["(sum((lineitem.l_extendedprice * (1::double precision - lineitem.l_discount)))) DESC"], "Sort Method": "quicksort", "Sort Space Used": 25, "Sort Space Type": "Memory", "Plans": [{"Node Type": "Aggregate", "Strategy": "Hashed", "Parent Relationship": "Outer", "Startup Cost": 2730958.17, "Total Cost": 2730958.42, "Plan Rows": 25, "Plan Width": 50, "Actual Startup Time": 26448.569, "Actual Total Time": 26448.571, "Actual Rows": 5, "Actual Loops": 1, "Group By Key": ["nation.n_name"], "Plans": [{"Node Type": "Nested Loop", "Parent Relationship": "Outer", "Join Type": "Inner", "Startup Cost": 1030.37, "Total Cost": 2730864.27, "Plan Rows": 9390, "Plan Width": 42, "Actual Startup Time": 20.053, "Actual Total Time": 26353.041, "Actual Rows": 72985, "Actual Loops": 1, "Inner Unique": true, "Join Filter": "(customer.c_nationkey = supplier.s_nationkey)", "Rows Removed by Join Filter": 1742237, "Plans": [{"Node Type": "Nested Loop", "Parent Relationship": "Outer", "Join Type": "Inner", "Startup Cost": 1030.37, "Total Cost": 1688079.68, "Plan Rows": 3688948, "Plan Width": 58, "Actual Startup Time": 19.867, "Actual Total Time": 16770.717, "Actual Rows": 1815222, "Actual Loops": 1, "Inner Unique": false, "Plans": [{"Node Type": "Nested Loop", "Parent Relationship": "Outer", "Join Type": "Inner", "Startup Cost": 1030.37, "Total Cost": 412285.27, "Plan Rows": 406290, "Plan Width": 42, "Actual Startup Time": 19.844, "Actual Total Time": 10489.561, "Actual Rows": 454183, "Actual Loops": 1, "Inner Unique": false, "Plans": [{"Node Type": "Nested Loop", "Parent Relationship": "Outer", "Join Type": "Inner", "Startup Cost": 1030.37, "Total Cost": 37176.47, "Plan Rows": 300000, "Plan Width": 42, "Actual Startup Time": 19.735, "Actual Total Time": 728.028, "Actual Rows": 299838, "Actual Loops": 1, "Inner Unique": false, "Plans": [{"Node Type": "Nested Loop", "Parent Relationship": "Outer", "Join Type": "Inner", "Startup Cost": 0.0, "Total Cost": 14.06, "Plan Rows": 5, "Plan Width": 30, "Actual Startup Time": 0.051, "Actual Total Time": 0.186, "Actual Rows": 5, "Actual Loops": 1, "Inner Unique": true, "Join Filter": "(nation.n_regionkey = region.r_regionkey)", "Rows Removed by Join Filter": 20, "Plans": [{"Node Type": "Index Scan", "Parent Relationship": "Outer", "Scan Direction": "Forward", "Index Name": "nation_pkey", "Relation Name": "nation", "Alias": "nation", "Startup Cost": 0.0, "Total Cost": 12.62, "Plan Rows": 25, "Plan Width": 34, "Actual Startup Time": 0.019, "Actual Total Time": 0.101, "Actual Rows": 25, "Actual Loops": 1}, {"Node Type": "Materialize", "Parent Relationship": "Inner", "Startup Cost": 0.0, "Total Cost": 1.07, "Plan Rows": 1, "Plan Width": 4, "Actual Startup Time": 0.031, "Actual Total Time": 0.033, "Actual Rows": 25, "Actual Loops": 25, "Plans": [{"Node Type": "Seq Scan", "Parent Relationship": "Outer", "Relation Name": "region", "Alias": "region", "Startup Cost": 0.0, "Total Cost": 1.06, "Plan Rows": 1, "Plan Width": 4, "Actual Startup Time": 0.016, "Actual Total Time": 0.018, "Actual Rows": 1, "Actual Loops": 1, "Filter": "(r_name = 'MIDDLE EAST'::bpchar)", "Rows Removed by Filter": 4}]}]}, {"Node Type": "Bitmap Heap Scan", "Parent Relationship": "Inner", "Relation Name": "customer", "Alias": "customer", "Startup Cost": 1030.37, "Total Cost": 6832.48, "Plan Rows": 60000, "Plan Width": 12, "Actual Startup Time": 96.945, "Actual Total Time": 650.004, "Actual Rows": 299838, "Actual Loops": 5, "Recheck Cond": "(c_nationkey = nation.n_nationkey)", "Rows Removed by Index Recheck": 0, "Exact Heap Blocks": 150033, "Lossy Heap Blocks": 150033, "Plans": [{"Node Type": "Bitmap Index Scan", "Parent Relationship": "Outer", "Index Name": "idx_customer_nationkey", "Startup Cost": 0.0, "Total Cost": 1015.37, "Plan Rows": 60000, "Plan Width": 0, "Actual Startup Time": 63.924, "Actual Total Time": 63.924, "Actual Rows": 299838, "Actual Loops": 5, "Index Cond": "(c_nationkey = nation.n_nationkey)"}]}]}, {"Node Type": "Index Scan", "Parent Relationship": "Inner", "Scan Direction": "Forward", "Index Name": "idx_orders_custkey", "Relation Name": "orders", "Alias": "orders", "Startup Cost": 0.0, "Total Cost": 1.24, "Plan Rows": 1, "Plan Width": 16, "Actual Startup Time": 4481.686, "Actual Total Time": 9487.799, "Actual Rows": 454183, "Actual Loops": 299838, "Index Cond": "(o_custkey = customer.c_custkey)", "Rows Removed by Index Recheck": 0, "Filter": "((o_orderdate >= '1994-01-01 00:00:00'::timestamp(0) without time zone) AND (o_orderdate < '1995-01-01 00:00:00'::timestamp without time zone))", "Rows Removed by Filter": 2542535}]}, {"Node Type": "Index Scan", "Parent Relationship": "Inner", "Scan Direction": "Forward", "Index Name": "idx_lineitem_orderkey", "Relation Name": "lineitem", "Alias": "lineitem", "Startup Cost": 0.0, "Total Cost": 3.05, "Plan Rows": 9, "Plan Width": 32, "Actual Startup Time": 4636.408, "Actual Total Time": 5590.231, "Actual Rows": 1815222, "Actual Loops": 454183, "Index Cond": "(l_orderkey = orders.o_orderkey)", "Rows Removed by Index Recheck": 0}]}, {"Node Type": "Index Scan", "Parent Relationship": "Inner", "Scan Direction": "Forward", "Index Name": "supplier_pkey", "Relation Name": "supplier", "Alias": "supplier", "Startup Cost": 0.0, "Total Cost": 0.27, "Plan Rows": 1, "Plan Width": 12, "Actual Startup Time": 7558.425, "Actual Total Time": 8153.917, "Actual Rows": 1815222, "Actual Loops": 1815222, "Index Cond": "(s_suppkey = lineitem.l_suppkey)", "Rows Removed by Index Recheck": 0}]}]}]}, "Triggers": [], "Planner Runtime": 3.08, "Total Runtime": 26449.096, "Unique SQL Id": 1392561963}}, "(64, 49)": {"explain_plan": {"Plan": {"Node Type": "Sort", "Startup Cost": 2730970.27, "Total Cost": 2730970.34, "Plan Rows": 25, "Plan Width": 50, "Sort Key": ["(sum((lineitem.l_extendedprice * (1::double precision - lineitem.l_discount)))) DESC"], "Plans": [{"Node Type": "Aggregate", "Strategy": "Hashed", "Parent Relationship": "Outer", "Startup Cost": 2730969.44, "Total Cost": 2730969.69, "Plan Rows": 25, "Plan Width": 50, "Group By Key": ["nation.n_name"], "Plans": [{"Node Type": "Nested Loop", "Parent Relationship": "Outer", "Join Type": "Inner", "Startup Cost": 1030.37, "Total Cost": 2730875.54, "Plan Rows": 9390, "Plan Width": 42, "Inner Unique": true, "Join Filter": "(customer.c_nationkey = supplier.s_nationkey)", "Plans": [{"Node Type": "Nested Loop", "Parent Relationship": "Outer", "Join Type": "Inner", "Startup Cost": 1030.37, "Total Cost": 1688090.96, "Plan Rows": 3688948, "Plan Width": 58, "Inner Unique": false, "Plans": [{"Node Type": "Nested Loop", "Parent Relationship": "Outer", "Join Type": "Inner", "Startup Cost": 1030.37, "Total Cost": 412296.55, "Plan Rows": 406290, "Plan Width": 42, "Inner Unique": false, "Plans": [{"Node Type": "Nested Loop", "Parent Relationship": "Outer", "Join Type": "Inner", "Startup Cost": 1030.37, "Total Cost": 37187.75, "Plan Rows": 300000, "Plan Width": 42, "Inner Unique": false, "Plans": [{"Node Type": "Nested Loop", "Parent Relationship": "Outer", "Join Type": "Inner", "Startup Cost": 0.0, "Total Cost": 25.34, "Plan Rows": 5, "Plan Width": 30, "Inner Unique": true, "Join Filter": "(nation.n_regionkey = region.r_regionkey)", "Plans": [{"Node Type": "Index Scan", "Parent Relationship": "Outer", "Scan Direction": "Forward", "Index Name": "nation_pkey", "Relation Name": "nation", "Alias": "nation", "Startup Cost": 0.0, "Total Cost": 12.62, "Plan Rows": 25, "Plan Width": 34}, {"Node Type": "Materialize", "Parent Relationship": "Inner", "Startup Cost": 0.0, "Total Cost": 12.34, "Plan Rows": 1, "Plan Width": 4, "Plans": [{"Node Type": "Index Scan", "Parent Relationship": "Outer", "Scan Direction": "Forward", "Index Name": "region_pkey", "Relation Name": "region", "Alias": "region", "Startup Cost": 0.0, "Total Cost": 12.34, "Plan Rows": 1, "Plan Width": 4, "Filter": "(r_name = 'MIDDLE EAST'::bpchar)"}]}]}, {"Node Type": "Bitmap Heap Scan", "Parent Relationship": "Inner", "Relation Name": "customer", "Alias": "customer", "Startup Cost": 1030.37, "Total Cost": 6832.48, "Plan Rows": 60000, "Plan Width": 12, "Recheck Cond": "(c_nationkey = nation.n_nationkey)", "Plans": [{"Node Type": "Bitmap Index Scan", "Parent Relationship": "Outer", "Index Name": "idx_customer_nationkey", "Startup Cost": 0.0, "Total Cost": 1015.37, "Plan Rows": 60000, "Plan Width": 0, "Index Cond": "(c_nationkey = nation.n_nationkey)"}]}]}, {"Node Type": "Index Scan", "Parent Relationship": "Inner", "Scan Direction": "Forward", "Index Name": "idx_orders_custkey", "Relation Name": "orders", "Alias": "orders", "Startup Cost": 0.0, "Total Cost": 1.24, "Plan Rows": 1, "Plan Width": 16, "Index Cond": "(o_custkey = customer.c_custkey)", "Filter": "((o_orderdate >= '1994-01-01 00:00:00'::timestamp(0) without time zone) AND (o_orderdate < '1995-01-01 00:00:00'::timestamp without time zone))"}]}, {"Node Type": "Index Scan", "Parent Relationship": "Inner", "Scan Direction": "Forward", "Index Name": "idx_lineitem_orderkey", "Relation Name": "lineitem", "Alias": "lineitem", "Startup Cost": 0.0, "Total Cost": 3.05, "Plan Rows": 9, "Plan Width": 32, "Index Cond": "(l_orderkey = orders.o_orderkey)"}]}, {"Node Type": "Index Scan", "Parent Relationship": "Inner", "Scan Direction": "Forward", "Index Name": "supplier_pkey", "Relation Name": "supplier", "Alias": "supplier", "Startup Cost": 0.0, "Total Cost": 0.27, "Plan Rows": 1, "Plan Width": 12, "Index Cond": "(s_suppkey = lineitem.l_suppkey)"}]}]}]}, "Unique SQL Id": 1392561963}, "explain_analyze_plan": {"Plan": {"Node Type": "Sort", "Startup Cost": 2730970.27, "Total Cost": 2730970.34, "Plan Rows": 25, "Plan Width": 50, "Actual Startup Time": 25115.509, "Actual Total Time": 25115.51, "Actual Rows": 5, "Actual Loops": 1, "Sort Key": ["(sum((lineitem.l_extendedprice * (1::double precision - lineitem.l_discount)))) DESC"], "Sort Method": "quicksort", "Sort Space Used": 25, "Sort Space Type": "Memory", "Plans": [{"Node Type": "Aggregate", "Strategy": "Hashed", "Parent Relationship": "Outer", "Startup Cost": 2730969.44, "Total Cost": 2730969.69, "Plan Rows": 25, "Plan Width": 50, "Actual Startup Time": 25115.385, "Actual Total Time": 25115.393, "Actual Rows": 5, "Actual Loops": 1, "Group By Key": ["nation.n_name"], "Plans": [{"Node Type": "Nested Loop", "Parent Relationship": "Outer", "Join Type": "Inner", "Startup Cost": 1030.37, "Total Cost": 2730875.54, "Plan Rows": 9390, "Plan Width": 42, "Actual Startup Time": 17.97, "Actual Total Time": 25012.981, "Actual Rows": 72985, "Actual Loops": 1, "Inner Unique": true, "Join Filter": "(customer.c_nationkey = supplier.s_nationkey)", "Rows Removed by Join Filter": 1742237, "Plans": [{"Node Type": "Nested Loop", "Parent Relationship": "Outer", "Join Type": "Inner", "Startup Cost": 1030.37, "Total Cost": 1688090.96, "Plan Rows": 3688948, "Plan Width": 58, "Actual Startup Time": 17.857, "Actual Total Time": 15704.735, "Actual Rows": 1815222, "Actual Loops": 1, "Inner Unique": false, "Plans": [{"Node Type": "Nested Loop", "Parent Relationship": "Outer", "Join Type": "Inner", "Startup Cost": 1030.37, "Total Cost": 412296.55, "Plan Rows": 406290, "Plan Width": 42, "Actual Startup Time": 17.841, "Actual Total Time": 9614.893, "Actual Rows": 454183, "Actual Loops": 1, "Inner Unique": false, "Plans": [{"Node Type": "Nested Loop", "Parent Relationship": "Outer", "Join Type": "Inner", "Startup Cost": 1030.37, "Total Cost": 37187.75, "Plan Rows": 300000, "Plan Width": 42, "Actual Startup Time": 17.772, "Actual Total Time": 679.01, "Actual Rows": 299838, "Actual Loops": 1, "Inner Unique": false, "Plans": [{"Node Type": "Nested Loop", "Parent Relationship": "Outer", "Join Type": "Inner", "Startup Cost": 0.0, "Total Cost": 25.34, "Plan Rows": 5, "Plan Width": 30, "Actual Startup Time": 0.049, "Actual Total Time": 0.211, "Actual Rows": 5, "Actual Loops": 1, "Inner Unique": true, "Join Filter": "(nation.n_regionkey = region.r_regionkey)", "Rows Removed by Join Filter": 20, "Plans": [{"Node Type": "Index Scan", "Parent Relationship": "Outer", "Scan Direction": "Forward", "Index Name": "nation_pkey", "Relation Name": "nation", "Alias": "nation", "Startup Cost": 0.0, "Total Cost": 12.62, "Plan Rows": 25, "Plan Width": 34, "Actual Startup Time": 0.02, "Actual Total Time": 0.133, "Actual Rows": 25, "Actual Loops": 1}, {"Node Type": "Materialize", "Parent Relationship": "Inner", "Startup Cost": 0.0, "Total Cost": 12.34, "Plan Rows": 1, "Plan Width": 4, "Actual Startup Time": 0.027, "Actual Total Time": 0.031, "Actual Rows": 25, "Actual Loops": 25, "Plans": [{"Node Type": "Index Scan", "Parent Relationship": "Outer", "Scan Direction": "Forward", "Index Name": "region_pkey", "Relation Name": "region", "Alias": "region", "Startup Cost": 0.0, "Total Cost": 12.34, "Plan Rows": 1, "Plan Width": 4, "Actual Startup Time": 0.015, "Actual Total Time": 0.017, "Actual Rows": 1, "Actual Loops": 1, "Filter": "(r_name = 'MIDDLE EAST'::bpchar)", "Rows Removed by Filter": 4}]}]}, {"Node Type": "Bitmap Heap Scan", "Parent Relationship": "Inner", "Relation Name": "customer", "Alias": "customer", "Startup Cost": 1030.37, "Total Cost": 6832.48, "Plan Rows": 60000, "Plan Width": 12, "Actual Startup Time": 90.173, "Actual Total Time": 595.446, "Actual Rows": 299838, "Actual Loops": 5, "Recheck Cond": "(c_nationkey = nation.n_nationkey)", "Rows Removed by Index Recheck": 0, "Exact Heap Blocks": 150033, "Lossy Heap Blocks": 150033, "Plans": [{"Node Type": "Bitmap Index Scan", "Parent Relationship": "Outer", "Index Name": "idx_customer_nationkey", "Startup Cost": 0.0, "Total Cost": 1015.37, "Plan Rows": 60000, "Plan Width": 0, "Actual Startup Time": 56.416, "Actual Total Time": 56.416, "Actual Rows": 299838, "Actual Loops": 5, "Index Cond": "(c_nationkey = nation.n_nationkey)"}]}]}, {"Node Type": "Index Scan", "Parent Relationship": "Inner", "Scan Direction": "Forward", "Index Name": "idx_orders_custkey", "Relation Name": "orders", "Alias": "orders", "Startup Cost": 0.0, "Total Cost": 1.24, "Plan Rows": 1, "Plan Width": 16, "Actual Startup Time": 4093.841, "Actual Total Time": 8656.874, "Actual Rows": 454183, "Actual Loops": 299838, "Index Cond": "(o_custkey = customer.c_custkey)", "Rows Removed by Index Recheck": 0, "Filter": "((o_orderdate >= '1994-01-01 00:00:00'::timestamp(0) without time zone) AND (o_orderdate < '1995-01-01 00:00:00'::timestamp without time zone))", "Rows Removed by Filter": 2542535}]}, {"Node Type": "Index Scan", "Parent Relationship": "Inner", "Scan Direction": "Forward", "Index Name": "idx_lineitem_orderkey", "Relation Name": "lineitem", "Alias": "lineitem", "Startup Cost": 0.0, "Total Cost": 3.05, "Plan Rows": 9, "Plan Width": 32, "Actual Startup Time": 4417.391, "Actual Total Time": 5404.4, "Actual Rows": 1815222, "Actual Loops": 454183, "Index Cond": "(l_orderkey = orders.o_orderkey)", "Rows Removed by Index Recheck": 0}]}, {"Node Type": "Index Scan", "Parent Relationship": "Inner", "Scan Direction": "Forward", "Index Name": "supplier_pkey", "Relation Name": "supplier", "Alias": "supplier", "Startup Cost": 0.0, "Total Cost": 0.27, "Plan Rows": 1, "Plan Width": 12, "Actual Startup Time": 7288.415, "Actual Total Time": 7886.679, "Actual Rows": 1815222, "Actual Loops": 1815222, "Index Cond": "(s_suppkey = lineitem.l_suppkey)", "Rows Removed by Index Recheck": 0}]}]}]}, "Triggers": [], "Planner Runtime": 2.875, "Total Runtime": 25116.032, "Unique SQL Id": 1392561963}}, "(64, 50)": {"explain_plan": {"Plan": {"Node Type": "Sort", "Startup Cost": 19319777.54, "Total Cost": 19319777.6, "Plan Rows": 25, "Plan Width": 50, "Sort Key": ["(sum((lineitem.l_extendedprice * (1::double precision - lineitem.l_discount)))) DESC"], "Plans": [{"Node Type": "Aggregate", "Strategy": "Hashed", "Parent Relationship": "Outer", "Startup Cost": 19319776.71, "Total Cost": 19319776.96, "Plan Rows": 25, "Plan Width": 50, "Group By Key": ["nation.n_name"], "Plans": [{"Node Type": "Nested Loop", "Parent Relationship": "Outer", "Join Type": "Inner", "Startup Cost": 1.42, "Total Cost": 19319682.81, "Plan Rows": 9390, "Plan Width": 42, "Inner Unique": true, "Join Filter": "(customer.c_nationkey = supplier.s_nationkey)", "Plans": [{"Node Type": "Nested Loop", "Parent Relationship": "Outer", "Join Type": "Inner", "Startup Cost": 1.16, "Total Cost": 3520745.57, "Plan Rows": 3688948, "Plan Width": 58, "Inner Unique": false, "Plans": [{"Node Type": "Nested Loop", "Parent Relationship": "Outer", "Join Type": "Inner", "Startup Cost": 0.43, "Total Cost": 1518677.24, "Plan Rows": 406290, "Plan Width": 42, "Inner Unique": false, "Plans": [{"Node Type": "Nested Loop", "Parent Relationship": "Outer", "Join Type": "Inner", "Startup Cost": 0.0, "Total Cost": 164628.64, "Plan Rows": 300000, "Plan Width": 42, "Inner Unique": false, "Join Filter": "(nation.n_nationkey = customer.c_nationkey), (LLVM Optimized)", "Plans": [{"Node Type": "Seq Scan", "Parent Relationship": "Outer", "Relation Name": "customer", "Alias": "customer", "Startup Cost": 0.0, "Total Cost": 52126.0, "Plan Rows": 1500000, "Plan Width": 12}, {"Node Type": "Materialize", "Parent Relationship": "Inner", "Startup Cost": 0.0, "Total Cost": 2.65, "Plan Rows": 5, "Plan Width": 30, "Plans": [{"Node Type": "Nested Loop", "Parent Relationship": "Outer", "Join Type": "Inner", "Startup Cost": 0.0, "Total Cost": 2.62, "Plan Rows": 5, "Plan Width": 30, "Inner Unique": false, "Join Filter": "(nation.n_regionkey = region.r_regionkey)", "Plans": [{"Node Type": "Seq Scan", "Parent Relationship": "Outer", "Relation Name": "region", "Alias": "region", "Startup Cost": 0.0, "Total Cost": 1.06, "Plan Rows": 1, "Plan Width": 4, "Filter": "(r_name = 'MIDDLE EAST'::bpchar)"}, {"Node Type": "Seq Scan", "Parent Relationship": "Inner", "Relation Name": "nation", "Alias": "nation", "Startup Cost": 0.0, "Total Cost": 1.25, "Plan Rows": 25, "Plan Width": 34}]}]}]}, {"Node Type": "Bitmap Heap Scan", "Parent Relationship": "Inner", "Relation Name": "orders", "Alias": "orders", "Startup Cost": 0.43, "Total Cost": 4.5, "Plan Rows": 1, "Plan Width": 16, "Recheck Cond": "(o_custkey = customer.c_custkey)", "Filter": "((o_orderdate >= '1994-01-01 00:00:00'::timestamp(0) without time zone) AND (o_orderdate < '1995-01-01 00:00:00'::timestamp without time zone))", "Plans": [{"Node Type": "Bitmap Index Scan", "Parent Relationship": "Outer", "Index Name": "idx_orders_custkey", "Startup Cost": 0.0, "Total Cost": 0.43, "Plan Rows": 4, "Plan Width": 0, "Index Cond": "(o_custkey = customer.c_custkey)"}]}]}, {"Node Type": "Bitmap Heap Scan", "Parent Relationship": "Inner", "Relation Name": "lineitem", "Alias": "lineitem", "Startup Cost": 0.73, "Total Cost": 4.84, "Plan Rows": 9, "Plan Width": 32, "Recheck Cond": "(l_orderkey = orders.o_orderkey)", "Plans": [{"Node Type": "Bitmap Index Scan", "Parent Relationship": "Outer", "Index Name": "idx_lineitem_orderkey", "Startup Cost": 0.0, "Total Cost": 0.72, "Plan Rows": 9, "Plan Width": 0, "Index Cond": "(l_orderkey = orders.o_orderkey)"}]}]}, {"Node Type": "Bitmap Heap Scan", "Parent Relationship": "Inner", "Relation Name": "supplier", "Alias": "supplier", "Startup Cost": 0.26, "Total Cost": 4.27, "Plan Rows": 1, "Plan Width": 12, "Recheck Cond": "(s_suppkey = lineitem.l_suppkey)", "Plans": [{"Node Type": "Bitmap Index Scan", "Parent Relationship": "Outer", "Index Name": "supplier_pkey", "Startup Cost": 0.0, "Total Cost": 0.26, "Plan Rows": 1, "Plan Width": 0, "Index Cond": "(s_suppkey = lineitem.l_suppkey)"}]}]}]}]}, "Unique SQL Id": 1392561963}, "explain_analyze_plan": null}, "(64, 51)": {"explain_plan": {"Plan": {"Node Type": "Sort", "Startup Cost": 46003135.57, "Total Cost": 46003135.63, "Plan Rows": 25, "Plan Width": 50, "Sort Key": ["(sum((lineitem.l_extendedprice * (1::double precision - lineitem.l_discount)))) DESC"], "Plans": [{"Node Type": "Aggregate", "Strategy": "Hashed", "Parent Relationship": "Outer", "Startup Cost": 46003134.74, "Total Cost": 46003134.99, "Plan Rows": 25, "Plan Width": 50, "Group By Key": ["nation.n_name"], "Plans": [{"Node Type": "Nested Loop", "Parent Relationship": "Outer", "Join Type": "Inner", "Startup Cost": 58362.35, "Total Cost": 46003040.84, "Plan Rows": 9390, "Plan Width": 42, "Inner Unique": true, "Join Filter": "(customer.c_nationkey = supplier.s_nationkey)", "Plans": [{"Node Type": "Nested Loop", "Parent Relationship": "Outer", "Join Type": "Inner", "Startup Cost": 58362.1, "Total Cost": 30204103.6, "Plan Rows": 3688948, "Plan Width": 58, "Inner Unique": false, "Plans": [{"Node Type": "Nested Loop", "Parent Relationship": "Outer", "Join Type": "Inner", "Startup Cost": 58361.37, "Total Cost": 28202035.27, "Plan Rows": 406290, "Plan Width": 42, "Inner Unique": true, "Plans": [{"Node Type": "Nested Loop", "Parent Relationship": "Outer", "Join Type": "Inner", "Startup Cost": 58360.79, "Total Cost": 18851769.58, "Plan Rows": 2031452, "Plan Width": 46, "Inner Unique": true, "Plans": [{"Node Type": "Nested Loop", "Parent Relationship": "Outer", "Join Type": "Inner", "Startup Cost": 58360.54, "Total Cost": 10156636.32, "Plan Rows": 2031452, "Plan Width": 12, "Inner Unique": true, "Plans": [{"Node Type": "Bitmap Heap Scan", "Parent Relationship": "Outer", "Relation Name": "orders", "Alias": "orders", "Startup Cost": 58360.27, "Total Cost": 369005.64, "Plan Rows": 2281758, "Plan Width": 16, "Recheck Cond": "((o_orderdate >= '1994-01-01 00:00:00'::timestamp(0) without time zone) AND (o_orderdate < '1995-01-01 00:00:00'::timestamp without time zone)), (LLVM Optimized)", "Plans": [{"Node Type": "Bitmap Index Scan", "Parent Relationship": "Outer", "Index Name": "idx_orders_orderdate", "Startup Cost": 0.0, "Total Cost": 57789.83, "Plan Rows": 2281758, "Plan Width": 0, "Index Cond": "((o_orderdate >= '1994-01-01 00:00:00'::timestamp(0) without time zone) AND (o_orderdate < '1995-01-01 00:00:00'::timestamp without time zone))"}]}, {"Node Type": "Bitmap Heap Scan", "Parent Relationship": "Inner", "Relation Name": "customer", "Alias": "customer", "Startup Cost": 0.27, "Total Cost": 4.28, "Plan Rows": 1, "Plan Width": 12, "Recheck Cond": "(c_custkey = orders.o_custkey)", "Plans": [{"Node Type": "Bitmap Index Scan", "Parent Relationship": "Outer", "Index Name": "customer_pkey", "Startup Cost": 0.0, "Total Cost": 0.27, "Plan Rows": 1, "Plan Width": 0, "Index Cond": "(c_custkey = orders.o_custkey)"}]}]}, {"Node Type": "Bitmap Heap Scan", "Parent Relationship": "Inner", "Relation Name": "nation", "Alias": "nation", "Startup Cost": 0.26, "Total Cost": 4.27, "Plan Rows": 1, "Plan Width": 34, "Recheck Cond": "(n_nationkey = customer.c_nationkey)", "Plans": [{"Node Type": "Bitmap Index Scan", "Parent Relationship": "Outer", "Index Name": "nation_pkey", "Startup Cost": 0.0, "Total Cost": 0.26, "Plan Rows": 1, "Plan Width": 0, "Index Cond": "(n_nationkey = customer.c_nationkey)"}]}]}, {"Node Type": "Bitmap Heap Scan", "Parent Relationship": "Inner", "Relation Name": "region", "Alias": "region", "Startup Cost": 0.58, "Total Cost": 4.59, "Plan Rows": 1, "Plan Width": 4, "Recheck Cond": "(r_regionkey = nation.n_regionkey)", "Filter": "(r_name = 'MIDDLE EAST'::bpchar)", "Plans": [{"Node Type": "Bitmap Index Scan", "Parent Relationship": "Outer", "Index Name": "region_pkey", "Startup Cost": 0.0, "Total Cost": 0.58, "Plan Rows": 1, "Plan Width": 0, "Index Cond": "(r_regionkey = nation.n_regionkey)"}]}]}, {"Node Type": "Bitmap Heap Scan", "Parent Relationship": "Inner", "Relation Name": "lineitem", "Alias": "lineitem", "Startup Cost": 0.73, "Total Cost": 4.84, "Plan Rows": 9, "Plan Width": 32, "Recheck Cond": "(l_orderkey = orders.o_orderkey)", "Plans": [{"Node Type": "Bitmap Index Scan", "Parent Relationship": "Outer", "Index Name": "idx_lineitem_orderkey", "Startup Cost": 0.0, "Total Cost": 0.72, "Plan Rows": 9, "Plan Width": 0, "Index Cond": "(l_orderkey = orders.o_orderkey)"}]}]}, {"Node Type": "Bitmap Heap Scan", "Parent Relationship": "Inner", "Relation Name": "supplier", "Alias": "supplier", "Startup Cost": 0.26, "Total Cost": 4.27, "Plan Rows": 1, "Plan Width": 12, "Recheck Cond": "(s_suppkey = lineitem.l_suppkey)", "Plans": [{"Node Type": "Bitmap Index Scan", "Parent Relationship": "Outer", "Index Name": "supplier_pkey", "Startup Cost": 0.0, "Total Cost": 0.26, "Plan Rows": 1, "Plan Width": 0, "Index Cond": "(s_suppkey = lineitem.l_suppkey)"}]}]}]}]}, "Unique SQL Id": 1392561963}, "explain_analyze_plan": null}, "(64, 52)": {"explain_plan": {"Plan": {"Node Type": "Sort", "Startup Cost": 2730959.0, "Total Cost": 2730959.06, "Plan Rows": 25, "Plan Width": 50, "Sort Key": ["(sum((lineitem.l_extendedprice * (1::double precision - lineitem.l_discount)))) DESC"], "Plans": [{"Node Type": "Aggregate", "Strategy": "Hashed", "Parent Relationship": "Outer", "Startup Cost": 2730958.17, "Total Cost": 2730958.42, "Plan Rows": 25, "Plan Width": 50, "Group By Key": ["nation.n_name"], "Plans": [{"Node Type": "Nested Loop", "Parent Relationship": "Outer", "Join Type": "Inner", "Startup Cost": 1030.37, "Total Cost": 2730864.27, "Plan Rows": 9390, "Plan Width": 42, "Inner Unique": true, "Join Filter": "(customer.c_nationkey = supplier.s_nationkey)", "Plans": [{"Node Type": "Nested Loop", "Parent Relationship": "Outer", "Join Type": "Inner", "Startup Cost": 1030.37, "Total Cost": 1688079.68, "Plan Rows": 3688948, "Plan Width": 58, "Inner Unique": false, "Plans": [{"Node Type": "Nested Loop", "Parent Relationship": "Outer", "Join Type": "Inner", "Startup Cost": 1030.37, "Total Cost": 412285.27, "Plan Rows": 406290, "Plan Width": 42, "Inner Unique": false, "Plans": [{"Node Type": "Nested Loop", "Parent Relationship": "Outer", "Join Type": "Inner", "Startup Cost": 1030.37, "Total Cost": 37176.47, "Plan Rows": 300000, "Plan Width": 42, "Inner Unique": false, "Plans": [{"Node Type": "Nested Loop", "Parent Relationship": "Outer", "Join Type": "Inner", "Startup Cost": 0.0, "Total Cost": 14.06, "Plan Rows": 5, "Plan Width": 30, "Inner Unique": true, "Join Filter": "(nation.n_regionkey = region.r_regionkey)", "Plans": [{"Node Type": "Index Scan", "Parent Relationship": "Outer", "Scan Direction": "Forward", "Index Name": "nation_pkey", "Relation Name": "nation", "Alias": "nation", "Startup Cost": 0.0, "Total Cost": 12.62, "Plan Rows": 25, "Plan Width": 34}, {"Node Type": "Materialize", "Parent Relationship": "Inner", "Startup Cost": 0.0, "Total Cost": 1.07, "Plan Rows": 1, "Plan Width": 4, "Plans": [{"Node Type": "Seq Scan", "Parent Relationship": "Outer", "Relation Name": "region", "Alias": "region", "Startup Cost": 0.0, "Total Cost": 1.06, "Plan Rows": 1, "Plan Width": 4, "Filter": "(r_name = 'MIDDLE EAST'::bpchar)"}]}]}, {"Node Type": "Bitmap Heap Scan", "Parent Relationship": "Inner", "Relation Name": "customer", "Alias": "customer", "Startup Cost": 1030.37, "Total Cost": 6832.48, "Plan Rows": 60000, "Plan Width": 12, "Recheck Cond": "(c_nationkey = nation.n_nationkey)", "Plans": [{"Node Type": "Bitmap Index Scan", "Parent Relationship": "Outer", "Index Name": "idx_customer_nationkey", "Startup Cost": 0.0, "Total Cost": 1015.37, "Plan Rows": 60000, "Plan Width": 0, "Index Cond": "(c_nationkey = nation.n_nationkey)"}]}]}, {"Node Type": "Index Scan", "Parent Relationship": "Inner", "Scan Direction": "Forward", "Index Name": "idx_orders_custkey", "Relation Name": "orders", "Alias": "orders", "Startup Cost": 0.0, "Total Cost": 1.24, "Plan Rows": 1, "Plan Width": 16, "Index Cond": "(o_custkey = customer.c_custkey)", "Filter": "((o_orderdate >= '1994-01-01 00:00:00'::timestamp(0) without time zone) AND (o_orderdate < '1995-01-01 00:00:00'::timestamp without time zone))"}]}, {"Node Type": "Index Scan", "Parent Relationship": "Inner", "Scan Direction": "Forward", "Index Name": "idx_lineitem_orderkey", "Relation Name": "lineitem", "Alias": "lineitem", "Startup Cost": 0.0, "Total Cost": 3.05, "Plan Rows": 9, "Plan Width": 32, "Index Cond": "(l_orderkey = orders.o_orderkey)"}]}, {"Node Type": "Index Scan", "Parent Relationship": "Inner", "Scan Direction": "Forward", "Index Name": "supplier_pkey", "Relation Name": "supplier", "Alias": "supplier", "Startup Cost": 0.0, "Total Cost": 0.27, "Plan Rows": 1, "Plan Width": 12, "Index Cond": "(s_suppkey = lineitem.l_suppkey)"}]}]}]}, "Unique SQL Id": 1392561963}, "explain_analyze_plan": {"Plan": {"Node Type": "Sort", "Startup Cost": 2730959.0, "Total Cost": 2730959.06, "Plan Rows": 25, "Plan Width": 50, "Actual Startup Time": 26448.621, "Actual Total Time": 26448.621, "Actual Rows": 5, "Actual Loops": 1, "Sort Key": ["(sum((lineitem.l_extendedprice * (1::double precision - lineitem.l_discount)))) DESC"], "Sort Method": "quicksort", "Sort Space Used": 25, "Sort Space Type": "Memory", "Plans": [{"Node Type": "Aggregate", "Strategy": "Hashed", "Parent Relationship": "Outer", "Startup Cost": 2730958.17, "Total Cost": 2730958.42, "Plan Rows": 25, "Plan Width": 50, "Actual Startup Time": 26448.569, "Actual Total Time": 26448.571, "Actual Rows": 5, "Actual Loops": 1, "Group By Key": ["nation.n_name"], "Plans": [{"Node Type": "Nested Loop", "Parent Relationship": "Outer", "Join Type": "Inner", "Startup Cost": 1030.37, "Total Cost": 2730864.27, "Plan Rows": 9390, "Plan Width": 42, "Actual Startup Time": 20.053, "Actual Total Time": 26353.041, "Actual Rows": 72985, "Actual Loops": 1, "Inner Unique": true, "Join Filter": "(customer.c_nationkey = supplier.s_nationkey)", "Rows Removed by Join Filter": 1742237, "Plans": [{"Node Type": "Nested Loop", "Parent Relationship": "Outer", "Join Type": "Inner", "Startup Cost": 1030.37, "Total Cost": 1688079.68, "Plan Rows": 3688948, "Plan Width": 58, "Actual Startup Time": 19.867, "Actual Total Time": 16770.717, "Actual Rows": 1815222, "Actual Loops": 1, "Inner Unique": false, "Plans": [{"Node Type": "Nested Loop", "Parent Relationship": "Outer", "Join Type": "Inner", "Startup Cost": 1030.37, "Total Cost": 412285.27, "Plan Rows": 406290, "Plan Width": 42, "Actual Startup Time": 19.844, "Actual Total Time": 10489.561, "Actual Rows": 454183, "Actual Loops": 1, "Inner Unique": false, "Plans": [{"Node Type": "Nested Loop", "Parent Relationship": "Outer", "Join Type": "Inner", "Startup Cost": 1030.37, "Total Cost": 37176.47, "Plan Rows": 300000, "Plan Width": 42, "Actual Startup Time": 19.735, "Actual Total Time": 728.028, "Actual Rows": 299838, "Actual Loops": 1, "Inner Unique": false, "Plans": [{"Node Type": "Nested Loop", "Parent Relationship": "Outer", "Join Type": "Inner", "Startup Cost": 0.0, "Total Cost": 14.06, "Plan Rows": 5, "Plan Width": 30, "Actual Startup Time": 0.051, "Actual Total Time": 0.186, "Actual Rows": 5, "Actual Loops": 1, "Inner Unique": true, "Join Filter": "(nation.n_regionkey = region.r_regionkey)", "Rows Removed by Join Filter": 20, "Plans": [{"Node Type": "Index Scan", "Parent Relationship": "Outer", "Scan Direction": "Forward", "Index Name": "nation_pkey", "Relation Name": "nation", "Alias": "nation", "Startup Cost": 0.0, "Total Cost": 12.62, "Plan Rows": 25, "Plan Width": 34, "Actual Startup Time": 0.019, "Actual Total Time": 0.101, "Actual Rows": 25, "Actual Loops": 1}, {"Node Type": "Materialize", "Parent Relationship": "Inner", "Startup Cost": 0.0, "Total Cost": 1.07, "Plan Rows": 1, "Plan Width": 4, "Actual Startup Time": 0.031, "Actual Total Time": 0.033, "Actual Rows": 25, "Actual Loops": 25, "Plans": [{"Node Type": "Seq Scan", "Parent Relationship": "Outer", "Relation Name": "region", "Alias": "region", "Startup Cost": 0.0, "Total Cost": 1.06, "Plan Rows": 1, "Plan Width": 4, "Actual Startup Time": 0.016, "Actual Total Time": 0.018, "Actual Rows": 1, "Actual Loops": 1, "Filter": "(r_name = 'MIDDLE EAST'::bpchar)", "Rows Removed by Filter": 4}]}]}, {"Node Type": "Bitmap Heap Scan", "Parent Relationship": "Inner", "Relation Name": "customer", "Alias": "customer", "Startup Cost": 1030.37, "Total Cost": 6832.48, "Plan Rows": 60000, "Plan Width": 12, "Actual Startup Time": 96.945, "Actual Total Time": 650.004, "Actual Rows": 299838, "Actual Loops": 5, "Recheck Cond": "(c_nationkey = nation.n_nationkey)", "Rows Removed by Index Recheck": 0, "Exact Heap Blocks": 150033, "Lossy Heap Blocks": 150033, "Plans": [{"Node Type": "Bitmap Index Scan", "Parent Relationship": "Outer", "Index Name": "idx_customer_nationkey", "Startup Cost": 0.0, "Total Cost": 1015.37, "Plan Rows": 60000, "Plan Width": 0, "Actual Startup Time": 63.924, "Actual Total Time": 63.924, "Actual Rows": 299838, "Actual Loops": 5, "Index Cond": "(c_nationkey = nation.n_nationkey)"}]}]}, {"Node Type": "Index Scan", "Parent Relationship": "Inner", "Scan Direction": "Forward", "Index Name": "idx_orders_custkey", "Relation Name": "orders", "Alias": "orders", "Startup Cost": 0.0, "Total Cost": 1.24, "Plan Rows": 1, "Plan Width": 16, "Actual Startup Time": 4481.686, "Actual Total Time": 9487.799, "Actual Rows": 454183, "Actual Loops": 299838, "Index Cond": "(o_custkey = customer.c_custkey)", "Rows Removed by Index Recheck": 0, "Filter": "((o_orderdate >= '1994-01-01 00:00:00'::timestamp(0) without time zone) AND (o_orderdate < '1995-01-01 00:00:00'::timestamp without time zone))", "Rows Removed by Filter": 2542535}]}, {"Node Type": "Index Scan", "Parent Relationship": "Inner", "Scan Direction": "Forward", "Index Name": "idx_lineitem_orderkey", "Relation Name": "lineitem", "Alias": "lineitem", "Startup Cost": 0.0, "Total Cost": 3.05, "Plan Rows": 9, "Plan Width": 32, "Actual Startup Time": 4636.408, "Actual Total Time": 5590.231, "Actual Rows": 1815222, "Actual Loops": 454183, "Index Cond": "(l_orderkey = orders.o_orderkey)", "Rows Removed by Index Recheck": 0}]}, {"Node Type": "Index Scan", "Parent Relationship": "Inner", "Scan Direction": "Forward", "Index Name": "supplier_pkey", "Relation Name": "supplier", "Alias": "supplier", "Startup Cost": 0.0, "Total Cost": 0.27, "Plan Rows": 1, "Plan Width": 12, "Actual Startup Time": 7558.425, "Actual Total Time": 8153.917, "Actual Rows": 1815222, "Actual Loops": 1815222, "Index Cond": "(s_suppkey = lineitem.l_suppkey)", "Rows Removed by Index Recheck": 0}]}]}]}, "Triggers": [], "Planner Runtime": 3.08, "Total Runtime": 26449.096, "Unique SQL Id": 1392561963}}, "(64, 53)": {"explain_plan": {"Plan": {"Node Type": "Sort", "Startup Cost": 2730970.27, "Total Cost": 2730970.34, "Plan Rows": 25, "Plan Width": 50, "Sort Key": ["(sum((lineitem.l_extendedprice * (1::double precision - lineitem.l_discount)))) DESC"], "Plans": [{"Node Type": "Aggregate", "Strategy": "Hashed", "Parent Relationship": "Outer", "Startup Cost": 2730969.44, "Total Cost": 2730969.69, "Plan Rows": 25, "Plan Width": 50, "Group By Key": ["nation.n_name"], "Plans": [{"Node Type": "Nested Loop", "Parent Relationship": "Outer", "Join Type": "Inner", "Startup Cost": 1030.37, "Total Cost": 2730875.54, "Plan Rows": 9390, "Plan Width": 42, "Inner Unique": true, "Join Filter": "(customer.c_nationkey = supplier.s_nationkey)", "Plans": [{"Node Type": "Nested Loop", "Parent Relationship": "Outer", "Join Type": "Inner", "Startup Cost": 1030.37, "Total Cost": 1688090.96, "Plan Rows": 3688948, "Plan Width": 58, "Inner Unique": false, "Plans": [{"Node Type": "Nested Loop", "Parent Relationship": "Outer", "Join Type": "Inner", "Startup Cost": 1030.37, "Total Cost": 412296.55, "Plan Rows": 406290, "Plan Width": 42, "Inner Unique": false, "Plans": [{"Node Type": "Nested Loop", "Parent Relationship": "Outer", "Join Type": "Inner", "Startup Cost": 1030.37, "Total Cost": 37187.75, "Plan Rows": 300000, "Plan Width": 42, "Inner Unique": false, "Plans": [{"Node Type": "Nested Loop", "Parent Relationship": "Outer", "Join Type": "Inner", "Startup Cost": 0.0, "Total Cost": 25.34, "Plan Rows": 5, "Plan Width": 30, "Inner Unique": true, "Join Filter": "(nation.n_regionkey = region.r_regionkey)", "Plans": [{"Node Type": "Index Scan", "Parent Relationship": "Outer", "Scan Direction": "Forward", "Index Name": "nation_pkey", "Relation Name": "nation", "Alias": "nation", "Startup Cost": 0.0, "Total Cost": 12.62, "Plan Rows": 25, "Plan Width": 34}, {"Node Type": "Materialize", "Parent Relationship": "Inner", "Startup Cost": 0.0, "Total Cost": 12.34, "Plan Rows": 1, "Plan Width": 4, "Plans": [{"Node Type": "Index Scan", "Parent Relationship": "Outer", "Scan Direction": "Forward", "Index Name": "region_pkey", "Relation Name": "region", "Alias": "region", "Startup Cost": 0.0, "Total Cost": 12.34, "Plan Rows": 1, "Plan Width": 4, "Filter": "(r_name = 'MIDDLE EAST'::bpchar)"}]}]}, {"Node Type": "Bitmap Heap Scan", "Parent Relationship": "Inner", "Relation Name": "customer", "Alias": "customer", "Startup Cost": 1030.37, "Total Cost": 6832.48, "Plan Rows": 60000, "Plan Width": 12, "Recheck Cond": "(c_nationkey = nation.n_nationkey)", "Plans": [{"Node Type": "Bitmap Index Scan", "Parent Relationship": "Outer", "Index Name": "idx_customer_nationkey", "Startup Cost": 0.0, "Total Cost": 1015.37, "Plan Rows": 60000, "Plan Width": 0, "Index Cond": "(c_nationkey = nation.n_nationkey)"}]}]}, {"Node Type": "Index Scan", "Parent Relationship": "Inner", "Scan Direction": "Forward", "Index Name": "idx_orders_custkey", "Relation Name": "orders", "Alias": "orders", "Startup Cost": 0.0, "Total Cost": 1.24, "Plan Rows": 1, "Plan Width": 16, "Index Cond": "(o_custkey = customer.c_custkey)", "Filter": "((o_orderdate >= '1994-01-01 00:00:00'::timestamp(0) without time zone) AND (o_orderdate < '1995-01-01 00:00:00'::timestamp without time zone))"}]}, {"Node Type": "Index Scan", "Parent Relationship": "Inner", "Scan Direction": "Forward", "Index Name": "idx_lineitem_orderkey", "Relation Name": "lineitem", "Alias": "lineitem", "Startup Cost": 0.0, "Total Cost": 3.05, "Plan Rows": 9, "Plan Width": 32, "Index Cond": "(l_orderkey = orders.o_orderkey)"}]}, {"Node Type": "Index Scan", "Parent Relationship": "Inner", "Scan Direction": "Forward", "Index Name": "supplier_pkey", "Relation Name": "supplier", "Alias": "supplier", "Startup Cost": 0.0, "Total Cost": 0.27, "Plan Rows": 1, "Plan Width": 12, "Index Cond": "(s_suppkey = lineitem.l_suppkey)"}]}]}]}, "Unique SQL Id": 1392561963}, "explain_analyze_plan": {"Plan": {"Node Type": "Sort", "Startup Cost": 2730970.27, "Total Cost": 2730970.34, "Plan Rows": 25, "Plan Width": 50, "Actual Startup Time": 25115.509, "Actual Total Time": 25115.51, "Actual Rows": 5, "Actual Loops": 1, "Sort Key": ["(sum((lineitem.l_extendedprice * (1::double precision - lineitem.l_discount)))) DESC"], "Sort Method": "quicksort", "Sort Space Used": 25, "Sort Space Type": "Memory", "Plans": [{"Node Type": "Aggregate", "Strategy": "Hashed", "Parent Relationship": "Outer", "Startup Cost": 2730969.44, "Total Cost": 2730969.69, "Plan Rows": 25, "Plan Width": 50, "Actual Startup Time": 25115.385, "Actual Total Time": 25115.393, "Actual Rows": 5, "Actual Loops": 1, "Group By Key": ["nation.n_name"], "Plans": [{"Node Type": "Nested Loop", "Parent Relationship": "Outer", "Join Type": "Inner", "Startup Cost": 1030.37, "Total Cost": 2730875.54, "Plan Rows": 9390, "Plan Width": 42, "Actual Startup Time": 17.97, "Actual Total Time": 25012.981, "Actual Rows": 72985, "Actual Loops": 1, "Inner Unique": true, "Join Filter": "(customer.c_nationkey = supplier.s_nationkey)", "Rows Removed by Join Filter": 1742237, "Plans": [{"Node Type": "Nested Loop", "Parent Relationship": "Outer", "Join Type": "Inner", "Startup Cost": 1030.37, "Total Cost": 1688090.96, "Plan Rows": 3688948, "Plan Width": 58, "Actual Startup Time": 17.857, "Actual Total Time": 15704.735, "Actual Rows": 1815222, "Actual Loops": 1, "Inner Unique": false, "Plans": [{"Node Type": "Nested Loop", "Parent Relationship": "Outer", "Join Type": "Inner", "Startup Cost": 1030.37, "Total Cost": 412296.55, "Plan Rows": 406290, "Plan Width": 42, "Actual Startup Time": 17.841, "Actual Total Time": 9614.893, "Actual Rows": 454183, "Actual Loops": 1, "Inner Unique": false, "Plans": [{"Node Type": "Nested Loop", "Parent Relationship": "Outer", "Join Type": "Inner", "Startup Cost": 1030.37, "Total Cost": 37187.75, "Plan Rows": 300000, "Plan Width": 42, "Actual Startup Time": 17.772, "Actual Total Time": 679.01, "Actual Rows": 299838, "Actual Loops": 1, "Inner Unique": false, "Plans": [{"Node Type": "Nested Loop", "Parent Relationship": "Outer", "Join Type": "Inner", "Startup Cost": 0.0, "Total Cost": 25.34, "Plan Rows": 5, "Plan Width": 30, "Actual Startup Time": 0.049, "Actual Total Time": 0.211, "Actual Rows": 5, "Actual Loops": 1, "Inner Unique": true, "Join Filter": "(nation.n_regionkey = region.r_regionkey)", "Rows Removed by Join Filter": 20, "Plans": [{"Node Type": "Index Scan", "Parent Relationship": "Outer", "Scan Direction": "Forward", "Index Name": "nation_pkey", "Relation Name": "nation", "Alias": "nation", "Startup Cost": 0.0, "Total Cost": 12.62, "Plan Rows": 25, "Plan Width": 34, "Actual Startup Time": 0.02, "Actual Total Time": 0.133, "Actual Rows": 25, "Actual Loops": 1}, {"Node Type": "Materialize", "Parent Relationship": "Inner", "Startup Cost": 0.0, "Total Cost": 12.34, "Plan Rows": 1, "Plan Width": 4, "Actual Startup Time": 0.027, "Actual Total Time": 0.031, "Actual Rows": 25, "Actual Loops": 25, "Plans": [{"Node Type": "Index Scan", "Parent Relationship": "Outer", "Scan Direction": "Forward", "Index Name": "region_pkey", "Relation Name": "region", "Alias": "region", "Startup Cost": 0.0, "Total Cost": 12.34, "Plan Rows": 1, "Plan Width": 4, "Actual Startup Time": 0.015, "Actual Total Time": 0.017, "Actual Rows": 1, "Actual Loops": 1, "Filter": "(r_name = 'MIDDLE EAST'::bpchar)", "Rows Removed by Filter": 4}]}]}, {"Node Type": "Bitmap Heap Scan", "Parent Relationship": "Inner", "Relation Name": "customer", "Alias": "customer", "Startup Cost": 1030.37, "Total Cost": 6832.48, "Plan Rows": 60000, "Plan Width": 12, "Actual Startup Time": 90.173, "Actual Total Time": 595.446, "Actual Rows": 299838, "Actual Loops": 5, "Recheck Cond": "(c_nationkey = nation.n_nationkey)", "Rows Removed by Index Recheck": 0, "Exact Heap Blocks": 150033, "Lossy Heap Blocks": 150033, "Plans": [{"Node Type": "Bitmap Index Scan", "Parent Relationship": "Outer", "Index Name": "idx_customer_nationkey", "Startup Cost": 0.0, "Total Cost": 1015.37, "Plan Rows": 60000, "Plan Width": 0, "Actual Startup Time": 56.416, "Actual Total Time": 56.416, "Actual Rows": 299838, "Actual Loops": 5, "Index Cond": "(c_nationkey = nation.n_nationkey)"}]}]}, {"Node Type": "Index Scan", "Parent Relationship": "Inner", "Scan Direction": "Forward", "Index Name": "idx_orders_custkey", "Relation Name": "orders", "Alias": "orders", "Startup Cost": 0.0, "Total Cost": 1.24, "Plan Rows": 1, "Plan Width": 16, "Actual Startup Time": 4093.841, "Actual Total Time": 8656.874, "Actual Rows": 454183, "Actual Loops": 299838, "Index Cond": "(o_custkey = customer.c_custkey)", "Rows Removed by Index Recheck": 0, "Filter": "((o_orderdate >= '1994-01-01 00:00:00'::timestamp(0) without time zone) AND (o_orderdate < '1995-01-01 00:00:00'::timestamp without time zone))", "Rows Removed by Filter": 2542535}]}, {"Node Type": "Index Scan", "Parent Relationship": "Inner", "Scan Direction": "Forward", "Index Name": "idx_lineitem_orderkey", "Relation Name": "lineitem", "Alias": "lineitem", "Startup Cost": 0.0, "Total Cost": 3.05, "Plan Rows": 9, "Plan Width": 32, "Actual Startup Time": 4417.391, "Actual Total Time": 5404.4, "Actual Rows": 1815222, "Actual Loops": 454183, "Index Cond": "(l_orderkey = orders.o_orderkey)", "Rows Removed by Index Recheck": 0}]}, {"Node Type": "Index Scan", "Parent Relationship": "Inner", "Scan Direction": "Forward", "Index Name": "supplier_pkey", "Relation Name": "supplier", "Alias": "supplier", "Startup Cost": 0.0, "Total Cost": 0.27, "Plan Rows": 1, "Plan Width": 12, "Actual Startup Time": 7288.415, "Actual Total Time": 7886.679, "Actual Rows": 1815222, "Actual Loops": 1815222, "Index Cond": "(s_suppkey = lineitem.l_suppkey)", "Rows Removed by Index Recheck": 0}]}]}]}, "Triggers": [], "Planner Runtime": 2.875, "Total Runtime": 25116.032, "Unique SQL Id": 1392561963}}, "(64, 54)": {"explain_plan": {"Plan": {"Node Type": "Sort", "Startup Cost": 19319777.54, "Total Cost": 19319777.6, "Plan Rows": 25, "Plan Width": 50, "Sort Key": ["(sum((lineitem.l_extendedprice * (1::double precision - lineitem.l_discount)))) DESC"], "Plans": [{"Node Type": "Aggregate", "Strategy": "Hashed", "Parent Relationship": "Outer", "Startup Cost": 19319776.71, "Total Cost": 19319776.96, "Plan Rows": 25, "Plan Width": 50, "Group By Key": ["nation.n_name"], "Plans": [{"Node Type": "Nested Loop", "Parent Relationship": "Outer", "Join Type": "Inner", "Startup Cost": 1.42, "Total Cost": 19319682.81, "Plan Rows": 9390, "Plan Width": 42, "Inner Unique": true, "Join Filter": "(customer.c_nationkey = supplier.s_nationkey)", "Plans": [{"Node Type": "Nested Loop", "Parent Relationship": "Outer", "Join Type": "Inner", "Startup Cost": 1.16, "Total Cost": 3520745.57, "Plan Rows": 3688948, "Plan Width": 58, "Inner Unique": false, "Plans": [{"Node Type": "Nested Loop", "Parent Relationship": "Outer", "Join Type": "Inner", "Startup Cost": 0.43, "Total Cost": 1518677.24, "Plan Rows": 406290, "Plan Width": 42, "Inner Unique": false, "Plans": [{"Node Type": "Nested Loop", "Parent Relationship": "Outer", "Join Type": "Inner", "Startup Cost": 0.0, "Total Cost": 164628.64, "Plan Rows": 300000, "Plan Width": 42, "Inner Unique": false, "Join Filter": "(nation.n_nationkey = customer.c_nationkey), (LLVM Optimized)", "Plans": [{"Node Type": "Seq Scan", "Parent Relationship": "Outer", "Relation Name": "customer", "Alias": "customer", "Startup Cost": 0.0, "Total Cost": 52126.0, "Plan Rows": 1500000, "Plan Width": 12}, {"Node Type": "Materialize", "Parent Relationship": "Inner", "Startup Cost": 0.0, "Total Cost": 2.65, "Plan Rows": 5, "Plan Width": 30, "Plans": [{"Node Type": "Nested Loop", "Parent Relationship": "Outer", "Join Type": "Inner", "Startup Cost": 0.0, "Total Cost": 2.62, "Plan Rows": 5, "Plan Width": 30, "Inner Unique": false, "Join Filter": "(nation.n_regionkey = region.r_regionkey)", "Plans": [{"Node Type": "Seq Scan", "Parent Relationship": "Outer", "Relation Name": "region", "Alias": "region", "Startup Cost": 0.0, "Total Cost": 1.06, "Plan Rows": 1, "Plan Width": 4, "Filter": "(r_name = 'MIDDLE EAST'::bpchar)"}, {"Node Type": "Seq Scan", "Parent Relationship": "Inner", "Relation Name": "nation", "Alias": "nation", "Startup Cost": 0.0, "Total Cost": 1.25, "Plan Rows": 25, "Plan Width": 34}]}]}]}, {"Node Type": "Bitmap Heap Scan", "Parent Relationship": "Inner", "Relation Name": "orders", "Alias": "orders", "Startup Cost": 0.43, "Total Cost": 4.5, "Plan Rows": 1, "Plan Width": 16, "Recheck Cond": "(o_custkey = customer.c_custkey)", "Filter": "((o_orderdate >= '1994-01-01 00:00:00'::timestamp(0) without time zone) AND (o_orderdate < '1995-01-01 00:00:00'::timestamp without time zone))", "Plans": [{"Node Type": "Bitmap Index Scan", "Parent Relationship": "Outer", "Index Name": "idx_orders_custkey", "Startup Cost": 0.0, "Total Cost": 0.43, "Plan Rows": 4, "Plan Width": 0, "Index Cond": "(o_custkey = customer.c_custkey)"}]}]}, {"Node Type": "Bitmap Heap Scan", "Parent Relationship": "Inner", "Relation Name": "lineitem", "Alias": "lineitem", "Startup Cost": 0.73, "Total Cost": 4.84, "Plan Rows": 9, "Plan Width": 32, "Recheck Cond": "(l_orderkey = orders.o_orderkey)", "Plans": [{"Node Type": "Bitmap Index Scan", "Parent Relationship": "Outer", "Index Name": "idx_lineitem_orderkey", "Startup Cost": 0.0, "Total Cost": 0.72, "Plan Rows": 9, "Plan Width": 0, "Index Cond": "(l_orderkey = orders.o_orderkey)"}]}]}, {"Node Type": "Bitmap Heap Scan", "Parent Relationship": "Inner", "Relation Name": "supplier", "Alias": "supplier", "Startup Cost": 0.26, "Total Cost": 4.27, "Plan Rows": 1, "Plan Width": 12, "Recheck Cond": "(s_suppkey = lineitem.l_suppkey)", "Plans": [{"Node Type": "Bitmap Index Scan", "Parent Relationship": "Outer", "Index Name": "supplier_pkey", "Startup Cost": 0.0, "Total Cost": 0.26, "Plan Rows": 1, "Plan Width": 0, "Index Cond": "(s_suppkey = lineitem.l_suppkey)"}]}]}]}]}, "Unique SQL Id": 1392561963}, "explain_analyze_plan": null}, "(64, 55)": {"explain_plan": {"Plan": {"Node Type": "Sort", "Startup Cost": 46003135.57, "Total Cost": 46003135.63, "Plan Rows": 25, "Plan Width": 50, "Sort Key": ["(sum((lineitem.l_extendedprice * (1::double precision - lineitem.l_discount)))) DESC"], "Plans": [{"Node Type": "Aggregate", "Strategy": "Hashed", "Parent Relationship": "Outer", "Startup Cost": 46003134.74, "Total Cost": 46003134.99, "Plan Rows": 25, "Plan Width": 50, "Group By Key": ["nation.n_name"], "Plans": [{"Node Type": "Nested Loop", "Parent Relationship": "Outer", "Join Type": "Inner", "Startup Cost": 58362.35, "Total Cost": 46003040.84, "Plan Rows": 9390, "Plan Width": 42, "Inner Unique": true, "Join Filter": "(customer.c_nationkey = supplier.s_nationkey)", "Plans": [{"Node Type": "Nested Loop", "Parent Relationship": "Outer", "Join Type": "Inner", "Startup Cost": 58362.1, "Total Cost": 30204103.6, "Plan Rows": 3688948, "Plan Width": 58, "Inner Unique": false, "Plans": [{"Node Type": "Nested Loop", "Parent Relationship": "Outer", "Join Type": "Inner", "Startup Cost": 58361.37, "Total Cost": 28202035.27, "Plan Rows": 406290, "Plan Width": 42, "Inner Unique": true, "Plans": [{"Node Type": "Nested Loop", "Parent Relationship": "Outer", "Join Type": "Inner", "Startup Cost": 58360.79, "Total Cost": 18851769.58, "Plan Rows": 2031452, "Plan Width": 46, "Inner Unique": true, "Plans": [{"Node Type": "Nested Loop", "Parent Relationship": "Outer", "Join Type": "Inner", "Startup Cost": 58360.54, "Total Cost": 10156636.32, "Plan Rows": 2031452, "Plan Width": 12, "Inner Unique": true, "Plans": [{"Node Type": "Bitmap Heap Scan", "Parent Relationship": "Outer", "Relation Name": "orders", "Alias": "orders", "Startup Cost": 58360.27, "Total Cost": 369005.64, "Plan Rows": 2281758, "Plan Width": 16, "Recheck Cond": "((o_orderdate >= '1994-01-01 00:00:00'::timestamp(0) without time zone) AND (o_orderdate < '1995-01-01 00:00:00'::timestamp without time zone)), (LLVM Optimized)", "Plans": [{"Node Type": "Bitmap Index Scan", "Parent Relationship": "Outer", "Index Name": "idx_orders_orderdate", "Startup Cost": 0.0, "Total Cost": 57789.83, "Plan Rows": 2281758, "Plan Width": 0, "Index Cond": "((o_orderdate >= '1994-01-01 00:00:00'::timestamp(0) without time zone) AND (o_orderdate < '1995-01-01 00:00:00'::timestamp without time zone))"}]}, {"Node Type": "Bitmap Heap Scan", "Parent Relationship": "Inner", "Relation Name": "customer", "Alias": "customer", "Startup Cost": 0.27, "Total Cost": 4.28, "Plan Rows": 1, "Plan Width": 12, "Recheck Cond": "(c_custkey = orders.o_custkey)", "Plans": [{"Node Type": "Bitmap Index Scan", "Parent Relationship": "Outer", "Index Name": "customer_pkey", "Startup Cost": 0.0, "Total Cost": 0.27, "Plan Rows": 1, "Plan Width": 0, "Index Cond": "(c_custkey = orders.o_custkey)"}]}]}, {"Node Type": "Bitmap Heap Scan", "Parent Relationship": "Inner", "Relation Name": "nation", "Alias": "nation", "Startup Cost": 0.26, "Total Cost": 4.27, "Plan Rows": 1, "Plan Width": 34, "Recheck Cond": "(n_nationkey = customer.c_nationkey)", "Plans": [{"Node Type": "Bitmap Index Scan", "Parent Relationship": "Outer", "Index Name": "nation_pkey", "Startup Cost": 0.0, "Total Cost": 0.26, "Plan Rows": 1, "Plan Width": 0, "Index Cond": "(n_nationkey = customer.c_nationkey)"}]}]}, {"Node Type": "Bitmap Heap Scan", "Parent Relationship": "Inner", "Relation Name": "region", "Alias": "region", "Startup Cost": 0.58, "Total Cost": 4.59, "Plan Rows": 1, "Plan Width": 4, "Recheck Cond": "(r_regionkey = nation.n_regionkey)", "Filter": "(r_name = 'MIDDLE EAST'::bpchar)", "Plans": [{"Node Type": "Bitmap Index Scan", "Parent Relationship": "Outer", "Index Name": "region_pkey", "Startup Cost": 0.0, "Total Cost": 0.58, "Plan Rows": 1, "Plan Width": 0, "Index Cond": "(r_regionkey = nation.n_regionkey)"}]}]}, {"Node Type": "Bitmap Heap Scan", "Parent Relationship": "Inner", "Relation Name": "lineitem", "Alias": "lineitem", "Startup Cost": 0.73, "Total Cost": 4.84, "Plan Rows": 9, "Plan Width": 32, "Recheck Cond": "(l_orderkey = orders.o_orderkey)", "Plans": [{"Node Type": "Bitmap Index Scan", "Parent Relationship": "Outer", "Index Name": "idx_lineitem_orderkey", "Startup Cost": 0.0, "Total Cost": 0.72, "Plan Rows": 9, "Plan Width": 0, "Index Cond": "(l_orderkey = orders.o_orderkey)"}]}]}, {"Node Type": "Bitmap Heap Scan", "Parent Relationship": "Inner", "Relation Name": "supplier", "Alias": "supplier", "Startup Cost": 0.26, "Total Cost": 4.27, "Plan Rows": 1, "Plan Width": 12, "Recheck Cond": "(s_suppkey = lineitem.l_suppkey)", "Plans": [{"Node Type": "Bitmap Index Scan", "Parent Relationship": "Outer", "Index Name": "supplier_pkey", "Startup Cost": 0.0, "Total Cost": 0.26, "Plan Rows": 1, "Plan Width": 0, "Index Cond": "(s_suppkey = lineitem.l_suppkey)"}]}]}]}]}, "Unique SQL Id": 1392561963}, "explain_analyze_plan": null}, "(64, 56)": {"explain_plan": {"Plan": {"Node Type": "Sort", "Startup Cost": 2735308.72, "Total Cost": 2735308.78, "Plan Rows": 25, "Plan Width": 50, "Sort Key": ["(sum((lineitem.l_extendedprice * (1::double precision - lineitem.l_discount)))) DESC"], "Plans": [{"Node Type": "Aggregate", "Strategy": "Hashed", "Parent Relationship": "Outer", "Startup Cost": 2735307.89, "Total Cost": 2735308.14, "Plan Rows": 25, "Plan Width": 50, "Group By Key": ["nation.n_name"], "Plans": [{"Node Type": "Nested Loop", "Parent Relationship": "Outer", "Join Type": "Inner", "Startup Cost": 0.0, "Total Cost": 2735213.99, "Plan Rows": 9390, "Plan Width": 42, "Inner Unique": true, "Join Filter": "(customer.c_nationkey = supplier.s_nationkey)", "Plans": [{"Node Type": "Nested Loop", "Parent Relationship": "Outer", "Join Type": "Inner", "Startup Cost": 0.0, "Total Cost": 1692429.4, "Plan Rows": 3688948, "Plan Width": 58, "Inner Unique": false, "Plans": [{"Node Type": "Nested Loop", "Parent Relationship": "Outer", "Join Type": "Inner", "Startup Cost": 0.0, "Total Cost": 416634.99, "Plan Rows": 406290, "Plan Width": 42, "Inner Unique": false, "Plans": [{"Node Type": "Nested Loop", "Parent Relationship": "Outer", "Join Type": "Inner", "Startup Cost": 0.0, "Total Cost": 41526.19, "Plan Rows": 300000, "Plan Width": 42, "Inner Unique": false, "Plans": [{"Node Type": "Nested Loop", "Parent Relationship": "Outer", "Join Type": "Inner", "Startup Cost": 0.0, "Total Cost": 14.06, "Plan Rows": 5, "Plan Width": 30, "Inner Unique": true, "Join Filter": "(nation.n_regionkey = region.r_regionkey)", "Plans": [{"Node Type": "Index Scan", "Parent Relationship": "Outer", "Scan Direction": "Forward", "Index Name": "nation_pkey", "Relation Name": "nation", "Alias": "nation", "Startup Cost": 0.0, "Total Cost": 12.62, "Plan Rows": 25, "Plan Width": 34}, {"Node Type": "Materialize", "Parent Relationship": "Inner", "Startup Cost": 0.0, "Total Cost": 1.07, "Plan Rows": 1, "Plan Width": 4, "Plans": [{"Node Type": "Seq Scan", "Parent Relationship": "Outer", "Relation Name": "region", "Alias": "region", "Startup Cost": 0.0, "Total Cost": 1.06, "Plan Rows": 1, "Plan Width": 4, "Filter": "(r_name = 'MIDDLE EAST'::bpchar)"}]}]}, {"Node Type": "Index Scan", "Parent Relationship": "Inner", "Scan Direction": "Forward", "Index Name": "idx_customer_nationkey", "Relation Name": "customer", "Alias": "customer", "Startup Cost": 0.0, "Total Cost": 7702.43, "Plan Rows": 60000, "Plan Width": 12, "Index Cond": "(c_nationkey = nation.n_nationkey)"}]}, {"Node Type": "Index Scan", "Parent Relationship": "Inner", "Scan Direction": "Forward", "Index Name": "idx_orders_custkey", "Relation Name": "orders", "Alias": "orders", "Startup Cost": 0.0, "Total Cost": 1.24, "Plan Rows": 1, "Plan Width": 16, "Index Cond": "(o_custkey = customer.c_custkey)", "Filter": "((o_orderdate >= '1994-01-01 00:00:00'::timestamp(0) without time zone) AND (o_orderdate < '1995-01-01 00:00:00'::timestamp without time zone))"}]}, {"Node Type": "Index Scan", "Parent Relationship": "Inner", "Scan Direction": "Forward", "Index Name": "idx_lineitem_orderkey", "Relation Name": "lineitem", "Alias": "lineitem", "Startup Cost": 0.0, "Total Cost": 3.05, "Plan Rows": 9, "Plan Width": 32, "Index Cond": "(l_orderkey = orders.o_orderkey)"}]}, {"Node Type": "Index Scan", "Parent Relationship": "Inner", "Scan Direction": "Forward", "Index Name": "supplier_pkey", "Relation Name": "supplier", "Alias": "supplier", "Startup Cost": 0.0, "Total Cost": 0.27, "Plan Rows": 1, "Plan Width": 12, "Index Cond": "(s_suppkey = lineitem.l_suppkey)"}]}]}]}, "Unique SQL Id": 1392561963}, "explain_analyze_plan": {"Plan": {"Node Type": "Sort", "Startup Cost": 2735308.72, "Total Cost": 2735308.78, "Plan Rows": 25, "Plan Width": 50, "Actual Startup Time": 24389.016, "Actual Total Time": 24389.017, "Actual Rows": 5, "Actual Loops": 1, "Sort Key": ["(sum((lineitem.l_extendedprice * (1::double precision - lineitem.l_discount)))) DESC"], "Sort Method": "quicksort", "Sort Space Used": 25, "Sort Space Type": "Memory", "Plans": [{"Node Type": "Aggregate", "Strategy": "Hashed", "Parent Relationship": "Outer", "Startup Cost": 2735307.89, "Total Cost": 2735308.14, "Plan Rows": 25, "Plan Width": 50, "Actual Startup Time": 24388.969, "Actual Total Time": 24388.971, "Actual Rows": 5, "Actual Loops": 1, "Group By Key": ["nation.n_name"], "Plans": [{"Node Type": "Nested Loop", "Parent Relationship": "Outer", "Join Type": "Inner", "Startup Cost": 0.0, "Total Cost": 2735213.99, "Plan Rows": 9390, "Plan Width": 42, "Actual Startup Time": 0.248, "Actual Total Time": 24288.631, "Actual Rows": 72985, "Actual Loops": 1, "Inner Unique": true, "Join Filter": "(customer.c_nationkey = supplier.s_nationkey)", "Rows Removed by Join Filter": 1742237, "Plans": [{"Node Type": "Nested Loop", "Parent Relationship": "Outer", "Join Type": "Inner", "Startup Cost": 0.0, "Total Cost": 1692429.4, "Plan Rows": 3688948, "Plan Width": 58, "Actual Startup Time": 0.145, "Actual Total Time": 15113.144, "Actual Rows": 1815222, "Actual Loops": 1, "Inner Unique": false, "Plans": [{"Node Type": "Nested Loop", "Parent Relationship": "Outer", "Join Type": "Inner", "Startup Cost": 0.0, "Total Cost": 416634.99, "Plan Rows": 406290, "Plan Width": 42, "Actual Startup Time": 0.133, "Actual Total Time": 9107.162, "Actual Rows": 454183, "Actual Loops": 1, "Inner Unique": false, "Plans": [{"Node Type": "Nested Loop", "Parent Relationship": "Outer", "Join Type": "Inner", "Startup Cost": 0.0, "Total Cost": 41526.19, "Plan Rows": 300000, "Plan Width": 42, "Actual Startup Time": 0.087, "Actual Total Time": 509.563, "Actual Rows": 299838, "Actual Loops": 1, "Inner Unique": false, "Plans": [{"Node Type": "Nested Loop", "Parent Relationship": "Outer", "Join Type": "Inner", "Startup Cost": 0.0, "Total Cost": 14.06, "Plan Rows": 5, "Plan Width": 30, "Actual Startup Time": 0.056, "Actual Total Time": 0.131, "Actual Rows": 5, "Actual Loops": 1, "Inner Unique": true, "Join Filter": "(nation.n_regionkey = region.r_regionkey)", "Rows Removed by Join Filter": 20, "Plans": [{"Node Type": "Index Scan", "Parent Relationship": "Outer", "Scan Direction": "Forward", "Index Name": "nation_pkey", "Relation Name": "nation", "Alias": "nation", "Startup Cost": 0.0, "Total Cost": 12.62, "Plan Rows": 25, "Plan Width": 34, "Actual Startup Time": 0.022, "Actual Total Time": 0.049, "Actual Rows": 25, "Actual Loops": 1}, {"Node Type": "Materialize", "Parent Relationship": "Inner", "Startup Cost": 0.0, "Total Cost": 1.07, "Plan Rows": 1, "Plan Width": 4, "Actual Startup Time": 0.029, "Actual Total Time": 0.034, "Actual Rows": 25, "Actual Loops": 25, "Plans": [{"Node Type": "Seq Scan", "Parent Relationship": "Outer", "Relation Name": "region", "Alias": "region", "Startup Cost": 0.0, "Total Cost": 1.06, "Plan Rows": 1, "Plan Width": 4, "Actual Startup Time": 0.017, "Actual Total Time": 0.018, "Actual Rows": 1, "Actual Loops": 1, "Filter": "(r_name = 'MIDDLE EAST'::bpchar)", "Rows Removed by Filter": 4}]}]}, {"Node Type": "Index Scan", "Parent Relationship": "Inner", "Scan Direction": "Forward", "Index Name": "idx_customer_nationkey", "Relation Name": "customer", "Alias": "customer", "Startup Cost": 0.0, "Total Cost": 7702.43, "Plan Rows": 60000, "Plan Width": 12, "Actual Startup Time": 0.156, "Actual Total Time": 423.77, "Actual Rows": 299838, "Actual Loops": 5, "Index Cond": "(c_nationkey = nation.n_nationkey)", "Rows Removed by Index Recheck": 0}]}, {"Node Type": "Index Scan", "Parent Relationship": "Inner", "Scan Direction": "Forward", "Index Name": "idx_orders_custkey", "Relation Name": "orders", "Alias": "orders", "Startup Cost": 0.0, "Total Cost": 1.24, "Plan Rows": 1, "Plan Width": 16, "Actual Startup Time": 3934.372, "Actual Total Time": 8321.26, "Actual Rows": 454183, "Actual Loops": 299838, "Index Cond": "(o_custkey = customer.c_custkey)", "Rows Removed by Index Recheck": 0, "Filter": "((o_orderdate >= '1994-01-01 00:00:00'::timestamp(0) without time zone) AND (o_orderdate < '1995-01-01 00:00:00'::timestamp without time zone))", "Rows Removed by Filter": 2542535}]}, {"Node Type": "Index Scan", "Parent Relationship": "Inner", "Scan Direction": "Forward", "Index Name": "idx_lineitem_orderkey", "Relation Name": "lineitem", "Alias": "lineitem", "Startup Cost": 0.0, "Total Cost": 3.05, "Plan Rows": 9, "Plan Width": 32, "Actual Startup Time": 4344.503, "Actual Total Time": 5332.223, "Actual Rows": 1815222, "Actual Loops": 454183, "Index Cond": "(l_orderkey = orders.o_orderkey)", "Rows Removed by Index Recheck": 0}]}, {"Node Type": "Index Scan", "Parent Relationship": "Inner", "Scan Direction": "Forward", "Index Name": "supplier_pkey", "Relation Name": "supplier", "Alias": "supplier", "Startup Cost": 0.0, "Total Cost": 0.27, "Plan Rows": 1, "Plan Width": 12, "Actual Startup Time": 7160.657, "Actual Total Time": 7763.724, "Actual Rows": 1815222, "Actual Loops": 1815222, "Index Cond": "(s_suppkey = lineitem.l_suppkey)", "Rows Removed by Index Recheck": 0}]}]}]}, "Triggers": [], "Planner Runtime": 2.795, "Total Runtime": 24389.324, "Unique SQL Id": 1392561963}}, "(64, 57)": {"explain_plan": {"Plan": {"Node Type": "Sort", "Startup Cost": 2735319.99, "Total Cost": 2735320.05, "Plan Rows": 25, "Plan Width": 50, "Sort Key": ["(sum((lineitem.l_extendedprice * (1::double precision - lineitem.l_discount)))) DESC"], "Plans": [{"Node Type": "Aggregate", "Strategy": "Hashed", "Parent Relationship": "Outer", "Startup Cost": 2735319.16, "Total Cost": 2735319.41, "Plan Rows": 25, "Plan Width": 50, "Group By Key": ["nation.n_name"], "Plans": [{"Node Type": "Nested Loop", "Parent Relationship": "Outer", "Join Type": "Inner", "Startup Cost": 0.0, "Total Cost": 2735225.26, "Plan Rows": 9390, "Plan Width": 42, "Inner Unique": true, "Join Filter": "(customer.c_nationkey = supplier.s_nationkey)", "Plans": [{"Node Type": "Nested Loop", "Parent Relationship": "Outer", "Join Type": "Inner", "Startup Cost": 0.0, "Total Cost": 1692440.68, "Plan Rows": 3688948, "Plan Width": 58, "Inner Unique": false, "Plans": [{"Node Type": "Nested Loop", "Parent Relationship": "Outer", "Join Type": "Inner", "Startup Cost": 0.0, "Total Cost": 416646.27, "Plan Rows": 406290, "Plan Width": 42, "Inner Unique": false, "Plans": [{"Node Type": "Nested Loop", "Parent Relationship": "Outer", "Join Type": "Inner", "Startup Cost": 0.0, "Total Cost": 41537.47, "Plan Rows": 300000, "Plan Width": 42, "Inner Unique": false, "Plans": [{"Node Type": "Nested Loop", "Parent Relationship": "Outer", "Join Type": "Inner", "Startup Cost": 0.0, "Total Cost": 25.34, "Plan Rows": 5, "Plan Width": 30, "Inner Unique": true, "Join Filter": "(nation.n_regionkey = region.r_regionkey)", "Plans": [{"Node Type": "Index Scan", "Parent Relationship": "Outer", "Scan Direction": "Forward", "Index Name": "nation_pkey", "Relation Name": "nation", "Alias": "nation", "Startup Cost": 0.0, "Total Cost": 12.62, "Plan Rows": 25, "Plan Width": 34}, {"Node Type": "Materialize", "Parent Relationship": "Inner", "Startup Cost": 0.0, "Total Cost": 12.34, "Plan Rows": 1, "Plan Width": 4, "Plans": [{"Node Type": "Index Scan", "Parent Relationship": "Outer", "Scan Direction": "Forward", "Index Name": "region_pkey", "Relation Name": "region", "Alias": "region", "Startup Cost": 0.0, "Total Cost": 12.34, "Plan Rows": 1, "Plan Width": 4, "Filter": "(r_name = 'MIDDLE EAST'::bpchar)"}]}]}, {"Node Type": "Index Scan", "Parent Relationship": "Inner", "Scan Direction": "Forward", "Index Name": "idx_customer_nationkey", "Relation Name": "customer", "Alias": "customer", "Startup Cost": 0.0, "Total Cost": 7702.43, "Plan Rows": 60000, "Plan Width": 12, "Index Cond": "(c_nationkey = nation.n_nationkey)"}]}, {"Node Type": "Index Scan", "Parent Relationship": "Inner", "Scan Direction": "Forward", "Index Name": "idx_orders_custkey", "Relation Name": "orders", "Alias": "orders", "Startup Cost": 0.0, "Total Cost": 1.24, "Plan Rows": 1, "Plan Width": 16, "Index Cond": "(o_custkey = customer.c_custkey)", "Filter": "((o_orderdate >= '1994-01-01 00:00:00'::timestamp(0) without time zone) AND (o_orderdate < '1995-01-01 00:00:00'::timestamp without time zone))"}]}, {"Node Type": "Index Scan", "Parent Relationship": "Inner", "Scan Direction": "Forward", "Index Name": "idx_lineitem_orderkey", "Relation Name": "lineitem", "Alias": "lineitem", "Startup Cost": 0.0, "Total Cost": 3.05, "Plan Rows": 9, "Plan Width": 32, "Index Cond": "(l_orderkey = orders.o_orderkey)"}]}, {"Node Type": "Index Scan", "Parent Relationship": "Inner", "Scan Direction": "Forward", "Index Name": "supplier_pkey", "Relation Name": "supplier", "Alias": "supplier", "Startup Cost": 0.0, "Total Cost": 0.27, "Plan Rows": 1, "Plan Width": 12, "Index Cond": "(s_suppkey = lineitem.l_suppkey)"}]}]}]}, "Unique SQL Id": 1392561963}, "explain_analyze_plan": {"Plan": {"Node Type": "Sort", "Startup Cost": 2735319.99, "Total Cost": 2735320.05, "Plan Rows": 25, "Plan Width": 50, "Actual Startup Time": 24794.077, "Actual Total Time": 24794.079, "Actual Rows": 5, "Actual Loops": 1, "Sort Key": ["(sum((lineitem.l_extendedprice * (1::double precision - lineitem.l_discount)))) DESC"], "Sort Method": "quicksort", "Sort Space Used": 25, "Sort Space Type": "Memory", "Plans": [{"Node Type": "Aggregate", "Strategy": "Hashed", "Parent Relationship": "Outer", "Startup Cost": 2735319.16, "Total Cost": 2735319.41, "Plan Rows": 25, "Plan Width": 50, "Actual Startup Time": 24793.958, "Actual Total Time": 24793.968, "Actual Rows": 5, "Actual Loops": 1, "Group By Key": ["nation.n_name"], "Plans": [{"Node Type": "Nested Loop", "Parent Relationship": "Outer", "Join Type": "Inner", "Startup Cost": 0.0, "Total Cost": 2735225.26, "Plan Rows": 9390, "Plan Width": 42, "Actual Startup Time": 0.223, "Actual Total Time": 24693.893, "Actual Rows": 72985, "Actual Loops": 1, "Inner Unique": true, "Join Filter": "(customer.c_nationkey = supplier.s_nationkey)", "Rows Removed by Join Filter": 1742237, "Plans": [{"Node Type": "Nested Loop", "Parent Relationship": "Outer", "Join Type": "Inner", "Startup Cost": 0.0, "Total Cost": 1692440.68, "Plan Rows": 3688948, "Plan Width": 58, "Actual Startup Time": 0.132, "Actual Total Time": 15414.874, "Actual Rows": 1815222, "Actual Loops": 1, "Inner Unique": false, "Plans": [{"Node Type": "Nested Loop", "Parent Relationship": "Outer", "Join Type": "Inner", "Startup Cost": 0.0, "Total Cost": 416646.27, "Plan Rows": 406290, "Plan Width": 42, "Actual Startup Time": 0.122, "Actual Total Time": 9326.69, "Actual Rows": 454183, "Actual Loops": 1, "Inner Unique": false, "Plans": [{"Node Type": "Nested Loop", "Parent Relationship": "Outer", "Join Type": "Inner", "Startup Cost": 0.0, "Total Cost": 41537.47, "Plan Rows": 300000, "Plan Width": 42, "Actual Startup Time": 0.08, "Actual Total Time": 520.887, "Actual Rows": 299838, "Actual Loops": 1, "Inner Unique": false, "Plans": [{"Node Type": "Nested Loop", "Parent Relationship": "Outer", "Join Type": "Inner", "Startup Cost": 0.0, "Total Cost": 25.34, "Plan Rows": 5, "Plan Width": 30, "Actual Startup Time": 0.051, "Actual Total Time": 0.374, "Actual Rows": 5, "Actual Loops": 1, "Inner Unique": true, "Join Filter": "(nation.n_regionkey = region.r_regionkey)", "Rows Removed by Join Filter": 20, "Plans": [{"Node Type": "Index Scan", "Parent Relationship": "Outer", "Scan Direction": "Forward", "Index Name": "nation_pkey", "Relation Name": "nation", "Alias": "nation", "Startup Cost": 0.0, "Total Cost": 12.62, "Plan Rows": 25, "Plan Width": 34, "Actual Startup Time": 0.021, "Actual Total Time": 0.265, "Actual Rows": 25, "Actual Loops": 1}, {"Node Type": "Materialize", "Parent Relationship": "Inner", "Startup Cost": 0.0, "Total Cost": 12.34, "Plan Rows": 1, "Plan Width": 4, "Actual Startup Time": 0.035, "Actual Total Time": 0.04, "Actual Rows": 25, "Actual Loops": 25, "Plans": [{"Node Type": "Index Scan", "Parent Relationship": "Outer", "Scan Direction": "Forward", "Index Name": "region_pkey", "Relation Name": "region", "Alias": "region", "Startup Cost": 0.0, "Total Cost": 12.34, "Plan Rows": 1, "Plan Width": 4, "Actual Startup Time": 0.014, "Actual Total Time": 0.015, "Actual Rows": 1, "Actual Loops": 1, "Filter": "(r_name = 'MIDDLE EAST'::bpchar)", "Rows Removed by Filter": 4}]}]}, {"Node Type": "Index Scan", "Parent Relationship": "Inner", "Scan Direction": "Forward", "Index Name": "idx_customer_nationkey", "Relation Name": "customer", "Alias": "customer", "Startup Cost": 0.0, "Total Cost": 7702.43, "Plan Rows": 60000, "Plan Width": 12, "Actual Startup Time": 0.207, "Actual Total Time": 431.827, "Actual Rows": 299838, "Actual Loops": 5, "Index Cond": "(c_nationkey = nation.n_nationkey)", "Rows Removed by Index Recheck": 0}]}, {"Node Type": "Index Scan", "Parent Relationship": "Inner", "Scan Direction": "Forward", "Index Name": "idx_orders_custkey", "Relation Name": "orders", "Alias": "orders", "Startup Cost": 0.0, "Total Cost": 1.24, "Plan Rows": 1, "Plan Width": 16, "Actual Startup Time": 4023.206, "Actual Total Time": 8524.861, "Actual Rows": 454183, "Actual Loops": 299838, "Index Cond": "(o_custkey = customer.c_custkey)", "Rows Removed by Index Recheck": 0, "Filter": "((o_orderdate >= '1994-01-01 00:00:00'::timestamp(0) without time zone) AND (o_orderdate < '1995-01-01 00:00:00'::timestamp without time zone))", "Rows Removed by Filter": 2542535}]}, {"Node Type": "Index Scan", "Parent Relationship": "Inner", "Scan Direction": "Forward", "Index Name": "idx_lineitem_orderkey", "Relation Name": "lineitem", "Alias": "lineitem", "Startup Cost": 0.0, "Total Cost": 3.05, "Plan Rows": 9, "Plan Width": 32, "Actual Startup Time": 4400.662, "Actual Total Time": 5394.905, "Actual Rows": 1815222, "Actual Loops": 454183, "Index Cond": "(l_orderkey = orders.o_orderkey)", "Rows Removed by Index Recheck": 0}]}, {"Node Type": "Index Scan", "Parent Relationship": "Inner", "Scan Direction": "Forward", "Index Name": "supplier_pkey", "Relation Name": "supplier", "Alias": "supplier", "Startup Cost": 0.0, "Total Cost": 0.27, "Plan Rows": 1, "Plan Width": 12, "Actual Startup Time": 7247.846, "Actual Total Time": 7853.05, "Actual Rows": 1815222, "Actual Loops": 1815222, "Index Cond": "(s_suppkey = lineitem.l_suppkey)", "Rows Removed by Index Recheck": 0}]}]}]}, "Triggers": [], "Planner Runtime": 2.494, "Total Runtime": 24794.38, "Unique SQL Id": 1392561963}}, "(64, 58)": {"explain_plan": {"Plan": {"Node Type": "Sort", "Startup Cost": 51053787992.55, "Total Cost": 51053787992.61, "Plan Rows": 25, "Plan Width": 50, "Sort Key": ["(sum((lineitem.l_extendedprice * (1::double precision - lineitem.l_discount)))) DESC"], "Plans": [{"Node Type": "Aggregate", "Strategy": "Hashed", "Parent Relationship": "Outer", "Startup Cost": 51053787991.72, "Total Cost": 51053787991.97, "Plan Rows": 25, "Plan Width": 50, "Group By Key": ["nation.n_name"], "Plans": [{"Node Type": "Nested Loop", "Parent Relationship": "Outer", "Join Type": "Inner", "Startup Cost": 440.98, "Total Cost": 51053787897.82, "Plan Rows": 9390, "Plan Width": 42, "Inner Unique": false, "Join Filter": "((orders.o_custkey = customer.c_custkey) AND (supplier.s_nationkey = customer.c_nationkey))", "Plans": [{"Node Type": "Seq Scan", "Parent Relationship": "Outer", "Relation Name": "customer", "Alias": "customer", "Startup Cost": 0.0, "Total Cost": 52126.0, "Plan Rows": 1500000, "Plan Width": 12}, {"Node Type": "Materialize", "Parent Relationship": "Inner", "Startup Cost": 440.98, "Total Cost": 44131637681.06, "Plan Rows": 263699, "Plan Width": 58, "Plans": [{"Node Type": "Nested Loop", "Parent Relationship": "Outer", "Join Type": "Inner", "Startup Cost": 440.98, "Total Cost": 44131636362.57, "Plan Rows": 263699, "Plan Width": 58, "Inner Unique": false, "Join Filter": "(lineitem.l_orderkey = orders.o_orderkey), (LLVM Optimized)", "Plans": [{"Node Type": "Seq Scan", "Parent Relationship": "Outer", "Relation Name": "orders", "Alias": "orders", "Startup Cost": 440.98, "Total Cost": 501411.18, "Plan Rows": 2281758, "Plan Width": 16, "Filter": "((o_orderdate >= '1994-01-01 00:00:00'::timestamp(0) without time zone) AND (o_orderdate < '1995-01-01 00:00:00'::timestamp without time zone)), (LLVM Optimized)"}, {"Node Type": "Materialize", "Parent Relationship": "Inner", "Startup Cost": 0.0, "Total Cost": 17998139668.64, "Plan Rows": 763534, "Plan Width": 58, "Plans": [{"Node Type": "Nested Loop", "Parent Relationship": "Outer", "Join Type": "Inner", "Startup Cost": 0.0, "Total Cost": 17998135850.97, "Plan Rows": 763534, "Plan Width": 58, "Inner Unique": false, "Join Filter": "(supplier.s_suppkey = lineitem.l_suppkey), (LLVM Optimized)", "Plans": [{"Node Type": "Seq Scan", "Parent Relationship": "Outer", "Relation Name": "lineitem", "Alias": "lineitem", "Startup Cost": 0.0, "Total Cost": 2015115.33, "Plan Rows": 59987033, "Plan Width": 32}, {"Node Type": "Materialize", "Parent Relationship": "Inner", "Startup Cost": 0.0, "Total Cost": 10885.64, "Plan Rows": 20000, "Plan Width": 42, "Plans": [{"Node Type": "Nested Loop", "Parent Relationship": "Outer", "Join Type": "Inner", "Startup Cost": 0.0, "Total Cost": 10785.64, "Plan Rows": 20000, "Plan Width": 42, "Inner Unique": false, "Join Filter": "(nation.n_nationkey = supplier.s_nationkey)", "Plans": [{"Node Type": "Seq Scan", "Parent Relationship": "Outer", "Relation Name": "supplier", "Alias": "supplier", "Startup Cost": 0.0, "Total Cost": 3283.0, "Plan Rows": 100000, "Plan Width": 12}, {"Node Type": "Materialize", "Parent Relationship": "Inner", "Startup Cost": 0.0, "Total Cost": 2.65, "Plan Rows": 5, "Plan Width": 30, "Plans": [{"Node Type": "Nested Loop", "Parent Relationship": "Outer", "Join Type": "Inner", "Startup Cost": 0.0, "Total Cost": 2.62, "Plan Rows": 5, "Plan Width": 30, "Inner Unique": false, "Join Filter": "(nation.n_regionkey = region.r_regionkey)", "Plans": [{"Node Type": "Seq Scan", "Parent Relationship": "Outer", "Relation Name": "region", "Alias": "region", "Startup Cost": 0.0, "Total Cost": 1.06, "Plan Rows": 1, "Plan Width": 4, "Filter": "(r_name = 'MIDDLE EAST'::bpchar)"}, {"Node Type": "Seq Scan", "Parent Relationship": "Inner", "Relation Name": "nation", "Alias": "nation", "Startup Cost": 0.0, "Total Cost": 1.25, "Plan Rows": 25, "Plan Width": 34}]}]}]}]}]}]}]}]}]}]}]}, "Unique SQL Id": 1392561963}, "explain_analyze_plan": null}, "(64, 59)": {"explain_plan": {"Plan": {"Node Type": "Sort", "Startup Cost": 6051464595461.66, "Total Cost": 6051464595461.73, "Plan Rows": 25, "Plan Width": 50, "Sort Key": ["(sum((lineitem.l_extendedprice * (1::double precision - lineitem.l_discount)))) DESC"], "Plans": [{"Node Type": "Aggregate", "Strategy": "Hashed", "Parent Relationship": "Outer", "Startup Cost": 6051464595460.83, "Total Cost": 6051464595461.08, "Plan Rows": 25, "Plan Width": 50, "Group By Key": ["nation.n_name"], "Plans": [{"Node Type": "Nested Loop", "Parent Relationship": "Outer", "Join Type": "Inner", "Startup Cost": 60000000000.0, "Total Cost": 6051464595366.93, "Plan Rows": 9390, "Plan Width": 42, "Inner Unique": false, "Join Filter": "((orders.o_custkey = customer.c_custkey) AND (supplier.s_nationkey = customer.c_nationkey))", "Plans": [{"Node Type": "Index Scan", "Parent Relationship": "Outer", "Scan Direction": "Forward", "Index Name": "customer_pkey", "Relation Name": "customer", "Alias": "customer", "Startup Cost": 10000000000.0, "Total Cost": 1000008076535.62, "Plan Rows": 1500000, "Plan Width": 12}, {"Node Type": "Materialize", "Parent Relationship": "Inner", "Startup Cost": 50000000000.0, "Total Cost": 5044534420740.56, "Plan Rows": 263699, "Plan Width": 58, "Plans": [{"Node Type": "Nested Loop", "Parent Relationship": "Outer", "Join Type": "Inner", "Startup Cost": 50000000000.0, "Total Cost": 5044534419422.06, "Plan Rows": 263699, "Plan Width": 58, "Inner Unique": true, "Join Filter": "(lineitem.l_orderkey = orders.o_orderkey), (LLVM Optimized)", "Plans": [{"Node Type": "Nested Loop", "Parent Relationship": "Outer", "Join Type": "Inner", "Startup Cost": 40000000000.0, "Total Cost": 4018320818943.09, "Plan Rows": 763534, "Plan Width": 58, "Inner Unique": false, "Join Filter": "(supplier.s_suppkey = lineitem.l_suppkey), (LLVM Optimized)", "Plans": [{"Node Type": "Nested Loop", "Parent Relationship": "Outer", "Join Type": "Inner", "Startup Cost": 30000000000.0, "Total Cost": 3000000543701.01, "Plan Rows": 20000, "Plan Width": 42, "Inner Unique": false, "Join Filter": "(nation.n_nationkey = supplier.s_nationkey)", "Plans": [{"Node Type": "Nested Loop", "Parent Relationship": "Outer", "Join Type": "Inner", "Startup Cost": 20000000000.0, "Total Cost": 2000000002496.63, "Plan Rows": 5, "Plan Width": 30, "Inner Unique": true, "Join Filter": "(nation.n_regionkey = region.r_regionkey)", "Plans": [{"Node Type": "Index Scan", "Parent Relationship": "Outer", "Scan Direction": "Forward", "Index Name": "nation_pkey", "Relation Name": "nation", "Alias": "nation", "Startup Cost": 10000000000.0, "Total Cost": 1000000001262.5, "Plan Rows": 25, "Plan Width": 34}, {"Node Type": "Materialize", "Parent Relationship": "Inner", "Startup Cost": 10000000000.0, "Total Cost": 1000000001233.76, "Plan Rows": 1, "Plan Width": 4, "Plans": [{"Node Type": "Index Scan", "Parent Relationship": "Outer", "Scan Direction": "Forward", "Index Name": "region_pkey", "Relation Name": "region", "Alias": "region", "Startup Cost": 10000000000.0, "Total Cost": 1000000001233.75, "Plan Rows": 1, "Plan Width": 4, "Filter": "(r_name = 'MIDDLE EAST'::bpchar)"}]}]}, {"Node Type": "Materialize", "Parent Relationship": "Inner", "Startup Cost": 10000000000.0, "Total Cost": 1000000533954.38, "Plan Rows": 100000, "Plan Width": 12, "Plans": [{"Node Type": "Index Scan", "Parent Relationship": "Outer", "Scan Direction": "Forward", "Index Name": "supplier_pkey", "Relation Name": "supplier", "Alias": "supplier", "Startup Cost": 10000000000.0, "Total Cost": 1000000533454.38, "Plan Rows": 100000, "Plan Width": 12}]}]}, {"Node Type": "Materialize", "Parent Relationship": "Inner", "Startup Cost": 10000000000.0, "Total Cost": 1000324315309.67, "Plan Rows": 59987033, "Plan Width": 32, "Plans": [{"Node Type": "Index Scan", "Parent Relationship": "Outer", "Scan Direction": "Forward", "Index Name": "idx_lineitem_orderkey", "Relation Name": "lineitem", "Alias": "lineitem", "Startup Cost": 10000000000.0, "Total Cost": 1000324015374.5, "Plan Rows": 59987033, "Plan Width": 32}]}]}, {"Node Type": "Materialize", "Parent Relationship": "Inner", "Startup Cost": 10000000000.0, "Total Cost": 1000080608991.79, "Plan Rows": 2281758, "Plan Width": 16, "Plans": [{"Node Type": "Index Scan", "Parent Relationship": "Outer", "Scan Direction": "Forward", "Index Name": "orders_pkey", "Relation Name": "orders", "Alias": "orders", "Startup Cost": 10000000000.0, "Total Cost": 1000080597583.0, "Plan Rows": 2281758, "Plan Width": 16, "Filter": "((o_orderdate >= '1994-01-01 00:00:00'::timestamp(0) without time zone) AND (o_orderdate < '1995-01-01 00:00:00'::timestamp without time zone)), (LLVM Optimized)"}]}]}]}]}]}]}, "Unique SQL Id": 1392561963}, "explain_analyze_plan": null}, "(64, 60)": {"explain_plan": {"Plan": {"Node Type": "Sort", "Startup Cost": 2735308.72, "Total Cost": 2735308.78, "Plan Rows": 25, "Plan Width": 50, "Sort Key": ["(sum((lineitem.l_extendedprice * (1::double precision - lineitem.l_discount)))) DESC"], "Plans": [{"Node Type": "Aggregate", "Strategy": "Hashed", "Parent Relationship": "Outer", "Startup Cost": 2735307.89, "Total Cost": 2735308.14, "Plan Rows": 25, "Plan Width": 50, "Group By Key": ["nation.n_name"], "Plans": [{"Node Type": "Nested Loop", "Parent Relationship": "Outer", "Join Type": "Inner", "Startup Cost": 0.0, "Total Cost": 2735213.99, "Plan Rows": 9390, "Plan Width": 42, "Inner Unique": true, "Join Filter": "(customer.c_nationkey = supplier.s_nationkey)", "Plans": [{"Node Type": "Nested Loop", "Parent Relationship": "Outer", "Join Type": "Inner", "Startup Cost": 0.0, "Total Cost": 1692429.4, "Plan Rows": 3688948, "Plan Width": 58, "Inner Unique": false, "Plans": [{"Node Type": "Nested Loop", "Parent Relationship": "Outer", "Join Type": "Inner", "Startup Cost": 0.0, "Total Cost": 416634.99, "Plan Rows": 406290, "Plan Width": 42, "Inner Unique": false, "Plans": [{"Node Type": "Nested Loop", "Parent Relationship": "Outer", "Join Type": "Inner", "Startup Cost": 0.0, "Total Cost": 41526.19, "Plan Rows": 300000, "Plan Width": 42, "Inner Unique": false, "Plans": [{"Node Type": "Nested Loop", "Parent Relationship": "Outer", "Join Type": "Inner", "Startup Cost": 0.0, "Total Cost": 14.06, "Plan Rows": 5, "Plan Width": 30, "Inner Unique": true, "Join Filter": "(nation.n_regionkey = region.r_regionkey)", "Plans": [{"Node Type": "Index Scan", "Parent Relationship": "Outer", "Scan Direction": "Forward", "Index Name": "nation_pkey", "Relation Name": "nation", "Alias": "nation", "Startup Cost": 0.0, "Total Cost": 12.62, "Plan Rows": 25, "Plan Width": 34}, {"Node Type": "Materialize", "Parent Relationship": "Inner", "Startup Cost": 0.0, "Total Cost": 1.07, "Plan Rows": 1, "Plan Width": 4, "Plans": [{"Node Type": "Seq Scan", "Parent Relationship": "Outer", "Relation Name": "region", "Alias": "region", "Startup Cost": 0.0, "Total Cost": 1.06, "Plan Rows": 1, "Plan Width": 4, "Filter": "(r_name = 'MIDDLE EAST'::bpchar)"}]}]}, {"Node Type": "Index Scan", "Parent Relationship": "Inner", "Scan Direction": "Forward", "Index Name": "idx_customer_nationkey", "Relation Name": "customer", "Alias": "customer", "Startup Cost": 0.0, "Total Cost": 7702.43, "Plan Rows": 60000, "Plan Width": 12, "Index Cond": "(c_nationkey = nation.n_nationkey)"}]}, {"Node Type": "Index Scan", "Parent Relationship": "Inner", "Scan Direction": "Forward", "Index Name": "idx_orders_custkey", "Relation Name": "orders", "Alias": "orders", "Startup Cost": 0.0, "Total Cost": 1.24, "Plan Rows": 1, "Plan Width": 16, "Index Cond": "(o_custkey = customer.c_custkey)", "Filter": "((o_orderdate >= '1994-01-01 00:00:00'::timestamp(0) without time zone) AND (o_orderdate < '1995-01-01 00:00:00'::timestamp without time zone))"}]}, {"Node Type": "Index Scan", "Parent Relationship": "Inner", "Scan Direction": "Forward", "Index Name": "idx_lineitem_orderkey", "Relation Name": "lineitem", "Alias": "lineitem", "Startup Cost": 0.0, "Total Cost": 3.05, "Plan Rows": 9, "Plan Width": 32, "Index Cond": "(l_orderkey = orders.o_orderkey)"}]}, {"Node Type": "Index Scan", "Parent Relationship": "Inner", "Scan Direction": "Forward", "Index Name": "supplier_pkey", "Relation Name": "supplier", "Alias": "supplier", "Startup Cost": 0.0, "Total Cost": 0.27, "Plan Rows": 1, "Plan Width": 12, "Index Cond": "(s_suppkey = lineitem.l_suppkey)"}]}]}]}, "Unique SQL Id": 1392561963}, "explain_analyze_plan": {"Plan": {"Node Type": "Sort", "Startup Cost": 2735308.72, "Total Cost": 2735308.78, "Plan Rows": 25, "Plan Width": 50, "Actual Startup Time": 24389.016, "Actual Total Time": 24389.017, "Actual Rows": 5, "Actual Loops": 1, "Sort Key": ["(sum((lineitem.l_extendedprice * (1::double precision - lineitem.l_discount)))) DESC"], "Sort Method": "quicksort", "Sort Space Used": 25, "Sort Space Type": "Memory", "Plans": [{"Node Type": "Aggregate", "Strategy": "Hashed", "Parent Relationship": "Outer", "Startup Cost": 2735307.89, "Total Cost": 2735308.14, "Plan Rows": 25, "Plan Width": 50, "Actual Startup Time": 24388.969, "Actual Total Time": 24388.971, "Actual Rows": 5, "Actual Loops": 1, "Group By Key": ["nation.n_name"], "Plans": [{"Node Type": "Nested Loop", "Parent Relationship": "Outer", "Join Type": "Inner", "Startup Cost": 0.0, "Total Cost": 2735213.99, "Plan Rows": 9390, "Plan Width": 42, "Actual Startup Time": 0.248, "Actual Total Time": 24288.631, "Actual Rows": 72985, "Actual Loops": 1, "Inner Unique": true, "Join Filter": "(customer.c_nationkey = supplier.s_nationkey)", "Rows Removed by Join Filter": 1742237, "Plans": [{"Node Type": "Nested Loop", "Parent Relationship": "Outer", "Join Type": "Inner", "Startup Cost": 0.0, "Total Cost": 1692429.4, "Plan Rows": 3688948, "Plan Width": 58, "Actual Startup Time": 0.145, "Actual Total Time": 15113.144, "Actual Rows": 1815222, "Actual Loops": 1, "Inner Unique": false, "Plans": [{"Node Type": "Nested Loop", "Parent Relationship": "Outer", "Join Type": "Inner", "Startup Cost": 0.0, "Total Cost": 416634.99, "Plan Rows": 406290, "Plan Width": 42, "Actual Startup Time": 0.133, "Actual Total Time": 9107.162, "Actual Rows": 454183, "Actual Loops": 1, "Inner Unique": false, "Plans": [{"Node Type": "Nested Loop", "Parent Relationship": "Outer", "Join Type": "Inner", "Startup Cost": 0.0, "Total Cost": 41526.19, "Plan Rows": 300000, "Plan Width": 42, "Actual Startup Time": 0.087, "Actual Total Time": 509.563, "Actual Rows": 299838, "Actual Loops": 1, "Inner Unique": false, "Plans": [{"Node Type": "Nested Loop", "Parent Relationship": "Outer", "Join Type": "Inner", "Startup Cost": 0.0, "Total Cost": 14.06, "Plan Rows": 5, "Plan Width": 30, "Actual Startup Time": 0.056, "Actual Total Time": 0.131, "Actual Rows": 5, "Actual Loops": 1, "Inner Unique": true, "Join Filter": "(nation.n_regionkey = region.r_regionkey)", "Rows Removed by Join Filter": 20, "Plans": [{"Node Type": "Index Scan", "Parent Relationship": "Outer", "Scan Direction": "Forward", "Index Name": "nation_pkey", "Relation Name": "nation", "Alias": "nation", "Startup Cost": 0.0, "Total Cost": 12.62, "Plan Rows": 25, "Plan Width": 34, "Actual Startup Time": 0.022, "Actual Total Time": 0.049, "Actual Rows": 25, "Actual Loops": 1}, {"Node Type": "Materialize", "Parent Relationship": "Inner", "Startup Cost": 0.0, "Total Cost": 1.07, "Plan Rows": 1, "Plan Width": 4, "Actual Startup Time": 0.029, "Actual Total Time": 0.034, "Actual Rows": 25, "Actual Loops": 25, "Plans": [{"Node Type": "Seq Scan", "Parent Relationship": "Outer", "Relation Name": "region", "Alias": "region", "Startup Cost": 0.0, "Total Cost": 1.06, "Plan Rows": 1, "Plan Width": 4, "Actual Startup Time": 0.017, "Actual Total Time": 0.018, "Actual Rows": 1, "Actual Loops": 1, "Filter": "(r_name = 'MIDDLE EAST'::bpchar)", "Rows Removed by Filter": 4}]}]}, {"Node Type": "Index Scan", "Parent Relationship": "Inner", "Scan Direction": "Forward", "Index Name": "idx_customer_nationkey", "Relation Name": "customer", "Alias": "customer", "Startup Cost": 0.0, "Total Cost": 7702.43, "Plan Rows": 60000, "Plan Width": 12, "Actual Startup Time": 0.156, "Actual Total Time": 423.77, "Actual Rows": 299838, "Actual Loops": 5, "Index Cond": "(c_nationkey = nation.n_nationkey)", "Rows Removed by Index Recheck": 0}]}, {"Node Type": "Index Scan", "Parent Relationship": "Inner", "Scan Direction": "Forward", "Index Name": "idx_orders_custkey", "Relation Name": "orders", "Alias": "orders", "Startup Cost": 0.0, "Total Cost": 1.24, "Plan Rows": 1, "Plan Width": 16, "Actual Startup Time": 3934.372, "Actual Total Time": 8321.26, "Actual Rows": 454183, "Actual Loops": 299838, "Index Cond": "(o_custkey = customer.c_custkey)", "Rows Removed by Index Recheck": 0, "Filter": "((o_orderdate >= '1994-01-01 00:00:00'::timestamp(0) without time zone) AND (o_orderdate < '1995-01-01 00:00:00'::timestamp without time zone))", "Rows Removed by Filter": 2542535}]}, {"Node Type": "Index Scan", "Parent Relationship": "Inner", "Scan Direction": "Forward", "Index Name": "idx_lineitem_orderkey", "Relation Name": "lineitem", "Alias": "lineitem", "Startup Cost": 0.0, "Total Cost": 3.05, "Plan Rows": 9, "Plan Width": 32, "Actual Startup Time": 4344.503, "Actual Total Time": 5332.223, "Actual Rows": 1815222, "Actual Loops": 454183, "Index Cond": "(l_orderkey = orders.o_orderkey)", "Rows Removed by Index Recheck": 0}]}, {"Node Type": "Index Scan", "Parent Relationship": "Inner", "Scan Direction": "Forward", "Index Name": "supplier_pkey", "Relation Name": "supplier", "Alias": "supplier", "Startup Cost": 0.0, "Total Cost": 0.27, "Plan Rows": 1, "Plan Width": 12, "Actual Startup Time": 7160.657, "Actual Total Time": 7763.724, "Actual Rows": 1815222, "Actual Loops": 1815222, "Index Cond": "(s_suppkey = lineitem.l_suppkey)", "Rows Removed by Index Recheck": 0}]}]}]}, "Triggers": [], "Planner Runtime": 2.795, "Total Runtime": 24389.324, "Unique SQL Id": 1392561963}}, "(64, 61)": {"explain_plan": {"Plan": {"Node Type": "Sort", "Startup Cost": 2735319.99, "Total Cost": 2735320.05, "Plan Rows": 25, "Plan Width": 50, "Sort Key": ["(sum((lineitem.l_extendedprice * (1::double precision - lineitem.l_discount)))) DESC"], "Plans": [{"Node Type": "Aggregate", "Strategy": "Hashed", "Parent Relationship": "Outer", "Startup Cost": 2735319.16, "Total Cost": 2735319.41, "Plan Rows": 25, "Plan Width": 50, "Group By Key": ["nation.n_name"], "Plans": [{"Node Type": "Nested Loop", "Parent Relationship": "Outer", "Join Type": "Inner", "Startup Cost": 0.0, "Total Cost": 2735225.26, "Plan Rows": 9390, "Plan Width": 42, "Inner Unique": true, "Join Filter": "(customer.c_nationkey = supplier.s_nationkey)", "Plans": [{"Node Type": "Nested Loop", "Parent Relationship": "Outer", "Join Type": "Inner", "Startup Cost": 0.0, "Total Cost": 1692440.68, "Plan Rows": 3688948, "Plan Width": 58, "Inner Unique": false, "Plans": [{"Node Type": "Nested Loop", "Parent Relationship": "Outer", "Join Type": "Inner", "Startup Cost": 0.0, "Total Cost": 416646.27, "Plan Rows": 406290, "Plan Width": 42, "Inner Unique": false, "Plans": [{"Node Type": "Nested Loop", "Parent Relationship": "Outer", "Join Type": "Inner", "Startup Cost": 0.0, "Total Cost": 41537.47, "Plan Rows": 300000, "Plan Width": 42, "Inner Unique": false, "Plans": [{"Node Type": "Nested Loop", "Parent Relationship": "Outer", "Join Type": "Inner", "Startup Cost": 0.0, "Total Cost": 25.34, "Plan Rows": 5, "Plan Width": 30, "Inner Unique": true, "Join Filter": "(nation.n_regionkey = region.r_regionkey)", "Plans": [{"Node Type": "Index Scan", "Parent Relationship": "Outer", "Scan Direction": "Forward", "Index Name": "nation_pkey", "Relation Name": "nation", "Alias": "nation", "Startup Cost": 0.0, "Total Cost": 12.62, "Plan Rows": 25, "Plan Width": 34}, {"Node Type": "Materialize", "Parent Relationship": "Inner", "Startup Cost": 0.0, "Total Cost": 12.34, "Plan Rows": 1, "Plan Width": 4, "Plans": [{"Node Type": "Index Scan", "Parent Relationship": "Outer", "Scan Direction": "Forward", "Index Name": "region_pkey", "Relation Name": "region", "Alias": "region", "Startup Cost": 0.0, "Total Cost": 12.34, "Plan Rows": 1, "Plan Width": 4, "Filter": "(r_name = 'MIDDLE EAST'::bpchar)"}]}]}, {"Node Type": "Index Scan", "Parent Relationship": "Inner", "Scan Direction": "Forward", "Index Name": "idx_customer_nationkey", "Relation Name": "customer", "Alias": "customer", "Startup Cost": 0.0, "Total Cost": 7702.43, "Plan Rows": 60000, "Plan Width": 12, "Index Cond": "(c_nationkey = nation.n_nationkey)"}]}, {"Node Type": "Index Scan", "Parent Relationship": "Inner", "Scan Direction": "Forward", "Index Name": "idx_orders_custkey", "Relation Name": "orders", "Alias": "orders", "Startup Cost": 0.0, "Total Cost": 1.24, "Plan Rows": 1, "Plan Width": 16, "Index Cond": "(o_custkey = customer.c_custkey)", "Filter": "((o_orderdate >= '1994-01-01 00:00:00'::timestamp(0) without time zone) AND (o_orderdate < '1995-01-01 00:00:00'::timestamp without time zone))"}]}, {"Node Type": "Index Scan", "Parent Relationship": "Inner", "Scan Direction": "Forward", "Index Name": "idx_lineitem_orderkey", "Relation Name": "lineitem", "Alias": "lineitem", "Startup Cost": 0.0, "Total Cost": 3.05, "Plan Rows": 9, "Plan Width": 32, "Index Cond": "(l_orderkey = orders.o_orderkey)"}]}, {"Node Type": "Index Scan", "Parent Relationship": "Inner", "Scan Direction": "Forward", "Index Name": "supplier_pkey", "Relation Name": "supplier", "Alias": "supplier", "Startup Cost": 0.0, "Total Cost": 0.27, "Plan Rows": 1, "Plan Width": 12, "Index Cond": "(s_suppkey = lineitem.l_suppkey)"}]}]}]}, "Unique SQL Id": 1392561963}, "explain_analyze_plan": {"Plan": {"Node Type": "Sort", "Startup Cost": 2735319.99, "Total Cost": 2735320.05, "Plan Rows": 25, "Plan Width": 50, "Actual Startup Time": 24794.077, "Actual Total Time": 24794.079, "Actual Rows": 5, "Actual Loops": 1, "Sort Key": ["(sum((lineitem.l_extendedprice * (1::double precision - lineitem.l_discount)))) DESC"], "Sort Method": "quicksort", "Sort Space Used": 25, "Sort Space Type": "Memory", "Plans": [{"Node Type": "Aggregate", "Strategy": "Hashed", "Parent Relationship": "Outer", "Startup Cost": 2735319.16, "Total Cost": 2735319.41, "Plan Rows": 25, "Plan Width": 50, "Actual Startup Time": 24793.958, "Actual Total Time": 24793.968, "Actual Rows": 5, "Actual Loops": 1, "Group By Key": ["nation.n_name"], "Plans": [{"Node Type": "Nested Loop", "Parent Relationship": "Outer", "Join Type": "Inner", "Startup Cost": 0.0, "Total Cost": 2735225.26, "Plan Rows": 9390, "Plan Width": 42, "Actual Startup Time": 0.223, "Actual Total Time": 24693.893, "Actual Rows": 72985, "Actual Loops": 1, "Inner Unique": true, "Join Filter": "(customer.c_nationkey = supplier.s_nationkey)", "Rows Removed by Join Filter": 1742237, "Plans": [{"Node Type": "Nested Loop", "Parent Relationship": "Outer", "Join Type": "Inner", "Startup Cost": 0.0, "Total Cost": 1692440.68, "Plan Rows": 3688948, "Plan Width": 58, "Actual Startup Time": 0.132, "Actual Total Time": 15414.874, "Actual Rows": 1815222, "Actual Loops": 1, "Inner Unique": false, "Plans": [{"Node Type": "Nested Loop", "Parent Relationship": "Outer", "Join Type": "Inner", "Startup Cost": 0.0, "Total Cost": 416646.27, "Plan Rows": 406290, "Plan Width": 42, "Actual Startup Time": 0.122, "Actual Total Time": 9326.69, "Actual Rows": 454183, "Actual Loops": 1, "Inner Unique": false, "Plans": [{"Node Type": "Nested Loop", "Parent Relationship": "Outer", "Join Type": "Inner", "Startup Cost": 0.0, "Total Cost": 41537.47, "Plan Rows": 300000, "Plan Width": 42, "Actual Startup Time": 0.08, "Actual Total Time": 520.887, "Actual Rows": 299838, "Actual Loops": 1, "Inner Unique": false, "Plans": [{"Node Type": "Nested Loop", "Parent Relationship": "Outer", "Join Type": "Inner", "Startup Cost": 0.0, "Total Cost": 25.34, "Plan Rows": 5, "Plan Width": 30, "Actual Startup Time": 0.051, "Actual Total Time": 0.374, "Actual Rows": 5, "Actual Loops": 1, "Inner Unique": true, "Join Filter": "(nation.n_regionkey = region.r_regionkey)", "Rows Removed by Join Filter": 20, "Plans": [{"Node Type": "Index Scan", "Parent Relationship": "Outer", "Scan Direction": "Forward", "Index Name": "nation_pkey", "Relation Name": "nation", "Alias": "nation", "Startup Cost": 0.0, "Total Cost": 12.62, "Plan Rows": 25, "Plan Width": 34, "Actual Startup Time": 0.021, "Actual Total Time": 0.265, "Actual Rows": 25, "Actual Loops": 1}, {"Node Type": "Materialize", "Parent Relationship": "Inner", "Startup Cost": 0.0, "Total Cost": 12.34, "Plan Rows": 1, "Plan Width": 4, "Actual Startup Time": 0.035, "Actual Total Time": 0.04, "Actual Rows": 25, "Actual Loops": 25, "Plans": [{"Node Type": "Index Scan", "Parent Relationship": "Outer", "Scan Direction": "Forward", "Index Name": "region_pkey", "Relation Name": "region", "Alias": "region", "Startup Cost": 0.0, "Total Cost": 12.34, "Plan Rows": 1, "Plan Width": 4, "Actual Startup Time": 0.014, "Actual Total Time": 0.015, "Actual Rows": 1, "Actual Loops": 1, "Filter": "(r_name = 'MIDDLE EAST'::bpchar)", "Rows Removed by Filter": 4}]}]}, {"Node Type": "Index Scan", "Parent Relationship": "Inner", "Scan Direction": "Forward", "Index Name": "idx_customer_nationkey", "Relation Name": "customer", "Alias": "customer", "Startup Cost": 0.0, "Total Cost": 7702.43, "Plan Rows": 60000, "Plan Width": 12, "Actual Startup Time": 0.207, "Actual Total Time": 431.827, "Actual Rows": 299838, "Actual Loops": 5, "Index Cond": "(c_nationkey = nation.n_nationkey)", "Rows Removed by Index Recheck": 0}]}, {"Node Type": "Index Scan", "Parent Relationship": "Inner", "Scan Direction": "Forward", "Index Name": "idx_orders_custkey", "Relation Name": "orders", "Alias": "orders", "Startup Cost": 0.0, "Total Cost": 1.24, "Plan Rows": 1, "Plan Width": 16, "Actual Startup Time": 4023.206, "Actual Total Time": 8524.861, "Actual Rows": 454183, "Actual Loops": 299838, "Index Cond": "(o_custkey = customer.c_custkey)", "Rows Removed by Index Recheck": 0, "Filter": "((o_orderdate >= '1994-01-01 00:00:00'::timestamp(0) without time zone) AND (o_orderdate < '1995-01-01 00:00:00'::timestamp without time zone))", "Rows Removed by Filter": 2542535}]}, {"Node Type": "Index Scan", "Parent Relationship": "Inner", "Scan Direction": "Forward", "Index Name": "idx_lineitem_orderkey", "Relation Name": "lineitem", "Alias": "lineitem", "Startup Cost": 0.0, "Total Cost": 3.05, "Plan Rows": 9, "Plan Width": 32, "Actual Startup Time": 4400.662, "Actual Total Time": 5394.905, "Actual Rows": 1815222, "Actual Loops": 454183, "Index Cond": "(l_orderkey = orders.o_orderkey)", "Rows Removed by Index Recheck": 0}]}, {"Node Type": "Index Scan", "Parent Relationship": "Inner", "Scan Direction": "Forward", "Index Name": "supplier_pkey", "Relation Name": "supplier", "Alias": "supplier", "Startup Cost": 0.0, "Total Cost": 0.27, "Plan Rows": 1, "Plan Width": 12, "Actual Startup Time": 7247.846, "Actual Total Time": 7853.05, "Actual Rows": 1815222, "Actual Loops": 1815222, "Index Cond": "(s_suppkey = lineitem.l_suppkey)", "Rows Removed by Index Recheck": 0}]}]}]}, "Triggers": [], "Planner Runtime": 2.494, "Total Runtime": 24794.38, "Unique SQL Id": 1392561963}}, "(64, 62)": {"explain_plan": {"Plan": {"Node Type": "Sort", "Startup Cost": 51053787992.55, "Total Cost": 51053787992.61, "Plan Rows": 25, "Plan Width": 50, "Sort Key": ["(sum((lineitem.l_extendedprice * (1::double precision - lineitem.l_discount)))) DESC"], "Plans": [{"Node Type": "Aggregate", "Strategy": "Hashed", "Parent Relationship": "Outer", "Startup Cost": 51053787991.72, "Total Cost": 51053787991.97, "Plan Rows": 25, "Plan Width": 50, "Group By Key": ["nation.n_name"], "Plans": [{"Node Type": "Nested Loop", "Parent Relationship": "Outer", "Join Type": "Inner", "Startup Cost": 440.98, "Total Cost": 51053787897.82, "Plan Rows": 9390, "Plan Width": 42, "Inner Unique": false, "Join Filter": "((orders.o_custkey = customer.c_custkey) AND (supplier.s_nationkey = customer.c_nationkey))", "Plans": [{"Node Type": "Seq Scan", "Parent Relationship": "Outer", "Relation Name": "customer", "Alias": "customer", "Startup Cost": 0.0, "Total Cost": 52126.0, "Plan Rows": 1500000, "Plan Width": 12}, {"Node Type": "Materialize", "Parent Relationship": "Inner", "Startup Cost": 440.98, "Total Cost": 44131637681.06, "Plan Rows": 263699, "Plan Width": 58, "Plans": [{"Node Type": "Nested Loop", "Parent Relationship": "Outer", "Join Type": "Inner", "Startup Cost": 440.98, "Total Cost": 44131636362.57, "Plan Rows": 263699, "Plan Width": 58, "Inner Unique": false, "Join Filter": "(lineitem.l_orderkey = orders.o_orderkey), (LLVM Optimized)", "Plans": [{"Node Type": "Seq Scan", "Parent Relationship": "Outer", "Relation Name": "orders", "Alias": "orders", "Startup Cost": 440.98, "Total Cost": 501411.18, "Plan Rows": 2281758, "Plan Width": 16, "Filter": "((o_orderdate >= '1994-01-01 00:00:00'::timestamp(0) without time zone) AND (o_orderdate < '1995-01-01 00:00:00'::timestamp without time zone)), (LLVM Optimized)"}, {"Node Type": "Materialize", "Parent Relationship": "Inner", "Startup Cost": 0.0, "Total Cost": 17998139668.64, "Plan Rows": 763534, "Plan Width": 58, "Plans": [{"Node Type": "Nested Loop", "Parent Relationship": "Outer", "Join Type": "Inner", "Startup Cost": 0.0, "Total Cost": 17998135850.97, "Plan Rows": 763534, "Plan Width": 58, "Inner Unique": false, "Join Filter": "(supplier.s_suppkey = lineitem.l_suppkey), (LLVM Optimized)", "Plans": [{"Node Type": "Seq Scan", "Parent Relationship": "Outer", "Relation Name": "lineitem", "Alias": "lineitem", "Startup Cost": 0.0, "Total Cost": 2015115.33, "Plan Rows": 59987033, "Plan Width": 32}, {"Node Type": "Materialize", "Parent Relationship": "Inner", "Startup Cost": 0.0, "Total Cost": 10885.64, "Plan Rows": 20000, "Plan Width": 42, "Plans": [{"Node Type": "Nested Loop", "Parent Relationship": "Outer", "Join Type": "Inner", "Startup Cost": 0.0, "Total Cost": 10785.64, "Plan Rows": 20000, "Plan Width": 42, "Inner Unique": false, "Join Filter": "(nation.n_nationkey = supplier.s_nationkey)", "Plans": [{"Node Type": "Seq Scan", "Parent Relationship": "Outer", "Relation Name": "supplier", "Alias": "supplier", "Startup Cost": 0.0, "Total Cost": 3283.0, "Plan Rows": 100000, "Plan Width": 12}, {"Node Type": "Materialize", "Parent Relationship": "Inner", "Startup Cost": 0.0, "Total Cost": 2.65, "Plan Rows": 5, "Plan Width": 30, "Plans": [{"Node Type": "Nested Loop", "Parent Relationship": "Outer", "Join Type": "Inner", "Startup Cost": 0.0, "Total Cost": 2.62, "Plan Rows": 5, "Plan Width": 30, "Inner Unique": false, "Join Filter": "(nation.n_regionkey = region.r_regionkey)", "Plans": [{"Node Type": "Seq Scan", "Parent Relationship": "Outer", "Relation Name": "region", "Alias": "region", "Startup Cost": 0.0, "Total Cost": 1.06, "Plan Rows": 1, "Plan Width": 4, "Filter": "(r_name = 'MIDDLE EAST'::bpchar)"}, {"Node Type": "Seq Scan", "Parent Relationship": "Inner", "Relation Name": "nation", "Alias": "nation", "Startup Cost": 0.0, "Total Cost": 1.25, "Plan Rows": 25, "Plan Width": 34}]}]}]}]}]}]}]}]}]}]}]}, "Unique SQL Id": 1392561963}, "explain_analyze_plan": null}, "(64, 63)": {"explain_plan": {"Plan": {"Node Type": "Sort", "Startup Cost": 6051464595461.66, "Total Cost": 6051464595461.73, "Plan Rows": 25, "Plan Width": 50, "Sort Key": ["(sum((lineitem.l_extendedprice * (1::double precision - lineitem.l_discount)))) DESC"], "Plans": [{"Node Type": "Aggregate", "Strategy": "Hashed", "Parent Relationship": "Outer", "Startup Cost": 6051464595460.83, "Total Cost": 6051464595461.08, "Plan Rows": 25, "Plan Width": 50, "Group By Key": ["nation.n_name"], "Plans": [{"Node Type": "Nested Loop", "Parent Relationship": "Outer", "Join Type": "Inner", "Startup Cost": 60000000000.0, "Total Cost": 6051464595366.93, "Plan Rows": 9390, "Plan Width": 42, "Inner Unique": false, "Join Filter": "((orders.o_custkey = customer.c_custkey) AND (supplier.s_nationkey = customer.c_nationkey))", "Plans": [{"Node Type": "Index Scan", "Parent Relationship": "Outer", "Scan Direction": "Forward", "Index Name": "customer_pkey", "Relation Name": "customer", "Alias": "customer", "Startup Cost": 10000000000.0, "Total Cost": 1000008076535.62, "Plan Rows": 1500000, "Plan Width": 12}, {"Node Type": "Materialize", "Parent Relationship": "Inner", "Startup Cost": 50000000000.0, "Total Cost": 5044534420740.56, "Plan Rows": 263699, "Plan Width": 58, "Plans": [{"Node Type": "Nested Loop", "Parent Relationship": "Outer", "Join Type": "Inner", "Startup Cost": 50000000000.0, "Total Cost": 5044534419422.06, "Plan Rows": 263699, "Plan Width": 58, "Inner Unique": true, "Join Filter": "(lineitem.l_orderkey = orders.o_orderkey), (LLVM Optimized)", "Plans": [{"Node Type": "Nested Loop", "Parent Relationship": "Outer", "Join Type": "Inner", "Startup Cost": 40000000000.0, "Total Cost": 4018320818943.09, "Plan Rows": 763534, "Plan Width": 58, "Inner Unique": false, "Join Filter": "(supplier.s_suppkey = lineitem.l_suppkey), (LLVM Optimized)", "Plans": [{"Node Type": "Nested Loop", "Parent Relationship": "Outer", "Join Type": "Inner", "Startup Cost": 30000000000.0, "Total Cost": 3000000543701.01, "Plan Rows": 20000, "Plan Width": 42, "Inner Unique": false, "Join Filter": "(nation.n_nationkey = supplier.s_nationkey)", "Plans": [{"Node Type": "Nested Loop", "Parent Relationship": "Outer", "Join Type": "Inner", "Startup Cost": 20000000000.0, "Total Cost": 2000000002496.63, "Plan Rows": 5, "Plan Width": 30, "Inner Unique": true, "Join Filter": "(nation.n_regionkey = region.r_regionkey)", "Plans": [{"Node Type": "Index Scan", "Parent Relationship": "Outer", "Scan Direction": "Forward", "Index Name": "nation_pkey", "Relation Name": "nation", "Alias": "nation", "Startup Cost": 10000000000.0, "Total Cost": 1000000001262.5, "Plan Rows": 25, "Plan Width": 34}, {"Node Type": "Materialize", "Parent Relationship": "Inner", "Startup Cost": 10000000000.0, "Total Cost": 1000000001233.76, "Plan Rows": 1, "Plan Width": 4, "Plans": [{"Node Type": "Index Scan", "Parent Relationship": "Outer", "Scan Direction": "Forward", "Index Name": "region_pkey", "Relation Name": "region", "Alias": "region", "Startup Cost": 10000000000.0, "Total Cost": 1000000001233.75, "Plan Rows": 1, "Plan Width": 4, "Filter": "(r_name = 'MIDDLE EAST'::bpchar)"}]}]}, {"Node Type": "Materialize", "Parent Relationship": "Inner", "Startup Cost": 10000000000.0, "Total Cost": 1000000533954.38, "Plan Rows": 100000, "Plan Width": 12, "Plans": [{"Node Type": "Index Scan", "Parent Relationship": "Outer", "Scan Direction": "Forward", "Index Name": "supplier_pkey", "Relation Name": "supplier", "Alias": "supplier", "Startup Cost": 10000000000.0, "Total Cost": 1000000533454.38, "Plan Rows": 100000, "Plan Width": 12}]}]}, {"Node Type": "Materialize", "Parent Relationship": "Inner", "Startup Cost": 10000000000.0, "Total Cost": 1000324315309.67, "Plan Rows": 59987033, "Plan Width": 32, "Plans": [{"Node Type": "Index Scan", "Parent Relationship": "Outer", "Scan Direction": "Forward", "Index Name": "idx_lineitem_orderkey", "Relation Name": "lineitem", "Alias": "lineitem", "Startup Cost": 10000000000.0, "Total Cost": 1000324015374.5, "Plan Rows": 59987033, "Plan Width": 32}]}]}, {"Node Type": "Materialize", "Parent Relationship": "Inner", "Startup Cost": 10000000000.0, "Total Cost": 1000080608991.79, "Plan Rows": 2281758, "Plan Width": 16, "Plans": [{"Node Type": "Index Scan", "Parent Relationship": "Outer", "Scan Direction": "Forward", "Index Name": "orders_pkey", "Relation Name": "orders", "Alias": "orders", "Startup Cost": 10000000000.0, "Total Cost": 1000080597583.0, "Plan Rows": 2281758, "Plan Width": 16, "Filter": "((o_orderdate >= '1994-01-01 00:00:00'::timestamp(0) without time zone) AND (o_orderdate < '1995-01-01 00:00:00'::timestamp without time zone)), (LLVM Optimized)"}]}]}]}]}]}]}, "Unique SQL Id": 1392561963}, "explain_analyze_plan": null}, "(64, 64)": {"explain_plan": {"Plan": {"Node Type": "Sort", "Startup Cost": 1720736.05, "Total Cost": 1720736.11, "Plan Rows": 25, "Plan Width": 50, "Sort Key": ["(sum((lineitem.l_extendedprice * (1::double precision - lineitem.l_discount)))) DESC"], "Plans": [{"Node Type": "Aggregate", "Strategy": "Hashed", "Parent Relationship": "Outer", "Startup Cost": 1720735.22, "Total Cost": 1720735.47, "Plan Rows": 25, "Plan Width": 50, "Group By Key": ["nation.n_name"], "Plans": [{"Node Type": "Hash Join", "Parent Relationship": "Outer", "Join Type": "Inner", "Startup Cost": 5813.37, "Total Cost": 1720641.32, "Plan Rows": 9390, "Plan Width": 42, "Inner Unique": true, "Hash Cond": "((lineitem.l_suppkey = supplier.s_suppkey) AND (customer.c_nationkey = supplier.s_nationkey))", "Plans": [{"Node Type": "Nested Loop", "Parent Relationship": "Outer", "Join Type": "Inner", "Startup Cost": 1030.37, "Total Cost": 1688097.31, "Plan Rows": 3688948, "Plan Width": 58, "Inner Unique": false, "Plans": [{"Node Type": "Nested Loop", "Parent Relationship": "Outer", "Join Type": "Inner", "Startup Cost": 1030.37, "Total Cost": 412302.9, "Plan Rows": 406290, "Plan Width": 42, "Inner Unique": false, "Plans": [{"Node Type": "Nested Loop", "Parent Relationship": "Outer", "Join Type": "Inner", "Startup Cost": 1030.37, "Total Cost": 37194.1, "Plan Rows": 300000, "Plan Width": 42, "Inner Unique": false, "Plans": [{"Node Type": "Nested Loop", "Parent Relationship": "Outer", "Join Type": "Inner", "Startup Cost": 0.0, "Total Cost": 31.69, "Plan Rows": 5, "Plan Width": 30, "Inner Unique": true, "Plans": [{"Node Type": "Index Scan", "Parent Relationship": "Outer", "Scan Direction": "Forward", "Index Name": "nation_pkey", "Relation Name": "nation", "Alias": "nation", "Startup Cost": 0.0, "Total Cost": 12.62, "Plan Rows": 25, "Plan Width": 34}, {"Node Type": "Index Scan", "Parent Relationship": "Inner", "Scan Direction": "Forward", "Index Name": "region_pkey", "Relation Name": "region", "Alias": "region", "Startup Cost": 0.0, "Total Cost": 0.75, "Plan Rows": 1, "Plan Width": 4, "Index Cond": "(r_regionkey = nation.n_regionkey)", "Filter": "(r_name = 'MIDDLE EAST'::bpchar)"}]}, {"Node Type": "Bitmap Heap Scan", "Parent Relationship": "Inner", "Relation Name": "customer", "Alias": "customer", "Startup Cost": 1030.37, "Total Cost": 6832.48, "Plan Rows": 60000, "Plan Width": 12, "Recheck Cond": "(c_nationkey = nation.n_nationkey)", "Plans": [{"Node Type": "Bitmap Index Scan", "Parent Relationship": "Outer", "Index Name": "idx_customer_nationkey", "Startup Cost": 0.0, "Total Cost": 1015.37, "Plan Rows": 60000, "Plan Width": 0, "Index Cond": "(c_nationkey = nation.n_nationkey)"}]}]}, {"Node Type": "Index Scan", "Parent Relationship": "Inner", "Scan Direction": "Forward", "Index Name": "idx_orders_custkey", "Relation Name": "orders", "Alias": "orders", "Startup Cost": 0.0, "Total Cost": 1.24, "Plan Rows": 1, "Plan Width": 16, "Index Cond": "(o_custkey = customer.c_custkey)", "Filter": "((o_orderdate >= '1994-01-01 00:00:00'::timestamp(0) without time zone) AND (o_orderdate < '1995-01-01 00:00:00'::timestamp without time zone))"}]}, {"Node Type": "Index Scan", "Parent Relationship": "Inner", "Scan Direction": "Forward", "Index Name": "idx_lineitem_orderkey", "Relation Name": "lineitem", "Alias": "lineitem", "Startup Cost": 0.0, "Total Cost": 3.05, "Plan Rows": 9, "Plan Width": 32, "Index Cond": "(l_orderkey = orders.o_orderkey)"}]}, {"Node Type": "Hash", "Parent Relationship": "Inner", "Startup Cost": 3283.0, "Total Cost": 3283.0, "Plan Rows": 100000, "Plan Width": 12, "Plans": [{"Node Type": "Seq Scan", "Parent Relationship": "Outer", "Relation Name": "supplier", "Alias": "supplier", "Startup Cost": 0.0, "Total Cost": 3283.0, "Plan Rows": 100000, "Plan Width": 12}]}]}]}]}, "Unique SQL Id": 1392561963}, "explain_analyze_plan": {"Plan": {"Node Type": "Sort", "Startup Cost": 1720736.05, "Total Cost": 1720736.11, "Plan Rows": 25, "Plan Width": 50, "Actual Startup Time": 17035.374, "Actual Total Time": 17035.375, "Actual Rows": 5, "Actual Loops": 1, "Sort Key": ["(sum((lineitem.l_extendedprice * (1::double precision - lineitem.l_discount)))) DESC"], "Sort Method": "quicksort", "Sort Space Used": 25, "Sort Space Type": "Memory", "Plans": [{"Node Type": "Aggregate", "Strategy": "Hashed", "Parent Relationship": "Outer", "Startup Cost": 1720735.22, "Total Cost": 1720735.47, "Plan Rows": 25, "Plan Width": 50, "Actual Startup Time": 17035.341, "Actual Total Time": 17035.342, "Actual Rows": 5, "Actual Loops": 1, "Group By Key": ["nation.n_name"], "Plans": [{"Node Type": "Hash Join", "Parent Relationship": "Outer", "Join Type": "Inner", "Startup Cost": 5813.37, "Total Cost": 1720641.32, "Plan Rows": 9390, "Plan Width": 42, "Actual Startup Time": 84.367, "Actual Total Time": 16954.023, "Actual Rows": 72985, "Actual Loops": 1, "Inner Unique": true, "Hash Cond": "((lineitem.l_suppkey = supplier.s_suppkey) AND (customer.c_nationkey = supplier.s_nationkey))", "Plans": [{"Node Type": "Nested Loop", "Parent Relationship": "Outer", "Join Type": "Inner", "Startup Cost": 1030.37, "Total Cost": 1688097.31, "Plan Rows": 3688948, "Plan Width": 58, "Actual Startup Time": 17.871, "Actual Total Time": 16025.164, "Actual Rows": 1815222, "Actual Loops": 1, "Inner Unique": false, "Plans": [{"Node Type": "Nested Loop", "Parent Relationship": "Outer", "Join Type": "Inner", "Startup Cost": 1030.37, "Total Cost": 412302.9, "Plan Rows": 406290, "Plan Width": 42, "Actual Startup Time": 17.853, "Actual Total Time": 10051.126, "Actual Rows": 454183, "Actual Loops": 1, "Inner Unique": false, "Plans": [{"Node Type": "Nested Loop", "Parent Relationship": "Outer", "Join Type": "Inner", "Startup Cost": 1030.37, "Total Cost": 37194.1, "Plan Rows": 300000, "Plan Width": 42, "Actual Startup Time": 17.786, "Actual Total Time": 698.074, "Actual Rows": 299838, "Actual Loops": 1, "Inner Unique": false, "Plans": [{"Node Type": "Nested Loop", "Parent Relationship": "Outer", "Join Type": "Inner", "Startup Cost": 0.0, "Total Cost": 31.69, "Plan Rows": 5, "Plan Width": 30, "Actual Startup Time": 0.049, "Actual Total Time": 0.219, "Actual Rows": 5, "Actual Loops": 1, "Inner Unique": true, "Plans": [{"Node Type": "Index Scan", "Parent Relationship": "Outer", "Scan Direction": "Forward", "Index Name": "nation_pkey", "Relation Name": "nation", "Alias": "nation", "Startup Cost": 0.0, "Total Cost": 12.62, "Plan Rows": 25, "Plan Width": 34, "Actual Startup Time": 0.016, "Actual Total Time": 0.059, "Actual Rows": 25, "Actual Loops": 1}, {"Node Type": "Index Scan", "Parent Relationship": "Inner", "Scan Direction": "Forward", "Index Name": "region_pkey", "Relation Name": "region", "Alias": "region", "Startup Cost": 0.0, "Total Cost": 0.75, "Plan Rows": 1, "Plan Width": 4, "Actual Startup Time": 0.107, "Actual Total Time": 0.107, "Actual Rows": 5, "Actual Loops": 25, "Index Cond": "(r_regionkey = nation.n_regionkey)", "Rows Removed by Index Recheck": 0, "Filter": "(r_name = 'MIDDLE EAST'::bpchar)", "Rows Removed by Filter": 20}]}, {"Node Type": "Bitmap Heap Scan", "Parent Relationship": "Inner", "Relation Name": "customer", "Alias": "customer", "Startup Cost": 1030.37, "Total Cost": 6832.48, "Plan Rows": 60000, "Plan Width": 12, "Actual Startup Time": 92.458, "Actual Total Time": 624.446, "Actual Rows": 299838, "Actual Loops": 5, "Recheck Cond": "(c_nationkey = nation.n_nationkey)", "Rows Removed by Index Recheck": 0, "Exact Heap Blocks": 150033, "Lossy Heap Blocks": 150033, "Plans": [{"Node Type": "Bitmap Index Scan", "Parent Relationship": "Outer", "Index Name": "idx_customer_nationkey", "Startup Cost": 0.0, "Total Cost": 1015.37, "Plan Rows": 60000, "Plan Width": 0, "Actual Startup Time": 58.871, "Actual Total Time": 58.871, "Actual Rows": 299838, "Actual Loops": 5, "Index Cond": "(c_nationkey = nation.n_nationkey)"}]}]}, {"Node Type": "Index Scan", "Parent Relationship": "Inner", "Scan Direction": "Forward", "Index Name": "idx_orders_custkey", "Relation Name": "orders", "Alias": "orders", "Startup Cost": 0.0, "Total Cost": 1.24, "Plan Rows": 1, "Plan Width": 16, "Actual Startup Time": 4294.586, "Actual Total Time": 9092.2, "Actual Rows": 454183, "Actual Loops": 299838, "Index Cond": "(o_custkey = customer.c_custkey)", "Rows Removed by Index Recheck": 0, "Filter": "((o_orderdate >= '1994-01-01 00:00:00'::timestamp(0) without time zone) AND (o_orderdate < '1995-01-01 00:00:00'::timestamp without time zone))", "Rows Removed by Filter": 2542535}]}, {"Node Type": "Index Scan", "Parent Relationship": "Inner", "Scan Direction": "Forward", "Index Name": "idx_lineitem_orderkey", "Relation Name": "lineitem", "Alias": "lineitem", "Startup Cost": 0.0, "Total Cost": 3.05, "Plan Rows": 9, "Plan Width": 32, "Actual Startup Time": 4388.906, "Actual Total Time": 5330.022, "Actual Rows": 1815222, "Actual Loops": 454183, "Index Cond": "(l_orderkey = orders.o_orderkey)", "Rows Removed by Index Recheck": 0}]}, {"Node Type": "Hash", "Parent Relationship": "Inner", "Startup Cost": 3283.0, "Total Cost": 3283.0, "Plan Rows": 100000, "Plan Width": 12, "Actual Startup Time": 66.265, "Actual Total Time": 66.265, "Actual Rows": 100000, "Actual Loops": 1, "Hash Buckets": 131072, "Hash Batches": 1, "Original Hash Batches": 1, "Peak Memory Usage": 4297, "Plans": [{"Node Type": "Seq Scan", "Parent Relationship": "Outer", "Relation Name": "supplier", "Alias": "supplier", "Startup Cost": 0.0, "Total Cost": 3283.0, "Plan Rows": 100000, "Plan Width": 12, "Actual Startup Time": 0.029, "Actual Total Time": 35.539, "Actual Rows": 100000, "Actual Loops": 1}]}]}]}]}, "Triggers": [], "Planner Runtime": 9.785, "Total Runtime": 17035.784, "Unique SQL Id": 1392561963}}, "(64, 65)": {"explain_plan": {"Plan": {"Node Type": "Sort", "Startup Cost": 1722800.67, "Total Cost": 1722800.73, "Plan Rows": 25, "Plan Width": 50, "Sort Key": ["(sum((lineitem.l_extendedprice * (1::double precision - lineitem.l_discount)))) DESC"], "Plans": [{"Node Type": "Aggregate", "Strategy": "Hashed", "Parent Relationship": "Outer", "Startup Cost": 1722799.84, "Total Cost": 1722800.09, "Plan Rows": 25, "Plan Width": 50, "Group By Key": ["nation.n_name"], "Plans": [{"Node Type": "Hash Join", "Parent Relationship": "Outer", "Join Type": "Inner", "Startup Cost": 7864.91, "Total Cost": 1722705.94, "Plan Rows": 9390, "Plan Width": 42, "Inner Unique": true, "Hash Cond": "((lineitem.l_suppkey = supplier.s_suppkey) AND (customer.c_nationkey = supplier.s_nationkey))", "Plans": [{"Node Type": "Nested Loop", "Parent Relationship": "Outer", "Join Type": "Inner", "Startup Cost": 1030.37, "Total Cost": 1688097.31, "Plan Rows": 3688948, "Plan Width": 58, "Inner Unique": false, "Plans": [{"Node Type": "Nested Loop", "Parent Relationship": "Outer", "Join Type": "Inner", "Startup Cost": 1030.37, "Total Cost": 412302.9, "Plan Rows": 406290, "Plan Width": 42, "Inner Unique": false, "Plans": [{"Node Type": "Nested Loop", "Parent Relationship": "Outer", "Join Type": "Inner", "Startup Cost": 1030.37, "Total Cost": 37194.1, "Plan Rows": 300000, "Plan Width": 42, "Inner Unique": false, "Plans": [{"Node Type": "Nested Loop", "Parent Relationship": "Outer", "Join Type": "Inner", "Startup Cost": 0.0, "Total Cost": 31.69, "Plan Rows": 5, "Plan Width": 30, "Inner Unique": true, "Plans": [{"Node Type": "Index Scan", "Parent Relationship": "Outer", "Scan Direction": "Forward", "Index Name": "nation_pkey", "Relation Name": "nation", "Alias": "nation", "Startup Cost": 0.0, "Total Cost": 12.62, "Plan Rows": 25, "Plan Width": 34}, {"Node Type": "Index Scan", "Parent Relationship": "Inner", "Scan Direction": "Forward", "Index Name": "region_pkey", "Relation Name": "region", "Alias": "region", "Startup Cost": 0.0, "Total Cost": 0.75, "Plan Rows": 1, "Plan Width": 4, "Index Cond": "(r_regionkey = nation.n_regionkey)", "Filter": "(r_name = 'MIDDLE EAST'::bpchar)"}]}, {"Node Type": "Bitmap Heap Scan", "Parent Relationship": "Inner", "Relation Name": "customer", "Alias": "customer", "Startup Cost": 1030.37, "Total Cost": 6832.48, "Plan Rows": 60000, "Plan Width": 12, "Recheck Cond": "(c_nationkey = nation.n_nationkey)", "Plans": [{"Node Type": "Bitmap Index Scan", "Parent Relationship": "Outer", "Index Name": "idx_customer_nationkey", "Startup Cost": 0.0, "Total Cost": 1015.37, "Plan Rows": 60000, "Plan Width": 0, "Index Cond": "(c_nationkey = nation.n_nationkey)"}]}]}, {"Node Type": "Index Scan", "Parent Relationship": "Inner", "Scan Direction": "Forward", "Index Name": "idx_orders_custkey", "Relation Name": "orders", "Alias": "orders", "Startup Cost": 0.0, "Total Cost": 1.24, "Plan Rows": 1, "Plan Width": 16, "Index Cond": "(o_custkey = customer.c_custkey)", "Filter": "((o_orderdate >= '1994-01-01 00:00:00'::timestamp(0) without time zone) AND (o_orderdate < '1995-01-01 00:00:00'::timestamp without time zone))"}]}, {"Node Type": "Index Scan", "Parent Relationship": "Inner", "Scan Direction": "Forward", "Index Name": "idx_lineitem_orderkey", "Relation Name": "lineitem", "Alias": "lineitem", "Startup Cost": 0.0, "Total Cost": 3.05, "Plan Rows": 9, "Plan Width": 32, "Index Cond": "(l_orderkey = orders.o_orderkey)"}]}, {"Node Type": "Hash", "Parent Relationship": "Inner", "Startup Cost": 5334.54, "Total Cost": 5334.54, "Plan Rows": 100000, "Plan Width": 12, "Plans": [{"Node Type": "Index Scan", "Parent Relationship": "Outer", "Scan Direction": "Forward", "Index Name": "supplier_pkey", "Relation Name": "supplier", "Alias": "supplier", "Startup Cost": 0.0, "Total Cost": 5334.54, "Plan Rows": 100000, "Plan Width": 12}]}]}]}]}, "Unique SQL Id": 1392561963}, "explain_analyze_plan": {"Plan": {"Node Type": "Sort", "Startup Cost": 1722800.67, "Total Cost": 1722800.73, "Plan Rows": 25, "Plan Width": 50, "Actual Startup Time": 15424.146, "Actual Total Time": 15424.147, "Actual Rows": 5, "Actual Loops": 1, "Sort Key": ["(sum((lineitem.l_extendedprice * (1::double precision - lineitem.l_discount)))) DESC"], "Sort Method": "quicksort", "Sort Space Used": 25, "Sort Space Type": "Memory", "Plans": [{"Node Type": "Aggregate", "Strategy": "Hashed", "Parent Relationship": "Outer", "Startup Cost": 1722799.84, "Total Cost": 1722800.09, "Plan Rows": 25, "Plan Width": 50, "Actual Startup Time": 15424.116, "Actual Total Time": 15424.117, "Actual Rows": 5, "Actual Loops": 1, "Group By Key": ["nation.n_name"], "Plans": [{"Node Type": "Hash Join", "Parent Relationship": "Outer", "Join Type": "Inner", "Startup Cost": 7864.91, "Total Cost": 1722705.94, "Plan Rows": 9390, "Plan Width": 42, "Actual Startup Time": 112.223, "Actual Total Time": 15340.949, "Actual Rows": 72985, "Actual Loops": 1, "Inner Unique": true, "Hash Cond": "((lineitem.l_suppkey = supplier.s_suppkey) AND (customer.c_nationkey = supplier.s_nationkey))", "Plans": [{"Node Type": "Nested Loop", "Parent Relationship": "Outer", "Join Type": "Inner", "Startup Cost": 1030.37, "Total Cost": 1688097.31, "Plan Rows": 3688948, "Plan Width": 58, "Actual Startup Time": 19.071, "Actual Total Time": 14479.4, "Actual Rows": 1815222, "Actual Loops": 1, "Inner Unique": false, "Plans": [{"Node Type": "Nested Loop", "Parent Relationship": "Outer", "Join Type": "Inner", "Startup Cost": 1030.37, "Total Cost": 412302.9, "Plan Rows": 406290, "Plan Width": 42, "Actual Startup Time": 19.038, "Actual Total Time": 8731.504, "Actual Rows": 454183, "Actual Loops": 1, "Inner Unique": false, "Plans": [{"Node Type": "Nested Loop", "Parent Relationship": "Outer", "Join Type": "Inner", "Startup Cost": 1030.37, "Total Cost": 37194.1, "Plan Rows": 300000, "Plan Width": 42, "Actual Startup Time": 18.913, "Actual Total Time": 612.143, "Actual Rows": 299838, "Actual Loops": 1, "Inner Unique": false, "Plans": [{"Node Type": "Nested Loop", "Parent Relationship": "Outer", "Join Type": "Inner", "Startup Cost": 0.0, "Total Cost": 31.69, "Plan Rows": 5, "Plan Width": 30, "Actual Startup Time": 0.041, "Actual Total Time": 0.198, "Actual Rows": 5, "Actual Loops": 1, "Inner Unique": true, "Plans": [{"Node Type": "Index Scan", "Parent Relationship": "Outer", "Scan Direction": "Forward", "Index Name": "nation_pkey", "Relation Name": "nation", "Alias": "nation", "Startup Cost": 0.0, "Total Cost": 12.62, "Plan Rows": 25, "Plan Width": 34, "Actual Startup Time": 0.012, "Actual Total Time": 0.05, "Actual Rows": 25, "Actual Loops": 1}, {"Node Type": "Index Scan", "Parent Relationship": "Inner", "Scan Direction": "Forward", "Index Name": "region_pkey", "Relation Name": "region", "Alias": "region", "Startup Cost": 0.0, "Total Cost": 0.75, "Plan Rows": 1, "Plan Width": 4, "Actual Startup Time": 0.097, "Actual Total Time": 0.097, "Actual Rows": 5, "Actual Loops": 25, "Index Cond": "(r_regionkey = nation.n_regionkey)", "Rows Removed by Index Recheck": 0, "Filter": "(r_name = 'MIDDLE EAST'::bpchar)", "Rows Removed by Filter": 20}]}, {"Node Type": "Bitmap Heap Scan", "Parent Relationship": "Inner", "Relation Name": "customer", "Alias": "customer", "Startup Cost": 1030.37, "Total Cost": 6832.48, "Plan Rows": 60000, "Plan Width": 12, "Actual Startup Time": 91.837, "Actual Total Time": 536.533, "Actual Rows": 299838, "Actual Loops": 5, "Recheck Cond": "(c_nationkey = nation.n_nationkey)", "Rows Removed by Index Recheck": 0, "Exact Heap Blocks": 150033, "Lossy Heap Blocks": 150033, "Plans": [{"Node Type": "Bitmap Index Scan", "Parent Relationship": "Outer", "Index Name": "idx_customer_nationkey", "Startup Cost": 0.0, "Total Cost": 1015.37, "Plan Rows": 60000, "Plan Width": 0, "Actual Startup Time": 58.371, "Actual Total Time": 58.371, "Actual Rows": 299838, "Actual Loops": 5, "Index Cond": "(c_nationkey = nation.n_nationkey)"}]}]}, {"Node Type": "Index Scan", "Parent Relationship": "Inner", "Scan Direction": "Forward", "Index Name": "idx_orders_custkey", "Relation Name": "orders", "Alias": "orders", "Startup Cost": 0.0, "Total Cost": 1.24, "Plan Rows": 1, "Plan Width": 16, "Actual Startup Time": 3722.08, "Actual Total Time": 7860.535, "Actual Rows": 454183, "Actual Loops": 299838, "Index Cond": "(o_custkey = customer.c_custkey)", "Rows Removed by Index Recheck": 0, "Filter": "((o_orderdate >= '1994-01-01 00:00:00'::timestamp(0) without time zone) AND (o_orderdate < '1995-01-01 00:00:00'::timestamp without time zone))", "Rows Removed by Filter": 2542535}]}, {"Node Type": "Index Scan", "Parent Relationship": "Inner", "Scan Direction": "Forward", "Index Name": "idx_lineitem_orderkey", "Relation Name": "lineitem", "Alias": "lineitem", "Startup Cost": 0.0, "Total Cost": 3.05, "Plan Rows": 9, "Plan Width": 32, "Actual Startup Time": 4110.174, "Actual Total Time": 5104.164, "Actual Rows": 1815222, "Actual Loops": 454183, "Index Cond": "(l_orderkey = orders.o_orderkey)", "Rows Removed by Index Recheck": 0}]}, {"Node Type": "Hash", "Parent Relationship": "Inner", "Startup Cost": 5334.54, "Total Cost": 5334.54, "Plan Rows": 100000, "Plan Width": 12, "Actual Startup Time": 92.81, "Actual Total Time": 92.81, "Actual Rows": 100000, "Actual Loops": 1, "Hash Buckets": 131072, "Hash Batches": 1, "Original Hash Batches": 1, "Peak Memory Usage": 4297, "Plans": [{"Node Type": "Index Scan", "Parent Relationship": "Outer", "Scan Direction": "Forward", "Index Name": "supplier_pkey", "Relation Name": "supplier", "Alias": "supplier", "Startup Cost": 0.0, "Total Cost": 5334.54, "Plan Rows": 100000, "Plan Width": 12, "Actual Startup Time": 0.041, "Actual Total Time": 60.275, "Actual Rows": 100000, "Actual Loops": 1}]}]}]}]}, "Triggers": [], "Planner Runtime": 9.422, "Total Runtime": 15424.587, "Unique SQL Id": 1392561963}}, "(64, 66)": {"explain_plan": {"Plan": {"Node Type": "Sort", "Startup Cost": 2457247.05, "Total Cost": 2457247.11, "Plan Rows": 25, "Plan Width": 50, "Sort Key": ["(sum((lineitem.l_extendedprice * (1::double precision - lineitem.l_discount)))) DESC"], "Plans": [{"Node Type": "Aggregate", "Strategy": "Hashed", "Parent Relationship": "Outer", "Startup Cost": 2457246.22, "Total Cost": 2457246.47, "Plan Rows": 25, "Plan Width": 50, "Group By Key": ["nation.n_name"], "Plans": [{"Node Type": "Hash Join", "Parent Relationship": "Outer", "Join Type": "Inner", "Startup Cost": 104058.84, "Total Cost": 2457152.32, "Plan Rows": 9390, "Plan Width": 42, "Inner Unique": true, "Hash Cond": "((lineitem.l_suppkey = supplier.s_suppkey) AND (customer.c_nationkey = supplier.s_nationkey))", "Plans": [{"Node Type": "Nested Loop", "Parent Relationship": "Outer", "Join Type": "Inner", "Startup Cost": 99275.84, "Total Cost": 2424608.31, "Plan Rows": 3688948, "Plan Width": 58, "Inner Unique": false, "Plans": [{"Node Type": "Hash Join", "Parent Relationship": "Outer", "Join Type": "Inner", "Startup Cost": 99275.12, "Total Cost": 422539.98, "Plan Rows": 406290, "Plan Width": 42, "Inner Unique": false, "Hash Cond": "(orders.o_custkey = customer.c_custkey), (LLVM Optimized)", "Plans": [{"Node Type": "Bitmap Heap Scan", "Parent Relationship": "Outer", "Relation Name": "orders", "Alias": "orders", "Startup Cost": 58360.27, "Total Cost": 369005.64, "Plan Rows": 2281758, "Plan Width": 16, "Recheck Cond": "((o_orderdate >= '1994-01-01 00:00:00'::timestamp(0) without time zone) AND (o_orderdate < '1995-01-01 00:00:00'::timestamp without time zone)), (LLVM Optimized)", "Plans": [{"Node Type": "Bitmap Index Scan", "Parent Relationship": "Outer", "Index Name": "idx_orders_orderdate", "Startup Cost": 0.0, "Total Cost": 57789.83, "Plan Rows": 2281758, "Plan Width": 0, "Index Cond": "((o_orderdate >= '1994-01-01 00:00:00'::timestamp(0) without time zone) AND (o_orderdate < '1995-01-01 00:00:00'::timestamp without time zone))"}]}, {"Node Type": "Hash", "Parent Relationship": "Inner", "Startup Cost": 37164.85, "Total Cost": 37164.85, "Plan Rows": 300000, "Plan Width": 42, "Plans": [{"Node Type": "Nested Loop", "Parent Relationship": "Outer", "Join Type": "Inner", "Startup Cost": 1031.44, "Total Cost": 37164.85, "Plan Rows": 300000, "Plan Width": 42, "Inner Unique": false, "Plans": [{"Node Type": "Hash Join", "Parent Relationship": "Outer", "Join Type": "Inner", "Startup Cost": 1.07, "Total Cost": 2.44, "Plan Rows": 5, "Plan Width": 30, "Inner Unique": true, "Hash Cond": "(nation.n_regionkey = region.r_regionkey)", "Plans": [{"Node Type": "Seq Scan", "Parent Relationship": "Outer", "Relation Name": "nation", "Alias": "nation", "Startup Cost": 0.0, "Total Cost": 1.25, "Plan Rows": 25, "Plan Width": 34}, {"Node Type": "Hash", "Parent Relationship": "Inner", "Startup Cost": 1.06, "Total Cost": 1.06, "Plan Rows": 1, "Plan Width": 4, "Plans": [{"Node Type": "Seq Scan", "Parent Relationship": "Outer", "Relation Name": "region", "Alias": "region", "Startup Cost": 0.0, "Total Cost": 1.06, "Plan Rows": 1, "Plan Width": 4, "Filter": "(r_name = 'MIDDLE EAST'::bpchar)"}]}]}, {"Node Type": "Bitmap Heap Scan", "Parent Relationship": "Inner", "Relation Name": "customer", "Alias": "customer", "Startup Cost": 1030.37, "Total Cost": 6832.48, "Plan Rows": 60000, "Plan Width": 12, "Recheck Cond": "(c_nationkey = nation.n_nationkey)", "Plans": [{"Node Type": "Bitmap Index Scan", "Parent Relationship": "Outer", "Index Name": "idx_customer_nationkey", "Startup Cost": 0.0, "Total Cost": 1015.37, "Plan Rows": 60000, "Plan Width": 0, "Index Cond": "(c_nationkey = nation.n_nationkey)"}]}]}]}]}, {"Node Type": "Bitmap Heap Scan", "Parent Relationship": "Inner", "Relation Name": "lineitem", "Alias": "lineitem", "Startup Cost": 0.73, "Total Cost": 4.84, "Plan Rows": 9, "Plan Width": 32, "Recheck Cond": "(l_orderkey = orders.o_orderkey)", "Plans": [{"Node Type": "Bitmap Index Scan", "Parent Relationship": "Outer", "Index Name": "idx_lineitem_orderkey", "Startup Cost": 0.0, "Total Cost": 0.72, "Plan Rows": 9, "Plan Width": 0, "Index Cond": "(l_orderkey = orders.o_orderkey)"}]}]}, {"Node Type": "Hash", "Parent Relationship": "Inner", "Startup Cost": 3283.0, "Total Cost": 3283.0, "Plan Rows": 100000, "Plan Width": 12, "Plans": [{"Node Type": "Seq Scan", "Parent Relationship": "Outer", "Relation Name": "supplier", "Alias": "supplier", "Startup Cost": 0.0, "Total Cost": 3283.0, "Plan Rows": 100000, "Plan Width": 12}]}]}]}]}, "Unique SQL Id": 1392561963}, "explain_analyze_plan": {"Plan": {"Node Type": "Sort", "Startup Cost": 2457247.05, "Total Cost": 2457247.11, "Plan Rows": 25, "Plan Width": 50, "Actual Startup Time": 9892.981, "Actual Total Time": 9892.982, "Actual Rows": 5, "Actual Loops": 1, "Sort Key": ["(sum((lineitem.l_extendedprice * (1::double precision - lineitem.l_discount)))) DESC"], "Sort Method": "quicksort", "Sort Space Used": 25, "Sort Space Type": "Memory", "Plans": [{"Node Type": "Aggregate", "Strategy": "Hashed", "Parent Relationship": "Outer", "Startup Cost": 2457246.22, "Total Cost": 2457246.47, "Plan Rows": 25, "Plan Width": 50, "Actual Startup Time": 9892.948, "Actual Total Time": 9892.949, "Actual Rows": 5, "Actual Loops": 1, "Group By Key": ["nation.n_name"], "Plans": [{"Node Type": "Hash Join", "Parent Relationship": "Outer", "Join Type": "Inner", "Startup Cost": 104058.84, "Total Cost": 2457152.32, "Plan Rows": 9390, "Plan Width": 42, "Actual Startup Time": 1460.536, "Actual Total Time": 9816.959, "Actual Rows": 72985, "Actual Loops": 1, "Inner Unique": true, "Hash Cond": "((lineitem.l_suppkey = supplier.s_suppkey) AND (customer.c_nationkey = supplier.s_nationkey))", "Plans": [{"Node Type": "Nested Loop", "Parent Relationship": "Outer", "Join Type": "Inner", "Startup Cost": 99275.84, "Total Cost": 2424608.31, "Plan Rows": 3688948, "Plan Width": 58, "Actual Startup Time": 1393.628, "Actual Total Time": 9046.788, "Actual Rows": 1815222, "Actual Loops": 1, "Inner Unique": false, "Plans": [{"Node Type": "Hash Join", "Parent Relationship": "Outer", "Join Type": "Inner", "Startup Cost": 99275.12, "Total Cost": 422539.98, "Plan Rows": 406290, "Plan Width": 42, "Actual Startup Time": 1393.568, "Actual Total Time": 4081.354, "Actual Rows": 454183, "Actual Loops": 1, "Inner Unique": false, "Hash Cond": "(orders.o_custkey = customer.c_custkey), (LLVM Optimized, Jit Execute)", "Plans": [{"Node Type": "Bitmap Heap Scan", "Parent Relationship": "Outer", "Relation Name": "orders", "Alias": "orders", "Startup Cost": 58360.27, "Total Cost": 369005.64, "Plan Rows": 2281758, "Plan Width": 16, "Actual Startup Time": 793.807, "Actual Total Time": 2432.74, "Actual Rows": 2275919, "Actual Loops": 1, "Recheck Cond": "((o_orderdate >= '1994-01-01 00:00:00'::timestamp(0) without time zone) AND (o_orderdate < '1995-01-01 00:00:00'::timestamp without time zone)), (LLVM Optimized, Jit Execute)", "Rows Removed by Index Recheck": 0, "Exact Heap Blocks": 276381, "Lossy Heap Blocks": 276381, "Plans": [{"Node Type": "Bitmap Index Scan", "Parent Relationship": "Outer", "Index Name": "idx_orders_orderdate", "Startup Cost": 0.0, "Total Cost": 57789.83, "Plan Rows": 2281758, "Plan Width": 0, "Actual Startup Time": 694.69, "Actual Total Time": 694.69, "Actual Rows": 2275919, "Actual Loops": 1, "Index Cond": "((o_orderdate >= '1994-01-01 00:00:00'::timestamp(0) without time zone) AND (o_orderdate < '1995-01-01 00:00:00'::timestamp without time zone))"}]}, {"Node Type": "Hash", "Parent Relationship": "Inner", "Startup Cost": 37164.85, "Total Cost": 37164.85, "Plan Rows": 300000, "Plan Width": 42, "Actual Startup Time": 599.316, "Actual Total Time": 599.316, "Actual Rows": 299838, "Actual Loops": 1, "Hash Buckets": 524288, "Hash Batches": 1, "Original Hash Batches": 1, "Peak Memory Usage": 22254, "Plans": [{"Node Type": "Nested Loop", "Parent Relationship": "Outer", "Join Type": "Inner", "Startup Cost": 1031.44, "Total Cost": 37164.85, "Plan Rows": 300000, "Plan Width": 42, "Actual Startup Time": 18.061, "Actual Total Time": 491.225, "Actual Rows": 299838, "Actual Loops": 1, "Inner Unique": false, "Plans": [{"Node Type": "Hash Join", "Parent Relationship": "Outer", "Join Type": "Inner", "Startup Cost": 1.07, "Total Cost": 2.44, "Plan Rows": 5, "Plan Width": 30, "Actual Startup Time": 0.093, "Actual Total Time": 0.166, "Actual Rows": 5, "Actual Loops": 1, "Inner Unique": true, "Hash Cond": "(nation.n_regionkey = region.r_regionkey)", "Plans": [{"Node Type": "Seq Scan", "Parent Relationship": "Outer", "Relation Name": "nation", "Alias": "nation", "Startup Cost": 0.0, "Total Cost": 1.25, "Plan Rows": 25, "Plan Width": 34, "Actual Startup Time": 0.018, "Actual Total Time": 0.04, "Actual Rows": 25, "Actual Loops": 1}, {"Node Type": "Hash", "Parent Relationship": "Inner", "Startup Cost": 1.06, "Total Cost": 1.06, "Plan Rows": 1, "Plan Width": 4, "Actual Startup Time": 0.033, "Actual Total Time": 0.033, "Actual Rows": 1, "Actual Loops": 1, "Hash Buckets": 32768, "Hash Batches": 1, "Original Hash Batches": 1, "Peak Memory Usage": 1, "Plans": [{"Node Type": "Seq Scan", "Parent Relationship": "Outer", "Relation Name": "region", "Alias": "region", "Startup Cost": 0.0, "Total Cost": 1.06, "Plan Rows": 1, "Plan Width": 4, "Actual Startup Time": 0.026, "Actual Total Time": 0.027, "Actual Rows": 1, "Actual Loops": 1, "Filter": "(r_name = 'MIDDLE EAST'::bpchar)", "Rows Removed by Filter": 4}]}]}, {"Node Type": "Bitmap Heap Scan", "Parent Relationship": "Inner", "Relation Name": "customer", "Alias": "customer", "Startup Cost": 1030.37, "Total Cost": 6832.48, "Plan Rows": 60000, "Plan Width": 12, "Actual Startup Time": 89.306, "Actual Total Time": 422.918, "Actual Rows": 299838, "Actual Loops": 5, "Recheck Cond": "(c_nationkey = nation.n_nationkey)", "Rows Removed by Index Recheck": 0, "Exact Heap Blocks": 150033, "Lossy Heap Blocks": 150033, "Plans": [{"Node Type": "Bitmap Index Scan", "Parent Relationship": "Outer", "Index Name": "idx_customer_nationkey", "Startup Cost": 0.0, "Total Cost": 1015.37, "Plan Rows": 60000, "Plan Width": 0, "Actual Startup Time": 56.368, "Actual Total Time": 56.368, "Actual Rows": 299838, "Actual Loops": 5, "Index Cond": "(c_nationkey = nation.n_nationkey)"}]}]}]}]}, {"Node Type": "Bitmap Heap Scan", "Parent Relationship": "Inner", "Relation Name": "lineitem", "Alias": "lineitem", "Startup Cost": 0.73, "Total Cost": 4.84, "Plan Rows": 9, "Plan Width": 32, "Actual Startup Time": 3737.424, "Actual Total Time": 4055.724, "Actual Rows": 1815222, "Actual Loops": 454183, "Recheck Cond": "(l_orderkey = orders.o_orderkey)", "Rows Removed by Index Recheck": 0, "Exact Heap Blocks": 486530, "Lossy Heap Blocks": 486530, "Plans": [{"Node Type": "Bitmap Index Scan", "Parent Relationship": "Outer", "Index Name": "idx_lineitem_orderkey", "Startup Cost": 0.0, "Total Cost": 0.72, "Plan Rows": 9, "Plan Width": 0, "Actual Startup Time": 2054.09, "Actual Total Time": 2054.09, "Actual Rows": 1815222, "Actual Loops": 454183, "Index Cond": "(l_orderkey = orders.o_orderkey)"}]}]}, {"Node Type": "Hash", "Parent Relationship": "Inner", "Startup Cost": 3283.0, "Total Cost": 3283.0, "Plan Rows": 100000, "Plan Width": 12, "Actual Startup Time": 66.741, "Actual Total Time": 66.741, "Actual Rows": 100000, "Actual Loops": 1, "Hash Buckets": 131072, "Hash Batches": 1, "Original Hash Batches": 1, "Peak Memory Usage": 4297, "Plans": [{"Node Type": "Seq Scan", "Parent Relationship": "Outer", "Relation Name": "supplier", "Alias": "supplier", "Startup Cost": 0.0, "Total Cost": 3283.0, "Plan Rows": 100000, "Plan Width": 12, "Actual Startup Time": 0.031, "Actual Total Time": 36.048, "Actual Rows": 100000, "Actual Loops": 1}]}]}]}]}, "Triggers": [], "Planner Runtime": 8.794, "Total Runtime": 9903.122, "Unique SQL Id": 1392561963}}, "(64, 67)": {"explain_plan": {"Plan": {"Node Type": "Sort", "Startup Cost": 46003135.57, "Total Cost": 46003135.63, "Plan Rows": 25, "Plan Width": 50, "Sort Key": ["(sum((lineitem.l_extendedprice * (1::double precision - lineitem.l_discount)))) DESC"], "Plans": [{"Node Type": "Aggregate", "Strategy": "Hashed", "Parent Relationship": "Outer", "Startup Cost": 46003134.74, "Total Cost": 46003134.99, "Plan Rows": 25, "Plan Width": 50, "Group By Key": ["nation.n_name"], "Plans": [{"Node Type": "Nested Loop", "Parent Relationship": "Outer", "Join Type": "Inner", "Startup Cost": 58362.35, "Total Cost": 46003040.84, "Plan Rows": 9390, "Plan Width": 42, "Inner Unique": true, "Join Filter": "(customer.c_nationkey = supplier.s_nationkey)", "Plans": [{"Node Type": "Nested Loop", "Parent Relationship": "Outer", "Join Type": "Inner", "Startup Cost": 58362.1, "Total Cost": 30204103.6, "Plan Rows": 3688948, "Plan Width": 58, "Inner Unique": false, "Plans": [{"Node Type": "Nested Loop", "Parent Relationship": "Outer", "Join Type": "Inner", "Startup Cost": 58361.37, "Total Cost": 28202035.27, "Plan Rows": 406290, "Plan Width": 42, "Inner Unique": true, "Plans": [{"Node Type": "Nested Loop", "Parent Relationship": "Outer", "Join Type": "Inner", "Startup Cost": 58360.79, "Total Cost": 18851769.58, "Plan Rows": 2031452, "Plan Width": 46, "Inner Unique": true, "Plans": [{"Node Type": "Nested Loop", "Parent Relationship": "Outer", "Join Type": "Inner", "Startup Cost": 58360.54, "Total Cost": 10156636.32, "Plan Rows": 2031452, "Plan Width": 12, "Inner Unique": true, "Plans": [{"Node Type": "Bitmap Heap Scan", "Parent Relationship": "Outer", "Relation Name": "orders", "Alias": "orders", "Startup Cost": 58360.27, "Total Cost": 369005.64, "Plan Rows": 2281758, "Plan Width": 16, "Recheck Cond": "((o_orderdate >= '1994-01-01 00:00:00'::timestamp(0) without time zone) AND (o_orderdate < '1995-01-01 00:00:00'::timestamp without time zone)), (LLVM Optimized)", "Plans": [{"Node Type": "Bitmap Index Scan", "Parent Relationship": "Outer", "Index Name": "idx_orders_orderdate", "Startup Cost": 0.0, "Total Cost": 57789.83, "Plan Rows": 2281758, "Plan Width": 0, "Index Cond": "((o_orderdate >= '1994-01-01 00:00:00'::timestamp(0) without time zone) AND (o_orderdate < '1995-01-01 00:00:00'::timestamp without time zone))"}]}, {"Node Type": "Bitmap Heap Scan", "Parent Relationship": "Inner", "Relation Name": "customer", "Alias": "customer", "Startup Cost": 0.27, "Total Cost": 4.28, "Plan Rows": 1, "Plan Width": 12, "Recheck Cond": "(c_custkey = orders.o_custkey)", "Plans": [{"Node Type": "Bitmap Index Scan", "Parent Relationship": "Outer", "Index Name": "customer_pkey", "Startup Cost": 0.0, "Total Cost": 0.27, "Plan Rows": 1, "Plan Width": 0, "Index Cond": "(c_custkey = orders.o_custkey)"}]}]}, {"Node Type": "Bitmap Heap Scan", "Parent Relationship": "Inner", "Relation Name": "nation", "Alias": "nation", "Startup Cost": 0.26, "Total Cost": 4.27, "Plan Rows": 1, "Plan Width": 34, "Recheck Cond": "(n_nationkey = customer.c_nationkey)", "Plans": [{"Node Type": "Bitmap Index Scan", "Parent Relationship": "Outer", "Index Name": "nation_pkey", "Startup Cost": 0.0, "Total Cost": 0.26, "Plan Rows": 1, "Plan Width": 0, "Index Cond": "(n_nationkey = customer.c_nationkey)"}]}]}, {"Node Type": "Bitmap Heap Scan", "Parent Relationship": "Inner", "Relation Name": "region", "Alias": "region", "Startup Cost": 0.58, "Total Cost": 4.59, "Plan Rows": 1, "Plan Width": 4, "Recheck Cond": "(r_regionkey = nation.n_regionkey)", "Filter": "(r_name = 'MIDDLE EAST'::bpchar)", "Plans": [{"Node Type": "Bitmap Index Scan", "Parent Relationship": "Outer", "Index Name": "region_pkey", "Startup Cost": 0.0, "Total Cost": 0.58, "Plan Rows": 1, "Plan Width": 0, "Index Cond": "(r_regionkey = nation.n_regionkey)"}]}]}, {"Node Type": "Bitmap Heap Scan", "Parent Relationship": "Inner", "Relation Name": "lineitem", "Alias": "lineitem", "Startup Cost": 0.73, "Total Cost": 4.84, "Plan Rows": 9, "Plan Width": 32, "Recheck Cond": "(l_orderkey = orders.o_orderkey)", "Plans": [{"Node Type": "Bitmap Index Scan", "Parent Relationship": "Outer", "Index Name": "idx_lineitem_orderkey", "Startup Cost": 0.0, "Total Cost": 0.72, "Plan Rows": 9, "Plan Width": 0, "Index Cond": "(l_orderkey = orders.o_orderkey)"}]}]}, {"Node Type": "Bitmap Heap Scan", "Parent Relationship": "Inner", "Relation Name": "supplier", "Alias": "supplier", "Startup Cost": 0.26, "Total Cost": 4.27, "Plan Rows": 1, "Plan Width": 12, "Recheck Cond": "(s_suppkey = lineitem.l_suppkey)", "Plans": [{"Node Type": "Bitmap Index Scan", "Parent Relationship": "Outer", "Index Name": "supplier_pkey", "Startup Cost": 0.0, "Total Cost": 0.26, "Plan Rows": 1, "Plan Width": 0, "Index Cond": "(s_suppkey = lineitem.l_suppkey)"}]}]}]}]}, "Unique SQL Id": 1392561963}, "explain_analyze_plan": null}, "(64, 68)": {"explain_plan": {"Plan": {"Node Type": "Sort", "Startup Cost": 1720736.05, "Total Cost": 1720736.11, "Plan Rows": 25, "Plan Width": 50, "Sort Key": ["(sum((lineitem.l_extendedprice * (1::double precision - lineitem.l_discount)))) DESC"], "Plans": [{"Node Type": "Aggregate", "Strategy": "Hashed", "Parent Relationship": "Outer", "Startup Cost": 1720735.22, "Total Cost": 1720735.47, "Plan Rows": 25, "Plan Width": 50, "Group By Key": ["nation.n_name"], "Plans": [{"Node Type": "Hash Join", "Parent Relationship": "Outer", "Join Type": "Inner", "Startup Cost": 5813.37, "Total Cost": 1720641.32, "Plan Rows": 9390, "Plan Width": 42, "Inner Unique": true, "Hash Cond": "((lineitem.l_suppkey = supplier.s_suppkey) AND (customer.c_nationkey = supplier.s_nationkey))", "Plans": [{"Node Type": "Nested Loop", "Parent Relationship": "Outer", "Join Type": "Inner", "Startup Cost": 1030.37, "Total Cost": 1688097.31, "Plan Rows": 3688948, "Plan Width": 58, "Inner Unique": false, "Plans": [{"Node Type": "Nested Loop", "Parent Relationship": "Outer", "Join Type": "Inner", "Startup Cost": 1030.37, "Total Cost": 412302.9, "Plan Rows": 406290, "Plan Width": 42, "Inner Unique": false, "Plans": [{"Node Type": "Nested Loop", "Parent Relationship": "Outer", "Join Type": "Inner", "Startup Cost": 1030.37, "Total Cost": 37194.1, "Plan Rows": 300000, "Plan Width": 42, "Inner Unique": false, "Plans": [{"Node Type": "Nested Loop", "Parent Relationship": "Outer", "Join Type": "Inner", "Startup Cost": 0.0, "Total Cost": 31.69, "Plan Rows": 5, "Plan Width": 30, "Inner Unique": true, "Plans": [{"Node Type": "Index Scan", "Parent Relationship": "Outer", "Scan Direction": "Forward", "Index Name": "nation_pkey", "Relation Name": "nation", "Alias": "nation", "Startup Cost": 0.0, "Total Cost": 12.62, "Plan Rows": 25, "Plan Width": 34}, {"Node Type": "Index Scan", "Parent Relationship": "Inner", "Scan Direction": "Forward", "Index Name": "region_pkey", "Relation Name": "region", "Alias": "region", "Startup Cost": 0.0, "Total Cost": 0.75, "Plan Rows": 1, "Plan Width": 4, "Index Cond": "(r_regionkey = nation.n_regionkey)", "Filter": "(r_name = 'MIDDLE EAST'::bpchar)"}]}, {"Node Type": "Bitmap Heap Scan", "Parent Relationship": "Inner", "Relation Name": "customer", "Alias": "customer", "Startup Cost": 1030.37, "Total Cost": 6832.48, "Plan Rows": 60000, "Plan Width": 12, "Recheck Cond": "(c_nationkey = nation.n_nationkey)", "Plans": [{"Node Type": "Bitmap Index Scan", "Parent Relationship": "Outer", "Index Name": "idx_customer_nationkey", "Startup Cost": 0.0, "Total Cost": 1015.37, "Plan Rows": 60000, "Plan Width": 0, "Index Cond": "(c_nationkey = nation.n_nationkey)"}]}]}, {"Node Type": "Index Scan", "Parent Relationship": "Inner", "Scan Direction": "Forward", "Index Name": "idx_orders_custkey", "Relation Name": "orders", "Alias": "orders", "Startup Cost": 0.0, "Total Cost": 1.24, "Plan Rows": 1, "Plan Width": 16, "Index Cond": "(o_custkey = customer.c_custkey)", "Filter": "((o_orderdate >= '1994-01-01 00:00:00'::timestamp(0) without time zone) AND (o_orderdate < '1995-01-01 00:00:00'::timestamp without time zone))"}]}, {"Node Type": "Index Scan", "Parent Relationship": "Inner", "Scan Direction": "Forward", "Index Name": "idx_lineitem_orderkey", "Relation Name": "lineitem", "Alias": "lineitem", "Startup Cost": 0.0, "Total Cost": 3.05, "Plan Rows": 9, "Plan Width": 32, "Index Cond": "(l_orderkey = orders.o_orderkey)"}]}, {"Node Type": "Hash", "Parent Relationship": "Inner", "Startup Cost": 3283.0, "Total Cost": 3283.0, "Plan Rows": 100000, "Plan Width": 12, "Plans": [{"Node Type": "Seq Scan", "Parent Relationship": "Outer", "Relation Name": "supplier", "Alias": "supplier", "Startup Cost": 0.0, "Total Cost": 3283.0, "Plan Rows": 100000, "Plan Width": 12}]}]}]}]}, "Unique SQL Id": 1392561963}, "explain_analyze_plan": {"Plan": {"Node Type": "Sort", "Startup Cost": 1720736.05, "Total Cost": 1720736.11, "Plan Rows": 25, "Plan Width": 50, "Actual Startup Time": 17035.374, "Actual Total Time": 17035.375, "Actual Rows": 5, "Actual Loops": 1, "Sort Key": ["(sum((lineitem.l_extendedprice * (1::double precision - lineitem.l_discount)))) DESC"], "Sort Method": "quicksort", "Sort Space Used": 25, "Sort Space Type": "Memory", "Plans": [{"Node Type": "Aggregate", "Strategy": "Hashed", "Parent Relationship": "Outer", "Startup Cost": 1720735.22, "Total Cost": 1720735.47, "Plan Rows": 25, "Plan Width": 50, "Actual Startup Time": 17035.341, "Actual Total Time": 17035.342, "Actual Rows": 5, "Actual Loops": 1, "Group By Key": ["nation.n_name"], "Plans": [{"Node Type": "Hash Join", "Parent Relationship": "Outer", "Join Type": "Inner", "Startup Cost": 5813.37, "Total Cost": 1720641.32, "Plan Rows": 9390, "Plan Width": 42, "Actual Startup Time": 84.367, "Actual Total Time": 16954.023, "Actual Rows": 72985, "Actual Loops": 1, "Inner Unique": true, "Hash Cond": "((lineitem.l_suppkey = supplier.s_suppkey) AND (customer.c_nationkey = supplier.s_nationkey))", "Plans": [{"Node Type": "Nested Loop", "Parent Relationship": "Outer", "Join Type": "Inner", "Startup Cost": 1030.37, "Total Cost": 1688097.31, "Plan Rows": 3688948, "Plan Width": 58, "Actual Startup Time": 17.871, "Actual Total Time": 16025.164, "Actual Rows": 1815222, "Actual Loops": 1, "Inner Unique": false, "Plans": [{"Node Type": "Nested Loop", "Parent Relationship": "Outer", "Join Type": "Inner", "Startup Cost": 1030.37, "Total Cost": 412302.9, "Plan Rows": 406290, "Plan Width": 42, "Actual Startup Time": 17.853, "Actual Total Time": 10051.126, "Actual Rows": 454183, "Actual Loops": 1, "Inner Unique": false, "Plans": [{"Node Type": "Nested Loop", "Parent Relationship": "Outer", "Join Type": "Inner", "Startup Cost": 1030.37, "Total Cost": 37194.1, "Plan Rows": 300000, "Plan Width": 42, "Actual Startup Time": 17.786, "Actual Total Time": 698.074, "Actual Rows": 299838, "Actual Loops": 1, "Inner Unique": false, "Plans": [{"Node Type": "Nested Loop", "Parent Relationship": "Outer", "Join Type": "Inner", "Startup Cost": 0.0, "Total Cost": 31.69, "Plan Rows": 5, "Plan Width": 30, "Actual Startup Time": 0.049, "Actual Total Time": 0.219, "Actual Rows": 5, "Actual Loops": 1, "Inner Unique": true, "Plans": [{"Node Type": "Index Scan", "Parent Relationship": "Outer", "Scan Direction": "Forward", "Index Name": "nation_pkey", "Relation Name": "nation", "Alias": "nation", "Startup Cost": 0.0, "Total Cost": 12.62, "Plan Rows": 25, "Plan Width": 34, "Actual Startup Time": 0.016, "Actual Total Time": 0.059, "Actual Rows": 25, "Actual Loops": 1}, {"Node Type": "Index Scan", "Parent Relationship": "Inner", "Scan Direction": "Forward", "Index Name": "region_pkey", "Relation Name": "region", "Alias": "region", "Startup Cost": 0.0, "Total Cost": 0.75, "Plan Rows": 1, "Plan Width": 4, "Actual Startup Time": 0.107, "Actual Total Time": 0.107, "Actual Rows": 5, "Actual Loops": 25, "Index Cond": "(r_regionkey = nation.n_regionkey)", "Rows Removed by Index Recheck": 0, "Filter": "(r_name = 'MIDDLE EAST'::bpchar)", "Rows Removed by Filter": 20}]}, {"Node Type": "Bitmap Heap Scan", "Parent Relationship": "Inner", "Relation Name": "customer", "Alias": "customer", "Startup Cost": 1030.37, "Total Cost": 6832.48, "Plan Rows": 60000, "Plan Width": 12, "Actual Startup Time": 92.458, "Actual Total Time": 624.446, "Actual Rows": 299838, "Actual Loops": 5, "Recheck Cond": "(c_nationkey = nation.n_nationkey)", "Rows Removed by Index Recheck": 0, "Exact Heap Blocks": 150033, "Lossy Heap Blocks": 150033, "Plans": [{"Node Type": "Bitmap Index Scan", "Parent Relationship": "Outer", "Index Name": "idx_customer_nationkey", "Startup Cost": 0.0, "Total Cost": 1015.37, "Plan Rows": 60000, "Plan Width": 0, "Actual Startup Time": 58.871, "Actual Total Time": 58.871, "Actual Rows": 299838, "Actual Loops": 5, "Index Cond": "(c_nationkey = nation.n_nationkey)"}]}]}, {"Node Type": "Index Scan", "Parent Relationship": "Inner", "Scan Direction": "Forward", "Index Name": "idx_orders_custkey", "Relation Name": "orders", "Alias": "orders", "Startup Cost": 0.0, "Total Cost": 1.24, "Plan Rows": 1, "Plan Width": 16, "Actual Startup Time": 4294.586, "Actual Total Time": 9092.2, "Actual Rows": 454183, "Actual Loops": 299838, "Index Cond": "(o_custkey = customer.c_custkey)", "Rows Removed by Index Recheck": 0, "Filter": "((o_orderdate >= '1994-01-01 00:00:00'::timestamp(0) without time zone) AND (o_orderdate < '1995-01-01 00:00:00'::timestamp without time zone))", "Rows Removed by Filter": 2542535}]}, {"Node Type": "Index Scan", "Parent Relationship": "Inner", "Scan Direction": "Forward", "Index Name": "idx_lineitem_orderkey", "Relation Name": "lineitem", "Alias": "lineitem", "Startup Cost": 0.0, "Total Cost": 3.05, "Plan Rows": 9, "Plan Width": 32, "Actual Startup Time": 4388.906, "Actual Total Time": 5330.022, "Actual Rows": 1815222, "Actual Loops": 454183, "Index Cond": "(l_orderkey = orders.o_orderkey)", "Rows Removed by Index Recheck": 0}]}, {"Node Type": "Hash", "Parent Relationship": "Inner", "Startup Cost": 3283.0, "Total Cost": 3283.0, "Plan Rows": 100000, "Plan Width": 12, "Actual Startup Time": 66.265, "Actual Total Time": 66.265, "Actual Rows": 100000, "Actual Loops": 1, "Hash Buckets": 131072, "Hash Batches": 1, "Original Hash Batches": 1, "Peak Memory Usage": 4297, "Plans": [{"Node Type": "Seq Scan", "Parent Relationship": "Outer", "Relation Name": "supplier", "Alias": "supplier", "Startup Cost": 0.0, "Total Cost": 3283.0, "Plan Rows": 100000, "Plan Width": 12, "Actual Startup Time": 0.029, "Actual Total Time": 35.539, "Actual Rows": 100000, "Actual Loops": 1}]}]}]}]}, "Triggers": [], "Planner Runtime": 9.785, "Total Runtime": 17035.784, "Unique SQL Id": 1392561963}}, "(64, 69)": {"explain_plan": {"Plan": {"Node Type": "Sort", "Startup Cost": 1722800.67, "Total Cost": 1722800.73, "Plan Rows": 25, "Plan Width": 50, "Sort Key": ["(sum((lineitem.l_extendedprice * (1::double precision - lineitem.l_discount)))) DESC"], "Plans": [{"Node Type": "Aggregate", "Strategy": "Hashed", "Parent Relationship": "Outer", "Startup Cost": 1722799.84, "Total Cost": 1722800.09, "Plan Rows": 25, "Plan Width": 50, "Group By Key": ["nation.n_name"], "Plans": [{"Node Type": "Hash Join", "Parent Relationship": "Outer", "Join Type": "Inner", "Startup Cost": 7864.91, "Total Cost": 1722705.94, "Plan Rows": 9390, "Plan Width": 42, "Inner Unique": true, "Hash Cond": "((lineitem.l_suppkey = supplier.s_suppkey) AND (customer.c_nationkey = supplier.s_nationkey))", "Plans": [{"Node Type": "Nested Loop", "Parent Relationship": "Outer", "Join Type": "Inner", "Startup Cost": 1030.37, "Total Cost": 1688097.31, "Plan Rows": 3688948, "Plan Width": 58, "Inner Unique": false, "Plans": [{"Node Type": "Nested Loop", "Parent Relationship": "Outer", "Join Type": "Inner", "Startup Cost": 1030.37, "Total Cost": 412302.9, "Plan Rows": 406290, "Plan Width": 42, "Inner Unique": false, "Plans": [{"Node Type": "Nested Loop", "Parent Relationship": "Outer", "Join Type": "Inner", "Startup Cost": 1030.37, "Total Cost": 37194.1, "Plan Rows": 300000, "Plan Width": 42, "Inner Unique": false, "Plans": [{"Node Type": "Nested Loop", "Parent Relationship": "Outer", "Join Type": "Inner", "Startup Cost": 0.0, "Total Cost": 31.69, "Plan Rows": 5, "Plan Width": 30, "Inner Unique": true, "Plans": [{"Node Type": "Index Scan", "Parent Relationship": "Outer", "Scan Direction": "Forward", "Index Name": "nation_pkey", "Relation Name": "nation", "Alias": "nation", "Startup Cost": 0.0, "Total Cost": 12.62, "Plan Rows": 25, "Plan Width": 34}, {"Node Type": "Index Scan", "Parent Relationship": "Inner", "Scan Direction": "Forward", "Index Name": "region_pkey", "Relation Name": "region", "Alias": "region", "Startup Cost": 0.0, "Total Cost": 0.75, "Plan Rows": 1, "Plan Width": 4, "Index Cond": "(r_regionkey = nation.n_regionkey)", "Filter": "(r_name = 'MIDDLE EAST'::bpchar)"}]}, {"Node Type": "Bitmap Heap Scan", "Parent Relationship": "Inner", "Relation Name": "customer", "Alias": "customer", "Startup Cost": 1030.37, "Total Cost": 6832.48, "Plan Rows": 60000, "Plan Width": 12, "Recheck Cond": "(c_nationkey = nation.n_nationkey)", "Plans": [{"Node Type": "Bitmap Index Scan", "Parent Relationship": "Outer", "Index Name": "idx_customer_nationkey", "Startup Cost": 0.0, "Total Cost": 1015.37, "Plan Rows": 60000, "Plan Width": 0, "Index Cond": "(c_nationkey = nation.n_nationkey)"}]}]}, {"Node Type": "Index Scan", "Parent Relationship": "Inner", "Scan Direction": "Forward", "Index Name": "idx_orders_custkey", "Relation Name": "orders", "Alias": "orders", "Startup Cost": 0.0, "Total Cost": 1.24, "Plan Rows": 1, "Plan Width": 16, "Index Cond": "(o_custkey = customer.c_custkey)", "Filter": "((o_orderdate >= '1994-01-01 00:00:00'::timestamp(0) without time zone) AND (o_orderdate < '1995-01-01 00:00:00'::timestamp without time zone))"}]}, {"Node Type": "Index Scan", "Parent Relationship": "Inner", "Scan Direction": "Forward", "Index Name": "idx_lineitem_orderkey", "Relation Name": "lineitem", "Alias": "lineitem", "Startup Cost": 0.0, "Total Cost": 3.05, "Plan Rows": 9, "Plan Width": 32, "Index Cond": "(l_orderkey = orders.o_orderkey)"}]}, {"Node Type": "Hash", "Parent Relationship": "Inner", "Startup Cost": 5334.54, "Total Cost": 5334.54, "Plan Rows": 100000, "Plan Width": 12, "Plans": [{"Node Type": "Index Scan", "Parent Relationship": "Outer", "Scan Direction": "Forward", "Index Name": "supplier_pkey", "Relation Name": "supplier", "Alias": "supplier", "Startup Cost": 0.0, "Total Cost": 5334.54, "Plan Rows": 100000, "Plan Width": 12}]}]}]}]}, "Unique SQL Id": 1392561963}, "explain_analyze_plan": {"Plan": {"Node Type": "Sort", "Startup Cost": 1722800.67, "Total Cost": 1722800.73, "Plan Rows": 25, "Plan Width": 50, "Actual Startup Time": 15424.146, "Actual Total Time": 15424.147, "Actual Rows": 5, "Actual Loops": 1, "Sort Key": ["(sum((lineitem.l_extendedprice * (1::double precision - lineitem.l_discount)))) DESC"], "Sort Method": "quicksort", "Sort Space Used": 25, "Sort Space Type": "Memory", "Plans": [{"Node Type": "Aggregate", "Strategy": "Hashed", "Parent Relationship": "Outer", "Startup Cost": 1722799.84, "Total Cost": 1722800.09, "Plan Rows": 25, "Plan Width": 50, "Actual Startup Time": 15424.116, "Actual Total Time": 15424.117, "Actual Rows": 5, "Actual Loops": 1, "Group By Key": ["nation.n_name"], "Plans": [{"Node Type": "Hash Join", "Parent Relationship": "Outer", "Join Type": "Inner", "Startup Cost": 7864.91, "Total Cost": 1722705.94, "Plan Rows": 9390, "Plan Width": 42, "Actual Startup Time": 112.223, "Actual Total Time": 15340.949, "Actual Rows": 72985, "Actual Loops": 1, "Inner Unique": true, "Hash Cond": "((lineitem.l_suppkey = supplier.s_suppkey) AND (customer.c_nationkey = supplier.s_nationkey))", "Plans": [{"Node Type": "Nested Loop", "Parent Relationship": "Outer", "Join Type": "Inner", "Startup Cost": 1030.37, "Total Cost": 1688097.31, "Plan Rows": 3688948, "Plan Width": 58, "Actual Startup Time": 19.071, "Actual Total Time": 14479.4, "Actual Rows": 1815222, "Actual Loops": 1, "Inner Unique": false, "Plans": [{"Node Type": "Nested Loop", "Parent Relationship": "Outer", "Join Type": "Inner", "Startup Cost": 1030.37, "Total Cost": 412302.9, "Plan Rows": 406290, "Plan Width": 42, "Actual Startup Time": 19.038, "Actual Total Time": 8731.504, "Actual Rows": 454183, "Actual Loops": 1, "Inner Unique": false, "Plans": [{"Node Type": "Nested Loop", "Parent Relationship": "Outer", "Join Type": "Inner", "Startup Cost": 1030.37, "Total Cost": 37194.1, "Plan Rows": 300000, "Plan Width": 42, "Actual Startup Time": 18.913, "Actual Total Time": 612.143, "Actual Rows": 299838, "Actual Loops": 1, "Inner Unique": false, "Plans": [{"Node Type": "Nested Loop", "Parent Relationship": "Outer", "Join Type": "Inner", "Startup Cost": 0.0, "Total Cost": 31.69, "Plan Rows": 5, "Plan Width": 30, "Actual Startup Time": 0.041, "Actual Total Time": 0.198, "Actual Rows": 5, "Actual Loops": 1, "Inner Unique": true, "Plans": [{"Node Type": "Index Scan", "Parent Relationship": "Outer", "Scan Direction": "Forward", "Index Name": "nation_pkey", "Relation Name": "nation", "Alias": "nation", "Startup Cost": 0.0, "Total Cost": 12.62, "Plan Rows": 25, "Plan Width": 34, "Actual Startup Time": 0.012, "Actual Total Time": 0.05, "Actual Rows": 25, "Actual Loops": 1}, {"Node Type": "Index Scan", "Parent Relationship": "Inner", "Scan Direction": "Forward", "Index Name": "region_pkey", "Relation Name": "region", "Alias": "region", "Startup Cost": 0.0, "Total Cost": 0.75, "Plan Rows": 1, "Plan Width": 4, "Actual Startup Time": 0.097, "Actual Total Time": 0.097, "Actual Rows": 5, "Actual Loops": 25, "Index Cond": "(r_regionkey = nation.n_regionkey)", "Rows Removed by Index Recheck": 0, "Filter": "(r_name = 'MIDDLE EAST'::bpchar)", "Rows Removed by Filter": 20}]}, {"Node Type": "Bitmap Heap Scan", "Parent Relationship": "Inner", "Relation Name": "customer", "Alias": "customer", "Startup Cost": 1030.37, "Total Cost": 6832.48, "Plan Rows": 60000, "Plan Width": 12, "Actual Startup Time": 91.837, "Actual Total Time": 536.533, "Actual Rows": 299838, "Actual Loops": 5, "Recheck Cond": "(c_nationkey = nation.n_nationkey)", "Rows Removed by Index Recheck": 0, "Exact Heap Blocks": 150033, "Lossy Heap Blocks": 150033, "Plans": [{"Node Type": "Bitmap Index Scan", "Parent Relationship": "Outer", "Index Name": "idx_customer_nationkey", "Startup Cost": 0.0, "Total Cost": 1015.37, "Plan Rows": 60000, "Plan Width": 0, "Actual Startup Time": 58.371, "Actual Total Time": 58.371, "Actual Rows": 299838, "Actual Loops": 5, "Index Cond": "(c_nationkey = nation.n_nationkey)"}]}]}, {"Node Type": "Index Scan", "Parent Relationship": "Inner", "Scan Direction": "Forward", "Index Name": "idx_orders_custkey", "Relation Name": "orders", "Alias": "orders", "Startup Cost": 0.0, "Total Cost": 1.24, "Plan Rows": 1, "Plan Width": 16, "Actual Startup Time": 3722.08, "Actual Total Time": 7860.535, "Actual Rows": 454183, "Actual Loops": 299838, "Index Cond": "(o_custkey = customer.c_custkey)", "Rows Removed by Index Recheck": 0, "Filter": "((o_orderdate >= '1994-01-01 00:00:00'::timestamp(0) without time zone) AND (o_orderdate < '1995-01-01 00:00:00'::timestamp without time zone))", "Rows Removed by Filter": 2542535}]}, {"Node Type": "Index Scan", "Parent Relationship": "Inner", "Scan Direction": "Forward", "Index Name": "idx_lineitem_orderkey", "Relation Name": "lineitem", "Alias": "lineitem", "Startup Cost": 0.0, "Total Cost": 3.05, "Plan Rows": 9, "Plan Width": 32, "Actual Startup Time": 4110.174, "Actual Total Time": 5104.164, "Actual Rows": 1815222, "Actual Loops": 454183, "Index Cond": "(l_orderkey = orders.o_orderkey)", "Rows Removed by Index Recheck": 0}]}, {"Node Type": "Hash", "Parent Relationship": "Inner", "Startup Cost": 5334.54, "Total Cost": 5334.54, "Plan Rows": 100000, "Plan Width": 12, "Actual Startup Time": 92.81, "Actual Total Time": 92.81, "Actual Rows": 100000, "Actual Loops": 1, "Hash Buckets": 131072, "Hash Batches": 1, "Original Hash Batches": 1, "Peak Memory Usage": 4297, "Plans": [{"Node Type": "Index Scan", "Parent Relationship": "Outer", "Scan Direction": "Forward", "Index Name": "supplier_pkey", "Relation Name": "supplier", "Alias": "supplier", "Startup Cost": 0.0, "Total Cost": 5334.54, "Plan Rows": 100000, "Plan Width": 12, "Actual Startup Time": 0.041, "Actual Total Time": 60.275, "Actual Rows": 100000, "Actual Loops": 1}]}]}]}]}, "Triggers": [], "Planner Runtime": 9.422, "Total Runtime": 15424.587, "Unique SQL Id": 1392561963}}, "(64, 70)": {"explain_plan": {"Plan": {"Node Type": "Sort", "Startup Cost": 2457247.05, "Total Cost": 2457247.11, "Plan Rows": 25, "Plan Width": 50, "Sort Key": ["(sum((lineitem.l_extendedprice * (1::double precision - lineitem.l_discount)))) DESC"], "Plans": [{"Node Type": "Aggregate", "Strategy": "Hashed", "Parent Relationship": "Outer", "Startup Cost": 2457246.22, "Total Cost": 2457246.47, "Plan Rows": 25, "Plan Width": 50, "Group By Key": ["nation.n_name"], "Plans": [{"Node Type": "Hash Join", "Parent Relationship": "Outer", "Join Type": "Inner", "Startup Cost": 104058.84, "Total Cost": 2457152.32, "Plan Rows": 9390, "Plan Width": 42, "Inner Unique": true, "Hash Cond": "((lineitem.l_suppkey = supplier.s_suppkey) AND (customer.c_nationkey = supplier.s_nationkey))", "Plans": [{"Node Type": "Nested Loop", "Parent Relationship": "Outer", "Join Type": "Inner", "Startup Cost": 99275.84, "Total Cost": 2424608.31, "Plan Rows": 3688948, "Plan Width": 58, "Inner Unique": false, "Plans": [{"Node Type": "Hash Join", "Parent Relationship": "Outer", "Join Type": "Inner", "Startup Cost": 99275.12, "Total Cost": 422539.98, "Plan Rows": 406290, "Plan Width": 42, "Inner Unique": false, "Hash Cond": "(orders.o_custkey = customer.c_custkey), (LLVM Optimized)", "Plans": [{"Node Type": "Bitmap Heap Scan", "Parent Relationship": "Outer", "Relation Name": "orders", "Alias": "orders", "Startup Cost": 58360.27, "Total Cost": 369005.64, "Plan Rows": 2281758, "Plan Width": 16, "Recheck Cond": "((o_orderdate >= '1994-01-01 00:00:00'::timestamp(0) without time zone) AND (o_orderdate < '1995-01-01 00:00:00'::timestamp without time zone)), (LLVM Optimized)", "Plans": [{"Node Type": "Bitmap Index Scan", "Parent Relationship": "Outer", "Index Name": "idx_orders_orderdate", "Startup Cost": 0.0, "Total Cost": 57789.83, "Plan Rows": 2281758, "Plan Width": 0, "Index Cond": "((o_orderdate >= '1994-01-01 00:00:00'::timestamp(0) without time zone) AND (o_orderdate < '1995-01-01 00:00:00'::timestamp without time zone))"}]}, {"Node Type": "Hash", "Parent Relationship": "Inner", "Startup Cost": 37164.85, "Total Cost": 37164.85, "Plan Rows": 300000, "Plan Width": 42, "Plans": [{"Node Type": "Nested Loop", "Parent Relationship": "Outer", "Join Type": "Inner", "Startup Cost": 1031.44, "Total Cost": 37164.85, "Plan Rows": 300000, "Plan Width": 42, "Inner Unique": false, "Plans": [{"Node Type": "Hash Join", "Parent Relationship": "Outer", "Join Type": "Inner", "Startup Cost": 1.07, "Total Cost": 2.44, "Plan Rows": 5, "Plan Width": 30, "Inner Unique": true, "Hash Cond": "(nation.n_regionkey = region.r_regionkey)", "Plans": [{"Node Type": "Seq Scan", "Parent Relationship": "Outer", "Relation Name": "nation", "Alias": "nation", "Startup Cost": 0.0, "Total Cost": 1.25, "Plan Rows": 25, "Plan Width": 34}, {"Node Type": "Hash", "Parent Relationship": "Inner", "Startup Cost": 1.06, "Total Cost": 1.06, "Plan Rows": 1, "Plan Width": 4, "Plans": [{"Node Type": "Seq Scan", "Parent Relationship": "Outer", "Relation Name": "region", "Alias": "region", "Startup Cost": 0.0, "Total Cost": 1.06, "Plan Rows": 1, "Plan Width": 4, "Filter": "(r_name = 'MIDDLE EAST'::bpchar)"}]}]}, {"Node Type": "Bitmap Heap Scan", "Parent Relationship": "Inner", "Relation Name": "customer", "Alias": "customer", "Startup Cost": 1030.37, "Total Cost": 6832.48, "Plan Rows": 60000, "Plan Width": 12, "Recheck Cond": "(c_nationkey = nation.n_nationkey)", "Plans": [{"Node Type": "Bitmap Index Scan", "Parent Relationship": "Outer", "Index Name": "idx_customer_nationkey", "Startup Cost": 0.0, "Total Cost": 1015.37, "Plan Rows": 60000, "Plan Width": 0, "Index Cond": "(c_nationkey = nation.n_nationkey)"}]}]}]}]}, {"Node Type": "Bitmap Heap Scan", "Parent Relationship": "Inner", "Relation Name": "lineitem", "Alias": "lineitem", "Startup Cost": 0.73, "Total Cost": 4.84, "Plan Rows": 9, "Plan Width": 32, "Recheck Cond": "(l_orderkey = orders.o_orderkey)", "Plans": [{"Node Type": "Bitmap Index Scan", "Parent Relationship": "Outer", "Index Name": "idx_lineitem_orderkey", "Startup Cost": 0.0, "Total Cost": 0.72, "Plan Rows": 9, "Plan Width": 0, "Index Cond": "(l_orderkey = orders.o_orderkey)"}]}]}, {"Node Type": "Hash", "Parent Relationship": "Inner", "Startup Cost": 3283.0, "Total Cost": 3283.0, "Plan Rows": 100000, "Plan Width": 12, "Plans": [{"Node Type": "Seq Scan", "Parent Relationship": "Outer", "Relation Name": "supplier", "Alias": "supplier", "Startup Cost": 0.0, "Total Cost": 3283.0, "Plan Rows": 100000, "Plan Width": 12}]}]}]}]}, "Unique SQL Id": 1392561963}, "explain_analyze_plan": {"Plan": {"Node Type": "Sort", "Startup Cost": 2457247.05, "Total Cost": 2457247.11, "Plan Rows": 25, "Plan Width": 50, "Actual Startup Time": 9892.981, "Actual Total Time": 9892.982, "Actual Rows": 5, "Actual Loops": 1, "Sort Key": ["(sum((lineitem.l_extendedprice * (1::double precision - lineitem.l_discount)))) DESC"], "Sort Method": "quicksort", "Sort Space Used": 25, "Sort Space Type": "Memory", "Plans": [{"Node Type": "Aggregate", "Strategy": "Hashed", "Parent Relationship": "Outer", "Startup Cost": 2457246.22, "Total Cost": 2457246.47, "Plan Rows": 25, "Plan Width": 50, "Actual Startup Time": 9892.948, "Actual Total Time": 9892.949, "Actual Rows": 5, "Actual Loops": 1, "Group By Key": ["nation.n_name"], "Plans": [{"Node Type": "Hash Join", "Parent Relationship": "Outer", "Join Type": "Inner", "Startup Cost": 104058.84, "Total Cost": 2457152.32, "Plan Rows": 9390, "Plan Width": 42, "Actual Startup Time": 1460.536, "Actual Total Time": 9816.959, "Actual Rows": 72985, "Actual Loops": 1, "Inner Unique": true, "Hash Cond": "((lineitem.l_suppkey = supplier.s_suppkey) AND (customer.c_nationkey = supplier.s_nationkey))", "Plans": [{"Node Type": "Nested Loop", "Parent Relationship": "Outer", "Join Type": "Inner", "Startup Cost": 99275.84, "Total Cost": 2424608.31, "Plan Rows": 3688948, "Plan Width": 58, "Actual Startup Time": 1393.628, "Actual Total Time": 9046.788, "Actual Rows": 1815222, "Actual Loops": 1, "Inner Unique": false, "Plans": [{"Node Type": "Hash Join", "Parent Relationship": "Outer", "Join Type": "Inner", "Startup Cost": 99275.12, "Total Cost": 422539.98, "Plan Rows": 406290, "Plan Width": 42, "Actual Startup Time": 1393.568, "Actual Total Time": 4081.354, "Actual Rows": 454183, "Actual Loops": 1, "Inner Unique": false, "Hash Cond": "(orders.o_custkey = customer.c_custkey), (LLVM Optimized, Jit Execute)", "Plans": [{"Node Type": "Bitmap Heap Scan", "Parent Relationship": "Outer", "Relation Name": "orders", "Alias": "orders", "Startup Cost": 58360.27, "Total Cost": 369005.64, "Plan Rows": 2281758, "Plan Width": 16, "Actual Startup Time": 793.807, "Actual Total Time": 2432.74, "Actual Rows": 2275919, "Actual Loops": 1, "Recheck Cond": "((o_orderdate >= '1994-01-01 00:00:00'::timestamp(0) without time zone) AND (o_orderdate < '1995-01-01 00:00:00'::timestamp without time zone)), (LLVM Optimized, Jit Execute)", "Rows Removed by Index Recheck": 0, "Exact Heap Blocks": 276381, "Lossy Heap Blocks": 276381, "Plans": [{"Node Type": "Bitmap Index Scan", "Parent Relationship": "Outer", "Index Name": "idx_orders_orderdate", "Startup Cost": 0.0, "Total Cost": 57789.83, "Plan Rows": 2281758, "Plan Width": 0, "Actual Startup Time": 694.69, "Actual Total Time": 694.69, "Actual Rows": 2275919, "Actual Loops": 1, "Index Cond": "((o_orderdate >= '1994-01-01 00:00:00'::timestamp(0) without time zone) AND (o_orderdate < '1995-01-01 00:00:00'::timestamp without time zone))"}]}, {"Node Type": "Hash", "Parent Relationship": "Inner", "Startup Cost": 37164.85, "Total Cost": 37164.85, "Plan Rows": 300000, "Plan Width": 42, "Actual Startup Time": 599.316, "Actual Total Time": 599.316, "Actual Rows": 299838, "Actual Loops": 1, "Hash Buckets": 524288, "Hash Batches": 1, "Original Hash Batches": 1, "Peak Memory Usage": 22254, "Plans": [{"Node Type": "Nested Loop", "Parent Relationship": "Outer", "Join Type": "Inner", "Startup Cost": 1031.44, "Total Cost": 37164.85, "Plan Rows": 300000, "Plan Width": 42, "Actual Startup Time": 18.061, "Actual Total Time": 491.225, "Actual Rows": 299838, "Actual Loops": 1, "Inner Unique": false, "Plans": [{"Node Type": "Hash Join", "Parent Relationship": "Outer", "Join Type": "Inner", "Startup Cost": 1.07, "Total Cost": 2.44, "Plan Rows": 5, "Plan Width": 30, "Actual Startup Time": 0.093, "Actual Total Time": 0.166, "Actual Rows": 5, "Actual Loops": 1, "Inner Unique": true, "Hash Cond": "(nation.n_regionkey = region.r_regionkey)", "Plans": [{"Node Type": "Seq Scan", "Parent Relationship": "Outer", "Relation Name": "nation", "Alias": "nation", "Startup Cost": 0.0, "Total Cost": 1.25, "Plan Rows": 25, "Plan Width": 34, "Actual Startup Time": 0.018, "Actual Total Time": 0.04, "Actual Rows": 25, "Actual Loops": 1}, {"Node Type": "Hash", "Parent Relationship": "Inner", "Startup Cost": 1.06, "Total Cost": 1.06, "Plan Rows": 1, "Plan Width": 4, "Actual Startup Time": 0.033, "Actual Total Time": 0.033, "Actual Rows": 1, "Actual Loops": 1, "Hash Buckets": 32768, "Hash Batches": 1, "Original Hash Batches": 1, "Peak Memory Usage": 1, "Plans": [{"Node Type": "Seq Scan", "Parent Relationship": "Outer", "Relation Name": "region", "Alias": "region", "Startup Cost": 0.0, "Total Cost": 1.06, "Plan Rows": 1, "Plan Width": 4, "Actual Startup Time": 0.026, "Actual Total Time": 0.027, "Actual Rows": 1, "Actual Loops": 1, "Filter": "(r_name = 'MIDDLE EAST'::bpchar)", "Rows Removed by Filter": 4}]}]}, {"Node Type": "Bitmap Heap Scan", "Parent Relationship": "Inner", "Relation Name": "customer", "Alias": "customer", "Startup Cost": 1030.37, "Total Cost": 6832.48, "Plan Rows": 60000, "Plan Width": 12, "Actual Startup Time": 89.306, "Actual Total Time": 422.918, "Actual Rows": 299838, "Actual Loops": 5, "Recheck Cond": "(c_nationkey = nation.n_nationkey)", "Rows Removed by Index Recheck": 0, "Exact Heap Blocks": 150033, "Lossy Heap Blocks": 150033, "Plans": [{"Node Type": "Bitmap Index Scan", "Parent Relationship": "Outer", "Index Name": "idx_customer_nationkey", "Startup Cost": 0.0, "Total Cost": 1015.37, "Plan Rows": 60000, "Plan Width": 0, "Actual Startup Time": 56.368, "Actual Total Time": 56.368, "Actual Rows": 299838, "Actual Loops": 5, "Index Cond": "(c_nationkey = nation.n_nationkey)"}]}]}]}]}, {"Node Type": "Bitmap Heap Scan", "Parent Relationship": "Inner", "Relation Name": "lineitem", "Alias": "lineitem", "Startup Cost": 0.73, "Total Cost": 4.84, "Plan Rows": 9, "Plan Width": 32, "Actual Startup Time": 3737.424, "Actual Total Time": 4055.724, "Actual Rows": 1815222, "Actual Loops": 454183, "Recheck Cond": "(l_orderkey = orders.o_orderkey)", "Rows Removed by Index Recheck": 0, "Exact Heap Blocks": 486530, "Lossy Heap Blocks": 486530, "Plans": [{"Node Type": "Bitmap Index Scan", "Parent Relationship": "Outer", "Index Name": "idx_lineitem_orderkey", "Startup Cost": 0.0, "Total Cost": 0.72, "Plan Rows": 9, "Plan Width": 0, "Actual Startup Time": 2054.09, "Actual Total Time": 2054.09, "Actual Rows": 1815222, "Actual Loops": 454183, "Index Cond": "(l_orderkey = orders.o_orderkey)"}]}]}, {"Node Type": "Hash", "Parent Relationship": "Inner", "Startup Cost": 3283.0, "Total Cost": 3283.0, "Plan Rows": 100000, "Plan Width": 12, "Actual Startup Time": 66.741, "Actual Total Time": 66.741, "Actual Rows": 100000, "Actual Loops": 1, "Hash Buckets": 131072, "Hash Batches": 1, "Original Hash Batches": 1, "Peak Memory Usage": 4297, "Plans": [{"Node Type": "Seq Scan", "Parent Relationship": "Outer", "Relation Name": "supplier", "Alias": "supplier", "Startup Cost": 0.0, "Total Cost": 3283.0, "Plan Rows": 100000, "Plan Width": 12, "Actual Startup Time": 0.031, "Actual Total Time": 36.048, "Actual Rows": 100000, "Actual Loops": 1}]}]}]}]}, "Triggers": [], "Planner Runtime": 8.794, "Total Runtime": 9903.122, "Unique SQL Id": 1392561963}}, "(64, 71)": {"explain_plan": {"Plan": {"Node Type": "Sort", "Startup Cost": 46003135.57, "Total Cost": 46003135.63, "Plan Rows": 25, "Plan Width": 50, "Sort Key": ["(sum((lineitem.l_extendedprice * (1::double precision - lineitem.l_discount)))) DESC"], "Plans": [{"Node Type": "Aggregate", "Strategy": "Hashed", "Parent Relationship": "Outer", "Startup Cost": 46003134.74, "Total Cost": 46003134.99, "Plan Rows": 25, "Plan Width": 50, "Group By Key": ["nation.n_name"], "Plans": [{"Node Type": "Nested Loop", "Parent Relationship": "Outer", "Join Type": "Inner", "Startup Cost": 58362.35, "Total Cost": 46003040.84, "Plan Rows": 9390, "Plan Width": 42, "Inner Unique": true, "Join Filter": "(customer.c_nationkey = supplier.s_nationkey)", "Plans": [{"Node Type": "Nested Loop", "Parent Relationship": "Outer", "Join Type": "Inner", "Startup Cost": 58362.1, "Total Cost": 30204103.6, "Plan Rows": 3688948, "Plan Width": 58, "Inner Unique": false, "Plans": [{"Node Type": "Nested Loop", "Parent Relationship": "Outer", "Join Type": "Inner", "Startup Cost": 58361.37, "Total Cost": 28202035.27, "Plan Rows": 406290, "Plan Width": 42, "Inner Unique": true, "Plans": [{"Node Type": "Nested Loop", "Parent Relationship": "Outer", "Join Type": "Inner", "Startup Cost": 58360.79, "Total Cost": 18851769.58, "Plan Rows": 2031452, "Plan Width": 46, "Inner Unique": true, "Plans": [{"Node Type": "Nested Loop", "Parent Relationship": "Outer", "Join Type": "Inner", "Startup Cost": 58360.54, "Total Cost": 10156636.32, "Plan Rows": 2031452, "Plan Width": 12, "Inner Unique": true, "Plans": [{"Node Type": "Bitmap Heap Scan", "Parent Relationship": "Outer", "Relation Name": "orders", "Alias": "orders", "Startup Cost": 58360.27, "Total Cost": 369005.64, "Plan Rows": 2281758, "Plan Width": 16, "Recheck Cond": "((o_orderdate >= '1994-01-01 00:00:00'::timestamp(0) without time zone) AND (o_orderdate < '1995-01-01 00:00:00'::timestamp without time zone)), (LLVM Optimized)", "Plans": [{"Node Type": "Bitmap Index Scan", "Parent Relationship": "Outer", "Index Name": "idx_orders_orderdate", "Startup Cost": 0.0, "Total Cost": 57789.83, "Plan Rows": 2281758, "Plan Width": 0, "Index Cond": "((o_orderdate >= '1994-01-01 00:00:00'::timestamp(0) without time zone) AND (o_orderdate < '1995-01-01 00:00:00'::timestamp without time zone))"}]}, {"Node Type": "Bitmap Heap Scan", "Parent Relationship": "Inner", "Relation Name": "customer", "Alias": "customer", "Startup Cost": 0.27, "Total Cost": 4.28, "Plan Rows": 1, "Plan Width": 12, "Recheck Cond": "(c_custkey = orders.o_custkey)", "Plans": [{"Node Type": "Bitmap Index Scan", "Parent Relationship": "Outer", "Index Name": "customer_pkey", "Startup Cost": 0.0, "Total Cost": 0.27, "Plan Rows": 1, "Plan Width": 0, "Index Cond": "(c_custkey = orders.o_custkey)"}]}]}, {"Node Type": "Bitmap Heap Scan", "Parent Relationship": "Inner", "Relation Name": "nation", "Alias": "nation", "Startup Cost": 0.26, "Total Cost": 4.27, "Plan Rows": 1, "Plan Width": 34, "Recheck Cond": "(n_nationkey = customer.c_nationkey)", "Plans": [{"Node Type": "Bitmap Index Scan", "Parent Relationship": "Outer", "Index Name": "nation_pkey", "Startup Cost": 0.0, "Total Cost": 0.26, "Plan Rows": 1, "Plan Width": 0, "Index Cond": "(n_nationkey = customer.c_nationkey)"}]}]}, {"Node Type": "Bitmap Heap Scan", "Parent Relationship": "Inner", "Relation Name": "region", "Alias": "region", "Startup Cost": 0.58, "Total Cost": 4.59, "Plan Rows": 1, "Plan Width": 4, "Recheck Cond": "(r_regionkey = nation.n_regionkey)", "Filter": "(r_name = 'MIDDLE EAST'::bpchar)", "Plans": [{"Node Type": "Bitmap Index Scan", "Parent Relationship": "Outer", "Index Name": "region_pkey", "Startup Cost": 0.0, "Total Cost": 0.58, "Plan Rows": 1, "Plan Width": 0, "Index Cond": "(r_regionkey = nation.n_regionkey)"}]}]}, {"Node Type": "Bitmap Heap Scan", "Parent Relationship": "Inner", "Relation Name": "lineitem", "Alias": "lineitem", "Startup Cost": 0.73, "Total Cost": 4.84, "Plan Rows": 9, "Plan Width": 32, "Recheck Cond": "(l_orderkey = orders.o_orderkey)", "Plans": [{"Node Type": "Bitmap Index Scan", "Parent Relationship": "Outer", "Index Name": "idx_lineitem_orderkey", "Startup Cost": 0.0, "Total Cost": 0.72, "Plan Rows": 9, "Plan Width": 0, "Index Cond": "(l_orderkey = orders.o_orderkey)"}]}]}, {"Node Type": "Bitmap Heap Scan", "Parent Relationship": "Inner", "Relation Name": "supplier", "Alias": "supplier", "Startup Cost": 0.26, "Total Cost": 4.27, "Plan Rows": 1, "Plan Width": 12, "Recheck Cond": "(s_suppkey = lineitem.l_suppkey)", "Plans": [{"Node Type": "Bitmap Index Scan", "Parent Relationship": "Outer", "Index Name": "supplier_pkey", "Startup Cost": 0.0, "Total Cost": 0.26, "Plan Rows": 1, "Plan Width": 0, "Index Cond": "(s_suppkey = lineitem.l_suppkey)"}]}]}]}]}, "Unique SQL Id": 1392561963}, "explain_analyze_plan": null}, "(64, 72)": {"explain_plan": {"Plan": {"Node Type": "Sort", "Startup Cost": 1725085.77, "Total Cost": 1725085.83, "Plan Rows": 25, "Plan Width": 50, "Sort Key": ["(sum((lineitem.l_extendedprice * (1::double precision - lineitem.l_discount)))) DESC"], "Plans": [{"Node Type": "Aggregate", "Strategy": "Hashed", "Parent Relationship": "Outer", "Startup Cost": 1725084.93, "Total Cost": 1725085.18, "Plan Rows": 25, "Plan Width": 50, "Group By Key": ["nation.n_name"], "Plans": [{"Node Type": "Hash Join", "Parent Relationship": "Outer", "Join Type": "Inner", "Startup Cost": 4783.0, "Total Cost": 1724991.03, "Plan Rows": 9390, "Plan Width": 42, "Inner Unique": true, "Hash Cond": "((lineitem.l_suppkey = supplier.s_suppkey) AND (customer.c_nationkey = supplier.s_nationkey))", "Plans": [{"Node Type": "Nested Loop", "Parent Relationship": "Outer", "Join Type": "Inner", "Startup Cost": 0.0, "Total Cost": 1692447.02, "Plan Rows": 3688948, "Plan Width": 58, "Inner Unique": false, "Plans": [{"Node Type": "Nested Loop", "Parent Relationship": "Outer", "Join Type": "Inner", "Startup Cost": 0.0, "Total Cost": 416652.61, "Plan Rows": 406290, "Plan Width": 42, "Inner Unique": false, "Plans": [{"Node Type": "Nested Loop", "Parent Relationship": "Outer", "Join Type": "Inner", "Startup Cost": 0.0, "Total Cost": 41543.81, "Plan Rows": 300000, "Plan Width": 42, "Inner Unique": false, "Plans": [{"Node Type": "Nested Loop", "Parent Relationship": "Outer", "Join Type": "Inner", "Startup Cost": 0.0, "Total Cost": 31.69, "Plan Rows": 5, "Plan Width": 30, "Inner Unique": true, "Plans": [{"Node Type": "Index Scan", "Parent Relationship": "Outer", "Scan Direction": "Forward", "Index Name": "nation_pkey", "Relation Name": "nation", "Alias": "nation", "Startup Cost": 0.0, "Total Cost": 12.62, "Plan Rows": 25, "Plan Width": 34}, {"Node Type": "Index Scan", "Parent Relationship": "Inner", "Scan Direction": "Forward", "Index Name": "region_pkey", "Relation Name": "region", "Alias": "region", "Startup Cost": 0.0, "Total Cost": 0.75, "Plan Rows": 1, "Plan Width": 4, "Index Cond": "(r_regionkey = nation.n_regionkey)", "Filter": "(r_name = 'MIDDLE EAST'::bpchar)"}]}, {"Node Type": "Index Scan", "Parent Relationship": "Inner", "Scan Direction": "Forward", "Index Name": "idx_customer_nationkey", "Relation Name": "customer", "Alias": "customer", "Startup Cost": 0.0, "Total Cost": 7702.43, "Plan Rows": 60000, "Plan Width": 12, "Index Cond": "(c_nationkey = nation.n_nationkey)"}]}, {"Node Type": "Index Scan", "Parent Relationship": "Inner", "Scan Direction": "Forward", "Index Name": "idx_orders_custkey", "Relation Name": "orders", "Alias": "orders", "Startup Cost": 0.0, "Total Cost": 1.24, "Plan Rows": 1, "Plan Width": 16, "Index Cond": "(o_custkey = customer.c_custkey)", "Filter": "((o_orderdate >= '1994-01-01 00:00:00'::timestamp(0) without time zone) AND (o_orderdate < '1995-01-01 00:00:00'::timestamp without time zone))"}]}, {"Node Type": "Index Scan", "Parent Relationship": "Inner", "Scan Direction": "Forward", "Index Name": "idx_lineitem_orderkey", "Relation Name": "lineitem", "Alias": "lineitem", "Startup Cost": 0.0, "Total Cost": 3.05, "Plan Rows": 9, "Plan Width": 32, "Index Cond": "(l_orderkey = orders.o_orderkey)"}]}, {"Node Type": "Hash", "Parent Relationship": "Inner", "Startup Cost": 3283.0, "Total Cost": 3283.0, "Plan Rows": 100000, "Plan Width": 12, "Plans": [{"Node Type": "Seq Scan", "Parent Relationship": "Outer", "Relation Name": "supplier", "Alias": "supplier", "Startup Cost": 0.0, "Total Cost": 3283.0, "Plan Rows": 100000, "Plan Width": 12}]}]}]}]}, "Unique SQL Id": 1392561963}, "explain_analyze_plan": {"Plan": {"Node Type": "Sort", "Startup Cost": 1725085.77, "Total Cost": 1725085.83, "Plan Rows": 25, "Plan Width": 50, "Actual Startup Time": 16275.75, "Actual Total Time": 16275.751, "Actual Rows": 5, "Actual Loops": 1, "Sort Key": ["(sum((lineitem.l_extendedprice * (1::double precision - lineitem.l_discount)))) DESC"], "Sort Method": "quicksort", "Sort Space Used": 25, "Sort Space Type": "Memory", "Plans": [{"Node Type": "Aggregate", "Strategy": "Hashed", "Parent Relationship": "Outer", "Startup Cost": 1725084.93, "Total Cost": 1725085.18, "Plan Rows": 25, "Plan Width": 50, "Actual Startup Time": 16275.718, "Actual Total Time": 16275.72, "Actual Rows": 5, "Actual Loops": 1, "Group By Key": ["nation.n_name"], "Plans": [{"Node Type": "Hash Join", "Parent Relationship": "Outer", "Join Type": "Inner", "Startup Cost": 4783.0, "Total Cost": 1724991.03, "Plan Rows": 9390, "Plan Width": 42, "Actual Startup Time": 69.982, "Actual Total Time": 16195.72, "Actual Rows": 72985, "Actual Loops": 1, "Inner Unique": true, "Hash Cond": "((lineitem.l_suppkey = supplier.s_suppkey) AND (customer.c_nationkey = supplier.s_nationkey))", "Plans": [{"Node Type": "Nested Loop", "Parent Relationship": "Outer", "Join Type": "Inner", "Startup Cost": 0.0, "Total Cost": 1692447.02, "Plan Rows": 3688948, "Plan Width": 58, "Actual Startup Time": 0.139, "Actual Total Time": 15307.269, "Actual Rows": 1815222, "Actual Loops": 1, "Inner Unique": false, "Plans": [{"Node Type": "Nested Loop", "Parent Relationship": "Outer", "Join Type": "Inner", "Startup Cost": 0.0, "Total Cost": 416652.61, "Plan Rows": 406290, "Plan Width": 42, "Actual Startup Time": 0.123, "Actual Total Time": 9405.638, "Actual Rows": 454183, "Actual Loops": 1, "Inner Unique": false, "Plans": [{"Node Type": "Nested Loop", "Parent Relationship": "Outer", "Join Type": "Inner", "Startup Cost": 0.0, "Total Cost": 41543.81, "Plan Rows": 300000, "Plan Width": 42, "Actual Startup Time": 0.077, "Actual Total Time": 518.382, "Actual Rows": 299838, "Actual Loops": 1, "Inner Unique": false, "Plans": [{"Node Type": "Nested Loop", "Parent Relationship": "Outer", "Join Type": "Inner", "Startup Cost": 0.0, "Total Cost": 31.69, "Plan Rows": 5, "Plan Width": 30, "Actual Startup Time": 0.052, "Actual Total Time": 0.212, "Actual Rows": 5, "Actual Loops": 1, "Inner Unique": true, "Plans": [{"Node Type": "Index Scan", "Parent Relationship": "Outer", "Scan Direction": "Forward", "Index Name": "nation_pkey", "Relation Name": "nation", "Alias": "nation", "Startup Cost": 0.0, "Total Cost": 12.62, "Plan Rows": 25, "Plan Width": 34, "Actual Startup Time": 0.017, "Actual Total Time": 0.049, "Actual Rows": 25, "Actual Loops": 1}, {"Node Type": "Index Scan", "Parent Relationship": "Inner", "Scan Direction": "Forward", "Index Name": "region_pkey", "Relation Name": "region", "Alias": "region", "Startup Cost": 0.0, "Total Cost": 0.75, "Plan Rows": 1, "Plan Width": 4, "Actual Startup Time": 0.114, "Actual Total Time": 0.114, "Actual Rows": 5, "Actual Loops": 25, "Index Cond": "(r_regionkey = nation.n_regionkey)", "Rows Removed by Index Recheck": 0, "Filter": "(r_name = 'MIDDLE EAST'::bpchar)", "Rows Removed by Filter": 20}]}, {"Node Type": "Index Scan", "Parent Relationship": "Inner", "Scan Direction": "Forward", "Index Name": "idx_customer_nationkey", "Relation Name": "customer", "Alias": "customer", "Startup Cost": 0.0, "Total Cost": 7702.43, "Plan Rows": 60000, "Plan Width": 12, "Actual Startup Time": 0.137, "Actual Total Time": 434.841, "Actual Rows": 299838, "Actual Loops": 5, "Index Cond": "(c_nationkey = nation.n_nationkey)", "Rows Removed by Index Recheck": 0}]}, {"Node Type": "Index Scan", "Parent Relationship": "Inner", "Scan Direction": "Forward", "Index Name": "idx_orders_custkey", "Relation Name": "orders", "Alias": "orders", "Startup Cost": 0.0, "Total Cost": 1.24, "Plan Rows": 1, "Plan Width": 16, "Actual Startup Time": 4078.942, "Actual Total Time": 8626.906, "Actual Rows": 454183, "Actual Loops": 299838, "Index Cond": "(o_custkey = customer.c_custkey)", "Rows Removed by Index Recheck": 0, "Filter": "((o_orderdate >= '1994-01-01 00:00:00'::timestamp(0) without time zone) AND (o_orderdate < '1995-01-01 00:00:00'::timestamp without time zone))", "Rows Removed by Filter": 2542535}]}, {"Node Type": "Index Scan", "Parent Relationship": "Inner", "Scan Direction": "Forward", "Index Name": "idx_lineitem_orderkey", "Relation Name": "lineitem", "Alias": "lineitem", "Startup Cost": 0.0, "Total Cost": 3.05, "Plan Rows": 9, "Plan Width": 32, "Actual Startup Time": 4293.199, "Actual Total Time": 5257.583, "Actual Rows": 1815222, "Actual Loops": 454183, "Index Cond": "(l_orderkey = orders.o_orderkey)", "Rows Removed by Index Recheck": 0}]}, {"Node Type": "Hash", "Parent Relationship": "Inner", "Startup Cost": 3283.0, "Total Cost": 3283.0, "Plan Rows": 100000, "Plan Width": 12, "Actual Startup Time": 69.572, "Actual Total Time": 69.572, "Actual Rows": 100000, "Actual Loops": 1, "Hash Buckets": 131072, "Hash Batches": 1, "Original Hash Batches": 1, "Peak Memory Usage": 4297, "Plans": [{"Node Type": "Seq Scan", "Parent Relationship": "Outer", "Relation Name": "supplier", "Alias": "supplier", "Startup Cost": 0.0, "Total Cost": 3283.0, "Plan Rows": 100000, "Plan Width": 12, "Actual Startup Time": 0.018, "Actual Total Time": 36.291, "Actual Rows": 100000, "Actual Loops": 1}]}]}]}]}, "Triggers": [], "Planner Runtime": 9.107, "Total Runtime": 16276.085, "Unique SQL Id": 1392561963}}, "(64, 73)": {"explain_plan": {"Plan": {"Node Type": "Sort", "Startup Cost": 1727137.31, "Total Cost": 1727137.37, "Plan Rows": 25, "Plan Width": 50, "Sort Key": ["(sum((lineitem.l_extendedprice * (1::double precision - lineitem.l_discount)))) DESC"], "Plans": [{"Node Type": "Aggregate", "Strategy": "Hashed", "Parent Relationship": "Outer", "Startup Cost": 1727136.48, "Total Cost": 1727136.73, "Plan Rows": 25, "Plan Width": 50, "Group By Key": ["nation.n_name"], "Plans": [{"Node Type": "Hash Join", "Parent Relationship": "Outer", "Join Type": "Inner", "Startup Cost": 6834.54, "Total Cost": 1727042.58, "Plan Rows": 9390, "Plan Width": 42, "Inner Unique": true, "Hash Cond": "((lineitem.l_suppkey = supplier.s_suppkey) AND (customer.c_nationkey = supplier.s_nationkey))", "Plans": [{"Node Type": "Nested Loop", "Parent Relationship": "Outer", "Join Type": "Inner", "Startup Cost": 0.0, "Total Cost": 1692447.02, "Plan Rows": 3688948, "Plan Width": 58, "Inner Unique": false, "Plans": [{"Node Type": "Nested Loop", "Parent Relationship": "Outer", "Join Type": "Inner", "Startup Cost": 0.0, "Total Cost": 416652.61, "Plan Rows": 406290, "Plan Width": 42, "Inner Unique": false, "Plans": [{"Node Type": "Nested Loop", "Parent Relationship": "Outer", "Join Type": "Inner", "Startup Cost": 0.0, "Total Cost": 41543.81, "Plan Rows": 300000, "Plan Width": 42, "Inner Unique": false, "Plans": [{"Node Type": "Nested Loop", "Parent Relationship": "Outer", "Join Type": "Inner", "Startup Cost": 0.0, "Total Cost": 31.69, "Plan Rows": 5, "Plan Width": 30, "Inner Unique": true, "Plans": [{"Node Type": "Index Scan", "Parent Relationship": "Outer", "Scan Direction": "Forward", "Index Name": "nation_pkey", "Relation Name": "nation", "Alias": "nation", "Startup Cost": 0.0, "Total Cost": 12.62, "Plan Rows": 25, "Plan Width": 34}, {"Node Type": "Index Scan", "Parent Relationship": "Inner", "Scan Direction": "Forward", "Index Name": "region_pkey", "Relation Name": "region", "Alias": "region", "Startup Cost": 0.0, "Total Cost": 0.75, "Plan Rows": 1, "Plan Width": 4, "Index Cond": "(r_regionkey = nation.n_regionkey)", "Filter": "(r_name = 'MIDDLE EAST'::bpchar)"}]}, {"Node Type": "Index Scan", "Parent Relationship": "Inner", "Scan Direction": "Forward", "Index Name": "idx_customer_nationkey", "Relation Name": "customer", "Alias": "customer", "Startup Cost": 0.0, "Total Cost": 7702.43, "Plan Rows": 60000, "Plan Width": 12, "Index Cond": "(c_nationkey = nation.n_nationkey)"}]}, {"Node Type": "Index Scan", "Parent Relationship": "Inner", "Scan Direction": "Forward", "Index Name": "idx_orders_custkey", "Relation Name": "orders", "Alias": "orders", "Startup Cost": 0.0, "Total Cost": 1.24, "Plan Rows": 1, "Plan Width": 16, "Index Cond": "(o_custkey = customer.c_custkey)", "Filter": "((o_orderdate >= '1994-01-01 00:00:00'::timestamp(0) without time zone) AND (o_orderdate < '1995-01-01 00:00:00'::timestamp without time zone))"}]}, {"Node Type": "Index Scan", "Parent Relationship": "Inner", "Scan Direction": "Forward", "Index Name": "idx_lineitem_orderkey", "Relation Name": "lineitem", "Alias": "lineitem", "Startup Cost": 0.0, "Total Cost": 3.05, "Plan Rows": 9, "Plan Width": 32, "Index Cond": "(l_orderkey = orders.o_orderkey)"}]}, {"Node Type": "Hash", "Parent Relationship": "Inner", "Startup Cost": 5334.54, "Total Cost": 5334.54, "Plan Rows": 100000, "Plan Width": 12, "Plans": [{"Node Type": "Index Scan", "Parent Relationship": "Outer", "Scan Direction": "Forward", "Index Name": "supplier_pkey", "Relation Name": "supplier", "Alias": "supplier", "Startup Cost": 0.0, "Total Cost": 5334.54, "Plan Rows": 100000, "Plan Width": 12}]}]}]}]}, "Unique SQL Id": 1392561963}, "explain_analyze_plan": {"Plan": {"Node Type": "Sort", "Startup Cost": 1727137.31, "Total Cost": 1727137.37, "Plan Rows": 25, "Plan Width": 50, "Actual Startup Time": 16675.016, "Actual Total Time": 16675.017, "Actual Rows": 5, "Actual Loops": 1, "Sort Key": ["(sum((lineitem.l_extendedprice * (1::double precision - lineitem.l_discount)))) DESC"], "Sort Method": "quicksort", "Sort Space Used": 25, "Sort Space Type": "Memory", "Plans": [{"Node Type": "Aggregate", "Strategy": "Hashed", "Parent Relationship": "Outer", "Startup Cost": 1727136.48, "Total Cost": 1727136.73, "Plan Rows": 25, "Plan Width": 50, "Actual Startup Time": 16674.985, "Actual Total Time": 16674.986, "Actual Rows": 5, "Actual Loops": 1, "Group By Key": ["nation.n_name"], "Plans": [{"Node Type": "Hash Join", "Parent Relationship": "Outer", "Join Type": "Inner", "Startup Cost": 6834.54, "Total Cost": 1727042.58, "Plan Rows": 9390, "Plan Width": 42, "Actual Startup Time": 92.413, "Actual Total Time": 16594.512, "Actual Rows": 72985, "Actual Loops": 1, "Inner Unique": true, "Hash Cond": "((lineitem.l_suppkey = supplier.s_suppkey) AND (customer.c_nationkey = supplier.s_nationkey))", "Plans": [{"Node Type": "Nested Loop", "Parent Relationship": "Outer", "Join Type": "Inner", "Startup Cost": 0.0, "Total Cost": 1692447.02, "Plan Rows": 3688948, "Plan Width": 58, "Actual Startup Time": 0.129, "Actual Total Time": 15681.855, "Actual Rows": 1815222, "Actual Loops": 1, "Inner Unique": false, "Plans": [{"Node Type": "Nested Loop", "Parent Relationship": "Outer", "Join Type": "Inner", "Startup Cost": 0.0, "Total Cost": 416652.61, "Plan Rows": 406290, "Plan Width": 42, "Actual Startup Time": 0.115, "Actual Total Time": 9716.153, "Actual Rows": 454183, "Actual Loops": 1, "Inner Unique": false, "Plans": [{"Node Type": "Nested Loop", "Parent Relationship": "Outer", "Join Type": "Inner", "Startup Cost": 0.0, "Total Cost": 41543.81, "Plan Rows": 300000, "Plan Width": 42, "Actual Startup Time": 0.069, "Actual Total Time": 537.477, "Actual Rows": 299838, "Actual Loops": 1, "Inner Unique": false, "Plans": [{"Node Type": "Nested Loop", "Parent Relationship": "Outer", "Join Type": "Inner", "Startup Cost": 0.0, "Total Cost": 31.69, "Plan Rows": 5, "Plan Width": 30, "Actual Startup Time": 0.043, "Actual Total Time": 0.271, "Actual Rows": 5, "Actual Loops": 1, "Inner Unique": true, "Plans": [{"Node Type": "Index Scan", "Parent Relationship": "Outer", "Scan Direction": "Forward", "Index Name": "nation_pkey", "Relation Name": "nation", "Alias": "nation", "Startup Cost": 0.0, "Total Cost": 12.62, "Plan Rows": 25, "Plan Width": 34, "Actual Startup Time": 0.013, "Actual Total Time": 0.115, "Actual Rows": 25, "Actual Loops": 1}, {"Node Type": "Index Scan", "Parent Relationship": "Inner", "Scan Direction": "Forward", "Index Name": "region_pkey", "Relation Name": "region", "Alias": "region", "Startup Cost": 0.0, "Total Cost": 0.75, "Plan Rows": 1, "Plan Width": 4, "Actual Startup Time": 0.1, "Actual Total Time": 0.1, "Actual Rows": 5, "Actual Loops": 25, "Index Cond": "(r_regionkey = nation.n_regionkey)", "Rows Removed by Index Recheck": 0, "Filter": "(r_name = 'MIDDLE EAST'::bpchar)", "Rows Removed by Filter": 20}]}, {"Node Type": "Index Scan", "Parent Relationship": "Inner", "Scan Direction": "Forward", "Index Name": "idx_customer_nationkey", "Relation Name": "customer", "Alias": "customer", "Startup Cost": 0.0, "Total Cost": 7702.43, "Plan Rows": 60000, "Plan Width": 12, "Actual Startup Time": 0.167, "Actual Total Time": 454.65, "Actual Rows": 299838, "Actual Loops": 5, "Index Cond": "(c_nationkey = nation.n_nationkey)", "Rows Removed by Index Recheck": 0}]}, {"Node Type": "Index Scan", "Parent Relationship": "Inner", "Scan Direction": "Forward", "Index Name": "idx_orders_custkey", "Relation Name": "orders", "Alias": "orders", "Startup Cost": 0.0, "Total Cost": 1.24, "Plan Rows": 1, "Plan Width": 16, "Actual Startup Time": 4218.636, "Actual Total Time": 8918.09, "Actual Rows": 454183, "Actual Loops": 299838, "Index Cond": "(o_custkey = customer.c_custkey)", "Rows Removed by Index Recheck": 0, "Filter": "((o_orderdate >= '1994-01-01 00:00:00'::timestamp(0) without time zone) AND (o_orderdate < '1995-01-01 00:00:00'::timestamp without time zone))", "Rows Removed by Filter": 2542535}]}, {"Node Type": "Index Scan", "Parent Relationship": "Inner", "Scan Direction": "Forward", "Index Name": "idx_lineitem_orderkey", "Relation Name": "lineitem", "Alias": "lineitem", "Startup Cost": 0.0, "Total Cost": 3.05, "Plan Rows": 9, "Plan Width": 32, "Actual Startup Time": 4352.14, "Actual Total Time": 5304.936, "Actual Rows": 1815222, "Actual Loops": 454183, "Index Cond": "(l_orderkey = orders.o_orderkey)", "Rows Removed by Index Recheck": 0}]}, {"Node Type": "Hash", "Parent Relationship": "Inner", "Startup Cost": 5334.54, "Total Cost": 5334.54, "Plan Rows": 100000, "Plan Width": 12, "Actual Startup Time": 92.07, "Actual Total Time": 92.07, "Actual Rows": 100000, "Actual Loops": 1, "Hash Buckets": 131072, "Hash Batches": 1, "Original Hash Batches": 1, "Peak Memory Usage": 4297, "Plans": [{"Node Type": "Index Scan", "Parent Relationship": "Outer", "Scan Direction": "Forward", "Index Name": "supplier_pkey", "Relation Name": "supplier", "Alias": "supplier", "Startup Cost": 0.0, "Total Cost": 5334.54, "Plan Rows": 100000, "Plan Width": 12, "Actual Startup Time": 0.019, "Actual Total Time": 59.658, "Actual Rows": 100000, "Actual Loops": 1}]}]}]}]}, "Triggers": [], "Planner Runtime": 8.668, "Total Runtime": 16675.325, "Unique SQL Id": 1392561963}}, "(64, 74)": {"explain_plan": {"Plan": {"Node Type": "Sort", "Startup Cost": 2891580.15, "Total Cost": 2891580.22, "Plan Rows": 25, "Plan Width": 50, "Sort Key": ["(sum((lineitem.l_extendedprice * (1::double precision - lineitem.l_discount)))) DESC"], "Plans": [{"Node Type": "Aggregate", "Strategy": "Hashed", "Parent Relationship": "Outer", "Startup Cost": 2891579.32, "Total Cost": 2891579.57, "Plan Rows": 25, "Plan Width": 50, "Group By Key": ["nation.n_name"], "Plans": [{"Node Type": "Hash Join", "Parent Relationship": "Outer", "Join Type": "Inner", "Startup Cost": 586755.18, "Total Cost": 2891485.42, "Plan Rows": 9390, "Plan Width": 42, "Inner Unique": true, "Hash Cond": "((lineitem.l_suppkey = supplier.s_suppkey) AND (customer.c_nationkey = supplier.s_nationkey))", "Plans": [{"Node Type": "Hash Join", "Parent Relationship": "Outer", "Join Type": "Inner", "Startup Cost": 581972.18, "Total Cost": 2858928.33, "Plan Rows": 3688948, "Plan Width": 58, "Inner Unique": false, "Hash Cond": "(lineitem.l_orderkey = orders.o_orderkey), (LLVM Optimized)", "Plans": [{"Node Type": "Seq Scan", "Parent Relationship": "Outer", "Relation Name": "lineitem", "Alias": "lineitem", "Startup Cost": 0.0, "Total Cost": 2015115.33, "Plan Rows": 59987033, "Plan Width": 32}, {"Node Type": "Hash", "Parent Relationship": "Inner", "Startup Cost": 576893.55, "Total Cost": 576893.55, "Plan Rows": 406290, "Plan Width": 42, "Plans": [{"Node Type": "Hash Join", "Parent Relationship": "Outer", "Join Type": "Inner", "Startup Cost": 63303.86, "Total Cost": 576893.55, "Plan Rows": 406290, "Plan Width": 42, "Inner Unique": false, "Hash Cond": "(orders.o_custkey = customer.c_custkey), (LLVM Optimized)", "Plans": [{"Node Type": "Seq Scan", "Parent Relationship": "Outer", "Relation Name": "orders", "Alias": "orders", "Startup Cost": 440.98, "Total Cost": 501411.18, "Plan Rows": 2281758, "Plan Width": 16, "Filter": "((o_orderdate >= '1994-01-01 00:00:00'::timestamp(0) without time zone) AND (o_orderdate < '1995-01-01 00:00:00'::timestamp without time zone)), (LLVM Optimized)"}, {"Node Type": "Hash", "Parent Relationship": "Inner", "Startup Cost": 59112.88, "Total Cost": 59112.88, "Plan Rows": 300000, "Plan Width": 42, "Plans": [{"Node Type": "Hash Join", "Parent Relationship": "Outer", "Join Type": "Inner", "Startup Cost": 2.5, "Total Cost": 59112.88, "Plan Rows": 300000, "Plan Width": 42, "Inner Unique": false, "Hash Cond": "(customer.c_nationkey = nation.n_nationkey), (LLVM Optimized)", "Plans": [{"Node Type": "Seq Scan", "Parent Relationship": "Outer", "Relation Name": "customer", "Alias": "customer", "Startup Cost": 0.0, "Total Cost": 52126.0, "Plan Rows": 1500000, "Plan Width": 12}, {"Node Type": "Hash", "Parent Relationship": "Inner", "Startup Cost": 2.44, "Total Cost": 2.44, "Plan Rows": 5, "Plan Width": 30, "Plans": [{"Node Type": "Hash Join", "Parent Relationship": "Outer", "Join Type": "Inner", "Startup Cost": 1.07, "Total Cost": 2.44, "Plan Rows": 5, "Plan Width": 30, "Inner Unique": true, "Hash Cond": "(nation.n_regionkey = region.r_regionkey)", "Plans": [{"Node Type": "Seq Scan", "Parent Relationship": "Outer", "Relation Name": "nation", "Alias": "nation", "Startup Cost": 0.0, "Total Cost": 1.25, "Plan Rows": 25, "Plan Width": 34}, {"Node Type": "Hash", "Parent Relationship": "Inner", "Startup Cost": 1.06, "Total Cost": 1.06, "Plan Rows": 1, "Plan Width": 4, "Plans": [{"Node Type": "Seq Scan", "Parent Relationship": "Outer", "Relation Name": "region", "Alias": "region", "Startup Cost": 0.0, "Total Cost": 1.06, "Plan Rows": 1, "Plan Width": 4, "Filter": "(r_name = 'MIDDLE EAST'::bpchar)"}]}]}]}]}]}]}]}]}, {"Node Type": "Hash", "Parent Relationship": "Inner", "Startup Cost": 3283.0, "Total Cost": 3283.0, "Plan Rows": 100000, "Plan Width": 12, "Plans": [{"Node Type": "Seq Scan", "Parent Relationship": "Outer", "Relation Name": "supplier", "Alias": "supplier", "Startup Cost": 0.0, "Total Cost": 3283.0, "Plan Rows": 100000, "Plan Width": 12}]}]}]}]}, "Unique SQL Id": 1392561963}, "explain_analyze_plan": null}, "(64, 75)": {"explain_plan": {"Plan": {"Node Type": "Sort", "Startup Cost": 6000538575450.4, "Total Cost": 6000538575450.46, "Plan Rows": 25, "Plan Width": 50, "Sort Key": ["(sum((lineitem.l_extendedprice * (1::double precision - lineitem.l_discount)))) DESC"], "Plans": [{"Node Type": "Aggregate", "Strategy": "Hashed", "Parent Relationship": "Outer", "Startup Cost": 6000538575449.57, "Total Cost": 6000538575449.82, "Plan Rows": 25, "Plan Width": 50, "Group By Key": ["nation.n_name"], "Plans": [{"Node Type": "Hash Join", "Parent Relationship": "Outer", "Join Type": "Inner", "Startup Cost": 3030389125516.43, "Total Cost": 6000538575355.67, "Plan Rows": 9390, "Plan Width": 42, "Inner Unique": false, "Hash Cond": "((customer.c_custkey = orders.o_custkey) AND (supplier.s_suppkey = lineitem.l_suppkey))", "Plans": [{"Node Type": "Hash Join", "Parent Relationship": "Outer", "Join Type": "Inner", "Startup Cost": 1030000001233.76, "Total Cost": 4000137451743.55, "Plan Rows": 1199923555, "Plan Width": 42, "Inner Unique": true, "Hash Cond": "(nation.n_regionkey = region.r_regionkey), (LLVM Optimized)", "Plans": [{"Node Type": "Merge Join", "Parent Relationship": "Outer", "Join Type": "Inner", "Startup Cost": 30000000000.0, "Total Cost": 3000110414732.2, "Plan Rows": 5999617773, "Plan Width": 46, "Inner Unique": false, "Merge Cond": "(supplier.s_nationkey = customer.c_nationkey)", "Plans": [{"Node Type": "Merge Join", "Parent Relationship": "Outer", "Join Type": "Inner", "Startup Cost": 20000000000.0, "Total Cost": 2000001220069.35, "Plan Rows": 100000, "Plan Width": 46, "Inner Unique": false, "Merge Cond": "(nation.n_nationkey = supplier.s_nationkey)", "Plans": [{"Node Type": "Index Scan", "Parent Relationship": "Outer", "Scan Direction": "Forward", "Index Name": "nation_pkey", "Relation Name": "nation", "Alias": "nation", "Startup Cost": 10000000000.0, "Total Cost": 1000000001262.5, "Plan Rows": 25, "Plan Width": 34}, {"Node Type": "Index Scan", "Parent Relationship": "Inner", "Scan Direction": "Forward", "Index Name": "idx_supplier_nation_key", "Relation Name": "supplier", "Alias": "supplier", "Startup Cost": 10000000000.0, "Total Cost": 1000001217556.78, "Plan Rows": 100000, "Plan Width": 12}]}, {"Node Type": "Materialize", "Parent Relationship": "Inner", "Startup Cost": 10000000000.0, "Total Cost": 1000019203896.25, "Plan Rows": 1500000, "Plan Width": 12, "Plans": [{"Node Type": "Index Scan", "Parent Relationship": "Outer", "Scan Direction": "Forward", "Index Name": "idx_customer_nationkey", "Relation Name": "customer", "Alias": "customer", "Startup Cost": 10000000000.0, "Total Cost": 1000019200146.25, "Plan Rows": 1500000, "Plan Width": 12}]}]}, {"Node Type": "Hash", "Parent Relationship": "Inner", "Startup Cost": 1000000001233.75, "Total Cost": 1000000001233.75, "Plan Rows": 1, "Plan Width": 4, "Plans": [{"Node Type": "Index Scan", "Parent Relationship": "Outer", "Scan Direction": "Forward", "Index Name": "region_pkey", "Relation Name": "region", "Alias": "region", "Startup Cost": 10000000000.0, "Total Cost": 1000000001233.75, "Plan Rows": 1, "Plan Width": 4, "Filter": "(r_name = 'MIDDLE EAST'::bpchar)"}]}]}, {"Node Type": "Hash", "Parent Relationship": "Inner", "Startup Cost": 2000388813521.41, "Total Cost": 2000388813521.41, "Plan Rows": 20717417, "Plan Width": 32, "Plans": [{"Node Type": "Merge Join", "Parent Relationship": "Outer", "Join Type": "Inner", "Startup Cost": 20036448550.05, "Total Cost": 2000388813521.41, "Plan Rows": 20717417, "Plan Width": 32, "Inner Unique": false, "Merge Cond": "(orders.o_orderkey = lineitem.l_orderkey)", "Plans": [{"Node Type": "Index Scan", "Parent Relationship": "Outer", "Scan Direction": "Forward", "Index Name": "orders_pkey", "Relation Name": "orders", "Alias": "orders", "Startup Cost": 10000000000.0, "Total Cost": 1000080597583.0, "Plan Rows": 2281758, "Plan Width": 16, "Filter": "((o_orderdate >= '1994-01-01 00:00:00'::timestamp(0) without time zone) AND (o_orderdate < '1995-01-01 00:00:00'::timestamp without time zone)), (LLVM Optimized)"}, {"Node Type": "Index Scan", "Parent Relationship": "Inner", "Scan Direction": "Forward", "Index Name": "idx_lineitem_orderkey", "Relation Name": "lineitem", "Alias": "lineitem", "Startup Cost": 10000000000.0, "Total Cost": 1000324015374.5, "Plan Rows": 59987033, "Plan Width": 32}]}]}]}]}]}, "Unique SQL Id": 1392561963}, "explain_analyze_plan": null}, "(64, 76)": {"explain_plan": {"Plan": {"Node Type": "Sort", "Startup Cost": 1725085.77, "Total Cost": 1725085.83, "Plan Rows": 25, "Plan Width": 50, "Sort Key": ["(sum((lineitem.l_extendedprice * (1::double precision - lineitem.l_discount)))) DESC"], "Plans": [{"Node Type": "Aggregate", "Strategy": "Hashed", "Parent Relationship": "Outer", "Startup Cost": 1725084.93, "Total Cost": 1725085.18, "Plan Rows": 25, "Plan Width": 50, "Group By Key": ["nation.n_name"], "Plans": [{"Node Type": "Hash Join", "Parent Relationship": "Outer", "Join Type": "Inner", "Startup Cost": 4783.0, "Total Cost": 1724991.03, "Plan Rows": 9390, "Plan Width": 42, "Inner Unique": true, "Hash Cond": "((lineitem.l_suppkey = supplier.s_suppkey) AND (customer.c_nationkey = supplier.s_nationkey))", "Plans": [{"Node Type": "Nested Loop", "Parent Relationship": "Outer", "Join Type": "Inner", "Startup Cost": 0.0, "Total Cost": 1692447.02, "Plan Rows": 3688948, "Plan Width": 58, "Inner Unique": false, "Plans": [{"Node Type": "Nested Loop", "Parent Relationship": "Outer", "Join Type": "Inner", "Startup Cost": 0.0, "Total Cost": 416652.61, "Plan Rows": 406290, "Plan Width": 42, "Inner Unique": false, "Plans": [{"Node Type": "Nested Loop", "Parent Relationship": "Outer", "Join Type": "Inner", "Startup Cost": 0.0, "Total Cost": 41543.81, "Plan Rows": 300000, "Plan Width": 42, "Inner Unique": false, "Plans": [{"Node Type": "Nested Loop", "Parent Relationship": "Outer", "Join Type": "Inner", "Startup Cost": 0.0, "Total Cost": 31.69, "Plan Rows": 5, "Plan Width": 30, "Inner Unique": true, "Plans": [{"Node Type": "Index Scan", "Parent Relationship": "Outer", "Scan Direction": "Forward", "Index Name": "nation_pkey", "Relation Name": "nation", "Alias": "nation", "Startup Cost": 0.0, "Total Cost": 12.62, "Plan Rows": 25, "Plan Width": 34}, {"Node Type": "Index Scan", "Parent Relationship": "Inner", "Scan Direction": "Forward", "Index Name": "region_pkey", "Relation Name": "region", "Alias": "region", "Startup Cost": 0.0, "Total Cost": 0.75, "Plan Rows": 1, "Plan Width": 4, "Index Cond": "(r_regionkey = nation.n_regionkey)", "Filter": "(r_name = 'MIDDLE EAST'::bpchar)"}]}, {"Node Type": "Index Scan", "Parent Relationship": "Inner", "Scan Direction": "Forward", "Index Name": "idx_customer_nationkey", "Relation Name": "customer", "Alias": "customer", "Startup Cost": 0.0, "Total Cost": 7702.43, "Plan Rows": 60000, "Plan Width": 12, "Index Cond": "(c_nationkey = nation.n_nationkey)"}]}, {"Node Type": "Index Scan", "Parent Relationship": "Inner", "Scan Direction": "Forward", "Index Name": "idx_orders_custkey", "Relation Name": "orders", "Alias": "orders", "Startup Cost": 0.0, "Total Cost": 1.24, "Plan Rows": 1, "Plan Width": 16, "Index Cond": "(o_custkey = customer.c_custkey)", "Filter": "((o_orderdate >= '1994-01-01 00:00:00'::timestamp(0) without time zone) AND (o_orderdate < '1995-01-01 00:00:00'::timestamp without time zone))"}]}, {"Node Type": "Index Scan", "Parent Relationship": "Inner", "Scan Direction": "Forward", "Index Name": "idx_lineitem_orderkey", "Relation Name": "lineitem", "Alias": "lineitem", "Startup Cost": 0.0, "Total Cost": 3.05, "Plan Rows": 9, "Plan Width": 32, "Index Cond": "(l_orderkey = orders.o_orderkey)"}]}, {"Node Type": "Hash", "Parent Relationship": "Inner", "Startup Cost": 3283.0, "Total Cost": 3283.0, "Plan Rows": 100000, "Plan Width": 12, "Plans": [{"Node Type": "Seq Scan", "Parent Relationship": "Outer", "Relation Name": "supplier", "Alias": "supplier", "Startup Cost": 0.0, "Total Cost": 3283.0, "Plan Rows": 100000, "Plan Width": 12}]}]}]}]}, "Unique SQL Id": 1392561963}, "explain_analyze_plan": {"Plan": {"Node Type": "Sort", "Startup Cost": 1725085.77, "Total Cost": 1725085.83, "Plan Rows": 25, "Plan Width": 50, "Actual Startup Time": 16275.75, "Actual Total Time": 16275.751, "Actual Rows": 5, "Actual Loops": 1, "Sort Key": ["(sum((lineitem.l_extendedprice * (1::double precision - lineitem.l_discount)))) DESC"], "Sort Method": "quicksort", "Sort Space Used": 25, "Sort Space Type": "Memory", "Plans": [{"Node Type": "Aggregate", "Strategy": "Hashed", "Parent Relationship": "Outer", "Startup Cost": 1725084.93, "Total Cost": 1725085.18, "Plan Rows": 25, "Plan Width": 50, "Actual Startup Time": 16275.718, "Actual Total Time": 16275.72, "Actual Rows": 5, "Actual Loops": 1, "Group By Key": ["nation.n_name"], "Plans": [{"Node Type": "Hash Join", "Parent Relationship": "Outer", "Join Type": "Inner", "Startup Cost": 4783.0, "Total Cost": 1724991.03, "Plan Rows": 9390, "Plan Width": 42, "Actual Startup Time": 69.982, "Actual Total Time": 16195.72, "Actual Rows": 72985, "Actual Loops": 1, "Inner Unique": true, "Hash Cond": "((lineitem.l_suppkey = supplier.s_suppkey) AND (customer.c_nationkey = supplier.s_nationkey))", "Plans": [{"Node Type": "Nested Loop", "Parent Relationship": "Outer", "Join Type": "Inner", "Startup Cost": 0.0, "Total Cost": 1692447.02, "Plan Rows": 3688948, "Plan Width": 58, "Actual Startup Time": 0.139, "Actual Total Time": 15307.269, "Actual Rows": 1815222, "Actual Loops": 1, "Inner Unique": false, "Plans": [{"Node Type": "Nested Loop", "Parent Relationship": "Outer", "Join Type": "Inner", "Startup Cost": 0.0, "Total Cost": 416652.61, "Plan Rows": 406290, "Plan Width": 42, "Actual Startup Time": 0.123, "Actual Total Time": 9405.638, "Actual Rows": 454183, "Actual Loops": 1, "Inner Unique": false, "Plans": [{"Node Type": "Nested Loop", "Parent Relationship": "Outer", "Join Type": "Inner", "Startup Cost": 0.0, "Total Cost": 41543.81, "Plan Rows": 300000, "Plan Width": 42, "Actual Startup Time": 0.077, "Actual Total Time": 518.382, "Actual Rows": 299838, "Actual Loops": 1, "Inner Unique": false, "Plans": [{"Node Type": "Nested Loop", "Parent Relationship": "Outer", "Join Type": "Inner", "Startup Cost": 0.0, "Total Cost": 31.69, "Plan Rows": 5, "Plan Width": 30, "Actual Startup Time": 0.052, "Actual Total Time": 0.212, "Actual Rows": 5, "Actual Loops": 1, "Inner Unique": true, "Plans": [{"Node Type": "Index Scan", "Parent Relationship": "Outer", "Scan Direction": "Forward", "Index Name": "nation_pkey", "Relation Name": "nation", "Alias": "nation", "Startup Cost": 0.0, "Total Cost": 12.62, "Plan Rows": 25, "Plan Width": 34, "Actual Startup Time": 0.017, "Actual Total Time": 0.049, "Actual Rows": 25, "Actual Loops": 1}, {"Node Type": "Index Scan", "Parent Relationship": "Inner", "Scan Direction": "Forward", "Index Name": "region_pkey", "Relation Name": "region", "Alias": "region", "Startup Cost": 0.0, "Total Cost": 0.75, "Plan Rows": 1, "Plan Width": 4, "Actual Startup Time": 0.114, "Actual Total Time": 0.114, "Actual Rows": 5, "Actual Loops": 25, "Index Cond": "(r_regionkey = nation.n_regionkey)", "Rows Removed by Index Recheck": 0, "Filter": "(r_name = 'MIDDLE EAST'::bpchar)", "Rows Removed by Filter": 20}]}, {"Node Type": "Index Scan", "Parent Relationship": "Inner", "Scan Direction": "Forward", "Index Name": "idx_customer_nationkey", "Relation Name": "customer", "Alias": "customer", "Startup Cost": 0.0, "Total Cost": 7702.43, "Plan Rows": 60000, "Plan Width": 12, "Actual Startup Time": 0.137, "Actual Total Time": 434.841, "Actual Rows": 299838, "Actual Loops": 5, "Index Cond": "(c_nationkey = nation.n_nationkey)", "Rows Removed by Index Recheck": 0}]}, {"Node Type": "Index Scan", "Parent Relationship": "Inner", "Scan Direction": "Forward", "Index Name": "idx_orders_custkey", "Relation Name": "orders", "Alias": "orders", "Startup Cost": 0.0, "Total Cost": 1.24, "Plan Rows": 1, "Plan Width": 16, "Actual Startup Time": 4078.942, "Actual Total Time": 8626.906, "Actual Rows": 454183, "Actual Loops": 299838, "Index Cond": "(o_custkey = customer.c_custkey)", "Rows Removed by Index Recheck": 0, "Filter": "((o_orderdate >= '1994-01-01 00:00:00'::timestamp(0) without time zone) AND (o_orderdate < '1995-01-01 00:00:00'::timestamp without time zone))", "Rows Removed by Filter": 2542535}]}, {"Node Type": "Index Scan", "Parent Relationship": "Inner", "Scan Direction": "Forward", "Index Name": "idx_lineitem_orderkey", "Relation Name": "lineitem", "Alias": "lineitem", "Startup Cost": 0.0, "Total Cost": 3.05, "Plan Rows": 9, "Plan Width": 32, "Actual Startup Time": 4293.199, "Actual Total Time": 5257.583, "Actual Rows": 1815222, "Actual Loops": 454183, "Index Cond": "(l_orderkey = orders.o_orderkey)", "Rows Removed by Index Recheck": 0}]}, {"Node Type": "Hash", "Parent Relationship": "Inner", "Startup Cost": 3283.0, "Total Cost": 3283.0, "Plan Rows": 100000, "Plan Width": 12, "Actual Startup Time": 69.572, "Actual Total Time": 69.572, "Actual Rows": 100000, "Actual Loops": 1, "Hash Buckets": 131072, "Hash Batches": 1, "Original Hash Batches": 1, "Peak Memory Usage": 4297, "Plans": [{"Node Type": "Seq Scan", "Parent Relationship": "Outer", "Relation Name": "supplier", "Alias": "supplier", "Startup Cost": 0.0, "Total Cost": 3283.0, "Plan Rows": 100000, "Plan Width": 12, "Actual Startup Time": 0.018, "Actual Total Time": 36.291, "Actual Rows": 100000, "Actual Loops": 1}]}]}]}]}, "Triggers": [], "Planner Runtime": 9.107, "Total Runtime": 16276.085, "Unique SQL Id": 1392561963}}, "(64, 77)": {"explain_plan": {"Plan": {"Node Type": "Sort", "Startup Cost": 1727137.31, "Total Cost": 1727137.37, "Plan Rows": 25, "Plan Width": 50, "Sort Key": ["(sum((lineitem.l_extendedprice * (1::double precision - lineitem.l_discount)))) DESC"], "Plans": [{"Node Type": "Aggregate", "Strategy": "Hashed", "Parent Relationship": "Outer", "Startup Cost": 1727136.48, "Total Cost": 1727136.73, "Plan Rows": 25, "Plan Width": 50, "Group By Key": ["nation.n_name"], "Plans": [{"Node Type": "Hash Join", "Parent Relationship": "Outer", "Join Type": "Inner", "Startup Cost": 6834.54, "Total Cost": 1727042.58, "Plan Rows": 9390, "Plan Width": 42, "Inner Unique": true, "Hash Cond": "((lineitem.l_suppkey = supplier.s_suppkey) AND (customer.c_nationkey = supplier.s_nationkey))", "Plans": [{"Node Type": "Nested Loop", "Parent Relationship": "Outer", "Join Type": "Inner", "Startup Cost": 0.0, "Total Cost": 1692447.02, "Plan Rows": 3688948, "Plan Width": 58, "Inner Unique": false, "Plans": [{"Node Type": "Nested Loop", "Parent Relationship": "Outer", "Join Type": "Inner", "Startup Cost": 0.0, "Total Cost": 416652.61, "Plan Rows": 406290, "Plan Width": 42, "Inner Unique": false, "Plans": [{"Node Type": "Nested Loop", "Parent Relationship": "Outer", "Join Type": "Inner", "Startup Cost": 0.0, "Total Cost": 41543.81, "Plan Rows": 300000, "Plan Width": 42, "Inner Unique": false, "Plans": [{"Node Type": "Nested Loop", "Parent Relationship": "Outer", "Join Type": "Inner", "Startup Cost": 0.0, "Total Cost": 31.69, "Plan Rows": 5, "Plan Width": 30, "Inner Unique": true, "Plans": [{"Node Type": "Index Scan", "Parent Relationship": "Outer", "Scan Direction": "Forward", "Index Name": "nation_pkey", "Relation Name": "nation", "Alias": "nation", "Startup Cost": 0.0, "Total Cost": 12.62, "Plan Rows": 25, "Plan Width": 34}, {"Node Type": "Index Scan", "Parent Relationship": "Inner", "Scan Direction": "Forward", "Index Name": "region_pkey", "Relation Name": "region", "Alias": "region", "Startup Cost": 0.0, "Total Cost": 0.75, "Plan Rows": 1, "Plan Width": 4, "Index Cond": "(r_regionkey = nation.n_regionkey)", "Filter": "(r_name = 'MIDDLE EAST'::bpchar)"}]}, {"Node Type": "Index Scan", "Parent Relationship": "Inner", "Scan Direction": "Forward", "Index Name": "idx_customer_nationkey", "Relation Name": "customer", "Alias": "customer", "Startup Cost": 0.0, "Total Cost": 7702.43, "Plan Rows": 60000, "Plan Width": 12, "Index Cond": "(c_nationkey = nation.n_nationkey)"}]}, {"Node Type": "Index Scan", "Parent Relationship": "Inner", "Scan Direction": "Forward", "Index Name": "idx_orders_custkey", "Relation Name": "orders", "Alias": "orders", "Startup Cost": 0.0, "Total Cost": 1.24, "Plan Rows": 1, "Plan Width": 16, "Index Cond": "(o_custkey = customer.c_custkey)", "Filter": "((o_orderdate >= '1994-01-01 00:00:00'::timestamp(0) without time zone) AND (o_orderdate < '1995-01-01 00:00:00'::timestamp without time zone))"}]}, {"Node Type": "Index Scan", "Parent Relationship": "Inner", "Scan Direction": "Forward", "Index Name": "idx_lineitem_orderkey", "Relation Name": "lineitem", "Alias": "lineitem", "Startup Cost": 0.0, "Total Cost": 3.05, "Plan Rows": 9, "Plan Width": 32, "Index Cond": "(l_orderkey = orders.o_orderkey)"}]}, {"Node Type": "Hash", "Parent Relationship": "Inner", "Startup Cost": 5334.54, "Total Cost": 5334.54, "Plan Rows": 100000, "Plan Width": 12, "Plans": [{"Node Type": "Index Scan", "Parent Relationship": "Outer", "Scan Direction": "Forward", "Index Name": "supplier_pkey", "Relation Name": "supplier", "Alias": "supplier", "Startup Cost": 0.0, "Total Cost": 5334.54, "Plan Rows": 100000, "Plan Width": 12}]}]}]}]}, "Unique SQL Id": 1392561963}, "explain_analyze_plan": {"Plan": {"Node Type": "Sort", "Startup Cost": 1727137.31, "Total Cost": 1727137.37, "Plan Rows": 25, "Plan Width": 50, "Actual Startup Time": 16675.016, "Actual Total Time": 16675.017, "Actual Rows": 5, "Actual Loops": 1, "Sort Key": ["(sum((lineitem.l_extendedprice * (1::double precision - lineitem.l_discount)))) DESC"], "Sort Method": "quicksort", "Sort Space Used": 25, "Sort Space Type": "Memory", "Plans": [{"Node Type": "Aggregate", "Strategy": "Hashed", "Parent Relationship": "Outer", "Startup Cost": 1727136.48, "Total Cost": 1727136.73, "Plan Rows": 25, "Plan Width": 50, "Actual Startup Time": 16674.985, "Actual Total Time": 16674.986, "Actual Rows": 5, "Actual Loops": 1, "Group By Key": ["nation.n_name"], "Plans": [{"Node Type": "Hash Join", "Parent Relationship": "Outer", "Join Type": "Inner", "Startup Cost": 6834.54, "Total Cost": 1727042.58, "Plan Rows": 9390, "Plan Width": 42, "Actual Startup Time": 92.413, "Actual Total Time": 16594.512, "Actual Rows": 72985, "Actual Loops": 1, "Inner Unique": true, "Hash Cond": "((lineitem.l_suppkey = supplier.s_suppkey) AND (customer.c_nationkey = supplier.s_nationkey))", "Plans": [{"Node Type": "Nested Loop", "Parent Relationship": "Outer", "Join Type": "Inner", "Startup Cost": 0.0, "Total Cost": 1692447.02, "Plan Rows": 3688948, "Plan Width": 58, "Actual Startup Time": 0.129, "Actual Total Time": 15681.855, "Actual Rows": 1815222, "Actual Loops": 1, "Inner Unique": false, "Plans": [{"Node Type": "Nested Loop", "Parent Relationship": "Outer", "Join Type": "Inner", "Startup Cost": 0.0, "Total Cost": 416652.61, "Plan Rows": 406290, "Plan Width": 42, "Actual Startup Time": 0.115, "Actual Total Time": 9716.153, "Actual Rows": 454183, "Actual Loops": 1, "Inner Unique": false, "Plans": [{"Node Type": "Nested Loop", "Parent Relationship": "Outer", "Join Type": "Inner", "Startup Cost": 0.0, "Total Cost": 41543.81, "Plan Rows": 300000, "Plan Width": 42, "Actual Startup Time": 0.069, "Actual Total Time": 537.477, "Actual Rows": 299838, "Actual Loops": 1, "Inner Unique": false, "Plans": [{"Node Type": "Nested Loop", "Parent Relationship": "Outer", "Join Type": "Inner", "Startup Cost": 0.0, "Total Cost": 31.69, "Plan Rows": 5, "Plan Width": 30, "Actual Startup Time": 0.043, "Actual Total Time": 0.271, "Actual Rows": 5, "Actual Loops": 1, "Inner Unique": true, "Plans": [{"Node Type": "Index Scan", "Parent Relationship": "Outer", "Scan Direction": "Forward", "Index Name": "nation_pkey", "Relation Name": "nation", "Alias": "nation", "Startup Cost": 0.0, "Total Cost": 12.62, "Plan Rows": 25, "Plan Width": 34, "Actual Startup Time": 0.013, "Actual Total Time": 0.115, "Actual Rows": 25, "Actual Loops": 1}, {"Node Type": "Index Scan", "Parent Relationship": "Inner", "Scan Direction": "Forward", "Index Name": "region_pkey", "Relation Name": "region", "Alias": "region", "Startup Cost": 0.0, "Total Cost": 0.75, "Plan Rows": 1, "Plan Width": 4, "Actual Startup Time": 0.1, "Actual Total Time": 0.1, "Actual Rows": 5, "Actual Loops": 25, "Index Cond": "(r_regionkey = nation.n_regionkey)", "Rows Removed by Index Recheck": 0, "Filter": "(r_name = 'MIDDLE EAST'::bpchar)", "Rows Removed by Filter": 20}]}, {"Node Type": "Index Scan", "Parent Relationship": "Inner", "Scan Direction": "Forward", "Index Name": "idx_customer_nationkey", "Relation Name": "customer", "Alias": "customer", "Startup Cost": 0.0, "Total Cost": 7702.43, "Plan Rows": 60000, "Plan Width": 12, "Actual Startup Time": 0.167, "Actual Total Time": 454.65, "Actual Rows": 299838, "Actual Loops": 5, "Index Cond": "(c_nationkey = nation.n_nationkey)", "Rows Removed by Index Recheck": 0}]}, {"Node Type": "Index Scan", "Parent Relationship": "Inner", "Scan Direction": "Forward", "Index Name": "idx_orders_custkey", "Relation Name": "orders", "Alias": "orders", "Startup Cost": 0.0, "Total Cost": 1.24, "Plan Rows": 1, "Plan Width": 16, "Actual Startup Time": 4218.636, "Actual Total Time": 8918.09, "Actual Rows": 454183, "Actual Loops": 299838, "Index Cond": "(o_custkey = customer.c_custkey)", "Rows Removed by Index Recheck": 0, "Filter": "((o_orderdate >= '1994-01-01 00:00:00'::timestamp(0) without time zone) AND (o_orderdate < '1995-01-01 00:00:00'::timestamp without time zone))", "Rows Removed by Filter": 2542535}]}, {"Node Type": "Index Scan", "Parent Relationship": "Inner", "Scan Direction": "Forward", "Index Name": "idx_lineitem_orderkey", "Relation Name": "lineitem", "Alias": "lineitem", "Startup Cost": 0.0, "Total Cost": 3.05, "Plan Rows": 9, "Plan Width": 32, "Actual Startup Time": 4352.14, "Actual Total Time": 5304.936, "Actual Rows": 1815222, "Actual Loops": 454183, "Index Cond": "(l_orderkey = orders.o_orderkey)", "Rows Removed by Index Recheck": 0}]}, {"Node Type": "Hash", "Parent Relationship": "Inner", "Startup Cost": 5334.54, "Total Cost": 5334.54, "Plan Rows": 100000, "Plan Width": 12, "Actual Startup Time": 92.07, "Actual Total Time": 92.07, "Actual Rows": 100000, "Actual Loops": 1, "Hash Buckets": 131072, "Hash Batches": 1, "Original Hash Batches": 1, "Peak Memory Usage": 4297, "Plans": [{"Node Type": "Index Scan", "Parent Relationship": "Outer", "Scan Direction": "Forward", "Index Name": "supplier_pkey", "Relation Name": "supplier", "Alias": "supplier", "Startup Cost": 0.0, "Total Cost": 5334.54, "Plan Rows": 100000, "Plan Width": 12, "Actual Startup Time": 0.019, "Actual Total Time": 59.658, "Actual Rows": 100000, "Actual Loops": 1}]}]}]}]}, "Triggers": [], "Planner Runtime": 8.668, "Total Runtime": 16675.325, "Unique SQL Id": 1392561963}}, "(64, 78)": {"explain_plan": {"Plan": {"Node Type": "Sort", "Startup Cost": 2891580.15, "Total Cost": 2891580.22, "Plan Rows": 25, "Plan Width": 50, "Sort Key": ["(sum((lineitem.l_extendedprice * (1::double precision - lineitem.l_discount)))) DESC"], "Plans": [{"Node Type": "Aggregate", "Strategy": "Hashed", "Parent Relationship": "Outer", "Startup Cost": 2891579.32, "Total Cost": 2891579.57, "Plan Rows": 25, "Plan Width": 50, "Group By Key": ["nation.n_name"], "Plans": [{"Node Type": "Hash Join", "Parent Relationship": "Outer", "Join Type": "Inner", "Startup Cost": 586755.18, "Total Cost": 2891485.42, "Plan Rows": 9390, "Plan Width": 42, "Inner Unique": true, "Hash Cond": "((lineitem.l_suppkey = supplier.s_suppkey) AND (customer.c_nationkey = supplier.s_nationkey))", "Plans": [{"Node Type": "Hash Join", "Parent Relationship": "Outer", "Join Type": "Inner", "Startup Cost": 581972.18, "Total Cost": 2858928.33, "Plan Rows": 3688948, "Plan Width": 58, "Inner Unique": false, "Hash Cond": "(lineitem.l_orderkey = orders.o_orderkey), (LLVM Optimized)", "Plans": [{"Node Type": "Seq Scan", "Parent Relationship": "Outer", "Relation Name": "lineitem", "Alias": "lineitem", "Startup Cost": 0.0, "Total Cost": 2015115.33, "Plan Rows": 59987033, "Plan Width": 32}, {"Node Type": "Hash", "Parent Relationship": "Inner", "Startup Cost": 576893.55, "Total Cost": 576893.55, "Plan Rows": 406290, "Plan Width": 42, "Plans": [{"Node Type": "Hash Join", "Parent Relationship": "Outer", "Join Type": "Inner", "Startup Cost": 63303.86, "Total Cost": 576893.55, "Plan Rows": 406290, "Plan Width": 42, "Inner Unique": false, "Hash Cond": "(orders.o_custkey = customer.c_custkey), (LLVM Optimized)", "Plans": [{"Node Type": "Seq Scan", "Parent Relationship": "Outer", "Relation Name": "orders", "Alias": "orders", "Startup Cost": 440.98, "Total Cost": 501411.18, "Plan Rows": 2281758, "Plan Width": 16, "Filter": "((o_orderdate >= '1994-01-01 00:00:00'::timestamp(0) without time zone) AND (o_orderdate < '1995-01-01 00:00:00'::timestamp without time zone)), (LLVM Optimized)"}, {"Node Type": "Hash", "Parent Relationship": "Inner", "Startup Cost": 59112.88, "Total Cost": 59112.88, "Plan Rows": 300000, "Plan Width": 42, "Plans": [{"Node Type": "Hash Join", "Parent Relationship": "Outer", "Join Type": "Inner", "Startup Cost": 2.5, "Total Cost": 59112.88, "Plan Rows": 300000, "Plan Width": 42, "Inner Unique": false, "Hash Cond": "(customer.c_nationkey = nation.n_nationkey), (LLVM Optimized)", "Plans": [{"Node Type": "Seq Scan", "Parent Relationship": "Outer", "Relation Name": "customer", "Alias": "customer", "Startup Cost": 0.0, "Total Cost": 52126.0, "Plan Rows": 1500000, "Plan Width": 12}, {"Node Type": "Hash", "Parent Relationship": "Inner", "Startup Cost": 2.44, "Total Cost": 2.44, "Plan Rows": 5, "Plan Width": 30, "Plans": [{"Node Type": "Hash Join", "Parent Relationship": "Outer", "Join Type": "Inner", "Startup Cost": 1.07, "Total Cost": 2.44, "Plan Rows": 5, "Plan Width": 30, "Inner Unique": true, "Hash Cond": "(nation.n_regionkey = region.r_regionkey)", "Plans": [{"Node Type": "Seq Scan", "Parent Relationship": "Outer", "Relation Name": "nation", "Alias": "nation", "Startup Cost": 0.0, "Total Cost": 1.25, "Plan Rows": 25, "Plan Width": 34}, {"Node Type": "Hash", "Parent Relationship": "Inner", "Startup Cost": 1.06, "Total Cost": 1.06, "Plan Rows": 1, "Plan Width": 4, "Plans": [{"Node Type": "Seq Scan", "Parent Relationship": "Outer", "Relation Name": "region", "Alias": "region", "Startup Cost": 0.0, "Total Cost": 1.06, "Plan Rows": 1, "Plan Width": 4, "Filter": "(r_name = 'MIDDLE EAST'::bpchar)"}]}]}]}]}]}]}]}]}, {"Node Type": "Hash", "Parent Relationship": "Inner", "Startup Cost": 3283.0, "Total Cost": 3283.0, "Plan Rows": 100000, "Plan Width": 12, "Plans": [{"Node Type": "Seq Scan", "Parent Relationship": "Outer", "Relation Name": "supplier", "Alias": "supplier", "Startup Cost": 0.0, "Total Cost": 3283.0, "Plan Rows": 100000, "Plan Width": 12}]}]}]}]}, "Unique SQL Id": 1392561963}, "explain_analyze_plan": null}, "(64, 79)": {"explain_plan": {"Plan": {"Node Type": "Sort", "Startup Cost": 6000538575450.4, "Total Cost": 6000538575450.46, "Plan Rows": 25, "Plan Width": 50, "Sort Key": ["(sum((lineitem.l_extendedprice * (1::double precision - lineitem.l_discount)))) DESC"], "Plans": [{"Node Type": "Aggregate", "Strategy": "Hashed", "Parent Relationship": "Outer", "Startup Cost": 6000538575449.57, "Total Cost": 6000538575449.82, "Plan Rows": 25, "Plan Width": 50, "Group By Key": ["nation.n_name"], "Plans": [{"Node Type": "Hash Join", "Parent Relationship": "Outer", "Join Type": "Inner", "Startup Cost": 3030389125516.43, "Total Cost": 6000538575355.67, "Plan Rows": 9390, "Plan Width": 42, "Inner Unique": false, "Hash Cond": "((customer.c_custkey = orders.o_custkey) AND (supplier.s_suppkey = lineitem.l_suppkey))", "Plans": [{"Node Type": "Hash Join", "Parent Relationship": "Outer", "Join Type": "Inner", "Startup Cost": 1030000001233.76, "Total Cost": 4000137451743.55, "Plan Rows": 1199923555, "Plan Width": 42, "Inner Unique": true, "Hash Cond": "(nation.n_regionkey = region.r_regionkey), (LLVM Optimized)", "Plans": [{"Node Type": "Merge Join", "Parent Relationship": "Outer", "Join Type": "Inner", "Startup Cost": 30000000000.0, "Total Cost": 3000110414732.2, "Plan Rows": 5999617773, "Plan Width": 46, "Inner Unique": false, "Merge Cond": "(supplier.s_nationkey = customer.c_nationkey)", "Plans": [{"Node Type": "Merge Join", "Parent Relationship": "Outer", "Join Type": "Inner", "Startup Cost": 20000000000.0, "Total Cost": 2000001220069.35, "Plan Rows": 100000, "Plan Width": 46, "Inner Unique": false, "Merge Cond": "(nation.n_nationkey = supplier.s_nationkey)", "Plans": [{"Node Type": "Index Scan", "Parent Relationship": "Outer", "Scan Direction": "Forward", "Index Name": "nation_pkey", "Relation Name": "nation", "Alias": "nation", "Startup Cost": 10000000000.0, "Total Cost": 1000000001262.5, "Plan Rows": 25, "Plan Width": 34}, {"Node Type": "Index Scan", "Parent Relationship": "Inner", "Scan Direction": "Forward", "Index Name": "idx_supplier_nation_key", "Relation Name": "supplier", "Alias": "supplier", "Startup Cost": 10000000000.0, "Total Cost": 1000001217556.78, "Plan Rows": 100000, "Plan Width": 12}]}, {"Node Type": "Materialize", "Parent Relationship": "Inner", "Startup Cost": 10000000000.0, "Total Cost": 1000019203896.25, "Plan Rows": 1500000, "Plan Width": 12, "Plans": [{"Node Type": "Index Scan", "Parent Relationship": "Outer", "Scan Direction": "Forward", "Index Name": "idx_customer_nationkey", "Relation Name": "customer", "Alias": "customer", "Startup Cost": 10000000000.0, "Total Cost": 1000019200146.25, "Plan Rows": 1500000, "Plan Width": 12}]}]}, {"Node Type": "Hash", "Parent Relationship": "Inner", "Startup Cost": 1000000001233.75, "Total Cost": 1000000001233.75, "Plan Rows": 1, "Plan Width": 4, "Plans": [{"Node Type": "Index Scan", "Parent Relationship": "Outer", "Scan Direction": "Forward", "Index Name": "region_pkey", "Relation Name": "region", "Alias": "region", "Startup Cost": 10000000000.0, "Total Cost": 1000000001233.75, "Plan Rows": 1, "Plan Width": 4, "Filter": "(r_name = 'MIDDLE EAST'::bpchar)"}]}]}, {"Node Type": "Hash", "Parent Relationship": "Inner", "Startup Cost": 2000388813521.41, "Total Cost": 2000388813521.41, "Plan Rows": 20717417, "Plan Width": 32, "Plans": [{"Node Type": "Merge Join", "Parent Relationship": "Outer", "Join Type": "Inner", "Startup Cost": 20036448550.05, "Total Cost": 2000388813521.41, "Plan Rows": 20717417, "Plan Width": 32, "Inner Unique": false, "Merge Cond": "(orders.o_orderkey = lineitem.l_orderkey)", "Plans": [{"Node Type": "Index Scan", "Parent Relationship": "Outer", "Scan Direction": "Forward", "Index Name": "orders_pkey", "Relation Name": "orders", "Alias": "orders", "Startup Cost": 10000000000.0, "Total Cost": 1000080597583.0, "Plan Rows": 2281758, "Plan Width": 16, "Filter": "((o_orderdate >= '1994-01-01 00:00:00'::timestamp(0) without time zone) AND (o_orderdate < '1995-01-01 00:00:00'::timestamp without time zone)), (LLVM Optimized)"}, {"Node Type": "Index Scan", "Parent Relationship": "Inner", "Scan Direction": "Forward", "Index Name": "idx_lineitem_orderkey", "Relation Name": "lineitem", "Alias": "lineitem", "Startup Cost": 10000000000.0, "Total Cost": 1000324015374.5, "Plan Rows": 59987033, "Plan Width": 32}]}]}]}]}]}, "Unique SQL Id": 1392561963}, "explain_analyze_plan": null}, "(64, 80)": {"explain_plan": {"Plan": {"Node Type": "Sort", "Startup Cost": 2117522.04, "Total Cost": 2117522.1, "Plan Rows": 25, "Plan Width": 50, "Sort Key": ["(sum((lineitem.l_extendedprice * (1::double precision - lineitem.l_discount)))) DESC"], "Plans": [{"Node Type": "Aggregate", "Strategy": "Hashed", "Parent Relationship": "Outer", "Startup Cost": 2117521.21, "Total Cost": 2117521.46, "Plan Rows": 25, "Plan Width": 50, "Group By Key": ["nation.n_name"], "Plans": [{"Node Type": "Merge Join", "Parent Relationship": "Outer", "Join Type": "Inner", "Startup Cost": 2090467.05, "Total Cost": 2117427.31, "Plan Rows": 9390, "Plan Width": 42, "Inner Unique": false, "Merge Cond": "(supplier.s_suppkey = lineitem.l_suppkey)", "Join Filter": "(customer.c_nationkey = supplier.s_nationkey)", "Plans": [{"Node Type": "Index Scan", "Parent Relationship": "Outer", "Scan Direction": "Forward", "Index Name": "supplier_pkey", "Relation Name": "supplier", "Alias": "supplier", "Startup Cost": 0.0, "Total Cost": 5334.54, "Plan Rows": 100000, "Plan Width": 12}, {"Node Type": "Sort", "Parent Relationship": "Inner", "Startup Cost": 2090465.22, "Total Cost": 2099687.59, "Plan Rows": 3688948, "Plan Width": 58, "Sort Key": ["lineitem.l_suppkey"], "Plans": [{"Node Type": "Nested Loop", "Parent Relationship": "Outer", "Join Type": "Inner", "Startup Cost": 1030.37, "Total Cost": 1688097.31, "Plan Rows": 3688948, "Plan Width": 58, "Inner Unique": false, "Plans": [{"Node Type": "Nested Loop", "Parent Relationship": "Outer", "Join Type": "Inner", "Startup Cost": 1030.37, "Total Cost": 412302.9, "Plan Rows": 406290, "Plan Width": 42, "Inner Unique": false, "Plans": [{"Node Type": "Nested Loop", "Parent Relationship": "Outer", "Join Type": "Inner", "Startup Cost": 1030.37, "Total Cost": 37194.1, "Plan Rows": 300000, "Plan Width": 42, "Inner Unique": false, "Plans": [{"Node Type": "Nested Loop", "Parent Relationship": "Outer", "Join Type": "Inner", "Startup Cost": 0.0, "Total Cost": 31.69, "Plan Rows": 5, "Plan Width": 30, "Inner Unique": true, "Plans": [{"Node Type": "Index Scan", "Parent Relationship": "Outer", "Scan Direction": "Forward", "Index Name": "nation_pkey", "Relation Name": "nation", "Alias": "nation", "Startup Cost": 0.0, "Total Cost": 12.62, "Plan Rows": 25, "Plan Width": 34}, {"Node Type": "Index Scan", "Parent Relationship": "Inner", "Scan Direction": "Forward", "Index Name": "region_pkey", "Relation Name": "region", "Alias": "region", "Startup Cost": 0.0, "Total Cost": 0.75, "Plan Rows": 1, "Plan Width": 4, "Index Cond": "(r_regionkey = nation.n_regionkey)", "Filter": "(r_name = 'MIDDLE EAST'::bpchar)"}]}, {"Node Type": "Bitmap Heap Scan", "Parent Relationship": "Inner", "Relation Name": "customer", "Alias": "customer", "Startup Cost": 1030.37, "Total Cost": 6832.48, "Plan Rows": 60000, "Plan Width": 12, "Recheck Cond": "(c_nationkey = nation.n_nationkey)", "Plans": [{"Node Type": "Bitmap Index Scan", "Parent Relationship": "Outer", "Index Name": "idx_customer_nationkey", "Startup Cost": 0.0, "Total Cost": 1015.37, "Plan Rows": 60000, "Plan Width": 0, "Index Cond": "(c_nationkey = nation.n_nationkey)"}]}]}, {"Node Type": "Index Scan", "Parent Relationship": "Inner", "Scan Direction": "Forward", "Index Name": "idx_orders_custkey", "Relation Name": "orders", "Alias": "orders", "Startup Cost": 0.0, "Total Cost": 1.24, "Plan Rows": 1, "Plan Width": 16, "Index Cond": "(o_custkey = customer.c_custkey)", "Filter": "((o_orderdate >= '1994-01-01 00:00:00'::timestamp(0) without time zone) AND (o_orderdate < '1995-01-01 00:00:00'::timestamp without time zone))"}]}, {"Node Type": "Index Scan", "Parent Relationship": "Inner", "Scan Direction": "Forward", "Index Name": "idx_lineitem_orderkey", "Relation Name": "lineitem", "Alias": "lineitem", "Startup Cost": 0.0, "Total Cost": 3.05, "Plan Rows": 9, "Plan Width": 32, "Index Cond": "(l_orderkey = orders.o_orderkey)"}]}]}]}]}]}, "Unique SQL Id": 1392561963}, "explain_analyze_plan": {"Plan": {"Node Type": "Sort", "Startup Cost": 2117522.04, "Total Cost": 2117522.1, "Plan Rows": 25, "Plan Width": 50, "Actual Startup Time": 17006.431, "Actual Total Time": 17006.431, "Actual Rows": 5, "Actual Loops": 1, "Sort Key": ["(sum((lineitem.l_extendedprice * (1::double precision - lineitem.l_discount)))) DESC"], "Sort Method": "quicksort", "Sort Space Used": 25, "Sort Space Type": "Memory", "Plans": [{"Node Type": "Aggregate", "Strategy": "Hashed", "Parent Relationship": "Outer", "Startup Cost": 2117521.21, "Total Cost": 2117521.46, "Plan Rows": 25, "Plan Width": 50, "Actual Startup Time": 17006.399, "Actual Total Time": 17006.401, "Actual Rows": 5, "Actual Loops": 1, "Group By Key": ["nation.n_name"], "Plans": [{"Node Type": "Merge Join", "Parent Relationship": "Outer", "Join Type": "Inner", "Startup Cost": 2090467.05, "Total Cost": 2117427.31, "Plan Rows": 9390, "Plan Width": 42, "Actual Startup Time": 15951.316, "Actual Total Time": 16956.536, "Actual Rows": 72985, "Actual Loops": 1, "Inner Unique": false, "Merge Cond": "(supplier.s_suppkey = lineitem.l_suppkey)", "Join Filter": "(customer.c_nationkey = supplier.s_nationkey)", "Rows Removed by Join Filter": 0, "Plans": [{"Node Type": "Index Scan", "Parent Relationship": "Outer", "Scan Direction": "Forward", "Index Name": "supplier_pkey", "Relation Name": "supplier", "Alias": "supplier", "Startup Cost": 0.0, "Total Cost": 5334.54, "Plan Rows": 100000, "Plan Width": 12, "Actual Startup Time": 0.026, "Actual Total Time": 60.764, "Actual Rows": 100000, "Actual Loops": 1}, {"Node Type": "Sort", "Parent Relationship": "Inner", "Startup Cost": 2090465.22, "Total Cost": 2099687.59, "Plan Rows": 3688948, "Plan Width": 58, "Actual Startup Time": 15950.316, "Actual Total Time": 16360.59, "Actual Rows": 1815222, "Actual Loops": 1, "Sort Key": ["lineitem.l_suppkey"], "Sort Method": "quicksort", "Sort Space Used": 332781, "Sort Space Type": "Memory", "Plans": [{"Node Type": "Nested Loop", "Parent Relationship": "Outer", "Join Type": "Inner", "Startup Cost": 1030.37, "Total Cost": 1688097.31, "Plan Rows": 3688948, "Plan Width": 58, "Actual Startup Time": 17.943, "Actual Total Time": 15082.905, "Actual Rows": 1815222, "Actual Loops": 1, "Inner Unique": false, "Plans": [{"Node Type": "Nested Loop", "Parent Relationship": "Outer", "Join Type": "Inner", "Startup Cost": 1030.37, "Total Cost": 412302.9, "Plan Rows": 406290, "Plan Width": 42, "Actual Startup Time": 17.924, "Actual Total Time": 9225.781, "Actual Rows": 454183, "Actual Loops": 1, "Inner Unique": false, "Plans": [{"Node Type": "Nested Loop", "Parent Relationship": "Outer", "Join Type": "Inner", "Startup Cost": 1030.37, "Total Cost": 37194.1, "Plan Rows": 300000, "Plan Width": 42, "Actual Startup Time": 17.848, "Actual Total Time": 638.879, "Actual Rows": 299838, "Actual Loops": 1, "Inner Unique": false, "Plans": [{"Node Type": "Nested Loop", "Parent Relationship": "Outer", "Join Type": "Inner", "Startup Cost": 0.0, "Total Cost": 31.69, "Plan Rows": 5, "Plan Width": 30, "Actual Startup Time": 0.032, "Actual Total Time": 0.267, "Actual Rows": 5, "Actual Loops": 1, "Inner Unique": true, "Plans": [{"Node Type": "Index Scan", "Parent Relationship": "Outer", "Scan Direction": "Forward", "Index Name": "nation_pkey", "Relation Name": "nation", "Alias": "nation", "Startup Cost": 0.0, "Total Cost": 12.62, "Plan Rows": 25, "Plan Width": 34, "Actual Startup Time": 0.004, "Actual Total Time": 0.113, "Actual Rows": 25, "Actual Loops": 1}, {"Node Type": "Index Scan", "Parent Relationship": "Inner", "Scan Direction": "Forward", "Index Name": "region_pkey", "Relation Name": "region", "Alias": "region", "Startup Cost": 0.0, "Total Cost": 0.75, "Plan Rows": 1, "Plan Width": 4, "Actual Startup Time": 0.108, "Actual Total Time": 0.108, "Actual Rows": 5, "Actual Loops": 25, "Index Cond": "(r_regionkey = nation.n_regionkey)", "Rows Removed by Index Recheck": 0, "Filter": "(r_name = 'MIDDLE EAST'::bpchar)", "Rows Removed by Filter": 20}]}, {"Node Type": "Bitmap Heap Scan", "Parent Relationship": "Inner", "Relation Name": "customer", "Alias": "customer", "Startup Cost": 1030.37, "Total Cost": 6832.48, "Plan Rows": 60000, "Plan Width": 12, "Actual Startup Time": 90.86, "Actual Total Time": 560.325, "Actual Rows": 299838, "Actual Loops": 5, "Recheck Cond": "(c_nationkey = nation.n_nationkey)", "Rows Removed by Index Recheck": 0, "Exact Heap Blocks": 150033, "Lossy Heap Blocks": 150033, "Plans": [{"Node Type": "Bitmap Index Scan", "Parent Relationship": "Outer", "Index Name": "idx_customer_nationkey", "Startup Cost": 0.0, "Total Cost": 1015.37, "Plan Rows": 60000, "Plan Width": 0, "Actual Startup Time": 57.48, "Actual Total Time": 57.48, "Actual Rows": 299838, "Actual Loops": 5, "Index Cond": "(c_nationkey = nation.n_nationkey)"}]}]}, {"Node Type": "Index Scan", "Parent Relationship": "Inner", "Scan Direction": "Forward", "Index Name": "idx_orders_custkey", "Relation Name": "orders", "Alias": "orders", "Startup Cost": 0.0, "Total Cost": 1.24, "Plan Rows": 1, "Plan Width": 16, "Actual Startup Time": 3936.622, "Actual Total Time": 8318.135, "Actual Rows": 454183, "Actual Loops": 299838, "Index Cond": "(o_custkey = customer.c_custkey)", "Rows Removed by Index Recheck": 0, "Filter": "((o_orderdate >= '1994-01-01 00:00:00'::timestamp(0) without time zone) AND (o_orderdate < '1995-01-01 00:00:00'::timestamp without time zone))", "Rows Removed by Filter": 2542535}]}, {"Node Type": "Index Scan", "Parent Relationship": "Inner", "Scan Direction": "Forward", "Index Name": "idx_lineitem_orderkey", "Relation Name": "lineitem", "Alias": "lineitem", "Startup Cost": 0.0, "Total Cost": 3.05, "Plan Rows": 9, "Plan Width": 32, "Actual Startup Time": 4223.99, "Actual Total Time": 5207.325, "Actual Rows": 1815222, "Actual Loops": 454183, "Index Cond": "(l_orderkey = orders.o_orderkey)", "Rows Removed by Index Recheck": 0}]}]}]}]}]}, "Triggers": [], "Planner Runtime": 7.871, "Total Runtime": 17006.834, "Unique SQL Id": 1392561963}}, "(64, 81)": {"explain_plan": {"Plan": {"Node Type": "Sort", "Startup Cost": 2117930.64, "Total Cost": 2117930.7, "Plan Rows": 25, "Plan Width": 50, "Sort Key": ["(sum((lineitem.l_extendedprice * (1::double precision - lineitem.l_discount)))) DESC"], "Plans": [{"Node Type": "Aggregate", "Strategy": "Hashed", "Parent Relationship": "Outer", "Startup Cost": 2117929.81, "Total Cost": 2117930.06, "Plan Rows": 25, "Plan Width": 50, "Group By Key": ["nation.n_name"], "Plans": [{"Node Type": "Merge Join", "Parent Relationship": "Outer", "Join Type": "Inner", "Startup Cost": 2090467.05, "Total Cost": 2117835.91, "Plan Rows": 9390, "Plan Width": 42, "Inner Unique": false, "Merge Cond": "(supplier.s_suppkey = lineitem.l_suppkey)", "Join Filter": "(customer.c_nationkey = supplier.s_nationkey)", "Plans": [{"Node Type": "Index Scan", "Parent Relationship": "Outer", "Scan Direction": "Forward", "Index Name": "supplier_pkey", "Relation Name": "supplier", "Alias": "supplier", "Startup Cost": 0.0, "Total Cost": 5334.54, "Plan Rows": 100000, "Plan Width": 12}, {"Node Type": "Sort", "Parent Relationship": "Inner", "Startup Cost": 2090465.22, "Total Cost": 2099687.59, "Plan Rows": 3688948, "Plan Width": 58, "Sort Key": ["lineitem.l_suppkey"], "Plans": [{"Node Type": "Nested Loop", "Parent Relationship": "Outer", "Join Type": "Inner", "Startup Cost": 1030.37, "Total Cost": 1688097.31, "Plan Rows": 3688948, "Plan Width": 58, "Inner Unique": false, "Plans": [{"Node Type": "Nested Loop", "Parent Relationship": "Outer", "Join Type": "Inner", "Startup Cost": 1030.37, "Total Cost": 412302.9, "Plan Rows": 406290, "Plan Width": 42, "Inner Unique": false, "Plans": [{"Node Type": "Nested Loop", "Parent Relationship": "Outer", "Join Type": "Inner", "Startup Cost": 1030.37, "Total Cost": 37194.1, "Plan Rows": 300000, "Plan Width": 42, "Inner Unique": false, "Plans": [{"Node Type": "Nested Loop", "Parent Relationship": "Outer", "Join Type": "Inner", "Startup Cost": 0.0, "Total Cost": 31.69, "Plan Rows": 5, "Plan Width": 30, "Inner Unique": true, "Plans": [{"Node Type": "Index Scan", "Parent Relationship": "Outer", "Scan Direction": "Forward", "Index Name": "nation_pkey", "Relation Name": "nation", "Alias": "nation", "Startup Cost": 0.0, "Total Cost": 12.62, "Plan Rows": 25, "Plan Width": 34}, {"Node Type": "Index Scan", "Parent Relationship": "Inner", "Scan Direction": "Forward", "Index Name": "region_pkey", "Relation Name": "region", "Alias": "region", "Startup Cost": 0.0, "Total Cost": 0.75, "Plan Rows": 1, "Plan Width": 4, "Index Cond": "(r_regionkey = nation.n_regionkey)", "Filter": "(r_name = 'MIDDLE EAST'::bpchar)"}]}, {"Node Type": "Bitmap Heap Scan", "Parent Relationship": "Inner", "Relation Name": "customer", "Alias": "customer", "Startup Cost": 1030.37, "Total Cost": 6832.48, "Plan Rows": 60000, "Plan Width": 12, "Recheck Cond": "(c_nationkey = nation.n_nationkey)", "Plans": [{"Node Type": "Bitmap Index Scan", "Parent Relationship": "Outer", "Index Name": "idx_customer_nationkey", "Startup Cost": 0.0, "Total Cost": 1015.37, "Plan Rows": 60000, "Plan Width": 0, "Index Cond": "(c_nationkey = nation.n_nationkey)"}]}]}, {"Node Type": "Index Scan", "Parent Relationship": "Inner", "Scan Direction": "Forward", "Index Name": "idx_orders_custkey", "Relation Name": "orders", "Alias": "orders", "Startup Cost": 0.0, "Total Cost": 1.24, "Plan Rows": 1, "Plan Width": 16, "Index Cond": "(o_custkey = customer.c_custkey)", "Filter": "((o_orderdate >= '1994-01-01 00:00:00'::timestamp(0) without time zone) AND (o_orderdate < '1995-01-01 00:00:00'::timestamp without time zone))"}]}, {"Node Type": "Index Scan", "Parent Relationship": "Inner", "Scan Direction": "Forward", "Index Name": "idx_lineitem_orderkey", "Relation Name": "lineitem", "Alias": "lineitem", "Startup Cost": 0.0, "Total Cost": 3.05, "Plan Rows": 9, "Plan Width": 32, "Index Cond": "(l_orderkey = orders.o_orderkey)"}]}]}]}]}]}, "Unique SQL Id": 1392561963}, "explain_analyze_plan": {"Plan": {"Node Type": "Sort", "Startup Cost": 2117930.64, "Total Cost": 2117930.7, "Plan Rows": 25, "Plan Width": 50, "Actual Startup Time": 16887.309, "Actual Total Time": 16887.31, "Actual Rows": 5, "Actual Loops": 1, "Sort Key": ["(sum((lineitem.l_extendedprice * (1::double precision - lineitem.l_discount)))) DESC"], "Sort Method": "quicksort", "Sort Space Used": 25, "Sort Space Type": "Memory", "Plans": [{"Node Type": "Aggregate", "Strategy": "Hashed", "Parent Relationship": "Outer", "Startup Cost": 2117929.81, "Total Cost": 2117930.06, "Plan Rows": 25, "Plan Width": 50, "Actual Startup Time": 16887.276, "Actual Total Time": 16887.278, "Actual Rows": 5, "Actual Loops": 1, "Group By Key": ["nation.n_name"], "Plans": [{"Node Type": "Merge Join", "Parent Relationship": "Outer", "Join Type": "Inner", "Startup Cost": 2090467.05, "Total Cost": 2117835.91, "Plan Rows": 9390, "Plan Width": 42, "Actual Startup Time": 15714.742, "Actual Total Time": 16837.255, "Actual Rows": 72985, "Actual Loops": 1, "Inner Unique": false, "Merge Cond": "(supplier.s_suppkey = lineitem.l_suppkey)", "Join Filter": "(customer.c_nationkey = supplier.s_nationkey)", "Rows Removed by Join Filter": 0, "Plans": [{"Node Type": "Index Scan", "Parent Relationship": "Outer", "Scan Direction": "Forward", "Index Name": "supplier_pkey", "Relation Name": "supplier", "Alias": "supplier", "Startup Cost": 0.0, "Total Cost": 5334.54, "Plan Rows": 100000, "Plan Width": 12, "Actual Startup Time": 0.026, "Actual Total Time": 69.406, "Actual Rows": 100000, "Actual Loops": 1}, {"Node Type": "Sort", "Parent Relationship": "Inner", "Startup Cost": 2090465.22, "Total Cost": 2099687.59, "Plan Rows": 3688948, "Plan Width": 58, "Actual Startup Time": 15713.887, "Actual Total Time": 16231.107, "Actual Rows": 1815222, "Actual Loops": 1, "Sort Key": ["lineitem.l_suppkey"], "Sort Method": "quicksort", "Sort Space Used": 332781, "Sort Space Type": "Memory", "Plans": [{"Node Type": "Nested Loop", "Parent Relationship": "Outer", "Join Type": "Inner", "Startup Cost": 1030.37, "Total Cost": 1688097.31, "Plan Rows": 3688948, "Plan Width": 58, "Actual Startup Time": 17.767, "Actual Total Time": 14854.793, "Actual Rows": 1815222, "Actual Loops": 1, "Inner Unique": false, "Plans": [{"Node Type": "Nested Loop", "Parent Relationship": "Outer", "Join Type": "Inner", "Startup Cost": 1030.37, "Total Cost": 412302.9, "Plan Rows": 406290, "Plan Width": 42, "Actual Startup Time": 17.748, "Actual Total Time": 9032.878, "Actual Rows": 454183, "Actual Loops": 1, "Inner Unique": false, "Plans": [{"Node Type": "Nested Loop", "Parent Relationship": "Outer", "Join Type": "Inner", "Startup Cost": 1030.37, "Total Cost": 37194.1, "Plan Rows": 300000, "Plan Width": 42, "Actual Startup Time": 17.676, "Actual Total Time": 634.957, "Actual Rows": 299838, "Actual Loops": 1, "Inner Unique": false, "Plans": [{"Node Type": "Nested Loop", "Parent Relationship": "Outer", "Join Type": "Inner", "Startup Cost": 0.0, "Total Cost": 31.69, "Plan Rows": 5, "Plan Width": 30, "Actual Startup Time": 0.032, "Actual Total Time": 0.189, "Actual Rows": 5, "Actual Loops": 1, "Inner Unique": true, "Plans": [{"Node Type": "Index Scan", "Parent Relationship": "Outer", "Scan Direction": "Forward", "Index Name": "nation_pkey", "Relation Name": "nation", "Alias": "nation", "Startup Cost": 0.0, "Total Cost": 12.62, "Plan Rows": 25, "Plan Width": 34, "Actual Startup Time": 0.003, "Actual Total Time": 0.032, "Actual Rows": 25, "Actual Loops": 1}, {"Node Type": "Index Scan", "Parent Relationship": "Inner", "Scan Direction": "Forward", "Index Name": "region_pkey", "Relation Name": "region", "Alias": "region", "Startup Cost": 0.0, "Total Cost": 0.75, "Plan Rows": 1, "Plan Width": 4, "Actual Startup Time": 0.109, "Actual Total Time": 0.109, "Actual Rows": 5, "Actual Loops": 25, "Index Cond": "(r_regionkey = nation.n_regionkey)", "Rows Removed by Index Recheck": 0, "Filter": "(r_name = 'MIDDLE EAST'::bpchar)", "Rows Removed by Filter": 20}]}, {"Node Type": "Bitmap Heap Scan", "Parent Relationship": "Inner", "Relation Name": "customer", "Alias": "customer", "Startup Cost": 1030.37, "Total Cost": 6832.48, "Plan Rows": 60000, "Plan Width": 12, "Actual Startup Time": 90.578, "Actual Total Time": 558.836, "Actual Rows": 299838, "Actual Loops": 5, "Recheck Cond": "(c_nationkey = nation.n_nationkey)", "Rows Removed by Index Recheck": 0, "Exact Heap Blocks": 150033, "Lossy Heap Blocks": 150033, "Plans": [{"Node Type": "Bitmap Index Scan", "Parent Relationship": "Outer", "Index Name": "idx_customer_nationkey", "Startup Cost": 0.0, "Total Cost": 1015.37, "Plan Rows": 60000, "Plan Width": 0, "Actual Startup Time": 57.739, "Actual Total Time": 57.739, "Actual Rows": 299838, "Actual Loops": 5, "Index Cond": "(c_nationkey = nation.n_nationkey)"}]}]}, {"Node Type": "Index Scan", "Parent Relationship": "Inner", "Scan Direction": "Forward", "Index Name": "idx_orders_custkey", "Relation Name": "orders", "Alias": "orders", "Startup Cost": 0.0, "Total Cost": 1.24, "Plan Rows": 1, "Plan Width": 16, "Actual Startup Time": 3852.717, "Actual Total Time": 8130.011, "Actual Rows": 454183, "Actual Loops": 299838, "Index Cond": "(o_custkey = customer.c_custkey)", "Rows Removed by Index Recheck": 0, "Filter": "((o_orderdate >= '1994-01-01 00:00:00'::timestamp(0) without time zone) AND (o_orderdate < '1995-01-01 00:00:00'::timestamp without time zone))", "Rows Removed by Filter": 2542535}]}, {"Node Type": "Index Scan", "Parent Relationship": "Inner", "Scan Direction": "Forward", "Index Name": "idx_lineitem_orderkey", "Relation Name": "lineitem", "Alias": "lineitem", "Startup Cost": 0.0, "Total Cost": 3.05, "Plan Rows": 9, "Plan Width": 32, "Actual Startup Time": 4177.009, "Actual Total Time": 5168.688, "Actual Rows": 1815222, "Actual Loops": 454183, "Index Cond": "(l_orderkey = orders.o_orderkey)", "Rows Removed by Index Recheck": 0}]}]}]}]}]}, "Triggers": [], "Planner Runtime": 7.699, "Total Runtime": 16887.717, "Unique SQL Id": 1392561963}}, "(64, 82)": {"explain_plan": {"Plan": {"Node Type": "Sort", "Startup Cost": 3136047.69, "Total Cost": 3136047.75, "Plan Rows": 25, "Plan Width": 50, "Sort Key": ["(sum((lineitem.l_extendedprice * (1::double precision - lineitem.l_discount)))) DESC"], "Plans": [{"Node Type": "Aggregate", "Strategy": "Hashed", "Parent Relationship": "Outer", "Startup Cost": 3136046.86, "Total Cost": 3136047.11, "Plan Rows": 25, "Plan Width": 50, "Group By Key": ["nation.n_name"], "Plans": [{"Node Type": "Merge Join", "Parent Relationship": "Outer", "Join Type": "Inner", "Startup Cost": 3107434.36, "Total Cost": 3135952.96, "Plan Rows": 9390, "Plan Width": 42, "Inner Unique": true, "Merge Cond": "((lineitem.l_suppkey = supplier.s_suppkey) AND (customer.c_nationkey = supplier.s_nationkey))", "Plans": [{"Node Type": "Sort", "Parent Relationship": "Outer", "Startup Cost": 3095843.79, "Total Cost": 3105066.16, "Plan Rows": 3688948, "Plan Width": 58, "Sort Key": ["lineitem.l_suppkey", "customer.c_nationkey"], "Plans": [{"Node Type": "Nested Loop", "Parent Relationship": "Outer", "Join Type": "Inner", "Startup Cost": 674437.01, "Total Cost": 2693475.88, "Plan Rows": 3688948, "Plan Width": 58, "Inner Unique": false, "Plans": [{"Node Type": "Merge Join", "Parent Relationship": "Outer", "Join Type": "Inner", "Startup Cost": 674436.28, "Total Cost": 691407.56, "Plan Rows": 406290, "Plan Width": 42, "Inner Unique": false, "Merge Cond": "(customer.c_custkey = orders.o_custkey)", "Plans": [{"Node Type": "Sort", "Parent Relationship": "Outer", "Startup Cost": 64457.4, "Total Cost": 65207.4, "Plan Rows": 300000, "Plan Width": 42, "Sort Key": ["customer.c_custkey"], "Plans": [{"Node Type": "Nested Loop", "Parent Relationship": "Outer", "Join Type": "Inner", "Startup Cost": 1033.27, "Total Cost": 37165.49, "Plan Rows": 300000, "Plan Width": 42, "Inner Unique": false, "Plans": [{"Node Type": "Merge Join", "Parent Relationship": "Outer", "Join Type": "Inner", "Startup Cost": 2.9, "Total Cost": 3.09, "Plan Rows": 5, "Plan Width": 30, "Inner Unique": false, "Merge Cond": "(region.r_regionkey = nation.n_regionkey)", "Plans": [{"Node Type": "Sort", "Parent Relationship": "Outer", "Startup Cost": 1.07, "Total Cost": 1.08, "Plan Rows": 1, "Plan Width": 4, "Sort Key": ["region.r_regionkey"], "Plans": [{"Node Type": "Seq Scan", "Parent Relationship": "Outer", "Relation Name": "region", "Alias": "region", "Startup Cost": 0.0, "Total Cost": 1.06, "Plan Rows": 1, "Plan Width": 4, "Filter": "(r_name = 'MIDDLE EAST'::bpchar)"}]}, {"Node Type": "Sort", "Parent Relationship": "Inner", "Startup Cost": 1.83, "Total Cost": 1.89, "Plan Rows": 25, "Plan Width": 34, "Sort Key": ["nation.n_regionkey"], "Plans": [{"Node Type": "Seq Scan", "Parent Relationship": "Outer", "Relation Name": "nation", "Alias": "nation", "Startup Cost": 0.0, "Total Cost": 1.25, "Plan Rows": 25, "Plan Width": 34}]}]}, {"Node Type": "Bitmap Heap Scan", "Parent Relationship": "Inner", "Relation Name": "customer", "Alias": "customer", "Startup Cost": 1030.37, "Total Cost": 6832.48, "Plan Rows": 60000, "Plan Width": 12, "Recheck Cond": "(c_nationkey = nation.n_nationkey)", "Plans": [{"Node Type": "Bitmap Index Scan", "Parent Relationship": "Outer", "Index Name": "idx_customer_nationkey", "Startup Cost": 0.0, "Total Cost": 1015.37, "Plan Rows": 60000, "Plan Width": 0, "Index Cond": "(c_nationkey = nation.n_nationkey)"}]}]}]}, {"Node Type": "Sort", "Parent Relationship": "Inner", "Startup Cost": 609978.84, "Total Cost": 615683.24, "Plan Rows": 2281758, "Plan Width": 16, "Sort Key": ["orders.o_custkey"], "Plans": [{"Node Type": "Bitmap Heap Scan", "Parent Relationship": "Outer", "Relation Name": "orders", "Alias": "orders", "Startup Cost": 58360.27, "Total Cost": 369005.64, "Plan Rows": 2281758, "Plan Width": 16, "Recheck Cond": "((o_orderdate >= '1994-01-01 00:00:00'::timestamp(0) without time zone) AND (o_orderdate < '1995-01-01 00:00:00'::timestamp without time zone)), (LLVM Optimized)", "Plans": [{"Node Type": "Bitmap Index Scan", "Parent Relationship": "Outer", "Index Name": "idx_orders_orderdate", "Startup Cost": 0.0, "Total Cost": 57789.83, "Plan Rows": 2281758, "Plan Width": 0, "Index Cond": "((o_orderdate >= '1994-01-01 00:00:00'::timestamp(0) without time zone) AND (o_orderdate < '1995-01-01 00:00:00'::timestamp without time zone))"}]}]}]}, {"Node Type": "Bitmap Heap Scan", "Parent Relationship": "Inner", "Relation Name": "lineitem", "Alias": "lineitem", "Startup Cost": 0.73, "Total Cost": 4.84, "Plan Rows": 9, "Plan Width": 32, "Recheck Cond": "(l_orderkey = orders.o_orderkey)", "Plans": [{"Node Type": "Bitmap Index Scan", "Parent Relationship": "Outer", "Index Name": "idx_lineitem_orderkey", "Startup Cost": 0.0, "Total Cost": 0.72, "Plan Rows": 9, "Plan Width": 0, "Index Cond": "(l_orderkey = orders.o_orderkey)"}]}]}]}, {"Node Type": "Sort", "Parent Relationship": "Inner", "Startup Cost": 11587.82, "Total Cost": 11837.82, "Plan Rows": 100000, "Plan Width": 12, "Sort Key": ["supplier.s_suppkey", "supplier.s_nationkey"], "Plans": [{"Node Type": "Seq Scan", "Parent Relationship": "Outer", "Relation Name": "supplier", "Alias": "supplier", "Startup Cost": 0.0, "Total Cost": 3283.0, "Plan Rows": 100000, "Plan Width": 12}]}]}]}]}, "Unique SQL Id": 1392561963}, "explain_analyze_plan": {"Plan": {"Node Type": "Sort", "Startup Cost": 3136047.69, "Total Cost": 3136047.75, "Plan Rows": 25, "Plan Width": 50, "Actual Startup Time": 13917.201, "Actual Total Time": 13917.201, "Actual Rows": 5, "Actual Loops": 1, "Sort Key": ["(sum((lineitem.l_extendedprice * (1::double precision - lineitem.l_discount)))) DESC"], "Sort Method": "quicksort", "Sort Space Used": 25, "Sort Space Type": "Memory", "Plans": [{"Node Type": "Aggregate", "Strategy": "Hashed", "Parent Relationship": "Outer", "Startup Cost": 3136046.86, "Total Cost": 3136047.11, "Plan Rows": 25, "Plan Width": 50, "Actual Startup Time": 13917.168, "Actual Total Time": 13917.17, "Actual Rows": 5, "Actual Loops": 1, "Group By Key": ["nation.n_name"], "Plans": [{"Node Type": "Merge Join", "Parent Relationship": "Outer", "Join Type": "Inner", "Startup Cost": 3107434.36, "Total Cost": 3135952.96, "Plan Rows": 9390, "Plan Width": 42, "Actual Startup Time": 13066.711, "Actual Total Time": 13869.612, "Actual Rows": 72985, "Actual Loops": 1, "Inner Unique": true, "Merge Cond": "((lineitem.l_suppkey = supplier.s_suppkey) AND (customer.c_nationkey = supplier.s_nationkey))", "Plans": [{"Node Type": "Sort", "Parent Relationship": "Outer", "Startup Cost": 3095843.79, "Total Cost": 3105066.16, "Plan Rows": 3688948, "Plan Width": 58, "Actual Startup Time": 12990.359, "Actual Total Time": 13470.387, "Actual Rows": 1815212, "Actual Loops": 1, "Sort Key": ["lineitem.l_suppkey", "customer.c_nationkey"], "Sort Method": "quicksort", "Sort Space Used": 332781, "Sort Space Type": "Memory", "Plans": [{"Node Type": "Nested Loop", "Parent Relationship": "Outer", "Join Type": "Inner", "Startup Cost": 674437.01, "Total Cost": 2693475.88, "Plan Rows": 3688948, "Plan Width": 58, "Actual Startup Time": 3831.748, "Actual Total Time": 11524.591, "Actual Rows": 1815222, "Actual Loops": 1, "Inner Unique": false, "Plans": [{"Node Type": "Merge Join", "Parent Relationship": "Outer", "Join Type": "Inner", "Startup Cost": 674436.28, "Total Cost": 691407.56, "Plan Rows": 406290, "Plan Width": 42, "Actual Startup Time": 3831.661, "Actual Total Time": 5068.742, "Actual Rows": 454183, "Actual Loops": 1, "Inner Unique": false, "Merge Cond": "(customer.c_custkey = orders.o_custkey)", "Plans": [{"Node Type": "Sort", "Parent Relationship": "Outer", "Startup Cost": 64457.4, "Total Cost": 65207.4, "Plan Rows": 300000, "Plan Width": 42, "Actual Startup Time": 711.165, "Actual Total Time": 772.019, "Actual Rows": 299838, "Actual Loops": 1, "Sort Key": ["customer.c_custkey"], "Sort Method": "quicksort", "Sort Space Used": 59138, "Sort Space Type": "Memory", "Plans": [{"Node Type": "Nested Loop", "Parent Relationship": "Outer", "Join Type": "Inner", "Startup Cost": 1033.27, "Total Cost": 37165.49, "Plan Rows": 300000, "Plan Width": 42, "Actual Startup Time": 17.882, "Actual Total Time": 592.675, "Actual Rows": 299838, "Actual Loops": 1, "Inner Unique": false, "Plans": [{"Node Type": "Merge Join", "Parent Relationship": "Outer", "Join Type": "Inner", "Startup Cost": 2.9, "Total Cost": 3.09, "Plan Rows": 5, "Plan Width": 30, "Actual Startup Time": 0.07, "Actual Total Time": 0.109, "Actual Rows": 5, "Actual Loops": 1, "Inner Unique": false, "Merge Cond": "(region.r_regionkey = nation.n_regionkey)", "Plans": [{"Node Type": "Sort", "Parent Relationship": "Outer", "Startup Cost": 1.07, "Total Cost": 1.08, "Plan Rows": 1, "Plan Width": 4, "Actual Startup Time": 0.035, "Actual Total Time": 0.035, "Actual Rows": 1, "Actual Loops": 1, "Sort Key": ["region.r_regionkey"], "Sort Method": "quicksort", "Sort Space Used": 25, "Sort Space Type": "Memory", "Plans": [{"Node Type": "Seq Scan", "Parent Relationship": "Outer", "Relation Name": "region", "Alias": "region", "Startup Cost": 0.0, "Total Cost": 1.06, "Plan Rows": 1, "Plan Width": 4, "Actual Startup Time": 0.023, "Actual Total Time": 0.024, "Actual Rows": 1, "Actual Loops": 1, "Filter": "(r_name = 'MIDDLE EAST'::bpchar)", "Rows Removed by Filter": 4}]}, {"Node Type": "Sort", "Parent Relationship": "Inner", "Startup Cost": 1.83, "Total Cost": 1.89, "Plan Rows": 25, "Plan Width": 34, "Actual Startup Time": 0.023, "Actual Total Time": 0.034, "Actual Rows": 25, "Actual Loops": 1, "Sort Key": ["nation.n_regionkey"], "Sort Method": "quicksort", "Sort Space Used": 27, "Sort Space Type": "Memory", "Plans": [{"Node Type": "Seq Scan", "Parent Relationship": "Outer", "Relation Name": "nation", "Alias": "nation", "Startup Cost": 0.0, "Total Cost": 1.25, "Plan Rows": 25, "Plan Width": 34, "Actual Startup Time": 0.006, "Actual Total Time": 0.012, "Actual Rows": 25, "Actual Loops": 1}]}]}, {"Node Type": "Bitmap Heap Scan", "Parent Relationship": "Inner", "Relation Name": "customer", "Alias": "customer", "Startup Cost": 1030.37, "Total Cost": 6832.48, "Plan Rows": 60000, "Plan Width": 12, "Actual Startup Time": 92.138, "Actual Total Time": 530.095, "Actual Rows": 299838, "Actual Loops": 5, "Recheck Cond": "(c_nationkey = nation.n_nationkey)", "Rows Removed by Index Recheck": 0, "Exact Heap Blocks": 150033, "Lossy Heap Blocks": 150033, "Plans": [{"Node Type": "Bitmap Index Scan", "Parent Relationship": "Outer", "Index Name": "idx_customer_nationkey", "Startup Cost": 0.0, "Total Cost": 1015.37, "Plan Rows": 60000, "Plan Width": 0, "Actual Startup Time": 59.143, "Actual Total Time": 59.143, "Actual Rows": 299838, "Actual Loops": 5, "Index Cond": "(c_nationkey = nation.n_nationkey)"}]}]}]}, {"Node Type": "Sort", "Parent Relationship": "Inner", "Startup Cost": 609978.84, "Total Cost": 615683.24, "Plan Rows": 2281758, "Plan Width": 16, "Actual Startup Time": 3120.47, "Actual Total Time": 3805.34, "Actual Rows": 2275914, "Actual Loops": 1, "Sort Key": ["orders.o_custkey"], "Sort Method": "quicksort", "Sort Space Used": 311672, "Sort Space Type": "Memory", "Plans": [{"Node Type": "Bitmap Heap Scan", "Parent Relationship": "Outer", "Relation Name": "orders", "Alias": "orders", "Startup Cost": 58360.27, "Total Cost": 369005.64, "Plan Rows": 2281758, "Plan Width": 16, "Actual Startup Time": 660.872, "Actual Total Time": 2174.103, "Actual Rows": 2275919, "Actual Loops": 1, "Recheck Cond": "((o_orderdate >= '1994-01-01 00:00:00'::timestamp(0) without time zone) AND (o_orderdate < '1995-01-01 00:00:00'::timestamp without time zone)), (LLVM Optimized, Jit Execute)", "Rows Removed by Index Recheck": 0, "Exact Heap Blocks": 276381, "Lossy Heap Blocks": 276381, "Plans": [{"Node Type": "Bitmap Index Scan", "Parent Relationship": "Outer", "Index Name": "idx_orders_orderdate", "Startup Cost": 0.0, "Total Cost": 57789.83, "Plan Rows": 2281758, "Plan Width": 0, "Actual Startup Time": 571.646, "Actual Total Time": 571.646, "Actual Rows": 2275919, "Actual Loops": 1, "Index Cond": "((o_orderdate >= '1994-01-01 00:00:00'::timestamp(0) without time zone) AND (o_orderdate < '1995-01-01 00:00:00'::timestamp without time zone))"}]}]}]}, {"Node Type": "Bitmap Heap Scan", "Parent Relationship": "Inner", "Relation Name": "lineitem", "Alias": "lineitem", "Startup Cost": 0.73, "Total Cost": 4.84, "Plan Rows": 9, "Plan Width": 32, "Actual Startup Time": 5204.549, "Actual Total Time": 5522.955, "Actual Rows": 1815222, "Actual Loops": 454183, "Recheck Cond": "(l_orderkey = orders.o_orderkey)", "Rows Removed by Index Recheck": 0, "Exact Heap Blocks": 486530, "Lossy Heap Blocks": 486530, "Plans": [{"Node Type": "Bitmap Index Scan", "Parent Relationship": "Outer", "Index Name": "idx_lineitem_orderkey", "Startup Cost": 0.0, "Total Cost": 0.72, "Plan Rows": 9, "Plan Width": 0, "Actual Startup Time": 3282.495, "Actual Total Time": 3282.495, "Actual Rows": 1815222, "Actual Loops": 454183, "Index Cond": "(l_orderkey = orders.o_orderkey)"}]}]}]}, {"Node Type": "Sort", "Parent Relationship": "Inner", "Startup Cost": 11587.82, "Total Cost": 11837.82, "Plan Rows": 100000, "Plan Width": 12, "Actual Startup Time": 76.29, "Actual Total Time": 90.419, "Actual Rows": 100000, "Actual Loops": 1, "Sort Key": ["supplier.s_suppkey", "supplier.s_nationkey"], "Sort Method": "quicksort", "Sort Space Used": 12448, "Sort Space Type": "Memory", "Plans": [{"Node Type": "Seq Scan", "Parent Relationship": "Outer", "Relation Name": "supplier", "Alias": "supplier", "Startup Cost": 0.0, "Total Cost": 3283.0, "Plan Rows": 100000, "Plan Width": 12, "Actual Startup Time": 0.04, "Actual Total Time": 38.337, "Actual Rows": 100000, "Actual Loops": 1}]}]}]}]}, "Triggers": [], "Planner Runtime": 7.227, "Total Runtime": 13926.781, "Unique SQL Id": 1392561963}}, "(64, 83)": {"explain_plan": {"Plan": {"Node Type": "Sort", "Startup Cost": 46003135.57, "Total Cost": 46003135.63, "Plan Rows": 25, "Plan Width": 50, "Sort Key": ["(sum((lineitem.l_extendedprice * (1::double precision - lineitem.l_discount)))) DESC"], "Plans": [{"Node Type": "Aggregate", "Strategy": "Hashed", "Parent Relationship": "Outer", "Startup Cost": 46003134.74, "Total Cost": 46003134.99, "Plan Rows": 25, "Plan Width": 50, "Group By Key": ["nation.n_name"], "Plans": [{"Node Type": "Nested Loop", "Parent Relationship": "Outer", "Join Type": "Inner", "Startup Cost": 58362.35, "Total Cost": 46003040.84, "Plan Rows": 9390, "Plan Width": 42, "Inner Unique": true, "Join Filter": "(customer.c_nationkey = supplier.s_nationkey)", "Plans": [{"Node Type": "Nested Loop", "Parent Relationship": "Outer", "Join Type": "Inner", "Startup Cost": 58362.1, "Total Cost": 30204103.6, "Plan Rows": 3688948, "Plan Width": 58, "Inner Unique": false, "Plans": [{"Node Type": "Nested Loop", "Parent Relationship": "Outer", "Join Type": "Inner", "Startup Cost": 58361.37, "Total Cost": 28202035.27, "Plan Rows": 406290, "Plan Width": 42, "Inner Unique": true, "Plans": [{"Node Type": "Nested Loop", "Parent Relationship": "Outer", "Join Type": "Inner", "Startup Cost": 58360.79, "Total Cost": 18851769.58, "Plan Rows": 2031452, "Plan Width": 46, "Inner Unique": true, "Plans": [{"Node Type": "Nested Loop", "Parent Relationship": "Outer", "Join Type": "Inner", "Startup Cost": 58360.54, "Total Cost": 10156636.32, "Plan Rows": 2031452, "Plan Width": 12, "Inner Unique": true, "Plans": [{"Node Type": "Bitmap Heap Scan", "Parent Relationship": "Outer", "Relation Name": "orders", "Alias": "orders", "Startup Cost": 58360.27, "Total Cost": 369005.64, "Plan Rows": 2281758, "Plan Width": 16, "Recheck Cond": "((o_orderdate >= '1994-01-01 00:00:00'::timestamp(0) without time zone) AND (o_orderdate < '1995-01-01 00:00:00'::timestamp without time zone)), (LLVM Optimized)", "Plans": [{"Node Type": "Bitmap Index Scan", "Parent Relationship": "Outer", "Index Name": "idx_orders_orderdate", "Startup Cost": 0.0, "Total Cost": 57789.83, "Plan Rows": 2281758, "Plan Width": 0, "Index Cond": "((o_orderdate >= '1994-01-01 00:00:00'::timestamp(0) without time zone) AND (o_orderdate < '1995-01-01 00:00:00'::timestamp without time zone))"}]}, {"Node Type": "Bitmap Heap Scan", "Parent Relationship": "Inner", "Relation Name": "customer", "Alias": "customer", "Startup Cost": 0.27, "Total Cost": 4.28, "Plan Rows": 1, "Plan Width": 12, "Recheck Cond": "(c_custkey = orders.o_custkey)", "Plans": [{"Node Type": "Bitmap Index Scan", "Parent Relationship": "Outer", "Index Name": "customer_pkey", "Startup Cost": 0.0, "Total Cost": 0.27, "Plan Rows": 1, "Plan Width": 0, "Index Cond": "(c_custkey = orders.o_custkey)"}]}]}, {"Node Type": "Bitmap Heap Scan", "Parent Relationship": "Inner", "Relation Name": "nation", "Alias": "nation", "Startup Cost": 0.26, "Total Cost": 4.27, "Plan Rows": 1, "Plan Width": 34, "Recheck Cond": "(n_nationkey = customer.c_nationkey)", "Plans": [{"Node Type": "Bitmap Index Scan", "Parent Relationship": "Outer", "Index Name": "nation_pkey", "Startup Cost": 0.0, "Total Cost": 0.26, "Plan Rows": 1, "Plan Width": 0, "Index Cond": "(n_nationkey = customer.c_nationkey)"}]}]}, {"Node Type": "Bitmap Heap Scan", "Parent Relationship": "Inner", "Relation Name": "region", "Alias": "region", "Startup Cost": 0.58, "Total Cost": 4.59, "Plan Rows": 1, "Plan Width": 4, "Recheck Cond": "(r_regionkey = nation.n_regionkey)", "Filter": "(r_name = 'MIDDLE EAST'::bpchar)", "Plans": [{"Node Type": "Bitmap Index Scan", "Parent Relationship": "Outer", "Index Name": "region_pkey", "Startup Cost": 0.0, "Total Cost": 0.58, "Plan Rows": 1, "Plan Width": 0, "Index Cond": "(r_regionkey = nation.n_regionkey)"}]}]}, {"Node Type": "Bitmap Heap Scan", "Parent Relationship": "Inner", "Relation Name": "lineitem", "Alias": "lineitem", "Startup Cost": 0.73, "Total Cost": 4.84, "Plan Rows": 9, "Plan Width": 32, "Recheck Cond": "(l_orderkey = orders.o_orderkey)", "Plans": [{"Node Type": "Bitmap Index Scan", "Parent Relationship": "Outer", "Index Name": "idx_lineitem_orderkey", "Startup Cost": 0.0, "Total Cost": 0.72, "Plan Rows": 9, "Plan Width": 0, "Index Cond": "(l_orderkey = orders.o_orderkey)"}]}]}, {"Node Type": "Bitmap Heap Scan", "Parent Relationship": "Inner", "Relation Name": "supplier", "Alias": "supplier", "Startup Cost": 0.26, "Total Cost": 4.27, "Plan Rows": 1, "Plan Width": 12, "Recheck Cond": "(s_suppkey = lineitem.l_suppkey)", "Plans": [{"Node Type": "Bitmap Index Scan", "Parent Relationship": "Outer", "Index Name": "supplier_pkey", "Startup Cost": 0.0, "Total Cost": 0.26, "Plan Rows": 1, "Plan Width": 0, "Index Cond": "(s_suppkey = lineitem.l_suppkey)"}]}]}]}]}, "Unique SQL Id": 1392561963}, "explain_analyze_plan": null}, "(64, 84)": {"explain_plan": {"Plan": {"Node Type": "Sort", "Startup Cost": 2117522.04, "Total Cost": 2117522.1, "Plan Rows": 25, "Plan Width": 50, "Sort Key": ["(sum((lineitem.l_extendedprice * (1::double precision - lineitem.l_discount)))) DESC"], "Plans": [{"Node Type": "Aggregate", "Strategy": "Hashed", "Parent Relationship": "Outer", "Startup Cost": 2117521.21, "Total Cost": 2117521.46, "Plan Rows": 25, "Plan Width": 50, "Group By Key": ["nation.n_name"], "Plans": [{"Node Type": "Merge Join", "Parent Relationship": "Outer", "Join Type": "Inner", "Startup Cost": 2090467.05, "Total Cost": 2117427.31, "Plan Rows": 9390, "Plan Width": 42, "Inner Unique": false, "Merge Cond": "(supplier.s_suppkey = lineitem.l_suppkey)", "Join Filter": "(customer.c_nationkey = supplier.s_nationkey)", "Plans": [{"Node Type": "Index Scan", "Parent Relationship": "Outer", "Scan Direction": "Forward", "Index Name": "supplier_pkey", "Relation Name": "supplier", "Alias": "supplier", "Startup Cost": 0.0, "Total Cost": 5334.54, "Plan Rows": 100000, "Plan Width": 12}, {"Node Type": "Sort", "Parent Relationship": "Inner", "Startup Cost": 2090465.22, "Total Cost": 2099687.59, "Plan Rows": 3688948, "Plan Width": 58, "Sort Key": ["lineitem.l_suppkey"], "Plans": [{"Node Type": "Nested Loop", "Parent Relationship": "Outer", "Join Type": "Inner", "Startup Cost": 1030.37, "Total Cost": 1688097.31, "Plan Rows": 3688948, "Plan Width": 58, "Inner Unique": false, "Plans": [{"Node Type": "Nested Loop", "Parent Relationship": "Outer", "Join Type": "Inner", "Startup Cost": 1030.37, "Total Cost": 412302.9, "Plan Rows": 406290, "Plan Width": 42, "Inner Unique": false, "Plans": [{"Node Type": "Nested Loop", "Parent Relationship": "Outer", "Join Type": "Inner", "Startup Cost": 1030.37, "Total Cost": 37194.1, "Plan Rows": 300000, "Plan Width": 42, "Inner Unique": false, "Plans": [{"Node Type": "Nested Loop", "Parent Relationship": "Outer", "Join Type": "Inner", "Startup Cost": 0.0, "Total Cost": 31.69, "Plan Rows": 5, "Plan Width": 30, "Inner Unique": true, "Plans": [{"Node Type": "Index Scan", "Parent Relationship": "Outer", "Scan Direction": "Forward", "Index Name": "nation_pkey", "Relation Name": "nation", "Alias": "nation", "Startup Cost": 0.0, "Total Cost": 12.62, "Plan Rows": 25, "Plan Width": 34}, {"Node Type": "Index Scan", "Parent Relationship": "Inner", "Scan Direction": "Forward", "Index Name": "region_pkey", "Relation Name": "region", "Alias": "region", "Startup Cost": 0.0, "Total Cost": 0.75, "Plan Rows": 1, "Plan Width": 4, "Index Cond": "(r_regionkey = nation.n_regionkey)", "Filter": "(r_name = 'MIDDLE EAST'::bpchar)"}]}, {"Node Type": "Bitmap Heap Scan", "Parent Relationship": "Inner", "Relation Name": "customer", "Alias": "customer", "Startup Cost": 1030.37, "Total Cost": 6832.48, "Plan Rows": 60000, "Plan Width": 12, "Recheck Cond": "(c_nationkey = nation.n_nationkey)", "Plans": [{"Node Type": "Bitmap Index Scan", "Parent Relationship": "Outer", "Index Name": "idx_customer_nationkey", "Startup Cost": 0.0, "Total Cost": 1015.37, "Plan Rows": 60000, "Plan Width": 0, "Index Cond": "(c_nationkey = nation.n_nationkey)"}]}]}, {"Node Type": "Index Scan", "Parent Relationship": "Inner", "Scan Direction": "Forward", "Index Name": "idx_orders_custkey", "Relation Name": "orders", "Alias": "orders", "Startup Cost": 0.0, "Total Cost": 1.24, "Plan Rows": 1, "Plan Width": 16, "Index Cond": "(o_custkey = customer.c_custkey)", "Filter": "((o_orderdate >= '1994-01-01 00:00:00'::timestamp(0) without time zone) AND (o_orderdate < '1995-01-01 00:00:00'::timestamp without time zone))"}]}, {"Node Type": "Index Scan", "Parent Relationship": "Inner", "Scan Direction": "Forward", "Index Name": "idx_lineitem_orderkey", "Relation Name": "lineitem", "Alias": "lineitem", "Startup Cost": 0.0, "Total Cost": 3.05, "Plan Rows": 9, "Plan Width": 32, "Index Cond": "(l_orderkey = orders.o_orderkey)"}]}]}]}]}]}, "Unique SQL Id": 1392561963}, "explain_analyze_plan": {"Plan": {"Node Type": "Sort", "Startup Cost": 2117522.04, "Total Cost": 2117522.1, "Plan Rows": 25, "Plan Width": 50, "Actual Startup Time": 17006.431, "Actual Total Time": 17006.431, "Actual Rows": 5, "Actual Loops": 1, "Sort Key": ["(sum((lineitem.l_extendedprice * (1::double precision - lineitem.l_discount)))) DESC"], "Sort Method": "quicksort", "Sort Space Used": 25, "Sort Space Type": "Memory", "Plans": [{"Node Type": "Aggregate", "Strategy": "Hashed", "Parent Relationship": "Outer", "Startup Cost": 2117521.21, "Total Cost": 2117521.46, "Plan Rows": 25, "Plan Width": 50, "Actual Startup Time": 17006.399, "Actual Total Time": 17006.401, "Actual Rows": 5, "Actual Loops": 1, "Group By Key": ["nation.n_name"], "Plans": [{"Node Type": "Merge Join", "Parent Relationship": "Outer", "Join Type": "Inner", "Startup Cost": 2090467.05, "Total Cost": 2117427.31, "Plan Rows": 9390, "Plan Width": 42, "Actual Startup Time": 15951.316, "Actual Total Time": 16956.536, "Actual Rows": 72985, "Actual Loops": 1, "Inner Unique": false, "Merge Cond": "(supplier.s_suppkey = lineitem.l_suppkey)", "Join Filter": "(customer.c_nationkey = supplier.s_nationkey)", "Rows Removed by Join Filter": 0, "Plans": [{"Node Type": "Index Scan", "Parent Relationship": "Outer", "Scan Direction": "Forward", "Index Name": "supplier_pkey", "Relation Name": "supplier", "Alias": "supplier", "Startup Cost": 0.0, "Total Cost": 5334.54, "Plan Rows": 100000, "Plan Width": 12, "Actual Startup Time": 0.026, "Actual Total Time": 60.764, "Actual Rows": 100000, "Actual Loops": 1}, {"Node Type": "Sort", "Parent Relationship": "Inner", "Startup Cost": 2090465.22, "Total Cost": 2099687.59, "Plan Rows": 3688948, "Plan Width": 58, "Actual Startup Time": 15950.316, "Actual Total Time": 16360.59, "Actual Rows": 1815222, "Actual Loops": 1, "Sort Key": ["lineitem.l_suppkey"], "Sort Method": "quicksort", "Sort Space Used": 332781, "Sort Space Type": "Memory", "Plans": [{"Node Type": "Nested Loop", "Parent Relationship": "Outer", "Join Type": "Inner", "Startup Cost": 1030.37, "Total Cost": 1688097.31, "Plan Rows": 3688948, "Plan Width": 58, "Actual Startup Time": 17.943, "Actual Total Time": 15082.905, "Actual Rows": 1815222, "Actual Loops": 1, "Inner Unique": false, "Plans": [{"Node Type": "Nested Loop", "Parent Relationship": "Outer", "Join Type": "Inner", "Startup Cost": 1030.37, "Total Cost": 412302.9, "Plan Rows": 406290, "Plan Width": 42, "Actual Startup Time": 17.924, "Actual Total Time": 9225.781, "Actual Rows": 454183, "Actual Loops": 1, "Inner Unique": false, "Plans": [{"Node Type": "Nested Loop", "Parent Relationship": "Outer", "Join Type": "Inner", "Startup Cost": 1030.37, "Total Cost": 37194.1, "Plan Rows": 300000, "Plan Width": 42, "Actual Startup Time": 17.848, "Actual Total Time": 638.879, "Actual Rows": 299838, "Actual Loops": 1, "Inner Unique": false, "Plans": [{"Node Type": "Nested Loop", "Parent Relationship": "Outer", "Join Type": "Inner", "Startup Cost": 0.0, "Total Cost": 31.69, "Plan Rows": 5, "Plan Width": 30, "Actual Startup Time": 0.032, "Actual Total Time": 0.267, "Actual Rows": 5, "Actual Loops": 1, "Inner Unique": true, "Plans": [{"Node Type": "Index Scan", "Parent Relationship": "Outer", "Scan Direction": "Forward", "Index Name": "nation_pkey", "Relation Name": "nation", "Alias": "nation", "Startup Cost": 0.0, "Total Cost": 12.62, "Plan Rows": 25, "Plan Width": 34, "Actual Startup Time": 0.004, "Actual Total Time": 0.113, "Actual Rows": 25, "Actual Loops": 1}, {"Node Type": "Index Scan", "Parent Relationship": "Inner", "Scan Direction": "Forward", "Index Name": "region_pkey", "Relation Name": "region", "Alias": "region", "Startup Cost": 0.0, "Total Cost": 0.75, "Plan Rows": 1, "Plan Width": 4, "Actual Startup Time": 0.108, "Actual Total Time": 0.108, "Actual Rows": 5, "Actual Loops": 25, "Index Cond": "(r_regionkey = nation.n_regionkey)", "Rows Removed by Index Recheck": 0, "Filter": "(r_name = 'MIDDLE EAST'::bpchar)", "Rows Removed by Filter": 20}]}, {"Node Type": "Bitmap Heap Scan", "Parent Relationship": "Inner", "Relation Name": "customer", "Alias": "customer", "Startup Cost": 1030.37, "Total Cost": 6832.48, "Plan Rows": 60000, "Plan Width": 12, "Actual Startup Time": 90.86, "Actual Total Time": 560.325, "Actual Rows": 299838, "Actual Loops": 5, "Recheck Cond": "(c_nationkey = nation.n_nationkey)", "Rows Removed by Index Recheck": 0, "Exact Heap Blocks": 150033, "Lossy Heap Blocks": 150033, "Plans": [{"Node Type": "Bitmap Index Scan", "Parent Relationship": "Outer", "Index Name": "idx_customer_nationkey", "Startup Cost": 0.0, "Total Cost": 1015.37, "Plan Rows": 60000, "Plan Width": 0, "Actual Startup Time": 57.48, "Actual Total Time": 57.48, "Actual Rows": 299838, "Actual Loops": 5, "Index Cond": "(c_nationkey = nation.n_nationkey)"}]}]}, {"Node Type": "Index Scan", "Parent Relationship": "Inner", "Scan Direction": "Forward", "Index Name": "idx_orders_custkey", "Relation Name": "orders", "Alias": "orders", "Startup Cost": 0.0, "Total Cost": 1.24, "Plan Rows": 1, "Plan Width": 16, "Actual Startup Time": 3936.622, "Actual Total Time": 8318.135, "Actual Rows": 454183, "Actual Loops": 299838, "Index Cond": "(o_custkey = customer.c_custkey)", "Rows Removed by Index Recheck": 0, "Filter": "((o_orderdate >= '1994-01-01 00:00:00'::timestamp(0) without time zone) AND (o_orderdate < '1995-01-01 00:00:00'::timestamp without time zone))", "Rows Removed by Filter": 2542535}]}, {"Node Type": "Index Scan", "Parent Relationship": "Inner", "Scan Direction": "Forward", "Index Name": "idx_lineitem_orderkey", "Relation Name": "lineitem", "Alias": "lineitem", "Startup Cost": 0.0, "Total Cost": 3.05, "Plan Rows": 9, "Plan Width": 32, "Actual Startup Time": 4223.99, "Actual Total Time": 5207.325, "Actual Rows": 1815222, "Actual Loops": 454183, "Index Cond": "(l_orderkey = orders.o_orderkey)", "Rows Removed by Index Recheck": 0}]}]}]}]}]}, "Triggers": [], "Planner Runtime": 7.871, "Total Runtime": 17006.834, "Unique SQL Id": 1392561963}}, "(64, 85)": {"explain_plan": {"Plan": {"Node Type": "Sort", "Startup Cost": 2117930.64, "Total Cost": 2117930.7, "Plan Rows": 25, "Plan Width": 50, "Sort Key": ["(sum((lineitem.l_extendedprice * (1::double precision - lineitem.l_discount)))) DESC"], "Plans": [{"Node Type": "Aggregate", "Strategy": "Hashed", "Parent Relationship": "Outer", "Startup Cost": 2117929.81, "Total Cost": 2117930.06, "Plan Rows": 25, "Plan Width": 50, "Group By Key": ["nation.n_name"], "Plans": [{"Node Type": "Merge Join", "Parent Relationship": "Outer", "Join Type": "Inner", "Startup Cost": 2090467.05, "Total Cost": 2117835.91, "Plan Rows": 9390, "Plan Width": 42, "Inner Unique": false, "Merge Cond": "(supplier.s_suppkey = lineitem.l_suppkey)", "Join Filter": "(customer.c_nationkey = supplier.s_nationkey)", "Plans": [{"Node Type": "Index Scan", "Parent Relationship": "Outer", "Scan Direction": "Forward", "Index Name": "supplier_pkey", "Relation Name": "supplier", "Alias": "supplier", "Startup Cost": 0.0, "Total Cost": 5334.54, "Plan Rows": 100000, "Plan Width": 12}, {"Node Type": "Sort", "Parent Relationship": "Inner", "Startup Cost": 2090465.22, "Total Cost": 2099687.59, "Plan Rows": 3688948, "Plan Width": 58, "Sort Key": ["lineitem.l_suppkey"], "Plans": [{"Node Type": "Nested Loop", "Parent Relationship": "Outer", "Join Type": "Inner", "Startup Cost": 1030.37, "Total Cost": 1688097.31, "Plan Rows": 3688948, "Plan Width": 58, "Inner Unique": false, "Plans": [{"Node Type": "Nested Loop", "Parent Relationship": "Outer", "Join Type": "Inner", "Startup Cost": 1030.37, "Total Cost": 412302.9, "Plan Rows": 406290, "Plan Width": 42, "Inner Unique": false, "Plans": [{"Node Type": "Nested Loop", "Parent Relationship": "Outer", "Join Type": "Inner", "Startup Cost": 1030.37, "Total Cost": 37194.1, "Plan Rows": 300000, "Plan Width": 42, "Inner Unique": false, "Plans": [{"Node Type": "Nested Loop", "Parent Relationship": "Outer", "Join Type": "Inner", "Startup Cost": 0.0, "Total Cost": 31.69, "Plan Rows": 5, "Plan Width": 30, "Inner Unique": true, "Plans": [{"Node Type": "Index Scan", "Parent Relationship": "Outer", "Scan Direction": "Forward", "Index Name": "nation_pkey", "Relation Name": "nation", "Alias": "nation", "Startup Cost": 0.0, "Total Cost": 12.62, "Plan Rows": 25, "Plan Width": 34}, {"Node Type": "Index Scan", "Parent Relationship": "Inner", "Scan Direction": "Forward", "Index Name": "region_pkey", "Relation Name": "region", "Alias": "region", "Startup Cost": 0.0, "Total Cost": 0.75, "Plan Rows": 1, "Plan Width": 4, "Index Cond": "(r_regionkey = nation.n_regionkey)", "Filter": "(r_name = 'MIDDLE EAST'::bpchar)"}]}, {"Node Type": "Bitmap Heap Scan", "Parent Relationship": "Inner", "Relation Name": "customer", "Alias": "customer", "Startup Cost": 1030.37, "Total Cost": 6832.48, "Plan Rows": 60000, "Plan Width": 12, "Recheck Cond": "(c_nationkey = nation.n_nationkey)", "Plans": [{"Node Type": "Bitmap Index Scan", "Parent Relationship": "Outer", "Index Name": "idx_customer_nationkey", "Startup Cost": 0.0, "Total Cost": 1015.37, "Plan Rows": 60000, "Plan Width": 0, "Index Cond": "(c_nationkey = nation.n_nationkey)"}]}]}, {"Node Type": "Index Scan", "Parent Relationship": "Inner", "Scan Direction": "Forward", "Index Name": "idx_orders_custkey", "Relation Name": "orders", "Alias": "orders", "Startup Cost": 0.0, "Total Cost": 1.24, "Plan Rows": 1, "Plan Width": 16, "Index Cond": "(o_custkey = customer.c_custkey)", "Filter": "((o_orderdate >= '1994-01-01 00:00:00'::timestamp(0) without time zone) AND (o_orderdate < '1995-01-01 00:00:00'::timestamp without time zone))"}]}, {"Node Type": "Index Scan", "Parent Relationship": "Inner", "Scan Direction": "Forward", "Index Name": "idx_lineitem_orderkey", "Relation Name": "lineitem", "Alias": "lineitem", "Startup Cost": 0.0, "Total Cost": 3.05, "Plan Rows": 9, "Plan Width": 32, "Index Cond": "(l_orderkey = orders.o_orderkey)"}]}]}]}]}]}, "Unique SQL Id": 1392561963}, "explain_analyze_plan": {"Plan": {"Node Type": "Sort", "Startup Cost": 2117930.64, "Total Cost": 2117930.7, "Plan Rows": 25, "Plan Width": 50, "Actual Startup Time": 16887.309, "Actual Total Time": 16887.31, "Actual Rows": 5, "Actual Loops": 1, "Sort Key": ["(sum((lineitem.l_extendedprice * (1::double precision - lineitem.l_discount)))) DESC"], "Sort Method": "quicksort", "Sort Space Used": 25, "Sort Space Type": "Memory", "Plans": [{"Node Type": "Aggregate", "Strategy": "Hashed", "Parent Relationship": "Outer", "Startup Cost": 2117929.81, "Total Cost": 2117930.06, "Plan Rows": 25, "Plan Width": 50, "Actual Startup Time": 16887.276, "Actual Total Time": 16887.278, "Actual Rows": 5, "Actual Loops": 1, "Group By Key": ["nation.n_name"], "Plans": [{"Node Type": "Merge Join", "Parent Relationship": "Outer", "Join Type": "Inner", "Startup Cost": 2090467.05, "Total Cost": 2117835.91, "Plan Rows": 9390, "Plan Width": 42, "Actual Startup Time": 15714.742, "Actual Total Time": 16837.255, "Actual Rows": 72985, "Actual Loops": 1, "Inner Unique": false, "Merge Cond": "(supplier.s_suppkey = lineitem.l_suppkey)", "Join Filter": "(customer.c_nationkey = supplier.s_nationkey)", "Rows Removed by Join Filter": 0, "Plans": [{"Node Type": "Index Scan", "Parent Relationship": "Outer", "Scan Direction": "Forward", "Index Name": "supplier_pkey", "Relation Name": "supplier", "Alias": "supplier", "Startup Cost": 0.0, "Total Cost": 5334.54, "Plan Rows": 100000, "Plan Width": 12, "Actual Startup Time": 0.026, "Actual Total Time": 69.406, "Actual Rows": 100000, "Actual Loops": 1}, {"Node Type": "Sort", "Parent Relationship": "Inner", "Startup Cost": 2090465.22, "Total Cost": 2099687.59, "Plan Rows": 3688948, "Plan Width": 58, "Actual Startup Time": 15713.887, "Actual Total Time": 16231.107, "Actual Rows": 1815222, "Actual Loops": 1, "Sort Key": ["lineitem.l_suppkey"], "Sort Method": "quicksort", "Sort Space Used": 332781, "Sort Space Type": "Memory", "Plans": [{"Node Type": "Nested Loop", "Parent Relationship": "Outer", "Join Type": "Inner", "Startup Cost": 1030.37, "Total Cost": 1688097.31, "Plan Rows": 3688948, "Plan Width": 58, "Actual Startup Time": 17.767, "Actual Total Time": 14854.793, "Actual Rows": 1815222, "Actual Loops": 1, "Inner Unique": false, "Plans": [{"Node Type": "Nested Loop", "Parent Relationship": "Outer", "Join Type": "Inner", "Startup Cost": 1030.37, "Total Cost": 412302.9, "Plan Rows": 406290, "Plan Width": 42, "Actual Startup Time": 17.748, "Actual Total Time": 9032.878, "Actual Rows": 454183, "Actual Loops": 1, "Inner Unique": false, "Plans": [{"Node Type": "Nested Loop", "Parent Relationship": "Outer", "Join Type": "Inner", "Startup Cost": 1030.37, "Total Cost": 37194.1, "Plan Rows": 300000, "Plan Width": 42, "Actual Startup Time": 17.676, "Actual Total Time": 634.957, "Actual Rows": 299838, "Actual Loops": 1, "Inner Unique": false, "Plans": [{"Node Type": "Nested Loop", "Parent Relationship": "Outer", "Join Type": "Inner", "Startup Cost": 0.0, "Total Cost": 31.69, "Plan Rows": 5, "Plan Width": 30, "Actual Startup Time": 0.032, "Actual Total Time": 0.189, "Actual Rows": 5, "Actual Loops": 1, "Inner Unique": true, "Plans": [{"Node Type": "Index Scan", "Parent Relationship": "Outer", "Scan Direction": "Forward", "Index Name": "nation_pkey", "Relation Name": "nation", "Alias": "nation", "Startup Cost": 0.0, "Total Cost": 12.62, "Plan Rows": 25, "Plan Width": 34, "Actual Startup Time": 0.003, "Actual Total Time": 0.032, "Actual Rows": 25, "Actual Loops": 1}, {"Node Type": "Index Scan", "Parent Relationship": "Inner", "Scan Direction": "Forward", "Index Name": "region_pkey", "Relation Name": "region", "Alias": "region", "Startup Cost": 0.0, "Total Cost": 0.75, "Plan Rows": 1, "Plan Width": 4, "Actual Startup Time": 0.109, "Actual Total Time": 0.109, "Actual Rows": 5, "Actual Loops": 25, "Index Cond": "(r_regionkey = nation.n_regionkey)", "Rows Removed by Index Recheck": 0, "Filter": "(r_name = 'MIDDLE EAST'::bpchar)", "Rows Removed by Filter": 20}]}, {"Node Type": "Bitmap Heap Scan", "Parent Relationship": "Inner", "Relation Name": "customer", "Alias": "customer", "Startup Cost": 1030.37, "Total Cost": 6832.48, "Plan Rows": 60000, "Plan Width": 12, "Actual Startup Time": 90.578, "Actual Total Time": 558.836, "Actual Rows": 299838, "Actual Loops": 5, "Recheck Cond": "(c_nationkey = nation.n_nationkey)", "Rows Removed by Index Recheck": 0, "Exact Heap Blocks": 150033, "Lossy Heap Blocks": 150033, "Plans": [{"Node Type": "Bitmap Index Scan", "Parent Relationship": "Outer", "Index Name": "idx_customer_nationkey", "Startup Cost": 0.0, "Total Cost": 1015.37, "Plan Rows": 60000, "Plan Width": 0, "Actual Startup Time": 57.739, "Actual Total Time": 57.739, "Actual Rows": 299838, "Actual Loops": 5, "Index Cond": "(c_nationkey = nation.n_nationkey)"}]}]}, {"Node Type": "Index Scan", "Parent Relationship": "Inner", "Scan Direction": "Forward", "Index Name": "idx_orders_custkey", "Relation Name": "orders", "Alias": "orders", "Startup Cost": 0.0, "Total Cost": 1.24, "Plan Rows": 1, "Plan Width": 16, "Actual Startup Time": 3852.717, "Actual Total Time": 8130.011, "Actual Rows": 454183, "Actual Loops": 299838, "Index Cond": "(o_custkey = customer.c_custkey)", "Rows Removed by Index Recheck": 0, "Filter": "((o_orderdate >= '1994-01-01 00:00:00'::timestamp(0) without time zone) AND (o_orderdate < '1995-01-01 00:00:00'::timestamp without time zone))", "Rows Removed by Filter": 2542535}]}, {"Node Type": "Index Scan", "Parent Relationship": "Inner", "Scan Direction": "Forward", "Index Name": "idx_lineitem_orderkey", "Relation Name": "lineitem", "Alias": "lineitem", "Startup Cost": 0.0, "Total Cost": 3.05, "Plan Rows": 9, "Plan Width": 32, "Actual Startup Time": 4177.009, "Actual Total Time": 5168.688, "Actual Rows": 1815222, "Actual Loops": 454183, "Index Cond": "(l_orderkey = orders.o_orderkey)", "Rows Removed by Index Recheck": 0}]}]}]}]}]}, "Triggers": [], "Planner Runtime": 7.699, "Total Runtime": 16887.717, "Unique SQL Id": 1392561963}}, "(64, 86)": {"explain_plan": {"Plan": {"Node Type": "Sort", "Startup Cost": 3136047.69, "Total Cost": 3136047.75, "Plan Rows": 25, "Plan Width": 50, "Sort Key": ["(sum((lineitem.l_extendedprice * (1::double precision - lineitem.l_discount)))) DESC"], "Plans": [{"Node Type": "Aggregate", "Strategy": "Hashed", "Parent Relationship": "Outer", "Startup Cost": 3136046.86, "Total Cost": 3136047.11, "Plan Rows": 25, "Plan Width": 50, "Group By Key": ["nation.n_name"], "Plans": [{"Node Type": "Merge Join", "Parent Relationship": "Outer", "Join Type": "Inner", "Startup Cost": 3107434.36, "Total Cost": 3135952.96, "Plan Rows": 9390, "Plan Width": 42, "Inner Unique": true, "Merge Cond": "((lineitem.l_suppkey = supplier.s_suppkey) AND (customer.c_nationkey = supplier.s_nationkey))", "Plans": [{"Node Type": "Sort", "Parent Relationship": "Outer", "Startup Cost": 3095843.79, "Total Cost": 3105066.16, "Plan Rows": 3688948, "Plan Width": 58, "Sort Key": ["lineitem.l_suppkey", "customer.c_nationkey"], "Plans": [{"Node Type": "Nested Loop", "Parent Relationship": "Outer", "Join Type": "Inner", "Startup Cost": 674437.01, "Total Cost": 2693475.88, "Plan Rows": 3688948, "Plan Width": 58, "Inner Unique": false, "Plans": [{"Node Type": "Merge Join", "Parent Relationship": "Outer", "Join Type": "Inner", "Startup Cost": 674436.28, "Total Cost": 691407.56, "Plan Rows": 406290, "Plan Width": 42, "Inner Unique": false, "Merge Cond": "(customer.c_custkey = orders.o_custkey)", "Plans": [{"Node Type": "Sort", "Parent Relationship": "Outer", "Startup Cost": 64457.4, "Total Cost": 65207.4, "Plan Rows": 300000, "Plan Width": 42, "Sort Key": ["customer.c_custkey"], "Plans": [{"Node Type": "Nested Loop", "Parent Relationship": "Outer", "Join Type": "Inner", "Startup Cost": 1033.27, "Total Cost": 37165.49, "Plan Rows": 300000, "Plan Width": 42, "Inner Unique": false, "Plans": [{"Node Type": "Merge Join", "Parent Relationship": "Outer", "Join Type": "Inner", "Startup Cost": 2.9, "Total Cost": 3.09, "Plan Rows": 5, "Plan Width": 30, "Inner Unique": false, "Merge Cond": "(region.r_regionkey = nation.n_regionkey)", "Plans": [{"Node Type": "Sort", "Parent Relationship": "Outer", "Startup Cost": 1.07, "Total Cost": 1.08, "Plan Rows": 1, "Plan Width": 4, "Sort Key": ["region.r_regionkey"], "Plans": [{"Node Type": "Seq Scan", "Parent Relationship": "Outer", "Relation Name": "region", "Alias": "region", "Startup Cost": 0.0, "Total Cost": 1.06, "Plan Rows": 1, "Plan Width": 4, "Filter": "(r_name = 'MIDDLE EAST'::bpchar)"}]}, {"Node Type": "Sort", "Parent Relationship": "Inner", "Startup Cost": 1.83, "Total Cost": 1.89, "Plan Rows": 25, "Plan Width": 34, "Sort Key": ["nation.n_regionkey"], "Plans": [{"Node Type": "Seq Scan", "Parent Relationship": "Outer", "Relation Name": "nation", "Alias": "nation", "Startup Cost": 0.0, "Total Cost": 1.25, "Plan Rows": 25, "Plan Width": 34}]}]}, {"Node Type": "Bitmap Heap Scan", "Parent Relationship": "Inner", "Relation Name": "customer", "Alias": "customer", "Startup Cost": 1030.37, "Total Cost": 6832.48, "Plan Rows": 60000, "Plan Width": 12, "Recheck Cond": "(c_nationkey = nation.n_nationkey)", "Plans": [{"Node Type": "Bitmap Index Scan", "Parent Relationship": "Outer", "Index Name": "idx_customer_nationkey", "Startup Cost": 0.0, "Total Cost": 1015.37, "Plan Rows": 60000, "Plan Width": 0, "Index Cond": "(c_nationkey = nation.n_nationkey)"}]}]}]}, {"Node Type": "Sort", "Parent Relationship": "Inner", "Startup Cost": 609978.84, "Total Cost": 615683.24, "Plan Rows": 2281758, "Plan Width": 16, "Sort Key": ["orders.o_custkey"], "Plans": [{"Node Type": "Bitmap Heap Scan", "Parent Relationship": "Outer", "Relation Name": "orders", "Alias": "orders", "Startup Cost": 58360.27, "Total Cost": 369005.64, "Plan Rows": 2281758, "Plan Width": 16, "Recheck Cond": "((o_orderdate >= '1994-01-01 00:00:00'::timestamp(0) without time zone) AND (o_orderdate < '1995-01-01 00:00:00'::timestamp without time zone)), (LLVM Optimized)", "Plans": [{"Node Type": "Bitmap Index Scan", "Parent Relationship": "Outer", "Index Name": "idx_orders_orderdate", "Startup Cost": 0.0, "Total Cost": 57789.83, "Plan Rows": 2281758, "Plan Width": 0, "Index Cond": "((o_orderdate >= '1994-01-01 00:00:00'::timestamp(0) without time zone) AND (o_orderdate < '1995-01-01 00:00:00'::timestamp without time zone))"}]}]}]}, {"Node Type": "Bitmap Heap Scan", "Parent Relationship": "Inner", "Relation Name": "lineitem", "Alias": "lineitem", "Startup Cost": 0.73, "Total Cost": 4.84, "Plan Rows": 9, "Plan Width": 32, "Recheck Cond": "(l_orderkey = orders.o_orderkey)", "Plans": [{"Node Type": "Bitmap Index Scan", "Parent Relationship": "Outer", "Index Name": "idx_lineitem_orderkey", "Startup Cost": 0.0, "Total Cost": 0.72, "Plan Rows": 9, "Plan Width": 0, "Index Cond": "(l_orderkey = orders.o_orderkey)"}]}]}]}, {"Node Type": "Sort", "Parent Relationship": "Inner", "Startup Cost": 11587.82, "Total Cost": 11837.82, "Plan Rows": 100000, "Plan Width": 12, "Sort Key": ["supplier.s_suppkey", "supplier.s_nationkey"], "Plans": [{"Node Type": "Seq Scan", "Parent Relationship": "Outer", "Relation Name": "supplier", "Alias": "supplier", "Startup Cost": 0.0, "Total Cost": 3283.0, "Plan Rows": 100000, "Plan Width": 12}]}]}]}]}, "Unique SQL Id": 1392561963}, "explain_analyze_plan": {"Plan": {"Node Type": "Sort", "Startup Cost": 3136047.69, "Total Cost": 3136047.75, "Plan Rows": 25, "Plan Width": 50, "Actual Startup Time": 13917.201, "Actual Total Time": 13917.201, "Actual Rows": 5, "Actual Loops": 1, "Sort Key": ["(sum((lineitem.l_extendedprice * (1::double precision - lineitem.l_discount)))) DESC"], "Sort Method": "quicksort", "Sort Space Used": 25, "Sort Space Type": "Memory", "Plans": [{"Node Type": "Aggregate", "Strategy": "Hashed", "Parent Relationship": "Outer", "Startup Cost": 3136046.86, "Total Cost": 3136047.11, "Plan Rows": 25, "Plan Width": 50, "Actual Startup Time": 13917.168, "Actual Total Time": 13917.17, "Actual Rows": 5, "Actual Loops": 1, "Group By Key": ["nation.n_name"], "Plans": [{"Node Type": "Merge Join", "Parent Relationship": "Outer", "Join Type": "Inner", "Startup Cost": 3107434.36, "Total Cost": 3135952.96, "Plan Rows": 9390, "Plan Width": 42, "Actual Startup Time": 13066.711, "Actual Total Time": 13869.612, "Actual Rows": 72985, "Actual Loops": 1, "Inner Unique": true, "Merge Cond": "((lineitem.l_suppkey = supplier.s_suppkey) AND (customer.c_nationkey = supplier.s_nationkey))", "Plans": [{"Node Type": "Sort", "Parent Relationship": "Outer", "Startup Cost": 3095843.79, "Total Cost": 3105066.16, "Plan Rows": 3688948, "Plan Width": 58, "Actual Startup Time": 12990.359, "Actual Total Time": 13470.387, "Actual Rows": 1815212, "Actual Loops": 1, "Sort Key": ["lineitem.l_suppkey", "customer.c_nationkey"], "Sort Method": "quicksort", "Sort Space Used": 332781, "Sort Space Type": "Memory", "Plans": [{"Node Type": "Nested Loop", "Parent Relationship": "Outer", "Join Type": "Inner", "Startup Cost": 674437.01, "Total Cost": 2693475.88, "Plan Rows": 3688948, "Plan Width": 58, "Actual Startup Time": 3831.748, "Actual Total Time": 11524.591, "Actual Rows": 1815222, "Actual Loops": 1, "Inner Unique": false, "Plans": [{"Node Type": "Merge Join", "Parent Relationship": "Outer", "Join Type": "Inner", "Startup Cost": 674436.28, "Total Cost": 691407.56, "Plan Rows": 406290, "Plan Width": 42, "Actual Startup Time": 3831.661, "Actual Total Time": 5068.742, "Actual Rows": 454183, "Actual Loops": 1, "Inner Unique": false, "Merge Cond": "(customer.c_custkey = orders.o_custkey)", "Plans": [{"Node Type": "Sort", "Parent Relationship": "Outer", "Startup Cost": 64457.4, "Total Cost": 65207.4, "Plan Rows": 300000, "Plan Width": 42, "Actual Startup Time": 711.165, "Actual Total Time": 772.019, "Actual Rows": 299838, "Actual Loops": 1, "Sort Key": ["customer.c_custkey"], "Sort Method": "quicksort", "Sort Space Used": 59138, "Sort Space Type": "Memory", "Plans": [{"Node Type": "Nested Loop", "Parent Relationship": "Outer", "Join Type": "Inner", "Startup Cost": 1033.27, "Total Cost": 37165.49, "Plan Rows": 300000, "Plan Width": 42, "Actual Startup Time": 17.882, "Actual Total Time": 592.675, "Actual Rows": 299838, "Actual Loops": 1, "Inner Unique": false, "Plans": [{"Node Type": "Merge Join", "Parent Relationship": "Outer", "Join Type": "Inner", "Startup Cost": 2.9, "Total Cost": 3.09, "Plan Rows": 5, "Plan Width": 30, "Actual Startup Time": 0.07, "Actual Total Time": 0.109, "Actual Rows": 5, "Actual Loops": 1, "Inner Unique": false, "Merge Cond": "(region.r_regionkey = nation.n_regionkey)", "Plans": [{"Node Type": "Sort", "Parent Relationship": "Outer", "Startup Cost": 1.07, "Total Cost": 1.08, "Plan Rows": 1, "Plan Width": 4, "Actual Startup Time": 0.035, "Actual Total Time": 0.035, "Actual Rows": 1, "Actual Loops": 1, "Sort Key": ["region.r_regionkey"], "Sort Method": "quicksort", "Sort Space Used": 25, "Sort Space Type": "Memory", "Plans": [{"Node Type": "Seq Scan", "Parent Relationship": "Outer", "Relation Name": "region", "Alias": "region", "Startup Cost": 0.0, "Total Cost": 1.06, "Plan Rows": 1, "Plan Width": 4, "Actual Startup Time": 0.023, "Actual Total Time": 0.024, "Actual Rows": 1, "Actual Loops": 1, "Filter": "(r_name = 'MIDDLE EAST'::bpchar)", "Rows Removed by Filter": 4}]}, {"Node Type": "Sort", "Parent Relationship": "Inner", "Startup Cost": 1.83, "Total Cost": 1.89, "Plan Rows": 25, "Plan Width": 34, "Actual Startup Time": 0.023, "Actual Total Time": 0.034, "Actual Rows": 25, "Actual Loops": 1, "Sort Key": ["nation.n_regionkey"], "Sort Method": "quicksort", "Sort Space Used": 27, "Sort Space Type": "Memory", "Plans": [{"Node Type": "Seq Scan", "Parent Relationship": "Outer", "Relation Name": "nation", "Alias": "nation", "Startup Cost": 0.0, "Total Cost": 1.25, "Plan Rows": 25, "Plan Width": 34, "Actual Startup Time": 0.006, "Actual Total Time": 0.012, "Actual Rows": 25, "Actual Loops": 1}]}]}, {"Node Type": "Bitmap Heap Scan", "Parent Relationship": "Inner", "Relation Name": "customer", "Alias": "customer", "Startup Cost": 1030.37, "Total Cost": 6832.48, "Plan Rows": 60000, "Plan Width": 12, "Actual Startup Time": 92.138, "Actual Total Time": 530.095, "Actual Rows": 299838, "Actual Loops": 5, "Recheck Cond": "(c_nationkey = nation.n_nationkey)", "Rows Removed by Index Recheck": 0, "Exact Heap Blocks": 150033, "Lossy Heap Blocks": 150033, "Plans": [{"Node Type": "Bitmap Index Scan", "Parent Relationship": "Outer", "Index Name": "idx_customer_nationkey", "Startup Cost": 0.0, "Total Cost": 1015.37, "Plan Rows": 60000, "Plan Width": 0, "Actual Startup Time": 59.143, "Actual Total Time": 59.143, "Actual Rows": 299838, "Actual Loops": 5, "Index Cond": "(c_nationkey = nation.n_nationkey)"}]}]}]}, {"Node Type": "Sort", "Parent Relationship": "Inner", "Startup Cost": 609978.84, "Total Cost": 615683.24, "Plan Rows": 2281758, "Plan Width": 16, "Actual Startup Time": 3120.47, "Actual Total Time": 3805.34, "Actual Rows": 2275914, "Actual Loops": 1, "Sort Key": ["orders.o_custkey"], "Sort Method": "quicksort", "Sort Space Used": 311672, "Sort Space Type": "Memory", "Plans": [{"Node Type": "Bitmap Heap Scan", "Parent Relationship": "Outer", "Relation Name": "orders", "Alias": "orders", "Startup Cost": 58360.27, "Total Cost": 369005.64, "Plan Rows": 2281758, "Plan Width": 16, "Actual Startup Time": 660.872, "Actual Total Time": 2174.103, "Actual Rows": 2275919, "Actual Loops": 1, "Recheck Cond": "((o_orderdate >= '1994-01-01 00:00:00'::timestamp(0) without time zone) AND (o_orderdate < '1995-01-01 00:00:00'::timestamp without time zone)), (LLVM Optimized, Jit Execute)", "Rows Removed by Index Recheck": 0, "Exact Heap Blocks": 276381, "Lossy Heap Blocks": 276381, "Plans": [{"Node Type": "Bitmap Index Scan", "Parent Relationship": "Outer", "Index Name": "idx_orders_orderdate", "Startup Cost": 0.0, "Total Cost": 57789.83, "Plan Rows": 2281758, "Plan Width": 0, "Actual Startup Time": 571.646, "Actual Total Time": 571.646, "Actual Rows": 2275919, "Actual Loops": 1, "Index Cond": "((o_orderdate >= '1994-01-01 00:00:00'::timestamp(0) without time zone) AND (o_orderdate < '1995-01-01 00:00:00'::timestamp without time zone))"}]}]}]}, {"Node Type": "Bitmap Heap Scan", "Parent Relationship": "Inner", "Relation Name": "lineitem", "Alias": "lineitem", "Startup Cost": 0.73, "Total Cost": 4.84, "Plan Rows": 9, "Plan Width": 32, "Actual Startup Time": 5204.549, "Actual Total Time": 5522.955, "Actual Rows": 1815222, "Actual Loops": 454183, "Recheck Cond": "(l_orderkey = orders.o_orderkey)", "Rows Removed by Index Recheck": 0, "Exact Heap Blocks": 486530, "Lossy Heap Blocks": 486530, "Plans": [{"Node Type": "Bitmap Index Scan", "Parent Relationship": "Outer", "Index Name": "idx_lineitem_orderkey", "Startup Cost": 0.0, "Total Cost": 0.72, "Plan Rows": 9, "Plan Width": 0, "Actual Startup Time": 3282.495, "Actual Total Time": 3282.495, "Actual Rows": 1815222, "Actual Loops": 454183, "Index Cond": "(l_orderkey = orders.o_orderkey)"}]}]}]}, {"Node Type": "Sort", "Parent Relationship": "Inner", "Startup Cost": 11587.82, "Total Cost": 11837.82, "Plan Rows": 100000, "Plan Width": 12, "Actual Startup Time": 76.29, "Actual Total Time": 90.419, "Actual Rows": 100000, "Actual Loops": 1, "Sort Key": ["supplier.s_suppkey", "supplier.s_nationkey"], "Sort Method": "quicksort", "Sort Space Used": 12448, "Sort Space Type": "Memory", "Plans": [{"Node Type": "Seq Scan", "Parent Relationship": "Outer", "Relation Name": "supplier", "Alias": "supplier", "Startup Cost": 0.0, "Total Cost": 3283.0, "Plan Rows": 100000, "Plan Width": 12, "Actual Startup Time": 0.04, "Actual Total Time": 38.337, "Actual Rows": 100000, "Actual Loops": 1}]}]}]}]}, "Triggers": [], "Planner Runtime": 7.227, "Total Runtime": 13926.781, "Unique SQL Id": 1392561963}}, "(64, 87)": {"explain_plan": {"Plan": {"Node Type": "Sort", "Startup Cost": 46003135.57, "Total Cost": 46003135.63, "Plan Rows": 25, "Plan Width": 50, "Sort Key": ["(sum((lineitem.l_extendedprice * (1::double precision - lineitem.l_discount)))) DESC"], "Plans": [{"Node Type": "Aggregate", "Strategy": "Hashed", "Parent Relationship": "Outer", "Startup Cost": 46003134.74, "Total Cost": 46003134.99, "Plan Rows": 25, "Plan Width": 50, "Group By Key": ["nation.n_name"], "Plans": [{"Node Type": "Nested Loop", "Parent Relationship": "Outer", "Join Type": "Inner", "Startup Cost": 58362.35, "Total Cost": 46003040.84, "Plan Rows": 9390, "Plan Width": 42, "Inner Unique": true, "Join Filter": "(customer.c_nationkey = supplier.s_nationkey)", "Plans": [{"Node Type": "Nested Loop", "Parent Relationship": "Outer", "Join Type": "Inner", "Startup Cost": 58362.1, "Total Cost": 30204103.6, "Plan Rows": 3688948, "Plan Width": 58, "Inner Unique": false, "Plans": [{"Node Type": "Nested Loop", "Parent Relationship": "Outer", "Join Type": "Inner", "Startup Cost": 58361.37, "Total Cost": 28202035.27, "Plan Rows": 406290, "Plan Width": 42, "Inner Unique": true, "Plans": [{"Node Type": "Nested Loop", "Parent Relationship": "Outer", "Join Type": "Inner", "Startup Cost": 58360.79, "Total Cost": 18851769.58, "Plan Rows": 2031452, "Plan Width": 46, "Inner Unique": true, "Plans": [{"Node Type": "Nested Loop", "Parent Relationship": "Outer", "Join Type": "Inner", "Startup Cost": 58360.54, "Total Cost": 10156636.32, "Plan Rows": 2031452, "Plan Width": 12, "Inner Unique": true, "Plans": [{"Node Type": "Bitmap Heap Scan", "Parent Relationship": "Outer", "Relation Name": "orders", "Alias": "orders", "Startup Cost": 58360.27, "Total Cost": 369005.64, "Plan Rows": 2281758, "Plan Width": 16, "Recheck Cond": "((o_orderdate >= '1994-01-01 00:00:00'::timestamp(0) without time zone) AND (o_orderdate < '1995-01-01 00:00:00'::timestamp without time zone)), (LLVM Optimized)", "Plans": [{"Node Type": "Bitmap Index Scan", "Parent Relationship": "Outer", "Index Name": "idx_orders_orderdate", "Startup Cost": 0.0, "Total Cost": 57789.83, "Plan Rows": 2281758, "Plan Width": 0, "Index Cond": "((o_orderdate >= '1994-01-01 00:00:00'::timestamp(0) without time zone) AND (o_orderdate < '1995-01-01 00:00:00'::timestamp without time zone))"}]}, {"Node Type": "Bitmap Heap Scan", "Parent Relationship": "Inner", "Relation Name": "customer", "Alias": "customer", "Startup Cost": 0.27, "Total Cost": 4.28, "Plan Rows": 1, "Plan Width": 12, "Recheck Cond": "(c_custkey = orders.o_custkey)", "Plans": [{"Node Type": "Bitmap Index Scan", "Parent Relationship": "Outer", "Index Name": "customer_pkey", "Startup Cost": 0.0, "Total Cost": 0.27, "Plan Rows": 1, "Plan Width": 0, "Index Cond": "(c_custkey = orders.o_custkey)"}]}]}, {"Node Type": "Bitmap Heap Scan", "Parent Relationship": "Inner", "Relation Name": "nation", "Alias": "nation", "Startup Cost": 0.26, "Total Cost": 4.27, "Plan Rows": 1, "Plan Width": 34, "Recheck Cond": "(n_nationkey = customer.c_nationkey)", "Plans": [{"Node Type": "Bitmap Index Scan", "Parent Relationship": "Outer", "Index Name": "nation_pkey", "Startup Cost": 0.0, "Total Cost": 0.26, "Plan Rows": 1, "Plan Width": 0, "Index Cond": "(n_nationkey = customer.c_nationkey)"}]}]}, {"Node Type": "Bitmap Heap Scan", "Parent Relationship": "Inner", "Relation Name": "region", "Alias": "region", "Startup Cost": 0.58, "Total Cost": 4.59, "Plan Rows": 1, "Plan Width": 4, "Recheck Cond": "(r_regionkey = nation.n_regionkey)", "Filter": "(r_name = 'MIDDLE EAST'::bpchar)", "Plans": [{"Node Type": "Bitmap Index Scan", "Parent Relationship": "Outer", "Index Name": "region_pkey", "Startup Cost": 0.0, "Total Cost": 0.58, "Plan Rows": 1, "Plan Width": 0, "Index Cond": "(r_regionkey = nation.n_regionkey)"}]}]}, {"Node Type": "Bitmap Heap Scan", "Parent Relationship": "Inner", "Relation Name": "lineitem", "Alias": "lineitem", "Startup Cost": 0.73, "Total Cost": 4.84, "Plan Rows": 9, "Plan Width": 32, "Recheck Cond": "(l_orderkey = orders.o_orderkey)", "Plans": [{"Node Type": "Bitmap Index Scan", "Parent Relationship": "Outer", "Index Name": "idx_lineitem_orderkey", "Startup Cost": 0.0, "Total Cost": 0.72, "Plan Rows": 9, "Plan Width": 0, "Index Cond": "(l_orderkey = orders.o_orderkey)"}]}]}, {"Node Type": "Bitmap Heap Scan", "Parent Relationship": "Inner", "Relation Name": "supplier", "Alias": "supplier", "Startup Cost": 0.26, "Total Cost": 4.27, "Plan Rows": 1, "Plan Width": 12, "Recheck Cond": "(s_suppkey = lineitem.l_suppkey)", "Plans": [{"Node Type": "Bitmap Index Scan", "Parent Relationship": "Outer", "Index Name": "supplier_pkey", "Startup Cost": 0.0, "Total Cost": 0.26, "Plan Rows": 1, "Plan Width": 0, "Index Cond": "(s_suppkey = lineitem.l_suppkey)"}]}]}]}]}, "Unique SQL Id": 1392561963}, "explain_analyze_plan": null}, "(64, 88)": {"explain_plan": {"Plan": {"Node Type": "Sort", "Startup Cost": 2121871.76, "Total Cost": 2121871.82, "Plan Rows": 25, "Plan Width": 50, "Sort Key": ["(sum((lineitem.l_extendedprice * (1::double precision - lineitem.l_discount)))) DESC"], "Plans": [{"Node Type": "Aggregate", "Strategy": "Hashed", "Parent Relationship": "Outer", "Startup Cost": 2121870.92, "Total Cost": 2121871.17, "Plan Rows": 25, "Plan Width": 50, "Group By Key": ["nation.n_name"], "Plans": [{"Node Type": "Merge Join", "Parent Relationship": "Outer", "Join Type": "Inner", "Startup Cost": 2094816.76, "Total Cost": 2121777.02, "Plan Rows": 9390, "Plan Width": 42, "Inner Unique": false, "Merge Cond": "(supplier.s_suppkey = lineitem.l_suppkey)", "Join Filter": "(customer.c_nationkey = supplier.s_nationkey)", "Plans": [{"Node Type": "Index Scan", "Parent Relationship": "Outer", "Scan Direction": "Forward", "Index Name": "supplier_pkey", "Relation Name": "supplier", "Alias": "supplier", "Startup Cost": 0.0, "Total Cost": 5334.54, "Plan Rows": 100000, "Plan Width": 12}, {"Node Type": "Sort", "Parent Relationship": "Inner", "Startup Cost": 2094814.93, "Total Cost": 2104037.3, "Plan Rows": 3688948, "Plan Width": 58, "Sort Key": ["lineitem.l_suppkey"], "Plans": [{"Node Type": "Nested Loop", "Parent Relationship": "Outer", "Join Type": "Inner", "Startup Cost": 0.0, "Total Cost": 1692447.02, "Plan Rows": 3688948, "Plan Width": 58, "Inner Unique": false, "Plans": [{"Node Type": "Nested Loop", "Parent Relationship": "Outer", "Join Type": "Inner", "Startup Cost": 0.0, "Total Cost": 416652.61, "Plan Rows": 406290, "Plan Width": 42, "Inner Unique": false, "Plans": [{"Node Type": "Nested Loop", "Parent Relationship": "Outer", "Join Type": "Inner", "Startup Cost": 0.0, "Total Cost": 41543.81, "Plan Rows": 300000, "Plan Width": 42, "Inner Unique": false, "Plans": [{"Node Type": "Nested Loop", "Parent Relationship": "Outer", "Join Type": "Inner", "Startup Cost": 0.0, "Total Cost": 31.69, "Plan Rows": 5, "Plan Width": 30, "Inner Unique": true, "Plans": [{"Node Type": "Index Scan", "Parent Relationship": "Outer", "Scan Direction": "Forward", "Index Name": "nation_pkey", "Relation Name": "nation", "Alias": "nation", "Startup Cost": 0.0, "Total Cost": 12.62, "Plan Rows": 25, "Plan Width": 34}, {"Node Type": "Index Scan", "Parent Relationship": "Inner", "Scan Direction": "Forward", "Index Name": "region_pkey", "Relation Name": "region", "Alias": "region", "Startup Cost": 0.0, "Total Cost": 0.75, "Plan Rows": 1, "Plan Width": 4, "Index Cond": "(r_regionkey = nation.n_regionkey)", "Filter": "(r_name = 'MIDDLE EAST'::bpchar)"}]}, {"Node Type": "Index Scan", "Parent Relationship": "Inner", "Scan Direction": "Forward", "Index Name": "idx_customer_nationkey", "Relation Name": "customer", "Alias": "customer", "Startup Cost": 0.0, "Total Cost": 7702.43, "Plan Rows": 60000, "Plan Width": 12, "Index Cond": "(c_nationkey = nation.n_nationkey)"}]}, {"Node Type": "Index Scan", "Parent Relationship": "Inner", "Scan Direction": "Forward", "Index Name": "idx_orders_custkey", "Relation Name": "orders", "Alias": "orders", "Startup Cost": 0.0, "Total Cost": 1.24, "Plan Rows": 1, "Plan Width": 16, "Index Cond": "(o_custkey = customer.c_custkey)", "Filter": "((o_orderdate >= '1994-01-01 00:00:00'::timestamp(0) without time zone) AND (o_orderdate < '1995-01-01 00:00:00'::timestamp without time zone))"}]}, {"Node Type": "Index Scan", "Parent Relationship": "Inner", "Scan Direction": "Forward", "Index Name": "idx_lineitem_orderkey", "Relation Name": "lineitem", "Alias": "lineitem", "Startup Cost": 0.0, "Total Cost": 3.05, "Plan Rows": 9, "Plan Width": 32, "Index Cond": "(l_orderkey = orders.o_orderkey)"}]}]}]}]}]}, "Unique SQL Id": 1392561963}, "explain_analyze_plan": {"Plan": {"Node Type": "Sort", "Startup Cost": 2121871.76, "Total Cost": 2121871.82, "Plan Rows": 25, "Plan Width": 50, "Actual Startup Time": 17289.149, "Actual Total Time": 17289.15, "Actual Rows": 5, "Actual Loops": 1, "Sort Key": ["(sum((lineitem.l_extendedprice * (1::double precision - lineitem.l_discount)))) DESC"], "Sort Method": "quicksort", "Sort Space Used": 25, "Sort Space Type": "Memory", "Plans": [{"Node Type": "Aggregate", "Strategy": "Hashed", "Parent Relationship": "Outer", "Startup Cost": 2121870.92, "Total Cost": 2121871.17, "Plan Rows": 25, "Plan Width": 50, "Actual Startup Time": 17289.121, "Actual Total Time": 17289.124, "Actual Rows": 5, "Actual Loops": 1, "Group By Key": ["nation.n_name"], "Plans": [{"Node Type": "Merge Join", "Parent Relationship": "Outer", "Join Type": "Inner", "Startup Cost": 2094816.76, "Total Cost": 2121777.02, "Plan Rows": 9390, "Plan Width": 42, "Actual Startup Time": 16147.959, "Actual Total Time": 17239.221, "Actual Rows": 72985, "Actual Loops": 1, "Inner Unique": false, "Merge Cond": "(supplier.s_suppkey = lineitem.l_suppkey)", "Join Filter": "(customer.c_nationkey = supplier.s_nationkey)", "Rows Removed by Join Filter": 0, "Plans": [{"Node Type": "Index Scan", "Parent Relationship": "Outer", "Scan Direction": "Forward", "Index Name": "supplier_pkey", "Relation Name": "supplier", "Alias": "supplier", "Startup Cost": 0.0, "Total Cost": 5334.54, "Plan Rows": 100000, "Plan Width": 12, "Actual Startup Time": 0.026, "Actual Total Time": 79.652, "Actual Rows": 100000, "Actual Loops": 1}, {"Node Type": "Sort", "Parent Relationship": "Inner", "Startup Cost": 2094814.93, "Total Cost": 2104037.3, "Plan Rows": 3688948, "Plan Width": 58, "Actual Startup Time": 16147.625, "Actual Total Time": 16619.734, "Actual Rows": 1815222, "Actual Loops": 1, "Sort Key": ["lineitem.l_suppkey"], "Sort Method": "quicksort", "Sort Space Used": 332781, "Sort Space Type": "Memory", "Plans": [{"Node Type": "Nested Loop", "Parent Relationship": "Outer", "Join Type": "Inner", "Startup Cost": 0.0, "Total Cost": 1692447.02, "Plan Rows": 3688948, "Plan Width": 58, "Actual Startup Time": 0.121, "Actual Total Time": 15293.247, "Actual Rows": 1815222, "Actual Loops": 1, "Inner Unique": false, "Plans": [{"Node Type": "Nested Loop", "Parent Relationship": "Outer", "Join Type": "Inner", "Startup Cost": 0.0, "Total Cost": 416652.61, "Plan Rows": 406290, "Plan Width": 42, "Actual Startup Time": 0.107, "Actual Total Time": 9388.367, "Actual Rows": 454183, "Actual Loops": 1, "Inner Unique": false, "Plans": [{"Node Type": "Nested Loop", "Parent Relationship": "Outer", "Join Type": "Inner", "Startup Cost": 0.0, "Total Cost": 41543.81, "Plan Rows": 300000, "Plan Width": 42, "Actual Startup Time": 0.06, "Actual Total Time": 519.427, "Actual Rows": 299838, "Actual Loops": 1, "Inner Unique": false, "Plans": [{"Node Type": "Nested Loop", "Parent Relationship": "Outer", "Join Type": "Inner", "Startup Cost": 0.0, "Total Cost": 31.69, "Plan Rows": 5, "Plan Width": 30, "Actual Startup Time": 0.033, "Actual Total Time": 0.297, "Actual Rows": 5, "Actual Loops": 1, "Inner Unique": true, "Plans": [{"Node Type": "Index Scan", "Parent Relationship": "Outer", "Scan Direction": "Forward", "Index Name": "nation_pkey", "Relation Name": "nation", "Alias": "nation", "Startup Cost": 0.0, "Total Cost": 12.62, "Plan Rows": 25, "Plan Width": 34, "Actual Startup Time": 0.003, "Actual Total Time": 0.125, "Actual Rows": 25, "Actual Loops": 1}, {"Node Type": "Index Scan", "Parent Relationship": "Inner", "Scan Direction": "Forward", "Index Name": "region_pkey", "Relation Name": "region", "Alias": "region", "Startup Cost": 0.0, "Total Cost": 0.75, "Plan Rows": 1, "Plan Width": 4, "Actual Startup Time": 0.11, "Actual Total Time": 0.11, "Actual Rows": 5, "Actual Loops": 25, "Index Cond": "(r_regionkey = nation.n_regionkey)", "Rows Removed by Index Recheck": 0, "Filter": "(r_name = 'MIDDLE EAST'::bpchar)", "Rows Removed by Filter": 20}]}, {"Node Type": "Index Scan", "Parent Relationship": "Inner", "Scan Direction": "Forward", "Index Name": "idx_customer_nationkey", "Relation Name": "customer", "Alias": "customer", "Startup Cost": 0.0, "Total Cost": 7702.43, "Plan Rows": 60000, "Plan Width": 12, "Actual Startup Time": 0.169, "Actual Total Time": 435.651, "Actual Rows": 299838, "Actual Loops": 5, "Index Cond": "(c_nationkey = nation.n_nationkey)", "Rows Removed by Index Recheck": 0}]}, {"Node Type": "Index Scan", "Parent Relationship": "Inner", "Scan Direction": "Forward", "Index Name": "idx_orders_custkey", "Relation Name": "orders", "Alias": "orders", "Startup Cost": 0.0, "Total Cost": 1.24, "Plan Rows": 1, "Plan Width": 16, "Actual Startup Time": 4067.002, "Actual Total Time": 8602.666, "Actual Rows": 454183, "Actual Loops": 299838, "Index Cond": "(o_custkey = customer.c_custkey)", "Rows Removed by Index Recheck": 0, "Filter": "((o_orderdate >= '1994-01-01 00:00:00'::timestamp(0) without time zone) AND (o_orderdate < '1995-01-01 00:00:00'::timestamp without time zone))", "Rows Removed by Filter": 2542535}]}, {"Node Type": "Index Scan", "Parent Relationship": "Inner", "Scan Direction": "Forward", "Index Name": "idx_lineitem_orderkey", "Relation Name": "lineitem", "Alias": "lineitem", "Startup Cost": 0.0, "Total Cost": 3.05, "Plan Rows": 9, "Plan Width": 32, "Actual Startup Time": 4293.232, "Actual Total Time": 5263.083, "Actual Rows": 1815222, "Actual Loops": 454183, "Index Cond": "(l_orderkey = orders.o_orderkey)", "Rows Removed by Index Recheck": 0}]}]}]}]}]}, "Triggers": [], "Planner Runtime": 7.271, "Total Runtime": 17289.526, "Unique SQL Id": 1392561963}}, "(64, 89)": {"explain_plan": {"Plan": {"Node Type": "Sort", "Startup Cost": 2122280.36, "Total Cost": 2122280.42, "Plan Rows": 25, "Plan Width": 50, "Sort Key": ["(sum((lineitem.l_extendedprice * (1::double precision - lineitem.l_discount)))) DESC"], "Plans": [{"Node Type": "Aggregate", "Strategy": "Hashed", "Parent Relationship": "Outer", "Startup Cost": 2122279.52, "Total Cost": 2122279.77, "Plan Rows": 25, "Plan Width": 50, "Group By Key": ["nation.n_name"], "Plans": [{"Node Type": "Merge Join", "Parent Relationship": "Outer", "Join Type": "Inner", "Startup Cost": 2094816.76, "Total Cost": 2122185.62, "Plan Rows": 9390, "Plan Width": 42, "Inner Unique": false, "Merge Cond": "(supplier.s_suppkey = lineitem.l_suppkey)", "Join Filter": "(customer.c_nationkey = supplier.s_nationkey)", "Plans": [{"Node Type": "Index Scan", "Parent Relationship": "Outer", "Scan Direction": "Forward", "Index Name": "supplier_pkey", "Relation Name": "supplier", "Alias": "supplier", "Startup Cost": 0.0, "Total Cost": 5334.54, "Plan Rows": 100000, "Plan Width": 12}, {"Node Type": "Sort", "Parent Relationship": "Inner", "Startup Cost": 2094814.93, "Total Cost": 2104037.3, "Plan Rows": 3688948, "Plan Width": 58, "Sort Key": ["lineitem.l_suppkey"], "Plans": [{"Node Type": "Nested Loop", "Parent Relationship": "Outer", "Join Type": "Inner", "Startup Cost": 0.0, "Total Cost": 1692447.02, "Plan Rows": 3688948, "Plan Width": 58, "Inner Unique": false, "Plans": [{"Node Type": "Nested Loop", "Parent Relationship": "Outer", "Join Type": "Inner", "Startup Cost": 0.0, "Total Cost": 416652.61, "Plan Rows": 406290, "Plan Width": 42, "Inner Unique": false, "Plans": [{"Node Type": "Nested Loop", "Parent Relationship": "Outer", "Join Type": "Inner", "Startup Cost": 0.0, "Total Cost": 41543.81, "Plan Rows": 300000, "Plan Width": 42, "Inner Unique": false, "Plans": [{"Node Type": "Nested Loop", "Parent Relationship": "Outer", "Join Type": "Inner", "Startup Cost": 0.0, "Total Cost": 31.69, "Plan Rows": 5, "Plan Width": 30, "Inner Unique": true, "Plans": [{"Node Type": "Index Scan", "Parent Relationship": "Outer", "Scan Direction": "Forward", "Index Name": "nation_pkey", "Relation Name": "nation", "Alias": "nation", "Startup Cost": 0.0, "Total Cost": 12.62, "Plan Rows": 25, "Plan Width": 34}, {"Node Type": "Index Scan", "Parent Relationship": "Inner", "Scan Direction": "Forward", "Index Name": "region_pkey", "Relation Name": "region", "Alias": "region", "Startup Cost": 0.0, "Total Cost": 0.75, "Plan Rows": 1, "Plan Width": 4, "Index Cond": "(r_regionkey = nation.n_regionkey)", "Filter": "(r_name = 'MIDDLE EAST'::bpchar)"}]}, {"Node Type": "Index Scan", "Parent Relationship": "Inner", "Scan Direction": "Forward", "Index Name": "idx_customer_nationkey", "Relation Name": "customer", "Alias": "customer", "Startup Cost": 0.0, "Total Cost": 7702.43, "Plan Rows": 60000, "Plan Width": 12, "Index Cond": "(c_nationkey = nation.n_nationkey)"}]}, {"Node Type": "Index Scan", "Parent Relationship": "Inner", "Scan Direction": "Forward", "Index Name": "idx_orders_custkey", "Relation Name": "orders", "Alias": "orders", "Startup Cost": 0.0, "Total Cost": 1.24, "Plan Rows": 1, "Plan Width": 16, "Index Cond": "(o_custkey = customer.c_custkey)", "Filter": "((o_orderdate >= '1994-01-01 00:00:00'::timestamp(0) without time zone) AND (o_orderdate < '1995-01-01 00:00:00'::timestamp without time zone))"}]}, {"Node Type": "Index Scan", "Parent Relationship": "Inner", "Scan Direction": "Forward", "Index Name": "idx_lineitem_orderkey", "Relation Name": "lineitem", "Alias": "lineitem", "Startup Cost": 0.0, "Total Cost": 3.05, "Plan Rows": 9, "Plan Width": 32, "Index Cond": "(l_orderkey = orders.o_orderkey)"}]}]}]}]}]}, "Unique SQL Id": 1392561963}, "explain_analyze_plan": {"Plan": {"Node Type": "Sort", "Startup Cost": 2122280.36, "Total Cost": 2122280.42, "Plan Rows": 25, "Plan Width": 50, "Actual Startup Time": 18209.626, "Actual Total Time": 18209.627, "Actual Rows": 5, "Actual Loops": 1, "Sort Key": ["(sum((lineitem.l_extendedprice * (1::double precision - lineitem.l_discount)))) DESC"], "Sort Method": "quicksort", "Sort Space Used": 25, "Sort Space Type": "Memory", "Plans": [{"Node Type": "Aggregate", "Strategy": "Hashed", "Parent Relationship": "Outer", "Startup Cost": 2122279.52, "Total Cost": 2122279.77, "Plan Rows": 25, "Plan Width": 50, "Actual Startup Time": 18209.561, "Actual Total Time": 18209.564, "Actual Rows": 5, "Actual Loops": 1, "Group By Key": ["nation.n_name"], "Plans": [{"Node Type": "Merge Join", "Parent Relationship": "Outer", "Join Type": "Inner", "Startup Cost": 2094816.76, "Total Cost": 2122185.62, "Plan Rows": 9390, "Plan Width": 42, "Actual Startup Time": 17134.294, "Actual Total Time": 18160.656, "Actual Rows": 72985, "Actual Loops": 1, "Inner Unique": false, "Merge Cond": "(supplier.s_suppkey = lineitem.l_suppkey)", "Join Filter": "(customer.c_nationkey = supplier.s_nationkey)", "Rows Removed by Join Filter": 0, "Plans": [{"Node Type": "Index Scan", "Parent Relationship": "Outer", "Scan Direction": "Forward", "Index Name": "supplier_pkey", "Relation Name": "supplier", "Alias": "supplier", "Startup Cost": 0.0, "Total Cost": 5334.54, "Plan Rows": 100000, "Plan Width": 12, "Actual Startup Time": 0.023, "Actual Total Time": 78.934, "Actual Rows": 100000, "Actual Loops": 1}, {"Node Type": "Sort", "Parent Relationship": "Inner", "Startup Cost": 2094814.93, "Total Cost": 2104037.3, "Plan Rows": 3688948, "Plan Width": 58, "Actual Startup Time": 17133.576, "Actual Total Time": 17546.059, "Actual Rows": 1815222, "Actual Loops": 1, "Sort Key": ["lineitem.l_suppkey"], "Sort Method": "quicksort", "Sort Space Used": 332781, "Sort Space Type": "Memory", "Plans": [{"Node Type": "Nested Loop", "Parent Relationship": "Outer", "Join Type": "Inner", "Startup Cost": 0.0, "Total Cost": 1692447.02, "Plan Rows": 3688948, "Plan Width": 58, "Actual Startup Time": 0.178, "Actual Total Time": 16277.586, "Actual Rows": 1815222, "Actual Loops": 1, "Inner Unique": false, "Plans": [{"Node Type": "Nested Loop", "Parent Relationship": "Outer", "Join Type": "Inner", "Startup Cost": 0.0, "Total Cost": 416652.61, "Plan Rows": 406290, "Plan Width": 42, "Actual Startup Time": 0.155, "Actual Total Time": 10215.917, "Actual Rows": 454183, "Actual Loops": 1, "Inner Unique": false, "Plans": [{"Node Type": "Nested Loop", "Parent Relationship": "Outer", "Join Type": "Inner", "Startup Cost": 0.0, "Total Cost": 41543.81, "Plan Rows": 300000, "Plan Width": 42, "Actual Startup Time": 0.073, "Actual Total Time": 565.588, "Actual Rows": 299838, "Actual Loops": 1, "Inner Unique": false, "Plans": [{"Node Type": "Nested Loop", "Parent Relationship": "Outer", "Join Type": "Inner", "Startup Cost": 0.0, "Total Cost": 31.69, "Plan Rows": 5, "Plan Width": 30, "Actual Startup Time": 0.034, "Actual Total Time": 0.295, "Actual Rows": 5, "Actual Loops": 1, "Inner Unique": true, "Plans": [{"Node Type": "Index Scan", "Parent Relationship": "Outer", "Scan Direction": "Forward", "Index Name": "nation_pkey", "Relation Name": "nation", "Alias": "nation", "Startup Cost": 0.0, "Total Cost": 12.62, "Plan Rows": 25, "Plan Width": 34, "Actual Startup Time": 0.005, "Actual Total Time": 0.039, "Actual Rows": 25, "Actual Loops": 1}, {"Node Type": "Index Scan", "Parent Relationship": "Inner", "Scan Direction": "Forward", "Index Name": "region_pkey", "Relation Name": "region", "Alias": "region", "Startup Cost": 0.0, "Total Cost": 0.75, "Plan Rows": 1, "Plan Width": 4, "Actual Startup Time": 0.159, "Actual Total Time": 0.159, "Actual Rows": 5, "Actual Loops": 25, "Index Cond": "(r_regionkey = nation.n_regionkey)", "Rows Removed by Index Recheck": 0, "Filter": "(r_name = 'MIDDLE EAST'::bpchar)", "Rows Removed by Filter": 20}]}, {"Node Type": "Index Scan", "Parent Relationship": "Inner", "Scan Direction": "Forward", "Index Name": "idx_customer_nationkey", "Relation Name": "customer", "Alias": "customer", "Startup Cost": 0.0, "Total Cost": 7702.43, "Plan Rows": 60000, "Plan Width": 12, "Actual Startup Time": 0.189, "Actual Total Time": 480.89, "Actual Rows": 299838, "Actual Loops": 5, "Index Cond": "(c_nationkey = nation.n_nationkey)", "Rows Removed by Index Recheck": 0}]}, {"Node Type": "Index Scan", "Parent Relationship": "Inner", "Scan Direction": "Forward", "Index Name": "idx_orders_custkey", "Relation Name": "orders", "Alias": "orders", "Startup Cost": 0.0, "Total Cost": 1.24, "Plan Rows": 1, "Plan Width": 16, "Actual Startup Time": 4429.252, "Actual Total Time": 9378.473, "Actual Rows": 454183, "Actual Loops": 299838, "Index Cond": "(o_custkey = customer.c_custkey)", "Rows Removed by Index Recheck": 0, "Filter": "((o_orderdate >= '1994-01-01 00:00:00'::timestamp(0) without time zone) AND (o_orderdate < '1995-01-01 00:00:00'::timestamp without time zone))", "Rows Removed by Filter": 2542535}]}, {"Node Type": "Index Scan", "Parent Relationship": "Inner", "Scan Direction": "Forward", "Index Name": "idx_lineitem_orderkey", "Relation Name": "lineitem", "Alias": "lineitem", "Startup Cost": 0.0, "Total Cost": 3.05, "Plan Rows": 9, "Plan Width": 32, "Actual Startup Time": 4477.706, "Actual Total Time": 5408.058, "Actual Rows": 1815222, "Actual Loops": 454183, "Index Cond": "(l_orderkey = orders.o_orderkey)", "Rows Removed by Index Recheck": 0}]}]}]}]}]}, "Triggers": [], "Planner Runtime": 7.297, "Total Runtime": 18210.241, "Unique SQL Id": 1392561963}}, "(64, 90)": {"explain_plan": {"Plan": {"Node Type": "Sort", "Startup Cost": 11169864.59, "Total Cost": 11169864.65, "Plan Rows": 25, "Plan Width": 50, "Sort Key": ["(sum((lineitem.l_extendedprice * (1::double precision - lineitem.l_discount)))) DESC"], "Plans": [{"Node Type": "Aggregate", "Strategy": "Hashed", "Parent Relationship": "Outer", "Startup Cost": 11169863.76, "Total Cost": 11169864.01, "Plan Rows": 25, "Plan Width": 50, "Group By Key": ["nation.n_name"], "Plans": [{"Node Type": "Merge Join", "Parent Relationship": "Outer", "Join Type": "Inner", "Startup Cost": 11156437.02, "Total Cost": 11169769.86, "Plan Rows": 9390, "Plan Width": 42, "Inner Unique": true, "Merge Cond": "((orders.o_custkey = customer.c_custkey) AND (supplier.s_nationkey = customer.c_nationkey))", "Plans": [{"Node Type": "Sort", "Parent Relationship": "Outer", "Startup Cost": 10950436.73, "Total Cost": 10951095.98, "Plan Rows": 263699, "Plan Width": 58, "Sort Key": ["orders.o_custkey", "supplier.s_nationkey"], "Plans": [{"Node Type": "Merge Join", "Parent Relationship": "Outer", "Join Type": "Inner", "Startup Cost": 10903235.78, "Total Cost": 10926692.57, "Plan Rows": 263699, "Plan Width": 58, "Inner Unique": true, "Merge Cond": "(lineitem.l_orderkey = orders.o_orderkey)", "Plans": [{"Node Type": "Sort", "Parent Relationship": "Outer", "Startup Cost": 10160850.97, "Total Cost": 10162759.81, "Plan Rows": 763534, "Plan Width": 58, "Sort Key": ["lineitem.l_orderkey"], "Plans": [{"Node Type": "Merge Join", "Parent Relationship": "Outer", "Join Type": "Inner", "Startup Cost": 9778633.86, "Total Cost": 10086244.8, "Plan Rows": 763534, "Plan Width": 58, "Inner Unique": false, "Merge Cond": "(supplier.s_suppkey = lineitem.l_suppkey)", "Plans": [{"Node Type": "Sort", "Parent Relationship": "Outer", "Startup Cost": 13719.76, "Total Cost": 13769.76, "Plan Rows": 20000, "Plan Width": 42, "Sort Key": ["supplier.s_suppkey"], "Plans": [{"Node Type": "Merge Join", "Parent Relationship": "Outer", "Join Type": "Inner", "Startup Cost": 11590.96, "Total Cost": 12290.99, "Plan Rows": 20000, "Plan Width": 42, "Inner Unique": false, "Merge Cond": "(nation.n_nationkey = supplier.s_nationkey)", "Plans": [{"Node Type": "Sort", "Parent Relationship": "Outer", "Startup Cost": 3.14, "Total Cost": 3.16, "Plan Rows": 5, "Plan Width": 30, "Sort Key": ["nation.n_nationkey"], "Plans": [{"Node Type": "Merge Join", "Parent Relationship": "Outer", "Join Type": "Inner", "Startup Cost": 2.9, "Total Cost": 3.09, "Plan Rows": 5, "Plan Width": 30, "Inner Unique": false, "Merge Cond": "(region.r_regionkey = nation.n_regionkey)", "Plans": [{"Node Type": "Sort", "Parent Relationship": "Outer", "Startup Cost": 1.07, "Total Cost": 1.08, "Plan Rows": 1, "Plan Width": 4, "Sort Key": ["region.r_regionkey"], "Plans": [{"Node Type": "Seq Scan", "Parent Relationship": "Outer", "Relation Name": "region", "Alias": "region", "Startup Cost": 0.0, "Total Cost": 1.06, "Plan Rows": 1, "Plan Width": 4, "Filter": "(r_name = 'MIDDLE EAST'::bpchar)"}]}, {"Node Type": "Sort", "Parent Relationship": "Inner", "Startup Cost": 1.83, "Total Cost": 1.89, "Plan Rows": 25, "Plan Width": 34, "Sort Key": ["nation.n_regionkey"], "Plans": [{"Node Type": "Seq Scan", "Parent Relationship": "Outer", "Relation Name": "nation", "Alias": "nation", "Startup Cost": 0.0, "Total Cost": 1.25, "Plan Rows": 25, "Plan Width": 34}]}]}]}, {"Node Type": "Sort", "Parent Relationship": "Inner", "Startup Cost": 11587.82, "Total Cost": 11837.82, "Plan Rows": 100000, "Plan Width": 12, "Sort Key": ["supplier.s_nationkey"], "Plans": [{"Node Type": "Seq Scan", "Parent Relationship": "Outer", "Relation Name": "supplier", "Alias": "supplier", "Startup Cost": 0.0, "Total Cost": 3283.0, "Plan Rows": 100000, "Plan Width": 12}]}]}]}, {"Node Type": "Sort", "Parent Relationship": "Inner", "Startup Cost": 9764884.32, "Total Cost": 9914851.9, "Plan Rows": 59987033, "Plan Width": 32, "Sort Key": ["lineitem.l_suppkey"], "Plans": [{"Node Type": "Seq Scan", "Parent Relationship": "Outer", "Relation Name": "lineitem", "Alias": "lineitem", "Startup Cost": 0.0, "Total Cost": 2015115.33, "Plan Rows": 59987033, "Plan Width": 32}]}]}]}, {"Node Type": "Sort", "Parent Relationship": "Inner", "Startup Cost": 742384.39, "Total Cost": 748088.78, "Plan Rows": 2281758, "Plan Width": 16, "Sort Key": ["orders.o_orderkey"], "Plans": [{"Node Type": "Seq Scan", "Parent Relationship": "Outer", "Relation Name": "orders", "Alias": "orders", "Startup Cost": 440.98, "Total Cost": 501411.18, "Plan Rows": 2281758, "Plan Width": 16, "Filter": "((o_orderdate >= '1994-01-01 00:00:00'::timestamp(0) without time zone) AND (o_orderdate < '1995-01-01 00:00:00'::timestamp without time zone)), (LLVM Optimized)"}]}]}]}, {"Node Type": "Sort", "Parent Relationship": "Inner", "Startup Cost": 205999.98, "Total Cost": 209749.98, "Plan Rows": 1500000, "Plan Width": 12, "Sort Key": ["customer.c_custkey", "customer.c_nationkey"], "Plans": [{"Node Type": "Seq Scan", "Parent Relationship": "Outer", "Relation Name": "customer", "Alias": "customer", "Startup Cost": 0.0, "Total Cost": 52126.0, "Plan Rows": 1500000, "Plan Width": 12}]}]}]}]}, "Unique SQL Id": 1392561963}, "explain_analyze_plan": null}, "(64, 91)": {"explain_plan": {"Plan": {"Node Type": "Sort", "Startup Cost": 6000400235669.21, "Total Cost": 6000400235669.27, "Plan Rows": 25, "Plan Width": 50, "Sort Key": ["(sum((lineitem.l_extendedprice * (1::double precision - lineitem.l_discount)))) DESC"], "Plans": [{"Node Type": "Aggregate", "Strategy": "Hashed", "Parent Relationship": "Outer", "Startup Cost": 6000400235668.38, "Total Cost": 6000400235668.62, "Plan Rows": 25, "Plan Width": 50, "Group By Key": ["nation.n_name"], "Plans": [{"Node Type": "Merge Join", "Parent Relationship": "Outer", "Join Type": "Inner", "Startup Cost": 5010419210895.03, "Total Cost": 6000400235574.48, "Plan Rows": 9390, "Plan Width": 42, "Inner Unique": false, "Merge Cond": "(customer.c_custkey = orders.o_custkey)", "Join Filter": "(supplier.s_nationkey = customer.c_nationkey)", "Plans": [{"Node Type": "Index Scan", "Parent Relationship": "Outer", "Scan Direction": "Forward", "Index Name": "customer_pkey", "Relation Name": "customer", "Alias": "customer", "Startup Cost": 10000000000.0, "Total Cost": 1000008076535.62, "Plan Rows": 1500000, "Plan Width": 12}, {"Node Type": "Sort", "Parent Relationship": "Inner", "Startup Cost": 5000392150674.17, "Total Cost": 5000392151333.41, "Plan Rows": 263699, "Plan Width": 58, "Sort Key": ["orders.o_custkey"], "Plans": [{"Node Type": "Merge Join", "Parent Relationship": "Outer", "Join Type": "Inner", "Startup Cost": 5000392117700.51, "Total Cost": 5000392126930.01, "Plan Rows": 263699, "Plan Width": 58, "Inner Unique": false, "Merge Cond": "(nation.n_nationkey = supplier.s_nationkey)", "Plans": [{"Node Type": "Sort", "Parent Relationship": "Outer", "Startup Cost": 2000000002068.86, "Total Cost": 2000000002068.87, "Plan Rows": 5, "Plan Width": 30, "Sort Key": ["nation.n_nationkey"], "Plans": [{"Node Type": "Nested Loop", "Parent Relationship": "Outer", "Join Type": "Inner", "Startup Cost": 20000000000.0, "Total Cost": 2000000002068.8, "Plan Rows": 5, "Plan Width": 30, "Inner Unique": false, "Plans": [{"Node Type": "Index Scan", "Parent Relationship": "Outer", "Scan Direction": "Forward", "Index Name": "region_pkey", "Relation Name": "region", "Alias": "region", "Startup Cost": 10000000000.0, "Total Cost": 1000000001233.75, "Plan Rows": 1, "Plan Width": 4, "Filter": "(r_name = 'MIDDLE EAST'::bpchar)"}, {"Node Type": "Index Scan", "Parent Relationship": "Inner", "Scan Direction": "Forward", "Index Name": "idx_nation_regionkey", "Relation Name": "nation", "Alias": "nation", "Startup Cost": 10000000000.0, "Total Cost": 1000000000835.0, "Plan Rows": 5, "Plan Width": 34, "Index Cond": "(n_regionkey = region.r_regionkey)"}]}]}, {"Node Type": "Sort", "Parent Relationship": "Inner", "Startup Cost": 3000392115631.65, "Total Cost": 3000392118927.89, "Plan Rows": 1318497, "Plan Width": 28, "Sort Key": ["supplier.s_nationkey"], "Plans": [{"Node Type": "Merge Join", "Parent Relationship": "Outer", "Join Type": "Inner", "Startup Cost": 2010391331147.51, "Total Cost": 3000391981603.38, "Plan Rows": 1318497, "Plan Width": 28, "Inner Unique": false, "Merge Cond": "(supplier.s_suppkey = lineitem.l_suppkey)", "Plans": [{"Node Type": "Index Scan", "Parent Relationship": "Outer", "Scan Direction": "Forward", "Index Name": "supplier_pkey", "Relation Name": "supplier", "Alias": "supplier", "Startup Cost": 10000000000.0, "Total Cost": 1000000533454.38, "Plan Rows": 100000, "Plan Width": 12}, {"Node Type": "Sort", "Parent Relationship": "Inner", "Startup Cost": 2000391331137.23, "Total Cost": 2000391382930.77, "Plan Rows": 20717417, "Plan Width": 32, "Sort Key": ["lineitem.l_suppkey"], "Plans": [{"Node Type": "Merge Join", "Parent Relationship": "Outer", "Join Type": "Inner", "Startup Cost": 20036448550.05, "Total Cost": 2000388813521.41, "Plan Rows": 20717417, "Plan Width": 32, "Inner Unique": false, "Merge Cond": "(orders.o_orderkey = lineitem.l_orderkey)", "Plans": [{"Node Type": "Index Scan", "Parent Relationship": "Outer", "Scan Direction": "Forward", "Index Name": "orders_pkey", "Relation Name": "orders", "Alias": "orders", "Startup Cost": 10000000000.0, "Total Cost": 1000080597583.0, "Plan Rows": 2281758, "Plan Width": 16, "Filter": "((o_orderdate >= '1994-01-01 00:00:00'::timestamp(0) without time zone) AND (o_orderdate < '1995-01-01 00:00:00'::timestamp without time zone)), (LLVM Optimized)"}, {"Node Type": "Index Scan", "Parent Relationship": "Inner", "Scan Direction": "Forward", "Index Name": "idx_lineitem_orderkey", "Relation Name": "lineitem", "Alias": "lineitem", "Startup Cost": 10000000000.0, "Total Cost": 1000324015374.5, "Plan Rows": 59987033, "Plan Width": 32}]}]}]}]}]}]}]}]}]}, "Unique SQL Id": 1392561963}, "explain_analyze_plan": null}, "(64, 92)": {"explain_plan": {"Plan": {"Node Type": "Sort", "Startup Cost": 2121871.76, "Total Cost": 2121871.82, "Plan Rows": 25, "Plan Width": 50, "Sort Key": ["(sum((lineitem.l_extendedprice * (1::double precision - lineitem.l_discount)))) DESC"], "Plans": [{"Node Type": "Aggregate", "Strategy": "Hashed", "Parent Relationship": "Outer", "Startup Cost": 2121870.92, "Total Cost": 2121871.17, "Plan Rows": 25, "Plan Width": 50, "Group By Key": ["nation.n_name"], "Plans": [{"Node Type": "Merge Join", "Parent Relationship": "Outer", "Join Type": "Inner", "Startup Cost": 2094816.76, "Total Cost": 2121777.02, "Plan Rows": 9390, "Plan Width": 42, "Inner Unique": false, "Merge Cond": "(supplier.s_suppkey = lineitem.l_suppkey)", "Join Filter": "(customer.c_nationkey = supplier.s_nationkey)", "Plans": [{"Node Type": "Index Scan", "Parent Relationship": "Outer", "Scan Direction": "Forward", "Index Name": "supplier_pkey", "Relation Name": "supplier", "Alias": "supplier", "Startup Cost": 0.0, "Total Cost": 5334.54, "Plan Rows": 100000, "Plan Width": 12}, {"Node Type": "Sort", "Parent Relationship": "Inner", "Startup Cost": 2094814.93, "Total Cost": 2104037.3, "Plan Rows": 3688948, "Plan Width": 58, "Sort Key": ["lineitem.l_suppkey"], "Plans": [{"Node Type": "Nested Loop", "Parent Relationship": "Outer", "Join Type": "Inner", "Startup Cost": 0.0, "Total Cost": 1692447.02, "Plan Rows": 3688948, "Plan Width": 58, "Inner Unique": false, "Plans": [{"Node Type": "Nested Loop", "Parent Relationship": "Outer", "Join Type": "Inner", "Startup Cost": 0.0, "Total Cost": 416652.61, "Plan Rows": 406290, "Plan Width": 42, "Inner Unique": false, "Plans": [{"Node Type": "Nested Loop", "Parent Relationship": "Outer", "Join Type": "Inner", "Startup Cost": 0.0, "Total Cost": 41543.81, "Plan Rows": 300000, "Plan Width": 42, "Inner Unique": false, "Plans": [{"Node Type": "Nested Loop", "Parent Relationship": "Outer", "Join Type": "Inner", "Startup Cost": 0.0, "Total Cost": 31.69, "Plan Rows": 5, "Plan Width": 30, "Inner Unique": true, "Plans": [{"Node Type": "Index Scan", "Parent Relationship": "Outer", "Scan Direction": "Forward", "Index Name": "nation_pkey", "Relation Name": "nation", "Alias": "nation", "Startup Cost": 0.0, "Total Cost": 12.62, "Plan Rows": 25, "Plan Width": 34}, {"Node Type": "Index Scan", "Parent Relationship": "Inner", "Scan Direction": "Forward", "Index Name": "region_pkey", "Relation Name": "region", "Alias": "region", "Startup Cost": 0.0, "Total Cost": 0.75, "Plan Rows": 1, "Plan Width": 4, "Index Cond": "(r_regionkey = nation.n_regionkey)", "Filter": "(r_name = 'MIDDLE EAST'::bpchar)"}]}, {"Node Type": "Index Scan", "Parent Relationship": "Inner", "Scan Direction": "Forward", "Index Name": "idx_customer_nationkey", "Relation Name": "customer", "Alias": "customer", "Startup Cost": 0.0, "Total Cost": 7702.43, "Plan Rows": 60000, "Plan Width": 12, "Index Cond": "(c_nationkey = nation.n_nationkey)"}]}, {"Node Type": "Index Scan", "Parent Relationship": "Inner", "Scan Direction": "Forward", "Index Name": "idx_orders_custkey", "Relation Name": "orders", "Alias": "orders", "Startup Cost": 0.0, "Total Cost": 1.24, "Plan Rows": 1, "Plan Width": 16, "Index Cond": "(o_custkey = customer.c_custkey)", "Filter": "((o_orderdate >= '1994-01-01 00:00:00'::timestamp(0) without time zone) AND (o_orderdate < '1995-01-01 00:00:00'::timestamp without time zone))"}]}, {"Node Type": "Index Scan", "Parent Relationship": "Inner", "Scan Direction": "Forward", "Index Name": "idx_lineitem_orderkey", "Relation Name": "lineitem", "Alias": "lineitem", "Startup Cost": 0.0, "Total Cost": 3.05, "Plan Rows": 9, "Plan Width": 32, "Index Cond": "(l_orderkey = orders.o_orderkey)"}]}]}]}]}]}, "Unique SQL Id": 1392561963}, "explain_analyze_plan": {"Plan": {"Node Type": "Sort", "Startup Cost": 2121871.76, "Total Cost": 2121871.82, "Plan Rows": 25, "Plan Width": 50, "Actual Startup Time": 17289.149, "Actual Total Time": 17289.15, "Actual Rows": 5, "Actual Loops": 1, "Sort Key": ["(sum((lineitem.l_extendedprice * (1::double precision - lineitem.l_discount)))) DESC"], "Sort Method": "quicksort", "Sort Space Used": 25, "Sort Space Type": "Memory", "Plans": [{"Node Type": "Aggregate", "Strategy": "Hashed", "Parent Relationship": "Outer", "Startup Cost": 2121870.92, "Total Cost": 2121871.17, "Plan Rows": 25, "Plan Width": 50, "Actual Startup Time": 17289.121, "Actual Total Time": 17289.124, "Actual Rows": 5, "Actual Loops": 1, "Group By Key": ["nation.n_name"], "Plans": [{"Node Type": "Merge Join", "Parent Relationship": "Outer", "Join Type": "Inner", "Startup Cost": 2094816.76, "Total Cost": 2121777.02, "Plan Rows": 9390, "Plan Width": 42, "Actual Startup Time": 16147.959, "Actual Total Time": 17239.221, "Actual Rows": 72985, "Actual Loops": 1, "Inner Unique": false, "Merge Cond": "(supplier.s_suppkey = lineitem.l_suppkey)", "Join Filter": "(customer.c_nationkey = supplier.s_nationkey)", "Rows Removed by Join Filter": 0, "Plans": [{"Node Type": "Index Scan", "Parent Relationship": "Outer", "Scan Direction": "Forward", "Index Name": "supplier_pkey", "Relation Name": "supplier", "Alias": "supplier", "Startup Cost": 0.0, "Total Cost": 5334.54, "Plan Rows": 100000, "Plan Width": 12, "Actual Startup Time": 0.026, "Actual Total Time": 79.652, "Actual Rows": 100000, "Actual Loops": 1}, {"Node Type": "Sort", "Parent Relationship": "Inner", "Startup Cost": 2094814.93, "Total Cost": 2104037.3, "Plan Rows": 3688948, "Plan Width": 58, "Actual Startup Time": 16147.625, "Actual Total Time": 16619.734, "Actual Rows": 1815222, "Actual Loops": 1, "Sort Key": ["lineitem.l_suppkey"], "Sort Method": "quicksort", "Sort Space Used": 332781, "Sort Space Type": "Memory", "Plans": [{"Node Type": "Nested Loop", "Parent Relationship": "Outer", "Join Type": "Inner", "Startup Cost": 0.0, "Total Cost": 1692447.02, "Plan Rows": 3688948, "Plan Width": 58, "Actual Startup Time": 0.121, "Actual Total Time": 15293.247, "Actual Rows": 1815222, "Actual Loops": 1, "Inner Unique": false, "Plans": [{"Node Type": "Nested Loop", "Parent Relationship": "Outer", "Join Type": "Inner", "Startup Cost": 0.0, "Total Cost": 416652.61, "Plan Rows": 406290, "Plan Width": 42, "Actual Startup Time": 0.107, "Actual Total Time": 9388.367, "Actual Rows": 454183, "Actual Loops": 1, "Inner Unique": false, "Plans": [{"Node Type": "Nested Loop", "Parent Relationship": "Outer", "Join Type": "Inner", "Startup Cost": 0.0, "Total Cost": 41543.81, "Plan Rows": 300000, "Plan Width": 42, "Actual Startup Time": 0.06, "Actual Total Time": 519.427, "Actual Rows": 299838, "Actual Loops": 1, "Inner Unique": false, "Plans": [{"Node Type": "Nested Loop", "Parent Relationship": "Outer", "Join Type": "Inner", "Startup Cost": 0.0, "Total Cost": 31.69, "Plan Rows": 5, "Plan Width": 30, "Actual Startup Time": 0.033, "Actual Total Time": 0.297, "Actual Rows": 5, "Actual Loops": 1, "Inner Unique": true, "Plans": [{"Node Type": "Index Scan", "Parent Relationship": "Outer", "Scan Direction": "Forward", "Index Name": "nation_pkey", "Relation Name": "nation", "Alias": "nation", "Startup Cost": 0.0, "Total Cost": 12.62, "Plan Rows": 25, "Plan Width": 34, "Actual Startup Time": 0.003, "Actual Total Time": 0.125, "Actual Rows": 25, "Actual Loops": 1}, {"Node Type": "Index Scan", "Parent Relationship": "Inner", "Scan Direction": "Forward", "Index Name": "region_pkey", "Relation Name": "region", "Alias": "region", "Startup Cost": 0.0, "Total Cost": 0.75, "Plan Rows": 1, "Plan Width": 4, "Actual Startup Time": 0.11, "Actual Total Time": 0.11, "Actual Rows": 5, "Actual Loops": 25, "Index Cond": "(r_regionkey = nation.n_regionkey)", "Rows Removed by Index Recheck": 0, "Filter": "(r_name = 'MIDDLE EAST'::bpchar)", "Rows Removed by Filter": 20}]}, {"Node Type": "Index Scan", "Parent Relationship": "Inner", "Scan Direction": "Forward", "Index Name": "idx_customer_nationkey", "Relation Name": "customer", "Alias": "customer", "Startup Cost": 0.0, "Total Cost": 7702.43, "Plan Rows": 60000, "Plan Width": 12, "Actual Startup Time": 0.169, "Actual Total Time": 435.651, "Actual Rows": 299838, "Actual Loops": 5, "Index Cond": "(c_nationkey = nation.n_nationkey)", "Rows Removed by Index Recheck": 0}]}, {"Node Type": "Index Scan", "Parent Relationship": "Inner", "Scan Direction": "Forward", "Index Name": "idx_orders_custkey", "Relation Name": "orders", "Alias": "orders", "Startup Cost": 0.0, "Total Cost": 1.24, "Plan Rows": 1, "Plan Width": 16, "Actual Startup Time": 4067.002, "Actual Total Time": 8602.666, "Actual Rows": 454183, "Actual Loops": 299838, "Index Cond": "(o_custkey = customer.c_custkey)", "Rows Removed by Index Recheck": 0, "Filter": "((o_orderdate >= '1994-01-01 00:00:00'::timestamp(0) without time zone) AND (o_orderdate < '1995-01-01 00:00:00'::timestamp without time zone))", "Rows Removed by Filter": 2542535}]}, {"Node Type": "Index Scan", "Parent Relationship": "Inner", "Scan Direction": "Forward", "Index Name": "idx_lineitem_orderkey", "Relation Name": "lineitem", "Alias": "lineitem", "Startup Cost": 0.0, "Total Cost": 3.05, "Plan Rows": 9, "Plan Width": 32, "Actual Startup Time": 4293.232, "Actual Total Time": 5263.083, "Actual Rows": 1815222, "Actual Loops": 454183, "Index Cond": "(l_orderkey = orders.o_orderkey)", "Rows Removed by Index Recheck": 0}]}]}]}]}]}, "Triggers": [], "Planner Runtime": 7.271, "Total Runtime": 17289.526, "Unique SQL Id": 1392561963}}, "(64, 93)": {"explain_plan": {"Plan": {"Node Type": "Sort", "Startup Cost": 2122280.36, "Total Cost": 2122280.42, "Plan Rows": 25, "Plan Width": 50, "Sort Key": ["(sum((lineitem.l_extendedprice * (1::double precision - lineitem.l_discount)))) DESC"], "Plans": [{"Node Type": "Aggregate", "Strategy": "Hashed", "Parent Relationship": "Outer", "Startup Cost": 2122279.52, "Total Cost": 2122279.77, "Plan Rows": 25, "Plan Width": 50, "Group By Key": ["nation.n_name"], "Plans": [{"Node Type": "Merge Join", "Parent Relationship": "Outer", "Join Type": "Inner", "Startup Cost": 2094816.76, "Total Cost": 2122185.62, "Plan Rows": 9390, "Plan Width": 42, "Inner Unique": false, "Merge Cond": "(supplier.s_suppkey = lineitem.l_suppkey)", "Join Filter": "(customer.c_nationkey = supplier.s_nationkey)", "Plans": [{"Node Type": "Index Scan", "Parent Relationship": "Outer", "Scan Direction": "Forward", "Index Name": "supplier_pkey", "Relation Name": "supplier", "Alias": "supplier", "Startup Cost": 0.0, "Total Cost": 5334.54, "Plan Rows": 100000, "Plan Width": 12}, {"Node Type": "Sort", "Parent Relationship": "Inner", "Startup Cost": 2094814.93, "Total Cost": 2104037.3, "Plan Rows": 3688948, "Plan Width": 58, "Sort Key": ["lineitem.l_suppkey"], "Plans": [{"Node Type": "Nested Loop", "Parent Relationship": "Outer", "Join Type": "Inner", "Startup Cost": 0.0, "Total Cost": 1692447.02, "Plan Rows": 3688948, "Plan Width": 58, "Inner Unique": false, "Plans": [{"Node Type": "Nested Loop", "Parent Relationship": "Outer", "Join Type": "Inner", "Startup Cost": 0.0, "Total Cost": 416652.61, "Plan Rows": 406290, "Plan Width": 42, "Inner Unique": false, "Plans": [{"Node Type": "Nested Loop", "Parent Relationship": "Outer", "Join Type": "Inner", "Startup Cost": 0.0, "Total Cost": 41543.81, "Plan Rows": 300000, "Plan Width": 42, "Inner Unique": false, "Plans": [{"Node Type": "Nested Loop", "Parent Relationship": "Outer", "Join Type": "Inner", "Startup Cost": 0.0, "Total Cost": 31.69, "Plan Rows": 5, "Plan Width": 30, "Inner Unique": true, "Plans": [{"Node Type": "Index Scan", "Parent Relationship": "Outer", "Scan Direction": "Forward", "Index Name": "nation_pkey", "Relation Name": "nation", "Alias": "nation", "Startup Cost": 0.0, "Total Cost": 12.62, "Plan Rows": 25, "Plan Width": 34}, {"Node Type": "Index Scan", "Parent Relationship": "Inner", "Scan Direction": "Forward", "Index Name": "region_pkey", "Relation Name": "region", "Alias": "region", "Startup Cost": 0.0, "Total Cost": 0.75, "Plan Rows": 1, "Plan Width": 4, "Index Cond": "(r_regionkey = nation.n_regionkey)", "Filter": "(r_name = 'MIDDLE EAST'::bpchar)"}]}, {"Node Type": "Index Scan", "Parent Relationship": "Inner", "Scan Direction": "Forward", "Index Name": "idx_customer_nationkey", "Relation Name": "customer", "Alias": "customer", "Startup Cost": 0.0, "Total Cost": 7702.43, "Plan Rows": 60000, "Plan Width": 12, "Index Cond": "(c_nationkey = nation.n_nationkey)"}]}, {"Node Type": "Index Scan", "Parent Relationship": "Inner", "Scan Direction": "Forward", "Index Name": "idx_orders_custkey", "Relation Name": "orders", "Alias": "orders", "Startup Cost": 0.0, "Total Cost": 1.24, "Plan Rows": 1, "Plan Width": 16, "Index Cond": "(o_custkey = customer.c_custkey)", "Filter": "((o_orderdate >= '1994-01-01 00:00:00'::timestamp(0) without time zone) AND (o_orderdate < '1995-01-01 00:00:00'::timestamp without time zone))"}]}, {"Node Type": "Index Scan", "Parent Relationship": "Inner", "Scan Direction": "Forward", "Index Name": "idx_lineitem_orderkey", "Relation Name": "lineitem", "Alias": "lineitem", "Startup Cost": 0.0, "Total Cost": 3.05, "Plan Rows": 9, "Plan Width": 32, "Index Cond": "(l_orderkey = orders.o_orderkey)"}]}]}]}]}]}, "Unique SQL Id": 1392561963}, "explain_analyze_plan": {"Plan": {"Node Type": "Sort", "Startup Cost": 2122280.36, "Total Cost": 2122280.42, "Plan Rows": 25, "Plan Width": 50, "Actual Startup Time": 18209.626, "Actual Total Time": 18209.627, "Actual Rows": 5, "Actual Loops": 1, "Sort Key": ["(sum((lineitem.l_extendedprice * (1::double precision - lineitem.l_discount)))) DESC"], "Sort Method": "quicksort", "Sort Space Used": 25, "Sort Space Type": "Memory", "Plans": [{"Node Type": "Aggregate", "Strategy": "Hashed", "Parent Relationship": "Outer", "Startup Cost": 2122279.52, "Total Cost": 2122279.77, "Plan Rows": 25, "Plan Width": 50, "Actual Startup Time": 18209.561, "Actual Total Time": 18209.564, "Actual Rows": 5, "Actual Loops": 1, "Group By Key": ["nation.n_name"], "Plans": [{"Node Type": "Merge Join", "Parent Relationship": "Outer", "Join Type": "Inner", "Startup Cost": 2094816.76, "Total Cost": 2122185.62, "Plan Rows": 9390, "Plan Width": 42, "Actual Startup Time": 17134.294, "Actual Total Time": 18160.656, "Actual Rows": 72985, "Actual Loops": 1, "Inner Unique": false, "Merge Cond": "(supplier.s_suppkey = lineitem.l_suppkey)", "Join Filter": "(customer.c_nationkey = supplier.s_nationkey)", "Rows Removed by Join Filter": 0, "Plans": [{"Node Type": "Index Scan", "Parent Relationship": "Outer", "Scan Direction": "Forward", "Index Name": "supplier_pkey", "Relation Name": "supplier", "Alias": "supplier", "Startup Cost": 0.0, "Total Cost": 5334.54, "Plan Rows": 100000, "Plan Width": 12, "Actual Startup Time": 0.023, "Actual Total Time": 78.934, "Actual Rows": 100000, "Actual Loops": 1}, {"Node Type": "Sort", "Parent Relationship": "Inner", "Startup Cost": 2094814.93, "Total Cost": 2104037.3, "Plan Rows": 3688948, "Plan Width": 58, "Actual Startup Time": 17133.576, "Actual Total Time": 17546.059, "Actual Rows": 1815222, "Actual Loops": 1, "Sort Key": ["lineitem.l_suppkey"], "Sort Method": "quicksort", "Sort Space Used": 332781, "Sort Space Type": "Memory", "Plans": [{"Node Type": "Nested Loop", "Parent Relationship": "Outer", "Join Type": "Inner", "Startup Cost": 0.0, "Total Cost": 1692447.02, "Plan Rows": 3688948, "Plan Width": 58, "Actual Startup Time": 0.178, "Actual Total Time": 16277.586, "Actual Rows": 1815222, "Actual Loops": 1, "Inner Unique": false, "Plans": [{"Node Type": "Nested Loop", "Parent Relationship": "Outer", "Join Type": "Inner", "Startup Cost": 0.0, "Total Cost": 416652.61, "Plan Rows": 406290, "Plan Width": 42, "Actual Startup Time": 0.155, "Actual Total Time": 10215.917, "Actual Rows": 454183, "Actual Loops": 1, "Inner Unique": false, "Plans": [{"Node Type": "Nested Loop", "Parent Relationship": "Outer", "Join Type": "Inner", "Startup Cost": 0.0, "Total Cost": 41543.81, "Plan Rows": 300000, "Plan Width": 42, "Actual Startup Time": 0.073, "Actual Total Time": 565.588, "Actual Rows": 299838, "Actual Loops": 1, "Inner Unique": false, "Plans": [{"Node Type": "Nested Loop", "Parent Relationship": "Outer", "Join Type": "Inner", "Startup Cost": 0.0, "Total Cost": 31.69, "Plan Rows": 5, "Plan Width": 30, "Actual Startup Time": 0.034, "Actual Total Time": 0.295, "Actual Rows": 5, "Actual Loops": 1, "Inner Unique": true, "Plans": [{"Node Type": "Index Scan", "Parent Relationship": "Outer", "Scan Direction": "Forward", "Index Name": "nation_pkey", "Relation Name": "nation", "Alias": "nation", "Startup Cost": 0.0, "Total Cost": 12.62, "Plan Rows": 25, "Plan Width": 34, "Actual Startup Time": 0.005, "Actual Total Time": 0.039, "Actual Rows": 25, "Actual Loops": 1}, {"Node Type": "Index Scan", "Parent Relationship": "Inner", "Scan Direction": "Forward", "Index Name": "region_pkey", "Relation Name": "region", "Alias": "region", "Startup Cost": 0.0, "Total Cost": 0.75, "Plan Rows": 1, "Plan Width": 4, "Actual Startup Time": 0.159, "Actual Total Time": 0.159, "Actual Rows": 5, "Actual Loops": 25, "Index Cond": "(r_regionkey = nation.n_regionkey)", "Rows Removed by Index Recheck": 0, "Filter": "(r_name = 'MIDDLE EAST'::bpchar)", "Rows Removed by Filter": 20}]}, {"Node Type": "Index Scan", "Parent Relationship": "Inner", "Scan Direction": "Forward", "Index Name": "idx_customer_nationkey", "Relation Name": "customer", "Alias": "customer", "Startup Cost": 0.0, "Total Cost": 7702.43, "Plan Rows": 60000, "Plan Width": 12, "Actual Startup Time": 0.189, "Actual Total Time": 480.89, "Actual Rows": 299838, "Actual Loops": 5, "Index Cond": "(c_nationkey = nation.n_nationkey)", "Rows Removed by Index Recheck": 0}]}, {"Node Type": "Index Scan", "Parent Relationship": "Inner", "Scan Direction": "Forward", "Index Name": "idx_orders_custkey", "Relation Name": "orders", "Alias": "orders", "Startup Cost": 0.0, "Total Cost": 1.24, "Plan Rows": 1, "Plan Width": 16, "Actual Startup Time": 4429.252, "Actual Total Time": 9378.473, "Actual Rows": 454183, "Actual Loops": 299838, "Index Cond": "(o_custkey = customer.c_custkey)", "Rows Removed by Index Recheck": 0, "Filter": "((o_orderdate >= '1994-01-01 00:00:00'::timestamp(0) without time zone) AND (o_orderdate < '1995-01-01 00:00:00'::timestamp without time zone))", "Rows Removed by Filter": 2542535}]}, {"Node Type": "Index Scan", "Parent Relationship": "Inner", "Scan Direction": "Forward", "Index Name": "idx_lineitem_orderkey", "Relation Name": "lineitem", "Alias": "lineitem", "Startup Cost": 0.0, "Total Cost": 3.05, "Plan Rows": 9, "Plan Width": 32, "Actual Startup Time": 4477.706, "Actual Total Time": 5408.058, "Actual Rows": 1815222, "Actual Loops": 454183, "Index Cond": "(l_orderkey = orders.o_orderkey)", "Rows Removed by Index Recheck": 0}]}]}]}]}]}, "Triggers": [], "Planner Runtime": 7.297, "Total Runtime": 18210.241, "Unique SQL Id": 1392561963}}, "(64, 94)": {"explain_plan": {"Plan": {"Node Type": "Sort", "Startup Cost": 11169864.59, "Total Cost": 11169864.65, "Plan Rows": 25, "Plan Width": 50, "Sort Key": ["(sum((lineitem.l_extendedprice * (1::double precision - lineitem.l_discount)))) DESC"], "Plans": [{"Node Type": "Aggregate", "Strategy": "Hashed", "Parent Relationship": "Outer", "Startup Cost": 11169863.76, "Total Cost": 11169864.01, "Plan Rows": 25, "Plan Width": 50, "Group By Key": ["nation.n_name"], "Plans": [{"Node Type": "Merge Join", "Parent Relationship": "Outer", "Join Type": "Inner", "Startup Cost": 11156437.02, "Total Cost": 11169769.86, "Plan Rows": 9390, "Plan Width": 42, "Inner Unique": true, "Merge Cond": "((orders.o_custkey = customer.c_custkey) AND (supplier.s_nationkey = customer.c_nationkey))", "Plans": [{"Node Type": "Sort", "Parent Relationship": "Outer", "Startup Cost": 10950436.73, "Total Cost": 10951095.98, "Plan Rows": 263699, "Plan Width": 58, "Sort Key": ["orders.o_custkey", "supplier.s_nationkey"], "Plans": [{"Node Type": "Merge Join", "Parent Relationship": "Outer", "Join Type": "Inner", "Startup Cost": 10903235.78, "Total Cost": 10926692.57, "Plan Rows": 263699, "Plan Width": 58, "Inner Unique": true, "Merge Cond": "(lineitem.l_orderkey = orders.o_orderkey)", "Plans": [{"Node Type": "Sort", "Parent Relationship": "Outer", "Startup Cost": 10160850.97, "Total Cost": 10162759.81, "Plan Rows": 763534, "Plan Width": 58, "Sort Key": ["lineitem.l_orderkey"], "Plans": [{"Node Type": "Merge Join", "Parent Relationship": "Outer", "Join Type": "Inner", "Startup Cost": 9778633.86, "Total Cost": 10086244.8, "Plan Rows": 763534, "Plan Width": 58, "Inner Unique": false, "Merge Cond": "(supplier.s_suppkey = lineitem.l_suppkey)", "Plans": [{"Node Type": "Sort", "Parent Relationship": "Outer", "Startup Cost": 13719.76, "Total Cost": 13769.76, "Plan Rows": 20000, "Plan Width": 42, "Sort Key": ["supplier.s_suppkey"], "Plans": [{"Node Type": "Merge Join", "Parent Relationship": "Outer", "Join Type": "Inner", "Startup Cost": 11590.96, "Total Cost": 12290.99, "Plan Rows": 20000, "Plan Width": 42, "Inner Unique": false, "Merge Cond": "(nation.n_nationkey = supplier.s_nationkey)", "Plans": [{"Node Type": "Sort", "Parent Relationship": "Outer", "Startup Cost": 3.14, "Total Cost": 3.16, "Plan Rows": 5, "Plan Width": 30, "Sort Key": ["nation.n_nationkey"], "Plans": [{"Node Type": "Merge Join", "Parent Relationship": "Outer", "Join Type": "Inner", "Startup Cost": 2.9, "Total Cost": 3.09, "Plan Rows": 5, "Plan Width": 30, "Inner Unique": false, "Merge Cond": "(region.r_regionkey = nation.n_regionkey)", "Plans": [{"Node Type": "Sort", "Parent Relationship": "Outer", "Startup Cost": 1.07, "Total Cost": 1.08, "Plan Rows": 1, "Plan Width": 4, "Sort Key": ["region.r_regionkey"], "Plans": [{"Node Type": "Seq Scan", "Parent Relationship": "Outer", "Relation Name": "region", "Alias": "region", "Startup Cost": 0.0, "Total Cost": 1.06, "Plan Rows": 1, "Plan Width": 4, "Filter": "(r_name = 'MIDDLE EAST'::bpchar)"}]}, {"Node Type": "Sort", "Parent Relationship": "Inner", "Startup Cost": 1.83, "Total Cost": 1.89, "Plan Rows": 25, "Plan Width": 34, "Sort Key": ["nation.n_regionkey"], "Plans": [{"Node Type": "Seq Scan", "Parent Relationship": "Outer", "Relation Name": "nation", "Alias": "nation", "Startup Cost": 0.0, "Total Cost": 1.25, "Plan Rows": 25, "Plan Width": 34}]}]}]}, {"Node Type": "Sort", "Parent Relationship": "Inner", "Startup Cost": 11587.82, "Total Cost": 11837.82, "Plan Rows": 100000, "Plan Width": 12, "Sort Key": ["supplier.s_nationkey"], "Plans": [{"Node Type": "Seq Scan", "Parent Relationship": "Outer", "Relation Name": "supplier", "Alias": "supplier", "Startup Cost": 0.0, "Total Cost": 3283.0, "Plan Rows": 100000, "Plan Width": 12}]}]}]}, {"Node Type": "Sort", "Parent Relationship": "Inner", "Startup Cost": 9764884.32, "Total Cost": 9914851.9, "Plan Rows": 59987033, "Plan Width": 32, "Sort Key": ["lineitem.l_suppkey"], "Plans": [{"Node Type": "Seq Scan", "Parent Relationship": "Outer", "Relation Name": "lineitem", "Alias": "lineitem", "Startup Cost": 0.0, "Total Cost": 2015115.33, "Plan Rows": 59987033, "Plan Width": 32}]}]}]}, {"Node Type": "Sort", "Parent Relationship": "Inner", "Startup Cost": 742384.39, "Total Cost": 748088.78, "Plan Rows": 2281758, "Plan Width": 16, "Sort Key": ["orders.o_orderkey"], "Plans": [{"Node Type": "Seq Scan", "Parent Relationship": "Outer", "Relation Name": "orders", "Alias": "orders", "Startup Cost": 440.98, "Total Cost": 501411.18, "Plan Rows": 2281758, "Plan Width": 16, "Filter": "((o_orderdate >= '1994-01-01 00:00:00'::timestamp(0) without time zone) AND (o_orderdate < '1995-01-01 00:00:00'::timestamp without time zone)), (LLVM Optimized)"}]}]}]}, {"Node Type": "Sort", "Parent Relationship": "Inner", "Startup Cost": 205999.98, "Total Cost": 209749.98, "Plan Rows": 1500000, "Plan Width": 12, "Sort Key": ["customer.c_custkey", "customer.c_nationkey"], "Plans": [{"Node Type": "Seq Scan", "Parent Relationship": "Outer", "Relation Name": "customer", "Alias": "customer", "Startup Cost": 0.0, "Total Cost": 52126.0, "Plan Rows": 1500000, "Plan Width": 12}]}]}]}]}, "Unique SQL Id": 1392561963}, "explain_analyze_plan": null}, "(64, 95)": {"explain_plan": {"Plan": {"Node Type": "Sort", "Startup Cost": 6000400235669.21, "Total Cost": 6000400235669.27, "Plan Rows": 25, "Plan Width": 50, "Sort Key": ["(sum((lineitem.l_extendedprice * (1::double precision - lineitem.l_discount)))) DESC"], "Plans": [{"Node Type": "Aggregate", "Strategy": "Hashed", "Parent Relationship": "Outer", "Startup Cost": 6000400235668.38, "Total Cost": 6000400235668.62, "Plan Rows": 25, "Plan Width": 50, "Group By Key": ["nation.n_name"], "Plans": [{"Node Type": "Merge Join", "Parent Relationship": "Outer", "Join Type": "Inner", "Startup Cost": 5010419210895.03, "Total Cost": 6000400235574.48, "Plan Rows": 9390, "Plan Width": 42, "Inner Unique": false, "Merge Cond": "(customer.c_custkey = orders.o_custkey)", "Join Filter": "(supplier.s_nationkey = customer.c_nationkey)", "Plans": [{"Node Type": "Index Scan", "Parent Relationship": "Outer", "Scan Direction": "Forward", "Index Name": "customer_pkey", "Relation Name": "customer", "Alias": "customer", "Startup Cost": 10000000000.0, "Total Cost": 1000008076535.62, "Plan Rows": 1500000, "Plan Width": 12}, {"Node Type": "Sort", "Parent Relationship": "Inner", "Startup Cost": 5000392150674.17, "Total Cost": 5000392151333.41, "Plan Rows": 263699, "Plan Width": 58, "Sort Key": ["orders.o_custkey"], "Plans": [{"Node Type": "Merge Join", "Parent Relationship": "Outer", "Join Type": "Inner", "Startup Cost": 5000392117700.51, "Total Cost": 5000392126930.01, "Plan Rows": 263699, "Plan Width": 58, "Inner Unique": false, "Merge Cond": "(nation.n_nationkey = supplier.s_nationkey)", "Plans": [{"Node Type": "Sort", "Parent Relationship": "Outer", "Startup Cost": 2000000002068.86, "Total Cost": 2000000002068.87, "Plan Rows": 5, "Plan Width": 30, "Sort Key": ["nation.n_nationkey"], "Plans": [{"Node Type": "Nested Loop", "Parent Relationship": "Outer", "Join Type": "Inner", "Startup Cost": 20000000000.0, "Total Cost": 2000000002068.8, "Plan Rows": 5, "Plan Width": 30, "Inner Unique": false, "Plans": [{"Node Type": "Index Scan", "Parent Relationship": "Outer", "Scan Direction": "Forward", "Index Name": "region_pkey", "Relation Name": "region", "Alias": "region", "Startup Cost": 10000000000.0, "Total Cost": 1000000001233.75, "Plan Rows": 1, "Plan Width": 4, "Filter": "(r_name = 'MIDDLE EAST'::bpchar)"}, {"Node Type": "Index Scan", "Parent Relationship": "Inner", "Scan Direction": "Forward", "Index Name": "idx_nation_regionkey", "Relation Name": "nation", "Alias": "nation", "Startup Cost": 10000000000.0, "Total Cost": 1000000000835.0, "Plan Rows": 5, "Plan Width": 34, "Index Cond": "(n_regionkey = region.r_regionkey)"}]}]}, {"Node Type": "Sort", "Parent Relationship": "Inner", "Startup Cost": 3000392115631.65, "Total Cost": 3000392118927.89, "Plan Rows": 1318497, "Plan Width": 28, "Sort Key": ["supplier.s_nationkey"], "Plans": [{"Node Type": "Merge Join", "Parent Relationship": "Outer", "Join Type": "Inner", "Startup Cost": 2010391331147.51, "Total Cost": 3000391981603.38, "Plan Rows": 1318497, "Plan Width": 28, "Inner Unique": false, "Merge Cond": "(supplier.s_suppkey = lineitem.l_suppkey)", "Plans": [{"Node Type": "Index Scan", "Parent Relationship": "Outer", "Scan Direction": "Forward", "Index Name": "supplier_pkey", "Relation Name": "supplier", "Alias": "supplier", "Startup Cost": 10000000000.0, "Total Cost": 1000000533454.38, "Plan Rows": 100000, "Plan Width": 12}, {"Node Type": "Sort", "Parent Relationship": "Inner", "Startup Cost": 2000391331137.23, "Total Cost": 2000391382930.77, "Plan Rows": 20717417, "Plan Width": 32, "Sort Key": ["lineitem.l_suppkey"], "Plans": [{"Node Type": "Merge Join", "Parent Relationship": "Outer", "Join Type": "Inner", "Startup Cost": 20036448550.05, "Total Cost": 2000388813521.41, "Plan Rows": 20717417, "Plan Width": 32, "Inner Unique": false, "Merge Cond": "(orders.o_orderkey = lineitem.l_orderkey)", "Plans": [{"Node Type": "Index Scan", "Parent Relationship": "Outer", "Scan Direction": "Forward", "Index Name": "orders_pkey", "Relation Name": "orders", "Alias": "orders", "Startup Cost": 10000000000.0, "Total Cost": 1000080597583.0, "Plan Rows": 2281758, "Plan Width": 16, "Filter": "((o_orderdate >= '1994-01-01 00:00:00'::timestamp(0) without time zone) AND (o_orderdate < '1995-01-01 00:00:00'::timestamp without time zone)), (LLVM Optimized)"}, {"Node Type": "Index Scan", "Parent Relationship": "Inner", "Scan Direction": "Forward", "Index Name": "idx_lineitem_orderkey", "Relation Name": "lineitem", "Alias": "lineitem", "Startup Cost": 10000000000.0, "Total Cost": 1000324015374.5, "Plan Rows": 59987033, "Plan Width": 32}]}]}]}]}]}]}]}]}]}, "Unique SQL Id": 1392561963}, "explain_analyze_plan": null}, "(64, 96)": {"explain_plan": {"Plan": {"Node Type": "Sort", "Startup Cost": 1720736.05, "Total Cost": 1720736.11, "Plan Rows": 25, "Plan Width": 50, "Sort Key": ["(sum((lineitem.l_extendedprice * (1::double precision - lineitem.l_discount)))) DESC"], "Plans": [{"Node Type": "Aggregate", "Strategy": "Hashed", "Parent Relationship": "Outer", "Startup Cost": 1720735.22, "Total Cost": 1720735.47, "Plan Rows": 25, "Plan Width": 50, "Group By Key": ["nation.n_name"], "Plans": [{"Node Type": "Hash Join", "Parent Relationship": "Outer", "Join Type": "Inner", "Startup Cost": 5813.37, "Total Cost": 1720641.32, "Plan Rows": 9390, "Plan Width": 42, "Inner Unique": true, "Hash Cond": "((lineitem.l_suppkey = supplier.s_suppkey) AND (customer.c_nationkey = supplier.s_nationkey))", "Plans": [{"Node Type": "Nested Loop", "Parent Relationship": "Outer", "Join Type": "Inner", "Startup Cost": 1030.37, "Total Cost": 1688097.31, "Plan Rows": 3688948, "Plan Width": 58, "Inner Unique": false, "Plans": [{"Node Type": "Nested Loop", "Parent Relationship": "Outer", "Join Type": "Inner", "Startup Cost": 1030.37, "Total Cost": 412302.9, "Plan Rows": 406290, "Plan Width": 42, "Inner Unique": false, "Plans": [{"Node Type": "Nested Loop", "Parent Relationship": "Outer", "Join Type": "Inner", "Startup Cost": 1030.37, "Total Cost": 37194.1, "Plan Rows": 300000, "Plan Width": 42, "Inner Unique": false, "Plans": [{"Node Type": "Nested Loop", "Parent Relationship": "Outer", "Join Type": "Inner", "Startup Cost": 0.0, "Total Cost": 31.69, "Plan Rows": 5, "Plan Width": 30, "Inner Unique": true, "Plans": [{"Node Type": "Index Scan", "Parent Relationship": "Outer", "Scan Direction": "Forward", "Index Name": "nation_pkey", "Relation Name": "nation", "Alias": "nation", "Startup Cost": 0.0, "Total Cost": 12.62, "Plan Rows": 25, "Plan Width": 34}, {"Node Type": "Index Scan", "Parent Relationship": "Inner", "Scan Direction": "Forward", "Index Name": "region_pkey", "Relation Name": "region", "Alias": "region", "Startup Cost": 0.0, "Total Cost": 0.75, "Plan Rows": 1, "Plan Width": 4, "Index Cond": "(r_regionkey = nation.n_regionkey)", "Filter": "(r_name = 'MIDDLE EAST'::bpchar)"}]}, {"Node Type": "Bitmap Heap Scan", "Parent Relationship": "Inner", "Relation Name": "customer", "Alias": "customer", "Startup Cost": 1030.37, "Total Cost": 6832.48, "Plan Rows": 60000, "Plan Width": 12, "Recheck Cond": "(c_nationkey = nation.n_nationkey)", "Plans": [{"Node Type": "Bitmap Index Scan", "Parent Relationship": "Outer", "Index Name": "idx_customer_nationkey", "Startup Cost": 0.0, "Total Cost": 1015.37, "Plan Rows": 60000, "Plan Width": 0, "Index Cond": "(c_nationkey = nation.n_nationkey)"}]}]}, {"Node Type": "Index Scan", "Parent Relationship": "Inner", "Scan Direction": "Forward", "Index Name": "idx_orders_custkey", "Relation Name": "orders", "Alias": "orders", "Startup Cost": 0.0, "Total Cost": 1.24, "Plan Rows": 1, "Plan Width": 16, "Index Cond": "(o_custkey = customer.c_custkey)", "Filter": "((o_orderdate >= '1994-01-01 00:00:00'::timestamp(0) without time zone) AND (o_orderdate < '1995-01-01 00:00:00'::timestamp without time zone))"}]}, {"Node Type": "Index Scan", "Parent Relationship": "Inner", "Scan Direction": "Forward", "Index Name": "idx_lineitem_orderkey", "Relation Name": "lineitem", "Alias": "lineitem", "Startup Cost": 0.0, "Total Cost": 3.05, "Plan Rows": 9, "Plan Width": 32, "Index Cond": "(l_orderkey = orders.o_orderkey)"}]}, {"Node Type": "Hash", "Parent Relationship": "Inner", "Startup Cost": 3283.0, "Total Cost": 3283.0, "Plan Rows": 100000, "Plan Width": 12, "Plans": [{"Node Type": "Seq Scan", "Parent Relationship": "Outer", "Relation Name": "supplier", "Alias": "supplier", "Startup Cost": 0.0, "Total Cost": 3283.0, "Plan Rows": 100000, "Plan Width": 12}]}]}]}]}, "Unique SQL Id": 1392561963}, "explain_analyze_plan": {"Plan": {"Node Type": "Sort", "Startup Cost": 1720736.05, "Total Cost": 1720736.11, "Plan Rows": 25, "Plan Width": 50, "Actual Startup Time": 17035.374, "Actual Total Time": 17035.375, "Actual Rows": 5, "Actual Loops": 1, "Sort Key": ["(sum((lineitem.l_extendedprice * (1::double precision - lineitem.l_discount)))) DESC"], "Sort Method": "quicksort", "Sort Space Used": 25, "Sort Space Type": "Memory", "Plans": [{"Node Type": "Aggregate", "Strategy": "Hashed", "Parent Relationship": "Outer", "Startup Cost": 1720735.22, "Total Cost": 1720735.47, "Plan Rows": 25, "Plan Width": 50, "Actual Startup Time": 17035.341, "Actual Total Time": 17035.342, "Actual Rows": 5, "Actual Loops": 1, "Group By Key": ["nation.n_name"], "Plans": [{"Node Type": "Hash Join", "Parent Relationship": "Outer", "Join Type": "Inner", "Startup Cost": 5813.37, "Total Cost": 1720641.32, "Plan Rows": 9390, "Plan Width": 42, "Actual Startup Time": 84.367, "Actual Total Time": 16954.023, "Actual Rows": 72985, "Actual Loops": 1, "Inner Unique": true, "Hash Cond": "((lineitem.l_suppkey = supplier.s_suppkey) AND (customer.c_nationkey = supplier.s_nationkey))", "Plans": [{"Node Type": "Nested Loop", "Parent Relationship": "Outer", "Join Type": "Inner", "Startup Cost": 1030.37, "Total Cost": 1688097.31, "Plan Rows": 3688948, "Plan Width": 58, "Actual Startup Time": 17.871, "Actual Total Time": 16025.164, "Actual Rows": 1815222, "Actual Loops": 1, "Inner Unique": false, "Plans": [{"Node Type": "Nested Loop", "Parent Relationship": "Outer", "Join Type": "Inner", "Startup Cost": 1030.37, "Total Cost": 412302.9, "Plan Rows": 406290, "Plan Width": 42, "Actual Startup Time": 17.853, "Actual Total Time": 10051.126, "Actual Rows": 454183, "Actual Loops": 1, "Inner Unique": false, "Plans": [{"Node Type": "Nested Loop", "Parent Relationship": "Outer", "Join Type": "Inner", "Startup Cost": 1030.37, "Total Cost": 37194.1, "Plan Rows": 300000, "Plan Width": 42, "Actual Startup Time": 17.786, "Actual Total Time": 698.074, "Actual Rows": 299838, "Actual Loops": 1, "Inner Unique": false, "Plans": [{"Node Type": "Nested Loop", "Parent Relationship": "Outer", "Join Type": "Inner", "Startup Cost": 0.0, "Total Cost": 31.69, "Plan Rows": 5, "Plan Width": 30, "Actual Startup Time": 0.049, "Actual Total Time": 0.219, "Actual Rows": 5, "Actual Loops": 1, "Inner Unique": true, "Plans": [{"Node Type": "Index Scan", "Parent Relationship": "Outer", "Scan Direction": "Forward", "Index Name": "nation_pkey", "Relation Name": "nation", "Alias": "nation", "Startup Cost": 0.0, "Total Cost": 12.62, "Plan Rows": 25, "Plan Width": 34, "Actual Startup Time": 0.016, "Actual Total Time": 0.059, "Actual Rows": 25, "Actual Loops": 1}, {"Node Type": "Index Scan", "Parent Relationship": "Inner", "Scan Direction": "Forward", "Index Name": "region_pkey", "Relation Name": "region", "Alias": "region", "Startup Cost": 0.0, "Total Cost": 0.75, "Plan Rows": 1, "Plan Width": 4, "Actual Startup Time": 0.107, "Actual Total Time": 0.107, "Actual Rows": 5, "Actual Loops": 25, "Index Cond": "(r_regionkey = nation.n_regionkey)", "Rows Removed by Index Recheck": 0, "Filter": "(r_name = 'MIDDLE EAST'::bpchar)", "Rows Removed by Filter": 20}]}, {"Node Type": "Bitmap Heap Scan", "Parent Relationship": "Inner", "Relation Name": "customer", "Alias": "customer", "Startup Cost": 1030.37, "Total Cost": 6832.48, "Plan Rows": 60000, "Plan Width": 12, "Actual Startup Time": 92.458, "Actual Total Time": 624.446, "Actual Rows": 299838, "Actual Loops": 5, "Recheck Cond": "(c_nationkey = nation.n_nationkey)", "Rows Removed by Index Recheck": 0, "Exact Heap Blocks": 150033, "Lossy Heap Blocks": 150033, "Plans": [{"Node Type": "Bitmap Index Scan", "Parent Relationship": "Outer", "Index Name": "idx_customer_nationkey", "Startup Cost": 0.0, "Total Cost": 1015.37, "Plan Rows": 60000, "Plan Width": 0, "Actual Startup Time": 58.871, "Actual Total Time": 58.871, "Actual Rows": 299838, "Actual Loops": 5, "Index Cond": "(c_nationkey = nation.n_nationkey)"}]}]}, {"Node Type": "Index Scan", "Parent Relationship": "Inner", "Scan Direction": "Forward", "Index Name": "idx_orders_custkey", "Relation Name": "orders", "Alias": "orders", "Startup Cost": 0.0, "Total Cost": 1.24, "Plan Rows": 1, "Plan Width": 16, "Actual Startup Time": 4294.586, "Actual Total Time": 9092.2, "Actual Rows": 454183, "Actual Loops": 299838, "Index Cond": "(o_custkey = customer.c_custkey)", "Rows Removed by Index Recheck": 0, "Filter": "((o_orderdate >= '1994-01-01 00:00:00'::timestamp(0) without time zone) AND (o_orderdate < '1995-01-01 00:00:00'::timestamp without time zone))", "Rows Removed by Filter": 2542535}]}, {"Node Type": "Index Scan", "Parent Relationship": "Inner", "Scan Direction": "Forward", "Index Name": "idx_lineitem_orderkey", "Relation Name": "lineitem", "Alias": "lineitem", "Startup Cost": 0.0, "Total Cost": 3.05, "Plan Rows": 9, "Plan Width": 32, "Actual Startup Time": 4388.906, "Actual Total Time": 5330.022, "Actual Rows": 1815222, "Actual Loops": 454183, "Index Cond": "(l_orderkey = orders.o_orderkey)", "Rows Removed by Index Recheck": 0}]}, {"Node Type": "Hash", "Parent Relationship": "Inner", "Startup Cost": 3283.0, "Total Cost": 3283.0, "Plan Rows": 100000, "Plan Width": 12, "Actual Startup Time": 66.265, "Actual Total Time": 66.265, "Actual Rows": 100000, "Actual Loops": 1, "Hash Buckets": 131072, "Hash Batches": 1, "Original Hash Batches": 1, "Peak Memory Usage": 4297, "Plans": [{"Node Type": "Seq Scan", "Parent Relationship": "Outer", "Relation Name": "supplier", "Alias": "supplier", "Startup Cost": 0.0, "Total Cost": 3283.0, "Plan Rows": 100000, "Plan Width": 12, "Actual Startup Time": 0.029, "Actual Total Time": 35.539, "Actual Rows": 100000, "Actual Loops": 1}]}]}]}]}, "Triggers": [], "Planner Runtime": 9.785, "Total Runtime": 17035.784, "Unique SQL Id": 1392561963}}, "(64, 97)": {"explain_plan": {"Plan": {"Node Type": "Sort", "Startup Cost": 1722787.59, "Total Cost": 1722787.65, "Plan Rows": 25, "Plan Width": 50, "Sort Key": ["(sum((lineitem.l_extendedprice * (1::double precision - lineitem.l_discount)))) DESC"], "Plans": [{"Node Type": "Aggregate", "Strategy": "Hashed", "Parent Relationship": "Outer", "Startup Cost": 1722786.76, "Total Cost": 1722787.01, "Plan Rows": 25, "Plan Width": 50, "Group By Key": ["nation.n_name"], "Plans": [{"Node Type": "Hash Join", "Parent Relationship": "Outer", "Join Type": "Inner", "Startup Cost": 7864.91, "Total Cost": 1722692.86, "Plan Rows": 9390, "Plan Width": 42, "Inner Unique": true, "Hash Cond": "((lineitem.l_suppkey = supplier.s_suppkey) AND (customer.c_nationkey = supplier.s_nationkey))", "Plans": [{"Node Type": "Nested Loop", "Parent Relationship": "Outer", "Join Type": "Inner", "Startup Cost": 1030.37, "Total Cost": 1688097.31, "Plan Rows": 3688948, "Plan Width": 58, "Inner Unique": false, "Plans": [{"Node Type": "Nested Loop", "Parent Relationship": "Outer", "Join Type": "Inner", "Startup Cost": 1030.37, "Total Cost": 412302.9, "Plan Rows": 406290, "Plan Width": 42, "Inner Unique": false, "Plans": [{"Node Type": "Nested Loop", "Parent Relationship": "Outer", "Join Type": "Inner", "Startup Cost": 1030.37, "Total Cost": 37194.1, "Plan Rows": 300000, "Plan Width": 42, "Inner Unique": false, "Plans": [{"Node Type": "Nested Loop", "Parent Relationship": "Outer", "Join Type": "Inner", "Startup Cost": 0.0, "Total Cost": 31.69, "Plan Rows": 5, "Plan Width": 30, "Inner Unique": true, "Plans": [{"Node Type": "Index Scan", "Parent Relationship": "Outer", "Scan Direction": "Forward", "Index Name": "nation_pkey", "Relation Name": "nation", "Alias": "nation", "Startup Cost": 0.0, "Total Cost": 12.62, "Plan Rows": 25, "Plan Width": 34}, {"Node Type": "Index Scan", "Parent Relationship": "Inner", "Scan Direction": "Forward", "Index Name": "region_pkey", "Relation Name": "region", "Alias": "region", "Startup Cost": 0.0, "Total Cost": 0.75, "Plan Rows": 1, "Plan Width": 4, "Index Cond": "(r_regionkey = nation.n_regionkey)", "Filter": "(r_name = 'MIDDLE EAST'::bpchar)"}]}, {"Node Type": "Bitmap Heap Scan", "Parent Relationship": "Inner", "Relation Name": "customer", "Alias": "customer", "Startup Cost": 1030.37, "Total Cost": 6832.48, "Plan Rows": 60000, "Plan Width": 12, "Recheck Cond": "(c_nationkey = nation.n_nationkey)", "Plans": [{"Node Type": "Bitmap Index Scan", "Parent Relationship": "Outer", "Index Name": "idx_customer_nationkey", "Startup Cost": 0.0, "Total Cost": 1015.37, "Plan Rows": 60000, "Plan Width": 0, "Index Cond": "(c_nationkey = nation.n_nationkey)"}]}]}, {"Node Type": "Index Scan", "Parent Relationship": "Inner", "Scan Direction": "Forward", "Index Name": "idx_orders_custkey", "Relation Name": "orders", "Alias": "orders", "Startup Cost": 0.0, "Total Cost": 1.24, "Plan Rows": 1, "Plan Width": 16, "Index Cond": "(o_custkey = customer.c_custkey)", "Filter": "((o_orderdate >= '1994-01-01 00:00:00'::timestamp(0) without time zone) AND (o_orderdate < '1995-01-01 00:00:00'::timestamp without time zone))"}]}, {"Node Type": "Index Scan", "Parent Relationship": "Inner", "Scan Direction": "Forward", "Index Name": "idx_lineitem_orderkey", "Relation Name": "lineitem", "Alias": "lineitem", "Startup Cost": 0.0, "Total Cost": 3.05, "Plan Rows": 9, "Plan Width": 32, "Index Cond": "(l_orderkey = orders.o_orderkey)"}]}, {"Node Type": "Hash", "Parent Relationship": "Inner", "Startup Cost": 5334.54, "Total Cost": 5334.54, "Plan Rows": 100000, "Plan Width": 12, "Plans": [{"Node Type": "Index Scan", "Parent Relationship": "Outer", "Scan Direction": "Forward", "Index Name": "supplier_pkey", "Relation Name": "supplier", "Alias": "supplier", "Startup Cost": 0.0, "Total Cost": 5334.54, "Plan Rows": 100000, "Plan Width": 12}]}]}]}]}, "Unique SQL Id": 1392561963}, "explain_analyze_plan": {"Plan": {"Node Type": "Sort", "Startup Cost": 1722787.59, "Total Cost": 1722787.65, "Plan Rows": 25, "Plan Width": 50, "Actual Startup Time": 17221.825, "Actual Total Time": 17221.825, "Actual Rows": 5, "Actual Loops": 1, "Sort Key": ["(sum((lineitem.l_extendedprice * (1::double precision - lineitem.l_discount)))) DESC"], "Sort Method": "quicksort", "Sort Space Used": 25, "Sort Space Type": "Memory", "Plans": [{"Node Type": "Aggregate", "Strategy": "Hashed", "Parent Relationship": "Outer", "Startup Cost": 1722786.76, "Total Cost": 1722787.01, "Plan Rows": 25, "Plan Width": 50, "Actual Startup Time": 17221.803, "Actual Total Time": 17221.805, "Actual Rows": 5, "Actual Loops": 1, "Group By Key": ["nation.n_name"], "Plans": [{"Node Type": "Hash Join", "Parent Relationship": "Outer", "Join Type": "Inner", "Startup Cost": 7864.91, "Total Cost": 1722692.86, "Plan Rows": 9390, "Plan Width": 42, "Actual Startup Time": 131.592, "Actual Total Time": 17143.769, "Actual Rows": 72985, "Actual Loops": 1, "Inner Unique": true, "Hash Cond": "((lineitem.l_suppkey = supplier.s_suppkey) AND (customer.c_nationkey = supplier.s_nationkey))", "Plans": [{"Node Type": "Nested Loop", "Parent Relationship": "Outer", "Join Type": "Inner", "Startup Cost": 1030.37, "Total Cost": 1688097.31, "Plan Rows": 3688948, "Plan Width": 58, "Actual Startup Time": 19.529, "Actual Total Time": 16297.668, "Actual Rows": 1815222, "Actual Loops": 1, "Inner Unique": false, "Plans": [{"Node Type": "Nested Loop", "Parent Relationship": "Outer", "Join Type": "Inner", "Startup Cost": 1030.37, "Total Cost": 412302.9, "Plan Rows": 406290, "Plan Width": 42, "Actual Startup Time": 19.506, "Actual Total Time": 10287.842, "Actual Rows": 454183, "Actual Loops": 1, "Inner Unique": false, "Plans": [{"Node Type": "Nested Loop", "Parent Relationship": "Outer", "Join Type": "Inner", "Startup Cost": 1030.37, "Total Cost": 37194.1, "Plan Rows": 300000, "Plan Width": 42, "Actual Startup Time": 19.404, "Actual Total Time": 705.667, "Actual Rows": 299838, "Actual Loops": 1, "Inner Unique": false, "Plans": [{"Node Type": "Nested Loop", "Parent Relationship": "Outer", "Join Type": "Inner", "Startup Cost": 0.0, "Total Cost": 31.69, "Plan Rows": 5, "Plan Width": 30, "Actual Startup Time": 0.047, "Actual Total Time": 0.221, "Actual Rows": 5, "Actual Loops": 1, "Inner Unique": true, "Plans": [{"Node Type": "Index Scan", "Parent Relationship": "Outer", "Scan Direction": "Forward", "Index Name": "nation_pkey", "Relation Name": "nation", "Alias": "nation", "Startup Cost": 0.0, "Total Cost": 12.62, "Plan Rows": 25, "Plan Width": 34, "Actual Startup Time": 0.018, "Actual Total Time": 0.07, "Actual Rows": 25, "Actual Loops": 1}, {"Node Type": "Index Scan", "Parent Relationship": "Inner", "Scan Direction": "Forward", "Index Name": "region_pkey", "Relation Name": "region", "Alias": "region", "Startup Cost": 0.0, "Total Cost": 0.75, "Plan Rows": 1, "Plan Width": 4, "Actual Startup Time": 0.101, "Actual Total Time": 0.101, "Actual Rows": 5, "Actual Loops": 25, "Index Cond": "(r_regionkey = nation.n_regionkey)", "Rows Removed by Index Recheck": 0, "Filter": "(r_name = 'MIDDLE EAST'::bpchar)", "Rows Removed by Filter": 20}]}, {"Node Type": "Bitmap Heap Scan", "Parent Relationship": "Inner", "Relation Name": "customer", "Alias": "customer", "Startup Cost": 1030.37, "Total Cost": 6832.48, "Plan Rows": 60000, "Plan Width": 12, "Actual Startup Time": 95.471, "Actual Total Time": 631.303, "Actual Rows": 299838, "Actual Loops": 5, "Recheck Cond": "(c_nationkey = nation.n_nationkey)", "Rows Removed by Index Recheck": 0, "Exact Heap Blocks": 150033, "Lossy Heap Blocks": 150033, "Plans": [{"Node Type": "Bitmap Index Scan", "Parent Relationship": "Outer", "Index Name": "idx_customer_nationkey", "Startup Cost": 0.0, "Total Cost": 1015.37, "Plan Rows": 60000, "Plan Width": 0, "Actual Startup Time": 62.47, "Actual Total Time": 62.47, "Actual Rows": 299838, "Actual Loops": 5, "Index Cond": "(c_nationkey = nation.n_nationkey)"}]}]}, {"Node Type": "Index Scan", "Parent Relationship": "Inner", "Scan Direction": "Forward", "Index Name": "idx_orders_custkey", "Relation Name": "orders", "Alias": "orders", "Startup Cost": 0.0, "Total Cost": 1.24, "Plan Rows": 1, "Plan Width": 16, "Actual Startup Time": 4413.191, "Actual Total Time": 9326.586, "Actual Rows": 454183, "Actual Loops": 299838, "Index Cond": "(o_custkey = customer.c_custkey)", "Rows Removed by Index Recheck": 0, "Filter": "((o_orderdate >= '1994-01-01 00:00:00'::timestamp(0) without time zone) AND (o_orderdate < '1995-01-01 00:00:00'::timestamp without time zone))", "Rows Removed by Filter": 2542535}]}, {"Node Type": "Index Scan", "Parent Relationship": "Inner", "Scan Direction": "Forward", "Index Name": "idx_lineitem_orderkey", "Relation Name": "lineitem", "Alias": "lineitem", "Startup Cost": 0.0, "Total Cost": 3.05, "Plan Rows": 9, "Plan Width": 32, "Actual Startup Time": 4434.069, "Actual Total Time": 5358.26, "Actual Rows": 1815222, "Actual Loops": 454183, "Index Cond": "(l_orderkey = orders.o_orderkey)", "Rows Removed by Index Recheck": 0}]}, {"Node Type": "Hash", "Parent Relationship": "Inner", "Startup Cost": 5334.54, "Total Cost": 5334.54, "Plan Rows": 100000, "Plan Width": 12, "Actual Startup Time": 111.815, "Actual Total Time": 111.815, "Actual Rows": 100000, "Actual Loops": 1, "Hash Buckets": 131072, "Hash Batches": 1, "Original Hash Batches": 1, "Peak Memory Usage": 4297, "Plans": [{"Node Type": "Index Scan", "Parent Relationship": "Outer", "Scan Direction": "Forward", "Index Name": "supplier_pkey", "Relation Name": "supplier", "Alias": "supplier", "Startup Cost": 0.0, "Total Cost": 5334.54, "Plan Rows": 100000, "Plan Width": 12, "Actual Startup Time": 0.02, "Actual Total Time": 80.696, "Actual Rows": 100000, "Actual Loops": 1}]}]}]}]}, "Triggers": [], "Planner Runtime": 5.157, "Total Runtime": 17222.23, "Unique SQL Id": 1392561963}}, "(64, 98)": {"explain_plan": {"Plan": {"Node Type": "Sort", "Startup Cost": 2457247.05, "Total Cost": 2457247.11, "Plan Rows": 25, "Plan Width": 50, "Sort Key": ["(sum((lineitem.l_extendedprice * (1::double precision - lineitem.l_discount)))) DESC"], "Plans": [{"Node Type": "Aggregate", "Strategy": "Hashed", "Parent Relationship": "Outer", "Startup Cost": 2457246.22, "Total Cost": 2457246.47, "Plan Rows": 25, "Plan Width": 50, "Group By Key": ["nation.n_name"], "Plans": [{"Node Type": "Hash Join", "Parent Relationship": "Outer", "Join Type": "Inner", "Startup Cost": 104058.84, "Total Cost": 2457152.32, "Plan Rows": 9390, "Plan Width": 42, "Inner Unique": true, "Hash Cond": "((lineitem.l_suppkey = supplier.s_suppkey) AND (customer.c_nationkey = supplier.s_nationkey))", "Plans": [{"Node Type": "Nested Loop", "Parent Relationship": "Outer", "Join Type": "Inner", "Startup Cost": 99275.84, "Total Cost": 2424608.31, "Plan Rows": 3688948, "Plan Width": 58, "Inner Unique": false, "Plans": [{"Node Type": "Hash Join", "Parent Relationship": "Outer", "Join Type": "Inner", "Startup Cost": 99275.12, "Total Cost": 422539.98, "Plan Rows": 406290, "Plan Width": 42, "Inner Unique": false, "Hash Cond": "(orders.o_custkey = customer.c_custkey), (LLVM Optimized)", "Plans": [{"Node Type": "Bitmap Heap Scan", "Parent Relationship": "Outer", "Relation Name": "orders", "Alias": "orders", "Startup Cost": 58360.27, "Total Cost": 369005.64, "Plan Rows": 2281758, "Plan Width": 16, "Recheck Cond": "((o_orderdate >= '1994-01-01 00:00:00'::timestamp(0) without time zone) AND (o_orderdate < '1995-01-01 00:00:00'::timestamp without time zone)), (LLVM Optimized)", "Plans": [{"Node Type": "Bitmap Index Scan", "Parent Relationship": "Outer", "Index Name": "idx_orders_orderdate", "Startup Cost": 0.0, "Total Cost": 57789.83, "Plan Rows": 2281758, "Plan Width": 0, "Index Cond": "((o_orderdate >= '1994-01-01 00:00:00'::timestamp(0) without time zone) AND (o_orderdate < '1995-01-01 00:00:00'::timestamp without time zone))"}]}, {"Node Type": "Hash", "Parent Relationship": "Inner", "Startup Cost": 37164.85, "Total Cost": 37164.85, "Plan Rows": 300000, "Plan Width": 42, "Plans": [{"Node Type": "Nested Loop", "Parent Relationship": "Outer", "Join Type": "Inner", "Startup Cost": 1031.44, "Total Cost": 37164.85, "Plan Rows": 300000, "Plan Width": 42, "Inner Unique": false, "Plans": [{"Node Type": "Hash Join", "Parent Relationship": "Outer", "Join Type": "Inner", "Startup Cost": 1.07, "Total Cost": 2.44, "Plan Rows": 5, "Plan Width": 30, "Inner Unique": true, "Hash Cond": "(nation.n_regionkey = region.r_regionkey)", "Plans": [{"Node Type": "Seq Scan", "Parent Relationship": "Outer", "Relation Name": "nation", "Alias": "nation", "Startup Cost": 0.0, "Total Cost": 1.25, "Plan Rows": 25, "Plan Width": 34}, {"Node Type": "Hash", "Parent Relationship": "Inner", "Startup Cost": 1.06, "Total Cost": 1.06, "Plan Rows": 1, "Plan Width": 4, "Plans": [{"Node Type": "Seq Scan", "Parent Relationship": "Outer", "Relation Name": "region", "Alias": "region", "Startup Cost": 0.0, "Total Cost": 1.06, "Plan Rows": 1, "Plan Width": 4, "Filter": "(r_name = 'MIDDLE EAST'::bpchar)"}]}]}, {"Node Type": "Bitmap Heap Scan", "Parent Relationship": "Inner", "Relation Name": "customer", "Alias": "customer", "Startup Cost": 1030.37, "Total Cost": 6832.48, "Plan Rows": 60000, "Plan Width": 12, "Recheck Cond": "(c_nationkey = nation.n_nationkey)", "Plans": [{"Node Type": "Bitmap Index Scan", "Parent Relationship": "Outer", "Index Name": "idx_customer_nationkey", "Startup Cost": 0.0, "Total Cost": 1015.37, "Plan Rows": 60000, "Plan Width": 0, "Index Cond": "(c_nationkey = nation.n_nationkey)"}]}]}]}]}, {"Node Type": "Bitmap Heap Scan", "Parent Relationship": "Inner", "Relation Name": "lineitem", "Alias": "lineitem", "Startup Cost": 0.73, "Total Cost": 4.84, "Plan Rows": 9, "Plan Width": 32, "Recheck Cond": "(l_orderkey = orders.o_orderkey)", "Plans": [{"Node Type": "Bitmap Index Scan", "Parent Relationship": "Outer", "Index Name": "idx_lineitem_orderkey", "Startup Cost": 0.0, "Total Cost": 0.72, "Plan Rows": 9, "Plan Width": 0, "Index Cond": "(l_orderkey = orders.o_orderkey)"}]}]}, {"Node Type": "Hash", "Parent Relationship": "Inner", "Startup Cost": 3283.0, "Total Cost": 3283.0, "Plan Rows": 100000, "Plan Width": 12, "Plans": [{"Node Type": "Seq Scan", "Parent Relationship": "Outer", "Relation Name": "supplier", "Alias": "supplier", "Startup Cost": 0.0, "Total Cost": 3283.0, "Plan Rows": 100000, "Plan Width": 12}]}]}]}]}, "Unique SQL Id": 1392561963}, "explain_analyze_plan": {"Plan": {"Node Type": "Sort", "Startup Cost": 2457247.05, "Total Cost": 2457247.11, "Plan Rows": 25, "Plan Width": 50, "Actual Startup Time": 9892.981, "Actual Total Time": 9892.982, "Actual Rows": 5, "Actual Loops": 1, "Sort Key": ["(sum((lineitem.l_extendedprice * (1::double precision - lineitem.l_discount)))) DESC"], "Sort Method": "quicksort", "Sort Space Used": 25, "Sort Space Type": "Memory", "Plans": [{"Node Type": "Aggregate", "Strategy": "Hashed", "Parent Relationship": "Outer", "Startup Cost": 2457246.22, "Total Cost": 2457246.47, "Plan Rows": 25, "Plan Width": 50, "Actual Startup Time": 9892.948, "Actual Total Time": 9892.949, "Actual Rows": 5, "Actual Loops": 1, "Group By Key": ["nation.n_name"], "Plans": [{"Node Type": "Hash Join", "Parent Relationship": "Outer", "Join Type": "Inner", "Startup Cost": 104058.84, "Total Cost": 2457152.32, "Plan Rows": 9390, "Plan Width": 42, "Actual Startup Time": 1460.536, "Actual Total Time": 9816.959, "Actual Rows": 72985, "Actual Loops": 1, "Inner Unique": true, "Hash Cond": "((lineitem.l_suppkey = supplier.s_suppkey) AND (customer.c_nationkey = supplier.s_nationkey))", "Plans": [{"Node Type": "Nested Loop", "Parent Relationship": "Outer", "Join Type": "Inner", "Startup Cost": 99275.84, "Total Cost": 2424608.31, "Plan Rows": 3688948, "Plan Width": 58, "Actual Startup Time": 1393.628, "Actual Total Time": 9046.788, "Actual Rows": 1815222, "Actual Loops": 1, "Inner Unique": false, "Plans": [{"Node Type": "Hash Join", "Parent Relationship": "Outer", "Join Type": "Inner", "Startup Cost": 99275.12, "Total Cost": 422539.98, "Plan Rows": 406290, "Plan Width": 42, "Actual Startup Time": 1393.568, "Actual Total Time": 4081.354, "Actual Rows": 454183, "Actual Loops": 1, "Inner Unique": false, "Hash Cond": "(orders.o_custkey = customer.c_custkey), (LLVM Optimized, Jit Execute)", "Plans": [{"Node Type": "Bitmap Heap Scan", "Parent Relationship": "Outer", "Relation Name": "orders", "Alias": "orders", "Startup Cost": 58360.27, "Total Cost": 369005.64, "Plan Rows": 2281758, "Plan Width": 16, "Actual Startup Time": 793.807, "Actual Total Time": 2432.74, "Actual Rows": 2275919, "Actual Loops": 1, "Recheck Cond": "((o_orderdate >= '1994-01-01 00:00:00'::timestamp(0) without time zone) AND (o_orderdate < '1995-01-01 00:00:00'::timestamp without time zone)), (LLVM Optimized, Jit Execute)", "Rows Removed by Index Recheck": 0, "Exact Heap Blocks": 276381, "Lossy Heap Blocks": 276381, "Plans": [{"Node Type": "Bitmap Index Scan", "Parent Relationship": "Outer", "Index Name": "idx_orders_orderdate", "Startup Cost": 0.0, "Total Cost": 57789.83, "Plan Rows": 2281758, "Plan Width": 0, "Actual Startup Time": 694.69, "Actual Total Time": 694.69, "Actual Rows": 2275919, "Actual Loops": 1, "Index Cond": "((o_orderdate >= '1994-01-01 00:00:00'::timestamp(0) without time zone) AND (o_orderdate < '1995-01-01 00:00:00'::timestamp without time zone))"}]}, {"Node Type": "Hash", "Parent Relationship": "Inner", "Startup Cost": 37164.85, "Total Cost": 37164.85, "Plan Rows": 300000, "Plan Width": 42, "Actual Startup Time": 599.316, "Actual Total Time": 599.316, "Actual Rows": 299838, "Actual Loops": 1, "Hash Buckets": 524288, "Hash Batches": 1, "Original Hash Batches": 1, "Peak Memory Usage": 22254, "Plans": [{"Node Type": "Nested Loop", "Parent Relationship": "Outer", "Join Type": "Inner", "Startup Cost": 1031.44, "Total Cost": 37164.85, "Plan Rows": 300000, "Plan Width": 42, "Actual Startup Time": 18.061, "Actual Total Time": 491.225, "Actual Rows": 299838, "Actual Loops": 1, "Inner Unique": false, "Plans": [{"Node Type": "Hash Join", "Parent Relationship": "Outer", "Join Type": "Inner", "Startup Cost": 1.07, "Total Cost": 2.44, "Plan Rows": 5, "Plan Width": 30, "Actual Startup Time": 0.093, "Actual Total Time": 0.166, "Actual Rows": 5, "Actual Loops": 1, "Inner Unique": true, "Hash Cond": "(nation.n_regionkey = region.r_regionkey)", "Plans": [{"Node Type": "Seq Scan", "Parent Relationship": "Outer", "Relation Name": "nation", "Alias": "nation", "Startup Cost": 0.0, "Total Cost": 1.25, "Plan Rows": 25, "Plan Width": 34, "Actual Startup Time": 0.018, "Actual Total Time": 0.04, "Actual Rows": 25, "Actual Loops": 1}, {"Node Type": "Hash", "Parent Relationship": "Inner", "Startup Cost": 1.06, "Total Cost": 1.06, "Plan Rows": 1, "Plan Width": 4, "Actual Startup Time": 0.033, "Actual Total Time": 0.033, "Actual Rows": 1, "Actual Loops": 1, "Hash Buckets": 32768, "Hash Batches": 1, "Original Hash Batches": 1, "Peak Memory Usage": 1, "Plans": [{"Node Type": "Seq Scan", "Parent Relationship": "Outer", "Relation Name": "region", "Alias": "region", "Startup Cost": 0.0, "Total Cost": 1.06, "Plan Rows": 1, "Plan Width": 4, "Actual Startup Time": 0.026, "Actual Total Time": 0.027, "Actual Rows": 1, "Actual Loops": 1, "Filter": "(r_name = 'MIDDLE EAST'::bpchar)", "Rows Removed by Filter": 4}]}]}, {"Node Type": "Bitmap Heap Scan", "Parent Relationship": "Inner", "Relation Name": "customer", "Alias": "customer", "Startup Cost": 1030.37, "Total Cost": 6832.48, "Plan Rows": 60000, "Plan Width": 12, "Actual Startup Time": 89.306, "Actual Total Time": 422.918, "Actual Rows": 299838, "Actual Loops": 5, "Recheck Cond": "(c_nationkey = nation.n_nationkey)", "Rows Removed by Index Recheck": 0, "Exact Heap Blocks": 150033, "Lossy Heap Blocks": 150033, "Plans": [{"Node Type": "Bitmap Index Scan", "Parent Relationship": "Outer", "Index Name": "idx_customer_nationkey", "Startup Cost": 0.0, "Total Cost": 1015.37, "Plan Rows": 60000, "Plan Width": 0, "Actual Startup Time": 56.368, "Actual Total Time": 56.368, "Actual Rows": 299838, "Actual Loops": 5, "Index Cond": "(c_nationkey = nation.n_nationkey)"}]}]}]}]}, {"Node Type": "Bitmap Heap Scan", "Parent Relationship": "Inner", "Relation Name": "lineitem", "Alias": "lineitem", "Startup Cost": 0.73, "Total Cost": 4.84, "Plan Rows": 9, "Plan Width": 32, "Actual Startup Time": 3737.424, "Actual Total Time": 4055.724, "Actual Rows": 1815222, "Actual Loops": 454183, "Recheck Cond": "(l_orderkey = orders.o_orderkey)", "Rows Removed by Index Recheck": 0, "Exact Heap Blocks": 486530, "Lossy Heap Blocks": 486530, "Plans": [{"Node Type": "Bitmap Index Scan", "Parent Relationship": "Outer", "Index Name": "idx_lineitem_orderkey", "Startup Cost": 0.0, "Total Cost": 0.72, "Plan Rows": 9, "Plan Width": 0, "Actual Startup Time": 2054.09, "Actual Total Time": 2054.09, "Actual Rows": 1815222, "Actual Loops": 454183, "Index Cond": "(l_orderkey = orders.o_orderkey)"}]}]}, {"Node Type": "Hash", "Parent Relationship": "Inner", "Startup Cost": 3283.0, "Total Cost": 3283.0, "Plan Rows": 100000, "Plan Width": 12, "Actual Startup Time": 66.741, "Actual Total Time": 66.741, "Actual Rows": 100000, "Actual Loops": 1, "Hash Buckets": 131072, "Hash Batches": 1, "Original Hash Batches": 1, "Peak Memory Usage": 4297, "Plans": [{"Node Type": "Seq Scan", "Parent Relationship": "Outer", "Relation Name": "supplier", "Alias": "supplier", "Startup Cost": 0.0, "Total Cost": 3283.0, "Plan Rows": 100000, "Plan Width": 12, "Actual Startup Time": 0.031, "Actual Total Time": 36.048, "Actual Rows": 100000, "Actual Loops": 1}]}]}]}]}, "Triggers": [], "Planner Runtime": 8.794, "Total Runtime": 9903.122, "Unique SQL Id": 1392561963}}, "(64, 99)": {"explain_plan": {"Plan": {"Node Type": "Sort", "Startup Cost": 46003135.57, "Total Cost": 46003135.63, "Plan Rows": 25, "Plan Width": 50, "Sort Key": ["(sum((lineitem.l_extendedprice * (1::double precision - lineitem.l_discount)))) DESC"], "Plans": [{"Node Type": "Aggregate", "Strategy": "Hashed", "Parent Relationship": "Outer", "Startup Cost": 46003134.74, "Total Cost": 46003134.99, "Plan Rows": 25, "Plan Width": 50, "Group By Key": ["nation.n_name"], "Plans": [{"Node Type": "Nested Loop", "Parent Relationship": "Outer", "Join Type": "Inner", "Startup Cost": 58362.35, "Total Cost": 46003040.84, "Plan Rows": 9390, "Plan Width": 42, "Inner Unique": true, "Join Filter": "(customer.c_nationkey = supplier.s_nationkey)", "Plans": [{"Node Type": "Nested Loop", "Parent Relationship": "Outer", "Join Type": "Inner", "Startup Cost": 58362.1, "Total Cost": 30204103.6, "Plan Rows": 3688948, "Plan Width": 58, "Inner Unique": false, "Plans": [{"Node Type": "Nested Loop", "Parent Relationship": "Outer", "Join Type": "Inner", "Startup Cost": 58361.37, "Total Cost": 28202035.27, "Plan Rows": 406290, "Plan Width": 42, "Inner Unique": true, "Plans": [{"Node Type": "Nested Loop", "Parent Relationship": "Outer", "Join Type": "Inner", "Startup Cost": 58360.79, "Total Cost": 18851769.58, "Plan Rows": 2031452, "Plan Width": 46, "Inner Unique": true, "Plans": [{"Node Type": "Nested Loop", "Parent Relationship": "Outer", "Join Type": "Inner", "Startup Cost": 58360.54, "Total Cost": 10156636.32, "Plan Rows": 2031452, "Plan Width": 12, "Inner Unique": true, "Plans": [{"Node Type": "Bitmap Heap Scan", "Parent Relationship": "Outer", "Relation Name": "orders", "Alias": "orders", "Startup Cost": 58360.27, "Total Cost": 369005.64, "Plan Rows": 2281758, "Plan Width": 16, "Recheck Cond": "((o_orderdate >= '1994-01-01 00:00:00'::timestamp(0) without time zone) AND (o_orderdate < '1995-01-01 00:00:00'::timestamp without time zone)), (LLVM Optimized)", "Plans": [{"Node Type": "Bitmap Index Scan", "Parent Relationship": "Outer", "Index Name": "idx_orders_orderdate", "Startup Cost": 0.0, "Total Cost": 57789.83, "Plan Rows": 2281758, "Plan Width": 0, "Index Cond": "((o_orderdate >= '1994-01-01 00:00:00'::timestamp(0) without time zone) AND (o_orderdate < '1995-01-01 00:00:00'::timestamp without time zone))"}]}, {"Node Type": "Bitmap Heap Scan", "Parent Relationship": "Inner", "Relation Name": "customer", "Alias": "customer", "Startup Cost": 0.27, "Total Cost": 4.28, "Plan Rows": 1, "Plan Width": 12, "Recheck Cond": "(c_custkey = orders.o_custkey)", "Plans": [{"Node Type": "Bitmap Index Scan", "Parent Relationship": "Outer", "Index Name": "customer_pkey", "Startup Cost": 0.0, "Total Cost": 0.27, "Plan Rows": 1, "Plan Width": 0, "Index Cond": "(c_custkey = orders.o_custkey)"}]}]}, {"Node Type": "Bitmap Heap Scan", "Parent Relationship": "Inner", "Relation Name": "nation", "Alias": "nation", "Startup Cost": 0.26, "Total Cost": 4.27, "Plan Rows": 1, "Plan Width": 34, "Recheck Cond": "(n_nationkey = customer.c_nationkey)", "Plans": [{"Node Type": "Bitmap Index Scan", "Parent Relationship": "Outer", "Index Name": "nation_pkey", "Startup Cost": 0.0, "Total Cost": 0.26, "Plan Rows": 1, "Plan Width": 0, "Index Cond": "(n_nationkey = customer.c_nationkey)"}]}]}, {"Node Type": "Bitmap Heap Scan", "Parent Relationship": "Inner", "Relation Name": "region", "Alias": "region", "Startup Cost": 0.58, "Total Cost": 4.59, "Plan Rows": 1, "Plan Width": 4, "Recheck Cond": "(r_regionkey = nation.n_regionkey)", "Filter": "(r_name = 'MIDDLE EAST'::bpchar)", "Plans": [{"Node Type": "Bitmap Index Scan", "Parent Relationship": "Outer", "Index Name": "region_pkey", "Startup Cost": 0.0, "Total Cost": 0.58, "Plan Rows": 1, "Plan Width": 0, "Index Cond": "(r_regionkey = nation.n_regionkey)"}]}]}, {"Node Type": "Bitmap Heap Scan", "Parent Relationship": "Inner", "Relation Name": "lineitem", "Alias": "lineitem", "Startup Cost": 0.73, "Total Cost": 4.84, "Plan Rows": 9, "Plan Width": 32, "Recheck Cond": "(l_orderkey = orders.o_orderkey)", "Plans": [{"Node Type": "Bitmap Index Scan", "Parent Relationship": "Outer", "Index Name": "idx_lineitem_orderkey", "Startup Cost": 0.0, "Total Cost": 0.72, "Plan Rows": 9, "Plan Width": 0, "Index Cond": "(l_orderkey = orders.o_orderkey)"}]}]}, {"Node Type": "Bitmap Heap Scan", "Parent Relationship": "Inner", "Relation Name": "supplier", "Alias": "supplier", "Startup Cost": 0.26, "Total Cost": 4.27, "Plan Rows": 1, "Plan Width": 12, "Recheck Cond": "(s_suppkey = lineitem.l_suppkey)", "Plans": [{"Node Type": "Bitmap Index Scan", "Parent Relationship": "Outer", "Index Name": "supplier_pkey", "Startup Cost": 0.0, "Total Cost": 0.26, "Plan Rows": 1, "Plan Width": 0, "Index Cond": "(s_suppkey = lineitem.l_suppkey)"}]}]}]}]}, "Unique SQL Id": 1392561963}, "explain_analyze_plan": null}, "(64, 100)": {"explain_plan": {"Plan": {"Node Type": "Sort", "Startup Cost": 1720736.05, "Total Cost": 1720736.11, "Plan Rows": 25, "Plan Width": 50, "Sort Key": ["(sum((lineitem.l_extendedprice * (1::double precision - lineitem.l_discount)))) DESC"], "Plans": [{"Node Type": "Aggregate", "Strategy": "Hashed", "Parent Relationship": "Outer", "Startup Cost": 1720735.22, "Total Cost": 1720735.47, "Plan Rows": 25, "Plan Width": 50, "Group By Key": ["nation.n_name"], "Plans": [{"Node Type": "Hash Join", "Parent Relationship": "Outer", "Join Type": "Inner", "Startup Cost": 5813.37, "Total Cost": 1720641.32, "Plan Rows": 9390, "Plan Width": 42, "Inner Unique": true, "Hash Cond": "((lineitem.l_suppkey = supplier.s_suppkey) AND (customer.c_nationkey = supplier.s_nationkey))", "Plans": [{"Node Type": "Nested Loop", "Parent Relationship": "Outer", "Join Type": "Inner", "Startup Cost": 1030.37, "Total Cost": 1688097.31, "Plan Rows": 3688948, "Plan Width": 58, "Inner Unique": false, "Plans": [{"Node Type": "Nested Loop", "Parent Relationship": "Outer", "Join Type": "Inner", "Startup Cost": 1030.37, "Total Cost": 412302.9, "Plan Rows": 406290, "Plan Width": 42, "Inner Unique": false, "Plans": [{"Node Type": "Nested Loop", "Parent Relationship": "Outer", "Join Type": "Inner", "Startup Cost": 1030.37, "Total Cost": 37194.1, "Plan Rows": 300000, "Plan Width": 42, "Inner Unique": false, "Plans": [{"Node Type": "Nested Loop", "Parent Relationship": "Outer", "Join Type": "Inner", "Startup Cost": 0.0, "Total Cost": 31.69, "Plan Rows": 5, "Plan Width": 30, "Inner Unique": true, "Plans": [{"Node Type": "Index Scan", "Parent Relationship": "Outer", "Scan Direction": "Forward", "Index Name": "nation_pkey", "Relation Name": "nation", "Alias": "nation", "Startup Cost": 0.0, "Total Cost": 12.62, "Plan Rows": 25, "Plan Width": 34}, {"Node Type": "Index Scan", "Parent Relationship": "Inner", "Scan Direction": "Forward", "Index Name": "region_pkey", "Relation Name": "region", "Alias": "region", "Startup Cost": 0.0, "Total Cost": 0.75, "Plan Rows": 1, "Plan Width": 4, "Index Cond": "(r_regionkey = nation.n_regionkey)", "Filter": "(r_name = 'MIDDLE EAST'::bpchar)"}]}, {"Node Type": "Bitmap Heap Scan", "Parent Relationship": "Inner", "Relation Name": "customer", "Alias": "customer", "Startup Cost": 1030.37, "Total Cost": 6832.48, "Plan Rows": 60000, "Plan Width": 12, "Recheck Cond": "(c_nationkey = nation.n_nationkey)", "Plans": [{"Node Type": "Bitmap Index Scan", "Parent Relationship": "Outer", "Index Name": "idx_customer_nationkey", "Startup Cost": 0.0, "Total Cost": 1015.37, "Plan Rows": 60000, "Plan Width": 0, "Index Cond": "(c_nationkey = nation.n_nationkey)"}]}]}, {"Node Type": "Index Scan", "Parent Relationship": "Inner", "Scan Direction": "Forward", "Index Name": "idx_orders_custkey", "Relation Name": "orders", "Alias": "orders", "Startup Cost": 0.0, "Total Cost": 1.24, "Plan Rows": 1, "Plan Width": 16, "Index Cond": "(o_custkey = customer.c_custkey)", "Filter": "((o_orderdate >= '1994-01-01 00:00:00'::timestamp(0) without time zone) AND (o_orderdate < '1995-01-01 00:00:00'::timestamp without time zone))"}]}, {"Node Type": "Index Scan", "Parent Relationship": "Inner", "Scan Direction": "Forward", "Index Name": "idx_lineitem_orderkey", "Relation Name": "lineitem", "Alias": "lineitem", "Startup Cost": 0.0, "Total Cost": 3.05, "Plan Rows": 9, "Plan Width": 32, "Index Cond": "(l_orderkey = orders.o_orderkey)"}]}, {"Node Type": "Hash", "Parent Relationship": "Inner", "Startup Cost": 3283.0, "Total Cost": 3283.0, "Plan Rows": 100000, "Plan Width": 12, "Plans": [{"Node Type": "Seq Scan", "Parent Relationship": "Outer", "Relation Name": "supplier", "Alias": "supplier", "Startup Cost": 0.0, "Total Cost": 3283.0, "Plan Rows": 100000, "Plan Width": 12}]}]}]}]}, "Unique SQL Id": 1392561963}, "explain_analyze_plan": {"Plan": {"Node Type": "Sort", "Startup Cost": 1720736.05, "Total Cost": 1720736.11, "Plan Rows": 25, "Plan Width": 50, "Actual Startup Time": 17035.374, "Actual Total Time": 17035.375, "Actual Rows": 5, "Actual Loops": 1, "Sort Key": ["(sum((lineitem.l_extendedprice * (1::double precision - lineitem.l_discount)))) DESC"], "Sort Method": "quicksort", "Sort Space Used": 25, "Sort Space Type": "Memory", "Plans": [{"Node Type": "Aggregate", "Strategy": "Hashed", "Parent Relationship": "Outer", "Startup Cost": 1720735.22, "Total Cost": 1720735.47, "Plan Rows": 25, "Plan Width": 50, "Actual Startup Time": 17035.341, "Actual Total Time": 17035.342, "Actual Rows": 5, "Actual Loops": 1, "Group By Key": ["nation.n_name"], "Plans": [{"Node Type": "Hash Join", "Parent Relationship": "Outer", "Join Type": "Inner", "Startup Cost": 5813.37, "Total Cost": 1720641.32, "Plan Rows": 9390, "Plan Width": 42, "Actual Startup Time": 84.367, "Actual Total Time": 16954.023, "Actual Rows": 72985, "Actual Loops": 1, "Inner Unique": true, "Hash Cond": "((lineitem.l_suppkey = supplier.s_suppkey) AND (customer.c_nationkey = supplier.s_nationkey))", "Plans": [{"Node Type": "Nested Loop", "Parent Relationship": "Outer", "Join Type": "Inner", "Startup Cost": 1030.37, "Total Cost": 1688097.31, "Plan Rows": 3688948, "Plan Width": 58, "Actual Startup Time": 17.871, "Actual Total Time": 16025.164, "Actual Rows": 1815222, "Actual Loops": 1, "Inner Unique": false, "Plans": [{"Node Type": "Nested Loop", "Parent Relationship": "Outer", "Join Type": "Inner", "Startup Cost": 1030.37, "Total Cost": 412302.9, "Plan Rows": 406290, "Plan Width": 42, "Actual Startup Time": 17.853, "Actual Total Time": 10051.126, "Actual Rows": 454183, "Actual Loops": 1, "Inner Unique": false, "Plans": [{"Node Type": "Nested Loop", "Parent Relationship": "Outer", "Join Type": "Inner", "Startup Cost": 1030.37, "Total Cost": 37194.1, "Plan Rows": 300000, "Plan Width": 42, "Actual Startup Time": 17.786, "Actual Total Time": 698.074, "Actual Rows": 299838, "Actual Loops": 1, "Inner Unique": false, "Plans": [{"Node Type": "Nested Loop", "Parent Relationship": "Outer", "Join Type": "Inner", "Startup Cost": 0.0, "Total Cost": 31.69, "Plan Rows": 5, "Plan Width": 30, "Actual Startup Time": 0.049, "Actual Total Time": 0.219, "Actual Rows": 5, "Actual Loops": 1, "Inner Unique": true, "Plans": [{"Node Type": "Index Scan", "Parent Relationship": "Outer", "Scan Direction": "Forward", "Index Name": "nation_pkey", "Relation Name": "nation", "Alias": "nation", "Startup Cost": 0.0, "Total Cost": 12.62, "Plan Rows": 25, "Plan Width": 34, "Actual Startup Time": 0.016, "Actual Total Time": 0.059, "Actual Rows": 25, "Actual Loops": 1}, {"Node Type": "Index Scan", "Parent Relationship": "Inner", "Scan Direction": "Forward", "Index Name": "region_pkey", "Relation Name": "region", "Alias": "region", "Startup Cost": 0.0, "Total Cost": 0.75, "Plan Rows": 1, "Plan Width": 4, "Actual Startup Time": 0.107, "Actual Total Time": 0.107, "Actual Rows": 5, "Actual Loops": 25, "Index Cond": "(r_regionkey = nation.n_regionkey)", "Rows Removed by Index Recheck": 0, "Filter": "(r_name = 'MIDDLE EAST'::bpchar)", "Rows Removed by Filter": 20}]}, {"Node Type": "Bitmap Heap Scan", "Parent Relationship": "Inner", "Relation Name": "customer", "Alias": "customer", "Startup Cost": 1030.37, "Total Cost": 6832.48, "Plan Rows": 60000, "Plan Width": 12, "Actual Startup Time": 92.458, "Actual Total Time": 624.446, "Actual Rows": 299838, "Actual Loops": 5, "Recheck Cond": "(c_nationkey = nation.n_nationkey)", "Rows Removed by Index Recheck": 0, "Exact Heap Blocks": 150033, "Lossy Heap Blocks": 150033, "Plans": [{"Node Type": "Bitmap Index Scan", "Parent Relationship": "Outer", "Index Name": "idx_customer_nationkey", "Startup Cost": 0.0, "Total Cost": 1015.37, "Plan Rows": 60000, "Plan Width": 0, "Actual Startup Time": 58.871, "Actual Total Time": 58.871, "Actual Rows": 299838, "Actual Loops": 5, "Index Cond": "(c_nationkey = nation.n_nationkey)"}]}]}, {"Node Type": "Index Scan", "Parent Relationship": "Inner", "Scan Direction": "Forward", "Index Name": "idx_orders_custkey", "Relation Name": "orders", "Alias": "orders", "Startup Cost": 0.0, "Total Cost": 1.24, "Plan Rows": 1, "Plan Width": 16, "Actual Startup Time": 4294.586, "Actual Total Time": 9092.2, "Actual Rows": 454183, "Actual Loops": 299838, "Index Cond": "(o_custkey = customer.c_custkey)", "Rows Removed by Index Recheck": 0, "Filter": "((o_orderdate >= '1994-01-01 00:00:00'::timestamp(0) without time zone) AND (o_orderdate < '1995-01-01 00:00:00'::timestamp without time zone))", "Rows Removed by Filter": 2542535}]}, {"Node Type": "Index Scan", "Parent Relationship": "Inner", "Scan Direction": "Forward", "Index Name": "idx_lineitem_orderkey", "Relation Name": "lineitem", "Alias": "lineitem", "Startup Cost": 0.0, "Total Cost": 3.05, "Plan Rows": 9, "Plan Width": 32, "Actual Startup Time": 4388.906, "Actual Total Time": 5330.022, "Actual Rows": 1815222, "Actual Loops": 454183, "Index Cond": "(l_orderkey = orders.o_orderkey)", "Rows Removed by Index Recheck": 0}]}, {"Node Type": "Hash", "Parent Relationship": "Inner", "Startup Cost": 3283.0, "Total Cost": 3283.0, "Plan Rows": 100000, "Plan Width": 12, "Actual Startup Time": 66.265, "Actual Total Time": 66.265, "Actual Rows": 100000, "Actual Loops": 1, "Hash Buckets": 131072, "Hash Batches": 1, "Original Hash Batches": 1, "Peak Memory Usage": 4297, "Plans": [{"Node Type": "Seq Scan", "Parent Relationship": "Outer", "Relation Name": "supplier", "Alias": "supplier", "Startup Cost": 0.0, "Total Cost": 3283.0, "Plan Rows": 100000, "Plan Width": 12, "Actual Startup Time": 0.029, "Actual Total Time": 35.539, "Actual Rows": 100000, "Actual Loops": 1}]}]}]}]}, "Triggers": [], "Planner Runtime": 9.785, "Total Runtime": 17035.784, "Unique SQL Id": 1392561963}}, "(64, 101)": {"explain_plan": {"Plan": {"Node Type": "Sort", "Startup Cost": 1722787.59, "Total Cost": 1722787.65, "Plan Rows": 25, "Plan Width": 50, "Sort Key": ["(sum((lineitem.l_extendedprice * (1::double precision - lineitem.l_discount)))) DESC"], "Plans": [{"Node Type": "Aggregate", "Strategy": "Hashed", "Parent Relationship": "Outer", "Startup Cost": 1722786.76, "Total Cost": 1722787.01, "Plan Rows": 25, "Plan Width": 50, "Group By Key": ["nation.n_name"], "Plans": [{"Node Type": "Hash Join", "Parent Relationship": "Outer", "Join Type": "Inner", "Startup Cost": 7864.91, "Total Cost": 1722692.86, "Plan Rows": 9390, "Plan Width": 42, "Inner Unique": true, "Hash Cond": "((lineitem.l_suppkey = supplier.s_suppkey) AND (customer.c_nationkey = supplier.s_nationkey))", "Plans": [{"Node Type": "Nested Loop", "Parent Relationship": "Outer", "Join Type": "Inner", "Startup Cost": 1030.37, "Total Cost": 1688097.31, "Plan Rows": 3688948, "Plan Width": 58, "Inner Unique": false, "Plans": [{"Node Type": "Nested Loop", "Parent Relationship": "Outer", "Join Type": "Inner", "Startup Cost": 1030.37, "Total Cost": 412302.9, "Plan Rows": 406290, "Plan Width": 42, "Inner Unique": false, "Plans": [{"Node Type": "Nested Loop", "Parent Relationship": "Outer", "Join Type": "Inner", "Startup Cost": 1030.37, "Total Cost": 37194.1, "Plan Rows": 300000, "Plan Width": 42, "Inner Unique": false, "Plans": [{"Node Type": "Nested Loop", "Parent Relationship": "Outer", "Join Type": "Inner", "Startup Cost": 0.0, "Total Cost": 31.69, "Plan Rows": 5, "Plan Width": 30, "Inner Unique": true, "Plans": [{"Node Type": "Index Scan", "Parent Relationship": "Outer", "Scan Direction": "Forward", "Index Name": "nation_pkey", "Relation Name": "nation", "Alias": "nation", "Startup Cost": 0.0, "Total Cost": 12.62, "Plan Rows": 25, "Plan Width": 34}, {"Node Type": "Index Scan", "Parent Relationship": "Inner", "Scan Direction": "Forward", "Index Name": "region_pkey", "Relation Name": "region", "Alias": "region", "Startup Cost": 0.0, "Total Cost": 0.75, "Plan Rows": 1, "Plan Width": 4, "Index Cond": "(r_regionkey = nation.n_regionkey)", "Filter": "(r_name = 'MIDDLE EAST'::bpchar)"}]}, {"Node Type": "Bitmap Heap Scan", "Parent Relationship": "Inner", "Relation Name": "customer", "Alias": "customer", "Startup Cost": 1030.37, "Total Cost": 6832.48, "Plan Rows": 60000, "Plan Width": 12, "Recheck Cond": "(c_nationkey = nation.n_nationkey)", "Plans": [{"Node Type": "Bitmap Index Scan", "Parent Relationship": "Outer", "Index Name": "idx_customer_nationkey", "Startup Cost": 0.0, "Total Cost": 1015.37, "Plan Rows": 60000, "Plan Width": 0, "Index Cond": "(c_nationkey = nation.n_nationkey)"}]}]}, {"Node Type": "Index Scan", "Parent Relationship": "Inner", "Scan Direction": "Forward", "Index Name": "idx_orders_custkey", "Relation Name": "orders", "Alias": "orders", "Startup Cost": 0.0, "Total Cost": 1.24, "Plan Rows": 1, "Plan Width": 16, "Index Cond": "(o_custkey = customer.c_custkey)", "Filter": "((o_orderdate >= '1994-01-01 00:00:00'::timestamp(0) without time zone) AND (o_orderdate < '1995-01-01 00:00:00'::timestamp without time zone))"}]}, {"Node Type": "Index Scan", "Parent Relationship": "Inner", "Scan Direction": "Forward", "Index Name": "idx_lineitem_orderkey", "Relation Name": "lineitem", "Alias": "lineitem", "Startup Cost": 0.0, "Total Cost": 3.05, "Plan Rows": 9, "Plan Width": 32, "Index Cond": "(l_orderkey = orders.o_orderkey)"}]}, {"Node Type": "Hash", "Parent Relationship": "Inner", "Startup Cost": 5334.54, "Total Cost": 5334.54, "Plan Rows": 100000, "Plan Width": 12, "Plans": [{"Node Type": "Index Scan", "Parent Relationship": "Outer", "Scan Direction": "Forward", "Index Name": "supplier_pkey", "Relation Name": "supplier", "Alias": "supplier", "Startup Cost": 0.0, "Total Cost": 5334.54, "Plan Rows": 100000, "Plan Width": 12}]}]}]}]}, "Unique SQL Id": 1392561963}, "explain_analyze_plan": {"Plan": {"Node Type": "Sort", "Startup Cost": 1722787.59, "Total Cost": 1722787.65, "Plan Rows": 25, "Plan Width": 50, "Actual Startup Time": 17221.825, "Actual Total Time": 17221.825, "Actual Rows": 5, "Actual Loops": 1, "Sort Key": ["(sum((lineitem.l_extendedprice * (1::double precision - lineitem.l_discount)))) DESC"], "Sort Method": "quicksort", "Sort Space Used": 25, "Sort Space Type": "Memory", "Plans": [{"Node Type": "Aggregate", "Strategy": "Hashed", "Parent Relationship": "Outer", "Startup Cost": 1722786.76, "Total Cost": 1722787.01, "Plan Rows": 25, "Plan Width": 50, "Actual Startup Time": 17221.803, "Actual Total Time": 17221.805, "Actual Rows": 5, "Actual Loops": 1, "Group By Key": ["nation.n_name"], "Plans": [{"Node Type": "Hash Join", "Parent Relationship": "Outer", "Join Type": "Inner", "Startup Cost": 7864.91, "Total Cost": 1722692.86, "Plan Rows": 9390, "Plan Width": 42, "Actual Startup Time": 131.592, "Actual Total Time": 17143.769, "Actual Rows": 72985, "Actual Loops": 1, "Inner Unique": true, "Hash Cond": "((lineitem.l_suppkey = supplier.s_suppkey) AND (customer.c_nationkey = supplier.s_nationkey))", "Plans": [{"Node Type": "Nested Loop", "Parent Relationship": "Outer", "Join Type": "Inner", "Startup Cost": 1030.37, "Total Cost": 1688097.31, "Plan Rows": 3688948, "Plan Width": 58, "Actual Startup Time": 19.529, "Actual Total Time": 16297.668, "Actual Rows": 1815222, "Actual Loops": 1, "Inner Unique": false, "Plans": [{"Node Type": "Nested Loop", "Parent Relationship": "Outer", "Join Type": "Inner", "Startup Cost": 1030.37, "Total Cost": 412302.9, "Plan Rows": 406290, "Plan Width": 42, "Actual Startup Time": 19.506, "Actual Total Time": 10287.842, "Actual Rows": 454183, "Actual Loops": 1, "Inner Unique": false, "Plans": [{"Node Type": "Nested Loop", "Parent Relationship": "Outer", "Join Type": "Inner", "Startup Cost": 1030.37, "Total Cost": 37194.1, "Plan Rows": 300000, "Plan Width": 42, "Actual Startup Time": 19.404, "Actual Total Time": 705.667, "Actual Rows": 299838, "Actual Loops": 1, "Inner Unique": false, "Plans": [{"Node Type": "Nested Loop", "Parent Relationship": "Outer", "Join Type": "Inner", "Startup Cost": 0.0, "Total Cost": 31.69, "Plan Rows": 5, "Plan Width": 30, "Actual Startup Time": 0.047, "Actual Total Time": 0.221, "Actual Rows": 5, "Actual Loops": 1, "Inner Unique": true, "Plans": [{"Node Type": "Index Scan", "Parent Relationship": "Outer", "Scan Direction": "Forward", "Index Name": "nation_pkey", "Relation Name": "nation", "Alias": "nation", "Startup Cost": 0.0, "Total Cost": 12.62, "Plan Rows": 25, "Plan Width": 34, "Actual Startup Time": 0.018, "Actual Total Time": 0.07, "Actual Rows": 25, "Actual Loops": 1}, {"Node Type": "Index Scan", "Parent Relationship": "Inner", "Scan Direction": "Forward", "Index Name": "region_pkey", "Relation Name": "region", "Alias": "region", "Startup Cost": 0.0, "Total Cost": 0.75, "Plan Rows": 1, "Plan Width": 4, "Actual Startup Time": 0.101, "Actual Total Time": 0.101, "Actual Rows": 5, "Actual Loops": 25, "Index Cond": "(r_regionkey = nation.n_regionkey)", "Rows Removed by Index Recheck": 0, "Filter": "(r_name = 'MIDDLE EAST'::bpchar)", "Rows Removed by Filter": 20}]}, {"Node Type": "Bitmap Heap Scan", "Parent Relationship": "Inner", "Relation Name": "customer", "Alias": "customer", "Startup Cost": 1030.37, "Total Cost": 6832.48, "Plan Rows": 60000, "Plan Width": 12, "Actual Startup Time": 95.471, "Actual Total Time": 631.303, "Actual Rows": 299838, "Actual Loops": 5, "Recheck Cond": "(c_nationkey = nation.n_nationkey)", "Rows Removed by Index Recheck": 0, "Exact Heap Blocks": 150033, "Lossy Heap Blocks": 150033, "Plans": [{"Node Type": "Bitmap Index Scan", "Parent Relationship": "Outer", "Index Name": "idx_customer_nationkey", "Startup Cost": 0.0, "Total Cost": 1015.37, "Plan Rows": 60000, "Plan Width": 0, "Actual Startup Time": 62.47, "Actual Total Time": 62.47, "Actual Rows": 299838, "Actual Loops": 5, "Index Cond": "(c_nationkey = nation.n_nationkey)"}]}]}, {"Node Type": "Index Scan", "Parent Relationship": "Inner", "Scan Direction": "Forward", "Index Name": "idx_orders_custkey", "Relation Name": "orders", "Alias": "orders", "Startup Cost": 0.0, "Total Cost": 1.24, "Plan Rows": 1, "Plan Width": 16, "Actual Startup Time": 4413.191, "Actual Total Time": 9326.586, "Actual Rows": 454183, "Actual Loops": 299838, "Index Cond": "(o_custkey = customer.c_custkey)", "Rows Removed by Index Recheck": 0, "Filter": "((o_orderdate >= '1994-01-01 00:00:00'::timestamp(0) without time zone) AND (o_orderdate < '1995-01-01 00:00:00'::timestamp without time zone))", "Rows Removed by Filter": 2542535}]}, {"Node Type": "Index Scan", "Parent Relationship": "Inner", "Scan Direction": "Forward", "Index Name": "idx_lineitem_orderkey", "Relation Name": "lineitem", "Alias": "lineitem", "Startup Cost": 0.0, "Total Cost": 3.05, "Plan Rows": 9, "Plan Width": 32, "Actual Startup Time": 4434.069, "Actual Total Time": 5358.26, "Actual Rows": 1815222, "Actual Loops": 454183, "Index Cond": "(l_orderkey = orders.o_orderkey)", "Rows Removed by Index Recheck": 0}]}, {"Node Type": "Hash", "Parent Relationship": "Inner", "Startup Cost": 5334.54, "Total Cost": 5334.54, "Plan Rows": 100000, "Plan Width": 12, "Actual Startup Time": 111.815, "Actual Total Time": 111.815, "Actual Rows": 100000, "Actual Loops": 1, "Hash Buckets": 131072, "Hash Batches": 1, "Original Hash Batches": 1, "Peak Memory Usage": 4297, "Plans": [{"Node Type": "Index Scan", "Parent Relationship": "Outer", "Scan Direction": "Forward", "Index Name": "supplier_pkey", "Relation Name": "supplier", "Alias": "supplier", "Startup Cost": 0.0, "Total Cost": 5334.54, "Plan Rows": 100000, "Plan Width": 12, "Actual Startup Time": 0.02, "Actual Total Time": 80.696, "Actual Rows": 100000, "Actual Loops": 1}]}]}]}]}, "Triggers": [], "Planner Runtime": 5.157, "Total Runtime": 17222.23, "Unique SQL Id": 1392561963}}, "(64, 102)": {"explain_plan": {"Plan": {"Node Type": "Sort", "Startup Cost": 2457247.05, "Total Cost": 2457247.11, "Plan Rows": 25, "Plan Width": 50, "Sort Key": ["(sum((lineitem.l_extendedprice * (1::double precision - lineitem.l_discount)))) DESC"], "Plans": [{"Node Type": "Aggregate", "Strategy": "Hashed", "Parent Relationship": "Outer", "Startup Cost": 2457246.22, "Total Cost": 2457246.47, "Plan Rows": 25, "Plan Width": 50, "Group By Key": ["nation.n_name"], "Plans": [{"Node Type": "Hash Join", "Parent Relationship": "Outer", "Join Type": "Inner", "Startup Cost": 104058.84, "Total Cost": 2457152.32, "Plan Rows": 9390, "Plan Width": 42, "Inner Unique": true, "Hash Cond": "((lineitem.l_suppkey = supplier.s_suppkey) AND (customer.c_nationkey = supplier.s_nationkey))", "Plans": [{"Node Type": "Nested Loop", "Parent Relationship": "Outer", "Join Type": "Inner", "Startup Cost": 99275.84, "Total Cost": 2424608.31, "Plan Rows": 3688948, "Plan Width": 58, "Inner Unique": false, "Plans": [{"Node Type": "Hash Join", "Parent Relationship": "Outer", "Join Type": "Inner", "Startup Cost": 99275.12, "Total Cost": 422539.98, "Plan Rows": 406290, "Plan Width": 42, "Inner Unique": false, "Hash Cond": "(orders.o_custkey = customer.c_custkey), (LLVM Optimized)", "Plans": [{"Node Type": "Bitmap Heap Scan", "Parent Relationship": "Outer", "Relation Name": "orders", "Alias": "orders", "Startup Cost": 58360.27, "Total Cost": 369005.64, "Plan Rows": 2281758, "Plan Width": 16, "Recheck Cond": "((o_orderdate >= '1994-01-01 00:00:00'::timestamp(0) without time zone) AND (o_orderdate < '1995-01-01 00:00:00'::timestamp without time zone)), (LLVM Optimized)", "Plans": [{"Node Type": "Bitmap Index Scan", "Parent Relationship": "Outer", "Index Name": "idx_orders_orderdate", "Startup Cost": 0.0, "Total Cost": 57789.83, "Plan Rows": 2281758, "Plan Width": 0, "Index Cond": "((o_orderdate >= '1994-01-01 00:00:00'::timestamp(0) without time zone) AND (o_orderdate < '1995-01-01 00:00:00'::timestamp without time zone))"}]}, {"Node Type": "Hash", "Parent Relationship": "Inner", "Startup Cost": 37164.85, "Total Cost": 37164.85, "Plan Rows": 300000, "Plan Width": 42, "Plans": [{"Node Type": "Nested Loop", "Parent Relationship": "Outer", "Join Type": "Inner", "Startup Cost": 1031.44, "Total Cost": 37164.85, "Plan Rows": 300000, "Plan Width": 42, "Inner Unique": false, "Plans": [{"Node Type": "Hash Join", "Parent Relationship": "Outer", "Join Type": "Inner", "Startup Cost": 1.07, "Total Cost": 2.44, "Plan Rows": 5, "Plan Width": 30, "Inner Unique": true, "Hash Cond": "(nation.n_regionkey = region.r_regionkey)", "Plans": [{"Node Type": "Seq Scan", "Parent Relationship": "Outer", "Relation Name": "nation", "Alias": "nation", "Startup Cost": 0.0, "Total Cost": 1.25, "Plan Rows": 25, "Plan Width": 34}, {"Node Type": "Hash", "Parent Relationship": "Inner", "Startup Cost": 1.06, "Total Cost": 1.06, "Plan Rows": 1, "Plan Width": 4, "Plans": [{"Node Type": "Seq Scan", "Parent Relationship": "Outer", "Relation Name": "region", "Alias": "region", "Startup Cost": 0.0, "Total Cost": 1.06, "Plan Rows": 1, "Plan Width": 4, "Filter": "(r_name = 'MIDDLE EAST'::bpchar)"}]}]}, {"Node Type": "Bitmap Heap Scan", "Parent Relationship": "Inner", "Relation Name": "customer", "Alias": "customer", "Startup Cost": 1030.37, "Total Cost": 6832.48, "Plan Rows": 60000, "Plan Width": 12, "Recheck Cond": "(c_nationkey = nation.n_nationkey)", "Plans": [{"Node Type": "Bitmap Index Scan", "Parent Relationship": "Outer", "Index Name": "idx_customer_nationkey", "Startup Cost": 0.0, "Total Cost": 1015.37, "Plan Rows": 60000, "Plan Width": 0, "Index Cond": "(c_nationkey = nation.n_nationkey)"}]}]}]}]}, {"Node Type": "Bitmap Heap Scan", "Parent Relationship": "Inner", "Relation Name": "lineitem", "Alias": "lineitem", "Startup Cost": 0.73, "Total Cost": 4.84, "Plan Rows": 9, "Plan Width": 32, "Recheck Cond": "(l_orderkey = orders.o_orderkey)", "Plans": [{"Node Type": "Bitmap Index Scan", "Parent Relationship": "Outer", "Index Name": "idx_lineitem_orderkey", "Startup Cost": 0.0, "Total Cost": 0.72, "Plan Rows": 9, "Plan Width": 0, "Index Cond": "(l_orderkey = orders.o_orderkey)"}]}]}, {"Node Type": "Hash", "Parent Relationship": "Inner", "Startup Cost": 3283.0, "Total Cost": 3283.0, "Plan Rows": 100000, "Plan Width": 12, "Plans": [{"Node Type": "Seq Scan", "Parent Relationship": "Outer", "Relation Name": "supplier", "Alias": "supplier", "Startup Cost": 0.0, "Total Cost": 3283.0, "Plan Rows": 100000, "Plan Width": 12}]}]}]}]}, "Unique SQL Id": 1392561963}, "explain_analyze_plan": {"Plan": {"Node Type": "Sort", "Startup Cost": 2457247.05, "Total Cost": 2457247.11, "Plan Rows": 25, "Plan Width": 50, "Actual Startup Time": 9892.981, "Actual Total Time": 9892.982, "Actual Rows": 5, "Actual Loops": 1, "Sort Key": ["(sum((lineitem.l_extendedprice * (1::double precision - lineitem.l_discount)))) DESC"], "Sort Method": "quicksort", "Sort Space Used": 25, "Sort Space Type": "Memory", "Plans": [{"Node Type": "Aggregate", "Strategy": "Hashed", "Parent Relationship": "Outer", "Startup Cost": 2457246.22, "Total Cost": 2457246.47, "Plan Rows": 25, "Plan Width": 50, "Actual Startup Time": 9892.948, "Actual Total Time": 9892.949, "Actual Rows": 5, "Actual Loops": 1, "Group By Key": ["nation.n_name"], "Plans": [{"Node Type": "Hash Join", "Parent Relationship": "Outer", "Join Type": "Inner", "Startup Cost": 104058.84, "Total Cost": 2457152.32, "Plan Rows": 9390, "Plan Width": 42, "Actual Startup Time": 1460.536, "Actual Total Time": 9816.959, "Actual Rows": 72985, "Actual Loops": 1, "Inner Unique": true, "Hash Cond": "((lineitem.l_suppkey = supplier.s_suppkey) AND (customer.c_nationkey = supplier.s_nationkey))", "Plans": [{"Node Type": "Nested Loop", "Parent Relationship": "Outer", "Join Type": "Inner", "Startup Cost": 99275.84, "Total Cost": 2424608.31, "Plan Rows": 3688948, "Plan Width": 58, "Actual Startup Time": 1393.628, "Actual Total Time": 9046.788, "Actual Rows": 1815222, "Actual Loops": 1, "Inner Unique": false, "Plans": [{"Node Type": "Hash Join", "Parent Relationship": "Outer", "Join Type": "Inner", "Startup Cost": 99275.12, "Total Cost": 422539.98, "Plan Rows": 406290, "Plan Width": 42, "Actual Startup Time": 1393.568, "Actual Total Time": 4081.354, "Actual Rows": 454183, "Actual Loops": 1, "Inner Unique": false, "Hash Cond": "(orders.o_custkey = customer.c_custkey), (LLVM Optimized, Jit Execute)", "Plans": [{"Node Type": "Bitmap Heap Scan", "Parent Relationship": "Outer", "Relation Name": "orders", "Alias": "orders", "Startup Cost": 58360.27, "Total Cost": 369005.64, "Plan Rows": 2281758, "Plan Width": 16, "Actual Startup Time": 793.807, "Actual Total Time": 2432.74, "Actual Rows": 2275919, "Actual Loops": 1, "Recheck Cond": "((o_orderdate >= '1994-01-01 00:00:00'::timestamp(0) without time zone) AND (o_orderdate < '1995-01-01 00:00:00'::timestamp without time zone)), (LLVM Optimized, Jit Execute)", "Rows Removed by Index Recheck": 0, "Exact Heap Blocks": 276381, "Lossy Heap Blocks": 276381, "Plans": [{"Node Type": "Bitmap Index Scan", "Parent Relationship": "Outer", "Index Name": "idx_orders_orderdate", "Startup Cost": 0.0, "Total Cost": 57789.83, "Plan Rows": 2281758, "Plan Width": 0, "Actual Startup Time": 694.69, "Actual Total Time": 694.69, "Actual Rows": 2275919, "Actual Loops": 1, "Index Cond": "((o_orderdate >= '1994-01-01 00:00:00'::timestamp(0) without time zone) AND (o_orderdate < '1995-01-01 00:00:00'::timestamp without time zone))"}]}, {"Node Type": "Hash", "Parent Relationship": "Inner", "Startup Cost": 37164.85, "Total Cost": 37164.85, "Plan Rows": 300000, "Plan Width": 42, "Actual Startup Time": 599.316, "Actual Total Time": 599.316, "Actual Rows": 299838, "Actual Loops": 1, "Hash Buckets": 524288, "Hash Batches": 1, "Original Hash Batches": 1, "Peak Memory Usage": 22254, "Plans": [{"Node Type": "Nested Loop", "Parent Relationship": "Outer", "Join Type": "Inner", "Startup Cost": 1031.44, "Total Cost": 37164.85, "Plan Rows": 300000, "Plan Width": 42, "Actual Startup Time": 18.061, "Actual Total Time": 491.225, "Actual Rows": 299838, "Actual Loops": 1, "Inner Unique": false, "Plans": [{"Node Type": "Hash Join", "Parent Relationship": "Outer", "Join Type": "Inner", "Startup Cost": 1.07, "Total Cost": 2.44, "Plan Rows": 5, "Plan Width": 30, "Actual Startup Time": 0.093, "Actual Total Time": 0.166, "Actual Rows": 5, "Actual Loops": 1, "Inner Unique": true, "Hash Cond": "(nation.n_regionkey = region.r_regionkey)", "Plans": [{"Node Type": "Seq Scan", "Parent Relationship": "Outer", "Relation Name": "nation", "Alias": "nation", "Startup Cost": 0.0, "Total Cost": 1.25, "Plan Rows": 25, "Plan Width": 34, "Actual Startup Time": 0.018, "Actual Total Time": 0.04, "Actual Rows": 25, "Actual Loops": 1}, {"Node Type": "Hash", "Parent Relationship": "Inner", "Startup Cost": 1.06, "Total Cost": 1.06, "Plan Rows": 1, "Plan Width": 4, "Actual Startup Time": 0.033, "Actual Total Time": 0.033, "Actual Rows": 1, "Actual Loops": 1, "Hash Buckets": 32768, "Hash Batches": 1, "Original Hash Batches": 1, "Peak Memory Usage": 1, "Plans": [{"Node Type": "Seq Scan", "Parent Relationship": "Outer", "Relation Name": "region", "Alias": "region", "Startup Cost": 0.0, "Total Cost": 1.06, "Plan Rows": 1, "Plan Width": 4, "Actual Startup Time": 0.026, "Actual Total Time": 0.027, "Actual Rows": 1, "Actual Loops": 1, "Filter": "(r_name = 'MIDDLE EAST'::bpchar)", "Rows Removed by Filter": 4}]}]}, {"Node Type": "Bitmap Heap Scan", "Parent Relationship": "Inner", "Relation Name": "customer", "Alias": "customer", "Startup Cost": 1030.37, "Total Cost": 6832.48, "Plan Rows": 60000, "Plan Width": 12, "Actual Startup Time": 89.306, "Actual Total Time": 422.918, "Actual Rows": 299838, "Actual Loops": 5, "Recheck Cond": "(c_nationkey = nation.n_nationkey)", "Rows Removed by Index Recheck": 0, "Exact Heap Blocks": 150033, "Lossy Heap Blocks": 150033, "Plans": [{"Node Type": "Bitmap Index Scan", "Parent Relationship": "Outer", "Index Name": "idx_customer_nationkey", "Startup Cost": 0.0, "Total Cost": 1015.37, "Plan Rows": 60000, "Plan Width": 0, "Actual Startup Time": 56.368, "Actual Total Time": 56.368, "Actual Rows": 299838, "Actual Loops": 5, "Index Cond": "(c_nationkey = nation.n_nationkey)"}]}]}]}]}, {"Node Type": "Bitmap Heap Scan", "Parent Relationship": "Inner", "Relation Name": "lineitem", "Alias": "lineitem", "Startup Cost": 0.73, "Total Cost": 4.84, "Plan Rows": 9, "Plan Width": 32, "Actual Startup Time": 3737.424, "Actual Total Time": 4055.724, "Actual Rows": 1815222, "Actual Loops": 454183, "Recheck Cond": "(l_orderkey = orders.o_orderkey)", "Rows Removed by Index Recheck": 0, "Exact Heap Blocks": 486530, "Lossy Heap Blocks": 486530, "Plans": [{"Node Type": "Bitmap Index Scan", "Parent Relationship": "Outer", "Index Name": "idx_lineitem_orderkey", "Startup Cost": 0.0, "Total Cost": 0.72, "Plan Rows": 9, "Plan Width": 0, "Actual Startup Time": 2054.09, "Actual Total Time": 2054.09, "Actual Rows": 1815222, "Actual Loops": 454183, "Index Cond": "(l_orderkey = orders.o_orderkey)"}]}]}, {"Node Type": "Hash", "Parent Relationship": "Inner", "Startup Cost": 3283.0, "Total Cost": 3283.0, "Plan Rows": 100000, "Plan Width": 12, "Actual Startup Time": 66.741, "Actual Total Time": 66.741, "Actual Rows": 100000, "Actual Loops": 1, "Hash Buckets": 131072, "Hash Batches": 1, "Original Hash Batches": 1, "Peak Memory Usage": 4297, "Plans": [{"Node Type": "Seq Scan", "Parent Relationship": "Outer", "Relation Name": "supplier", "Alias": "supplier", "Startup Cost": 0.0, "Total Cost": 3283.0, "Plan Rows": 100000, "Plan Width": 12, "Actual Startup Time": 0.031, "Actual Total Time": 36.048, "Actual Rows": 100000, "Actual Loops": 1}]}]}]}]}, "Triggers": [], "Planner Runtime": 8.794, "Total Runtime": 9903.122, "Unique SQL Id": 1392561963}}, "(64, 103)": {"explain_plan": {"Plan": {"Node Type": "Sort", "Startup Cost": 46003135.57, "Total Cost": 46003135.63, "Plan Rows": 25, "Plan Width": 50, "Sort Key": ["(sum((lineitem.l_extendedprice * (1::double precision - lineitem.l_discount)))) DESC"], "Plans": [{"Node Type": "Aggregate", "Strategy": "Hashed", "Parent Relationship": "Outer", "Startup Cost": 46003134.74, "Total Cost": 46003134.99, "Plan Rows": 25, "Plan Width": 50, "Group By Key": ["nation.n_name"], "Plans": [{"Node Type": "Nested Loop", "Parent Relationship": "Outer", "Join Type": "Inner", "Startup Cost": 58362.35, "Total Cost": 46003040.84, "Plan Rows": 9390, "Plan Width": 42, "Inner Unique": true, "Join Filter": "(customer.c_nationkey = supplier.s_nationkey)", "Plans": [{"Node Type": "Nested Loop", "Parent Relationship": "Outer", "Join Type": "Inner", "Startup Cost": 58362.1, "Total Cost": 30204103.6, "Plan Rows": 3688948, "Plan Width": 58, "Inner Unique": false, "Plans": [{"Node Type": "Nested Loop", "Parent Relationship": "Outer", "Join Type": "Inner", "Startup Cost": 58361.37, "Total Cost": 28202035.27, "Plan Rows": 406290, "Plan Width": 42, "Inner Unique": true, "Plans": [{"Node Type": "Nested Loop", "Parent Relationship": "Outer", "Join Type": "Inner", "Startup Cost": 58360.79, "Total Cost": 18851769.58, "Plan Rows": 2031452, "Plan Width": 46, "Inner Unique": true, "Plans": [{"Node Type": "Nested Loop", "Parent Relationship": "Outer", "Join Type": "Inner", "Startup Cost": 58360.54, "Total Cost": 10156636.32, "Plan Rows": 2031452, "Plan Width": 12, "Inner Unique": true, "Plans": [{"Node Type": "Bitmap Heap Scan", "Parent Relationship": "Outer", "Relation Name": "orders", "Alias": "orders", "Startup Cost": 58360.27, "Total Cost": 369005.64, "Plan Rows": 2281758, "Plan Width": 16, "Recheck Cond": "((o_orderdate >= '1994-01-01 00:00:00'::timestamp(0) without time zone) AND (o_orderdate < '1995-01-01 00:00:00'::timestamp without time zone)), (LLVM Optimized)", "Plans": [{"Node Type": "Bitmap Index Scan", "Parent Relationship": "Outer", "Index Name": "idx_orders_orderdate", "Startup Cost": 0.0, "Total Cost": 57789.83, "Plan Rows": 2281758, "Plan Width": 0, "Index Cond": "((o_orderdate >= '1994-01-01 00:00:00'::timestamp(0) without time zone) AND (o_orderdate < '1995-01-01 00:00:00'::timestamp without time zone))"}]}, {"Node Type": "Bitmap Heap Scan", "Parent Relationship": "Inner", "Relation Name": "customer", "Alias": "customer", "Startup Cost": 0.27, "Total Cost": 4.28, "Plan Rows": 1, "Plan Width": 12, "Recheck Cond": "(c_custkey = orders.o_custkey)", "Plans": [{"Node Type": "Bitmap Index Scan", "Parent Relationship": "Outer", "Index Name": "customer_pkey", "Startup Cost": 0.0, "Total Cost": 0.27, "Plan Rows": 1, "Plan Width": 0, "Index Cond": "(c_custkey = orders.o_custkey)"}]}]}, {"Node Type": "Bitmap Heap Scan", "Parent Relationship": "Inner", "Relation Name": "nation", "Alias": "nation", "Startup Cost": 0.26, "Total Cost": 4.27, "Plan Rows": 1, "Plan Width": 34, "Recheck Cond": "(n_nationkey = customer.c_nationkey)", "Plans": [{"Node Type": "Bitmap Index Scan", "Parent Relationship": "Outer", "Index Name": "nation_pkey", "Startup Cost": 0.0, "Total Cost": 0.26, "Plan Rows": 1, "Plan Width": 0, "Index Cond": "(n_nationkey = customer.c_nationkey)"}]}]}, {"Node Type": "Bitmap Heap Scan", "Parent Relationship": "Inner", "Relation Name": "region", "Alias": "region", "Startup Cost": 0.58, "Total Cost": 4.59, "Plan Rows": 1, "Plan Width": 4, "Recheck Cond": "(r_regionkey = nation.n_regionkey)", "Filter": "(r_name = 'MIDDLE EAST'::bpchar)", "Plans": [{"Node Type": "Bitmap Index Scan", "Parent Relationship": "Outer", "Index Name": "region_pkey", "Startup Cost": 0.0, "Total Cost": 0.58, "Plan Rows": 1, "Plan Width": 0, "Index Cond": "(r_regionkey = nation.n_regionkey)"}]}]}, {"Node Type": "Bitmap Heap Scan", "Parent Relationship": "Inner", "Relation Name": "lineitem", "Alias": "lineitem", "Startup Cost": 0.73, "Total Cost": 4.84, "Plan Rows": 9, "Plan Width": 32, "Recheck Cond": "(l_orderkey = orders.o_orderkey)", "Plans": [{"Node Type": "Bitmap Index Scan", "Parent Relationship": "Outer", "Index Name": "idx_lineitem_orderkey", "Startup Cost": 0.0, "Total Cost": 0.72, "Plan Rows": 9, "Plan Width": 0, "Index Cond": "(l_orderkey = orders.o_orderkey)"}]}]}, {"Node Type": "Bitmap Heap Scan", "Parent Relationship": "Inner", "Relation Name": "supplier", "Alias": "supplier", "Startup Cost": 0.26, "Total Cost": 4.27, "Plan Rows": 1, "Plan Width": 12, "Recheck Cond": "(s_suppkey = lineitem.l_suppkey)", "Plans": [{"Node Type": "Bitmap Index Scan", "Parent Relationship": "Outer", "Index Name": "supplier_pkey", "Startup Cost": 0.0, "Total Cost": 0.26, "Plan Rows": 1, "Plan Width": 0, "Index Cond": "(s_suppkey = lineitem.l_suppkey)"}]}]}]}]}, "Unique SQL Id": 1392561963}, "explain_analyze_plan": null}, "(64, 104)": {"explain_plan": {"Plan": {"Node Type": "Sort", "Startup Cost": 1725085.77, "Total Cost": 1725085.83, "Plan Rows": 25, "Plan Width": 50, "Sort Key": ["(sum((lineitem.l_extendedprice * (1::double precision - lineitem.l_discount)))) DESC"], "Plans": [{"Node Type": "Aggregate", "Strategy": "Hashed", "Parent Relationship": "Outer", "Startup Cost": 1725084.93, "Total Cost": 1725085.18, "Plan Rows": 25, "Plan Width": 50, "Group By Key": ["nation.n_name"], "Plans": [{"Node Type": "Hash Join", "Parent Relationship": "Outer", "Join Type": "Inner", "Startup Cost": 4783.0, "Total Cost": 1724991.03, "Plan Rows": 9390, "Plan Width": 42, "Inner Unique": true, "Hash Cond": "((lineitem.l_suppkey = supplier.s_suppkey) AND (customer.c_nationkey = supplier.s_nationkey))", "Plans": [{"Node Type": "Nested Loop", "Parent Relationship": "Outer", "Join Type": "Inner", "Startup Cost": 0.0, "Total Cost": 1692447.02, "Plan Rows": 3688948, "Plan Width": 58, "Inner Unique": false, "Plans": [{"Node Type": "Nested Loop", "Parent Relationship": "Outer", "Join Type": "Inner", "Startup Cost": 0.0, "Total Cost": 416652.61, "Plan Rows": 406290, "Plan Width": 42, "Inner Unique": false, "Plans": [{"Node Type": "Nested Loop", "Parent Relationship": "Outer", "Join Type": "Inner", "Startup Cost": 0.0, "Total Cost": 41543.81, "Plan Rows": 300000, "Plan Width": 42, "Inner Unique": false, "Plans": [{"Node Type": "Nested Loop", "Parent Relationship": "Outer", "Join Type": "Inner", "Startup Cost": 0.0, "Total Cost": 31.69, "Plan Rows": 5, "Plan Width": 30, "Inner Unique": true, "Plans": [{"Node Type": "Index Scan", "Parent Relationship": "Outer", "Scan Direction": "Forward", "Index Name": "nation_pkey", "Relation Name": "nation", "Alias": "nation", "Startup Cost": 0.0, "Total Cost": 12.62, "Plan Rows": 25, "Plan Width": 34}, {"Node Type": "Index Scan", "Parent Relationship": "Inner", "Scan Direction": "Forward", "Index Name": "region_pkey", "Relation Name": "region", "Alias": "region", "Startup Cost": 0.0, "Total Cost": 0.75, "Plan Rows": 1, "Plan Width": 4, "Index Cond": "(r_regionkey = nation.n_regionkey)", "Filter": "(r_name = 'MIDDLE EAST'::bpchar)"}]}, {"Node Type": "Index Scan", "Parent Relationship": "Inner", "Scan Direction": "Forward", "Index Name": "idx_customer_nationkey", "Relation Name": "customer", "Alias": "customer", "Startup Cost": 0.0, "Total Cost": 7702.43, "Plan Rows": 60000, "Plan Width": 12, "Index Cond": "(c_nationkey = nation.n_nationkey)"}]}, {"Node Type": "Index Scan", "Parent Relationship": "Inner", "Scan Direction": "Forward", "Index Name": "idx_orders_custkey", "Relation Name": "orders", "Alias": "orders", "Startup Cost": 0.0, "Total Cost": 1.24, "Plan Rows": 1, "Plan Width": 16, "Index Cond": "(o_custkey = customer.c_custkey)", "Filter": "((o_orderdate >= '1994-01-01 00:00:00'::timestamp(0) without time zone) AND (o_orderdate < '1995-01-01 00:00:00'::timestamp without time zone))"}]}, {"Node Type": "Index Scan", "Parent Relationship": "Inner", "Scan Direction": "Forward", "Index Name": "idx_lineitem_orderkey", "Relation Name": "lineitem", "Alias": "lineitem", "Startup Cost": 0.0, "Total Cost": 3.05, "Plan Rows": 9, "Plan Width": 32, "Index Cond": "(l_orderkey = orders.o_orderkey)"}]}, {"Node Type": "Hash", "Parent Relationship": "Inner", "Startup Cost": 3283.0, "Total Cost": 3283.0, "Plan Rows": 100000, "Plan Width": 12, "Plans": [{"Node Type": "Seq Scan", "Parent Relationship": "Outer", "Relation Name": "supplier", "Alias": "supplier", "Startup Cost": 0.0, "Total Cost": 3283.0, "Plan Rows": 100000, "Plan Width": 12}]}]}]}]}, "Unique SQL Id": 1392561963}, "explain_analyze_plan": {"Plan": {"Node Type": "Sort", "Startup Cost": 1725085.77, "Total Cost": 1725085.83, "Plan Rows": 25, "Plan Width": 50, "Actual Startup Time": 16275.75, "Actual Total Time": 16275.751, "Actual Rows": 5, "Actual Loops": 1, "Sort Key": ["(sum((lineitem.l_extendedprice * (1::double precision - lineitem.l_discount)))) DESC"], "Sort Method": "quicksort", "Sort Space Used": 25, "Sort Space Type": "Memory", "Plans": [{"Node Type": "Aggregate", "Strategy": "Hashed", "Parent Relationship": "Outer", "Startup Cost": 1725084.93, "Total Cost": 1725085.18, "Plan Rows": 25, "Plan Width": 50, "Actual Startup Time": 16275.718, "Actual Total Time": 16275.72, "Actual Rows": 5, "Actual Loops": 1, "Group By Key": ["nation.n_name"], "Plans": [{"Node Type": "Hash Join", "Parent Relationship": "Outer", "Join Type": "Inner", "Startup Cost": 4783.0, "Total Cost": 1724991.03, "Plan Rows": 9390, "Plan Width": 42, "Actual Startup Time": 69.982, "Actual Total Time": 16195.72, "Actual Rows": 72985, "Actual Loops": 1, "Inner Unique": true, "Hash Cond": "((lineitem.l_suppkey = supplier.s_suppkey) AND (customer.c_nationkey = supplier.s_nationkey))", "Plans": [{"Node Type": "Nested Loop", "Parent Relationship": "Outer", "Join Type": "Inner", "Startup Cost": 0.0, "Total Cost": 1692447.02, "Plan Rows": 3688948, "Plan Width": 58, "Actual Startup Time": 0.139, "Actual Total Time": 15307.269, "Actual Rows": 1815222, "Actual Loops": 1, "Inner Unique": false, "Plans": [{"Node Type": "Nested Loop", "Parent Relationship": "Outer", "Join Type": "Inner", "Startup Cost": 0.0, "Total Cost": 416652.61, "Plan Rows": 406290, "Plan Width": 42, "Actual Startup Time": 0.123, "Actual Total Time": 9405.638, "Actual Rows": 454183, "Actual Loops": 1, "Inner Unique": false, "Plans": [{"Node Type": "Nested Loop", "Parent Relationship": "Outer", "Join Type": "Inner", "Startup Cost": 0.0, "Total Cost": 41543.81, "Plan Rows": 300000, "Plan Width": 42, "Actual Startup Time": 0.077, "Actual Total Time": 518.382, "Actual Rows": 299838, "Actual Loops": 1, "Inner Unique": false, "Plans": [{"Node Type": "Nested Loop", "Parent Relationship": "Outer", "Join Type": "Inner", "Startup Cost": 0.0, "Total Cost": 31.69, "Plan Rows": 5, "Plan Width": 30, "Actual Startup Time": 0.052, "Actual Total Time": 0.212, "Actual Rows": 5, "Actual Loops": 1, "Inner Unique": true, "Plans": [{"Node Type": "Index Scan", "Parent Relationship": "Outer", "Scan Direction": "Forward", "Index Name": "nation_pkey", "Relation Name": "nation", "Alias": "nation", "Startup Cost": 0.0, "Total Cost": 12.62, "Plan Rows": 25, "Plan Width": 34, "Actual Startup Time": 0.017, "Actual Total Time": 0.049, "Actual Rows": 25, "Actual Loops": 1}, {"Node Type": "Index Scan", "Parent Relationship": "Inner", "Scan Direction": "Forward", "Index Name": "region_pkey", "Relation Name": "region", "Alias": "region", "Startup Cost": 0.0, "Total Cost": 0.75, "Plan Rows": 1, "Plan Width": 4, "Actual Startup Time": 0.114, "Actual Total Time": 0.114, "Actual Rows": 5, "Actual Loops": 25, "Index Cond": "(r_regionkey = nation.n_regionkey)", "Rows Removed by Index Recheck": 0, "Filter": "(r_name = 'MIDDLE EAST'::bpchar)", "Rows Removed by Filter": 20}]}, {"Node Type": "Index Scan", "Parent Relationship": "Inner", "Scan Direction": "Forward", "Index Name": "idx_customer_nationkey", "Relation Name": "customer", "Alias": "customer", "Startup Cost": 0.0, "Total Cost": 7702.43, "Plan Rows": 60000, "Plan Width": 12, "Actual Startup Time": 0.137, "Actual Total Time": 434.841, "Actual Rows": 299838, "Actual Loops": 5, "Index Cond": "(c_nationkey = nation.n_nationkey)", "Rows Removed by Index Recheck": 0}]}, {"Node Type": "Index Scan", "Parent Relationship": "Inner", "Scan Direction": "Forward", "Index Name": "idx_orders_custkey", "Relation Name": "orders", "Alias": "orders", "Startup Cost": 0.0, "Total Cost": 1.24, "Plan Rows": 1, "Plan Width": 16, "Actual Startup Time": 4078.942, "Actual Total Time": 8626.906, "Actual Rows": 454183, "Actual Loops": 299838, "Index Cond": "(o_custkey = customer.c_custkey)", "Rows Removed by Index Recheck": 0, "Filter": "((o_orderdate >= '1994-01-01 00:00:00'::timestamp(0) without time zone) AND (o_orderdate < '1995-01-01 00:00:00'::timestamp without time zone))", "Rows Removed by Filter": 2542535}]}, {"Node Type": "Index Scan", "Parent Relationship": "Inner", "Scan Direction": "Forward", "Index Name": "idx_lineitem_orderkey", "Relation Name": "lineitem", "Alias": "lineitem", "Startup Cost": 0.0, "Total Cost": 3.05, "Plan Rows": 9, "Plan Width": 32, "Actual Startup Time": 4293.199, "Actual Total Time": 5257.583, "Actual Rows": 1815222, "Actual Loops": 454183, "Index Cond": "(l_orderkey = orders.o_orderkey)", "Rows Removed by Index Recheck": 0}]}, {"Node Type": "Hash", "Parent Relationship": "Inner", "Startup Cost": 3283.0, "Total Cost": 3283.0, "Plan Rows": 100000, "Plan Width": 12, "Actual Startup Time": 69.572, "Actual Total Time": 69.572, "Actual Rows": 100000, "Actual Loops": 1, "Hash Buckets": 131072, "Hash Batches": 1, "Original Hash Batches": 1, "Peak Memory Usage": 4297, "Plans": [{"Node Type": "Seq Scan", "Parent Relationship": "Outer", "Relation Name": "supplier", "Alias": "supplier", "Startup Cost": 0.0, "Total Cost": 3283.0, "Plan Rows": 100000, "Plan Width": 12, "Actual Startup Time": 0.018, "Actual Total Time": 36.291, "Actual Rows": 100000, "Actual Loops": 1}]}]}]}]}, "Triggers": [], "Planner Runtime": 9.107, "Total Runtime": 16276.085, "Unique SQL Id": 1392561963}}, "(64, 105)": {"explain_plan": {"Plan": {"Node Type": "Sort", "Startup Cost": 1727137.31, "Total Cost": 1727137.37, "Plan Rows": 25, "Plan Width": 50, "Sort Key": ["(sum((lineitem.l_extendedprice * (1::double precision - lineitem.l_discount)))) DESC"], "Plans": [{"Node Type": "Aggregate", "Strategy": "Hashed", "Parent Relationship": "Outer", "Startup Cost": 1727136.48, "Total Cost": 1727136.73, "Plan Rows": 25, "Plan Width": 50, "Group By Key": ["nation.n_name"], "Plans": [{"Node Type": "Hash Join", "Parent Relationship": "Outer", "Join Type": "Inner", "Startup Cost": 6834.54, "Total Cost": 1727042.58, "Plan Rows": 9390, "Plan Width": 42, "Inner Unique": true, "Hash Cond": "((lineitem.l_suppkey = supplier.s_suppkey) AND (customer.c_nationkey = supplier.s_nationkey))", "Plans": [{"Node Type": "Nested Loop", "Parent Relationship": "Outer", "Join Type": "Inner", "Startup Cost": 0.0, "Total Cost": 1692447.02, "Plan Rows": 3688948, "Plan Width": 58, "Inner Unique": false, "Plans": [{"Node Type": "Nested Loop", "Parent Relationship": "Outer", "Join Type": "Inner", "Startup Cost": 0.0, "Total Cost": 416652.61, "Plan Rows": 406290, "Plan Width": 42, "Inner Unique": false, "Plans": [{"Node Type": "Nested Loop", "Parent Relationship": "Outer", "Join Type": "Inner", "Startup Cost": 0.0, "Total Cost": 41543.81, "Plan Rows": 300000, "Plan Width": 42, "Inner Unique": false, "Plans": [{"Node Type": "Nested Loop", "Parent Relationship": "Outer", "Join Type": "Inner", "Startup Cost": 0.0, "Total Cost": 31.69, "Plan Rows": 5, "Plan Width": 30, "Inner Unique": true, "Plans": [{"Node Type": "Index Scan", "Parent Relationship": "Outer", "Scan Direction": "Forward", "Index Name": "nation_pkey", "Relation Name": "nation", "Alias": "nation", "Startup Cost": 0.0, "Total Cost": 12.62, "Plan Rows": 25, "Plan Width": 34}, {"Node Type": "Index Scan", "Parent Relationship": "Inner", "Scan Direction": "Forward", "Index Name": "region_pkey", "Relation Name": "region", "Alias": "region", "Startup Cost": 0.0, "Total Cost": 0.75, "Plan Rows": 1, "Plan Width": 4, "Index Cond": "(r_regionkey = nation.n_regionkey)", "Filter": "(r_name = 'MIDDLE EAST'::bpchar)"}]}, {"Node Type": "Index Scan", "Parent Relationship": "Inner", "Scan Direction": "Forward", "Index Name": "idx_customer_nationkey", "Relation Name": "customer", "Alias": "customer", "Startup Cost": 0.0, "Total Cost": 7702.43, "Plan Rows": 60000, "Plan Width": 12, "Index Cond": "(c_nationkey = nation.n_nationkey)"}]}, {"Node Type": "Index Scan", "Parent Relationship": "Inner", "Scan Direction": "Forward", "Index Name": "idx_orders_custkey", "Relation Name": "orders", "Alias": "orders", "Startup Cost": 0.0, "Total Cost": 1.24, "Plan Rows": 1, "Plan Width": 16, "Index Cond": "(o_custkey = customer.c_custkey)", "Filter": "((o_orderdate >= '1994-01-01 00:00:00'::timestamp(0) without time zone) AND (o_orderdate < '1995-01-01 00:00:00'::timestamp without time zone))"}]}, {"Node Type": "Index Scan", "Parent Relationship": "Inner", "Scan Direction": "Forward", "Index Name": "idx_lineitem_orderkey", "Relation Name": "lineitem", "Alias": "lineitem", "Startup Cost": 0.0, "Total Cost": 3.05, "Plan Rows": 9, "Plan Width": 32, "Index Cond": "(l_orderkey = orders.o_orderkey)"}]}, {"Node Type": "Hash", "Parent Relationship": "Inner", "Startup Cost": 5334.54, "Total Cost": 5334.54, "Plan Rows": 100000, "Plan Width": 12, "Plans": [{"Node Type": "Index Scan", "Parent Relationship": "Outer", "Scan Direction": "Forward", "Index Name": "supplier_pkey", "Relation Name": "supplier", "Alias": "supplier", "Startup Cost": 0.0, "Total Cost": 5334.54, "Plan Rows": 100000, "Plan Width": 12}]}]}]}]}, "Unique SQL Id": 1392561963}, "explain_analyze_plan": {"Plan": {"Node Type": "Sort", "Startup Cost": 1727137.31, "Total Cost": 1727137.37, "Plan Rows": 25, "Plan Width": 50, "Actual Startup Time": 16675.016, "Actual Total Time": 16675.017, "Actual Rows": 5, "Actual Loops": 1, "Sort Key": ["(sum((lineitem.l_extendedprice * (1::double precision - lineitem.l_discount)))) DESC"], "Sort Method": "quicksort", "Sort Space Used": 25, "Sort Space Type": "Memory", "Plans": [{"Node Type": "Aggregate", "Strategy": "Hashed", "Parent Relationship": "Outer", "Startup Cost": 1727136.48, "Total Cost": 1727136.73, "Plan Rows": 25, "Plan Width": 50, "Actual Startup Time": 16674.985, "Actual Total Time": 16674.986, "Actual Rows": 5, "Actual Loops": 1, "Group By Key": ["nation.n_name"], "Plans": [{"Node Type": "Hash Join", "Parent Relationship": "Outer", "Join Type": "Inner", "Startup Cost": 6834.54, "Total Cost": 1727042.58, "Plan Rows": 9390, "Plan Width": 42, "Actual Startup Time": 92.413, "Actual Total Time": 16594.512, "Actual Rows": 72985, "Actual Loops": 1, "Inner Unique": true, "Hash Cond": "((lineitem.l_suppkey = supplier.s_suppkey) AND (customer.c_nationkey = supplier.s_nationkey))", "Plans": [{"Node Type": "Nested Loop", "Parent Relationship": "Outer", "Join Type": "Inner", "Startup Cost": 0.0, "Total Cost": 1692447.02, "Plan Rows": 3688948, "Plan Width": 58, "Actual Startup Time": 0.129, "Actual Total Time": 15681.855, "Actual Rows": 1815222, "Actual Loops": 1, "Inner Unique": false, "Plans": [{"Node Type": "Nested Loop", "Parent Relationship": "Outer", "Join Type": "Inner", "Startup Cost": 0.0, "Total Cost": 416652.61, "Plan Rows": 406290, "Plan Width": 42, "Actual Startup Time": 0.115, "Actual Total Time": 9716.153, "Actual Rows": 454183, "Actual Loops": 1, "Inner Unique": false, "Plans": [{"Node Type": "Nested Loop", "Parent Relationship": "Outer", "Join Type": "Inner", "Startup Cost": 0.0, "Total Cost": 41543.81, "Plan Rows": 300000, "Plan Width": 42, "Actual Startup Time": 0.069, "Actual Total Time": 537.477, "Actual Rows": 299838, "Actual Loops": 1, "Inner Unique": false, "Plans": [{"Node Type": "Nested Loop", "Parent Relationship": "Outer", "Join Type": "Inner", "Startup Cost": 0.0, "Total Cost": 31.69, "Plan Rows": 5, "Plan Width": 30, "Actual Startup Time": 0.043, "Actual Total Time": 0.271, "Actual Rows": 5, "Actual Loops": 1, "Inner Unique": true, "Plans": [{"Node Type": "Index Scan", "Parent Relationship": "Outer", "Scan Direction": "Forward", "Index Name": "nation_pkey", "Relation Name": "nation", "Alias": "nation", "Startup Cost": 0.0, "Total Cost": 12.62, "Plan Rows": 25, "Plan Width": 34, "Actual Startup Time": 0.013, "Actual Total Time": 0.115, "Actual Rows": 25, "Actual Loops": 1}, {"Node Type": "Index Scan", "Parent Relationship": "Inner", "Scan Direction": "Forward", "Index Name": "region_pkey", "Relation Name": "region", "Alias": "region", "Startup Cost": 0.0, "Total Cost": 0.75, "Plan Rows": 1, "Plan Width": 4, "Actual Startup Time": 0.1, "Actual Total Time": 0.1, "Actual Rows": 5, "Actual Loops": 25, "Index Cond": "(r_regionkey = nation.n_regionkey)", "Rows Removed by Index Recheck": 0, "Filter": "(r_name = 'MIDDLE EAST'::bpchar)", "Rows Removed by Filter": 20}]}, {"Node Type": "Index Scan", "Parent Relationship": "Inner", "Scan Direction": "Forward", "Index Name": "idx_customer_nationkey", "Relation Name": "customer", "Alias": "customer", "Startup Cost": 0.0, "Total Cost": 7702.43, "Plan Rows": 60000, "Plan Width": 12, "Actual Startup Time": 0.167, "Actual Total Time": 454.65, "Actual Rows": 299838, "Actual Loops": 5, "Index Cond": "(c_nationkey = nation.n_nationkey)", "Rows Removed by Index Recheck": 0}]}, {"Node Type": "Index Scan", "Parent Relationship": "Inner", "Scan Direction": "Forward", "Index Name": "idx_orders_custkey", "Relation Name": "orders", "Alias": "orders", "Startup Cost": 0.0, "Total Cost": 1.24, "Plan Rows": 1, "Plan Width": 16, "Actual Startup Time": 4218.636, "Actual Total Time": 8918.09, "Actual Rows": 454183, "Actual Loops": 299838, "Index Cond": "(o_custkey = customer.c_custkey)", "Rows Removed by Index Recheck": 0, "Filter": "((o_orderdate >= '1994-01-01 00:00:00'::timestamp(0) without time zone) AND (o_orderdate < '1995-01-01 00:00:00'::timestamp without time zone))", "Rows Removed by Filter": 2542535}]}, {"Node Type": "Index Scan", "Parent Relationship": "Inner", "Scan Direction": "Forward", "Index Name": "idx_lineitem_orderkey", "Relation Name": "lineitem", "Alias": "lineitem", "Startup Cost": 0.0, "Total Cost": 3.05, "Plan Rows": 9, "Plan Width": 32, "Actual Startup Time": 4352.14, "Actual Total Time": 5304.936, "Actual Rows": 1815222, "Actual Loops": 454183, "Index Cond": "(l_orderkey = orders.o_orderkey)", "Rows Removed by Index Recheck": 0}]}, {"Node Type": "Hash", "Parent Relationship": "Inner", "Startup Cost": 5334.54, "Total Cost": 5334.54, "Plan Rows": 100000, "Plan Width": 12, "Actual Startup Time": 92.07, "Actual Total Time": 92.07, "Actual Rows": 100000, "Actual Loops": 1, "Hash Buckets": 131072, "Hash Batches": 1, "Original Hash Batches": 1, "Peak Memory Usage": 4297, "Plans": [{"Node Type": "Index Scan", "Parent Relationship": "Outer", "Scan Direction": "Forward", "Index Name": "supplier_pkey", "Relation Name": "supplier", "Alias": "supplier", "Startup Cost": 0.0, "Total Cost": 5334.54, "Plan Rows": 100000, "Plan Width": 12, "Actual Startup Time": 0.019, "Actual Total Time": 59.658, "Actual Rows": 100000, "Actual Loops": 1}]}]}]}]}, "Triggers": [], "Planner Runtime": 8.668, "Total Runtime": 16675.325, "Unique SQL Id": 1392561963}}, "(64, 106)": {"explain_plan": {"Plan": {"Node Type": "Sort", "Startup Cost": 2891580.15, "Total Cost": 2891580.22, "Plan Rows": 25, "Plan Width": 50, "Sort Key": ["(sum((lineitem.l_extendedprice * (1::double precision - lineitem.l_discount)))) DESC"], "Plans": [{"Node Type": "Aggregate", "Strategy": "Hashed", "Parent Relationship": "Outer", "Startup Cost": 2891579.32, "Total Cost": 2891579.57, "Plan Rows": 25, "Plan Width": 50, "Group By Key": ["nation.n_name"], "Plans": [{"Node Type": "Hash Join", "Parent Relationship": "Outer", "Join Type": "Inner", "Startup Cost": 586755.18, "Total Cost": 2891485.42, "Plan Rows": 9390, "Plan Width": 42, "Inner Unique": true, "Hash Cond": "((lineitem.l_suppkey = supplier.s_suppkey) AND (customer.c_nationkey = supplier.s_nationkey))", "Plans": [{"Node Type": "Hash Join", "Parent Relationship": "Outer", "Join Type": "Inner", "Startup Cost": 581972.18, "Total Cost": 2858928.33, "Plan Rows": 3688948, "Plan Width": 58, "Inner Unique": false, "Hash Cond": "(lineitem.l_orderkey = orders.o_orderkey), (LLVM Optimized)", "Plans": [{"Node Type": "Seq Scan", "Parent Relationship": "Outer", "Relation Name": "lineitem", "Alias": "lineitem", "Startup Cost": 0.0, "Total Cost": 2015115.33, "Plan Rows": 59987033, "Plan Width": 32}, {"Node Type": "Hash", "Parent Relationship": "Inner", "Startup Cost": 576893.55, "Total Cost": 576893.55, "Plan Rows": 406290, "Plan Width": 42, "Plans": [{"Node Type": "Hash Join", "Parent Relationship": "Outer", "Join Type": "Inner", "Startup Cost": 63303.86, "Total Cost": 576893.55, "Plan Rows": 406290, "Plan Width": 42, "Inner Unique": false, "Hash Cond": "(orders.o_custkey = customer.c_custkey), (LLVM Optimized)", "Plans": [{"Node Type": "Seq Scan", "Parent Relationship": "Outer", "Relation Name": "orders", "Alias": "orders", "Startup Cost": 440.98, "Total Cost": 501411.18, "Plan Rows": 2281758, "Plan Width": 16, "Filter": "((o_orderdate >= '1994-01-01 00:00:00'::timestamp(0) without time zone) AND (o_orderdate < '1995-01-01 00:00:00'::timestamp without time zone)), (LLVM Optimized)"}, {"Node Type": "Hash", "Parent Relationship": "Inner", "Startup Cost": 59112.88, "Total Cost": 59112.88, "Plan Rows": 300000, "Plan Width": 42, "Plans": [{"Node Type": "Hash Join", "Parent Relationship": "Outer", "Join Type": "Inner", "Startup Cost": 2.5, "Total Cost": 59112.88, "Plan Rows": 300000, "Plan Width": 42, "Inner Unique": false, "Hash Cond": "(customer.c_nationkey = nation.n_nationkey), (LLVM Optimized)", "Plans": [{"Node Type": "Seq Scan", "Parent Relationship": "Outer", "Relation Name": "customer", "Alias": "customer", "Startup Cost": 0.0, "Total Cost": 52126.0, "Plan Rows": 1500000, "Plan Width": 12}, {"Node Type": "Hash", "Parent Relationship": "Inner", "Startup Cost": 2.44, "Total Cost": 2.44, "Plan Rows": 5, "Plan Width": 30, "Plans": [{"Node Type": "Hash Join", "Parent Relationship": "Outer", "Join Type": "Inner", "Startup Cost": 1.07, "Total Cost": 2.44, "Plan Rows": 5, "Plan Width": 30, "Inner Unique": true, "Hash Cond": "(nation.n_regionkey = region.r_regionkey)", "Plans": [{"Node Type": "Seq Scan", "Parent Relationship": "Outer", "Relation Name": "nation", "Alias": "nation", "Startup Cost": 0.0, "Total Cost": 1.25, "Plan Rows": 25, "Plan Width": 34}, {"Node Type": "Hash", "Parent Relationship": "Inner", "Startup Cost": 1.06, "Total Cost": 1.06, "Plan Rows": 1, "Plan Width": 4, "Plans": [{"Node Type": "Seq Scan", "Parent Relationship": "Outer", "Relation Name": "region", "Alias": "region", "Startup Cost": 0.0, "Total Cost": 1.06, "Plan Rows": 1, "Plan Width": 4, "Filter": "(r_name = 'MIDDLE EAST'::bpchar)"}]}]}]}]}]}]}]}]}, {"Node Type": "Hash", "Parent Relationship": "Inner", "Startup Cost": 3283.0, "Total Cost": 3283.0, "Plan Rows": 100000, "Plan Width": 12, "Plans": [{"Node Type": "Seq Scan", "Parent Relationship": "Outer", "Relation Name": "supplier", "Alias": "supplier", "Startup Cost": 0.0, "Total Cost": 3283.0, "Plan Rows": 100000, "Plan Width": 12}]}]}]}]}, "Unique SQL Id": 1392561963}, "explain_analyze_plan": null}, "(64, 107)": {"explain_plan": {"Plan": {"Node Type": "Sort", "Startup Cost": 6000413609248.85, "Total Cost": 6000413609248.91, "Plan Rows": 25, "Plan Width": 50, "Sort Key": ["(sum((lineitem.l_extendedprice * (1::double precision - lineitem.l_discount)))) DESC"], "Plans": [{"Node Type": "Aggregate", "Strategy": "Hashed", "Parent Relationship": "Outer", "Startup Cost": 6000413609248.02, "Total Cost": 6000413609248.27, "Plan Rows": 25, "Plan Width": 50, "Group By Key": ["nation.n_name"], "Plans": [{"Node Type": "Hash Join", "Parent Relationship": "Outer", "Join Type": "Inner", "Startup Cost": 4020413586068.45, "Total Cost": 6000413609154.12, "Plan Rows": 9390, "Plan Width": 42, "Inner Unique": true, "Hash Cond": "((orders.o_custkey = customer.c_custkey) AND (supplier.s_nationkey = customer.c_nationkey))", "Plans": [{"Node Type": "Hash Join", "Parent Relationship": "Outer", "Join Type": "Inner", "Startup Cost": 3020405487032.83, "Total Cost": 5000405508035.29, "Plan Rows": 263699, "Plan Width": 58, "Inner Unique": true, "Hash Cond": "(lineitem.l_orderkey = orders.o_orderkey), (LLVM Optimized)", "Plans": [{"Node Type": "Hash Join", "Parent Relationship": "Outer", "Join Type": "Inner", "Startup Cost": 2020324860927.85, "Total Cost": 4000324870836.25, "Plan Rows": 763534, "Plan Width": 58, "Inner Unique": false, "Hash Cond": "(nation.n_nationkey = supplier.s_nationkey), (LLVM Optimized)", "Plans": [{"Node Type": "Nested Loop", "Parent Relationship": "Outer", "Join Type": "Inner", "Startup Cost": 20000000000.0, "Total Cost": 2000000002068.8, "Plan Rows": 5, "Plan Width": 30, "Inner Unique": false, "Plans": [{"Node Type": "Index Scan", "Parent Relationship": "Outer", "Scan Direction": "Forward", "Index Name": "region_pkey", "Relation Name": "region", "Alias": "region", "Startup Cost": 10000000000.0, "Total Cost": 1000000001233.75, "Plan Rows": 1, "Plan Width": 4, "Filter": "(r_name = 'MIDDLE EAST'::bpchar)"}, {"Node Type": "Index Scan", "Parent Relationship": "Inner", "Scan Direction": "Forward", "Index Name": "idx_nation_regionkey", "Relation Name": "nation", "Alias": "nation", "Startup Cost": 10000000000.0, "Total Cost": 1000000000835.0, "Plan Rows": 5, "Plan Width": 34, "Index Cond": "(n_regionkey = region.r_regionkey)"}]}, {"Node Type": "Hash", "Parent Relationship": "Inner", "Startup Cost": 2000324813206.96, "Total Cost": 2000324813206.96, "Plan Rows": 3817671, "Plan Width": 28, "Plans": [{"Node Type": "Hash Join", "Parent Relationship": "Outer", "Join Type": "Inner", "Startup Cost": 1010000534704.38, "Total Cost": 2000324813206.96, "Plan Rows": 3817671, "Plan Width": 28, "Inner Unique": true, "Hash Cond": "(lineitem.l_suppkey = supplier.s_suppkey), (LLVM Optimized)", "Plans": [{"Node Type": "Index Scan", "Parent Relationship": "Outer", "Scan Direction": "Forward", "Index Name": "idx_lineitem_orderkey", "Relation Name": "lineitem", "Alias": "lineitem", "Startup Cost": 10000000000.0, "Total Cost": 1000324015374.5, "Plan Rows": 59987033, "Plan Width": 32}, {"Node Type": "Hash", "Parent Relationship": "Inner", "Startup Cost": 1000000533454.38, "Total Cost": 1000000533454.38, "Plan Rows": 100000, "Plan Width": 12, "Plans": [{"Node Type": "Index Scan", "Parent Relationship": "Outer", "Scan Direction": "Forward", "Index Name": "supplier_pkey", "Relation Name": "supplier", "Alias": "supplier", "Startup Cost": 10000000000.0, "Total Cost": 1000000533454.38, "Plan Rows": 100000, "Plan Width": 12}]}]}]}]}, {"Node Type": "Hash", "Parent Relationship": "Inner", "Startup Cost": 1000080597583.0, "Total Cost": 1000080597583.0, "Plan Rows": 2281758, "Plan Width": 16, "Plans": [{"Node Type": "Index Scan", "Parent Relationship": "Outer", "Scan Direction": "Forward", "Index Name": "orders_pkey", "Relation Name": "orders", "Alias": "orders", "Startup Cost": 10000000000.0, "Total Cost": 1000080597583.0, "Plan Rows": 2281758, "Plan Width": 16, "Filter": "((o_orderdate >= '1994-01-01 00:00:00'::timestamp(0) without time zone) AND (o_orderdate < '1995-01-01 00:00:00'::timestamp without time zone)), (LLVM Optimized)"}]}]}, {"Node Type": "Hash", "Parent Relationship": "Inner", "Startup Cost": 1000008076535.62, "Total Cost": 1000008076535.62, "Plan Rows": 1500000, "Plan Width": 12, "Plans": [{"Node Type": "Index Scan", "Parent Relationship": "Outer", "Scan Direction": "Forward", "Index Name": "customer_pkey", "Relation Name": "customer", "Alias": "customer", "Startup Cost": 10000000000.0, "Total Cost": 1000008076535.62, "Plan Rows": 1500000, "Plan Width": 12}]}]}]}]}, "Unique SQL Id": 1392561963}, "explain_analyze_plan": null}, "(64, 108)": {"explain_plan": {"Plan": {"Node Type": "Sort", "Startup Cost": 1725085.77, "Total Cost": 1725085.83, "Plan Rows": 25, "Plan Width": 50, "Sort Key": ["(sum((lineitem.l_extendedprice * (1::double precision - lineitem.l_discount)))) DESC"], "Plans": [{"Node Type": "Aggregate", "Strategy": "Hashed", "Parent Relationship": "Outer", "Startup Cost": 1725084.93, "Total Cost": 1725085.18, "Plan Rows": 25, "Plan Width": 50, "Group By Key": ["nation.n_name"], "Plans": [{"Node Type": "Hash Join", "Parent Relationship": "Outer", "Join Type": "Inner", "Startup Cost": 4783.0, "Total Cost": 1724991.03, "Plan Rows": 9390, "Plan Width": 42, "Inner Unique": true, "Hash Cond": "((lineitem.l_suppkey = supplier.s_suppkey) AND (customer.c_nationkey = supplier.s_nationkey))", "Plans": [{"Node Type": "Nested Loop", "Parent Relationship": "Outer", "Join Type": "Inner", "Startup Cost": 0.0, "Total Cost": 1692447.02, "Plan Rows": 3688948, "Plan Width": 58, "Inner Unique": false, "Plans": [{"Node Type": "Nested Loop", "Parent Relationship": "Outer", "Join Type": "Inner", "Startup Cost": 0.0, "Total Cost": 416652.61, "Plan Rows": 406290, "Plan Width": 42, "Inner Unique": false, "Plans": [{"Node Type": "Nested Loop", "Parent Relationship": "Outer", "Join Type": "Inner", "Startup Cost": 0.0, "Total Cost": 41543.81, "Plan Rows": 300000, "Plan Width": 42, "Inner Unique": false, "Plans": [{"Node Type": "Nested Loop", "Parent Relationship": "Outer", "Join Type": "Inner", "Startup Cost": 0.0, "Total Cost": 31.69, "Plan Rows": 5, "Plan Width": 30, "Inner Unique": true, "Plans": [{"Node Type": "Index Scan", "Parent Relationship": "Outer", "Scan Direction": "Forward", "Index Name": "nation_pkey", "Relation Name": "nation", "Alias": "nation", "Startup Cost": 0.0, "Total Cost": 12.62, "Plan Rows": 25, "Plan Width": 34}, {"Node Type": "Index Scan", "Parent Relationship": "Inner", "Scan Direction": "Forward", "Index Name": "region_pkey", "Relation Name": "region", "Alias": "region", "Startup Cost": 0.0, "Total Cost": 0.75, "Plan Rows": 1, "Plan Width": 4, "Index Cond": "(r_regionkey = nation.n_regionkey)", "Filter": "(r_name = 'MIDDLE EAST'::bpchar)"}]}, {"Node Type": "Index Scan", "Parent Relationship": "Inner", "Scan Direction": "Forward", "Index Name": "idx_customer_nationkey", "Relation Name": "customer", "Alias": "customer", "Startup Cost": 0.0, "Total Cost": 7702.43, "Plan Rows": 60000, "Plan Width": 12, "Index Cond": "(c_nationkey = nation.n_nationkey)"}]}, {"Node Type": "Index Scan", "Parent Relationship": "Inner", "Scan Direction": "Forward", "Index Name": "idx_orders_custkey", "Relation Name": "orders", "Alias": "orders", "Startup Cost": 0.0, "Total Cost": 1.24, "Plan Rows": 1, "Plan Width": 16, "Index Cond": "(o_custkey = customer.c_custkey)", "Filter": "((o_orderdate >= '1994-01-01 00:00:00'::timestamp(0) without time zone) AND (o_orderdate < '1995-01-01 00:00:00'::timestamp without time zone))"}]}, {"Node Type": "Index Scan", "Parent Relationship": "Inner", "Scan Direction": "Forward", "Index Name": "idx_lineitem_orderkey", "Relation Name": "lineitem", "Alias": "lineitem", "Startup Cost": 0.0, "Total Cost": 3.05, "Plan Rows": 9, "Plan Width": 32, "Index Cond": "(l_orderkey = orders.o_orderkey)"}]}, {"Node Type": "Hash", "Parent Relationship": "Inner", "Startup Cost": 3283.0, "Total Cost": 3283.0, "Plan Rows": 100000, "Plan Width": 12, "Plans": [{"Node Type": "Seq Scan", "Parent Relationship": "Outer", "Relation Name": "supplier", "Alias": "supplier", "Startup Cost": 0.0, "Total Cost": 3283.0, "Plan Rows": 100000, "Plan Width": 12}]}]}]}]}, "Unique SQL Id": 1392561963}, "explain_analyze_plan": {"Plan": {"Node Type": "Sort", "Startup Cost": 1725085.77, "Total Cost": 1725085.83, "Plan Rows": 25, "Plan Width": 50, "Actual Startup Time": 16275.75, "Actual Total Time": 16275.751, "Actual Rows": 5, "Actual Loops": 1, "Sort Key": ["(sum((lineitem.l_extendedprice * (1::double precision - lineitem.l_discount)))) DESC"], "Sort Method": "quicksort", "Sort Space Used": 25, "Sort Space Type": "Memory", "Plans": [{"Node Type": "Aggregate", "Strategy": "Hashed", "Parent Relationship": "Outer", "Startup Cost": 1725084.93, "Total Cost": 1725085.18, "Plan Rows": 25, "Plan Width": 50, "Actual Startup Time": 16275.718, "Actual Total Time": 16275.72, "Actual Rows": 5, "Actual Loops": 1, "Group By Key": ["nation.n_name"], "Plans": [{"Node Type": "Hash Join", "Parent Relationship": "Outer", "Join Type": "Inner", "Startup Cost": 4783.0, "Total Cost": 1724991.03, "Plan Rows": 9390, "Plan Width": 42, "Actual Startup Time": 69.982, "Actual Total Time": 16195.72, "Actual Rows": 72985, "Actual Loops": 1, "Inner Unique": true, "Hash Cond": "((lineitem.l_suppkey = supplier.s_suppkey) AND (customer.c_nationkey = supplier.s_nationkey))", "Plans": [{"Node Type": "Nested Loop", "Parent Relationship": "Outer", "Join Type": "Inner", "Startup Cost": 0.0, "Total Cost": 1692447.02, "Plan Rows": 3688948, "Plan Width": 58, "Actual Startup Time": 0.139, "Actual Total Time": 15307.269, "Actual Rows": 1815222, "Actual Loops": 1, "Inner Unique": false, "Plans": [{"Node Type": "Nested Loop", "Parent Relationship": "Outer", "Join Type": "Inner", "Startup Cost": 0.0, "Total Cost": 416652.61, "Plan Rows": 406290, "Plan Width": 42, "Actual Startup Time": 0.123, "Actual Total Time": 9405.638, "Actual Rows": 454183, "Actual Loops": 1, "Inner Unique": false, "Plans": [{"Node Type": "Nested Loop", "Parent Relationship": "Outer", "Join Type": "Inner", "Startup Cost": 0.0, "Total Cost": 41543.81, "Plan Rows": 300000, "Plan Width": 42, "Actual Startup Time": 0.077, "Actual Total Time": 518.382, "Actual Rows": 299838, "Actual Loops": 1, "Inner Unique": false, "Plans": [{"Node Type": "Nested Loop", "Parent Relationship": "Outer", "Join Type": "Inner", "Startup Cost": 0.0, "Total Cost": 31.69, "Plan Rows": 5, "Plan Width": 30, "Actual Startup Time": 0.052, "Actual Total Time": 0.212, "Actual Rows": 5, "Actual Loops": 1, "Inner Unique": true, "Plans": [{"Node Type": "Index Scan", "Parent Relationship": "Outer", "Scan Direction": "Forward", "Index Name": "nation_pkey", "Relation Name": "nation", "Alias": "nation", "Startup Cost": 0.0, "Total Cost": 12.62, "Plan Rows": 25, "Plan Width": 34, "Actual Startup Time": 0.017, "Actual Total Time": 0.049, "Actual Rows": 25, "Actual Loops": 1}, {"Node Type": "Index Scan", "Parent Relationship": "Inner", "Scan Direction": "Forward", "Index Name": "region_pkey", "Relation Name": "region", "Alias": "region", "Startup Cost": 0.0, "Total Cost": 0.75, "Plan Rows": 1, "Plan Width": 4, "Actual Startup Time": 0.114, "Actual Total Time": 0.114, "Actual Rows": 5, "Actual Loops": 25, "Index Cond": "(r_regionkey = nation.n_regionkey)", "Rows Removed by Index Recheck": 0, "Filter": "(r_name = 'MIDDLE EAST'::bpchar)", "Rows Removed by Filter": 20}]}, {"Node Type": "Index Scan", "Parent Relationship": "Inner", "Scan Direction": "Forward", "Index Name": "idx_customer_nationkey", "Relation Name": "customer", "Alias": "customer", "Startup Cost": 0.0, "Total Cost": 7702.43, "Plan Rows": 60000, "Plan Width": 12, "Actual Startup Time": 0.137, "Actual Total Time": 434.841, "Actual Rows": 299838, "Actual Loops": 5, "Index Cond": "(c_nationkey = nation.n_nationkey)", "Rows Removed by Index Recheck": 0}]}, {"Node Type": "Index Scan", "Parent Relationship": "Inner", "Scan Direction": "Forward", "Index Name": "idx_orders_custkey", "Relation Name": "orders", "Alias": "orders", "Startup Cost": 0.0, "Total Cost": 1.24, "Plan Rows": 1, "Plan Width": 16, "Actual Startup Time": 4078.942, "Actual Total Time": 8626.906, "Actual Rows": 454183, "Actual Loops": 299838, "Index Cond": "(o_custkey = customer.c_custkey)", "Rows Removed by Index Recheck": 0, "Filter": "((o_orderdate >= '1994-01-01 00:00:00'::timestamp(0) without time zone) AND (o_orderdate < '1995-01-01 00:00:00'::timestamp without time zone))", "Rows Removed by Filter": 2542535}]}, {"Node Type": "Index Scan", "Parent Relationship": "Inner", "Scan Direction": "Forward", "Index Name": "idx_lineitem_orderkey", "Relation Name": "lineitem", "Alias": "lineitem", "Startup Cost": 0.0, "Total Cost": 3.05, "Plan Rows": 9, "Plan Width": 32, "Actual Startup Time": 4293.199, "Actual Total Time": 5257.583, "Actual Rows": 1815222, "Actual Loops": 454183, "Index Cond": "(l_orderkey = orders.o_orderkey)", "Rows Removed by Index Recheck": 0}]}, {"Node Type": "Hash", "Parent Relationship": "Inner", "Startup Cost": 3283.0, "Total Cost": 3283.0, "Plan Rows": 100000, "Plan Width": 12, "Actual Startup Time": 69.572, "Actual Total Time": 69.572, "Actual Rows": 100000, "Actual Loops": 1, "Hash Buckets": 131072, "Hash Batches": 1, "Original Hash Batches": 1, "Peak Memory Usage": 4297, "Plans": [{"Node Type": "Seq Scan", "Parent Relationship": "Outer", "Relation Name": "supplier", "Alias": "supplier", "Startup Cost": 0.0, "Total Cost": 3283.0, "Plan Rows": 100000, "Plan Width": 12, "Actual Startup Time": 0.018, "Actual Total Time": 36.291, "Actual Rows": 100000, "Actual Loops": 1}]}]}]}]}, "Triggers": [], "Planner Runtime": 9.107, "Total Runtime": 16276.085, "Unique SQL Id": 1392561963}}, "(64, 109)": {"explain_plan": {"Plan": {"Node Type": "Sort", "Startup Cost": 1727137.31, "Total Cost": 1727137.37, "Plan Rows": 25, "Plan Width": 50, "Sort Key": ["(sum((lineitem.l_extendedprice * (1::double precision - lineitem.l_discount)))) DESC"], "Plans": [{"Node Type": "Aggregate", "Strategy": "Hashed", "Parent Relationship": "Outer", "Startup Cost": 1727136.48, "Total Cost": 1727136.73, "Plan Rows": 25, "Plan Width": 50, "Group By Key": ["nation.n_name"], "Plans": [{"Node Type": "Hash Join", "Parent Relationship": "Outer", "Join Type": "Inner", "Startup Cost": 6834.54, "Total Cost": 1727042.58, "Plan Rows": 9390, "Plan Width": 42, "Inner Unique": true, "Hash Cond": "((lineitem.l_suppkey = supplier.s_suppkey) AND (customer.c_nationkey = supplier.s_nationkey))", "Plans": [{"Node Type": "Nested Loop", "Parent Relationship": "Outer", "Join Type": "Inner", "Startup Cost": 0.0, "Total Cost": 1692447.02, "Plan Rows": 3688948, "Plan Width": 58, "Inner Unique": false, "Plans": [{"Node Type": "Nested Loop", "Parent Relationship": "Outer", "Join Type": "Inner", "Startup Cost": 0.0, "Total Cost": 416652.61, "Plan Rows": 406290, "Plan Width": 42, "Inner Unique": false, "Plans": [{"Node Type": "Nested Loop", "Parent Relationship": "Outer", "Join Type": "Inner", "Startup Cost": 0.0, "Total Cost": 41543.81, "Plan Rows": 300000, "Plan Width": 42, "Inner Unique": false, "Plans": [{"Node Type": "Nested Loop", "Parent Relationship": "Outer", "Join Type": "Inner", "Startup Cost": 0.0, "Total Cost": 31.69, "Plan Rows": 5, "Plan Width": 30, "Inner Unique": true, "Plans": [{"Node Type": "Index Scan", "Parent Relationship": "Outer", "Scan Direction": "Forward", "Index Name": "nation_pkey", "Relation Name": "nation", "Alias": "nation", "Startup Cost": 0.0, "Total Cost": 12.62, "Plan Rows": 25, "Plan Width": 34}, {"Node Type": "Index Scan", "Parent Relationship": "Inner", "Scan Direction": "Forward", "Index Name": "region_pkey", "Relation Name": "region", "Alias": "region", "Startup Cost": 0.0, "Total Cost": 0.75, "Plan Rows": 1, "Plan Width": 4, "Index Cond": "(r_regionkey = nation.n_regionkey)", "Filter": "(r_name = 'MIDDLE EAST'::bpchar)"}]}, {"Node Type": "Index Scan", "Parent Relationship": "Inner", "Scan Direction": "Forward", "Index Name": "idx_customer_nationkey", "Relation Name": "customer", "Alias": "customer", "Startup Cost": 0.0, "Total Cost": 7702.43, "Plan Rows": 60000, "Plan Width": 12, "Index Cond": "(c_nationkey = nation.n_nationkey)"}]}, {"Node Type": "Index Scan", "Parent Relationship": "Inner", "Scan Direction": "Forward", "Index Name": "idx_orders_custkey", "Relation Name": "orders", "Alias": "orders", "Startup Cost": 0.0, "Total Cost": 1.24, "Plan Rows": 1, "Plan Width": 16, "Index Cond": "(o_custkey = customer.c_custkey)", "Filter": "((o_orderdate >= '1994-01-01 00:00:00'::timestamp(0) without time zone) AND (o_orderdate < '1995-01-01 00:00:00'::timestamp without time zone))"}]}, {"Node Type": "Index Scan", "Parent Relationship": "Inner", "Scan Direction": "Forward", "Index Name": "idx_lineitem_orderkey", "Relation Name": "lineitem", "Alias": "lineitem", "Startup Cost": 0.0, "Total Cost": 3.05, "Plan Rows": 9, "Plan Width": 32, "Index Cond": "(l_orderkey = orders.o_orderkey)"}]}, {"Node Type": "Hash", "Parent Relationship": "Inner", "Startup Cost": 5334.54, "Total Cost": 5334.54, "Plan Rows": 100000, "Plan Width": 12, "Plans": [{"Node Type": "Index Scan", "Parent Relationship": "Outer", "Scan Direction": "Forward", "Index Name": "supplier_pkey", "Relation Name": "supplier", "Alias": "supplier", "Startup Cost": 0.0, "Total Cost": 5334.54, "Plan Rows": 100000, "Plan Width": 12}]}]}]}]}, "Unique SQL Id": 1392561963}, "explain_analyze_plan": {"Plan": {"Node Type": "Sort", "Startup Cost": 1727137.31, "Total Cost": 1727137.37, "Plan Rows": 25, "Plan Width": 50, "Actual Startup Time": 16675.016, "Actual Total Time": 16675.017, "Actual Rows": 5, "Actual Loops": 1, "Sort Key": ["(sum((lineitem.l_extendedprice * (1::double precision - lineitem.l_discount)))) DESC"], "Sort Method": "quicksort", "Sort Space Used": 25, "Sort Space Type": "Memory", "Plans": [{"Node Type": "Aggregate", "Strategy": "Hashed", "Parent Relationship": "Outer", "Startup Cost": 1727136.48, "Total Cost": 1727136.73, "Plan Rows": 25, "Plan Width": 50, "Actual Startup Time": 16674.985, "Actual Total Time": 16674.986, "Actual Rows": 5, "Actual Loops": 1, "Group By Key": ["nation.n_name"], "Plans": [{"Node Type": "Hash Join", "Parent Relationship": "Outer", "Join Type": "Inner", "Startup Cost": 6834.54, "Total Cost": 1727042.58, "Plan Rows": 9390, "Plan Width": 42, "Actual Startup Time": 92.413, "Actual Total Time": 16594.512, "Actual Rows": 72985, "Actual Loops": 1, "Inner Unique": true, "Hash Cond": "((lineitem.l_suppkey = supplier.s_suppkey) AND (customer.c_nationkey = supplier.s_nationkey))", "Plans": [{"Node Type": "Nested Loop", "Parent Relationship": "Outer", "Join Type": "Inner", "Startup Cost": 0.0, "Total Cost": 1692447.02, "Plan Rows": 3688948, "Plan Width": 58, "Actual Startup Time": 0.129, "Actual Total Time": 15681.855, "Actual Rows": 1815222, "Actual Loops": 1, "Inner Unique": false, "Plans": [{"Node Type": "Nested Loop", "Parent Relationship": "Outer", "Join Type": "Inner", "Startup Cost": 0.0, "Total Cost": 416652.61, "Plan Rows": 406290, "Plan Width": 42, "Actual Startup Time": 0.115, "Actual Total Time": 9716.153, "Actual Rows": 454183, "Actual Loops": 1, "Inner Unique": false, "Plans": [{"Node Type": "Nested Loop", "Parent Relationship": "Outer", "Join Type": "Inner", "Startup Cost": 0.0, "Total Cost": 41543.81, "Plan Rows": 300000, "Plan Width": 42, "Actual Startup Time": 0.069, "Actual Total Time": 537.477, "Actual Rows": 299838, "Actual Loops": 1, "Inner Unique": false, "Plans": [{"Node Type": "Nested Loop", "Parent Relationship": "Outer", "Join Type": "Inner", "Startup Cost": 0.0, "Total Cost": 31.69, "Plan Rows": 5, "Plan Width": 30, "Actual Startup Time": 0.043, "Actual Total Time": 0.271, "Actual Rows": 5, "Actual Loops": 1, "Inner Unique": true, "Plans": [{"Node Type": "Index Scan", "Parent Relationship": "Outer", "Scan Direction": "Forward", "Index Name": "nation_pkey", "Relation Name": "nation", "Alias": "nation", "Startup Cost": 0.0, "Total Cost": 12.62, "Plan Rows": 25, "Plan Width": 34, "Actual Startup Time": 0.013, "Actual Total Time": 0.115, "Actual Rows": 25, "Actual Loops": 1}, {"Node Type": "Index Scan", "Parent Relationship": "Inner", "Scan Direction": "Forward", "Index Name": "region_pkey", "Relation Name": "region", "Alias": "region", "Startup Cost": 0.0, "Total Cost": 0.75, "Plan Rows": 1, "Plan Width": 4, "Actual Startup Time": 0.1, "Actual Total Time": 0.1, "Actual Rows": 5, "Actual Loops": 25, "Index Cond": "(r_regionkey = nation.n_regionkey)", "Rows Removed by Index Recheck": 0, "Filter": "(r_name = 'MIDDLE EAST'::bpchar)", "Rows Removed by Filter": 20}]}, {"Node Type": "Index Scan", "Parent Relationship": "Inner", "Scan Direction": "Forward", "Index Name": "idx_customer_nationkey", "Relation Name": "customer", "Alias": "customer", "Startup Cost": 0.0, "Total Cost": 7702.43, "Plan Rows": 60000, "Plan Width": 12, "Actual Startup Time": 0.167, "Actual Total Time": 454.65, "Actual Rows": 299838, "Actual Loops": 5, "Index Cond": "(c_nationkey = nation.n_nationkey)", "Rows Removed by Index Recheck": 0}]}, {"Node Type": "Index Scan", "Parent Relationship": "Inner", "Scan Direction": "Forward", "Index Name": "idx_orders_custkey", "Relation Name": "orders", "Alias": "orders", "Startup Cost": 0.0, "Total Cost": 1.24, "Plan Rows": 1, "Plan Width": 16, "Actual Startup Time": 4218.636, "Actual Total Time": 8918.09, "Actual Rows": 454183, "Actual Loops": 299838, "Index Cond": "(o_custkey = customer.c_custkey)", "Rows Removed by Index Recheck": 0, "Filter": "((o_orderdate >= '1994-01-01 00:00:00'::timestamp(0) without time zone) AND (o_orderdate < '1995-01-01 00:00:00'::timestamp without time zone))", "Rows Removed by Filter": 2542535}]}, {"Node Type": "Index Scan", "Parent Relationship": "Inner", "Scan Direction": "Forward", "Index Name": "idx_lineitem_orderkey", "Relation Name": "lineitem", "Alias": "lineitem", "Startup Cost": 0.0, "Total Cost": 3.05, "Plan Rows": 9, "Plan Width": 32, "Actual Startup Time": 4352.14, "Actual Total Time": 5304.936, "Actual Rows": 1815222, "Actual Loops": 454183, "Index Cond": "(l_orderkey = orders.o_orderkey)", "Rows Removed by Index Recheck": 0}]}, {"Node Type": "Hash", "Parent Relationship": "Inner", "Startup Cost": 5334.54, "Total Cost": 5334.54, "Plan Rows": 100000, "Plan Width": 12, "Actual Startup Time": 92.07, "Actual Total Time": 92.07, "Actual Rows": 100000, "Actual Loops": 1, "Hash Buckets": 131072, "Hash Batches": 1, "Original Hash Batches": 1, "Peak Memory Usage": 4297, "Plans": [{"Node Type": "Index Scan", "Parent Relationship": "Outer", "Scan Direction": "Forward", "Index Name": "supplier_pkey", "Relation Name": "supplier", "Alias": "supplier", "Startup Cost": 0.0, "Total Cost": 5334.54, "Plan Rows": 100000, "Plan Width": 12, "Actual Startup Time": 0.019, "Actual Total Time": 59.658, "Actual Rows": 100000, "Actual Loops": 1}]}]}]}]}, "Triggers": [], "Planner Runtime": 8.668, "Total Runtime": 16675.325, "Unique SQL Id": 1392561963}}, "(64, 110)": {"explain_plan": {"Plan": {"Node Type": "Sort", "Startup Cost": 2891580.15, "Total Cost": 2891580.22, "Plan Rows": 25, "Plan Width": 50, "Sort Key": ["(sum((lineitem.l_extendedprice * (1::double precision - lineitem.l_discount)))) DESC"], "Plans": [{"Node Type": "Aggregate", "Strategy": "Hashed", "Parent Relationship": "Outer", "Startup Cost": 2891579.32, "Total Cost": 2891579.57, "Plan Rows": 25, "Plan Width": 50, "Group By Key": ["nation.n_name"], "Plans": [{"Node Type": "Hash Join", "Parent Relationship": "Outer", "Join Type": "Inner", "Startup Cost": 586755.18, "Total Cost": 2891485.42, "Plan Rows": 9390, "Plan Width": 42, "Inner Unique": true, "Hash Cond": "((lineitem.l_suppkey = supplier.s_suppkey) AND (customer.c_nationkey = supplier.s_nationkey))", "Plans": [{"Node Type": "Hash Join", "Parent Relationship": "Outer", "Join Type": "Inner", "Startup Cost": 581972.18, "Total Cost": 2858928.33, "Plan Rows": 3688948, "Plan Width": 58, "Inner Unique": false, "Hash Cond": "(lineitem.l_orderkey = orders.o_orderkey), (LLVM Optimized)", "Plans": [{"Node Type": "Seq Scan", "Parent Relationship": "Outer", "Relation Name": "lineitem", "Alias": "lineitem", "Startup Cost": 0.0, "Total Cost": 2015115.33, "Plan Rows": 59987033, "Plan Width": 32}, {"Node Type": "Hash", "Parent Relationship": "Inner", "Startup Cost": 576893.55, "Total Cost": 576893.55, "Plan Rows": 406290, "Plan Width": 42, "Plans": [{"Node Type": "Hash Join", "Parent Relationship": "Outer", "Join Type": "Inner", "Startup Cost": 63303.86, "Total Cost": 576893.55, "Plan Rows": 406290, "Plan Width": 42, "Inner Unique": false, "Hash Cond": "(orders.o_custkey = customer.c_custkey), (LLVM Optimized)", "Plans": [{"Node Type": "Seq Scan", "Parent Relationship": "Outer", "Relation Name": "orders", "Alias": "orders", "Startup Cost": 440.98, "Total Cost": 501411.18, "Plan Rows": 2281758, "Plan Width": 16, "Filter": "((o_orderdate >= '1994-01-01 00:00:00'::timestamp(0) without time zone) AND (o_orderdate < '1995-01-01 00:00:00'::timestamp without time zone)), (LLVM Optimized)"}, {"Node Type": "Hash", "Parent Relationship": "Inner", "Startup Cost": 59112.88, "Total Cost": 59112.88, "Plan Rows": 300000, "Plan Width": 42, "Plans": [{"Node Type": "Hash Join", "Parent Relationship": "Outer", "Join Type": "Inner", "Startup Cost": 2.5, "Total Cost": 59112.88, "Plan Rows": 300000, "Plan Width": 42, "Inner Unique": false, "Hash Cond": "(customer.c_nationkey = nation.n_nationkey), (LLVM Optimized)", "Plans": [{"Node Type": "Seq Scan", "Parent Relationship": "Outer", "Relation Name": "customer", "Alias": "customer", "Startup Cost": 0.0, "Total Cost": 52126.0, "Plan Rows": 1500000, "Plan Width": 12}, {"Node Type": "Hash", "Parent Relationship": "Inner", "Startup Cost": 2.44, "Total Cost": 2.44, "Plan Rows": 5, "Plan Width": 30, "Plans": [{"Node Type": "Hash Join", "Parent Relationship": "Outer", "Join Type": "Inner", "Startup Cost": 1.07, "Total Cost": 2.44, "Plan Rows": 5, "Plan Width": 30, "Inner Unique": true, "Hash Cond": "(nation.n_regionkey = region.r_regionkey)", "Plans": [{"Node Type": "Seq Scan", "Parent Relationship": "Outer", "Relation Name": "nation", "Alias": "nation", "Startup Cost": 0.0, "Total Cost": 1.25, "Plan Rows": 25, "Plan Width": 34}, {"Node Type": "Hash", "Parent Relationship": "Inner", "Startup Cost": 1.06, "Total Cost": 1.06, "Plan Rows": 1, "Plan Width": 4, "Plans": [{"Node Type": "Seq Scan", "Parent Relationship": "Outer", "Relation Name": "region", "Alias": "region", "Startup Cost": 0.0, "Total Cost": 1.06, "Plan Rows": 1, "Plan Width": 4, "Filter": "(r_name = 'MIDDLE EAST'::bpchar)"}]}]}]}]}]}]}]}]}, {"Node Type": "Hash", "Parent Relationship": "Inner", "Startup Cost": 3283.0, "Total Cost": 3283.0, "Plan Rows": 100000, "Plan Width": 12, "Plans": [{"Node Type": "Seq Scan", "Parent Relationship": "Outer", "Relation Name": "supplier", "Alias": "supplier", "Startup Cost": 0.0, "Total Cost": 3283.0, "Plan Rows": 100000, "Plan Width": 12}]}]}]}]}, "Unique SQL Id": 1392561963}, "explain_analyze_plan": null}, "(64, 111)": {"explain_plan": {"Plan": {"Node Type": "Sort", "Startup Cost": 6000413609248.85, "Total Cost": 6000413609248.91, "Plan Rows": 25, "Plan Width": 50, "Sort Key": ["(sum((lineitem.l_extendedprice * (1::double precision - lineitem.l_discount)))) DESC"], "Plans": [{"Node Type": "Aggregate", "Strategy": "Hashed", "Parent Relationship": "Outer", "Startup Cost": 6000413609248.02, "Total Cost": 6000413609248.27, "Plan Rows": 25, "Plan Width": 50, "Group By Key": ["nation.n_name"], "Plans": [{"Node Type": "Hash Join", "Parent Relationship": "Outer", "Join Type": "Inner", "Startup Cost": 4020413586068.45, "Total Cost": 6000413609154.12, "Plan Rows": 9390, "Plan Width": 42, "Inner Unique": true, "Hash Cond": "((orders.o_custkey = customer.c_custkey) AND (supplier.s_nationkey = customer.c_nationkey))", "Plans": [{"Node Type": "Hash Join", "Parent Relationship": "Outer", "Join Type": "Inner", "Startup Cost": 3020405487032.83, "Total Cost": 5000405508035.29, "Plan Rows": 263699, "Plan Width": 58, "Inner Unique": true, "Hash Cond": "(lineitem.l_orderkey = orders.o_orderkey), (LLVM Optimized)", "Plans": [{"Node Type": "Hash Join", "Parent Relationship": "Outer", "Join Type": "Inner", "Startup Cost": 2020324860927.85, "Total Cost": 4000324870836.25, "Plan Rows": 763534, "Plan Width": 58, "Inner Unique": false, "Hash Cond": "(nation.n_nationkey = supplier.s_nationkey), (LLVM Optimized)", "Plans": [{"Node Type": "Nested Loop", "Parent Relationship": "Outer", "Join Type": "Inner", "Startup Cost": 20000000000.0, "Total Cost": 2000000002068.8, "Plan Rows": 5, "Plan Width": 30, "Inner Unique": false, "Plans": [{"Node Type": "Index Scan", "Parent Relationship": "Outer", "Scan Direction": "Forward", "Index Name": "region_pkey", "Relation Name": "region", "Alias": "region", "Startup Cost": 10000000000.0, "Total Cost": 1000000001233.75, "Plan Rows": 1, "Plan Width": 4, "Filter": "(r_name = 'MIDDLE EAST'::bpchar)"}, {"Node Type": "Index Scan", "Parent Relationship": "Inner", "Scan Direction": "Forward", "Index Name": "idx_nation_regionkey", "Relation Name": "nation", "Alias": "nation", "Startup Cost": 10000000000.0, "Total Cost": 1000000000835.0, "Plan Rows": 5, "Plan Width": 34, "Index Cond": "(n_regionkey = region.r_regionkey)"}]}, {"Node Type": "Hash", "Parent Relationship": "Inner", "Startup Cost": 2000324813206.96, "Total Cost": 2000324813206.96, "Plan Rows": 3817671, "Plan Width": 28, "Plans": [{"Node Type": "Hash Join", "Parent Relationship": "Outer", "Join Type": "Inner", "Startup Cost": 1010000534704.38, "Total Cost": 2000324813206.96, "Plan Rows": 3817671, "Plan Width": 28, "Inner Unique": true, "Hash Cond": "(lineitem.l_suppkey = supplier.s_suppkey), (LLVM Optimized)", "Plans": [{"Node Type": "Index Scan", "Parent Relationship": "Outer", "Scan Direction": "Forward", "Index Name": "idx_lineitem_orderkey", "Relation Name": "lineitem", "Alias": "lineitem", "Startup Cost": 10000000000.0, "Total Cost": 1000324015374.5, "Plan Rows": 59987033, "Plan Width": 32}, {"Node Type": "Hash", "Parent Relationship": "Inner", "Startup Cost": 1000000533454.38, "Total Cost": 1000000533454.38, "Plan Rows": 100000, "Plan Width": 12, "Plans": [{"Node Type": "Index Scan", "Parent Relationship": "Outer", "Scan Direction": "Forward", "Index Name": "supplier_pkey", "Relation Name": "supplier", "Alias": "supplier", "Startup Cost": 10000000000.0, "Total Cost": 1000000533454.38, "Plan Rows": 100000, "Plan Width": 12}]}]}]}]}, {"Node Type": "Hash", "Parent Relationship": "Inner", "Startup Cost": 1000080597583.0, "Total Cost": 1000080597583.0, "Plan Rows": 2281758, "Plan Width": 16, "Plans": [{"Node Type": "Index Scan", "Parent Relationship": "Outer", "Scan Direction": "Forward", "Index Name": "orders_pkey", "Relation Name": "orders", "Alias": "orders", "Startup Cost": 10000000000.0, "Total Cost": 1000080597583.0, "Plan Rows": 2281758, "Plan Width": 16, "Filter": "((o_orderdate >= '1994-01-01 00:00:00'::timestamp(0) without time zone) AND (o_orderdate < '1995-01-01 00:00:00'::timestamp without time zone)), (LLVM Optimized)"}]}]}, {"Node Type": "Hash", "Parent Relationship": "Inner", "Startup Cost": 1000008076535.62, "Total Cost": 1000008076535.62, "Plan Rows": 1500000, "Plan Width": 12, "Plans": [{"Node Type": "Index Scan", "Parent Relationship": "Outer", "Scan Direction": "Forward", "Index Name": "customer_pkey", "Relation Name": "customer", "Alias": "customer", "Startup Cost": 10000000000.0, "Total Cost": 1000008076535.62, "Plan Rows": 1500000, "Plan Width": 12}]}]}]}]}, "Unique SQL Id": 1392561963}, "explain_analyze_plan": null}, "(64, 112)": {"explain_plan": {"Plan": {"Node Type": "Sort", "Startup Cost": 2730959.0, "Total Cost": 2730959.06, "Plan Rows": 25, "Plan Width": 50, "Sort Key": ["(sum((lineitem.l_extendedprice * (1::double precision - lineitem.l_discount)))) DESC"], "Plans": [{"Node Type": "Aggregate", "Strategy": "Hashed", "Parent Relationship": "Outer", "Startup Cost": 2730958.17, "Total Cost": 2730958.42, "Plan Rows": 25, "Plan Width": 50, "Group By Key": ["nation.n_name"], "Plans": [{"Node Type": "Nested Loop", "Parent Relationship": "Outer", "Join Type": "Inner", "Startup Cost": 1030.37, "Total Cost": 2730864.27, "Plan Rows": 9390, "Plan Width": 42, "Inner Unique": true, "Join Filter": "(customer.c_nationkey = supplier.s_nationkey)", "Plans": [{"Node Type": "Nested Loop", "Parent Relationship": "Outer", "Join Type": "Inner", "Startup Cost": 1030.37, "Total Cost": 1688079.68, "Plan Rows": 3688948, "Plan Width": 58, "Inner Unique": false, "Plans": [{"Node Type": "Nested Loop", "Parent Relationship": "Outer", "Join Type": "Inner", "Startup Cost": 1030.37, "Total Cost": 412285.27, "Plan Rows": 406290, "Plan Width": 42, "Inner Unique": false, "Plans": [{"Node Type": "Nested Loop", "Parent Relationship": "Outer", "Join Type": "Inner", "Startup Cost": 1030.37, "Total Cost": 37176.47, "Plan Rows": 300000, "Plan Width": 42, "Inner Unique": false, "Plans": [{"Node Type": "Nested Loop", "Parent Relationship": "Outer", "Join Type": "Inner", "Startup Cost": 0.0, "Total Cost": 14.06, "Plan Rows": 5, "Plan Width": 30, "Inner Unique": true, "Join Filter": "(nation.n_regionkey = region.r_regionkey)", "Plans": [{"Node Type": "Index Scan", "Parent Relationship": "Outer", "Scan Direction": "Forward", "Index Name": "nation_pkey", "Relation Name": "nation", "Alias": "nation", "Startup Cost": 0.0, "Total Cost": 12.62, "Plan Rows": 25, "Plan Width": 34}, {"Node Type": "Materialize", "Parent Relationship": "Inner", "Startup Cost": 0.0, "Total Cost": 1.07, "Plan Rows": 1, "Plan Width": 4, "Plans": [{"Node Type": "Seq Scan", "Parent Relationship": "Outer", "Relation Name": "region", "Alias": "region", "Startup Cost": 0.0, "Total Cost": 1.06, "Plan Rows": 1, "Plan Width": 4, "Filter": "(r_name = 'MIDDLE EAST'::bpchar)"}]}]}, {"Node Type": "Bitmap Heap Scan", "Parent Relationship": "Inner", "Relation Name": "customer", "Alias": "customer", "Startup Cost": 1030.37, "Total Cost": 6832.48, "Plan Rows": 60000, "Plan Width": 12, "Recheck Cond": "(c_nationkey = nation.n_nationkey)", "Plans": [{"Node Type": "Bitmap Index Scan", "Parent Relationship": "Outer", "Index Name": "idx_customer_nationkey", "Startup Cost": 0.0, "Total Cost": 1015.37, "Plan Rows": 60000, "Plan Width": 0, "Index Cond": "(c_nationkey = nation.n_nationkey)"}]}]}, {"Node Type": "Index Scan", "Parent Relationship": "Inner", "Scan Direction": "Forward", "Index Name": "idx_orders_custkey", "Relation Name": "orders", "Alias": "orders", "Startup Cost": 0.0, "Total Cost": 1.24, "Plan Rows": 1, "Plan Width": 16, "Index Cond": "(o_custkey = customer.c_custkey)", "Filter": "((o_orderdate >= '1994-01-01 00:00:00'::timestamp(0) without time zone) AND (o_orderdate < '1995-01-01 00:00:00'::timestamp without time zone))"}]}, {"Node Type": "Index Scan", "Parent Relationship": "Inner", "Scan Direction": "Forward", "Index Name": "idx_lineitem_orderkey", "Relation Name": "lineitem", "Alias": "lineitem", "Startup Cost": 0.0, "Total Cost": 3.05, "Plan Rows": 9, "Plan Width": 32, "Index Cond": "(l_orderkey = orders.o_orderkey)"}]}, {"Node Type": "Index Scan", "Parent Relationship": "Inner", "Scan Direction": "Forward", "Index Name": "supplier_pkey", "Relation Name": "supplier", "Alias": "supplier", "Startup Cost": 0.0, "Total Cost": 0.27, "Plan Rows": 1, "Plan Width": 12, "Index Cond": "(s_suppkey = lineitem.l_suppkey)"}]}]}]}, "Unique SQL Id": 1392561963}, "explain_analyze_plan": {"Plan": {"Node Type": "Sort", "Startup Cost": 2730959.0, "Total Cost": 2730959.06, "Plan Rows": 25, "Plan Width": 50, "Actual Startup Time": 26448.621, "Actual Total Time": 26448.621, "Actual Rows": 5, "Actual Loops": 1, "Sort Key": ["(sum((lineitem.l_extendedprice * (1::double precision - lineitem.l_discount)))) DESC"], "Sort Method": "quicksort", "Sort Space Used": 25, "Sort Space Type": "Memory", "Plans": [{"Node Type": "Aggregate", "Strategy": "Hashed", "Parent Relationship": "Outer", "Startup Cost": 2730958.17, "Total Cost": 2730958.42, "Plan Rows": 25, "Plan Width": 50, "Actual Startup Time": 26448.569, "Actual Total Time": 26448.571, "Actual Rows": 5, "Actual Loops": 1, "Group By Key": ["nation.n_name"], "Plans": [{"Node Type": "Nested Loop", "Parent Relationship": "Outer", "Join Type": "Inner", "Startup Cost": 1030.37, "Total Cost": 2730864.27, "Plan Rows": 9390, "Plan Width": 42, "Actual Startup Time": 20.053, "Actual Total Time": 26353.041, "Actual Rows": 72985, "Actual Loops": 1, "Inner Unique": true, "Join Filter": "(customer.c_nationkey = supplier.s_nationkey)", "Rows Removed by Join Filter": 1742237, "Plans": [{"Node Type": "Nested Loop", "Parent Relationship": "Outer", "Join Type": "Inner", "Startup Cost": 1030.37, "Total Cost": 1688079.68, "Plan Rows": 3688948, "Plan Width": 58, "Actual Startup Time": 19.867, "Actual Total Time": 16770.717, "Actual Rows": 1815222, "Actual Loops": 1, "Inner Unique": false, "Plans": [{"Node Type": "Nested Loop", "Parent Relationship": "Outer", "Join Type": "Inner", "Startup Cost": 1030.37, "Total Cost": 412285.27, "Plan Rows": 406290, "Plan Width": 42, "Actual Startup Time": 19.844, "Actual Total Time": 10489.561, "Actual Rows": 454183, "Actual Loops": 1, "Inner Unique": false, "Plans": [{"Node Type": "Nested Loop", "Parent Relationship": "Outer", "Join Type": "Inner", "Startup Cost": 1030.37, "Total Cost": 37176.47, "Plan Rows": 300000, "Plan Width": 42, "Actual Startup Time": 19.735, "Actual Total Time": 728.028, "Actual Rows": 299838, "Actual Loops": 1, "Inner Unique": false, "Plans": [{"Node Type": "Nested Loop", "Parent Relationship": "Outer", "Join Type": "Inner", "Startup Cost": 0.0, "Total Cost": 14.06, "Plan Rows": 5, "Plan Width": 30, "Actual Startup Time": 0.051, "Actual Total Time": 0.186, "Actual Rows": 5, "Actual Loops": 1, "Inner Unique": true, "Join Filter": "(nation.n_regionkey = region.r_regionkey)", "Rows Removed by Join Filter": 20, "Plans": [{"Node Type": "Index Scan", "Parent Relationship": "Outer", "Scan Direction": "Forward", "Index Name": "nation_pkey", "Relation Name": "nation", "Alias": "nation", "Startup Cost": 0.0, "Total Cost": 12.62, "Plan Rows": 25, "Plan Width": 34, "Actual Startup Time": 0.019, "Actual Total Time": 0.101, "Actual Rows": 25, "Actual Loops": 1}, {"Node Type": "Materialize", "Parent Relationship": "Inner", "Startup Cost": 0.0, "Total Cost": 1.07, "Plan Rows": 1, "Plan Width": 4, "Actual Startup Time": 0.031, "Actual Total Time": 0.033, "Actual Rows": 25, "Actual Loops": 25, "Plans": [{"Node Type": "Seq Scan", "Parent Relationship": "Outer", "Relation Name": "region", "Alias": "region", "Startup Cost": 0.0, "Total Cost": 1.06, "Plan Rows": 1, "Plan Width": 4, "Actual Startup Time": 0.016, "Actual Total Time": 0.018, "Actual Rows": 1, "Actual Loops": 1, "Filter": "(r_name = 'MIDDLE EAST'::bpchar)", "Rows Removed by Filter": 4}]}]}, {"Node Type": "Bitmap Heap Scan", "Parent Relationship": "Inner", "Relation Name": "customer", "Alias": "customer", "Startup Cost": 1030.37, "Total Cost": 6832.48, "Plan Rows": 60000, "Plan Width": 12, "Actual Startup Time": 96.945, "Actual Total Time": 650.004, "Actual Rows": 299838, "Actual Loops": 5, "Recheck Cond": "(c_nationkey = nation.n_nationkey)", "Rows Removed by Index Recheck": 0, "Exact Heap Blocks": 150033, "Lossy Heap Blocks": 150033, "Plans": [{"Node Type": "Bitmap Index Scan", "Parent Relationship": "Outer", "Index Name": "idx_customer_nationkey", "Startup Cost": 0.0, "Total Cost": 1015.37, "Plan Rows": 60000, "Plan Width": 0, "Actual Startup Time": 63.924, "Actual Total Time": 63.924, "Actual Rows": 299838, "Actual Loops": 5, "Index Cond": "(c_nationkey = nation.n_nationkey)"}]}]}, {"Node Type": "Index Scan", "Parent Relationship": "Inner", "Scan Direction": "Forward", "Index Name": "idx_orders_custkey", "Relation Name": "orders", "Alias": "orders", "Startup Cost": 0.0, "Total Cost": 1.24, "Plan Rows": 1, "Plan Width": 16, "Actual Startup Time": 4481.686, "Actual Total Time": 9487.799, "Actual Rows": 454183, "Actual Loops": 299838, "Index Cond": "(o_custkey = customer.c_custkey)", "Rows Removed by Index Recheck": 0, "Filter": "((o_orderdate >= '1994-01-01 00:00:00'::timestamp(0) without time zone) AND (o_orderdate < '1995-01-01 00:00:00'::timestamp without time zone))", "Rows Removed by Filter": 2542535}]}, {"Node Type": "Index Scan", "Parent Relationship": "Inner", "Scan Direction": "Forward", "Index Name": "idx_lineitem_orderkey", "Relation Name": "lineitem", "Alias": "lineitem", "Startup Cost": 0.0, "Total Cost": 3.05, "Plan Rows": 9, "Plan Width": 32, "Actual Startup Time": 4636.408, "Actual Total Time": 5590.231, "Actual Rows": 1815222, "Actual Loops": 454183, "Index Cond": "(l_orderkey = orders.o_orderkey)", "Rows Removed by Index Recheck": 0}]}, {"Node Type": "Index Scan", "Parent Relationship": "Inner", "Scan Direction": "Forward", "Index Name": "supplier_pkey", "Relation Name": "supplier", "Alias": "supplier", "Startup Cost": 0.0, "Total Cost": 0.27, "Plan Rows": 1, "Plan Width": 12, "Actual Startup Time": 7558.425, "Actual Total Time": 8153.917, "Actual Rows": 1815222, "Actual Loops": 1815222, "Index Cond": "(s_suppkey = lineitem.l_suppkey)", "Rows Removed by Index Recheck": 0}]}]}]}, "Triggers": [], "Planner Runtime": 3.08, "Total Runtime": 26449.096, "Unique SQL Id": 1392561963}}, "(64, 113)": {"explain_plan": {"Plan": {"Node Type": "Sort", "Startup Cost": 2730970.27, "Total Cost": 2730970.34, "Plan Rows": 25, "Plan Width": 50, "Sort Key": ["(sum((lineitem.l_extendedprice * (1::double precision - lineitem.l_discount)))) DESC"], "Plans": [{"Node Type": "Aggregate", "Strategy": "Hashed", "Parent Relationship": "Outer", "Startup Cost": 2730969.44, "Total Cost": 2730969.69, "Plan Rows": 25, "Plan Width": 50, "Group By Key": ["nation.n_name"], "Plans": [{"Node Type": "Nested Loop", "Parent Relationship": "Outer", "Join Type": "Inner", "Startup Cost": 1030.37, "Total Cost": 2730875.54, "Plan Rows": 9390, "Plan Width": 42, "Inner Unique": true, "Join Filter": "(customer.c_nationkey = supplier.s_nationkey)", "Plans": [{"Node Type": "Nested Loop", "Parent Relationship": "Outer", "Join Type": "Inner", "Startup Cost": 1030.37, "Total Cost": 1688090.96, "Plan Rows": 3688948, "Plan Width": 58, "Inner Unique": false, "Plans": [{"Node Type": "Nested Loop", "Parent Relationship": "Outer", "Join Type": "Inner", "Startup Cost": 1030.37, "Total Cost": 412296.55, "Plan Rows": 406290, "Plan Width": 42, "Inner Unique": false, "Plans": [{"Node Type": "Nested Loop", "Parent Relationship": "Outer", "Join Type": "Inner", "Startup Cost": 1030.37, "Total Cost": 37187.75, "Plan Rows": 300000, "Plan Width": 42, "Inner Unique": false, "Plans": [{"Node Type": "Nested Loop", "Parent Relationship": "Outer", "Join Type": "Inner", "Startup Cost": 0.0, "Total Cost": 25.34, "Plan Rows": 5, "Plan Width": 30, "Inner Unique": true, "Join Filter": "(nation.n_regionkey = region.r_regionkey)", "Plans": [{"Node Type": "Index Scan", "Parent Relationship": "Outer", "Scan Direction": "Forward", "Index Name": "nation_pkey", "Relation Name": "nation", "Alias": "nation", "Startup Cost": 0.0, "Total Cost": 12.62, "Plan Rows": 25, "Plan Width": 34}, {"Node Type": "Materialize", "Parent Relationship": "Inner", "Startup Cost": 0.0, "Total Cost": 12.34, "Plan Rows": 1, "Plan Width": 4, "Plans": [{"Node Type": "Index Scan", "Parent Relationship": "Outer", "Scan Direction": "Forward", "Index Name": "region_pkey", "Relation Name": "region", "Alias": "region", "Startup Cost": 0.0, "Total Cost": 12.34, "Plan Rows": 1, "Plan Width": 4, "Filter": "(r_name = 'MIDDLE EAST'::bpchar)"}]}]}, {"Node Type": "Bitmap Heap Scan", "Parent Relationship": "Inner", "Relation Name": "customer", "Alias": "customer", "Startup Cost": 1030.37, "Total Cost": 6832.48, "Plan Rows": 60000, "Plan Width": 12, "Recheck Cond": "(c_nationkey = nation.n_nationkey)", "Plans": [{"Node Type": "Bitmap Index Scan", "Parent Relationship": "Outer", "Index Name": "idx_customer_nationkey", "Startup Cost": 0.0, "Total Cost": 1015.37, "Plan Rows": 60000, "Plan Width": 0, "Index Cond": "(c_nationkey = nation.n_nationkey)"}]}]}, {"Node Type": "Index Scan", "Parent Relationship": "Inner", "Scan Direction": "Forward", "Index Name": "idx_orders_custkey", "Relation Name": "orders", "Alias": "orders", "Startup Cost": 0.0, "Total Cost": 1.24, "Plan Rows": 1, "Plan Width": 16, "Index Cond": "(o_custkey = customer.c_custkey)", "Filter": "((o_orderdate >= '1994-01-01 00:00:00'::timestamp(0) without time zone) AND (o_orderdate < '1995-01-01 00:00:00'::timestamp without time zone))"}]}, {"Node Type": "Index Scan", "Parent Relationship": "Inner", "Scan Direction": "Forward", "Index Name": "idx_lineitem_orderkey", "Relation Name": "lineitem", "Alias": "lineitem", "Startup Cost": 0.0, "Total Cost": 3.05, "Plan Rows": 9, "Plan Width": 32, "Index Cond": "(l_orderkey = orders.o_orderkey)"}]}, {"Node Type": "Index Scan", "Parent Relationship": "Inner", "Scan Direction": "Forward", "Index Name": "supplier_pkey", "Relation Name": "supplier", "Alias": "supplier", "Startup Cost": 0.0, "Total Cost": 0.27, "Plan Rows": 1, "Plan Width": 12, "Index Cond": "(s_suppkey = lineitem.l_suppkey)"}]}]}]}, "Unique SQL Id": 1392561963}, "explain_analyze_plan": {"Plan": {"Node Type": "Sort", "Startup Cost": 2730970.27, "Total Cost": 2730970.34, "Plan Rows": 25, "Plan Width": 50, "Actual Startup Time": 25115.509, "Actual Total Time": 25115.51, "Actual Rows": 5, "Actual Loops": 1, "Sort Key": ["(sum((lineitem.l_extendedprice * (1::double precision - lineitem.l_discount)))) DESC"], "Sort Method": "quicksort", "Sort Space Used": 25, "Sort Space Type": "Memory", "Plans": [{"Node Type": "Aggregate", "Strategy": "Hashed", "Parent Relationship": "Outer", "Startup Cost": 2730969.44, "Total Cost": 2730969.69, "Plan Rows": 25, "Plan Width": 50, "Actual Startup Time": 25115.385, "Actual Total Time": 25115.393, "Actual Rows": 5, "Actual Loops": 1, "Group By Key": ["nation.n_name"], "Plans": [{"Node Type": "Nested Loop", "Parent Relationship": "Outer", "Join Type": "Inner", "Startup Cost": 1030.37, "Total Cost": 2730875.54, "Plan Rows": 9390, "Plan Width": 42, "Actual Startup Time": 17.97, "Actual Total Time": 25012.981, "Actual Rows": 72985, "Actual Loops": 1, "Inner Unique": true, "Join Filter": "(customer.c_nationkey = supplier.s_nationkey)", "Rows Removed by Join Filter": 1742237, "Plans": [{"Node Type": "Nested Loop", "Parent Relationship": "Outer", "Join Type": "Inner", "Startup Cost": 1030.37, "Total Cost": 1688090.96, "Plan Rows": 3688948, "Plan Width": 58, "Actual Startup Time": 17.857, "Actual Total Time": 15704.735, "Actual Rows": 1815222, "Actual Loops": 1, "Inner Unique": false, "Plans": [{"Node Type": "Nested Loop", "Parent Relationship": "Outer", "Join Type": "Inner", "Startup Cost": 1030.37, "Total Cost": 412296.55, "Plan Rows": 406290, "Plan Width": 42, "Actual Startup Time": 17.841, "Actual Total Time": 9614.893, "Actual Rows": 454183, "Actual Loops": 1, "Inner Unique": false, "Plans": [{"Node Type": "Nested Loop", "Parent Relationship": "Outer", "Join Type": "Inner", "Startup Cost": 1030.37, "Total Cost": 37187.75, "Plan Rows": 300000, "Plan Width": 42, "Actual Startup Time": 17.772, "Actual Total Time": 679.01, "Actual Rows": 299838, "Actual Loops": 1, "Inner Unique": false, "Plans": [{"Node Type": "Nested Loop", "Parent Relationship": "Outer", "Join Type": "Inner", "Startup Cost": 0.0, "Total Cost": 25.34, "Plan Rows": 5, "Plan Width": 30, "Actual Startup Time": 0.049, "Actual Total Time": 0.211, "Actual Rows": 5, "Actual Loops": 1, "Inner Unique": true, "Join Filter": "(nation.n_regionkey = region.r_regionkey)", "Rows Removed by Join Filter": 20, "Plans": [{"Node Type": "Index Scan", "Parent Relationship": "Outer", "Scan Direction": "Forward", "Index Name": "nation_pkey", "Relation Name": "nation", "Alias": "nation", "Startup Cost": 0.0, "Total Cost": 12.62, "Plan Rows": 25, "Plan Width": 34, "Actual Startup Time": 0.02, "Actual Total Time": 0.133, "Actual Rows": 25, "Actual Loops": 1}, {"Node Type": "Materialize", "Parent Relationship": "Inner", "Startup Cost": 0.0, "Total Cost": 12.34, "Plan Rows": 1, "Plan Width": 4, "Actual Startup Time": 0.027, "Actual Total Time": 0.031, "Actual Rows": 25, "Actual Loops": 25, "Plans": [{"Node Type": "Index Scan", "Parent Relationship": "Outer", "Scan Direction": "Forward", "Index Name": "region_pkey", "Relation Name": "region", "Alias": "region", "Startup Cost": 0.0, "Total Cost": 12.34, "Plan Rows": 1, "Plan Width": 4, "Actual Startup Time": 0.015, "Actual Total Time": 0.017, "Actual Rows": 1, "Actual Loops": 1, "Filter": "(r_name = 'MIDDLE EAST'::bpchar)", "Rows Removed by Filter": 4}]}]}, {"Node Type": "Bitmap Heap Scan", "Parent Relationship": "Inner", "Relation Name": "customer", "Alias": "customer", "Startup Cost": 1030.37, "Total Cost": 6832.48, "Plan Rows": 60000, "Plan Width": 12, "Actual Startup Time": 90.173, "Actual Total Time": 595.446, "Actual Rows": 299838, "Actual Loops": 5, "Recheck Cond": "(c_nationkey = nation.n_nationkey)", "Rows Removed by Index Recheck": 0, "Exact Heap Blocks": 150033, "Lossy Heap Blocks": 150033, "Plans": [{"Node Type": "Bitmap Index Scan", "Parent Relationship": "Outer", "Index Name": "idx_customer_nationkey", "Startup Cost": 0.0, "Total Cost": 1015.37, "Plan Rows": 60000, "Plan Width": 0, "Actual Startup Time": 56.416, "Actual Total Time": 56.416, "Actual Rows": 299838, "Actual Loops": 5, "Index Cond": "(c_nationkey = nation.n_nationkey)"}]}]}, {"Node Type": "Index Scan", "Parent Relationship": "Inner", "Scan Direction": "Forward", "Index Name": "idx_orders_custkey", "Relation Name": "orders", "Alias": "orders", "Startup Cost": 0.0, "Total Cost": 1.24, "Plan Rows": 1, "Plan Width": 16, "Actual Startup Time": 4093.841, "Actual Total Time": 8656.874, "Actual Rows": 454183, "Actual Loops": 299838, "Index Cond": "(o_custkey = customer.c_custkey)", "Rows Removed by Index Recheck": 0, "Filter": "((o_orderdate >= '1994-01-01 00:00:00'::timestamp(0) without time zone) AND (o_orderdate < '1995-01-01 00:00:00'::timestamp without time zone))", "Rows Removed by Filter": 2542535}]}, {"Node Type": "Index Scan", "Parent Relationship": "Inner", "Scan Direction": "Forward", "Index Name": "idx_lineitem_orderkey", "Relation Name": "lineitem", "Alias": "lineitem", "Startup Cost": 0.0, "Total Cost": 3.05, "Plan Rows": 9, "Plan Width": 32, "Actual Startup Time": 4417.391, "Actual Total Time": 5404.4, "Actual Rows": 1815222, "Actual Loops": 454183, "Index Cond": "(l_orderkey = orders.o_orderkey)", "Rows Removed by Index Recheck": 0}]}, {"Node Type": "Index Scan", "Parent Relationship": "Inner", "Scan Direction": "Forward", "Index Name": "supplier_pkey", "Relation Name": "supplier", "Alias": "supplier", "Startup Cost": 0.0, "Total Cost": 0.27, "Plan Rows": 1, "Plan Width": 12, "Actual Startup Time": 7288.415, "Actual Total Time": 7886.679, "Actual Rows": 1815222, "Actual Loops": 1815222, "Index Cond": "(s_suppkey = lineitem.l_suppkey)", "Rows Removed by Index Recheck": 0}]}]}]}, "Triggers": [], "Planner Runtime": 2.875, "Total Runtime": 25116.032, "Unique SQL Id": 1392561963}}, "(64, 114)": {"explain_plan": {"Plan": {"Node Type": "Sort", "Startup Cost": 19319777.54, "Total Cost": 19319777.6, "Plan Rows": 25, "Plan Width": 50, "Sort Key": ["(sum((lineitem.l_extendedprice * (1::double precision - lineitem.l_discount)))) DESC"], "Plans": [{"Node Type": "Aggregate", "Strategy": "Hashed", "Parent Relationship": "Outer", "Startup Cost": 19319776.71, "Total Cost": 19319776.96, "Plan Rows": 25, "Plan Width": 50, "Group By Key": ["nation.n_name"], "Plans": [{"Node Type": "Nested Loop", "Parent Relationship": "Outer", "Join Type": "Inner", "Startup Cost": 1.42, "Total Cost": 19319682.81, "Plan Rows": 9390, "Plan Width": 42, "Inner Unique": true, "Join Filter": "(customer.c_nationkey = supplier.s_nationkey)", "Plans": [{"Node Type": "Nested Loop", "Parent Relationship": "Outer", "Join Type": "Inner", "Startup Cost": 1.16, "Total Cost": 3520745.57, "Plan Rows": 3688948, "Plan Width": 58, "Inner Unique": false, "Plans": [{"Node Type": "Nested Loop", "Parent Relationship": "Outer", "Join Type": "Inner", "Startup Cost": 0.43, "Total Cost": 1518677.24, "Plan Rows": 406290, "Plan Width": 42, "Inner Unique": false, "Plans": [{"Node Type": "Nested Loop", "Parent Relationship": "Outer", "Join Type": "Inner", "Startup Cost": 0.0, "Total Cost": 164628.64, "Plan Rows": 300000, "Plan Width": 42, "Inner Unique": false, "Join Filter": "(nation.n_nationkey = customer.c_nationkey), (LLVM Optimized)", "Plans": [{"Node Type": "Seq Scan", "Parent Relationship": "Outer", "Relation Name": "customer", "Alias": "customer", "Startup Cost": 0.0, "Total Cost": 52126.0, "Plan Rows": 1500000, "Plan Width": 12}, {"Node Type": "Materialize", "Parent Relationship": "Inner", "Startup Cost": 0.0, "Total Cost": 2.65, "Plan Rows": 5, "Plan Width": 30, "Plans": [{"Node Type": "Nested Loop", "Parent Relationship": "Outer", "Join Type": "Inner", "Startup Cost": 0.0, "Total Cost": 2.62, "Plan Rows": 5, "Plan Width": 30, "Inner Unique": false, "Join Filter": "(nation.n_regionkey = region.r_regionkey)", "Plans": [{"Node Type": "Seq Scan", "Parent Relationship": "Outer", "Relation Name": "region", "Alias": "region", "Startup Cost": 0.0, "Total Cost": 1.06, "Plan Rows": 1, "Plan Width": 4, "Filter": "(r_name = 'MIDDLE EAST'::bpchar)"}, {"Node Type": "Seq Scan", "Parent Relationship": "Inner", "Relation Name": "nation", "Alias": "nation", "Startup Cost": 0.0, "Total Cost": 1.25, "Plan Rows": 25, "Plan Width": 34}]}]}]}, {"Node Type": "Bitmap Heap Scan", "Parent Relationship": "Inner", "Relation Name": "orders", "Alias": "orders", "Startup Cost": 0.43, "Total Cost": 4.5, "Plan Rows": 1, "Plan Width": 16, "Recheck Cond": "(o_custkey = customer.c_custkey)", "Filter": "((o_orderdate >= '1994-01-01 00:00:00'::timestamp(0) without time zone) AND (o_orderdate < '1995-01-01 00:00:00'::timestamp without time zone))", "Plans": [{"Node Type": "Bitmap Index Scan", "Parent Relationship": "Outer", "Index Name": "idx_orders_custkey", "Startup Cost": 0.0, "Total Cost": 0.43, "Plan Rows": 4, "Plan Width": 0, "Index Cond": "(o_custkey = customer.c_custkey)"}]}]}, {"Node Type": "Bitmap Heap Scan", "Parent Relationship": "Inner", "Relation Name": "lineitem", "Alias": "lineitem", "Startup Cost": 0.73, "Total Cost": 4.84, "Plan Rows": 9, "Plan Width": 32, "Recheck Cond": "(l_orderkey = orders.o_orderkey)", "Plans": [{"Node Type": "Bitmap Index Scan", "Parent Relationship": "Outer", "Index Name": "idx_lineitem_orderkey", "Startup Cost": 0.0, "Total Cost": 0.72, "Plan Rows": 9, "Plan Width": 0, "Index Cond": "(l_orderkey = orders.o_orderkey)"}]}]}, {"Node Type": "Bitmap Heap Scan", "Parent Relationship": "Inner", "Relation Name": "supplier", "Alias": "supplier", "Startup Cost": 0.26, "Total Cost": 4.27, "Plan Rows": 1, "Plan Width": 12, "Recheck Cond": "(s_suppkey = lineitem.l_suppkey)", "Plans": [{"Node Type": "Bitmap Index Scan", "Parent Relationship": "Outer", "Index Name": "supplier_pkey", "Startup Cost": 0.0, "Total Cost": 0.26, "Plan Rows": 1, "Plan Width": 0, "Index Cond": "(s_suppkey = lineitem.l_suppkey)"}]}]}]}]}, "Unique SQL Id": 1392561963}, "explain_analyze_plan": null}, "(64, 115)": {"explain_plan": {"Plan": {"Node Type": "Sort", "Startup Cost": 46003135.57, "Total Cost": 46003135.63, "Plan Rows": 25, "Plan Width": 50, "Sort Key": ["(sum((lineitem.l_extendedprice * (1::double precision - lineitem.l_discount)))) DESC"], "Plans": [{"Node Type": "Aggregate", "Strategy": "Hashed", "Parent Relationship": "Outer", "Startup Cost": 46003134.74, "Total Cost": 46003134.99, "Plan Rows": 25, "Plan Width": 50, "Group By Key": ["nation.n_name"], "Plans": [{"Node Type": "Nested Loop", "Parent Relationship": "Outer", "Join Type": "Inner", "Startup Cost": 58362.35, "Total Cost": 46003040.84, "Plan Rows": 9390, "Plan Width": 42, "Inner Unique": true, "Join Filter": "(customer.c_nationkey = supplier.s_nationkey)", "Plans": [{"Node Type": "Nested Loop", "Parent Relationship": "Outer", "Join Type": "Inner", "Startup Cost": 58362.1, "Total Cost": 30204103.6, "Plan Rows": 3688948, "Plan Width": 58, "Inner Unique": false, "Plans": [{"Node Type": "Nested Loop", "Parent Relationship": "Outer", "Join Type": "Inner", "Startup Cost": 58361.37, "Total Cost": 28202035.27, "Plan Rows": 406290, "Plan Width": 42, "Inner Unique": true, "Plans": [{"Node Type": "Nested Loop", "Parent Relationship": "Outer", "Join Type": "Inner", "Startup Cost": 58360.79, "Total Cost": 18851769.58, "Plan Rows": 2031452, "Plan Width": 46, "Inner Unique": true, "Plans": [{"Node Type": "Nested Loop", "Parent Relationship": "Outer", "Join Type": "Inner", "Startup Cost": 58360.54, "Total Cost": 10156636.32, "Plan Rows": 2031452, "Plan Width": 12, "Inner Unique": true, "Plans": [{"Node Type": "Bitmap Heap Scan", "Parent Relationship": "Outer", "Relation Name": "orders", "Alias": "orders", "Startup Cost": 58360.27, "Total Cost": 369005.64, "Plan Rows": 2281758, "Plan Width": 16, "Recheck Cond": "((o_orderdate >= '1994-01-01 00:00:00'::timestamp(0) without time zone) AND (o_orderdate < '1995-01-01 00:00:00'::timestamp without time zone)), (LLVM Optimized)", "Plans": [{"Node Type": "Bitmap Index Scan", "Parent Relationship": "Outer", "Index Name": "idx_orders_orderdate", "Startup Cost": 0.0, "Total Cost": 57789.83, "Plan Rows": 2281758, "Plan Width": 0, "Index Cond": "((o_orderdate >= '1994-01-01 00:00:00'::timestamp(0) without time zone) AND (o_orderdate < '1995-01-01 00:00:00'::timestamp without time zone))"}]}, {"Node Type": "Bitmap Heap Scan", "Parent Relationship": "Inner", "Relation Name": "customer", "Alias": "customer", "Startup Cost": 0.27, "Total Cost": 4.28, "Plan Rows": 1, "Plan Width": 12, "Recheck Cond": "(c_custkey = orders.o_custkey)", "Plans": [{"Node Type": "Bitmap Index Scan", "Parent Relationship": "Outer", "Index Name": "customer_pkey", "Startup Cost": 0.0, "Total Cost": 0.27, "Plan Rows": 1, "Plan Width": 0, "Index Cond": "(c_custkey = orders.o_custkey)"}]}]}, {"Node Type": "Bitmap Heap Scan", "Parent Relationship": "Inner", "Relation Name": "nation", "Alias": "nation", "Startup Cost": 0.26, "Total Cost": 4.27, "Plan Rows": 1, "Plan Width": 34, "Recheck Cond": "(n_nationkey = customer.c_nationkey)", "Plans": [{"Node Type": "Bitmap Index Scan", "Parent Relationship": "Outer", "Index Name": "nation_pkey", "Startup Cost": 0.0, "Total Cost": 0.26, "Plan Rows": 1, "Plan Width": 0, "Index Cond": "(n_nationkey = customer.c_nationkey)"}]}]}, {"Node Type": "Bitmap Heap Scan", "Parent Relationship": "Inner", "Relation Name": "region", "Alias": "region", "Startup Cost": 0.58, "Total Cost": 4.59, "Plan Rows": 1, "Plan Width": 4, "Recheck Cond": "(r_regionkey = nation.n_regionkey)", "Filter": "(r_name = 'MIDDLE EAST'::bpchar)", "Plans": [{"Node Type": "Bitmap Index Scan", "Parent Relationship": "Outer", "Index Name": "region_pkey", "Startup Cost": 0.0, "Total Cost": 0.58, "Plan Rows": 1, "Plan Width": 0, "Index Cond": "(r_regionkey = nation.n_regionkey)"}]}]}, {"Node Type": "Bitmap Heap Scan", "Parent Relationship": "Inner", "Relation Name": "lineitem", "Alias": "lineitem", "Startup Cost": 0.73, "Total Cost": 4.84, "Plan Rows": 9, "Plan Width": 32, "Recheck Cond": "(l_orderkey = orders.o_orderkey)", "Plans": [{"Node Type": "Bitmap Index Scan", "Parent Relationship": "Outer", "Index Name": "idx_lineitem_orderkey", "Startup Cost": 0.0, "Total Cost": 0.72, "Plan Rows": 9, "Plan Width": 0, "Index Cond": "(l_orderkey = orders.o_orderkey)"}]}]}, {"Node Type": "Bitmap Heap Scan", "Parent Relationship": "Inner", "Relation Name": "supplier", "Alias": "supplier", "Startup Cost": 0.26, "Total Cost": 4.27, "Plan Rows": 1, "Plan Width": 12, "Recheck Cond": "(s_suppkey = lineitem.l_suppkey)", "Plans": [{"Node Type": "Bitmap Index Scan", "Parent Relationship": "Outer", "Index Name": "supplier_pkey", "Startup Cost": 0.0, "Total Cost": 0.26, "Plan Rows": 1, "Plan Width": 0, "Index Cond": "(s_suppkey = lineitem.l_suppkey)"}]}]}]}]}, "Unique SQL Id": 1392561963}, "explain_analyze_plan": null}, "(64, 116)": {"explain_plan": {"Plan": {"Node Type": "Sort", "Startup Cost": 2730959.0, "Total Cost": 2730959.06, "Plan Rows": 25, "Plan Width": 50, "Sort Key": ["(sum((lineitem.l_extendedprice * (1::double precision - lineitem.l_discount)))) DESC"], "Plans": [{"Node Type": "Aggregate", "Strategy": "Hashed", "Parent Relationship": "Outer", "Startup Cost": 2730958.17, "Total Cost": 2730958.42, "Plan Rows": 25, "Plan Width": 50, "Group By Key": ["nation.n_name"], "Plans": [{"Node Type": "Nested Loop", "Parent Relationship": "Outer", "Join Type": "Inner", "Startup Cost": 1030.37, "Total Cost": 2730864.27, "Plan Rows": 9390, "Plan Width": 42, "Inner Unique": true, "Join Filter": "(customer.c_nationkey = supplier.s_nationkey)", "Plans": [{"Node Type": "Nested Loop", "Parent Relationship": "Outer", "Join Type": "Inner", "Startup Cost": 1030.37, "Total Cost": 1688079.68, "Plan Rows": 3688948, "Plan Width": 58, "Inner Unique": false, "Plans": [{"Node Type": "Nested Loop", "Parent Relationship": "Outer", "Join Type": "Inner", "Startup Cost": 1030.37, "Total Cost": 412285.27, "Plan Rows": 406290, "Plan Width": 42, "Inner Unique": false, "Plans": [{"Node Type": "Nested Loop", "Parent Relationship": "Outer", "Join Type": "Inner", "Startup Cost": 1030.37, "Total Cost": 37176.47, "Plan Rows": 300000, "Plan Width": 42, "Inner Unique": false, "Plans": [{"Node Type": "Nested Loop", "Parent Relationship": "Outer", "Join Type": "Inner", "Startup Cost": 0.0, "Total Cost": 14.06, "Plan Rows": 5, "Plan Width": 30, "Inner Unique": true, "Join Filter": "(nation.n_regionkey = region.r_regionkey)", "Plans": [{"Node Type": "Index Scan", "Parent Relationship": "Outer", "Scan Direction": "Forward", "Index Name": "nation_pkey", "Relation Name": "nation", "Alias": "nation", "Startup Cost": 0.0, "Total Cost": 12.62, "Plan Rows": 25, "Plan Width": 34}, {"Node Type": "Materialize", "Parent Relationship": "Inner", "Startup Cost": 0.0, "Total Cost": 1.07, "Plan Rows": 1, "Plan Width": 4, "Plans": [{"Node Type": "Seq Scan", "Parent Relationship": "Outer", "Relation Name": "region", "Alias": "region", "Startup Cost": 0.0, "Total Cost": 1.06, "Plan Rows": 1, "Plan Width": 4, "Filter": "(r_name = 'MIDDLE EAST'::bpchar)"}]}]}, {"Node Type": "Bitmap Heap Scan", "Parent Relationship": "Inner", "Relation Name": "customer", "Alias": "customer", "Startup Cost": 1030.37, "Total Cost": 6832.48, "Plan Rows": 60000, "Plan Width": 12, "Recheck Cond": "(c_nationkey = nation.n_nationkey)", "Plans": [{"Node Type": "Bitmap Index Scan", "Parent Relationship": "Outer", "Index Name": "idx_customer_nationkey", "Startup Cost": 0.0, "Total Cost": 1015.37, "Plan Rows": 60000, "Plan Width": 0, "Index Cond": "(c_nationkey = nation.n_nationkey)"}]}]}, {"Node Type": "Index Scan", "Parent Relationship": "Inner", "Scan Direction": "Forward", "Index Name": "idx_orders_custkey", "Relation Name": "orders", "Alias": "orders", "Startup Cost": 0.0, "Total Cost": 1.24, "Plan Rows": 1, "Plan Width": 16, "Index Cond": "(o_custkey = customer.c_custkey)", "Filter": "((o_orderdate >= '1994-01-01 00:00:00'::timestamp(0) without time zone) AND (o_orderdate < '1995-01-01 00:00:00'::timestamp without time zone))"}]}, {"Node Type": "Index Scan", "Parent Relationship": "Inner", "Scan Direction": "Forward", "Index Name": "idx_lineitem_orderkey", "Relation Name": "lineitem", "Alias": "lineitem", "Startup Cost": 0.0, "Total Cost": 3.05, "Plan Rows": 9, "Plan Width": 32, "Index Cond": "(l_orderkey = orders.o_orderkey)"}]}, {"Node Type": "Index Scan", "Parent Relationship": "Inner", "Scan Direction": "Forward", "Index Name": "supplier_pkey", "Relation Name": "supplier", "Alias": "supplier", "Startup Cost": 0.0, "Total Cost": 0.27, "Plan Rows": 1, "Plan Width": 12, "Index Cond": "(s_suppkey = lineitem.l_suppkey)"}]}]}]}, "Unique SQL Id": 1392561963}, "explain_analyze_plan": {"Plan": {"Node Type": "Sort", "Startup Cost": 2730959.0, "Total Cost": 2730959.06, "Plan Rows": 25, "Plan Width": 50, "Actual Startup Time": 26448.621, "Actual Total Time": 26448.621, "Actual Rows": 5, "Actual Loops": 1, "Sort Key": ["(sum((lineitem.l_extendedprice * (1::double precision - lineitem.l_discount)))) DESC"], "Sort Method": "quicksort", "Sort Space Used": 25, "Sort Space Type": "Memory", "Plans": [{"Node Type": "Aggregate", "Strategy": "Hashed", "Parent Relationship": "Outer", "Startup Cost": 2730958.17, "Total Cost": 2730958.42, "Plan Rows": 25, "Plan Width": 50, "Actual Startup Time": 26448.569, "Actual Total Time": 26448.571, "Actual Rows": 5, "Actual Loops": 1, "Group By Key": ["nation.n_name"], "Plans": [{"Node Type": "Nested Loop", "Parent Relationship": "Outer", "Join Type": "Inner", "Startup Cost": 1030.37, "Total Cost": 2730864.27, "Plan Rows": 9390, "Plan Width": 42, "Actual Startup Time": 20.053, "Actual Total Time": 26353.041, "Actual Rows": 72985, "Actual Loops": 1, "Inner Unique": true, "Join Filter": "(customer.c_nationkey = supplier.s_nationkey)", "Rows Removed by Join Filter": 1742237, "Plans": [{"Node Type": "Nested Loop", "Parent Relationship": "Outer", "Join Type": "Inner", "Startup Cost": 1030.37, "Total Cost": 1688079.68, "Plan Rows": 3688948, "Plan Width": 58, "Actual Startup Time": 19.867, "Actual Total Time": 16770.717, "Actual Rows": 1815222, "Actual Loops": 1, "Inner Unique": false, "Plans": [{"Node Type": "Nested Loop", "Parent Relationship": "Outer", "Join Type": "Inner", "Startup Cost": 1030.37, "Total Cost": 412285.27, "Plan Rows": 406290, "Plan Width": 42, "Actual Startup Time": 19.844, "Actual Total Time": 10489.561, "Actual Rows": 454183, "Actual Loops": 1, "Inner Unique": false, "Plans": [{"Node Type": "Nested Loop", "Parent Relationship": "Outer", "Join Type": "Inner", "Startup Cost": 1030.37, "Total Cost": 37176.47, "Plan Rows": 300000, "Plan Width": 42, "Actual Startup Time": 19.735, "Actual Total Time": 728.028, "Actual Rows": 299838, "Actual Loops": 1, "Inner Unique": false, "Plans": [{"Node Type": "Nested Loop", "Parent Relationship": "Outer", "Join Type": "Inner", "Startup Cost": 0.0, "Total Cost": 14.06, "Plan Rows": 5, "Plan Width": 30, "Actual Startup Time": 0.051, "Actual Total Time": 0.186, "Actual Rows": 5, "Actual Loops": 1, "Inner Unique": true, "Join Filter": "(nation.n_regionkey = region.r_regionkey)", "Rows Removed by Join Filter": 20, "Plans": [{"Node Type": "Index Scan", "Parent Relationship": "Outer", "Scan Direction": "Forward", "Index Name": "nation_pkey", "Relation Name": "nation", "Alias": "nation", "Startup Cost": 0.0, "Total Cost": 12.62, "Plan Rows": 25, "Plan Width": 34, "Actual Startup Time": 0.019, "Actual Total Time": 0.101, "Actual Rows": 25, "Actual Loops": 1}, {"Node Type": "Materialize", "Parent Relationship": "Inner", "Startup Cost": 0.0, "Total Cost": 1.07, "Plan Rows": 1, "Plan Width": 4, "Actual Startup Time": 0.031, "Actual Total Time": 0.033, "Actual Rows": 25, "Actual Loops": 25, "Plans": [{"Node Type": "Seq Scan", "Parent Relationship": "Outer", "Relation Name": "region", "Alias": "region", "Startup Cost": 0.0, "Total Cost": 1.06, "Plan Rows": 1, "Plan Width": 4, "Actual Startup Time": 0.016, "Actual Total Time": 0.018, "Actual Rows": 1, "Actual Loops": 1, "Filter": "(r_name = 'MIDDLE EAST'::bpchar)", "Rows Removed by Filter": 4}]}]}, {"Node Type": "Bitmap Heap Scan", "Parent Relationship": "Inner", "Relation Name": "customer", "Alias": "customer", "Startup Cost": 1030.37, "Total Cost": 6832.48, "Plan Rows": 60000, "Plan Width": 12, "Actual Startup Time": 96.945, "Actual Total Time": 650.004, "Actual Rows": 299838, "Actual Loops": 5, "Recheck Cond": "(c_nationkey = nation.n_nationkey)", "Rows Removed by Index Recheck": 0, "Exact Heap Blocks": 150033, "Lossy Heap Blocks": 150033, "Plans": [{"Node Type": "Bitmap Index Scan", "Parent Relationship": "Outer", "Index Name": "idx_customer_nationkey", "Startup Cost": 0.0, "Total Cost": 1015.37, "Plan Rows": 60000, "Plan Width": 0, "Actual Startup Time": 63.924, "Actual Total Time": 63.924, "Actual Rows": 299838, "Actual Loops": 5, "Index Cond": "(c_nationkey = nation.n_nationkey)"}]}]}, {"Node Type": "Index Scan", "Parent Relationship": "Inner", "Scan Direction": "Forward", "Index Name": "idx_orders_custkey", "Relation Name": "orders", "Alias": "orders", "Startup Cost": 0.0, "Total Cost": 1.24, "Plan Rows": 1, "Plan Width": 16, "Actual Startup Time": 4481.686, "Actual Total Time": 9487.799, "Actual Rows": 454183, "Actual Loops": 299838, "Index Cond": "(o_custkey = customer.c_custkey)", "Rows Removed by Index Recheck": 0, "Filter": "((o_orderdate >= '1994-01-01 00:00:00'::timestamp(0) without time zone) AND (o_orderdate < '1995-01-01 00:00:00'::timestamp without time zone))", "Rows Removed by Filter": 2542535}]}, {"Node Type": "Index Scan", "Parent Relationship": "Inner", "Scan Direction": "Forward", "Index Name": "idx_lineitem_orderkey", "Relation Name": "lineitem", "Alias": "lineitem", "Startup Cost": 0.0, "Total Cost": 3.05, "Plan Rows": 9, "Plan Width": 32, "Actual Startup Time": 4636.408, "Actual Total Time": 5590.231, "Actual Rows": 1815222, "Actual Loops": 454183, "Index Cond": "(l_orderkey = orders.o_orderkey)", "Rows Removed by Index Recheck": 0}]}, {"Node Type": "Index Scan", "Parent Relationship": "Inner", "Scan Direction": "Forward", "Index Name": "supplier_pkey", "Relation Name": "supplier", "Alias": "supplier", "Startup Cost": 0.0, "Total Cost": 0.27, "Plan Rows": 1, "Plan Width": 12, "Actual Startup Time": 7558.425, "Actual Total Time": 8153.917, "Actual Rows": 1815222, "Actual Loops": 1815222, "Index Cond": "(s_suppkey = lineitem.l_suppkey)", "Rows Removed by Index Recheck": 0}]}]}]}, "Triggers": [], "Planner Runtime": 3.08, "Total Runtime": 26449.096, "Unique SQL Id": 1392561963}}, "(64, 117)": {"explain_plan": {"Plan": {"Node Type": "Sort", "Startup Cost": 2730970.27, "Total Cost": 2730970.34, "Plan Rows": 25, "Plan Width": 50, "Sort Key": ["(sum((lineitem.l_extendedprice * (1::double precision - lineitem.l_discount)))) DESC"], "Plans": [{"Node Type": "Aggregate", "Strategy": "Hashed", "Parent Relationship": "Outer", "Startup Cost": 2730969.44, "Total Cost": 2730969.69, "Plan Rows": 25, "Plan Width": 50, "Group By Key": ["nation.n_name"], "Plans": [{"Node Type": "Nested Loop", "Parent Relationship": "Outer", "Join Type": "Inner", "Startup Cost": 1030.37, "Total Cost": 2730875.54, "Plan Rows": 9390, "Plan Width": 42, "Inner Unique": true, "Join Filter": "(customer.c_nationkey = supplier.s_nationkey)", "Plans": [{"Node Type": "Nested Loop", "Parent Relationship": "Outer", "Join Type": "Inner", "Startup Cost": 1030.37, "Total Cost": 1688090.96, "Plan Rows": 3688948, "Plan Width": 58, "Inner Unique": false, "Plans": [{"Node Type": "Nested Loop", "Parent Relationship": "Outer", "Join Type": "Inner", "Startup Cost": 1030.37, "Total Cost": 412296.55, "Plan Rows": 406290, "Plan Width": 42, "Inner Unique": false, "Plans": [{"Node Type": "Nested Loop", "Parent Relationship": "Outer", "Join Type": "Inner", "Startup Cost": 1030.37, "Total Cost": 37187.75, "Plan Rows": 300000, "Plan Width": 42, "Inner Unique": false, "Plans": [{"Node Type": "Nested Loop", "Parent Relationship": "Outer", "Join Type": "Inner", "Startup Cost": 0.0, "Total Cost": 25.34, "Plan Rows": 5, "Plan Width": 30, "Inner Unique": true, "Join Filter": "(nation.n_regionkey = region.r_regionkey)", "Plans": [{"Node Type": "Index Scan", "Parent Relationship": "Outer", "Scan Direction": "Forward", "Index Name": "nation_pkey", "Relation Name": "nation", "Alias": "nation", "Startup Cost": 0.0, "Total Cost": 12.62, "Plan Rows": 25, "Plan Width": 34}, {"Node Type": "Materialize", "Parent Relationship": "Inner", "Startup Cost": 0.0, "Total Cost": 12.34, "Plan Rows": 1, "Plan Width": 4, "Plans": [{"Node Type": "Index Scan", "Parent Relationship": "Outer", "Scan Direction": "Forward", "Index Name": "region_pkey", "Relation Name": "region", "Alias": "region", "Startup Cost": 0.0, "Total Cost": 12.34, "Plan Rows": 1, "Plan Width": 4, "Filter": "(r_name = 'MIDDLE EAST'::bpchar)"}]}]}, {"Node Type": "Bitmap Heap Scan", "Parent Relationship": "Inner", "Relation Name": "customer", "Alias": "customer", "Startup Cost": 1030.37, "Total Cost": 6832.48, "Plan Rows": 60000, "Plan Width": 12, "Recheck Cond": "(c_nationkey = nation.n_nationkey)", "Plans": [{"Node Type": "Bitmap Index Scan", "Parent Relationship": "Outer", "Index Name": "idx_customer_nationkey", "Startup Cost": 0.0, "Total Cost": 1015.37, "Plan Rows": 60000, "Plan Width": 0, "Index Cond": "(c_nationkey = nation.n_nationkey)"}]}]}, {"Node Type": "Index Scan", "Parent Relationship": "Inner", "Scan Direction": "Forward", "Index Name": "idx_orders_custkey", "Relation Name": "orders", "Alias": "orders", "Startup Cost": 0.0, "Total Cost": 1.24, "Plan Rows": 1, "Plan Width": 16, "Index Cond": "(o_custkey = customer.c_custkey)", "Filter": "((o_orderdate >= '1994-01-01 00:00:00'::timestamp(0) without time zone) AND (o_orderdate < '1995-01-01 00:00:00'::timestamp without time zone))"}]}, {"Node Type": "Index Scan", "Parent Relationship": "Inner", "Scan Direction": "Forward", "Index Name": "idx_lineitem_orderkey", "Relation Name": "lineitem", "Alias": "lineitem", "Startup Cost": 0.0, "Total Cost": 3.05, "Plan Rows": 9, "Plan Width": 32, "Index Cond": "(l_orderkey = orders.o_orderkey)"}]}, {"Node Type": "Index Scan", "Parent Relationship": "Inner", "Scan Direction": "Forward", "Index Name": "supplier_pkey", "Relation Name": "supplier", "Alias": "supplier", "Startup Cost": 0.0, "Total Cost": 0.27, "Plan Rows": 1, "Plan Width": 12, "Index Cond": "(s_suppkey = lineitem.l_suppkey)"}]}]}]}, "Unique SQL Id": 1392561963}, "explain_analyze_plan": {"Plan": {"Node Type": "Sort", "Startup Cost": 2730970.27, "Total Cost": 2730970.34, "Plan Rows": 25, "Plan Width": 50, "Actual Startup Time": 25115.509, "Actual Total Time": 25115.51, "Actual Rows": 5, "Actual Loops": 1, "Sort Key": ["(sum((lineitem.l_extendedprice * (1::double precision - lineitem.l_discount)))) DESC"], "Sort Method": "quicksort", "Sort Space Used": 25, "Sort Space Type": "Memory", "Plans": [{"Node Type": "Aggregate", "Strategy": "Hashed", "Parent Relationship": "Outer", "Startup Cost": 2730969.44, "Total Cost": 2730969.69, "Plan Rows": 25, "Plan Width": 50, "Actual Startup Time": 25115.385, "Actual Total Time": 25115.393, "Actual Rows": 5, "Actual Loops": 1, "Group By Key": ["nation.n_name"], "Plans": [{"Node Type": "Nested Loop", "Parent Relationship": "Outer", "Join Type": "Inner", "Startup Cost": 1030.37, "Total Cost": 2730875.54, "Plan Rows": 9390, "Plan Width": 42, "Actual Startup Time": 17.97, "Actual Total Time": 25012.981, "Actual Rows": 72985, "Actual Loops": 1, "Inner Unique": true, "Join Filter": "(customer.c_nationkey = supplier.s_nationkey)", "Rows Removed by Join Filter": 1742237, "Plans": [{"Node Type": "Nested Loop", "Parent Relationship": "Outer", "Join Type": "Inner", "Startup Cost": 1030.37, "Total Cost": 1688090.96, "Plan Rows": 3688948, "Plan Width": 58, "Actual Startup Time": 17.857, "Actual Total Time": 15704.735, "Actual Rows": 1815222, "Actual Loops": 1, "Inner Unique": false, "Plans": [{"Node Type": "Nested Loop", "Parent Relationship": "Outer", "Join Type": "Inner", "Startup Cost": 1030.37, "Total Cost": 412296.55, "Plan Rows": 406290, "Plan Width": 42, "Actual Startup Time": 17.841, "Actual Total Time": 9614.893, "Actual Rows": 454183, "Actual Loops": 1, "Inner Unique": false, "Plans": [{"Node Type": "Nested Loop", "Parent Relationship": "Outer", "Join Type": "Inner", "Startup Cost": 1030.37, "Total Cost": 37187.75, "Plan Rows": 300000, "Plan Width": 42, "Actual Startup Time": 17.772, "Actual Total Time": 679.01, "Actual Rows": 299838, "Actual Loops": 1, "Inner Unique": false, "Plans": [{"Node Type": "Nested Loop", "Parent Relationship": "Outer", "Join Type": "Inner", "Startup Cost": 0.0, "Total Cost": 25.34, "Plan Rows": 5, "Plan Width": 30, "Actual Startup Time": 0.049, "Actual Total Time": 0.211, "Actual Rows": 5, "Actual Loops": 1, "Inner Unique": true, "Join Filter": "(nation.n_regionkey = region.r_regionkey)", "Rows Removed by Join Filter": 20, "Plans": [{"Node Type": "Index Scan", "Parent Relationship": "Outer", "Scan Direction": "Forward", "Index Name": "nation_pkey", "Relation Name": "nation", "Alias": "nation", "Startup Cost": 0.0, "Total Cost": 12.62, "Plan Rows": 25, "Plan Width": 34, "Actual Startup Time": 0.02, "Actual Total Time": 0.133, "Actual Rows": 25, "Actual Loops": 1}, {"Node Type": "Materialize", "Parent Relationship": "Inner", "Startup Cost": 0.0, "Total Cost": 12.34, "Plan Rows": 1, "Plan Width": 4, "Actual Startup Time": 0.027, "Actual Total Time": 0.031, "Actual Rows": 25, "Actual Loops": 25, "Plans": [{"Node Type": "Index Scan", "Parent Relationship": "Outer", "Scan Direction": "Forward", "Index Name": "region_pkey", "Relation Name": "region", "Alias": "region", "Startup Cost": 0.0, "Total Cost": 12.34, "Plan Rows": 1, "Plan Width": 4, "Actual Startup Time": 0.015, "Actual Total Time": 0.017, "Actual Rows": 1, "Actual Loops": 1, "Filter": "(r_name = 'MIDDLE EAST'::bpchar)", "Rows Removed by Filter": 4}]}]}, {"Node Type": "Bitmap Heap Scan", "Parent Relationship": "Inner", "Relation Name": "customer", "Alias": "customer", "Startup Cost": 1030.37, "Total Cost": 6832.48, "Plan Rows": 60000, "Plan Width": 12, "Actual Startup Time": 90.173, "Actual Total Time": 595.446, "Actual Rows": 299838, "Actual Loops": 5, "Recheck Cond": "(c_nationkey = nation.n_nationkey)", "Rows Removed by Index Recheck": 0, "Exact Heap Blocks": 150033, "Lossy Heap Blocks": 150033, "Plans": [{"Node Type": "Bitmap Index Scan", "Parent Relationship": "Outer", "Index Name": "idx_customer_nationkey", "Startup Cost": 0.0, "Total Cost": 1015.37, "Plan Rows": 60000, "Plan Width": 0, "Actual Startup Time": 56.416, "Actual Total Time": 56.416, "Actual Rows": 299838, "Actual Loops": 5, "Index Cond": "(c_nationkey = nation.n_nationkey)"}]}]}, {"Node Type": "Index Scan", "Parent Relationship": "Inner", "Scan Direction": "Forward", "Index Name": "idx_orders_custkey", "Relation Name": "orders", "Alias": "orders", "Startup Cost": 0.0, "Total Cost": 1.24, "Plan Rows": 1, "Plan Width": 16, "Actual Startup Time": 4093.841, "Actual Total Time": 8656.874, "Actual Rows": 454183, "Actual Loops": 299838, "Index Cond": "(o_custkey = customer.c_custkey)", "Rows Removed by Index Recheck": 0, "Filter": "((o_orderdate >= '1994-01-01 00:00:00'::timestamp(0) without time zone) AND (o_orderdate < '1995-01-01 00:00:00'::timestamp without time zone))", "Rows Removed by Filter": 2542535}]}, {"Node Type": "Index Scan", "Parent Relationship": "Inner", "Scan Direction": "Forward", "Index Name": "idx_lineitem_orderkey", "Relation Name": "lineitem", "Alias": "lineitem", "Startup Cost": 0.0, "Total Cost": 3.05, "Plan Rows": 9, "Plan Width": 32, "Actual Startup Time": 4417.391, "Actual Total Time": 5404.4, "Actual Rows": 1815222, "Actual Loops": 454183, "Index Cond": "(l_orderkey = orders.o_orderkey)", "Rows Removed by Index Recheck": 0}]}, {"Node Type": "Index Scan", "Parent Relationship": "Inner", "Scan Direction": "Forward", "Index Name": "supplier_pkey", "Relation Name": "supplier", "Alias": "supplier", "Startup Cost": 0.0, "Total Cost": 0.27, "Plan Rows": 1, "Plan Width": 12, "Actual Startup Time": 7288.415, "Actual Total Time": 7886.679, "Actual Rows": 1815222, "Actual Loops": 1815222, "Index Cond": "(s_suppkey = lineitem.l_suppkey)", "Rows Removed by Index Recheck": 0}]}]}]}, "Triggers": [], "Planner Runtime": 2.875, "Total Runtime": 25116.032, "Unique SQL Id": 1392561963}}, "(64, 118)": {"explain_plan": {"Plan": {"Node Type": "Sort", "Startup Cost": 19319777.54, "Total Cost": 19319777.6, "Plan Rows": 25, "Plan Width": 50, "Sort Key": ["(sum((lineitem.l_extendedprice * (1::double precision - lineitem.l_discount)))) DESC"], "Plans": [{"Node Type": "Aggregate", "Strategy": "Hashed", "Parent Relationship": "Outer", "Startup Cost": 19319776.71, "Total Cost": 19319776.96, "Plan Rows": 25, "Plan Width": 50, "Group By Key": ["nation.n_name"], "Plans": [{"Node Type": "Nested Loop", "Parent Relationship": "Outer", "Join Type": "Inner", "Startup Cost": 1.42, "Total Cost": 19319682.81, "Plan Rows": 9390, "Plan Width": 42, "Inner Unique": true, "Join Filter": "(customer.c_nationkey = supplier.s_nationkey)", "Plans": [{"Node Type": "Nested Loop", "Parent Relationship": "Outer", "Join Type": "Inner", "Startup Cost": 1.16, "Total Cost": 3520745.57, "Plan Rows": 3688948, "Plan Width": 58, "Inner Unique": false, "Plans": [{"Node Type": "Nested Loop", "Parent Relationship": "Outer", "Join Type": "Inner", "Startup Cost": 0.43, "Total Cost": 1518677.24, "Plan Rows": 406290, "Plan Width": 42, "Inner Unique": false, "Plans": [{"Node Type": "Nested Loop", "Parent Relationship": "Outer", "Join Type": "Inner", "Startup Cost": 0.0, "Total Cost": 164628.64, "Plan Rows": 300000, "Plan Width": 42, "Inner Unique": false, "Join Filter": "(nation.n_nationkey = customer.c_nationkey), (LLVM Optimized)", "Plans": [{"Node Type": "Seq Scan", "Parent Relationship": "Outer", "Relation Name": "customer", "Alias": "customer", "Startup Cost": 0.0, "Total Cost": 52126.0, "Plan Rows": 1500000, "Plan Width": 12}, {"Node Type": "Materialize", "Parent Relationship": "Inner", "Startup Cost": 0.0, "Total Cost": 2.65, "Plan Rows": 5, "Plan Width": 30, "Plans": [{"Node Type": "Nested Loop", "Parent Relationship": "Outer", "Join Type": "Inner", "Startup Cost": 0.0, "Total Cost": 2.62, "Plan Rows": 5, "Plan Width": 30, "Inner Unique": false, "Join Filter": "(nation.n_regionkey = region.r_regionkey)", "Plans": [{"Node Type": "Seq Scan", "Parent Relationship": "Outer", "Relation Name": "region", "Alias": "region", "Startup Cost": 0.0, "Total Cost": 1.06, "Plan Rows": 1, "Plan Width": 4, "Filter": "(r_name = 'MIDDLE EAST'::bpchar)"}, {"Node Type": "Seq Scan", "Parent Relationship": "Inner", "Relation Name": "nation", "Alias": "nation", "Startup Cost": 0.0, "Total Cost": 1.25, "Plan Rows": 25, "Plan Width": 34}]}]}]}, {"Node Type": "Bitmap Heap Scan", "Parent Relationship": "Inner", "Relation Name": "orders", "Alias": "orders", "Startup Cost": 0.43, "Total Cost": 4.5, "Plan Rows": 1, "Plan Width": 16, "Recheck Cond": "(o_custkey = customer.c_custkey)", "Filter": "((o_orderdate >= '1994-01-01 00:00:00'::timestamp(0) without time zone) AND (o_orderdate < '1995-01-01 00:00:00'::timestamp without time zone))", "Plans": [{"Node Type": "Bitmap Index Scan", "Parent Relationship": "Outer", "Index Name": "idx_orders_custkey", "Startup Cost": 0.0, "Total Cost": 0.43, "Plan Rows": 4, "Plan Width": 0, "Index Cond": "(o_custkey = customer.c_custkey)"}]}]}, {"Node Type": "Bitmap Heap Scan", "Parent Relationship": "Inner", "Relation Name": "lineitem", "Alias": "lineitem", "Startup Cost": 0.73, "Total Cost": 4.84, "Plan Rows": 9, "Plan Width": 32, "Recheck Cond": "(l_orderkey = orders.o_orderkey)", "Plans": [{"Node Type": "Bitmap Index Scan", "Parent Relationship": "Outer", "Index Name": "idx_lineitem_orderkey", "Startup Cost": 0.0, "Total Cost": 0.72, "Plan Rows": 9, "Plan Width": 0, "Index Cond": "(l_orderkey = orders.o_orderkey)"}]}]}, {"Node Type": "Bitmap Heap Scan", "Parent Relationship": "Inner", "Relation Name": "supplier", "Alias": "supplier", "Startup Cost": 0.26, "Total Cost": 4.27, "Plan Rows": 1, "Plan Width": 12, "Recheck Cond": "(s_suppkey = lineitem.l_suppkey)", "Plans": [{"Node Type": "Bitmap Index Scan", "Parent Relationship": "Outer", "Index Name": "supplier_pkey", "Startup Cost": 0.0, "Total Cost": 0.26, "Plan Rows": 1, "Plan Width": 0, "Index Cond": "(s_suppkey = lineitem.l_suppkey)"}]}]}]}]}, "Unique SQL Id": 1392561963}, "explain_analyze_plan": null}, "(64, 119)": {"explain_plan": {"Plan": {"Node Type": "Sort", "Startup Cost": 46003135.57, "Total Cost": 46003135.63, "Plan Rows": 25, "Plan Width": 50, "Sort Key": ["(sum((lineitem.l_extendedprice * (1::double precision - lineitem.l_discount)))) DESC"], "Plans": [{"Node Type": "Aggregate", "Strategy": "Hashed", "Parent Relationship": "Outer", "Startup Cost": 46003134.74, "Total Cost": 46003134.99, "Plan Rows": 25, "Plan Width": 50, "Group By Key": ["nation.n_name"], "Plans": [{"Node Type": "Nested Loop", "Parent Relationship": "Outer", "Join Type": "Inner", "Startup Cost": 58362.35, "Total Cost": 46003040.84, "Plan Rows": 9390, "Plan Width": 42, "Inner Unique": true, "Join Filter": "(customer.c_nationkey = supplier.s_nationkey)", "Plans": [{"Node Type": "Nested Loop", "Parent Relationship": "Outer", "Join Type": "Inner", "Startup Cost": 58362.1, "Total Cost": 30204103.6, "Plan Rows": 3688948, "Plan Width": 58, "Inner Unique": false, "Plans": [{"Node Type": "Nested Loop", "Parent Relationship": "Outer", "Join Type": "Inner", "Startup Cost": 58361.37, "Total Cost": 28202035.27, "Plan Rows": 406290, "Plan Width": 42, "Inner Unique": true, "Plans": [{"Node Type": "Nested Loop", "Parent Relationship": "Outer", "Join Type": "Inner", "Startup Cost": 58360.79, "Total Cost": 18851769.58, "Plan Rows": 2031452, "Plan Width": 46, "Inner Unique": true, "Plans": [{"Node Type": "Nested Loop", "Parent Relationship": "Outer", "Join Type": "Inner", "Startup Cost": 58360.54, "Total Cost": 10156636.32, "Plan Rows": 2031452, "Plan Width": 12, "Inner Unique": true, "Plans": [{"Node Type": "Bitmap Heap Scan", "Parent Relationship": "Outer", "Relation Name": "orders", "Alias": "orders", "Startup Cost": 58360.27, "Total Cost": 369005.64, "Plan Rows": 2281758, "Plan Width": 16, "Recheck Cond": "((o_orderdate >= '1994-01-01 00:00:00'::timestamp(0) without time zone) AND (o_orderdate < '1995-01-01 00:00:00'::timestamp without time zone)), (LLVM Optimized)", "Plans": [{"Node Type": "Bitmap Index Scan", "Parent Relationship": "Outer", "Index Name": "idx_orders_orderdate", "Startup Cost": 0.0, "Total Cost": 57789.83, "Plan Rows": 2281758, "Plan Width": 0, "Index Cond": "((o_orderdate >= '1994-01-01 00:00:00'::timestamp(0) without time zone) AND (o_orderdate < '1995-01-01 00:00:00'::timestamp without time zone))"}]}, {"Node Type": "Bitmap Heap Scan", "Parent Relationship": "Inner", "Relation Name": "customer", "Alias": "customer", "Startup Cost": 0.27, "Total Cost": 4.28, "Plan Rows": 1, "Plan Width": 12, "Recheck Cond": "(c_custkey = orders.o_custkey)", "Plans": [{"Node Type": "Bitmap Index Scan", "Parent Relationship": "Outer", "Index Name": "customer_pkey", "Startup Cost": 0.0, "Total Cost": 0.27, "Plan Rows": 1, "Plan Width": 0, "Index Cond": "(c_custkey = orders.o_custkey)"}]}]}, {"Node Type": "Bitmap Heap Scan", "Parent Relationship": "Inner", "Relation Name": "nation", "Alias": "nation", "Startup Cost": 0.26, "Total Cost": 4.27, "Plan Rows": 1, "Plan Width": 34, "Recheck Cond": "(n_nationkey = customer.c_nationkey)", "Plans": [{"Node Type": "Bitmap Index Scan", "Parent Relationship": "Outer", "Index Name": "nation_pkey", "Startup Cost": 0.0, "Total Cost": 0.26, "Plan Rows": 1, "Plan Width": 0, "Index Cond": "(n_nationkey = customer.c_nationkey)"}]}]}, {"Node Type": "Bitmap Heap Scan", "Parent Relationship": "Inner", "Relation Name": "region", "Alias": "region", "Startup Cost": 0.58, "Total Cost": 4.59, "Plan Rows": 1, "Plan Width": 4, "Recheck Cond": "(r_regionkey = nation.n_regionkey)", "Filter": "(r_name = 'MIDDLE EAST'::bpchar)", "Plans": [{"Node Type": "Bitmap Index Scan", "Parent Relationship": "Outer", "Index Name": "region_pkey", "Startup Cost": 0.0, "Total Cost": 0.58, "Plan Rows": 1, "Plan Width": 0, "Index Cond": "(r_regionkey = nation.n_regionkey)"}]}]}, {"Node Type": "Bitmap Heap Scan", "Parent Relationship": "Inner", "Relation Name": "lineitem", "Alias": "lineitem", "Startup Cost": 0.73, "Total Cost": 4.84, "Plan Rows": 9, "Plan Width": 32, "Recheck Cond": "(l_orderkey = orders.o_orderkey)", "Plans": [{"Node Type": "Bitmap Index Scan", "Parent Relationship": "Outer", "Index Name": "idx_lineitem_orderkey", "Startup Cost": 0.0, "Total Cost": 0.72, "Plan Rows": 9, "Plan Width": 0, "Index Cond": "(l_orderkey = orders.o_orderkey)"}]}]}, {"Node Type": "Bitmap Heap Scan", "Parent Relationship": "Inner", "Relation Name": "supplier", "Alias": "supplier", "Startup Cost": 0.26, "Total Cost": 4.27, "Plan Rows": 1, "Plan Width": 12, "Recheck Cond": "(s_suppkey = lineitem.l_suppkey)", "Plans": [{"Node Type": "Bitmap Index Scan", "Parent Relationship": "Outer", "Index Name": "supplier_pkey", "Startup Cost": 0.0, "Total Cost": 0.26, "Plan Rows": 1, "Plan Width": 0, "Index Cond": "(s_suppkey = lineitem.l_suppkey)"}]}]}]}]}, "Unique SQL Id": 1392561963}, "explain_analyze_plan": null}, "(64, 120)": {"explain_plan": {"Plan": {"Node Type": "Sort", "Startup Cost": 2735308.72, "Total Cost": 2735308.78, "Plan Rows": 25, "Plan Width": 50, "Sort Key": ["(sum((lineitem.l_extendedprice * (1::double precision - lineitem.l_discount)))) DESC"], "Plans": [{"Node Type": "Aggregate", "Strategy": "Hashed", "Parent Relationship": "Outer", "Startup Cost": 2735307.89, "Total Cost": 2735308.14, "Plan Rows": 25, "Plan Width": 50, "Group By Key": ["nation.n_name"], "Plans": [{"Node Type": "Nested Loop", "Parent Relationship": "Outer", "Join Type": "Inner", "Startup Cost": 0.0, "Total Cost": 2735213.99, "Plan Rows": 9390, "Plan Width": 42, "Inner Unique": true, "Join Filter": "(customer.c_nationkey = supplier.s_nationkey)", "Plans": [{"Node Type": "Nested Loop", "Parent Relationship": "Outer", "Join Type": "Inner", "Startup Cost": 0.0, "Total Cost": 1692429.4, "Plan Rows": 3688948, "Plan Width": 58, "Inner Unique": false, "Plans": [{"Node Type": "Nested Loop", "Parent Relationship": "Outer", "Join Type": "Inner", "Startup Cost": 0.0, "Total Cost": 416634.99, "Plan Rows": 406290, "Plan Width": 42, "Inner Unique": false, "Plans": [{"Node Type": "Nested Loop", "Parent Relationship": "Outer", "Join Type": "Inner", "Startup Cost": 0.0, "Total Cost": 41526.19, "Plan Rows": 300000, "Plan Width": 42, "Inner Unique": false, "Plans": [{"Node Type": "Nested Loop", "Parent Relationship": "Outer", "Join Type": "Inner", "Startup Cost": 0.0, "Total Cost": 14.06, "Plan Rows": 5, "Plan Width": 30, "Inner Unique": true, "Join Filter": "(nation.n_regionkey = region.r_regionkey)", "Plans": [{"Node Type": "Index Scan", "Parent Relationship": "Outer", "Scan Direction": "Forward", "Index Name": "nation_pkey", "Relation Name": "nation", "Alias": "nation", "Startup Cost": 0.0, "Total Cost": 12.62, "Plan Rows": 25, "Plan Width": 34}, {"Node Type": "Materialize", "Parent Relationship": "Inner", "Startup Cost": 0.0, "Total Cost": 1.07, "Plan Rows": 1, "Plan Width": 4, "Plans": [{"Node Type": "Seq Scan", "Parent Relationship": "Outer", "Relation Name": "region", "Alias": "region", "Startup Cost": 0.0, "Total Cost": 1.06, "Plan Rows": 1, "Plan Width": 4, "Filter": "(r_name = 'MIDDLE EAST'::bpchar)"}]}]}, {"Node Type": "Index Scan", "Parent Relationship": "Inner", "Scan Direction": "Forward", "Index Name": "idx_customer_nationkey", "Relation Name": "customer", "Alias": "customer", "Startup Cost": 0.0, "Total Cost": 7702.43, "Plan Rows": 60000, "Plan Width": 12, "Index Cond": "(c_nationkey = nation.n_nationkey)"}]}, {"Node Type": "Index Scan", "Parent Relationship": "Inner", "Scan Direction": "Forward", "Index Name": "idx_orders_custkey", "Relation Name": "orders", "Alias": "orders", "Startup Cost": 0.0, "Total Cost": 1.24, "Plan Rows": 1, "Plan Width": 16, "Index Cond": "(o_custkey = customer.c_custkey)", "Filter": "((o_orderdate >= '1994-01-01 00:00:00'::timestamp(0) without time zone) AND (o_orderdate < '1995-01-01 00:00:00'::timestamp without time zone))"}]}, {"Node Type": "Index Scan", "Parent Relationship": "Inner", "Scan Direction": "Forward", "Index Name": "idx_lineitem_orderkey", "Relation Name": "lineitem", "Alias": "lineitem", "Startup Cost": 0.0, "Total Cost": 3.05, "Plan Rows": 9, "Plan Width": 32, "Index Cond": "(l_orderkey = orders.o_orderkey)"}]}, {"Node Type": "Index Scan", "Parent Relationship": "Inner", "Scan Direction": "Forward", "Index Name": "supplier_pkey", "Relation Name": "supplier", "Alias": "supplier", "Startup Cost": 0.0, "Total Cost": 0.27, "Plan Rows": 1, "Plan Width": 12, "Index Cond": "(s_suppkey = lineitem.l_suppkey)"}]}]}]}, "Unique SQL Id": 1392561963}, "explain_analyze_plan": {"Plan": {"Node Type": "Sort", "Startup Cost": 2735308.72, "Total Cost": 2735308.78, "Plan Rows": 25, "Plan Width": 50, "Actual Startup Time": 24389.016, "Actual Total Time": 24389.017, "Actual Rows": 5, "Actual Loops": 1, "Sort Key": ["(sum((lineitem.l_extendedprice * (1::double precision - lineitem.l_discount)))) DESC"], "Sort Method": "quicksort", "Sort Space Used": 25, "Sort Space Type": "Memory", "Plans": [{"Node Type": "Aggregate", "Strategy": "Hashed", "Parent Relationship": "Outer", "Startup Cost": 2735307.89, "Total Cost": 2735308.14, "Plan Rows": 25, "Plan Width": 50, "Actual Startup Time": 24388.969, "Actual Total Time": 24388.971, "Actual Rows": 5, "Actual Loops": 1, "Group By Key": ["nation.n_name"], "Plans": [{"Node Type": "Nested Loop", "Parent Relationship": "Outer", "Join Type": "Inner", "Startup Cost": 0.0, "Total Cost": 2735213.99, "Plan Rows": 9390, "Plan Width": 42, "Actual Startup Time": 0.248, "Actual Total Time": 24288.631, "Actual Rows": 72985, "Actual Loops": 1, "Inner Unique": true, "Join Filter": "(customer.c_nationkey = supplier.s_nationkey)", "Rows Removed by Join Filter": 1742237, "Plans": [{"Node Type": "Nested Loop", "Parent Relationship": "Outer", "Join Type": "Inner", "Startup Cost": 0.0, "Total Cost": 1692429.4, "Plan Rows": 3688948, "Plan Width": 58, "Actual Startup Time": 0.145, "Actual Total Time": 15113.144, "Actual Rows": 1815222, "Actual Loops": 1, "Inner Unique": false, "Plans": [{"Node Type": "Nested Loop", "Parent Relationship": "Outer", "Join Type": "Inner", "Startup Cost": 0.0, "Total Cost": 416634.99, "Plan Rows": 406290, "Plan Width": 42, "Actual Startup Time": 0.133, "Actual Total Time": 9107.162, "Actual Rows": 454183, "Actual Loops": 1, "Inner Unique": false, "Plans": [{"Node Type": "Nested Loop", "Parent Relationship": "Outer", "Join Type": "Inner", "Startup Cost": 0.0, "Total Cost": 41526.19, "Plan Rows": 300000, "Plan Width": 42, "Actual Startup Time": 0.087, "Actual Total Time": 509.563, "Actual Rows": 299838, "Actual Loops": 1, "Inner Unique": false, "Plans": [{"Node Type": "Nested Loop", "Parent Relationship": "Outer", "Join Type": "Inner", "Startup Cost": 0.0, "Total Cost": 14.06, "Plan Rows": 5, "Plan Width": 30, "Actual Startup Time": 0.056, "Actual Total Time": 0.131, "Actual Rows": 5, "Actual Loops": 1, "Inner Unique": true, "Join Filter": "(nation.n_regionkey = region.r_regionkey)", "Rows Removed by Join Filter": 20, "Plans": [{"Node Type": "Index Scan", "Parent Relationship": "Outer", "Scan Direction": "Forward", "Index Name": "nation_pkey", "Relation Name": "nation", "Alias": "nation", "Startup Cost": 0.0, "Total Cost": 12.62, "Plan Rows": 25, "Plan Width": 34, "Actual Startup Time": 0.022, "Actual Total Time": 0.049, "Actual Rows": 25, "Actual Loops": 1}, {"Node Type": "Materialize", "Parent Relationship": "Inner", "Startup Cost": 0.0, "Total Cost": 1.07, "Plan Rows": 1, "Plan Width": 4, "Actual Startup Time": 0.029, "Actual Total Time": 0.034, "Actual Rows": 25, "Actual Loops": 25, "Plans": [{"Node Type": "Seq Scan", "Parent Relationship": "Outer", "Relation Name": "region", "Alias": "region", "Startup Cost": 0.0, "Total Cost": 1.06, "Plan Rows": 1, "Plan Width": 4, "Actual Startup Time": 0.017, "Actual Total Time": 0.018, "Actual Rows": 1, "Actual Loops": 1, "Filter": "(r_name = 'MIDDLE EAST'::bpchar)", "Rows Removed by Filter": 4}]}]}, {"Node Type": "Index Scan", "Parent Relationship": "Inner", "Scan Direction": "Forward", "Index Name": "idx_customer_nationkey", "Relation Name": "customer", "Alias": "customer", "Startup Cost": 0.0, "Total Cost": 7702.43, "Plan Rows": 60000, "Plan Width": 12, "Actual Startup Time": 0.156, "Actual Total Time": 423.77, "Actual Rows": 299838, "Actual Loops": 5, "Index Cond": "(c_nationkey = nation.n_nationkey)", "Rows Removed by Index Recheck": 0}]}, {"Node Type": "Index Scan", "Parent Relationship": "Inner", "Scan Direction": "Forward", "Index Name": "idx_orders_custkey", "Relation Name": "orders", "Alias": "orders", "Startup Cost": 0.0, "Total Cost": 1.24, "Plan Rows": 1, "Plan Width": 16, "Actual Startup Time": 3934.372, "Actual Total Time": 8321.26, "Actual Rows": 454183, "Actual Loops": 299838, "Index Cond": "(o_custkey = customer.c_custkey)", "Rows Removed by Index Recheck": 0, "Filter": "((o_orderdate >= '1994-01-01 00:00:00'::timestamp(0) without time zone) AND (o_orderdate < '1995-01-01 00:00:00'::timestamp without time zone))", "Rows Removed by Filter": 2542535}]}, {"Node Type": "Index Scan", "Parent Relationship": "Inner", "Scan Direction": "Forward", "Index Name": "idx_lineitem_orderkey", "Relation Name": "lineitem", "Alias": "lineitem", "Startup Cost": 0.0, "Total Cost": 3.05, "Plan Rows": 9, "Plan Width": 32, "Actual Startup Time": 4344.503, "Actual Total Time": 5332.223, "Actual Rows": 1815222, "Actual Loops": 454183, "Index Cond": "(l_orderkey = orders.o_orderkey)", "Rows Removed by Index Recheck": 0}]}, {"Node Type": "Index Scan", "Parent Relationship": "Inner", "Scan Direction": "Forward", "Index Name": "supplier_pkey", "Relation Name": "supplier", "Alias": "supplier", "Startup Cost": 0.0, "Total Cost": 0.27, "Plan Rows": 1, "Plan Width": 12, "Actual Startup Time": 7160.657, "Actual Total Time": 7763.724, "Actual Rows": 1815222, "Actual Loops": 1815222, "Index Cond": "(s_suppkey = lineitem.l_suppkey)", "Rows Removed by Index Recheck": 0}]}]}]}, "Triggers": [], "Planner Runtime": 2.795, "Total Runtime": 24389.324, "Unique SQL Id": 1392561963}}, "(64, 121)": {"explain_plan": {"Plan": {"Node Type": "Sort", "Startup Cost": 2735319.99, "Total Cost": 2735320.05, "Plan Rows": 25, "Plan Width": 50, "Sort Key": ["(sum((lineitem.l_extendedprice * (1::double precision - lineitem.l_discount)))) DESC"], "Plans": [{"Node Type": "Aggregate", "Strategy": "Hashed", "Parent Relationship": "Outer", "Startup Cost": 2735319.16, "Total Cost": 2735319.41, "Plan Rows": 25, "Plan Width": 50, "Group By Key": ["nation.n_name"], "Plans": [{"Node Type": "Nested Loop", "Parent Relationship": "Outer", "Join Type": "Inner", "Startup Cost": 0.0, "Total Cost": 2735225.26, "Plan Rows": 9390, "Plan Width": 42, "Inner Unique": true, "Join Filter": "(customer.c_nationkey = supplier.s_nationkey)", "Plans": [{"Node Type": "Nested Loop", "Parent Relationship": "Outer", "Join Type": "Inner", "Startup Cost": 0.0, "Total Cost": 1692440.68, "Plan Rows": 3688948, "Plan Width": 58, "Inner Unique": false, "Plans": [{"Node Type": "Nested Loop", "Parent Relationship": "Outer", "Join Type": "Inner", "Startup Cost": 0.0, "Total Cost": 416646.27, "Plan Rows": 406290, "Plan Width": 42, "Inner Unique": false, "Plans": [{"Node Type": "Nested Loop", "Parent Relationship": "Outer", "Join Type": "Inner", "Startup Cost": 0.0, "Total Cost": 41537.47, "Plan Rows": 300000, "Plan Width": 42, "Inner Unique": false, "Plans": [{"Node Type": "Nested Loop", "Parent Relationship": "Outer", "Join Type": "Inner", "Startup Cost": 0.0, "Total Cost": 25.34, "Plan Rows": 5, "Plan Width": 30, "Inner Unique": true, "Join Filter": "(nation.n_regionkey = region.r_regionkey)", "Plans": [{"Node Type": "Index Scan", "Parent Relationship": "Outer", "Scan Direction": "Forward", "Index Name": "nation_pkey", "Relation Name": "nation", "Alias": "nation", "Startup Cost": 0.0, "Total Cost": 12.62, "Plan Rows": 25, "Plan Width": 34}, {"Node Type": "Materialize", "Parent Relationship": "Inner", "Startup Cost": 0.0, "Total Cost": 12.34, "Plan Rows": 1, "Plan Width": 4, "Plans": [{"Node Type": "Index Scan", "Parent Relationship": "Outer", "Scan Direction": "Forward", "Index Name": "region_pkey", "Relation Name": "region", "Alias": "region", "Startup Cost": 0.0, "Total Cost": 12.34, "Plan Rows": 1, "Plan Width": 4, "Filter": "(r_name = 'MIDDLE EAST'::bpchar)"}]}]}, {"Node Type": "Index Scan", "Parent Relationship": "Inner", "Scan Direction": "Forward", "Index Name": "idx_customer_nationkey", "Relation Name": "customer", "Alias": "customer", "Startup Cost": 0.0, "Total Cost": 7702.43, "Plan Rows": 60000, "Plan Width": 12, "Index Cond": "(c_nationkey = nation.n_nationkey)"}]}, {"Node Type": "Index Scan", "Parent Relationship": "Inner", "Scan Direction": "Forward", "Index Name": "idx_orders_custkey", "Relation Name": "orders", "Alias": "orders", "Startup Cost": 0.0, "Total Cost": 1.24, "Plan Rows": 1, "Plan Width": 16, "Index Cond": "(o_custkey = customer.c_custkey)", "Filter": "((o_orderdate >= '1994-01-01 00:00:00'::timestamp(0) without time zone) AND (o_orderdate < '1995-01-01 00:00:00'::timestamp without time zone))"}]}, {"Node Type": "Index Scan", "Parent Relationship": "Inner", "Scan Direction": "Forward", "Index Name": "idx_lineitem_orderkey", "Relation Name": "lineitem", "Alias": "lineitem", "Startup Cost": 0.0, "Total Cost": 3.05, "Plan Rows": 9, "Plan Width": 32, "Index Cond": "(l_orderkey = orders.o_orderkey)"}]}, {"Node Type": "Index Scan", "Parent Relationship": "Inner", "Scan Direction": "Forward", "Index Name": "supplier_pkey", "Relation Name": "supplier", "Alias": "supplier", "Startup Cost": 0.0, "Total Cost": 0.27, "Plan Rows": 1, "Plan Width": 12, "Index Cond": "(s_suppkey = lineitem.l_suppkey)"}]}]}]}, "Unique SQL Id": 1392561963}, "explain_analyze_plan": {"Plan": {"Node Type": "Sort", "Startup Cost": 2735319.99, "Total Cost": 2735320.05, "Plan Rows": 25, "Plan Width": 50, "Actual Startup Time": 24794.077, "Actual Total Time": 24794.079, "Actual Rows": 5, "Actual Loops": 1, "Sort Key": ["(sum((lineitem.l_extendedprice * (1::double precision - lineitem.l_discount)))) DESC"], "Sort Method": "quicksort", "Sort Space Used": 25, "Sort Space Type": "Memory", "Plans": [{"Node Type": "Aggregate", "Strategy": "Hashed", "Parent Relationship": "Outer", "Startup Cost": 2735319.16, "Total Cost": 2735319.41, "Plan Rows": 25, "Plan Width": 50, "Actual Startup Time": 24793.958, "Actual Total Time": 24793.968, "Actual Rows": 5, "Actual Loops": 1, "Group By Key": ["nation.n_name"], "Plans": [{"Node Type": "Nested Loop", "Parent Relationship": "Outer", "Join Type": "Inner", "Startup Cost": 0.0, "Total Cost": 2735225.26, "Plan Rows": 9390, "Plan Width": 42, "Actual Startup Time": 0.223, "Actual Total Time": 24693.893, "Actual Rows": 72985, "Actual Loops": 1, "Inner Unique": true, "Join Filter": "(customer.c_nationkey = supplier.s_nationkey)", "Rows Removed by Join Filter": 1742237, "Plans": [{"Node Type": "Nested Loop", "Parent Relationship": "Outer", "Join Type": "Inner", "Startup Cost": 0.0, "Total Cost": 1692440.68, "Plan Rows": 3688948, "Plan Width": 58, "Actual Startup Time": 0.132, "Actual Total Time": 15414.874, "Actual Rows": 1815222, "Actual Loops": 1, "Inner Unique": false, "Plans": [{"Node Type": "Nested Loop", "Parent Relationship": "Outer", "Join Type": "Inner", "Startup Cost": 0.0, "Total Cost": 416646.27, "Plan Rows": 406290, "Plan Width": 42, "Actual Startup Time": 0.122, "Actual Total Time": 9326.69, "Actual Rows": 454183, "Actual Loops": 1, "Inner Unique": false, "Plans": [{"Node Type": "Nested Loop", "Parent Relationship": "Outer", "Join Type": "Inner", "Startup Cost": 0.0, "Total Cost": 41537.47, "Plan Rows": 300000, "Plan Width": 42, "Actual Startup Time": 0.08, "Actual Total Time": 520.887, "Actual Rows": 299838, "Actual Loops": 1, "Inner Unique": false, "Plans": [{"Node Type": "Nested Loop", "Parent Relationship": "Outer", "Join Type": "Inner", "Startup Cost": 0.0, "Total Cost": 25.34, "Plan Rows": 5, "Plan Width": 30, "Actual Startup Time": 0.051, "Actual Total Time": 0.374, "Actual Rows": 5, "Actual Loops": 1, "Inner Unique": true, "Join Filter": "(nation.n_regionkey = region.r_regionkey)", "Rows Removed by Join Filter": 20, "Plans": [{"Node Type": "Index Scan", "Parent Relationship": "Outer", "Scan Direction": "Forward", "Index Name": "nation_pkey", "Relation Name": "nation", "Alias": "nation", "Startup Cost": 0.0, "Total Cost": 12.62, "Plan Rows": 25, "Plan Width": 34, "Actual Startup Time": 0.021, "Actual Total Time": 0.265, "Actual Rows": 25, "Actual Loops": 1}, {"Node Type": "Materialize", "Parent Relationship": "Inner", "Startup Cost": 0.0, "Total Cost": 12.34, "Plan Rows": 1, "Plan Width": 4, "Actual Startup Time": 0.035, "Actual Total Time": 0.04, "Actual Rows": 25, "Actual Loops": 25, "Plans": [{"Node Type": "Index Scan", "Parent Relationship": "Outer", "Scan Direction": "Forward", "Index Name": "region_pkey", "Relation Name": "region", "Alias": "region", "Startup Cost": 0.0, "Total Cost": 12.34, "Plan Rows": 1, "Plan Width": 4, "Actual Startup Time": 0.014, "Actual Total Time": 0.015, "Actual Rows": 1, "Actual Loops": 1, "Filter": "(r_name = 'MIDDLE EAST'::bpchar)", "Rows Removed by Filter": 4}]}]}, {"Node Type": "Index Scan", "Parent Relationship": "Inner", "Scan Direction": "Forward", "Index Name": "idx_customer_nationkey", "Relation Name": "customer", "Alias": "customer", "Startup Cost": 0.0, "Total Cost": 7702.43, "Plan Rows": 60000, "Plan Width": 12, "Actual Startup Time": 0.207, "Actual Total Time": 431.827, "Actual Rows": 299838, "Actual Loops": 5, "Index Cond": "(c_nationkey = nation.n_nationkey)", "Rows Removed by Index Recheck": 0}]}, {"Node Type": "Index Scan", "Parent Relationship": "Inner", "Scan Direction": "Forward", "Index Name": "idx_orders_custkey", "Relation Name": "orders", "Alias": "orders", "Startup Cost": 0.0, "Total Cost": 1.24, "Plan Rows": 1, "Plan Width": 16, "Actual Startup Time": 4023.206, "Actual Total Time": 8524.861, "Actual Rows": 454183, "Actual Loops": 299838, "Index Cond": "(o_custkey = customer.c_custkey)", "Rows Removed by Index Recheck": 0, "Filter": "((o_orderdate >= '1994-01-01 00:00:00'::timestamp(0) without time zone) AND (o_orderdate < '1995-01-01 00:00:00'::timestamp without time zone))", "Rows Removed by Filter": 2542535}]}, {"Node Type": "Index Scan", "Parent Relationship": "Inner", "Scan Direction": "Forward", "Index Name": "idx_lineitem_orderkey", "Relation Name": "lineitem", "Alias": "lineitem", "Startup Cost": 0.0, "Total Cost": 3.05, "Plan Rows": 9, "Plan Width": 32, "Actual Startup Time": 4400.662, "Actual Total Time": 5394.905, "Actual Rows": 1815222, "Actual Loops": 454183, "Index Cond": "(l_orderkey = orders.o_orderkey)", "Rows Removed by Index Recheck": 0}]}, {"Node Type": "Index Scan", "Parent Relationship": "Inner", "Scan Direction": "Forward", "Index Name": "supplier_pkey", "Relation Name": "supplier", "Alias": "supplier", "Startup Cost": 0.0, "Total Cost": 0.27, "Plan Rows": 1, "Plan Width": 12, "Actual Startup Time": 7247.846, "Actual Total Time": 7853.05, "Actual Rows": 1815222, "Actual Loops": 1815222, "Index Cond": "(s_suppkey = lineitem.l_suppkey)", "Rows Removed by Index Recheck": 0}]}]}]}, "Triggers": [], "Planner Runtime": 2.494, "Total Runtime": 24794.38, "Unique SQL Id": 1392561963}}, "(64, 122)": {"explain_plan": {"Plan": {"Node Type": "Sort", "Startup Cost": 51053787992.55, "Total Cost": 51053787992.61, "Plan Rows": 25, "Plan Width": 50, "Sort Key": ["(sum((lineitem.l_extendedprice * (1::double precision - lineitem.l_discount)))) DESC"], "Plans": [{"Node Type": "Aggregate", "Strategy": "Hashed", "Parent Relationship": "Outer", "Startup Cost": 51053787991.72, "Total Cost": 51053787991.97, "Plan Rows": 25, "Plan Width": 50, "Group By Key": ["nation.n_name"], "Plans": [{"Node Type": "Nested Loop", "Parent Relationship": "Outer", "Join Type": "Inner", "Startup Cost": 440.98, "Total Cost": 51053787897.82, "Plan Rows": 9390, "Plan Width": 42, "Inner Unique": false, "Join Filter": "((orders.o_custkey = customer.c_custkey) AND (supplier.s_nationkey = customer.c_nationkey))", "Plans": [{"Node Type": "Seq Scan", "Parent Relationship": "Outer", "Relation Name": "customer", "Alias": "customer", "Startup Cost": 0.0, "Total Cost": 52126.0, "Plan Rows": 1500000, "Plan Width": 12}, {"Node Type": "Materialize", "Parent Relationship": "Inner", "Startup Cost": 440.98, "Total Cost": 44131637681.06, "Plan Rows": 263699, "Plan Width": 58, "Plans": [{"Node Type": "Nested Loop", "Parent Relationship": "Outer", "Join Type": "Inner", "Startup Cost": 440.98, "Total Cost": 44131636362.57, "Plan Rows": 263699, "Plan Width": 58, "Inner Unique": false, "Join Filter": "(lineitem.l_orderkey = orders.o_orderkey), (LLVM Optimized)", "Plans": [{"Node Type": "Seq Scan", "Parent Relationship": "Outer", "Relation Name": "orders", "Alias": "orders", "Startup Cost": 440.98, "Total Cost": 501411.18, "Plan Rows": 2281758, "Plan Width": 16, "Filter": "((o_orderdate >= '1994-01-01 00:00:00'::timestamp(0) without time zone) AND (o_orderdate < '1995-01-01 00:00:00'::timestamp without time zone)), (LLVM Optimized)"}, {"Node Type": "Materialize", "Parent Relationship": "Inner", "Startup Cost": 0.0, "Total Cost": 17998139668.64, "Plan Rows": 763534, "Plan Width": 58, "Plans": [{"Node Type": "Nested Loop", "Parent Relationship": "Outer", "Join Type": "Inner", "Startup Cost": 0.0, "Total Cost": 17998135850.97, "Plan Rows": 763534, "Plan Width": 58, "Inner Unique": false, "Join Filter": "(supplier.s_suppkey = lineitem.l_suppkey), (LLVM Optimized)", "Plans": [{"Node Type": "Seq Scan", "Parent Relationship": "Outer", "Relation Name": "lineitem", "Alias": "lineitem", "Startup Cost": 0.0, "Total Cost": 2015115.33, "Plan Rows": 59987033, "Plan Width": 32}, {"Node Type": "Materialize", "Parent Relationship": "Inner", "Startup Cost": 0.0, "Total Cost": 10885.64, "Plan Rows": 20000, "Plan Width": 42, "Plans": [{"Node Type": "Nested Loop", "Parent Relationship": "Outer", "Join Type": "Inner", "Startup Cost": 0.0, "Total Cost": 10785.64, "Plan Rows": 20000, "Plan Width": 42, "Inner Unique": false, "Join Filter": "(nation.n_nationkey = supplier.s_nationkey)", "Plans": [{"Node Type": "Seq Scan", "Parent Relationship": "Outer", "Relation Name": "supplier", "Alias": "supplier", "Startup Cost": 0.0, "Total Cost": 3283.0, "Plan Rows": 100000, "Plan Width": 12}, {"Node Type": "Materialize", "Parent Relationship": "Inner", "Startup Cost": 0.0, "Total Cost": 2.65, "Plan Rows": 5, "Plan Width": 30, "Plans": [{"Node Type": "Nested Loop", "Parent Relationship": "Outer", "Join Type": "Inner", "Startup Cost": 0.0, "Total Cost": 2.62, "Plan Rows": 5, "Plan Width": 30, "Inner Unique": false, "Join Filter": "(nation.n_regionkey = region.r_regionkey)", "Plans": [{"Node Type": "Seq Scan", "Parent Relationship": "Outer", "Relation Name": "region", "Alias": "region", "Startup Cost": 0.0, "Total Cost": 1.06, "Plan Rows": 1, "Plan Width": 4, "Filter": "(r_name = 'MIDDLE EAST'::bpchar)"}, {"Node Type": "Seq Scan", "Parent Relationship": "Inner", "Relation Name": "nation", "Alias": "nation", "Startup Cost": 0.0, "Total Cost": 1.25, "Plan Rows": 25, "Plan Width": 34}]}]}]}]}]}]}]}]}]}]}]}, "Unique SQL Id": 1392561963}, "explain_analyze_plan": null}, "(64, 123)": {"explain_plan": {"Plan": {"Node Type": "Sort", "Startup Cost": 6051464595461.66, "Total Cost": 6051464595461.73, "Plan Rows": 25, "Plan Width": 50, "Sort Key": ["(sum((lineitem.l_extendedprice * (1::double precision - lineitem.l_discount)))) DESC"], "Plans": [{"Node Type": "Aggregate", "Strategy": "Hashed", "Parent Relationship": "Outer", "Startup Cost": 6051464595460.83, "Total Cost": 6051464595461.08, "Plan Rows": 25, "Plan Width": 50, "Group By Key": ["nation.n_name"], "Plans": [{"Node Type": "Nested Loop", "Parent Relationship": "Outer", "Join Type": "Inner", "Startup Cost": 60000000000.0, "Total Cost": 6051464595366.93, "Plan Rows": 9390, "Plan Width": 42, "Inner Unique": false, "Join Filter": "((orders.o_custkey = customer.c_custkey) AND (supplier.s_nationkey = customer.c_nationkey))", "Plans": [{"Node Type": "Index Scan", "Parent Relationship": "Outer", "Scan Direction": "Forward", "Index Name": "customer_pkey", "Relation Name": "customer", "Alias": "customer", "Startup Cost": 10000000000.0, "Total Cost": 1000008076535.62, "Plan Rows": 1500000, "Plan Width": 12}, {"Node Type": "Materialize", "Parent Relationship": "Inner", "Startup Cost": 50000000000.0, "Total Cost": 5044534420740.56, "Plan Rows": 263699, "Plan Width": 58, "Plans": [{"Node Type": "Nested Loop", "Parent Relationship": "Outer", "Join Type": "Inner", "Startup Cost": 50000000000.0, "Total Cost": 5044534419422.06, "Plan Rows": 263699, "Plan Width": 58, "Inner Unique": true, "Join Filter": "(lineitem.l_orderkey = orders.o_orderkey), (LLVM Optimized)", "Plans": [{"Node Type": "Nested Loop", "Parent Relationship": "Outer", "Join Type": "Inner", "Startup Cost": 40000000000.0, "Total Cost": 4018320818943.09, "Plan Rows": 763534, "Plan Width": 58, "Inner Unique": false, "Join Filter": "(supplier.s_suppkey = lineitem.l_suppkey), (LLVM Optimized)", "Plans": [{"Node Type": "Nested Loop", "Parent Relationship": "Outer", "Join Type": "Inner", "Startup Cost": 30000000000.0, "Total Cost": 3000000543701.01, "Plan Rows": 20000, "Plan Width": 42, "Inner Unique": false, "Join Filter": "(nation.n_nationkey = supplier.s_nationkey)", "Plans": [{"Node Type": "Nested Loop", "Parent Relationship": "Outer", "Join Type": "Inner", "Startup Cost": 20000000000.0, "Total Cost": 2000000002496.63, "Plan Rows": 5, "Plan Width": 30, "Inner Unique": true, "Join Filter": "(nation.n_regionkey = region.r_regionkey)", "Plans": [{"Node Type": "Index Scan", "Parent Relationship": "Outer", "Scan Direction": "Forward", "Index Name": "nation_pkey", "Relation Name": "nation", "Alias": "nation", "Startup Cost": 10000000000.0, "Total Cost": 1000000001262.5, "Plan Rows": 25, "Plan Width": 34}, {"Node Type": "Materialize", "Parent Relationship": "Inner", "Startup Cost": 10000000000.0, "Total Cost": 1000000001233.76, "Plan Rows": 1, "Plan Width": 4, "Plans": [{"Node Type": "Index Scan", "Parent Relationship": "Outer", "Scan Direction": "Forward", "Index Name": "region_pkey", "Relation Name": "region", "Alias": "region", "Startup Cost": 10000000000.0, "Total Cost": 1000000001233.75, "Plan Rows": 1, "Plan Width": 4, "Filter": "(r_name = 'MIDDLE EAST'::bpchar)"}]}]}, {"Node Type": "Materialize", "Parent Relationship": "Inner", "Startup Cost": 10000000000.0, "Total Cost": 1000000533954.38, "Plan Rows": 100000, "Plan Width": 12, "Plans": [{"Node Type": "Index Scan", "Parent Relationship": "Outer", "Scan Direction": "Forward", "Index Name": "supplier_pkey", "Relation Name": "supplier", "Alias": "supplier", "Startup Cost": 10000000000.0, "Total Cost": 1000000533454.38, "Plan Rows": 100000, "Plan Width": 12}]}]}, {"Node Type": "Materialize", "Parent Relationship": "Inner", "Startup Cost": 10000000000.0, "Total Cost": 1000324315309.67, "Plan Rows": 59987033, "Plan Width": 32, "Plans": [{"Node Type": "Index Scan", "Parent Relationship": "Outer", "Scan Direction": "Forward", "Index Name": "idx_lineitem_orderkey", "Relation Name": "lineitem", "Alias": "lineitem", "Startup Cost": 10000000000.0, "Total Cost": 1000324015374.5, "Plan Rows": 59987033, "Plan Width": 32}]}]}, {"Node Type": "Materialize", "Parent Relationship": "Inner", "Startup Cost": 10000000000.0, "Total Cost": 1000080608991.79, "Plan Rows": 2281758, "Plan Width": 16, "Plans": [{"Node Type": "Index Scan", "Parent Relationship": "Outer", "Scan Direction": "Forward", "Index Name": "orders_pkey", "Relation Name": "orders", "Alias": "orders", "Startup Cost": 10000000000.0, "Total Cost": 1000080597583.0, "Plan Rows": 2281758, "Plan Width": 16, "Filter": "((o_orderdate >= '1994-01-01 00:00:00'::timestamp(0) without time zone) AND (o_orderdate < '1995-01-01 00:00:00'::timestamp without time zone)), (LLVM Optimized)"}]}]}]}]}]}]}, "Unique SQL Id": 1392561963}, "explain_analyze_plan": null}, "(64, 124)": {"explain_plan": {"Plan": {"Node Type": "Sort", "Startup Cost": 2735308.72, "Total Cost": 2735308.78, "Plan Rows": 25, "Plan Width": 50, "Sort Key": ["(sum((lineitem.l_extendedprice * (1::double precision - lineitem.l_discount)))) DESC"], "Plans": [{"Node Type": "Aggregate", "Strategy": "Hashed", "Parent Relationship": "Outer", "Startup Cost": 2735307.89, "Total Cost": 2735308.14, "Plan Rows": 25, "Plan Width": 50, "Group By Key": ["nation.n_name"], "Plans": [{"Node Type": "Nested Loop", "Parent Relationship": "Outer", "Join Type": "Inner", "Startup Cost": 0.0, "Total Cost": 2735213.99, "Plan Rows": 9390, "Plan Width": 42, "Inner Unique": true, "Join Filter": "(customer.c_nationkey = supplier.s_nationkey)", "Plans": [{"Node Type": "Nested Loop", "Parent Relationship": "Outer", "Join Type": "Inner", "Startup Cost": 0.0, "Total Cost": 1692429.4, "Plan Rows": 3688948, "Plan Width": 58, "Inner Unique": false, "Plans": [{"Node Type": "Nested Loop", "Parent Relationship": "Outer", "Join Type": "Inner", "Startup Cost": 0.0, "Total Cost": 416634.99, "Plan Rows": 406290, "Plan Width": 42, "Inner Unique": false, "Plans": [{"Node Type": "Nested Loop", "Parent Relationship": "Outer", "Join Type": "Inner", "Startup Cost": 0.0, "Total Cost": 41526.19, "Plan Rows": 300000, "Plan Width": 42, "Inner Unique": false, "Plans": [{"Node Type": "Nested Loop", "Parent Relationship": "Outer", "Join Type": "Inner", "Startup Cost": 0.0, "Total Cost": 14.06, "Plan Rows": 5, "Plan Width": 30, "Inner Unique": true, "Join Filter": "(nation.n_regionkey = region.r_regionkey)", "Plans": [{"Node Type": "Index Scan", "Parent Relationship": "Outer", "Scan Direction": "Forward", "Index Name": "nation_pkey", "Relation Name": "nation", "Alias": "nation", "Startup Cost": 0.0, "Total Cost": 12.62, "Plan Rows": 25, "Plan Width": 34}, {"Node Type": "Materialize", "Parent Relationship": "Inner", "Startup Cost": 0.0, "Total Cost": 1.07, "Plan Rows": 1, "Plan Width": 4, "Plans": [{"Node Type": "Seq Scan", "Parent Relationship": "Outer", "Relation Name": "region", "Alias": "region", "Startup Cost": 0.0, "Total Cost": 1.06, "Plan Rows": 1, "Plan Width": 4, "Filter": "(r_name = 'MIDDLE EAST'::bpchar)"}]}]}, {"Node Type": "Index Scan", "Parent Relationship": "Inner", "Scan Direction": "Forward", "Index Name": "idx_customer_nationkey", "Relation Name": "customer", "Alias": "customer", "Startup Cost": 0.0, "Total Cost": 7702.43, "Plan Rows": 60000, "Plan Width": 12, "Index Cond": "(c_nationkey = nation.n_nationkey)"}]}, {"Node Type": "Index Scan", "Parent Relationship": "Inner", "Scan Direction": "Forward", "Index Name": "idx_orders_custkey", "Relation Name": "orders", "Alias": "orders", "Startup Cost": 0.0, "Total Cost": 1.24, "Plan Rows": 1, "Plan Width": 16, "Index Cond": "(o_custkey = customer.c_custkey)", "Filter": "((o_orderdate >= '1994-01-01 00:00:00'::timestamp(0) without time zone) AND (o_orderdate < '1995-01-01 00:00:00'::timestamp without time zone))"}]}, {"Node Type": "Index Scan", "Parent Relationship": "Inner", "Scan Direction": "Forward", "Index Name": "idx_lineitem_orderkey", "Relation Name": "lineitem", "Alias": "lineitem", "Startup Cost": 0.0, "Total Cost": 3.05, "Plan Rows": 9, "Plan Width": 32, "Index Cond": "(l_orderkey = orders.o_orderkey)"}]}, {"Node Type": "Index Scan", "Parent Relationship": "Inner", "Scan Direction": "Forward", "Index Name": "supplier_pkey", "Relation Name": "supplier", "Alias": "supplier", "Startup Cost": 0.0, "Total Cost": 0.27, "Plan Rows": 1, "Plan Width": 12, "Index Cond": "(s_suppkey = lineitem.l_suppkey)"}]}]}]}, "Unique SQL Id": 1392561963}, "explain_analyze_plan": {"Plan": {"Node Type": "Sort", "Startup Cost": 2735308.72, "Total Cost": 2735308.78, "Plan Rows": 25, "Plan Width": 50, "Actual Startup Time": 24389.016, "Actual Total Time": 24389.017, "Actual Rows": 5, "Actual Loops": 1, "Sort Key": ["(sum((lineitem.l_extendedprice * (1::double precision - lineitem.l_discount)))) DESC"], "Sort Method": "quicksort", "Sort Space Used": 25, "Sort Space Type": "Memory", "Plans": [{"Node Type": "Aggregate", "Strategy": "Hashed", "Parent Relationship": "Outer", "Startup Cost": 2735307.89, "Total Cost": 2735308.14, "Plan Rows": 25, "Plan Width": 50, "Actual Startup Time": 24388.969, "Actual Total Time": 24388.971, "Actual Rows": 5, "Actual Loops": 1, "Group By Key": ["nation.n_name"], "Plans": [{"Node Type": "Nested Loop", "Parent Relationship": "Outer", "Join Type": "Inner", "Startup Cost": 0.0, "Total Cost": 2735213.99, "Plan Rows": 9390, "Plan Width": 42, "Actual Startup Time": 0.248, "Actual Total Time": 24288.631, "Actual Rows": 72985, "Actual Loops": 1, "Inner Unique": true, "Join Filter": "(customer.c_nationkey = supplier.s_nationkey)", "Rows Removed by Join Filter": 1742237, "Plans": [{"Node Type": "Nested Loop", "Parent Relationship": "Outer", "Join Type": "Inner", "Startup Cost": 0.0, "Total Cost": 1692429.4, "Plan Rows": 3688948, "Plan Width": 58, "Actual Startup Time": 0.145, "Actual Total Time": 15113.144, "Actual Rows": 1815222, "Actual Loops": 1, "Inner Unique": false, "Plans": [{"Node Type": "Nested Loop", "Parent Relationship": "Outer", "Join Type": "Inner", "Startup Cost": 0.0, "Total Cost": 416634.99, "Plan Rows": 406290, "Plan Width": 42, "Actual Startup Time": 0.133, "Actual Total Time": 9107.162, "Actual Rows": 454183, "Actual Loops": 1, "Inner Unique": false, "Plans": [{"Node Type": "Nested Loop", "Parent Relationship": "Outer", "Join Type": "Inner", "Startup Cost": 0.0, "Total Cost": 41526.19, "Plan Rows": 300000, "Plan Width": 42, "Actual Startup Time": 0.087, "Actual Total Time": 509.563, "Actual Rows": 299838, "Actual Loops": 1, "Inner Unique": false, "Plans": [{"Node Type": "Nested Loop", "Parent Relationship": "Outer", "Join Type": "Inner", "Startup Cost": 0.0, "Total Cost": 14.06, "Plan Rows": 5, "Plan Width": 30, "Actual Startup Time": 0.056, "Actual Total Time": 0.131, "Actual Rows": 5, "Actual Loops": 1, "Inner Unique": true, "Join Filter": "(nation.n_regionkey = region.r_regionkey)", "Rows Removed by Join Filter": 20, "Plans": [{"Node Type": "Index Scan", "Parent Relationship": "Outer", "Scan Direction": "Forward", "Index Name": "nation_pkey", "Relation Name": "nation", "Alias": "nation", "Startup Cost": 0.0, "Total Cost": 12.62, "Plan Rows": 25, "Plan Width": 34, "Actual Startup Time": 0.022, "Actual Total Time": 0.049, "Actual Rows": 25, "Actual Loops": 1}, {"Node Type": "Materialize", "Parent Relationship": "Inner", "Startup Cost": 0.0, "Total Cost": 1.07, "Plan Rows": 1, "Plan Width": 4, "Actual Startup Time": 0.029, "Actual Total Time": 0.034, "Actual Rows": 25, "Actual Loops": 25, "Plans": [{"Node Type": "Seq Scan", "Parent Relationship": "Outer", "Relation Name": "region", "Alias": "region", "Startup Cost": 0.0, "Total Cost": 1.06, "Plan Rows": 1, "Plan Width": 4, "Actual Startup Time": 0.017, "Actual Total Time": 0.018, "Actual Rows": 1, "Actual Loops": 1, "Filter": "(r_name = 'MIDDLE EAST'::bpchar)", "Rows Removed by Filter": 4}]}]}, {"Node Type": "Index Scan", "Parent Relationship": "Inner", "Scan Direction": "Forward", "Index Name": "idx_customer_nationkey", "Relation Name": "customer", "Alias": "customer", "Startup Cost": 0.0, "Total Cost": 7702.43, "Plan Rows": 60000, "Plan Width": 12, "Actual Startup Time": 0.156, "Actual Total Time": 423.77, "Actual Rows": 299838, "Actual Loops": 5, "Index Cond": "(c_nationkey = nation.n_nationkey)", "Rows Removed by Index Recheck": 0}]}, {"Node Type": "Index Scan", "Parent Relationship": "Inner", "Scan Direction": "Forward", "Index Name": "idx_orders_custkey", "Relation Name": "orders", "Alias": "orders", "Startup Cost": 0.0, "Total Cost": 1.24, "Plan Rows": 1, "Plan Width": 16, "Actual Startup Time": 3934.372, "Actual Total Time": 8321.26, "Actual Rows": 454183, "Actual Loops": 299838, "Index Cond": "(o_custkey = customer.c_custkey)", "Rows Removed by Index Recheck": 0, "Filter": "((o_orderdate >= '1994-01-01 00:00:00'::timestamp(0) without time zone) AND (o_orderdate < '1995-01-01 00:00:00'::timestamp without time zone))", "Rows Removed by Filter": 2542535}]}, {"Node Type": "Index Scan", "Parent Relationship": "Inner", "Scan Direction": "Forward", "Index Name": "idx_lineitem_orderkey", "Relation Name": "lineitem", "Alias": "lineitem", "Startup Cost": 0.0, "Total Cost": 3.05, "Plan Rows": 9, "Plan Width": 32, "Actual Startup Time": 4344.503, "Actual Total Time": 5332.223, "Actual Rows": 1815222, "Actual Loops": 454183, "Index Cond": "(l_orderkey = orders.o_orderkey)", "Rows Removed by Index Recheck": 0}]}, {"Node Type": "Index Scan", "Parent Relationship": "Inner", "Scan Direction": "Forward", "Index Name": "supplier_pkey", "Relation Name": "supplier", "Alias": "supplier", "Startup Cost": 0.0, "Total Cost": 0.27, "Plan Rows": 1, "Plan Width": 12, "Actual Startup Time": 7160.657, "Actual Total Time": 7763.724, "Actual Rows": 1815222, "Actual Loops": 1815222, "Index Cond": "(s_suppkey = lineitem.l_suppkey)", "Rows Removed by Index Recheck": 0}]}]}]}, "Triggers": [], "Planner Runtime": 2.795, "Total Runtime": 24389.324, "Unique SQL Id": 1392561963}}, "(64, 125)": {"explain_plan": {"Plan": {"Node Type": "Sort", "Startup Cost": 2735319.99, "Total Cost": 2735320.05, "Plan Rows": 25, "Plan Width": 50, "Sort Key": ["(sum((lineitem.l_extendedprice * (1::double precision - lineitem.l_discount)))) DESC"], "Plans": [{"Node Type": "Aggregate", "Strategy": "Hashed", "Parent Relationship": "Outer", "Startup Cost": 2735319.16, "Total Cost": 2735319.41, "Plan Rows": 25, "Plan Width": 50, "Group By Key": ["nation.n_name"], "Plans": [{"Node Type": "Nested Loop", "Parent Relationship": "Outer", "Join Type": "Inner", "Startup Cost": 0.0, "Total Cost": 2735225.26, "Plan Rows": 9390, "Plan Width": 42, "Inner Unique": true, "Join Filter": "(customer.c_nationkey = supplier.s_nationkey)", "Plans": [{"Node Type": "Nested Loop", "Parent Relationship": "Outer", "Join Type": "Inner", "Startup Cost": 0.0, "Total Cost": 1692440.68, "Plan Rows": 3688948, "Plan Width": 58, "Inner Unique": false, "Plans": [{"Node Type": "Nested Loop", "Parent Relationship": "Outer", "Join Type": "Inner", "Startup Cost": 0.0, "Total Cost": 416646.27, "Plan Rows": 406290, "Plan Width": 42, "Inner Unique": false, "Plans": [{"Node Type": "Nested Loop", "Parent Relationship": "Outer", "Join Type": "Inner", "Startup Cost": 0.0, "Total Cost": 41537.47, "Plan Rows": 300000, "Plan Width": 42, "Inner Unique": false, "Plans": [{"Node Type": "Nested Loop", "Parent Relationship": "Outer", "Join Type": "Inner", "Startup Cost": 0.0, "Total Cost": 25.34, "Plan Rows": 5, "Plan Width": 30, "Inner Unique": true, "Join Filter": "(nation.n_regionkey = region.r_regionkey)", "Plans": [{"Node Type": "Index Scan", "Parent Relationship": "Outer", "Scan Direction": "Forward", "Index Name": "nation_pkey", "Relation Name": "nation", "Alias": "nation", "Startup Cost": 0.0, "Total Cost": 12.62, "Plan Rows": 25, "Plan Width": 34}, {"Node Type": "Materialize", "Parent Relationship": "Inner", "Startup Cost": 0.0, "Total Cost": 12.34, "Plan Rows": 1, "Plan Width": 4, "Plans": [{"Node Type": "Index Scan", "Parent Relationship": "Outer", "Scan Direction": "Forward", "Index Name": "region_pkey", "Relation Name": "region", "Alias": "region", "Startup Cost": 0.0, "Total Cost": 12.34, "Plan Rows": 1, "Plan Width": 4, "Filter": "(r_name = 'MIDDLE EAST'::bpchar)"}]}]}, {"Node Type": "Index Scan", "Parent Relationship": "Inner", "Scan Direction": "Forward", "Index Name": "idx_customer_nationkey", "Relation Name": "customer", "Alias": "customer", "Startup Cost": 0.0, "Total Cost": 7702.43, "Plan Rows": 60000, "Plan Width": 12, "Index Cond": "(c_nationkey = nation.n_nationkey)"}]}, {"Node Type": "Index Scan", "Parent Relationship": "Inner", "Scan Direction": "Forward", "Index Name": "idx_orders_custkey", "Relation Name": "orders", "Alias": "orders", "Startup Cost": 0.0, "Total Cost": 1.24, "Plan Rows": 1, "Plan Width": 16, "Index Cond": "(o_custkey = customer.c_custkey)", "Filter": "((o_orderdate >= '1994-01-01 00:00:00'::timestamp(0) without time zone) AND (o_orderdate < '1995-01-01 00:00:00'::timestamp without time zone))"}]}, {"Node Type": "Index Scan", "Parent Relationship": "Inner", "Scan Direction": "Forward", "Index Name": "idx_lineitem_orderkey", "Relation Name": "lineitem", "Alias": "lineitem", "Startup Cost": 0.0, "Total Cost": 3.05, "Plan Rows": 9, "Plan Width": 32, "Index Cond": "(l_orderkey = orders.o_orderkey)"}]}, {"Node Type": "Index Scan", "Parent Relationship": "Inner", "Scan Direction": "Forward", "Index Name": "supplier_pkey", "Relation Name": "supplier", "Alias": "supplier", "Startup Cost": 0.0, "Total Cost": 0.27, "Plan Rows": 1, "Plan Width": 12, "Index Cond": "(s_suppkey = lineitem.l_suppkey)"}]}]}]}, "Unique SQL Id": 1392561963}, "explain_analyze_plan": {"Plan": {"Node Type": "Sort", "Startup Cost": 2735319.99, "Total Cost": 2735320.05, "Plan Rows": 25, "Plan Width": 50, "Actual Startup Time": 24794.077, "Actual Total Time": 24794.079, "Actual Rows": 5, "Actual Loops": 1, "Sort Key": ["(sum((lineitem.l_extendedprice * (1::double precision - lineitem.l_discount)))) DESC"], "Sort Method": "quicksort", "Sort Space Used": 25, "Sort Space Type": "Memory", "Plans": [{"Node Type": "Aggregate", "Strategy": "Hashed", "Parent Relationship": "Outer", "Startup Cost": 2735319.16, "Total Cost": 2735319.41, "Plan Rows": 25, "Plan Width": 50, "Actual Startup Time": 24793.958, "Actual Total Time": 24793.968, "Actual Rows": 5, "Actual Loops": 1, "Group By Key": ["nation.n_name"], "Plans": [{"Node Type": "Nested Loop", "Parent Relationship": "Outer", "Join Type": "Inner", "Startup Cost": 0.0, "Total Cost": 2735225.26, "Plan Rows": 9390, "Plan Width": 42, "Actual Startup Time": 0.223, "Actual Total Time": 24693.893, "Actual Rows": 72985, "Actual Loops": 1, "Inner Unique": true, "Join Filter": "(customer.c_nationkey = supplier.s_nationkey)", "Rows Removed by Join Filter": 1742237, "Plans": [{"Node Type": "Nested Loop", "Parent Relationship": "Outer", "Join Type": "Inner", "Startup Cost": 0.0, "Total Cost": 1692440.68, "Plan Rows": 3688948, "Plan Width": 58, "Actual Startup Time": 0.132, "Actual Total Time": 15414.874, "Actual Rows": 1815222, "Actual Loops": 1, "Inner Unique": false, "Plans": [{"Node Type": "Nested Loop", "Parent Relationship": "Outer", "Join Type": "Inner", "Startup Cost": 0.0, "Total Cost": 416646.27, "Plan Rows": 406290, "Plan Width": 42, "Actual Startup Time": 0.122, "Actual Total Time": 9326.69, "Actual Rows": 454183, "Actual Loops": 1, "Inner Unique": false, "Plans": [{"Node Type": "Nested Loop", "Parent Relationship": "Outer", "Join Type": "Inner", "Startup Cost": 0.0, "Total Cost": 41537.47, "Plan Rows": 300000, "Plan Width": 42, "Actual Startup Time": 0.08, "Actual Total Time": 520.887, "Actual Rows": 299838, "Actual Loops": 1, "Inner Unique": false, "Plans": [{"Node Type": "Nested Loop", "Parent Relationship": "Outer", "Join Type": "Inner", "Startup Cost": 0.0, "Total Cost": 25.34, "Plan Rows": 5, "Plan Width": 30, "Actual Startup Time": 0.051, "Actual Total Time": 0.374, "Actual Rows": 5, "Actual Loops": 1, "Inner Unique": true, "Join Filter": "(nation.n_regionkey = region.r_regionkey)", "Rows Removed by Join Filter": 20, "Plans": [{"Node Type": "Index Scan", "Parent Relationship": "Outer", "Scan Direction": "Forward", "Index Name": "nation_pkey", "Relation Name": "nation", "Alias": "nation", "Startup Cost": 0.0, "Total Cost": 12.62, "Plan Rows": 25, "Plan Width": 34, "Actual Startup Time": 0.021, "Actual Total Time": 0.265, "Actual Rows": 25, "Actual Loops": 1}, {"Node Type": "Materialize", "Parent Relationship": "Inner", "Startup Cost": 0.0, "Total Cost": 12.34, "Plan Rows": 1, "Plan Width": 4, "Actual Startup Time": 0.035, "Actual Total Time": 0.04, "Actual Rows": 25, "Actual Loops": 25, "Plans": [{"Node Type": "Index Scan", "Parent Relationship": "Outer", "Scan Direction": "Forward", "Index Name": "region_pkey", "Relation Name": "region", "Alias": "region", "Startup Cost": 0.0, "Total Cost": 12.34, "Plan Rows": 1, "Plan Width": 4, "Actual Startup Time": 0.014, "Actual Total Time": 0.015, "Actual Rows": 1, "Actual Loops": 1, "Filter": "(r_name = 'MIDDLE EAST'::bpchar)", "Rows Removed by Filter": 4}]}]}, {"Node Type": "Index Scan", "Parent Relationship": "Inner", "Scan Direction": "Forward", "Index Name": "idx_customer_nationkey", "Relation Name": "customer", "Alias": "customer", "Startup Cost": 0.0, "Total Cost": 7702.43, "Plan Rows": 60000, "Plan Width": 12, "Actual Startup Time": 0.207, "Actual Total Time": 431.827, "Actual Rows": 299838, "Actual Loops": 5, "Index Cond": "(c_nationkey = nation.n_nationkey)", "Rows Removed by Index Recheck": 0}]}, {"Node Type": "Index Scan", "Parent Relationship": "Inner", "Scan Direction": "Forward", "Index Name": "idx_orders_custkey", "Relation Name": "orders", "Alias": "orders", "Startup Cost": 0.0, "Total Cost": 1.24, "Plan Rows": 1, "Plan Width": 16, "Actual Startup Time": 4023.206, "Actual Total Time": 8524.861, "Actual Rows": 454183, "Actual Loops": 299838, "Index Cond": "(o_custkey = customer.c_custkey)", "Rows Removed by Index Recheck": 0, "Filter": "((o_orderdate >= '1994-01-01 00:00:00'::timestamp(0) without time zone) AND (o_orderdate < '1995-01-01 00:00:00'::timestamp without time zone))", "Rows Removed by Filter": 2542535}]}, {"Node Type": "Index Scan", "Parent Relationship": "Inner", "Scan Direction": "Forward", "Index Name": "idx_lineitem_orderkey", "Relation Name": "lineitem", "Alias": "lineitem", "Startup Cost": 0.0, "Total Cost": 3.05, "Plan Rows": 9, "Plan Width": 32, "Actual Startup Time": 4400.662, "Actual Total Time": 5394.905, "Actual Rows": 1815222, "Actual Loops": 454183, "Index Cond": "(l_orderkey = orders.o_orderkey)", "Rows Removed by Index Recheck": 0}]}, {"Node Type": "Index Scan", "Parent Relationship": "Inner", "Scan Direction": "Forward", "Index Name": "supplier_pkey", "Relation Name": "supplier", "Alias": "supplier", "Startup Cost": 0.0, "Total Cost": 0.27, "Plan Rows": 1, "Plan Width": 12, "Actual Startup Time": 7247.846, "Actual Total Time": 7853.05, "Actual Rows": 1815222, "Actual Loops": 1815222, "Index Cond": "(s_suppkey = lineitem.l_suppkey)", "Rows Removed by Index Recheck": 0}]}]}]}, "Triggers": [], "Planner Runtime": 2.494, "Total Runtime": 24794.38, "Unique SQL Id": 1392561963}}, "(64, 126)": {"explain_plan": {"Plan": {"Node Type": "Sort", "Startup Cost": 51053787992.55, "Total Cost": 51053787992.61, "Plan Rows": 25, "Plan Width": 50, "Sort Key": ["(sum((lineitem.l_extendedprice * (1::double precision - lineitem.l_discount)))) DESC"], "Plans": [{"Node Type": "Aggregate", "Strategy": "Hashed", "Parent Relationship": "Outer", "Startup Cost": 51053787991.72, "Total Cost": 51053787991.97, "Plan Rows": 25, "Plan Width": 50, "Group By Key": ["nation.n_name"], "Plans": [{"Node Type": "Nested Loop", "Parent Relationship": "Outer", "Join Type": "Inner", "Startup Cost": 440.98, "Total Cost": 51053787897.82, "Plan Rows": 9390, "Plan Width": 42, "Inner Unique": false, "Join Filter": "((orders.o_custkey = customer.c_custkey) AND (supplier.s_nationkey = customer.c_nationkey))", "Plans": [{"Node Type": "Seq Scan", "Parent Relationship": "Outer", "Relation Name": "customer", "Alias": "customer", "Startup Cost": 0.0, "Total Cost": 52126.0, "Plan Rows": 1500000, "Plan Width": 12}, {"Node Type": "Materialize", "Parent Relationship": "Inner", "Startup Cost": 440.98, "Total Cost": 44131637681.06, "Plan Rows": 263699, "Plan Width": 58, "Plans": [{"Node Type": "Nested Loop", "Parent Relationship": "Outer", "Join Type": "Inner", "Startup Cost": 440.98, "Total Cost": 44131636362.57, "Plan Rows": 263699, "Plan Width": 58, "Inner Unique": false, "Join Filter": "(lineitem.l_orderkey = orders.o_orderkey), (LLVM Optimized)", "Plans": [{"Node Type": "Seq Scan", "Parent Relationship": "Outer", "Relation Name": "orders", "Alias": "orders", "Startup Cost": 440.98, "Total Cost": 501411.18, "Plan Rows": 2281758, "Plan Width": 16, "Filter": "((o_orderdate >= '1994-01-01 00:00:00'::timestamp(0) without time zone) AND (o_orderdate < '1995-01-01 00:00:00'::timestamp without time zone)), (LLVM Optimized)"}, {"Node Type": "Materialize", "Parent Relationship": "Inner", "Startup Cost": 0.0, "Total Cost": 17998139668.64, "Plan Rows": 763534, "Plan Width": 58, "Plans": [{"Node Type": "Nested Loop", "Parent Relationship": "Outer", "Join Type": "Inner", "Startup Cost": 0.0, "Total Cost": 17998135850.97, "Plan Rows": 763534, "Plan Width": 58, "Inner Unique": false, "Join Filter": "(supplier.s_suppkey = lineitem.l_suppkey), (LLVM Optimized)", "Plans": [{"Node Type": "Seq Scan", "Parent Relationship": "Outer", "Relation Name": "lineitem", "Alias": "lineitem", "Startup Cost": 0.0, "Total Cost": 2015115.33, "Plan Rows": 59987033, "Plan Width": 32}, {"Node Type": "Materialize", "Parent Relationship": "Inner", "Startup Cost": 0.0, "Total Cost": 10885.64, "Plan Rows": 20000, "Plan Width": 42, "Plans": [{"Node Type": "Nested Loop", "Parent Relationship": "Outer", "Join Type": "Inner", "Startup Cost": 0.0, "Total Cost": 10785.64, "Plan Rows": 20000, "Plan Width": 42, "Inner Unique": false, "Join Filter": "(nation.n_nationkey = supplier.s_nationkey)", "Plans": [{"Node Type": "Seq Scan", "Parent Relationship": "Outer", "Relation Name": "supplier", "Alias": "supplier", "Startup Cost": 0.0, "Total Cost": 3283.0, "Plan Rows": 100000, "Plan Width": 12}, {"Node Type": "Materialize", "Parent Relationship": "Inner", "Startup Cost": 0.0, "Total Cost": 2.65, "Plan Rows": 5, "Plan Width": 30, "Plans": [{"Node Type": "Nested Loop", "Parent Relationship": "Outer", "Join Type": "Inner", "Startup Cost": 0.0, "Total Cost": 2.62, "Plan Rows": 5, "Plan Width": 30, "Inner Unique": false, "Join Filter": "(nation.n_regionkey = region.r_regionkey)", "Plans": [{"Node Type": "Seq Scan", "Parent Relationship": "Outer", "Relation Name": "region", "Alias": "region", "Startup Cost": 0.0, "Total Cost": 1.06, "Plan Rows": 1, "Plan Width": 4, "Filter": "(r_name = 'MIDDLE EAST'::bpchar)"}, {"Node Type": "Seq Scan", "Parent Relationship": "Inner", "Relation Name": "nation", "Alias": "nation", "Startup Cost": 0.0, "Total Cost": 1.25, "Plan Rows": 25, "Plan Width": 34}]}]}]}]}]}]}]}]}]}]}]}, "Unique SQL Id": 1392561963}, "explain_analyze_plan": null}, "(64, 127)": {"explain_plan": {"Plan": {"Node Type": "Sort", "Startup Cost": 6051464595461.66, "Total Cost": 6051464595461.73, "Plan Rows": 25, "Plan Width": 50, "Sort Key": ["(sum((lineitem.l_extendedprice * (1::double precision - lineitem.l_discount)))) DESC"], "Plans": [{"Node Type": "Aggregate", "Strategy": "Hashed", "Parent Relationship": "Outer", "Startup Cost": 6051464595460.83, "Total Cost": 6051464595461.08, "Plan Rows": 25, "Plan Width": 50, "Group By Key": ["nation.n_name"], "Plans": [{"Node Type": "Nested Loop", "Parent Relationship": "Outer", "Join Type": "Inner", "Startup Cost": 60000000000.0, "Total Cost": 6051464595366.93, "Plan Rows": 9390, "Plan Width": 42, "Inner Unique": false, "Join Filter": "((orders.o_custkey = customer.c_custkey) AND (supplier.s_nationkey = customer.c_nationkey))", "Plans": [{"Node Type": "Index Scan", "Parent Relationship": "Outer", "Scan Direction": "Forward", "Index Name": "customer_pkey", "Relation Name": "customer", "Alias": "customer", "Startup Cost": 10000000000.0, "Total Cost": 1000008076535.62, "Plan Rows": 1500000, "Plan Width": 12}, {"Node Type": "Materialize", "Parent Relationship": "Inner", "Startup Cost": 50000000000.0, "Total Cost": 5044534420740.56, "Plan Rows": 263699, "Plan Width": 58, "Plans": [{"Node Type": "Nested Loop", "Parent Relationship": "Outer", "Join Type": "Inner", "Startup Cost": 50000000000.0, "Total Cost": 5044534419422.06, "Plan Rows": 263699, "Plan Width": 58, "Inner Unique": true, "Join Filter": "(lineitem.l_orderkey = orders.o_orderkey), (LLVM Optimized)", "Plans": [{"Node Type": "Nested Loop", "Parent Relationship": "Outer", "Join Type": "Inner", "Startup Cost": 40000000000.0, "Total Cost": 4018320818943.09, "Plan Rows": 763534, "Plan Width": 58, "Inner Unique": false, "Join Filter": "(supplier.s_suppkey = lineitem.l_suppkey), (LLVM Optimized)", "Plans": [{"Node Type": "Nested Loop", "Parent Relationship": "Outer", "Join Type": "Inner", "Startup Cost": 30000000000.0, "Total Cost": 3000000543701.01, "Plan Rows": 20000, "Plan Width": 42, "Inner Unique": false, "Join Filter": "(nation.n_nationkey = supplier.s_nationkey)", "Plans": [{"Node Type": "Nested Loop", "Parent Relationship": "Outer", "Join Type": "Inner", "Startup Cost": 20000000000.0, "Total Cost": 2000000002496.63, "Plan Rows": 5, "Plan Width": 30, "Inner Unique": true, "Join Filter": "(nation.n_regionkey = region.r_regionkey)", "Plans": [{"Node Type": "Index Scan", "Parent Relationship": "Outer", "Scan Direction": "Forward", "Index Name": "nation_pkey", "Relation Name": "nation", "Alias": "nation", "Startup Cost": 10000000000.0, "Total Cost": 1000000001262.5, "Plan Rows": 25, "Plan Width": 34}, {"Node Type": "Materialize", "Parent Relationship": "Inner", "Startup Cost": 10000000000.0, "Total Cost": 1000000001233.76, "Plan Rows": 1, "Plan Width": 4, "Plans": [{"Node Type": "Index Scan", "Parent Relationship": "Outer", "Scan Direction": "Forward", "Index Name": "region_pkey", "Relation Name": "region", "Alias": "region", "Startup Cost": 10000000000.0, "Total Cost": 1000000001233.75, "Plan Rows": 1, "Plan Width": 4, "Filter": "(r_name = 'MIDDLE EAST'::bpchar)"}]}]}, {"Node Type": "Materialize", "Parent Relationship": "Inner", "Startup Cost": 10000000000.0, "Total Cost": 1000000533954.38, "Plan Rows": 100000, "Plan Width": 12, "Plans": [{"Node Type": "Index Scan", "Parent Relationship": "Outer", "Scan Direction": "Forward", "Index Name": "supplier_pkey", "Relation Name": "supplier", "Alias": "supplier", "Startup Cost": 10000000000.0, "Total Cost": 1000000533454.38, "Plan Rows": 100000, "Plan Width": 12}]}]}, {"Node Type": "Materialize", "Parent Relationship": "Inner", "Startup Cost": 10000000000.0, "Total Cost": 1000324315309.67, "Plan Rows": 59987033, "Plan Width": 32, "Plans": [{"Node Type": "Index Scan", "Parent Relationship": "Outer", "Scan Direction": "Forward", "Index Name": "idx_lineitem_orderkey", "Relation Name": "lineitem", "Alias": "lineitem", "Startup Cost": 10000000000.0, "Total Cost": 1000324015374.5, "Plan Rows": 59987033, "Plan Width": 32}]}]}, {"Node Type": "Materialize", "Parent Relationship": "Inner", "Startup Cost": 10000000000.0, "Total Cost": 1000080608991.79, "Plan Rows": 2281758, "Plan Width": 16, "Plans": [{"Node Type": "Index Scan", "Parent Relationship": "Outer", "Scan Direction": "Forward", "Index Name": "orders_pkey", "Relation Name": "orders", "Alias": "orders", "Startup Cost": 10000000000.0, "Total Cost": 1000080597583.0, "Plan Rows": 2281758, "Plan Width": 16, "Filter": "((o_orderdate >= '1994-01-01 00:00:00'::timestamp(0) without time zone) AND (o_orderdate < '1995-01-01 00:00:00'::timestamp without time zone)), (LLVM Optimized)"}]}]}]}]}]}]}, "Unique SQL Id": 1392561963}, "explain_analyze_plan": null}}