{"(1, 0)": {"explain_plan": {"Plan": {"Node Type": "Aggregate", "Strategy": "Sorted", "Startup Cost": 521166.02, "Total Cost": 521166.06, "Plan Rows": 1, "Plan Width": 74, "Group By Key": ["nation.n_name", "(date_part('year'::text, orders.o_orderdate))"], "Plans": [{"Node Type": "Sort", "Parent Relationship": "Outer", "Startup Cost": 521166.02, "Total Cost": 521166.03, "Plan Rows": 1, "Plan Width": 66, "Sort Key": ["nation.n_name", "(date_part('year'::text, orders.o_orderdate)) DESC"], "Plans": [{"Node Type": "Nested Loop", "Parent Relationship": "Outer", "Join Type": "Inner", "Startup Cost": 72600.6, "Total Cost": 521166.01, "Plan Rows": 1, "Plan Width": 66, "Inner Unique": true, "Plans": [{"Node Type": "Nested Loop", "Parent Relationship": "Outer", "Join Type": "Inner", "Startup Cost": 72600.6, "Total Cost": 521165.73, "Plan Rows": 1, "Plan Width": 44, "Inner Unique": true, "Plans": [{"Node Type": "Nested Loop", "Parent Relationship": "Outer", "Join Type": "Inner", "Startup Cost": 72600.6, "Total Cost": 521165.43, "Plan Rows": 1, "Plan Width": 44, "Inner Unique": false, "Join Filter": "(supplier.s_suppkey = lineitem.l_suppkey)", "Plans": [{"Node Type": "Hash Join", "Parent Relationship": "Outer", "Join Type": "Inner", "Startup Cost": 72600.6, "Total Cost": 377416.42, "Plan Rows": 125630, "Plan Width": 44, "Inner Unique": true, "Hash Cond": "(partsupp.ps_suppkey = supplier.s_suppkey), (LLVM Optimized)", "Plans": [{"Node Type": "Hash Join", "Parent Relationship": "Outer", "Join Type": "Inner", "Startup Cost": 68067.6, "Total Cost": 370653.38, "Plan Rows": 259666, "Plan Width": 32, "Inner Unique": true, "Hash Cond": "(partsupp.ps_partkey = part.p_partkey), (LLVM Optimized)", "Plans": [{"Node Type": "Seq Scan", "Parent Relationship": "Outer", "Relation Name": "partsupp", "Alias": "partsupp", "Startup Cost": 0.0, "Total Cost": 269987.72, "Plan Rows": 8000372, "Plan Width": 24}, {"Node Type": "Hash", "Parent Relationship": "Inner", "Startup Cost": 66944.0, "Total Cost": 66944.0, "Plan Rows": 89888, "Plan Width": 8, "Plans": [{"Node Type": "Seq Scan", "Parent Relationship": "Outer", "Relation Name": "part", "Alias": "part", "Startup Cost": 0.0, "Total Cost": 66944.0, "Plan Rows": 89888, "Plan Width": 8, "Filter": "((p_name)::text ~~ '%dim%'::text)"}]}]}, {"Node Type": "Hash", "Parent Relationship": "Inner", "Startup Cost": 3283.0, "Total Cost": 3283.0, "Plan Rows": 100000, "Plan Width": 12, "Plans": [{"Node Type": "Seq Scan", "Parent Relationship": "Outer", "Relation Name": "supplier", "Alias": "supplier", "Startup Cost": 0.0, "Total Cost": 3283.0, "Plan Rows": 100000, "Plan Width": 12}]}]}, {"Node Type": "Index Scan", "Parent Relationship": "Inner", "Scan Direction": "Forward", "Index Name": "idx_lineitem_part_supp", "Relation Name": "lineitem", "Alias": "lineitem", "Startup Cost": 0.0, "Total Cost": 1.13, "Plan Rows": 1, "Plan Width": 48, "Index Cond": "((l_partkey = partsupp.ps_partkey) AND (l_suppkey = partsupp.ps_suppkey))"}]}, {"Node Type": "Index Scan", "Parent Relationship": "Inner", "Scan Direction": "Forward", "Index Name": "orders_pkey", "Relation Name": "orders", "Alias": "orders", "Startup Cost": 0.0, "Total Cost": 0.29, "Plan Rows": 1, "Plan Width": 16, "Index Cond": "(o_orderkey = lineitem.l_orderkey)"}]}, {"Node Type": "Index Scan", "Parent Relationship": "Inner", "Scan Direction": "Forward", "Index Name": "nation_pkey", "Relation Name": "nation", "Alias": "nation", "Startup Cost": 0.0, "Total Cost": 0.27, "Plan Rows": 1, "Plan Width": 30, "Index Cond": "(n_nationkey = supplier.s_nationkey)"}]}]}]}, "Unique SQL Id": 3628361425}, "explain_analyze_plan": {"Plan": {"Node Type": "Aggregate", "Strategy": "Sorted", "Startup Cost": 521166.02, "Total Cost": 521166.06, "Plan Rows": 1, "Plan Width": 74, "Actual Startup Time": 59481.117, "Actual Total Time": 62604.215, "Actual Rows": 175, "Actual Loops": 1, "Group By Key": ["nation.n_name", "(date_part('year'::text, orders.o_orderdate))"], "Plans": [{"Node Type": "Sort", "Parent Relationship": "Outer", "Startup Cost": 521166.02, "Total Cost": 521166.03, "Plan Rows": 1, "Plan Width": 66, "Actual Startup Time": 59469.211, "Actual Total Time": 60260.928, "Actual Rows": 3256948, "Actual Loops": 1, "Sort Key": ["nation.n_name", "(date_part('year'::text, orders.o_orderdate)) DESC"], "Sort Method": "quicksort", "Sort Space Used": 607203, "Sort Space Type": "Memory", "Plans": [{"Node Type": "Nested Loop", "Parent Relationship": "Outer", "Join Type": "Inner", "Startup Cost": 72600.6, "Total Cost": 521166.01, "Plan Rows": 1, "Plan Width": 66, "Actual Startup Time": 1094.503, "Actual Total Time": 53628.008, "Actual Rows": 3256948, "Actual Loops": 1, "Inner Unique": true, "Plans": [{"Node Type": "Nested Loop", "Parent Relationship": "Outer", "Join Type": "Inner", "Startup Cost": 72600.6, "Total Cost": 521165.73, "Plan Rows": 1, "Plan Width": 44, "Actual Startup Time": 1094.366, "Actual Total Time": 45161.558, "Actual Rows": 3256948, "Actual Loops": 1, "Inner Unique": true, "Plans": [{"Node Type": "Nested Loop", "Parent Relationship": "Outer", "Join Type": "Inner", "Startup Cost": 72600.6, "Total Cost": 521165.43, "Plan Rows": 1, "Plan Width": 44, "Actual Startup Time": 1094.34, "Actual Total Time": 18317.543, "Actual Rows": 3256948, "Actual Loops": 1, "Inner Unique": false, "Join Filter": "(supplier.s_suppkey = lineitem.l_suppkey)", "Rows Removed by Join Filter": 0, "Plans": [{"Node Type": "Hash Join", "Parent Relationship": "Outer", "Join Type": "Inner", "Startup Cost": 72600.6, "Total Cost": 377416.42, "Plan Rows": 125630, "Plan Width": 44, "Actual Startup Time": 1094.281, "Actual Total Time": 6180.496, "Actual Rows": 434204, "Actual Loops": 1, "Inner Unique": true, "Hash Cond": "(partsupp.ps_suppkey = supplier.s_suppkey), (LLVM Optimized, Jit Execute)", "Plans": [{"Node Type": "Hash Join", "Parent Relationship": "Outer", "Join Type": "Inner", "Startup Cost": 68067.6, "Total Cost": 370653.38, "Plan Rows": 259666, "Plan Width": 32, "Actual Startup Time": 1031.172, "Actual Total Time": 5716.645, "Actual Rows": 434204, "Actual Loops": 1, "Inner Unique": true, "Hash Cond": "(partsupp.ps_partkey = part.p_partkey), (LLVM Optimized, Jit Execute)", "Plans": [{"Node Type": "Seq Scan", "Parent Relationship": "Outer", "Relation Name": "partsupp", "Alias": "partsupp", "Startup Cost": 0.0, "Total Cost": 269987.72, "Plan Rows": 8000372, "Plan Width": 24, "Actual Startup Time": 0.013, "Actual Total Time": 2512.445, "Actual Rows": 8000000, "Actual Loops": 1}, {"Node Type": "Hash", "Parent Relationship": "Inner", "Startup Cost": 66944.0, "Total Cost": 66944.0, "Plan Rows": 89888, "Plan Width": 8, "Actual Startup Time": 1031.014, "Actual Total Time": 1031.014, "Actual Rows": 108551, "Actual Loops": 1, "Hash Buckets": 131072, "Hash Batches": 1, "Original Hash Batches": 1, "Peak Memory Usage": 4241, "Plans": [{"Node Type": "Seq Scan", "Parent Relationship": "Outer", "Relation Name": "part", "Alias": "part", "Startup Cost": 0.0, "Total Cost": 66944.0, "Plan Rows": 89888, "Plan Width": 8, "Actual Startup Time": 0.047, "Actual Total Time": 992.378, "Actual Rows": 108551, "Actual Loops": 1, "Filter": "((p_name)::text ~~ '%dim%'::text)", "Rows Removed by Filter": 1891449}]}]}, {"Node Type": "Hash", "Parent Relationship": "Inner", "Startup Cost": 3283.0, "Total Cost": 3283.0, "Plan Rows": 100000, "Plan Width": 12, "Actual Startup Time": 62.997, "Actual Total Time": 62.997, "Actual Rows": 100000, "Actual Loops": 1, "Hash Buckets": 131072, "Hash Batches": 1, "Original Hash Batches": 1, "Peak Memory Usage": 4297, "Plans": [{"Node Type": "Seq Scan", "Parent Relationship": "Outer", "Relation Name": "supplier", "Alias": "supplier", "Startup Cost": 0.0, "Total Cost": 3283.0, "Plan Rows": 100000, "Plan Width": 12, "Actual Startup Time": 0.026, "Actual Total Time": 35.878, "Actual Rows": 100000, "Actual Loops": 1}]}]}, {"Node Type": "Index Scan", "Parent Relationship": "Inner", "Scan Direction": "Forward", "Index Name": "idx_lineitem_part_supp", "Relation Name": "lineitem", "Alias": "lineitem", "Startup Cost": 0.0, "Total Cost": 1.13, "Plan Rows": 1, "Plan Width": 48, "Actual Startup Time": 3039.434, "Actual Total Time": 10513.781, "Actual Rows": 3256948, "Actual Loops": 434204, "Index Cond": "((l_partkey = partsupp.ps_partkey) AND (l_suppkey = partsupp.ps_suppkey))", "Rows Removed by Index Recheck": 0}]}, {"Node Type": "Index Scan", "Parent Relationship": "Inner", "Scan Direction": "Forward", "Index Name": "orders_pkey", "Relation Name": "orders", "Alias": "orders", "Startup Cost": 0.0, "Total Cost": 0.29, "Plan Rows": 1, "Plan Width": 16, "Actual Startup Time": 24113.79, "Actual Total Time": 24113.79, "Actual Rows": 3256948, "Actual Loops": 3256948, "Index Cond": "(o_orderkey = lineitem.l_orderkey)", "Rows Removed by Index Recheck": 0}]}, {"Node Type": "Index Scan", "Parent Relationship": "Inner", "Scan Direction": "Forward", "Index Name": "nation_pkey", "Relation Name": "nation", "Alias": "nation", "Startup Cost": 0.0, "Total Cost": 0.27, "Plan Rows": 1, "Plan Width": 30, "Actual Startup Time": 4504.283, "Actual Total Time": 4504.283, "Actual Rows": 3256948, "Actual Loops": 3256948, "Index Cond": "(n_nationkey = supplier.s_nationkey)", "Rows Removed by Index Recheck": 0}]}]}]}, "Triggers": [], "Planner Runtime": 30.255, "Total Runtime": 62619.904, "Unique SQL Id": 3628361425}}, "(1, 1)": {"explain_plan": {"Plan": {"Node Type": "Aggregate", "Strategy": "Sorted", "Startup Cost": 701189.48, "Total Cost": 701189.52, "Plan Rows": 1, "Plan Width": 74, "Group By Key": ["nation.n_name", "(date_part('year'::text, orders.o_orderdate))"], "Plans": [{"Node Type": "Sort", "Parent Relationship": "Outer", "Startup Cost": 701189.48, "Total Cost": 701189.49, "Plan Rows": 1, "Plan Width": 66, "Sort Key": ["nation.n_name", "(date_part('year'::text, orders.o_orderdate)) DESC"], "Plans": [{"Node Type": "Nested Loop", "Parent Relationship": "Outer", "Join Type": "Inner", "Startup Cost": 6584.54, "Total Cost": 701189.47, "Plan Rows": 1, "Plan Width": 66, "Inner Unique": true, "Plans": [{"Node Type": "Nested Loop", "Parent Relationship": "Outer", "Join Type": "Inner", "Startup Cost": 6584.54, "Total Cost": 701189.19, "Plan Rows": 1, "Plan Width": 44, "Inner Unique": true, "Plans": [{"Node Type": "Nested Loop", "Parent Relationship": "Outer", "Join Type": "Inner", "Startup Cost": 6584.54, "Total Cost": 701188.89, "Plan Rows": 1, "Plan Width": 44, "Inner Unique": false, "Join Filter": "(supplier.s_suppkey = lineitem.l_suppkey)", "Plans": [{"Node Type": "Hash Join", "Parent Relationship": "Outer", "Join Type": "Inner", "Startup Cost": 6584.54, "Total Cost": 557439.88, "Plan Rows": 125630, "Plan Width": 44, "Inner Unique": true, "Hash Cond": "(partsupp.ps_suppkey = supplier.s_suppkey), (LLVM Optimized)", "Plans": [{"Node Type": "Nested Loop", "Parent Relationship": "Outer", "Join Type": "Inner", "Startup Cost": 0.0, "Total Cost": 548625.29, "Plan Rows": 259666, "Plan Width": 32, "Inner Unique": false, "Plans": [{"Node Type": "Index Scan", "Parent Relationship": "Outer", "Scan Direction": "Forward", "Index Name": "part_kpey", "Relation Name": "part", "Alias": "part", "Startup Cost": 0.0, "Total Cost": 105803.25, "Plan Rows": 89888, "Plan Width": 8, "Filter": "((p_name)::text ~~ '%dim%'::text)"}, {"Node Type": "Index Scan", "Parent Relationship": "Inner", "Scan Direction": "Forward", "Index Name": "idx_partsupp_partkey", "Relation Name": "partsupp", "Alias": "partsupp", "Startup Cost": 0.0, "Total Cost": 4.9, "Plan Rows": 3, "Plan Width": 24, "Index Cond": "(ps_partkey = part.p_partkey)"}]}, {"Node Type": "Hash", "Parent Relationship": "Inner", "Startup Cost": 5334.54, "Total Cost": 5334.54, "Plan Rows": 100000, "Plan Width": 12, "Plans": [{"Node Type": "Index Scan", "Parent Relationship": "Outer", "Scan Direction": "Forward", "Index Name": "supplier_pkey", "Relation Name": "supplier", "Alias": "supplier", "Startup Cost": 0.0, "Total Cost": 5334.54, "Plan Rows": 100000, "Plan Width": 12}]}]}, {"Node Type": "Index Scan", "Parent Relationship": "Inner", "Scan Direction": "Forward", "Index Name": "idx_lineitem_part_supp", "Relation Name": "lineitem", "Alias": "lineitem", "Startup Cost": 0.0, "Total Cost": 1.13, "Plan Rows": 1, "Plan Width": 48, "Index Cond": "((l_partkey = partsupp.ps_partkey) AND (l_suppkey = partsupp.ps_suppkey))"}]}, {"Node Type": "Index Scan", "Parent Relationship": "Inner", "Scan Direction": "Forward", "Index Name": "orders_pkey", "Relation Name": "orders", "Alias": "orders", "Startup Cost": 0.0, "Total Cost": 0.29, "Plan Rows": 1, "Plan Width": 16, "Index Cond": "(o_orderkey = lineitem.l_orderkey)"}]}, {"Node Type": "Index Scan", "Parent Relationship": "Inner", "Scan Direction": "Forward", "Index Name": "nation_pkey", "Relation Name": "nation", "Alias": "nation", "Startup Cost": 0.0, "Total Cost": 0.27, "Plan Rows": 1, "Plan Width": 30, "Index Cond": "(n_nationkey = supplier.s_nationkey)"}]}]}]}, "Unique SQL Id": 3628361425}, "explain_analyze_plan": {"Plan": {"Node Type": "Aggregate", "Strategy": "Sorted", "Startup Cost": 701189.48, "Total Cost": 701189.52, "Plan Rows": 1, "Plan Width": 74, "Actual Startup Time": 57927.603, "Actual Total Time": 60887.2, "Actual Rows": 175, "Actual Loops": 1, "Group By Key": ["nation.n_name", "(date_part('year'::text, orders.o_orderdate))"], "Plans": [{"Node Type": "Sort", "Parent Relationship": "Outer", "Startup Cost": 701189.48, "Total Cost": 701189.49, "Plan Rows": 1, "Plan Width": 66, "Actual Startup Time": 57917.052, "Actual Total Time": 58585.336, "Actual Rows": 3256948, "Actual Loops": 1, "Sort Key": ["nation.n_name", "(date_part('year'::text, orders.o_orderdate)) DESC"], "Sort Method": "quicksort", "Sort Space Used": 607203, "Sort Space Type": "Memory", "Plans": [{"Node Type": "Nested Loop", "Parent Relationship": "Outer", "Join Type": "Inner", "Startup Cost": 6584.54, "Total Cost": 701189.47, "Plan Rows": 1, "Plan Width": 66, "Actual Startup Time": 88.208, "Actual Total Time": 52379.794, "Actual Rows": 3256948, "Actual Loops": 1, "Inner Unique": true, "Plans": [{"Node Type": "Nested Loop", "Parent Relationship": "Outer", "Join Type": "Inner", "Startup Cost": 6584.54, "Total Cost": 701189.19, "Plan Rows": 1, "Plan Width": 44, "Actual Startup Time": 88.176, "Actual Total Time": 43642.973, "Actual Rows": 3256948, "Actual Loops": 1, "Inner Unique": true, "Plans": [{"Node Type": "Nested Loop", "Parent Relationship": "Outer", "Join Type": "Inner", "Startup Cost": 6584.54, "Total Cost": 701188.89, "Plan Rows": 1, "Plan Width": 44, "Actual Startup Time": 88.16, "Actual Total Time": 15982.385, "Actual Rows": 3256948, "Actual Loops": 1, "Inner Unique": false, "Join Filter": "(supplier.s_suppkey = lineitem.l_suppkey)", "Rows Removed by Join Filter": 0, "Plans": [{"Node Type": "Hash Join", "Parent Relationship": "Outer", "Join Type": "Inner", "Startup Cost": 6584.54, "Total Cost": 557439.88, "Plan Rows": 125630, "Plan Width": 44, "Actual Startup Time": 88.115, "Actual Total Time": 3477.657, "Actual Rows": 434204, "Actual Loops": 1, "Inner Unique": true, "Hash Cond": "(partsupp.ps_suppkey = supplier.s_suppkey), (LLVM Optimized, Jit Execute)", "Plans": [{"Node Type": "Nested Loop", "Parent Relationship": "Outer", "Join Type": "Inner", "Startup Cost": 0.0, "Total Cost": 548625.29, "Plan Rows": 259666, "Plan Width": 32, "Actual Startup Time": 0.091, "Actual Total Time": 2926.915, "Actual Rows": 434204, "Actual Loops": 1, "Inner Unique": false, "Plans": [{"Node Type": "Index Scan", "Parent Relationship": "Outer", "Scan Direction": "Forward", "Index Name": "part_kpey", "Relation Name": "part", "Alias": "part", "Startup Cost": 0.0, "Total Cost": 105803.25, "Plan Rows": 89888, "Plan Width": 8, "Actual Startup Time": 0.065, "Actual Total Time": 1746.869, "Actual Rows": 108551, "Actual Loops": 1, "Filter": "((p_name)::text ~~ '%dim%'::text)", "Rows Removed by Filter": 1891449}, {"Node Type": "Index Scan", "Parent Relationship": "Inner", "Scan Direction": "Forward", "Index Name": "idx_partsupp_partkey", "Relation Name": "partsupp", "Alias": "partsupp", "Startup Cost": 0.0, "Total Cost": 4.9, "Plan Rows": 3, "Plan Width": 24, "Actual Startup Time": 667.283, "Actual Total Time": 976.149, "Actual Rows": 434204, "Actual Loops": 108551, "Index Cond": "(ps_partkey = part.p_partkey)", "Rows Removed by Index Recheck": 0}]}, {"Node Type": "Hash", "Parent Relationship": "Inner", "Startup Cost": 5334.54, "Total Cost": 5334.54, "Plan Rows": 100000, "Plan Width": 12, "Actual Startup Time": 87.877, "Actual Total Time": 87.877, "Actual Rows": 100000, "Actual Loops": 1, "Hash Buckets": 131072, "Hash Batches": 1, "Original Hash Batches": 1, "Peak Memory Usage": 4297, "Plans": [{"Node Type": "Index Scan", "Parent Relationship": "Outer", "Scan Direction": "Forward", "Index Name": "supplier_pkey", "Relation Name": "supplier", "Alias": "supplier", "Startup Cost": 0.0, "Total Cost": 5334.54, "Plan Rows": 100000, "Plan Width": 12, "Actual Startup Time": 0.025, "Actual Total Time": 60.048, "Actual Rows": 100000, "Actual Loops": 1}]}]}, {"Node Type": "Index Scan", "Parent Relationship": "Inner", "Scan Direction": "Forward", "Index Name": "idx_lineitem_part_supp", "Relation Name": "lineitem", "Alias": "lineitem", "Startup Cost": 0.0, "Total Cost": 1.13, "Plan Rows": 1, "Plan Width": 48, "Actual Startup Time": 3121.867, "Actual Total Time": 10833.853, "Actual Rows": 3256948, "Actual Loops": 434204, "Index Cond": "((l_partkey = partsupp.ps_partkey) AND (l_suppkey = partsupp.ps_suppkey))", "Rows Removed by Index Recheck": 0}]}, {"Node Type": "Index Scan", "Parent Relationship": "Inner", "Scan Direction": "Forward", "Index Name": "orders_pkey", "Relation Name": "orders", "Alias": "orders", "Startup Cost": 0.0, "Total Cost": 0.29, "Plan Rows": 1, "Plan Width": 16, "Actual Startup Time": 24891.296, "Actual Total Time": 24891.296, "Actual Rows": 3256948, "Actual Loops": 3256948, "Index Cond": "(o_orderkey = lineitem.l_orderkey)", "Rows Removed by Index Recheck": 0}]}, {"Node Type": "Index Scan", "Parent Relationship": "Inner", "Scan Direction": "Forward", "Index Name": "nation_pkey", "Relation Name": "nation", "Alias": "nation", "Startup Cost": 0.0, "Total Cost": 0.27, "Plan Rows": 1, "Plan Width": 30, "Actual Startup Time": 4701.479, "Actual Total Time": 4701.479, "Actual Rows": 3256948, "Actual Loops": 3256948, "Index Cond": "(n_nationkey = supplier.s_nationkey)", "Rows Removed by Index Recheck": 0}]}]}]}, "Triggers": [], "Planner Runtime": 29.635, "Total Runtime": 60901.785, "Unique SQL Id": 3628361425}}, "(1, 2)": {"explain_plan": {"Plan": {"Node Type": "Aggregate", "Strategy": "Sorted", "Startup Cost": 934828.22, "Total Cost": 934828.25, "Plan Rows": 1, "Plan Width": 74, "Group By Key": ["nation.n_name", "(date_part('year'::text, orders.o_orderdate))"], "Plans": [{"Node Type": "Sort", "Parent Relationship": "Outer", "Startup Cost": 934828.22, "Total Cost": 934828.22, "Plan Rows": 1, "Plan Width": 66, "Sort Key": ["nation.n_name", "(date_part('year'::text, orders.o_orderdate)) DESC"], "Plans": [{"Node Type": "Nested Loop", "Parent Relationship": "Outer", "Join Type": "Inner", "Startup Cost": 72601.27, "Total Cost": 934828.21, "Plan Rows": 1, "Plan Width": 66, "Inner Unique": true, "Join Filter": "(supplier.s_nationkey = nation.n_nationkey)", "Plans": [{"Node Type": "Nested Loop", "Parent Relationship": "Outer", "Join Type": "Inner", "Startup Cost": 72601.27, "Total Cost": 934826.64, "Plan Rows": 1, "Plan Width": 44, "Inner Unique": true, "Plans": [{"Node Type": "Nested Loop", "Parent Relationship": "Outer", "Join Type": "Inner", "Startup Cost": 72601.01, "Total Cost": 934822.36, "Plan Rows": 1, "Plan Width": 44, "Inner Unique": false, "Join Filter": "(supplier.s_suppkey = lineitem.l_suppkey)", "Plans": [{"Node Type": "Hash Join", "Parent Relationship": "Outer", "Join Type": "Inner", "Startup Cost": 72600.6, "Total Cost": 377416.42, "Plan Rows": 125630, "Plan Width": 44, "Inner Unique": true, "Hash Cond": "(partsupp.ps_suppkey = supplier.s_suppkey), (LLVM Optimized)", "Plans": [{"Node Type": "Hash Join", "Parent Relationship": "Outer", "Join Type": "Inner", "Startup Cost": 68067.6, "Total Cost": 370653.38, "Plan Rows": 259666, "Plan Width": 32, "Inner Unique": true, "Hash Cond": "(partsupp.ps_partkey = part.p_partkey), (LLVM Optimized)", "Plans": [{"Node Type": "Seq Scan", "Parent Relationship": "Outer", "Relation Name": "partsupp", "Alias": "partsupp", "Startup Cost": 0.0, "Total Cost": 269987.72, "Plan Rows": 8000372, "Plan Width": 24}, {"Node Type": "Hash", "Parent Relationship": "Inner", "Startup Cost": 66944.0, "Total Cost": 66944.0, "Plan Rows": 89888, "Plan Width": 8, "Plans": [{"Node Type": "Seq Scan", "Parent Relationship": "Outer", "Relation Name": "part", "Alias": "part", "Startup Cost": 0.0, "Total Cost": 66944.0, "Plan Rows": 89888, "Plan Width": 8, "Filter": "((p_name)::text ~~ '%dim%'::text)"}]}]}, {"Node Type": "Hash", "Parent Relationship": "Inner", "Startup Cost": 3283.0, "Total Cost": 3283.0, "Plan Rows": 100000, "Plan Width": 12, "Plans": [{"Node Type": "Seq Scan", "Parent Relationship": "Outer", "Relation Name": "supplier", "Alias": "supplier", "Startup Cost": 0.0, "Total Cost": 3283.0, "Plan Rows": 100000, "Plan Width": 12}]}]}, {"Node Type": "Bitmap Heap Scan", "Parent Relationship": "Inner", "Relation Name": "lineitem", "Alias": "lineitem", "Startup Cost": 0.41, "Total Cost": 4.42, "Plan Rows": 1, "Plan Width": 48, "Recheck Cond": "((l_partkey = partsupp.ps_partkey) AND (l_suppkey = partsupp.ps_suppkey))", "Plans": [{"Node Type": "Bitmap Index Scan", "Parent Relationship": "Outer", "Index Name": "idx_lineitem_part_supp", "Startup Cost": 0.0, "Total Cost": 0.41, "Plan Rows": 1, "Plan Width": 0, "Index Cond": "((l_partkey = partsupp.ps_partkey) AND (l_suppkey = partsupp.ps_suppkey))"}]}]}, {"Node Type": "Bitmap Heap Scan", "Parent Relationship": "Inner", "Relation Name": "orders", "Alias": "orders", "Startup Cost": 0.26, "Total Cost": 4.27, "Plan Rows": 1, "Plan Width": 16, "Recheck Cond": "(o_orderkey = lineitem.l_orderkey)", "Plans": [{"Node Type": "Bitmap Index Scan", "Parent Relationship": "Outer", "Index Name": "orders_pkey", "Startup Cost": 0.0, "Total Cost": 0.26, "Plan Rows": 1, "Plan Width": 0, "Index Cond": "(o_orderkey = lineitem.l_orderkey)"}]}]}, {"Node Type": "Seq Scan", "Parent Relationship": "Inner", "Relation Name": "nation", "Alias": "nation", "Startup Cost": 0.0, "Total Cost": 1.25, "Plan Rows": 25, "Plan Width": 30}]}]}]}, "Unique SQL Id": 3628361425}, "explain_analyze_plan": {"Plan": {"Node Type": "Aggregate", "Strategy": "Sorted", "Startup Cost": 934828.22, "Total Cost": 934828.25, "Plan Rows": 1, "Plan Width": 74, "Actual Startup Time": 92963.44, "Actual Total Time": 95985.051, "Actual Rows": 175, "Actual Loops": 1, "Group By Key": ["nation.n_name", "(date_part('year'::text, orders.o_orderdate))"], "Plans": [{"Node Type": "Sort", "Parent Relationship": "Outer", "Startup Cost": 934828.22, "Total Cost": 934828.22, "Plan Rows": 1, "Plan Width": 66, "Actual Startup Time": 92952.387, "Actual Total Time": 93671.426, "Actual Rows": 3256948, "Actual Loops": 1, "Sort Key": ["nation.n_name", "(date_part('year'::text, orders.o_orderdate)) DESC"], "Sort Method": "quicksort", "Sort Space Used": 607203, "Sort Space Type": "Memory", "Plans": [{"Node Type": "Nested Loop", "Parent Relationship": "Outer", "Join Type": "Inner", "Startup Cost": 72601.27, "Total Cost": 934828.21, "Plan Rows": 1, "Plan Width": 66, "Actual Startup Time": 1098.639, "Actual Total Time": 87246.541, "Actual Rows": 3256948, "Actual Loops": 1, "Inner Unique": true, "Join Filter": "(supplier.s_nationkey = nation.n_nationkey)", "Rows Removed by Join Filter": 39103306, "Plans": [{"Node Type": "Nested Loop", "Parent Relationship": "Outer", "Join Type": "Inner", "Startup Cost": 72601.27, "Total Cost": 934826.64, "Plan Rows": 1, "Plan Width": 44, "Actual Startup Time": 1098.525, "Actual Total Time": 56384.437, "Actual Rows": 3256948, "Actual Loops": 1, "Inner Unique": true, "Plans": [{"Node Type": "Nested Loop", "Parent Relationship": "Outer", "Join Type": "Inner", "Startup Cost": 72601.01, "Total Cost": 934822.36, "Plan Rows": 1, "Plan Width": 44, "Actual Startup Time": 1098.502, "Actual Total Time": 22286.241, "Actual Rows": 3256948, "Actual Loops": 1, "Inner Unique": false, "Join Filter": "(supplier.s_suppkey = lineitem.l_suppkey)", "Rows Removed by Join Filter": 0, "Plans": [{"Node Type": "Hash Join", "Parent Relationship": "Outer", "Join Type": "Inner", "Startup Cost": 72600.6, "Total Cost": 377416.42, "Plan Rows": 125630, "Plan Width": 44, "Actual Startup Time": 1098.397, "Actual Total Time": 6424.119, "Actual Rows": 434204, "Actual Loops": 1, "Inner Unique": true, "Hash Cond": "(partsupp.ps_suppkey = supplier.s_suppkey), (LLVM Optimized, Jit Execute)", "Plans": [{"Node Type": "Hash Join", "Parent Relationship": "Outer", "Join Type": "Inner", "Startup Cost": 68067.6, "Total Cost": 370653.38, "Plan Rows": 259666, "Plan Width": 32, "Actual Startup Time": 1035.246, "Actual Total Time": 5925.911, "Actual Rows": 434204, "Actual Loops": 1, "Inner Unique": true, "Hash Cond": "(partsupp.ps_partkey = part.p_partkey), (LLVM Optimized, Jit Execute)", "Plans": [{"Node Type": "Seq Scan", "Parent Relationship": "Outer", "Relation Name": "partsupp", "Alias": "partsupp", "Startup Cost": 0.0, "Total Cost": 269987.72, "Plan Rows": 8000372, "Plan Width": 24, "Actual Startup Time": 0.012, "Actual Total Time": 2571.841, "Actual Rows": 8000000, "Actual Loops": 1}, {"Node Type": "Hash", "Parent Relationship": "Inner", "Startup Cost": 66944.0, "Total Cost": 66944.0, "Plan Rows": 89888, "Plan Width": 8, "Actual Startup Time": 1035.091, "Actual Total Time": 1035.091, "Actual Rows": 108551, "Actual Loops": 1, "Hash Buckets": 131072, "Hash Batches": 1, "Original Hash Batches": 1, "Peak Memory Usage": 4241, "Plans": [{"Node Type": "Seq Scan", "Parent Relationship": "Outer", "Relation Name": "part", "Alias": "part", "Startup Cost": 0.0, "Total Cost": 66944.0, "Plan Rows": 89888, "Plan Width": 8, "Actual Startup Time": 0.044, "Actual Total Time": 992.617, "Actual Rows": 108551, "Actual Loops": 1, "Filter": "((p_name)::text ~~ '%dim%'::text)", "Rows Removed by Filter": 1891449}]}]}, {"Node Type": "Hash", "Parent Relationship": "Inner", "Startup Cost": 3283.0, "Total Cost": 3283.0, "Plan Rows": 100000, "Plan Width": 12, "Actual Startup Time": 63.046, "Actual Total Time": 63.046, "Actual Rows": 100000, "Actual Loops": 1, "Hash Buckets": 131072, "Hash Batches": 1, "Original Hash Batches": 1, "Peak Memory Usage": 4297, "Plans": [{"Node Type": "Seq Scan", "Parent Relationship": "Outer", "Relation Name": "supplier", "Alias": "supplier", "Startup Cost": 0.0, "Total Cost": 3283.0, "Plan Rows": 100000, "Plan Width": 12, "Actual Startup Time": 0.026, "Actual Total Time": 36.067, "Actual Rows": 100000, "Actual Loops": 1}]}]}, {"Node Type": "Bitmap Heap Scan", "Parent Relationship": "Inner", "Relation Name": "lineitem", "Alias": "lineitem", "Startup Cost": 0.41, "Total Cost": 4.42, "Plan Rows": 1, "Plan Width": 48, "Actual Startup Time": 5025.617, "Actual Total Time": 13836.925, "Actual Rows": 3256948, "Actual Loops": 434204, "Recheck Cond": "((l_partkey = partsupp.ps_partkey) AND (l_suppkey = partsupp.ps_suppkey))", "Rows Removed by Index Recheck": 0, "Exact Heap Blocks": 3256937, "Lossy Heap Blocks": 3256937, "Plans": [{"Node Type": "Bitmap Index Scan", "Parent Relationship": "Outer", "Index Name": "idx_lineitem_part_supp", "Startup Cost": 0.0, "Total Cost": 0.41, "Plan Rows": 1, "Plan Width": 0, "Actual Startup Time": 2838.513, "Actual Total Time": 2838.513, "Actual Rows": 3256948, "Actual Loops": 434204, "Index Cond": "((l_partkey = partsupp.ps_partkey) AND (l_suppkey = partsupp.ps_suppkey))"}]}]}, {"Node Type": "Bitmap Heap Scan", "Parent Relationship": "Inner", "Relation Name": "orders", "Alias": "orders", "Startup Cost": 0.26, "Total Cost": 4.27, "Plan Rows": 1, "Plan Width": 16, "Actual Startup Time": 29681.552, "Actual Total Time": 29681.552, "Actual Rows": 3256948, "Actual Loops": 3256948, "Recheck Cond": "(o_orderkey = lineitem.l_orderkey)", "Rows Removed by Index Recheck": 0, "Exact Heap Blocks": 3256948, "Lossy Heap Blocks": 3256948, "Plans": [{"Node Type": "Bitmap Index Scan", "Parent Relationship": "Outer", "Index Name": "orders_pkey", "Startup Cost": 0.0, "Total Cost": 0.26, "Plan Rows": 1, "Plan Width": 0, "Actual Startup Time": 19327.892, "Actual Total Time": 19327.892, "Actual Rows": 3256948, "Actual Loops": 3256948, "Index Cond": "(o_orderkey = lineitem.l_orderkey)"}]}]}, {"Node Type": "Seq Scan", "Parent Relationship": "Inner", "Relation Name": "nation", "Alias": "nation", "Startup Cost": 0.0, "Total Cost": 1.25, "Plan Rows": 25, "Plan Width": 30, "Actual Startup Time": 12476.64, "Actual Total Time": 16441.679, "Actual Rows": 42360254, "Actual Loops": 3256948}]}]}]}, "Triggers": [], "Planner Runtime": 37.773, "Total Runtime": 96000.432, "Unique SQL Id": 3628361425}}, "(1, 3)": {"explain_plan": {"Plan": {"Node Type": "Aggregate", "Strategy": "Sorted", "Startup Cost": 1000008167021.54, "Total Cost": 1000008167021.58, "Plan Rows": 1, "Plan Width": 74, "Group By Key": ["nation.n_name", "(date_part('year'::text, orders.o_orderdate))"], "Plans": [{"Node Type": "Sort", "Parent Relationship": "Outer", "Startup Cost": 1000008167021.54, "Total Cost": 1000008167021.55, "Plan Rows": 1, "Plan Width": 66, "Sort Key": ["nation.n_name", "(date_part('year'::text, orders.o_orderdate)) DESC"], "Plans": [{"Node Type": "Nested Loop", "Parent Relationship": "Outer", "Join Type": "Inner", "Startup Cost": 10000000002.75, "Total Cost": 1000008167021.53, "Plan Rows": 1, "Plan Width": 66, "Inner Unique": true, "Plans": [{"Node Type": "Nested Loop", "Parent Relationship": "Outer", "Join Type": "Inner", "Startup Cost": 10000000002.5, "Total Cost": 1000008167017.25, "Plan Rows": 1, "Plan Width": 44, "Inner Unique": true, "Plans": [{"Node Type": "Nested Loop", "Parent Relationship": "Outer", "Join Type": "Inner", "Startup Cost": 10000000002.24, "Total Cost": 1000008167012.96, "Plan Rows": 1, "Plan Width": 44, "Inner Unique": true, "Join Filter": "(partsupp.ps_partkey = part.p_partkey)", "Plans": [{"Node Type": "Nested Loop", "Parent Relationship": "Outer", "Join Type": "Inner", "Startup Cost": 10000000001.98, "Total Cost": 1000008166987.25, "Plan Rows": 6, "Plan Width": 60, "Inner Unique": false, "Join Filter": "(supplier.s_suppkey = lineitem.l_suppkey)", "Plans": [{"Node Type": "Nested Loop", "Parent Relationship": "Outer", "Join Type": "Inner", "Startup Cost": 10000000001.57, "Total Cost": 1000002201599.04, "Plan Rows": 1344499, "Plan Width": 36, "Inner Unique": false, "Plans": [{"Node Type": "Index Scan", "Parent Relationship": "Outer", "Scan Direction": "Forward", "Index Name": "idx_supplier_nation_key", "Relation Name": "supplier", "Alias": "supplier", "Startup Cost": 10000000000.0, "Total Cost": 1000001217556.78, "Plan Rows": 100000, "Plan Width": 12}, {"Node Type": "Bitmap Heap Scan", "Parent Relationship": "Inner", "Relation Name": "partsupp", "Alias": "partsupp", "Startup Cost": 1.57, "Total Cost": 9.71, "Plan Rows": 13, "Plan Width": 24, "Recheck Cond": "(ps_suppkey = supplier.s_suppkey)", "Plans": [{"Node Type": "Bitmap Index Scan", "Parent Relationship": "Outer", "Index Name": "idx_partsupp_suppkey", "Startup Cost": 0.0, "Total Cost": 1.56, "Plan Rows": 13, "Plan Width": 0, "Index Cond": "(ps_suppkey = supplier.s_suppkey)"}]}]}, {"Node Type": "Bitmap Heap Scan", "Parent Relationship": "Inner", "Relation Name": "lineitem", "Alias": "lineitem", "Startup Cost": 0.41, "Total Cost": 4.42, "Plan Rows": 1, "Plan Width": 48, "Recheck Cond": "((l_partkey = partsupp.ps_partkey) AND (l_suppkey = partsupp.ps_suppkey))", "Plans": [{"Node Type": "Bitmap Index Scan", "Parent Relationship": "Outer", "Index Name": "idx_lineitem_part_supp", "Startup Cost": 0.0, "Total Cost": 0.41, "Plan Rows": 1, "Plan Width": 0, "Index Cond": "((l_partkey = partsupp.ps_partkey) AND (l_suppkey = partsupp.ps_suppkey))"}]}]}, {"Node Type": "Bitmap Heap Scan", "Parent Relationship": "Inner", "Relation Name": "part", "Alias": "part", "Startup Cost": 0.26, "Total Cost": 4.27, "Plan Rows": 1, "Plan Width": 8, "Recheck Cond": "(p_partkey = lineitem.l_partkey)", "Filter": "((p_name)::text ~~ '%dim%'::text)", "Plans": [{"Node Type": "Bitmap Index Scan", "Parent Relationship": "Outer", "Index Name": "part_kpey", "Startup Cost": 0.0, "Total Cost": 0.26, "Plan Rows": 1, "Plan Width": 0, "Index Cond": "(p_partkey = lineitem.l_partkey)"}]}]}, {"Node Type": "Bitmap Heap Scan", "Parent Relationship": "Inner", "Relation Name": "orders", "Alias": "orders", "Startup Cost": 0.26, "Total Cost": 4.27, "Plan Rows": 1, "Plan Width": 16, "Recheck Cond": "(o_orderkey = lineitem.l_orderkey)", "Plans": [{"Node Type": "Bitmap Index Scan", "Parent Relationship": "Outer", "Index Name": "orders_pkey", "Startup Cost": 0.0, "Total Cost": 0.26, "Plan Rows": 1, "Plan Width": 0, "Index Cond": "(o_orderkey = lineitem.l_orderkey)"}]}]}, {"Node Type": "Bitmap Heap Scan", "Parent Relationship": "Inner", "Relation Name": "nation", "Alias": "nation", "Startup Cost": 0.26, "Total Cost": 4.27, "Plan Rows": 1, "Plan Width": 30, "Recheck Cond": "(n_nationkey = supplier.s_nationkey)", "Plans": [{"Node Type": "Bitmap Index Scan", "Parent Relationship": "Outer", "Index Name": "nation_pkey", "Startup Cost": 0.0, "Total Cost": 0.26, "Plan Rows": 1, "Plan Width": 0, "Index Cond": "(n_nationkey = supplier.s_nationkey)"}]}]}]}]}, "Unique SQL Id": 3628361425}, "explain_analyze_plan": null}, "(1, 4)": {"explain_plan": {"Plan": {"Node Type": "Aggregate", "Strategy": "Sorted", "Startup Cost": 521166.02, "Total Cost": 521166.06, "Plan Rows": 1, "Plan Width": 74, "Group By Key": ["nation.n_name", "(date_part('year'::text, orders.o_orderdate))"], "Plans": [{"Node Type": "Sort", "Parent Relationship": "Outer", "Startup Cost": 521166.02, "Total Cost": 521166.03, "Plan Rows": 1, "Plan Width": 66, "Sort Key": ["nation.n_name", "(date_part('year'::text, orders.o_orderdate)) DESC"], "Plans": [{"Node Type": "Nested Loop", "Parent Relationship": "Outer", "Join Type": "Inner", "Startup Cost": 72600.6, "Total Cost": 521166.01, "Plan Rows": 1, "Plan Width": 66, "Inner Unique": true, "Plans": [{"Node Type": "Nested Loop", "Parent Relationship": "Outer", "Join Type": "Inner", "Startup Cost": 72600.6, "Total Cost": 521165.73, "Plan Rows": 1, "Plan Width": 44, "Inner Unique": true, "Plans": [{"Node Type": "Nested Loop", "Parent Relationship": "Outer", "Join Type": "Inner", "Startup Cost": 72600.6, "Total Cost": 521165.43, "Plan Rows": 1, "Plan Width": 44, "Inner Unique": false, "Join Filter": "(supplier.s_suppkey = lineitem.l_suppkey)", "Plans": [{"Node Type": "Hash Join", "Parent Relationship": "Outer", "Join Type": "Inner", "Startup Cost": 72600.6, "Total Cost": 377416.42, "Plan Rows": 125630, "Plan Width": 44, "Inner Unique": true, "Hash Cond": "(partsupp.ps_suppkey = supplier.s_suppkey), (LLVM Optimized)", "Plans": [{"Node Type": "Hash Join", "Parent Relationship": "Outer", "Join Type": "Inner", "Startup Cost": 68067.6, "Total Cost": 370653.38, "Plan Rows": 259666, "Plan Width": 32, "Inner Unique": true, "Hash Cond": "(partsupp.ps_partkey = part.p_partkey), (LLVM Optimized)", "Plans": [{"Node Type": "Seq Scan", "Parent Relationship": "Outer", "Relation Name": "partsupp", "Alias": "partsupp", "Startup Cost": 0.0, "Total Cost": 269987.72, "Plan Rows": 8000372, "Plan Width": 24}, {"Node Type": "Hash", "Parent Relationship": "Inner", "Startup Cost": 66944.0, "Total Cost": 66944.0, "Plan Rows": 89888, "Plan Width": 8, "Plans": [{"Node Type": "Seq Scan", "Parent Relationship": "Outer", "Relation Name": "part", "Alias": "part", "Startup Cost": 0.0, "Total Cost": 66944.0, "Plan Rows": 89888, "Plan Width": 8, "Filter": "((p_name)::text ~~ '%dim%'::text)"}]}]}, {"Node Type": "Hash", "Parent Relationship": "Inner", "Startup Cost": 3283.0, "Total Cost": 3283.0, "Plan Rows": 100000, "Plan Width": 12, "Plans": [{"Node Type": "Seq Scan", "Parent Relationship": "Outer", "Relation Name": "supplier", "Alias": "supplier", "Startup Cost": 0.0, "Total Cost": 3283.0, "Plan Rows": 100000, "Plan Width": 12}]}]}, {"Node Type": "Index Scan", "Parent Relationship": "Inner", "Scan Direction": "Forward", "Index Name": "idx_lineitem_part_supp", "Relation Name": "lineitem", "Alias": "lineitem", "Startup Cost": 0.0, "Total Cost": 1.13, "Plan Rows": 1, "Plan Width": 48, "Index Cond": "((l_partkey = partsupp.ps_partkey) AND (l_suppkey = partsupp.ps_suppkey))"}]}, {"Node Type": "Index Scan", "Parent Relationship": "Inner", "Scan Direction": "Forward", "Index Name": "orders_pkey", "Relation Name": "orders", "Alias": "orders", "Startup Cost": 0.0, "Total Cost": 0.29, "Plan Rows": 1, "Plan Width": 16, "Index Cond": "(o_orderkey = lineitem.l_orderkey)"}]}, {"Node Type": "Index Scan", "Parent Relationship": "Inner", "Scan Direction": "Forward", "Index Name": "nation_pkey", "Relation Name": "nation", "Alias": "nation", "Startup Cost": 0.0, "Total Cost": 0.27, "Plan Rows": 1, "Plan Width": 30, "Index Cond": "(n_nationkey = supplier.s_nationkey)"}]}]}]}, "Unique SQL Id": 3628361425}, "explain_analyze_plan": {"Plan": {"Node Type": "Aggregate", "Strategy": "Sorted", "Startup Cost": 521166.02, "Total Cost": 521166.06, "Plan Rows": 1, "Plan Width": 74, "Actual Startup Time": 59481.117, "Actual Total Time": 62604.215, "Actual Rows": 175, "Actual Loops": 1, "Group By Key": ["nation.n_name", "(date_part('year'::text, orders.o_orderdate))"], "Plans": [{"Node Type": "Sort", "Parent Relationship": "Outer", "Startup Cost": 521166.02, "Total Cost": 521166.03, "Plan Rows": 1, "Plan Width": 66, "Actual Startup Time": 59469.211, "Actual Total Time": 60260.928, "Actual Rows": 3256948, "Actual Loops": 1, "Sort Key": ["nation.n_name", "(date_part('year'::text, orders.o_orderdate)) DESC"], "Sort Method": "quicksort", "Sort Space Used": 607203, "Sort Space Type": "Memory", "Plans": [{"Node Type": "Nested Loop", "Parent Relationship": "Outer", "Join Type": "Inner", "Startup Cost": 72600.6, "Total Cost": 521166.01, "Plan Rows": 1, "Plan Width": 66, "Actual Startup Time": 1094.503, "Actual Total Time": 53628.008, "Actual Rows": 3256948, "Actual Loops": 1, "Inner Unique": true, "Plans": [{"Node Type": "Nested Loop", "Parent Relationship": "Outer", "Join Type": "Inner", "Startup Cost": 72600.6, "Total Cost": 521165.73, "Plan Rows": 1, "Plan Width": 44, "Actual Startup Time": 1094.366, "Actual Total Time": 45161.558, "Actual Rows": 3256948, "Actual Loops": 1, "Inner Unique": true, "Plans": [{"Node Type": "Nested Loop", "Parent Relationship": "Outer", "Join Type": "Inner", "Startup Cost": 72600.6, "Total Cost": 521165.43, "Plan Rows": 1, "Plan Width": 44, "Actual Startup Time": 1094.34, "Actual Total Time": 18317.543, "Actual Rows": 3256948, "Actual Loops": 1, "Inner Unique": false, "Join Filter": "(supplier.s_suppkey = lineitem.l_suppkey)", "Rows Removed by Join Filter": 0, "Plans": [{"Node Type": "Hash Join", "Parent Relationship": "Outer", "Join Type": "Inner", "Startup Cost": 72600.6, "Total Cost": 377416.42, "Plan Rows": 125630, "Plan Width": 44, "Actual Startup Time": 1094.281, "Actual Total Time": 6180.496, "Actual Rows": 434204, "Actual Loops": 1, "Inner Unique": true, "Hash Cond": "(partsupp.ps_suppkey = supplier.s_suppkey), (LLVM Optimized, Jit Execute)", "Plans": [{"Node Type": "Hash Join", "Parent Relationship": "Outer", "Join Type": "Inner", "Startup Cost": 68067.6, "Total Cost": 370653.38, "Plan Rows": 259666, "Plan Width": 32, "Actual Startup Time": 1031.172, "Actual Total Time": 5716.645, "Actual Rows": 434204, "Actual Loops": 1, "Inner Unique": true, "Hash Cond": "(partsupp.ps_partkey = part.p_partkey), (LLVM Optimized, Jit Execute)", "Plans": [{"Node Type": "Seq Scan", "Parent Relationship": "Outer", "Relation Name": "partsupp", "Alias": "partsupp", "Startup Cost": 0.0, "Total Cost": 269987.72, "Plan Rows": 8000372, "Plan Width": 24, "Actual Startup Time": 0.013, "Actual Total Time": 2512.445, "Actual Rows": 8000000, "Actual Loops": 1}, {"Node Type": "Hash", "Parent Relationship": "Inner", "Startup Cost": 66944.0, "Total Cost": 66944.0, "Plan Rows": 89888, "Plan Width": 8, "Actual Startup Time": 1031.014, "Actual Total Time": 1031.014, "Actual Rows": 108551, "Actual Loops": 1, "Hash Buckets": 131072, "Hash Batches": 1, "Original Hash Batches": 1, "Peak Memory Usage": 4241, "Plans": [{"Node Type": "Seq Scan", "Parent Relationship": "Outer", "Relation Name": "part", "Alias": "part", "Startup Cost": 0.0, "Total Cost": 66944.0, "Plan Rows": 89888, "Plan Width": 8, "Actual Startup Time": 0.047, "Actual Total Time": 992.378, "Actual Rows": 108551, "Actual Loops": 1, "Filter": "((p_name)::text ~~ '%dim%'::text)", "Rows Removed by Filter": 1891449}]}]}, {"Node Type": "Hash", "Parent Relationship": "Inner", "Startup Cost": 3283.0, "Total Cost": 3283.0, "Plan Rows": 100000, "Plan Width": 12, "Actual Startup Time": 62.997, "Actual Total Time": 62.997, "Actual Rows": 100000, "Actual Loops": 1, "Hash Buckets": 131072, "Hash Batches": 1, "Original Hash Batches": 1, "Peak Memory Usage": 4297, "Plans": [{"Node Type": "Seq Scan", "Parent Relationship": "Outer", "Relation Name": "supplier", "Alias": "supplier", "Startup Cost": 0.0, "Total Cost": 3283.0, "Plan Rows": 100000, "Plan Width": 12, "Actual Startup Time": 0.026, "Actual Total Time": 35.878, "Actual Rows": 100000, "Actual Loops": 1}]}]}, {"Node Type": "Index Scan", "Parent Relationship": "Inner", "Scan Direction": "Forward", "Index Name": "idx_lineitem_part_supp", "Relation Name": "lineitem", "Alias": "lineitem", "Startup Cost": 0.0, "Total Cost": 1.13, "Plan Rows": 1, "Plan Width": 48, "Actual Startup Time": 3039.434, "Actual Total Time": 10513.781, "Actual Rows": 3256948, "Actual Loops": 434204, "Index Cond": "((l_partkey = partsupp.ps_partkey) AND (l_suppkey = partsupp.ps_suppkey))", "Rows Removed by Index Recheck": 0}]}, {"Node Type": "Index Scan", "Parent Relationship": "Inner", "Scan Direction": "Forward", "Index Name": "orders_pkey", "Relation Name": "orders", "Alias": "orders", "Startup Cost": 0.0, "Total Cost": 0.29, "Plan Rows": 1, "Plan Width": 16, "Actual Startup Time": 24113.79, "Actual Total Time": 24113.79, "Actual Rows": 3256948, "Actual Loops": 3256948, "Index Cond": "(o_orderkey = lineitem.l_orderkey)", "Rows Removed by Index Recheck": 0}]}, {"Node Type": "Index Scan", "Parent Relationship": "Inner", "Scan Direction": "Forward", "Index Name": "nation_pkey", "Relation Name": "nation", "Alias": "nation", "Startup Cost": 0.0, "Total Cost": 0.27, "Plan Rows": 1, "Plan Width": 30, "Actual Startup Time": 4504.283, "Actual Total Time": 4504.283, "Actual Rows": 3256948, "Actual Loops": 3256948, "Index Cond": "(n_nationkey = supplier.s_nationkey)", "Rows Removed by Index Recheck": 0}]}]}]}, "Triggers": [], "Planner Runtime": 30.255, "Total Runtime": 62619.904, "Unique SQL Id": 3628361425}}, "(1, 5)": {"explain_plan": {"Plan": {"Node Type": "Aggregate", "Strategy": "Sorted", "Startup Cost": 701189.48, "Total Cost": 701189.52, "Plan Rows": 1, "Plan Width": 74, "Group By Key": ["nation.n_name", "(date_part('year'::text, orders.o_orderdate))"], "Plans": [{"Node Type": "Sort", "Parent Relationship": "Outer", "Startup Cost": 701189.48, "Total Cost": 701189.49, "Plan Rows": 1, "Plan Width": 66, "Sort Key": ["nation.n_name", "(date_part('year'::text, orders.o_orderdate)) DESC"], "Plans": [{"Node Type": "Nested Loop", "Parent Relationship": "Outer", "Join Type": "Inner", "Startup Cost": 6584.54, "Total Cost": 701189.47, "Plan Rows": 1, "Plan Width": 66, "Inner Unique": true, "Plans": [{"Node Type": "Nested Loop", "Parent Relationship": "Outer", "Join Type": "Inner", "Startup Cost": 6584.54, "Total Cost": 701189.19, "Plan Rows": 1, "Plan Width": 44, "Inner Unique": true, "Plans": [{"Node Type": "Nested Loop", "Parent Relationship": "Outer", "Join Type": "Inner", "Startup Cost": 6584.54, "Total Cost": 701188.89, "Plan Rows": 1, "Plan Width": 44, "Inner Unique": false, "Join Filter": "(supplier.s_suppkey = lineitem.l_suppkey)", "Plans": [{"Node Type": "Hash Join", "Parent Relationship": "Outer", "Join Type": "Inner", "Startup Cost": 6584.54, "Total Cost": 557439.88, "Plan Rows": 125630, "Plan Width": 44, "Inner Unique": true, "Hash Cond": "(partsupp.ps_suppkey = supplier.s_suppkey), (LLVM Optimized)", "Plans": [{"Node Type": "Nested Loop", "Parent Relationship": "Outer", "Join Type": "Inner", "Startup Cost": 0.0, "Total Cost": 548625.29, "Plan Rows": 259666, "Plan Width": 32, "Inner Unique": false, "Plans": [{"Node Type": "Index Scan", "Parent Relationship": "Outer", "Scan Direction": "Forward", "Index Name": "part_kpey", "Relation Name": "part", "Alias": "part", "Startup Cost": 0.0, "Total Cost": 105803.25, "Plan Rows": 89888, "Plan Width": 8, "Filter": "((p_name)::text ~~ '%dim%'::text)"}, {"Node Type": "Index Scan", "Parent Relationship": "Inner", "Scan Direction": "Forward", "Index Name": "idx_partsupp_partkey", "Relation Name": "partsupp", "Alias": "partsupp", "Startup Cost": 0.0, "Total Cost": 4.9, "Plan Rows": 3, "Plan Width": 24, "Index Cond": "(ps_partkey = part.p_partkey)"}]}, {"Node Type": "Hash", "Parent Relationship": "Inner", "Startup Cost": 5334.54, "Total Cost": 5334.54, "Plan Rows": 100000, "Plan Width": 12, "Plans": [{"Node Type": "Index Scan", "Parent Relationship": "Outer", "Scan Direction": "Forward", "Index Name": "supplier_pkey", "Relation Name": "supplier", "Alias": "supplier", "Startup Cost": 0.0, "Total Cost": 5334.54, "Plan Rows": 100000, "Plan Width": 12}]}]}, {"Node Type": "Index Scan", "Parent Relationship": "Inner", "Scan Direction": "Forward", "Index Name": "idx_lineitem_part_supp", "Relation Name": "lineitem", "Alias": "lineitem", "Startup Cost": 0.0, "Total Cost": 1.13, "Plan Rows": 1, "Plan Width": 48, "Index Cond": "((l_partkey = partsupp.ps_partkey) AND (l_suppkey = partsupp.ps_suppkey))"}]}, {"Node Type": "Index Scan", "Parent Relationship": "Inner", "Scan Direction": "Forward", "Index Name": "orders_pkey", "Relation Name": "orders", "Alias": "orders", "Startup Cost": 0.0, "Total Cost": 0.29, "Plan Rows": 1, "Plan Width": 16, "Index Cond": "(o_orderkey = lineitem.l_orderkey)"}]}, {"Node Type": "Index Scan", "Parent Relationship": "Inner", "Scan Direction": "Forward", "Index Name": "nation_pkey", "Relation Name": "nation", "Alias": "nation", "Startup Cost": 0.0, "Total Cost": 0.27, "Plan Rows": 1, "Plan Width": 30, "Index Cond": "(n_nationkey = supplier.s_nationkey)"}]}]}]}, "Unique SQL Id": 3628361425}, "explain_analyze_plan": {"Plan": {"Node Type": "Aggregate", "Strategy": "Sorted", "Startup Cost": 701189.48, "Total Cost": 701189.52, "Plan Rows": 1, "Plan Width": 74, "Actual Startup Time": 57927.603, "Actual Total Time": 60887.2, "Actual Rows": 175, "Actual Loops": 1, "Group By Key": ["nation.n_name", "(date_part('year'::text, orders.o_orderdate))"], "Plans": [{"Node Type": "Sort", "Parent Relationship": "Outer", "Startup Cost": 701189.48, "Total Cost": 701189.49, "Plan Rows": 1, "Plan Width": 66, "Actual Startup Time": 57917.052, "Actual Total Time": 58585.336, "Actual Rows": 3256948, "Actual Loops": 1, "Sort Key": ["nation.n_name", "(date_part('year'::text, orders.o_orderdate)) DESC"], "Sort Method": "quicksort", "Sort Space Used": 607203, "Sort Space Type": "Memory", "Plans": [{"Node Type": "Nested Loop", "Parent Relationship": "Outer", "Join Type": "Inner", "Startup Cost": 6584.54, "Total Cost": 701189.47, "Plan Rows": 1, "Plan Width": 66, "Actual Startup Time": 88.208, "Actual Total Time": 52379.794, "Actual Rows": 3256948, "Actual Loops": 1, "Inner Unique": true, "Plans": [{"Node Type": "Nested Loop", "Parent Relationship": "Outer", "Join Type": "Inner", "Startup Cost": 6584.54, "Total Cost": 701189.19, "Plan Rows": 1, "Plan Width": 44, "Actual Startup Time": 88.176, "Actual Total Time": 43642.973, "Actual Rows": 3256948, "Actual Loops": 1, "Inner Unique": true, "Plans": [{"Node Type": "Nested Loop", "Parent Relationship": "Outer", "Join Type": "Inner", "Startup Cost": 6584.54, "Total Cost": 701188.89, "Plan Rows": 1, "Plan Width": 44, "Actual Startup Time": 88.16, "Actual Total Time": 15982.385, "Actual Rows": 3256948, "Actual Loops": 1, "Inner Unique": false, "Join Filter": "(supplier.s_suppkey = lineitem.l_suppkey)", "Rows Removed by Join Filter": 0, "Plans": [{"Node Type": "Hash Join", "Parent Relationship": "Outer", "Join Type": "Inner", "Startup Cost": 6584.54, "Total Cost": 557439.88, "Plan Rows": 125630, "Plan Width": 44, "Actual Startup Time": 88.115, "Actual Total Time": 3477.657, "Actual Rows": 434204, "Actual Loops": 1, "Inner Unique": true, "Hash Cond": "(partsupp.ps_suppkey = supplier.s_suppkey), (LLVM Optimized, Jit Execute)", "Plans": [{"Node Type": "Nested Loop", "Parent Relationship": "Outer", "Join Type": "Inner", "Startup Cost": 0.0, "Total Cost": 548625.29, "Plan Rows": 259666, "Plan Width": 32, "Actual Startup Time": 0.091, "Actual Total Time": 2926.915, "Actual Rows": 434204, "Actual Loops": 1, "Inner Unique": false, "Plans": [{"Node Type": "Index Scan", "Parent Relationship": "Outer", "Scan Direction": "Forward", "Index Name": "part_kpey", "Relation Name": "part", "Alias": "part", "Startup Cost": 0.0, "Total Cost": 105803.25, "Plan Rows": 89888, "Plan Width": 8, "Actual Startup Time": 0.065, "Actual Total Time": 1746.869, "Actual Rows": 108551, "Actual Loops": 1, "Filter": "((p_name)::text ~~ '%dim%'::text)", "Rows Removed by Filter": 1891449}, {"Node Type": "Index Scan", "Parent Relationship": "Inner", "Scan Direction": "Forward", "Index Name": "idx_partsupp_partkey", "Relation Name": "partsupp", "Alias": "partsupp", "Startup Cost": 0.0, "Total Cost": 4.9, "Plan Rows": 3, "Plan Width": 24, "Actual Startup Time": 667.283, "Actual Total Time": 976.149, "Actual Rows": 434204, "Actual Loops": 108551, "Index Cond": "(ps_partkey = part.p_partkey)", "Rows Removed by Index Recheck": 0}]}, {"Node Type": "Hash", "Parent Relationship": "Inner", "Startup Cost": 5334.54, "Total Cost": 5334.54, "Plan Rows": 100000, "Plan Width": 12, "Actual Startup Time": 87.877, "Actual Total Time": 87.877, "Actual Rows": 100000, "Actual Loops": 1, "Hash Buckets": 131072, "Hash Batches": 1, "Original Hash Batches": 1, "Peak Memory Usage": 4297, "Plans": [{"Node Type": "Index Scan", "Parent Relationship": "Outer", "Scan Direction": "Forward", "Index Name": "supplier_pkey", "Relation Name": "supplier", "Alias": "supplier", "Startup Cost": 0.0, "Total Cost": 5334.54, "Plan Rows": 100000, "Plan Width": 12, "Actual Startup Time": 0.025, "Actual Total Time": 60.048, "Actual Rows": 100000, "Actual Loops": 1}]}]}, {"Node Type": "Index Scan", "Parent Relationship": "Inner", "Scan Direction": "Forward", "Index Name": "idx_lineitem_part_supp", "Relation Name": "lineitem", "Alias": "lineitem", "Startup Cost": 0.0, "Total Cost": 1.13, "Plan Rows": 1, "Plan Width": 48, "Actual Startup Time": 3121.867, "Actual Total Time": 10833.853, "Actual Rows": 3256948, "Actual Loops": 434204, "Index Cond": "((l_partkey = partsupp.ps_partkey) AND (l_suppkey = partsupp.ps_suppkey))", "Rows Removed by Index Recheck": 0}]}, {"Node Type": "Index Scan", "Parent Relationship": "Inner", "Scan Direction": "Forward", "Index Name": "orders_pkey", "Relation Name": "orders", "Alias": "orders", "Startup Cost": 0.0, "Total Cost": 0.29, "Plan Rows": 1, "Plan Width": 16, "Actual Startup Time": 24891.296, "Actual Total Time": 24891.296, "Actual Rows": 3256948, "Actual Loops": 3256948, "Index Cond": "(o_orderkey = lineitem.l_orderkey)", "Rows Removed by Index Recheck": 0}]}, {"Node Type": "Index Scan", "Parent Relationship": "Inner", "Scan Direction": "Forward", "Index Name": "nation_pkey", "Relation Name": "nation", "Alias": "nation", "Startup Cost": 0.0, "Total Cost": 0.27, "Plan Rows": 1, "Plan Width": 30, "Actual Startup Time": 4701.479, "Actual Total Time": 4701.479, "Actual Rows": 3256948, "Actual Loops": 3256948, "Index Cond": "(n_nationkey = supplier.s_nationkey)", "Rows Removed by Index Recheck": 0}]}]}]}, "Triggers": [], "Planner Runtime": 29.635, "Total Runtime": 60901.785, "Unique SQL Id": 3628361425}}, "(1, 6)": {"explain_plan": {"Plan": {"Node Type": "Aggregate", "Strategy": "Sorted", "Startup Cost": 934828.22, "Total Cost": 934828.25, "Plan Rows": 1, "Plan Width": 74, "Group By Key": ["nation.n_name", "(date_part('year'::text, orders.o_orderdate))"], "Plans": [{"Node Type": "Sort", "Parent Relationship": "Outer", "Startup Cost": 934828.22, "Total Cost": 934828.22, "Plan Rows": 1, "Plan Width": 66, "Sort Key": ["nation.n_name", "(date_part('year'::text, orders.o_orderdate)) DESC"], "Plans": [{"Node Type": "Nested Loop", "Parent Relationship": "Outer", "Join Type": "Inner", "Startup Cost": 72601.27, "Total Cost": 934828.21, "Plan Rows": 1, "Plan Width": 66, "Inner Unique": true, "Join Filter": "(supplier.s_nationkey = nation.n_nationkey)", "Plans": [{"Node Type": "Nested Loop", "Parent Relationship": "Outer", "Join Type": "Inner", "Startup Cost": 72601.27, "Total Cost": 934826.64, "Plan Rows": 1, "Plan Width": 44, "Inner Unique": true, "Plans": [{"Node Type": "Nested Loop", "Parent Relationship": "Outer", "Join Type": "Inner", "Startup Cost": 72601.01, "Total Cost": 934822.36, "Plan Rows": 1, "Plan Width": 44, "Inner Unique": false, "Join Filter": "(supplier.s_suppkey = lineitem.l_suppkey)", "Plans": [{"Node Type": "Hash Join", "Parent Relationship": "Outer", "Join Type": "Inner", "Startup Cost": 72600.6, "Total Cost": 377416.42, "Plan Rows": 125630, "Plan Width": 44, "Inner Unique": true, "Hash Cond": "(partsupp.ps_suppkey = supplier.s_suppkey), (LLVM Optimized)", "Plans": [{"Node Type": "Hash Join", "Parent Relationship": "Outer", "Join Type": "Inner", "Startup Cost": 68067.6, "Total Cost": 370653.38, "Plan Rows": 259666, "Plan Width": 32, "Inner Unique": true, "Hash Cond": "(partsupp.ps_partkey = part.p_partkey), (LLVM Optimized)", "Plans": [{"Node Type": "Seq Scan", "Parent Relationship": "Outer", "Relation Name": "partsupp", "Alias": "partsupp", "Startup Cost": 0.0, "Total Cost": 269987.72, "Plan Rows": 8000372, "Plan Width": 24}, {"Node Type": "Hash", "Parent Relationship": "Inner", "Startup Cost": 66944.0, "Total Cost": 66944.0, "Plan Rows": 89888, "Plan Width": 8, "Plans": [{"Node Type": "Seq Scan", "Parent Relationship": "Outer", "Relation Name": "part", "Alias": "part", "Startup Cost": 0.0, "Total Cost": 66944.0, "Plan Rows": 89888, "Plan Width": 8, "Filter": "((p_name)::text ~~ '%dim%'::text)"}]}]}, {"Node Type": "Hash", "Parent Relationship": "Inner", "Startup Cost": 3283.0, "Total Cost": 3283.0, "Plan Rows": 100000, "Plan Width": 12, "Plans": [{"Node Type": "Seq Scan", "Parent Relationship": "Outer", "Relation Name": "supplier", "Alias": "supplier", "Startup Cost": 0.0, "Total Cost": 3283.0, "Plan Rows": 100000, "Plan Width": 12}]}]}, {"Node Type": "Bitmap Heap Scan", "Parent Relationship": "Inner", "Relation Name": "lineitem", "Alias": "lineitem", "Startup Cost": 0.41, "Total Cost": 4.42, "Plan Rows": 1, "Plan Width": 48, "Recheck Cond": "((l_partkey = partsupp.ps_partkey) AND (l_suppkey = partsupp.ps_suppkey))", "Plans": [{"Node Type": "Bitmap Index Scan", "Parent Relationship": "Outer", "Index Name": "idx_lineitem_part_supp", "Startup Cost": 0.0, "Total Cost": 0.41, "Plan Rows": 1, "Plan Width": 0, "Index Cond": "((l_partkey = partsupp.ps_partkey) AND (l_suppkey = partsupp.ps_suppkey))"}]}]}, {"Node Type": "Bitmap Heap Scan", "Parent Relationship": "Inner", "Relation Name": "orders", "Alias": "orders", "Startup Cost": 0.26, "Total Cost": 4.27, "Plan Rows": 1, "Plan Width": 16, "Recheck Cond": "(o_orderkey = lineitem.l_orderkey)", "Plans": [{"Node Type": "Bitmap Index Scan", "Parent Relationship": "Outer", "Index Name": "orders_pkey", "Startup Cost": 0.0, "Total Cost": 0.26, "Plan Rows": 1, "Plan Width": 0, "Index Cond": "(o_orderkey = lineitem.l_orderkey)"}]}]}, {"Node Type": "Seq Scan", "Parent Relationship": "Inner", "Relation Name": "nation", "Alias": "nation", "Startup Cost": 0.0, "Total Cost": 1.25, "Plan Rows": 25, "Plan Width": 30}]}]}]}, "Unique SQL Id": 3628361425}, "explain_analyze_plan": {"Plan": {"Node Type": "Aggregate", "Strategy": "Sorted", "Startup Cost": 934828.22, "Total Cost": 934828.25, "Plan Rows": 1, "Plan Width": 74, "Actual Startup Time": 92963.44, "Actual Total Time": 95985.051, "Actual Rows": 175, "Actual Loops": 1, "Group By Key": ["nation.n_name", "(date_part('year'::text, orders.o_orderdate))"], "Plans": [{"Node Type": "Sort", "Parent Relationship": "Outer", "Startup Cost": 934828.22, "Total Cost": 934828.22, "Plan Rows": 1, "Plan Width": 66, "Actual Startup Time": 92952.387, "Actual Total Time": 93671.426, "Actual Rows": 3256948, "Actual Loops": 1, "Sort Key": ["nation.n_name", "(date_part('year'::text, orders.o_orderdate)) DESC"], "Sort Method": "quicksort", "Sort Space Used": 607203, "Sort Space Type": "Memory", "Plans": [{"Node Type": "Nested Loop", "Parent Relationship": "Outer", "Join Type": "Inner", "Startup Cost": 72601.27, "Total Cost": 934828.21, "Plan Rows": 1, "Plan Width": 66, "Actual Startup Time": 1098.639, "Actual Total Time": 87246.541, "Actual Rows": 3256948, "Actual Loops": 1, "Inner Unique": true, "Join Filter": "(supplier.s_nationkey = nation.n_nationkey)", "Rows Removed by Join Filter": 39103306, "Plans": [{"Node Type": "Nested Loop", "Parent Relationship": "Outer", "Join Type": "Inner", "Startup Cost": 72601.27, "Total Cost": 934826.64, "Plan Rows": 1, "Plan Width": 44, "Actual Startup Time": 1098.525, "Actual Total Time": 56384.437, "Actual Rows": 3256948, "Actual Loops": 1, "Inner Unique": true, "Plans": [{"Node Type": "Nested Loop", "Parent Relationship": "Outer", "Join Type": "Inner", "Startup Cost": 72601.01, "Total Cost": 934822.36, "Plan Rows": 1, "Plan Width": 44, "Actual Startup Time": 1098.502, "Actual Total Time": 22286.241, "Actual Rows": 3256948, "Actual Loops": 1, "Inner Unique": false, "Join Filter": "(supplier.s_suppkey = lineitem.l_suppkey)", "Rows Removed by Join Filter": 0, "Plans": [{"Node Type": "Hash Join", "Parent Relationship": "Outer", "Join Type": "Inner", "Startup Cost": 72600.6, "Total Cost": 377416.42, "Plan Rows": 125630, "Plan Width": 44, "Actual Startup Time": 1098.397, "Actual Total Time": 6424.119, "Actual Rows": 434204, "Actual Loops": 1, "Inner Unique": true, "Hash Cond": "(partsupp.ps_suppkey = supplier.s_suppkey), (LLVM Optimized, Jit Execute)", "Plans": [{"Node Type": "Hash Join", "Parent Relationship": "Outer", "Join Type": "Inner", "Startup Cost": 68067.6, "Total Cost": 370653.38, "Plan Rows": 259666, "Plan Width": 32, "Actual Startup Time": 1035.246, "Actual Total Time": 5925.911, "Actual Rows": 434204, "Actual Loops": 1, "Inner Unique": true, "Hash Cond": "(partsupp.ps_partkey = part.p_partkey), (LLVM Optimized, Jit Execute)", "Plans": [{"Node Type": "Seq Scan", "Parent Relationship": "Outer", "Relation Name": "partsupp", "Alias": "partsupp", "Startup Cost": 0.0, "Total Cost": 269987.72, "Plan Rows": 8000372, "Plan Width": 24, "Actual Startup Time": 0.012, "Actual Total Time": 2571.841, "Actual Rows": 8000000, "Actual Loops": 1}, {"Node Type": "Hash", "Parent Relationship": "Inner", "Startup Cost": 66944.0, "Total Cost": 66944.0, "Plan Rows": 89888, "Plan Width": 8, "Actual Startup Time": 1035.091, "Actual Total Time": 1035.091, "Actual Rows": 108551, "Actual Loops": 1, "Hash Buckets": 131072, "Hash Batches": 1, "Original Hash Batches": 1, "Peak Memory Usage": 4241, "Plans": [{"Node Type": "Seq Scan", "Parent Relationship": "Outer", "Relation Name": "part", "Alias": "part", "Startup Cost": 0.0, "Total Cost": 66944.0, "Plan Rows": 89888, "Plan Width": 8, "Actual Startup Time": 0.044, "Actual Total Time": 992.617, "Actual Rows": 108551, "Actual Loops": 1, "Filter": "((p_name)::text ~~ '%dim%'::text)", "Rows Removed by Filter": 1891449}]}]}, {"Node Type": "Hash", "Parent Relationship": "Inner", "Startup Cost": 3283.0, "Total Cost": 3283.0, "Plan Rows": 100000, "Plan Width": 12, "Actual Startup Time": 63.046, "Actual Total Time": 63.046, "Actual Rows": 100000, "Actual Loops": 1, "Hash Buckets": 131072, "Hash Batches": 1, "Original Hash Batches": 1, "Peak Memory Usage": 4297, "Plans": [{"Node Type": "Seq Scan", "Parent Relationship": "Outer", "Relation Name": "supplier", "Alias": "supplier", "Startup Cost": 0.0, "Total Cost": 3283.0, "Plan Rows": 100000, "Plan Width": 12, "Actual Startup Time": 0.026, "Actual Total Time": 36.067, "Actual Rows": 100000, "Actual Loops": 1}]}]}, {"Node Type": "Bitmap Heap Scan", "Parent Relationship": "Inner", "Relation Name": "lineitem", "Alias": "lineitem", "Startup Cost": 0.41, "Total Cost": 4.42, "Plan Rows": 1, "Plan Width": 48, "Actual Startup Time": 5025.617, "Actual Total Time": 13836.925, "Actual Rows": 3256948, "Actual Loops": 434204, "Recheck Cond": "((l_partkey = partsupp.ps_partkey) AND (l_suppkey = partsupp.ps_suppkey))", "Rows Removed by Index Recheck": 0, "Exact Heap Blocks": 3256937, "Lossy Heap Blocks": 3256937, "Plans": [{"Node Type": "Bitmap Index Scan", "Parent Relationship": "Outer", "Index Name": "idx_lineitem_part_supp", "Startup Cost": 0.0, "Total Cost": 0.41, "Plan Rows": 1, "Plan Width": 0, "Actual Startup Time": 2838.513, "Actual Total Time": 2838.513, "Actual Rows": 3256948, "Actual Loops": 434204, "Index Cond": "((l_partkey = partsupp.ps_partkey) AND (l_suppkey = partsupp.ps_suppkey))"}]}]}, {"Node Type": "Bitmap Heap Scan", "Parent Relationship": "Inner", "Relation Name": "orders", "Alias": "orders", "Startup Cost": 0.26, "Total Cost": 4.27, "Plan Rows": 1, "Plan Width": 16, "Actual Startup Time": 29681.552, "Actual Total Time": 29681.552, "Actual Rows": 3256948, "Actual Loops": 3256948, "Recheck Cond": "(o_orderkey = lineitem.l_orderkey)", "Rows Removed by Index Recheck": 0, "Exact Heap Blocks": 3256948, "Lossy Heap Blocks": 3256948, "Plans": [{"Node Type": "Bitmap Index Scan", "Parent Relationship": "Outer", "Index Name": "orders_pkey", "Startup Cost": 0.0, "Total Cost": 0.26, "Plan Rows": 1, "Plan Width": 0, "Actual Startup Time": 19327.892, "Actual Total Time": 19327.892, "Actual Rows": 3256948, "Actual Loops": 3256948, "Index Cond": "(o_orderkey = lineitem.l_orderkey)"}]}]}, {"Node Type": "Seq Scan", "Parent Relationship": "Inner", "Relation Name": "nation", "Alias": "nation", "Startup Cost": 0.0, "Total Cost": 1.25, "Plan Rows": 25, "Plan Width": 30, "Actual Startup Time": 12476.64, "Actual Total Time": 16441.679, "Actual Rows": 42360254, "Actual Loops": 3256948}]}]}]}, "Triggers": [], "Planner Runtime": 37.773, "Total Runtime": 96000.432, "Unique SQL Id": 3628361425}}, "(1, 7)": {"explain_plan": {"Plan": {"Node Type": "Aggregate", "Strategy": "Sorted", "Startup Cost": 1000008167021.54, "Total Cost": 1000008167021.58, "Plan Rows": 1, "Plan Width": 74, "Group By Key": ["nation.n_name", "(date_part('year'::text, orders.o_orderdate))"], "Plans": [{"Node Type": "Sort", "Parent Relationship": "Outer", "Startup Cost": 1000008167021.54, "Total Cost": 1000008167021.55, "Plan Rows": 1, "Plan Width": 66, "Sort Key": ["nation.n_name", "(date_part('year'::text, orders.o_orderdate)) DESC"], "Plans": [{"Node Type": "Nested Loop", "Parent Relationship": "Outer", "Join Type": "Inner", "Startup Cost": 10000000002.75, "Total Cost": 1000008167021.53, "Plan Rows": 1, "Plan Width": 66, "Inner Unique": true, "Plans": [{"Node Type": "Nested Loop", "Parent Relationship": "Outer", "Join Type": "Inner", "Startup Cost": 10000000002.5, "Total Cost": 1000008167017.25, "Plan Rows": 1, "Plan Width": 44, "Inner Unique": true, "Plans": [{"Node Type": "Nested Loop", "Parent Relationship": "Outer", "Join Type": "Inner", "Startup Cost": 10000000002.24, "Total Cost": 1000008167012.96, "Plan Rows": 1, "Plan Width": 44, "Inner Unique": true, "Join Filter": "(partsupp.ps_partkey = part.p_partkey)", "Plans": [{"Node Type": "Nested Loop", "Parent Relationship": "Outer", "Join Type": "Inner", "Startup Cost": 10000000001.98, "Total Cost": 1000008166987.25, "Plan Rows": 6, "Plan Width": 60, "Inner Unique": false, "Join Filter": "(supplier.s_suppkey = lineitem.l_suppkey)", "Plans": [{"Node Type": "Nested Loop", "Parent Relationship": "Outer", "Join Type": "Inner", "Startup Cost": 10000000001.57, "Total Cost": 1000002201599.04, "Plan Rows": 1344499, "Plan Width": 36, "Inner Unique": false, "Plans": [{"Node Type": "Index Scan", "Parent Relationship": "Outer", "Scan Direction": "Forward", "Index Name": "idx_supplier_nation_key", "Relation Name": "supplier", "Alias": "supplier", "Startup Cost": 10000000000.0, "Total Cost": 1000001217556.78, "Plan Rows": 100000, "Plan Width": 12}, {"Node Type": "Bitmap Heap Scan", "Parent Relationship": "Inner", "Relation Name": "partsupp", "Alias": "partsupp", "Startup Cost": 1.57, "Total Cost": 9.71, "Plan Rows": 13, "Plan Width": 24, "Recheck Cond": "(ps_suppkey = supplier.s_suppkey)", "Plans": [{"Node Type": "Bitmap Index Scan", "Parent Relationship": "Outer", "Index Name": "idx_partsupp_suppkey", "Startup Cost": 0.0, "Total Cost": 1.56, "Plan Rows": 13, "Plan Width": 0, "Index Cond": "(ps_suppkey = supplier.s_suppkey)"}]}]}, {"Node Type": "Bitmap Heap Scan", "Parent Relationship": "Inner", "Relation Name": "lineitem", "Alias": "lineitem", "Startup Cost": 0.41, "Total Cost": 4.42, "Plan Rows": 1, "Plan Width": 48, "Recheck Cond": "((l_partkey = partsupp.ps_partkey) AND (l_suppkey = partsupp.ps_suppkey))", "Plans": [{"Node Type": "Bitmap Index Scan", "Parent Relationship": "Outer", "Index Name": "idx_lineitem_part_supp", "Startup Cost": 0.0, "Total Cost": 0.41, "Plan Rows": 1, "Plan Width": 0, "Index Cond": "((l_partkey = partsupp.ps_partkey) AND (l_suppkey = partsupp.ps_suppkey))"}]}]}, {"Node Type": "Bitmap Heap Scan", "Parent Relationship": "Inner", "Relation Name": "part", "Alias": "part", "Startup Cost": 0.26, "Total Cost": 4.27, "Plan Rows": 1, "Plan Width": 8, "Recheck Cond": "(p_partkey = lineitem.l_partkey)", "Filter": "((p_name)::text ~~ '%dim%'::text)", "Plans": [{"Node Type": "Bitmap Index Scan", "Parent Relationship": "Outer", "Index Name": "part_kpey", "Startup Cost": 0.0, "Total Cost": 0.26, "Plan Rows": 1, "Plan Width": 0, "Index Cond": "(p_partkey = lineitem.l_partkey)"}]}]}, {"Node Type": "Bitmap Heap Scan", "Parent Relationship": "Inner", "Relation Name": "orders", "Alias": "orders", "Startup Cost": 0.26, "Total Cost": 4.27, "Plan Rows": 1, "Plan Width": 16, "Recheck Cond": "(o_orderkey = lineitem.l_orderkey)", "Plans": [{"Node Type": "Bitmap Index Scan", "Parent Relationship": "Outer", "Index Name": "orders_pkey", "Startup Cost": 0.0, "Total Cost": 0.26, "Plan Rows": 1, "Plan Width": 0, "Index Cond": "(o_orderkey = lineitem.l_orderkey)"}]}]}, {"Node Type": "Bitmap Heap Scan", "Parent Relationship": "Inner", "Relation Name": "nation", "Alias": "nation", "Startup Cost": 0.26, "Total Cost": 4.27, "Plan Rows": 1, "Plan Width": 30, "Recheck Cond": "(n_nationkey = supplier.s_nationkey)", "Plans": [{"Node Type": "Bitmap Index Scan", "Parent Relationship": "Outer", "Index Name": "nation_pkey", "Startup Cost": 0.0, "Total Cost": 0.26, "Plan Rows": 1, "Plan Width": 0, "Index Cond": "(n_nationkey = supplier.s_nationkey)"}]}]}]}]}, "Unique SQL Id": 3628361425}, "explain_analyze_plan": null}, "(1, 8)": {"explain_plan": {"Plan": {"Node Type": "Aggregate", "Strategy": "Sorted", "Startup Cost": 521166.02, "Total Cost": 521166.06, "Plan Rows": 1, "Plan Width": 74, "Group By Key": ["nation.n_name", "(date_part('year'::text, orders.o_orderdate))"], "Plans": [{"Node Type": "Sort", "Parent Relationship": "Outer", "Startup Cost": 521166.02, "Total Cost": 521166.03, "Plan Rows": 1, "Plan Width": 66, "Sort Key": ["nation.n_name", "(date_part('year'::text, orders.o_orderdate)) DESC"], "Plans": [{"Node Type": "Nested Loop", "Parent Relationship": "Outer", "Join Type": "Inner", "Startup Cost": 72600.6, "Total Cost": 521166.01, "Plan Rows": 1, "Plan Width": 66, "Inner Unique": true, "Plans": [{"Node Type": "Nested Loop", "Parent Relationship": "Outer", "Join Type": "Inner", "Startup Cost": 72600.6, "Total Cost": 521165.73, "Plan Rows": 1, "Plan Width": 44, "Inner Unique": true, "Plans": [{"Node Type": "Nested Loop", "Parent Relationship": "Outer", "Join Type": "Inner", "Startup Cost": 72600.6, "Total Cost": 521165.43, "Plan Rows": 1, "Plan Width": 44, "Inner Unique": false, "Join Filter": "(supplier.s_suppkey = lineitem.l_suppkey)", "Plans": [{"Node Type": "Hash Join", "Parent Relationship": "Outer", "Join Type": "Inner", "Startup Cost": 72600.6, "Total Cost": 377416.42, "Plan Rows": 125630, "Plan Width": 44, "Inner Unique": true, "Hash Cond": "(partsupp.ps_suppkey = supplier.s_suppkey), (LLVM Optimized)", "Plans": [{"Node Type": "Hash Join", "Parent Relationship": "Outer", "Join Type": "Inner", "Startup Cost": 68067.6, "Total Cost": 370653.38, "Plan Rows": 259666, "Plan Width": 32, "Inner Unique": true, "Hash Cond": "(partsupp.ps_partkey = part.p_partkey), (LLVM Optimized)", "Plans": [{"Node Type": "Seq Scan", "Parent Relationship": "Outer", "Relation Name": "partsupp", "Alias": "partsupp", "Startup Cost": 0.0, "Total Cost": 269987.72, "Plan Rows": 8000372, "Plan Width": 24}, {"Node Type": "Hash", "Parent Relationship": "Inner", "Startup Cost": 66944.0, "Total Cost": 66944.0, "Plan Rows": 89888, "Plan Width": 8, "Plans": [{"Node Type": "Seq Scan", "Parent Relationship": "Outer", "Relation Name": "part", "Alias": "part", "Startup Cost": 0.0, "Total Cost": 66944.0, "Plan Rows": 89888, "Plan Width": 8, "Filter": "((p_name)::text ~~ '%dim%'::text)"}]}]}, {"Node Type": "Hash", "Parent Relationship": "Inner", "Startup Cost": 3283.0, "Total Cost": 3283.0, "Plan Rows": 100000, "Plan Width": 12, "Plans": [{"Node Type": "Seq Scan", "Parent Relationship": "Outer", "Relation Name": "supplier", "Alias": "supplier", "Startup Cost": 0.0, "Total Cost": 3283.0, "Plan Rows": 100000, "Plan Width": 12}]}]}, {"Node Type": "Index Scan", "Parent Relationship": "Inner", "Scan Direction": "Forward", "Index Name": "idx_lineitem_part_supp", "Relation Name": "lineitem", "Alias": "lineitem", "Startup Cost": 0.0, "Total Cost": 1.13, "Plan Rows": 1, "Plan Width": 48, "Index Cond": "((l_partkey = partsupp.ps_partkey) AND (l_suppkey = partsupp.ps_suppkey))"}]}, {"Node Type": "Index Scan", "Parent Relationship": "Inner", "Scan Direction": "Forward", "Index Name": "orders_pkey", "Relation Name": "orders", "Alias": "orders", "Startup Cost": 0.0, "Total Cost": 0.29, "Plan Rows": 1, "Plan Width": 16, "Index Cond": "(o_orderkey = lineitem.l_orderkey)"}]}, {"Node Type": "Index Scan", "Parent Relationship": "Inner", "Scan Direction": "Forward", "Index Name": "nation_pkey", "Relation Name": "nation", "Alias": "nation", "Startup Cost": 0.0, "Total Cost": 0.27, "Plan Rows": 1, "Plan Width": 30, "Index Cond": "(n_nationkey = supplier.s_nationkey)"}]}]}]}, "Unique SQL Id": 3628361425}, "explain_analyze_plan": {"Plan": {"Node Type": "Aggregate", "Strategy": "Sorted", "Startup Cost": 521166.02, "Total Cost": 521166.06, "Plan Rows": 1, "Plan Width": 74, "Actual Startup Time": 59481.117, "Actual Total Time": 62604.215, "Actual Rows": 175, "Actual Loops": 1, "Group By Key": ["nation.n_name", "(date_part('year'::text, orders.o_orderdate))"], "Plans": [{"Node Type": "Sort", "Parent Relationship": "Outer", "Startup Cost": 521166.02, "Total Cost": 521166.03, "Plan Rows": 1, "Plan Width": 66, "Actual Startup Time": 59469.211, "Actual Total Time": 60260.928, "Actual Rows": 3256948, "Actual Loops": 1, "Sort Key": ["nation.n_name", "(date_part('year'::text, orders.o_orderdate)) DESC"], "Sort Method": "quicksort", "Sort Space Used": 607203, "Sort Space Type": "Memory", "Plans": [{"Node Type": "Nested Loop", "Parent Relationship": "Outer", "Join Type": "Inner", "Startup Cost": 72600.6, "Total Cost": 521166.01, "Plan Rows": 1, "Plan Width": 66, "Actual Startup Time": 1094.503, "Actual Total Time": 53628.008, "Actual Rows": 3256948, "Actual Loops": 1, "Inner Unique": true, "Plans": [{"Node Type": "Nested Loop", "Parent Relationship": "Outer", "Join Type": "Inner", "Startup Cost": 72600.6, "Total Cost": 521165.73, "Plan Rows": 1, "Plan Width": 44, "Actual Startup Time": 1094.366, "Actual Total Time": 45161.558, "Actual Rows": 3256948, "Actual Loops": 1, "Inner Unique": true, "Plans": [{"Node Type": "Nested Loop", "Parent Relationship": "Outer", "Join Type": "Inner", "Startup Cost": 72600.6, "Total Cost": 521165.43, "Plan Rows": 1, "Plan Width": 44, "Actual Startup Time": 1094.34, "Actual Total Time": 18317.543, "Actual Rows": 3256948, "Actual Loops": 1, "Inner Unique": false, "Join Filter": "(supplier.s_suppkey = lineitem.l_suppkey)", "Rows Removed by Join Filter": 0, "Plans": [{"Node Type": "Hash Join", "Parent Relationship": "Outer", "Join Type": "Inner", "Startup Cost": 72600.6, "Total Cost": 377416.42, "Plan Rows": 125630, "Plan Width": 44, "Actual Startup Time": 1094.281, "Actual Total Time": 6180.496, "Actual Rows": 434204, "Actual Loops": 1, "Inner Unique": true, "Hash Cond": "(partsupp.ps_suppkey = supplier.s_suppkey), (LLVM Optimized, Jit Execute)", "Plans": [{"Node Type": "Hash Join", "Parent Relationship": "Outer", "Join Type": "Inner", "Startup Cost": 68067.6, "Total Cost": 370653.38, "Plan Rows": 259666, "Plan Width": 32, "Actual Startup Time": 1031.172, "Actual Total Time": 5716.645, "Actual Rows": 434204, "Actual Loops": 1, "Inner Unique": true, "Hash Cond": "(partsupp.ps_partkey = part.p_partkey), (LLVM Optimized, Jit Execute)", "Plans": [{"Node Type": "Seq Scan", "Parent Relationship": "Outer", "Relation Name": "partsupp", "Alias": "partsupp", "Startup Cost": 0.0, "Total Cost": 269987.72, "Plan Rows": 8000372, "Plan Width": 24, "Actual Startup Time": 0.013, "Actual Total Time": 2512.445, "Actual Rows": 8000000, "Actual Loops": 1}, {"Node Type": "Hash", "Parent Relationship": "Inner", "Startup Cost": 66944.0, "Total Cost": 66944.0, "Plan Rows": 89888, "Plan Width": 8, "Actual Startup Time": 1031.014, "Actual Total Time": 1031.014, "Actual Rows": 108551, "Actual Loops": 1, "Hash Buckets": 131072, "Hash Batches": 1, "Original Hash Batches": 1, "Peak Memory Usage": 4241, "Plans": [{"Node Type": "Seq Scan", "Parent Relationship": "Outer", "Relation Name": "part", "Alias": "part", "Startup Cost": 0.0, "Total Cost": 66944.0, "Plan Rows": 89888, "Plan Width": 8, "Actual Startup Time": 0.047, "Actual Total Time": 992.378, "Actual Rows": 108551, "Actual Loops": 1, "Filter": "((p_name)::text ~~ '%dim%'::text)", "Rows Removed by Filter": 1891449}]}]}, {"Node Type": "Hash", "Parent Relationship": "Inner", "Startup Cost": 3283.0, "Total Cost": 3283.0, "Plan Rows": 100000, "Plan Width": 12, "Actual Startup Time": 62.997, "Actual Total Time": 62.997, "Actual Rows": 100000, "Actual Loops": 1, "Hash Buckets": 131072, "Hash Batches": 1, "Original Hash Batches": 1, "Peak Memory Usage": 4297, "Plans": [{"Node Type": "Seq Scan", "Parent Relationship": "Outer", "Relation Name": "supplier", "Alias": "supplier", "Startup Cost": 0.0, "Total Cost": 3283.0, "Plan Rows": 100000, "Plan Width": 12, "Actual Startup Time": 0.026, "Actual Total Time": 35.878, "Actual Rows": 100000, "Actual Loops": 1}]}]}, {"Node Type": "Index Scan", "Parent Relationship": "Inner", "Scan Direction": "Forward", "Index Name": "idx_lineitem_part_supp", "Relation Name": "lineitem", "Alias": "lineitem", "Startup Cost": 0.0, "Total Cost": 1.13, "Plan Rows": 1, "Plan Width": 48, "Actual Startup Time": 3039.434, "Actual Total Time": 10513.781, "Actual Rows": 3256948, "Actual Loops": 434204, "Index Cond": "((l_partkey = partsupp.ps_partkey) AND (l_suppkey = partsupp.ps_suppkey))", "Rows Removed by Index Recheck": 0}]}, {"Node Type": "Index Scan", "Parent Relationship": "Inner", "Scan Direction": "Forward", "Index Name": "orders_pkey", "Relation Name": "orders", "Alias": "orders", "Startup Cost": 0.0, "Total Cost": 0.29, "Plan Rows": 1, "Plan Width": 16, "Actual Startup Time": 24113.79, "Actual Total Time": 24113.79, "Actual Rows": 3256948, "Actual Loops": 3256948, "Index Cond": "(o_orderkey = lineitem.l_orderkey)", "Rows Removed by Index Recheck": 0}]}, {"Node Type": "Index Scan", "Parent Relationship": "Inner", "Scan Direction": "Forward", "Index Name": "nation_pkey", "Relation Name": "nation", "Alias": "nation", "Startup Cost": 0.0, "Total Cost": 0.27, "Plan Rows": 1, "Plan Width": 30, "Actual Startup Time": 4504.283, "Actual Total Time": 4504.283, "Actual Rows": 3256948, "Actual Loops": 3256948, "Index Cond": "(n_nationkey = supplier.s_nationkey)", "Rows Removed by Index Recheck": 0}]}]}]}, "Triggers": [], "Planner Runtime": 30.255, "Total Runtime": 62619.904, "Unique SQL Id": 3628361425}}, "(1, 9)": {"explain_plan": {"Plan": {"Node Type": "Aggregate", "Strategy": "Sorted", "Startup Cost": 701189.48, "Total Cost": 701189.52, "Plan Rows": 1, "Plan Width": 74, "Group By Key": ["nation.n_name", "(date_part('year'::text, orders.o_orderdate))"], "Plans": [{"Node Type": "Sort", "Parent Relationship": "Outer", "Startup Cost": 701189.48, "Total Cost": 701189.49, "Plan Rows": 1, "Plan Width": 66, "Sort Key": ["nation.n_name", "(date_part('year'::text, orders.o_orderdate)) DESC"], "Plans": [{"Node Type": "Nested Loop", "Parent Relationship": "Outer", "Join Type": "Inner", "Startup Cost": 6584.54, "Total Cost": 701189.47, "Plan Rows": 1, "Plan Width": 66, "Inner Unique": true, "Plans": [{"Node Type": "Nested Loop", "Parent Relationship": "Outer", "Join Type": "Inner", "Startup Cost": 6584.54, "Total Cost": 701189.19, "Plan Rows": 1, "Plan Width": 44, "Inner Unique": true, "Plans": [{"Node Type": "Nested Loop", "Parent Relationship": "Outer", "Join Type": "Inner", "Startup Cost": 6584.54, "Total Cost": 701188.89, "Plan Rows": 1, "Plan Width": 44, "Inner Unique": false, "Join Filter": "(supplier.s_suppkey = lineitem.l_suppkey)", "Plans": [{"Node Type": "Hash Join", "Parent Relationship": "Outer", "Join Type": "Inner", "Startup Cost": 6584.54, "Total Cost": 557439.88, "Plan Rows": 125630, "Plan Width": 44, "Inner Unique": true, "Hash Cond": "(partsupp.ps_suppkey = supplier.s_suppkey), (LLVM Optimized)", "Plans": [{"Node Type": "Nested Loop", "Parent Relationship": "Outer", "Join Type": "Inner", "Startup Cost": 0.0, "Total Cost": 548625.29, "Plan Rows": 259666, "Plan Width": 32, "Inner Unique": false, "Plans": [{"Node Type": "Index Scan", "Parent Relationship": "Outer", "Scan Direction": "Forward", "Index Name": "part_kpey", "Relation Name": "part", "Alias": "part", "Startup Cost": 0.0, "Total Cost": 105803.25, "Plan Rows": 89888, "Plan Width": 8, "Filter": "((p_name)::text ~~ '%dim%'::text)"}, {"Node Type": "Index Scan", "Parent Relationship": "Inner", "Scan Direction": "Forward", "Index Name": "idx_partsupp_partkey", "Relation Name": "partsupp", "Alias": "partsupp", "Startup Cost": 0.0, "Total Cost": 4.9, "Plan Rows": 3, "Plan Width": 24, "Index Cond": "(ps_partkey = part.p_partkey)"}]}, {"Node Type": "Hash", "Parent Relationship": "Inner", "Startup Cost": 5334.54, "Total Cost": 5334.54, "Plan Rows": 100000, "Plan Width": 12, "Plans": [{"Node Type": "Index Scan", "Parent Relationship": "Outer", "Scan Direction": "Forward", "Index Name": "supplier_pkey", "Relation Name": "supplier", "Alias": "supplier", "Startup Cost": 0.0, "Total Cost": 5334.54, "Plan Rows": 100000, "Plan Width": 12}]}]}, {"Node Type": "Index Scan", "Parent Relationship": "Inner", "Scan Direction": "Forward", "Index Name": "idx_lineitem_part_supp", "Relation Name": "lineitem", "Alias": "lineitem", "Startup Cost": 0.0, "Total Cost": 1.13, "Plan Rows": 1, "Plan Width": 48, "Index Cond": "((l_partkey = partsupp.ps_partkey) AND (l_suppkey = partsupp.ps_suppkey))"}]}, {"Node Type": "Index Scan", "Parent Relationship": "Inner", "Scan Direction": "Forward", "Index Name": "orders_pkey", "Relation Name": "orders", "Alias": "orders", "Startup Cost": 0.0, "Total Cost": 0.29, "Plan Rows": 1, "Plan Width": 16, "Index Cond": "(o_orderkey = lineitem.l_orderkey)"}]}, {"Node Type": "Index Scan", "Parent Relationship": "Inner", "Scan Direction": "Forward", "Index Name": "nation_pkey", "Relation Name": "nation", "Alias": "nation", "Startup Cost": 0.0, "Total Cost": 0.27, "Plan Rows": 1, "Plan Width": 30, "Index Cond": "(n_nationkey = supplier.s_nationkey)"}]}]}]}, "Unique SQL Id": 3628361425}, "explain_analyze_plan": {"Plan": {"Node Type": "Aggregate", "Strategy": "Sorted", "Startup Cost": 701189.48, "Total Cost": 701189.52, "Plan Rows": 1, "Plan Width": 74, "Actual Startup Time": 57927.603, "Actual Total Time": 60887.2, "Actual Rows": 175, "Actual Loops": 1, "Group By Key": ["nation.n_name", "(date_part('year'::text, orders.o_orderdate))"], "Plans": [{"Node Type": "Sort", "Parent Relationship": "Outer", "Startup Cost": 701189.48, "Total Cost": 701189.49, "Plan Rows": 1, "Plan Width": 66, "Actual Startup Time": 57917.052, "Actual Total Time": 58585.336, "Actual Rows": 3256948, "Actual Loops": 1, "Sort Key": ["nation.n_name", "(date_part('year'::text, orders.o_orderdate)) DESC"], "Sort Method": "quicksort", "Sort Space Used": 607203, "Sort Space Type": "Memory", "Plans": [{"Node Type": "Nested Loop", "Parent Relationship": "Outer", "Join Type": "Inner", "Startup Cost": 6584.54, "Total Cost": 701189.47, "Plan Rows": 1, "Plan Width": 66, "Actual Startup Time": 88.208, "Actual Total Time": 52379.794, "Actual Rows": 3256948, "Actual Loops": 1, "Inner Unique": true, "Plans": [{"Node Type": "Nested Loop", "Parent Relationship": "Outer", "Join Type": "Inner", "Startup Cost": 6584.54, "Total Cost": 701189.19, "Plan Rows": 1, "Plan Width": 44, "Actual Startup Time": 88.176, "Actual Total Time": 43642.973, "Actual Rows": 3256948, "Actual Loops": 1, "Inner Unique": true, "Plans": [{"Node Type": "Nested Loop", "Parent Relationship": "Outer", "Join Type": "Inner", "Startup Cost": 6584.54, "Total Cost": 701188.89, "Plan Rows": 1, "Plan Width": 44, "Actual Startup Time": 88.16, "Actual Total Time": 15982.385, "Actual Rows": 3256948, "Actual Loops": 1, "Inner Unique": false, "Join Filter": "(supplier.s_suppkey = lineitem.l_suppkey)", "Rows Removed by Join Filter": 0, "Plans": [{"Node Type": "Hash Join", "Parent Relationship": "Outer", "Join Type": "Inner", "Startup Cost": 6584.54, "Total Cost": 557439.88, "Plan Rows": 125630, "Plan Width": 44, "Actual Startup Time": 88.115, "Actual Total Time": 3477.657, "Actual Rows": 434204, "Actual Loops": 1, "Inner Unique": true, "Hash Cond": "(partsupp.ps_suppkey = supplier.s_suppkey), (LLVM Optimized, Jit Execute)", "Plans": [{"Node Type": "Nested Loop", "Parent Relationship": "Outer", "Join Type": "Inner", "Startup Cost": 0.0, "Total Cost": 548625.29, "Plan Rows": 259666, "Plan Width": 32, "Actual Startup Time": 0.091, "Actual Total Time": 2926.915, "Actual Rows": 434204, "Actual Loops": 1, "Inner Unique": false, "Plans": [{"Node Type": "Index Scan", "Parent Relationship": "Outer", "Scan Direction": "Forward", "Index Name": "part_kpey", "Relation Name": "part", "Alias": "part", "Startup Cost": 0.0, "Total Cost": 105803.25, "Plan Rows": 89888, "Plan Width": 8, "Actual Startup Time": 0.065, "Actual Total Time": 1746.869, "Actual Rows": 108551, "Actual Loops": 1, "Filter": "((p_name)::text ~~ '%dim%'::text)", "Rows Removed by Filter": 1891449}, {"Node Type": "Index Scan", "Parent Relationship": "Inner", "Scan Direction": "Forward", "Index Name": "idx_partsupp_partkey", "Relation Name": "partsupp", "Alias": "partsupp", "Startup Cost": 0.0, "Total Cost": 4.9, "Plan Rows": 3, "Plan Width": 24, "Actual Startup Time": 667.283, "Actual Total Time": 976.149, "Actual Rows": 434204, "Actual Loops": 108551, "Index Cond": "(ps_partkey = part.p_partkey)", "Rows Removed by Index Recheck": 0}]}, {"Node Type": "Hash", "Parent Relationship": "Inner", "Startup Cost": 5334.54, "Total Cost": 5334.54, "Plan Rows": 100000, "Plan Width": 12, "Actual Startup Time": 87.877, "Actual Total Time": 87.877, "Actual Rows": 100000, "Actual Loops": 1, "Hash Buckets": 131072, "Hash Batches": 1, "Original Hash Batches": 1, "Peak Memory Usage": 4297, "Plans": [{"Node Type": "Index Scan", "Parent Relationship": "Outer", "Scan Direction": "Forward", "Index Name": "supplier_pkey", "Relation Name": "supplier", "Alias": "supplier", "Startup Cost": 0.0, "Total Cost": 5334.54, "Plan Rows": 100000, "Plan Width": 12, "Actual Startup Time": 0.025, "Actual Total Time": 60.048, "Actual Rows": 100000, "Actual Loops": 1}]}]}, {"Node Type": "Index Scan", "Parent Relationship": "Inner", "Scan Direction": "Forward", "Index Name": "idx_lineitem_part_supp", "Relation Name": "lineitem", "Alias": "lineitem", "Startup Cost": 0.0, "Total Cost": 1.13, "Plan Rows": 1, "Plan Width": 48, "Actual Startup Time": 3121.867, "Actual Total Time": 10833.853, "Actual Rows": 3256948, "Actual Loops": 434204, "Index Cond": "((l_partkey = partsupp.ps_partkey) AND (l_suppkey = partsupp.ps_suppkey))", "Rows Removed by Index Recheck": 0}]}, {"Node Type": "Index Scan", "Parent Relationship": "Inner", "Scan Direction": "Forward", "Index Name": "orders_pkey", "Relation Name": "orders", "Alias": "orders", "Startup Cost": 0.0, "Total Cost": 0.29, "Plan Rows": 1, "Plan Width": 16, "Actual Startup Time": 24891.296, "Actual Total Time": 24891.296, "Actual Rows": 3256948, "Actual Loops": 3256948, "Index Cond": "(o_orderkey = lineitem.l_orderkey)", "Rows Removed by Index Recheck": 0}]}, {"Node Type": "Index Scan", "Parent Relationship": "Inner", "Scan Direction": "Forward", "Index Name": "nation_pkey", "Relation Name": "nation", "Alias": "nation", "Startup Cost": 0.0, "Total Cost": 0.27, "Plan Rows": 1, "Plan Width": 30, "Actual Startup Time": 4701.479, "Actual Total Time": 4701.479, "Actual Rows": 3256948, "Actual Loops": 3256948, "Index Cond": "(n_nationkey = supplier.s_nationkey)", "Rows Removed by Index Recheck": 0}]}]}]}, "Triggers": [], "Planner Runtime": 29.635, "Total Runtime": 60901.785, "Unique SQL Id": 3628361425}}, "(1, 10)": {"explain_plan": {"Plan": {"Node Type": "Aggregate", "Strategy": "Sorted", "Startup Cost": 3188400.26, "Total Cost": 3188400.29, "Plan Rows": 1, "Plan Width": 74, "Group By Key": ["nation.n_name", "(date_part('year'::text, orders.o_orderdate))"], "Plans": [{"Node Type": "Sort", "Parent Relationship": "Outer", "Startup Cost": 3188400.26, "Total Cost": 3188400.26, "Plan Rows": 1, "Plan Width": 66, "Sort Key": ["nation.n_name", "(date_part('year'::text, orders.o_orderdate)) DESC"], "Plans": [{"Node Type": "Nested Loop", "Parent Relationship": "Outer", "Join Type": "Inner", "Startup Cost": 2705736.84, "Total Cost": 3188400.25, "Plan Rows": 1, "Plan Width": 66, "Inner Unique": true, "Join Filter": "(supplier.s_nationkey = nation.n_nationkey)", "Plans": [{"Node Type": "Hash Join", "Parent Relationship": "Outer", "Join Type": "Inner", "Startup Cost": 2705736.84, "Total Cost": 3188398.68, "Plan Rows": 1, "Plan Width": 44, "Inner Unique": false, "Hash Cond": "(orders.o_orderkey = lineitem.l_orderkey)", "Plans": [{"Node Type": "Seq Scan", "Parent Relationship": "Outer", "Relation Name": "orders", "Alias": "orders", "Startup Cost": 0.0, "Total Cost": 426413.79, "Plan Rows": 14999479, "Plan Width": 16}, {"Node Type": "Hash", "Parent Relationship": "Inner", "Startup Cost": 2705736.82, "Total Cost": 2705736.82, "Plan Rows": 1, "Plan Width": 44, "Plans": [{"Node Type": "Hash Join", "Parent Relationship": "Outer", "Join Type": "Inner", "Startup Cost": 406202.19, "Total Cost": 2705736.82, "Plan Rows": 1, "Plan Width": 44, "Inner Unique": false, "Hash Cond": "((lineitem.l_suppkey = partsupp.ps_suppkey) AND (lineitem.l_partkey = partsupp.ps_partkey))", "Plans": [{"Node Type": "Hash Join", "Parent Relationship": "Outer", "Join Type": "Inner", "Startup Cost": 68067.6, "Total Cost": 2313089.96, "Plan Rows": 495566, "Plan Width": 56, "Inner Unique": true, "Hash Cond": "(lineitem.l_partkey = part.p_partkey), (LLVM Optimized)", "Plans": [{"Node Type": "Seq Scan", "Parent Relationship": "Outer", "Relation Name": "lineitem", "Alias": "lineitem", "Startup Cost": 0.0, "Total Cost": 2015115.33, "Plan Rows": 59987033, "Plan Width": 48}, {"Node Type": "Hash", "Parent Relationship": "Inner", "Startup Cost": 66944.0, "Total Cost": 66944.0, "Plan Rows": 89888, "Plan Width": 8, "Plans": [{"Node Type": "Seq Scan", "Parent Relationship": "Outer", "Relation Name": "part", "Alias": "part", "Startup Cost": 0.0, "Total Cost": 66944.0, "Plan Rows": 89888, "Plan Width": 8, "Filter": "((p_name)::text ~~ '%dim%'::text)"}]}]}, {"Node Type": "Hash", "Parent Relationship": "Inner", "Startup Cost": 317967.1, "Total Cost": 317967.1, "Plan Rows": 1344499, "Plan Width": 36, "Plans": [{"Node Type": "Hash Join", "Parent Relationship": "Outer", "Join Type": "Inner", "Startup Cost": 4533.0, "Total Cost": 317967.1, "Plan Rows": 1344499, "Plan Width": 36, "Inner Unique": true, "Hash Cond": "(partsupp.ps_suppkey = supplier.s_suppkey), (LLVM Optimized)", "Plans": [{"Node Type": "Seq Scan", "Parent Relationship": "Outer", "Relation Name": "partsupp", "Alias": "partsupp", "Startup Cost": 0.0, "Total Cost": 269987.72, "Plan Rows": 8000372, "Plan Width": 24}, {"Node Type": "Hash", "Parent Relationship": "Inner", "Startup Cost": 3283.0, "Total Cost": 3283.0, "Plan Rows": 100000, "Plan Width": 12, "Plans": [{"Node Type": "Seq Scan", "Parent Relationship": "Outer", "Relation Name": "supplier", "Alias": "supplier", "Startup Cost": 0.0, "Total Cost": 3283.0, "Plan Rows": 100000, "Plan Width": 12}]}]}]}]}]}]}, {"Node Type": "Seq Scan", "Parent Relationship": "Inner", "Relation Name": "nation", "Alias": "nation", "Startup Cost": 0.0, "Total Cost": 1.25, "Plan Rows": 25, "Plan Width": 30}]}]}]}, "Unique SQL Id": 3628361425}, "explain_analyze_plan": null}, "(1, 11)": {"explain_plan": {"Plan": {"Node Type": "Aggregate", "Strategy": "Sorted", "Startup Cost": 6000839471774.69, "Total Cost": 6000839471774.72, "Plan Rows": 1, "Plan Width": 74, "Group By Key": ["nation.n_name", "(date_part('year'::text, orders.o_orderdate))"], "Plans": [{"Node Type": "Sort", "Parent Relationship": "Outer", "Startup Cost": 6000839471774.69, "Total Cost": 6000839471774.69, "Plan Rows": 1, "Plan Width": 66, "Sort Key": ["nation.n_name", "(date_part('year'::text, orders.o_orderdate)) DESC"], "Plans": [{"Node Type": "Nested Loop", "Parent Relationship": "Outer", "Join Type": "Inner", "Startup Cost": 60035393416.8, "Total Cost": 6000839471774.68, "Plan Rows": 1, "Plan Width": 66, "Inner Unique": true, "Plans": [{"Node Type": "Merge Join", "Parent Relationship": "Outer", "Join Type": "Inner", "Startup Cost": 50035393416.8, "Total Cost": 5000839471745.44, "Plan Rows": 1, "Plan Width": 66, "Inner Unique": true, "Merge Cond": "(partsupp.ps_partkey = part.p_partkey)", "Plans": [{"Node Type": "Nested Loop", "Parent Relationship": "Outer", "Join Type": "Inner", "Startup Cost": 40035393416.8, "Total Cost": 4000828891195.69, "Plan Rows": 6, "Plan Width": 82, "Inner Unique": true, "Join Filter": "(supplier.s_nationkey = nation.n_nationkey)", "Plans": [{"Node Type": "Nested Loop", "Parent Relationship": "Outer", "Join Type": "Inner", "Startup Cost": 30035393416.8, "Total Cost": 3000828889930.88, "Plan Rows": 6, "Plan Width": 60, "Inner Unique": true, "Join Filter": "(lineitem.l_suppkey = supplier.s_suppkey)", "Plans": [{"Node Type": "Merge Join", "Parent Relationship": "Outer", "Join Type": "Inner", "Startup Cost": 20035393416.8, "Total Cost": 2000828314226.5, "Plan Rows": 28, "Plan Width": 72, "Inner Unique": true, "Merge Cond": "((lineitem.l_partkey = partsupp.ps_partkey) AND (lineitem.l_suppkey = partsupp.ps_suppkey))", "Plans": [{"Node Type": "Index Scan", "Parent Relationship": "Outer", "Scan Direction": "Forward", "Index Name": "idx_lineitem_part_supp", "Relation Name": "lineitem", "Alias": "lineitem", "Startup Cost": 10000000000.0, "Total Cost": 1000775391319.64, "Plan Rows": 59987033, "Plan Width": 48}, {"Node Type": "Index Scan", "Parent Relationship": "Inner", "Scan Direction": "Forward", "Index Name": "partsupp_pkey", "Relation Name": "partsupp", "Alias": "partsupp", "Startup Cost": 10000000000.0, "Total Cost": 1000071640963.22, "Plan Rows": 8000372, "Plan Width": 24}]}, {"Node Type": "Materialize", "Parent Relationship": "Inner", "Startup Cost": 10000000000.0, "Total Cost": 1000000533954.38, "Plan Rows": 100000, "Plan Width": 12, "Plans": [{"Node Type": "Index Scan", "Parent Relationship": "Outer", "Scan Direction": "Forward", "Index Name": "supplier_pkey", "Relation Name": "supplier", "Alias": "supplier", "Startup Cost": 10000000000.0, "Total Cost": 1000000533454.38, "Plan Rows": 100000, "Plan Width": 12}]}]}, {"Node Type": "Materialize", "Parent Relationship": "Inner", "Startup Cost": 10000000000.0, "Total Cost": 1000000001262.62, "Plan Rows": 25, "Plan Width": 30, "Plans": [{"Node Type": "Index Scan", "Parent Relationship": "Outer", "Scan Direction": "Forward", "Index Name": "nation_pkey", "Relation Name": "nation", "Alias": "nation", "Startup Cost": 10000000000.0, "Total Cost": 1000000001262.5, "Plan Rows": 25, "Plan Width": 30}]}]}, {"Node Type": "Index Scan", "Parent Relationship": "Inner", "Scan Direction": "Forward", "Index Name": "part_kpey", "Relation Name": "part", "Alias": "part", "Startup Cost": 10000000000.0, "Total Cost": 1000010580325.0, "Plan Rows": 89888, "Plan Width": 8, "Filter": "((p_name)::text ~~ '%dim%'::text)"}]}, {"Node Type": "Index Scan", "Parent Relationship": "Inner", "Scan Direction": "Forward", "Index Name": "orders_pkey", "Relation Name": "orders", "Alias": "orders", "Startup Cost": 10000000000.0, "Total Cost": 1000000000029.23, "Plan Rows": 1, "Plan Width": 16, "Index Cond": "(o_orderkey = lineitem.l_orderkey)"}]}]}]}, "Unique SQL Id": 3628361425}, "explain_analyze_plan": null}, "(1, 12)": {"explain_plan": {"Plan": {"Node Type": "Aggregate", "Strategy": "Sorted", "Startup Cost": 521166.02, "Total Cost": 521166.06, "Plan Rows": 1, "Plan Width": 74, "Group By Key": ["nation.n_name", "(date_part('year'::text, orders.o_orderdate))"], "Plans": [{"Node Type": "Sort", "Parent Relationship": "Outer", "Startup Cost": 521166.02, "Total Cost": 521166.03, "Plan Rows": 1, "Plan Width": 66, "Sort Key": ["nation.n_name", "(date_part('year'::text, orders.o_orderdate)) DESC"], "Plans": [{"Node Type": "Nested Loop", "Parent Relationship": "Outer", "Join Type": "Inner", "Startup Cost": 72600.6, "Total Cost": 521166.01, "Plan Rows": 1, "Plan Width": 66, "Inner Unique": true, "Plans": [{"Node Type": "Nested Loop", "Parent Relationship": "Outer", "Join Type": "Inner", "Startup Cost": 72600.6, "Total Cost": 521165.73, "Plan Rows": 1, "Plan Width": 44, "Inner Unique": true, "Plans": [{"Node Type": "Nested Loop", "Parent Relationship": "Outer", "Join Type": "Inner", "Startup Cost": 72600.6, "Total Cost": 521165.43, "Plan Rows": 1, "Plan Width": 44, "Inner Unique": false, "Join Filter": "(supplier.s_suppkey = lineitem.l_suppkey)", "Plans": [{"Node Type": "Hash Join", "Parent Relationship": "Outer", "Join Type": "Inner", "Startup Cost": 72600.6, "Total Cost": 377416.42, "Plan Rows": 125630, "Plan Width": 44, "Inner Unique": true, "Hash Cond": "(partsupp.ps_suppkey = supplier.s_suppkey), (LLVM Optimized)", "Plans": [{"Node Type": "Hash Join", "Parent Relationship": "Outer", "Join Type": "Inner", "Startup Cost": 68067.6, "Total Cost": 370653.38, "Plan Rows": 259666, "Plan Width": 32, "Inner Unique": true, "Hash Cond": "(partsupp.ps_partkey = part.p_partkey), (LLVM Optimized)", "Plans": [{"Node Type": "Seq Scan", "Parent Relationship": "Outer", "Relation Name": "partsupp", "Alias": "partsupp", "Startup Cost": 0.0, "Total Cost": 269987.72, "Plan Rows": 8000372, "Plan Width": 24}, {"Node Type": "Hash", "Parent Relationship": "Inner", "Startup Cost": 66944.0, "Total Cost": 66944.0, "Plan Rows": 89888, "Plan Width": 8, "Plans": [{"Node Type": "Seq Scan", "Parent Relationship": "Outer", "Relation Name": "part", "Alias": "part", "Startup Cost": 0.0, "Total Cost": 66944.0, "Plan Rows": 89888, "Plan Width": 8, "Filter": "((p_name)::text ~~ '%dim%'::text)"}]}]}, {"Node Type": "Hash", "Parent Relationship": "Inner", "Startup Cost": 3283.0, "Total Cost": 3283.0, "Plan Rows": 100000, "Plan Width": 12, "Plans": [{"Node Type": "Seq Scan", "Parent Relationship": "Outer", "Relation Name": "supplier", "Alias": "supplier", "Startup Cost": 0.0, "Total Cost": 3283.0, "Plan Rows": 100000, "Plan Width": 12}]}]}, {"Node Type": "Index Scan", "Parent Relationship": "Inner", "Scan Direction": "Forward", "Index Name": "idx_lineitem_part_supp", "Relation Name": "lineitem", "Alias": "lineitem", "Startup Cost": 0.0, "Total Cost": 1.13, "Plan Rows": 1, "Plan Width": 48, "Index Cond": "((l_partkey = partsupp.ps_partkey) AND (l_suppkey = partsupp.ps_suppkey))"}]}, {"Node Type": "Index Scan", "Parent Relationship": "Inner", "Scan Direction": "Forward", "Index Name": "orders_pkey", "Relation Name": "orders", "Alias": "orders", "Startup Cost": 0.0, "Total Cost": 0.29, "Plan Rows": 1, "Plan Width": 16, "Index Cond": "(o_orderkey = lineitem.l_orderkey)"}]}, {"Node Type": "Index Scan", "Parent Relationship": "Inner", "Scan Direction": "Forward", "Index Name": "nation_pkey", "Relation Name": "nation", "Alias": "nation", "Startup Cost": 0.0, "Total Cost": 0.27, "Plan Rows": 1, "Plan Width": 30, "Index Cond": "(n_nationkey = supplier.s_nationkey)"}]}]}]}, "Unique SQL Id": 3628361425}, "explain_analyze_plan": {"Plan": {"Node Type": "Aggregate", "Strategy": "Sorted", "Startup Cost": 521166.02, "Total Cost": 521166.06, "Plan Rows": 1, "Plan Width": 74, "Actual Startup Time": 59481.117, "Actual Total Time": 62604.215, "Actual Rows": 175, "Actual Loops": 1, "Group By Key": ["nation.n_name", "(date_part('year'::text, orders.o_orderdate))"], "Plans": [{"Node Type": "Sort", "Parent Relationship": "Outer", "Startup Cost": 521166.02, "Total Cost": 521166.03, "Plan Rows": 1, "Plan Width": 66, "Actual Startup Time": 59469.211, "Actual Total Time": 60260.928, "Actual Rows": 3256948, "Actual Loops": 1, "Sort Key": ["nation.n_name", "(date_part('year'::text, orders.o_orderdate)) DESC"], "Sort Method": "quicksort", "Sort Space Used": 607203, "Sort Space Type": "Memory", "Plans": [{"Node Type": "Nested Loop", "Parent Relationship": "Outer", "Join Type": "Inner", "Startup Cost": 72600.6, "Total Cost": 521166.01, "Plan Rows": 1, "Plan Width": 66, "Actual Startup Time": 1094.503, "Actual Total Time": 53628.008, "Actual Rows": 3256948, "Actual Loops": 1, "Inner Unique": true, "Plans": [{"Node Type": "Nested Loop", "Parent Relationship": "Outer", "Join Type": "Inner", "Startup Cost": 72600.6, "Total Cost": 521165.73, "Plan Rows": 1, "Plan Width": 44, "Actual Startup Time": 1094.366, "Actual Total Time": 45161.558, "Actual Rows": 3256948, "Actual Loops": 1, "Inner Unique": true, "Plans": [{"Node Type": "Nested Loop", "Parent Relationship": "Outer", "Join Type": "Inner", "Startup Cost": 72600.6, "Total Cost": 521165.43, "Plan Rows": 1, "Plan Width": 44, "Actual Startup Time": 1094.34, "Actual Total Time": 18317.543, "Actual Rows": 3256948, "Actual Loops": 1, "Inner Unique": false, "Join Filter": "(supplier.s_suppkey = lineitem.l_suppkey)", "Rows Removed by Join Filter": 0, "Plans": [{"Node Type": "Hash Join", "Parent Relationship": "Outer", "Join Type": "Inner", "Startup Cost": 72600.6, "Total Cost": 377416.42, "Plan Rows": 125630, "Plan Width": 44, "Actual Startup Time": 1094.281, "Actual Total Time": 6180.496, "Actual Rows": 434204, "Actual Loops": 1, "Inner Unique": true, "Hash Cond": "(partsupp.ps_suppkey = supplier.s_suppkey), (LLVM Optimized, Jit Execute)", "Plans": [{"Node Type": "Hash Join", "Parent Relationship": "Outer", "Join Type": "Inner", "Startup Cost": 68067.6, "Total Cost": 370653.38, "Plan Rows": 259666, "Plan Width": 32, "Actual Startup Time": 1031.172, "Actual Total Time": 5716.645, "Actual Rows": 434204, "Actual Loops": 1, "Inner Unique": true, "Hash Cond": "(partsupp.ps_partkey = part.p_partkey), (LLVM Optimized, Jit Execute)", "Plans": [{"Node Type": "Seq Scan", "Parent Relationship": "Outer", "Relation Name": "partsupp", "Alias": "partsupp", "Startup Cost": 0.0, "Total Cost": 269987.72, "Plan Rows": 8000372, "Plan Width": 24, "Actual Startup Time": 0.013, "Actual Total Time": 2512.445, "Actual Rows": 8000000, "Actual Loops": 1}, {"Node Type": "Hash", "Parent Relationship": "Inner", "Startup Cost": 66944.0, "Total Cost": 66944.0, "Plan Rows": 89888, "Plan Width": 8, "Actual Startup Time": 1031.014, "Actual Total Time": 1031.014, "Actual Rows": 108551, "Actual Loops": 1, "Hash Buckets": 131072, "Hash Batches": 1, "Original Hash Batches": 1, "Peak Memory Usage": 4241, "Plans": [{"Node Type": "Seq Scan", "Parent Relationship": "Outer", "Relation Name": "part", "Alias": "part", "Startup Cost": 0.0, "Total Cost": 66944.0, "Plan Rows": 89888, "Plan Width": 8, "Actual Startup Time": 0.047, "Actual Total Time": 992.378, "Actual Rows": 108551, "Actual Loops": 1, "Filter": "((p_name)::text ~~ '%dim%'::text)", "Rows Removed by Filter": 1891449}]}]}, {"Node Type": "Hash", "Parent Relationship": "Inner", "Startup Cost": 3283.0, "Total Cost": 3283.0, "Plan Rows": 100000, "Plan Width": 12, "Actual Startup Time": 62.997, "Actual Total Time": 62.997, "Actual Rows": 100000, "Actual Loops": 1, "Hash Buckets": 131072, "Hash Batches": 1, "Original Hash Batches": 1, "Peak Memory Usage": 4297, "Plans": [{"Node Type": "Seq Scan", "Parent Relationship": "Outer", "Relation Name": "supplier", "Alias": "supplier", "Startup Cost": 0.0, "Total Cost": 3283.0, "Plan Rows": 100000, "Plan Width": 12, "Actual Startup Time": 0.026, "Actual Total Time": 35.878, "Actual Rows": 100000, "Actual Loops": 1}]}]}, {"Node Type": "Index Scan", "Parent Relationship": "Inner", "Scan Direction": "Forward", "Index Name": "idx_lineitem_part_supp", "Relation Name": "lineitem", "Alias": "lineitem", "Startup Cost": 0.0, "Total Cost": 1.13, "Plan Rows": 1, "Plan Width": 48, "Actual Startup Time": 3039.434, "Actual Total Time": 10513.781, "Actual Rows": 3256948, "Actual Loops": 434204, "Index Cond": "((l_partkey = partsupp.ps_partkey) AND (l_suppkey = partsupp.ps_suppkey))", "Rows Removed by Index Recheck": 0}]}, {"Node Type": "Index Scan", "Parent Relationship": "Inner", "Scan Direction": "Forward", "Index Name": "orders_pkey", "Relation Name": "orders", "Alias": "orders", "Startup Cost": 0.0, "Total Cost": 0.29, "Plan Rows": 1, "Plan Width": 16, "Actual Startup Time": 24113.79, "Actual Total Time": 24113.79, "Actual Rows": 3256948, "Actual Loops": 3256948, "Index Cond": "(o_orderkey = lineitem.l_orderkey)", "Rows Removed by Index Recheck": 0}]}, {"Node Type": "Index Scan", "Parent Relationship": "Inner", "Scan Direction": "Forward", "Index Name": "nation_pkey", "Relation Name": "nation", "Alias": "nation", "Startup Cost": 0.0, "Total Cost": 0.27, "Plan Rows": 1, "Plan Width": 30, "Actual Startup Time": 4504.283, "Actual Total Time": 4504.283, "Actual Rows": 3256948, "Actual Loops": 3256948, "Index Cond": "(n_nationkey = supplier.s_nationkey)", "Rows Removed by Index Recheck": 0}]}]}]}, "Triggers": [], "Planner Runtime": 30.255, "Total Runtime": 62619.904, "Unique SQL Id": 3628361425}}, "(1, 13)": {"explain_plan": {"Plan": {"Node Type": "Aggregate", "Strategy": "Sorted", "Startup Cost": 701189.48, "Total Cost": 701189.52, "Plan Rows": 1, "Plan Width": 74, "Group By Key": ["nation.n_name", "(date_part('year'::text, orders.o_orderdate))"], "Plans": [{"Node Type": "Sort", "Parent Relationship": "Outer", "Startup Cost": 701189.48, "Total Cost": 701189.49, "Plan Rows": 1, "Plan Width": 66, "Sort Key": ["nation.n_name", "(date_part('year'::text, orders.o_orderdate)) DESC"], "Plans": [{"Node Type": "Nested Loop", "Parent Relationship": "Outer", "Join Type": "Inner", "Startup Cost": 6584.54, "Total Cost": 701189.47, "Plan Rows": 1, "Plan Width": 66, "Inner Unique": true, "Plans": [{"Node Type": "Nested Loop", "Parent Relationship": "Outer", "Join Type": "Inner", "Startup Cost": 6584.54, "Total Cost": 701189.19, "Plan Rows": 1, "Plan Width": 44, "Inner Unique": true, "Plans": [{"Node Type": "Nested Loop", "Parent Relationship": "Outer", "Join Type": "Inner", "Startup Cost": 6584.54, "Total Cost": 701188.89, "Plan Rows": 1, "Plan Width": 44, "Inner Unique": false, "Join Filter": "(supplier.s_suppkey = lineitem.l_suppkey)", "Plans": [{"Node Type": "Hash Join", "Parent Relationship": "Outer", "Join Type": "Inner", "Startup Cost": 6584.54, "Total Cost": 557439.88, "Plan Rows": 125630, "Plan Width": 44, "Inner Unique": true, "Hash Cond": "(partsupp.ps_suppkey = supplier.s_suppkey), (LLVM Optimized)", "Plans": [{"Node Type": "Nested Loop", "Parent Relationship": "Outer", "Join Type": "Inner", "Startup Cost": 0.0, "Total Cost": 548625.29, "Plan Rows": 259666, "Plan Width": 32, "Inner Unique": false, "Plans": [{"Node Type": "Index Scan", "Parent Relationship": "Outer", "Scan Direction": "Forward", "Index Name": "part_kpey", "Relation Name": "part", "Alias": "part", "Startup Cost": 0.0, "Total Cost": 105803.25, "Plan Rows": 89888, "Plan Width": 8, "Filter": "((p_name)::text ~~ '%dim%'::text)"}, {"Node Type": "Index Scan", "Parent Relationship": "Inner", "Scan Direction": "Forward", "Index Name": "idx_partsupp_partkey", "Relation Name": "partsupp", "Alias": "partsupp", "Startup Cost": 0.0, "Total Cost": 4.9, "Plan Rows": 3, "Plan Width": 24, "Index Cond": "(ps_partkey = part.p_partkey)"}]}, {"Node Type": "Hash", "Parent Relationship": "Inner", "Startup Cost": 5334.54, "Total Cost": 5334.54, "Plan Rows": 100000, "Plan Width": 12, "Plans": [{"Node Type": "Index Scan", "Parent Relationship": "Outer", "Scan Direction": "Forward", "Index Name": "supplier_pkey", "Relation Name": "supplier", "Alias": "supplier", "Startup Cost": 0.0, "Total Cost": 5334.54, "Plan Rows": 100000, "Plan Width": 12}]}]}, {"Node Type": "Index Scan", "Parent Relationship": "Inner", "Scan Direction": "Forward", "Index Name": "idx_lineitem_part_supp", "Relation Name": "lineitem", "Alias": "lineitem", "Startup Cost": 0.0, "Total Cost": 1.13, "Plan Rows": 1, "Plan Width": 48, "Index Cond": "((l_partkey = partsupp.ps_partkey) AND (l_suppkey = partsupp.ps_suppkey))"}]}, {"Node Type": "Index Scan", "Parent Relationship": "Inner", "Scan Direction": "Forward", "Index Name": "orders_pkey", "Relation Name": "orders", "Alias": "orders", "Startup Cost": 0.0, "Total Cost": 0.29, "Plan Rows": 1, "Plan Width": 16, "Index Cond": "(o_orderkey = lineitem.l_orderkey)"}]}, {"Node Type": "Index Scan", "Parent Relationship": "Inner", "Scan Direction": "Forward", "Index Name": "nation_pkey", "Relation Name": "nation", "Alias": "nation", "Startup Cost": 0.0, "Total Cost": 0.27, "Plan Rows": 1, "Plan Width": 30, "Index Cond": "(n_nationkey = supplier.s_nationkey)"}]}]}]}, "Unique SQL Id": 3628361425}, "explain_analyze_plan": {"Plan": {"Node Type": "Aggregate", "Strategy": "Sorted", "Startup Cost": 701189.48, "Total Cost": 701189.52, "Plan Rows": 1, "Plan Width": 74, "Actual Startup Time": 57927.603, "Actual Total Time": 60887.2, "Actual Rows": 175, "Actual Loops": 1, "Group By Key": ["nation.n_name", "(date_part('year'::text, orders.o_orderdate))"], "Plans": [{"Node Type": "Sort", "Parent Relationship": "Outer", "Startup Cost": 701189.48, "Total Cost": 701189.49, "Plan Rows": 1, "Plan Width": 66, "Actual Startup Time": 57917.052, "Actual Total Time": 58585.336, "Actual Rows": 3256948, "Actual Loops": 1, "Sort Key": ["nation.n_name", "(date_part('year'::text, orders.o_orderdate)) DESC"], "Sort Method": "quicksort", "Sort Space Used": 607203, "Sort Space Type": "Memory", "Plans": [{"Node Type": "Nested Loop", "Parent Relationship": "Outer", "Join Type": "Inner", "Startup Cost": 6584.54, "Total Cost": 701189.47, "Plan Rows": 1, "Plan Width": 66, "Actual Startup Time": 88.208, "Actual Total Time": 52379.794, "Actual Rows": 3256948, "Actual Loops": 1, "Inner Unique": true, "Plans": [{"Node Type": "Nested Loop", "Parent Relationship": "Outer", "Join Type": "Inner", "Startup Cost": 6584.54, "Total Cost": 701189.19, "Plan Rows": 1, "Plan Width": 44, "Actual Startup Time": 88.176, "Actual Total Time": 43642.973, "Actual Rows": 3256948, "Actual Loops": 1, "Inner Unique": true, "Plans": [{"Node Type": "Nested Loop", "Parent Relationship": "Outer", "Join Type": "Inner", "Startup Cost": 6584.54, "Total Cost": 701188.89, "Plan Rows": 1, "Plan Width": 44, "Actual Startup Time": 88.16, "Actual Total Time": 15982.385, "Actual Rows": 3256948, "Actual Loops": 1, "Inner Unique": false, "Join Filter": "(supplier.s_suppkey = lineitem.l_suppkey)", "Rows Removed by Join Filter": 0, "Plans": [{"Node Type": "Hash Join", "Parent Relationship": "Outer", "Join Type": "Inner", "Startup Cost": 6584.54, "Total Cost": 557439.88, "Plan Rows": 125630, "Plan Width": 44, "Actual Startup Time": 88.115, "Actual Total Time": 3477.657, "Actual Rows": 434204, "Actual Loops": 1, "Inner Unique": true, "Hash Cond": "(partsupp.ps_suppkey = supplier.s_suppkey), (LLVM Optimized, Jit Execute)", "Plans": [{"Node Type": "Nested Loop", "Parent Relationship": "Outer", "Join Type": "Inner", "Startup Cost": 0.0, "Total Cost": 548625.29, "Plan Rows": 259666, "Plan Width": 32, "Actual Startup Time": 0.091, "Actual Total Time": 2926.915, "Actual Rows": 434204, "Actual Loops": 1, "Inner Unique": false, "Plans": [{"Node Type": "Index Scan", "Parent Relationship": "Outer", "Scan Direction": "Forward", "Index Name": "part_kpey", "Relation Name": "part", "Alias": "part", "Startup Cost": 0.0, "Total Cost": 105803.25, "Plan Rows": 89888, "Plan Width": 8, "Actual Startup Time": 0.065, "Actual Total Time": 1746.869, "Actual Rows": 108551, "Actual Loops": 1, "Filter": "((p_name)::text ~~ '%dim%'::text)", "Rows Removed by Filter": 1891449}, {"Node Type": "Index Scan", "Parent Relationship": "Inner", "Scan Direction": "Forward", "Index Name": "idx_partsupp_partkey", "Relation Name": "partsupp", "Alias": "partsupp", "Startup Cost": 0.0, "Total Cost": 4.9, "Plan Rows": 3, "Plan Width": 24, "Actual Startup Time": 667.283, "Actual Total Time": 976.149, "Actual Rows": 434204, "Actual Loops": 108551, "Index Cond": "(ps_partkey = part.p_partkey)", "Rows Removed by Index Recheck": 0}]}, {"Node Type": "Hash", "Parent Relationship": "Inner", "Startup Cost": 5334.54, "Total Cost": 5334.54, "Plan Rows": 100000, "Plan Width": 12, "Actual Startup Time": 87.877, "Actual Total Time": 87.877, "Actual Rows": 100000, "Actual Loops": 1, "Hash Buckets": 131072, "Hash Batches": 1, "Original Hash Batches": 1, "Peak Memory Usage": 4297, "Plans": [{"Node Type": "Index Scan", "Parent Relationship": "Outer", "Scan Direction": "Forward", "Index Name": "supplier_pkey", "Relation Name": "supplier", "Alias": "supplier", "Startup Cost": 0.0, "Total Cost": 5334.54, "Plan Rows": 100000, "Plan Width": 12, "Actual Startup Time": 0.025, "Actual Total Time": 60.048, "Actual Rows": 100000, "Actual Loops": 1}]}]}, {"Node Type": "Index Scan", "Parent Relationship": "Inner", "Scan Direction": "Forward", "Index Name": "idx_lineitem_part_supp", "Relation Name": "lineitem", "Alias": "lineitem", "Startup Cost": 0.0, "Total Cost": 1.13, "Plan Rows": 1, "Plan Width": 48, "Actual Startup Time": 3121.867, "Actual Total Time": 10833.853, "Actual Rows": 3256948, "Actual Loops": 434204, "Index Cond": "((l_partkey = partsupp.ps_partkey) AND (l_suppkey = partsupp.ps_suppkey))", "Rows Removed by Index Recheck": 0}]}, {"Node Type": "Index Scan", "Parent Relationship": "Inner", "Scan Direction": "Forward", "Index Name": "orders_pkey", "Relation Name": "orders", "Alias": "orders", "Startup Cost": 0.0, "Total Cost": 0.29, "Plan Rows": 1, "Plan Width": 16, "Actual Startup Time": 24891.296, "Actual Total Time": 24891.296, "Actual Rows": 3256948, "Actual Loops": 3256948, "Index Cond": "(o_orderkey = lineitem.l_orderkey)", "Rows Removed by Index Recheck": 0}]}, {"Node Type": "Index Scan", "Parent Relationship": "Inner", "Scan Direction": "Forward", "Index Name": "nation_pkey", "Relation Name": "nation", "Alias": "nation", "Startup Cost": 0.0, "Total Cost": 0.27, "Plan Rows": 1, "Plan Width": 30, "Actual Startup Time": 4701.479, "Actual Total Time": 4701.479, "Actual Rows": 3256948, "Actual Loops": 3256948, "Index Cond": "(n_nationkey = supplier.s_nationkey)", "Rows Removed by Index Recheck": 0}]}]}]}, "Triggers": [], "Planner Runtime": 29.635, "Total Runtime": 60901.785, "Unique SQL Id": 3628361425}}, "(1, 14)": {"explain_plan": {"Plan": {"Node Type": "Aggregate", "Strategy": "Sorted", "Startup Cost": 3188400.26, "Total Cost": 3188400.29, "Plan Rows": 1, "Plan Width": 74, "Group By Key": ["nation.n_name", "(date_part('year'::text, orders.o_orderdate))"], "Plans": [{"Node Type": "Sort", "Parent Relationship": "Outer", "Startup Cost": 3188400.26, "Total Cost": 3188400.26, "Plan Rows": 1, "Plan Width": 66, "Sort Key": ["nation.n_name", "(date_part('year'::text, orders.o_orderdate)) DESC"], "Plans": [{"Node Type": "Nested Loop", "Parent Relationship": "Outer", "Join Type": "Inner", "Startup Cost": 2705736.84, "Total Cost": 3188400.25, "Plan Rows": 1, "Plan Width": 66, "Inner Unique": true, "Join Filter": "(supplier.s_nationkey = nation.n_nationkey)", "Plans": [{"Node Type": "Hash Join", "Parent Relationship": "Outer", "Join Type": "Inner", "Startup Cost": 2705736.84, "Total Cost": 3188398.68, "Plan Rows": 1, "Plan Width": 44, "Inner Unique": false, "Hash Cond": "(orders.o_orderkey = lineitem.l_orderkey)", "Plans": [{"Node Type": "Seq Scan", "Parent Relationship": "Outer", "Relation Name": "orders", "Alias": "orders", "Startup Cost": 0.0, "Total Cost": 426413.79, "Plan Rows": 14999479, "Plan Width": 16}, {"Node Type": "Hash", "Parent Relationship": "Inner", "Startup Cost": 2705736.82, "Total Cost": 2705736.82, "Plan Rows": 1, "Plan Width": 44, "Plans": [{"Node Type": "Hash Join", "Parent Relationship": "Outer", "Join Type": "Inner", "Startup Cost": 406202.19, "Total Cost": 2705736.82, "Plan Rows": 1, "Plan Width": 44, "Inner Unique": false, "Hash Cond": "((lineitem.l_suppkey = partsupp.ps_suppkey) AND (lineitem.l_partkey = partsupp.ps_partkey))", "Plans": [{"Node Type": "Hash Join", "Parent Relationship": "Outer", "Join Type": "Inner", "Startup Cost": 68067.6, "Total Cost": 2313089.96, "Plan Rows": 495566, "Plan Width": 56, "Inner Unique": true, "Hash Cond": "(lineitem.l_partkey = part.p_partkey), (LLVM Optimized)", "Plans": [{"Node Type": "Seq Scan", "Parent Relationship": "Outer", "Relation Name": "lineitem", "Alias": "lineitem", "Startup Cost": 0.0, "Total Cost": 2015115.33, "Plan Rows": 59987033, "Plan Width": 48}, {"Node Type": "Hash", "Parent Relationship": "Inner", "Startup Cost": 66944.0, "Total Cost": 66944.0, "Plan Rows": 89888, "Plan Width": 8, "Plans": [{"Node Type": "Seq Scan", "Parent Relationship": "Outer", "Relation Name": "part", "Alias": "part", "Startup Cost": 0.0, "Total Cost": 66944.0, "Plan Rows": 89888, "Plan Width": 8, "Filter": "((p_name)::text ~~ '%dim%'::text)"}]}]}, {"Node Type": "Hash", "Parent Relationship": "Inner", "Startup Cost": 317967.1, "Total Cost": 317967.1, "Plan Rows": 1344499, "Plan Width": 36, "Plans": [{"Node Type": "Hash Join", "Parent Relationship": "Outer", "Join Type": "Inner", "Startup Cost": 4533.0, "Total Cost": 317967.1, "Plan Rows": 1344499, "Plan Width": 36, "Inner Unique": true, "Hash Cond": "(partsupp.ps_suppkey = supplier.s_suppkey), (LLVM Optimized)", "Plans": [{"Node Type": "Seq Scan", "Parent Relationship": "Outer", "Relation Name": "partsupp", "Alias": "partsupp", "Startup Cost": 0.0, "Total Cost": 269987.72, "Plan Rows": 8000372, "Plan Width": 24}, {"Node Type": "Hash", "Parent Relationship": "Inner", "Startup Cost": 3283.0, "Total Cost": 3283.0, "Plan Rows": 100000, "Plan Width": 12, "Plans": [{"Node Type": "Seq Scan", "Parent Relationship": "Outer", "Relation Name": "supplier", "Alias": "supplier", "Startup Cost": 0.0, "Total Cost": 3283.0, "Plan Rows": 100000, "Plan Width": 12}]}]}]}]}]}]}, {"Node Type": "Seq Scan", "Parent Relationship": "Inner", "Relation Name": "nation", "Alias": "nation", "Startup Cost": 0.0, "Total Cost": 1.25, "Plan Rows": 25, "Plan Width": 30}]}]}]}, "Unique SQL Id": 3628361425}, "explain_analyze_plan": null}, "(1, 15)": {"explain_plan": {"Plan": {"Node Type": "Aggregate", "Strategy": "Sorted", "Startup Cost": 6000839471774.69, "Total Cost": 6000839471774.72, "Plan Rows": 1, "Plan Width": 74, "Group By Key": ["nation.n_name", "(date_part('year'::text, orders.o_orderdate))"], "Plans": [{"Node Type": "Sort", "Parent Relationship": "Outer", "Startup Cost": 6000839471774.69, "Total Cost": 6000839471774.69, "Plan Rows": 1, "Plan Width": 66, "Sort Key": ["nation.n_name", "(date_part('year'::text, orders.o_orderdate)) DESC"], "Plans": [{"Node Type": "Nested Loop", "Parent Relationship": "Outer", "Join Type": "Inner", "Startup Cost": 60035393416.8, "Total Cost": 6000839471774.68, "Plan Rows": 1, "Plan Width": 66, "Inner Unique": true, "Plans": [{"Node Type": "Merge Join", "Parent Relationship": "Outer", "Join Type": "Inner", "Startup Cost": 50035393416.8, "Total Cost": 5000839471745.44, "Plan Rows": 1, "Plan Width": 66, "Inner Unique": true, "Merge Cond": "(partsupp.ps_partkey = part.p_partkey)", "Plans": [{"Node Type": "Nested Loop", "Parent Relationship": "Outer", "Join Type": "Inner", "Startup Cost": 40035393416.8, "Total Cost": 4000828891195.69, "Plan Rows": 6, "Plan Width": 82, "Inner Unique": true, "Join Filter": "(supplier.s_nationkey = nation.n_nationkey)", "Plans": [{"Node Type": "Nested Loop", "Parent Relationship": "Outer", "Join Type": "Inner", "Startup Cost": 30035393416.8, "Total Cost": 3000828889930.88, "Plan Rows": 6, "Plan Width": 60, "Inner Unique": true, "Join Filter": "(lineitem.l_suppkey = supplier.s_suppkey)", "Plans": [{"Node Type": "Merge Join", "Parent Relationship": "Outer", "Join Type": "Inner", "Startup Cost": 20035393416.8, "Total Cost": 2000828314226.5, "Plan Rows": 28, "Plan Width": 72, "Inner Unique": true, "Merge Cond": "((lineitem.l_partkey = partsupp.ps_partkey) AND (lineitem.l_suppkey = partsupp.ps_suppkey))", "Plans": [{"Node Type": "Index Scan", "Parent Relationship": "Outer", "Scan Direction": "Forward", "Index Name": "idx_lineitem_part_supp", "Relation Name": "lineitem", "Alias": "lineitem", "Startup Cost": 10000000000.0, "Total Cost": 1000775391319.64, "Plan Rows": 59987033, "Plan Width": 48}, {"Node Type": "Index Scan", "Parent Relationship": "Inner", "Scan Direction": "Forward", "Index Name": "partsupp_pkey", "Relation Name": "partsupp", "Alias": "partsupp", "Startup Cost": 10000000000.0, "Total Cost": 1000071640963.22, "Plan Rows": 8000372, "Plan Width": 24}]}, {"Node Type": "Materialize", "Parent Relationship": "Inner", "Startup Cost": 10000000000.0, "Total Cost": 1000000533954.38, "Plan Rows": 100000, "Plan Width": 12, "Plans": [{"Node Type": "Index Scan", "Parent Relationship": "Outer", "Scan Direction": "Forward", "Index Name": "supplier_pkey", "Relation Name": "supplier", "Alias": "supplier", "Startup Cost": 10000000000.0, "Total Cost": 1000000533454.38, "Plan Rows": 100000, "Plan Width": 12}]}]}, {"Node Type": "Materialize", "Parent Relationship": "Inner", "Startup Cost": 10000000000.0, "Total Cost": 1000000001262.62, "Plan Rows": 25, "Plan Width": 30, "Plans": [{"Node Type": "Index Scan", "Parent Relationship": "Outer", "Scan Direction": "Forward", "Index Name": "nation_pkey", "Relation Name": "nation", "Alias": "nation", "Startup Cost": 10000000000.0, "Total Cost": 1000000001262.5, "Plan Rows": 25, "Plan Width": 30}]}]}, {"Node Type": "Index Scan", "Parent Relationship": "Inner", "Scan Direction": "Forward", "Index Name": "part_kpey", "Relation Name": "part", "Alias": "part", "Startup Cost": 10000000000.0, "Total Cost": 1000010580325.0, "Plan Rows": 89888, "Plan Width": 8, "Filter": "((p_name)::text ~~ '%dim%'::text)"}]}, {"Node Type": "Index Scan", "Parent Relationship": "Inner", "Scan Direction": "Forward", "Index Name": "orders_pkey", "Relation Name": "orders", "Alias": "orders", "Startup Cost": 10000000000.0, "Total Cost": 1000000000029.23, "Plan Rows": 1, "Plan Width": 16, "Index Cond": "(o_orderkey = lineitem.l_orderkey)"}]}]}]}, "Unique SQL Id": 3628361425}, "explain_analyze_plan": null}, "(1, 16)": {"explain_plan": {"Plan": {"Node Type": "Aggregate", "Strategy": "Sorted", "Startup Cost": 685006.9, "Total Cost": 685006.94, "Plan Rows": 1, "Plan Width": 74, "Group By Key": ["nation.n_name", "(date_part('year'::text, orders.o_orderdate))"], "Plans": [{"Node Type": "Sort", "Parent Relationship": "Outer", "Startup Cost": 685006.9, "Total Cost": 685006.91, "Plan Rows": 1, "Plan Width": 66, "Sort Key": ["nation.n_name", "(date_part('year'::text, orders.o_orderdate)) DESC"], "Plans": [{"Node Type": "Nested Loop", "Parent Relationship": "Outer", "Join Type": "Inner", "Startup Cost": 533118.21, "Total Cost": 685006.89, "Plan Rows": 1, "Plan Width": 66, "Inner Unique": true, "Plans": [{"Node Type": "Nested Loop", "Parent Relationship": "Outer", "Join Type": "Inner", "Startup Cost": 533118.21, "Total Cost": 685006.61, "Plan Rows": 1, "Plan Width": 44, "Inner Unique": true, "Plans": [{"Node Type": "Nested Loop", "Parent Relationship": "Outer", "Join Type": "Inner", "Startup Cost": 533118.21, "Total Cost": 685006.31, "Plan Rows": 1, "Plan Width": 44, "Inner Unique": false, "Join Filter": "(supplier.s_suppkey = lineitem.l_suppkey)", "Plans": [{"Node Type": "Merge Join", "Parent Relationship": "Outer", "Join Type": "Inner", "Startup Cost": 533118.21, "Total Cost": 541257.3, "Plan Rows": 125630, "Plan Width": 44, "Inner Unique": false, "Merge Cond": "(supplier.s_suppkey = partsupp.ps_suppkey)", "Plans": [{"Node Type": "Index Scan", "Parent Relationship": "Outer", "Scan Direction": "Forward", "Index Name": "supplier_pkey", "Relation Name": "supplier", "Alias": "supplier", "Startup Cost": 0.0, "Total Cost": 5334.54, "Plan Rows": 100000, "Plan Width": 12}, {"Node Type": "Sort", "Parent Relationship": "Inner", "Startup Cost": 533118.19, "Total Cost": 533767.36, "Plan Rows": 259666, "Plan Width": 32, "Sort Key": ["partsupp.ps_suppkey"], "Plans": [{"Node Type": "Nested Loop", "Parent Relationship": "Outer", "Join Type": "Inner", "Startup Cost": 0.0, "Total Cost": 509766.04, "Plan Rows": 259666, "Plan Width": 32, "Inner Unique": false, "Plans": [{"Node Type": "Seq Scan", "Parent Relationship": "Outer", "Relation Name": "part", "Alias": "part", "Startup Cost": 0.0, "Total Cost": 66944.0, "Plan Rows": 89888, "Plan Width": 8, "Filter": "((p_name)::text ~~ '%dim%'::text)"}, {"Node Type": "Index Scan", "Parent Relationship": "Inner", "Scan Direction": "Forward", "Index Name": "idx_partsupp_partkey", "Relation Name": "partsupp", "Alias": "partsupp", "Startup Cost": 0.0, "Total Cost": 4.9, "Plan Rows": 3, "Plan Width": 24, "Index Cond": "(ps_partkey = part.p_partkey)"}]}]}]}, {"Node Type": "Index Scan", "Parent Relationship": "Inner", "Scan Direction": "Forward", "Index Name": "idx_lineitem_part_supp", "Relation Name": "lineitem", "Alias": "lineitem", "Startup Cost": 0.0, "Total Cost": 1.13, "Plan Rows": 1, "Plan Width": 48, "Index Cond": "((l_partkey = partsupp.ps_partkey) AND (l_suppkey = partsupp.ps_suppkey))"}]}, {"Node Type": "Index Scan", "Parent Relationship": "Inner", "Scan Direction": "Forward", "Index Name": "orders_pkey", "Relation Name": "orders", "Alias": "orders", "Startup Cost": 0.0, "Total Cost": 0.29, "Plan Rows": 1, "Plan Width": 16, "Index Cond": "(o_orderkey = lineitem.l_orderkey)"}]}, {"Node Type": "Index Scan", "Parent Relationship": "Inner", "Scan Direction": "Forward", "Index Name": "nation_pkey", "Relation Name": "nation", "Alias": "nation", "Startup Cost": 0.0, "Total Cost": 0.27, "Plan Rows": 1, "Plan Width": 30, "Index Cond": "(n_nationkey = supplier.s_nationkey)"}]}]}]}, "Unique SQL Id": 3628361425}, "explain_analyze_plan": {"Plan": {"Node Type": "Aggregate", "Strategy": "Sorted", "Startup Cost": 685006.9, "Total Cost": 685006.94, "Plan Rows": 1, "Plan Width": 74, "Actual Startup Time": 54410.031, "Actual Total Time": 57527.047, "Actual Rows": 175, "Actual Loops": 1, "Group By Key": ["nation.n_name", "(date_part('year'::text, orders.o_orderdate))"], "Plans": [{"Node Type": "Sort", "Parent Relationship": "Outer", "Startup Cost": 685006.9, "Total Cost": 685006.91, "Plan Rows": 1, "Plan Width": 66, "Actual Startup Time": 54399.238, "Actual Total Time": 55187.55, "Actual Rows": 3256948, "Actual Loops": 1, "Sort Key": ["nation.n_name", "(date_part('year'::text, orders.o_orderdate)) DESC"], "Sort Method": "quicksort", "Sort Space Used": 607203, "Sort Space Type": "Memory", "Plans": [{"Node Type": "Nested Loop", "Parent Relationship": "Outer", "Join Type": "Inner", "Startup Cost": 533118.21, "Total Cost": 685006.89, "Plan Rows": 1, "Plan Width": 66, "Actual Startup Time": 2002.136, "Actual Total Time": 49120.694, "Actual Rows": 3256948, "Actual Loops": 1, "Inner Unique": true, "Plans": [{"Node Type": "Nested Loop", "Parent Relationship": "Outer", "Join Type": "Inner", "Startup Cost": 533118.21, "Total Cost": 685006.61, "Plan Rows": 1, "Plan Width": 44, "Actual Startup Time": 2001.941, "Actual Total Time": 40545.539, "Actual Rows": 3256948, "Actual Loops": 1, "Inner Unique": true, "Plans": [{"Node Type": "Nested Loop", "Parent Relationship": "Outer", "Join Type": "Inner", "Startup Cost": 533118.21, "Total Cost": 685006.31, "Plan Rows": 1, "Plan Width": 44, "Actual Startup Time": 2001.913, "Actual Total Time": 15084.562, "Actual Rows": 3256948, "Actual Loops": 1, "Inner Unique": false, "Join Filter": "(supplier.s_suppkey = lineitem.l_suppkey)", "Rows Removed by Join Filter": 0, "Plans": [{"Node Type": "Merge Join", "Parent Relationship": "Outer", "Join Type": "Inner", "Startup Cost": 533118.21, "Total Cost": 541257.3, "Plan Rows": 125630, "Plan Width": 44, "Actual Startup Time": 2001.85, "Actual Total Time": 2474.365, "Actual Rows": 434204, "Actual Loops": 1, "Inner Unique": false, "Merge Cond": "(supplier.s_suppkey = partsupp.ps_suppkey)", "Plans": [{"Node Type": "Index Scan", "Parent Relationship": "Outer", "Scan Direction": "Forward", "Index Name": "supplier_pkey", "Relation Name": "supplier", "Alias": "supplier", "Startup Cost": 0.0, "Total Cost": 5334.54, "Plan Rows": 100000, "Plan Width": 12, "Actual Startup Time": 0.027, "Actual Total Time": 84.668, "Actual Rows": 100000, "Actual Loops": 1}, {"Node Type": "Sort", "Parent Relationship": "Inner", "Startup Cost": 533118.19, "Total Cost": 533767.36, "Plan Rows": 259666, "Plan Width": 32, "Actual Startup Time": 2001.81, "Actual Total Time": 2146.831, "Actual Rows": 434204, "Actual Loops": 1, "Sort Key": ["partsupp.ps_suppkey"], "Sort Method": "quicksort", "Sort Space Used": 52995, "Sort Space Type": "Memory", "Plans": [{"Node Type": "Nested Loop", "Parent Relationship": "Outer", "Join Type": "Inner", "Startup Cost": 0.0, "Total Cost": 509766.04, "Plan Rows": 259666, "Plan Width": 32, "Actual Startup Time": 0.037, "Actual Total Time": 1827.472, "Actual Rows": 434204, "Actual Loops": 1, "Inner Unique": false, "Plans": [{"Node Type": "Seq Scan", "Parent Relationship": "Outer", "Relation Name": "part", "Alias": "part", "Startup Cost": 0.0, "Total Cost": 66944.0, "Plan Rows": 89888, "Plan Width": 8, "Actual Startup Time": 0.026, "Actual Total Time": 988.932, "Actual Rows": 108551, "Actual Loops": 1, "Filter": "((p_name)::text ~~ '%dim%'::text)", "Rows Removed by Filter": 1891449}, {"Node Type": "Index Scan", "Parent Relationship": "Inner", "Scan Direction": "Forward", "Index Name": "idx_partsupp_partkey", "Relation Name": "partsupp", "Alias": "partsupp", "Startup Cost": 0.0, "Total Cost": 4.9, "Plan Rows": 3, "Plan Width": 24, "Actual Startup Time": 486.397, "Actual Total Time": 686.204, "Actual Rows": 434204, "Actual Loops": 108551, "Index Cond": "(ps_partkey = part.p_partkey)", "Rows Removed by Index Recheck": 0}]}]}]}, {"Node Type": "Index Scan", "Parent Relationship": "Inner", "Scan Direction": "Forward", "Index Name": "idx_lineitem_part_supp", "Relation Name": "lineitem", "Alias": "lineitem", "Startup Cost": 0.0, "Total Cost": 1.13, "Plan Rows": 1, "Plan Width": 48, "Actual Startup Time": 4012.701, "Actual Total Time": 10962.364, "Actual Rows": 3256948, "Actual Loops": 434204, "Index Cond": "((l_partkey = partsupp.ps_partkey) AND (l_suppkey = partsupp.ps_suppkey))", "Rows Removed by Index Recheck": 0}]}, {"Node Type": "Index Scan", "Parent Relationship": "Inner", "Scan Direction": "Forward", "Index Name": "orders_pkey", "Relation Name": "orders", "Alias": "orders", "Startup Cost": 0.0, "Total Cost": 0.29, "Plan Rows": 1, "Plan Width": 16, "Actual Startup Time": 22678.508, "Actual Total Time": 22678.508, "Actual Rows": 3256948, "Actual Loops": 3256948, "Index Cond": "(o_orderkey = lineitem.l_orderkey)", "Rows Removed by Index Recheck": 0}]}, {"Node Type": "Index Scan", "Parent Relationship": "Inner", "Scan Direction": "Forward", "Index Name": "nation_pkey", "Relation Name": "nation", "Alias": "nation", "Startup Cost": 0.0, "Total Cost": 0.27, "Plan Rows": 1, "Plan Width": 30, "Actual Startup Time": 4489.403, "Actual Total Time": 4489.403, "Actual Rows": 3256948, "Actual Loops": 3256948, "Index Cond": "(n_nationkey = supplier.s_nationkey)", "Rows Removed by Index Recheck": 0}]}]}]}, "Triggers": [], "Planner Runtime": 26.577, "Total Runtime": 57533.592, "Unique SQL Id": 3628361425}}, "(1, 17)": {"explain_plan": {"Plan": {"Node Type": "Aggregate", "Strategy": "Sorted", "Startup Cost": 723866.15, "Total Cost": 723866.19, "Plan Rows": 1, "Plan Width": 74, "Group By Key": ["nation.n_name", "(date_part('year'::text, orders.o_orderdate))"], "Plans": [{"Node Type": "Sort", "Parent Relationship": "Outer", "Startup Cost": 723866.15, "Total Cost": 723866.16, "Plan Rows": 1, "Plan Width": 66, "Sort Key": ["nation.n_name", "(date_part('year'::text, orders.o_orderdate)) DESC"], "Plans": [{"Node Type": "Nested Loop", "Parent Relationship": "Outer", "Join Type": "Inner", "Startup Cost": 571977.46, "Total Cost": 723866.14, "Plan Rows": 1, "Plan Width": 66, "Inner Unique": true, "Plans": [{"Node Type": "Nested Loop", "Parent Relationship": "Outer", "Join Type": "Inner", "Startup Cost": 571977.46, "Total Cost": 723865.86, "Plan Rows": 1, "Plan Width": 44, "Inner Unique": true, "Plans": [{"Node Type": "Nested Loop", "Parent Relationship": "Outer", "Join Type": "Inner", "Startup Cost": 571977.46, "Total Cost": 723865.56, "Plan Rows": 1, "Plan Width": 44, "Inner Unique": false, "Join Filter": "(supplier.s_suppkey = lineitem.l_suppkey)", "Plans": [{"Node Type": "Merge Join", "Parent Relationship": "Outer", "Join Type": "Inner", "Startup Cost": 571977.46, "Total Cost": 580116.55, "Plan Rows": 125630, "Plan Width": 44, "Inner Unique": false, "Merge Cond": "(supplier.s_suppkey = partsupp.ps_suppkey)", "Plans": [{"Node Type": "Index Scan", "Parent Relationship": "Outer", "Scan Direction": "Forward", "Index Name": "supplier_pkey", "Relation Name": "supplier", "Alias": "supplier", "Startup Cost": 0.0, "Total Cost": 5334.54, "Plan Rows": 100000, "Plan Width": 12}, {"Node Type": "Sort", "Parent Relationship": "Inner", "Startup Cost": 571977.44, "Total Cost": 572626.61, "Plan Rows": 259666, "Plan Width": 32, "Sort Key": ["partsupp.ps_suppkey"], "Plans": [{"Node Type": "Nested Loop", "Parent Relationship": "Outer", "Join Type": "Inner", "Startup Cost": 0.0, "Total Cost": 548625.29, "Plan Rows": 259666, "Plan Width": 32, "Inner Unique": false, "Plans": [{"Node Type": "Index Scan", "Parent Relationship": "Outer", "Scan Direction": "Forward", "Index Name": "part_kpey", "Relation Name": "part", "Alias": "part", "Startup Cost": 0.0, "Total Cost": 105803.25, "Plan Rows": 89888, "Plan Width": 8, "Filter": "((p_name)::text ~~ '%dim%'::text)"}, {"Node Type": "Index Scan", "Parent Relationship": "Inner", "Scan Direction": "Forward", "Index Name": "idx_partsupp_partkey", "Relation Name": "partsupp", "Alias": "partsupp", "Startup Cost": 0.0, "Total Cost": 4.9, "Plan Rows": 3, "Plan Width": 24, "Index Cond": "(ps_partkey = part.p_partkey)"}]}]}]}, {"Node Type": "Index Scan", "Parent Relationship": "Inner", "Scan Direction": "Forward", "Index Name": "idx_lineitem_part_supp", "Relation Name": "lineitem", "Alias": "lineitem", "Startup Cost": 0.0, "Total Cost": 1.13, "Plan Rows": 1, "Plan Width": 48, "Index Cond": "((l_partkey = partsupp.ps_partkey) AND (l_suppkey = partsupp.ps_suppkey))"}]}, {"Node Type": "Index Scan", "Parent Relationship": "Inner", "Scan Direction": "Forward", "Index Name": "orders_pkey", "Relation Name": "orders", "Alias": "orders", "Startup Cost": 0.0, "Total Cost": 0.29, "Plan Rows": 1, "Plan Width": 16, "Index Cond": "(o_orderkey = lineitem.l_orderkey)"}]}, {"Node Type": "Index Scan", "Parent Relationship": "Inner", "Scan Direction": "Forward", "Index Name": "nation_pkey", "Relation Name": "nation", "Alias": "nation", "Startup Cost": 0.0, "Total Cost": 0.27, "Plan Rows": 1, "Plan Width": 30, "Index Cond": "(n_nationkey = supplier.s_nationkey)"}]}]}]}, "Unique SQL Id": 3628361425}, "explain_analyze_plan": {"Plan": {"Node Type": "Aggregate", "Strategy": "Sorted", "Startup Cost": 723866.15, "Total Cost": 723866.19, "Plan Rows": 1, "Plan Width": 74, "Actual Startup Time": 57402.875, "Actual Total Time": 60508.83, "Actual Rows": 175, "Actual Loops": 1, "Group By Key": ["nation.n_name", "(date_part('year'::text, orders.o_orderdate))"], "Plans": [{"Node Type": "Sort", "Parent Relationship": "Outer", "Startup Cost": 723866.15, "Total Cost": 723866.16, "Plan Rows": 1, "Plan Width": 66, "Actual Startup Time": 57391.553, "Actual Total Time": 58143.098, "Actual Rows": 3256948, "Actual Loops": 1, "Sort Key": ["nation.n_name", "(date_part('year'::text, orders.o_orderdate)) DESC"], "Sort Method": "quicksort", "Sort Space Used": 607203, "Sort Space Type": "Memory", "Plans": [{"Node Type": "Nested Loop", "Parent Relationship": "Outer", "Join Type": "Inner", "Startup Cost": 571977.46, "Total Cost": 723866.14, "Plan Rows": 1, "Plan Width": 66, "Actual Startup Time": 2699.003, "Actual Total Time": 51902.529, "Actual Rows": 3256948, "Actual Loops": 1, "Inner Unique": true, "Plans": [{"Node Type": "Nested Loop", "Parent Relationship": "Outer", "Join Type": "Inner", "Startup Cost": 571977.46, "Total Cost": 723865.86, "Plan Rows": 1, "Plan Width": 44, "Actual Startup Time": 2698.975, "Actual Total Time": 43378.566, "Actual Rows": 3256948, "Actual Loops": 1, "Inner Unique": true, "Plans": [{"Node Type": "Nested Loop", "Parent Relationship": "Outer", "Join Type": "Inner", "Startup Cost": 571977.46, "Total Cost": 723865.56, "Plan Rows": 1, "Plan Width": 44, "Actual Startup Time": 2698.955, "Actual Total Time": 16382.08, "Actual Rows": 3256948, "Actual Loops": 1, "Inner Unique": false, "Join Filter": "(supplier.s_suppkey = lineitem.l_suppkey)", "Rows Removed by Join Filter": 0, "Plans": [{"Node Type": "Merge Join", "Parent Relationship": "Outer", "Join Type": "Inner", "Startup Cost": 571977.46, "Total Cost": 580116.55, "Plan Rows": 125630, "Plan Width": 44, "Actual Startup Time": 2698.878, "Actual Total Time": 3164.046, "Actual Rows": 434204, "Actual Loops": 1, "Inner Unique": false, "Merge Cond": "(supplier.s_suppkey = partsupp.ps_suppkey)", "Plans": [{"Node Type": "Index Scan", "Parent Relationship": "Outer", "Scan Direction": "Forward", "Index Name": "supplier_pkey", "Relation Name": "supplier", "Alias": "supplier", "Startup Cost": 0.0, "Total Cost": 5334.54, "Plan Rows": 100000, "Plan Width": 12, "Actual Startup Time": 0.026, "Actual Total Time": 87.242, "Actual Rows": 100000, "Actual Loops": 1}, {"Node Type": "Sort", "Parent Relationship": "Inner", "Startup Cost": 571977.44, "Total Cost": 572626.61, "Plan Rows": 259666, "Plan Width": 32, "Actual Startup Time": 2698.835, "Actual Total Time": 2848.728, "Actual Rows": 434204, "Actual Loops": 1, "Sort Key": ["partsupp.ps_suppkey"], "Sort Method": "quicksort", "Sort Space Used": 52995, "Sort Space Type": "Memory", "Plans": [{"Node Type": "Nested Loop", "Parent Relationship": "Outer", "Join Type": "Inner", "Startup Cost": 0.0, "Total Cost": 548625.29, "Plan Rows": 259666, "Plan Width": 32, "Actual Startup Time": 0.041, "Actual Total Time": 2527.699, "Actual Rows": 434204, "Actual Loops": 1, "Inner Unique": false, "Plans": [{"Node Type": "Index Scan", "Parent Relationship": "Outer", "Scan Direction": "Forward", "Index Name": "part_kpey", "Relation Name": "part", "Alias": "part", "Startup Cost": 0.0, "Total Cost": 105803.25, "Plan Rows": 89888, "Plan Width": 8, "Actual Startup Time": 0.031, "Actual Total Time": 1605.394, "Actual Rows": 108551, "Actual Loops": 1, "Filter": "((p_name)::text ~~ '%dim%'::text)", "Rows Removed by Filter": 1891449}, {"Node Type": "Index Scan", "Parent Relationship": "Inner", "Scan Direction": "Forward", "Index Name": "idx_partsupp_partkey", "Relation Name": "partsupp", "Alias": "partsupp", "Startup Cost": 0.0, "Total Cost": 4.9, "Plan Rows": 3, "Plan Width": 24, "Actual Startup Time": 546.863, "Actual Total Time": 770.605, "Actual Rows": 434204, "Actual Loops": 108551, "Index Cond": "(ps_partkey = part.p_partkey)", "Rows Removed by Index Recheck": 0}]}]}]}, {"Node Type": "Index Scan", "Parent Relationship": "Inner", "Scan Direction": "Forward", "Index Name": "idx_lineitem_part_supp", "Relation Name": "lineitem", "Alias": "lineitem", "Startup Cost": 0.0, "Total Cost": 1.13, "Plan Rows": 1, "Plan Width": 48, "Actual Startup Time": 4136.421, "Actual Total Time": 11612.148, "Actual Rows": 3256948, "Actual Loops": 434204, "Index Cond": "((l_partkey = partsupp.ps_partkey) AND (l_suppkey = partsupp.ps_suppkey))", "Rows Removed by Index Recheck": 0}]}, {"Node Type": "Index Scan", "Parent Relationship": "Inner", "Scan Direction": "Forward", "Index Name": "orders_pkey", "Relation Name": "orders", "Alias": "orders", "Startup Cost": 0.0, "Total Cost": 0.29, "Plan Rows": 1, "Plan Width": 16, "Actual Startup Time": 24192.529, "Actual Total Time": 24192.529, "Actual Rows": 3256948, "Actual Loops": 3256948, "Index Cond": "(o_orderkey = lineitem.l_orderkey)", "Rows Removed by Index Recheck": 0}]}, {"Node Type": "Index Scan", "Parent Relationship": "Inner", "Scan Direction": "Forward", "Index Name": "nation_pkey", "Relation Name": "nation", "Alias": "nation", "Startup Cost": 0.0, "Total Cost": 0.27, "Plan Rows": 1, "Plan Width": 30, "Actual Startup Time": 4459.822, "Actual Total Time": 4459.822, "Actual Rows": 3256948, "Actual Loops": 3256948, "Index Cond": "(n_nationkey = supplier.s_nationkey)", "Rows Removed by Index Recheck": 0}]}]}]}, "Triggers": [], "Planner Runtime": 26.208, "Total Runtime": 60516.121, "Unique SQL Id": 3628361425}}, "(1, 18)": {"explain_plan": {"Plan": {"Node Type": "Aggregate", "Strategy": "Sorted", "Startup Cost": 1531825.78, "Total Cost": 1531825.81, "Plan Rows": 1, "Plan Width": 74, "Group By Key": ["nation.n_name", "(date_part('year'::text, orders.o_orderdate))"], "Plans": [{"Node Type": "Sort", "Parent Relationship": "Outer", "Startup Cost": 1531825.78, "Total Cost": 1531825.78, "Plan Rows": 1, "Plan Width": 66, "Sort Key": ["nation.n_name", "(date_part('year'::text, orders.o_orderdate)) DESC"], "Plans": [{"Node Type": "Nested Loop", "Parent Relationship": "Outer", "Join Type": "Inner", "Startup Cost": 971360.11, "Total Cost": 1531825.77, "Plan Rows": 1, "Plan Width": 66, "Inner Unique": true, "Join Filter": "(supplier.s_nationkey = nation.n_nationkey)", "Plans": [{"Node Type": "Nested Loop", "Parent Relationship": "Outer", "Join Type": "Inner", "Startup Cost": 971360.11, "Total Cost": 1531824.2, "Plan Rows": 1, "Plan Width": 44, "Inner Unique": true, "Plans": [{"Node Type": "Nested Loop", "Parent Relationship": "Outer", "Join Type": "Inner", "Startup Cost": 971359.85, "Total Cost": 1531819.92, "Plan Rows": 1, "Plan Width": 44, "Inner Unique": false, "Join Filter": "(supplier.s_suppkey = lineitem.l_suppkey)", "Plans": [{"Node Type": "Merge Join", "Parent Relationship": "Outer", "Join Type": "Inner", "Startup Cost": 971359.44, "Total Cost": 974413.99, "Plan Rows": 125630, "Plan Width": 44, "Inner Unique": false, "Merge Cond": "(supplier.s_suppkey = partsupp.ps_suppkey)", "Plans": [{"Node Type": "Sort", "Parent Relationship": "Outer", "Startup Cost": 11587.82, "Total Cost": 11837.82, "Plan Rows": 100000, "Plan Width": 12, "Sort Key": ["supplier.s_suppkey"], "Plans": [{"Node Type": "Seq Scan", "Parent Relationship": "Outer", "Relation Name": "supplier", "Alias": "supplier", "Startup Cost": 0.0, "Total Cost": 3283.0, "Plan Rows": 100000, "Plan Width": 12}]}, {"Node Type": "Sort", "Parent Relationship": "Inner", "Startup Cost": 959771.6, "Total Cost": 960420.77, "Plan Rows": 259666, "Plan Width": 32, "Sort Key": ["partsupp.ps_suppkey"], "Plans": [{"Node Type": "Nested Loop", "Parent Relationship": "Outer", "Join Type": "Inner", "Startup Cost": 1.62, "Total Cost": 936419.45, "Plan Rows": 259666, "Plan Width": 32, "Inner Unique": false, "Plans": [{"Node Type": "Seq Scan", "Parent Relationship": "Outer", "Relation Name": "part", "Alias": "part", "Startup Cost": 0.0, "Total Cost": 66944.0, "Plan Rows": 89888, "Plan Width": 8, "Filter": "((p_name)::text ~~ '%dim%'::text)"}, {"Node Type": "Bitmap Heap Scan", "Parent Relationship": "Inner", "Relation Name": "partsupp", "Alias": "partsupp", "Startup Cost": 1.62, "Total Cost": 9.64, "Plan Rows": 3, "Plan Width": 24, "Recheck Cond": "(ps_partkey = part.p_partkey)", "Plans": [{"Node Type": "Bitmap Index Scan", "Parent Relationship": "Outer", "Index Name": "idx_partsupp_partkey", "Startup Cost": 0.0, "Total Cost": 1.62, "Plan Rows": 3, "Plan Width": 0, "Index Cond": "(ps_partkey = part.p_partkey)"}]}]}]}]}, {"Node Type": "Bitmap Heap Scan", "Parent Relationship": "Inner", "Relation Name": "lineitem", "Alias": "lineitem", "Startup Cost": 0.41, "Total Cost": 4.42, "Plan Rows": 1, "Plan Width": 48, "Recheck Cond": "((l_partkey = partsupp.ps_partkey) AND (l_suppkey = partsupp.ps_suppkey))", "Plans": [{"Node Type": "Bitmap Index Scan", "Parent Relationship": "Outer", "Index Name": "idx_lineitem_part_supp", "Startup Cost": 0.0, "Total Cost": 0.41, "Plan Rows": 1, "Plan Width": 0, "Index Cond": "((l_partkey = partsupp.ps_partkey) AND (l_suppkey = partsupp.ps_suppkey))"}]}]}, {"Node Type": "Bitmap Heap Scan", "Parent Relationship": "Inner", "Relation Name": "orders", "Alias": "orders", "Startup Cost": 0.26, "Total Cost": 4.27, "Plan Rows": 1, "Plan Width": 16, "Recheck Cond": "(o_orderkey = lineitem.l_orderkey)", "Plans": [{"Node Type": "Bitmap Index Scan", "Parent Relationship": "Outer", "Index Name": "orders_pkey", "Startup Cost": 0.0, "Total Cost": 0.26, "Plan Rows": 1, "Plan Width": 0, "Index Cond": "(o_orderkey = lineitem.l_orderkey)"}]}]}, {"Node Type": "Seq Scan", "Parent Relationship": "Inner", "Relation Name": "nation", "Alias": "nation", "Startup Cost": 0.0, "Total Cost": 1.25, "Plan Rows": 25, "Plan Width": 30}]}]}]}, "Unique SQL Id": 3628361425}, "explain_analyze_plan": {"Plan": {"Node Type": "Aggregate", "Strategy": "Sorted", "Startup Cost": 1531825.78, "Total Cost": 1531825.81, "Plan Rows": 1, "Plan Width": 74, "Actual Startup Time": 86993.939, "Actual Total Time": 90024.757, "Actual Rows": 175, "Actual Loops": 1, "Group By Key": ["nation.n_name", "(date_part('year'::text, orders.o_orderdate))"], "Plans": [{"Node Type": "Sort", "Parent Relationship": "Outer", "Startup Cost": 1531825.78, "Total Cost": 1531825.78, "Plan Rows": 1, "Plan Width": 66, "Actual Startup Time": 86983.08, "Actual Total Time": 87707.046, "Actual Rows": 3256948, "Actual Loops": 1, "Sort Key": ["nation.n_name", "(date_part('year'::text, orders.o_orderdate)) DESC"], "Sort Method": "quicksort", "Sort Space Used": 607203, "Sort Space Type": "Memory", "Plans": [{"Node Type": "Nested Loop", "Parent Relationship": "Outer", "Join Type": "Inner", "Startup Cost": 971360.11, "Total Cost": 1531825.77, "Plan Rows": 1, "Plan Width": 66, "Actual Startup Time": 2412.667, "Actual Total Time": 81092.402, "Actual Rows": 3256948, "Actual Loops": 1, "Inner Unique": true, "Join Filter": "(supplier.s_nationkey = nation.n_nationkey)", "Rows Removed by Join Filter": 39103306, "Plans": [{"Node Type": "Nested Loop", "Parent Relationship": "Outer", "Join Type": "Inner", "Startup Cost": 971360.11, "Total Cost": 1531824.2, "Plan Rows": 1, "Plan Width": 44, "Actual Startup Time": 2412.612, "Actual Total Time": 50460.557, "Actual Rows": 3256948, "Actual Loops": 1, "Inner Unique": true, "Plans": [{"Node Type": "Nested Loop", "Parent Relationship": "Outer", "Join Type": "Inner", "Startup Cost": 971359.85, "Total Cost": 1531819.92, "Plan Rows": 1, "Plan Width": 44, "Actual Startup Time": 2412.551, "Actual Total Time": 18797.067, "Actual Rows": 3256948, "Actual Loops": 1, "Inner Unique": false, "Join Filter": "(supplier.s_suppkey = lineitem.l_suppkey)", "Rows Removed by Join Filter": 0, "Plans": [{"Node Type": "Merge Join", "Parent Relationship": "Outer", "Join Type": "Inner", "Startup Cost": 971359.44, "Total Cost": 974413.99, "Plan Rows": 125630, "Plan Width": 44, "Actual Startup Time": 2412.463, "Actual Total Time": 2893.179, "Actual Rows": 434204, "Actual Loops": 1, "Inner Unique": false, "Merge Cond": "(supplier.s_suppkey = partsupp.ps_suppkey)", "Plans": [{"Node Type": "Sort", "Parent Relationship": "Outer", "Startup Cost": 11587.82, "Total Cost": 11837.82, "Plan Rows": 100000, "Plan Width": 12, "Actual Startup Time": 64.189, "Actual Total Time": 90.162, "Actual Rows": 100000, "Actual Loops": 1, "Sort Key": ["supplier.s_suppkey"], "Sort Method": "quicksort", "Sort Space Used": 12448, "Sort Space Type": "Memory", "Plans": [{"Node Type": "Seq Scan", "Parent Relationship": "Outer", "Relation Name": "supplier", "Alias": "supplier", "Startup Cost": 0.0, "Total Cost": 3283.0, "Plan Rows": 100000, "Plan Width": 12, "Actual Startup Time": 0.022, "Actual Total Time": 33.665, "Actual Rows": 100000, "Actual Loops": 1}]}, {"Node Type": "Sort", "Parent Relationship": "Inner", "Startup Cost": 959771.6, "Total Cost": 960420.77, "Plan Rows": 259666, "Plan Width": 32, "Actual Startup Time": 2348.258, "Actual Total Time": 2524.859, "Actual Rows": 434204, "Actual Loops": 1, "Sort Key": ["partsupp.ps_suppkey"], "Sort Method": "quicksort", "Sort Space Used": 52995, "Sort Space Type": "Memory", "Plans": [{"Node Type": "Nested Loop", "Parent Relationship": "Outer", "Join Type": "Inner", "Startup Cost": 1.62, "Total Cost": 936419.45, "Plan Rows": 259666, "Plan Width": 32, "Actual Startup Time": 0.102, "Actual Total Time": 2180.908, "Actual Rows": 434204, "Actual Loops": 1, "Inner Unique": false, "Plans": [{"Node Type": "Seq Scan", "Parent Relationship": "Outer", "Relation Name": "part", "Alias": "part", "Startup Cost": 0.0, "Total Cost": 66944.0, "Plan Rows": 89888, "Plan Width": 8, "Actual Startup Time": 0.036, "Actual Total Time": 1035.056, "Actual Rows": 108551, "Actual Loops": 1, "Filter": "((p_name)::text ~~ '%dim%'::text)", "Rows Removed by Filter": 1891449}, {"Node Type": "Bitmap Heap Scan", "Parent Relationship": "Inner", "Relation Name": "partsupp", "Alias": "partsupp", "Startup Cost": 1.62, "Total Cost": 9.64, "Plan Rows": 3, "Plan Width": 24, "Actual Startup Time": 848.55, "Actual Total Time": 930.121, "Actual Rows": 434204, "Actual Loops": 108551, "Recheck Cond": "(ps_partkey = part.p_partkey)", "Rows Removed by Index Recheck": 0, "Exact Heap Blocks": 118409, "Lossy Heap Blocks": 118409, "Plans": [{"Node Type": "Bitmap Index Scan", "Parent Relationship": "Outer", "Index Name": "idx_partsupp_partkey", "Startup Cost": 0.0, "Total Cost": 1.62, "Plan Rows": 3, "Plan Width": 0, "Actual Startup Time": 420.651, "Actual Total Time": 420.651, "Actual Rows": 434204, "Actual Loops": 108551, "Index Cond": "(ps_partkey = part.p_partkey)"}]}]}]}]}, {"Node Type": "Bitmap Heap Scan", "Parent Relationship": "Inner", "Relation Name": "lineitem", "Alias": "lineitem", "Startup Cost": 0.41, "Total Cost": 4.42, "Plan Rows": 1, "Plan Width": 48, "Actual Startup Time": 5941.003, "Actual Total Time": 13884.223, "Actual Rows": 3256948, "Actual Loops": 434204, "Recheck Cond": "((l_partkey = partsupp.ps_partkey) AND (l_suppkey = partsupp.ps_suppkey))", "Rows Removed by Index Recheck": 0, "Exact Heap Blocks": 3256937, "Lossy Heap Blocks": 3256937, "Plans": [{"Node Type": "Bitmap Index Scan", "Parent Relationship": "Outer", "Index Name": "idx_lineitem_part_supp", "Startup Cost": 0.0, "Total Cost": 0.41, "Plan Rows": 1, "Plan Width": 0, "Actual Startup Time": 3928.171, "Actual Total Time": 3928.171, "Actual Rows": 3256948, "Actual Loops": 434204, "Index Cond": "((l_partkey = partsupp.ps_partkey) AND (l_suppkey = partsupp.ps_suppkey))"}]}]}, {"Node Type": "Bitmap Heap Scan", "Parent Relationship": "Inner", "Relation Name": "orders", "Alias": "orders", "Startup Cost": 0.26, "Total Cost": 4.27, "Plan Rows": 1, "Plan Width": 16, "Actual Startup Time": 27265.883, "Actual Total Time": 27265.883, "Actual Rows": 3256948, "Actual Loops": 3256948, "Recheck Cond": "(o_orderkey = lineitem.l_orderkey)", "Rows Removed by Index Recheck": 0, "Exact Heap Blocks": 3256948, "Lossy Heap Blocks": 3256948, "Plans": [{"Node Type": "Bitmap Index Scan", "Parent Relationship": "Outer", "Index Name": "orders_pkey", "Startup Cost": 0.0, "Total Cost": 0.26, "Plan Rows": 1, "Plan Width": 0, "Actual Startup Time": 17833.893, "Actual Total Time": 17833.893, "Actual Rows": 3256948, "Actual Loops": 3256948, "Index Cond": "(o_orderkey = lineitem.l_orderkey)"}]}]}, {"Node Type": "Seq Scan", "Parent Relationship": "Inner", "Relation Name": "nation", "Alias": "nation", "Startup Cost": 0.0, "Total Cost": 1.25, "Plan Rows": 25, "Plan Width": 30, "Actual Startup Time": 12482.661, "Actual Total Time": 16453.083, "Actual Rows": 42360254, "Actual Loops": 3256948}]}]}]}, "Triggers": [], "Planner Runtime": 23.118, "Total Runtime": 90031.829, "Unique SQL Id": 3628361425}}, "(1, 19)": {"explain_plan": {"Plan": {"Node Type": "Aggregate", "Strategy": "Sorted", "Startup Cost": 1000008167021.54, "Total Cost": 1000008167021.58, "Plan Rows": 1, "Plan Width": 74, "Group By Key": ["nation.n_name", "(date_part('year'::text, orders.o_orderdate))"], "Plans": [{"Node Type": "Sort", "Parent Relationship": "Outer", "Startup Cost": 1000008167021.54, "Total Cost": 1000008167021.55, "Plan Rows": 1, "Plan Width": 66, "Sort Key": ["nation.n_name", "(date_part('year'::text, orders.o_orderdate)) DESC"], "Plans": [{"Node Type": "Nested Loop", "Parent Relationship": "Outer", "Join Type": "Inner", "Startup Cost": 10000000002.75, "Total Cost": 1000008167021.53, "Plan Rows": 1, "Plan Width": 66, "Inner Unique": true, "Plans": [{"Node Type": "Nested Loop", "Parent Relationship": "Outer", "Join Type": "Inner", "Startup Cost": 10000000002.5, "Total Cost": 1000008167017.25, "Plan Rows": 1, "Plan Width": 44, "Inner Unique": true, "Plans": [{"Node Type": "Nested Loop", "Parent Relationship": "Outer", "Join Type": "Inner", "Startup Cost": 10000000002.24, "Total Cost": 1000008167012.96, "Plan Rows": 1, "Plan Width": 44, "Inner Unique": true, "Join Filter": "(partsupp.ps_partkey = part.p_partkey)", "Plans": [{"Node Type": "Nested Loop", "Parent Relationship": "Outer", "Join Type": "Inner", "Startup Cost": 10000000001.98, "Total Cost": 1000008166987.25, "Plan Rows": 6, "Plan Width": 60, "Inner Unique": false, "Join Filter": "(supplier.s_suppkey = lineitem.l_suppkey)", "Plans": [{"Node Type": "Nested Loop", "Parent Relationship": "Outer", "Join Type": "Inner", "Startup Cost": 10000000001.57, "Total Cost": 1000002201599.04, "Plan Rows": 1344499, "Plan Width": 36, "Inner Unique": false, "Plans": [{"Node Type": "Index Scan", "Parent Relationship": "Outer", "Scan Direction": "Forward", "Index Name": "idx_supplier_nation_key", "Relation Name": "supplier", "Alias": "supplier", "Startup Cost": 10000000000.0, "Total Cost": 1000001217556.78, "Plan Rows": 100000, "Plan Width": 12}, {"Node Type": "Bitmap Heap Scan", "Parent Relationship": "Inner", "Relation Name": "partsupp", "Alias": "partsupp", "Startup Cost": 1.57, "Total Cost": 9.71, "Plan Rows": 13, "Plan Width": 24, "Recheck Cond": "(ps_suppkey = supplier.s_suppkey)", "Plans": [{"Node Type": "Bitmap Index Scan", "Parent Relationship": "Outer", "Index Name": "idx_partsupp_suppkey", "Startup Cost": 0.0, "Total Cost": 1.56, "Plan Rows": 13, "Plan Width": 0, "Index Cond": "(ps_suppkey = supplier.s_suppkey)"}]}]}, {"Node Type": "Bitmap Heap Scan", "Parent Relationship": "Inner", "Relation Name": "lineitem", "Alias": "lineitem", "Startup Cost": 0.41, "Total Cost": 4.42, "Plan Rows": 1, "Plan Width": 48, "Recheck Cond": "((l_partkey = partsupp.ps_partkey) AND (l_suppkey = partsupp.ps_suppkey))", "Plans": [{"Node Type": "Bitmap Index Scan", "Parent Relationship": "Outer", "Index Name": "idx_lineitem_part_supp", "Startup Cost": 0.0, "Total Cost": 0.41, "Plan Rows": 1, "Plan Width": 0, "Index Cond": "((l_partkey = partsupp.ps_partkey) AND (l_suppkey = partsupp.ps_suppkey))"}]}]}, {"Node Type": "Bitmap Heap Scan", "Parent Relationship": "Inner", "Relation Name": "part", "Alias": "part", "Startup Cost": 0.26, "Total Cost": 4.27, "Plan Rows": 1, "Plan Width": 8, "Recheck Cond": "(p_partkey = lineitem.l_partkey)", "Filter": "((p_name)::text ~~ '%dim%'::text)", "Plans": [{"Node Type": "Bitmap Index Scan", "Parent Relationship": "Outer", "Index Name": "part_kpey", "Startup Cost": 0.0, "Total Cost": 0.26, "Plan Rows": 1, "Plan Width": 0, "Index Cond": "(p_partkey = lineitem.l_partkey)"}]}]}, {"Node Type": "Bitmap Heap Scan", "Parent Relationship": "Inner", "Relation Name": "orders", "Alias": "orders", "Startup Cost": 0.26, "Total Cost": 4.27, "Plan Rows": 1, "Plan Width": 16, "Recheck Cond": "(o_orderkey = lineitem.l_orderkey)", "Plans": [{"Node Type": "Bitmap Index Scan", "Parent Relationship": "Outer", "Index Name": "orders_pkey", "Startup Cost": 0.0, "Total Cost": 0.26, "Plan Rows": 1, "Plan Width": 0, "Index Cond": "(o_orderkey = lineitem.l_orderkey)"}]}]}, {"Node Type": "Bitmap Heap Scan", "Parent Relationship": "Inner", "Relation Name": "nation", "Alias": "nation", "Startup Cost": 0.26, "Total Cost": 4.27, "Plan Rows": 1, "Plan Width": 30, "Recheck Cond": "(n_nationkey = supplier.s_nationkey)", "Plans": [{"Node Type": "Bitmap Index Scan", "Parent Relationship": "Outer", "Index Name": "nation_pkey", "Startup Cost": 0.0, "Total Cost": 0.26, "Plan Rows": 1, "Plan Width": 0, "Index Cond": "(n_nationkey = supplier.s_nationkey)"}]}]}]}]}, "Unique SQL Id": 3628361425}, "explain_analyze_plan": null}, "(1, 20)": {"explain_plan": {"Plan": {"Node Type": "Aggregate", "Strategy": "Sorted", "Startup Cost": 685006.9, "Total Cost": 685006.94, "Plan Rows": 1, "Plan Width": 74, "Group By Key": ["nation.n_name", "(date_part('year'::text, orders.o_orderdate))"], "Plans": [{"Node Type": "Sort", "Parent Relationship": "Outer", "Startup Cost": 685006.9, "Total Cost": 685006.91, "Plan Rows": 1, "Plan Width": 66, "Sort Key": ["nation.n_name", "(date_part('year'::text, orders.o_orderdate)) DESC"], "Plans": [{"Node Type": "Nested Loop", "Parent Relationship": "Outer", "Join Type": "Inner", "Startup Cost": 533118.21, "Total Cost": 685006.89, "Plan Rows": 1, "Plan Width": 66, "Inner Unique": true, "Plans": [{"Node Type": "Nested Loop", "Parent Relationship": "Outer", "Join Type": "Inner", "Startup Cost": 533118.21, "Total Cost": 685006.61, "Plan Rows": 1, "Plan Width": 44, "Inner Unique": true, "Plans": [{"Node Type": "Nested Loop", "Parent Relationship": "Outer", "Join Type": "Inner", "Startup Cost": 533118.21, "Total Cost": 685006.31, "Plan Rows": 1, "Plan Width": 44, "Inner Unique": false, "Join Filter": "(supplier.s_suppkey = lineitem.l_suppkey)", "Plans": [{"Node Type": "Merge Join", "Parent Relationship": "Outer", "Join Type": "Inner", "Startup Cost": 533118.21, "Total Cost": 541257.3, "Plan Rows": 125630, "Plan Width": 44, "Inner Unique": false, "Merge Cond": "(supplier.s_suppkey = partsupp.ps_suppkey)", "Plans": [{"Node Type": "Index Scan", "Parent Relationship": "Outer", "Scan Direction": "Forward", "Index Name": "supplier_pkey", "Relation Name": "supplier", "Alias": "supplier", "Startup Cost": 0.0, "Total Cost": 5334.54, "Plan Rows": 100000, "Plan Width": 12}, {"Node Type": "Sort", "Parent Relationship": "Inner", "Startup Cost": 533118.19, "Total Cost": 533767.36, "Plan Rows": 259666, "Plan Width": 32, "Sort Key": ["partsupp.ps_suppkey"], "Plans": [{"Node Type": "Nested Loop", "Parent Relationship": "Outer", "Join Type": "Inner", "Startup Cost": 0.0, "Total Cost": 509766.04, "Plan Rows": 259666, "Plan Width": 32, "Inner Unique": false, "Plans": [{"Node Type": "Seq Scan", "Parent Relationship": "Outer", "Relation Name": "part", "Alias": "part", "Startup Cost": 0.0, "Total Cost": 66944.0, "Plan Rows": 89888, "Plan Width": 8, "Filter": "((p_name)::text ~~ '%dim%'::text)"}, {"Node Type": "Index Scan", "Parent Relationship": "Inner", "Scan Direction": "Forward", "Index Name": "idx_partsupp_partkey", "Relation Name": "partsupp", "Alias": "partsupp", "Startup Cost": 0.0, "Total Cost": 4.9, "Plan Rows": 3, "Plan Width": 24, "Index Cond": "(ps_partkey = part.p_partkey)"}]}]}]}, {"Node Type": "Index Scan", "Parent Relationship": "Inner", "Scan Direction": "Forward", "Index Name": "idx_lineitem_part_supp", "Relation Name": "lineitem", "Alias": "lineitem", "Startup Cost": 0.0, "Total Cost": 1.13, "Plan Rows": 1, "Plan Width": 48, "Index Cond": "((l_partkey = partsupp.ps_partkey) AND (l_suppkey = partsupp.ps_suppkey))"}]}, {"Node Type": "Index Scan", "Parent Relationship": "Inner", "Scan Direction": "Forward", "Index Name": "orders_pkey", "Relation Name": "orders", "Alias": "orders", "Startup Cost": 0.0, "Total Cost": 0.29, "Plan Rows": 1, "Plan Width": 16, "Index Cond": "(o_orderkey = lineitem.l_orderkey)"}]}, {"Node Type": "Index Scan", "Parent Relationship": "Inner", "Scan Direction": "Forward", "Index Name": "nation_pkey", "Relation Name": "nation", "Alias": "nation", "Startup Cost": 0.0, "Total Cost": 0.27, "Plan Rows": 1, "Plan Width": 30, "Index Cond": "(n_nationkey = supplier.s_nationkey)"}]}]}]}, "Unique SQL Id": 3628361425}, "explain_analyze_plan": {"Plan": {"Node Type": "Aggregate", "Strategy": "Sorted", "Startup Cost": 685006.9, "Total Cost": 685006.94, "Plan Rows": 1, "Plan Width": 74, "Actual Startup Time": 54410.031, "Actual Total Time": 57527.047, "Actual Rows": 175, "Actual Loops": 1, "Group By Key": ["nation.n_name", "(date_part('year'::text, orders.o_orderdate))"], "Plans": [{"Node Type": "Sort", "Parent Relationship": "Outer", "Startup Cost": 685006.9, "Total Cost": 685006.91, "Plan Rows": 1, "Plan Width": 66, "Actual Startup Time": 54399.238, "Actual Total Time": 55187.55, "Actual Rows": 3256948, "Actual Loops": 1, "Sort Key": ["nation.n_name", "(date_part('year'::text, orders.o_orderdate)) DESC"], "Sort Method": "quicksort", "Sort Space Used": 607203, "Sort Space Type": "Memory", "Plans": [{"Node Type": "Nested Loop", "Parent Relationship": "Outer", "Join Type": "Inner", "Startup Cost": 533118.21, "Total Cost": 685006.89, "Plan Rows": 1, "Plan Width": 66, "Actual Startup Time": 2002.136, "Actual Total Time": 49120.694, "Actual Rows": 3256948, "Actual Loops": 1, "Inner Unique": true, "Plans": [{"Node Type": "Nested Loop", "Parent Relationship": "Outer", "Join Type": "Inner", "Startup Cost": 533118.21, "Total Cost": 685006.61, "Plan Rows": 1, "Plan Width": 44, "Actual Startup Time": 2001.941, "Actual Total Time": 40545.539, "Actual Rows": 3256948, "Actual Loops": 1, "Inner Unique": true, "Plans": [{"Node Type": "Nested Loop", "Parent Relationship": "Outer", "Join Type": "Inner", "Startup Cost": 533118.21, "Total Cost": 685006.31, "Plan Rows": 1, "Plan Width": 44, "Actual Startup Time": 2001.913, "Actual Total Time": 15084.562, "Actual Rows": 3256948, "Actual Loops": 1, "Inner Unique": false, "Join Filter": "(supplier.s_suppkey = lineitem.l_suppkey)", "Rows Removed by Join Filter": 0, "Plans": [{"Node Type": "Merge Join", "Parent Relationship": "Outer", "Join Type": "Inner", "Startup Cost": 533118.21, "Total Cost": 541257.3, "Plan Rows": 125630, "Plan Width": 44, "Actual Startup Time": 2001.85, "Actual Total Time": 2474.365, "Actual Rows": 434204, "Actual Loops": 1, "Inner Unique": false, "Merge Cond": "(supplier.s_suppkey = partsupp.ps_suppkey)", "Plans": [{"Node Type": "Index Scan", "Parent Relationship": "Outer", "Scan Direction": "Forward", "Index Name": "supplier_pkey", "Relation Name": "supplier", "Alias": "supplier", "Startup Cost": 0.0, "Total Cost": 5334.54, "Plan Rows": 100000, "Plan Width": 12, "Actual Startup Time": 0.027, "Actual Total Time": 84.668, "Actual Rows": 100000, "Actual Loops": 1}, {"Node Type": "Sort", "Parent Relationship": "Inner", "Startup Cost": 533118.19, "Total Cost": 533767.36, "Plan Rows": 259666, "Plan Width": 32, "Actual Startup Time": 2001.81, "Actual Total Time": 2146.831, "Actual Rows": 434204, "Actual Loops": 1, "Sort Key": ["partsupp.ps_suppkey"], "Sort Method": "quicksort", "Sort Space Used": 52995, "Sort Space Type": "Memory", "Plans": [{"Node Type": "Nested Loop", "Parent Relationship": "Outer", "Join Type": "Inner", "Startup Cost": 0.0, "Total Cost": 509766.04, "Plan Rows": 259666, "Plan Width": 32, "Actual Startup Time": 0.037, "Actual Total Time": 1827.472, "Actual Rows": 434204, "Actual Loops": 1, "Inner Unique": false, "Plans": [{"Node Type": "Seq Scan", "Parent Relationship": "Outer", "Relation Name": "part", "Alias": "part", "Startup Cost": 0.0, "Total Cost": 66944.0, "Plan Rows": 89888, "Plan Width": 8, "Actual Startup Time": 0.026, "Actual Total Time": 988.932, "Actual Rows": 108551, "Actual Loops": 1, "Filter": "((p_name)::text ~~ '%dim%'::text)", "Rows Removed by Filter": 1891449}, {"Node Type": "Index Scan", "Parent Relationship": "Inner", "Scan Direction": "Forward", "Index Name": "idx_partsupp_partkey", "Relation Name": "partsupp", "Alias": "partsupp", "Startup Cost": 0.0, "Total Cost": 4.9, "Plan Rows": 3, "Plan Width": 24, "Actual Startup Time": 486.397, "Actual Total Time": 686.204, "Actual Rows": 434204, "Actual Loops": 108551, "Index Cond": "(ps_partkey = part.p_partkey)", "Rows Removed by Index Recheck": 0}]}]}]}, {"Node Type": "Index Scan", "Parent Relationship": "Inner", "Scan Direction": "Forward", "Index Name": "idx_lineitem_part_supp", "Relation Name": "lineitem", "Alias": "lineitem", "Startup Cost": 0.0, "Total Cost": 1.13, "Plan Rows": 1, "Plan Width": 48, "Actual Startup Time": 4012.701, "Actual Total Time": 10962.364, "Actual Rows": 3256948, "Actual Loops": 434204, "Index Cond": "((l_partkey = partsupp.ps_partkey) AND (l_suppkey = partsupp.ps_suppkey))", "Rows Removed by Index Recheck": 0}]}, {"Node Type": "Index Scan", "Parent Relationship": "Inner", "Scan Direction": "Forward", "Index Name": "orders_pkey", "Relation Name": "orders", "Alias": "orders", "Startup Cost": 0.0, "Total Cost": 0.29, "Plan Rows": 1, "Plan Width": 16, "Actual Startup Time": 22678.508, "Actual Total Time": 22678.508, "Actual Rows": 3256948, "Actual Loops": 3256948, "Index Cond": "(o_orderkey = lineitem.l_orderkey)", "Rows Removed by Index Recheck": 0}]}, {"Node Type": "Index Scan", "Parent Relationship": "Inner", "Scan Direction": "Forward", "Index Name": "nation_pkey", "Relation Name": "nation", "Alias": "nation", "Startup Cost": 0.0, "Total Cost": 0.27, "Plan Rows": 1, "Plan Width": 30, "Actual Startup Time": 4489.403, "Actual Total Time": 4489.403, "Actual Rows": 3256948, "Actual Loops": 3256948, "Index Cond": "(n_nationkey = supplier.s_nationkey)", "Rows Removed by Index Recheck": 0}]}]}]}, "Triggers": [], "Planner Runtime": 26.577, "Total Runtime": 57533.592, "Unique SQL Id": 3628361425}}, "(1, 21)": {"explain_plan": {"Plan": {"Node Type": "Aggregate", "Strategy": "Sorted", "Startup Cost": 723866.15, "Total Cost": 723866.19, "Plan Rows": 1, "Plan Width": 74, "Group By Key": ["nation.n_name", "(date_part('year'::text, orders.o_orderdate))"], "Plans": [{"Node Type": "Sort", "Parent Relationship": "Outer", "Startup Cost": 723866.15, "Total Cost": 723866.16, "Plan Rows": 1, "Plan Width": 66, "Sort Key": ["nation.n_name", "(date_part('year'::text, orders.o_orderdate)) DESC"], "Plans": [{"Node Type": "Nested Loop", "Parent Relationship": "Outer", "Join Type": "Inner", "Startup Cost": 571977.46, "Total Cost": 723866.14, "Plan Rows": 1, "Plan Width": 66, "Inner Unique": true, "Plans": [{"Node Type": "Nested Loop", "Parent Relationship": "Outer", "Join Type": "Inner", "Startup Cost": 571977.46, "Total Cost": 723865.86, "Plan Rows": 1, "Plan Width": 44, "Inner Unique": true, "Plans": [{"Node Type": "Nested Loop", "Parent Relationship": "Outer", "Join Type": "Inner", "Startup Cost": 571977.46, "Total Cost": 723865.56, "Plan Rows": 1, "Plan Width": 44, "Inner Unique": false, "Join Filter": "(supplier.s_suppkey = lineitem.l_suppkey)", "Plans": [{"Node Type": "Merge Join", "Parent Relationship": "Outer", "Join Type": "Inner", "Startup Cost": 571977.46, "Total Cost": 580116.55, "Plan Rows": 125630, "Plan Width": 44, "Inner Unique": false, "Merge Cond": "(supplier.s_suppkey = partsupp.ps_suppkey)", "Plans": [{"Node Type": "Index Scan", "Parent Relationship": "Outer", "Scan Direction": "Forward", "Index Name": "supplier_pkey", "Relation Name": "supplier", "Alias": "supplier", "Startup Cost": 0.0, "Total Cost": 5334.54, "Plan Rows": 100000, "Plan Width": 12}, {"Node Type": "Sort", "Parent Relationship": "Inner", "Startup Cost": 571977.44, "Total Cost": 572626.61, "Plan Rows": 259666, "Plan Width": 32, "Sort Key": ["partsupp.ps_suppkey"], "Plans": [{"Node Type": "Nested Loop", "Parent Relationship": "Outer", "Join Type": "Inner", "Startup Cost": 0.0, "Total Cost": 548625.29, "Plan Rows": 259666, "Plan Width": 32, "Inner Unique": false, "Plans": [{"Node Type": "Index Scan", "Parent Relationship": "Outer", "Scan Direction": "Forward", "Index Name": "part_kpey", "Relation Name": "part", "Alias": "part", "Startup Cost": 0.0, "Total Cost": 105803.25, "Plan Rows": 89888, "Plan Width": 8, "Filter": "((p_name)::text ~~ '%dim%'::text)"}, {"Node Type": "Index Scan", "Parent Relationship": "Inner", "Scan Direction": "Forward", "Index Name": "idx_partsupp_partkey", "Relation Name": "partsupp", "Alias": "partsupp", "Startup Cost": 0.0, "Total Cost": 4.9, "Plan Rows": 3, "Plan Width": 24, "Index Cond": "(ps_partkey = part.p_partkey)"}]}]}]}, {"Node Type": "Index Scan", "Parent Relationship": "Inner", "Scan Direction": "Forward", "Index Name": "idx_lineitem_part_supp", "Relation Name": "lineitem", "Alias": "lineitem", "Startup Cost": 0.0, "Total Cost": 1.13, "Plan Rows": 1, "Plan Width": 48, "Index Cond": "((l_partkey = partsupp.ps_partkey) AND (l_suppkey = partsupp.ps_suppkey))"}]}, {"Node Type": "Index Scan", "Parent Relationship": "Inner", "Scan Direction": "Forward", "Index Name": "orders_pkey", "Relation Name": "orders", "Alias": "orders", "Startup Cost": 0.0, "Total Cost": 0.29, "Plan Rows": 1, "Plan Width": 16, "Index Cond": "(o_orderkey = lineitem.l_orderkey)"}]}, {"Node Type": "Index Scan", "Parent Relationship": "Inner", "Scan Direction": "Forward", "Index Name": "nation_pkey", "Relation Name": "nation", "Alias": "nation", "Startup Cost": 0.0, "Total Cost": 0.27, "Plan Rows": 1, "Plan Width": 30, "Index Cond": "(n_nationkey = supplier.s_nationkey)"}]}]}]}, "Unique SQL Id": 3628361425}, "explain_analyze_plan": {"Plan": {"Node Type": "Aggregate", "Strategy": "Sorted", "Startup Cost": 723866.15, "Total Cost": 723866.19, "Plan Rows": 1, "Plan Width": 74, "Actual Startup Time": 57402.875, "Actual Total Time": 60508.83, "Actual Rows": 175, "Actual Loops": 1, "Group By Key": ["nation.n_name", "(date_part('year'::text, orders.o_orderdate))"], "Plans": [{"Node Type": "Sort", "Parent Relationship": "Outer", "Startup Cost": 723866.15, "Total Cost": 723866.16, "Plan Rows": 1, "Plan Width": 66, "Actual Startup Time": 57391.553, "Actual Total Time": 58143.098, "Actual Rows": 3256948, "Actual Loops": 1, "Sort Key": ["nation.n_name", "(date_part('year'::text, orders.o_orderdate)) DESC"], "Sort Method": "quicksort", "Sort Space Used": 607203, "Sort Space Type": "Memory", "Plans": [{"Node Type": "Nested Loop", "Parent Relationship": "Outer", "Join Type": "Inner", "Startup Cost": 571977.46, "Total Cost": 723866.14, "Plan Rows": 1, "Plan Width": 66, "Actual Startup Time": 2699.003, "Actual Total Time": 51902.529, "Actual Rows": 3256948, "Actual Loops": 1, "Inner Unique": true, "Plans": [{"Node Type": "Nested Loop", "Parent Relationship": "Outer", "Join Type": "Inner", "Startup Cost": 571977.46, "Total Cost": 723865.86, "Plan Rows": 1, "Plan Width": 44, "Actual Startup Time": 2698.975, "Actual Total Time": 43378.566, "Actual Rows": 3256948, "Actual Loops": 1, "Inner Unique": true, "Plans": [{"Node Type": "Nested Loop", "Parent Relationship": "Outer", "Join Type": "Inner", "Startup Cost": 571977.46, "Total Cost": 723865.56, "Plan Rows": 1, "Plan Width": 44, "Actual Startup Time": 2698.955, "Actual Total Time": 16382.08, "Actual Rows": 3256948, "Actual Loops": 1, "Inner Unique": false, "Join Filter": "(supplier.s_suppkey = lineitem.l_suppkey)", "Rows Removed by Join Filter": 0, "Plans": [{"Node Type": "Merge Join", "Parent Relationship": "Outer", "Join Type": "Inner", "Startup Cost": 571977.46, "Total Cost": 580116.55, "Plan Rows": 125630, "Plan Width": 44, "Actual Startup Time": 2698.878, "Actual Total Time": 3164.046, "Actual Rows": 434204, "Actual Loops": 1, "Inner Unique": false, "Merge Cond": "(supplier.s_suppkey = partsupp.ps_suppkey)", "Plans": [{"Node Type": "Index Scan", "Parent Relationship": "Outer", "Scan Direction": "Forward", "Index Name": "supplier_pkey", "Relation Name": "supplier", "Alias": "supplier", "Startup Cost": 0.0, "Total Cost": 5334.54, "Plan Rows": 100000, "Plan Width": 12, "Actual Startup Time": 0.026, "Actual Total Time": 87.242, "Actual Rows": 100000, "Actual Loops": 1}, {"Node Type": "Sort", "Parent Relationship": "Inner", "Startup Cost": 571977.44, "Total Cost": 572626.61, "Plan Rows": 259666, "Plan Width": 32, "Actual Startup Time": 2698.835, "Actual Total Time": 2848.728, "Actual Rows": 434204, "Actual Loops": 1, "Sort Key": ["partsupp.ps_suppkey"], "Sort Method": "quicksort", "Sort Space Used": 52995, "Sort Space Type": "Memory", "Plans": [{"Node Type": "Nested Loop", "Parent Relationship": "Outer", "Join Type": "Inner", "Startup Cost": 0.0, "Total Cost": 548625.29, "Plan Rows": 259666, "Plan Width": 32, "Actual Startup Time": 0.041, "Actual Total Time": 2527.699, "Actual Rows": 434204, "Actual Loops": 1, "Inner Unique": false, "Plans": [{"Node Type": "Index Scan", "Parent Relationship": "Outer", "Scan Direction": "Forward", "Index Name": "part_kpey", "Relation Name": "part", "Alias": "part", "Startup Cost": 0.0, "Total Cost": 105803.25, "Plan Rows": 89888, "Plan Width": 8, "Actual Startup Time": 0.031, "Actual Total Time": 1605.394, "Actual Rows": 108551, "Actual Loops": 1, "Filter": "((p_name)::text ~~ '%dim%'::text)", "Rows Removed by Filter": 1891449}, {"Node Type": "Index Scan", "Parent Relationship": "Inner", "Scan Direction": "Forward", "Index Name": "idx_partsupp_partkey", "Relation Name": "partsupp", "Alias": "partsupp", "Startup Cost": 0.0, "Total Cost": 4.9, "Plan Rows": 3, "Plan Width": 24, "Actual Startup Time": 546.863, "Actual Total Time": 770.605, "Actual Rows": 434204, "Actual Loops": 108551, "Index Cond": "(ps_partkey = part.p_partkey)", "Rows Removed by Index Recheck": 0}]}]}]}, {"Node Type": "Index Scan", "Parent Relationship": "Inner", "Scan Direction": "Forward", "Index Name": "idx_lineitem_part_supp", "Relation Name": "lineitem", "Alias": "lineitem", "Startup Cost": 0.0, "Total Cost": 1.13, "Plan Rows": 1, "Plan Width": 48, "Actual Startup Time": 4136.421, "Actual Total Time": 11612.148, "Actual Rows": 3256948, "Actual Loops": 434204, "Index Cond": "((l_partkey = partsupp.ps_partkey) AND (l_suppkey = partsupp.ps_suppkey))", "Rows Removed by Index Recheck": 0}]}, {"Node Type": "Index Scan", "Parent Relationship": "Inner", "Scan Direction": "Forward", "Index Name": "orders_pkey", "Relation Name": "orders", "Alias": "orders", "Startup Cost": 0.0, "Total Cost": 0.29, "Plan Rows": 1, "Plan Width": 16, "Actual Startup Time": 24192.529, "Actual Total Time": 24192.529, "Actual Rows": 3256948, "Actual Loops": 3256948, "Index Cond": "(o_orderkey = lineitem.l_orderkey)", "Rows Removed by Index Recheck": 0}]}, {"Node Type": "Index Scan", "Parent Relationship": "Inner", "Scan Direction": "Forward", "Index Name": "nation_pkey", "Relation Name": "nation", "Alias": "nation", "Startup Cost": 0.0, "Total Cost": 0.27, "Plan Rows": 1, "Plan Width": 30, "Actual Startup Time": 4459.822, "Actual Total Time": 4459.822, "Actual Rows": 3256948, "Actual Loops": 3256948, "Index Cond": "(n_nationkey = supplier.s_nationkey)", "Rows Removed by Index Recheck": 0}]}]}]}, "Triggers": [], "Planner Runtime": 26.208, "Total Runtime": 60516.121, "Unique SQL Id": 3628361425}}, "(1, 22)": {"explain_plan": {"Plan": {"Node Type": "Aggregate", "Strategy": "Sorted", "Startup Cost": 1531825.78, "Total Cost": 1531825.81, "Plan Rows": 1, "Plan Width": 74, "Group By Key": ["nation.n_name", "(date_part('year'::text, orders.o_orderdate))"], "Plans": [{"Node Type": "Sort", "Parent Relationship": "Outer", "Startup Cost": 1531825.78, "Total Cost": 1531825.78, "Plan Rows": 1, "Plan Width": 66, "Sort Key": ["nation.n_name", "(date_part('year'::text, orders.o_orderdate)) DESC"], "Plans": [{"Node Type": "Nested Loop", "Parent Relationship": "Outer", "Join Type": "Inner", "Startup Cost": 971360.11, "Total Cost": 1531825.77, "Plan Rows": 1, "Plan Width": 66, "Inner Unique": true, "Join Filter": "(supplier.s_nationkey = nation.n_nationkey)", "Plans": [{"Node Type": "Nested Loop", "Parent Relationship": "Outer", "Join Type": "Inner", "Startup Cost": 971360.11, "Total Cost": 1531824.2, "Plan Rows": 1, "Plan Width": 44, "Inner Unique": true, "Plans": [{"Node Type": "Nested Loop", "Parent Relationship": "Outer", "Join Type": "Inner", "Startup Cost": 971359.85, "Total Cost": 1531819.92, "Plan Rows": 1, "Plan Width": 44, "Inner Unique": false, "Join Filter": "(supplier.s_suppkey = lineitem.l_suppkey)", "Plans": [{"Node Type": "Merge Join", "Parent Relationship": "Outer", "Join Type": "Inner", "Startup Cost": 971359.44, "Total Cost": 974413.99, "Plan Rows": 125630, "Plan Width": 44, "Inner Unique": false, "Merge Cond": "(supplier.s_suppkey = partsupp.ps_suppkey)", "Plans": [{"Node Type": "Sort", "Parent Relationship": "Outer", "Startup Cost": 11587.82, "Total Cost": 11837.82, "Plan Rows": 100000, "Plan Width": 12, "Sort Key": ["supplier.s_suppkey"], "Plans": [{"Node Type": "Seq Scan", "Parent Relationship": "Outer", "Relation Name": "supplier", "Alias": "supplier", "Startup Cost": 0.0, "Total Cost": 3283.0, "Plan Rows": 100000, "Plan Width": 12}]}, {"Node Type": "Sort", "Parent Relationship": "Inner", "Startup Cost": 959771.6, "Total Cost": 960420.77, "Plan Rows": 259666, "Plan Width": 32, "Sort Key": ["partsupp.ps_suppkey"], "Plans": [{"Node Type": "Nested Loop", "Parent Relationship": "Outer", "Join Type": "Inner", "Startup Cost": 1.62, "Total Cost": 936419.45, "Plan Rows": 259666, "Plan Width": 32, "Inner Unique": false, "Plans": [{"Node Type": "Seq Scan", "Parent Relationship": "Outer", "Relation Name": "part", "Alias": "part", "Startup Cost": 0.0, "Total Cost": 66944.0, "Plan Rows": 89888, "Plan Width": 8, "Filter": "((p_name)::text ~~ '%dim%'::text)"}, {"Node Type": "Bitmap Heap Scan", "Parent Relationship": "Inner", "Relation Name": "partsupp", "Alias": "partsupp", "Startup Cost": 1.62, "Total Cost": 9.64, "Plan Rows": 3, "Plan Width": 24, "Recheck Cond": "(ps_partkey = part.p_partkey)", "Plans": [{"Node Type": "Bitmap Index Scan", "Parent Relationship": "Outer", "Index Name": "idx_partsupp_partkey", "Startup Cost": 0.0, "Total Cost": 1.62, "Plan Rows": 3, "Plan Width": 0, "Index Cond": "(ps_partkey = part.p_partkey)"}]}]}]}]}, {"Node Type": "Bitmap Heap Scan", "Parent Relationship": "Inner", "Relation Name": "lineitem", "Alias": "lineitem", "Startup Cost": 0.41, "Total Cost": 4.42, "Plan Rows": 1, "Plan Width": 48, "Recheck Cond": "((l_partkey = partsupp.ps_partkey) AND (l_suppkey = partsupp.ps_suppkey))", "Plans": [{"Node Type": "Bitmap Index Scan", "Parent Relationship": "Outer", "Index Name": "idx_lineitem_part_supp", "Startup Cost": 0.0, "Total Cost": 0.41, "Plan Rows": 1, "Plan Width": 0, "Index Cond": "((l_partkey = partsupp.ps_partkey) AND (l_suppkey = partsupp.ps_suppkey))"}]}]}, {"Node Type": "Bitmap Heap Scan", "Parent Relationship": "Inner", "Relation Name": "orders", "Alias": "orders", "Startup Cost": 0.26, "Total Cost": 4.27, "Plan Rows": 1, "Plan Width": 16, "Recheck Cond": "(o_orderkey = lineitem.l_orderkey)", "Plans": [{"Node Type": "Bitmap Index Scan", "Parent Relationship": "Outer", "Index Name": "orders_pkey", "Startup Cost": 0.0, "Total Cost": 0.26, "Plan Rows": 1, "Plan Width": 0, "Index Cond": "(o_orderkey = lineitem.l_orderkey)"}]}]}, {"Node Type": "Seq Scan", "Parent Relationship": "Inner", "Relation Name": "nation", "Alias": "nation", "Startup Cost": 0.0, "Total Cost": 1.25, "Plan Rows": 25, "Plan Width": 30}]}]}]}, "Unique SQL Id": 3628361425}, "explain_analyze_plan": {"Plan": {"Node Type": "Aggregate", "Strategy": "Sorted", "Startup Cost": 1531825.78, "Total Cost": 1531825.81, "Plan Rows": 1, "Plan Width": 74, "Actual Startup Time": 86993.939, "Actual Total Time": 90024.757, "Actual Rows": 175, "Actual Loops": 1, "Group By Key": ["nation.n_name", "(date_part('year'::text, orders.o_orderdate))"], "Plans": [{"Node Type": "Sort", "Parent Relationship": "Outer", "Startup Cost": 1531825.78, "Total Cost": 1531825.78, "Plan Rows": 1, "Plan Width": 66, "Actual Startup Time": 86983.08, "Actual Total Time": 87707.046, "Actual Rows": 3256948, "Actual Loops": 1, "Sort Key": ["nation.n_name", "(date_part('year'::text, orders.o_orderdate)) DESC"], "Sort Method": "quicksort", "Sort Space Used": 607203, "Sort Space Type": "Memory", "Plans": [{"Node Type": "Nested Loop", "Parent Relationship": "Outer", "Join Type": "Inner", "Startup Cost": 971360.11, "Total Cost": 1531825.77, "Plan Rows": 1, "Plan Width": 66, "Actual Startup Time": 2412.667, "Actual Total Time": 81092.402, "Actual Rows": 3256948, "Actual Loops": 1, "Inner Unique": true, "Join Filter": "(supplier.s_nationkey = nation.n_nationkey)", "Rows Removed by Join Filter": 39103306, "Plans": [{"Node Type": "Nested Loop", "Parent Relationship": "Outer", "Join Type": "Inner", "Startup Cost": 971360.11, "Total Cost": 1531824.2, "Plan Rows": 1, "Plan Width": 44, "Actual Startup Time": 2412.612, "Actual Total Time": 50460.557, "Actual Rows": 3256948, "Actual Loops": 1, "Inner Unique": true, "Plans": [{"Node Type": "Nested Loop", "Parent Relationship": "Outer", "Join Type": "Inner", "Startup Cost": 971359.85, "Total Cost": 1531819.92, "Plan Rows": 1, "Plan Width": 44, "Actual Startup Time": 2412.551, "Actual Total Time": 18797.067, "Actual Rows": 3256948, "Actual Loops": 1, "Inner Unique": false, "Join Filter": "(supplier.s_suppkey = lineitem.l_suppkey)", "Rows Removed by Join Filter": 0, "Plans": [{"Node Type": "Merge Join", "Parent Relationship": "Outer", "Join Type": "Inner", "Startup Cost": 971359.44, "Total Cost": 974413.99, "Plan Rows": 125630, "Plan Width": 44, "Actual Startup Time": 2412.463, "Actual Total Time": 2893.179, "Actual Rows": 434204, "Actual Loops": 1, "Inner Unique": false, "Merge Cond": "(supplier.s_suppkey = partsupp.ps_suppkey)", "Plans": [{"Node Type": "Sort", "Parent Relationship": "Outer", "Startup Cost": 11587.82, "Total Cost": 11837.82, "Plan Rows": 100000, "Plan Width": 12, "Actual Startup Time": 64.189, "Actual Total Time": 90.162, "Actual Rows": 100000, "Actual Loops": 1, "Sort Key": ["supplier.s_suppkey"], "Sort Method": "quicksort", "Sort Space Used": 12448, "Sort Space Type": "Memory", "Plans": [{"Node Type": "Seq Scan", "Parent Relationship": "Outer", "Relation Name": "supplier", "Alias": "supplier", "Startup Cost": 0.0, "Total Cost": 3283.0, "Plan Rows": 100000, "Plan Width": 12, "Actual Startup Time": 0.022, "Actual Total Time": 33.665, "Actual Rows": 100000, "Actual Loops": 1}]}, {"Node Type": "Sort", "Parent Relationship": "Inner", "Startup Cost": 959771.6, "Total Cost": 960420.77, "Plan Rows": 259666, "Plan Width": 32, "Actual Startup Time": 2348.258, "Actual Total Time": 2524.859, "Actual Rows": 434204, "Actual Loops": 1, "Sort Key": ["partsupp.ps_suppkey"], "Sort Method": "quicksort", "Sort Space Used": 52995, "Sort Space Type": "Memory", "Plans": [{"Node Type": "Nested Loop", "Parent Relationship": "Outer", "Join Type": "Inner", "Startup Cost": 1.62, "Total Cost": 936419.45, "Plan Rows": 259666, "Plan Width": 32, "Actual Startup Time": 0.102, "Actual Total Time": 2180.908, "Actual Rows": 434204, "Actual Loops": 1, "Inner Unique": false, "Plans": [{"Node Type": "Seq Scan", "Parent Relationship": "Outer", "Relation Name": "part", "Alias": "part", "Startup Cost": 0.0, "Total Cost": 66944.0, "Plan Rows": 89888, "Plan Width": 8, "Actual Startup Time": 0.036, "Actual Total Time": 1035.056, "Actual Rows": 108551, "Actual Loops": 1, "Filter": "((p_name)::text ~~ '%dim%'::text)", "Rows Removed by Filter": 1891449}, {"Node Type": "Bitmap Heap Scan", "Parent Relationship": "Inner", "Relation Name": "partsupp", "Alias": "partsupp", "Startup Cost": 1.62, "Total Cost": 9.64, "Plan Rows": 3, "Plan Width": 24, "Actual Startup Time": 848.55, "Actual Total Time": 930.121, "Actual Rows": 434204, "Actual Loops": 108551, "Recheck Cond": "(ps_partkey = part.p_partkey)", "Rows Removed by Index Recheck": 0, "Exact Heap Blocks": 118409, "Lossy Heap Blocks": 118409, "Plans": [{"Node Type": "Bitmap Index Scan", "Parent Relationship": "Outer", "Index Name": "idx_partsupp_partkey", "Startup Cost": 0.0, "Total Cost": 1.62, "Plan Rows": 3, "Plan Width": 0, "Actual Startup Time": 420.651, "Actual Total Time": 420.651, "Actual Rows": 434204, "Actual Loops": 108551, "Index Cond": "(ps_partkey = part.p_partkey)"}]}]}]}]}, {"Node Type": "Bitmap Heap Scan", "Parent Relationship": "Inner", "Relation Name": "lineitem", "Alias": "lineitem", "Startup Cost": 0.41, "Total Cost": 4.42, "Plan Rows": 1, "Plan Width": 48, "Actual Startup Time": 5941.003, "Actual Total Time": 13884.223, "Actual Rows": 3256948, "Actual Loops": 434204, "Recheck Cond": "((l_partkey = partsupp.ps_partkey) AND (l_suppkey = partsupp.ps_suppkey))", "Rows Removed by Index Recheck": 0, "Exact Heap Blocks": 3256937, "Lossy Heap Blocks": 3256937, "Plans": [{"Node Type": "Bitmap Index Scan", "Parent Relationship": "Outer", "Index Name": "idx_lineitem_part_supp", "Startup Cost": 0.0, "Total Cost": 0.41, "Plan Rows": 1, "Plan Width": 0, "Actual Startup Time": 3928.171, "Actual Total Time": 3928.171, "Actual Rows": 3256948, "Actual Loops": 434204, "Index Cond": "((l_partkey = partsupp.ps_partkey) AND (l_suppkey = partsupp.ps_suppkey))"}]}]}, {"Node Type": "Bitmap Heap Scan", "Parent Relationship": "Inner", "Relation Name": "orders", "Alias": "orders", "Startup Cost": 0.26, "Total Cost": 4.27, "Plan Rows": 1, "Plan Width": 16, "Actual Startup Time": 27265.883, "Actual Total Time": 27265.883, "Actual Rows": 3256948, "Actual Loops": 3256948, "Recheck Cond": "(o_orderkey = lineitem.l_orderkey)", "Rows Removed by Index Recheck": 0, "Exact Heap Blocks": 3256948, "Lossy Heap Blocks": 3256948, "Plans": [{"Node Type": "Bitmap Index Scan", "Parent Relationship": "Outer", "Index Name": "orders_pkey", "Startup Cost": 0.0, "Total Cost": 0.26, "Plan Rows": 1, "Plan Width": 0, "Actual Startup Time": 17833.893, "Actual Total Time": 17833.893, "Actual Rows": 3256948, "Actual Loops": 3256948, "Index Cond": "(o_orderkey = lineitem.l_orderkey)"}]}]}, {"Node Type": "Seq Scan", "Parent Relationship": "Inner", "Relation Name": "nation", "Alias": "nation", "Startup Cost": 0.0, "Total Cost": 1.25, "Plan Rows": 25, "Plan Width": 30, "Actual Startup Time": 12482.661, "Actual Total Time": 16453.083, "Actual Rows": 42360254, "Actual Loops": 3256948}]}]}]}, "Triggers": [], "Planner Runtime": 23.118, "Total Runtime": 90031.829, "Unique SQL Id": 3628361425}}, "(1, 23)": {"explain_plan": {"Plan": {"Node Type": "Aggregate", "Strategy": "Sorted", "Startup Cost": 1000008167021.54, "Total Cost": 1000008167021.58, "Plan Rows": 1, "Plan Width": 74, "Group By Key": ["nation.n_name", "(date_part('year'::text, orders.o_orderdate))"], "Plans": [{"Node Type": "Sort", "Parent Relationship": "Outer", "Startup Cost": 1000008167021.54, "Total Cost": 1000008167021.55, "Plan Rows": 1, "Plan Width": 66, "Sort Key": ["nation.n_name", "(date_part('year'::text, orders.o_orderdate)) DESC"], "Plans": [{"Node Type": "Nested Loop", "Parent Relationship": "Outer", "Join Type": "Inner", "Startup Cost": 10000000002.75, "Total Cost": 1000008167021.53, "Plan Rows": 1, "Plan Width": 66, "Inner Unique": true, "Plans": [{"Node Type": "Nested Loop", "Parent Relationship": "Outer", "Join Type": "Inner", "Startup Cost": 10000000002.5, "Total Cost": 1000008167017.25, "Plan Rows": 1, "Plan Width": 44, "Inner Unique": true, "Plans": [{"Node Type": "Nested Loop", "Parent Relationship": "Outer", "Join Type": "Inner", "Startup Cost": 10000000002.24, "Total Cost": 1000008167012.96, "Plan Rows": 1, "Plan Width": 44, "Inner Unique": true, "Join Filter": "(partsupp.ps_partkey = part.p_partkey)", "Plans": [{"Node Type": "Nested Loop", "Parent Relationship": "Outer", "Join Type": "Inner", "Startup Cost": 10000000001.98, "Total Cost": 1000008166987.25, "Plan Rows": 6, "Plan Width": 60, "Inner Unique": false, "Join Filter": "(supplier.s_suppkey = lineitem.l_suppkey)", "Plans": [{"Node Type": "Nested Loop", "Parent Relationship": "Outer", "Join Type": "Inner", "Startup Cost": 10000000001.57, "Total Cost": 1000002201599.04, "Plan Rows": 1344499, "Plan Width": 36, "Inner Unique": false, "Plans": [{"Node Type": "Index Scan", "Parent Relationship": "Outer", "Scan Direction": "Forward", "Index Name": "idx_supplier_nation_key", "Relation Name": "supplier", "Alias": "supplier", "Startup Cost": 10000000000.0, "Total Cost": 1000001217556.78, "Plan Rows": 100000, "Plan Width": 12}, {"Node Type": "Bitmap Heap Scan", "Parent Relationship": "Inner", "Relation Name": "partsupp", "Alias": "partsupp", "Startup Cost": 1.57, "Total Cost": 9.71, "Plan Rows": 13, "Plan Width": 24, "Recheck Cond": "(ps_suppkey = supplier.s_suppkey)", "Plans": [{"Node Type": "Bitmap Index Scan", "Parent Relationship": "Outer", "Index Name": "idx_partsupp_suppkey", "Startup Cost": 0.0, "Total Cost": 1.56, "Plan Rows": 13, "Plan Width": 0, "Index Cond": "(ps_suppkey = supplier.s_suppkey)"}]}]}, {"Node Type": "Bitmap Heap Scan", "Parent Relationship": "Inner", "Relation Name": "lineitem", "Alias": "lineitem", "Startup Cost": 0.41, "Total Cost": 4.42, "Plan Rows": 1, "Plan Width": 48, "Recheck Cond": "((l_partkey = partsupp.ps_partkey) AND (l_suppkey = partsupp.ps_suppkey))", "Plans": [{"Node Type": "Bitmap Index Scan", "Parent Relationship": "Outer", "Index Name": "idx_lineitem_part_supp", "Startup Cost": 0.0, "Total Cost": 0.41, "Plan Rows": 1, "Plan Width": 0, "Index Cond": "((l_partkey = partsupp.ps_partkey) AND (l_suppkey = partsupp.ps_suppkey))"}]}]}, {"Node Type": "Bitmap Heap Scan", "Parent Relationship": "Inner", "Relation Name": "part", "Alias": "part", "Startup Cost": 0.26, "Total Cost": 4.27, "Plan Rows": 1, "Plan Width": 8, "Recheck Cond": "(p_partkey = lineitem.l_partkey)", "Filter": "((p_name)::text ~~ '%dim%'::text)", "Plans": [{"Node Type": "Bitmap Index Scan", "Parent Relationship": "Outer", "Index Name": "part_kpey", "Startup Cost": 0.0, "Total Cost": 0.26, "Plan Rows": 1, "Plan Width": 0, "Index Cond": "(p_partkey = lineitem.l_partkey)"}]}]}, {"Node Type": "Bitmap Heap Scan", "Parent Relationship": "Inner", "Relation Name": "orders", "Alias": "orders", "Startup Cost": 0.26, "Total Cost": 4.27, "Plan Rows": 1, "Plan Width": 16, "Recheck Cond": "(o_orderkey = lineitem.l_orderkey)", "Plans": [{"Node Type": "Bitmap Index Scan", "Parent Relationship": "Outer", "Index Name": "orders_pkey", "Startup Cost": 0.0, "Total Cost": 0.26, "Plan Rows": 1, "Plan Width": 0, "Index Cond": "(o_orderkey = lineitem.l_orderkey)"}]}]}, {"Node Type": "Bitmap Heap Scan", "Parent Relationship": "Inner", "Relation Name": "nation", "Alias": "nation", "Startup Cost": 0.26, "Total Cost": 4.27, "Plan Rows": 1, "Plan Width": 30, "Recheck Cond": "(n_nationkey = supplier.s_nationkey)", "Plans": [{"Node Type": "Bitmap Index Scan", "Parent Relationship": "Outer", "Index Name": "nation_pkey", "Startup Cost": 0.0, "Total Cost": 0.26, "Plan Rows": 1, "Plan Width": 0, "Index Cond": "(n_nationkey = supplier.s_nationkey)"}]}]}]}]}, "Unique SQL Id": 3628361425}, "explain_analyze_plan": null}, "(1, 24)": {"explain_plan": {"Plan": {"Node Type": "Aggregate", "Strategy": "Sorted", "Startup Cost": 685006.9, "Total Cost": 685006.94, "Plan Rows": 1, "Plan Width": 74, "Group By Key": ["nation.n_name", "(date_part('year'::text, orders.o_orderdate))"], "Plans": [{"Node Type": "Sort", "Parent Relationship": "Outer", "Startup Cost": 685006.9, "Total Cost": 685006.91, "Plan Rows": 1, "Plan Width": 66, "Sort Key": ["nation.n_name", "(date_part('year'::text, orders.o_orderdate)) DESC"], "Plans": [{"Node Type": "Nested Loop", "Parent Relationship": "Outer", "Join Type": "Inner", "Startup Cost": 533118.21, "Total Cost": 685006.89, "Plan Rows": 1, "Plan Width": 66, "Inner Unique": true, "Plans": [{"Node Type": "Nested Loop", "Parent Relationship": "Outer", "Join Type": "Inner", "Startup Cost": 533118.21, "Total Cost": 685006.61, "Plan Rows": 1, "Plan Width": 44, "Inner Unique": true, "Plans": [{"Node Type": "Nested Loop", "Parent Relationship": "Outer", "Join Type": "Inner", "Startup Cost": 533118.21, "Total Cost": 685006.31, "Plan Rows": 1, "Plan Width": 44, "Inner Unique": false, "Join Filter": "(supplier.s_suppkey = lineitem.l_suppkey)", "Plans": [{"Node Type": "Merge Join", "Parent Relationship": "Outer", "Join Type": "Inner", "Startup Cost": 533118.21, "Total Cost": 541257.3, "Plan Rows": 125630, "Plan Width": 44, "Inner Unique": false, "Merge Cond": "(supplier.s_suppkey = partsupp.ps_suppkey)", "Plans": [{"Node Type": "Index Scan", "Parent Relationship": "Outer", "Scan Direction": "Forward", "Index Name": "supplier_pkey", "Relation Name": "supplier", "Alias": "supplier", "Startup Cost": 0.0, "Total Cost": 5334.54, "Plan Rows": 100000, "Plan Width": 12}, {"Node Type": "Sort", "Parent Relationship": "Inner", "Startup Cost": 533118.19, "Total Cost": 533767.36, "Plan Rows": 259666, "Plan Width": 32, "Sort Key": ["partsupp.ps_suppkey"], "Plans": [{"Node Type": "Nested Loop", "Parent Relationship": "Outer", "Join Type": "Inner", "Startup Cost": 0.0, "Total Cost": 509766.04, "Plan Rows": 259666, "Plan Width": 32, "Inner Unique": false, "Plans": [{"Node Type": "Seq Scan", "Parent Relationship": "Outer", "Relation Name": "part", "Alias": "part", "Startup Cost": 0.0, "Total Cost": 66944.0, "Plan Rows": 89888, "Plan Width": 8, "Filter": "((p_name)::text ~~ '%dim%'::text)"}, {"Node Type": "Index Scan", "Parent Relationship": "Inner", "Scan Direction": "Forward", "Index Name": "idx_partsupp_partkey", "Relation Name": "partsupp", "Alias": "partsupp", "Startup Cost": 0.0, "Total Cost": 4.9, "Plan Rows": 3, "Plan Width": 24, "Index Cond": "(ps_partkey = part.p_partkey)"}]}]}]}, {"Node Type": "Index Scan", "Parent Relationship": "Inner", "Scan Direction": "Forward", "Index Name": "idx_lineitem_part_supp", "Relation Name": "lineitem", "Alias": "lineitem", "Startup Cost": 0.0, "Total Cost": 1.13, "Plan Rows": 1, "Plan Width": 48, "Index Cond": "((l_partkey = partsupp.ps_partkey) AND (l_suppkey = partsupp.ps_suppkey))"}]}, {"Node Type": "Index Scan", "Parent Relationship": "Inner", "Scan Direction": "Forward", "Index Name": "orders_pkey", "Relation Name": "orders", "Alias": "orders", "Startup Cost": 0.0, "Total Cost": 0.29, "Plan Rows": 1, "Plan Width": 16, "Index Cond": "(o_orderkey = lineitem.l_orderkey)"}]}, {"Node Type": "Index Scan", "Parent Relationship": "Inner", "Scan Direction": "Forward", "Index Name": "nation_pkey", "Relation Name": "nation", "Alias": "nation", "Startup Cost": 0.0, "Total Cost": 0.27, "Plan Rows": 1, "Plan Width": 30, "Index Cond": "(n_nationkey = supplier.s_nationkey)"}]}]}]}, "Unique SQL Id": 3628361425}, "explain_analyze_plan": {"Plan": {"Node Type": "Aggregate", "Strategy": "Sorted", "Startup Cost": 685006.9, "Total Cost": 685006.94, "Plan Rows": 1, "Plan Width": 74, "Actual Startup Time": 54410.031, "Actual Total Time": 57527.047, "Actual Rows": 175, "Actual Loops": 1, "Group By Key": ["nation.n_name", "(date_part('year'::text, orders.o_orderdate))"], "Plans": [{"Node Type": "Sort", "Parent Relationship": "Outer", "Startup Cost": 685006.9, "Total Cost": 685006.91, "Plan Rows": 1, "Plan Width": 66, "Actual Startup Time": 54399.238, "Actual Total Time": 55187.55, "Actual Rows": 3256948, "Actual Loops": 1, "Sort Key": ["nation.n_name", "(date_part('year'::text, orders.o_orderdate)) DESC"], "Sort Method": "quicksort", "Sort Space Used": 607203, "Sort Space Type": "Memory", "Plans": [{"Node Type": "Nested Loop", "Parent Relationship": "Outer", "Join Type": "Inner", "Startup Cost": 533118.21, "Total Cost": 685006.89, "Plan Rows": 1, "Plan Width": 66, "Actual Startup Time": 2002.136, "Actual Total Time": 49120.694, "Actual Rows": 3256948, "Actual Loops": 1, "Inner Unique": true, "Plans": [{"Node Type": "Nested Loop", "Parent Relationship": "Outer", "Join Type": "Inner", "Startup Cost": 533118.21, "Total Cost": 685006.61, "Plan Rows": 1, "Plan Width": 44, "Actual Startup Time": 2001.941, "Actual Total Time": 40545.539, "Actual Rows": 3256948, "Actual Loops": 1, "Inner Unique": true, "Plans": [{"Node Type": "Nested Loop", "Parent Relationship": "Outer", "Join Type": "Inner", "Startup Cost": 533118.21, "Total Cost": 685006.31, "Plan Rows": 1, "Plan Width": 44, "Actual Startup Time": 2001.913, "Actual Total Time": 15084.562, "Actual Rows": 3256948, "Actual Loops": 1, "Inner Unique": false, "Join Filter": "(supplier.s_suppkey = lineitem.l_suppkey)", "Rows Removed by Join Filter": 0, "Plans": [{"Node Type": "Merge Join", "Parent Relationship": "Outer", "Join Type": "Inner", "Startup Cost": 533118.21, "Total Cost": 541257.3, "Plan Rows": 125630, "Plan Width": 44, "Actual Startup Time": 2001.85, "Actual Total Time": 2474.365, "Actual Rows": 434204, "Actual Loops": 1, "Inner Unique": false, "Merge Cond": "(supplier.s_suppkey = partsupp.ps_suppkey)", "Plans": [{"Node Type": "Index Scan", "Parent Relationship": "Outer", "Scan Direction": "Forward", "Index Name": "supplier_pkey", "Relation Name": "supplier", "Alias": "supplier", "Startup Cost": 0.0, "Total Cost": 5334.54, "Plan Rows": 100000, "Plan Width": 12, "Actual Startup Time": 0.027, "Actual Total Time": 84.668, "Actual Rows": 100000, "Actual Loops": 1}, {"Node Type": "Sort", "Parent Relationship": "Inner", "Startup Cost": 533118.19, "Total Cost": 533767.36, "Plan Rows": 259666, "Plan Width": 32, "Actual Startup Time": 2001.81, "Actual Total Time": 2146.831, "Actual Rows": 434204, "Actual Loops": 1, "Sort Key": ["partsupp.ps_suppkey"], "Sort Method": "quicksort", "Sort Space Used": 52995, "Sort Space Type": "Memory", "Plans": [{"Node Type": "Nested Loop", "Parent Relationship": "Outer", "Join Type": "Inner", "Startup Cost": 0.0, "Total Cost": 509766.04, "Plan Rows": 259666, "Plan Width": 32, "Actual Startup Time": 0.037, "Actual Total Time": 1827.472, "Actual Rows": 434204, "Actual Loops": 1, "Inner Unique": false, "Plans": [{"Node Type": "Seq Scan", "Parent Relationship": "Outer", "Relation Name": "part", "Alias": "part", "Startup Cost": 0.0, "Total Cost": 66944.0, "Plan Rows": 89888, "Plan Width": 8, "Actual Startup Time": 0.026, "Actual Total Time": 988.932, "Actual Rows": 108551, "Actual Loops": 1, "Filter": "((p_name)::text ~~ '%dim%'::text)", "Rows Removed by Filter": 1891449}, {"Node Type": "Index Scan", "Parent Relationship": "Inner", "Scan Direction": "Forward", "Index Name": "idx_partsupp_partkey", "Relation Name": "partsupp", "Alias": "partsupp", "Startup Cost": 0.0, "Total Cost": 4.9, "Plan Rows": 3, "Plan Width": 24, "Actual Startup Time": 486.397, "Actual Total Time": 686.204, "Actual Rows": 434204, "Actual Loops": 108551, "Index Cond": "(ps_partkey = part.p_partkey)", "Rows Removed by Index Recheck": 0}]}]}]}, {"Node Type": "Index Scan", "Parent Relationship": "Inner", "Scan Direction": "Forward", "Index Name": "idx_lineitem_part_supp", "Relation Name": "lineitem", "Alias": "lineitem", "Startup Cost": 0.0, "Total Cost": 1.13, "Plan Rows": 1, "Plan Width": 48, "Actual Startup Time": 4012.701, "Actual Total Time": 10962.364, "Actual Rows": 3256948, "Actual Loops": 434204, "Index Cond": "((l_partkey = partsupp.ps_partkey) AND (l_suppkey = partsupp.ps_suppkey))", "Rows Removed by Index Recheck": 0}]}, {"Node Type": "Index Scan", "Parent Relationship": "Inner", "Scan Direction": "Forward", "Index Name": "orders_pkey", "Relation Name": "orders", "Alias": "orders", "Startup Cost": 0.0, "Total Cost": 0.29, "Plan Rows": 1, "Plan Width": 16, "Actual Startup Time": 22678.508, "Actual Total Time": 22678.508, "Actual Rows": 3256948, "Actual Loops": 3256948, "Index Cond": "(o_orderkey = lineitem.l_orderkey)", "Rows Removed by Index Recheck": 0}]}, {"Node Type": "Index Scan", "Parent Relationship": "Inner", "Scan Direction": "Forward", "Index Name": "nation_pkey", "Relation Name": "nation", "Alias": "nation", "Startup Cost": 0.0, "Total Cost": 0.27, "Plan Rows": 1, "Plan Width": 30, "Actual Startup Time": 4489.403, "Actual Total Time": 4489.403, "Actual Rows": 3256948, "Actual Loops": 3256948, "Index Cond": "(n_nationkey = supplier.s_nationkey)", "Rows Removed by Index Recheck": 0}]}]}]}, "Triggers": [], "Planner Runtime": 26.577, "Total Runtime": 57533.592, "Unique SQL Id": 3628361425}}, "(1, 25)": {"explain_plan": {"Plan": {"Node Type": "Aggregate", "Strategy": "Sorted", "Startup Cost": 723866.15, "Total Cost": 723866.19, "Plan Rows": 1, "Plan Width": 74, "Group By Key": ["nation.n_name", "(date_part('year'::text, orders.o_orderdate))"], "Plans": [{"Node Type": "Sort", "Parent Relationship": "Outer", "Startup Cost": 723866.15, "Total Cost": 723866.16, "Plan Rows": 1, "Plan Width": 66, "Sort Key": ["nation.n_name", "(date_part('year'::text, orders.o_orderdate)) DESC"], "Plans": [{"Node Type": "Nested Loop", "Parent Relationship": "Outer", "Join Type": "Inner", "Startup Cost": 571977.46, "Total Cost": 723866.14, "Plan Rows": 1, "Plan Width": 66, "Inner Unique": true, "Plans": [{"Node Type": "Nested Loop", "Parent Relationship": "Outer", "Join Type": "Inner", "Startup Cost": 571977.46, "Total Cost": 723865.86, "Plan Rows": 1, "Plan Width": 44, "Inner Unique": true, "Plans": [{"Node Type": "Nested Loop", "Parent Relationship": "Outer", "Join Type": "Inner", "Startup Cost": 571977.46, "Total Cost": 723865.56, "Plan Rows": 1, "Plan Width": 44, "Inner Unique": false, "Join Filter": "(supplier.s_suppkey = lineitem.l_suppkey)", "Plans": [{"Node Type": "Merge Join", "Parent Relationship": "Outer", "Join Type": "Inner", "Startup Cost": 571977.46, "Total Cost": 580116.55, "Plan Rows": 125630, "Plan Width": 44, "Inner Unique": false, "Merge Cond": "(supplier.s_suppkey = partsupp.ps_suppkey)", "Plans": [{"Node Type": "Index Scan", "Parent Relationship": "Outer", "Scan Direction": "Forward", "Index Name": "supplier_pkey", "Relation Name": "supplier", "Alias": "supplier", "Startup Cost": 0.0, "Total Cost": 5334.54, "Plan Rows": 100000, "Plan Width": 12}, {"Node Type": "Sort", "Parent Relationship": "Inner", "Startup Cost": 571977.44, "Total Cost": 572626.61, "Plan Rows": 259666, "Plan Width": 32, "Sort Key": ["partsupp.ps_suppkey"], "Plans": [{"Node Type": "Nested Loop", "Parent Relationship": "Outer", "Join Type": "Inner", "Startup Cost": 0.0, "Total Cost": 548625.29, "Plan Rows": 259666, "Plan Width": 32, "Inner Unique": false, "Plans": [{"Node Type": "Index Scan", "Parent Relationship": "Outer", "Scan Direction": "Forward", "Index Name": "part_kpey", "Relation Name": "part", "Alias": "part", "Startup Cost": 0.0, "Total Cost": 105803.25, "Plan Rows": 89888, "Plan Width": 8, "Filter": "((p_name)::text ~~ '%dim%'::text)"}, {"Node Type": "Index Scan", "Parent Relationship": "Inner", "Scan Direction": "Forward", "Index Name": "idx_partsupp_partkey", "Relation Name": "partsupp", "Alias": "partsupp", "Startup Cost": 0.0, "Total Cost": 4.9, "Plan Rows": 3, "Plan Width": 24, "Index Cond": "(ps_partkey = part.p_partkey)"}]}]}]}, {"Node Type": "Index Scan", "Parent Relationship": "Inner", "Scan Direction": "Forward", "Index Name": "idx_lineitem_part_supp", "Relation Name": "lineitem", "Alias": "lineitem", "Startup Cost": 0.0, "Total Cost": 1.13, "Plan Rows": 1, "Plan Width": 48, "Index Cond": "((l_partkey = partsupp.ps_partkey) AND (l_suppkey = partsupp.ps_suppkey))"}]}, {"Node Type": "Index Scan", "Parent Relationship": "Inner", "Scan Direction": "Forward", "Index Name": "orders_pkey", "Relation Name": "orders", "Alias": "orders", "Startup Cost": 0.0, "Total Cost": 0.29, "Plan Rows": 1, "Plan Width": 16, "Index Cond": "(o_orderkey = lineitem.l_orderkey)"}]}, {"Node Type": "Index Scan", "Parent Relationship": "Inner", "Scan Direction": "Forward", "Index Name": "nation_pkey", "Relation Name": "nation", "Alias": "nation", "Startup Cost": 0.0, "Total Cost": 0.27, "Plan Rows": 1, "Plan Width": 30, "Index Cond": "(n_nationkey = supplier.s_nationkey)"}]}]}]}, "Unique SQL Id": 3628361425}, "explain_analyze_plan": {"Plan": {"Node Type": "Aggregate", "Strategy": "Sorted", "Startup Cost": 723866.15, "Total Cost": 723866.19, "Plan Rows": 1, "Plan Width": 74, "Actual Startup Time": 57402.875, "Actual Total Time": 60508.83, "Actual Rows": 175, "Actual Loops": 1, "Group By Key": ["nation.n_name", "(date_part('year'::text, orders.o_orderdate))"], "Plans": [{"Node Type": "Sort", "Parent Relationship": "Outer", "Startup Cost": 723866.15, "Total Cost": 723866.16, "Plan Rows": 1, "Plan Width": 66, "Actual Startup Time": 57391.553, "Actual Total Time": 58143.098, "Actual Rows": 3256948, "Actual Loops": 1, "Sort Key": ["nation.n_name", "(date_part('year'::text, orders.o_orderdate)) DESC"], "Sort Method": "quicksort", "Sort Space Used": 607203, "Sort Space Type": "Memory", "Plans": [{"Node Type": "Nested Loop", "Parent Relationship": "Outer", "Join Type": "Inner", "Startup Cost": 571977.46, "Total Cost": 723866.14, "Plan Rows": 1, "Plan Width": 66, "Actual Startup Time": 2699.003, "Actual Total Time": 51902.529, "Actual Rows": 3256948, "Actual Loops": 1, "Inner Unique": true, "Plans": [{"Node Type": "Nested Loop", "Parent Relationship": "Outer", "Join Type": "Inner", "Startup Cost": 571977.46, "Total Cost": 723865.86, "Plan Rows": 1, "Plan Width": 44, "Actual Startup Time": 2698.975, "Actual Total Time": 43378.566, "Actual Rows": 3256948, "Actual Loops": 1, "Inner Unique": true, "Plans": [{"Node Type": "Nested Loop", "Parent Relationship": "Outer", "Join Type": "Inner", "Startup Cost": 571977.46, "Total Cost": 723865.56, "Plan Rows": 1, "Plan Width": 44, "Actual Startup Time": 2698.955, "Actual Total Time": 16382.08, "Actual Rows": 3256948, "Actual Loops": 1, "Inner Unique": false, "Join Filter": "(supplier.s_suppkey = lineitem.l_suppkey)", "Rows Removed by Join Filter": 0, "Plans": [{"Node Type": "Merge Join", "Parent Relationship": "Outer", "Join Type": "Inner", "Startup Cost": 571977.46, "Total Cost": 580116.55, "Plan Rows": 125630, "Plan Width": 44, "Actual Startup Time": 2698.878, "Actual Total Time": 3164.046, "Actual Rows": 434204, "Actual Loops": 1, "Inner Unique": false, "Merge Cond": "(supplier.s_suppkey = partsupp.ps_suppkey)", "Plans": [{"Node Type": "Index Scan", "Parent Relationship": "Outer", "Scan Direction": "Forward", "Index Name": "supplier_pkey", "Relation Name": "supplier", "Alias": "supplier", "Startup Cost": 0.0, "Total Cost": 5334.54, "Plan Rows": 100000, "Plan Width": 12, "Actual Startup Time": 0.026, "Actual Total Time": 87.242, "Actual Rows": 100000, "Actual Loops": 1}, {"Node Type": "Sort", "Parent Relationship": "Inner", "Startup Cost": 571977.44, "Total Cost": 572626.61, "Plan Rows": 259666, "Plan Width": 32, "Actual Startup Time": 2698.835, "Actual Total Time": 2848.728, "Actual Rows": 434204, "Actual Loops": 1, "Sort Key": ["partsupp.ps_suppkey"], "Sort Method": "quicksort", "Sort Space Used": 52995, "Sort Space Type": "Memory", "Plans": [{"Node Type": "Nested Loop", "Parent Relationship": "Outer", "Join Type": "Inner", "Startup Cost": 0.0, "Total Cost": 548625.29, "Plan Rows": 259666, "Plan Width": 32, "Actual Startup Time": 0.041, "Actual Total Time": 2527.699, "Actual Rows": 434204, "Actual Loops": 1, "Inner Unique": false, "Plans": [{"Node Type": "Index Scan", "Parent Relationship": "Outer", "Scan Direction": "Forward", "Index Name": "part_kpey", "Relation Name": "part", "Alias": "part", "Startup Cost": 0.0, "Total Cost": 105803.25, "Plan Rows": 89888, "Plan Width": 8, "Actual Startup Time": 0.031, "Actual Total Time": 1605.394, "Actual Rows": 108551, "Actual Loops": 1, "Filter": "((p_name)::text ~~ '%dim%'::text)", "Rows Removed by Filter": 1891449}, {"Node Type": "Index Scan", "Parent Relationship": "Inner", "Scan Direction": "Forward", "Index Name": "idx_partsupp_partkey", "Relation Name": "partsupp", "Alias": "partsupp", "Startup Cost": 0.0, "Total Cost": 4.9, "Plan Rows": 3, "Plan Width": 24, "Actual Startup Time": 546.863, "Actual Total Time": 770.605, "Actual Rows": 434204, "Actual Loops": 108551, "Index Cond": "(ps_partkey = part.p_partkey)", "Rows Removed by Index Recheck": 0}]}]}]}, {"Node Type": "Index Scan", "Parent Relationship": "Inner", "Scan Direction": "Forward", "Index Name": "idx_lineitem_part_supp", "Relation Name": "lineitem", "Alias": "lineitem", "Startup Cost": 0.0, "Total Cost": 1.13, "Plan Rows": 1, "Plan Width": 48, "Actual Startup Time": 4136.421, "Actual Total Time": 11612.148, "Actual Rows": 3256948, "Actual Loops": 434204, "Index Cond": "((l_partkey = partsupp.ps_partkey) AND (l_suppkey = partsupp.ps_suppkey))", "Rows Removed by Index Recheck": 0}]}, {"Node Type": "Index Scan", "Parent Relationship": "Inner", "Scan Direction": "Forward", "Index Name": "orders_pkey", "Relation Name": "orders", "Alias": "orders", "Startup Cost": 0.0, "Total Cost": 0.29, "Plan Rows": 1, "Plan Width": 16, "Actual Startup Time": 24192.529, "Actual Total Time": 24192.529, "Actual Rows": 3256948, "Actual Loops": 3256948, "Index Cond": "(o_orderkey = lineitem.l_orderkey)", "Rows Removed by Index Recheck": 0}]}, {"Node Type": "Index Scan", "Parent Relationship": "Inner", "Scan Direction": "Forward", "Index Name": "nation_pkey", "Relation Name": "nation", "Alias": "nation", "Startup Cost": 0.0, "Total Cost": 0.27, "Plan Rows": 1, "Plan Width": 30, "Actual Startup Time": 4459.822, "Actual Total Time": 4459.822, "Actual Rows": 3256948, "Actual Loops": 3256948, "Index Cond": "(n_nationkey = supplier.s_nationkey)", "Rows Removed by Index Recheck": 0}]}]}]}, "Triggers": [], "Planner Runtime": 26.208, "Total Runtime": 60516.121, "Unique SQL Id": 3628361425}}, "(1, 26)": {"explain_plan": {"Plan": {"Node Type": "Aggregate", "Strategy": "Sorted", "Startup Cost": 12011186.68, "Total Cost": 12011186.71, "Plan Rows": 1, "Plan Width": 74, "Group By Key": ["nation.n_name", "(date_part('year'::text, orders.o_orderdate))"], "Plans": [{"Node Type": "Sort", "Parent Relationship": "Outer", "Startup Cost": 12011186.68, "Total Cost": 12011186.68, "Plan Rows": 1, "Plan Width": 66, "Sort Key": ["nation.n_name", "(date_part('year'::text, orders.o_orderdate)) DESC"], "Plans": [{"Node Type": "Nested Loop", "Parent Relationship": "Outer", "Join Type": "Inner", "Startup Cost": 11026521.48, "Total Cost": 12011186.67, "Plan Rows": 1, "Plan Width": 66, "Inner Unique": true, "Join Filter": "(supplier.s_nationkey = nation.n_nationkey)", "Plans": [{"Node Type": "Nested Loop", "Parent Relationship": "Outer", "Join Type": "Inner", "Startup Cost": 11026521.48, "Total Cost": 12011185.1, "Plan Rows": 1, "Plan Width": 44, "Inner Unique": true, "Join Filter": "(lineitem.l_orderkey = orders.o_orderkey)", "Plans": [{"Node Type": "Nested Loop", "Parent Relationship": "Outer", "Join Type": "Inner", "Startup Cost": 11026521.48, "Total Cost": 11397277.82, "Plan Rows": 1, "Plan Width": 44, "Inner Unique": false, "Join Filter": "(lineitem.l_suppkey = supplier.s_suppkey)", "Plans": [{"Node Type": "Seq Scan", "Parent Relationship": "Outer", "Relation Name": "supplier", "Alias": "supplier", "Startup Cost": 0.0, "Total Cost": 3283.0, "Plan Rows": 100000, "Plan Width": 12}, {"Node Type": "Materialize", "Parent Relationship": "Inner", "Startup Cost": 11026521.48, "Total Cost": 11390994.83, "Plan Rows": 2, "Plan Width": 56, "Plans": [{"Node Type": "Merge Join", "Parent Relationship": "Outer", "Join Type": "Inner", "Startup Cost": 11026521.48, "Total Cost": 11390994.82, "Plan Rows": 2, "Plan Width": 56, "Inner Unique": true, "Merge Cond": "(lineitem.l_partkey = partsupp.ps_partkey)", "Join Filter": "(lineitem.l_suppkey = partsupp.ps_suppkey)", "Plans": [{"Node Type": "Merge Join", "Parent Relationship": "Outer", "Join Type": "Inner", "Startup Cost": 9839224.25, "Total Cost": 10144564.49, "Plan Rows": 495566, "Plan Width": 56, "Inner Unique": false, "Merge Cond": "(part.p_partkey = lineitem.l_partkey)", "Plans": [{"Node Type": "Sort", "Parent Relationship": "Outer", "Startup Cost": 74339.91, "Total Cost": 74564.63, "Plan Rows": 89888, "Plan Width": 8, "Sort Key": ["part.p_partkey"], "Plans": [{"Node Type": "Seq Scan", "Parent Relationship": "Outer", "Relation Name": "part", "Alias": "part", "Startup Cost": 0.0, "Total Cost": 66944.0, "Plan Rows": 89888, "Plan Width": 8, "Filter": "((p_name)::text ~~ '%dim%'::text)"}]}, {"Node Type": "Sort", "Parent Relationship": "Inner", "Startup Cost": 9764884.32, "Total Cost": 9914851.9, "Plan Rows": 59987033, "Plan Width": 48, "Sort Key": ["lineitem.l_partkey"], "Plans": [{"Node Type": "Seq Scan", "Parent Relationship": "Outer", "Relation Name": "lineitem", "Alias": "lineitem", "Startup Cost": 0.0, "Total Cost": 2015115.33, "Plan Rows": 59987033, "Plan Width": 48}]}]}, {"Node Type": "Sort", "Parent Relationship": "Inner", "Startup Cost": 1187295.8, "Total Cost": 1207296.73, "Plan Rows": 8000372, "Plan Width": 24, "Sort Key": ["partsupp.ps_partkey"], "Plans": [{"Node Type": "Seq Scan", "Parent Relationship": "Outer", "Relation Name": "partsupp", "Alias": "partsupp", "Startup Cost": 0.0, "Total Cost": 269987.72, "Plan Rows": 8000372, "Plan Width": 24}]}]}]}]}, {"Node Type": "Seq Scan", "Parent Relationship": "Inner", "Relation Name": "orders", "Alias": "orders", "Startup Cost": 0.0, "Total Cost": 426413.79, "Plan Rows": 14999479, "Plan Width": 16}]}, {"Node Type": "Seq Scan", "Parent Relationship": "Inner", "Relation Name": "nation", "Alias": "nation", "Startup Cost": 0.0, "Total Cost": 1.25, "Plan Rows": 25, "Plan Width": 30}]}]}]}, "Unique SQL Id": 3628361425}, "explain_analyze_plan": null}, "(1, 27)": {"explain_plan": {"Plan": {"Node Type": "Aggregate", "Strategy": "Sorted", "Startup Cost": 6000839471774.69, "Total Cost": 6000839471774.72, "Plan Rows": 1, "Plan Width": 74, "Group By Key": ["nation.n_name", "(date_part('year'::text, orders.o_orderdate))"], "Plans": [{"Node Type": "Sort", "Parent Relationship": "Outer", "Startup Cost": 6000839471774.69, "Total Cost": 6000839471774.69, "Plan Rows": 1, "Plan Width": 66, "Sort Key": ["nation.n_name", "(date_part('year'::text, orders.o_orderdate)) DESC"], "Plans": [{"Node Type": "Nested Loop", "Parent Relationship": "Outer", "Join Type": "Inner", "Startup Cost": 60035393416.8, "Total Cost": 6000839471774.68, "Plan Rows": 1, "Plan Width": 66, "Inner Unique": true, "Plans": [{"Node Type": "Merge Join", "Parent Relationship": "Outer", "Join Type": "Inner", "Startup Cost": 50035393416.8, "Total Cost": 5000839471745.44, "Plan Rows": 1, "Plan Width": 66, "Inner Unique": true, "Merge Cond": "(partsupp.ps_partkey = part.p_partkey)", "Plans": [{"Node Type": "Nested Loop", "Parent Relationship": "Outer", "Join Type": "Inner", "Startup Cost": 40035393416.8, "Total Cost": 4000828891195.69, "Plan Rows": 6, "Plan Width": 82, "Inner Unique": true, "Join Filter": "(supplier.s_nationkey = nation.n_nationkey)", "Plans": [{"Node Type": "Nested Loop", "Parent Relationship": "Outer", "Join Type": "Inner", "Startup Cost": 30035393416.8, "Total Cost": 3000828889930.88, "Plan Rows": 6, "Plan Width": 60, "Inner Unique": true, "Join Filter": "(lineitem.l_suppkey = supplier.s_suppkey)", "Plans": [{"Node Type": "Merge Join", "Parent Relationship": "Outer", "Join Type": "Inner", "Startup Cost": 20035393416.8, "Total Cost": 2000828314226.5, "Plan Rows": 28, "Plan Width": 72, "Inner Unique": true, "Merge Cond": "((lineitem.l_partkey = partsupp.ps_partkey) AND (lineitem.l_suppkey = partsupp.ps_suppkey))", "Plans": [{"Node Type": "Index Scan", "Parent Relationship": "Outer", "Scan Direction": "Forward", "Index Name": "idx_lineitem_part_supp", "Relation Name": "lineitem", "Alias": "lineitem", "Startup Cost": 10000000000.0, "Total Cost": 1000775391319.64, "Plan Rows": 59987033, "Plan Width": 48}, {"Node Type": "Index Scan", "Parent Relationship": "Inner", "Scan Direction": "Forward", "Index Name": "partsupp_pkey", "Relation Name": "partsupp", "Alias": "partsupp", "Startup Cost": 10000000000.0, "Total Cost": 1000071640963.22, "Plan Rows": 8000372, "Plan Width": 24}]}, {"Node Type": "Materialize", "Parent Relationship": "Inner", "Startup Cost": 10000000000.0, "Total Cost": 1000000533954.38, "Plan Rows": 100000, "Plan Width": 12, "Plans": [{"Node Type": "Index Scan", "Parent Relationship": "Outer", "Scan Direction": "Forward", "Index Name": "supplier_pkey", "Relation Name": "supplier", "Alias": "supplier", "Startup Cost": 10000000000.0, "Total Cost": 1000000533454.38, "Plan Rows": 100000, "Plan Width": 12}]}]}, {"Node Type": "Materialize", "Parent Relationship": "Inner", "Startup Cost": 10000000000.0, "Total Cost": 1000000001262.62, "Plan Rows": 25, "Plan Width": 30, "Plans": [{"Node Type": "Index Scan", "Parent Relationship": "Outer", "Scan Direction": "Forward", "Index Name": "nation_pkey", "Relation Name": "nation", "Alias": "nation", "Startup Cost": 10000000000.0, "Total Cost": 1000000001262.5, "Plan Rows": 25, "Plan Width": 30}]}]}, {"Node Type": "Index Scan", "Parent Relationship": "Inner", "Scan Direction": "Forward", "Index Name": "part_kpey", "Relation Name": "part", "Alias": "part", "Startup Cost": 10000000000.0, "Total Cost": 1000010580325.0, "Plan Rows": 89888, "Plan Width": 8, "Filter": "((p_name)::text ~~ '%dim%'::text)"}]}, {"Node Type": "Index Scan", "Parent Relationship": "Inner", "Scan Direction": "Forward", "Index Name": "orders_pkey", "Relation Name": "orders", "Alias": "orders", "Startup Cost": 10000000000.0, "Total Cost": 1000000000029.23, "Plan Rows": 1, "Plan Width": 16, "Index Cond": "(o_orderkey = lineitem.l_orderkey)"}]}]}]}, "Unique SQL Id": 3628361425}, "explain_analyze_plan": null}, "(1, 28)": {"explain_plan": {"Plan": {"Node Type": "Aggregate", "Strategy": "Sorted", "Startup Cost": 685006.9, "Total Cost": 685006.94, "Plan Rows": 1, "Plan Width": 74, "Group By Key": ["nation.n_name", "(date_part('year'::text, orders.o_orderdate))"], "Plans": [{"Node Type": "Sort", "Parent Relationship": "Outer", "Startup Cost": 685006.9, "Total Cost": 685006.91, "Plan Rows": 1, "Plan Width": 66, "Sort Key": ["nation.n_name", "(date_part('year'::text, orders.o_orderdate)) DESC"], "Plans": [{"Node Type": "Nested Loop", "Parent Relationship": "Outer", "Join Type": "Inner", "Startup Cost": 533118.21, "Total Cost": 685006.89, "Plan Rows": 1, "Plan Width": 66, "Inner Unique": true, "Plans": [{"Node Type": "Nested Loop", "Parent Relationship": "Outer", "Join Type": "Inner", "Startup Cost": 533118.21, "Total Cost": 685006.61, "Plan Rows": 1, "Plan Width": 44, "Inner Unique": true, "Plans": [{"Node Type": "Nested Loop", "Parent Relationship": "Outer", "Join Type": "Inner", "Startup Cost": 533118.21, "Total Cost": 685006.31, "Plan Rows": 1, "Plan Width": 44, "Inner Unique": false, "Join Filter": "(supplier.s_suppkey = lineitem.l_suppkey)", "Plans": [{"Node Type": "Merge Join", "Parent Relationship": "Outer", "Join Type": "Inner", "Startup Cost": 533118.21, "Total Cost": 541257.3, "Plan Rows": 125630, "Plan Width": 44, "Inner Unique": false, "Merge Cond": "(supplier.s_suppkey = partsupp.ps_suppkey)", "Plans": [{"Node Type": "Index Scan", "Parent Relationship": "Outer", "Scan Direction": "Forward", "Index Name": "supplier_pkey", "Relation Name": "supplier", "Alias": "supplier", "Startup Cost": 0.0, "Total Cost": 5334.54, "Plan Rows": 100000, "Plan Width": 12}, {"Node Type": "Sort", "Parent Relationship": "Inner", "Startup Cost": 533118.19, "Total Cost": 533767.36, "Plan Rows": 259666, "Plan Width": 32, "Sort Key": ["partsupp.ps_suppkey"], "Plans": [{"Node Type": "Nested Loop", "Parent Relationship": "Outer", "Join Type": "Inner", "Startup Cost": 0.0, "Total Cost": 509766.04, "Plan Rows": 259666, "Plan Width": 32, "Inner Unique": false, "Plans": [{"Node Type": "Seq Scan", "Parent Relationship": "Outer", "Relation Name": "part", "Alias": "part", "Startup Cost": 0.0, "Total Cost": 66944.0, "Plan Rows": 89888, "Plan Width": 8, "Filter": "((p_name)::text ~~ '%dim%'::text)"}, {"Node Type": "Index Scan", "Parent Relationship": "Inner", "Scan Direction": "Forward", "Index Name": "idx_partsupp_partkey", "Relation Name": "partsupp", "Alias": "partsupp", "Startup Cost": 0.0, "Total Cost": 4.9, "Plan Rows": 3, "Plan Width": 24, "Index Cond": "(ps_partkey = part.p_partkey)"}]}]}]}, {"Node Type": "Index Scan", "Parent Relationship": "Inner", "Scan Direction": "Forward", "Index Name": "idx_lineitem_part_supp", "Relation Name": "lineitem", "Alias": "lineitem", "Startup Cost": 0.0, "Total Cost": 1.13, "Plan Rows": 1, "Plan Width": 48, "Index Cond": "((l_partkey = partsupp.ps_partkey) AND (l_suppkey = partsupp.ps_suppkey))"}]}, {"Node Type": "Index Scan", "Parent Relationship": "Inner", "Scan Direction": "Forward", "Index Name": "orders_pkey", "Relation Name": "orders", "Alias": "orders", "Startup Cost": 0.0, "Total Cost": 0.29, "Plan Rows": 1, "Plan Width": 16, "Index Cond": "(o_orderkey = lineitem.l_orderkey)"}]}, {"Node Type": "Index Scan", "Parent Relationship": "Inner", "Scan Direction": "Forward", "Index Name": "nation_pkey", "Relation Name": "nation", "Alias": "nation", "Startup Cost": 0.0, "Total Cost": 0.27, "Plan Rows": 1, "Plan Width": 30, "Index Cond": "(n_nationkey = supplier.s_nationkey)"}]}]}]}, "Unique SQL Id": 3628361425}, "explain_analyze_plan": {"Plan": {"Node Type": "Aggregate", "Strategy": "Sorted", "Startup Cost": 685006.9, "Total Cost": 685006.94, "Plan Rows": 1, "Plan Width": 74, "Actual Startup Time": 54410.031, "Actual Total Time": 57527.047, "Actual Rows": 175, "Actual Loops": 1, "Group By Key": ["nation.n_name", "(date_part('year'::text, orders.o_orderdate))"], "Plans": [{"Node Type": "Sort", "Parent Relationship": "Outer", "Startup Cost": 685006.9, "Total Cost": 685006.91, "Plan Rows": 1, "Plan Width": 66, "Actual Startup Time": 54399.238, "Actual Total Time": 55187.55, "Actual Rows": 3256948, "Actual Loops": 1, "Sort Key": ["nation.n_name", "(date_part('year'::text, orders.o_orderdate)) DESC"], "Sort Method": "quicksort", "Sort Space Used": 607203, "Sort Space Type": "Memory", "Plans": [{"Node Type": "Nested Loop", "Parent Relationship": "Outer", "Join Type": "Inner", "Startup Cost": 533118.21, "Total Cost": 685006.89, "Plan Rows": 1, "Plan Width": 66, "Actual Startup Time": 2002.136, "Actual Total Time": 49120.694, "Actual Rows": 3256948, "Actual Loops": 1, "Inner Unique": true, "Plans": [{"Node Type": "Nested Loop", "Parent Relationship": "Outer", "Join Type": "Inner", "Startup Cost": 533118.21, "Total Cost": 685006.61, "Plan Rows": 1, "Plan Width": 44, "Actual Startup Time": 2001.941, "Actual Total Time": 40545.539, "Actual Rows": 3256948, "Actual Loops": 1, "Inner Unique": true, "Plans": [{"Node Type": "Nested Loop", "Parent Relationship": "Outer", "Join Type": "Inner", "Startup Cost": 533118.21, "Total Cost": 685006.31, "Plan Rows": 1, "Plan Width": 44, "Actual Startup Time": 2001.913, "Actual Total Time": 15084.562, "Actual Rows": 3256948, "Actual Loops": 1, "Inner Unique": false, "Join Filter": "(supplier.s_suppkey = lineitem.l_suppkey)", "Rows Removed by Join Filter": 0, "Plans": [{"Node Type": "Merge Join", "Parent Relationship": "Outer", "Join Type": "Inner", "Startup Cost": 533118.21, "Total Cost": 541257.3, "Plan Rows": 125630, "Plan Width": 44, "Actual Startup Time": 2001.85, "Actual Total Time": 2474.365, "Actual Rows": 434204, "Actual Loops": 1, "Inner Unique": false, "Merge Cond": "(supplier.s_suppkey = partsupp.ps_suppkey)", "Plans": [{"Node Type": "Index Scan", "Parent Relationship": "Outer", "Scan Direction": "Forward", "Index Name": "supplier_pkey", "Relation Name": "supplier", "Alias": "supplier", "Startup Cost": 0.0, "Total Cost": 5334.54, "Plan Rows": 100000, "Plan Width": 12, "Actual Startup Time": 0.027, "Actual Total Time": 84.668, "Actual Rows": 100000, "Actual Loops": 1}, {"Node Type": "Sort", "Parent Relationship": "Inner", "Startup Cost": 533118.19, "Total Cost": 533767.36, "Plan Rows": 259666, "Plan Width": 32, "Actual Startup Time": 2001.81, "Actual Total Time": 2146.831, "Actual Rows": 434204, "Actual Loops": 1, "Sort Key": ["partsupp.ps_suppkey"], "Sort Method": "quicksort", "Sort Space Used": 52995, "Sort Space Type": "Memory", "Plans": [{"Node Type": "Nested Loop", "Parent Relationship": "Outer", "Join Type": "Inner", "Startup Cost": 0.0, "Total Cost": 509766.04, "Plan Rows": 259666, "Plan Width": 32, "Actual Startup Time": 0.037, "Actual Total Time": 1827.472, "Actual Rows": 434204, "Actual Loops": 1, "Inner Unique": false, "Plans": [{"Node Type": "Seq Scan", "Parent Relationship": "Outer", "Relation Name": "part", "Alias": "part", "Startup Cost": 0.0, "Total Cost": 66944.0, "Plan Rows": 89888, "Plan Width": 8, "Actual Startup Time": 0.026, "Actual Total Time": 988.932, "Actual Rows": 108551, "Actual Loops": 1, "Filter": "((p_name)::text ~~ '%dim%'::text)", "Rows Removed by Filter": 1891449}, {"Node Type": "Index Scan", "Parent Relationship": "Inner", "Scan Direction": "Forward", "Index Name": "idx_partsupp_partkey", "Relation Name": "partsupp", "Alias": "partsupp", "Startup Cost": 0.0, "Total Cost": 4.9, "Plan Rows": 3, "Plan Width": 24, "Actual Startup Time": 486.397, "Actual Total Time": 686.204, "Actual Rows": 434204, "Actual Loops": 108551, "Index Cond": "(ps_partkey = part.p_partkey)", "Rows Removed by Index Recheck": 0}]}]}]}, {"Node Type": "Index Scan", "Parent Relationship": "Inner", "Scan Direction": "Forward", "Index Name": "idx_lineitem_part_supp", "Relation Name": "lineitem", "Alias": "lineitem", "Startup Cost": 0.0, "Total Cost": 1.13, "Plan Rows": 1, "Plan Width": 48, "Actual Startup Time": 4012.701, "Actual Total Time": 10962.364, "Actual Rows": 3256948, "Actual Loops": 434204, "Index Cond": "((l_partkey = partsupp.ps_partkey) AND (l_suppkey = partsupp.ps_suppkey))", "Rows Removed by Index Recheck": 0}]}, {"Node Type": "Index Scan", "Parent Relationship": "Inner", "Scan Direction": "Forward", "Index Name": "orders_pkey", "Relation Name": "orders", "Alias": "orders", "Startup Cost": 0.0, "Total Cost": 0.29, "Plan Rows": 1, "Plan Width": 16, "Actual Startup Time": 22678.508, "Actual Total Time": 22678.508, "Actual Rows": 3256948, "Actual Loops": 3256948, "Index Cond": "(o_orderkey = lineitem.l_orderkey)", "Rows Removed by Index Recheck": 0}]}, {"Node Type": "Index Scan", "Parent Relationship": "Inner", "Scan Direction": "Forward", "Index Name": "nation_pkey", "Relation Name": "nation", "Alias": "nation", "Startup Cost": 0.0, "Total Cost": 0.27, "Plan Rows": 1, "Plan Width": 30, "Actual Startup Time": 4489.403, "Actual Total Time": 4489.403, "Actual Rows": 3256948, "Actual Loops": 3256948, "Index Cond": "(n_nationkey = supplier.s_nationkey)", "Rows Removed by Index Recheck": 0}]}]}]}, "Triggers": [], "Planner Runtime": 26.577, "Total Runtime": 57533.592, "Unique SQL Id": 3628361425}}, "(1, 29)": {"explain_plan": {"Plan": {"Node Type": "Aggregate", "Strategy": "Sorted", "Startup Cost": 723866.15, "Total Cost": 723866.19, "Plan Rows": 1, "Plan Width": 74, "Group By Key": ["nation.n_name", "(date_part('year'::text, orders.o_orderdate))"], "Plans": [{"Node Type": "Sort", "Parent Relationship": "Outer", "Startup Cost": 723866.15, "Total Cost": 723866.16, "Plan Rows": 1, "Plan Width": 66, "Sort Key": ["nation.n_name", "(date_part('year'::text, orders.o_orderdate)) DESC"], "Plans": [{"Node Type": "Nested Loop", "Parent Relationship": "Outer", "Join Type": "Inner", "Startup Cost": 571977.46, "Total Cost": 723866.14, "Plan Rows": 1, "Plan Width": 66, "Inner Unique": true, "Plans": [{"Node Type": "Nested Loop", "Parent Relationship": "Outer", "Join Type": "Inner", "Startup Cost": 571977.46, "Total Cost": 723865.86, "Plan Rows": 1, "Plan Width": 44, "Inner Unique": true, "Plans": [{"Node Type": "Nested Loop", "Parent Relationship": "Outer", "Join Type": "Inner", "Startup Cost": 571977.46, "Total Cost": 723865.56, "Plan Rows": 1, "Plan Width": 44, "Inner Unique": false, "Join Filter": "(supplier.s_suppkey = lineitem.l_suppkey)", "Plans": [{"Node Type": "Merge Join", "Parent Relationship": "Outer", "Join Type": "Inner", "Startup Cost": 571977.46, "Total Cost": 580116.55, "Plan Rows": 125630, "Plan Width": 44, "Inner Unique": false, "Merge Cond": "(supplier.s_suppkey = partsupp.ps_suppkey)", "Plans": [{"Node Type": "Index Scan", "Parent Relationship": "Outer", "Scan Direction": "Forward", "Index Name": "supplier_pkey", "Relation Name": "supplier", "Alias": "supplier", "Startup Cost": 0.0, "Total Cost": 5334.54, "Plan Rows": 100000, "Plan Width": 12}, {"Node Type": "Sort", "Parent Relationship": "Inner", "Startup Cost": 571977.44, "Total Cost": 572626.61, "Plan Rows": 259666, "Plan Width": 32, "Sort Key": ["partsupp.ps_suppkey"], "Plans": [{"Node Type": "Nested Loop", "Parent Relationship": "Outer", "Join Type": "Inner", "Startup Cost": 0.0, "Total Cost": 548625.29, "Plan Rows": 259666, "Plan Width": 32, "Inner Unique": false, "Plans": [{"Node Type": "Index Scan", "Parent Relationship": "Outer", "Scan Direction": "Forward", "Index Name": "part_kpey", "Relation Name": "part", "Alias": "part", "Startup Cost": 0.0, "Total Cost": 105803.25, "Plan Rows": 89888, "Plan Width": 8, "Filter": "((p_name)::text ~~ '%dim%'::text)"}, {"Node Type": "Index Scan", "Parent Relationship": "Inner", "Scan Direction": "Forward", "Index Name": "idx_partsupp_partkey", "Relation Name": "partsupp", "Alias": "partsupp", "Startup Cost": 0.0, "Total Cost": 4.9, "Plan Rows": 3, "Plan Width": 24, "Index Cond": "(ps_partkey = part.p_partkey)"}]}]}]}, {"Node Type": "Index Scan", "Parent Relationship": "Inner", "Scan Direction": "Forward", "Index Name": "idx_lineitem_part_supp", "Relation Name": "lineitem", "Alias": "lineitem", "Startup Cost": 0.0, "Total Cost": 1.13, "Plan Rows": 1, "Plan Width": 48, "Index Cond": "((l_partkey = partsupp.ps_partkey) AND (l_suppkey = partsupp.ps_suppkey))"}]}, {"Node Type": "Index Scan", "Parent Relationship": "Inner", "Scan Direction": "Forward", "Index Name": "orders_pkey", "Relation Name": "orders", "Alias": "orders", "Startup Cost": 0.0, "Total Cost": 0.29, "Plan Rows": 1, "Plan Width": 16, "Index Cond": "(o_orderkey = lineitem.l_orderkey)"}]}, {"Node Type": "Index Scan", "Parent Relationship": "Inner", "Scan Direction": "Forward", "Index Name": "nation_pkey", "Relation Name": "nation", "Alias": "nation", "Startup Cost": 0.0, "Total Cost": 0.27, "Plan Rows": 1, "Plan Width": 30, "Index Cond": "(n_nationkey = supplier.s_nationkey)"}]}]}]}, "Unique SQL Id": 3628361425}, "explain_analyze_plan": {"Plan": {"Node Type": "Aggregate", "Strategy": "Sorted", "Startup Cost": 723866.15, "Total Cost": 723866.19, "Plan Rows": 1, "Plan Width": 74, "Actual Startup Time": 57402.875, "Actual Total Time": 60508.83, "Actual Rows": 175, "Actual Loops": 1, "Group By Key": ["nation.n_name", "(date_part('year'::text, orders.o_orderdate))"], "Plans": [{"Node Type": "Sort", "Parent Relationship": "Outer", "Startup Cost": 723866.15, "Total Cost": 723866.16, "Plan Rows": 1, "Plan Width": 66, "Actual Startup Time": 57391.553, "Actual Total Time": 58143.098, "Actual Rows": 3256948, "Actual Loops": 1, "Sort Key": ["nation.n_name", "(date_part('year'::text, orders.o_orderdate)) DESC"], "Sort Method": "quicksort", "Sort Space Used": 607203, "Sort Space Type": "Memory", "Plans": [{"Node Type": "Nested Loop", "Parent Relationship": "Outer", "Join Type": "Inner", "Startup Cost": 571977.46, "Total Cost": 723866.14, "Plan Rows": 1, "Plan Width": 66, "Actual Startup Time": 2699.003, "Actual Total Time": 51902.529, "Actual Rows": 3256948, "Actual Loops": 1, "Inner Unique": true, "Plans": [{"Node Type": "Nested Loop", "Parent Relationship": "Outer", "Join Type": "Inner", "Startup Cost": 571977.46, "Total Cost": 723865.86, "Plan Rows": 1, "Plan Width": 44, "Actual Startup Time": 2698.975, "Actual Total Time": 43378.566, "Actual Rows": 3256948, "Actual Loops": 1, "Inner Unique": true, "Plans": [{"Node Type": "Nested Loop", "Parent Relationship": "Outer", "Join Type": "Inner", "Startup Cost": 571977.46, "Total Cost": 723865.56, "Plan Rows": 1, "Plan Width": 44, "Actual Startup Time": 2698.955, "Actual Total Time": 16382.08, "Actual Rows": 3256948, "Actual Loops": 1, "Inner Unique": false, "Join Filter": "(supplier.s_suppkey = lineitem.l_suppkey)", "Rows Removed by Join Filter": 0, "Plans": [{"Node Type": "Merge Join", "Parent Relationship": "Outer", "Join Type": "Inner", "Startup Cost": 571977.46, "Total Cost": 580116.55, "Plan Rows": 125630, "Plan Width": 44, "Actual Startup Time": 2698.878, "Actual Total Time": 3164.046, "Actual Rows": 434204, "Actual Loops": 1, "Inner Unique": false, "Merge Cond": "(supplier.s_suppkey = partsupp.ps_suppkey)", "Plans": [{"Node Type": "Index Scan", "Parent Relationship": "Outer", "Scan Direction": "Forward", "Index Name": "supplier_pkey", "Relation Name": "supplier", "Alias": "supplier", "Startup Cost": 0.0, "Total Cost": 5334.54, "Plan Rows": 100000, "Plan Width": 12, "Actual Startup Time": 0.026, "Actual Total Time": 87.242, "Actual Rows": 100000, "Actual Loops": 1}, {"Node Type": "Sort", "Parent Relationship": "Inner", "Startup Cost": 571977.44, "Total Cost": 572626.61, "Plan Rows": 259666, "Plan Width": 32, "Actual Startup Time": 2698.835, "Actual Total Time": 2848.728, "Actual Rows": 434204, "Actual Loops": 1, "Sort Key": ["partsupp.ps_suppkey"], "Sort Method": "quicksort", "Sort Space Used": 52995, "Sort Space Type": "Memory", "Plans": [{"Node Type": "Nested Loop", "Parent Relationship": "Outer", "Join Type": "Inner", "Startup Cost": 0.0, "Total Cost": 548625.29, "Plan Rows": 259666, "Plan Width": 32, "Actual Startup Time": 0.041, "Actual Total Time": 2527.699, "Actual Rows": 434204, "Actual Loops": 1, "Inner Unique": false, "Plans": [{"Node Type": "Index Scan", "Parent Relationship": "Outer", "Scan Direction": "Forward", "Index Name": "part_kpey", "Relation Name": "part", "Alias": "part", "Startup Cost": 0.0, "Total Cost": 105803.25, "Plan Rows": 89888, "Plan Width": 8, "Actual Startup Time": 0.031, "Actual Total Time": 1605.394, "Actual Rows": 108551, "Actual Loops": 1, "Filter": "((p_name)::text ~~ '%dim%'::text)", "Rows Removed by Filter": 1891449}, {"Node Type": "Index Scan", "Parent Relationship": "Inner", "Scan Direction": "Forward", "Index Name": "idx_partsupp_partkey", "Relation Name": "partsupp", "Alias": "partsupp", "Startup Cost": 0.0, "Total Cost": 4.9, "Plan Rows": 3, "Plan Width": 24, "Actual Startup Time": 546.863, "Actual Total Time": 770.605, "Actual Rows": 434204, "Actual Loops": 108551, "Index Cond": "(ps_partkey = part.p_partkey)", "Rows Removed by Index Recheck": 0}]}]}]}, {"Node Type": "Index Scan", "Parent Relationship": "Inner", "Scan Direction": "Forward", "Index Name": "idx_lineitem_part_supp", "Relation Name": "lineitem", "Alias": "lineitem", "Startup Cost": 0.0, "Total Cost": 1.13, "Plan Rows": 1, "Plan Width": 48, "Actual Startup Time": 4136.421, "Actual Total Time": 11612.148, "Actual Rows": 3256948, "Actual Loops": 434204, "Index Cond": "((l_partkey = partsupp.ps_partkey) AND (l_suppkey = partsupp.ps_suppkey))", "Rows Removed by Index Recheck": 0}]}, {"Node Type": "Index Scan", "Parent Relationship": "Inner", "Scan Direction": "Forward", "Index Name": "orders_pkey", "Relation Name": "orders", "Alias": "orders", "Startup Cost": 0.0, "Total Cost": 0.29, "Plan Rows": 1, "Plan Width": 16, "Actual Startup Time": 24192.529, "Actual Total Time": 24192.529, "Actual Rows": 3256948, "Actual Loops": 3256948, "Index Cond": "(o_orderkey = lineitem.l_orderkey)", "Rows Removed by Index Recheck": 0}]}, {"Node Type": "Index Scan", "Parent Relationship": "Inner", "Scan Direction": "Forward", "Index Name": "nation_pkey", "Relation Name": "nation", "Alias": "nation", "Startup Cost": 0.0, "Total Cost": 0.27, "Plan Rows": 1, "Plan Width": 30, "Actual Startup Time": 4459.822, "Actual Total Time": 4459.822, "Actual Rows": 3256948, "Actual Loops": 3256948, "Index Cond": "(n_nationkey = supplier.s_nationkey)", "Rows Removed by Index Recheck": 0}]}]}]}, "Triggers": [], "Planner Runtime": 26.208, "Total Runtime": 60516.121, "Unique SQL Id": 3628361425}}, "(1, 30)": {"explain_plan": {"Plan": {"Node Type": "Aggregate", "Strategy": "Sorted", "Startup Cost": 12011186.68, "Total Cost": 12011186.71, "Plan Rows": 1, "Plan Width": 74, "Group By Key": ["nation.n_name", "(date_part('year'::text, orders.o_orderdate))"], "Plans": [{"Node Type": "Sort", "Parent Relationship": "Outer", "Startup Cost": 12011186.68, "Total Cost": 12011186.68, "Plan Rows": 1, "Plan Width": 66, "Sort Key": ["nation.n_name", "(date_part('year'::text, orders.o_orderdate)) DESC"], "Plans": [{"Node Type": "Nested Loop", "Parent Relationship": "Outer", "Join Type": "Inner", "Startup Cost": 11026521.48, "Total Cost": 12011186.67, "Plan Rows": 1, "Plan Width": 66, "Inner Unique": true, "Join Filter": "(supplier.s_nationkey = nation.n_nationkey)", "Plans": [{"Node Type": "Nested Loop", "Parent Relationship": "Outer", "Join Type": "Inner", "Startup Cost": 11026521.48, "Total Cost": 12011185.1, "Plan Rows": 1, "Plan Width": 44, "Inner Unique": true, "Join Filter": "(lineitem.l_orderkey = orders.o_orderkey)", "Plans": [{"Node Type": "Nested Loop", "Parent Relationship": "Outer", "Join Type": "Inner", "Startup Cost": 11026521.48, "Total Cost": 11397277.82, "Plan Rows": 1, "Plan Width": 44, "Inner Unique": false, "Join Filter": "(lineitem.l_suppkey = supplier.s_suppkey)", "Plans": [{"Node Type": "Seq Scan", "Parent Relationship": "Outer", "Relation Name": "supplier", "Alias": "supplier", "Startup Cost": 0.0, "Total Cost": 3283.0, "Plan Rows": 100000, "Plan Width": 12}, {"Node Type": "Materialize", "Parent Relationship": "Inner", "Startup Cost": 11026521.48, "Total Cost": 11390994.83, "Plan Rows": 2, "Plan Width": 56, "Plans": [{"Node Type": "Merge Join", "Parent Relationship": "Outer", "Join Type": "Inner", "Startup Cost": 11026521.48, "Total Cost": 11390994.82, "Plan Rows": 2, "Plan Width": 56, "Inner Unique": true, "Merge Cond": "(lineitem.l_partkey = partsupp.ps_partkey)", "Join Filter": "(lineitem.l_suppkey = partsupp.ps_suppkey)", "Plans": [{"Node Type": "Merge Join", "Parent Relationship": "Outer", "Join Type": "Inner", "Startup Cost": 9839224.25, "Total Cost": 10144564.49, "Plan Rows": 495566, "Plan Width": 56, "Inner Unique": false, "Merge Cond": "(part.p_partkey = lineitem.l_partkey)", "Plans": [{"Node Type": "Sort", "Parent Relationship": "Outer", "Startup Cost": 74339.91, "Total Cost": 74564.63, "Plan Rows": 89888, "Plan Width": 8, "Sort Key": ["part.p_partkey"], "Plans": [{"Node Type": "Seq Scan", "Parent Relationship": "Outer", "Relation Name": "part", "Alias": "part", "Startup Cost": 0.0, "Total Cost": 66944.0, "Plan Rows": 89888, "Plan Width": 8, "Filter": "((p_name)::text ~~ '%dim%'::text)"}]}, {"Node Type": "Sort", "Parent Relationship": "Inner", "Startup Cost": 9764884.32, "Total Cost": 9914851.9, "Plan Rows": 59987033, "Plan Width": 48, "Sort Key": ["lineitem.l_partkey"], "Plans": [{"Node Type": "Seq Scan", "Parent Relationship": "Outer", "Relation Name": "lineitem", "Alias": "lineitem", "Startup Cost": 0.0, "Total Cost": 2015115.33, "Plan Rows": 59987033, "Plan Width": 48}]}]}, {"Node Type": "Sort", "Parent Relationship": "Inner", "Startup Cost": 1187295.8, "Total Cost": 1207296.73, "Plan Rows": 8000372, "Plan Width": 24, "Sort Key": ["partsupp.ps_partkey"], "Plans": [{"Node Type": "Seq Scan", "Parent Relationship": "Outer", "Relation Name": "partsupp", "Alias": "partsupp", "Startup Cost": 0.0, "Total Cost": 269987.72, "Plan Rows": 8000372, "Plan Width": 24}]}]}]}]}, {"Node Type": "Seq Scan", "Parent Relationship": "Inner", "Relation Name": "orders", "Alias": "orders", "Startup Cost": 0.0, "Total Cost": 426413.79, "Plan Rows": 14999479, "Plan Width": 16}]}, {"Node Type": "Seq Scan", "Parent Relationship": "Inner", "Relation Name": "nation", "Alias": "nation", "Startup Cost": 0.0, "Total Cost": 1.25, "Plan Rows": 25, "Plan Width": 30}]}]}]}, "Unique SQL Id": 3628361425}, "explain_analyze_plan": null}, "(1, 31)": {"explain_plan": {"Plan": {"Node Type": "Aggregate", "Strategy": "Sorted", "Startup Cost": 6000839471774.69, "Total Cost": 6000839471774.72, "Plan Rows": 1, "Plan Width": 74, "Group By Key": ["nation.n_name", "(date_part('year'::text, orders.o_orderdate))"], "Plans": [{"Node Type": "Sort", "Parent Relationship": "Outer", "Startup Cost": 6000839471774.69, "Total Cost": 6000839471774.69, "Plan Rows": 1, "Plan Width": 66, "Sort Key": ["nation.n_name", "(date_part('year'::text, orders.o_orderdate)) DESC"], "Plans": [{"Node Type": "Nested Loop", "Parent Relationship": "Outer", "Join Type": "Inner", "Startup Cost": 60035393416.8, "Total Cost": 6000839471774.68, "Plan Rows": 1, "Plan Width": 66, "Inner Unique": true, "Plans": [{"Node Type": "Merge Join", "Parent Relationship": "Outer", "Join Type": "Inner", "Startup Cost": 50035393416.8, "Total Cost": 5000839471745.44, "Plan Rows": 1, "Plan Width": 66, "Inner Unique": true, "Merge Cond": "(partsupp.ps_partkey = part.p_partkey)", "Plans": [{"Node Type": "Nested Loop", "Parent Relationship": "Outer", "Join Type": "Inner", "Startup Cost": 40035393416.8, "Total Cost": 4000828891195.69, "Plan Rows": 6, "Plan Width": 82, "Inner Unique": true, "Join Filter": "(supplier.s_nationkey = nation.n_nationkey)", "Plans": [{"Node Type": "Nested Loop", "Parent Relationship": "Outer", "Join Type": "Inner", "Startup Cost": 30035393416.8, "Total Cost": 3000828889930.88, "Plan Rows": 6, "Plan Width": 60, "Inner Unique": true, "Join Filter": "(lineitem.l_suppkey = supplier.s_suppkey)", "Plans": [{"Node Type": "Merge Join", "Parent Relationship": "Outer", "Join Type": "Inner", "Startup Cost": 20035393416.8, "Total Cost": 2000828314226.5, "Plan Rows": 28, "Plan Width": 72, "Inner Unique": true, "Merge Cond": "((lineitem.l_partkey = partsupp.ps_partkey) AND (lineitem.l_suppkey = partsupp.ps_suppkey))", "Plans": [{"Node Type": "Index Scan", "Parent Relationship": "Outer", "Scan Direction": "Forward", "Index Name": "idx_lineitem_part_supp", "Relation Name": "lineitem", "Alias": "lineitem", "Startup Cost": 10000000000.0, "Total Cost": 1000775391319.64, "Plan Rows": 59987033, "Plan Width": 48}, {"Node Type": "Index Scan", "Parent Relationship": "Inner", "Scan Direction": "Forward", "Index Name": "partsupp_pkey", "Relation Name": "partsupp", "Alias": "partsupp", "Startup Cost": 10000000000.0, "Total Cost": 1000071640963.22, "Plan Rows": 8000372, "Plan Width": 24}]}, {"Node Type": "Materialize", "Parent Relationship": "Inner", "Startup Cost": 10000000000.0, "Total Cost": 1000000533954.38, "Plan Rows": 100000, "Plan Width": 12, "Plans": [{"Node Type": "Index Scan", "Parent Relationship": "Outer", "Scan Direction": "Forward", "Index Name": "supplier_pkey", "Relation Name": "supplier", "Alias": "supplier", "Startup Cost": 10000000000.0, "Total Cost": 1000000533454.38, "Plan Rows": 100000, "Plan Width": 12}]}]}, {"Node Type": "Materialize", "Parent Relationship": "Inner", "Startup Cost": 10000000000.0, "Total Cost": 1000000001262.62, "Plan Rows": 25, "Plan Width": 30, "Plans": [{"Node Type": "Index Scan", "Parent Relationship": "Outer", "Scan Direction": "Forward", "Index Name": "nation_pkey", "Relation Name": "nation", "Alias": "nation", "Startup Cost": 10000000000.0, "Total Cost": 1000000001262.5, "Plan Rows": 25, "Plan Width": 30}]}]}, {"Node Type": "Index Scan", "Parent Relationship": "Inner", "Scan Direction": "Forward", "Index Name": "part_kpey", "Relation Name": "part", "Alias": "part", "Startup Cost": 10000000000.0, "Total Cost": 1000010580325.0, "Plan Rows": 89888, "Plan Width": 8, "Filter": "((p_name)::text ~~ '%dim%'::text)"}]}, {"Node Type": "Index Scan", "Parent Relationship": "Inner", "Scan Direction": "Forward", "Index Name": "orders_pkey", "Relation Name": "orders", "Alias": "orders", "Startup Cost": 10000000000.0, "Total Cost": 1000000000029.23, "Plan Rows": 1, "Plan Width": 16, "Index Cond": "(o_orderkey = lineitem.l_orderkey)"}]}]}]}, "Unique SQL Id": 3628361425}, "explain_analyze_plan": null}, "(1, 32)": {"explain_plan": {"Plan": {"Node Type": "Aggregate", "Strategy": "Sorted", "Startup Cost": 521166.02, "Total Cost": 521166.06, "Plan Rows": 1, "Plan Width": 74, "Group By Key": ["nation.n_name", "(date_part('year'::text, orders.o_orderdate))"], "Plans": [{"Node Type": "Sort", "Parent Relationship": "Outer", "Startup Cost": 521166.02, "Total Cost": 521166.03, "Plan Rows": 1, "Plan Width": 66, "Sort Key": ["nation.n_name", "(date_part('year'::text, orders.o_orderdate)) DESC"], "Plans": [{"Node Type": "Nested Loop", "Parent Relationship": "Outer", "Join Type": "Inner", "Startup Cost": 72600.6, "Total Cost": 521166.01, "Plan Rows": 1, "Plan Width": 66, "Inner Unique": true, "Plans": [{"Node Type": "Nested Loop", "Parent Relationship": "Outer", "Join Type": "Inner", "Startup Cost": 72600.6, "Total Cost": 521165.73, "Plan Rows": 1, "Plan Width": 44, "Inner Unique": true, "Plans": [{"Node Type": "Nested Loop", "Parent Relationship": "Outer", "Join Type": "Inner", "Startup Cost": 72600.6, "Total Cost": 521165.43, "Plan Rows": 1, "Plan Width": 44, "Inner Unique": false, "Join Filter": "(supplier.s_suppkey = lineitem.l_suppkey)", "Plans": [{"Node Type": "Hash Join", "Parent Relationship": "Outer", "Join Type": "Inner", "Startup Cost": 72600.6, "Total Cost": 377416.42, "Plan Rows": 125630, "Plan Width": 44, "Inner Unique": true, "Hash Cond": "(partsupp.ps_suppkey = supplier.s_suppkey), (LLVM Optimized)", "Plans": [{"Node Type": "Hash Join", "Parent Relationship": "Outer", "Join Type": "Inner", "Startup Cost": 68067.6, "Total Cost": 370653.38, "Plan Rows": 259666, "Plan Width": 32, "Inner Unique": true, "Hash Cond": "(partsupp.ps_partkey = part.p_partkey), (LLVM Optimized)", "Plans": [{"Node Type": "Seq Scan", "Parent Relationship": "Outer", "Relation Name": "partsupp", "Alias": "partsupp", "Startup Cost": 0.0, "Total Cost": 269987.72, "Plan Rows": 8000372, "Plan Width": 24}, {"Node Type": "Hash", "Parent Relationship": "Inner", "Startup Cost": 66944.0, "Total Cost": 66944.0, "Plan Rows": 89888, "Plan Width": 8, "Plans": [{"Node Type": "Seq Scan", "Parent Relationship": "Outer", "Relation Name": "part", "Alias": "part", "Startup Cost": 0.0, "Total Cost": 66944.0, "Plan Rows": 89888, "Plan Width": 8, "Filter": "((p_name)::text ~~ '%dim%'::text)"}]}]}, {"Node Type": "Hash", "Parent Relationship": "Inner", "Startup Cost": 3283.0, "Total Cost": 3283.0, "Plan Rows": 100000, "Plan Width": 12, "Plans": [{"Node Type": "Seq Scan", "Parent Relationship": "Outer", "Relation Name": "supplier", "Alias": "supplier", "Startup Cost": 0.0, "Total Cost": 3283.0, "Plan Rows": 100000, "Plan Width": 12}]}]}, {"Node Type": "Index Scan", "Parent Relationship": "Inner", "Scan Direction": "Forward", "Index Name": "idx_lineitem_part_supp", "Relation Name": "lineitem", "Alias": "lineitem", "Startup Cost": 0.0, "Total Cost": 1.13, "Plan Rows": 1, "Plan Width": 48, "Index Cond": "((l_partkey = partsupp.ps_partkey) AND (l_suppkey = partsupp.ps_suppkey))"}]}, {"Node Type": "Index Scan", "Parent Relationship": "Inner", "Scan Direction": "Forward", "Index Name": "orders_pkey", "Relation Name": "orders", "Alias": "orders", "Startup Cost": 0.0, "Total Cost": 0.29, "Plan Rows": 1, "Plan Width": 16, "Index Cond": "(o_orderkey = lineitem.l_orderkey)"}]}, {"Node Type": "Index Scan", "Parent Relationship": "Inner", "Scan Direction": "Forward", "Index Name": "nation_pkey", "Relation Name": "nation", "Alias": "nation", "Startup Cost": 0.0, "Total Cost": 0.27, "Plan Rows": 1, "Plan Width": 30, "Index Cond": "(n_nationkey = supplier.s_nationkey)"}]}]}]}, "Unique SQL Id": 3628361425}, "explain_analyze_plan": {"Plan": {"Node Type": "Aggregate", "Strategy": "Sorted", "Startup Cost": 521166.02, "Total Cost": 521166.06, "Plan Rows": 1, "Plan Width": 74, "Actual Startup Time": 59481.117, "Actual Total Time": 62604.215, "Actual Rows": 175, "Actual Loops": 1, "Group By Key": ["nation.n_name", "(date_part('year'::text, orders.o_orderdate))"], "Plans": [{"Node Type": "Sort", "Parent Relationship": "Outer", "Startup Cost": 521166.02, "Total Cost": 521166.03, "Plan Rows": 1, "Plan Width": 66, "Actual Startup Time": 59469.211, "Actual Total Time": 60260.928, "Actual Rows": 3256948, "Actual Loops": 1, "Sort Key": ["nation.n_name", "(date_part('year'::text, orders.o_orderdate)) DESC"], "Sort Method": "quicksort", "Sort Space Used": 607203, "Sort Space Type": "Memory", "Plans": [{"Node Type": "Nested Loop", "Parent Relationship": "Outer", "Join Type": "Inner", "Startup Cost": 72600.6, "Total Cost": 521166.01, "Plan Rows": 1, "Plan Width": 66, "Actual Startup Time": 1094.503, "Actual Total Time": 53628.008, "Actual Rows": 3256948, "Actual Loops": 1, "Inner Unique": true, "Plans": [{"Node Type": "Nested Loop", "Parent Relationship": "Outer", "Join Type": "Inner", "Startup Cost": 72600.6, "Total Cost": 521165.73, "Plan Rows": 1, "Plan Width": 44, "Actual Startup Time": 1094.366, "Actual Total Time": 45161.558, "Actual Rows": 3256948, "Actual Loops": 1, "Inner Unique": true, "Plans": [{"Node Type": "Nested Loop", "Parent Relationship": "Outer", "Join Type": "Inner", "Startup Cost": 72600.6, "Total Cost": 521165.43, "Plan Rows": 1, "Plan Width": 44, "Actual Startup Time": 1094.34, "Actual Total Time": 18317.543, "Actual Rows": 3256948, "Actual Loops": 1, "Inner Unique": false, "Join Filter": "(supplier.s_suppkey = lineitem.l_suppkey)", "Rows Removed by Join Filter": 0, "Plans": [{"Node Type": "Hash Join", "Parent Relationship": "Outer", "Join Type": "Inner", "Startup Cost": 72600.6, "Total Cost": 377416.42, "Plan Rows": 125630, "Plan Width": 44, "Actual Startup Time": 1094.281, "Actual Total Time": 6180.496, "Actual Rows": 434204, "Actual Loops": 1, "Inner Unique": true, "Hash Cond": "(partsupp.ps_suppkey = supplier.s_suppkey), (LLVM Optimized, Jit Execute)", "Plans": [{"Node Type": "Hash Join", "Parent Relationship": "Outer", "Join Type": "Inner", "Startup Cost": 68067.6, "Total Cost": 370653.38, "Plan Rows": 259666, "Plan Width": 32, "Actual Startup Time": 1031.172, "Actual Total Time": 5716.645, "Actual Rows": 434204, "Actual Loops": 1, "Inner Unique": true, "Hash Cond": "(partsupp.ps_partkey = part.p_partkey), (LLVM Optimized, Jit Execute)", "Plans": [{"Node Type": "Seq Scan", "Parent Relationship": "Outer", "Relation Name": "partsupp", "Alias": "partsupp", "Startup Cost": 0.0, "Total Cost": 269987.72, "Plan Rows": 8000372, "Plan Width": 24, "Actual Startup Time": 0.013, "Actual Total Time": 2512.445, "Actual Rows": 8000000, "Actual Loops": 1}, {"Node Type": "Hash", "Parent Relationship": "Inner", "Startup Cost": 66944.0, "Total Cost": 66944.0, "Plan Rows": 89888, "Plan Width": 8, "Actual Startup Time": 1031.014, "Actual Total Time": 1031.014, "Actual Rows": 108551, "Actual Loops": 1, "Hash Buckets": 131072, "Hash Batches": 1, "Original Hash Batches": 1, "Peak Memory Usage": 4241, "Plans": [{"Node Type": "Seq Scan", "Parent Relationship": "Outer", "Relation Name": "part", "Alias": "part", "Startup Cost": 0.0, "Total Cost": 66944.0, "Plan Rows": 89888, "Plan Width": 8, "Actual Startup Time": 0.047, "Actual Total Time": 992.378, "Actual Rows": 108551, "Actual Loops": 1, "Filter": "((p_name)::text ~~ '%dim%'::text)", "Rows Removed by Filter": 1891449}]}]}, {"Node Type": "Hash", "Parent Relationship": "Inner", "Startup Cost": 3283.0, "Total Cost": 3283.0, "Plan Rows": 100000, "Plan Width": 12, "Actual Startup Time": 62.997, "Actual Total Time": 62.997, "Actual Rows": 100000, "Actual Loops": 1, "Hash Buckets": 131072, "Hash Batches": 1, "Original Hash Batches": 1, "Peak Memory Usage": 4297, "Plans": [{"Node Type": "Seq Scan", "Parent Relationship": "Outer", "Relation Name": "supplier", "Alias": "supplier", "Startup Cost": 0.0, "Total Cost": 3283.0, "Plan Rows": 100000, "Plan Width": 12, "Actual Startup Time": 0.026, "Actual Total Time": 35.878, "Actual Rows": 100000, "Actual Loops": 1}]}]}, {"Node Type": "Index Scan", "Parent Relationship": "Inner", "Scan Direction": "Forward", "Index Name": "idx_lineitem_part_supp", "Relation Name": "lineitem", "Alias": "lineitem", "Startup Cost": 0.0, "Total Cost": 1.13, "Plan Rows": 1, "Plan Width": 48, "Actual Startup Time": 3039.434, "Actual Total Time": 10513.781, "Actual Rows": 3256948, "Actual Loops": 434204, "Index Cond": "((l_partkey = partsupp.ps_partkey) AND (l_suppkey = partsupp.ps_suppkey))", "Rows Removed by Index Recheck": 0}]}, {"Node Type": "Index Scan", "Parent Relationship": "Inner", "Scan Direction": "Forward", "Index Name": "orders_pkey", "Relation Name": "orders", "Alias": "orders", "Startup Cost": 0.0, "Total Cost": 0.29, "Plan Rows": 1, "Plan Width": 16, "Actual Startup Time": 24113.79, "Actual Total Time": 24113.79, "Actual Rows": 3256948, "Actual Loops": 3256948, "Index Cond": "(o_orderkey = lineitem.l_orderkey)", "Rows Removed by Index Recheck": 0}]}, {"Node Type": "Index Scan", "Parent Relationship": "Inner", "Scan Direction": "Forward", "Index Name": "nation_pkey", "Relation Name": "nation", "Alias": "nation", "Startup Cost": 0.0, "Total Cost": 0.27, "Plan Rows": 1, "Plan Width": 30, "Actual Startup Time": 4504.283, "Actual Total Time": 4504.283, "Actual Rows": 3256948, "Actual Loops": 3256948, "Index Cond": "(n_nationkey = supplier.s_nationkey)", "Rows Removed by Index Recheck": 0}]}]}]}, "Triggers": [], "Planner Runtime": 30.255, "Total Runtime": 62619.904, "Unique SQL Id": 3628361425}}, "(1, 33)": {"explain_plan": {"Plan": {"Node Type": "Aggregate", "Strategy": "Sorted", "Startup Cost": 701189.48, "Total Cost": 701189.52, "Plan Rows": 1, "Plan Width": 74, "Group By Key": ["nation.n_name", "(date_part('year'::text, orders.o_orderdate))"], "Plans": [{"Node Type": "Sort", "Parent Relationship": "Outer", "Startup Cost": 701189.48, "Total Cost": 701189.49, "Plan Rows": 1, "Plan Width": 66, "Sort Key": ["nation.n_name", "(date_part('year'::text, orders.o_orderdate)) DESC"], "Plans": [{"Node Type": "Nested Loop", "Parent Relationship": "Outer", "Join Type": "Inner", "Startup Cost": 6584.54, "Total Cost": 701189.47, "Plan Rows": 1, "Plan Width": 66, "Inner Unique": true, "Plans": [{"Node Type": "Nested Loop", "Parent Relationship": "Outer", "Join Type": "Inner", "Startup Cost": 6584.54, "Total Cost": 701189.19, "Plan Rows": 1, "Plan Width": 44, "Inner Unique": true, "Plans": [{"Node Type": "Nested Loop", "Parent Relationship": "Outer", "Join Type": "Inner", "Startup Cost": 6584.54, "Total Cost": 701188.89, "Plan Rows": 1, "Plan Width": 44, "Inner Unique": false, "Join Filter": "(supplier.s_suppkey = lineitem.l_suppkey)", "Plans": [{"Node Type": "Hash Join", "Parent Relationship": "Outer", "Join Type": "Inner", "Startup Cost": 6584.54, "Total Cost": 557439.88, "Plan Rows": 125630, "Plan Width": 44, "Inner Unique": true, "Hash Cond": "(partsupp.ps_suppkey = supplier.s_suppkey), (LLVM Optimized)", "Plans": [{"Node Type": "Nested Loop", "Parent Relationship": "Outer", "Join Type": "Inner", "Startup Cost": 0.0, "Total Cost": 548625.29, "Plan Rows": 259666, "Plan Width": 32, "Inner Unique": false, "Plans": [{"Node Type": "Index Scan", "Parent Relationship": "Outer", "Scan Direction": "Forward", "Index Name": "part_kpey", "Relation Name": "part", "Alias": "part", "Startup Cost": 0.0, "Total Cost": 105803.25, "Plan Rows": 89888, "Plan Width": 8, "Filter": "((p_name)::text ~~ '%dim%'::text)"}, {"Node Type": "Index Scan", "Parent Relationship": "Inner", "Scan Direction": "Forward", "Index Name": "idx_partsupp_partkey", "Relation Name": "partsupp", "Alias": "partsupp", "Startup Cost": 0.0, "Total Cost": 4.9, "Plan Rows": 3, "Plan Width": 24, "Index Cond": "(ps_partkey = part.p_partkey)"}]}, {"Node Type": "Hash", "Parent Relationship": "Inner", "Startup Cost": 5334.54, "Total Cost": 5334.54, "Plan Rows": 100000, "Plan Width": 12, "Plans": [{"Node Type": "Index Scan", "Parent Relationship": "Outer", "Scan Direction": "Forward", "Index Name": "supplier_pkey", "Relation Name": "supplier", "Alias": "supplier", "Startup Cost": 0.0, "Total Cost": 5334.54, "Plan Rows": 100000, "Plan Width": 12}]}]}, {"Node Type": "Index Scan", "Parent Relationship": "Inner", "Scan Direction": "Forward", "Index Name": "idx_lineitem_part_supp", "Relation Name": "lineitem", "Alias": "lineitem", "Startup Cost": 0.0, "Total Cost": 1.13, "Plan Rows": 1, "Plan Width": 48, "Index Cond": "((l_partkey = partsupp.ps_partkey) AND (l_suppkey = partsupp.ps_suppkey))"}]}, {"Node Type": "Index Scan", "Parent Relationship": "Inner", "Scan Direction": "Forward", "Index Name": "orders_pkey", "Relation Name": "orders", "Alias": "orders", "Startup Cost": 0.0, "Total Cost": 0.29, "Plan Rows": 1, "Plan Width": 16, "Index Cond": "(o_orderkey = lineitem.l_orderkey)"}]}, {"Node Type": "Index Scan", "Parent Relationship": "Inner", "Scan Direction": "Forward", "Index Name": "nation_pkey", "Relation Name": "nation", "Alias": "nation", "Startup Cost": 0.0, "Total Cost": 0.27, "Plan Rows": 1, "Plan Width": 30, "Index Cond": "(n_nationkey = supplier.s_nationkey)"}]}]}]}, "Unique SQL Id": 3628361425}, "explain_analyze_plan": {"Plan": {"Node Type": "Aggregate", "Strategy": "Sorted", "Startup Cost": 701189.48, "Total Cost": 701189.52, "Plan Rows": 1, "Plan Width": 74, "Actual Startup Time": 57927.603, "Actual Total Time": 60887.2, "Actual Rows": 175, "Actual Loops": 1, "Group By Key": ["nation.n_name", "(date_part('year'::text, orders.o_orderdate))"], "Plans": [{"Node Type": "Sort", "Parent Relationship": "Outer", "Startup Cost": 701189.48, "Total Cost": 701189.49, "Plan Rows": 1, "Plan Width": 66, "Actual Startup Time": 57917.052, "Actual Total Time": 58585.336, "Actual Rows": 3256948, "Actual Loops": 1, "Sort Key": ["nation.n_name", "(date_part('year'::text, orders.o_orderdate)) DESC"], "Sort Method": "quicksort", "Sort Space Used": 607203, "Sort Space Type": "Memory", "Plans": [{"Node Type": "Nested Loop", "Parent Relationship": "Outer", "Join Type": "Inner", "Startup Cost": 6584.54, "Total Cost": 701189.47, "Plan Rows": 1, "Plan Width": 66, "Actual Startup Time": 88.208, "Actual Total Time": 52379.794, "Actual Rows": 3256948, "Actual Loops": 1, "Inner Unique": true, "Plans": [{"Node Type": "Nested Loop", "Parent Relationship": "Outer", "Join Type": "Inner", "Startup Cost": 6584.54, "Total Cost": 701189.19, "Plan Rows": 1, "Plan Width": 44, "Actual Startup Time": 88.176, "Actual Total Time": 43642.973, "Actual Rows": 3256948, "Actual Loops": 1, "Inner Unique": true, "Plans": [{"Node Type": "Nested Loop", "Parent Relationship": "Outer", "Join Type": "Inner", "Startup Cost": 6584.54, "Total Cost": 701188.89, "Plan Rows": 1, "Plan Width": 44, "Actual Startup Time": 88.16, "Actual Total Time": 15982.385, "Actual Rows": 3256948, "Actual Loops": 1, "Inner Unique": false, "Join Filter": "(supplier.s_suppkey = lineitem.l_suppkey)", "Rows Removed by Join Filter": 0, "Plans": [{"Node Type": "Hash Join", "Parent Relationship": "Outer", "Join Type": "Inner", "Startup Cost": 6584.54, "Total Cost": 557439.88, "Plan Rows": 125630, "Plan Width": 44, "Actual Startup Time": 88.115, "Actual Total Time": 3477.657, "Actual Rows": 434204, "Actual Loops": 1, "Inner Unique": true, "Hash Cond": "(partsupp.ps_suppkey = supplier.s_suppkey), (LLVM Optimized, Jit Execute)", "Plans": [{"Node Type": "Nested Loop", "Parent Relationship": "Outer", "Join Type": "Inner", "Startup Cost": 0.0, "Total Cost": 548625.29, "Plan Rows": 259666, "Plan Width": 32, "Actual Startup Time": 0.091, "Actual Total Time": 2926.915, "Actual Rows": 434204, "Actual Loops": 1, "Inner Unique": false, "Plans": [{"Node Type": "Index Scan", "Parent Relationship": "Outer", "Scan Direction": "Forward", "Index Name": "part_kpey", "Relation Name": "part", "Alias": "part", "Startup Cost": 0.0, "Total Cost": 105803.25, "Plan Rows": 89888, "Plan Width": 8, "Actual Startup Time": 0.065, "Actual Total Time": 1746.869, "Actual Rows": 108551, "Actual Loops": 1, "Filter": "((p_name)::text ~~ '%dim%'::text)", "Rows Removed by Filter": 1891449}, {"Node Type": "Index Scan", "Parent Relationship": "Inner", "Scan Direction": "Forward", "Index Name": "idx_partsupp_partkey", "Relation Name": "partsupp", "Alias": "partsupp", "Startup Cost": 0.0, "Total Cost": 4.9, "Plan Rows": 3, "Plan Width": 24, "Actual Startup Time": 667.283, "Actual Total Time": 976.149, "Actual Rows": 434204, "Actual Loops": 108551, "Index Cond": "(ps_partkey = part.p_partkey)", "Rows Removed by Index Recheck": 0}]}, {"Node Type": "Hash", "Parent Relationship": "Inner", "Startup Cost": 5334.54, "Total Cost": 5334.54, "Plan Rows": 100000, "Plan Width": 12, "Actual Startup Time": 87.877, "Actual Total Time": 87.877, "Actual Rows": 100000, "Actual Loops": 1, "Hash Buckets": 131072, "Hash Batches": 1, "Original Hash Batches": 1, "Peak Memory Usage": 4297, "Plans": [{"Node Type": "Index Scan", "Parent Relationship": "Outer", "Scan Direction": "Forward", "Index Name": "supplier_pkey", "Relation Name": "supplier", "Alias": "supplier", "Startup Cost": 0.0, "Total Cost": 5334.54, "Plan Rows": 100000, "Plan Width": 12, "Actual Startup Time": 0.025, "Actual Total Time": 60.048, "Actual Rows": 100000, "Actual Loops": 1}]}]}, {"Node Type": "Index Scan", "Parent Relationship": "Inner", "Scan Direction": "Forward", "Index Name": "idx_lineitem_part_supp", "Relation Name": "lineitem", "Alias": "lineitem", "Startup Cost": 0.0, "Total Cost": 1.13, "Plan Rows": 1, "Plan Width": 48, "Actual Startup Time": 3121.867, "Actual Total Time": 10833.853, "Actual Rows": 3256948, "Actual Loops": 434204, "Index Cond": "((l_partkey = partsupp.ps_partkey) AND (l_suppkey = partsupp.ps_suppkey))", "Rows Removed by Index Recheck": 0}]}, {"Node Type": "Index Scan", "Parent Relationship": "Inner", "Scan Direction": "Forward", "Index Name": "orders_pkey", "Relation Name": "orders", "Alias": "orders", "Startup Cost": 0.0, "Total Cost": 0.29, "Plan Rows": 1, "Plan Width": 16, "Actual Startup Time": 24891.296, "Actual Total Time": 24891.296, "Actual Rows": 3256948, "Actual Loops": 3256948, "Index Cond": "(o_orderkey = lineitem.l_orderkey)", "Rows Removed by Index Recheck": 0}]}, {"Node Type": "Index Scan", "Parent Relationship": "Inner", "Scan Direction": "Forward", "Index Name": "nation_pkey", "Relation Name": "nation", "Alias": "nation", "Startup Cost": 0.0, "Total Cost": 0.27, "Plan Rows": 1, "Plan Width": 30, "Actual Startup Time": 4701.479, "Actual Total Time": 4701.479, "Actual Rows": 3256948, "Actual Loops": 3256948, "Index Cond": "(n_nationkey = supplier.s_nationkey)", "Rows Removed by Index Recheck": 0}]}]}]}, "Triggers": [], "Planner Runtime": 29.635, "Total Runtime": 60901.785, "Unique SQL Id": 3628361425}}, "(1, 34)": {"explain_plan": {"Plan": {"Node Type": "Aggregate", "Strategy": "Sorted", "Startup Cost": 934828.22, "Total Cost": 934828.25, "Plan Rows": 1, "Plan Width": 74, "Group By Key": ["nation.n_name", "(date_part('year'::text, orders.o_orderdate))"], "Plans": [{"Node Type": "Sort", "Parent Relationship": "Outer", "Startup Cost": 934828.22, "Total Cost": 934828.22, "Plan Rows": 1, "Plan Width": 66, "Sort Key": ["nation.n_name", "(date_part('year'::text, orders.o_orderdate)) DESC"], "Plans": [{"Node Type": "Nested Loop", "Parent Relationship": "Outer", "Join Type": "Inner", "Startup Cost": 72601.27, "Total Cost": 934828.21, "Plan Rows": 1, "Plan Width": 66, "Inner Unique": true, "Join Filter": "(supplier.s_nationkey = nation.n_nationkey)", "Plans": [{"Node Type": "Nested Loop", "Parent Relationship": "Outer", "Join Type": "Inner", "Startup Cost": 72601.27, "Total Cost": 934826.64, "Plan Rows": 1, "Plan Width": 44, "Inner Unique": true, "Plans": [{"Node Type": "Nested Loop", "Parent Relationship": "Outer", "Join Type": "Inner", "Startup Cost": 72601.01, "Total Cost": 934822.36, "Plan Rows": 1, "Plan Width": 44, "Inner Unique": false, "Join Filter": "(supplier.s_suppkey = lineitem.l_suppkey)", "Plans": [{"Node Type": "Hash Join", "Parent Relationship": "Outer", "Join Type": "Inner", "Startup Cost": 72600.6, "Total Cost": 377416.42, "Plan Rows": 125630, "Plan Width": 44, "Inner Unique": true, "Hash Cond": "(partsupp.ps_suppkey = supplier.s_suppkey), (LLVM Optimized)", "Plans": [{"Node Type": "Hash Join", "Parent Relationship": "Outer", "Join Type": "Inner", "Startup Cost": 68067.6, "Total Cost": 370653.38, "Plan Rows": 259666, "Plan Width": 32, "Inner Unique": true, "Hash Cond": "(partsupp.ps_partkey = part.p_partkey), (LLVM Optimized)", "Plans": [{"Node Type": "Seq Scan", "Parent Relationship": "Outer", "Relation Name": "partsupp", "Alias": "partsupp", "Startup Cost": 0.0, "Total Cost": 269987.72, "Plan Rows": 8000372, "Plan Width": 24}, {"Node Type": "Hash", "Parent Relationship": "Inner", "Startup Cost": 66944.0, "Total Cost": 66944.0, "Plan Rows": 89888, "Plan Width": 8, "Plans": [{"Node Type": "Seq Scan", "Parent Relationship": "Outer", "Relation Name": "part", "Alias": "part", "Startup Cost": 0.0, "Total Cost": 66944.0, "Plan Rows": 89888, "Plan Width": 8, "Filter": "((p_name)::text ~~ '%dim%'::text)"}]}]}, {"Node Type": "Hash", "Parent Relationship": "Inner", "Startup Cost": 3283.0, "Total Cost": 3283.0, "Plan Rows": 100000, "Plan Width": 12, "Plans": [{"Node Type": "Seq Scan", "Parent Relationship": "Outer", "Relation Name": "supplier", "Alias": "supplier", "Startup Cost": 0.0, "Total Cost": 3283.0, "Plan Rows": 100000, "Plan Width": 12}]}]}, {"Node Type": "Bitmap Heap Scan", "Parent Relationship": "Inner", "Relation Name": "lineitem", "Alias": "lineitem", "Startup Cost": 0.41, "Total Cost": 4.42, "Plan Rows": 1, "Plan Width": 48, "Recheck Cond": "((l_partkey = partsupp.ps_partkey) AND (l_suppkey = partsupp.ps_suppkey))", "Plans": [{"Node Type": "Bitmap Index Scan", "Parent Relationship": "Outer", "Index Name": "idx_lineitem_part_supp", "Startup Cost": 0.0, "Total Cost": 0.41, "Plan Rows": 1, "Plan Width": 0, "Index Cond": "((l_partkey = partsupp.ps_partkey) AND (l_suppkey = partsupp.ps_suppkey))"}]}]}, {"Node Type": "Bitmap Heap Scan", "Parent Relationship": "Inner", "Relation Name": "orders", "Alias": "orders", "Startup Cost": 0.26, "Total Cost": 4.27, "Plan Rows": 1, "Plan Width": 16, "Recheck Cond": "(o_orderkey = lineitem.l_orderkey)", "Plans": [{"Node Type": "Bitmap Index Scan", "Parent Relationship": "Outer", "Index Name": "orders_pkey", "Startup Cost": 0.0, "Total Cost": 0.26, "Plan Rows": 1, "Plan Width": 0, "Index Cond": "(o_orderkey = lineitem.l_orderkey)"}]}]}, {"Node Type": "Seq Scan", "Parent Relationship": "Inner", "Relation Name": "nation", "Alias": "nation", "Startup Cost": 0.0, "Total Cost": 1.25, "Plan Rows": 25, "Plan Width": 30}]}]}]}, "Unique SQL Id": 3628361425}, "explain_analyze_plan": {"Plan": {"Node Type": "Aggregate", "Strategy": "Sorted", "Startup Cost": 934828.22, "Total Cost": 934828.25, "Plan Rows": 1, "Plan Width": 74, "Actual Startup Time": 92963.44, "Actual Total Time": 95985.051, "Actual Rows": 175, "Actual Loops": 1, "Group By Key": ["nation.n_name", "(date_part('year'::text, orders.o_orderdate))"], "Plans": [{"Node Type": "Sort", "Parent Relationship": "Outer", "Startup Cost": 934828.22, "Total Cost": 934828.22, "Plan Rows": 1, "Plan Width": 66, "Actual Startup Time": 92952.387, "Actual Total Time": 93671.426, "Actual Rows": 3256948, "Actual Loops": 1, "Sort Key": ["nation.n_name", "(date_part('year'::text, orders.o_orderdate)) DESC"], "Sort Method": "quicksort", "Sort Space Used": 607203, "Sort Space Type": "Memory", "Plans": [{"Node Type": "Nested Loop", "Parent Relationship": "Outer", "Join Type": "Inner", "Startup Cost": 72601.27, "Total Cost": 934828.21, "Plan Rows": 1, "Plan Width": 66, "Actual Startup Time": 1098.639, "Actual Total Time": 87246.541, "Actual Rows": 3256948, "Actual Loops": 1, "Inner Unique": true, "Join Filter": "(supplier.s_nationkey = nation.n_nationkey)", "Rows Removed by Join Filter": 39103306, "Plans": [{"Node Type": "Nested Loop", "Parent Relationship": "Outer", "Join Type": "Inner", "Startup Cost": 72601.27, "Total Cost": 934826.64, "Plan Rows": 1, "Plan Width": 44, "Actual Startup Time": 1098.525, "Actual Total Time": 56384.437, "Actual Rows": 3256948, "Actual Loops": 1, "Inner Unique": true, "Plans": [{"Node Type": "Nested Loop", "Parent Relationship": "Outer", "Join Type": "Inner", "Startup Cost": 72601.01, "Total Cost": 934822.36, "Plan Rows": 1, "Plan Width": 44, "Actual Startup Time": 1098.502, "Actual Total Time": 22286.241, "Actual Rows": 3256948, "Actual Loops": 1, "Inner Unique": false, "Join Filter": "(supplier.s_suppkey = lineitem.l_suppkey)", "Rows Removed by Join Filter": 0, "Plans": [{"Node Type": "Hash Join", "Parent Relationship": "Outer", "Join Type": "Inner", "Startup Cost": 72600.6, "Total Cost": 377416.42, "Plan Rows": 125630, "Plan Width": 44, "Actual Startup Time": 1098.397, "Actual Total Time": 6424.119, "Actual Rows": 434204, "Actual Loops": 1, "Inner Unique": true, "Hash Cond": "(partsupp.ps_suppkey = supplier.s_suppkey), (LLVM Optimized, Jit Execute)", "Plans": [{"Node Type": "Hash Join", "Parent Relationship": "Outer", "Join Type": "Inner", "Startup Cost": 68067.6, "Total Cost": 370653.38, "Plan Rows": 259666, "Plan Width": 32, "Actual Startup Time": 1035.246, "Actual Total Time": 5925.911, "Actual Rows": 434204, "Actual Loops": 1, "Inner Unique": true, "Hash Cond": "(partsupp.ps_partkey = part.p_partkey), (LLVM Optimized, Jit Execute)", "Plans": [{"Node Type": "Seq Scan", "Parent Relationship": "Outer", "Relation Name": "partsupp", "Alias": "partsupp", "Startup Cost": 0.0, "Total Cost": 269987.72, "Plan Rows": 8000372, "Plan Width": 24, "Actual Startup Time": 0.012, "Actual Total Time": 2571.841, "Actual Rows": 8000000, "Actual Loops": 1}, {"Node Type": "Hash", "Parent Relationship": "Inner", "Startup Cost": 66944.0, "Total Cost": 66944.0, "Plan Rows": 89888, "Plan Width": 8, "Actual Startup Time": 1035.091, "Actual Total Time": 1035.091, "Actual Rows": 108551, "Actual Loops": 1, "Hash Buckets": 131072, "Hash Batches": 1, "Original Hash Batches": 1, "Peak Memory Usage": 4241, "Plans": [{"Node Type": "Seq Scan", "Parent Relationship": "Outer", "Relation Name": "part", "Alias": "part", "Startup Cost": 0.0, "Total Cost": 66944.0, "Plan Rows": 89888, "Plan Width": 8, "Actual Startup Time": 0.044, "Actual Total Time": 992.617, "Actual Rows": 108551, "Actual Loops": 1, "Filter": "((p_name)::text ~~ '%dim%'::text)", "Rows Removed by Filter": 1891449}]}]}, {"Node Type": "Hash", "Parent Relationship": "Inner", "Startup Cost": 3283.0, "Total Cost": 3283.0, "Plan Rows": 100000, "Plan Width": 12, "Actual Startup Time": 63.046, "Actual Total Time": 63.046, "Actual Rows": 100000, "Actual Loops": 1, "Hash Buckets": 131072, "Hash Batches": 1, "Original Hash Batches": 1, "Peak Memory Usage": 4297, "Plans": [{"Node Type": "Seq Scan", "Parent Relationship": "Outer", "Relation Name": "supplier", "Alias": "supplier", "Startup Cost": 0.0, "Total Cost": 3283.0, "Plan Rows": 100000, "Plan Width": 12, "Actual Startup Time": 0.026, "Actual Total Time": 36.067, "Actual Rows": 100000, "Actual Loops": 1}]}]}, {"Node Type": "Bitmap Heap Scan", "Parent Relationship": "Inner", "Relation Name": "lineitem", "Alias": "lineitem", "Startup Cost": 0.41, "Total Cost": 4.42, "Plan Rows": 1, "Plan Width": 48, "Actual Startup Time": 5025.617, "Actual Total Time": 13836.925, "Actual Rows": 3256948, "Actual Loops": 434204, "Recheck Cond": "((l_partkey = partsupp.ps_partkey) AND (l_suppkey = partsupp.ps_suppkey))", "Rows Removed by Index Recheck": 0, "Exact Heap Blocks": 3256937, "Lossy Heap Blocks": 3256937, "Plans": [{"Node Type": "Bitmap Index Scan", "Parent Relationship": "Outer", "Index Name": "idx_lineitem_part_supp", "Startup Cost": 0.0, "Total Cost": 0.41, "Plan Rows": 1, "Plan Width": 0, "Actual Startup Time": 2838.513, "Actual Total Time": 2838.513, "Actual Rows": 3256948, "Actual Loops": 434204, "Index Cond": "((l_partkey = partsupp.ps_partkey) AND (l_suppkey = partsupp.ps_suppkey))"}]}]}, {"Node Type": "Bitmap Heap Scan", "Parent Relationship": "Inner", "Relation Name": "orders", "Alias": "orders", "Startup Cost": 0.26, "Total Cost": 4.27, "Plan Rows": 1, "Plan Width": 16, "Actual Startup Time": 29681.552, "Actual Total Time": 29681.552, "Actual Rows": 3256948, "Actual Loops": 3256948, "Recheck Cond": "(o_orderkey = lineitem.l_orderkey)", "Rows Removed by Index Recheck": 0, "Exact Heap Blocks": 3256948, "Lossy Heap Blocks": 3256948, "Plans": [{"Node Type": "Bitmap Index Scan", "Parent Relationship": "Outer", "Index Name": "orders_pkey", "Startup Cost": 0.0, "Total Cost": 0.26, "Plan Rows": 1, "Plan Width": 0, "Actual Startup Time": 19327.892, "Actual Total Time": 19327.892, "Actual Rows": 3256948, "Actual Loops": 3256948, "Index Cond": "(o_orderkey = lineitem.l_orderkey)"}]}]}, {"Node Type": "Seq Scan", "Parent Relationship": "Inner", "Relation Name": "nation", "Alias": "nation", "Startup Cost": 0.0, "Total Cost": 1.25, "Plan Rows": 25, "Plan Width": 30, "Actual Startup Time": 12476.64, "Actual Total Time": 16441.679, "Actual Rows": 42360254, "Actual Loops": 3256948}]}]}]}, "Triggers": [], "Planner Runtime": 37.773, "Total Runtime": 96000.432, "Unique SQL Id": 3628361425}}, "(1, 35)": {"explain_plan": {"Plan": {"Node Type": "Aggregate", "Strategy": "Sorted", "Startup Cost": 1000008167021.54, "Total Cost": 1000008167021.58, "Plan Rows": 1, "Plan Width": 74, "Group By Key": ["nation.n_name", "(date_part('year'::text, orders.o_orderdate))"], "Plans": [{"Node Type": "Sort", "Parent Relationship": "Outer", "Startup Cost": 1000008167021.54, "Total Cost": 1000008167021.55, "Plan Rows": 1, "Plan Width": 66, "Sort Key": ["nation.n_name", "(date_part('year'::text, orders.o_orderdate)) DESC"], "Plans": [{"Node Type": "Nested Loop", "Parent Relationship": "Outer", "Join Type": "Inner", "Startup Cost": 10000000002.75, "Total Cost": 1000008167021.53, "Plan Rows": 1, "Plan Width": 66, "Inner Unique": true, "Plans": [{"Node Type": "Nested Loop", "Parent Relationship": "Outer", "Join Type": "Inner", "Startup Cost": 10000000002.5, "Total Cost": 1000008167017.25, "Plan Rows": 1, "Plan Width": 44, "Inner Unique": true, "Plans": [{"Node Type": "Nested Loop", "Parent Relationship": "Outer", "Join Type": "Inner", "Startup Cost": 10000000002.24, "Total Cost": 1000008167012.96, "Plan Rows": 1, "Plan Width": 44, "Inner Unique": true, "Join Filter": "(partsupp.ps_partkey = part.p_partkey)", "Plans": [{"Node Type": "Nested Loop", "Parent Relationship": "Outer", "Join Type": "Inner", "Startup Cost": 10000000001.98, "Total Cost": 1000008166987.25, "Plan Rows": 6, "Plan Width": 60, "Inner Unique": false, "Join Filter": "(supplier.s_suppkey = lineitem.l_suppkey)", "Plans": [{"Node Type": "Nested Loop", "Parent Relationship": "Outer", "Join Type": "Inner", "Startup Cost": 10000000001.57, "Total Cost": 1000002201599.04, "Plan Rows": 1344499, "Plan Width": 36, "Inner Unique": false, "Plans": [{"Node Type": "Index Scan", "Parent Relationship": "Outer", "Scan Direction": "Forward", "Index Name": "idx_supplier_nation_key", "Relation Name": "supplier", "Alias": "supplier", "Startup Cost": 10000000000.0, "Total Cost": 1000001217556.78, "Plan Rows": 100000, "Plan Width": 12}, {"Node Type": "Bitmap Heap Scan", "Parent Relationship": "Inner", "Relation Name": "partsupp", "Alias": "partsupp", "Startup Cost": 1.57, "Total Cost": 9.71, "Plan Rows": 13, "Plan Width": 24, "Recheck Cond": "(ps_suppkey = supplier.s_suppkey)", "Plans": [{"Node Type": "Bitmap Index Scan", "Parent Relationship": "Outer", "Index Name": "idx_partsupp_suppkey", "Startup Cost": 0.0, "Total Cost": 1.56, "Plan Rows": 13, "Plan Width": 0, "Index Cond": "(ps_suppkey = supplier.s_suppkey)"}]}]}, {"Node Type": "Bitmap Heap Scan", "Parent Relationship": "Inner", "Relation Name": "lineitem", "Alias": "lineitem", "Startup Cost": 0.41, "Total Cost": 4.42, "Plan Rows": 1, "Plan Width": 48, "Recheck Cond": "((l_partkey = partsupp.ps_partkey) AND (l_suppkey = partsupp.ps_suppkey))", "Plans": [{"Node Type": "Bitmap Index Scan", "Parent Relationship": "Outer", "Index Name": "idx_lineitem_part_supp", "Startup Cost": 0.0, "Total Cost": 0.41, "Plan Rows": 1, "Plan Width": 0, "Index Cond": "((l_partkey = partsupp.ps_partkey) AND (l_suppkey = partsupp.ps_suppkey))"}]}]}, {"Node Type": "Bitmap Heap Scan", "Parent Relationship": "Inner", "Relation Name": "part", "Alias": "part", "Startup Cost": 0.26, "Total Cost": 4.27, "Plan Rows": 1, "Plan Width": 8, "Recheck Cond": "(p_partkey = lineitem.l_partkey)", "Filter": "((p_name)::text ~~ '%dim%'::text)", "Plans": [{"Node Type": "Bitmap Index Scan", "Parent Relationship": "Outer", "Index Name": "part_kpey", "Startup Cost": 0.0, "Total Cost": 0.26, "Plan Rows": 1, "Plan Width": 0, "Index Cond": "(p_partkey = lineitem.l_partkey)"}]}]}, {"Node Type": "Bitmap Heap Scan", "Parent Relationship": "Inner", "Relation Name": "orders", "Alias": "orders", "Startup Cost": 0.26, "Total Cost": 4.27, "Plan Rows": 1, "Plan Width": 16, "Recheck Cond": "(o_orderkey = lineitem.l_orderkey)", "Plans": [{"Node Type": "Bitmap Index Scan", "Parent Relationship": "Outer", "Index Name": "orders_pkey", "Startup Cost": 0.0, "Total Cost": 0.26, "Plan Rows": 1, "Plan Width": 0, "Index Cond": "(o_orderkey = lineitem.l_orderkey)"}]}]}, {"Node Type": "Bitmap Heap Scan", "Parent Relationship": "Inner", "Relation Name": "nation", "Alias": "nation", "Startup Cost": 0.26, "Total Cost": 4.27, "Plan Rows": 1, "Plan Width": 30, "Recheck Cond": "(n_nationkey = supplier.s_nationkey)", "Plans": [{"Node Type": "Bitmap Index Scan", "Parent Relationship": "Outer", "Index Name": "nation_pkey", "Startup Cost": 0.0, "Total Cost": 0.26, "Plan Rows": 1, "Plan Width": 0, "Index Cond": "(n_nationkey = supplier.s_nationkey)"}]}]}]}]}, "Unique SQL Id": 3628361425}, "explain_analyze_plan": null}, "(1, 36)": {"explain_plan": {"Plan": {"Node Type": "Aggregate", "Strategy": "Sorted", "Startup Cost": 521166.02, "Total Cost": 521166.06, "Plan Rows": 1, "Plan Width": 74, "Group By Key": ["nation.n_name", "(date_part('year'::text, orders.o_orderdate))"], "Plans": [{"Node Type": "Sort", "Parent Relationship": "Outer", "Startup Cost": 521166.02, "Total Cost": 521166.03, "Plan Rows": 1, "Plan Width": 66, "Sort Key": ["nation.n_name", "(date_part('year'::text, orders.o_orderdate)) DESC"], "Plans": [{"Node Type": "Nested Loop", "Parent Relationship": "Outer", "Join Type": "Inner", "Startup Cost": 72600.6, "Total Cost": 521166.01, "Plan Rows": 1, "Plan Width": 66, "Inner Unique": true, "Plans": [{"Node Type": "Nested Loop", "Parent Relationship": "Outer", "Join Type": "Inner", "Startup Cost": 72600.6, "Total Cost": 521165.73, "Plan Rows": 1, "Plan Width": 44, "Inner Unique": true, "Plans": [{"Node Type": "Nested Loop", "Parent Relationship": "Outer", "Join Type": "Inner", "Startup Cost": 72600.6, "Total Cost": 521165.43, "Plan Rows": 1, "Plan Width": 44, "Inner Unique": false, "Join Filter": "(supplier.s_suppkey = lineitem.l_suppkey)", "Plans": [{"Node Type": "Hash Join", "Parent Relationship": "Outer", "Join Type": "Inner", "Startup Cost": 72600.6, "Total Cost": 377416.42, "Plan Rows": 125630, "Plan Width": 44, "Inner Unique": true, "Hash Cond": "(partsupp.ps_suppkey = supplier.s_suppkey), (LLVM Optimized)", "Plans": [{"Node Type": "Hash Join", "Parent Relationship": "Outer", "Join Type": "Inner", "Startup Cost": 68067.6, "Total Cost": 370653.38, "Plan Rows": 259666, "Plan Width": 32, "Inner Unique": true, "Hash Cond": "(partsupp.ps_partkey = part.p_partkey), (LLVM Optimized)", "Plans": [{"Node Type": "Seq Scan", "Parent Relationship": "Outer", "Relation Name": "partsupp", "Alias": "partsupp", "Startup Cost": 0.0, "Total Cost": 269987.72, "Plan Rows": 8000372, "Plan Width": 24}, {"Node Type": "Hash", "Parent Relationship": "Inner", "Startup Cost": 66944.0, "Total Cost": 66944.0, "Plan Rows": 89888, "Plan Width": 8, "Plans": [{"Node Type": "Seq Scan", "Parent Relationship": "Outer", "Relation Name": "part", "Alias": "part", "Startup Cost": 0.0, "Total Cost": 66944.0, "Plan Rows": 89888, "Plan Width": 8, "Filter": "((p_name)::text ~~ '%dim%'::text)"}]}]}, {"Node Type": "Hash", "Parent Relationship": "Inner", "Startup Cost": 3283.0, "Total Cost": 3283.0, "Plan Rows": 100000, "Plan Width": 12, "Plans": [{"Node Type": "Seq Scan", "Parent Relationship": "Outer", "Relation Name": "supplier", "Alias": "supplier", "Startup Cost": 0.0, "Total Cost": 3283.0, "Plan Rows": 100000, "Plan Width": 12}]}]}, {"Node Type": "Index Scan", "Parent Relationship": "Inner", "Scan Direction": "Forward", "Index Name": "idx_lineitem_part_supp", "Relation Name": "lineitem", "Alias": "lineitem", "Startup Cost": 0.0, "Total Cost": 1.13, "Plan Rows": 1, "Plan Width": 48, "Index Cond": "((l_partkey = partsupp.ps_partkey) AND (l_suppkey = partsupp.ps_suppkey))"}]}, {"Node Type": "Index Scan", "Parent Relationship": "Inner", "Scan Direction": "Forward", "Index Name": "orders_pkey", "Relation Name": "orders", "Alias": "orders", "Startup Cost": 0.0, "Total Cost": 0.29, "Plan Rows": 1, "Plan Width": 16, "Index Cond": "(o_orderkey = lineitem.l_orderkey)"}]}, {"Node Type": "Index Scan", "Parent Relationship": "Inner", "Scan Direction": "Forward", "Index Name": "nation_pkey", "Relation Name": "nation", "Alias": "nation", "Startup Cost": 0.0, "Total Cost": 0.27, "Plan Rows": 1, "Plan Width": 30, "Index Cond": "(n_nationkey = supplier.s_nationkey)"}]}]}]}, "Unique SQL Id": 3628361425}, "explain_analyze_plan": {"Plan": {"Node Type": "Aggregate", "Strategy": "Sorted", "Startup Cost": 521166.02, "Total Cost": 521166.06, "Plan Rows": 1, "Plan Width": 74, "Actual Startup Time": 59481.117, "Actual Total Time": 62604.215, "Actual Rows": 175, "Actual Loops": 1, "Group By Key": ["nation.n_name", "(date_part('year'::text, orders.o_orderdate))"], "Plans": [{"Node Type": "Sort", "Parent Relationship": "Outer", "Startup Cost": 521166.02, "Total Cost": 521166.03, "Plan Rows": 1, "Plan Width": 66, "Actual Startup Time": 59469.211, "Actual Total Time": 60260.928, "Actual Rows": 3256948, "Actual Loops": 1, "Sort Key": ["nation.n_name", "(date_part('year'::text, orders.o_orderdate)) DESC"], "Sort Method": "quicksort", "Sort Space Used": 607203, "Sort Space Type": "Memory", "Plans": [{"Node Type": "Nested Loop", "Parent Relationship": "Outer", "Join Type": "Inner", "Startup Cost": 72600.6, "Total Cost": 521166.01, "Plan Rows": 1, "Plan Width": 66, "Actual Startup Time": 1094.503, "Actual Total Time": 53628.008, "Actual Rows": 3256948, "Actual Loops": 1, "Inner Unique": true, "Plans": [{"Node Type": "Nested Loop", "Parent Relationship": "Outer", "Join Type": "Inner", "Startup Cost": 72600.6, "Total Cost": 521165.73, "Plan Rows": 1, "Plan Width": 44, "Actual Startup Time": 1094.366, "Actual Total Time": 45161.558, "Actual Rows": 3256948, "Actual Loops": 1, "Inner Unique": true, "Plans": [{"Node Type": "Nested Loop", "Parent Relationship": "Outer", "Join Type": "Inner", "Startup Cost": 72600.6, "Total Cost": 521165.43, "Plan Rows": 1, "Plan Width": 44, "Actual Startup Time": 1094.34, "Actual Total Time": 18317.543, "Actual Rows": 3256948, "Actual Loops": 1, "Inner Unique": false, "Join Filter": "(supplier.s_suppkey = lineitem.l_suppkey)", "Rows Removed by Join Filter": 0, "Plans": [{"Node Type": "Hash Join", "Parent Relationship": "Outer", "Join Type": "Inner", "Startup Cost": 72600.6, "Total Cost": 377416.42, "Plan Rows": 125630, "Plan Width": 44, "Actual Startup Time": 1094.281, "Actual Total Time": 6180.496, "Actual Rows": 434204, "Actual Loops": 1, "Inner Unique": true, "Hash Cond": "(partsupp.ps_suppkey = supplier.s_suppkey), (LLVM Optimized, Jit Execute)", "Plans": [{"Node Type": "Hash Join", "Parent Relationship": "Outer", "Join Type": "Inner", "Startup Cost": 68067.6, "Total Cost": 370653.38, "Plan Rows": 259666, "Plan Width": 32, "Actual Startup Time": 1031.172, "Actual Total Time": 5716.645, "Actual Rows": 434204, "Actual Loops": 1, "Inner Unique": true, "Hash Cond": "(partsupp.ps_partkey = part.p_partkey), (LLVM Optimized, Jit Execute)", "Plans": [{"Node Type": "Seq Scan", "Parent Relationship": "Outer", "Relation Name": "partsupp", "Alias": "partsupp", "Startup Cost": 0.0, "Total Cost": 269987.72, "Plan Rows": 8000372, "Plan Width": 24, "Actual Startup Time": 0.013, "Actual Total Time": 2512.445, "Actual Rows": 8000000, "Actual Loops": 1}, {"Node Type": "Hash", "Parent Relationship": "Inner", "Startup Cost": 66944.0, "Total Cost": 66944.0, "Plan Rows": 89888, "Plan Width": 8, "Actual Startup Time": 1031.014, "Actual Total Time": 1031.014, "Actual Rows": 108551, "Actual Loops": 1, "Hash Buckets": 131072, "Hash Batches": 1, "Original Hash Batches": 1, "Peak Memory Usage": 4241, "Plans": [{"Node Type": "Seq Scan", "Parent Relationship": "Outer", "Relation Name": "part", "Alias": "part", "Startup Cost": 0.0, "Total Cost": 66944.0, "Plan Rows": 89888, "Plan Width": 8, "Actual Startup Time": 0.047, "Actual Total Time": 992.378, "Actual Rows": 108551, "Actual Loops": 1, "Filter": "((p_name)::text ~~ '%dim%'::text)", "Rows Removed by Filter": 1891449}]}]}, {"Node Type": "Hash", "Parent Relationship": "Inner", "Startup Cost": 3283.0, "Total Cost": 3283.0, "Plan Rows": 100000, "Plan Width": 12, "Actual Startup Time": 62.997, "Actual Total Time": 62.997, "Actual Rows": 100000, "Actual Loops": 1, "Hash Buckets": 131072, "Hash Batches": 1, "Original Hash Batches": 1, "Peak Memory Usage": 4297, "Plans": [{"Node Type": "Seq Scan", "Parent Relationship": "Outer", "Relation Name": "supplier", "Alias": "supplier", "Startup Cost": 0.0, "Total Cost": 3283.0, "Plan Rows": 100000, "Plan Width": 12, "Actual Startup Time": 0.026, "Actual Total Time": 35.878, "Actual Rows": 100000, "Actual Loops": 1}]}]}, {"Node Type": "Index Scan", "Parent Relationship": "Inner", "Scan Direction": "Forward", "Index Name": "idx_lineitem_part_supp", "Relation Name": "lineitem", "Alias": "lineitem", "Startup Cost": 0.0, "Total Cost": 1.13, "Plan Rows": 1, "Plan Width": 48, "Actual Startup Time": 3039.434, "Actual Total Time": 10513.781, "Actual Rows": 3256948, "Actual Loops": 434204, "Index Cond": "((l_partkey = partsupp.ps_partkey) AND (l_suppkey = partsupp.ps_suppkey))", "Rows Removed by Index Recheck": 0}]}, {"Node Type": "Index Scan", "Parent Relationship": "Inner", "Scan Direction": "Forward", "Index Name": "orders_pkey", "Relation Name": "orders", "Alias": "orders", "Startup Cost": 0.0, "Total Cost": 0.29, "Plan Rows": 1, "Plan Width": 16, "Actual Startup Time": 24113.79, "Actual Total Time": 24113.79, "Actual Rows": 3256948, "Actual Loops": 3256948, "Index Cond": "(o_orderkey = lineitem.l_orderkey)", "Rows Removed by Index Recheck": 0}]}, {"Node Type": "Index Scan", "Parent Relationship": "Inner", "Scan Direction": "Forward", "Index Name": "nation_pkey", "Relation Name": "nation", "Alias": "nation", "Startup Cost": 0.0, "Total Cost": 0.27, "Plan Rows": 1, "Plan Width": 30, "Actual Startup Time": 4504.283, "Actual Total Time": 4504.283, "Actual Rows": 3256948, "Actual Loops": 3256948, "Index Cond": "(n_nationkey = supplier.s_nationkey)", "Rows Removed by Index Recheck": 0}]}]}]}, "Triggers": [], "Planner Runtime": 30.255, "Total Runtime": 62619.904, "Unique SQL Id": 3628361425}}, "(1, 37)": {"explain_plan": {"Plan": {"Node Type": "Aggregate", "Strategy": "Sorted", "Startup Cost": 701189.48, "Total Cost": 701189.52, "Plan Rows": 1, "Plan Width": 74, "Group By Key": ["nation.n_name", "(date_part('year'::text, orders.o_orderdate))"], "Plans": [{"Node Type": "Sort", "Parent Relationship": "Outer", "Startup Cost": 701189.48, "Total Cost": 701189.49, "Plan Rows": 1, "Plan Width": 66, "Sort Key": ["nation.n_name", "(date_part('year'::text, orders.o_orderdate)) DESC"], "Plans": [{"Node Type": "Nested Loop", "Parent Relationship": "Outer", "Join Type": "Inner", "Startup Cost": 6584.54, "Total Cost": 701189.47, "Plan Rows": 1, "Plan Width": 66, "Inner Unique": true, "Plans": [{"Node Type": "Nested Loop", "Parent Relationship": "Outer", "Join Type": "Inner", "Startup Cost": 6584.54, "Total Cost": 701189.19, "Plan Rows": 1, "Plan Width": 44, "Inner Unique": true, "Plans": [{"Node Type": "Nested Loop", "Parent Relationship": "Outer", "Join Type": "Inner", "Startup Cost": 6584.54, "Total Cost": 701188.89, "Plan Rows": 1, "Plan Width": 44, "Inner Unique": false, "Join Filter": "(supplier.s_suppkey = lineitem.l_suppkey)", "Plans": [{"Node Type": "Hash Join", "Parent Relationship": "Outer", "Join Type": "Inner", "Startup Cost": 6584.54, "Total Cost": 557439.88, "Plan Rows": 125630, "Plan Width": 44, "Inner Unique": true, "Hash Cond": "(partsupp.ps_suppkey = supplier.s_suppkey), (LLVM Optimized)", "Plans": [{"Node Type": "Nested Loop", "Parent Relationship": "Outer", "Join Type": "Inner", "Startup Cost": 0.0, "Total Cost": 548625.29, "Plan Rows": 259666, "Plan Width": 32, "Inner Unique": false, "Plans": [{"Node Type": "Index Scan", "Parent Relationship": "Outer", "Scan Direction": "Forward", "Index Name": "part_kpey", "Relation Name": "part", "Alias": "part", "Startup Cost": 0.0, "Total Cost": 105803.25, "Plan Rows": 89888, "Plan Width": 8, "Filter": "((p_name)::text ~~ '%dim%'::text)"}, {"Node Type": "Index Scan", "Parent Relationship": "Inner", "Scan Direction": "Forward", "Index Name": "idx_partsupp_partkey", "Relation Name": "partsupp", "Alias": "partsupp", "Startup Cost": 0.0, "Total Cost": 4.9, "Plan Rows": 3, "Plan Width": 24, "Index Cond": "(ps_partkey = part.p_partkey)"}]}, {"Node Type": "Hash", "Parent Relationship": "Inner", "Startup Cost": 5334.54, "Total Cost": 5334.54, "Plan Rows": 100000, "Plan Width": 12, "Plans": [{"Node Type": "Index Scan", "Parent Relationship": "Outer", "Scan Direction": "Forward", "Index Name": "supplier_pkey", "Relation Name": "supplier", "Alias": "supplier", "Startup Cost": 0.0, "Total Cost": 5334.54, "Plan Rows": 100000, "Plan Width": 12}]}]}, {"Node Type": "Index Scan", "Parent Relationship": "Inner", "Scan Direction": "Forward", "Index Name": "idx_lineitem_part_supp", "Relation Name": "lineitem", "Alias": "lineitem", "Startup Cost": 0.0, "Total Cost": 1.13, "Plan Rows": 1, "Plan Width": 48, "Index Cond": "((l_partkey = partsupp.ps_partkey) AND (l_suppkey = partsupp.ps_suppkey))"}]}, {"Node Type": "Index Scan", "Parent Relationship": "Inner", "Scan Direction": "Forward", "Index Name": "orders_pkey", "Relation Name": "orders", "Alias": "orders", "Startup Cost": 0.0, "Total Cost": 0.29, "Plan Rows": 1, "Plan Width": 16, "Index Cond": "(o_orderkey = lineitem.l_orderkey)"}]}, {"Node Type": "Index Scan", "Parent Relationship": "Inner", "Scan Direction": "Forward", "Index Name": "nation_pkey", "Relation Name": "nation", "Alias": "nation", "Startup Cost": 0.0, "Total Cost": 0.27, "Plan Rows": 1, "Plan Width": 30, "Index Cond": "(n_nationkey = supplier.s_nationkey)"}]}]}]}, "Unique SQL Id": 3628361425}, "explain_analyze_plan": {"Plan": {"Node Type": "Aggregate", "Strategy": "Sorted", "Startup Cost": 701189.48, "Total Cost": 701189.52, "Plan Rows": 1, "Plan Width": 74, "Actual Startup Time": 57927.603, "Actual Total Time": 60887.2, "Actual Rows": 175, "Actual Loops": 1, "Group By Key": ["nation.n_name", "(date_part('year'::text, orders.o_orderdate))"], "Plans": [{"Node Type": "Sort", "Parent Relationship": "Outer", "Startup Cost": 701189.48, "Total Cost": 701189.49, "Plan Rows": 1, "Plan Width": 66, "Actual Startup Time": 57917.052, "Actual Total Time": 58585.336, "Actual Rows": 3256948, "Actual Loops": 1, "Sort Key": ["nation.n_name", "(date_part('year'::text, orders.o_orderdate)) DESC"], "Sort Method": "quicksort", "Sort Space Used": 607203, "Sort Space Type": "Memory", "Plans": [{"Node Type": "Nested Loop", "Parent Relationship": "Outer", "Join Type": "Inner", "Startup Cost": 6584.54, "Total Cost": 701189.47, "Plan Rows": 1, "Plan Width": 66, "Actual Startup Time": 88.208, "Actual Total Time": 52379.794, "Actual Rows": 3256948, "Actual Loops": 1, "Inner Unique": true, "Plans": [{"Node Type": "Nested Loop", "Parent Relationship": "Outer", "Join Type": "Inner", "Startup Cost": 6584.54, "Total Cost": 701189.19, "Plan Rows": 1, "Plan Width": 44, "Actual Startup Time": 88.176, "Actual Total Time": 43642.973, "Actual Rows": 3256948, "Actual Loops": 1, "Inner Unique": true, "Plans": [{"Node Type": "Nested Loop", "Parent Relationship": "Outer", "Join Type": "Inner", "Startup Cost": 6584.54, "Total Cost": 701188.89, "Plan Rows": 1, "Plan Width": 44, "Actual Startup Time": 88.16, "Actual Total Time": 15982.385, "Actual Rows": 3256948, "Actual Loops": 1, "Inner Unique": false, "Join Filter": "(supplier.s_suppkey = lineitem.l_suppkey)", "Rows Removed by Join Filter": 0, "Plans": [{"Node Type": "Hash Join", "Parent Relationship": "Outer", "Join Type": "Inner", "Startup Cost": 6584.54, "Total Cost": 557439.88, "Plan Rows": 125630, "Plan Width": 44, "Actual Startup Time": 88.115, "Actual Total Time": 3477.657, "Actual Rows": 434204, "Actual Loops": 1, "Inner Unique": true, "Hash Cond": "(partsupp.ps_suppkey = supplier.s_suppkey), (LLVM Optimized, Jit Execute)", "Plans": [{"Node Type": "Nested Loop", "Parent Relationship": "Outer", "Join Type": "Inner", "Startup Cost": 0.0, "Total Cost": 548625.29, "Plan Rows": 259666, "Plan Width": 32, "Actual Startup Time": 0.091, "Actual Total Time": 2926.915, "Actual Rows": 434204, "Actual Loops": 1, "Inner Unique": false, "Plans": [{"Node Type": "Index Scan", "Parent Relationship": "Outer", "Scan Direction": "Forward", "Index Name": "part_kpey", "Relation Name": "part", "Alias": "part", "Startup Cost": 0.0, "Total Cost": 105803.25, "Plan Rows": 89888, "Plan Width": 8, "Actual Startup Time": 0.065, "Actual Total Time": 1746.869, "Actual Rows": 108551, "Actual Loops": 1, "Filter": "((p_name)::text ~~ '%dim%'::text)", "Rows Removed by Filter": 1891449}, {"Node Type": "Index Scan", "Parent Relationship": "Inner", "Scan Direction": "Forward", "Index Name": "idx_partsupp_partkey", "Relation Name": "partsupp", "Alias": "partsupp", "Startup Cost": 0.0, "Total Cost": 4.9, "Plan Rows": 3, "Plan Width": 24, "Actual Startup Time": 667.283, "Actual Total Time": 976.149, "Actual Rows": 434204, "Actual Loops": 108551, "Index Cond": "(ps_partkey = part.p_partkey)", "Rows Removed by Index Recheck": 0}]}, {"Node Type": "Hash", "Parent Relationship": "Inner", "Startup Cost": 5334.54, "Total Cost": 5334.54, "Plan Rows": 100000, "Plan Width": 12, "Actual Startup Time": 87.877, "Actual Total Time": 87.877, "Actual Rows": 100000, "Actual Loops": 1, "Hash Buckets": 131072, "Hash Batches": 1, "Original Hash Batches": 1, "Peak Memory Usage": 4297, "Plans": [{"Node Type": "Index Scan", "Parent Relationship": "Outer", "Scan Direction": "Forward", "Index Name": "supplier_pkey", "Relation Name": "supplier", "Alias": "supplier", "Startup Cost": 0.0, "Total Cost": 5334.54, "Plan Rows": 100000, "Plan Width": 12, "Actual Startup Time": 0.025, "Actual Total Time": 60.048, "Actual Rows": 100000, "Actual Loops": 1}]}]}, {"Node Type": "Index Scan", "Parent Relationship": "Inner", "Scan Direction": "Forward", "Index Name": "idx_lineitem_part_supp", "Relation Name": "lineitem", "Alias": "lineitem", "Startup Cost": 0.0, "Total Cost": 1.13, "Plan Rows": 1, "Plan Width": 48, "Actual Startup Time": 3121.867, "Actual Total Time": 10833.853, "Actual Rows": 3256948, "Actual Loops": 434204, "Index Cond": "((l_partkey = partsupp.ps_partkey) AND (l_suppkey = partsupp.ps_suppkey))", "Rows Removed by Index Recheck": 0}]}, {"Node Type": "Index Scan", "Parent Relationship": "Inner", "Scan Direction": "Forward", "Index Name": "orders_pkey", "Relation Name": "orders", "Alias": "orders", "Startup Cost": 0.0, "Total Cost": 0.29, "Plan Rows": 1, "Plan Width": 16, "Actual Startup Time": 24891.296, "Actual Total Time": 24891.296, "Actual Rows": 3256948, "Actual Loops": 3256948, "Index Cond": "(o_orderkey = lineitem.l_orderkey)", "Rows Removed by Index Recheck": 0}]}, {"Node Type": "Index Scan", "Parent Relationship": "Inner", "Scan Direction": "Forward", "Index Name": "nation_pkey", "Relation Name": "nation", "Alias": "nation", "Startup Cost": 0.0, "Total Cost": 0.27, "Plan Rows": 1, "Plan Width": 30, "Actual Startup Time": 4701.479, "Actual Total Time": 4701.479, "Actual Rows": 3256948, "Actual Loops": 3256948, "Index Cond": "(n_nationkey = supplier.s_nationkey)", "Rows Removed by Index Recheck": 0}]}]}]}, "Triggers": [], "Planner Runtime": 29.635, "Total Runtime": 60901.785, "Unique SQL Id": 3628361425}}, "(1, 38)": {"explain_plan": {"Plan": {"Node Type": "Aggregate", "Strategy": "Sorted", "Startup Cost": 934828.22, "Total Cost": 934828.25, "Plan Rows": 1, "Plan Width": 74, "Group By Key": ["nation.n_name", "(date_part('year'::text, orders.o_orderdate))"], "Plans": [{"Node Type": "Sort", "Parent Relationship": "Outer", "Startup Cost": 934828.22, "Total Cost": 934828.22, "Plan Rows": 1, "Plan Width": 66, "Sort Key": ["nation.n_name", "(date_part('year'::text, orders.o_orderdate)) DESC"], "Plans": [{"Node Type": "Nested Loop", "Parent Relationship": "Outer", "Join Type": "Inner", "Startup Cost": 72601.27, "Total Cost": 934828.21, "Plan Rows": 1, "Plan Width": 66, "Inner Unique": true, "Join Filter": "(supplier.s_nationkey = nation.n_nationkey)", "Plans": [{"Node Type": "Nested Loop", "Parent Relationship": "Outer", "Join Type": "Inner", "Startup Cost": 72601.27, "Total Cost": 934826.64, "Plan Rows": 1, "Plan Width": 44, "Inner Unique": true, "Plans": [{"Node Type": "Nested Loop", "Parent Relationship": "Outer", "Join Type": "Inner", "Startup Cost": 72601.01, "Total Cost": 934822.36, "Plan Rows": 1, "Plan Width": 44, "Inner Unique": false, "Join Filter": "(supplier.s_suppkey = lineitem.l_suppkey)", "Plans": [{"Node Type": "Hash Join", "Parent Relationship": "Outer", "Join Type": "Inner", "Startup Cost": 72600.6, "Total Cost": 377416.42, "Plan Rows": 125630, "Plan Width": 44, "Inner Unique": true, "Hash Cond": "(partsupp.ps_suppkey = supplier.s_suppkey), (LLVM Optimized)", "Plans": [{"Node Type": "Hash Join", "Parent Relationship": "Outer", "Join Type": "Inner", "Startup Cost": 68067.6, "Total Cost": 370653.38, "Plan Rows": 259666, "Plan Width": 32, "Inner Unique": true, "Hash Cond": "(partsupp.ps_partkey = part.p_partkey), (LLVM Optimized)", "Plans": [{"Node Type": "Seq Scan", "Parent Relationship": "Outer", "Relation Name": "partsupp", "Alias": "partsupp", "Startup Cost": 0.0, "Total Cost": 269987.72, "Plan Rows": 8000372, "Plan Width": 24}, {"Node Type": "Hash", "Parent Relationship": "Inner", "Startup Cost": 66944.0, "Total Cost": 66944.0, "Plan Rows": 89888, "Plan Width": 8, "Plans": [{"Node Type": "Seq Scan", "Parent Relationship": "Outer", "Relation Name": "part", "Alias": "part", "Startup Cost": 0.0, "Total Cost": 66944.0, "Plan Rows": 89888, "Plan Width": 8, "Filter": "((p_name)::text ~~ '%dim%'::text)"}]}]}, {"Node Type": "Hash", "Parent Relationship": "Inner", "Startup Cost": 3283.0, "Total Cost": 3283.0, "Plan Rows": 100000, "Plan Width": 12, "Plans": [{"Node Type": "Seq Scan", "Parent Relationship": "Outer", "Relation Name": "supplier", "Alias": "supplier", "Startup Cost": 0.0, "Total Cost": 3283.0, "Plan Rows": 100000, "Plan Width": 12}]}]}, {"Node Type": "Bitmap Heap Scan", "Parent Relationship": "Inner", "Relation Name": "lineitem", "Alias": "lineitem", "Startup Cost": 0.41, "Total Cost": 4.42, "Plan Rows": 1, "Plan Width": 48, "Recheck Cond": "((l_partkey = partsupp.ps_partkey) AND (l_suppkey = partsupp.ps_suppkey))", "Plans": [{"Node Type": "Bitmap Index Scan", "Parent Relationship": "Outer", "Index Name": "idx_lineitem_part_supp", "Startup Cost": 0.0, "Total Cost": 0.41, "Plan Rows": 1, "Plan Width": 0, "Index Cond": "((l_partkey = partsupp.ps_partkey) AND (l_suppkey = partsupp.ps_suppkey))"}]}]}, {"Node Type": "Bitmap Heap Scan", "Parent Relationship": "Inner", "Relation Name": "orders", "Alias": "orders", "Startup Cost": 0.26, "Total Cost": 4.27, "Plan Rows": 1, "Plan Width": 16, "Recheck Cond": "(o_orderkey = lineitem.l_orderkey)", "Plans": [{"Node Type": "Bitmap Index Scan", "Parent Relationship": "Outer", "Index Name": "orders_pkey", "Startup Cost": 0.0, "Total Cost": 0.26, "Plan Rows": 1, "Plan Width": 0, "Index Cond": "(o_orderkey = lineitem.l_orderkey)"}]}]}, {"Node Type": "Seq Scan", "Parent Relationship": "Inner", "Relation Name": "nation", "Alias": "nation", "Startup Cost": 0.0, "Total Cost": 1.25, "Plan Rows": 25, "Plan Width": 30}]}]}]}, "Unique SQL Id": 3628361425}, "explain_analyze_plan": {"Plan": {"Node Type": "Aggregate", "Strategy": "Sorted", "Startup Cost": 934828.22, "Total Cost": 934828.25, "Plan Rows": 1, "Plan Width": 74, "Actual Startup Time": 92963.44, "Actual Total Time": 95985.051, "Actual Rows": 175, "Actual Loops": 1, "Group By Key": ["nation.n_name", "(date_part('year'::text, orders.o_orderdate))"], "Plans": [{"Node Type": "Sort", "Parent Relationship": "Outer", "Startup Cost": 934828.22, "Total Cost": 934828.22, "Plan Rows": 1, "Plan Width": 66, "Actual Startup Time": 92952.387, "Actual Total Time": 93671.426, "Actual Rows": 3256948, "Actual Loops": 1, "Sort Key": ["nation.n_name", "(date_part('year'::text, orders.o_orderdate)) DESC"], "Sort Method": "quicksort", "Sort Space Used": 607203, "Sort Space Type": "Memory", "Plans": [{"Node Type": "Nested Loop", "Parent Relationship": "Outer", "Join Type": "Inner", "Startup Cost": 72601.27, "Total Cost": 934828.21, "Plan Rows": 1, "Plan Width": 66, "Actual Startup Time": 1098.639, "Actual Total Time": 87246.541, "Actual Rows": 3256948, "Actual Loops": 1, "Inner Unique": true, "Join Filter": "(supplier.s_nationkey = nation.n_nationkey)", "Rows Removed by Join Filter": 39103306, "Plans": [{"Node Type": "Nested Loop", "Parent Relationship": "Outer", "Join Type": "Inner", "Startup Cost": 72601.27, "Total Cost": 934826.64, "Plan Rows": 1, "Plan Width": 44, "Actual Startup Time": 1098.525, "Actual Total Time": 56384.437, "Actual Rows": 3256948, "Actual Loops": 1, "Inner Unique": true, "Plans": [{"Node Type": "Nested Loop", "Parent Relationship": "Outer", "Join Type": "Inner", "Startup Cost": 72601.01, "Total Cost": 934822.36, "Plan Rows": 1, "Plan Width": 44, "Actual Startup Time": 1098.502, "Actual Total Time": 22286.241, "Actual Rows": 3256948, "Actual Loops": 1, "Inner Unique": false, "Join Filter": "(supplier.s_suppkey = lineitem.l_suppkey)", "Rows Removed by Join Filter": 0, "Plans": [{"Node Type": "Hash Join", "Parent Relationship": "Outer", "Join Type": "Inner", "Startup Cost": 72600.6, "Total Cost": 377416.42, "Plan Rows": 125630, "Plan Width": 44, "Actual Startup Time": 1098.397, "Actual Total Time": 6424.119, "Actual Rows": 434204, "Actual Loops": 1, "Inner Unique": true, "Hash Cond": "(partsupp.ps_suppkey = supplier.s_suppkey), (LLVM Optimized, Jit Execute)", "Plans": [{"Node Type": "Hash Join", "Parent Relationship": "Outer", "Join Type": "Inner", "Startup Cost": 68067.6, "Total Cost": 370653.38, "Plan Rows": 259666, "Plan Width": 32, "Actual Startup Time": 1035.246, "Actual Total Time": 5925.911, "Actual Rows": 434204, "Actual Loops": 1, "Inner Unique": true, "Hash Cond": "(partsupp.ps_partkey = part.p_partkey), (LLVM Optimized, Jit Execute)", "Plans": [{"Node Type": "Seq Scan", "Parent Relationship": "Outer", "Relation Name": "partsupp", "Alias": "partsupp", "Startup Cost": 0.0, "Total Cost": 269987.72, "Plan Rows": 8000372, "Plan Width": 24, "Actual Startup Time": 0.012, "Actual Total Time": 2571.841, "Actual Rows": 8000000, "Actual Loops": 1}, {"Node Type": "Hash", "Parent Relationship": "Inner", "Startup Cost": 66944.0, "Total Cost": 66944.0, "Plan Rows": 89888, "Plan Width": 8, "Actual Startup Time": 1035.091, "Actual Total Time": 1035.091, "Actual Rows": 108551, "Actual Loops": 1, "Hash Buckets": 131072, "Hash Batches": 1, "Original Hash Batches": 1, "Peak Memory Usage": 4241, "Plans": [{"Node Type": "Seq Scan", "Parent Relationship": "Outer", "Relation Name": "part", "Alias": "part", "Startup Cost": 0.0, "Total Cost": 66944.0, "Plan Rows": 89888, "Plan Width": 8, "Actual Startup Time": 0.044, "Actual Total Time": 992.617, "Actual Rows": 108551, "Actual Loops": 1, "Filter": "((p_name)::text ~~ '%dim%'::text)", "Rows Removed by Filter": 1891449}]}]}, {"Node Type": "Hash", "Parent Relationship": "Inner", "Startup Cost": 3283.0, "Total Cost": 3283.0, "Plan Rows": 100000, "Plan Width": 12, "Actual Startup Time": 63.046, "Actual Total Time": 63.046, "Actual Rows": 100000, "Actual Loops": 1, "Hash Buckets": 131072, "Hash Batches": 1, "Original Hash Batches": 1, "Peak Memory Usage": 4297, "Plans": [{"Node Type": "Seq Scan", "Parent Relationship": "Outer", "Relation Name": "supplier", "Alias": "supplier", "Startup Cost": 0.0, "Total Cost": 3283.0, "Plan Rows": 100000, "Plan Width": 12, "Actual Startup Time": 0.026, "Actual Total Time": 36.067, "Actual Rows": 100000, "Actual Loops": 1}]}]}, {"Node Type": "Bitmap Heap Scan", "Parent Relationship": "Inner", "Relation Name": "lineitem", "Alias": "lineitem", "Startup Cost": 0.41, "Total Cost": 4.42, "Plan Rows": 1, "Plan Width": 48, "Actual Startup Time": 5025.617, "Actual Total Time": 13836.925, "Actual Rows": 3256948, "Actual Loops": 434204, "Recheck Cond": "((l_partkey = partsupp.ps_partkey) AND (l_suppkey = partsupp.ps_suppkey))", "Rows Removed by Index Recheck": 0, "Exact Heap Blocks": 3256937, "Lossy Heap Blocks": 3256937, "Plans": [{"Node Type": "Bitmap Index Scan", "Parent Relationship": "Outer", "Index Name": "idx_lineitem_part_supp", "Startup Cost": 0.0, "Total Cost": 0.41, "Plan Rows": 1, "Plan Width": 0, "Actual Startup Time": 2838.513, "Actual Total Time": 2838.513, "Actual Rows": 3256948, "Actual Loops": 434204, "Index Cond": "((l_partkey = partsupp.ps_partkey) AND (l_suppkey = partsupp.ps_suppkey))"}]}]}, {"Node Type": "Bitmap Heap Scan", "Parent Relationship": "Inner", "Relation Name": "orders", "Alias": "orders", "Startup Cost": 0.26, "Total Cost": 4.27, "Plan Rows": 1, "Plan Width": 16, "Actual Startup Time": 29681.552, "Actual Total Time": 29681.552, "Actual Rows": 3256948, "Actual Loops": 3256948, "Recheck Cond": "(o_orderkey = lineitem.l_orderkey)", "Rows Removed by Index Recheck": 0, "Exact Heap Blocks": 3256948, "Lossy Heap Blocks": 3256948, "Plans": [{"Node Type": "Bitmap Index Scan", "Parent Relationship": "Outer", "Index Name": "orders_pkey", "Startup Cost": 0.0, "Total Cost": 0.26, "Plan Rows": 1, "Plan Width": 0, "Actual Startup Time": 19327.892, "Actual Total Time": 19327.892, "Actual Rows": 3256948, "Actual Loops": 3256948, "Index Cond": "(o_orderkey = lineitem.l_orderkey)"}]}]}, {"Node Type": "Seq Scan", "Parent Relationship": "Inner", "Relation Name": "nation", "Alias": "nation", "Startup Cost": 0.0, "Total Cost": 1.25, "Plan Rows": 25, "Plan Width": 30, "Actual Startup Time": 12476.64, "Actual Total Time": 16441.679, "Actual Rows": 42360254, "Actual Loops": 3256948}]}]}]}, "Triggers": [], "Planner Runtime": 37.773, "Total Runtime": 96000.432, "Unique SQL Id": 3628361425}}, "(1, 39)": {"explain_plan": {"Plan": {"Node Type": "Aggregate", "Strategy": "Sorted", "Startup Cost": 1000008167021.54, "Total Cost": 1000008167021.58, "Plan Rows": 1, "Plan Width": 74, "Group By Key": ["nation.n_name", "(date_part('year'::text, orders.o_orderdate))"], "Plans": [{"Node Type": "Sort", "Parent Relationship": "Outer", "Startup Cost": 1000008167021.54, "Total Cost": 1000008167021.55, "Plan Rows": 1, "Plan Width": 66, "Sort Key": ["nation.n_name", "(date_part('year'::text, orders.o_orderdate)) DESC"], "Plans": [{"Node Type": "Nested Loop", "Parent Relationship": "Outer", "Join Type": "Inner", "Startup Cost": 10000000002.75, "Total Cost": 1000008167021.53, "Plan Rows": 1, "Plan Width": 66, "Inner Unique": true, "Plans": [{"Node Type": "Nested Loop", "Parent Relationship": "Outer", "Join Type": "Inner", "Startup Cost": 10000000002.5, "Total Cost": 1000008167017.25, "Plan Rows": 1, "Plan Width": 44, "Inner Unique": true, "Plans": [{"Node Type": "Nested Loop", "Parent Relationship": "Outer", "Join Type": "Inner", "Startup Cost": 10000000002.24, "Total Cost": 1000008167012.96, "Plan Rows": 1, "Plan Width": 44, "Inner Unique": true, "Join Filter": "(partsupp.ps_partkey = part.p_partkey)", "Plans": [{"Node Type": "Nested Loop", "Parent Relationship": "Outer", "Join Type": "Inner", "Startup Cost": 10000000001.98, "Total Cost": 1000008166987.25, "Plan Rows": 6, "Plan Width": 60, "Inner Unique": false, "Join Filter": "(supplier.s_suppkey = lineitem.l_suppkey)", "Plans": [{"Node Type": "Nested Loop", "Parent Relationship": "Outer", "Join Type": "Inner", "Startup Cost": 10000000001.57, "Total Cost": 1000002201599.04, "Plan Rows": 1344499, "Plan Width": 36, "Inner Unique": false, "Plans": [{"Node Type": "Index Scan", "Parent Relationship": "Outer", "Scan Direction": "Forward", "Index Name": "idx_supplier_nation_key", "Relation Name": "supplier", "Alias": "supplier", "Startup Cost": 10000000000.0, "Total Cost": 1000001217556.78, "Plan Rows": 100000, "Plan Width": 12}, {"Node Type": "Bitmap Heap Scan", "Parent Relationship": "Inner", "Relation Name": "partsupp", "Alias": "partsupp", "Startup Cost": 1.57, "Total Cost": 9.71, "Plan Rows": 13, "Plan Width": 24, "Recheck Cond": "(ps_suppkey = supplier.s_suppkey)", "Plans": [{"Node Type": "Bitmap Index Scan", "Parent Relationship": "Outer", "Index Name": "idx_partsupp_suppkey", "Startup Cost": 0.0, "Total Cost": 1.56, "Plan Rows": 13, "Plan Width": 0, "Index Cond": "(ps_suppkey = supplier.s_suppkey)"}]}]}, {"Node Type": "Bitmap Heap Scan", "Parent Relationship": "Inner", "Relation Name": "lineitem", "Alias": "lineitem", "Startup Cost": 0.41, "Total Cost": 4.42, "Plan Rows": 1, "Plan Width": 48, "Recheck Cond": "((l_partkey = partsupp.ps_partkey) AND (l_suppkey = partsupp.ps_suppkey))", "Plans": [{"Node Type": "Bitmap Index Scan", "Parent Relationship": "Outer", "Index Name": "idx_lineitem_part_supp", "Startup Cost": 0.0, "Total Cost": 0.41, "Plan Rows": 1, "Plan Width": 0, "Index Cond": "((l_partkey = partsupp.ps_partkey) AND (l_suppkey = partsupp.ps_suppkey))"}]}]}, {"Node Type": "Bitmap Heap Scan", "Parent Relationship": "Inner", "Relation Name": "part", "Alias": "part", "Startup Cost": 0.26, "Total Cost": 4.27, "Plan Rows": 1, "Plan Width": 8, "Recheck Cond": "(p_partkey = lineitem.l_partkey)", "Filter": "((p_name)::text ~~ '%dim%'::text)", "Plans": [{"Node Type": "Bitmap Index Scan", "Parent Relationship": "Outer", "Index Name": "part_kpey", "Startup Cost": 0.0, "Total Cost": 0.26, "Plan Rows": 1, "Plan Width": 0, "Index Cond": "(p_partkey = lineitem.l_partkey)"}]}]}, {"Node Type": "Bitmap Heap Scan", "Parent Relationship": "Inner", "Relation Name": "orders", "Alias": "orders", "Startup Cost": 0.26, "Total Cost": 4.27, "Plan Rows": 1, "Plan Width": 16, "Recheck Cond": "(o_orderkey = lineitem.l_orderkey)", "Plans": [{"Node Type": "Bitmap Index Scan", "Parent Relationship": "Outer", "Index Name": "orders_pkey", "Startup Cost": 0.0, "Total Cost": 0.26, "Plan Rows": 1, "Plan Width": 0, "Index Cond": "(o_orderkey = lineitem.l_orderkey)"}]}]}, {"Node Type": "Bitmap Heap Scan", "Parent Relationship": "Inner", "Relation Name": "nation", "Alias": "nation", "Startup Cost": 0.26, "Total Cost": 4.27, "Plan Rows": 1, "Plan Width": 30, "Recheck Cond": "(n_nationkey = supplier.s_nationkey)", "Plans": [{"Node Type": "Bitmap Index Scan", "Parent Relationship": "Outer", "Index Name": "nation_pkey", "Startup Cost": 0.0, "Total Cost": 0.26, "Plan Rows": 1, "Plan Width": 0, "Index Cond": "(n_nationkey = supplier.s_nationkey)"}]}]}]}]}, "Unique SQL Id": 3628361425}, "explain_analyze_plan": null}, "(1, 40)": {"explain_plan": {"Plan": {"Node Type": "Aggregate", "Strategy": "Sorted", "Startup Cost": 521166.02, "Total Cost": 521166.06, "Plan Rows": 1, "Plan Width": 74, "Group By Key": ["nation.n_name", "(date_part('year'::text, orders.o_orderdate))"], "Plans": [{"Node Type": "Sort", "Parent Relationship": "Outer", "Startup Cost": 521166.02, "Total Cost": 521166.03, "Plan Rows": 1, "Plan Width": 66, "Sort Key": ["nation.n_name", "(date_part('year'::text, orders.o_orderdate)) DESC"], "Plans": [{"Node Type": "Nested Loop", "Parent Relationship": "Outer", "Join Type": "Inner", "Startup Cost": 72600.6, "Total Cost": 521166.01, "Plan Rows": 1, "Plan Width": 66, "Inner Unique": true, "Plans": [{"Node Type": "Nested Loop", "Parent Relationship": "Outer", "Join Type": "Inner", "Startup Cost": 72600.6, "Total Cost": 521165.73, "Plan Rows": 1, "Plan Width": 44, "Inner Unique": true, "Plans": [{"Node Type": "Nested Loop", "Parent Relationship": "Outer", "Join Type": "Inner", "Startup Cost": 72600.6, "Total Cost": 521165.43, "Plan Rows": 1, "Plan Width": 44, "Inner Unique": false, "Join Filter": "(supplier.s_suppkey = lineitem.l_suppkey)", "Plans": [{"Node Type": "Hash Join", "Parent Relationship": "Outer", "Join Type": "Inner", "Startup Cost": 72600.6, "Total Cost": 377416.42, "Plan Rows": 125630, "Plan Width": 44, "Inner Unique": true, "Hash Cond": "(partsupp.ps_suppkey = supplier.s_suppkey), (LLVM Optimized)", "Plans": [{"Node Type": "Hash Join", "Parent Relationship": "Outer", "Join Type": "Inner", "Startup Cost": 68067.6, "Total Cost": 370653.38, "Plan Rows": 259666, "Plan Width": 32, "Inner Unique": true, "Hash Cond": "(partsupp.ps_partkey = part.p_partkey), (LLVM Optimized)", "Plans": [{"Node Type": "Seq Scan", "Parent Relationship": "Outer", "Relation Name": "partsupp", "Alias": "partsupp", "Startup Cost": 0.0, "Total Cost": 269987.72, "Plan Rows": 8000372, "Plan Width": 24}, {"Node Type": "Hash", "Parent Relationship": "Inner", "Startup Cost": 66944.0, "Total Cost": 66944.0, "Plan Rows": 89888, "Plan Width": 8, "Plans": [{"Node Type": "Seq Scan", "Parent Relationship": "Outer", "Relation Name": "part", "Alias": "part", "Startup Cost": 0.0, "Total Cost": 66944.0, "Plan Rows": 89888, "Plan Width": 8, "Filter": "((p_name)::text ~~ '%dim%'::text)"}]}]}, {"Node Type": "Hash", "Parent Relationship": "Inner", "Startup Cost": 3283.0, "Total Cost": 3283.0, "Plan Rows": 100000, "Plan Width": 12, "Plans": [{"Node Type": "Seq Scan", "Parent Relationship": "Outer", "Relation Name": "supplier", "Alias": "supplier", "Startup Cost": 0.0, "Total Cost": 3283.0, "Plan Rows": 100000, "Plan Width": 12}]}]}, {"Node Type": "Index Scan", "Parent Relationship": "Inner", "Scan Direction": "Forward", "Index Name": "idx_lineitem_part_supp", "Relation Name": "lineitem", "Alias": "lineitem", "Startup Cost": 0.0, "Total Cost": 1.13, "Plan Rows": 1, "Plan Width": 48, "Index Cond": "((l_partkey = partsupp.ps_partkey) AND (l_suppkey = partsupp.ps_suppkey))"}]}, {"Node Type": "Index Scan", "Parent Relationship": "Inner", "Scan Direction": "Forward", "Index Name": "orders_pkey", "Relation Name": "orders", "Alias": "orders", "Startup Cost": 0.0, "Total Cost": 0.29, "Plan Rows": 1, "Plan Width": 16, "Index Cond": "(o_orderkey = lineitem.l_orderkey)"}]}, {"Node Type": "Index Scan", "Parent Relationship": "Inner", "Scan Direction": "Forward", "Index Name": "nation_pkey", "Relation Name": "nation", "Alias": "nation", "Startup Cost": 0.0, "Total Cost": 0.27, "Plan Rows": 1, "Plan Width": 30, "Index Cond": "(n_nationkey = supplier.s_nationkey)"}]}]}]}, "Unique SQL Id": 3628361425}, "explain_analyze_plan": {"Plan": {"Node Type": "Aggregate", "Strategy": "Sorted", "Startup Cost": 521166.02, "Total Cost": 521166.06, "Plan Rows": 1, "Plan Width": 74, "Actual Startup Time": 59481.117, "Actual Total Time": 62604.215, "Actual Rows": 175, "Actual Loops": 1, "Group By Key": ["nation.n_name", "(date_part('year'::text, orders.o_orderdate))"], "Plans": [{"Node Type": "Sort", "Parent Relationship": "Outer", "Startup Cost": 521166.02, "Total Cost": 521166.03, "Plan Rows": 1, "Plan Width": 66, "Actual Startup Time": 59469.211, "Actual Total Time": 60260.928, "Actual Rows": 3256948, "Actual Loops": 1, "Sort Key": ["nation.n_name", "(date_part('year'::text, orders.o_orderdate)) DESC"], "Sort Method": "quicksort", "Sort Space Used": 607203, "Sort Space Type": "Memory", "Plans": [{"Node Type": "Nested Loop", "Parent Relationship": "Outer", "Join Type": "Inner", "Startup Cost": 72600.6, "Total Cost": 521166.01, "Plan Rows": 1, "Plan Width": 66, "Actual Startup Time": 1094.503, "Actual Total Time": 53628.008, "Actual Rows": 3256948, "Actual Loops": 1, "Inner Unique": true, "Plans": [{"Node Type": "Nested Loop", "Parent Relationship": "Outer", "Join Type": "Inner", "Startup Cost": 72600.6, "Total Cost": 521165.73, "Plan Rows": 1, "Plan Width": 44, "Actual Startup Time": 1094.366, "Actual Total Time": 45161.558, "Actual Rows": 3256948, "Actual Loops": 1, "Inner Unique": true, "Plans": [{"Node Type": "Nested Loop", "Parent Relationship": "Outer", "Join Type": "Inner", "Startup Cost": 72600.6, "Total Cost": 521165.43, "Plan Rows": 1, "Plan Width": 44, "Actual Startup Time": 1094.34, "Actual Total Time": 18317.543, "Actual Rows": 3256948, "Actual Loops": 1, "Inner Unique": false, "Join Filter": "(supplier.s_suppkey = lineitem.l_suppkey)", "Rows Removed by Join Filter": 0, "Plans": [{"Node Type": "Hash Join", "Parent Relationship": "Outer", "Join Type": "Inner", "Startup Cost": 72600.6, "Total Cost": 377416.42, "Plan Rows": 125630, "Plan Width": 44, "Actual Startup Time": 1094.281, "Actual Total Time": 6180.496, "Actual Rows": 434204, "Actual Loops": 1, "Inner Unique": true, "Hash Cond": "(partsupp.ps_suppkey = supplier.s_suppkey), (LLVM Optimized, Jit Execute)", "Plans": [{"Node Type": "Hash Join", "Parent Relationship": "Outer", "Join Type": "Inner", "Startup Cost": 68067.6, "Total Cost": 370653.38, "Plan Rows": 259666, "Plan Width": 32, "Actual Startup Time": 1031.172, "Actual Total Time": 5716.645, "Actual Rows": 434204, "Actual Loops": 1, "Inner Unique": true, "Hash Cond": "(partsupp.ps_partkey = part.p_partkey), (LLVM Optimized, Jit Execute)", "Plans": [{"Node Type": "Seq Scan", "Parent Relationship": "Outer", "Relation Name": "partsupp", "Alias": "partsupp", "Startup Cost": 0.0, "Total Cost": 269987.72, "Plan Rows": 8000372, "Plan Width": 24, "Actual Startup Time": 0.013, "Actual Total Time": 2512.445, "Actual Rows": 8000000, "Actual Loops": 1}, {"Node Type": "Hash", "Parent Relationship": "Inner", "Startup Cost": 66944.0, "Total Cost": 66944.0, "Plan Rows": 89888, "Plan Width": 8, "Actual Startup Time": 1031.014, "Actual Total Time": 1031.014, "Actual Rows": 108551, "Actual Loops": 1, "Hash Buckets": 131072, "Hash Batches": 1, "Original Hash Batches": 1, "Peak Memory Usage": 4241, "Plans": [{"Node Type": "Seq Scan", "Parent Relationship": "Outer", "Relation Name": "part", "Alias": "part", "Startup Cost": 0.0, "Total Cost": 66944.0, "Plan Rows": 89888, "Plan Width": 8, "Actual Startup Time": 0.047, "Actual Total Time": 992.378, "Actual Rows": 108551, "Actual Loops": 1, "Filter": "((p_name)::text ~~ '%dim%'::text)", "Rows Removed by Filter": 1891449}]}]}, {"Node Type": "Hash", "Parent Relationship": "Inner", "Startup Cost": 3283.0, "Total Cost": 3283.0, "Plan Rows": 100000, "Plan Width": 12, "Actual Startup Time": 62.997, "Actual Total Time": 62.997, "Actual Rows": 100000, "Actual Loops": 1, "Hash Buckets": 131072, "Hash Batches": 1, "Original Hash Batches": 1, "Peak Memory Usage": 4297, "Plans": [{"Node Type": "Seq Scan", "Parent Relationship": "Outer", "Relation Name": "supplier", "Alias": "supplier", "Startup Cost": 0.0, "Total Cost": 3283.0, "Plan Rows": 100000, "Plan Width": 12, "Actual Startup Time": 0.026, "Actual Total Time": 35.878, "Actual Rows": 100000, "Actual Loops": 1}]}]}, {"Node Type": "Index Scan", "Parent Relationship": "Inner", "Scan Direction": "Forward", "Index Name": "idx_lineitem_part_supp", "Relation Name": "lineitem", "Alias": "lineitem", "Startup Cost": 0.0, "Total Cost": 1.13, "Plan Rows": 1, "Plan Width": 48, "Actual Startup Time": 3039.434, "Actual Total Time": 10513.781, "Actual Rows": 3256948, "Actual Loops": 434204, "Index Cond": "((l_partkey = partsupp.ps_partkey) AND (l_suppkey = partsupp.ps_suppkey))", "Rows Removed by Index Recheck": 0}]}, {"Node Type": "Index Scan", "Parent Relationship": "Inner", "Scan Direction": "Forward", "Index Name": "orders_pkey", "Relation Name": "orders", "Alias": "orders", "Startup Cost": 0.0, "Total Cost": 0.29, "Plan Rows": 1, "Plan Width": 16, "Actual Startup Time": 24113.79, "Actual Total Time": 24113.79, "Actual Rows": 3256948, "Actual Loops": 3256948, "Index Cond": "(o_orderkey = lineitem.l_orderkey)", "Rows Removed by Index Recheck": 0}]}, {"Node Type": "Index Scan", "Parent Relationship": "Inner", "Scan Direction": "Forward", "Index Name": "nation_pkey", "Relation Name": "nation", "Alias": "nation", "Startup Cost": 0.0, "Total Cost": 0.27, "Plan Rows": 1, "Plan Width": 30, "Actual Startup Time": 4504.283, "Actual Total Time": 4504.283, "Actual Rows": 3256948, "Actual Loops": 3256948, "Index Cond": "(n_nationkey = supplier.s_nationkey)", "Rows Removed by Index Recheck": 0}]}]}]}, "Triggers": [], "Planner Runtime": 30.255, "Total Runtime": 62619.904, "Unique SQL Id": 3628361425}}, "(1, 41)": {"explain_plan": {"Plan": {"Node Type": "Aggregate", "Strategy": "Sorted", "Startup Cost": 701189.48, "Total Cost": 701189.52, "Plan Rows": 1, "Plan Width": 74, "Group By Key": ["nation.n_name", "(date_part('year'::text, orders.o_orderdate))"], "Plans": [{"Node Type": "Sort", "Parent Relationship": "Outer", "Startup Cost": 701189.48, "Total Cost": 701189.49, "Plan Rows": 1, "Plan Width": 66, "Sort Key": ["nation.n_name", "(date_part('year'::text, orders.o_orderdate)) DESC"], "Plans": [{"Node Type": "Nested Loop", "Parent Relationship": "Outer", "Join Type": "Inner", "Startup Cost": 6584.54, "Total Cost": 701189.47, "Plan Rows": 1, "Plan Width": 66, "Inner Unique": true, "Plans": [{"Node Type": "Nested Loop", "Parent Relationship": "Outer", "Join Type": "Inner", "Startup Cost": 6584.54, "Total Cost": 701189.19, "Plan Rows": 1, "Plan Width": 44, "Inner Unique": true, "Plans": [{"Node Type": "Nested Loop", "Parent Relationship": "Outer", "Join Type": "Inner", "Startup Cost": 6584.54, "Total Cost": 701188.89, "Plan Rows": 1, "Plan Width": 44, "Inner Unique": false, "Join Filter": "(supplier.s_suppkey = lineitem.l_suppkey)", "Plans": [{"Node Type": "Hash Join", "Parent Relationship": "Outer", "Join Type": "Inner", "Startup Cost": 6584.54, "Total Cost": 557439.88, "Plan Rows": 125630, "Plan Width": 44, "Inner Unique": true, "Hash Cond": "(partsupp.ps_suppkey = supplier.s_suppkey), (LLVM Optimized)", "Plans": [{"Node Type": "Nested Loop", "Parent Relationship": "Outer", "Join Type": "Inner", "Startup Cost": 0.0, "Total Cost": 548625.29, "Plan Rows": 259666, "Plan Width": 32, "Inner Unique": false, "Plans": [{"Node Type": "Index Scan", "Parent Relationship": "Outer", "Scan Direction": "Forward", "Index Name": "part_kpey", "Relation Name": "part", "Alias": "part", "Startup Cost": 0.0, "Total Cost": 105803.25, "Plan Rows": 89888, "Plan Width": 8, "Filter": "((p_name)::text ~~ '%dim%'::text)"}, {"Node Type": "Index Scan", "Parent Relationship": "Inner", "Scan Direction": "Forward", "Index Name": "idx_partsupp_partkey", "Relation Name": "partsupp", "Alias": "partsupp", "Startup Cost": 0.0, "Total Cost": 4.9, "Plan Rows": 3, "Plan Width": 24, "Index Cond": "(ps_partkey = part.p_partkey)"}]}, {"Node Type": "Hash", "Parent Relationship": "Inner", "Startup Cost": 5334.54, "Total Cost": 5334.54, "Plan Rows": 100000, "Plan Width": 12, "Plans": [{"Node Type": "Index Scan", "Parent Relationship": "Outer", "Scan Direction": "Forward", "Index Name": "supplier_pkey", "Relation Name": "supplier", "Alias": "supplier", "Startup Cost": 0.0, "Total Cost": 5334.54, "Plan Rows": 100000, "Plan Width": 12}]}]}, {"Node Type": "Index Scan", "Parent Relationship": "Inner", "Scan Direction": "Forward", "Index Name": "idx_lineitem_part_supp", "Relation Name": "lineitem", "Alias": "lineitem", "Startup Cost": 0.0, "Total Cost": 1.13, "Plan Rows": 1, "Plan Width": 48, "Index Cond": "((l_partkey = partsupp.ps_partkey) AND (l_suppkey = partsupp.ps_suppkey))"}]}, {"Node Type": "Index Scan", "Parent Relationship": "Inner", "Scan Direction": "Forward", "Index Name": "orders_pkey", "Relation Name": "orders", "Alias": "orders", "Startup Cost": 0.0, "Total Cost": 0.29, "Plan Rows": 1, "Plan Width": 16, "Index Cond": "(o_orderkey = lineitem.l_orderkey)"}]}, {"Node Type": "Index Scan", "Parent Relationship": "Inner", "Scan Direction": "Forward", "Index Name": "nation_pkey", "Relation Name": "nation", "Alias": "nation", "Startup Cost": 0.0, "Total Cost": 0.27, "Plan Rows": 1, "Plan Width": 30, "Index Cond": "(n_nationkey = supplier.s_nationkey)"}]}]}]}, "Unique SQL Id": 3628361425}, "explain_analyze_plan": {"Plan": {"Node Type": "Aggregate", "Strategy": "Sorted", "Startup Cost": 701189.48, "Total Cost": 701189.52, "Plan Rows": 1, "Plan Width": 74, "Actual Startup Time": 57927.603, "Actual Total Time": 60887.2, "Actual Rows": 175, "Actual Loops": 1, "Group By Key": ["nation.n_name", "(date_part('year'::text, orders.o_orderdate))"], "Plans": [{"Node Type": "Sort", "Parent Relationship": "Outer", "Startup Cost": 701189.48, "Total Cost": 701189.49, "Plan Rows": 1, "Plan Width": 66, "Actual Startup Time": 57917.052, "Actual Total Time": 58585.336, "Actual Rows": 3256948, "Actual Loops": 1, "Sort Key": ["nation.n_name", "(date_part('year'::text, orders.o_orderdate)) DESC"], "Sort Method": "quicksort", "Sort Space Used": 607203, "Sort Space Type": "Memory", "Plans": [{"Node Type": "Nested Loop", "Parent Relationship": "Outer", "Join Type": "Inner", "Startup Cost": 6584.54, "Total Cost": 701189.47, "Plan Rows": 1, "Plan Width": 66, "Actual Startup Time": 88.208, "Actual Total Time": 52379.794, "Actual Rows": 3256948, "Actual Loops": 1, "Inner Unique": true, "Plans": [{"Node Type": "Nested Loop", "Parent Relationship": "Outer", "Join Type": "Inner", "Startup Cost": 6584.54, "Total Cost": 701189.19, "Plan Rows": 1, "Plan Width": 44, "Actual Startup Time": 88.176, "Actual Total Time": 43642.973, "Actual Rows": 3256948, "Actual Loops": 1, "Inner Unique": true, "Plans": [{"Node Type": "Nested Loop", "Parent Relationship": "Outer", "Join Type": "Inner", "Startup Cost": 6584.54, "Total Cost": 701188.89, "Plan Rows": 1, "Plan Width": 44, "Actual Startup Time": 88.16, "Actual Total Time": 15982.385, "Actual Rows": 3256948, "Actual Loops": 1, "Inner Unique": false, "Join Filter": "(supplier.s_suppkey = lineitem.l_suppkey)", "Rows Removed by Join Filter": 0, "Plans": [{"Node Type": "Hash Join", "Parent Relationship": "Outer", "Join Type": "Inner", "Startup Cost": 6584.54, "Total Cost": 557439.88, "Plan Rows": 125630, "Plan Width": 44, "Actual Startup Time": 88.115, "Actual Total Time": 3477.657, "Actual Rows": 434204, "Actual Loops": 1, "Inner Unique": true, "Hash Cond": "(partsupp.ps_suppkey = supplier.s_suppkey), (LLVM Optimized, Jit Execute)", "Plans": [{"Node Type": "Nested Loop", "Parent Relationship": "Outer", "Join Type": "Inner", "Startup Cost": 0.0, "Total Cost": 548625.29, "Plan Rows": 259666, "Plan Width": 32, "Actual Startup Time": 0.091, "Actual Total Time": 2926.915, "Actual Rows": 434204, "Actual Loops": 1, "Inner Unique": false, "Plans": [{"Node Type": "Index Scan", "Parent Relationship": "Outer", "Scan Direction": "Forward", "Index Name": "part_kpey", "Relation Name": "part", "Alias": "part", "Startup Cost": 0.0, "Total Cost": 105803.25, "Plan Rows": 89888, "Plan Width": 8, "Actual Startup Time": 0.065, "Actual Total Time": 1746.869, "Actual Rows": 108551, "Actual Loops": 1, "Filter": "((p_name)::text ~~ '%dim%'::text)", "Rows Removed by Filter": 1891449}, {"Node Type": "Index Scan", "Parent Relationship": "Inner", "Scan Direction": "Forward", "Index Name": "idx_partsupp_partkey", "Relation Name": "partsupp", "Alias": "partsupp", "Startup Cost": 0.0, "Total Cost": 4.9, "Plan Rows": 3, "Plan Width": 24, "Actual Startup Time": 667.283, "Actual Total Time": 976.149, "Actual Rows": 434204, "Actual Loops": 108551, "Index Cond": "(ps_partkey = part.p_partkey)", "Rows Removed by Index Recheck": 0}]}, {"Node Type": "Hash", "Parent Relationship": "Inner", "Startup Cost": 5334.54, "Total Cost": 5334.54, "Plan Rows": 100000, "Plan Width": 12, "Actual Startup Time": 87.877, "Actual Total Time": 87.877, "Actual Rows": 100000, "Actual Loops": 1, "Hash Buckets": 131072, "Hash Batches": 1, "Original Hash Batches": 1, "Peak Memory Usage": 4297, "Plans": [{"Node Type": "Index Scan", "Parent Relationship": "Outer", "Scan Direction": "Forward", "Index Name": "supplier_pkey", "Relation Name": "supplier", "Alias": "supplier", "Startup Cost": 0.0, "Total Cost": 5334.54, "Plan Rows": 100000, "Plan Width": 12, "Actual Startup Time": 0.025, "Actual Total Time": 60.048, "Actual Rows": 100000, "Actual Loops": 1}]}]}, {"Node Type": "Index Scan", "Parent Relationship": "Inner", "Scan Direction": "Forward", "Index Name": "idx_lineitem_part_supp", "Relation Name": "lineitem", "Alias": "lineitem", "Startup Cost": 0.0, "Total Cost": 1.13, "Plan Rows": 1, "Plan Width": 48, "Actual Startup Time": 3121.867, "Actual Total Time": 10833.853, "Actual Rows": 3256948, "Actual Loops": 434204, "Index Cond": "((l_partkey = partsupp.ps_partkey) AND (l_suppkey = partsupp.ps_suppkey))", "Rows Removed by Index Recheck": 0}]}, {"Node Type": "Index Scan", "Parent Relationship": "Inner", "Scan Direction": "Forward", "Index Name": "orders_pkey", "Relation Name": "orders", "Alias": "orders", "Startup Cost": 0.0, "Total Cost": 0.29, "Plan Rows": 1, "Plan Width": 16, "Actual Startup Time": 24891.296, "Actual Total Time": 24891.296, "Actual Rows": 3256948, "Actual Loops": 3256948, "Index Cond": "(o_orderkey = lineitem.l_orderkey)", "Rows Removed by Index Recheck": 0}]}, {"Node Type": "Index Scan", "Parent Relationship": "Inner", "Scan Direction": "Forward", "Index Name": "nation_pkey", "Relation Name": "nation", "Alias": "nation", "Startup Cost": 0.0, "Total Cost": 0.27, "Plan Rows": 1, "Plan Width": 30, "Actual Startup Time": 4701.479, "Actual Total Time": 4701.479, "Actual Rows": 3256948, "Actual Loops": 3256948, "Index Cond": "(n_nationkey = supplier.s_nationkey)", "Rows Removed by Index Recheck": 0}]}]}]}, "Triggers": [], "Planner Runtime": 29.635, "Total Runtime": 60901.785, "Unique SQL Id": 3628361425}}, "(1, 42)": {"explain_plan": {"Plan": {"Node Type": "Aggregate", "Strategy": "Sorted", "Startup Cost": 3188400.26, "Total Cost": 3188400.29, "Plan Rows": 1, "Plan Width": 74, "Group By Key": ["nation.n_name", "(date_part('year'::text, orders.o_orderdate))"], "Plans": [{"Node Type": "Sort", "Parent Relationship": "Outer", "Startup Cost": 3188400.26, "Total Cost": 3188400.26, "Plan Rows": 1, "Plan Width": 66, "Sort Key": ["nation.n_name", "(date_part('year'::text, orders.o_orderdate)) DESC"], "Plans": [{"Node Type": "Nested Loop", "Parent Relationship": "Outer", "Join Type": "Inner", "Startup Cost": 2705736.84, "Total Cost": 3188400.25, "Plan Rows": 1, "Plan Width": 66, "Inner Unique": true, "Join Filter": "(supplier.s_nationkey = nation.n_nationkey)", "Plans": [{"Node Type": "Hash Join", "Parent Relationship": "Outer", "Join Type": "Inner", "Startup Cost": 2705736.84, "Total Cost": 3188398.68, "Plan Rows": 1, "Plan Width": 44, "Inner Unique": false, "Hash Cond": "(orders.o_orderkey = lineitem.l_orderkey)", "Plans": [{"Node Type": "Seq Scan", "Parent Relationship": "Outer", "Relation Name": "orders", "Alias": "orders", "Startup Cost": 0.0, "Total Cost": 426413.79, "Plan Rows": 14999479, "Plan Width": 16}, {"Node Type": "Hash", "Parent Relationship": "Inner", "Startup Cost": 2705736.82, "Total Cost": 2705736.82, "Plan Rows": 1, "Plan Width": 44, "Plans": [{"Node Type": "Hash Join", "Parent Relationship": "Outer", "Join Type": "Inner", "Startup Cost": 406202.19, "Total Cost": 2705736.82, "Plan Rows": 1, "Plan Width": 44, "Inner Unique": false, "Hash Cond": "((lineitem.l_suppkey = partsupp.ps_suppkey) AND (lineitem.l_partkey = partsupp.ps_partkey))", "Plans": [{"Node Type": "Hash Join", "Parent Relationship": "Outer", "Join Type": "Inner", "Startup Cost": 68067.6, "Total Cost": 2313089.96, "Plan Rows": 495566, "Plan Width": 56, "Inner Unique": true, "Hash Cond": "(lineitem.l_partkey = part.p_partkey), (LLVM Optimized)", "Plans": [{"Node Type": "Seq Scan", "Parent Relationship": "Outer", "Relation Name": "lineitem", "Alias": "lineitem", "Startup Cost": 0.0, "Total Cost": 2015115.33, "Plan Rows": 59987033, "Plan Width": 48}, {"Node Type": "Hash", "Parent Relationship": "Inner", "Startup Cost": 66944.0, "Total Cost": 66944.0, "Plan Rows": 89888, "Plan Width": 8, "Plans": [{"Node Type": "Seq Scan", "Parent Relationship": "Outer", "Relation Name": "part", "Alias": "part", "Startup Cost": 0.0, "Total Cost": 66944.0, "Plan Rows": 89888, "Plan Width": 8, "Filter": "((p_name)::text ~~ '%dim%'::text)"}]}]}, {"Node Type": "Hash", "Parent Relationship": "Inner", "Startup Cost": 317967.1, "Total Cost": 317967.1, "Plan Rows": 1344499, "Plan Width": 36, "Plans": [{"Node Type": "Hash Join", "Parent Relationship": "Outer", "Join Type": "Inner", "Startup Cost": 4533.0, "Total Cost": 317967.1, "Plan Rows": 1344499, "Plan Width": 36, "Inner Unique": true, "Hash Cond": "(partsupp.ps_suppkey = supplier.s_suppkey), (LLVM Optimized)", "Plans": [{"Node Type": "Seq Scan", "Parent Relationship": "Outer", "Relation Name": "partsupp", "Alias": "partsupp", "Startup Cost": 0.0, "Total Cost": 269987.72, "Plan Rows": 8000372, "Plan Width": 24}, {"Node Type": "Hash", "Parent Relationship": "Inner", "Startup Cost": 3283.0, "Total Cost": 3283.0, "Plan Rows": 100000, "Plan Width": 12, "Plans": [{"Node Type": "Seq Scan", "Parent Relationship": "Outer", "Relation Name": "supplier", "Alias": "supplier", "Startup Cost": 0.0, "Total Cost": 3283.0, "Plan Rows": 100000, "Plan Width": 12}]}]}]}]}]}]}, {"Node Type": "Seq Scan", "Parent Relationship": "Inner", "Relation Name": "nation", "Alias": "nation", "Startup Cost": 0.0, "Total Cost": 1.25, "Plan Rows": 25, "Plan Width": 30}]}]}]}, "Unique SQL Id": 3628361425}, "explain_analyze_plan": null}, "(1, 43)": {"explain_plan": {"Plan": {"Node Type": "Aggregate", "Strategy": "Sorted", "Startup Cost": 6017789044136.98, "Total Cost": 6017789044137.01, "Plan Rows": 1, "Plan Width": 74, "Group By Key": ["nation.n_name", "(date_part('year'::text, orders.o_orderdate))"], "Plans": [{"Node Type": "Sort", "Parent Relationship": "Outer", "Startup Cost": 6017789044136.98, "Total Cost": 6017789044136.98, "Plan Rows": 1, "Plan Width": 66, "Sort Key": ["nation.n_name", "(date_part('year'::text, orders.o_orderdate)) DESC"], "Plans": [{"Node Type": "Nested Loop", "Parent Relationship": "Outer", "Join Type": "Inner", "Startup Cost": 1050010581448.6, "Total Cost": 6017789044136.97, "Plan Rows": 1, "Plan Width": 66, "Inner Unique": true, "Plans": [{"Node Type": "Nested Loop", "Parent Relationship": "Outer", "Join Type": "Inner", "Startup Cost": 1040010581448.6, "Total Cost": 5017789044107.73, "Plan Rows": 1, "Plan Width": 66, "Inner Unique": false, "Join Filter": "((lineitem.l_suppkey = partsupp.ps_suppkey) AND (lineitem.l_partkey = partsupp.ps_partkey))", "Plans": [{"Node Type": "Index Scan", "Parent Relationship": "Outer", "Scan Direction": "Forward", "Index Name": "partsupp_pkey", "Relation Name": "partsupp", "Alias": "partsupp", "Startup Cost": 10000000000.0, "Total Cost": 1000071640963.22, "Plan Rows": 8000372, "Plan Width": 24}, {"Node Type": "Materialize", "Parent Relationship": "Inner", "Startup Cost": 1030010581448.6, "Total Cost": 4001078749780.2, "Plan Rows": 118842, "Plan Width": 90, "Plans": [{"Node Type": "Nested Loop", "Parent Relationship": "Outer", "Join Type": "Inner", "Startup Cost": 1030010581448.6, "Total Cost": 4001078749185.99, "Plan Rows": 118842, "Plan Width": 90, "Inner Unique": false, "Join Filter": "(lineitem.l_suppkey = supplier.s_suppkey), (LLVM Optimized)", "Plans": [{"Node Type": "Nested Loop", "Parent Relationship": "Outer", "Join Type": "Inner", "Startup Cost": 20000000000.0, "Total Cost": 2000000572216.94, "Plan Rows": 100000, "Plan Width": 34, "Inner Unique": true, "Join Filter": "(supplier.s_nationkey = nation.n_nationkey), (LLVM Optimized)", "Plans": [{"Node Type": "Index Scan", "Parent Relationship": "Outer", "Scan Direction": "Forward", "Index Name": "supplier_pkey", "Relation Name": "supplier", "Alias": "supplier", "Startup Cost": 10000000000.0, "Total Cost": 1000000533454.38, "Plan Rows": 100000, "Plan Width": 12}, {"Node Type": "Materialize", "Parent Relationship": "Inner", "Startup Cost": 10000000000.0, "Total Cost": 1000000001262.62, "Plan Rows": 25, "Plan Width": 30, "Plans": [{"Node Type": "Index Scan", "Parent Relationship": "Outer", "Scan Direction": "Forward", "Index Name": "nation_pkey", "Relation Name": "nation", "Alias": "nation", "Startup Cost": 10000000000.0, "Total Cost": 1000000001262.5, "Plan Rows": 25, "Plan Width": 30}]}]}, {"Node Type": "Materialize", "Parent Relationship": "Inner", "Startup Cost": 1010010581448.6, "Total Cost": 2000334829207.96, "Plan Rows": 495566, "Plan Width": 56, "Plans": [{"Node Type": "Hash Join", "Parent Relationship": "Outer", "Join Type": "Inner", "Startup Cost": 1010010581448.6, "Total Cost": 2000334826730.13, "Plan Rows": 495566, "Plan Width": 56, "Inner Unique": true, "Hash Cond": "(lineitem.l_partkey = part.p_partkey), (LLVM Optimized)", "Plans": [{"Node Type": "Index Scan", "Parent Relationship": "Outer", "Scan Direction": "Forward", "Index Name": "idx_lineitem_orderkey", "Relation Name": "lineitem", "Alias": "lineitem", "Startup Cost": 10000000000.0, "Total Cost": 1000324015374.5, "Plan Rows": 59987033, "Plan Width": 48}, {"Node Type": "Hash", "Parent Relationship": "Inner", "Startup Cost": 1000010580325.0, "Total Cost": 1000010580325.0, "Plan Rows": 89888, "Plan Width": 8, "Plans": [{"Node Type": "Index Scan", "Parent Relationship": "Outer", "Scan Direction": "Forward", "Index Name": "part_kpey", "Relation Name": "part", "Alias": "part", "Startup Cost": 10000000000.0, "Total Cost": 1000010580325.0, "Plan Rows": 89888, "Plan Width": 8, "Filter": "((p_name)::text ~~ '%dim%'::text)"}]}]}]}]}]}]}, {"Node Type": "Index Scan", "Parent Relationship": "Inner", "Scan Direction": "Forward", "Index Name": "orders_pkey", "Relation Name": "orders", "Alias": "orders", "Startup Cost": 10000000000.0, "Total Cost": 1000000000029.23, "Plan Rows": 1, "Plan Width": 16, "Index Cond": "(o_orderkey = lineitem.l_orderkey)"}]}]}]}, "Unique SQL Id": 3628361425}, "explain_analyze_plan": null}, "(1, 44)": {"explain_plan": {"Plan": {"Node Type": "Aggregate", "Strategy": "Sorted", "Startup Cost": 521166.02, "Total Cost": 521166.06, "Plan Rows": 1, "Plan Width": 74, "Group By Key": ["nation.n_name", "(date_part('year'::text, orders.o_orderdate))"], "Plans": [{"Node Type": "Sort", "Parent Relationship": "Outer", "Startup Cost": 521166.02, "Total Cost": 521166.03, "Plan Rows": 1, "Plan Width": 66, "Sort Key": ["nation.n_name", "(date_part('year'::text, orders.o_orderdate)) DESC"], "Plans": [{"Node Type": "Nested Loop", "Parent Relationship": "Outer", "Join Type": "Inner", "Startup Cost": 72600.6, "Total Cost": 521166.01, "Plan Rows": 1, "Plan Width": 66, "Inner Unique": true, "Plans": [{"Node Type": "Nested Loop", "Parent Relationship": "Outer", "Join Type": "Inner", "Startup Cost": 72600.6, "Total Cost": 521165.73, "Plan Rows": 1, "Plan Width": 44, "Inner Unique": true, "Plans": [{"Node Type": "Nested Loop", "Parent Relationship": "Outer", "Join Type": "Inner", "Startup Cost": 72600.6, "Total Cost": 521165.43, "Plan Rows": 1, "Plan Width": 44, "Inner Unique": false, "Join Filter": "(supplier.s_suppkey = lineitem.l_suppkey)", "Plans": [{"Node Type": "Hash Join", "Parent Relationship": "Outer", "Join Type": "Inner", "Startup Cost": 72600.6, "Total Cost": 377416.42, "Plan Rows": 125630, "Plan Width": 44, "Inner Unique": true, "Hash Cond": "(partsupp.ps_suppkey = supplier.s_suppkey), (LLVM Optimized)", "Plans": [{"Node Type": "Hash Join", "Parent Relationship": "Outer", "Join Type": "Inner", "Startup Cost": 68067.6, "Total Cost": 370653.38, "Plan Rows": 259666, "Plan Width": 32, "Inner Unique": true, "Hash Cond": "(partsupp.ps_partkey = part.p_partkey), (LLVM Optimized)", "Plans": [{"Node Type": "Seq Scan", "Parent Relationship": "Outer", "Relation Name": "partsupp", "Alias": "partsupp", "Startup Cost": 0.0, "Total Cost": 269987.72, "Plan Rows": 8000372, "Plan Width": 24}, {"Node Type": "Hash", "Parent Relationship": "Inner", "Startup Cost": 66944.0, "Total Cost": 66944.0, "Plan Rows": 89888, "Plan Width": 8, "Plans": [{"Node Type": "Seq Scan", "Parent Relationship": "Outer", "Relation Name": "part", "Alias": "part", "Startup Cost": 0.0, "Total Cost": 66944.0, "Plan Rows": 89888, "Plan Width": 8, "Filter": "((p_name)::text ~~ '%dim%'::text)"}]}]}, {"Node Type": "Hash", "Parent Relationship": "Inner", "Startup Cost": 3283.0, "Total Cost": 3283.0, "Plan Rows": 100000, "Plan Width": 12, "Plans": [{"Node Type": "Seq Scan", "Parent Relationship": "Outer", "Relation Name": "supplier", "Alias": "supplier", "Startup Cost": 0.0, "Total Cost": 3283.0, "Plan Rows": 100000, "Plan Width": 12}]}]}, {"Node Type": "Index Scan", "Parent Relationship": "Inner", "Scan Direction": "Forward", "Index Name": "idx_lineitem_part_supp", "Relation Name": "lineitem", "Alias": "lineitem", "Startup Cost": 0.0, "Total Cost": 1.13, "Plan Rows": 1, "Plan Width": 48, "Index Cond": "((l_partkey = partsupp.ps_partkey) AND (l_suppkey = partsupp.ps_suppkey))"}]}, {"Node Type": "Index Scan", "Parent Relationship": "Inner", "Scan Direction": "Forward", "Index Name": "orders_pkey", "Relation Name": "orders", "Alias": "orders", "Startup Cost": 0.0, "Total Cost": 0.29, "Plan Rows": 1, "Plan Width": 16, "Index Cond": "(o_orderkey = lineitem.l_orderkey)"}]}, {"Node Type": "Index Scan", "Parent Relationship": "Inner", "Scan Direction": "Forward", "Index Name": "nation_pkey", "Relation Name": "nation", "Alias": "nation", "Startup Cost": 0.0, "Total Cost": 0.27, "Plan Rows": 1, "Plan Width": 30, "Index Cond": "(n_nationkey = supplier.s_nationkey)"}]}]}]}, "Unique SQL Id": 3628361425}, "explain_analyze_plan": {"Plan": {"Node Type": "Aggregate", "Strategy": "Sorted", "Startup Cost": 521166.02, "Total Cost": 521166.06, "Plan Rows": 1, "Plan Width": 74, "Actual Startup Time": 59481.117, "Actual Total Time": 62604.215, "Actual Rows": 175, "Actual Loops": 1, "Group By Key": ["nation.n_name", "(date_part('year'::text, orders.o_orderdate))"], "Plans": [{"Node Type": "Sort", "Parent Relationship": "Outer", "Startup Cost": 521166.02, "Total Cost": 521166.03, "Plan Rows": 1, "Plan Width": 66, "Actual Startup Time": 59469.211, "Actual Total Time": 60260.928, "Actual Rows": 3256948, "Actual Loops": 1, "Sort Key": ["nation.n_name", "(date_part('year'::text, orders.o_orderdate)) DESC"], "Sort Method": "quicksort", "Sort Space Used": 607203, "Sort Space Type": "Memory", "Plans": [{"Node Type": "Nested Loop", "Parent Relationship": "Outer", "Join Type": "Inner", "Startup Cost": 72600.6, "Total Cost": 521166.01, "Plan Rows": 1, "Plan Width": 66, "Actual Startup Time": 1094.503, "Actual Total Time": 53628.008, "Actual Rows": 3256948, "Actual Loops": 1, "Inner Unique": true, "Plans": [{"Node Type": "Nested Loop", "Parent Relationship": "Outer", "Join Type": "Inner", "Startup Cost": 72600.6, "Total Cost": 521165.73, "Plan Rows": 1, "Plan Width": 44, "Actual Startup Time": 1094.366, "Actual Total Time": 45161.558, "Actual Rows": 3256948, "Actual Loops": 1, "Inner Unique": true, "Plans": [{"Node Type": "Nested Loop", "Parent Relationship": "Outer", "Join Type": "Inner", "Startup Cost": 72600.6, "Total Cost": 521165.43, "Plan Rows": 1, "Plan Width": 44, "Actual Startup Time": 1094.34, "Actual Total Time": 18317.543, "Actual Rows": 3256948, "Actual Loops": 1, "Inner Unique": false, "Join Filter": "(supplier.s_suppkey = lineitem.l_suppkey)", "Rows Removed by Join Filter": 0, "Plans": [{"Node Type": "Hash Join", "Parent Relationship": "Outer", "Join Type": "Inner", "Startup Cost": 72600.6, "Total Cost": 377416.42, "Plan Rows": 125630, "Plan Width": 44, "Actual Startup Time": 1094.281, "Actual Total Time": 6180.496, "Actual Rows": 434204, "Actual Loops": 1, "Inner Unique": true, "Hash Cond": "(partsupp.ps_suppkey = supplier.s_suppkey), (LLVM Optimized, Jit Execute)", "Plans": [{"Node Type": "Hash Join", "Parent Relationship": "Outer", "Join Type": "Inner", "Startup Cost": 68067.6, "Total Cost": 370653.38, "Plan Rows": 259666, "Plan Width": 32, "Actual Startup Time": 1031.172, "Actual Total Time": 5716.645, "Actual Rows": 434204, "Actual Loops": 1, "Inner Unique": true, "Hash Cond": "(partsupp.ps_partkey = part.p_partkey), (LLVM Optimized, Jit Execute)", "Plans": [{"Node Type": "Seq Scan", "Parent Relationship": "Outer", "Relation Name": "partsupp", "Alias": "partsupp", "Startup Cost": 0.0, "Total Cost": 269987.72, "Plan Rows": 8000372, "Plan Width": 24, "Actual Startup Time": 0.013, "Actual Total Time": 2512.445, "Actual Rows": 8000000, "Actual Loops": 1}, {"Node Type": "Hash", "Parent Relationship": "Inner", "Startup Cost": 66944.0, "Total Cost": 66944.0, "Plan Rows": 89888, "Plan Width": 8, "Actual Startup Time": 1031.014, "Actual Total Time": 1031.014, "Actual Rows": 108551, "Actual Loops": 1, "Hash Buckets": 131072, "Hash Batches": 1, "Original Hash Batches": 1, "Peak Memory Usage": 4241, "Plans": [{"Node Type": "Seq Scan", "Parent Relationship": "Outer", "Relation Name": "part", "Alias": "part", "Startup Cost": 0.0, "Total Cost": 66944.0, "Plan Rows": 89888, "Plan Width": 8, "Actual Startup Time": 0.047, "Actual Total Time": 992.378, "Actual Rows": 108551, "Actual Loops": 1, "Filter": "((p_name)::text ~~ '%dim%'::text)", "Rows Removed by Filter": 1891449}]}]}, {"Node Type": "Hash", "Parent Relationship": "Inner", "Startup Cost": 3283.0, "Total Cost": 3283.0, "Plan Rows": 100000, "Plan Width": 12, "Actual Startup Time": 62.997, "Actual Total Time": 62.997, "Actual Rows": 100000, "Actual Loops": 1, "Hash Buckets": 131072, "Hash Batches": 1, "Original Hash Batches": 1, "Peak Memory Usage": 4297, "Plans": [{"Node Type": "Seq Scan", "Parent Relationship": "Outer", "Relation Name": "supplier", "Alias": "supplier", "Startup Cost": 0.0, "Total Cost": 3283.0, "Plan Rows": 100000, "Plan Width": 12, "Actual Startup Time": 0.026, "Actual Total Time": 35.878, "Actual Rows": 100000, "Actual Loops": 1}]}]}, {"Node Type": "Index Scan", "Parent Relationship": "Inner", "Scan Direction": "Forward", "Index Name": "idx_lineitem_part_supp", "Relation Name": "lineitem", "Alias": "lineitem", "Startup Cost": 0.0, "Total Cost": 1.13, "Plan Rows": 1, "Plan Width": 48, "Actual Startup Time": 3039.434, "Actual Total Time": 10513.781, "Actual Rows": 3256948, "Actual Loops": 434204, "Index Cond": "((l_partkey = partsupp.ps_partkey) AND (l_suppkey = partsupp.ps_suppkey))", "Rows Removed by Index Recheck": 0}]}, {"Node Type": "Index Scan", "Parent Relationship": "Inner", "Scan Direction": "Forward", "Index Name": "orders_pkey", "Relation Name": "orders", "Alias": "orders", "Startup Cost": 0.0, "Total Cost": 0.29, "Plan Rows": 1, "Plan Width": 16, "Actual Startup Time": 24113.79, "Actual Total Time": 24113.79, "Actual Rows": 3256948, "Actual Loops": 3256948, "Index Cond": "(o_orderkey = lineitem.l_orderkey)", "Rows Removed by Index Recheck": 0}]}, {"Node Type": "Index Scan", "Parent Relationship": "Inner", "Scan Direction": "Forward", "Index Name": "nation_pkey", "Relation Name": "nation", "Alias": "nation", "Startup Cost": 0.0, "Total Cost": 0.27, "Plan Rows": 1, "Plan Width": 30, "Actual Startup Time": 4504.283, "Actual Total Time": 4504.283, "Actual Rows": 3256948, "Actual Loops": 3256948, "Index Cond": "(n_nationkey = supplier.s_nationkey)", "Rows Removed by Index Recheck": 0}]}]}]}, "Triggers": [], "Planner Runtime": 30.255, "Total Runtime": 62619.904, "Unique SQL Id": 3628361425}}, "(1, 45)": {"explain_plan": {"Plan": {"Node Type": "Aggregate", "Strategy": "Sorted", "Startup Cost": 701189.48, "Total Cost": 701189.52, "Plan Rows": 1, "Plan Width": 74, "Group By Key": ["nation.n_name", "(date_part('year'::text, orders.o_orderdate))"], "Plans": [{"Node Type": "Sort", "Parent Relationship": "Outer", "Startup Cost": 701189.48, "Total Cost": 701189.49, "Plan Rows": 1, "Plan Width": 66, "Sort Key": ["nation.n_name", "(date_part('year'::text, orders.o_orderdate)) DESC"], "Plans": [{"Node Type": "Nested Loop", "Parent Relationship": "Outer", "Join Type": "Inner", "Startup Cost": 6584.54, "Total Cost": 701189.47, "Plan Rows": 1, "Plan Width": 66, "Inner Unique": true, "Plans": [{"Node Type": "Nested Loop", "Parent Relationship": "Outer", "Join Type": "Inner", "Startup Cost": 6584.54, "Total Cost": 701189.19, "Plan Rows": 1, "Plan Width": 44, "Inner Unique": true, "Plans": [{"Node Type": "Nested Loop", "Parent Relationship": "Outer", "Join Type": "Inner", "Startup Cost": 6584.54, "Total Cost": 701188.89, "Plan Rows": 1, "Plan Width": 44, "Inner Unique": false, "Join Filter": "(supplier.s_suppkey = lineitem.l_suppkey)", "Plans": [{"Node Type": "Hash Join", "Parent Relationship": "Outer", "Join Type": "Inner", "Startup Cost": 6584.54, "Total Cost": 557439.88, "Plan Rows": 125630, "Plan Width": 44, "Inner Unique": true, "Hash Cond": "(partsupp.ps_suppkey = supplier.s_suppkey), (LLVM Optimized)", "Plans": [{"Node Type": "Nested Loop", "Parent Relationship": "Outer", "Join Type": "Inner", "Startup Cost": 0.0, "Total Cost": 548625.29, "Plan Rows": 259666, "Plan Width": 32, "Inner Unique": false, "Plans": [{"Node Type": "Index Scan", "Parent Relationship": "Outer", "Scan Direction": "Forward", "Index Name": "part_kpey", "Relation Name": "part", "Alias": "part", "Startup Cost": 0.0, "Total Cost": 105803.25, "Plan Rows": 89888, "Plan Width": 8, "Filter": "((p_name)::text ~~ '%dim%'::text)"}, {"Node Type": "Index Scan", "Parent Relationship": "Inner", "Scan Direction": "Forward", "Index Name": "idx_partsupp_partkey", "Relation Name": "partsupp", "Alias": "partsupp", "Startup Cost": 0.0, "Total Cost": 4.9, "Plan Rows": 3, "Plan Width": 24, "Index Cond": "(ps_partkey = part.p_partkey)"}]}, {"Node Type": "Hash", "Parent Relationship": "Inner", "Startup Cost": 5334.54, "Total Cost": 5334.54, "Plan Rows": 100000, "Plan Width": 12, "Plans": [{"Node Type": "Index Scan", "Parent Relationship": "Outer", "Scan Direction": "Forward", "Index Name": "supplier_pkey", "Relation Name": "supplier", "Alias": "supplier", "Startup Cost": 0.0, "Total Cost": 5334.54, "Plan Rows": 100000, "Plan Width": 12}]}]}, {"Node Type": "Index Scan", "Parent Relationship": "Inner", "Scan Direction": "Forward", "Index Name": "idx_lineitem_part_supp", "Relation Name": "lineitem", "Alias": "lineitem", "Startup Cost": 0.0, "Total Cost": 1.13, "Plan Rows": 1, "Plan Width": 48, "Index Cond": "((l_partkey = partsupp.ps_partkey) AND (l_suppkey = partsupp.ps_suppkey))"}]}, {"Node Type": "Index Scan", "Parent Relationship": "Inner", "Scan Direction": "Forward", "Index Name": "orders_pkey", "Relation Name": "orders", "Alias": "orders", "Startup Cost": 0.0, "Total Cost": 0.29, "Plan Rows": 1, "Plan Width": 16, "Index Cond": "(o_orderkey = lineitem.l_orderkey)"}]}, {"Node Type": "Index Scan", "Parent Relationship": "Inner", "Scan Direction": "Forward", "Index Name": "nation_pkey", "Relation Name": "nation", "Alias": "nation", "Startup Cost": 0.0, "Total Cost": 0.27, "Plan Rows": 1, "Plan Width": 30, "Index Cond": "(n_nationkey = supplier.s_nationkey)"}]}]}]}, "Unique SQL Id": 3628361425}, "explain_analyze_plan": {"Plan": {"Node Type": "Aggregate", "Strategy": "Sorted", "Startup Cost": 701189.48, "Total Cost": 701189.52, "Plan Rows": 1, "Plan Width": 74, "Actual Startup Time": 57927.603, "Actual Total Time": 60887.2, "Actual Rows": 175, "Actual Loops": 1, "Group By Key": ["nation.n_name", "(date_part('year'::text, orders.o_orderdate))"], "Plans": [{"Node Type": "Sort", "Parent Relationship": "Outer", "Startup Cost": 701189.48, "Total Cost": 701189.49, "Plan Rows": 1, "Plan Width": 66, "Actual Startup Time": 57917.052, "Actual Total Time": 58585.336, "Actual Rows": 3256948, "Actual Loops": 1, "Sort Key": ["nation.n_name", "(date_part('year'::text, orders.o_orderdate)) DESC"], "Sort Method": "quicksort", "Sort Space Used": 607203, "Sort Space Type": "Memory", "Plans": [{"Node Type": "Nested Loop", "Parent Relationship": "Outer", "Join Type": "Inner", "Startup Cost": 6584.54, "Total Cost": 701189.47, "Plan Rows": 1, "Plan Width": 66, "Actual Startup Time": 88.208, "Actual Total Time": 52379.794, "Actual Rows": 3256948, "Actual Loops": 1, "Inner Unique": true, "Plans": [{"Node Type": "Nested Loop", "Parent Relationship": "Outer", "Join Type": "Inner", "Startup Cost": 6584.54, "Total Cost": 701189.19, "Plan Rows": 1, "Plan Width": 44, "Actual Startup Time": 88.176, "Actual Total Time": 43642.973, "Actual Rows": 3256948, "Actual Loops": 1, "Inner Unique": true, "Plans": [{"Node Type": "Nested Loop", "Parent Relationship": "Outer", "Join Type": "Inner", "Startup Cost": 6584.54, "Total Cost": 701188.89, "Plan Rows": 1, "Plan Width": 44, "Actual Startup Time": 88.16, "Actual Total Time": 15982.385, "Actual Rows": 3256948, "Actual Loops": 1, "Inner Unique": false, "Join Filter": "(supplier.s_suppkey = lineitem.l_suppkey)", "Rows Removed by Join Filter": 0, "Plans": [{"Node Type": "Hash Join", "Parent Relationship": "Outer", "Join Type": "Inner", "Startup Cost": 6584.54, "Total Cost": 557439.88, "Plan Rows": 125630, "Plan Width": 44, "Actual Startup Time": 88.115, "Actual Total Time": 3477.657, "Actual Rows": 434204, "Actual Loops": 1, "Inner Unique": true, "Hash Cond": "(partsupp.ps_suppkey = supplier.s_suppkey), (LLVM Optimized, Jit Execute)", "Plans": [{"Node Type": "Nested Loop", "Parent Relationship": "Outer", "Join Type": "Inner", "Startup Cost": 0.0, "Total Cost": 548625.29, "Plan Rows": 259666, "Plan Width": 32, "Actual Startup Time": 0.091, "Actual Total Time": 2926.915, "Actual Rows": 434204, "Actual Loops": 1, "Inner Unique": false, "Plans": [{"Node Type": "Index Scan", "Parent Relationship": "Outer", "Scan Direction": "Forward", "Index Name": "part_kpey", "Relation Name": "part", "Alias": "part", "Startup Cost": 0.0, "Total Cost": 105803.25, "Plan Rows": 89888, "Plan Width": 8, "Actual Startup Time": 0.065, "Actual Total Time": 1746.869, "Actual Rows": 108551, "Actual Loops": 1, "Filter": "((p_name)::text ~~ '%dim%'::text)", "Rows Removed by Filter": 1891449}, {"Node Type": "Index Scan", "Parent Relationship": "Inner", "Scan Direction": "Forward", "Index Name": "idx_partsupp_partkey", "Relation Name": "partsupp", "Alias": "partsupp", "Startup Cost": 0.0, "Total Cost": 4.9, "Plan Rows": 3, "Plan Width": 24, "Actual Startup Time": 667.283, "Actual Total Time": 976.149, "Actual Rows": 434204, "Actual Loops": 108551, "Index Cond": "(ps_partkey = part.p_partkey)", "Rows Removed by Index Recheck": 0}]}, {"Node Type": "Hash", "Parent Relationship": "Inner", "Startup Cost": 5334.54, "Total Cost": 5334.54, "Plan Rows": 100000, "Plan Width": 12, "Actual Startup Time": 87.877, "Actual Total Time": 87.877, "Actual Rows": 100000, "Actual Loops": 1, "Hash Buckets": 131072, "Hash Batches": 1, "Original Hash Batches": 1, "Peak Memory Usage": 4297, "Plans": [{"Node Type": "Index Scan", "Parent Relationship": "Outer", "Scan Direction": "Forward", "Index Name": "supplier_pkey", "Relation Name": "supplier", "Alias": "supplier", "Startup Cost": 0.0, "Total Cost": 5334.54, "Plan Rows": 100000, "Plan Width": 12, "Actual Startup Time": 0.025, "Actual Total Time": 60.048, "Actual Rows": 100000, "Actual Loops": 1}]}]}, {"Node Type": "Index Scan", "Parent Relationship": "Inner", "Scan Direction": "Forward", "Index Name": "idx_lineitem_part_supp", "Relation Name": "lineitem", "Alias": "lineitem", "Startup Cost": 0.0, "Total Cost": 1.13, "Plan Rows": 1, "Plan Width": 48, "Actual Startup Time": 3121.867, "Actual Total Time": 10833.853, "Actual Rows": 3256948, "Actual Loops": 434204, "Index Cond": "((l_partkey = partsupp.ps_partkey) AND (l_suppkey = partsupp.ps_suppkey))", "Rows Removed by Index Recheck": 0}]}, {"Node Type": "Index Scan", "Parent Relationship": "Inner", "Scan Direction": "Forward", "Index Name": "orders_pkey", "Relation Name": "orders", "Alias": "orders", "Startup Cost": 0.0, "Total Cost": 0.29, "Plan Rows": 1, "Plan Width": 16, "Actual Startup Time": 24891.296, "Actual Total Time": 24891.296, "Actual Rows": 3256948, "Actual Loops": 3256948, "Index Cond": "(o_orderkey = lineitem.l_orderkey)", "Rows Removed by Index Recheck": 0}]}, {"Node Type": "Index Scan", "Parent Relationship": "Inner", "Scan Direction": "Forward", "Index Name": "nation_pkey", "Relation Name": "nation", "Alias": "nation", "Startup Cost": 0.0, "Total Cost": 0.27, "Plan Rows": 1, "Plan Width": 30, "Actual Startup Time": 4701.479, "Actual Total Time": 4701.479, "Actual Rows": 3256948, "Actual Loops": 3256948, "Index Cond": "(n_nationkey = supplier.s_nationkey)", "Rows Removed by Index Recheck": 0}]}]}]}, "Triggers": [], "Planner Runtime": 29.635, "Total Runtime": 60901.785, "Unique SQL Id": 3628361425}}, "(1, 46)": {"explain_plan": {"Plan": {"Node Type": "Aggregate", "Strategy": "Sorted", "Startup Cost": 3188400.26, "Total Cost": 3188400.29, "Plan Rows": 1, "Plan Width": 74, "Group By Key": ["nation.n_name", "(date_part('year'::text, orders.o_orderdate))"], "Plans": [{"Node Type": "Sort", "Parent Relationship": "Outer", "Startup Cost": 3188400.26, "Total Cost": 3188400.26, "Plan Rows": 1, "Plan Width": 66, "Sort Key": ["nation.n_name", "(date_part('year'::text, orders.o_orderdate)) DESC"], "Plans": [{"Node Type": "Nested Loop", "Parent Relationship": "Outer", "Join Type": "Inner", "Startup Cost": 2705736.84, "Total Cost": 3188400.25, "Plan Rows": 1, "Plan Width": 66, "Inner Unique": true, "Join Filter": "(supplier.s_nationkey = nation.n_nationkey)", "Plans": [{"Node Type": "Hash Join", "Parent Relationship": "Outer", "Join Type": "Inner", "Startup Cost": 2705736.84, "Total Cost": 3188398.68, "Plan Rows": 1, "Plan Width": 44, "Inner Unique": false, "Hash Cond": "(orders.o_orderkey = lineitem.l_orderkey)", "Plans": [{"Node Type": "Seq Scan", "Parent Relationship": "Outer", "Relation Name": "orders", "Alias": "orders", "Startup Cost": 0.0, "Total Cost": 426413.79, "Plan Rows": 14999479, "Plan Width": 16}, {"Node Type": "Hash", "Parent Relationship": "Inner", "Startup Cost": 2705736.82, "Total Cost": 2705736.82, "Plan Rows": 1, "Plan Width": 44, "Plans": [{"Node Type": "Hash Join", "Parent Relationship": "Outer", "Join Type": "Inner", "Startup Cost": 406202.19, "Total Cost": 2705736.82, "Plan Rows": 1, "Plan Width": 44, "Inner Unique": false, "Hash Cond": "((lineitem.l_suppkey = partsupp.ps_suppkey) AND (lineitem.l_partkey = partsupp.ps_partkey))", "Plans": [{"Node Type": "Hash Join", "Parent Relationship": "Outer", "Join Type": "Inner", "Startup Cost": 68067.6, "Total Cost": 2313089.96, "Plan Rows": 495566, "Plan Width": 56, "Inner Unique": true, "Hash Cond": "(lineitem.l_partkey = part.p_partkey), (LLVM Optimized)", "Plans": [{"Node Type": "Seq Scan", "Parent Relationship": "Outer", "Relation Name": "lineitem", "Alias": "lineitem", "Startup Cost": 0.0, "Total Cost": 2015115.33, "Plan Rows": 59987033, "Plan Width": 48}, {"Node Type": "Hash", "Parent Relationship": "Inner", "Startup Cost": 66944.0, "Total Cost": 66944.0, "Plan Rows": 89888, "Plan Width": 8, "Plans": [{"Node Type": "Seq Scan", "Parent Relationship": "Outer", "Relation Name": "part", "Alias": "part", "Startup Cost": 0.0, "Total Cost": 66944.0, "Plan Rows": 89888, "Plan Width": 8, "Filter": "((p_name)::text ~~ '%dim%'::text)"}]}]}, {"Node Type": "Hash", "Parent Relationship": "Inner", "Startup Cost": 317967.1, "Total Cost": 317967.1, "Plan Rows": 1344499, "Plan Width": 36, "Plans": [{"Node Type": "Hash Join", "Parent Relationship": "Outer", "Join Type": "Inner", "Startup Cost": 4533.0, "Total Cost": 317967.1, "Plan Rows": 1344499, "Plan Width": 36, "Inner Unique": true, "Hash Cond": "(partsupp.ps_suppkey = supplier.s_suppkey), (LLVM Optimized)", "Plans": [{"Node Type": "Seq Scan", "Parent Relationship": "Outer", "Relation Name": "partsupp", "Alias": "partsupp", "Startup Cost": 0.0, "Total Cost": 269987.72, "Plan Rows": 8000372, "Plan Width": 24}, {"Node Type": "Hash", "Parent Relationship": "Inner", "Startup Cost": 3283.0, "Total Cost": 3283.0, "Plan Rows": 100000, "Plan Width": 12, "Plans": [{"Node Type": "Seq Scan", "Parent Relationship": "Outer", "Relation Name": "supplier", "Alias": "supplier", "Startup Cost": 0.0, "Total Cost": 3283.0, "Plan Rows": 100000, "Plan Width": 12}]}]}]}]}]}]}, {"Node Type": "Seq Scan", "Parent Relationship": "Inner", "Relation Name": "nation", "Alias": "nation", "Startup Cost": 0.0, "Total Cost": 1.25, "Plan Rows": 25, "Plan Width": 30}]}]}]}, "Unique SQL Id": 3628361425}, "explain_analyze_plan": null}, "(1, 47)": {"explain_plan": {"Plan": {"Node Type": "Aggregate", "Strategy": "Sorted", "Startup Cost": 6017789044136.98, "Total Cost": 6017789044137.01, "Plan Rows": 1, "Plan Width": 74, "Group By Key": ["nation.n_name", "(date_part('year'::text, orders.o_orderdate))"], "Plans": [{"Node Type": "Sort", "Parent Relationship": "Outer", "Startup Cost": 6017789044136.98, "Total Cost": 6017789044136.98, "Plan Rows": 1, "Plan Width": 66, "Sort Key": ["nation.n_name", "(date_part('year'::text, orders.o_orderdate)) DESC"], "Plans": [{"Node Type": "Nested Loop", "Parent Relationship": "Outer", "Join Type": "Inner", "Startup Cost": 1050010581448.6, "Total Cost": 6017789044136.97, "Plan Rows": 1, "Plan Width": 66, "Inner Unique": true, "Plans": [{"Node Type": "Nested Loop", "Parent Relationship": "Outer", "Join Type": "Inner", "Startup Cost": 1040010581448.6, "Total Cost": 5017789044107.73, "Plan Rows": 1, "Plan Width": 66, "Inner Unique": false, "Join Filter": "((lineitem.l_suppkey = partsupp.ps_suppkey) AND (lineitem.l_partkey = partsupp.ps_partkey))", "Plans": [{"Node Type": "Index Scan", "Parent Relationship": "Outer", "Scan Direction": "Forward", "Index Name": "partsupp_pkey", "Relation Name": "partsupp", "Alias": "partsupp", "Startup Cost": 10000000000.0, "Total Cost": 1000071640963.22, "Plan Rows": 8000372, "Plan Width": 24}, {"Node Type": "Materialize", "Parent Relationship": "Inner", "Startup Cost": 1030010581448.6, "Total Cost": 4001078749780.2, "Plan Rows": 118842, "Plan Width": 90, "Plans": [{"Node Type": "Nested Loop", "Parent Relationship": "Outer", "Join Type": "Inner", "Startup Cost": 1030010581448.6, "Total Cost": 4001078749185.99, "Plan Rows": 118842, "Plan Width": 90, "Inner Unique": false, "Join Filter": "(lineitem.l_suppkey = supplier.s_suppkey), (LLVM Optimized)", "Plans": [{"Node Type": "Nested Loop", "Parent Relationship": "Outer", "Join Type": "Inner", "Startup Cost": 20000000000.0, "Total Cost": 2000000572216.94, "Plan Rows": 100000, "Plan Width": 34, "Inner Unique": true, "Join Filter": "(supplier.s_nationkey = nation.n_nationkey), (LLVM Optimized)", "Plans": [{"Node Type": "Index Scan", "Parent Relationship": "Outer", "Scan Direction": "Forward", "Index Name": "supplier_pkey", "Relation Name": "supplier", "Alias": "supplier", "Startup Cost": 10000000000.0, "Total Cost": 1000000533454.38, "Plan Rows": 100000, "Plan Width": 12}, {"Node Type": "Materialize", "Parent Relationship": "Inner", "Startup Cost": 10000000000.0, "Total Cost": 1000000001262.62, "Plan Rows": 25, "Plan Width": 30, "Plans": [{"Node Type": "Index Scan", "Parent Relationship": "Outer", "Scan Direction": "Forward", "Index Name": "nation_pkey", "Relation Name": "nation", "Alias": "nation", "Startup Cost": 10000000000.0, "Total Cost": 1000000001262.5, "Plan Rows": 25, "Plan Width": 30}]}]}, {"Node Type": "Materialize", "Parent Relationship": "Inner", "Startup Cost": 1010010581448.6, "Total Cost": 2000334829207.96, "Plan Rows": 495566, "Plan Width": 56, "Plans": [{"Node Type": "Hash Join", "Parent Relationship": "Outer", "Join Type": "Inner", "Startup Cost": 1010010581448.6, "Total Cost": 2000334826730.13, "Plan Rows": 495566, "Plan Width": 56, "Inner Unique": true, "Hash Cond": "(lineitem.l_partkey = part.p_partkey), (LLVM Optimized)", "Plans": [{"Node Type": "Index Scan", "Parent Relationship": "Outer", "Scan Direction": "Forward", "Index Name": "idx_lineitem_orderkey", "Relation Name": "lineitem", "Alias": "lineitem", "Startup Cost": 10000000000.0, "Total Cost": 1000324015374.5, "Plan Rows": 59987033, "Plan Width": 48}, {"Node Type": "Hash", "Parent Relationship": "Inner", "Startup Cost": 1000010580325.0, "Total Cost": 1000010580325.0, "Plan Rows": 89888, "Plan Width": 8, "Plans": [{"Node Type": "Index Scan", "Parent Relationship": "Outer", "Scan Direction": "Forward", "Index Name": "part_kpey", "Relation Name": "part", "Alias": "part", "Startup Cost": 10000000000.0, "Total Cost": 1000010580325.0, "Plan Rows": 89888, "Plan Width": 8, "Filter": "((p_name)::text ~~ '%dim%'::text)"}]}]}]}]}]}]}, {"Node Type": "Index Scan", "Parent Relationship": "Inner", "Scan Direction": "Forward", "Index Name": "orders_pkey", "Relation Name": "orders", "Alias": "orders", "Startup Cost": 10000000000.0, "Total Cost": 1000000000029.23, "Plan Rows": 1, "Plan Width": 16, "Index Cond": "(o_orderkey = lineitem.l_orderkey)"}]}]}]}, "Unique SQL Id": 3628361425}, "explain_analyze_plan": null}, "(1, 48)": {"explain_plan": {"Plan": {"Node Type": "Aggregate", "Strategy": "Sorted", "Startup Cost": 726568.76, "Total Cost": 726568.8, "Plan Rows": 1, "Plan Width": 74, "Group By Key": ["nation.n_name", "(date_part('year'::text, orders.o_orderdate))"], "Plans": [{"Node Type": "Sort", "Parent Relationship": "Outer", "Startup Cost": 726568.76, "Total Cost": 726568.77, "Plan Rows": 1, "Plan Width": 66, "Sort Key": ["nation.n_name", "(date_part('year'::text, orders.o_orderdate)) DESC"], "Plans": [{"Node Type": "Nested Loop", "Parent Relationship": "Outer", "Join Type": "Inner", "Startup Cost": 0.0, "Total Cost": 726568.75, "Plan Rows": 1, "Plan Width": 66, "Inner Unique": true, "Plans": [{"Node Type": "Nested Loop", "Parent Relationship": "Outer", "Join Type": "Inner", "Startup Cost": 0.0, "Total Cost": 726568.47, "Plan Rows": 1, "Plan Width": 44, "Inner Unique": true, "Plans": [{"Node Type": "Nested Loop", "Parent Relationship": "Outer", "Join Type": "Inner", "Startup Cost": 0.0, "Total Cost": 726568.17, "Plan Rows": 1, "Plan Width": 44, "Inner Unique": false, "Join Filter": "(supplier.s_suppkey = lineitem.l_suppkey)", "Plans": [{"Node Type": "Nested Loop", "Parent Relationship": "Outer", "Join Type": "Inner", "Startup Cost": 0.0, "Total Cost": 582819.16, "Plan Rows": 125630, "Plan Width": 44, "Inner Unique": true, "Plans": [{"Node Type": "Nested Loop", "Parent Relationship": "Outer", "Join Type": "Inner", "Startup Cost": 0.0, "Total Cost": 509766.04, "Plan Rows": 259666, "Plan Width": 32, "Inner Unique": false, "Plans": [{"Node Type": "Seq Scan", "Parent Relationship": "Outer", "Relation Name": "part", "Alias": "part", "Startup Cost": 0.0, "Total Cost": 66944.0, "Plan Rows": 89888, "Plan Width": 8, "Filter": "((p_name)::text ~~ '%dim%'::text)"}, {"Node Type": "Index Scan", "Parent Relationship": "Inner", "Scan Direction": "Forward", "Index Name": "idx_partsupp_partkey", "Relation Name": "partsupp", "Alias": "partsupp", "Startup Cost": 0.0, "Total Cost": 4.9, "Plan Rows": 3, "Plan Width": 24, "Index Cond": "(ps_partkey = part.p_partkey)"}]}, {"Node Type": "Index Scan", "Parent Relationship": "Inner", "Scan Direction": "Forward", "Index Name": "supplier_pkey", "Relation Name": "supplier", "Alias": "supplier", "Startup Cost": 0.0, "Total Cost": 0.27, "Plan Rows": 1, "Plan Width": 12, "Index Cond": "(s_suppkey = partsupp.ps_suppkey)"}]}, {"Node Type": "Index Scan", "Parent Relationship": "Inner", "Scan Direction": "Forward", "Index Name": "idx_lineitem_part_supp", "Relation Name": "lineitem", "Alias": "lineitem", "Startup Cost": 0.0, "Total Cost": 1.13, "Plan Rows": 1, "Plan Width": 48, "Index Cond": "((l_partkey = partsupp.ps_partkey) AND (l_suppkey = partsupp.ps_suppkey))"}]}, {"Node Type": "Index Scan", "Parent Relationship": "Inner", "Scan Direction": "Forward", "Index Name": "orders_pkey", "Relation Name": "orders", "Alias": "orders", "Startup Cost": 0.0, "Total Cost": 0.29, "Plan Rows": 1, "Plan Width": 16, "Index Cond": "(o_orderkey = lineitem.l_orderkey)"}]}, {"Node Type": "Index Scan", "Parent Relationship": "Inner", "Scan Direction": "Forward", "Index Name": "nation_pkey", "Relation Name": "nation", "Alias": "nation", "Startup Cost": 0.0, "Total Cost": 0.27, "Plan Rows": 1, "Plan Width": 30, "Index Cond": "(n_nationkey = supplier.s_nationkey)"}]}]}]}, "Unique SQL Id": 3628361425}, "explain_analyze_plan": {"Plan": {"Node Type": "Aggregate", "Strategy": "Sorted", "Startup Cost": 726568.76, "Total Cost": 726568.8, "Plan Rows": 1, "Plan Width": 74, "Actual Startup Time": 58900.205, "Actual Total Time": 61981.354, "Actual Rows": 175, "Actual Loops": 1, "Group By Key": ["nation.n_name", "(date_part('year'::text, orders.o_orderdate))"], "Plans": [{"Node Type": "Sort", "Parent Relationship": "Outer", "Startup Cost": 726568.76, "Total Cost": 726568.77, "Plan Rows": 1, "Plan Width": 66, "Actual Startup Time": 58889.109, "Actual Total Time": 59655.514, "Actual Rows": 3256948, "Actual Loops": 1, "Sort Key": ["nation.n_name", "(date_part('year'::text, orders.o_orderdate)) DESC"], "Sort Method": "quicksort", "Sort Space Used": 607203, "Sort Space Type": "Memory", "Plans": [{"Node Type": "Nested Loop", "Parent Relationship": "Outer", "Join Type": "Inner", "Startup Cost": 0.0, "Total Cost": 726568.75, "Plan Rows": 1, "Plan Width": 66, "Actual Startup Time": 0.171, "Actual Total Time": 53486.488, "Actual Rows": 3256948, "Actual Loops": 1, "Inner Unique": true, "Plans": [{"Node Type": "Nested Loop", "Parent Relationship": "Outer", "Join Type": "Inner", "Startup Cost": 0.0, "Total Cost": 726568.47, "Plan Rows": 1, "Plan Width": 44, "Actual Startup Time": 0.108, "Actual Total Time": 44712.133, "Actual Rows": 3256948, "Actual Loops": 1, "Inner Unique": true, "Plans": [{"Node Type": "Nested Loop", "Parent Relationship": "Outer", "Join Type": "Inner", "Startup Cost": 0.0, "Total Cost": 726568.17, "Plan Rows": 1, "Plan Width": 44, "Actual Startup Time": 0.095, "Actual Total Time": 16943.05, "Actual Rows": 3256948, "Actual Loops": 1, "Inner Unique": false, "Join Filter": "(supplier.s_suppkey = lineitem.l_suppkey)", "Rows Removed by Join Filter": 0, "Plans": [{"Node Type": "Nested Loop", "Parent Relationship": "Outer", "Join Type": "Inner", "Startup Cost": 0.0, "Total Cost": 582819.16, "Plan Rows": 125630, "Plan Width": 44, "Actual Startup Time": 0.079, "Actual Total Time": 4465.744, "Actual Rows": 434204, "Actual Loops": 1, "Inner Unique": true, "Plans": [{"Node Type": "Nested Loop", "Parent Relationship": "Outer", "Join Type": "Inner", "Startup Cost": 0.0, "Total Cost": 509766.04, "Plan Rows": 259666, "Plan Width": 32, "Actual Startup Time": 0.068, "Actual Total Time": 2320.726, "Actual Rows": 434204, "Actual Loops": 1, "Inner Unique": false, "Plans": [{"Node Type": "Seq Scan", "Parent Relationship": "Outer", "Relation Name": "part", "Alias": "part", "Startup Cost": 0.0, "Total Cost": 66944.0, "Plan Rows": 89888, "Plan Width": 8, "Actual Startup Time": 0.035, "Actual Total Time": 1129.616, "Actual Rows": 108551, "Actual Loops": 1, "Filter": "((p_name)::text ~~ '%dim%'::text)", "Rows Removed by Filter": 1891449}, {"Node Type": "Index Scan", "Parent Relationship": "Inner", "Scan Direction": "Forward", "Index Name": "idx_partsupp_partkey", "Relation Name": "partsupp", "Alias": "partsupp", "Startup Cost": 0.0, "Total Cost": 4.9, "Plan Rows": 3, "Plan Width": 24, "Actual Startup Time": 668.108, "Actual Total Time": 988.493, "Actual Rows": 434204, "Actual Loops": 108551, "Index Cond": "(ps_partkey = part.p_partkey)", "Rows Removed by Index Recheck": 0}]}, {"Node Type": "Index Scan", "Parent Relationship": "Inner", "Scan Direction": "Forward", "Index Name": "supplier_pkey", "Relation Name": "supplier", "Alias": "supplier", "Startup Cost": 0.0, "Total Cost": 0.27, "Plan Rows": 1, "Plan Width": 12, "Actual Startup Time": 1675.287, "Actual Total Time": 1675.287, "Actual Rows": 434204, "Actual Loops": 434204, "Index Cond": "(s_suppkey = partsupp.ps_suppkey)", "Rows Removed by Index Recheck": 0}]}, {"Node Type": "Index Scan", "Parent Relationship": "Inner", "Scan Direction": "Forward", "Index Name": "idx_lineitem_part_supp", "Relation Name": "lineitem", "Alias": "lineitem", "Startup Cost": 0.0, "Total Cost": 1.13, "Plan Rows": 1, "Plan Width": 48, "Actual Startup Time": 3066.268, "Actual Total Time": 10798.009, "Actual Rows": 3256948, "Actual Loops": 434204, "Index Cond": "((l_partkey = partsupp.ps_partkey) AND (l_suppkey = partsupp.ps_suppkey))", "Rows Removed by Index Recheck": 0}]}, {"Node Type": "Index Scan", "Parent Relationship": "Inner", "Scan Direction": "Forward", "Index Name": "orders_pkey", "Relation Name": "orders", "Alias": "orders", "Startup Cost": 0.0, "Total Cost": 0.29, "Plan Rows": 1, "Plan Width": 16, "Actual Startup Time": 25019.433, "Actual Total Time": 25019.433, "Actual Rows": 3256948, "Actual Loops": 3256948, "Index Cond": "(o_orderkey = lineitem.l_orderkey)", "Rows Removed by Index Recheck": 0}]}, {"Node Type": "Index Scan", "Parent Relationship": "Inner", "Scan Direction": "Forward", "Index Name": "nation_pkey", "Relation Name": "nation", "Alias": "nation", "Startup Cost": 0.0, "Total Cost": 0.27, "Plan Rows": 1, "Plan Width": 30, "Actual Startup Time": 4702.402, "Actual Total Time": 4702.402, "Actual Rows": 3256948, "Actual Loops": 3256948, "Index Cond": "(n_nationkey = supplier.s_nationkey)", "Rows Removed by Index Recheck": 0}]}]}]}, "Triggers": [], "Planner Runtime": 9.71, "Total Runtime": 61988.127, "Unique SQL Id": 3628361425}}, "(1, 49)": {"explain_plan": {"Plan": {"Node Type": "Aggregate", "Strategy": "Sorted", "Startup Cost": 765428.01, "Total Cost": 765428.05, "Plan Rows": 1, "Plan Width": 74, "Group By Key": ["nation.n_name", "(date_part('year'::text, orders.o_orderdate))"], "Plans": [{"Node Type": "Sort", "Parent Relationship": "Outer", "Startup Cost": 765428.01, "Total Cost": 765428.02, "Plan Rows": 1, "Plan Width": 66, "Sort Key": ["nation.n_name", "(date_part('year'::text, orders.o_orderdate)) DESC"], "Plans": [{"Node Type": "Nested Loop", "Parent Relationship": "Outer", "Join Type": "Inner", "Startup Cost": 0.0, "Total Cost": 765428.0, "Plan Rows": 1, "Plan Width": 66, "Inner Unique": true, "Plans": [{"Node Type": "Nested Loop", "Parent Relationship": "Outer", "Join Type": "Inner", "Startup Cost": 0.0, "Total Cost": 765427.72, "Plan Rows": 1, "Plan Width": 44, "Inner Unique": true, "Plans": [{"Node Type": "Nested Loop", "Parent Relationship": "Outer", "Join Type": "Inner", "Startup Cost": 0.0, "Total Cost": 765427.42, "Plan Rows": 1, "Plan Width": 44, "Inner Unique": false, "Join Filter": "(supplier.s_suppkey = lineitem.l_suppkey)", "Plans": [{"Node Type": "Nested Loop", "Parent Relationship": "Outer", "Join Type": "Inner", "Startup Cost": 0.0, "Total Cost": 621678.41, "Plan Rows": 125630, "Plan Width": 44, "Inner Unique": true, "Plans": [{"Node Type": "Nested Loop", "Parent Relationship": "Outer", "Join Type": "Inner", "Startup Cost": 0.0, "Total Cost": 548625.29, "Plan Rows": 259666, "Plan Width": 32, "Inner Unique": false, "Plans": [{"Node Type": "Index Scan", "Parent Relationship": "Outer", "Scan Direction": "Forward", "Index Name": "part_kpey", "Relation Name": "part", "Alias": "part", "Startup Cost": 0.0, "Total Cost": 105803.25, "Plan Rows": 89888, "Plan Width": 8, "Filter": "((p_name)::text ~~ '%dim%'::text)"}, {"Node Type": "Index Scan", "Parent Relationship": "Inner", "Scan Direction": "Forward", "Index Name": "idx_partsupp_partkey", "Relation Name": "partsupp", "Alias": "partsupp", "Startup Cost": 0.0, "Total Cost": 4.9, "Plan Rows": 3, "Plan Width": 24, "Index Cond": "(ps_partkey = part.p_partkey)"}]}, {"Node Type": "Index Scan", "Parent Relationship": "Inner", "Scan Direction": "Forward", "Index Name": "supplier_pkey", "Relation Name": "supplier", "Alias": "supplier", "Startup Cost": 0.0, "Total Cost": 0.27, "Plan Rows": 1, "Plan Width": 12, "Index Cond": "(s_suppkey = partsupp.ps_suppkey)"}]}, {"Node Type": "Index Scan", "Parent Relationship": "Inner", "Scan Direction": "Forward", "Index Name": "idx_lineitem_part_supp", "Relation Name": "lineitem", "Alias": "lineitem", "Startup Cost": 0.0, "Total Cost": 1.13, "Plan Rows": 1, "Plan Width": 48, "Index Cond": "((l_partkey = partsupp.ps_partkey) AND (l_suppkey = partsupp.ps_suppkey))"}]}, {"Node Type": "Index Scan", "Parent Relationship": "Inner", "Scan Direction": "Forward", "Index Name": "orders_pkey", "Relation Name": "orders", "Alias": "orders", "Startup Cost": 0.0, "Total Cost": 0.29, "Plan Rows": 1, "Plan Width": 16, "Index Cond": "(o_orderkey = lineitem.l_orderkey)"}]}, {"Node Type": "Index Scan", "Parent Relationship": "Inner", "Scan Direction": "Forward", "Index Name": "nation_pkey", "Relation Name": "nation", "Alias": "nation", "Startup Cost": 0.0, "Total Cost": 0.27, "Plan Rows": 1, "Plan Width": 30, "Index Cond": "(n_nationkey = supplier.s_nationkey)"}]}]}]}, "Unique SQL Id": 3628361425}, "explain_analyze_plan": {"Plan": {"Node Type": "Aggregate", "Strategy": "Sorted", "Startup Cost": 765428.01, "Total Cost": 765428.05, "Plan Rows": 1, "Plan Width": 74, "Actual Startup Time": 58936.739, "Actual Total Time": 62088.806, "Actual Rows": 175, "Actual Loops": 1, "Group By Key": ["nation.n_name", "(date_part('year'::text, orders.o_orderdate))"], "Plans": [{"Node Type": "Sort", "Parent Relationship": "Outer", "Startup Cost": 765428.01, "Total Cost": 765428.02, "Plan Rows": 1, "Plan Width": 66, "Actual Startup Time": 58925.831, "Actual Total Time": 59727.638, "Actual Rows": 3256948, "Actual Loops": 1, "Sort Key": ["nation.n_name", "(date_part('year'::text, orders.o_orderdate)) DESC"], "Sort Method": "quicksort", "Sort Space Used": 607203, "Sort Space Type": "Memory", "Plans": [{"Node Type": "Nested Loop", "Parent Relationship": "Outer", "Join Type": "Inner", "Startup Cost": 0.0, "Total Cost": 765428.0, "Plan Rows": 1, "Plan Width": 66, "Actual Startup Time": 0.134, "Actual Total Time": 53625.102, "Actual Rows": 3256948, "Actual Loops": 1, "Inner Unique": true, "Plans": [{"Node Type": "Nested Loop", "Parent Relationship": "Outer", "Join Type": "Inner", "Startup Cost": 0.0, "Total Cost": 765427.72, "Plan Rows": 1, "Plan Width": 44, "Actual Startup Time": 0.118, "Actual Total Time": 44810.69, "Actual Rows": 3256948, "Actual Loops": 1, "Inner Unique": true, "Plans": [{"Node Type": "Nested Loop", "Parent Relationship": "Outer", "Join Type": "Inner", "Startup Cost": 0.0, "Total Cost": 765427.42, "Plan Rows": 1, "Plan Width": 44, "Actual Startup Time": 0.105, "Actual Total Time": 17376.541, "Actual Rows": 3256948, "Actual Loops": 1, "Inner Unique": false, "Join Filter": "(supplier.s_suppkey = lineitem.l_suppkey)", "Rows Removed by Join Filter": 0, "Plans": [{"Node Type": "Nested Loop", "Parent Relationship": "Outer", "Join Type": "Inner", "Startup Cost": 0.0, "Total Cost": 621678.41, "Plan Rows": 125630, "Plan Width": 44, "Actual Startup Time": 0.088, "Actual Total Time": 5070.331, "Actual Rows": 434204, "Actual Loops": 1, "Inner Unique": true, "Plans": [{"Node Type": "Nested Loop", "Parent Relationship": "Outer", "Join Type": "Inner", "Startup Cost": 0.0, "Total Cost": 548625.29, "Plan Rows": 259666, "Plan Width": 32, "Actual Startup Time": 0.079, "Actual Total Time": 2942.443, "Actual Rows": 434204, "Actual Loops": 1, "Inner Unique": false, "Plans": [{"Node Type": "Index Scan", "Parent Relationship": "Outer", "Scan Direction": "Forward", "Index Name": "part_kpey", "Relation Name": "part", "Alias": "part", "Startup Cost": 0.0, "Total Cost": 105803.25, "Plan Rows": 89888, "Plan Width": 8, "Actual Startup Time": 0.059, "Actual Total Time": 1766.741, "Actual Rows": 108551, "Actual Loops": 1, "Filter": "((p_name)::text ~~ '%dim%'::text)", "Rows Removed by Filter": 1891449}, {"Node Type": "Index Scan", "Parent Relationship": "Inner", "Scan Direction": "Forward", "Index Name": "idx_partsupp_partkey", "Relation Name": "partsupp", "Alias": "partsupp", "Startup Cost": 0.0, "Total Cost": 4.9, "Plan Rows": 3, "Plan Width": 24, "Actual Startup Time": 660.359, "Actual Total Time": 974.867, "Actual Rows": 434204, "Actual Loops": 108551, "Index Cond": "(ps_partkey = part.p_partkey)", "Rows Removed by Index Recheck": 0}]}, {"Node Type": "Index Scan", "Parent Relationship": "Inner", "Scan Direction": "Forward", "Index Name": "supplier_pkey", "Relation Name": "supplier", "Alias": "supplier", "Startup Cost": 0.0, "Total Cost": 0.27, "Plan Rows": 1, "Plan Width": 12, "Actual Startup Time": 1668.013, "Actual Total Time": 1668.013, "Actual Rows": 434204, "Actual Loops": 434204, "Index Cond": "(s_suppkey = partsupp.ps_suppkey)", "Rows Removed by Index Recheck": 0}]}, {"Node Type": "Index Scan", "Parent Relationship": "Inner", "Scan Direction": "Forward", "Index Name": "idx_lineitem_part_supp", "Relation Name": "lineitem", "Alias": "lineitem", "Startup Cost": 0.0, "Total Cost": 1.13, "Plan Rows": 1, "Plan Width": 48, "Actual Startup Time": 3088.184, "Actual Total Time": 10652.743, "Actual Rows": 3256948, "Actual Loops": 434204, "Index Cond": "((l_partkey = partsupp.ps_partkey) AND (l_suppkey = partsupp.ps_suppkey))", "Rows Removed by Index Recheck": 0}]}, {"Node Type": "Index Scan", "Parent Relationship": "Inner", "Scan Direction": "Forward", "Index Name": "orders_pkey", "Relation Name": "orders", "Alias": "orders", "Startup Cost": 0.0, "Total Cost": 0.29, "Plan Rows": 1, "Plan Width": 16, "Actual Startup Time": 24664.993, "Actual Total Time": 24664.993, "Actual Rows": 3256948, "Actual Loops": 3256948, "Index Cond": "(o_orderkey = lineitem.l_orderkey)", "Rows Removed by Index Recheck": 0}]}, {"Node Type": "Index Scan", "Parent Relationship": "Inner", "Scan Direction": "Forward", "Index Name": "nation_pkey", "Relation Name": "nation", "Alias": "nation", "Startup Cost": 0.0, "Total Cost": 0.27, "Plan Rows": 1, "Plan Width": 30, "Actual Startup Time": 4745.98, "Actual Total Time": 4745.98, "Actual Rows": 3256948, "Actual Loops": 3256948, "Index Cond": "(n_nationkey = supplier.s_nationkey)", "Rows Removed by Index Recheck": 0}]}]}]}, "Triggers": [], "Planner Runtime": 9.536, "Total Runtime": 62095.776, "Unique SQL Id": 3628361425}}, "(1, 50)": {"explain_plan": {"Plan": {"Node Type": "Aggregate", "Strategy": "Sorted", "Startup Cost": 2094167.48, "Total Cost": 2094167.51, "Plan Rows": 1, "Plan Width": 74, "Group By Key": ["nation.n_name", "(date_part('year'::text, orders.o_orderdate))"], "Plans": [{"Node Type": "Sort", "Parent Relationship": "Outer", "Startup Cost": 2094167.48, "Total Cost": 2094167.48, "Plan Rows": 1, "Plan Width": 66, "Sort Key": ["nation.n_name", "(date_part('year'::text, orders.o_orderdate)) DESC"], "Plans": [{"Node Type": "Nested Loop", "Parent Relationship": "Outer", "Join Type": "Inner", "Startup Cost": 2.3, "Total Cost": 2094167.47, "Plan Rows": 1, "Plan Width": 66, "Inner Unique": true, "Join Filter": "(supplier.s_nationkey = nation.n_nationkey)", "Plans": [{"Node Type": "Nested Loop", "Parent Relationship": "Outer", "Join Type": "Inner", "Startup Cost": 2.3, "Total Cost": 2094165.9, "Plan Rows": 1, "Plan Width": 44, "Inner Unique": true, "Plans": [{"Node Type": "Nested Loop", "Parent Relationship": "Outer", "Join Type": "Inner", "Startup Cost": 2.03, "Total Cost": 2094161.62, "Plan Rows": 1, "Plan Width": 44, "Inner Unique": false, "Join Filter": "(lineitem.l_suppkey = supplier.s_suppkey)", "Plans": [{"Node Type": "Seq Scan", "Parent Relationship": "Outer", "Relation Name": "supplier", "Alias": "supplier", "Startup Cost": 0.0, "Total Cost": 3283.0, "Plan Rows": 100000, "Plan Width": 12}, {"Node Type": "Materialize", "Parent Relationship": "Inner", "Startup Cost": 2.03, "Total Cost": 2087878.62, "Plan Rows": 2, "Plan Width": 56, "Plans": [{"Node Type": "Nested Loop", "Parent Relationship": "Outer", "Join Type": "Inner", "Startup Cost": 2.03, "Total Cost": 2087878.61, "Plan Rows": 2, "Plan Width": 56, "Inner Unique": false, "Plans": [{"Node Type": "Nested Loop", "Parent Relationship": "Outer", "Join Type": "Inner", "Startup Cost": 1.62, "Total Cost": 936419.45, "Plan Rows": 259666, "Plan Width": 32, "Inner Unique": false, "Plans": [{"Node Type": "Seq Scan", "Parent Relationship": "Outer", "Relation Name": "part", "Alias": "part", "Startup Cost": 0.0, "Total Cost": 66944.0, "Plan Rows": 89888, "Plan Width": 8, "Filter": "((p_name)::text ~~ '%dim%'::text)"}, {"Node Type": "Bitmap Heap Scan", "Parent Relationship": "Inner", "Relation Name": "partsupp", "Alias": "partsupp", "Startup Cost": 1.62, "Total Cost": 9.64, "Plan Rows": 3, "Plan Width": 24, "Recheck Cond": "(ps_partkey = part.p_partkey)", "Plans": [{"Node Type": "Bitmap Index Scan", "Parent Relationship": "Outer", "Index Name": "idx_partsupp_partkey", "Startup Cost": 0.0, "Total Cost": 1.62, "Plan Rows": 3, "Plan Width": 0, "Index Cond": "(ps_partkey = part.p_partkey)"}]}]}, {"Node Type": "Bitmap Heap Scan", "Parent Relationship": "Inner", "Relation Name": "lineitem", "Alias": "lineitem", "Startup Cost": 0.41, "Total Cost": 4.42, "Plan Rows": 1, "Plan Width": 48, "Recheck Cond": "((l_partkey = partsupp.ps_partkey) AND (l_suppkey = partsupp.ps_suppkey))", "Plans": [{"Node Type": "Bitmap Index Scan", "Parent Relationship": "Outer", "Index Name": "idx_lineitem_part_supp", "Startup Cost": 0.0, "Total Cost": 0.41, "Plan Rows": 1, "Plan Width": 0, "Index Cond": "((l_partkey = partsupp.ps_partkey) AND (l_suppkey = partsupp.ps_suppkey))"}]}]}]}]}, {"Node Type": "Bitmap Heap Scan", "Parent Relationship": "Inner", "Relation Name": "orders", "Alias": "orders", "Startup Cost": 0.26, "Total Cost": 4.27, "Plan Rows": 1, "Plan Width": 16, "Recheck Cond": "(o_orderkey = lineitem.l_orderkey)", "Plans": [{"Node Type": "Bitmap Index Scan", "Parent Relationship": "Outer", "Index Name": "orders_pkey", "Startup Cost": 0.0, "Total Cost": 0.26, "Plan Rows": 1, "Plan Width": 0, "Index Cond": "(o_orderkey = lineitem.l_orderkey)"}]}]}, {"Node Type": "Seq Scan", "Parent Relationship": "Inner", "Relation Name": "nation", "Alias": "nation", "Startup Cost": 0.0, "Total Cost": 1.25, "Plan Rows": 25, "Plan Width": 30}]}]}]}, "Unique SQL Id": 3628361425}, "explain_analyze_plan": null}, "(1, 51)": {"explain_plan": {"Plan": {"Node Type": "Aggregate", "Strategy": "Sorted", "Startup Cost": 1000008167021.54, "Total Cost": 1000008167021.58, "Plan Rows": 1, "Plan Width": 74, "Group By Key": ["nation.n_name", "(date_part('year'::text, orders.o_orderdate))"], "Plans": [{"Node Type": "Sort", "Parent Relationship": "Outer", "Startup Cost": 1000008167021.54, "Total Cost": 1000008167021.55, "Plan Rows": 1, "Plan Width": 66, "Sort Key": ["nation.n_name", "(date_part('year'::text, orders.o_orderdate)) DESC"], "Plans": [{"Node Type": "Nested Loop", "Parent Relationship": "Outer", "Join Type": "Inner", "Startup Cost": 10000000002.75, "Total Cost": 1000008167021.53, "Plan Rows": 1, "Plan Width": 66, "Inner Unique": true, "Plans": [{"Node Type": "Nested Loop", "Parent Relationship": "Outer", "Join Type": "Inner", "Startup Cost": 10000000002.5, "Total Cost": 1000008167017.25, "Plan Rows": 1, "Plan Width": 44, "Inner Unique": true, "Plans": [{"Node Type": "Nested Loop", "Parent Relationship": "Outer", "Join Type": "Inner", "Startup Cost": 10000000002.24, "Total Cost": 1000008167012.96, "Plan Rows": 1, "Plan Width": 44, "Inner Unique": true, "Join Filter": "(partsupp.ps_partkey = part.p_partkey)", "Plans": [{"Node Type": "Nested Loop", "Parent Relationship": "Outer", "Join Type": "Inner", "Startup Cost": 10000000001.98, "Total Cost": 1000008166987.25, "Plan Rows": 6, "Plan Width": 60, "Inner Unique": false, "Join Filter": "(supplier.s_suppkey = lineitem.l_suppkey)", "Plans": [{"Node Type": "Nested Loop", "Parent Relationship": "Outer", "Join Type": "Inner", "Startup Cost": 10000000001.57, "Total Cost": 1000002201599.04, "Plan Rows": 1344499, "Plan Width": 36, "Inner Unique": false, "Plans": [{"Node Type": "Index Scan", "Parent Relationship": "Outer", "Scan Direction": "Forward", "Index Name": "idx_supplier_nation_key", "Relation Name": "supplier", "Alias": "supplier", "Startup Cost": 10000000000.0, "Total Cost": 1000001217556.78, "Plan Rows": 100000, "Plan Width": 12}, {"Node Type": "Bitmap Heap Scan", "Parent Relationship": "Inner", "Relation Name": "partsupp", "Alias": "partsupp", "Startup Cost": 1.57, "Total Cost": 9.71, "Plan Rows": 13, "Plan Width": 24, "Recheck Cond": "(ps_suppkey = supplier.s_suppkey)", "Plans": [{"Node Type": "Bitmap Index Scan", "Parent Relationship": "Outer", "Index Name": "idx_partsupp_suppkey", "Startup Cost": 0.0, "Total Cost": 1.56, "Plan Rows": 13, "Plan Width": 0, "Index Cond": "(ps_suppkey = supplier.s_suppkey)"}]}]}, {"Node Type": "Bitmap Heap Scan", "Parent Relationship": "Inner", "Relation Name": "lineitem", "Alias": "lineitem", "Startup Cost": 0.41, "Total Cost": 4.42, "Plan Rows": 1, "Plan Width": 48, "Recheck Cond": "((l_partkey = partsupp.ps_partkey) AND (l_suppkey = partsupp.ps_suppkey))", "Plans": [{"Node Type": "Bitmap Index Scan", "Parent Relationship": "Outer", "Index Name": "idx_lineitem_part_supp", "Startup Cost": 0.0, "Total Cost": 0.41, "Plan Rows": 1, "Plan Width": 0, "Index Cond": "((l_partkey = partsupp.ps_partkey) AND (l_suppkey = partsupp.ps_suppkey))"}]}]}, {"Node Type": "Bitmap Heap Scan", "Parent Relationship": "Inner", "Relation Name": "part", "Alias": "part", "Startup Cost": 0.26, "Total Cost": 4.27, "Plan Rows": 1, "Plan Width": 8, "Recheck Cond": "(p_partkey = lineitem.l_partkey)", "Filter": "((p_name)::text ~~ '%dim%'::text)", "Plans": [{"Node Type": "Bitmap Index Scan", "Parent Relationship": "Outer", "Index Name": "part_kpey", "Startup Cost": 0.0, "Total Cost": 0.26, "Plan Rows": 1, "Plan Width": 0, "Index Cond": "(p_partkey = lineitem.l_partkey)"}]}]}, {"Node Type": "Bitmap Heap Scan", "Parent Relationship": "Inner", "Relation Name": "orders", "Alias": "orders", "Startup Cost": 0.26, "Total Cost": 4.27, "Plan Rows": 1, "Plan Width": 16, "Recheck Cond": "(o_orderkey = lineitem.l_orderkey)", "Plans": [{"Node Type": "Bitmap Index Scan", "Parent Relationship": "Outer", "Index Name": "orders_pkey", "Startup Cost": 0.0, "Total Cost": 0.26, "Plan Rows": 1, "Plan Width": 0, "Index Cond": "(o_orderkey = lineitem.l_orderkey)"}]}]}, {"Node Type": "Bitmap Heap Scan", "Parent Relationship": "Inner", "Relation Name": "nation", "Alias": "nation", "Startup Cost": 0.26, "Total Cost": 4.27, "Plan Rows": 1, "Plan Width": 30, "Recheck Cond": "(n_nationkey = supplier.s_nationkey)", "Plans": [{"Node Type": "Bitmap Index Scan", "Parent Relationship": "Outer", "Index Name": "nation_pkey", "Startup Cost": 0.0, "Total Cost": 0.26, "Plan Rows": 1, "Plan Width": 0, "Index Cond": "(n_nationkey = supplier.s_nationkey)"}]}]}]}]}, "Unique SQL Id": 3628361425}, "explain_analyze_plan": null}, "(1, 52)": {"explain_plan": {"Plan": {"Node Type": "Aggregate", "Strategy": "Sorted", "Startup Cost": 726568.76, "Total Cost": 726568.8, "Plan Rows": 1, "Plan Width": 74, "Group By Key": ["nation.n_name", "(date_part('year'::text, orders.o_orderdate))"], "Plans": [{"Node Type": "Sort", "Parent Relationship": "Outer", "Startup Cost": 726568.76, "Total Cost": 726568.77, "Plan Rows": 1, "Plan Width": 66, "Sort Key": ["nation.n_name", "(date_part('year'::text, orders.o_orderdate)) DESC"], "Plans": [{"Node Type": "Nested Loop", "Parent Relationship": "Outer", "Join Type": "Inner", "Startup Cost": 0.0, "Total Cost": 726568.75, "Plan Rows": 1, "Plan Width": 66, "Inner Unique": true, "Plans": [{"Node Type": "Nested Loop", "Parent Relationship": "Outer", "Join Type": "Inner", "Startup Cost": 0.0, "Total Cost": 726568.47, "Plan Rows": 1, "Plan Width": 44, "Inner Unique": true, "Plans": [{"Node Type": "Nested Loop", "Parent Relationship": "Outer", "Join Type": "Inner", "Startup Cost": 0.0, "Total Cost": 726568.17, "Plan Rows": 1, "Plan Width": 44, "Inner Unique": false, "Join Filter": "(supplier.s_suppkey = lineitem.l_suppkey)", "Plans": [{"Node Type": "Nested Loop", "Parent Relationship": "Outer", "Join Type": "Inner", "Startup Cost": 0.0, "Total Cost": 582819.16, "Plan Rows": 125630, "Plan Width": 44, "Inner Unique": true, "Plans": [{"Node Type": "Nested Loop", "Parent Relationship": "Outer", "Join Type": "Inner", "Startup Cost": 0.0, "Total Cost": 509766.04, "Plan Rows": 259666, "Plan Width": 32, "Inner Unique": false, "Plans": [{"Node Type": "Seq Scan", "Parent Relationship": "Outer", "Relation Name": "part", "Alias": "part", "Startup Cost": 0.0, "Total Cost": 66944.0, "Plan Rows": 89888, "Plan Width": 8, "Filter": "((p_name)::text ~~ '%dim%'::text)"}, {"Node Type": "Index Scan", "Parent Relationship": "Inner", "Scan Direction": "Forward", "Index Name": "idx_partsupp_partkey", "Relation Name": "partsupp", "Alias": "partsupp", "Startup Cost": 0.0, "Total Cost": 4.9, "Plan Rows": 3, "Plan Width": 24, "Index Cond": "(ps_partkey = part.p_partkey)"}]}, {"Node Type": "Index Scan", "Parent Relationship": "Inner", "Scan Direction": "Forward", "Index Name": "supplier_pkey", "Relation Name": "supplier", "Alias": "supplier", "Startup Cost": 0.0, "Total Cost": 0.27, "Plan Rows": 1, "Plan Width": 12, "Index Cond": "(s_suppkey = partsupp.ps_suppkey)"}]}, {"Node Type": "Index Scan", "Parent Relationship": "Inner", "Scan Direction": "Forward", "Index Name": "idx_lineitem_part_supp", "Relation Name": "lineitem", "Alias": "lineitem", "Startup Cost": 0.0, "Total Cost": 1.13, "Plan Rows": 1, "Plan Width": 48, "Index Cond": "((l_partkey = partsupp.ps_partkey) AND (l_suppkey = partsupp.ps_suppkey))"}]}, {"Node Type": "Index Scan", "Parent Relationship": "Inner", "Scan Direction": "Forward", "Index Name": "orders_pkey", "Relation Name": "orders", "Alias": "orders", "Startup Cost": 0.0, "Total Cost": 0.29, "Plan Rows": 1, "Plan Width": 16, "Index Cond": "(o_orderkey = lineitem.l_orderkey)"}]}, {"Node Type": "Index Scan", "Parent Relationship": "Inner", "Scan Direction": "Forward", "Index Name": "nation_pkey", "Relation Name": "nation", "Alias": "nation", "Startup Cost": 0.0, "Total Cost": 0.27, "Plan Rows": 1, "Plan Width": 30, "Index Cond": "(n_nationkey = supplier.s_nationkey)"}]}]}]}, "Unique SQL Id": 3628361425}, "explain_analyze_plan": {"Plan": {"Node Type": "Aggregate", "Strategy": "Sorted", "Startup Cost": 726568.76, "Total Cost": 726568.8, "Plan Rows": 1, "Plan Width": 74, "Actual Startup Time": 58900.205, "Actual Total Time": 61981.354, "Actual Rows": 175, "Actual Loops": 1, "Group By Key": ["nation.n_name", "(date_part('year'::text, orders.o_orderdate))"], "Plans": [{"Node Type": "Sort", "Parent Relationship": "Outer", "Startup Cost": 726568.76, "Total Cost": 726568.77, "Plan Rows": 1, "Plan Width": 66, "Actual Startup Time": 58889.109, "Actual Total Time": 59655.514, "Actual Rows": 3256948, "Actual Loops": 1, "Sort Key": ["nation.n_name", "(date_part('year'::text, orders.o_orderdate)) DESC"], "Sort Method": "quicksort", "Sort Space Used": 607203, "Sort Space Type": "Memory", "Plans": [{"Node Type": "Nested Loop", "Parent Relationship": "Outer", "Join Type": "Inner", "Startup Cost": 0.0, "Total Cost": 726568.75, "Plan Rows": 1, "Plan Width": 66, "Actual Startup Time": 0.171, "Actual Total Time": 53486.488, "Actual Rows": 3256948, "Actual Loops": 1, "Inner Unique": true, "Plans": [{"Node Type": "Nested Loop", "Parent Relationship": "Outer", "Join Type": "Inner", "Startup Cost": 0.0, "Total Cost": 726568.47, "Plan Rows": 1, "Plan Width": 44, "Actual Startup Time": 0.108, "Actual Total Time": 44712.133, "Actual Rows": 3256948, "Actual Loops": 1, "Inner Unique": true, "Plans": [{"Node Type": "Nested Loop", "Parent Relationship": "Outer", "Join Type": "Inner", "Startup Cost": 0.0, "Total Cost": 726568.17, "Plan Rows": 1, "Plan Width": 44, "Actual Startup Time": 0.095, "Actual Total Time": 16943.05, "Actual Rows": 3256948, "Actual Loops": 1, "Inner Unique": false, "Join Filter": "(supplier.s_suppkey = lineitem.l_suppkey)", "Rows Removed by Join Filter": 0, "Plans": [{"Node Type": "Nested Loop", "Parent Relationship": "Outer", "Join Type": "Inner", "Startup Cost": 0.0, "Total Cost": 582819.16, "Plan Rows": 125630, "Plan Width": 44, "Actual Startup Time": 0.079, "Actual Total Time": 4465.744, "Actual Rows": 434204, "Actual Loops": 1, "Inner Unique": true, "Plans": [{"Node Type": "Nested Loop", "Parent Relationship": "Outer", "Join Type": "Inner", "Startup Cost": 0.0, "Total Cost": 509766.04, "Plan Rows": 259666, "Plan Width": 32, "Actual Startup Time": 0.068, "Actual Total Time": 2320.726, "Actual Rows": 434204, "Actual Loops": 1, "Inner Unique": false, "Plans": [{"Node Type": "Seq Scan", "Parent Relationship": "Outer", "Relation Name": "part", "Alias": "part", "Startup Cost": 0.0, "Total Cost": 66944.0, "Plan Rows": 89888, "Plan Width": 8, "Actual Startup Time": 0.035, "Actual Total Time": 1129.616, "Actual Rows": 108551, "Actual Loops": 1, "Filter": "((p_name)::text ~~ '%dim%'::text)", "Rows Removed by Filter": 1891449}, {"Node Type": "Index Scan", "Parent Relationship": "Inner", "Scan Direction": "Forward", "Index Name": "idx_partsupp_partkey", "Relation Name": "partsupp", "Alias": "partsupp", "Startup Cost": 0.0, "Total Cost": 4.9, "Plan Rows": 3, "Plan Width": 24, "Actual Startup Time": 668.108, "Actual Total Time": 988.493, "Actual Rows": 434204, "Actual Loops": 108551, "Index Cond": "(ps_partkey = part.p_partkey)", "Rows Removed by Index Recheck": 0}]}, {"Node Type": "Index Scan", "Parent Relationship": "Inner", "Scan Direction": "Forward", "Index Name": "supplier_pkey", "Relation Name": "supplier", "Alias": "supplier", "Startup Cost": 0.0, "Total Cost": 0.27, "Plan Rows": 1, "Plan Width": 12, "Actual Startup Time": 1675.287, "Actual Total Time": 1675.287, "Actual Rows": 434204, "Actual Loops": 434204, "Index Cond": "(s_suppkey = partsupp.ps_suppkey)", "Rows Removed by Index Recheck": 0}]}, {"Node Type": "Index Scan", "Parent Relationship": "Inner", "Scan Direction": "Forward", "Index Name": "idx_lineitem_part_supp", "Relation Name": "lineitem", "Alias": "lineitem", "Startup Cost": 0.0, "Total Cost": 1.13, "Plan Rows": 1, "Plan Width": 48, "Actual Startup Time": 3066.268, "Actual Total Time": 10798.009, "Actual Rows": 3256948, "Actual Loops": 434204, "Index Cond": "((l_partkey = partsupp.ps_partkey) AND (l_suppkey = partsupp.ps_suppkey))", "Rows Removed by Index Recheck": 0}]}, {"Node Type": "Index Scan", "Parent Relationship": "Inner", "Scan Direction": "Forward", "Index Name": "orders_pkey", "Relation Name": "orders", "Alias": "orders", "Startup Cost": 0.0, "Total Cost": 0.29, "Plan Rows": 1, "Plan Width": 16, "Actual Startup Time": 25019.433, "Actual Total Time": 25019.433, "Actual Rows": 3256948, "Actual Loops": 3256948, "Index Cond": "(o_orderkey = lineitem.l_orderkey)", "Rows Removed by Index Recheck": 0}]}, {"Node Type": "Index Scan", "Parent Relationship": "Inner", "Scan Direction": "Forward", "Index Name": "nation_pkey", "Relation Name": "nation", "Alias": "nation", "Startup Cost": 0.0, "Total Cost": 0.27, "Plan Rows": 1, "Plan Width": 30, "Actual Startup Time": 4702.402, "Actual Total Time": 4702.402, "Actual Rows": 3256948, "Actual Loops": 3256948, "Index Cond": "(n_nationkey = supplier.s_nationkey)", "Rows Removed by Index Recheck": 0}]}]}]}, "Triggers": [], "Planner Runtime": 9.71, "Total Runtime": 61988.127, "Unique SQL Id": 3628361425}}, "(1, 53)": {"explain_plan": {"Plan": {"Node Type": "Aggregate", "Strategy": "Sorted", "Startup Cost": 765428.01, "Total Cost": 765428.05, "Plan Rows": 1, "Plan Width": 74, "Group By Key": ["nation.n_name", "(date_part('year'::text, orders.o_orderdate))"], "Plans": [{"Node Type": "Sort", "Parent Relationship": "Outer", "Startup Cost": 765428.01, "Total Cost": 765428.02, "Plan Rows": 1, "Plan Width": 66, "Sort Key": ["nation.n_name", "(date_part('year'::text, orders.o_orderdate)) DESC"], "Plans": [{"Node Type": "Nested Loop", "Parent Relationship": "Outer", "Join Type": "Inner", "Startup Cost": 0.0, "Total Cost": 765428.0, "Plan Rows": 1, "Plan Width": 66, "Inner Unique": true, "Plans": [{"Node Type": "Nested Loop", "Parent Relationship": "Outer", "Join Type": "Inner", "Startup Cost": 0.0, "Total Cost": 765427.72, "Plan Rows": 1, "Plan Width": 44, "Inner Unique": true, "Plans": [{"Node Type": "Nested Loop", "Parent Relationship": "Outer", "Join Type": "Inner", "Startup Cost": 0.0, "Total Cost": 765427.42, "Plan Rows": 1, "Plan Width": 44, "Inner Unique": false, "Join Filter": "(supplier.s_suppkey = lineitem.l_suppkey)", "Plans": [{"Node Type": "Nested Loop", "Parent Relationship": "Outer", "Join Type": "Inner", "Startup Cost": 0.0, "Total Cost": 621678.41, "Plan Rows": 125630, "Plan Width": 44, "Inner Unique": true, "Plans": [{"Node Type": "Nested Loop", "Parent Relationship": "Outer", "Join Type": "Inner", "Startup Cost": 0.0, "Total Cost": 548625.29, "Plan Rows": 259666, "Plan Width": 32, "Inner Unique": false, "Plans": [{"Node Type": "Index Scan", "Parent Relationship": "Outer", "Scan Direction": "Forward", "Index Name": "part_kpey", "Relation Name": "part", "Alias": "part", "Startup Cost": 0.0, "Total Cost": 105803.25, "Plan Rows": 89888, "Plan Width": 8, "Filter": "((p_name)::text ~~ '%dim%'::text)"}, {"Node Type": "Index Scan", "Parent Relationship": "Inner", "Scan Direction": "Forward", "Index Name": "idx_partsupp_partkey", "Relation Name": "partsupp", "Alias": "partsupp", "Startup Cost": 0.0, "Total Cost": 4.9, "Plan Rows": 3, "Plan Width": 24, "Index Cond": "(ps_partkey = part.p_partkey)"}]}, {"Node Type": "Index Scan", "Parent Relationship": "Inner", "Scan Direction": "Forward", "Index Name": "supplier_pkey", "Relation Name": "supplier", "Alias": "supplier", "Startup Cost": 0.0, "Total Cost": 0.27, "Plan Rows": 1, "Plan Width": 12, "Index Cond": "(s_suppkey = partsupp.ps_suppkey)"}]}, {"Node Type": "Index Scan", "Parent Relationship": "Inner", "Scan Direction": "Forward", "Index Name": "idx_lineitem_part_supp", "Relation Name": "lineitem", "Alias": "lineitem", "Startup Cost": 0.0, "Total Cost": 1.13, "Plan Rows": 1, "Plan Width": 48, "Index Cond": "((l_partkey = partsupp.ps_partkey) AND (l_suppkey = partsupp.ps_suppkey))"}]}, {"Node Type": "Index Scan", "Parent Relationship": "Inner", "Scan Direction": "Forward", "Index Name": "orders_pkey", "Relation Name": "orders", "Alias": "orders", "Startup Cost": 0.0, "Total Cost": 0.29, "Plan Rows": 1, "Plan Width": 16, "Index Cond": "(o_orderkey = lineitem.l_orderkey)"}]}, {"Node Type": "Index Scan", "Parent Relationship": "Inner", "Scan Direction": "Forward", "Index Name": "nation_pkey", "Relation Name": "nation", "Alias": "nation", "Startup Cost": 0.0, "Total Cost": 0.27, "Plan Rows": 1, "Plan Width": 30, "Index Cond": "(n_nationkey = supplier.s_nationkey)"}]}]}]}, "Unique SQL Id": 3628361425}, "explain_analyze_plan": {"Plan": {"Node Type": "Aggregate", "Strategy": "Sorted", "Startup Cost": 765428.01, "Total Cost": 765428.05, "Plan Rows": 1, "Plan Width": 74, "Actual Startup Time": 58936.739, "Actual Total Time": 62088.806, "Actual Rows": 175, "Actual Loops": 1, "Group By Key": ["nation.n_name", "(date_part('year'::text, orders.o_orderdate))"], "Plans": [{"Node Type": "Sort", "Parent Relationship": "Outer", "Startup Cost": 765428.01, "Total Cost": 765428.02, "Plan Rows": 1, "Plan Width": 66, "Actual Startup Time": 58925.831, "Actual Total Time": 59727.638, "Actual Rows": 3256948, "Actual Loops": 1, "Sort Key": ["nation.n_name", "(date_part('year'::text, orders.o_orderdate)) DESC"], "Sort Method": "quicksort", "Sort Space Used": 607203, "Sort Space Type": "Memory", "Plans": [{"Node Type": "Nested Loop", "Parent Relationship": "Outer", "Join Type": "Inner", "Startup Cost": 0.0, "Total Cost": 765428.0, "Plan Rows": 1, "Plan Width": 66, "Actual Startup Time": 0.134, "Actual Total Time": 53625.102, "Actual Rows": 3256948, "Actual Loops": 1, "Inner Unique": true, "Plans": [{"Node Type": "Nested Loop", "Parent Relationship": "Outer", "Join Type": "Inner", "Startup Cost": 0.0, "Total Cost": 765427.72, "Plan Rows": 1, "Plan Width": 44, "Actual Startup Time": 0.118, "Actual Total Time": 44810.69, "Actual Rows": 3256948, "Actual Loops": 1, "Inner Unique": true, "Plans": [{"Node Type": "Nested Loop", "Parent Relationship": "Outer", "Join Type": "Inner", "Startup Cost": 0.0, "Total Cost": 765427.42, "Plan Rows": 1, "Plan Width": 44, "Actual Startup Time": 0.105, "Actual Total Time": 17376.541, "Actual Rows": 3256948, "Actual Loops": 1, "Inner Unique": false, "Join Filter": "(supplier.s_suppkey = lineitem.l_suppkey)", "Rows Removed by Join Filter": 0, "Plans": [{"Node Type": "Nested Loop", "Parent Relationship": "Outer", "Join Type": "Inner", "Startup Cost": 0.0, "Total Cost": 621678.41, "Plan Rows": 125630, "Plan Width": 44, "Actual Startup Time": 0.088, "Actual Total Time": 5070.331, "Actual Rows": 434204, "Actual Loops": 1, "Inner Unique": true, "Plans": [{"Node Type": "Nested Loop", "Parent Relationship": "Outer", "Join Type": "Inner", "Startup Cost": 0.0, "Total Cost": 548625.29, "Plan Rows": 259666, "Plan Width": 32, "Actual Startup Time": 0.079, "Actual Total Time": 2942.443, "Actual Rows": 434204, "Actual Loops": 1, "Inner Unique": false, "Plans": [{"Node Type": "Index Scan", "Parent Relationship": "Outer", "Scan Direction": "Forward", "Index Name": "part_kpey", "Relation Name": "part", "Alias": "part", "Startup Cost": 0.0, "Total Cost": 105803.25, "Plan Rows": 89888, "Plan Width": 8, "Actual Startup Time": 0.059, "Actual Total Time": 1766.741, "Actual Rows": 108551, "Actual Loops": 1, "Filter": "((p_name)::text ~~ '%dim%'::text)", "Rows Removed by Filter": 1891449}, {"Node Type": "Index Scan", "Parent Relationship": "Inner", "Scan Direction": "Forward", "Index Name": "idx_partsupp_partkey", "Relation Name": "partsupp", "Alias": "partsupp", "Startup Cost": 0.0, "Total Cost": 4.9, "Plan Rows": 3, "Plan Width": 24, "Actual Startup Time": 660.359, "Actual Total Time": 974.867, "Actual Rows": 434204, "Actual Loops": 108551, "Index Cond": "(ps_partkey = part.p_partkey)", "Rows Removed by Index Recheck": 0}]}, {"Node Type": "Index Scan", "Parent Relationship": "Inner", "Scan Direction": "Forward", "Index Name": "supplier_pkey", "Relation Name": "supplier", "Alias": "supplier", "Startup Cost": 0.0, "Total Cost": 0.27, "Plan Rows": 1, "Plan Width": 12, "Actual Startup Time": 1668.013, "Actual Total Time": 1668.013, "Actual Rows": 434204, "Actual Loops": 434204, "Index Cond": "(s_suppkey = partsupp.ps_suppkey)", "Rows Removed by Index Recheck": 0}]}, {"Node Type": "Index Scan", "Parent Relationship": "Inner", "Scan Direction": "Forward", "Index Name": "idx_lineitem_part_supp", "Relation Name": "lineitem", "Alias": "lineitem", "Startup Cost": 0.0, "Total Cost": 1.13, "Plan Rows": 1, "Plan Width": 48, "Actual Startup Time": 3088.184, "Actual Total Time": 10652.743, "Actual Rows": 3256948, "Actual Loops": 434204, "Index Cond": "((l_partkey = partsupp.ps_partkey) AND (l_suppkey = partsupp.ps_suppkey))", "Rows Removed by Index Recheck": 0}]}, {"Node Type": "Index Scan", "Parent Relationship": "Inner", "Scan Direction": "Forward", "Index Name": "orders_pkey", "Relation Name": "orders", "Alias": "orders", "Startup Cost": 0.0, "Total Cost": 0.29, "Plan Rows": 1, "Plan Width": 16, "Actual Startup Time": 24664.993, "Actual Total Time": 24664.993, "Actual Rows": 3256948, "Actual Loops": 3256948, "Index Cond": "(o_orderkey = lineitem.l_orderkey)", "Rows Removed by Index Recheck": 0}]}, {"Node Type": "Index Scan", "Parent Relationship": "Inner", "Scan Direction": "Forward", "Index Name": "nation_pkey", "Relation Name": "nation", "Alias": "nation", "Startup Cost": 0.0, "Total Cost": 0.27, "Plan Rows": 1, "Plan Width": 30, "Actual Startup Time": 4745.98, "Actual Total Time": 4745.98, "Actual Rows": 3256948, "Actual Loops": 3256948, "Index Cond": "(n_nationkey = supplier.s_nationkey)", "Rows Removed by Index Recheck": 0}]}]}]}, "Triggers": [], "Planner Runtime": 9.536, "Total Runtime": 62095.776, "Unique SQL Id": 3628361425}}, "(1, 54)": {"explain_plan": {"Plan": {"Node Type": "Aggregate", "Strategy": "Sorted", "Startup Cost": 2094167.48, "Total Cost": 2094167.51, "Plan Rows": 1, "Plan Width": 74, "Group By Key": ["nation.n_name", "(date_part('year'::text, orders.o_orderdate))"], "Plans": [{"Node Type": "Sort", "Parent Relationship": "Outer", "Startup Cost": 2094167.48, "Total Cost": 2094167.48, "Plan Rows": 1, "Plan Width": 66, "Sort Key": ["nation.n_name", "(date_part('year'::text, orders.o_orderdate)) DESC"], "Plans": [{"Node Type": "Nested Loop", "Parent Relationship": "Outer", "Join Type": "Inner", "Startup Cost": 2.3, "Total Cost": 2094167.47, "Plan Rows": 1, "Plan Width": 66, "Inner Unique": true, "Join Filter": "(supplier.s_nationkey = nation.n_nationkey)", "Plans": [{"Node Type": "Nested Loop", "Parent Relationship": "Outer", "Join Type": "Inner", "Startup Cost": 2.3, "Total Cost": 2094165.9, "Plan Rows": 1, "Plan Width": 44, "Inner Unique": true, "Plans": [{"Node Type": "Nested Loop", "Parent Relationship": "Outer", "Join Type": "Inner", "Startup Cost": 2.03, "Total Cost": 2094161.62, "Plan Rows": 1, "Plan Width": 44, "Inner Unique": false, "Join Filter": "(lineitem.l_suppkey = supplier.s_suppkey)", "Plans": [{"Node Type": "Seq Scan", "Parent Relationship": "Outer", "Relation Name": "supplier", "Alias": "supplier", "Startup Cost": 0.0, "Total Cost": 3283.0, "Plan Rows": 100000, "Plan Width": 12}, {"Node Type": "Materialize", "Parent Relationship": "Inner", "Startup Cost": 2.03, "Total Cost": 2087878.62, "Plan Rows": 2, "Plan Width": 56, "Plans": [{"Node Type": "Nested Loop", "Parent Relationship": "Outer", "Join Type": "Inner", "Startup Cost": 2.03, "Total Cost": 2087878.61, "Plan Rows": 2, "Plan Width": 56, "Inner Unique": false, "Plans": [{"Node Type": "Nested Loop", "Parent Relationship": "Outer", "Join Type": "Inner", "Startup Cost": 1.62, "Total Cost": 936419.45, "Plan Rows": 259666, "Plan Width": 32, "Inner Unique": false, "Plans": [{"Node Type": "Seq Scan", "Parent Relationship": "Outer", "Relation Name": "part", "Alias": "part", "Startup Cost": 0.0, "Total Cost": 66944.0, "Plan Rows": 89888, "Plan Width": 8, "Filter": "((p_name)::text ~~ '%dim%'::text)"}, {"Node Type": "Bitmap Heap Scan", "Parent Relationship": "Inner", "Relation Name": "partsupp", "Alias": "partsupp", "Startup Cost": 1.62, "Total Cost": 9.64, "Plan Rows": 3, "Plan Width": 24, "Recheck Cond": "(ps_partkey = part.p_partkey)", "Plans": [{"Node Type": "Bitmap Index Scan", "Parent Relationship": "Outer", "Index Name": "idx_partsupp_partkey", "Startup Cost": 0.0, "Total Cost": 1.62, "Plan Rows": 3, "Plan Width": 0, "Index Cond": "(ps_partkey = part.p_partkey)"}]}]}, {"Node Type": "Bitmap Heap Scan", "Parent Relationship": "Inner", "Relation Name": "lineitem", "Alias": "lineitem", "Startup Cost": 0.41, "Total Cost": 4.42, "Plan Rows": 1, "Plan Width": 48, "Recheck Cond": "((l_partkey = partsupp.ps_partkey) AND (l_suppkey = partsupp.ps_suppkey))", "Plans": [{"Node Type": "Bitmap Index Scan", "Parent Relationship": "Outer", "Index Name": "idx_lineitem_part_supp", "Startup Cost": 0.0, "Total Cost": 0.41, "Plan Rows": 1, "Plan Width": 0, "Index Cond": "((l_partkey = partsupp.ps_partkey) AND (l_suppkey = partsupp.ps_suppkey))"}]}]}]}]}, {"Node Type": "Bitmap Heap Scan", "Parent Relationship": "Inner", "Relation Name": "orders", "Alias": "orders", "Startup Cost": 0.26, "Total Cost": 4.27, "Plan Rows": 1, "Plan Width": 16, "Recheck Cond": "(o_orderkey = lineitem.l_orderkey)", "Plans": [{"Node Type": "Bitmap Index Scan", "Parent Relationship": "Outer", "Index Name": "orders_pkey", "Startup Cost": 0.0, "Total Cost": 0.26, "Plan Rows": 1, "Plan Width": 0, "Index Cond": "(o_orderkey = lineitem.l_orderkey)"}]}]}, {"Node Type": "Seq Scan", "Parent Relationship": "Inner", "Relation Name": "nation", "Alias": "nation", "Startup Cost": 0.0, "Total Cost": 1.25, "Plan Rows": 25, "Plan Width": 30}]}]}]}, "Unique SQL Id": 3628361425}, "explain_analyze_plan": null}, "(1, 55)": {"explain_plan": {"Plan": {"Node Type": "Aggregate", "Strategy": "Sorted", "Startup Cost": 1000008167021.54, "Total Cost": 1000008167021.58, "Plan Rows": 1, "Plan Width": 74, "Group By Key": ["nation.n_name", "(date_part('year'::text, orders.o_orderdate))"], "Plans": [{"Node Type": "Sort", "Parent Relationship": "Outer", "Startup Cost": 1000008167021.54, "Total Cost": 1000008167021.55, "Plan Rows": 1, "Plan Width": 66, "Sort Key": ["nation.n_name", "(date_part('year'::text, orders.o_orderdate)) DESC"], "Plans": [{"Node Type": "Nested Loop", "Parent Relationship": "Outer", "Join Type": "Inner", "Startup Cost": 10000000002.75, "Total Cost": 1000008167021.53, "Plan Rows": 1, "Plan Width": 66, "Inner Unique": true, "Plans": [{"Node Type": "Nested Loop", "Parent Relationship": "Outer", "Join Type": "Inner", "Startup Cost": 10000000002.5, "Total Cost": 1000008167017.25, "Plan Rows": 1, "Plan Width": 44, "Inner Unique": true, "Plans": [{"Node Type": "Nested Loop", "Parent Relationship": "Outer", "Join Type": "Inner", "Startup Cost": 10000000002.24, "Total Cost": 1000008167012.96, "Plan Rows": 1, "Plan Width": 44, "Inner Unique": true, "Join Filter": "(partsupp.ps_partkey = part.p_partkey)", "Plans": [{"Node Type": "Nested Loop", "Parent Relationship": "Outer", "Join Type": "Inner", "Startup Cost": 10000000001.98, "Total Cost": 1000008166987.25, "Plan Rows": 6, "Plan Width": 60, "Inner Unique": false, "Join Filter": "(supplier.s_suppkey = lineitem.l_suppkey)", "Plans": [{"Node Type": "Nested Loop", "Parent Relationship": "Outer", "Join Type": "Inner", "Startup Cost": 10000000001.57, "Total Cost": 1000002201599.04, "Plan Rows": 1344499, "Plan Width": 36, "Inner Unique": false, "Plans": [{"Node Type": "Index Scan", "Parent Relationship": "Outer", "Scan Direction": "Forward", "Index Name": "idx_supplier_nation_key", "Relation Name": "supplier", "Alias": "supplier", "Startup Cost": 10000000000.0, "Total Cost": 1000001217556.78, "Plan Rows": 100000, "Plan Width": 12}, {"Node Type": "Bitmap Heap Scan", "Parent Relationship": "Inner", "Relation Name": "partsupp", "Alias": "partsupp", "Startup Cost": 1.57, "Total Cost": 9.71, "Plan Rows": 13, "Plan Width": 24, "Recheck Cond": "(ps_suppkey = supplier.s_suppkey)", "Plans": [{"Node Type": "Bitmap Index Scan", "Parent Relationship": "Outer", "Index Name": "idx_partsupp_suppkey", "Startup Cost": 0.0, "Total Cost": 1.56, "Plan Rows": 13, "Plan Width": 0, "Index Cond": "(ps_suppkey = supplier.s_suppkey)"}]}]}, {"Node Type": "Bitmap Heap Scan", "Parent Relationship": "Inner", "Relation Name": "lineitem", "Alias": "lineitem", "Startup Cost": 0.41, "Total Cost": 4.42, "Plan Rows": 1, "Plan Width": 48, "Recheck Cond": "((l_partkey = partsupp.ps_partkey) AND (l_suppkey = partsupp.ps_suppkey))", "Plans": [{"Node Type": "Bitmap Index Scan", "Parent Relationship": "Outer", "Index Name": "idx_lineitem_part_supp", "Startup Cost": 0.0, "Total Cost": 0.41, "Plan Rows": 1, "Plan Width": 0, "Index Cond": "((l_partkey = partsupp.ps_partkey) AND (l_suppkey = partsupp.ps_suppkey))"}]}]}, {"Node Type": "Bitmap Heap Scan", "Parent Relationship": "Inner", "Relation Name": "part", "Alias": "part", "Startup Cost": 0.26, "Total Cost": 4.27, "Plan Rows": 1, "Plan Width": 8, "Recheck Cond": "(p_partkey = lineitem.l_partkey)", "Filter": "((p_name)::text ~~ '%dim%'::text)", "Plans": [{"Node Type": "Bitmap Index Scan", "Parent Relationship": "Outer", "Index Name": "part_kpey", "Startup Cost": 0.0, "Total Cost": 0.26, "Plan Rows": 1, "Plan Width": 0, "Index Cond": "(p_partkey = lineitem.l_partkey)"}]}]}, {"Node Type": "Bitmap Heap Scan", "Parent Relationship": "Inner", "Relation Name": "orders", "Alias": "orders", "Startup Cost": 0.26, "Total Cost": 4.27, "Plan Rows": 1, "Plan Width": 16, "Recheck Cond": "(o_orderkey = lineitem.l_orderkey)", "Plans": [{"Node Type": "Bitmap Index Scan", "Parent Relationship": "Outer", "Index Name": "orders_pkey", "Startup Cost": 0.0, "Total Cost": 0.26, "Plan Rows": 1, "Plan Width": 0, "Index Cond": "(o_orderkey = lineitem.l_orderkey)"}]}]}, {"Node Type": "Bitmap Heap Scan", "Parent Relationship": "Inner", "Relation Name": "nation", "Alias": "nation", "Startup Cost": 0.26, "Total Cost": 4.27, "Plan Rows": 1, "Plan Width": 30, "Recheck Cond": "(n_nationkey = supplier.s_nationkey)", "Plans": [{"Node Type": "Bitmap Index Scan", "Parent Relationship": "Outer", "Index Name": "nation_pkey", "Startup Cost": 0.0, "Total Cost": 0.26, "Plan Rows": 1, "Plan Width": 0, "Index Cond": "(n_nationkey = supplier.s_nationkey)"}]}]}]}]}, "Unique SQL Id": 3628361425}, "explain_analyze_plan": null}, "(1, 56)": {"explain_plan": {"Plan": {"Node Type": "Aggregate", "Strategy": "Sorted", "Startup Cost": 726568.76, "Total Cost": 726568.8, "Plan Rows": 1, "Plan Width": 74, "Group By Key": ["nation.n_name", "(date_part('year'::text, orders.o_orderdate))"], "Plans": [{"Node Type": "Sort", "Parent Relationship": "Outer", "Startup Cost": 726568.76, "Total Cost": 726568.77, "Plan Rows": 1, "Plan Width": 66, "Sort Key": ["nation.n_name", "(date_part('year'::text, orders.o_orderdate)) DESC"], "Plans": [{"Node Type": "Nested Loop", "Parent Relationship": "Outer", "Join Type": "Inner", "Startup Cost": 0.0, "Total Cost": 726568.75, "Plan Rows": 1, "Plan Width": 66, "Inner Unique": true, "Plans": [{"Node Type": "Nested Loop", "Parent Relationship": "Outer", "Join Type": "Inner", "Startup Cost": 0.0, "Total Cost": 726568.47, "Plan Rows": 1, "Plan Width": 44, "Inner Unique": true, "Plans": [{"Node Type": "Nested Loop", "Parent Relationship": "Outer", "Join Type": "Inner", "Startup Cost": 0.0, "Total Cost": 726568.17, "Plan Rows": 1, "Plan Width": 44, "Inner Unique": false, "Join Filter": "(supplier.s_suppkey = lineitem.l_suppkey)", "Plans": [{"Node Type": "Nested Loop", "Parent Relationship": "Outer", "Join Type": "Inner", "Startup Cost": 0.0, "Total Cost": 582819.16, "Plan Rows": 125630, "Plan Width": 44, "Inner Unique": true, "Plans": [{"Node Type": "Nested Loop", "Parent Relationship": "Outer", "Join Type": "Inner", "Startup Cost": 0.0, "Total Cost": 509766.04, "Plan Rows": 259666, "Plan Width": 32, "Inner Unique": false, "Plans": [{"Node Type": "Seq Scan", "Parent Relationship": "Outer", "Relation Name": "part", "Alias": "part", "Startup Cost": 0.0, "Total Cost": 66944.0, "Plan Rows": 89888, "Plan Width": 8, "Filter": "((p_name)::text ~~ '%dim%'::text)"}, {"Node Type": "Index Scan", "Parent Relationship": "Inner", "Scan Direction": "Forward", "Index Name": "idx_partsupp_partkey", "Relation Name": "partsupp", "Alias": "partsupp", "Startup Cost": 0.0, "Total Cost": 4.9, "Plan Rows": 3, "Plan Width": 24, "Index Cond": "(ps_partkey = part.p_partkey)"}]}, {"Node Type": "Index Scan", "Parent Relationship": "Inner", "Scan Direction": "Forward", "Index Name": "supplier_pkey", "Relation Name": "supplier", "Alias": "supplier", "Startup Cost": 0.0, "Total Cost": 0.27, "Plan Rows": 1, "Plan Width": 12, "Index Cond": "(s_suppkey = partsupp.ps_suppkey)"}]}, {"Node Type": "Index Scan", "Parent Relationship": "Inner", "Scan Direction": "Forward", "Index Name": "idx_lineitem_part_supp", "Relation Name": "lineitem", "Alias": "lineitem", "Startup Cost": 0.0, "Total Cost": 1.13, "Plan Rows": 1, "Plan Width": 48, "Index Cond": "((l_partkey = partsupp.ps_partkey) AND (l_suppkey = partsupp.ps_suppkey))"}]}, {"Node Type": "Index Scan", "Parent Relationship": "Inner", "Scan Direction": "Forward", "Index Name": "orders_pkey", "Relation Name": "orders", "Alias": "orders", "Startup Cost": 0.0, "Total Cost": 0.29, "Plan Rows": 1, "Plan Width": 16, "Index Cond": "(o_orderkey = lineitem.l_orderkey)"}]}, {"Node Type": "Index Scan", "Parent Relationship": "Inner", "Scan Direction": "Forward", "Index Name": "nation_pkey", "Relation Name": "nation", "Alias": "nation", "Startup Cost": 0.0, "Total Cost": 0.27, "Plan Rows": 1, "Plan Width": 30, "Index Cond": "(n_nationkey = supplier.s_nationkey)"}]}]}]}, "Unique SQL Id": 3628361425}, "explain_analyze_plan": {"Plan": {"Node Type": "Aggregate", "Strategy": "Sorted", "Startup Cost": 726568.76, "Total Cost": 726568.8, "Plan Rows": 1, "Plan Width": 74, "Actual Startup Time": 58900.205, "Actual Total Time": 61981.354, "Actual Rows": 175, "Actual Loops": 1, "Group By Key": ["nation.n_name", "(date_part('year'::text, orders.o_orderdate))"], "Plans": [{"Node Type": "Sort", "Parent Relationship": "Outer", "Startup Cost": 726568.76, "Total Cost": 726568.77, "Plan Rows": 1, "Plan Width": 66, "Actual Startup Time": 58889.109, "Actual Total Time": 59655.514, "Actual Rows": 3256948, "Actual Loops": 1, "Sort Key": ["nation.n_name", "(date_part('year'::text, orders.o_orderdate)) DESC"], "Sort Method": "quicksort", "Sort Space Used": 607203, "Sort Space Type": "Memory", "Plans": [{"Node Type": "Nested Loop", "Parent Relationship": "Outer", "Join Type": "Inner", "Startup Cost": 0.0, "Total Cost": 726568.75, "Plan Rows": 1, "Plan Width": 66, "Actual Startup Time": 0.171, "Actual Total Time": 53486.488, "Actual Rows": 3256948, "Actual Loops": 1, "Inner Unique": true, "Plans": [{"Node Type": "Nested Loop", "Parent Relationship": "Outer", "Join Type": "Inner", "Startup Cost": 0.0, "Total Cost": 726568.47, "Plan Rows": 1, "Plan Width": 44, "Actual Startup Time": 0.108, "Actual Total Time": 44712.133, "Actual Rows": 3256948, "Actual Loops": 1, "Inner Unique": true, "Plans": [{"Node Type": "Nested Loop", "Parent Relationship": "Outer", "Join Type": "Inner", "Startup Cost": 0.0, "Total Cost": 726568.17, "Plan Rows": 1, "Plan Width": 44, "Actual Startup Time": 0.095, "Actual Total Time": 16943.05, "Actual Rows": 3256948, "Actual Loops": 1, "Inner Unique": false, "Join Filter": "(supplier.s_suppkey = lineitem.l_suppkey)", "Rows Removed by Join Filter": 0, "Plans": [{"Node Type": "Nested Loop", "Parent Relationship": "Outer", "Join Type": "Inner", "Startup Cost": 0.0, "Total Cost": 582819.16, "Plan Rows": 125630, "Plan Width": 44, "Actual Startup Time": 0.079, "Actual Total Time": 4465.744, "Actual Rows": 434204, "Actual Loops": 1, "Inner Unique": true, "Plans": [{"Node Type": "Nested Loop", "Parent Relationship": "Outer", "Join Type": "Inner", "Startup Cost": 0.0, "Total Cost": 509766.04, "Plan Rows": 259666, "Plan Width": 32, "Actual Startup Time": 0.068, "Actual Total Time": 2320.726, "Actual Rows": 434204, "Actual Loops": 1, "Inner Unique": false, "Plans": [{"Node Type": "Seq Scan", "Parent Relationship": "Outer", "Relation Name": "part", "Alias": "part", "Startup Cost": 0.0, "Total Cost": 66944.0, "Plan Rows": 89888, "Plan Width": 8, "Actual Startup Time": 0.035, "Actual Total Time": 1129.616, "Actual Rows": 108551, "Actual Loops": 1, "Filter": "((p_name)::text ~~ '%dim%'::text)", "Rows Removed by Filter": 1891449}, {"Node Type": "Index Scan", "Parent Relationship": "Inner", "Scan Direction": "Forward", "Index Name": "idx_partsupp_partkey", "Relation Name": "partsupp", "Alias": "partsupp", "Startup Cost": 0.0, "Total Cost": 4.9, "Plan Rows": 3, "Plan Width": 24, "Actual Startup Time": 668.108, "Actual Total Time": 988.493, "Actual Rows": 434204, "Actual Loops": 108551, "Index Cond": "(ps_partkey = part.p_partkey)", "Rows Removed by Index Recheck": 0}]}, {"Node Type": "Index Scan", "Parent Relationship": "Inner", "Scan Direction": "Forward", "Index Name": "supplier_pkey", "Relation Name": "supplier", "Alias": "supplier", "Startup Cost": 0.0, "Total Cost": 0.27, "Plan Rows": 1, "Plan Width": 12, "Actual Startup Time": 1675.287, "Actual Total Time": 1675.287, "Actual Rows": 434204, "Actual Loops": 434204, "Index Cond": "(s_suppkey = partsupp.ps_suppkey)", "Rows Removed by Index Recheck": 0}]}, {"Node Type": "Index Scan", "Parent Relationship": "Inner", "Scan Direction": "Forward", "Index Name": "idx_lineitem_part_supp", "Relation Name": "lineitem", "Alias": "lineitem", "Startup Cost": 0.0, "Total Cost": 1.13, "Plan Rows": 1, "Plan Width": 48, "Actual Startup Time": 3066.268, "Actual Total Time": 10798.009, "Actual Rows": 3256948, "Actual Loops": 434204, "Index Cond": "((l_partkey = partsupp.ps_partkey) AND (l_suppkey = partsupp.ps_suppkey))", "Rows Removed by Index Recheck": 0}]}, {"Node Type": "Index Scan", "Parent Relationship": "Inner", "Scan Direction": "Forward", "Index Name": "orders_pkey", "Relation Name": "orders", "Alias": "orders", "Startup Cost": 0.0, "Total Cost": 0.29, "Plan Rows": 1, "Plan Width": 16, "Actual Startup Time": 25019.433, "Actual Total Time": 25019.433, "Actual Rows": 3256948, "Actual Loops": 3256948, "Index Cond": "(o_orderkey = lineitem.l_orderkey)", "Rows Removed by Index Recheck": 0}]}, {"Node Type": "Index Scan", "Parent Relationship": "Inner", "Scan Direction": "Forward", "Index Name": "nation_pkey", "Relation Name": "nation", "Alias": "nation", "Startup Cost": 0.0, "Total Cost": 0.27, "Plan Rows": 1, "Plan Width": 30, "Actual Startup Time": 4702.402, "Actual Total Time": 4702.402, "Actual Rows": 3256948, "Actual Loops": 3256948, "Index Cond": "(n_nationkey = supplier.s_nationkey)", "Rows Removed by Index Recheck": 0}]}]}]}, "Triggers": [], "Planner Runtime": 9.71, "Total Runtime": 61988.127, "Unique SQL Id": 3628361425}}, "(1, 57)": {"explain_plan": {"Plan": {"Node Type": "Aggregate", "Strategy": "Sorted", "Startup Cost": 765428.01, "Total Cost": 765428.05, "Plan Rows": 1, "Plan Width": 74, "Group By Key": ["nation.n_name", "(date_part('year'::text, orders.o_orderdate))"], "Plans": [{"Node Type": "Sort", "Parent Relationship": "Outer", "Startup Cost": 765428.01, "Total Cost": 765428.02, "Plan Rows": 1, "Plan Width": 66, "Sort Key": ["nation.n_name", "(date_part('year'::text, orders.o_orderdate)) DESC"], "Plans": [{"Node Type": "Nested Loop", "Parent Relationship": "Outer", "Join Type": "Inner", "Startup Cost": 0.0, "Total Cost": 765428.0, "Plan Rows": 1, "Plan Width": 66, "Inner Unique": true, "Plans": [{"Node Type": "Nested Loop", "Parent Relationship": "Outer", "Join Type": "Inner", "Startup Cost": 0.0, "Total Cost": 765427.72, "Plan Rows": 1, "Plan Width": 44, "Inner Unique": true, "Plans": [{"Node Type": "Nested Loop", "Parent Relationship": "Outer", "Join Type": "Inner", "Startup Cost": 0.0, "Total Cost": 765427.42, "Plan Rows": 1, "Plan Width": 44, "Inner Unique": false, "Join Filter": "(supplier.s_suppkey = lineitem.l_suppkey)", "Plans": [{"Node Type": "Nested Loop", "Parent Relationship": "Outer", "Join Type": "Inner", "Startup Cost": 0.0, "Total Cost": 621678.41, "Plan Rows": 125630, "Plan Width": 44, "Inner Unique": true, "Plans": [{"Node Type": "Nested Loop", "Parent Relationship": "Outer", "Join Type": "Inner", "Startup Cost": 0.0, "Total Cost": 548625.29, "Plan Rows": 259666, "Plan Width": 32, "Inner Unique": false, "Plans": [{"Node Type": "Index Scan", "Parent Relationship": "Outer", "Scan Direction": "Forward", "Index Name": "part_kpey", "Relation Name": "part", "Alias": "part", "Startup Cost": 0.0, "Total Cost": 105803.25, "Plan Rows": 89888, "Plan Width": 8, "Filter": "((p_name)::text ~~ '%dim%'::text)"}, {"Node Type": "Index Scan", "Parent Relationship": "Inner", "Scan Direction": "Forward", "Index Name": "idx_partsupp_partkey", "Relation Name": "partsupp", "Alias": "partsupp", "Startup Cost": 0.0, "Total Cost": 4.9, "Plan Rows": 3, "Plan Width": 24, "Index Cond": "(ps_partkey = part.p_partkey)"}]}, {"Node Type": "Index Scan", "Parent Relationship": "Inner", "Scan Direction": "Forward", "Index Name": "supplier_pkey", "Relation Name": "supplier", "Alias": "supplier", "Startup Cost": 0.0, "Total Cost": 0.27, "Plan Rows": 1, "Plan Width": 12, "Index Cond": "(s_suppkey = partsupp.ps_suppkey)"}]}, {"Node Type": "Index Scan", "Parent Relationship": "Inner", "Scan Direction": "Forward", "Index Name": "idx_lineitem_part_supp", "Relation Name": "lineitem", "Alias": "lineitem", "Startup Cost": 0.0, "Total Cost": 1.13, "Plan Rows": 1, "Plan Width": 48, "Index Cond": "((l_partkey = partsupp.ps_partkey) AND (l_suppkey = partsupp.ps_suppkey))"}]}, {"Node Type": "Index Scan", "Parent Relationship": "Inner", "Scan Direction": "Forward", "Index Name": "orders_pkey", "Relation Name": "orders", "Alias": "orders", "Startup Cost": 0.0, "Total Cost": 0.29, "Plan Rows": 1, "Plan Width": 16, "Index Cond": "(o_orderkey = lineitem.l_orderkey)"}]}, {"Node Type": "Index Scan", "Parent Relationship": "Inner", "Scan Direction": "Forward", "Index Name": "nation_pkey", "Relation Name": "nation", "Alias": "nation", "Startup Cost": 0.0, "Total Cost": 0.27, "Plan Rows": 1, "Plan Width": 30, "Index Cond": "(n_nationkey = supplier.s_nationkey)"}]}]}]}, "Unique SQL Id": 3628361425}, "explain_analyze_plan": {"Plan": {"Node Type": "Aggregate", "Strategy": "Sorted", "Startup Cost": 765428.01, "Total Cost": 765428.05, "Plan Rows": 1, "Plan Width": 74, "Actual Startup Time": 58936.739, "Actual Total Time": 62088.806, "Actual Rows": 175, "Actual Loops": 1, "Group By Key": ["nation.n_name", "(date_part('year'::text, orders.o_orderdate))"], "Plans": [{"Node Type": "Sort", "Parent Relationship": "Outer", "Startup Cost": 765428.01, "Total Cost": 765428.02, "Plan Rows": 1, "Plan Width": 66, "Actual Startup Time": 58925.831, "Actual Total Time": 59727.638, "Actual Rows": 3256948, "Actual Loops": 1, "Sort Key": ["nation.n_name", "(date_part('year'::text, orders.o_orderdate)) DESC"], "Sort Method": "quicksort", "Sort Space Used": 607203, "Sort Space Type": "Memory", "Plans": [{"Node Type": "Nested Loop", "Parent Relationship": "Outer", "Join Type": "Inner", "Startup Cost": 0.0, "Total Cost": 765428.0, "Plan Rows": 1, "Plan Width": 66, "Actual Startup Time": 0.134, "Actual Total Time": 53625.102, "Actual Rows": 3256948, "Actual Loops": 1, "Inner Unique": true, "Plans": [{"Node Type": "Nested Loop", "Parent Relationship": "Outer", "Join Type": "Inner", "Startup Cost": 0.0, "Total Cost": 765427.72, "Plan Rows": 1, "Plan Width": 44, "Actual Startup Time": 0.118, "Actual Total Time": 44810.69, "Actual Rows": 3256948, "Actual Loops": 1, "Inner Unique": true, "Plans": [{"Node Type": "Nested Loop", "Parent Relationship": "Outer", "Join Type": "Inner", "Startup Cost": 0.0, "Total Cost": 765427.42, "Plan Rows": 1, "Plan Width": 44, "Actual Startup Time": 0.105, "Actual Total Time": 17376.541, "Actual Rows": 3256948, "Actual Loops": 1, "Inner Unique": false, "Join Filter": "(supplier.s_suppkey = lineitem.l_suppkey)", "Rows Removed by Join Filter": 0, "Plans": [{"Node Type": "Nested Loop", "Parent Relationship": "Outer", "Join Type": "Inner", "Startup Cost": 0.0, "Total Cost": 621678.41, "Plan Rows": 125630, "Plan Width": 44, "Actual Startup Time": 0.088, "Actual Total Time": 5070.331, "Actual Rows": 434204, "Actual Loops": 1, "Inner Unique": true, "Plans": [{"Node Type": "Nested Loop", "Parent Relationship": "Outer", "Join Type": "Inner", "Startup Cost": 0.0, "Total Cost": 548625.29, "Plan Rows": 259666, "Plan Width": 32, "Actual Startup Time": 0.079, "Actual Total Time": 2942.443, "Actual Rows": 434204, "Actual Loops": 1, "Inner Unique": false, "Plans": [{"Node Type": "Index Scan", "Parent Relationship": "Outer", "Scan Direction": "Forward", "Index Name": "part_kpey", "Relation Name": "part", "Alias": "part", "Startup Cost": 0.0, "Total Cost": 105803.25, "Plan Rows": 89888, "Plan Width": 8, "Actual Startup Time": 0.059, "Actual Total Time": 1766.741, "Actual Rows": 108551, "Actual Loops": 1, "Filter": "((p_name)::text ~~ '%dim%'::text)", "Rows Removed by Filter": 1891449}, {"Node Type": "Index Scan", "Parent Relationship": "Inner", "Scan Direction": "Forward", "Index Name": "idx_partsupp_partkey", "Relation Name": "partsupp", "Alias": "partsupp", "Startup Cost": 0.0, "Total Cost": 4.9, "Plan Rows": 3, "Plan Width": 24, "Actual Startup Time": 660.359, "Actual Total Time": 974.867, "Actual Rows": 434204, "Actual Loops": 108551, "Index Cond": "(ps_partkey = part.p_partkey)", "Rows Removed by Index Recheck": 0}]}, {"Node Type": "Index Scan", "Parent Relationship": "Inner", "Scan Direction": "Forward", "Index Name": "supplier_pkey", "Relation Name": "supplier", "Alias": "supplier", "Startup Cost": 0.0, "Total Cost": 0.27, "Plan Rows": 1, "Plan Width": 12, "Actual Startup Time": 1668.013, "Actual Total Time": 1668.013, "Actual Rows": 434204, "Actual Loops": 434204, "Index Cond": "(s_suppkey = partsupp.ps_suppkey)", "Rows Removed by Index Recheck": 0}]}, {"Node Type": "Index Scan", "Parent Relationship": "Inner", "Scan Direction": "Forward", "Index Name": "idx_lineitem_part_supp", "Relation Name": "lineitem", "Alias": "lineitem", "Startup Cost": 0.0, "Total Cost": 1.13, "Plan Rows": 1, "Plan Width": 48, "Actual Startup Time": 3088.184, "Actual Total Time": 10652.743, "Actual Rows": 3256948, "Actual Loops": 434204, "Index Cond": "((l_partkey = partsupp.ps_partkey) AND (l_suppkey = partsupp.ps_suppkey))", "Rows Removed by Index Recheck": 0}]}, {"Node Type": "Index Scan", "Parent Relationship": "Inner", "Scan Direction": "Forward", "Index Name": "orders_pkey", "Relation Name": "orders", "Alias": "orders", "Startup Cost": 0.0, "Total Cost": 0.29, "Plan Rows": 1, "Plan Width": 16, "Actual Startup Time": 24664.993, "Actual Total Time": 24664.993, "Actual Rows": 3256948, "Actual Loops": 3256948, "Index Cond": "(o_orderkey = lineitem.l_orderkey)", "Rows Removed by Index Recheck": 0}]}, {"Node Type": "Index Scan", "Parent Relationship": "Inner", "Scan Direction": "Forward", "Index Name": "nation_pkey", "Relation Name": "nation", "Alias": "nation", "Startup Cost": 0.0, "Total Cost": 0.27, "Plan Rows": 1, "Plan Width": 30, "Actual Startup Time": 4745.98, "Actual Total Time": 4745.98, "Actual Rows": 3256948, "Actual Loops": 3256948, "Index Cond": "(n_nationkey = supplier.s_nationkey)", "Rows Removed by Index Recheck": 0}]}]}]}, "Triggers": [], "Planner Runtime": 9.536, "Total Runtime": 62095.776, "Unique SQL Id": 3628361425}}, "(1, 58)": {"explain_plan": {"Plan": {"Node Type": "Aggregate", "Strategy": "Sorted", "Startup Cost": 98266689006.71, "Total Cost": 98266689006.74, "Plan Rows": 1, "Plan Width": 74, "Group By Key": ["nation.n_name", "(date_part('year'::text, orders.o_orderdate))"], "Plans": [{"Node Type": "Sort", "Parent Relationship": "Outer", "Startup Cost": 98266689006.71, "Total Cost": 98266689006.71, "Plan Rows": 1, "Plan Width": 66, "Sort Key": ["nation.n_name", "(date_part('year'::text, orders.o_orderdate)) DESC"], "Plans": [{"Node Type": "Nested Loop", "Parent Relationship": "Outer", "Join Type": "Inner", "Startup Cost": 0.0, "Total Cost": 98266689006.7, "Plan Rows": 1, "Plan Width": 66, "Inner Unique": true, "Join Filter": "(supplier.s_nationkey = nation.n_nationkey)", "Plans": [{"Node Type": "Nested Loop", "Parent Relationship": "Outer", "Join Type": "Inner", "Startup Cost": 0.0, "Total Cost": 98266689005.13, "Plan Rows": 1, "Plan Width": 44, "Inner Unique": true, "Join Filter": "(lineitem.l_orderkey = orders.o_orderkey)", "Plans": [{"Node Type": "Nested Loop", "Parent Relationship": "Outer", "Join Type": "Inner", "Startup Cost": 0.0, "Total Cost": 98266075097.86, "Plan Rows": 1, "Plan Width": 44, "Inner Unique": false, "Join Filter": "((lineitem.l_suppkey = partsupp.ps_suppkey) AND (lineitem.l_partkey = partsupp.ps_partkey))", "Plans": [{"Node Type": "Seq Scan", "Parent Relationship": "Outer", "Relation Name": "partsupp", "Alias": "partsupp", "Startup Cost": 0.0, "Total Cost": 269987.72, "Plan Rows": 8000372, "Plan Width": 24}, {"Node Type": "Materialize", "Parent Relationship": "Inner", "Startup Cost": 0.0, "Total Cost": 81627151745.82, "Plan Rows": 118842, "Plan Width": 68, "Plans": [{"Node Type": "Nested Loop", "Parent Relationship": "Outer", "Join Type": "Inner", "Startup Cost": 0.0, "Total Cost": 81627151151.61, "Plan Rows": 118842, "Plan Width": 68, "Inner Unique": true, "Join Filter": "(lineitem.l_suppkey = supplier.s_suppkey), (LLVM Optimized)", "Plans": [{"Node Type": "Nested Loop", "Parent Relationship": "Outer", "Join Type": "Inner", "Startup Cost": 0.0, "Total Cost": 80883798618.61, "Plan Rows": 495566, "Plan Width": 56, "Inner Unique": true, "Join Filter": "(part.p_partkey = lineitem.l_partkey), (LLVM Optimized)", "Plans": [{"Node Type": "Seq Scan", "Parent Relationship": "Outer", "Relation Name": "lineitem", "Alias": "lineitem", "Startup Cost": 0.0, "Total Cost": 2015115.33, "Plan Rows": 59987033, "Plan Width": 48}, {"Node Type": "Materialize", "Parent Relationship": "Inner", "Startup Cost": 0.0, "Total Cost": 67393.44, "Plan Rows": 89888, "Plan Width": 8, "Plans": [{"Node Type": "Seq Scan", "Parent Relationship": "Outer", "Relation Name": "part", "Alias": "part", "Startup Cost": 0.0, "Total Cost": 66944.0, "Plan Rows": 89888, "Plan Width": 8, "Filter": "((p_name)::text ~~ '%dim%'::text)"}]}]}, {"Node Type": "Materialize", "Parent Relationship": "Inner", "Startup Cost": 0.0, "Total Cost": 3783.0, "Plan Rows": 100000, "Plan Width": 12, "Plans": [{"Node Type": "Seq Scan", "Parent Relationship": "Outer", "Relation Name": "supplier", "Alias": "supplier", "Startup Cost": 0.0, "Total Cost": 3283.0, "Plan Rows": 100000, "Plan Width": 12}]}]}]}]}, {"Node Type": "Seq Scan", "Parent Relationship": "Inner", "Relation Name": "orders", "Alias": "orders", "Startup Cost": 0.0, "Total Cost": 426413.79, "Plan Rows": 14999479, "Plan Width": 16}]}, {"Node Type": "Seq Scan", "Parent Relationship": "Inner", "Relation Name": "nation", "Alias": "nation", "Startup Cost": 0.0, "Total Cost": 1.25, "Plan Rows": 25, "Plan Width": 30}]}]}]}, "Unique SQL Id": 3628361425}, "explain_analyze_plan": null}, "(1, 59)": {"explain_plan": {"Plan": {"Node Type": "Aggregate", "Strategy": "Sorted", "Startup Cost": 6098670509645.0, "Total Cost": 6098670509645.03, "Plan Rows": 1, "Plan Width": 74, "Group By Key": ["nation.n_name", "(date_part('year'::text, orders.o_orderdate))"], "Plans": [{"Node Type": "Sort", "Parent Relationship": "Outer", "Startup Cost": 6098670509645.0, "Total Cost": 6098670509645.0, "Plan Rows": 1, "Plan Width": 66, "Sort Key": ["nation.n_name", "(date_part('year'::text, orders.o_orderdate)) DESC"], "Plans": [{"Node Type": "Nested Loop", "Parent Relationship": "Outer", "Join Type": "Inner", "Startup Cost": 60000000000.0, "Total Cost": 6098670509644.99, "Plan Rows": 1, "Plan Width": 66, "Inner Unique": true, "Plans": [{"Node Type": "Nested Loop", "Parent Relationship": "Outer", "Join Type": "Inner", "Startup Cost": 50000000000.0, "Total Cost": 5098670509615.75, "Plan Rows": 1, "Plan Width": 66, "Inner Unique": true, "Plans": [{"Node Type": "Nested Loop", "Parent Relationship": "Outer", "Join Type": "Inner", "Startup Cost": 40000000000.0, "Total Cost": 4098670509588.73, "Plan Rows": 1, "Plan Width": 44, "Inner Unique": true, "Join Filter": "((lineitem.l_suppkey = partsupp.ps_suppkey) AND (lineitem.l_partkey = partsupp.ps_partkey))", "Plans": [{"Node Type": "Nested Loop", "Parent Relationship": "Outer", "Join Type": "Inner", "Startup Cost": 30000000000.0, "Total Cost": 3081960194963.16, "Plan Rows": 118842, "Plan Width": 68, "Inner Unique": true, "Join Filter": "(lineitem.l_suppkey = supplier.s_suppkey), (LLVM Optimized)", "Plans": [{"Node Type": "Nested Loop", "Parent Relationship": "Outer", "Join Type": "Inner", "Startup Cost": 20000000000.0, "Total Cost": 2081216312258.78, "Plan Rows": 495566, "Plan Width": 56, "Inner Unique": true, "Join Filter": "(part.p_partkey = lineitem.l_partkey), (LLVM Optimized)", "Plans": [{"Node Type": "Index Scan", "Parent Relationship": "Outer", "Scan Direction": "Forward", "Index Name": "idx_lineitem_orderkey", "Relation Name": "lineitem", "Alias": "lineitem", "Startup Cost": 10000000000.0, "Total Cost": 1000324015374.5, "Plan Rows": 59987033, "Plan Width": 48}, {"Node Type": "Materialize", "Parent Relationship": "Inner", "Startup Cost": 10000000000.0, "Total Cost": 1000010580774.44, "Plan Rows": 89888, "Plan Width": 8, "Plans": [{"Node Type": "Index Scan", "Parent Relationship": "Outer", "Scan Direction": "Forward", "Index Name": "part_kpey", "Relation Name": "part", "Alias": "part", "Startup Cost": 10000000000.0, "Total Cost": 1000010580325.0, "Plan Rows": 89888, "Plan Width": 8, "Filter": "((p_name)::text ~~ '%dim%'::text)"}]}]}, {"Node Type": "Materialize", "Parent Relationship": "Inner", "Startup Cost": 10000000000.0, "Total Cost": 1000000533954.38, "Plan Rows": 100000, "Plan Width": 12, "Plans": [{"Node Type": "Index Scan", "Parent Relationship": "Outer", "Scan Direction": "Forward", "Index Name": "supplier_pkey", "Relation Name": "supplier", "Alias": "supplier", "Startup Cost": 10000000000.0, "Total Cost": 1000000533454.38, "Plan Rows": 100000, "Plan Width": 12}]}]}, {"Node Type": "Materialize", "Parent Relationship": "Inner", "Startup Cost": 10000000000.0, "Total Cost": 1000071680965.08, "Plan Rows": 8000372, "Plan Width": 24, "Plans": [{"Node Type": "Index Scan", "Parent Relationship": "Outer", "Scan Direction": "Forward", "Index Name": "partsupp_pkey", "Relation Name": "partsupp", "Alias": "partsupp", "Startup Cost": 10000000000.0, "Total Cost": 1000071640963.22, "Plan Rows": 8000372, "Plan Width": 24}]}]}, {"Node Type": "Index Scan", "Parent Relationship": "Inner", "Scan Direction": "Forward", "Index Name": "nation_pkey", "Relation Name": "nation", "Alias": "nation", "Startup Cost": 10000000000.0, "Total Cost": 1000000000027.01, "Plan Rows": 1, "Plan Width": 30, "Index Cond": "(n_nationkey = supplier.s_nationkey)"}]}, {"Node Type": "Index Scan", "Parent Relationship": "Inner", "Scan Direction": "Forward", "Index Name": "orders_pkey", "Relation Name": "orders", "Alias": "orders", "Startup Cost": 10000000000.0, "Total Cost": 1000000000029.23, "Plan Rows": 1, "Plan Width": 16, "Index Cond": "(o_orderkey = lineitem.l_orderkey)"}]}]}]}, "Unique SQL Id": 3628361425}, "explain_analyze_plan": null}, "(1, 60)": {"explain_plan": {"Plan": {"Node Type": "Aggregate", "Strategy": "Sorted", "Startup Cost": 726568.76, "Total Cost": 726568.8, "Plan Rows": 1, "Plan Width": 74, "Group By Key": ["nation.n_name", "(date_part('year'::text, orders.o_orderdate))"], "Plans": [{"Node Type": "Sort", "Parent Relationship": "Outer", "Startup Cost": 726568.76, "Total Cost": 726568.77, "Plan Rows": 1, "Plan Width": 66, "Sort Key": ["nation.n_name", "(date_part('year'::text, orders.o_orderdate)) DESC"], "Plans": [{"Node Type": "Nested Loop", "Parent Relationship": "Outer", "Join Type": "Inner", "Startup Cost": 0.0, "Total Cost": 726568.75, "Plan Rows": 1, "Plan Width": 66, "Inner Unique": true, "Plans": [{"Node Type": "Nested Loop", "Parent Relationship": "Outer", "Join Type": "Inner", "Startup Cost": 0.0, "Total Cost": 726568.47, "Plan Rows": 1, "Plan Width": 44, "Inner Unique": true, "Plans": [{"Node Type": "Nested Loop", "Parent Relationship": "Outer", "Join Type": "Inner", "Startup Cost": 0.0, "Total Cost": 726568.17, "Plan Rows": 1, "Plan Width": 44, "Inner Unique": false, "Join Filter": "(supplier.s_suppkey = lineitem.l_suppkey)", "Plans": [{"Node Type": "Nested Loop", "Parent Relationship": "Outer", "Join Type": "Inner", "Startup Cost": 0.0, "Total Cost": 582819.16, "Plan Rows": 125630, "Plan Width": 44, "Inner Unique": true, "Plans": [{"Node Type": "Nested Loop", "Parent Relationship": "Outer", "Join Type": "Inner", "Startup Cost": 0.0, "Total Cost": 509766.04, "Plan Rows": 259666, "Plan Width": 32, "Inner Unique": false, "Plans": [{"Node Type": "Seq Scan", "Parent Relationship": "Outer", "Relation Name": "part", "Alias": "part", "Startup Cost": 0.0, "Total Cost": 66944.0, "Plan Rows": 89888, "Plan Width": 8, "Filter": "((p_name)::text ~~ '%dim%'::text)"}, {"Node Type": "Index Scan", "Parent Relationship": "Inner", "Scan Direction": "Forward", "Index Name": "idx_partsupp_partkey", "Relation Name": "partsupp", "Alias": "partsupp", "Startup Cost": 0.0, "Total Cost": 4.9, "Plan Rows": 3, "Plan Width": 24, "Index Cond": "(ps_partkey = part.p_partkey)"}]}, {"Node Type": "Index Scan", "Parent Relationship": "Inner", "Scan Direction": "Forward", "Index Name": "supplier_pkey", "Relation Name": "supplier", "Alias": "supplier", "Startup Cost": 0.0, "Total Cost": 0.27, "Plan Rows": 1, "Plan Width": 12, "Index Cond": "(s_suppkey = partsupp.ps_suppkey)"}]}, {"Node Type": "Index Scan", "Parent Relationship": "Inner", "Scan Direction": "Forward", "Index Name": "idx_lineitem_part_supp", "Relation Name": "lineitem", "Alias": "lineitem", "Startup Cost": 0.0, "Total Cost": 1.13, "Plan Rows": 1, "Plan Width": 48, "Index Cond": "((l_partkey = partsupp.ps_partkey) AND (l_suppkey = partsupp.ps_suppkey))"}]}, {"Node Type": "Index Scan", "Parent Relationship": "Inner", "Scan Direction": "Forward", "Index Name": "orders_pkey", "Relation Name": "orders", "Alias": "orders", "Startup Cost": 0.0, "Total Cost": 0.29, "Plan Rows": 1, "Plan Width": 16, "Index Cond": "(o_orderkey = lineitem.l_orderkey)"}]}, {"Node Type": "Index Scan", "Parent Relationship": "Inner", "Scan Direction": "Forward", "Index Name": "nation_pkey", "Relation Name": "nation", "Alias": "nation", "Startup Cost": 0.0, "Total Cost": 0.27, "Plan Rows": 1, "Plan Width": 30, "Index Cond": "(n_nationkey = supplier.s_nationkey)"}]}]}]}, "Unique SQL Id": 3628361425}, "explain_analyze_plan": {"Plan": {"Node Type": "Aggregate", "Strategy": "Sorted", "Startup Cost": 726568.76, "Total Cost": 726568.8, "Plan Rows": 1, "Plan Width": 74, "Actual Startup Time": 58900.205, "Actual Total Time": 61981.354, "Actual Rows": 175, "Actual Loops": 1, "Group By Key": ["nation.n_name", "(date_part('year'::text, orders.o_orderdate))"], "Plans": [{"Node Type": "Sort", "Parent Relationship": "Outer", "Startup Cost": 726568.76, "Total Cost": 726568.77, "Plan Rows": 1, "Plan Width": 66, "Actual Startup Time": 58889.109, "Actual Total Time": 59655.514, "Actual Rows": 3256948, "Actual Loops": 1, "Sort Key": ["nation.n_name", "(date_part('year'::text, orders.o_orderdate)) DESC"], "Sort Method": "quicksort", "Sort Space Used": 607203, "Sort Space Type": "Memory", "Plans": [{"Node Type": "Nested Loop", "Parent Relationship": "Outer", "Join Type": "Inner", "Startup Cost": 0.0, "Total Cost": 726568.75, "Plan Rows": 1, "Plan Width": 66, "Actual Startup Time": 0.171, "Actual Total Time": 53486.488, "Actual Rows": 3256948, "Actual Loops": 1, "Inner Unique": true, "Plans": [{"Node Type": "Nested Loop", "Parent Relationship": "Outer", "Join Type": "Inner", "Startup Cost": 0.0, "Total Cost": 726568.47, "Plan Rows": 1, "Plan Width": 44, "Actual Startup Time": 0.108, "Actual Total Time": 44712.133, "Actual Rows": 3256948, "Actual Loops": 1, "Inner Unique": true, "Plans": [{"Node Type": "Nested Loop", "Parent Relationship": "Outer", "Join Type": "Inner", "Startup Cost": 0.0, "Total Cost": 726568.17, "Plan Rows": 1, "Plan Width": 44, "Actual Startup Time": 0.095, "Actual Total Time": 16943.05, "Actual Rows": 3256948, "Actual Loops": 1, "Inner Unique": false, "Join Filter": "(supplier.s_suppkey = lineitem.l_suppkey)", "Rows Removed by Join Filter": 0, "Plans": [{"Node Type": "Nested Loop", "Parent Relationship": "Outer", "Join Type": "Inner", "Startup Cost": 0.0, "Total Cost": 582819.16, "Plan Rows": 125630, "Plan Width": 44, "Actual Startup Time": 0.079, "Actual Total Time": 4465.744, "Actual Rows": 434204, "Actual Loops": 1, "Inner Unique": true, "Plans": [{"Node Type": "Nested Loop", "Parent Relationship": "Outer", "Join Type": "Inner", "Startup Cost": 0.0, "Total Cost": 509766.04, "Plan Rows": 259666, "Plan Width": 32, "Actual Startup Time": 0.068, "Actual Total Time": 2320.726, "Actual Rows": 434204, "Actual Loops": 1, "Inner Unique": false, "Plans": [{"Node Type": "Seq Scan", "Parent Relationship": "Outer", "Relation Name": "part", "Alias": "part", "Startup Cost": 0.0, "Total Cost": 66944.0, "Plan Rows": 89888, "Plan Width": 8, "Actual Startup Time": 0.035, "Actual Total Time": 1129.616, "Actual Rows": 108551, "Actual Loops": 1, "Filter": "((p_name)::text ~~ '%dim%'::text)", "Rows Removed by Filter": 1891449}, {"Node Type": "Index Scan", "Parent Relationship": "Inner", "Scan Direction": "Forward", "Index Name": "idx_partsupp_partkey", "Relation Name": "partsupp", "Alias": "partsupp", "Startup Cost": 0.0, "Total Cost": 4.9, "Plan Rows": 3, "Plan Width": 24, "Actual Startup Time": 668.108, "Actual Total Time": 988.493, "Actual Rows": 434204, "Actual Loops": 108551, "Index Cond": "(ps_partkey = part.p_partkey)", "Rows Removed by Index Recheck": 0}]}, {"Node Type": "Index Scan", "Parent Relationship": "Inner", "Scan Direction": "Forward", "Index Name": "supplier_pkey", "Relation Name": "supplier", "Alias": "supplier", "Startup Cost": 0.0, "Total Cost": 0.27, "Plan Rows": 1, "Plan Width": 12, "Actual Startup Time": 1675.287, "Actual Total Time": 1675.287, "Actual Rows": 434204, "Actual Loops": 434204, "Index Cond": "(s_suppkey = partsupp.ps_suppkey)", "Rows Removed by Index Recheck": 0}]}, {"Node Type": "Index Scan", "Parent Relationship": "Inner", "Scan Direction": "Forward", "Index Name": "idx_lineitem_part_supp", "Relation Name": "lineitem", "Alias": "lineitem", "Startup Cost": 0.0, "Total Cost": 1.13, "Plan Rows": 1, "Plan Width": 48, "Actual Startup Time": 3066.268, "Actual Total Time": 10798.009, "Actual Rows": 3256948, "Actual Loops": 434204, "Index Cond": "((l_partkey = partsupp.ps_partkey) AND (l_suppkey = partsupp.ps_suppkey))", "Rows Removed by Index Recheck": 0}]}, {"Node Type": "Index Scan", "Parent Relationship": "Inner", "Scan Direction": "Forward", "Index Name": "orders_pkey", "Relation Name": "orders", "Alias": "orders", "Startup Cost": 0.0, "Total Cost": 0.29, "Plan Rows": 1, "Plan Width": 16, "Actual Startup Time": 25019.433, "Actual Total Time": 25019.433, "Actual Rows": 3256948, "Actual Loops": 3256948, "Index Cond": "(o_orderkey = lineitem.l_orderkey)", "Rows Removed by Index Recheck": 0}]}, {"Node Type": "Index Scan", "Parent Relationship": "Inner", "Scan Direction": "Forward", "Index Name": "nation_pkey", "Relation Name": "nation", "Alias": "nation", "Startup Cost": 0.0, "Total Cost": 0.27, "Plan Rows": 1, "Plan Width": 30, "Actual Startup Time": 4702.402, "Actual Total Time": 4702.402, "Actual Rows": 3256948, "Actual Loops": 3256948, "Index Cond": "(n_nationkey = supplier.s_nationkey)", "Rows Removed by Index Recheck": 0}]}]}]}, "Triggers": [], "Planner Runtime": 9.71, "Total Runtime": 61988.127, "Unique SQL Id": 3628361425}}, "(1, 61)": {"explain_plan": {"Plan": {"Node Type": "Aggregate", "Strategy": "Sorted", "Startup Cost": 765428.01, "Total Cost": 765428.05, "Plan Rows": 1, "Plan Width": 74, "Group By Key": ["nation.n_name", "(date_part('year'::text, orders.o_orderdate))"], "Plans": [{"Node Type": "Sort", "Parent Relationship": "Outer", "Startup Cost": 765428.01, "Total Cost": 765428.02, "Plan Rows": 1, "Plan Width": 66, "Sort Key": ["nation.n_name", "(date_part('year'::text, orders.o_orderdate)) DESC"], "Plans": [{"Node Type": "Nested Loop", "Parent Relationship": "Outer", "Join Type": "Inner", "Startup Cost": 0.0, "Total Cost": 765428.0, "Plan Rows": 1, "Plan Width": 66, "Inner Unique": true, "Plans": [{"Node Type": "Nested Loop", "Parent Relationship": "Outer", "Join Type": "Inner", "Startup Cost": 0.0, "Total Cost": 765427.72, "Plan Rows": 1, "Plan Width": 44, "Inner Unique": true, "Plans": [{"Node Type": "Nested Loop", "Parent Relationship": "Outer", "Join Type": "Inner", "Startup Cost": 0.0, "Total Cost": 765427.42, "Plan Rows": 1, "Plan Width": 44, "Inner Unique": false, "Join Filter": "(supplier.s_suppkey = lineitem.l_suppkey)", "Plans": [{"Node Type": "Nested Loop", "Parent Relationship": "Outer", "Join Type": "Inner", "Startup Cost": 0.0, "Total Cost": 621678.41, "Plan Rows": 125630, "Plan Width": 44, "Inner Unique": true, "Plans": [{"Node Type": "Nested Loop", "Parent Relationship": "Outer", "Join Type": "Inner", "Startup Cost": 0.0, "Total Cost": 548625.29, "Plan Rows": 259666, "Plan Width": 32, "Inner Unique": false, "Plans": [{"Node Type": "Index Scan", "Parent Relationship": "Outer", "Scan Direction": "Forward", "Index Name": "part_kpey", "Relation Name": "part", "Alias": "part", "Startup Cost": 0.0, "Total Cost": 105803.25, "Plan Rows": 89888, "Plan Width": 8, "Filter": "((p_name)::text ~~ '%dim%'::text)"}, {"Node Type": "Index Scan", "Parent Relationship": "Inner", "Scan Direction": "Forward", "Index Name": "idx_partsupp_partkey", "Relation Name": "partsupp", "Alias": "partsupp", "Startup Cost": 0.0, "Total Cost": 4.9, "Plan Rows": 3, "Plan Width": 24, "Index Cond": "(ps_partkey = part.p_partkey)"}]}, {"Node Type": "Index Scan", "Parent Relationship": "Inner", "Scan Direction": "Forward", "Index Name": "supplier_pkey", "Relation Name": "supplier", "Alias": "supplier", "Startup Cost": 0.0, "Total Cost": 0.27, "Plan Rows": 1, "Plan Width": 12, "Index Cond": "(s_suppkey = partsupp.ps_suppkey)"}]}, {"Node Type": "Index Scan", "Parent Relationship": "Inner", "Scan Direction": "Forward", "Index Name": "idx_lineitem_part_supp", "Relation Name": "lineitem", "Alias": "lineitem", "Startup Cost": 0.0, "Total Cost": 1.13, "Plan Rows": 1, "Plan Width": 48, "Index Cond": "((l_partkey = partsupp.ps_partkey) AND (l_suppkey = partsupp.ps_suppkey))"}]}, {"Node Type": "Index Scan", "Parent Relationship": "Inner", "Scan Direction": "Forward", "Index Name": "orders_pkey", "Relation Name": "orders", "Alias": "orders", "Startup Cost": 0.0, "Total Cost": 0.29, "Plan Rows": 1, "Plan Width": 16, "Index Cond": "(o_orderkey = lineitem.l_orderkey)"}]}, {"Node Type": "Index Scan", "Parent Relationship": "Inner", "Scan Direction": "Forward", "Index Name": "nation_pkey", "Relation Name": "nation", "Alias": "nation", "Startup Cost": 0.0, "Total Cost": 0.27, "Plan Rows": 1, "Plan Width": 30, "Index Cond": "(n_nationkey = supplier.s_nationkey)"}]}]}]}, "Unique SQL Id": 3628361425}, "explain_analyze_plan": {"Plan": {"Node Type": "Aggregate", "Strategy": "Sorted", "Startup Cost": 765428.01, "Total Cost": 765428.05, "Plan Rows": 1, "Plan Width": 74, "Actual Startup Time": 58936.739, "Actual Total Time": 62088.806, "Actual Rows": 175, "Actual Loops": 1, "Group By Key": ["nation.n_name", "(date_part('year'::text, orders.o_orderdate))"], "Plans": [{"Node Type": "Sort", "Parent Relationship": "Outer", "Startup Cost": 765428.01, "Total Cost": 765428.02, "Plan Rows": 1, "Plan Width": 66, "Actual Startup Time": 58925.831, "Actual Total Time": 59727.638, "Actual Rows": 3256948, "Actual Loops": 1, "Sort Key": ["nation.n_name", "(date_part('year'::text, orders.o_orderdate)) DESC"], "Sort Method": "quicksort", "Sort Space Used": 607203, "Sort Space Type": "Memory", "Plans": [{"Node Type": "Nested Loop", "Parent Relationship": "Outer", "Join Type": "Inner", "Startup Cost": 0.0, "Total Cost": 765428.0, "Plan Rows": 1, "Plan Width": 66, "Actual Startup Time": 0.134, "Actual Total Time": 53625.102, "Actual Rows": 3256948, "Actual Loops": 1, "Inner Unique": true, "Plans": [{"Node Type": "Nested Loop", "Parent Relationship": "Outer", "Join Type": "Inner", "Startup Cost": 0.0, "Total Cost": 765427.72, "Plan Rows": 1, "Plan Width": 44, "Actual Startup Time": 0.118, "Actual Total Time": 44810.69, "Actual Rows": 3256948, "Actual Loops": 1, "Inner Unique": true, "Plans": [{"Node Type": "Nested Loop", "Parent Relationship": "Outer", "Join Type": "Inner", "Startup Cost": 0.0, "Total Cost": 765427.42, "Plan Rows": 1, "Plan Width": 44, "Actual Startup Time": 0.105, "Actual Total Time": 17376.541, "Actual Rows": 3256948, "Actual Loops": 1, "Inner Unique": false, "Join Filter": "(supplier.s_suppkey = lineitem.l_suppkey)", "Rows Removed by Join Filter": 0, "Plans": [{"Node Type": "Nested Loop", "Parent Relationship": "Outer", "Join Type": "Inner", "Startup Cost": 0.0, "Total Cost": 621678.41, "Plan Rows": 125630, "Plan Width": 44, "Actual Startup Time": 0.088, "Actual Total Time": 5070.331, "Actual Rows": 434204, "Actual Loops": 1, "Inner Unique": true, "Plans": [{"Node Type": "Nested Loop", "Parent Relationship": "Outer", "Join Type": "Inner", "Startup Cost": 0.0, "Total Cost": 548625.29, "Plan Rows": 259666, "Plan Width": 32, "Actual Startup Time": 0.079, "Actual Total Time": 2942.443, "Actual Rows": 434204, "Actual Loops": 1, "Inner Unique": false, "Plans": [{"Node Type": "Index Scan", "Parent Relationship": "Outer", "Scan Direction": "Forward", "Index Name": "part_kpey", "Relation Name": "part", "Alias": "part", "Startup Cost": 0.0, "Total Cost": 105803.25, "Plan Rows": 89888, "Plan Width": 8, "Actual Startup Time": 0.059, "Actual Total Time": 1766.741, "Actual Rows": 108551, "Actual Loops": 1, "Filter": "((p_name)::text ~~ '%dim%'::text)", "Rows Removed by Filter": 1891449}, {"Node Type": "Index Scan", "Parent Relationship": "Inner", "Scan Direction": "Forward", "Index Name": "idx_partsupp_partkey", "Relation Name": "partsupp", "Alias": "partsupp", "Startup Cost": 0.0, "Total Cost": 4.9, "Plan Rows": 3, "Plan Width": 24, "Actual Startup Time": 660.359, "Actual Total Time": 974.867, "Actual Rows": 434204, "Actual Loops": 108551, "Index Cond": "(ps_partkey = part.p_partkey)", "Rows Removed by Index Recheck": 0}]}, {"Node Type": "Index Scan", "Parent Relationship": "Inner", "Scan Direction": "Forward", "Index Name": "supplier_pkey", "Relation Name": "supplier", "Alias": "supplier", "Startup Cost": 0.0, "Total Cost": 0.27, "Plan Rows": 1, "Plan Width": 12, "Actual Startup Time": 1668.013, "Actual Total Time": 1668.013, "Actual Rows": 434204, "Actual Loops": 434204, "Index Cond": "(s_suppkey = partsupp.ps_suppkey)", "Rows Removed by Index Recheck": 0}]}, {"Node Type": "Index Scan", "Parent Relationship": "Inner", "Scan Direction": "Forward", "Index Name": "idx_lineitem_part_supp", "Relation Name": "lineitem", "Alias": "lineitem", "Startup Cost": 0.0, "Total Cost": 1.13, "Plan Rows": 1, "Plan Width": 48, "Actual Startup Time": 3088.184, "Actual Total Time": 10652.743, "Actual Rows": 3256948, "Actual Loops": 434204, "Index Cond": "((l_partkey = partsupp.ps_partkey) AND (l_suppkey = partsupp.ps_suppkey))", "Rows Removed by Index Recheck": 0}]}, {"Node Type": "Index Scan", "Parent Relationship": "Inner", "Scan Direction": "Forward", "Index Name": "orders_pkey", "Relation Name": "orders", "Alias": "orders", "Startup Cost": 0.0, "Total Cost": 0.29, "Plan Rows": 1, "Plan Width": 16, "Actual Startup Time": 24664.993, "Actual Total Time": 24664.993, "Actual Rows": 3256948, "Actual Loops": 3256948, "Index Cond": "(o_orderkey = lineitem.l_orderkey)", "Rows Removed by Index Recheck": 0}]}, {"Node Type": "Index Scan", "Parent Relationship": "Inner", "Scan Direction": "Forward", "Index Name": "nation_pkey", "Relation Name": "nation", "Alias": "nation", "Startup Cost": 0.0, "Total Cost": 0.27, "Plan Rows": 1, "Plan Width": 30, "Actual Startup Time": 4745.98, "Actual Total Time": 4745.98, "Actual Rows": 3256948, "Actual Loops": 3256948, "Index Cond": "(n_nationkey = supplier.s_nationkey)", "Rows Removed by Index Recheck": 0}]}]}]}, "Triggers": [], "Planner Runtime": 9.536, "Total Runtime": 62095.776, "Unique SQL Id": 3628361425}}, "(1, 62)": {"explain_plan": {"Plan": {"Node Type": "Aggregate", "Strategy": "Sorted", "Startup Cost": 98266689006.71, "Total Cost": 98266689006.74, "Plan Rows": 1, "Plan Width": 74, "Group By Key": ["nation.n_name", "(date_part('year'::text, orders.o_orderdate))"], "Plans": [{"Node Type": "Sort", "Parent Relationship": "Outer", "Startup Cost": 98266689006.71, "Total Cost": 98266689006.71, "Plan Rows": 1, "Plan Width": 66, "Sort Key": ["nation.n_name", "(date_part('year'::text, orders.o_orderdate)) DESC"], "Plans": [{"Node Type": "Nested Loop", "Parent Relationship": "Outer", "Join Type": "Inner", "Startup Cost": 0.0, "Total Cost": 98266689006.7, "Plan Rows": 1, "Plan Width": 66, "Inner Unique": true, "Join Filter": "(supplier.s_nationkey = nation.n_nationkey)", "Plans": [{"Node Type": "Nested Loop", "Parent Relationship": "Outer", "Join Type": "Inner", "Startup Cost": 0.0, "Total Cost": 98266689005.13, "Plan Rows": 1, "Plan Width": 44, "Inner Unique": true, "Join Filter": "(lineitem.l_orderkey = orders.o_orderkey)", "Plans": [{"Node Type": "Nested Loop", "Parent Relationship": "Outer", "Join Type": "Inner", "Startup Cost": 0.0, "Total Cost": 98266075097.86, "Plan Rows": 1, "Plan Width": 44, "Inner Unique": false, "Join Filter": "((lineitem.l_suppkey = partsupp.ps_suppkey) AND (lineitem.l_partkey = partsupp.ps_partkey))", "Plans": [{"Node Type": "Seq Scan", "Parent Relationship": "Outer", "Relation Name": "partsupp", "Alias": "partsupp", "Startup Cost": 0.0, "Total Cost": 269987.72, "Plan Rows": 8000372, "Plan Width": 24}, {"Node Type": "Materialize", "Parent Relationship": "Inner", "Startup Cost": 0.0, "Total Cost": 81627151745.82, "Plan Rows": 118842, "Plan Width": 68, "Plans": [{"Node Type": "Nested Loop", "Parent Relationship": "Outer", "Join Type": "Inner", "Startup Cost": 0.0, "Total Cost": 81627151151.61, "Plan Rows": 118842, "Plan Width": 68, "Inner Unique": true, "Join Filter": "(lineitem.l_suppkey = supplier.s_suppkey), (LLVM Optimized)", "Plans": [{"Node Type": "Nested Loop", "Parent Relationship": "Outer", "Join Type": "Inner", "Startup Cost": 0.0, "Total Cost": 80883798618.61, "Plan Rows": 495566, "Plan Width": 56, "Inner Unique": true, "Join Filter": "(part.p_partkey = lineitem.l_partkey), (LLVM Optimized)", "Plans": [{"Node Type": "Seq Scan", "Parent Relationship": "Outer", "Relation Name": "lineitem", "Alias": "lineitem", "Startup Cost": 0.0, "Total Cost": 2015115.33, "Plan Rows": 59987033, "Plan Width": 48}, {"Node Type": "Materialize", "Parent Relationship": "Inner", "Startup Cost": 0.0, "Total Cost": 67393.44, "Plan Rows": 89888, "Plan Width": 8, "Plans": [{"Node Type": "Seq Scan", "Parent Relationship": "Outer", "Relation Name": "part", "Alias": "part", "Startup Cost": 0.0, "Total Cost": 66944.0, "Plan Rows": 89888, "Plan Width": 8, "Filter": "((p_name)::text ~~ '%dim%'::text)"}]}]}, {"Node Type": "Materialize", "Parent Relationship": "Inner", "Startup Cost": 0.0, "Total Cost": 3783.0, "Plan Rows": 100000, "Plan Width": 12, "Plans": [{"Node Type": "Seq Scan", "Parent Relationship": "Outer", "Relation Name": "supplier", "Alias": "supplier", "Startup Cost": 0.0, "Total Cost": 3283.0, "Plan Rows": 100000, "Plan Width": 12}]}]}]}]}, {"Node Type": "Seq Scan", "Parent Relationship": "Inner", "Relation Name": "orders", "Alias": "orders", "Startup Cost": 0.0, "Total Cost": 426413.79, "Plan Rows": 14999479, "Plan Width": 16}]}, {"Node Type": "Seq Scan", "Parent Relationship": "Inner", "Relation Name": "nation", "Alias": "nation", "Startup Cost": 0.0, "Total Cost": 1.25, "Plan Rows": 25, "Plan Width": 30}]}]}]}, "Unique SQL Id": 3628361425}, "explain_analyze_plan": null}, "(1, 63)": {"explain_plan": {"Plan": {"Node Type": "Aggregate", "Strategy": "Sorted", "Startup Cost": 6098670509645.0, "Total Cost": 6098670509645.03, "Plan Rows": 1, "Plan Width": 74, "Group By Key": ["nation.n_name", "(date_part('year'::text, orders.o_orderdate))"], "Plans": [{"Node Type": "Sort", "Parent Relationship": "Outer", "Startup Cost": 6098670509645.0, "Total Cost": 6098670509645.0, "Plan Rows": 1, "Plan Width": 66, "Sort Key": ["nation.n_name", "(date_part('year'::text, orders.o_orderdate)) DESC"], "Plans": [{"Node Type": "Nested Loop", "Parent Relationship": "Outer", "Join Type": "Inner", "Startup Cost": 60000000000.0, "Total Cost": 6098670509644.99, "Plan Rows": 1, "Plan Width": 66, "Inner Unique": true, "Plans": [{"Node Type": "Nested Loop", "Parent Relationship": "Outer", "Join Type": "Inner", "Startup Cost": 50000000000.0, "Total Cost": 5098670509615.75, "Plan Rows": 1, "Plan Width": 66, "Inner Unique": true, "Plans": [{"Node Type": "Nested Loop", "Parent Relationship": "Outer", "Join Type": "Inner", "Startup Cost": 40000000000.0, "Total Cost": 4098670509588.73, "Plan Rows": 1, "Plan Width": 44, "Inner Unique": true, "Join Filter": "((lineitem.l_suppkey = partsupp.ps_suppkey) AND (lineitem.l_partkey = partsupp.ps_partkey))", "Plans": [{"Node Type": "Nested Loop", "Parent Relationship": "Outer", "Join Type": "Inner", "Startup Cost": 30000000000.0, "Total Cost": 3081960194963.16, "Plan Rows": 118842, "Plan Width": 68, "Inner Unique": true, "Join Filter": "(lineitem.l_suppkey = supplier.s_suppkey), (LLVM Optimized)", "Plans": [{"Node Type": "Nested Loop", "Parent Relationship": "Outer", "Join Type": "Inner", "Startup Cost": 20000000000.0, "Total Cost": 2081216312258.78, "Plan Rows": 495566, "Plan Width": 56, "Inner Unique": true, "Join Filter": "(part.p_partkey = lineitem.l_partkey), (LLVM Optimized)", "Plans": [{"Node Type": "Index Scan", "Parent Relationship": "Outer", "Scan Direction": "Forward", "Index Name": "idx_lineitem_orderkey", "Relation Name": "lineitem", "Alias": "lineitem", "Startup Cost": 10000000000.0, "Total Cost": 1000324015374.5, "Plan Rows": 59987033, "Plan Width": 48}, {"Node Type": "Materialize", "Parent Relationship": "Inner", "Startup Cost": 10000000000.0, "Total Cost": 1000010580774.44, "Plan Rows": 89888, "Plan Width": 8, "Plans": [{"Node Type": "Index Scan", "Parent Relationship": "Outer", "Scan Direction": "Forward", "Index Name": "part_kpey", "Relation Name": "part", "Alias": "part", "Startup Cost": 10000000000.0, "Total Cost": 1000010580325.0, "Plan Rows": 89888, "Plan Width": 8, "Filter": "((p_name)::text ~~ '%dim%'::text)"}]}]}, {"Node Type": "Materialize", "Parent Relationship": "Inner", "Startup Cost": 10000000000.0, "Total Cost": 1000000533954.38, "Plan Rows": 100000, "Plan Width": 12, "Plans": [{"Node Type": "Index Scan", "Parent Relationship": "Outer", "Scan Direction": "Forward", "Index Name": "supplier_pkey", "Relation Name": "supplier", "Alias": "supplier", "Startup Cost": 10000000000.0, "Total Cost": 1000000533454.38, "Plan Rows": 100000, "Plan Width": 12}]}]}, {"Node Type": "Materialize", "Parent Relationship": "Inner", "Startup Cost": 10000000000.0, "Total Cost": 1000071680965.08, "Plan Rows": 8000372, "Plan Width": 24, "Plans": [{"Node Type": "Index Scan", "Parent Relationship": "Outer", "Scan Direction": "Forward", "Index Name": "partsupp_pkey", "Relation Name": "partsupp", "Alias": "partsupp", "Startup Cost": 10000000000.0, "Total Cost": 1000071640963.22, "Plan Rows": 8000372, "Plan Width": 24}]}]}, {"Node Type": "Index Scan", "Parent Relationship": "Inner", "Scan Direction": "Forward", "Index Name": "nation_pkey", "Relation Name": "nation", "Alias": "nation", "Startup Cost": 10000000000.0, "Total Cost": 1000000000027.01, "Plan Rows": 1, "Plan Width": 30, "Index Cond": "(n_nationkey = supplier.s_nationkey)"}]}, {"Node Type": "Index Scan", "Parent Relationship": "Inner", "Scan Direction": "Forward", "Index Name": "orders_pkey", "Relation Name": "orders", "Alias": "orders", "Startup Cost": 10000000000.0, "Total Cost": 1000000000029.23, "Plan Rows": 1, "Plan Width": 16, "Index Cond": "(o_orderkey = lineitem.l_orderkey)"}]}]}]}, "Unique SQL Id": 3628361425}, "explain_analyze_plan": null}, "(1, 64)": {"explain_plan": {"Plan": {"Node Type": "Aggregate", "Strategy": "Sorted", "Startup Cost": 521166.02, "Total Cost": 521166.06, "Plan Rows": 1, "Plan Width": 74, "Group By Key": ["nation.n_name", "(date_part('year'::text, orders.o_orderdate))"], "Plans": [{"Node Type": "Sort", "Parent Relationship": "Outer", "Startup Cost": 521166.02, "Total Cost": 521166.03, "Plan Rows": 1, "Plan Width": 66, "Sort Key": ["nation.n_name", "(date_part('year'::text, orders.o_orderdate)) DESC"], "Plans": [{"Node Type": "Nested Loop", "Parent Relationship": "Outer", "Join Type": "Inner", "Startup Cost": 72600.6, "Total Cost": 521166.01, "Plan Rows": 1, "Plan Width": 66, "Inner Unique": true, "Plans": [{"Node Type": "Nested Loop", "Parent Relationship": "Outer", "Join Type": "Inner", "Startup Cost": 72600.6, "Total Cost": 521165.73, "Plan Rows": 1, "Plan Width": 44, "Inner Unique": true, "Plans": [{"Node Type": "Nested Loop", "Parent Relationship": "Outer", "Join Type": "Inner", "Startup Cost": 72600.6, "Total Cost": 521165.43, "Plan Rows": 1, "Plan Width": 44, "Inner Unique": false, "Join Filter": "(supplier.s_suppkey = lineitem.l_suppkey)", "Plans": [{"Node Type": "Hash Join", "Parent Relationship": "Outer", "Join Type": "Inner", "Startup Cost": 72600.6, "Total Cost": 377416.42, "Plan Rows": 125630, "Plan Width": 44, "Inner Unique": true, "Hash Cond": "(partsupp.ps_suppkey = supplier.s_suppkey), (LLVM Optimized)", "Plans": [{"Node Type": "Hash Join", "Parent Relationship": "Outer", "Join Type": "Inner", "Startup Cost": 68067.6, "Total Cost": 370653.38, "Plan Rows": 259666, "Plan Width": 32, "Inner Unique": true, "Hash Cond": "(partsupp.ps_partkey = part.p_partkey), (LLVM Optimized)", "Plans": [{"Node Type": "Seq Scan", "Parent Relationship": "Outer", "Relation Name": "partsupp", "Alias": "partsupp", "Startup Cost": 0.0, "Total Cost": 269987.72, "Plan Rows": 8000372, "Plan Width": 24}, {"Node Type": "Hash", "Parent Relationship": "Inner", "Startup Cost": 66944.0, "Total Cost": 66944.0, "Plan Rows": 89888, "Plan Width": 8, "Plans": [{"Node Type": "Seq Scan", "Parent Relationship": "Outer", "Relation Name": "part", "Alias": "part", "Startup Cost": 0.0, "Total Cost": 66944.0, "Plan Rows": 89888, "Plan Width": 8, "Filter": "((p_name)::text ~~ '%dim%'::text)"}]}]}, {"Node Type": "Hash", "Parent Relationship": "Inner", "Startup Cost": 3283.0, "Total Cost": 3283.0, "Plan Rows": 100000, "Plan Width": 12, "Plans": [{"Node Type": "Seq Scan", "Parent Relationship": "Outer", "Relation Name": "supplier", "Alias": "supplier", "Startup Cost": 0.0, "Total Cost": 3283.0, "Plan Rows": 100000, "Plan Width": 12}]}]}, {"Node Type": "Index Scan", "Parent Relationship": "Inner", "Scan Direction": "Forward", "Index Name": "idx_lineitem_part_supp", "Relation Name": "lineitem", "Alias": "lineitem", "Startup Cost": 0.0, "Total Cost": 1.13, "Plan Rows": 1, "Plan Width": 48, "Index Cond": "((l_partkey = partsupp.ps_partkey) AND (l_suppkey = partsupp.ps_suppkey))"}]}, {"Node Type": "Index Scan", "Parent Relationship": "Inner", "Scan Direction": "Forward", "Index Name": "orders_pkey", "Relation Name": "orders", "Alias": "orders", "Startup Cost": 0.0, "Total Cost": 0.29, "Plan Rows": 1, "Plan Width": 16, "Index Cond": "(o_orderkey = lineitem.l_orderkey)"}]}, {"Node Type": "Index Scan", "Parent Relationship": "Inner", "Scan Direction": "Forward", "Index Name": "nation_pkey", "Relation Name": "nation", "Alias": "nation", "Startup Cost": 0.0, "Total Cost": 0.27, "Plan Rows": 1, "Plan Width": 30, "Index Cond": "(n_nationkey = supplier.s_nationkey)"}]}]}]}, "Unique SQL Id": 3628361425}, "explain_analyze_plan": {"Plan": {"Node Type": "Aggregate", "Strategy": "Sorted", "Startup Cost": 521166.02, "Total Cost": 521166.06, "Plan Rows": 1, "Plan Width": 74, "Actual Startup Time": 59481.117, "Actual Total Time": 62604.215, "Actual Rows": 175, "Actual Loops": 1, "Group By Key": ["nation.n_name", "(date_part('year'::text, orders.o_orderdate))"], "Plans": [{"Node Type": "Sort", "Parent Relationship": "Outer", "Startup Cost": 521166.02, "Total Cost": 521166.03, "Plan Rows": 1, "Plan Width": 66, "Actual Startup Time": 59469.211, "Actual Total Time": 60260.928, "Actual Rows": 3256948, "Actual Loops": 1, "Sort Key": ["nation.n_name", "(date_part('year'::text, orders.o_orderdate)) DESC"], "Sort Method": "quicksort", "Sort Space Used": 607203, "Sort Space Type": "Memory", "Plans": [{"Node Type": "Nested Loop", "Parent Relationship": "Outer", "Join Type": "Inner", "Startup Cost": 72600.6, "Total Cost": 521166.01, "Plan Rows": 1, "Plan Width": 66, "Actual Startup Time": 1094.503, "Actual Total Time": 53628.008, "Actual Rows": 3256948, "Actual Loops": 1, "Inner Unique": true, "Plans": [{"Node Type": "Nested Loop", "Parent Relationship": "Outer", "Join Type": "Inner", "Startup Cost": 72600.6, "Total Cost": 521165.73, "Plan Rows": 1, "Plan Width": 44, "Actual Startup Time": 1094.366, "Actual Total Time": 45161.558, "Actual Rows": 3256948, "Actual Loops": 1, "Inner Unique": true, "Plans": [{"Node Type": "Nested Loop", "Parent Relationship": "Outer", "Join Type": "Inner", "Startup Cost": 72600.6, "Total Cost": 521165.43, "Plan Rows": 1, "Plan Width": 44, "Actual Startup Time": 1094.34, "Actual Total Time": 18317.543, "Actual Rows": 3256948, "Actual Loops": 1, "Inner Unique": false, "Join Filter": "(supplier.s_suppkey = lineitem.l_suppkey)", "Rows Removed by Join Filter": 0, "Plans": [{"Node Type": "Hash Join", "Parent Relationship": "Outer", "Join Type": "Inner", "Startup Cost": 72600.6, "Total Cost": 377416.42, "Plan Rows": 125630, "Plan Width": 44, "Actual Startup Time": 1094.281, "Actual Total Time": 6180.496, "Actual Rows": 434204, "Actual Loops": 1, "Inner Unique": true, "Hash Cond": "(partsupp.ps_suppkey = supplier.s_suppkey), (LLVM Optimized, Jit Execute)", "Plans": [{"Node Type": "Hash Join", "Parent Relationship": "Outer", "Join Type": "Inner", "Startup Cost": 68067.6, "Total Cost": 370653.38, "Plan Rows": 259666, "Plan Width": 32, "Actual Startup Time": 1031.172, "Actual Total Time": 5716.645, "Actual Rows": 434204, "Actual Loops": 1, "Inner Unique": true, "Hash Cond": "(partsupp.ps_partkey = part.p_partkey), (LLVM Optimized, Jit Execute)", "Plans": [{"Node Type": "Seq Scan", "Parent Relationship": "Outer", "Relation Name": "partsupp", "Alias": "partsupp", "Startup Cost": 0.0, "Total Cost": 269987.72, "Plan Rows": 8000372, "Plan Width": 24, "Actual Startup Time": 0.013, "Actual Total Time": 2512.445, "Actual Rows": 8000000, "Actual Loops": 1}, {"Node Type": "Hash", "Parent Relationship": "Inner", "Startup Cost": 66944.0, "Total Cost": 66944.0, "Plan Rows": 89888, "Plan Width": 8, "Actual Startup Time": 1031.014, "Actual Total Time": 1031.014, "Actual Rows": 108551, "Actual Loops": 1, "Hash Buckets": 131072, "Hash Batches": 1, "Original Hash Batches": 1, "Peak Memory Usage": 4241, "Plans": [{"Node Type": "Seq Scan", "Parent Relationship": "Outer", "Relation Name": "part", "Alias": "part", "Startup Cost": 0.0, "Total Cost": 66944.0, "Plan Rows": 89888, "Plan Width": 8, "Actual Startup Time": 0.047, "Actual Total Time": 992.378, "Actual Rows": 108551, "Actual Loops": 1, "Filter": "((p_name)::text ~~ '%dim%'::text)", "Rows Removed by Filter": 1891449}]}]}, {"Node Type": "Hash", "Parent Relationship": "Inner", "Startup Cost": 3283.0, "Total Cost": 3283.0, "Plan Rows": 100000, "Plan Width": 12, "Actual Startup Time": 62.997, "Actual Total Time": 62.997, "Actual Rows": 100000, "Actual Loops": 1, "Hash Buckets": 131072, "Hash Batches": 1, "Original Hash Batches": 1, "Peak Memory Usage": 4297, "Plans": [{"Node Type": "Seq Scan", "Parent Relationship": "Outer", "Relation Name": "supplier", "Alias": "supplier", "Startup Cost": 0.0, "Total Cost": 3283.0, "Plan Rows": 100000, "Plan Width": 12, "Actual Startup Time": 0.026, "Actual Total Time": 35.878, "Actual Rows": 100000, "Actual Loops": 1}]}]}, {"Node Type": "Index Scan", "Parent Relationship": "Inner", "Scan Direction": "Forward", "Index Name": "idx_lineitem_part_supp", "Relation Name": "lineitem", "Alias": "lineitem", "Startup Cost": 0.0, "Total Cost": 1.13, "Plan Rows": 1, "Plan Width": 48, "Actual Startup Time": 3039.434, "Actual Total Time": 10513.781, "Actual Rows": 3256948, "Actual Loops": 434204, "Index Cond": "((l_partkey = partsupp.ps_partkey) AND (l_suppkey = partsupp.ps_suppkey))", "Rows Removed by Index Recheck": 0}]}, {"Node Type": "Index Scan", "Parent Relationship": "Inner", "Scan Direction": "Forward", "Index Name": "orders_pkey", "Relation Name": "orders", "Alias": "orders", "Startup Cost": 0.0, "Total Cost": 0.29, "Plan Rows": 1, "Plan Width": 16, "Actual Startup Time": 24113.79, "Actual Total Time": 24113.79, "Actual Rows": 3256948, "Actual Loops": 3256948, "Index Cond": "(o_orderkey = lineitem.l_orderkey)", "Rows Removed by Index Recheck": 0}]}, {"Node Type": "Index Scan", "Parent Relationship": "Inner", "Scan Direction": "Forward", "Index Name": "nation_pkey", "Relation Name": "nation", "Alias": "nation", "Startup Cost": 0.0, "Total Cost": 0.27, "Plan Rows": 1, "Plan Width": 30, "Actual Startup Time": 4504.283, "Actual Total Time": 4504.283, "Actual Rows": 3256948, "Actual Loops": 3256948, "Index Cond": "(n_nationkey = supplier.s_nationkey)", "Rows Removed by Index Recheck": 0}]}]}]}, "Triggers": [], "Planner Runtime": 30.255, "Total Runtime": 62619.904, "Unique SQL Id": 3628361425}}, "(1, 65)": {"explain_plan": {"Plan": {"Node Type": "Aggregate", "Strategy": "Sorted", "Startup Cost": 701189.48, "Total Cost": 701189.52, "Plan Rows": 1, "Plan Width": 74, "Group By Key": ["nation.n_name", "(date_part('year'::text, orders.o_orderdate))"], "Plans": [{"Node Type": "Sort", "Parent Relationship": "Outer", "Startup Cost": 701189.48, "Total Cost": 701189.49, "Plan Rows": 1, "Plan Width": 66, "Sort Key": ["nation.n_name", "(date_part('year'::text, orders.o_orderdate)) DESC"], "Plans": [{"Node Type": "Nested Loop", "Parent Relationship": "Outer", "Join Type": "Inner", "Startup Cost": 6584.54, "Total Cost": 701189.47, "Plan Rows": 1, "Plan Width": 66, "Inner Unique": true, "Plans": [{"Node Type": "Nested Loop", "Parent Relationship": "Outer", "Join Type": "Inner", "Startup Cost": 6584.54, "Total Cost": 701189.19, "Plan Rows": 1, "Plan Width": 44, "Inner Unique": true, "Plans": [{"Node Type": "Nested Loop", "Parent Relationship": "Outer", "Join Type": "Inner", "Startup Cost": 6584.54, "Total Cost": 701188.89, "Plan Rows": 1, "Plan Width": 44, "Inner Unique": false, "Join Filter": "(supplier.s_suppkey = lineitem.l_suppkey)", "Plans": [{"Node Type": "Hash Join", "Parent Relationship": "Outer", "Join Type": "Inner", "Startup Cost": 6584.54, "Total Cost": 557439.88, "Plan Rows": 125630, "Plan Width": 44, "Inner Unique": true, "Hash Cond": "(partsupp.ps_suppkey = supplier.s_suppkey), (LLVM Optimized)", "Plans": [{"Node Type": "Nested Loop", "Parent Relationship": "Outer", "Join Type": "Inner", "Startup Cost": 0.0, "Total Cost": 548625.29, "Plan Rows": 259666, "Plan Width": 32, "Inner Unique": false, "Plans": [{"Node Type": "Index Scan", "Parent Relationship": "Outer", "Scan Direction": "Forward", "Index Name": "part_kpey", "Relation Name": "part", "Alias": "part", "Startup Cost": 0.0, "Total Cost": 105803.25, "Plan Rows": 89888, "Plan Width": 8, "Filter": "((p_name)::text ~~ '%dim%'::text)"}, {"Node Type": "Index Scan", "Parent Relationship": "Inner", "Scan Direction": "Forward", "Index Name": "idx_partsupp_partkey", "Relation Name": "partsupp", "Alias": "partsupp", "Startup Cost": 0.0, "Total Cost": 4.9, "Plan Rows": 3, "Plan Width": 24, "Index Cond": "(ps_partkey = part.p_partkey)"}]}, {"Node Type": "Hash", "Parent Relationship": "Inner", "Startup Cost": 5334.54, "Total Cost": 5334.54, "Plan Rows": 100000, "Plan Width": 12, "Plans": [{"Node Type": "Index Scan", "Parent Relationship": "Outer", "Scan Direction": "Forward", "Index Name": "supplier_pkey", "Relation Name": "supplier", "Alias": "supplier", "Startup Cost": 0.0, "Total Cost": 5334.54, "Plan Rows": 100000, "Plan Width": 12}]}]}, {"Node Type": "Index Scan", "Parent Relationship": "Inner", "Scan Direction": "Forward", "Index Name": "idx_lineitem_part_supp", "Relation Name": "lineitem", "Alias": "lineitem", "Startup Cost": 0.0, "Total Cost": 1.13, "Plan Rows": 1, "Plan Width": 48, "Index Cond": "((l_partkey = partsupp.ps_partkey) AND (l_suppkey = partsupp.ps_suppkey))"}]}, {"Node Type": "Index Scan", "Parent Relationship": "Inner", "Scan Direction": "Forward", "Index Name": "orders_pkey", "Relation Name": "orders", "Alias": "orders", "Startup Cost": 0.0, "Total Cost": 0.29, "Plan Rows": 1, "Plan Width": 16, "Index Cond": "(o_orderkey = lineitem.l_orderkey)"}]}, {"Node Type": "Index Scan", "Parent Relationship": "Inner", "Scan Direction": "Forward", "Index Name": "nation_pkey", "Relation Name": "nation", "Alias": "nation", "Startup Cost": 0.0, "Total Cost": 0.27, "Plan Rows": 1, "Plan Width": 30, "Index Cond": "(n_nationkey = supplier.s_nationkey)"}]}]}]}, "Unique SQL Id": 3628361425}, "explain_analyze_plan": {"Plan": {"Node Type": "Aggregate", "Strategy": "Sorted", "Startup Cost": 701189.48, "Total Cost": 701189.52, "Plan Rows": 1, "Plan Width": 74, "Actual Startup Time": 57927.603, "Actual Total Time": 60887.2, "Actual Rows": 175, "Actual Loops": 1, "Group By Key": ["nation.n_name", "(date_part('year'::text, orders.o_orderdate))"], "Plans": [{"Node Type": "Sort", "Parent Relationship": "Outer", "Startup Cost": 701189.48, "Total Cost": 701189.49, "Plan Rows": 1, "Plan Width": 66, "Actual Startup Time": 57917.052, "Actual Total Time": 58585.336, "Actual Rows": 3256948, "Actual Loops": 1, "Sort Key": ["nation.n_name", "(date_part('year'::text, orders.o_orderdate)) DESC"], "Sort Method": "quicksort", "Sort Space Used": 607203, "Sort Space Type": "Memory", "Plans": [{"Node Type": "Nested Loop", "Parent Relationship": "Outer", "Join Type": "Inner", "Startup Cost": 6584.54, "Total Cost": 701189.47, "Plan Rows": 1, "Plan Width": 66, "Actual Startup Time": 88.208, "Actual Total Time": 52379.794, "Actual Rows": 3256948, "Actual Loops": 1, "Inner Unique": true, "Plans": [{"Node Type": "Nested Loop", "Parent Relationship": "Outer", "Join Type": "Inner", "Startup Cost": 6584.54, "Total Cost": 701189.19, "Plan Rows": 1, "Plan Width": 44, "Actual Startup Time": 88.176, "Actual Total Time": 43642.973, "Actual Rows": 3256948, "Actual Loops": 1, "Inner Unique": true, "Plans": [{"Node Type": "Nested Loop", "Parent Relationship": "Outer", "Join Type": "Inner", "Startup Cost": 6584.54, "Total Cost": 701188.89, "Plan Rows": 1, "Plan Width": 44, "Actual Startup Time": 88.16, "Actual Total Time": 15982.385, "Actual Rows": 3256948, "Actual Loops": 1, "Inner Unique": false, "Join Filter": "(supplier.s_suppkey = lineitem.l_suppkey)", "Rows Removed by Join Filter": 0, "Plans": [{"Node Type": "Hash Join", "Parent Relationship": "Outer", "Join Type": "Inner", "Startup Cost": 6584.54, "Total Cost": 557439.88, "Plan Rows": 125630, "Plan Width": 44, "Actual Startup Time": 88.115, "Actual Total Time": 3477.657, "Actual Rows": 434204, "Actual Loops": 1, "Inner Unique": true, "Hash Cond": "(partsupp.ps_suppkey = supplier.s_suppkey), (LLVM Optimized, Jit Execute)", "Plans": [{"Node Type": "Nested Loop", "Parent Relationship": "Outer", "Join Type": "Inner", "Startup Cost": 0.0, "Total Cost": 548625.29, "Plan Rows": 259666, "Plan Width": 32, "Actual Startup Time": 0.091, "Actual Total Time": 2926.915, "Actual Rows": 434204, "Actual Loops": 1, "Inner Unique": false, "Plans": [{"Node Type": "Index Scan", "Parent Relationship": "Outer", "Scan Direction": "Forward", "Index Name": "part_kpey", "Relation Name": "part", "Alias": "part", "Startup Cost": 0.0, "Total Cost": 105803.25, "Plan Rows": 89888, "Plan Width": 8, "Actual Startup Time": 0.065, "Actual Total Time": 1746.869, "Actual Rows": 108551, "Actual Loops": 1, "Filter": "((p_name)::text ~~ '%dim%'::text)", "Rows Removed by Filter": 1891449}, {"Node Type": "Index Scan", "Parent Relationship": "Inner", "Scan Direction": "Forward", "Index Name": "idx_partsupp_partkey", "Relation Name": "partsupp", "Alias": "partsupp", "Startup Cost": 0.0, "Total Cost": 4.9, "Plan Rows": 3, "Plan Width": 24, "Actual Startup Time": 667.283, "Actual Total Time": 976.149, "Actual Rows": 434204, "Actual Loops": 108551, "Index Cond": "(ps_partkey = part.p_partkey)", "Rows Removed by Index Recheck": 0}]}, {"Node Type": "Hash", "Parent Relationship": "Inner", "Startup Cost": 5334.54, "Total Cost": 5334.54, "Plan Rows": 100000, "Plan Width": 12, "Actual Startup Time": 87.877, "Actual Total Time": 87.877, "Actual Rows": 100000, "Actual Loops": 1, "Hash Buckets": 131072, "Hash Batches": 1, "Original Hash Batches": 1, "Peak Memory Usage": 4297, "Plans": [{"Node Type": "Index Scan", "Parent Relationship": "Outer", "Scan Direction": "Forward", "Index Name": "supplier_pkey", "Relation Name": "supplier", "Alias": "supplier", "Startup Cost": 0.0, "Total Cost": 5334.54, "Plan Rows": 100000, "Plan Width": 12, "Actual Startup Time": 0.025, "Actual Total Time": 60.048, "Actual Rows": 100000, "Actual Loops": 1}]}]}, {"Node Type": "Index Scan", "Parent Relationship": "Inner", "Scan Direction": "Forward", "Index Name": "idx_lineitem_part_supp", "Relation Name": "lineitem", "Alias": "lineitem", "Startup Cost": 0.0, "Total Cost": 1.13, "Plan Rows": 1, "Plan Width": 48, "Actual Startup Time": 3121.867, "Actual Total Time": 10833.853, "Actual Rows": 3256948, "Actual Loops": 434204, "Index Cond": "((l_partkey = partsupp.ps_partkey) AND (l_suppkey = partsupp.ps_suppkey))", "Rows Removed by Index Recheck": 0}]}, {"Node Type": "Index Scan", "Parent Relationship": "Inner", "Scan Direction": "Forward", "Index Name": "orders_pkey", "Relation Name": "orders", "Alias": "orders", "Startup Cost": 0.0, "Total Cost": 0.29, "Plan Rows": 1, "Plan Width": 16, "Actual Startup Time": 24891.296, "Actual Total Time": 24891.296, "Actual Rows": 3256948, "Actual Loops": 3256948, "Index Cond": "(o_orderkey = lineitem.l_orderkey)", "Rows Removed by Index Recheck": 0}]}, {"Node Type": "Index Scan", "Parent Relationship": "Inner", "Scan Direction": "Forward", "Index Name": "nation_pkey", "Relation Name": "nation", "Alias": "nation", "Startup Cost": 0.0, "Total Cost": 0.27, "Plan Rows": 1, "Plan Width": 30, "Actual Startup Time": 4701.479, "Actual Total Time": 4701.479, "Actual Rows": 3256948, "Actual Loops": 3256948, "Index Cond": "(n_nationkey = supplier.s_nationkey)", "Rows Removed by Index Recheck": 0}]}]}]}, "Triggers": [], "Planner Runtime": 29.635, "Total Runtime": 60901.785, "Unique SQL Id": 3628361425}}, "(1, 66)": {"explain_plan": {"Plan": {"Node Type": "Aggregate", "Strategy": "Sorted", "Startup Cost": 934830.93, "Total Cost": 934830.97, "Plan Rows": 1, "Plan Width": 74, "Group By Key": ["nation.n_name", "(date_part('year'::text, orders.o_orderdate))"], "Plans": [{"Node Type": "Sort", "Parent Relationship": "Outer", "Startup Cost": 934830.93, "Total Cost": 934830.94, "Plan Rows": 1, "Plan Width": 66, "Sort Key": ["nation.n_name", "(date_part('year'::text, orders.o_orderdate)) DESC"], "Plans": [{"Node Type": "Nested Loop", "Parent Relationship": "Outer", "Join Type": "Inner", "Startup Cost": 72601.53, "Total Cost": 934830.92, "Plan Rows": 1, "Plan Width": 66, "Inner Unique": true, "Plans": [{"Node Type": "Nested Loop", "Parent Relationship": "Outer", "Join Type": "Inner", "Startup Cost": 72601.27, "Total Cost": 934826.64, "Plan Rows": 1, "Plan Width": 44, "Inner Unique": true, "Plans": [{"Node Type": "Nested Loop", "Parent Relationship": "Outer", "Join Type": "Inner", "Startup Cost": 72601.01, "Total Cost": 934822.36, "Plan Rows": 1, "Plan Width": 44, "Inner Unique": false, "Join Filter": "(supplier.s_suppkey = lineitem.l_suppkey)", "Plans": [{"Node Type": "Hash Join", "Parent Relationship": "Outer", "Join Type": "Inner", "Startup Cost": 72600.6, "Total Cost": 377416.42, "Plan Rows": 125630, "Plan Width": 44, "Inner Unique": true, "Hash Cond": "(partsupp.ps_suppkey = supplier.s_suppkey), (LLVM Optimized)", "Plans": [{"Node Type": "Hash Join", "Parent Relationship": "Outer", "Join Type": "Inner", "Startup Cost": 68067.6, "Total Cost": 370653.38, "Plan Rows": 259666, "Plan Width": 32, "Inner Unique": true, "Hash Cond": "(partsupp.ps_partkey = part.p_partkey), (LLVM Optimized)", "Plans": [{"Node Type": "Seq Scan", "Parent Relationship": "Outer", "Relation Name": "partsupp", "Alias": "partsupp", "Startup Cost": 0.0, "Total Cost": 269987.72, "Plan Rows": 8000372, "Plan Width": 24}, {"Node Type": "Hash", "Parent Relationship": "Inner", "Startup Cost": 66944.0, "Total Cost": 66944.0, "Plan Rows": 89888, "Plan Width": 8, "Plans": [{"Node Type": "Seq Scan", "Parent Relationship": "Outer", "Relation Name": "part", "Alias": "part", "Startup Cost": 0.0, "Total Cost": 66944.0, "Plan Rows": 89888, "Plan Width": 8, "Filter": "((p_name)::text ~~ '%dim%'::text)"}]}]}, {"Node Type": "Hash", "Parent Relationship": "Inner", "Startup Cost": 3283.0, "Total Cost": 3283.0, "Plan Rows": 100000, "Plan Width": 12, "Plans": [{"Node Type": "Seq Scan", "Parent Relationship": "Outer", "Relation Name": "supplier", "Alias": "supplier", "Startup Cost": 0.0, "Total Cost": 3283.0, "Plan Rows": 100000, "Plan Width": 12}]}]}, {"Node Type": "Bitmap Heap Scan", "Parent Relationship": "Inner", "Relation Name": "lineitem", "Alias": "lineitem", "Startup Cost": 0.41, "Total Cost": 4.42, "Plan Rows": 1, "Plan Width": 48, "Recheck Cond": "((l_partkey = partsupp.ps_partkey) AND (l_suppkey = partsupp.ps_suppkey))", "Plans": [{"Node Type": "Bitmap Index Scan", "Parent Relationship": "Outer", "Index Name": "idx_lineitem_part_supp", "Startup Cost": 0.0, "Total Cost": 0.41, "Plan Rows": 1, "Plan Width": 0, "Index Cond": "((l_partkey = partsupp.ps_partkey) AND (l_suppkey = partsupp.ps_suppkey))"}]}]}, {"Node Type": "Bitmap Heap Scan", "Parent Relationship": "Inner", "Relation Name": "orders", "Alias": "orders", "Startup Cost": 0.26, "Total Cost": 4.27, "Plan Rows": 1, "Plan Width": 16, "Recheck Cond": "(o_orderkey = lineitem.l_orderkey)", "Plans": [{"Node Type": "Bitmap Index Scan", "Parent Relationship": "Outer", "Index Name": "orders_pkey", "Startup Cost": 0.0, "Total Cost": 0.26, "Plan Rows": 1, "Plan Width": 0, "Index Cond": "(o_orderkey = lineitem.l_orderkey)"}]}]}, {"Node Type": "Bitmap Heap Scan", "Parent Relationship": "Inner", "Relation Name": "nation", "Alias": "nation", "Startup Cost": 0.26, "Total Cost": 4.27, "Plan Rows": 1, "Plan Width": 30, "Recheck Cond": "(n_nationkey = supplier.s_nationkey)", "Plans": [{"Node Type": "Bitmap Index Scan", "Parent Relationship": "Outer", "Index Name": "nation_pkey", "Startup Cost": 0.0, "Total Cost": 0.26, "Plan Rows": 1, "Plan Width": 0, "Index Cond": "(n_nationkey = supplier.s_nationkey)"}]}]}]}]}, "Unique SQL Id": 3628361425}, "explain_analyze_plan": {"Plan": {"Node Type": "Aggregate", "Strategy": "Sorted", "Startup Cost": 934830.93, "Total Cost": 934830.97, "Plan Rows": 1, "Plan Width": 74, "Actual Startup Time": 74843.338, "Actual Total Time": 77889.654, "Actual Rows": 175, "Actual Loops": 1, "Group By Key": ["nation.n_name", "(date_part('year'::text, orders.o_orderdate))"], "Plans": [{"Node Type": "Sort", "Parent Relationship": "Outer", "Startup Cost": 934830.93, "Total Cost": 934830.94, "Plan Rows": 1, "Plan Width": 66, "Actual Startup Time": 74832.13, "Actual Total Time": 75568.879, "Actual Rows": 3256948, "Actual Loops": 1, "Sort Key": ["nation.n_name", "(date_part('year'::text, orders.o_orderdate)) DESC"], "Sort Method": "quicksort", "Sort Space Used": 607203, "Sort Space Type": "Memory", "Plans": [{"Node Type": "Nested Loop", "Parent Relationship": "Outer", "Join Type": "Inner", "Startup Cost": 72601.53, "Total Cost": 934830.92, "Plan Rows": 1, "Plan Width": 66, "Actual Startup Time": 1105.364, "Actual Total Time": 69092.398, "Actual Rows": 3256948, "Actual Loops": 1, "Inner Unique": true, "Plans": [{"Node Type": "Nested Loop", "Parent Relationship": "Outer", "Join Type": "Inner", "Startup Cost": 72601.27, "Total Cost": 934826.64, "Plan Rows": 1, "Plan Width": 44, "Actual Startup Time": 1105.315, "Actual Total Time": 55282.992, "Actual Rows": 3256948, "Actual Loops": 1, "Inner Unique": true, "Plans": [{"Node Type": "Nested Loop", "Parent Relationship": "Outer", "Join Type": "Inner", "Startup Cost": 72601.01, "Total Cost": 934822.36, "Plan Rows": 1, "Plan Width": 44, "Actual Startup Time": 1105.278, "Actual Total Time": 21853.713, "Actual Rows": 3256948, "Actual Loops": 1, "Inner Unique": false, "Join Filter": "(supplier.s_suppkey = lineitem.l_suppkey)", "Rows Removed by Join Filter": 0, "Plans": [{"Node Type": "Hash Join", "Parent Relationship": "Outer", "Join Type": "Inner", "Startup Cost": 72600.6, "Total Cost": 377416.42, "Plan Rows": 125630, "Plan Width": 44, "Actual Startup Time": 1105.153, "Actual Total Time": 6395.644, "Actual Rows": 434204, "Actual Loops": 1, "Inner Unique": true, "Hash Cond": "(partsupp.ps_suppkey = supplier.s_suppkey), (LLVM Optimized, Jit Execute)", "Plans": [{"Node Type": "Hash Join", "Parent Relationship": "Outer", "Join Type": "Inner", "Startup Cost": 68067.6, "Total Cost": 370653.38, "Plan Rows": 259666, "Plan Width": 32, "Actual Startup Time": 1041.795, "Actual Total Time": 5903.793, "Actual Rows": 434204, "Actual Loops": 1, "Inner Unique": true, "Hash Cond": "(partsupp.ps_partkey = part.p_partkey), (LLVM Optimized, Jit Execute)", "Plans": [{"Node Type": "Seq Scan", "Parent Relationship": "Outer", "Relation Name": "partsupp", "Alias": "partsupp", "Startup Cost": 0.0, "Total Cost": 269987.72, "Plan Rows": 8000372, "Plan Width": 24, "Actual Startup Time": 0.014, "Actual Total Time": 2579.684, "Actual Rows": 8000000, "Actual Loops": 1}, {"Node Type": "Hash", "Parent Relationship": "Inner", "Startup Cost": 66944.0, "Total Cost": 66944.0, "Plan Rows": 89888, "Plan Width": 8, "Actual Startup Time": 1041.638, "Actual Total Time": 1041.638, "Actual Rows": 108551, "Actual Loops": 1, "Hash Buckets": 131072, "Hash Batches": 1, "Original Hash Batches": 1, "Peak Memory Usage": 4241, "Plans": [{"Node Type": "Seq Scan", "Parent Relationship": "Outer", "Relation Name": "part", "Alias": "part", "Startup Cost": 0.0, "Total Cost": 66944.0, "Plan Rows": 89888, "Plan Width": 8, "Actual Startup Time": 0.046, "Actual Total Time": 999.943, "Actual Rows": 108551, "Actual Loops": 1, "Filter": "((p_name)::text ~~ '%dim%'::text)", "Rows Removed by Filter": 1891449}]}]}, {"Node Type": "Hash", "Parent Relationship": "Inner", "Startup Cost": 3283.0, "Total Cost": 3283.0, "Plan Rows": 100000, "Plan Width": 12, "Actual Startup Time": 63.234, "Actual Total Time": 63.234, "Actual Rows": 100000, "Actual Loops": 1, "Hash Buckets": 131072, "Hash Batches": 1, "Original Hash Batches": 1, "Peak Memory Usage": 4297, "Plans": [{"Node Type": "Seq Scan", "Parent Relationship": "Outer", "Relation Name": "supplier", "Alias": "supplier", "Startup Cost": 0.0, "Total Cost": 3283.0, "Plan Rows": 100000, "Plan Width": 12, "Actual Startup Time": 0.031, "Actual Total Time": 36.039, "Actual Rows": 100000, "Actual Loops": 1}]}]}, {"Node Type": "Bitmap Heap Scan", "Parent Relationship": "Inner", "Relation Name": "lineitem", "Alias": "lineitem", "Startup Cost": 0.41, "Total Cost": 4.42, "Plan Rows": 1, "Plan Width": 48, "Actual Startup Time": 4916.501, "Actual Total Time": 13383.02, "Actual Rows": 3256948, "Actual Loops": 434204, "Recheck Cond": "((l_partkey = partsupp.ps_partkey) AND (l_suppkey = partsupp.ps_suppkey))", "Rows Removed by Index Recheck": 0, "Exact Heap Blocks": 3256937, "Lossy Heap Blocks": 3256937, "Plans": [{"Node Type": "Bitmap Index Scan", "Parent Relationship": "Outer", "Index Name": "idx_lineitem_part_supp", "Startup Cost": 0.0, "Total Cost": 0.41, "Plan Rows": 1, "Plan Width": 0, "Actual Startup Time": 2777.915, "Actual Total Time": 2777.915, "Actual Rows": 3256948, "Actual Loops": 434204, "Index Cond": "((l_partkey = partsupp.ps_partkey) AND (l_suppkey = partsupp.ps_suppkey))"}]}]}, {"Node Type": "Bitmap Heap Scan", "Parent Relationship": "Inner", "Relation Name": "orders", "Alias": "orders", "Startup Cost": 0.26, "Total Cost": 4.27, "Plan Rows": 1, "Plan Width": 16, "Actual Startup Time": 28942.068, "Actual Total Time": 28942.068, "Actual Rows": 3256948, "Actual Loops": 3256948, "Recheck Cond": "(o_orderkey = lineitem.l_orderkey)", "Rows Removed by Index Recheck": 0, "Exact Heap Blocks": 3256948, "Lossy Heap Blocks": 3256948, "Plans": [{"Node Type": "Bitmap Index Scan", "Parent Relationship": "Outer", "Index Name": "orders_pkey", "Startup Cost": 0.0, "Total Cost": 0.26, "Plan Rows": 1, "Plan Width": 0, "Actual Startup Time": 18843.489, "Actual Total Time": 18843.489, "Actual Rows": 3256948, "Actual Loops": 3256948, "Index Cond": "(o_orderkey = lineitem.l_orderkey)"}]}]}, {"Node Type": "Bitmap Heap Scan", "Parent Relationship": "Inner", "Relation Name": "nation", "Alias": "nation", "Startup Cost": 0.26, "Total Cost": 4.27, "Plan Rows": 1, "Plan Width": 30, "Actual Startup Time": 7721.452, "Actual Total Time": 7721.452, "Actual Rows": 3256948, "Actual Loops": 3256948, "Recheck Cond": "(n_nationkey = supplier.s_nationkey)", "Rows Removed by Index Recheck": 0, "Exact Heap Blocks": 3256948, "Lossy Heap Blocks": 3256948, "Plans": [{"Node Type": "Bitmap Index Scan", "Parent Relationship": "Outer", "Index Name": "nation_pkey", "Startup Cost": 0.0, "Total Cost": 0.26, "Plan Rows": 1, "Plan Width": 0, "Actual Startup Time": 3361.205, "Actual Total Time": 3361.205, "Actual Rows": 3256948, "Actual Loops": 3256948, "Index Cond": "(n_nationkey = supplier.s_nationkey)"}]}]}]}]}, "Triggers": [], "Planner Runtime": 38.642, "Total Runtime": 77905.866, "Unique SQL Id": 3628361425}}, "(1, 67)": {"explain_plan": {"Plan": {"Node Type": "Aggregate", "Strategy": "Sorted", "Startup Cost": 1000008167021.54, "Total Cost": 1000008167021.58, "Plan Rows": 1, "Plan Width": 74, "Group By Key": ["nation.n_name", "(date_part('year'::text, orders.o_orderdate))"], "Plans": [{"Node Type": "Sort", "Parent Relationship": "Outer", "Startup Cost": 1000008167021.54, "Total Cost": 1000008167021.55, "Plan Rows": 1, "Plan Width": 66, "Sort Key": ["nation.n_name", "(date_part('year'::text, orders.o_orderdate)) DESC"], "Plans": [{"Node Type": "Nested Loop", "Parent Relationship": "Outer", "Join Type": "Inner", "Startup Cost": 10000000002.75, "Total Cost": 1000008167021.53, "Plan Rows": 1, "Plan Width": 66, "Inner Unique": true, "Plans": [{"Node Type": "Nested Loop", "Parent Relationship": "Outer", "Join Type": "Inner", "Startup Cost": 10000000002.5, "Total Cost": 1000008167017.25, "Plan Rows": 1, "Plan Width": 44, "Inner Unique": true, "Plans": [{"Node Type": "Nested Loop", "Parent Relationship": "Outer", "Join Type": "Inner", "Startup Cost": 10000000002.24, "Total Cost": 1000008167012.96, "Plan Rows": 1, "Plan Width": 44, "Inner Unique": true, "Join Filter": "(partsupp.ps_partkey = part.p_partkey)", "Plans": [{"Node Type": "Nested Loop", "Parent Relationship": "Outer", "Join Type": "Inner", "Startup Cost": 10000000001.98, "Total Cost": 1000008166987.25, "Plan Rows": 6, "Plan Width": 60, "Inner Unique": false, "Join Filter": "(supplier.s_suppkey = lineitem.l_suppkey)", "Plans": [{"Node Type": "Nested Loop", "Parent Relationship": "Outer", "Join Type": "Inner", "Startup Cost": 10000000001.57, "Total Cost": 1000002201599.04, "Plan Rows": 1344499, "Plan Width": 36, "Inner Unique": false, "Plans": [{"Node Type": "Index Scan", "Parent Relationship": "Outer", "Scan Direction": "Forward", "Index Name": "idx_supplier_nation_key", "Relation Name": "supplier", "Alias": "supplier", "Startup Cost": 10000000000.0, "Total Cost": 1000001217556.78, "Plan Rows": 100000, "Plan Width": 12}, {"Node Type": "Bitmap Heap Scan", "Parent Relationship": "Inner", "Relation Name": "partsupp", "Alias": "partsupp", "Startup Cost": 1.57, "Total Cost": 9.71, "Plan Rows": 13, "Plan Width": 24, "Recheck Cond": "(ps_suppkey = supplier.s_suppkey)", "Plans": [{"Node Type": "Bitmap Index Scan", "Parent Relationship": "Outer", "Index Name": "idx_partsupp_suppkey", "Startup Cost": 0.0, "Total Cost": 1.56, "Plan Rows": 13, "Plan Width": 0, "Index Cond": "(ps_suppkey = supplier.s_suppkey)"}]}]}, {"Node Type": "Bitmap Heap Scan", "Parent Relationship": "Inner", "Relation Name": "lineitem", "Alias": "lineitem", "Startup Cost": 0.41, "Total Cost": 4.42, "Plan Rows": 1, "Plan Width": 48, "Recheck Cond": "((l_partkey = partsupp.ps_partkey) AND (l_suppkey = partsupp.ps_suppkey))", "Plans": [{"Node Type": "Bitmap Index Scan", "Parent Relationship": "Outer", "Index Name": "idx_lineitem_part_supp", "Startup Cost": 0.0, "Total Cost": 0.41, "Plan Rows": 1, "Plan Width": 0, "Index Cond": "((l_partkey = partsupp.ps_partkey) AND (l_suppkey = partsupp.ps_suppkey))"}]}]}, {"Node Type": "Bitmap Heap Scan", "Parent Relationship": "Inner", "Relation Name": "part", "Alias": "part", "Startup Cost": 0.26, "Total Cost": 4.27, "Plan Rows": 1, "Plan Width": 8, "Recheck Cond": "(p_partkey = lineitem.l_partkey)", "Filter": "((p_name)::text ~~ '%dim%'::text)", "Plans": [{"Node Type": "Bitmap Index Scan", "Parent Relationship": "Outer", "Index Name": "part_kpey", "Startup Cost": 0.0, "Total Cost": 0.26, "Plan Rows": 1, "Plan Width": 0, "Index Cond": "(p_partkey = lineitem.l_partkey)"}]}]}, {"Node Type": "Bitmap Heap Scan", "Parent Relationship": "Inner", "Relation Name": "orders", "Alias": "orders", "Startup Cost": 0.26, "Total Cost": 4.27, "Plan Rows": 1, "Plan Width": 16, "Recheck Cond": "(o_orderkey = lineitem.l_orderkey)", "Plans": [{"Node Type": "Bitmap Index Scan", "Parent Relationship": "Outer", "Index Name": "orders_pkey", "Startup Cost": 0.0, "Total Cost": 0.26, "Plan Rows": 1, "Plan Width": 0, "Index Cond": "(o_orderkey = lineitem.l_orderkey)"}]}]}, {"Node Type": "Bitmap Heap Scan", "Parent Relationship": "Inner", "Relation Name": "nation", "Alias": "nation", "Startup Cost": 0.26, "Total Cost": 4.27, "Plan Rows": 1, "Plan Width": 30, "Recheck Cond": "(n_nationkey = supplier.s_nationkey)", "Plans": [{"Node Type": "Bitmap Index Scan", "Parent Relationship": "Outer", "Index Name": "nation_pkey", "Startup Cost": 0.0, "Total Cost": 0.26, "Plan Rows": 1, "Plan Width": 0, "Index Cond": "(n_nationkey = supplier.s_nationkey)"}]}]}]}]}, "Unique SQL Id": 3628361425}, "explain_analyze_plan": null}, "(1, 68)": {"explain_plan": {"Plan": {"Node Type": "Aggregate", "Strategy": "Sorted", "Startup Cost": 521166.02, "Total Cost": 521166.06, "Plan Rows": 1, "Plan Width": 74, "Group By Key": ["nation.n_name", "(date_part('year'::text, orders.o_orderdate))"], "Plans": [{"Node Type": "Sort", "Parent Relationship": "Outer", "Startup Cost": 521166.02, "Total Cost": 521166.03, "Plan Rows": 1, "Plan Width": 66, "Sort Key": ["nation.n_name", "(date_part('year'::text, orders.o_orderdate)) DESC"], "Plans": [{"Node Type": "Nested Loop", "Parent Relationship": "Outer", "Join Type": "Inner", "Startup Cost": 72600.6, "Total Cost": 521166.01, "Plan Rows": 1, "Plan Width": 66, "Inner Unique": true, "Plans": [{"Node Type": "Nested Loop", "Parent Relationship": "Outer", "Join Type": "Inner", "Startup Cost": 72600.6, "Total Cost": 521165.73, "Plan Rows": 1, "Plan Width": 44, "Inner Unique": true, "Plans": [{"Node Type": "Nested Loop", "Parent Relationship": "Outer", "Join Type": "Inner", "Startup Cost": 72600.6, "Total Cost": 521165.43, "Plan Rows": 1, "Plan Width": 44, "Inner Unique": false, "Join Filter": "(supplier.s_suppkey = lineitem.l_suppkey)", "Plans": [{"Node Type": "Hash Join", "Parent Relationship": "Outer", "Join Type": "Inner", "Startup Cost": 72600.6, "Total Cost": 377416.42, "Plan Rows": 125630, "Plan Width": 44, "Inner Unique": true, "Hash Cond": "(partsupp.ps_suppkey = supplier.s_suppkey), (LLVM Optimized)", "Plans": [{"Node Type": "Hash Join", "Parent Relationship": "Outer", "Join Type": "Inner", "Startup Cost": 68067.6, "Total Cost": 370653.38, "Plan Rows": 259666, "Plan Width": 32, "Inner Unique": true, "Hash Cond": "(partsupp.ps_partkey = part.p_partkey), (LLVM Optimized)", "Plans": [{"Node Type": "Seq Scan", "Parent Relationship": "Outer", "Relation Name": "partsupp", "Alias": "partsupp", "Startup Cost": 0.0, "Total Cost": 269987.72, "Plan Rows": 8000372, "Plan Width": 24}, {"Node Type": "Hash", "Parent Relationship": "Inner", "Startup Cost": 66944.0, "Total Cost": 66944.0, "Plan Rows": 89888, "Plan Width": 8, "Plans": [{"Node Type": "Seq Scan", "Parent Relationship": "Outer", "Relation Name": "part", "Alias": "part", "Startup Cost": 0.0, "Total Cost": 66944.0, "Plan Rows": 89888, "Plan Width": 8, "Filter": "((p_name)::text ~~ '%dim%'::text)"}]}]}, {"Node Type": "Hash", "Parent Relationship": "Inner", "Startup Cost": 3283.0, "Total Cost": 3283.0, "Plan Rows": 100000, "Plan Width": 12, "Plans": [{"Node Type": "Seq Scan", "Parent Relationship": "Outer", "Relation Name": "supplier", "Alias": "supplier", "Startup Cost": 0.0, "Total Cost": 3283.0, "Plan Rows": 100000, "Plan Width": 12}]}]}, {"Node Type": "Index Scan", "Parent Relationship": "Inner", "Scan Direction": "Forward", "Index Name": "idx_lineitem_part_supp", "Relation Name": "lineitem", "Alias": "lineitem", "Startup Cost": 0.0, "Total Cost": 1.13, "Plan Rows": 1, "Plan Width": 48, "Index Cond": "((l_partkey = partsupp.ps_partkey) AND (l_suppkey = partsupp.ps_suppkey))"}]}, {"Node Type": "Index Scan", "Parent Relationship": "Inner", "Scan Direction": "Forward", "Index Name": "orders_pkey", "Relation Name": "orders", "Alias": "orders", "Startup Cost": 0.0, "Total Cost": 0.29, "Plan Rows": 1, "Plan Width": 16, "Index Cond": "(o_orderkey = lineitem.l_orderkey)"}]}, {"Node Type": "Index Scan", "Parent Relationship": "Inner", "Scan Direction": "Forward", "Index Name": "nation_pkey", "Relation Name": "nation", "Alias": "nation", "Startup Cost": 0.0, "Total Cost": 0.27, "Plan Rows": 1, "Plan Width": 30, "Index Cond": "(n_nationkey = supplier.s_nationkey)"}]}]}]}, "Unique SQL Id": 3628361425}, "explain_analyze_plan": {"Plan": {"Node Type": "Aggregate", "Strategy": "Sorted", "Startup Cost": 521166.02, "Total Cost": 521166.06, "Plan Rows": 1, "Plan Width": 74, "Actual Startup Time": 59481.117, "Actual Total Time": 62604.215, "Actual Rows": 175, "Actual Loops": 1, "Group By Key": ["nation.n_name", "(date_part('year'::text, orders.o_orderdate))"], "Plans": [{"Node Type": "Sort", "Parent Relationship": "Outer", "Startup Cost": 521166.02, "Total Cost": 521166.03, "Plan Rows": 1, "Plan Width": 66, "Actual Startup Time": 59469.211, "Actual Total Time": 60260.928, "Actual Rows": 3256948, "Actual Loops": 1, "Sort Key": ["nation.n_name", "(date_part('year'::text, orders.o_orderdate)) DESC"], "Sort Method": "quicksort", "Sort Space Used": 607203, "Sort Space Type": "Memory", "Plans": [{"Node Type": "Nested Loop", "Parent Relationship": "Outer", "Join Type": "Inner", "Startup Cost": 72600.6, "Total Cost": 521166.01, "Plan Rows": 1, "Plan Width": 66, "Actual Startup Time": 1094.503, "Actual Total Time": 53628.008, "Actual Rows": 3256948, "Actual Loops": 1, "Inner Unique": true, "Plans": [{"Node Type": "Nested Loop", "Parent Relationship": "Outer", "Join Type": "Inner", "Startup Cost": 72600.6, "Total Cost": 521165.73, "Plan Rows": 1, "Plan Width": 44, "Actual Startup Time": 1094.366, "Actual Total Time": 45161.558, "Actual Rows": 3256948, "Actual Loops": 1, "Inner Unique": true, "Plans": [{"Node Type": "Nested Loop", "Parent Relationship": "Outer", "Join Type": "Inner", "Startup Cost": 72600.6, "Total Cost": 521165.43, "Plan Rows": 1, "Plan Width": 44, "Actual Startup Time": 1094.34, "Actual Total Time": 18317.543, "Actual Rows": 3256948, "Actual Loops": 1, "Inner Unique": false, "Join Filter": "(supplier.s_suppkey = lineitem.l_suppkey)", "Rows Removed by Join Filter": 0, "Plans": [{"Node Type": "Hash Join", "Parent Relationship": "Outer", "Join Type": "Inner", "Startup Cost": 72600.6, "Total Cost": 377416.42, "Plan Rows": 125630, "Plan Width": 44, "Actual Startup Time": 1094.281, "Actual Total Time": 6180.496, "Actual Rows": 434204, "Actual Loops": 1, "Inner Unique": true, "Hash Cond": "(partsupp.ps_suppkey = supplier.s_suppkey), (LLVM Optimized, Jit Execute)", "Plans": [{"Node Type": "Hash Join", "Parent Relationship": "Outer", "Join Type": "Inner", "Startup Cost": 68067.6, "Total Cost": 370653.38, "Plan Rows": 259666, "Plan Width": 32, "Actual Startup Time": 1031.172, "Actual Total Time": 5716.645, "Actual Rows": 434204, "Actual Loops": 1, "Inner Unique": true, "Hash Cond": "(partsupp.ps_partkey = part.p_partkey), (LLVM Optimized, Jit Execute)", "Plans": [{"Node Type": "Seq Scan", "Parent Relationship": "Outer", "Relation Name": "partsupp", "Alias": "partsupp", "Startup Cost": 0.0, "Total Cost": 269987.72, "Plan Rows": 8000372, "Plan Width": 24, "Actual Startup Time": 0.013, "Actual Total Time": 2512.445, "Actual Rows": 8000000, "Actual Loops": 1}, {"Node Type": "Hash", "Parent Relationship": "Inner", "Startup Cost": 66944.0, "Total Cost": 66944.0, "Plan Rows": 89888, "Plan Width": 8, "Actual Startup Time": 1031.014, "Actual Total Time": 1031.014, "Actual Rows": 108551, "Actual Loops": 1, "Hash Buckets": 131072, "Hash Batches": 1, "Original Hash Batches": 1, "Peak Memory Usage": 4241, "Plans": [{"Node Type": "Seq Scan", "Parent Relationship": "Outer", "Relation Name": "part", "Alias": "part", "Startup Cost": 0.0, "Total Cost": 66944.0, "Plan Rows": 89888, "Plan Width": 8, "Actual Startup Time": 0.047, "Actual Total Time": 992.378, "Actual Rows": 108551, "Actual Loops": 1, "Filter": "((p_name)::text ~~ '%dim%'::text)", "Rows Removed by Filter": 1891449}]}]}, {"Node Type": "Hash", "Parent Relationship": "Inner", "Startup Cost": 3283.0, "Total Cost": 3283.0, "Plan Rows": 100000, "Plan Width": 12, "Actual Startup Time": 62.997, "Actual Total Time": 62.997, "Actual Rows": 100000, "Actual Loops": 1, "Hash Buckets": 131072, "Hash Batches": 1, "Original Hash Batches": 1, "Peak Memory Usage": 4297, "Plans": [{"Node Type": "Seq Scan", "Parent Relationship": "Outer", "Relation Name": "supplier", "Alias": "supplier", "Startup Cost": 0.0, "Total Cost": 3283.0, "Plan Rows": 100000, "Plan Width": 12, "Actual Startup Time": 0.026, "Actual Total Time": 35.878, "Actual Rows": 100000, "Actual Loops": 1}]}]}, {"Node Type": "Index Scan", "Parent Relationship": "Inner", "Scan Direction": "Forward", "Index Name": "idx_lineitem_part_supp", "Relation Name": "lineitem", "Alias": "lineitem", "Startup Cost": 0.0, "Total Cost": 1.13, "Plan Rows": 1, "Plan Width": 48, "Actual Startup Time": 3039.434, "Actual Total Time": 10513.781, "Actual Rows": 3256948, "Actual Loops": 434204, "Index Cond": "((l_partkey = partsupp.ps_partkey) AND (l_suppkey = partsupp.ps_suppkey))", "Rows Removed by Index Recheck": 0}]}, {"Node Type": "Index Scan", "Parent Relationship": "Inner", "Scan Direction": "Forward", "Index Name": "orders_pkey", "Relation Name": "orders", "Alias": "orders", "Startup Cost": 0.0, "Total Cost": 0.29, "Plan Rows": 1, "Plan Width": 16, "Actual Startup Time": 24113.79, "Actual Total Time": 24113.79, "Actual Rows": 3256948, "Actual Loops": 3256948, "Index Cond": "(o_orderkey = lineitem.l_orderkey)", "Rows Removed by Index Recheck": 0}]}, {"Node Type": "Index Scan", "Parent Relationship": "Inner", "Scan Direction": "Forward", "Index Name": "nation_pkey", "Relation Name": "nation", "Alias": "nation", "Startup Cost": 0.0, "Total Cost": 0.27, "Plan Rows": 1, "Plan Width": 30, "Actual Startup Time": 4504.283, "Actual Total Time": 4504.283, "Actual Rows": 3256948, "Actual Loops": 3256948, "Index Cond": "(n_nationkey = supplier.s_nationkey)", "Rows Removed by Index Recheck": 0}]}]}]}, "Triggers": [], "Planner Runtime": 30.255, "Total Runtime": 62619.904, "Unique SQL Id": 3628361425}}, "(1, 69)": {"explain_plan": {"Plan": {"Node Type": "Aggregate", "Strategy": "Sorted", "Startup Cost": 701189.48, "Total Cost": 701189.52, "Plan Rows": 1, "Plan Width": 74, "Group By Key": ["nation.n_name", "(date_part('year'::text, orders.o_orderdate))"], "Plans": [{"Node Type": "Sort", "Parent Relationship": "Outer", "Startup Cost": 701189.48, "Total Cost": 701189.49, "Plan Rows": 1, "Plan Width": 66, "Sort Key": ["nation.n_name", "(date_part('year'::text, orders.o_orderdate)) DESC"], "Plans": [{"Node Type": "Nested Loop", "Parent Relationship": "Outer", "Join Type": "Inner", "Startup Cost": 6584.54, "Total Cost": 701189.47, "Plan Rows": 1, "Plan Width": 66, "Inner Unique": true, "Plans": [{"Node Type": "Nested Loop", "Parent Relationship": "Outer", "Join Type": "Inner", "Startup Cost": 6584.54, "Total Cost": 701189.19, "Plan Rows": 1, "Plan Width": 44, "Inner Unique": true, "Plans": [{"Node Type": "Nested Loop", "Parent Relationship": "Outer", "Join Type": "Inner", "Startup Cost": 6584.54, "Total Cost": 701188.89, "Plan Rows": 1, "Plan Width": 44, "Inner Unique": false, "Join Filter": "(supplier.s_suppkey = lineitem.l_suppkey)", "Plans": [{"Node Type": "Hash Join", "Parent Relationship": "Outer", "Join Type": "Inner", "Startup Cost": 6584.54, "Total Cost": 557439.88, "Plan Rows": 125630, "Plan Width": 44, "Inner Unique": true, "Hash Cond": "(partsupp.ps_suppkey = supplier.s_suppkey), (LLVM Optimized)", "Plans": [{"Node Type": "Nested Loop", "Parent Relationship": "Outer", "Join Type": "Inner", "Startup Cost": 0.0, "Total Cost": 548625.29, "Plan Rows": 259666, "Plan Width": 32, "Inner Unique": false, "Plans": [{"Node Type": "Index Scan", "Parent Relationship": "Outer", "Scan Direction": "Forward", "Index Name": "part_kpey", "Relation Name": "part", "Alias": "part", "Startup Cost": 0.0, "Total Cost": 105803.25, "Plan Rows": 89888, "Plan Width": 8, "Filter": "((p_name)::text ~~ '%dim%'::text)"}, {"Node Type": "Index Scan", "Parent Relationship": "Inner", "Scan Direction": "Forward", "Index Name": "idx_partsupp_partkey", "Relation Name": "partsupp", "Alias": "partsupp", "Startup Cost": 0.0, "Total Cost": 4.9, "Plan Rows": 3, "Plan Width": 24, "Index Cond": "(ps_partkey = part.p_partkey)"}]}, {"Node Type": "Hash", "Parent Relationship": "Inner", "Startup Cost": 5334.54, "Total Cost": 5334.54, "Plan Rows": 100000, "Plan Width": 12, "Plans": [{"Node Type": "Index Scan", "Parent Relationship": "Outer", "Scan Direction": "Forward", "Index Name": "supplier_pkey", "Relation Name": "supplier", "Alias": "supplier", "Startup Cost": 0.0, "Total Cost": 5334.54, "Plan Rows": 100000, "Plan Width": 12}]}]}, {"Node Type": "Index Scan", "Parent Relationship": "Inner", "Scan Direction": "Forward", "Index Name": "idx_lineitem_part_supp", "Relation Name": "lineitem", "Alias": "lineitem", "Startup Cost": 0.0, "Total Cost": 1.13, "Plan Rows": 1, "Plan Width": 48, "Index Cond": "((l_partkey = partsupp.ps_partkey) AND (l_suppkey = partsupp.ps_suppkey))"}]}, {"Node Type": "Index Scan", "Parent Relationship": "Inner", "Scan Direction": "Forward", "Index Name": "orders_pkey", "Relation Name": "orders", "Alias": "orders", "Startup Cost": 0.0, "Total Cost": 0.29, "Plan Rows": 1, "Plan Width": 16, "Index Cond": "(o_orderkey = lineitem.l_orderkey)"}]}, {"Node Type": "Index Scan", "Parent Relationship": "Inner", "Scan Direction": "Forward", "Index Name": "nation_pkey", "Relation Name": "nation", "Alias": "nation", "Startup Cost": 0.0, "Total Cost": 0.27, "Plan Rows": 1, "Plan Width": 30, "Index Cond": "(n_nationkey = supplier.s_nationkey)"}]}]}]}, "Unique SQL Id": 3628361425}, "explain_analyze_plan": {"Plan": {"Node Type": "Aggregate", "Strategy": "Sorted", "Startup Cost": 701189.48, "Total Cost": 701189.52, "Plan Rows": 1, "Plan Width": 74, "Actual Startup Time": 57927.603, "Actual Total Time": 60887.2, "Actual Rows": 175, "Actual Loops": 1, "Group By Key": ["nation.n_name", "(date_part('year'::text, orders.o_orderdate))"], "Plans": [{"Node Type": "Sort", "Parent Relationship": "Outer", "Startup Cost": 701189.48, "Total Cost": 701189.49, "Plan Rows": 1, "Plan Width": 66, "Actual Startup Time": 57917.052, "Actual Total Time": 58585.336, "Actual Rows": 3256948, "Actual Loops": 1, "Sort Key": ["nation.n_name", "(date_part('year'::text, orders.o_orderdate)) DESC"], "Sort Method": "quicksort", "Sort Space Used": 607203, "Sort Space Type": "Memory", "Plans": [{"Node Type": "Nested Loop", "Parent Relationship": "Outer", "Join Type": "Inner", "Startup Cost": 6584.54, "Total Cost": 701189.47, "Plan Rows": 1, "Plan Width": 66, "Actual Startup Time": 88.208, "Actual Total Time": 52379.794, "Actual Rows": 3256948, "Actual Loops": 1, "Inner Unique": true, "Plans": [{"Node Type": "Nested Loop", "Parent Relationship": "Outer", "Join Type": "Inner", "Startup Cost": 6584.54, "Total Cost": 701189.19, "Plan Rows": 1, "Plan Width": 44, "Actual Startup Time": 88.176, "Actual Total Time": 43642.973, "Actual Rows": 3256948, "Actual Loops": 1, "Inner Unique": true, "Plans": [{"Node Type": "Nested Loop", "Parent Relationship": "Outer", "Join Type": "Inner", "Startup Cost": 6584.54, "Total Cost": 701188.89, "Plan Rows": 1, "Plan Width": 44, "Actual Startup Time": 88.16, "Actual Total Time": 15982.385, "Actual Rows": 3256948, "Actual Loops": 1, "Inner Unique": false, "Join Filter": "(supplier.s_suppkey = lineitem.l_suppkey)", "Rows Removed by Join Filter": 0, "Plans": [{"Node Type": "Hash Join", "Parent Relationship": "Outer", "Join Type": "Inner", "Startup Cost": 6584.54, "Total Cost": 557439.88, "Plan Rows": 125630, "Plan Width": 44, "Actual Startup Time": 88.115, "Actual Total Time": 3477.657, "Actual Rows": 434204, "Actual Loops": 1, "Inner Unique": true, "Hash Cond": "(partsupp.ps_suppkey = supplier.s_suppkey), (LLVM Optimized, Jit Execute)", "Plans": [{"Node Type": "Nested Loop", "Parent Relationship": "Outer", "Join Type": "Inner", "Startup Cost": 0.0, "Total Cost": 548625.29, "Plan Rows": 259666, "Plan Width": 32, "Actual Startup Time": 0.091, "Actual Total Time": 2926.915, "Actual Rows": 434204, "Actual Loops": 1, "Inner Unique": false, "Plans": [{"Node Type": "Index Scan", "Parent Relationship": "Outer", "Scan Direction": "Forward", "Index Name": "part_kpey", "Relation Name": "part", "Alias": "part", "Startup Cost": 0.0, "Total Cost": 105803.25, "Plan Rows": 89888, "Plan Width": 8, "Actual Startup Time": 0.065, "Actual Total Time": 1746.869, "Actual Rows": 108551, "Actual Loops": 1, "Filter": "((p_name)::text ~~ '%dim%'::text)", "Rows Removed by Filter": 1891449}, {"Node Type": "Index Scan", "Parent Relationship": "Inner", "Scan Direction": "Forward", "Index Name": "idx_partsupp_partkey", "Relation Name": "partsupp", "Alias": "partsupp", "Startup Cost": 0.0, "Total Cost": 4.9, "Plan Rows": 3, "Plan Width": 24, "Actual Startup Time": 667.283, "Actual Total Time": 976.149, "Actual Rows": 434204, "Actual Loops": 108551, "Index Cond": "(ps_partkey = part.p_partkey)", "Rows Removed by Index Recheck": 0}]}, {"Node Type": "Hash", "Parent Relationship": "Inner", "Startup Cost": 5334.54, "Total Cost": 5334.54, "Plan Rows": 100000, "Plan Width": 12, "Actual Startup Time": 87.877, "Actual Total Time": 87.877, "Actual Rows": 100000, "Actual Loops": 1, "Hash Buckets": 131072, "Hash Batches": 1, "Original Hash Batches": 1, "Peak Memory Usage": 4297, "Plans": [{"Node Type": "Index Scan", "Parent Relationship": "Outer", "Scan Direction": "Forward", "Index Name": "supplier_pkey", "Relation Name": "supplier", "Alias": "supplier", "Startup Cost": 0.0, "Total Cost": 5334.54, "Plan Rows": 100000, "Plan Width": 12, "Actual Startup Time": 0.025, "Actual Total Time": 60.048, "Actual Rows": 100000, "Actual Loops": 1}]}]}, {"Node Type": "Index Scan", "Parent Relationship": "Inner", "Scan Direction": "Forward", "Index Name": "idx_lineitem_part_supp", "Relation Name": "lineitem", "Alias": "lineitem", "Startup Cost": 0.0, "Total Cost": 1.13, "Plan Rows": 1, "Plan Width": 48, "Actual Startup Time": 3121.867, "Actual Total Time": 10833.853, "Actual Rows": 3256948, "Actual Loops": 434204, "Index Cond": "((l_partkey = partsupp.ps_partkey) AND (l_suppkey = partsupp.ps_suppkey))", "Rows Removed by Index Recheck": 0}]}, {"Node Type": "Index Scan", "Parent Relationship": "Inner", "Scan Direction": "Forward", "Index Name": "orders_pkey", "Relation Name": "orders", "Alias": "orders", "Startup Cost": 0.0, "Total Cost": 0.29, "Plan Rows": 1, "Plan Width": 16, "Actual Startup Time": 24891.296, "Actual Total Time": 24891.296, "Actual Rows": 3256948, "Actual Loops": 3256948, "Index Cond": "(o_orderkey = lineitem.l_orderkey)", "Rows Removed by Index Recheck": 0}]}, {"Node Type": "Index Scan", "Parent Relationship": "Inner", "Scan Direction": "Forward", "Index Name": "nation_pkey", "Relation Name": "nation", "Alias": "nation", "Startup Cost": 0.0, "Total Cost": 0.27, "Plan Rows": 1, "Plan Width": 30, "Actual Startup Time": 4701.479, "Actual Total Time": 4701.479, "Actual Rows": 3256948, "Actual Loops": 3256948, "Index Cond": "(n_nationkey = supplier.s_nationkey)", "Rows Removed by Index Recheck": 0}]}]}]}, "Triggers": [], "Planner Runtime": 29.635, "Total Runtime": 60901.785, "Unique SQL Id": 3628361425}}, "(1, 70)": {"explain_plan": {"Plan": {"Node Type": "Aggregate", "Strategy": "Sorted", "Startup Cost": 934830.93, "Total Cost": 934830.97, "Plan Rows": 1, "Plan Width": 74, "Group By Key": ["nation.n_name", "(date_part('year'::text, orders.o_orderdate))"], "Plans": [{"Node Type": "Sort", "Parent Relationship": "Outer", "Startup Cost": 934830.93, "Total Cost": 934830.94, "Plan Rows": 1, "Plan Width": 66, "Sort Key": ["nation.n_name", "(date_part('year'::text, orders.o_orderdate)) DESC"], "Plans": [{"Node Type": "Nested Loop", "Parent Relationship": "Outer", "Join Type": "Inner", "Startup Cost": 72601.53, "Total Cost": 934830.92, "Plan Rows": 1, "Plan Width": 66, "Inner Unique": true, "Plans": [{"Node Type": "Nested Loop", "Parent Relationship": "Outer", "Join Type": "Inner", "Startup Cost": 72601.27, "Total Cost": 934826.64, "Plan Rows": 1, "Plan Width": 44, "Inner Unique": true, "Plans": [{"Node Type": "Nested Loop", "Parent Relationship": "Outer", "Join Type": "Inner", "Startup Cost": 72601.01, "Total Cost": 934822.36, "Plan Rows": 1, "Plan Width": 44, "Inner Unique": false, "Join Filter": "(supplier.s_suppkey = lineitem.l_suppkey)", "Plans": [{"Node Type": "Hash Join", "Parent Relationship": "Outer", "Join Type": "Inner", "Startup Cost": 72600.6, "Total Cost": 377416.42, "Plan Rows": 125630, "Plan Width": 44, "Inner Unique": true, "Hash Cond": "(partsupp.ps_suppkey = supplier.s_suppkey), (LLVM Optimized)", "Plans": [{"Node Type": "Hash Join", "Parent Relationship": "Outer", "Join Type": "Inner", "Startup Cost": 68067.6, "Total Cost": 370653.38, "Plan Rows": 259666, "Plan Width": 32, "Inner Unique": true, "Hash Cond": "(partsupp.ps_partkey = part.p_partkey), (LLVM Optimized)", "Plans": [{"Node Type": "Seq Scan", "Parent Relationship": "Outer", "Relation Name": "partsupp", "Alias": "partsupp", "Startup Cost": 0.0, "Total Cost": 269987.72, "Plan Rows": 8000372, "Plan Width": 24}, {"Node Type": "Hash", "Parent Relationship": "Inner", "Startup Cost": 66944.0, "Total Cost": 66944.0, "Plan Rows": 89888, "Plan Width": 8, "Plans": [{"Node Type": "Seq Scan", "Parent Relationship": "Outer", "Relation Name": "part", "Alias": "part", "Startup Cost": 0.0, "Total Cost": 66944.0, "Plan Rows": 89888, "Plan Width": 8, "Filter": "((p_name)::text ~~ '%dim%'::text)"}]}]}, {"Node Type": "Hash", "Parent Relationship": "Inner", "Startup Cost": 3283.0, "Total Cost": 3283.0, "Plan Rows": 100000, "Plan Width": 12, "Plans": [{"Node Type": "Seq Scan", "Parent Relationship": "Outer", "Relation Name": "supplier", "Alias": "supplier", "Startup Cost": 0.0, "Total Cost": 3283.0, "Plan Rows": 100000, "Plan Width": 12}]}]}, {"Node Type": "Bitmap Heap Scan", "Parent Relationship": "Inner", "Relation Name": "lineitem", "Alias": "lineitem", "Startup Cost": 0.41, "Total Cost": 4.42, "Plan Rows": 1, "Plan Width": 48, "Recheck Cond": "((l_partkey = partsupp.ps_partkey) AND (l_suppkey = partsupp.ps_suppkey))", "Plans": [{"Node Type": "Bitmap Index Scan", "Parent Relationship": "Outer", "Index Name": "idx_lineitem_part_supp", "Startup Cost": 0.0, "Total Cost": 0.41, "Plan Rows": 1, "Plan Width": 0, "Index Cond": "((l_partkey = partsupp.ps_partkey) AND (l_suppkey = partsupp.ps_suppkey))"}]}]}, {"Node Type": "Bitmap Heap Scan", "Parent Relationship": "Inner", "Relation Name": "orders", "Alias": "orders", "Startup Cost": 0.26, "Total Cost": 4.27, "Plan Rows": 1, "Plan Width": 16, "Recheck Cond": "(o_orderkey = lineitem.l_orderkey)", "Plans": [{"Node Type": "Bitmap Index Scan", "Parent Relationship": "Outer", "Index Name": "orders_pkey", "Startup Cost": 0.0, "Total Cost": 0.26, "Plan Rows": 1, "Plan Width": 0, "Index Cond": "(o_orderkey = lineitem.l_orderkey)"}]}]}, {"Node Type": "Bitmap Heap Scan", "Parent Relationship": "Inner", "Relation Name": "nation", "Alias": "nation", "Startup Cost": 0.26, "Total Cost": 4.27, "Plan Rows": 1, "Plan Width": 30, "Recheck Cond": "(n_nationkey = supplier.s_nationkey)", "Plans": [{"Node Type": "Bitmap Index Scan", "Parent Relationship": "Outer", "Index Name": "nation_pkey", "Startup Cost": 0.0, "Total Cost": 0.26, "Plan Rows": 1, "Plan Width": 0, "Index Cond": "(n_nationkey = supplier.s_nationkey)"}]}]}]}]}, "Unique SQL Id": 3628361425}, "explain_analyze_plan": {"Plan": {"Node Type": "Aggregate", "Strategy": "Sorted", "Startup Cost": 934830.93, "Total Cost": 934830.97, "Plan Rows": 1, "Plan Width": 74, "Actual Startup Time": 74843.338, "Actual Total Time": 77889.654, "Actual Rows": 175, "Actual Loops": 1, "Group By Key": ["nation.n_name", "(date_part('year'::text, orders.o_orderdate))"], "Plans": [{"Node Type": "Sort", "Parent Relationship": "Outer", "Startup Cost": 934830.93, "Total Cost": 934830.94, "Plan Rows": 1, "Plan Width": 66, "Actual Startup Time": 74832.13, "Actual Total Time": 75568.879, "Actual Rows": 3256948, "Actual Loops": 1, "Sort Key": ["nation.n_name", "(date_part('year'::text, orders.o_orderdate)) DESC"], "Sort Method": "quicksort", "Sort Space Used": 607203, "Sort Space Type": "Memory", "Plans": [{"Node Type": "Nested Loop", "Parent Relationship": "Outer", "Join Type": "Inner", "Startup Cost": 72601.53, "Total Cost": 934830.92, "Plan Rows": 1, "Plan Width": 66, "Actual Startup Time": 1105.364, "Actual Total Time": 69092.398, "Actual Rows": 3256948, "Actual Loops": 1, "Inner Unique": true, "Plans": [{"Node Type": "Nested Loop", "Parent Relationship": "Outer", "Join Type": "Inner", "Startup Cost": 72601.27, "Total Cost": 934826.64, "Plan Rows": 1, "Plan Width": 44, "Actual Startup Time": 1105.315, "Actual Total Time": 55282.992, "Actual Rows": 3256948, "Actual Loops": 1, "Inner Unique": true, "Plans": [{"Node Type": "Nested Loop", "Parent Relationship": "Outer", "Join Type": "Inner", "Startup Cost": 72601.01, "Total Cost": 934822.36, "Plan Rows": 1, "Plan Width": 44, "Actual Startup Time": 1105.278, "Actual Total Time": 21853.713, "Actual Rows": 3256948, "Actual Loops": 1, "Inner Unique": false, "Join Filter": "(supplier.s_suppkey = lineitem.l_suppkey)", "Rows Removed by Join Filter": 0, "Plans": [{"Node Type": "Hash Join", "Parent Relationship": "Outer", "Join Type": "Inner", "Startup Cost": 72600.6, "Total Cost": 377416.42, "Plan Rows": 125630, "Plan Width": 44, "Actual Startup Time": 1105.153, "Actual Total Time": 6395.644, "Actual Rows": 434204, "Actual Loops": 1, "Inner Unique": true, "Hash Cond": "(partsupp.ps_suppkey = supplier.s_suppkey), (LLVM Optimized, Jit Execute)", "Plans": [{"Node Type": "Hash Join", "Parent Relationship": "Outer", "Join Type": "Inner", "Startup Cost": 68067.6, "Total Cost": 370653.38, "Plan Rows": 259666, "Plan Width": 32, "Actual Startup Time": 1041.795, "Actual Total Time": 5903.793, "Actual Rows": 434204, "Actual Loops": 1, "Inner Unique": true, "Hash Cond": "(partsupp.ps_partkey = part.p_partkey), (LLVM Optimized, Jit Execute)", "Plans": [{"Node Type": "Seq Scan", "Parent Relationship": "Outer", "Relation Name": "partsupp", "Alias": "partsupp", "Startup Cost": 0.0, "Total Cost": 269987.72, "Plan Rows": 8000372, "Plan Width": 24, "Actual Startup Time": 0.014, "Actual Total Time": 2579.684, "Actual Rows": 8000000, "Actual Loops": 1}, {"Node Type": "Hash", "Parent Relationship": "Inner", "Startup Cost": 66944.0, "Total Cost": 66944.0, "Plan Rows": 89888, "Plan Width": 8, "Actual Startup Time": 1041.638, "Actual Total Time": 1041.638, "Actual Rows": 108551, "Actual Loops": 1, "Hash Buckets": 131072, "Hash Batches": 1, "Original Hash Batches": 1, "Peak Memory Usage": 4241, "Plans": [{"Node Type": "Seq Scan", "Parent Relationship": "Outer", "Relation Name": "part", "Alias": "part", "Startup Cost": 0.0, "Total Cost": 66944.0, "Plan Rows": 89888, "Plan Width": 8, "Actual Startup Time": 0.046, "Actual Total Time": 999.943, "Actual Rows": 108551, "Actual Loops": 1, "Filter": "((p_name)::text ~~ '%dim%'::text)", "Rows Removed by Filter": 1891449}]}]}, {"Node Type": "Hash", "Parent Relationship": "Inner", "Startup Cost": 3283.0, "Total Cost": 3283.0, "Plan Rows": 100000, "Plan Width": 12, "Actual Startup Time": 63.234, "Actual Total Time": 63.234, "Actual Rows": 100000, "Actual Loops": 1, "Hash Buckets": 131072, "Hash Batches": 1, "Original Hash Batches": 1, "Peak Memory Usage": 4297, "Plans": [{"Node Type": "Seq Scan", "Parent Relationship": "Outer", "Relation Name": "supplier", "Alias": "supplier", "Startup Cost": 0.0, "Total Cost": 3283.0, "Plan Rows": 100000, "Plan Width": 12, "Actual Startup Time": 0.031, "Actual Total Time": 36.039, "Actual Rows": 100000, "Actual Loops": 1}]}]}, {"Node Type": "Bitmap Heap Scan", "Parent Relationship": "Inner", "Relation Name": "lineitem", "Alias": "lineitem", "Startup Cost": 0.41, "Total Cost": 4.42, "Plan Rows": 1, "Plan Width": 48, "Actual Startup Time": 4916.501, "Actual Total Time": 13383.02, "Actual Rows": 3256948, "Actual Loops": 434204, "Recheck Cond": "((l_partkey = partsupp.ps_partkey) AND (l_suppkey = partsupp.ps_suppkey))", "Rows Removed by Index Recheck": 0, "Exact Heap Blocks": 3256937, "Lossy Heap Blocks": 3256937, "Plans": [{"Node Type": "Bitmap Index Scan", "Parent Relationship": "Outer", "Index Name": "idx_lineitem_part_supp", "Startup Cost": 0.0, "Total Cost": 0.41, "Plan Rows": 1, "Plan Width": 0, "Actual Startup Time": 2777.915, "Actual Total Time": 2777.915, "Actual Rows": 3256948, "Actual Loops": 434204, "Index Cond": "((l_partkey = partsupp.ps_partkey) AND (l_suppkey = partsupp.ps_suppkey))"}]}]}, {"Node Type": "Bitmap Heap Scan", "Parent Relationship": "Inner", "Relation Name": "orders", "Alias": "orders", "Startup Cost": 0.26, "Total Cost": 4.27, "Plan Rows": 1, "Plan Width": 16, "Actual Startup Time": 28942.068, "Actual Total Time": 28942.068, "Actual Rows": 3256948, "Actual Loops": 3256948, "Recheck Cond": "(o_orderkey = lineitem.l_orderkey)", "Rows Removed by Index Recheck": 0, "Exact Heap Blocks": 3256948, "Lossy Heap Blocks": 3256948, "Plans": [{"Node Type": "Bitmap Index Scan", "Parent Relationship": "Outer", "Index Name": "orders_pkey", "Startup Cost": 0.0, "Total Cost": 0.26, "Plan Rows": 1, "Plan Width": 0, "Actual Startup Time": 18843.489, "Actual Total Time": 18843.489, "Actual Rows": 3256948, "Actual Loops": 3256948, "Index Cond": "(o_orderkey = lineitem.l_orderkey)"}]}]}, {"Node Type": "Bitmap Heap Scan", "Parent Relationship": "Inner", "Relation Name": "nation", "Alias": "nation", "Startup Cost": 0.26, "Total Cost": 4.27, "Plan Rows": 1, "Plan Width": 30, "Actual Startup Time": 7721.452, "Actual Total Time": 7721.452, "Actual Rows": 3256948, "Actual Loops": 3256948, "Recheck Cond": "(n_nationkey = supplier.s_nationkey)", "Rows Removed by Index Recheck": 0, "Exact Heap Blocks": 3256948, "Lossy Heap Blocks": 3256948, "Plans": [{"Node Type": "Bitmap Index Scan", "Parent Relationship": "Outer", "Index Name": "nation_pkey", "Startup Cost": 0.0, "Total Cost": 0.26, "Plan Rows": 1, "Plan Width": 0, "Actual Startup Time": 3361.205, "Actual Total Time": 3361.205, "Actual Rows": 3256948, "Actual Loops": 3256948, "Index Cond": "(n_nationkey = supplier.s_nationkey)"}]}]}]}]}, "Triggers": [], "Planner Runtime": 38.642, "Total Runtime": 77905.866, "Unique SQL Id": 3628361425}}, "(1, 71)": {"explain_plan": {"Plan": {"Node Type": "Aggregate", "Strategy": "Sorted", "Startup Cost": 1000008167021.54, "Total Cost": 1000008167021.58, "Plan Rows": 1, "Plan Width": 74, "Group By Key": ["nation.n_name", "(date_part('year'::text, orders.o_orderdate))"], "Plans": [{"Node Type": "Sort", "Parent Relationship": "Outer", "Startup Cost": 1000008167021.54, "Total Cost": 1000008167021.55, "Plan Rows": 1, "Plan Width": 66, "Sort Key": ["nation.n_name", "(date_part('year'::text, orders.o_orderdate)) DESC"], "Plans": [{"Node Type": "Nested Loop", "Parent Relationship": "Outer", "Join Type": "Inner", "Startup Cost": 10000000002.75, "Total Cost": 1000008167021.53, "Plan Rows": 1, "Plan Width": 66, "Inner Unique": true, "Plans": [{"Node Type": "Nested Loop", "Parent Relationship": "Outer", "Join Type": "Inner", "Startup Cost": 10000000002.5, "Total Cost": 1000008167017.25, "Plan Rows": 1, "Plan Width": 44, "Inner Unique": true, "Plans": [{"Node Type": "Nested Loop", "Parent Relationship": "Outer", "Join Type": "Inner", "Startup Cost": 10000000002.24, "Total Cost": 1000008167012.96, "Plan Rows": 1, "Plan Width": 44, "Inner Unique": true, "Join Filter": "(partsupp.ps_partkey = part.p_partkey)", "Plans": [{"Node Type": "Nested Loop", "Parent Relationship": "Outer", "Join Type": "Inner", "Startup Cost": 10000000001.98, "Total Cost": 1000008166987.25, "Plan Rows": 6, "Plan Width": 60, "Inner Unique": false, "Join Filter": "(supplier.s_suppkey = lineitem.l_suppkey)", "Plans": [{"Node Type": "Nested Loop", "Parent Relationship": "Outer", "Join Type": "Inner", "Startup Cost": 10000000001.57, "Total Cost": 1000002201599.04, "Plan Rows": 1344499, "Plan Width": 36, "Inner Unique": false, "Plans": [{"Node Type": "Index Scan", "Parent Relationship": "Outer", "Scan Direction": "Forward", "Index Name": "idx_supplier_nation_key", "Relation Name": "supplier", "Alias": "supplier", "Startup Cost": 10000000000.0, "Total Cost": 1000001217556.78, "Plan Rows": 100000, "Plan Width": 12}, {"Node Type": "Bitmap Heap Scan", "Parent Relationship": "Inner", "Relation Name": "partsupp", "Alias": "partsupp", "Startup Cost": 1.57, "Total Cost": 9.71, "Plan Rows": 13, "Plan Width": 24, "Recheck Cond": "(ps_suppkey = supplier.s_suppkey)", "Plans": [{"Node Type": "Bitmap Index Scan", "Parent Relationship": "Outer", "Index Name": "idx_partsupp_suppkey", "Startup Cost": 0.0, "Total Cost": 1.56, "Plan Rows": 13, "Plan Width": 0, "Index Cond": "(ps_suppkey = supplier.s_suppkey)"}]}]}, {"Node Type": "Bitmap Heap Scan", "Parent Relationship": "Inner", "Relation Name": "lineitem", "Alias": "lineitem", "Startup Cost": 0.41, "Total Cost": 4.42, "Plan Rows": 1, "Plan Width": 48, "Recheck Cond": "((l_partkey = partsupp.ps_partkey) AND (l_suppkey = partsupp.ps_suppkey))", "Plans": [{"Node Type": "Bitmap Index Scan", "Parent Relationship": "Outer", "Index Name": "idx_lineitem_part_supp", "Startup Cost": 0.0, "Total Cost": 0.41, "Plan Rows": 1, "Plan Width": 0, "Index Cond": "((l_partkey = partsupp.ps_partkey) AND (l_suppkey = partsupp.ps_suppkey))"}]}]}, {"Node Type": "Bitmap Heap Scan", "Parent Relationship": "Inner", "Relation Name": "part", "Alias": "part", "Startup Cost": 0.26, "Total Cost": 4.27, "Plan Rows": 1, "Plan Width": 8, "Recheck Cond": "(p_partkey = lineitem.l_partkey)", "Filter": "((p_name)::text ~~ '%dim%'::text)", "Plans": [{"Node Type": "Bitmap Index Scan", "Parent Relationship": "Outer", "Index Name": "part_kpey", "Startup Cost": 0.0, "Total Cost": 0.26, "Plan Rows": 1, "Plan Width": 0, "Index Cond": "(p_partkey = lineitem.l_partkey)"}]}]}, {"Node Type": "Bitmap Heap Scan", "Parent Relationship": "Inner", "Relation Name": "orders", "Alias": "orders", "Startup Cost": 0.26, "Total Cost": 4.27, "Plan Rows": 1, "Plan Width": 16, "Recheck Cond": "(o_orderkey = lineitem.l_orderkey)", "Plans": [{"Node Type": "Bitmap Index Scan", "Parent Relationship": "Outer", "Index Name": "orders_pkey", "Startup Cost": 0.0, "Total Cost": 0.26, "Plan Rows": 1, "Plan Width": 0, "Index Cond": "(o_orderkey = lineitem.l_orderkey)"}]}]}, {"Node Type": "Bitmap Heap Scan", "Parent Relationship": "Inner", "Relation Name": "nation", "Alias": "nation", "Startup Cost": 0.26, "Total Cost": 4.27, "Plan Rows": 1, "Plan Width": 30, "Recheck Cond": "(n_nationkey = supplier.s_nationkey)", "Plans": [{"Node Type": "Bitmap Index Scan", "Parent Relationship": "Outer", "Index Name": "nation_pkey", "Startup Cost": 0.0, "Total Cost": 0.26, "Plan Rows": 1, "Plan Width": 0, "Index Cond": "(n_nationkey = supplier.s_nationkey)"}]}]}]}]}, "Unique SQL Id": 3628361425}, "explain_analyze_plan": null}, "(1, 72)": {"explain_plan": {"Plan": {"Node Type": "Aggregate", "Strategy": "Sorted", "Startup Cost": 521166.02, "Total Cost": 521166.06, "Plan Rows": 1, "Plan Width": 74, "Group By Key": ["nation.n_name", "(date_part('year'::text, orders.o_orderdate))"], "Plans": [{"Node Type": "Sort", "Parent Relationship": "Outer", "Startup Cost": 521166.02, "Total Cost": 521166.03, "Plan Rows": 1, "Plan Width": 66, "Sort Key": ["nation.n_name", "(date_part('year'::text, orders.o_orderdate)) DESC"], "Plans": [{"Node Type": "Nested Loop", "Parent Relationship": "Outer", "Join Type": "Inner", "Startup Cost": 72600.6, "Total Cost": 521166.01, "Plan Rows": 1, "Plan Width": 66, "Inner Unique": true, "Plans": [{"Node Type": "Nested Loop", "Parent Relationship": "Outer", "Join Type": "Inner", "Startup Cost": 72600.6, "Total Cost": 521165.73, "Plan Rows": 1, "Plan Width": 44, "Inner Unique": true, "Plans": [{"Node Type": "Nested Loop", "Parent Relationship": "Outer", "Join Type": "Inner", "Startup Cost": 72600.6, "Total Cost": 521165.43, "Plan Rows": 1, "Plan Width": 44, "Inner Unique": false, "Join Filter": "(supplier.s_suppkey = lineitem.l_suppkey)", "Plans": [{"Node Type": "Hash Join", "Parent Relationship": "Outer", "Join Type": "Inner", "Startup Cost": 72600.6, "Total Cost": 377416.42, "Plan Rows": 125630, "Plan Width": 44, "Inner Unique": true, "Hash Cond": "(partsupp.ps_suppkey = supplier.s_suppkey), (LLVM Optimized)", "Plans": [{"Node Type": "Hash Join", "Parent Relationship": "Outer", "Join Type": "Inner", "Startup Cost": 68067.6, "Total Cost": 370653.38, "Plan Rows": 259666, "Plan Width": 32, "Inner Unique": true, "Hash Cond": "(partsupp.ps_partkey = part.p_partkey), (LLVM Optimized)", "Plans": [{"Node Type": "Seq Scan", "Parent Relationship": "Outer", "Relation Name": "partsupp", "Alias": "partsupp", "Startup Cost": 0.0, "Total Cost": 269987.72, "Plan Rows": 8000372, "Plan Width": 24}, {"Node Type": "Hash", "Parent Relationship": "Inner", "Startup Cost": 66944.0, "Total Cost": 66944.0, "Plan Rows": 89888, "Plan Width": 8, "Plans": [{"Node Type": "Seq Scan", "Parent Relationship": "Outer", "Relation Name": "part", "Alias": "part", "Startup Cost": 0.0, "Total Cost": 66944.0, "Plan Rows": 89888, "Plan Width": 8, "Filter": "((p_name)::text ~~ '%dim%'::text)"}]}]}, {"Node Type": "Hash", "Parent Relationship": "Inner", "Startup Cost": 3283.0, "Total Cost": 3283.0, "Plan Rows": 100000, "Plan Width": 12, "Plans": [{"Node Type": "Seq Scan", "Parent Relationship": "Outer", "Relation Name": "supplier", "Alias": "supplier", "Startup Cost": 0.0, "Total Cost": 3283.0, "Plan Rows": 100000, "Plan Width": 12}]}]}, {"Node Type": "Index Scan", "Parent Relationship": "Inner", "Scan Direction": "Forward", "Index Name": "idx_lineitem_part_supp", "Relation Name": "lineitem", "Alias": "lineitem", "Startup Cost": 0.0, "Total Cost": 1.13, "Plan Rows": 1, "Plan Width": 48, "Index Cond": "((l_partkey = partsupp.ps_partkey) AND (l_suppkey = partsupp.ps_suppkey))"}]}, {"Node Type": "Index Scan", "Parent Relationship": "Inner", "Scan Direction": "Forward", "Index Name": "orders_pkey", "Relation Name": "orders", "Alias": "orders", "Startup Cost": 0.0, "Total Cost": 0.29, "Plan Rows": 1, "Plan Width": 16, "Index Cond": "(o_orderkey = lineitem.l_orderkey)"}]}, {"Node Type": "Index Scan", "Parent Relationship": "Inner", "Scan Direction": "Forward", "Index Name": "nation_pkey", "Relation Name": "nation", "Alias": "nation", "Startup Cost": 0.0, "Total Cost": 0.27, "Plan Rows": 1, "Plan Width": 30, "Index Cond": "(n_nationkey = supplier.s_nationkey)"}]}]}]}, "Unique SQL Id": 3628361425}, "explain_analyze_plan": {"Plan": {"Node Type": "Aggregate", "Strategy": "Sorted", "Startup Cost": 521166.02, "Total Cost": 521166.06, "Plan Rows": 1, "Plan Width": 74, "Actual Startup Time": 59481.117, "Actual Total Time": 62604.215, "Actual Rows": 175, "Actual Loops": 1, "Group By Key": ["nation.n_name", "(date_part('year'::text, orders.o_orderdate))"], "Plans": [{"Node Type": "Sort", "Parent Relationship": "Outer", "Startup Cost": 521166.02, "Total Cost": 521166.03, "Plan Rows": 1, "Plan Width": 66, "Actual Startup Time": 59469.211, "Actual Total Time": 60260.928, "Actual Rows": 3256948, "Actual Loops": 1, "Sort Key": ["nation.n_name", "(date_part('year'::text, orders.o_orderdate)) DESC"], "Sort Method": "quicksort", "Sort Space Used": 607203, "Sort Space Type": "Memory", "Plans": [{"Node Type": "Nested Loop", "Parent Relationship": "Outer", "Join Type": "Inner", "Startup Cost": 72600.6, "Total Cost": 521166.01, "Plan Rows": 1, "Plan Width": 66, "Actual Startup Time": 1094.503, "Actual Total Time": 53628.008, "Actual Rows": 3256948, "Actual Loops": 1, "Inner Unique": true, "Plans": [{"Node Type": "Nested Loop", "Parent Relationship": "Outer", "Join Type": "Inner", "Startup Cost": 72600.6, "Total Cost": 521165.73, "Plan Rows": 1, "Plan Width": 44, "Actual Startup Time": 1094.366, "Actual Total Time": 45161.558, "Actual Rows": 3256948, "Actual Loops": 1, "Inner Unique": true, "Plans": [{"Node Type": "Nested Loop", "Parent Relationship": "Outer", "Join Type": "Inner", "Startup Cost": 72600.6, "Total Cost": 521165.43, "Plan Rows": 1, "Plan Width": 44, "Actual Startup Time": 1094.34, "Actual Total Time": 18317.543, "Actual Rows": 3256948, "Actual Loops": 1, "Inner Unique": false, "Join Filter": "(supplier.s_suppkey = lineitem.l_suppkey)", "Rows Removed by Join Filter": 0, "Plans": [{"Node Type": "Hash Join", "Parent Relationship": "Outer", "Join Type": "Inner", "Startup Cost": 72600.6, "Total Cost": 377416.42, "Plan Rows": 125630, "Plan Width": 44, "Actual Startup Time": 1094.281, "Actual Total Time": 6180.496, "Actual Rows": 434204, "Actual Loops": 1, "Inner Unique": true, "Hash Cond": "(partsupp.ps_suppkey = supplier.s_suppkey), (LLVM Optimized, Jit Execute)", "Plans": [{"Node Type": "Hash Join", "Parent Relationship": "Outer", "Join Type": "Inner", "Startup Cost": 68067.6, "Total Cost": 370653.38, "Plan Rows": 259666, "Plan Width": 32, "Actual Startup Time": 1031.172, "Actual Total Time": 5716.645, "Actual Rows": 434204, "Actual Loops": 1, "Inner Unique": true, "Hash Cond": "(partsupp.ps_partkey = part.p_partkey), (LLVM Optimized, Jit Execute)", "Plans": [{"Node Type": "Seq Scan", "Parent Relationship": "Outer", "Relation Name": "partsupp", "Alias": "partsupp", "Startup Cost": 0.0, "Total Cost": 269987.72, "Plan Rows": 8000372, "Plan Width": 24, "Actual Startup Time": 0.013, "Actual Total Time": 2512.445, "Actual Rows": 8000000, "Actual Loops": 1}, {"Node Type": "Hash", "Parent Relationship": "Inner", "Startup Cost": 66944.0, "Total Cost": 66944.0, "Plan Rows": 89888, "Plan Width": 8, "Actual Startup Time": 1031.014, "Actual Total Time": 1031.014, "Actual Rows": 108551, "Actual Loops": 1, "Hash Buckets": 131072, "Hash Batches": 1, "Original Hash Batches": 1, "Peak Memory Usage": 4241, "Plans": [{"Node Type": "Seq Scan", "Parent Relationship": "Outer", "Relation Name": "part", "Alias": "part", "Startup Cost": 0.0, "Total Cost": 66944.0, "Plan Rows": 89888, "Plan Width": 8, "Actual Startup Time": 0.047, "Actual Total Time": 992.378, "Actual Rows": 108551, "Actual Loops": 1, "Filter": "((p_name)::text ~~ '%dim%'::text)", "Rows Removed by Filter": 1891449}]}]}, {"Node Type": "Hash", "Parent Relationship": "Inner", "Startup Cost": 3283.0, "Total Cost": 3283.0, "Plan Rows": 100000, "Plan Width": 12, "Actual Startup Time": 62.997, "Actual Total Time": 62.997, "Actual Rows": 100000, "Actual Loops": 1, "Hash Buckets": 131072, "Hash Batches": 1, "Original Hash Batches": 1, "Peak Memory Usage": 4297, "Plans": [{"Node Type": "Seq Scan", "Parent Relationship": "Outer", "Relation Name": "supplier", "Alias": "supplier", "Startup Cost": 0.0, "Total Cost": 3283.0, "Plan Rows": 100000, "Plan Width": 12, "Actual Startup Time": 0.026, "Actual Total Time": 35.878, "Actual Rows": 100000, "Actual Loops": 1}]}]}, {"Node Type": "Index Scan", "Parent Relationship": "Inner", "Scan Direction": "Forward", "Index Name": "idx_lineitem_part_supp", "Relation Name": "lineitem", "Alias": "lineitem", "Startup Cost": 0.0, "Total Cost": 1.13, "Plan Rows": 1, "Plan Width": 48, "Actual Startup Time": 3039.434, "Actual Total Time": 10513.781, "Actual Rows": 3256948, "Actual Loops": 434204, "Index Cond": "((l_partkey = partsupp.ps_partkey) AND (l_suppkey = partsupp.ps_suppkey))", "Rows Removed by Index Recheck": 0}]}, {"Node Type": "Index Scan", "Parent Relationship": "Inner", "Scan Direction": "Forward", "Index Name": "orders_pkey", "Relation Name": "orders", "Alias": "orders", "Startup Cost": 0.0, "Total Cost": 0.29, "Plan Rows": 1, "Plan Width": 16, "Actual Startup Time": 24113.79, "Actual Total Time": 24113.79, "Actual Rows": 3256948, "Actual Loops": 3256948, "Index Cond": "(o_orderkey = lineitem.l_orderkey)", "Rows Removed by Index Recheck": 0}]}, {"Node Type": "Index Scan", "Parent Relationship": "Inner", "Scan Direction": "Forward", "Index Name": "nation_pkey", "Relation Name": "nation", "Alias": "nation", "Startup Cost": 0.0, "Total Cost": 0.27, "Plan Rows": 1, "Plan Width": 30, "Actual Startup Time": 4504.283, "Actual Total Time": 4504.283, "Actual Rows": 3256948, "Actual Loops": 3256948, "Index Cond": "(n_nationkey = supplier.s_nationkey)", "Rows Removed by Index Recheck": 0}]}]}]}, "Triggers": [], "Planner Runtime": 30.255, "Total Runtime": 62619.904, "Unique SQL Id": 3628361425}}, "(1, 73)": {"explain_plan": {"Plan": {"Node Type": "Aggregate", "Strategy": "Sorted", "Startup Cost": 701189.48, "Total Cost": 701189.52, "Plan Rows": 1, "Plan Width": 74, "Group By Key": ["nation.n_name", "(date_part('year'::text, orders.o_orderdate))"], "Plans": [{"Node Type": "Sort", "Parent Relationship": "Outer", "Startup Cost": 701189.48, "Total Cost": 701189.49, "Plan Rows": 1, "Plan Width": 66, "Sort Key": ["nation.n_name", "(date_part('year'::text, orders.o_orderdate)) DESC"], "Plans": [{"Node Type": "Nested Loop", "Parent Relationship": "Outer", "Join Type": "Inner", "Startup Cost": 6584.54, "Total Cost": 701189.47, "Plan Rows": 1, "Plan Width": 66, "Inner Unique": true, "Plans": [{"Node Type": "Nested Loop", "Parent Relationship": "Outer", "Join Type": "Inner", "Startup Cost": 6584.54, "Total Cost": 701189.19, "Plan Rows": 1, "Plan Width": 44, "Inner Unique": true, "Plans": [{"Node Type": "Nested Loop", "Parent Relationship": "Outer", "Join Type": "Inner", "Startup Cost": 6584.54, "Total Cost": 701188.89, "Plan Rows": 1, "Plan Width": 44, "Inner Unique": false, "Join Filter": "(supplier.s_suppkey = lineitem.l_suppkey)", "Plans": [{"Node Type": "Hash Join", "Parent Relationship": "Outer", "Join Type": "Inner", "Startup Cost": 6584.54, "Total Cost": 557439.88, "Plan Rows": 125630, "Plan Width": 44, "Inner Unique": true, "Hash Cond": "(partsupp.ps_suppkey = supplier.s_suppkey), (LLVM Optimized)", "Plans": [{"Node Type": "Nested Loop", "Parent Relationship": "Outer", "Join Type": "Inner", "Startup Cost": 0.0, "Total Cost": 548625.29, "Plan Rows": 259666, "Plan Width": 32, "Inner Unique": false, "Plans": [{"Node Type": "Index Scan", "Parent Relationship": "Outer", "Scan Direction": "Forward", "Index Name": "part_kpey", "Relation Name": "part", "Alias": "part", "Startup Cost": 0.0, "Total Cost": 105803.25, "Plan Rows": 89888, "Plan Width": 8, "Filter": "((p_name)::text ~~ '%dim%'::text)"}, {"Node Type": "Index Scan", "Parent Relationship": "Inner", "Scan Direction": "Forward", "Index Name": "idx_partsupp_partkey", "Relation Name": "partsupp", "Alias": "partsupp", "Startup Cost": 0.0, "Total Cost": 4.9, "Plan Rows": 3, "Plan Width": 24, "Index Cond": "(ps_partkey = part.p_partkey)"}]}, {"Node Type": "Hash", "Parent Relationship": "Inner", "Startup Cost": 5334.54, "Total Cost": 5334.54, "Plan Rows": 100000, "Plan Width": 12, "Plans": [{"Node Type": "Index Scan", "Parent Relationship": "Outer", "Scan Direction": "Forward", "Index Name": "supplier_pkey", "Relation Name": "supplier", "Alias": "supplier", "Startup Cost": 0.0, "Total Cost": 5334.54, "Plan Rows": 100000, "Plan Width": 12}]}]}, {"Node Type": "Index Scan", "Parent Relationship": "Inner", "Scan Direction": "Forward", "Index Name": "idx_lineitem_part_supp", "Relation Name": "lineitem", "Alias": "lineitem", "Startup Cost": 0.0, "Total Cost": 1.13, "Plan Rows": 1, "Plan Width": 48, "Index Cond": "((l_partkey = partsupp.ps_partkey) AND (l_suppkey = partsupp.ps_suppkey))"}]}, {"Node Type": "Index Scan", "Parent Relationship": "Inner", "Scan Direction": "Forward", "Index Name": "orders_pkey", "Relation Name": "orders", "Alias": "orders", "Startup Cost": 0.0, "Total Cost": 0.29, "Plan Rows": 1, "Plan Width": 16, "Index Cond": "(o_orderkey = lineitem.l_orderkey)"}]}, {"Node Type": "Index Scan", "Parent Relationship": "Inner", "Scan Direction": "Forward", "Index Name": "nation_pkey", "Relation Name": "nation", "Alias": "nation", "Startup Cost": 0.0, "Total Cost": 0.27, "Plan Rows": 1, "Plan Width": 30, "Index Cond": "(n_nationkey = supplier.s_nationkey)"}]}]}]}, "Unique SQL Id": 3628361425}, "explain_analyze_plan": {"Plan": {"Node Type": "Aggregate", "Strategy": "Sorted", "Startup Cost": 701189.48, "Total Cost": 701189.52, "Plan Rows": 1, "Plan Width": 74, "Actual Startup Time": 57927.603, "Actual Total Time": 60887.2, "Actual Rows": 175, "Actual Loops": 1, "Group By Key": ["nation.n_name", "(date_part('year'::text, orders.o_orderdate))"], "Plans": [{"Node Type": "Sort", "Parent Relationship": "Outer", "Startup Cost": 701189.48, "Total Cost": 701189.49, "Plan Rows": 1, "Plan Width": 66, "Actual Startup Time": 57917.052, "Actual Total Time": 58585.336, "Actual Rows": 3256948, "Actual Loops": 1, "Sort Key": ["nation.n_name", "(date_part('year'::text, orders.o_orderdate)) DESC"], "Sort Method": "quicksort", "Sort Space Used": 607203, "Sort Space Type": "Memory", "Plans": [{"Node Type": "Nested Loop", "Parent Relationship": "Outer", "Join Type": "Inner", "Startup Cost": 6584.54, "Total Cost": 701189.47, "Plan Rows": 1, "Plan Width": 66, "Actual Startup Time": 88.208, "Actual Total Time": 52379.794, "Actual Rows": 3256948, "Actual Loops": 1, "Inner Unique": true, "Plans": [{"Node Type": "Nested Loop", "Parent Relationship": "Outer", "Join Type": "Inner", "Startup Cost": 6584.54, "Total Cost": 701189.19, "Plan Rows": 1, "Plan Width": 44, "Actual Startup Time": 88.176, "Actual Total Time": 43642.973, "Actual Rows": 3256948, "Actual Loops": 1, "Inner Unique": true, "Plans": [{"Node Type": "Nested Loop", "Parent Relationship": "Outer", "Join Type": "Inner", "Startup Cost": 6584.54, "Total Cost": 701188.89, "Plan Rows": 1, "Plan Width": 44, "Actual Startup Time": 88.16, "Actual Total Time": 15982.385, "Actual Rows": 3256948, "Actual Loops": 1, "Inner Unique": false, "Join Filter": "(supplier.s_suppkey = lineitem.l_suppkey)", "Rows Removed by Join Filter": 0, "Plans": [{"Node Type": "Hash Join", "Parent Relationship": "Outer", "Join Type": "Inner", "Startup Cost": 6584.54, "Total Cost": 557439.88, "Plan Rows": 125630, "Plan Width": 44, "Actual Startup Time": 88.115, "Actual Total Time": 3477.657, "Actual Rows": 434204, "Actual Loops": 1, "Inner Unique": true, "Hash Cond": "(partsupp.ps_suppkey = supplier.s_suppkey), (LLVM Optimized, Jit Execute)", "Plans": [{"Node Type": "Nested Loop", "Parent Relationship": "Outer", "Join Type": "Inner", "Startup Cost": 0.0, "Total Cost": 548625.29, "Plan Rows": 259666, "Plan Width": 32, "Actual Startup Time": 0.091, "Actual Total Time": 2926.915, "Actual Rows": 434204, "Actual Loops": 1, "Inner Unique": false, "Plans": [{"Node Type": "Index Scan", "Parent Relationship": "Outer", "Scan Direction": "Forward", "Index Name": "part_kpey", "Relation Name": "part", "Alias": "part", "Startup Cost": 0.0, "Total Cost": 105803.25, "Plan Rows": 89888, "Plan Width": 8, "Actual Startup Time": 0.065, "Actual Total Time": 1746.869, "Actual Rows": 108551, "Actual Loops": 1, "Filter": "((p_name)::text ~~ '%dim%'::text)", "Rows Removed by Filter": 1891449}, {"Node Type": "Index Scan", "Parent Relationship": "Inner", "Scan Direction": "Forward", "Index Name": "idx_partsupp_partkey", "Relation Name": "partsupp", "Alias": "partsupp", "Startup Cost": 0.0, "Total Cost": 4.9, "Plan Rows": 3, "Plan Width": 24, "Actual Startup Time": 667.283, "Actual Total Time": 976.149, "Actual Rows": 434204, "Actual Loops": 108551, "Index Cond": "(ps_partkey = part.p_partkey)", "Rows Removed by Index Recheck": 0}]}, {"Node Type": "Hash", "Parent Relationship": "Inner", "Startup Cost": 5334.54, "Total Cost": 5334.54, "Plan Rows": 100000, "Plan Width": 12, "Actual Startup Time": 87.877, "Actual Total Time": 87.877, "Actual Rows": 100000, "Actual Loops": 1, "Hash Buckets": 131072, "Hash Batches": 1, "Original Hash Batches": 1, "Peak Memory Usage": 4297, "Plans": [{"Node Type": "Index Scan", "Parent Relationship": "Outer", "Scan Direction": "Forward", "Index Name": "supplier_pkey", "Relation Name": "supplier", "Alias": "supplier", "Startup Cost": 0.0, "Total Cost": 5334.54, "Plan Rows": 100000, "Plan Width": 12, "Actual Startup Time": 0.025, "Actual Total Time": 60.048, "Actual Rows": 100000, "Actual Loops": 1}]}]}, {"Node Type": "Index Scan", "Parent Relationship": "Inner", "Scan Direction": "Forward", "Index Name": "idx_lineitem_part_supp", "Relation Name": "lineitem", "Alias": "lineitem", "Startup Cost": 0.0, "Total Cost": 1.13, "Plan Rows": 1, "Plan Width": 48, "Actual Startup Time": 3121.867, "Actual Total Time": 10833.853, "Actual Rows": 3256948, "Actual Loops": 434204, "Index Cond": "((l_partkey = partsupp.ps_partkey) AND (l_suppkey = partsupp.ps_suppkey))", "Rows Removed by Index Recheck": 0}]}, {"Node Type": "Index Scan", "Parent Relationship": "Inner", "Scan Direction": "Forward", "Index Name": "orders_pkey", "Relation Name": "orders", "Alias": "orders", "Startup Cost": 0.0, "Total Cost": 0.29, "Plan Rows": 1, "Plan Width": 16, "Actual Startup Time": 24891.296, "Actual Total Time": 24891.296, "Actual Rows": 3256948, "Actual Loops": 3256948, "Index Cond": "(o_orderkey = lineitem.l_orderkey)", "Rows Removed by Index Recheck": 0}]}, {"Node Type": "Index Scan", "Parent Relationship": "Inner", "Scan Direction": "Forward", "Index Name": "nation_pkey", "Relation Name": "nation", "Alias": "nation", "Startup Cost": 0.0, "Total Cost": 0.27, "Plan Rows": 1, "Plan Width": 30, "Actual Startup Time": 4701.479, "Actual Total Time": 4701.479, "Actual Rows": 3256948, "Actual Loops": 3256948, "Index Cond": "(n_nationkey = supplier.s_nationkey)", "Rows Removed by Index Recheck": 0}]}]}]}, "Triggers": [], "Planner Runtime": 29.635, "Total Runtime": 60901.785, "Unique SQL Id": 3628361425}}, "(1, 74)": {"explain_plan": {"Plan": {"Node Type": "Aggregate", "Strategy": "Sorted", "Startup Cost": 3188400.27, "Total Cost": 3188400.31, "Plan Rows": 1, "Plan Width": 74, "Group By Key": ["nation.n_name", "(date_part('year'::text, orders.o_orderdate))"], "Plans": [{"Node Type": "Sort", "Parent Relationship": "Outer", "Startup Cost": 3188400.27, "Total Cost": 3188400.28, "Plan Rows": 1, "Plan Width": 66, "Sort Key": ["nation.n_name", "(date_part('year'::text, orders.o_orderdate)) DESC"], "Plans": [{"Node Type": "Hash Join", "Parent Relationship": "Outer", "Join Type": "Inner", "Startup Cost": 2705738.4, "Total Cost": 3188400.26, "Plan Rows": 1, "Plan Width": 66, "Inner Unique": true, "Hash Cond": "(supplier.s_nationkey = nation.n_nationkey)", "Plans": [{"Node Type": "Hash Join", "Parent Relationship": "Outer", "Join Type": "Inner", "Startup Cost": 2705736.84, "Total Cost": 3188398.68, "Plan Rows": 1, "Plan Width": 44, "Inner Unique": false, "Hash Cond": "(orders.o_orderkey = lineitem.l_orderkey)", "Plans": [{"Node Type": "Seq Scan", "Parent Relationship": "Outer", "Relation Name": "orders", "Alias": "orders", "Startup Cost": 0.0, "Total Cost": 426413.79, "Plan Rows": 14999479, "Plan Width": 16}, {"Node Type": "Hash", "Parent Relationship": "Inner", "Startup Cost": 2705736.82, "Total Cost": 2705736.82, "Plan Rows": 1, "Plan Width": 44, "Plans": [{"Node Type": "Hash Join", "Parent Relationship": "Outer", "Join Type": "Inner", "Startup Cost": 406202.19, "Total Cost": 2705736.82, "Plan Rows": 1, "Plan Width": 44, "Inner Unique": false, "Hash Cond": "((lineitem.l_suppkey = partsupp.ps_suppkey) AND (lineitem.l_partkey = partsupp.ps_partkey))", "Plans": [{"Node Type": "Hash Join", "Parent Relationship": "Outer", "Join Type": "Inner", "Startup Cost": 68067.6, "Total Cost": 2313089.96, "Plan Rows": 495566, "Plan Width": 56, "Inner Unique": true, "Hash Cond": "(lineitem.l_partkey = part.p_partkey), (LLVM Optimized)", "Plans": [{"Node Type": "Seq Scan", "Parent Relationship": "Outer", "Relation Name": "lineitem", "Alias": "lineitem", "Startup Cost": 0.0, "Total Cost": 2015115.33, "Plan Rows": 59987033, "Plan Width": 48}, {"Node Type": "Hash", "Parent Relationship": "Inner", "Startup Cost": 66944.0, "Total Cost": 66944.0, "Plan Rows": 89888, "Plan Width": 8, "Plans": [{"Node Type": "Seq Scan", "Parent Relationship": "Outer", "Relation Name": "part", "Alias": "part", "Startup Cost": 0.0, "Total Cost": 66944.0, "Plan Rows": 89888, "Plan Width": 8, "Filter": "((p_name)::text ~~ '%dim%'::text)"}]}]}, {"Node Type": "Hash", "Parent Relationship": "Inner", "Startup Cost": 317967.1, "Total Cost": 317967.1, "Plan Rows": 1344499, "Plan Width": 36, "Plans": [{"Node Type": "Hash Join", "Parent Relationship": "Outer", "Join Type": "Inner", "Startup Cost": 4533.0, "Total Cost": 317967.1, "Plan Rows": 1344499, "Plan Width": 36, "Inner Unique": true, "Hash Cond": "(partsupp.ps_suppkey = supplier.s_suppkey), (LLVM Optimized)", "Plans": [{"Node Type": "Seq Scan", "Parent Relationship": "Outer", "Relation Name": "partsupp", "Alias": "partsupp", "Startup Cost": 0.0, "Total Cost": 269987.72, "Plan Rows": 8000372, "Plan Width": 24}, {"Node Type": "Hash", "Parent Relationship": "Inner", "Startup Cost": 3283.0, "Total Cost": 3283.0, "Plan Rows": 100000, "Plan Width": 12, "Plans": [{"Node Type": "Seq Scan", "Parent Relationship": "Outer", "Relation Name": "supplier", "Alias": "supplier", "Startup Cost": 0.0, "Total Cost": 3283.0, "Plan Rows": 100000, "Plan Width": 12}]}]}]}]}]}]}, {"Node Type": "Hash", "Parent Relationship": "Inner", "Startup Cost": 1.25, "Total Cost": 1.25, "Plan Rows": 25, "Plan Width": 30, "Plans": [{"Node Type": "Seq Scan", "Parent Relationship": "Outer", "Relation Name": "nation", "Alias": "nation", "Startup Cost": 0.0, "Total Cost": 1.25, "Plan Rows": 25, "Plan Width": 30}]}]}]}]}, "Unique SQL Id": 3628361425}, "explain_analyze_plan": null}, "(1, 75)": {"explain_plan": {"Plan": {"Node Type": "Aggregate", "Strategy": "Sorted", "Startup Cost": 6000828275431.98, "Total Cost": 6000828275432.02, "Plan Rows": 1, "Plan Width": 74, "Group By Key": ["nation.n_name", "(date_part('year'::text, orders.o_orderdate))"], "Plans": [{"Node Type": "Sort", "Parent Relationship": "Outer", "Startup Cost": 6000828275431.98, "Total Cost": 6000828275431.99, "Plan Rows": 1, "Plan Width": 66, "Sort Key": ["nation.n_name", "(date_part('year'::text, orders.o_orderdate)) DESC"], "Plans": [{"Node Type": "Nested Loop", "Parent Relationship": "Outer", "Join Type": "Inner", "Startup Cost": 1050079983415.84, "Total Cost": 6000828275431.97, "Plan Rows": 1, "Plan Width": 66, "Inner Unique": true, "Plans": [{"Node Type": "Nested Loop", "Parent Relationship": "Outer", "Join Type": "Inner", "Startup Cost": 1040079983415.84, "Total Cost": 5000828275404.95, "Plan Rows": 1, "Plan Width": 44, "Inner Unique": true, "Plans": [{"Node Type": "Hash Join", "Parent Relationship": "Outer", "Join Type": "Inner", "Startup Cost": 1030079983415.84, "Total Cost": 4000828275375.71, "Plan Rows": 1, "Plan Width": 44, "Inner Unique": true, "Hash Cond": "(lineitem.l_suppkey = supplier.s_suppkey)", "Plans": [{"Node Type": "Merge Join", "Parent Relationship": "Outer", "Join Type": "Inner", "Startup Cost": 30079448711.46, "Total Cost": 3000827740671.31, "Plan Rows": 2, "Plan Width": 56, "Inner Unique": true, "Merge Cond": "((lineitem.l_partkey = partsupp.ps_partkey) AND (lineitem.l_suppkey = partsupp.ps_suppkey))", "Plans": [{"Node Type": "Merge Join", "Parent Relationship": "Outer", "Join Type": "Inner", "Startup Cost": 20044055294.66, "Total Cost": 2000775115222.05, "Plan Rows": 495566, "Plan Width": 56, "Inner Unique": true, "Merge Cond": "(lineitem.l_partkey = part.p_partkey)", "Plans": [{"Node Type": "Index Scan", "Parent Relationship": "Outer", "Scan Direction": "Forward", "Index Name": "idx_lineitem_part_supp", "Relation Name": "lineitem", "Alias": "lineitem", "Startup Cost": 10000000000.0, "Total Cost": 1000775391319.64, "Plan Rows": 59987033, "Plan Width": 48}, {"Node Type": "Materialize", "Parent Relationship": "Inner", "Startup Cost": 10000000000.0, "Total Cost": 1000010580549.72, "Plan Rows": 89888, "Plan Width": 8, "Plans": [{"Node Type": "Index Scan", "Parent Relationship": "Outer", "Scan Direction": "Forward", "Index Name": "part_kpey", "Relation Name": "part", "Alias": "part", "Startup Cost": 10000000000.0, "Total Cost": 1000010580325.0, "Plan Rows": 89888, "Plan Width": 8, "Filter": "((p_name)::text ~~ '%dim%'::text)"}]}]}, {"Node Type": "Index Scan", "Parent Relationship": "Inner", "Scan Direction": "Forward", "Index Name": "partsupp_pkey", "Relation Name": "partsupp", "Alias": "partsupp", "Startup Cost": 10000000000.0, "Total Cost": 1000071640963.22, "Plan Rows": 8000372, "Plan Width": 24}]}, {"Node Type": "Hash", "Parent Relationship": "Inner", "Startup Cost": 1000000533454.38, "Total Cost": 1000000533454.38, "Plan Rows": 100000, "Plan Width": 12, "Plans": [{"Node Type": "Index Scan", "Parent Relationship": "Outer", "Scan Direction": "Forward", "Index Name": "supplier_pkey", "Relation Name": "supplier", "Alias": "supplier", "Startup Cost": 10000000000.0, "Total Cost": 1000000533454.38, "Plan Rows": 100000, "Plan Width": 12}]}]}, {"Node Type": "Index Scan", "Parent Relationship": "Inner", "Scan Direction": "Forward", "Index Name": "orders_pkey", "Relation Name": "orders", "Alias": "orders", "Startup Cost": 10000000000.0, "Total Cost": 1000000000029.23, "Plan Rows": 1, "Plan Width": 16, "Index Cond": "(o_orderkey = lineitem.l_orderkey)"}]}, {"Node Type": "Index Scan", "Parent Relationship": "Inner", "Scan Direction": "Forward", "Index Name": "nation_pkey", "Relation Name": "nation", "Alias": "nation", "Startup Cost": 10000000000.0, "Total Cost": 1000000000027.01, "Plan Rows": 1, "Plan Width": 30, "Index Cond": "(n_nationkey = supplier.s_nationkey)"}]}]}]}, "Unique SQL Id": 3628361425}, "explain_analyze_plan": null}, "(1, 76)": {"explain_plan": {"Plan": {"Node Type": "Aggregate", "Strategy": "Sorted", "Startup Cost": 521166.02, "Total Cost": 521166.06, "Plan Rows": 1, "Plan Width": 74, "Group By Key": ["nation.n_name", "(date_part('year'::text, orders.o_orderdate))"], "Plans": [{"Node Type": "Sort", "Parent Relationship": "Outer", "Startup Cost": 521166.02, "Total Cost": 521166.03, "Plan Rows": 1, "Plan Width": 66, "Sort Key": ["nation.n_name", "(date_part('year'::text, orders.o_orderdate)) DESC"], "Plans": [{"Node Type": "Nested Loop", "Parent Relationship": "Outer", "Join Type": "Inner", "Startup Cost": 72600.6, "Total Cost": 521166.01, "Plan Rows": 1, "Plan Width": 66, "Inner Unique": true, "Plans": [{"Node Type": "Nested Loop", "Parent Relationship": "Outer", "Join Type": "Inner", "Startup Cost": 72600.6, "Total Cost": 521165.73, "Plan Rows": 1, "Plan Width": 44, "Inner Unique": true, "Plans": [{"Node Type": "Nested Loop", "Parent Relationship": "Outer", "Join Type": "Inner", "Startup Cost": 72600.6, "Total Cost": 521165.43, "Plan Rows": 1, "Plan Width": 44, "Inner Unique": false, "Join Filter": "(supplier.s_suppkey = lineitem.l_suppkey)", "Plans": [{"Node Type": "Hash Join", "Parent Relationship": "Outer", "Join Type": "Inner", "Startup Cost": 72600.6, "Total Cost": 377416.42, "Plan Rows": 125630, "Plan Width": 44, "Inner Unique": true, "Hash Cond": "(partsupp.ps_suppkey = supplier.s_suppkey), (LLVM Optimized)", "Plans": [{"Node Type": "Hash Join", "Parent Relationship": "Outer", "Join Type": "Inner", "Startup Cost": 68067.6, "Total Cost": 370653.38, "Plan Rows": 259666, "Plan Width": 32, "Inner Unique": true, "Hash Cond": "(partsupp.ps_partkey = part.p_partkey), (LLVM Optimized)", "Plans": [{"Node Type": "Seq Scan", "Parent Relationship": "Outer", "Relation Name": "partsupp", "Alias": "partsupp", "Startup Cost": 0.0, "Total Cost": 269987.72, "Plan Rows": 8000372, "Plan Width": 24}, {"Node Type": "Hash", "Parent Relationship": "Inner", "Startup Cost": 66944.0, "Total Cost": 66944.0, "Plan Rows": 89888, "Plan Width": 8, "Plans": [{"Node Type": "Seq Scan", "Parent Relationship": "Outer", "Relation Name": "part", "Alias": "part", "Startup Cost": 0.0, "Total Cost": 66944.0, "Plan Rows": 89888, "Plan Width": 8, "Filter": "((p_name)::text ~~ '%dim%'::text)"}]}]}, {"Node Type": "Hash", "Parent Relationship": "Inner", "Startup Cost": 3283.0, "Total Cost": 3283.0, "Plan Rows": 100000, "Plan Width": 12, "Plans": [{"Node Type": "Seq Scan", "Parent Relationship": "Outer", "Relation Name": "supplier", "Alias": "supplier", "Startup Cost": 0.0, "Total Cost": 3283.0, "Plan Rows": 100000, "Plan Width": 12}]}]}, {"Node Type": "Index Scan", "Parent Relationship": "Inner", "Scan Direction": "Forward", "Index Name": "idx_lineitem_part_supp", "Relation Name": "lineitem", "Alias": "lineitem", "Startup Cost": 0.0, "Total Cost": 1.13, "Plan Rows": 1, "Plan Width": 48, "Index Cond": "((l_partkey = partsupp.ps_partkey) AND (l_suppkey = partsupp.ps_suppkey))"}]}, {"Node Type": "Index Scan", "Parent Relationship": "Inner", "Scan Direction": "Forward", "Index Name": "orders_pkey", "Relation Name": "orders", "Alias": "orders", "Startup Cost": 0.0, "Total Cost": 0.29, "Plan Rows": 1, "Plan Width": 16, "Index Cond": "(o_orderkey = lineitem.l_orderkey)"}]}, {"Node Type": "Index Scan", "Parent Relationship": "Inner", "Scan Direction": "Forward", "Index Name": "nation_pkey", "Relation Name": "nation", "Alias": "nation", "Startup Cost": 0.0, "Total Cost": 0.27, "Plan Rows": 1, "Plan Width": 30, "Index Cond": "(n_nationkey = supplier.s_nationkey)"}]}]}]}, "Unique SQL Id": 3628361425}, "explain_analyze_plan": {"Plan": {"Node Type": "Aggregate", "Strategy": "Sorted", "Startup Cost": 521166.02, "Total Cost": 521166.06, "Plan Rows": 1, "Plan Width": 74, "Actual Startup Time": 59481.117, "Actual Total Time": 62604.215, "Actual Rows": 175, "Actual Loops": 1, "Group By Key": ["nation.n_name", "(date_part('year'::text, orders.o_orderdate))"], "Plans": [{"Node Type": "Sort", "Parent Relationship": "Outer", "Startup Cost": 521166.02, "Total Cost": 521166.03, "Plan Rows": 1, "Plan Width": 66, "Actual Startup Time": 59469.211, "Actual Total Time": 60260.928, "Actual Rows": 3256948, "Actual Loops": 1, "Sort Key": ["nation.n_name", "(date_part('year'::text, orders.o_orderdate)) DESC"], "Sort Method": "quicksort", "Sort Space Used": 607203, "Sort Space Type": "Memory", "Plans": [{"Node Type": "Nested Loop", "Parent Relationship": "Outer", "Join Type": "Inner", "Startup Cost": 72600.6, "Total Cost": 521166.01, "Plan Rows": 1, "Plan Width": 66, "Actual Startup Time": 1094.503, "Actual Total Time": 53628.008, "Actual Rows": 3256948, "Actual Loops": 1, "Inner Unique": true, "Plans": [{"Node Type": "Nested Loop", "Parent Relationship": "Outer", "Join Type": "Inner", "Startup Cost": 72600.6, "Total Cost": 521165.73, "Plan Rows": 1, "Plan Width": 44, "Actual Startup Time": 1094.366, "Actual Total Time": 45161.558, "Actual Rows": 3256948, "Actual Loops": 1, "Inner Unique": true, "Plans": [{"Node Type": "Nested Loop", "Parent Relationship": "Outer", "Join Type": "Inner", "Startup Cost": 72600.6, "Total Cost": 521165.43, "Plan Rows": 1, "Plan Width": 44, "Actual Startup Time": 1094.34, "Actual Total Time": 18317.543, "Actual Rows": 3256948, "Actual Loops": 1, "Inner Unique": false, "Join Filter": "(supplier.s_suppkey = lineitem.l_suppkey)", "Rows Removed by Join Filter": 0, "Plans": [{"Node Type": "Hash Join", "Parent Relationship": "Outer", "Join Type": "Inner", "Startup Cost": 72600.6, "Total Cost": 377416.42, "Plan Rows": 125630, "Plan Width": 44, "Actual Startup Time": 1094.281, "Actual Total Time": 6180.496, "Actual Rows": 434204, "Actual Loops": 1, "Inner Unique": true, "Hash Cond": "(partsupp.ps_suppkey = supplier.s_suppkey), (LLVM Optimized, Jit Execute)", "Plans": [{"Node Type": "Hash Join", "Parent Relationship": "Outer", "Join Type": "Inner", "Startup Cost": 68067.6, "Total Cost": 370653.38, "Plan Rows": 259666, "Plan Width": 32, "Actual Startup Time": 1031.172, "Actual Total Time": 5716.645, "Actual Rows": 434204, "Actual Loops": 1, "Inner Unique": true, "Hash Cond": "(partsupp.ps_partkey = part.p_partkey), (LLVM Optimized, Jit Execute)", "Plans": [{"Node Type": "Seq Scan", "Parent Relationship": "Outer", "Relation Name": "partsupp", "Alias": "partsupp", "Startup Cost": 0.0, "Total Cost": 269987.72, "Plan Rows": 8000372, "Plan Width": 24, "Actual Startup Time": 0.013, "Actual Total Time": 2512.445, "Actual Rows": 8000000, "Actual Loops": 1}, {"Node Type": "Hash", "Parent Relationship": "Inner", "Startup Cost": 66944.0, "Total Cost": 66944.0, "Plan Rows": 89888, "Plan Width": 8, "Actual Startup Time": 1031.014, "Actual Total Time": 1031.014, "Actual Rows": 108551, "Actual Loops": 1, "Hash Buckets": 131072, "Hash Batches": 1, "Original Hash Batches": 1, "Peak Memory Usage": 4241, "Plans": [{"Node Type": "Seq Scan", "Parent Relationship": "Outer", "Relation Name": "part", "Alias": "part", "Startup Cost": 0.0, "Total Cost": 66944.0, "Plan Rows": 89888, "Plan Width": 8, "Actual Startup Time": 0.047, "Actual Total Time": 992.378, "Actual Rows": 108551, "Actual Loops": 1, "Filter": "((p_name)::text ~~ '%dim%'::text)", "Rows Removed by Filter": 1891449}]}]}, {"Node Type": "Hash", "Parent Relationship": "Inner", "Startup Cost": 3283.0, "Total Cost": 3283.0, "Plan Rows": 100000, "Plan Width": 12, "Actual Startup Time": 62.997, "Actual Total Time": 62.997, "Actual Rows": 100000, "Actual Loops": 1, "Hash Buckets": 131072, "Hash Batches": 1, "Original Hash Batches": 1, "Peak Memory Usage": 4297, "Plans": [{"Node Type": "Seq Scan", "Parent Relationship": "Outer", "Relation Name": "supplier", "Alias": "supplier", "Startup Cost": 0.0, "Total Cost": 3283.0, "Plan Rows": 100000, "Plan Width": 12, "Actual Startup Time": 0.026, "Actual Total Time": 35.878, "Actual Rows": 100000, "Actual Loops": 1}]}]}, {"Node Type": "Index Scan", "Parent Relationship": "Inner", "Scan Direction": "Forward", "Index Name": "idx_lineitem_part_supp", "Relation Name": "lineitem", "Alias": "lineitem", "Startup Cost": 0.0, "Total Cost": 1.13, "Plan Rows": 1, "Plan Width": 48, "Actual Startup Time": 3039.434, "Actual Total Time": 10513.781, "Actual Rows": 3256948, "Actual Loops": 434204, "Index Cond": "((l_partkey = partsupp.ps_partkey) AND (l_suppkey = partsupp.ps_suppkey))", "Rows Removed by Index Recheck": 0}]}, {"Node Type": "Index Scan", "Parent Relationship": "Inner", "Scan Direction": "Forward", "Index Name": "orders_pkey", "Relation Name": "orders", "Alias": "orders", "Startup Cost": 0.0, "Total Cost": 0.29, "Plan Rows": 1, "Plan Width": 16, "Actual Startup Time": 24113.79, "Actual Total Time": 24113.79, "Actual Rows": 3256948, "Actual Loops": 3256948, "Index Cond": "(o_orderkey = lineitem.l_orderkey)", "Rows Removed by Index Recheck": 0}]}, {"Node Type": "Index Scan", "Parent Relationship": "Inner", "Scan Direction": "Forward", "Index Name": "nation_pkey", "Relation Name": "nation", "Alias": "nation", "Startup Cost": 0.0, "Total Cost": 0.27, "Plan Rows": 1, "Plan Width": 30, "Actual Startup Time": 4504.283, "Actual Total Time": 4504.283, "Actual Rows": 3256948, "Actual Loops": 3256948, "Index Cond": "(n_nationkey = supplier.s_nationkey)", "Rows Removed by Index Recheck": 0}]}]}]}, "Triggers": [], "Planner Runtime": 30.255, "Total Runtime": 62619.904, "Unique SQL Id": 3628361425}}, "(1, 77)": {"explain_plan": {"Plan": {"Node Type": "Aggregate", "Strategy": "Sorted", "Startup Cost": 701189.48, "Total Cost": 701189.52, "Plan Rows": 1, "Plan Width": 74, "Group By Key": ["nation.n_name", "(date_part('year'::text, orders.o_orderdate))"], "Plans": [{"Node Type": "Sort", "Parent Relationship": "Outer", "Startup Cost": 701189.48, "Total Cost": 701189.49, "Plan Rows": 1, "Plan Width": 66, "Sort Key": ["nation.n_name", "(date_part('year'::text, orders.o_orderdate)) DESC"], "Plans": [{"Node Type": "Nested Loop", "Parent Relationship": "Outer", "Join Type": "Inner", "Startup Cost": 6584.54, "Total Cost": 701189.47, "Plan Rows": 1, "Plan Width": 66, "Inner Unique": true, "Plans": [{"Node Type": "Nested Loop", "Parent Relationship": "Outer", "Join Type": "Inner", "Startup Cost": 6584.54, "Total Cost": 701189.19, "Plan Rows": 1, "Plan Width": 44, "Inner Unique": true, "Plans": [{"Node Type": "Nested Loop", "Parent Relationship": "Outer", "Join Type": "Inner", "Startup Cost": 6584.54, "Total Cost": 701188.89, "Plan Rows": 1, "Plan Width": 44, "Inner Unique": false, "Join Filter": "(supplier.s_suppkey = lineitem.l_suppkey)", "Plans": [{"Node Type": "Hash Join", "Parent Relationship": "Outer", "Join Type": "Inner", "Startup Cost": 6584.54, "Total Cost": 557439.88, "Plan Rows": 125630, "Plan Width": 44, "Inner Unique": true, "Hash Cond": "(partsupp.ps_suppkey = supplier.s_suppkey), (LLVM Optimized)", "Plans": [{"Node Type": "Nested Loop", "Parent Relationship": "Outer", "Join Type": "Inner", "Startup Cost": 0.0, "Total Cost": 548625.29, "Plan Rows": 259666, "Plan Width": 32, "Inner Unique": false, "Plans": [{"Node Type": "Index Scan", "Parent Relationship": "Outer", "Scan Direction": "Forward", "Index Name": "part_kpey", "Relation Name": "part", "Alias": "part", "Startup Cost": 0.0, "Total Cost": 105803.25, "Plan Rows": 89888, "Plan Width": 8, "Filter": "((p_name)::text ~~ '%dim%'::text)"}, {"Node Type": "Index Scan", "Parent Relationship": "Inner", "Scan Direction": "Forward", "Index Name": "idx_partsupp_partkey", "Relation Name": "partsupp", "Alias": "partsupp", "Startup Cost": 0.0, "Total Cost": 4.9, "Plan Rows": 3, "Plan Width": 24, "Index Cond": "(ps_partkey = part.p_partkey)"}]}, {"Node Type": "Hash", "Parent Relationship": "Inner", "Startup Cost": 5334.54, "Total Cost": 5334.54, "Plan Rows": 100000, "Plan Width": 12, "Plans": [{"Node Type": "Index Scan", "Parent Relationship": "Outer", "Scan Direction": "Forward", "Index Name": "supplier_pkey", "Relation Name": "supplier", "Alias": "supplier", "Startup Cost": 0.0, "Total Cost": 5334.54, "Plan Rows": 100000, "Plan Width": 12}]}]}, {"Node Type": "Index Scan", "Parent Relationship": "Inner", "Scan Direction": "Forward", "Index Name": "idx_lineitem_part_supp", "Relation Name": "lineitem", "Alias": "lineitem", "Startup Cost": 0.0, "Total Cost": 1.13, "Plan Rows": 1, "Plan Width": 48, "Index Cond": "((l_partkey = partsupp.ps_partkey) AND (l_suppkey = partsupp.ps_suppkey))"}]}, {"Node Type": "Index Scan", "Parent Relationship": "Inner", "Scan Direction": "Forward", "Index Name": "orders_pkey", "Relation Name": "orders", "Alias": "orders", "Startup Cost": 0.0, "Total Cost": 0.29, "Plan Rows": 1, "Plan Width": 16, "Index Cond": "(o_orderkey = lineitem.l_orderkey)"}]}, {"Node Type": "Index Scan", "Parent Relationship": "Inner", "Scan Direction": "Forward", "Index Name": "nation_pkey", "Relation Name": "nation", "Alias": "nation", "Startup Cost": 0.0, "Total Cost": 0.27, "Plan Rows": 1, "Plan Width": 30, "Index Cond": "(n_nationkey = supplier.s_nationkey)"}]}]}]}, "Unique SQL Id": 3628361425}, "explain_analyze_plan": {"Plan": {"Node Type": "Aggregate", "Strategy": "Sorted", "Startup Cost": 701189.48, "Total Cost": 701189.52, "Plan Rows": 1, "Plan Width": 74, "Actual Startup Time": 57927.603, "Actual Total Time": 60887.2, "Actual Rows": 175, "Actual Loops": 1, "Group By Key": ["nation.n_name", "(date_part('year'::text, orders.o_orderdate))"], "Plans": [{"Node Type": "Sort", "Parent Relationship": "Outer", "Startup Cost": 701189.48, "Total Cost": 701189.49, "Plan Rows": 1, "Plan Width": 66, "Actual Startup Time": 57917.052, "Actual Total Time": 58585.336, "Actual Rows": 3256948, "Actual Loops": 1, "Sort Key": ["nation.n_name", "(date_part('year'::text, orders.o_orderdate)) DESC"], "Sort Method": "quicksort", "Sort Space Used": 607203, "Sort Space Type": "Memory", "Plans": [{"Node Type": "Nested Loop", "Parent Relationship": "Outer", "Join Type": "Inner", "Startup Cost": 6584.54, "Total Cost": 701189.47, "Plan Rows": 1, "Plan Width": 66, "Actual Startup Time": 88.208, "Actual Total Time": 52379.794, "Actual Rows": 3256948, "Actual Loops": 1, "Inner Unique": true, "Plans": [{"Node Type": "Nested Loop", "Parent Relationship": "Outer", "Join Type": "Inner", "Startup Cost": 6584.54, "Total Cost": 701189.19, "Plan Rows": 1, "Plan Width": 44, "Actual Startup Time": 88.176, "Actual Total Time": 43642.973, "Actual Rows": 3256948, "Actual Loops": 1, "Inner Unique": true, "Plans": [{"Node Type": "Nested Loop", "Parent Relationship": "Outer", "Join Type": "Inner", "Startup Cost": 6584.54, "Total Cost": 701188.89, "Plan Rows": 1, "Plan Width": 44, "Actual Startup Time": 88.16, "Actual Total Time": 15982.385, "Actual Rows": 3256948, "Actual Loops": 1, "Inner Unique": false, "Join Filter": "(supplier.s_suppkey = lineitem.l_suppkey)", "Rows Removed by Join Filter": 0, "Plans": [{"Node Type": "Hash Join", "Parent Relationship": "Outer", "Join Type": "Inner", "Startup Cost": 6584.54, "Total Cost": 557439.88, "Plan Rows": 125630, "Plan Width": 44, "Actual Startup Time": 88.115, "Actual Total Time": 3477.657, "Actual Rows": 434204, "Actual Loops": 1, "Inner Unique": true, "Hash Cond": "(partsupp.ps_suppkey = supplier.s_suppkey), (LLVM Optimized, Jit Execute)", "Plans": [{"Node Type": "Nested Loop", "Parent Relationship": "Outer", "Join Type": "Inner", "Startup Cost": 0.0, "Total Cost": 548625.29, "Plan Rows": 259666, "Plan Width": 32, "Actual Startup Time": 0.091, "Actual Total Time": 2926.915, "Actual Rows": 434204, "Actual Loops": 1, "Inner Unique": false, "Plans": [{"Node Type": "Index Scan", "Parent Relationship": "Outer", "Scan Direction": "Forward", "Index Name": "part_kpey", "Relation Name": "part", "Alias": "part", "Startup Cost": 0.0, "Total Cost": 105803.25, "Plan Rows": 89888, "Plan Width": 8, "Actual Startup Time": 0.065, "Actual Total Time": 1746.869, "Actual Rows": 108551, "Actual Loops": 1, "Filter": "((p_name)::text ~~ '%dim%'::text)", "Rows Removed by Filter": 1891449}, {"Node Type": "Index Scan", "Parent Relationship": "Inner", "Scan Direction": "Forward", "Index Name": "idx_partsupp_partkey", "Relation Name": "partsupp", "Alias": "partsupp", "Startup Cost": 0.0, "Total Cost": 4.9, "Plan Rows": 3, "Plan Width": 24, "Actual Startup Time": 667.283, "Actual Total Time": 976.149, "Actual Rows": 434204, "Actual Loops": 108551, "Index Cond": "(ps_partkey = part.p_partkey)", "Rows Removed by Index Recheck": 0}]}, {"Node Type": "Hash", "Parent Relationship": "Inner", "Startup Cost": 5334.54, "Total Cost": 5334.54, "Plan Rows": 100000, "Plan Width": 12, "Actual Startup Time": 87.877, "Actual Total Time": 87.877, "Actual Rows": 100000, "Actual Loops": 1, "Hash Buckets": 131072, "Hash Batches": 1, "Original Hash Batches": 1, "Peak Memory Usage": 4297, "Plans": [{"Node Type": "Index Scan", "Parent Relationship": "Outer", "Scan Direction": "Forward", "Index Name": "supplier_pkey", "Relation Name": "supplier", "Alias": "supplier", "Startup Cost": 0.0, "Total Cost": 5334.54, "Plan Rows": 100000, "Plan Width": 12, "Actual Startup Time": 0.025, "Actual Total Time": 60.048, "Actual Rows": 100000, "Actual Loops": 1}]}]}, {"Node Type": "Index Scan", "Parent Relationship": "Inner", "Scan Direction": "Forward", "Index Name": "idx_lineitem_part_supp", "Relation Name": "lineitem", "Alias": "lineitem", "Startup Cost": 0.0, "Total Cost": 1.13, "Plan Rows": 1, "Plan Width": 48, "Actual Startup Time": 3121.867, "Actual Total Time": 10833.853, "Actual Rows": 3256948, "Actual Loops": 434204, "Index Cond": "((l_partkey = partsupp.ps_partkey) AND (l_suppkey = partsupp.ps_suppkey))", "Rows Removed by Index Recheck": 0}]}, {"Node Type": "Index Scan", "Parent Relationship": "Inner", "Scan Direction": "Forward", "Index Name": "orders_pkey", "Relation Name": "orders", "Alias": "orders", "Startup Cost": 0.0, "Total Cost": 0.29, "Plan Rows": 1, "Plan Width": 16, "Actual Startup Time": 24891.296, "Actual Total Time": 24891.296, "Actual Rows": 3256948, "Actual Loops": 3256948, "Index Cond": "(o_orderkey = lineitem.l_orderkey)", "Rows Removed by Index Recheck": 0}]}, {"Node Type": "Index Scan", "Parent Relationship": "Inner", "Scan Direction": "Forward", "Index Name": "nation_pkey", "Relation Name": "nation", "Alias": "nation", "Startup Cost": 0.0, "Total Cost": 0.27, "Plan Rows": 1, "Plan Width": 30, "Actual Startup Time": 4701.479, "Actual Total Time": 4701.479, "Actual Rows": 3256948, "Actual Loops": 3256948, "Index Cond": "(n_nationkey = supplier.s_nationkey)", "Rows Removed by Index Recheck": 0}]}]}]}, "Triggers": [], "Planner Runtime": 29.635, "Total Runtime": 60901.785, "Unique SQL Id": 3628361425}}, "(1, 78)": {"explain_plan": {"Plan": {"Node Type": "Aggregate", "Strategy": "Sorted", "Startup Cost": 3188400.27, "Total Cost": 3188400.31, "Plan Rows": 1, "Plan Width": 74, "Group By Key": ["nation.n_name", "(date_part('year'::text, orders.o_orderdate))"], "Plans": [{"Node Type": "Sort", "Parent Relationship": "Outer", "Startup Cost": 3188400.27, "Total Cost": 3188400.28, "Plan Rows": 1, "Plan Width": 66, "Sort Key": ["nation.n_name", "(date_part('year'::text, orders.o_orderdate)) DESC"], "Plans": [{"Node Type": "Hash Join", "Parent Relationship": "Outer", "Join Type": "Inner", "Startup Cost": 2705738.4, "Total Cost": 3188400.26, "Plan Rows": 1, "Plan Width": 66, "Inner Unique": true, "Hash Cond": "(supplier.s_nationkey = nation.n_nationkey)", "Plans": [{"Node Type": "Hash Join", "Parent Relationship": "Outer", "Join Type": "Inner", "Startup Cost": 2705736.84, "Total Cost": 3188398.68, "Plan Rows": 1, "Plan Width": 44, "Inner Unique": false, "Hash Cond": "(orders.o_orderkey = lineitem.l_orderkey)", "Plans": [{"Node Type": "Seq Scan", "Parent Relationship": "Outer", "Relation Name": "orders", "Alias": "orders", "Startup Cost": 0.0, "Total Cost": 426413.79, "Plan Rows": 14999479, "Plan Width": 16}, {"Node Type": "Hash", "Parent Relationship": "Inner", "Startup Cost": 2705736.82, "Total Cost": 2705736.82, "Plan Rows": 1, "Plan Width": 44, "Plans": [{"Node Type": "Hash Join", "Parent Relationship": "Outer", "Join Type": "Inner", "Startup Cost": 406202.19, "Total Cost": 2705736.82, "Plan Rows": 1, "Plan Width": 44, "Inner Unique": false, "Hash Cond": "((lineitem.l_suppkey = partsupp.ps_suppkey) AND (lineitem.l_partkey = partsupp.ps_partkey))", "Plans": [{"Node Type": "Hash Join", "Parent Relationship": "Outer", "Join Type": "Inner", "Startup Cost": 68067.6, "Total Cost": 2313089.96, "Plan Rows": 495566, "Plan Width": 56, "Inner Unique": true, "Hash Cond": "(lineitem.l_partkey = part.p_partkey), (LLVM Optimized)", "Plans": [{"Node Type": "Seq Scan", "Parent Relationship": "Outer", "Relation Name": "lineitem", "Alias": "lineitem", "Startup Cost": 0.0, "Total Cost": 2015115.33, "Plan Rows": 59987033, "Plan Width": 48}, {"Node Type": "Hash", "Parent Relationship": "Inner", "Startup Cost": 66944.0, "Total Cost": 66944.0, "Plan Rows": 89888, "Plan Width": 8, "Plans": [{"Node Type": "Seq Scan", "Parent Relationship": "Outer", "Relation Name": "part", "Alias": "part", "Startup Cost": 0.0, "Total Cost": 66944.0, "Plan Rows": 89888, "Plan Width": 8, "Filter": "((p_name)::text ~~ '%dim%'::text)"}]}]}, {"Node Type": "Hash", "Parent Relationship": "Inner", "Startup Cost": 317967.1, "Total Cost": 317967.1, "Plan Rows": 1344499, "Plan Width": 36, "Plans": [{"Node Type": "Hash Join", "Parent Relationship": "Outer", "Join Type": "Inner", "Startup Cost": 4533.0, "Total Cost": 317967.1, "Plan Rows": 1344499, "Plan Width": 36, "Inner Unique": true, "Hash Cond": "(partsupp.ps_suppkey = supplier.s_suppkey), (LLVM Optimized)", "Plans": [{"Node Type": "Seq Scan", "Parent Relationship": "Outer", "Relation Name": "partsupp", "Alias": "partsupp", "Startup Cost": 0.0, "Total Cost": 269987.72, "Plan Rows": 8000372, "Plan Width": 24}, {"Node Type": "Hash", "Parent Relationship": "Inner", "Startup Cost": 3283.0, "Total Cost": 3283.0, "Plan Rows": 100000, "Plan Width": 12, "Plans": [{"Node Type": "Seq Scan", "Parent Relationship": "Outer", "Relation Name": "supplier", "Alias": "supplier", "Startup Cost": 0.0, "Total Cost": 3283.0, "Plan Rows": 100000, "Plan Width": 12}]}]}]}]}]}]}, {"Node Type": "Hash", "Parent Relationship": "Inner", "Startup Cost": 1.25, "Total Cost": 1.25, "Plan Rows": 25, "Plan Width": 30, "Plans": [{"Node Type": "Seq Scan", "Parent Relationship": "Outer", "Relation Name": "nation", "Alias": "nation", "Startup Cost": 0.0, "Total Cost": 1.25, "Plan Rows": 25, "Plan Width": 30}]}]}]}]}, "Unique SQL Id": 3628361425}, "explain_analyze_plan": null}, "(1, 79)": {"explain_plan": {"Plan": {"Node Type": "Aggregate", "Strategy": "Sorted", "Startup Cost": 6000828275431.98, "Total Cost": 6000828275432.02, "Plan Rows": 1, "Plan Width": 74, "Group By Key": ["nation.n_name", "(date_part('year'::text, orders.o_orderdate))"], "Plans": [{"Node Type": "Sort", "Parent Relationship": "Outer", "Startup Cost": 6000828275431.98, "Total Cost": 6000828275431.99, "Plan Rows": 1, "Plan Width": 66, "Sort Key": ["nation.n_name", "(date_part('year'::text, orders.o_orderdate)) DESC"], "Plans": [{"Node Type": "Nested Loop", "Parent Relationship": "Outer", "Join Type": "Inner", "Startup Cost": 1050079983415.84, "Total Cost": 6000828275431.97, "Plan Rows": 1, "Plan Width": 66, "Inner Unique": true, "Plans": [{"Node Type": "Nested Loop", "Parent Relationship": "Outer", "Join Type": "Inner", "Startup Cost": 1040079983415.84, "Total Cost": 5000828275404.95, "Plan Rows": 1, "Plan Width": 44, "Inner Unique": true, "Plans": [{"Node Type": "Hash Join", "Parent Relationship": "Outer", "Join Type": "Inner", "Startup Cost": 1030079983415.84, "Total Cost": 4000828275375.71, "Plan Rows": 1, "Plan Width": 44, "Inner Unique": true, "Hash Cond": "(lineitem.l_suppkey = supplier.s_suppkey)", "Plans": [{"Node Type": "Merge Join", "Parent Relationship": "Outer", "Join Type": "Inner", "Startup Cost": 30079448711.46, "Total Cost": 3000827740671.31, "Plan Rows": 2, "Plan Width": 56, "Inner Unique": true, "Merge Cond": "((lineitem.l_partkey = partsupp.ps_partkey) AND (lineitem.l_suppkey = partsupp.ps_suppkey))", "Plans": [{"Node Type": "Merge Join", "Parent Relationship": "Outer", "Join Type": "Inner", "Startup Cost": 20044055294.66, "Total Cost": 2000775115222.05, "Plan Rows": 495566, "Plan Width": 56, "Inner Unique": true, "Merge Cond": "(lineitem.l_partkey = part.p_partkey)", "Plans": [{"Node Type": "Index Scan", "Parent Relationship": "Outer", "Scan Direction": "Forward", "Index Name": "idx_lineitem_part_supp", "Relation Name": "lineitem", "Alias": "lineitem", "Startup Cost": 10000000000.0, "Total Cost": 1000775391319.64, "Plan Rows": 59987033, "Plan Width": 48}, {"Node Type": "Materialize", "Parent Relationship": "Inner", "Startup Cost": 10000000000.0, "Total Cost": 1000010580549.72, "Plan Rows": 89888, "Plan Width": 8, "Plans": [{"Node Type": "Index Scan", "Parent Relationship": "Outer", "Scan Direction": "Forward", "Index Name": "part_kpey", "Relation Name": "part", "Alias": "part", "Startup Cost": 10000000000.0, "Total Cost": 1000010580325.0, "Plan Rows": 89888, "Plan Width": 8, "Filter": "((p_name)::text ~~ '%dim%'::text)"}]}]}, {"Node Type": "Index Scan", "Parent Relationship": "Inner", "Scan Direction": "Forward", "Index Name": "partsupp_pkey", "Relation Name": "partsupp", "Alias": "partsupp", "Startup Cost": 10000000000.0, "Total Cost": 1000071640963.22, "Plan Rows": 8000372, "Plan Width": 24}]}, {"Node Type": "Hash", "Parent Relationship": "Inner", "Startup Cost": 1000000533454.38, "Total Cost": 1000000533454.38, "Plan Rows": 100000, "Plan Width": 12, "Plans": [{"Node Type": "Index Scan", "Parent Relationship": "Outer", "Scan Direction": "Forward", "Index Name": "supplier_pkey", "Relation Name": "supplier", "Alias": "supplier", "Startup Cost": 10000000000.0, "Total Cost": 1000000533454.38, "Plan Rows": 100000, "Plan Width": 12}]}]}, {"Node Type": "Index Scan", "Parent Relationship": "Inner", "Scan Direction": "Forward", "Index Name": "orders_pkey", "Relation Name": "orders", "Alias": "orders", "Startup Cost": 10000000000.0, "Total Cost": 1000000000029.23, "Plan Rows": 1, "Plan Width": 16, "Index Cond": "(o_orderkey = lineitem.l_orderkey)"}]}, {"Node Type": "Index Scan", "Parent Relationship": "Inner", "Scan Direction": "Forward", "Index Name": "nation_pkey", "Relation Name": "nation", "Alias": "nation", "Startup Cost": 10000000000.0, "Total Cost": 1000000000027.01, "Plan Rows": 1, "Plan Width": 30, "Index Cond": "(n_nationkey = supplier.s_nationkey)"}]}]}]}, "Unique SQL Id": 3628361425}, "explain_analyze_plan": null}, "(1, 80)": {"explain_plan": {"Plan": {"Node Type": "Aggregate", "Strategy": "Sorted", "Startup Cost": 685006.9, "Total Cost": 685006.94, "Plan Rows": 1, "Plan Width": 74, "Group By Key": ["nation.n_name", "(date_part('year'::text, orders.o_orderdate))"], "Plans": [{"Node Type": "Sort", "Parent Relationship": "Outer", "Startup Cost": 685006.9, "Total Cost": 685006.91, "Plan Rows": 1, "Plan Width": 66, "Sort Key": ["nation.n_name", "(date_part('year'::text, orders.o_orderdate)) DESC"], "Plans": [{"Node Type": "Nested Loop", "Parent Relationship": "Outer", "Join Type": "Inner", "Startup Cost": 533118.21, "Total Cost": 685006.89, "Plan Rows": 1, "Plan Width": 66, "Inner Unique": true, "Plans": [{"Node Type": "Nested Loop", "Parent Relationship": "Outer", "Join Type": "Inner", "Startup Cost": 533118.21, "Total Cost": 685006.61, "Plan Rows": 1, "Plan Width": 44, "Inner Unique": true, "Plans": [{"Node Type": "Nested Loop", "Parent Relationship": "Outer", "Join Type": "Inner", "Startup Cost": 533118.21, "Total Cost": 685006.31, "Plan Rows": 1, "Plan Width": 44, "Inner Unique": false, "Join Filter": "(supplier.s_suppkey = lineitem.l_suppkey)", "Plans": [{"Node Type": "Merge Join", "Parent Relationship": "Outer", "Join Type": "Inner", "Startup Cost": 533118.21, "Total Cost": 541257.3, "Plan Rows": 125630, "Plan Width": 44, "Inner Unique": false, "Merge Cond": "(supplier.s_suppkey = partsupp.ps_suppkey)", "Plans": [{"Node Type": "Index Scan", "Parent Relationship": "Outer", "Scan Direction": "Forward", "Index Name": "supplier_pkey", "Relation Name": "supplier", "Alias": "supplier", "Startup Cost": 0.0, "Total Cost": 5334.54, "Plan Rows": 100000, "Plan Width": 12}, {"Node Type": "Sort", "Parent Relationship": "Inner", "Startup Cost": 533118.19, "Total Cost": 533767.36, "Plan Rows": 259666, "Plan Width": 32, "Sort Key": ["partsupp.ps_suppkey"], "Plans": [{"Node Type": "Nested Loop", "Parent Relationship": "Outer", "Join Type": "Inner", "Startup Cost": 0.0, "Total Cost": 509766.04, "Plan Rows": 259666, "Plan Width": 32, "Inner Unique": false, "Plans": [{"Node Type": "Seq Scan", "Parent Relationship": "Outer", "Relation Name": "part", "Alias": "part", "Startup Cost": 0.0, "Total Cost": 66944.0, "Plan Rows": 89888, "Plan Width": 8, "Filter": "((p_name)::text ~~ '%dim%'::text)"}, {"Node Type": "Index Scan", "Parent Relationship": "Inner", "Scan Direction": "Forward", "Index Name": "idx_partsupp_partkey", "Relation Name": "partsupp", "Alias": "partsupp", "Startup Cost": 0.0, "Total Cost": 4.9, "Plan Rows": 3, "Plan Width": 24, "Index Cond": "(ps_partkey = part.p_partkey)"}]}]}]}, {"Node Type": "Index Scan", "Parent Relationship": "Inner", "Scan Direction": "Forward", "Index Name": "idx_lineitem_part_supp", "Relation Name": "lineitem", "Alias": "lineitem", "Startup Cost": 0.0, "Total Cost": 1.13, "Plan Rows": 1, "Plan Width": 48, "Index Cond": "((l_partkey = partsupp.ps_partkey) AND (l_suppkey = partsupp.ps_suppkey))"}]}, {"Node Type": "Index Scan", "Parent Relationship": "Inner", "Scan Direction": "Forward", "Index Name": "orders_pkey", "Relation Name": "orders", "Alias": "orders", "Startup Cost": 0.0, "Total Cost": 0.29, "Plan Rows": 1, "Plan Width": 16, "Index Cond": "(o_orderkey = lineitem.l_orderkey)"}]}, {"Node Type": "Index Scan", "Parent Relationship": "Inner", "Scan Direction": "Forward", "Index Name": "nation_pkey", "Relation Name": "nation", "Alias": "nation", "Startup Cost": 0.0, "Total Cost": 0.27, "Plan Rows": 1, "Plan Width": 30, "Index Cond": "(n_nationkey = supplier.s_nationkey)"}]}]}]}, "Unique SQL Id": 3628361425}, "explain_analyze_plan": {"Plan": {"Node Type": "Aggregate", "Strategy": "Sorted", "Startup Cost": 685006.9, "Total Cost": 685006.94, "Plan Rows": 1, "Plan Width": 74, "Actual Startup Time": 54410.031, "Actual Total Time": 57527.047, "Actual Rows": 175, "Actual Loops": 1, "Group By Key": ["nation.n_name", "(date_part('year'::text, orders.o_orderdate))"], "Plans": [{"Node Type": "Sort", "Parent Relationship": "Outer", "Startup Cost": 685006.9, "Total Cost": 685006.91, "Plan Rows": 1, "Plan Width": 66, "Actual Startup Time": 54399.238, "Actual Total Time": 55187.55, "Actual Rows": 3256948, "Actual Loops": 1, "Sort Key": ["nation.n_name", "(date_part('year'::text, orders.o_orderdate)) DESC"], "Sort Method": "quicksort", "Sort Space Used": 607203, "Sort Space Type": "Memory", "Plans": [{"Node Type": "Nested Loop", "Parent Relationship": "Outer", "Join Type": "Inner", "Startup Cost": 533118.21, "Total Cost": 685006.89, "Plan Rows": 1, "Plan Width": 66, "Actual Startup Time": 2002.136, "Actual Total Time": 49120.694, "Actual Rows": 3256948, "Actual Loops": 1, "Inner Unique": true, "Plans": [{"Node Type": "Nested Loop", "Parent Relationship": "Outer", "Join Type": "Inner", "Startup Cost": 533118.21, "Total Cost": 685006.61, "Plan Rows": 1, "Plan Width": 44, "Actual Startup Time": 2001.941, "Actual Total Time": 40545.539, "Actual Rows": 3256948, "Actual Loops": 1, "Inner Unique": true, "Plans": [{"Node Type": "Nested Loop", "Parent Relationship": "Outer", "Join Type": "Inner", "Startup Cost": 533118.21, "Total Cost": 685006.31, "Plan Rows": 1, "Plan Width": 44, "Actual Startup Time": 2001.913, "Actual Total Time": 15084.562, "Actual Rows": 3256948, "Actual Loops": 1, "Inner Unique": false, "Join Filter": "(supplier.s_suppkey = lineitem.l_suppkey)", "Rows Removed by Join Filter": 0, "Plans": [{"Node Type": "Merge Join", "Parent Relationship": "Outer", "Join Type": "Inner", "Startup Cost": 533118.21, "Total Cost": 541257.3, "Plan Rows": 125630, "Plan Width": 44, "Actual Startup Time": 2001.85, "Actual Total Time": 2474.365, "Actual Rows": 434204, "Actual Loops": 1, "Inner Unique": false, "Merge Cond": "(supplier.s_suppkey = partsupp.ps_suppkey)", "Plans": [{"Node Type": "Index Scan", "Parent Relationship": "Outer", "Scan Direction": "Forward", "Index Name": "supplier_pkey", "Relation Name": "supplier", "Alias": "supplier", "Startup Cost": 0.0, "Total Cost": 5334.54, "Plan Rows": 100000, "Plan Width": 12, "Actual Startup Time": 0.027, "Actual Total Time": 84.668, "Actual Rows": 100000, "Actual Loops": 1}, {"Node Type": "Sort", "Parent Relationship": "Inner", "Startup Cost": 533118.19, "Total Cost": 533767.36, "Plan Rows": 259666, "Plan Width": 32, "Actual Startup Time": 2001.81, "Actual Total Time": 2146.831, "Actual Rows": 434204, "Actual Loops": 1, "Sort Key": ["partsupp.ps_suppkey"], "Sort Method": "quicksort", "Sort Space Used": 52995, "Sort Space Type": "Memory", "Plans": [{"Node Type": "Nested Loop", "Parent Relationship": "Outer", "Join Type": "Inner", "Startup Cost": 0.0, "Total Cost": 509766.04, "Plan Rows": 259666, "Plan Width": 32, "Actual Startup Time": 0.037, "Actual Total Time": 1827.472, "Actual Rows": 434204, "Actual Loops": 1, "Inner Unique": false, "Plans": [{"Node Type": "Seq Scan", "Parent Relationship": "Outer", "Relation Name": "part", "Alias": "part", "Startup Cost": 0.0, "Total Cost": 66944.0, "Plan Rows": 89888, "Plan Width": 8, "Actual Startup Time": 0.026, "Actual Total Time": 988.932, "Actual Rows": 108551, "Actual Loops": 1, "Filter": "((p_name)::text ~~ '%dim%'::text)", "Rows Removed by Filter": 1891449}, {"Node Type": "Index Scan", "Parent Relationship": "Inner", "Scan Direction": "Forward", "Index Name": "idx_partsupp_partkey", "Relation Name": "partsupp", "Alias": "partsupp", "Startup Cost": 0.0, "Total Cost": 4.9, "Plan Rows": 3, "Plan Width": 24, "Actual Startup Time": 486.397, "Actual Total Time": 686.204, "Actual Rows": 434204, "Actual Loops": 108551, "Index Cond": "(ps_partkey = part.p_partkey)", "Rows Removed by Index Recheck": 0}]}]}]}, {"Node Type": "Index Scan", "Parent Relationship": "Inner", "Scan Direction": "Forward", "Index Name": "idx_lineitem_part_supp", "Relation Name": "lineitem", "Alias": "lineitem", "Startup Cost": 0.0, "Total Cost": 1.13, "Plan Rows": 1, "Plan Width": 48, "Actual Startup Time": 4012.701, "Actual Total Time": 10962.364, "Actual Rows": 3256948, "Actual Loops": 434204, "Index Cond": "((l_partkey = partsupp.ps_partkey) AND (l_suppkey = partsupp.ps_suppkey))", "Rows Removed by Index Recheck": 0}]}, {"Node Type": "Index Scan", "Parent Relationship": "Inner", "Scan Direction": "Forward", "Index Name": "orders_pkey", "Relation Name": "orders", "Alias": "orders", "Startup Cost": 0.0, "Total Cost": 0.29, "Plan Rows": 1, "Plan Width": 16, "Actual Startup Time": 22678.508, "Actual Total Time": 22678.508, "Actual Rows": 3256948, "Actual Loops": 3256948, "Index Cond": "(o_orderkey = lineitem.l_orderkey)", "Rows Removed by Index Recheck": 0}]}, {"Node Type": "Index Scan", "Parent Relationship": "Inner", "Scan Direction": "Forward", "Index Name": "nation_pkey", "Relation Name": "nation", "Alias": "nation", "Startup Cost": 0.0, "Total Cost": 0.27, "Plan Rows": 1, "Plan Width": 30, "Actual Startup Time": 4489.403, "Actual Total Time": 4489.403, "Actual Rows": 3256948, "Actual Loops": 3256948, "Index Cond": "(n_nationkey = supplier.s_nationkey)", "Rows Removed by Index Recheck": 0}]}]}]}, "Triggers": [], "Planner Runtime": 26.577, "Total Runtime": 57533.592, "Unique SQL Id": 3628361425}}, "(1, 81)": {"explain_plan": {"Plan": {"Node Type": "Aggregate", "Strategy": "Sorted", "Startup Cost": 723866.15, "Total Cost": 723866.19, "Plan Rows": 1, "Plan Width": 74, "Group By Key": ["nation.n_name", "(date_part('year'::text, orders.o_orderdate))"], "Plans": [{"Node Type": "Sort", "Parent Relationship": "Outer", "Startup Cost": 723866.15, "Total Cost": 723866.16, "Plan Rows": 1, "Plan Width": 66, "Sort Key": ["nation.n_name", "(date_part('year'::text, orders.o_orderdate)) DESC"], "Plans": [{"Node Type": "Nested Loop", "Parent Relationship": "Outer", "Join Type": "Inner", "Startup Cost": 571977.46, "Total Cost": 723866.14, "Plan Rows": 1, "Plan Width": 66, "Inner Unique": true, "Plans": [{"Node Type": "Nested Loop", "Parent Relationship": "Outer", "Join Type": "Inner", "Startup Cost": 571977.46, "Total Cost": 723865.86, "Plan Rows": 1, "Plan Width": 44, "Inner Unique": true, "Plans": [{"Node Type": "Nested Loop", "Parent Relationship": "Outer", "Join Type": "Inner", "Startup Cost": 571977.46, "Total Cost": 723865.56, "Plan Rows": 1, "Plan Width": 44, "Inner Unique": false, "Join Filter": "(supplier.s_suppkey = lineitem.l_suppkey)", "Plans": [{"Node Type": "Merge Join", "Parent Relationship": "Outer", "Join Type": "Inner", "Startup Cost": 571977.46, "Total Cost": 580116.55, "Plan Rows": 125630, "Plan Width": 44, "Inner Unique": false, "Merge Cond": "(supplier.s_suppkey = partsupp.ps_suppkey)", "Plans": [{"Node Type": "Index Scan", "Parent Relationship": "Outer", "Scan Direction": "Forward", "Index Name": "supplier_pkey", "Relation Name": "supplier", "Alias": "supplier", "Startup Cost": 0.0, "Total Cost": 5334.54, "Plan Rows": 100000, "Plan Width": 12}, {"Node Type": "Sort", "Parent Relationship": "Inner", "Startup Cost": 571977.44, "Total Cost": 572626.61, "Plan Rows": 259666, "Plan Width": 32, "Sort Key": ["partsupp.ps_suppkey"], "Plans": [{"Node Type": "Nested Loop", "Parent Relationship": "Outer", "Join Type": "Inner", "Startup Cost": 0.0, "Total Cost": 548625.29, "Plan Rows": 259666, "Plan Width": 32, "Inner Unique": false, "Plans": [{"Node Type": "Index Scan", "Parent Relationship": "Outer", "Scan Direction": "Forward", "Index Name": "part_kpey", "Relation Name": "part", "Alias": "part", "Startup Cost": 0.0, "Total Cost": 105803.25, "Plan Rows": 89888, "Plan Width": 8, "Filter": "((p_name)::text ~~ '%dim%'::text)"}, {"Node Type": "Index Scan", "Parent Relationship": "Inner", "Scan Direction": "Forward", "Index Name": "idx_partsupp_partkey", "Relation Name": "partsupp", "Alias": "partsupp", "Startup Cost": 0.0, "Total Cost": 4.9, "Plan Rows": 3, "Plan Width": 24, "Index Cond": "(ps_partkey = part.p_partkey)"}]}]}]}, {"Node Type": "Index Scan", "Parent Relationship": "Inner", "Scan Direction": "Forward", "Index Name": "idx_lineitem_part_supp", "Relation Name": "lineitem", "Alias": "lineitem", "Startup Cost": 0.0, "Total Cost": 1.13, "Plan Rows": 1, "Plan Width": 48, "Index Cond": "((l_partkey = partsupp.ps_partkey) AND (l_suppkey = partsupp.ps_suppkey))"}]}, {"Node Type": "Index Scan", "Parent Relationship": "Inner", "Scan Direction": "Forward", "Index Name": "orders_pkey", "Relation Name": "orders", "Alias": "orders", "Startup Cost": 0.0, "Total Cost": 0.29, "Plan Rows": 1, "Plan Width": 16, "Index Cond": "(o_orderkey = lineitem.l_orderkey)"}]}, {"Node Type": "Index Scan", "Parent Relationship": "Inner", "Scan Direction": "Forward", "Index Name": "nation_pkey", "Relation Name": "nation", "Alias": "nation", "Startup Cost": 0.0, "Total Cost": 0.27, "Plan Rows": 1, "Plan Width": 30, "Index Cond": "(n_nationkey = supplier.s_nationkey)"}]}]}]}, "Unique SQL Id": 3628361425}, "explain_analyze_plan": {"Plan": {"Node Type": "Aggregate", "Strategy": "Sorted", "Startup Cost": 723866.15, "Total Cost": 723866.19, "Plan Rows": 1, "Plan Width": 74, "Actual Startup Time": 57402.875, "Actual Total Time": 60508.83, "Actual Rows": 175, "Actual Loops": 1, "Group By Key": ["nation.n_name", "(date_part('year'::text, orders.o_orderdate))"], "Plans": [{"Node Type": "Sort", "Parent Relationship": "Outer", "Startup Cost": 723866.15, "Total Cost": 723866.16, "Plan Rows": 1, "Plan Width": 66, "Actual Startup Time": 57391.553, "Actual Total Time": 58143.098, "Actual Rows": 3256948, "Actual Loops": 1, "Sort Key": ["nation.n_name", "(date_part('year'::text, orders.o_orderdate)) DESC"], "Sort Method": "quicksort", "Sort Space Used": 607203, "Sort Space Type": "Memory", "Plans": [{"Node Type": "Nested Loop", "Parent Relationship": "Outer", "Join Type": "Inner", "Startup Cost": 571977.46, "Total Cost": 723866.14, "Plan Rows": 1, "Plan Width": 66, "Actual Startup Time": 2699.003, "Actual Total Time": 51902.529, "Actual Rows": 3256948, "Actual Loops": 1, "Inner Unique": true, "Plans": [{"Node Type": "Nested Loop", "Parent Relationship": "Outer", "Join Type": "Inner", "Startup Cost": 571977.46, "Total Cost": 723865.86, "Plan Rows": 1, "Plan Width": 44, "Actual Startup Time": 2698.975, "Actual Total Time": 43378.566, "Actual Rows": 3256948, "Actual Loops": 1, "Inner Unique": true, "Plans": [{"Node Type": "Nested Loop", "Parent Relationship": "Outer", "Join Type": "Inner", "Startup Cost": 571977.46, "Total Cost": 723865.56, "Plan Rows": 1, "Plan Width": 44, "Actual Startup Time": 2698.955, "Actual Total Time": 16382.08, "Actual Rows": 3256948, "Actual Loops": 1, "Inner Unique": false, "Join Filter": "(supplier.s_suppkey = lineitem.l_suppkey)", "Rows Removed by Join Filter": 0, "Plans": [{"Node Type": "Merge Join", "Parent Relationship": "Outer", "Join Type": "Inner", "Startup Cost": 571977.46, "Total Cost": 580116.55, "Plan Rows": 125630, "Plan Width": 44, "Actual Startup Time": 2698.878, "Actual Total Time": 3164.046, "Actual Rows": 434204, "Actual Loops": 1, "Inner Unique": false, "Merge Cond": "(supplier.s_suppkey = partsupp.ps_suppkey)", "Plans": [{"Node Type": "Index Scan", "Parent Relationship": "Outer", "Scan Direction": "Forward", "Index Name": "supplier_pkey", "Relation Name": "supplier", "Alias": "supplier", "Startup Cost": 0.0, "Total Cost": 5334.54, "Plan Rows": 100000, "Plan Width": 12, "Actual Startup Time": 0.026, "Actual Total Time": 87.242, "Actual Rows": 100000, "Actual Loops": 1}, {"Node Type": "Sort", "Parent Relationship": "Inner", "Startup Cost": 571977.44, "Total Cost": 572626.61, "Plan Rows": 259666, "Plan Width": 32, "Actual Startup Time": 2698.835, "Actual Total Time": 2848.728, "Actual Rows": 434204, "Actual Loops": 1, "Sort Key": ["partsupp.ps_suppkey"], "Sort Method": "quicksort", "Sort Space Used": 52995, "Sort Space Type": "Memory", "Plans": [{"Node Type": "Nested Loop", "Parent Relationship": "Outer", "Join Type": "Inner", "Startup Cost": 0.0, "Total Cost": 548625.29, "Plan Rows": 259666, "Plan Width": 32, "Actual Startup Time": 0.041, "Actual Total Time": 2527.699, "Actual Rows": 434204, "Actual Loops": 1, "Inner Unique": false, "Plans": [{"Node Type": "Index Scan", "Parent Relationship": "Outer", "Scan Direction": "Forward", "Index Name": "part_kpey", "Relation Name": "part", "Alias": "part", "Startup Cost": 0.0, "Total Cost": 105803.25, "Plan Rows": 89888, "Plan Width": 8, "Actual Startup Time": 0.031, "Actual Total Time": 1605.394, "Actual Rows": 108551, "Actual Loops": 1, "Filter": "((p_name)::text ~~ '%dim%'::text)", "Rows Removed by Filter": 1891449}, {"Node Type": "Index Scan", "Parent Relationship": "Inner", "Scan Direction": "Forward", "Index Name": "idx_partsupp_partkey", "Relation Name": "partsupp", "Alias": "partsupp", "Startup Cost": 0.0, "Total Cost": 4.9, "Plan Rows": 3, "Plan Width": 24, "Actual Startup Time": 546.863, "Actual Total Time": 770.605, "Actual Rows": 434204, "Actual Loops": 108551, "Index Cond": "(ps_partkey = part.p_partkey)", "Rows Removed by Index Recheck": 0}]}]}]}, {"Node Type": "Index Scan", "Parent Relationship": "Inner", "Scan Direction": "Forward", "Index Name": "idx_lineitem_part_supp", "Relation Name": "lineitem", "Alias": "lineitem", "Startup Cost": 0.0, "Total Cost": 1.13, "Plan Rows": 1, "Plan Width": 48, "Actual Startup Time": 4136.421, "Actual Total Time": 11612.148, "Actual Rows": 3256948, "Actual Loops": 434204, "Index Cond": "((l_partkey = partsupp.ps_partkey) AND (l_suppkey = partsupp.ps_suppkey))", "Rows Removed by Index Recheck": 0}]}, {"Node Type": "Index Scan", "Parent Relationship": "Inner", "Scan Direction": "Forward", "Index Name": "orders_pkey", "Relation Name": "orders", "Alias": "orders", "Startup Cost": 0.0, "Total Cost": 0.29, "Plan Rows": 1, "Plan Width": 16, "Actual Startup Time": 24192.529, "Actual Total Time": 24192.529, "Actual Rows": 3256948, "Actual Loops": 3256948, "Index Cond": "(o_orderkey = lineitem.l_orderkey)", "Rows Removed by Index Recheck": 0}]}, {"Node Type": "Index Scan", "Parent Relationship": "Inner", "Scan Direction": "Forward", "Index Name": "nation_pkey", "Relation Name": "nation", "Alias": "nation", "Startup Cost": 0.0, "Total Cost": 0.27, "Plan Rows": 1, "Plan Width": 30, "Actual Startup Time": 4459.822, "Actual Total Time": 4459.822, "Actual Rows": 3256948, "Actual Loops": 3256948, "Index Cond": "(n_nationkey = supplier.s_nationkey)", "Rows Removed by Index Recheck": 0}]}]}]}, "Triggers": [], "Planner Runtime": 26.208, "Total Runtime": 60516.121, "Unique SQL Id": 3628361425}}, "(1, 82)": {"explain_plan": {"Plan": {"Node Type": "Aggregate", "Strategy": "Sorted", "Startup Cost": 1531828.5, "Total Cost": 1531828.53, "Plan Rows": 1, "Plan Width": 74, "Group By Key": ["nation.n_name", "(date_part('year'::text, orders.o_orderdate))"], "Plans": [{"Node Type": "Sort", "Parent Relationship": "Outer", "Startup Cost": 1531828.5, "Total Cost": 1531828.5, "Plan Rows": 1, "Plan Width": 66, "Sort Key": ["nation.n_name", "(date_part('year'::text, orders.o_orderdate)) DESC"], "Plans": [{"Node Type": "Nested Loop", "Parent Relationship": "Outer", "Join Type": "Inner", "Startup Cost": 971360.37, "Total Cost": 1531828.49, "Plan Rows": 1, "Plan Width": 66, "Inner Unique": true, "Plans": [{"Node Type": "Nested Loop", "Parent Relationship": "Outer", "Join Type": "Inner", "Startup Cost": 971360.11, "Total Cost": 1531824.2, "Plan Rows": 1, "Plan Width": 44, "Inner Unique": true, "Plans": [{"Node Type": "Nested Loop", "Parent Relationship": "Outer", "Join Type": "Inner", "Startup Cost": 971359.85, "Total Cost": 1531819.92, "Plan Rows": 1, "Plan Width": 44, "Inner Unique": false, "Join Filter": "(supplier.s_suppkey = lineitem.l_suppkey)", "Plans": [{"Node Type": "Merge Join", "Parent Relationship": "Outer", "Join Type": "Inner", "Startup Cost": 971359.44, "Total Cost": 974413.99, "Plan Rows": 125630, "Plan Width": 44, "Inner Unique": false, "Merge Cond": "(supplier.s_suppkey = partsupp.ps_suppkey)", "Plans": [{"Node Type": "Sort", "Parent Relationship": "Outer", "Startup Cost": 11587.82, "Total Cost": 11837.82, "Plan Rows": 100000, "Plan Width": 12, "Sort Key": ["supplier.s_suppkey"], "Plans": [{"Node Type": "Seq Scan", "Parent Relationship": "Outer", "Relation Name": "supplier", "Alias": "supplier", "Startup Cost": 0.0, "Total Cost": 3283.0, "Plan Rows": 100000, "Plan Width": 12}]}, {"Node Type": "Sort", "Parent Relationship": "Inner", "Startup Cost": 959771.6, "Total Cost": 960420.77, "Plan Rows": 259666, "Plan Width": 32, "Sort Key": ["partsupp.ps_suppkey"], "Plans": [{"Node Type": "Nested Loop", "Parent Relationship": "Outer", "Join Type": "Inner", "Startup Cost": 1.62, "Total Cost": 936419.45, "Plan Rows": 259666, "Plan Width": 32, "Inner Unique": false, "Plans": [{"Node Type": "Seq Scan", "Parent Relationship": "Outer", "Relation Name": "part", "Alias": "part", "Startup Cost": 0.0, "Total Cost": 66944.0, "Plan Rows": 89888, "Plan Width": 8, "Filter": "((p_name)::text ~~ '%dim%'::text)"}, {"Node Type": "Bitmap Heap Scan", "Parent Relationship": "Inner", "Relation Name": "partsupp", "Alias": "partsupp", "Startup Cost": 1.62, "Total Cost": 9.64, "Plan Rows": 3, "Plan Width": 24, "Recheck Cond": "(ps_partkey = part.p_partkey)", "Plans": [{"Node Type": "Bitmap Index Scan", "Parent Relationship": "Outer", "Index Name": "idx_partsupp_partkey", "Startup Cost": 0.0, "Total Cost": 1.62, "Plan Rows": 3, "Plan Width": 0, "Index Cond": "(ps_partkey = part.p_partkey)"}]}]}]}]}, {"Node Type": "Bitmap Heap Scan", "Parent Relationship": "Inner", "Relation Name": "lineitem", "Alias": "lineitem", "Startup Cost": 0.41, "Total Cost": 4.42, "Plan Rows": 1, "Plan Width": 48, "Recheck Cond": "((l_partkey = partsupp.ps_partkey) AND (l_suppkey = partsupp.ps_suppkey))", "Plans": [{"Node Type": "Bitmap Index Scan", "Parent Relationship": "Outer", "Index Name": "idx_lineitem_part_supp", "Startup Cost": 0.0, "Total Cost": 0.41, "Plan Rows": 1, "Plan Width": 0, "Index Cond": "((l_partkey = partsupp.ps_partkey) AND (l_suppkey = partsupp.ps_suppkey))"}]}]}, {"Node Type": "Bitmap Heap Scan", "Parent Relationship": "Inner", "Relation Name": "orders", "Alias": "orders", "Startup Cost": 0.26, "Total Cost": 4.27, "Plan Rows": 1, "Plan Width": 16, "Recheck Cond": "(o_orderkey = lineitem.l_orderkey)", "Plans": [{"Node Type": "Bitmap Index Scan", "Parent Relationship": "Outer", "Index Name": "orders_pkey", "Startup Cost": 0.0, "Total Cost": 0.26, "Plan Rows": 1, "Plan Width": 0, "Index Cond": "(o_orderkey = lineitem.l_orderkey)"}]}]}, {"Node Type": "Bitmap Heap Scan", "Parent Relationship": "Inner", "Relation Name": "nation", "Alias": "nation", "Startup Cost": 0.26, "Total Cost": 4.27, "Plan Rows": 1, "Plan Width": 30, "Recheck Cond": "(n_nationkey = supplier.s_nationkey)", "Plans": [{"Node Type": "Bitmap Index Scan", "Parent Relationship": "Outer", "Index Name": "nation_pkey", "Startup Cost": 0.0, "Total Cost": 0.26, "Plan Rows": 1, "Plan Width": 0, "Index Cond": "(n_nationkey = supplier.s_nationkey)"}]}]}]}]}, "Unique SQL Id": 3628361425}, "explain_analyze_plan": {"Plan": {"Node Type": "Aggregate", "Strategy": "Sorted", "Startup Cost": 1531828.5, "Total Cost": 1531828.53, "Plan Rows": 1, "Plan Width": 74, "Actual Startup Time": 68966.678, "Actual Total Time": 72191.569, "Actual Rows": 175, "Actual Loops": 1, "Group By Key": ["nation.n_name", "(date_part('year'::text, orders.o_orderdate))"], "Plans": [{"Node Type": "Sort", "Parent Relationship": "Outer", "Startup Cost": 1531828.5, "Total Cost": 1531828.5, "Plan Rows": 1, "Plan Width": 66, "Actual Startup Time": 68954.748, "Actual Total Time": 69781.669, "Actual Rows": 3256948, "Actual Loops": 1, "Sort Key": ["nation.n_name", "(date_part('year'::text, orders.o_orderdate)) DESC"], "Sort Method": "quicksort", "Sort Space Used": 607203, "Sort Space Type": "Memory", "Plans": [{"Node Type": "Nested Loop", "Parent Relationship": "Outer", "Join Type": "Inner", "Startup Cost": 971360.37, "Total Cost": 1531828.49, "Plan Rows": 1, "Plan Width": 66, "Actual Startup Time": 2274.578, "Actual Total Time": 62810.885, "Actual Rows": 3256948, "Actual Loops": 1, "Inner Unique": true, "Plans": [{"Node Type": "Nested Loop", "Parent Relationship": "Outer", "Join Type": "Inner", "Startup Cost": 971360.11, "Total Cost": 1531824.2, "Plan Rows": 1, "Plan Width": 44, "Actual Startup Time": 2274.535, "Actual Total Time": 49073.738, "Actual Rows": 3256948, "Actual Loops": 1, "Inner Unique": true, "Plans": [{"Node Type": "Nested Loop", "Parent Relationship": "Outer", "Join Type": "Inner", "Startup Cost": 971359.85, "Total Cost": 1531819.92, "Plan Rows": 1, "Plan Width": 44, "Actual Startup Time": 2274.474, "Actual Total Time": 18137.942, "Actual Rows": 3256948, "Actual Loops": 1, "Inner Unique": false, "Join Filter": "(supplier.s_suppkey = lineitem.l_suppkey)", "Rows Removed by Join Filter": 0, "Plans": [{"Node Type": "Merge Join", "Parent Relationship": "Outer", "Join Type": "Inner", "Startup Cost": 971359.44, "Total Cost": 974413.99, "Plan Rows": 125630, "Plan Width": 44, "Actual Startup Time": 2274.367, "Actual Total Time": 2742.174, "Actual Rows": 434204, "Actual Loops": 1, "Inner Unique": false, "Merge Cond": "(supplier.s_suppkey = partsupp.ps_suppkey)", "Plans": [{"Node Type": "Sort", "Parent Relationship": "Outer", "Startup Cost": 11587.82, "Total Cost": 11837.82, "Plan Rows": 100000, "Plan Width": 12, "Actual Startup Time": 64.457, "Actual Total Time": 88.608, "Actual Rows": 100000, "Actual Loops": 1, "Sort Key": ["supplier.s_suppkey"], "Sort Method": "quicksort", "Sort Space Used": 12448, "Sort Space Type": "Memory", "Plans": [{"Node Type": "Seq Scan", "Parent Relationship": "Outer", "Relation Name": "supplier", "Alias": "supplier", "Startup Cost": 0.0, "Total Cost": 3283.0, "Plan Rows": 100000, "Plan Width": 12, "Actual Startup Time": 0.022, "Actual Total Time": 33.968, "Actual Rows": 100000, "Actual Loops": 1}]}, {"Node Type": "Sort", "Parent Relationship": "Inner", "Startup Cost": 959771.6, "Total Cost": 960420.77, "Plan Rows": 259666, "Plan Width": 32, "Actual Startup Time": 2209.889, "Actual Total Time": 2374.972, "Actual Rows": 434204, "Actual Loops": 1, "Sort Key": ["partsupp.ps_suppkey"], "Sort Method": "quicksort", "Sort Space Used": 52995, "Sort Space Type": "Memory", "Plans": [{"Node Type": "Nested Loop", "Parent Relationship": "Outer", "Join Type": "Inner", "Startup Cost": 1.62, "Total Cost": 936419.45, "Plan Rows": 259666, "Plan Width": 32, "Actual Startup Time": 0.114, "Actual Total Time": 2040.838, "Actual Rows": 434204, "Actual Loops": 1, "Inner Unique": false, "Plans": [{"Node Type": "Seq Scan", "Parent Relationship": "Outer", "Relation Name": "part", "Alias": "part", "Startup Cost": 0.0, "Total Cost": 66944.0, "Plan Rows": 89888, "Plan Width": 8, "Actual Startup Time": 0.042, "Actual Total Time": 1005.368, "Actual Rows": 108551, "Actual Loops": 1, "Filter": "((p_name)::text ~~ '%dim%'::text)", "Rows Removed by Filter": 1891449}, {"Node Type": "Bitmap Heap Scan", "Parent Relationship": "Inner", "Relation Name": "partsupp", "Alias": "partsupp", "Startup Cost": 1.62, "Total Cost": 9.64, "Plan Rows": 3, "Plan Width": 24, "Actual Startup Time": 740.479, "Actual Total Time": 816.068, "Actual Rows": 434204, "Actual Loops": 108551, "Recheck Cond": "(ps_partkey = part.p_partkey)", "Rows Removed by Index Recheck": 0, "Exact Heap Blocks": 118409, "Lossy Heap Blocks": 118409, "Plans": [{"Node Type": "Bitmap Index Scan", "Parent Relationship": "Outer", "Index Name": "idx_partsupp_partkey", "Startup Cost": 0.0, "Total Cost": 1.62, "Plan Rows": 3, "Plan Width": 0, "Actual Startup Time": 384.645, "Actual Total Time": 384.645, "Actual Rows": 434204, "Actual Loops": 108551, "Index Cond": "(ps_partkey = part.p_partkey)"}]}]}]}]}, {"Node Type": "Bitmap Heap Scan", "Parent Relationship": "Inner", "Relation Name": "lineitem", "Alias": "lineitem", "Startup Cost": 0.41, "Total Cost": 4.42, "Plan Rows": 1, "Plan Width": 48, "Actual Startup Time": 5817.744, "Actual Total Time": 13355.633, "Actual Rows": 3256948, "Actual Loops": 434204, "Recheck Cond": "((l_partkey = partsupp.ps_partkey) AND (l_suppkey = partsupp.ps_suppkey))", "Rows Removed by Index Recheck": 0, "Exact Heap Blocks": 3256937, "Lossy Heap Blocks": 3256937, "Plans": [{"Node Type": "Bitmap Index Scan", "Parent Relationship": "Outer", "Index Name": "idx_lineitem_part_supp", "Startup Cost": 0.0, "Total Cost": 0.41, "Plan Rows": 1, "Plan Width": 0, "Actual Startup Time": 3846.805, "Actual Total Time": 3846.805, "Actual Rows": 3256948, "Actual Loops": 434204, "Index Cond": "((l_partkey = partsupp.ps_partkey) AND (l_suppkey = partsupp.ps_suppkey))"}]}]}, {"Node Type": "Bitmap Heap Scan", "Parent Relationship": "Inner", "Relation Name": "orders", "Alias": "orders", "Startup Cost": 0.26, "Total Cost": 4.27, "Plan Rows": 1, "Plan Width": 16, "Actual Startup Time": 26409.645, "Actual Total Time": 26409.645, "Actual Rows": 3256948, "Actual Loops": 3256948, "Recheck Cond": "(o_orderkey = lineitem.l_orderkey)", "Rows Removed by Index Recheck": 0, "Exact Heap Blocks": 3256948, "Lossy Heap Blocks": 3256948, "Plans": [{"Node Type": "Bitmap Index Scan", "Parent Relationship": "Outer", "Index Name": "orders_pkey", "Startup Cost": 0.0, "Total Cost": 0.26, "Plan Rows": 1, "Plan Width": 0, "Actual Startup Time": 17252.605, "Actual Total Time": 17252.605, "Actual Rows": 3256948, "Actual Loops": 3256948, "Index Cond": "(o_orderkey = lineitem.l_orderkey)"}]}]}, {"Node Type": "Bitmap Heap Scan", "Parent Relationship": "Inner", "Relation Name": "nation", "Alias": "nation", "Startup Cost": 0.26, "Total Cost": 4.27, "Plan Rows": 1, "Plan Width": 30, "Actual Startup Time": 7655.239, "Actual Total Time": 7655.239, "Actual Rows": 3256948, "Actual Loops": 3256948, "Recheck Cond": "(n_nationkey = supplier.s_nationkey)", "Rows Removed by Index Recheck": 0, "Exact Heap Blocks": 3256948, "Lossy Heap Blocks": 3256948, "Plans": [{"Node Type": "Bitmap Index Scan", "Parent Relationship": "Outer", "Index Name": "nation_pkey", "Startup Cost": 0.0, "Total Cost": 0.26, "Plan Rows": 1, "Plan Width": 0, "Actual Startup Time": 3346.486, "Actual Total Time": 3346.486, "Actual Rows": 3256948, "Actual Loops": 3256948, "Index Cond": "(n_nationkey = supplier.s_nationkey)"}]}]}]}]}, "Triggers": [], "Planner Runtime": 22.997, "Total Runtime": 72199.636, "Unique SQL Id": 3628361425}}, "(1, 83)": {"explain_plan": {"Plan": {"Node Type": "Aggregate", "Strategy": "Sorted", "Startup Cost": 1000008167021.54, "Total Cost": 1000008167021.58, "Plan Rows": 1, "Plan Width": 74, "Group By Key": ["nation.n_name", "(date_part('year'::text, orders.o_orderdate))"], "Plans": [{"Node Type": "Sort", "Parent Relationship": "Outer", "Startup Cost": 1000008167021.54, "Total Cost": 1000008167021.55, "Plan Rows": 1, "Plan Width": 66, "Sort Key": ["nation.n_name", "(date_part('year'::text, orders.o_orderdate)) DESC"], "Plans": [{"Node Type": "Nested Loop", "Parent Relationship": "Outer", "Join Type": "Inner", "Startup Cost": 10000000002.75, "Total Cost": 1000008167021.53, "Plan Rows": 1, "Plan Width": 66, "Inner Unique": true, "Plans": [{"Node Type": "Nested Loop", "Parent Relationship": "Outer", "Join Type": "Inner", "Startup Cost": 10000000002.5, "Total Cost": 1000008167017.25, "Plan Rows": 1, "Plan Width": 44, "Inner Unique": true, "Plans": [{"Node Type": "Nested Loop", "Parent Relationship": "Outer", "Join Type": "Inner", "Startup Cost": 10000000002.24, "Total Cost": 1000008167012.96, "Plan Rows": 1, "Plan Width": 44, "Inner Unique": true, "Join Filter": "(partsupp.ps_partkey = part.p_partkey)", "Plans": [{"Node Type": "Nested Loop", "Parent Relationship": "Outer", "Join Type": "Inner", "Startup Cost": 10000000001.98, "Total Cost": 1000008166987.25, "Plan Rows": 6, "Plan Width": 60, "Inner Unique": false, "Join Filter": "(supplier.s_suppkey = lineitem.l_suppkey)", "Plans": [{"Node Type": "Nested Loop", "Parent Relationship": "Outer", "Join Type": "Inner", "Startup Cost": 10000000001.57, "Total Cost": 1000002201599.04, "Plan Rows": 1344499, "Plan Width": 36, "Inner Unique": false, "Plans": [{"Node Type": "Index Scan", "Parent Relationship": "Outer", "Scan Direction": "Forward", "Index Name": "idx_supplier_nation_key", "Relation Name": "supplier", "Alias": "supplier", "Startup Cost": 10000000000.0, "Total Cost": 1000001217556.78, "Plan Rows": 100000, "Plan Width": 12}, {"Node Type": "Bitmap Heap Scan", "Parent Relationship": "Inner", "Relation Name": "partsupp", "Alias": "partsupp", "Startup Cost": 1.57, "Total Cost": 9.71, "Plan Rows": 13, "Plan Width": 24, "Recheck Cond": "(ps_suppkey = supplier.s_suppkey)", "Plans": [{"Node Type": "Bitmap Index Scan", "Parent Relationship": "Outer", "Index Name": "idx_partsupp_suppkey", "Startup Cost": 0.0, "Total Cost": 1.56, "Plan Rows": 13, "Plan Width": 0, "Index Cond": "(ps_suppkey = supplier.s_suppkey)"}]}]}, {"Node Type": "Bitmap Heap Scan", "Parent Relationship": "Inner", "Relation Name": "lineitem", "Alias": "lineitem", "Startup Cost": 0.41, "Total Cost": 4.42, "Plan Rows": 1, "Plan Width": 48, "Recheck Cond": "((l_partkey = partsupp.ps_partkey) AND (l_suppkey = partsupp.ps_suppkey))", "Plans": [{"Node Type": "Bitmap Index Scan", "Parent Relationship": "Outer", "Index Name": "idx_lineitem_part_supp", "Startup Cost": 0.0, "Total Cost": 0.41, "Plan Rows": 1, "Plan Width": 0, "Index Cond": "((l_partkey = partsupp.ps_partkey) AND (l_suppkey = partsupp.ps_suppkey))"}]}]}, {"Node Type": "Bitmap Heap Scan", "Parent Relationship": "Inner", "Relation Name": "part", "Alias": "part", "Startup Cost": 0.26, "Total Cost": 4.27, "Plan Rows": 1, "Plan Width": 8, "Recheck Cond": "(p_partkey = lineitem.l_partkey)", "Filter": "((p_name)::text ~~ '%dim%'::text)", "Plans": [{"Node Type": "Bitmap Index Scan", "Parent Relationship": "Outer", "Index Name": "part_kpey", "Startup Cost": 0.0, "Total Cost": 0.26, "Plan Rows": 1, "Plan Width": 0, "Index Cond": "(p_partkey = lineitem.l_partkey)"}]}]}, {"Node Type": "Bitmap Heap Scan", "Parent Relationship": "Inner", "Relation Name": "orders", "Alias": "orders", "Startup Cost": 0.26, "Total Cost": 4.27, "Plan Rows": 1, "Plan Width": 16, "Recheck Cond": "(o_orderkey = lineitem.l_orderkey)", "Plans": [{"Node Type": "Bitmap Index Scan", "Parent Relationship": "Outer", "Index Name": "orders_pkey", "Startup Cost": 0.0, "Total Cost": 0.26, "Plan Rows": 1, "Plan Width": 0, "Index Cond": "(o_orderkey = lineitem.l_orderkey)"}]}]}, {"Node Type": "Bitmap Heap Scan", "Parent Relationship": "Inner", "Relation Name": "nation", "Alias": "nation", "Startup Cost": 0.26, "Total Cost": 4.27, "Plan Rows": 1, "Plan Width": 30, "Recheck Cond": "(n_nationkey = supplier.s_nationkey)", "Plans": [{"Node Type": "Bitmap Index Scan", "Parent Relationship": "Outer", "Index Name": "nation_pkey", "Startup Cost": 0.0, "Total Cost": 0.26, "Plan Rows": 1, "Plan Width": 0, "Index Cond": "(n_nationkey = supplier.s_nationkey)"}]}]}]}]}, "Unique SQL Id": 3628361425}, "explain_analyze_plan": null}, "(1, 84)": {"explain_plan": {"Plan": {"Node Type": "Aggregate", "Strategy": "Sorted", "Startup Cost": 685006.9, "Total Cost": 685006.94, "Plan Rows": 1, "Plan Width": 74, "Group By Key": ["nation.n_name", "(date_part('year'::text, orders.o_orderdate))"], "Plans": [{"Node Type": "Sort", "Parent Relationship": "Outer", "Startup Cost": 685006.9, "Total Cost": 685006.91, "Plan Rows": 1, "Plan Width": 66, "Sort Key": ["nation.n_name", "(date_part('year'::text, orders.o_orderdate)) DESC"], "Plans": [{"Node Type": "Nested Loop", "Parent Relationship": "Outer", "Join Type": "Inner", "Startup Cost": 533118.21, "Total Cost": 685006.89, "Plan Rows": 1, "Plan Width": 66, "Inner Unique": true, "Plans": [{"Node Type": "Nested Loop", "Parent Relationship": "Outer", "Join Type": "Inner", "Startup Cost": 533118.21, "Total Cost": 685006.61, "Plan Rows": 1, "Plan Width": 44, "Inner Unique": true, "Plans": [{"Node Type": "Nested Loop", "Parent Relationship": "Outer", "Join Type": "Inner", "Startup Cost": 533118.21, "Total Cost": 685006.31, "Plan Rows": 1, "Plan Width": 44, "Inner Unique": false, "Join Filter": "(supplier.s_suppkey = lineitem.l_suppkey)", "Plans": [{"Node Type": "Merge Join", "Parent Relationship": "Outer", "Join Type": "Inner", "Startup Cost": 533118.21, "Total Cost": 541257.3, "Plan Rows": 125630, "Plan Width": 44, "Inner Unique": false, "Merge Cond": "(supplier.s_suppkey = partsupp.ps_suppkey)", "Plans": [{"Node Type": "Index Scan", "Parent Relationship": "Outer", "Scan Direction": "Forward", "Index Name": "supplier_pkey", "Relation Name": "supplier", "Alias": "supplier", "Startup Cost": 0.0, "Total Cost": 5334.54, "Plan Rows": 100000, "Plan Width": 12}, {"Node Type": "Sort", "Parent Relationship": "Inner", "Startup Cost": 533118.19, "Total Cost": 533767.36, "Plan Rows": 259666, "Plan Width": 32, "Sort Key": ["partsupp.ps_suppkey"], "Plans": [{"Node Type": "Nested Loop", "Parent Relationship": "Outer", "Join Type": "Inner", "Startup Cost": 0.0, "Total Cost": 509766.04, "Plan Rows": 259666, "Plan Width": 32, "Inner Unique": false, "Plans": [{"Node Type": "Seq Scan", "Parent Relationship": "Outer", "Relation Name": "part", "Alias": "part", "Startup Cost": 0.0, "Total Cost": 66944.0, "Plan Rows": 89888, "Plan Width": 8, "Filter": "((p_name)::text ~~ '%dim%'::text)"}, {"Node Type": "Index Scan", "Parent Relationship": "Inner", "Scan Direction": "Forward", "Index Name": "idx_partsupp_partkey", "Relation Name": "partsupp", "Alias": "partsupp", "Startup Cost": 0.0, "Total Cost": 4.9, "Plan Rows": 3, "Plan Width": 24, "Index Cond": "(ps_partkey = part.p_partkey)"}]}]}]}, {"Node Type": "Index Scan", "Parent Relationship": "Inner", "Scan Direction": "Forward", "Index Name": "idx_lineitem_part_supp", "Relation Name": "lineitem", "Alias": "lineitem", "Startup Cost": 0.0, "Total Cost": 1.13, "Plan Rows": 1, "Plan Width": 48, "Index Cond": "((l_partkey = partsupp.ps_partkey) AND (l_suppkey = partsupp.ps_suppkey))"}]}, {"Node Type": "Index Scan", "Parent Relationship": "Inner", "Scan Direction": "Forward", "Index Name": "orders_pkey", "Relation Name": "orders", "Alias": "orders", "Startup Cost": 0.0, "Total Cost": 0.29, "Plan Rows": 1, "Plan Width": 16, "Index Cond": "(o_orderkey = lineitem.l_orderkey)"}]}, {"Node Type": "Index Scan", "Parent Relationship": "Inner", "Scan Direction": "Forward", "Index Name": "nation_pkey", "Relation Name": "nation", "Alias": "nation", "Startup Cost": 0.0, "Total Cost": 0.27, "Plan Rows": 1, "Plan Width": 30, "Index Cond": "(n_nationkey = supplier.s_nationkey)"}]}]}]}, "Unique SQL Id": 3628361425}, "explain_analyze_plan": {"Plan": {"Node Type": "Aggregate", "Strategy": "Sorted", "Startup Cost": 685006.9, "Total Cost": 685006.94, "Plan Rows": 1, "Plan Width": 74, "Actual Startup Time": 54410.031, "Actual Total Time": 57527.047, "Actual Rows": 175, "Actual Loops": 1, "Group By Key": ["nation.n_name", "(date_part('year'::text, orders.o_orderdate))"], "Plans": [{"Node Type": "Sort", "Parent Relationship": "Outer", "Startup Cost": 685006.9, "Total Cost": 685006.91, "Plan Rows": 1, "Plan Width": 66, "Actual Startup Time": 54399.238, "Actual Total Time": 55187.55, "Actual Rows": 3256948, "Actual Loops": 1, "Sort Key": ["nation.n_name", "(date_part('year'::text, orders.o_orderdate)) DESC"], "Sort Method": "quicksort", "Sort Space Used": 607203, "Sort Space Type": "Memory", "Plans": [{"Node Type": "Nested Loop", "Parent Relationship": "Outer", "Join Type": "Inner", "Startup Cost": 533118.21, "Total Cost": 685006.89, "Plan Rows": 1, "Plan Width": 66, "Actual Startup Time": 2002.136, "Actual Total Time": 49120.694, "Actual Rows": 3256948, "Actual Loops": 1, "Inner Unique": true, "Plans": [{"Node Type": "Nested Loop", "Parent Relationship": "Outer", "Join Type": "Inner", "Startup Cost": 533118.21, "Total Cost": 685006.61, "Plan Rows": 1, "Plan Width": 44, "Actual Startup Time": 2001.941, "Actual Total Time": 40545.539, "Actual Rows": 3256948, "Actual Loops": 1, "Inner Unique": true, "Plans": [{"Node Type": "Nested Loop", "Parent Relationship": "Outer", "Join Type": "Inner", "Startup Cost": 533118.21, "Total Cost": 685006.31, "Plan Rows": 1, "Plan Width": 44, "Actual Startup Time": 2001.913, "Actual Total Time": 15084.562, "Actual Rows": 3256948, "Actual Loops": 1, "Inner Unique": false, "Join Filter": "(supplier.s_suppkey = lineitem.l_suppkey)", "Rows Removed by Join Filter": 0, "Plans": [{"Node Type": "Merge Join", "Parent Relationship": "Outer", "Join Type": "Inner", "Startup Cost": 533118.21, "Total Cost": 541257.3, "Plan Rows": 125630, "Plan Width": 44, "Actual Startup Time": 2001.85, "Actual Total Time": 2474.365, "Actual Rows": 434204, "Actual Loops": 1, "Inner Unique": false, "Merge Cond": "(supplier.s_suppkey = partsupp.ps_suppkey)", "Plans": [{"Node Type": "Index Scan", "Parent Relationship": "Outer", "Scan Direction": "Forward", "Index Name": "supplier_pkey", "Relation Name": "supplier", "Alias": "supplier", "Startup Cost": 0.0, "Total Cost": 5334.54, "Plan Rows": 100000, "Plan Width": 12, "Actual Startup Time": 0.027, "Actual Total Time": 84.668, "Actual Rows": 100000, "Actual Loops": 1}, {"Node Type": "Sort", "Parent Relationship": "Inner", "Startup Cost": 533118.19, "Total Cost": 533767.36, "Plan Rows": 259666, "Plan Width": 32, "Actual Startup Time": 2001.81, "Actual Total Time": 2146.831, "Actual Rows": 434204, "Actual Loops": 1, "Sort Key": ["partsupp.ps_suppkey"], "Sort Method": "quicksort", "Sort Space Used": 52995, "Sort Space Type": "Memory", "Plans": [{"Node Type": "Nested Loop", "Parent Relationship": "Outer", "Join Type": "Inner", "Startup Cost": 0.0, "Total Cost": 509766.04, "Plan Rows": 259666, "Plan Width": 32, "Actual Startup Time": 0.037, "Actual Total Time": 1827.472, "Actual Rows": 434204, "Actual Loops": 1, "Inner Unique": false, "Plans": [{"Node Type": "Seq Scan", "Parent Relationship": "Outer", "Relation Name": "part", "Alias": "part", "Startup Cost": 0.0, "Total Cost": 66944.0, "Plan Rows": 89888, "Plan Width": 8, "Actual Startup Time": 0.026, "Actual Total Time": 988.932, "Actual Rows": 108551, "Actual Loops": 1, "Filter": "((p_name)::text ~~ '%dim%'::text)", "Rows Removed by Filter": 1891449}, {"Node Type": "Index Scan", "Parent Relationship": "Inner", "Scan Direction": "Forward", "Index Name": "idx_partsupp_partkey", "Relation Name": "partsupp", "Alias": "partsupp", "Startup Cost": 0.0, "Total Cost": 4.9, "Plan Rows": 3, "Plan Width": 24, "Actual Startup Time": 486.397, "Actual Total Time": 686.204, "Actual Rows": 434204, "Actual Loops": 108551, "Index Cond": "(ps_partkey = part.p_partkey)", "Rows Removed by Index Recheck": 0}]}]}]}, {"Node Type": "Index Scan", "Parent Relationship": "Inner", "Scan Direction": "Forward", "Index Name": "idx_lineitem_part_supp", "Relation Name": "lineitem", "Alias": "lineitem", "Startup Cost": 0.0, "Total Cost": 1.13, "Plan Rows": 1, "Plan Width": 48, "Actual Startup Time": 4012.701, "Actual Total Time": 10962.364, "Actual Rows": 3256948, "Actual Loops": 434204, "Index Cond": "((l_partkey = partsupp.ps_partkey) AND (l_suppkey = partsupp.ps_suppkey))", "Rows Removed by Index Recheck": 0}]}, {"Node Type": "Index Scan", "Parent Relationship": "Inner", "Scan Direction": "Forward", "Index Name": "orders_pkey", "Relation Name": "orders", "Alias": "orders", "Startup Cost": 0.0, "Total Cost": 0.29, "Plan Rows": 1, "Plan Width": 16, "Actual Startup Time": 22678.508, "Actual Total Time": 22678.508, "Actual Rows": 3256948, "Actual Loops": 3256948, "Index Cond": "(o_orderkey = lineitem.l_orderkey)", "Rows Removed by Index Recheck": 0}]}, {"Node Type": "Index Scan", "Parent Relationship": "Inner", "Scan Direction": "Forward", "Index Name": "nation_pkey", "Relation Name": "nation", "Alias": "nation", "Startup Cost": 0.0, "Total Cost": 0.27, "Plan Rows": 1, "Plan Width": 30, "Actual Startup Time": 4489.403, "Actual Total Time": 4489.403, "Actual Rows": 3256948, "Actual Loops": 3256948, "Index Cond": "(n_nationkey = supplier.s_nationkey)", "Rows Removed by Index Recheck": 0}]}]}]}, "Triggers": [], "Planner Runtime": 26.577, "Total Runtime": 57533.592, "Unique SQL Id": 3628361425}}, "(1, 85)": {"explain_plan": {"Plan": {"Node Type": "Aggregate", "Strategy": "Sorted", "Startup Cost": 723866.15, "Total Cost": 723866.19, "Plan Rows": 1, "Plan Width": 74, "Group By Key": ["nation.n_name", "(date_part('year'::text, orders.o_orderdate))"], "Plans": [{"Node Type": "Sort", "Parent Relationship": "Outer", "Startup Cost": 723866.15, "Total Cost": 723866.16, "Plan Rows": 1, "Plan Width": 66, "Sort Key": ["nation.n_name", "(date_part('year'::text, orders.o_orderdate)) DESC"], "Plans": [{"Node Type": "Nested Loop", "Parent Relationship": "Outer", "Join Type": "Inner", "Startup Cost": 571977.46, "Total Cost": 723866.14, "Plan Rows": 1, "Plan Width": 66, "Inner Unique": true, "Plans": [{"Node Type": "Nested Loop", "Parent Relationship": "Outer", "Join Type": "Inner", "Startup Cost": 571977.46, "Total Cost": 723865.86, "Plan Rows": 1, "Plan Width": 44, "Inner Unique": true, "Plans": [{"Node Type": "Nested Loop", "Parent Relationship": "Outer", "Join Type": "Inner", "Startup Cost": 571977.46, "Total Cost": 723865.56, "Plan Rows": 1, "Plan Width": 44, "Inner Unique": false, "Join Filter": "(supplier.s_suppkey = lineitem.l_suppkey)", "Plans": [{"Node Type": "Merge Join", "Parent Relationship": "Outer", "Join Type": "Inner", "Startup Cost": 571977.46, "Total Cost": 580116.55, "Plan Rows": 125630, "Plan Width": 44, "Inner Unique": false, "Merge Cond": "(supplier.s_suppkey = partsupp.ps_suppkey)", "Plans": [{"Node Type": "Index Scan", "Parent Relationship": "Outer", "Scan Direction": "Forward", "Index Name": "supplier_pkey", "Relation Name": "supplier", "Alias": "supplier", "Startup Cost": 0.0, "Total Cost": 5334.54, "Plan Rows": 100000, "Plan Width": 12}, {"Node Type": "Sort", "Parent Relationship": "Inner", "Startup Cost": 571977.44, "Total Cost": 572626.61, "Plan Rows": 259666, "Plan Width": 32, "Sort Key": ["partsupp.ps_suppkey"], "Plans": [{"Node Type": "Nested Loop", "Parent Relationship": "Outer", "Join Type": "Inner", "Startup Cost": 0.0, "Total Cost": 548625.29, "Plan Rows": 259666, "Plan Width": 32, "Inner Unique": false, "Plans": [{"Node Type": "Index Scan", "Parent Relationship": "Outer", "Scan Direction": "Forward", "Index Name": "part_kpey", "Relation Name": "part", "Alias": "part", "Startup Cost": 0.0, "Total Cost": 105803.25, "Plan Rows": 89888, "Plan Width": 8, "Filter": "((p_name)::text ~~ '%dim%'::text)"}, {"Node Type": "Index Scan", "Parent Relationship": "Inner", "Scan Direction": "Forward", "Index Name": "idx_partsupp_partkey", "Relation Name": "partsupp", "Alias": "partsupp", "Startup Cost": 0.0, "Total Cost": 4.9, "Plan Rows": 3, "Plan Width": 24, "Index Cond": "(ps_partkey = part.p_partkey)"}]}]}]}, {"Node Type": "Index Scan", "Parent Relationship": "Inner", "Scan Direction": "Forward", "Index Name": "idx_lineitem_part_supp", "Relation Name": "lineitem", "Alias": "lineitem", "Startup Cost": 0.0, "Total Cost": 1.13, "Plan Rows": 1, "Plan Width": 48, "Index Cond": "((l_partkey = partsupp.ps_partkey) AND (l_suppkey = partsupp.ps_suppkey))"}]}, {"Node Type": "Index Scan", "Parent Relationship": "Inner", "Scan Direction": "Forward", "Index Name": "orders_pkey", "Relation Name": "orders", "Alias": "orders", "Startup Cost": 0.0, "Total Cost": 0.29, "Plan Rows": 1, "Plan Width": 16, "Index Cond": "(o_orderkey = lineitem.l_orderkey)"}]}, {"Node Type": "Index Scan", "Parent Relationship": "Inner", "Scan Direction": "Forward", "Index Name": "nation_pkey", "Relation Name": "nation", "Alias": "nation", "Startup Cost": 0.0, "Total Cost": 0.27, "Plan Rows": 1, "Plan Width": 30, "Index Cond": "(n_nationkey = supplier.s_nationkey)"}]}]}]}, "Unique SQL Id": 3628361425}, "explain_analyze_plan": {"Plan": {"Node Type": "Aggregate", "Strategy": "Sorted", "Startup Cost": 723866.15, "Total Cost": 723866.19, "Plan Rows": 1, "Plan Width": 74, "Actual Startup Time": 57402.875, "Actual Total Time": 60508.83, "Actual Rows": 175, "Actual Loops": 1, "Group By Key": ["nation.n_name", "(date_part('year'::text, orders.o_orderdate))"], "Plans": [{"Node Type": "Sort", "Parent Relationship": "Outer", "Startup Cost": 723866.15, "Total Cost": 723866.16, "Plan Rows": 1, "Plan Width": 66, "Actual Startup Time": 57391.553, "Actual Total Time": 58143.098, "Actual Rows": 3256948, "Actual Loops": 1, "Sort Key": ["nation.n_name", "(date_part('year'::text, orders.o_orderdate)) DESC"], "Sort Method": "quicksort", "Sort Space Used": 607203, "Sort Space Type": "Memory", "Plans": [{"Node Type": "Nested Loop", "Parent Relationship": "Outer", "Join Type": "Inner", "Startup Cost": 571977.46, "Total Cost": 723866.14, "Plan Rows": 1, "Plan Width": 66, "Actual Startup Time": 2699.003, "Actual Total Time": 51902.529, "Actual Rows": 3256948, "Actual Loops": 1, "Inner Unique": true, "Plans": [{"Node Type": "Nested Loop", "Parent Relationship": "Outer", "Join Type": "Inner", "Startup Cost": 571977.46, "Total Cost": 723865.86, "Plan Rows": 1, "Plan Width": 44, "Actual Startup Time": 2698.975, "Actual Total Time": 43378.566, "Actual Rows": 3256948, "Actual Loops": 1, "Inner Unique": true, "Plans": [{"Node Type": "Nested Loop", "Parent Relationship": "Outer", "Join Type": "Inner", "Startup Cost": 571977.46, "Total Cost": 723865.56, "Plan Rows": 1, "Plan Width": 44, "Actual Startup Time": 2698.955, "Actual Total Time": 16382.08, "Actual Rows": 3256948, "Actual Loops": 1, "Inner Unique": false, "Join Filter": "(supplier.s_suppkey = lineitem.l_suppkey)", "Rows Removed by Join Filter": 0, "Plans": [{"Node Type": "Merge Join", "Parent Relationship": "Outer", "Join Type": "Inner", "Startup Cost": 571977.46, "Total Cost": 580116.55, "Plan Rows": 125630, "Plan Width": 44, "Actual Startup Time": 2698.878, "Actual Total Time": 3164.046, "Actual Rows": 434204, "Actual Loops": 1, "Inner Unique": false, "Merge Cond": "(supplier.s_suppkey = partsupp.ps_suppkey)", "Plans": [{"Node Type": "Index Scan", "Parent Relationship": "Outer", "Scan Direction": "Forward", "Index Name": "supplier_pkey", "Relation Name": "supplier", "Alias": "supplier", "Startup Cost": 0.0, "Total Cost": 5334.54, "Plan Rows": 100000, "Plan Width": 12, "Actual Startup Time": 0.026, "Actual Total Time": 87.242, "Actual Rows": 100000, "Actual Loops": 1}, {"Node Type": "Sort", "Parent Relationship": "Inner", "Startup Cost": 571977.44, "Total Cost": 572626.61, "Plan Rows": 259666, "Plan Width": 32, "Actual Startup Time": 2698.835, "Actual Total Time": 2848.728, "Actual Rows": 434204, "Actual Loops": 1, "Sort Key": ["partsupp.ps_suppkey"], "Sort Method": "quicksort", "Sort Space Used": 52995, "Sort Space Type": "Memory", "Plans": [{"Node Type": "Nested Loop", "Parent Relationship": "Outer", "Join Type": "Inner", "Startup Cost": 0.0, "Total Cost": 548625.29, "Plan Rows": 259666, "Plan Width": 32, "Actual Startup Time": 0.041, "Actual Total Time": 2527.699, "Actual Rows": 434204, "Actual Loops": 1, "Inner Unique": false, "Plans": [{"Node Type": "Index Scan", "Parent Relationship": "Outer", "Scan Direction": "Forward", "Index Name": "part_kpey", "Relation Name": "part", "Alias": "part", "Startup Cost": 0.0, "Total Cost": 105803.25, "Plan Rows": 89888, "Plan Width": 8, "Actual Startup Time": 0.031, "Actual Total Time": 1605.394, "Actual Rows": 108551, "Actual Loops": 1, "Filter": "((p_name)::text ~~ '%dim%'::text)", "Rows Removed by Filter": 1891449}, {"Node Type": "Index Scan", "Parent Relationship": "Inner", "Scan Direction": "Forward", "Index Name": "idx_partsupp_partkey", "Relation Name": "partsupp", "Alias": "partsupp", "Startup Cost": 0.0, "Total Cost": 4.9, "Plan Rows": 3, "Plan Width": 24, "Actual Startup Time": 546.863, "Actual Total Time": 770.605, "Actual Rows": 434204, "Actual Loops": 108551, "Index Cond": "(ps_partkey = part.p_partkey)", "Rows Removed by Index Recheck": 0}]}]}]}, {"Node Type": "Index Scan", "Parent Relationship": "Inner", "Scan Direction": "Forward", "Index Name": "idx_lineitem_part_supp", "Relation Name": "lineitem", "Alias": "lineitem", "Startup Cost": 0.0, "Total Cost": 1.13, "Plan Rows": 1, "Plan Width": 48, "Actual Startup Time": 4136.421, "Actual Total Time": 11612.148, "Actual Rows": 3256948, "Actual Loops": 434204, "Index Cond": "((l_partkey = partsupp.ps_partkey) AND (l_suppkey = partsupp.ps_suppkey))", "Rows Removed by Index Recheck": 0}]}, {"Node Type": "Index Scan", "Parent Relationship": "Inner", "Scan Direction": "Forward", "Index Name": "orders_pkey", "Relation Name": "orders", "Alias": "orders", "Startup Cost": 0.0, "Total Cost": 0.29, "Plan Rows": 1, "Plan Width": 16, "Actual Startup Time": 24192.529, "Actual Total Time": 24192.529, "Actual Rows": 3256948, "Actual Loops": 3256948, "Index Cond": "(o_orderkey = lineitem.l_orderkey)", "Rows Removed by Index Recheck": 0}]}, {"Node Type": "Index Scan", "Parent Relationship": "Inner", "Scan Direction": "Forward", "Index Name": "nation_pkey", "Relation Name": "nation", "Alias": "nation", "Startup Cost": 0.0, "Total Cost": 0.27, "Plan Rows": 1, "Plan Width": 30, "Actual Startup Time": 4459.822, "Actual Total Time": 4459.822, "Actual Rows": 3256948, "Actual Loops": 3256948, "Index Cond": "(n_nationkey = supplier.s_nationkey)", "Rows Removed by Index Recheck": 0}]}]}]}, "Triggers": [], "Planner Runtime": 26.208, "Total Runtime": 60516.121, "Unique SQL Id": 3628361425}}, "(1, 86)": {"explain_plan": {"Plan": {"Node Type": "Aggregate", "Strategy": "Sorted", "Startup Cost": 1531828.5, "Total Cost": 1531828.53, "Plan Rows": 1, "Plan Width": 74, "Group By Key": ["nation.n_name", "(date_part('year'::text, orders.o_orderdate))"], "Plans": [{"Node Type": "Sort", "Parent Relationship": "Outer", "Startup Cost": 1531828.5, "Total Cost": 1531828.5, "Plan Rows": 1, "Plan Width": 66, "Sort Key": ["nation.n_name", "(date_part('year'::text, orders.o_orderdate)) DESC"], "Plans": [{"Node Type": "Nested Loop", "Parent Relationship": "Outer", "Join Type": "Inner", "Startup Cost": 971360.37, "Total Cost": 1531828.49, "Plan Rows": 1, "Plan Width": 66, "Inner Unique": true, "Plans": [{"Node Type": "Nested Loop", "Parent Relationship": "Outer", "Join Type": "Inner", "Startup Cost": 971360.11, "Total Cost": 1531824.2, "Plan Rows": 1, "Plan Width": 44, "Inner Unique": true, "Plans": [{"Node Type": "Nested Loop", "Parent Relationship": "Outer", "Join Type": "Inner", "Startup Cost": 971359.85, "Total Cost": 1531819.92, "Plan Rows": 1, "Plan Width": 44, "Inner Unique": false, "Join Filter": "(supplier.s_suppkey = lineitem.l_suppkey)", "Plans": [{"Node Type": "Merge Join", "Parent Relationship": "Outer", "Join Type": "Inner", "Startup Cost": 971359.44, "Total Cost": 974413.99, "Plan Rows": 125630, "Plan Width": 44, "Inner Unique": false, "Merge Cond": "(supplier.s_suppkey = partsupp.ps_suppkey)", "Plans": [{"Node Type": "Sort", "Parent Relationship": "Outer", "Startup Cost": 11587.82, "Total Cost": 11837.82, "Plan Rows": 100000, "Plan Width": 12, "Sort Key": ["supplier.s_suppkey"], "Plans": [{"Node Type": "Seq Scan", "Parent Relationship": "Outer", "Relation Name": "supplier", "Alias": "supplier", "Startup Cost": 0.0, "Total Cost": 3283.0, "Plan Rows": 100000, "Plan Width": 12}]}, {"Node Type": "Sort", "Parent Relationship": "Inner", "Startup Cost": 959771.6, "Total Cost": 960420.77, "Plan Rows": 259666, "Plan Width": 32, "Sort Key": ["partsupp.ps_suppkey"], "Plans": [{"Node Type": "Nested Loop", "Parent Relationship": "Outer", "Join Type": "Inner", "Startup Cost": 1.62, "Total Cost": 936419.45, "Plan Rows": 259666, "Plan Width": 32, "Inner Unique": false, "Plans": [{"Node Type": "Seq Scan", "Parent Relationship": "Outer", "Relation Name": "part", "Alias": "part", "Startup Cost": 0.0, "Total Cost": 66944.0, "Plan Rows": 89888, "Plan Width": 8, "Filter": "((p_name)::text ~~ '%dim%'::text)"}, {"Node Type": "Bitmap Heap Scan", "Parent Relationship": "Inner", "Relation Name": "partsupp", "Alias": "partsupp", "Startup Cost": 1.62, "Total Cost": 9.64, "Plan Rows": 3, "Plan Width": 24, "Recheck Cond": "(ps_partkey = part.p_partkey)", "Plans": [{"Node Type": "Bitmap Index Scan", "Parent Relationship": "Outer", "Index Name": "idx_partsupp_partkey", "Startup Cost": 0.0, "Total Cost": 1.62, "Plan Rows": 3, "Plan Width": 0, "Index Cond": "(ps_partkey = part.p_partkey)"}]}]}]}]}, {"Node Type": "Bitmap Heap Scan", "Parent Relationship": "Inner", "Relation Name": "lineitem", "Alias": "lineitem", "Startup Cost": 0.41, "Total Cost": 4.42, "Plan Rows": 1, "Plan Width": 48, "Recheck Cond": "((l_partkey = partsupp.ps_partkey) AND (l_suppkey = partsupp.ps_suppkey))", "Plans": [{"Node Type": "Bitmap Index Scan", "Parent Relationship": "Outer", "Index Name": "idx_lineitem_part_supp", "Startup Cost": 0.0, "Total Cost": 0.41, "Plan Rows": 1, "Plan Width": 0, "Index Cond": "((l_partkey = partsupp.ps_partkey) AND (l_suppkey = partsupp.ps_suppkey))"}]}]}, {"Node Type": "Bitmap Heap Scan", "Parent Relationship": "Inner", "Relation Name": "orders", "Alias": "orders", "Startup Cost": 0.26, "Total Cost": 4.27, "Plan Rows": 1, "Plan Width": 16, "Recheck Cond": "(o_orderkey = lineitem.l_orderkey)", "Plans": [{"Node Type": "Bitmap Index Scan", "Parent Relationship": "Outer", "Index Name": "orders_pkey", "Startup Cost": 0.0, "Total Cost": 0.26, "Plan Rows": 1, "Plan Width": 0, "Index Cond": "(o_orderkey = lineitem.l_orderkey)"}]}]}, {"Node Type": "Bitmap Heap Scan", "Parent Relationship": "Inner", "Relation Name": "nation", "Alias": "nation", "Startup Cost": 0.26, "Total Cost": 4.27, "Plan Rows": 1, "Plan Width": 30, "Recheck Cond": "(n_nationkey = supplier.s_nationkey)", "Plans": [{"Node Type": "Bitmap Index Scan", "Parent Relationship": "Outer", "Index Name": "nation_pkey", "Startup Cost": 0.0, "Total Cost": 0.26, "Plan Rows": 1, "Plan Width": 0, "Index Cond": "(n_nationkey = supplier.s_nationkey)"}]}]}]}]}, "Unique SQL Id": 3628361425}, "explain_analyze_plan": {"Plan": {"Node Type": "Aggregate", "Strategy": "Sorted", "Startup Cost": 1531828.5, "Total Cost": 1531828.53, "Plan Rows": 1, "Plan Width": 74, "Actual Startup Time": 68966.678, "Actual Total Time": 72191.569, "Actual Rows": 175, "Actual Loops": 1, "Group By Key": ["nation.n_name", "(date_part('year'::text, orders.o_orderdate))"], "Plans": [{"Node Type": "Sort", "Parent Relationship": "Outer", "Startup Cost": 1531828.5, "Total Cost": 1531828.5, "Plan Rows": 1, "Plan Width": 66, "Actual Startup Time": 68954.748, "Actual Total Time": 69781.669, "Actual Rows": 3256948, "Actual Loops": 1, "Sort Key": ["nation.n_name", "(date_part('year'::text, orders.o_orderdate)) DESC"], "Sort Method": "quicksort", "Sort Space Used": 607203, "Sort Space Type": "Memory", "Plans": [{"Node Type": "Nested Loop", "Parent Relationship": "Outer", "Join Type": "Inner", "Startup Cost": 971360.37, "Total Cost": 1531828.49, "Plan Rows": 1, "Plan Width": 66, "Actual Startup Time": 2274.578, "Actual Total Time": 62810.885, "Actual Rows": 3256948, "Actual Loops": 1, "Inner Unique": true, "Plans": [{"Node Type": "Nested Loop", "Parent Relationship": "Outer", "Join Type": "Inner", "Startup Cost": 971360.11, "Total Cost": 1531824.2, "Plan Rows": 1, "Plan Width": 44, "Actual Startup Time": 2274.535, "Actual Total Time": 49073.738, "Actual Rows": 3256948, "Actual Loops": 1, "Inner Unique": true, "Plans": [{"Node Type": "Nested Loop", "Parent Relationship": "Outer", "Join Type": "Inner", "Startup Cost": 971359.85, "Total Cost": 1531819.92, "Plan Rows": 1, "Plan Width": 44, "Actual Startup Time": 2274.474, "Actual Total Time": 18137.942, "Actual Rows": 3256948, "Actual Loops": 1, "Inner Unique": false, "Join Filter": "(supplier.s_suppkey = lineitem.l_suppkey)", "Rows Removed by Join Filter": 0, "Plans": [{"Node Type": "Merge Join", "Parent Relationship": "Outer", "Join Type": "Inner", "Startup Cost": 971359.44, "Total Cost": 974413.99, "Plan Rows": 125630, "Plan Width": 44, "Actual Startup Time": 2274.367, "Actual Total Time": 2742.174, "Actual Rows": 434204, "Actual Loops": 1, "Inner Unique": false, "Merge Cond": "(supplier.s_suppkey = partsupp.ps_suppkey)", "Plans": [{"Node Type": "Sort", "Parent Relationship": "Outer", "Startup Cost": 11587.82, "Total Cost": 11837.82, "Plan Rows": 100000, "Plan Width": 12, "Actual Startup Time": 64.457, "Actual Total Time": 88.608, "Actual Rows": 100000, "Actual Loops": 1, "Sort Key": ["supplier.s_suppkey"], "Sort Method": "quicksort", "Sort Space Used": 12448, "Sort Space Type": "Memory", "Plans": [{"Node Type": "Seq Scan", "Parent Relationship": "Outer", "Relation Name": "supplier", "Alias": "supplier", "Startup Cost": 0.0, "Total Cost": 3283.0, "Plan Rows": 100000, "Plan Width": 12, "Actual Startup Time": 0.022, "Actual Total Time": 33.968, "Actual Rows": 100000, "Actual Loops": 1}]}, {"Node Type": "Sort", "Parent Relationship": "Inner", "Startup Cost": 959771.6, "Total Cost": 960420.77, "Plan Rows": 259666, "Plan Width": 32, "Actual Startup Time": 2209.889, "Actual Total Time": 2374.972, "Actual Rows": 434204, "Actual Loops": 1, "Sort Key": ["partsupp.ps_suppkey"], "Sort Method": "quicksort", "Sort Space Used": 52995, "Sort Space Type": "Memory", "Plans": [{"Node Type": "Nested Loop", "Parent Relationship": "Outer", "Join Type": "Inner", "Startup Cost": 1.62, "Total Cost": 936419.45, "Plan Rows": 259666, "Plan Width": 32, "Actual Startup Time": 0.114, "Actual Total Time": 2040.838, "Actual Rows": 434204, "Actual Loops": 1, "Inner Unique": false, "Plans": [{"Node Type": "Seq Scan", "Parent Relationship": "Outer", "Relation Name": "part", "Alias": "part", "Startup Cost": 0.0, "Total Cost": 66944.0, "Plan Rows": 89888, "Plan Width": 8, "Actual Startup Time": 0.042, "Actual Total Time": 1005.368, "Actual Rows": 108551, "Actual Loops": 1, "Filter": "((p_name)::text ~~ '%dim%'::text)", "Rows Removed by Filter": 1891449}, {"Node Type": "Bitmap Heap Scan", "Parent Relationship": "Inner", "Relation Name": "partsupp", "Alias": "partsupp", "Startup Cost": 1.62, "Total Cost": 9.64, "Plan Rows": 3, "Plan Width": 24, "Actual Startup Time": 740.479, "Actual Total Time": 816.068, "Actual Rows": 434204, "Actual Loops": 108551, "Recheck Cond": "(ps_partkey = part.p_partkey)", "Rows Removed by Index Recheck": 0, "Exact Heap Blocks": 118409, "Lossy Heap Blocks": 118409, "Plans": [{"Node Type": "Bitmap Index Scan", "Parent Relationship": "Outer", "Index Name": "idx_partsupp_partkey", "Startup Cost": 0.0, "Total Cost": 1.62, "Plan Rows": 3, "Plan Width": 0, "Actual Startup Time": 384.645, "Actual Total Time": 384.645, "Actual Rows": 434204, "Actual Loops": 108551, "Index Cond": "(ps_partkey = part.p_partkey)"}]}]}]}]}, {"Node Type": "Bitmap Heap Scan", "Parent Relationship": "Inner", "Relation Name": "lineitem", "Alias": "lineitem", "Startup Cost": 0.41, "Total Cost": 4.42, "Plan Rows": 1, "Plan Width": 48, "Actual Startup Time": 5817.744, "Actual Total Time": 13355.633, "Actual Rows": 3256948, "Actual Loops": 434204, "Recheck Cond": "((l_partkey = partsupp.ps_partkey) AND (l_suppkey = partsupp.ps_suppkey))", "Rows Removed by Index Recheck": 0, "Exact Heap Blocks": 3256937, "Lossy Heap Blocks": 3256937, "Plans": [{"Node Type": "Bitmap Index Scan", "Parent Relationship": "Outer", "Index Name": "idx_lineitem_part_supp", "Startup Cost": 0.0, "Total Cost": 0.41, "Plan Rows": 1, "Plan Width": 0, "Actual Startup Time": 3846.805, "Actual Total Time": 3846.805, "Actual Rows": 3256948, "Actual Loops": 434204, "Index Cond": "((l_partkey = partsupp.ps_partkey) AND (l_suppkey = partsupp.ps_suppkey))"}]}]}, {"Node Type": "Bitmap Heap Scan", "Parent Relationship": "Inner", "Relation Name": "orders", "Alias": "orders", "Startup Cost": 0.26, "Total Cost": 4.27, "Plan Rows": 1, "Plan Width": 16, "Actual Startup Time": 26409.645, "Actual Total Time": 26409.645, "Actual Rows": 3256948, "Actual Loops": 3256948, "Recheck Cond": "(o_orderkey = lineitem.l_orderkey)", "Rows Removed by Index Recheck": 0, "Exact Heap Blocks": 3256948, "Lossy Heap Blocks": 3256948, "Plans": [{"Node Type": "Bitmap Index Scan", "Parent Relationship": "Outer", "Index Name": "orders_pkey", "Startup Cost": 0.0, "Total Cost": 0.26, "Plan Rows": 1, "Plan Width": 0, "Actual Startup Time": 17252.605, "Actual Total Time": 17252.605, "Actual Rows": 3256948, "Actual Loops": 3256948, "Index Cond": "(o_orderkey = lineitem.l_orderkey)"}]}]}, {"Node Type": "Bitmap Heap Scan", "Parent Relationship": "Inner", "Relation Name": "nation", "Alias": "nation", "Startup Cost": 0.26, "Total Cost": 4.27, "Plan Rows": 1, "Plan Width": 30, "Actual Startup Time": 7655.239, "Actual Total Time": 7655.239, "Actual Rows": 3256948, "Actual Loops": 3256948, "Recheck Cond": "(n_nationkey = supplier.s_nationkey)", "Rows Removed by Index Recheck": 0, "Exact Heap Blocks": 3256948, "Lossy Heap Blocks": 3256948, "Plans": [{"Node Type": "Bitmap Index Scan", "Parent Relationship": "Outer", "Index Name": "nation_pkey", "Startup Cost": 0.0, "Total Cost": 0.26, "Plan Rows": 1, "Plan Width": 0, "Actual Startup Time": 3346.486, "Actual Total Time": 3346.486, "Actual Rows": 3256948, "Actual Loops": 3256948, "Index Cond": "(n_nationkey = supplier.s_nationkey)"}]}]}]}]}, "Triggers": [], "Planner Runtime": 22.997, "Total Runtime": 72199.636, "Unique SQL Id": 3628361425}}, "(1, 87)": {"explain_plan": {"Plan": {"Node Type": "Aggregate", "Strategy": "Sorted", "Startup Cost": 1000008167021.54, "Total Cost": 1000008167021.58, "Plan Rows": 1, "Plan Width": 74, "Group By Key": ["nation.n_name", "(date_part('year'::text, orders.o_orderdate))"], "Plans": [{"Node Type": "Sort", "Parent Relationship": "Outer", "Startup Cost": 1000008167021.54, "Total Cost": 1000008167021.55, "Plan Rows": 1, "Plan Width": 66, "Sort Key": ["nation.n_name", "(date_part('year'::text, orders.o_orderdate)) DESC"], "Plans": [{"Node Type": "Nested Loop", "Parent Relationship": "Outer", "Join Type": "Inner", "Startup Cost": 10000000002.75, "Total Cost": 1000008167021.53, "Plan Rows": 1, "Plan Width": 66, "Inner Unique": true, "Plans": [{"Node Type": "Nested Loop", "Parent Relationship": "Outer", "Join Type": "Inner", "Startup Cost": 10000000002.5, "Total Cost": 1000008167017.25, "Plan Rows": 1, "Plan Width": 44, "Inner Unique": true, "Plans": [{"Node Type": "Nested Loop", "Parent Relationship": "Outer", "Join Type": "Inner", "Startup Cost": 10000000002.24, "Total Cost": 1000008167012.96, "Plan Rows": 1, "Plan Width": 44, "Inner Unique": true, "Join Filter": "(partsupp.ps_partkey = part.p_partkey)", "Plans": [{"Node Type": "Nested Loop", "Parent Relationship": "Outer", "Join Type": "Inner", "Startup Cost": 10000000001.98, "Total Cost": 1000008166987.25, "Plan Rows": 6, "Plan Width": 60, "Inner Unique": false, "Join Filter": "(supplier.s_suppkey = lineitem.l_suppkey)", "Plans": [{"Node Type": "Nested Loop", "Parent Relationship": "Outer", "Join Type": "Inner", "Startup Cost": 10000000001.57, "Total Cost": 1000002201599.04, "Plan Rows": 1344499, "Plan Width": 36, "Inner Unique": false, "Plans": [{"Node Type": "Index Scan", "Parent Relationship": "Outer", "Scan Direction": "Forward", "Index Name": "idx_supplier_nation_key", "Relation Name": "supplier", "Alias": "supplier", "Startup Cost": 10000000000.0, "Total Cost": 1000001217556.78, "Plan Rows": 100000, "Plan Width": 12}, {"Node Type": "Bitmap Heap Scan", "Parent Relationship": "Inner", "Relation Name": "partsupp", "Alias": "partsupp", "Startup Cost": 1.57, "Total Cost": 9.71, "Plan Rows": 13, "Plan Width": 24, "Recheck Cond": "(ps_suppkey = supplier.s_suppkey)", "Plans": [{"Node Type": "Bitmap Index Scan", "Parent Relationship": "Outer", "Index Name": "idx_partsupp_suppkey", "Startup Cost": 0.0, "Total Cost": 1.56, "Plan Rows": 13, "Plan Width": 0, "Index Cond": "(ps_suppkey = supplier.s_suppkey)"}]}]}, {"Node Type": "Bitmap Heap Scan", "Parent Relationship": "Inner", "Relation Name": "lineitem", "Alias": "lineitem", "Startup Cost": 0.41, "Total Cost": 4.42, "Plan Rows": 1, "Plan Width": 48, "Recheck Cond": "((l_partkey = partsupp.ps_partkey) AND (l_suppkey = partsupp.ps_suppkey))", "Plans": [{"Node Type": "Bitmap Index Scan", "Parent Relationship": "Outer", "Index Name": "idx_lineitem_part_supp", "Startup Cost": 0.0, "Total Cost": 0.41, "Plan Rows": 1, "Plan Width": 0, "Index Cond": "((l_partkey = partsupp.ps_partkey) AND (l_suppkey = partsupp.ps_suppkey))"}]}]}, {"Node Type": "Bitmap Heap Scan", "Parent Relationship": "Inner", "Relation Name": "part", "Alias": "part", "Startup Cost": 0.26, "Total Cost": 4.27, "Plan Rows": 1, "Plan Width": 8, "Recheck Cond": "(p_partkey = lineitem.l_partkey)", "Filter": "((p_name)::text ~~ '%dim%'::text)", "Plans": [{"Node Type": "Bitmap Index Scan", "Parent Relationship": "Outer", "Index Name": "part_kpey", "Startup Cost": 0.0, "Total Cost": 0.26, "Plan Rows": 1, "Plan Width": 0, "Index Cond": "(p_partkey = lineitem.l_partkey)"}]}]}, {"Node Type": "Bitmap Heap Scan", "Parent Relationship": "Inner", "Relation Name": "orders", "Alias": "orders", "Startup Cost": 0.26, "Total Cost": 4.27, "Plan Rows": 1, "Plan Width": 16, "Recheck Cond": "(o_orderkey = lineitem.l_orderkey)", "Plans": [{"Node Type": "Bitmap Index Scan", "Parent Relationship": "Outer", "Index Name": "orders_pkey", "Startup Cost": 0.0, "Total Cost": 0.26, "Plan Rows": 1, "Plan Width": 0, "Index Cond": "(o_orderkey = lineitem.l_orderkey)"}]}]}, {"Node Type": "Bitmap Heap Scan", "Parent Relationship": "Inner", "Relation Name": "nation", "Alias": "nation", "Startup Cost": 0.26, "Total Cost": 4.27, "Plan Rows": 1, "Plan Width": 30, "Recheck Cond": "(n_nationkey = supplier.s_nationkey)", "Plans": [{"Node Type": "Bitmap Index Scan", "Parent Relationship": "Outer", "Index Name": "nation_pkey", "Startup Cost": 0.0, "Total Cost": 0.26, "Plan Rows": 1, "Plan Width": 0, "Index Cond": "(n_nationkey = supplier.s_nationkey)"}]}]}]}]}, "Unique SQL Id": 3628361425}, "explain_analyze_plan": null}, "(1, 88)": {"explain_plan": {"Plan": {"Node Type": "Aggregate", "Strategy": "Sorted", "Startup Cost": 685006.9, "Total Cost": 685006.94, "Plan Rows": 1, "Plan Width": 74, "Group By Key": ["nation.n_name", "(date_part('year'::text, orders.o_orderdate))"], "Plans": [{"Node Type": "Sort", "Parent Relationship": "Outer", "Startup Cost": 685006.9, "Total Cost": 685006.91, "Plan Rows": 1, "Plan Width": 66, "Sort Key": ["nation.n_name", "(date_part('year'::text, orders.o_orderdate)) DESC"], "Plans": [{"Node Type": "Nested Loop", "Parent Relationship": "Outer", "Join Type": "Inner", "Startup Cost": 533118.21, "Total Cost": 685006.89, "Plan Rows": 1, "Plan Width": 66, "Inner Unique": true, "Plans": [{"Node Type": "Nested Loop", "Parent Relationship": "Outer", "Join Type": "Inner", "Startup Cost": 533118.21, "Total Cost": 685006.61, "Plan Rows": 1, "Plan Width": 44, "Inner Unique": true, "Plans": [{"Node Type": "Nested Loop", "Parent Relationship": "Outer", "Join Type": "Inner", "Startup Cost": 533118.21, "Total Cost": 685006.31, "Plan Rows": 1, "Plan Width": 44, "Inner Unique": false, "Join Filter": "(supplier.s_suppkey = lineitem.l_suppkey)", "Plans": [{"Node Type": "Merge Join", "Parent Relationship": "Outer", "Join Type": "Inner", "Startup Cost": 533118.21, "Total Cost": 541257.3, "Plan Rows": 125630, "Plan Width": 44, "Inner Unique": false, "Merge Cond": "(supplier.s_suppkey = partsupp.ps_suppkey)", "Plans": [{"Node Type": "Index Scan", "Parent Relationship": "Outer", "Scan Direction": "Forward", "Index Name": "supplier_pkey", "Relation Name": "supplier", "Alias": "supplier", "Startup Cost": 0.0, "Total Cost": 5334.54, "Plan Rows": 100000, "Plan Width": 12}, {"Node Type": "Sort", "Parent Relationship": "Inner", "Startup Cost": 533118.19, "Total Cost": 533767.36, "Plan Rows": 259666, "Plan Width": 32, "Sort Key": ["partsupp.ps_suppkey"], "Plans": [{"Node Type": "Nested Loop", "Parent Relationship": "Outer", "Join Type": "Inner", "Startup Cost": 0.0, "Total Cost": 509766.04, "Plan Rows": 259666, "Plan Width": 32, "Inner Unique": false, "Plans": [{"Node Type": "Seq Scan", "Parent Relationship": "Outer", "Relation Name": "part", "Alias": "part", "Startup Cost": 0.0, "Total Cost": 66944.0, "Plan Rows": 89888, "Plan Width": 8, "Filter": "((p_name)::text ~~ '%dim%'::text)"}, {"Node Type": "Index Scan", "Parent Relationship": "Inner", "Scan Direction": "Forward", "Index Name": "idx_partsupp_partkey", "Relation Name": "partsupp", "Alias": "partsupp", "Startup Cost": 0.0, "Total Cost": 4.9, "Plan Rows": 3, "Plan Width": 24, "Index Cond": "(ps_partkey = part.p_partkey)"}]}]}]}, {"Node Type": "Index Scan", "Parent Relationship": "Inner", "Scan Direction": "Forward", "Index Name": "idx_lineitem_part_supp", "Relation Name": "lineitem", "Alias": "lineitem", "Startup Cost": 0.0, "Total Cost": 1.13, "Plan Rows": 1, "Plan Width": 48, "Index Cond": "((l_partkey = partsupp.ps_partkey) AND (l_suppkey = partsupp.ps_suppkey))"}]}, {"Node Type": "Index Scan", "Parent Relationship": "Inner", "Scan Direction": "Forward", "Index Name": "orders_pkey", "Relation Name": "orders", "Alias": "orders", "Startup Cost": 0.0, "Total Cost": 0.29, "Plan Rows": 1, "Plan Width": 16, "Index Cond": "(o_orderkey = lineitem.l_orderkey)"}]}, {"Node Type": "Index Scan", "Parent Relationship": "Inner", "Scan Direction": "Forward", "Index Name": "nation_pkey", "Relation Name": "nation", "Alias": "nation", "Startup Cost": 0.0, "Total Cost": 0.27, "Plan Rows": 1, "Plan Width": 30, "Index Cond": "(n_nationkey = supplier.s_nationkey)"}]}]}]}, "Unique SQL Id": 3628361425}, "explain_analyze_plan": {"Plan": {"Node Type": "Aggregate", "Strategy": "Sorted", "Startup Cost": 685006.9, "Total Cost": 685006.94, "Plan Rows": 1, "Plan Width": 74, "Actual Startup Time": 54410.031, "Actual Total Time": 57527.047, "Actual Rows": 175, "Actual Loops": 1, "Group By Key": ["nation.n_name", "(date_part('year'::text, orders.o_orderdate))"], "Plans": [{"Node Type": "Sort", "Parent Relationship": "Outer", "Startup Cost": 685006.9, "Total Cost": 685006.91, "Plan Rows": 1, "Plan Width": 66, "Actual Startup Time": 54399.238, "Actual Total Time": 55187.55, "Actual Rows": 3256948, "Actual Loops": 1, "Sort Key": ["nation.n_name", "(date_part('year'::text, orders.o_orderdate)) DESC"], "Sort Method": "quicksort", "Sort Space Used": 607203, "Sort Space Type": "Memory", "Plans": [{"Node Type": "Nested Loop", "Parent Relationship": "Outer", "Join Type": "Inner", "Startup Cost": 533118.21, "Total Cost": 685006.89, "Plan Rows": 1, "Plan Width": 66, "Actual Startup Time": 2002.136, "Actual Total Time": 49120.694, "Actual Rows": 3256948, "Actual Loops": 1, "Inner Unique": true, "Plans": [{"Node Type": "Nested Loop", "Parent Relationship": "Outer", "Join Type": "Inner", "Startup Cost": 533118.21, "Total Cost": 685006.61, "Plan Rows": 1, "Plan Width": 44, "Actual Startup Time": 2001.941, "Actual Total Time": 40545.539, "Actual Rows": 3256948, "Actual Loops": 1, "Inner Unique": true, "Plans": [{"Node Type": "Nested Loop", "Parent Relationship": "Outer", "Join Type": "Inner", "Startup Cost": 533118.21, "Total Cost": 685006.31, "Plan Rows": 1, "Plan Width": 44, "Actual Startup Time": 2001.913, "Actual Total Time": 15084.562, "Actual Rows": 3256948, "Actual Loops": 1, "Inner Unique": false, "Join Filter": "(supplier.s_suppkey = lineitem.l_suppkey)", "Rows Removed by Join Filter": 0, "Plans": [{"Node Type": "Merge Join", "Parent Relationship": "Outer", "Join Type": "Inner", "Startup Cost": 533118.21, "Total Cost": 541257.3, "Plan Rows": 125630, "Plan Width": 44, "Actual Startup Time": 2001.85, "Actual Total Time": 2474.365, "Actual Rows": 434204, "Actual Loops": 1, "Inner Unique": false, "Merge Cond": "(supplier.s_suppkey = partsupp.ps_suppkey)", "Plans": [{"Node Type": "Index Scan", "Parent Relationship": "Outer", "Scan Direction": "Forward", "Index Name": "supplier_pkey", "Relation Name": "supplier", "Alias": "supplier", "Startup Cost": 0.0, "Total Cost": 5334.54, "Plan Rows": 100000, "Plan Width": 12, "Actual Startup Time": 0.027, "Actual Total Time": 84.668, "Actual Rows": 100000, "Actual Loops": 1}, {"Node Type": "Sort", "Parent Relationship": "Inner", "Startup Cost": 533118.19, "Total Cost": 533767.36, "Plan Rows": 259666, "Plan Width": 32, "Actual Startup Time": 2001.81, "Actual Total Time": 2146.831, "Actual Rows": 434204, "Actual Loops": 1, "Sort Key": ["partsupp.ps_suppkey"], "Sort Method": "quicksort", "Sort Space Used": 52995, "Sort Space Type": "Memory", "Plans": [{"Node Type": "Nested Loop", "Parent Relationship": "Outer", "Join Type": "Inner", "Startup Cost": 0.0, "Total Cost": 509766.04, "Plan Rows": 259666, "Plan Width": 32, "Actual Startup Time": 0.037, "Actual Total Time": 1827.472, "Actual Rows": 434204, "Actual Loops": 1, "Inner Unique": false, "Plans": [{"Node Type": "Seq Scan", "Parent Relationship": "Outer", "Relation Name": "part", "Alias": "part", "Startup Cost": 0.0, "Total Cost": 66944.0, "Plan Rows": 89888, "Plan Width": 8, "Actual Startup Time": 0.026, "Actual Total Time": 988.932, "Actual Rows": 108551, "Actual Loops": 1, "Filter": "((p_name)::text ~~ '%dim%'::text)", "Rows Removed by Filter": 1891449}, {"Node Type": "Index Scan", "Parent Relationship": "Inner", "Scan Direction": "Forward", "Index Name": "idx_partsupp_partkey", "Relation Name": "partsupp", "Alias": "partsupp", "Startup Cost": 0.0, "Total Cost": 4.9, "Plan Rows": 3, "Plan Width": 24, "Actual Startup Time": 486.397, "Actual Total Time": 686.204, "Actual Rows": 434204, "Actual Loops": 108551, "Index Cond": "(ps_partkey = part.p_partkey)", "Rows Removed by Index Recheck": 0}]}]}]}, {"Node Type": "Index Scan", "Parent Relationship": "Inner", "Scan Direction": "Forward", "Index Name": "idx_lineitem_part_supp", "Relation Name": "lineitem", "Alias": "lineitem", "Startup Cost": 0.0, "Total Cost": 1.13, "Plan Rows": 1, "Plan Width": 48, "Actual Startup Time": 4012.701, "Actual Total Time": 10962.364, "Actual Rows": 3256948, "Actual Loops": 434204, "Index Cond": "((l_partkey = partsupp.ps_partkey) AND (l_suppkey = partsupp.ps_suppkey))", "Rows Removed by Index Recheck": 0}]}, {"Node Type": "Index Scan", "Parent Relationship": "Inner", "Scan Direction": "Forward", "Index Name": "orders_pkey", "Relation Name": "orders", "Alias": "orders", "Startup Cost": 0.0, "Total Cost": 0.29, "Plan Rows": 1, "Plan Width": 16, "Actual Startup Time": 22678.508, "Actual Total Time": 22678.508, "Actual Rows": 3256948, "Actual Loops": 3256948, "Index Cond": "(o_orderkey = lineitem.l_orderkey)", "Rows Removed by Index Recheck": 0}]}, {"Node Type": "Index Scan", "Parent Relationship": "Inner", "Scan Direction": "Forward", "Index Name": "nation_pkey", "Relation Name": "nation", "Alias": "nation", "Startup Cost": 0.0, "Total Cost": 0.27, "Plan Rows": 1, "Plan Width": 30, "Actual Startup Time": 4489.403, "Actual Total Time": 4489.403, "Actual Rows": 3256948, "Actual Loops": 3256948, "Index Cond": "(n_nationkey = supplier.s_nationkey)", "Rows Removed by Index Recheck": 0}]}]}]}, "Triggers": [], "Planner Runtime": 26.577, "Total Runtime": 57533.592, "Unique SQL Id": 3628361425}}, "(1, 89)": {"explain_plan": {"Plan": {"Node Type": "Aggregate", "Strategy": "Sorted", "Startup Cost": 723866.15, "Total Cost": 723866.19, "Plan Rows": 1, "Plan Width": 74, "Group By Key": ["nation.n_name", "(date_part('year'::text, orders.o_orderdate))"], "Plans": [{"Node Type": "Sort", "Parent Relationship": "Outer", "Startup Cost": 723866.15, "Total Cost": 723866.16, "Plan Rows": 1, "Plan Width": 66, "Sort Key": ["nation.n_name", "(date_part('year'::text, orders.o_orderdate)) DESC"], "Plans": [{"Node Type": "Nested Loop", "Parent Relationship": "Outer", "Join Type": "Inner", "Startup Cost": 571977.46, "Total Cost": 723866.14, "Plan Rows": 1, "Plan Width": 66, "Inner Unique": true, "Plans": [{"Node Type": "Nested Loop", "Parent Relationship": "Outer", "Join Type": "Inner", "Startup Cost": 571977.46, "Total Cost": 723865.86, "Plan Rows": 1, "Plan Width": 44, "Inner Unique": true, "Plans": [{"Node Type": "Nested Loop", "Parent Relationship": "Outer", "Join Type": "Inner", "Startup Cost": 571977.46, "Total Cost": 723865.56, "Plan Rows": 1, "Plan Width": 44, "Inner Unique": false, "Join Filter": "(supplier.s_suppkey = lineitem.l_suppkey)", "Plans": [{"Node Type": "Merge Join", "Parent Relationship": "Outer", "Join Type": "Inner", "Startup Cost": 571977.46, "Total Cost": 580116.55, "Plan Rows": 125630, "Plan Width": 44, "Inner Unique": false, "Merge Cond": "(supplier.s_suppkey = partsupp.ps_suppkey)", "Plans": [{"Node Type": "Index Scan", "Parent Relationship": "Outer", "Scan Direction": "Forward", "Index Name": "supplier_pkey", "Relation Name": "supplier", "Alias": "supplier", "Startup Cost": 0.0, "Total Cost": 5334.54, "Plan Rows": 100000, "Plan Width": 12}, {"Node Type": "Sort", "Parent Relationship": "Inner", "Startup Cost": 571977.44, "Total Cost": 572626.61, "Plan Rows": 259666, "Plan Width": 32, "Sort Key": ["partsupp.ps_suppkey"], "Plans": [{"Node Type": "Nested Loop", "Parent Relationship": "Outer", "Join Type": "Inner", "Startup Cost": 0.0, "Total Cost": 548625.29, "Plan Rows": 259666, "Plan Width": 32, "Inner Unique": false, "Plans": [{"Node Type": "Index Scan", "Parent Relationship": "Outer", "Scan Direction": "Forward", "Index Name": "part_kpey", "Relation Name": "part", "Alias": "part", "Startup Cost": 0.0, "Total Cost": 105803.25, "Plan Rows": 89888, "Plan Width": 8, "Filter": "((p_name)::text ~~ '%dim%'::text)"}, {"Node Type": "Index Scan", "Parent Relationship": "Inner", "Scan Direction": "Forward", "Index Name": "idx_partsupp_partkey", "Relation Name": "partsupp", "Alias": "partsupp", "Startup Cost": 0.0, "Total Cost": 4.9, "Plan Rows": 3, "Plan Width": 24, "Index Cond": "(ps_partkey = part.p_partkey)"}]}]}]}, {"Node Type": "Index Scan", "Parent Relationship": "Inner", "Scan Direction": "Forward", "Index Name": "idx_lineitem_part_supp", "Relation Name": "lineitem", "Alias": "lineitem", "Startup Cost": 0.0, "Total Cost": 1.13, "Plan Rows": 1, "Plan Width": 48, "Index Cond": "((l_partkey = partsupp.ps_partkey) AND (l_suppkey = partsupp.ps_suppkey))"}]}, {"Node Type": "Index Scan", "Parent Relationship": "Inner", "Scan Direction": "Forward", "Index Name": "orders_pkey", "Relation Name": "orders", "Alias": "orders", "Startup Cost": 0.0, "Total Cost": 0.29, "Plan Rows": 1, "Plan Width": 16, "Index Cond": "(o_orderkey = lineitem.l_orderkey)"}]}, {"Node Type": "Index Scan", "Parent Relationship": "Inner", "Scan Direction": "Forward", "Index Name": "nation_pkey", "Relation Name": "nation", "Alias": "nation", "Startup Cost": 0.0, "Total Cost": 0.27, "Plan Rows": 1, "Plan Width": 30, "Index Cond": "(n_nationkey = supplier.s_nationkey)"}]}]}]}, "Unique SQL Id": 3628361425}, "explain_analyze_plan": {"Plan": {"Node Type": "Aggregate", "Strategy": "Sorted", "Startup Cost": 723866.15, "Total Cost": 723866.19, "Plan Rows": 1, "Plan Width": 74, "Actual Startup Time": 57402.875, "Actual Total Time": 60508.83, "Actual Rows": 175, "Actual Loops": 1, "Group By Key": ["nation.n_name", "(date_part('year'::text, orders.o_orderdate))"], "Plans": [{"Node Type": "Sort", "Parent Relationship": "Outer", "Startup Cost": 723866.15, "Total Cost": 723866.16, "Plan Rows": 1, "Plan Width": 66, "Actual Startup Time": 57391.553, "Actual Total Time": 58143.098, "Actual Rows": 3256948, "Actual Loops": 1, "Sort Key": ["nation.n_name", "(date_part('year'::text, orders.o_orderdate)) DESC"], "Sort Method": "quicksort", "Sort Space Used": 607203, "Sort Space Type": "Memory", "Plans": [{"Node Type": "Nested Loop", "Parent Relationship": "Outer", "Join Type": "Inner", "Startup Cost": 571977.46, "Total Cost": 723866.14, "Plan Rows": 1, "Plan Width": 66, "Actual Startup Time": 2699.003, "Actual Total Time": 51902.529, "Actual Rows": 3256948, "Actual Loops": 1, "Inner Unique": true, "Plans": [{"Node Type": "Nested Loop", "Parent Relationship": "Outer", "Join Type": "Inner", "Startup Cost": 571977.46, "Total Cost": 723865.86, "Plan Rows": 1, "Plan Width": 44, "Actual Startup Time": 2698.975, "Actual Total Time": 43378.566, "Actual Rows": 3256948, "Actual Loops": 1, "Inner Unique": true, "Plans": [{"Node Type": "Nested Loop", "Parent Relationship": "Outer", "Join Type": "Inner", "Startup Cost": 571977.46, "Total Cost": 723865.56, "Plan Rows": 1, "Plan Width": 44, "Actual Startup Time": 2698.955, "Actual Total Time": 16382.08, "Actual Rows": 3256948, "Actual Loops": 1, "Inner Unique": false, "Join Filter": "(supplier.s_suppkey = lineitem.l_suppkey)", "Rows Removed by Join Filter": 0, "Plans": [{"Node Type": "Merge Join", "Parent Relationship": "Outer", "Join Type": "Inner", "Startup Cost": 571977.46, "Total Cost": 580116.55, "Plan Rows": 125630, "Plan Width": 44, "Actual Startup Time": 2698.878, "Actual Total Time": 3164.046, "Actual Rows": 434204, "Actual Loops": 1, "Inner Unique": false, "Merge Cond": "(supplier.s_suppkey = partsupp.ps_suppkey)", "Plans": [{"Node Type": "Index Scan", "Parent Relationship": "Outer", "Scan Direction": "Forward", "Index Name": "supplier_pkey", "Relation Name": "supplier", "Alias": "supplier", "Startup Cost": 0.0, "Total Cost": 5334.54, "Plan Rows": 100000, "Plan Width": 12, "Actual Startup Time": 0.026, "Actual Total Time": 87.242, "Actual Rows": 100000, "Actual Loops": 1}, {"Node Type": "Sort", "Parent Relationship": "Inner", "Startup Cost": 571977.44, "Total Cost": 572626.61, "Plan Rows": 259666, "Plan Width": 32, "Actual Startup Time": 2698.835, "Actual Total Time": 2848.728, "Actual Rows": 434204, "Actual Loops": 1, "Sort Key": ["partsupp.ps_suppkey"], "Sort Method": "quicksort", "Sort Space Used": 52995, "Sort Space Type": "Memory", "Plans": [{"Node Type": "Nested Loop", "Parent Relationship": "Outer", "Join Type": "Inner", "Startup Cost": 0.0, "Total Cost": 548625.29, "Plan Rows": 259666, "Plan Width": 32, "Actual Startup Time": 0.041, "Actual Total Time": 2527.699, "Actual Rows": 434204, "Actual Loops": 1, "Inner Unique": false, "Plans": [{"Node Type": "Index Scan", "Parent Relationship": "Outer", "Scan Direction": "Forward", "Index Name": "part_kpey", "Relation Name": "part", "Alias": "part", "Startup Cost": 0.0, "Total Cost": 105803.25, "Plan Rows": 89888, "Plan Width": 8, "Actual Startup Time": 0.031, "Actual Total Time": 1605.394, "Actual Rows": 108551, "Actual Loops": 1, "Filter": "((p_name)::text ~~ '%dim%'::text)", "Rows Removed by Filter": 1891449}, {"Node Type": "Index Scan", "Parent Relationship": "Inner", "Scan Direction": "Forward", "Index Name": "idx_partsupp_partkey", "Relation Name": "partsupp", "Alias": "partsupp", "Startup Cost": 0.0, "Total Cost": 4.9, "Plan Rows": 3, "Plan Width": 24, "Actual Startup Time": 546.863, "Actual Total Time": 770.605, "Actual Rows": 434204, "Actual Loops": 108551, "Index Cond": "(ps_partkey = part.p_partkey)", "Rows Removed by Index Recheck": 0}]}]}]}, {"Node Type": "Index Scan", "Parent Relationship": "Inner", "Scan Direction": "Forward", "Index Name": "idx_lineitem_part_supp", "Relation Name": "lineitem", "Alias": "lineitem", "Startup Cost": 0.0, "Total Cost": 1.13, "Plan Rows": 1, "Plan Width": 48, "Actual Startup Time": 4136.421, "Actual Total Time": 11612.148, "Actual Rows": 3256948, "Actual Loops": 434204, "Index Cond": "((l_partkey = partsupp.ps_partkey) AND (l_suppkey = partsupp.ps_suppkey))", "Rows Removed by Index Recheck": 0}]}, {"Node Type": "Index Scan", "Parent Relationship": "Inner", "Scan Direction": "Forward", "Index Name": "orders_pkey", "Relation Name": "orders", "Alias": "orders", "Startup Cost": 0.0, "Total Cost": 0.29, "Plan Rows": 1, "Plan Width": 16, "Actual Startup Time": 24192.529, "Actual Total Time": 24192.529, "Actual Rows": 3256948, "Actual Loops": 3256948, "Index Cond": "(o_orderkey = lineitem.l_orderkey)", "Rows Removed by Index Recheck": 0}]}, {"Node Type": "Index Scan", "Parent Relationship": "Inner", "Scan Direction": "Forward", "Index Name": "nation_pkey", "Relation Name": "nation", "Alias": "nation", "Startup Cost": 0.0, "Total Cost": 0.27, "Plan Rows": 1, "Plan Width": 30, "Actual Startup Time": 4459.822, "Actual Total Time": 4459.822, "Actual Rows": 3256948, "Actual Loops": 3256948, "Index Cond": "(n_nationkey = supplier.s_nationkey)", "Rows Removed by Index Recheck": 0}]}]}]}, "Triggers": [], "Planner Runtime": 26.208, "Total Runtime": 60516.121, "Unique SQL Id": 3628361425}}, "(1, 90)": {"explain_plan": {"Plan": {"Node Type": "Aggregate", "Strategy": "Sorted", "Startup Cost": 13756964.94, "Total Cost": 13756964.97, "Plan Rows": 1, "Plan Width": 74, "Group By Key": ["nation.n_name", "(date_part('year'::text, orders.o_orderdate))"], "Plans": [{"Node Type": "Sort", "Parent Relationship": "Outer", "Startup Cost": 13756964.94, "Total Cost": 13756964.94, "Plan Rows": 1, "Plan Width": 66, "Sort Key": ["nation.n_name", "(date_part('year'::text, orders.o_orderdate)) DESC"], "Plans": [{"Node Type": "Merge Join", "Parent Relationship": "Outer", "Join Type": "Inner", "Startup Cost": 13756964.78, "Total Cost": 13756964.93, "Plan Rows": 1, "Plan Width": 66, "Inner Unique": true, "Merge Cond": "(supplier.s_nationkey = nation.n_nationkey)", "Plans": [{"Node Type": "Sort", "Parent Relationship": "Outer", "Startup Cost": 13756962.95, "Total Cost": 13756962.96, "Plan Rows": 1, "Plan Width": 44, "Sort Key": ["supplier.s_nationkey"], "Plans": [{"Node Type": "Merge Join", "Parent Relationship": "Outer", "Join Type": "Inner", "Startup Cost": 13681968.29, "Total Cost": 13756962.94, "Plan Rows": 1, "Plan Width": 44, "Inner Unique": true, "Merge Cond": "(lineitem.l_orderkey = orders.o_orderkey)", "Plans": [{"Node Type": "Sort", "Parent Relationship": "Outer", "Startup Cost": 11467733.16, "Total Cost": 11467733.17, "Plan Rows": 1, "Plan Width": 44, "Sort Key": ["lineitem.l_orderkey"], "Plans": [{"Node Type": "Merge Join", "Parent Relationship": "Outer", "Join Type": "Inner", "Startup Cost": 11104537.17, "Total Cost": 11467733.15, "Plan Rows": 1, "Plan Width": 44, "Inner Unique": false, "Merge Cond": "(supplier.s_suppkey = lineitem.l_suppkey)", "Join Filter": "(partsupp.ps_partkey = lineitem.l_partkey)", "Plans": [{"Node Type": "Merge Join", "Parent Relationship": "Outer", "Join Type": "Inner", "Startup Cost": 1339623.07, "Total Cost": 1342677.62, "Plan Rows": 125630, "Plan Width": 44, "Inner Unique": false, "Merge Cond": "(supplier.s_suppkey = partsupp.ps_suppkey)", "Plans": [{"Node Type": "Sort", "Parent Relationship": "Outer", "Startup Cost": 11587.82, "Total Cost": 11837.82, "Plan Rows": 100000, "Plan Width": 12, "Sort Key": ["supplier.s_suppkey"], "Plans": [{"Node Type": "Seq Scan", "Parent Relationship": "Outer", "Relation Name": "supplier", "Alias": "supplier", "Startup Cost": 0.0, "Total Cost": 3283.0, "Plan Rows": 100000, "Plan Width": 12}]}, {"Node Type": "Sort", "Parent Relationship": "Inner", "Startup Cost": 1328035.23, "Total Cost": 1328684.4, "Plan Rows": 259666, "Plan Width": 32, "Sort Key": ["partsupp.ps_suppkey"], "Plans": [{"Node Type": "Merge Join", "Parent Relationship": "Outer", "Join Type": "Inner", "Startup Cost": 1261636.41, "Total Cost": 1304683.08, "Plan Rows": 259666, "Plan Width": 32, "Inner Unique": false, "Merge Cond": "(part.p_partkey = partsupp.ps_partkey)", "Plans": [{"Node Type": "Sort", "Parent Relationship": "Outer", "Startup Cost": 74339.91, "Total Cost": 74564.63, "Plan Rows": 89888, "Plan Width": 8, "Sort Key": ["part.p_partkey"], "Plans": [{"Node Type": "Seq Scan", "Parent Relationship": "Outer", "Relation Name": "part", "Alias": "part", "Startup Cost": 0.0, "Total Cost": 66944.0, "Plan Rows": 89888, "Plan Width": 8, "Filter": "((p_name)::text ~~ '%dim%'::text)"}]}, {"Node Type": "Sort", "Parent Relationship": "Inner", "Startup Cost": 1187295.8, "Total Cost": 1207296.73, "Plan Rows": 8000372, "Plan Width": 24, "Sort Key": ["partsupp.ps_partkey"], "Plans": [{"Node Type": "Seq Scan", "Parent Relationship": "Outer", "Relation Name": "partsupp", "Alias": "partsupp", "Startup Cost": 0.0, "Total Cost": 269987.72, "Plan Rows": 8000372, "Plan Width": 24}]}]}]}]}, {"Node Type": "Sort", "Parent Relationship": "Inner", "Startup Cost": 9764884.32, "Total Cost": 9914851.9, "Plan Rows": 59987033, "Plan Width": 48, "Sort Key": ["lineitem.l_suppkey"], "Plans": [{"Node Type": "Seq Scan", "Parent Relationship": "Outer", "Relation Name": "lineitem", "Alias": "lineitem", "Startup Cost": 0.0, "Total Cost": 2015115.33, "Plan Rows": 59987033, "Plan Width": 48}]}]}]}, {"Node Type": "Sort", "Parent Relationship": "Inner", "Startup Cost": 2214232.37, "Total Cost": 2251731.07, "Plan Rows": 14999479, "Plan Width": 16, "Sort Key": ["orders.o_orderkey"], "Plans": [{"Node Type": "Seq Scan", "Parent Relationship": "Outer", "Relation Name": "orders", "Alias": "orders", "Startup Cost": 0.0, "Total Cost": 426413.79, "Plan Rows": 14999479, "Plan Width": 16}]}]}]}, {"Node Type": "Sort", "Parent Relationship": "Inner", "Startup Cost": 1.83, "Total Cost": 1.89, "Plan Rows": 25, "Plan Width": 30, "Sort Key": ["nation.n_nationkey"], "Plans": [{"Node Type": "Seq Scan", "Parent Relationship": "Outer", "Relation Name": "nation", "Alias": "nation", "Startup Cost": 0.0, "Total Cost": 1.25, "Plan Rows": 25, "Plan Width": 30}]}]}]}]}, "Unique SQL Id": 3628361425}, "explain_analyze_plan": null}, "(1, 91)": {"explain_plan": {"Plan": {"Node Type": "Aggregate", "Strategy": "Sorted", "Startup Cost": 6000385245976.45, "Total Cost": 6000385245976.48, "Plan Rows": 1, "Plan Width": 74, "Group By Key": ["nation.n_name", "(date_part('year'::text, orders.o_orderdate))"], "Plans": [{"Node Type": "Sort", "Parent Relationship": "Outer", "Startup Cost": 6000385245976.45, "Total Cost": 6000385245976.45, "Plan Rows": 1, "Plan Width": 66, "Sort Key": ["nation.n_name", "(date_part('year'::text, orders.o_orderdate)) DESC"], "Plans": [{"Node Type": "Nested Loop", "Parent Relationship": "Outer", "Join Type": "Inner", "Startup Cost": 2040412502993.44, "Total Cost": 6000385245976.44, "Plan Rows": 1, "Plan Width": 66, "Inner Unique": true, "Plans": [{"Node Type": "Nested Loop", "Parent Relationship": "Outer", "Join Type": "Inner", "Startup Cost": 2030412502993.44, "Total Cost": 5000385245949.41, "Plan Rows": 1, "Plan Width": 44, "Inner Unique": true, "Plans": [{"Node Type": "Merge Join", "Parent Relationship": "Outer", "Join Type": "Inner", "Startup Cost": 2020412502993.44, "Total Cost": 4000385245920.18, "Plan Rows": 1, "Plan Width": 44, "Inner Unique": true, "Merge Cond": "(lineitem.l_partkey = partsupp.ps_partkey)", "Join Filter": "(lineitem.l_suppkey = partsupp.ps_suppkey)", "Plans": [{"Node Type": "Merge Join", "Parent Relationship": "Outer", "Join Type": "Inner", "Startup Cost": 2010377109577.35, "Total Cost": 3000332641162.94, "Plan Rows": 118842, "Plan Width": 68, "Inner Unique": false, "Merge Cond": "(part.p_partkey = lineitem.l_partkey)", "Plans": [{"Node Type": "Index Scan", "Parent Relationship": "Outer", "Scan Direction": "Forward", "Index Name": "part_kpey", "Relation Name": "part", "Alias": "part", "Startup Cost": 10000000000.0, "Total Cost": 1000010580325.0, "Plan Rows": 89888, "Plan Width": 8, "Filter": "((p_name)::text ~~ '%dim%'::text)"}, {"Node Type": "Sort", "Parent Relationship": "Inner", "Startup Cost": 2000333054282.74, "Total Cost": 2000333063826.92, "Plan Rows": 3817671, "Plan Width": 60, "Sort Key": ["lineitem.l_partkey"], "Plans": [{"Node Type": "Merge Join", "Parent Relationship": "Outer", "Join Type": "Inner", "Startup Cost": 1010331765173.27, "Total Cost": 2000332636929.96, "Plan Rows": 3817671, "Plan Width": 60, "Inner Unique": false, "Merge Cond": "(supplier.s_suppkey = lineitem.l_suppkey)", "Plans": [{"Node Type": "Index Scan", "Parent Relationship": "Outer", "Scan Direction": "Forward", "Index Name": "supplier_pkey", "Relation Name": "supplier", "Alias": "supplier", "Startup Cost": 10000000000.0, "Total Cost": 1000000533454.38, "Plan Rows": 100000, "Plan Width": 12}, {"Node Type": "Sort", "Parent Relationship": "Inner", "Startup Cost": 1000331765143.49, "Total Cost": 1000331915111.07, "Plan Rows": 59987033, "Plan Width": 48, "Sort Key": ["lineitem.l_suppkey"], "Plans": [{"Node Type": "Index Scan", "Parent Relationship": "Outer", "Scan Direction": "Forward", "Index Name": "idx_lineitem_orderkey", "Relation Name": "lineitem", "Alias": "lineitem", "Startup Cost": 10000000000.0, "Total Cost": 1000324015374.5, "Plan Rows": 59987033, "Plan Width": 48}]}]}]}]}, {"Node Type": "Index Scan", "Parent Relationship": "Inner", "Scan Direction": "Forward", "Index Name": "partsupp_pkey", "Relation Name": "partsupp", "Alias": "partsupp", "Startup Cost": 10000000000.0, "Total Cost": 1000071640963.22, "Plan Rows": 8000372, "Plan Width": 24}]}, {"Node Type": "Index Scan", "Parent Relationship": "Inner", "Scan Direction": "Forward", "Index Name": "orders_pkey", "Relation Name": "orders", "Alias": "orders", "Startup Cost": 10000000000.0, "Total Cost": 1000000000029.23, "Plan Rows": 1, "Plan Width": 16, "Index Cond": "(o_orderkey = lineitem.l_orderkey)"}]}, {"Node Type": "Index Scan", "Parent Relationship": "Inner", "Scan Direction": "Forward", "Index Name": "nation_pkey", "Relation Name": "nation", "Alias": "nation", "Startup Cost": 10000000000.0, "Total Cost": 1000000000027.01, "Plan Rows": 1, "Plan Width": 30, "Index Cond": "(n_nationkey = supplier.s_nationkey)"}]}]}]}, "Unique SQL Id": 3628361425}, "explain_analyze_plan": null}, "(1, 92)": {"explain_plan": {"Plan": {"Node Type": "Aggregate", "Strategy": "Sorted", "Startup Cost": 685006.9, "Total Cost": 685006.94, "Plan Rows": 1, "Plan Width": 74, "Group By Key": ["nation.n_name", "(date_part('year'::text, orders.o_orderdate))"], "Plans": [{"Node Type": "Sort", "Parent Relationship": "Outer", "Startup Cost": 685006.9, "Total Cost": 685006.91, "Plan Rows": 1, "Plan Width": 66, "Sort Key": ["nation.n_name", "(date_part('year'::text, orders.o_orderdate)) DESC"], "Plans": [{"Node Type": "Nested Loop", "Parent Relationship": "Outer", "Join Type": "Inner", "Startup Cost": 533118.21, "Total Cost": 685006.89, "Plan Rows": 1, "Plan Width": 66, "Inner Unique": true, "Plans": [{"Node Type": "Nested Loop", "Parent Relationship": "Outer", "Join Type": "Inner", "Startup Cost": 533118.21, "Total Cost": 685006.61, "Plan Rows": 1, "Plan Width": 44, "Inner Unique": true, "Plans": [{"Node Type": "Nested Loop", "Parent Relationship": "Outer", "Join Type": "Inner", "Startup Cost": 533118.21, "Total Cost": 685006.31, "Plan Rows": 1, "Plan Width": 44, "Inner Unique": false, "Join Filter": "(supplier.s_suppkey = lineitem.l_suppkey)", "Plans": [{"Node Type": "Merge Join", "Parent Relationship": "Outer", "Join Type": "Inner", "Startup Cost": 533118.21, "Total Cost": 541257.3, "Plan Rows": 125630, "Plan Width": 44, "Inner Unique": false, "Merge Cond": "(supplier.s_suppkey = partsupp.ps_suppkey)", "Plans": [{"Node Type": "Index Scan", "Parent Relationship": "Outer", "Scan Direction": "Forward", "Index Name": "supplier_pkey", "Relation Name": "supplier", "Alias": "supplier", "Startup Cost": 0.0, "Total Cost": 5334.54, "Plan Rows": 100000, "Plan Width": 12}, {"Node Type": "Sort", "Parent Relationship": "Inner", "Startup Cost": 533118.19, "Total Cost": 533767.36, "Plan Rows": 259666, "Plan Width": 32, "Sort Key": ["partsupp.ps_suppkey"], "Plans": [{"Node Type": "Nested Loop", "Parent Relationship": "Outer", "Join Type": "Inner", "Startup Cost": 0.0, "Total Cost": 509766.04, "Plan Rows": 259666, "Plan Width": 32, "Inner Unique": false, "Plans": [{"Node Type": "Seq Scan", "Parent Relationship": "Outer", "Relation Name": "part", "Alias": "part", "Startup Cost": 0.0, "Total Cost": 66944.0, "Plan Rows": 89888, "Plan Width": 8, "Filter": "((p_name)::text ~~ '%dim%'::text)"}, {"Node Type": "Index Scan", "Parent Relationship": "Inner", "Scan Direction": "Forward", "Index Name": "idx_partsupp_partkey", "Relation Name": "partsupp", "Alias": "partsupp", "Startup Cost": 0.0, "Total Cost": 4.9, "Plan Rows": 3, "Plan Width": 24, "Index Cond": "(ps_partkey = part.p_partkey)"}]}]}]}, {"Node Type": "Index Scan", "Parent Relationship": "Inner", "Scan Direction": "Forward", "Index Name": "idx_lineitem_part_supp", "Relation Name": "lineitem", "Alias": "lineitem", "Startup Cost": 0.0, "Total Cost": 1.13, "Plan Rows": 1, "Plan Width": 48, "Index Cond": "((l_partkey = partsupp.ps_partkey) AND (l_suppkey = partsupp.ps_suppkey))"}]}, {"Node Type": "Index Scan", "Parent Relationship": "Inner", "Scan Direction": "Forward", "Index Name": "orders_pkey", "Relation Name": "orders", "Alias": "orders", "Startup Cost": 0.0, "Total Cost": 0.29, "Plan Rows": 1, "Plan Width": 16, "Index Cond": "(o_orderkey = lineitem.l_orderkey)"}]}, {"Node Type": "Index Scan", "Parent Relationship": "Inner", "Scan Direction": "Forward", "Index Name": "nation_pkey", "Relation Name": "nation", "Alias": "nation", "Startup Cost": 0.0, "Total Cost": 0.27, "Plan Rows": 1, "Plan Width": 30, "Index Cond": "(n_nationkey = supplier.s_nationkey)"}]}]}]}, "Unique SQL Id": 3628361425}, "explain_analyze_plan": {"Plan": {"Node Type": "Aggregate", "Strategy": "Sorted", "Startup Cost": 685006.9, "Total Cost": 685006.94, "Plan Rows": 1, "Plan Width": 74, "Actual Startup Time": 54410.031, "Actual Total Time": 57527.047, "Actual Rows": 175, "Actual Loops": 1, "Group By Key": ["nation.n_name", "(date_part('year'::text, orders.o_orderdate))"], "Plans": [{"Node Type": "Sort", "Parent Relationship": "Outer", "Startup Cost": 685006.9, "Total Cost": 685006.91, "Plan Rows": 1, "Plan Width": 66, "Actual Startup Time": 54399.238, "Actual Total Time": 55187.55, "Actual Rows": 3256948, "Actual Loops": 1, "Sort Key": ["nation.n_name", "(date_part('year'::text, orders.o_orderdate)) DESC"], "Sort Method": "quicksort", "Sort Space Used": 607203, "Sort Space Type": "Memory", "Plans": [{"Node Type": "Nested Loop", "Parent Relationship": "Outer", "Join Type": "Inner", "Startup Cost": 533118.21, "Total Cost": 685006.89, "Plan Rows": 1, "Plan Width": 66, "Actual Startup Time": 2002.136, "Actual Total Time": 49120.694, "Actual Rows": 3256948, "Actual Loops": 1, "Inner Unique": true, "Plans": [{"Node Type": "Nested Loop", "Parent Relationship": "Outer", "Join Type": "Inner", "Startup Cost": 533118.21, "Total Cost": 685006.61, "Plan Rows": 1, "Plan Width": 44, "Actual Startup Time": 2001.941, "Actual Total Time": 40545.539, "Actual Rows": 3256948, "Actual Loops": 1, "Inner Unique": true, "Plans": [{"Node Type": "Nested Loop", "Parent Relationship": "Outer", "Join Type": "Inner", "Startup Cost": 533118.21, "Total Cost": 685006.31, "Plan Rows": 1, "Plan Width": 44, "Actual Startup Time": 2001.913, "Actual Total Time": 15084.562, "Actual Rows": 3256948, "Actual Loops": 1, "Inner Unique": false, "Join Filter": "(supplier.s_suppkey = lineitem.l_suppkey)", "Rows Removed by Join Filter": 0, "Plans": [{"Node Type": "Merge Join", "Parent Relationship": "Outer", "Join Type": "Inner", "Startup Cost": 533118.21, "Total Cost": 541257.3, "Plan Rows": 125630, "Plan Width": 44, "Actual Startup Time": 2001.85, "Actual Total Time": 2474.365, "Actual Rows": 434204, "Actual Loops": 1, "Inner Unique": false, "Merge Cond": "(supplier.s_suppkey = partsupp.ps_suppkey)", "Plans": [{"Node Type": "Index Scan", "Parent Relationship": "Outer", "Scan Direction": "Forward", "Index Name": "supplier_pkey", "Relation Name": "supplier", "Alias": "supplier", "Startup Cost": 0.0, "Total Cost": 5334.54, "Plan Rows": 100000, "Plan Width": 12, "Actual Startup Time": 0.027, "Actual Total Time": 84.668, "Actual Rows": 100000, "Actual Loops": 1}, {"Node Type": "Sort", "Parent Relationship": "Inner", "Startup Cost": 533118.19, "Total Cost": 533767.36, "Plan Rows": 259666, "Plan Width": 32, "Actual Startup Time": 2001.81, "Actual Total Time": 2146.831, "Actual Rows": 434204, "Actual Loops": 1, "Sort Key": ["partsupp.ps_suppkey"], "Sort Method": "quicksort", "Sort Space Used": 52995, "Sort Space Type": "Memory", "Plans": [{"Node Type": "Nested Loop", "Parent Relationship": "Outer", "Join Type": "Inner", "Startup Cost": 0.0, "Total Cost": 509766.04, "Plan Rows": 259666, "Plan Width": 32, "Actual Startup Time": 0.037, "Actual Total Time": 1827.472, "Actual Rows": 434204, "Actual Loops": 1, "Inner Unique": false, "Plans": [{"Node Type": "Seq Scan", "Parent Relationship": "Outer", "Relation Name": "part", "Alias": "part", "Startup Cost": 0.0, "Total Cost": 66944.0, "Plan Rows": 89888, "Plan Width": 8, "Actual Startup Time": 0.026, "Actual Total Time": 988.932, "Actual Rows": 108551, "Actual Loops": 1, "Filter": "((p_name)::text ~~ '%dim%'::text)", "Rows Removed by Filter": 1891449}, {"Node Type": "Index Scan", "Parent Relationship": "Inner", "Scan Direction": "Forward", "Index Name": "idx_partsupp_partkey", "Relation Name": "partsupp", "Alias": "partsupp", "Startup Cost": 0.0, "Total Cost": 4.9, "Plan Rows": 3, "Plan Width": 24, "Actual Startup Time": 486.397, "Actual Total Time": 686.204, "Actual Rows": 434204, "Actual Loops": 108551, "Index Cond": "(ps_partkey = part.p_partkey)", "Rows Removed by Index Recheck": 0}]}]}]}, {"Node Type": "Index Scan", "Parent Relationship": "Inner", "Scan Direction": "Forward", "Index Name": "idx_lineitem_part_supp", "Relation Name": "lineitem", "Alias": "lineitem", "Startup Cost": 0.0, "Total Cost": 1.13, "Plan Rows": 1, "Plan Width": 48, "Actual Startup Time": 4012.701, "Actual Total Time": 10962.364, "Actual Rows": 3256948, "Actual Loops": 434204, "Index Cond": "((l_partkey = partsupp.ps_partkey) AND (l_suppkey = partsupp.ps_suppkey))", "Rows Removed by Index Recheck": 0}]}, {"Node Type": "Index Scan", "Parent Relationship": "Inner", "Scan Direction": "Forward", "Index Name": "orders_pkey", "Relation Name": "orders", "Alias": "orders", "Startup Cost": 0.0, "Total Cost": 0.29, "Plan Rows": 1, "Plan Width": 16, "Actual Startup Time": 22678.508, "Actual Total Time": 22678.508, "Actual Rows": 3256948, "Actual Loops": 3256948, "Index Cond": "(o_orderkey = lineitem.l_orderkey)", "Rows Removed by Index Recheck": 0}]}, {"Node Type": "Index Scan", "Parent Relationship": "Inner", "Scan Direction": "Forward", "Index Name": "nation_pkey", "Relation Name": "nation", "Alias": "nation", "Startup Cost": 0.0, "Total Cost": 0.27, "Plan Rows": 1, "Plan Width": 30, "Actual Startup Time": 4489.403, "Actual Total Time": 4489.403, "Actual Rows": 3256948, "Actual Loops": 3256948, "Index Cond": "(n_nationkey = supplier.s_nationkey)", "Rows Removed by Index Recheck": 0}]}]}]}, "Triggers": [], "Planner Runtime": 26.577, "Total Runtime": 57533.592, "Unique SQL Id": 3628361425}}, "(1, 93)": {"explain_plan": {"Plan": {"Node Type": "Aggregate", "Strategy": "Sorted", "Startup Cost": 723866.15, "Total Cost": 723866.19, "Plan Rows": 1, "Plan Width": 74, "Group By Key": ["nation.n_name", "(date_part('year'::text, orders.o_orderdate))"], "Plans": [{"Node Type": "Sort", "Parent Relationship": "Outer", "Startup Cost": 723866.15, "Total Cost": 723866.16, "Plan Rows": 1, "Plan Width": 66, "Sort Key": ["nation.n_name", "(date_part('year'::text, orders.o_orderdate)) DESC"], "Plans": [{"Node Type": "Nested Loop", "Parent Relationship": "Outer", "Join Type": "Inner", "Startup Cost": 571977.46, "Total Cost": 723866.14, "Plan Rows": 1, "Plan Width": 66, "Inner Unique": true, "Plans": [{"Node Type": "Nested Loop", "Parent Relationship": "Outer", "Join Type": "Inner", "Startup Cost": 571977.46, "Total Cost": 723865.86, "Plan Rows": 1, "Plan Width": 44, "Inner Unique": true, "Plans": [{"Node Type": "Nested Loop", "Parent Relationship": "Outer", "Join Type": "Inner", "Startup Cost": 571977.46, "Total Cost": 723865.56, "Plan Rows": 1, "Plan Width": 44, "Inner Unique": false, "Join Filter": "(supplier.s_suppkey = lineitem.l_suppkey)", "Plans": [{"Node Type": "Merge Join", "Parent Relationship": "Outer", "Join Type": "Inner", "Startup Cost": 571977.46, "Total Cost": 580116.55, "Plan Rows": 125630, "Plan Width": 44, "Inner Unique": false, "Merge Cond": "(supplier.s_suppkey = partsupp.ps_suppkey)", "Plans": [{"Node Type": "Index Scan", "Parent Relationship": "Outer", "Scan Direction": "Forward", "Index Name": "supplier_pkey", "Relation Name": "supplier", "Alias": "supplier", "Startup Cost": 0.0, "Total Cost": 5334.54, "Plan Rows": 100000, "Plan Width": 12}, {"Node Type": "Sort", "Parent Relationship": "Inner", "Startup Cost": 571977.44, "Total Cost": 572626.61, "Plan Rows": 259666, "Plan Width": 32, "Sort Key": ["partsupp.ps_suppkey"], "Plans": [{"Node Type": "Nested Loop", "Parent Relationship": "Outer", "Join Type": "Inner", "Startup Cost": 0.0, "Total Cost": 548625.29, "Plan Rows": 259666, "Plan Width": 32, "Inner Unique": false, "Plans": [{"Node Type": "Index Scan", "Parent Relationship": "Outer", "Scan Direction": "Forward", "Index Name": "part_kpey", "Relation Name": "part", "Alias": "part", "Startup Cost": 0.0, "Total Cost": 105803.25, "Plan Rows": 89888, "Plan Width": 8, "Filter": "((p_name)::text ~~ '%dim%'::text)"}, {"Node Type": "Index Scan", "Parent Relationship": "Inner", "Scan Direction": "Forward", "Index Name": "idx_partsupp_partkey", "Relation Name": "partsupp", "Alias": "partsupp", "Startup Cost": 0.0, "Total Cost": 4.9, "Plan Rows": 3, "Plan Width": 24, "Index Cond": "(ps_partkey = part.p_partkey)"}]}]}]}, {"Node Type": "Index Scan", "Parent Relationship": "Inner", "Scan Direction": "Forward", "Index Name": "idx_lineitem_part_supp", "Relation Name": "lineitem", "Alias": "lineitem", "Startup Cost": 0.0, "Total Cost": 1.13, "Plan Rows": 1, "Plan Width": 48, "Index Cond": "((l_partkey = partsupp.ps_partkey) AND (l_suppkey = partsupp.ps_suppkey))"}]}, {"Node Type": "Index Scan", "Parent Relationship": "Inner", "Scan Direction": "Forward", "Index Name": "orders_pkey", "Relation Name": "orders", "Alias": "orders", "Startup Cost": 0.0, "Total Cost": 0.29, "Plan Rows": 1, "Plan Width": 16, "Index Cond": "(o_orderkey = lineitem.l_orderkey)"}]}, {"Node Type": "Index Scan", "Parent Relationship": "Inner", "Scan Direction": "Forward", "Index Name": "nation_pkey", "Relation Name": "nation", "Alias": "nation", "Startup Cost": 0.0, "Total Cost": 0.27, "Plan Rows": 1, "Plan Width": 30, "Index Cond": "(n_nationkey = supplier.s_nationkey)"}]}]}]}, "Unique SQL Id": 3628361425}, "explain_analyze_plan": {"Plan": {"Node Type": "Aggregate", "Strategy": "Sorted", "Startup Cost": 723866.15, "Total Cost": 723866.19, "Plan Rows": 1, "Plan Width": 74, "Actual Startup Time": 57402.875, "Actual Total Time": 60508.83, "Actual Rows": 175, "Actual Loops": 1, "Group By Key": ["nation.n_name", "(date_part('year'::text, orders.o_orderdate))"], "Plans": [{"Node Type": "Sort", "Parent Relationship": "Outer", "Startup Cost": 723866.15, "Total Cost": 723866.16, "Plan Rows": 1, "Plan Width": 66, "Actual Startup Time": 57391.553, "Actual Total Time": 58143.098, "Actual Rows": 3256948, "Actual Loops": 1, "Sort Key": ["nation.n_name", "(date_part('year'::text, orders.o_orderdate)) DESC"], "Sort Method": "quicksort", "Sort Space Used": 607203, "Sort Space Type": "Memory", "Plans": [{"Node Type": "Nested Loop", "Parent Relationship": "Outer", "Join Type": "Inner", "Startup Cost": 571977.46, "Total Cost": 723866.14, "Plan Rows": 1, "Plan Width": 66, "Actual Startup Time": 2699.003, "Actual Total Time": 51902.529, "Actual Rows": 3256948, "Actual Loops": 1, "Inner Unique": true, "Plans": [{"Node Type": "Nested Loop", "Parent Relationship": "Outer", "Join Type": "Inner", "Startup Cost": 571977.46, "Total Cost": 723865.86, "Plan Rows": 1, "Plan Width": 44, "Actual Startup Time": 2698.975, "Actual Total Time": 43378.566, "Actual Rows": 3256948, "Actual Loops": 1, "Inner Unique": true, "Plans": [{"Node Type": "Nested Loop", "Parent Relationship": "Outer", "Join Type": "Inner", "Startup Cost": 571977.46, "Total Cost": 723865.56, "Plan Rows": 1, "Plan Width": 44, "Actual Startup Time": 2698.955, "Actual Total Time": 16382.08, "Actual Rows": 3256948, "Actual Loops": 1, "Inner Unique": false, "Join Filter": "(supplier.s_suppkey = lineitem.l_suppkey)", "Rows Removed by Join Filter": 0, "Plans": [{"Node Type": "Merge Join", "Parent Relationship": "Outer", "Join Type": "Inner", "Startup Cost": 571977.46, "Total Cost": 580116.55, "Plan Rows": 125630, "Plan Width": 44, "Actual Startup Time": 2698.878, "Actual Total Time": 3164.046, "Actual Rows": 434204, "Actual Loops": 1, "Inner Unique": false, "Merge Cond": "(supplier.s_suppkey = partsupp.ps_suppkey)", "Plans": [{"Node Type": "Index Scan", "Parent Relationship": "Outer", "Scan Direction": "Forward", "Index Name": "supplier_pkey", "Relation Name": "supplier", "Alias": "supplier", "Startup Cost": 0.0, "Total Cost": 5334.54, "Plan Rows": 100000, "Plan Width": 12, "Actual Startup Time": 0.026, "Actual Total Time": 87.242, "Actual Rows": 100000, "Actual Loops": 1}, {"Node Type": "Sort", "Parent Relationship": "Inner", "Startup Cost": 571977.44, "Total Cost": 572626.61, "Plan Rows": 259666, "Plan Width": 32, "Actual Startup Time": 2698.835, "Actual Total Time": 2848.728, "Actual Rows": 434204, "Actual Loops": 1, "Sort Key": ["partsupp.ps_suppkey"], "Sort Method": "quicksort", "Sort Space Used": 52995, "Sort Space Type": "Memory", "Plans": [{"Node Type": "Nested Loop", "Parent Relationship": "Outer", "Join Type": "Inner", "Startup Cost": 0.0, "Total Cost": 548625.29, "Plan Rows": 259666, "Plan Width": 32, "Actual Startup Time": 0.041, "Actual Total Time": 2527.699, "Actual Rows": 434204, "Actual Loops": 1, "Inner Unique": false, "Plans": [{"Node Type": "Index Scan", "Parent Relationship": "Outer", "Scan Direction": "Forward", "Index Name": "part_kpey", "Relation Name": "part", "Alias": "part", "Startup Cost": 0.0, "Total Cost": 105803.25, "Plan Rows": 89888, "Plan Width": 8, "Actual Startup Time": 0.031, "Actual Total Time": 1605.394, "Actual Rows": 108551, "Actual Loops": 1, "Filter": "((p_name)::text ~~ '%dim%'::text)", "Rows Removed by Filter": 1891449}, {"Node Type": "Index Scan", "Parent Relationship": "Inner", "Scan Direction": "Forward", "Index Name": "idx_partsupp_partkey", "Relation Name": "partsupp", "Alias": "partsupp", "Startup Cost": 0.0, "Total Cost": 4.9, "Plan Rows": 3, "Plan Width": 24, "Actual Startup Time": 546.863, "Actual Total Time": 770.605, "Actual Rows": 434204, "Actual Loops": 108551, "Index Cond": "(ps_partkey = part.p_partkey)", "Rows Removed by Index Recheck": 0}]}]}]}, {"Node Type": "Index Scan", "Parent Relationship": "Inner", "Scan Direction": "Forward", "Index Name": "idx_lineitem_part_supp", "Relation Name": "lineitem", "Alias": "lineitem", "Startup Cost": 0.0, "Total Cost": 1.13, "Plan Rows": 1, "Plan Width": 48, "Actual Startup Time": 4136.421, "Actual Total Time": 11612.148, "Actual Rows": 3256948, "Actual Loops": 434204, "Index Cond": "((l_partkey = partsupp.ps_partkey) AND (l_suppkey = partsupp.ps_suppkey))", "Rows Removed by Index Recheck": 0}]}, {"Node Type": "Index Scan", "Parent Relationship": "Inner", "Scan Direction": "Forward", "Index Name": "orders_pkey", "Relation Name": "orders", "Alias": "orders", "Startup Cost": 0.0, "Total Cost": 0.29, "Plan Rows": 1, "Plan Width": 16, "Actual Startup Time": 24192.529, "Actual Total Time": 24192.529, "Actual Rows": 3256948, "Actual Loops": 3256948, "Index Cond": "(o_orderkey = lineitem.l_orderkey)", "Rows Removed by Index Recheck": 0}]}, {"Node Type": "Index Scan", "Parent Relationship": "Inner", "Scan Direction": "Forward", "Index Name": "nation_pkey", "Relation Name": "nation", "Alias": "nation", "Startup Cost": 0.0, "Total Cost": 0.27, "Plan Rows": 1, "Plan Width": 30, "Actual Startup Time": 4459.822, "Actual Total Time": 4459.822, "Actual Rows": 3256948, "Actual Loops": 3256948, "Index Cond": "(n_nationkey = supplier.s_nationkey)", "Rows Removed by Index Recheck": 0}]}]}]}, "Triggers": [], "Planner Runtime": 26.208, "Total Runtime": 60516.121, "Unique SQL Id": 3628361425}}, "(1, 94)": {"explain_plan": {"Plan": {"Node Type": "Aggregate", "Strategy": "Sorted", "Startup Cost": 13756964.94, "Total Cost": 13756964.97, "Plan Rows": 1, "Plan Width": 74, "Group By Key": ["nation.n_name", "(date_part('year'::text, orders.o_orderdate))"], "Plans": [{"Node Type": "Sort", "Parent Relationship": "Outer", "Startup Cost": 13756964.94, "Total Cost": 13756964.94, "Plan Rows": 1, "Plan Width": 66, "Sort Key": ["nation.n_name", "(date_part('year'::text, orders.o_orderdate)) DESC"], "Plans": [{"Node Type": "Merge Join", "Parent Relationship": "Outer", "Join Type": "Inner", "Startup Cost": 13756964.78, "Total Cost": 13756964.93, "Plan Rows": 1, "Plan Width": 66, "Inner Unique": true, "Merge Cond": "(supplier.s_nationkey = nation.n_nationkey)", "Plans": [{"Node Type": "Sort", "Parent Relationship": "Outer", "Startup Cost": 13756962.95, "Total Cost": 13756962.96, "Plan Rows": 1, "Plan Width": 44, "Sort Key": ["supplier.s_nationkey"], "Plans": [{"Node Type": "Merge Join", "Parent Relationship": "Outer", "Join Type": "Inner", "Startup Cost": 13681968.29, "Total Cost": 13756962.94, "Plan Rows": 1, "Plan Width": 44, "Inner Unique": true, "Merge Cond": "(lineitem.l_orderkey = orders.o_orderkey)", "Plans": [{"Node Type": "Sort", "Parent Relationship": "Outer", "Startup Cost": 11467733.16, "Total Cost": 11467733.17, "Plan Rows": 1, "Plan Width": 44, "Sort Key": ["lineitem.l_orderkey"], "Plans": [{"Node Type": "Merge Join", "Parent Relationship": "Outer", "Join Type": "Inner", "Startup Cost": 11104537.17, "Total Cost": 11467733.15, "Plan Rows": 1, "Plan Width": 44, "Inner Unique": false, "Merge Cond": "(supplier.s_suppkey = lineitem.l_suppkey)", "Join Filter": "(partsupp.ps_partkey = lineitem.l_partkey)", "Plans": [{"Node Type": "Merge Join", "Parent Relationship": "Outer", "Join Type": "Inner", "Startup Cost": 1339623.07, "Total Cost": 1342677.62, "Plan Rows": 125630, "Plan Width": 44, "Inner Unique": false, "Merge Cond": "(supplier.s_suppkey = partsupp.ps_suppkey)", "Plans": [{"Node Type": "Sort", "Parent Relationship": "Outer", "Startup Cost": 11587.82, "Total Cost": 11837.82, "Plan Rows": 100000, "Plan Width": 12, "Sort Key": ["supplier.s_suppkey"], "Plans": [{"Node Type": "Seq Scan", "Parent Relationship": "Outer", "Relation Name": "supplier", "Alias": "supplier", "Startup Cost": 0.0, "Total Cost": 3283.0, "Plan Rows": 100000, "Plan Width": 12}]}, {"Node Type": "Sort", "Parent Relationship": "Inner", "Startup Cost": 1328035.23, "Total Cost": 1328684.4, "Plan Rows": 259666, "Plan Width": 32, "Sort Key": ["partsupp.ps_suppkey"], "Plans": [{"Node Type": "Merge Join", "Parent Relationship": "Outer", "Join Type": "Inner", "Startup Cost": 1261636.41, "Total Cost": 1304683.08, "Plan Rows": 259666, "Plan Width": 32, "Inner Unique": false, "Merge Cond": "(part.p_partkey = partsupp.ps_partkey)", "Plans": [{"Node Type": "Sort", "Parent Relationship": "Outer", "Startup Cost": 74339.91, "Total Cost": 74564.63, "Plan Rows": 89888, "Plan Width": 8, "Sort Key": ["part.p_partkey"], "Plans": [{"Node Type": "Seq Scan", "Parent Relationship": "Outer", "Relation Name": "part", "Alias": "part", "Startup Cost": 0.0, "Total Cost": 66944.0, "Plan Rows": 89888, "Plan Width": 8, "Filter": "((p_name)::text ~~ '%dim%'::text)"}]}, {"Node Type": "Sort", "Parent Relationship": "Inner", "Startup Cost": 1187295.8, "Total Cost": 1207296.73, "Plan Rows": 8000372, "Plan Width": 24, "Sort Key": ["partsupp.ps_partkey"], "Plans": [{"Node Type": "Seq Scan", "Parent Relationship": "Outer", "Relation Name": "partsupp", "Alias": "partsupp", "Startup Cost": 0.0, "Total Cost": 269987.72, "Plan Rows": 8000372, "Plan Width": 24}]}]}]}]}, {"Node Type": "Sort", "Parent Relationship": "Inner", "Startup Cost": 9764884.32, "Total Cost": 9914851.9, "Plan Rows": 59987033, "Plan Width": 48, "Sort Key": ["lineitem.l_suppkey"], "Plans": [{"Node Type": "Seq Scan", "Parent Relationship": "Outer", "Relation Name": "lineitem", "Alias": "lineitem", "Startup Cost": 0.0, "Total Cost": 2015115.33, "Plan Rows": 59987033, "Plan Width": 48}]}]}]}, {"Node Type": "Sort", "Parent Relationship": "Inner", "Startup Cost": 2214232.37, "Total Cost": 2251731.07, "Plan Rows": 14999479, "Plan Width": 16, "Sort Key": ["orders.o_orderkey"], "Plans": [{"Node Type": "Seq Scan", "Parent Relationship": "Outer", "Relation Name": "orders", "Alias": "orders", "Startup Cost": 0.0, "Total Cost": 426413.79, "Plan Rows": 14999479, "Plan Width": 16}]}]}]}, {"Node Type": "Sort", "Parent Relationship": "Inner", "Startup Cost": 1.83, "Total Cost": 1.89, "Plan Rows": 25, "Plan Width": 30, "Sort Key": ["nation.n_nationkey"], "Plans": [{"Node Type": "Seq Scan", "Parent Relationship": "Outer", "Relation Name": "nation", "Alias": "nation", "Startup Cost": 0.0, "Total Cost": 1.25, "Plan Rows": 25, "Plan Width": 30}]}]}]}]}, "Unique SQL Id": 3628361425}, "explain_analyze_plan": null}, "(1, 95)": {"explain_plan": {"Plan": {"Node Type": "Aggregate", "Strategy": "Sorted", "Startup Cost": 6000385245976.45, "Total Cost": 6000385245976.48, "Plan Rows": 1, "Plan Width": 74, "Group By Key": ["nation.n_name", "(date_part('year'::text, orders.o_orderdate))"], "Plans": [{"Node Type": "Sort", "Parent Relationship": "Outer", "Startup Cost": 6000385245976.45, "Total Cost": 6000385245976.45, "Plan Rows": 1, "Plan Width": 66, "Sort Key": ["nation.n_name", "(date_part('year'::text, orders.o_orderdate)) DESC"], "Plans": [{"Node Type": "Nested Loop", "Parent Relationship": "Outer", "Join Type": "Inner", "Startup Cost": 2040412502993.44, "Total Cost": 6000385245976.44, "Plan Rows": 1, "Plan Width": 66, "Inner Unique": true, "Plans": [{"Node Type": "Nested Loop", "Parent Relationship": "Outer", "Join Type": "Inner", "Startup Cost": 2030412502993.44, "Total Cost": 5000385245949.41, "Plan Rows": 1, "Plan Width": 44, "Inner Unique": true, "Plans": [{"Node Type": "Merge Join", "Parent Relationship": "Outer", "Join Type": "Inner", "Startup Cost": 2020412502993.44, "Total Cost": 4000385245920.18, "Plan Rows": 1, "Plan Width": 44, "Inner Unique": true, "Merge Cond": "(lineitem.l_partkey = partsupp.ps_partkey)", "Join Filter": "(lineitem.l_suppkey = partsupp.ps_suppkey)", "Plans": [{"Node Type": "Merge Join", "Parent Relationship": "Outer", "Join Type": "Inner", "Startup Cost": 2010377109577.35, "Total Cost": 3000332641162.94, "Plan Rows": 118842, "Plan Width": 68, "Inner Unique": false, "Merge Cond": "(part.p_partkey = lineitem.l_partkey)", "Plans": [{"Node Type": "Index Scan", "Parent Relationship": "Outer", "Scan Direction": "Forward", "Index Name": "part_kpey", "Relation Name": "part", "Alias": "part", "Startup Cost": 10000000000.0, "Total Cost": 1000010580325.0, "Plan Rows": 89888, "Plan Width": 8, "Filter": "((p_name)::text ~~ '%dim%'::text)"}, {"Node Type": "Sort", "Parent Relationship": "Inner", "Startup Cost": 2000333054282.74, "Total Cost": 2000333063826.92, "Plan Rows": 3817671, "Plan Width": 60, "Sort Key": ["lineitem.l_partkey"], "Plans": [{"Node Type": "Merge Join", "Parent Relationship": "Outer", "Join Type": "Inner", "Startup Cost": 1010331765173.27, "Total Cost": 2000332636929.96, "Plan Rows": 3817671, "Plan Width": 60, "Inner Unique": false, "Merge Cond": "(supplier.s_suppkey = lineitem.l_suppkey)", "Plans": [{"Node Type": "Index Scan", "Parent Relationship": "Outer", "Scan Direction": "Forward", "Index Name": "supplier_pkey", "Relation Name": "supplier", "Alias": "supplier", "Startup Cost": 10000000000.0, "Total Cost": 1000000533454.38, "Plan Rows": 100000, "Plan Width": 12}, {"Node Type": "Sort", "Parent Relationship": "Inner", "Startup Cost": 1000331765143.49, "Total Cost": 1000331915111.07, "Plan Rows": 59987033, "Plan Width": 48, "Sort Key": ["lineitem.l_suppkey"], "Plans": [{"Node Type": "Index Scan", "Parent Relationship": "Outer", "Scan Direction": "Forward", "Index Name": "idx_lineitem_orderkey", "Relation Name": "lineitem", "Alias": "lineitem", "Startup Cost": 10000000000.0, "Total Cost": 1000324015374.5, "Plan Rows": 59987033, "Plan Width": 48}]}]}]}]}, {"Node Type": "Index Scan", "Parent Relationship": "Inner", "Scan Direction": "Forward", "Index Name": "partsupp_pkey", "Relation Name": "partsupp", "Alias": "partsupp", "Startup Cost": 10000000000.0, "Total Cost": 1000071640963.22, "Plan Rows": 8000372, "Plan Width": 24}]}, {"Node Type": "Index Scan", "Parent Relationship": "Inner", "Scan Direction": "Forward", "Index Name": "orders_pkey", "Relation Name": "orders", "Alias": "orders", "Startup Cost": 10000000000.0, "Total Cost": 1000000000029.23, "Plan Rows": 1, "Plan Width": 16, "Index Cond": "(o_orderkey = lineitem.l_orderkey)"}]}, {"Node Type": "Index Scan", "Parent Relationship": "Inner", "Scan Direction": "Forward", "Index Name": "nation_pkey", "Relation Name": "nation", "Alias": "nation", "Startup Cost": 10000000000.0, "Total Cost": 1000000000027.01, "Plan Rows": 1, "Plan Width": 30, "Index Cond": "(n_nationkey = supplier.s_nationkey)"}]}]}]}, "Unique SQL Id": 3628361425}, "explain_analyze_plan": null}, "(1, 96)": {"explain_plan": {"Plan": {"Node Type": "Aggregate", "Strategy": "Sorted", "Startup Cost": 521166.02, "Total Cost": 521166.06, "Plan Rows": 1, "Plan Width": 74, "Group By Key": ["nation.n_name", "(date_part('year'::text, orders.o_orderdate))"], "Plans": [{"Node Type": "Sort", "Parent Relationship": "Outer", "Startup Cost": 521166.02, "Total Cost": 521166.03, "Plan Rows": 1, "Plan Width": 66, "Sort Key": ["nation.n_name", "(date_part('year'::text, orders.o_orderdate)) DESC"], "Plans": [{"Node Type": "Nested Loop", "Parent Relationship": "Outer", "Join Type": "Inner", "Startup Cost": 72600.6, "Total Cost": 521166.01, "Plan Rows": 1, "Plan Width": 66, "Inner Unique": true, "Plans": [{"Node Type": "Nested Loop", "Parent Relationship": "Outer", "Join Type": "Inner", "Startup Cost": 72600.6, "Total Cost": 521165.73, "Plan Rows": 1, "Plan Width": 44, "Inner Unique": true, "Plans": [{"Node Type": "Nested Loop", "Parent Relationship": "Outer", "Join Type": "Inner", "Startup Cost": 72600.6, "Total Cost": 521165.43, "Plan Rows": 1, "Plan Width": 44, "Inner Unique": false, "Join Filter": "(supplier.s_suppkey = lineitem.l_suppkey)", "Plans": [{"Node Type": "Hash Join", "Parent Relationship": "Outer", "Join Type": "Inner", "Startup Cost": 72600.6, "Total Cost": 377416.42, "Plan Rows": 125630, "Plan Width": 44, "Inner Unique": true, "Hash Cond": "(partsupp.ps_suppkey = supplier.s_suppkey), (LLVM Optimized)", "Plans": [{"Node Type": "Hash Join", "Parent Relationship": "Outer", "Join Type": "Inner", "Startup Cost": 68067.6, "Total Cost": 370653.38, "Plan Rows": 259666, "Plan Width": 32, "Inner Unique": true, "Hash Cond": "(partsupp.ps_partkey = part.p_partkey), (LLVM Optimized)", "Plans": [{"Node Type": "Seq Scan", "Parent Relationship": "Outer", "Relation Name": "partsupp", "Alias": "partsupp", "Startup Cost": 0.0, "Total Cost": 269987.72, "Plan Rows": 8000372, "Plan Width": 24}, {"Node Type": "Hash", "Parent Relationship": "Inner", "Startup Cost": 66944.0, "Total Cost": 66944.0, "Plan Rows": 89888, "Plan Width": 8, "Plans": [{"Node Type": "Seq Scan", "Parent Relationship": "Outer", "Relation Name": "part", "Alias": "part", "Startup Cost": 0.0, "Total Cost": 66944.0, "Plan Rows": 89888, "Plan Width": 8, "Filter": "((p_name)::text ~~ '%dim%'::text)"}]}]}, {"Node Type": "Hash", "Parent Relationship": "Inner", "Startup Cost": 3283.0, "Total Cost": 3283.0, "Plan Rows": 100000, "Plan Width": 12, "Plans": [{"Node Type": "Seq Scan", "Parent Relationship": "Outer", "Relation Name": "supplier", "Alias": "supplier", "Startup Cost": 0.0, "Total Cost": 3283.0, "Plan Rows": 100000, "Plan Width": 12}]}]}, {"Node Type": "Index Scan", "Parent Relationship": "Inner", "Scan Direction": "Forward", "Index Name": "idx_lineitem_part_supp", "Relation Name": "lineitem", "Alias": "lineitem", "Startup Cost": 0.0, "Total Cost": 1.13, "Plan Rows": 1, "Plan Width": 48, "Index Cond": "((l_partkey = partsupp.ps_partkey) AND (l_suppkey = partsupp.ps_suppkey))"}]}, {"Node Type": "Index Scan", "Parent Relationship": "Inner", "Scan Direction": "Forward", "Index Name": "orders_pkey", "Relation Name": "orders", "Alias": "orders", "Startup Cost": 0.0, "Total Cost": 0.29, "Plan Rows": 1, "Plan Width": 16, "Index Cond": "(o_orderkey = lineitem.l_orderkey)"}]}, {"Node Type": "Index Scan", "Parent Relationship": "Inner", "Scan Direction": "Forward", "Index Name": "nation_pkey", "Relation Name": "nation", "Alias": "nation", "Startup Cost": 0.0, "Total Cost": 0.27, "Plan Rows": 1, "Plan Width": 30, "Index Cond": "(n_nationkey = supplier.s_nationkey)"}]}]}]}, "Unique SQL Id": 3628361425}, "explain_analyze_plan": {"Plan": {"Node Type": "Aggregate", "Strategy": "Sorted", "Startup Cost": 521166.02, "Total Cost": 521166.06, "Plan Rows": 1, "Plan Width": 74, "Actual Startup Time": 59481.117, "Actual Total Time": 62604.215, "Actual Rows": 175, "Actual Loops": 1, "Group By Key": ["nation.n_name", "(date_part('year'::text, orders.o_orderdate))"], "Plans": [{"Node Type": "Sort", "Parent Relationship": "Outer", "Startup Cost": 521166.02, "Total Cost": 521166.03, "Plan Rows": 1, "Plan Width": 66, "Actual Startup Time": 59469.211, "Actual Total Time": 60260.928, "Actual Rows": 3256948, "Actual Loops": 1, "Sort Key": ["nation.n_name", "(date_part('year'::text, orders.o_orderdate)) DESC"], "Sort Method": "quicksort", "Sort Space Used": 607203, "Sort Space Type": "Memory", "Plans": [{"Node Type": "Nested Loop", "Parent Relationship": "Outer", "Join Type": "Inner", "Startup Cost": 72600.6, "Total Cost": 521166.01, "Plan Rows": 1, "Plan Width": 66, "Actual Startup Time": 1094.503, "Actual Total Time": 53628.008, "Actual Rows": 3256948, "Actual Loops": 1, "Inner Unique": true, "Plans": [{"Node Type": "Nested Loop", "Parent Relationship": "Outer", "Join Type": "Inner", "Startup Cost": 72600.6, "Total Cost": 521165.73, "Plan Rows": 1, "Plan Width": 44, "Actual Startup Time": 1094.366, "Actual Total Time": 45161.558, "Actual Rows": 3256948, "Actual Loops": 1, "Inner Unique": true, "Plans": [{"Node Type": "Nested Loop", "Parent Relationship": "Outer", "Join Type": "Inner", "Startup Cost": 72600.6, "Total Cost": 521165.43, "Plan Rows": 1, "Plan Width": 44, "Actual Startup Time": 1094.34, "Actual Total Time": 18317.543, "Actual Rows": 3256948, "Actual Loops": 1, "Inner Unique": false, "Join Filter": "(supplier.s_suppkey = lineitem.l_suppkey)", "Rows Removed by Join Filter": 0, "Plans": [{"Node Type": "Hash Join", "Parent Relationship": "Outer", "Join Type": "Inner", "Startup Cost": 72600.6, "Total Cost": 377416.42, "Plan Rows": 125630, "Plan Width": 44, "Actual Startup Time": 1094.281, "Actual Total Time": 6180.496, "Actual Rows": 434204, "Actual Loops": 1, "Inner Unique": true, "Hash Cond": "(partsupp.ps_suppkey = supplier.s_suppkey), (LLVM Optimized, Jit Execute)", "Plans": [{"Node Type": "Hash Join", "Parent Relationship": "Outer", "Join Type": "Inner", "Startup Cost": 68067.6, "Total Cost": 370653.38, "Plan Rows": 259666, "Plan Width": 32, "Actual Startup Time": 1031.172, "Actual Total Time": 5716.645, "Actual Rows": 434204, "Actual Loops": 1, "Inner Unique": true, "Hash Cond": "(partsupp.ps_partkey = part.p_partkey), (LLVM Optimized, Jit Execute)", "Plans": [{"Node Type": "Seq Scan", "Parent Relationship": "Outer", "Relation Name": "partsupp", "Alias": "partsupp", "Startup Cost": 0.0, "Total Cost": 269987.72, "Plan Rows": 8000372, "Plan Width": 24, "Actual Startup Time": 0.013, "Actual Total Time": 2512.445, "Actual Rows": 8000000, "Actual Loops": 1}, {"Node Type": "Hash", "Parent Relationship": "Inner", "Startup Cost": 66944.0, "Total Cost": 66944.0, "Plan Rows": 89888, "Plan Width": 8, "Actual Startup Time": 1031.014, "Actual Total Time": 1031.014, "Actual Rows": 108551, "Actual Loops": 1, "Hash Buckets": 131072, "Hash Batches": 1, "Original Hash Batches": 1, "Peak Memory Usage": 4241, "Plans": [{"Node Type": "Seq Scan", "Parent Relationship": "Outer", "Relation Name": "part", "Alias": "part", "Startup Cost": 0.0, "Total Cost": 66944.0, "Plan Rows": 89888, "Plan Width": 8, "Actual Startup Time": 0.047, "Actual Total Time": 992.378, "Actual Rows": 108551, "Actual Loops": 1, "Filter": "((p_name)::text ~~ '%dim%'::text)", "Rows Removed by Filter": 1891449}]}]}, {"Node Type": "Hash", "Parent Relationship": "Inner", "Startup Cost": 3283.0, "Total Cost": 3283.0, "Plan Rows": 100000, "Plan Width": 12, "Actual Startup Time": 62.997, "Actual Total Time": 62.997, "Actual Rows": 100000, "Actual Loops": 1, "Hash Buckets": 131072, "Hash Batches": 1, "Original Hash Batches": 1, "Peak Memory Usage": 4297, "Plans": [{"Node Type": "Seq Scan", "Parent Relationship": "Outer", "Relation Name": "supplier", "Alias": "supplier", "Startup Cost": 0.0, "Total Cost": 3283.0, "Plan Rows": 100000, "Plan Width": 12, "Actual Startup Time": 0.026, "Actual Total Time": 35.878, "Actual Rows": 100000, "Actual Loops": 1}]}]}, {"Node Type": "Index Scan", "Parent Relationship": "Inner", "Scan Direction": "Forward", "Index Name": "idx_lineitem_part_supp", "Relation Name": "lineitem", "Alias": "lineitem", "Startup Cost": 0.0, "Total Cost": 1.13, "Plan Rows": 1, "Plan Width": 48, "Actual Startup Time": 3039.434, "Actual Total Time": 10513.781, "Actual Rows": 3256948, "Actual Loops": 434204, "Index Cond": "((l_partkey = partsupp.ps_partkey) AND (l_suppkey = partsupp.ps_suppkey))", "Rows Removed by Index Recheck": 0}]}, {"Node Type": "Index Scan", "Parent Relationship": "Inner", "Scan Direction": "Forward", "Index Name": "orders_pkey", "Relation Name": "orders", "Alias": "orders", "Startup Cost": 0.0, "Total Cost": 0.29, "Plan Rows": 1, "Plan Width": 16, "Actual Startup Time": 24113.79, "Actual Total Time": 24113.79, "Actual Rows": 3256948, "Actual Loops": 3256948, "Index Cond": "(o_orderkey = lineitem.l_orderkey)", "Rows Removed by Index Recheck": 0}]}, {"Node Type": "Index Scan", "Parent Relationship": "Inner", "Scan Direction": "Forward", "Index Name": "nation_pkey", "Relation Name": "nation", "Alias": "nation", "Startup Cost": 0.0, "Total Cost": 0.27, "Plan Rows": 1, "Plan Width": 30, "Actual Startup Time": 4504.283, "Actual Total Time": 4504.283, "Actual Rows": 3256948, "Actual Loops": 3256948, "Index Cond": "(n_nationkey = supplier.s_nationkey)", "Rows Removed by Index Recheck": 0}]}]}]}, "Triggers": [], "Planner Runtime": 30.255, "Total Runtime": 62619.904, "Unique SQL Id": 3628361425}}, "(1, 97)": {"explain_plan": {"Plan": {"Node Type": "Aggregate", "Strategy": "Sorted", "Startup Cost": 701189.48, "Total Cost": 701189.52, "Plan Rows": 1, "Plan Width": 74, "Group By Key": ["nation.n_name", "(date_part('year'::text, orders.o_orderdate))"], "Plans": [{"Node Type": "Sort", "Parent Relationship": "Outer", "Startup Cost": 701189.48, "Total Cost": 701189.49, "Plan Rows": 1, "Plan Width": 66, "Sort Key": ["nation.n_name", "(date_part('year'::text, orders.o_orderdate)) DESC"], "Plans": [{"Node Type": "Nested Loop", "Parent Relationship": "Outer", "Join Type": "Inner", "Startup Cost": 6584.54, "Total Cost": 701189.47, "Plan Rows": 1, "Plan Width": 66, "Inner Unique": true, "Plans": [{"Node Type": "Nested Loop", "Parent Relationship": "Outer", "Join Type": "Inner", "Startup Cost": 6584.54, "Total Cost": 701189.19, "Plan Rows": 1, "Plan Width": 44, "Inner Unique": true, "Plans": [{"Node Type": "Nested Loop", "Parent Relationship": "Outer", "Join Type": "Inner", "Startup Cost": 6584.54, "Total Cost": 701188.89, "Plan Rows": 1, "Plan Width": 44, "Inner Unique": false, "Join Filter": "(supplier.s_suppkey = lineitem.l_suppkey)", "Plans": [{"Node Type": "Hash Join", "Parent Relationship": "Outer", "Join Type": "Inner", "Startup Cost": 6584.54, "Total Cost": 557439.88, "Plan Rows": 125630, "Plan Width": 44, "Inner Unique": true, "Hash Cond": "(partsupp.ps_suppkey = supplier.s_suppkey), (LLVM Optimized)", "Plans": [{"Node Type": "Nested Loop", "Parent Relationship": "Outer", "Join Type": "Inner", "Startup Cost": 0.0, "Total Cost": 548625.29, "Plan Rows": 259666, "Plan Width": 32, "Inner Unique": false, "Plans": [{"Node Type": "Index Scan", "Parent Relationship": "Outer", "Scan Direction": "Forward", "Index Name": "part_kpey", "Relation Name": "part", "Alias": "part", "Startup Cost": 0.0, "Total Cost": 105803.25, "Plan Rows": 89888, "Plan Width": 8, "Filter": "((p_name)::text ~~ '%dim%'::text)"}, {"Node Type": "Index Scan", "Parent Relationship": "Inner", "Scan Direction": "Forward", "Index Name": "idx_partsupp_partkey", "Relation Name": "partsupp", "Alias": "partsupp", "Startup Cost": 0.0, "Total Cost": 4.9, "Plan Rows": 3, "Plan Width": 24, "Index Cond": "(ps_partkey = part.p_partkey)"}]}, {"Node Type": "Hash", "Parent Relationship": "Inner", "Startup Cost": 5334.54, "Total Cost": 5334.54, "Plan Rows": 100000, "Plan Width": 12, "Plans": [{"Node Type": "Index Scan", "Parent Relationship": "Outer", "Scan Direction": "Forward", "Index Name": "supplier_pkey", "Relation Name": "supplier", "Alias": "supplier", "Startup Cost": 0.0, "Total Cost": 5334.54, "Plan Rows": 100000, "Plan Width": 12}]}]}, {"Node Type": "Index Scan", "Parent Relationship": "Inner", "Scan Direction": "Forward", "Index Name": "idx_lineitem_part_supp", "Relation Name": "lineitem", "Alias": "lineitem", "Startup Cost": 0.0, "Total Cost": 1.13, "Plan Rows": 1, "Plan Width": 48, "Index Cond": "((l_partkey = partsupp.ps_partkey) AND (l_suppkey = partsupp.ps_suppkey))"}]}, {"Node Type": "Index Scan", "Parent Relationship": "Inner", "Scan Direction": "Forward", "Index Name": "orders_pkey", "Relation Name": "orders", "Alias": "orders", "Startup Cost": 0.0, "Total Cost": 0.29, "Plan Rows": 1, "Plan Width": 16, "Index Cond": "(o_orderkey = lineitem.l_orderkey)"}]}, {"Node Type": "Index Scan", "Parent Relationship": "Inner", "Scan Direction": "Forward", "Index Name": "nation_pkey", "Relation Name": "nation", "Alias": "nation", "Startup Cost": 0.0, "Total Cost": 0.27, "Plan Rows": 1, "Plan Width": 30, "Index Cond": "(n_nationkey = supplier.s_nationkey)"}]}]}]}, "Unique SQL Id": 3628361425}, "explain_analyze_plan": {"Plan": {"Node Type": "Aggregate", "Strategy": "Sorted", "Startup Cost": 701189.48, "Total Cost": 701189.52, "Plan Rows": 1, "Plan Width": 74, "Actual Startup Time": 57927.603, "Actual Total Time": 60887.2, "Actual Rows": 175, "Actual Loops": 1, "Group By Key": ["nation.n_name", "(date_part('year'::text, orders.o_orderdate))"], "Plans": [{"Node Type": "Sort", "Parent Relationship": "Outer", "Startup Cost": 701189.48, "Total Cost": 701189.49, "Plan Rows": 1, "Plan Width": 66, "Actual Startup Time": 57917.052, "Actual Total Time": 58585.336, "Actual Rows": 3256948, "Actual Loops": 1, "Sort Key": ["nation.n_name", "(date_part('year'::text, orders.o_orderdate)) DESC"], "Sort Method": "quicksort", "Sort Space Used": 607203, "Sort Space Type": "Memory", "Plans": [{"Node Type": "Nested Loop", "Parent Relationship": "Outer", "Join Type": "Inner", "Startup Cost": 6584.54, "Total Cost": 701189.47, "Plan Rows": 1, "Plan Width": 66, "Actual Startup Time": 88.208, "Actual Total Time": 52379.794, "Actual Rows": 3256948, "Actual Loops": 1, "Inner Unique": true, "Plans": [{"Node Type": "Nested Loop", "Parent Relationship": "Outer", "Join Type": "Inner", "Startup Cost": 6584.54, "Total Cost": 701189.19, "Plan Rows": 1, "Plan Width": 44, "Actual Startup Time": 88.176, "Actual Total Time": 43642.973, "Actual Rows": 3256948, "Actual Loops": 1, "Inner Unique": true, "Plans": [{"Node Type": "Nested Loop", "Parent Relationship": "Outer", "Join Type": "Inner", "Startup Cost": 6584.54, "Total Cost": 701188.89, "Plan Rows": 1, "Plan Width": 44, "Actual Startup Time": 88.16, "Actual Total Time": 15982.385, "Actual Rows": 3256948, "Actual Loops": 1, "Inner Unique": false, "Join Filter": "(supplier.s_suppkey = lineitem.l_suppkey)", "Rows Removed by Join Filter": 0, "Plans": [{"Node Type": "Hash Join", "Parent Relationship": "Outer", "Join Type": "Inner", "Startup Cost": 6584.54, "Total Cost": 557439.88, "Plan Rows": 125630, "Plan Width": 44, "Actual Startup Time": 88.115, "Actual Total Time": 3477.657, "Actual Rows": 434204, "Actual Loops": 1, "Inner Unique": true, "Hash Cond": "(partsupp.ps_suppkey = supplier.s_suppkey), (LLVM Optimized, Jit Execute)", "Plans": [{"Node Type": "Nested Loop", "Parent Relationship": "Outer", "Join Type": "Inner", "Startup Cost": 0.0, "Total Cost": 548625.29, "Plan Rows": 259666, "Plan Width": 32, "Actual Startup Time": 0.091, "Actual Total Time": 2926.915, "Actual Rows": 434204, "Actual Loops": 1, "Inner Unique": false, "Plans": [{"Node Type": "Index Scan", "Parent Relationship": "Outer", "Scan Direction": "Forward", "Index Name": "part_kpey", "Relation Name": "part", "Alias": "part", "Startup Cost": 0.0, "Total Cost": 105803.25, "Plan Rows": 89888, "Plan Width": 8, "Actual Startup Time": 0.065, "Actual Total Time": 1746.869, "Actual Rows": 108551, "Actual Loops": 1, "Filter": "((p_name)::text ~~ '%dim%'::text)", "Rows Removed by Filter": 1891449}, {"Node Type": "Index Scan", "Parent Relationship": "Inner", "Scan Direction": "Forward", "Index Name": "idx_partsupp_partkey", "Relation Name": "partsupp", "Alias": "partsupp", "Startup Cost": 0.0, "Total Cost": 4.9, "Plan Rows": 3, "Plan Width": 24, "Actual Startup Time": 667.283, "Actual Total Time": 976.149, "Actual Rows": 434204, "Actual Loops": 108551, "Index Cond": "(ps_partkey = part.p_partkey)", "Rows Removed by Index Recheck": 0}]}, {"Node Type": "Hash", "Parent Relationship": "Inner", "Startup Cost": 5334.54, "Total Cost": 5334.54, "Plan Rows": 100000, "Plan Width": 12, "Actual Startup Time": 87.877, "Actual Total Time": 87.877, "Actual Rows": 100000, "Actual Loops": 1, "Hash Buckets": 131072, "Hash Batches": 1, "Original Hash Batches": 1, "Peak Memory Usage": 4297, "Plans": [{"Node Type": "Index Scan", "Parent Relationship": "Outer", "Scan Direction": "Forward", "Index Name": "supplier_pkey", "Relation Name": "supplier", "Alias": "supplier", "Startup Cost": 0.0, "Total Cost": 5334.54, "Plan Rows": 100000, "Plan Width": 12, "Actual Startup Time": 0.025, "Actual Total Time": 60.048, "Actual Rows": 100000, "Actual Loops": 1}]}]}, {"Node Type": "Index Scan", "Parent Relationship": "Inner", "Scan Direction": "Forward", "Index Name": "idx_lineitem_part_supp", "Relation Name": "lineitem", "Alias": "lineitem", "Startup Cost": 0.0, "Total Cost": 1.13, "Plan Rows": 1, "Plan Width": 48, "Actual Startup Time": 3121.867, "Actual Total Time": 10833.853, "Actual Rows": 3256948, "Actual Loops": 434204, "Index Cond": "((l_partkey = partsupp.ps_partkey) AND (l_suppkey = partsupp.ps_suppkey))", "Rows Removed by Index Recheck": 0}]}, {"Node Type": "Index Scan", "Parent Relationship": "Inner", "Scan Direction": "Forward", "Index Name": "orders_pkey", "Relation Name": "orders", "Alias": "orders", "Startup Cost": 0.0, "Total Cost": 0.29, "Plan Rows": 1, "Plan Width": 16, "Actual Startup Time": 24891.296, "Actual Total Time": 24891.296, "Actual Rows": 3256948, "Actual Loops": 3256948, "Index Cond": "(o_orderkey = lineitem.l_orderkey)", "Rows Removed by Index Recheck": 0}]}, {"Node Type": "Index Scan", "Parent Relationship": "Inner", "Scan Direction": "Forward", "Index Name": "nation_pkey", "Relation Name": "nation", "Alias": "nation", "Startup Cost": 0.0, "Total Cost": 0.27, "Plan Rows": 1, "Plan Width": 30, "Actual Startup Time": 4701.479, "Actual Total Time": 4701.479, "Actual Rows": 3256948, "Actual Loops": 3256948, "Index Cond": "(n_nationkey = supplier.s_nationkey)", "Rows Removed by Index Recheck": 0}]}]}]}, "Triggers": [], "Planner Runtime": 29.635, "Total Runtime": 60901.785, "Unique SQL Id": 3628361425}}, "(1, 98)": {"explain_plan": {"Plan": {"Node Type": "Aggregate", "Strategy": "Sorted", "Startup Cost": 934830.93, "Total Cost": 934830.97, "Plan Rows": 1, "Plan Width": 74, "Group By Key": ["nation.n_name", "(date_part('year'::text, orders.o_orderdate))"], "Plans": [{"Node Type": "Sort", "Parent Relationship": "Outer", "Startup Cost": 934830.93, "Total Cost": 934830.94, "Plan Rows": 1, "Plan Width": 66, "Sort Key": ["nation.n_name", "(date_part('year'::text, orders.o_orderdate)) DESC"], "Plans": [{"Node Type": "Nested Loop", "Parent Relationship": "Outer", "Join Type": "Inner", "Startup Cost": 72601.53, "Total Cost": 934830.92, "Plan Rows": 1, "Plan Width": 66, "Inner Unique": true, "Plans": [{"Node Type": "Nested Loop", "Parent Relationship": "Outer", "Join Type": "Inner", "Startup Cost": 72601.27, "Total Cost": 934826.64, "Plan Rows": 1, "Plan Width": 44, "Inner Unique": true, "Plans": [{"Node Type": "Nested Loop", "Parent Relationship": "Outer", "Join Type": "Inner", "Startup Cost": 72601.01, "Total Cost": 934822.36, "Plan Rows": 1, "Plan Width": 44, "Inner Unique": false, "Join Filter": "(supplier.s_suppkey = lineitem.l_suppkey)", "Plans": [{"Node Type": "Hash Join", "Parent Relationship": "Outer", "Join Type": "Inner", "Startup Cost": 72600.6, "Total Cost": 377416.42, "Plan Rows": 125630, "Plan Width": 44, "Inner Unique": true, "Hash Cond": "(partsupp.ps_suppkey = supplier.s_suppkey), (LLVM Optimized)", "Plans": [{"Node Type": "Hash Join", "Parent Relationship": "Outer", "Join Type": "Inner", "Startup Cost": 68067.6, "Total Cost": 370653.38, "Plan Rows": 259666, "Plan Width": 32, "Inner Unique": true, "Hash Cond": "(partsupp.ps_partkey = part.p_partkey), (LLVM Optimized)", "Plans": [{"Node Type": "Seq Scan", "Parent Relationship": "Outer", "Relation Name": "partsupp", "Alias": "partsupp", "Startup Cost": 0.0, "Total Cost": 269987.72, "Plan Rows": 8000372, "Plan Width": 24}, {"Node Type": "Hash", "Parent Relationship": "Inner", "Startup Cost": 66944.0, "Total Cost": 66944.0, "Plan Rows": 89888, "Plan Width": 8, "Plans": [{"Node Type": "Seq Scan", "Parent Relationship": "Outer", "Relation Name": "part", "Alias": "part", "Startup Cost": 0.0, "Total Cost": 66944.0, "Plan Rows": 89888, "Plan Width": 8, "Filter": "((p_name)::text ~~ '%dim%'::text)"}]}]}, {"Node Type": "Hash", "Parent Relationship": "Inner", "Startup Cost": 3283.0, "Total Cost": 3283.0, "Plan Rows": 100000, "Plan Width": 12, "Plans": [{"Node Type": "Seq Scan", "Parent Relationship": "Outer", "Relation Name": "supplier", "Alias": "supplier", "Startup Cost": 0.0, "Total Cost": 3283.0, "Plan Rows": 100000, "Plan Width": 12}]}]}, {"Node Type": "Bitmap Heap Scan", "Parent Relationship": "Inner", "Relation Name": "lineitem", "Alias": "lineitem", "Startup Cost": 0.41, "Total Cost": 4.42, "Plan Rows": 1, "Plan Width": 48, "Recheck Cond": "((l_partkey = partsupp.ps_partkey) AND (l_suppkey = partsupp.ps_suppkey))", "Plans": [{"Node Type": "Bitmap Index Scan", "Parent Relationship": "Outer", "Index Name": "idx_lineitem_part_supp", "Startup Cost": 0.0, "Total Cost": 0.41, "Plan Rows": 1, "Plan Width": 0, "Index Cond": "((l_partkey = partsupp.ps_partkey) AND (l_suppkey = partsupp.ps_suppkey))"}]}]}, {"Node Type": "Bitmap Heap Scan", "Parent Relationship": "Inner", "Relation Name": "orders", "Alias": "orders", "Startup Cost": 0.26, "Total Cost": 4.27, "Plan Rows": 1, "Plan Width": 16, "Recheck Cond": "(o_orderkey = lineitem.l_orderkey)", "Plans": [{"Node Type": "Bitmap Index Scan", "Parent Relationship": "Outer", "Index Name": "orders_pkey", "Startup Cost": 0.0, "Total Cost": 0.26, "Plan Rows": 1, "Plan Width": 0, "Index Cond": "(o_orderkey = lineitem.l_orderkey)"}]}]}, {"Node Type": "Bitmap Heap Scan", "Parent Relationship": "Inner", "Relation Name": "nation", "Alias": "nation", "Startup Cost": 0.26, "Total Cost": 4.27, "Plan Rows": 1, "Plan Width": 30, "Recheck Cond": "(n_nationkey = supplier.s_nationkey)", "Plans": [{"Node Type": "Bitmap Index Scan", "Parent Relationship": "Outer", "Index Name": "nation_pkey", "Startup Cost": 0.0, "Total Cost": 0.26, "Plan Rows": 1, "Plan Width": 0, "Index Cond": "(n_nationkey = supplier.s_nationkey)"}]}]}]}]}, "Unique SQL Id": 3628361425}, "explain_analyze_plan": {"Plan": {"Node Type": "Aggregate", "Strategy": "Sorted", "Startup Cost": 934830.93, "Total Cost": 934830.97, "Plan Rows": 1, "Plan Width": 74, "Actual Startup Time": 74843.338, "Actual Total Time": 77889.654, "Actual Rows": 175, "Actual Loops": 1, "Group By Key": ["nation.n_name", "(date_part('year'::text, orders.o_orderdate))"], "Plans": [{"Node Type": "Sort", "Parent Relationship": "Outer", "Startup Cost": 934830.93, "Total Cost": 934830.94, "Plan Rows": 1, "Plan Width": 66, "Actual Startup Time": 74832.13, "Actual Total Time": 75568.879, "Actual Rows": 3256948, "Actual Loops": 1, "Sort Key": ["nation.n_name", "(date_part('year'::text, orders.o_orderdate)) DESC"], "Sort Method": "quicksort", "Sort Space Used": 607203, "Sort Space Type": "Memory", "Plans": [{"Node Type": "Nested Loop", "Parent Relationship": "Outer", "Join Type": "Inner", "Startup Cost": 72601.53, "Total Cost": 934830.92, "Plan Rows": 1, "Plan Width": 66, "Actual Startup Time": 1105.364, "Actual Total Time": 69092.398, "Actual Rows": 3256948, "Actual Loops": 1, "Inner Unique": true, "Plans": [{"Node Type": "Nested Loop", "Parent Relationship": "Outer", "Join Type": "Inner", "Startup Cost": 72601.27, "Total Cost": 934826.64, "Plan Rows": 1, "Plan Width": 44, "Actual Startup Time": 1105.315, "Actual Total Time": 55282.992, "Actual Rows": 3256948, "Actual Loops": 1, "Inner Unique": true, "Plans": [{"Node Type": "Nested Loop", "Parent Relationship": "Outer", "Join Type": "Inner", "Startup Cost": 72601.01, "Total Cost": 934822.36, "Plan Rows": 1, "Plan Width": 44, "Actual Startup Time": 1105.278, "Actual Total Time": 21853.713, "Actual Rows": 3256948, "Actual Loops": 1, "Inner Unique": false, "Join Filter": "(supplier.s_suppkey = lineitem.l_suppkey)", "Rows Removed by Join Filter": 0, "Plans": [{"Node Type": "Hash Join", "Parent Relationship": "Outer", "Join Type": "Inner", "Startup Cost": 72600.6, "Total Cost": 377416.42, "Plan Rows": 125630, "Plan Width": 44, "Actual Startup Time": 1105.153, "Actual Total Time": 6395.644, "Actual Rows": 434204, "Actual Loops": 1, "Inner Unique": true, "Hash Cond": "(partsupp.ps_suppkey = supplier.s_suppkey), (LLVM Optimized, Jit Execute)", "Plans": [{"Node Type": "Hash Join", "Parent Relationship": "Outer", "Join Type": "Inner", "Startup Cost": 68067.6, "Total Cost": 370653.38, "Plan Rows": 259666, "Plan Width": 32, "Actual Startup Time": 1041.795, "Actual Total Time": 5903.793, "Actual Rows": 434204, "Actual Loops": 1, "Inner Unique": true, "Hash Cond": "(partsupp.ps_partkey = part.p_partkey), (LLVM Optimized, Jit Execute)", "Plans": [{"Node Type": "Seq Scan", "Parent Relationship": "Outer", "Relation Name": "partsupp", "Alias": "partsupp", "Startup Cost": 0.0, "Total Cost": 269987.72, "Plan Rows": 8000372, "Plan Width": 24, "Actual Startup Time": 0.014, "Actual Total Time": 2579.684, "Actual Rows": 8000000, "Actual Loops": 1}, {"Node Type": "Hash", "Parent Relationship": "Inner", "Startup Cost": 66944.0, "Total Cost": 66944.0, "Plan Rows": 89888, "Plan Width": 8, "Actual Startup Time": 1041.638, "Actual Total Time": 1041.638, "Actual Rows": 108551, "Actual Loops": 1, "Hash Buckets": 131072, "Hash Batches": 1, "Original Hash Batches": 1, "Peak Memory Usage": 4241, "Plans": [{"Node Type": "Seq Scan", "Parent Relationship": "Outer", "Relation Name": "part", "Alias": "part", "Startup Cost": 0.0, "Total Cost": 66944.0, "Plan Rows": 89888, "Plan Width": 8, "Actual Startup Time": 0.046, "Actual Total Time": 999.943, "Actual Rows": 108551, "Actual Loops": 1, "Filter": "((p_name)::text ~~ '%dim%'::text)", "Rows Removed by Filter": 1891449}]}]}, {"Node Type": "Hash", "Parent Relationship": "Inner", "Startup Cost": 3283.0, "Total Cost": 3283.0, "Plan Rows": 100000, "Plan Width": 12, "Actual Startup Time": 63.234, "Actual Total Time": 63.234, "Actual Rows": 100000, "Actual Loops": 1, "Hash Buckets": 131072, "Hash Batches": 1, "Original Hash Batches": 1, "Peak Memory Usage": 4297, "Plans": [{"Node Type": "Seq Scan", "Parent Relationship": "Outer", "Relation Name": "supplier", "Alias": "supplier", "Startup Cost": 0.0, "Total Cost": 3283.0, "Plan Rows": 100000, "Plan Width": 12, "Actual Startup Time": 0.031, "Actual Total Time": 36.039, "Actual Rows": 100000, "Actual Loops": 1}]}]}, {"Node Type": "Bitmap Heap Scan", "Parent Relationship": "Inner", "Relation Name": "lineitem", "Alias": "lineitem", "Startup Cost": 0.41, "Total Cost": 4.42, "Plan Rows": 1, "Plan Width": 48, "Actual Startup Time": 4916.501, "Actual Total Time": 13383.02, "Actual Rows": 3256948, "Actual Loops": 434204, "Recheck Cond": "((l_partkey = partsupp.ps_partkey) AND (l_suppkey = partsupp.ps_suppkey))", "Rows Removed by Index Recheck": 0, "Exact Heap Blocks": 3256937, "Lossy Heap Blocks": 3256937, "Plans": [{"Node Type": "Bitmap Index Scan", "Parent Relationship": "Outer", "Index Name": "idx_lineitem_part_supp", "Startup Cost": 0.0, "Total Cost": 0.41, "Plan Rows": 1, "Plan Width": 0, "Actual Startup Time": 2777.915, "Actual Total Time": 2777.915, "Actual Rows": 3256948, "Actual Loops": 434204, "Index Cond": "((l_partkey = partsupp.ps_partkey) AND (l_suppkey = partsupp.ps_suppkey))"}]}]}, {"Node Type": "Bitmap Heap Scan", "Parent Relationship": "Inner", "Relation Name": "orders", "Alias": "orders", "Startup Cost": 0.26, "Total Cost": 4.27, "Plan Rows": 1, "Plan Width": 16, "Actual Startup Time": 28942.068, "Actual Total Time": 28942.068, "Actual Rows": 3256948, "Actual Loops": 3256948, "Recheck Cond": "(o_orderkey = lineitem.l_orderkey)", "Rows Removed by Index Recheck": 0, "Exact Heap Blocks": 3256948, "Lossy Heap Blocks": 3256948, "Plans": [{"Node Type": "Bitmap Index Scan", "Parent Relationship": "Outer", "Index Name": "orders_pkey", "Startup Cost": 0.0, "Total Cost": 0.26, "Plan Rows": 1, "Plan Width": 0, "Actual Startup Time": 18843.489, "Actual Total Time": 18843.489, "Actual Rows": 3256948, "Actual Loops": 3256948, "Index Cond": "(o_orderkey = lineitem.l_orderkey)"}]}]}, {"Node Type": "Bitmap Heap Scan", "Parent Relationship": "Inner", "Relation Name": "nation", "Alias": "nation", "Startup Cost": 0.26, "Total Cost": 4.27, "Plan Rows": 1, "Plan Width": 30, "Actual Startup Time": 7721.452, "Actual Total Time": 7721.452, "Actual Rows": 3256948, "Actual Loops": 3256948, "Recheck Cond": "(n_nationkey = supplier.s_nationkey)", "Rows Removed by Index Recheck": 0, "Exact Heap Blocks": 3256948, "Lossy Heap Blocks": 3256948, "Plans": [{"Node Type": "Bitmap Index Scan", "Parent Relationship": "Outer", "Index Name": "nation_pkey", "Startup Cost": 0.0, "Total Cost": 0.26, "Plan Rows": 1, "Plan Width": 0, "Actual Startup Time": 3361.205, "Actual Total Time": 3361.205, "Actual Rows": 3256948, "Actual Loops": 3256948, "Index Cond": "(n_nationkey = supplier.s_nationkey)"}]}]}]}]}, "Triggers": [], "Planner Runtime": 38.642, "Total Runtime": 77905.866, "Unique SQL Id": 3628361425}}, "(1, 99)": {"explain_plan": {"Plan": {"Node Type": "Aggregate", "Strategy": "Sorted", "Startup Cost": 1000008167021.54, "Total Cost": 1000008167021.58, "Plan Rows": 1, "Plan Width": 74, "Group By Key": ["nation.n_name", "(date_part('year'::text, orders.o_orderdate))"], "Plans": [{"Node Type": "Sort", "Parent Relationship": "Outer", "Startup Cost": 1000008167021.54, "Total Cost": 1000008167021.55, "Plan Rows": 1, "Plan Width": 66, "Sort Key": ["nation.n_name", "(date_part('year'::text, orders.o_orderdate)) DESC"], "Plans": [{"Node Type": "Nested Loop", "Parent Relationship": "Outer", "Join Type": "Inner", "Startup Cost": 10000000002.75, "Total Cost": 1000008167021.53, "Plan Rows": 1, "Plan Width": 66, "Inner Unique": true, "Plans": [{"Node Type": "Nested Loop", "Parent Relationship": "Outer", "Join Type": "Inner", "Startup Cost": 10000000002.5, "Total Cost": 1000008167017.25, "Plan Rows": 1, "Plan Width": 44, "Inner Unique": true, "Plans": [{"Node Type": "Nested Loop", "Parent Relationship": "Outer", "Join Type": "Inner", "Startup Cost": 10000000002.24, "Total Cost": 1000008167012.96, "Plan Rows": 1, "Plan Width": 44, "Inner Unique": true, "Join Filter": "(partsupp.ps_partkey = part.p_partkey)", "Plans": [{"Node Type": "Nested Loop", "Parent Relationship": "Outer", "Join Type": "Inner", "Startup Cost": 10000000001.98, "Total Cost": 1000008166987.25, "Plan Rows": 6, "Plan Width": 60, "Inner Unique": false, "Join Filter": "(supplier.s_suppkey = lineitem.l_suppkey)", "Plans": [{"Node Type": "Nested Loop", "Parent Relationship": "Outer", "Join Type": "Inner", "Startup Cost": 10000000001.57, "Total Cost": 1000002201599.04, "Plan Rows": 1344499, "Plan Width": 36, "Inner Unique": false, "Plans": [{"Node Type": "Index Scan", "Parent Relationship": "Outer", "Scan Direction": "Forward", "Index Name": "idx_supplier_nation_key", "Relation Name": "supplier", "Alias": "supplier", "Startup Cost": 10000000000.0, "Total Cost": 1000001217556.78, "Plan Rows": 100000, "Plan Width": 12}, {"Node Type": "Bitmap Heap Scan", "Parent Relationship": "Inner", "Relation Name": "partsupp", "Alias": "partsupp", "Startup Cost": 1.57, "Total Cost": 9.71, "Plan Rows": 13, "Plan Width": 24, "Recheck Cond": "(ps_suppkey = supplier.s_suppkey)", "Plans": [{"Node Type": "Bitmap Index Scan", "Parent Relationship": "Outer", "Index Name": "idx_partsupp_suppkey", "Startup Cost": 0.0, "Total Cost": 1.56, "Plan Rows": 13, "Plan Width": 0, "Index Cond": "(ps_suppkey = supplier.s_suppkey)"}]}]}, {"Node Type": "Bitmap Heap Scan", "Parent Relationship": "Inner", "Relation Name": "lineitem", "Alias": "lineitem", "Startup Cost": 0.41, "Total Cost": 4.42, "Plan Rows": 1, "Plan Width": 48, "Recheck Cond": "((l_partkey = partsupp.ps_partkey) AND (l_suppkey = partsupp.ps_suppkey))", "Plans": [{"Node Type": "Bitmap Index Scan", "Parent Relationship": "Outer", "Index Name": "idx_lineitem_part_supp", "Startup Cost": 0.0, "Total Cost": 0.41, "Plan Rows": 1, "Plan Width": 0, "Index Cond": "((l_partkey = partsupp.ps_partkey) AND (l_suppkey = partsupp.ps_suppkey))"}]}]}, {"Node Type": "Bitmap Heap Scan", "Parent Relationship": "Inner", "Relation Name": "part", "Alias": "part", "Startup Cost": 0.26, "Total Cost": 4.27, "Plan Rows": 1, "Plan Width": 8, "Recheck Cond": "(p_partkey = lineitem.l_partkey)", "Filter": "((p_name)::text ~~ '%dim%'::text)", "Plans": [{"Node Type": "Bitmap Index Scan", "Parent Relationship": "Outer", "Index Name": "part_kpey", "Startup Cost": 0.0, "Total Cost": 0.26, "Plan Rows": 1, "Plan Width": 0, "Index Cond": "(p_partkey = lineitem.l_partkey)"}]}]}, {"Node Type": "Bitmap Heap Scan", "Parent Relationship": "Inner", "Relation Name": "orders", "Alias": "orders", "Startup Cost": 0.26, "Total Cost": 4.27, "Plan Rows": 1, "Plan Width": 16, "Recheck Cond": "(o_orderkey = lineitem.l_orderkey)", "Plans": [{"Node Type": "Bitmap Index Scan", "Parent Relationship": "Outer", "Index Name": "orders_pkey", "Startup Cost": 0.0, "Total Cost": 0.26, "Plan Rows": 1, "Plan Width": 0, "Index Cond": "(o_orderkey = lineitem.l_orderkey)"}]}]}, {"Node Type": "Bitmap Heap Scan", "Parent Relationship": "Inner", "Relation Name": "nation", "Alias": "nation", "Startup Cost": 0.26, "Total Cost": 4.27, "Plan Rows": 1, "Plan Width": 30, "Recheck Cond": "(n_nationkey = supplier.s_nationkey)", "Plans": [{"Node Type": "Bitmap Index Scan", "Parent Relationship": "Outer", "Index Name": "nation_pkey", "Startup Cost": 0.0, "Total Cost": 0.26, "Plan Rows": 1, "Plan Width": 0, "Index Cond": "(n_nationkey = supplier.s_nationkey)"}]}]}]}]}, "Unique SQL Id": 3628361425}, "explain_analyze_plan": null}, "(1, 100)": {"explain_plan": {"Plan": {"Node Type": "Aggregate", "Strategy": "Sorted", "Startup Cost": 521166.02, "Total Cost": 521166.06, "Plan Rows": 1, "Plan Width": 74, "Group By Key": ["nation.n_name", "(date_part('year'::text, orders.o_orderdate))"], "Plans": [{"Node Type": "Sort", "Parent Relationship": "Outer", "Startup Cost": 521166.02, "Total Cost": 521166.03, "Plan Rows": 1, "Plan Width": 66, "Sort Key": ["nation.n_name", "(date_part('year'::text, orders.o_orderdate)) DESC"], "Plans": [{"Node Type": "Nested Loop", "Parent Relationship": "Outer", "Join Type": "Inner", "Startup Cost": 72600.6, "Total Cost": 521166.01, "Plan Rows": 1, "Plan Width": 66, "Inner Unique": true, "Plans": [{"Node Type": "Nested Loop", "Parent Relationship": "Outer", "Join Type": "Inner", "Startup Cost": 72600.6, "Total Cost": 521165.73, "Plan Rows": 1, "Plan Width": 44, "Inner Unique": true, "Plans": [{"Node Type": "Nested Loop", "Parent Relationship": "Outer", "Join Type": "Inner", "Startup Cost": 72600.6, "Total Cost": 521165.43, "Plan Rows": 1, "Plan Width": 44, "Inner Unique": false, "Join Filter": "(supplier.s_suppkey = lineitem.l_suppkey)", "Plans": [{"Node Type": "Hash Join", "Parent Relationship": "Outer", "Join Type": "Inner", "Startup Cost": 72600.6, "Total Cost": 377416.42, "Plan Rows": 125630, "Plan Width": 44, "Inner Unique": true, "Hash Cond": "(partsupp.ps_suppkey = supplier.s_suppkey), (LLVM Optimized)", "Plans": [{"Node Type": "Hash Join", "Parent Relationship": "Outer", "Join Type": "Inner", "Startup Cost": 68067.6, "Total Cost": 370653.38, "Plan Rows": 259666, "Plan Width": 32, "Inner Unique": true, "Hash Cond": "(partsupp.ps_partkey = part.p_partkey), (LLVM Optimized)", "Plans": [{"Node Type": "Seq Scan", "Parent Relationship": "Outer", "Relation Name": "partsupp", "Alias": "partsupp", "Startup Cost": 0.0, "Total Cost": 269987.72, "Plan Rows": 8000372, "Plan Width": 24}, {"Node Type": "Hash", "Parent Relationship": "Inner", "Startup Cost": 66944.0, "Total Cost": 66944.0, "Plan Rows": 89888, "Plan Width": 8, "Plans": [{"Node Type": "Seq Scan", "Parent Relationship": "Outer", "Relation Name": "part", "Alias": "part", "Startup Cost": 0.0, "Total Cost": 66944.0, "Plan Rows": 89888, "Plan Width": 8, "Filter": "((p_name)::text ~~ '%dim%'::text)"}]}]}, {"Node Type": "Hash", "Parent Relationship": "Inner", "Startup Cost": 3283.0, "Total Cost": 3283.0, "Plan Rows": 100000, "Plan Width": 12, "Plans": [{"Node Type": "Seq Scan", "Parent Relationship": "Outer", "Relation Name": "supplier", "Alias": "supplier", "Startup Cost": 0.0, "Total Cost": 3283.0, "Plan Rows": 100000, "Plan Width": 12}]}]}, {"Node Type": "Index Scan", "Parent Relationship": "Inner", "Scan Direction": "Forward", "Index Name": "idx_lineitem_part_supp", "Relation Name": "lineitem", "Alias": "lineitem", "Startup Cost": 0.0, "Total Cost": 1.13, "Plan Rows": 1, "Plan Width": 48, "Index Cond": "((l_partkey = partsupp.ps_partkey) AND (l_suppkey = partsupp.ps_suppkey))"}]}, {"Node Type": "Index Scan", "Parent Relationship": "Inner", "Scan Direction": "Forward", "Index Name": "orders_pkey", "Relation Name": "orders", "Alias": "orders", "Startup Cost": 0.0, "Total Cost": 0.29, "Plan Rows": 1, "Plan Width": 16, "Index Cond": "(o_orderkey = lineitem.l_orderkey)"}]}, {"Node Type": "Index Scan", "Parent Relationship": "Inner", "Scan Direction": "Forward", "Index Name": "nation_pkey", "Relation Name": "nation", "Alias": "nation", "Startup Cost": 0.0, "Total Cost": 0.27, "Plan Rows": 1, "Plan Width": 30, "Index Cond": "(n_nationkey = supplier.s_nationkey)"}]}]}]}, "Unique SQL Id": 3628361425}, "explain_analyze_plan": {"Plan": {"Node Type": "Aggregate", "Strategy": "Sorted", "Startup Cost": 521166.02, "Total Cost": 521166.06, "Plan Rows": 1, "Plan Width": 74, "Actual Startup Time": 59481.117, "Actual Total Time": 62604.215, "Actual Rows": 175, "Actual Loops": 1, "Group By Key": ["nation.n_name", "(date_part('year'::text, orders.o_orderdate))"], "Plans": [{"Node Type": "Sort", "Parent Relationship": "Outer", "Startup Cost": 521166.02, "Total Cost": 521166.03, "Plan Rows": 1, "Plan Width": 66, "Actual Startup Time": 59469.211, "Actual Total Time": 60260.928, "Actual Rows": 3256948, "Actual Loops": 1, "Sort Key": ["nation.n_name", "(date_part('year'::text, orders.o_orderdate)) DESC"], "Sort Method": "quicksort", "Sort Space Used": 607203, "Sort Space Type": "Memory", "Plans": [{"Node Type": "Nested Loop", "Parent Relationship": "Outer", "Join Type": "Inner", "Startup Cost": 72600.6, "Total Cost": 521166.01, "Plan Rows": 1, "Plan Width": 66, "Actual Startup Time": 1094.503, "Actual Total Time": 53628.008, "Actual Rows": 3256948, "Actual Loops": 1, "Inner Unique": true, "Plans": [{"Node Type": "Nested Loop", "Parent Relationship": "Outer", "Join Type": "Inner", "Startup Cost": 72600.6, "Total Cost": 521165.73, "Plan Rows": 1, "Plan Width": 44, "Actual Startup Time": 1094.366, "Actual Total Time": 45161.558, "Actual Rows": 3256948, "Actual Loops": 1, "Inner Unique": true, "Plans": [{"Node Type": "Nested Loop", "Parent Relationship": "Outer", "Join Type": "Inner", "Startup Cost": 72600.6, "Total Cost": 521165.43, "Plan Rows": 1, "Plan Width": 44, "Actual Startup Time": 1094.34, "Actual Total Time": 18317.543, "Actual Rows": 3256948, "Actual Loops": 1, "Inner Unique": false, "Join Filter": "(supplier.s_suppkey = lineitem.l_suppkey)", "Rows Removed by Join Filter": 0, "Plans": [{"Node Type": "Hash Join", "Parent Relationship": "Outer", "Join Type": "Inner", "Startup Cost": 72600.6, "Total Cost": 377416.42, "Plan Rows": 125630, "Plan Width": 44, "Actual Startup Time": 1094.281, "Actual Total Time": 6180.496, "Actual Rows": 434204, "Actual Loops": 1, "Inner Unique": true, "Hash Cond": "(partsupp.ps_suppkey = supplier.s_suppkey), (LLVM Optimized, Jit Execute)", "Plans": [{"Node Type": "Hash Join", "Parent Relationship": "Outer", "Join Type": "Inner", "Startup Cost": 68067.6, "Total Cost": 370653.38, "Plan Rows": 259666, "Plan Width": 32, "Actual Startup Time": 1031.172, "Actual Total Time": 5716.645, "Actual Rows": 434204, "Actual Loops": 1, "Inner Unique": true, "Hash Cond": "(partsupp.ps_partkey = part.p_partkey), (LLVM Optimized, Jit Execute)", "Plans": [{"Node Type": "Seq Scan", "Parent Relationship": "Outer", "Relation Name": "partsupp", "Alias": "partsupp", "Startup Cost": 0.0, "Total Cost": 269987.72, "Plan Rows": 8000372, "Plan Width": 24, "Actual Startup Time": 0.013, "Actual Total Time": 2512.445, "Actual Rows": 8000000, "Actual Loops": 1}, {"Node Type": "Hash", "Parent Relationship": "Inner", "Startup Cost": 66944.0, "Total Cost": 66944.0, "Plan Rows": 89888, "Plan Width": 8, "Actual Startup Time": 1031.014, "Actual Total Time": 1031.014, "Actual Rows": 108551, "Actual Loops": 1, "Hash Buckets": 131072, "Hash Batches": 1, "Original Hash Batches": 1, "Peak Memory Usage": 4241, "Plans": [{"Node Type": "Seq Scan", "Parent Relationship": "Outer", "Relation Name": "part", "Alias": "part", "Startup Cost": 0.0, "Total Cost": 66944.0, "Plan Rows": 89888, "Plan Width": 8, "Actual Startup Time": 0.047, "Actual Total Time": 992.378, "Actual Rows": 108551, "Actual Loops": 1, "Filter": "((p_name)::text ~~ '%dim%'::text)", "Rows Removed by Filter": 1891449}]}]}, {"Node Type": "Hash", "Parent Relationship": "Inner", "Startup Cost": 3283.0, "Total Cost": 3283.0, "Plan Rows": 100000, "Plan Width": 12, "Actual Startup Time": 62.997, "Actual Total Time": 62.997, "Actual Rows": 100000, "Actual Loops": 1, "Hash Buckets": 131072, "Hash Batches": 1, "Original Hash Batches": 1, "Peak Memory Usage": 4297, "Plans": [{"Node Type": "Seq Scan", "Parent Relationship": "Outer", "Relation Name": "supplier", "Alias": "supplier", "Startup Cost": 0.0, "Total Cost": 3283.0, "Plan Rows": 100000, "Plan Width": 12, "Actual Startup Time": 0.026, "Actual Total Time": 35.878, "Actual Rows": 100000, "Actual Loops": 1}]}]}, {"Node Type": "Index Scan", "Parent Relationship": "Inner", "Scan Direction": "Forward", "Index Name": "idx_lineitem_part_supp", "Relation Name": "lineitem", "Alias": "lineitem", "Startup Cost": 0.0, "Total Cost": 1.13, "Plan Rows": 1, "Plan Width": 48, "Actual Startup Time": 3039.434, "Actual Total Time": 10513.781, "Actual Rows": 3256948, "Actual Loops": 434204, "Index Cond": "((l_partkey = partsupp.ps_partkey) AND (l_suppkey = partsupp.ps_suppkey))", "Rows Removed by Index Recheck": 0}]}, {"Node Type": "Index Scan", "Parent Relationship": "Inner", "Scan Direction": "Forward", "Index Name": "orders_pkey", "Relation Name": "orders", "Alias": "orders", "Startup Cost": 0.0, "Total Cost": 0.29, "Plan Rows": 1, "Plan Width": 16, "Actual Startup Time": 24113.79, "Actual Total Time": 24113.79, "Actual Rows": 3256948, "Actual Loops": 3256948, "Index Cond": "(o_orderkey = lineitem.l_orderkey)", "Rows Removed by Index Recheck": 0}]}, {"Node Type": "Index Scan", "Parent Relationship": "Inner", "Scan Direction": "Forward", "Index Name": "nation_pkey", "Relation Name": "nation", "Alias": "nation", "Startup Cost": 0.0, "Total Cost": 0.27, "Plan Rows": 1, "Plan Width": 30, "Actual Startup Time": 4504.283, "Actual Total Time": 4504.283, "Actual Rows": 3256948, "Actual Loops": 3256948, "Index Cond": "(n_nationkey = supplier.s_nationkey)", "Rows Removed by Index Recheck": 0}]}]}]}, "Triggers": [], "Planner Runtime": 30.255, "Total Runtime": 62619.904, "Unique SQL Id": 3628361425}}, "(1, 101)": {"explain_plan": {"Plan": {"Node Type": "Aggregate", "Strategy": "Sorted", "Startup Cost": 701189.48, "Total Cost": 701189.52, "Plan Rows": 1, "Plan Width": 74, "Group By Key": ["nation.n_name", "(date_part('year'::text, orders.o_orderdate))"], "Plans": [{"Node Type": "Sort", "Parent Relationship": "Outer", "Startup Cost": 701189.48, "Total Cost": 701189.49, "Plan Rows": 1, "Plan Width": 66, "Sort Key": ["nation.n_name", "(date_part('year'::text, orders.o_orderdate)) DESC"], "Plans": [{"Node Type": "Nested Loop", "Parent Relationship": "Outer", "Join Type": "Inner", "Startup Cost": 6584.54, "Total Cost": 701189.47, "Plan Rows": 1, "Plan Width": 66, "Inner Unique": true, "Plans": [{"Node Type": "Nested Loop", "Parent Relationship": "Outer", "Join Type": "Inner", "Startup Cost": 6584.54, "Total Cost": 701189.19, "Plan Rows": 1, "Plan Width": 44, "Inner Unique": true, "Plans": [{"Node Type": "Nested Loop", "Parent Relationship": "Outer", "Join Type": "Inner", "Startup Cost": 6584.54, "Total Cost": 701188.89, "Plan Rows": 1, "Plan Width": 44, "Inner Unique": false, "Join Filter": "(supplier.s_suppkey = lineitem.l_suppkey)", "Plans": [{"Node Type": "Hash Join", "Parent Relationship": "Outer", "Join Type": "Inner", "Startup Cost": 6584.54, "Total Cost": 557439.88, "Plan Rows": 125630, "Plan Width": 44, "Inner Unique": true, "Hash Cond": "(partsupp.ps_suppkey = supplier.s_suppkey), (LLVM Optimized)", "Plans": [{"Node Type": "Nested Loop", "Parent Relationship": "Outer", "Join Type": "Inner", "Startup Cost": 0.0, "Total Cost": 548625.29, "Plan Rows": 259666, "Plan Width": 32, "Inner Unique": false, "Plans": [{"Node Type": "Index Scan", "Parent Relationship": "Outer", "Scan Direction": "Forward", "Index Name": "part_kpey", "Relation Name": "part", "Alias": "part", "Startup Cost": 0.0, "Total Cost": 105803.25, "Plan Rows": 89888, "Plan Width": 8, "Filter": "((p_name)::text ~~ '%dim%'::text)"}, {"Node Type": "Index Scan", "Parent Relationship": "Inner", "Scan Direction": "Forward", "Index Name": "idx_partsupp_partkey", "Relation Name": "partsupp", "Alias": "partsupp", "Startup Cost": 0.0, "Total Cost": 4.9, "Plan Rows": 3, "Plan Width": 24, "Index Cond": "(ps_partkey = part.p_partkey)"}]}, {"Node Type": "Hash", "Parent Relationship": "Inner", "Startup Cost": 5334.54, "Total Cost": 5334.54, "Plan Rows": 100000, "Plan Width": 12, "Plans": [{"Node Type": "Index Scan", "Parent Relationship": "Outer", "Scan Direction": "Forward", "Index Name": "supplier_pkey", "Relation Name": "supplier", "Alias": "supplier", "Startup Cost": 0.0, "Total Cost": 5334.54, "Plan Rows": 100000, "Plan Width": 12}]}]}, {"Node Type": "Index Scan", "Parent Relationship": "Inner", "Scan Direction": "Forward", "Index Name": "idx_lineitem_part_supp", "Relation Name": "lineitem", "Alias": "lineitem", "Startup Cost": 0.0, "Total Cost": 1.13, "Plan Rows": 1, "Plan Width": 48, "Index Cond": "((l_partkey = partsupp.ps_partkey) AND (l_suppkey = partsupp.ps_suppkey))"}]}, {"Node Type": "Index Scan", "Parent Relationship": "Inner", "Scan Direction": "Forward", "Index Name": "orders_pkey", "Relation Name": "orders", "Alias": "orders", "Startup Cost": 0.0, "Total Cost": 0.29, "Plan Rows": 1, "Plan Width": 16, "Index Cond": "(o_orderkey = lineitem.l_orderkey)"}]}, {"Node Type": "Index Scan", "Parent Relationship": "Inner", "Scan Direction": "Forward", "Index Name": "nation_pkey", "Relation Name": "nation", "Alias": "nation", "Startup Cost": 0.0, "Total Cost": 0.27, "Plan Rows": 1, "Plan Width": 30, "Index Cond": "(n_nationkey = supplier.s_nationkey)"}]}]}]}, "Unique SQL Id": 3628361425}, "explain_analyze_plan": {"Plan": {"Node Type": "Aggregate", "Strategy": "Sorted", "Startup Cost": 701189.48, "Total Cost": 701189.52, "Plan Rows": 1, "Plan Width": 74, "Actual Startup Time": 57927.603, "Actual Total Time": 60887.2, "Actual Rows": 175, "Actual Loops": 1, "Group By Key": ["nation.n_name", "(date_part('year'::text, orders.o_orderdate))"], "Plans": [{"Node Type": "Sort", "Parent Relationship": "Outer", "Startup Cost": 701189.48, "Total Cost": 701189.49, "Plan Rows": 1, "Plan Width": 66, "Actual Startup Time": 57917.052, "Actual Total Time": 58585.336, "Actual Rows": 3256948, "Actual Loops": 1, "Sort Key": ["nation.n_name", "(date_part('year'::text, orders.o_orderdate)) DESC"], "Sort Method": "quicksort", "Sort Space Used": 607203, "Sort Space Type": "Memory", "Plans": [{"Node Type": "Nested Loop", "Parent Relationship": "Outer", "Join Type": "Inner", "Startup Cost": 6584.54, "Total Cost": 701189.47, "Plan Rows": 1, "Plan Width": 66, "Actual Startup Time": 88.208, "Actual Total Time": 52379.794, "Actual Rows": 3256948, "Actual Loops": 1, "Inner Unique": true, "Plans": [{"Node Type": "Nested Loop", "Parent Relationship": "Outer", "Join Type": "Inner", "Startup Cost": 6584.54, "Total Cost": 701189.19, "Plan Rows": 1, "Plan Width": 44, "Actual Startup Time": 88.176, "Actual Total Time": 43642.973, "Actual Rows": 3256948, "Actual Loops": 1, "Inner Unique": true, "Plans": [{"Node Type": "Nested Loop", "Parent Relationship": "Outer", "Join Type": "Inner", "Startup Cost": 6584.54, "Total Cost": 701188.89, "Plan Rows": 1, "Plan Width": 44, "Actual Startup Time": 88.16, "Actual Total Time": 15982.385, "Actual Rows": 3256948, "Actual Loops": 1, "Inner Unique": false, "Join Filter": "(supplier.s_suppkey = lineitem.l_suppkey)", "Rows Removed by Join Filter": 0, "Plans": [{"Node Type": "Hash Join", "Parent Relationship": "Outer", "Join Type": "Inner", "Startup Cost": 6584.54, "Total Cost": 557439.88, "Plan Rows": 125630, "Plan Width": 44, "Actual Startup Time": 88.115, "Actual Total Time": 3477.657, "Actual Rows": 434204, "Actual Loops": 1, "Inner Unique": true, "Hash Cond": "(partsupp.ps_suppkey = supplier.s_suppkey), (LLVM Optimized, Jit Execute)", "Plans": [{"Node Type": "Nested Loop", "Parent Relationship": "Outer", "Join Type": "Inner", "Startup Cost": 0.0, "Total Cost": 548625.29, "Plan Rows": 259666, "Plan Width": 32, "Actual Startup Time": 0.091, "Actual Total Time": 2926.915, "Actual Rows": 434204, "Actual Loops": 1, "Inner Unique": false, "Plans": [{"Node Type": "Index Scan", "Parent Relationship": "Outer", "Scan Direction": "Forward", "Index Name": "part_kpey", "Relation Name": "part", "Alias": "part", "Startup Cost": 0.0, "Total Cost": 105803.25, "Plan Rows": 89888, "Plan Width": 8, "Actual Startup Time": 0.065, "Actual Total Time": 1746.869, "Actual Rows": 108551, "Actual Loops": 1, "Filter": "((p_name)::text ~~ '%dim%'::text)", "Rows Removed by Filter": 1891449}, {"Node Type": "Index Scan", "Parent Relationship": "Inner", "Scan Direction": "Forward", "Index Name": "idx_partsupp_partkey", "Relation Name": "partsupp", "Alias": "partsupp", "Startup Cost": 0.0, "Total Cost": 4.9, "Plan Rows": 3, "Plan Width": 24, "Actual Startup Time": 667.283, "Actual Total Time": 976.149, "Actual Rows": 434204, "Actual Loops": 108551, "Index Cond": "(ps_partkey = part.p_partkey)", "Rows Removed by Index Recheck": 0}]}, {"Node Type": "Hash", "Parent Relationship": "Inner", "Startup Cost": 5334.54, "Total Cost": 5334.54, "Plan Rows": 100000, "Plan Width": 12, "Actual Startup Time": 87.877, "Actual Total Time": 87.877, "Actual Rows": 100000, "Actual Loops": 1, "Hash Buckets": 131072, "Hash Batches": 1, "Original Hash Batches": 1, "Peak Memory Usage": 4297, "Plans": [{"Node Type": "Index Scan", "Parent Relationship": "Outer", "Scan Direction": "Forward", "Index Name": "supplier_pkey", "Relation Name": "supplier", "Alias": "supplier", "Startup Cost": 0.0, "Total Cost": 5334.54, "Plan Rows": 100000, "Plan Width": 12, "Actual Startup Time": 0.025, "Actual Total Time": 60.048, "Actual Rows": 100000, "Actual Loops": 1}]}]}, {"Node Type": "Index Scan", "Parent Relationship": "Inner", "Scan Direction": "Forward", "Index Name": "idx_lineitem_part_supp", "Relation Name": "lineitem", "Alias": "lineitem", "Startup Cost": 0.0, "Total Cost": 1.13, "Plan Rows": 1, "Plan Width": 48, "Actual Startup Time": 3121.867, "Actual Total Time": 10833.853, "Actual Rows": 3256948, "Actual Loops": 434204, "Index Cond": "((l_partkey = partsupp.ps_partkey) AND (l_suppkey = partsupp.ps_suppkey))", "Rows Removed by Index Recheck": 0}]}, {"Node Type": "Index Scan", "Parent Relationship": "Inner", "Scan Direction": "Forward", "Index Name": "orders_pkey", "Relation Name": "orders", "Alias": "orders", "Startup Cost": 0.0, "Total Cost": 0.29, "Plan Rows": 1, "Plan Width": 16, "Actual Startup Time": 24891.296, "Actual Total Time": 24891.296, "Actual Rows": 3256948, "Actual Loops": 3256948, "Index Cond": "(o_orderkey = lineitem.l_orderkey)", "Rows Removed by Index Recheck": 0}]}, {"Node Type": "Index Scan", "Parent Relationship": "Inner", "Scan Direction": "Forward", "Index Name": "nation_pkey", "Relation Name": "nation", "Alias": "nation", "Startup Cost": 0.0, "Total Cost": 0.27, "Plan Rows": 1, "Plan Width": 30, "Actual Startup Time": 4701.479, "Actual Total Time": 4701.479, "Actual Rows": 3256948, "Actual Loops": 3256948, "Index Cond": "(n_nationkey = supplier.s_nationkey)", "Rows Removed by Index Recheck": 0}]}]}]}, "Triggers": [], "Planner Runtime": 29.635, "Total Runtime": 60901.785, "Unique SQL Id": 3628361425}}, "(1, 102)": {"explain_plan": {"Plan": {"Node Type": "Aggregate", "Strategy": "Sorted", "Startup Cost": 934830.93, "Total Cost": 934830.97, "Plan Rows": 1, "Plan Width": 74, "Group By Key": ["nation.n_name", "(date_part('year'::text, orders.o_orderdate))"], "Plans": [{"Node Type": "Sort", "Parent Relationship": "Outer", "Startup Cost": 934830.93, "Total Cost": 934830.94, "Plan Rows": 1, "Plan Width": 66, "Sort Key": ["nation.n_name", "(date_part('year'::text, orders.o_orderdate)) DESC"], "Plans": [{"Node Type": "Nested Loop", "Parent Relationship": "Outer", "Join Type": "Inner", "Startup Cost": 72601.53, "Total Cost": 934830.92, "Plan Rows": 1, "Plan Width": 66, "Inner Unique": true, "Plans": [{"Node Type": "Nested Loop", "Parent Relationship": "Outer", "Join Type": "Inner", "Startup Cost": 72601.27, "Total Cost": 934826.64, "Plan Rows": 1, "Plan Width": 44, "Inner Unique": true, "Plans": [{"Node Type": "Nested Loop", "Parent Relationship": "Outer", "Join Type": "Inner", "Startup Cost": 72601.01, "Total Cost": 934822.36, "Plan Rows": 1, "Plan Width": 44, "Inner Unique": false, "Join Filter": "(supplier.s_suppkey = lineitem.l_suppkey)", "Plans": [{"Node Type": "Hash Join", "Parent Relationship": "Outer", "Join Type": "Inner", "Startup Cost": 72600.6, "Total Cost": 377416.42, "Plan Rows": 125630, "Plan Width": 44, "Inner Unique": true, "Hash Cond": "(partsupp.ps_suppkey = supplier.s_suppkey), (LLVM Optimized)", "Plans": [{"Node Type": "Hash Join", "Parent Relationship": "Outer", "Join Type": "Inner", "Startup Cost": 68067.6, "Total Cost": 370653.38, "Plan Rows": 259666, "Plan Width": 32, "Inner Unique": true, "Hash Cond": "(partsupp.ps_partkey = part.p_partkey), (LLVM Optimized)", "Plans": [{"Node Type": "Seq Scan", "Parent Relationship": "Outer", "Relation Name": "partsupp", "Alias": "partsupp", "Startup Cost": 0.0, "Total Cost": 269987.72, "Plan Rows": 8000372, "Plan Width": 24}, {"Node Type": "Hash", "Parent Relationship": "Inner", "Startup Cost": 66944.0, "Total Cost": 66944.0, "Plan Rows": 89888, "Plan Width": 8, "Plans": [{"Node Type": "Seq Scan", "Parent Relationship": "Outer", "Relation Name": "part", "Alias": "part", "Startup Cost": 0.0, "Total Cost": 66944.0, "Plan Rows": 89888, "Plan Width": 8, "Filter": "((p_name)::text ~~ '%dim%'::text)"}]}]}, {"Node Type": "Hash", "Parent Relationship": "Inner", "Startup Cost": 3283.0, "Total Cost": 3283.0, "Plan Rows": 100000, "Plan Width": 12, "Plans": [{"Node Type": "Seq Scan", "Parent Relationship": "Outer", "Relation Name": "supplier", "Alias": "supplier", "Startup Cost": 0.0, "Total Cost": 3283.0, "Plan Rows": 100000, "Plan Width": 12}]}]}, {"Node Type": "Bitmap Heap Scan", "Parent Relationship": "Inner", "Relation Name": "lineitem", "Alias": "lineitem", "Startup Cost": 0.41, "Total Cost": 4.42, "Plan Rows": 1, "Plan Width": 48, "Recheck Cond": "((l_partkey = partsupp.ps_partkey) AND (l_suppkey = partsupp.ps_suppkey))", "Plans": [{"Node Type": "Bitmap Index Scan", "Parent Relationship": "Outer", "Index Name": "idx_lineitem_part_supp", "Startup Cost": 0.0, "Total Cost": 0.41, "Plan Rows": 1, "Plan Width": 0, "Index Cond": "((l_partkey = partsupp.ps_partkey) AND (l_suppkey = partsupp.ps_suppkey))"}]}]}, {"Node Type": "Bitmap Heap Scan", "Parent Relationship": "Inner", "Relation Name": "orders", "Alias": "orders", "Startup Cost": 0.26, "Total Cost": 4.27, "Plan Rows": 1, "Plan Width": 16, "Recheck Cond": "(o_orderkey = lineitem.l_orderkey)", "Plans": [{"Node Type": "Bitmap Index Scan", "Parent Relationship": "Outer", "Index Name": "orders_pkey", "Startup Cost": 0.0, "Total Cost": 0.26, "Plan Rows": 1, "Plan Width": 0, "Index Cond": "(o_orderkey = lineitem.l_orderkey)"}]}]}, {"Node Type": "Bitmap Heap Scan", "Parent Relationship": "Inner", "Relation Name": "nation", "Alias": "nation", "Startup Cost": 0.26, "Total Cost": 4.27, "Plan Rows": 1, "Plan Width": 30, "Recheck Cond": "(n_nationkey = supplier.s_nationkey)", "Plans": [{"Node Type": "Bitmap Index Scan", "Parent Relationship": "Outer", "Index Name": "nation_pkey", "Startup Cost": 0.0, "Total Cost": 0.26, "Plan Rows": 1, "Plan Width": 0, "Index Cond": "(n_nationkey = supplier.s_nationkey)"}]}]}]}]}, "Unique SQL Id": 3628361425}, "explain_analyze_plan": {"Plan": {"Node Type": "Aggregate", "Strategy": "Sorted", "Startup Cost": 934830.93, "Total Cost": 934830.97, "Plan Rows": 1, "Plan Width": 74, "Actual Startup Time": 74843.338, "Actual Total Time": 77889.654, "Actual Rows": 175, "Actual Loops": 1, "Group By Key": ["nation.n_name", "(date_part('year'::text, orders.o_orderdate))"], "Plans": [{"Node Type": "Sort", "Parent Relationship": "Outer", "Startup Cost": 934830.93, "Total Cost": 934830.94, "Plan Rows": 1, "Plan Width": 66, "Actual Startup Time": 74832.13, "Actual Total Time": 75568.879, "Actual Rows": 3256948, "Actual Loops": 1, "Sort Key": ["nation.n_name", "(date_part('year'::text, orders.o_orderdate)) DESC"], "Sort Method": "quicksort", "Sort Space Used": 607203, "Sort Space Type": "Memory", "Plans": [{"Node Type": "Nested Loop", "Parent Relationship": "Outer", "Join Type": "Inner", "Startup Cost": 72601.53, "Total Cost": 934830.92, "Plan Rows": 1, "Plan Width": 66, "Actual Startup Time": 1105.364, "Actual Total Time": 69092.398, "Actual Rows": 3256948, "Actual Loops": 1, "Inner Unique": true, "Plans": [{"Node Type": "Nested Loop", "Parent Relationship": "Outer", "Join Type": "Inner", "Startup Cost": 72601.27, "Total Cost": 934826.64, "Plan Rows": 1, "Plan Width": 44, "Actual Startup Time": 1105.315, "Actual Total Time": 55282.992, "Actual Rows": 3256948, "Actual Loops": 1, "Inner Unique": true, "Plans": [{"Node Type": "Nested Loop", "Parent Relationship": "Outer", "Join Type": "Inner", "Startup Cost": 72601.01, "Total Cost": 934822.36, "Plan Rows": 1, "Plan Width": 44, "Actual Startup Time": 1105.278, "Actual Total Time": 21853.713, "Actual Rows": 3256948, "Actual Loops": 1, "Inner Unique": false, "Join Filter": "(supplier.s_suppkey = lineitem.l_suppkey)", "Rows Removed by Join Filter": 0, "Plans": [{"Node Type": "Hash Join", "Parent Relationship": "Outer", "Join Type": "Inner", "Startup Cost": 72600.6, "Total Cost": 377416.42, "Plan Rows": 125630, "Plan Width": 44, "Actual Startup Time": 1105.153, "Actual Total Time": 6395.644, "Actual Rows": 434204, "Actual Loops": 1, "Inner Unique": true, "Hash Cond": "(partsupp.ps_suppkey = supplier.s_suppkey), (LLVM Optimized, Jit Execute)", "Plans": [{"Node Type": "Hash Join", "Parent Relationship": "Outer", "Join Type": "Inner", "Startup Cost": 68067.6, "Total Cost": 370653.38, "Plan Rows": 259666, "Plan Width": 32, "Actual Startup Time": 1041.795, "Actual Total Time": 5903.793, "Actual Rows": 434204, "Actual Loops": 1, "Inner Unique": true, "Hash Cond": "(partsupp.ps_partkey = part.p_partkey), (LLVM Optimized, Jit Execute)", "Plans": [{"Node Type": "Seq Scan", "Parent Relationship": "Outer", "Relation Name": "partsupp", "Alias": "partsupp", "Startup Cost": 0.0, "Total Cost": 269987.72, "Plan Rows": 8000372, "Plan Width": 24, "Actual Startup Time": 0.014, "Actual Total Time": 2579.684, "Actual Rows": 8000000, "Actual Loops": 1}, {"Node Type": "Hash", "Parent Relationship": "Inner", "Startup Cost": 66944.0, "Total Cost": 66944.0, "Plan Rows": 89888, "Plan Width": 8, "Actual Startup Time": 1041.638, "Actual Total Time": 1041.638, "Actual Rows": 108551, "Actual Loops": 1, "Hash Buckets": 131072, "Hash Batches": 1, "Original Hash Batches": 1, "Peak Memory Usage": 4241, "Plans": [{"Node Type": "Seq Scan", "Parent Relationship": "Outer", "Relation Name": "part", "Alias": "part", "Startup Cost": 0.0, "Total Cost": 66944.0, "Plan Rows": 89888, "Plan Width": 8, "Actual Startup Time": 0.046, "Actual Total Time": 999.943, "Actual Rows": 108551, "Actual Loops": 1, "Filter": "((p_name)::text ~~ '%dim%'::text)", "Rows Removed by Filter": 1891449}]}]}, {"Node Type": "Hash", "Parent Relationship": "Inner", "Startup Cost": 3283.0, "Total Cost": 3283.0, "Plan Rows": 100000, "Plan Width": 12, "Actual Startup Time": 63.234, "Actual Total Time": 63.234, "Actual Rows": 100000, "Actual Loops": 1, "Hash Buckets": 131072, "Hash Batches": 1, "Original Hash Batches": 1, "Peak Memory Usage": 4297, "Plans": [{"Node Type": "Seq Scan", "Parent Relationship": "Outer", "Relation Name": "supplier", "Alias": "supplier", "Startup Cost": 0.0, "Total Cost": 3283.0, "Plan Rows": 100000, "Plan Width": 12, "Actual Startup Time": 0.031, "Actual Total Time": 36.039, "Actual Rows": 100000, "Actual Loops": 1}]}]}, {"Node Type": "Bitmap Heap Scan", "Parent Relationship": "Inner", "Relation Name": "lineitem", "Alias": "lineitem", "Startup Cost": 0.41, "Total Cost": 4.42, "Plan Rows": 1, "Plan Width": 48, "Actual Startup Time": 4916.501, "Actual Total Time": 13383.02, "Actual Rows": 3256948, "Actual Loops": 434204, "Recheck Cond": "((l_partkey = partsupp.ps_partkey) AND (l_suppkey = partsupp.ps_suppkey))", "Rows Removed by Index Recheck": 0, "Exact Heap Blocks": 3256937, "Lossy Heap Blocks": 3256937, "Plans": [{"Node Type": "Bitmap Index Scan", "Parent Relationship": "Outer", "Index Name": "idx_lineitem_part_supp", "Startup Cost": 0.0, "Total Cost": 0.41, "Plan Rows": 1, "Plan Width": 0, "Actual Startup Time": 2777.915, "Actual Total Time": 2777.915, "Actual Rows": 3256948, "Actual Loops": 434204, "Index Cond": "((l_partkey = partsupp.ps_partkey) AND (l_suppkey = partsupp.ps_suppkey))"}]}]}, {"Node Type": "Bitmap Heap Scan", "Parent Relationship": "Inner", "Relation Name": "orders", "Alias": "orders", "Startup Cost": 0.26, "Total Cost": 4.27, "Plan Rows": 1, "Plan Width": 16, "Actual Startup Time": 28942.068, "Actual Total Time": 28942.068, "Actual Rows": 3256948, "Actual Loops": 3256948, "Recheck Cond": "(o_orderkey = lineitem.l_orderkey)", "Rows Removed by Index Recheck": 0, "Exact Heap Blocks": 3256948, "Lossy Heap Blocks": 3256948, "Plans": [{"Node Type": "Bitmap Index Scan", "Parent Relationship": "Outer", "Index Name": "orders_pkey", "Startup Cost": 0.0, "Total Cost": 0.26, "Plan Rows": 1, "Plan Width": 0, "Actual Startup Time": 18843.489, "Actual Total Time": 18843.489, "Actual Rows": 3256948, "Actual Loops": 3256948, "Index Cond": "(o_orderkey = lineitem.l_orderkey)"}]}]}, {"Node Type": "Bitmap Heap Scan", "Parent Relationship": "Inner", "Relation Name": "nation", "Alias": "nation", "Startup Cost": 0.26, "Total Cost": 4.27, "Plan Rows": 1, "Plan Width": 30, "Actual Startup Time": 7721.452, "Actual Total Time": 7721.452, "Actual Rows": 3256948, "Actual Loops": 3256948, "Recheck Cond": "(n_nationkey = supplier.s_nationkey)", "Rows Removed by Index Recheck": 0, "Exact Heap Blocks": 3256948, "Lossy Heap Blocks": 3256948, "Plans": [{"Node Type": "Bitmap Index Scan", "Parent Relationship": "Outer", "Index Name": "nation_pkey", "Startup Cost": 0.0, "Total Cost": 0.26, "Plan Rows": 1, "Plan Width": 0, "Actual Startup Time": 3361.205, "Actual Total Time": 3361.205, "Actual Rows": 3256948, "Actual Loops": 3256948, "Index Cond": "(n_nationkey = supplier.s_nationkey)"}]}]}]}]}, "Triggers": [], "Planner Runtime": 38.642, "Total Runtime": 77905.866, "Unique SQL Id": 3628361425}}, "(1, 103)": {"explain_plan": {"Plan": {"Node Type": "Aggregate", "Strategy": "Sorted", "Startup Cost": 1000008167021.54, "Total Cost": 1000008167021.58, "Plan Rows": 1, "Plan Width": 74, "Group By Key": ["nation.n_name", "(date_part('year'::text, orders.o_orderdate))"], "Plans": [{"Node Type": "Sort", "Parent Relationship": "Outer", "Startup Cost": 1000008167021.54, "Total Cost": 1000008167021.55, "Plan Rows": 1, "Plan Width": 66, "Sort Key": ["nation.n_name", "(date_part('year'::text, orders.o_orderdate)) DESC"], "Plans": [{"Node Type": "Nested Loop", "Parent Relationship": "Outer", "Join Type": "Inner", "Startup Cost": 10000000002.75, "Total Cost": 1000008167021.53, "Plan Rows": 1, "Plan Width": 66, "Inner Unique": true, "Plans": [{"Node Type": "Nested Loop", "Parent Relationship": "Outer", "Join Type": "Inner", "Startup Cost": 10000000002.5, "Total Cost": 1000008167017.25, "Plan Rows": 1, "Plan Width": 44, "Inner Unique": true, "Plans": [{"Node Type": "Nested Loop", "Parent Relationship": "Outer", "Join Type": "Inner", "Startup Cost": 10000000002.24, "Total Cost": 1000008167012.96, "Plan Rows": 1, "Plan Width": 44, "Inner Unique": true, "Join Filter": "(partsupp.ps_partkey = part.p_partkey)", "Plans": [{"Node Type": "Nested Loop", "Parent Relationship": "Outer", "Join Type": "Inner", "Startup Cost": 10000000001.98, "Total Cost": 1000008166987.25, "Plan Rows": 6, "Plan Width": 60, "Inner Unique": false, "Join Filter": "(supplier.s_suppkey = lineitem.l_suppkey)", "Plans": [{"Node Type": "Nested Loop", "Parent Relationship": "Outer", "Join Type": "Inner", "Startup Cost": 10000000001.57, "Total Cost": 1000002201599.04, "Plan Rows": 1344499, "Plan Width": 36, "Inner Unique": false, "Plans": [{"Node Type": "Index Scan", "Parent Relationship": "Outer", "Scan Direction": "Forward", "Index Name": "idx_supplier_nation_key", "Relation Name": "supplier", "Alias": "supplier", "Startup Cost": 10000000000.0, "Total Cost": 1000001217556.78, "Plan Rows": 100000, "Plan Width": 12}, {"Node Type": "Bitmap Heap Scan", "Parent Relationship": "Inner", "Relation Name": "partsupp", "Alias": "partsupp", "Startup Cost": 1.57, "Total Cost": 9.71, "Plan Rows": 13, "Plan Width": 24, "Recheck Cond": "(ps_suppkey = supplier.s_suppkey)", "Plans": [{"Node Type": "Bitmap Index Scan", "Parent Relationship": "Outer", "Index Name": "idx_partsupp_suppkey", "Startup Cost": 0.0, "Total Cost": 1.56, "Plan Rows": 13, "Plan Width": 0, "Index Cond": "(ps_suppkey = supplier.s_suppkey)"}]}]}, {"Node Type": "Bitmap Heap Scan", "Parent Relationship": "Inner", "Relation Name": "lineitem", "Alias": "lineitem", "Startup Cost": 0.41, "Total Cost": 4.42, "Plan Rows": 1, "Plan Width": 48, "Recheck Cond": "((l_partkey = partsupp.ps_partkey) AND (l_suppkey = partsupp.ps_suppkey))", "Plans": [{"Node Type": "Bitmap Index Scan", "Parent Relationship": "Outer", "Index Name": "idx_lineitem_part_supp", "Startup Cost": 0.0, "Total Cost": 0.41, "Plan Rows": 1, "Plan Width": 0, "Index Cond": "((l_partkey = partsupp.ps_partkey) AND (l_suppkey = partsupp.ps_suppkey))"}]}]}, {"Node Type": "Bitmap Heap Scan", "Parent Relationship": "Inner", "Relation Name": "part", "Alias": "part", "Startup Cost": 0.26, "Total Cost": 4.27, "Plan Rows": 1, "Plan Width": 8, "Recheck Cond": "(p_partkey = lineitem.l_partkey)", "Filter": "((p_name)::text ~~ '%dim%'::text)", "Plans": [{"Node Type": "Bitmap Index Scan", "Parent Relationship": "Outer", "Index Name": "part_kpey", "Startup Cost": 0.0, "Total Cost": 0.26, "Plan Rows": 1, "Plan Width": 0, "Index Cond": "(p_partkey = lineitem.l_partkey)"}]}]}, {"Node Type": "Bitmap Heap Scan", "Parent Relationship": "Inner", "Relation Name": "orders", "Alias": "orders", "Startup Cost": 0.26, "Total Cost": 4.27, "Plan Rows": 1, "Plan Width": 16, "Recheck Cond": "(o_orderkey = lineitem.l_orderkey)", "Plans": [{"Node Type": "Bitmap Index Scan", "Parent Relationship": "Outer", "Index Name": "orders_pkey", "Startup Cost": 0.0, "Total Cost": 0.26, "Plan Rows": 1, "Plan Width": 0, "Index Cond": "(o_orderkey = lineitem.l_orderkey)"}]}]}, {"Node Type": "Bitmap Heap Scan", "Parent Relationship": "Inner", "Relation Name": "nation", "Alias": "nation", "Startup Cost": 0.26, "Total Cost": 4.27, "Plan Rows": 1, "Plan Width": 30, "Recheck Cond": "(n_nationkey = supplier.s_nationkey)", "Plans": [{"Node Type": "Bitmap Index Scan", "Parent Relationship": "Outer", "Index Name": "nation_pkey", "Startup Cost": 0.0, "Total Cost": 0.26, "Plan Rows": 1, "Plan Width": 0, "Index Cond": "(n_nationkey = supplier.s_nationkey)"}]}]}]}]}, "Unique SQL Id": 3628361425}, "explain_analyze_plan": null}, "(1, 104)": {"explain_plan": {"Plan": {"Node Type": "Aggregate", "Strategy": "Sorted", "Startup Cost": 521166.02, "Total Cost": 521166.06, "Plan Rows": 1, "Plan Width": 74, "Group By Key": ["nation.n_name", "(date_part('year'::text, orders.o_orderdate))"], "Plans": [{"Node Type": "Sort", "Parent Relationship": "Outer", "Startup Cost": 521166.02, "Total Cost": 521166.03, "Plan Rows": 1, "Plan Width": 66, "Sort Key": ["nation.n_name", "(date_part('year'::text, orders.o_orderdate)) DESC"], "Plans": [{"Node Type": "Nested Loop", "Parent Relationship": "Outer", "Join Type": "Inner", "Startup Cost": 72600.6, "Total Cost": 521166.01, "Plan Rows": 1, "Plan Width": 66, "Inner Unique": true, "Plans": [{"Node Type": "Nested Loop", "Parent Relationship": "Outer", "Join Type": "Inner", "Startup Cost": 72600.6, "Total Cost": 521165.73, "Plan Rows": 1, "Plan Width": 44, "Inner Unique": true, "Plans": [{"Node Type": "Nested Loop", "Parent Relationship": "Outer", "Join Type": "Inner", "Startup Cost": 72600.6, "Total Cost": 521165.43, "Plan Rows": 1, "Plan Width": 44, "Inner Unique": false, "Join Filter": "(supplier.s_suppkey = lineitem.l_suppkey)", "Plans": [{"Node Type": "Hash Join", "Parent Relationship": "Outer", "Join Type": "Inner", "Startup Cost": 72600.6, "Total Cost": 377416.42, "Plan Rows": 125630, "Plan Width": 44, "Inner Unique": true, "Hash Cond": "(partsupp.ps_suppkey = supplier.s_suppkey), (LLVM Optimized)", "Plans": [{"Node Type": "Hash Join", "Parent Relationship": "Outer", "Join Type": "Inner", "Startup Cost": 68067.6, "Total Cost": 370653.38, "Plan Rows": 259666, "Plan Width": 32, "Inner Unique": true, "Hash Cond": "(partsupp.ps_partkey = part.p_partkey), (LLVM Optimized)", "Plans": [{"Node Type": "Seq Scan", "Parent Relationship": "Outer", "Relation Name": "partsupp", "Alias": "partsupp", "Startup Cost": 0.0, "Total Cost": 269987.72, "Plan Rows": 8000372, "Plan Width": 24}, {"Node Type": "Hash", "Parent Relationship": "Inner", "Startup Cost": 66944.0, "Total Cost": 66944.0, "Plan Rows": 89888, "Plan Width": 8, "Plans": [{"Node Type": "Seq Scan", "Parent Relationship": "Outer", "Relation Name": "part", "Alias": "part", "Startup Cost": 0.0, "Total Cost": 66944.0, "Plan Rows": 89888, "Plan Width": 8, "Filter": "((p_name)::text ~~ '%dim%'::text)"}]}]}, {"Node Type": "Hash", "Parent Relationship": "Inner", "Startup Cost": 3283.0, "Total Cost": 3283.0, "Plan Rows": 100000, "Plan Width": 12, "Plans": [{"Node Type": "Seq Scan", "Parent Relationship": "Outer", "Relation Name": "supplier", "Alias": "supplier", "Startup Cost": 0.0, "Total Cost": 3283.0, "Plan Rows": 100000, "Plan Width": 12}]}]}, {"Node Type": "Index Scan", "Parent Relationship": "Inner", "Scan Direction": "Forward", "Index Name": "idx_lineitem_part_supp", "Relation Name": "lineitem", "Alias": "lineitem", "Startup Cost": 0.0, "Total Cost": 1.13, "Plan Rows": 1, "Plan Width": 48, "Index Cond": "((l_partkey = partsupp.ps_partkey) AND (l_suppkey = partsupp.ps_suppkey))"}]}, {"Node Type": "Index Scan", "Parent Relationship": "Inner", "Scan Direction": "Forward", "Index Name": "orders_pkey", "Relation Name": "orders", "Alias": "orders", "Startup Cost": 0.0, "Total Cost": 0.29, "Plan Rows": 1, "Plan Width": 16, "Index Cond": "(o_orderkey = lineitem.l_orderkey)"}]}, {"Node Type": "Index Scan", "Parent Relationship": "Inner", "Scan Direction": "Forward", "Index Name": "nation_pkey", "Relation Name": "nation", "Alias": "nation", "Startup Cost": 0.0, "Total Cost": 0.27, "Plan Rows": 1, "Plan Width": 30, "Index Cond": "(n_nationkey = supplier.s_nationkey)"}]}]}]}, "Unique SQL Id": 3628361425}, "explain_analyze_plan": {"Plan": {"Node Type": "Aggregate", "Strategy": "Sorted", "Startup Cost": 521166.02, "Total Cost": 521166.06, "Plan Rows": 1, "Plan Width": 74, "Actual Startup Time": 59481.117, "Actual Total Time": 62604.215, "Actual Rows": 175, "Actual Loops": 1, "Group By Key": ["nation.n_name", "(date_part('year'::text, orders.o_orderdate))"], "Plans": [{"Node Type": "Sort", "Parent Relationship": "Outer", "Startup Cost": 521166.02, "Total Cost": 521166.03, "Plan Rows": 1, "Plan Width": 66, "Actual Startup Time": 59469.211, "Actual Total Time": 60260.928, "Actual Rows": 3256948, "Actual Loops": 1, "Sort Key": ["nation.n_name", "(date_part('year'::text, orders.o_orderdate)) DESC"], "Sort Method": "quicksort", "Sort Space Used": 607203, "Sort Space Type": "Memory", "Plans": [{"Node Type": "Nested Loop", "Parent Relationship": "Outer", "Join Type": "Inner", "Startup Cost": 72600.6, "Total Cost": 521166.01, "Plan Rows": 1, "Plan Width": 66, "Actual Startup Time": 1094.503, "Actual Total Time": 53628.008, "Actual Rows": 3256948, "Actual Loops": 1, "Inner Unique": true, "Plans": [{"Node Type": "Nested Loop", "Parent Relationship": "Outer", "Join Type": "Inner", "Startup Cost": 72600.6, "Total Cost": 521165.73, "Plan Rows": 1, "Plan Width": 44, "Actual Startup Time": 1094.366, "Actual Total Time": 45161.558, "Actual Rows": 3256948, "Actual Loops": 1, "Inner Unique": true, "Plans": [{"Node Type": "Nested Loop", "Parent Relationship": "Outer", "Join Type": "Inner", "Startup Cost": 72600.6, "Total Cost": 521165.43, "Plan Rows": 1, "Plan Width": 44, "Actual Startup Time": 1094.34, "Actual Total Time": 18317.543, "Actual Rows": 3256948, "Actual Loops": 1, "Inner Unique": false, "Join Filter": "(supplier.s_suppkey = lineitem.l_suppkey)", "Rows Removed by Join Filter": 0, "Plans": [{"Node Type": "Hash Join", "Parent Relationship": "Outer", "Join Type": "Inner", "Startup Cost": 72600.6, "Total Cost": 377416.42, "Plan Rows": 125630, "Plan Width": 44, "Actual Startup Time": 1094.281, "Actual Total Time": 6180.496, "Actual Rows": 434204, "Actual Loops": 1, "Inner Unique": true, "Hash Cond": "(partsupp.ps_suppkey = supplier.s_suppkey), (LLVM Optimized, Jit Execute)", "Plans": [{"Node Type": "Hash Join", "Parent Relationship": "Outer", "Join Type": "Inner", "Startup Cost": 68067.6, "Total Cost": 370653.38, "Plan Rows": 259666, "Plan Width": 32, "Actual Startup Time": 1031.172, "Actual Total Time": 5716.645, "Actual Rows": 434204, "Actual Loops": 1, "Inner Unique": true, "Hash Cond": "(partsupp.ps_partkey = part.p_partkey), (LLVM Optimized, Jit Execute)", "Plans": [{"Node Type": "Seq Scan", "Parent Relationship": "Outer", "Relation Name": "partsupp", "Alias": "partsupp", "Startup Cost": 0.0, "Total Cost": 269987.72, "Plan Rows": 8000372, "Plan Width": 24, "Actual Startup Time": 0.013, "Actual Total Time": 2512.445, "Actual Rows": 8000000, "Actual Loops": 1}, {"Node Type": "Hash", "Parent Relationship": "Inner", "Startup Cost": 66944.0, "Total Cost": 66944.0, "Plan Rows": 89888, "Plan Width": 8, "Actual Startup Time": 1031.014, "Actual Total Time": 1031.014, "Actual Rows": 108551, "Actual Loops": 1, "Hash Buckets": 131072, "Hash Batches": 1, "Original Hash Batches": 1, "Peak Memory Usage": 4241, "Plans": [{"Node Type": "Seq Scan", "Parent Relationship": "Outer", "Relation Name": "part", "Alias": "part", "Startup Cost": 0.0, "Total Cost": 66944.0, "Plan Rows": 89888, "Plan Width": 8, "Actual Startup Time": 0.047, "Actual Total Time": 992.378, "Actual Rows": 108551, "Actual Loops": 1, "Filter": "((p_name)::text ~~ '%dim%'::text)", "Rows Removed by Filter": 1891449}]}]}, {"Node Type": "Hash", "Parent Relationship": "Inner", "Startup Cost": 3283.0, "Total Cost": 3283.0, "Plan Rows": 100000, "Plan Width": 12, "Actual Startup Time": 62.997, "Actual Total Time": 62.997, "Actual Rows": 100000, "Actual Loops": 1, "Hash Buckets": 131072, "Hash Batches": 1, "Original Hash Batches": 1, "Peak Memory Usage": 4297, "Plans": [{"Node Type": "Seq Scan", "Parent Relationship": "Outer", "Relation Name": "supplier", "Alias": "supplier", "Startup Cost": 0.0, "Total Cost": 3283.0, "Plan Rows": 100000, "Plan Width": 12, "Actual Startup Time": 0.026, "Actual Total Time": 35.878, "Actual Rows": 100000, "Actual Loops": 1}]}]}, {"Node Type": "Index Scan", "Parent Relationship": "Inner", "Scan Direction": "Forward", "Index Name": "idx_lineitem_part_supp", "Relation Name": "lineitem", "Alias": "lineitem", "Startup Cost": 0.0, "Total Cost": 1.13, "Plan Rows": 1, "Plan Width": 48, "Actual Startup Time": 3039.434, "Actual Total Time": 10513.781, "Actual Rows": 3256948, "Actual Loops": 434204, "Index Cond": "((l_partkey = partsupp.ps_partkey) AND (l_suppkey = partsupp.ps_suppkey))", "Rows Removed by Index Recheck": 0}]}, {"Node Type": "Index Scan", "Parent Relationship": "Inner", "Scan Direction": "Forward", "Index Name": "orders_pkey", "Relation Name": "orders", "Alias": "orders", "Startup Cost": 0.0, "Total Cost": 0.29, "Plan Rows": 1, "Plan Width": 16, "Actual Startup Time": 24113.79, "Actual Total Time": 24113.79, "Actual Rows": 3256948, "Actual Loops": 3256948, "Index Cond": "(o_orderkey = lineitem.l_orderkey)", "Rows Removed by Index Recheck": 0}]}, {"Node Type": "Index Scan", "Parent Relationship": "Inner", "Scan Direction": "Forward", "Index Name": "nation_pkey", "Relation Name": "nation", "Alias": "nation", "Startup Cost": 0.0, "Total Cost": 0.27, "Plan Rows": 1, "Plan Width": 30, "Actual Startup Time": 4504.283, "Actual Total Time": 4504.283, "Actual Rows": 3256948, "Actual Loops": 3256948, "Index Cond": "(n_nationkey = supplier.s_nationkey)", "Rows Removed by Index Recheck": 0}]}]}]}, "Triggers": [], "Planner Runtime": 30.255, "Total Runtime": 62619.904, "Unique SQL Id": 3628361425}}, "(1, 105)": {"explain_plan": {"Plan": {"Node Type": "Aggregate", "Strategy": "Sorted", "Startup Cost": 701189.48, "Total Cost": 701189.52, "Plan Rows": 1, "Plan Width": 74, "Group By Key": ["nation.n_name", "(date_part('year'::text, orders.o_orderdate))"], "Plans": [{"Node Type": "Sort", "Parent Relationship": "Outer", "Startup Cost": 701189.48, "Total Cost": 701189.49, "Plan Rows": 1, "Plan Width": 66, "Sort Key": ["nation.n_name", "(date_part('year'::text, orders.o_orderdate)) DESC"], "Plans": [{"Node Type": "Nested Loop", "Parent Relationship": "Outer", "Join Type": "Inner", "Startup Cost": 6584.54, "Total Cost": 701189.47, "Plan Rows": 1, "Plan Width": 66, "Inner Unique": true, "Plans": [{"Node Type": "Nested Loop", "Parent Relationship": "Outer", "Join Type": "Inner", "Startup Cost": 6584.54, "Total Cost": 701189.19, "Plan Rows": 1, "Plan Width": 44, "Inner Unique": true, "Plans": [{"Node Type": "Nested Loop", "Parent Relationship": "Outer", "Join Type": "Inner", "Startup Cost": 6584.54, "Total Cost": 701188.89, "Plan Rows": 1, "Plan Width": 44, "Inner Unique": false, "Join Filter": "(supplier.s_suppkey = lineitem.l_suppkey)", "Plans": [{"Node Type": "Hash Join", "Parent Relationship": "Outer", "Join Type": "Inner", "Startup Cost": 6584.54, "Total Cost": 557439.88, "Plan Rows": 125630, "Plan Width": 44, "Inner Unique": true, "Hash Cond": "(partsupp.ps_suppkey = supplier.s_suppkey), (LLVM Optimized)", "Plans": [{"Node Type": "Nested Loop", "Parent Relationship": "Outer", "Join Type": "Inner", "Startup Cost": 0.0, "Total Cost": 548625.29, "Plan Rows": 259666, "Plan Width": 32, "Inner Unique": false, "Plans": [{"Node Type": "Index Scan", "Parent Relationship": "Outer", "Scan Direction": "Forward", "Index Name": "part_kpey", "Relation Name": "part", "Alias": "part", "Startup Cost": 0.0, "Total Cost": 105803.25, "Plan Rows": 89888, "Plan Width": 8, "Filter": "((p_name)::text ~~ '%dim%'::text)"}, {"Node Type": "Index Scan", "Parent Relationship": "Inner", "Scan Direction": "Forward", "Index Name": "idx_partsupp_partkey", "Relation Name": "partsupp", "Alias": "partsupp", "Startup Cost": 0.0, "Total Cost": 4.9, "Plan Rows": 3, "Plan Width": 24, "Index Cond": "(ps_partkey = part.p_partkey)"}]}, {"Node Type": "Hash", "Parent Relationship": "Inner", "Startup Cost": 5334.54, "Total Cost": 5334.54, "Plan Rows": 100000, "Plan Width": 12, "Plans": [{"Node Type": "Index Scan", "Parent Relationship": "Outer", "Scan Direction": "Forward", "Index Name": "supplier_pkey", "Relation Name": "supplier", "Alias": "supplier", "Startup Cost": 0.0, "Total Cost": 5334.54, "Plan Rows": 100000, "Plan Width": 12}]}]}, {"Node Type": "Index Scan", "Parent Relationship": "Inner", "Scan Direction": "Forward", "Index Name": "idx_lineitem_part_supp", "Relation Name": "lineitem", "Alias": "lineitem", "Startup Cost": 0.0, "Total Cost": 1.13, "Plan Rows": 1, "Plan Width": 48, "Index Cond": "((l_partkey = partsupp.ps_partkey) AND (l_suppkey = partsupp.ps_suppkey))"}]}, {"Node Type": "Index Scan", "Parent Relationship": "Inner", "Scan Direction": "Forward", "Index Name": "orders_pkey", "Relation Name": "orders", "Alias": "orders", "Startup Cost": 0.0, "Total Cost": 0.29, "Plan Rows": 1, "Plan Width": 16, "Index Cond": "(o_orderkey = lineitem.l_orderkey)"}]}, {"Node Type": "Index Scan", "Parent Relationship": "Inner", "Scan Direction": "Forward", "Index Name": "nation_pkey", "Relation Name": "nation", "Alias": "nation", "Startup Cost": 0.0, "Total Cost": 0.27, "Plan Rows": 1, "Plan Width": 30, "Index Cond": "(n_nationkey = supplier.s_nationkey)"}]}]}]}, "Unique SQL Id": 3628361425}, "explain_analyze_plan": {"Plan": {"Node Type": "Aggregate", "Strategy": "Sorted", "Startup Cost": 701189.48, "Total Cost": 701189.52, "Plan Rows": 1, "Plan Width": 74, "Actual Startup Time": 57927.603, "Actual Total Time": 60887.2, "Actual Rows": 175, "Actual Loops": 1, "Group By Key": ["nation.n_name", "(date_part('year'::text, orders.o_orderdate))"], "Plans": [{"Node Type": "Sort", "Parent Relationship": "Outer", "Startup Cost": 701189.48, "Total Cost": 701189.49, "Plan Rows": 1, "Plan Width": 66, "Actual Startup Time": 57917.052, "Actual Total Time": 58585.336, "Actual Rows": 3256948, "Actual Loops": 1, "Sort Key": ["nation.n_name", "(date_part('year'::text, orders.o_orderdate)) DESC"], "Sort Method": "quicksort", "Sort Space Used": 607203, "Sort Space Type": "Memory", "Plans": [{"Node Type": "Nested Loop", "Parent Relationship": "Outer", "Join Type": "Inner", "Startup Cost": 6584.54, "Total Cost": 701189.47, "Plan Rows": 1, "Plan Width": 66, "Actual Startup Time": 88.208, "Actual Total Time": 52379.794, "Actual Rows": 3256948, "Actual Loops": 1, "Inner Unique": true, "Plans": [{"Node Type": "Nested Loop", "Parent Relationship": "Outer", "Join Type": "Inner", "Startup Cost": 6584.54, "Total Cost": 701189.19, "Plan Rows": 1, "Plan Width": 44, "Actual Startup Time": 88.176, "Actual Total Time": 43642.973, "Actual Rows": 3256948, "Actual Loops": 1, "Inner Unique": true, "Plans": [{"Node Type": "Nested Loop", "Parent Relationship": "Outer", "Join Type": "Inner", "Startup Cost": 6584.54, "Total Cost": 701188.89, "Plan Rows": 1, "Plan Width": 44, "Actual Startup Time": 88.16, "Actual Total Time": 15982.385, "Actual Rows": 3256948, "Actual Loops": 1, "Inner Unique": false, "Join Filter": "(supplier.s_suppkey = lineitem.l_suppkey)", "Rows Removed by Join Filter": 0, "Plans": [{"Node Type": "Hash Join", "Parent Relationship": "Outer", "Join Type": "Inner", "Startup Cost": 6584.54, "Total Cost": 557439.88, "Plan Rows": 125630, "Plan Width": 44, "Actual Startup Time": 88.115, "Actual Total Time": 3477.657, "Actual Rows": 434204, "Actual Loops": 1, "Inner Unique": true, "Hash Cond": "(partsupp.ps_suppkey = supplier.s_suppkey), (LLVM Optimized, Jit Execute)", "Plans": [{"Node Type": "Nested Loop", "Parent Relationship": "Outer", "Join Type": "Inner", "Startup Cost": 0.0, "Total Cost": 548625.29, "Plan Rows": 259666, "Plan Width": 32, "Actual Startup Time": 0.091, "Actual Total Time": 2926.915, "Actual Rows": 434204, "Actual Loops": 1, "Inner Unique": false, "Plans": [{"Node Type": "Index Scan", "Parent Relationship": "Outer", "Scan Direction": "Forward", "Index Name": "part_kpey", "Relation Name": "part", "Alias": "part", "Startup Cost": 0.0, "Total Cost": 105803.25, "Plan Rows": 89888, "Plan Width": 8, "Actual Startup Time": 0.065, "Actual Total Time": 1746.869, "Actual Rows": 108551, "Actual Loops": 1, "Filter": "((p_name)::text ~~ '%dim%'::text)", "Rows Removed by Filter": 1891449}, {"Node Type": "Index Scan", "Parent Relationship": "Inner", "Scan Direction": "Forward", "Index Name": "idx_partsupp_partkey", "Relation Name": "partsupp", "Alias": "partsupp", "Startup Cost": 0.0, "Total Cost": 4.9, "Plan Rows": 3, "Plan Width": 24, "Actual Startup Time": 667.283, "Actual Total Time": 976.149, "Actual Rows": 434204, "Actual Loops": 108551, "Index Cond": "(ps_partkey = part.p_partkey)", "Rows Removed by Index Recheck": 0}]}, {"Node Type": "Hash", "Parent Relationship": "Inner", "Startup Cost": 5334.54, "Total Cost": 5334.54, "Plan Rows": 100000, "Plan Width": 12, "Actual Startup Time": 87.877, "Actual Total Time": 87.877, "Actual Rows": 100000, "Actual Loops": 1, "Hash Buckets": 131072, "Hash Batches": 1, "Original Hash Batches": 1, "Peak Memory Usage": 4297, "Plans": [{"Node Type": "Index Scan", "Parent Relationship": "Outer", "Scan Direction": "Forward", "Index Name": "supplier_pkey", "Relation Name": "supplier", "Alias": "supplier", "Startup Cost": 0.0, "Total Cost": 5334.54, "Plan Rows": 100000, "Plan Width": 12, "Actual Startup Time": 0.025, "Actual Total Time": 60.048, "Actual Rows": 100000, "Actual Loops": 1}]}]}, {"Node Type": "Index Scan", "Parent Relationship": "Inner", "Scan Direction": "Forward", "Index Name": "idx_lineitem_part_supp", "Relation Name": "lineitem", "Alias": "lineitem", "Startup Cost": 0.0, "Total Cost": 1.13, "Plan Rows": 1, "Plan Width": 48, "Actual Startup Time": 3121.867, "Actual Total Time": 10833.853, "Actual Rows": 3256948, "Actual Loops": 434204, "Index Cond": "((l_partkey = partsupp.ps_partkey) AND (l_suppkey = partsupp.ps_suppkey))", "Rows Removed by Index Recheck": 0}]}, {"Node Type": "Index Scan", "Parent Relationship": "Inner", "Scan Direction": "Forward", "Index Name": "orders_pkey", "Relation Name": "orders", "Alias": "orders", "Startup Cost": 0.0, "Total Cost": 0.29, "Plan Rows": 1, "Plan Width": 16, "Actual Startup Time": 24891.296, "Actual Total Time": 24891.296, "Actual Rows": 3256948, "Actual Loops": 3256948, "Index Cond": "(o_orderkey = lineitem.l_orderkey)", "Rows Removed by Index Recheck": 0}]}, {"Node Type": "Index Scan", "Parent Relationship": "Inner", "Scan Direction": "Forward", "Index Name": "nation_pkey", "Relation Name": "nation", "Alias": "nation", "Startup Cost": 0.0, "Total Cost": 0.27, "Plan Rows": 1, "Plan Width": 30, "Actual Startup Time": 4701.479, "Actual Total Time": 4701.479, "Actual Rows": 3256948, "Actual Loops": 3256948, "Index Cond": "(n_nationkey = supplier.s_nationkey)", "Rows Removed by Index Recheck": 0}]}]}]}, "Triggers": [], "Planner Runtime": 29.635, "Total Runtime": 60901.785, "Unique SQL Id": 3628361425}}, "(1, 106)": {"explain_plan": {"Plan": {"Node Type": "Aggregate", "Strategy": "Sorted", "Startup Cost": 3188400.27, "Total Cost": 3188400.31, "Plan Rows": 1, "Plan Width": 74, "Group By Key": ["nation.n_name", "(date_part('year'::text, orders.o_orderdate))"], "Plans": [{"Node Type": "Sort", "Parent Relationship": "Outer", "Startup Cost": 3188400.27, "Total Cost": 3188400.28, "Plan Rows": 1, "Plan Width": 66, "Sort Key": ["nation.n_name", "(date_part('year'::text, orders.o_orderdate)) DESC"], "Plans": [{"Node Type": "Hash Join", "Parent Relationship": "Outer", "Join Type": "Inner", "Startup Cost": 2705738.4, "Total Cost": 3188400.26, "Plan Rows": 1, "Plan Width": 66, "Inner Unique": true, "Hash Cond": "(supplier.s_nationkey = nation.n_nationkey)", "Plans": [{"Node Type": "Hash Join", "Parent Relationship": "Outer", "Join Type": "Inner", "Startup Cost": 2705736.84, "Total Cost": 3188398.68, "Plan Rows": 1, "Plan Width": 44, "Inner Unique": false, "Hash Cond": "(orders.o_orderkey = lineitem.l_orderkey)", "Plans": [{"Node Type": "Seq Scan", "Parent Relationship": "Outer", "Relation Name": "orders", "Alias": "orders", "Startup Cost": 0.0, "Total Cost": 426413.79, "Plan Rows": 14999479, "Plan Width": 16}, {"Node Type": "Hash", "Parent Relationship": "Inner", "Startup Cost": 2705736.82, "Total Cost": 2705736.82, "Plan Rows": 1, "Plan Width": 44, "Plans": [{"Node Type": "Hash Join", "Parent Relationship": "Outer", "Join Type": "Inner", "Startup Cost": 406202.19, "Total Cost": 2705736.82, "Plan Rows": 1, "Plan Width": 44, "Inner Unique": false, "Hash Cond": "((lineitem.l_suppkey = partsupp.ps_suppkey) AND (lineitem.l_partkey = partsupp.ps_partkey))", "Plans": [{"Node Type": "Hash Join", "Parent Relationship": "Outer", "Join Type": "Inner", "Startup Cost": 68067.6, "Total Cost": 2313089.96, "Plan Rows": 495566, "Plan Width": 56, "Inner Unique": true, "Hash Cond": "(lineitem.l_partkey = part.p_partkey), (LLVM Optimized)", "Plans": [{"Node Type": "Seq Scan", "Parent Relationship": "Outer", "Relation Name": "lineitem", "Alias": "lineitem", "Startup Cost": 0.0, "Total Cost": 2015115.33, "Plan Rows": 59987033, "Plan Width": 48}, {"Node Type": "Hash", "Parent Relationship": "Inner", "Startup Cost": 66944.0, "Total Cost": 66944.0, "Plan Rows": 89888, "Plan Width": 8, "Plans": [{"Node Type": "Seq Scan", "Parent Relationship": "Outer", "Relation Name": "part", "Alias": "part", "Startup Cost": 0.0, "Total Cost": 66944.0, "Plan Rows": 89888, "Plan Width": 8, "Filter": "((p_name)::text ~~ '%dim%'::text)"}]}]}, {"Node Type": "Hash", "Parent Relationship": "Inner", "Startup Cost": 317967.1, "Total Cost": 317967.1, "Plan Rows": 1344499, "Plan Width": 36, "Plans": [{"Node Type": "Hash Join", "Parent Relationship": "Outer", "Join Type": "Inner", "Startup Cost": 4533.0, "Total Cost": 317967.1, "Plan Rows": 1344499, "Plan Width": 36, "Inner Unique": true, "Hash Cond": "(partsupp.ps_suppkey = supplier.s_suppkey), (LLVM Optimized)", "Plans": [{"Node Type": "Seq Scan", "Parent Relationship": "Outer", "Relation Name": "partsupp", "Alias": "partsupp", "Startup Cost": 0.0, "Total Cost": 269987.72, "Plan Rows": 8000372, "Plan Width": 24}, {"Node Type": "Hash", "Parent Relationship": "Inner", "Startup Cost": 3283.0, "Total Cost": 3283.0, "Plan Rows": 100000, "Plan Width": 12, "Plans": [{"Node Type": "Seq Scan", "Parent Relationship": "Outer", "Relation Name": "supplier", "Alias": "supplier", "Startup Cost": 0.0, "Total Cost": 3283.0, "Plan Rows": 100000, "Plan Width": 12}]}]}]}]}]}]}, {"Node Type": "Hash", "Parent Relationship": "Inner", "Startup Cost": 1.25, "Total Cost": 1.25, "Plan Rows": 25, "Plan Width": 30, "Plans": [{"Node Type": "Seq Scan", "Parent Relationship": "Outer", "Relation Name": "nation", "Alias": "nation", "Startup Cost": 0.0, "Total Cost": 1.25, "Plan Rows": 25, "Plan Width": 30}]}]}]}]}, "Unique SQL Id": 3628361425}, "explain_analyze_plan": null}, "(1, 107)": {"explain_plan": {"Plan": {"Node Type": "Aggregate", "Strategy": "Sorted", "Startup Cost": 6000407120580.14, "Total Cost": 6000407120580.17, "Plan Rows": 1, "Plan Width": 74, "Group By Key": ["nation.n_name", "(date_part('year'::text, orders.o_orderdate))"], "Plans": [{"Node Type": "Sort", "Parent Relationship": "Outer", "Startup Cost": 6000407120580.14, "Total Cost": 6000407120580.14, "Plan Rows": 1, "Plan Width": 66, "Sort Key": ["nation.n_name", "(date_part('year'::text, orders.o_orderdate)) DESC"], "Plans": [{"Node Type": "Nested Loop", "Parent Relationship": "Outer", "Join Type": "Inner", "Startup Cost": 3030082820730.06, "Total Cost": 6000407120580.13, "Plan Rows": 1, "Plan Width": 66, "Inner Unique": true, "Plans": [{"Node Type": "Nested Loop", "Parent Relationship": "Outer", "Join Type": "Inner", "Startup Cost": 3020082820730.06, "Total Cost": 5000407120553.1, "Plan Rows": 1, "Plan Width": 44, "Inner Unique": true, "Plans": [{"Node Type": "Hash Join", "Parent Relationship": "Outer", "Join Type": "Inner", "Startup Cost": 3010082820730.06, "Total Cost": 4000407120523.87, "Plan Rows": 1, "Plan Width": 44, "Inner Unique": false, "Hash Cond": "((lineitem.l_suppkey = partsupp.ps_suppkey) AND (lineitem.l_partkey = partsupp.ps_partkey))", "Plans": [{"Node Type": "Hash Join", "Parent Relationship": "Outer", "Join Type": "Inner", "Startup Cost": 1010010581448.6, "Total Cost": 2000334826730.13, "Plan Rows": 495566, "Plan Width": 56, "Inner Unique": true, "Hash Cond": "(lineitem.l_partkey = part.p_partkey), (LLVM Optimized)", "Plans": [{"Node Type": "Index Scan", "Parent Relationship": "Outer", "Scan Direction": "Forward", "Index Name": "idx_lineitem_orderkey", "Relation Name": "lineitem", "Alias": "lineitem", "Startup Cost": 10000000000.0, "Total Cost": 1000324015374.5, "Plan Rows": 59987033, "Plan Width": 48}, {"Node Type": "Hash", "Parent Relationship": "Inner", "Startup Cost": 1000010580325.0, "Total Cost": 1000010580325.0, "Plan Rows": 89888, "Plan Width": 8, "Plans": [{"Node Type": "Index Scan", "Parent Relationship": "Outer", "Scan Direction": "Forward", "Index Name": "part_kpey", "Relation Name": "part", "Alias": "part", "Startup Cost": 10000000000.0, "Total Cost": 1000010580325.0, "Plan Rows": 89888, "Plan Width": 8, "Filter": "((p_name)::text ~~ '%dim%'::text)"}]}]}, {"Node Type": "Hash", "Parent Relationship": "Inner", "Startup Cost": 2000072219113.98, "Total Cost": 2000072219113.98, "Plan Rows": 1344499, "Plan Width": 36, "Plans": [{"Node Type": "Hash Join", "Parent Relationship": "Outer", "Join Type": "Inner", "Startup Cost": 1010000534704.38, "Total Cost": 2000072219113.98, "Plan Rows": 1344499, "Plan Width": 36, "Inner Unique": true, "Hash Cond": "(partsupp.ps_suppkey = supplier.s_suppkey), (LLVM Optimized)", "Plans": [{"Node Type": "Index Scan", "Parent Relationship": "Outer", "Scan Direction": "Forward", "Index Name": "partsupp_pkey", "Relation Name": "partsupp", "Alias": "partsupp", "Startup Cost": 10000000000.0, "Total Cost": 1000071640963.22, "Plan Rows": 8000372, "Plan Width": 24}, {"Node Type": "Hash", "Parent Relationship": "Inner", "Startup Cost": 1000000533454.38, "Total Cost": 1000000533454.38, "Plan Rows": 100000, "Plan Width": 12, "Plans": [{"Node Type": "Index Scan", "Parent Relationship": "Outer", "Scan Direction": "Forward", "Index Name": "supplier_pkey", "Relation Name": "supplier", "Alias": "supplier", "Startup Cost": 10000000000.0, "Total Cost": 1000000533454.38, "Plan Rows": 100000, "Plan Width": 12}]}]}]}]}, {"Node Type": "Index Scan", "Parent Relationship": "Inner", "Scan Direction": "Forward", "Index Name": "orders_pkey", "Relation Name": "orders", "Alias": "orders", "Startup Cost": 10000000000.0, "Total Cost": 1000000000029.23, "Plan Rows": 1, "Plan Width": 16, "Index Cond": "(o_orderkey = lineitem.l_orderkey)"}]}, {"Node Type": "Index Scan", "Parent Relationship": "Inner", "Scan Direction": "Forward", "Index Name": "nation_pkey", "Relation Name": "nation", "Alias": "nation", "Startup Cost": 10000000000.0, "Total Cost": 1000000000027.01, "Plan Rows": 1, "Plan Width": 30, "Index Cond": "(n_nationkey = supplier.s_nationkey)"}]}]}]}, "Unique SQL Id": 3628361425}, "explain_analyze_plan": {"Plan": {"Node Type": "Aggregate", "Strategy": "Sorted", "Startup Cost": 6000407120580.14, "Total Cost": 6000407120580.17, "Plan Rows": 1, "Plan Width": 74, "Actual Startup Time": 106016.231, "Actual Total Time": 109342.761, "Actual Rows": 175, "Actual Loops": 1, "Group By Key": ["nation.n_name", "(date_part('year'::text, orders.o_orderdate))"], "Plans": [{"Node Type": "Sort", "Parent Relationship": "Outer", "Startup Cost": 6000407120580.14, "Total Cost": 6000407120580.14, "Plan Rows": 1, "Plan Width": 66, "Actual Startup Time": 106004.392, "Actual Total Time": 106980.912, "Actual Rows": 3256948, "Actual Loops": 1, "Sort Key": ["nation.n_name", "(date_part('year'::text, orders.o_orderdate)) DESC"], "Sort Method": "quicksort", "Sort Space Used": 607203, "Sort Space Type": "Memory", "Plans": [{"Node Type": "Nested Loop", "Parent Relationship": "Outer", "Join Type": "Inner", "Startup Cost": 3030082820730.06, "Total Cost": 6000407120580.13, "Plan Rows": 1, "Plan Width": 66, "Actual Startup Time": 14967.201, "Actual Total Time": 99123.803, "Actual Rows": 3256948, "Actual Loops": 1, "Inner Unique": true, "Plans": [{"Node Type": "Nested Loop", "Parent Relationship": "Outer", "Join Type": "Inner", "Startup Cost": 3020082820730.06, "Total Cost": 5000407120553.1, "Plan Rows": 1, "Plan Width": 44, "Actual Startup Time": 14967.163, "Actual Total Time": 90741.048, "Actual Rows": 3256948, "Actual Loops": 1, "Inner Unique": true, "Plans": [{"Node Type": "Hash Join", "Parent Relationship": "Outer", "Join Type": "Inner", "Startup Cost": 3010082820730.06, "Total Cost": 4000407120523.87, "Plan Rows": 1, "Plan Width": 44, "Actual Startup Time": 14967.091, "Actual Total Time": 77373.487, "Actual Rows": 3256948, "Actual Loops": 1, "Inner Unique": false, "Hash Cond": "((lineitem.l_suppkey = partsupp.ps_suppkey) AND (lineitem.l_partkey = partsupp.ps_partkey))", "Plans": [{"Node Type": "Hash Join", "Parent Relationship": "Outer", "Join Type": "Inner", "Startup Cost": 1010010581448.6, "Total Cost": 2000334826730.13, "Plan Rows": 495566, "Plan Width": 56, "Actual Startup Time": 1503.611, "Actual Total Time": 57767.28, "Actual Rows": 3256948, "Actual Loops": 1, "Inner Unique": true, "Hash Cond": "(lineitem.l_partkey = part.p_partkey), (LLVM Optimized, Jit Execute)", "Plans": [{"Node Type": "Index Scan", "Parent Relationship": "Outer", "Scan Direction": "Forward", "Index Name": "idx_lineitem_orderkey", "Relation Name": "lineitem", "Alias": "lineitem", "Startup Cost": 10000000000.0, "Total Cost": 1000324015374.5, "Plan Rows": 59987033, "Plan Width": 48, "Actual Startup Time": 0.047, "Actual Total Time": 37941.218, "Actual Rows": 59986052, "Actual Loops": 1}, {"Node Type": "Hash", "Parent Relationship": "Inner", "Startup Cost": 1000010580325.0, "Total Cost": 1000010580325.0, "Plan Rows": 89888, "Plan Width": 8, "Actual Startup Time": 1503.346, "Actual Total Time": 1503.346, "Actual Rows": 108551, "Actual Loops": 1, "Hash Buckets": 131072, "Hash Batches": 1, "Original Hash Batches": 1, "Peak Memory Usage": 4241, "Plans": [{"Node Type": "Index Scan", "Parent Relationship": "Outer", "Scan Direction": "Forward", "Index Name": "part_kpey", "Relation Name": "part", "Alias": "part", "Startup Cost": 10000000000.0, "Total Cost": 1000010580325.0, "Plan Rows": 89888, "Plan Width": 8, "Actual Startup Time": 0.084, "Actual Total Time": 1467.674, "Actual Rows": 108551, "Actual Loops": 1, "Filter": "((p_name)::text ~~ '%dim%'::text)", "Rows Removed by Filter": 1891449}]}]}, {"Node Type": "Hash", "Parent Relationship": "Inner", "Startup Cost": 2000072219113.98, "Total Cost": 2000072219113.98, "Plan Rows": 1344499, "Plan Width": 36, "Actual Startup Time": 13461.597, "Actual Total Time": 13461.597, "Actual Rows": 8000000, "Actual Loops": 1, "Hash Buckets": 2097152, "Hash Batches": 1, "Original Hash Batches": 1, "Peak Memory Usage": 562500, "Plans": [{"Node Type": "Hash Join", "Parent Relationship": "Outer", "Join Type": "Inner", "Startup Cost": 1010000534704.38, "Total Cost": 2000072219113.98, "Plan Rows": 1344499, "Plan Width": 36, "Actual Startup Time": 108.332, "Actual Total Time": 9254.021, "Actual Rows": 8000000, "Actual Loops": 1, "Inner Unique": true, "Hash Cond": "(partsupp.ps_suppkey = supplier.s_suppkey), (LLVM Optimized, Jit Execute)", "Plans": [{"Node Type": "Index Scan", "Parent Relationship": "Outer", "Scan Direction": "Forward", "Index Name": "partsupp_pkey", "Relation Name": "partsupp", "Alias": "partsupp", "Startup Cost": 10000000000.0, "Total Cost": 1000071640963.22, "Plan Rows": 8000372, "Plan Width": 24, "Actual Startup Time": 0.047, "Actual Total Time": 4805.257, "Actual Rows": 8000000, "Actual Loops": 1}, {"Node Type": "Hash", "Parent Relationship": "Inner", "Startup Cost": 1000000533454.38, "Total Cost": 1000000533454.38, "Plan Rows": 100000, "Plan Width": 12, "Actual Startup Time": 108.175, "Actual Total Time": 108.175, "Actual Rows": 100000, "Actual Loops": 1, "Hash Buckets": 131072, "Hash Batches": 1, "Original Hash Batches": 1, "Peak Memory Usage": 4297, "Plans": [{"Node Type": "Index Scan", "Parent Relationship": "Outer", "Scan Direction": "Forward", "Index Name": "supplier_pkey", "Relation Name": "supplier", "Alias": "supplier", "Startup Cost": 10000000000.0, "Total Cost": 1000000533454.38, "Plan Rows": 100000, "Plan Width": 12, "Actual Startup Time": 0.035, "Actual Total Time": 79.528, "Actual Rows": 100000, "Actual Loops": 1}]}]}]}]}, {"Node Type": "Index Scan", "Parent Relationship": "Inner", "Scan Direction": "Forward", "Index Name": "orders_pkey", "Relation Name": "orders", "Alias": "orders", "Startup Cost": 10000000000.0, "Total Cost": 1000000000029.23, "Plan Rows": 1, "Plan Width": 16, "Actual Startup Time": 10599.304, "Actual Total Time": 10599.304, "Actual Rows": 3256948, "Actual Loops": 3256948, "Index Cond": "(o_orderkey = lineitem.l_orderkey)", "Rows Removed by Index Recheck": 0}]}, {"Node Type": "Index Scan", "Parent Relationship": "Inner", "Scan Direction": "Forward", "Index Name": "nation_pkey", "Relation Name": "nation", "Alias": "nation", "Startup Cost": 10000000000.0, "Total Cost": 1000000000027.01, "Plan Rows": 1, "Plan Width": 30, "Actual Startup Time": 4434.887, "Actual Total Time": 4434.887, "Actual Rows": 3256948, "Actual Loops": 3256948, "Index Cond": "(n_nationkey = supplier.s_nationkey)", "Rows Removed by Index Recheck": 0}]}]}]}, "Triggers": [], "Planner Runtime": 34.887, "Total Runtime": 109359.801, "Unique SQL Id": 3628361425}}, "(1, 108)": {"explain_plan": {"Plan": {"Node Type": "Aggregate", "Strategy": "Sorted", "Startup Cost": 521166.02, "Total Cost": 521166.06, "Plan Rows": 1, "Plan Width": 74, "Group By Key": ["nation.n_name", "(date_part('year'::text, orders.o_orderdate))"], "Plans": [{"Node Type": "Sort", "Parent Relationship": "Outer", "Startup Cost": 521166.02, "Total Cost": 521166.03, "Plan Rows": 1, "Plan Width": 66, "Sort Key": ["nation.n_name", "(date_part('year'::text, orders.o_orderdate)) DESC"], "Plans": [{"Node Type": "Nested Loop", "Parent Relationship": "Outer", "Join Type": "Inner", "Startup Cost": 72600.6, "Total Cost": 521166.01, "Plan Rows": 1, "Plan Width": 66, "Inner Unique": true, "Plans": [{"Node Type": "Nested Loop", "Parent Relationship": "Outer", "Join Type": "Inner", "Startup Cost": 72600.6, "Total Cost": 521165.73, "Plan Rows": 1, "Plan Width": 44, "Inner Unique": true, "Plans": [{"Node Type": "Nested Loop", "Parent Relationship": "Outer", "Join Type": "Inner", "Startup Cost": 72600.6, "Total Cost": 521165.43, "Plan Rows": 1, "Plan Width": 44, "Inner Unique": false, "Join Filter": "(supplier.s_suppkey = lineitem.l_suppkey)", "Plans": [{"Node Type": "Hash Join", "Parent Relationship": "Outer", "Join Type": "Inner", "Startup Cost": 72600.6, "Total Cost": 377416.42, "Plan Rows": 125630, "Plan Width": 44, "Inner Unique": true, "Hash Cond": "(partsupp.ps_suppkey = supplier.s_suppkey), (LLVM Optimized)", "Plans": [{"Node Type": "Hash Join", "Parent Relationship": "Outer", "Join Type": "Inner", "Startup Cost": 68067.6, "Total Cost": 370653.38, "Plan Rows": 259666, "Plan Width": 32, "Inner Unique": true, "Hash Cond": "(partsupp.ps_partkey = part.p_partkey), (LLVM Optimized)", "Plans": [{"Node Type": "Seq Scan", "Parent Relationship": "Outer", "Relation Name": "partsupp", "Alias": "partsupp", "Startup Cost": 0.0, "Total Cost": 269987.72, "Plan Rows": 8000372, "Plan Width": 24}, {"Node Type": "Hash", "Parent Relationship": "Inner", "Startup Cost": 66944.0, "Total Cost": 66944.0, "Plan Rows": 89888, "Plan Width": 8, "Plans": [{"Node Type": "Seq Scan", "Parent Relationship": "Outer", "Relation Name": "part", "Alias": "part", "Startup Cost": 0.0, "Total Cost": 66944.0, "Plan Rows": 89888, "Plan Width": 8, "Filter": "((p_name)::text ~~ '%dim%'::text)"}]}]}, {"Node Type": "Hash", "Parent Relationship": "Inner", "Startup Cost": 3283.0, "Total Cost": 3283.0, "Plan Rows": 100000, "Plan Width": 12, "Plans": [{"Node Type": "Seq Scan", "Parent Relationship": "Outer", "Relation Name": "supplier", "Alias": "supplier", "Startup Cost": 0.0, "Total Cost": 3283.0, "Plan Rows": 100000, "Plan Width": 12}]}]}, {"Node Type": "Index Scan", "Parent Relationship": "Inner", "Scan Direction": "Forward", "Index Name": "idx_lineitem_part_supp", "Relation Name": "lineitem", "Alias": "lineitem", "Startup Cost": 0.0, "Total Cost": 1.13, "Plan Rows": 1, "Plan Width": 48, "Index Cond": "((l_partkey = partsupp.ps_partkey) AND (l_suppkey = partsupp.ps_suppkey))"}]}, {"Node Type": "Index Scan", "Parent Relationship": "Inner", "Scan Direction": "Forward", "Index Name": "orders_pkey", "Relation Name": "orders", "Alias": "orders", "Startup Cost": 0.0, "Total Cost": 0.29, "Plan Rows": 1, "Plan Width": 16, "Index Cond": "(o_orderkey = lineitem.l_orderkey)"}]}, {"Node Type": "Index Scan", "Parent Relationship": "Inner", "Scan Direction": "Forward", "Index Name": "nation_pkey", "Relation Name": "nation", "Alias": "nation", "Startup Cost": 0.0, "Total Cost": 0.27, "Plan Rows": 1, "Plan Width": 30, "Index Cond": "(n_nationkey = supplier.s_nationkey)"}]}]}]}, "Unique SQL Id": 3628361425}, "explain_analyze_plan": {"Plan": {"Node Type": "Aggregate", "Strategy": "Sorted", "Startup Cost": 521166.02, "Total Cost": 521166.06, "Plan Rows": 1, "Plan Width": 74, "Actual Startup Time": 59481.117, "Actual Total Time": 62604.215, "Actual Rows": 175, "Actual Loops": 1, "Group By Key": ["nation.n_name", "(date_part('year'::text, orders.o_orderdate))"], "Plans": [{"Node Type": "Sort", "Parent Relationship": "Outer", "Startup Cost": 521166.02, "Total Cost": 521166.03, "Plan Rows": 1, "Plan Width": 66, "Actual Startup Time": 59469.211, "Actual Total Time": 60260.928, "Actual Rows": 3256948, "Actual Loops": 1, "Sort Key": ["nation.n_name", "(date_part('year'::text, orders.o_orderdate)) DESC"], "Sort Method": "quicksort", "Sort Space Used": 607203, "Sort Space Type": "Memory", "Plans": [{"Node Type": "Nested Loop", "Parent Relationship": "Outer", "Join Type": "Inner", "Startup Cost": 72600.6, "Total Cost": 521166.01, "Plan Rows": 1, "Plan Width": 66, "Actual Startup Time": 1094.503, "Actual Total Time": 53628.008, "Actual Rows": 3256948, "Actual Loops": 1, "Inner Unique": true, "Plans": [{"Node Type": "Nested Loop", "Parent Relationship": "Outer", "Join Type": "Inner", "Startup Cost": 72600.6, "Total Cost": 521165.73, "Plan Rows": 1, "Plan Width": 44, "Actual Startup Time": 1094.366, "Actual Total Time": 45161.558, "Actual Rows": 3256948, "Actual Loops": 1, "Inner Unique": true, "Plans": [{"Node Type": "Nested Loop", "Parent Relationship": "Outer", "Join Type": "Inner", "Startup Cost": 72600.6, "Total Cost": 521165.43, "Plan Rows": 1, "Plan Width": 44, "Actual Startup Time": 1094.34, "Actual Total Time": 18317.543, "Actual Rows": 3256948, "Actual Loops": 1, "Inner Unique": false, "Join Filter": "(supplier.s_suppkey = lineitem.l_suppkey)", "Rows Removed by Join Filter": 0, "Plans": [{"Node Type": "Hash Join", "Parent Relationship": "Outer", "Join Type": "Inner", "Startup Cost": 72600.6, "Total Cost": 377416.42, "Plan Rows": 125630, "Plan Width": 44, "Actual Startup Time": 1094.281, "Actual Total Time": 6180.496, "Actual Rows": 434204, "Actual Loops": 1, "Inner Unique": true, "Hash Cond": "(partsupp.ps_suppkey = supplier.s_suppkey), (LLVM Optimized, Jit Execute)", "Plans": [{"Node Type": "Hash Join", "Parent Relationship": "Outer", "Join Type": "Inner", "Startup Cost": 68067.6, "Total Cost": 370653.38, "Plan Rows": 259666, "Plan Width": 32, "Actual Startup Time": 1031.172, "Actual Total Time": 5716.645, "Actual Rows": 434204, "Actual Loops": 1, "Inner Unique": true, "Hash Cond": "(partsupp.ps_partkey = part.p_partkey), (LLVM Optimized, Jit Execute)", "Plans": [{"Node Type": "Seq Scan", "Parent Relationship": "Outer", "Relation Name": "partsupp", "Alias": "partsupp", "Startup Cost": 0.0, "Total Cost": 269987.72, "Plan Rows": 8000372, "Plan Width": 24, "Actual Startup Time": 0.013, "Actual Total Time": 2512.445, "Actual Rows": 8000000, "Actual Loops": 1}, {"Node Type": "Hash", "Parent Relationship": "Inner", "Startup Cost": 66944.0, "Total Cost": 66944.0, "Plan Rows": 89888, "Plan Width": 8, "Actual Startup Time": 1031.014, "Actual Total Time": 1031.014, "Actual Rows": 108551, "Actual Loops": 1, "Hash Buckets": 131072, "Hash Batches": 1, "Original Hash Batches": 1, "Peak Memory Usage": 4241, "Plans": [{"Node Type": "Seq Scan", "Parent Relationship": "Outer", "Relation Name": "part", "Alias": "part", "Startup Cost": 0.0, "Total Cost": 66944.0, "Plan Rows": 89888, "Plan Width": 8, "Actual Startup Time": 0.047, "Actual Total Time": 992.378, "Actual Rows": 108551, "Actual Loops": 1, "Filter": "((p_name)::text ~~ '%dim%'::text)", "Rows Removed by Filter": 1891449}]}]}, {"Node Type": "Hash", "Parent Relationship": "Inner", "Startup Cost": 3283.0, "Total Cost": 3283.0, "Plan Rows": 100000, "Plan Width": 12, "Actual Startup Time": 62.997, "Actual Total Time": 62.997, "Actual Rows": 100000, "Actual Loops": 1, "Hash Buckets": 131072, "Hash Batches": 1, "Original Hash Batches": 1, "Peak Memory Usage": 4297, "Plans": [{"Node Type": "Seq Scan", "Parent Relationship": "Outer", "Relation Name": "supplier", "Alias": "supplier", "Startup Cost": 0.0, "Total Cost": 3283.0, "Plan Rows": 100000, "Plan Width": 12, "Actual Startup Time": 0.026, "Actual Total Time": 35.878, "Actual Rows": 100000, "Actual Loops": 1}]}]}, {"Node Type": "Index Scan", "Parent Relationship": "Inner", "Scan Direction": "Forward", "Index Name": "idx_lineitem_part_supp", "Relation Name": "lineitem", "Alias": "lineitem", "Startup Cost": 0.0, "Total Cost": 1.13, "Plan Rows": 1, "Plan Width": 48, "Actual Startup Time": 3039.434, "Actual Total Time": 10513.781, "Actual Rows": 3256948, "Actual Loops": 434204, "Index Cond": "((l_partkey = partsupp.ps_partkey) AND (l_suppkey = partsupp.ps_suppkey))", "Rows Removed by Index Recheck": 0}]}, {"Node Type": "Index Scan", "Parent Relationship": "Inner", "Scan Direction": "Forward", "Index Name": "orders_pkey", "Relation Name": "orders", "Alias": "orders", "Startup Cost": 0.0, "Total Cost": 0.29, "Plan Rows": 1, "Plan Width": 16, "Actual Startup Time": 24113.79, "Actual Total Time": 24113.79, "Actual Rows": 3256948, "Actual Loops": 3256948, "Index Cond": "(o_orderkey = lineitem.l_orderkey)", "Rows Removed by Index Recheck": 0}]}, {"Node Type": "Index Scan", "Parent Relationship": "Inner", "Scan Direction": "Forward", "Index Name": "nation_pkey", "Relation Name": "nation", "Alias": "nation", "Startup Cost": 0.0, "Total Cost": 0.27, "Plan Rows": 1, "Plan Width": 30, "Actual Startup Time": 4504.283, "Actual Total Time": 4504.283, "Actual Rows": 3256948, "Actual Loops": 3256948, "Index Cond": "(n_nationkey = supplier.s_nationkey)", "Rows Removed by Index Recheck": 0}]}]}]}, "Triggers": [], "Planner Runtime": 30.255, "Total Runtime": 62619.904, "Unique SQL Id": 3628361425}}, "(1, 109)": {"explain_plan": {"Plan": {"Node Type": "Aggregate", "Strategy": "Sorted", "Startup Cost": 701189.48, "Total Cost": 701189.52, "Plan Rows": 1, "Plan Width": 74, "Group By Key": ["nation.n_name", "(date_part('year'::text, orders.o_orderdate))"], "Plans": [{"Node Type": "Sort", "Parent Relationship": "Outer", "Startup Cost": 701189.48, "Total Cost": 701189.49, "Plan Rows": 1, "Plan Width": 66, "Sort Key": ["nation.n_name", "(date_part('year'::text, orders.o_orderdate)) DESC"], "Plans": [{"Node Type": "Nested Loop", "Parent Relationship": "Outer", "Join Type": "Inner", "Startup Cost": 6584.54, "Total Cost": 701189.47, "Plan Rows": 1, "Plan Width": 66, "Inner Unique": true, "Plans": [{"Node Type": "Nested Loop", "Parent Relationship": "Outer", "Join Type": "Inner", "Startup Cost": 6584.54, "Total Cost": 701189.19, "Plan Rows": 1, "Plan Width": 44, "Inner Unique": true, "Plans": [{"Node Type": "Nested Loop", "Parent Relationship": "Outer", "Join Type": "Inner", "Startup Cost": 6584.54, "Total Cost": 701188.89, "Plan Rows": 1, "Plan Width": 44, "Inner Unique": false, "Join Filter": "(supplier.s_suppkey = lineitem.l_suppkey)", "Plans": [{"Node Type": "Hash Join", "Parent Relationship": "Outer", "Join Type": "Inner", "Startup Cost": 6584.54, "Total Cost": 557439.88, "Plan Rows": 125630, "Plan Width": 44, "Inner Unique": true, "Hash Cond": "(partsupp.ps_suppkey = supplier.s_suppkey), (LLVM Optimized)", "Plans": [{"Node Type": "Nested Loop", "Parent Relationship": "Outer", "Join Type": "Inner", "Startup Cost": 0.0, "Total Cost": 548625.29, "Plan Rows": 259666, "Plan Width": 32, "Inner Unique": false, "Plans": [{"Node Type": "Index Scan", "Parent Relationship": "Outer", "Scan Direction": "Forward", "Index Name": "part_kpey", "Relation Name": "part", "Alias": "part", "Startup Cost": 0.0, "Total Cost": 105803.25, "Plan Rows": 89888, "Plan Width": 8, "Filter": "((p_name)::text ~~ '%dim%'::text)"}, {"Node Type": "Index Scan", "Parent Relationship": "Inner", "Scan Direction": "Forward", "Index Name": "idx_partsupp_partkey", "Relation Name": "partsupp", "Alias": "partsupp", "Startup Cost": 0.0, "Total Cost": 4.9, "Plan Rows": 3, "Plan Width": 24, "Index Cond": "(ps_partkey = part.p_partkey)"}]}, {"Node Type": "Hash", "Parent Relationship": "Inner", "Startup Cost": 5334.54, "Total Cost": 5334.54, "Plan Rows": 100000, "Plan Width": 12, "Plans": [{"Node Type": "Index Scan", "Parent Relationship": "Outer", "Scan Direction": "Forward", "Index Name": "supplier_pkey", "Relation Name": "supplier", "Alias": "supplier", "Startup Cost": 0.0, "Total Cost": 5334.54, "Plan Rows": 100000, "Plan Width": 12}]}]}, {"Node Type": "Index Scan", "Parent Relationship": "Inner", "Scan Direction": "Forward", "Index Name": "idx_lineitem_part_supp", "Relation Name": "lineitem", "Alias": "lineitem", "Startup Cost": 0.0, "Total Cost": 1.13, "Plan Rows": 1, "Plan Width": 48, "Index Cond": "((l_partkey = partsupp.ps_partkey) AND (l_suppkey = partsupp.ps_suppkey))"}]}, {"Node Type": "Index Scan", "Parent Relationship": "Inner", "Scan Direction": "Forward", "Index Name": "orders_pkey", "Relation Name": "orders", "Alias": "orders", "Startup Cost": 0.0, "Total Cost": 0.29, "Plan Rows": 1, "Plan Width": 16, "Index Cond": "(o_orderkey = lineitem.l_orderkey)"}]}, {"Node Type": "Index Scan", "Parent Relationship": "Inner", "Scan Direction": "Forward", "Index Name": "nation_pkey", "Relation Name": "nation", "Alias": "nation", "Startup Cost": 0.0, "Total Cost": 0.27, "Plan Rows": 1, "Plan Width": 30, "Index Cond": "(n_nationkey = supplier.s_nationkey)"}]}]}]}, "Unique SQL Id": 3628361425}, "explain_analyze_plan": {"Plan": {"Node Type": "Aggregate", "Strategy": "Sorted", "Startup Cost": 701189.48, "Total Cost": 701189.52, "Plan Rows": 1, "Plan Width": 74, "Actual Startup Time": 57927.603, "Actual Total Time": 60887.2, "Actual Rows": 175, "Actual Loops": 1, "Group By Key": ["nation.n_name", "(date_part('year'::text, orders.o_orderdate))"], "Plans": [{"Node Type": "Sort", "Parent Relationship": "Outer", "Startup Cost": 701189.48, "Total Cost": 701189.49, "Plan Rows": 1, "Plan Width": 66, "Actual Startup Time": 57917.052, "Actual Total Time": 58585.336, "Actual Rows": 3256948, "Actual Loops": 1, "Sort Key": ["nation.n_name", "(date_part('year'::text, orders.o_orderdate)) DESC"], "Sort Method": "quicksort", "Sort Space Used": 607203, "Sort Space Type": "Memory", "Plans": [{"Node Type": "Nested Loop", "Parent Relationship": "Outer", "Join Type": "Inner", "Startup Cost": 6584.54, "Total Cost": 701189.47, "Plan Rows": 1, "Plan Width": 66, "Actual Startup Time": 88.208, "Actual Total Time": 52379.794, "Actual Rows": 3256948, "Actual Loops": 1, "Inner Unique": true, "Plans": [{"Node Type": "Nested Loop", "Parent Relationship": "Outer", "Join Type": "Inner", "Startup Cost": 6584.54, "Total Cost": 701189.19, "Plan Rows": 1, "Plan Width": 44, "Actual Startup Time": 88.176, "Actual Total Time": 43642.973, "Actual Rows": 3256948, "Actual Loops": 1, "Inner Unique": true, "Plans": [{"Node Type": "Nested Loop", "Parent Relationship": "Outer", "Join Type": "Inner", "Startup Cost": 6584.54, "Total Cost": 701188.89, "Plan Rows": 1, "Plan Width": 44, "Actual Startup Time": 88.16, "Actual Total Time": 15982.385, "Actual Rows": 3256948, "Actual Loops": 1, "Inner Unique": false, "Join Filter": "(supplier.s_suppkey = lineitem.l_suppkey)", "Rows Removed by Join Filter": 0, "Plans": [{"Node Type": "Hash Join", "Parent Relationship": "Outer", "Join Type": "Inner", "Startup Cost": 6584.54, "Total Cost": 557439.88, "Plan Rows": 125630, "Plan Width": 44, "Actual Startup Time": 88.115, "Actual Total Time": 3477.657, "Actual Rows": 434204, "Actual Loops": 1, "Inner Unique": true, "Hash Cond": "(partsupp.ps_suppkey = supplier.s_suppkey), (LLVM Optimized, Jit Execute)", "Plans": [{"Node Type": "Nested Loop", "Parent Relationship": "Outer", "Join Type": "Inner", "Startup Cost": 0.0, "Total Cost": 548625.29, "Plan Rows": 259666, "Plan Width": 32, "Actual Startup Time": 0.091, "Actual Total Time": 2926.915, "Actual Rows": 434204, "Actual Loops": 1, "Inner Unique": false, "Plans": [{"Node Type": "Index Scan", "Parent Relationship": "Outer", "Scan Direction": "Forward", "Index Name": "part_kpey", "Relation Name": "part", "Alias": "part", "Startup Cost": 0.0, "Total Cost": 105803.25, "Plan Rows": 89888, "Plan Width": 8, "Actual Startup Time": 0.065, "Actual Total Time": 1746.869, "Actual Rows": 108551, "Actual Loops": 1, "Filter": "((p_name)::text ~~ '%dim%'::text)", "Rows Removed by Filter": 1891449}, {"Node Type": "Index Scan", "Parent Relationship": "Inner", "Scan Direction": "Forward", "Index Name": "idx_partsupp_partkey", "Relation Name": "partsupp", "Alias": "partsupp", "Startup Cost": 0.0, "Total Cost": 4.9, "Plan Rows": 3, "Plan Width": 24, "Actual Startup Time": 667.283, "Actual Total Time": 976.149, "Actual Rows": 434204, "Actual Loops": 108551, "Index Cond": "(ps_partkey = part.p_partkey)", "Rows Removed by Index Recheck": 0}]}, {"Node Type": "Hash", "Parent Relationship": "Inner", "Startup Cost": 5334.54, "Total Cost": 5334.54, "Plan Rows": 100000, "Plan Width": 12, "Actual Startup Time": 87.877, "Actual Total Time": 87.877, "Actual Rows": 100000, "Actual Loops": 1, "Hash Buckets": 131072, "Hash Batches": 1, "Original Hash Batches": 1, "Peak Memory Usage": 4297, "Plans": [{"Node Type": "Index Scan", "Parent Relationship": "Outer", "Scan Direction": "Forward", "Index Name": "supplier_pkey", "Relation Name": "supplier", "Alias": "supplier", "Startup Cost": 0.0, "Total Cost": 5334.54, "Plan Rows": 100000, "Plan Width": 12, "Actual Startup Time": 0.025, "Actual Total Time": 60.048, "Actual Rows": 100000, "Actual Loops": 1}]}]}, {"Node Type": "Index Scan", "Parent Relationship": "Inner", "Scan Direction": "Forward", "Index Name": "idx_lineitem_part_supp", "Relation Name": "lineitem", "Alias": "lineitem", "Startup Cost": 0.0, "Total Cost": 1.13, "Plan Rows": 1, "Plan Width": 48, "Actual Startup Time": 3121.867, "Actual Total Time": 10833.853, "Actual Rows": 3256948, "Actual Loops": 434204, "Index Cond": "((l_partkey = partsupp.ps_partkey) AND (l_suppkey = partsupp.ps_suppkey))", "Rows Removed by Index Recheck": 0}]}, {"Node Type": "Index Scan", "Parent Relationship": "Inner", "Scan Direction": "Forward", "Index Name": "orders_pkey", "Relation Name": "orders", "Alias": "orders", "Startup Cost": 0.0, "Total Cost": 0.29, "Plan Rows": 1, "Plan Width": 16, "Actual Startup Time": 24891.296, "Actual Total Time": 24891.296, "Actual Rows": 3256948, "Actual Loops": 3256948, "Index Cond": "(o_orderkey = lineitem.l_orderkey)", "Rows Removed by Index Recheck": 0}]}, {"Node Type": "Index Scan", "Parent Relationship": "Inner", "Scan Direction": "Forward", "Index Name": "nation_pkey", "Relation Name": "nation", "Alias": "nation", "Startup Cost": 0.0, "Total Cost": 0.27, "Plan Rows": 1, "Plan Width": 30, "Actual Startup Time": 4701.479, "Actual Total Time": 4701.479, "Actual Rows": 3256948, "Actual Loops": 3256948, "Index Cond": "(n_nationkey = supplier.s_nationkey)", "Rows Removed by Index Recheck": 0}]}]}]}, "Triggers": [], "Planner Runtime": 29.635, "Total Runtime": 60901.785, "Unique SQL Id": 3628361425}}, "(1, 110)": {"explain_plan": {"Plan": {"Node Type": "Aggregate", "Strategy": "Sorted", "Startup Cost": 3188400.27, "Total Cost": 3188400.31, "Plan Rows": 1, "Plan Width": 74, "Group By Key": ["nation.n_name", "(date_part('year'::text, orders.o_orderdate))"], "Plans": [{"Node Type": "Sort", "Parent Relationship": "Outer", "Startup Cost": 3188400.27, "Total Cost": 3188400.28, "Plan Rows": 1, "Plan Width": 66, "Sort Key": ["nation.n_name", "(date_part('year'::text, orders.o_orderdate)) DESC"], "Plans": [{"Node Type": "Hash Join", "Parent Relationship": "Outer", "Join Type": "Inner", "Startup Cost": 2705738.4, "Total Cost": 3188400.26, "Plan Rows": 1, "Plan Width": 66, "Inner Unique": true, "Hash Cond": "(supplier.s_nationkey = nation.n_nationkey)", "Plans": [{"Node Type": "Hash Join", "Parent Relationship": "Outer", "Join Type": "Inner", "Startup Cost": 2705736.84, "Total Cost": 3188398.68, "Plan Rows": 1, "Plan Width": 44, "Inner Unique": false, "Hash Cond": "(orders.o_orderkey = lineitem.l_orderkey)", "Plans": [{"Node Type": "Seq Scan", "Parent Relationship": "Outer", "Relation Name": "orders", "Alias": "orders", "Startup Cost": 0.0, "Total Cost": 426413.79, "Plan Rows": 14999479, "Plan Width": 16}, {"Node Type": "Hash", "Parent Relationship": "Inner", "Startup Cost": 2705736.82, "Total Cost": 2705736.82, "Plan Rows": 1, "Plan Width": 44, "Plans": [{"Node Type": "Hash Join", "Parent Relationship": "Outer", "Join Type": "Inner", "Startup Cost": 406202.19, "Total Cost": 2705736.82, "Plan Rows": 1, "Plan Width": 44, "Inner Unique": false, "Hash Cond": "((lineitem.l_suppkey = partsupp.ps_suppkey) AND (lineitem.l_partkey = partsupp.ps_partkey))", "Plans": [{"Node Type": "Hash Join", "Parent Relationship": "Outer", "Join Type": "Inner", "Startup Cost": 68067.6, "Total Cost": 2313089.96, "Plan Rows": 495566, "Plan Width": 56, "Inner Unique": true, "Hash Cond": "(lineitem.l_partkey = part.p_partkey), (LLVM Optimized)", "Plans": [{"Node Type": "Seq Scan", "Parent Relationship": "Outer", "Relation Name": "lineitem", "Alias": "lineitem", "Startup Cost": 0.0, "Total Cost": 2015115.33, "Plan Rows": 59987033, "Plan Width": 48}, {"Node Type": "Hash", "Parent Relationship": "Inner", "Startup Cost": 66944.0, "Total Cost": 66944.0, "Plan Rows": 89888, "Plan Width": 8, "Plans": [{"Node Type": "Seq Scan", "Parent Relationship": "Outer", "Relation Name": "part", "Alias": "part", "Startup Cost": 0.0, "Total Cost": 66944.0, "Plan Rows": 89888, "Plan Width": 8, "Filter": "((p_name)::text ~~ '%dim%'::text)"}]}]}, {"Node Type": "Hash", "Parent Relationship": "Inner", "Startup Cost": 317967.1, "Total Cost": 317967.1, "Plan Rows": 1344499, "Plan Width": 36, "Plans": [{"Node Type": "Hash Join", "Parent Relationship": "Outer", "Join Type": "Inner", "Startup Cost": 4533.0, "Total Cost": 317967.1, "Plan Rows": 1344499, "Plan Width": 36, "Inner Unique": true, "Hash Cond": "(partsupp.ps_suppkey = supplier.s_suppkey), (LLVM Optimized)", "Plans": [{"Node Type": "Seq Scan", "Parent Relationship": "Outer", "Relation Name": "partsupp", "Alias": "partsupp", "Startup Cost": 0.0, "Total Cost": 269987.72, "Plan Rows": 8000372, "Plan Width": 24}, {"Node Type": "Hash", "Parent Relationship": "Inner", "Startup Cost": 3283.0, "Total Cost": 3283.0, "Plan Rows": 100000, "Plan Width": 12, "Plans": [{"Node Type": "Seq Scan", "Parent Relationship": "Outer", "Relation Name": "supplier", "Alias": "supplier", "Startup Cost": 0.0, "Total Cost": 3283.0, "Plan Rows": 100000, "Plan Width": 12}]}]}]}]}]}]}, {"Node Type": "Hash", "Parent Relationship": "Inner", "Startup Cost": 1.25, "Total Cost": 1.25, "Plan Rows": 25, "Plan Width": 30, "Plans": [{"Node Type": "Seq Scan", "Parent Relationship": "Outer", "Relation Name": "nation", "Alias": "nation", "Startup Cost": 0.0, "Total Cost": 1.25, "Plan Rows": 25, "Plan Width": 30}]}]}]}]}, "Unique SQL Id": 3628361425}, "explain_analyze_plan": null}, "(1, 111)": {"explain_plan": {"Plan": {"Node Type": "Aggregate", "Strategy": "Sorted", "Startup Cost": 6000407120580.14, "Total Cost": 6000407120580.17, "Plan Rows": 1, "Plan Width": 74, "Group By Key": ["nation.n_name", "(date_part('year'::text, orders.o_orderdate))"], "Plans": [{"Node Type": "Sort", "Parent Relationship": "Outer", "Startup Cost": 6000407120580.14, "Total Cost": 6000407120580.14, "Plan Rows": 1, "Plan Width": 66, "Sort Key": ["nation.n_name", "(date_part('year'::text, orders.o_orderdate)) DESC"], "Plans": [{"Node Type": "Nested Loop", "Parent Relationship": "Outer", "Join Type": "Inner", "Startup Cost": 3030082820730.06, "Total Cost": 6000407120580.13, "Plan Rows": 1, "Plan Width": 66, "Inner Unique": true, "Plans": [{"Node Type": "Nested Loop", "Parent Relationship": "Outer", "Join Type": "Inner", "Startup Cost": 3020082820730.06, "Total Cost": 5000407120553.1, "Plan Rows": 1, "Plan Width": 44, "Inner Unique": true, "Plans": [{"Node Type": "Hash Join", "Parent Relationship": "Outer", "Join Type": "Inner", "Startup Cost": 3010082820730.06, "Total Cost": 4000407120523.87, "Plan Rows": 1, "Plan Width": 44, "Inner Unique": false, "Hash Cond": "((lineitem.l_suppkey = partsupp.ps_suppkey) AND (lineitem.l_partkey = partsupp.ps_partkey))", "Plans": [{"Node Type": "Hash Join", "Parent Relationship": "Outer", "Join Type": "Inner", "Startup Cost": 1010010581448.6, "Total Cost": 2000334826730.13, "Plan Rows": 495566, "Plan Width": 56, "Inner Unique": true, "Hash Cond": "(lineitem.l_partkey = part.p_partkey), (LLVM Optimized)", "Plans": [{"Node Type": "Index Scan", "Parent Relationship": "Outer", "Scan Direction": "Forward", "Index Name": "idx_lineitem_orderkey", "Relation Name": "lineitem", "Alias": "lineitem", "Startup Cost": 10000000000.0, "Total Cost": 1000324015374.5, "Plan Rows": 59987033, "Plan Width": 48}, {"Node Type": "Hash", "Parent Relationship": "Inner", "Startup Cost": 1000010580325.0, "Total Cost": 1000010580325.0, "Plan Rows": 89888, "Plan Width": 8, "Plans": [{"Node Type": "Index Scan", "Parent Relationship": "Outer", "Scan Direction": "Forward", "Index Name": "part_kpey", "Relation Name": "part", "Alias": "part", "Startup Cost": 10000000000.0, "Total Cost": 1000010580325.0, "Plan Rows": 89888, "Plan Width": 8, "Filter": "((p_name)::text ~~ '%dim%'::text)"}]}]}, {"Node Type": "Hash", "Parent Relationship": "Inner", "Startup Cost": 2000072219113.98, "Total Cost": 2000072219113.98, "Plan Rows": 1344499, "Plan Width": 36, "Plans": [{"Node Type": "Hash Join", "Parent Relationship": "Outer", "Join Type": "Inner", "Startup Cost": 1010000534704.38, "Total Cost": 2000072219113.98, "Plan Rows": 1344499, "Plan Width": 36, "Inner Unique": true, "Hash Cond": "(partsupp.ps_suppkey = supplier.s_suppkey), (LLVM Optimized)", "Plans": [{"Node Type": "Index Scan", "Parent Relationship": "Outer", "Scan Direction": "Forward", "Index Name": "partsupp_pkey", "Relation Name": "partsupp", "Alias": "partsupp", "Startup Cost": 10000000000.0, "Total Cost": 1000071640963.22, "Plan Rows": 8000372, "Plan Width": 24}, {"Node Type": "Hash", "Parent Relationship": "Inner", "Startup Cost": 1000000533454.38, "Total Cost": 1000000533454.38, "Plan Rows": 100000, "Plan Width": 12, "Plans": [{"Node Type": "Index Scan", "Parent Relationship": "Outer", "Scan Direction": "Forward", "Index Name": "supplier_pkey", "Relation Name": "supplier", "Alias": "supplier", "Startup Cost": 10000000000.0, "Total Cost": 1000000533454.38, "Plan Rows": 100000, "Plan Width": 12}]}]}]}]}, {"Node Type": "Index Scan", "Parent Relationship": "Inner", "Scan Direction": "Forward", "Index Name": "orders_pkey", "Relation Name": "orders", "Alias": "orders", "Startup Cost": 10000000000.0, "Total Cost": 1000000000029.23, "Plan Rows": 1, "Plan Width": 16, "Index Cond": "(o_orderkey = lineitem.l_orderkey)"}]}, {"Node Type": "Index Scan", "Parent Relationship": "Inner", "Scan Direction": "Forward", "Index Name": "nation_pkey", "Relation Name": "nation", "Alias": "nation", "Startup Cost": 10000000000.0, "Total Cost": 1000000000027.01, "Plan Rows": 1, "Plan Width": 30, "Index Cond": "(n_nationkey = supplier.s_nationkey)"}]}]}]}, "Unique SQL Id": 3628361425}, "explain_analyze_plan": {"Plan": {"Node Type": "Aggregate", "Strategy": "Sorted", "Startup Cost": 6000407120580.14, "Total Cost": 6000407120580.17, "Plan Rows": 1, "Plan Width": 74, "Actual Startup Time": 106016.231, "Actual Total Time": 109342.761, "Actual Rows": 175, "Actual Loops": 1, "Group By Key": ["nation.n_name", "(date_part('year'::text, orders.o_orderdate))"], "Plans": [{"Node Type": "Sort", "Parent Relationship": "Outer", "Startup Cost": 6000407120580.14, "Total Cost": 6000407120580.14, "Plan Rows": 1, "Plan Width": 66, "Actual Startup Time": 106004.392, "Actual Total Time": 106980.912, "Actual Rows": 3256948, "Actual Loops": 1, "Sort Key": ["nation.n_name", "(date_part('year'::text, orders.o_orderdate)) DESC"], "Sort Method": "quicksort", "Sort Space Used": 607203, "Sort Space Type": "Memory", "Plans": [{"Node Type": "Nested Loop", "Parent Relationship": "Outer", "Join Type": "Inner", "Startup Cost": 3030082820730.06, "Total Cost": 6000407120580.13, "Plan Rows": 1, "Plan Width": 66, "Actual Startup Time": 14967.201, "Actual Total Time": 99123.803, "Actual Rows": 3256948, "Actual Loops": 1, "Inner Unique": true, "Plans": [{"Node Type": "Nested Loop", "Parent Relationship": "Outer", "Join Type": "Inner", "Startup Cost": 3020082820730.06, "Total Cost": 5000407120553.1, "Plan Rows": 1, "Plan Width": 44, "Actual Startup Time": 14967.163, "Actual Total Time": 90741.048, "Actual Rows": 3256948, "Actual Loops": 1, "Inner Unique": true, "Plans": [{"Node Type": "Hash Join", "Parent Relationship": "Outer", "Join Type": "Inner", "Startup Cost": 3010082820730.06, "Total Cost": 4000407120523.87, "Plan Rows": 1, "Plan Width": 44, "Actual Startup Time": 14967.091, "Actual Total Time": 77373.487, "Actual Rows": 3256948, "Actual Loops": 1, "Inner Unique": false, "Hash Cond": "((lineitem.l_suppkey = partsupp.ps_suppkey) AND (lineitem.l_partkey = partsupp.ps_partkey))", "Plans": [{"Node Type": "Hash Join", "Parent Relationship": "Outer", "Join Type": "Inner", "Startup Cost": 1010010581448.6, "Total Cost": 2000334826730.13, "Plan Rows": 495566, "Plan Width": 56, "Actual Startup Time": 1503.611, "Actual Total Time": 57767.28, "Actual Rows": 3256948, "Actual Loops": 1, "Inner Unique": true, "Hash Cond": "(lineitem.l_partkey = part.p_partkey), (LLVM Optimized, Jit Execute)", "Plans": [{"Node Type": "Index Scan", "Parent Relationship": "Outer", "Scan Direction": "Forward", "Index Name": "idx_lineitem_orderkey", "Relation Name": "lineitem", "Alias": "lineitem", "Startup Cost": 10000000000.0, "Total Cost": 1000324015374.5, "Plan Rows": 59987033, "Plan Width": 48, "Actual Startup Time": 0.047, "Actual Total Time": 37941.218, "Actual Rows": 59986052, "Actual Loops": 1}, {"Node Type": "Hash", "Parent Relationship": "Inner", "Startup Cost": 1000010580325.0, "Total Cost": 1000010580325.0, "Plan Rows": 89888, "Plan Width": 8, "Actual Startup Time": 1503.346, "Actual Total Time": 1503.346, "Actual Rows": 108551, "Actual Loops": 1, "Hash Buckets": 131072, "Hash Batches": 1, "Original Hash Batches": 1, "Peak Memory Usage": 4241, "Plans": [{"Node Type": "Index Scan", "Parent Relationship": "Outer", "Scan Direction": "Forward", "Index Name": "part_kpey", "Relation Name": "part", "Alias": "part", "Startup Cost": 10000000000.0, "Total Cost": 1000010580325.0, "Plan Rows": 89888, "Plan Width": 8, "Actual Startup Time": 0.084, "Actual Total Time": 1467.674, "Actual Rows": 108551, "Actual Loops": 1, "Filter": "((p_name)::text ~~ '%dim%'::text)", "Rows Removed by Filter": 1891449}]}]}, {"Node Type": "Hash", "Parent Relationship": "Inner", "Startup Cost": 2000072219113.98, "Total Cost": 2000072219113.98, "Plan Rows": 1344499, "Plan Width": 36, "Actual Startup Time": 13461.597, "Actual Total Time": 13461.597, "Actual Rows": 8000000, "Actual Loops": 1, "Hash Buckets": 2097152, "Hash Batches": 1, "Original Hash Batches": 1, "Peak Memory Usage": 562500, "Plans": [{"Node Type": "Hash Join", "Parent Relationship": "Outer", "Join Type": "Inner", "Startup Cost": 1010000534704.38, "Total Cost": 2000072219113.98, "Plan Rows": 1344499, "Plan Width": 36, "Actual Startup Time": 108.332, "Actual Total Time": 9254.021, "Actual Rows": 8000000, "Actual Loops": 1, "Inner Unique": true, "Hash Cond": "(partsupp.ps_suppkey = supplier.s_suppkey), (LLVM Optimized, Jit Execute)", "Plans": [{"Node Type": "Index Scan", "Parent Relationship": "Outer", "Scan Direction": "Forward", "Index Name": "partsupp_pkey", "Relation Name": "partsupp", "Alias": "partsupp", "Startup Cost": 10000000000.0, "Total Cost": 1000071640963.22, "Plan Rows": 8000372, "Plan Width": 24, "Actual Startup Time": 0.047, "Actual Total Time": 4805.257, "Actual Rows": 8000000, "Actual Loops": 1}, {"Node Type": "Hash", "Parent Relationship": "Inner", "Startup Cost": 1000000533454.38, "Total Cost": 1000000533454.38, "Plan Rows": 100000, "Plan Width": 12, "Actual Startup Time": 108.175, "Actual Total Time": 108.175, "Actual Rows": 100000, "Actual Loops": 1, "Hash Buckets": 131072, "Hash Batches": 1, "Original Hash Batches": 1, "Peak Memory Usage": 4297, "Plans": [{"Node Type": "Index Scan", "Parent Relationship": "Outer", "Scan Direction": "Forward", "Index Name": "supplier_pkey", "Relation Name": "supplier", "Alias": "supplier", "Startup Cost": 10000000000.0, "Total Cost": 1000000533454.38, "Plan Rows": 100000, "Plan Width": 12, "Actual Startup Time": 0.035, "Actual Total Time": 79.528, "Actual Rows": 100000, "Actual Loops": 1}]}]}]}]}, {"Node Type": "Index Scan", "Parent Relationship": "Inner", "Scan Direction": "Forward", "Index Name": "orders_pkey", "Relation Name": "orders", "Alias": "orders", "Startup Cost": 10000000000.0, "Total Cost": 1000000000029.23, "Plan Rows": 1, "Plan Width": 16, "Actual Startup Time": 10599.304, "Actual Total Time": 10599.304, "Actual Rows": 3256948, "Actual Loops": 3256948, "Index Cond": "(o_orderkey = lineitem.l_orderkey)", "Rows Removed by Index Recheck": 0}]}, {"Node Type": "Index Scan", "Parent Relationship": "Inner", "Scan Direction": "Forward", "Index Name": "nation_pkey", "Relation Name": "nation", "Alias": "nation", "Startup Cost": 10000000000.0, "Total Cost": 1000000000027.01, "Plan Rows": 1, "Plan Width": 30, "Actual Startup Time": 4434.887, "Actual Total Time": 4434.887, "Actual Rows": 3256948, "Actual Loops": 3256948, "Index Cond": "(n_nationkey = supplier.s_nationkey)", "Rows Removed by Index Recheck": 0}]}]}]}, "Triggers": [], "Planner Runtime": 34.887, "Total Runtime": 109359.801, "Unique SQL Id": 3628361425}}, "(1, 112)": {"explain_plan": {"Plan": {"Node Type": "Aggregate", "Strategy": "Sorted", "Startup Cost": 726568.76, "Total Cost": 726568.8, "Plan Rows": 1, "Plan Width": 74, "Group By Key": ["nation.n_name", "(date_part('year'::text, orders.o_orderdate))"], "Plans": [{"Node Type": "Sort", "Parent Relationship": "Outer", "Startup Cost": 726568.76, "Total Cost": 726568.77, "Plan Rows": 1, "Plan Width": 66, "Sort Key": ["nation.n_name", "(date_part('year'::text, orders.o_orderdate)) DESC"], "Plans": [{"Node Type": "Nested Loop", "Parent Relationship": "Outer", "Join Type": "Inner", "Startup Cost": 0.0, "Total Cost": 726568.75, "Plan Rows": 1, "Plan Width": 66, "Inner Unique": true, "Plans": [{"Node Type": "Nested Loop", "Parent Relationship": "Outer", "Join Type": "Inner", "Startup Cost": 0.0, "Total Cost": 726568.47, "Plan Rows": 1, "Plan Width": 44, "Inner Unique": true, "Plans": [{"Node Type": "Nested Loop", "Parent Relationship": "Outer", "Join Type": "Inner", "Startup Cost": 0.0, "Total Cost": 726568.17, "Plan Rows": 1, "Plan Width": 44, "Inner Unique": false, "Join Filter": "(supplier.s_suppkey = lineitem.l_suppkey)", "Plans": [{"Node Type": "Nested Loop", "Parent Relationship": "Outer", "Join Type": "Inner", "Startup Cost": 0.0, "Total Cost": 582819.16, "Plan Rows": 125630, "Plan Width": 44, "Inner Unique": true, "Plans": [{"Node Type": "Nested Loop", "Parent Relationship": "Outer", "Join Type": "Inner", "Startup Cost": 0.0, "Total Cost": 509766.04, "Plan Rows": 259666, "Plan Width": 32, "Inner Unique": false, "Plans": [{"Node Type": "Seq Scan", "Parent Relationship": "Outer", "Relation Name": "part", "Alias": "part", "Startup Cost": 0.0, "Total Cost": 66944.0, "Plan Rows": 89888, "Plan Width": 8, "Filter": "((p_name)::text ~~ '%dim%'::text)"}, {"Node Type": "Index Scan", "Parent Relationship": "Inner", "Scan Direction": "Forward", "Index Name": "idx_partsupp_partkey", "Relation Name": "partsupp", "Alias": "partsupp", "Startup Cost": 0.0, "Total Cost": 4.9, "Plan Rows": 3, "Plan Width": 24, "Index Cond": "(ps_partkey = part.p_partkey)"}]}, {"Node Type": "Index Scan", "Parent Relationship": "Inner", "Scan Direction": "Forward", "Index Name": "supplier_pkey", "Relation Name": "supplier", "Alias": "supplier", "Startup Cost": 0.0, "Total Cost": 0.27, "Plan Rows": 1, "Plan Width": 12, "Index Cond": "(s_suppkey = partsupp.ps_suppkey)"}]}, {"Node Type": "Index Scan", "Parent Relationship": "Inner", "Scan Direction": "Forward", "Index Name": "idx_lineitem_part_supp", "Relation Name": "lineitem", "Alias": "lineitem", "Startup Cost": 0.0, "Total Cost": 1.13, "Plan Rows": 1, "Plan Width": 48, "Index Cond": "((l_partkey = partsupp.ps_partkey) AND (l_suppkey = partsupp.ps_suppkey))"}]}, {"Node Type": "Index Scan", "Parent Relationship": "Inner", "Scan Direction": "Forward", "Index Name": "orders_pkey", "Relation Name": "orders", "Alias": "orders", "Startup Cost": 0.0, "Total Cost": 0.29, "Plan Rows": 1, "Plan Width": 16, "Index Cond": "(o_orderkey = lineitem.l_orderkey)"}]}, {"Node Type": "Index Scan", "Parent Relationship": "Inner", "Scan Direction": "Forward", "Index Name": "nation_pkey", "Relation Name": "nation", "Alias": "nation", "Startup Cost": 0.0, "Total Cost": 0.27, "Plan Rows": 1, "Plan Width": 30, "Index Cond": "(n_nationkey = supplier.s_nationkey)"}]}]}]}, "Unique SQL Id": 3628361425}, "explain_analyze_plan": {"Plan": {"Node Type": "Aggregate", "Strategy": "Sorted", "Startup Cost": 726568.76, "Total Cost": 726568.8, "Plan Rows": 1, "Plan Width": 74, "Actual Startup Time": 58900.205, "Actual Total Time": 61981.354, "Actual Rows": 175, "Actual Loops": 1, "Group By Key": ["nation.n_name", "(date_part('year'::text, orders.o_orderdate))"], "Plans": [{"Node Type": "Sort", "Parent Relationship": "Outer", "Startup Cost": 726568.76, "Total Cost": 726568.77, "Plan Rows": 1, "Plan Width": 66, "Actual Startup Time": 58889.109, "Actual Total Time": 59655.514, "Actual Rows": 3256948, "Actual Loops": 1, "Sort Key": ["nation.n_name", "(date_part('year'::text, orders.o_orderdate)) DESC"], "Sort Method": "quicksort", "Sort Space Used": 607203, "Sort Space Type": "Memory", "Plans": [{"Node Type": "Nested Loop", "Parent Relationship": "Outer", "Join Type": "Inner", "Startup Cost": 0.0, "Total Cost": 726568.75, "Plan Rows": 1, "Plan Width": 66, "Actual Startup Time": 0.171, "Actual Total Time": 53486.488, "Actual Rows": 3256948, "Actual Loops": 1, "Inner Unique": true, "Plans": [{"Node Type": "Nested Loop", "Parent Relationship": "Outer", "Join Type": "Inner", "Startup Cost": 0.0, "Total Cost": 726568.47, "Plan Rows": 1, "Plan Width": 44, "Actual Startup Time": 0.108, "Actual Total Time": 44712.133, "Actual Rows": 3256948, "Actual Loops": 1, "Inner Unique": true, "Plans": [{"Node Type": "Nested Loop", "Parent Relationship": "Outer", "Join Type": "Inner", "Startup Cost": 0.0, "Total Cost": 726568.17, "Plan Rows": 1, "Plan Width": 44, "Actual Startup Time": 0.095, "Actual Total Time": 16943.05, "Actual Rows": 3256948, "Actual Loops": 1, "Inner Unique": false, "Join Filter": "(supplier.s_suppkey = lineitem.l_suppkey)", "Rows Removed by Join Filter": 0, "Plans": [{"Node Type": "Nested Loop", "Parent Relationship": "Outer", "Join Type": "Inner", "Startup Cost": 0.0, "Total Cost": 582819.16, "Plan Rows": 125630, "Plan Width": 44, "Actual Startup Time": 0.079, "Actual Total Time": 4465.744, "Actual Rows": 434204, "Actual Loops": 1, "Inner Unique": true, "Plans": [{"Node Type": "Nested Loop", "Parent Relationship": "Outer", "Join Type": "Inner", "Startup Cost": 0.0, "Total Cost": 509766.04, "Plan Rows": 259666, "Plan Width": 32, "Actual Startup Time": 0.068, "Actual Total Time": 2320.726, "Actual Rows": 434204, "Actual Loops": 1, "Inner Unique": false, "Plans": [{"Node Type": "Seq Scan", "Parent Relationship": "Outer", "Relation Name": "part", "Alias": "part", "Startup Cost": 0.0, "Total Cost": 66944.0, "Plan Rows": 89888, "Plan Width": 8, "Actual Startup Time": 0.035, "Actual Total Time": 1129.616, "Actual Rows": 108551, "Actual Loops": 1, "Filter": "((p_name)::text ~~ '%dim%'::text)", "Rows Removed by Filter": 1891449}, {"Node Type": "Index Scan", "Parent Relationship": "Inner", "Scan Direction": "Forward", "Index Name": "idx_partsupp_partkey", "Relation Name": "partsupp", "Alias": "partsupp", "Startup Cost": 0.0, "Total Cost": 4.9, "Plan Rows": 3, "Plan Width": 24, "Actual Startup Time": 668.108, "Actual Total Time": 988.493, "Actual Rows": 434204, "Actual Loops": 108551, "Index Cond": "(ps_partkey = part.p_partkey)", "Rows Removed by Index Recheck": 0}]}, {"Node Type": "Index Scan", "Parent Relationship": "Inner", "Scan Direction": "Forward", "Index Name": "supplier_pkey", "Relation Name": "supplier", "Alias": "supplier", "Startup Cost": 0.0, "Total Cost": 0.27, "Plan Rows": 1, "Plan Width": 12, "Actual Startup Time": 1675.287, "Actual Total Time": 1675.287, "Actual Rows": 434204, "Actual Loops": 434204, "Index Cond": "(s_suppkey = partsupp.ps_suppkey)", "Rows Removed by Index Recheck": 0}]}, {"Node Type": "Index Scan", "Parent Relationship": "Inner", "Scan Direction": "Forward", "Index Name": "idx_lineitem_part_supp", "Relation Name": "lineitem", "Alias": "lineitem", "Startup Cost": 0.0, "Total Cost": 1.13, "Plan Rows": 1, "Plan Width": 48, "Actual Startup Time": 3066.268, "Actual Total Time": 10798.009, "Actual Rows": 3256948, "Actual Loops": 434204, "Index Cond": "((l_partkey = partsupp.ps_partkey) AND (l_suppkey = partsupp.ps_suppkey))", "Rows Removed by Index Recheck": 0}]}, {"Node Type": "Index Scan", "Parent Relationship": "Inner", "Scan Direction": "Forward", "Index Name": "orders_pkey", "Relation Name": "orders", "Alias": "orders", "Startup Cost": 0.0, "Total Cost": 0.29, "Plan Rows": 1, "Plan Width": 16, "Actual Startup Time": 25019.433, "Actual Total Time": 25019.433, "Actual Rows": 3256948, "Actual Loops": 3256948, "Index Cond": "(o_orderkey = lineitem.l_orderkey)", "Rows Removed by Index Recheck": 0}]}, {"Node Type": "Index Scan", "Parent Relationship": "Inner", "Scan Direction": "Forward", "Index Name": "nation_pkey", "Relation Name": "nation", "Alias": "nation", "Startup Cost": 0.0, "Total Cost": 0.27, "Plan Rows": 1, "Plan Width": 30, "Actual Startup Time": 4702.402, "Actual Total Time": 4702.402, "Actual Rows": 3256948, "Actual Loops": 3256948, "Index Cond": "(n_nationkey = supplier.s_nationkey)", "Rows Removed by Index Recheck": 0}]}]}]}, "Triggers": [], "Planner Runtime": 9.71, "Total Runtime": 61988.127, "Unique SQL Id": 3628361425}}, "(1, 113)": {"explain_plan": {"Plan": {"Node Type": "Aggregate", "Strategy": "Sorted", "Startup Cost": 765428.01, "Total Cost": 765428.05, "Plan Rows": 1, "Plan Width": 74, "Group By Key": ["nation.n_name", "(date_part('year'::text, orders.o_orderdate))"], "Plans": [{"Node Type": "Sort", "Parent Relationship": "Outer", "Startup Cost": 765428.01, "Total Cost": 765428.02, "Plan Rows": 1, "Plan Width": 66, "Sort Key": ["nation.n_name", "(date_part('year'::text, orders.o_orderdate)) DESC"], "Plans": [{"Node Type": "Nested Loop", "Parent Relationship": "Outer", "Join Type": "Inner", "Startup Cost": 0.0, "Total Cost": 765428.0, "Plan Rows": 1, "Plan Width": 66, "Inner Unique": true, "Plans": [{"Node Type": "Nested Loop", "Parent Relationship": "Outer", "Join Type": "Inner", "Startup Cost": 0.0, "Total Cost": 765427.72, "Plan Rows": 1, "Plan Width": 44, "Inner Unique": true, "Plans": [{"Node Type": "Nested Loop", "Parent Relationship": "Outer", "Join Type": "Inner", "Startup Cost": 0.0, "Total Cost": 765427.42, "Plan Rows": 1, "Plan Width": 44, "Inner Unique": false, "Join Filter": "(supplier.s_suppkey = lineitem.l_suppkey)", "Plans": [{"Node Type": "Nested Loop", "Parent Relationship": "Outer", "Join Type": "Inner", "Startup Cost": 0.0, "Total Cost": 621678.41, "Plan Rows": 125630, "Plan Width": 44, "Inner Unique": true, "Plans": [{"Node Type": "Nested Loop", "Parent Relationship": "Outer", "Join Type": "Inner", "Startup Cost": 0.0, "Total Cost": 548625.29, "Plan Rows": 259666, "Plan Width": 32, "Inner Unique": false, "Plans": [{"Node Type": "Index Scan", "Parent Relationship": "Outer", "Scan Direction": "Forward", "Index Name": "part_kpey", "Relation Name": "part", "Alias": "part", "Startup Cost": 0.0, "Total Cost": 105803.25, "Plan Rows": 89888, "Plan Width": 8, "Filter": "((p_name)::text ~~ '%dim%'::text)"}, {"Node Type": "Index Scan", "Parent Relationship": "Inner", "Scan Direction": "Forward", "Index Name": "idx_partsupp_partkey", "Relation Name": "partsupp", "Alias": "partsupp", "Startup Cost": 0.0, "Total Cost": 4.9, "Plan Rows": 3, "Plan Width": 24, "Index Cond": "(ps_partkey = part.p_partkey)"}]}, {"Node Type": "Index Scan", "Parent Relationship": "Inner", "Scan Direction": "Forward", "Index Name": "supplier_pkey", "Relation Name": "supplier", "Alias": "supplier", "Startup Cost": 0.0, "Total Cost": 0.27, "Plan Rows": 1, "Plan Width": 12, "Index Cond": "(s_suppkey = partsupp.ps_suppkey)"}]}, {"Node Type": "Index Scan", "Parent Relationship": "Inner", "Scan Direction": "Forward", "Index Name": "idx_lineitem_part_supp", "Relation Name": "lineitem", "Alias": "lineitem", "Startup Cost": 0.0, "Total Cost": 1.13, "Plan Rows": 1, "Plan Width": 48, "Index Cond": "((l_partkey = partsupp.ps_partkey) AND (l_suppkey = partsupp.ps_suppkey))"}]}, {"Node Type": "Index Scan", "Parent Relationship": "Inner", "Scan Direction": "Forward", "Index Name": "orders_pkey", "Relation Name": "orders", "Alias": "orders", "Startup Cost": 0.0, "Total Cost": 0.29, "Plan Rows": 1, "Plan Width": 16, "Index Cond": "(o_orderkey = lineitem.l_orderkey)"}]}, {"Node Type": "Index Scan", "Parent Relationship": "Inner", "Scan Direction": "Forward", "Index Name": "nation_pkey", "Relation Name": "nation", "Alias": "nation", "Startup Cost": 0.0, "Total Cost": 0.27, "Plan Rows": 1, "Plan Width": 30, "Index Cond": "(n_nationkey = supplier.s_nationkey)"}]}]}]}, "Unique SQL Id": 3628361425}, "explain_analyze_plan": {"Plan": {"Node Type": "Aggregate", "Strategy": "Sorted", "Startup Cost": 765428.01, "Total Cost": 765428.05, "Plan Rows": 1, "Plan Width": 74, "Actual Startup Time": 58936.739, "Actual Total Time": 62088.806, "Actual Rows": 175, "Actual Loops": 1, "Group By Key": ["nation.n_name", "(date_part('year'::text, orders.o_orderdate))"], "Plans": [{"Node Type": "Sort", "Parent Relationship": "Outer", "Startup Cost": 765428.01, "Total Cost": 765428.02, "Plan Rows": 1, "Plan Width": 66, "Actual Startup Time": 58925.831, "Actual Total Time": 59727.638, "Actual Rows": 3256948, "Actual Loops": 1, "Sort Key": ["nation.n_name", "(date_part('year'::text, orders.o_orderdate)) DESC"], "Sort Method": "quicksort", "Sort Space Used": 607203, "Sort Space Type": "Memory", "Plans": [{"Node Type": "Nested Loop", "Parent Relationship": "Outer", "Join Type": "Inner", "Startup Cost": 0.0, "Total Cost": 765428.0, "Plan Rows": 1, "Plan Width": 66, "Actual Startup Time": 0.134, "Actual Total Time": 53625.102, "Actual Rows": 3256948, "Actual Loops": 1, "Inner Unique": true, "Plans": [{"Node Type": "Nested Loop", "Parent Relationship": "Outer", "Join Type": "Inner", "Startup Cost": 0.0, "Total Cost": 765427.72, "Plan Rows": 1, "Plan Width": 44, "Actual Startup Time": 0.118, "Actual Total Time": 44810.69, "Actual Rows": 3256948, "Actual Loops": 1, "Inner Unique": true, "Plans": [{"Node Type": "Nested Loop", "Parent Relationship": "Outer", "Join Type": "Inner", "Startup Cost": 0.0, "Total Cost": 765427.42, "Plan Rows": 1, "Plan Width": 44, "Actual Startup Time": 0.105, "Actual Total Time": 17376.541, "Actual Rows": 3256948, "Actual Loops": 1, "Inner Unique": false, "Join Filter": "(supplier.s_suppkey = lineitem.l_suppkey)", "Rows Removed by Join Filter": 0, "Plans": [{"Node Type": "Nested Loop", "Parent Relationship": "Outer", "Join Type": "Inner", "Startup Cost": 0.0, "Total Cost": 621678.41, "Plan Rows": 125630, "Plan Width": 44, "Actual Startup Time": 0.088, "Actual Total Time": 5070.331, "Actual Rows": 434204, "Actual Loops": 1, "Inner Unique": true, "Plans": [{"Node Type": "Nested Loop", "Parent Relationship": "Outer", "Join Type": "Inner", "Startup Cost": 0.0, "Total Cost": 548625.29, "Plan Rows": 259666, "Plan Width": 32, "Actual Startup Time": 0.079, "Actual Total Time": 2942.443, "Actual Rows": 434204, "Actual Loops": 1, "Inner Unique": false, "Plans": [{"Node Type": "Index Scan", "Parent Relationship": "Outer", "Scan Direction": "Forward", "Index Name": "part_kpey", "Relation Name": "part", "Alias": "part", "Startup Cost": 0.0, "Total Cost": 105803.25, "Plan Rows": 89888, "Plan Width": 8, "Actual Startup Time": 0.059, "Actual Total Time": 1766.741, "Actual Rows": 108551, "Actual Loops": 1, "Filter": "((p_name)::text ~~ '%dim%'::text)", "Rows Removed by Filter": 1891449}, {"Node Type": "Index Scan", "Parent Relationship": "Inner", "Scan Direction": "Forward", "Index Name": "idx_partsupp_partkey", "Relation Name": "partsupp", "Alias": "partsupp", "Startup Cost": 0.0, "Total Cost": 4.9, "Plan Rows": 3, "Plan Width": 24, "Actual Startup Time": 660.359, "Actual Total Time": 974.867, "Actual Rows": 434204, "Actual Loops": 108551, "Index Cond": "(ps_partkey = part.p_partkey)", "Rows Removed by Index Recheck": 0}]}, {"Node Type": "Index Scan", "Parent Relationship": "Inner", "Scan Direction": "Forward", "Index Name": "supplier_pkey", "Relation Name": "supplier", "Alias": "supplier", "Startup Cost": 0.0, "Total Cost": 0.27, "Plan Rows": 1, "Plan Width": 12, "Actual Startup Time": 1668.013, "Actual Total Time": 1668.013, "Actual Rows": 434204, "Actual Loops": 434204, "Index Cond": "(s_suppkey = partsupp.ps_suppkey)", "Rows Removed by Index Recheck": 0}]}, {"Node Type": "Index Scan", "Parent Relationship": "Inner", "Scan Direction": "Forward", "Index Name": "idx_lineitem_part_supp", "Relation Name": "lineitem", "Alias": "lineitem", "Startup Cost": 0.0, "Total Cost": 1.13, "Plan Rows": 1, "Plan Width": 48, "Actual Startup Time": 3088.184, "Actual Total Time": 10652.743, "Actual Rows": 3256948, "Actual Loops": 434204, "Index Cond": "((l_partkey = partsupp.ps_partkey) AND (l_suppkey = partsupp.ps_suppkey))", "Rows Removed by Index Recheck": 0}]}, {"Node Type": "Index Scan", "Parent Relationship": "Inner", "Scan Direction": "Forward", "Index Name": "orders_pkey", "Relation Name": "orders", "Alias": "orders", "Startup Cost": 0.0, "Total Cost": 0.29, "Plan Rows": 1, "Plan Width": 16, "Actual Startup Time": 24664.993, "Actual Total Time": 24664.993, "Actual Rows": 3256948, "Actual Loops": 3256948, "Index Cond": "(o_orderkey = lineitem.l_orderkey)", "Rows Removed by Index Recheck": 0}]}, {"Node Type": "Index Scan", "Parent Relationship": "Inner", "Scan Direction": "Forward", "Index Name": "nation_pkey", "Relation Name": "nation", "Alias": "nation", "Startup Cost": 0.0, "Total Cost": 0.27, "Plan Rows": 1, "Plan Width": 30, "Actual Startup Time": 4745.98, "Actual Total Time": 4745.98, "Actual Rows": 3256948, "Actual Loops": 3256948, "Index Cond": "(n_nationkey = supplier.s_nationkey)", "Rows Removed by Index Recheck": 0}]}]}]}, "Triggers": [], "Planner Runtime": 9.536, "Total Runtime": 62095.776, "Unique SQL Id": 3628361425}}, "(1, 114)": {"explain_plan": {"Plan": {"Node Type": "Aggregate", "Strategy": "Sorted", "Startup Cost": 2094167.48, "Total Cost": 2094167.51, "Plan Rows": 1, "Plan Width": 74, "Group By Key": ["nation.n_name", "(date_part('year'::text, orders.o_orderdate))"], "Plans": [{"Node Type": "Sort", "Parent Relationship": "Outer", "Startup Cost": 2094167.48, "Total Cost": 2094167.48, "Plan Rows": 1, "Plan Width": 66, "Sort Key": ["nation.n_name", "(date_part('year'::text, orders.o_orderdate)) DESC"], "Plans": [{"Node Type": "Nested Loop", "Parent Relationship": "Outer", "Join Type": "Inner", "Startup Cost": 2.3, "Total Cost": 2094167.47, "Plan Rows": 1, "Plan Width": 66, "Inner Unique": true, "Join Filter": "(supplier.s_nationkey = nation.n_nationkey)", "Plans": [{"Node Type": "Nested Loop", "Parent Relationship": "Outer", "Join Type": "Inner", "Startup Cost": 2.3, "Total Cost": 2094165.9, "Plan Rows": 1, "Plan Width": 44, "Inner Unique": true, "Plans": [{"Node Type": "Nested Loop", "Parent Relationship": "Outer", "Join Type": "Inner", "Startup Cost": 2.03, "Total Cost": 2094161.62, "Plan Rows": 1, "Plan Width": 44, "Inner Unique": false, "Join Filter": "(lineitem.l_suppkey = supplier.s_suppkey)", "Plans": [{"Node Type": "Seq Scan", "Parent Relationship": "Outer", "Relation Name": "supplier", "Alias": "supplier", "Startup Cost": 0.0, "Total Cost": 3283.0, "Plan Rows": 100000, "Plan Width": 12}, {"Node Type": "Materialize", "Parent Relationship": "Inner", "Startup Cost": 2.03, "Total Cost": 2087878.62, "Plan Rows": 2, "Plan Width": 56, "Plans": [{"Node Type": "Nested Loop", "Parent Relationship": "Outer", "Join Type": "Inner", "Startup Cost": 2.03, "Total Cost": 2087878.61, "Plan Rows": 2, "Plan Width": 56, "Inner Unique": false, "Plans": [{"Node Type": "Nested Loop", "Parent Relationship": "Outer", "Join Type": "Inner", "Startup Cost": 1.62, "Total Cost": 936419.45, "Plan Rows": 259666, "Plan Width": 32, "Inner Unique": false, "Plans": [{"Node Type": "Seq Scan", "Parent Relationship": "Outer", "Relation Name": "part", "Alias": "part", "Startup Cost": 0.0, "Total Cost": 66944.0, "Plan Rows": 89888, "Plan Width": 8, "Filter": "((p_name)::text ~~ '%dim%'::text)"}, {"Node Type": "Bitmap Heap Scan", "Parent Relationship": "Inner", "Relation Name": "partsupp", "Alias": "partsupp", "Startup Cost": 1.62, "Total Cost": 9.64, "Plan Rows": 3, "Plan Width": 24, "Recheck Cond": "(ps_partkey = part.p_partkey)", "Plans": [{"Node Type": "Bitmap Index Scan", "Parent Relationship": "Outer", "Index Name": "idx_partsupp_partkey", "Startup Cost": 0.0, "Total Cost": 1.62, "Plan Rows": 3, "Plan Width": 0, "Index Cond": "(ps_partkey = part.p_partkey)"}]}]}, {"Node Type": "Bitmap Heap Scan", "Parent Relationship": "Inner", "Relation Name": "lineitem", "Alias": "lineitem", "Startup Cost": 0.41, "Total Cost": 4.42, "Plan Rows": 1, "Plan Width": 48, "Recheck Cond": "((l_partkey = partsupp.ps_partkey) AND (l_suppkey = partsupp.ps_suppkey))", "Plans": [{"Node Type": "Bitmap Index Scan", "Parent Relationship": "Outer", "Index Name": "idx_lineitem_part_supp", "Startup Cost": 0.0, "Total Cost": 0.41, "Plan Rows": 1, "Plan Width": 0, "Index Cond": "((l_partkey = partsupp.ps_partkey) AND (l_suppkey = partsupp.ps_suppkey))"}]}]}]}]}, {"Node Type": "Bitmap Heap Scan", "Parent Relationship": "Inner", "Relation Name": "orders", "Alias": "orders", "Startup Cost": 0.26, "Total Cost": 4.27, "Plan Rows": 1, "Plan Width": 16, "Recheck Cond": "(o_orderkey = lineitem.l_orderkey)", "Plans": [{"Node Type": "Bitmap Index Scan", "Parent Relationship": "Outer", "Index Name": "orders_pkey", "Startup Cost": 0.0, "Total Cost": 0.26, "Plan Rows": 1, "Plan Width": 0, "Index Cond": "(o_orderkey = lineitem.l_orderkey)"}]}]}, {"Node Type": "Seq Scan", "Parent Relationship": "Inner", "Relation Name": "nation", "Alias": "nation", "Startup Cost": 0.0, "Total Cost": 1.25, "Plan Rows": 25, "Plan Width": 30}]}]}]}, "Unique SQL Id": 3628361425}, "explain_analyze_plan": null}, "(1, 115)": {"explain_plan": {"Plan": {"Node Type": "Aggregate", "Strategy": "Sorted", "Startup Cost": 1000008167021.54, "Total Cost": 1000008167021.58, "Plan Rows": 1, "Plan Width": 74, "Group By Key": ["nation.n_name", "(date_part('year'::text, orders.o_orderdate))"], "Plans": [{"Node Type": "Sort", "Parent Relationship": "Outer", "Startup Cost": 1000008167021.54, "Total Cost": 1000008167021.55, "Plan Rows": 1, "Plan Width": 66, "Sort Key": ["nation.n_name", "(date_part('year'::text, orders.o_orderdate)) DESC"], "Plans": [{"Node Type": "Nested Loop", "Parent Relationship": "Outer", "Join Type": "Inner", "Startup Cost": 10000000002.75, "Total Cost": 1000008167021.53, "Plan Rows": 1, "Plan Width": 66, "Inner Unique": true, "Plans": [{"Node Type": "Nested Loop", "Parent Relationship": "Outer", "Join Type": "Inner", "Startup Cost": 10000000002.5, "Total Cost": 1000008167017.25, "Plan Rows": 1, "Plan Width": 44, "Inner Unique": true, "Plans": [{"Node Type": "Nested Loop", "Parent Relationship": "Outer", "Join Type": "Inner", "Startup Cost": 10000000002.24, "Total Cost": 1000008167012.96, "Plan Rows": 1, "Plan Width": 44, "Inner Unique": true, "Join Filter": "(partsupp.ps_partkey = part.p_partkey)", "Plans": [{"Node Type": "Nested Loop", "Parent Relationship": "Outer", "Join Type": "Inner", "Startup Cost": 10000000001.98, "Total Cost": 1000008166987.25, "Plan Rows": 6, "Plan Width": 60, "Inner Unique": false, "Join Filter": "(supplier.s_suppkey = lineitem.l_suppkey)", "Plans": [{"Node Type": "Nested Loop", "Parent Relationship": "Outer", "Join Type": "Inner", "Startup Cost": 10000000001.57, "Total Cost": 1000002201599.04, "Plan Rows": 1344499, "Plan Width": 36, "Inner Unique": false, "Plans": [{"Node Type": "Index Scan", "Parent Relationship": "Outer", "Scan Direction": "Forward", "Index Name": "idx_supplier_nation_key", "Relation Name": "supplier", "Alias": "supplier", "Startup Cost": 10000000000.0, "Total Cost": 1000001217556.78, "Plan Rows": 100000, "Plan Width": 12}, {"Node Type": "Bitmap Heap Scan", "Parent Relationship": "Inner", "Relation Name": "partsupp", "Alias": "partsupp", "Startup Cost": 1.57, "Total Cost": 9.71, "Plan Rows": 13, "Plan Width": 24, "Recheck Cond": "(ps_suppkey = supplier.s_suppkey)", "Plans": [{"Node Type": "Bitmap Index Scan", "Parent Relationship": "Outer", "Index Name": "idx_partsupp_suppkey", "Startup Cost": 0.0, "Total Cost": 1.56, "Plan Rows": 13, "Plan Width": 0, "Index Cond": "(ps_suppkey = supplier.s_suppkey)"}]}]}, {"Node Type": "Bitmap Heap Scan", "Parent Relationship": "Inner", "Relation Name": "lineitem", "Alias": "lineitem", "Startup Cost": 0.41, "Total Cost": 4.42, "Plan Rows": 1, "Plan Width": 48, "Recheck Cond": "((l_partkey = partsupp.ps_partkey) AND (l_suppkey = partsupp.ps_suppkey))", "Plans": [{"Node Type": "Bitmap Index Scan", "Parent Relationship": "Outer", "Index Name": "idx_lineitem_part_supp", "Startup Cost": 0.0, "Total Cost": 0.41, "Plan Rows": 1, "Plan Width": 0, "Index Cond": "((l_partkey = partsupp.ps_partkey) AND (l_suppkey = partsupp.ps_suppkey))"}]}]}, {"Node Type": "Bitmap Heap Scan", "Parent Relationship": "Inner", "Relation Name": "part", "Alias": "part", "Startup Cost": 0.26, "Total Cost": 4.27, "Plan Rows": 1, "Plan Width": 8, "Recheck Cond": "(p_partkey = lineitem.l_partkey)", "Filter": "((p_name)::text ~~ '%dim%'::text)", "Plans": [{"Node Type": "Bitmap Index Scan", "Parent Relationship": "Outer", "Index Name": "part_kpey", "Startup Cost": 0.0, "Total Cost": 0.26, "Plan Rows": 1, "Plan Width": 0, "Index Cond": "(p_partkey = lineitem.l_partkey)"}]}]}, {"Node Type": "Bitmap Heap Scan", "Parent Relationship": "Inner", "Relation Name": "orders", "Alias": "orders", "Startup Cost": 0.26, "Total Cost": 4.27, "Plan Rows": 1, "Plan Width": 16, "Recheck Cond": "(o_orderkey = lineitem.l_orderkey)", "Plans": [{"Node Type": "Bitmap Index Scan", "Parent Relationship": "Outer", "Index Name": "orders_pkey", "Startup Cost": 0.0, "Total Cost": 0.26, "Plan Rows": 1, "Plan Width": 0, "Index Cond": "(o_orderkey = lineitem.l_orderkey)"}]}]}, {"Node Type": "Bitmap Heap Scan", "Parent Relationship": "Inner", "Relation Name": "nation", "Alias": "nation", "Startup Cost": 0.26, "Total Cost": 4.27, "Plan Rows": 1, "Plan Width": 30, "Recheck Cond": "(n_nationkey = supplier.s_nationkey)", "Plans": [{"Node Type": "Bitmap Index Scan", "Parent Relationship": "Outer", "Index Name": "nation_pkey", "Startup Cost": 0.0, "Total Cost": 0.26, "Plan Rows": 1, "Plan Width": 0, "Index Cond": "(n_nationkey = supplier.s_nationkey)"}]}]}]}]}, "Unique SQL Id": 3628361425}, "explain_analyze_plan": null}, "(1, 116)": {"explain_plan": {"Plan": {"Node Type": "Aggregate", "Strategy": "Sorted", "Startup Cost": 726568.76, "Total Cost": 726568.8, "Plan Rows": 1, "Plan Width": 74, "Group By Key": ["nation.n_name", "(date_part('year'::text, orders.o_orderdate))"], "Plans": [{"Node Type": "Sort", "Parent Relationship": "Outer", "Startup Cost": 726568.76, "Total Cost": 726568.77, "Plan Rows": 1, "Plan Width": 66, "Sort Key": ["nation.n_name", "(date_part('year'::text, orders.o_orderdate)) DESC"], "Plans": [{"Node Type": "Nested Loop", "Parent Relationship": "Outer", "Join Type": "Inner", "Startup Cost": 0.0, "Total Cost": 726568.75, "Plan Rows": 1, "Plan Width": 66, "Inner Unique": true, "Plans": [{"Node Type": "Nested Loop", "Parent Relationship": "Outer", "Join Type": "Inner", "Startup Cost": 0.0, "Total Cost": 726568.47, "Plan Rows": 1, "Plan Width": 44, "Inner Unique": true, "Plans": [{"Node Type": "Nested Loop", "Parent Relationship": "Outer", "Join Type": "Inner", "Startup Cost": 0.0, "Total Cost": 726568.17, "Plan Rows": 1, "Plan Width": 44, "Inner Unique": false, "Join Filter": "(supplier.s_suppkey = lineitem.l_suppkey)", "Plans": [{"Node Type": "Nested Loop", "Parent Relationship": "Outer", "Join Type": "Inner", "Startup Cost": 0.0, "Total Cost": 582819.16, "Plan Rows": 125630, "Plan Width": 44, "Inner Unique": true, "Plans": [{"Node Type": "Nested Loop", "Parent Relationship": "Outer", "Join Type": "Inner", "Startup Cost": 0.0, "Total Cost": 509766.04, "Plan Rows": 259666, "Plan Width": 32, "Inner Unique": false, "Plans": [{"Node Type": "Seq Scan", "Parent Relationship": "Outer", "Relation Name": "part", "Alias": "part", "Startup Cost": 0.0, "Total Cost": 66944.0, "Plan Rows": 89888, "Plan Width": 8, "Filter": "((p_name)::text ~~ '%dim%'::text)"}, {"Node Type": "Index Scan", "Parent Relationship": "Inner", "Scan Direction": "Forward", "Index Name": "idx_partsupp_partkey", "Relation Name": "partsupp", "Alias": "partsupp", "Startup Cost": 0.0, "Total Cost": 4.9, "Plan Rows": 3, "Plan Width": 24, "Index Cond": "(ps_partkey = part.p_partkey)"}]}, {"Node Type": "Index Scan", "Parent Relationship": "Inner", "Scan Direction": "Forward", "Index Name": "supplier_pkey", "Relation Name": "supplier", "Alias": "supplier", "Startup Cost": 0.0, "Total Cost": 0.27, "Plan Rows": 1, "Plan Width": 12, "Index Cond": "(s_suppkey = partsupp.ps_suppkey)"}]}, {"Node Type": "Index Scan", "Parent Relationship": "Inner", "Scan Direction": "Forward", "Index Name": "idx_lineitem_part_supp", "Relation Name": "lineitem", "Alias": "lineitem", "Startup Cost": 0.0, "Total Cost": 1.13, "Plan Rows": 1, "Plan Width": 48, "Index Cond": "((l_partkey = partsupp.ps_partkey) AND (l_suppkey = partsupp.ps_suppkey))"}]}, {"Node Type": "Index Scan", "Parent Relationship": "Inner", "Scan Direction": "Forward", "Index Name": "orders_pkey", "Relation Name": "orders", "Alias": "orders", "Startup Cost": 0.0, "Total Cost": 0.29, "Plan Rows": 1, "Plan Width": 16, "Index Cond": "(o_orderkey = lineitem.l_orderkey)"}]}, {"Node Type": "Index Scan", "Parent Relationship": "Inner", "Scan Direction": "Forward", "Index Name": "nation_pkey", "Relation Name": "nation", "Alias": "nation", "Startup Cost": 0.0, "Total Cost": 0.27, "Plan Rows": 1, "Plan Width": 30, "Index Cond": "(n_nationkey = supplier.s_nationkey)"}]}]}]}, "Unique SQL Id": 3628361425}, "explain_analyze_plan": {"Plan": {"Node Type": "Aggregate", "Strategy": "Sorted", "Startup Cost": 726568.76, "Total Cost": 726568.8, "Plan Rows": 1, "Plan Width": 74, "Actual Startup Time": 58900.205, "Actual Total Time": 61981.354, "Actual Rows": 175, "Actual Loops": 1, "Group By Key": ["nation.n_name", "(date_part('year'::text, orders.o_orderdate))"], "Plans": [{"Node Type": "Sort", "Parent Relationship": "Outer", "Startup Cost": 726568.76, "Total Cost": 726568.77, "Plan Rows": 1, "Plan Width": 66, "Actual Startup Time": 58889.109, "Actual Total Time": 59655.514, "Actual Rows": 3256948, "Actual Loops": 1, "Sort Key": ["nation.n_name", "(date_part('year'::text, orders.o_orderdate)) DESC"], "Sort Method": "quicksort", "Sort Space Used": 607203, "Sort Space Type": "Memory", "Plans": [{"Node Type": "Nested Loop", "Parent Relationship": "Outer", "Join Type": "Inner", "Startup Cost": 0.0, "Total Cost": 726568.75, "Plan Rows": 1, "Plan Width": 66, "Actual Startup Time": 0.171, "Actual Total Time": 53486.488, "Actual Rows": 3256948, "Actual Loops": 1, "Inner Unique": true, "Plans": [{"Node Type": "Nested Loop", "Parent Relationship": "Outer", "Join Type": "Inner", "Startup Cost": 0.0, "Total Cost": 726568.47, "Plan Rows": 1, "Plan Width": 44, "Actual Startup Time": 0.108, "Actual Total Time": 44712.133, "Actual Rows": 3256948, "Actual Loops": 1, "Inner Unique": true, "Plans": [{"Node Type": "Nested Loop", "Parent Relationship": "Outer", "Join Type": "Inner", "Startup Cost": 0.0, "Total Cost": 726568.17, "Plan Rows": 1, "Plan Width": 44, "Actual Startup Time": 0.095, "Actual Total Time": 16943.05, "Actual Rows": 3256948, "Actual Loops": 1, "Inner Unique": false, "Join Filter": "(supplier.s_suppkey = lineitem.l_suppkey)", "Rows Removed by Join Filter": 0, "Plans": [{"Node Type": "Nested Loop", "Parent Relationship": "Outer", "Join Type": "Inner", "Startup Cost": 0.0, "Total Cost": 582819.16, "Plan Rows": 125630, "Plan Width": 44, "Actual Startup Time": 0.079, "Actual Total Time": 4465.744, "Actual Rows": 434204, "Actual Loops": 1, "Inner Unique": true, "Plans": [{"Node Type": "Nested Loop", "Parent Relationship": "Outer", "Join Type": "Inner", "Startup Cost": 0.0, "Total Cost": 509766.04, "Plan Rows": 259666, "Plan Width": 32, "Actual Startup Time": 0.068, "Actual Total Time": 2320.726, "Actual Rows": 434204, "Actual Loops": 1, "Inner Unique": false, "Plans": [{"Node Type": "Seq Scan", "Parent Relationship": "Outer", "Relation Name": "part", "Alias": "part", "Startup Cost": 0.0, "Total Cost": 66944.0, "Plan Rows": 89888, "Plan Width": 8, "Actual Startup Time": 0.035, "Actual Total Time": 1129.616, "Actual Rows": 108551, "Actual Loops": 1, "Filter": "((p_name)::text ~~ '%dim%'::text)", "Rows Removed by Filter": 1891449}, {"Node Type": "Index Scan", "Parent Relationship": "Inner", "Scan Direction": "Forward", "Index Name": "idx_partsupp_partkey", "Relation Name": "partsupp", "Alias": "partsupp", "Startup Cost": 0.0, "Total Cost": 4.9, "Plan Rows": 3, "Plan Width": 24, "Actual Startup Time": 668.108, "Actual Total Time": 988.493, "Actual Rows": 434204, "Actual Loops": 108551, "Index Cond": "(ps_partkey = part.p_partkey)", "Rows Removed by Index Recheck": 0}]}, {"Node Type": "Index Scan", "Parent Relationship": "Inner", "Scan Direction": "Forward", "Index Name": "supplier_pkey", "Relation Name": "supplier", "Alias": "supplier", "Startup Cost": 0.0, "Total Cost": 0.27, "Plan Rows": 1, "Plan Width": 12, "Actual Startup Time": 1675.287, "Actual Total Time": 1675.287, "Actual Rows": 434204, "Actual Loops": 434204, "Index Cond": "(s_suppkey = partsupp.ps_suppkey)", "Rows Removed by Index Recheck": 0}]}, {"Node Type": "Index Scan", "Parent Relationship": "Inner", "Scan Direction": "Forward", "Index Name": "idx_lineitem_part_supp", "Relation Name": "lineitem", "Alias": "lineitem", "Startup Cost": 0.0, "Total Cost": 1.13, "Plan Rows": 1, "Plan Width": 48, "Actual Startup Time": 3066.268, "Actual Total Time": 10798.009, "Actual Rows": 3256948, "Actual Loops": 434204, "Index Cond": "((l_partkey = partsupp.ps_partkey) AND (l_suppkey = partsupp.ps_suppkey))", "Rows Removed by Index Recheck": 0}]}, {"Node Type": "Index Scan", "Parent Relationship": "Inner", "Scan Direction": "Forward", "Index Name": "orders_pkey", "Relation Name": "orders", "Alias": "orders", "Startup Cost": 0.0, "Total Cost": 0.29, "Plan Rows": 1, "Plan Width": 16, "Actual Startup Time": 25019.433, "Actual Total Time": 25019.433, "Actual Rows": 3256948, "Actual Loops": 3256948, "Index Cond": "(o_orderkey = lineitem.l_orderkey)", "Rows Removed by Index Recheck": 0}]}, {"Node Type": "Index Scan", "Parent Relationship": "Inner", "Scan Direction": "Forward", "Index Name": "nation_pkey", "Relation Name": "nation", "Alias": "nation", "Startup Cost": 0.0, "Total Cost": 0.27, "Plan Rows": 1, "Plan Width": 30, "Actual Startup Time": 4702.402, "Actual Total Time": 4702.402, "Actual Rows": 3256948, "Actual Loops": 3256948, "Index Cond": "(n_nationkey = supplier.s_nationkey)", "Rows Removed by Index Recheck": 0}]}]}]}, "Triggers": [], "Planner Runtime": 9.71, "Total Runtime": 61988.127, "Unique SQL Id": 3628361425}}, "(1, 117)": {"explain_plan": {"Plan": {"Node Type": "Aggregate", "Strategy": "Sorted", "Startup Cost": 765428.01, "Total Cost": 765428.05, "Plan Rows": 1, "Plan Width": 74, "Group By Key": ["nation.n_name", "(date_part('year'::text, orders.o_orderdate))"], "Plans": [{"Node Type": "Sort", "Parent Relationship": "Outer", "Startup Cost": 765428.01, "Total Cost": 765428.02, "Plan Rows": 1, "Plan Width": 66, "Sort Key": ["nation.n_name", "(date_part('year'::text, orders.o_orderdate)) DESC"], "Plans": [{"Node Type": "Nested Loop", "Parent Relationship": "Outer", "Join Type": "Inner", "Startup Cost": 0.0, "Total Cost": 765428.0, "Plan Rows": 1, "Plan Width": 66, "Inner Unique": true, "Plans": [{"Node Type": "Nested Loop", "Parent Relationship": "Outer", "Join Type": "Inner", "Startup Cost": 0.0, "Total Cost": 765427.72, "Plan Rows": 1, "Plan Width": 44, "Inner Unique": true, "Plans": [{"Node Type": "Nested Loop", "Parent Relationship": "Outer", "Join Type": "Inner", "Startup Cost": 0.0, "Total Cost": 765427.42, "Plan Rows": 1, "Plan Width": 44, "Inner Unique": false, "Join Filter": "(supplier.s_suppkey = lineitem.l_suppkey)", "Plans": [{"Node Type": "Nested Loop", "Parent Relationship": "Outer", "Join Type": "Inner", "Startup Cost": 0.0, "Total Cost": 621678.41, "Plan Rows": 125630, "Plan Width": 44, "Inner Unique": true, "Plans": [{"Node Type": "Nested Loop", "Parent Relationship": "Outer", "Join Type": "Inner", "Startup Cost": 0.0, "Total Cost": 548625.29, "Plan Rows": 259666, "Plan Width": 32, "Inner Unique": false, "Plans": [{"Node Type": "Index Scan", "Parent Relationship": "Outer", "Scan Direction": "Forward", "Index Name": "part_kpey", "Relation Name": "part", "Alias": "part", "Startup Cost": 0.0, "Total Cost": 105803.25, "Plan Rows": 89888, "Plan Width": 8, "Filter": "((p_name)::text ~~ '%dim%'::text)"}, {"Node Type": "Index Scan", "Parent Relationship": "Inner", "Scan Direction": "Forward", "Index Name": "idx_partsupp_partkey", "Relation Name": "partsupp", "Alias": "partsupp", "Startup Cost": 0.0, "Total Cost": 4.9, "Plan Rows": 3, "Plan Width": 24, "Index Cond": "(ps_partkey = part.p_partkey)"}]}, {"Node Type": "Index Scan", "Parent Relationship": "Inner", "Scan Direction": "Forward", "Index Name": "supplier_pkey", "Relation Name": "supplier", "Alias": "supplier", "Startup Cost": 0.0, "Total Cost": 0.27, "Plan Rows": 1, "Plan Width": 12, "Index Cond": "(s_suppkey = partsupp.ps_suppkey)"}]}, {"Node Type": "Index Scan", "Parent Relationship": "Inner", "Scan Direction": "Forward", "Index Name": "idx_lineitem_part_supp", "Relation Name": "lineitem", "Alias": "lineitem", "Startup Cost": 0.0, "Total Cost": 1.13, "Plan Rows": 1, "Plan Width": 48, "Index Cond": "((l_partkey = partsupp.ps_partkey) AND (l_suppkey = partsupp.ps_suppkey))"}]}, {"Node Type": "Index Scan", "Parent Relationship": "Inner", "Scan Direction": "Forward", "Index Name": "orders_pkey", "Relation Name": "orders", "Alias": "orders", "Startup Cost": 0.0, "Total Cost": 0.29, "Plan Rows": 1, "Plan Width": 16, "Index Cond": "(o_orderkey = lineitem.l_orderkey)"}]}, {"Node Type": "Index Scan", "Parent Relationship": "Inner", "Scan Direction": "Forward", "Index Name": "nation_pkey", "Relation Name": "nation", "Alias": "nation", "Startup Cost": 0.0, "Total Cost": 0.27, "Plan Rows": 1, "Plan Width": 30, "Index Cond": "(n_nationkey = supplier.s_nationkey)"}]}]}]}, "Unique SQL Id": 3628361425}, "explain_analyze_plan": {"Plan": {"Node Type": "Aggregate", "Strategy": "Sorted", "Startup Cost": 765428.01, "Total Cost": 765428.05, "Plan Rows": 1, "Plan Width": 74, "Actual Startup Time": 58936.739, "Actual Total Time": 62088.806, "Actual Rows": 175, "Actual Loops": 1, "Group By Key": ["nation.n_name", "(date_part('year'::text, orders.o_orderdate))"], "Plans": [{"Node Type": "Sort", "Parent Relationship": "Outer", "Startup Cost": 765428.01, "Total Cost": 765428.02, "Plan Rows": 1, "Plan Width": 66, "Actual Startup Time": 58925.831, "Actual Total Time": 59727.638, "Actual Rows": 3256948, "Actual Loops": 1, "Sort Key": ["nation.n_name", "(date_part('year'::text, orders.o_orderdate)) DESC"], "Sort Method": "quicksort", "Sort Space Used": 607203, "Sort Space Type": "Memory", "Plans": [{"Node Type": "Nested Loop", "Parent Relationship": "Outer", "Join Type": "Inner", "Startup Cost": 0.0, "Total Cost": 765428.0, "Plan Rows": 1, "Plan Width": 66, "Actual Startup Time": 0.134, "Actual Total Time": 53625.102, "Actual Rows": 3256948, "Actual Loops": 1, "Inner Unique": true, "Plans": [{"Node Type": "Nested Loop", "Parent Relationship": "Outer", "Join Type": "Inner", "Startup Cost": 0.0, "Total Cost": 765427.72, "Plan Rows": 1, "Plan Width": 44, "Actual Startup Time": 0.118, "Actual Total Time": 44810.69, "Actual Rows": 3256948, "Actual Loops": 1, "Inner Unique": true, "Plans": [{"Node Type": "Nested Loop", "Parent Relationship": "Outer", "Join Type": "Inner", "Startup Cost": 0.0, "Total Cost": 765427.42, "Plan Rows": 1, "Plan Width": 44, "Actual Startup Time": 0.105, "Actual Total Time": 17376.541, "Actual Rows": 3256948, "Actual Loops": 1, "Inner Unique": false, "Join Filter": "(supplier.s_suppkey = lineitem.l_suppkey)", "Rows Removed by Join Filter": 0, "Plans": [{"Node Type": "Nested Loop", "Parent Relationship": "Outer", "Join Type": "Inner", "Startup Cost": 0.0, "Total Cost": 621678.41, "Plan Rows": 125630, "Plan Width": 44, "Actual Startup Time": 0.088, "Actual Total Time": 5070.331, "Actual Rows": 434204, "Actual Loops": 1, "Inner Unique": true, "Plans": [{"Node Type": "Nested Loop", "Parent Relationship": "Outer", "Join Type": "Inner", "Startup Cost": 0.0, "Total Cost": 548625.29, "Plan Rows": 259666, "Plan Width": 32, "Actual Startup Time": 0.079, "Actual Total Time": 2942.443, "Actual Rows": 434204, "Actual Loops": 1, "Inner Unique": false, "Plans": [{"Node Type": "Index Scan", "Parent Relationship": "Outer", "Scan Direction": "Forward", "Index Name": "part_kpey", "Relation Name": "part", "Alias": "part", "Startup Cost": 0.0, "Total Cost": 105803.25, "Plan Rows": 89888, "Plan Width": 8, "Actual Startup Time": 0.059, "Actual Total Time": 1766.741, "Actual Rows": 108551, "Actual Loops": 1, "Filter": "((p_name)::text ~~ '%dim%'::text)", "Rows Removed by Filter": 1891449}, {"Node Type": "Index Scan", "Parent Relationship": "Inner", "Scan Direction": "Forward", "Index Name": "idx_partsupp_partkey", "Relation Name": "partsupp", "Alias": "partsupp", "Startup Cost": 0.0, "Total Cost": 4.9, "Plan Rows": 3, "Plan Width": 24, "Actual Startup Time": 660.359, "Actual Total Time": 974.867, "Actual Rows": 434204, "Actual Loops": 108551, "Index Cond": "(ps_partkey = part.p_partkey)", "Rows Removed by Index Recheck": 0}]}, {"Node Type": "Index Scan", "Parent Relationship": "Inner", "Scan Direction": "Forward", "Index Name": "supplier_pkey", "Relation Name": "supplier", "Alias": "supplier", "Startup Cost": 0.0, "Total Cost": 0.27, "Plan Rows": 1, "Plan Width": 12, "Actual Startup Time": 1668.013, "Actual Total Time": 1668.013, "Actual Rows": 434204, "Actual Loops": 434204, "Index Cond": "(s_suppkey = partsupp.ps_suppkey)", "Rows Removed by Index Recheck": 0}]}, {"Node Type": "Index Scan", "Parent Relationship": "Inner", "Scan Direction": "Forward", "Index Name": "idx_lineitem_part_supp", "Relation Name": "lineitem", "Alias": "lineitem", "Startup Cost": 0.0, "Total Cost": 1.13, "Plan Rows": 1, "Plan Width": 48, "Actual Startup Time": 3088.184, "Actual Total Time": 10652.743, "Actual Rows": 3256948, "Actual Loops": 434204, "Index Cond": "((l_partkey = partsupp.ps_partkey) AND (l_suppkey = partsupp.ps_suppkey))", "Rows Removed by Index Recheck": 0}]}, {"Node Type": "Index Scan", "Parent Relationship": "Inner", "Scan Direction": "Forward", "Index Name": "orders_pkey", "Relation Name": "orders", "Alias": "orders", "Startup Cost": 0.0, "Total Cost": 0.29, "Plan Rows": 1, "Plan Width": 16, "Actual Startup Time": 24664.993, "Actual Total Time": 24664.993, "Actual Rows": 3256948, "Actual Loops": 3256948, "Index Cond": "(o_orderkey = lineitem.l_orderkey)", "Rows Removed by Index Recheck": 0}]}, {"Node Type": "Index Scan", "Parent Relationship": "Inner", "Scan Direction": "Forward", "Index Name": "nation_pkey", "Relation Name": "nation", "Alias": "nation", "Startup Cost": 0.0, "Total Cost": 0.27, "Plan Rows": 1, "Plan Width": 30, "Actual Startup Time": 4745.98, "Actual Total Time": 4745.98, "Actual Rows": 3256948, "Actual Loops": 3256948, "Index Cond": "(n_nationkey = supplier.s_nationkey)", "Rows Removed by Index Recheck": 0}]}]}]}, "Triggers": [], "Planner Runtime": 9.536, "Total Runtime": 62095.776, "Unique SQL Id": 3628361425}}, "(1, 118)": {"explain_plan": {"Plan": {"Node Type": "Aggregate", "Strategy": "Sorted", "Startup Cost": 2094167.48, "Total Cost": 2094167.51, "Plan Rows": 1, "Plan Width": 74, "Group By Key": ["nation.n_name", "(date_part('year'::text, orders.o_orderdate))"], "Plans": [{"Node Type": "Sort", "Parent Relationship": "Outer", "Startup Cost": 2094167.48, "Total Cost": 2094167.48, "Plan Rows": 1, "Plan Width": 66, "Sort Key": ["nation.n_name", "(date_part('year'::text, orders.o_orderdate)) DESC"], "Plans": [{"Node Type": "Nested Loop", "Parent Relationship": "Outer", "Join Type": "Inner", "Startup Cost": 2.3, "Total Cost": 2094167.47, "Plan Rows": 1, "Plan Width": 66, "Inner Unique": true, "Join Filter": "(supplier.s_nationkey = nation.n_nationkey)", "Plans": [{"Node Type": "Nested Loop", "Parent Relationship": "Outer", "Join Type": "Inner", "Startup Cost": 2.3, "Total Cost": 2094165.9, "Plan Rows": 1, "Plan Width": 44, "Inner Unique": true, "Plans": [{"Node Type": "Nested Loop", "Parent Relationship": "Outer", "Join Type": "Inner", "Startup Cost": 2.03, "Total Cost": 2094161.62, "Plan Rows": 1, "Plan Width": 44, "Inner Unique": false, "Join Filter": "(lineitem.l_suppkey = supplier.s_suppkey)", "Plans": [{"Node Type": "Seq Scan", "Parent Relationship": "Outer", "Relation Name": "supplier", "Alias": "supplier", "Startup Cost": 0.0, "Total Cost": 3283.0, "Plan Rows": 100000, "Plan Width": 12}, {"Node Type": "Materialize", "Parent Relationship": "Inner", "Startup Cost": 2.03, "Total Cost": 2087878.62, "Plan Rows": 2, "Plan Width": 56, "Plans": [{"Node Type": "Nested Loop", "Parent Relationship": "Outer", "Join Type": "Inner", "Startup Cost": 2.03, "Total Cost": 2087878.61, "Plan Rows": 2, "Plan Width": 56, "Inner Unique": false, "Plans": [{"Node Type": "Nested Loop", "Parent Relationship": "Outer", "Join Type": "Inner", "Startup Cost": 1.62, "Total Cost": 936419.45, "Plan Rows": 259666, "Plan Width": 32, "Inner Unique": false, "Plans": [{"Node Type": "Seq Scan", "Parent Relationship": "Outer", "Relation Name": "part", "Alias": "part", "Startup Cost": 0.0, "Total Cost": 66944.0, "Plan Rows": 89888, "Plan Width": 8, "Filter": "((p_name)::text ~~ '%dim%'::text)"}, {"Node Type": "Bitmap Heap Scan", "Parent Relationship": "Inner", "Relation Name": "partsupp", "Alias": "partsupp", "Startup Cost": 1.62, "Total Cost": 9.64, "Plan Rows": 3, "Plan Width": 24, "Recheck Cond": "(ps_partkey = part.p_partkey)", "Plans": [{"Node Type": "Bitmap Index Scan", "Parent Relationship": "Outer", "Index Name": "idx_partsupp_partkey", "Startup Cost": 0.0, "Total Cost": 1.62, "Plan Rows": 3, "Plan Width": 0, "Index Cond": "(ps_partkey = part.p_partkey)"}]}]}, {"Node Type": "Bitmap Heap Scan", "Parent Relationship": "Inner", "Relation Name": "lineitem", "Alias": "lineitem", "Startup Cost": 0.41, "Total Cost": 4.42, "Plan Rows": 1, "Plan Width": 48, "Recheck Cond": "((l_partkey = partsupp.ps_partkey) AND (l_suppkey = partsupp.ps_suppkey))", "Plans": [{"Node Type": "Bitmap Index Scan", "Parent Relationship": "Outer", "Index Name": "idx_lineitem_part_supp", "Startup Cost": 0.0, "Total Cost": 0.41, "Plan Rows": 1, "Plan Width": 0, "Index Cond": "((l_partkey = partsupp.ps_partkey) AND (l_suppkey = partsupp.ps_suppkey))"}]}]}]}]}, {"Node Type": "Bitmap Heap Scan", "Parent Relationship": "Inner", "Relation Name": "orders", "Alias": "orders", "Startup Cost": 0.26, "Total Cost": 4.27, "Plan Rows": 1, "Plan Width": 16, "Recheck Cond": "(o_orderkey = lineitem.l_orderkey)", "Plans": [{"Node Type": "Bitmap Index Scan", "Parent Relationship": "Outer", "Index Name": "orders_pkey", "Startup Cost": 0.0, "Total Cost": 0.26, "Plan Rows": 1, "Plan Width": 0, "Index Cond": "(o_orderkey = lineitem.l_orderkey)"}]}]}, {"Node Type": "Seq Scan", "Parent Relationship": "Inner", "Relation Name": "nation", "Alias": "nation", "Startup Cost": 0.0, "Total Cost": 1.25, "Plan Rows": 25, "Plan Width": 30}]}]}]}, "Unique SQL Id": 3628361425}, "explain_analyze_plan": null}, "(1, 119)": {"explain_plan": {"Plan": {"Node Type": "Aggregate", "Strategy": "Sorted", "Startup Cost": 1000008167021.54, "Total Cost": 1000008167021.58, "Plan Rows": 1, "Plan Width": 74, "Group By Key": ["nation.n_name", "(date_part('year'::text, orders.o_orderdate))"], "Plans": [{"Node Type": "Sort", "Parent Relationship": "Outer", "Startup Cost": 1000008167021.54, "Total Cost": 1000008167021.55, "Plan Rows": 1, "Plan Width": 66, "Sort Key": ["nation.n_name", "(date_part('year'::text, orders.o_orderdate)) DESC"], "Plans": [{"Node Type": "Nested Loop", "Parent Relationship": "Outer", "Join Type": "Inner", "Startup Cost": 10000000002.75, "Total Cost": 1000008167021.53, "Plan Rows": 1, "Plan Width": 66, "Inner Unique": true, "Plans": [{"Node Type": "Nested Loop", "Parent Relationship": "Outer", "Join Type": "Inner", "Startup Cost": 10000000002.5, "Total Cost": 1000008167017.25, "Plan Rows": 1, "Plan Width": 44, "Inner Unique": true, "Plans": [{"Node Type": "Nested Loop", "Parent Relationship": "Outer", "Join Type": "Inner", "Startup Cost": 10000000002.24, "Total Cost": 1000008167012.96, "Plan Rows": 1, "Plan Width": 44, "Inner Unique": true, "Join Filter": "(partsupp.ps_partkey = part.p_partkey)", "Plans": [{"Node Type": "Nested Loop", "Parent Relationship": "Outer", "Join Type": "Inner", "Startup Cost": 10000000001.98, "Total Cost": 1000008166987.25, "Plan Rows": 6, "Plan Width": 60, "Inner Unique": false, "Join Filter": "(supplier.s_suppkey = lineitem.l_suppkey)", "Plans": [{"Node Type": "Nested Loop", "Parent Relationship": "Outer", "Join Type": "Inner", "Startup Cost": 10000000001.57, "Total Cost": 1000002201599.04, "Plan Rows": 1344499, "Plan Width": 36, "Inner Unique": false, "Plans": [{"Node Type": "Index Scan", "Parent Relationship": "Outer", "Scan Direction": "Forward", "Index Name": "idx_supplier_nation_key", "Relation Name": "supplier", "Alias": "supplier", "Startup Cost": 10000000000.0, "Total Cost": 1000001217556.78, "Plan Rows": 100000, "Plan Width": 12}, {"Node Type": "Bitmap Heap Scan", "Parent Relationship": "Inner", "Relation Name": "partsupp", "Alias": "partsupp", "Startup Cost": 1.57, "Total Cost": 9.71, "Plan Rows": 13, "Plan Width": 24, "Recheck Cond": "(ps_suppkey = supplier.s_suppkey)", "Plans": [{"Node Type": "Bitmap Index Scan", "Parent Relationship": "Outer", "Index Name": "idx_partsupp_suppkey", "Startup Cost": 0.0, "Total Cost": 1.56, "Plan Rows": 13, "Plan Width": 0, "Index Cond": "(ps_suppkey = supplier.s_suppkey)"}]}]}, {"Node Type": "Bitmap Heap Scan", "Parent Relationship": "Inner", "Relation Name": "lineitem", "Alias": "lineitem", "Startup Cost": 0.41, "Total Cost": 4.42, "Plan Rows": 1, "Plan Width": 48, "Recheck Cond": "((l_partkey = partsupp.ps_partkey) AND (l_suppkey = partsupp.ps_suppkey))", "Plans": [{"Node Type": "Bitmap Index Scan", "Parent Relationship": "Outer", "Index Name": "idx_lineitem_part_supp", "Startup Cost": 0.0, "Total Cost": 0.41, "Plan Rows": 1, "Plan Width": 0, "Index Cond": "((l_partkey = partsupp.ps_partkey) AND (l_suppkey = partsupp.ps_suppkey))"}]}]}, {"Node Type": "Bitmap Heap Scan", "Parent Relationship": "Inner", "Relation Name": "part", "Alias": "part", "Startup Cost": 0.26, "Total Cost": 4.27, "Plan Rows": 1, "Plan Width": 8, "Recheck Cond": "(p_partkey = lineitem.l_partkey)", "Filter": "((p_name)::text ~~ '%dim%'::text)", "Plans": [{"Node Type": "Bitmap Index Scan", "Parent Relationship": "Outer", "Index Name": "part_kpey", "Startup Cost": 0.0, "Total Cost": 0.26, "Plan Rows": 1, "Plan Width": 0, "Index Cond": "(p_partkey = lineitem.l_partkey)"}]}]}, {"Node Type": "Bitmap Heap Scan", "Parent Relationship": "Inner", "Relation Name": "orders", "Alias": "orders", "Startup Cost": 0.26, "Total Cost": 4.27, "Plan Rows": 1, "Plan Width": 16, "Recheck Cond": "(o_orderkey = lineitem.l_orderkey)", "Plans": [{"Node Type": "Bitmap Index Scan", "Parent Relationship": "Outer", "Index Name": "orders_pkey", "Startup Cost": 0.0, "Total Cost": 0.26, "Plan Rows": 1, "Plan Width": 0, "Index Cond": "(o_orderkey = lineitem.l_orderkey)"}]}]}, {"Node Type": "Bitmap Heap Scan", "Parent Relationship": "Inner", "Relation Name": "nation", "Alias": "nation", "Startup Cost": 0.26, "Total Cost": 4.27, "Plan Rows": 1, "Plan Width": 30, "Recheck Cond": "(n_nationkey = supplier.s_nationkey)", "Plans": [{"Node Type": "Bitmap Index Scan", "Parent Relationship": "Outer", "Index Name": "nation_pkey", "Startup Cost": 0.0, "Total Cost": 0.26, "Plan Rows": 1, "Plan Width": 0, "Index Cond": "(n_nationkey = supplier.s_nationkey)"}]}]}]}]}, "Unique SQL Id": 3628361425}, "explain_analyze_plan": null}, "(1, 120)": {"explain_plan": {"Plan": {"Node Type": "Aggregate", "Strategy": "Sorted", "Startup Cost": 726568.76, "Total Cost": 726568.8, "Plan Rows": 1, "Plan Width": 74, "Group By Key": ["nation.n_name", "(date_part('year'::text, orders.o_orderdate))"], "Plans": [{"Node Type": "Sort", "Parent Relationship": "Outer", "Startup Cost": 726568.76, "Total Cost": 726568.77, "Plan Rows": 1, "Plan Width": 66, "Sort Key": ["nation.n_name", "(date_part('year'::text, orders.o_orderdate)) DESC"], "Plans": [{"Node Type": "Nested Loop", "Parent Relationship": "Outer", "Join Type": "Inner", "Startup Cost": 0.0, "Total Cost": 726568.75, "Plan Rows": 1, "Plan Width": 66, "Inner Unique": true, "Plans": [{"Node Type": "Nested Loop", "Parent Relationship": "Outer", "Join Type": "Inner", "Startup Cost": 0.0, "Total Cost": 726568.47, "Plan Rows": 1, "Plan Width": 44, "Inner Unique": true, "Plans": [{"Node Type": "Nested Loop", "Parent Relationship": "Outer", "Join Type": "Inner", "Startup Cost": 0.0, "Total Cost": 726568.17, "Plan Rows": 1, "Plan Width": 44, "Inner Unique": false, "Join Filter": "(supplier.s_suppkey = lineitem.l_suppkey)", "Plans": [{"Node Type": "Nested Loop", "Parent Relationship": "Outer", "Join Type": "Inner", "Startup Cost": 0.0, "Total Cost": 582819.16, "Plan Rows": 125630, "Plan Width": 44, "Inner Unique": true, "Plans": [{"Node Type": "Nested Loop", "Parent Relationship": "Outer", "Join Type": "Inner", "Startup Cost": 0.0, "Total Cost": 509766.04, "Plan Rows": 259666, "Plan Width": 32, "Inner Unique": false, "Plans": [{"Node Type": "Seq Scan", "Parent Relationship": "Outer", "Relation Name": "part", "Alias": "part", "Startup Cost": 0.0, "Total Cost": 66944.0, "Plan Rows": 89888, "Plan Width": 8, "Filter": "((p_name)::text ~~ '%dim%'::text)"}, {"Node Type": "Index Scan", "Parent Relationship": "Inner", "Scan Direction": "Forward", "Index Name": "idx_partsupp_partkey", "Relation Name": "partsupp", "Alias": "partsupp", "Startup Cost": 0.0, "Total Cost": 4.9, "Plan Rows": 3, "Plan Width": 24, "Index Cond": "(ps_partkey = part.p_partkey)"}]}, {"Node Type": "Index Scan", "Parent Relationship": "Inner", "Scan Direction": "Forward", "Index Name": "supplier_pkey", "Relation Name": "supplier", "Alias": "supplier", "Startup Cost": 0.0, "Total Cost": 0.27, "Plan Rows": 1, "Plan Width": 12, "Index Cond": "(s_suppkey = partsupp.ps_suppkey)"}]}, {"Node Type": "Index Scan", "Parent Relationship": "Inner", "Scan Direction": "Forward", "Index Name": "idx_lineitem_part_supp", "Relation Name": "lineitem", "Alias": "lineitem", "Startup Cost": 0.0, "Total Cost": 1.13, "Plan Rows": 1, "Plan Width": 48, "Index Cond": "((l_partkey = partsupp.ps_partkey) AND (l_suppkey = partsupp.ps_suppkey))"}]}, {"Node Type": "Index Scan", "Parent Relationship": "Inner", "Scan Direction": "Forward", "Index Name": "orders_pkey", "Relation Name": "orders", "Alias": "orders", "Startup Cost": 0.0, "Total Cost": 0.29, "Plan Rows": 1, "Plan Width": 16, "Index Cond": "(o_orderkey = lineitem.l_orderkey)"}]}, {"Node Type": "Index Scan", "Parent Relationship": "Inner", "Scan Direction": "Forward", "Index Name": "nation_pkey", "Relation Name": "nation", "Alias": "nation", "Startup Cost": 0.0, "Total Cost": 0.27, "Plan Rows": 1, "Plan Width": 30, "Index Cond": "(n_nationkey = supplier.s_nationkey)"}]}]}]}, "Unique SQL Id": 3628361425}, "explain_analyze_plan": {"Plan": {"Node Type": "Aggregate", "Strategy": "Sorted", "Startup Cost": 726568.76, "Total Cost": 726568.8, "Plan Rows": 1, "Plan Width": 74, "Actual Startup Time": 58900.205, "Actual Total Time": 61981.354, "Actual Rows": 175, "Actual Loops": 1, "Group By Key": ["nation.n_name", "(date_part('year'::text, orders.o_orderdate))"], "Plans": [{"Node Type": "Sort", "Parent Relationship": "Outer", "Startup Cost": 726568.76, "Total Cost": 726568.77, "Plan Rows": 1, "Plan Width": 66, "Actual Startup Time": 58889.109, "Actual Total Time": 59655.514, "Actual Rows": 3256948, "Actual Loops": 1, "Sort Key": ["nation.n_name", "(date_part('year'::text, orders.o_orderdate)) DESC"], "Sort Method": "quicksort", "Sort Space Used": 607203, "Sort Space Type": "Memory", "Plans": [{"Node Type": "Nested Loop", "Parent Relationship": "Outer", "Join Type": "Inner", "Startup Cost": 0.0, "Total Cost": 726568.75, "Plan Rows": 1, "Plan Width": 66, "Actual Startup Time": 0.171, "Actual Total Time": 53486.488, "Actual Rows": 3256948, "Actual Loops": 1, "Inner Unique": true, "Plans": [{"Node Type": "Nested Loop", "Parent Relationship": "Outer", "Join Type": "Inner", "Startup Cost": 0.0, "Total Cost": 726568.47, "Plan Rows": 1, "Plan Width": 44, "Actual Startup Time": 0.108, "Actual Total Time": 44712.133, "Actual Rows": 3256948, "Actual Loops": 1, "Inner Unique": true, "Plans": [{"Node Type": "Nested Loop", "Parent Relationship": "Outer", "Join Type": "Inner", "Startup Cost": 0.0, "Total Cost": 726568.17, "Plan Rows": 1, "Plan Width": 44, "Actual Startup Time": 0.095, "Actual Total Time": 16943.05, "Actual Rows": 3256948, "Actual Loops": 1, "Inner Unique": false, "Join Filter": "(supplier.s_suppkey = lineitem.l_suppkey)", "Rows Removed by Join Filter": 0, "Plans": [{"Node Type": "Nested Loop", "Parent Relationship": "Outer", "Join Type": "Inner", "Startup Cost": 0.0, "Total Cost": 582819.16, "Plan Rows": 125630, "Plan Width": 44, "Actual Startup Time": 0.079, "Actual Total Time": 4465.744, "Actual Rows": 434204, "Actual Loops": 1, "Inner Unique": true, "Plans": [{"Node Type": "Nested Loop", "Parent Relationship": "Outer", "Join Type": "Inner", "Startup Cost": 0.0, "Total Cost": 509766.04, "Plan Rows": 259666, "Plan Width": 32, "Actual Startup Time": 0.068, "Actual Total Time": 2320.726, "Actual Rows": 434204, "Actual Loops": 1, "Inner Unique": false, "Plans": [{"Node Type": "Seq Scan", "Parent Relationship": "Outer", "Relation Name": "part", "Alias": "part", "Startup Cost": 0.0, "Total Cost": 66944.0, "Plan Rows": 89888, "Plan Width": 8, "Actual Startup Time": 0.035, "Actual Total Time": 1129.616, "Actual Rows": 108551, "Actual Loops": 1, "Filter": "((p_name)::text ~~ '%dim%'::text)", "Rows Removed by Filter": 1891449}, {"Node Type": "Index Scan", "Parent Relationship": "Inner", "Scan Direction": "Forward", "Index Name": "idx_partsupp_partkey", "Relation Name": "partsupp", "Alias": "partsupp", "Startup Cost": 0.0, "Total Cost": 4.9, "Plan Rows": 3, "Plan Width": 24, "Actual Startup Time": 668.108, "Actual Total Time": 988.493, "Actual Rows": 434204, "Actual Loops": 108551, "Index Cond": "(ps_partkey = part.p_partkey)", "Rows Removed by Index Recheck": 0}]}, {"Node Type": "Index Scan", "Parent Relationship": "Inner", "Scan Direction": "Forward", "Index Name": "supplier_pkey", "Relation Name": "supplier", "Alias": "supplier", "Startup Cost": 0.0, "Total Cost": 0.27, "Plan Rows": 1, "Plan Width": 12, "Actual Startup Time": 1675.287, "Actual Total Time": 1675.287, "Actual Rows": 434204, "Actual Loops": 434204, "Index Cond": "(s_suppkey = partsupp.ps_suppkey)", "Rows Removed by Index Recheck": 0}]}, {"Node Type": "Index Scan", "Parent Relationship": "Inner", "Scan Direction": "Forward", "Index Name": "idx_lineitem_part_supp", "Relation Name": "lineitem", "Alias": "lineitem", "Startup Cost": 0.0, "Total Cost": 1.13, "Plan Rows": 1, "Plan Width": 48, "Actual Startup Time": 3066.268, "Actual Total Time": 10798.009, "Actual Rows": 3256948, "Actual Loops": 434204, "Index Cond": "((l_partkey = partsupp.ps_partkey) AND (l_suppkey = partsupp.ps_suppkey))", "Rows Removed by Index Recheck": 0}]}, {"Node Type": "Index Scan", "Parent Relationship": "Inner", "Scan Direction": "Forward", "Index Name": "orders_pkey", "Relation Name": "orders", "Alias": "orders", "Startup Cost": 0.0, "Total Cost": 0.29, "Plan Rows": 1, "Plan Width": 16, "Actual Startup Time": 25019.433, "Actual Total Time": 25019.433, "Actual Rows": 3256948, "Actual Loops": 3256948, "Index Cond": "(o_orderkey = lineitem.l_orderkey)", "Rows Removed by Index Recheck": 0}]}, {"Node Type": "Index Scan", "Parent Relationship": "Inner", "Scan Direction": "Forward", "Index Name": "nation_pkey", "Relation Name": "nation", "Alias": "nation", "Startup Cost": 0.0, "Total Cost": 0.27, "Plan Rows": 1, "Plan Width": 30, "Actual Startup Time": 4702.402, "Actual Total Time": 4702.402, "Actual Rows": 3256948, "Actual Loops": 3256948, "Index Cond": "(n_nationkey = supplier.s_nationkey)", "Rows Removed by Index Recheck": 0}]}]}]}, "Triggers": [], "Planner Runtime": 9.71, "Total Runtime": 61988.127, "Unique SQL Id": 3628361425}}, "(1, 121)": {"explain_plan": {"Plan": {"Node Type": "Aggregate", "Strategy": "Sorted", "Startup Cost": 765428.01, "Total Cost": 765428.05, "Plan Rows": 1, "Plan Width": 74, "Group By Key": ["nation.n_name", "(date_part('year'::text, orders.o_orderdate))"], "Plans": [{"Node Type": "Sort", "Parent Relationship": "Outer", "Startup Cost": 765428.01, "Total Cost": 765428.02, "Plan Rows": 1, "Plan Width": 66, "Sort Key": ["nation.n_name", "(date_part('year'::text, orders.o_orderdate)) DESC"], "Plans": [{"Node Type": "Nested Loop", "Parent Relationship": "Outer", "Join Type": "Inner", "Startup Cost": 0.0, "Total Cost": 765428.0, "Plan Rows": 1, "Plan Width": 66, "Inner Unique": true, "Plans": [{"Node Type": "Nested Loop", "Parent Relationship": "Outer", "Join Type": "Inner", "Startup Cost": 0.0, "Total Cost": 765427.72, "Plan Rows": 1, "Plan Width": 44, "Inner Unique": true, "Plans": [{"Node Type": "Nested Loop", "Parent Relationship": "Outer", "Join Type": "Inner", "Startup Cost": 0.0, "Total Cost": 765427.42, "Plan Rows": 1, "Plan Width": 44, "Inner Unique": false, "Join Filter": "(supplier.s_suppkey = lineitem.l_suppkey)", "Plans": [{"Node Type": "Nested Loop", "Parent Relationship": "Outer", "Join Type": "Inner", "Startup Cost": 0.0, "Total Cost": 621678.41, "Plan Rows": 125630, "Plan Width": 44, "Inner Unique": true, "Plans": [{"Node Type": "Nested Loop", "Parent Relationship": "Outer", "Join Type": "Inner", "Startup Cost": 0.0, "Total Cost": 548625.29, "Plan Rows": 259666, "Plan Width": 32, "Inner Unique": false, "Plans": [{"Node Type": "Index Scan", "Parent Relationship": "Outer", "Scan Direction": "Forward", "Index Name": "part_kpey", "Relation Name": "part", "Alias": "part", "Startup Cost": 0.0, "Total Cost": 105803.25, "Plan Rows": 89888, "Plan Width": 8, "Filter": "((p_name)::text ~~ '%dim%'::text)"}, {"Node Type": "Index Scan", "Parent Relationship": "Inner", "Scan Direction": "Forward", "Index Name": "idx_partsupp_partkey", "Relation Name": "partsupp", "Alias": "partsupp", "Startup Cost": 0.0, "Total Cost": 4.9, "Plan Rows": 3, "Plan Width": 24, "Index Cond": "(ps_partkey = part.p_partkey)"}]}, {"Node Type": "Index Scan", "Parent Relationship": "Inner", "Scan Direction": "Forward", "Index Name": "supplier_pkey", "Relation Name": "supplier", "Alias": "supplier", "Startup Cost": 0.0, "Total Cost": 0.27, "Plan Rows": 1, "Plan Width": 12, "Index Cond": "(s_suppkey = partsupp.ps_suppkey)"}]}, {"Node Type": "Index Scan", "Parent Relationship": "Inner", "Scan Direction": "Forward", "Index Name": "idx_lineitem_part_supp", "Relation Name": "lineitem", "Alias": "lineitem", "Startup Cost": 0.0, "Total Cost": 1.13, "Plan Rows": 1, "Plan Width": 48, "Index Cond": "((l_partkey = partsupp.ps_partkey) AND (l_suppkey = partsupp.ps_suppkey))"}]}, {"Node Type": "Index Scan", "Parent Relationship": "Inner", "Scan Direction": "Forward", "Index Name": "orders_pkey", "Relation Name": "orders", "Alias": "orders", "Startup Cost": 0.0, "Total Cost": 0.29, "Plan Rows": 1, "Plan Width": 16, "Index Cond": "(o_orderkey = lineitem.l_orderkey)"}]}, {"Node Type": "Index Scan", "Parent Relationship": "Inner", "Scan Direction": "Forward", "Index Name": "nation_pkey", "Relation Name": "nation", "Alias": "nation", "Startup Cost": 0.0, "Total Cost": 0.27, "Plan Rows": 1, "Plan Width": 30, "Index Cond": "(n_nationkey = supplier.s_nationkey)"}]}]}]}, "Unique SQL Id": 3628361425}, "explain_analyze_plan": {"Plan": {"Node Type": "Aggregate", "Strategy": "Sorted", "Startup Cost": 765428.01, "Total Cost": 765428.05, "Plan Rows": 1, "Plan Width": 74, "Actual Startup Time": 58936.739, "Actual Total Time": 62088.806, "Actual Rows": 175, "Actual Loops": 1, "Group By Key": ["nation.n_name", "(date_part('year'::text, orders.o_orderdate))"], "Plans": [{"Node Type": "Sort", "Parent Relationship": "Outer", "Startup Cost": 765428.01, "Total Cost": 765428.02, "Plan Rows": 1, "Plan Width": 66, "Actual Startup Time": 58925.831, "Actual Total Time": 59727.638, "Actual Rows": 3256948, "Actual Loops": 1, "Sort Key": ["nation.n_name", "(date_part('year'::text, orders.o_orderdate)) DESC"], "Sort Method": "quicksort", "Sort Space Used": 607203, "Sort Space Type": "Memory", "Plans": [{"Node Type": "Nested Loop", "Parent Relationship": "Outer", "Join Type": "Inner", "Startup Cost": 0.0, "Total Cost": 765428.0, "Plan Rows": 1, "Plan Width": 66, "Actual Startup Time": 0.134, "Actual Total Time": 53625.102, "Actual Rows": 3256948, "Actual Loops": 1, "Inner Unique": true, "Plans": [{"Node Type": "Nested Loop", "Parent Relationship": "Outer", "Join Type": "Inner", "Startup Cost": 0.0, "Total Cost": 765427.72, "Plan Rows": 1, "Plan Width": 44, "Actual Startup Time": 0.118, "Actual Total Time": 44810.69, "Actual Rows": 3256948, "Actual Loops": 1, "Inner Unique": true, "Plans": [{"Node Type": "Nested Loop", "Parent Relationship": "Outer", "Join Type": "Inner", "Startup Cost": 0.0, "Total Cost": 765427.42, "Plan Rows": 1, "Plan Width": 44, "Actual Startup Time": 0.105, "Actual Total Time": 17376.541, "Actual Rows": 3256948, "Actual Loops": 1, "Inner Unique": false, "Join Filter": "(supplier.s_suppkey = lineitem.l_suppkey)", "Rows Removed by Join Filter": 0, "Plans": [{"Node Type": "Nested Loop", "Parent Relationship": "Outer", "Join Type": "Inner", "Startup Cost": 0.0, "Total Cost": 621678.41, "Plan Rows": 125630, "Plan Width": 44, "Actual Startup Time": 0.088, "Actual Total Time": 5070.331, "Actual Rows": 434204, "Actual Loops": 1, "Inner Unique": true, "Plans": [{"Node Type": "Nested Loop", "Parent Relationship": "Outer", "Join Type": "Inner", "Startup Cost": 0.0, "Total Cost": 548625.29, "Plan Rows": 259666, "Plan Width": 32, "Actual Startup Time": 0.079, "Actual Total Time": 2942.443, "Actual Rows": 434204, "Actual Loops": 1, "Inner Unique": false, "Plans": [{"Node Type": "Index Scan", "Parent Relationship": "Outer", "Scan Direction": "Forward", "Index Name": "part_kpey", "Relation Name": "part", "Alias": "part", "Startup Cost": 0.0, "Total Cost": 105803.25, "Plan Rows": 89888, "Plan Width": 8, "Actual Startup Time": 0.059, "Actual Total Time": 1766.741, "Actual Rows": 108551, "Actual Loops": 1, "Filter": "((p_name)::text ~~ '%dim%'::text)", "Rows Removed by Filter": 1891449}, {"Node Type": "Index Scan", "Parent Relationship": "Inner", "Scan Direction": "Forward", "Index Name": "idx_partsupp_partkey", "Relation Name": "partsupp", "Alias": "partsupp", "Startup Cost": 0.0, "Total Cost": 4.9, "Plan Rows": 3, "Plan Width": 24, "Actual Startup Time": 660.359, "Actual Total Time": 974.867, "Actual Rows": 434204, "Actual Loops": 108551, "Index Cond": "(ps_partkey = part.p_partkey)", "Rows Removed by Index Recheck": 0}]}, {"Node Type": "Index Scan", "Parent Relationship": "Inner", "Scan Direction": "Forward", "Index Name": "supplier_pkey", "Relation Name": "supplier", "Alias": "supplier", "Startup Cost": 0.0, "Total Cost": 0.27, "Plan Rows": 1, "Plan Width": 12, "Actual Startup Time": 1668.013, "Actual Total Time": 1668.013, "Actual Rows": 434204, "Actual Loops": 434204, "Index Cond": "(s_suppkey = partsupp.ps_suppkey)", "Rows Removed by Index Recheck": 0}]}, {"Node Type": "Index Scan", "Parent Relationship": "Inner", "Scan Direction": "Forward", "Index Name": "idx_lineitem_part_supp", "Relation Name": "lineitem", "Alias": "lineitem", "Startup Cost": 0.0, "Total Cost": 1.13, "Plan Rows": 1, "Plan Width": 48, "Actual Startup Time": 3088.184, "Actual Total Time": 10652.743, "Actual Rows": 3256948, "Actual Loops": 434204, "Index Cond": "((l_partkey = partsupp.ps_partkey) AND (l_suppkey = partsupp.ps_suppkey))", "Rows Removed by Index Recheck": 0}]}, {"Node Type": "Index Scan", "Parent Relationship": "Inner", "Scan Direction": "Forward", "Index Name": "orders_pkey", "Relation Name": "orders", "Alias": "orders", "Startup Cost": 0.0, "Total Cost": 0.29, "Plan Rows": 1, "Plan Width": 16, "Actual Startup Time": 24664.993, "Actual Total Time": 24664.993, "Actual Rows": 3256948, "Actual Loops": 3256948, "Index Cond": "(o_orderkey = lineitem.l_orderkey)", "Rows Removed by Index Recheck": 0}]}, {"Node Type": "Index Scan", "Parent Relationship": "Inner", "Scan Direction": "Forward", "Index Name": "nation_pkey", "Relation Name": "nation", "Alias": "nation", "Startup Cost": 0.0, "Total Cost": 0.27, "Plan Rows": 1, "Plan Width": 30, "Actual Startup Time": 4745.98, "Actual Total Time": 4745.98, "Actual Rows": 3256948, "Actual Loops": 3256948, "Index Cond": "(n_nationkey = supplier.s_nationkey)", "Rows Removed by Index Recheck": 0}]}]}]}, "Triggers": [], "Planner Runtime": 9.536, "Total Runtime": 62095.776, "Unique SQL Id": 3628361425}}, "(1, 122)": {"explain_plan": {"Plan": {"Node Type": "Aggregate", "Strategy": "Sorted", "Startup Cost": 98266689006.71, "Total Cost": 98266689006.74, "Plan Rows": 1, "Plan Width": 74, "Group By Key": ["nation.n_name", "(date_part('year'::text, orders.o_orderdate))"], "Plans": [{"Node Type": "Sort", "Parent Relationship": "Outer", "Startup Cost": 98266689006.71, "Total Cost": 98266689006.71, "Plan Rows": 1, "Plan Width": 66, "Sort Key": ["nation.n_name", "(date_part('year'::text, orders.o_orderdate)) DESC"], "Plans": [{"Node Type": "Nested Loop", "Parent Relationship": "Outer", "Join Type": "Inner", "Startup Cost": 0.0, "Total Cost": 98266689006.7, "Plan Rows": 1, "Plan Width": 66, "Inner Unique": true, "Join Filter": "(supplier.s_nationkey = nation.n_nationkey)", "Plans": [{"Node Type": "Nested Loop", "Parent Relationship": "Outer", "Join Type": "Inner", "Startup Cost": 0.0, "Total Cost": 98266689005.13, "Plan Rows": 1, "Plan Width": 44, "Inner Unique": true, "Join Filter": "(lineitem.l_orderkey = orders.o_orderkey)", "Plans": [{"Node Type": "Nested Loop", "Parent Relationship": "Outer", "Join Type": "Inner", "Startup Cost": 0.0, "Total Cost": 98266075097.86, "Plan Rows": 1, "Plan Width": 44, "Inner Unique": false, "Join Filter": "((lineitem.l_suppkey = partsupp.ps_suppkey) AND (lineitem.l_partkey = partsupp.ps_partkey))", "Plans": [{"Node Type": "Seq Scan", "Parent Relationship": "Outer", "Relation Name": "partsupp", "Alias": "partsupp", "Startup Cost": 0.0, "Total Cost": 269987.72, "Plan Rows": 8000372, "Plan Width": 24}, {"Node Type": "Materialize", "Parent Relationship": "Inner", "Startup Cost": 0.0, "Total Cost": 81627151745.82, "Plan Rows": 118842, "Plan Width": 68, "Plans": [{"Node Type": "Nested Loop", "Parent Relationship": "Outer", "Join Type": "Inner", "Startup Cost": 0.0, "Total Cost": 81627151151.61, "Plan Rows": 118842, "Plan Width": 68, "Inner Unique": true, "Join Filter": "(lineitem.l_suppkey = supplier.s_suppkey), (LLVM Optimized)", "Plans": [{"Node Type": "Nested Loop", "Parent Relationship": "Outer", "Join Type": "Inner", "Startup Cost": 0.0, "Total Cost": 80883798618.61, "Plan Rows": 495566, "Plan Width": 56, "Inner Unique": true, "Join Filter": "(part.p_partkey = lineitem.l_partkey), (LLVM Optimized)", "Plans": [{"Node Type": "Seq Scan", "Parent Relationship": "Outer", "Relation Name": "lineitem", "Alias": "lineitem", "Startup Cost": 0.0, "Total Cost": 2015115.33, "Plan Rows": 59987033, "Plan Width": 48}, {"Node Type": "Materialize", "Parent Relationship": "Inner", "Startup Cost": 0.0, "Total Cost": 67393.44, "Plan Rows": 89888, "Plan Width": 8, "Plans": [{"Node Type": "Seq Scan", "Parent Relationship": "Outer", "Relation Name": "part", "Alias": "part", "Startup Cost": 0.0, "Total Cost": 66944.0, "Plan Rows": 89888, "Plan Width": 8, "Filter": "((p_name)::text ~~ '%dim%'::text)"}]}]}, {"Node Type": "Materialize", "Parent Relationship": "Inner", "Startup Cost": 0.0, "Total Cost": 3783.0, "Plan Rows": 100000, "Plan Width": 12, "Plans": [{"Node Type": "Seq Scan", "Parent Relationship": "Outer", "Relation Name": "supplier", "Alias": "supplier", "Startup Cost": 0.0, "Total Cost": 3283.0, "Plan Rows": 100000, "Plan Width": 12}]}]}]}]}, {"Node Type": "Seq Scan", "Parent Relationship": "Inner", "Relation Name": "orders", "Alias": "orders", "Startup Cost": 0.0, "Total Cost": 426413.79, "Plan Rows": 14999479, "Plan Width": 16}]}, {"Node Type": "Seq Scan", "Parent Relationship": "Inner", "Relation Name": "nation", "Alias": "nation", "Startup Cost": 0.0, "Total Cost": 1.25, "Plan Rows": 25, "Plan Width": 30}]}]}]}, "Unique SQL Id": 3628361425}, "explain_analyze_plan": null}, "(1, 123)": {"explain_plan": {"Plan": {"Node Type": "Aggregate", "Strategy": "Sorted", "Startup Cost": 6098670509645.0, "Total Cost": 6098670509645.03, "Plan Rows": 1, "Plan Width": 74, "Group By Key": ["nation.n_name", "(date_part('year'::text, orders.o_orderdate))"], "Plans": [{"Node Type": "Sort", "Parent Relationship": "Outer", "Startup Cost": 6098670509645.0, "Total Cost": 6098670509645.0, "Plan Rows": 1, "Plan Width": 66, "Sort Key": ["nation.n_name", "(date_part('year'::text, orders.o_orderdate)) DESC"], "Plans": [{"Node Type": "Nested Loop", "Parent Relationship": "Outer", "Join Type": "Inner", "Startup Cost": 60000000000.0, "Total Cost": 6098670509644.99, "Plan Rows": 1, "Plan Width": 66, "Inner Unique": true, "Plans": [{"Node Type": "Nested Loop", "Parent Relationship": "Outer", "Join Type": "Inner", "Startup Cost": 50000000000.0, "Total Cost": 5098670509615.75, "Plan Rows": 1, "Plan Width": 66, "Inner Unique": true, "Plans": [{"Node Type": "Nested Loop", "Parent Relationship": "Outer", "Join Type": "Inner", "Startup Cost": 40000000000.0, "Total Cost": 4098670509588.73, "Plan Rows": 1, "Plan Width": 44, "Inner Unique": true, "Join Filter": "((lineitem.l_suppkey = partsupp.ps_suppkey) AND (lineitem.l_partkey = partsupp.ps_partkey))", "Plans": [{"Node Type": "Nested Loop", "Parent Relationship": "Outer", "Join Type": "Inner", "Startup Cost": 30000000000.0, "Total Cost": 3081960194963.16, "Plan Rows": 118842, "Plan Width": 68, "Inner Unique": true, "Join Filter": "(lineitem.l_suppkey = supplier.s_suppkey), (LLVM Optimized)", "Plans": [{"Node Type": "Nested Loop", "Parent Relationship": "Outer", "Join Type": "Inner", "Startup Cost": 20000000000.0, "Total Cost": 2081216312258.78, "Plan Rows": 495566, "Plan Width": 56, "Inner Unique": true, "Join Filter": "(part.p_partkey = lineitem.l_partkey), (LLVM Optimized)", "Plans": [{"Node Type": "Index Scan", "Parent Relationship": "Outer", "Scan Direction": "Forward", "Index Name": "idx_lineitem_orderkey", "Relation Name": "lineitem", "Alias": "lineitem", "Startup Cost": 10000000000.0, "Total Cost": 1000324015374.5, "Plan Rows": 59987033, "Plan Width": 48}, {"Node Type": "Materialize", "Parent Relationship": "Inner", "Startup Cost": 10000000000.0, "Total Cost": 1000010580774.44, "Plan Rows": 89888, "Plan Width": 8, "Plans": [{"Node Type": "Index Scan", "Parent Relationship": "Outer", "Scan Direction": "Forward", "Index Name": "part_kpey", "Relation Name": "part", "Alias": "part", "Startup Cost": 10000000000.0, "Total Cost": 1000010580325.0, "Plan Rows": 89888, "Plan Width": 8, "Filter": "((p_name)::text ~~ '%dim%'::text)"}]}]}, {"Node Type": "Materialize", "Parent Relationship": "Inner", "Startup Cost": 10000000000.0, "Total Cost": 1000000533954.38, "Plan Rows": 100000, "Plan Width": 12, "Plans": [{"Node Type": "Index Scan", "Parent Relationship": "Outer", "Scan Direction": "Forward", "Index Name": "supplier_pkey", "Relation Name": "supplier", "Alias": "supplier", "Startup Cost": 10000000000.0, "Total Cost": 1000000533454.38, "Plan Rows": 100000, "Plan Width": 12}]}]}, {"Node Type": "Materialize", "Parent Relationship": "Inner", "Startup Cost": 10000000000.0, "Total Cost": 1000071680965.08, "Plan Rows": 8000372, "Plan Width": 24, "Plans": [{"Node Type": "Index Scan", "Parent Relationship": "Outer", "Scan Direction": "Forward", "Index Name": "partsupp_pkey", "Relation Name": "partsupp", "Alias": "partsupp", "Startup Cost": 10000000000.0, "Total Cost": 1000071640963.22, "Plan Rows": 8000372, "Plan Width": 24}]}]}, {"Node Type": "Index Scan", "Parent Relationship": "Inner", "Scan Direction": "Forward", "Index Name": "nation_pkey", "Relation Name": "nation", "Alias": "nation", "Startup Cost": 10000000000.0, "Total Cost": 1000000000027.01, "Plan Rows": 1, "Plan Width": 30, "Index Cond": "(n_nationkey = supplier.s_nationkey)"}]}, {"Node Type": "Index Scan", "Parent Relationship": "Inner", "Scan Direction": "Forward", "Index Name": "orders_pkey", "Relation Name": "orders", "Alias": "orders", "Startup Cost": 10000000000.0, "Total Cost": 1000000000029.23, "Plan Rows": 1, "Plan Width": 16, "Index Cond": "(o_orderkey = lineitem.l_orderkey)"}]}]}]}, "Unique SQL Id": 3628361425}, "explain_analyze_plan": null}, "(1, 124)": {"explain_plan": {"Plan": {"Node Type": "Aggregate", "Strategy": "Sorted", "Startup Cost": 726568.76, "Total Cost": 726568.8, "Plan Rows": 1, "Plan Width": 74, "Group By Key": ["nation.n_name", "(date_part('year'::text, orders.o_orderdate))"], "Plans": [{"Node Type": "Sort", "Parent Relationship": "Outer", "Startup Cost": 726568.76, "Total Cost": 726568.77, "Plan Rows": 1, "Plan Width": 66, "Sort Key": ["nation.n_name", "(date_part('year'::text, orders.o_orderdate)) DESC"], "Plans": [{"Node Type": "Nested Loop", "Parent Relationship": "Outer", "Join Type": "Inner", "Startup Cost": 0.0, "Total Cost": 726568.75, "Plan Rows": 1, "Plan Width": 66, "Inner Unique": true, "Plans": [{"Node Type": "Nested Loop", "Parent Relationship": "Outer", "Join Type": "Inner", "Startup Cost": 0.0, "Total Cost": 726568.47, "Plan Rows": 1, "Plan Width": 44, "Inner Unique": true, "Plans": [{"Node Type": "Nested Loop", "Parent Relationship": "Outer", "Join Type": "Inner", "Startup Cost": 0.0, "Total Cost": 726568.17, "Plan Rows": 1, "Plan Width": 44, "Inner Unique": false, "Join Filter": "(supplier.s_suppkey = lineitem.l_suppkey)", "Plans": [{"Node Type": "Nested Loop", "Parent Relationship": "Outer", "Join Type": "Inner", "Startup Cost": 0.0, "Total Cost": 582819.16, "Plan Rows": 125630, "Plan Width": 44, "Inner Unique": true, "Plans": [{"Node Type": "Nested Loop", "Parent Relationship": "Outer", "Join Type": "Inner", "Startup Cost": 0.0, "Total Cost": 509766.04, "Plan Rows": 259666, "Plan Width": 32, "Inner Unique": false, "Plans": [{"Node Type": "Seq Scan", "Parent Relationship": "Outer", "Relation Name": "part", "Alias": "part", "Startup Cost": 0.0, "Total Cost": 66944.0, "Plan Rows": 89888, "Plan Width": 8, "Filter": "((p_name)::text ~~ '%dim%'::text)"}, {"Node Type": "Index Scan", "Parent Relationship": "Inner", "Scan Direction": "Forward", "Index Name": "idx_partsupp_partkey", "Relation Name": "partsupp", "Alias": "partsupp", "Startup Cost": 0.0, "Total Cost": 4.9, "Plan Rows": 3, "Plan Width": 24, "Index Cond": "(ps_partkey = part.p_partkey)"}]}, {"Node Type": "Index Scan", "Parent Relationship": "Inner", "Scan Direction": "Forward", "Index Name": "supplier_pkey", "Relation Name": "supplier", "Alias": "supplier", "Startup Cost": 0.0, "Total Cost": 0.27, "Plan Rows": 1, "Plan Width": 12, "Index Cond": "(s_suppkey = partsupp.ps_suppkey)"}]}, {"Node Type": "Index Scan", "Parent Relationship": "Inner", "Scan Direction": "Forward", "Index Name": "idx_lineitem_part_supp", "Relation Name": "lineitem", "Alias": "lineitem", "Startup Cost": 0.0, "Total Cost": 1.13, "Plan Rows": 1, "Plan Width": 48, "Index Cond": "((l_partkey = partsupp.ps_partkey) AND (l_suppkey = partsupp.ps_suppkey))"}]}, {"Node Type": "Index Scan", "Parent Relationship": "Inner", "Scan Direction": "Forward", "Index Name": "orders_pkey", "Relation Name": "orders", "Alias": "orders", "Startup Cost": 0.0, "Total Cost": 0.29, "Plan Rows": 1, "Plan Width": 16, "Index Cond": "(o_orderkey = lineitem.l_orderkey)"}]}, {"Node Type": "Index Scan", "Parent Relationship": "Inner", "Scan Direction": "Forward", "Index Name": "nation_pkey", "Relation Name": "nation", "Alias": "nation", "Startup Cost": 0.0, "Total Cost": 0.27, "Plan Rows": 1, "Plan Width": 30, "Index Cond": "(n_nationkey = supplier.s_nationkey)"}]}]}]}, "Unique SQL Id": 3628361425}, "explain_analyze_plan": {"Plan": {"Node Type": "Aggregate", "Strategy": "Sorted", "Startup Cost": 726568.76, "Total Cost": 726568.8, "Plan Rows": 1, "Plan Width": 74, "Actual Startup Time": 58900.205, "Actual Total Time": 61981.354, "Actual Rows": 175, "Actual Loops": 1, "Group By Key": ["nation.n_name", "(date_part('year'::text, orders.o_orderdate))"], "Plans": [{"Node Type": "Sort", "Parent Relationship": "Outer", "Startup Cost": 726568.76, "Total Cost": 726568.77, "Plan Rows": 1, "Plan Width": 66, "Actual Startup Time": 58889.109, "Actual Total Time": 59655.514, "Actual Rows": 3256948, "Actual Loops": 1, "Sort Key": ["nation.n_name", "(date_part('year'::text, orders.o_orderdate)) DESC"], "Sort Method": "quicksort", "Sort Space Used": 607203, "Sort Space Type": "Memory", "Plans": [{"Node Type": "Nested Loop", "Parent Relationship": "Outer", "Join Type": "Inner", "Startup Cost": 0.0, "Total Cost": 726568.75, "Plan Rows": 1, "Plan Width": 66, "Actual Startup Time": 0.171, "Actual Total Time": 53486.488, "Actual Rows": 3256948, "Actual Loops": 1, "Inner Unique": true, "Plans": [{"Node Type": "Nested Loop", "Parent Relationship": "Outer", "Join Type": "Inner", "Startup Cost": 0.0, "Total Cost": 726568.47, "Plan Rows": 1, "Plan Width": 44, "Actual Startup Time": 0.108, "Actual Total Time": 44712.133, "Actual Rows": 3256948, "Actual Loops": 1, "Inner Unique": true, "Plans": [{"Node Type": "Nested Loop", "Parent Relationship": "Outer", "Join Type": "Inner", "Startup Cost": 0.0, "Total Cost": 726568.17, "Plan Rows": 1, "Plan Width": 44, "Actual Startup Time": 0.095, "Actual Total Time": 16943.05, "Actual Rows": 3256948, "Actual Loops": 1, "Inner Unique": false, "Join Filter": "(supplier.s_suppkey = lineitem.l_suppkey)", "Rows Removed by Join Filter": 0, "Plans": [{"Node Type": "Nested Loop", "Parent Relationship": "Outer", "Join Type": "Inner", "Startup Cost": 0.0, "Total Cost": 582819.16, "Plan Rows": 125630, "Plan Width": 44, "Actual Startup Time": 0.079, "Actual Total Time": 4465.744, "Actual Rows": 434204, "Actual Loops": 1, "Inner Unique": true, "Plans": [{"Node Type": "Nested Loop", "Parent Relationship": "Outer", "Join Type": "Inner", "Startup Cost": 0.0, "Total Cost": 509766.04, "Plan Rows": 259666, "Plan Width": 32, "Actual Startup Time": 0.068, "Actual Total Time": 2320.726, "Actual Rows": 434204, "Actual Loops": 1, "Inner Unique": false, "Plans": [{"Node Type": "Seq Scan", "Parent Relationship": "Outer", "Relation Name": "part", "Alias": "part", "Startup Cost": 0.0, "Total Cost": 66944.0, "Plan Rows": 89888, "Plan Width": 8, "Actual Startup Time": 0.035, "Actual Total Time": 1129.616, "Actual Rows": 108551, "Actual Loops": 1, "Filter": "((p_name)::text ~~ '%dim%'::text)", "Rows Removed by Filter": 1891449}, {"Node Type": "Index Scan", "Parent Relationship": "Inner", "Scan Direction": "Forward", "Index Name": "idx_partsupp_partkey", "Relation Name": "partsupp", "Alias": "partsupp", "Startup Cost": 0.0, "Total Cost": 4.9, "Plan Rows": 3, "Plan Width": 24, "Actual Startup Time": 668.108, "Actual Total Time": 988.493, "Actual Rows": 434204, "Actual Loops": 108551, "Index Cond": "(ps_partkey = part.p_partkey)", "Rows Removed by Index Recheck": 0}]}, {"Node Type": "Index Scan", "Parent Relationship": "Inner", "Scan Direction": "Forward", "Index Name": "supplier_pkey", "Relation Name": "supplier", "Alias": "supplier", "Startup Cost": 0.0, "Total Cost": 0.27, "Plan Rows": 1, "Plan Width": 12, "Actual Startup Time": 1675.287, "Actual Total Time": 1675.287, "Actual Rows": 434204, "Actual Loops": 434204, "Index Cond": "(s_suppkey = partsupp.ps_suppkey)", "Rows Removed by Index Recheck": 0}]}, {"Node Type": "Index Scan", "Parent Relationship": "Inner", "Scan Direction": "Forward", "Index Name": "idx_lineitem_part_supp", "Relation Name": "lineitem", "Alias": "lineitem", "Startup Cost": 0.0, "Total Cost": 1.13, "Plan Rows": 1, "Plan Width": 48, "Actual Startup Time": 3066.268, "Actual Total Time": 10798.009, "Actual Rows": 3256948, "Actual Loops": 434204, "Index Cond": "((l_partkey = partsupp.ps_partkey) AND (l_suppkey = partsupp.ps_suppkey))", "Rows Removed by Index Recheck": 0}]}, {"Node Type": "Index Scan", "Parent Relationship": "Inner", "Scan Direction": "Forward", "Index Name": "orders_pkey", "Relation Name": "orders", "Alias": "orders", "Startup Cost": 0.0, "Total Cost": 0.29, "Plan Rows": 1, "Plan Width": 16, "Actual Startup Time": 25019.433, "Actual Total Time": 25019.433, "Actual Rows": 3256948, "Actual Loops": 3256948, "Index Cond": "(o_orderkey = lineitem.l_orderkey)", "Rows Removed by Index Recheck": 0}]}, {"Node Type": "Index Scan", "Parent Relationship": "Inner", "Scan Direction": "Forward", "Index Name": "nation_pkey", "Relation Name": "nation", "Alias": "nation", "Startup Cost": 0.0, "Total Cost": 0.27, "Plan Rows": 1, "Plan Width": 30, "Actual Startup Time": 4702.402, "Actual Total Time": 4702.402, "Actual Rows": 3256948, "Actual Loops": 3256948, "Index Cond": "(n_nationkey = supplier.s_nationkey)", "Rows Removed by Index Recheck": 0}]}]}]}, "Triggers": [], "Planner Runtime": 9.71, "Total Runtime": 61988.127, "Unique SQL Id": 3628361425}}, "(1, 125)": {"explain_plan": {"Plan": {"Node Type": "Aggregate", "Strategy": "Sorted", "Startup Cost": 765428.01, "Total Cost": 765428.05, "Plan Rows": 1, "Plan Width": 74, "Group By Key": ["nation.n_name", "(date_part('year'::text, orders.o_orderdate))"], "Plans": [{"Node Type": "Sort", "Parent Relationship": "Outer", "Startup Cost": 765428.01, "Total Cost": 765428.02, "Plan Rows": 1, "Plan Width": 66, "Sort Key": ["nation.n_name", "(date_part('year'::text, orders.o_orderdate)) DESC"], "Plans": [{"Node Type": "Nested Loop", "Parent Relationship": "Outer", "Join Type": "Inner", "Startup Cost": 0.0, "Total Cost": 765428.0, "Plan Rows": 1, "Plan Width": 66, "Inner Unique": true, "Plans": [{"Node Type": "Nested Loop", "Parent Relationship": "Outer", "Join Type": "Inner", "Startup Cost": 0.0, "Total Cost": 765427.72, "Plan Rows": 1, "Plan Width": 44, "Inner Unique": true, "Plans": [{"Node Type": "Nested Loop", "Parent Relationship": "Outer", "Join Type": "Inner", "Startup Cost": 0.0, "Total Cost": 765427.42, "Plan Rows": 1, "Plan Width": 44, "Inner Unique": false, "Join Filter": "(supplier.s_suppkey = lineitem.l_suppkey)", "Plans": [{"Node Type": "Nested Loop", "Parent Relationship": "Outer", "Join Type": "Inner", "Startup Cost": 0.0, "Total Cost": 621678.41, "Plan Rows": 125630, "Plan Width": 44, "Inner Unique": true, "Plans": [{"Node Type": "Nested Loop", "Parent Relationship": "Outer", "Join Type": "Inner", "Startup Cost": 0.0, "Total Cost": 548625.29, "Plan Rows": 259666, "Plan Width": 32, "Inner Unique": false, "Plans": [{"Node Type": "Index Scan", "Parent Relationship": "Outer", "Scan Direction": "Forward", "Index Name": "part_kpey", "Relation Name": "part", "Alias": "part", "Startup Cost": 0.0, "Total Cost": 105803.25, "Plan Rows": 89888, "Plan Width": 8, "Filter": "((p_name)::text ~~ '%dim%'::text)"}, {"Node Type": "Index Scan", "Parent Relationship": "Inner", "Scan Direction": "Forward", "Index Name": "idx_partsupp_partkey", "Relation Name": "partsupp", "Alias": "partsupp", "Startup Cost": 0.0, "Total Cost": 4.9, "Plan Rows": 3, "Plan Width": 24, "Index Cond": "(ps_partkey = part.p_partkey)"}]}, {"Node Type": "Index Scan", "Parent Relationship": "Inner", "Scan Direction": "Forward", "Index Name": "supplier_pkey", "Relation Name": "supplier", "Alias": "supplier", "Startup Cost": 0.0, "Total Cost": 0.27, "Plan Rows": 1, "Plan Width": 12, "Index Cond": "(s_suppkey = partsupp.ps_suppkey)"}]}, {"Node Type": "Index Scan", "Parent Relationship": "Inner", "Scan Direction": "Forward", "Index Name": "idx_lineitem_part_supp", "Relation Name": "lineitem", "Alias": "lineitem", "Startup Cost": 0.0, "Total Cost": 1.13, "Plan Rows": 1, "Plan Width": 48, "Index Cond": "((l_partkey = partsupp.ps_partkey) AND (l_suppkey = partsupp.ps_suppkey))"}]}, {"Node Type": "Index Scan", "Parent Relationship": "Inner", "Scan Direction": "Forward", "Index Name": "orders_pkey", "Relation Name": "orders", "Alias": "orders", "Startup Cost": 0.0, "Total Cost": 0.29, "Plan Rows": 1, "Plan Width": 16, "Index Cond": "(o_orderkey = lineitem.l_orderkey)"}]}, {"Node Type": "Index Scan", "Parent Relationship": "Inner", "Scan Direction": "Forward", "Index Name": "nation_pkey", "Relation Name": "nation", "Alias": "nation", "Startup Cost": 0.0, "Total Cost": 0.27, "Plan Rows": 1, "Plan Width": 30, "Index Cond": "(n_nationkey = supplier.s_nationkey)"}]}]}]}, "Unique SQL Id": 3628361425}, "explain_analyze_plan": {"Plan": {"Node Type": "Aggregate", "Strategy": "Sorted", "Startup Cost": 765428.01, "Total Cost": 765428.05, "Plan Rows": 1, "Plan Width": 74, "Actual Startup Time": 58936.739, "Actual Total Time": 62088.806, "Actual Rows": 175, "Actual Loops": 1, "Group By Key": ["nation.n_name", "(date_part('year'::text, orders.o_orderdate))"], "Plans": [{"Node Type": "Sort", "Parent Relationship": "Outer", "Startup Cost": 765428.01, "Total Cost": 765428.02, "Plan Rows": 1, "Plan Width": 66, "Actual Startup Time": 58925.831, "Actual Total Time": 59727.638, "Actual Rows": 3256948, "Actual Loops": 1, "Sort Key": ["nation.n_name", "(date_part('year'::text, orders.o_orderdate)) DESC"], "Sort Method": "quicksort", "Sort Space Used": 607203, "Sort Space Type": "Memory", "Plans": [{"Node Type": "Nested Loop", "Parent Relationship": "Outer", "Join Type": "Inner", "Startup Cost": 0.0, "Total Cost": 765428.0, "Plan Rows": 1, "Plan Width": 66, "Actual Startup Time": 0.134, "Actual Total Time": 53625.102, "Actual Rows": 3256948, "Actual Loops": 1, "Inner Unique": true, "Plans": [{"Node Type": "Nested Loop", "Parent Relationship": "Outer", "Join Type": "Inner", "Startup Cost": 0.0, "Total Cost": 765427.72, "Plan Rows": 1, "Plan Width": 44, "Actual Startup Time": 0.118, "Actual Total Time": 44810.69, "Actual Rows": 3256948, "Actual Loops": 1, "Inner Unique": true, "Plans": [{"Node Type": "Nested Loop", "Parent Relationship": "Outer", "Join Type": "Inner", "Startup Cost": 0.0, "Total Cost": 765427.42, "Plan Rows": 1, "Plan Width": 44, "Actual Startup Time": 0.105, "Actual Total Time": 17376.541, "Actual Rows": 3256948, "Actual Loops": 1, "Inner Unique": false, "Join Filter": "(supplier.s_suppkey = lineitem.l_suppkey)", "Rows Removed by Join Filter": 0, "Plans": [{"Node Type": "Nested Loop", "Parent Relationship": "Outer", "Join Type": "Inner", "Startup Cost": 0.0, "Total Cost": 621678.41, "Plan Rows": 125630, "Plan Width": 44, "Actual Startup Time": 0.088, "Actual Total Time": 5070.331, "Actual Rows": 434204, "Actual Loops": 1, "Inner Unique": true, "Plans": [{"Node Type": "Nested Loop", "Parent Relationship": "Outer", "Join Type": "Inner", "Startup Cost": 0.0, "Total Cost": 548625.29, "Plan Rows": 259666, "Plan Width": 32, "Actual Startup Time": 0.079, "Actual Total Time": 2942.443, "Actual Rows": 434204, "Actual Loops": 1, "Inner Unique": false, "Plans": [{"Node Type": "Index Scan", "Parent Relationship": "Outer", "Scan Direction": "Forward", "Index Name": "part_kpey", "Relation Name": "part", "Alias": "part", "Startup Cost": 0.0, "Total Cost": 105803.25, "Plan Rows": 89888, "Plan Width": 8, "Actual Startup Time": 0.059, "Actual Total Time": 1766.741, "Actual Rows": 108551, "Actual Loops": 1, "Filter": "((p_name)::text ~~ '%dim%'::text)", "Rows Removed by Filter": 1891449}, {"Node Type": "Index Scan", "Parent Relationship": "Inner", "Scan Direction": "Forward", "Index Name": "idx_partsupp_partkey", "Relation Name": "partsupp", "Alias": "partsupp", "Startup Cost": 0.0, "Total Cost": 4.9, "Plan Rows": 3, "Plan Width": 24, "Actual Startup Time": 660.359, "Actual Total Time": 974.867, "Actual Rows": 434204, "Actual Loops": 108551, "Index Cond": "(ps_partkey = part.p_partkey)", "Rows Removed by Index Recheck": 0}]}, {"Node Type": "Index Scan", "Parent Relationship": "Inner", "Scan Direction": "Forward", "Index Name": "supplier_pkey", "Relation Name": "supplier", "Alias": "supplier", "Startup Cost": 0.0, "Total Cost": 0.27, "Plan Rows": 1, "Plan Width": 12, "Actual Startup Time": 1668.013, "Actual Total Time": 1668.013, "Actual Rows": 434204, "Actual Loops": 434204, "Index Cond": "(s_suppkey = partsupp.ps_suppkey)", "Rows Removed by Index Recheck": 0}]}, {"Node Type": "Index Scan", "Parent Relationship": "Inner", "Scan Direction": "Forward", "Index Name": "idx_lineitem_part_supp", "Relation Name": "lineitem", "Alias": "lineitem", "Startup Cost": 0.0, "Total Cost": 1.13, "Plan Rows": 1, "Plan Width": 48, "Actual Startup Time": 3088.184, "Actual Total Time": 10652.743, "Actual Rows": 3256948, "Actual Loops": 434204, "Index Cond": "((l_partkey = partsupp.ps_partkey) AND (l_suppkey = partsupp.ps_suppkey))", "Rows Removed by Index Recheck": 0}]}, {"Node Type": "Index Scan", "Parent Relationship": "Inner", "Scan Direction": "Forward", "Index Name": "orders_pkey", "Relation Name": "orders", "Alias": "orders", "Startup Cost": 0.0, "Total Cost": 0.29, "Plan Rows": 1, "Plan Width": 16, "Actual Startup Time": 24664.993, "Actual Total Time": 24664.993, "Actual Rows": 3256948, "Actual Loops": 3256948, "Index Cond": "(o_orderkey = lineitem.l_orderkey)", "Rows Removed by Index Recheck": 0}]}, {"Node Type": "Index Scan", "Parent Relationship": "Inner", "Scan Direction": "Forward", "Index Name": "nation_pkey", "Relation Name": "nation", "Alias": "nation", "Startup Cost": 0.0, "Total Cost": 0.27, "Plan Rows": 1, "Plan Width": 30, "Actual Startup Time": 4745.98, "Actual Total Time": 4745.98, "Actual Rows": 3256948, "Actual Loops": 3256948, "Index Cond": "(n_nationkey = supplier.s_nationkey)", "Rows Removed by Index Recheck": 0}]}]}]}, "Triggers": [], "Planner Runtime": 9.536, "Total Runtime": 62095.776, "Unique SQL Id": 3628361425}}, "(1, 126)": {"explain_plan": {"Plan": {"Node Type": "Aggregate", "Strategy": "Sorted", "Startup Cost": 98266689006.71, "Total Cost": 98266689006.74, "Plan Rows": 1, "Plan Width": 74, "Group By Key": ["nation.n_name", "(date_part('year'::text, orders.o_orderdate))"], "Plans": [{"Node Type": "Sort", "Parent Relationship": "Outer", "Startup Cost": 98266689006.71, "Total Cost": 98266689006.71, "Plan Rows": 1, "Plan Width": 66, "Sort Key": ["nation.n_name", "(date_part('year'::text, orders.o_orderdate)) DESC"], "Plans": [{"Node Type": "Nested Loop", "Parent Relationship": "Outer", "Join Type": "Inner", "Startup Cost": 0.0, "Total Cost": 98266689006.7, "Plan Rows": 1, "Plan Width": 66, "Inner Unique": true, "Join Filter": "(supplier.s_nationkey = nation.n_nationkey)", "Plans": [{"Node Type": "Nested Loop", "Parent Relationship": "Outer", "Join Type": "Inner", "Startup Cost": 0.0, "Total Cost": 98266689005.13, "Plan Rows": 1, "Plan Width": 44, "Inner Unique": true, "Join Filter": "(lineitem.l_orderkey = orders.o_orderkey)", "Plans": [{"Node Type": "Nested Loop", "Parent Relationship": "Outer", "Join Type": "Inner", "Startup Cost": 0.0, "Total Cost": 98266075097.86, "Plan Rows": 1, "Plan Width": 44, "Inner Unique": false, "Join Filter": "((lineitem.l_suppkey = partsupp.ps_suppkey) AND (lineitem.l_partkey = partsupp.ps_partkey))", "Plans": [{"Node Type": "Seq Scan", "Parent Relationship": "Outer", "Relation Name": "partsupp", "Alias": "partsupp", "Startup Cost": 0.0, "Total Cost": 269987.72, "Plan Rows": 8000372, "Plan Width": 24}, {"Node Type": "Materialize", "Parent Relationship": "Inner", "Startup Cost": 0.0, "Total Cost": 81627151745.82, "Plan Rows": 118842, "Plan Width": 68, "Plans": [{"Node Type": "Nested Loop", "Parent Relationship": "Outer", "Join Type": "Inner", "Startup Cost": 0.0, "Total Cost": 81627151151.61, "Plan Rows": 118842, "Plan Width": 68, "Inner Unique": true, "Join Filter": "(lineitem.l_suppkey = supplier.s_suppkey), (LLVM Optimized)", "Plans": [{"Node Type": "Nested Loop", "Parent Relationship": "Outer", "Join Type": "Inner", "Startup Cost": 0.0, "Total Cost": 80883798618.61, "Plan Rows": 495566, "Plan Width": 56, "Inner Unique": true, "Join Filter": "(part.p_partkey = lineitem.l_partkey), (LLVM Optimized)", "Plans": [{"Node Type": "Seq Scan", "Parent Relationship": "Outer", "Relation Name": "lineitem", "Alias": "lineitem", "Startup Cost": 0.0, "Total Cost": 2015115.33, "Plan Rows": 59987033, "Plan Width": 48}, {"Node Type": "Materialize", "Parent Relationship": "Inner", "Startup Cost": 0.0, "Total Cost": 67393.44, "Plan Rows": 89888, "Plan Width": 8, "Plans": [{"Node Type": "Seq Scan", "Parent Relationship": "Outer", "Relation Name": "part", "Alias": "part", "Startup Cost": 0.0, "Total Cost": 66944.0, "Plan Rows": 89888, "Plan Width": 8, "Filter": "((p_name)::text ~~ '%dim%'::text)"}]}]}, {"Node Type": "Materialize", "Parent Relationship": "Inner", "Startup Cost": 0.0, "Total Cost": 3783.0, "Plan Rows": 100000, "Plan Width": 12, "Plans": [{"Node Type": "Seq Scan", "Parent Relationship": "Outer", "Relation Name": "supplier", "Alias": "supplier", "Startup Cost": 0.0, "Total Cost": 3283.0, "Plan Rows": 100000, "Plan Width": 12}]}]}]}]}, {"Node Type": "Seq Scan", "Parent Relationship": "Inner", "Relation Name": "orders", "Alias": "orders", "Startup Cost": 0.0, "Total Cost": 426413.79, "Plan Rows": 14999479, "Plan Width": 16}]}, {"Node Type": "Seq Scan", "Parent Relationship": "Inner", "Relation Name": "nation", "Alias": "nation", "Startup Cost": 0.0, "Total Cost": 1.25, "Plan Rows": 25, "Plan Width": 30}]}]}]}, "Unique SQL Id": 3628361425}, "explain_analyze_plan": null}, "(1, 127)": {"explain_plan": {"Plan": {"Node Type": "Aggregate", "Strategy": "Sorted", "Startup Cost": 6098670509645.0, "Total Cost": 6098670509645.03, "Plan Rows": 1, "Plan Width": 74, "Group By Key": ["nation.n_name", "(date_part('year'::text, orders.o_orderdate))"], "Plans": [{"Node Type": "Sort", "Parent Relationship": "Outer", "Startup Cost": 6098670509645.0, "Total Cost": 6098670509645.0, "Plan Rows": 1, "Plan Width": 66, "Sort Key": ["nation.n_name", "(date_part('year'::text, orders.o_orderdate)) DESC"], "Plans": [{"Node Type": "Nested Loop", "Parent Relationship": "Outer", "Join Type": "Inner", "Startup Cost": 60000000000.0, "Total Cost": 6098670509644.99, "Plan Rows": 1, "Plan Width": 66, "Inner Unique": true, "Plans": [{"Node Type": "Nested Loop", "Parent Relationship": "Outer", "Join Type": "Inner", "Startup Cost": 50000000000.0, "Total Cost": 5098670509615.75, "Plan Rows": 1, "Plan Width": 66, "Inner Unique": true, "Plans": [{"Node Type": "Nested Loop", "Parent Relationship": "Outer", "Join Type": "Inner", "Startup Cost": 40000000000.0, "Total Cost": 4098670509588.73, "Plan Rows": 1, "Plan Width": 44, "Inner Unique": true, "Join Filter": "((lineitem.l_suppkey = partsupp.ps_suppkey) AND (lineitem.l_partkey = partsupp.ps_partkey))", "Plans": [{"Node Type": "Nested Loop", "Parent Relationship": "Outer", "Join Type": "Inner", "Startup Cost": 30000000000.0, "Total Cost": 3081960194963.16, "Plan Rows": 118842, "Plan Width": 68, "Inner Unique": true, "Join Filter": "(lineitem.l_suppkey = supplier.s_suppkey), (LLVM Optimized)", "Plans": [{"Node Type": "Nested Loop", "Parent Relationship": "Outer", "Join Type": "Inner", "Startup Cost": 20000000000.0, "Total Cost": 2081216312258.78, "Plan Rows": 495566, "Plan Width": 56, "Inner Unique": true, "Join Filter": "(part.p_partkey = lineitem.l_partkey), (LLVM Optimized)", "Plans": [{"Node Type": "Index Scan", "Parent Relationship": "Outer", "Scan Direction": "Forward", "Index Name": "idx_lineitem_orderkey", "Relation Name": "lineitem", "Alias": "lineitem", "Startup Cost": 10000000000.0, "Total Cost": 1000324015374.5, "Plan Rows": 59987033, "Plan Width": 48}, {"Node Type": "Materialize", "Parent Relationship": "Inner", "Startup Cost": 10000000000.0, "Total Cost": 1000010580774.44, "Plan Rows": 89888, "Plan Width": 8, "Plans": [{"Node Type": "Index Scan", "Parent Relationship": "Outer", "Scan Direction": "Forward", "Index Name": "part_kpey", "Relation Name": "part", "Alias": "part", "Startup Cost": 10000000000.0, "Total Cost": 1000010580325.0, "Plan Rows": 89888, "Plan Width": 8, "Filter": "((p_name)::text ~~ '%dim%'::text)"}]}]}, {"Node Type": "Materialize", "Parent Relationship": "Inner", "Startup Cost": 10000000000.0, "Total Cost": 1000000533954.38, "Plan Rows": 100000, "Plan Width": 12, "Plans": [{"Node Type": "Index Scan", "Parent Relationship": "Outer", "Scan Direction": "Forward", "Index Name": "supplier_pkey", "Relation Name": "supplier", "Alias": "supplier", "Startup Cost": 10000000000.0, "Total Cost": 1000000533454.38, "Plan Rows": 100000, "Plan Width": 12}]}]}, {"Node Type": "Materialize", "Parent Relationship": "Inner", "Startup Cost": 10000000000.0, "Total Cost": 1000071680965.08, "Plan Rows": 8000372, "Plan Width": 24, "Plans": [{"Node Type": "Index Scan", "Parent Relationship": "Outer", "Scan Direction": "Forward", "Index Name": "partsupp_pkey", "Relation Name": "partsupp", "Alias": "partsupp", "Startup Cost": 10000000000.0, "Total Cost": 1000071640963.22, "Plan Rows": 8000372, "Plan Width": 24}]}]}, {"Node Type": "Index Scan", "Parent Relationship": "Inner", "Scan Direction": "Forward", "Index Name": "nation_pkey", "Relation Name": "nation", "Alias": "nation", "Startup Cost": 10000000000.0, "Total Cost": 1000000000027.01, "Plan Rows": 1, "Plan Width": 30, "Index Cond": "(n_nationkey = supplier.s_nationkey)"}]}, {"Node Type": "Index Scan", "Parent Relationship": "Inner", "Scan Direction": "Forward", "Index Name": "orders_pkey", "Relation Name": "orders", "Alias": "orders", "Startup Cost": 10000000000.0, "Total Cost": 1000000000029.23, "Plan Rows": 1, "Plan Width": 16, "Index Cond": "(o_orderkey = lineitem.l_orderkey)"}]}]}]}, "Unique SQL Id": 3628361425}, "explain_analyze_plan": null}, "(16, 0)": {"explain_plan": {"Plan": {"Node Type": "Sort", "Startup Cost": 521166.05, "Total Cost": 521166.06, "Plan Rows": 1, "Plan Width": 74, "Sort Key": ["nation.n_name", "(date_part('year'::text, orders.o_orderdate)) DESC"], "Plans": [{"Node Type": "Aggregate", "Strategy": "Hashed", "Parent Relationship": "Outer", "Startup Cost": 521166.03, "Total Cost": 521166.04, "Plan Rows": 1, "Plan Width": 74, "Group By Key": ["nation.n_name", "date_part('year'::text, orders.o_orderdate)"], "Plans": [{"Node Type": "Nested Loop", "Parent Relationship": "Outer", "Join Type": "Inner", "Startup Cost": 72600.6, "Total Cost": 521166.01, "Plan Rows": 1, "Plan Width": 66, "Inner Unique": true, "Plans": [{"Node Type": "Nested Loop", "Parent Relationship": "Outer", "Join Type": "Inner", "Startup Cost": 72600.6, "Total Cost": 521165.73, "Plan Rows": 1, "Plan Width": 44, "Inner Unique": true, "Plans": [{"Node Type": "Nested Loop", "Parent Relationship": "Outer", "Join Type": "Inner", "Startup Cost": 72600.6, "Total Cost": 521165.43, "Plan Rows": 1, "Plan Width": 44, "Inner Unique": false, "Join Filter": "(supplier.s_suppkey = lineitem.l_suppkey)", "Plans": [{"Node Type": "Hash Join", "Parent Relationship": "Outer", "Join Type": "Inner", "Startup Cost": 72600.6, "Total Cost": 377416.42, "Plan Rows": 125630, "Plan Width": 44, "Inner Unique": true, "Hash Cond": "(partsupp.ps_suppkey = supplier.s_suppkey), (LLVM Optimized)", "Plans": [{"Node Type": "Hash Join", "Parent Relationship": "Outer", "Join Type": "Inner", "Startup Cost": 68067.6, "Total Cost": 370653.38, "Plan Rows": 259666, "Plan Width": 32, "Inner Unique": true, "Hash Cond": "(partsupp.ps_partkey = part.p_partkey), (LLVM Optimized)", "Plans": [{"Node Type": "Seq Scan", "Parent Relationship": "Outer", "Relation Name": "partsupp", "Alias": "partsupp", "Startup Cost": 0.0, "Total Cost": 269987.72, "Plan Rows": 8000372, "Plan Width": 24}, {"Node Type": "Hash", "Parent Relationship": "Inner", "Startup Cost": 66944.0, "Total Cost": 66944.0, "Plan Rows": 89888, "Plan Width": 8, "Plans": [{"Node Type": "Seq Scan", "Parent Relationship": "Outer", "Relation Name": "part", "Alias": "part", "Startup Cost": 0.0, "Total Cost": 66944.0, "Plan Rows": 89888, "Plan Width": 8, "Filter": "((p_name)::text ~~ '%dim%'::text)"}]}]}, {"Node Type": "Hash", "Parent Relationship": "Inner", "Startup Cost": 3283.0, "Total Cost": 3283.0, "Plan Rows": 100000, "Plan Width": 12, "Plans": [{"Node Type": "Seq Scan", "Parent Relationship": "Outer", "Relation Name": "supplier", "Alias": "supplier", "Startup Cost": 0.0, "Total Cost": 3283.0, "Plan Rows": 100000, "Plan Width": 12}]}]}, {"Node Type": "Index Scan", "Parent Relationship": "Inner", "Scan Direction": "Forward", "Index Name": "idx_lineitem_part_supp", "Relation Name": "lineitem", "Alias": "lineitem", "Startup Cost": 0.0, "Total Cost": 1.13, "Plan Rows": 1, "Plan Width": 48, "Index Cond": "((l_partkey = partsupp.ps_partkey) AND (l_suppkey = partsupp.ps_suppkey))"}]}, {"Node Type": "Index Scan", "Parent Relationship": "Inner", "Scan Direction": "Forward", "Index Name": "orders_pkey", "Relation Name": "orders", "Alias": "orders", "Startup Cost": 0.0, "Total Cost": 0.29, "Plan Rows": 1, "Plan Width": 16, "Index Cond": "(o_orderkey = lineitem.l_orderkey)"}]}, {"Node Type": "Index Scan", "Parent Relationship": "Inner", "Scan Direction": "Forward", "Index Name": "nation_pkey", "Relation Name": "nation", "Alias": "nation", "Startup Cost": 0.0, "Total Cost": 0.27, "Plan Rows": 1, "Plan Width": 30, "Index Cond": "(n_nationkey = supplier.s_nationkey)"}]}]}]}, "Unique SQL Id": 3628361425}, "explain_analyze_plan": {"Plan": {"Node Type": "Sort", "Startup Cost": 521166.05, "Total Cost": 521166.06, "Plan Rows": 1, "Plan Width": 74, "Actual Startup Time": 58612.397, "Actual Total Time": 58612.409, "Actual Rows": 175, "Actual Loops": 1, "Sort Key": ["nation.n_name", "(date_part('year'::text, orders.o_orderdate)) DESC"], "Sort Method": "quicksort", "Sort Space Used": 52, "Sort Space Type": "Memory", "Plans": [{"Node Type": "Aggregate", "Strategy": "Hashed", "Parent Relationship": "Outer", "Startup Cost": 521166.03, "Total Cost": 521166.04, "Plan Rows": 1, "Plan Width": 74, "Actual Startup Time": 58611.995, "Actual Total Time": 58612.032, "Actual Rows": 175, "Actual Loops": 1, "Group By Key": ["nation.n_name", "date_part('year'::text, orders.o_orderdate)"], "Plans": [{"Node Type": "Nested Loop", "Parent Relationship": "Outer", "Join Type": "Inner", "Startup Cost": 72600.6, "Total Cost": 521166.01, "Plan Rows": 1, "Plan Width": 66, "Actual Startup Time": 1104.953, "Actual Total Time": 54814.063, "Actual Rows": 3256948, "Actual Loops": 1, "Inner Unique": true, "Plans": [{"Node Type": "Nested Loop", "Parent Relationship": "Outer", "Join Type": "Inner", "Startup Cost": 72600.6, "Total Cost": 521165.73, "Plan Rows": 1, "Plan Width": 44, "Actual Startup Time": 1104.916, "Actual Total Time": 46326.692, "Actual Rows": 3256948, "Actual Loops": 1, "Inner Unique": true, "Plans": [{"Node Type": "Nested Loop", "Parent Relationship": "Outer", "Join Type": "Inner", "Startup Cost": 72600.6, "Total Cost": 521165.43, "Plan Rows": 1, "Plan Width": 44, "Actual Startup Time": 1104.891, "Actual Total Time": 18807.178, "Actual Rows": 3256948, "Actual Loops": 1, "Inner Unique": false, "Join Filter": "(supplier.s_suppkey = lineitem.l_suppkey)", "Rows Removed by Join Filter": 0, "Plans": [{"Node Type": "Hash Join", "Parent Relationship": "Outer", "Join Type": "Inner", "Startup Cost": 72600.6, "Total Cost": 377416.42, "Plan Rows": 125630, "Plan Width": 44, "Actual Startup Time": 1104.824, "Actual Total Time": 6240.661, "Actual Rows": 434204, "Actual Loops": 1, "Inner Unique": true, "Hash Cond": "(partsupp.ps_suppkey = supplier.s_suppkey), (LLVM Optimized, Jit Execute)", "Plans": [{"Node Type": "Hash Join", "Parent Relationship": "Outer", "Join Type": "Inner", "Startup Cost": 68067.6, "Total Cost": 370653.38, "Plan Rows": 259666, "Plan Width": 32, "Actual Startup Time": 1036.673, "Actual Total Time": 5757.994, "Actual Rows": 434204, "Actual Loops": 1, "Inner Unique": true, "Hash Cond": "(partsupp.ps_partkey = part.p_partkey), (LLVM Optimized, Jit Execute)", "Plans": [{"Node Type": "Seq Scan", "Parent Relationship": "Outer", "Relation Name": "partsupp", "Alias": "partsupp", "Startup Cost": 0.0, "Total Cost": 269987.72, "Plan Rows": 8000372, "Plan Width": 24, "Actual Startup Time": 0.025, "Actual Total Time": 2548.053, "Actual Rows": 8000000, "Actual Loops": 1}, {"Node Type": "Hash", "Parent Relationship": "Inner", "Startup Cost": 66944.0, "Total Cost": 66944.0, "Plan Rows": 89888, "Plan Width": 8, "Actual Startup Time": 1036.439, "Actual Total Time": 1036.439, "Actual Rows": 108551, "Actual Loops": 1, "Hash Buckets": 131072, "Hash Batches": 1, "Original Hash Batches": 1, "Peak Memory Usage": 4241, "Plans": [{"Node Type": "Seq Scan", "Parent Relationship": "Outer", "Relation Name": "part", "Alias": "part", "Startup Cost": 0.0, "Total Cost": 66944.0, "Plan Rows": 89888, "Plan Width": 8, "Actual Startup Time": 0.035, "Actual Total Time": 998.743, "Actual Rows": 108551, "Actual Loops": 1, "Filter": "((p_name)::text ~~ '%dim%'::text)", "Rows Removed by Filter": 1891449}]}]}, {"Node Type": "Hash", "Parent Relationship": "Inner", "Startup Cost": 3283.0, "Total Cost": 3283.0, "Plan Rows": 100000, "Plan Width": 12, "Actual Startup Time": 67.975, "Actual Total Time": 67.975, "Actual Rows": 100000, "Actual Loops": 1, "Hash Buckets": 131072, "Hash Batches": 1, "Original Hash Batches": 1, "Peak Memory Usage": 4297, "Plans": [{"Node Type": "Seq Scan", "Parent Relationship": "Outer", "Relation Name": "supplier", "Alias": "supplier", "Startup Cost": 0.0, "Total Cost": 3283.0, "Plan Rows": 100000, "Plan Width": 12, "Actual Startup Time": 0.02, "Actual Total Time": 39.334, "Actual Rows": 100000, "Actual Loops": 1}]}]}, {"Node Type": "Index Scan", "Parent Relationship": "Inner", "Scan Direction": "Forward", "Index Name": "idx_lineitem_part_supp", "Relation Name": "lineitem", "Alias": "lineitem", "Startup Cost": 0.0, "Total Cost": 1.13, "Plan Rows": 1, "Plan Width": 48, "Actual Startup Time": 3206.079, "Actual Total Time": 10926.206, "Actual Rows": 3256948, "Actual Loops": 434204, "Index Cond": "((l_partkey = partsupp.ps_partkey) AND (l_suppkey = partsupp.ps_suppkey))", "Rows Removed by Index Recheck": 0}]}, {"Node Type": "Index Scan", "Parent Relationship": "Inner", "Scan Direction": "Forward", "Index Name": "orders_pkey", "Relation Name": "orders", "Alias": "orders", "Startup Cost": 0.0, "Total Cost": 0.29, "Plan Rows": 1, "Plan Width": 16, "Actual Startup Time": 24822.179, "Actual Total Time": 24822.179, "Actual Rows": 3256948, "Actual Loops": 3256948, "Index Cond": "(o_orderkey = lineitem.l_orderkey)", "Rows Removed by Index Recheck": 0}]}, {"Node Type": "Index Scan", "Parent Relationship": "Inner", "Scan Direction": "Forward", "Index Name": "nation_pkey", "Relation Name": "nation", "Alias": "nation", "Startup Cost": 0.0, "Total Cost": 0.27, "Plan Rows": 1, "Plan Width": 30, "Actual Startup Time": 4488.603, "Actual Total Time": 4488.603, "Actual Rows": 3256948, "Actual Loops": 3256948, "Index Cond": "(n_nationkey = supplier.s_nationkey)", "Rows Removed by Index Recheck": 0}]}]}]}, "Triggers": [], "Planner Runtime": 34.971, "Total Runtime": 58621.827, "Unique SQL Id": 3628361425}}, "(16, 1)": {"explain_plan": {"Plan": {"Node Type": "Sort", "Startup Cost": 701189.51, "Total Cost": 701189.52, "Plan Rows": 1, "Plan Width": 74, "Sort Key": ["nation.n_name", "(date_part('year'::text, orders.o_orderdate)) DESC"], "Plans": [{"Node Type": "Aggregate", "Strategy": "Hashed", "Parent Relationship": "Outer", "Startup Cost": 701189.49, "Total Cost": 701189.5, "Plan Rows": 1, "Plan Width": 74, "Group By Key": ["nation.n_name", "date_part('year'::text, orders.o_orderdate)"], "Plans": [{"Node Type": "Nested Loop", "Parent Relationship": "Outer", "Join Type": "Inner", "Startup Cost": 6584.54, "Total Cost": 701189.47, "Plan Rows": 1, "Plan Width": 66, "Inner Unique": true, "Plans": [{"Node Type": "Nested Loop", "Parent Relationship": "Outer", "Join Type": "Inner", "Startup Cost": 6584.54, "Total Cost": 701189.19, "Plan Rows": 1, "Plan Width": 44, "Inner Unique": true, "Plans": [{"Node Type": "Nested Loop", "Parent Relationship": "Outer", "Join Type": "Inner", "Startup Cost": 6584.54, "Total Cost": 701188.89, "Plan Rows": 1, "Plan Width": 44, "Inner Unique": false, "Join Filter": "(supplier.s_suppkey = lineitem.l_suppkey)", "Plans": [{"Node Type": "Hash Join", "Parent Relationship": "Outer", "Join Type": "Inner", "Startup Cost": 6584.54, "Total Cost": 557439.88, "Plan Rows": 125630, "Plan Width": 44, "Inner Unique": true, "Hash Cond": "(partsupp.ps_suppkey = supplier.s_suppkey), (LLVM Optimized)", "Plans": [{"Node Type": "Nested Loop", "Parent Relationship": "Outer", "Join Type": "Inner", "Startup Cost": 0.0, "Total Cost": 548625.29, "Plan Rows": 259666, "Plan Width": 32, "Inner Unique": false, "Plans": [{"Node Type": "Index Scan", "Parent Relationship": "Outer", "Scan Direction": "Forward", "Index Name": "part_kpey", "Relation Name": "part", "Alias": "part", "Startup Cost": 0.0, "Total Cost": 105803.25, "Plan Rows": 89888, "Plan Width": 8, "Filter": "((p_name)::text ~~ '%dim%'::text)"}, {"Node Type": "Index Scan", "Parent Relationship": "Inner", "Scan Direction": "Forward", "Index Name": "idx_partsupp_partkey", "Relation Name": "partsupp", "Alias": "partsupp", "Startup Cost": 0.0, "Total Cost": 4.9, "Plan Rows": 3, "Plan Width": 24, "Index Cond": "(ps_partkey = part.p_partkey)"}]}, {"Node Type": "Hash", "Parent Relationship": "Inner", "Startup Cost": 5334.54, "Total Cost": 5334.54, "Plan Rows": 100000, "Plan Width": 12, "Plans": [{"Node Type": "Index Scan", "Parent Relationship": "Outer", "Scan Direction": "Forward", "Index Name": "supplier_pkey", "Relation Name": "supplier", "Alias": "supplier", "Startup Cost": 0.0, "Total Cost": 5334.54, "Plan Rows": 100000, "Plan Width": 12}]}]}, {"Node Type": "Index Scan", "Parent Relationship": "Inner", "Scan Direction": "Forward", "Index Name": "idx_lineitem_part_supp", "Relation Name": "lineitem", "Alias": "lineitem", "Startup Cost": 0.0, "Total Cost": 1.13, "Plan Rows": 1, "Plan Width": 48, "Index Cond": "((l_partkey = partsupp.ps_partkey) AND (l_suppkey = partsupp.ps_suppkey))"}]}, {"Node Type": "Index Scan", "Parent Relationship": "Inner", "Scan Direction": "Forward", "Index Name": "orders_pkey", "Relation Name": "orders", "Alias": "orders", "Startup Cost": 0.0, "Total Cost": 0.29, "Plan Rows": 1, "Plan Width": 16, "Index Cond": "(o_orderkey = lineitem.l_orderkey)"}]}, {"Node Type": "Index Scan", "Parent Relationship": "Inner", "Scan Direction": "Forward", "Index Name": "nation_pkey", "Relation Name": "nation", "Alias": "nation", "Startup Cost": 0.0, "Total Cost": 0.27, "Plan Rows": 1, "Plan Width": 30, "Index Cond": "(n_nationkey = supplier.s_nationkey)"}]}]}]}, "Unique SQL Id": 3628361425}, "explain_analyze_plan": {"Plan": {"Node Type": "Sort", "Startup Cost": 701189.51, "Total Cost": 701189.52, "Plan Rows": 1, "Plan Width": 74, "Actual Startup Time": 56757.804, "Actual Total Time": 56757.818, "Actual Rows": 175, "Actual Loops": 1, "Sort Key": ["nation.n_name", "(date_part('year'::text, orders.o_orderdate)) DESC"], "Sort Method": "quicksort", "Sort Space Used": 52, "Sort Space Type": "Memory", "Plans": [{"Node Type": "Aggregate", "Strategy": "Hashed", "Parent Relationship": "Outer", "Startup Cost": 701189.49, "Total Cost": 701189.5, "Plan Rows": 1, "Plan Width": 74, "Actual Startup Time": 56757.401, "Actual Total Time": 56757.434, "Actual Rows": 175, "Actual Loops": 1, "Group By Key": ["nation.n_name", "date_part('year'::text, orders.o_orderdate)"], "Plans": [{"Node Type": "Nested Loop", "Parent Relationship": "Outer", "Join Type": "Inner", "Startup Cost": 6584.54, "Total Cost": 701189.47, "Plan Rows": 1, "Plan Width": 66, "Actual Startup Time": 106.399, "Actual Total Time": 52825.55, "Actual Rows": 3256948, "Actual Loops": 1, "Inner Unique": true, "Plans": [{"Node Type": "Nested Loop", "Parent Relationship": "Outer", "Join Type": "Inner", "Startup Cost": 6584.54, "Total Cost": 701189.19, "Plan Rows": 1, "Plan Width": 44, "Actual Startup Time": 106.363, "Actual Total Time": 44002.737, "Actual Rows": 3256948, "Actual Loops": 1, "Inner Unique": true, "Plans": [{"Node Type": "Nested Loop", "Parent Relationship": "Outer", "Join Type": "Inner", "Startup Cost": 6584.54, "Total Cost": 701188.89, "Plan Rows": 1, "Plan Width": 44, "Actual Startup Time": 106.34, "Actual Total Time": 16136.796, "Actual Rows": 3256948, "Actual Loops": 1, "Inner Unique": false, "Join Filter": "(supplier.s_suppkey = lineitem.l_suppkey)", "Rows Removed by Join Filter": 0, "Plans": [{"Node Type": "Hash Join", "Parent Relationship": "Outer", "Join Type": "Inner", "Startup Cost": 6584.54, "Total Cost": 557439.88, "Plan Rows": 125630, "Plan Width": 44, "Actual Startup Time": 106.3, "Actual Total Time": 3477.4, "Actual Rows": 434204, "Actual Loops": 1, "Inner Unique": true, "Hash Cond": "(partsupp.ps_suppkey = supplier.s_suppkey), (LLVM Optimized, Jit Execute)", "Plans": [{"Node Type": "Nested Loop", "Parent Relationship": "Outer", "Join Type": "Inner", "Startup Cost": 0.0, "Total Cost": 548625.29, "Plan Rows": 259666, "Plan Width": 32, "Actual Startup Time": 0.05, "Actual Total Time": 2916.216, "Actual Rows": 434204, "Actual Loops": 1, "Inner Unique": false, "Plans": [{"Node Type": "Index Scan", "Parent Relationship": "Outer", "Scan Direction": "Forward", "Index Name": "part_kpey", "Relation Name": "part", "Alias": "part", "Startup Cost": 0.0, "Total Cost": 105803.25, "Plan Rows": 89888, "Plan Width": 8, "Actual Startup Time": 0.038, "Actual Total Time": 1713.725, "Actual Rows": 108551, "Actual Loops": 1, "Filter": "((p_name)::text ~~ '%dim%'::text)", "Rows Removed by Filter": 1891449}, {"Node Type": "Index Scan", "Parent Relationship": "Inner", "Scan Direction": "Forward", "Index Name": "idx_partsupp_partkey", "Relation Name": "partsupp", "Alias": "partsupp", "Startup Cost": 0.0, "Total Cost": 4.9, "Plan Rows": 3, "Plan Width": 24, "Actual Startup Time": 698.665, "Actual Total Time": 994.397, "Actual Rows": 434204, "Actual Loops": 108551, "Index Cond": "(ps_partkey = part.p_partkey)", "Rows Removed by Index Recheck": 0}]}, {"Node Type": "Hash", "Parent Relationship": "Inner", "Startup Cost": 5334.54, "Total Cost": 5334.54, "Plan Rows": 100000, "Plan Width": 12, "Actual Startup Time": 106.06, "Actual Total Time": 106.06, "Actual Rows": 100000, "Actual Loops": 1, "Hash Buckets": 131072, "Hash Batches": 1, "Original Hash Batches": 1, "Peak Memory Usage": 4297, "Plans": [{"Node Type": "Index Scan", "Parent Relationship": "Outer", "Scan Direction": "Forward", "Index Name": "supplier_pkey", "Relation Name": "supplier", "Alias": "supplier", "Startup Cost": 0.0, "Total Cost": 5334.54, "Plan Rows": 100000, "Plan Width": 12, "Actual Startup Time": 0.019, "Actual Total Time": 76.575, "Actual Rows": 100000, "Actual Loops": 1}]}]}, {"Node Type": "Index Scan", "Parent Relationship": "Inner", "Scan Direction": "Forward", "Index Name": "idx_lineitem_part_supp", "Relation Name": "lineitem", "Alias": "lineitem", "Startup Cost": 0.0, "Total Cost": 1.13, "Plan Rows": 1, "Plan Width": 48, "Actual Startup Time": 3224.162, "Actual Total Time": 11011.239, "Actual Rows": 3256948, "Actual Loops": 434204, "Index Cond": "((l_partkey = partsupp.ps_partkey) AND (l_suppkey = partsupp.ps_suppkey))", "Rows Removed by Index Recheck": 0}]}, {"Node Type": "Index Scan", "Parent Relationship": "Inner", "Scan Direction": "Forward", "Index Name": "orders_pkey", "Relation Name": "orders", "Alias": "orders", "Startup Cost": 0.0, "Total Cost": 0.29, "Plan Rows": 1, "Plan Width": 16, "Actual Startup Time": 25102.62, "Actual Total Time": 25102.62, "Actual Rows": 3256948, "Actual Loops": 3256948, "Index Cond": "(o_orderkey = lineitem.l_orderkey)", "Rows Removed by Index Recheck": 0}]}, {"Node Type": "Index Scan", "Parent Relationship": "Inner", "Scan Direction": "Forward", "Index Name": "nation_pkey", "Relation Name": "nation", "Alias": "nation", "Startup Cost": 0.0, "Total Cost": 0.27, "Plan Rows": 1, "Plan Width": 30, "Actual Startup Time": 4713.432, "Actual Total Time": 4713.432, "Actual Rows": 3256948, "Actual Loops": 3256948, "Index Cond": "(n_nationkey = supplier.s_nationkey)", "Rows Removed by Index Recheck": 0}]}]}]}, "Triggers": [], "Planner Runtime": 33.85, "Total Runtime": 56766.913, "Unique SQL Id": 3628361425}}, "(16, 2)": {"explain_plan": {"Plan": {"Node Type": "Sort", "Startup Cost": 934828.25, "Total Cost": 934828.25, "Plan Rows": 1, "Plan Width": 74, "Sort Key": ["nation.n_name", "(date_part('year'::text, orders.o_orderdate)) DESC"], "Plans": [{"Node Type": "Aggregate", "Strategy": "Hashed", "Parent Relationship": "Outer", "Startup Cost": 934828.22, "Total Cost": 934828.24, "Plan Rows": 1, "Plan Width": 74, "Group By Key": ["nation.n_name", "date_part('year'::text, orders.o_orderdate)"], "Plans": [{"Node Type": "Nested Loop", "Parent Relationship": "Outer", "Join Type": "Inner", "Startup Cost": 72601.27, "Total Cost": 934828.21, "Plan Rows": 1, "Plan Width": 66, "Inner Unique": true, "Join Filter": "(supplier.s_nationkey = nation.n_nationkey)", "Plans": [{"Node Type": "Nested Loop", "Parent Relationship": "Outer", "Join Type": "Inner", "Startup Cost": 72601.27, "Total Cost": 934826.64, "Plan Rows": 1, "Plan Width": 44, "Inner Unique": true, "Plans": [{"Node Type": "Nested Loop", "Parent Relationship": "Outer", "Join Type": "Inner", "Startup Cost": 72601.01, "Total Cost": 934822.36, "Plan Rows": 1, "Plan Width": 44, "Inner Unique": false, "Join Filter": "(supplier.s_suppkey = lineitem.l_suppkey)", "Plans": [{"Node Type": "Hash Join", "Parent Relationship": "Outer", "Join Type": "Inner", "Startup Cost": 72600.6, "Total Cost": 377416.42, "Plan Rows": 125630, "Plan Width": 44, "Inner Unique": true, "Hash Cond": "(partsupp.ps_suppkey = supplier.s_suppkey), (LLVM Optimized)", "Plans": [{"Node Type": "Hash Join", "Parent Relationship": "Outer", "Join Type": "Inner", "Startup Cost": 68067.6, "Total Cost": 370653.38, "Plan Rows": 259666, "Plan Width": 32, "Inner Unique": true, "Hash Cond": "(partsupp.ps_partkey = part.p_partkey), (LLVM Optimized)", "Plans": [{"Node Type": "Seq Scan", "Parent Relationship": "Outer", "Relation Name": "partsupp", "Alias": "partsupp", "Startup Cost": 0.0, "Total Cost": 269987.72, "Plan Rows": 8000372, "Plan Width": 24}, {"Node Type": "Hash", "Parent Relationship": "Inner", "Startup Cost": 66944.0, "Total Cost": 66944.0, "Plan Rows": 89888, "Plan Width": 8, "Plans": [{"Node Type": "Seq Scan", "Parent Relationship": "Outer", "Relation Name": "part", "Alias": "part", "Startup Cost": 0.0, "Total Cost": 66944.0, "Plan Rows": 89888, "Plan Width": 8, "Filter": "((p_name)::text ~~ '%dim%'::text)"}]}]}, {"Node Type": "Hash", "Parent Relationship": "Inner", "Startup Cost": 3283.0, "Total Cost": 3283.0, "Plan Rows": 100000, "Plan Width": 12, "Plans": [{"Node Type": "Seq Scan", "Parent Relationship": "Outer", "Relation Name": "supplier", "Alias": "supplier", "Startup Cost": 0.0, "Total Cost": 3283.0, "Plan Rows": 100000, "Plan Width": 12}]}]}, {"Node Type": "Bitmap Heap Scan", "Parent Relationship": "Inner", "Relation Name": "lineitem", "Alias": "lineitem", "Startup Cost": 0.41, "Total Cost": 4.42, "Plan Rows": 1, "Plan Width": 48, "Recheck Cond": "((l_partkey = partsupp.ps_partkey) AND (l_suppkey = partsupp.ps_suppkey))", "Plans": [{"Node Type": "Bitmap Index Scan", "Parent Relationship": "Outer", "Index Name": "idx_lineitem_part_supp", "Startup Cost": 0.0, "Total Cost": 0.41, "Plan Rows": 1, "Plan Width": 0, "Index Cond": "((l_partkey = partsupp.ps_partkey) AND (l_suppkey = partsupp.ps_suppkey))"}]}]}, {"Node Type": "Bitmap Heap Scan", "Parent Relationship": "Inner", "Relation Name": "orders", "Alias": "orders", "Startup Cost": 0.26, "Total Cost": 4.27, "Plan Rows": 1, "Plan Width": 16, "Recheck Cond": "(o_orderkey = lineitem.l_orderkey)", "Plans": [{"Node Type": "Bitmap Index Scan", "Parent Relationship": "Outer", "Index Name": "orders_pkey", "Startup Cost": 0.0, "Total Cost": 0.26, "Plan Rows": 1, "Plan Width": 0, "Index Cond": "(o_orderkey = lineitem.l_orderkey)"}]}]}, {"Node Type": "Seq Scan", "Parent Relationship": "Inner", "Relation Name": "nation", "Alias": "nation", "Startup Cost": 0.0, "Total Cost": 1.25, "Plan Rows": 25, "Plan Width": 30}]}]}]}, "Unique SQL Id": 3628361425}, "explain_analyze_plan": {"Plan": {"Node Type": "Sort", "Startup Cost": 934828.25, "Total Cost": 934828.25, "Plan Rows": 1, "Plan Width": 74, "Actual Startup Time": 91276.917, "Actual Total Time": 91276.931, "Actual Rows": 175, "Actual Loops": 1, "Sort Key": ["nation.n_name", "(date_part('year'::text, orders.o_orderdate)) DESC"], "Sort Method": "quicksort", "Sort Space Used": 52, "Sort Space Type": "Memory", "Plans": [{"Node Type": "Aggregate", "Strategy": "Hashed", "Parent Relationship": "Outer", "Startup Cost": 934828.22, "Total Cost": 934828.24, "Plan Rows": 1, "Plan Width": 74, "Actual Startup Time": 91276.474, "Actual Total Time": 91276.544, "Actual Rows": 175, "Actual Loops": 1, "Group By Key": ["nation.n_name", "date_part('year'::text, orders.o_orderdate)"], "Plans": [{"Node Type": "Nested Loop", "Parent Relationship": "Outer", "Join Type": "Inner", "Startup Cost": 72601.27, "Total Cost": 934828.21, "Plan Rows": 1, "Plan Width": 66, "Actual Startup Time": 1102.557, "Actual Total Time": 87118.643, "Actual Rows": 3256948, "Actual Loops": 1, "Inner Unique": true, "Join Filter": "(supplier.s_nationkey = nation.n_nationkey)", "Rows Removed by Join Filter": 39103306, "Plans": [{"Node Type": "Nested Loop", "Parent Relationship": "Outer", "Join Type": "Inner", "Startup Cost": 72601.27, "Total Cost": 934826.64, "Plan Rows": 1, "Plan Width": 44, "Actual Startup Time": 1102.505, "Actual Total Time": 56314.889, "Actual Rows": 3256948, "Actual Loops": 1, "Inner Unique": true, "Plans": [{"Node Type": "Nested Loop", "Parent Relationship": "Outer", "Join Type": "Inner", "Startup Cost": 72601.01, "Total Cost": 934822.36, "Plan Rows": 1, "Plan Width": 44, "Actual Startup Time": 1102.453, "Actual Total Time": 22401.629, "Actual Rows": 3256948, "Actual Loops": 1, "Inner Unique": false, "Join Filter": "(supplier.s_suppkey = lineitem.l_suppkey)", "Rows Removed by Join Filter": 0, "Plans": [{"Node Type": "Hash Join", "Parent Relationship": "Outer", "Join Type": "Inner", "Startup Cost": 72600.6, "Total Cost": 377416.42, "Plan Rows": 125630, "Plan Width": 44, "Actual Startup Time": 1102.357, "Actual Total Time": 6460.138, "Actual Rows": 434204, "Actual Loops": 1, "Inner Unique": true, "Hash Cond": "(partsupp.ps_suppkey = supplier.s_suppkey), (LLVM Optimized, Jit Execute)", "Plans": [{"Node Type": "Hash Join", "Parent Relationship": "Outer", "Join Type": "Inner", "Startup Cost": 68067.6, "Total Cost": 370653.38, "Plan Rows": 259666, "Plan Width": 32, "Actual Startup Time": 1036.038, "Actual Total Time": 6001.775, "Actual Rows": 434204, "Actual Loops": 1, "Inner Unique": true, "Hash Cond": "(partsupp.ps_partkey = part.p_partkey), (LLVM Optimized, Jit Execute)", "Plans": [{"Node Type": "Seq Scan", "Parent Relationship": "Outer", "Relation Name": "partsupp", "Alias": "partsupp", "Startup Cost": 0.0, "Total Cost": 269987.72, "Plan Rows": 8000372, "Plan Width": 24, "Actual Startup Time": 0.02, "Actual Total Time": 2598.997, "Actual Rows": 8000000, "Actual Loops": 1}, {"Node Type": "Hash", "Parent Relationship": "Inner", "Startup Cost": 66944.0, "Total Cost": 66944.0, "Plan Rows": 89888, "Plan Width": 8, "Actual Startup Time": 1035.83, "Actual Total Time": 1035.83, "Actual Rows": 108551, "Actual Loops": 1, "Hash Buckets": 131072, "Hash Batches": 1, "Original Hash Batches": 1, "Peak Memory Usage": 4241, "Plans": [{"Node Type": "Seq Scan", "Parent Relationship": "Outer", "Relation Name": "part", "Alias": "part", "Startup Cost": 0.0, "Total Cost": 66944.0, "Plan Rows": 89888, "Plan Width": 8, "Actual Startup Time": 0.032, "Actual Total Time": 998.399, "Actual Rows": 108551, "Actual Loops": 1, "Filter": "((p_name)::text ~~ '%dim%'::text)", "Rows Removed by Filter": 1891449}]}]}, {"Node Type": "Hash", "Parent Relationship": "Inner", "Startup Cost": 3283.0, "Total Cost": 3283.0, "Plan Rows": 100000, "Plan Width": 12, "Actual Startup Time": 66.218, "Actual Total Time": 66.218, "Actual Rows": 100000, "Actual Loops": 1, "Hash Buckets": 131072, "Hash Batches": 1, "Original Hash Batches": 1, "Peak Memory Usage": 4297, "Plans": [{"Node Type": "Seq Scan", "Parent Relationship": "Outer", "Relation Name": "supplier", "Alias": "supplier", "Startup Cost": 0.0, "Total Cost": 3283.0, "Plan Rows": 100000, "Plan Width": 12, "Actual Startup Time": 0.017, "Actual Total Time": 38.717, "Actual Rows": 100000, "Actual Loops": 1}]}]}, {"Node Type": "Bitmap Heap Scan", "Parent Relationship": "Inner", "Relation Name": "lineitem", "Alias": "lineitem", "Startup Cost": 0.41, "Total Cost": 4.42, "Plan Rows": 1, "Plan Width": 48, "Actual Startup Time": 5170.164, "Actual Total Time": 13861.551, "Actual Rows": 3256948, "Actual Loops": 434204, "Recheck Cond": "((l_partkey = partsupp.ps_partkey) AND (l_suppkey = partsupp.ps_suppkey))", "Rows Removed by Index Recheck": 0, "Exact Heap Blocks": 3256937, "Lossy Heap Blocks": 3256937, "Plans": [{"Node Type": "Bitmap Index Scan", "Parent Relationship": "Outer", "Index Name": "idx_lineitem_part_supp", "Startup Cost": 0.0, "Total Cost": 0.41, "Plan Rows": 1, "Plan Width": 0, "Actual Startup Time": 2908.835, "Actual Total Time": 2908.835, "Actual Rows": 3256948, "Actual Loops": 434204, "Index Cond": "((l_partkey = partsupp.ps_partkey) AND (l_suppkey = partsupp.ps_suppkey))"}]}]}, {"Node Type": "Bitmap Heap Scan", "Parent Relationship": "Inner", "Relation Name": "orders", "Alias": "orders", "Startup Cost": 0.26, "Total Cost": 4.27, "Plan Rows": 1, "Plan Width": 16, "Actual Startup Time": 29432.917, "Actual Total Time": 29432.917, "Actual Rows": 3256948, "Actual Loops": 3256948, "Recheck Cond": "(o_orderkey = lineitem.l_orderkey)", "Rows Removed by Index Recheck": 0, "Exact Heap Blocks": 3256948, "Lossy Heap Blocks": 3256948, "Plans": [{"Node Type": "Bitmap Index Scan", "Parent Relationship": "Outer", "Index Name": "orders_pkey", "Startup Cost": 0.0, "Total Cost": 0.26, "Plan Rows": 1, "Plan Width": 0, "Actual Startup Time": 18777.626, "Actual Total Time": 18777.626, "Actual Rows": 3256948, "Actual Loops": 3256948, "Index Cond": "(o_orderkey = lineitem.l_orderkey)"}]}]}, {"Node Type": "Seq Scan", "Parent Relationship": "Inner", "Relation Name": "nation", "Alias": "nation", "Startup Cost": 0.0, "Total Cost": 1.25, "Plan Rows": 25, "Plan Width": 30, "Actual Startup Time": 12624.958, "Actual Total Time": 16585.603, "Actual Rows": 42360254, "Actual Loops": 3256948}]}]}]}, "Triggers": [], "Planner Runtime": 41.461, "Total Runtime": 91286.235, "Unique SQL Id": 3628361425}}, "(16, 3)": {"explain_plan": {"Plan": {"Node Type": "Sort", "Startup Cost": 1000008167021.57, "Total Cost": 1000008167021.58, "Plan Rows": 1, "Plan Width": 74, "Sort Key": ["nation.n_name", "(date_part('year'::text, orders.o_orderdate)) DESC"], "Plans": [{"Node Type": "Aggregate", "Strategy": "Hashed", "Parent Relationship": "Outer", "Startup Cost": 1000008167021.55, "Total Cost": 1000008167021.56, "Plan Rows": 1, "Plan Width": 74, "Group By Key": ["nation.n_name", "date_part('year'::text, orders.o_orderdate)"], "Plans": [{"Node Type": "Nested Loop", "Parent Relationship": "Outer", "Join Type": "Inner", "Startup Cost": 10000000002.75, "Total Cost": 1000008167021.53, "Plan Rows": 1, "Plan Width": 66, "Inner Unique": true, "Plans": [{"Node Type": "Nested Loop", "Parent Relationship": "Outer", "Join Type": "Inner", "Startup Cost": 10000000002.5, "Total Cost": 1000008167017.25, "Plan Rows": 1, "Plan Width": 44, "Inner Unique": true, "Plans": [{"Node Type": "Nested Loop", "Parent Relationship": "Outer", "Join Type": "Inner", "Startup Cost": 10000000002.24, "Total Cost": 1000008167012.96, "Plan Rows": 1, "Plan Width": 44, "Inner Unique": true, "Join Filter": "(partsupp.ps_partkey = part.p_partkey)", "Plans": [{"Node Type": "Nested Loop", "Parent Relationship": "Outer", "Join Type": "Inner", "Startup Cost": 10000000001.98, "Total Cost": 1000008166987.25, "Plan Rows": 6, "Plan Width": 60, "Inner Unique": false, "Join Filter": "(supplier.s_suppkey = lineitem.l_suppkey)", "Plans": [{"Node Type": "Nested Loop", "Parent Relationship": "Outer", "Join Type": "Inner", "Startup Cost": 10000000001.57, "Total Cost": 1000002201599.04, "Plan Rows": 1344499, "Plan Width": 36, "Inner Unique": false, "Plans": [{"Node Type": "Index Scan", "Parent Relationship": "Outer", "Scan Direction": "Forward", "Index Name": "idx_supplier_nation_key", "Relation Name": "supplier", "Alias": "supplier", "Startup Cost": 10000000000.0, "Total Cost": 1000001217556.78, "Plan Rows": 100000, "Plan Width": 12}, {"Node Type": "Bitmap Heap Scan", "Parent Relationship": "Inner", "Relation Name": "partsupp", "Alias": "partsupp", "Startup Cost": 1.57, "Total Cost": 9.71, "Plan Rows": 13, "Plan Width": 24, "Recheck Cond": "(ps_suppkey = supplier.s_suppkey)", "Plans": [{"Node Type": "Bitmap Index Scan", "Parent Relationship": "Outer", "Index Name": "idx_partsupp_suppkey", "Startup Cost": 0.0, "Total Cost": 1.56, "Plan Rows": 13, "Plan Width": 0, "Index Cond": "(ps_suppkey = supplier.s_suppkey)"}]}]}, {"Node Type": "Bitmap Heap Scan", "Parent Relationship": "Inner", "Relation Name": "lineitem", "Alias": "lineitem", "Startup Cost": 0.41, "Total Cost": 4.42, "Plan Rows": 1, "Plan Width": 48, "Recheck Cond": "((l_partkey = partsupp.ps_partkey) AND (l_suppkey = partsupp.ps_suppkey))", "Plans": [{"Node Type": "Bitmap Index Scan", "Parent Relationship": "Outer", "Index Name": "idx_lineitem_part_supp", "Startup Cost": 0.0, "Total Cost": 0.41, "Plan Rows": 1, "Plan Width": 0, "Index Cond": "((l_partkey = partsupp.ps_partkey) AND (l_suppkey = partsupp.ps_suppkey))"}]}]}, {"Node Type": "Bitmap Heap Scan", "Parent Relationship": "Inner", "Relation Name": "part", "Alias": "part", "Startup Cost": 0.26, "Total Cost": 4.27, "Plan Rows": 1, "Plan Width": 8, "Recheck Cond": "(p_partkey = lineitem.l_partkey)", "Filter": "((p_name)::text ~~ '%dim%'::text)", "Plans": [{"Node Type": "Bitmap Index Scan", "Parent Relationship": "Outer", "Index Name": "part_kpey", "Startup Cost": 0.0, "Total Cost": 0.26, "Plan Rows": 1, "Plan Width": 0, "Index Cond": "(p_partkey = lineitem.l_partkey)"}]}]}, {"Node Type": "Bitmap Heap Scan", "Parent Relationship": "Inner", "Relation Name": "orders", "Alias": "orders", "Startup Cost": 0.26, "Total Cost": 4.27, "Plan Rows": 1, "Plan Width": 16, "Recheck Cond": "(o_orderkey = lineitem.l_orderkey)", "Plans": [{"Node Type": "Bitmap Index Scan", "Parent Relationship": "Outer", "Index Name": "orders_pkey", "Startup Cost": 0.0, "Total Cost": 0.26, "Plan Rows": 1, "Plan Width": 0, "Index Cond": "(o_orderkey = lineitem.l_orderkey)"}]}]}, {"Node Type": "Bitmap Heap Scan", "Parent Relationship": "Inner", "Relation Name": "nation", "Alias": "nation", "Startup Cost": 0.26, "Total Cost": 4.27, "Plan Rows": 1, "Plan Width": 30, "Recheck Cond": "(n_nationkey = supplier.s_nationkey)", "Plans": [{"Node Type": "Bitmap Index Scan", "Parent Relationship": "Outer", "Index Name": "nation_pkey", "Startup Cost": 0.0, "Total Cost": 0.26, "Plan Rows": 1, "Plan Width": 0, "Index Cond": "(n_nationkey = supplier.s_nationkey)"}]}]}]}]}, "Unique SQL Id": 3628361425}, "explain_analyze_plan": null}, "(16, 4)": {"explain_plan": {"Plan": {"Node Type": "Sort", "Startup Cost": 521166.05, "Total Cost": 521166.06, "Plan Rows": 1, "Plan Width": 74, "Sort Key": ["nation.n_name", "(date_part('year'::text, orders.o_orderdate)) DESC"], "Plans": [{"Node Type": "Aggregate", "Strategy": "Hashed", "Parent Relationship": "Outer", "Startup Cost": 521166.03, "Total Cost": 521166.04, "Plan Rows": 1, "Plan Width": 74, "Group By Key": ["nation.n_name", "date_part('year'::text, orders.o_orderdate)"], "Plans": [{"Node Type": "Nested Loop", "Parent Relationship": "Outer", "Join Type": "Inner", "Startup Cost": 72600.6, "Total Cost": 521166.01, "Plan Rows": 1, "Plan Width": 66, "Inner Unique": true, "Plans": [{"Node Type": "Nested Loop", "Parent Relationship": "Outer", "Join Type": "Inner", "Startup Cost": 72600.6, "Total Cost": 521165.73, "Plan Rows": 1, "Plan Width": 44, "Inner Unique": true, "Plans": [{"Node Type": "Nested Loop", "Parent Relationship": "Outer", "Join Type": "Inner", "Startup Cost": 72600.6, "Total Cost": 521165.43, "Plan Rows": 1, "Plan Width": 44, "Inner Unique": false, "Join Filter": "(supplier.s_suppkey = lineitem.l_suppkey)", "Plans": [{"Node Type": "Hash Join", "Parent Relationship": "Outer", "Join Type": "Inner", "Startup Cost": 72600.6, "Total Cost": 377416.42, "Plan Rows": 125630, "Plan Width": 44, "Inner Unique": true, "Hash Cond": "(partsupp.ps_suppkey = supplier.s_suppkey), (LLVM Optimized)", "Plans": [{"Node Type": "Hash Join", "Parent Relationship": "Outer", "Join Type": "Inner", "Startup Cost": 68067.6, "Total Cost": 370653.38, "Plan Rows": 259666, "Plan Width": 32, "Inner Unique": true, "Hash Cond": "(partsupp.ps_partkey = part.p_partkey), (LLVM Optimized)", "Plans": [{"Node Type": "Seq Scan", "Parent Relationship": "Outer", "Relation Name": "partsupp", "Alias": "partsupp", "Startup Cost": 0.0, "Total Cost": 269987.72, "Plan Rows": 8000372, "Plan Width": 24}, {"Node Type": "Hash", "Parent Relationship": "Inner", "Startup Cost": 66944.0, "Total Cost": 66944.0, "Plan Rows": 89888, "Plan Width": 8, "Plans": [{"Node Type": "Seq Scan", "Parent Relationship": "Outer", "Relation Name": "part", "Alias": "part", "Startup Cost": 0.0, "Total Cost": 66944.0, "Plan Rows": 89888, "Plan Width": 8, "Filter": "((p_name)::text ~~ '%dim%'::text)"}]}]}, {"Node Type": "Hash", "Parent Relationship": "Inner", "Startup Cost": 3283.0, "Total Cost": 3283.0, "Plan Rows": 100000, "Plan Width": 12, "Plans": [{"Node Type": "Seq Scan", "Parent Relationship": "Outer", "Relation Name": "supplier", "Alias": "supplier", "Startup Cost": 0.0, "Total Cost": 3283.0, "Plan Rows": 100000, "Plan Width": 12}]}]}, {"Node Type": "Index Scan", "Parent Relationship": "Inner", "Scan Direction": "Forward", "Index Name": "idx_lineitem_part_supp", "Relation Name": "lineitem", "Alias": "lineitem", "Startup Cost": 0.0, "Total Cost": 1.13, "Plan Rows": 1, "Plan Width": 48, "Index Cond": "((l_partkey = partsupp.ps_partkey) AND (l_suppkey = partsupp.ps_suppkey))"}]}, {"Node Type": "Index Scan", "Parent Relationship": "Inner", "Scan Direction": "Forward", "Index Name": "orders_pkey", "Relation Name": "orders", "Alias": "orders", "Startup Cost": 0.0, "Total Cost": 0.29, "Plan Rows": 1, "Plan Width": 16, "Index Cond": "(o_orderkey = lineitem.l_orderkey)"}]}, {"Node Type": "Index Scan", "Parent Relationship": "Inner", "Scan Direction": "Forward", "Index Name": "nation_pkey", "Relation Name": "nation", "Alias": "nation", "Startup Cost": 0.0, "Total Cost": 0.27, "Plan Rows": 1, "Plan Width": 30, "Index Cond": "(n_nationkey = supplier.s_nationkey)"}]}]}]}, "Unique SQL Id": 3628361425}, "explain_analyze_plan": {"Plan": {"Node Type": "Sort", "Startup Cost": 521166.05, "Total Cost": 521166.06, "Plan Rows": 1, "Plan Width": 74, "Actual Startup Time": 58612.397, "Actual Total Time": 58612.409, "Actual Rows": 175, "Actual Loops": 1, "Sort Key": ["nation.n_name", "(date_part('year'::text, orders.o_orderdate)) DESC"], "Sort Method": "quicksort", "Sort Space Used": 52, "Sort Space Type": "Memory", "Plans": [{"Node Type": "Aggregate", "Strategy": "Hashed", "Parent Relationship": "Outer", "Startup Cost": 521166.03, "Total Cost": 521166.04, "Plan Rows": 1, "Plan Width": 74, "Actual Startup Time": 58611.995, "Actual Total Time": 58612.032, "Actual Rows": 175, "Actual Loops": 1, "Group By Key": ["nation.n_name", "date_part('year'::text, orders.o_orderdate)"], "Plans": [{"Node Type": "Nested Loop", "Parent Relationship": "Outer", "Join Type": "Inner", "Startup Cost": 72600.6, "Total Cost": 521166.01, "Plan Rows": 1, "Plan Width": 66, "Actual Startup Time": 1104.953, "Actual Total Time": 54814.063, "Actual Rows": 3256948, "Actual Loops": 1, "Inner Unique": true, "Plans": [{"Node Type": "Nested Loop", "Parent Relationship": "Outer", "Join Type": "Inner", "Startup Cost": 72600.6, "Total Cost": 521165.73, "Plan Rows": 1, "Plan Width": 44, "Actual Startup Time": 1104.916, "Actual Total Time": 46326.692, "Actual Rows": 3256948, "Actual Loops": 1, "Inner Unique": true, "Plans": [{"Node Type": "Nested Loop", "Parent Relationship": "Outer", "Join Type": "Inner", "Startup Cost": 72600.6, "Total Cost": 521165.43, "Plan Rows": 1, "Plan Width": 44, "Actual Startup Time": 1104.891, "Actual Total Time": 18807.178, "Actual Rows": 3256948, "Actual Loops": 1, "Inner Unique": false, "Join Filter": "(supplier.s_suppkey = lineitem.l_suppkey)", "Rows Removed by Join Filter": 0, "Plans": [{"Node Type": "Hash Join", "Parent Relationship": "Outer", "Join Type": "Inner", "Startup Cost": 72600.6, "Total Cost": 377416.42, "Plan Rows": 125630, "Plan Width": 44, "Actual Startup Time": 1104.824, "Actual Total Time": 6240.661, "Actual Rows": 434204, "Actual Loops": 1, "Inner Unique": true, "Hash Cond": "(partsupp.ps_suppkey = supplier.s_suppkey), (LLVM Optimized, Jit Execute)", "Plans": [{"Node Type": "Hash Join", "Parent Relationship": "Outer", "Join Type": "Inner", "Startup Cost": 68067.6, "Total Cost": 370653.38, "Plan Rows": 259666, "Plan Width": 32, "Actual Startup Time": 1036.673, "Actual Total Time": 5757.994, "Actual Rows": 434204, "Actual Loops": 1, "Inner Unique": true, "Hash Cond": "(partsupp.ps_partkey = part.p_partkey), (LLVM Optimized, Jit Execute)", "Plans": [{"Node Type": "Seq Scan", "Parent Relationship": "Outer", "Relation Name": "partsupp", "Alias": "partsupp", "Startup Cost": 0.0, "Total Cost": 269987.72, "Plan Rows": 8000372, "Plan Width": 24, "Actual Startup Time": 0.025, "Actual Total Time": 2548.053, "Actual Rows": 8000000, "Actual Loops": 1}, {"Node Type": "Hash", "Parent Relationship": "Inner", "Startup Cost": 66944.0, "Total Cost": 66944.0, "Plan Rows": 89888, "Plan Width": 8, "Actual Startup Time": 1036.439, "Actual Total Time": 1036.439, "Actual Rows": 108551, "Actual Loops": 1, "Hash Buckets": 131072, "Hash Batches": 1, "Original Hash Batches": 1, "Peak Memory Usage": 4241, "Plans": [{"Node Type": "Seq Scan", "Parent Relationship": "Outer", "Relation Name": "part", "Alias": "part", "Startup Cost": 0.0, "Total Cost": 66944.0, "Plan Rows": 89888, "Plan Width": 8, "Actual Startup Time": 0.035, "Actual Total Time": 998.743, "Actual Rows": 108551, "Actual Loops": 1, "Filter": "((p_name)::text ~~ '%dim%'::text)", "Rows Removed by Filter": 1891449}]}]}, {"Node Type": "Hash", "Parent Relationship": "Inner", "Startup Cost": 3283.0, "Total Cost": 3283.0, "Plan Rows": 100000, "Plan Width": 12, "Actual Startup Time": 67.975, "Actual Total Time": 67.975, "Actual Rows": 100000, "Actual Loops": 1, "Hash Buckets": 131072, "Hash Batches": 1, "Original Hash Batches": 1, "Peak Memory Usage": 4297, "Plans": [{"Node Type": "Seq Scan", "Parent Relationship": "Outer", "Relation Name": "supplier", "Alias": "supplier", "Startup Cost": 0.0, "Total Cost": 3283.0, "Plan Rows": 100000, "Plan Width": 12, "Actual Startup Time": 0.02, "Actual Total Time": 39.334, "Actual Rows": 100000, "Actual Loops": 1}]}]}, {"Node Type": "Index Scan", "Parent Relationship": "Inner", "Scan Direction": "Forward", "Index Name": "idx_lineitem_part_supp", "Relation Name": "lineitem", "Alias": "lineitem", "Startup Cost": 0.0, "Total Cost": 1.13, "Plan Rows": 1, "Plan Width": 48, "Actual Startup Time": 3206.079, "Actual Total Time": 10926.206, "Actual Rows": 3256948, "Actual Loops": 434204, "Index Cond": "((l_partkey = partsupp.ps_partkey) AND (l_suppkey = partsupp.ps_suppkey))", "Rows Removed by Index Recheck": 0}]}, {"Node Type": "Index Scan", "Parent Relationship": "Inner", "Scan Direction": "Forward", "Index Name": "orders_pkey", "Relation Name": "orders", "Alias": "orders", "Startup Cost": 0.0, "Total Cost": 0.29, "Plan Rows": 1, "Plan Width": 16, "Actual Startup Time": 24822.179, "Actual Total Time": 24822.179, "Actual Rows": 3256948, "Actual Loops": 3256948, "Index Cond": "(o_orderkey = lineitem.l_orderkey)", "Rows Removed by Index Recheck": 0}]}, {"Node Type": "Index Scan", "Parent Relationship": "Inner", "Scan Direction": "Forward", "Index Name": "nation_pkey", "Relation Name": "nation", "Alias": "nation", "Startup Cost": 0.0, "Total Cost": 0.27, "Plan Rows": 1, "Plan Width": 30, "Actual Startup Time": 4488.603, "Actual Total Time": 4488.603, "Actual Rows": 3256948, "Actual Loops": 3256948, "Index Cond": "(n_nationkey = supplier.s_nationkey)", "Rows Removed by Index Recheck": 0}]}]}]}, "Triggers": [], "Planner Runtime": 34.971, "Total Runtime": 58621.827, "Unique SQL Id": 3628361425}}, "(16, 5)": {"explain_plan": {"Plan": {"Node Type": "Sort", "Startup Cost": 701189.51, "Total Cost": 701189.52, "Plan Rows": 1, "Plan Width": 74, "Sort Key": ["nation.n_name", "(date_part('year'::text, orders.o_orderdate)) DESC"], "Plans": [{"Node Type": "Aggregate", "Strategy": "Hashed", "Parent Relationship": "Outer", "Startup Cost": 701189.49, "Total Cost": 701189.5, "Plan Rows": 1, "Plan Width": 74, "Group By Key": ["nation.n_name", "date_part('year'::text, orders.o_orderdate)"], "Plans": [{"Node Type": "Nested Loop", "Parent Relationship": "Outer", "Join Type": "Inner", "Startup Cost": 6584.54, "Total Cost": 701189.47, "Plan Rows": 1, "Plan Width": 66, "Inner Unique": true, "Plans": [{"Node Type": "Nested Loop", "Parent Relationship": "Outer", "Join Type": "Inner", "Startup Cost": 6584.54, "Total Cost": 701189.19, "Plan Rows": 1, "Plan Width": 44, "Inner Unique": true, "Plans": [{"Node Type": "Nested Loop", "Parent Relationship": "Outer", "Join Type": "Inner", "Startup Cost": 6584.54, "Total Cost": 701188.89, "Plan Rows": 1, "Plan Width": 44, "Inner Unique": false, "Join Filter": "(supplier.s_suppkey = lineitem.l_suppkey)", "Plans": [{"Node Type": "Hash Join", "Parent Relationship": "Outer", "Join Type": "Inner", "Startup Cost": 6584.54, "Total Cost": 557439.88, "Plan Rows": 125630, "Plan Width": 44, "Inner Unique": true, "Hash Cond": "(partsupp.ps_suppkey = supplier.s_suppkey), (LLVM Optimized)", "Plans": [{"Node Type": "Nested Loop", "Parent Relationship": "Outer", "Join Type": "Inner", "Startup Cost": 0.0, "Total Cost": 548625.29, "Plan Rows": 259666, "Plan Width": 32, "Inner Unique": false, "Plans": [{"Node Type": "Index Scan", "Parent Relationship": "Outer", "Scan Direction": "Forward", "Index Name": "part_kpey", "Relation Name": "part", "Alias": "part", "Startup Cost": 0.0, "Total Cost": 105803.25, "Plan Rows": 89888, "Plan Width": 8, "Filter": "((p_name)::text ~~ '%dim%'::text)"}, {"Node Type": "Index Scan", "Parent Relationship": "Inner", "Scan Direction": "Forward", "Index Name": "idx_partsupp_partkey", "Relation Name": "partsupp", "Alias": "partsupp", "Startup Cost": 0.0, "Total Cost": 4.9, "Plan Rows": 3, "Plan Width": 24, "Index Cond": "(ps_partkey = part.p_partkey)"}]}, {"Node Type": "Hash", "Parent Relationship": "Inner", "Startup Cost": 5334.54, "Total Cost": 5334.54, "Plan Rows": 100000, "Plan Width": 12, "Plans": [{"Node Type": "Index Scan", "Parent Relationship": "Outer", "Scan Direction": "Forward", "Index Name": "supplier_pkey", "Relation Name": "supplier", "Alias": "supplier", "Startup Cost": 0.0, "Total Cost": 5334.54, "Plan Rows": 100000, "Plan Width": 12}]}]}, {"Node Type": "Index Scan", "Parent Relationship": "Inner", "Scan Direction": "Forward", "Index Name": "idx_lineitem_part_supp", "Relation Name": "lineitem", "Alias": "lineitem", "Startup Cost": 0.0, "Total Cost": 1.13, "Plan Rows": 1, "Plan Width": 48, "Index Cond": "((l_partkey = partsupp.ps_partkey) AND (l_suppkey = partsupp.ps_suppkey))"}]}, {"Node Type": "Index Scan", "Parent Relationship": "Inner", "Scan Direction": "Forward", "Index Name": "orders_pkey", "Relation Name": "orders", "Alias": "orders", "Startup Cost": 0.0, "Total Cost": 0.29, "Plan Rows": 1, "Plan Width": 16, "Index Cond": "(o_orderkey = lineitem.l_orderkey)"}]}, {"Node Type": "Index Scan", "Parent Relationship": "Inner", "Scan Direction": "Forward", "Index Name": "nation_pkey", "Relation Name": "nation", "Alias": "nation", "Startup Cost": 0.0, "Total Cost": 0.27, "Plan Rows": 1, "Plan Width": 30, "Index Cond": "(n_nationkey = supplier.s_nationkey)"}]}]}]}, "Unique SQL Id": 3628361425}, "explain_analyze_plan": {"Plan": {"Node Type": "Sort", "Startup Cost": 701189.51, "Total Cost": 701189.52, "Plan Rows": 1, "Plan Width": 74, "Actual Startup Time": 56757.804, "Actual Total Time": 56757.818, "Actual Rows": 175, "Actual Loops": 1, "Sort Key": ["nation.n_name", "(date_part('year'::text, orders.o_orderdate)) DESC"], "Sort Method": "quicksort", "Sort Space Used": 52, "Sort Space Type": "Memory", "Plans": [{"Node Type": "Aggregate", "Strategy": "Hashed", "Parent Relationship": "Outer", "Startup Cost": 701189.49, "Total Cost": 701189.5, "Plan Rows": 1, "Plan Width": 74, "Actual Startup Time": 56757.401, "Actual Total Time": 56757.434, "Actual Rows": 175, "Actual Loops": 1, "Group By Key": ["nation.n_name", "date_part('year'::text, orders.o_orderdate)"], "Plans": [{"Node Type": "Nested Loop", "Parent Relationship": "Outer", "Join Type": "Inner", "Startup Cost": 6584.54, "Total Cost": 701189.47, "Plan Rows": 1, "Plan Width": 66, "Actual Startup Time": 106.399, "Actual Total Time": 52825.55, "Actual Rows": 3256948, "Actual Loops": 1, "Inner Unique": true, "Plans": [{"Node Type": "Nested Loop", "Parent Relationship": "Outer", "Join Type": "Inner", "Startup Cost": 6584.54, "Total Cost": 701189.19, "Plan Rows": 1, "Plan Width": 44, "Actual Startup Time": 106.363, "Actual Total Time": 44002.737, "Actual Rows": 3256948, "Actual Loops": 1, "Inner Unique": true, "Plans": [{"Node Type": "Nested Loop", "Parent Relationship": "Outer", "Join Type": "Inner", "Startup Cost": 6584.54, "Total Cost": 701188.89, "Plan Rows": 1, "Plan Width": 44, "Actual Startup Time": 106.34, "Actual Total Time": 16136.796, "Actual Rows": 3256948, "Actual Loops": 1, "Inner Unique": false, "Join Filter": "(supplier.s_suppkey = lineitem.l_suppkey)", "Rows Removed by Join Filter": 0, "Plans": [{"Node Type": "Hash Join", "Parent Relationship": "Outer", "Join Type": "Inner", "Startup Cost": 6584.54, "Total Cost": 557439.88, "Plan Rows": 125630, "Plan Width": 44, "Actual Startup Time": 106.3, "Actual Total Time": 3477.4, "Actual Rows": 434204, "Actual Loops": 1, "Inner Unique": true, "Hash Cond": "(partsupp.ps_suppkey = supplier.s_suppkey), (LLVM Optimized, Jit Execute)", "Plans": [{"Node Type": "Nested Loop", "Parent Relationship": "Outer", "Join Type": "Inner", "Startup Cost": 0.0, "Total Cost": 548625.29, "Plan Rows": 259666, "Plan Width": 32, "Actual Startup Time": 0.05, "Actual Total Time": 2916.216, "Actual Rows": 434204, "Actual Loops": 1, "Inner Unique": false, "Plans": [{"Node Type": "Index Scan", "Parent Relationship": "Outer", "Scan Direction": "Forward", "Index Name": "part_kpey", "Relation Name": "part", "Alias": "part", "Startup Cost": 0.0, "Total Cost": 105803.25, "Plan Rows": 89888, "Plan Width": 8, "Actual Startup Time": 0.038, "Actual Total Time": 1713.725, "Actual Rows": 108551, "Actual Loops": 1, "Filter": "((p_name)::text ~~ '%dim%'::text)", "Rows Removed by Filter": 1891449}, {"Node Type": "Index Scan", "Parent Relationship": "Inner", "Scan Direction": "Forward", "Index Name": "idx_partsupp_partkey", "Relation Name": "partsupp", "Alias": "partsupp", "Startup Cost": 0.0, "Total Cost": 4.9, "Plan Rows": 3, "Plan Width": 24, "Actual Startup Time": 698.665, "Actual Total Time": 994.397, "Actual Rows": 434204, "Actual Loops": 108551, "Index Cond": "(ps_partkey = part.p_partkey)", "Rows Removed by Index Recheck": 0}]}, {"Node Type": "Hash", "Parent Relationship": "Inner", "Startup Cost": 5334.54, "Total Cost": 5334.54, "Plan Rows": 100000, "Plan Width": 12, "Actual Startup Time": 106.06, "Actual Total Time": 106.06, "Actual Rows": 100000, "Actual Loops": 1, "Hash Buckets": 131072, "Hash Batches": 1, "Original Hash Batches": 1, "Peak Memory Usage": 4297, "Plans": [{"Node Type": "Index Scan", "Parent Relationship": "Outer", "Scan Direction": "Forward", "Index Name": "supplier_pkey", "Relation Name": "supplier", "Alias": "supplier", "Startup Cost": 0.0, "Total Cost": 5334.54, "Plan Rows": 100000, "Plan Width": 12, "Actual Startup Time": 0.019, "Actual Total Time": 76.575, "Actual Rows": 100000, "Actual Loops": 1}]}]}, {"Node Type": "Index Scan", "Parent Relationship": "Inner", "Scan Direction": "Forward", "Index Name": "idx_lineitem_part_supp", "Relation Name": "lineitem", "Alias": "lineitem", "Startup Cost": 0.0, "Total Cost": 1.13, "Plan Rows": 1, "Plan Width": 48, "Actual Startup Time": 3224.162, "Actual Total Time": 11011.239, "Actual Rows": 3256948, "Actual Loops": 434204, "Index Cond": "((l_partkey = partsupp.ps_partkey) AND (l_suppkey = partsupp.ps_suppkey))", "Rows Removed by Index Recheck": 0}]}, {"Node Type": "Index Scan", "Parent Relationship": "Inner", "Scan Direction": "Forward", "Index Name": "orders_pkey", "Relation Name": "orders", "Alias": "orders", "Startup Cost": 0.0, "Total Cost": 0.29, "Plan Rows": 1, "Plan Width": 16, "Actual Startup Time": 25102.62, "Actual Total Time": 25102.62, "Actual Rows": 3256948, "Actual Loops": 3256948, "Index Cond": "(o_orderkey = lineitem.l_orderkey)", "Rows Removed by Index Recheck": 0}]}, {"Node Type": "Index Scan", "Parent Relationship": "Inner", "Scan Direction": "Forward", "Index Name": "nation_pkey", "Relation Name": "nation", "Alias": "nation", "Startup Cost": 0.0, "Total Cost": 0.27, "Plan Rows": 1, "Plan Width": 30, "Actual Startup Time": 4713.432, "Actual Total Time": 4713.432, "Actual Rows": 3256948, "Actual Loops": 3256948, "Index Cond": "(n_nationkey = supplier.s_nationkey)", "Rows Removed by Index Recheck": 0}]}]}]}, "Triggers": [], "Planner Runtime": 33.85, "Total Runtime": 56766.913, "Unique SQL Id": 3628361425}}, "(16, 6)": {"explain_plan": {"Plan": {"Node Type": "Sort", "Startup Cost": 934828.25, "Total Cost": 934828.25, "Plan Rows": 1, "Plan Width": 74, "Sort Key": ["nation.n_name", "(date_part('year'::text, orders.o_orderdate)) DESC"], "Plans": [{"Node Type": "Aggregate", "Strategy": "Hashed", "Parent Relationship": "Outer", "Startup Cost": 934828.22, "Total Cost": 934828.24, "Plan Rows": 1, "Plan Width": 74, "Group By Key": ["nation.n_name", "date_part('year'::text, orders.o_orderdate)"], "Plans": [{"Node Type": "Nested Loop", "Parent Relationship": "Outer", "Join Type": "Inner", "Startup Cost": 72601.27, "Total Cost": 934828.21, "Plan Rows": 1, "Plan Width": 66, "Inner Unique": true, "Join Filter": "(supplier.s_nationkey = nation.n_nationkey)", "Plans": [{"Node Type": "Nested Loop", "Parent Relationship": "Outer", "Join Type": "Inner", "Startup Cost": 72601.27, "Total Cost": 934826.64, "Plan Rows": 1, "Plan Width": 44, "Inner Unique": true, "Plans": [{"Node Type": "Nested Loop", "Parent Relationship": "Outer", "Join Type": "Inner", "Startup Cost": 72601.01, "Total Cost": 934822.36, "Plan Rows": 1, "Plan Width": 44, "Inner Unique": false, "Join Filter": "(supplier.s_suppkey = lineitem.l_suppkey)", "Plans": [{"Node Type": "Hash Join", "Parent Relationship": "Outer", "Join Type": "Inner", "Startup Cost": 72600.6, "Total Cost": 377416.42, "Plan Rows": 125630, "Plan Width": 44, "Inner Unique": true, "Hash Cond": "(partsupp.ps_suppkey = supplier.s_suppkey), (LLVM Optimized)", "Plans": [{"Node Type": "Hash Join", "Parent Relationship": "Outer", "Join Type": "Inner", "Startup Cost": 68067.6, "Total Cost": 370653.38, "Plan Rows": 259666, "Plan Width": 32, "Inner Unique": true, "Hash Cond": "(partsupp.ps_partkey = part.p_partkey), (LLVM Optimized)", "Plans": [{"Node Type": "Seq Scan", "Parent Relationship": "Outer", "Relation Name": "partsupp", "Alias": "partsupp", "Startup Cost": 0.0, "Total Cost": 269987.72, "Plan Rows": 8000372, "Plan Width": 24}, {"Node Type": "Hash", "Parent Relationship": "Inner", "Startup Cost": 66944.0, "Total Cost": 66944.0, "Plan Rows": 89888, "Plan Width": 8, "Plans": [{"Node Type": "Seq Scan", "Parent Relationship": "Outer", "Relation Name": "part", "Alias": "part", "Startup Cost": 0.0, "Total Cost": 66944.0, "Plan Rows": 89888, "Plan Width": 8, "Filter": "((p_name)::text ~~ '%dim%'::text)"}]}]}, {"Node Type": "Hash", "Parent Relationship": "Inner", "Startup Cost": 3283.0, "Total Cost": 3283.0, "Plan Rows": 100000, "Plan Width": 12, "Plans": [{"Node Type": "Seq Scan", "Parent Relationship": "Outer", "Relation Name": "supplier", "Alias": "supplier", "Startup Cost": 0.0, "Total Cost": 3283.0, "Plan Rows": 100000, "Plan Width": 12}]}]}, {"Node Type": "Bitmap Heap Scan", "Parent Relationship": "Inner", "Relation Name": "lineitem", "Alias": "lineitem", "Startup Cost": 0.41, "Total Cost": 4.42, "Plan Rows": 1, "Plan Width": 48, "Recheck Cond": "((l_partkey = partsupp.ps_partkey) AND (l_suppkey = partsupp.ps_suppkey))", "Plans": [{"Node Type": "Bitmap Index Scan", "Parent Relationship": "Outer", "Index Name": "idx_lineitem_part_supp", "Startup Cost": 0.0, "Total Cost": 0.41, "Plan Rows": 1, "Plan Width": 0, "Index Cond": "((l_partkey = partsupp.ps_partkey) AND (l_suppkey = partsupp.ps_suppkey))"}]}]}, {"Node Type": "Bitmap Heap Scan", "Parent Relationship": "Inner", "Relation Name": "orders", "Alias": "orders", "Startup Cost": 0.26, "Total Cost": 4.27, "Plan Rows": 1, "Plan Width": 16, "Recheck Cond": "(o_orderkey = lineitem.l_orderkey)", "Plans": [{"Node Type": "Bitmap Index Scan", "Parent Relationship": "Outer", "Index Name": "orders_pkey", "Startup Cost": 0.0, "Total Cost": 0.26, "Plan Rows": 1, "Plan Width": 0, "Index Cond": "(o_orderkey = lineitem.l_orderkey)"}]}]}, {"Node Type": "Seq Scan", "Parent Relationship": "Inner", "Relation Name": "nation", "Alias": "nation", "Startup Cost": 0.0, "Total Cost": 1.25, "Plan Rows": 25, "Plan Width": 30}]}]}]}, "Unique SQL Id": 3628361425}, "explain_analyze_plan": {"Plan": {"Node Type": "Sort", "Startup Cost": 934828.25, "Total Cost": 934828.25, "Plan Rows": 1, "Plan Width": 74, "Actual Startup Time": 91276.917, "Actual Total Time": 91276.931, "Actual Rows": 175, "Actual Loops": 1, "Sort Key": ["nation.n_name", "(date_part('year'::text, orders.o_orderdate)) DESC"], "Sort Method": "quicksort", "Sort Space Used": 52, "Sort Space Type": "Memory", "Plans": [{"Node Type": "Aggregate", "Strategy": "Hashed", "Parent Relationship": "Outer", "Startup Cost": 934828.22, "Total Cost": 934828.24, "Plan Rows": 1, "Plan Width": 74, "Actual Startup Time": 91276.474, "Actual Total Time": 91276.544, "Actual Rows": 175, "Actual Loops": 1, "Group By Key": ["nation.n_name", "date_part('year'::text, orders.o_orderdate)"], "Plans": [{"Node Type": "Nested Loop", "Parent Relationship": "Outer", "Join Type": "Inner", "Startup Cost": 72601.27, "Total Cost": 934828.21, "Plan Rows": 1, "Plan Width": 66, "Actual Startup Time": 1102.557, "Actual Total Time": 87118.643, "Actual Rows": 3256948, "Actual Loops": 1, "Inner Unique": true, "Join Filter": "(supplier.s_nationkey = nation.n_nationkey)", "Rows Removed by Join Filter": 39103306, "Plans": [{"Node Type": "Nested Loop", "Parent Relationship": "Outer", "Join Type": "Inner", "Startup Cost": 72601.27, "Total Cost": 934826.64, "Plan Rows": 1, "Plan Width": 44, "Actual Startup Time": 1102.505, "Actual Total Time": 56314.889, "Actual Rows": 3256948, "Actual Loops": 1, "Inner Unique": true, "Plans": [{"Node Type": "Nested Loop", "Parent Relationship": "Outer", "Join Type": "Inner", "Startup Cost": 72601.01, "Total Cost": 934822.36, "Plan Rows": 1, "Plan Width": 44, "Actual Startup Time": 1102.453, "Actual Total Time": 22401.629, "Actual Rows": 3256948, "Actual Loops": 1, "Inner Unique": false, "Join Filter": "(supplier.s_suppkey = lineitem.l_suppkey)", "Rows Removed by Join Filter": 0, "Plans": [{"Node Type": "Hash Join", "Parent Relationship": "Outer", "Join Type": "Inner", "Startup Cost": 72600.6, "Total Cost": 377416.42, "Plan Rows": 125630, "Plan Width": 44, "Actual Startup Time": 1102.357, "Actual Total Time": 6460.138, "Actual Rows": 434204, "Actual Loops": 1, "Inner Unique": true, "Hash Cond": "(partsupp.ps_suppkey = supplier.s_suppkey), (LLVM Optimized, Jit Execute)", "Plans": [{"Node Type": "Hash Join", "Parent Relationship": "Outer", "Join Type": "Inner", "Startup Cost": 68067.6, "Total Cost": 370653.38, "Plan Rows": 259666, "Plan Width": 32, "Actual Startup Time": 1036.038, "Actual Total Time": 6001.775, "Actual Rows": 434204, "Actual Loops": 1, "Inner Unique": true, "Hash Cond": "(partsupp.ps_partkey = part.p_partkey), (LLVM Optimized, Jit Execute)", "Plans": [{"Node Type": "Seq Scan", "Parent Relationship": "Outer", "Relation Name": "partsupp", "Alias": "partsupp", "Startup Cost": 0.0, "Total Cost": 269987.72, "Plan Rows": 8000372, "Plan Width": 24, "Actual Startup Time": 0.02, "Actual Total Time": 2598.997, "Actual Rows": 8000000, "Actual Loops": 1}, {"Node Type": "Hash", "Parent Relationship": "Inner", "Startup Cost": 66944.0, "Total Cost": 66944.0, "Plan Rows": 89888, "Plan Width": 8, "Actual Startup Time": 1035.83, "Actual Total Time": 1035.83, "Actual Rows": 108551, "Actual Loops": 1, "Hash Buckets": 131072, "Hash Batches": 1, "Original Hash Batches": 1, "Peak Memory Usage": 4241, "Plans": [{"Node Type": "Seq Scan", "Parent Relationship": "Outer", "Relation Name": "part", "Alias": "part", "Startup Cost": 0.0, "Total Cost": 66944.0, "Plan Rows": 89888, "Plan Width": 8, "Actual Startup Time": 0.032, "Actual Total Time": 998.399, "Actual Rows": 108551, "Actual Loops": 1, "Filter": "((p_name)::text ~~ '%dim%'::text)", "Rows Removed by Filter": 1891449}]}]}, {"Node Type": "Hash", "Parent Relationship": "Inner", "Startup Cost": 3283.0, "Total Cost": 3283.0, "Plan Rows": 100000, "Plan Width": 12, "Actual Startup Time": 66.218, "Actual Total Time": 66.218, "Actual Rows": 100000, "Actual Loops": 1, "Hash Buckets": 131072, "Hash Batches": 1, "Original Hash Batches": 1, "Peak Memory Usage": 4297, "Plans": [{"Node Type": "Seq Scan", "Parent Relationship": "Outer", "Relation Name": "supplier", "Alias": "supplier", "Startup Cost": 0.0, "Total Cost": 3283.0, "Plan Rows": 100000, "Plan Width": 12, "Actual Startup Time": 0.017, "Actual Total Time": 38.717, "Actual Rows": 100000, "Actual Loops": 1}]}]}, {"Node Type": "Bitmap Heap Scan", "Parent Relationship": "Inner", "Relation Name": "lineitem", "Alias": "lineitem", "Startup Cost": 0.41, "Total Cost": 4.42, "Plan Rows": 1, "Plan Width": 48, "Actual Startup Time": 5170.164, "Actual Total Time": 13861.551, "Actual Rows": 3256948, "Actual Loops": 434204, "Recheck Cond": "((l_partkey = partsupp.ps_partkey) AND (l_suppkey = partsupp.ps_suppkey))", "Rows Removed by Index Recheck": 0, "Exact Heap Blocks": 3256937, "Lossy Heap Blocks": 3256937, "Plans": [{"Node Type": "Bitmap Index Scan", "Parent Relationship": "Outer", "Index Name": "idx_lineitem_part_supp", "Startup Cost": 0.0, "Total Cost": 0.41, "Plan Rows": 1, "Plan Width": 0, "Actual Startup Time": 2908.835, "Actual Total Time": 2908.835, "Actual Rows": 3256948, "Actual Loops": 434204, "Index Cond": "((l_partkey = partsupp.ps_partkey) AND (l_suppkey = partsupp.ps_suppkey))"}]}]}, {"Node Type": "Bitmap Heap Scan", "Parent Relationship": "Inner", "Relation Name": "orders", "Alias": "orders", "Startup Cost": 0.26, "Total Cost": 4.27, "Plan Rows": 1, "Plan Width": 16, "Actual Startup Time": 29432.917, "Actual Total Time": 29432.917, "Actual Rows": 3256948, "Actual Loops": 3256948, "Recheck Cond": "(o_orderkey = lineitem.l_orderkey)", "Rows Removed by Index Recheck": 0, "Exact Heap Blocks": 3256948, "Lossy Heap Blocks": 3256948, "Plans": [{"Node Type": "Bitmap Index Scan", "Parent Relationship": "Outer", "Index Name": "orders_pkey", "Startup Cost": 0.0, "Total Cost": 0.26, "Plan Rows": 1, "Plan Width": 0, "Actual Startup Time": 18777.626, "Actual Total Time": 18777.626, "Actual Rows": 3256948, "Actual Loops": 3256948, "Index Cond": "(o_orderkey = lineitem.l_orderkey)"}]}]}, {"Node Type": "Seq Scan", "Parent Relationship": "Inner", "Relation Name": "nation", "Alias": "nation", "Startup Cost": 0.0, "Total Cost": 1.25, "Plan Rows": 25, "Plan Width": 30, "Actual Startup Time": 12624.958, "Actual Total Time": 16585.603, "Actual Rows": 42360254, "Actual Loops": 3256948}]}]}]}, "Triggers": [], "Planner Runtime": 41.461, "Total Runtime": 91286.235, "Unique SQL Id": 3628361425}}, "(16, 7)": {"explain_plan": {"Plan": {"Node Type": "Sort", "Startup Cost": 1000008167021.57, "Total Cost": 1000008167021.58, "Plan Rows": 1, "Plan Width": 74, "Sort Key": ["nation.n_name", "(date_part('year'::text, orders.o_orderdate)) DESC"], "Plans": [{"Node Type": "Aggregate", "Strategy": "Hashed", "Parent Relationship": "Outer", "Startup Cost": 1000008167021.55, "Total Cost": 1000008167021.56, "Plan Rows": 1, "Plan Width": 74, "Group By Key": ["nation.n_name", "date_part('year'::text, orders.o_orderdate)"], "Plans": [{"Node Type": "Nested Loop", "Parent Relationship": "Outer", "Join Type": "Inner", "Startup Cost": 10000000002.75, "Total Cost": 1000008167021.53, "Plan Rows": 1, "Plan Width": 66, "Inner Unique": true, "Plans": [{"Node Type": "Nested Loop", "Parent Relationship": "Outer", "Join Type": "Inner", "Startup Cost": 10000000002.5, "Total Cost": 1000008167017.25, "Plan Rows": 1, "Plan Width": 44, "Inner Unique": true, "Plans": [{"Node Type": "Nested Loop", "Parent Relationship": "Outer", "Join Type": "Inner", "Startup Cost": 10000000002.24, "Total Cost": 1000008167012.96, "Plan Rows": 1, "Plan Width": 44, "Inner Unique": true, "Join Filter": "(partsupp.ps_partkey = part.p_partkey)", "Plans": [{"Node Type": "Nested Loop", "Parent Relationship": "Outer", "Join Type": "Inner", "Startup Cost": 10000000001.98, "Total Cost": 1000008166987.25, "Plan Rows": 6, "Plan Width": 60, "Inner Unique": false, "Join Filter": "(supplier.s_suppkey = lineitem.l_suppkey)", "Plans": [{"Node Type": "Nested Loop", "Parent Relationship": "Outer", "Join Type": "Inner", "Startup Cost": 10000000001.57, "Total Cost": 1000002201599.04, "Plan Rows": 1344499, "Plan Width": 36, "Inner Unique": false, "Plans": [{"Node Type": "Index Scan", "Parent Relationship": "Outer", "Scan Direction": "Forward", "Index Name": "idx_supplier_nation_key", "Relation Name": "supplier", "Alias": "supplier", "Startup Cost": 10000000000.0, "Total Cost": 1000001217556.78, "Plan Rows": 100000, "Plan Width": 12}, {"Node Type": "Bitmap Heap Scan", "Parent Relationship": "Inner", "Relation Name": "partsupp", "Alias": "partsupp", "Startup Cost": 1.57, "Total Cost": 9.71, "Plan Rows": 13, "Plan Width": 24, "Recheck Cond": "(ps_suppkey = supplier.s_suppkey)", "Plans": [{"Node Type": "Bitmap Index Scan", "Parent Relationship": "Outer", "Index Name": "idx_partsupp_suppkey", "Startup Cost": 0.0, "Total Cost": 1.56, "Plan Rows": 13, "Plan Width": 0, "Index Cond": "(ps_suppkey = supplier.s_suppkey)"}]}]}, {"Node Type": "Bitmap Heap Scan", "Parent Relationship": "Inner", "Relation Name": "lineitem", "Alias": "lineitem", "Startup Cost": 0.41, "Total Cost": 4.42, "Plan Rows": 1, "Plan Width": 48, "Recheck Cond": "((l_partkey = partsupp.ps_partkey) AND (l_suppkey = partsupp.ps_suppkey))", "Plans": [{"Node Type": "Bitmap Index Scan", "Parent Relationship": "Outer", "Index Name": "idx_lineitem_part_supp", "Startup Cost": 0.0, "Total Cost": 0.41, "Plan Rows": 1, "Plan Width": 0, "Index Cond": "((l_partkey = partsupp.ps_partkey) AND (l_suppkey = partsupp.ps_suppkey))"}]}]}, {"Node Type": "Bitmap Heap Scan", "Parent Relationship": "Inner", "Relation Name": "part", "Alias": "part", "Startup Cost": 0.26, "Total Cost": 4.27, "Plan Rows": 1, "Plan Width": 8, "Recheck Cond": "(p_partkey = lineitem.l_partkey)", "Filter": "((p_name)::text ~~ '%dim%'::text)", "Plans": [{"Node Type": "Bitmap Index Scan", "Parent Relationship": "Outer", "Index Name": "part_kpey", "Startup Cost": 0.0, "Total Cost": 0.26, "Plan Rows": 1, "Plan Width": 0, "Index Cond": "(p_partkey = lineitem.l_partkey)"}]}]}, {"Node Type": "Bitmap Heap Scan", "Parent Relationship": "Inner", "Relation Name": "orders", "Alias": "orders", "Startup Cost": 0.26, "Total Cost": 4.27, "Plan Rows": 1, "Plan Width": 16, "Recheck Cond": "(o_orderkey = lineitem.l_orderkey)", "Plans": [{"Node Type": "Bitmap Index Scan", "Parent Relationship": "Outer", "Index Name": "orders_pkey", "Startup Cost": 0.0, "Total Cost": 0.26, "Plan Rows": 1, "Plan Width": 0, "Index Cond": "(o_orderkey = lineitem.l_orderkey)"}]}]}, {"Node Type": "Bitmap Heap Scan", "Parent Relationship": "Inner", "Relation Name": "nation", "Alias": "nation", "Startup Cost": 0.26, "Total Cost": 4.27, "Plan Rows": 1, "Plan Width": 30, "Recheck Cond": "(n_nationkey = supplier.s_nationkey)", "Plans": [{"Node Type": "Bitmap Index Scan", "Parent Relationship": "Outer", "Index Name": "nation_pkey", "Startup Cost": 0.0, "Total Cost": 0.26, "Plan Rows": 1, "Plan Width": 0, "Index Cond": "(n_nationkey = supplier.s_nationkey)"}]}]}]}]}, "Unique SQL Id": 3628361425}, "explain_analyze_plan": null}, "(16, 8)": {"explain_plan": {"Plan": {"Node Type": "Sort", "Startup Cost": 521166.05, "Total Cost": 521166.06, "Plan Rows": 1, "Plan Width": 74, "Sort Key": ["nation.n_name", "(date_part('year'::text, orders.o_orderdate)) DESC"], "Plans": [{"Node Type": "Aggregate", "Strategy": "Hashed", "Parent Relationship": "Outer", "Startup Cost": 521166.03, "Total Cost": 521166.04, "Plan Rows": 1, "Plan Width": 74, "Group By Key": ["nation.n_name", "date_part('year'::text, orders.o_orderdate)"], "Plans": [{"Node Type": "Nested Loop", "Parent Relationship": "Outer", "Join Type": "Inner", "Startup Cost": 72600.6, "Total Cost": 521166.01, "Plan Rows": 1, "Plan Width": 66, "Inner Unique": true, "Plans": [{"Node Type": "Nested Loop", "Parent Relationship": "Outer", "Join Type": "Inner", "Startup Cost": 72600.6, "Total Cost": 521165.73, "Plan Rows": 1, "Plan Width": 44, "Inner Unique": true, "Plans": [{"Node Type": "Nested Loop", "Parent Relationship": "Outer", "Join Type": "Inner", "Startup Cost": 72600.6, "Total Cost": 521165.43, "Plan Rows": 1, "Plan Width": 44, "Inner Unique": false, "Join Filter": "(supplier.s_suppkey = lineitem.l_suppkey)", "Plans": [{"Node Type": "Hash Join", "Parent Relationship": "Outer", "Join Type": "Inner", "Startup Cost": 72600.6, "Total Cost": 377416.42, "Plan Rows": 125630, "Plan Width": 44, "Inner Unique": true, "Hash Cond": "(partsupp.ps_suppkey = supplier.s_suppkey), (LLVM Optimized)", "Plans": [{"Node Type": "Hash Join", "Parent Relationship": "Outer", "Join Type": "Inner", "Startup Cost": 68067.6, "Total Cost": 370653.38, "Plan Rows": 259666, "Plan Width": 32, "Inner Unique": true, "Hash Cond": "(partsupp.ps_partkey = part.p_partkey), (LLVM Optimized)", "Plans": [{"Node Type": "Seq Scan", "Parent Relationship": "Outer", "Relation Name": "partsupp", "Alias": "partsupp", "Startup Cost": 0.0, "Total Cost": 269987.72, "Plan Rows": 8000372, "Plan Width": 24}, {"Node Type": "Hash", "Parent Relationship": "Inner", "Startup Cost": 66944.0, "Total Cost": 66944.0, "Plan Rows": 89888, "Plan Width": 8, "Plans": [{"Node Type": "Seq Scan", "Parent Relationship": "Outer", "Relation Name": "part", "Alias": "part", "Startup Cost": 0.0, "Total Cost": 66944.0, "Plan Rows": 89888, "Plan Width": 8, "Filter": "((p_name)::text ~~ '%dim%'::text)"}]}]}, {"Node Type": "Hash", "Parent Relationship": "Inner", "Startup Cost": 3283.0, "Total Cost": 3283.0, "Plan Rows": 100000, "Plan Width": 12, "Plans": [{"Node Type": "Seq Scan", "Parent Relationship": "Outer", "Relation Name": "supplier", "Alias": "supplier", "Startup Cost": 0.0, "Total Cost": 3283.0, "Plan Rows": 100000, "Plan Width": 12}]}]}, {"Node Type": "Index Scan", "Parent Relationship": "Inner", "Scan Direction": "Forward", "Index Name": "idx_lineitem_part_supp", "Relation Name": "lineitem", "Alias": "lineitem", "Startup Cost": 0.0, "Total Cost": 1.13, "Plan Rows": 1, "Plan Width": 48, "Index Cond": "((l_partkey = partsupp.ps_partkey) AND (l_suppkey = partsupp.ps_suppkey))"}]}, {"Node Type": "Index Scan", "Parent Relationship": "Inner", "Scan Direction": "Forward", "Index Name": "orders_pkey", "Relation Name": "orders", "Alias": "orders", "Startup Cost": 0.0, "Total Cost": 0.29, "Plan Rows": 1, "Plan Width": 16, "Index Cond": "(o_orderkey = lineitem.l_orderkey)"}]}, {"Node Type": "Index Scan", "Parent Relationship": "Inner", "Scan Direction": "Forward", "Index Name": "nation_pkey", "Relation Name": "nation", "Alias": "nation", "Startup Cost": 0.0, "Total Cost": 0.27, "Plan Rows": 1, "Plan Width": 30, "Index Cond": "(n_nationkey = supplier.s_nationkey)"}]}]}]}, "Unique SQL Id": 3628361425}, "explain_analyze_plan": {"Plan": {"Node Type": "Sort", "Startup Cost": 521166.05, "Total Cost": 521166.06, "Plan Rows": 1, "Plan Width": 74, "Actual Startup Time": 58612.397, "Actual Total Time": 58612.409, "Actual Rows": 175, "Actual Loops": 1, "Sort Key": ["nation.n_name", "(date_part('year'::text, orders.o_orderdate)) DESC"], "Sort Method": "quicksort", "Sort Space Used": 52, "Sort Space Type": "Memory", "Plans": [{"Node Type": "Aggregate", "Strategy": "Hashed", "Parent Relationship": "Outer", "Startup Cost": 521166.03, "Total Cost": 521166.04, "Plan Rows": 1, "Plan Width": 74, "Actual Startup Time": 58611.995, "Actual Total Time": 58612.032, "Actual Rows": 175, "Actual Loops": 1, "Group By Key": ["nation.n_name", "date_part('year'::text, orders.o_orderdate)"], "Plans": [{"Node Type": "Nested Loop", "Parent Relationship": "Outer", "Join Type": "Inner", "Startup Cost": 72600.6, "Total Cost": 521166.01, "Plan Rows": 1, "Plan Width": 66, "Actual Startup Time": 1104.953, "Actual Total Time": 54814.063, "Actual Rows": 3256948, "Actual Loops": 1, "Inner Unique": true, "Plans": [{"Node Type": "Nested Loop", "Parent Relationship": "Outer", "Join Type": "Inner", "Startup Cost": 72600.6, "Total Cost": 521165.73, "Plan Rows": 1, "Plan Width": 44, "Actual Startup Time": 1104.916, "Actual Total Time": 46326.692, "Actual Rows": 3256948, "Actual Loops": 1, "Inner Unique": true, "Plans": [{"Node Type": "Nested Loop", "Parent Relationship": "Outer", "Join Type": "Inner", "Startup Cost": 72600.6, "Total Cost": 521165.43, "Plan Rows": 1, "Plan Width": 44, "Actual Startup Time": 1104.891, "Actual Total Time": 18807.178, "Actual Rows": 3256948, "Actual Loops": 1, "Inner Unique": false, "Join Filter": "(supplier.s_suppkey = lineitem.l_suppkey)", "Rows Removed by Join Filter": 0, "Plans": [{"Node Type": "Hash Join", "Parent Relationship": "Outer", "Join Type": "Inner", "Startup Cost": 72600.6, "Total Cost": 377416.42, "Plan Rows": 125630, "Plan Width": 44, "Actual Startup Time": 1104.824, "Actual Total Time": 6240.661, "Actual Rows": 434204, "Actual Loops": 1, "Inner Unique": true, "Hash Cond": "(partsupp.ps_suppkey = supplier.s_suppkey), (LLVM Optimized, Jit Execute)", "Plans": [{"Node Type": "Hash Join", "Parent Relationship": "Outer", "Join Type": "Inner", "Startup Cost": 68067.6, "Total Cost": 370653.38, "Plan Rows": 259666, "Plan Width": 32, "Actual Startup Time": 1036.673, "Actual Total Time": 5757.994, "Actual Rows": 434204, "Actual Loops": 1, "Inner Unique": true, "Hash Cond": "(partsupp.ps_partkey = part.p_partkey), (LLVM Optimized, Jit Execute)", "Plans": [{"Node Type": "Seq Scan", "Parent Relationship": "Outer", "Relation Name": "partsupp", "Alias": "partsupp", "Startup Cost": 0.0, "Total Cost": 269987.72, "Plan Rows": 8000372, "Plan Width": 24, "Actual Startup Time": 0.025, "Actual Total Time": 2548.053, "Actual Rows": 8000000, "Actual Loops": 1}, {"Node Type": "Hash", "Parent Relationship": "Inner", "Startup Cost": 66944.0, "Total Cost": 66944.0, "Plan Rows": 89888, "Plan Width": 8, "Actual Startup Time": 1036.439, "Actual Total Time": 1036.439, "Actual Rows": 108551, "Actual Loops": 1, "Hash Buckets": 131072, "Hash Batches": 1, "Original Hash Batches": 1, "Peak Memory Usage": 4241, "Plans": [{"Node Type": "Seq Scan", "Parent Relationship": "Outer", "Relation Name": "part", "Alias": "part", "Startup Cost": 0.0, "Total Cost": 66944.0, "Plan Rows": 89888, "Plan Width": 8, "Actual Startup Time": 0.035, "Actual Total Time": 998.743, "Actual Rows": 108551, "Actual Loops": 1, "Filter": "((p_name)::text ~~ '%dim%'::text)", "Rows Removed by Filter": 1891449}]}]}, {"Node Type": "Hash", "Parent Relationship": "Inner", "Startup Cost": 3283.0, "Total Cost": 3283.0, "Plan Rows": 100000, "Plan Width": 12, "Actual Startup Time": 67.975, "Actual Total Time": 67.975, "Actual Rows": 100000, "Actual Loops": 1, "Hash Buckets": 131072, "Hash Batches": 1, "Original Hash Batches": 1, "Peak Memory Usage": 4297, "Plans": [{"Node Type": "Seq Scan", "Parent Relationship": "Outer", "Relation Name": "supplier", "Alias": "supplier", "Startup Cost": 0.0, "Total Cost": 3283.0, "Plan Rows": 100000, "Plan Width": 12, "Actual Startup Time": 0.02, "Actual Total Time": 39.334, "Actual Rows": 100000, "Actual Loops": 1}]}]}, {"Node Type": "Index Scan", "Parent Relationship": "Inner", "Scan Direction": "Forward", "Index Name": "idx_lineitem_part_supp", "Relation Name": "lineitem", "Alias": "lineitem", "Startup Cost": 0.0, "Total Cost": 1.13, "Plan Rows": 1, "Plan Width": 48, "Actual Startup Time": 3206.079, "Actual Total Time": 10926.206, "Actual Rows": 3256948, "Actual Loops": 434204, "Index Cond": "((l_partkey = partsupp.ps_partkey) AND (l_suppkey = partsupp.ps_suppkey))", "Rows Removed by Index Recheck": 0}]}, {"Node Type": "Index Scan", "Parent Relationship": "Inner", "Scan Direction": "Forward", "Index Name": "orders_pkey", "Relation Name": "orders", "Alias": "orders", "Startup Cost": 0.0, "Total Cost": 0.29, "Plan Rows": 1, "Plan Width": 16, "Actual Startup Time": 24822.179, "Actual Total Time": 24822.179, "Actual Rows": 3256948, "Actual Loops": 3256948, "Index Cond": "(o_orderkey = lineitem.l_orderkey)", "Rows Removed by Index Recheck": 0}]}, {"Node Type": "Index Scan", "Parent Relationship": "Inner", "Scan Direction": "Forward", "Index Name": "nation_pkey", "Relation Name": "nation", "Alias": "nation", "Startup Cost": 0.0, "Total Cost": 0.27, "Plan Rows": 1, "Plan Width": 30, "Actual Startup Time": 4488.603, "Actual Total Time": 4488.603, "Actual Rows": 3256948, "Actual Loops": 3256948, "Index Cond": "(n_nationkey = supplier.s_nationkey)", "Rows Removed by Index Recheck": 0}]}]}]}, "Triggers": [], "Planner Runtime": 34.971, "Total Runtime": 58621.827, "Unique SQL Id": 3628361425}}, "(16, 9)": {"explain_plan": {"Plan": {"Node Type": "Sort", "Startup Cost": 701189.51, "Total Cost": 701189.52, "Plan Rows": 1, "Plan Width": 74, "Sort Key": ["nation.n_name", "(date_part('year'::text, orders.o_orderdate)) DESC"], "Plans": [{"Node Type": "Aggregate", "Strategy": "Hashed", "Parent Relationship": "Outer", "Startup Cost": 701189.49, "Total Cost": 701189.5, "Plan Rows": 1, "Plan Width": 74, "Group By Key": ["nation.n_name", "date_part('year'::text, orders.o_orderdate)"], "Plans": [{"Node Type": "Nested Loop", "Parent Relationship": "Outer", "Join Type": "Inner", "Startup Cost": 6584.54, "Total Cost": 701189.47, "Plan Rows": 1, "Plan Width": 66, "Inner Unique": true, "Plans": [{"Node Type": "Nested Loop", "Parent Relationship": "Outer", "Join Type": "Inner", "Startup Cost": 6584.54, "Total Cost": 701189.19, "Plan Rows": 1, "Plan Width": 44, "Inner Unique": true, "Plans": [{"Node Type": "Nested Loop", "Parent Relationship": "Outer", "Join Type": "Inner", "Startup Cost": 6584.54, "Total Cost": 701188.89, "Plan Rows": 1, "Plan Width": 44, "Inner Unique": false, "Join Filter": "(supplier.s_suppkey = lineitem.l_suppkey)", "Plans": [{"Node Type": "Hash Join", "Parent Relationship": "Outer", "Join Type": "Inner", "Startup Cost": 6584.54, "Total Cost": 557439.88, "Plan Rows": 125630, "Plan Width": 44, "Inner Unique": true, "Hash Cond": "(partsupp.ps_suppkey = supplier.s_suppkey), (LLVM Optimized)", "Plans": [{"Node Type": "Nested Loop", "Parent Relationship": "Outer", "Join Type": "Inner", "Startup Cost": 0.0, "Total Cost": 548625.29, "Plan Rows": 259666, "Plan Width": 32, "Inner Unique": false, "Plans": [{"Node Type": "Index Scan", "Parent Relationship": "Outer", "Scan Direction": "Forward", "Index Name": "part_kpey", "Relation Name": "part", "Alias": "part", "Startup Cost": 0.0, "Total Cost": 105803.25, "Plan Rows": 89888, "Plan Width": 8, "Filter": "((p_name)::text ~~ '%dim%'::text)"}, {"Node Type": "Index Scan", "Parent Relationship": "Inner", "Scan Direction": "Forward", "Index Name": "idx_partsupp_partkey", "Relation Name": "partsupp", "Alias": "partsupp", "Startup Cost": 0.0, "Total Cost": 4.9, "Plan Rows": 3, "Plan Width": 24, "Index Cond": "(ps_partkey = part.p_partkey)"}]}, {"Node Type": "Hash", "Parent Relationship": "Inner", "Startup Cost": 5334.54, "Total Cost": 5334.54, "Plan Rows": 100000, "Plan Width": 12, "Plans": [{"Node Type": "Index Scan", "Parent Relationship": "Outer", "Scan Direction": "Forward", "Index Name": "supplier_pkey", "Relation Name": "supplier", "Alias": "supplier", "Startup Cost": 0.0, "Total Cost": 5334.54, "Plan Rows": 100000, "Plan Width": 12}]}]}, {"Node Type": "Index Scan", "Parent Relationship": "Inner", "Scan Direction": "Forward", "Index Name": "idx_lineitem_part_supp", "Relation Name": "lineitem", "Alias": "lineitem", "Startup Cost": 0.0, "Total Cost": 1.13, "Plan Rows": 1, "Plan Width": 48, "Index Cond": "((l_partkey = partsupp.ps_partkey) AND (l_suppkey = partsupp.ps_suppkey))"}]}, {"Node Type": "Index Scan", "Parent Relationship": "Inner", "Scan Direction": "Forward", "Index Name": "orders_pkey", "Relation Name": "orders", "Alias": "orders", "Startup Cost": 0.0, "Total Cost": 0.29, "Plan Rows": 1, "Plan Width": 16, "Index Cond": "(o_orderkey = lineitem.l_orderkey)"}]}, {"Node Type": "Index Scan", "Parent Relationship": "Inner", "Scan Direction": "Forward", "Index Name": "nation_pkey", "Relation Name": "nation", "Alias": "nation", "Startup Cost": 0.0, "Total Cost": 0.27, "Plan Rows": 1, "Plan Width": 30, "Index Cond": "(n_nationkey = supplier.s_nationkey)"}]}]}]}, "Unique SQL Id": 3628361425}, "explain_analyze_plan": {"Plan": {"Node Type": "Sort", "Startup Cost": 701189.51, "Total Cost": 701189.52, "Plan Rows": 1, "Plan Width": 74, "Actual Startup Time": 56757.804, "Actual Total Time": 56757.818, "Actual Rows": 175, "Actual Loops": 1, "Sort Key": ["nation.n_name", "(date_part('year'::text, orders.o_orderdate)) DESC"], "Sort Method": "quicksort", "Sort Space Used": 52, "Sort Space Type": "Memory", "Plans": [{"Node Type": "Aggregate", "Strategy": "Hashed", "Parent Relationship": "Outer", "Startup Cost": 701189.49, "Total Cost": 701189.5, "Plan Rows": 1, "Plan Width": 74, "Actual Startup Time": 56757.401, "Actual Total Time": 56757.434, "Actual Rows": 175, "Actual Loops": 1, "Group By Key": ["nation.n_name", "date_part('year'::text, orders.o_orderdate)"], "Plans": [{"Node Type": "Nested Loop", "Parent Relationship": "Outer", "Join Type": "Inner", "Startup Cost": 6584.54, "Total Cost": 701189.47, "Plan Rows": 1, "Plan Width": 66, "Actual Startup Time": 106.399, "Actual Total Time": 52825.55, "Actual Rows": 3256948, "Actual Loops": 1, "Inner Unique": true, "Plans": [{"Node Type": "Nested Loop", "Parent Relationship": "Outer", "Join Type": "Inner", "Startup Cost": 6584.54, "Total Cost": 701189.19, "Plan Rows": 1, "Plan Width": 44, "Actual Startup Time": 106.363, "Actual Total Time": 44002.737, "Actual Rows": 3256948, "Actual Loops": 1, "Inner Unique": true, "Plans": [{"Node Type": "Nested Loop", "Parent Relationship": "Outer", "Join Type": "Inner", "Startup Cost": 6584.54, "Total Cost": 701188.89, "Plan Rows": 1, "Plan Width": 44, "Actual Startup Time": 106.34, "Actual Total Time": 16136.796, "Actual Rows": 3256948, "Actual Loops": 1, "Inner Unique": false, "Join Filter": "(supplier.s_suppkey = lineitem.l_suppkey)", "Rows Removed by Join Filter": 0, "Plans": [{"Node Type": "Hash Join", "Parent Relationship": "Outer", "Join Type": "Inner", "Startup Cost": 6584.54, "Total Cost": 557439.88, "Plan Rows": 125630, "Plan Width": 44, "Actual Startup Time": 106.3, "Actual Total Time": 3477.4, "Actual Rows": 434204, "Actual Loops": 1, "Inner Unique": true, "Hash Cond": "(partsupp.ps_suppkey = supplier.s_suppkey), (LLVM Optimized, Jit Execute)", "Plans": [{"Node Type": "Nested Loop", "Parent Relationship": "Outer", "Join Type": "Inner", "Startup Cost": 0.0, "Total Cost": 548625.29, "Plan Rows": 259666, "Plan Width": 32, "Actual Startup Time": 0.05, "Actual Total Time": 2916.216, "Actual Rows": 434204, "Actual Loops": 1, "Inner Unique": false, "Plans": [{"Node Type": "Index Scan", "Parent Relationship": "Outer", "Scan Direction": "Forward", "Index Name": "part_kpey", "Relation Name": "part", "Alias": "part", "Startup Cost": 0.0, "Total Cost": 105803.25, "Plan Rows": 89888, "Plan Width": 8, "Actual Startup Time": 0.038, "Actual Total Time": 1713.725, "Actual Rows": 108551, "Actual Loops": 1, "Filter": "((p_name)::text ~~ '%dim%'::text)", "Rows Removed by Filter": 1891449}, {"Node Type": "Index Scan", "Parent Relationship": "Inner", "Scan Direction": "Forward", "Index Name": "idx_partsupp_partkey", "Relation Name": "partsupp", "Alias": "partsupp", "Startup Cost": 0.0, "Total Cost": 4.9, "Plan Rows": 3, "Plan Width": 24, "Actual Startup Time": 698.665, "Actual Total Time": 994.397, "Actual Rows": 434204, "Actual Loops": 108551, "Index Cond": "(ps_partkey = part.p_partkey)", "Rows Removed by Index Recheck": 0}]}, {"Node Type": "Hash", "Parent Relationship": "Inner", "Startup Cost": 5334.54, "Total Cost": 5334.54, "Plan Rows": 100000, "Plan Width": 12, "Actual Startup Time": 106.06, "Actual Total Time": 106.06, "Actual Rows": 100000, "Actual Loops": 1, "Hash Buckets": 131072, "Hash Batches": 1, "Original Hash Batches": 1, "Peak Memory Usage": 4297, "Plans": [{"Node Type": "Index Scan", "Parent Relationship": "Outer", "Scan Direction": "Forward", "Index Name": "supplier_pkey", "Relation Name": "supplier", "Alias": "supplier", "Startup Cost": 0.0, "Total Cost": 5334.54, "Plan Rows": 100000, "Plan Width": 12, "Actual Startup Time": 0.019, "Actual Total Time": 76.575, "Actual Rows": 100000, "Actual Loops": 1}]}]}, {"Node Type": "Index Scan", "Parent Relationship": "Inner", "Scan Direction": "Forward", "Index Name": "idx_lineitem_part_supp", "Relation Name": "lineitem", "Alias": "lineitem", "Startup Cost": 0.0, "Total Cost": 1.13, "Plan Rows": 1, "Plan Width": 48, "Actual Startup Time": 3224.162, "Actual Total Time": 11011.239, "Actual Rows": 3256948, "Actual Loops": 434204, "Index Cond": "((l_partkey = partsupp.ps_partkey) AND (l_suppkey = partsupp.ps_suppkey))", "Rows Removed by Index Recheck": 0}]}, {"Node Type": "Index Scan", "Parent Relationship": "Inner", "Scan Direction": "Forward", "Index Name": "orders_pkey", "Relation Name": "orders", "Alias": "orders", "Startup Cost": 0.0, "Total Cost": 0.29, "Plan Rows": 1, "Plan Width": 16, "Actual Startup Time": 25102.62, "Actual Total Time": 25102.62, "Actual Rows": 3256948, "Actual Loops": 3256948, "Index Cond": "(o_orderkey = lineitem.l_orderkey)", "Rows Removed by Index Recheck": 0}]}, {"Node Type": "Index Scan", "Parent Relationship": "Inner", "Scan Direction": "Forward", "Index Name": "nation_pkey", "Relation Name": "nation", "Alias": "nation", "Startup Cost": 0.0, "Total Cost": 0.27, "Plan Rows": 1, "Plan Width": 30, "Actual Startup Time": 4713.432, "Actual Total Time": 4713.432, "Actual Rows": 3256948, "Actual Loops": 3256948, "Index Cond": "(n_nationkey = supplier.s_nationkey)", "Rows Removed by Index Recheck": 0}]}]}]}, "Triggers": [], "Planner Runtime": 33.85, "Total Runtime": 56766.913, "Unique SQL Id": 3628361425}}, "(16, 10)": {"explain_plan": {"Plan": {"Node Type": "Sort", "Startup Cost": 3188400.29, "Total Cost": 3188400.29, "Plan Rows": 1, "Plan Width": 74, "Sort Key": ["nation.n_name", "(date_part('year'::text, orders.o_orderdate)) DESC"], "Plans": [{"Node Type": "Aggregate", "Strategy": "Hashed", "Parent Relationship": "Outer", "Startup Cost": 3188400.27, "Total Cost": 3188400.28, "Plan Rows": 1, "Plan Width": 74, "Group By Key": ["nation.n_name", "date_part('year'::text, orders.o_orderdate)"], "Plans": [{"Node Type": "Nested Loop", "Parent Relationship": "Outer", "Join Type": "Inner", "Startup Cost": 2705736.84, "Total Cost": 3188400.25, "Plan Rows": 1, "Plan Width": 66, "Inner Unique": true, "Join Filter": "(supplier.s_nationkey = nation.n_nationkey)", "Plans": [{"Node Type": "Hash Join", "Parent Relationship": "Outer", "Join Type": "Inner", "Startup Cost": 2705736.84, "Total Cost": 3188398.68, "Plan Rows": 1, "Plan Width": 44, "Inner Unique": false, "Hash Cond": "(orders.o_orderkey = lineitem.l_orderkey)", "Plans": [{"Node Type": "Seq Scan", "Parent Relationship": "Outer", "Relation Name": "orders", "Alias": "orders", "Startup Cost": 0.0, "Total Cost": 426413.79, "Plan Rows": 14999479, "Plan Width": 16}, {"Node Type": "Hash", "Parent Relationship": "Inner", "Startup Cost": 2705736.82, "Total Cost": 2705736.82, "Plan Rows": 1, "Plan Width": 44, "Plans": [{"Node Type": "Hash Join", "Parent Relationship": "Outer", "Join Type": "Inner", "Startup Cost": 406202.19, "Total Cost": 2705736.82, "Plan Rows": 1, "Plan Width": 44, "Inner Unique": false, "Hash Cond": "((lineitem.l_suppkey = partsupp.ps_suppkey) AND (lineitem.l_partkey = partsupp.ps_partkey))", "Plans": [{"Node Type": "Hash Join", "Parent Relationship": "Outer", "Join Type": "Inner", "Startup Cost": 68067.6, "Total Cost": 2313089.96, "Plan Rows": 495566, "Plan Width": 56, "Inner Unique": true, "Hash Cond": "(lineitem.l_partkey = part.p_partkey), (LLVM Optimized)", "Plans": [{"Node Type": "Seq Scan", "Parent Relationship": "Outer", "Relation Name": "lineitem", "Alias": "lineitem", "Startup Cost": 0.0, "Total Cost": 2015115.33, "Plan Rows": 59987033, "Plan Width": 48}, {"Node Type": "Hash", "Parent Relationship": "Inner", "Startup Cost": 66944.0, "Total Cost": 66944.0, "Plan Rows": 89888, "Plan Width": 8, "Plans": [{"Node Type": "Seq Scan", "Parent Relationship": "Outer", "Relation Name": "part", "Alias": "part", "Startup Cost": 0.0, "Total Cost": 66944.0, "Plan Rows": 89888, "Plan Width": 8, "Filter": "((p_name)::text ~~ '%dim%'::text)"}]}]}, {"Node Type": "Hash", "Parent Relationship": "Inner", "Startup Cost": 317967.1, "Total Cost": 317967.1, "Plan Rows": 1344499, "Plan Width": 36, "Plans": [{"Node Type": "Hash Join", "Parent Relationship": "Outer", "Join Type": "Inner", "Startup Cost": 4533.0, "Total Cost": 317967.1, "Plan Rows": 1344499, "Plan Width": 36, "Inner Unique": true, "Hash Cond": "(partsupp.ps_suppkey = supplier.s_suppkey), (LLVM Optimized)", "Plans": [{"Node Type": "Seq Scan", "Parent Relationship": "Outer", "Relation Name": "partsupp", "Alias": "partsupp", "Startup Cost": 0.0, "Total Cost": 269987.72, "Plan Rows": 8000372, "Plan Width": 24}, {"Node Type": "Hash", "Parent Relationship": "Inner", "Startup Cost": 3283.0, "Total Cost": 3283.0, "Plan Rows": 100000, "Plan Width": 12, "Plans": [{"Node Type": "Seq Scan", "Parent Relationship": "Outer", "Relation Name": "supplier", "Alias": "supplier", "Startup Cost": 0.0, "Total Cost": 3283.0, "Plan Rows": 100000, "Plan Width": 12}]}]}]}]}]}]}, {"Node Type": "Seq Scan", "Parent Relationship": "Inner", "Relation Name": "nation", "Alias": "nation", "Startup Cost": 0.0, "Total Cost": 1.25, "Plan Rows": 25, "Plan Width": 30}]}]}]}, "Unique SQL Id": 3628361425}, "explain_analyze_plan": null}, "(16, 11)": {"explain_plan": {"Plan": {"Node Type": "Sort", "Startup Cost": 6000839471774.72, "Total Cost": 6000839471774.72, "Plan Rows": 1, "Plan Width": 74, "Sort Key": ["nation.n_name", "(date_part('year'::text, orders.o_orderdate)) DESC"], "Plans": [{"Node Type": "Aggregate", "Strategy": "Hashed", "Parent Relationship": "Outer", "Startup Cost": 6000839471774.69, "Total Cost": 6000839471774.71, "Plan Rows": 1, "Plan Width": 74, "Group By Key": ["nation.n_name", "date_part('year'::text, orders.o_orderdate)"], "Plans": [{"Node Type": "Nested Loop", "Parent Relationship": "Outer", "Join Type": "Inner", "Startup Cost": 60035393416.8, "Total Cost": 6000839471774.68, "Plan Rows": 1, "Plan Width": 66, "Inner Unique": true, "Plans": [{"Node Type": "Merge Join", "Parent Relationship": "Outer", "Join Type": "Inner", "Startup Cost": 50035393416.8, "Total Cost": 5000839471745.44, "Plan Rows": 1, "Plan Width": 66, "Inner Unique": true, "Merge Cond": "(partsupp.ps_partkey = part.p_partkey)", "Plans": [{"Node Type": "Nested Loop", "Parent Relationship": "Outer", "Join Type": "Inner", "Startup Cost": 40035393416.8, "Total Cost": 4000828891195.69, "Plan Rows": 6, "Plan Width": 82, "Inner Unique": true, "Join Filter": "(supplier.s_nationkey = nation.n_nationkey)", "Plans": [{"Node Type": "Nested Loop", "Parent Relationship": "Outer", "Join Type": "Inner", "Startup Cost": 30035393416.8, "Total Cost": 3000828889930.88, "Plan Rows": 6, "Plan Width": 60, "Inner Unique": true, "Join Filter": "(lineitem.l_suppkey = supplier.s_suppkey)", "Plans": [{"Node Type": "Merge Join", "Parent Relationship": "Outer", "Join Type": "Inner", "Startup Cost": 20035393416.8, "Total Cost": 2000828314226.5, "Plan Rows": 28, "Plan Width": 72, "Inner Unique": true, "Merge Cond": "((lineitem.l_partkey = partsupp.ps_partkey) AND (lineitem.l_suppkey = partsupp.ps_suppkey))", "Plans": [{"Node Type": "Index Scan", "Parent Relationship": "Outer", "Scan Direction": "Forward", "Index Name": "idx_lineitem_part_supp", "Relation Name": "lineitem", "Alias": "lineitem", "Startup Cost": 10000000000.0, "Total Cost": 1000775391319.64, "Plan Rows": 59987033, "Plan Width": 48}, {"Node Type": "Index Scan", "Parent Relationship": "Inner", "Scan Direction": "Forward", "Index Name": "partsupp_pkey", "Relation Name": "partsupp", "Alias": "partsupp", "Startup Cost": 10000000000.0, "Total Cost": 1000071640963.22, "Plan Rows": 8000372, "Plan Width": 24}]}, {"Node Type": "Materialize", "Parent Relationship": "Inner", "Startup Cost": 10000000000.0, "Total Cost": 1000000533954.38, "Plan Rows": 100000, "Plan Width": 12, "Plans": [{"Node Type": "Index Scan", "Parent Relationship": "Outer", "Scan Direction": "Forward", "Index Name": "supplier_pkey", "Relation Name": "supplier", "Alias": "supplier", "Startup Cost": 10000000000.0, "Total Cost": 1000000533454.38, "Plan Rows": 100000, "Plan Width": 12}]}]}, {"Node Type": "Materialize", "Parent Relationship": "Inner", "Startup Cost": 10000000000.0, "Total Cost": 1000000001262.62, "Plan Rows": 25, "Plan Width": 30, "Plans": [{"Node Type": "Index Scan", "Parent Relationship": "Outer", "Scan Direction": "Forward", "Index Name": "nation_pkey", "Relation Name": "nation", "Alias": "nation", "Startup Cost": 10000000000.0, "Total Cost": 1000000001262.5, "Plan Rows": 25, "Plan Width": 30}]}]}, {"Node Type": "Index Scan", "Parent Relationship": "Inner", "Scan Direction": "Forward", "Index Name": "part_kpey", "Relation Name": "part", "Alias": "part", "Startup Cost": 10000000000.0, "Total Cost": 1000010580325.0, "Plan Rows": 89888, "Plan Width": 8, "Filter": "((p_name)::text ~~ '%dim%'::text)"}]}, {"Node Type": "Index Scan", "Parent Relationship": "Inner", "Scan Direction": "Forward", "Index Name": "orders_pkey", "Relation Name": "orders", "Alias": "orders", "Startup Cost": 10000000000.0, "Total Cost": 1000000000029.23, "Plan Rows": 1, "Plan Width": 16, "Index Cond": "(o_orderkey = lineitem.l_orderkey)"}]}]}]}, "Unique SQL Id": 3628361425}, "explain_analyze_plan": null}, "(16, 12)": {"explain_plan": {"Plan": {"Node Type": "Sort", "Startup Cost": 521166.05, "Total Cost": 521166.06, "Plan Rows": 1, "Plan Width": 74, "Sort Key": ["nation.n_name", "(date_part('year'::text, orders.o_orderdate)) DESC"], "Plans": [{"Node Type": "Aggregate", "Strategy": "Hashed", "Parent Relationship": "Outer", "Startup Cost": 521166.03, "Total Cost": 521166.04, "Plan Rows": 1, "Plan Width": 74, "Group By Key": ["nation.n_name", "date_part('year'::text, orders.o_orderdate)"], "Plans": [{"Node Type": "Nested Loop", "Parent Relationship": "Outer", "Join Type": "Inner", "Startup Cost": 72600.6, "Total Cost": 521166.01, "Plan Rows": 1, "Plan Width": 66, "Inner Unique": true, "Plans": [{"Node Type": "Nested Loop", "Parent Relationship": "Outer", "Join Type": "Inner", "Startup Cost": 72600.6, "Total Cost": 521165.73, "Plan Rows": 1, "Plan Width": 44, "Inner Unique": true, "Plans": [{"Node Type": "Nested Loop", "Parent Relationship": "Outer", "Join Type": "Inner", "Startup Cost": 72600.6, "Total Cost": 521165.43, "Plan Rows": 1, "Plan Width": 44, "Inner Unique": false, "Join Filter": "(supplier.s_suppkey = lineitem.l_suppkey)", "Plans": [{"Node Type": "Hash Join", "Parent Relationship": "Outer", "Join Type": "Inner", "Startup Cost": 72600.6, "Total Cost": 377416.42, "Plan Rows": 125630, "Plan Width": 44, "Inner Unique": true, "Hash Cond": "(partsupp.ps_suppkey = supplier.s_suppkey), (LLVM Optimized)", "Plans": [{"Node Type": "Hash Join", "Parent Relationship": "Outer", "Join Type": "Inner", "Startup Cost": 68067.6, "Total Cost": 370653.38, "Plan Rows": 259666, "Plan Width": 32, "Inner Unique": true, "Hash Cond": "(partsupp.ps_partkey = part.p_partkey), (LLVM Optimized)", "Plans": [{"Node Type": "Seq Scan", "Parent Relationship": "Outer", "Relation Name": "partsupp", "Alias": "partsupp", "Startup Cost": 0.0, "Total Cost": 269987.72, "Plan Rows": 8000372, "Plan Width": 24}, {"Node Type": "Hash", "Parent Relationship": "Inner", "Startup Cost": 66944.0, "Total Cost": 66944.0, "Plan Rows": 89888, "Plan Width": 8, "Plans": [{"Node Type": "Seq Scan", "Parent Relationship": "Outer", "Relation Name": "part", "Alias": "part", "Startup Cost": 0.0, "Total Cost": 66944.0, "Plan Rows": 89888, "Plan Width": 8, "Filter": "((p_name)::text ~~ '%dim%'::text)"}]}]}, {"Node Type": "Hash", "Parent Relationship": "Inner", "Startup Cost": 3283.0, "Total Cost": 3283.0, "Plan Rows": 100000, "Plan Width": 12, "Plans": [{"Node Type": "Seq Scan", "Parent Relationship": "Outer", "Relation Name": "supplier", "Alias": "supplier", "Startup Cost": 0.0, "Total Cost": 3283.0, "Plan Rows": 100000, "Plan Width": 12}]}]}, {"Node Type": "Index Scan", "Parent Relationship": "Inner", "Scan Direction": "Forward", "Index Name": "idx_lineitem_part_supp", "Relation Name": "lineitem", "Alias": "lineitem", "Startup Cost": 0.0, "Total Cost": 1.13, "Plan Rows": 1, "Plan Width": 48, "Index Cond": "((l_partkey = partsupp.ps_partkey) AND (l_suppkey = partsupp.ps_suppkey))"}]}, {"Node Type": "Index Scan", "Parent Relationship": "Inner", "Scan Direction": "Forward", "Index Name": "orders_pkey", "Relation Name": "orders", "Alias": "orders", "Startup Cost": 0.0, "Total Cost": 0.29, "Plan Rows": 1, "Plan Width": 16, "Index Cond": "(o_orderkey = lineitem.l_orderkey)"}]}, {"Node Type": "Index Scan", "Parent Relationship": "Inner", "Scan Direction": "Forward", "Index Name": "nation_pkey", "Relation Name": "nation", "Alias": "nation", "Startup Cost": 0.0, "Total Cost": 0.27, "Plan Rows": 1, "Plan Width": 30, "Index Cond": "(n_nationkey = supplier.s_nationkey)"}]}]}]}, "Unique SQL Id": 3628361425}, "explain_analyze_plan": {"Plan": {"Node Type": "Sort", "Startup Cost": 521166.05, "Total Cost": 521166.06, "Plan Rows": 1, "Plan Width": 74, "Actual Startup Time": 58612.397, "Actual Total Time": 58612.409, "Actual Rows": 175, "Actual Loops": 1, "Sort Key": ["nation.n_name", "(date_part('year'::text, orders.o_orderdate)) DESC"], "Sort Method": "quicksort", "Sort Space Used": 52, "Sort Space Type": "Memory", "Plans": [{"Node Type": "Aggregate", "Strategy": "Hashed", "Parent Relationship": "Outer", "Startup Cost": 521166.03, "Total Cost": 521166.04, "Plan Rows": 1, "Plan Width": 74, "Actual Startup Time": 58611.995, "Actual Total Time": 58612.032, "Actual Rows": 175, "Actual Loops": 1, "Group By Key": ["nation.n_name", "date_part('year'::text, orders.o_orderdate)"], "Plans": [{"Node Type": "Nested Loop", "Parent Relationship": "Outer", "Join Type": "Inner", "Startup Cost": 72600.6, "Total Cost": 521166.01, "Plan Rows": 1, "Plan Width": 66, "Actual Startup Time": 1104.953, "Actual Total Time": 54814.063, "Actual Rows": 3256948, "Actual Loops": 1, "Inner Unique": true, "Plans": [{"Node Type": "Nested Loop", "Parent Relationship": "Outer", "Join Type": "Inner", "Startup Cost": 72600.6, "Total Cost": 521165.73, "Plan Rows": 1, "Plan Width": 44, "Actual Startup Time": 1104.916, "Actual Total Time": 46326.692, "Actual Rows": 3256948, "Actual Loops": 1, "Inner Unique": true, "Plans": [{"Node Type": "Nested Loop", "Parent Relationship": "Outer", "Join Type": "Inner", "Startup Cost": 72600.6, "Total Cost": 521165.43, "Plan Rows": 1, "Plan Width": 44, "Actual Startup Time": 1104.891, "Actual Total Time": 18807.178, "Actual Rows": 3256948, "Actual Loops": 1, "Inner Unique": false, "Join Filter": "(supplier.s_suppkey = lineitem.l_suppkey)", "Rows Removed by Join Filter": 0, "Plans": [{"Node Type": "Hash Join", "Parent Relationship": "Outer", "Join Type": "Inner", "Startup Cost": 72600.6, "Total Cost": 377416.42, "Plan Rows": 125630, "Plan Width": 44, "Actual Startup Time": 1104.824, "Actual Total Time": 6240.661, "Actual Rows": 434204, "Actual Loops": 1, "Inner Unique": true, "Hash Cond": "(partsupp.ps_suppkey = supplier.s_suppkey), (LLVM Optimized, Jit Execute)", "Plans": [{"Node Type": "Hash Join", "Parent Relationship": "Outer", "Join Type": "Inner", "Startup Cost": 68067.6, "Total Cost": 370653.38, "Plan Rows": 259666, "Plan Width": 32, "Actual Startup Time": 1036.673, "Actual Total Time": 5757.994, "Actual Rows": 434204, "Actual Loops": 1, "Inner Unique": true, "Hash Cond": "(partsupp.ps_partkey = part.p_partkey), (LLVM Optimized, Jit Execute)", "Plans": [{"Node Type": "Seq Scan", "Parent Relationship": "Outer", "Relation Name": "partsupp", "Alias": "partsupp", "Startup Cost": 0.0, "Total Cost": 269987.72, "Plan Rows": 8000372, "Plan Width": 24, "Actual Startup Time": 0.025, "Actual Total Time": 2548.053, "Actual Rows": 8000000, "Actual Loops": 1}, {"Node Type": "Hash", "Parent Relationship": "Inner", "Startup Cost": 66944.0, "Total Cost": 66944.0, "Plan Rows": 89888, "Plan Width": 8, "Actual Startup Time": 1036.439, "Actual Total Time": 1036.439, "Actual Rows": 108551, "Actual Loops": 1, "Hash Buckets": 131072, "Hash Batches": 1, "Original Hash Batches": 1, "Peak Memory Usage": 4241, "Plans": [{"Node Type": "Seq Scan", "Parent Relationship": "Outer", "Relation Name": "part", "Alias": "part", "Startup Cost": 0.0, "Total Cost": 66944.0, "Plan Rows": 89888, "Plan Width": 8, "Actual Startup Time": 0.035, "Actual Total Time": 998.743, "Actual Rows": 108551, "Actual Loops": 1, "Filter": "((p_name)::text ~~ '%dim%'::text)", "Rows Removed by Filter": 1891449}]}]}, {"Node Type": "Hash", "Parent Relationship": "Inner", "Startup Cost": 3283.0, "Total Cost": 3283.0, "Plan Rows": 100000, "Plan Width": 12, "Actual Startup Time": 67.975, "Actual Total Time": 67.975, "Actual Rows": 100000, "Actual Loops": 1, "Hash Buckets": 131072, "Hash Batches": 1, "Original Hash Batches": 1, "Peak Memory Usage": 4297, "Plans": [{"Node Type": "Seq Scan", "Parent Relationship": "Outer", "Relation Name": "supplier", "Alias": "supplier", "Startup Cost": 0.0, "Total Cost": 3283.0, "Plan Rows": 100000, "Plan Width": 12, "Actual Startup Time": 0.02, "Actual Total Time": 39.334, "Actual Rows": 100000, "Actual Loops": 1}]}]}, {"Node Type": "Index Scan", "Parent Relationship": "Inner", "Scan Direction": "Forward", "Index Name": "idx_lineitem_part_supp", "Relation Name": "lineitem", "Alias": "lineitem", "Startup Cost": 0.0, "Total Cost": 1.13, "Plan Rows": 1, "Plan Width": 48, "Actual Startup Time": 3206.079, "Actual Total Time": 10926.206, "Actual Rows": 3256948, "Actual Loops": 434204, "Index Cond": "((l_partkey = partsupp.ps_partkey) AND (l_suppkey = partsupp.ps_suppkey))", "Rows Removed by Index Recheck": 0}]}, {"Node Type": "Index Scan", "Parent Relationship": "Inner", "Scan Direction": "Forward", "Index Name": "orders_pkey", "Relation Name": "orders", "Alias": "orders", "Startup Cost": 0.0, "Total Cost": 0.29, "Plan Rows": 1, "Plan Width": 16, "Actual Startup Time": 24822.179, "Actual Total Time": 24822.179, "Actual Rows": 3256948, "Actual Loops": 3256948, "Index Cond": "(o_orderkey = lineitem.l_orderkey)", "Rows Removed by Index Recheck": 0}]}, {"Node Type": "Index Scan", "Parent Relationship": "Inner", "Scan Direction": "Forward", "Index Name": "nation_pkey", "Relation Name": "nation", "Alias": "nation", "Startup Cost": 0.0, "Total Cost": 0.27, "Plan Rows": 1, "Plan Width": 30, "Actual Startup Time": 4488.603, "Actual Total Time": 4488.603, "Actual Rows": 3256948, "Actual Loops": 3256948, "Index Cond": "(n_nationkey = supplier.s_nationkey)", "Rows Removed by Index Recheck": 0}]}]}]}, "Triggers": [], "Planner Runtime": 34.971, "Total Runtime": 58621.827, "Unique SQL Id": 3628361425}}, "(16, 13)": {"explain_plan": {"Plan": {"Node Type": "Sort", "Startup Cost": 701189.51, "Total Cost": 701189.52, "Plan Rows": 1, "Plan Width": 74, "Sort Key": ["nation.n_name", "(date_part('year'::text, orders.o_orderdate)) DESC"], "Plans": [{"Node Type": "Aggregate", "Strategy": "Hashed", "Parent Relationship": "Outer", "Startup Cost": 701189.49, "Total Cost": 701189.5, "Plan Rows": 1, "Plan Width": 74, "Group By Key": ["nation.n_name", "date_part('year'::text, orders.o_orderdate)"], "Plans": [{"Node Type": "Nested Loop", "Parent Relationship": "Outer", "Join Type": "Inner", "Startup Cost": 6584.54, "Total Cost": 701189.47, "Plan Rows": 1, "Plan Width": 66, "Inner Unique": true, "Plans": [{"Node Type": "Nested Loop", "Parent Relationship": "Outer", "Join Type": "Inner", "Startup Cost": 6584.54, "Total Cost": 701189.19, "Plan Rows": 1, "Plan Width": 44, "Inner Unique": true, "Plans": [{"Node Type": "Nested Loop", "Parent Relationship": "Outer", "Join Type": "Inner", "Startup Cost": 6584.54, "Total Cost": 701188.89, "Plan Rows": 1, "Plan Width": 44, "Inner Unique": false, "Join Filter": "(supplier.s_suppkey = lineitem.l_suppkey)", "Plans": [{"Node Type": "Hash Join", "Parent Relationship": "Outer", "Join Type": "Inner", "Startup Cost": 6584.54, "Total Cost": 557439.88, "Plan Rows": 125630, "Plan Width": 44, "Inner Unique": true, "Hash Cond": "(partsupp.ps_suppkey = supplier.s_suppkey), (LLVM Optimized)", "Plans": [{"Node Type": "Nested Loop", "Parent Relationship": "Outer", "Join Type": "Inner", "Startup Cost": 0.0, "Total Cost": 548625.29, "Plan Rows": 259666, "Plan Width": 32, "Inner Unique": false, "Plans": [{"Node Type": "Index Scan", "Parent Relationship": "Outer", "Scan Direction": "Forward", "Index Name": "part_kpey", "Relation Name": "part", "Alias": "part", "Startup Cost": 0.0, "Total Cost": 105803.25, "Plan Rows": 89888, "Plan Width": 8, "Filter": "((p_name)::text ~~ '%dim%'::text)"}, {"Node Type": "Index Scan", "Parent Relationship": "Inner", "Scan Direction": "Forward", "Index Name": "idx_partsupp_partkey", "Relation Name": "partsupp", "Alias": "partsupp", "Startup Cost": 0.0, "Total Cost": 4.9, "Plan Rows": 3, "Plan Width": 24, "Index Cond": "(ps_partkey = part.p_partkey)"}]}, {"Node Type": "Hash", "Parent Relationship": "Inner", "Startup Cost": 5334.54, "Total Cost": 5334.54, "Plan Rows": 100000, "Plan Width": 12, "Plans": [{"Node Type": "Index Scan", "Parent Relationship": "Outer", "Scan Direction": "Forward", "Index Name": "supplier_pkey", "Relation Name": "supplier", "Alias": "supplier", "Startup Cost": 0.0, "Total Cost": 5334.54, "Plan Rows": 100000, "Plan Width": 12}]}]}, {"Node Type": "Index Scan", "Parent Relationship": "Inner", "Scan Direction": "Forward", "Index Name": "idx_lineitem_part_supp", "Relation Name": "lineitem", "Alias": "lineitem", "Startup Cost": 0.0, "Total Cost": 1.13, "Plan Rows": 1, "Plan Width": 48, "Index Cond": "((l_partkey = partsupp.ps_partkey) AND (l_suppkey = partsupp.ps_suppkey))"}]}, {"Node Type": "Index Scan", "Parent Relationship": "Inner", "Scan Direction": "Forward", "Index Name": "orders_pkey", "Relation Name": "orders", "Alias": "orders", "Startup Cost": 0.0, "Total Cost": 0.29, "Plan Rows": 1, "Plan Width": 16, "Index Cond": "(o_orderkey = lineitem.l_orderkey)"}]}, {"Node Type": "Index Scan", "Parent Relationship": "Inner", "Scan Direction": "Forward", "Index Name": "nation_pkey", "Relation Name": "nation", "Alias": "nation", "Startup Cost": 0.0, "Total Cost": 0.27, "Plan Rows": 1, "Plan Width": 30, "Index Cond": "(n_nationkey = supplier.s_nationkey)"}]}]}]}, "Unique SQL Id": 3628361425}, "explain_analyze_plan": {"Plan": {"Node Type": "Sort", "Startup Cost": 701189.51, "Total Cost": 701189.52, "Plan Rows": 1, "Plan Width": 74, "Actual Startup Time": 56757.804, "Actual Total Time": 56757.818, "Actual Rows": 175, "Actual Loops": 1, "Sort Key": ["nation.n_name", "(date_part('year'::text, orders.o_orderdate)) DESC"], "Sort Method": "quicksort", "Sort Space Used": 52, "Sort Space Type": "Memory", "Plans": [{"Node Type": "Aggregate", "Strategy": "Hashed", "Parent Relationship": "Outer", "Startup Cost": 701189.49, "Total Cost": 701189.5, "Plan Rows": 1, "Plan Width": 74, "Actual Startup Time": 56757.401, "Actual Total Time": 56757.434, "Actual Rows": 175, "Actual Loops": 1, "Group By Key": ["nation.n_name", "date_part('year'::text, orders.o_orderdate)"], "Plans": [{"Node Type": "Nested Loop", "Parent Relationship": "Outer", "Join Type": "Inner", "Startup Cost": 6584.54, "Total Cost": 701189.47, "Plan Rows": 1, "Plan Width": 66, "Actual Startup Time": 106.399, "Actual Total Time": 52825.55, "Actual Rows": 3256948, "Actual Loops": 1, "Inner Unique": true, "Plans": [{"Node Type": "Nested Loop", "Parent Relationship": "Outer", "Join Type": "Inner", "Startup Cost": 6584.54, "Total Cost": 701189.19, "Plan Rows": 1, "Plan Width": 44, "Actual Startup Time": 106.363, "Actual Total Time": 44002.737, "Actual Rows": 3256948, "Actual Loops": 1, "Inner Unique": true, "Plans": [{"Node Type": "Nested Loop", "Parent Relationship": "Outer", "Join Type": "Inner", "Startup Cost": 6584.54, "Total Cost": 701188.89, "Plan Rows": 1, "Plan Width": 44, "Actual Startup Time": 106.34, "Actual Total Time": 16136.796, "Actual Rows": 3256948, "Actual Loops": 1, "Inner Unique": false, "Join Filter": "(supplier.s_suppkey = lineitem.l_suppkey)", "Rows Removed by Join Filter": 0, "Plans": [{"Node Type": "Hash Join", "Parent Relationship": "Outer", "Join Type": "Inner", "Startup Cost": 6584.54, "Total Cost": 557439.88, "Plan Rows": 125630, "Plan Width": 44, "Actual Startup Time": 106.3, "Actual Total Time": 3477.4, "Actual Rows": 434204, "Actual Loops": 1, "Inner Unique": true, "Hash Cond": "(partsupp.ps_suppkey = supplier.s_suppkey), (LLVM Optimized, Jit Execute)", "Plans": [{"Node Type": "Nested Loop", "Parent Relationship": "Outer", "Join Type": "Inner", "Startup Cost": 0.0, "Total Cost": 548625.29, "Plan Rows": 259666, "Plan Width": 32, "Actual Startup Time": 0.05, "Actual Total Time": 2916.216, "Actual Rows": 434204, "Actual Loops": 1, "Inner Unique": false, "Plans": [{"Node Type": "Index Scan", "Parent Relationship": "Outer", "Scan Direction": "Forward", "Index Name": "part_kpey", "Relation Name": "part", "Alias": "part", "Startup Cost": 0.0, "Total Cost": 105803.25, "Plan Rows": 89888, "Plan Width": 8, "Actual Startup Time": 0.038, "Actual Total Time": 1713.725, "Actual Rows": 108551, "Actual Loops": 1, "Filter": "((p_name)::text ~~ '%dim%'::text)", "Rows Removed by Filter": 1891449}, {"Node Type": "Index Scan", "Parent Relationship": "Inner", "Scan Direction": "Forward", "Index Name": "idx_partsupp_partkey", "Relation Name": "partsupp", "Alias": "partsupp", "Startup Cost": 0.0, "Total Cost": 4.9, "Plan Rows": 3, "Plan Width": 24, "Actual Startup Time": 698.665, "Actual Total Time": 994.397, "Actual Rows": 434204, "Actual Loops": 108551, "Index Cond": "(ps_partkey = part.p_partkey)", "Rows Removed by Index Recheck": 0}]}, {"Node Type": "Hash", "Parent Relationship": "Inner", "Startup Cost": 5334.54, "Total Cost": 5334.54, "Plan Rows": 100000, "Plan Width": 12, "Actual Startup Time": 106.06, "Actual Total Time": 106.06, "Actual Rows": 100000, "Actual Loops": 1, "Hash Buckets": 131072, "Hash Batches": 1, "Original Hash Batches": 1, "Peak Memory Usage": 4297, "Plans": [{"Node Type": "Index Scan", "Parent Relationship": "Outer", "Scan Direction": "Forward", "Index Name": "supplier_pkey", "Relation Name": "supplier", "Alias": "supplier", "Startup Cost": 0.0, "Total Cost": 5334.54, "Plan Rows": 100000, "Plan Width": 12, "Actual Startup Time": 0.019, "Actual Total Time": 76.575, "Actual Rows": 100000, "Actual Loops": 1}]}]}, {"Node Type": "Index Scan", "Parent Relationship": "Inner", "Scan Direction": "Forward", "Index Name": "idx_lineitem_part_supp", "Relation Name": "lineitem", "Alias": "lineitem", "Startup Cost": 0.0, "Total Cost": 1.13, "Plan Rows": 1, "Plan Width": 48, "Actual Startup Time": 3224.162, "Actual Total Time": 11011.239, "Actual Rows": 3256948, "Actual Loops": 434204, "Index Cond": "((l_partkey = partsupp.ps_partkey) AND (l_suppkey = partsupp.ps_suppkey))", "Rows Removed by Index Recheck": 0}]}, {"Node Type": "Index Scan", "Parent Relationship": "Inner", "Scan Direction": "Forward", "Index Name": "orders_pkey", "Relation Name": "orders", "Alias": "orders", "Startup Cost": 0.0, "Total Cost": 0.29, "Plan Rows": 1, "Plan Width": 16, "Actual Startup Time": 25102.62, "Actual Total Time": 25102.62, "Actual Rows": 3256948, "Actual Loops": 3256948, "Index Cond": "(o_orderkey = lineitem.l_orderkey)", "Rows Removed by Index Recheck": 0}]}, {"Node Type": "Index Scan", "Parent Relationship": "Inner", "Scan Direction": "Forward", "Index Name": "nation_pkey", "Relation Name": "nation", "Alias": "nation", "Startup Cost": 0.0, "Total Cost": 0.27, "Plan Rows": 1, "Plan Width": 30, "Actual Startup Time": 4713.432, "Actual Total Time": 4713.432, "Actual Rows": 3256948, "Actual Loops": 3256948, "Index Cond": "(n_nationkey = supplier.s_nationkey)", "Rows Removed by Index Recheck": 0}]}]}]}, "Triggers": [], "Planner Runtime": 33.85, "Total Runtime": 56766.913, "Unique SQL Id": 3628361425}}, "(16, 14)": {"explain_plan": {"Plan": {"Node Type": "Sort", "Startup Cost": 3188400.29, "Total Cost": 3188400.29, "Plan Rows": 1, "Plan Width": 74, "Sort Key": ["nation.n_name", "(date_part('year'::text, orders.o_orderdate)) DESC"], "Plans": [{"Node Type": "Aggregate", "Strategy": "Hashed", "Parent Relationship": "Outer", "Startup Cost": 3188400.27, "Total Cost": 3188400.28, "Plan Rows": 1, "Plan Width": 74, "Group By Key": ["nation.n_name", "date_part('year'::text, orders.o_orderdate)"], "Plans": [{"Node Type": "Nested Loop", "Parent Relationship": "Outer", "Join Type": "Inner", "Startup Cost": 2705736.84, "Total Cost": 3188400.25, "Plan Rows": 1, "Plan Width": 66, "Inner Unique": true, "Join Filter": "(supplier.s_nationkey = nation.n_nationkey)", "Plans": [{"Node Type": "Hash Join", "Parent Relationship": "Outer", "Join Type": "Inner", "Startup Cost": 2705736.84, "Total Cost": 3188398.68, "Plan Rows": 1, "Plan Width": 44, "Inner Unique": false, "Hash Cond": "(orders.o_orderkey = lineitem.l_orderkey)", "Plans": [{"Node Type": "Seq Scan", "Parent Relationship": "Outer", "Relation Name": "orders", "Alias": "orders", "Startup Cost": 0.0, "Total Cost": 426413.79, "Plan Rows": 14999479, "Plan Width": 16}, {"Node Type": "Hash", "Parent Relationship": "Inner", "Startup Cost": 2705736.82, "Total Cost": 2705736.82, "Plan Rows": 1, "Plan Width": 44, "Plans": [{"Node Type": "Hash Join", "Parent Relationship": "Outer", "Join Type": "Inner", "Startup Cost": 406202.19, "Total Cost": 2705736.82, "Plan Rows": 1, "Plan Width": 44, "Inner Unique": false, "Hash Cond": "((lineitem.l_suppkey = partsupp.ps_suppkey) AND (lineitem.l_partkey = partsupp.ps_partkey))", "Plans": [{"Node Type": "Hash Join", "Parent Relationship": "Outer", "Join Type": "Inner", "Startup Cost": 68067.6, "Total Cost": 2313089.96, "Plan Rows": 495566, "Plan Width": 56, "Inner Unique": true, "Hash Cond": "(lineitem.l_partkey = part.p_partkey), (LLVM Optimized)", "Plans": [{"Node Type": "Seq Scan", "Parent Relationship": "Outer", "Relation Name": "lineitem", "Alias": "lineitem", "Startup Cost": 0.0, "Total Cost": 2015115.33, "Plan Rows": 59987033, "Plan Width": 48}, {"Node Type": "Hash", "Parent Relationship": "Inner", "Startup Cost": 66944.0, "Total Cost": 66944.0, "Plan Rows": 89888, "Plan Width": 8, "Plans": [{"Node Type": "Seq Scan", "Parent Relationship": "Outer", "Relation Name": "part", "Alias": "part", "Startup Cost": 0.0, "Total Cost": 66944.0, "Plan Rows": 89888, "Plan Width": 8, "Filter": "((p_name)::text ~~ '%dim%'::text)"}]}]}, {"Node Type": "Hash", "Parent Relationship": "Inner", "Startup Cost": 317967.1, "Total Cost": 317967.1, "Plan Rows": 1344499, "Plan Width": 36, "Plans": [{"Node Type": "Hash Join", "Parent Relationship": "Outer", "Join Type": "Inner", "Startup Cost": 4533.0, "Total Cost": 317967.1, "Plan Rows": 1344499, "Plan Width": 36, "Inner Unique": true, "Hash Cond": "(partsupp.ps_suppkey = supplier.s_suppkey), (LLVM Optimized)", "Plans": [{"Node Type": "Seq Scan", "Parent Relationship": "Outer", "Relation Name": "partsupp", "Alias": "partsupp", "Startup Cost": 0.0, "Total Cost": 269987.72, "Plan Rows": 8000372, "Plan Width": 24}, {"Node Type": "Hash", "Parent Relationship": "Inner", "Startup Cost": 3283.0, "Total Cost": 3283.0, "Plan Rows": 100000, "Plan Width": 12, "Plans": [{"Node Type": "Seq Scan", "Parent Relationship": "Outer", "Relation Name": "supplier", "Alias": "supplier", "Startup Cost": 0.0, "Total Cost": 3283.0, "Plan Rows": 100000, "Plan Width": 12}]}]}]}]}]}]}, {"Node Type": "Seq Scan", "Parent Relationship": "Inner", "Relation Name": "nation", "Alias": "nation", "Startup Cost": 0.0, "Total Cost": 1.25, "Plan Rows": 25, "Plan Width": 30}]}]}]}, "Unique SQL Id": 3628361425}, "explain_analyze_plan": null}, "(16, 15)": {"explain_plan": {"Plan": {"Node Type": "Sort", "Startup Cost": 6000839471774.72, "Total Cost": 6000839471774.72, "Plan Rows": 1, "Plan Width": 74, "Sort Key": ["nation.n_name", "(date_part('year'::text, orders.o_orderdate)) DESC"], "Plans": [{"Node Type": "Aggregate", "Strategy": "Hashed", "Parent Relationship": "Outer", "Startup Cost": 6000839471774.69, "Total Cost": 6000839471774.71, "Plan Rows": 1, "Plan Width": 74, "Group By Key": ["nation.n_name", "date_part('year'::text, orders.o_orderdate)"], "Plans": [{"Node Type": "Nested Loop", "Parent Relationship": "Outer", "Join Type": "Inner", "Startup Cost": 60035393416.8, "Total Cost": 6000839471774.68, "Plan Rows": 1, "Plan Width": 66, "Inner Unique": true, "Plans": [{"Node Type": "Merge Join", "Parent Relationship": "Outer", "Join Type": "Inner", "Startup Cost": 50035393416.8, "Total Cost": 5000839471745.44, "Plan Rows": 1, "Plan Width": 66, "Inner Unique": true, "Merge Cond": "(partsupp.ps_partkey = part.p_partkey)", "Plans": [{"Node Type": "Nested Loop", "Parent Relationship": "Outer", "Join Type": "Inner", "Startup Cost": 40035393416.8, "Total Cost": 4000828891195.69, "Plan Rows": 6, "Plan Width": 82, "Inner Unique": true, "Join Filter": "(supplier.s_nationkey = nation.n_nationkey)", "Plans": [{"Node Type": "Nested Loop", "Parent Relationship": "Outer", "Join Type": "Inner", "Startup Cost": 30035393416.8, "Total Cost": 3000828889930.88, "Plan Rows": 6, "Plan Width": 60, "Inner Unique": true, "Join Filter": "(lineitem.l_suppkey = supplier.s_suppkey)", "Plans": [{"Node Type": "Merge Join", "Parent Relationship": "Outer", "Join Type": "Inner", "Startup Cost": 20035393416.8, "Total Cost": 2000828314226.5, "Plan Rows": 28, "Plan Width": 72, "Inner Unique": true, "Merge Cond": "((lineitem.l_partkey = partsupp.ps_partkey) AND (lineitem.l_suppkey = partsupp.ps_suppkey))", "Plans": [{"Node Type": "Index Scan", "Parent Relationship": "Outer", "Scan Direction": "Forward", "Index Name": "idx_lineitem_part_supp", "Relation Name": "lineitem", "Alias": "lineitem", "Startup Cost": 10000000000.0, "Total Cost": 1000775391319.64, "Plan Rows": 59987033, "Plan Width": 48}, {"Node Type": "Index Scan", "Parent Relationship": "Inner", "Scan Direction": "Forward", "Index Name": "partsupp_pkey", "Relation Name": "partsupp", "Alias": "partsupp", "Startup Cost": 10000000000.0, "Total Cost": 1000071640963.22, "Plan Rows": 8000372, "Plan Width": 24}]}, {"Node Type": "Materialize", "Parent Relationship": "Inner", "Startup Cost": 10000000000.0, "Total Cost": 1000000533954.38, "Plan Rows": 100000, "Plan Width": 12, "Plans": [{"Node Type": "Index Scan", "Parent Relationship": "Outer", "Scan Direction": "Forward", "Index Name": "supplier_pkey", "Relation Name": "supplier", "Alias": "supplier", "Startup Cost": 10000000000.0, "Total Cost": 1000000533454.38, "Plan Rows": 100000, "Plan Width": 12}]}]}, {"Node Type": "Materialize", "Parent Relationship": "Inner", "Startup Cost": 10000000000.0, "Total Cost": 1000000001262.62, "Plan Rows": 25, "Plan Width": 30, "Plans": [{"Node Type": "Index Scan", "Parent Relationship": "Outer", "Scan Direction": "Forward", "Index Name": "nation_pkey", "Relation Name": "nation", "Alias": "nation", "Startup Cost": 10000000000.0, "Total Cost": 1000000001262.5, "Plan Rows": 25, "Plan Width": 30}]}]}, {"Node Type": "Index Scan", "Parent Relationship": "Inner", "Scan Direction": "Forward", "Index Name": "part_kpey", "Relation Name": "part", "Alias": "part", "Startup Cost": 10000000000.0, "Total Cost": 1000010580325.0, "Plan Rows": 89888, "Plan Width": 8, "Filter": "((p_name)::text ~~ '%dim%'::text)"}]}, {"Node Type": "Index Scan", "Parent Relationship": "Inner", "Scan Direction": "Forward", "Index Name": "orders_pkey", "Relation Name": "orders", "Alias": "orders", "Startup Cost": 10000000000.0, "Total Cost": 1000000000029.23, "Plan Rows": 1, "Plan Width": 16, "Index Cond": "(o_orderkey = lineitem.l_orderkey)"}]}]}]}, "Unique SQL Id": 3628361425}, "explain_analyze_plan": null}, "(16, 16)": {"explain_plan": {"Plan": {"Node Type": "Sort", "Startup Cost": 685006.93, "Total Cost": 685006.94, "Plan Rows": 1, "Plan Width": 74, "Sort Key": ["nation.n_name", "(date_part('year'::text, orders.o_orderdate)) DESC"], "Plans": [{"Node Type": "Aggregate", "Strategy": "Hashed", "Parent Relationship": "Outer", "Startup Cost": 685006.91, "Total Cost": 685006.92, "Plan Rows": 1, "Plan Width": 74, "Group By Key": ["nation.n_name", "date_part('year'::text, orders.o_orderdate)"], "Plans": [{"Node Type": "Nested Loop", "Parent Relationship": "Outer", "Join Type": "Inner", "Startup Cost": 533118.21, "Total Cost": 685006.89, "Plan Rows": 1, "Plan Width": 66, "Inner Unique": true, "Plans": [{"Node Type": "Nested Loop", "Parent Relationship": "Outer", "Join Type": "Inner", "Startup Cost": 533118.21, "Total Cost": 685006.61, "Plan Rows": 1, "Plan Width": 44, "Inner Unique": true, "Plans": [{"Node Type": "Nested Loop", "Parent Relationship": "Outer", "Join Type": "Inner", "Startup Cost": 533118.21, "Total Cost": 685006.31, "Plan Rows": 1, "Plan Width": 44, "Inner Unique": false, "Join Filter": "(supplier.s_suppkey = lineitem.l_suppkey)", "Plans": [{"Node Type": "Merge Join", "Parent Relationship": "Outer", "Join Type": "Inner", "Startup Cost": 533118.21, "Total Cost": 541257.3, "Plan Rows": 125630, "Plan Width": 44, "Inner Unique": false, "Merge Cond": "(supplier.s_suppkey = partsupp.ps_suppkey)", "Plans": [{"Node Type": "Index Scan", "Parent Relationship": "Outer", "Scan Direction": "Forward", "Index Name": "supplier_pkey", "Relation Name": "supplier", "Alias": "supplier", "Startup Cost": 0.0, "Total Cost": 5334.54, "Plan Rows": 100000, "Plan Width": 12}, {"Node Type": "Sort", "Parent Relationship": "Inner", "Startup Cost": 533118.19, "Total Cost": 533767.36, "Plan Rows": 259666, "Plan Width": 32, "Sort Key": ["partsupp.ps_suppkey"], "Plans": [{"Node Type": "Nested Loop", "Parent Relationship": "Outer", "Join Type": "Inner", "Startup Cost": 0.0, "Total Cost": 509766.04, "Plan Rows": 259666, "Plan Width": 32, "Inner Unique": false, "Plans": [{"Node Type": "Seq Scan", "Parent Relationship": "Outer", "Relation Name": "part", "Alias": "part", "Startup Cost": 0.0, "Total Cost": 66944.0, "Plan Rows": 89888, "Plan Width": 8, "Filter": "((p_name)::text ~~ '%dim%'::text)"}, {"Node Type": "Index Scan", "Parent Relationship": "Inner", "Scan Direction": "Forward", "Index Name": "idx_partsupp_partkey", "Relation Name": "partsupp", "Alias": "partsupp", "Startup Cost": 0.0, "Total Cost": 4.9, "Plan Rows": 3, "Plan Width": 24, "Index Cond": "(ps_partkey = part.p_partkey)"}]}]}]}, {"Node Type": "Index Scan", "Parent Relationship": "Inner", "Scan Direction": "Forward", "Index Name": "idx_lineitem_part_supp", "Relation Name": "lineitem", "Alias": "lineitem", "Startup Cost": 0.0, "Total Cost": 1.13, "Plan Rows": 1, "Plan Width": 48, "Index Cond": "((l_partkey = partsupp.ps_partkey) AND (l_suppkey = partsupp.ps_suppkey))"}]}, {"Node Type": "Index Scan", "Parent Relationship": "Inner", "Scan Direction": "Forward", "Index Name": "orders_pkey", "Relation Name": "orders", "Alias": "orders", "Startup Cost": 0.0, "Total Cost": 0.29, "Plan Rows": 1, "Plan Width": 16, "Index Cond": "(o_orderkey = lineitem.l_orderkey)"}]}, {"Node Type": "Index Scan", "Parent Relationship": "Inner", "Scan Direction": "Forward", "Index Name": "nation_pkey", "Relation Name": "nation", "Alias": "nation", "Startup Cost": 0.0, "Total Cost": 0.27, "Plan Rows": 1, "Plan Width": 30, "Index Cond": "(n_nationkey = supplier.s_nationkey)"}]}]}]}, "Unique SQL Id": 3628361425}, "explain_analyze_plan": {"Plan": {"Node Type": "Sort", "Startup Cost": 685006.93, "Total Cost": 685006.94, "Plan Rows": 1, "Plan Width": 74, "Actual Startup Time": 55341.009, "Actual Total Time": 55341.022, "Actual Rows": 175, "Actual Loops": 1, "Sort Key": ["nation.n_name", "(date_part('year'::text, orders.o_orderdate)) DESC"], "Sort Method": "quicksort", "Sort Space Used": 52, "Sort Space Type": "Memory", "Plans": [{"Node Type": "Aggregate", "Strategy": "Hashed", "Parent Relationship": "Outer", "Startup Cost": 685006.91, "Total Cost": 685006.92, "Plan Rows": 1, "Plan Width": 74, "Actual Startup Time": 55340.641, "Actual Total Time": 55340.687, "Actual Rows": 175, "Actual Loops": 1, "Group By Key": ["nation.n_name", "date_part('year'::text, orders.o_orderdate)"], "Plans": [{"Node Type": "Nested Loop", "Parent Relationship": "Outer", "Join Type": "Inner", "Startup Cost": 533118.21, "Total Cost": 685006.89, "Plan Rows": 1, "Plan Width": 66, "Actual Startup Time": 2056.656, "Actual Total Time": 51373.687, "Actual Rows": 3256948, "Actual Loops": 1, "Inner Unique": true, "Plans": [{"Node Type": "Nested Loop", "Parent Relationship": "Outer", "Join Type": "Inner", "Startup Cost": 533118.21, "Total Cost": 685006.61, "Plan Rows": 1, "Plan Width": 44, "Actual Startup Time": 2056.627, "Actual Total Time": 42802.062, "Actual Rows": 3256948, "Actual Loops": 1, "Inner Unique": true, "Plans": [{"Node Type": "Nested Loop", "Parent Relationship": "Outer", "Join Type": "Inner", "Startup Cost": 533118.21, "Total Cost": 685006.31, "Plan Rows": 1, "Plan Width": 44, "Actual Startup Time": 2056.606, "Actual Total Time": 15879.99, "Actual Rows": 3256948, "Actual Loops": 1, "Inner Unique": false, "Join Filter": "(supplier.s_suppkey = lineitem.l_suppkey)", "Rows Removed by Join Filter": 0, "Plans": [{"Node Type": "Merge Join", "Parent Relationship": "Outer", "Join Type": "Inner", "Startup Cost": 533118.21, "Total Cost": 541257.3, "Plan Rows": 125630, "Plan Width": 44, "Actual Startup Time": 2056.53, "Actual Total Time": 2539.625, "Actual Rows": 434204, "Actual Loops": 1, "Inner Unique": false, "Merge Cond": "(supplier.s_suppkey = partsupp.ps_suppkey)", "Plans": [{"Node Type": "Index Scan", "Parent Relationship": "Outer", "Scan Direction": "Forward", "Index Name": "supplier_pkey", "Relation Name": "supplier", "Alias": "supplier", "Startup Cost": 0.0, "Total Cost": 5334.54, "Plan Rows": 100000, "Plan Width": 12, "Actual Startup Time": 0.029, "Actual Total Time": 84.481, "Actual Rows": 100000, "Actual Loops": 1}, {"Node Type": "Sort", "Parent Relationship": "Inner", "Startup Cost": 533118.19, "Total Cost": 533767.36, "Plan Rows": 259666, "Plan Width": 32, "Actual Startup Time": 2056.476, "Actual Total Time": 2218.535, "Actual Rows": 434204, "Actual Loops": 1, "Sort Key": ["partsupp.ps_suppkey"], "Sort Method": "quicksort", "Sort Space Used": 52995, "Sort Space Type": "Memory", "Plans": [{"Node Type": "Nested Loop", "Parent Relationship": "Outer", "Join Type": "Inner", "Startup Cost": 0.0, "Total Cost": 509766.04, "Plan Rows": 259666, "Plan Width": 32, "Actual Startup Time": 0.045, "Actual Total Time": 1882.267, "Actual Rows": 434204, "Actual Loops": 1, "Inner Unique": false, "Plans": [{"Node Type": "Seq Scan", "Parent Relationship": "Outer", "Relation Name": "part", "Alias": "part", "Startup Cost": 0.0, "Total Cost": 66944.0, "Plan Rows": 89888, "Plan Width": 8, "Actual Startup Time": 0.03, "Actual Total Time": 1006.229, "Actual Rows": 108551, "Actual Loops": 1, "Filter": "((p_name)::text ~~ '%dim%'::text)", "Rows Removed by Filter": 1891449}, {"Node Type": "Index Scan", "Parent Relationship": "Inner", "Scan Direction": "Forward", "Index Name": "idx_partsupp_partkey", "Relation Name": "partsupp", "Alias": "partsupp", "Startup Cost": 0.0, "Total Cost": 4.9, "Plan Rows": 3, "Plan Width": 24, "Actual Startup Time": 489.343, "Actual Total Time": 723.306, "Actual Rows": 434204, "Actual Loops": 108551, "Index Cond": "(ps_partkey = part.p_partkey)", "Rows Removed by Index Recheck": 0}]}]}]}, {"Node Type": "Index Scan", "Parent Relationship": "Inner", "Scan Direction": "Forward", "Index Name": "idx_lineitem_part_supp", "Relation Name": "lineitem", "Alias": "lineitem", "Startup Cost": 0.0, "Total Cost": 1.13, "Plan Rows": 1, "Plan Width": 48, "Actual Startup Time": 4085.211, "Actual Total Time": 11672.34, "Actual Rows": 3256948, "Actual Loops": 434204, "Index Cond": "((l_partkey = partsupp.ps_partkey) AND (l_suppkey = partsupp.ps_suppkey))", "Rows Removed by Index Recheck": 0}]}, {"Node Type": "Index Scan", "Parent Relationship": "Inner", "Scan Direction": "Forward", "Index Name": "orders_pkey", "Relation Name": "orders", "Alias": "orders", "Startup Cost": 0.0, "Total Cost": 0.29, "Plan Rows": 1, "Plan Width": 16, "Actual Startup Time": 24084.564, "Actual Total Time": 24084.564, "Actual Rows": 3256948, "Actual Loops": 3256948, "Index Cond": "(o_orderkey = lineitem.l_orderkey)", "Rows Removed by Index Recheck": 0}]}, {"Node Type": "Index Scan", "Parent Relationship": "Inner", "Scan Direction": "Forward", "Index Name": "nation_pkey", "Relation Name": "nation", "Alias": "nation", "Startup Cost": 0.0, "Total Cost": 0.27, "Plan Rows": 1, "Plan Width": 30, "Actual Startup Time": 4497.813, "Actual Total Time": 4497.813, "Actual Rows": 3256948, "Actual Loops": 3256948, "Index Cond": "(n_nationkey = supplier.s_nationkey)", "Rows Removed by Index Recheck": 0}]}]}]}, "Triggers": [], "Planner Runtime": 32.019, "Total Runtime": 55341.401, "Unique SQL Id": 3628361425}}, "(16, 17)": {"explain_plan": {"Plan": {"Node Type": "Sort", "Startup Cost": 723866.18, "Total Cost": 723866.19, "Plan Rows": 1, "Plan Width": 74, "Sort Key": ["nation.n_name", "(date_part('year'::text, orders.o_orderdate)) DESC"], "Plans": [{"Node Type": "Aggregate", "Strategy": "Hashed", "Parent Relationship": "Outer", "Startup Cost": 723866.16, "Total Cost": 723866.17, "Plan Rows": 1, "Plan Width": 74, "Group By Key": ["nation.n_name", "date_part('year'::text, orders.o_orderdate)"], "Plans": [{"Node Type": "Nested Loop", "Parent Relationship": "Outer", "Join Type": "Inner", "Startup Cost": 571977.46, "Total Cost": 723866.14, "Plan Rows": 1, "Plan Width": 66, "Inner Unique": true, "Plans": [{"Node Type": "Nested Loop", "Parent Relationship": "Outer", "Join Type": "Inner", "Startup Cost": 571977.46, "Total Cost": 723865.86, "Plan Rows": 1, "Plan Width": 44, "Inner Unique": true, "Plans": [{"Node Type": "Nested Loop", "Parent Relationship": "Outer", "Join Type": "Inner", "Startup Cost": 571977.46, "Total Cost": 723865.56, "Plan Rows": 1, "Plan Width": 44, "Inner Unique": false, "Join Filter": "(supplier.s_suppkey = lineitem.l_suppkey)", "Plans": [{"Node Type": "Merge Join", "Parent Relationship": "Outer", "Join Type": "Inner", "Startup Cost": 571977.46, "Total Cost": 580116.55, "Plan Rows": 125630, "Plan Width": 44, "Inner Unique": false, "Merge Cond": "(supplier.s_suppkey = partsupp.ps_suppkey)", "Plans": [{"Node Type": "Index Scan", "Parent Relationship": "Outer", "Scan Direction": "Forward", "Index Name": "supplier_pkey", "Relation Name": "supplier", "Alias": "supplier", "Startup Cost": 0.0, "Total Cost": 5334.54, "Plan Rows": 100000, "Plan Width": 12}, {"Node Type": "Sort", "Parent Relationship": "Inner", "Startup Cost": 571977.44, "Total Cost": 572626.61, "Plan Rows": 259666, "Plan Width": 32, "Sort Key": ["partsupp.ps_suppkey"], "Plans": [{"Node Type": "Nested Loop", "Parent Relationship": "Outer", "Join Type": "Inner", "Startup Cost": 0.0, "Total Cost": 548625.29, "Plan Rows": 259666, "Plan Width": 32, "Inner Unique": false, "Plans": [{"Node Type": "Index Scan", "Parent Relationship": "Outer", "Scan Direction": "Forward", "Index Name": "part_kpey", "Relation Name": "part", "Alias": "part", "Startup Cost": 0.0, "Total Cost": 105803.25, "Plan Rows": 89888, "Plan Width": 8, "Filter": "((p_name)::text ~~ '%dim%'::text)"}, {"Node Type": "Index Scan", "Parent Relationship": "Inner", "Scan Direction": "Forward", "Index Name": "idx_partsupp_partkey", "Relation Name": "partsupp", "Alias": "partsupp", "Startup Cost": 0.0, "Total Cost": 4.9, "Plan Rows": 3, "Plan Width": 24, "Index Cond": "(ps_partkey = part.p_partkey)"}]}]}]}, {"Node Type": "Index Scan", "Parent Relationship": "Inner", "Scan Direction": "Forward", "Index Name": "idx_lineitem_part_supp", "Relation Name": "lineitem", "Alias": "lineitem", "Startup Cost": 0.0, "Total Cost": 1.13, "Plan Rows": 1, "Plan Width": 48, "Index Cond": "((l_partkey = partsupp.ps_partkey) AND (l_suppkey = partsupp.ps_suppkey))"}]}, {"Node Type": "Index Scan", "Parent Relationship": "Inner", "Scan Direction": "Forward", "Index Name": "orders_pkey", "Relation Name": "orders", "Alias": "orders", "Startup Cost": 0.0, "Total Cost": 0.29, "Plan Rows": 1, "Plan Width": 16, "Index Cond": "(o_orderkey = lineitem.l_orderkey)"}]}, {"Node Type": "Index Scan", "Parent Relationship": "Inner", "Scan Direction": "Forward", "Index Name": "nation_pkey", "Relation Name": "nation", "Alias": "nation", "Startup Cost": 0.0, "Total Cost": 0.27, "Plan Rows": 1, "Plan Width": 30, "Index Cond": "(n_nationkey = supplier.s_nationkey)"}]}]}]}, "Unique SQL Id": 3628361425}, "explain_analyze_plan": {"Plan": {"Node Type": "Sort", "Startup Cost": 723866.18, "Total Cost": 723866.19, "Plan Rows": 1, "Plan Width": 74, "Actual Startup Time": 55583.76, "Actual Total Time": 55583.773, "Actual Rows": 175, "Actual Loops": 1, "Sort Key": ["nation.n_name", "(date_part('year'::text, orders.o_orderdate)) DESC"], "Sort Method": "quicksort", "Sort Space Used": 52, "Sort Space Type": "Memory", "Plans": [{"Node Type": "Aggregate", "Strategy": "Hashed", "Parent Relationship": "Outer", "Startup Cost": 723866.16, "Total Cost": 723866.17, "Plan Rows": 1, "Plan Width": 74, "Actual Startup Time": 55583.396, "Actual Total Time": 55583.435, "Actual Rows": 175, "Actual Loops": 1, "Group By Key": ["nation.n_name", "date_part('year'::text, orders.o_orderdate)"], "Plans": [{"Node Type": "Nested Loop", "Parent Relationship": "Outer", "Join Type": "Inner", "Startup Cost": 571977.46, "Total Cost": 723866.14, "Plan Rows": 1, "Plan Width": 66, "Actual Startup Time": 2808.856, "Actual Total Time": 51760.642, "Actual Rows": 3256948, "Actual Loops": 1, "Inner Unique": true, "Plans": [{"Node Type": "Nested Loop", "Parent Relationship": "Outer", "Join Type": "Inner", "Startup Cost": 571977.46, "Total Cost": 723865.86, "Plan Rows": 1, "Plan Width": 44, "Actual Startup Time": 2808.828, "Actual Total Time": 43212.092, "Actual Rows": 3256948, "Actual Loops": 1, "Inner Unique": true, "Plans": [{"Node Type": "Nested Loop", "Parent Relationship": "Outer", "Join Type": "Inner", "Startup Cost": 571977.46, "Total Cost": 723865.56, "Plan Rows": 1, "Plan Width": 44, "Actual Startup Time": 2808.805, "Actual Total Time": 16560.708, "Actual Rows": 3256948, "Actual Loops": 1, "Inner Unique": false, "Join Filter": "(supplier.s_suppkey = lineitem.l_suppkey)", "Rows Removed by Join Filter": 0, "Plans": [{"Node Type": "Merge Join", "Parent Relationship": "Outer", "Join Type": "Inner", "Startup Cost": 571977.46, "Total Cost": 580116.55, "Plan Rows": 125630, "Plan Width": 44, "Actual Startup Time": 2808.735, "Actual Total Time": 3299.844, "Actual Rows": 434204, "Actual Loops": 1, "Inner Unique": false, "Merge Cond": "(supplier.s_suppkey = partsupp.ps_suppkey)", "Plans": [{"Node Type": "Index Scan", "Parent Relationship": "Outer", "Scan Direction": "Forward", "Index Name": "supplier_pkey", "Relation Name": "supplier", "Alias": "supplier", "Startup Cost": 0.0, "Total Cost": 5334.54, "Plan Rows": 100000, "Plan Width": 12, "Actual Startup Time": 0.022, "Actual Total Time": 83.749, "Actual Rows": 100000, "Actual Loops": 1}, {"Node Type": "Sort", "Parent Relationship": "Inner", "Startup Cost": 571977.44, "Total Cost": 572626.61, "Plan Rows": 259666, "Plan Width": 32, "Actual Startup Time": 2808.699, "Actual Total Time": 2974.298, "Actual Rows": 434204, "Actual Loops": 1, "Sort Key": ["partsupp.ps_suppkey"], "Sort Method": "quicksort", "Sort Space Used": 52995, "Sort Space Type": "Memory", "Plans": [{"Node Type": "Nested Loop", "Parent Relationship": "Outer", "Join Type": "Inner", "Startup Cost": 0.0, "Total Cost": 548625.29, "Plan Rows": 259666, "Plan Width": 32, "Actual Startup Time": 0.042, "Actual Total Time": 2632.402, "Actual Rows": 434204, "Actual Loops": 1, "Inner Unique": false, "Plans": [{"Node Type": "Index Scan", "Parent Relationship": "Outer", "Scan Direction": "Forward", "Index Name": "part_kpey", "Relation Name": "part", "Alias": "part", "Startup Cost": 0.0, "Total Cost": 105803.25, "Plan Rows": 89888, "Plan Width": 8, "Actual Startup Time": 0.031, "Actual Total Time": 1675.35, "Actual Rows": 108551, "Actual Loops": 1, "Filter": "((p_name)::text ~~ '%dim%'::text)", "Rows Removed by Filter": 1891449}, {"Node Type": "Index Scan", "Parent Relationship": "Inner", "Scan Direction": "Forward", "Index Name": "idx_partsupp_partkey", "Relation Name": "partsupp", "Alias": "partsupp", "Startup Cost": 0.0, "Total Cost": 4.9, "Plan Rows": 3, "Plan Width": 24, "Actual Startup Time": 572.91, "Actual Total Time": 805.279, "Actual Rows": 434204, "Actual Loops": 108551, "Index Cond": "(ps_partkey = part.p_partkey)", "Rows Removed by Index Recheck": 0}]}]}]}, {"Node Type": "Index Scan", "Parent Relationship": "Inner", "Scan Direction": "Forward", "Index Name": "idx_lineitem_part_supp", "Relation Name": "lineitem", "Alias": "lineitem", "Startup Cost": 0.0, "Total Cost": 1.13, "Plan Rows": 1, "Plan Width": 48, "Actual Startup Time": 4004.802, "Actual Total Time": 11561.981, "Actual Rows": 3256948, "Actual Loops": 434204, "Index Cond": "((l_partkey = partsupp.ps_partkey) AND (l_suppkey = partsupp.ps_suppkey))", "Rows Removed by Index Recheck": 0}]}, {"Node Type": "Index Scan", "Parent Relationship": "Inner", "Scan Direction": "Forward", "Index Name": "orders_pkey", "Relation Name": "orders", "Alias": "orders", "Startup Cost": 0.0, "Total Cost": 0.29, "Plan Rows": 1, "Plan Width": 16, "Actual Startup Time": 23856.312, "Actual Total Time": 23856.312, "Actual Rows": 3256948, "Actual Loops": 3256948, "Index Cond": "(o_orderkey = lineitem.l_orderkey)", "Rows Removed by Index Recheck": 0}]}, {"Node Type": "Index Scan", "Parent Relationship": "Inner", "Scan Direction": "Forward", "Index Name": "nation_pkey", "Relation Name": "nation", "Alias": "nation", "Startup Cost": 0.0, "Total Cost": 0.27, "Plan Rows": 1, "Plan Width": 30, "Actual Startup Time": 4471.7, "Actual Total Time": 4471.7, "Actual Rows": 3256948, "Actual Loops": 3256948, "Index Cond": "(n_nationkey = supplier.s_nationkey)", "Rows Removed by Index Recheck": 0}]}]}]}, "Triggers": [], "Planner Runtime": 30.808, "Total Runtime": 55584.12, "Unique SQL Id": 3628361425}}, "(16, 18)": {"explain_plan": {"Plan": {"Node Type": "Sort", "Startup Cost": 1531825.81, "Total Cost": 1531825.81, "Plan Rows": 1, "Plan Width": 74, "Sort Key": ["nation.n_name", "(date_part('year'::text, orders.o_orderdate)) DESC"], "Plans": [{"Node Type": "Aggregate", "Strategy": "Hashed", "Parent Relationship": "Outer", "Startup Cost": 1531825.79, "Total Cost": 1531825.8, "Plan Rows": 1, "Plan Width": 74, "Group By Key": ["nation.n_name", "date_part('year'::text, orders.o_orderdate)"], "Plans": [{"Node Type": "Nested Loop", "Parent Relationship": "Outer", "Join Type": "Inner", "Startup Cost": 971360.11, "Total Cost": 1531825.77, "Plan Rows": 1, "Plan Width": 66, "Inner Unique": true, "Join Filter": "(supplier.s_nationkey = nation.n_nationkey)", "Plans": [{"Node Type": "Nested Loop", "Parent Relationship": "Outer", "Join Type": "Inner", "Startup Cost": 971360.11, "Total Cost": 1531824.2, "Plan Rows": 1, "Plan Width": 44, "Inner Unique": true, "Plans": [{"Node Type": "Nested Loop", "Parent Relationship": "Outer", "Join Type": "Inner", "Startup Cost": 971359.85, "Total Cost": 1531819.92, "Plan Rows": 1, "Plan Width": 44, "Inner Unique": false, "Join Filter": "(supplier.s_suppkey = lineitem.l_suppkey)", "Plans": [{"Node Type": "Merge Join", "Parent Relationship": "Outer", "Join Type": "Inner", "Startup Cost": 971359.44, "Total Cost": 974413.99, "Plan Rows": 125630, "Plan Width": 44, "Inner Unique": false, "Merge Cond": "(supplier.s_suppkey = partsupp.ps_suppkey)", "Plans": [{"Node Type": "Sort", "Parent Relationship": "Outer", "Startup Cost": 11587.82, "Total Cost": 11837.82, "Plan Rows": 100000, "Plan Width": 12, "Sort Key": ["supplier.s_suppkey"], "Plans": [{"Node Type": "Seq Scan", "Parent Relationship": "Outer", "Relation Name": "supplier", "Alias": "supplier", "Startup Cost": 0.0, "Total Cost": 3283.0, "Plan Rows": 100000, "Plan Width": 12}]}, {"Node Type": "Sort", "Parent Relationship": "Inner", "Startup Cost": 959771.6, "Total Cost": 960420.77, "Plan Rows": 259666, "Plan Width": 32, "Sort Key": ["partsupp.ps_suppkey"], "Plans": [{"Node Type": "Nested Loop", "Parent Relationship": "Outer", "Join Type": "Inner", "Startup Cost": 1.62, "Total Cost": 936419.45, "Plan Rows": 259666, "Plan Width": 32, "Inner Unique": false, "Plans": [{"Node Type": "Seq Scan", "Parent Relationship": "Outer", "Relation Name": "part", "Alias": "part", "Startup Cost": 0.0, "Total Cost": 66944.0, "Plan Rows": 89888, "Plan Width": 8, "Filter": "((p_name)::text ~~ '%dim%'::text)"}, {"Node Type": "Bitmap Heap Scan", "Parent Relationship": "Inner", "Relation Name": "partsupp", "Alias": "partsupp", "Startup Cost": 1.62, "Total Cost": 9.64, "Plan Rows": 3, "Plan Width": 24, "Recheck Cond": "(ps_partkey = part.p_partkey)", "Plans": [{"Node Type": "Bitmap Index Scan", "Parent Relationship": "Outer", "Index Name": "idx_partsupp_partkey", "Startup Cost": 0.0, "Total Cost": 1.62, "Plan Rows": 3, "Plan Width": 0, "Index Cond": "(ps_partkey = part.p_partkey)"}]}]}]}]}, {"Node Type": "Bitmap Heap Scan", "Parent Relationship": "Inner", "Relation Name": "lineitem", "Alias": "lineitem", "Startup Cost": 0.41, "Total Cost": 4.42, "Plan Rows": 1, "Plan Width": 48, "Recheck Cond": "((l_partkey = partsupp.ps_partkey) AND (l_suppkey = partsupp.ps_suppkey))", "Plans": [{"Node Type": "Bitmap Index Scan", "Parent Relationship": "Outer", "Index Name": "idx_lineitem_part_supp", "Startup Cost": 0.0, "Total Cost": 0.41, "Plan Rows": 1, "Plan Width": 0, "Index Cond": "((l_partkey = partsupp.ps_partkey) AND (l_suppkey = partsupp.ps_suppkey))"}]}]}, {"Node Type": "Bitmap Heap Scan", "Parent Relationship": "Inner", "Relation Name": "orders", "Alias": "orders", "Startup Cost": 0.26, "Total Cost": 4.27, "Plan Rows": 1, "Plan Width": 16, "Recheck Cond": "(o_orderkey = lineitem.l_orderkey)", "Plans": [{"Node Type": "Bitmap Index Scan", "Parent Relationship": "Outer", "Index Name": "orders_pkey", "Startup Cost": 0.0, "Total Cost": 0.26, "Plan Rows": 1, "Plan Width": 0, "Index Cond": "(o_orderkey = lineitem.l_orderkey)"}]}]}, {"Node Type": "Seq Scan", "Parent Relationship": "Inner", "Relation Name": "nation", "Alias": "nation", "Startup Cost": 0.0, "Total Cost": 1.25, "Plan Rows": 25, "Plan Width": 30}]}]}]}, "Unique SQL Id": 3628361425}, "explain_analyze_plan": {"Plan": {"Node Type": "Sort", "Startup Cost": 1531825.81, "Total Cost": 1531825.81, "Plan Rows": 1, "Plan Width": 74, "Actual Startup Time": 88379.13, "Actual Total Time": 88379.144, "Actual Rows": 175, "Actual Loops": 1, "Sort Key": ["nation.n_name", "(date_part('year'::text, orders.o_orderdate)) DESC"], "Sort Method": "quicksort", "Sort Space Used": 52, "Sort Space Type": "Memory", "Plans": [{"Node Type": "Aggregate", "Strategy": "Hashed", "Parent Relationship": "Outer", "Startup Cost": 1531825.79, "Total Cost": 1531825.8, "Plan Rows": 1, "Plan Width": 74, "Actual Startup Time": 88378.758, "Actual Total Time": 88378.797, "Actual Rows": 175, "Actual Loops": 1, "Group By Key": ["nation.n_name", "date_part('year'::text, orders.o_orderdate)"], "Plans": [{"Node Type": "Nested Loop", "Parent Relationship": "Outer", "Join Type": "Inner", "Startup Cost": 971360.11, "Total Cost": 1531825.77, "Plan Rows": 1, "Plan Width": 66, "Actual Startup Time": 2433.605, "Actual Total Time": 84111.22, "Actual Rows": 3256948, "Actual Loops": 1, "Inner Unique": true, "Join Filter": "(supplier.s_nationkey = nation.n_nationkey)", "Rows Removed by Join Filter": 39103306, "Plans": [{"Node Type": "Nested Loop", "Parent Relationship": "Outer", "Join Type": "Inner", "Startup Cost": 971360.11, "Total Cost": 1531824.2, "Plan Rows": 1, "Plan Width": 44, "Actual Startup Time": 2433.539, "Actual Total Time": 53166.52, "Actual Rows": 3256948, "Actual Loops": 1, "Inner Unique": true, "Plans": [{"Node Type": "Nested Loop", "Parent Relationship": "Outer", "Join Type": "Inner", "Startup Cost": 971359.85, "Total Cost": 1531819.92, "Plan Rows": 1, "Plan Width": 44, "Actual Startup Time": 2433.477, "Actual Total Time": 19742.277, "Actual Rows": 3256948, "Actual Loops": 1, "Inner Unique": false, "Join Filter": "(supplier.s_suppkey = lineitem.l_suppkey)", "Rows Removed by Join Filter": 0, "Plans": [{"Node Type": "Merge Join", "Parent Relationship": "Outer", "Join Type": "Inner", "Startup Cost": 971359.44, "Total Cost": 974413.99, "Plan Rows": 125630, "Plan Width": 44, "Actual Startup Time": 2433.366, "Actual Total Time": 2987.953, "Actual Rows": 434204, "Actual Loops": 1, "Inner Unique": false, "Merge Cond": "(supplier.s_suppkey = partsupp.ps_suppkey)", "Plans": [{"Node Type": "Sort", "Parent Relationship": "Outer", "Startup Cost": 11587.82, "Total Cost": 11837.82, "Plan Rows": 100000, "Plan Width": 12, "Actual Startup Time": 64.527, "Actual Total Time": 88.667, "Actual Rows": 100000, "Actual Loops": 1, "Sort Key": ["supplier.s_suppkey"], "Sort Method": "quicksort", "Sort Space Used": 12448, "Sort Space Type": "Memory", "Plans": [{"Node Type": "Seq Scan", "Parent Relationship": "Outer", "Relation Name": "supplier", "Alias": "supplier", "Startup Cost": 0.0, "Total Cost": 3283.0, "Plan Rows": 100000, "Plan Width": 12, "Actual Startup Time": 0.023, "Actual Total Time": 33.842, "Actual Rows": 100000, "Actual Loops": 1}]}, {"Node Type": "Sort", "Parent Relationship": "Inner", "Startup Cost": 959771.6, "Total Cost": 960420.77, "Plan Rows": 259666, "Plan Width": 32, "Actual Startup Time": 2368.812, "Actual Total Time": 2577.16, "Actual Rows": 434204, "Actual Loops": 1, "Sort Key": ["partsupp.ps_suppkey"], "Sort Method": "quicksort", "Sort Space Used": 52995, "Sort Space Type": "Memory", "Plans": [{"Node Type": "Nested Loop", "Parent Relationship": "Outer", "Join Type": "Inner", "Startup Cost": 1.62, "Total Cost": 936419.45, "Plan Rows": 259666, "Plan Width": 32, "Actual Startup Time": 0.135, "Actual Total Time": 2195.087, "Actual Rows": 434204, "Actual Loops": 1, "Inner Unique": false, "Plans": [{"Node Type": "Seq Scan", "Parent Relationship": "Outer", "Relation Name": "part", "Alias": "part", "Startup Cost": 0.0, "Total Cost": 66944.0, "Plan Rows": 89888, "Plan Width": 8, "Actual Startup Time": 0.065, "Actual Total Time": 1027.379, "Actual Rows": 108551, "Actual Loops": 1, "Filter": "((p_name)::text ~~ '%dim%'::text)", "Rows Removed by Filter": 1891449}, {"Node Type": "Bitmap Heap Scan", "Parent Relationship": "Inner", "Relation Name": "partsupp", "Alias": "partsupp", "Startup Cost": 1.62, "Total Cost": 9.64, "Plan Rows": 3, "Plan Width": 24, "Actual Startup Time": 869.858, "Actual Total Time": 951.85, "Actual Rows": 434204, "Actual Loops": 108551, "Recheck Cond": "(ps_partkey = part.p_partkey)", "Rows Removed by Index Recheck": 0, "Exact Heap Blocks": 118409, "Lossy Heap Blocks": 118409, "Plans": [{"Node Type": "Bitmap Index Scan", "Parent Relationship": "Outer", "Index Name": "idx_partsupp_partkey", "Startup Cost": 0.0, "Total Cost": 1.62, "Plan Rows": 3, "Plan Width": 0, "Actual Startup Time": 445.444, "Actual Total Time": 445.444, "Actual Rows": 434204, "Actual Loops": 108551, "Index Cond": "(ps_partkey = part.p_partkey)"}]}]}]}]}, {"Node Type": "Bitmap Heap Scan", "Parent Relationship": "Inner", "Relation Name": "lineitem", "Alias": "lineitem", "Startup Cost": 0.41, "Total Cost": 4.42, "Plan Rows": 1, "Plan Width": 48, "Actual Startup Time": 6072.051, "Actual Total Time": 14687.236, "Actual Rows": 3256948, "Actual Loops": 434204, "Recheck Cond": "((l_partkey = partsupp.ps_partkey) AND (l_suppkey = partsupp.ps_suppkey))", "Rows Removed by Index Recheck": 0, "Exact Heap Blocks": 3256937, "Lossy Heap Blocks": 3256937, "Plans": [{"Node Type": "Bitmap Index Scan", "Parent Relationship": "Outer", "Index Name": "idx_lineitem_part_supp", "Startup Cost": 0.0, "Total Cost": 0.41, "Plan Rows": 1, "Plan Width": 0, "Actual Startup Time": 3948.955, "Actual Total Time": 3948.955, "Actual Rows": 3256948, "Actual Loops": 434204, "Index Cond": "((l_partkey = partsupp.ps_partkey) AND (l_suppkey = partsupp.ps_suppkey))"}]}]}, {"Node Type": "Bitmap Heap Scan", "Parent Relationship": "Inner", "Relation Name": "orders", "Alias": "orders", "Startup Cost": 0.26, "Total Cost": 4.27, "Plan Rows": 1, "Plan Width": 16, "Actual Startup Time": 28788.185, "Actual Total Time": 28788.185, "Actual Rows": 3256948, "Actual Loops": 3256948, "Recheck Cond": "(o_orderkey = lineitem.l_orderkey)", "Rows Removed by Index Recheck": 0, "Exact Heap Blocks": 3256948, "Lossy Heap Blocks": 3256948, "Plans": [{"Node Type": "Bitmap Index Scan", "Parent Relationship": "Outer", "Index Name": "orders_pkey", "Startup Cost": 0.0, "Total Cost": 0.26, "Plan Rows": 1, "Plan Width": 0, "Actual Startup Time": 18778.866, "Actual Total Time": 18778.866, "Actual Rows": 3256948, "Actual Loops": 3256948, "Index Cond": "(o_orderkey = lineitem.l_orderkey)"}]}]}, {"Node Type": "Seq Scan", "Parent Relationship": "Inner", "Relation Name": "nation", "Alias": "nation", "Startup Cost": 0.0, "Total Cost": 1.25, "Plan Rows": 25, "Plan Width": 30, "Actual Startup Time": 12600.371, "Actual Total Time": 16563.642, "Actual Rows": 42360254, "Actual Loops": 3256948}]}]}]}, "Triggers": [], "Planner Runtime": 27.166, "Total Runtime": 88379.581, "Unique SQL Id": 3628361425}}, "(16, 19)": {"explain_plan": {"Plan": {"Node Type": "Sort", "Startup Cost": 1000008167021.57, "Total Cost": 1000008167021.58, "Plan Rows": 1, "Plan Width": 74, "Sort Key": ["nation.n_name", "(date_part('year'::text, orders.o_orderdate)) DESC"], "Plans": [{"Node Type": "Aggregate", "Strategy": "Hashed", "Parent Relationship": "Outer", "Startup Cost": 1000008167021.55, "Total Cost": 1000008167021.56, "Plan Rows": 1, "Plan Width": 74, "Group By Key": ["nation.n_name", "date_part('year'::text, orders.o_orderdate)"], "Plans": [{"Node Type": "Nested Loop", "Parent Relationship": "Outer", "Join Type": "Inner", "Startup Cost": 10000000002.75, "Total Cost": 1000008167021.53, "Plan Rows": 1, "Plan Width": 66, "Inner Unique": true, "Plans": [{"Node Type": "Nested Loop", "Parent Relationship": "Outer", "Join Type": "Inner", "Startup Cost": 10000000002.5, "Total Cost": 1000008167017.25, "Plan Rows": 1, "Plan Width": 44, "Inner Unique": true, "Plans": [{"Node Type": "Nested Loop", "Parent Relationship": "Outer", "Join Type": "Inner", "Startup Cost": 10000000002.24, "Total Cost": 1000008167012.96, "Plan Rows": 1, "Plan Width": 44, "Inner Unique": true, "Join Filter": "(partsupp.ps_partkey = part.p_partkey)", "Plans": [{"Node Type": "Nested Loop", "Parent Relationship": "Outer", "Join Type": "Inner", "Startup Cost": 10000000001.98, "Total Cost": 1000008166987.25, "Plan Rows": 6, "Plan Width": 60, "Inner Unique": false, "Join Filter": "(supplier.s_suppkey = lineitem.l_suppkey)", "Plans": [{"Node Type": "Nested Loop", "Parent Relationship": "Outer", "Join Type": "Inner", "Startup Cost": 10000000001.57, "Total Cost": 1000002201599.04, "Plan Rows": 1344499, "Plan Width": 36, "Inner Unique": false, "Plans": [{"Node Type": "Index Scan", "Parent Relationship": "Outer", "Scan Direction": "Forward", "Index Name": "idx_supplier_nation_key", "Relation Name": "supplier", "Alias": "supplier", "Startup Cost": 10000000000.0, "Total Cost": 1000001217556.78, "Plan Rows": 100000, "Plan Width": 12}, {"Node Type": "Bitmap Heap Scan", "Parent Relationship": "Inner", "Relation Name": "partsupp", "Alias": "partsupp", "Startup Cost": 1.57, "Total Cost": 9.71, "Plan Rows": 13, "Plan Width": 24, "Recheck Cond": "(ps_suppkey = supplier.s_suppkey)", "Plans": [{"Node Type": "Bitmap Index Scan", "Parent Relationship": "Outer", "Index Name": "idx_partsupp_suppkey", "Startup Cost": 0.0, "Total Cost": 1.56, "Plan Rows": 13, "Plan Width": 0, "Index Cond": "(ps_suppkey = supplier.s_suppkey)"}]}]}, {"Node Type": "Bitmap Heap Scan", "Parent Relationship": "Inner", "Relation Name": "lineitem", "Alias": "lineitem", "Startup Cost": 0.41, "Total Cost": 4.42, "Plan Rows": 1, "Plan Width": 48, "Recheck Cond": "((l_partkey = partsupp.ps_partkey) AND (l_suppkey = partsupp.ps_suppkey))", "Plans": [{"Node Type": "Bitmap Index Scan", "Parent Relationship": "Outer", "Index Name": "idx_lineitem_part_supp", "Startup Cost": 0.0, "Total Cost": 0.41, "Plan Rows": 1, "Plan Width": 0, "Index Cond": "((l_partkey = partsupp.ps_partkey) AND (l_suppkey = partsupp.ps_suppkey))"}]}]}, {"Node Type": "Bitmap Heap Scan", "Parent Relationship": "Inner", "Relation Name": "part", "Alias": "part", "Startup Cost": 0.26, "Total Cost": 4.27, "Plan Rows": 1, "Plan Width": 8, "Recheck Cond": "(p_partkey = lineitem.l_partkey)", "Filter": "((p_name)::text ~~ '%dim%'::text)", "Plans": [{"Node Type": "Bitmap Index Scan", "Parent Relationship": "Outer", "Index Name": "part_kpey", "Startup Cost": 0.0, "Total Cost": 0.26, "Plan Rows": 1, "Plan Width": 0, "Index Cond": "(p_partkey = lineitem.l_partkey)"}]}]}, {"Node Type": "Bitmap Heap Scan", "Parent Relationship": "Inner", "Relation Name": "orders", "Alias": "orders", "Startup Cost": 0.26, "Total Cost": 4.27, "Plan Rows": 1, "Plan Width": 16, "Recheck Cond": "(o_orderkey = lineitem.l_orderkey)", "Plans": [{"Node Type": "Bitmap Index Scan", "Parent Relationship": "Outer", "Index Name": "orders_pkey", "Startup Cost": 0.0, "Total Cost": 0.26, "Plan Rows": 1, "Plan Width": 0, "Index Cond": "(o_orderkey = lineitem.l_orderkey)"}]}]}, {"Node Type": "Bitmap Heap Scan", "Parent Relationship": "Inner", "Relation Name": "nation", "Alias": "nation", "Startup Cost": 0.26, "Total Cost": 4.27, "Plan Rows": 1, "Plan Width": 30, "Recheck Cond": "(n_nationkey = supplier.s_nationkey)", "Plans": [{"Node Type": "Bitmap Index Scan", "Parent Relationship": "Outer", "Index Name": "nation_pkey", "Startup Cost": 0.0, "Total Cost": 0.26, "Plan Rows": 1, "Plan Width": 0, "Index Cond": "(n_nationkey = supplier.s_nationkey)"}]}]}]}]}, "Unique SQL Id": 3628361425}, "explain_analyze_plan": null}, "(16, 20)": {"explain_plan": {"Plan": {"Node Type": "Sort", "Startup Cost": 685006.93, "Total Cost": 685006.94, "Plan Rows": 1, "Plan Width": 74, "Sort Key": ["nation.n_name", "(date_part('year'::text, orders.o_orderdate)) DESC"], "Plans": [{"Node Type": "Aggregate", "Strategy": "Hashed", "Parent Relationship": "Outer", "Startup Cost": 685006.91, "Total Cost": 685006.92, "Plan Rows": 1, "Plan Width": 74, "Group By Key": ["nation.n_name", "date_part('year'::text, orders.o_orderdate)"], "Plans": [{"Node Type": "Nested Loop", "Parent Relationship": "Outer", "Join Type": "Inner", "Startup Cost": 533118.21, "Total Cost": 685006.89, "Plan Rows": 1, "Plan Width": 66, "Inner Unique": true, "Plans": [{"Node Type": "Nested Loop", "Parent Relationship": "Outer", "Join Type": "Inner", "Startup Cost": 533118.21, "Total Cost": 685006.61, "Plan Rows": 1, "Plan Width": 44, "Inner Unique": true, "Plans": [{"Node Type": "Nested Loop", "Parent Relationship": "Outer", "Join Type": "Inner", "Startup Cost": 533118.21, "Total Cost": 685006.31, "Plan Rows": 1, "Plan Width": 44, "Inner Unique": false, "Join Filter": "(supplier.s_suppkey = lineitem.l_suppkey)", "Plans": [{"Node Type": "Merge Join", "Parent Relationship": "Outer", "Join Type": "Inner", "Startup Cost": 533118.21, "Total Cost": 541257.3, "Plan Rows": 125630, "Plan Width": 44, "Inner Unique": false, "Merge Cond": "(supplier.s_suppkey = partsupp.ps_suppkey)", "Plans": [{"Node Type": "Index Scan", "Parent Relationship": "Outer", "Scan Direction": "Forward", "Index Name": "supplier_pkey", "Relation Name": "supplier", "Alias": "supplier", "Startup Cost": 0.0, "Total Cost": 5334.54, "Plan Rows": 100000, "Plan Width": 12}, {"Node Type": "Sort", "Parent Relationship": "Inner", "Startup Cost": 533118.19, "Total Cost": 533767.36, "Plan Rows": 259666, "Plan Width": 32, "Sort Key": ["partsupp.ps_suppkey"], "Plans": [{"Node Type": "Nested Loop", "Parent Relationship": "Outer", "Join Type": "Inner", "Startup Cost": 0.0, "Total Cost": 509766.04, "Plan Rows": 259666, "Plan Width": 32, "Inner Unique": false, "Plans": [{"Node Type": "Seq Scan", "Parent Relationship": "Outer", "Relation Name": "part", "Alias": "part", "Startup Cost": 0.0, "Total Cost": 66944.0, "Plan Rows": 89888, "Plan Width": 8, "Filter": "((p_name)::text ~~ '%dim%'::text)"}, {"Node Type": "Index Scan", "Parent Relationship": "Inner", "Scan Direction": "Forward", "Index Name": "idx_partsupp_partkey", "Relation Name": "partsupp", "Alias": "partsupp", "Startup Cost": 0.0, "Total Cost": 4.9, "Plan Rows": 3, "Plan Width": 24, "Index Cond": "(ps_partkey = part.p_partkey)"}]}]}]}, {"Node Type": "Index Scan", "Parent Relationship": "Inner", "Scan Direction": "Forward", "Index Name": "idx_lineitem_part_supp", "Relation Name": "lineitem", "Alias": "lineitem", "Startup Cost": 0.0, "Total Cost": 1.13, "Plan Rows": 1, "Plan Width": 48, "Index Cond": "((l_partkey = partsupp.ps_partkey) AND (l_suppkey = partsupp.ps_suppkey))"}]}, {"Node Type": "Index Scan", "Parent Relationship": "Inner", "Scan Direction": "Forward", "Index Name": "orders_pkey", "Relation Name": "orders", "Alias": "orders", "Startup Cost": 0.0, "Total Cost": 0.29, "Plan Rows": 1, "Plan Width": 16, "Index Cond": "(o_orderkey = lineitem.l_orderkey)"}]}, {"Node Type": "Index Scan", "Parent Relationship": "Inner", "Scan Direction": "Forward", "Index Name": "nation_pkey", "Relation Name": "nation", "Alias": "nation", "Startup Cost": 0.0, "Total Cost": 0.27, "Plan Rows": 1, "Plan Width": 30, "Index Cond": "(n_nationkey = supplier.s_nationkey)"}]}]}]}, "Unique SQL Id": 3628361425}, "explain_analyze_plan": {"Plan": {"Node Type": "Sort", "Startup Cost": 685006.93, "Total Cost": 685006.94, "Plan Rows": 1, "Plan Width": 74, "Actual Startup Time": 55341.009, "Actual Total Time": 55341.022, "Actual Rows": 175, "Actual Loops": 1, "Sort Key": ["nation.n_name", "(date_part('year'::text, orders.o_orderdate)) DESC"], "Sort Method": "quicksort", "Sort Space Used": 52, "Sort Space Type": "Memory", "Plans": [{"Node Type": "Aggregate", "Strategy": "Hashed", "Parent Relationship": "Outer", "Startup Cost": 685006.91, "Total Cost": 685006.92, "Plan Rows": 1, "Plan Width": 74, "Actual Startup Time": 55340.641, "Actual Total Time": 55340.687, "Actual Rows": 175, "Actual Loops": 1, "Group By Key": ["nation.n_name", "date_part('year'::text, orders.o_orderdate)"], "Plans": [{"Node Type": "Nested Loop", "Parent Relationship": "Outer", "Join Type": "Inner", "Startup Cost": 533118.21, "Total Cost": 685006.89, "Plan Rows": 1, "Plan Width": 66, "Actual Startup Time": 2056.656, "Actual Total Time": 51373.687, "Actual Rows": 3256948, "Actual Loops": 1, "Inner Unique": true, "Plans": [{"Node Type": "Nested Loop", "Parent Relationship": "Outer", "Join Type": "Inner", "Startup Cost": 533118.21, "Total Cost": 685006.61, "Plan Rows": 1, "Plan Width": 44, "Actual Startup Time": 2056.627, "Actual Total Time": 42802.062, "Actual Rows": 3256948, "Actual Loops": 1, "Inner Unique": true, "Plans": [{"Node Type": "Nested Loop", "Parent Relationship": "Outer", "Join Type": "Inner", "Startup Cost": 533118.21, "Total Cost": 685006.31, "Plan Rows": 1, "Plan Width": 44, "Actual Startup Time": 2056.606, "Actual Total Time": 15879.99, "Actual Rows": 3256948, "Actual Loops": 1, "Inner Unique": false, "Join Filter": "(supplier.s_suppkey = lineitem.l_suppkey)", "Rows Removed by Join Filter": 0, "Plans": [{"Node Type": "Merge Join", "Parent Relationship": "Outer", "Join Type": "Inner", "Startup Cost": 533118.21, "Total Cost": 541257.3, "Plan Rows": 125630, "Plan Width": 44, "Actual Startup Time": 2056.53, "Actual Total Time": 2539.625, "Actual Rows": 434204, "Actual Loops": 1, "Inner Unique": false, "Merge Cond": "(supplier.s_suppkey = partsupp.ps_suppkey)", "Plans": [{"Node Type": "Index Scan", "Parent Relationship": "Outer", "Scan Direction": "Forward", "Index Name": "supplier_pkey", "Relation Name": "supplier", "Alias": "supplier", "Startup Cost": 0.0, "Total Cost": 5334.54, "Plan Rows": 100000, "Plan Width": 12, "Actual Startup Time": 0.029, "Actual Total Time": 84.481, "Actual Rows": 100000, "Actual Loops": 1}, {"Node Type": "Sort", "Parent Relationship": "Inner", "Startup Cost": 533118.19, "Total Cost": 533767.36, "Plan Rows": 259666, "Plan Width": 32, "Actual Startup Time": 2056.476, "Actual Total Time": 2218.535, "Actual Rows": 434204, "Actual Loops": 1, "Sort Key": ["partsupp.ps_suppkey"], "Sort Method": "quicksort", "Sort Space Used": 52995, "Sort Space Type": "Memory", "Plans": [{"Node Type": "Nested Loop", "Parent Relationship": "Outer", "Join Type": "Inner", "Startup Cost": 0.0, "Total Cost": 509766.04, "Plan Rows": 259666, "Plan Width": 32, "Actual Startup Time": 0.045, "Actual Total Time": 1882.267, "Actual Rows": 434204, "Actual Loops": 1, "Inner Unique": false, "Plans": [{"Node Type": "Seq Scan", "Parent Relationship": "Outer", "Relation Name": "part", "Alias": "part", "Startup Cost": 0.0, "Total Cost": 66944.0, "Plan Rows": 89888, "Plan Width": 8, "Actual Startup Time": 0.03, "Actual Total Time": 1006.229, "Actual Rows": 108551, "Actual Loops": 1, "Filter": "((p_name)::text ~~ '%dim%'::text)", "Rows Removed by Filter": 1891449}, {"Node Type": "Index Scan", "Parent Relationship": "Inner", "Scan Direction": "Forward", "Index Name": "idx_partsupp_partkey", "Relation Name": "partsupp", "Alias": "partsupp", "Startup Cost": 0.0, "Total Cost": 4.9, "Plan Rows": 3, "Plan Width": 24, "Actual Startup Time": 489.343, "Actual Total Time": 723.306, "Actual Rows": 434204, "Actual Loops": 108551, "Index Cond": "(ps_partkey = part.p_partkey)", "Rows Removed by Index Recheck": 0}]}]}]}, {"Node Type": "Index Scan", "Parent Relationship": "Inner", "Scan Direction": "Forward", "Index Name": "idx_lineitem_part_supp", "Relation Name": "lineitem", "Alias": "lineitem", "Startup Cost": 0.0, "Total Cost": 1.13, "Plan Rows": 1, "Plan Width": 48, "Actual Startup Time": 4085.211, "Actual Total Time": 11672.34, "Actual Rows": 3256948, "Actual Loops": 434204, "Index Cond": "((l_partkey = partsupp.ps_partkey) AND (l_suppkey = partsupp.ps_suppkey))", "Rows Removed by Index Recheck": 0}]}, {"Node Type": "Index Scan", "Parent Relationship": "Inner", "Scan Direction": "Forward", "Index Name": "orders_pkey", "Relation Name": "orders", "Alias": "orders", "Startup Cost": 0.0, "Total Cost": 0.29, "Plan Rows": 1, "Plan Width": 16, "Actual Startup Time": 24084.564, "Actual Total Time": 24084.564, "Actual Rows": 3256948, "Actual Loops": 3256948, "Index Cond": "(o_orderkey = lineitem.l_orderkey)", "Rows Removed by Index Recheck": 0}]}, {"Node Type": "Index Scan", "Parent Relationship": "Inner", "Scan Direction": "Forward", "Index Name": "nation_pkey", "Relation Name": "nation", "Alias": "nation", "Startup Cost": 0.0, "Total Cost": 0.27, "Plan Rows": 1, "Plan Width": 30, "Actual Startup Time": 4497.813, "Actual Total Time": 4497.813, "Actual Rows": 3256948, "Actual Loops": 3256948, "Index Cond": "(n_nationkey = supplier.s_nationkey)", "Rows Removed by Index Recheck": 0}]}]}]}, "Triggers": [], "Planner Runtime": 32.019, "Total Runtime": 55341.401, "Unique SQL Id": 3628361425}}, "(16, 21)": {"explain_plan": {"Plan": {"Node Type": "Sort", "Startup Cost": 723866.18, "Total Cost": 723866.19, "Plan Rows": 1, "Plan Width": 74, "Sort Key": ["nation.n_name", "(date_part('year'::text, orders.o_orderdate)) DESC"], "Plans": [{"Node Type": "Aggregate", "Strategy": "Hashed", "Parent Relationship": "Outer", "Startup Cost": 723866.16, "Total Cost": 723866.17, "Plan Rows": 1, "Plan Width": 74, "Group By Key": ["nation.n_name", "date_part('year'::text, orders.o_orderdate)"], "Plans": [{"Node Type": "Nested Loop", "Parent Relationship": "Outer", "Join Type": "Inner", "Startup Cost": 571977.46, "Total Cost": 723866.14, "Plan Rows": 1, "Plan Width": 66, "Inner Unique": true, "Plans": [{"Node Type": "Nested Loop", "Parent Relationship": "Outer", "Join Type": "Inner", "Startup Cost": 571977.46, "Total Cost": 723865.86, "Plan Rows": 1, "Plan Width": 44, "Inner Unique": true, "Plans": [{"Node Type": "Nested Loop", "Parent Relationship": "Outer", "Join Type": "Inner", "Startup Cost": 571977.46, "Total Cost": 723865.56, "Plan Rows": 1, "Plan Width": 44, "Inner Unique": false, "Join Filter": "(supplier.s_suppkey = lineitem.l_suppkey)", "Plans": [{"Node Type": "Merge Join", "Parent Relationship": "Outer", "Join Type": "Inner", "Startup Cost": 571977.46, "Total Cost": 580116.55, "Plan Rows": 125630, "Plan Width": 44, "Inner Unique": false, "Merge Cond": "(supplier.s_suppkey = partsupp.ps_suppkey)", "Plans": [{"Node Type": "Index Scan", "Parent Relationship": "Outer", "Scan Direction": "Forward", "Index Name": "supplier_pkey", "Relation Name": "supplier", "Alias": "supplier", "Startup Cost": 0.0, "Total Cost": 5334.54, "Plan Rows": 100000, "Plan Width": 12}, {"Node Type": "Sort", "Parent Relationship": "Inner", "Startup Cost": 571977.44, "Total Cost": 572626.61, "Plan Rows": 259666, "Plan Width": 32, "Sort Key": ["partsupp.ps_suppkey"], "Plans": [{"Node Type": "Nested Loop", "Parent Relationship": "Outer", "Join Type": "Inner", "Startup Cost": 0.0, "Total Cost": 548625.29, "Plan Rows": 259666, "Plan Width": 32, "Inner Unique": false, "Plans": [{"Node Type": "Index Scan", "Parent Relationship": "Outer", "Scan Direction": "Forward", "Index Name": "part_kpey", "Relation Name": "part", "Alias": "part", "Startup Cost": 0.0, "Total Cost": 105803.25, "Plan Rows": 89888, "Plan Width": 8, "Filter": "((p_name)::text ~~ '%dim%'::text)"}, {"Node Type": "Index Scan", "Parent Relationship": "Inner", "Scan Direction": "Forward", "Index Name": "idx_partsupp_partkey", "Relation Name": "partsupp", "Alias": "partsupp", "Startup Cost": 0.0, "Total Cost": 4.9, "Plan Rows": 3, "Plan Width": 24, "Index Cond": "(ps_partkey = part.p_partkey)"}]}]}]}, {"Node Type": "Index Scan", "Parent Relationship": "Inner", "Scan Direction": "Forward", "Index Name": "idx_lineitem_part_supp", "Relation Name": "lineitem", "Alias": "lineitem", "Startup Cost": 0.0, "Total Cost": 1.13, "Plan Rows": 1, "Plan Width": 48, "Index Cond": "((l_partkey = partsupp.ps_partkey) AND (l_suppkey = partsupp.ps_suppkey))"}]}, {"Node Type": "Index Scan", "Parent Relationship": "Inner", "Scan Direction": "Forward", "Index Name": "orders_pkey", "Relation Name": "orders", "Alias": "orders", "Startup Cost": 0.0, "Total Cost": 0.29, "Plan Rows": 1, "Plan Width": 16, "Index Cond": "(o_orderkey = lineitem.l_orderkey)"}]}, {"Node Type": "Index Scan", "Parent Relationship": "Inner", "Scan Direction": "Forward", "Index Name": "nation_pkey", "Relation Name": "nation", "Alias": "nation", "Startup Cost": 0.0, "Total Cost": 0.27, "Plan Rows": 1, "Plan Width": 30, "Index Cond": "(n_nationkey = supplier.s_nationkey)"}]}]}]}, "Unique SQL Id": 3628361425}, "explain_analyze_plan": {"Plan": {"Node Type": "Sort", "Startup Cost": 723866.18, "Total Cost": 723866.19, "Plan Rows": 1, "Plan Width": 74, "Actual Startup Time": 55583.76, "Actual Total Time": 55583.773, "Actual Rows": 175, "Actual Loops": 1, "Sort Key": ["nation.n_name", "(date_part('year'::text, orders.o_orderdate)) DESC"], "Sort Method": "quicksort", "Sort Space Used": 52, "Sort Space Type": "Memory", "Plans": [{"Node Type": "Aggregate", "Strategy": "Hashed", "Parent Relationship": "Outer", "Startup Cost": 723866.16, "Total Cost": 723866.17, "Plan Rows": 1, "Plan Width": 74, "Actual Startup Time": 55583.396, "Actual Total Time": 55583.435, "Actual Rows": 175, "Actual Loops": 1, "Group By Key": ["nation.n_name", "date_part('year'::text, orders.o_orderdate)"], "Plans": [{"Node Type": "Nested Loop", "Parent Relationship": "Outer", "Join Type": "Inner", "Startup Cost": 571977.46, "Total Cost": 723866.14, "Plan Rows": 1, "Plan Width": 66, "Actual Startup Time": 2808.856, "Actual Total Time": 51760.642, "Actual Rows": 3256948, "Actual Loops": 1, "Inner Unique": true, "Plans": [{"Node Type": "Nested Loop", "Parent Relationship": "Outer", "Join Type": "Inner", "Startup Cost": 571977.46, "Total Cost": 723865.86, "Plan Rows": 1, "Plan Width": 44, "Actual Startup Time": 2808.828, "Actual Total Time": 43212.092, "Actual Rows": 3256948, "Actual Loops": 1, "Inner Unique": true, "Plans": [{"Node Type": "Nested Loop", "Parent Relationship": "Outer", "Join Type": "Inner", "Startup Cost": 571977.46, "Total Cost": 723865.56, "Plan Rows": 1, "Plan Width": 44, "Actual Startup Time": 2808.805, "Actual Total Time": 16560.708, "Actual Rows": 3256948, "Actual Loops": 1, "Inner Unique": false, "Join Filter": "(supplier.s_suppkey = lineitem.l_suppkey)", "Rows Removed by Join Filter": 0, "Plans": [{"Node Type": "Merge Join", "Parent Relationship": "Outer", "Join Type": "Inner", "Startup Cost": 571977.46, "Total Cost": 580116.55, "Plan Rows": 125630, "Plan Width": 44, "Actual Startup Time": 2808.735, "Actual Total Time": 3299.844, "Actual Rows": 434204, "Actual Loops": 1, "Inner Unique": false, "Merge Cond": "(supplier.s_suppkey = partsupp.ps_suppkey)", "Plans": [{"Node Type": "Index Scan", "Parent Relationship": "Outer", "Scan Direction": "Forward", "Index Name": "supplier_pkey", "Relation Name": "supplier", "Alias": "supplier", "Startup Cost": 0.0, "Total Cost": 5334.54, "Plan Rows": 100000, "Plan Width": 12, "Actual Startup Time": 0.022, "Actual Total Time": 83.749, "Actual Rows": 100000, "Actual Loops": 1}, {"Node Type": "Sort", "Parent Relationship": "Inner", "Startup Cost": 571977.44, "Total Cost": 572626.61, "Plan Rows": 259666, "Plan Width": 32, "Actual Startup Time": 2808.699, "Actual Total Time": 2974.298, "Actual Rows": 434204, "Actual Loops": 1, "Sort Key": ["partsupp.ps_suppkey"], "Sort Method": "quicksort", "Sort Space Used": 52995, "Sort Space Type": "Memory", "Plans": [{"Node Type": "Nested Loop", "Parent Relationship": "Outer", "Join Type": "Inner", "Startup Cost": 0.0, "Total Cost": 548625.29, "Plan Rows": 259666, "Plan Width": 32, "Actual Startup Time": 0.042, "Actual Total Time": 2632.402, "Actual Rows": 434204, "Actual Loops": 1, "Inner Unique": false, "Plans": [{"Node Type": "Index Scan", "Parent Relationship": "Outer", "Scan Direction": "Forward", "Index Name": "part_kpey", "Relation Name": "part", "Alias": "part", "Startup Cost": 0.0, "Total Cost": 105803.25, "Plan Rows": 89888, "Plan Width": 8, "Actual Startup Time": 0.031, "Actual Total Time": 1675.35, "Actual Rows": 108551, "Actual Loops": 1, "Filter": "((p_name)::text ~~ '%dim%'::text)", "Rows Removed by Filter": 1891449}, {"Node Type": "Index Scan", "Parent Relationship": "Inner", "Scan Direction": "Forward", "Index Name": "idx_partsupp_partkey", "Relation Name": "partsupp", "Alias": "partsupp", "Startup Cost": 0.0, "Total Cost": 4.9, "Plan Rows": 3, "Plan Width": 24, "Actual Startup Time": 572.91, "Actual Total Time": 805.279, "Actual Rows": 434204, "Actual Loops": 108551, "Index Cond": "(ps_partkey = part.p_partkey)", "Rows Removed by Index Recheck": 0}]}]}]}, {"Node Type": "Index Scan", "Parent Relationship": "Inner", "Scan Direction": "Forward", "Index Name": "idx_lineitem_part_supp", "Relation Name": "lineitem", "Alias": "lineitem", "Startup Cost": 0.0, "Total Cost": 1.13, "Plan Rows": 1, "Plan Width": 48, "Actual Startup Time": 4004.802, "Actual Total Time": 11561.981, "Actual Rows": 3256948, "Actual Loops": 434204, "Index Cond": "((l_partkey = partsupp.ps_partkey) AND (l_suppkey = partsupp.ps_suppkey))", "Rows Removed by Index Recheck": 0}]}, {"Node Type": "Index Scan", "Parent Relationship": "Inner", "Scan Direction": "Forward", "Index Name": "orders_pkey", "Relation Name": "orders", "Alias": "orders", "Startup Cost": 0.0, "Total Cost": 0.29, "Plan Rows": 1, "Plan Width": 16, "Actual Startup Time": 23856.312, "Actual Total Time": 23856.312, "Actual Rows": 3256948, "Actual Loops": 3256948, "Index Cond": "(o_orderkey = lineitem.l_orderkey)", "Rows Removed by Index Recheck": 0}]}, {"Node Type": "Index Scan", "Parent Relationship": "Inner", "Scan Direction": "Forward", "Index Name": "nation_pkey", "Relation Name": "nation", "Alias": "nation", "Startup Cost": 0.0, "Total Cost": 0.27, "Plan Rows": 1, "Plan Width": 30, "Actual Startup Time": 4471.7, "Actual Total Time": 4471.7, "Actual Rows": 3256948, "Actual Loops": 3256948, "Index Cond": "(n_nationkey = supplier.s_nationkey)", "Rows Removed by Index Recheck": 0}]}]}]}, "Triggers": [], "Planner Runtime": 30.808, "Total Runtime": 55584.12, "Unique SQL Id": 3628361425}}, "(16, 22)": {"explain_plan": {"Plan": {"Node Type": "Sort", "Startup Cost": 1531825.81, "Total Cost": 1531825.81, "Plan Rows": 1, "Plan Width": 74, "Sort Key": ["nation.n_name", "(date_part('year'::text, orders.o_orderdate)) DESC"], "Plans": [{"Node Type": "Aggregate", "Strategy": "Hashed", "Parent Relationship": "Outer", "Startup Cost": 1531825.79, "Total Cost": 1531825.8, "Plan Rows": 1, "Plan Width": 74, "Group By Key": ["nation.n_name", "date_part('year'::text, orders.o_orderdate)"], "Plans": [{"Node Type": "Nested Loop", "Parent Relationship": "Outer", "Join Type": "Inner", "Startup Cost": 971360.11, "Total Cost": 1531825.77, "Plan Rows": 1, "Plan Width": 66, "Inner Unique": true, "Join Filter": "(supplier.s_nationkey = nation.n_nationkey)", "Plans": [{"Node Type": "Nested Loop", "Parent Relationship": "Outer", "Join Type": "Inner", "Startup Cost": 971360.11, "Total Cost": 1531824.2, "Plan Rows": 1, "Plan Width": 44, "Inner Unique": true, "Plans": [{"Node Type": "Nested Loop", "Parent Relationship": "Outer", "Join Type": "Inner", "Startup Cost": 971359.85, "Total Cost": 1531819.92, "Plan Rows": 1, "Plan Width": 44, "Inner Unique": false, "Join Filter": "(supplier.s_suppkey = lineitem.l_suppkey)", "Plans": [{"Node Type": "Merge Join", "Parent Relationship": "Outer", "Join Type": "Inner", "Startup Cost": 971359.44, "Total Cost": 974413.99, "Plan Rows": 125630, "Plan Width": 44, "Inner Unique": false, "Merge Cond": "(supplier.s_suppkey = partsupp.ps_suppkey)", "Plans": [{"Node Type": "Sort", "Parent Relationship": "Outer", "Startup Cost": 11587.82, "Total Cost": 11837.82, "Plan Rows": 100000, "Plan Width": 12, "Sort Key": ["supplier.s_suppkey"], "Plans": [{"Node Type": "Seq Scan", "Parent Relationship": "Outer", "Relation Name": "supplier", "Alias": "supplier", "Startup Cost": 0.0, "Total Cost": 3283.0, "Plan Rows": 100000, "Plan Width": 12}]}, {"Node Type": "Sort", "Parent Relationship": "Inner", "Startup Cost": 959771.6, "Total Cost": 960420.77, "Plan Rows": 259666, "Plan Width": 32, "Sort Key": ["partsupp.ps_suppkey"], "Plans": [{"Node Type": "Nested Loop", "Parent Relationship": "Outer", "Join Type": "Inner", "Startup Cost": 1.62, "Total Cost": 936419.45, "Plan Rows": 259666, "Plan Width": 32, "Inner Unique": false, "Plans": [{"Node Type": "Seq Scan", "Parent Relationship": "Outer", "Relation Name": "part", "Alias": "part", "Startup Cost": 0.0, "Total Cost": 66944.0, "Plan Rows": 89888, "Plan Width": 8, "Filter": "((p_name)::text ~~ '%dim%'::text)"}, {"Node Type": "Bitmap Heap Scan", "Parent Relationship": "Inner", "Relation Name": "partsupp", "Alias": "partsupp", "Startup Cost": 1.62, "Total Cost": 9.64, "Plan Rows": 3, "Plan Width": 24, "Recheck Cond": "(ps_partkey = part.p_partkey)", "Plans": [{"Node Type": "Bitmap Index Scan", "Parent Relationship": "Outer", "Index Name": "idx_partsupp_partkey", "Startup Cost": 0.0, "Total Cost": 1.62, "Plan Rows": 3, "Plan Width": 0, "Index Cond": "(ps_partkey = part.p_partkey)"}]}]}]}]}, {"Node Type": "Bitmap Heap Scan", "Parent Relationship": "Inner", "Relation Name": "lineitem", "Alias": "lineitem", "Startup Cost": 0.41, "Total Cost": 4.42, "Plan Rows": 1, "Plan Width": 48, "Recheck Cond": "((l_partkey = partsupp.ps_partkey) AND (l_suppkey = partsupp.ps_suppkey))", "Plans": [{"Node Type": "Bitmap Index Scan", "Parent Relationship": "Outer", "Index Name": "idx_lineitem_part_supp", "Startup Cost": 0.0, "Total Cost": 0.41, "Plan Rows": 1, "Plan Width": 0, "Index Cond": "((l_partkey = partsupp.ps_partkey) AND (l_suppkey = partsupp.ps_suppkey))"}]}]}, {"Node Type": "Bitmap Heap Scan", "Parent Relationship": "Inner", "Relation Name": "orders", "Alias": "orders", "Startup Cost": 0.26, "Total Cost": 4.27, "Plan Rows": 1, "Plan Width": 16, "Recheck Cond": "(o_orderkey = lineitem.l_orderkey)", "Plans": [{"Node Type": "Bitmap Index Scan", "Parent Relationship": "Outer", "Index Name": "orders_pkey", "Startup Cost": 0.0, "Total Cost": 0.26, "Plan Rows": 1, "Plan Width": 0, "Index Cond": "(o_orderkey = lineitem.l_orderkey)"}]}]}, {"Node Type": "Seq Scan", "Parent Relationship": "Inner", "Relation Name": "nation", "Alias": "nation", "Startup Cost": 0.0, "Total Cost": 1.25, "Plan Rows": 25, "Plan Width": 30}]}]}]}, "Unique SQL Id": 3628361425}, "explain_analyze_plan": {"Plan": {"Node Type": "Sort", "Startup Cost": 1531825.81, "Total Cost": 1531825.81, "Plan Rows": 1, "Plan Width": 74, "Actual Startup Time": 88379.13, "Actual Total Time": 88379.144, "Actual Rows": 175, "Actual Loops": 1, "Sort Key": ["nation.n_name", "(date_part('year'::text, orders.o_orderdate)) DESC"], "Sort Method": "quicksort", "Sort Space Used": 52, "Sort Space Type": "Memory", "Plans": [{"Node Type": "Aggregate", "Strategy": "Hashed", "Parent Relationship": "Outer", "Startup Cost": 1531825.79, "Total Cost": 1531825.8, "Plan Rows": 1, "Plan Width": 74, "Actual Startup Time": 88378.758, "Actual Total Time": 88378.797, "Actual Rows": 175, "Actual Loops": 1, "Group By Key": ["nation.n_name", "date_part('year'::text, orders.o_orderdate)"], "Plans": [{"Node Type": "Nested Loop", "Parent Relationship": "Outer", "Join Type": "Inner", "Startup Cost": 971360.11, "Total Cost": 1531825.77, "Plan Rows": 1, "Plan Width": 66, "Actual Startup Time": 2433.605, "Actual Total Time": 84111.22, "Actual Rows": 3256948, "Actual Loops": 1, "Inner Unique": true, "Join Filter": "(supplier.s_nationkey = nation.n_nationkey)", "Rows Removed by Join Filter": 39103306, "Plans": [{"Node Type": "Nested Loop", "Parent Relationship": "Outer", "Join Type": "Inner", "Startup Cost": 971360.11, "Total Cost": 1531824.2, "Plan Rows": 1, "Plan Width": 44, "Actual Startup Time": 2433.539, "Actual Total Time": 53166.52, "Actual Rows": 3256948, "Actual Loops": 1, "Inner Unique": true, "Plans": [{"Node Type": "Nested Loop", "Parent Relationship": "Outer", "Join Type": "Inner", "Startup Cost": 971359.85, "Total Cost": 1531819.92, "Plan Rows": 1, "Plan Width": 44, "Actual Startup Time": 2433.477, "Actual Total Time": 19742.277, "Actual Rows": 3256948, "Actual Loops": 1, "Inner Unique": false, "Join Filter": "(supplier.s_suppkey = lineitem.l_suppkey)", "Rows Removed by Join Filter": 0, "Plans": [{"Node Type": "Merge Join", "Parent Relationship": "Outer", "Join Type": "Inner", "Startup Cost": 971359.44, "Total Cost": 974413.99, "Plan Rows": 125630, "Plan Width": 44, "Actual Startup Time": 2433.366, "Actual Total Time": 2987.953, "Actual Rows": 434204, "Actual Loops": 1, "Inner Unique": false, "Merge Cond": "(supplier.s_suppkey = partsupp.ps_suppkey)", "Plans": [{"Node Type": "Sort", "Parent Relationship": "Outer", "Startup Cost": 11587.82, "Total Cost": 11837.82, "Plan Rows": 100000, "Plan Width": 12, "Actual Startup Time": 64.527, "Actual Total Time": 88.667, "Actual Rows": 100000, "Actual Loops": 1, "Sort Key": ["supplier.s_suppkey"], "Sort Method": "quicksort", "Sort Space Used": 12448, "Sort Space Type": "Memory", "Plans": [{"Node Type": "Seq Scan", "Parent Relationship": "Outer", "Relation Name": "supplier", "Alias": "supplier", "Startup Cost": 0.0, "Total Cost": 3283.0, "Plan Rows": 100000, "Plan Width": 12, "Actual Startup Time": 0.023, "Actual Total Time": 33.842, "Actual Rows": 100000, "Actual Loops": 1}]}, {"Node Type": "Sort", "Parent Relationship": "Inner", "Startup Cost": 959771.6, "Total Cost": 960420.77, "Plan Rows": 259666, "Plan Width": 32, "Actual Startup Time": 2368.812, "Actual Total Time": 2577.16, "Actual Rows": 434204, "Actual Loops": 1, "Sort Key": ["partsupp.ps_suppkey"], "Sort Method": "quicksort", "Sort Space Used": 52995, "Sort Space Type": "Memory", "Plans": [{"Node Type": "Nested Loop", "Parent Relationship": "Outer", "Join Type": "Inner", "Startup Cost": 1.62, "Total Cost": 936419.45, "Plan Rows": 259666, "Plan Width": 32, "Actual Startup Time": 0.135, "Actual Total Time": 2195.087, "Actual Rows": 434204, "Actual Loops": 1, "Inner Unique": false, "Plans": [{"Node Type": "Seq Scan", "Parent Relationship": "Outer", "Relation Name": "part", "Alias": "part", "Startup Cost": 0.0, "Total Cost": 66944.0, "Plan Rows": 89888, "Plan Width": 8, "Actual Startup Time": 0.065, "Actual Total Time": 1027.379, "Actual Rows": 108551, "Actual Loops": 1, "Filter": "((p_name)::text ~~ '%dim%'::text)", "Rows Removed by Filter": 1891449}, {"Node Type": "Bitmap Heap Scan", "Parent Relationship": "Inner", "Relation Name": "partsupp", "Alias": "partsupp", "Startup Cost": 1.62, "Total Cost": 9.64, "Plan Rows": 3, "Plan Width": 24, "Actual Startup Time": 869.858, "Actual Total Time": 951.85, "Actual Rows": 434204, "Actual Loops": 108551, "Recheck Cond": "(ps_partkey = part.p_partkey)", "Rows Removed by Index Recheck": 0, "Exact Heap Blocks": 118409, "Lossy Heap Blocks": 118409, "Plans": [{"Node Type": "Bitmap Index Scan", "Parent Relationship": "Outer", "Index Name": "idx_partsupp_partkey", "Startup Cost": 0.0, "Total Cost": 1.62, "Plan Rows": 3, "Plan Width": 0, "Actual Startup Time": 445.444, "Actual Total Time": 445.444, "Actual Rows": 434204, "Actual Loops": 108551, "Index Cond": "(ps_partkey = part.p_partkey)"}]}]}]}]}, {"Node Type": "Bitmap Heap Scan", "Parent Relationship": "Inner", "Relation Name": "lineitem", "Alias": "lineitem", "Startup Cost": 0.41, "Total Cost": 4.42, "Plan Rows": 1, "Plan Width": 48, "Actual Startup Time": 6072.051, "Actual Total Time": 14687.236, "Actual Rows": 3256948, "Actual Loops": 434204, "Recheck Cond": "((l_partkey = partsupp.ps_partkey) AND (l_suppkey = partsupp.ps_suppkey))", "Rows Removed by Index Recheck": 0, "Exact Heap Blocks": 3256937, "Lossy Heap Blocks": 3256937, "Plans": [{"Node Type": "Bitmap Index Scan", "Parent Relationship": "Outer", "Index Name": "idx_lineitem_part_supp", "Startup Cost": 0.0, "Total Cost": 0.41, "Plan Rows": 1, "Plan Width": 0, "Actual Startup Time": 3948.955, "Actual Total Time": 3948.955, "Actual Rows": 3256948, "Actual Loops": 434204, "Index Cond": "((l_partkey = partsupp.ps_partkey) AND (l_suppkey = partsupp.ps_suppkey))"}]}]}, {"Node Type": "Bitmap Heap Scan", "Parent Relationship": "Inner", "Relation Name": "orders", "Alias": "orders", "Startup Cost": 0.26, "Total Cost": 4.27, "Plan Rows": 1, "Plan Width": 16, "Actual Startup Time": 28788.185, "Actual Total Time": 28788.185, "Actual Rows": 3256948, "Actual Loops": 3256948, "Recheck Cond": "(o_orderkey = lineitem.l_orderkey)", "Rows Removed by Index Recheck": 0, "Exact Heap Blocks": 3256948, "Lossy Heap Blocks": 3256948, "Plans": [{"Node Type": "Bitmap Index Scan", "Parent Relationship": "Outer", "Index Name": "orders_pkey", "Startup Cost": 0.0, "Total Cost": 0.26, "Plan Rows": 1, "Plan Width": 0, "Actual Startup Time": 18778.866, "Actual Total Time": 18778.866, "Actual Rows": 3256948, "Actual Loops": 3256948, "Index Cond": "(o_orderkey = lineitem.l_orderkey)"}]}]}, {"Node Type": "Seq Scan", "Parent Relationship": "Inner", "Relation Name": "nation", "Alias": "nation", "Startup Cost": 0.0, "Total Cost": 1.25, "Plan Rows": 25, "Plan Width": 30, "Actual Startup Time": 12600.371, "Actual Total Time": 16563.642, "Actual Rows": 42360254, "Actual Loops": 3256948}]}]}]}, "Triggers": [], "Planner Runtime": 27.166, "Total Runtime": 88379.581, "Unique SQL Id": 3628361425}}, "(16, 23)": {"explain_plan": {"Plan": {"Node Type": "Sort", "Startup Cost": 1000008167021.57, "Total Cost": 1000008167021.58, "Plan Rows": 1, "Plan Width": 74, "Sort Key": ["nation.n_name", "(date_part('year'::text, orders.o_orderdate)) DESC"], "Plans": [{"Node Type": "Aggregate", "Strategy": "Hashed", "Parent Relationship": "Outer", "Startup Cost": 1000008167021.55, "Total Cost": 1000008167021.56, "Plan Rows": 1, "Plan Width": 74, "Group By Key": ["nation.n_name", "date_part('year'::text, orders.o_orderdate)"], "Plans": [{"Node Type": "Nested Loop", "Parent Relationship": "Outer", "Join Type": "Inner", "Startup Cost": 10000000002.75, "Total Cost": 1000008167021.53, "Plan Rows": 1, "Plan Width": 66, "Inner Unique": true, "Plans": [{"Node Type": "Nested Loop", "Parent Relationship": "Outer", "Join Type": "Inner", "Startup Cost": 10000000002.5, "Total Cost": 1000008167017.25, "Plan Rows": 1, "Plan Width": 44, "Inner Unique": true, "Plans": [{"Node Type": "Nested Loop", "Parent Relationship": "Outer", "Join Type": "Inner", "Startup Cost": 10000000002.24, "Total Cost": 1000008167012.96, "Plan Rows": 1, "Plan Width": 44, "Inner Unique": true, "Join Filter": "(partsupp.ps_partkey = part.p_partkey)", "Plans": [{"Node Type": "Nested Loop", "Parent Relationship": "Outer", "Join Type": "Inner", "Startup Cost": 10000000001.98, "Total Cost": 1000008166987.25, "Plan Rows": 6, "Plan Width": 60, "Inner Unique": false, "Join Filter": "(supplier.s_suppkey = lineitem.l_suppkey)", "Plans": [{"Node Type": "Nested Loop", "Parent Relationship": "Outer", "Join Type": "Inner", "Startup Cost": 10000000001.57, "Total Cost": 1000002201599.04, "Plan Rows": 1344499, "Plan Width": 36, "Inner Unique": false, "Plans": [{"Node Type": "Index Scan", "Parent Relationship": "Outer", "Scan Direction": "Forward", "Index Name": "idx_supplier_nation_key", "Relation Name": "supplier", "Alias": "supplier", "Startup Cost": 10000000000.0, "Total Cost": 1000001217556.78, "Plan Rows": 100000, "Plan Width": 12}, {"Node Type": "Bitmap Heap Scan", "Parent Relationship": "Inner", "Relation Name": "partsupp", "Alias": "partsupp", "Startup Cost": 1.57, "Total Cost": 9.71, "Plan Rows": 13, "Plan Width": 24, "Recheck Cond": "(ps_suppkey = supplier.s_suppkey)", "Plans": [{"Node Type": "Bitmap Index Scan", "Parent Relationship": "Outer", "Index Name": "idx_partsupp_suppkey", "Startup Cost": 0.0, "Total Cost": 1.56, "Plan Rows": 13, "Plan Width": 0, "Index Cond": "(ps_suppkey = supplier.s_suppkey)"}]}]}, {"Node Type": "Bitmap Heap Scan", "Parent Relationship": "Inner", "Relation Name": "lineitem", "Alias": "lineitem", "Startup Cost": 0.41, "Total Cost": 4.42, "Plan Rows": 1, "Plan Width": 48, "Recheck Cond": "((l_partkey = partsupp.ps_partkey) AND (l_suppkey = partsupp.ps_suppkey))", "Plans": [{"Node Type": "Bitmap Index Scan", "Parent Relationship": "Outer", "Index Name": "idx_lineitem_part_supp", "Startup Cost": 0.0, "Total Cost": 0.41, "Plan Rows": 1, "Plan Width": 0, "Index Cond": "((l_partkey = partsupp.ps_partkey) AND (l_suppkey = partsupp.ps_suppkey))"}]}]}, {"Node Type": "Bitmap Heap Scan", "Parent Relationship": "Inner", "Relation Name": "part", "Alias": "part", "Startup Cost": 0.26, "Total Cost": 4.27, "Plan Rows": 1, "Plan Width": 8, "Recheck Cond": "(p_partkey = lineitem.l_partkey)", "Filter": "((p_name)::text ~~ '%dim%'::text)", "Plans": [{"Node Type": "Bitmap Index Scan", "Parent Relationship": "Outer", "Index Name": "part_kpey", "Startup Cost": 0.0, "Total Cost": 0.26, "Plan Rows": 1, "Plan Width": 0, "Index Cond": "(p_partkey = lineitem.l_partkey)"}]}]}, {"Node Type": "Bitmap Heap Scan", "Parent Relationship": "Inner", "Relation Name": "orders", "Alias": "orders", "Startup Cost": 0.26, "Total Cost": 4.27, "Plan Rows": 1, "Plan Width": 16, "Recheck Cond": "(o_orderkey = lineitem.l_orderkey)", "Plans": [{"Node Type": "Bitmap Index Scan", "Parent Relationship": "Outer", "Index Name": "orders_pkey", "Startup Cost": 0.0, "Total Cost": 0.26, "Plan Rows": 1, "Plan Width": 0, "Index Cond": "(o_orderkey = lineitem.l_orderkey)"}]}]}, {"Node Type": "Bitmap Heap Scan", "Parent Relationship": "Inner", "Relation Name": "nation", "Alias": "nation", "Startup Cost": 0.26, "Total Cost": 4.27, "Plan Rows": 1, "Plan Width": 30, "Recheck Cond": "(n_nationkey = supplier.s_nationkey)", "Plans": [{"Node Type": "Bitmap Index Scan", "Parent Relationship": "Outer", "Index Name": "nation_pkey", "Startup Cost": 0.0, "Total Cost": 0.26, "Plan Rows": 1, "Plan Width": 0, "Index Cond": "(n_nationkey = supplier.s_nationkey)"}]}]}]}]}, "Unique SQL Id": 3628361425}, "explain_analyze_plan": null}, "(16, 24)": {"explain_plan": {"Plan": {"Node Type": "Sort", "Startup Cost": 685006.93, "Total Cost": 685006.94, "Plan Rows": 1, "Plan Width": 74, "Sort Key": ["nation.n_name", "(date_part('year'::text, orders.o_orderdate)) DESC"], "Plans": [{"Node Type": "Aggregate", "Strategy": "Hashed", "Parent Relationship": "Outer", "Startup Cost": 685006.91, "Total Cost": 685006.92, "Plan Rows": 1, "Plan Width": 74, "Group By Key": ["nation.n_name", "date_part('year'::text, orders.o_orderdate)"], "Plans": [{"Node Type": "Nested Loop", "Parent Relationship": "Outer", "Join Type": "Inner", "Startup Cost": 533118.21, "Total Cost": 685006.89, "Plan Rows": 1, "Plan Width": 66, "Inner Unique": true, "Plans": [{"Node Type": "Nested Loop", "Parent Relationship": "Outer", "Join Type": "Inner", "Startup Cost": 533118.21, "Total Cost": 685006.61, "Plan Rows": 1, "Plan Width": 44, "Inner Unique": true, "Plans": [{"Node Type": "Nested Loop", "Parent Relationship": "Outer", "Join Type": "Inner", "Startup Cost": 533118.21, "Total Cost": 685006.31, "Plan Rows": 1, "Plan Width": 44, "Inner Unique": false, "Join Filter": "(supplier.s_suppkey = lineitem.l_suppkey)", "Plans": [{"Node Type": "Merge Join", "Parent Relationship": "Outer", "Join Type": "Inner", "Startup Cost": 533118.21, "Total Cost": 541257.3, "Plan Rows": 125630, "Plan Width": 44, "Inner Unique": false, "Merge Cond": "(supplier.s_suppkey = partsupp.ps_suppkey)", "Plans": [{"Node Type": "Index Scan", "Parent Relationship": "Outer", "Scan Direction": "Forward", "Index Name": "supplier_pkey", "Relation Name": "supplier", "Alias": "supplier", "Startup Cost": 0.0, "Total Cost": 5334.54, "Plan Rows": 100000, "Plan Width": 12}, {"Node Type": "Sort", "Parent Relationship": "Inner", "Startup Cost": 533118.19, "Total Cost": 533767.36, "Plan Rows": 259666, "Plan Width": 32, "Sort Key": ["partsupp.ps_suppkey"], "Plans": [{"Node Type": "Nested Loop", "Parent Relationship": "Outer", "Join Type": "Inner", "Startup Cost": 0.0, "Total Cost": 509766.04, "Plan Rows": 259666, "Plan Width": 32, "Inner Unique": false, "Plans": [{"Node Type": "Seq Scan", "Parent Relationship": "Outer", "Relation Name": "part", "Alias": "part", "Startup Cost": 0.0, "Total Cost": 66944.0, "Plan Rows": 89888, "Plan Width": 8, "Filter": "((p_name)::text ~~ '%dim%'::text)"}, {"Node Type": "Index Scan", "Parent Relationship": "Inner", "Scan Direction": "Forward", "Index Name": "idx_partsupp_partkey", "Relation Name": "partsupp", "Alias": "partsupp", "Startup Cost": 0.0, "Total Cost": 4.9, "Plan Rows": 3, "Plan Width": 24, "Index Cond": "(ps_partkey = part.p_partkey)"}]}]}]}, {"Node Type": "Index Scan", "Parent Relationship": "Inner", "Scan Direction": "Forward", "Index Name": "idx_lineitem_part_supp", "Relation Name": "lineitem", "Alias": "lineitem", "Startup Cost": 0.0, "Total Cost": 1.13, "Plan Rows": 1, "Plan Width": 48, "Index Cond": "((l_partkey = partsupp.ps_partkey) AND (l_suppkey = partsupp.ps_suppkey))"}]}, {"Node Type": "Index Scan", "Parent Relationship": "Inner", "Scan Direction": "Forward", "Index Name": "orders_pkey", "Relation Name": "orders", "Alias": "orders", "Startup Cost": 0.0, "Total Cost": 0.29, "Plan Rows": 1, "Plan Width": 16, "Index Cond": "(o_orderkey = lineitem.l_orderkey)"}]}, {"Node Type": "Index Scan", "Parent Relationship": "Inner", "Scan Direction": "Forward", "Index Name": "nation_pkey", "Relation Name": "nation", "Alias": "nation", "Startup Cost": 0.0, "Total Cost": 0.27, "Plan Rows": 1, "Plan Width": 30, "Index Cond": "(n_nationkey = supplier.s_nationkey)"}]}]}]}, "Unique SQL Id": 3628361425}, "explain_analyze_plan": {"Plan": {"Node Type": "Sort", "Startup Cost": 685006.93, "Total Cost": 685006.94, "Plan Rows": 1, "Plan Width": 74, "Actual Startup Time": 55341.009, "Actual Total Time": 55341.022, "Actual Rows": 175, "Actual Loops": 1, "Sort Key": ["nation.n_name", "(date_part('year'::text, orders.o_orderdate)) DESC"], "Sort Method": "quicksort", "Sort Space Used": 52, "Sort Space Type": "Memory", "Plans": [{"Node Type": "Aggregate", "Strategy": "Hashed", "Parent Relationship": "Outer", "Startup Cost": 685006.91, "Total Cost": 685006.92, "Plan Rows": 1, "Plan Width": 74, "Actual Startup Time": 55340.641, "Actual Total Time": 55340.687, "Actual Rows": 175, "Actual Loops": 1, "Group By Key": ["nation.n_name", "date_part('year'::text, orders.o_orderdate)"], "Plans": [{"Node Type": "Nested Loop", "Parent Relationship": "Outer", "Join Type": "Inner", "Startup Cost": 533118.21, "Total Cost": 685006.89, "Plan Rows": 1, "Plan Width": 66, "Actual Startup Time": 2056.656, "Actual Total Time": 51373.687, "Actual Rows": 3256948, "Actual Loops": 1, "Inner Unique": true, "Plans": [{"Node Type": "Nested Loop", "Parent Relationship": "Outer", "Join Type": "Inner", "Startup Cost": 533118.21, "Total Cost": 685006.61, "Plan Rows": 1, "Plan Width": 44, "Actual Startup Time": 2056.627, "Actual Total Time": 42802.062, "Actual Rows": 3256948, "Actual Loops": 1, "Inner Unique": true, "Plans": [{"Node Type": "Nested Loop", "Parent Relationship": "Outer", "Join Type": "Inner", "Startup Cost": 533118.21, "Total Cost": 685006.31, "Plan Rows": 1, "Plan Width": 44, "Actual Startup Time": 2056.606, "Actual Total Time": 15879.99, "Actual Rows": 3256948, "Actual Loops": 1, "Inner Unique": false, "Join Filter": "(supplier.s_suppkey = lineitem.l_suppkey)", "Rows Removed by Join Filter": 0, "Plans": [{"Node Type": "Merge Join", "Parent Relationship": "Outer", "Join Type": "Inner", "Startup Cost": 533118.21, "Total Cost": 541257.3, "Plan Rows": 125630, "Plan Width": 44, "Actual Startup Time": 2056.53, "Actual Total Time": 2539.625, "Actual Rows": 434204, "Actual Loops": 1, "Inner Unique": false, "Merge Cond": "(supplier.s_suppkey = partsupp.ps_suppkey)", "Plans": [{"Node Type": "Index Scan", "Parent Relationship": "Outer", "Scan Direction": "Forward", "Index Name": "supplier_pkey", "Relation Name": "supplier", "Alias": "supplier", "Startup Cost": 0.0, "Total Cost": 5334.54, "Plan Rows": 100000, "Plan Width": 12, "Actual Startup Time": 0.029, "Actual Total Time": 84.481, "Actual Rows": 100000, "Actual Loops": 1}, {"Node Type": "Sort", "Parent Relationship": "Inner", "Startup Cost": 533118.19, "Total Cost": 533767.36, "Plan Rows": 259666, "Plan Width": 32, "Actual Startup Time": 2056.476, "Actual Total Time": 2218.535, "Actual Rows": 434204, "Actual Loops": 1, "Sort Key": ["partsupp.ps_suppkey"], "Sort Method": "quicksort", "Sort Space Used": 52995, "Sort Space Type": "Memory", "Plans": [{"Node Type": "Nested Loop", "Parent Relationship": "Outer", "Join Type": "Inner", "Startup Cost": 0.0, "Total Cost": 509766.04, "Plan Rows": 259666, "Plan Width": 32, "Actual Startup Time": 0.045, "Actual Total Time": 1882.267, "Actual Rows": 434204, "Actual Loops": 1, "Inner Unique": false, "Plans": [{"Node Type": "Seq Scan", "Parent Relationship": "Outer", "Relation Name": "part", "Alias": "part", "Startup Cost": 0.0, "Total Cost": 66944.0, "Plan Rows": 89888, "Plan Width": 8, "Actual Startup Time": 0.03, "Actual Total Time": 1006.229, "Actual Rows": 108551, "Actual Loops": 1, "Filter": "((p_name)::text ~~ '%dim%'::text)", "Rows Removed by Filter": 1891449}, {"Node Type": "Index Scan", "Parent Relationship": "Inner", "Scan Direction": "Forward", "Index Name": "idx_partsupp_partkey", "Relation Name": "partsupp", "Alias": "partsupp", "Startup Cost": 0.0, "Total Cost": 4.9, "Plan Rows": 3, "Plan Width": 24, "Actual Startup Time": 489.343, "Actual Total Time": 723.306, "Actual Rows": 434204, "Actual Loops": 108551, "Index Cond": "(ps_partkey = part.p_partkey)", "Rows Removed by Index Recheck": 0}]}]}]}, {"Node Type": "Index Scan", "Parent Relationship": "Inner", "Scan Direction": "Forward", "Index Name": "idx_lineitem_part_supp", "Relation Name": "lineitem", "Alias": "lineitem", "Startup Cost": 0.0, "Total Cost": 1.13, "Plan Rows": 1, "Plan Width": 48, "Actual Startup Time": 4085.211, "Actual Total Time": 11672.34, "Actual Rows": 3256948, "Actual Loops": 434204, "Index Cond": "((l_partkey = partsupp.ps_partkey) AND (l_suppkey = partsupp.ps_suppkey))", "Rows Removed by Index Recheck": 0}]}, {"Node Type": "Index Scan", "Parent Relationship": "Inner", "Scan Direction": "Forward", "Index Name": "orders_pkey", "Relation Name": "orders", "Alias": "orders", "Startup Cost": 0.0, "Total Cost": 0.29, "Plan Rows": 1, "Plan Width": 16, "Actual Startup Time": 24084.564, "Actual Total Time": 24084.564, "Actual Rows": 3256948, "Actual Loops": 3256948, "Index Cond": "(o_orderkey = lineitem.l_orderkey)", "Rows Removed by Index Recheck": 0}]}, {"Node Type": "Index Scan", "Parent Relationship": "Inner", "Scan Direction": "Forward", "Index Name": "nation_pkey", "Relation Name": "nation", "Alias": "nation", "Startup Cost": 0.0, "Total Cost": 0.27, "Plan Rows": 1, "Plan Width": 30, "Actual Startup Time": 4497.813, "Actual Total Time": 4497.813, "Actual Rows": 3256948, "Actual Loops": 3256948, "Index Cond": "(n_nationkey = supplier.s_nationkey)", "Rows Removed by Index Recheck": 0}]}]}]}, "Triggers": [], "Planner Runtime": 32.019, "Total Runtime": 55341.401, "Unique SQL Id": 3628361425}}, "(16, 25)": {"explain_plan": {"Plan": {"Node Type": "Sort", "Startup Cost": 723866.18, "Total Cost": 723866.19, "Plan Rows": 1, "Plan Width": 74, "Sort Key": ["nation.n_name", "(date_part('year'::text, orders.o_orderdate)) DESC"], "Plans": [{"Node Type": "Aggregate", "Strategy": "Hashed", "Parent Relationship": "Outer", "Startup Cost": 723866.16, "Total Cost": 723866.17, "Plan Rows": 1, "Plan Width": 74, "Group By Key": ["nation.n_name", "date_part('year'::text, orders.o_orderdate)"], "Plans": [{"Node Type": "Nested Loop", "Parent Relationship": "Outer", "Join Type": "Inner", "Startup Cost": 571977.46, "Total Cost": 723866.14, "Plan Rows": 1, "Plan Width": 66, "Inner Unique": true, "Plans": [{"Node Type": "Nested Loop", "Parent Relationship": "Outer", "Join Type": "Inner", "Startup Cost": 571977.46, "Total Cost": 723865.86, "Plan Rows": 1, "Plan Width": 44, "Inner Unique": true, "Plans": [{"Node Type": "Nested Loop", "Parent Relationship": "Outer", "Join Type": "Inner", "Startup Cost": 571977.46, "Total Cost": 723865.56, "Plan Rows": 1, "Plan Width": 44, "Inner Unique": false, "Join Filter": "(supplier.s_suppkey = lineitem.l_suppkey)", "Plans": [{"Node Type": "Merge Join", "Parent Relationship": "Outer", "Join Type": "Inner", "Startup Cost": 571977.46, "Total Cost": 580116.55, "Plan Rows": 125630, "Plan Width": 44, "Inner Unique": false, "Merge Cond": "(supplier.s_suppkey = partsupp.ps_suppkey)", "Plans": [{"Node Type": "Index Scan", "Parent Relationship": "Outer", "Scan Direction": "Forward", "Index Name": "supplier_pkey", "Relation Name": "supplier", "Alias": "supplier", "Startup Cost": 0.0, "Total Cost": 5334.54, "Plan Rows": 100000, "Plan Width": 12}, {"Node Type": "Sort", "Parent Relationship": "Inner", "Startup Cost": 571977.44, "Total Cost": 572626.61, "Plan Rows": 259666, "Plan Width": 32, "Sort Key": ["partsupp.ps_suppkey"], "Plans": [{"Node Type": "Nested Loop", "Parent Relationship": "Outer", "Join Type": "Inner", "Startup Cost": 0.0, "Total Cost": 548625.29, "Plan Rows": 259666, "Plan Width": 32, "Inner Unique": false, "Plans": [{"Node Type": "Index Scan", "Parent Relationship": "Outer", "Scan Direction": "Forward", "Index Name": "part_kpey", "Relation Name": "part", "Alias": "part", "Startup Cost": 0.0, "Total Cost": 105803.25, "Plan Rows": 89888, "Plan Width": 8, "Filter": "((p_name)::text ~~ '%dim%'::text)"}, {"Node Type": "Index Scan", "Parent Relationship": "Inner", "Scan Direction": "Forward", "Index Name": "idx_partsupp_partkey", "Relation Name": "partsupp", "Alias": "partsupp", "Startup Cost": 0.0, "Total Cost": 4.9, "Plan Rows": 3, "Plan Width": 24, "Index Cond": "(ps_partkey = part.p_partkey)"}]}]}]}, {"Node Type": "Index Scan", "Parent Relationship": "Inner", "Scan Direction": "Forward", "Index Name": "idx_lineitem_part_supp", "Relation Name": "lineitem", "Alias": "lineitem", "Startup Cost": 0.0, "Total Cost": 1.13, "Plan Rows": 1, "Plan Width": 48, "Index Cond": "((l_partkey = partsupp.ps_partkey) AND (l_suppkey = partsupp.ps_suppkey))"}]}, {"Node Type": "Index Scan", "Parent Relationship": "Inner", "Scan Direction": "Forward", "Index Name": "orders_pkey", "Relation Name": "orders", "Alias": "orders", "Startup Cost": 0.0, "Total Cost": 0.29, "Plan Rows": 1, "Plan Width": 16, "Index Cond": "(o_orderkey = lineitem.l_orderkey)"}]}, {"Node Type": "Index Scan", "Parent Relationship": "Inner", "Scan Direction": "Forward", "Index Name": "nation_pkey", "Relation Name": "nation", "Alias": "nation", "Startup Cost": 0.0, "Total Cost": 0.27, "Plan Rows": 1, "Plan Width": 30, "Index Cond": "(n_nationkey = supplier.s_nationkey)"}]}]}]}, "Unique SQL Id": 3628361425}, "explain_analyze_plan": {"Plan": {"Node Type": "Sort", "Startup Cost": 723866.18, "Total Cost": 723866.19, "Plan Rows": 1, "Plan Width": 74, "Actual Startup Time": 55583.76, "Actual Total Time": 55583.773, "Actual Rows": 175, "Actual Loops": 1, "Sort Key": ["nation.n_name", "(date_part('year'::text, orders.o_orderdate)) DESC"], "Sort Method": "quicksort", "Sort Space Used": 52, "Sort Space Type": "Memory", "Plans": [{"Node Type": "Aggregate", "Strategy": "Hashed", "Parent Relationship": "Outer", "Startup Cost": 723866.16, "Total Cost": 723866.17, "Plan Rows": 1, "Plan Width": 74, "Actual Startup Time": 55583.396, "Actual Total Time": 55583.435, "Actual Rows": 175, "Actual Loops": 1, "Group By Key": ["nation.n_name", "date_part('year'::text, orders.o_orderdate)"], "Plans": [{"Node Type": "Nested Loop", "Parent Relationship": "Outer", "Join Type": "Inner", "Startup Cost": 571977.46, "Total Cost": 723866.14, "Plan Rows": 1, "Plan Width": 66, "Actual Startup Time": 2808.856, "Actual Total Time": 51760.642, "Actual Rows": 3256948, "Actual Loops": 1, "Inner Unique": true, "Plans": [{"Node Type": "Nested Loop", "Parent Relationship": "Outer", "Join Type": "Inner", "Startup Cost": 571977.46, "Total Cost": 723865.86, "Plan Rows": 1, "Plan Width": 44, "Actual Startup Time": 2808.828, "Actual Total Time": 43212.092, "Actual Rows": 3256948, "Actual Loops": 1, "Inner Unique": true, "Plans": [{"Node Type": "Nested Loop", "Parent Relationship": "Outer", "Join Type": "Inner", "Startup Cost": 571977.46, "Total Cost": 723865.56, "Plan Rows": 1, "Plan Width": 44, "Actual Startup Time": 2808.805, "Actual Total Time": 16560.708, "Actual Rows": 3256948, "Actual Loops": 1, "Inner Unique": false, "Join Filter": "(supplier.s_suppkey = lineitem.l_suppkey)", "Rows Removed by Join Filter": 0, "Plans": [{"Node Type": "Merge Join", "Parent Relationship": "Outer", "Join Type": "Inner", "Startup Cost": 571977.46, "Total Cost": 580116.55, "Plan Rows": 125630, "Plan Width": 44, "Actual Startup Time": 2808.735, "Actual Total Time": 3299.844, "Actual Rows": 434204, "Actual Loops": 1, "Inner Unique": false, "Merge Cond": "(supplier.s_suppkey = partsupp.ps_suppkey)", "Plans": [{"Node Type": "Index Scan", "Parent Relationship": "Outer", "Scan Direction": "Forward", "Index Name": "supplier_pkey", "Relation Name": "supplier", "Alias": "supplier", "Startup Cost": 0.0, "Total Cost": 5334.54, "Plan Rows": 100000, "Plan Width": 12, "Actual Startup Time": 0.022, "Actual Total Time": 83.749, "Actual Rows": 100000, "Actual Loops": 1}, {"Node Type": "Sort", "Parent Relationship": "Inner", "Startup Cost": 571977.44, "Total Cost": 572626.61, "Plan Rows": 259666, "Plan Width": 32, "Actual Startup Time": 2808.699, "Actual Total Time": 2974.298, "Actual Rows": 434204, "Actual Loops": 1, "Sort Key": ["partsupp.ps_suppkey"], "Sort Method": "quicksort", "Sort Space Used": 52995, "Sort Space Type": "Memory", "Plans": [{"Node Type": "Nested Loop", "Parent Relationship": "Outer", "Join Type": "Inner", "Startup Cost": 0.0, "Total Cost": 548625.29, "Plan Rows": 259666, "Plan Width": 32, "Actual Startup Time": 0.042, "Actual Total Time": 2632.402, "Actual Rows": 434204, "Actual Loops": 1, "Inner Unique": false, "Plans": [{"Node Type": "Index Scan", "Parent Relationship": "Outer", "Scan Direction": "Forward", "Index Name": "part_kpey", "Relation Name": "part", "Alias": "part", "Startup Cost": 0.0, "Total Cost": 105803.25, "Plan Rows": 89888, "Plan Width": 8, "Actual Startup Time": 0.031, "Actual Total Time": 1675.35, "Actual Rows": 108551, "Actual Loops": 1, "Filter": "((p_name)::text ~~ '%dim%'::text)", "Rows Removed by Filter": 1891449}, {"Node Type": "Index Scan", "Parent Relationship": "Inner", "Scan Direction": "Forward", "Index Name": "idx_partsupp_partkey", "Relation Name": "partsupp", "Alias": "partsupp", "Startup Cost": 0.0, "Total Cost": 4.9, "Plan Rows": 3, "Plan Width": 24, "Actual Startup Time": 572.91, "Actual Total Time": 805.279, "Actual Rows": 434204, "Actual Loops": 108551, "Index Cond": "(ps_partkey = part.p_partkey)", "Rows Removed by Index Recheck": 0}]}]}]}, {"Node Type": "Index Scan", "Parent Relationship": "Inner", "Scan Direction": "Forward", "Index Name": "idx_lineitem_part_supp", "Relation Name": "lineitem", "Alias": "lineitem", "Startup Cost": 0.0, "Total Cost": 1.13, "Plan Rows": 1, "Plan Width": 48, "Actual Startup Time": 4004.802, "Actual Total Time": 11561.981, "Actual Rows": 3256948, "Actual Loops": 434204, "Index Cond": "((l_partkey = partsupp.ps_partkey) AND (l_suppkey = partsupp.ps_suppkey))", "Rows Removed by Index Recheck": 0}]}, {"Node Type": "Index Scan", "Parent Relationship": "Inner", "Scan Direction": "Forward", "Index Name": "orders_pkey", "Relation Name": "orders", "Alias": "orders", "Startup Cost": 0.0, "Total Cost": 0.29, "Plan Rows": 1, "Plan Width": 16, "Actual Startup Time": 23856.312, "Actual Total Time": 23856.312, "Actual Rows": 3256948, "Actual Loops": 3256948, "Index Cond": "(o_orderkey = lineitem.l_orderkey)", "Rows Removed by Index Recheck": 0}]}, {"Node Type": "Index Scan", "Parent Relationship": "Inner", "Scan Direction": "Forward", "Index Name": "nation_pkey", "Relation Name": "nation", "Alias": "nation", "Startup Cost": 0.0, "Total Cost": 0.27, "Plan Rows": 1, "Plan Width": 30, "Actual Startup Time": 4471.7, "Actual Total Time": 4471.7, "Actual Rows": 3256948, "Actual Loops": 3256948, "Index Cond": "(n_nationkey = supplier.s_nationkey)", "Rows Removed by Index Recheck": 0}]}]}]}, "Triggers": [], "Planner Runtime": 30.808, "Total Runtime": 55584.12, "Unique SQL Id": 3628361425}}, "(16, 26)": {"explain_plan": {"Plan": {"Node Type": "Sort", "Startup Cost": 12011186.71, "Total Cost": 12011186.71, "Plan Rows": 1, "Plan Width": 74, "Sort Key": ["nation.n_name", "(date_part('year'::text, orders.o_orderdate)) DESC"], "Plans": [{"Node Type": "Aggregate", "Strategy": "Hashed", "Parent Relationship": "Outer", "Startup Cost": 12011186.68, "Total Cost": 12011186.7, "Plan Rows": 1, "Plan Width": 74, "Group By Key": ["nation.n_name", "date_part('year'::text, orders.o_orderdate)"], "Plans": [{"Node Type": "Nested Loop", "Parent Relationship": "Outer", "Join Type": "Inner", "Startup Cost": 11026521.48, "Total Cost": 12011186.67, "Plan Rows": 1, "Plan Width": 66, "Inner Unique": true, "Join Filter": "(supplier.s_nationkey = nation.n_nationkey)", "Plans": [{"Node Type": "Nested Loop", "Parent Relationship": "Outer", "Join Type": "Inner", "Startup Cost": 11026521.48, "Total Cost": 12011185.1, "Plan Rows": 1, "Plan Width": 44, "Inner Unique": true, "Join Filter": "(lineitem.l_orderkey = orders.o_orderkey)", "Plans": [{"Node Type": "Nested Loop", "Parent Relationship": "Outer", "Join Type": "Inner", "Startup Cost": 11026521.48, "Total Cost": 11397277.82, "Plan Rows": 1, "Plan Width": 44, "Inner Unique": false, "Join Filter": "(lineitem.l_suppkey = supplier.s_suppkey)", "Plans": [{"Node Type": "Seq Scan", "Parent Relationship": "Outer", "Relation Name": "supplier", "Alias": "supplier", "Startup Cost": 0.0, "Total Cost": 3283.0, "Plan Rows": 100000, "Plan Width": 12}, {"Node Type": "Materialize", "Parent Relationship": "Inner", "Startup Cost": 11026521.48, "Total Cost": 11390994.83, "Plan Rows": 2, "Plan Width": 56, "Plans": [{"Node Type": "Merge Join", "Parent Relationship": "Outer", "Join Type": "Inner", "Startup Cost": 11026521.48, "Total Cost": 11390994.82, "Plan Rows": 2, "Plan Width": 56, "Inner Unique": true, "Merge Cond": "(lineitem.l_partkey = partsupp.ps_partkey)", "Join Filter": "(lineitem.l_suppkey = partsupp.ps_suppkey)", "Plans": [{"Node Type": "Merge Join", "Parent Relationship": "Outer", "Join Type": "Inner", "Startup Cost": 9839224.25, "Total Cost": 10144564.49, "Plan Rows": 495566, "Plan Width": 56, "Inner Unique": false, "Merge Cond": "(part.p_partkey = lineitem.l_partkey)", "Plans": [{"Node Type": "Sort", "Parent Relationship": "Outer", "Startup Cost": 74339.91, "Total Cost": 74564.63, "Plan Rows": 89888, "Plan Width": 8, "Sort Key": ["part.p_partkey"], "Plans": [{"Node Type": "Seq Scan", "Parent Relationship": "Outer", "Relation Name": "part", "Alias": "part", "Startup Cost": 0.0, "Total Cost": 66944.0, "Plan Rows": 89888, "Plan Width": 8, "Filter": "((p_name)::text ~~ '%dim%'::text)"}]}, {"Node Type": "Sort", "Parent Relationship": "Inner", "Startup Cost": 9764884.32, "Total Cost": 9914851.9, "Plan Rows": 59987033, "Plan Width": 48, "Sort Key": ["lineitem.l_partkey"], "Plans": [{"Node Type": "Seq Scan", "Parent Relationship": "Outer", "Relation Name": "lineitem", "Alias": "lineitem", "Startup Cost": 0.0, "Total Cost": 2015115.33, "Plan Rows": 59987033, "Plan Width": 48}]}]}, {"Node Type": "Sort", "Parent Relationship": "Inner", "Startup Cost": 1187295.8, "Total Cost": 1207296.73, "Plan Rows": 8000372, "Plan Width": 24, "Sort Key": ["partsupp.ps_partkey"], "Plans": [{"Node Type": "Seq Scan", "Parent Relationship": "Outer", "Relation Name": "partsupp", "Alias": "partsupp", "Startup Cost": 0.0, "Total Cost": 269987.72, "Plan Rows": 8000372, "Plan Width": 24}]}]}]}]}, {"Node Type": "Seq Scan", "Parent Relationship": "Inner", "Relation Name": "orders", "Alias": "orders", "Startup Cost": 0.0, "Total Cost": 426413.79, "Plan Rows": 14999479, "Plan Width": 16}]}, {"Node Type": "Seq Scan", "Parent Relationship": "Inner", "Relation Name": "nation", "Alias": "nation", "Startup Cost": 0.0, "Total Cost": 1.25, "Plan Rows": 25, "Plan Width": 30}]}]}]}, "Unique SQL Id": 3628361425}, "explain_analyze_plan": null}, "(16, 27)": {"explain_plan": {"Plan": {"Node Type": "Sort", "Startup Cost": 6000839471774.72, "Total Cost": 6000839471774.72, "Plan Rows": 1, "Plan Width": 74, "Sort Key": ["nation.n_name", "(date_part('year'::text, orders.o_orderdate)) DESC"], "Plans": [{"Node Type": "Aggregate", "Strategy": "Hashed", "Parent Relationship": "Outer", "Startup Cost": 6000839471774.69, "Total Cost": 6000839471774.71, "Plan Rows": 1, "Plan Width": 74, "Group By Key": ["nation.n_name", "date_part('year'::text, orders.o_orderdate)"], "Plans": [{"Node Type": "Nested Loop", "Parent Relationship": "Outer", "Join Type": "Inner", "Startup Cost": 60035393416.8, "Total Cost": 6000839471774.68, "Plan Rows": 1, "Plan Width": 66, "Inner Unique": true, "Plans": [{"Node Type": "Merge Join", "Parent Relationship": "Outer", "Join Type": "Inner", "Startup Cost": 50035393416.8, "Total Cost": 5000839471745.44, "Plan Rows": 1, "Plan Width": 66, "Inner Unique": true, "Merge Cond": "(partsupp.ps_partkey = part.p_partkey)", "Plans": [{"Node Type": "Nested Loop", "Parent Relationship": "Outer", "Join Type": "Inner", "Startup Cost": 40035393416.8, "Total Cost": 4000828891195.69, "Plan Rows": 6, "Plan Width": 82, "Inner Unique": true, "Join Filter": "(supplier.s_nationkey = nation.n_nationkey)", "Plans": [{"Node Type": "Nested Loop", "Parent Relationship": "Outer", "Join Type": "Inner", "Startup Cost": 30035393416.8, "Total Cost": 3000828889930.88, "Plan Rows": 6, "Plan Width": 60, "Inner Unique": true, "Join Filter": "(lineitem.l_suppkey = supplier.s_suppkey)", "Plans": [{"Node Type": "Merge Join", "Parent Relationship": "Outer", "Join Type": "Inner", "Startup Cost": 20035393416.8, "Total Cost": 2000828314226.5, "Plan Rows": 28, "Plan Width": 72, "Inner Unique": true, "Merge Cond": "((lineitem.l_partkey = partsupp.ps_partkey) AND (lineitem.l_suppkey = partsupp.ps_suppkey))", "Plans": [{"Node Type": "Index Scan", "Parent Relationship": "Outer", "Scan Direction": "Forward", "Index Name": "idx_lineitem_part_supp", "Relation Name": "lineitem", "Alias": "lineitem", "Startup Cost": 10000000000.0, "Total Cost": 1000775391319.64, "Plan Rows": 59987033, "Plan Width": 48}, {"Node Type": "Index Scan", "Parent Relationship": "Inner", "Scan Direction": "Forward", "Index Name": "partsupp_pkey", "Relation Name": "partsupp", "Alias": "partsupp", "Startup Cost": 10000000000.0, "Total Cost": 1000071640963.22, "Plan Rows": 8000372, "Plan Width": 24}]}, {"Node Type": "Materialize", "Parent Relationship": "Inner", "Startup Cost": 10000000000.0, "Total Cost": 1000000533954.38, "Plan Rows": 100000, "Plan Width": 12, "Plans": [{"Node Type": "Index Scan", "Parent Relationship": "Outer", "Scan Direction": "Forward", "Index Name": "supplier_pkey", "Relation Name": "supplier", "Alias": "supplier", "Startup Cost": 10000000000.0, "Total Cost": 1000000533454.38, "Plan Rows": 100000, "Plan Width": 12}]}]}, {"Node Type": "Materialize", "Parent Relationship": "Inner", "Startup Cost": 10000000000.0, "Total Cost": 1000000001262.62, "Plan Rows": 25, "Plan Width": 30, "Plans": [{"Node Type": "Index Scan", "Parent Relationship": "Outer", "Scan Direction": "Forward", "Index Name": "nation_pkey", "Relation Name": "nation", "Alias": "nation", "Startup Cost": 10000000000.0, "Total Cost": 1000000001262.5, "Plan Rows": 25, "Plan Width": 30}]}]}, {"Node Type": "Index Scan", "Parent Relationship": "Inner", "Scan Direction": "Forward", "Index Name": "part_kpey", "Relation Name": "part", "Alias": "part", "Startup Cost": 10000000000.0, "Total Cost": 1000010580325.0, "Plan Rows": 89888, "Plan Width": 8, "Filter": "((p_name)::text ~~ '%dim%'::text)"}]}, {"Node Type": "Index Scan", "Parent Relationship": "Inner", "Scan Direction": "Forward", "Index Name": "orders_pkey", "Relation Name": "orders", "Alias": "orders", "Startup Cost": 10000000000.0, "Total Cost": 1000000000029.23, "Plan Rows": 1, "Plan Width": 16, "Index Cond": "(o_orderkey = lineitem.l_orderkey)"}]}]}]}, "Unique SQL Id": 3628361425}, "explain_analyze_plan": null}, "(16, 28)": {"explain_plan": {"Plan": {"Node Type": "Sort", "Startup Cost": 685006.93, "Total Cost": 685006.94, "Plan Rows": 1, "Plan Width": 74, "Sort Key": ["nation.n_name", "(date_part('year'::text, orders.o_orderdate)) DESC"], "Plans": [{"Node Type": "Aggregate", "Strategy": "Hashed", "Parent Relationship": "Outer", "Startup Cost": 685006.91, "Total Cost": 685006.92, "Plan Rows": 1, "Plan Width": 74, "Group By Key": ["nation.n_name", "date_part('year'::text, orders.o_orderdate)"], "Plans": [{"Node Type": "Nested Loop", "Parent Relationship": "Outer", "Join Type": "Inner", "Startup Cost": 533118.21, "Total Cost": 685006.89, "Plan Rows": 1, "Plan Width": 66, "Inner Unique": true, "Plans": [{"Node Type": "Nested Loop", "Parent Relationship": "Outer", "Join Type": "Inner", "Startup Cost": 533118.21, "Total Cost": 685006.61, "Plan Rows": 1, "Plan Width": 44, "Inner Unique": true, "Plans": [{"Node Type": "Nested Loop", "Parent Relationship": "Outer", "Join Type": "Inner", "Startup Cost": 533118.21, "Total Cost": 685006.31, "Plan Rows": 1, "Plan Width": 44, "Inner Unique": false, "Join Filter": "(supplier.s_suppkey = lineitem.l_suppkey)", "Plans": [{"Node Type": "Merge Join", "Parent Relationship": "Outer", "Join Type": "Inner", "Startup Cost": 533118.21, "Total Cost": 541257.3, "Plan Rows": 125630, "Plan Width": 44, "Inner Unique": false, "Merge Cond": "(supplier.s_suppkey = partsupp.ps_suppkey)", "Plans": [{"Node Type": "Index Scan", "Parent Relationship": "Outer", "Scan Direction": "Forward", "Index Name": "supplier_pkey", "Relation Name": "supplier", "Alias": "supplier", "Startup Cost": 0.0, "Total Cost": 5334.54, "Plan Rows": 100000, "Plan Width": 12}, {"Node Type": "Sort", "Parent Relationship": "Inner", "Startup Cost": 533118.19, "Total Cost": 533767.36, "Plan Rows": 259666, "Plan Width": 32, "Sort Key": ["partsupp.ps_suppkey"], "Plans": [{"Node Type": "Nested Loop", "Parent Relationship": "Outer", "Join Type": "Inner", "Startup Cost": 0.0, "Total Cost": 509766.04, "Plan Rows": 259666, "Plan Width": 32, "Inner Unique": false, "Plans": [{"Node Type": "Seq Scan", "Parent Relationship": "Outer", "Relation Name": "part", "Alias": "part", "Startup Cost": 0.0, "Total Cost": 66944.0, "Plan Rows": 89888, "Plan Width": 8, "Filter": "((p_name)::text ~~ '%dim%'::text)"}, {"Node Type": "Index Scan", "Parent Relationship": "Inner", "Scan Direction": "Forward", "Index Name": "idx_partsupp_partkey", "Relation Name": "partsupp", "Alias": "partsupp", "Startup Cost": 0.0, "Total Cost": 4.9, "Plan Rows": 3, "Plan Width": 24, "Index Cond": "(ps_partkey = part.p_partkey)"}]}]}]}, {"Node Type": "Index Scan", "Parent Relationship": "Inner", "Scan Direction": "Forward", "Index Name": "idx_lineitem_part_supp", "Relation Name": "lineitem", "Alias": "lineitem", "Startup Cost": 0.0, "Total Cost": 1.13, "Plan Rows": 1, "Plan Width": 48, "Index Cond": "((l_partkey = partsupp.ps_partkey) AND (l_suppkey = partsupp.ps_suppkey))"}]}, {"Node Type": "Index Scan", "Parent Relationship": "Inner", "Scan Direction": "Forward", "Index Name": "orders_pkey", "Relation Name": "orders", "Alias": "orders", "Startup Cost": 0.0, "Total Cost": 0.29, "Plan Rows": 1, "Plan Width": 16, "Index Cond": "(o_orderkey = lineitem.l_orderkey)"}]}, {"Node Type": "Index Scan", "Parent Relationship": "Inner", "Scan Direction": "Forward", "Index Name": "nation_pkey", "Relation Name": "nation", "Alias": "nation", "Startup Cost": 0.0, "Total Cost": 0.27, "Plan Rows": 1, "Plan Width": 30, "Index Cond": "(n_nationkey = supplier.s_nationkey)"}]}]}]}, "Unique SQL Id": 3628361425}, "explain_analyze_plan": {"Plan": {"Node Type": "Sort", "Startup Cost": 685006.93, "Total Cost": 685006.94, "Plan Rows": 1, "Plan Width": 74, "Actual Startup Time": 55341.009, "Actual Total Time": 55341.022, "Actual Rows": 175, "Actual Loops": 1, "Sort Key": ["nation.n_name", "(date_part('year'::text, orders.o_orderdate)) DESC"], "Sort Method": "quicksort", "Sort Space Used": 52, "Sort Space Type": "Memory", "Plans": [{"Node Type": "Aggregate", "Strategy": "Hashed", "Parent Relationship": "Outer", "Startup Cost": 685006.91, "Total Cost": 685006.92, "Plan Rows": 1, "Plan Width": 74, "Actual Startup Time": 55340.641, "Actual Total Time": 55340.687, "Actual Rows": 175, "Actual Loops": 1, "Group By Key": ["nation.n_name", "date_part('year'::text, orders.o_orderdate)"], "Plans": [{"Node Type": "Nested Loop", "Parent Relationship": "Outer", "Join Type": "Inner", "Startup Cost": 533118.21, "Total Cost": 685006.89, "Plan Rows": 1, "Plan Width": 66, "Actual Startup Time": 2056.656, "Actual Total Time": 51373.687, "Actual Rows": 3256948, "Actual Loops": 1, "Inner Unique": true, "Plans": [{"Node Type": "Nested Loop", "Parent Relationship": "Outer", "Join Type": "Inner", "Startup Cost": 533118.21, "Total Cost": 685006.61, "Plan Rows": 1, "Plan Width": 44, "Actual Startup Time": 2056.627, "Actual Total Time": 42802.062, "Actual Rows": 3256948, "Actual Loops": 1, "Inner Unique": true, "Plans": [{"Node Type": "Nested Loop", "Parent Relationship": "Outer", "Join Type": "Inner", "Startup Cost": 533118.21, "Total Cost": 685006.31, "Plan Rows": 1, "Plan Width": 44, "Actual Startup Time": 2056.606, "Actual Total Time": 15879.99, "Actual Rows": 3256948, "Actual Loops": 1, "Inner Unique": false, "Join Filter": "(supplier.s_suppkey = lineitem.l_suppkey)", "Rows Removed by Join Filter": 0, "Plans": [{"Node Type": "Merge Join", "Parent Relationship": "Outer", "Join Type": "Inner", "Startup Cost": 533118.21, "Total Cost": 541257.3, "Plan Rows": 125630, "Plan Width": 44, "Actual Startup Time": 2056.53, "Actual Total Time": 2539.625, "Actual Rows": 434204, "Actual Loops": 1, "Inner Unique": false, "Merge Cond": "(supplier.s_suppkey = partsupp.ps_suppkey)", "Plans": [{"Node Type": "Index Scan", "Parent Relationship": "Outer", "Scan Direction": "Forward", "Index Name": "supplier_pkey", "Relation Name": "supplier", "Alias": "supplier", "Startup Cost": 0.0, "Total Cost": 5334.54, "Plan Rows": 100000, "Plan Width": 12, "Actual Startup Time": 0.029, "Actual Total Time": 84.481, "Actual Rows": 100000, "Actual Loops": 1}, {"Node Type": "Sort", "Parent Relationship": "Inner", "Startup Cost": 533118.19, "Total Cost": 533767.36, "Plan Rows": 259666, "Plan Width": 32, "Actual Startup Time": 2056.476, "Actual Total Time": 2218.535, "Actual Rows": 434204, "Actual Loops": 1, "Sort Key": ["partsupp.ps_suppkey"], "Sort Method": "quicksort", "Sort Space Used": 52995, "Sort Space Type": "Memory", "Plans": [{"Node Type": "Nested Loop", "Parent Relationship": "Outer", "Join Type": "Inner", "Startup Cost": 0.0, "Total Cost": 509766.04, "Plan Rows": 259666, "Plan Width": 32, "Actual Startup Time": 0.045, "Actual Total Time": 1882.267, "Actual Rows": 434204, "Actual Loops": 1, "Inner Unique": false, "Plans": [{"Node Type": "Seq Scan", "Parent Relationship": "Outer", "Relation Name": "part", "Alias": "part", "Startup Cost": 0.0, "Total Cost": 66944.0, "Plan Rows": 89888, "Plan Width": 8, "Actual Startup Time": 0.03, "Actual Total Time": 1006.229, "Actual Rows": 108551, "Actual Loops": 1, "Filter": "((p_name)::text ~~ '%dim%'::text)", "Rows Removed by Filter": 1891449}, {"Node Type": "Index Scan", "Parent Relationship": "Inner", "Scan Direction": "Forward", "Index Name": "idx_partsupp_partkey", "Relation Name": "partsupp", "Alias": "partsupp", "Startup Cost": 0.0, "Total Cost": 4.9, "Plan Rows": 3, "Plan Width": 24, "Actual Startup Time": 489.343, "Actual Total Time": 723.306, "Actual Rows": 434204, "Actual Loops": 108551, "Index Cond": "(ps_partkey = part.p_partkey)", "Rows Removed by Index Recheck": 0}]}]}]}, {"Node Type": "Index Scan", "Parent Relationship": "Inner", "Scan Direction": "Forward", "Index Name": "idx_lineitem_part_supp", "Relation Name": "lineitem", "Alias": "lineitem", "Startup Cost": 0.0, "Total Cost": 1.13, "Plan Rows": 1, "Plan Width": 48, "Actual Startup Time": 4085.211, "Actual Total Time": 11672.34, "Actual Rows": 3256948, "Actual Loops": 434204, "Index Cond": "((l_partkey = partsupp.ps_partkey) AND (l_suppkey = partsupp.ps_suppkey))", "Rows Removed by Index Recheck": 0}]}, {"Node Type": "Index Scan", "Parent Relationship": "Inner", "Scan Direction": "Forward", "Index Name": "orders_pkey", "Relation Name": "orders", "Alias": "orders", "Startup Cost": 0.0, "Total Cost": 0.29, "Plan Rows": 1, "Plan Width": 16, "Actual Startup Time": 24084.564, "Actual Total Time": 24084.564, "Actual Rows": 3256948, "Actual Loops": 3256948, "Index Cond": "(o_orderkey = lineitem.l_orderkey)", "Rows Removed by Index Recheck": 0}]}, {"Node Type": "Index Scan", "Parent Relationship": "Inner", "Scan Direction": "Forward", "Index Name": "nation_pkey", "Relation Name": "nation", "Alias": "nation", "Startup Cost": 0.0, "Total Cost": 0.27, "Plan Rows": 1, "Plan Width": 30, "Actual Startup Time": 4497.813, "Actual Total Time": 4497.813, "Actual Rows": 3256948, "Actual Loops": 3256948, "Index Cond": "(n_nationkey = supplier.s_nationkey)", "Rows Removed by Index Recheck": 0}]}]}]}, "Triggers": [], "Planner Runtime": 32.019, "Total Runtime": 55341.401, "Unique SQL Id": 3628361425}}, "(16, 29)": {"explain_plan": {"Plan": {"Node Type": "Sort", "Startup Cost": 723866.18, "Total Cost": 723866.19, "Plan Rows": 1, "Plan Width": 74, "Sort Key": ["nation.n_name", "(date_part('year'::text, orders.o_orderdate)) DESC"], "Plans": [{"Node Type": "Aggregate", "Strategy": "Hashed", "Parent Relationship": "Outer", "Startup Cost": 723866.16, "Total Cost": 723866.17, "Plan Rows": 1, "Plan Width": 74, "Group By Key": ["nation.n_name", "date_part('year'::text, orders.o_orderdate)"], "Plans": [{"Node Type": "Nested Loop", "Parent Relationship": "Outer", "Join Type": "Inner", "Startup Cost": 571977.46, "Total Cost": 723866.14, "Plan Rows": 1, "Plan Width": 66, "Inner Unique": true, "Plans": [{"Node Type": "Nested Loop", "Parent Relationship": "Outer", "Join Type": "Inner", "Startup Cost": 571977.46, "Total Cost": 723865.86, "Plan Rows": 1, "Plan Width": 44, "Inner Unique": true, "Plans": [{"Node Type": "Nested Loop", "Parent Relationship": "Outer", "Join Type": "Inner", "Startup Cost": 571977.46, "Total Cost": 723865.56, "Plan Rows": 1, "Plan Width": 44, "Inner Unique": false, "Join Filter": "(supplier.s_suppkey = lineitem.l_suppkey)", "Plans": [{"Node Type": "Merge Join", "Parent Relationship": "Outer", "Join Type": "Inner", "Startup Cost": 571977.46, "Total Cost": 580116.55, "Plan Rows": 125630, "Plan Width": 44, "Inner Unique": false, "Merge Cond": "(supplier.s_suppkey = partsupp.ps_suppkey)", "Plans": [{"Node Type": "Index Scan", "Parent Relationship": "Outer", "Scan Direction": "Forward", "Index Name": "supplier_pkey", "Relation Name": "supplier", "Alias": "supplier", "Startup Cost": 0.0, "Total Cost": 5334.54, "Plan Rows": 100000, "Plan Width": 12}, {"Node Type": "Sort", "Parent Relationship": "Inner", "Startup Cost": 571977.44, "Total Cost": 572626.61, "Plan Rows": 259666, "Plan Width": 32, "Sort Key": ["partsupp.ps_suppkey"], "Plans": [{"Node Type": "Nested Loop", "Parent Relationship": "Outer", "Join Type": "Inner", "Startup Cost": 0.0, "Total Cost": 548625.29, "Plan Rows": 259666, "Plan Width": 32, "Inner Unique": false, "Plans": [{"Node Type": "Index Scan", "Parent Relationship": "Outer", "Scan Direction": "Forward", "Index Name": "part_kpey", "Relation Name": "part", "Alias": "part", "Startup Cost": 0.0, "Total Cost": 105803.25, "Plan Rows": 89888, "Plan Width": 8, "Filter": "((p_name)::text ~~ '%dim%'::text)"}, {"Node Type": "Index Scan", "Parent Relationship": "Inner", "Scan Direction": "Forward", "Index Name": "idx_partsupp_partkey", "Relation Name": "partsupp", "Alias": "partsupp", "Startup Cost": 0.0, "Total Cost": 4.9, "Plan Rows": 3, "Plan Width": 24, "Index Cond": "(ps_partkey = part.p_partkey)"}]}]}]}, {"Node Type": "Index Scan", "Parent Relationship": "Inner", "Scan Direction": "Forward", "Index Name": "idx_lineitem_part_supp", "Relation Name": "lineitem", "Alias": "lineitem", "Startup Cost": 0.0, "Total Cost": 1.13, "Plan Rows": 1, "Plan Width": 48, "Index Cond": "((l_partkey = partsupp.ps_partkey) AND (l_suppkey = partsupp.ps_suppkey))"}]}, {"Node Type": "Index Scan", "Parent Relationship": "Inner", "Scan Direction": "Forward", "Index Name": "orders_pkey", "Relation Name": "orders", "Alias": "orders", "Startup Cost": 0.0, "Total Cost": 0.29, "Plan Rows": 1, "Plan Width": 16, "Index Cond": "(o_orderkey = lineitem.l_orderkey)"}]}, {"Node Type": "Index Scan", "Parent Relationship": "Inner", "Scan Direction": "Forward", "Index Name": "nation_pkey", "Relation Name": "nation", "Alias": "nation", "Startup Cost": 0.0, "Total Cost": 0.27, "Plan Rows": 1, "Plan Width": 30, "Index Cond": "(n_nationkey = supplier.s_nationkey)"}]}]}]}, "Unique SQL Id": 3628361425}, "explain_analyze_plan": {"Plan": {"Node Type": "Sort", "Startup Cost": 723866.18, "Total Cost": 723866.19, "Plan Rows": 1, "Plan Width": 74, "Actual Startup Time": 55583.76, "Actual Total Time": 55583.773, "Actual Rows": 175, "Actual Loops": 1, "Sort Key": ["nation.n_name", "(date_part('year'::text, orders.o_orderdate)) DESC"], "Sort Method": "quicksort", "Sort Space Used": 52, "Sort Space Type": "Memory", "Plans": [{"Node Type": "Aggregate", "Strategy": "Hashed", "Parent Relationship": "Outer", "Startup Cost": 723866.16, "Total Cost": 723866.17, "Plan Rows": 1, "Plan Width": 74, "Actual Startup Time": 55583.396, "Actual Total Time": 55583.435, "Actual Rows": 175, "Actual Loops": 1, "Group By Key": ["nation.n_name", "date_part('year'::text, orders.o_orderdate)"], "Plans": [{"Node Type": "Nested Loop", "Parent Relationship": "Outer", "Join Type": "Inner", "Startup Cost": 571977.46, "Total Cost": 723866.14, "Plan Rows": 1, "Plan Width": 66, "Actual Startup Time": 2808.856, "Actual Total Time": 51760.642, "Actual Rows": 3256948, "Actual Loops": 1, "Inner Unique": true, "Plans": [{"Node Type": "Nested Loop", "Parent Relationship": "Outer", "Join Type": "Inner", "Startup Cost": 571977.46, "Total Cost": 723865.86, "Plan Rows": 1, "Plan Width": 44, "Actual Startup Time": 2808.828, "Actual Total Time": 43212.092, "Actual Rows": 3256948, "Actual Loops": 1, "Inner Unique": true, "Plans": [{"Node Type": "Nested Loop", "Parent Relationship": "Outer", "Join Type": "Inner", "Startup Cost": 571977.46, "Total Cost": 723865.56, "Plan Rows": 1, "Plan Width": 44, "Actual Startup Time": 2808.805, "Actual Total Time": 16560.708, "Actual Rows": 3256948, "Actual Loops": 1, "Inner Unique": false, "Join Filter": "(supplier.s_suppkey = lineitem.l_suppkey)", "Rows Removed by Join Filter": 0, "Plans": [{"Node Type": "Merge Join", "Parent Relationship": "Outer", "Join Type": "Inner", "Startup Cost": 571977.46, "Total Cost": 580116.55, "Plan Rows": 125630, "Plan Width": 44, "Actual Startup Time": 2808.735, "Actual Total Time": 3299.844, "Actual Rows": 434204, "Actual Loops": 1, "Inner Unique": false, "Merge Cond": "(supplier.s_suppkey = partsupp.ps_suppkey)", "Plans": [{"Node Type": "Index Scan", "Parent Relationship": "Outer", "Scan Direction": "Forward", "Index Name": "supplier_pkey", "Relation Name": "supplier", "Alias": "supplier", "Startup Cost": 0.0, "Total Cost": 5334.54, "Plan Rows": 100000, "Plan Width": 12, "Actual Startup Time": 0.022, "Actual Total Time": 83.749, "Actual Rows": 100000, "Actual Loops": 1}, {"Node Type": "Sort", "Parent Relationship": "Inner", "Startup Cost": 571977.44, "Total Cost": 572626.61, "Plan Rows": 259666, "Plan Width": 32, "Actual Startup Time": 2808.699, "Actual Total Time": 2974.298, "Actual Rows": 434204, "Actual Loops": 1, "Sort Key": ["partsupp.ps_suppkey"], "Sort Method": "quicksort", "Sort Space Used": 52995, "Sort Space Type": "Memory", "Plans": [{"Node Type": "Nested Loop", "Parent Relationship": "Outer", "Join Type": "Inner", "Startup Cost": 0.0, "Total Cost": 548625.29, "Plan Rows": 259666, "Plan Width": 32, "Actual Startup Time": 0.042, "Actual Total Time": 2632.402, "Actual Rows": 434204, "Actual Loops": 1, "Inner Unique": false, "Plans": [{"Node Type": "Index Scan", "Parent Relationship": "Outer", "Scan Direction": "Forward", "Index Name": "part_kpey", "Relation Name": "part", "Alias": "part", "Startup Cost": 0.0, "Total Cost": 105803.25, "Plan Rows": 89888, "Plan Width": 8, "Actual Startup Time": 0.031, "Actual Total Time": 1675.35, "Actual Rows": 108551, "Actual Loops": 1, "Filter": "((p_name)::text ~~ '%dim%'::text)", "Rows Removed by Filter": 1891449}, {"Node Type": "Index Scan", "Parent Relationship": "Inner", "Scan Direction": "Forward", "Index Name": "idx_partsupp_partkey", "Relation Name": "partsupp", "Alias": "partsupp", "Startup Cost": 0.0, "Total Cost": 4.9, "Plan Rows": 3, "Plan Width": 24, "Actual Startup Time": 572.91, "Actual Total Time": 805.279, "Actual Rows": 434204, "Actual Loops": 108551, "Index Cond": "(ps_partkey = part.p_partkey)", "Rows Removed by Index Recheck": 0}]}]}]}, {"Node Type": "Index Scan", "Parent Relationship": "Inner", "Scan Direction": "Forward", "Index Name": "idx_lineitem_part_supp", "Relation Name": "lineitem", "Alias": "lineitem", "Startup Cost": 0.0, "Total Cost": 1.13, "Plan Rows": 1, "Plan Width": 48, "Actual Startup Time": 4004.802, "Actual Total Time": 11561.981, "Actual Rows": 3256948, "Actual Loops": 434204, "Index Cond": "((l_partkey = partsupp.ps_partkey) AND (l_suppkey = partsupp.ps_suppkey))", "Rows Removed by Index Recheck": 0}]}, {"Node Type": "Index Scan", "Parent Relationship": "Inner", "Scan Direction": "Forward", "Index Name": "orders_pkey", "Relation Name": "orders", "Alias": "orders", "Startup Cost": 0.0, "Total Cost": 0.29, "Plan Rows": 1, "Plan Width": 16, "Actual Startup Time": 23856.312, "Actual Total Time": 23856.312, "Actual Rows": 3256948, "Actual Loops": 3256948, "Index Cond": "(o_orderkey = lineitem.l_orderkey)", "Rows Removed by Index Recheck": 0}]}, {"Node Type": "Index Scan", "Parent Relationship": "Inner", "Scan Direction": "Forward", "Index Name": "nation_pkey", "Relation Name": "nation", "Alias": "nation", "Startup Cost": 0.0, "Total Cost": 0.27, "Plan Rows": 1, "Plan Width": 30, "Actual Startup Time": 4471.7, "Actual Total Time": 4471.7, "Actual Rows": 3256948, "Actual Loops": 3256948, "Index Cond": "(n_nationkey = supplier.s_nationkey)", "Rows Removed by Index Recheck": 0}]}]}]}, "Triggers": [], "Planner Runtime": 30.808, "Total Runtime": 55584.12, "Unique SQL Id": 3628361425}}, "(16, 30)": {"explain_plan": {"Plan": {"Node Type": "Sort", "Startup Cost": 12011186.71, "Total Cost": 12011186.71, "Plan Rows": 1, "Plan Width": 74, "Sort Key": ["nation.n_name", "(date_part('year'::text, orders.o_orderdate)) DESC"], "Plans": [{"Node Type": "Aggregate", "Strategy": "Hashed", "Parent Relationship": "Outer", "Startup Cost": 12011186.68, "Total Cost": 12011186.7, "Plan Rows": 1, "Plan Width": 74, "Group By Key": ["nation.n_name", "date_part('year'::text, orders.o_orderdate)"], "Plans": [{"Node Type": "Nested Loop", "Parent Relationship": "Outer", "Join Type": "Inner", "Startup Cost": 11026521.48, "Total Cost": 12011186.67, "Plan Rows": 1, "Plan Width": 66, "Inner Unique": true, "Join Filter": "(supplier.s_nationkey = nation.n_nationkey)", "Plans": [{"Node Type": "Nested Loop", "Parent Relationship": "Outer", "Join Type": "Inner", "Startup Cost": 11026521.48, "Total Cost": 12011185.1, "Plan Rows": 1, "Plan Width": 44, "Inner Unique": true, "Join Filter": "(lineitem.l_orderkey = orders.o_orderkey)", "Plans": [{"Node Type": "Nested Loop", "Parent Relationship": "Outer", "Join Type": "Inner", "Startup Cost": 11026521.48, "Total Cost": 11397277.82, "Plan Rows": 1, "Plan Width": 44, "Inner Unique": false, "Join Filter": "(lineitem.l_suppkey = supplier.s_suppkey)", "Plans": [{"Node Type": "Seq Scan", "Parent Relationship": "Outer", "Relation Name": "supplier", "Alias": "supplier", "Startup Cost": 0.0, "Total Cost": 3283.0, "Plan Rows": 100000, "Plan Width": 12}, {"Node Type": "Materialize", "Parent Relationship": "Inner", "Startup Cost": 11026521.48, "Total Cost": 11390994.83, "Plan Rows": 2, "Plan Width": 56, "Plans": [{"Node Type": "Merge Join", "Parent Relationship": "Outer", "Join Type": "Inner", "Startup Cost": 11026521.48, "Total Cost": 11390994.82, "Plan Rows": 2, "Plan Width": 56, "Inner Unique": true, "Merge Cond": "(lineitem.l_partkey = partsupp.ps_partkey)", "Join Filter": "(lineitem.l_suppkey = partsupp.ps_suppkey)", "Plans": [{"Node Type": "Merge Join", "Parent Relationship": "Outer", "Join Type": "Inner", "Startup Cost": 9839224.25, "Total Cost": 10144564.49, "Plan Rows": 495566, "Plan Width": 56, "Inner Unique": false, "Merge Cond": "(part.p_partkey = lineitem.l_partkey)", "Plans": [{"Node Type": "Sort", "Parent Relationship": "Outer", "Startup Cost": 74339.91, "Total Cost": 74564.63, "Plan Rows": 89888, "Plan Width": 8, "Sort Key": ["part.p_partkey"], "Plans": [{"Node Type": "Seq Scan", "Parent Relationship": "Outer", "Relation Name": "part", "Alias": "part", "Startup Cost": 0.0, "Total Cost": 66944.0, "Plan Rows": 89888, "Plan Width": 8, "Filter": "((p_name)::text ~~ '%dim%'::text)"}]}, {"Node Type": "Sort", "Parent Relationship": "Inner", "Startup Cost": 9764884.32, "Total Cost": 9914851.9, "Plan Rows": 59987033, "Plan Width": 48, "Sort Key": ["lineitem.l_partkey"], "Plans": [{"Node Type": "Seq Scan", "Parent Relationship": "Outer", "Relation Name": "lineitem", "Alias": "lineitem", "Startup Cost": 0.0, "Total Cost": 2015115.33, "Plan Rows": 59987033, "Plan Width": 48}]}]}, {"Node Type": "Sort", "Parent Relationship": "Inner", "Startup Cost": 1187295.8, "Total Cost": 1207296.73, "Plan Rows": 8000372, "Plan Width": 24, "Sort Key": ["partsupp.ps_partkey"], "Plans": [{"Node Type": "Seq Scan", "Parent Relationship": "Outer", "Relation Name": "partsupp", "Alias": "partsupp", "Startup Cost": 0.0, "Total Cost": 269987.72, "Plan Rows": 8000372, "Plan Width": 24}]}]}]}]}, {"Node Type": "Seq Scan", "Parent Relationship": "Inner", "Relation Name": "orders", "Alias": "orders", "Startup Cost": 0.0, "Total Cost": 426413.79, "Plan Rows": 14999479, "Plan Width": 16}]}, {"Node Type": "Seq Scan", "Parent Relationship": "Inner", "Relation Name": "nation", "Alias": "nation", "Startup Cost": 0.0, "Total Cost": 1.25, "Plan Rows": 25, "Plan Width": 30}]}]}]}, "Unique SQL Id": 3628361425}, "explain_analyze_plan": null}, "(16, 31)": {"explain_plan": {"Plan": {"Node Type": "Sort", "Startup Cost": 6000839471774.72, "Total Cost": 6000839471774.72, "Plan Rows": 1, "Plan Width": 74, "Sort Key": ["nation.n_name", "(date_part('year'::text, orders.o_orderdate)) DESC"], "Plans": [{"Node Type": "Aggregate", "Strategy": "Hashed", "Parent Relationship": "Outer", "Startup Cost": 6000839471774.69, "Total Cost": 6000839471774.71, "Plan Rows": 1, "Plan Width": 74, "Group By Key": ["nation.n_name", "date_part('year'::text, orders.o_orderdate)"], "Plans": [{"Node Type": "Nested Loop", "Parent Relationship": "Outer", "Join Type": "Inner", "Startup Cost": 60035393416.8, "Total Cost": 6000839471774.68, "Plan Rows": 1, "Plan Width": 66, "Inner Unique": true, "Plans": [{"Node Type": "Merge Join", "Parent Relationship": "Outer", "Join Type": "Inner", "Startup Cost": 50035393416.8, "Total Cost": 5000839471745.44, "Plan Rows": 1, "Plan Width": 66, "Inner Unique": true, "Merge Cond": "(partsupp.ps_partkey = part.p_partkey)", "Plans": [{"Node Type": "Nested Loop", "Parent Relationship": "Outer", "Join Type": "Inner", "Startup Cost": 40035393416.8, "Total Cost": 4000828891195.69, "Plan Rows": 6, "Plan Width": 82, "Inner Unique": true, "Join Filter": "(supplier.s_nationkey = nation.n_nationkey)", "Plans": [{"Node Type": "Nested Loop", "Parent Relationship": "Outer", "Join Type": "Inner", "Startup Cost": 30035393416.8, "Total Cost": 3000828889930.88, "Plan Rows": 6, "Plan Width": 60, "Inner Unique": true, "Join Filter": "(lineitem.l_suppkey = supplier.s_suppkey)", "Plans": [{"Node Type": "Merge Join", "Parent Relationship": "Outer", "Join Type": "Inner", "Startup Cost": 20035393416.8, "Total Cost": 2000828314226.5, "Plan Rows": 28, "Plan Width": 72, "Inner Unique": true, "Merge Cond": "((lineitem.l_partkey = partsupp.ps_partkey) AND (lineitem.l_suppkey = partsupp.ps_suppkey))", "Plans": [{"Node Type": "Index Scan", "Parent Relationship": "Outer", "Scan Direction": "Forward", "Index Name": "idx_lineitem_part_supp", "Relation Name": "lineitem", "Alias": "lineitem", "Startup Cost": 10000000000.0, "Total Cost": 1000775391319.64, "Plan Rows": 59987033, "Plan Width": 48}, {"Node Type": "Index Scan", "Parent Relationship": "Inner", "Scan Direction": "Forward", "Index Name": "partsupp_pkey", "Relation Name": "partsupp", "Alias": "partsupp", "Startup Cost": 10000000000.0, "Total Cost": 1000071640963.22, "Plan Rows": 8000372, "Plan Width": 24}]}, {"Node Type": "Materialize", "Parent Relationship": "Inner", "Startup Cost": 10000000000.0, "Total Cost": 1000000533954.38, "Plan Rows": 100000, "Plan Width": 12, "Plans": [{"Node Type": "Index Scan", "Parent Relationship": "Outer", "Scan Direction": "Forward", "Index Name": "supplier_pkey", "Relation Name": "supplier", "Alias": "supplier", "Startup Cost": 10000000000.0, "Total Cost": 1000000533454.38, "Plan Rows": 100000, "Plan Width": 12}]}]}, {"Node Type": "Materialize", "Parent Relationship": "Inner", "Startup Cost": 10000000000.0, "Total Cost": 1000000001262.62, "Plan Rows": 25, "Plan Width": 30, "Plans": [{"Node Type": "Index Scan", "Parent Relationship": "Outer", "Scan Direction": "Forward", "Index Name": "nation_pkey", "Relation Name": "nation", "Alias": "nation", "Startup Cost": 10000000000.0, "Total Cost": 1000000001262.5, "Plan Rows": 25, "Plan Width": 30}]}]}, {"Node Type": "Index Scan", "Parent Relationship": "Inner", "Scan Direction": "Forward", "Index Name": "part_kpey", "Relation Name": "part", "Alias": "part", "Startup Cost": 10000000000.0, "Total Cost": 1000010580325.0, "Plan Rows": 89888, "Plan Width": 8, "Filter": "((p_name)::text ~~ '%dim%'::text)"}]}, {"Node Type": "Index Scan", "Parent Relationship": "Inner", "Scan Direction": "Forward", "Index Name": "orders_pkey", "Relation Name": "orders", "Alias": "orders", "Startup Cost": 10000000000.0, "Total Cost": 1000000000029.23, "Plan Rows": 1, "Plan Width": 16, "Index Cond": "(o_orderkey = lineitem.l_orderkey)"}]}]}]}, "Unique SQL Id": 3628361425}, "explain_analyze_plan": null}, "(16, 32)": {"explain_plan": {"Plan": {"Node Type": "Sort", "Startup Cost": 521166.05, "Total Cost": 521166.06, "Plan Rows": 1, "Plan Width": 74, "Sort Key": ["nation.n_name", "(date_part('year'::text, orders.o_orderdate)) DESC"], "Plans": [{"Node Type": "Aggregate", "Strategy": "Hashed", "Parent Relationship": "Outer", "Startup Cost": 521166.03, "Total Cost": 521166.04, "Plan Rows": 1, "Plan Width": 74, "Group By Key": ["nation.n_name", "date_part('year'::text, orders.o_orderdate)"], "Plans": [{"Node Type": "Nested Loop", "Parent Relationship": "Outer", "Join Type": "Inner", "Startup Cost": 72600.6, "Total Cost": 521166.01, "Plan Rows": 1, "Plan Width": 66, "Inner Unique": true, "Plans": [{"Node Type": "Nested Loop", "Parent Relationship": "Outer", "Join Type": "Inner", "Startup Cost": 72600.6, "Total Cost": 521165.73, "Plan Rows": 1, "Plan Width": 44, "Inner Unique": true, "Plans": [{"Node Type": "Nested Loop", "Parent Relationship": "Outer", "Join Type": "Inner", "Startup Cost": 72600.6, "Total Cost": 521165.43, "Plan Rows": 1, "Plan Width": 44, "Inner Unique": false, "Join Filter": "(supplier.s_suppkey = lineitem.l_suppkey)", "Plans": [{"Node Type": "Hash Join", "Parent Relationship": "Outer", "Join Type": "Inner", "Startup Cost": 72600.6, "Total Cost": 377416.42, "Plan Rows": 125630, "Plan Width": 44, "Inner Unique": true, "Hash Cond": "(partsupp.ps_suppkey = supplier.s_suppkey), (LLVM Optimized)", "Plans": [{"Node Type": "Hash Join", "Parent Relationship": "Outer", "Join Type": "Inner", "Startup Cost": 68067.6, "Total Cost": 370653.38, "Plan Rows": 259666, "Plan Width": 32, "Inner Unique": true, "Hash Cond": "(partsupp.ps_partkey = part.p_partkey), (LLVM Optimized)", "Plans": [{"Node Type": "Seq Scan", "Parent Relationship": "Outer", "Relation Name": "partsupp", "Alias": "partsupp", "Startup Cost": 0.0, "Total Cost": 269987.72, "Plan Rows": 8000372, "Plan Width": 24}, {"Node Type": "Hash", "Parent Relationship": "Inner", "Startup Cost": 66944.0, "Total Cost": 66944.0, "Plan Rows": 89888, "Plan Width": 8, "Plans": [{"Node Type": "Seq Scan", "Parent Relationship": "Outer", "Relation Name": "part", "Alias": "part", "Startup Cost": 0.0, "Total Cost": 66944.0, "Plan Rows": 89888, "Plan Width": 8, "Filter": "((p_name)::text ~~ '%dim%'::text)"}]}]}, {"Node Type": "Hash", "Parent Relationship": "Inner", "Startup Cost": 3283.0, "Total Cost": 3283.0, "Plan Rows": 100000, "Plan Width": 12, "Plans": [{"Node Type": "Seq Scan", "Parent Relationship": "Outer", "Relation Name": "supplier", "Alias": "supplier", "Startup Cost": 0.0, "Total Cost": 3283.0, "Plan Rows": 100000, "Plan Width": 12}]}]}, {"Node Type": "Index Scan", "Parent Relationship": "Inner", "Scan Direction": "Forward", "Index Name": "idx_lineitem_part_supp", "Relation Name": "lineitem", "Alias": "lineitem", "Startup Cost": 0.0, "Total Cost": 1.13, "Plan Rows": 1, "Plan Width": 48, "Index Cond": "((l_partkey = partsupp.ps_partkey) AND (l_suppkey = partsupp.ps_suppkey))"}]}, {"Node Type": "Index Scan", "Parent Relationship": "Inner", "Scan Direction": "Forward", "Index Name": "orders_pkey", "Relation Name": "orders", "Alias": "orders", "Startup Cost": 0.0, "Total Cost": 0.29, "Plan Rows": 1, "Plan Width": 16, "Index Cond": "(o_orderkey = lineitem.l_orderkey)"}]}, {"Node Type": "Index Scan", "Parent Relationship": "Inner", "Scan Direction": "Forward", "Index Name": "nation_pkey", "Relation Name": "nation", "Alias": "nation", "Startup Cost": 0.0, "Total Cost": 0.27, "Plan Rows": 1, "Plan Width": 30, "Index Cond": "(n_nationkey = supplier.s_nationkey)"}]}]}]}, "Unique SQL Id": 3628361425}, "explain_analyze_plan": {"Plan": {"Node Type": "Sort", "Startup Cost": 521166.05, "Total Cost": 521166.06, "Plan Rows": 1, "Plan Width": 74, "Actual Startup Time": 58612.397, "Actual Total Time": 58612.409, "Actual Rows": 175, "Actual Loops": 1, "Sort Key": ["nation.n_name", "(date_part('year'::text, orders.o_orderdate)) DESC"], "Sort Method": "quicksort", "Sort Space Used": 52, "Sort Space Type": "Memory", "Plans": [{"Node Type": "Aggregate", "Strategy": "Hashed", "Parent Relationship": "Outer", "Startup Cost": 521166.03, "Total Cost": 521166.04, "Plan Rows": 1, "Plan Width": 74, "Actual Startup Time": 58611.995, "Actual Total Time": 58612.032, "Actual Rows": 175, "Actual Loops": 1, "Group By Key": ["nation.n_name", "date_part('year'::text, orders.o_orderdate)"], "Plans": [{"Node Type": "Nested Loop", "Parent Relationship": "Outer", "Join Type": "Inner", "Startup Cost": 72600.6, "Total Cost": 521166.01, "Plan Rows": 1, "Plan Width": 66, "Actual Startup Time": 1104.953, "Actual Total Time": 54814.063, "Actual Rows": 3256948, "Actual Loops": 1, "Inner Unique": true, "Plans": [{"Node Type": "Nested Loop", "Parent Relationship": "Outer", "Join Type": "Inner", "Startup Cost": 72600.6, "Total Cost": 521165.73, "Plan Rows": 1, "Plan Width": 44, "Actual Startup Time": 1104.916, "Actual Total Time": 46326.692, "Actual Rows": 3256948, "Actual Loops": 1, "Inner Unique": true, "Plans": [{"Node Type": "Nested Loop", "Parent Relationship": "Outer", "Join Type": "Inner", "Startup Cost": 72600.6, "Total Cost": 521165.43, "Plan Rows": 1, "Plan Width": 44, "Actual Startup Time": 1104.891, "Actual Total Time": 18807.178, "Actual Rows": 3256948, "Actual Loops": 1, "Inner Unique": false, "Join Filter": "(supplier.s_suppkey = lineitem.l_suppkey)", "Rows Removed by Join Filter": 0, "Plans": [{"Node Type": "Hash Join", "Parent Relationship": "Outer", "Join Type": "Inner", "Startup Cost": 72600.6, "Total Cost": 377416.42, "Plan Rows": 125630, "Plan Width": 44, "Actual Startup Time": 1104.824, "Actual Total Time": 6240.661, "Actual Rows": 434204, "Actual Loops": 1, "Inner Unique": true, "Hash Cond": "(partsupp.ps_suppkey = supplier.s_suppkey), (LLVM Optimized, Jit Execute)", "Plans": [{"Node Type": "Hash Join", "Parent Relationship": "Outer", "Join Type": "Inner", "Startup Cost": 68067.6, "Total Cost": 370653.38, "Plan Rows": 259666, "Plan Width": 32, "Actual Startup Time": 1036.673, "Actual Total Time": 5757.994, "Actual Rows": 434204, "Actual Loops": 1, "Inner Unique": true, "Hash Cond": "(partsupp.ps_partkey = part.p_partkey), (LLVM Optimized, Jit Execute)", "Plans": [{"Node Type": "Seq Scan", "Parent Relationship": "Outer", "Relation Name": "partsupp", "Alias": "partsupp", "Startup Cost": 0.0, "Total Cost": 269987.72, "Plan Rows": 8000372, "Plan Width": 24, "Actual Startup Time": 0.025, "Actual Total Time": 2548.053, "Actual Rows": 8000000, "Actual Loops": 1}, {"Node Type": "Hash", "Parent Relationship": "Inner", "Startup Cost": 66944.0, "Total Cost": 66944.0, "Plan Rows": 89888, "Plan Width": 8, "Actual Startup Time": 1036.439, "Actual Total Time": 1036.439, "Actual Rows": 108551, "Actual Loops": 1, "Hash Buckets": 131072, "Hash Batches": 1, "Original Hash Batches": 1, "Peak Memory Usage": 4241, "Plans": [{"Node Type": "Seq Scan", "Parent Relationship": "Outer", "Relation Name": "part", "Alias": "part", "Startup Cost": 0.0, "Total Cost": 66944.0, "Plan Rows": 89888, "Plan Width": 8, "Actual Startup Time": 0.035, "Actual Total Time": 998.743, "Actual Rows": 108551, "Actual Loops": 1, "Filter": "((p_name)::text ~~ '%dim%'::text)", "Rows Removed by Filter": 1891449}]}]}, {"Node Type": "Hash", "Parent Relationship": "Inner", "Startup Cost": 3283.0, "Total Cost": 3283.0, "Plan Rows": 100000, "Plan Width": 12, "Actual Startup Time": 67.975, "Actual Total Time": 67.975, "Actual Rows": 100000, "Actual Loops": 1, "Hash Buckets": 131072, "Hash Batches": 1, "Original Hash Batches": 1, "Peak Memory Usage": 4297, "Plans": [{"Node Type": "Seq Scan", "Parent Relationship": "Outer", "Relation Name": "supplier", "Alias": "supplier", "Startup Cost": 0.0, "Total Cost": 3283.0, "Plan Rows": 100000, "Plan Width": 12, "Actual Startup Time": 0.02, "Actual Total Time": 39.334, "Actual Rows": 100000, "Actual Loops": 1}]}]}, {"Node Type": "Index Scan", "Parent Relationship": "Inner", "Scan Direction": "Forward", "Index Name": "idx_lineitem_part_supp", "Relation Name": "lineitem", "Alias": "lineitem", "Startup Cost": 0.0, "Total Cost": 1.13, "Plan Rows": 1, "Plan Width": 48, "Actual Startup Time": 3206.079, "Actual Total Time": 10926.206, "Actual Rows": 3256948, "Actual Loops": 434204, "Index Cond": "((l_partkey = partsupp.ps_partkey) AND (l_suppkey = partsupp.ps_suppkey))", "Rows Removed by Index Recheck": 0}]}, {"Node Type": "Index Scan", "Parent Relationship": "Inner", "Scan Direction": "Forward", "Index Name": "orders_pkey", "Relation Name": "orders", "Alias": "orders", "Startup Cost": 0.0, "Total Cost": 0.29, "Plan Rows": 1, "Plan Width": 16, "Actual Startup Time": 24822.179, "Actual Total Time": 24822.179, "Actual Rows": 3256948, "Actual Loops": 3256948, "Index Cond": "(o_orderkey = lineitem.l_orderkey)", "Rows Removed by Index Recheck": 0}]}, {"Node Type": "Index Scan", "Parent Relationship": "Inner", "Scan Direction": "Forward", "Index Name": "nation_pkey", "Relation Name": "nation", "Alias": "nation", "Startup Cost": 0.0, "Total Cost": 0.27, "Plan Rows": 1, "Plan Width": 30, "Actual Startup Time": 4488.603, "Actual Total Time": 4488.603, "Actual Rows": 3256948, "Actual Loops": 3256948, "Index Cond": "(n_nationkey = supplier.s_nationkey)", "Rows Removed by Index Recheck": 0}]}]}]}, "Triggers": [], "Planner Runtime": 34.971, "Total Runtime": 58621.827, "Unique SQL Id": 3628361425}}, "(16, 33)": {"explain_plan": {"Plan": {"Node Type": "Sort", "Startup Cost": 701189.51, "Total Cost": 701189.52, "Plan Rows": 1, "Plan Width": 74, "Sort Key": ["nation.n_name", "(date_part('year'::text, orders.o_orderdate)) DESC"], "Plans": [{"Node Type": "Aggregate", "Strategy": "Hashed", "Parent Relationship": "Outer", "Startup Cost": 701189.49, "Total Cost": 701189.5, "Plan Rows": 1, "Plan Width": 74, "Group By Key": ["nation.n_name", "date_part('year'::text, orders.o_orderdate)"], "Plans": [{"Node Type": "Nested Loop", "Parent Relationship": "Outer", "Join Type": "Inner", "Startup Cost": 6584.54, "Total Cost": 701189.47, "Plan Rows": 1, "Plan Width": 66, "Inner Unique": true, "Plans": [{"Node Type": "Nested Loop", "Parent Relationship": "Outer", "Join Type": "Inner", "Startup Cost": 6584.54, "Total Cost": 701189.19, "Plan Rows": 1, "Plan Width": 44, "Inner Unique": true, "Plans": [{"Node Type": "Nested Loop", "Parent Relationship": "Outer", "Join Type": "Inner", "Startup Cost": 6584.54, "Total Cost": 701188.89, "Plan Rows": 1, "Plan Width": 44, "Inner Unique": false, "Join Filter": "(supplier.s_suppkey = lineitem.l_suppkey)", "Plans": [{"Node Type": "Hash Join", "Parent Relationship": "Outer", "Join Type": "Inner", "Startup Cost": 6584.54, "Total Cost": 557439.88, "Plan Rows": 125630, "Plan Width": 44, "Inner Unique": true, "Hash Cond": "(partsupp.ps_suppkey = supplier.s_suppkey), (LLVM Optimized)", "Plans": [{"Node Type": "Nested Loop", "Parent Relationship": "Outer", "Join Type": "Inner", "Startup Cost": 0.0, "Total Cost": 548625.29, "Plan Rows": 259666, "Plan Width": 32, "Inner Unique": false, "Plans": [{"Node Type": "Index Scan", "Parent Relationship": "Outer", "Scan Direction": "Forward", "Index Name": "part_kpey", "Relation Name": "part", "Alias": "part", "Startup Cost": 0.0, "Total Cost": 105803.25, "Plan Rows": 89888, "Plan Width": 8, "Filter": "((p_name)::text ~~ '%dim%'::text)"}, {"Node Type": "Index Scan", "Parent Relationship": "Inner", "Scan Direction": "Forward", "Index Name": "idx_partsupp_partkey", "Relation Name": "partsupp", "Alias": "partsupp", "Startup Cost": 0.0, "Total Cost": 4.9, "Plan Rows": 3, "Plan Width": 24, "Index Cond": "(ps_partkey = part.p_partkey)"}]}, {"Node Type": "Hash", "Parent Relationship": "Inner", "Startup Cost": 5334.54, "Total Cost": 5334.54, "Plan Rows": 100000, "Plan Width": 12, "Plans": [{"Node Type": "Index Scan", "Parent Relationship": "Outer", "Scan Direction": "Forward", "Index Name": "supplier_pkey", "Relation Name": "supplier", "Alias": "supplier", "Startup Cost": 0.0, "Total Cost": 5334.54, "Plan Rows": 100000, "Plan Width": 12}]}]}, {"Node Type": "Index Scan", "Parent Relationship": "Inner", "Scan Direction": "Forward", "Index Name": "idx_lineitem_part_supp", "Relation Name": "lineitem", "Alias": "lineitem", "Startup Cost": 0.0, "Total Cost": 1.13, "Plan Rows": 1, "Plan Width": 48, "Index Cond": "((l_partkey = partsupp.ps_partkey) AND (l_suppkey = partsupp.ps_suppkey))"}]}, {"Node Type": "Index Scan", "Parent Relationship": "Inner", "Scan Direction": "Forward", "Index Name": "orders_pkey", "Relation Name": "orders", "Alias": "orders", "Startup Cost": 0.0, "Total Cost": 0.29, "Plan Rows": 1, "Plan Width": 16, "Index Cond": "(o_orderkey = lineitem.l_orderkey)"}]}, {"Node Type": "Index Scan", "Parent Relationship": "Inner", "Scan Direction": "Forward", "Index Name": "nation_pkey", "Relation Name": "nation", "Alias": "nation", "Startup Cost": 0.0, "Total Cost": 0.27, "Plan Rows": 1, "Plan Width": 30, "Index Cond": "(n_nationkey = supplier.s_nationkey)"}]}]}]}, "Unique SQL Id": 3628361425}, "explain_analyze_plan": {"Plan": {"Node Type": "Sort", "Startup Cost": 701189.51, "Total Cost": 701189.52, "Plan Rows": 1, "Plan Width": 74, "Actual Startup Time": 56757.804, "Actual Total Time": 56757.818, "Actual Rows": 175, "Actual Loops": 1, "Sort Key": ["nation.n_name", "(date_part('year'::text, orders.o_orderdate)) DESC"], "Sort Method": "quicksort", "Sort Space Used": 52, "Sort Space Type": "Memory", "Plans": [{"Node Type": "Aggregate", "Strategy": "Hashed", "Parent Relationship": "Outer", "Startup Cost": 701189.49, "Total Cost": 701189.5, "Plan Rows": 1, "Plan Width": 74, "Actual Startup Time": 56757.401, "Actual Total Time": 56757.434, "Actual Rows": 175, "Actual Loops": 1, "Group By Key": ["nation.n_name", "date_part('year'::text, orders.o_orderdate)"], "Plans": [{"Node Type": "Nested Loop", "Parent Relationship": "Outer", "Join Type": "Inner", "Startup Cost": 6584.54, "Total Cost": 701189.47, "Plan Rows": 1, "Plan Width": 66, "Actual Startup Time": 106.399, "Actual Total Time": 52825.55, "Actual Rows": 3256948, "Actual Loops": 1, "Inner Unique": true, "Plans": [{"Node Type": "Nested Loop", "Parent Relationship": "Outer", "Join Type": "Inner", "Startup Cost": 6584.54, "Total Cost": 701189.19, "Plan Rows": 1, "Plan Width": 44, "Actual Startup Time": 106.363, "Actual Total Time": 44002.737, "Actual Rows": 3256948, "Actual Loops": 1, "Inner Unique": true, "Plans": [{"Node Type": "Nested Loop", "Parent Relationship": "Outer", "Join Type": "Inner", "Startup Cost": 6584.54, "Total Cost": 701188.89, "Plan Rows": 1, "Plan Width": 44, "Actual Startup Time": 106.34, "Actual Total Time": 16136.796, "Actual Rows": 3256948, "Actual Loops": 1, "Inner Unique": false, "Join Filter": "(supplier.s_suppkey = lineitem.l_suppkey)", "Rows Removed by Join Filter": 0, "Plans": [{"Node Type": "Hash Join", "Parent Relationship": "Outer", "Join Type": "Inner", "Startup Cost": 6584.54, "Total Cost": 557439.88, "Plan Rows": 125630, "Plan Width": 44, "Actual Startup Time": 106.3, "Actual Total Time": 3477.4, "Actual Rows": 434204, "Actual Loops": 1, "Inner Unique": true, "Hash Cond": "(partsupp.ps_suppkey = supplier.s_suppkey), (LLVM Optimized, Jit Execute)", "Plans": [{"Node Type": "Nested Loop", "Parent Relationship": "Outer", "Join Type": "Inner", "Startup Cost": 0.0, "Total Cost": 548625.29, "Plan Rows": 259666, "Plan Width": 32, "Actual Startup Time": 0.05, "Actual Total Time": 2916.216, "Actual Rows": 434204, "Actual Loops": 1, "Inner Unique": false, "Plans": [{"Node Type": "Index Scan", "Parent Relationship": "Outer", "Scan Direction": "Forward", "Index Name": "part_kpey", "Relation Name": "part", "Alias": "part", "Startup Cost": 0.0, "Total Cost": 105803.25, "Plan Rows": 89888, "Plan Width": 8, "Actual Startup Time": 0.038, "Actual Total Time": 1713.725, "Actual Rows": 108551, "Actual Loops": 1, "Filter": "((p_name)::text ~~ '%dim%'::text)", "Rows Removed by Filter": 1891449}, {"Node Type": "Index Scan", "Parent Relationship": "Inner", "Scan Direction": "Forward", "Index Name": "idx_partsupp_partkey", "Relation Name": "partsupp", "Alias": "partsupp", "Startup Cost": 0.0, "Total Cost": 4.9, "Plan Rows": 3, "Plan Width": 24, "Actual Startup Time": 698.665, "Actual Total Time": 994.397, "Actual Rows": 434204, "Actual Loops": 108551, "Index Cond": "(ps_partkey = part.p_partkey)", "Rows Removed by Index Recheck": 0}]}, {"Node Type": "Hash", "Parent Relationship": "Inner", "Startup Cost": 5334.54, "Total Cost": 5334.54, "Plan Rows": 100000, "Plan Width": 12, "Actual Startup Time": 106.06, "Actual Total Time": 106.06, "Actual Rows": 100000, "Actual Loops": 1, "Hash Buckets": 131072, "Hash Batches": 1, "Original Hash Batches": 1, "Peak Memory Usage": 4297, "Plans": [{"Node Type": "Index Scan", "Parent Relationship": "Outer", "Scan Direction": "Forward", "Index Name": "supplier_pkey", "Relation Name": "supplier", "Alias": "supplier", "Startup Cost": 0.0, "Total Cost": 5334.54, "Plan Rows": 100000, "Plan Width": 12, "Actual Startup Time": 0.019, "Actual Total Time": 76.575, "Actual Rows": 100000, "Actual Loops": 1}]}]}, {"Node Type": "Index Scan", "Parent Relationship": "Inner", "Scan Direction": "Forward", "Index Name": "idx_lineitem_part_supp", "Relation Name": "lineitem", "Alias": "lineitem", "Startup Cost": 0.0, "Total Cost": 1.13, "Plan Rows": 1, "Plan Width": 48, "Actual Startup Time": 3224.162, "Actual Total Time": 11011.239, "Actual Rows": 3256948, "Actual Loops": 434204, "Index Cond": "((l_partkey = partsupp.ps_partkey) AND (l_suppkey = partsupp.ps_suppkey))", "Rows Removed by Index Recheck": 0}]}, {"Node Type": "Index Scan", "Parent Relationship": "Inner", "Scan Direction": "Forward", "Index Name": "orders_pkey", "Relation Name": "orders", "Alias": "orders", "Startup Cost": 0.0, "Total Cost": 0.29, "Plan Rows": 1, "Plan Width": 16, "Actual Startup Time": 25102.62, "Actual Total Time": 25102.62, "Actual Rows": 3256948, "Actual Loops": 3256948, "Index Cond": "(o_orderkey = lineitem.l_orderkey)", "Rows Removed by Index Recheck": 0}]}, {"Node Type": "Index Scan", "Parent Relationship": "Inner", "Scan Direction": "Forward", "Index Name": "nation_pkey", "Relation Name": "nation", "Alias": "nation", "Startup Cost": 0.0, "Total Cost": 0.27, "Plan Rows": 1, "Plan Width": 30, "Actual Startup Time": 4713.432, "Actual Total Time": 4713.432, "Actual Rows": 3256948, "Actual Loops": 3256948, "Index Cond": "(n_nationkey = supplier.s_nationkey)", "Rows Removed by Index Recheck": 0}]}]}]}, "Triggers": [], "Planner Runtime": 33.85, "Total Runtime": 56766.913, "Unique SQL Id": 3628361425}}, "(16, 34)": {"explain_plan": {"Plan": {"Node Type": "Sort", "Startup Cost": 934828.25, "Total Cost": 934828.25, "Plan Rows": 1, "Plan Width": 74, "Sort Key": ["nation.n_name", "(date_part('year'::text, orders.o_orderdate)) DESC"], "Plans": [{"Node Type": "Aggregate", "Strategy": "Hashed", "Parent Relationship": "Outer", "Startup Cost": 934828.22, "Total Cost": 934828.24, "Plan Rows": 1, "Plan Width": 74, "Group By Key": ["nation.n_name", "date_part('year'::text, orders.o_orderdate)"], "Plans": [{"Node Type": "Nested Loop", "Parent Relationship": "Outer", "Join Type": "Inner", "Startup Cost": 72601.27, "Total Cost": 934828.21, "Plan Rows": 1, "Plan Width": 66, "Inner Unique": true, "Join Filter": "(supplier.s_nationkey = nation.n_nationkey)", "Plans": [{"Node Type": "Nested Loop", "Parent Relationship": "Outer", "Join Type": "Inner", "Startup Cost": 72601.27, "Total Cost": 934826.64, "Plan Rows": 1, "Plan Width": 44, "Inner Unique": true, "Plans": [{"Node Type": "Nested Loop", "Parent Relationship": "Outer", "Join Type": "Inner", "Startup Cost": 72601.01, "Total Cost": 934822.36, "Plan Rows": 1, "Plan Width": 44, "Inner Unique": false, "Join Filter": "(supplier.s_suppkey = lineitem.l_suppkey)", "Plans": [{"Node Type": "Hash Join", "Parent Relationship": "Outer", "Join Type": "Inner", "Startup Cost": 72600.6, "Total Cost": 377416.42, "Plan Rows": 125630, "Plan Width": 44, "Inner Unique": true, "Hash Cond": "(partsupp.ps_suppkey = supplier.s_suppkey), (LLVM Optimized)", "Plans": [{"Node Type": "Hash Join", "Parent Relationship": "Outer", "Join Type": "Inner", "Startup Cost": 68067.6, "Total Cost": 370653.38, "Plan Rows": 259666, "Plan Width": 32, "Inner Unique": true, "Hash Cond": "(partsupp.ps_partkey = part.p_partkey), (LLVM Optimized)", "Plans": [{"Node Type": "Seq Scan", "Parent Relationship": "Outer", "Relation Name": "partsupp", "Alias": "partsupp", "Startup Cost": 0.0, "Total Cost": 269987.72, "Plan Rows": 8000372, "Plan Width": 24}, {"Node Type": "Hash", "Parent Relationship": "Inner", "Startup Cost": 66944.0, "Total Cost": 66944.0, "Plan Rows": 89888, "Plan Width": 8, "Plans": [{"Node Type": "Seq Scan", "Parent Relationship": "Outer", "Relation Name": "part", "Alias": "part", "Startup Cost": 0.0, "Total Cost": 66944.0, "Plan Rows": 89888, "Plan Width": 8, "Filter": "((p_name)::text ~~ '%dim%'::text)"}]}]}, {"Node Type": "Hash", "Parent Relationship": "Inner", "Startup Cost": 3283.0, "Total Cost": 3283.0, "Plan Rows": 100000, "Plan Width": 12, "Plans": [{"Node Type": "Seq Scan", "Parent Relationship": "Outer", "Relation Name": "supplier", "Alias": "supplier", "Startup Cost": 0.0, "Total Cost": 3283.0, "Plan Rows": 100000, "Plan Width": 12}]}]}, {"Node Type": "Bitmap Heap Scan", "Parent Relationship": "Inner", "Relation Name": "lineitem", "Alias": "lineitem", "Startup Cost": 0.41, "Total Cost": 4.42, "Plan Rows": 1, "Plan Width": 48, "Recheck Cond": "((l_partkey = partsupp.ps_partkey) AND (l_suppkey = partsupp.ps_suppkey))", "Plans": [{"Node Type": "Bitmap Index Scan", "Parent Relationship": "Outer", "Index Name": "idx_lineitem_part_supp", "Startup Cost": 0.0, "Total Cost": 0.41, "Plan Rows": 1, "Plan Width": 0, "Index Cond": "((l_partkey = partsupp.ps_partkey) AND (l_suppkey = partsupp.ps_suppkey))"}]}]}, {"Node Type": "Bitmap Heap Scan", "Parent Relationship": "Inner", "Relation Name": "orders", "Alias": "orders", "Startup Cost": 0.26, "Total Cost": 4.27, "Plan Rows": 1, "Plan Width": 16, "Recheck Cond": "(o_orderkey = lineitem.l_orderkey)", "Plans": [{"Node Type": "Bitmap Index Scan", "Parent Relationship": "Outer", "Index Name": "orders_pkey", "Startup Cost": 0.0, "Total Cost": 0.26, "Plan Rows": 1, "Plan Width": 0, "Index Cond": "(o_orderkey = lineitem.l_orderkey)"}]}]}, {"Node Type": "Seq Scan", "Parent Relationship": "Inner", "Relation Name": "nation", "Alias": "nation", "Startup Cost": 0.0, "Total Cost": 1.25, "Plan Rows": 25, "Plan Width": 30}]}]}]}, "Unique SQL Id": 3628361425}, "explain_analyze_plan": {"Plan": {"Node Type": "Sort", "Startup Cost": 934828.25, "Total Cost": 934828.25, "Plan Rows": 1, "Plan Width": 74, "Actual Startup Time": 91276.917, "Actual Total Time": 91276.931, "Actual Rows": 175, "Actual Loops": 1, "Sort Key": ["nation.n_name", "(date_part('year'::text, orders.o_orderdate)) DESC"], "Sort Method": "quicksort", "Sort Space Used": 52, "Sort Space Type": "Memory", "Plans": [{"Node Type": "Aggregate", "Strategy": "Hashed", "Parent Relationship": "Outer", "Startup Cost": 934828.22, "Total Cost": 934828.24, "Plan Rows": 1, "Plan Width": 74, "Actual Startup Time": 91276.474, "Actual Total Time": 91276.544, "Actual Rows": 175, "Actual Loops": 1, "Group By Key": ["nation.n_name", "date_part('year'::text, orders.o_orderdate)"], "Plans": [{"Node Type": "Nested Loop", "Parent Relationship": "Outer", "Join Type": "Inner", "Startup Cost": 72601.27, "Total Cost": 934828.21, "Plan Rows": 1, "Plan Width": 66, "Actual Startup Time": 1102.557, "Actual Total Time": 87118.643, "Actual Rows": 3256948, "Actual Loops": 1, "Inner Unique": true, "Join Filter": "(supplier.s_nationkey = nation.n_nationkey)", "Rows Removed by Join Filter": 39103306, "Plans": [{"Node Type": "Nested Loop", "Parent Relationship": "Outer", "Join Type": "Inner", "Startup Cost": 72601.27, "Total Cost": 934826.64, "Plan Rows": 1, "Plan Width": 44, "Actual Startup Time": 1102.505, "Actual Total Time": 56314.889, "Actual Rows": 3256948, "Actual Loops": 1, "Inner Unique": true, "Plans": [{"Node Type": "Nested Loop", "Parent Relationship": "Outer", "Join Type": "Inner", "Startup Cost": 72601.01, "Total Cost": 934822.36, "Plan Rows": 1, "Plan Width": 44, "Actual Startup Time": 1102.453, "Actual Total Time": 22401.629, "Actual Rows": 3256948, "Actual Loops": 1, "Inner Unique": false, "Join Filter": "(supplier.s_suppkey = lineitem.l_suppkey)", "Rows Removed by Join Filter": 0, "Plans": [{"Node Type": "Hash Join", "Parent Relationship": "Outer", "Join Type": "Inner", "Startup Cost": 72600.6, "Total Cost": 377416.42, "Plan Rows": 125630, "Plan Width": 44, "Actual Startup Time": 1102.357, "Actual Total Time": 6460.138, "Actual Rows": 434204, "Actual Loops": 1, "Inner Unique": true, "Hash Cond": "(partsupp.ps_suppkey = supplier.s_suppkey), (LLVM Optimized, Jit Execute)", "Plans": [{"Node Type": "Hash Join", "Parent Relationship": "Outer", "Join Type": "Inner", "Startup Cost": 68067.6, "Total Cost": 370653.38, "Plan Rows": 259666, "Plan Width": 32, "Actual Startup Time": 1036.038, "Actual Total Time": 6001.775, "Actual Rows": 434204, "Actual Loops": 1, "Inner Unique": true, "Hash Cond": "(partsupp.ps_partkey = part.p_partkey), (LLVM Optimized, Jit Execute)", "Plans": [{"Node Type": "Seq Scan", "Parent Relationship": "Outer", "Relation Name": "partsupp", "Alias": "partsupp", "Startup Cost": 0.0, "Total Cost": 269987.72, "Plan Rows": 8000372, "Plan Width": 24, "Actual Startup Time": 0.02, "Actual Total Time": 2598.997, "Actual Rows": 8000000, "Actual Loops": 1}, {"Node Type": "Hash", "Parent Relationship": "Inner", "Startup Cost": 66944.0, "Total Cost": 66944.0, "Plan Rows": 89888, "Plan Width": 8, "Actual Startup Time": 1035.83, "Actual Total Time": 1035.83, "Actual Rows": 108551, "Actual Loops": 1, "Hash Buckets": 131072, "Hash Batches": 1, "Original Hash Batches": 1, "Peak Memory Usage": 4241, "Plans": [{"Node Type": "Seq Scan", "Parent Relationship": "Outer", "Relation Name": "part", "Alias": "part", "Startup Cost": 0.0, "Total Cost": 66944.0, "Plan Rows": 89888, "Plan Width": 8, "Actual Startup Time": 0.032, "Actual Total Time": 998.399, "Actual Rows": 108551, "Actual Loops": 1, "Filter": "((p_name)::text ~~ '%dim%'::text)", "Rows Removed by Filter": 1891449}]}]}, {"Node Type": "Hash", "Parent Relationship": "Inner", "Startup Cost": 3283.0, "Total Cost": 3283.0, "Plan Rows": 100000, "Plan Width": 12, "Actual Startup Time": 66.218, "Actual Total Time": 66.218, "Actual Rows": 100000, "Actual Loops": 1, "Hash Buckets": 131072, "Hash Batches": 1, "Original Hash Batches": 1, "Peak Memory Usage": 4297, "Plans": [{"Node Type": "Seq Scan", "Parent Relationship": "Outer", "Relation Name": "supplier", "Alias": "supplier", "Startup Cost": 0.0, "Total Cost": 3283.0, "Plan Rows": 100000, "Plan Width": 12, "Actual Startup Time": 0.017, "Actual Total Time": 38.717, "Actual Rows": 100000, "Actual Loops": 1}]}]}, {"Node Type": "Bitmap Heap Scan", "Parent Relationship": "Inner", "Relation Name": "lineitem", "Alias": "lineitem", "Startup Cost": 0.41, "Total Cost": 4.42, "Plan Rows": 1, "Plan Width": 48, "Actual Startup Time": 5170.164, "Actual Total Time": 13861.551, "Actual Rows": 3256948, "Actual Loops": 434204, "Recheck Cond": "((l_partkey = partsupp.ps_partkey) AND (l_suppkey = partsupp.ps_suppkey))", "Rows Removed by Index Recheck": 0, "Exact Heap Blocks": 3256937, "Lossy Heap Blocks": 3256937, "Plans": [{"Node Type": "Bitmap Index Scan", "Parent Relationship": "Outer", "Index Name": "idx_lineitem_part_supp", "Startup Cost": 0.0, "Total Cost": 0.41, "Plan Rows": 1, "Plan Width": 0, "Actual Startup Time": 2908.835, "Actual Total Time": 2908.835, "Actual Rows": 3256948, "Actual Loops": 434204, "Index Cond": "((l_partkey = partsupp.ps_partkey) AND (l_suppkey = partsupp.ps_suppkey))"}]}]}, {"Node Type": "Bitmap Heap Scan", "Parent Relationship": "Inner", "Relation Name": "orders", "Alias": "orders", "Startup Cost": 0.26, "Total Cost": 4.27, "Plan Rows": 1, "Plan Width": 16, "Actual Startup Time": 29432.917, "Actual Total Time": 29432.917, "Actual Rows": 3256948, "Actual Loops": 3256948, "Recheck Cond": "(o_orderkey = lineitem.l_orderkey)", "Rows Removed by Index Recheck": 0, "Exact Heap Blocks": 3256948, "Lossy Heap Blocks": 3256948, "Plans": [{"Node Type": "Bitmap Index Scan", "Parent Relationship": "Outer", "Index Name": "orders_pkey", "Startup Cost": 0.0, "Total Cost": 0.26, "Plan Rows": 1, "Plan Width": 0, "Actual Startup Time": 18777.626, "Actual Total Time": 18777.626, "Actual Rows": 3256948, "Actual Loops": 3256948, "Index Cond": "(o_orderkey = lineitem.l_orderkey)"}]}]}, {"Node Type": "Seq Scan", "Parent Relationship": "Inner", "Relation Name": "nation", "Alias": "nation", "Startup Cost": 0.0, "Total Cost": 1.25, "Plan Rows": 25, "Plan Width": 30, "Actual Startup Time": 12624.958, "Actual Total Time": 16585.603, "Actual Rows": 42360254, "Actual Loops": 3256948}]}]}]}, "Triggers": [], "Planner Runtime": 41.461, "Total Runtime": 91286.235, "Unique SQL Id": 3628361425}}, "(16, 35)": {"explain_plan": {"Plan": {"Node Type": "Sort", "Startup Cost": 1000008167021.57, "Total Cost": 1000008167021.58, "Plan Rows": 1, "Plan Width": 74, "Sort Key": ["nation.n_name", "(date_part('year'::text, orders.o_orderdate)) DESC"], "Plans": [{"Node Type": "Aggregate", "Strategy": "Hashed", "Parent Relationship": "Outer", "Startup Cost": 1000008167021.55, "Total Cost": 1000008167021.56, "Plan Rows": 1, "Plan Width": 74, "Group By Key": ["nation.n_name", "date_part('year'::text, orders.o_orderdate)"], "Plans": [{"Node Type": "Nested Loop", "Parent Relationship": "Outer", "Join Type": "Inner", "Startup Cost": 10000000002.75, "Total Cost": 1000008167021.53, "Plan Rows": 1, "Plan Width": 66, "Inner Unique": true, "Plans": [{"Node Type": "Nested Loop", "Parent Relationship": "Outer", "Join Type": "Inner", "Startup Cost": 10000000002.5, "Total Cost": 1000008167017.25, "Plan Rows": 1, "Plan Width": 44, "Inner Unique": true, "Plans": [{"Node Type": "Nested Loop", "Parent Relationship": "Outer", "Join Type": "Inner", "Startup Cost": 10000000002.24, "Total Cost": 1000008167012.96, "Plan Rows": 1, "Plan Width": 44, "Inner Unique": true, "Join Filter": "(partsupp.ps_partkey = part.p_partkey)", "Plans": [{"Node Type": "Nested Loop", "Parent Relationship": "Outer", "Join Type": "Inner", "Startup Cost": 10000000001.98, "Total Cost": 1000008166987.25, "Plan Rows": 6, "Plan Width": 60, "Inner Unique": false, "Join Filter": "(supplier.s_suppkey = lineitem.l_suppkey)", "Plans": [{"Node Type": "Nested Loop", "Parent Relationship": "Outer", "Join Type": "Inner", "Startup Cost": 10000000001.57, "Total Cost": 1000002201599.04, "Plan Rows": 1344499, "Plan Width": 36, "Inner Unique": false, "Plans": [{"Node Type": "Index Scan", "Parent Relationship": "Outer", "Scan Direction": "Forward", "Index Name": "idx_supplier_nation_key", "Relation Name": "supplier", "Alias": "supplier", "Startup Cost": 10000000000.0, "Total Cost": 1000001217556.78, "Plan Rows": 100000, "Plan Width": 12}, {"Node Type": "Bitmap Heap Scan", "Parent Relationship": "Inner", "Relation Name": "partsupp", "Alias": "partsupp", "Startup Cost": 1.57, "Total Cost": 9.71, "Plan Rows": 13, "Plan Width": 24, "Recheck Cond": "(ps_suppkey = supplier.s_suppkey)", "Plans": [{"Node Type": "Bitmap Index Scan", "Parent Relationship": "Outer", "Index Name": "idx_partsupp_suppkey", "Startup Cost": 0.0, "Total Cost": 1.56, "Plan Rows": 13, "Plan Width": 0, "Index Cond": "(ps_suppkey = supplier.s_suppkey)"}]}]}, {"Node Type": "Bitmap Heap Scan", "Parent Relationship": "Inner", "Relation Name": "lineitem", "Alias": "lineitem", "Startup Cost": 0.41, "Total Cost": 4.42, "Plan Rows": 1, "Plan Width": 48, "Recheck Cond": "((l_partkey = partsupp.ps_partkey) AND (l_suppkey = partsupp.ps_suppkey))", "Plans": [{"Node Type": "Bitmap Index Scan", "Parent Relationship": "Outer", "Index Name": "idx_lineitem_part_supp", "Startup Cost": 0.0, "Total Cost": 0.41, "Plan Rows": 1, "Plan Width": 0, "Index Cond": "((l_partkey = partsupp.ps_partkey) AND (l_suppkey = partsupp.ps_suppkey))"}]}]}, {"Node Type": "Bitmap Heap Scan", "Parent Relationship": "Inner", "Relation Name": "part", "Alias": "part", "Startup Cost": 0.26, "Total Cost": 4.27, "Plan Rows": 1, "Plan Width": 8, "Recheck Cond": "(p_partkey = lineitem.l_partkey)", "Filter": "((p_name)::text ~~ '%dim%'::text)", "Plans": [{"Node Type": "Bitmap Index Scan", "Parent Relationship": "Outer", "Index Name": "part_kpey", "Startup Cost": 0.0, "Total Cost": 0.26, "Plan Rows": 1, "Plan Width": 0, "Index Cond": "(p_partkey = lineitem.l_partkey)"}]}]}, {"Node Type": "Bitmap Heap Scan", "Parent Relationship": "Inner", "Relation Name": "orders", "Alias": "orders", "Startup Cost": 0.26, "Total Cost": 4.27, "Plan Rows": 1, "Plan Width": 16, "Recheck Cond": "(o_orderkey = lineitem.l_orderkey)", "Plans": [{"Node Type": "Bitmap Index Scan", "Parent Relationship": "Outer", "Index Name": "orders_pkey", "Startup Cost": 0.0, "Total Cost": 0.26, "Plan Rows": 1, "Plan Width": 0, "Index Cond": "(o_orderkey = lineitem.l_orderkey)"}]}]}, {"Node Type": "Bitmap Heap Scan", "Parent Relationship": "Inner", "Relation Name": "nation", "Alias": "nation", "Startup Cost": 0.26, "Total Cost": 4.27, "Plan Rows": 1, "Plan Width": 30, "Recheck Cond": "(n_nationkey = supplier.s_nationkey)", "Plans": [{"Node Type": "Bitmap Index Scan", "Parent Relationship": "Outer", "Index Name": "nation_pkey", "Startup Cost": 0.0, "Total Cost": 0.26, "Plan Rows": 1, "Plan Width": 0, "Index Cond": "(n_nationkey = supplier.s_nationkey)"}]}]}]}]}, "Unique SQL Id": 3628361425}, "explain_analyze_plan": null}, "(16, 36)": {"explain_plan": {"Plan": {"Node Type": "Sort", "Startup Cost": 521166.05, "Total Cost": 521166.06, "Plan Rows": 1, "Plan Width": 74, "Sort Key": ["nation.n_name", "(date_part('year'::text, orders.o_orderdate)) DESC"], "Plans": [{"Node Type": "Aggregate", "Strategy": "Hashed", "Parent Relationship": "Outer", "Startup Cost": 521166.03, "Total Cost": 521166.04, "Plan Rows": 1, "Plan Width": 74, "Group By Key": ["nation.n_name", "date_part('year'::text, orders.o_orderdate)"], "Plans": [{"Node Type": "Nested Loop", "Parent Relationship": "Outer", "Join Type": "Inner", "Startup Cost": 72600.6, "Total Cost": 521166.01, "Plan Rows": 1, "Plan Width": 66, "Inner Unique": true, "Plans": [{"Node Type": "Nested Loop", "Parent Relationship": "Outer", "Join Type": "Inner", "Startup Cost": 72600.6, "Total Cost": 521165.73, "Plan Rows": 1, "Plan Width": 44, "Inner Unique": true, "Plans": [{"Node Type": "Nested Loop", "Parent Relationship": "Outer", "Join Type": "Inner", "Startup Cost": 72600.6, "Total Cost": 521165.43, "Plan Rows": 1, "Plan Width": 44, "Inner Unique": false, "Join Filter": "(supplier.s_suppkey = lineitem.l_suppkey)", "Plans": [{"Node Type": "Hash Join", "Parent Relationship": "Outer", "Join Type": "Inner", "Startup Cost": 72600.6, "Total Cost": 377416.42, "Plan Rows": 125630, "Plan Width": 44, "Inner Unique": true, "Hash Cond": "(partsupp.ps_suppkey = supplier.s_suppkey), (LLVM Optimized)", "Plans": [{"Node Type": "Hash Join", "Parent Relationship": "Outer", "Join Type": "Inner", "Startup Cost": 68067.6, "Total Cost": 370653.38, "Plan Rows": 259666, "Plan Width": 32, "Inner Unique": true, "Hash Cond": "(partsupp.ps_partkey = part.p_partkey), (LLVM Optimized)", "Plans": [{"Node Type": "Seq Scan", "Parent Relationship": "Outer", "Relation Name": "partsupp", "Alias": "partsupp", "Startup Cost": 0.0, "Total Cost": 269987.72, "Plan Rows": 8000372, "Plan Width": 24}, {"Node Type": "Hash", "Parent Relationship": "Inner", "Startup Cost": 66944.0, "Total Cost": 66944.0, "Plan Rows": 89888, "Plan Width": 8, "Plans": [{"Node Type": "Seq Scan", "Parent Relationship": "Outer", "Relation Name": "part", "Alias": "part", "Startup Cost": 0.0, "Total Cost": 66944.0, "Plan Rows": 89888, "Plan Width": 8, "Filter": "((p_name)::text ~~ '%dim%'::text)"}]}]}, {"Node Type": "Hash", "Parent Relationship": "Inner", "Startup Cost": 3283.0, "Total Cost": 3283.0, "Plan Rows": 100000, "Plan Width": 12, "Plans": [{"Node Type": "Seq Scan", "Parent Relationship": "Outer", "Relation Name": "supplier", "Alias": "supplier", "Startup Cost": 0.0, "Total Cost": 3283.0, "Plan Rows": 100000, "Plan Width": 12}]}]}, {"Node Type": "Index Scan", "Parent Relationship": "Inner", "Scan Direction": "Forward", "Index Name": "idx_lineitem_part_supp", "Relation Name": "lineitem", "Alias": "lineitem", "Startup Cost": 0.0, "Total Cost": 1.13, "Plan Rows": 1, "Plan Width": 48, "Index Cond": "((l_partkey = partsupp.ps_partkey) AND (l_suppkey = partsupp.ps_suppkey))"}]}, {"Node Type": "Index Scan", "Parent Relationship": "Inner", "Scan Direction": "Forward", "Index Name": "orders_pkey", "Relation Name": "orders", "Alias": "orders", "Startup Cost": 0.0, "Total Cost": 0.29, "Plan Rows": 1, "Plan Width": 16, "Index Cond": "(o_orderkey = lineitem.l_orderkey)"}]}, {"Node Type": "Index Scan", "Parent Relationship": "Inner", "Scan Direction": "Forward", "Index Name": "nation_pkey", "Relation Name": "nation", "Alias": "nation", "Startup Cost": 0.0, "Total Cost": 0.27, "Plan Rows": 1, "Plan Width": 30, "Index Cond": "(n_nationkey = supplier.s_nationkey)"}]}]}]}, "Unique SQL Id": 3628361425}, "explain_analyze_plan": {"Plan": {"Node Type": "Sort", "Startup Cost": 521166.05, "Total Cost": 521166.06, "Plan Rows": 1, "Plan Width": 74, "Actual Startup Time": 58612.397, "Actual Total Time": 58612.409, "Actual Rows": 175, "Actual Loops": 1, "Sort Key": ["nation.n_name", "(date_part('year'::text, orders.o_orderdate)) DESC"], "Sort Method": "quicksort", "Sort Space Used": 52, "Sort Space Type": "Memory", "Plans": [{"Node Type": "Aggregate", "Strategy": "Hashed", "Parent Relationship": "Outer", "Startup Cost": 521166.03, "Total Cost": 521166.04, "Plan Rows": 1, "Plan Width": 74, "Actual Startup Time": 58611.995, "Actual Total Time": 58612.032, "Actual Rows": 175, "Actual Loops": 1, "Group By Key": ["nation.n_name", "date_part('year'::text, orders.o_orderdate)"], "Plans": [{"Node Type": "Nested Loop", "Parent Relationship": "Outer", "Join Type": "Inner", "Startup Cost": 72600.6, "Total Cost": 521166.01, "Plan Rows": 1, "Plan Width": 66, "Actual Startup Time": 1104.953, "Actual Total Time": 54814.063, "Actual Rows": 3256948, "Actual Loops": 1, "Inner Unique": true, "Plans": [{"Node Type": "Nested Loop", "Parent Relationship": "Outer", "Join Type": "Inner", "Startup Cost": 72600.6, "Total Cost": 521165.73, "Plan Rows": 1, "Plan Width": 44, "Actual Startup Time": 1104.916, "Actual Total Time": 46326.692, "Actual Rows": 3256948, "Actual Loops": 1, "Inner Unique": true, "Plans": [{"Node Type": "Nested Loop", "Parent Relationship": "Outer", "Join Type": "Inner", "Startup Cost": 72600.6, "Total Cost": 521165.43, "Plan Rows": 1, "Plan Width": 44, "Actual Startup Time": 1104.891, "Actual Total Time": 18807.178, "Actual Rows": 3256948, "Actual Loops": 1, "Inner Unique": false, "Join Filter": "(supplier.s_suppkey = lineitem.l_suppkey)", "Rows Removed by Join Filter": 0, "Plans": [{"Node Type": "Hash Join", "Parent Relationship": "Outer", "Join Type": "Inner", "Startup Cost": 72600.6, "Total Cost": 377416.42, "Plan Rows": 125630, "Plan Width": 44, "Actual Startup Time": 1104.824, "Actual Total Time": 6240.661, "Actual Rows": 434204, "Actual Loops": 1, "Inner Unique": true, "Hash Cond": "(partsupp.ps_suppkey = supplier.s_suppkey), (LLVM Optimized, Jit Execute)", "Plans": [{"Node Type": "Hash Join", "Parent Relationship": "Outer", "Join Type": "Inner", "Startup Cost": 68067.6, "Total Cost": 370653.38, "Plan Rows": 259666, "Plan Width": 32, "Actual Startup Time": 1036.673, "Actual Total Time": 5757.994, "Actual Rows": 434204, "Actual Loops": 1, "Inner Unique": true, "Hash Cond": "(partsupp.ps_partkey = part.p_partkey), (LLVM Optimized, Jit Execute)", "Plans": [{"Node Type": "Seq Scan", "Parent Relationship": "Outer", "Relation Name": "partsupp", "Alias": "partsupp", "Startup Cost": 0.0, "Total Cost": 269987.72, "Plan Rows": 8000372, "Plan Width": 24, "Actual Startup Time": 0.025, "Actual Total Time": 2548.053, "Actual Rows": 8000000, "Actual Loops": 1}, {"Node Type": "Hash", "Parent Relationship": "Inner", "Startup Cost": 66944.0, "Total Cost": 66944.0, "Plan Rows": 89888, "Plan Width": 8, "Actual Startup Time": 1036.439, "Actual Total Time": 1036.439, "Actual Rows": 108551, "Actual Loops": 1, "Hash Buckets": 131072, "Hash Batches": 1, "Original Hash Batches": 1, "Peak Memory Usage": 4241, "Plans": [{"Node Type": "Seq Scan", "Parent Relationship": "Outer", "Relation Name": "part", "Alias": "part", "Startup Cost": 0.0, "Total Cost": 66944.0, "Plan Rows": 89888, "Plan Width": 8, "Actual Startup Time": 0.035, "Actual Total Time": 998.743, "Actual Rows": 108551, "Actual Loops": 1, "Filter": "((p_name)::text ~~ '%dim%'::text)", "Rows Removed by Filter": 1891449}]}]}, {"Node Type": "Hash", "Parent Relationship": "Inner", "Startup Cost": 3283.0, "Total Cost": 3283.0, "Plan Rows": 100000, "Plan Width": 12, "Actual Startup Time": 67.975, "Actual Total Time": 67.975, "Actual Rows": 100000, "Actual Loops": 1, "Hash Buckets": 131072, "Hash Batches": 1, "Original Hash Batches": 1, "Peak Memory Usage": 4297, "Plans": [{"Node Type": "Seq Scan", "Parent Relationship": "Outer", "Relation Name": "supplier", "Alias": "supplier", "Startup Cost": 0.0, "Total Cost": 3283.0, "Plan Rows": 100000, "Plan Width": 12, "Actual Startup Time": 0.02, "Actual Total Time": 39.334, "Actual Rows": 100000, "Actual Loops": 1}]}]}, {"Node Type": "Index Scan", "Parent Relationship": "Inner", "Scan Direction": "Forward", "Index Name": "idx_lineitem_part_supp", "Relation Name": "lineitem", "Alias": "lineitem", "Startup Cost": 0.0, "Total Cost": 1.13, "Plan Rows": 1, "Plan Width": 48, "Actual Startup Time": 3206.079, "Actual Total Time": 10926.206, "Actual Rows": 3256948, "Actual Loops": 434204, "Index Cond": "((l_partkey = partsupp.ps_partkey) AND (l_suppkey = partsupp.ps_suppkey))", "Rows Removed by Index Recheck": 0}]}, {"Node Type": "Index Scan", "Parent Relationship": "Inner", "Scan Direction": "Forward", "Index Name": "orders_pkey", "Relation Name": "orders", "Alias": "orders", "Startup Cost": 0.0, "Total Cost": 0.29, "Plan Rows": 1, "Plan Width": 16, "Actual Startup Time": 24822.179, "Actual Total Time": 24822.179, "Actual Rows": 3256948, "Actual Loops": 3256948, "Index Cond": "(o_orderkey = lineitem.l_orderkey)", "Rows Removed by Index Recheck": 0}]}, {"Node Type": "Index Scan", "Parent Relationship": "Inner", "Scan Direction": "Forward", "Index Name": "nation_pkey", "Relation Name": "nation", "Alias": "nation", "Startup Cost": 0.0, "Total Cost": 0.27, "Plan Rows": 1, "Plan Width": 30, "Actual Startup Time": 4488.603, "Actual Total Time": 4488.603, "Actual Rows": 3256948, "Actual Loops": 3256948, "Index Cond": "(n_nationkey = supplier.s_nationkey)", "Rows Removed by Index Recheck": 0}]}]}]}, "Triggers": [], "Planner Runtime": 34.971, "Total Runtime": 58621.827, "Unique SQL Id": 3628361425}}, "(16, 37)": {"explain_plan": {"Plan": {"Node Type": "Sort", "Startup Cost": 701189.51, "Total Cost": 701189.52, "Plan Rows": 1, "Plan Width": 74, "Sort Key": ["nation.n_name", "(date_part('year'::text, orders.o_orderdate)) DESC"], "Plans": [{"Node Type": "Aggregate", "Strategy": "Hashed", "Parent Relationship": "Outer", "Startup Cost": 701189.49, "Total Cost": 701189.5, "Plan Rows": 1, "Plan Width": 74, "Group By Key": ["nation.n_name", "date_part('year'::text, orders.o_orderdate)"], "Plans": [{"Node Type": "Nested Loop", "Parent Relationship": "Outer", "Join Type": "Inner", "Startup Cost": 6584.54, "Total Cost": 701189.47, "Plan Rows": 1, "Plan Width": 66, "Inner Unique": true, "Plans": [{"Node Type": "Nested Loop", "Parent Relationship": "Outer", "Join Type": "Inner", "Startup Cost": 6584.54, "Total Cost": 701189.19, "Plan Rows": 1, "Plan Width": 44, "Inner Unique": true, "Plans": [{"Node Type": "Nested Loop", "Parent Relationship": "Outer", "Join Type": "Inner", "Startup Cost": 6584.54, "Total Cost": 701188.89, "Plan Rows": 1, "Plan Width": 44, "Inner Unique": false, "Join Filter": "(supplier.s_suppkey = lineitem.l_suppkey)", "Plans": [{"Node Type": "Hash Join", "Parent Relationship": "Outer", "Join Type": "Inner", "Startup Cost": 6584.54, "Total Cost": 557439.88, "Plan Rows": 125630, "Plan Width": 44, "Inner Unique": true, "Hash Cond": "(partsupp.ps_suppkey = supplier.s_suppkey), (LLVM Optimized)", "Plans": [{"Node Type": "Nested Loop", "Parent Relationship": "Outer", "Join Type": "Inner", "Startup Cost": 0.0, "Total Cost": 548625.29, "Plan Rows": 259666, "Plan Width": 32, "Inner Unique": false, "Plans": [{"Node Type": "Index Scan", "Parent Relationship": "Outer", "Scan Direction": "Forward", "Index Name": "part_kpey", "Relation Name": "part", "Alias": "part", "Startup Cost": 0.0, "Total Cost": 105803.25, "Plan Rows": 89888, "Plan Width": 8, "Filter": "((p_name)::text ~~ '%dim%'::text)"}, {"Node Type": "Index Scan", "Parent Relationship": "Inner", "Scan Direction": "Forward", "Index Name": "idx_partsupp_partkey", "Relation Name": "partsupp", "Alias": "partsupp", "Startup Cost": 0.0, "Total Cost": 4.9, "Plan Rows": 3, "Plan Width": 24, "Index Cond": "(ps_partkey = part.p_partkey)"}]}, {"Node Type": "Hash", "Parent Relationship": "Inner", "Startup Cost": 5334.54, "Total Cost": 5334.54, "Plan Rows": 100000, "Plan Width": 12, "Plans": [{"Node Type": "Index Scan", "Parent Relationship": "Outer", "Scan Direction": "Forward", "Index Name": "supplier_pkey", "Relation Name": "supplier", "Alias": "supplier", "Startup Cost": 0.0, "Total Cost": 5334.54, "Plan Rows": 100000, "Plan Width": 12}]}]}, {"Node Type": "Index Scan", "Parent Relationship": "Inner", "Scan Direction": "Forward", "Index Name": "idx_lineitem_part_supp", "Relation Name": "lineitem", "Alias": "lineitem", "Startup Cost": 0.0, "Total Cost": 1.13, "Plan Rows": 1, "Plan Width": 48, "Index Cond": "((l_partkey = partsupp.ps_partkey) AND (l_suppkey = partsupp.ps_suppkey))"}]}, {"Node Type": "Index Scan", "Parent Relationship": "Inner", "Scan Direction": "Forward", "Index Name": "orders_pkey", "Relation Name": "orders", "Alias": "orders", "Startup Cost": 0.0, "Total Cost": 0.29, "Plan Rows": 1, "Plan Width": 16, "Index Cond": "(o_orderkey = lineitem.l_orderkey)"}]}, {"Node Type": "Index Scan", "Parent Relationship": "Inner", "Scan Direction": "Forward", "Index Name": "nation_pkey", "Relation Name": "nation", "Alias": "nation", "Startup Cost": 0.0, "Total Cost": 0.27, "Plan Rows": 1, "Plan Width": 30, "Index Cond": "(n_nationkey = supplier.s_nationkey)"}]}]}]}, "Unique SQL Id": 3628361425}, "explain_analyze_plan": {"Plan": {"Node Type": "Sort", "Startup Cost": 701189.51, "Total Cost": 701189.52, "Plan Rows": 1, "Plan Width": 74, "Actual Startup Time": 56757.804, "Actual Total Time": 56757.818, "Actual Rows": 175, "Actual Loops": 1, "Sort Key": ["nation.n_name", "(date_part('year'::text, orders.o_orderdate)) DESC"], "Sort Method": "quicksort", "Sort Space Used": 52, "Sort Space Type": "Memory", "Plans": [{"Node Type": "Aggregate", "Strategy": "Hashed", "Parent Relationship": "Outer", "Startup Cost": 701189.49, "Total Cost": 701189.5, "Plan Rows": 1, "Plan Width": 74, "Actual Startup Time": 56757.401, "Actual Total Time": 56757.434, "Actual Rows": 175, "Actual Loops": 1, "Group By Key": ["nation.n_name", "date_part('year'::text, orders.o_orderdate)"], "Plans": [{"Node Type": "Nested Loop", "Parent Relationship": "Outer", "Join Type": "Inner", "Startup Cost": 6584.54, "Total Cost": 701189.47, "Plan Rows": 1, "Plan Width": 66, "Actual Startup Time": 106.399, "Actual Total Time": 52825.55, "Actual Rows": 3256948, "Actual Loops": 1, "Inner Unique": true, "Plans": [{"Node Type": "Nested Loop", "Parent Relationship": "Outer", "Join Type": "Inner", "Startup Cost": 6584.54, "Total Cost": 701189.19, "Plan Rows": 1, "Plan Width": 44, "Actual Startup Time": 106.363, "Actual Total Time": 44002.737, "Actual Rows": 3256948, "Actual Loops": 1, "Inner Unique": true, "Plans": [{"Node Type": "Nested Loop", "Parent Relationship": "Outer", "Join Type": "Inner", "Startup Cost": 6584.54, "Total Cost": 701188.89, "Plan Rows": 1, "Plan Width": 44, "Actual Startup Time": 106.34, "Actual Total Time": 16136.796, "Actual Rows": 3256948, "Actual Loops": 1, "Inner Unique": false, "Join Filter": "(supplier.s_suppkey = lineitem.l_suppkey)", "Rows Removed by Join Filter": 0, "Plans": [{"Node Type": "Hash Join", "Parent Relationship": "Outer", "Join Type": "Inner", "Startup Cost": 6584.54, "Total Cost": 557439.88, "Plan Rows": 125630, "Plan Width": 44, "Actual Startup Time": 106.3, "Actual Total Time": 3477.4, "Actual Rows": 434204, "Actual Loops": 1, "Inner Unique": true, "Hash Cond": "(partsupp.ps_suppkey = supplier.s_suppkey), (LLVM Optimized, Jit Execute)", "Plans": [{"Node Type": "Nested Loop", "Parent Relationship": "Outer", "Join Type": "Inner", "Startup Cost": 0.0, "Total Cost": 548625.29, "Plan Rows": 259666, "Plan Width": 32, "Actual Startup Time": 0.05, "Actual Total Time": 2916.216, "Actual Rows": 434204, "Actual Loops": 1, "Inner Unique": false, "Plans": [{"Node Type": "Index Scan", "Parent Relationship": "Outer", "Scan Direction": "Forward", "Index Name": "part_kpey", "Relation Name": "part", "Alias": "part", "Startup Cost": 0.0, "Total Cost": 105803.25, "Plan Rows": 89888, "Plan Width": 8, "Actual Startup Time": 0.038, "Actual Total Time": 1713.725, "Actual Rows": 108551, "Actual Loops": 1, "Filter": "((p_name)::text ~~ '%dim%'::text)", "Rows Removed by Filter": 1891449}, {"Node Type": "Index Scan", "Parent Relationship": "Inner", "Scan Direction": "Forward", "Index Name": "idx_partsupp_partkey", "Relation Name": "partsupp", "Alias": "partsupp", "Startup Cost": 0.0, "Total Cost": 4.9, "Plan Rows": 3, "Plan Width": 24, "Actual Startup Time": 698.665, "Actual Total Time": 994.397, "Actual Rows": 434204, "Actual Loops": 108551, "Index Cond": "(ps_partkey = part.p_partkey)", "Rows Removed by Index Recheck": 0}]}, {"Node Type": "Hash", "Parent Relationship": "Inner", "Startup Cost": 5334.54, "Total Cost": 5334.54, "Plan Rows": 100000, "Plan Width": 12, "Actual Startup Time": 106.06, "Actual Total Time": 106.06, "Actual Rows": 100000, "Actual Loops": 1, "Hash Buckets": 131072, "Hash Batches": 1, "Original Hash Batches": 1, "Peak Memory Usage": 4297, "Plans": [{"Node Type": "Index Scan", "Parent Relationship": "Outer", "Scan Direction": "Forward", "Index Name": "supplier_pkey", "Relation Name": "supplier", "Alias": "supplier", "Startup Cost": 0.0, "Total Cost": 5334.54, "Plan Rows": 100000, "Plan Width": 12, "Actual Startup Time": 0.019, "Actual Total Time": 76.575, "Actual Rows": 100000, "Actual Loops": 1}]}]}, {"Node Type": "Index Scan", "Parent Relationship": "Inner", "Scan Direction": "Forward", "Index Name": "idx_lineitem_part_supp", "Relation Name": "lineitem", "Alias": "lineitem", "Startup Cost": 0.0, "Total Cost": 1.13, "Plan Rows": 1, "Plan Width": 48, "Actual Startup Time": 3224.162, "Actual Total Time": 11011.239, "Actual Rows": 3256948, "Actual Loops": 434204, "Index Cond": "((l_partkey = partsupp.ps_partkey) AND (l_suppkey = partsupp.ps_suppkey))", "Rows Removed by Index Recheck": 0}]}, {"Node Type": "Index Scan", "Parent Relationship": "Inner", "Scan Direction": "Forward", "Index Name": "orders_pkey", "Relation Name": "orders", "Alias": "orders", "Startup Cost": 0.0, "Total Cost": 0.29, "Plan Rows": 1, "Plan Width": 16, "Actual Startup Time": 25102.62, "Actual Total Time": 25102.62, "Actual Rows": 3256948, "Actual Loops": 3256948, "Index Cond": "(o_orderkey = lineitem.l_orderkey)", "Rows Removed by Index Recheck": 0}]}, {"Node Type": "Index Scan", "Parent Relationship": "Inner", "Scan Direction": "Forward", "Index Name": "nation_pkey", "Relation Name": "nation", "Alias": "nation", "Startup Cost": 0.0, "Total Cost": 0.27, "Plan Rows": 1, "Plan Width": 30, "Actual Startup Time": 4713.432, "Actual Total Time": 4713.432, "Actual Rows": 3256948, "Actual Loops": 3256948, "Index Cond": "(n_nationkey = supplier.s_nationkey)", "Rows Removed by Index Recheck": 0}]}]}]}, "Triggers": [], "Planner Runtime": 33.85, "Total Runtime": 56766.913, "Unique SQL Id": 3628361425}}, "(16, 38)": {"explain_plan": {"Plan": {"Node Type": "Sort", "Startup Cost": 934828.25, "Total Cost": 934828.25, "Plan Rows": 1, "Plan Width": 74, "Sort Key": ["nation.n_name", "(date_part('year'::text, orders.o_orderdate)) DESC"], "Plans": [{"Node Type": "Aggregate", "Strategy": "Hashed", "Parent Relationship": "Outer", "Startup Cost": 934828.22, "Total Cost": 934828.24, "Plan Rows": 1, "Plan Width": 74, "Group By Key": ["nation.n_name", "date_part('year'::text, orders.o_orderdate)"], "Plans": [{"Node Type": "Nested Loop", "Parent Relationship": "Outer", "Join Type": "Inner", "Startup Cost": 72601.27, "Total Cost": 934828.21, "Plan Rows": 1, "Plan Width": 66, "Inner Unique": true, "Join Filter": "(supplier.s_nationkey = nation.n_nationkey)", "Plans": [{"Node Type": "Nested Loop", "Parent Relationship": "Outer", "Join Type": "Inner", "Startup Cost": 72601.27, "Total Cost": 934826.64, "Plan Rows": 1, "Plan Width": 44, "Inner Unique": true, "Plans": [{"Node Type": "Nested Loop", "Parent Relationship": "Outer", "Join Type": "Inner", "Startup Cost": 72601.01, "Total Cost": 934822.36, "Plan Rows": 1, "Plan Width": 44, "Inner Unique": false, "Join Filter": "(supplier.s_suppkey = lineitem.l_suppkey)", "Plans": [{"Node Type": "Hash Join", "Parent Relationship": "Outer", "Join Type": "Inner", "Startup Cost": 72600.6, "Total Cost": 377416.42, "Plan Rows": 125630, "Plan Width": 44, "Inner Unique": true, "Hash Cond": "(partsupp.ps_suppkey = supplier.s_suppkey), (LLVM Optimized)", "Plans": [{"Node Type": "Hash Join", "Parent Relationship": "Outer", "Join Type": "Inner", "Startup Cost": 68067.6, "Total Cost": 370653.38, "Plan Rows": 259666, "Plan Width": 32, "Inner Unique": true, "Hash Cond": "(partsupp.ps_partkey = part.p_partkey), (LLVM Optimized)", "Plans": [{"Node Type": "Seq Scan", "Parent Relationship": "Outer", "Relation Name": "partsupp", "Alias": "partsupp", "Startup Cost": 0.0, "Total Cost": 269987.72, "Plan Rows": 8000372, "Plan Width": 24}, {"Node Type": "Hash", "Parent Relationship": "Inner", "Startup Cost": 66944.0, "Total Cost": 66944.0, "Plan Rows": 89888, "Plan Width": 8, "Plans": [{"Node Type": "Seq Scan", "Parent Relationship": "Outer", "Relation Name": "part", "Alias": "part", "Startup Cost": 0.0, "Total Cost": 66944.0, "Plan Rows": 89888, "Plan Width": 8, "Filter": "((p_name)::text ~~ '%dim%'::text)"}]}]}, {"Node Type": "Hash", "Parent Relationship": "Inner", "Startup Cost": 3283.0, "Total Cost": 3283.0, "Plan Rows": 100000, "Plan Width": 12, "Plans": [{"Node Type": "Seq Scan", "Parent Relationship": "Outer", "Relation Name": "supplier", "Alias": "supplier", "Startup Cost": 0.0, "Total Cost": 3283.0, "Plan Rows": 100000, "Plan Width": 12}]}]}, {"Node Type": "Bitmap Heap Scan", "Parent Relationship": "Inner", "Relation Name": "lineitem", "Alias": "lineitem", "Startup Cost": 0.41, "Total Cost": 4.42, "Plan Rows": 1, "Plan Width": 48, "Recheck Cond": "((l_partkey = partsupp.ps_partkey) AND (l_suppkey = partsupp.ps_suppkey))", "Plans": [{"Node Type": "Bitmap Index Scan", "Parent Relationship": "Outer", "Index Name": "idx_lineitem_part_supp", "Startup Cost": 0.0, "Total Cost": 0.41, "Plan Rows": 1, "Plan Width": 0, "Index Cond": "((l_partkey = partsupp.ps_partkey) AND (l_suppkey = partsupp.ps_suppkey))"}]}]}, {"Node Type": "Bitmap Heap Scan", "Parent Relationship": "Inner", "Relation Name": "orders", "Alias": "orders", "Startup Cost": 0.26, "Total Cost": 4.27, "Plan Rows": 1, "Plan Width": 16, "Recheck Cond": "(o_orderkey = lineitem.l_orderkey)", "Plans": [{"Node Type": "Bitmap Index Scan", "Parent Relationship": "Outer", "Index Name": "orders_pkey", "Startup Cost": 0.0, "Total Cost": 0.26, "Plan Rows": 1, "Plan Width": 0, "Index Cond": "(o_orderkey = lineitem.l_orderkey)"}]}]}, {"Node Type": "Seq Scan", "Parent Relationship": "Inner", "Relation Name": "nation", "Alias": "nation", "Startup Cost": 0.0, "Total Cost": 1.25, "Plan Rows": 25, "Plan Width": 30}]}]}]}, "Unique SQL Id": 3628361425}, "explain_analyze_plan": {"Plan": {"Node Type": "Sort", "Startup Cost": 934828.25, "Total Cost": 934828.25, "Plan Rows": 1, "Plan Width": 74, "Actual Startup Time": 91276.917, "Actual Total Time": 91276.931, "Actual Rows": 175, "Actual Loops": 1, "Sort Key": ["nation.n_name", "(date_part('year'::text, orders.o_orderdate)) DESC"], "Sort Method": "quicksort", "Sort Space Used": 52, "Sort Space Type": "Memory", "Plans": [{"Node Type": "Aggregate", "Strategy": "Hashed", "Parent Relationship": "Outer", "Startup Cost": 934828.22, "Total Cost": 934828.24, "Plan Rows": 1, "Plan Width": 74, "Actual Startup Time": 91276.474, "Actual Total Time": 91276.544, "Actual Rows": 175, "Actual Loops": 1, "Group By Key": ["nation.n_name", "date_part('year'::text, orders.o_orderdate)"], "Plans": [{"Node Type": "Nested Loop", "Parent Relationship": "Outer", "Join Type": "Inner", "Startup Cost": 72601.27, "Total Cost": 934828.21, "Plan Rows": 1, "Plan Width": 66, "Actual Startup Time": 1102.557, "Actual Total Time": 87118.643, "Actual Rows": 3256948, "Actual Loops": 1, "Inner Unique": true, "Join Filter": "(supplier.s_nationkey = nation.n_nationkey)", "Rows Removed by Join Filter": 39103306, "Plans": [{"Node Type": "Nested Loop", "Parent Relationship": "Outer", "Join Type": "Inner", "Startup Cost": 72601.27, "Total Cost": 934826.64, "Plan Rows": 1, "Plan Width": 44, "Actual Startup Time": 1102.505, "Actual Total Time": 56314.889, "Actual Rows": 3256948, "Actual Loops": 1, "Inner Unique": true, "Plans": [{"Node Type": "Nested Loop", "Parent Relationship": "Outer", "Join Type": "Inner", "Startup Cost": 72601.01, "Total Cost": 934822.36, "Plan Rows": 1, "Plan Width": 44, "Actual Startup Time": 1102.453, "Actual Total Time": 22401.629, "Actual Rows": 3256948, "Actual Loops": 1, "Inner Unique": false, "Join Filter": "(supplier.s_suppkey = lineitem.l_suppkey)", "Rows Removed by Join Filter": 0, "Plans": [{"Node Type": "Hash Join", "Parent Relationship": "Outer", "Join Type": "Inner", "Startup Cost": 72600.6, "Total Cost": 377416.42, "Plan Rows": 125630, "Plan Width": 44, "Actual Startup Time": 1102.357, "Actual Total Time": 6460.138, "Actual Rows": 434204, "Actual Loops": 1, "Inner Unique": true, "Hash Cond": "(partsupp.ps_suppkey = supplier.s_suppkey), (LLVM Optimized, Jit Execute)", "Plans": [{"Node Type": "Hash Join", "Parent Relationship": "Outer", "Join Type": "Inner", "Startup Cost": 68067.6, "Total Cost": 370653.38, "Plan Rows": 259666, "Plan Width": 32, "Actual Startup Time": 1036.038, "Actual Total Time": 6001.775, "Actual Rows": 434204, "Actual Loops": 1, "Inner Unique": true, "Hash Cond": "(partsupp.ps_partkey = part.p_partkey), (LLVM Optimized, Jit Execute)", "Plans": [{"Node Type": "Seq Scan", "Parent Relationship": "Outer", "Relation Name": "partsupp", "Alias": "partsupp", "Startup Cost": 0.0, "Total Cost": 269987.72, "Plan Rows": 8000372, "Plan Width": 24, "Actual Startup Time": 0.02, "Actual Total Time": 2598.997, "Actual Rows": 8000000, "Actual Loops": 1}, {"Node Type": "Hash", "Parent Relationship": "Inner", "Startup Cost": 66944.0, "Total Cost": 66944.0, "Plan Rows": 89888, "Plan Width": 8, "Actual Startup Time": 1035.83, "Actual Total Time": 1035.83, "Actual Rows": 108551, "Actual Loops": 1, "Hash Buckets": 131072, "Hash Batches": 1, "Original Hash Batches": 1, "Peak Memory Usage": 4241, "Plans": [{"Node Type": "Seq Scan", "Parent Relationship": "Outer", "Relation Name": "part", "Alias": "part", "Startup Cost": 0.0, "Total Cost": 66944.0, "Plan Rows": 89888, "Plan Width": 8, "Actual Startup Time": 0.032, "Actual Total Time": 998.399, "Actual Rows": 108551, "Actual Loops": 1, "Filter": "((p_name)::text ~~ '%dim%'::text)", "Rows Removed by Filter": 1891449}]}]}, {"Node Type": "Hash", "Parent Relationship": "Inner", "Startup Cost": 3283.0, "Total Cost": 3283.0, "Plan Rows": 100000, "Plan Width": 12, "Actual Startup Time": 66.218, "Actual Total Time": 66.218, "Actual Rows": 100000, "Actual Loops": 1, "Hash Buckets": 131072, "Hash Batches": 1, "Original Hash Batches": 1, "Peak Memory Usage": 4297, "Plans": [{"Node Type": "Seq Scan", "Parent Relationship": "Outer", "Relation Name": "supplier", "Alias": "supplier", "Startup Cost": 0.0, "Total Cost": 3283.0, "Plan Rows": 100000, "Plan Width": 12, "Actual Startup Time": 0.017, "Actual Total Time": 38.717, "Actual Rows": 100000, "Actual Loops": 1}]}]}, {"Node Type": "Bitmap Heap Scan", "Parent Relationship": "Inner", "Relation Name": "lineitem", "Alias": "lineitem", "Startup Cost": 0.41, "Total Cost": 4.42, "Plan Rows": 1, "Plan Width": 48, "Actual Startup Time": 5170.164, "Actual Total Time": 13861.551, "Actual Rows": 3256948, "Actual Loops": 434204, "Recheck Cond": "((l_partkey = partsupp.ps_partkey) AND (l_suppkey = partsupp.ps_suppkey))", "Rows Removed by Index Recheck": 0, "Exact Heap Blocks": 3256937, "Lossy Heap Blocks": 3256937, "Plans": [{"Node Type": "Bitmap Index Scan", "Parent Relationship": "Outer", "Index Name": "idx_lineitem_part_supp", "Startup Cost": 0.0, "Total Cost": 0.41, "Plan Rows": 1, "Plan Width": 0, "Actual Startup Time": 2908.835, "Actual Total Time": 2908.835, "Actual Rows": 3256948, "Actual Loops": 434204, "Index Cond": "((l_partkey = partsupp.ps_partkey) AND (l_suppkey = partsupp.ps_suppkey))"}]}]}, {"Node Type": "Bitmap Heap Scan", "Parent Relationship": "Inner", "Relation Name": "orders", "Alias": "orders", "Startup Cost": 0.26, "Total Cost": 4.27, "Plan Rows": 1, "Plan Width": 16, "Actual Startup Time": 29432.917, "Actual Total Time": 29432.917, "Actual Rows": 3256948, "Actual Loops": 3256948, "Recheck Cond": "(o_orderkey = lineitem.l_orderkey)", "Rows Removed by Index Recheck": 0, "Exact Heap Blocks": 3256948, "Lossy Heap Blocks": 3256948, "Plans": [{"Node Type": "Bitmap Index Scan", "Parent Relationship": "Outer", "Index Name": "orders_pkey", "Startup Cost": 0.0, "Total Cost": 0.26, "Plan Rows": 1, "Plan Width": 0, "Actual Startup Time": 18777.626, "Actual Total Time": 18777.626, "Actual Rows": 3256948, "Actual Loops": 3256948, "Index Cond": "(o_orderkey = lineitem.l_orderkey)"}]}]}, {"Node Type": "Seq Scan", "Parent Relationship": "Inner", "Relation Name": "nation", "Alias": "nation", "Startup Cost": 0.0, "Total Cost": 1.25, "Plan Rows": 25, "Plan Width": 30, "Actual Startup Time": 12624.958, "Actual Total Time": 16585.603, "Actual Rows": 42360254, "Actual Loops": 3256948}]}]}]}, "Triggers": [], "Planner Runtime": 41.461, "Total Runtime": 91286.235, "Unique SQL Id": 3628361425}}, "(16, 39)": {"explain_plan": {"Plan": {"Node Type": "Sort", "Startup Cost": 1000008167021.57, "Total Cost": 1000008167021.58, "Plan Rows": 1, "Plan Width": 74, "Sort Key": ["nation.n_name", "(date_part('year'::text, orders.o_orderdate)) DESC"], "Plans": [{"Node Type": "Aggregate", "Strategy": "Hashed", "Parent Relationship": "Outer", "Startup Cost": 1000008167021.55, "Total Cost": 1000008167021.56, "Plan Rows": 1, "Plan Width": 74, "Group By Key": ["nation.n_name", "date_part('year'::text, orders.o_orderdate)"], "Plans": [{"Node Type": "Nested Loop", "Parent Relationship": "Outer", "Join Type": "Inner", "Startup Cost": 10000000002.75, "Total Cost": 1000008167021.53, "Plan Rows": 1, "Plan Width": 66, "Inner Unique": true, "Plans": [{"Node Type": "Nested Loop", "Parent Relationship": "Outer", "Join Type": "Inner", "Startup Cost": 10000000002.5, "Total Cost": 1000008167017.25, "Plan Rows": 1, "Plan Width": 44, "Inner Unique": true, "Plans": [{"Node Type": "Nested Loop", "Parent Relationship": "Outer", "Join Type": "Inner", "Startup Cost": 10000000002.24, "Total Cost": 1000008167012.96, "Plan Rows": 1, "Plan Width": 44, "Inner Unique": true, "Join Filter": "(partsupp.ps_partkey = part.p_partkey)", "Plans": [{"Node Type": "Nested Loop", "Parent Relationship": "Outer", "Join Type": "Inner", "Startup Cost": 10000000001.98, "Total Cost": 1000008166987.25, "Plan Rows": 6, "Plan Width": 60, "Inner Unique": false, "Join Filter": "(supplier.s_suppkey = lineitem.l_suppkey)", "Plans": [{"Node Type": "Nested Loop", "Parent Relationship": "Outer", "Join Type": "Inner", "Startup Cost": 10000000001.57, "Total Cost": 1000002201599.04, "Plan Rows": 1344499, "Plan Width": 36, "Inner Unique": false, "Plans": [{"Node Type": "Index Scan", "Parent Relationship": "Outer", "Scan Direction": "Forward", "Index Name": "idx_supplier_nation_key", "Relation Name": "supplier", "Alias": "supplier", "Startup Cost": 10000000000.0, "Total Cost": 1000001217556.78, "Plan Rows": 100000, "Plan Width": 12}, {"Node Type": "Bitmap Heap Scan", "Parent Relationship": "Inner", "Relation Name": "partsupp", "Alias": "partsupp", "Startup Cost": 1.57, "Total Cost": 9.71, "Plan Rows": 13, "Plan Width": 24, "Recheck Cond": "(ps_suppkey = supplier.s_suppkey)", "Plans": [{"Node Type": "Bitmap Index Scan", "Parent Relationship": "Outer", "Index Name": "idx_partsupp_suppkey", "Startup Cost": 0.0, "Total Cost": 1.56, "Plan Rows": 13, "Plan Width": 0, "Index Cond": "(ps_suppkey = supplier.s_suppkey)"}]}]}, {"Node Type": "Bitmap Heap Scan", "Parent Relationship": "Inner", "Relation Name": "lineitem", "Alias": "lineitem", "Startup Cost": 0.41, "Total Cost": 4.42, "Plan Rows": 1, "Plan Width": 48, "Recheck Cond": "((l_partkey = partsupp.ps_partkey) AND (l_suppkey = partsupp.ps_suppkey))", "Plans": [{"Node Type": "Bitmap Index Scan", "Parent Relationship": "Outer", "Index Name": "idx_lineitem_part_supp", "Startup Cost": 0.0, "Total Cost": 0.41, "Plan Rows": 1, "Plan Width": 0, "Index Cond": "((l_partkey = partsupp.ps_partkey) AND (l_suppkey = partsupp.ps_suppkey))"}]}]}, {"Node Type": "Bitmap Heap Scan", "Parent Relationship": "Inner", "Relation Name": "part", "Alias": "part", "Startup Cost": 0.26, "Total Cost": 4.27, "Plan Rows": 1, "Plan Width": 8, "Recheck Cond": "(p_partkey = lineitem.l_partkey)", "Filter": "((p_name)::text ~~ '%dim%'::text)", "Plans": [{"Node Type": "Bitmap Index Scan", "Parent Relationship": "Outer", "Index Name": "part_kpey", "Startup Cost": 0.0, "Total Cost": 0.26, "Plan Rows": 1, "Plan Width": 0, "Index Cond": "(p_partkey = lineitem.l_partkey)"}]}]}, {"Node Type": "Bitmap Heap Scan", "Parent Relationship": "Inner", "Relation Name": "orders", "Alias": "orders", "Startup Cost": 0.26, "Total Cost": 4.27, "Plan Rows": 1, "Plan Width": 16, "Recheck Cond": "(o_orderkey = lineitem.l_orderkey)", "Plans": [{"Node Type": "Bitmap Index Scan", "Parent Relationship": "Outer", "Index Name": "orders_pkey", "Startup Cost": 0.0, "Total Cost": 0.26, "Plan Rows": 1, "Plan Width": 0, "Index Cond": "(o_orderkey = lineitem.l_orderkey)"}]}]}, {"Node Type": "Bitmap Heap Scan", "Parent Relationship": "Inner", "Relation Name": "nation", "Alias": "nation", "Startup Cost": 0.26, "Total Cost": 4.27, "Plan Rows": 1, "Plan Width": 30, "Recheck Cond": "(n_nationkey = supplier.s_nationkey)", "Plans": [{"Node Type": "Bitmap Index Scan", "Parent Relationship": "Outer", "Index Name": "nation_pkey", "Startup Cost": 0.0, "Total Cost": 0.26, "Plan Rows": 1, "Plan Width": 0, "Index Cond": "(n_nationkey = supplier.s_nationkey)"}]}]}]}]}, "Unique SQL Id": 3628361425}, "explain_analyze_plan": null}, "(16, 40)": {"explain_plan": {"Plan": {"Node Type": "Sort", "Startup Cost": 521166.05, "Total Cost": 521166.06, "Plan Rows": 1, "Plan Width": 74, "Sort Key": ["nation.n_name", "(date_part('year'::text, orders.o_orderdate)) DESC"], "Plans": [{"Node Type": "Aggregate", "Strategy": "Hashed", "Parent Relationship": "Outer", "Startup Cost": 521166.03, "Total Cost": 521166.04, "Plan Rows": 1, "Plan Width": 74, "Group By Key": ["nation.n_name", "date_part('year'::text, orders.o_orderdate)"], "Plans": [{"Node Type": "Nested Loop", "Parent Relationship": "Outer", "Join Type": "Inner", "Startup Cost": 72600.6, "Total Cost": 521166.01, "Plan Rows": 1, "Plan Width": 66, "Inner Unique": true, "Plans": [{"Node Type": "Nested Loop", "Parent Relationship": "Outer", "Join Type": "Inner", "Startup Cost": 72600.6, "Total Cost": 521165.73, "Plan Rows": 1, "Plan Width": 44, "Inner Unique": true, "Plans": [{"Node Type": "Nested Loop", "Parent Relationship": "Outer", "Join Type": "Inner", "Startup Cost": 72600.6, "Total Cost": 521165.43, "Plan Rows": 1, "Plan Width": 44, "Inner Unique": false, "Join Filter": "(supplier.s_suppkey = lineitem.l_suppkey)", "Plans": [{"Node Type": "Hash Join", "Parent Relationship": "Outer", "Join Type": "Inner", "Startup Cost": 72600.6, "Total Cost": 377416.42, "Plan Rows": 125630, "Plan Width": 44, "Inner Unique": true, "Hash Cond": "(partsupp.ps_suppkey = supplier.s_suppkey), (LLVM Optimized)", "Plans": [{"Node Type": "Hash Join", "Parent Relationship": "Outer", "Join Type": "Inner", "Startup Cost": 68067.6, "Total Cost": 370653.38, "Plan Rows": 259666, "Plan Width": 32, "Inner Unique": true, "Hash Cond": "(partsupp.ps_partkey = part.p_partkey), (LLVM Optimized)", "Plans": [{"Node Type": "Seq Scan", "Parent Relationship": "Outer", "Relation Name": "partsupp", "Alias": "partsupp", "Startup Cost": 0.0, "Total Cost": 269987.72, "Plan Rows": 8000372, "Plan Width": 24}, {"Node Type": "Hash", "Parent Relationship": "Inner", "Startup Cost": 66944.0, "Total Cost": 66944.0, "Plan Rows": 89888, "Plan Width": 8, "Plans": [{"Node Type": "Seq Scan", "Parent Relationship": "Outer", "Relation Name": "part", "Alias": "part", "Startup Cost": 0.0, "Total Cost": 66944.0, "Plan Rows": 89888, "Plan Width": 8, "Filter": "((p_name)::text ~~ '%dim%'::text)"}]}]}, {"Node Type": "Hash", "Parent Relationship": "Inner", "Startup Cost": 3283.0, "Total Cost": 3283.0, "Plan Rows": 100000, "Plan Width": 12, "Plans": [{"Node Type": "Seq Scan", "Parent Relationship": "Outer", "Relation Name": "supplier", "Alias": "supplier", "Startup Cost": 0.0, "Total Cost": 3283.0, "Plan Rows": 100000, "Plan Width": 12}]}]}, {"Node Type": "Index Scan", "Parent Relationship": "Inner", "Scan Direction": "Forward", "Index Name": "idx_lineitem_part_supp", "Relation Name": "lineitem", "Alias": "lineitem", "Startup Cost": 0.0, "Total Cost": 1.13, "Plan Rows": 1, "Plan Width": 48, "Index Cond": "((l_partkey = partsupp.ps_partkey) AND (l_suppkey = partsupp.ps_suppkey))"}]}, {"Node Type": "Index Scan", "Parent Relationship": "Inner", "Scan Direction": "Forward", "Index Name": "orders_pkey", "Relation Name": "orders", "Alias": "orders", "Startup Cost": 0.0, "Total Cost": 0.29, "Plan Rows": 1, "Plan Width": 16, "Index Cond": "(o_orderkey = lineitem.l_orderkey)"}]}, {"Node Type": "Index Scan", "Parent Relationship": "Inner", "Scan Direction": "Forward", "Index Name": "nation_pkey", "Relation Name": "nation", "Alias": "nation", "Startup Cost": 0.0, "Total Cost": 0.27, "Plan Rows": 1, "Plan Width": 30, "Index Cond": "(n_nationkey = supplier.s_nationkey)"}]}]}]}, "Unique SQL Id": 3628361425}, "explain_analyze_plan": {"Plan": {"Node Type": "Sort", "Startup Cost": 521166.05, "Total Cost": 521166.06, "Plan Rows": 1, "Plan Width": 74, "Actual Startup Time": 58612.397, "Actual Total Time": 58612.409, "Actual Rows": 175, "Actual Loops": 1, "Sort Key": ["nation.n_name", "(date_part('year'::text, orders.o_orderdate)) DESC"], "Sort Method": "quicksort", "Sort Space Used": 52, "Sort Space Type": "Memory", "Plans": [{"Node Type": "Aggregate", "Strategy": "Hashed", "Parent Relationship": "Outer", "Startup Cost": 521166.03, "Total Cost": 521166.04, "Plan Rows": 1, "Plan Width": 74, "Actual Startup Time": 58611.995, "Actual Total Time": 58612.032, "Actual Rows": 175, "Actual Loops": 1, "Group By Key": ["nation.n_name", "date_part('year'::text, orders.o_orderdate)"], "Plans": [{"Node Type": "Nested Loop", "Parent Relationship": "Outer", "Join Type": "Inner", "Startup Cost": 72600.6, "Total Cost": 521166.01, "Plan Rows": 1, "Plan Width": 66, "Actual Startup Time": 1104.953, "Actual Total Time": 54814.063, "Actual Rows": 3256948, "Actual Loops": 1, "Inner Unique": true, "Plans": [{"Node Type": "Nested Loop", "Parent Relationship": "Outer", "Join Type": "Inner", "Startup Cost": 72600.6, "Total Cost": 521165.73, "Plan Rows": 1, "Plan Width": 44, "Actual Startup Time": 1104.916, "Actual Total Time": 46326.692, "Actual Rows": 3256948, "Actual Loops": 1, "Inner Unique": true, "Plans": [{"Node Type": "Nested Loop", "Parent Relationship": "Outer", "Join Type": "Inner", "Startup Cost": 72600.6, "Total Cost": 521165.43, "Plan Rows": 1, "Plan Width": 44, "Actual Startup Time": 1104.891, "Actual Total Time": 18807.178, "Actual Rows": 3256948, "Actual Loops": 1, "Inner Unique": false, "Join Filter": "(supplier.s_suppkey = lineitem.l_suppkey)", "Rows Removed by Join Filter": 0, "Plans": [{"Node Type": "Hash Join", "Parent Relationship": "Outer", "Join Type": "Inner", "Startup Cost": 72600.6, "Total Cost": 377416.42, "Plan Rows": 125630, "Plan Width": 44, "Actual Startup Time": 1104.824, "Actual Total Time": 6240.661, "Actual Rows": 434204, "Actual Loops": 1, "Inner Unique": true, "Hash Cond": "(partsupp.ps_suppkey = supplier.s_suppkey), (LLVM Optimized, Jit Execute)", "Plans": [{"Node Type": "Hash Join", "Parent Relationship": "Outer", "Join Type": "Inner", "Startup Cost": 68067.6, "Total Cost": 370653.38, "Plan Rows": 259666, "Plan Width": 32, "Actual Startup Time": 1036.673, "Actual Total Time": 5757.994, "Actual Rows": 434204, "Actual Loops": 1, "Inner Unique": true, "Hash Cond": "(partsupp.ps_partkey = part.p_partkey), (LLVM Optimized, Jit Execute)", "Plans": [{"Node Type": "Seq Scan", "Parent Relationship": "Outer", "Relation Name": "partsupp", "Alias": "partsupp", "Startup Cost": 0.0, "Total Cost": 269987.72, "Plan Rows": 8000372, "Plan Width": 24, "Actual Startup Time": 0.025, "Actual Total Time": 2548.053, "Actual Rows": 8000000, "Actual Loops": 1}, {"Node Type": "Hash", "Parent Relationship": "Inner", "Startup Cost": 66944.0, "Total Cost": 66944.0, "Plan Rows": 89888, "Plan Width": 8, "Actual Startup Time": 1036.439, "Actual Total Time": 1036.439, "Actual Rows": 108551, "Actual Loops": 1, "Hash Buckets": 131072, "Hash Batches": 1, "Original Hash Batches": 1, "Peak Memory Usage": 4241, "Plans": [{"Node Type": "Seq Scan", "Parent Relationship": "Outer", "Relation Name": "part", "Alias": "part", "Startup Cost": 0.0, "Total Cost": 66944.0, "Plan Rows": 89888, "Plan Width": 8, "Actual Startup Time": 0.035, "Actual Total Time": 998.743, "Actual Rows": 108551, "Actual Loops": 1, "Filter": "((p_name)::text ~~ '%dim%'::text)", "Rows Removed by Filter": 1891449}]}]}, {"Node Type": "Hash", "Parent Relationship": "Inner", "Startup Cost": 3283.0, "Total Cost": 3283.0, "Plan Rows": 100000, "Plan Width": 12, "Actual Startup Time": 67.975, "Actual Total Time": 67.975, "Actual Rows": 100000, "Actual Loops": 1, "Hash Buckets": 131072, "Hash Batches": 1, "Original Hash Batches": 1, "Peak Memory Usage": 4297, "Plans": [{"Node Type": "Seq Scan", "Parent Relationship": "Outer", "Relation Name": "supplier", "Alias": "supplier", "Startup Cost": 0.0, "Total Cost": 3283.0, "Plan Rows": 100000, "Plan Width": 12, "Actual Startup Time": 0.02, "Actual Total Time": 39.334, "Actual Rows": 100000, "Actual Loops": 1}]}]}, {"Node Type": "Index Scan", "Parent Relationship": "Inner", "Scan Direction": "Forward", "Index Name": "idx_lineitem_part_supp", "Relation Name": "lineitem", "Alias": "lineitem", "Startup Cost": 0.0, "Total Cost": 1.13, "Plan Rows": 1, "Plan Width": 48, "Actual Startup Time": 3206.079, "Actual Total Time": 10926.206, "Actual Rows": 3256948, "Actual Loops": 434204, "Index Cond": "((l_partkey = partsupp.ps_partkey) AND (l_suppkey = partsupp.ps_suppkey))", "Rows Removed by Index Recheck": 0}]}, {"Node Type": "Index Scan", "Parent Relationship": "Inner", "Scan Direction": "Forward", "Index Name": "orders_pkey", "Relation Name": "orders", "Alias": "orders", "Startup Cost": 0.0, "Total Cost": 0.29, "Plan Rows": 1, "Plan Width": 16, "Actual Startup Time": 24822.179, "Actual Total Time": 24822.179, "Actual Rows": 3256948, "Actual Loops": 3256948, "Index Cond": "(o_orderkey = lineitem.l_orderkey)", "Rows Removed by Index Recheck": 0}]}, {"Node Type": "Index Scan", "Parent Relationship": "Inner", "Scan Direction": "Forward", "Index Name": "nation_pkey", "Relation Name": "nation", "Alias": "nation", "Startup Cost": 0.0, "Total Cost": 0.27, "Plan Rows": 1, "Plan Width": 30, "Actual Startup Time": 4488.603, "Actual Total Time": 4488.603, "Actual Rows": 3256948, "Actual Loops": 3256948, "Index Cond": "(n_nationkey = supplier.s_nationkey)", "Rows Removed by Index Recheck": 0}]}]}]}, "Triggers": [], "Planner Runtime": 34.971, "Total Runtime": 58621.827, "Unique SQL Id": 3628361425}}, "(16, 41)": {"explain_plan": {"Plan": {"Node Type": "Sort", "Startup Cost": 701189.51, "Total Cost": 701189.52, "Plan Rows": 1, "Plan Width": 74, "Sort Key": ["nation.n_name", "(date_part('year'::text, orders.o_orderdate)) DESC"], "Plans": [{"Node Type": "Aggregate", "Strategy": "Hashed", "Parent Relationship": "Outer", "Startup Cost": 701189.49, "Total Cost": 701189.5, "Plan Rows": 1, "Plan Width": 74, "Group By Key": ["nation.n_name", "date_part('year'::text, orders.o_orderdate)"], "Plans": [{"Node Type": "Nested Loop", "Parent Relationship": "Outer", "Join Type": "Inner", "Startup Cost": 6584.54, "Total Cost": 701189.47, "Plan Rows": 1, "Plan Width": 66, "Inner Unique": true, "Plans": [{"Node Type": "Nested Loop", "Parent Relationship": "Outer", "Join Type": "Inner", "Startup Cost": 6584.54, "Total Cost": 701189.19, "Plan Rows": 1, "Plan Width": 44, "Inner Unique": true, "Plans": [{"Node Type": "Nested Loop", "Parent Relationship": "Outer", "Join Type": "Inner", "Startup Cost": 6584.54, "Total Cost": 701188.89, "Plan Rows": 1, "Plan Width": 44, "Inner Unique": false, "Join Filter": "(supplier.s_suppkey = lineitem.l_suppkey)", "Plans": [{"Node Type": "Hash Join", "Parent Relationship": "Outer", "Join Type": "Inner", "Startup Cost": 6584.54, "Total Cost": 557439.88, "Plan Rows": 125630, "Plan Width": 44, "Inner Unique": true, "Hash Cond": "(partsupp.ps_suppkey = supplier.s_suppkey), (LLVM Optimized)", "Plans": [{"Node Type": "Nested Loop", "Parent Relationship": "Outer", "Join Type": "Inner", "Startup Cost": 0.0, "Total Cost": 548625.29, "Plan Rows": 259666, "Plan Width": 32, "Inner Unique": false, "Plans": [{"Node Type": "Index Scan", "Parent Relationship": "Outer", "Scan Direction": "Forward", "Index Name": "part_kpey", "Relation Name": "part", "Alias": "part", "Startup Cost": 0.0, "Total Cost": 105803.25, "Plan Rows": 89888, "Plan Width": 8, "Filter": "((p_name)::text ~~ '%dim%'::text)"}, {"Node Type": "Index Scan", "Parent Relationship": "Inner", "Scan Direction": "Forward", "Index Name": "idx_partsupp_partkey", "Relation Name": "partsupp", "Alias": "partsupp", "Startup Cost": 0.0, "Total Cost": 4.9, "Plan Rows": 3, "Plan Width": 24, "Index Cond": "(ps_partkey = part.p_partkey)"}]}, {"Node Type": "Hash", "Parent Relationship": "Inner", "Startup Cost": 5334.54, "Total Cost": 5334.54, "Plan Rows": 100000, "Plan Width": 12, "Plans": [{"Node Type": "Index Scan", "Parent Relationship": "Outer", "Scan Direction": "Forward", "Index Name": "supplier_pkey", "Relation Name": "supplier", "Alias": "supplier", "Startup Cost": 0.0, "Total Cost": 5334.54, "Plan Rows": 100000, "Plan Width": 12}]}]}, {"Node Type": "Index Scan", "Parent Relationship": "Inner", "Scan Direction": "Forward", "Index Name": "idx_lineitem_part_supp", "Relation Name": "lineitem", "Alias": "lineitem", "Startup Cost": 0.0, "Total Cost": 1.13, "Plan Rows": 1, "Plan Width": 48, "Index Cond": "((l_partkey = partsupp.ps_partkey) AND (l_suppkey = partsupp.ps_suppkey))"}]}, {"Node Type": "Index Scan", "Parent Relationship": "Inner", "Scan Direction": "Forward", "Index Name": "orders_pkey", "Relation Name": "orders", "Alias": "orders", "Startup Cost": 0.0, "Total Cost": 0.29, "Plan Rows": 1, "Plan Width": 16, "Index Cond": "(o_orderkey = lineitem.l_orderkey)"}]}, {"Node Type": "Index Scan", "Parent Relationship": "Inner", "Scan Direction": "Forward", "Index Name": "nation_pkey", "Relation Name": "nation", "Alias": "nation", "Startup Cost": 0.0, "Total Cost": 0.27, "Plan Rows": 1, "Plan Width": 30, "Index Cond": "(n_nationkey = supplier.s_nationkey)"}]}]}]}, "Unique SQL Id": 3628361425}, "explain_analyze_plan": {"Plan": {"Node Type": "Sort", "Startup Cost": 701189.51, "Total Cost": 701189.52, "Plan Rows": 1, "Plan Width": 74, "Actual Startup Time": 56757.804, "Actual Total Time": 56757.818, "Actual Rows": 175, "Actual Loops": 1, "Sort Key": ["nation.n_name", "(date_part('year'::text, orders.o_orderdate)) DESC"], "Sort Method": "quicksort", "Sort Space Used": 52, "Sort Space Type": "Memory", "Plans": [{"Node Type": "Aggregate", "Strategy": "Hashed", "Parent Relationship": "Outer", "Startup Cost": 701189.49, "Total Cost": 701189.5, "Plan Rows": 1, "Plan Width": 74, "Actual Startup Time": 56757.401, "Actual Total Time": 56757.434, "Actual Rows": 175, "Actual Loops": 1, "Group By Key": ["nation.n_name", "date_part('year'::text, orders.o_orderdate)"], "Plans": [{"Node Type": "Nested Loop", "Parent Relationship": "Outer", "Join Type": "Inner", "Startup Cost": 6584.54, "Total Cost": 701189.47, "Plan Rows": 1, "Plan Width": 66, "Actual Startup Time": 106.399, "Actual Total Time": 52825.55, "Actual Rows": 3256948, "Actual Loops": 1, "Inner Unique": true, "Plans": [{"Node Type": "Nested Loop", "Parent Relationship": "Outer", "Join Type": "Inner", "Startup Cost": 6584.54, "Total Cost": 701189.19, "Plan Rows": 1, "Plan Width": 44, "Actual Startup Time": 106.363, "Actual Total Time": 44002.737, "Actual Rows": 3256948, "Actual Loops": 1, "Inner Unique": true, "Plans": [{"Node Type": "Nested Loop", "Parent Relationship": "Outer", "Join Type": "Inner", "Startup Cost": 6584.54, "Total Cost": 701188.89, "Plan Rows": 1, "Plan Width": 44, "Actual Startup Time": 106.34, "Actual Total Time": 16136.796, "Actual Rows": 3256948, "Actual Loops": 1, "Inner Unique": false, "Join Filter": "(supplier.s_suppkey = lineitem.l_suppkey)", "Rows Removed by Join Filter": 0, "Plans": [{"Node Type": "Hash Join", "Parent Relationship": "Outer", "Join Type": "Inner", "Startup Cost": 6584.54, "Total Cost": 557439.88, "Plan Rows": 125630, "Plan Width": 44, "Actual Startup Time": 106.3, "Actual Total Time": 3477.4, "Actual Rows": 434204, "Actual Loops": 1, "Inner Unique": true, "Hash Cond": "(partsupp.ps_suppkey = supplier.s_suppkey), (LLVM Optimized, Jit Execute)", "Plans": [{"Node Type": "Nested Loop", "Parent Relationship": "Outer", "Join Type": "Inner", "Startup Cost": 0.0, "Total Cost": 548625.29, "Plan Rows": 259666, "Plan Width": 32, "Actual Startup Time": 0.05, "Actual Total Time": 2916.216, "Actual Rows": 434204, "Actual Loops": 1, "Inner Unique": false, "Plans": [{"Node Type": "Index Scan", "Parent Relationship": "Outer", "Scan Direction": "Forward", "Index Name": "part_kpey", "Relation Name": "part", "Alias": "part", "Startup Cost": 0.0, "Total Cost": 105803.25, "Plan Rows": 89888, "Plan Width": 8, "Actual Startup Time": 0.038, "Actual Total Time": 1713.725, "Actual Rows": 108551, "Actual Loops": 1, "Filter": "((p_name)::text ~~ '%dim%'::text)", "Rows Removed by Filter": 1891449}, {"Node Type": "Index Scan", "Parent Relationship": "Inner", "Scan Direction": "Forward", "Index Name": "idx_partsupp_partkey", "Relation Name": "partsupp", "Alias": "partsupp", "Startup Cost": 0.0, "Total Cost": 4.9, "Plan Rows": 3, "Plan Width": 24, "Actual Startup Time": 698.665, "Actual Total Time": 994.397, "Actual Rows": 434204, "Actual Loops": 108551, "Index Cond": "(ps_partkey = part.p_partkey)", "Rows Removed by Index Recheck": 0}]}, {"Node Type": "Hash", "Parent Relationship": "Inner", "Startup Cost": 5334.54, "Total Cost": 5334.54, "Plan Rows": 100000, "Plan Width": 12, "Actual Startup Time": 106.06, "Actual Total Time": 106.06, "Actual Rows": 100000, "Actual Loops": 1, "Hash Buckets": 131072, "Hash Batches": 1, "Original Hash Batches": 1, "Peak Memory Usage": 4297, "Plans": [{"Node Type": "Index Scan", "Parent Relationship": "Outer", "Scan Direction": "Forward", "Index Name": "supplier_pkey", "Relation Name": "supplier", "Alias": "supplier", "Startup Cost": 0.0, "Total Cost": 5334.54, "Plan Rows": 100000, "Plan Width": 12, "Actual Startup Time": 0.019, "Actual Total Time": 76.575, "Actual Rows": 100000, "Actual Loops": 1}]}]}, {"Node Type": "Index Scan", "Parent Relationship": "Inner", "Scan Direction": "Forward", "Index Name": "idx_lineitem_part_supp", "Relation Name": "lineitem", "Alias": "lineitem", "Startup Cost": 0.0, "Total Cost": 1.13, "Plan Rows": 1, "Plan Width": 48, "Actual Startup Time": 3224.162, "Actual Total Time": 11011.239, "Actual Rows": 3256948, "Actual Loops": 434204, "Index Cond": "((l_partkey = partsupp.ps_partkey) AND (l_suppkey = partsupp.ps_suppkey))", "Rows Removed by Index Recheck": 0}]}, {"Node Type": "Index Scan", "Parent Relationship": "Inner", "Scan Direction": "Forward", "Index Name": "orders_pkey", "Relation Name": "orders", "Alias": "orders", "Startup Cost": 0.0, "Total Cost": 0.29, "Plan Rows": 1, "Plan Width": 16, "Actual Startup Time": 25102.62, "Actual Total Time": 25102.62, "Actual Rows": 3256948, "Actual Loops": 3256948, "Index Cond": "(o_orderkey = lineitem.l_orderkey)", "Rows Removed by Index Recheck": 0}]}, {"Node Type": "Index Scan", "Parent Relationship": "Inner", "Scan Direction": "Forward", "Index Name": "nation_pkey", "Relation Name": "nation", "Alias": "nation", "Startup Cost": 0.0, "Total Cost": 0.27, "Plan Rows": 1, "Plan Width": 30, "Actual Startup Time": 4713.432, "Actual Total Time": 4713.432, "Actual Rows": 3256948, "Actual Loops": 3256948, "Index Cond": "(n_nationkey = supplier.s_nationkey)", "Rows Removed by Index Recheck": 0}]}]}]}, "Triggers": [], "Planner Runtime": 33.85, "Total Runtime": 56766.913, "Unique SQL Id": 3628361425}}, "(16, 42)": {"explain_plan": {"Plan": {"Node Type": "Sort", "Startup Cost": 3188400.29, "Total Cost": 3188400.29, "Plan Rows": 1, "Plan Width": 74, "Sort Key": ["nation.n_name", "(date_part('year'::text, orders.o_orderdate)) DESC"], "Plans": [{"Node Type": "Aggregate", "Strategy": "Hashed", "Parent Relationship": "Outer", "Startup Cost": 3188400.27, "Total Cost": 3188400.28, "Plan Rows": 1, "Plan Width": 74, "Group By Key": ["nation.n_name", "date_part('year'::text, orders.o_orderdate)"], "Plans": [{"Node Type": "Nested Loop", "Parent Relationship": "Outer", "Join Type": "Inner", "Startup Cost": 2705736.84, "Total Cost": 3188400.25, "Plan Rows": 1, "Plan Width": 66, "Inner Unique": true, "Join Filter": "(supplier.s_nationkey = nation.n_nationkey)", "Plans": [{"Node Type": "Hash Join", "Parent Relationship": "Outer", "Join Type": "Inner", "Startup Cost": 2705736.84, "Total Cost": 3188398.68, "Plan Rows": 1, "Plan Width": 44, "Inner Unique": false, "Hash Cond": "(orders.o_orderkey = lineitem.l_orderkey)", "Plans": [{"Node Type": "Seq Scan", "Parent Relationship": "Outer", "Relation Name": "orders", "Alias": "orders", "Startup Cost": 0.0, "Total Cost": 426413.79, "Plan Rows": 14999479, "Plan Width": 16}, {"Node Type": "Hash", "Parent Relationship": "Inner", "Startup Cost": 2705736.82, "Total Cost": 2705736.82, "Plan Rows": 1, "Plan Width": 44, "Plans": [{"Node Type": "Hash Join", "Parent Relationship": "Outer", "Join Type": "Inner", "Startup Cost": 406202.19, "Total Cost": 2705736.82, "Plan Rows": 1, "Plan Width": 44, "Inner Unique": false, "Hash Cond": "((lineitem.l_suppkey = partsupp.ps_suppkey) AND (lineitem.l_partkey = partsupp.ps_partkey))", "Plans": [{"Node Type": "Hash Join", "Parent Relationship": "Outer", "Join Type": "Inner", "Startup Cost": 68067.6, "Total Cost": 2313089.96, "Plan Rows": 495566, "Plan Width": 56, "Inner Unique": true, "Hash Cond": "(lineitem.l_partkey = part.p_partkey), (LLVM Optimized)", "Plans": [{"Node Type": "Seq Scan", "Parent Relationship": "Outer", "Relation Name": "lineitem", "Alias": "lineitem", "Startup Cost": 0.0, "Total Cost": 2015115.33, "Plan Rows": 59987033, "Plan Width": 48}, {"Node Type": "Hash", "Parent Relationship": "Inner", "Startup Cost": 66944.0, "Total Cost": 66944.0, "Plan Rows": 89888, "Plan Width": 8, "Plans": [{"Node Type": "Seq Scan", "Parent Relationship": "Outer", "Relation Name": "part", "Alias": "part", "Startup Cost": 0.0, "Total Cost": 66944.0, "Plan Rows": 89888, "Plan Width": 8, "Filter": "((p_name)::text ~~ '%dim%'::text)"}]}]}, {"Node Type": "Hash", "Parent Relationship": "Inner", "Startup Cost": 317967.1, "Total Cost": 317967.1, "Plan Rows": 1344499, "Plan Width": 36, "Plans": [{"Node Type": "Hash Join", "Parent Relationship": "Outer", "Join Type": "Inner", "Startup Cost": 4533.0, "Total Cost": 317967.1, "Plan Rows": 1344499, "Plan Width": 36, "Inner Unique": true, "Hash Cond": "(partsupp.ps_suppkey = supplier.s_suppkey), (LLVM Optimized)", "Plans": [{"Node Type": "Seq Scan", "Parent Relationship": "Outer", "Relation Name": "partsupp", "Alias": "partsupp", "Startup Cost": 0.0, "Total Cost": 269987.72, "Plan Rows": 8000372, "Plan Width": 24}, {"Node Type": "Hash", "Parent Relationship": "Inner", "Startup Cost": 3283.0, "Total Cost": 3283.0, "Plan Rows": 100000, "Plan Width": 12, "Plans": [{"Node Type": "Seq Scan", "Parent Relationship": "Outer", "Relation Name": "supplier", "Alias": "supplier", "Startup Cost": 0.0, "Total Cost": 3283.0, "Plan Rows": 100000, "Plan Width": 12}]}]}]}]}]}]}, {"Node Type": "Seq Scan", "Parent Relationship": "Inner", "Relation Name": "nation", "Alias": "nation", "Startup Cost": 0.0, "Total Cost": 1.25, "Plan Rows": 25, "Plan Width": 30}]}]}]}, "Unique SQL Id": 3628361425}, "explain_analyze_plan": null}, "(16, 43)": {"explain_plan": {"Plan": {"Node Type": "Sort", "Startup Cost": 6017789044137.01, "Total Cost": 6017789044137.01, "Plan Rows": 1, "Plan Width": 74, "Sort Key": ["nation.n_name", "(date_part('year'::text, orders.o_orderdate)) DESC"], "Plans": [{"Node Type": "Aggregate", "Strategy": "Hashed", "Parent Relationship": "Outer", "Startup Cost": 6017789044136.99, "Total Cost": 6017789044137.0, "Plan Rows": 1, "Plan Width": 74, "Group By Key": ["nation.n_name", "date_part('year'::text, orders.o_orderdate)"], "Plans": [{"Node Type": "Nested Loop", "Parent Relationship": "Outer", "Join Type": "Inner", "Startup Cost": 1050010581448.6, "Total Cost": 6017789044136.97, "Plan Rows": 1, "Plan Width": 66, "Inner Unique": true, "Plans": [{"Node Type": "Nested Loop", "Parent Relationship": "Outer", "Join Type": "Inner", "Startup Cost": 1040010581448.6, "Total Cost": 5017789044107.73, "Plan Rows": 1, "Plan Width": 66, "Inner Unique": false, "Join Filter": "((lineitem.l_suppkey = partsupp.ps_suppkey) AND (lineitem.l_partkey = partsupp.ps_partkey))", "Plans": [{"Node Type": "Index Scan", "Parent Relationship": "Outer", "Scan Direction": "Forward", "Index Name": "partsupp_pkey", "Relation Name": "partsupp", "Alias": "partsupp", "Startup Cost": 10000000000.0, "Total Cost": 1000071640963.22, "Plan Rows": 8000372, "Plan Width": 24}, {"Node Type": "Materialize", "Parent Relationship": "Inner", "Startup Cost": 1030010581448.6, "Total Cost": 4001078749780.2, "Plan Rows": 118842, "Plan Width": 90, "Plans": [{"Node Type": "Nested Loop", "Parent Relationship": "Outer", "Join Type": "Inner", "Startup Cost": 1030010581448.6, "Total Cost": 4001078749185.99, "Plan Rows": 118842, "Plan Width": 90, "Inner Unique": false, "Join Filter": "(lineitem.l_suppkey = supplier.s_suppkey), (LLVM Optimized)", "Plans": [{"Node Type": "Nested Loop", "Parent Relationship": "Outer", "Join Type": "Inner", "Startup Cost": 20000000000.0, "Total Cost": 2000000572216.94, "Plan Rows": 100000, "Plan Width": 34, "Inner Unique": true, "Join Filter": "(supplier.s_nationkey = nation.n_nationkey), (LLVM Optimized)", "Plans": [{"Node Type": "Index Scan", "Parent Relationship": "Outer", "Scan Direction": "Forward", "Index Name": "supplier_pkey", "Relation Name": "supplier", "Alias": "supplier", "Startup Cost": 10000000000.0, "Total Cost": 1000000533454.38, "Plan Rows": 100000, "Plan Width": 12}, {"Node Type": "Materialize", "Parent Relationship": "Inner", "Startup Cost": 10000000000.0, "Total Cost": 1000000001262.62, "Plan Rows": 25, "Plan Width": 30, "Plans": [{"Node Type": "Index Scan", "Parent Relationship": "Outer", "Scan Direction": "Forward", "Index Name": "nation_pkey", "Relation Name": "nation", "Alias": "nation", "Startup Cost": 10000000000.0, "Total Cost": 1000000001262.5, "Plan Rows": 25, "Plan Width": 30}]}]}, {"Node Type": "Materialize", "Parent Relationship": "Inner", "Startup Cost": 1010010581448.6, "Total Cost": 2000334829207.96, "Plan Rows": 495566, "Plan Width": 56, "Plans": [{"Node Type": "Hash Join", "Parent Relationship": "Outer", "Join Type": "Inner", "Startup Cost": 1010010581448.6, "Total Cost": 2000334826730.13, "Plan Rows": 495566, "Plan Width": 56, "Inner Unique": true, "Hash Cond": "(lineitem.l_partkey = part.p_partkey), (LLVM Optimized)", "Plans": [{"Node Type": "Index Scan", "Parent Relationship": "Outer", "Scan Direction": "Forward", "Index Name": "idx_lineitem_orderkey", "Relation Name": "lineitem", "Alias": "lineitem", "Startup Cost": 10000000000.0, "Total Cost": 1000324015374.5, "Plan Rows": 59987033, "Plan Width": 48}, {"Node Type": "Hash", "Parent Relationship": "Inner", "Startup Cost": 1000010580325.0, "Total Cost": 1000010580325.0, "Plan Rows": 89888, "Plan Width": 8, "Plans": [{"Node Type": "Index Scan", "Parent Relationship": "Outer", "Scan Direction": "Forward", "Index Name": "part_kpey", "Relation Name": "part", "Alias": "part", "Startup Cost": 10000000000.0, "Total Cost": 1000010580325.0, "Plan Rows": 89888, "Plan Width": 8, "Filter": "((p_name)::text ~~ '%dim%'::text)"}]}]}]}]}]}]}, {"Node Type": "Index Scan", "Parent Relationship": "Inner", "Scan Direction": "Forward", "Index Name": "orders_pkey", "Relation Name": "orders", "Alias": "orders", "Startup Cost": 10000000000.0, "Total Cost": 1000000000029.23, "Plan Rows": 1, "Plan Width": 16, "Index Cond": "(o_orderkey = lineitem.l_orderkey)"}]}]}]}, "Unique SQL Id": 3628361425}, "explain_analyze_plan": null}, "(16, 44)": {"explain_plan": {"Plan": {"Node Type": "Sort", "Startup Cost": 521166.05, "Total Cost": 521166.06, "Plan Rows": 1, "Plan Width": 74, "Sort Key": ["nation.n_name", "(date_part('year'::text, orders.o_orderdate)) DESC"], "Plans": [{"Node Type": "Aggregate", "Strategy": "Hashed", "Parent Relationship": "Outer", "Startup Cost": 521166.03, "Total Cost": 521166.04, "Plan Rows": 1, "Plan Width": 74, "Group By Key": ["nation.n_name", "date_part('year'::text, orders.o_orderdate)"], "Plans": [{"Node Type": "Nested Loop", "Parent Relationship": "Outer", "Join Type": "Inner", "Startup Cost": 72600.6, "Total Cost": 521166.01, "Plan Rows": 1, "Plan Width": 66, "Inner Unique": true, "Plans": [{"Node Type": "Nested Loop", "Parent Relationship": "Outer", "Join Type": "Inner", "Startup Cost": 72600.6, "Total Cost": 521165.73, "Plan Rows": 1, "Plan Width": 44, "Inner Unique": true, "Plans": [{"Node Type": "Nested Loop", "Parent Relationship": "Outer", "Join Type": "Inner", "Startup Cost": 72600.6, "Total Cost": 521165.43, "Plan Rows": 1, "Plan Width": 44, "Inner Unique": false, "Join Filter": "(supplier.s_suppkey = lineitem.l_suppkey)", "Plans": [{"Node Type": "Hash Join", "Parent Relationship": "Outer", "Join Type": "Inner", "Startup Cost": 72600.6, "Total Cost": 377416.42, "Plan Rows": 125630, "Plan Width": 44, "Inner Unique": true, "Hash Cond": "(partsupp.ps_suppkey = supplier.s_suppkey), (LLVM Optimized)", "Plans": [{"Node Type": "Hash Join", "Parent Relationship": "Outer", "Join Type": "Inner", "Startup Cost": 68067.6, "Total Cost": 370653.38, "Plan Rows": 259666, "Plan Width": 32, "Inner Unique": true, "Hash Cond": "(partsupp.ps_partkey = part.p_partkey), (LLVM Optimized)", "Plans": [{"Node Type": "Seq Scan", "Parent Relationship": "Outer", "Relation Name": "partsupp", "Alias": "partsupp", "Startup Cost": 0.0, "Total Cost": 269987.72, "Plan Rows": 8000372, "Plan Width": 24}, {"Node Type": "Hash", "Parent Relationship": "Inner", "Startup Cost": 66944.0, "Total Cost": 66944.0, "Plan Rows": 89888, "Plan Width": 8, "Plans": [{"Node Type": "Seq Scan", "Parent Relationship": "Outer", "Relation Name": "part", "Alias": "part", "Startup Cost": 0.0, "Total Cost": 66944.0, "Plan Rows": 89888, "Plan Width": 8, "Filter": "((p_name)::text ~~ '%dim%'::text)"}]}]}, {"Node Type": "Hash", "Parent Relationship": "Inner", "Startup Cost": 3283.0, "Total Cost": 3283.0, "Plan Rows": 100000, "Plan Width": 12, "Plans": [{"Node Type": "Seq Scan", "Parent Relationship": "Outer", "Relation Name": "supplier", "Alias": "supplier", "Startup Cost": 0.0, "Total Cost": 3283.0, "Plan Rows": 100000, "Plan Width": 12}]}]}, {"Node Type": "Index Scan", "Parent Relationship": "Inner", "Scan Direction": "Forward", "Index Name": "idx_lineitem_part_supp", "Relation Name": "lineitem", "Alias": "lineitem", "Startup Cost": 0.0, "Total Cost": 1.13, "Plan Rows": 1, "Plan Width": 48, "Index Cond": "((l_partkey = partsupp.ps_partkey) AND (l_suppkey = partsupp.ps_suppkey))"}]}, {"Node Type": "Index Scan", "Parent Relationship": "Inner", "Scan Direction": "Forward", "Index Name": "orders_pkey", "Relation Name": "orders", "Alias": "orders", "Startup Cost": 0.0, "Total Cost": 0.29, "Plan Rows": 1, "Plan Width": 16, "Index Cond": "(o_orderkey = lineitem.l_orderkey)"}]}, {"Node Type": "Index Scan", "Parent Relationship": "Inner", "Scan Direction": "Forward", "Index Name": "nation_pkey", "Relation Name": "nation", "Alias": "nation", "Startup Cost": 0.0, "Total Cost": 0.27, "Plan Rows": 1, "Plan Width": 30, "Index Cond": "(n_nationkey = supplier.s_nationkey)"}]}]}]}, "Unique SQL Id": 3628361425}, "explain_analyze_plan": {"Plan": {"Node Type": "Sort", "Startup Cost": 521166.05, "Total Cost": 521166.06, "Plan Rows": 1, "Plan Width": 74, "Actual Startup Time": 58612.397, "Actual Total Time": 58612.409, "Actual Rows": 175, "Actual Loops": 1, "Sort Key": ["nation.n_name", "(date_part('year'::text, orders.o_orderdate)) DESC"], "Sort Method": "quicksort", "Sort Space Used": 52, "Sort Space Type": "Memory", "Plans": [{"Node Type": "Aggregate", "Strategy": "Hashed", "Parent Relationship": "Outer", "Startup Cost": 521166.03, "Total Cost": 521166.04, "Plan Rows": 1, "Plan Width": 74, "Actual Startup Time": 58611.995, "Actual Total Time": 58612.032, "Actual Rows": 175, "Actual Loops": 1, "Group By Key": ["nation.n_name", "date_part('year'::text, orders.o_orderdate)"], "Plans": [{"Node Type": "Nested Loop", "Parent Relationship": "Outer", "Join Type": "Inner", "Startup Cost": 72600.6, "Total Cost": 521166.01, "Plan Rows": 1, "Plan Width": 66, "Actual Startup Time": 1104.953, "Actual Total Time": 54814.063, "Actual Rows": 3256948, "Actual Loops": 1, "Inner Unique": true, "Plans": [{"Node Type": "Nested Loop", "Parent Relationship": "Outer", "Join Type": "Inner", "Startup Cost": 72600.6, "Total Cost": 521165.73, "Plan Rows": 1, "Plan Width": 44, "Actual Startup Time": 1104.916, "Actual Total Time": 46326.692, "Actual Rows": 3256948, "Actual Loops": 1, "Inner Unique": true, "Plans": [{"Node Type": "Nested Loop", "Parent Relationship": "Outer", "Join Type": "Inner", "Startup Cost": 72600.6, "Total Cost": 521165.43, "Plan Rows": 1, "Plan Width": 44, "Actual Startup Time": 1104.891, "Actual Total Time": 18807.178, "Actual Rows": 3256948, "Actual Loops": 1, "Inner Unique": false, "Join Filter": "(supplier.s_suppkey = lineitem.l_suppkey)", "Rows Removed by Join Filter": 0, "Plans": [{"Node Type": "Hash Join", "Parent Relationship": "Outer", "Join Type": "Inner", "Startup Cost": 72600.6, "Total Cost": 377416.42, "Plan Rows": 125630, "Plan Width": 44, "Actual Startup Time": 1104.824, "Actual Total Time": 6240.661, "Actual Rows": 434204, "Actual Loops": 1, "Inner Unique": true, "Hash Cond": "(partsupp.ps_suppkey = supplier.s_suppkey), (LLVM Optimized, Jit Execute)", "Plans": [{"Node Type": "Hash Join", "Parent Relationship": "Outer", "Join Type": "Inner", "Startup Cost": 68067.6, "Total Cost": 370653.38, "Plan Rows": 259666, "Plan Width": 32, "Actual Startup Time": 1036.673, "Actual Total Time": 5757.994, "Actual Rows": 434204, "Actual Loops": 1, "Inner Unique": true, "Hash Cond": "(partsupp.ps_partkey = part.p_partkey), (LLVM Optimized, Jit Execute)", "Plans": [{"Node Type": "Seq Scan", "Parent Relationship": "Outer", "Relation Name": "partsupp", "Alias": "partsupp", "Startup Cost": 0.0, "Total Cost": 269987.72, "Plan Rows": 8000372, "Plan Width": 24, "Actual Startup Time": 0.025, "Actual Total Time": 2548.053, "Actual Rows": 8000000, "Actual Loops": 1}, {"Node Type": "Hash", "Parent Relationship": "Inner", "Startup Cost": 66944.0, "Total Cost": 66944.0, "Plan Rows": 89888, "Plan Width": 8, "Actual Startup Time": 1036.439, "Actual Total Time": 1036.439, "Actual Rows": 108551, "Actual Loops": 1, "Hash Buckets": 131072, "Hash Batches": 1, "Original Hash Batches": 1, "Peak Memory Usage": 4241, "Plans": [{"Node Type": "Seq Scan", "Parent Relationship": "Outer", "Relation Name": "part", "Alias": "part", "Startup Cost": 0.0, "Total Cost": 66944.0, "Plan Rows": 89888, "Plan Width": 8, "Actual Startup Time": 0.035, "Actual Total Time": 998.743, "Actual Rows": 108551, "Actual Loops": 1, "Filter": "((p_name)::text ~~ '%dim%'::text)", "Rows Removed by Filter": 1891449}]}]}, {"Node Type": "Hash", "Parent Relationship": "Inner", "Startup Cost": 3283.0, "Total Cost": 3283.0, "Plan Rows": 100000, "Plan Width": 12, "Actual Startup Time": 67.975, "Actual Total Time": 67.975, "Actual Rows": 100000, "Actual Loops": 1, "Hash Buckets": 131072, "Hash Batches": 1, "Original Hash Batches": 1, "Peak Memory Usage": 4297, "Plans": [{"Node Type": "Seq Scan", "Parent Relationship": "Outer", "Relation Name": "supplier", "Alias": "supplier", "Startup Cost": 0.0, "Total Cost": 3283.0, "Plan Rows": 100000, "Plan Width": 12, "Actual Startup Time": 0.02, "Actual Total Time": 39.334, "Actual Rows": 100000, "Actual Loops": 1}]}]}, {"Node Type": "Index Scan", "Parent Relationship": "Inner", "Scan Direction": "Forward", "Index Name": "idx_lineitem_part_supp", "Relation Name": "lineitem", "Alias": "lineitem", "Startup Cost": 0.0, "Total Cost": 1.13, "Plan Rows": 1, "Plan Width": 48, "Actual Startup Time": 3206.079, "Actual Total Time": 10926.206, "Actual Rows": 3256948, "Actual Loops": 434204, "Index Cond": "((l_partkey = partsupp.ps_partkey) AND (l_suppkey = partsupp.ps_suppkey))", "Rows Removed by Index Recheck": 0}]}, {"Node Type": "Index Scan", "Parent Relationship": "Inner", "Scan Direction": "Forward", "Index Name": "orders_pkey", "Relation Name": "orders", "Alias": "orders", "Startup Cost": 0.0, "Total Cost": 0.29, "Plan Rows": 1, "Plan Width": 16, "Actual Startup Time": 24822.179, "Actual Total Time": 24822.179, "Actual Rows": 3256948, "Actual Loops": 3256948, "Index Cond": "(o_orderkey = lineitem.l_orderkey)", "Rows Removed by Index Recheck": 0}]}, {"Node Type": "Index Scan", "Parent Relationship": "Inner", "Scan Direction": "Forward", "Index Name": "nation_pkey", "Relation Name": "nation", "Alias": "nation", "Startup Cost": 0.0, "Total Cost": 0.27, "Plan Rows": 1, "Plan Width": 30, "Actual Startup Time": 4488.603, "Actual Total Time": 4488.603, "Actual Rows": 3256948, "Actual Loops": 3256948, "Index Cond": "(n_nationkey = supplier.s_nationkey)", "Rows Removed by Index Recheck": 0}]}]}]}, "Triggers": [], "Planner Runtime": 34.971, "Total Runtime": 58621.827, "Unique SQL Id": 3628361425}}, "(16, 45)": {"explain_plan": {"Plan": {"Node Type": "Sort", "Startup Cost": 701189.51, "Total Cost": 701189.52, "Plan Rows": 1, "Plan Width": 74, "Sort Key": ["nation.n_name", "(date_part('year'::text, orders.o_orderdate)) DESC"], "Plans": [{"Node Type": "Aggregate", "Strategy": "Hashed", "Parent Relationship": "Outer", "Startup Cost": 701189.49, "Total Cost": 701189.5, "Plan Rows": 1, "Plan Width": 74, "Group By Key": ["nation.n_name", "date_part('year'::text, orders.o_orderdate)"], "Plans": [{"Node Type": "Nested Loop", "Parent Relationship": "Outer", "Join Type": "Inner", "Startup Cost": 6584.54, "Total Cost": 701189.47, "Plan Rows": 1, "Plan Width": 66, "Inner Unique": true, "Plans": [{"Node Type": "Nested Loop", "Parent Relationship": "Outer", "Join Type": "Inner", "Startup Cost": 6584.54, "Total Cost": 701189.19, "Plan Rows": 1, "Plan Width": 44, "Inner Unique": true, "Plans": [{"Node Type": "Nested Loop", "Parent Relationship": "Outer", "Join Type": "Inner", "Startup Cost": 6584.54, "Total Cost": 701188.89, "Plan Rows": 1, "Plan Width": 44, "Inner Unique": false, "Join Filter": "(supplier.s_suppkey = lineitem.l_suppkey)", "Plans": [{"Node Type": "Hash Join", "Parent Relationship": "Outer", "Join Type": "Inner", "Startup Cost": 6584.54, "Total Cost": 557439.88, "Plan Rows": 125630, "Plan Width": 44, "Inner Unique": true, "Hash Cond": "(partsupp.ps_suppkey = supplier.s_suppkey), (LLVM Optimized)", "Plans": [{"Node Type": "Nested Loop", "Parent Relationship": "Outer", "Join Type": "Inner", "Startup Cost": 0.0, "Total Cost": 548625.29, "Plan Rows": 259666, "Plan Width": 32, "Inner Unique": false, "Plans": [{"Node Type": "Index Scan", "Parent Relationship": "Outer", "Scan Direction": "Forward", "Index Name": "part_kpey", "Relation Name": "part", "Alias": "part", "Startup Cost": 0.0, "Total Cost": 105803.25, "Plan Rows": 89888, "Plan Width": 8, "Filter": "((p_name)::text ~~ '%dim%'::text)"}, {"Node Type": "Index Scan", "Parent Relationship": "Inner", "Scan Direction": "Forward", "Index Name": "idx_partsupp_partkey", "Relation Name": "partsupp", "Alias": "partsupp", "Startup Cost": 0.0, "Total Cost": 4.9, "Plan Rows": 3, "Plan Width": 24, "Index Cond": "(ps_partkey = part.p_partkey)"}]}, {"Node Type": "Hash", "Parent Relationship": "Inner", "Startup Cost": 5334.54, "Total Cost": 5334.54, "Plan Rows": 100000, "Plan Width": 12, "Plans": [{"Node Type": "Index Scan", "Parent Relationship": "Outer", "Scan Direction": "Forward", "Index Name": "supplier_pkey", "Relation Name": "supplier", "Alias": "supplier", "Startup Cost": 0.0, "Total Cost": 5334.54, "Plan Rows": 100000, "Plan Width": 12}]}]}, {"Node Type": "Index Scan", "Parent Relationship": "Inner", "Scan Direction": "Forward", "Index Name": "idx_lineitem_part_supp", "Relation Name": "lineitem", "Alias": "lineitem", "Startup Cost": 0.0, "Total Cost": 1.13, "Plan Rows": 1, "Plan Width": 48, "Index Cond": "((l_partkey = partsupp.ps_partkey) AND (l_suppkey = partsupp.ps_suppkey))"}]}, {"Node Type": "Index Scan", "Parent Relationship": "Inner", "Scan Direction": "Forward", "Index Name": "orders_pkey", "Relation Name": "orders", "Alias": "orders", "Startup Cost": 0.0, "Total Cost": 0.29, "Plan Rows": 1, "Plan Width": 16, "Index Cond": "(o_orderkey = lineitem.l_orderkey)"}]}, {"Node Type": "Index Scan", "Parent Relationship": "Inner", "Scan Direction": "Forward", "Index Name": "nation_pkey", "Relation Name": "nation", "Alias": "nation", "Startup Cost": 0.0, "Total Cost": 0.27, "Plan Rows": 1, "Plan Width": 30, "Index Cond": "(n_nationkey = supplier.s_nationkey)"}]}]}]}, "Unique SQL Id": 3628361425}, "explain_analyze_plan": {"Plan": {"Node Type": "Sort", "Startup Cost": 701189.51, "Total Cost": 701189.52, "Plan Rows": 1, "Plan Width": 74, "Actual Startup Time": 56757.804, "Actual Total Time": 56757.818, "Actual Rows": 175, "Actual Loops": 1, "Sort Key": ["nation.n_name", "(date_part('year'::text, orders.o_orderdate)) DESC"], "Sort Method": "quicksort", "Sort Space Used": 52, "Sort Space Type": "Memory", "Plans": [{"Node Type": "Aggregate", "Strategy": "Hashed", "Parent Relationship": "Outer", "Startup Cost": 701189.49, "Total Cost": 701189.5, "Plan Rows": 1, "Plan Width": 74, "Actual Startup Time": 56757.401, "Actual Total Time": 56757.434, "Actual Rows": 175, "Actual Loops": 1, "Group By Key": ["nation.n_name", "date_part('year'::text, orders.o_orderdate)"], "Plans": [{"Node Type": "Nested Loop", "Parent Relationship": "Outer", "Join Type": "Inner", "Startup Cost": 6584.54, "Total Cost": 701189.47, "Plan Rows": 1, "Plan Width": 66, "Actual Startup Time": 106.399, "Actual Total Time": 52825.55, "Actual Rows": 3256948, "Actual Loops": 1, "Inner Unique": true, "Plans": [{"Node Type": "Nested Loop", "Parent Relationship": "Outer", "Join Type": "Inner", "Startup Cost": 6584.54, "Total Cost": 701189.19, "Plan Rows": 1, "Plan Width": 44, "Actual Startup Time": 106.363, "Actual Total Time": 44002.737, "Actual Rows": 3256948, "Actual Loops": 1, "Inner Unique": true, "Plans": [{"Node Type": "Nested Loop", "Parent Relationship": "Outer", "Join Type": "Inner", "Startup Cost": 6584.54, "Total Cost": 701188.89, "Plan Rows": 1, "Plan Width": 44, "Actual Startup Time": 106.34, "Actual Total Time": 16136.796, "Actual Rows": 3256948, "Actual Loops": 1, "Inner Unique": false, "Join Filter": "(supplier.s_suppkey = lineitem.l_suppkey)", "Rows Removed by Join Filter": 0, "Plans": [{"Node Type": "Hash Join", "Parent Relationship": "Outer", "Join Type": "Inner", "Startup Cost": 6584.54, "Total Cost": 557439.88, "Plan Rows": 125630, "Plan Width": 44, "Actual Startup Time": 106.3, "Actual Total Time": 3477.4, "Actual Rows": 434204, "Actual Loops": 1, "Inner Unique": true, "Hash Cond": "(partsupp.ps_suppkey = supplier.s_suppkey), (LLVM Optimized, Jit Execute)", "Plans": [{"Node Type": "Nested Loop", "Parent Relationship": "Outer", "Join Type": "Inner", "Startup Cost": 0.0, "Total Cost": 548625.29, "Plan Rows": 259666, "Plan Width": 32, "Actual Startup Time": 0.05, "Actual Total Time": 2916.216, "Actual Rows": 434204, "Actual Loops": 1, "Inner Unique": false, "Plans": [{"Node Type": "Index Scan", "Parent Relationship": "Outer", "Scan Direction": "Forward", "Index Name": "part_kpey", "Relation Name": "part", "Alias": "part", "Startup Cost": 0.0, "Total Cost": 105803.25, "Plan Rows": 89888, "Plan Width": 8, "Actual Startup Time": 0.038, "Actual Total Time": 1713.725, "Actual Rows": 108551, "Actual Loops": 1, "Filter": "((p_name)::text ~~ '%dim%'::text)", "Rows Removed by Filter": 1891449}, {"Node Type": "Index Scan", "Parent Relationship": "Inner", "Scan Direction": "Forward", "Index Name": "idx_partsupp_partkey", "Relation Name": "partsupp", "Alias": "partsupp", "Startup Cost": 0.0, "Total Cost": 4.9, "Plan Rows": 3, "Plan Width": 24, "Actual Startup Time": 698.665, "Actual Total Time": 994.397, "Actual Rows": 434204, "Actual Loops": 108551, "Index Cond": "(ps_partkey = part.p_partkey)", "Rows Removed by Index Recheck": 0}]}, {"Node Type": "Hash", "Parent Relationship": "Inner", "Startup Cost": 5334.54, "Total Cost": 5334.54, "Plan Rows": 100000, "Plan Width": 12, "Actual Startup Time": 106.06, "Actual Total Time": 106.06, "Actual Rows": 100000, "Actual Loops": 1, "Hash Buckets": 131072, "Hash Batches": 1, "Original Hash Batches": 1, "Peak Memory Usage": 4297, "Plans": [{"Node Type": "Index Scan", "Parent Relationship": "Outer", "Scan Direction": "Forward", "Index Name": "supplier_pkey", "Relation Name": "supplier", "Alias": "supplier", "Startup Cost": 0.0, "Total Cost": 5334.54, "Plan Rows": 100000, "Plan Width": 12, "Actual Startup Time": 0.019, "Actual Total Time": 76.575, "Actual Rows": 100000, "Actual Loops": 1}]}]}, {"Node Type": "Index Scan", "Parent Relationship": "Inner", "Scan Direction": "Forward", "Index Name": "idx_lineitem_part_supp", "Relation Name": "lineitem", "Alias": "lineitem", "Startup Cost": 0.0, "Total Cost": 1.13, "Plan Rows": 1, "Plan Width": 48, "Actual Startup Time": 3224.162, "Actual Total Time": 11011.239, "Actual Rows": 3256948, "Actual Loops": 434204, "Index Cond": "((l_partkey = partsupp.ps_partkey) AND (l_suppkey = partsupp.ps_suppkey))", "Rows Removed by Index Recheck": 0}]}, {"Node Type": "Index Scan", "Parent Relationship": "Inner", "Scan Direction": "Forward", "Index Name": "orders_pkey", "Relation Name": "orders", "Alias": "orders", "Startup Cost": 0.0, "Total Cost": 0.29, "Plan Rows": 1, "Plan Width": 16, "Actual Startup Time": 25102.62, "Actual Total Time": 25102.62, "Actual Rows": 3256948, "Actual Loops": 3256948, "Index Cond": "(o_orderkey = lineitem.l_orderkey)", "Rows Removed by Index Recheck": 0}]}, {"Node Type": "Index Scan", "Parent Relationship": "Inner", "Scan Direction": "Forward", "Index Name": "nation_pkey", "Relation Name": "nation", "Alias": "nation", "Startup Cost": 0.0, "Total Cost": 0.27, "Plan Rows": 1, "Plan Width": 30, "Actual Startup Time": 4713.432, "Actual Total Time": 4713.432, "Actual Rows": 3256948, "Actual Loops": 3256948, "Index Cond": "(n_nationkey = supplier.s_nationkey)", "Rows Removed by Index Recheck": 0}]}]}]}, "Triggers": [], "Planner Runtime": 33.85, "Total Runtime": 56766.913, "Unique SQL Id": 3628361425}}, "(16, 46)": {"explain_plan": {"Plan": {"Node Type": "Sort", "Startup Cost": 3188400.29, "Total Cost": 3188400.29, "Plan Rows": 1, "Plan Width": 74, "Sort Key": ["nation.n_name", "(date_part('year'::text, orders.o_orderdate)) DESC"], "Plans": [{"Node Type": "Aggregate", "Strategy": "Hashed", "Parent Relationship": "Outer", "Startup Cost": 3188400.27, "Total Cost": 3188400.28, "Plan Rows": 1, "Plan Width": 74, "Group By Key": ["nation.n_name", "date_part('year'::text, orders.o_orderdate)"], "Plans": [{"Node Type": "Nested Loop", "Parent Relationship": "Outer", "Join Type": "Inner", "Startup Cost": 2705736.84, "Total Cost": 3188400.25, "Plan Rows": 1, "Plan Width": 66, "Inner Unique": true, "Join Filter": "(supplier.s_nationkey = nation.n_nationkey)", "Plans": [{"Node Type": "Hash Join", "Parent Relationship": "Outer", "Join Type": "Inner", "Startup Cost": 2705736.84, "Total Cost": 3188398.68, "Plan Rows": 1, "Plan Width": 44, "Inner Unique": false, "Hash Cond": "(orders.o_orderkey = lineitem.l_orderkey)", "Plans": [{"Node Type": "Seq Scan", "Parent Relationship": "Outer", "Relation Name": "orders", "Alias": "orders", "Startup Cost": 0.0, "Total Cost": 426413.79, "Plan Rows": 14999479, "Plan Width": 16}, {"Node Type": "Hash", "Parent Relationship": "Inner", "Startup Cost": 2705736.82, "Total Cost": 2705736.82, "Plan Rows": 1, "Plan Width": 44, "Plans": [{"Node Type": "Hash Join", "Parent Relationship": "Outer", "Join Type": "Inner", "Startup Cost": 406202.19, "Total Cost": 2705736.82, "Plan Rows": 1, "Plan Width": 44, "Inner Unique": false, "Hash Cond": "((lineitem.l_suppkey = partsupp.ps_suppkey) AND (lineitem.l_partkey = partsupp.ps_partkey))", "Plans": [{"Node Type": "Hash Join", "Parent Relationship": "Outer", "Join Type": "Inner", "Startup Cost": 68067.6, "Total Cost": 2313089.96, "Plan Rows": 495566, "Plan Width": 56, "Inner Unique": true, "Hash Cond": "(lineitem.l_partkey = part.p_partkey), (LLVM Optimized)", "Plans": [{"Node Type": "Seq Scan", "Parent Relationship": "Outer", "Relation Name": "lineitem", "Alias": "lineitem", "Startup Cost": 0.0, "Total Cost": 2015115.33, "Plan Rows": 59987033, "Plan Width": 48}, {"Node Type": "Hash", "Parent Relationship": "Inner", "Startup Cost": 66944.0, "Total Cost": 66944.0, "Plan Rows": 89888, "Plan Width": 8, "Plans": [{"Node Type": "Seq Scan", "Parent Relationship": "Outer", "Relation Name": "part", "Alias": "part", "Startup Cost": 0.0, "Total Cost": 66944.0, "Plan Rows": 89888, "Plan Width": 8, "Filter": "((p_name)::text ~~ '%dim%'::text)"}]}]}, {"Node Type": "Hash", "Parent Relationship": "Inner", "Startup Cost": 317967.1, "Total Cost": 317967.1, "Plan Rows": 1344499, "Plan Width": 36, "Plans": [{"Node Type": "Hash Join", "Parent Relationship": "Outer", "Join Type": "Inner", "Startup Cost": 4533.0, "Total Cost": 317967.1, "Plan Rows": 1344499, "Plan Width": 36, "Inner Unique": true, "Hash Cond": "(partsupp.ps_suppkey = supplier.s_suppkey), (LLVM Optimized)", "Plans": [{"Node Type": "Seq Scan", "Parent Relationship": "Outer", "Relation Name": "partsupp", "Alias": "partsupp", "Startup Cost": 0.0, "Total Cost": 269987.72, "Plan Rows": 8000372, "Plan Width": 24}, {"Node Type": "Hash", "Parent Relationship": "Inner", "Startup Cost": 3283.0, "Total Cost": 3283.0, "Plan Rows": 100000, "Plan Width": 12, "Plans": [{"Node Type": "Seq Scan", "Parent Relationship": "Outer", "Relation Name": "supplier", "Alias": "supplier", "Startup Cost": 0.0, "Total Cost": 3283.0, "Plan Rows": 100000, "Plan Width": 12}]}]}]}]}]}]}, {"Node Type": "Seq Scan", "Parent Relationship": "Inner", "Relation Name": "nation", "Alias": "nation", "Startup Cost": 0.0, "Total Cost": 1.25, "Plan Rows": 25, "Plan Width": 30}]}]}]}, "Unique SQL Id": 3628361425}, "explain_analyze_plan": null}, "(16, 47)": {"explain_plan": {"Plan": {"Node Type": "Sort", "Startup Cost": 6017789044137.01, "Total Cost": 6017789044137.01, "Plan Rows": 1, "Plan Width": 74, "Sort Key": ["nation.n_name", "(date_part('year'::text, orders.o_orderdate)) DESC"], "Plans": [{"Node Type": "Aggregate", "Strategy": "Hashed", "Parent Relationship": "Outer", "Startup Cost": 6017789044136.99, "Total Cost": 6017789044137.0, "Plan Rows": 1, "Plan Width": 74, "Group By Key": ["nation.n_name", "date_part('year'::text, orders.o_orderdate)"], "Plans": [{"Node Type": "Nested Loop", "Parent Relationship": "Outer", "Join Type": "Inner", "Startup Cost": 1050010581448.6, "Total Cost": 6017789044136.97, "Plan Rows": 1, "Plan Width": 66, "Inner Unique": true, "Plans": [{"Node Type": "Nested Loop", "Parent Relationship": "Outer", "Join Type": "Inner", "Startup Cost": 1040010581448.6, "Total Cost": 5017789044107.73, "Plan Rows": 1, "Plan Width": 66, "Inner Unique": false, "Join Filter": "((lineitem.l_suppkey = partsupp.ps_suppkey) AND (lineitem.l_partkey = partsupp.ps_partkey))", "Plans": [{"Node Type": "Index Scan", "Parent Relationship": "Outer", "Scan Direction": "Forward", "Index Name": "partsupp_pkey", "Relation Name": "partsupp", "Alias": "partsupp", "Startup Cost": 10000000000.0, "Total Cost": 1000071640963.22, "Plan Rows": 8000372, "Plan Width": 24}, {"Node Type": "Materialize", "Parent Relationship": "Inner", "Startup Cost": 1030010581448.6, "Total Cost": 4001078749780.2, "Plan Rows": 118842, "Plan Width": 90, "Plans": [{"Node Type": "Nested Loop", "Parent Relationship": "Outer", "Join Type": "Inner", "Startup Cost": 1030010581448.6, "Total Cost": 4001078749185.99, "Plan Rows": 118842, "Plan Width": 90, "Inner Unique": false, "Join Filter": "(lineitem.l_suppkey = supplier.s_suppkey), (LLVM Optimized)", "Plans": [{"Node Type": "Nested Loop", "Parent Relationship": "Outer", "Join Type": "Inner", "Startup Cost": 20000000000.0, "Total Cost": 2000000572216.94, "Plan Rows": 100000, "Plan Width": 34, "Inner Unique": true, "Join Filter": "(supplier.s_nationkey = nation.n_nationkey), (LLVM Optimized)", "Plans": [{"Node Type": "Index Scan", "Parent Relationship": "Outer", "Scan Direction": "Forward", "Index Name": "supplier_pkey", "Relation Name": "supplier", "Alias": "supplier", "Startup Cost": 10000000000.0, "Total Cost": 1000000533454.38, "Plan Rows": 100000, "Plan Width": 12}, {"Node Type": "Materialize", "Parent Relationship": "Inner", "Startup Cost": 10000000000.0, "Total Cost": 1000000001262.62, "Plan Rows": 25, "Plan Width": 30, "Plans": [{"Node Type": "Index Scan", "Parent Relationship": "Outer", "Scan Direction": "Forward", "Index Name": "nation_pkey", "Relation Name": "nation", "Alias": "nation", "Startup Cost": 10000000000.0, "Total Cost": 1000000001262.5, "Plan Rows": 25, "Plan Width": 30}]}]}, {"Node Type": "Materialize", "Parent Relationship": "Inner", "Startup Cost": 1010010581448.6, "Total Cost": 2000334829207.96, "Plan Rows": 495566, "Plan Width": 56, "Plans": [{"Node Type": "Hash Join", "Parent Relationship": "Outer", "Join Type": "Inner", "Startup Cost": 1010010581448.6, "Total Cost": 2000334826730.13, "Plan Rows": 495566, "Plan Width": 56, "Inner Unique": true, "Hash Cond": "(lineitem.l_partkey = part.p_partkey), (LLVM Optimized)", "Plans": [{"Node Type": "Index Scan", "Parent Relationship": "Outer", "Scan Direction": "Forward", "Index Name": "idx_lineitem_orderkey", "Relation Name": "lineitem", "Alias": "lineitem", "Startup Cost": 10000000000.0, "Total Cost": 1000324015374.5, "Plan Rows": 59987033, "Plan Width": 48}, {"Node Type": "Hash", "Parent Relationship": "Inner", "Startup Cost": 1000010580325.0, "Total Cost": 1000010580325.0, "Plan Rows": 89888, "Plan Width": 8, "Plans": [{"Node Type": "Index Scan", "Parent Relationship": "Outer", "Scan Direction": "Forward", "Index Name": "part_kpey", "Relation Name": "part", "Alias": "part", "Startup Cost": 10000000000.0, "Total Cost": 1000010580325.0, "Plan Rows": 89888, "Plan Width": 8, "Filter": "((p_name)::text ~~ '%dim%'::text)"}]}]}]}]}]}]}, {"Node Type": "Index Scan", "Parent Relationship": "Inner", "Scan Direction": "Forward", "Index Name": "orders_pkey", "Relation Name": "orders", "Alias": "orders", "Startup Cost": 10000000000.0, "Total Cost": 1000000000029.23, "Plan Rows": 1, "Plan Width": 16, "Index Cond": "(o_orderkey = lineitem.l_orderkey)"}]}]}]}, "Unique SQL Id": 3628361425}, "explain_analyze_plan": null}, "(16, 48)": {"explain_plan": {"Plan": {"Node Type": "Sort", "Startup Cost": 726568.79, "Total Cost": 726568.8, "Plan Rows": 1, "Plan Width": 74, "Sort Key": ["nation.n_name", "(date_part('year'::text, orders.o_orderdate)) DESC"], "Plans": [{"Node Type": "Aggregate", "Strategy": "Hashed", "Parent Relationship": "Outer", "Startup Cost": 726568.77, "Total Cost": 726568.78, "Plan Rows": 1, "Plan Width": 74, "Group By Key": ["nation.n_name", "date_part('year'::text, orders.o_orderdate)"], "Plans": [{"Node Type": "Nested Loop", "Parent Relationship": "Outer", "Join Type": "Inner", "Startup Cost": 0.0, "Total Cost": 726568.75, "Plan Rows": 1, "Plan Width": 66, "Inner Unique": true, "Plans": [{"Node Type": "Nested Loop", "Parent Relationship": "Outer", "Join Type": "Inner", "Startup Cost": 0.0, "Total Cost": 726568.47, "Plan Rows": 1, "Plan Width": 44, "Inner Unique": true, "Plans": [{"Node Type": "Nested Loop", "Parent Relationship": "Outer", "Join Type": "Inner", "Startup Cost": 0.0, "Total Cost": 726568.17, "Plan Rows": 1, "Plan Width": 44, "Inner Unique": false, "Join Filter": "(supplier.s_suppkey = lineitem.l_suppkey)", "Plans": [{"Node Type": "Nested Loop", "Parent Relationship": "Outer", "Join Type": "Inner", "Startup Cost": 0.0, "Total Cost": 582819.16, "Plan Rows": 125630, "Plan Width": 44, "Inner Unique": true, "Plans": [{"Node Type": "Nested Loop", "Parent Relationship": "Outer", "Join Type": "Inner", "Startup Cost": 0.0, "Total Cost": 509766.04, "Plan Rows": 259666, "Plan Width": 32, "Inner Unique": false, "Plans": [{"Node Type": "Seq Scan", "Parent Relationship": "Outer", "Relation Name": "part", "Alias": "part", "Startup Cost": 0.0, "Total Cost": 66944.0, "Plan Rows": 89888, "Plan Width": 8, "Filter": "((p_name)::text ~~ '%dim%'::text)"}, {"Node Type": "Index Scan", "Parent Relationship": "Inner", "Scan Direction": "Forward", "Index Name": "idx_partsupp_partkey", "Relation Name": "partsupp", "Alias": "partsupp", "Startup Cost": 0.0, "Total Cost": 4.9, "Plan Rows": 3, "Plan Width": 24, "Index Cond": "(ps_partkey = part.p_partkey)"}]}, {"Node Type": "Index Scan", "Parent Relationship": "Inner", "Scan Direction": "Forward", "Index Name": "supplier_pkey", "Relation Name": "supplier", "Alias": "supplier", "Startup Cost": 0.0, "Total Cost": 0.27, "Plan Rows": 1, "Plan Width": 12, "Index Cond": "(s_suppkey = partsupp.ps_suppkey)"}]}, {"Node Type": "Index Scan", "Parent Relationship": "Inner", "Scan Direction": "Forward", "Index Name": "idx_lineitem_part_supp", "Relation Name": "lineitem", "Alias": "lineitem", "Startup Cost": 0.0, "Total Cost": 1.13, "Plan Rows": 1, "Plan Width": 48, "Index Cond": "((l_partkey = partsupp.ps_partkey) AND (l_suppkey = partsupp.ps_suppkey))"}]}, {"Node Type": "Index Scan", "Parent Relationship": "Inner", "Scan Direction": "Forward", "Index Name": "orders_pkey", "Relation Name": "orders", "Alias": "orders", "Startup Cost": 0.0, "Total Cost": 0.29, "Plan Rows": 1, "Plan Width": 16, "Index Cond": "(o_orderkey = lineitem.l_orderkey)"}]}, {"Node Type": "Index Scan", "Parent Relationship": "Inner", "Scan Direction": "Forward", "Index Name": "nation_pkey", "Relation Name": "nation", "Alias": "nation", "Startup Cost": 0.0, "Total Cost": 0.27, "Plan Rows": 1, "Plan Width": 30, "Index Cond": "(n_nationkey = supplier.s_nationkey)"}]}]}]}, "Unique SQL Id": 3628361425}, "explain_analyze_plan": {"Plan": {"Node Type": "Sort", "Startup Cost": 726568.79, "Total Cost": 726568.8, "Plan Rows": 1, "Plan Width": 74, "Actual Startup Time": 57925.063, "Actual Total Time": 57925.076, "Actual Rows": 175, "Actual Loops": 1, "Sort Key": ["nation.n_name", "(date_part('year'::text, orders.o_orderdate)) DESC"], "Sort Method": "quicksort", "Sort Space Used": 52, "Sort Space Type": "Memory", "Plans": [{"Node Type": "Aggregate", "Strategy": "Hashed", "Parent Relationship": "Outer", "Startup Cost": 726568.77, "Total Cost": 726568.78, "Plan Rows": 1, "Plan Width": 74, "Actual Startup Time": 57924.562, "Actual Total Time": 57924.622, "Actual Rows": 175, "Actual Loops": 1, "Group By Key": ["nation.n_name", "date_part('year'::text, orders.o_orderdate)"], "Plans": [{"Node Type": "Nested Loop", "Parent Relationship": "Outer", "Join Type": "Inner", "Startup Cost": 0.0, "Total Cost": 726568.75, "Plan Rows": 1, "Plan Width": 66, "Actual Startup Time": 0.144, "Actual Total Time": 54053.879, "Actual Rows": 3256948, "Actual Loops": 1, "Inner Unique": true, "Plans": [{"Node Type": "Nested Loop", "Parent Relationship": "Outer", "Join Type": "Inner", "Startup Cost": 0.0, "Total Cost": 726568.47, "Plan Rows": 1, "Plan Width": 44, "Actual Startup Time": 0.123, "Actual Total Time": 45163.781, "Actual Rows": 3256948, "Actual Loops": 1, "Inner Unique": true, "Plans": [{"Node Type": "Nested Loop", "Parent Relationship": "Outer", "Join Type": "Inner", "Startup Cost": 0.0, "Total Cost": 726568.17, "Plan Rows": 1, "Plan Width": 44, "Actual Startup Time": 0.104, "Actual Total Time": 17168.627, "Actual Rows": 3256948, "Actual Loops": 1, "Inner Unique": false, "Join Filter": "(supplier.s_suppkey = lineitem.l_suppkey)", "Rows Removed by Join Filter": 0, "Plans": [{"Node Type": "Nested Loop", "Parent Relationship": "Outer", "Join Type": "Inner", "Startup Cost": 0.0, "Total Cost": 582819.16, "Plan Rows": 125630, "Plan Width": 44, "Actual Startup Time": 0.079, "Actual Total Time": 4564.722, "Actual Rows": 434204, "Actual Loops": 1, "Inner Unique": true, "Plans": [{"Node Type": "Nested Loop", "Parent Relationship": "Outer", "Join Type": "Inner", "Startup Cost": 0.0, "Total Cost": 509766.04, "Plan Rows": 259666, "Plan Width": 32, "Actual Startup Time": 0.065, "Actual Total Time": 2373.393, "Actual Rows": 434204, "Actual Loops": 1, "Inner Unique": false, "Plans": [{"Node Type": "Seq Scan", "Parent Relationship": "Outer", "Relation Name": "part", "Alias": "part", "Startup Cost": 0.0, "Total Cost": 66944.0, "Plan Rows": 89888, "Plan Width": 8, "Actual Startup Time": 0.036, "Actual Total Time": 1132.759, "Actual Rows": 108551, "Actual Loops": 1, "Filter": "((p_name)::text ~~ '%dim%'::text)", "Rows Removed by Filter": 1891449}, {"Node Type": "Index Scan", "Parent Relationship": "Inner", "Scan Direction": "Forward", "Index Name": "idx_partsupp_partkey", "Relation Name": "partsupp", "Alias": "partsupp", "Startup Cost": 0.0, "Total Cost": 4.9, "Plan Rows": 3, "Plan Width": 24, "Actual Startup Time": 695.572, "Actual Total Time": 1016.172, "Actual Rows": 434204, "Actual Loops": 108551, "Index Cond": "(ps_partkey = part.p_partkey)", "Rows Removed by Index Recheck": 0}]}, {"Node Type": "Index Scan", "Parent Relationship": "Inner", "Scan Direction": "Forward", "Index Name": "supplier_pkey", "Relation Name": "supplier", "Alias": "supplier", "Startup Cost": 0.0, "Total Cost": 0.27, "Plan Rows": 1, "Plan Width": 12, "Actual Startup Time": 1729.514, "Actual Total Time": 1729.514, "Actual Rows": 434204, "Actual Loops": 434204, "Index Cond": "(s_suppkey = partsupp.ps_suppkey)", "Rows Removed by Index Recheck": 0}]}, {"Node Type": "Index Scan", "Parent Relationship": "Inner", "Scan Direction": "Forward", "Index Name": "idx_lineitem_part_supp", "Relation Name": "lineitem", "Alias": "lineitem", "Startup Cost": 0.0, "Total Cost": 1.13, "Plan Rows": 1, "Plan Width": 48, "Actual Startup Time": 3165.055, "Actual Total Time": 10945.61, "Actual Rows": 3256948, "Actual Loops": 434204, "Index Cond": "((l_partkey = partsupp.ps_partkey) AND (l_suppkey = partsupp.ps_suppkey))", "Rows Removed by Index Recheck": 0}]}, {"Node Type": "Index Scan", "Parent Relationship": "Inner", "Scan Direction": "Forward", "Index Name": "orders_pkey", "Relation Name": "orders", "Alias": "orders", "Startup Cost": 0.0, "Total Cost": 0.29, "Plan Rows": 1, "Plan Width": 16, "Actual Startup Time": 25171.519, "Actual Total Time": 25171.519, "Actual Rows": 3256948, "Actual Loops": 3256948, "Index Cond": "(o_orderkey = lineitem.l_orderkey)", "Rows Removed by Index Recheck": 0}]}, {"Node Type": "Index Scan", "Parent Relationship": "Inner", "Scan Direction": "Forward", "Index Name": "nation_pkey", "Relation Name": "nation", "Alias": "nation", "Startup Cost": 0.0, "Total Cost": 0.27, "Plan Rows": 1, "Plan Width": 30, "Actual Startup Time": 4751.591, "Actual Total Time": 4751.591, "Actual Rows": 3256948, "Actual Loops": 3256948, "Index Cond": "(n_nationkey = supplier.s_nationkey)", "Rows Removed by Index Recheck": 0}]}]}]}, "Triggers": [], "Planner Runtime": 11.688, "Total Runtime": 57925.461, "Unique SQL Id": 3628361425}}, "(16, 49)": {"explain_plan": {"Plan": {"Node Type": "Sort", "Startup Cost": 765428.04, "Total Cost": 765428.05, "Plan Rows": 1, "Plan Width": 74, "Sort Key": ["nation.n_name", "(date_part('year'::text, orders.o_orderdate)) DESC"], "Plans": [{"Node Type": "Aggregate", "Strategy": "Hashed", "Parent Relationship": "Outer", "Startup Cost": 765428.02, "Total Cost": 765428.03, "Plan Rows": 1, "Plan Width": 74, "Group By Key": ["nation.n_name", "date_part('year'::text, orders.o_orderdate)"], "Plans": [{"Node Type": "Nested Loop", "Parent Relationship": "Outer", "Join Type": "Inner", "Startup Cost": 0.0, "Total Cost": 765428.0, "Plan Rows": 1, "Plan Width": 66, "Inner Unique": true, "Plans": [{"Node Type": "Nested Loop", "Parent Relationship": "Outer", "Join Type": "Inner", "Startup Cost": 0.0, "Total Cost": 765427.72, "Plan Rows": 1, "Plan Width": 44, "Inner Unique": true, "Plans": [{"Node Type": "Nested Loop", "Parent Relationship": "Outer", "Join Type": "Inner", "Startup Cost": 0.0, "Total Cost": 765427.42, "Plan Rows": 1, "Plan Width": 44, "Inner Unique": false, "Join Filter": "(supplier.s_suppkey = lineitem.l_suppkey)", "Plans": [{"Node Type": "Nested Loop", "Parent Relationship": "Outer", "Join Type": "Inner", "Startup Cost": 0.0, "Total Cost": 621678.41, "Plan Rows": 125630, "Plan Width": 44, "Inner Unique": true, "Plans": [{"Node Type": "Nested Loop", "Parent Relationship": "Outer", "Join Type": "Inner", "Startup Cost": 0.0, "Total Cost": 548625.29, "Plan Rows": 259666, "Plan Width": 32, "Inner Unique": false, "Plans": [{"Node Type": "Index Scan", "Parent Relationship": "Outer", "Scan Direction": "Forward", "Index Name": "part_kpey", "Relation Name": "part", "Alias": "part", "Startup Cost": 0.0, "Total Cost": 105803.25, "Plan Rows": 89888, "Plan Width": 8, "Filter": "((p_name)::text ~~ '%dim%'::text)"}, {"Node Type": "Index Scan", "Parent Relationship": "Inner", "Scan Direction": "Forward", "Index Name": "idx_partsupp_partkey", "Relation Name": "partsupp", "Alias": "partsupp", "Startup Cost": 0.0, "Total Cost": 4.9, "Plan Rows": 3, "Plan Width": 24, "Index Cond": "(ps_partkey = part.p_partkey)"}]}, {"Node Type": "Index Scan", "Parent Relationship": "Inner", "Scan Direction": "Forward", "Index Name": "supplier_pkey", "Relation Name": "supplier", "Alias": "supplier", "Startup Cost": 0.0, "Total Cost": 0.27, "Plan Rows": 1, "Plan Width": 12, "Index Cond": "(s_suppkey = partsupp.ps_suppkey)"}]}, {"Node Type": "Index Scan", "Parent Relationship": "Inner", "Scan Direction": "Forward", "Index Name": "idx_lineitem_part_supp", "Relation Name": "lineitem", "Alias": "lineitem", "Startup Cost": 0.0, "Total Cost": 1.13, "Plan Rows": 1, "Plan Width": 48, "Index Cond": "((l_partkey = partsupp.ps_partkey) AND (l_suppkey = partsupp.ps_suppkey))"}]}, {"Node Type": "Index Scan", "Parent Relationship": "Inner", "Scan Direction": "Forward", "Index Name": "orders_pkey", "Relation Name": "orders", "Alias": "orders", "Startup Cost": 0.0, "Total Cost": 0.29, "Plan Rows": 1, "Plan Width": 16, "Index Cond": "(o_orderkey = lineitem.l_orderkey)"}]}, {"Node Type": "Index Scan", "Parent Relationship": "Inner", "Scan Direction": "Forward", "Index Name": "nation_pkey", "Relation Name": "nation", "Alias": "nation", "Startup Cost": 0.0, "Total Cost": 0.27, "Plan Rows": 1, "Plan Width": 30, "Index Cond": "(n_nationkey = supplier.s_nationkey)"}]}]}]}, "Unique SQL Id": 3628361425}, "explain_analyze_plan": {"Plan": {"Node Type": "Sort", "Startup Cost": 765428.04, "Total Cost": 765428.05, "Plan Rows": 1, "Plan Width": 74, "Actual Startup Time": 58889.083, "Actual Total Time": 58889.096, "Actual Rows": 175, "Actual Loops": 1, "Sort Key": ["nation.n_name", "(date_part('year'::text, orders.o_orderdate)) DESC"], "Sort Method": "quicksort", "Sort Space Used": 52, "Sort Space Type": "Memory", "Plans": [{"Node Type": "Aggregate", "Strategy": "Hashed", "Parent Relationship": "Outer", "Startup Cost": 765428.02, "Total Cost": 765428.03, "Plan Rows": 1, "Plan Width": 74, "Actual Startup Time": 58888.588, "Actual Total Time": 58888.66, "Actual Rows": 175, "Actual Loops": 1, "Group By Key": ["nation.n_name", "date_part('year'::text, orders.o_orderdate)"], "Plans": [{"Node Type": "Nested Loop", "Parent Relationship": "Outer", "Join Type": "Inner", "Startup Cost": 0.0, "Total Cost": 765428.0, "Plan Rows": 1, "Plan Width": 66, "Actual Startup Time": 0.149, "Actual Total Time": 54820.433, "Actual Rows": 3256948, "Actual Loops": 1, "Inner Unique": true, "Plans": [{"Node Type": "Nested Loop", "Parent Relationship": "Outer", "Join Type": "Inner", "Startup Cost": 0.0, "Total Cost": 765427.72, "Plan Rows": 1, "Plan Width": 44, "Actual Startup Time": 0.131, "Actual Total Time": 45890.672, "Actual Rows": 3256948, "Actual Loops": 1, "Inner Unique": true, "Plans": [{"Node Type": "Nested Loop", "Parent Relationship": "Outer", "Join Type": "Inner", "Startup Cost": 0.0, "Total Cost": 765427.42, "Plan Rows": 1, "Plan Width": 44, "Actual Startup Time": 0.111, "Actual Total Time": 17776.727, "Actual Rows": 3256948, "Actual Loops": 1, "Inner Unique": false, "Join Filter": "(supplier.s_suppkey = lineitem.l_suppkey)", "Rows Removed by Join Filter": 0, "Plans": [{"Node Type": "Nested Loop", "Parent Relationship": "Outer", "Join Type": "Inner", "Startup Cost": 0.0, "Total Cost": 621678.41, "Plan Rows": 125630, "Plan Width": 44, "Actual Startup Time": 0.094, "Actual Total Time": 5140.472, "Actual Rows": 434204, "Actual Loops": 1, "Inner Unique": true, "Plans": [{"Node Type": "Nested Loop", "Parent Relationship": "Outer", "Join Type": "Inner", "Startup Cost": 0.0, "Total Cost": 548625.29, "Plan Rows": 259666, "Plan Width": 32, "Actual Startup Time": 0.082, "Actual Total Time": 2954.041, "Actual Rows": 434204, "Actual Loops": 1, "Inner Unique": false, "Plans": [{"Node Type": "Index Scan", "Parent Relationship": "Outer", "Scan Direction": "Forward", "Index Name": "part_kpey", "Relation Name": "part", "Alias": "part", "Startup Cost": 0.0, "Total Cost": 105803.25, "Plan Rows": 89888, "Plan Width": 8, "Actual Startup Time": 0.059, "Actual Total Time": 1736.225, "Actual Rows": 108551, "Actual Loops": 1, "Filter": "((p_name)::text ~~ '%dim%'::text)", "Rows Removed by Filter": 1891449}, {"Node Type": "Index Scan", "Parent Relationship": "Inner", "Scan Direction": "Forward", "Index Name": "idx_partsupp_partkey", "Relation Name": "partsupp", "Alias": "partsupp", "Startup Cost": 0.0, "Total Cost": 4.9, "Plan Rows": 3, "Plan Width": 24, "Actual Startup Time": 689.993, "Actual Total Time": 1002.482, "Actual Rows": 434204, "Actual Loops": 108551, "Index Cond": "(ps_partkey = part.p_partkey)", "Rows Removed by Index Recheck": 0}]}, {"Node Type": "Index Scan", "Parent Relationship": "Inner", "Scan Direction": "Forward", "Index Name": "supplier_pkey", "Relation Name": "supplier", "Alias": "supplier", "Startup Cost": 0.0, "Total Cost": 0.27, "Plan Rows": 1, "Plan Width": 12, "Actual Startup Time": 1736.282, "Actual Total Time": 1736.282, "Actual Rows": 434204, "Actual Loops": 434204, "Index Cond": "(s_suppkey = partsupp.ps_suppkey)", "Rows Removed by Index Recheck": 0}]}, {"Node Type": "Index Scan", "Parent Relationship": "Inner", "Scan Direction": "Forward", "Index Name": "idx_lineitem_part_supp", "Relation Name": "lineitem", "Alias": "lineitem", "Startup Cost": 0.0, "Total Cost": 1.13, "Plan Rows": 1, "Plan Width": 48, "Actual Startup Time": 3134.972, "Actual Total Time": 10939.244, "Actual Rows": 3256948, "Actual Loops": 434204, "Index Cond": "((l_partkey = partsupp.ps_partkey) AND (l_suppkey = partsupp.ps_suppkey))", "Rows Removed by Index Recheck": 0}]}, {"Node Type": "Index Scan", "Parent Relationship": "Inner", "Scan Direction": "Forward", "Index Name": "orders_pkey", "Relation Name": "orders", "Alias": "orders", "Startup Cost": 0.0, "Total Cost": 0.29, "Plan Rows": 1, "Plan Width": 16, "Actual Startup Time": 25270.281, "Actual Total Time": 25270.281, "Actual Rows": 3256948, "Actual Loops": 3256948, "Index Cond": "(o_orderkey = lineitem.l_orderkey)", "Rows Removed by Index Recheck": 0}]}, {"Node Type": "Index Scan", "Parent Relationship": "Inner", "Scan Direction": "Forward", "Index Name": "nation_pkey", "Relation Name": "nation", "Alias": "nation", "Startup Cost": 0.0, "Total Cost": 0.27, "Plan Rows": 1, "Plan Width": 30, "Actual Startup Time": 4732.964, "Actual Total Time": 4732.964, "Actual Rows": 3256948, "Actual Loops": 3256948, "Index Cond": "(n_nationkey = supplier.s_nationkey)", "Rows Removed by Index Recheck": 0}]}]}]}, "Triggers": [], "Planner Runtime": 11.43, "Total Runtime": 58889.458, "Unique SQL Id": 3628361425}}, "(16, 50)": {"explain_plan": {"Plan": {"Node Type": "Sort", "Startup Cost": 2094167.51, "Total Cost": 2094167.51, "Plan Rows": 1, "Plan Width": 74, "Sort Key": ["nation.n_name", "(date_part('year'::text, orders.o_orderdate)) DESC"], "Plans": [{"Node Type": "Aggregate", "Strategy": "Hashed", "Parent Relationship": "Outer", "Startup Cost": 2094167.48, "Total Cost": 2094167.5, "Plan Rows": 1, "Plan Width": 74, "Group By Key": ["nation.n_name", "date_part('year'::text, orders.o_orderdate)"], "Plans": [{"Node Type": "Nested Loop", "Parent Relationship": "Outer", "Join Type": "Inner", "Startup Cost": 2.3, "Total Cost": 2094167.47, "Plan Rows": 1, "Plan Width": 66, "Inner Unique": true, "Join Filter": "(supplier.s_nationkey = nation.n_nationkey)", "Plans": [{"Node Type": "Nested Loop", "Parent Relationship": "Outer", "Join Type": "Inner", "Startup Cost": 2.3, "Total Cost": 2094165.9, "Plan Rows": 1, "Plan Width": 44, "Inner Unique": true, "Plans": [{"Node Type": "Nested Loop", "Parent Relationship": "Outer", "Join Type": "Inner", "Startup Cost": 2.03, "Total Cost": 2094161.62, "Plan Rows": 1, "Plan Width": 44, "Inner Unique": false, "Join Filter": "(lineitem.l_suppkey = supplier.s_suppkey)", "Plans": [{"Node Type": "Seq Scan", "Parent Relationship": "Outer", "Relation Name": "supplier", "Alias": "supplier", "Startup Cost": 0.0, "Total Cost": 3283.0, "Plan Rows": 100000, "Plan Width": 12}, {"Node Type": "Materialize", "Parent Relationship": "Inner", "Startup Cost": 2.03, "Total Cost": 2087878.62, "Plan Rows": 2, "Plan Width": 56, "Plans": [{"Node Type": "Nested Loop", "Parent Relationship": "Outer", "Join Type": "Inner", "Startup Cost": 2.03, "Total Cost": 2087878.61, "Plan Rows": 2, "Plan Width": 56, "Inner Unique": false, "Plans": [{"Node Type": "Nested Loop", "Parent Relationship": "Outer", "Join Type": "Inner", "Startup Cost": 1.62, "Total Cost": 936419.45, "Plan Rows": 259666, "Plan Width": 32, "Inner Unique": false, "Plans": [{"Node Type": "Seq Scan", "Parent Relationship": "Outer", "Relation Name": "part", "Alias": "part", "Startup Cost": 0.0, "Total Cost": 66944.0, "Plan Rows": 89888, "Plan Width": 8, "Filter": "((p_name)::text ~~ '%dim%'::text)"}, {"Node Type": "Bitmap Heap Scan", "Parent Relationship": "Inner", "Relation Name": "partsupp", "Alias": "partsupp", "Startup Cost": 1.62, "Total Cost": 9.64, "Plan Rows": 3, "Plan Width": 24, "Recheck Cond": "(ps_partkey = part.p_partkey)", "Plans": [{"Node Type": "Bitmap Index Scan", "Parent Relationship": "Outer", "Index Name": "idx_partsupp_partkey", "Startup Cost": 0.0, "Total Cost": 1.62, "Plan Rows": 3, "Plan Width": 0, "Index Cond": "(ps_partkey = part.p_partkey)"}]}]}, {"Node Type": "Bitmap Heap Scan", "Parent Relationship": "Inner", "Relation Name": "lineitem", "Alias": "lineitem", "Startup Cost": 0.41, "Total Cost": 4.42, "Plan Rows": 1, "Plan Width": 48, "Recheck Cond": "((l_partkey = partsupp.ps_partkey) AND (l_suppkey = partsupp.ps_suppkey))", "Plans": [{"Node Type": "Bitmap Index Scan", "Parent Relationship": "Outer", "Index Name": "idx_lineitem_part_supp", "Startup Cost": 0.0, "Total Cost": 0.41, "Plan Rows": 1, "Plan Width": 0, "Index Cond": "((l_partkey = partsupp.ps_partkey) AND (l_suppkey = partsupp.ps_suppkey))"}]}]}]}]}, {"Node Type": "Bitmap Heap Scan", "Parent Relationship": "Inner", "Relation Name": "orders", "Alias": "orders", "Startup Cost": 0.26, "Total Cost": 4.27, "Plan Rows": 1, "Plan Width": 16, "Recheck Cond": "(o_orderkey = lineitem.l_orderkey)", "Plans": [{"Node Type": "Bitmap Index Scan", "Parent Relationship": "Outer", "Index Name": "orders_pkey", "Startup Cost": 0.0, "Total Cost": 0.26, "Plan Rows": 1, "Plan Width": 0, "Index Cond": "(o_orderkey = lineitem.l_orderkey)"}]}]}, {"Node Type": "Seq Scan", "Parent Relationship": "Inner", "Relation Name": "nation", "Alias": "nation", "Startup Cost": 0.0, "Total Cost": 1.25, "Plan Rows": 25, "Plan Width": 30}]}]}]}, "Unique SQL Id": 3628361425}, "explain_analyze_plan": null}, "(16, 51)": {"explain_plan": {"Plan": {"Node Type": "Sort", "Startup Cost": 1000008167021.57, "Total Cost": 1000008167021.58, "Plan Rows": 1, "Plan Width": 74, "Sort Key": ["nation.n_name", "(date_part('year'::text, orders.o_orderdate)) DESC"], "Plans": [{"Node Type": "Aggregate", "Strategy": "Hashed", "Parent Relationship": "Outer", "Startup Cost": 1000008167021.55, "Total Cost": 1000008167021.56, "Plan Rows": 1, "Plan Width": 74, "Group By Key": ["nation.n_name", "date_part('year'::text, orders.o_orderdate)"], "Plans": [{"Node Type": "Nested Loop", "Parent Relationship": "Outer", "Join Type": "Inner", "Startup Cost": 10000000002.75, "Total Cost": 1000008167021.53, "Plan Rows": 1, "Plan Width": 66, "Inner Unique": true, "Plans": [{"Node Type": "Nested Loop", "Parent Relationship": "Outer", "Join Type": "Inner", "Startup Cost": 10000000002.5, "Total Cost": 1000008167017.25, "Plan Rows": 1, "Plan Width": 44, "Inner Unique": true, "Plans": [{"Node Type": "Nested Loop", "Parent Relationship": "Outer", "Join Type": "Inner", "Startup Cost": 10000000002.24, "Total Cost": 1000008167012.96, "Plan Rows": 1, "Plan Width": 44, "Inner Unique": true, "Join Filter": "(partsupp.ps_partkey = part.p_partkey)", "Plans": [{"Node Type": "Nested Loop", "Parent Relationship": "Outer", "Join Type": "Inner", "Startup Cost": 10000000001.98, "Total Cost": 1000008166987.25, "Plan Rows": 6, "Plan Width": 60, "Inner Unique": false, "Join Filter": "(supplier.s_suppkey = lineitem.l_suppkey)", "Plans": [{"Node Type": "Nested Loop", "Parent Relationship": "Outer", "Join Type": "Inner", "Startup Cost": 10000000001.57, "Total Cost": 1000002201599.04, "Plan Rows": 1344499, "Plan Width": 36, "Inner Unique": false, "Plans": [{"Node Type": "Index Scan", "Parent Relationship": "Outer", "Scan Direction": "Forward", "Index Name": "idx_supplier_nation_key", "Relation Name": "supplier", "Alias": "supplier", "Startup Cost": 10000000000.0, "Total Cost": 1000001217556.78, "Plan Rows": 100000, "Plan Width": 12}, {"Node Type": "Bitmap Heap Scan", "Parent Relationship": "Inner", "Relation Name": "partsupp", "Alias": "partsupp", "Startup Cost": 1.57, "Total Cost": 9.71, "Plan Rows": 13, "Plan Width": 24, "Recheck Cond": "(ps_suppkey = supplier.s_suppkey)", "Plans": [{"Node Type": "Bitmap Index Scan", "Parent Relationship": "Outer", "Index Name": "idx_partsupp_suppkey", "Startup Cost": 0.0, "Total Cost": 1.56, "Plan Rows": 13, "Plan Width": 0, "Index Cond": "(ps_suppkey = supplier.s_suppkey)"}]}]}, {"Node Type": "Bitmap Heap Scan", "Parent Relationship": "Inner", "Relation Name": "lineitem", "Alias": "lineitem", "Startup Cost": 0.41, "Total Cost": 4.42, "Plan Rows": 1, "Plan Width": 48, "Recheck Cond": "((l_partkey = partsupp.ps_partkey) AND (l_suppkey = partsupp.ps_suppkey))", "Plans": [{"Node Type": "Bitmap Index Scan", "Parent Relationship": "Outer", "Index Name": "idx_lineitem_part_supp", "Startup Cost": 0.0, "Total Cost": 0.41, "Plan Rows": 1, "Plan Width": 0, "Index Cond": "((l_partkey = partsupp.ps_partkey) AND (l_suppkey = partsupp.ps_suppkey))"}]}]}, {"Node Type": "Bitmap Heap Scan", "Parent Relationship": "Inner", "Relation Name": "part", "Alias": "part", "Startup Cost": 0.26, "Total Cost": 4.27, "Plan Rows": 1, "Plan Width": 8, "Recheck Cond": "(p_partkey = lineitem.l_partkey)", "Filter": "((p_name)::text ~~ '%dim%'::text)", "Plans": [{"Node Type": "Bitmap Index Scan", "Parent Relationship": "Outer", "Index Name": "part_kpey", "Startup Cost": 0.0, "Total Cost": 0.26, "Plan Rows": 1, "Plan Width": 0, "Index Cond": "(p_partkey = lineitem.l_partkey)"}]}]}, {"Node Type": "Bitmap Heap Scan", "Parent Relationship": "Inner", "Relation Name": "orders", "Alias": "orders", "Startup Cost": 0.26, "Total Cost": 4.27, "Plan Rows": 1, "Plan Width": 16, "Recheck Cond": "(o_orderkey = lineitem.l_orderkey)", "Plans": [{"Node Type": "Bitmap Index Scan", "Parent Relationship": "Outer", "Index Name": "orders_pkey", "Startup Cost": 0.0, "Total Cost": 0.26, "Plan Rows": 1, "Plan Width": 0, "Index Cond": "(o_orderkey = lineitem.l_orderkey)"}]}]}, {"Node Type": "Bitmap Heap Scan", "Parent Relationship": "Inner", "Relation Name": "nation", "Alias": "nation", "Startup Cost": 0.26, "Total Cost": 4.27, "Plan Rows": 1, "Plan Width": 30, "Recheck Cond": "(n_nationkey = supplier.s_nationkey)", "Plans": [{"Node Type": "Bitmap Index Scan", "Parent Relationship": "Outer", "Index Name": "nation_pkey", "Startup Cost": 0.0, "Total Cost": 0.26, "Plan Rows": 1, "Plan Width": 0, "Index Cond": "(n_nationkey = supplier.s_nationkey)"}]}]}]}]}, "Unique SQL Id": 3628361425}, "explain_analyze_plan": null}, "(16, 52)": {"explain_plan": {"Plan": {"Node Type": "Sort", "Startup Cost": 726568.79, "Total Cost": 726568.8, "Plan Rows": 1, "Plan Width": 74, "Sort Key": ["nation.n_name", "(date_part('year'::text, orders.o_orderdate)) DESC"], "Plans": [{"Node Type": "Aggregate", "Strategy": "Hashed", "Parent Relationship": "Outer", "Startup Cost": 726568.77, "Total Cost": 726568.78, "Plan Rows": 1, "Plan Width": 74, "Group By Key": ["nation.n_name", "date_part('year'::text, orders.o_orderdate)"], "Plans": [{"Node Type": "Nested Loop", "Parent Relationship": "Outer", "Join Type": "Inner", "Startup Cost": 0.0, "Total Cost": 726568.75, "Plan Rows": 1, "Plan Width": 66, "Inner Unique": true, "Plans": [{"Node Type": "Nested Loop", "Parent Relationship": "Outer", "Join Type": "Inner", "Startup Cost": 0.0, "Total Cost": 726568.47, "Plan Rows": 1, "Plan Width": 44, "Inner Unique": true, "Plans": [{"Node Type": "Nested Loop", "Parent Relationship": "Outer", "Join Type": "Inner", "Startup Cost": 0.0, "Total Cost": 726568.17, "Plan Rows": 1, "Plan Width": 44, "Inner Unique": false, "Join Filter": "(supplier.s_suppkey = lineitem.l_suppkey)", "Plans": [{"Node Type": "Nested Loop", "Parent Relationship": "Outer", "Join Type": "Inner", "Startup Cost": 0.0, "Total Cost": 582819.16, "Plan Rows": 125630, "Plan Width": 44, "Inner Unique": true, "Plans": [{"Node Type": "Nested Loop", "Parent Relationship": "Outer", "Join Type": "Inner", "Startup Cost": 0.0, "Total Cost": 509766.04, "Plan Rows": 259666, "Plan Width": 32, "Inner Unique": false, "Plans": [{"Node Type": "Seq Scan", "Parent Relationship": "Outer", "Relation Name": "part", "Alias": "part", "Startup Cost": 0.0, "Total Cost": 66944.0, "Plan Rows": 89888, "Plan Width": 8, "Filter": "((p_name)::text ~~ '%dim%'::text)"}, {"Node Type": "Index Scan", "Parent Relationship": "Inner", "Scan Direction": "Forward", "Index Name": "idx_partsupp_partkey", "Relation Name": "partsupp", "Alias": "partsupp", "Startup Cost": 0.0, "Total Cost": 4.9, "Plan Rows": 3, "Plan Width": 24, "Index Cond": "(ps_partkey = part.p_partkey)"}]}, {"Node Type": "Index Scan", "Parent Relationship": "Inner", "Scan Direction": "Forward", "Index Name": "supplier_pkey", "Relation Name": "supplier", "Alias": "supplier", "Startup Cost": 0.0, "Total Cost": 0.27, "Plan Rows": 1, "Plan Width": 12, "Index Cond": "(s_suppkey = partsupp.ps_suppkey)"}]}, {"Node Type": "Index Scan", "Parent Relationship": "Inner", "Scan Direction": "Forward", "Index Name": "idx_lineitem_part_supp", "Relation Name": "lineitem", "Alias": "lineitem", "Startup Cost": 0.0, "Total Cost": 1.13, "Plan Rows": 1, "Plan Width": 48, "Index Cond": "((l_partkey = partsupp.ps_partkey) AND (l_suppkey = partsupp.ps_suppkey))"}]}, {"Node Type": "Index Scan", "Parent Relationship": "Inner", "Scan Direction": "Forward", "Index Name": "orders_pkey", "Relation Name": "orders", "Alias": "orders", "Startup Cost": 0.0, "Total Cost": 0.29, "Plan Rows": 1, "Plan Width": 16, "Index Cond": "(o_orderkey = lineitem.l_orderkey)"}]}, {"Node Type": "Index Scan", "Parent Relationship": "Inner", "Scan Direction": "Forward", "Index Name": "nation_pkey", "Relation Name": "nation", "Alias": "nation", "Startup Cost": 0.0, "Total Cost": 0.27, "Plan Rows": 1, "Plan Width": 30, "Index Cond": "(n_nationkey = supplier.s_nationkey)"}]}]}]}, "Unique SQL Id": 3628361425}, "explain_analyze_plan": {"Plan": {"Node Type": "Sort", "Startup Cost": 726568.79, "Total Cost": 726568.8, "Plan Rows": 1, "Plan Width": 74, "Actual Startup Time": 57925.063, "Actual Total Time": 57925.076, "Actual Rows": 175, "Actual Loops": 1, "Sort Key": ["nation.n_name", "(date_part('year'::text, orders.o_orderdate)) DESC"], "Sort Method": "quicksort", "Sort Space Used": 52, "Sort Space Type": "Memory", "Plans": [{"Node Type": "Aggregate", "Strategy": "Hashed", "Parent Relationship": "Outer", "Startup Cost": 726568.77, "Total Cost": 726568.78, "Plan Rows": 1, "Plan Width": 74, "Actual Startup Time": 57924.562, "Actual Total Time": 57924.622, "Actual Rows": 175, "Actual Loops": 1, "Group By Key": ["nation.n_name", "date_part('year'::text, orders.o_orderdate)"], "Plans": [{"Node Type": "Nested Loop", "Parent Relationship": "Outer", "Join Type": "Inner", "Startup Cost": 0.0, "Total Cost": 726568.75, "Plan Rows": 1, "Plan Width": 66, "Actual Startup Time": 0.144, "Actual Total Time": 54053.879, "Actual Rows": 3256948, "Actual Loops": 1, "Inner Unique": true, "Plans": [{"Node Type": "Nested Loop", "Parent Relationship": "Outer", "Join Type": "Inner", "Startup Cost": 0.0, "Total Cost": 726568.47, "Plan Rows": 1, "Plan Width": 44, "Actual Startup Time": 0.123, "Actual Total Time": 45163.781, "Actual Rows": 3256948, "Actual Loops": 1, "Inner Unique": true, "Plans": [{"Node Type": "Nested Loop", "Parent Relationship": "Outer", "Join Type": "Inner", "Startup Cost": 0.0, "Total Cost": 726568.17, "Plan Rows": 1, "Plan Width": 44, "Actual Startup Time": 0.104, "Actual Total Time": 17168.627, "Actual Rows": 3256948, "Actual Loops": 1, "Inner Unique": false, "Join Filter": "(supplier.s_suppkey = lineitem.l_suppkey)", "Rows Removed by Join Filter": 0, "Plans": [{"Node Type": "Nested Loop", "Parent Relationship": "Outer", "Join Type": "Inner", "Startup Cost": 0.0, "Total Cost": 582819.16, "Plan Rows": 125630, "Plan Width": 44, "Actual Startup Time": 0.079, "Actual Total Time": 4564.722, "Actual Rows": 434204, "Actual Loops": 1, "Inner Unique": true, "Plans": [{"Node Type": "Nested Loop", "Parent Relationship": "Outer", "Join Type": "Inner", "Startup Cost": 0.0, "Total Cost": 509766.04, "Plan Rows": 259666, "Plan Width": 32, "Actual Startup Time": 0.065, "Actual Total Time": 2373.393, "Actual Rows": 434204, "Actual Loops": 1, "Inner Unique": false, "Plans": [{"Node Type": "Seq Scan", "Parent Relationship": "Outer", "Relation Name": "part", "Alias": "part", "Startup Cost": 0.0, "Total Cost": 66944.0, "Plan Rows": 89888, "Plan Width": 8, "Actual Startup Time": 0.036, "Actual Total Time": 1132.759, "Actual Rows": 108551, "Actual Loops": 1, "Filter": "((p_name)::text ~~ '%dim%'::text)", "Rows Removed by Filter": 1891449}, {"Node Type": "Index Scan", "Parent Relationship": "Inner", "Scan Direction": "Forward", "Index Name": "idx_partsupp_partkey", "Relation Name": "partsupp", "Alias": "partsupp", "Startup Cost": 0.0, "Total Cost": 4.9, "Plan Rows": 3, "Plan Width": 24, "Actual Startup Time": 695.572, "Actual Total Time": 1016.172, "Actual Rows": 434204, "Actual Loops": 108551, "Index Cond": "(ps_partkey = part.p_partkey)", "Rows Removed by Index Recheck": 0}]}, {"Node Type": "Index Scan", "Parent Relationship": "Inner", "Scan Direction": "Forward", "Index Name": "supplier_pkey", "Relation Name": "supplier", "Alias": "supplier", "Startup Cost": 0.0, "Total Cost": 0.27, "Plan Rows": 1, "Plan Width": 12, "Actual Startup Time": 1729.514, "Actual Total Time": 1729.514, "Actual Rows": 434204, "Actual Loops": 434204, "Index Cond": "(s_suppkey = partsupp.ps_suppkey)", "Rows Removed by Index Recheck": 0}]}, {"Node Type": "Index Scan", "Parent Relationship": "Inner", "Scan Direction": "Forward", "Index Name": "idx_lineitem_part_supp", "Relation Name": "lineitem", "Alias": "lineitem", "Startup Cost": 0.0, "Total Cost": 1.13, "Plan Rows": 1, "Plan Width": 48, "Actual Startup Time": 3165.055, "Actual Total Time": 10945.61, "Actual Rows": 3256948, "Actual Loops": 434204, "Index Cond": "((l_partkey = partsupp.ps_partkey) AND (l_suppkey = partsupp.ps_suppkey))", "Rows Removed by Index Recheck": 0}]}, {"Node Type": "Index Scan", "Parent Relationship": "Inner", "Scan Direction": "Forward", "Index Name": "orders_pkey", "Relation Name": "orders", "Alias": "orders", "Startup Cost": 0.0, "Total Cost": 0.29, "Plan Rows": 1, "Plan Width": 16, "Actual Startup Time": 25171.519, "Actual Total Time": 25171.519, "Actual Rows": 3256948, "Actual Loops": 3256948, "Index Cond": "(o_orderkey = lineitem.l_orderkey)", "Rows Removed by Index Recheck": 0}]}, {"Node Type": "Index Scan", "Parent Relationship": "Inner", "Scan Direction": "Forward", "Index Name": "nation_pkey", "Relation Name": "nation", "Alias": "nation", "Startup Cost": 0.0, "Total Cost": 0.27, "Plan Rows": 1, "Plan Width": 30, "Actual Startup Time": 4751.591, "Actual Total Time": 4751.591, "Actual Rows": 3256948, "Actual Loops": 3256948, "Index Cond": "(n_nationkey = supplier.s_nationkey)", "Rows Removed by Index Recheck": 0}]}]}]}, "Triggers": [], "Planner Runtime": 11.688, "Total Runtime": 57925.461, "Unique SQL Id": 3628361425}}, "(16, 53)": {"explain_plan": {"Plan": {"Node Type": "Sort", "Startup Cost": 765428.04, "Total Cost": 765428.05, "Plan Rows": 1, "Plan Width": 74, "Sort Key": ["nation.n_name", "(date_part('year'::text, orders.o_orderdate)) DESC"], "Plans": [{"Node Type": "Aggregate", "Strategy": "Hashed", "Parent Relationship": "Outer", "Startup Cost": 765428.02, "Total Cost": 765428.03, "Plan Rows": 1, "Plan Width": 74, "Group By Key": ["nation.n_name", "date_part('year'::text, orders.o_orderdate)"], "Plans": [{"Node Type": "Nested Loop", "Parent Relationship": "Outer", "Join Type": "Inner", "Startup Cost": 0.0, "Total Cost": 765428.0, "Plan Rows": 1, "Plan Width": 66, "Inner Unique": true, "Plans": [{"Node Type": "Nested Loop", "Parent Relationship": "Outer", "Join Type": "Inner", "Startup Cost": 0.0, "Total Cost": 765427.72, "Plan Rows": 1, "Plan Width": 44, "Inner Unique": true, "Plans": [{"Node Type": "Nested Loop", "Parent Relationship": "Outer", "Join Type": "Inner", "Startup Cost": 0.0, "Total Cost": 765427.42, "Plan Rows": 1, "Plan Width": 44, "Inner Unique": false, "Join Filter": "(supplier.s_suppkey = lineitem.l_suppkey)", "Plans": [{"Node Type": "Nested Loop", "Parent Relationship": "Outer", "Join Type": "Inner", "Startup Cost": 0.0, "Total Cost": 621678.41, "Plan Rows": 125630, "Plan Width": 44, "Inner Unique": true, "Plans": [{"Node Type": "Nested Loop", "Parent Relationship": "Outer", "Join Type": "Inner", "Startup Cost": 0.0, "Total Cost": 548625.29, "Plan Rows": 259666, "Plan Width": 32, "Inner Unique": false, "Plans": [{"Node Type": "Index Scan", "Parent Relationship": "Outer", "Scan Direction": "Forward", "Index Name": "part_kpey", "Relation Name": "part", "Alias": "part", "Startup Cost": 0.0, "Total Cost": 105803.25, "Plan Rows": 89888, "Plan Width": 8, "Filter": "((p_name)::text ~~ '%dim%'::text)"}, {"Node Type": "Index Scan", "Parent Relationship": "Inner", "Scan Direction": "Forward", "Index Name": "idx_partsupp_partkey", "Relation Name": "partsupp", "Alias": "partsupp", "Startup Cost": 0.0, "Total Cost": 4.9, "Plan Rows": 3, "Plan Width": 24, "Index Cond": "(ps_partkey = part.p_partkey)"}]}, {"Node Type": "Index Scan", "Parent Relationship": "Inner", "Scan Direction": "Forward", "Index Name": "supplier_pkey", "Relation Name": "supplier", "Alias": "supplier", "Startup Cost": 0.0, "Total Cost": 0.27, "Plan Rows": 1, "Plan Width": 12, "Index Cond": "(s_suppkey = partsupp.ps_suppkey)"}]}, {"Node Type": "Index Scan", "Parent Relationship": "Inner", "Scan Direction": "Forward", "Index Name": "idx_lineitem_part_supp", "Relation Name": "lineitem", "Alias": "lineitem", "Startup Cost": 0.0, "Total Cost": 1.13, "Plan Rows": 1, "Plan Width": 48, "Index Cond": "((l_partkey = partsupp.ps_partkey) AND (l_suppkey = partsupp.ps_suppkey))"}]}, {"Node Type": "Index Scan", "Parent Relationship": "Inner", "Scan Direction": "Forward", "Index Name": "orders_pkey", "Relation Name": "orders", "Alias": "orders", "Startup Cost": 0.0, "Total Cost": 0.29, "Plan Rows": 1, "Plan Width": 16, "Index Cond": "(o_orderkey = lineitem.l_orderkey)"}]}, {"Node Type": "Index Scan", "Parent Relationship": "Inner", "Scan Direction": "Forward", "Index Name": "nation_pkey", "Relation Name": "nation", "Alias": "nation", "Startup Cost": 0.0, "Total Cost": 0.27, "Plan Rows": 1, "Plan Width": 30, "Index Cond": "(n_nationkey = supplier.s_nationkey)"}]}]}]}, "Unique SQL Id": 3628361425}, "explain_analyze_plan": {"Plan": {"Node Type": "Sort", "Startup Cost": 765428.04, "Total Cost": 765428.05, "Plan Rows": 1, "Plan Width": 74, "Actual Startup Time": 58889.083, "Actual Total Time": 58889.096, "Actual Rows": 175, "Actual Loops": 1, "Sort Key": ["nation.n_name", "(date_part('year'::text, orders.o_orderdate)) DESC"], "Sort Method": "quicksort", "Sort Space Used": 52, "Sort Space Type": "Memory", "Plans": [{"Node Type": "Aggregate", "Strategy": "Hashed", "Parent Relationship": "Outer", "Startup Cost": 765428.02, "Total Cost": 765428.03, "Plan Rows": 1, "Plan Width": 74, "Actual Startup Time": 58888.588, "Actual Total Time": 58888.66, "Actual Rows": 175, "Actual Loops": 1, "Group By Key": ["nation.n_name", "date_part('year'::text, orders.o_orderdate)"], "Plans": [{"Node Type": "Nested Loop", "Parent Relationship": "Outer", "Join Type": "Inner", "Startup Cost": 0.0, "Total Cost": 765428.0, "Plan Rows": 1, "Plan Width": 66, "Actual Startup Time": 0.149, "Actual Total Time": 54820.433, "Actual Rows": 3256948, "Actual Loops": 1, "Inner Unique": true, "Plans": [{"Node Type": "Nested Loop", "Parent Relationship": "Outer", "Join Type": "Inner", "Startup Cost": 0.0, "Total Cost": 765427.72, "Plan Rows": 1, "Plan Width": 44, "Actual Startup Time": 0.131, "Actual Total Time": 45890.672, "Actual Rows": 3256948, "Actual Loops": 1, "Inner Unique": true, "Plans": [{"Node Type": "Nested Loop", "Parent Relationship": "Outer", "Join Type": "Inner", "Startup Cost": 0.0, "Total Cost": 765427.42, "Plan Rows": 1, "Plan Width": 44, "Actual Startup Time": 0.111, "Actual Total Time": 17776.727, "Actual Rows": 3256948, "Actual Loops": 1, "Inner Unique": false, "Join Filter": "(supplier.s_suppkey = lineitem.l_suppkey)", "Rows Removed by Join Filter": 0, "Plans": [{"Node Type": "Nested Loop", "Parent Relationship": "Outer", "Join Type": "Inner", "Startup Cost": 0.0, "Total Cost": 621678.41, "Plan Rows": 125630, "Plan Width": 44, "Actual Startup Time": 0.094, "Actual Total Time": 5140.472, "Actual Rows": 434204, "Actual Loops": 1, "Inner Unique": true, "Plans": [{"Node Type": "Nested Loop", "Parent Relationship": "Outer", "Join Type": "Inner", "Startup Cost": 0.0, "Total Cost": 548625.29, "Plan Rows": 259666, "Plan Width": 32, "Actual Startup Time": 0.082, "Actual Total Time": 2954.041, "Actual Rows": 434204, "Actual Loops": 1, "Inner Unique": false, "Plans": [{"Node Type": "Index Scan", "Parent Relationship": "Outer", "Scan Direction": "Forward", "Index Name": "part_kpey", "Relation Name": "part", "Alias": "part", "Startup Cost": 0.0, "Total Cost": 105803.25, "Plan Rows": 89888, "Plan Width": 8, "Actual Startup Time": 0.059, "Actual Total Time": 1736.225, "Actual Rows": 108551, "Actual Loops": 1, "Filter": "((p_name)::text ~~ '%dim%'::text)", "Rows Removed by Filter": 1891449}, {"Node Type": "Index Scan", "Parent Relationship": "Inner", "Scan Direction": "Forward", "Index Name": "idx_partsupp_partkey", "Relation Name": "partsupp", "Alias": "partsupp", "Startup Cost": 0.0, "Total Cost": 4.9, "Plan Rows": 3, "Plan Width": 24, "Actual Startup Time": 689.993, "Actual Total Time": 1002.482, "Actual Rows": 434204, "Actual Loops": 108551, "Index Cond": "(ps_partkey = part.p_partkey)", "Rows Removed by Index Recheck": 0}]}, {"Node Type": "Index Scan", "Parent Relationship": "Inner", "Scan Direction": "Forward", "Index Name": "supplier_pkey", "Relation Name": "supplier", "Alias": "supplier", "Startup Cost": 0.0, "Total Cost": 0.27, "Plan Rows": 1, "Plan Width": 12, "Actual Startup Time": 1736.282, "Actual Total Time": 1736.282, "Actual Rows": 434204, "Actual Loops": 434204, "Index Cond": "(s_suppkey = partsupp.ps_suppkey)", "Rows Removed by Index Recheck": 0}]}, {"Node Type": "Index Scan", "Parent Relationship": "Inner", "Scan Direction": "Forward", "Index Name": "idx_lineitem_part_supp", "Relation Name": "lineitem", "Alias": "lineitem", "Startup Cost": 0.0, "Total Cost": 1.13, "Plan Rows": 1, "Plan Width": 48, "Actual Startup Time": 3134.972, "Actual Total Time": 10939.244, "Actual Rows": 3256948, "Actual Loops": 434204, "Index Cond": "((l_partkey = partsupp.ps_partkey) AND (l_suppkey = partsupp.ps_suppkey))", "Rows Removed by Index Recheck": 0}]}, {"Node Type": "Index Scan", "Parent Relationship": "Inner", "Scan Direction": "Forward", "Index Name": "orders_pkey", "Relation Name": "orders", "Alias": "orders", "Startup Cost": 0.0, "Total Cost": 0.29, "Plan Rows": 1, "Plan Width": 16, "Actual Startup Time": 25270.281, "Actual Total Time": 25270.281, "Actual Rows": 3256948, "Actual Loops": 3256948, "Index Cond": "(o_orderkey = lineitem.l_orderkey)", "Rows Removed by Index Recheck": 0}]}, {"Node Type": "Index Scan", "Parent Relationship": "Inner", "Scan Direction": "Forward", "Index Name": "nation_pkey", "Relation Name": "nation", "Alias": "nation", "Startup Cost": 0.0, "Total Cost": 0.27, "Plan Rows": 1, "Plan Width": 30, "Actual Startup Time": 4732.964, "Actual Total Time": 4732.964, "Actual Rows": 3256948, "Actual Loops": 3256948, "Index Cond": "(n_nationkey = supplier.s_nationkey)", "Rows Removed by Index Recheck": 0}]}]}]}, "Triggers": [], "Planner Runtime": 11.43, "Total Runtime": 58889.458, "Unique SQL Id": 3628361425}}, "(16, 54)": {"explain_plan": {"Plan": {"Node Type": "Sort", "Startup Cost": 2094167.51, "Total Cost": 2094167.51, "Plan Rows": 1, "Plan Width": 74, "Sort Key": ["nation.n_name", "(date_part('year'::text, orders.o_orderdate)) DESC"], "Plans": [{"Node Type": "Aggregate", "Strategy": "Hashed", "Parent Relationship": "Outer", "Startup Cost": 2094167.48, "Total Cost": 2094167.5, "Plan Rows": 1, "Plan Width": 74, "Group By Key": ["nation.n_name", "date_part('year'::text, orders.o_orderdate)"], "Plans": [{"Node Type": "Nested Loop", "Parent Relationship": "Outer", "Join Type": "Inner", "Startup Cost": 2.3, "Total Cost": 2094167.47, "Plan Rows": 1, "Plan Width": 66, "Inner Unique": true, "Join Filter": "(supplier.s_nationkey = nation.n_nationkey)", "Plans": [{"Node Type": "Nested Loop", "Parent Relationship": "Outer", "Join Type": "Inner", "Startup Cost": 2.3, "Total Cost": 2094165.9, "Plan Rows": 1, "Plan Width": 44, "Inner Unique": true, "Plans": [{"Node Type": "Nested Loop", "Parent Relationship": "Outer", "Join Type": "Inner", "Startup Cost": 2.03, "Total Cost": 2094161.62, "Plan Rows": 1, "Plan Width": 44, "Inner Unique": false, "Join Filter": "(lineitem.l_suppkey = supplier.s_suppkey)", "Plans": [{"Node Type": "Seq Scan", "Parent Relationship": "Outer", "Relation Name": "supplier", "Alias": "supplier", "Startup Cost": 0.0, "Total Cost": 3283.0, "Plan Rows": 100000, "Plan Width": 12}, {"Node Type": "Materialize", "Parent Relationship": "Inner", "Startup Cost": 2.03, "Total Cost": 2087878.62, "Plan Rows": 2, "Plan Width": 56, "Plans": [{"Node Type": "Nested Loop", "Parent Relationship": "Outer", "Join Type": "Inner", "Startup Cost": 2.03, "Total Cost": 2087878.61, "Plan Rows": 2, "Plan Width": 56, "Inner Unique": false, "Plans": [{"Node Type": "Nested Loop", "Parent Relationship": "Outer", "Join Type": "Inner", "Startup Cost": 1.62, "Total Cost": 936419.45, "Plan Rows": 259666, "Plan Width": 32, "Inner Unique": false, "Plans": [{"Node Type": "Seq Scan", "Parent Relationship": "Outer", "Relation Name": "part", "Alias": "part", "Startup Cost": 0.0, "Total Cost": 66944.0, "Plan Rows": 89888, "Plan Width": 8, "Filter": "((p_name)::text ~~ '%dim%'::text)"}, {"Node Type": "Bitmap Heap Scan", "Parent Relationship": "Inner", "Relation Name": "partsupp", "Alias": "partsupp", "Startup Cost": 1.62, "Total Cost": 9.64, "Plan Rows": 3, "Plan Width": 24, "Recheck Cond": "(ps_partkey = part.p_partkey)", "Plans": [{"Node Type": "Bitmap Index Scan", "Parent Relationship": "Outer", "Index Name": "idx_partsupp_partkey", "Startup Cost": 0.0, "Total Cost": 1.62, "Plan Rows": 3, "Plan Width": 0, "Index Cond": "(ps_partkey = part.p_partkey)"}]}]}, {"Node Type": "Bitmap Heap Scan", "Parent Relationship": "Inner", "Relation Name": "lineitem", "Alias": "lineitem", "Startup Cost": 0.41, "Total Cost": 4.42, "Plan Rows": 1, "Plan Width": 48, "Recheck Cond": "((l_partkey = partsupp.ps_partkey) AND (l_suppkey = partsupp.ps_suppkey))", "Plans": [{"Node Type": "Bitmap Index Scan", "Parent Relationship": "Outer", "Index Name": "idx_lineitem_part_supp", "Startup Cost": 0.0, "Total Cost": 0.41, "Plan Rows": 1, "Plan Width": 0, "Index Cond": "((l_partkey = partsupp.ps_partkey) AND (l_suppkey = partsupp.ps_suppkey))"}]}]}]}]}, {"Node Type": "Bitmap Heap Scan", "Parent Relationship": "Inner", "Relation Name": "orders", "Alias": "orders", "Startup Cost": 0.26, "Total Cost": 4.27, "Plan Rows": 1, "Plan Width": 16, "Recheck Cond": "(o_orderkey = lineitem.l_orderkey)", "Plans": [{"Node Type": "Bitmap Index Scan", "Parent Relationship": "Outer", "Index Name": "orders_pkey", "Startup Cost": 0.0, "Total Cost": 0.26, "Plan Rows": 1, "Plan Width": 0, "Index Cond": "(o_orderkey = lineitem.l_orderkey)"}]}]}, {"Node Type": "Seq Scan", "Parent Relationship": "Inner", "Relation Name": "nation", "Alias": "nation", "Startup Cost": 0.0, "Total Cost": 1.25, "Plan Rows": 25, "Plan Width": 30}]}]}]}, "Unique SQL Id": 3628361425}, "explain_analyze_plan": null}, "(16, 55)": {"explain_plan": {"Plan": {"Node Type": "Sort", "Startup Cost": 1000008167021.57, "Total Cost": 1000008167021.58, "Plan Rows": 1, "Plan Width": 74, "Sort Key": ["nation.n_name", "(date_part('year'::text, orders.o_orderdate)) DESC"], "Plans": [{"Node Type": "Aggregate", "Strategy": "Hashed", "Parent Relationship": "Outer", "Startup Cost": 1000008167021.55, "Total Cost": 1000008167021.56, "Plan Rows": 1, "Plan Width": 74, "Group By Key": ["nation.n_name", "date_part('year'::text, orders.o_orderdate)"], "Plans": [{"Node Type": "Nested Loop", "Parent Relationship": "Outer", "Join Type": "Inner", "Startup Cost": 10000000002.75, "Total Cost": 1000008167021.53, "Plan Rows": 1, "Plan Width": 66, "Inner Unique": true, "Plans": [{"Node Type": "Nested Loop", "Parent Relationship": "Outer", "Join Type": "Inner", "Startup Cost": 10000000002.5, "Total Cost": 1000008167017.25, "Plan Rows": 1, "Plan Width": 44, "Inner Unique": true, "Plans": [{"Node Type": "Nested Loop", "Parent Relationship": "Outer", "Join Type": "Inner", "Startup Cost": 10000000002.24, "Total Cost": 1000008167012.96, "Plan Rows": 1, "Plan Width": 44, "Inner Unique": true, "Join Filter": "(partsupp.ps_partkey = part.p_partkey)", "Plans": [{"Node Type": "Nested Loop", "Parent Relationship": "Outer", "Join Type": "Inner", "Startup Cost": 10000000001.98, "Total Cost": 1000008166987.25, "Plan Rows": 6, "Plan Width": 60, "Inner Unique": false, "Join Filter": "(supplier.s_suppkey = lineitem.l_suppkey)", "Plans": [{"Node Type": "Nested Loop", "Parent Relationship": "Outer", "Join Type": "Inner", "Startup Cost": 10000000001.57, "Total Cost": 1000002201599.04, "Plan Rows": 1344499, "Plan Width": 36, "Inner Unique": false, "Plans": [{"Node Type": "Index Scan", "Parent Relationship": "Outer", "Scan Direction": "Forward", "Index Name": "idx_supplier_nation_key", "Relation Name": "supplier", "Alias": "supplier", "Startup Cost": 10000000000.0, "Total Cost": 1000001217556.78, "Plan Rows": 100000, "Plan Width": 12}, {"Node Type": "Bitmap Heap Scan", "Parent Relationship": "Inner", "Relation Name": "partsupp", "Alias": "partsupp", "Startup Cost": 1.57, "Total Cost": 9.71, "Plan Rows": 13, "Plan Width": 24, "Recheck Cond": "(ps_suppkey = supplier.s_suppkey)", "Plans": [{"Node Type": "Bitmap Index Scan", "Parent Relationship": "Outer", "Index Name": "idx_partsupp_suppkey", "Startup Cost": 0.0, "Total Cost": 1.56, "Plan Rows": 13, "Plan Width": 0, "Index Cond": "(ps_suppkey = supplier.s_suppkey)"}]}]}, {"Node Type": "Bitmap Heap Scan", "Parent Relationship": "Inner", "Relation Name": "lineitem", "Alias": "lineitem", "Startup Cost": 0.41, "Total Cost": 4.42, "Plan Rows": 1, "Plan Width": 48, "Recheck Cond": "((l_partkey = partsupp.ps_partkey) AND (l_suppkey = partsupp.ps_suppkey))", "Plans": [{"Node Type": "Bitmap Index Scan", "Parent Relationship": "Outer", "Index Name": "idx_lineitem_part_supp", "Startup Cost": 0.0, "Total Cost": 0.41, "Plan Rows": 1, "Plan Width": 0, "Index Cond": "((l_partkey = partsupp.ps_partkey) AND (l_suppkey = partsupp.ps_suppkey))"}]}]}, {"Node Type": "Bitmap Heap Scan", "Parent Relationship": "Inner", "Relation Name": "part", "Alias": "part", "Startup Cost": 0.26, "Total Cost": 4.27, "Plan Rows": 1, "Plan Width": 8, "Recheck Cond": "(p_partkey = lineitem.l_partkey)", "Filter": "((p_name)::text ~~ '%dim%'::text)", "Plans": [{"Node Type": "Bitmap Index Scan", "Parent Relationship": "Outer", "Index Name": "part_kpey", "Startup Cost": 0.0, "Total Cost": 0.26, "Plan Rows": 1, "Plan Width": 0, "Index Cond": "(p_partkey = lineitem.l_partkey)"}]}]}, {"Node Type": "Bitmap Heap Scan", "Parent Relationship": "Inner", "Relation Name": "orders", "Alias": "orders", "Startup Cost": 0.26, "Total Cost": 4.27, "Plan Rows": 1, "Plan Width": 16, "Recheck Cond": "(o_orderkey = lineitem.l_orderkey)", "Plans": [{"Node Type": "Bitmap Index Scan", "Parent Relationship": "Outer", "Index Name": "orders_pkey", "Startup Cost": 0.0, "Total Cost": 0.26, "Plan Rows": 1, "Plan Width": 0, "Index Cond": "(o_orderkey = lineitem.l_orderkey)"}]}]}, {"Node Type": "Bitmap Heap Scan", "Parent Relationship": "Inner", "Relation Name": "nation", "Alias": "nation", "Startup Cost": 0.26, "Total Cost": 4.27, "Plan Rows": 1, "Plan Width": 30, "Recheck Cond": "(n_nationkey = supplier.s_nationkey)", "Plans": [{"Node Type": "Bitmap Index Scan", "Parent Relationship": "Outer", "Index Name": "nation_pkey", "Startup Cost": 0.0, "Total Cost": 0.26, "Plan Rows": 1, "Plan Width": 0, "Index Cond": "(n_nationkey = supplier.s_nationkey)"}]}]}]}]}, "Unique SQL Id": 3628361425}, "explain_analyze_plan": null}, "(16, 56)": {"explain_plan": {"Plan": {"Node Type": "Sort", "Startup Cost": 726568.79, "Total Cost": 726568.8, "Plan Rows": 1, "Plan Width": 74, "Sort Key": ["nation.n_name", "(date_part('year'::text, orders.o_orderdate)) DESC"], "Plans": [{"Node Type": "Aggregate", "Strategy": "Hashed", "Parent Relationship": "Outer", "Startup Cost": 726568.77, "Total Cost": 726568.78, "Plan Rows": 1, "Plan Width": 74, "Group By Key": ["nation.n_name", "date_part('year'::text, orders.o_orderdate)"], "Plans": [{"Node Type": "Nested Loop", "Parent Relationship": "Outer", "Join Type": "Inner", "Startup Cost": 0.0, "Total Cost": 726568.75, "Plan Rows": 1, "Plan Width": 66, "Inner Unique": true, "Plans": [{"Node Type": "Nested Loop", "Parent Relationship": "Outer", "Join Type": "Inner", "Startup Cost": 0.0, "Total Cost": 726568.47, "Plan Rows": 1, "Plan Width": 44, "Inner Unique": true, "Plans": [{"Node Type": "Nested Loop", "Parent Relationship": "Outer", "Join Type": "Inner", "Startup Cost": 0.0, "Total Cost": 726568.17, "Plan Rows": 1, "Plan Width": 44, "Inner Unique": false, "Join Filter": "(supplier.s_suppkey = lineitem.l_suppkey)", "Plans": [{"Node Type": "Nested Loop", "Parent Relationship": "Outer", "Join Type": "Inner", "Startup Cost": 0.0, "Total Cost": 582819.16, "Plan Rows": 125630, "Plan Width": 44, "Inner Unique": true, "Plans": [{"Node Type": "Nested Loop", "Parent Relationship": "Outer", "Join Type": "Inner", "Startup Cost": 0.0, "Total Cost": 509766.04, "Plan Rows": 259666, "Plan Width": 32, "Inner Unique": false, "Plans": [{"Node Type": "Seq Scan", "Parent Relationship": "Outer", "Relation Name": "part", "Alias": "part", "Startup Cost": 0.0, "Total Cost": 66944.0, "Plan Rows": 89888, "Plan Width": 8, "Filter": "((p_name)::text ~~ '%dim%'::text)"}, {"Node Type": "Index Scan", "Parent Relationship": "Inner", "Scan Direction": "Forward", "Index Name": "idx_partsupp_partkey", "Relation Name": "partsupp", "Alias": "partsupp", "Startup Cost": 0.0, "Total Cost": 4.9, "Plan Rows": 3, "Plan Width": 24, "Index Cond": "(ps_partkey = part.p_partkey)"}]}, {"Node Type": "Index Scan", "Parent Relationship": "Inner", "Scan Direction": "Forward", "Index Name": "supplier_pkey", "Relation Name": "supplier", "Alias": "supplier", "Startup Cost": 0.0, "Total Cost": 0.27, "Plan Rows": 1, "Plan Width": 12, "Index Cond": "(s_suppkey = partsupp.ps_suppkey)"}]}, {"Node Type": "Index Scan", "Parent Relationship": "Inner", "Scan Direction": "Forward", "Index Name": "idx_lineitem_part_supp", "Relation Name": "lineitem", "Alias": "lineitem", "Startup Cost": 0.0, "Total Cost": 1.13, "Plan Rows": 1, "Plan Width": 48, "Index Cond": "((l_partkey = partsupp.ps_partkey) AND (l_suppkey = partsupp.ps_suppkey))"}]}, {"Node Type": "Index Scan", "Parent Relationship": "Inner", "Scan Direction": "Forward", "Index Name": "orders_pkey", "Relation Name": "orders", "Alias": "orders", "Startup Cost": 0.0, "Total Cost": 0.29, "Plan Rows": 1, "Plan Width": 16, "Index Cond": "(o_orderkey = lineitem.l_orderkey)"}]}, {"Node Type": "Index Scan", "Parent Relationship": "Inner", "Scan Direction": "Forward", "Index Name": "nation_pkey", "Relation Name": "nation", "Alias": "nation", "Startup Cost": 0.0, "Total Cost": 0.27, "Plan Rows": 1, "Plan Width": 30, "Index Cond": "(n_nationkey = supplier.s_nationkey)"}]}]}]}, "Unique SQL Id": 3628361425}, "explain_analyze_plan": {"Plan": {"Node Type": "Sort", "Startup Cost": 726568.79, "Total Cost": 726568.8, "Plan Rows": 1, "Plan Width": 74, "Actual Startup Time": 57925.063, "Actual Total Time": 57925.076, "Actual Rows": 175, "Actual Loops": 1, "Sort Key": ["nation.n_name", "(date_part('year'::text, orders.o_orderdate)) DESC"], "Sort Method": "quicksort", "Sort Space Used": 52, "Sort Space Type": "Memory", "Plans": [{"Node Type": "Aggregate", "Strategy": "Hashed", "Parent Relationship": "Outer", "Startup Cost": 726568.77, "Total Cost": 726568.78, "Plan Rows": 1, "Plan Width": 74, "Actual Startup Time": 57924.562, "Actual Total Time": 57924.622, "Actual Rows": 175, "Actual Loops": 1, "Group By Key": ["nation.n_name", "date_part('year'::text, orders.o_orderdate)"], "Plans": [{"Node Type": "Nested Loop", "Parent Relationship": "Outer", "Join Type": "Inner", "Startup Cost": 0.0, "Total Cost": 726568.75, "Plan Rows": 1, "Plan Width": 66, "Actual Startup Time": 0.144, "Actual Total Time": 54053.879, "Actual Rows": 3256948, "Actual Loops": 1, "Inner Unique": true, "Plans": [{"Node Type": "Nested Loop", "Parent Relationship": "Outer", "Join Type": "Inner", "Startup Cost": 0.0, "Total Cost": 726568.47, "Plan Rows": 1, "Plan Width": 44, "Actual Startup Time": 0.123, "Actual Total Time": 45163.781, "Actual Rows": 3256948, "Actual Loops": 1, "Inner Unique": true, "Plans": [{"Node Type": "Nested Loop", "Parent Relationship": "Outer", "Join Type": "Inner", "Startup Cost": 0.0, "Total Cost": 726568.17, "Plan Rows": 1, "Plan Width": 44, "Actual Startup Time": 0.104, "Actual Total Time": 17168.627, "Actual Rows": 3256948, "Actual Loops": 1, "Inner Unique": false, "Join Filter": "(supplier.s_suppkey = lineitem.l_suppkey)", "Rows Removed by Join Filter": 0, "Plans": [{"Node Type": "Nested Loop", "Parent Relationship": "Outer", "Join Type": "Inner", "Startup Cost": 0.0, "Total Cost": 582819.16, "Plan Rows": 125630, "Plan Width": 44, "Actual Startup Time": 0.079, "Actual Total Time": 4564.722, "Actual Rows": 434204, "Actual Loops": 1, "Inner Unique": true, "Plans": [{"Node Type": "Nested Loop", "Parent Relationship": "Outer", "Join Type": "Inner", "Startup Cost": 0.0, "Total Cost": 509766.04, "Plan Rows": 259666, "Plan Width": 32, "Actual Startup Time": 0.065, "Actual Total Time": 2373.393, "Actual Rows": 434204, "Actual Loops": 1, "Inner Unique": false, "Plans": [{"Node Type": "Seq Scan", "Parent Relationship": "Outer", "Relation Name": "part", "Alias": "part", "Startup Cost": 0.0, "Total Cost": 66944.0, "Plan Rows": 89888, "Plan Width": 8, "Actual Startup Time": 0.036, "Actual Total Time": 1132.759, "Actual Rows": 108551, "Actual Loops": 1, "Filter": "((p_name)::text ~~ '%dim%'::text)", "Rows Removed by Filter": 1891449}, {"Node Type": "Index Scan", "Parent Relationship": "Inner", "Scan Direction": "Forward", "Index Name": "idx_partsupp_partkey", "Relation Name": "partsupp", "Alias": "partsupp", "Startup Cost": 0.0, "Total Cost": 4.9, "Plan Rows": 3, "Plan Width": 24, "Actual Startup Time": 695.572, "Actual Total Time": 1016.172, "Actual Rows": 434204, "Actual Loops": 108551, "Index Cond": "(ps_partkey = part.p_partkey)", "Rows Removed by Index Recheck": 0}]}, {"Node Type": "Index Scan", "Parent Relationship": "Inner", "Scan Direction": "Forward", "Index Name": "supplier_pkey", "Relation Name": "supplier", "Alias": "supplier", "Startup Cost": 0.0, "Total Cost": 0.27, "Plan Rows": 1, "Plan Width": 12, "Actual Startup Time": 1729.514, "Actual Total Time": 1729.514, "Actual Rows": 434204, "Actual Loops": 434204, "Index Cond": "(s_suppkey = partsupp.ps_suppkey)", "Rows Removed by Index Recheck": 0}]}, {"Node Type": "Index Scan", "Parent Relationship": "Inner", "Scan Direction": "Forward", "Index Name": "idx_lineitem_part_supp", "Relation Name": "lineitem", "Alias": "lineitem", "Startup Cost": 0.0, "Total Cost": 1.13, "Plan Rows": 1, "Plan Width": 48, "Actual Startup Time": 3165.055, "Actual Total Time": 10945.61, "Actual Rows": 3256948, "Actual Loops": 434204, "Index Cond": "((l_partkey = partsupp.ps_partkey) AND (l_suppkey = partsupp.ps_suppkey))", "Rows Removed by Index Recheck": 0}]}, {"Node Type": "Index Scan", "Parent Relationship": "Inner", "Scan Direction": "Forward", "Index Name": "orders_pkey", "Relation Name": "orders", "Alias": "orders", "Startup Cost": 0.0, "Total Cost": 0.29, "Plan Rows": 1, "Plan Width": 16, "Actual Startup Time": 25171.519, "Actual Total Time": 25171.519, "Actual Rows": 3256948, "Actual Loops": 3256948, "Index Cond": "(o_orderkey = lineitem.l_orderkey)", "Rows Removed by Index Recheck": 0}]}, {"Node Type": "Index Scan", "Parent Relationship": "Inner", "Scan Direction": "Forward", "Index Name": "nation_pkey", "Relation Name": "nation", "Alias": "nation", "Startup Cost": 0.0, "Total Cost": 0.27, "Plan Rows": 1, "Plan Width": 30, "Actual Startup Time": 4751.591, "Actual Total Time": 4751.591, "Actual Rows": 3256948, "Actual Loops": 3256948, "Index Cond": "(n_nationkey = supplier.s_nationkey)", "Rows Removed by Index Recheck": 0}]}]}]}, "Triggers": [], "Planner Runtime": 11.688, "Total Runtime": 57925.461, "Unique SQL Id": 3628361425}}, "(16, 57)": {"explain_plan": {"Plan": {"Node Type": "Sort", "Startup Cost": 765428.04, "Total Cost": 765428.05, "Plan Rows": 1, "Plan Width": 74, "Sort Key": ["nation.n_name", "(date_part('year'::text, orders.o_orderdate)) DESC"], "Plans": [{"Node Type": "Aggregate", "Strategy": "Hashed", "Parent Relationship": "Outer", "Startup Cost": 765428.02, "Total Cost": 765428.03, "Plan Rows": 1, "Plan Width": 74, "Group By Key": ["nation.n_name", "date_part('year'::text, orders.o_orderdate)"], "Plans": [{"Node Type": "Nested Loop", "Parent Relationship": "Outer", "Join Type": "Inner", "Startup Cost": 0.0, "Total Cost": 765428.0, "Plan Rows": 1, "Plan Width": 66, "Inner Unique": true, "Plans": [{"Node Type": "Nested Loop", "Parent Relationship": "Outer", "Join Type": "Inner", "Startup Cost": 0.0, "Total Cost": 765427.72, "Plan Rows": 1, "Plan Width": 44, "Inner Unique": true, "Plans": [{"Node Type": "Nested Loop", "Parent Relationship": "Outer", "Join Type": "Inner", "Startup Cost": 0.0, "Total Cost": 765427.42, "Plan Rows": 1, "Plan Width": 44, "Inner Unique": false, "Join Filter": "(supplier.s_suppkey = lineitem.l_suppkey)", "Plans": [{"Node Type": "Nested Loop", "Parent Relationship": "Outer", "Join Type": "Inner", "Startup Cost": 0.0, "Total Cost": 621678.41, "Plan Rows": 125630, "Plan Width": 44, "Inner Unique": true, "Plans": [{"Node Type": "Nested Loop", "Parent Relationship": "Outer", "Join Type": "Inner", "Startup Cost": 0.0, "Total Cost": 548625.29, "Plan Rows": 259666, "Plan Width": 32, "Inner Unique": false, "Plans": [{"Node Type": "Index Scan", "Parent Relationship": "Outer", "Scan Direction": "Forward", "Index Name": "part_kpey", "Relation Name": "part", "Alias": "part", "Startup Cost": 0.0, "Total Cost": 105803.25, "Plan Rows": 89888, "Plan Width": 8, "Filter": "((p_name)::text ~~ '%dim%'::text)"}, {"Node Type": "Index Scan", "Parent Relationship": "Inner", "Scan Direction": "Forward", "Index Name": "idx_partsupp_partkey", "Relation Name": "partsupp", "Alias": "partsupp", "Startup Cost": 0.0, "Total Cost": 4.9, "Plan Rows": 3, "Plan Width": 24, "Index Cond": "(ps_partkey = part.p_partkey)"}]}, {"Node Type": "Index Scan", "Parent Relationship": "Inner", "Scan Direction": "Forward", "Index Name": "supplier_pkey", "Relation Name": "supplier", "Alias": "supplier", "Startup Cost": 0.0, "Total Cost": 0.27, "Plan Rows": 1, "Plan Width": 12, "Index Cond": "(s_suppkey = partsupp.ps_suppkey)"}]}, {"Node Type": "Index Scan", "Parent Relationship": "Inner", "Scan Direction": "Forward", "Index Name": "idx_lineitem_part_supp", "Relation Name": "lineitem", "Alias": "lineitem", "Startup Cost": 0.0, "Total Cost": 1.13, "Plan Rows": 1, "Plan Width": 48, "Index Cond": "((l_partkey = partsupp.ps_partkey) AND (l_suppkey = partsupp.ps_suppkey))"}]}, {"Node Type": "Index Scan", "Parent Relationship": "Inner", "Scan Direction": "Forward", "Index Name": "orders_pkey", "Relation Name": "orders", "Alias": "orders", "Startup Cost": 0.0, "Total Cost": 0.29, "Plan Rows": 1, "Plan Width": 16, "Index Cond": "(o_orderkey = lineitem.l_orderkey)"}]}, {"Node Type": "Index Scan", "Parent Relationship": "Inner", "Scan Direction": "Forward", "Index Name": "nation_pkey", "Relation Name": "nation", "Alias": "nation", "Startup Cost": 0.0, "Total Cost": 0.27, "Plan Rows": 1, "Plan Width": 30, "Index Cond": "(n_nationkey = supplier.s_nationkey)"}]}]}]}, "Unique SQL Id": 3628361425}, "explain_analyze_plan": {"Plan": {"Node Type": "Sort", "Startup Cost": 765428.04, "Total Cost": 765428.05, "Plan Rows": 1, "Plan Width": 74, "Actual Startup Time": 58889.083, "Actual Total Time": 58889.096, "Actual Rows": 175, "Actual Loops": 1, "Sort Key": ["nation.n_name", "(date_part('year'::text, orders.o_orderdate)) DESC"], "Sort Method": "quicksort", "Sort Space Used": 52, "Sort Space Type": "Memory", "Plans": [{"Node Type": "Aggregate", "Strategy": "Hashed", "Parent Relationship": "Outer", "Startup Cost": 765428.02, "Total Cost": 765428.03, "Plan Rows": 1, "Plan Width": 74, "Actual Startup Time": 58888.588, "Actual Total Time": 58888.66, "Actual Rows": 175, "Actual Loops": 1, "Group By Key": ["nation.n_name", "date_part('year'::text, orders.o_orderdate)"], "Plans": [{"Node Type": "Nested Loop", "Parent Relationship": "Outer", "Join Type": "Inner", "Startup Cost": 0.0, "Total Cost": 765428.0, "Plan Rows": 1, "Plan Width": 66, "Actual Startup Time": 0.149, "Actual Total Time": 54820.433, "Actual Rows": 3256948, "Actual Loops": 1, "Inner Unique": true, "Plans": [{"Node Type": "Nested Loop", "Parent Relationship": "Outer", "Join Type": "Inner", "Startup Cost": 0.0, "Total Cost": 765427.72, "Plan Rows": 1, "Plan Width": 44, "Actual Startup Time": 0.131, "Actual Total Time": 45890.672, "Actual Rows": 3256948, "Actual Loops": 1, "Inner Unique": true, "Plans": [{"Node Type": "Nested Loop", "Parent Relationship": "Outer", "Join Type": "Inner", "Startup Cost": 0.0, "Total Cost": 765427.42, "Plan Rows": 1, "Plan Width": 44, "Actual Startup Time": 0.111, "Actual Total Time": 17776.727, "Actual Rows": 3256948, "Actual Loops": 1, "Inner Unique": false, "Join Filter": "(supplier.s_suppkey = lineitem.l_suppkey)", "Rows Removed by Join Filter": 0, "Plans": [{"Node Type": "Nested Loop", "Parent Relationship": "Outer", "Join Type": "Inner", "Startup Cost": 0.0, "Total Cost": 621678.41, "Plan Rows": 125630, "Plan Width": 44, "Actual Startup Time": 0.094, "Actual Total Time": 5140.472, "Actual Rows": 434204, "Actual Loops": 1, "Inner Unique": true, "Plans": [{"Node Type": "Nested Loop", "Parent Relationship": "Outer", "Join Type": "Inner", "Startup Cost": 0.0, "Total Cost": 548625.29, "Plan Rows": 259666, "Plan Width": 32, "Actual Startup Time": 0.082, "Actual Total Time": 2954.041, "Actual Rows": 434204, "Actual Loops": 1, "Inner Unique": false, "Plans": [{"Node Type": "Index Scan", "Parent Relationship": "Outer", "Scan Direction": "Forward", "Index Name": "part_kpey", "Relation Name": "part", "Alias": "part", "Startup Cost": 0.0, "Total Cost": 105803.25, "Plan Rows": 89888, "Plan Width": 8, "Actual Startup Time": 0.059, "Actual Total Time": 1736.225, "Actual Rows": 108551, "Actual Loops": 1, "Filter": "((p_name)::text ~~ '%dim%'::text)", "Rows Removed by Filter": 1891449}, {"Node Type": "Index Scan", "Parent Relationship": "Inner", "Scan Direction": "Forward", "Index Name": "idx_partsupp_partkey", "Relation Name": "partsupp", "Alias": "partsupp", "Startup Cost": 0.0, "Total Cost": 4.9, "Plan Rows": 3, "Plan Width": 24, "Actual Startup Time": 689.993, "Actual Total Time": 1002.482, "Actual Rows": 434204, "Actual Loops": 108551, "Index Cond": "(ps_partkey = part.p_partkey)", "Rows Removed by Index Recheck": 0}]}, {"Node Type": "Index Scan", "Parent Relationship": "Inner", "Scan Direction": "Forward", "Index Name": "supplier_pkey", "Relation Name": "supplier", "Alias": "supplier", "Startup Cost": 0.0, "Total Cost": 0.27, "Plan Rows": 1, "Plan Width": 12, "Actual Startup Time": 1736.282, "Actual Total Time": 1736.282, "Actual Rows": 434204, "Actual Loops": 434204, "Index Cond": "(s_suppkey = partsupp.ps_suppkey)", "Rows Removed by Index Recheck": 0}]}, {"Node Type": "Index Scan", "Parent Relationship": "Inner", "Scan Direction": "Forward", "Index Name": "idx_lineitem_part_supp", "Relation Name": "lineitem", "Alias": "lineitem", "Startup Cost": 0.0, "Total Cost": 1.13, "Plan Rows": 1, "Plan Width": 48, "Actual Startup Time": 3134.972, "Actual Total Time": 10939.244, "Actual Rows": 3256948, "Actual Loops": 434204, "Index Cond": "((l_partkey = partsupp.ps_partkey) AND (l_suppkey = partsupp.ps_suppkey))", "Rows Removed by Index Recheck": 0}]}, {"Node Type": "Index Scan", "Parent Relationship": "Inner", "Scan Direction": "Forward", "Index Name": "orders_pkey", "Relation Name": "orders", "Alias": "orders", "Startup Cost": 0.0, "Total Cost": 0.29, "Plan Rows": 1, "Plan Width": 16, "Actual Startup Time": 25270.281, "Actual Total Time": 25270.281, "Actual Rows": 3256948, "Actual Loops": 3256948, "Index Cond": "(o_orderkey = lineitem.l_orderkey)", "Rows Removed by Index Recheck": 0}]}, {"Node Type": "Index Scan", "Parent Relationship": "Inner", "Scan Direction": "Forward", "Index Name": "nation_pkey", "Relation Name": "nation", "Alias": "nation", "Startup Cost": 0.0, "Total Cost": 0.27, "Plan Rows": 1, "Plan Width": 30, "Actual Startup Time": 4732.964, "Actual Total Time": 4732.964, "Actual Rows": 3256948, "Actual Loops": 3256948, "Index Cond": "(n_nationkey = supplier.s_nationkey)", "Rows Removed by Index Recheck": 0}]}]}]}, "Triggers": [], "Planner Runtime": 11.43, "Total Runtime": 58889.458, "Unique SQL Id": 3628361425}}, "(16, 58)": {"explain_plan": {"Plan": {"Node Type": "Sort", "Startup Cost": 98266689006.74, "Total Cost": 98266689006.74, "Plan Rows": 1, "Plan Width": 74, "Sort Key": ["nation.n_name", "(date_part('year'::text, orders.o_orderdate)) DESC"], "Plans": [{"Node Type": "Aggregate", "Strategy": "Hashed", "Parent Relationship": "Outer", "Startup Cost": 98266689006.72, "Total Cost": 98266689006.73, "Plan Rows": 1, "Plan Width": 74, "Group By Key": ["nation.n_name", "date_part('year'::text, orders.o_orderdate)"], "Plans": [{"Node Type": "Nested Loop", "Parent Relationship": "Outer", "Join Type": "Inner", "Startup Cost": 0.0, "Total Cost": 98266689006.7, "Plan Rows": 1, "Plan Width": 66, "Inner Unique": true, "Join Filter": "(supplier.s_nationkey = nation.n_nationkey)", "Plans": [{"Node Type": "Nested Loop", "Parent Relationship": "Outer", "Join Type": "Inner", "Startup Cost": 0.0, "Total Cost": 98266689005.13, "Plan Rows": 1, "Plan Width": 44, "Inner Unique": true, "Join Filter": "(lineitem.l_orderkey = orders.o_orderkey)", "Plans": [{"Node Type": "Nested Loop", "Parent Relationship": "Outer", "Join Type": "Inner", "Startup Cost": 0.0, "Total Cost": 98266075097.86, "Plan Rows": 1, "Plan Width": 44, "Inner Unique": false, "Join Filter": "((lineitem.l_suppkey = partsupp.ps_suppkey) AND (lineitem.l_partkey = partsupp.ps_partkey))", "Plans": [{"Node Type": "Seq Scan", "Parent Relationship": "Outer", "Relation Name": "partsupp", "Alias": "partsupp", "Startup Cost": 0.0, "Total Cost": 269987.72, "Plan Rows": 8000372, "Plan Width": 24}, {"Node Type": "Materialize", "Parent Relationship": "Inner", "Startup Cost": 0.0, "Total Cost": 81627151745.82, "Plan Rows": 118842, "Plan Width": 68, "Plans": [{"Node Type": "Nested Loop", "Parent Relationship": "Outer", "Join Type": "Inner", "Startup Cost": 0.0, "Total Cost": 81627151151.61, "Plan Rows": 118842, "Plan Width": 68, "Inner Unique": true, "Join Filter": "(lineitem.l_suppkey = supplier.s_suppkey), (LLVM Optimized)", "Plans": [{"Node Type": "Nested Loop", "Parent Relationship": "Outer", "Join Type": "Inner", "Startup Cost": 0.0, "Total Cost": 80883798618.61, "Plan Rows": 495566, "Plan Width": 56, "Inner Unique": true, "Join Filter": "(part.p_partkey = lineitem.l_partkey), (LLVM Optimized)", "Plans": [{"Node Type": "Seq Scan", "Parent Relationship": "Outer", "Relation Name": "lineitem", "Alias": "lineitem", "Startup Cost": 0.0, "Total Cost": 2015115.33, "Plan Rows": 59987033, "Plan Width": 48}, {"Node Type": "Materialize", "Parent Relationship": "Inner", "Startup Cost": 0.0, "Total Cost": 67393.44, "Plan Rows": 89888, "Plan Width": 8, "Plans": [{"Node Type": "Seq Scan", "Parent Relationship": "Outer", "Relation Name": "part", "Alias": "part", "Startup Cost": 0.0, "Total Cost": 66944.0, "Plan Rows": 89888, "Plan Width": 8, "Filter": "((p_name)::text ~~ '%dim%'::text)"}]}]}, {"Node Type": "Materialize", "Parent Relationship": "Inner", "Startup Cost": 0.0, "Total Cost": 3783.0, "Plan Rows": 100000, "Plan Width": 12, "Plans": [{"Node Type": "Seq Scan", "Parent Relationship": "Outer", "Relation Name": "supplier", "Alias": "supplier", "Startup Cost": 0.0, "Total Cost": 3283.0, "Plan Rows": 100000, "Plan Width": 12}]}]}]}]}, {"Node Type": "Seq Scan", "Parent Relationship": "Inner", "Relation Name": "orders", "Alias": "orders", "Startup Cost": 0.0, "Total Cost": 426413.79, "Plan Rows": 14999479, "Plan Width": 16}]}, {"Node Type": "Seq Scan", "Parent Relationship": "Inner", "Relation Name": "nation", "Alias": "nation", "Startup Cost": 0.0, "Total Cost": 1.25, "Plan Rows": 25, "Plan Width": 30}]}]}]}, "Unique SQL Id": 3628361425}, "explain_analyze_plan": null}, "(16, 59)": {"explain_plan": {"Plan": {"Node Type": "Sort", "Startup Cost": 6098670509645.03, "Total Cost": 6098670509645.03, "Plan Rows": 1, "Plan Width": 74, "Sort Key": ["nation.n_name", "(date_part('year'::text, orders.o_orderdate)) DESC"], "Plans": [{"Node Type": "Aggregate", "Strategy": "Hashed", "Parent Relationship": "Outer", "Startup Cost": 6098670509645.0, "Total Cost": 6098670509645.02, "Plan Rows": 1, "Plan Width": 74, "Group By Key": ["nation.n_name", "date_part('year'::text, orders.o_orderdate)"], "Plans": [{"Node Type": "Nested Loop", "Parent Relationship": "Outer", "Join Type": "Inner", "Startup Cost": 60000000000.0, "Total Cost": 6098670509644.99, "Plan Rows": 1, "Plan Width": 66, "Inner Unique": true, "Plans": [{"Node Type": "Nested Loop", "Parent Relationship": "Outer", "Join Type": "Inner", "Startup Cost": 50000000000.0, "Total Cost": 5098670509615.75, "Plan Rows": 1, "Plan Width": 66, "Inner Unique": true, "Plans": [{"Node Type": "Nested Loop", "Parent Relationship": "Outer", "Join Type": "Inner", "Startup Cost": 40000000000.0, "Total Cost": 4098670509588.73, "Plan Rows": 1, "Plan Width": 44, "Inner Unique": true, "Join Filter": "((lineitem.l_suppkey = partsupp.ps_suppkey) AND (lineitem.l_partkey = partsupp.ps_partkey))", "Plans": [{"Node Type": "Nested Loop", "Parent Relationship": "Outer", "Join Type": "Inner", "Startup Cost": 30000000000.0, "Total Cost": 3081960194963.16, "Plan Rows": 118842, "Plan Width": 68, "Inner Unique": true, "Join Filter": "(lineitem.l_suppkey = supplier.s_suppkey), (LLVM Optimized)", "Plans": [{"Node Type": "Nested Loop", "Parent Relationship": "Outer", "Join Type": "Inner", "Startup Cost": 20000000000.0, "Total Cost": 2081216312258.78, "Plan Rows": 495566, "Plan Width": 56, "Inner Unique": true, "Join Filter": "(part.p_partkey = lineitem.l_partkey), (LLVM Optimized)", "Plans": [{"Node Type": "Index Scan", "Parent Relationship": "Outer", "Scan Direction": "Forward", "Index Name": "idx_lineitem_orderkey", "Relation Name": "lineitem", "Alias": "lineitem", "Startup Cost": 10000000000.0, "Total Cost": 1000324015374.5, "Plan Rows": 59987033, "Plan Width": 48}, {"Node Type": "Materialize", "Parent Relationship": "Inner", "Startup Cost": 10000000000.0, "Total Cost": 1000010580774.44, "Plan Rows": 89888, "Plan Width": 8, "Plans": [{"Node Type": "Index Scan", "Parent Relationship": "Outer", "Scan Direction": "Forward", "Index Name": "part_kpey", "Relation Name": "part", "Alias": "part", "Startup Cost": 10000000000.0, "Total Cost": 1000010580325.0, "Plan Rows": 89888, "Plan Width": 8, "Filter": "((p_name)::text ~~ '%dim%'::text)"}]}]}, {"Node Type": "Materialize", "Parent Relationship": "Inner", "Startup Cost": 10000000000.0, "Total Cost": 1000000533954.38, "Plan Rows": 100000, "Plan Width": 12, "Plans": [{"Node Type": "Index Scan", "Parent Relationship": "Outer", "Scan Direction": "Forward", "Index Name": "supplier_pkey", "Relation Name": "supplier", "Alias": "supplier", "Startup Cost": 10000000000.0, "Total Cost": 1000000533454.38, "Plan Rows": 100000, "Plan Width": 12}]}]}, {"Node Type": "Materialize", "Parent Relationship": "Inner", "Startup Cost": 10000000000.0, "Total Cost": 1000071680965.08, "Plan Rows": 8000372, "Plan Width": 24, "Plans": [{"Node Type": "Index Scan", "Parent Relationship": "Outer", "Scan Direction": "Forward", "Index Name": "partsupp_pkey", "Relation Name": "partsupp", "Alias": "partsupp", "Startup Cost": 10000000000.0, "Total Cost": 1000071640963.22, "Plan Rows": 8000372, "Plan Width": 24}]}]}, {"Node Type": "Index Scan", "Parent Relationship": "Inner", "Scan Direction": "Forward", "Index Name": "nation_pkey", "Relation Name": "nation", "Alias": "nation", "Startup Cost": 10000000000.0, "Total Cost": 1000000000027.01, "Plan Rows": 1, "Plan Width": 30, "Index Cond": "(n_nationkey = supplier.s_nationkey)"}]}, {"Node Type": "Index Scan", "Parent Relationship": "Inner", "Scan Direction": "Forward", "Index Name": "orders_pkey", "Relation Name": "orders", "Alias": "orders", "Startup Cost": 10000000000.0, "Total Cost": 1000000000029.23, "Plan Rows": 1, "Plan Width": 16, "Index Cond": "(o_orderkey = lineitem.l_orderkey)"}]}]}]}, "Unique SQL Id": 3628361425}, "explain_analyze_plan": null}, "(16, 60)": {"explain_plan": {"Plan": {"Node Type": "Sort", "Startup Cost": 726568.79, "Total Cost": 726568.8, "Plan Rows": 1, "Plan Width": 74, "Sort Key": ["nation.n_name", "(date_part('year'::text, orders.o_orderdate)) DESC"], "Plans": [{"Node Type": "Aggregate", "Strategy": "Hashed", "Parent Relationship": "Outer", "Startup Cost": 726568.77, "Total Cost": 726568.78, "Plan Rows": 1, "Plan Width": 74, "Group By Key": ["nation.n_name", "date_part('year'::text, orders.o_orderdate)"], "Plans": [{"Node Type": "Nested Loop", "Parent Relationship": "Outer", "Join Type": "Inner", "Startup Cost": 0.0, "Total Cost": 726568.75, "Plan Rows": 1, "Plan Width": 66, "Inner Unique": true, "Plans": [{"Node Type": "Nested Loop", "Parent Relationship": "Outer", "Join Type": "Inner", "Startup Cost": 0.0, "Total Cost": 726568.47, "Plan Rows": 1, "Plan Width": 44, "Inner Unique": true, "Plans": [{"Node Type": "Nested Loop", "Parent Relationship": "Outer", "Join Type": "Inner", "Startup Cost": 0.0, "Total Cost": 726568.17, "Plan Rows": 1, "Plan Width": 44, "Inner Unique": false, "Join Filter": "(supplier.s_suppkey = lineitem.l_suppkey)", "Plans": [{"Node Type": "Nested Loop", "Parent Relationship": "Outer", "Join Type": "Inner", "Startup Cost": 0.0, "Total Cost": 582819.16, "Plan Rows": 125630, "Plan Width": 44, "Inner Unique": true, "Plans": [{"Node Type": "Nested Loop", "Parent Relationship": "Outer", "Join Type": "Inner", "Startup Cost": 0.0, "Total Cost": 509766.04, "Plan Rows": 259666, "Plan Width": 32, "Inner Unique": false, "Plans": [{"Node Type": "Seq Scan", "Parent Relationship": "Outer", "Relation Name": "part", "Alias": "part", "Startup Cost": 0.0, "Total Cost": 66944.0, "Plan Rows": 89888, "Plan Width": 8, "Filter": "((p_name)::text ~~ '%dim%'::text)"}, {"Node Type": "Index Scan", "Parent Relationship": "Inner", "Scan Direction": "Forward", "Index Name": "idx_partsupp_partkey", "Relation Name": "partsupp", "Alias": "partsupp", "Startup Cost": 0.0, "Total Cost": 4.9, "Plan Rows": 3, "Plan Width": 24, "Index Cond": "(ps_partkey = part.p_partkey)"}]}, {"Node Type": "Index Scan", "Parent Relationship": "Inner", "Scan Direction": "Forward", "Index Name": "supplier_pkey", "Relation Name": "supplier", "Alias": "supplier", "Startup Cost": 0.0, "Total Cost": 0.27, "Plan Rows": 1, "Plan Width": 12, "Index Cond": "(s_suppkey = partsupp.ps_suppkey)"}]}, {"Node Type": "Index Scan", "Parent Relationship": "Inner", "Scan Direction": "Forward", "Index Name": "idx_lineitem_part_supp", "Relation Name": "lineitem", "Alias": "lineitem", "Startup Cost": 0.0, "Total Cost": 1.13, "Plan Rows": 1, "Plan Width": 48, "Index Cond": "((l_partkey = partsupp.ps_partkey) AND (l_suppkey = partsupp.ps_suppkey))"}]}, {"Node Type": "Index Scan", "Parent Relationship": "Inner", "Scan Direction": "Forward", "Index Name": "orders_pkey", "Relation Name": "orders", "Alias": "orders", "Startup Cost": 0.0, "Total Cost": 0.29, "Plan Rows": 1, "Plan Width": 16, "Index Cond": "(o_orderkey = lineitem.l_orderkey)"}]}, {"Node Type": "Index Scan", "Parent Relationship": "Inner", "Scan Direction": "Forward", "Index Name": "nation_pkey", "Relation Name": "nation", "Alias": "nation", "Startup Cost": 0.0, "Total Cost": 0.27, "Plan Rows": 1, "Plan Width": 30, "Index Cond": "(n_nationkey = supplier.s_nationkey)"}]}]}]}, "Unique SQL Id": 3628361425}, "explain_analyze_plan": {"Plan": {"Node Type": "Sort", "Startup Cost": 726568.79, "Total Cost": 726568.8, "Plan Rows": 1, "Plan Width": 74, "Actual Startup Time": 57925.063, "Actual Total Time": 57925.076, "Actual Rows": 175, "Actual Loops": 1, "Sort Key": ["nation.n_name", "(date_part('year'::text, orders.o_orderdate)) DESC"], "Sort Method": "quicksort", "Sort Space Used": 52, "Sort Space Type": "Memory", "Plans": [{"Node Type": "Aggregate", "Strategy": "Hashed", "Parent Relationship": "Outer", "Startup Cost": 726568.77, "Total Cost": 726568.78, "Plan Rows": 1, "Plan Width": 74, "Actual Startup Time": 57924.562, "Actual Total Time": 57924.622, "Actual Rows": 175, "Actual Loops": 1, "Group By Key": ["nation.n_name", "date_part('year'::text, orders.o_orderdate)"], "Plans": [{"Node Type": "Nested Loop", "Parent Relationship": "Outer", "Join Type": "Inner", "Startup Cost": 0.0, "Total Cost": 726568.75, "Plan Rows": 1, "Plan Width": 66, "Actual Startup Time": 0.144, "Actual Total Time": 54053.879, "Actual Rows": 3256948, "Actual Loops": 1, "Inner Unique": true, "Plans": [{"Node Type": "Nested Loop", "Parent Relationship": "Outer", "Join Type": "Inner", "Startup Cost": 0.0, "Total Cost": 726568.47, "Plan Rows": 1, "Plan Width": 44, "Actual Startup Time": 0.123, "Actual Total Time": 45163.781, "Actual Rows": 3256948, "Actual Loops": 1, "Inner Unique": true, "Plans": [{"Node Type": "Nested Loop", "Parent Relationship": "Outer", "Join Type": "Inner", "Startup Cost": 0.0, "Total Cost": 726568.17, "Plan Rows": 1, "Plan Width": 44, "Actual Startup Time": 0.104, "Actual Total Time": 17168.627, "Actual Rows": 3256948, "Actual Loops": 1, "Inner Unique": false, "Join Filter": "(supplier.s_suppkey = lineitem.l_suppkey)", "Rows Removed by Join Filter": 0, "Plans": [{"Node Type": "Nested Loop", "Parent Relationship": "Outer", "Join Type": "Inner", "Startup Cost": 0.0, "Total Cost": 582819.16, "Plan Rows": 125630, "Plan Width": 44, "Actual Startup Time": 0.079, "Actual Total Time": 4564.722, "Actual Rows": 434204, "Actual Loops": 1, "Inner Unique": true, "Plans": [{"Node Type": "Nested Loop", "Parent Relationship": "Outer", "Join Type": "Inner", "Startup Cost": 0.0, "Total Cost": 509766.04, "Plan Rows": 259666, "Plan Width": 32, "Actual Startup Time": 0.065, "Actual Total Time": 2373.393, "Actual Rows": 434204, "Actual Loops": 1, "Inner Unique": false, "Plans": [{"Node Type": "Seq Scan", "Parent Relationship": "Outer", "Relation Name": "part", "Alias": "part", "Startup Cost": 0.0, "Total Cost": 66944.0, "Plan Rows": 89888, "Plan Width": 8, "Actual Startup Time": 0.036, "Actual Total Time": 1132.759, "Actual Rows": 108551, "Actual Loops": 1, "Filter": "((p_name)::text ~~ '%dim%'::text)", "Rows Removed by Filter": 1891449}, {"Node Type": "Index Scan", "Parent Relationship": "Inner", "Scan Direction": "Forward", "Index Name": "idx_partsupp_partkey", "Relation Name": "partsupp", "Alias": "partsupp", "Startup Cost": 0.0, "Total Cost": 4.9, "Plan Rows": 3, "Plan Width": 24, "Actual Startup Time": 695.572, "Actual Total Time": 1016.172, "Actual Rows": 434204, "Actual Loops": 108551, "Index Cond": "(ps_partkey = part.p_partkey)", "Rows Removed by Index Recheck": 0}]}, {"Node Type": "Index Scan", "Parent Relationship": "Inner", "Scan Direction": "Forward", "Index Name": "supplier_pkey", "Relation Name": "supplier", "Alias": "supplier", "Startup Cost": 0.0, "Total Cost": 0.27, "Plan Rows": 1, "Plan Width": 12, "Actual Startup Time": 1729.514, "Actual Total Time": 1729.514, "Actual Rows": 434204, "Actual Loops": 434204, "Index Cond": "(s_suppkey = partsupp.ps_suppkey)", "Rows Removed by Index Recheck": 0}]}, {"Node Type": "Index Scan", "Parent Relationship": "Inner", "Scan Direction": "Forward", "Index Name": "idx_lineitem_part_supp", "Relation Name": "lineitem", "Alias": "lineitem", "Startup Cost": 0.0, "Total Cost": 1.13, "Plan Rows": 1, "Plan Width": 48, "Actual Startup Time": 3165.055, "Actual Total Time": 10945.61, "Actual Rows": 3256948, "Actual Loops": 434204, "Index Cond": "((l_partkey = partsupp.ps_partkey) AND (l_suppkey = partsupp.ps_suppkey))", "Rows Removed by Index Recheck": 0}]}, {"Node Type": "Index Scan", "Parent Relationship": "Inner", "Scan Direction": "Forward", "Index Name": "orders_pkey", "Relation Name": "orders", "Alias": "orders", "Startup Cost": 0.0, "Total Cost": 0.29, "Plan Rows": 1, "Plan Width": 16, "Actual Startup Time": 25171.519, "Actual Total Time": 25171.519, "Actual Rows": 3256948, "Actual Loops": 3256948, "Index Cond": "(o_orderkey = lineitem.l_orderkey)", "Rows Removed by Index Recheck": 0}]}, {"Node Type": "Index Scan", "Parent Relationship": "Inner", "Scan Direction": "Forward", "Index Name": "nation_pkey", "Relation Name": "nation", "Alias": "nation", "Startup Cost": 0.0, "Total Cost": 0.27, "Plan Rows": 1, "Plan Width": 30, "Actual Startup Time": 4751.591, "Actual Total Time": 4751.591, "Actual Rows": 3256948, "Actual Loops": 3256948, "Index Cond": "(n_nationkey = supplier.s_nationkey)", "Rows Removed by Index Recheck": 0}]}]}]}, "Triggers": [], "Planner Runtime": 11.688, "Total Runtime": 57925.461, "Unique SQL Id": 3628361425}}, "(16, 61)": {"explain_plan": {"Plan": {"Node Type": "Sort", "Startup Cost": 765428.04, "Total Cost": 765428.05, "Plan Rows": 1, "Plan Width": 74, "Sort Key": ["nation.n_name", "(date_part('year'::text, orders.o_orderdate)) DESC"], "Plans": [{"Node Type": "Aggregate", "Strategy": "Hashed", "Parent Relationship": "Outer", "Startup Cost": 765428.02, "Total Cost": 765428.03, "Plan Rows": 1, "Plan Width": 74, "Group By Key": ["nation.n_name", "date_part('year'::text, orders.o_orderdate)"], "Plans": [{"Node Type": "Nested Loop", "Parent Relationship": "Outer", "Join Type": "Inner", "Startup Cost": 0.0, "Total Cost": 765428.0, "Plan Rows": 1, "Plan Width": 66, "Inner Unique": true, "Plans": [{"Node Type": "Nested Loop", "Parent Relationship": "Outer", "Join Type": "Inner", "Startup Cost": 0.0, "Total Cost": 765427.72, "Plan Rows": 1, "Plan Width": 44, "Inner Unique": true, "Plans": [{"Node Type": "Nested Loop", "Parent Relationship": "Outer", "Join Type": "Inner", "Startup Cost": 0.0, "Total Cost": 765427.42, "Plan Rows": 1, "Plan Width": 44, "Inner Unique": false, "Join Filter": "(supplier.s_suppkey = lineitem.l_suppkey)", "Plans": [{"Node Type": "Nested Loop", "Parent Relationship": "Outer", "Join Type": "Inner", "Startup Cost": 0.0, "Total Cost": 621678.41, "Plan Rows": 125630, "Plan Width": 44, "Inner Unique": true, "Plans": [{"Node Type": "Nested Loop", "Parent Relationship": "Outer", "Join Type": "Inner", "Startup Cost": 0.0, "Total Cost": 548625.29, "Plan Rows": 259666, "Plan Width": 32, "Inner Unique": false, "Plans": [{"Node Type": "Index Scan", "Parent Relationship": "Outer", "Scan Direction": "Forward", "Index Name": "part_kpey", "Relation Name": "part", "Alias": "part", "Startup Cost": 0.0, "Total Cost": 105803.25, "Plan Rows": 89888, "Plan Width": 8, "Filter": "((p_name)::text ~~ '%dim%'::text)"}, {"Node Type": "Index Scan", "Parent Relationship": "Inner", "Scan Direction": "Forward", "Index Name": "idx_partsupp_partkey", "Relation Name": "partsupp", "Alias": "partsupp", "Startup Cost": 0.0, "Total Cost": 4.9, "Plan Rows": 3, "Plan Width": 24, "Index Cond": "(ps_partkey = part.p_partkey)"}]}, {"Node Type": "Index Scan", "Parent Relationship": "Inner", "Scan Direction": "Forward", "Index Name": "supplier_pkey", "Relation Name": "supplier", "Alias": "supplier", "Startup Cost": 0.0, "Total Cost": 0.27, "Plan Rows": 1, "Plan Width": 12, "Index Cond": "(s_suppkey = partsupp.ps_suppkey)"}]}, {"Node Type": "Index Scan", "Parent Relationship": "Inner", "Scan Direction": "Forward", "Index Name": "idx_lineitem_part_supp", "Relation Name": "lineitem", "Alias": "lineitem", "Startup Cost": 0.0, "Total Cost": 1.13, "Plan Rows": 1, "Plan Width": 48, "Index Cond": "((l_partkey = partsupp.ps_partkey) AND (l_suppkey = partsupp.ps_suppkey))"}]}, {"Node Type": "Index Scan", "Parent Relationship": "Inner", "Scan Direction": "Forward", "Index Name": "orders_pkey", "Relation Name": "orders", "Alias": "orders", "Startup Cost": 0.0, "Total Cost": 0.29, "Plan Rows": 1, "Plan Width": 16, "Index Cond": "(o_orderkey = lineitem.l_orderkey)"}]}, {"Node Type": "Index Scan", "Parent Relationship": "Inner", "Scan Direction": "Forward", "Index Name": "nation_pkey", "Relation Name": "nation", "Alias": "nation", "Startup Cost": 0.0, "Total Cost": 0.27, "Plan Rows": 1, "Plan Width": 30, "Index Cond": "(n_nationkey = supplier.s_nationkey)"}]}]}]}, "Unique SQL Id": 3628361425}, "explain_analyze_plan": {"Plan": {"Node Type": "Sort", "Startup Cost": 765428.04, "Total Cost": 765428.05, "Plan Rows": 1, "Plan Width": 74, "Actual Startup Time": 58889.083, "Actual Total Time": 58889.096, "Actual Rows": 175, "Actual Loops": 1, "Sort Key": ["nation.n_name", "(date_part('year'::text, orders.o_orderdate)) DESC"], "Sort Method": "quicksort", "Sort Space Used": 52, "Sort Space Type": "Memory", "Plans": [{"Node Type": "Aggregate", "Strategy": "Hashed", "Parent Relationship": "Outer", "Startup Cost": 765428.02, "Total Cost": 765428.03, "Plan Rows": 1, "Plan Width": 74, "Actual Startup Time": 58888.588, "Actual Total Time": 58888.66, "Actual Rows": 175, "Actual Loops": 1, "Group By Key": ["nation.n_name", "date_part('year'::text, orders.o_orderdate)"], "Plans": [{"Node Type": "Nested Loop", "Parent Relationship": "Outer", "Join Type": "Inner", "Startup Cost": 0.0, "Total Cost": 765428.0, "Plan Rows": 1, "Plan Width": 66, "Actual Startup Time": 0.149, "Actual Total Time": 54820.433, "Actual Rows": 3256948, "Actual Loops": 1, "Inner Unique": true, "Plans": [{"Node Type": "Nested Loop", "Parent Relationship": "Outer", "Join Type": "Inner", "Startup Cost": 0.0, "Total Cost": 765427.72, "Plan Rows": 1, "Plan Width": 44, "Actual Startup Time": 0.131, "Actual Total Time": 45890.672, "Actual Rows": 3256948, "Actual Loops": 1, "Inner Unique": true, "Plans": [{"Node Type": "Nested Loop", "Parent Relationship": "Outer", "Join Type": "Inner", "Startup Cost": 0.0, "Total Cost": 765427.42, "Plan Rows": 1, "Plan Width": 44, "Actual Startup Time": 0.111, "Actual Total Time": 17776.727, "Actual Rows": 3256948, "Actual Loops": 1, "Inner Unique": false, "Join Filter": "(supplier.s_suppkey = lineitem.l_suppkey)", "Rows Removed by Join Filter": 0, "Plans": [{"Node Type": "Nested Loop", "Parent Relationship": "Outer", "Join Type": "Inner", "Startup Cost": 0.0, "Total Cost": 621678.41, "Plan Rows": 125630, "Plan Width": 44, "Actual Startup Time": 0.094, "Actual Total Time": 5140.472, "Actual Rows": 434204, "Actual Loops": 1, "Inner Unique": true, "Plans": [{"Node Type": "Nested Loop", "Parent Relationship": "Outer", "Join Type": "Inner", "Startup Cost": 0.0, "Total Cost": 548625.29, "Plan Rows": 259666, "Plan Width": 32, "Actual Startup Time": 0.082, "Actual Total Time": 2954.041, "Actual Rows": 434204, "Actual Loops": 1, "Inner Unique": false, "Plans": [{"Node Type": "Index Scan", "Parent Relationship": "Outer", "Scan Direction": "Forward", "Index Name": "part_kpey", "Relation Name": "part", "Alias": "part", "Startup Cost": 0.0, "Total Cost": 105803.25, "Plan Rows": 89888, "Plan Width": 8, "Actual Startup Time": 0.059, "Actual Total Time": 1736.225, "Actual Rows": 108551, "Actual Loops": 1, "Filter": "((p_name)::text ~~ '%dim%'::text)", "Rows Removed by Filter": 1891449}, {"Node Type": "Index Scan", "Parent Relationship": "Inner", "Scan Direction": "Forward", "Index Name": "idx_partsupp_partkey", "Relation Name": "partsupp", "Alias": "partsupp", "Startup Cost": 0.0, "Total Cost": 4.9, "Plan Rows": 3, "Plan Width": 24, "Actual Startup Time": 689.993, "Actual Total Time": 1002.482, "Actual Rows": 434204, "Actual Loops": 108551, "Index Cond": "(ps_partkey = part.p_partkey)", "Rows Removed by Index Recheck": 0}]}, {"Node Type": "Index Scan", "Parent Relationship": "Inner", "Scan Direction": "Forward", "Index Name": "supplier_pkey", "Relation Name": "supplier", "Alias": "supplier", "Startup Cost": 0.0, "Total Cost": 0.27, "Plan Rows": 1, "Plan Width": 12, "Actual Startup Time": 1736.282, "Actual Total Time": 1736.282, "Actual Rows": 434204, "Actual Loops": 434204, "Index Cond": "(s_suppkey = partsupp.ps_suppkey)", "Rows Removed by Index Recheck": 0}]}, {"Node Type": "Index Scan", "Parent Relationship": "Inner", "Scan Direction": "Forward", "Index Name": "idx_lineitem_part_supp", "Relation Name": "lineitem", "Alias": "lineitem", "Startup Cost": 0.0, "Total Cost": 1.13, "Plan Rows": 1, "Plan Width": 48, "Actual Startup Time": 3134.972, "Actual Total Time": 10939.244, "Actual Rows": 3256948, "Actual Loops": 434204, "Index Cond": "((l_partkey = partsupp.ps_partkey) AND (l_suppkey = partsupp.ps_suppkey))", "Rows Removed by Index Recheck": 0}]}, {"Node Type": "Index Scan", "Parent Relationship": "Inner", "Scan Direction": "Forward", "Index Name": "orders_pkey", "Relation Name": "orders", "Alias": "orders", "Startup Cost": 0.0, "Total Cost": 0.29, "Plan Rows": 1, "Plan Width": 16, "Actual Startup Time": 25270.281, "Actual Total Time": 25270.281, "Actual Rows": 3256948, "Actual Loops": 3256948, "Index Cond": "(o_orderkey = lineitem.l_orderkey)", "Rows Removed by Index Recheck": 0}]}, {"Node Type": "Index Scan", "Parent Relationship": "Inner", "Scan Direction": "Forward", "Index Name": "nation_pkey", "Relation Name": "nation", "Alias": "nation", "Startup Cost": 0.0, "Total Cost": 0.27, "Plan Rows": 1, "Plan Width": 30, "Actual Startup Time": 4732.964, "Actual Total Time": 4732.964, "Actual Rows": 3256948, "Actual Loops": 3256948, "Index Cond": "(n_nationkey = supplier.s_nationkey)", "Rows Removed by Index Recheck": 0}]}]}]}, "Triggers": [], "Planner Runtime": 11.43, "Total Runtime": 58889.458, "Unique SQL Id": 3628361425}}, "(16, 62)": {"explain_plan": {"Plan": {"Node Type": "Sort", "Startup Cost": 98266689006.74, "Total Cost": 98266689006.74, "Plan Rows": 1, "Plan Width": 74, "Sort Key": ["nation.n_name", "(date_part('year'::text, orders.o_orderdate)) DESC"], "Plans": [{"Node Type": "Aggregate", "Strategy": "Hashed", "Parent Relationship": "Outer", "Startup Cost": 98266689006.72, "Total Cost": 98266689006.73, "Plan Rows": 1, "Plan Width": 74, "Group By Key": ["nation.n_name", "date_part('year'::text, orders.o_orderdate)"], "Plans": [{"Node Type": "Nested Loop", "Parent Relationship": "Outer", "Join Type": "Inner", "Startup Cost": 0.0, "Total Cost": 98266689006.7, "Plan Rows": 1, "Plan Width": 66, "Inner Unique": true, "Join Filter": "(supplier.s_nationkey = nation.n_nationkey)", "Plans": [{"Node Type": "Nested Loop", "Parent Relationship": "Outer", "Join Type": "Inner", "Startup Cost": 0.0, "Total Cost": 98266689005.13, "Plan Rows": 1, "Plan Width": 44, "Inner Unique": true, "Join Filter": "(lineitem.l_orderkey = orders.o_orderkey)", "Plans": [{"Node Type": "Nested Loop", "Parent Relationship": "Outer", "Join Type": "Inner", "Startup Cost": 0.0, "Total Cost": 98266075097.86, "Plan Rows": 1, "Plan Width": 44, "Inner Unique": false, "Join Filter": "((lineitem.l_suppkey = partsupp.ps_suppkey) AND (lineitem.l_partkey = partsupp.ps_partkey))", "Plans": [{"Node Type": "Seq Scan", "Parent Relationship": "Outer", "Relation Name": "partsupp", "Alias": "partsupp", "Startup Cost": 0.0, "Total Cost": 269987.72, "Plan Rows": 8000372, "Plan Width": 24}, {"Node Type": "Materialize", "Parent Relationship": "Inner", "Startup Cost": 0.0, "Total Cost": 81627151745.82, "Plan Rows": 118842, "Plan Width": 68, "Plans": [{"Node Type": "Nested Loop", "Parent Relationship": "Outer", "Join Type": "Inner", "Startup Cost": 0.0, "Total Cost": 81627151151.61, "Plan Rows": 118842, "Plan Width": 68, "Inner Unique": true, "Join Filter": "(lineitem.l_suppkey = supplier.s_suppkey), (LLVM Optimized)", "Plans": [{"Node Type": "Nested Loop", "Parent Relationship": "Outer", "Join Type": "Inner", "Startup Cost": 0.0, "Total Cost": 80883798618.61, "Plan Rows": 495566, "Plan Width": 56, "Inner Unique": true, "Join Filter": "(part.p_partkey = lineitem.l_partkey), (LLVM Optimized)", "Plans": [{"Node Type": "Seq Scan", "Parent Relationship": "Outer", "Relation Name": "lineitem", "Alias": "lineitem", "Startup Cost": 0.0, "Total Cost": 2015115.33, "Plan Rows": 59987033, "Plan Width": 48}, {"Node Type": "Materialize", "Parent Relationship": "Inner", "Startup Cost": 0.0, "Total Cost": 67393.44, "Plan Rows": 89888, "Plan Width": 8, "Plans": [{"Node Type": "Seq Scan", "Parent Relationship": "Outer", "Relation Name": "part", "Alias": "part", "Startup Cost": 0.0, "Total Cost": 66944.0, "Plan Rows": 89888, "Plan Width": 8, "Filter": "((p_name)::text ~~ '%dim%'::text)"}]}]}, {"Node Type": "Materialize", "Parent Relationship": "Inner", "Startup Cost": 0.0, "Total Cost": 3783.0, "Plan Rows": 100000, "Plan Width": 12, "Plans": [{"Node Type": "Seq Scan", "Parent Relationship": "Outer", "Relation Name": "supplier", "Alias": "supplier", "Startup Cost": 0.0, "Total Cost": 3283.0, "Plan Rows": 100000, "Plan Width": 12}]}]}]}]}, {"Node Type": "Seq Scan", "Parent Relationship": "Inner", "Relation Name": "orders", "Alias": "orders", "Startup Cost": 0.0, "Total Cost": 426413.79, "Plan Rows": 14999479, "Plan Width": 16}]}, {"Node Type": "Seq Scan", "Parent Relationship": "Inner", "Relation Name": "nation", "Alias": "nation", "Startup Cost": 0.0, "Total Cost": 1.25, "Plan Rows": 25, "Plan Width": 30}]}]}]}, "Unique SQL Id": 3628361425}, "explain_analyze_plan": null}, "(16, 63)": {"explain_plan": {"Plan": {"Node Type": "Sort", "Startup Cost": 6098670509645.03, "Total Cost": 6098670509645.03, "Plan Rows": 1, "Plan Width": 74, "Sort Key": ["nation.n_name", "(date_part('year'::text, orders.o_orderdate)) DESC"], "Plans": [{"Node Type": "Aggregate", "Strategy": "Hashed", "Parent Relationship": "Outer", "Startup Cost": 6098670509645.0, "Total Cost": 6098670509645.02, "Plan Rows": 1, "Plan Width": 74, "Group By Key": ["nation.n_name", "date_part('year'::text, orders.o_orderdate)"], "Plans": [{"Node Type": "Nested Loop", "Parent Relationship": "Outer", "Join Type": "Inner", "Startup Cost": 60000000000.0, "Total Cost": 6098670509644.99, "Plan Rows": 1, "Plan Width": 66, "Inner Unique": true, "Plans": [{"Node Type": "Nested Loop", "Parent Relationship": "Outer", "Join Type": "Inner", "Startup Cost": 50000000000.0, "Total Cost": 5098670509615.75, "Plan Rows": 1, "Plan Width": 66, "Inner Unique": true, "Plans": [{"Node Type": "Nested Loop", "Parent Relationship": "Outer", "Join Type": "Inner", "Startup Cost": 40000000000.0, "Total Cost": 4098670509588.73, "Plan Rows": 1, "Plan Width": 44, "Inner Unique": true, "Join Filter": "((lineitem.l_suppkey = partsupp.ps_suppkey) AND (lineitem.l_partkey = partsupp.ps_partkey))", "Plans": [{"Node Type": "Nested Loop", "Parent Relationship": "Outer", "Join Type": "Inner", "Startup Cost": 30000000000.0, "Total Cost": 3081960194963.16, "Plan Rows": 118842, "Plan Width": 68, "Inner Unique": true, "Join Filter": "(lineitem.l_suppkey = supplier.s_suppkey), (LLVM Optimized)", "Plans": [{"Node Type": "Nested Loop", "Parent Relationship": "Outer", "Join Type": "Inner", "Startup Cost": 20000000000.0, "Total Cost": 2081216312258.78, "Plan Rows": 495566, "Plan Width": 56, "Inner Unique": true, "Join Filter": "(part.p_partkey = lineitem.l_partkey), (LLVM Optimized)", "Plans": [{"Node Type": "Index Scan", "Parent Relationship": "Outer", "Scan Direction": "Forward", "Index Name": "idx_lineitem_orderkey", "Relation Name": "lineitem", "Alias": "lineitem", "Startup Cost": 10000000000.0, "Total Cost": 1000324015374.5, "Plan Rows": 59987033, "Plan Width": 48}, {"Node Type": "Materialize", "Parent Relationship": "Inner", "Startup Cost": 10000000000.0, "Total Cost": 1000010580774.44, "Plan Rows": 89888, "Plan Width": 8, "Plans": [{"Node Type": "Index Scan", "Parent Relationship": "Outer", "Scan Direction": "Forward", "Index Name": "part_kpey", "Relation Name": "part", "Alias": "part", "Startup Cost": 10000000000.0, "Total Cost": 1000010580325.0, "Plan Rows": 89888, "Plan Width": 8, "Filter": "((p_name)::text ~~ '%dim%'::text)"}]}]}, {"Node Type": "Materialize", "Parent Relationship": "Inner", "Startup Cost": 10000000000.0, "Total Cost": 1000000533954.38, "Plan Rows": 100000, "Plan Width": 12, "Plans": [{"Node Type": "Index Scan", "Parent Relationship": "Outer", "Scan Direction": "Forward", "Index Name": "supplier_pkey", "Relation Name": "supplier", "Alias": "supplier", "Startup Cost": 10000000000.0, "Total Cost": 1000000533454.38, "Plan Rows": 100000, "Plan Width": 12}]}]}, {"Node Type": "Materialize", "Parent Relationship": "Inner", "Startup Cost": 10000000000.0, "Total Cost": 1000071680965.08, "Plan Rows": 8000372, "Plan Width": 24, "Plans": [{"Node Type": "Index Scan", "Parent Relationship": "Outer", "Scan Direction": "Forward", "Index Name": "partsupp_pkey", "Relation Name": "partsupp", "Alias": "partsupp", "Startup Cost": 10000000000.0, "Total Cost": 1000071640963.22, "Plan Rows": 8000372, "Plan Width": 24}]}]}, {"Node Type": "Index Scan", "Parent Relationship": "Inner", "Scan Direction": "Forward", "Index Name": "nation_pkey", "Relation Name": "nation", "Alias": "nation", "Startup Cost": 10000000000.0, "Total Cost": 1000000000027.01, "Plan Rows": 1, "Plan Width": 30, "Index Cond": "(n_nationkey = supplier.s_nationkey)"}]}, {"Node Type": "Index Scan", "Parent Relationship": "Inner", "Scan Direction": "Forward", "Index Name": "orders_pkey", "Relation Name": "orders", "Alias": "orders", "Startup Cost": 10000000000.0, "Total Cost": 1000000000029.23, "Plan Rows": 1, "Plan Width": 16, "Index Cond": "(o_orderkey = lineitem.l_orderkey)"}]}]}]}, "Unique SQL Id": 3628361425}, "explain_analyze_plan": null}, "(16, 64)": {"explain_plan": {"Plan": {"Node Type": "Sort", "Startup Cost": 521166.05, "Total Cost": 521166.06, "Plan Rows": 1, "Plan Width": 74, "Sort Key": ["nation.n_name", "(date_part('year'::text, orders.o_orderdate)) DESC"], "Plans": [{"Node Type": "Aggregate", "Strategy": "Hashed", "Parent Relationship": "Outer", "Startup Cost": 521166.03, "Total Cost": 521166.04, "Plan Rows": 1, "Plan Width": 74, "Group By Key": ["nation.n_name", "date_part('year'::text, orders.o_orderdate)"], "Plans": [{"Node Type": "Nested Loop", "Parent Relationship": "Outer", "Join Type": "Inner", "Startup Cost": 72600.6, "Total Cost": 521166.01, "Plan Rows": 1, "Plan Width": 66, "Inner Unique": true, "Plans": [{"Node Type": "Nested Loop", "Parent Relationship": "Outer", "Join Type": "Inner", "Startup Cost": 72600.6, "Total Cost": 521165.73, "Plan Rows": 1, "Plan Width": 44, "Inner Unique": true, "Plans": [{"Node Type": "Nested Loop", "Parent Relationship": "Outer", "Join Type": "Inner", "Startup Cost": 72600.6, "Total Cost": 521165.43, "Plan Rows": 1, "Plan Width": 44, "Inner Unique": false, "Join Filter": "(supplier.s_suppkey = lineitem.l_suppkey)", "Plans": [{"Node Type": "Hash Join", "Parent Relationship": "Outer", "Join Type": "Inner", "Startup Cost": 72600.6, "Total Cost": 377416.42, "Plan Rows": 125630, "Plan Width": 44, "Inner Unique": true, "Hash Cond": "(partsupp.ps_suppkey = supplier.s_suppkey), (LLVM Optimized)", "Plans": [{"Node Type": "Hash Join", "Parent Relationship": "Outer", "Join Type": "Inner", "Startup Cost": 68067.6, "Total Cost": 370653.38, "Plan Rows": 259666, "Plan Width": 32, "Inner Unique": true, "Hash Cond": "(partsupp.ps_partkey = part.p_partkey), (LLVM Optimized)", "Plans": [{"Node Type": "Seq Scan", "Parent Relationship": "Outer", "Relation Name": "partsupp", "Alias": "partsupp", "Startup Cost": 0.0, "Total Cost": 269987.72, "Plan Rows": 8000372, "Plan Width": 24}, {"Node Type": "Hash", "Parent Relationship": "Inner", "Startup Cost": 66944.0, "Total Cost": 66944.0, "Plan Rows": 89888, "Plan Width": 8, "Plans": [{"Node Type": "Seq Scan", "Parent Relationship": "Outer", "Relation Name": "part", "Alias": "part", "Startup Cost": 0.0, "Total Cost": 66944.0, "Plan Rows": 89888, "Plan Width": 8, "Filter": "((p_name)::text ~~ '%dim%'::text)"}]}]}, {"Node Type": "Hash", "Parent Relationship": "Inner", "Startup Cost": 3283.0, "Total Cost": 3283.0, "Plan Rows": 100000, "Plan Width": 12, "Plans": [{"Node Type": "Seq Scan", "Parent Relationship": "Outer", "Relation Name": "supplier", "Alias": "supplier", "Startup Cost": 0.0, "Total Cost": 3283.0, "Plan Rows": 100000, "Plan Width": 12}]}]}, {"Node Type": "Index Scan", "Parent Relationship": "Inner", "Scan Direction": "Forward", "Index Name": "idx_lineitem_part_supp", "Relation Name": "lineitem", "Alias": "lineitem", "Startup Cost": 0.0, "Total Cost": 1.13, "Plan Rows": 1, "Plan Width": 48, "Index Cond": "((l_partkey = partsupp.ps_partkey) AND (l_suppkey = partsupp.ps_suppkey))"}]}, {"Node Type": "Index Scan", "Parent Relationship": "Inner", "Scan Direction": "Forward", "Index Name": "orders_pkey", "Relation Name": "orders", "Alias": "orders", "Startup Cost": 0.0, "Total Cost": 0.29, "Plan Rows": 1, "Plan Width": 16, "Index Cond": "(o_orderkey = lineitem.l_orderkey)"}]}, {"Node Type": "Index Scan", "Parent Relationship": "Inner", "Scan Direction": "Forward", "Index Name": "nation_pkey", "Relation Name": "nation", "Alias": "nation", "Startup Cost": 0.0, "Total Cost": 0.27, "Plan Rows": 1, "Plan Width": 30, "Index Cond": "(n_nationkey = supplier.s_nationkey)"}]}]}]}, "Unique SQL Id": 3628361425}, "explain_analyze_plan": {"Plan": {"Node Type": "Sort", "Startup Cost": 521166.05, "Total Cost": 521166.06, "Plan Rows": 1, "Plan Width": 74, "Actual Startup Time": 58612.397, "Actual Total Time": 58612.409, "Actual Rows": 175, "Actual Loops": 1, "Sort Key": ["nation.n_name", "(date_part('year'::text, orders.o_orderdate)) DESC"], "Sort Method": "quicksort", "Sort Space Used": 52, "Sort Space Type": "Memory", "Plans": [{"Node Type": "Aggregate", "Strategy": "Hashed", "Parent Relationship": "Outer", "Startup Cost": 521166.03, "Total Cost": 521166.04, "Plan Rows": 1, "Plan Width": 74, "Actual Startup Time": 58611.995, "Actual Total Time": 58612.032, "Actual Rows": 175, "Actual Loops": 1, "Group By Key": ["nation.n_name", "date_part('year'::text, orders.o_orderdate)"], "Plans": [{"Node Type": "Nested Loop", "Parent Relationship": "Outer", "Join Type": "Inner", "Startup Cost": 72600.6, "Total Cost": 521166.01, "Plan Rows": 1, "Plan Width": 66, "Actual Startup Time": 1104.953, "Actual Total Time": 54814.063, "Actual Rows": 3256948, "Actual Loops": 1, "Inner Unique": true, "Plans": [{"Node Type": "Nested Loop", "Parent Relationship": "Outer", "Join Type": "Inner", "Startup Cost": 72600.6, "Total Cost": 521165.73, "Plan Rows": 1, "Plan Width": 44, "Actual Startup Time": 1104.916, "Actual Total Time": 46326.692, "Actual Rows": 3256948, "Actual Loops": 1, "Inner Unique": true, "Plans": [{"Node Type": "Nested Loop", "Parent Relationship": "Outer", "Join Type": "Inner", "Startup Cost": 72600.6, "Total Cost": 521165.43, "Plan Rows": 1, "Plan Width": 44, "Actual Startup Time": 1104.891, "Actual Total Time": 18807.178, "Actual Rows": 3256948, "Actual Loops": 1, "Inner Unique": false, "Join Filter": "(supplier.s_suppkey = lineitem.l_suppkey)", "Rows Removed by Join Filter": 0, "Plans": [{"Node Type": "Hash Join", "Parent Relationship": "Outer", "Join Type": "Inner", "Startup Cost": 72600.6, "Total Cost": 377416.42, "Plan Rows": 125630, "Plan Width": 44, "Actual Startup Time": 1104.824, "Actual Total Time": 6240.661, "Actual Rows": 434204, "Actual Loops": 1, "Inner Unique": true, "Hash Cond": "(partsupp.ps_suppkey = supplier.s_suppkey), (LLVM Optimized, Jit Execute)", "Plans": [{"Node Type": "Hash Join", "Parent Relationship": "Outer", "Join Type": "Inner", "Startup Cost": 68067.6, "Total Cost": 370653.38, "Plan Rows": 259666, "Plan Width": 32, "Actual Startup Time": 1036.673, "Actual Total Time": 5757.994, "Actual Rows": 434204, "Actual Loops": 1, "Inner Unique": true, "Hash Cond": "(partsupp.ps_partkey = part.p_partkey), (LLVM Optimized, Jit Execute)", "Plans": [{"Node Type": "Seq Scan", "Parent Relationship": "Outer", "Relation Name": "partsupp", "Alias": "partsupp", "Startup Cost": 0.0, "Total Cost": 269987.72, "Plan Rows": 8000372, "Plan Width": 24, "Actual Startup Time": 0.025, "Actual Total Time": 2548.053, "Actual Rows": 8000000, "Actual Loops": 1}, {"Node Type": "Hash", "Parent Relationship": "Inner", "Startup Cost": 66944.0, "Total Cost": 66944.0, "Plan Rows": 89888, "Plan Width": 8, "Actual Startup Time": 1036.439, "Actual Total Time": 1036.439, "Actual Rows": 108551, "Actual Loops": 1, "Hash Buckets": 131072, "Hash Batches": 1, "Original Hash Batches": 1, "Peak Memory Usage": 4241, "Plans": [{"Node Type": "Seq Scan", "Parent Relationship": "Outer", "Relation Name": "part", "Alias": "part", "Startup Cost": 0.0, "Total Cost": 66944.0, "Plan Rows": 89888, "Plan Width": 8, "Actual Startup Time": 0.035, "Actual Total Time": 998.743, "Actual Rows": 108551, "Actual Loops": 1, "Filter": "((p_name)::text ~~ '%dim%'::text)", "Rows Removed by Filter": 1891449}]}]}, {"Node Type": "Hash", "Parent Relationship": "Inner", "Startup Cost": 3283.0, "Total Cost": 3283.0, "Plan Rows": 100000, "Plan Width": 12, "Actual Startup Time": 67.975, "Actual Total Time": 67.975, "Actual Rows": 100000, "Actual Loops": 1, "Hash Buckets": 131072, "Hash Batches": 1, "Original Hash Batches": 1, "Peak Memory Usage": 4297, "Plans": [{"Node Type": "Seq Scan", "Parent Relationship": "Outer", "Relation Name": "supplier", "Alias": "supplier", "Startup Cost": 0.0, "Total Cost": 3283.0, "Plan Rows": 100000, "Plan Width": 12, "Actual Startup Time": 0.02, "Actual Total Time": 39.334, "Actual Rows": 100000, "Actual Loops": 1}]}]}, {"Node Type": "Index Scan", "Parent Relationship": "Inner", "Scan Direction": "Forward", "Index Name": "idx_lineitem_part_supp", "Relation Name": "lineitem", "Alias": "lineitem", "Startup Cost": 0.0, "Total Cost": 1.13, "Plan Rows": 1, "Plan Width": 48, "Actual Startup Time": 3206.079, "Actual Total Time": 10926.206, "Actual Rows": 3256948, "Actual Loops": 434204, "Index Cond": "((l_partkey = partsupp.ps_partkey) AND (l_suppkey = partsupp.ps_suppkey))", "Rows Removed by Index Recheck": 0}]}, {"Node Type": "Index Scan", "Parent Relationship": "Inner", "Scan Direction": "Forward", "Index Name": "orders_pkey", "Relation Name": "orders", "Alias": "orders", "Startup Cost": 0.0, "Total Cost": 0.29, "Plan Rows": 1, "Plan Width": 16, "Actual Startup Time": 24822.179, "Actual Total Time": 24822.179, "Actual Rows": 3256948, "Actual Loops": 3256948, "Index Cond": "(o_orderkey = lineitem.l_orderkey)", "Rows Removed by Index Recheck": 0}]}, {"Node Type": "Index Scan", "Parent Relationship": "Inner", "Scan Direction": "Forward", "Index Name": "nation_pkey", "Relation Name": "nation", "Alias": "nation", "Startup Cost": 0.0, "Total Cost": 0.27, "Plan Rows": 1, "Plan Width": 30, "Actual Startup Time": 4488.603, "Actual Total Time": 4488.603, "Actual Rows": 3256948, "Actual Loops": 3256948, "Index Cond": "(n_nationkey = supplier.s_nationkey)", "Rows Removed by Index Recheck": 0}]}]}]}, "Triggers": [], "Planner Runtime": 34.971, "Total Runtime": 58621.827, "Unique SQL Id": 3628361425}}, "(16, 65)": {"explain_plan": {"Plan": {"Node Type": "Sort", "Startup Cost": 701189.51, "Total Cost": 701189.52, "Plan Rows": 1, "Plan Width": 74, "Sort Key": ["nation.n_name", "(date_part('year'::text, orders.o_orderdate)) DESC"], "Plans": [{"Node Type": "Aggregate", "Strategy": "Hashed", "Parent Relationship": "Outer", "Startup Cost": 701189.49, "Total Cost": 701189.5, "Plan Rows": 1, "Plan Width": 74, "Group By Key": ["nation.n_name", "date_part('year'::text, orders.o_orderdate)"], "Plans": [{"Node Type": "Nested Loop", "Parent Relationship": "Outer", "Join Type": "Inner", "Startup Cost": 6584.54, "Total Cost": 701189.47, "Plan Rows": 1, "Plan Width": 66, "Inner Unique": true, "Plans": [{"Node Type": "Nested Loop", "Parent Relationship": "Outer", "Join Type": "Inner", "Startup Cost": 6584.54, "Total Cost": 701189.19, "Plan Rows": 1, "Plan Width": 44, "Inner Unique": true, "Plans": [{"Node Type": "Nested Loop", "Parent Relationship": "Outer", "Join Type": "Inner", "Startup Cost": 6584.54, "Total Cost": 701188.89, "Plan Rows": 1, "Plan Width": 44, "Inner Unique": false, "Join Filter": "(supplier.s_suppkey = lineitem.l_suppkey)", "Plans": [{"Node Type": "Hash Join", "Parent Relationship": "Outer", "Join Type": "Inner", "Startup Cost": 6584.54, "Total Cost": 557439.88, "Plan Rows": 125630, "Plan Width": 44, "Inner Unique": true, "Hash Cond": "(partsupp.ps_suppkey = supplier.s_suppkey), (LLVM Optimized)", "Plans": [{"Node Type": "Nested Loop", "Parent Relationship": "Outer", "Join Type": "Inner", "Startup Cost": 0.0, "Total Cost": 548625.29, "Plan Rows": 259666, "Plan Width": 32, "Inner Unique": false, "Plans": [{"Node Type": "Index Scan", "Parent Relationship": "Outer", "Scan Direction": "Forward", "Index Name": "part_kpey", "Relation Name": "part", "Alias": "part", "Startup Cost": 0.0, "Total Cost": 105803.25, "Plan Rows": 89888, "Plan Width": 8, "Filter": "((p_name)::text ~~ '%dim%'::text)"}, {"Node Type": "Index Scan", "Parent Relationship": "Inner", "Scan Direction": "Forward", "Index Name": "idx_partsupp_partkey", "Relation Name": "partsupp", "Alias": "partsupp", "Startup Cost": 0.0, "Total Cost": 4.9, "Plan Rows": 3, "Plan Width": 24, "Index Cond": "(ps_partkey = part.p_partkey)"}]}, {"Node Type": "Hash", "Parent Relationship": "Inner", "Startup Cost": 5334.54, "Total Cost": 5334.54, "Plan Rows": 100000, "Plan Width": 12, "Plans": [{"Node Type": "Index Scan", "Parent Relationship": "Outer", "Scan Direction": "Forward", "Index Name": "supplier_pkey", "Relation Name": "supplier", "Alias": "supplier", "Startup Cost": 0.0, "Total Cost": 5334.54, "Plan Rows": 100000, "Plan Width": 12}]}]}, {"Node Type": "Index Scan", "Parent Relationship": "Inner", "Scan Direction": "Forward", "Index Name": "idx_lineitem_part_supp", "Relation Name": "lineitem", "Alias": "lineitem", "Startup Cost": 0.0, "Total Cost": 1.13, "Plan Rows": 1, "Plan Width": 48, "Index Cond": "((l_partkey = partsupp.ps_partkey) AND (l_suppkey = partsupp.ps_suppkey))"}]}, {"Node Type": "Index Scan", "Parent Relationship": "Inner", "Scan Direction": "Forward", "Index Name": "orders_pkey", "Relation Name": "orders", "Alias": "orders", "Startup Cost": 0.0, "Total Cost": 0.29, "Plan Rows": 1, "Plan Width": 16, "Index Cond": "(o_orderkey = lineitem.l_orderkey)"}]}, {"Node Type": "Index Scan", "Parent Relationship": "Inner", "Scan Direction": "Forward", "Index Name": "nation_pkey", "Relation Name": "nation", "Alias": "nation", "Startup Cost": 0.0, "Total Cost": 0.27, "Plan Rows": 1, "Plan Width": 30, "Index Cond": "(n_nationkey = supplier.s_nationkey)"}]}]}]}, "Unique SQL Id": 3628361425}, "explain_analyze_plan": {"Plan": {"Node Type": "Sort", "Startup Cost": 701189.51, "Total Cost": 701189.52, "Plan Rows": 1, "Plan Width": 74, "Actual Startup Time": 56757.804, "Actual Total Time": 56757.818, "Actual Rows": 175, "Actual Loops": 1, "Sort Key": ["nation.n_name", "(date_part('year'::text, orders.o_orderdate)) DESC"], "Sort Method": "quicksort", "Sort Space Used": 52, "Sort Space Type": "Memory", "Plans": [{"Node Type": "Aggregate", "Strategy": "Hashed", "Parent Relationship": "Outer", "Startup Cost": 701189.49, "Total Cost": 701189.5, "Plan Rows": 1, "Plan Width": 74, "Actual Startup Time": 56757.401, "Actual Total Time": 56757.434, "Actual Rows": 175, "Actual Loops": 1, "Group By Key": ["nation.n_name", "date_part('year'::text, orders.o_orderdate)"], "Plans": [{"Node Type": "Nested Loop", "Parent Relationship": "Outer", "Join Type": "Inner", "Startup Cost": 6584.54, "Total Cost": 701189.47, "Plan Rows": 1, "Plan Width": 66, "Actual Startup Time": 106.399, "Actual Total Time": 52825.55, "Actual Rows": 3256948, "Actual Loops": 1, "Inner Unique": true, "Plans": [{"Node Type": "Nested Loop", "Parent Relationship": "Outer", "Join Type": "Inner", "Startup Cost": 6584.54, "Total Cost": 701189.19, "Plan Rows": 1, "Plan Width": 44, "Actual Startup Time": 106.363, "Actual Total Time": 44002.737, "Actual Rows": 3256948, "Actual Loops": 1, "Inner Unique": true, "Plans": [{"Node Type": "Nested Loop", "Parent Relationship": "Outer", "Join Type": "Inner", "Startup Cost": 6584.54, "Total Cost": 701188.89, "Plan Rows": 1, "Plan Width": 44, "Actual Startup Time": 106.34, "Actual Total Time": 16136.796, "Actual Rows": 3256948, "Actual Loops": 1, "Inner Unique": false, "Join Filter": "(supplier.s_suppkey = lineitem.l_suppkey)", "Rows Removed by Join Filter": 0, "Plans": [{"Node Type": "Hash Join", "Parent Relationship": "Outer", "Join Type": "Inner", "Startup Cost": 6584.54, "Total Cost": 557439.88, "Plan Rows": 125630, "Plan Width": 44, "Actual Startup Time": 106.3, "Actual Total Time": 3477.4, "Actual Rows": 434204, "Actual Loops": 1, "Inner Unique": true, "Hash Cond": "(partsupp.ps_suppkey = supplier.s_suppkey), (LLVM Optimized, Jit Execute)", "Plans": [{"Node Type": "Nested Loop", "Parent Relationship": "Outer", "Join Type": "Inner", "Startup Cost": 0.0, "Total Cost": 548625.29, "Plan Rows": 259666, "Plan Width": 32, "Actual Startup Time": 0.05, "Actual Total Time": 2916.216, "Actual Rows": 434204, "Actual Loops": 1, "Inner Unique": false, "Plans": [{"Node Type": "Index Scan", "Parent Relationship": "Outer", "Scan Direction": "Forward", "Index Name": "part_kpey", "Relation Name": "part", "Alias": "part", "Startup Cost": 0.0, "Total Cost": 105803.25, "Plan Rows": 89888, "Plan Width": 8, "Actual Startup Time": 0.038, "Actual Total Time": 1713.725, "Actual Rows": 108551, "Actual Loops": 1, "Filter": "((p_name)::text ~~ '%dim%'::text)", "Rows Removed by Filter": 1891449}, {"Node Type": "Index Scan", "Parent Relationship": "Inner", "Scan Direction": "Forward", "Index Name": "idx_partsupp_partkey", "Relation Name": "partsupp", "Alias": "partsupp", "Startup Cost": 0.0, "Total Cost": 4.9, "Plan Rows": 3, "Plan Width": 24, "Actual Startup Time": 698.665, "Actual Total Time": 994.397, "Actual Rows": 434204, "Actual Loops": 108551, "Index Cond": "(ps_partkey = part.p_partkey)", "Rows Removed by Index Recheck": 0}]}, {"Node Type": "Hash", "Parent Relationship": "Inner", "Startup Cost": 5334.54, "Total Cost": 5334.54, "Plan Rows": 100000, "Plan Width": 12, "Actual Startup Time": 106.06, "Actual Total Time": 106.06, "Actual Rows": 100000, "Actual Loops": 1, "Hash Buckets": 131072, "Hash Batches": 1, "Original Hash Batches": 1, "Peak Memory Usage": 4297, "Plans": [{"Node Type": "Index Scan", "Parent Relationship": "Outer", "Scan Direction": "Forward", "Index Name": "supplier_pkey", "Relation Name": "supplier", "Alias": "supplier", "Startup Cost": 0.0, "Total Cost": 5334.54, "Plan Rows": 100000, "Plan Width": 12, "Actual Startup Time": 0.019, "Actual Total Time": 76.575, "Actual Rows": 100000, "Actual Loops": 1}]}]}, {"Node Type": "Index Scan", "Parent Relationship": "Inner", "Scan Direction": "Forward", "Index Name": "idx_lineitem_part_supp", "Relation Name": "lineitem", "Alias": "lineitem", "Startup Cost": 0.0, "Total Cost": 1.13, "Plan Rows": 1, "Plan Width": 48, "Actual Startup Time": 3224.162, "Actual Total Time": 11011.239, "Actual Rows": 3256948, "Actual Loops": 434204, "Index Cond": "((l_partkey = partsupp.ps_partkey) AND (l_suppkey = partsupp.ps_suppkey))", "Rows Removed by Index Recheck": 0}]}, {"Node Type": "Index Scan", "Parent Relationship": "Inner", "Scan Direction": "Forward", "Index Name": "orders_pkey", "Relation Name": "orders", "Alias": "orders", "Startup Cost": 0.0, "Total Cost": 0.29, "Plan Rows": 1, "Plan Width": 16, "Actual Startup Time": 25102.62, "Actual Total Time": 25102.62, "Actual Rows": 3256948, "Actual Loops": 3256948, "Index Cond": "(o_orderkey = lineitem.l_orderkey)", "Rows Removed by Index Recheck": 0}]}, {"Node Type": "Index Scan", "Parent Relationship": "Inner", "Scan Direction": "Forward", "Index Name": "nation_pkey", "Relation Name": "nation", "Alias": "nation", "Startup Cost": 0.0, "Total Cost": 0.27, "Plan Rows": 1, "Plan Width": 30, "Actual Startup Time": 4713.432, "Actual Total Time": 4713.432, "Actual Rows": 3256948, "Actual Loops": 3256948, "Index Cond": "(n_nationkey = supplier.s_nationkey)", "Rows Removed by Index Recheck": 0}]}]}]}, "Triggers": [], "Planner Runtime": 33.85, "Total Runtime": 56766.913, "Unique SQL Id": 3628361425}}, "(16, 66)": {"explain_plan": {"Plan": {"Node Type": "Sort", "Startup Cost": 934830.96, "Total Cost": 934830.97, "Plan Rows": 1, "Plan Width": 74, "Sort Key": ["nation.n_name", "(date_part('year'::text, orders.o_orderdate)) DESC"], "Plans": [{"Node Type": "Aggregate", "Strategy": "Hashed", "Parent Relationship": "Outer", "Startup Cost": 934830.94, "Total Cost": 934830.95, "Plan Rows": 1, "Plan Width": 74, "Group By Key": ["nation.n_name", "date_part('year'::text, orders.o_orderdate)"], "Plans": [{"Node Type": "Nested Loop", "Parent Relationship": "Outer", "Join Type": "Inner", "Startup Cost": 72601.53, "Total Cost": 934830.92, "Plan Rows": 1, "Plan Width": 66, "Inner Unique": true, "Plans": [{"Node Type": "Nested Loop", "Parent Relationship": "Outer", "Join Type": "Inner", "Startup Cost": 72601.27, "Total Cost": 934826.64, "Plan Rows": 1, "Plan Width": 44, "Inner Unique": true, "Plans": [{"Node Type": "Nested Loop", "Parent Relationship": "Outer", "Join Type": "Inner", "Startup Cost": 72601.01, "Total Cost": 934822.36, "Plan Rows": 1, "Plan Width": 44, "Inner Unique": false, "Join Filter": "(supplier.s_suppkey = lineitem.l_suppkey)", "Plans": [{"Node Type": "Hash Join", "Parent Relationship": "Outer", "Join Type": "Inner", "Startup Cost": 72600.6, "Total Cost": 377416.42, "Plan Rows": 125630, "Plan Width": 44, "Inner Unique": true, "Hash Cond": "(partsupp.ps_suppkey = supplier.s_suppkey), (LLVM Optimized)", "Plans": [{"Node Type": "Hash Join", "Parent Relationship": "Outer", "Join Type": "Inner", "Startup Cost": 68067.6, "Total Cost": 370653.38, "Plan Rows": 259666, "Plan Width": 32, "Inner Unique": true, "Hash Cond": "(partsupp.ps_partkey = part.p_partkey), (LLVM Optimized)", "Plans": [{"Node Type": "Seq Scan", "Parent Relationship": "Outer", "Relation Name": "partsupp", "Alias": "partsupp", "Startup Cost": 0.0, "Total Cost": 269987.72, "Plan Rows": 8000372, "Plan Width": 24}, {"Node Type": "Hash", "Parent Relationship": "Inner", "Startup Cost": 66944.0, "Total Cost": 66944.0, "Plan Rows": 89888, "Plan Width": 8, "Plans": [{"Node Type": "Seq Scan", "Parent Relationship": "Outer", "Relation Name": "part", "Alias": "part", "Startup Cost": 0.0, "Total Cost": 66944.0, "Plan Rows": 89888, "Plan Width": 8, "Filter": "((p_name)::text ~~ '%dim%'::text)"}]}]}, {"Node Type": "Hash", "Parent Relationship": "Inner", "Startup Cost": 3283.0, "Total Cost": 3283.0, "Plan Rows": 100000, "Plan Width": 12, "Plans": [{"Node Type": "Seq Scan", "Parent Relationship": "Outer", "Relation Name": "supplier", "Alias": "supplier", "Startup Cost": 0.0, "Total Cost": 3283.0, "Plan Rows": 100000, "Plan Width": 12}]}]}, {"Node Type": "Bitmap Heap Scan", "Parent Relationship": "Inner", "Relation Name": "lineitem", "Alias": "lineitem", "Startup Cost": 0.41, "Total Cost": 4.42, "Plan Rows": 1, "Plan Width": 48, "Recheck Cond": "((l_partkey = partsupp.ps_partkey) AND (l_suppkey = partsupp.ps_suppkey))", "Plans": [{"Node Type": "Bitmap Index Scan", "Parent Relationship": "Outer", "Index Name": "idx_lineitem_part_supp", "Startup Cost": 0.0, "Total Cost": 0.41, "Plan Rows": 1, "Plan Width": 0, "Index Cond": "((l_partkey = partsupp.ps_partkey) AND (l_suppkey = partsupp.ps_suppkey))"}]}]}, {"Node Type": "Bitmap Heap Scan", "Parent Relationship": "Inner", "Relation Name": "orders", "Alias": "orders", "Startup Cost": 0.26, "Total Cost": 4.27, "Plan Rows": 1, "Plan Width": 16, "Recheck Cond": "(o_orderkey = lineitem.l_orderkey)", "Plans": [{"Node Type": "Bitmap Index Scan", "Parent Relationship": "Outer", "Index Name": "orders_pkey", "Startup Cost": 0.0, "Total Cost": 0.26, "Plan Rows": 1, "Plan Width": 0, "Index Cond": "(o_orderkey = lineitem.l_orderkey)"}]}]}, {"Node Type": "Bitmap Heap Scan", "Parent Relationship": "Inner", "Relation Name": "nation", "Alias": "nation", "Startup Cost": 0.26, "Total Cost": 4.27, "Plan Rows": 1, "Plan Width": 30, "Recheck Cond": "(n_nationkey = supplier.s_nationkey)", "Plans": [{"Node Type": "Bitmap Index Scan", "Parent Relationship": "Outer", "Index Name": "nation_pkey", "Startup Cost": 0.0, "Total Cost": 0.26, "Plan Rows": 1, "Plan Width": 0, "Index Cond": "(n_nationkey = supplier.s_nationkey)"}]}]}]}]}, "Unique SQL Id": 3628361425}, "explain_analyze_plan": {"Plan": {"Node Type": "Sort", "Startup Cost": 934830.96, "Total Cost": 934830.97, "Plan Rows": 1, "Plan Width": 74, "Actual Startup Time": 74225.919, "Actual Total Time": 74225.933, "Actual Rows": 175, "Actual Loops": 1, "Sort Key": ["nation.n_name", "(date_part('year'::text, orders.o_orderdate)) DESC"], "Sort Method": "quicksort", "Sort Space Used": 52, "Sort Space Type": "Memory", "Plans": [{"Node Type": "Aggregate", "Strategy": "Hashed", "Parent Relationship": "Outer", "Startup Cost": 934830.94, "Total Cost": 934830.95, "Plan Rows": 1, "Plan Width": 74, "Actual Startup Time": 74225.511, "Actual Total Time": 74225.561, "Actual Rows": 175, "Actual Loops": 1, "Group By Key": ["nation.n_name", "date_part('year'::text, orders.o_orderdate)"], "Plans": [{"Node Type": "Nested Loop", "Parent Relationship": "Outer", "Join Type": "Inner", "Startup Cost": 72601.53, "Total Cost": 934830.92, "Plan Rows": 1, "Plan Width": 66, "Actual Startup Time": 1099.152, "Actual Total Time": 70108.745, "Actual Rows": 3256948, "Actual Loops": 1, "Inner Unique": true, "Plans": [{"Node Type": "Nested Loop", "Parent Relationship": "Outer", "Join Type": "Inner", "Startup Cost": 72601.27, "Total Cost": 934826.64, "Plan Rows": 1, "Plan Width": 44, "Actual Startup Time": 1099.118, "Actual Total Time": 56422.153, "Actual Rows": 3256948, "Actual Loops": 1, "Inner Unique": true, "Plans": [{"Node Type": "Nested Loop", "Parent Relationship": "Outer", "Join Type": "Inner", "Startup Cost": 72601.01, "Total Cost": 934822.36, "Plan Rows": 1, "Plan Width": 44, "Actual Startup Time": 1099.081, "Actual Total Time": 22357.588, "Actual Rows": 3256948, "Actual Loops": 1, "Inner Unique": false, "Join Filter": "(supplier.s_suppkey = lineitem.l_suppkey)", "Rows Removed by Join Filter": 0, "Plans": [{"Node Type": "Hash Join", "Parent Relationship": "Outer", "Join Type": "Inner", "Startup Cost": 72600.6, "Total Cost": 377416.42, "Plan Rows": 125630, "Plan Width": 44, "Actual Startup Time": 1098.963, "Actual Total Time": 6620.828, "Actual Rows": 434204, "Actual Loops": 1, "Inner Unique": true, "Hash Cond": "(partsupp.ps_suppkey = supplier.s_suppkey), (LLVM Optimized, Jit Execute)", "Plans": [{"Node Type": "Hash Join", "Parent Relationship": "Outer", "Join Type": "Inner", "Startup Cost": 68067.6, "Total Cost": 370653.38, "Plan Rows": 259666, "Plan Width": 32, "Actual Startup Time": 1034.745, "Actual Total Time": 6106.374, "Actual Rows": 434204, "Actual Loops": 1, "Inner Unique": true, "Hash Cond": "(partsupp.ps_partkey = part.p_partkey), (LLVM Optimized, Jit Execute)", "Plans": [{"Node Type": "Seq Scan", "Parent Relationship": "Outer", "Relation Name": "partsupp", "Alias": "partsupp", "Startup Cost": 0.0, "Total Cost": 269987.72, "Plan Rows": 8000372, "Plan Width": 24, "Actual Startup Time": 0.02, "Actual Total Time": 2616.294, "Actual Rows": 8000000, "Actual Loops": 1}, {"Node Type": "Hash", "Parent Relationship": "Inner", "Startup Cost": 66944.0, "Total Cost": 66944.0, "Plan Rows": 89888, "Plan Width": 8, "Actual Startup Time": 1034.585, "Actual Total Time": 1034.585, "Actual Rows": 108551, "Actual Loops": 1, "Hash Buckets": 131072, "Hash Batches": 1, "Original Hash Batches": 1, "Peak Memory Usage": 4241, "Plans": [{"Node Type": "Seq Scan", "Parent Relationship": "Outer", "Relation Name": "part", "Alias": "part", "Startup Cost": 0.0, "Total Cost": 66944.0, "Plan Rows": 89888, "Plan Width": 8, "Actual Startup Time": 0.039, "Actual Total Time": 996.079, "Actual Rows": 108551, "Actual Loops": 1, "Filter": "((p_name)::text ~~ '%dim%'::text)", "Rows Removed by Filter": 1891449}]}]}, {"Node Type": "Hash", "Parent Relationship": "Inner", "Startup Cost": 3283.0, "Total Cost": 3283.0, "Plan Rows": 100000, "Plan Width": 12, "Actual Startup Time": 64.081, "Actual Total Time": 64.081, "Actual Rows": 100000, "Actual Loops": 1, "Hash Buckets": 131072, "Hash Batches": 1, "Original Hash Batches": 1, "Peak Memory Usage": 4297, "Plans": [{"Node Type": "Seq Scan", "Parent Relationship": "Outer", "Relation Name": "supplier", "Alias": "supplier", "Startup Cost": 0.0, "Total Cost": 3283.0, "Plan Rows": 100000, "Plan Width": 12, "Actual Startup Time": 0.023, "Actual Total Time": 36.027, "Actual Rows": 100000, "Actual Loops": 1}]}]}, {"Node Type": "Bitmap Heap Scan", "Parent Relationship": "Inner", "Relation Name": "lineitem", "Alias": "lineitem", "Startup Cost": 0.41, "Total Cost": 4.42, "Plan Rows": 1, "Plan Width": 48, "Actual Startup Time": 5090.777, "Actual Total Time": 13615.968, "Actual Rows": 3256948, "Actual Loops": 434204, "Recheck Cond": "((l_partkey = partsupp.ps_partkey) AND (l_suppkey = partsupp.ps_suppkey))", "Rows Removed by Index Recheck": 0, "Exact Heap Blocks": 3256937, "Lossy Heap Blocks": 3256937, "Plans": [{"Node Type": "Bitmap Index Scan", "Parent Relationship": "Outer", "Index Name": "idx_lineitem_part_supp", "Startup Cost": 0.0, "Total Cost": 0.41, "Plan Rows": 1, "Plan Width": 0, "Actual Startup Time": 2865.377, "Actual Total Time": 2865.377, "Actual Rows": 3256948, "Actual Loops": 434204, "Index Cond": "((l_partkey = partsupp.ps_partkey) AND (l_suppkey = partsupp.ps_suppkey))"}]}]}, {"Node Type": "Bitmap Heap Scan", "Parent Relationship": "Inner", "Relation Name": "orders", "Alias": "orders", "Startup Cost": 0.26, "Total Cost": 4.27, "Plan Rows": 1, "Plan Width": 16, "Actual Startup Time": 29495.525, "Actual Total Time": 29495.525, "Actual Rows": 3256948, "Actual Loops": 3256948, "Recheck Cond": "(o_orderkey = lineitem.l_orderkey)", "Rows Removed by Index Recheck": 0, "Exact Heap Blocks": 3256948, "Lossy Heap Blocks": 3256948, "Plans": [{"Node Type": "Bitmap Index Scan", "Parent Relationship": "Outer", "Index Name": "orders_pkey", "Startup Cost": 0.0, "Total Cost": 0.26, "Plan Rows": 1, "Plan Width": 0, "Actual Startup Time": 18899.294, "Actual Total Time": 18899.294, "Actual Rows": 3256948, "Actual Loops": 3256948, "Index Cond": "(o_orderkey = lineitem.l_orderkey)"}]}]}, {"Node Type": "Bitmap Heap Scan", "Parent Relationship": "Inner", "Relation Name": "nation", "Alias": "nation", "Startup Cost": 0.26, "Total Cost": 4.27, "Plan Rows": 1, "Plan Width": 30, "Actual Startup Time": 7717.659, "Actual Total Time": 7717.659, "Actual Rows": 3256948, "Actual Loops": 3256948, "Recheck Cond": "(n_nationkey = supplier.s_nationkey)", "Rows Removed by Index Recheck": 0, "Exact Heap Blocks": 3256948, "Lossy Heap Blocks": 3256948, "Plans": [{"Node Type": "Bitmap Index Scan", "Parent Relationship": "Outer", "Index Name": "nation_pkey", "Startup Cost": 0.0, "Total Cost": 0.26, "Plan Rows": 1, "Plan Width": 0, "Actual Startup Time": 3325.577, "Actual Total Time": 3325.577, "Actual Rows": 3256948, "Actual Loops": 3256948, "Index Cond": "(n_nationkey = supplier.s_nationkey)"}]}]}]}]}, "Triggers": [], "Planner Runtime": 41.283, "Total Runtime": 74235.19, "Unique SQL Id": 3628361425}}, "(16, 67)": {"explain_plan": {"Plan": {"Node Type": "Sort", "Startup Cost": 1000008167021.57, "Total Cost": 1000008167021.58, "Plan Rows": 1, "Plan Width": 74, "Sort Key": ["nation.n_name", "(date_part('year'::text, orders.o_orderdate)) DESC"], "Plans": [{"Node Type": "Aggregate", "Strategy": "Hashed", "Parent Relationship": "Outer", "Startup Cost": 1000008167021.55, "Total Cost": 1000008167021.56, "Plan Rows": 1, "Plan Width": 74, "Group By Key": ["nation.n_name", "date_part('year'::text, orders.o_orderdate)"], "Plans": [{"Node Type": "Nested Loop", "Parent Relationship": "Outer", "Join Type": "Inner", "Startup Cost": 10000000002.75, "Total Cost": 1000008167021.53, "Plan Rows": 1, "Plan Width": 66, "Inner Unique": true, "Plans": [{"Node Type": "Nested Loop", "Parent Relationship": "Outer", "Join Type": "Inner", "Startup Cost": 10000000002.5, "Total Cost": 1000008167017.25, "Plan Rows": 1, "Plan Width": 44, "Inner Unique": true, "Plans": [{"Node Type": "Nested Loop", "Parent Relationship": "Outer", "Join Type": "Inner", "Startup Cost": 10000000002.24, "Total Cost": 1000008167012.96, "Plan Rows": 1, "Plan Width": 44, "Inner Unique": true, "Join Filter": "(partsupp.ps_partkey = part.p_partkey)", "Plans": [{"Node Type": "Nested Loop", "Parent Relationship": "Outer", "Join Type": "Inner", "Startup Cost": 10000000001.98, "Total Cost": 1000008166987.25, "Plan Rows": 6, "Plan Width": 60, "Inner Unique": false, "Join Filter": "(supplier.s_suppkey = lineitem.l_suppkey)", "Plans": [{"Node Type": "Nested Loop", "Parent Relationship": "Outer", "Join Type": "Inner", "Startup Cost": 10000000001.57, "Total Cost": 1000002201599.04, "Plan Rows": 1344499, "Plan Width": 36, "Inner Unique": false, "Plans": [{"Node Type": "Index Scan", "Parent Relationship": "Outer", "Scan Direction": "Forward", "Index Name": "idx_supplier_nation_key", "Relation Name": "supplier", "Alias": "supplier", "Startup Cost": 10000000000.0, "Total Cost": 1000001217556.78, "Plan Rows": 100000, "Plan Width": 12}, {"Node Type": "Bitmap Heap Scan", "Parent Relationship": "Inner", "Relation Name": "partsupp", "Alias": "partsupp", "Startup Cost": 1.57, "Total Cost": 9.71, "Plan Rows": 13, "Plan Width": 24, "Recheck Cond": "(ps_suppkey = supplier.s_suppkey)", "Plans": [{"Node Type": "Bitmap Index Scan", "Parent Relationship": "Outer", "Index Name": "idx_partsupp_suppkey", "Startup Cost": 0.0, "Total Cost": 1.56, "Plan Rows": 13, "Plan Width": 0, "Index Cond": "(ps_suppkey = supplier.s_suppkey)"}]}]}, {"Node Type": "Bitmap Heap Scan", "Parent Relationship": "Inner", "Relation Name": "lineitem", "Alias": "lineitem", "Startup Cost": 0.41, "Total Cost": 4.42, "Plan Rows": 1, "Plan Width": 48, "Recheck Cond": "((l_partkey = partsupp.ps_partkey) AND (l_suppkey = partsupp.ps_suppkey))", "Plans": [{"Node Type": "Bitmap Index Scan", "Parent Relationship": "Outer", "Index Name": "idx_lineitem_part_supp", "Startup Cost": 0.0, "Total Cost": 0.41, "Plan Rows": 1, "Plan Width": 0, "Index Cond": "((l_partkey = partsupp.ps_partkey) AND (l_suppkey = partsupp.ps_suppkey))"}]}]}, {"Node Type": "Bitmap Heap Scan", "Parent Relationship": "Inner", "Relation Name": "part", "Alias": "part", "Startup Cost": 0.26, "Total Cost": 4.27, "Plan Rows": 1, "Plan Width": 8, "Recheck Cond": "(p_partkey = lineitem.l_partkey)", "Filter": "((p_name)::text ~~ '%dim%'::text)", "Plans": [{"Node Type": "Bitmap Index Scan", "Parent Relationship": "Outer", "Index Name": "part_kpey", "Startup Cost": 0.0, "Total Cost": 0.26, "Plan Rows": 1, "Plan Width": 0, "Index Cond": "(p_partkey = lineitem.l_partkey)"}]}]}, {"Node Type": "Bitmap Heap Scan", "Parent Relationship": "Inner", "Relation Name": "orders", "Alias": "orders", "Startup Cost": 0.26, "Total Cost": 4.27, "Plan Rows": 1, "Plan Width": 16, "Recheck Cond": "(o_orderkey = lineitem.l_orderkey)", "Plans": [{"Node Type": "Bitmap Index Scan", "Parent Relationship": "Outer", "Index Name": "orders_pkey", "Startup Cost": 0.0, "Total Cost": 0.26, "Plan Rows": 1, "Plan Width": 0, "Index Cond": "(o_orderkey = lineitem.l_orderkey)"}]}]}, {"Node Type": "Bitmap Heap Scan", "Parent Relationship": "Inner", "Relation Name": "nation", "Alias": "nation", "Startup Cost": 0.26, "Total Cost": 4.27, "Plan Rows": 1, "Plan Width": 30, "Recheck Cond": "(n_nationkey = supplier.s_nationkey)", "Plans": [{"Node Type": "Bitmap Index Scan", "Parent Relationship": "Outer", "Index Name": "nation_pkey", "Startup Cost": 0.0, "Total Cost": 0.26, "Plan Rows": 1, "Plan Width": 0, "Index Cond": "(n_nationkey = supplier.s_nationkey)"}]}]}]}]}, "Unique SQL Id": 3628361425}, "explain_analyze_plan": null}, "(16, 68)": {"explain_plan": {"Plan": {"Node Type": "Sort", "Startup Cost": 521166.05, "Total Cost": 521166.06, "Plan Rows": 1, "Plan Width": 74, "Sort Key": ["nation.n_name", "(date_part('year'::text, orders.o_orderdate)) DESC"], "Plans": [{"Node Type": "Aggregate", "Strategy": "Hashed", "Parent Relationship": "Outer", "Startup Cost": 521166.03, "Total Cost": 521166.04, "Plan Rows": 1, "Plan Width": 74, "Group By Key": ["nation.n_name", "date_part('year'::text, orders.o_orderdate)"], "Plans": [{"Node Type": "Nested Loop", "Parent Relationship": "Outer", "Join Type": "Inner", "Startup Cost": 72600.6, "Total Cost": 521166.01, "Plan Rows": 1, "Plan Width": 66, "Inner Unique": true, "Plans": [{"Node Type": "Nested Loop", "Parent Relationship": "Outer", "Join Type": "Inner", "Startup Cost": 72600.6, "Total Cost": 521165.73, "Plan Rows": 1, "Plan Width": 44, "Inner Unique": true, "Plans": [{"Node Type": "Nested Loop", "Parent Relationship": "Outer", "Join Type": "Inner", "Startup Cost": 72600.6, "Total Cost": 521165.43, "Plan Rows": 1, "Plan Width": 44, "Inner Unique": false, "Join Filter": "(supplier.s_suppkey = lineitem.l_suppkey)", "Plans": [{"Node Type": "Hash Join", "Parent Relationship": "Outer", "Join Type": "Inner", "Startup Cost": 72600.6, "Total Cost": 377416.42, "Plan Rows": 125630, "Plan Width": 44, "Inner Unique": true, "Hash Cond": "(partsupp.ps_suppkey = supplier.s_suppkey), (LLVM Optimized)", "Plans": [{"Node Type": "Hash Join", "Parent Relationship": "Outer", "Join Type": "Inner", "Startup Cost": 68067.6, "Total Cost": 370653.38, "Plan Rows": 259666, "Plan Width": 32, "Inner Unique": true, "Hash Cond": "(partsupp.ps_partkey = part.p_partkey), (LLVM Optimized)", "Plans": [{"Node Type": "Seq Scan", "Parent Relationship": "Outer", "Relation Name": "partsupp", "Alias": "partsupp", "Startup Cost": 0.0, "Total Cost": 269987.72, "Plan Rows": 8000372, "Plan Width": 24}, {"Node Type": "Hash", "Parent Relationship": "Inner", "Startup Cost": 66944.0, "Total Cost": 66944.0, "Plan Rows": 89888, "Plan Width": 8, "Plans": [{"Node Type": "Seq Scan", "Parent Relationship": "Outer", "Relation Name": "part", "Alias": "part", "Startup Cost": 0.0, "Total Cost": 66944.0, "Plan Rows": 89888, "Plan Width": 8, "Filter": "((p_name)::text ~~ '%dim%'::text)"}]}]}, {"Node Type": "Hash", "Parent Relationship": "Inner", "Startup Cost": 3283.0, "Total Cost": 3283.0, "Plan Rows": 100000, "Plan Width": 12, "Plans": [{"Node Type": "Seq Scan", "Parent Relationship": "Outer", "Relation Name": "supplier", "Alias": "supplier", "Startup Cost": 0.0, "Total Cost": 3283.0, "Plan Rows": 100000, "Plan Width": 12}]}]}, {"Node Type": "Index Scan", "Parent Relationship": "Inner", "Scan Direction": "Forward", "Index Name": "idx_lineitem_part_supp", "Relation Name": "lineitem", "Alias": "lineitem", "Startup Cost": 0.0, "Total Cost": 1.13, "Plan Rows": 1, "Plan Width": 48, "Index Cond": "((l_partkey = partsupp.ps_partkey) AND (l_suppkey = partsupp.ps_suppkey))"}]}, {"Node Type": "Index Scan", "Parent Relationship": "Inner", "Scan Direction": "Forward", "Index Name": "orders_pkey", "Relation Name": "orders", "Alias": "orders", "Startup Cost": 0.0, "Total Cost": 0.29, "Plan Rows": 1, "Plan Width": 16, "Index Cond": "(o_orderkey = lineitem.l_orderkey)"}]}, {"Node Type": "Index Scan", "Parent Relationship": "Inner", "Scan Direction": "Forward", "Index Name": "nation_pkey", "Relation Name": "nation", "Alias": "nation", "Startup Cost": 0.0, "Total Cost": 0.27, "Plan Rows": 1, "Plan Width": 30, "Index Cond": "(n_nationkey = supplier.s_nationkey)"}]}]}]}, "Unique SQL Id": 3628361425}, "explain_analyze_plan": {"Plan": {"Node Type": "Sort", "Startup Cost": 521166.05, "Total Cost": 521166.06, "Plan Rows": 1, "Plan Width": 74, "Actual Startup Time": 58612.397, "Actual Total Time": 58612.409, "Actual Rows": 175, "Actual Loops": 1, "Sort Key": ["nation.n_name", "(date_part('year'::text, orders.o_orderdate)) DESC"], "Sort Method": "quicksort", "Sort Space Used": 52, "Sort Space Type": "Memory", "Plans": [{"Node Type": "Aggregate", "Strategy": "Hashed", "Parent Relationship": "Outer", "Startup Cost": 521166.03, "Total Cost": 521166.04, "Plan Rows": 1, "Plan Width": 74, "Actual Startup Time": 58611.995, "Actual Total Time": 58612.032, "Actual Rows": 175, "Actual Loops": 1, "Group By Key": ["nation.n_name", "date_part('year'::text, orders.o_orderdate)"], "Plans": [{"Node Type": "Nested Loop", "Parent Relationship": "Outer", "Join Type": "Inner", "Startup Cost": 72600.6, "Total Cost": 521166.01, "Plan Rows": 1, "Plan Width": 66, "Actual Startup Time": 1104.953, "Actual Total Time": 54814.063, "Actual Rows": 3256948, "Actual Loops": 1, "Inner Unique": true, "Plans": [{"Node Type": "Nested Loop", "Parent Relationship": "Outer", "Join Type": "Inner", "Startup Cost": 72600.6, "Total Cost": 521165.73, "Plan Rows": 1, "Plan Width": 44, "Actual Startup Time": 1104.916, "Actual Total Time": 46326.692, "Actual Rows": 3256948, "Actual Loops": 1, "Inner Unique": true, "Plans": [{"Node Type": "Nested Loop", "Parent Relationship": "Outer", "Join Type": "Inner", "Startup Cost": 72600.6, "Total Cost": 521165.43, "Plan Rows": 1, "Plan Width": 44, "Actual Startup Time": 1104.891, "Actual Total Time": 18807.178, "Actual Rows": 3256948, "Actual Loops": 1, "Inner Unique": false, "Join Filter": "(supplier.s_suppkey = lineitem.l_suppkey)", "Rows Removed by Join Filter": 0, "Plans": [{"Node Type": "Hash Join", "Parent Relationship": "Outer", "Join Type": "Inner", "Startup Cost": 72600.6, "Total Cost": 377416.42, "Plan Rows": 125630, "Plan Width": 44, "Actual Startup Time": 1104.824, "Actual Total Time": 6240.661, "Actual Rows": 434204, "Actual Loops": 1, "Inner Unique": true, "Hash Cond": "(partsupp.ps_suppkey = supplier.s_suppkey), (LLVM Optimized, Jit Execute)", "Plans": [{"Node Type": "Hash Join", "Parent Relationship": "Outer", "Join Type": "Inner", "Startup Cost": 68067.6, "Total Cost": 370653.38, "Plan Rows": 259666, "Plan Width": 32, "Actual Startup Time": 1036.673, "Actual Total Time": 5757.994, "Actual Rows": 434204, "Actual Loops": 1, "Inner Unique": true, "Hash Cond": "(partsupp.ps_partkey = part.p_partkey), (LLVM Optimized, Jit Execute)", "Plans": [{"Node Type": "Seq Scan", "Parent Relationship": "Outer", "Relation Name": "partsupp", "Alias": "partsupp", "Startup Cost": 0.0, "Total Cost": 269987.72, "Plan Rows": 8000372, "Plan Width": 24, "Actual Startup Time": 0.025, "Actual Total Time": 2548.053, "Actual Rows": 8000000, "Actual Loops": 1}, {"Node Type": "Hash", "Parent Relationship": "Inner", "Startup Cost": 66944.0, "Total Cost": 66944.0, "Plan Rows": 89888, "Plan Width": 8, "Actual Startup Time": 1036.439, "Actual Total Time": 1036.439, "Actual Rows": 108551, "Actual Loops": 1, "Hash Buckets": 131072, "Hash Batches": 1, "Original Hash Batches": 1, "Peak Memory Usage": 4241, "Plans": [{"Node Type": "Seq Scan", "Parent Relationship": "Outer", "Relation Name": "part", "Alias": "part", "Startup Cost": 0.0, "Total Cost": 66944.0, "Plan Rows": 89888, "Plan Width": 8, "Actual Startup Time": 0.035, "Actual Total Time": 998.743, "Actual Rows": 108551, "Actual Loops": 1, "Filter": "((p_name)::text ~~ '%dim%'::text)", "Rows Removed by Filter": 1891449}]}]}, {"Node Type": "Hash", "Parent Relationship": "Inner", "Startup Cost": 3283.0, "Total Cost": 3283.0, "Plan Rows": 100000, "Plan Width": 12, "Actual Startup Time": 67.975, "Actual Total Time": 67.975, "Actual Rows": 100000, "Actual Loops": 1, "Hash Buckets": 131072, "Hash Batches": 1, "Original Hash Batches": 1, "Peak Memory Usage": 4297, "Plans": [{"Node Type": "Seq Scan", "Parent Relationship": "Outer", "Relation Name": "supplier", "Alias": "supplier", "Startup Cost": 0.0, "Total Cost": 3283.0, "Plan Rows": 100000, "Plan Width": 12, "Actual Startup Time": 0.02, "Actual Total Time": 39.334, "Actual Rows": 100000, "Actual Loops": 1}]}]}, {"Node Type": "Index Scan", "Parent Relationship": "Inner", "Scan Direction": "Forward", "Index Name": "idx_lineitem_part_supp", "Relation Name": "lineitem", "Alias": "lineitem", "Startup Cost": 0.0, "Total Cost": 1.13, "Plan Rows": 1, "Plan Width": 48, "Actual Startup Time": 3206.079, "Actual Total Time": 10926.206, "Actual Rows": 3256948, "Actual Loops": 434204, "Index Cond": "((l_partkey = partsupp.ps_partkey) AND (l_suppkey = partsupp.ps_suppkey))", "Rows Removed by Index Recheck": 0}]}, {"Node Type": "Index Scan", "Parent Relationship": "Inner", "Scan Direction": "Forward", "Index Name": "orders_pkey", "Relation Name": "orders", "Alias": "orders", "Startup Cost": 0.0, "Total Cost": 0.29, "Plan Rows": 1, "Plan Width": 16, "Actual Startup Time": 24822.179, "Actual Total Time": 24822.179, "Actual Rows": 3256948, "Actual Loops": 3256948, "Index Cond": "(o_orderkey = lineitem.l_orderkey)", "Rows Removed by Index Recheck": 0}]}, {"Node Type": "Index Scan", "Parent Relationship": "Inner", "Scan Direction": "Forward", "Index Name": "nation_pkey", "Relation Name": "nation", "Alias": "nation", "Startup Cost": 0.0, "Total Cost": 0.27, "Plan Rows": 1, "Plan Width": 30, "Actual Startup Time": 4488.603, "Actual Total Time": 4488.603, "Actual Rows": 3256948, "Actual Loops": 3256948, "Index Cond": "(n_nationkey = supplier.s_nationkey)", "Rows Removed by Index Recheck": 0}]}]}]}, "Triggers": [], "Planner Runtime": 34.971, "Total Runtime": 58621.827, "Unique SQL Id": 3628361425}}, "(16, 69)": {"explain_plan": {"Plan": {"Node Type": "Sort", "Startup Cost": 701189.51, "Total Cost": 701189.52, "Plan Rows": 1, "Plan Width": 74, "Sort Key": ["nation.n_name", "(date_part('year'::text, orders.o_orderdate)) DESC"], "Plans": [{"Node Type": "Aggregate", "Strategy": "Hashed", "Parent Relationship": "Outer", "Startup Cost": 701189.49, "Total Cost": 701189.5, "Plan Rows": 1, "Plan Width": 74, "Group By Key": ["nation.n_name", "date_part('year'::text, orders.o_orderdate)"], "Plans": [{"Node Type": "Nested Loop", "Parent Relationship": "Outer", "Join Type": "Inner", "Startup Cost": 6584.54, "Total Cost": 701189.47, "Plan Rows": 1, "Plan Width": 66, "Inner Unique": true, "Plans": [{"Node Type": "Nested Loop", "Parent Relationship": "Outer", "Join Type": "Inner", "Startup Cost": 6584.54, "Total Cost": 701189.19, "Plan Rows": 1, "Plan Width": 44, "Inner Unique": true, "Plans": [{"Node Type": "Nested Loop", "Parent Relationship": "Outer", "Join Type": "Inner", "Startup Cost": 6584.54, "Total Cost": 701188.89, "Plan Rows": 1, "Plan Width": 44, "Inner Unique": false, "Join Filter": "(supplier.s_suppkey = lineitem.l_suppkey)", "Plans": [{"Node Type": "Hash Join", "Parent Relationship": "Outer", "Join Type": "Inner", "Startup Cost": 6584.54, "Total Cost": 557439.88, "Plan Rows": 125630, "Plan Width": 44, "Inner Unique": true, "Hash Cond": "(partsupp.ps_suppkey = supplier.s_suppkey), (LLVM Optimized)", "Plans": [{"Node Type": "Nested Loop", "Parent Relationship": "Outer", "Join Type": "Inner", "Startup Cost": 0.0, "Total Cost": 548625.29, "Plan Rows": 259666, "Plan Width": 32, "Inner Unique": false, "Plans": [{"Node Type": "Index Scan", "Parent Relationship": "Outer", "Scan Direction": "Forward", "Index Name": "part_kpey", "Relation Name": "part", "Alias": "part", "Startup Cost": 0.0, "Total Cost": 105803.25, "Plan Rows": 89888, "Plan Width": 8, "Filter": "((p_name)::text ~~ '%dim%'::text)"}, {"Node Type": "Index Scan", "Parent Relationship": "Inner", "Scan Direction": "Forward", "Index Name": "idx_partsupp_partkey", "Relation Name": "partsupp", "Alias": "partsupp", "Startup Cost": 0.0, "Total Cost": 4.9, "Plan Rows": 3, "Plan Width": 24, "Index Cond": "(ps_partkey = part.p_partkey)"}]}, {"Node Type": "Hash", "Parent Relationship": "Inner", "Startup Cost": 5334.54, "Total Cost": 5334.54, "Plan Rows": 100000, "Plan Width": 12, "Plans": [{"Node Type": "Index Scan", "Parent Relationship": "Outer", "Scan Direction": "Forward", "Index Name": "supplier_pkey", "Relation Name": "supplier", "Alias": "supplier", "Startup Cost": 0.0, "Total Cost": 5334.54, "Plan Rows": 100000, "Plan Width": 12}]}]}, {"Node Type": "Index Scan", "Parent Relationship": "Inner", "Scan Direction": "Forward", "Index Name": "idx_lineitem_part_supp", "Relation Name": "lineitem", "Alias": "lineitem", "Startup Cost": 0.0, "Total Cost": 1.13, "Plan Rows": 1, "Plan Width": 48, "Index Cond": "((l_partkey = partsupp.ps_partkey) AND (l_suppkey = partsupp.ps_suppkey))"}]}, {"Node Type": "Index Scan", "Parent Relationship": "Inner", "Scan Direction": "Forward", "Index Name": "orders_pkey", "Relation Name": "orders", "Alias": "orders", "Startup Cost": 0.0, "Total Cost": 0.29, "Plan Rows": 1, "Plan Width": 16, "Index Cond": "(o_orderkey = lineitem.l_orderkey)"}]}, {"Node Type": "Index Scan", "Parent Relationship": "Inner", "Scan Direction": "Forward", "Index Name": "nation_pkey", "Relation Name": "nation", "Alias": "nation", "Startup Cost": 0.0, "Total Cost": 0.27, "Plan Rows": 1, "Plan Width": 30, "Index Cond": "(n_nationkey = supplier.s_nationkey)"}]}]}]}, "Unique SQL Id": 3628361425}, "explain_analyze_plan": {"Plan": {"Node Type": "Sort", "Startup Cost": 701189.51, "Total Cost": 701189.52, "Plan Rows": 1, "Plan Width": 74, "Actual Startup Time": 56757.804, "Actual Total Time": 56757.818, "Actual Rows": 175, "Actual Loops": 1, "Sort Key": ["nation.n_name", "(date_part('year'::text, orders.o_orderdate)) DESC"], "Sort Method": "quicksort", "Sort Space Used": 52, "Sort Space Type": "Memory", "Plans": [{"Node Type": "Aggregate", "Strategy": "Hashed", "Parent Relationship": "Outer", "Startup Cost": 701189.49, "Total Cost": 701189.5, "Plan Rows": 1, "Plan Width": 74, "Actual Startup Time": 56757.401, "Actual Total Time": 56757.434, "Actual Rows": 175, "Actual Loops": 1, "Group By Key": ["nation.n_name", "date_part('year'::text, orders.o_orderdate)"], "Plans": [{"Node Type": "Nested Loop", "Parent Relationship": "Outer", "Join Type": "Inner", "Startup Cost": 6584.54, "Total Cost": 701189.47, "Plan Rows": 1, "Plan Width": 66, "Actual Startup Time": 106.399, "Actual Total Time": 52825.55, "Actual Rows": 3256948, "Actual Loops": 1, "Inner Unique": true, "Plans": [{"Node Type": "Nested Loop", "Parent Relationship": "Outer", "Join Type": "Inner", "Startup Cost": 6584.54, "Total Cost": 701189.19, "Plan Rows": 1, "Plan Width": 44, "Actual Startup Time": 106.363, "Actual Total Time": 44002.737, "Actual Rows": 3256948, "Actual Loops": 1, "Inner Unique": true, "Plans": [{"Node Type": "Nested Loop", "Parent Relationship": "Outer", "Join Type": "Inner", "Startup Cost": 6584.54, "Total Cost": 701188.89, "Plan Rows": 1, "Plan Width": 44, "Actual Startup Time": 106.34, "Actual Total Time": 16136.796, "Actual Rows": 3256948, "Actual Loops": 1, "Inner Unique": false, "Join Filter": "(supplier.s_suppkey = lineitem.l_suppkey)", "Rows Removed by Join Filter": 0, "Plans": [{"Node Type": "Hash Join", "Parent Relationship": "Outer", "Join Type": "Inner", "Startup Cost": 6584.54, "Total Cost": 557439.88, "Plan Rows": 125630, "Plan Width": 44, "Actual Startup Time": 106.3, "Actual Total Time": 3477.4, "Actual Rows": 434204, "Actual Loops": 1, "Inner Unique": true, "Hash Cond": "(partsupp.ps_suppkey = supplier.s_suppkey), (LLVM Optimized, Jit Execute)", "Plans": [{"Node Type": "Nested Loop", "Parent Relationship": "Outer", "Join Type": "Inner", "Startup Cost": 0.0, "Total Cost": 548625.29, "Plan Rows": 259666, "Plan Width": 32, "Actual Startup Time": 0.05, "Actual Total Time": 2916.216, "Actual Rows": 434204, "Actual Loops": 1, "Inner Unique": false, "Plans": [{"Node Type": "Index Scan", "Parent Relationship": "Outer", "Scan Direction": "Forward", "Index Name": "part_kpey", "Relation Name": "part", "Alias": "part", "Startup Cost": 0.0, "Total Cost": 105803.25, "Plan Rows": 89888, "Plan Width": 8, "Actual Startup Time": 0.038, "Actual Total Time": 1713.725, "Actual Rows": 108551, "Actual Loops": 1, "Filter": "((p_name)::text ~~ '%dim%'::text)", "Rows Removed by Filter": 1891449}, {"Node Type": "Index Scan", "Parent Relationship": "Inner", "Scan Direction": "Forward", "Index Name": "idx_partsupp_partkey", "Relation Name": "partsupp", "Alias": "partsupp", "Startup Cost": 0.0, "Total Cost": 4.9, "Plan Rows": 3, "Plan Width": 24, "Actual Startup Time": 698.665, "Actual Total Time": 994.397, "Actual Rows": 434204, "Actual Loops": 108551, "Index Cond": "(ps_partkey = part.p_partkey)", "Rows Removed by Index Recheck": 0}]}, {"Node Type": "Hash", "Parent Relationship": "Inner", "Startup Cost": 5334.54, "Total Cost": 5334.54, "Plan Rows": 100000, "Plan Width": 12, "Actual Startup Time": 106.06, "Actual Total Time": 106.06, "Actual Rows": 100000, "Actual Loops": 1, "Hash Buckets": 131072, "Hash Batches": 1, "Original Hash Batches": 1, "Peak Memory Usage": 4297, "Plans": [{"Node Type": "Index Scan", "Parent Relationship": "Outer", "Scan Direction": "Forward", "Index Name": "supplier_pkey", "Relation Name": "supplier", "Alias": "supplier", "Startup Cost": 0.0, "Total Cost": 5334.54, "Plan Rows": 100000, "Plan Width": 12, "Actual Startup Time": 0.019, "Actual Total Time": 76.575, "Actual Rows": 100000, "Actual Loops": 1}]}]}, {"Node Type": "Index Scan", "Parent Relationship": "Inner", "Scan Direction": "Forward", "Index Name": "idx_lineitem_part_supp", "Relation Name": "lineitem", "Alias": "lineitem", "Startup Cost": 0.0, "Total Cost": 1.13, "Plan Rows": 1, "Plan Width": 48, "Actual Startup Time": 3224.162, "Actual Total Time": 11011.239, "Actual Rows": 3256948, "Actual Loops": 434204, "Index Cond": "((l_partkey = partsupp.ps_partkey) AND (l_suppkey = partsupp.ps_suppkey))", "Rows Removed by Index Recheck": 0}]}, {"Node Type": "Index Scan", "Parent Relationship": "Inner", "Scan Direction": "Forward", "Index Name": "orders_pkey", "Relation Name": "orders", "Alias": "orders", "Startup Cost": 0.0, "Total Cost": 0.29, "Plan Rows": 1, "Plan Width": 16, "Actual Startup Time": 25102.62, "Actual Total Time": 25102.62, "Actual Rows": 3256948, "Actual Loops": 3256948, "Index Cond": "(o_orderkey = lineitem.l_orderkey)", "Rows Removed by Index Recheck": 0}]}, {"Node Type": "Index Scan", "Parent Relationship": "Inner", "Scan Direction": "Forward", "Index Name": "nation_pkey", "Relation Name": "nation", "Alias": "nation", "Startup Cost": 0.0, "Total Cost": 0.27, "Plan Rows": 1, "Plan Width": 30, "Actual Startup Time": 4713.432, "Actual Total Time": 4713.432, "Actual Rows": 3256948, "Actual Loops": 3256948, "Index Cond": "(n_nationkey = supplier.s_nationkey)", "Rows Removed by Index Recheck": 0}]}]}]}, "Triggers": [], "Planner Runtime": 33.85, "Total Runtime": 56766.913, "Unique SQL Id": 3628361425}}, "(16, 70)": {"explain_plan": {"Plan": {"Node Type": "Sort", "Startup Cost": 934830.96, "Total Cost": 934830.97, "Plan Rows": 1, "Plan Width": 74, "Sort Key": ["nation.n_name", "(date_part('year'::text, orders.o_orderdate)) DESC"], "Plans": [{"Node Type": "Aggregate", "Strategy": "Hashed", "Parent Relationship": "Outer", "Startup Cost": 934830.94, "Total Cost": 934830.95, "Plan Rows": 1, "Plan Width": 74, "Group By Key": ["nation.n_name", "date_part('year'::text, orders.o_orderdate)"], "Plans": [{"Node Type": "Nested Loop", "Parent Relationship": "Outer", "Join Type": "Inner", "Startup Cost": 72601.53, "Total Cost": 934830.92, "Plan Rows": 1, "Plan Width": 66, "Inner Unique": true, "Plans": [{"Node Type": "Nested Loop", "Parent Relationship": "Outer", "Join Type": "Inner", "Startup Cost": 72601.27, "Total Cost": 934826.64, "Plan Rows": 1, "Plan Width": 44, "Inner Unique": true, "Plans": [{"Node Type": "Nested Loop", "Parent Relationship": "Outer", "Join Type": "Inner", "Startup Cost": 72601.01, "Total Cost": 934822.36, "Plan Rows": 1, "Plan Width": 44, "Inner Unique": false, "Join Filter": "(supplier.s_suppkey = lineitem.l_suppkey)", "Plans": [{"Node Type": "Hash Join", "Parent Relationship": "Outer", "Join Type": "Inner", "Startup Cost": 72600.6, "Total Cost": 377416.42, "Plan Rows": 125630, "Plan Width": 44, "Inner Unique": true, "Hash Cond": "(partsupp.ps_suppkey = supplier.s_suppkey), (LLVM Optimized)", "Plans": [{"Node Type": "Hash Join", "Parent Relationship": "Outer", "Join Type": "Inner", "Startup Cost": 68067.6, "Total Cost": 370653.38, "Plan Rows": 259666, "Plan Width": 32, "Inner Unique": true, "Hash Cond": "(partsupp.ps_partkey = part.p_partkey), (LLVM Optimized)", "Plans": [{"Node Type": "Seq Scan", "Parent Relationship": "Outer", "Relation Name": "partsupp", "Alias": "partsupp", "Startup Cost": 0.0, "Total Cost": 269987.72, "Plan Rows": 8000372, "Plan Width": 24}, {"Node Type": "Hash", "Parent Relationship": "Inner", "Startup Cost": 66944.0, "Total Cost": 66944.0, "Plan Rows": 89888, "Plan Width": 8, "Plans": [{"Node Type": "Seq Scan", "Parent Relationship": "Outer", "Relation Name": "part", "Alias": "part", "Startup Cost": 0.0, "Total Cost": 66944.0, "Plan Rows": 89888, "Plan Width": 8, "Filter": "((p_name)::text ~~ '%dim%'::text)"}]}]}, {"Node Type": "Hash", "Parent Relationship": "Inner", "Startup Cost": 3283.0, "Total Cost": 3283.0, "Plan Rows": 100000, "Plan Width": 12, "Plans": [{"Node Type": "Seq Scan", "Parent Relationship": "Outer", "Relation Name": "supplier", "Alias": "supplier", "Startup Cost": 0.0, "Total Cost": 3283.0, "Plan Rows": 100000, "Plan Width": 12}]}]}, {"Node Type": "Bitmap Heap Scan", "Parent Relationship": "Inner", "Relation Name": "lineitem", "Alias": "lineitem", "Startup Cost": 0.41, "Total Cost": 4.42, "Plan Rows": 1, "Plan Width": 48, "Recheck Cond": "((l_partkey = partsupp.ps_partkey) AND (l_suppkey = partsupp.ps_suppkey))", "Plans": [{"Node Type": "Bitmap Index Scan", "Parent Relationship": "Outer", "Index Name": "idx_lineitem_part_supp", "Startup Cost": 0.0, "Total Cost": 0.41, "Plan Rows": 1, "Plan Width": 0, "Index Cond": "((l_partkey = partsupp.ps_partkey) AND (l_suppkey = partsupp.ps_suppkey))"}]}]}, {"Node Type": "Bitmap Heap Scan", "Parent Relationship": "Inner", "Relation Name": "orders", "Alias": "orders", "Startup Cost": 0.26, "Total Cost": 4.27, "Plan Rows": 1, "Plan Width": 16, "Recheck Cond": "(o_orderkey = lineitem.l_orderkey)", "Plans": [{"Node Type": "Bitmap Index Scan", "Parent Relationship": "Outer", "Index Name": "orders_pkey", "Startup Cost": 0.0, "Total Cost": 0.26, "Plan Rows": 1, "Plan Width": 0, "Index Cond": "(o_orderkey = lineitem.l_orderkey)"}]}]}, {"Node Type": "Bitmap Heap Scan", "Parent Relationship": "Inner", "Relation Name": "nation", "Alias": "nation", "Startup Cost": 0.26, "Total Cost": 4.27, "Plan Rows": 1, "Plan Width": 30, "Recheck Cond": "(n_nationkey = supplier.s_nationkey)", "Plans": [{"Node Type": "Bitmap Index Scan", "Parent Relationship": "Outer", "Index Name": "nation_pkey", "Startup Cost": 0.0, "Total Cost": 0.26, "Plan Rows": 1, "Plan Width": 0, "Index Cond": "(n_nationkey = supplier.s_nationkey)"}]}]}]}]}, "Unique SQL Id": 3628361425}, "explain_analyze_plan": {"Plan": {"Node Type": "Sort", "Startup Cost": 934830.96, "Total Cost": 934830.97, "Plan Rows": 1, "Plan Width": 74, "Actual Startup Time": 74225.919, "Actual Total Time": 74225.933, "Actual Rows": 175, "Actual Loops": 1, "Sort Key": ["nation.n_name", "(date_part('year'::text, orders.o_orderdate)) DESC"], "Sort Method": "quicksort", "Sort Space Used": 52, "Sort Space Type": "Memory", "Plans": [{"Node Type": "Aggregate", "Strategy": "Hashed", "Parent Relationship": "Outer", "Startup Cost": 934830.94, "Total Cost": 934830.95, "Plan Rows": 1, "Plan Width": 74, "Actual Startup Time": 74225.511, "Actual Total Time": 74225.561, "Actual Rows": 175, "Actual Loops": 1, "Group By Key": ["nation.n_name", "date_part('year'::text, orders.o_orderdate)"], "Plans": [{"Node Type": "Nested Loop", "Parent Relationship": "Outer", "Join Type": "Inner", "Startup Cost": 72601.53, "Total Cost": 934830.92, "Plan Rows": 1, "Plan Width": 66, "Actual Startup Time": 1099.152, "Actual Total Time": 70108.745, "Actual Rows": 3256948, "Actual Loops": 1, "Inner Unique": true, "Plans": [{"Node Type": "Nested Loop", "Parent Relationship": "Outer", "Join Type": "Inner", "Startup Cost": 72601.27, "Total Cost": 934826.64, "Plan Rows": 1, "Plan Width": 44, "Actual Startup Time": 1099.118, "Actual Total Time": 56422.153, "Actual Rows": 3256948, "Actual Loops": 1, "Inner Unique": true, "Plans": [{"Node Type": "Nested Loop", "Parent Relationship": "Outer", "Join Type": "Inner", "Startup Cost": 72601.01, "Total Cost": 934822.36, "Plan Rows": 1, "Plan Width": 44, "Actual Startup Time": 1099.081, "Actual Total Time": 22357.588, "Actual Rows": 3256948, "Actual Loops": 1, "Inner Unique": false, "Join Filter": "(supplier.s_suppkey = lineitem.l_suppkey)", "Rows Removed by Join Filter": 0, "Plans": [{"Node Type": "Hash Join", "Parent Relationship": "Outer", "Join Type": "Inner", "Startup Cost": 72600.6, "Total Cost": 377416.42, "Plan Rows": 125630, "Plan Width": 44, "Actual Startup Time": 1098.963, "Actual Total Time": 6620.828, "Actual Rows": 434204, "Actual Loops": 1, "Inner Unique": true, "Hash Cond": "(partsupp.ps_suppkey = supplier.s_suppkey), (LLVM Optimized, Jit Execute)", "Plans": [{"Node Type": "Hash Join", "Parent Relationship": "Outer", "Join Type": "Inner", "Startup Cost": 68067.6, "Total Cost": 370653.38, "Plan Rows": 259666, "Plan Width": 32, "Actual Startup Time": 1034.745, "Actual Total Time": 6106.374, "Actual Rows": 434204, "Actual Loops": 1, "Inner Unique": true, "Hash Cond": "(partsupp.ps_partkey = part.p_partkey), (LLVM Optimized, Jit Execute)", "Plans": [{"Node Type": "Seq Scan", "Parent Relationship": "Outer", "Relation Name": "partsupp", "Alias": "partsupp", "Startup Cost": 0.0, "Total Cost": 269987.72, "Plan Rows": 8000372, "Plan Width": 24, "Actual Startup Time": 0.02, "Actual Total Time": 2616.294, "Actual Rows": 8000000, "Actual Loops": 1}, {"Node Type": "Hash", "Parent Relationship": "Inner", "Startup Cost": 66944.0, "Total Cost": 66944.0, "Plan Rows": 89888, "Plan Width": 8, "Actual Startup Time": 1034.585, "Actual Total Time": 1034.585, "Actual Rows": 108551, "Actual Loops": 1, "Hash Buckets": 131072, "Hash Batches": 1, "Original Hash Batches": 1, "Peak Memory Usage": 4241, "Plans": [{"Node Type": "Seq Scan", "Parent Relationship": "Outer", "Relation Name": "part", "Alias": "part", "Startup Cost": 0.0, "Total Cost": 66944.0, "Plan Rows": 89888, "Plan Width": 8, "Actual Startup Time": 0.039, "Actual Total Time": 996.079, "Actual Rows": 108551, "Actual Loops": 1, "Filter": "((p_name)::text ~~ '%dim%'::text)", "Rows Removed by Filter": 1891449}]}]}, {"Node Type": "Hash", "Parent Relationship": "Inner", "Startup Cost": 3283.0, "Total Cost": 3283.0, "Plan Rows": 100000, "Plan Width": 12, "Actual Startup Time": 64.081, "Actual Total Time": 64.081, "Actual Rows": 100000, "Actual Loops": 1, "Hash Buckets": 131072, "Hash Batches": 1, "Original Hash Batches": 1, "Peak Memory Usage": 4297, "Plans": [{"Node Type": "Seq Scan", "Parent Relationship": "Outer", "Relation Name": "supplier", "Alias": "supplier", "Startup Cost": 0.0, "Total Cost": 3283.0, "Plan Rows": 100000, "Plan Width": 12, "Actual Startup Time": 0.023, "Actual Total Time": 36.027, "Actual Rows": 100000, "Actual Loops": 1}]}]}, {"Node Type": "Bitmap Heap Scan", "Parent Relationship": "Inner", "Relation Name": "lineitem", "Alias": "lineitem", "Startup Cost": 0.41, "Total Cost": 4.42, "Plan Rows": 1, "Plan Width": 48, "Actual Startup Time": 5090.777, "Actual Total Time": 13615.968, "Actual Rows": 3256948, "Actual Loops": 434204, "Recheck Cond": "((l_partkey = partsupp.ps_partkey) AND (l_suppkey = partsupp.ps_suppkey))", "Rows Removed by Index Recheck": 0, "Exact Heap Blocks": 3256937, "Lossy Heap Blocks": 3256937, "Plans": [{"Node Type": "Bitmap Index Scan", "Parent Relationship": "Outer", "Index Name": "idx_lineitem_part_supp", "Startup Cost": 0.0, "Total Cost": 0.41, "Plan Rows": 1, "Plan Width": 0, "Actual Startup Time": 2865.377, "Actual Total Time": 2865.377, "Actual Rows": 3256948, "Actual Loops": 434204, "Index Cond": "((l_partkey = partsupp.ps_partkey) AND (l_suppkey = partsupp.ps_suppkey))"}]}]}, {"Node Type": "Bitmap Heap Scan", "Parent Relationship": "Inner", "Relation Name": "orders", "Alias": "orders", "Startup Cost": 0.26, "Total Cost": 4.27, "Plan Rows": 1, "Plan Width": 16, "Actual Startup Time": 29495.525, "Actual Total Time": 29495.525, "Actual Rows": 3256948, "Actual Loops": 3256948, "Recheck Cond": "(o_orderkey = lineitem.l_orderkey)", "Rows Removed by Index Recheck": 0, "Exact Heap Blocks": 3256948, "Lossy Heap Blocks": 3256948, "Plans": [{"Node Type": "Bitmap Index Scan", "Parent Relationship": "Outer", "Index Name": "orders_pkey", "Startup Cost": 0.0, "Total Cost": 0.26, "Plan Rows": 1, "Plan Width": 0, "Actual Startup Time": 18899.294, "Actual Total Time": 18899.294, "Actual Rows": 3256948, "Actual Loops": 3256948, "Index Cond": "(o_orderkey = lineitem.l_orderkey)"}]}]}, {"Node Type": "Bitmap Heap Scan", "Parent Relationship": "Inner", "Relation Name": "nation", "Alias": "nation", "Startup Cost": 0.26, "Total Cost": 4.27, "Plan Rows": 1, "Plan Width": 30, "Actual Startup Time": 7717.659, "Actual Total Time": 7717.659, "Actual Rows": 3256948, "Actual Loops": 3256948, "Recheck Cond": "(n_nationkey = supplier.s_nationkey)", "Rows Removed by Index Recheck": 0, "Exact Heap Blocks": 3256948, "Lossy Heap Blocks": 3256948, "Plans": [{"Node Type": "Bitmap Index Scan", "Parent Relationship": "Outer", "Index Name": "nation_pkey", "Startup Cost": 0.0, "Total Cost": 0.26, "Plan Rows": 1, "Plan Width": 0, "Actual Startup Time": 3325.577, "Actual Total Time": 3325.577, "Actual Rows": 3256948, "Actual Loops": 3256948, "Index Cond": "(n_nationkey = supplier.s_nationkey)"}]}]}]}]}, "Triggers": [], "Planner Runtime": 41.283, "Total Runtime": 74235.19, "Unique SQL Id": 3628361425}}, "(16, 71)": {"explain_plan": {"Plan": {"Node Type": "Sort", "Startup Cost": 1000008167021.57, "Total Cost": 1000008167021.58, "Plan Rows": 1, "Plan Width": 74, "Sort Key": ["nation.n_name", "(date_part('year'::text, orders.o_orderdate)) DESC"], "Plans": [{"Node Type": "Aggregate", "Strategy": "Hashed", "Parent Relationship": "Outer", "Startup Cost": 1000008167021.55, "Total Cost": 1000008167021.56, "Plan Rows": 1, "Plan Width": 74, "Group By Key": ["nation.n_name", "date_part('year'::text, orders.o_orderdate)"], "Plans": [{"Node Type": "Nested Loop", "Parent Relationship": "Outer", "Join Type": "Inner", "Startup Cost": 10000000002.75, "Total Cost": 1000008167021.53, "Plan Rows": 1, "Plan Width": 66, "Inner Unique": true, "Plans": [{"Node Type": "Nested Loop", "Parent Relationship": "Outer", "Join Type": "Inner", "Startup Cost": 10000000002.5, "Total Cost": 1000008167017.25, "Plan Rows": 1, "Plan Width": 44, "Inner Unique": true, "Plans": [{"Node Type": "Nested Loop", "Parent Relationship": "Outer", "Join Type": "Inner", "Startup Cost": 10000000002.24, "Total Cost": 1000008167012.96, "Plan Rows": 1, "Plan Width": 44, "Inner Unique": true, "Join Filter": "(partsupp.ps_partkey = part.p_partkey)", "Plans": [{"Node Type": "Nested Loop", "Parent Relationship": "Outer", "Join Type": "Inner", "Startup Cost": 10000000001.98, "Total Cost": 1000008166987.25, "Plan Rows": 6, "Plan Width": 60, "Inner Unique": false, "Join Filter": "(supplier.s_suppkey = lineitem.l_suppkey)", "Plans": [{"Node Type": "Nested Loop", "Parent Relationship": "Outer", "Join Type": "Inner", "Startup Cost": 10000000001.57, "Total Cost": 1000002201599.04, "Plan Rows": 1344499, "Plan Width": 36, "Inner Unique": false, "Plans": [{"Node Type": "Index Scan", "Parent Relationship": "Outer", "Scan Direction": "Forward", "Index Name": "idx_supplier_nation_key", "Relation Name": "supplier", "Alias": "supplier", "Startup Cost": 10000000000.0, "Total Cost": 1000001217556.78, "Plan Rows": 100000, "Plan Width": 12}, {"Node Type": "Bitmap Heap Scan", "Parent Relationship": "Inner", "Relation Name": "partsupp", "Alias": "partsupp", "Startup Cost": 1.57, "Total Cost": 9.71, "Plan Rows": 13, "Plan Width": 24, "Recheck Cond": "(ps_suppkey = supplier.s_suppkey)", "Plans": [{"Node Type": "Bitmap Index Scan", "Parent Relationship": "Outer", "Index Name": "idx_partsupp_suppkey", "Startup Cost": 0.0, "Total Cost": 1.56, "Plan Rows": 13, "Plan Width": 0, "Index Cond": "(ps_suppkey = supplier.s_suppkey)"}]}]}, {"Node Type": "Bitmap Heap Scan", "Parent Relationship": "Inner", "Relation Name": "lineitem", "Alias": "lineitem", "Startup Cost": 0.41, "Total Cost": 4.42, "Plan Rows": 1, "Plan Width": 48, "Recheck Cond": "((l_partkey = partsupp.ps_partkey) AND (l_suppkey = partsupp.ps_suppkey))", "Plans": [{"Node Type": "Bitmap Index Scan", "Parent Relationship": "Outer", "Index Name": "idx_lineitem_part_supp", "Startup Cost": 0.0, "Total Cost": 0.41, "Plan Rows": 1, "Plan Width": 0, "Index Cond": "((l_partkey = partsupp.ps_partkey) AND (l_suppkey = partsupp.ps_suppkey))"}]}]}, {"Node Type": "Bitmap Heap Scan", "Parent Relationship": "Inner", "Relation Name": "part", "Alias": "part", "Startup Cost": 0.26, "Total Cost": 4.27, "Plan Rows": 1, "Plan Width": 8, "Recheck Cond": "(p_partkey = lineitem.l_partkey)", "Filter": "((p_name)::text ~~ '%dim%'::text)", "Plans": [{"Node Type": "Bitmap Index Scan", "Parent Relationship": "Outer", "Index Name": "part_kpey", "Startup Cost": 0.0, "Total Cost": 0.26, "Plan Rows": 1, "Plan Width": 0, "Index Cond": "(p_partkey = lineitem.l_partkey)"}]}]}, {"Node Type": "Bitmap Heap Scan", "Parent Relationship": "Inner", "Relation Name": "orders", "Alias": "orders", "Startup Cost": 0.26, "Total Cost": 4.27, "Plan Rows": 1, "Plan Width": 16, "Recheck Cond": "(o_orderkey = lineitem.l_orderkey)", "Plans": [{"Node Type": "Bitmap Index Scan", "Parent Relationship": "Outer", "Index Name": "orders_pkey", "Startup Cost": 0.0, "Total Cost": 0.26, "Plan Rows": 1, "Plan Width": 0, "Index Cond": "(o_orderkey = lineitem.l_orderkey)"}]}]}, {"Node Type": "Bitmap Heap Scan", "Parent Relationship": "Inner", "Relation Name": "nation", "Alias": "nation", "Startup Cost": 0.26, "Total Cost": 4.27, "Plan Rows": 1, "Plan Width": 30, "Recheck Cond": "(n_nationkey = supplier.s_nationkey)", "Plans": [{"Node Type": "Bitmap Index Scan", "Parent Relationship": "Outer", "Index Name": "nation_pkey", "Startup Cost": 0.0, "Total Cost": 0.26, "Plan Rows": 1, "Plan Width": 0, "Index Cond": "(n_nationkey = supplier.s_nationkey)"}]}]}]}]}, "Unique SQL Id": 3628361425}, "explain_analyze_plan": null}, "(16, 72)": {"explain_plan": {"Plan": {"Node Type": "Sort", "Startup Cost": 521166.05, "Total Cost": 521166.06, "Plan Rows": 1, "Plan Width": 74, "Sort Key": ["nation.n_name", "(date_part('year'::text, orders.o_orderdate)) DESC"], "Plans": [{"Node Type": "Aggregate", "Strategy": "Hashed", "Parent Relationship": "Outer", "Startup Cost": 521166.03, "Total Cost": 521166.04, "Plan Rows": 1, "Plan Width": 74, "Group By Key": ["nation.n_name", "date_part('year'::text, orders.o_orderdate)"], "Plans": [{"Node Type": "Nested Loop", "Parent Relationship": "Outer", "Join Type": "Inner", "Startup Cost": 72600.6, "Total Cost": 521166.01, "Plan Rows": 1, "Plan Width": 66, "Inner Unique": true, "Plans": [{"Node Type": "Nested Loop", "Parent Relationship": "Outer", "Join Type": "Inner", "Startup Cost": 72600.6, "Total Cost": 521165.73, "Plan Rows": 1, "Plan Width": 44, "Inner Unique": true, "Plans": [{"Node Type": "Nested Loop", "Parent Relationship": "Outer", "Join Type": "Inner", "Startup Cost": 72600.6, "Total Cost": 521165.43, "Plan Rows": 1, "Plan Width": 44, "Inner Unique": false, "Join Filter": "(supplier.s_suppkey = lineitem.l_suppkey)", "Plans": [{"Node Type": "Hash Join", "Parent Relationship": "Outer", "Join Type": "Inner", "Startup Cost": 72600.6, "Total Cost": 377416.42, "Plan Rows": 125630, "Plan Width": 44, "Inner Unique": true, "Hash Cond": "(partsupp.ps_suppkey = supplier.s_suppkey), (LLVM Optimized)", "Plans": [{"Node Type": "Hash Join", "Parent Relationship": "Outer", "Join Type": "Inner", "Startup Cost": 68067.6, "Total Cost": 370653.38, "Plan Rows": 259666, "Plan Width": 32, "Inner Unique": true, "Hash Cond": "(partsupp.ps_partkey = part.p_partkey), (LLVM Optimized)", "Plans": [{"Node Type": "Seq Scan", "Parent Relationship": "Outer", "Relation Name": "partsupp", "Alias": "partsupp", "Startup Cost": 0.0, "Total Cost": 269987.72, "Plan Rows": 8000372, "Plan Width": 24}, {"Node Type": "Hash", "Parent Relationship": "Inner", "Startup Cost": 66944.0, "Total Cost": 66944.0, "Plan Rows": 89888, "Plan Width": 8, "Plans": [{"Node Type": "Seq Scan", "Parent Relationship": "Outer", "Relation Name": "part", "Alias": "part", "Startup Cost": 0.0, "Total Cost": 66944.0, "Plan Rows": 89888, "Plan Width": 8, "Filter": "((p_name)::text ~~ '%dim%'::text)"}]}]}, {"Node Type": "Hash", "Parent Relationship": "Inner", "Startup Cost": 3283.0, "Total Cost": 3283.0, "Plan Rows": 100000, "Plan Width": 12, "Plans": [{"Node Type": "Seq Scan", "Parent Relationship": "Outer", "Relation Name": "supplier", "Alias": "supplier", "Startup Cost": 0.0, "Total Cost": 3283.0, "Plan Rows": 100000, "Plan Width": 12}]}]}, {"Node Type": "Index Scan", "Parent Relationship": "Inner", "Scan Direction": "Forward", "Index Name": "idx_lineitem_part_supp", "Relation Name": "lineitem", "Alias": "lineitem", "Startup Cost": 0.0, "Total Cost": 1.13, "Plan Rows": 1, "Plan Width": 48, "Index Cond": "((l_partkey = partsupp.ps_partkey) AND (l_suppkey = partsupp.ps_suppkey))"}]}, {"Node Type": "Index Scan", "Parent Relationship": "Inner", "Scan Direction": "Forward", "Index Name": "orders_pkey", "Relation Name": "orders", "Alias": "orders", "Startup Cost": 0.0, "Total Cost": 0.29, "Plan Rows": 1, "Plan Width": 16, "Index Cond": "(o_orderkey = lineitem.l_orderkey)"}]}, {"Node Type": "Index Scan", "Parent Relationship": "Inner", "Scan Direction": "Forward", "Index Name": "nation_pkey", "Relation Name": "nation", "Alias": "nation", "Startup Cost": 0.0, "Total Cost": 0.27, "Plan Rows": 1, "Plan Width": 30, "Index Cond": "(n_nationkey = supplier.s_nationkey)"}]}]}]}, "Unique SQL Id": 3628361425}, "explain_analyze_plan": {"Plan": {"Node Type": "Sort", "Startup Cost": 521166.05, "Total Cost": 521166.06, "Plan Rows": 1, "Plan Width": 74, "Actual Startup Time": 58612.397, "Actual Total Time": 58612.409, "Actual Rows": 175, "Actual Loops": 1, "Sort Key": ["nation.n_name", "(date_part('year'::text, orders.o_orderdate)) DESC"], "Sort Method": "quicksort", "Sort Space Used": 52, "Sort Space Type": "Memory", "Plans": [{"Node Type": "Aggregate", "Strategy": "Hashed", "Parent Relationship": "Outer", "Startup Cost": 521166.03, "Total Cost": 521166.04, "Plan Rows": 1, "Plan Width": 74, "Actual Startup Time": 58611.995, "Actual Total Time": 58612.032, "Actual Rows": 175, "Actual Loops": 1, "Group By Key": ["nation.n_name", "date_part('year'::text, orders.o_orderdate)"], "Plans": [{"Node Type": "Nested Loop", "Parent Relationship": "Outer", "Join Type": "Inner", "Startup Cost": 72600.6, "Total Cost": 521166.01, "Plan Rows": 1, "Plan Width": 66, "Actual Startup Time": 1104.953, "Actual Total Time": 54814.063, "Actual Rows": 3256948, "Actual Loops": 1, "Inner Unique": true, "Plans": [{"Node Type": "Nested Loop", "Parent Relationship": "Outer", "Join Type": "Inner", "Startup Cost": 72600.6, "Total Cost": 521165.73, "Plan Rows": 1, "Plan Width": 44, "Actual Startup Time": 1104.916, "Actual Total Time": 46326.692, "Actual Rows": 3256948, "Actual Loops": 1, "Inner Unique": true, "Plans": [{"Node Type": "Nested Loop", "Parent Relationship": "Outer", "Join Type": "Inner", "Startup Cost": 72600.6, "Total Cost": 521165.43, "Plan Rows": 1, "Plan Width": 44, "Actual Startup Time": 1104.891, "Actual Total Time": 18807.178, "Actual Rows": 3256948, "Actual Loops": 1, "Inner Unique": false, "Join Filter": "(supplier.s_suppkey = lineitem.l_suppkey)", "Rows Removed by Join Filter": 0, "Plans": [{"Node Type": "Hash Join", "Parent Relationship": "Outer", "Join Type": "Inner", "Startup Cost": 72600.6, "Total Cost": 377416.42, "Plan Rows": 125630, "Plan Width": 44, "Actual Startup Time": 1104.824, "Actual Total Time": 6240.661, "Actual Rows": 434204, "Actual Loops": 1, "Inner Unique": true, "Hash Cond": "(partsupp.ps_suppkey = supplier.s_suppkey), (LLVM Optimized, Jit Execute)", "Plans": [{"Node Type": "Hash Join", "Parent Relationship": "Outer", "Join Type": "Inner", "Startup Cost": 68067.6, "Total Cost": 370653.38, "Plan Rows": 259666, "Plan Width": 32, "Actual Startup Time": 1036.673, "Actual Total Time": 5757.994, "Actual Rows": 434204, "Actual Loops": 1, "Inner Unique": true, "Hash Cond": "(partsupp.ps_partkey = part.p_partkey), (LLVM Optimized, Jit Execute)", "Plans": [{"Node Type": "Seq Scan", "Parent Relationship": "Outer", "Relation Name": "partsupp", "Alias": "partsupp", "Startup Cost": 0.0, "Total Cost": 269987.72, "Plan Rows": 8000372, "Plan Width": 24, "Actual Startup Time": 0.025, "Actual Total Time": 2548.053, "Actual Rows": 8000000, "Actual Loops": 1}, {"Node Type": "Hash", "Parent Relationship": "Inner", "Startup Cost": 66944.0, "Total Cost": 66944.0, "Plan Rows": 89888, "Plan Width": 8, "Actual Startup Time": 1036.439, "Actual Total Time": 1036.439, "Actual Rows": 108551, "Actual Loops": 1, "Hash Buckets": 131072, "Hash Batches": 1, "Original Hash Batches": 1, "Peak Memory Usage": 4241, "Plans": [{"Node Type": "Seq Scan", "Parent Relationship": "Outer", "Relation Name": "part", "Alias": "part", "Startup Cost": 0.0, "Total Cost": 66944.0, "Plan Rows": 89888, "Plan Width": 8, "Actual Startup Time": 0.035, "Actual Total Time": 998.743, "Actual Rows": 108551, "Actual Loops": 1, "Filter": "((p_name)::text ~~ '%dim%'::text)", "Rows Removed by Filter": 1891449}]}]}, {"Node Type": "Hash", "Parent Relationship": "Inner", "Startup Cost": 3283.0, "Total Cost": 3283.0, "Plan Rows": 100000, "Plan Width": 12, "Actual Startup Time": 67.975, "Actual Total Time": 67.975, "Actual Rows": 100000, "Actual Loops": 1, "Hash Buckets": 131072, "Hash Batches": 1, "Original Hash Batches": 1, "Peak Memory Usage": 4297, "Plans": [{"Node Type": "Seq Scan", "Parent Relationship": "Outer", "Relation Name": "supplier", "Alias": "supplier", "Startup Cost": 0.0, "Total Cost": 3283.0, "Plan Rows": 100000, "Plan Width": 12, "Actual Startup Time": 0.02, "Actual Total Time": 39.334, "Actual Rows": 100000, "Actual Loops": 1}]}]}, {"Node Type": "Index Scan", "Parent Relationship": "Inner", "Scan Direction": "Forward", "Index Name": "idx_lineitem_part_supp", "Relation Name": "lineitem", "Alias": "lineitem", "Startup Cost": 0.0, "Total Cost": 1.13, "Plan Rows": 1, "Plan Width": 48, "Actual Startup Time": 3206.079, "Actual Total Time": 10926.206, "Actual Rows": 3256948, "Actual Loops": 434204, "Index Cond": "((l_partkey = partsupp.ps_partkey) AND (l_suppkey = partsupp.ps_suppkey))", "Rows Removed by Index Recheck": 0}]}, {"Node Type": "Index Scan", "Parent Relationship": "Inner", "Scan Direction": "Forward", "Index Name": "orders_pkey", "Relation Name": "orders", "Alias": "orders", "Startup Cost": 0.0, "Total Cost": 0.29, "Plan Rows": 1, "Plan Width": 16, "Actual Startup Time": 24822.179, "Actual Total Time": 24822.179, "Actual Rows": 3256948, "Actual Loops": 3256948, "Index Cond": "(o_orderkey = lineitem.l_orderkey)", "Rows Removed by Index Recheck": 0}]}, {"Node Type": "Index Scan", "Parent Relationship": "Inner", "Scan Direction": "Forward", "Index Name": "nation_pkey", "Relation Name": "nation", "Alias": "nation", "Startup Cost": 0.0, "Total Cost": 0.27, "Plan Rows": 1, "Plan Width": 30, "Actual Startup Time": 4488.603, "Actual Total Time": 4488.603, "Actual Rows": 3256948, "Actual Loops": 3256948, "Index Cond": "(n_nationkey = supplier.s_nationkey)", "Rows Removed by Index Recheck": 0}]}]}]}, "Triggers": [], "Planner Runtime": 34.971, "Total Runtime": 58621.827, "Unique SQL Id": 3628361425}}, "(16, 73)": {"explain_plan": {"Plan": {"Node Type": "Sort", "Startup Cost": 701189.51, "Total Cost": 701189.52, "Plan Rows": 1, "Plan Width": 74, "Sort Key": ["nation.n_name", "(date_part('year'::text, orders.o_orderdate)) DESC"], "Plans": [{"Node Type": "Aggregate", "Strategy": "Hashed", "Parent Relationship": "Outer", "Startup Cost": 701189.49, "Total Cost": 701189.5, "Plan Rows": 1, "Plan Width": 74, "Group By Key": ["nation.n_name", "date_part('year'::text, orders.o_orderdate)"], "Plans": [{"Node Type": "Nested Loop", "Parent Relationship": "Outer", "Join Type": "Inner", "Startup Cost": 6584.54, "Total Cost": 701189.47, "Plan Rows": 1, "Plan Width": 66, "Inner Unique": true, "Plans": [{"Node Type": "Nested Loop", "Parent Relationship": "Outer", "Join Type": "Inner", "Startup Cost": 6584.54, "Total Cost": 701189.19, "Plan Rows": 1, "Plan Width": 44, "Inner Unique": true, "Plans": [{"Node Type": "Nested Loop", "Parent Relationship": "Outer", "Join Type": "Inner", "Startup Cost": 6584.54, "Total Cost": 701188.89, "Plan Rows": 1, "Plan Width": 44, "Inner Unique": false, "Join Filter": "(supplier.s_suppkey = lineitem.l_suppkey)", "Plans": [{"Node Type": "Hash Join", "Parent Relationship": "Outer", "Join Type": "Inner", "Startup Cost": 6584.54, "Total Cost": 557439.88, "Plan Rows": 125630, "Plan Width": 44, "Inner Unique": true, "Hash Cond": "(partsupp.ps_suppkey = supplier.s_suppkey), (LLVM Optimized)", "Plans": [{"Node Type": "Nested Loop", "Parent Relationship": "Outer", "Join Type": "Inner", "Startup Cost": 0.0, "Total Cost": 548625.29, "Plan Rows": 259666, "Plan Width": 32, "Inner Unique": false, "Plans": [{"Node Type": "Index Scan", "Parent Relationship": "Outer", "Scan Direction": "Forward", "Index Name": "part_kpey", "Relation Name": "part", "Alias": "part", "Startup Cost": 0.0, "Total Cost": 105803.25, "Plan Rows": 89888, "Plan Width": 8, "Filter": "((p_name)::text ~~ '%dim%'::text)"}, {"Node Type": "Index Scan", "Parent Relationship": "Inner", "Scan Direction": "Forward", "Index Name": "idx_partsupp_partkey", "Relation Name": "partsupp", "Alias": "partsupp", "Startup Cost": 0.0, "Total Cost": 4.9, "Plan Rows": 3, "Plan Width": 24, "Index Cond": "(ps_partkey = part.p_partkey)"}]}, {"Node Type": "Hash", "Parent Relationship": "Inner", "Startup Cost": 5334.54, "Total Cost": 5334.54, "Plan Rows": 100000, "Plan Width": 12, "Plans": [{"Node Type": "Index Scan", "Parent Relationship": "Outer", "Scan Direction": "Forward", "Index Name": "supplier_pkey", "Relation Name": "supplier", "Alias": "supplier", "Startup Cost": 0.0, "Total Cost": 5334.54, "Plan Rows": 100000, "Plan Width": 12}]}]}, {"Node Type": "Index Scan", "Parent Relationship": "Inner", "Scan Direction": "Forward", "Index Name": "idx_lineitem_part_supp", "Relation Name": "lineitem", "Alias": "lineitem", "Startup Cost": 0.0, "Total Cost": 1.13, "Plan Rows": 1, "Plan Width": 48, "Index Cond": "((l_partkey = partsupp.ps_partkey) AND (l_suppkey = partsupp.ps_suppkey))"}]}, {"Node Type": "Index Scan", "Parent Relationship": "Inner", "Scan Direction": "Forward", "Index Name": "orders_pkey", "Relation Name": "orders", "Alias": "orders", "Startup Cost": 0.0, "Total Cost": 0.29, "Plan Rows": 1, "Plan Width": 16, "Index Cond": "(o_orderkey = lineitem.l_orderkey)"}]}, {"Node Type": "Index Scan", "Parent Relationship": "Inner", "Scan Direction": "Forward", "Index Name": "nation_pkey", "Relation Name": "nation", "Alias": "nation", "Startup Cost": 0.0, "Total Cost": 0.27, "Plan Rows": 1, "Plan Width": 30, "Index Cond": "(n_nationkey = supplier.s_nationkey)"}]}]}]}, "Unique SQL Id": 3628361425}, "explain_analyze_plan": {"Plan": {"Node Type": "Sort", "Startup Cost": 701189.51, "Total Cost": 701189.52, "Plan Rows": 1, "Plan Width": 74, "Actual Startup Time": 56757.804, "Actual Total Time": 56757.818, "Actual Rows": 175, "Actual Loops": 1, "Sort Key": ["nation.n_name", "(date_part('year'::text, orders.o_orderdate)) DESC"], "Sort Method": "quicksort", "Sort Space Used": 52, "Sort Space Type": "Memory", "Plans": [{"Node Type": "Aggregate", "Strategy": "Hashed", "Parent Relationship": "Outer", "Startup Cost": 701189.49, "Total Cost": 701189.5, "Plan Rows": 1, "Plan Width": 74, "Actual Startup Time": 56757.401, "Actual Total Time": 56757.434, "Actual Rows": 175, "Actual Loops": 1, "Group By Key": ["nation.n_name", "date_part('year'::text, orders.o_orderdate)"], "Plans": [{"Node Type": "Nested Loop", "Parent Relationship": "Outer", "Join Type": "Inner", "Startup Cost": 6584.54, "Total Cost": 701189.47, "Plan Rows": 1, "Plan Width": 66, "Actual Startup Time": 106.399, "Actual Total Time": 52825.55, "Actual Rows": 3256948, "Actual Loops": 1, "Inner Unique": true, "Plans": [{"Node Type": "Nested Loop", "Parent Relationship": "Outer", "Join Type": "Inner", "Startup Cost": 6584.54, "Total Cost": 701189.19, "Plan Rows": 1, "Plan Width": 44, "Actual Startup Time": 106.363, "Actual Total Time": 44002.737, "Actual Rows": 3256948, "Actual Loops": 1, "Inner Unique": true, "Plans": [{"Node Type": "Nested Loop", "Parent Relationship": "Outer", "Join Type": "Inner", "Startup Cost": 6584.54, "Total Cost": 701188.89, "Plan Rows": 1, "Plan Width": 44, "Actual Startup Time": 106.34, "Actual Total Time": 16136.796, "Actual Rows": 3256948, "Actual Loops": 1, "Inner Unique": false, "Join Filter": "(supplier.s_suppkey = lineitem.l_suppkey)", "Rows Removed by Join Filter": 0, "Plans": [{"Node Type": "Hash Join", "Parent Relationship": "Outer", "Join Type": "Inner", "Startup Cost": 6584.54, "Total Cost": 557439.88, "Plan Rows": 125630, "Plan Width": 44, "Actual Startup Time": 106.3, "Actual Total Time": 3477.4, "Actual Rows": 434204, "Actual Loops": 1, "Inner Unique": true, "Hash Cond": "(partsupp.ps_suppkey = supplier.s_suppkey), (LLVM Optimized, Jit Execute)", "Plans": [{"Node Type": "Nested Loop", "Parent Relationship": "Outer", "Join Type": "Inner", "Startup Cost": 0.0, "Total Cost": 548625.29, "Plan Rows": 259666, "Plan Width": 32, "Actual Startup Time": 0.05, "Actual Total Time": 2916.216, "Actual Rows": 434204, "Actual Loops": 1, "Inner Unique": false, "Plans": [{"Node Type": "Index Scan", "Parent Relationship": "Outer", "Scan Direction": "Forward", "Index Name": "part_kpey", "Relation Name": "part", "Alias": "part", "Startup Cost": 0.0, "Total Cost": 105803.25, "Plan Rows": 89888, "Plan Width": 8, "Actual Startup Time": 0.038, "Actual Total Time": 1713.725, "Actual Rows": 108551, "Actual Loops": 1, "Filter": "((p_name)::text ~~ '%dim%'::text)", "Rows Removed by Filter": 1891449}, {"Node Type": "Index Scan", "Parent Relationship": "Inner", "Scan Direction": "Forward", "Index Name": "idx_partsupp_partkey", "Relation Name": "partsupp", "Alias": "partsupp", "Startup Cost": 0.0, "Total Cost": 4.9, "Plan Rows": 3, "Plan Width": 24, "Actual Startup Time": 698.665, "Actual Total Time": 994.397, "Actual Rows": 434204, "Actual Loops": 108551, "Index Cond": "(ps_partkey = part.p_partkey)", "Rows Removed by Index Recheck": 0}]}, {"Node Type": "Hash", "Parent Relationship": "Inner", "Startup Cost": 5334.54, "Total Cost": 5334.54, "Plan Rows": 100000, "Plan Width": 12, "Actual Startup Time": 106.06, "Actual Total Time": 106.06, "Actual Rows": 100000, "Actual Loops": 1, "Hash Buckets": 131072, "Hash Batches": 1, "Original Hash Batches": 1, "Peak Memory Usage": 4297, "Plans": [{"Node Type": "Index Scan", "Parent Relationship": "Outer", "Scan Direction": "Forward", "Index Name": "supplier_pkey", "Relation Name": "supplier", "Alias": "supplier", "Startup Cost": 0.0, "Total Cost": 5334.54, "Plan Rows": 100000, "Plan Width": 12, "Actual Startup Time": 0.019, "Actual Total Time": 76.575, "Actual Rows": 100000, "Actual Loops": 1}]}]}, {"Node Type": "Index Scan", "Parent Relationship": "Inner", "Scan Direction": "Forward", "Index Name": "idx_lineitem_part_supp", "Relation Name": "lineitem", "Alias": "lineitem", "Startup Cost": 0.0, "Total Cost": 1.13, "Plan Rows": 1, "Plan Width": 48, "Actual Startup Time": 3224.162, "Actual Total Time": 11011.239, "Actual Rows": 3256948, "Actual Loops": 434204, "Index Cond": "((l_partkey = partsupp.ps_partkey) AND (l_suppkey = partsupp.ps_suppkey))", "Rows Removed by Index Recheck": 0}]}, {"Node Type": "Index Scan", "Parent Relationship": "Inner", "Scan Direction": "Forward", "Index Name": "orders_pkey", "Relation Name": "orders", "Alias": "orders", "Startup Cost": 0.0, "Total Cost": 0.29, "Plan Rows": 1, "Plan Width": 16, "Actual Startup Time": 25102.62, "Actual Total Time": 25102.62, "Actual Rows": 3256948, "Actual Loops": 3256948, "Index Cond": "(o_orderkey = lineitem.l_orderkey)", "Rows Removed by Index Recheck": 0}]}, {"Node Type": "Index Scan", "Parent Relationship": "Inner", "Scan Direction": "Forward", "Index Name": "nation_pkey", "Relation Name": "nation", "Alias": "nation", "Startup Cost": 0.0, "Total Cost": 0.27, "Plan Rows": 1, "Plan Width": 30, "Actual Startup Time": 4713.432, "Actual Total Time": 4713.432, "Actual Rows": 3256948, "Actual Loops": 3256948, "Index Cond": "(n_nationkey = supplier.s_nationkey)", "Rows Removed by Index Recheck": 0}]}]}]}, "Triggers": [], "Planner Runtime": 33.85, "Total Runtime": 56766.913, "Unique SQL Id": 3628361425}}, "(16, 74)": {"explain_plan": {"Plan": {"Node Type": "Sort", "Startup Cost": 3188400.3, "Total Cost": 3188400.31, "Plan Rows": 1, "Plan Width": 74, "Sort Key": ["nation.n_name", "(date_part('year'::text, orders.o_orderdate)) DESC"], "Plans": [{"Node Type": "Aggregate", "Strategy": "Hashed", "Parent Relationship": "Outer", "Startup Cost": 3188400.28, "Total Cost": 3188400.29, "Plan Rows": 1, "Plan Width": 74, "Group By Key": ["nation.n_name", "date_part('year'::text, orders.o_orderdate)"], "Plans": [{"Node Type": "Hash Join", "Parent Relationship": "Outer", "Join Type": "Inner", "Startup Cost": 2705738.4, "Total Cost": 3188400.26, "Plan Rows": 1, "Plan Width": 66, "Inner Unique": true, "Hash Cond": "(supplier.s_nationkey = nation.n_nationkey)", "Plans": [{"Node Type": "Hash Join", "Parent Relationship": "Outer", "Join Type": "Inner", "Startup Cost": 2705736.84, "Total Cost": 3188398.68, "Plan Rows": 1, "Plan Width": 44, "Inner Unique": false, "Hash Cond": "(orders.o_orderkey = lineitem.l_orderkey)", "Plans": [{"Node Type": "Seq Scan", "Parent Relationship": "Outer", "Relation Name": "orders", "Alias": "orders", "Startup Cost": 0.0, "Total Cost": 426413.79, "Plan Rows": 14999479, "Plan Width": 16}, {"Node Type": "Hash", "Parent Relationship": "Inner", "Startup Cost": 2705736.82, "Total Cost": 2705736.82, "Plan Rows": 1, "Plan Width": 44, "Plans": [{"Node Type": "Hash Join", "Parent Relationship": "Outer", "Join Type": "Inner", "Startup Cost": 406202.19, "Total Cost": 2705736.82, "Plan Rows": 1, "Plan Width": 44, "Inner Unique": false, "Hash Cond": "((lineitem.l_suppkey = partsupp.ps_suppkey) AND (lineitem.l_partkey = partsupp.ps_partkey))", "Plans": [{"Node Type": "Hash Join", "Parent Relationship": "Outer", "Join Type": "Inner", "Startup Cost": 68067.6, "Total Cost": 2313089.96, "Plan Rows": 495566, "Plan Width": 56, "Inner Unique": true, "Hash Cond": "(lineitem.l_partkey = part.p_partkey), (LLVM Optimized)", "Plans": [{"Node Type": "Seq Scan", "Parent Relationship": "Outer", "Relation Name": "lineitem", "Alias": "lineitem", "Startup Cost": 0.0, "Total Cost": 2015115.33, "Plan Rows": 59987033, "Plan Width": 48}, {"Node Type": "Hash", "Parent Relationship": "Inner", "Startup Cost": 66944.0, "Total Cost": 66944.0, "Plan Rows": 89888, "Plan Width": 8, "Plans": [{"Node Type": "Seq Scan", "Parent Relationship": "Outer", "Relation Name": "part", "Alias": "part", "Startup Cost": 0.0, "Total Cost": 66944.0, "Plan Rows": 89888, "Plan Width": 8, "Filter": "((p_name)::text ~~ '%dim%'::text)"}]}]}, {"Node Type": "Hash", "Parent Relationship": "Inner", "Startup Cost": 317967.1, "Total Cost": 317967.1, "Plan Rows": 1344499, "Plan Width": 36, "Plans": [{"Node Type": "Hash Join", "Parent Relationship": "Outer", "Join Type": "Inner", "Startup Cost": 4533.0, "Total Cost": 317967.1, "Plan Rows": 1344499, "Plan Width": 36, "Inner Unique": true, "Hash Cond": "(partsupp.ps_suppkey = supplier.s_suppkey), (LLVM Optimized)", "Plans": [{"Node Type": "Seq Scan", "Parent Relationship": "Outer", "Relation Name": "partsupp", "Alias": "partsupp", "Startup Cost": 0.0, "Total Cost": 269987.72, "Plan Rows": 8000372, "Plan Width": 24}, {"Node Type": "Hash", "Parent Relationship": "Inner", "Startup Cost": 3283.0, "Total Cost": 3283.0, "Plan Rows": 100000, "Plan Width": 12, "Plans": [{"Node Type": "Seq Scan", "Parent Relationship": "Outer", "Relation Name": "supplier", "Alias": "supplier", "Startup Cost": 0.0, "Total Cost": 3283.0, "Plan Rows": 100000, "Plan Width": 12}]}]}]}]}]}]}, {"Node Type": "Hash", "Parent Relationship": "Inner", "Startup Cost": 1.25, "Total Cost": 1.25, "Plan Rows": 25, "Plan Width": 30, "Plans": [{"Node Type": "Seq Scan", "Parent Relationship": "Outer", "Relation Name": "nation", "Alias": "nation", "Startup Cost": 0.0, "Total Cost": 1.25, "Plan Rows": 25, "Plan Width": 30}]}]}]}]}, "Unique SQL Id": 3628361425}, "explain_analyze_plan": null}, "(16, 75)": {"explain_plan": {"Plan": {"Node Type": "Sort", "Startup Cost": 6000828275432.01, "Total Cost": 6000828275432.02, "Plan Rows": 1, "Plan Width": 74, "Sort Key": ["nation.n_name", "(date_part('year'::text, orders.o_orderdate)) DESC"], "Plans": [{"Node Type": "Aggregate", "Strategy": "Hashed", "Parent Relationship": "Outer", "Startup Cost": 6000828275431.99, "Total Cost": 6000828275432.0, "Plan Rows": 1, "Plan Width": 74, "Group By Key": ["nation.n_name", "date_part('year'::text, orders.o_orderdate)"], "Plans": [{"Node Type": "Nested Loop", "Parent Relationship": "Outer", "Join Type": "Inner", "Startup Cost": 1050079983415.84, "Total Cost": 6000828275431.97, "Plan Rows": 1, "Plan Width": 66, "Inner Unique": true, "Plans": [{"Node Type": "Nested Loop", "Parent Relationship": "Outer", "Join Type": "Inner", "Startup Cost": 1040079983415.84, "Total Cost": 5000828275404.95, "Plan Rows": 1, "Plan Width": 44, "Inner Unique": true, "Plans": [{"Node Type": "Hash Join", "Parent Relationship": "Outer", "Join Type": "Inner", "Startup Cost": 1030079983415.84, "Total Cost": 4000828275375.71, "Plan Rows": 1, "Plan Width": 44, "Inner Unique": true, "Hash Cond": "(lineitem.l_suppkey = supplier.s_suppkey)", "Plans": [{"Node Type": "Merge Join", "Parent Relationship": "Outer", "Join Type": "Inner", "Startup Cost": 30079448711.46, "Total Cost": 3000827740671.31, "Plan Rows": 2, "Plan Width": 56, "Inner Unique": true, "Merge Cond": "((lineitem.l_partkey = partsupp.ps_partkey) AND (lineitem.l_suppkey = partsupp.ps_suppkey))", "Plans": [{"Node Type": "Merge Join", "Parent Relationship": "Outer", "Join Type": "Inner", "Startup Cost": 20044055294.66, "Total Cost": 2000775115222.05, "Plan Rows": 495566, "Plan Width": 56, "Inner Unique": true, "Merge Cond": "(lineitem.l_partkey = part.p_partkey)", "Plans": [{"Node Type": "Index Scan", "Parent Relationship": "Outer", "Scan Direction": "Forward", "Index Name": "idx_lineitem_part_supp", "Relation Name": "lineitem", "Alias": "lineitem", "Startup Cost": 10000000000.0, "Total Cost": 1000775391319.64, "Plan Rows": 59987033, "Plan Width": 48}, {"Node Type": "Materialize", "Parent Relationship": "Inner", "Startup Cost": 10000000000.0, "Total Cost": 1000010580549.72, "Plan Rows": 89888, "Plan Width": 8, "Plans": [{"Node Type": "Index Scan", "Parent Relationship": "Outer", "Scan Direction": "Forward", "Index Name": "part_kpey", "Relation Name": "part", "Alias": "part", "Startup Cost": 10000000000.0, "Total Cost": 1000010580325.0, "Plan Rows": 89888, "Plan Width": 8, "Filter": "((p_name)::text ~~ '%dim%'::text)"}]}]}, {"Node Type": "Index Scan", "Parent Relationship": "Inner", "Scan Direction": "Forward", "Index Name": "partsupp_pkey", "Relation Name": "partsupp", "Alias": "partsupp", "Startup Cost": 10000000000.0, "Total Cost": 1000071640963.22, "Plan Rows": 8000372, "Plan Width": 24}]}, {"Node Type": "Hash", "Parent Relationship": "Inner", "Startup Cost": 1000000533454.38, "Total Cost": 1000000533454.38, "Plan Rows": 100000, "Plan Width": 12, "Plans": [{"Node Type": "Index Scan", "Parent Relationship": "Outer", "Scan Direction": "Forward", "Index Name": "supplier_pkey", "Relation Name": "supplier", "Alias": "supplier", "Startup Cost": 10000000000.0, "Total Cost": 1000000533454.38, "Plan Rows": 100000, "Plan Width": 12}]}]}, {"Node Type": "Index Scan", "Parent Relationship": "Inner", "Scan Direction": "Forward", "Index Name": "orders_pkey", "Relation Name": "orders", "Alias": "orders", "Startup Cost": 10000000000.0, "Total Cost": 1000000000029.23, "Plan Rows": 1, "Plan Width": 16, "Index Cond": "(o_orderkey = lineitem.l_orderkey)"}]}, {"Node Type": "Index Scan", "Parent Relationship": "Inner", "Scan Direction": "Forward", "Index Name": "nation_pkey", "Relation Name": "nation", "Alias": "nation", "Startup Cost": 10000000000.0, "Total Cost": 1000000000027.01, "Plan Rows": 1, "Plan Width": 30, "Index Cond": "(n_nationkey = supplier.s_nationkey)"}]}]}]}, "Unique SQL Id": 3628361425}, "explain_analyze_plan": null}, "(16, 76)": {"explain_plan": {"Plan": {"Node Type": "Sort", "Startup Cost": 521166.05, "Total Cost": 521166.06, "Plan Rows": 1, "Plan Width": 74, "Sort Key": ["nation.n_name", "(date_part('year'::text, orders.o_orderdate)) DESC"], "Plans": [{"Node Type": "Aggregate", "Strategy": "Hashed", "Parent Relationship": "Outer", "Startup Cost": 521166.03, "Total Cost": 521166.04, "Plan Rows": 1, "Plan Width": 74, "Group By Key": ["nation.n_name", "date_part('year'::text, orders.o_orderdate)"], "Plans": [{"Node Type": "Nested Loop", "Parent Relationship": "Outer", "Join Type": "Inner", "Startup Cost": 72600.6, "Total Cost": 521166.01, "Plan Rows": 1, "Plan Width": 66, "Inner Unique": true, "Plans": [{"Node Type": "Nested Loop", "Parent Relationship": "Outer", "Join Type": "Inner", "Startup Cost": 72600.6, "Total Cost": 521165.73, "Plan Rows": 1, "Plan Width": 44, "Inner Unique": true, "Plans": [{"Node Type": "Nested Loop", "Parent Relationship": "Outer", "Join Type": "Inner", "Startup Cost": 72600.6, "Total Cost": 521165.43, "Plan Rows": 1, "Plan Width": 44, "Inner Unique": false, "Join Filter": "(supplier.s_suppkey = lineitem.l_suppkey)", "Plans": [{"Node Type": "Hash Join", "Parent Relationship": "Outer", "Join Type": "Inner", "Startup Cost": 72600.6, "Total Cost": 377416.42, "Plan Rows": 125630, "Plan Width": 44, "Inner Unique": true, "Hash Cond": "(partsupp.ps_suppkey = supplier.s_suppkey), (LLVM Optimized)", "Plans": [{"Node Type": "Hash Join", "Parent Relationship": "Outer", "Join Type": "Inner", "Startup Cost": 68067.6, "Total Cost": 370653.38, "Plan Rows": 259666, "Plan Width": 32, "Inner Unique": true, "Hash Cond": "(partsupp.ps_partkey = part.p_partkey), (LLVM Optimized)", "Plans": [{"Node Type": "Seq Scan", "Parent Relationship": "Outer", "Relation Name": "partsupp", "Alias": "partsupp", "Startup Cost": 0.0, "Total Cost": 269987.72, "Plan Rows": 8000372, "Plan Width": 24}, {"Node Type": "Hash", "Parent Relationship": "Inner", "Startup Cost": 66944.0, "Total Cost": 66944.0, "Plan Rows": 89888, "Plan Width": 8, "Plans": [{"Node Type": "Seq Scan", "Parent Relationship": "Outer", "Relation Name": "part", "Alias": "part", "Startup Cost": 0.0, "Total Cost": 66944.0, "Plan Rows": 89888, "Plan Width": 8, "Filter": "((p_name)::text ~~ '%dim%'::text)"}]}]}, {"Node Type": "Hash", "Parent Relationship": "Inner", "Startup Cost": 3283.0, "Total Cost": 3283.0, "Plan Rows": 100000, "Plan Width": 12, "Plans": [{"Node Type": "Seq Scan", "Parent Relationship": "Outer", "Relation Name": "supplier", "Alias": "supplier", "Startup Cost": 0.0, "Total Cost": 3283.0, "Plan Rows": 100000, "Plan Width": 12}]}]}, {"Node Type": "Index Scan", "Parent Relationship": "Inner", "Scan Direction": "Forward", "Index Name": "idx_lineitem_part_supp", "Relation Name": "lineitem", "Alias": "lineitem", "Startup Cost": 0.0, "Total Cost": 1.13, "Plan Rows": 1, "Plan Width": 48, "Index Cond": "((l_partkey = partsupp.ps_partkey) AND (l_suppkey = partsupp.ps_suppkey))"}]}, {"Node Type": "Index Scan", "Parent Relationship": "Inner", "Scan Direction": "Forward", "Index Name": "orders_pkey", "Relation Name": "orders", "Alias": "orders", "Startup Cost": 0.0, "Total Cost": 0.29, "Plan Rows": 1, "Plan Width": 16, "Index Cond": "(o_orderkey = lineitem.l_orderkey)"}]}, {"Node Type": "Index Scan", "Parent Relationship": "Inner", "Scan Direction": "Forward", "Index Name": "nation_pkey", "Relation Name": "nation", "Alias": "nation", "Startup Cost": 0.0, "Total Cost": 0.27, "Plan Rows": 1, "Plan Width": 30, "Index Cond": "(n_nationkey = supplier.s_nationkey)"}]}]}]}, "Unique SQL Id": 3628361425}, "explain_analyze_plan": {"Plan": {"Node Type": "Sort", "Startup Cost": 521166.05, "Total Cost": 521166.06, "Plan Rows": 1, "Plan Width": 74, "Actual Startup Time": 58612.397, "Actual Total Time": 58612.409, "Actual Rows": 175, "Actual Loops": 1, "Sort Key": ["nation.n_name", "(date_part('year'::text, orders.o_orderdate)) DESC"], "Sort Method": "quicksort", "Sort Space Used": 52, "Sort Space Type": "Memory", "Plans": [{"Node Type": "Aggregate", "Strategy": "Hashed", "Parent Relationship": "Outer", "Startup Cost": 521166.03, "Total Cost": 521166.04, "Plan Rows": 1, "Plan Width": 74, "Actual Startup Time": 58611.995, "Actual Total Time": 58612.032, "Actual Rows": 175, "Actual Loops": 1, "Group By Key": ["nation.n_name", "date_part('year'::text, orders.o_orderdate)"], "Plans": [{"Node Type": "Nested Loop", "Parent Relationship": "Outer", "Join Type": "Inner", "Startup Cost": 72600.6, "Total Cost": 521166.01, "Plan Rows": 1, "Plan Width": 66, "Actual Startup Time": 1104.953, "Actual Total Time": 54814.063, "Actual Rows": 3256948, "Actual Loops": 1, "Inner Unique": true, "Plans": [{"Node Type": "Nested Loop", "Parent Relationship": "Outer", "Join Type": "Inner", "Startup Cost": 72600.6, "Total Cost": 521165.73, "Plan Rows": 1, "Plan Width": 44, "Actual Startup Time": 1104.916, "Actual Total Time": 46326.692, "Actual Rows": 3256948, "Actual Loops": 1, "Inner Unique": true, "Plans": [{"Node Type": "Nested Loop", "Parent Relationship": "Outer", "Join Type": "Inner", "Startup Cost": 72600.6, "Total Cost": 521165.43, "Plan Rows": 1, "Plan Width": 44, "Actual Startup Time": 1104.891, "Actual Total Time": 18807.178, "Actual Rows": 3256948, "Actual Loops": 1, "Inner Unique": false, "Join Filter": "(supplier.s_suppkey = lineitem.l_suppkey)", "Rows Removed by Join Filter": 0, "Plans": [{"Node Type": "Hash Join", "Parent Relationship": "Outer", "Join Type": "Inner", "Startup Cost": 72600.6, "Total Cost": 377416.42, "Plan Rows": 125630, "Plan Width": 44, "Actual Startup Time": 1104.824, "Actual Total Time": 6240.661, "Actual Rows": 434204, "Actual Loops": 1, "Inner Unique": true, "Hash Cond": "(partsupp.ps_suppkey = supplier.s_suppkey), (LLVM Optimized, Jit Execute)", "Plans": [{"Node Type": "Hash Join", "Parent Relationship": "Outer", "Join Type": "Inner", "Startup Cost": 68067.6, "Total Cost": 370653.38, "Plan Rows": 259666, "Plan Width": 32, "Actual Startup Time": 1036.673, "Actual Total Time": 5757.994, "Actual Rows": 434204, "Actual Loops": 1, "Inner Unique": true, "Hash Cond": "(partsupp.ps_partkey = part.p_partkey), (LLVM Optimized, Jit Execute)", "Plans": [{"Node Type": "Seq Scan", "Parent Relationship": "Outer", "Relation Name": "partsupp", "Alias": "partsupp", "Startup Cost": 0.0, "Total Cost": 269987.72, "Plan Rows": 8000372, "Plan Width": 24, "Actual Startup Time": 0.025, "Actual Total Time": 2548.053, "Actual Rows": 8000000, "Actual Loops": 1}, {"Node Type": "Hash", "Parent Relationship": "Inner", "Startup Cost": 66944.0, "Total Cost": 66944.0, "Plan Rows": 89888, "Plan Width": 8, "Actual Startup Time": 1036.439, "Actual Total Time": 1036.439, "Actual Rows": 108551, "Actual Loops": 1, "Hash Buckets": 131072, "Hash Batches": 1, "Original Hash Batches": 1, "Peak Memory Usage": 4241, "Plans": [{"Node Type": "Seq Scan", "Parent Relationship": "Outer", "Relation Name": "part", "Alias": "part", "Startup Cost": 0.0, "Total Cost": 66944.0, "Plan Rows": 89888, "Plan Width": 8, "Actual Startup Time": 0.035, "Actual Total Time": 998.743, "Actual Rows": 108551, "Actual Loops": 1, "Filter": "((p_name)::text ~~ '%dim%'::text)", "Rows Removed by Filter": 1891449}]}]}, {"Node Type": "Hash", "Parent Relationship": "Inner", "Startup Cost": 3283.0, "Total Cost": 3283.0, "Plan Rows": 100000, "Plan Width": 12, "Actual Startup Time": 67.975, "Actual Total Time": 67.975, "Actual Rows": 100000, "Actual Loops": 1, "Hash Buckets": 131072, "Hash Batches": 1, "Original Hash Batches": 1, "Peak Memory Usage": 4297, "Plans": [{"Node Type": "Seq Scan", "Parent Relationship": "Outer", "Relation Name": "supplier", "Alias": "supplier", "Startup Cost": 0.0, "Total Cost": 3283.0, "Plan Rows": 100000, "Plan Width": 12, "Actual Startup Time": 0.02, "Actual Total Time": 39.334, "Actual Rows": 100000, "Actual Loops": 1}]}]}, {"Node Type": "Index Scan", "Parent Relationship": "Inner", "Scan Direction": "Forward", "Index Name": "idx_lineitem_part_supp", "Relation Name": "lineitem", "Alias": "lineitem", "Startup Cost": 0.0, "Total Cost": 1.13, "Plan Rows": 1, "Plan Width": 48, "Actual Startup Time": 3206.079, "Actual Total Time": 10926.206, "Actual Rows": 3256948, "Actual Loops": 434204, "Index Cond": "((l_partkey = partsupp.ps_partkey) AND (l_suppkey = partsupp.ps_suppkey))", "Rows Removed by Index Recheck": 0}]}, {"Node Type": "Index Scan", "Parent Relationship": "Inner", "Scan Direction": "Forward", "Index Name": "orders_pkey", "Relation Name": "orders", "Alias": "orders", "Startup Cost": 0.0, "Total Cost": 0.29, "Plan Rows": 1, "Plan Width": 16, "Actual Startup Time": 24822.179, "Actual Total Time": 24822.179, "Actual Rows": 3256948, "Actual Loops": 3256948, "Index Cond": "(o_orderkey = lineitem.l_orderkey)", "Rows Removed by Index Recheck": 0}]}, {"Node Type": "Index Scan", "Parent Relationship": "Inner", "Scan Direction": "Forward", "Index Name": "nation_pkey", "Relation Name": "nation", "Alias": "nation", "Startup Cost": 0.0, "Total Cost": 0.27, "Plan Rows": 1, "Plan Width": 30, "Actual Startup Time": 4488.603, "Actual Total Time": 4488.603, "Actual Rows": 3256948, "Actual Loops": 3256948, "Index Cond": "(n_nationkey = supplier.s_nationkey)", "Rows Removed by Index Recheck": 0}]}]}]}, "Triggers": [], "Planner Runtime": 34.971, "Total Runtime": 58621.827, "Unique SQL Id": 3628361425}}, "(16, 77)": {"explain_plan": {"Plan": {"Node Type": "Sort", "Startup Cost": 701189.51, "Total Cost": 701189.52, "Plan Rows": 1, "Plan Width": 74, "Sort Key": ["nation.n_name", "(date_part('year'::text, orders.o_orderdate)) DESC"], "Plans": [{"Node Type": "Aggregate", "Strategy": "Hashed", "Parent Relationship": "Outer", "Startup Cost": 701189.49, "Total Cost": 701189.5, "Plan Rows": 1, "Plan Width": 74, "Group By Key": ["nation.n_name", "date_part('year'::text, orders.o_orderdate)"], "Plans": [{"Node Type": "Nested Loop", "Parent Relationship": "Outer", "Join Type": "Inner", "Startup Cost": 6584.54, "Total Cost": 701189.47, "Plan Rows": 1, "Plan Width": 66, "Inner Unique": true, "Plans": [{"Node Type": "Nested Loop", "Parent Relationship": "Outer", "Join Type": "Inner", "Startup Cost": 6584.54, "Total Cost": 701189.19, "Plan Rows": 1, "Plan Width": 44, "Inner Unique": true, "Plans": [{"Node Type": "Nested Loop", "Parent Relationship": "Outer", "Join Type": "Inner", "Startup Cost": 6584.54, "Total Cost": 701188.89, "Plan Rows": 1, "Plan Width": 44, "Inner Unique": false, "Join Filter": "(supplier.s_suppkey = lineitem.l_suppkey)", "Plans": [{"Node Type": "Hash Join", "Parent Relationship": "Outer", "Join Type": "Inner", "Startup Cost": 6584.54, "Total Cost": 557439.88, "Plan Rows": 125630, "Plan Width": 44, "Inner Unique": true, "Hash Cond": "(partsupp.ps_suppkey = supplier.s_suppkey), (LLVM Optimized)", "Plans": [{"Node Type": "Nested Loop", "Parent Relationship": "Outer", "Join Type": "Inner", "Startup Cost": 0.0, "Total Cost": 548625.29, "Plan Rows": 259666, "Plan Width": 32, "Inner Unique": false, "Plans": [{"Node Type": "Index Scan", "Parent Relationship": "Outer", "Scan Direction": "Forward", "Index Name": "part_kpey", "Relation Name": "part", "Alias": "part", "Startup Cost": 0.0, "Total Cost": 105803.25, "Plan Rows": 89888, "Plan Width": 8, "Filter": "((p_name)::text ~~ '%dim%'::text)"}, {"Node Type": "Index Scan", "Parent Relationship": "Inner", "Scan Direction": "Forward", "Index Name": "idx_partsupp_partkey", "Relation Name": "partsupp", "Alias": "partsupp", "Startup Cost": 0.0, "Total Cost": 4.9, "Plan Rows": 3, "Plan Width": 24, "Index Cond": "(ps_partkey = part.p_partkey)"}]}, {"Node Type": "Hash", "Parent Relationship": "Inner", "Startup Cost": 5334.54, "Total Cost": 5334.54, "Plan Rows": 100000, "Plan Width": 12, "Plans": [{"Node Type": "Index Scan", "Parent Relationship": "Outer", "Scan Direction": "Forward", "Index Name": "supplier_pkey", "Relation Name": "supplier", "Alias": "supplier", "Startup Cost": 0.0, "Total Cost": 5334.54, "Plan Rows": 100000, "Plan Width": 12}]}]}, {"Node Type": "Index Scan", "Parent Relationship": "Inner", "Scan Direction": "Forward", "Index Name": "idx_lineitem_part_supp", "Relation Name": "lineitem", "Alias": "lineitem", "Startup Cost": 0.0, "Total Cost": 1.13, "Plan Rows": 1, "Plan Width": 48, "Index Cond": "((l_partkey = partsupp.ps_partkey) AND (l_suppkey = partsupp.ps_suppkey))"}]}, {"Node Type": "Index Scan", "Parent Relationship": "Inner", "Scan Direction": "Forward", "Index Name": "orders_pkey", "Relation Name": "orders", "Alias": "orders", "Startup Cost": 0.0, "Total Cost": 0.29, "Plan Rows": 1, "Plan Width": 16, "Index Cond": "(o_orderkey = lineitem.l_orderkey)"}]}, {"Node Type": "Index Scan", "Parent Relationship": "Inner", "Scan Direction": "Forward", "Index Name": "nation_pkey", "Relation Name": "nation", "Alias": "nation", "Startup Cost": 0.0, "Total Cost": 0.27, "Plan Rows": 1, "Plan Width": 30, "Index Cond": "(n_nationkey = supplier.s_nationkey)"}]}]}]}, "Unique SQL Id": 3628361425}, "explain_analyze_plan": {"Plan": {"Node Type": "Sort", "Startup Cost": 701189.51, "Total Cost": 701189.52, "Plan Rows": 1, "Plan Width": 74, "Actual Startup Time": 56757.804, "Actual Total Time": 56757.818, "Actual Rows": 175, "Actual Loops": 1, "Sort Key": ["nation.n_name", "(date_part('year'::text, orders.o_orderdate)) DESC"], "Sort Method": "quicksort", "Sort Space Used": 52, "Sort Space Type": "Memory", "Plans": [{"Node Type": "Aggregate", "Strategy": "Hashed", "Parent Relationship": "Outer", "Startup Cost": 701189.49, "Total Cost": 701189.5, "Plan Rows": 1, "Plan Width": 74, "Actual Startup Time": 56757.401, "Actual Total Time": 56757.434, "Actual Rows": 175, "Actual Loops": 1, "Group By Key": ["nation.n_name", "date_part('year'::text, orders.o_orderdate)"], "Plans": [{"Node Type": "Nested Loop", "Parent Relationship": "Outer", "Join Type": "Inner", "Startup Cost": 6584.54, "Total Cost": 701189.47, "Plan Rows": 1, "Plan Width": 66, "Actual Startup Time": 106.399, "Actual Total Time": 52825.55, "Actual Rows": 3256948, "Actual Loops": 1, "Inner Unique": true, "Plans": [{"Node Type": "Nested Loop", "Parent Relationship": "Outer", "Join Type": "Inner", "Startup Cost": 6584.54, "Total Cost": 701189.19, "Plan Rows": 1, "Plan Width": 44, "Actual Startup Time": 106.363, "Actual Total Time": 44002.737, "Actual Rows": 3256948, "Actual Loops": 1, "Inner Unique": true, "Plans": [{"Node Type": "Nested Loop", "Parent Relationship": "Outer", "Join Type": "Inner", "Startup Cost": 6584.54, "Total Cost": 701188.89, "Plan Rows": 1, "Plan Width": 44, "Actual Startup Time": 106.34, "Actual Total Time": 16136.796, "Actual Rows": 3256948, "Actual Loops": 1, "Inner Unique": false, "Join Filter": "(supplier.s_suppkey = lineitem.l_suppkey)", "Rows Removed by Join Filter": 0, "Plans": [{"Node Type": "Hash Join", "Parent Relationship": "Outer", "Join Type": "Inner", "Startup Cost": 6584.54, "Total Cost": 557439.88, "Plan Rows": 125630, "Plan Width": 44, "Actual Startup Time": 106.3, "Actual Total Time": 3477.4, "Actual Rows": 434204, "Actual Loops": 1, "Inner Unique": true, "Hash Cond": "(partsupp.ps_suppkey = supplier.s_suppkey), (LLVM Optimized, Jit Execute)", "Plans": [{"Node Type": "Nested Loop", "Parent Relationship": "Outer", "Join Type": "Inner", "Startup Cost": 0.0, "Total Cost": 548625.29, "Plan Rows": 259666, "Plan Width": 32, "Actual Startup Time": 0.05, "Actual Total Time": 2916.216, "Actual Rows": 434204, "Actual Loops": 1, "Inner Unique": false, "Plans": [{"Node Type": "Index Scan", "Parent Relationship": "Outer", "Scan Direction": "Forward", "Index Name": "part_kpey", "Relation Name": "part", "Alias": "part", "Startup Cost": 0.0, "Total Cost": 105803.25, "Plan Rows": 89888, "Plan Width": 8, "Actual Startup Time": 0.038, "Actual Total Time": 1713.725, "Actual Rows": 108551, "Actual Loops": 1, "Filter": "((p_name)::text ~~ '%dim%'::text)", "Rows Removed by Filter": 1891449}, {"Node Type": "Index Scan", "Parent Relationship": "Inner", "Scan Direction": "Forward", "Index Name": "idx_partsupp_partkey", "Relation Name": "partsupp", "Alias": "partsupp", "Startup Cost": 0.0, "Total Cost": 4.9, "Plan Rows": 3, "Plan Width": 24, "Actual Startup Time": 698.665, "Actual Total Time": 994.397, "Actual Rows": 434204, "Actual Loops": 108551, "Index Cond": "(ps_partkey = part.p_partkey)", "Rows Removed by Index Recheck": 0}]}, {"Node Type": "Hash", "Parent Relationship": "Inner", "Startup Cost": 5334.54, "Total Cost": 5334.54, "Plan Rows": 100000, "Plan Width": 12, "Actual Startup Time": 106.06, "Actual Total Time": 106.06, "Actual Rows": 100000, "Actual Loops": 1, "Hash Buckets": 131072, "Hash Batches": 1, "Original Hash Batches": 1, "Peak Memory Usage": 4297, "Plans": [{"Node Type": "Index Scan", "Parent Relationship": "Outer", "Scan Direction": "Forward", "Index Name": "supplier_pkey", "Relation Name": "supplier", "Alias": "supplier", "Startup Cost": 0.0, "Total Cost": 5334.54, "Plan Rows": 100000, "Plan Width": 12, "Actual Startup Time": 0.019, "Actual Total Time": 76.575, "Actual Rows": 100000, "Actual Loops": 1}]}]}, {"Node Type": "Index Scan", "Parent Relationship": "Inner", "Scan Direction": "Forward", "Index Name": "idx_lineitem_part_supp", "Relation Name": "lineitem", "Alias": "lineitem", "Startup Cost": 0.0, "Total Cost": 1.13, "Plan Rows": 1, "Plan Width": 48, "Actual Startup Time": 3224.162, "Actual Total Time": 11011.239, "Actual Rows": 3256948, "Actual Loops": 434204, "Index Cond": "((l_partkey = partsupp.ps_partkey) AND (l_suppkey = partsupp.ps_suppkey))", "Rows Removed by Index Recheck": 0}]}, {"Node Type": "Index Scan", "Parent Relationship": "Inner", "Scan Direction": "Forward", "Index Name": "orders_pkey", "Relation Name": "orders", "Alias": "orders", "Startup Cost": 0.0, "Total Cost": 0.29, "Plan Rows": 1, "Plan Width": 16, "Actual Startup Time": 25102.62, "Actual Total Time": 25102.62, "Actual Rows": 3256948, "Actual Loops": 3256948, "Index Cond": "(o_orderkey = lineitem.l_orderkey)", "Rows Removed by Index Recheck": 0}]}, {"Node Type": "Index Scan", "Parent Relationship": "Inner", "Scan Direction": "Forward", "Index Name": "nation_pkey", "Relation Name": "nation", "Alias": "nation", "Startup Cost": 0.0, "Total Cost": 0.27, "Plan Rows": 1, "Plan Width": 30, "Actual Startup Time": 4713.432, "Actual Total Time": 4713.432, "Actual Rows": 3256948, "Actual Loops": 3256948, "Index Cond": "(n_nationkey = supplier.s_nationkey)", "Rows Removed by Index Recheck": 0}]}]}]}, "Triggers": [], "Planner Runtime": 33.85, "Total Runtime": 56766.913, "Unique SQL Id": 3628361425}}, "(16, 78)": {"explain_plan": {"Plan": {"Node Type": "Sort", "Startup Cost": 3188400.3, "Total Cost": 3188400.31, "Plan Rows": 1, "Plan Width": 74, "Sort Key": ["nation.n_name", "(date_part('year'::text, orders.o_orderdate)) DESC"], "Plans": [{"Node Type": "Aggregate", "Strategy": "Hashed", "Parent Relationship": "Outer", "Startup Cost": 3188400.28, "Total Cost": 3188400.29, "Plan Rows": 1, "Plan Width": 74, "Group By Key": ["nation.n_name", "date_part('year'::text, orders.o_orderdate)"], "Plans": [{"Node Type": "Hash Join", "Parent Relationship": "Outer", "Join Type": "Inner", "Startup Cost": 2705738.4, "Total Cost": 3188400.26, "Plan Rows": 1, "Plan Width": 66, "Inner Unique": true, "Hash Cond": "(supplier.s_nationkey = nation.n_nationkey)", "Plans": [{"Node Type": "Hash Join", "Parent Relationship": "Outer", "Join Type": "Inner", "Startup Cost": 2705736.84, "Total Cost": 3188398.68, "Plan Rows": 1, "Plan Width": 44, "Inner Unique": false, "Hash Cond": "(orders.o_orderkey = lineitem.l_orderkey)", "Plans": [{"Node Type": "Seq Scan", "Parent Relationship": "Outer", "Relation Name": "orders", "Alias": "orders", "Startup Cost": 0.0, "Total Cost": 426413.79, "Plan Rows": 14999479, "Plan Width": 16}, {"Node Type": "Hash", "Parent Relationship": "Inner", "Startup Cost": 2705736.82, "Total Cost": 2705736.82, "Plan Rows": 1, "Plan Width": 44, "Plans": [{"Node Type": "Hash Join", "Parent Relationship": "Outer", "Join Type": "Inner", "Startup Cost": 406202.19, "Total Cost": 2705736.82, "Plan Rows": 1, "Plan Width": 44, "Inner Unique": false, "Hash Cond": "((lineitem.l_suppkey = partsupp.ps_suppkey) AND (lineitem.l_partkey = partsupp.ps_partkey))", "Plans": [{"Node Type": "Hash Join", "Parent Relationship": "Outer", "Join Type": "Inner", "Startup Cost": 68067.6, "Total Cost": 2313089.96, "Plan Rows": 495566, "Plan Width": 56, "Inner Unique": true, "Hash Cond": "(lineitem.l_partkey = part.p_partkey), (LLVM Optimized)", "Plans": [{"Node Type": "Seq Scan", "Parent Relationship": "Outer", "Relation Name": "lineitem", "Alias": "lineitem", "Startup Cost": 0.0, "Total Cost": 2015115.33, "Plan Rows": 59987033, "Plan Width": 48}, {"Node Type": "Hash", "Parent Relationship": "Inner", "Startup Cost": 66944.0, "Total Cost": 66944.0, "Plan Rows": 89888, "Plan Width": 8, "Plans": [{"Node Type": "Seq Scan", "Parent Relationship": "Outer", "Relation Name": "part", "Alias": "part", "Startup Cost": 0.0, "Total Cost": 66944.0, "Plan Rows": 89888, "Plan Width": 8, "Filter": "((p_name)::text ~~ '%dim%'::text)"}]}]}, {"Node Type": "Hash", "Parent Relationship": "Inner", "Startup Cost": 317967.1, "Total Cost": 317967.1, "Plan Rows": 1344499, "Plan Width": 36, "Plans": [{"Node Type": "Hash Join", "Parent Relationship": "Outer", "Join Type": "Inner", "Startup Cost": 4533.0, "Total Cost": 317967.1, "Plan Rows": 1344499, "Plan Width": 36, "Inner Unique": true, "Hash Cond": "(partsupp.ps_suppkey = supplier.s_suppkey), (LLVM Optimized)", "Plans": [{"Node Type": "Seq Scan", "Parent Relationship": "Outer", "Relation Name": "partsupp", "Alias": "partsupp", "Startup Cost": 0.0, "Total Cost": 269987.72, "Plan Rows": 8000372, "Plan Width": 24}, {"Node Type": "Hash", "Parent Relationship": "Inner", "Startup Cost": 3283.0, "Total Cost": 3283.0, "Plan Rows": 100000, "Plan Width": 12, "Plans": [{"Node Type": "Seq Scan", "Parent Relationship": "Outer", "Relation Name": "supplier", "Alias": "supplier", "Startup Cost": 0.0, "Total Cost": 3283.0, "Plan Rows": 100000, "Plan Width": 12}]}]}]}]}]}]}, {"Node Type": "Hash", "Parent Relationship": "Inner", "Startup Cost": 1.25, "Total Cost": 1.25, "Plan Rows": 25, "Plan Width": 30, "Plans": [{"Node Type": "Seq Scan", "Parent Relationship": "Outer", "Relation Name": "nation", "Alias": "nation", "Startup Cost": 0.0, "Total Cost": 1.25, "Plan Rows": 25, "Plan Width": 30}]}]}]}]}, "Unique SQL Id": 3628361425}, "explain_analyze_plan": null}, "(16, 79)": {"explain_plan": {"Plan": {"Node Type": "Sort", "Startup Cost": 6000828275432.01, "Total Cost": 6000828275432.02, "Plan Rows": 1, "Plan Width": 74, "Sort Key": ["nation.n_name", "(date_part('year'::text, orders.o_orderdate)) DESC"], "Plans": [{"Node Type": "Aggregate", "Strategy": "Hashed", "Parent Relationship": "Outer", "Startup Cost": 6000828275431.99, "Total Cost": 6000828275432.0, "Plan Rows": 1, "Plan Width": 74, "Group By Key": ["nation.n_name", "date_part('year'::text, orders.o_orderdate)"], "Plans": [{"Node Type": "Nested Loop", "Parent Relationship": "Outer", "Join Type": "Inner", "Startup Cost": 1050079983415.84, "Total Cost": 6000828275431.97, "Plan Rows": 1, "Plan Width": 66, "Inner Unique": true, "Plans": [{"Node Type": "Nested Loop", "Parent Relationship": "Outer", "Join Type": "Inner", "Startup Cost": 1040079983415.84, "Total Cost": 5000828275404.95, "Plan Rows": 1, "Plan Width": 44, "Inner Unique": true, "Plans": [{"Node Type": "Hash Join", "Parent Relationship": "Outer", "Join Type": "Inner", "Startup Cost": 1030079983415.84, "Total Cost": 4000828275375.71, "Plan Rows": 1, "Plan Width": 44, "Inner Unique": true, "Hash Cond": "(lineitem.l_suppkey = supplier.s_suppkey)", "Plans": [{"Node Type": "Merge Join", "Parent Relationship": "Outer", "Join Type": "Inner", "Startup Cost": 30079448711.46, "Total Cost": 3000827740671.31, "Plan Rows": 2, "Plan Width": 56, "Inner Unique": true, "Merge Cond": "((lineitem.l_partkey = partsupp.ps_partkey) AND (lineitem.l_suppkey = partsupp.ps_suppkey))", "Plans": [{"Node Type": "Merge Join", "Parent Relationship": "Outer", "Join Type": "Inner", "Startup Cost": 20044055294.66, "Total Cost": 2000775115222.05, "Plan Rows": 495566, "Plan Width": 56, "Inner Unique": true, "Merge Cond": "(lineitem.l_partkey = part.p_partkey)", "Plans": [{"Node Type": "Index Scan", "Parent Relationship": "Outer", "Scan Direction": "Forward", "Index Name": "idx_lineitem_part_supp", "Relation Name": "lineitem", "Alias": "lineitem", "Startup Cost": 10000000000.0, "Total Cost": 1000775391319.64, "Plan Rows": 59987033, "Plan Width": 48}, {"Node Type": "Materialize", "Parent Relationship": "Inner", "Startup Cost": 10000000000.0, "Total Cost": 1000010580549.72, "Plan Rows": 89888, "Plan Width": 8, "Plans": [{"Node Type": "Index Scan", "Parent Relationship": "Outer", "Scan Direction": "Forward", "Index Name": "part_kpey", "Relation Name": "part", "Alias": "part", "Startup Cost": 10000000000.0, "Total Cost": 1000010580325.0, "Plan Rows": 89888, "Plan Width": 8, "Filter": "((p_name)::text ~~ '%dim%'::text)"}]}]}, {"Node Type": "Index Scan", "Parent Relationship": "Inner", "Scan Direction": "Forward", "Index Name": "partsupp_pkey", "Relation Name": "partsupp", "Alias": "partsupp", "Startup Cost": 10000000000.0, "Total Cost": 1000071640963.22, "Plan Rows": 8000372, "Plan Width": 24}]}, {"Node Type": "Hash", "Parent Relationship": "Inner", "Startup Cost": 1000000533454.38, "Total Cost": 1000000533454.38, "Plan Rows": 100000, "Plan Width": 12, "Plans": [{"Node Type": "Index Scan", "Parent Relationship": "Outer", "Scan Direction": "Forward", "Index Name": "supplier_pkey", "Relation Name": "supplier", "Alias": "supplier", "Startup Cost": 10000000000.0, "Total Cost": 1000000533454.38, "Plan Rows": 100000, "Plan Width": 12}]}]}, {"Node Type": "Index Scan", "Parent Relationship": "Inner", "Scan Direction": "Forward", "Index Name": "orders_pkey", "Relation Name": "orders", "Alias": "orders", "Startup Cost": 10000000000.0, "Total Cost": 1000000000029.23, "Plan Rows": 1, "Plan Width": 16, "Index Cond": "(o_orderkey = lineitem.l_orderkey)"}]}, {"Node Type": "Index Scan", "Parent Relationship": "Inner", "Scan Direction": "Forward", "Index Name": "nation_pkey", "Relation Name": "nation", "Alias": "nation", "Startup Cost": 10000000000.0, "Total Cost": 1000000000027.01, "Plan Rows": 1, "Plan Width": 30, "Index Cond": "(n_nationkey = supplier.s_nationkey)"}]}]}]}, "Unique SQL Id": 3628361425}, "explain_analyze_plan": null}, "(16, 80)": {"explain_plan": {"Plan": {"Node Type": "Sort", "Startup Cost": 685006.93, "Total Cost": 685006.94, "Plan Rows": 1, "Plan Width": 74, "Sort Key": ["nation.n_name", "(date_part('year'::text, orders.o_orderdate)) DESC"], "Plans": [{"Node Type": "Aggregate", "Strategy": "Hashed", "Parent Relationship": "Outer", "Startup Cost": 685006.91, "Total Cost": 685006.92, "Plan Rows": 1, "Plan Width": 74, "Group By Key": ["nation.n_name", "date_part('year'::text, orders.o_orderdate)"], "Plans": [{"Node Type": "Nested Loop", "Parent Relationship": "Outer", "Join Type": "Inner", "Startup Cost": 533118.21, "Total Cost": 685006.89, "Plan Rows": 1, "Plan Width": 66, "Inner Unique": true, "Plans": [{"Node Type": "Nested Loop", "Parent Relationship": "Outer", "Join Type": "Inner", "Startup Cost": 533118.21, "Total Cost": 685006.61, "Plan Rows": 1, "Plan Width": 44, "Inner Unique": true, "Plans": [{"Node Type": "Nested Loop", "Parent Relationship": "Outer", "Join Type": "Inner", "Startup Cost": 533118.21, "Total Cost": 685006.31, "Plan Rows": 1, "Plan Width": 44, "Inner Unique": false, "Join Filter": "(supplier.s_suppkey = lineitem.l_suppkey)", "Plans": [{"Node Type": "Merge Join", "Parent Relationship": "Outer", "Join Type": "Inner", "Startup Cost": 533118.21, "Total Cost": 541257.3, "Plan Rows": 125630, "Plan Width": 44, "Inner Unique": false, "Merge Cond": "(supplier.s_suppkey = partsupp.ps_suppkey)", "Plans": [{"Node Type": "Index Scan", "Parent Relationship": "Outer", "Scan Direction": "Forward", "Index Name": "supplier_pkey", "Relation Name": "supplier", "Alias": "supplier", "Startup Cost": 0.0, "Total Cost": 5334.54, "Plan Rows": 100000, "Plan Width": 12}, {"Node Type": "Sort", "Parent Relationship": "Inner", "Startup Cost": 533118.19, "Total Cost": 533767.36, "Plan Rows": 259666, "Plan Width": 32, "Sort Key": ["partsupp.ps_suppkey"], "Plans": [{"Node Type": "Nested Loop", "Parent Relationship": "Outer", "Join Type": "Inner", "Startup Cost": 0.0, "Total Cost": 509766.04, "Plan Rows": 259666, "Plan Width": 32, "Inner Unique": false, "Plans": [{"Node Type": "Seq Scan", "Parent Relationship": "Outer", "Relation Name": "part", "Alias": "part", "Startup Cost": 0.0, "Total Cost": 66944.0, "Plan Rows": 89888, "Plan Width": 8, "Filter": "((p_name)::text ~~ '%dim%'::text)"}, {"Node Type": "Index Scan", "Parent Relationship": "Inner", "Scan Direction": "Forward", "Index Name": "idx_partsupp_partkey", "Relation Name": "partsupp", "Alias": "partsupp", "Startup Cost": 0.0, "Total Cost": 4.9, "Plan Rows": 3, "Plan Width": 24, "Index Cond": "(ps_partkey = part.p_partkey)"}]}]}]}, {"Node Type": "Index Scan", "Parent Relationship": "Inner", "Scan Direction": "Forward", "Index Name": "idx_lineitem_part_supp", "Relation Name": "lineitem", "Alias": "lineitem", "Startup Cost": 0.0, "Total Cost": 1.13, "Plan Rows": 1, "Plan Width": 48, "Index Cond": "((l_partkey = partsupp.ps_partkey) AND (l_suppkey = partsupp.ps_suppkey))"}]}, {"Node Type": "Index Scan", "Parent Relationship": "Inner", "Scan Direction": "Forward", "Index Name": "orders_pkey", "Relation Name": "orders", "Alias": "orders", "Startup Cost": 0.0, "Total Cost": 0.29, "Plan Rows": 1, "Plan Width": 16, "Index Cond": "(o_orderkey = lineitem.l_orderkey)"}]}, {"Node Type": "Index Scan", "Parent Relationship": "Inner", "Scan Direction": "Forward", "Index Name": "nation_pkey", "Relation Name": "nation", "Alias": "nation", "Startup Cost": 0.0, "Total Cost": 0.27, "Plan Rows": 1, "Plan Width": 30, "Index Cond": "(n_nationkey = supplier.s_nationkey)"}]}]}]}, "Unique SQL Id": 3628361425}, "explain_analyze_plan": {"Plan": {"Node Type": "Sort", "Startup Cost": 685006.93, "Total Cost": 685006.94, "Plan Rows": 1, "Plan Width": 74, "Actual Startup Time": 55341.009, "Actual Total Time": 55341.022, "Actual Rows": 175, "Actual Loops": 1, "Sort Key": ["nation.n_name", "(date_part('year'::text, orders.o_orderdate)) DESC"], "Sort Method": "quicksort", "Sort Space Used": 52, "Sort Space Type": "Memory", "Plans": [{"Node Type": "Aggregate", "Strategy": "Hashed", "Parent Relationship": "Outer", "Startup Cost": 685006.91, "Total Cost": 685006.92, "Plan Rows": 1, "Plan Width": 74, "Actual Startup Time": 55340.641, "Actual Total Time": 55340.687, "Actual Rows": 175, "Actual Loops": 1, "Group By Key": ["nation.n_name", "date_part('year'::text, orders.o_orderdate)"], "Plans": [{"Node Type": "Nested Loop", "Parent Relationship": "Outer", "Join Type": "Inner", "Startup Cost": 533118.21, "Total Cost": 685006.89, "Plan Rows": 1, "Plan Width": 66, "Actual Startup Time": 2056.656, "Actual Total Time": 51373.687, "Actual Rows": 3256948, "Actual Loops": 1, "Inner Unique": true, "Plans": [{"Node Type": "Nested Loop", "Parent Relationship": "Outer", "Join Type": "Inner", "Startup Cost": 533118.21, "Total Cost": 685006.61, "Plan Rows": 1, "Plan Width": 44, "Actual Startup Time": 2056.627, "Actual Total Time": 42802.062, "Actual Rows": 3256948, "Actual Loops": 1, "Inner Unique": true, "Plans": [{"Node Type": "Nested Loop", "Parent Relationship": "Outer", "Join Type": "Inner", "Startup Cost": 533118.21, "Total Cost": 685006.31, "Plan Rows": 1, "Plan Width": 44, "Actual Startup Time": 2056.606, "Actual Total Time": 15879.99, "Actual Rows": 3256948, "Actual Loops": 1, "Inner Unique": false, "Join Filter": "(supplier.s_suppkey = lineitem.l_suppkey)", "Rows Removed by Join Filter": 0, "Plans": [{"Node Type": "Merge Join", "Parent Relationship": "Outer", "Join Type": "Inner", "Startup Cost": 533118.21, "Total Cost": 541257.3, "Plan Rows": 125630, "Plan Width": 44, "Actual Startup Time": 2056.53, "Actual Total Time": 2539.625, "Actual Rows": 434204, "Actual Loops": 1, "Inner Unique": false, "Merge Cond": "(supplier.s_suppkey = partsupp.ps_suppkey)", "Plans": [{"Node Type": "Index Scan", "Parent Relationship": "Outer", "Scan Direction": "Forward", "Index Name": "supplier_pkey", "Relation Name": "supplier", "Alias": "supplier", "Startup Cost": 0.0, "Total Cost": 5334.54, "Plan Rows": 100000, "Plan Width": 12, "Actual Startup Time": 0.029, "Actual Total Time": 84.481, "Actual Rows": 100000, "Actual Loops": 1}, {"Node Type": "Sort", "Parent Relationship": "Inner", "Startup Cost": 533118.19, "Total Cost": 533767.36, "Plan Rows": 259666, "Plan Width": 32, "Actual Startup Time": 2056.476, "Actual Total Time": 2218.535, "Actual Rows": 434204, "Actual Loops": 1, "Sort Key": ["partsupp.ps_suppkey"], "Sort Method": "quicksort", "Sort Space Used": 52995, "Sort Space Type": "Memory", "Plans": [{"Node Type": "Nested Loop", "Parent Relationship": "Outer", "Join Type": "Inner", "Startup Cost": 0.0, "Total Cost": 509766.04, "Plan Rows": 259666, "Plan Width": 32, "Actual Startup Time": 0.045, "Actual Total Time": 1882.267, "Actual Rows": 434204, "Actual Loops": 1, "Inner Unique": false, "Plans": [{"Node Type": "Seq Scan", "Parent Relationship": "Outer", "Relation Name": "part", "Alias": "part", "Startup Cost": 0.0, "Total Cost": 66944.0, "Plan Rows": 89888, "Plan Width": 8, "Actual Startup Time": 0.03, "Actual Total Time": 1006.229, "Actual Rows": 108551, "Actual Loops": 1, "Filter": "((p_name)::text ~~ '%dim%'::text)", "Rows Removed by Filter": 1891449}, {"Node Type": "Index Scan", "Parent Relationship": "Inner", "Scan Direction": "Forward", "Index Name": "idx_partsupp_partkey", "Relation Name": "partsupp", "Alias": "partsupp", "Startup Cost": 0.0, "Total Cost": 4.9, "Plan Rows": 3, "Plan Width": 24, "Actual Startup Time": 489.343, "Actual Total Time": 723.306, "Actual Rows": 434204, "Actual Loops": 108551, "Index Cond": "(ps_partkey = part.p_partkey)", "Rows Removed by Index Recheck": 0}]}]}]}, {"Node Type": "Index Scan", "Parent Relationship": "Inner", "Scan Direction": "Forward", "Index Name": "idx_lineitem_part_supp", "Relation Name": "lineitem", "Alias": "lineitem", "Startup Cost": 0.0, "Total Cost": 1.13, "Plan Rows": 1, "Plan Width": 48, "Actual Startup Time": 4085.211, "Actual Total Time": 11672.34, "Actual Rows": 3256948, "Actual Loops": 434204, "Index Cond": "((l_partkey = partsupp.ps_partkey) AND (l_suppkey = partsupp.ps_suppkey))", "Rows Removed by Index Recheck": 0}]}, {"Node Type": "Index Scan", "Parent Relationship": "Inner", "Scan Direction": "Forward", "Index Name": "orders_pkey", "Relation Name": "orders", "Alias": "orders", "Startup Cost": 0.0, "Total Cost": 0.29, "Plan Rows": 1, "Plan Width": 16, "Actual Startup Time": 24084.564, "Actual Total Time": 24084.564, "Actual Rows": 3256948, "Actual Loops": 3256948, "Index Cond": "(o_orderkey = lineitem.l_orderkey)", "Rows Removed by Index Recheck": 0}]}, {"Node Type": "Index Scan", "Parent Relationship": "Inner", "Scan Direction": "Forward", "Index Name": "nation_pkey", "Relation Name": "nation", "Alias": "nation", "Startup Cost": 0.0, "Total Cost": 0.27, "Plan Rows": 1, "Plan Width": 30, "Actual Startup Time": 4497.813, "Actual Total Time": 4497.813, "Actual Rows": 3256948, "Actual Loops": 3256948, "Index Cond": "(n_nationkey = supplier.s_nationkey)", "Rows Removed by Index Recheck": 0}]}]}]}, "Triggers": [], "Planner Runtime": 32.019, "Total Runtime": 55341.401, "Unique SQL Id": 3628361425}}, "(16, 81)": {"explain_plan": {"Plan": {"Node Type": "Sort", "Startup Cost": 723866.18, "Total Cost": 723866.19, "Plan Rows": 1, "Plan Width": 74, "Sort Key": ["nation.n_name", "(date_part('year'::text, orders.o_orderdate)) DESC"], "Plans": [{"Node Type": "Aggregate", "Strategy": "Hashed", "Parent Relationship": "Outer", "Startup Cost": 723866.16, "Total Cost": 723866.17, "Plan Rows": 1, "Plan Width": 74, "Group By Key": ["nation.n_name", "date_part('year'::text, orders.o_orderdate)"], "Plans": [{"Node Type": "Nested Loop", "Parent Relationship": "Outer", "Join Type": "Inner", "Startup Cost": 571977.46, "Total Cost": 723866.14, "Plan Rows": 1, "Plan Width": 66, "Inner Unique": true, "Plans": [{"Node Type": "Nested Loop", "Parent Relationship": "Outer", "Join Type": "Inner", "Startup Cost": 571977.46, "Total Cost": 723865.86, "Plan Rows": 1, "Plan Width": 44, "Inner Unique": true, "Plans": [{"Node Type": "Nested Loop", "Parent Relationship": "Outer", "Join Type": "Inner", "Startup Cost": 571977.46, "Total Cost": 723865.56, "Plan Rows": 1, "Plan Width": 44, "Inner Unique": false, "Join Filter": "(supplier.s_suppkey = lineitem.l_suppkey)", "Plans": [{"Node Type": "Merge Join", "Parent Relationship": "Outer", "Join Type": "Inner", "Startup Cost": 571977.46, "Total Cost": 580116.55, "Plan Rows": 125630, "Plan Width": 44, "Inner Unique": false, "Merge Cond": "(supplier.s_suppkey = partsupp.ps_suppkey)", "Plans": [{"Node Type": "Index Scan", "Parent Relationship": "Outer", "Scan Direction": "Forward", "Index Name": "supplier_pkey", "Relation Name": "supplier", "Alias": "supplier", "Startup Cost": 0.0, "Total Cost": 5334.54, "Plan Rows": 100000, "Plan Width": 12}, {"Node Type": "Sort", "Parent Relationship": "Inner", "Startup Cost": 571977.44, "Total Cost": 572626.61, "Plan Rows": 259666, "Plan Width": 32, "Sort Key": ["partsupp.ps_suppkey"], "Plans": [{"Node Type": "Nested Loop", "Parent Relationship": "Outer", "Join Type": "Inner", "Startup Cost": 0.0, "Total Cost": 548625.29, "Plan Rows": 259666, "Plan Width": 32, "Inner Unique": false, "Plans": [{"Node Type": "Index Scan", "Parent Relationship": "Outer", "Scan Direction": "Forward", "Index Name": "part_kpey", "Relation Name": "part", "Alias": "part", "Startup Cost": 0.0, "Total Cost": 105803.25, "Plan Rows": 89888, "Plan Width": 8, "Filter": "((p_name)::text ~~ '%dim%'::text)"}, {"Node Type": "Index Scan", "Parent Relationship": "Inner", "Scan Direction": "Forward", "Index Name": "idx_partsupp_partkey", "Relation Name": "partsupp", "Alias": "partsupp", "Startup Cost": 0.0, "Total Cost": 4.9, "Plan Rows": 3, "Plan Width": 24, "Index Cond": "(ps_partkey = part.p_partkey)"}]}]}]}, {"Node Type": "Index Scan", "Parent Relationship": "Inner", "Scan Direction": "Forward", "Index Name": "idx_lineitem_part_supp", "Relation Name": "lineitem", "Alias": "lineitem", "Startup Cost": 0.0, "Total Cost": 1.13, "Plan Rows": 1, "Plan Width": 48, "Index Cond": "((l_partkey = partsupp.ps_partkey) AND (l_suppkey = partsupp.ps_suppkey))"}]}, {"Node Type": "Index Scan", "Parent Relationship": "Inner", "Scan Direction": "Forward", "Index Name": "orders_pkey", "Relation Name": "orders", "Alias": "orders", "Startup Cost": 0.0, "Total Cost": 0.29, "Plan Rows": 1, "Plan Width": 16, "Index Cond": "(o_orderkey = lineitem.l_orderkey)"}]}, {"Node Type": "Index Scan", "Parent Relationship": "Inner", "Scan Direction": "Forward", "Index Name": "nation_pkey", "Relation Name": "nation", "Alias": "nation", "Startup Cost": 0.0, "Total Cost": 0.27, "Plan Rows": 1, "Plan Width": 30, "Index Cond": "(n_nationkey = supplier.s_nationkey)"}]}]}]}, "Unique SQL Id": 3628361425}, "explain_analyze_plan": {"Plan": {"Node Type": "Sort", "Startup Cost": 723866.18, "Total Cost": 723866.19, "Plan Rows": 1, "Plan Width": 74, "Actual Startup Time": 55583.76, "Actual Total Time": 55583.773, "Actual Rows": 175, "Actual Loops": 1, "Sort Key": ["nation.n_name", "(date_part('year'::text, orders.o_orderdate)) DESC"], "Sort Method": "quicksort", "Sort Space Used": 52, "Sort Space Type": "Memory", "Plans": [{"Node Type": "Aggregate", "Strategy": "Hashed", "Parent Relationship": "Outer", "Startup Cost": 723866.16, "Total Cost": 723866.17, "Plan Rows": 1, "Plan Width": 74, "Actual Startup Time": 55583.396, "Actual Total Time": 55583.435, "Actual Rows": 175, "Actual Loops": 1, "Group By Key": ["nation.n_name", "date_part('year'::text, orders.o_orderdate)"], "Plans": [{"Node Type": "Nested Loop", "Parent Relationship": "Outer", "Join Type": "Inner", "Startup Cost": 571977.46, "Total Cost": 723866.14, "Plan Rows": 1, "Plan Width": 66, "Actual Startup Time": 2808.856, "Actual Total Time": 51760.642, "Actual Rows": 3256948, "Actual Loops": 1, "Inner Unique": true, "Plans": [{"Node Type": "Nested Loop", "Parent Relationship": "Outer", "Join Type": "Inner", "Startup Cost": 571977.46, "Total Cost": 723865.86, "Plan Rows": 1, "Plan Width": 44, "Actual Startup Time": 2808.828, "Actual Total Time": 43212.092, "Actual Rows": 3256948, "Actual Loops": 1, "Inner Unique": true, "Plans": [{"Node Type": "Nested Loop", "Parent Relationship": "Outer", "Join Type": "Inner", "Startup Cost": 571977.46, "Total Cost": 723865.56, "Plan Rows": 1, "Plan Width": 44, "Actual Startup Time": 2808.805, "Actual Total Time": 16560.708, "Actual Rows": 3256948, "Actual Loops": 1, "Inner Unique": false, "Join Filter": "(supplier.s_suppkey = lineitem.l_suppkey)", "Rows Removed by Join Filter": 0, "Plans": [{"Node Type": "Merge Join", "Parent Relationship": "Outer", "Join Type": "Inner", "Startup Cost": 571977.46, "Total Cost": 580116.55, "Plan Rows": 125630, "Plan Width": 44, "Actual Startup Time": 2808.735, "Actual Total Time": 3299.844, "Actual Rows": 434204, "Actual Loops": 1, "Inner Unique": false, "Merge Cond": "(supplier.s_suppkey = partsupp.ps_suppkey)", "Plans": [{"Node Type": "Index Scan", "Parent Relationship": "Outer", "Scan Direction": "Forward", "Index Name": "supplier_pkey", "Relation Name": "supplier", "Alias": "supplier", "Startup Cost": 0.0, "Total Cost": 5334.54, "Plan Rows": 100000, "Plan Width": 12, "Actual Startup Time": 0.022, "Actual Total Time": 83.749, "Actual Rows": 100000, "Actual Loops": 1}, {"Node Type": "Sort", "Parent Relationship": "Inner", "Startup Cost": 571977.44, "Total Cost": 572626.61, "Plan Rows": 259666, "Plan Width": 32, "Actual Startup Time": 2808.699, "Actual Total Time": 2974.298, "Actual Rows": 434204, "Actual Loops": 1, "Sort Key": ["partsupp.ps_suppkey"], "Sort Method": "quicksort", "Sort Space Used": 52995, "Sort Space Type": "Memory", "Plans": [{"Node Type": "Nested Loop", "Parent Relationship": "Outer", "Join Type": "Inner", "Startup Cost": 0.0, "Total Cost": 548625.29, "Plan Rows": 259666, "Plan Width": 32, "Actual Startup Time": 0.042, "Actual Total Time": 2632.402, "Actual Rows": 434204, "Actual Loops": 1, "Inner Unique": false, "Plans": [{"Node Type": "Index Scan", "Parent Relationship": "Outer", "Scan Direction": "Forward", "Index Name": "part_kpey", "Relation Name": "part", "Alias": "part", "Startup Cost": 0.0, "Total Cost": 105803.25, "Plan Rows": 89888, "Plan Width": 8, "Actual Startup Time": 0.031, "Actual Total Time": 1675.35, "Actual Rows": 108551, "Actual Loops": 1, "Filter": "((p_name)::text ~~ '%dim%'::text)", "Rows Removed by Filter": 1891449}, {"Node Type": "Index Scan", "Parent Relationship": "Inner", "Scan Direction": "Forward", "Index Name": "idx_partsupp_partkey", "Relation Name": "partsupp", "Alias": "partsupp", "Startup Cost": 0.0, "Total Cost": 4.9, "Plan Rows": 3, "Plan Width": 24, "Actual Startup Time": 572.91, "Actual Total Time": 805.279, "Actual Rows": 434204, "Actual Loops": 108551, "Index Cond": "(ps_partkey = part.p_partkey)", "Rows Removed by Index Recheck": 0}]}]}]}, {"Node Type": "Index Scan", "Parent Relationship": "Inner", "Scan Direction": "Forward", "Index Name": "idx_lineitem_part_supp", "Relation Name": "lineitem", "Alias": "lineitem", "Startup Cost": 0.0, "Total Cost": 1.13, "Plan Rows": 1, "Plan Width": 48, "Actual Startup Time": 4004.802, "Actual Total Time": 11561.981, "Actual Rows": 3256948, "Actual Loops": 434204, "Index Cond": "((l_partkey = partsupp.ps_partkey) AND (l_suppkey = partsupp.ps_suppkey))", "Rows Removed by Index Recheck": 0}]}, {"Node Type": "Index Scan", "Parent Relationship": "Inner", "Scan Direction": "Forward", "Index Name": "orders_pkey", "Relation Name": "orders", "Alias": "orders", "Startup Cost": 0.0, "Total Cost": 0.29, "Plan Rows": 1, "Plan Width": 16, "Actual Startup Time": 23856.312, "Actual Total Time": 23856.312, "Actual Rows": 3256948, "Actual Loops": 3256948, "Index Cond": "(o_orderkey = lineitem.l_orderkey)", "Rows Removed by Index Recheck": 0}]}, {"Node Type": "Index Scan", "Parent Relationship": "Inner", "Scan Direction": "Forward", "Index Name": "nation_pkey", "Relation Name": "nation", "Alias": "nation", "Startup Cost": 0.0, "Total Cost": 0.27, "Plan Rows": 1, "Plan Width": 30, "Actual Startup Time": 4471.7, "Actual Total Time": 4471.7, "Actual Rows": 3256948, "Actual Loops": 3256948, "Index Cond": "(n_nationkey = supplier.s_nationkey)", "Rows Removed by Index Recheck": 0}]}]}]}, "Triggers": [], "Planner Runtime": 30.808, "Total Runtime": 55584.12, "Unique SQL Id": 3628361425}}, "(16, 82)": {"explain_plan": {"Plan": {"Node Type": "Sort", "Startup Cost": 1531828.53, "Total Cost": 1531828.53, "Plan Rows": 1, "Plan Width": 74, "Sort Key": ["nation.n_name", "(date_part('year'::text, orders.o_orderdate)) DESC"], "Plans": [{"Node Type": "Aggregate", "Strategy": "Hashed", "Parent Relationship": "Outer", "Startup Cost": 1531828.5, "Total Cost": 1531828.52, "Plan Rows": 1, "Plan Width": 74, "Group By Key": ["nation.n_name", "date_part('year'::text, orders.o_orderdate)"], "Plans": [{"Node Type": "Nested Loop", "Parent Relationship": "Outer", "Join Type": "Inner", "Startup Cost": 971360.37, "Total Cost": 1531828.49, "Plan Rows": 1, "Plan Width": 66, "Inner Unique": true, "Plans": [{"Node Type": "Nested Loop", "Parent Relationship": "Outer", "Join Type": "Inner", "Startup Cost": 971360.11, "Total Cost": 1531824.2, "Plan Rows": 1, "Plan Width": 44, "Inner Unique": true, "Plans": [{"Node Type": "Nested Loop", "Parent Relationship": "Outer", "Join Type": "Inner", "Startup Cost": 971359.85, "Total Cost": 1531819.92, "Plan Rows": 1, "Plan Width": 44, "Inner Unique": false, "Join Filter": "(supplier.s_suppkey = lineitem.l_suppkey)", "Plans": [{"Node Type": "Merge Join", "Parent Relationship": "Outer", "Join Type": "Inner", "Startup Cost": 971359.44, "Total Cost": 974413.99, "Plan Rows": 125630, "Plan Width": 44, "Inner Unique": false, "Merge Cond": "(supplier.s_suppkey = partsupp.ps_suppkey)", "Plans": [{"Node Type": "Sort", "Parent Relationship": "Outer", "Startup Cost": 11587.82, "Total Cost": 11837.82, "Plan Rows": 100000, "Plan Width": 12, "Sort Key": ["supplier.s_suppkey"], "Plans": [{"Node Type": "Seq Scan", "Parent Relationship": "Outer", "Relation Name": "supplier", "Alias": "supplier", "Startup Cost": 0.0, "Total Cost": 3283.0, "Plan Rows": 100000, "Plan Width": 12}]}, {"Node Type": "Sort", "Parent Relationship": "Inner", "Startup Cost": 959771.6, "Total Cost": 960420.77, "Plan Rows": 259666, "Plan Width": 32, "Sort Key": ["partsupp.ps_suppkey"], "Plans": [{"Node Type": "Nested Loop", "Parent Relationship": "Outer", "Join Type": "Inner", "Startup Cost": 1.62, "Total Cost": 936419.45, "Plan Rows": 259666, "Plan Width": 32, "Inner Unique": false, "Plans": [{"Node Type": "Seq Scan", "Parent Relationship": "Outer", "Relation Name": "part", "Alias": "part", "Startup Cost": 0.0, "Total Cost": 66944.0, "Plan Rows": 89888, "Plan Width": 8, "Filter": "((p_name)::text ~~ '%dim%'::text)"}, {"Node Type": "Bitmap Heap Scan", "Parent Relationship": "Inner", "Relation Name": "partsupp", "Alias": "partsupp", "Startup Cost": 1.62, "Total Cost": 9.64, "Plan Rows": 3, "Plan Width": 24, "Recheck Cond": "(ps_partkey = part.p_partkey)", "Plans": [{"Node Type": "Bitmap Index Scan", "Parent Relationship": "Outer", "Index Name": "idx_partsupp_partkey", "Startup Cost": 0.0, "Total Cost": 1.62, "Plan Rows": 3, "Plan Width": 0, "Index Cond": "(ps_partkey = part.p_partkey)"}]}]}]}]}, {"Node Type": "Bitmap Heap Scan", "Parent Relationship": "Inner", "Relation Name": "lineitem", "Alias": "lineitem", "Startup Cost": 0.41, "Total Cost": 4.42, "Plan Rows": 1, "Plan Width": 48, "Recheck Cond": "((l_partkey = partsupp.ps_partkey) AND (l_suppkey = partsupp.ps_suppkey))", "Plans": [{"Node Type": "Bitmap Index Scan", "Parent Relationship": "Outer", "Index Name": "idx_lineitem_part_supp", "Startup Cost": 0.0, "Total Cost": 0.41, "Plan Rows": 1, "Plan Width": 0, "Index Cond": "((l_partkey = partsupp.ps_partkey) AND (l_suppkey = partsupp.ps_suppkey))"}]}]}, {"Node Type": "Bitmap Heap Scan", "Parent Relationship": "Inner", "Relation Name": "orders", "Alias": "orders", "Startup Cost": 0.26, "Total Cost": 4.27, "Plan Rows": 1, "Plan Width": 16, "Recheck Cond": "(o_orderkey = lineitem.l_orderkey)", "Plans": [{"Node Type": "Bitmap Index Scan", "Parent Relationship": "Outer", "Index Name": "orders_pkey", "Startup Cost": 0.0, "Total Cost": 0.26, "Plan Rows": 1, "Plan Width": 0, "Index Cond": "(o_orderkey = lineitem.l_orderkey)"}]}]}, {"Node Type": "Bitmap Heap Scan", "Parent Relationship": "Inner", "Relation Name": "nation", "Alias": "nation", "Startup Cost": 0.26, "Total Cost": 4.27, "Plan Rows": 1, "Plan Width": 30, "Recheck Cond": "(n_nationkey = supplier.s_nationkey)", "Plans": [{"Node Type": "Bitmap Index Scan", "Parent Relationship": "Outer", "Index Name": "nation_pkey", "Startup Cost": 0.0, "Total Cost": 0.26, "Plan Rows": 1, "Plan Width": 0, "Index Cond": "(n_nationkey = supplier.s_nationkey)"}]}]}]}]}, "Unique SQL Id": 3628361425}, "explain_analyze_plan": {"Plan": {"Node Type": "Sort", "Startup Cost": 1531828.53, "Total Cost": 1531828.53, "Plan Rows": 1, "Plan Width": 74, "Actual Startup Time": 69539.782, "Actual Total Time": 69539.795, "Actual Rows": 175, "Actual Loops": 1, "Sort Key": ["nation.n_name", "(date_part('year'::text, orders.o_orderdate)) DESC"], "Sort Method": "quicksort", "Sort Space Used": 52, "Sort Space Type": "Memory", "Plans": [{"Node Type": "Aggregate", "Strategy": "Hashed", "Parent Relationship": "Outer", "Startup Cost": 1531828.5, "Total Cost": 1531828.52, "Plan Rows": 1, "Plan Width": 74, "Actual Startup Time": 69539.408, "Actual Total Time": 69539.452, "Actual Rows": 175, "Actual Loops": 1, "Group By Key": ["nation.n_name", "date_part('year'::text, orders.o_orderdate)"], "Plans": [{"Node Type": "Nested Loop", "Parent Relationship": "Outer", "Join Type": "Inner", "Startup Cost": 971360.37, "Total Cost": 1531828.49, "Plan Rows": 1, "Plan Width": 66, "Actual Startup Time": 2286.563, "Actual Total Time": 65486.292, "Actual Rows": 3256948, "Actual Loops": 1, "Inner Unique": true, "Plans": [{"Node Type": "Nested Loop", "Parent Relationship": "Outer", "Join Type": "Inner", "Startup Cost": 971360.11, "Total Cost": 1531824.2, "Plan Rows": 1, "Plan Width": 44, "Actual Startup Time": 2286.518, "Actual Total Time": 51669.899, "Actual Rows": 3256948, "Actual Loops": 1, "Inner Unique": true, "Plans": [{"Node Type": "Nested Loop", "Parent Relationship": "Outer", "Join Type": "Inner", "Startup Cost": 971359.85, "Total Cost": 1531819.92, "Plan Rows": 1, "Plan Width": 44, "Actual Startup Time": 2286.481, "Actual Total Time": 18972.251, "Actual Rows": 3256948, "Actual Loops": 1, "Inner Unique": false, "Join Filter": "(supplier.s_suppkey = lineitem.l_suppkey)", "Rows Removed by Join Filter": 0, "Plans": [{"Node Type": "Merge Join", "Parent Relationship": "Outer", "Join Type": "Inner", "Startup Cost": 971359.44, "Total Cost": 974413.99, "Plan Rows": 125630, "Plan Width": 44, "Actual Startup Time": 2286.389, "Actual Total Time": 2800.231, "Actual Rows": 434204, "Actual Loops": 1, "Inner Unique": false, "Merge Cond": "(supplier.s_suppkey = partsupp.ps_suppkey)", "Plans": [{"Node Type": "Sort", "Parent Relationship": "Outer", "Startup Cost": 11587.82, "Total Cost": 11837.82, "Plan Rows": 100000, "Plan Width": 12, "Actual Startup Time": 65.578, "Actual Total Time": 88.34, "Actual Rows": 100000, "Actual Loops": 1, "Sort Key": ["supplier.s_suppkey"], "Sort Method": "quicksort", "Sort Space Used": 12448, "Sort Space Type": "Memory", "Plans": [{"Node Type": "Seq Scan", "Parent Relationship": "Outer", "Relation Name": "supplier", "Alias": "supplier", "Startup Cost": 0.0, "Total Cost": 3283.0, "Plan Rows": 100000, "Plan Width": 12, "Actual Startup Time": 0.029, "Actual Total Time": 33.95, "Actual Rows": 100000, "Actual Loops": 1}]}, {"Node Type": "Sort", "Parent Relationship": "Inner", "Startup Cost": 959771.6, "Total Cost": 960420.77, "Plan Rows": 259666, "Plan Width": 32, "Actual Startup Time": 2220.794, "Actual Total Time": 2383.978, "Actual Rows": 434204, "Actual Loops": 1, "Sort Key": ["partsupp.ps_suppkey"], "Sort Method": "quicksort", "Sort Space Used": 52995, "Sort Space Type": "Memory", "Plans": [{"Node Type": "Nested Loop", "Parent Relationship": "Outer", "Join Type": "Inner", "Startup Cost": 1.62, "Total Cost": 936419.45, "Plan Rows": 259666, "Plan Width": 32, "Actual Startup Time": 0.134, "Actual Total Time": 2052.445, "Actual Rows": 434204, "Actual Loops": 1, "Inner Unique": false, "Plans": [{"Node Type": "Seq Scan", "Parent Relationship": "Outer", "Relation Name": "part", "Alias": "part", "Startup Cost": 0.0, "Total Cost": 66944.0, "Plan Rows": 89888, "Plan Width": 8, "Actual Startup Time": 0.061, "Actual Total Time": 1014.104, "Actual Rows": 108551, "Actual Loops": 1, "Filter": "((p_name)::text ~~ '%dim%'::text)", "Rows Removed by Filter": 1891449}, {"Node Type": "Bitmap Heap Scan", "Parent Relationship": "Inner", "Relation Name": "partsupp", "Alias": "partsupp", "Startup Cost": 1.62, "Total Cost": 9.64, "Plan Rows": 3, "Plan Width": 24, "Actual Startup Time": 744.227, "Actual Total Time": 820.839, "Actual Rows": 434204, "Actual Loops": 108551, "Recheck Cond": "(ps_partkey = part.p_partkey)", "Rows Removed by Index Recheck": 0, "Exact Heap Blocks": 118409, "Lossy Heap Blocks": 118409, "Plans": [{"Node Type": "Bitmap Index Scan", "Parent Relationship": "Outer", "Index Name": "idx_partsupp_partkey", "Startup Cost": 0.0, "Total Cost": 1.62, "Plan Rows": 3, "Plan Width": 0, "Actual Startup Time": 368.402, "Actual Total Time": 368.402, "Actual Rows": 434204, "Actual Loops": 108551, "Index Cond": "(ps_partkey = part.p_partkey)"}]}]}]}]}, {"Node Type": "Bitmap Heap Scan", "Parent Relationship": "Inner", "Relation Name": "lineitem", "Alias": "lineitem", "Startup Cost": 0.41, "Total Cost": 4.42, "Plan Rows": 1, "Plan Width": 48, "Actual Startup Time": 5825.152, "Actual Total Time": 14103.459, "Actual Rows": 3256948, "Actual Loops": 434204, "Recheck Cond": "((l_partkey = partsupp.ps_partkey) AND (l_suppkey = partsupp.ps_suppkey))", "Rows Removed by Index Recheck": 0, "Exact Heap Blocks": 3256937, "Lossy Heap Blocks": 3256937, "Plans": [{"Node Type": "Bitmap Index Scan", "Parent Relationship": "Outer", "Index Name": "idx_lineitem_part_supp", "Startup Cost": 0.0, "Total Cost": 0.41, "Plan Rows": 1, "Plan Width": 0, "Actual Startup Time": 3795.206, "Actual Total Time": 3795.206, "Actual Rows": 3256948, "Actual Loops": 434204, "Index Cond": "((l_partkey = partsupp.ps_partkey) AND (l_suppkey = partsupp.ps_suppkey))"}]}]}, {"Node Type": "Bitmap Heap Scan", "Parent Relationship": "Inner", "Relation Name": "orders", "Alias": "orders", "Startup Cost": 0.26, "Total Cost": 4.27, "Plan Rows": 1, "Plan Width": 16, "Actual Startup Time": 28036.893, "Actual Total Time": 28036.893, "Actual Rows": 3256948, "Actual Loops": 3256948, "Recheck Cond": "(o_orderkey = lineitem.l_orderkey)", "Rows Removed by Index Recheck": 0, "Exact Heap Blocks": 3256948, "Lossy Heap Blocks": 3256948, "Plans": [{"Node Type": "Bitmap Index Scan", "Parent Relationship": "Outer", "Index Name": "orders_pkey", "Startup Cost": 0.0, "Total Cost": 0.26, "Plan Rows": 1, "Plan Width": 0, "Actual Startup Time": 18610.515, "Actual Total Time": 18610.515, "Actual Rows": 3256948, "Actual Loops": 3256948, "Index Cond": "(o_orderkey = lineitem.l_orderkey)"}]}]}, {"Node Type": "Bitmap Heap Scan", "Parent Relationship": "Inner", "Relation Name": "nation", "Alias": "nation", "Startup Cost": 0.26, "Total Cost": 4.27, "Plan Rows": 1, "Plan Width": 30, "Actual Startup Time": 7743.679, "Actual Total Time": 7743.679, "Actual Rows": 3256948, "Actual Loops": 3256948, "Recheck Cond": "(n_nationkey = supplier.s_nationkey)", "Rows Removed by Index Recheck": 0, "Exact Heap Blocks": 3256948, "Lossy Heap Blocks": 3256948, "Plans": [{"Node Type": "Bitmap Index Scan", "Parent Relationship": "Outer", "Index Name": "nation_pkey", "Startup Cost": 0.0, "Total Cost": 0.26, "Plan Rows": 1, "Plan Width": 0, "Actual Startup Time": 3340.024, "Actual Total Time": 3340.024, "Actual Rows": 3256948, "Actual Loops": 3256948, "Index Cond": "(n_nationkey = supplier.s_nationkey)"}]}]}]}]}, "Triggers": [], "Planner Runtime": 26.503, "Total Runtime": 69540.208, "Unique SQL Id": 3628361425}}, "(16, 83)": {"explain_plan": {"Plan": {"Node Type": "Sort", "Startup Cost": 1000008167021.57, "Total Cost": 1000008167021.58, "Plan Rows": 1, "Plan Width": 74, "Sort Key": ["nation.n_name", "(date_part('year'::text, orders.o_orderdate)) DESC"], "Plans": [{"Node Type": "Aggregate", "Strategy": "Hashed", "Parent Relationship": "Outer", "Startup Cost": 1000008167021.55, "Total Cost": 1000008167021.56, "Plan Rows": 1, "Plan Width": 74, "Group By Key": ["nation.n_name", "date_part('year'::text, orders.o_orderdate)"], "Plans": [{"Node Type": "Nested Loop", "Parent Relationship": "Outer", "Join Type": "Inner", "Startup Cost": 10000000002.75, "Total Cost": 1000008167021.53, "Plan Rows": 1, "Plan Width": 66, "Inner Unique": true, "Plans": [{"Node Type": "Nested Loop", "Parent Relationship": "Outer", "Join Type": "Inner", "Startup Cost": 10000000002.5, "Total Cost": 1000008167017.25, "Plan Rows": 1, "Plan Width": 44, "Inner Unique": true, "Plans": [{"Node Type": "Nested Loop", "Parent Relationship": "Outer", "Join Type": "Inner", "Startup Cost": 10000000002.24, "Total Cost": 1000008167012.96, "Plan Rows": 1, "Plan Width": 44, "Inner Unique": true, "Join Filter": "(partsupp.ps_partkey = part.p_partkey)", "Plans": [{"Node Type": "Nested Loop", "Parent Relationship": "Outer", "Join Type": "Inner", "Startup Cost": 10000000001.98, "Total Cost": 1000008166987.25, "Plan Rows": 6, "Plan Width": 60, "Inner Unique": false, "Join Filter": "(supplier.s_suppkey = lineitem.l_suppkey)", "Plans": [{"Node Type": "Nested Loop", "Parent Relationship": "Outer", "Join Type": "Inner", "Startup Cost": 10000000001.57, "Total Cost": 1000002201599.04, "Plan Rows": 1344499, "Plan Width": 36, "Inner Unique": false, "Plans": [{"Node Type": "Index Scan", "Parent Relationship": "Outer", "Scan Direction": "Forward", "Index Name": "idx_supplier_nation_key", "Relation Name": "supplier", "Alias": "supplier", "Startup Cost": 10000000000.0, "Total Cost": 1000001217556.78, "Plan Rows": 100000, "Plan Width": 12}, {"Node Type": "Bitmap Heap Scan", "Parent Relationship": "Inner", "Relation Name": "partsupp", "Alias": "partsupp", "Startup Cost": 1.57, "Total Cost": 9.71, "Plan Rows": 13, "Plan Width": 24, "Recheck Cond": "(ps_suppkey = supplier.s_suppkey)", "Plans": [{"Node Type": "Bitmap Index Scan", "Parent Relationship": "Outer", "Index Name": "idx_partsupp_suppkey", "Startup Cost": 0.0, "Total Cost": 1.56, "Plan Rows": 13, "Plan Width": 0, "Index Cond": "(ps_suppkey = supplier.s_suppkey)"}]}]}, {"Node Type": "Bitmap Heap Scan", "Parent Relationship": "Inner", "Relation Name": "lineitem", "Alias": "lineitem", "Startup Cost": 0.41, "Total Cost": 4.42, "Plan Rows": 1, "Plan Width": 48, "Recheck Cond": "((l_partkey = partsupp.ps_partkey) AND (l_suppkey = partsupp.ps_suppkey))", "Plans": [{"Node Type": "Bitmap Index Scan", "Parent Relationship": "Outer", "Index Name": "idx_lineitem_part_supp", "Startup Cost": 0.0, "Total Cost": 0.41, "Plan Rows": 1, "Plan Width": 0, "Index Cond": "((l_partkey = partsupp.ps_partkey) AND (l_suppkey = partsupp.ps_suppkey))"}]}]}, {"Node Type": "Bitmap Heap Scan", "Parent Relationship": "Inner", "Relation Name": "part", "Alias": "part", "Startup Cost": 0.26, "Total Cost": 4.27, "Plan Rows": 1, "Plan Width": 8, "Recheck Cond": "(p_partkey = lineitem.l_partkey)", "Filter": "((p_name)::text ~~ '%dim%'::text)", "Plans": [{"Node Type": "Bitmap Index Scan", "Parent Relationship": "Outer", "Index Name": "part_kpey", "Startup Cost": 0.0, "Total Cost": 0.26, "Plan Rows": 1, "Plan Width": 0, "Index Cond": "(p_partkey = lineitem.l_partkey)"}]}]}, {"Node Type": "Bitmap Heap Scan", "Parent Relationship": "Inner", "Relation Name": "orders", "Alias": "orders", "Startup Cost": 0.26, "Total Cost": 4.27, "Plan Rows": 1, "Plan Width": 16, "Recheck Cond": "(o_orderkey = lineitem.l_orderkey)", "Plans": [{"Node Type": "Bitmap Index Scan", "Parent Relationship": "Outer", "Index Name": "orders_pkey", "Startup Cost": 0.0, "Total Cost": 0.26, "Plan Rows": 1, "Plan Width": 0, "Index Cond": "(o_orderkey = lineitem.l_orderkey)"}]}]}, {"Node Type": "Bitmap Heap Scan", "Parent Relationship": "Inner", "Relation Name": "nation", "Alias": "nation", "Startup Cost": 0.26, "Total Cost": 4.27, "Plan Rows": 1, "Plan Width": 30, "Recheck Cond": "(n_nationkey = supplier.s_nationkey)", "Plans": [{"Node Type": "Bitmap Index Scan", "Parent Relationship": "Outer", "Index Name": "nation_pkey", "Startup Cost": 0.0, "Total Cost": 0.26, "Plan Rows": 1, "Plan Width": 0, "Index Cond": "(n_nationkey = supplier.s_nationkey)"}]}]}]}]}, "Unique SQL Id": 3628361425}, "explain_analyze_plan": null}, "(16, 84)": {"explain_plan": {"Plan": {"Node Type": "Sort", "Startup Cost": 685006.93, "Total Cost": 685006.94, "Plan Rows": 1, "Plan Width": 74, "Sort Key": ["nation.n_name", "(date_part('year'::text, orders.o_orderdate)) DESC"], "Plans": [{"Node Type": "Aggregate", "Strategy": "Hashed", "Parent Relationship": "Outer", "Startup Cost": 685006.91, "Total Cost": 685006.92, "Plan Rows": 1, "Plan Width": 74, "Group By Key": ["nation.n_name", "date_part('year'::text, orders.o_orderdate)"], "Plans": [{"Node Type": "Nested Loop", "Parent Relationship": "Outer", "Join Type": "Inner", "Startup Cost": 533118.21, "Total Cost": 685006.89, "Plan Rows": 1, "Plan Width": 66, "Inner Unique": true, "Plans": [{"Node Type": "Nested Loop", "Parent Relationship": "Outer", "Join Type": "Inner", "Startup Cost": 533118.21, "Total Cost": 685006.61, "Plan Rows": 1, "Plan Width": 44, "Inner Unique": true, "Plans": [{"Node Type": "Nested Loop", "Parent Relationship": "Outer", "Join Type": "Inner", "Startup Cost": 533118.21, "Total Cost": 685006.31, "Plan Rows": 1, "Plan Width": 44, "Inner Unique": false, "Join Filter": "(supplier.s_suppkey = lineitem.l_suppkey)", "Plans": [{"Node Type": "Merge Join", "Parent Relationship": "Outer", "Join Type": "Inner", "Startup Cost": 533118.21, "Total Cost": 541257.3, "Plan Rows": 125630, "Plan Width": 44, "Inner Unique": false, "Merge Cond": "(supplier.s_suppkey = partsupp.ps_suppkey)", "Plans": [{"Node Type": "Index Scan", "Parent Relationship": "Outer", "Scan Direction": "Forward", "Index Name": "supplier_pkey", "Relation Name": "supplier", "Alias": "supplier", "Startup Cost": 0.0, "Total Cost": 5334.54, "Plan Rows": 100000, "Plan Width": 12}, {"Node Type": "Sort", "Parent Relationship": "Inner", "Startup Cost": 533118.19, "Total Cost": 533767.36, "Plan Rows": 259666, "Plan Width": 32, "Sort Key": ["partsupp.ps_suppkey"], "Plans": [{"Node Type": "Nested Loop", "Parent Relationship": "Outer", "Join Type": "Inner", "Startup Cost": 0.0, "Total Cost": 509766.04, "Plan Rows": 259666, "Plan Width": 32, "Inner Unique": false, "Plans": [{"Node Type": "Seq Scan", "Parent Relationship": "Outer", "Relation Name": "part", "Alias": "part", "Startup Cost": 0.0, "Total Cost": 66944.0, "Plan Rows": 89888, "Plan Width": 8, "Filter": "((p_name)::text ~~ '%dim%'::text)"}, {"Node Type": "Index Scan", "Parent Relationship": "Inner", "Scan Direction": "Forward", "Index Name": "idx_partsupp_partkey", "Relation Name": "partsupp", "Alias": "partsupp", "Startup Cost": 0.0, "Total Cost": 4.9, "Plan Rows": 3, "Plan Width": 24, "Index Cond": "(ps_partkey = part.p_partkey)"}]}]}]}, {"Node Type": "Index Scan", "Parent Relationship": "Inner", "Scan Direction": "Forward", "Index Name": "idx_lineitem_part_supp", "Relation Name": "lineitem", "Alias": "lineitem", "Startup Cost": 0.0, "Total Cost": 1.13, "Plan Rows": 1, "Plan Width": 48, "Index Cond": "((l_partkey = partsupp.ps_partkey) AND (l_suppkey = partsupp.ps_suppkey))"}]}, {"Node Type": "Index Scan", "Parent Relationship": "Inner", "Scan Direction": "Forward", "Index Name": "orders_pkey", "Relation Name": "orders", "Alias": "orders", "Startup Cost": 0.0, "Total Cost": 0.29, "Plan Rows": 1, "Plan Width": 16, "Index Cond": "(o_orderkey = lineitem.l_orderkey)"}]}, {"Node Type": "Index Scan", "Parent Relationship": "Inner", "Scan Direction": "Forward", "Index Name": "nation_pkey", "Relation Name": "nation", "Alias": "nation", "Startup Cost": 0.0, "Total Cost": 0.27, "Plan Rows": 1, "Plan Width": 30, "Index Cond": "(n_nationkey = supplier.s_nationkey)"}]}]}]}, "Unique SQL Id": 3628361425}, "explain_analyze_plan": {"Plan": {"Node Type": "Sort", "Startup Cost": 685006.93, "Total Cost": 685006.94, "Plan Rows": 1, "Plan Width": 74, "Actual Startup Time": 55341.009, "Actual Total Time": 55341.022, "Actual Rows": 175, "Actual Loops": 1, "Sort Key": ["nation.n_name", "(date_part('year'::text, orders.o_orderdate)) DESC"], "Sort Method": "quicksort", "Sort Space Used": 52, "Sort Space Type": "Memory", "Plans": [{"Node Type": "Aggregate", "Strategy": "Hashed", "Parent Relationship": "Outer", "Startup Cost": 685006.91, "Total Cost": 685006.92, "Plan Rows": 1, "Plan Width": 74, "Actual Startup Time": 55340.641, "Actual Total Time": 55340.687, "Actual Rows": 175, "Actual Loops": 1, "Group By Key": ["nation.n_name", "date_part('year'::text, orders.o_orderdate)"], "Plans": [{"Node Type": "Nested Loop", "Parent Relationship": "Outer", "Join Type": "Inner", "Startup Cost": 533118.21, "Total Cost": 685006.89, "Plan Rows": 1, "Plan Width": 66, "Actual Startup Time": 2056.656, "Actual Total Time": 51373.687, "Actual Rows": 3256948, "Actual Loops": 1, "Inner Unique": true, "Plans": [{"Node Type": "Nested Loop", "Parent Relationship": "Outer", "Join Type": "Inner", "Startup Cost": 533118.21, "Total Cost": 685006.61, "Plan Rows": 1, "Plan Width": 44, "Actual Startup Time": 2056.627, "Actual Total Time": 42802.062, "Actual Rows": 3256948, "Actual Loops": 1, "Inner Unique": true, "Plans": [{"Node Type": "Nested Loop", "Parent Relationship": "Outer", "Join Type": "Inner", "Startup Cost": 533118.21, "Total Cost": 685006.31, "Plan Rows": 1, "Plan Width": 44, "Actual Startup Time": 2056.606, "Actual Total Time": 15879.99, "Actual Rows": 3256948, "Actual Loops": 1, "Inner Unique": false, "Join Filter": "(supplier.s_suppkey = lineitem.l_suppkey)", "Rows Removed by Join Filter": 0, "Plans": [{"Node Type": "Merge Join", "Parent Relationship": "Outer", "Join Type": "Inner", "Startup Cost": 533118.21, "Total Cost": 541257.3, "Plan Rows": 125630, "Plan Width": 44, "Actual Startup Time": 2056.53, "Actual Total Time": 2539.625, "Actual Rows": 434204, "Actual Loops": 1, "Inner Unique": false, "Merge Cond": "(supplier.s_suppkey = partsupp.ps_suppkey)", "Plans": [{"Node Type": "Index Scan", "Parent Relationship": "Outer", "Scan Direction": "Forward", "Index Name": "supplier_pkey", "Relation Name": "supplier", "Alias": "supplier", "Startup Cost": 0.0, "Total Cost": 5334.54, "Plan Rows": 100000, "Plan Width": 12, "Actual Startup Time": 0.029, "Actual Total Time": 84.481, "Actual Rows": 100000, "Actual Loops": 1}, {"Node Type": "Sort", "Parent Relationship": "Inner", "Startup Cost": 533118.19, "Total Cost": 533767.36, "Plan Rows": 259666, "Plan Width": 32, "Actual Startup Time": 2056.476, "Actual Total Time": 2218.535, "Actual Rows": 434204, "Actual Loops": 1, "Sort Key": ["partsupp.ps_suppkey"], "Sort Method": "quicksort", "Sort Space Used": 52995, "Sort Space Type": "Memory", "Plans": [{"Node Type": "Nested Loop", "Parent Relationship": "Outer", "Join Type": "Inner", "Startup Cost": 0.0, "Total Cost": 509766.04, "Plan Rows": 259666, "Plan Width": 32, "Actual Startup Time": 0.045, "Actual Total Time": 1882.267, "Actual Rows": 434204, "Actual Loops": 1, "Inner Unique": false, "Plans": [{"Node Type": "Seq Scan", "Parent Relationship": "Outer", "Relation Name": "part", "Alias": "part", "Startup Cost": 0.0, "Total Cost": 66944.0, "Plan Rows": 89888, "Plan Width": 8, "Actual Startup Time": 0.03, "Actual Total Time": 1006.229, "Actual Rows": 108551, "Actual Loops": 1, "Filter": "((p_name)::text ~~ '%dim%'::text)", "Rows Removed by Filter": 1891449}, {"Node Type": "Index Scan", "Parent Relationship": "Inner", "Scan Direction": "Forward", "Index Name": "idx_partsupp_partkey", "Relation Name": "partsupp", "Alias": "partsupp", "Startup Cost": 0.0, "Total Cost": 4.9, "Plan Rows": 3, "Plan Width": 24, "Actual Startup Time": 489.343, "Actual Total Time": 723.306, "Actual Rows": 434204, "Actual Loops": 108551, "Index Cond": "(ps_partkey = part.p_partkey)", "Rows Removed by Index Recheck": 0}]}]}]}, {"Node Type": "Index Scan", "Parent Relationship": "Inner", "Scan Direction": "Forward", "Index Name": "idx_lineitem_part_supp", "Relation Name": "lineitem", "Alias": "lineitem", "Startup Cost": 0.0, "Total Cost": 1.13, "Plan Rows": 1, "Plan Width": 48, "Actual Startup Time": 4085.211, "Actual Total Time": 11672.34, "Actual Rows": 3256948, "Actual Loops": 434204, "Index Cond": "((l_partkey = partsupp.ps_partkey) AND (l_suppkey = partsupp.ps_suppkey))", "Rows Removed by Index Recheck": 0}]}, {"Node Type": "Index Scan", "Parent Relationship": "Inner", "Scan Direction": "Forward", "Index Name": "orders_pkey", "Relation Name": "orders", "Alias": "orders", "Startup Cost": 0.0, "Total Cost": 0.29, "Plan Rows": 1, "Plan Width": 16, "Actual Startup Time": 24084.564, "Actual Total Time": 24084.564, "Actual Rows": 3256948, "Actual Loops": 3256948, "Index Cond": "(o_orderkey = lineitem.l_orderkey)", "Rows Removed by Index Recheck": 0}]}, {"Node Type": "Index Scan", "Parent Relationship": "Inner", "Scan Direction": "Forward", "Index Name": "nation_pkey", "Relation Name": "nation", "Alias": "nation", "Startup Cost": 0.0, "Total Cost": 0.27, "Plan Rows": 1, "Plan Width": 30, "Actual Startup Time": 4497.813, "Actual Total Time": 4497.813, "Actual Rows": 3256948, "Actual Loops": 3256948, "Index Cond": "(n_nationkey = supplier.s_nationkey)", "Rows Removed by Index Recheck": 0}]}]}]}, "Triggers": [], "Planner Runtime": 32.019, "Total Runtime": 55341.401, "Unique SQL Id": 3628361425}}, "(16, 85)": {"explain_plan": {"Plan": {"Node Type": "Sort", "Startup Cost": 723866.18, "Total Cost": 723866.19, "Plan Rows": 1, "Plan Width": 74, "Sort Key": ["nation.n_name", "(date_part('year'::text, orders.o_orderdate)) DESC"], "Plans": [{"Node Type": "Aggregate", "Strategy": "Hashed", "Parent Relationship": "Outer", "Startup Cost": 723866.16, "Total Cost": 723866.17, "Plan Rows": 1, "Plan Width": 74, "Group By Key": ["nation.n_name", "date_part('year'::text, orders.o_orderdate)"], "Plans": [{"Node Type": "Nested Loop", "Parent Relationship": "Outer", "Join Type": "Inner", "Startup Cost": 571977.46, "Total Cost": 723866.14, "Plan Rows": 1, "Plan Width": 66, "Inner Unique": true, "Plans": [{"Node Type": "Nested Loop", "Parent Relationship": "Outer", "Join Type": "Inner", "Startup Cost": 571977.46, "Total Cost": 723865.86, "Plan Rows": 1, "Plan Width": 44, "Inner Unique": true, "Plans": [{"Node Type": "Nested Loop", "Parent Relationship": "Outer", "Join Type": "Inner", "Startup Cost": 571977.46, "Total Cost": 723865.56, "Plan Rows": 1, "Plan Width": 44, "Inner Unique": false, "Join Filter": "(supplier.s_suppkey = lineitem.l_suppkey)", "Plans": [{"Node Type": "Merge Join", "Parent Relationship": "Outer", "Join Type": "Inner", "Startup Cost": 571977.46, "Total Cost": 580116.55, "Plan Rows": 125630, "Plan Width": 44, "Inner Unique": false, "Merge Cond": "(supplier.s_suppkey = partsupp.ps_suppkey)", "Plans": [{"Node Type": "Index Scan", "Parent Relationship": "Outer", "Scan Direction": "Forward", "Index Name": "supplier_pkey", "Relation Name": "supplier", "Alias": "supplier", "Startup Cost": 0.0, "Total Cost": 5334.54, "Plan Rows": 100000, "Plan Width": 12}, {"Node Type": "Sort", "Parent Relationship": "Inner", "Startup Cost": 571977.44, "Total Cost": 572626.61, "Plan Rows": 259666, "Plan Width": 32, "Sort Key": ["partsupp.ps_suppkey"], "Plans": [{"Node Type": "Nested Loop", "Parent Relationship": "Outer", "Join Type": "Inner", "Startup Cost": 0.0, "Total Cost": 548625.29, "Plan Rows": 259666, "Plan Width": 32, "Inner Unique": false, "Plans": [{"Node Type": "Index Scan", "Parent Relationship": "Outer", "Scan Direction": "Forward", "Index Name": "part_kpey", "Relation Name": "part", "Alias": "part", "Startup Cost": 0.0, "Total Cost": 105803.25, "Plan Rows": 89888, "Plan Width": 8, "Filter": "((p_name)::text ~~ '%dim%'::text)"}, {"Node Type": "Index Scan", "Parent Relationship": "Inner", "Scan Direction": "Forward", "Index Name": "idx_partsupp_partkey", "Relation Name": "partsupp", "Alias": "partsupp", "Startup Cost": 0.0, "Total Cost": 4.9, "Plan Rows": 3, "Plan Width": 24, "Index Cond": "(ps_partkey = part.p_partkey)"}]}]}]}, {"Node Type": "Index Scan", "Parent Relationship": "Inner", "Scan Direction": "Forward", "Index Name": "idx_lineitem_part_supp", "Relation Name": "lineitem", "Alias": "lineitem", "Startup Cost": 0.0, "Total Cost": 1.13, "Plan Rows": 1, "Plan Width": 48, "Index Cond": "((l_partkey = partsupp.ps_partkey) AND (l_suppkey = partsupp.ps_suppkey))"}]}, {"Node Type": "Index Scan", "Parent Relationship": "Inner", "Scan Direction": "Forward", "Index Name": "orders_pkey", "Relation Name": "orders", "Alias": "orders", "Startup Cost": 0.0, "Total Cost": 0.29, "Plan Rows": 1, "Plan Width": 16, "Index Cond": "(o_orderkey = lineitem.l_orderkey)"}]}, {"Node Type": "Index Scan", "Parent Relationship": "Inner", "Scan Direction": "Forward", "Index Name": "nation_pkey", "Relation Name": "nation", "Alias": "nation", "Startup Cost": 0.0, "Total Cost": 0.27, "Plan Rows": 1, "Plan Width": 30, "Index Cond": "(n_nationkey = supplier.s_nationkey)"}]}]}]}, "Unique SQL Id": 3628361425}, "explain_analyze_plan": {"Plan": {"Node Type": "Sort", "Startup Cost": 723866.18, "Total Cost": 723866.19, "Plan Rows": 1, "Plan Width": 74, "Actual Startup Time": 55583.76, "Actual Total Time": 55583.773, "Actual Rows": 175, "Actual Loops": 1, "Sort Key": ["nation.n_name", "(date_part('year'::text, orders.o_orderdate)) DESC"], "Sort Method": "quicksort", "Sort Space Used": 52, "Sort Space Type": "Memory", "Plans": [{"Node Type": "Aggregate", "Strategy": "Hashed", "Parent Relationship": "Outer", "Startup Cost": 723866.16, "Total Cost": 723866.17, "Plan Rows": 1, "Plan Width": 74, "Actual Startup Time": 55583.396, "Actual Total Time": 55583.435, "Actual Rows": 175, "Actual Loops": 1, "Group By Key": ["nation.n_name", "date_part('year'::text, orders.o_orderdate)"], "Plans": [{"Node Type": "Nested Loop", "Parent Relationship": "Outer", "Join Type": "Inner", "Startup Cost": 571977.46, "Total Cost": 723866.14, "Plan Rows": 1, "Plan Width": 66, "Actual Startup Time": 2808.856, "Actual Total Time": 51760.642, "Actual Rows": 3256948, "Actual Loops": 1, "Inner Unique": true, "Plans": [{"Node Type": "Nested Loop", "Parent Relationship": "Outer", "Join Type": "Inner", "Startup Cost": 571977.46, "Total Cost": 723865.86, "Plan Rows": 1, "Plan Width": 44, "Actual Startup Time": 2808.828, "Actual Total Time": 43212.092, "Actual Rows": 3256948, "Actual Loops": 1, "Inner Unique": true, "Plans": [{"Node Type": "Nested Loop", "Parent Relationship": "Outer", "Join Type": "Inner", "Startup Cost": 571977.46, "Total Cost": 723865.56, "Plan Rows": 1, "Plan Width": 44, "Actual Startup Time": 2808.805, "Actual Total Time": 16560.708, "Actual Rows": 3256948, "Actual Loops": 1, "Inner Unique": false, "Join Filter": "(supplier.s_suppkey = lineitem.l_suppkey)", "Rows Removed by Join Filter": 0, "Plans": [{"Node Type": "Merge Join", "Parent Relationship": "Outer", "Join Type": "Inner", "Startup Cost": 571977.46, "Total Cost": 580116.55, "Plan Rows": 125630, "Plan Width": 44, "Actual Startup Time": 2808.735, "Actual Total Time": 3299.844, "Actual Rows": 434204, "Actual Loops": 1, "Inner Unique": false, "Merge Cond": "(supplier.s_suppkey = partsupp.ps_suppkey)", "Plans": [{"Node Type": "Index Scan", "Parent Relationship": "Outer", "Scan Direction": "Forward", "Index Name": "supplier_pkey", "Relation Name": "supplier", "Alias": "supplier", "Startup Cost": 0.0, "Total Cost": 5334.54, "Plan Rows": 100000, "Plan Width": 12, "Actual Startup Time": 0.022, "Actual Total Time": 83.749, "Actual Rows": 100000, "Actual Loops": 1}, {"Node Type": "Sort", "Parent Relationship": "Inner", "Startup Cost": 571977.44, "Total Cost": 572626.61, "Plan Rows": 259666, "Plan Width": 32, "Actual Startup Time": 2808.699, "Actual Total Time": 2974.298, "Actual Rows": 434204, "Actual Loops": 1, "Sort Key": ["partsupp.ps_suppkey"], "Sort Method": "quicksort", "Sort Space Used": 52995, "Sort Space Type": "Memory", "Plans": [{"Node Type": "Nested Loop", "Parent Relationship": "Outer", "Join Type": "Inner", "Startup Cost": 0.0, "Total Cost": 548625.29, "Plan Rows": 259666, "Plan Width": 32, "Actual Startup Time": 0.042, "Actual Total Time": 2632.402, "Actual Rows": 434204, "Actual Loops": 1, "Inner Unique": false, "Plans": [{"Node Type": "Index Scan", "Parent Relationship": "Outer", "Scan Direction": "Forward", "Index Name": "part_kpey", "Relation Name": "part", "Alias": "part", "Startup Cost": 0.0, "Total Cost": 105803.25, "Plan Rows": 89888, "Plan Width": 8, "Actual Startup Time": 0.031, "Actual Total Time": 1675.35, "Actual Rows": 108551, "Actual Loops": 1, "Filter": "((p_name)::text ~~ '%dim%'::text)", "Rows Removed by Filter": 1891449}, {"Node Type": "Index Scan", "Parent Relationship": "Inner", "Scan Direction": "Forward", "Index Name": "idx_partsupp_partkey", "Relation Name": "partsupp", "Alias": "partsupp", "Startup Cost": 0.0, "Total Cost": 4.9, "Plan Rows": 3, "Plan Width": 24, "Actual Startup Time": 572.91, "Actual Total Time": 805.279, "Actual Rows": 434204, "Actual Loops": 108551, "Index Cond": "(ps_partkey = part.p_partkey)", "Rows Removed by Index Recheck": 0}]}]}]}, {"Node Type": "Index Scan", "Parent Relationship": "Inner", "Scan Direction": "Forward", "Index Name": "idx_lineitem_part_supp", "Relation Name": "lineitem", "Alias": "lineitem", "Startup Cost": 0.0, "Total Cost": 1.13, "Plan Rows": 1, "Plan Width": 48, "Actual Startup Time": 4004.802, "Actual Total Time": 11561.981, "Actual Rows": 3256948, "Actual Loops": 434204, "Index Cond": "((l_partkey = partsupp.ps_partkey) AND (l_suppkey = partsupp.ps_suppkey))", "Rows Removed by Index Recheck": 0}]}, {"Node Type": "Index Scan", "Parent Relationship": "Inner", "Scan Direction": "Forward", "Index Name": "orders_pkey", "Relation Name": "orders", "Alias": "orders", "Startup Cost": 0.0, "Total Cost": 0.29, "Plan Rows": 1, "Plan Width": 16, "Actual Startup Time": 23856.312, "Actual Total Time": 23856.312, "Actual Rows": 3256948, "Actual Loops": 3256948, "Index Cond": "(o_orderkey = lineitem.l_orderkey)", "Rows Removed by Index Recheck": 0}]}, {"Node Type": "Index Scan", "Parent Relationship": "Inner", "Scan Direction": "Forward", "Index Name": "nation_pkey", "Relation Name": "nation", "Alias": "nation", "Startup Cost": 0.0, "Total Cost": 0.27, "Plan Rows": 1, "Plan Width": 30, "Actual Startup Time": 4471.7, "Actual Total Time": 4471.7, "Actual Rows": 3256948, "Actual Loops": 3256948, "Index Cond": "(n_nationkey = supplier.s_nationkey)", "Rows Removed by Index Recheck": 0}]}]}]}, "Triggers": [], "Planner Runtime": 30.808, "Total Runtime": 55584.12, "Unique SQL Id": 3628361425}}, "(16, 86)": {"explain_plan": {"Plan": {"Node Type": "Sort", "Startup Cost": 1531828.53, "Total Cost": 1531828.53, "Plan Rows": 1, "Plan Width": 74, "Sort Key": ["nation.n_name", "(date_part('year'::text, orders.o_orderdate)) DESC"], "Plans": [{"Node Type": "Aggregate", "Strategy": "Hashed", "Parent Relationship": "Outer", "Startup Cost": 1531828.5, "Total Cost": 1531828.52, "Plan Rows": 1, "Plan Width": 74, "Group By Key": ["nation.n_name", "date_part('year'::text, orders.o_orderdate)"], "Plans": [{"Node Type": "Nested Loop", "Parent Relationship": "Outer", "Join Type": "Inner", "Startup Cost": 971360.37, "Total Cost": 1531828.49, "Plan Rows": 1, "Plan Width": 66, "Inner Unique": true, "Plans": [{"Node Type": "Nested Loop", "Parent Relationship": "Outer", "Join Type": "Inner", "Startup Cost": 971360.11, "Total Cost": 1531824.2, "Plan Rows": 1, "Plan Width": 44, "Inner Unique": true, "Plans": [{"Node Type": "Nested Loop", "Parent Relationship": "Outer", "Join Type": "Inner", "Startup Cost": 971359.85, "Total Cost": 1531819.92, "Plan Rows": 1, "Plan Width": 44, "Inner Unique": false, "Join Filter": "(supplier.s_suppkey = lineitem.l_suppkey)", "Plans": [{"Node Type": "Merge Join", "Parent Relationship": "Outer", "Join Type": "Inner", "Startup Cost": 971359.44, "Total Cost": 974413.99, "Plan Rows": 125630, "Plan Width": 44, "Inner Unique": false, "Merge Cond": "(supplier.s_suppkey = partsupp.ps_suppkey)", "Plans": [{"Node Type": "Sort", "Parent Relationship": "Outer", "Startup Cost": 11587.82, "Total Cost": 11837.82, "Plan Rows": 100000, "Plan Width": 12, "Sort Key": ["supplier.s_suppkey"], "Plans": [{"Node Type": "Seq Scan", "Parent Relationship": "Outer", "Relation Name": "supplier", "Alias": "supplier", "Startup Cost": 0.0, "Total Cost": 3283.0, "Plan Rows": 100000, "Plan Width": 12}]}, {"Node Type": "Sort", "Parent Relationship": "Inner", "Startup Cost": 959771.6, "Total Cost": 960420.77, "Plan Rows": 259666, "Plan Width": 32, "Sort Key": ["partsupp.ps_suppkey"], "Plans": [{"Node Type": "Nested Loop", "Parent Relationship": "Outer", "Join Type": "Inner", "Startup Cost": 1.62, "Total Cost": 936419.45, "Plan Rows": 259666, "Plan Width": 32, "Inner Unique": false, "Plans": [{"Node Type": "Seq Scan", "Parent Relationship": "Outer", "Relation Name": "part", "Alias": "part", "Startup Cost": 0.0, "Total Cost": 66944.0, "Plan Rows": 89888, "Plan Width": 8, "Filter": "((p_name)::text ~~ '%dim%'::text)"}, {"Node Type": "Bitmap Heap Scan", "Parent Relationship": "Inner", "Relation Name": "partsupp", "Alias": "partsupp", "Startup Cost": 1.62, "Total Cost": 9.64, "Plan Rows": 3, "Plan Width": 24, "Recheck Cond": "(ps_partkey = part.p_partkey)", "Plans": [{"Node Type": "Bitmap Index Scan", "Parent Relationship": "Outer", "Index Name": "idx_partsupp_partkey", "Startup Cost": 0.0, "Total Cost": 1.62, "Plan Rows": 3, "Plan Width": 0, "Index Cond": "(ps_partkey = part.p_partkey)"}]}]}]}]}, {"Node Type": "Bitmap Heap Scan", "Parent Relationship": "Inner", "Relation Name": "lineitem", "Alias": "lineitem", "Startup Cost": 0.41, "Total Cost": 4.42, "Plan Rows": 1, "Plan Width": 48, "Recheck Cond": "((l_partkey = partsupp.ps_partkey) AND (l_suppkey = partsupp.ps_suppkey))", "Plans": [{"Node Type": "Bitmap Index Scan", "Parent Relationship": "Outer", "Index Name": "idx_lineitem_part_supp", "Startup Cost": 0.0, "Total Cost": 0.41, "Plan Rows": 1, "Plan Width": 0, "Index Cond": "((l_partkey = partsupp.ps_partkey) AND (l_suppkey = partsupp.ps_suppkey))"}]}]}, {"Node Type": "Bitmap Heap Scan", "Parent Relationship": "Inner", "Relation Name": "orders", "Alias": "orders", "Startup Cost": 0.26, "Total Cost": 4.27, "Plan Rows": 1, "Plan Width": 16, "Recheck Cond": "(o_orderkey = lineitem.l_orderkey)", "Plans": [{"Node Type": "Bitmap Index Scan", "Parent Relationship": "Outer", "Index Name": "orders_pkey", "Startup Cost": 0.0, "Total Cost": 0.26, "Plan Rows": 1, "Plan Width": 0, "Index Cond": "(o_orderkey = lineitem.l_orderkey)"}]}]}, {"Node Type": "Bitmap Heap Scan", "Parent Relationship": "Inner", "Relation Name": "nation", "Alias": "nation", "Startup Cost": 0.26, "Total Cost": 4.27, "Plan Rows": 1, "Plan Width": 30, "Recheck Cond": "(n_nationkey = supplier.s_nationkey)", "Plans": [{"Node Type": "Bitmap Index Scan", "Parent Relationship": "Outer", "Index Name": "nation_pkey", "Startup Cost": 0.0, "Total Cost": 0.26, "Plan Rows": 1, "Plan Width": 0, "Index Cond": "(n_nationkey = supplier.s_nationkey)"}]}]}]}]}, "Unique SQL Id": 3628361425}, "explain_analyze_plan": {"Plan": {"Node Type": "Sort", "Startup Cost": 1531828.53, "Total Cost": 1531828.53, "Plan Rows": 1, "Plan Width": 74, "Actual Startup Time": 69539.782, "Actual Total Time": 69539.795, "Actual Rows": 175, "Actual Loops": 1, "Sort Key": ["nation.n_name", "(date_part('year'::text, orders.o_orderdate)) DESC"], "Sort Method": "quicksort", "Sort Space Used": 52, "Sort Space Type": "Memory", "Plans": [{"Node Type": "Aggregate", "Strategy": "Hashed", "Parent Relationship": "Outer", "Startup Cost": 1531828.5, "Total Cost": 1531828.52, "Plan Rows": 1, "Plan Width": 74, "Actual Startup Time": 69539.408, "Actual Total Time": 69539.452, "Actual Rows": 175, "Actual Loops": 1, "Group By Key": ["nation.n_name", "date_part('year'::text, orders.o_orderdate)"], "Plans": [{"Node Type": "Nested Loop", "Parent Relationship": "Outer", "Join Type": "Inner", "Startup Cost": 971360.37, "Total Cost": 1531828.49, "Plan Rows": 1, "Plan Width": 66, "Actual Startup Time": 2286.563, "Actual Total Time": 65486.292, "Actual Rows": 3256948, "Actual Loops": 1, "Inner Unique": true, "Plans": [{"Node Type": "Nested Loop", "Parent Relationship": "Outer", "Join Type": "Inner", "Startup Cost": 971360.11, "Total Cost": 1531824.2, "Plan Rows": 1, "Plan Width": 44, "Actual Startup Time": 2286.518, "Actual Total Time": 51669.899, "Actual Rows": 3256948, "Actual Loops": 1, "Inner Unique": true, "Plans": [{"Node Type": "Nested Loop", "Parent Relationship": "Outer", "Join Type": "Inner", "Startup Cost": 971359.85, "Total Cost": 1531819.92, "Plan Rows": 1, "Plan Width": 44, "Actual Startup Time": 2286.481, "Actual Total Time": 18972.251, "Actual Rows": 3256948, "Actual Loops": 1, "Inner Unique": false, "Join Filter": "(supplier.s_suppkey = lineitem.l_suppkey)", "Rows Removed by Join Filter": 0, "Plans": [{"Node Type": "Merge Join", "Parent Relationship": "Outer", "Join Type": "Inner", "Startup Cost": 971359.44, "Total Cost": 974413.99, "Plan Rows": 125630, "Plan Width": 44, "Actual Startup Time": 2286.389, "Actual Total Time": 2800.231, "Actual Rows": 434204, "Actual Loops": 1, "Inner Unique": false, "Merge Cond": "(supplier.s_suppkey = partsupp.ps_suppkey)", "Plans": [{"Node Type": "Sort", "Parent Relationship": "Outer", "Startup Cost": 11587.82, "Total Cost": 11837.82, "Plan Rows": 100000, "Plan Width": 12, "Actual Startup Time": 65.578, "Actual Total Time": 88.34, "Actual Rows": 100000, "Actual Loops": 1, "Sort Key": ["supplier.s_suppkey"], "Sort Method": "quicksort", "Sort Space Used": 12448, "Sort Space Type": "Memory", "Plans": [{"Node Type": "Seq Scan", "Parent Relationship": "Outer", "Relation Name": "supplier", "Alias": "supplier", "Startup Cost": 0.0, "Total Cost": 3283.0, "Plan Rows": 100000, "Plan Width": 12, "Actual Startup Time": 0.029, "Actual Total Time": 33.95, "Actual Rows": 100000, "Actual Loops": 1}]}, {"Node Type": "Sort", "Parent Relationship": "Inner", "Startup Cost": 959771.6, "Total Cost": 960420.77, "Plan Rows": 259666, "Plan Width": 32, "Actual Startup Time": 2220.794, "Actual Total Time": 2383.978, "Actual Rows": 434204, "Actual Loops": 1, "Sort Key": ["partsupp.ps_suppkey"], "Sort Method": "quicksort", "Sort Space Used": 52995, "Sort Space Type": "Memory", "Plans": [{"Node Type": "Nested Loop", "Parent Relationship": "Outer", "Join Type": "Inner", "Startup Cost": 1.62, "Total Cost": 936419.45, "Plan Rows": 259666, "Plan Width": 32, "Actual Startup Time": 0.134, "Actual Total Time": 2052.445, "Actual Rows": 434204, "Actual Loops": 1, "Inner Unique": false, "Plans": [{"Node Type": "Seq Scan", "Parent Relationship": "Outer", "Relation Name": "part", "Alias": "part", "Startup Cost": 0.0, "Total Cost": 66944.0, "Plan Rows": 89888, "Plan Width": 8, "Actual Startup Time": 0.061, "Actual Total Time": 1014.104, "Actual Rows": 108551, "Actual Loops": 1, "Filter": "((p_name)::text ~~ '%dim%'::text)", "Rows Removed by Filter": 1891449}, {"Node Type": "Bitmap Heap Scan", "Parent Relationship": "Inner", "Relation Name": "partsupp", "Alias": "partsupp", "Startup Cost": 1.62, "Total Cost": 9.64, "Plan Rows": 3, "Plan Width": 24, "Actual Startup Time": 744.227, "Actual Total Time": 820.839, "Actual Rows": 434204, "Actual Loops": 108551, "Recheck Cond": "(ps_partkey = part.p_partkey)", "Rows Removed by Index Recheck": 0, "Exact Heap Blocks": 118409, "Lossy Heap Blocks": 118409, "Plans": [{"Node Type": "Bitmap Index Scan", "Parent Relationship": "Outer", "Index Name": "idx_partsupp_partkey", "Startup Cost": 0.0, "Total Cost": 1.62, "Plan Rows": 3, "Plan Width": 0, "Actual Startup Time": 368.402, "Actual Total Time": 368.402, "Actual Rows": 434204, "Actual Loops": 108551, "Index Cond": "(ps_partkey = part.p_partkey)"}]}]}]}]}, {"Node Type": "Bitmap Heap Scan", "Parent Relationship": "Inner", "Relation Name": "lineitem", "Alias": "lineitem", "Startup Cost": 0.41, "Total Cost": 4.42, "Plan Rows": 1, "Plan Width": 48, "Actual Startup Time": 5825.152, "Actual Total Time": 14103.459, "Actual Rows": 3256948, "Actual Loops": 434204, "Recheck Cond": "((l_partkey = partsupp.ps_partkey) AND (l_suppkey = partsupp.ps_suppkey))", "Rows Removed by Index Recheck": 0, "Exact Heap Blocks": 3256937, "Lossy Heap Blocks": 3256937, "Plans": [{"Node Type": "Bitmap Index Scan", "Parent Relationship": "Outer", "Index Name": "idx_lineitem_part_supp", "Startup Cost": 0.0, "Total Cost": 0.41, "Plan Rows": 1, "Plan Width": 0, "Actual Startup Time": 3795.206, "Actual Total Time": 3795.206, "Actual Rows": 3256948, "Actual Loops": 434204, "Index Cond": "((l_partkey = partsupp.ps_partkey) AND (l_suppkey = partsupp.ps_suppkey))"}]}]}, {"Node Type": "Bitmap Heap Scan", "Parent Relationship": "Inner", "Relation Name": "orders", "Alias": "orders", "Startup Cost": 0.26, "Total Cost": 4.27, "Plan Rows": 1, "Plan Width": 16, "Actual Startup Time": 28036.893, "Actual Total Time": 28036.893, "Actual Rows": 3256948, "Actual Loops": 3256948, "Recheck Cond": "(o_orderkey = lineitem.l_orderkey)", "Rows Removed by Index Recheck": 0, "Exact Heap Blocks": 3256948, "Lossy Heap Blocks": 3256948, "Plans": [{"Node Type": "Bitmap Index Scan", "Parent Relationship": "Outer", "Index Name": "orders_pkey", "Startup Cost": 0.0, "Total Cost": 0.26, "Plan Rows": 1, "Plan Width": 0, "Actual Startup Time": 18610.515, "Actual Total Time": 18610.515, "Actual Rows": 3256948, "Actual Loops": 3256948, "Index Cond": "(o_orderkey = lineitem.l_orderkey)"}]}]}, {"Node Type": "Bitmap Heap Scan", "Parent Relationship": "Inner", "Relation Name": "nation", "Alias": "nation", "Startup Cost": 0.26, "Total Cost": 4.27, "Plan Rows": 1, "Plan Width": 30, "Actual Startup Time": 7743.679, "Actual Total Time": 7743.679, "Actual Rows": 3256948, "Actual Loops": 3256948, "Recheck Cond": "(n_nationkey = supplier.s_nationkey)", "Rows Removed by Index Recheck": 0, "Exact Heap Blocks": 3256948, "Lossy Heap Blocks": 3256948, "Plans": [{"Node Type": "Bitmap Index Scan", "Parent Relationship": "Outer", "Index Name": "nation_pkey", "Startup Cost": 0.0, "Total Cost": 0.26, "Plan Rows": 1, "Plan Width": 0, "Actual Startup Time": 3340.024, "Actual Total Time": 3340.024, "Actual Rows": 3256948, "Actual Loops": 3256948, "Index Cond": "(n_nationkey = supplier.s_nationkey)"}]}]}]}]}, "Triggers": [], "Planner Runtime": 26.503, "Total Runtime": 69540.208, "Unique SQL Id": 3628361425}}, "(16, 87)": {"explain_plan": {"Plan": {"Node Type": "Sort", "Startup Cost": 1000008167021.57, "Total Cost": 1000008167021.58, "Plan Rows": 1, "Plan Width": 74, "Sort Key": ["nation.n_name", "(date_part('year'::text, orders.o_orderdate)) DESC"], "Plans": [{"Node Type": "Aggregate", "Strategy": "Hashed", "Parent Relationship": "Outer", "Startup Cost": 1000008167021.55, "Total Cost": 1000008167021.56, "Plan Rows": 1, "Plan Width": 74, "Group By Key": ["nation.n_name", "date_part('year'::text, orders.o_orderdate)"], "Plans": [{"Node Type": "Nested Loop", "Parent Relationship": "Outer", "Join Type": "Inner", "Startup Cost": 10000000002.75, "Total Cost": 1000008167021.53, "Plan Rows": 1, "Plan Width": 66, "Inner Unique": true, "Plans": [{"Node Type": "Nested Loop", "Parent Relationship": "Outer", "Join Type": "Inner", "Startup Cost": 10000000002.5, "Total Cost": 1000008167017.25, "Plan Rows": 1, "Plan Width": 44, "Inner Unique": true, "Plans": [{"Node Type": "Nested Loop", "Parent Relationship": "Outer", "Join Type": "Inner", "Startup Cost": 10000000002.24, "Total Cost": 1000008167012.96, "Plan Rows": 1, "Plan Width": 44, "Inner Unique": true, "Join Filter": "(partsupp.ps_partkey = part.p_partkey)", "Plans": [{"Node Type": "Nested Loop", "Parent Relationship": "Outer", "Join Type": "Inner", "Startup Cost": 10000000001.98, "Total Cost": 1000008166987.25, "Plan Rows": 6, "Plan Width": 60, "Inner Unique": false, "Join Filter": "(supplier.s_suppkey = lineitem.l_suppkey)", "Plans": [{"Node Type": "Nested Loop", "Parent Relationship": "Outer", "Join Type": "Inner", "Startup Cost": 10000000001.57, "Total Cost": 1000002201599.04, "Plan Rows": 1344499, "Plan Width": 36, "Inner Unique": false, "Plans": [{"Node Type": "Index Scan", "Parent Relationship": "Outer", "Scan Direction": "Forward", "Index Name": "idx_supplier_nation_key", "Relation Name": "supplier", "Alias": "supplier", "Startup Cost": 10000000000.0, "Total Cost": 1000001217556.78, "Plan Rows": 100000, "Plan Width": 12}, {"Node Type": "Bitmap Heap Scan", "Parent Relationship": "Inner", "Relation Name": "partsupp", "Alias": "partsupp", "Startup Cost": 1.57, "Total Cost": 9.71, "Plan Rows": 13, "Plan Width": 24, "Recheck Cond": "(ps_suppkey = supplier.s_suppkey)", "Plans": [{"Node Type": "Bitmap Index Scan", "Parent Relationship": "Outer", "Index Name": "idx_partsupp_suppkey", "Startup Cost": 0.0, "Total Cost": 1.56, "Plan Rows": 13, "Plan Width": 0, "Index Cond": "(ps_suppkey = supplier.s_suppkey)"}]}]}, {"Node Type": "Bitmap Heap Scan", "Parent Relationship": "Inner", "Relation Name": "lineitem", "Alias": "lineitem", "Startup Cost": 0.41, "Total Cost": 4.42, "Plan Rows": 1, "Plan Width": 48, "Recheck Cond": "((l_partkey = partsupp.ps_partkey) AND (l_suppkey = partsupp.ps_suppkey))", "Plans": [{"Node Type": "Bitmap Index Scan", "Parent Relationship": "Outer", "Index Name": "idx_lineitem_part_supp", "Startup Cost": 0.0, "Total Cost": 0.41, "Plan Rows": 1, "Plan Width": 0, "Index Cond": "((l_partkey = partsupp.ps_partkey) AND (l_suppkey = partsupp.ps_suppkey))"}]}]}, {"Node Type": "Bitmap Heap Scan", "Parent Relationship": "Inner", "Relation Name": "part", "Alias": "part", "Startup Cost": 0.26, "Total Cost": 4.27, "Plan Rows": 1, "Plan Width": 8, "Recheck Cond": "(p_partkey = lineitem.l_partkey)", "Filter": "((p_name)::text ~~ '%dim%'::text)", "Plans": [{"Node Type": "Bitmap Index Scan", "Parent Relationship": "Outer", "Index Name": "part_kpey", "Startup Cost": 0.0, "Total Cost": 0.26, "Plan Rows": 1, "Plan Width": 0, "Index Cond": "(p_partkey = lineitem.l_partkey)"}]}]}, {"Node Type": "Bitmap Heap Scan", "Parent Relationship": "Inner", "Relation Name": "orders", "Alias": "orders", "Startup Cost": 0.26, "Total Cost": 4.27, "Plan Rows": 1, "Plan Width": 16, "Recheck Cond": "(o_orderkey = lineitem.l_orderkey)", "Plans": [{"Node Type": "Bitmap Index Scan", "Parent Relationship": "Outer", "Index Name": "orders_pkey", "Startup Cost": 0.0, "Total Cost": 0.26, "Plan Rows": 1, "Plan Width": 0, "Index Cond": "(o_orderkey = lineitem.l_orderkey)"}]}]}, {"Node Type": "Bitmap Heap Scan", "Parent Relationship": "Inner", "Relation Name": "nation", "Alias": "nation", "Startup Cost": 0.26, "Total Cost": 4.27, "Plan Rows": 1, "Plan Width": 30, "Recheck Cond": "(n_nationkey = supplier.s_nationkey)", "Plans": [{"Node Type": "Bitmap Index Scan", "Parent Relationship": "Outer", "Index Name": "nation_pkey", "Startup Cost": 0.0, "Total Cost": 0.26, "Plan Rows": 1, "Plan Width": 0, "Index Cond": "(n_nationkey = supplier.s_nationkey)"}]}]}]}]}, "Unique SQL Id": 3628361425}, "explain_analyze_plan": null}, "(16, 88)": {"explain_plan": {"Plan": {"Node Type": "Sort", "Startup Cost": 685006.93, "Total Cost": 685006.94, "Plan Rows": 1, "Plan Width": 74, "Sort Key": ["nation.n_name", "(date_part('year'::text, orders.o_orderdate)) DESC"], "Plans": [{"Node Type": "Aggregate", "Strategy": "Hashed", "Parent Relationship": "Outer", "Startup Cost": 685006.91, "Total Cost": 685006.92, "Plan Rows": 1, "Plan Width": 74, "Group By Key": ["nation.n_name", "date_part('year'::text, orders.o_orderdate)"], "Plans": [{"Node Type": "Nested Loop", "Parent Relationship": "Outer", "Join Type": "Inner", "Startup Cost": 533118.21, "Total Cost": 685006.89, "Plan Rows": 1, "Plan Width": 66, "Inner Unique": true, "Plans": [{"Node Type": "Nested Loop", "Parent Relationship": "Outer", "Join Type": "Inner", "Startup Cost": 533118.21, "Total Cost": 685006.61, "Plan Rows": 1, "Plan Width": 44, "Inner Unique": true, "Plans": [{"Node Type": "Nested Loop", "Parent Relationship": "Outer", "Join Type": "Inner", "Startup Cost": 533118.21, "Total Cost": 685006.31, "Plan Rows": 1, "Plan Width": 44, "Inner Unique": false, "Join Filter": "(supplier.s_suppkey = lineitem.l_suppkey)", "Plans": [{"Node Type": "Merge Join", "Parent Relationship": "Outer", "Join Type": "Inner", "Startup Cost": 533118.21, "Total Cost": 541257.3, "Plan Rows": 125630, "Plan Width": 44, "Inner Unique": false, "Merge Cond": "(supplier.s_suppkey = partsupp.ps_suppkey)", "Plans": [{"Node Type": "Index Scan", "Parent Relationship": "Outer", "Scan Direction": "Forward", "Index Name": "supplier_pkey", "Relation Name": "supplier", "Alias": "supplier", "Startup Cost": 0.0, "Total Cost": 5334.54, "Plan Rows": 100000, "Plan Width": 12}, {"Node Type": "Sort", "Parent Relationship": "Inner", "Startup Cost": 533118.19, "Total Cost": 533767.36, "Plan Rows": 259666, "Plan Width": 32, "Sort Key": ["partsupp.ps_suppkey"], "Plans": [{"Node Type": "Nested Loop", "Parent Relationship": "Outer", "Join Type": "Inner", "Startup Cost": 0.0, "Total Cost": 509766.04, "Plan Rows": 259666, "Plan Width": 32, "Inner Unique": false, "Plans": [{"Node Type": "Seq Scan", "Parent Relationship": "Outer", "Relation Name": "part", "Alias": "part", "Startup Cost": 0.0, "Total Cost": 66944.0, "Plan Rows": 89888, "Plan Width": 8, "Filter": "((p_name)::text ~~ '%dim%'::text)"}, {"Node Type": "Index Scan", "Parent Relationship": "Inner", "Scan Direction": "Forward", "Index Name": "idx_partsupp_partkey", "Relation Name": "partsupp", "Alias": "partsupp", "Startup Cost": 0.0, "Total Cost": 4.9, "Plan Rows": 3, "Plan Width": 24, "Index Cond": "(ps_partkey = part.p_partkey)"}]}]}]}, {"Node Type": "Index Scan", "Parent Relationship": "Inner", "Scan Direction": "Forward", "Index Name": "idx_lineitem_part_supp", "Relation Name": "lineitem", "Alias": "lineitem", "Startup Cost": 0.0, "Total Cost": 1.13, "Plan Rows": 1, "Plan Width": 48, "Index Cond": "((l_partkey = partsupp.ps_partkey) AND (l_suppkey = partsupp.ps_suppkey))"}]}, {"Node Type": "Index Scan", "Parent Relationship": "Inner", "Scan Direction": "Forward", "Index Name": "orders_pkey", "Relation Name": "orders", "Alias": "orders", "Startup Cost": 0.0, "Total Cost": 0.29, "Plan Rows": 1, "Plan Width": 16, "Index Cond": "(o_orderkey = lineitem.l_orderkey)"}]}, {"Node Type": "Index Scan", "Parent Relationship": "Inner", "Scan Direction": "Forward", "Index Name": "nation_pkey", "Relation Name": "nation", "Alias": "nation", "Startup Cost": 0.0, "Total Cost": 0.27, "Plan Rows": 1, "Plan Width": 30, "Index Cond": "(n_nationkey = supplier.s_nationkey)"}]}]}]}, "Unique SQL Id": 3628361425}, "explain_analyze_plan": {"Plan": {"Node Type": "Sort", "Startup Cost": 685006.93, "Total Cost": 685006.94, "Plan Rows": 1, "Plan Width": 74, "Actual Startup Time": 55341.009, "Actual Total Time": 55341.022, "Actual Rows": 175, "Actual Loops": 1, "Sort Key": ["nation.n_name", "(date_part('year'::text, orders.o_orderdate)) DESC"], "Sort Method": "quicksort", "Sort Space Used": 52, "Sort Space Type": "Memory", "Plans": [{"Node Type": "Aggregate", "Strategy": "Hashed", "Parent Relationship": "Outer", "Startup Cost": 685006.91, "Total Cost": 685006.92, "Plan Rows": 1, "Plan Width": 74, "Actual Startup Time": 55340.641, "Actual Total Time": 55340.687, "Actual Rows": 175, "Actual Loops": 1, "Group By Key": ["nation.n_name", "date_part('year'::text, orders.o_orderdate)"], "Plans": [{"Node Type": "Nested Loop", "Parent Relationship": "Outer", "Join Type": "Inner", "Startup Cost": 533118.21, "Total Cost": 685006.89, "Plan Rows": 1, "Plan Width": 66, "Actual Startup Time": 2056.656, "Actual Total Time": 51373.687, "Actual Rows": 3256948, "Actual Loops": 1, "Inner Unique": true, "Plans": [{"Node Type": "Nested Loop", "Parent Relationship": "Outer", "Join Type": "Inner", "Startup Cost": 533118.21, "Total Cost": 685006.61, "Plan Rows": 1, "Plan Width": 44, "Actual Startup Time": 2056.627, "Actual Total Time": 42802.062, "Actual Rows": 3256948, "Actual Loops": 1, "Inner Unique": true, "Plans": [{"Node Type": "Nested Loop", "Parent Relationship": "Outer", "Join Type": "Inner", "Startup Cost": 533118.21, "Total Cost": 685006.31, "Plan Rows": 1, "Plan Width": 44, "Actual Startup Time": 2056.606, "Actual Total Time": 15879.99, "Actual Rows": 3256948, "Actual Loops": 1, "Inner Unique": false, "Join Filter": "(supplier.s_suppkey = lineitem.l_suppkey)", "Rows Removed by Join Filter": 0, "Plans": [{"Node Type": "Merge Join", "Parent Relationship": "Outer", "Join Type": "Inner", "Startup Cost": 533118.21, "Total Cost": 541257.3, "Plan Rows": 125630, "Plan Width": 44, "Actual Startup Time": 2056.53, "Actual Total Time": 2539.625, "Actual Rows": 434204, "Actual Loops": 1, "Inner Unique": false, "Merge Cond": "(supplier.s_suppkey = partsupp.ps_suppkey)", "Plans": [{"Node Type": "Index Scan", "Parent Relationship": "Outer", "Scan Direction": "Forward", "Index Name": "supplier_pkey", "Relation Name": "supplier", "Alias": "supplier", "Startup Cost": 0.0, "Total Cost": 5334.54, "Plan Rows": 100000, "Plan Width": 12, "Actual Startup Time": 0.029, "Actual Total Time": 84.481, "Actual Rows": 100000, "Actual Loops": 1}, {"Node Type": "Sort", "Parent Relationship": "Inner", "Startup Cost": 533118.19, "Total Cost": 533767.36, "Plan Rows": 259666, "Plan Width": 32, "Actual Startup Time": 2056.476, "Actual Total Time": 2218.535, "Actual Rows": 434204, "Actual Loops": 1, "Sort Key": ["partsupp.ps_suppkey"], "Sort Method": "quicksort", "Sort Space Used": 52995, "Sort Space Type": "Memory", "Plans": [{"Node Type": "Nested Loop", "Parent Relationship": "Outer", "Join Type": "Inner", "Startup Cost": 0.0, "Total Cost": 509766.04, "Plan Rows": 259666, "Plan Width": 32, "Actual Startup Time": 0.045, "Actual Total Time": 1882.267, "Actual Rows": 434204, "Actual Loops": 1, "Inner Unique": false, "Plans": [{"Node Type": "Seq Scan", "Parent Relationship": "Outer", "Relation Name": "part", "Alias": "part", "Startup Cost": 0.0, "Total Cost": 66944.0, "Plan Rows": 89888, "Plan Width": 8, "Actual Startup Time": 0.03, "Actual Total Time": 1006.229, "Actual Rows": 108551, "Actual Loops": 1, "Filter": "((p_name)::text ~~ '%dim%'::text)", "Rows Removed by Filter": 1891449}, {"Node Type": "Index Scan", "Parent Relationship": "Inner", "Scan Direction": "Forward", "Index Name": "idx_partsupp_partkey", "Relation Name": "partsupp", "Alias": "partsupp", "Startup Cost": 0.0, "Total Cost": 4.9, "Plan Rows": 3, "Plan Width": 24, "Actual Startup Time": 489.343, "Actual Total Time": 723.306, "Actual Rows": 434204, "Actual Loops": 108551, "Index Cond": "(ps_partkey = part.p_partkey)", "Rows Removed by Index Recheck": 0}]}]}]}, {"Node Type": "Index Scan", "Parent Relationship": "Inner", "Scan Direction": "Forward", "Index Name": "idx_lineitem_part_supp", "Relation Name": "lineitem", "Alias": "lineitem", "Startup Cost": 0.0, "Total Cost": 1.13, "Plan Rows": 1, "Plan Width": 48, "Actual Startup Time": 4085.211, "Actual Total Time": 11672.34, "Actual Rows": 3256948, "Actual Loops": 434204, "Index Cond": "((l_partkey = partsupp.ps_partkey) AND (l_suppkey = partsupp.ps_suppkey))", "Rows Removed by Index Recheck": 0}]}, {"Node Type": "Index Scan", "Parent Relationship": "Inner", "Scan Direction": "Forward", "Index Name": "orders_pkey", "Relation Name": "orders", "Alias": "orders", "Startup Cost": 0.0, "Total Cost": 0.29, "Plan Rows": 1, "Plan Width": 16, "Actual Startup Time": 24084.564, "Actual Total Time": 24084.564, "Actual Rows": 3256948, "Actual Loops": 3256948, "Index Cond": "(o_orderkey = lineitem.l_orderkey)", "Rows Removed by Index Recheck": 0}]}, {"Node Type": "Index Scan", "Parent Relationship": "Inner", "Scan Direction": "Forward", "Index Name": "nation_pkey", "Relation Name": "nation", "Alias": "nation", "Startup Cost": 0.0, "Total Cost": 0.27, "Plan Rows": 1, "Plan Width": 30, "Actual Startup Time": 4497.813, "Actual Total Time": 4497.813, "Actual Rows": 3256948, "Actual Loops": 3256948, "Index Cond": "(n_nationkey = supplier.s_nationkey)", "Rows Removed by Index Recheck": 0}]}]}]}, "Triggers": [], "Planner Runtime": 32.019, "Total Runtime": 55341.401, "Unique SQL Id": 3628361425}}, "(16, 89)": {"explain_plan": {"Plan": {"Node Type": "Sort", "Startup Cost": 723866.18, "Total Cost": 723866.19, "Plan Rows": 1, "Plan Width": 74, "Sort Key": ["nation.n_name", "(date_part('year'::text, orders.o_orderdate)) DESC"], "Plans": [{"Node Type": "Aggregate", "Strategy": "Hashed", "Parent Relationship": "Outer", "Startup Cost": 723866.16, "Total Cost": 723866.17, "Plan Rows": 1, "Plan Width": 74, "Group By Key": ["nation.n_name", "date_part('year'::text, orders.o_orderdate)"], "Plans": [{"Node Type": "Nested Loop", "Parent Relationship": "Outer", "Join Type": "Inner", "Startup Cost": 571977.46, "Total Cost": 723866.14, "Plan Rows": 1, "Plan Width": 66, "Inner Unique": true, "Plans": [{"Node Type": "Nested Loop", "Parent Relationship": "Outer", "Join Type": "Inner", "Startup Cost": 571977.46, "Total Cost": 723865.86, "Plan Rows": 1, "Plan Width": 44, "Inner Unique": true, "Plans": [{"Node Type": "Nested Loop", "Parent Relationship": "Outer", "Join Type": "Inner", "Startup Cost": 571977.46, "Total Cost": 723865.56, "Plan Rows": 1, "Plan Width": 44, "Inner Unique": false, "Join Filter": "(supplier.s_suppkey = lineitem.l_suppkey)", "Plans": [{"Node Type": "Merge Join", "Parent Relationship": "Outer", "Join Type": "Inner", "Startup Cost": 571977.46, "Total Cost": 580116.55, "Plan Rows": 125630, "Plan Width": 44, "Inner Unique": false, "Merge Cond": "(supplier.s_suppkey = partsupp.ps_suppkey)", "Plans": [{"Node Type": "Index Scan", "Parent Relationship": "Outer", "Scan Direction": "Forward", "Index Name": "supplier_pkey", "Relation Name": "supplier", "Alias": "supplier", "Startup Cost": 0.0, "Total Cost": 5334.54, "Plan Rows": 100000, "Plan Width": 12}, {"Node Type": "Sort", "Parent Relationship": "Inner", "Startup Cost": 571977.44, "Total Cost": 572626.61, "Plan Rows": 259666, "Plan Width": 32, "Sort Key": ["partsupp.ps_suppkey"], "Plans": [{"Node Type": "Nested Loop", "Parent Relationship": "Outer", "Join Type": "Inner", "Startup Cost": 0.0, "Total Cost": 548625.29, "Plan Rows": 259666, "Plan Width": 32, "Inner Unique": false, "Plans": [{"Node Type": "Index Scan", "Parent Relationship": "Outer", "Scan Direction": "Forward", "Index Name": "part_kpey", "Relation Name": "part", "Alias": "part", "Startup Cost": 0.0, "Total Cost": 105803.25, "Plan Rows": 89888, "Plan Width": 8, "Filter": "((p_name)::text ~~ '%dim%'::text)"}, {"Node Type": "Index Scan", "Parent Relationship": "Inner", "Scan Direction": "Forward", "Index Name": "idx_partsupp_partkey", "Relation Name": "partsupp", "Alias": "partsupp", "Startup Cost": 0.0, "Total Cost": 4.9, "Plan Rows": 3, "Plan Width": 24, "Index Cond": "(ps_partkey = part.p_partkey)"}]}]}]}, {"Node Type": "Index Scan", "Parent Relationship": "Inner", "Scan Direction": "Forward", "Index Name": "idx_lineitem_part_supp", "Relation Name": "lineitem", "Alias": "lineitem", "Startup Cost": 0.0, "Total Cost": 1.13, "Plan Rows": 1, "Plan Width": 48, "Index Cond": "((l_partkey = partsupp.ps_partkey) AND (l_suppkey = partsupp.ps_suppkey))"}]}, {"Node Type": "Index Scan", "Parent Relationship": "Inner", "Scan Direction": "Forward", "Index Name": "orders_pkey", "Relation Name": "orders", "Alias": "orders", "Startup Cost": 0.0, "Total Cost": 0.29, "Plan Rows": 1, "Plan Width": 16, "Index Cond": "(o_orderkey = lineitem.l_orderkey)"}]}, {"Node Type": "Index Scan", "Parent Relationship": "Inner", "Scan Direction": "Forward", "Index Name": "nation_pkey", "Relation Name": "nation", "Alias": "nation", "Startup Cost": 0.0, "Total Cost": 0.27, "Plan Rows": 1, "Plan Width": 30, "Index Cond": "(n_nationkey = supplier.s_nationkey)"}]}]}]}, "Unique SQL Id": 3628361425}, "explain_analyze_plan": {"Plan": {"Node Type": "Sort", "Startup Cost": 723866.18, "Total Cost": 723866.19, "Plan Rows": 1, "Plan Width": 74, "Actual Startup Time": 55583.76, "Actual Total Time": 55583.773, "Actual Rows": 175, "Actual Loops": 1, "Sort Key": ["nation.n_name", "(date_part('year'::text, orders.o_orderdate)) DESC"], "Sort Method": "quicksort", "Sort Space Used": 52, "Sort Space Type": "Memory", "Plans": [{"Node Type": "Aggregate", "Strategy": "Hashed", "Parent Relationship": "Outer", "Startup Cost": 723866.16, "Total Cost": 723866.17, "Plan Rows": 1, "Plan Width": 74, "Actual Startup Time": 55583.396, "Actual Total Time": 55583.435, "Actual Rows": 175, "Actual Loops": 1, "Group By Key": ["nation.n_name", "date_part('year'::text, orders.o_orderdate)"], "Plans": [{"Node Type": "Nested Loop", "Parent Relationship": "Outer", "Join Type": "Inner", "Startup Cost": 571977.46, "Total Cost": 723866.14, "Plan Rows": 1, "Plan Width": 66, "Actual Startup Time": 2808.856, "Actual Total Time": 51760.642, "Actual Rows": 3256948, "Actual Loops": 1, "Inner Unique": true, "Plans": [{"Node Type": "Nested Loop", "Parent Relationship": "Outer", "Join Type": "Inner", "Startup Cost": 571977.46, "Total Cost": 723865.86, "Plan Rows": 1, "Plan Width": 44, "Actual Startup Time": 2808.828, "Actual Total Time": 43212.092, "Actual Rows": 3256948, "Actual Loops": 1, "Inner Unique": true, "Plans": [{"Node Type": "Nested Loop", "Parent Relationship": "Outer", "Join Type": "Inner", "Startup Cost": 571977.46, "Total Cost": 723865.56, "Plan Rows": 1, "Plan Width": 44, "Actual Startup Time": 2808.805, "Actual Total Time": 16560.708, "Actual Rows": 3256948, "Actual Loops": 1, "Inner Unique": false, "Join Filter": "(supplier.s_suppkey = lineitem.l_suppkey)", "Rows Removed by Join Filter": 0, "Plans": [{"Node Type": "Merge Join", "Parent Relationship": "Outer", "Join Type": "Inner", "Startup Cost": 571977.46, "Total Cost": 580116.55, "Plan Rows": 125630, "Plan Width": 44, "Actual Startup Time": 2808.735, "Actual Total Time": 3299.844, "Actual Rows": 434204, "Actual Loops": 1, "Inner Unique": false, "Merge Cond": "(supplier.s_suppkey = partsupp.ps_suppkey)", "Plans": [{"Node Type": "Index Scan", "Parent Relationship": "Outer", "Scan Direction": "Forward", "Index Name": "supplier_pkey", "Relation Name": "supplier", "Alias": "supplier", "Startup Cost": 0.0, "Total Cost": 5334.54, "Plan Rows": 100000, "Plan Width": 12, "Actual Startup Time": 0.022, "Actual Total Time": 83.749, "Actual Rows": 100000, "Actual Loops": 1}, {"Node Type": "Sort", "Parent Relationship": "Inner", "Startup Cost": 571977.44, "Total Cost": 572626.61, "Plan Rows": 259666, "Plan Width": 32, "Actual Startup Time": 2808.699, "Actual Total Time": 2974.298, "Actual Rows": 434204, "Actual Loops": 1, "Sort Key": ["partsupp.ps_suppkey"], "Sort Method": "quicksort", "Sort Space Used": 52995, "Sort Space Type": "Memory", "Plans": [{"Node Type": "Nested Loop", "Parent Relationship": "Outer", "Join Type": "Inner", "Startup Cost": 0.0, "Total Cost": 548625.29, "Plan Rows": 259666, "Plan Width": 32, "Actual Startup Time": 0.042, "Actual Total Time": 2632.402, "Actual Rows": 434204, "Actual Loops": 1, "Inner Unique": false, "Plans": [{"Node Type": "Index Scan", "Parent Relationship": "Outer", "Scan Direction": "Forward", "Index Name": "part_kpey", "Relation Name": "part", "Alias": "part", "Startup Cost": 0.0, "Total Cost": 105803.25, "Plan Rows": 89888, "Plan Width": 8, "Actual Startup Time": 0.031, "Actual Total Time": 1675.35, "Actual Rows": 108551, "Actual Loops": 1, "Filter": "((p_name)::text ~~ '%dim%'::text)", "Rows Removed by Filter": 1891449}, {"Node Type": "Index Scan", "Parent Relationship": "Inner", "Scan Direction": "Forward", "Index Name": "idx_partsupp_partkey", "Relation Name": "partsupp", "Alias": "partsupp", "Startup Cost": 0.0, "Total Cost": 4.9, "Plan Rows": 3, "Plan Width": 24, "Actual Startup Time": 572.91, "Actual Total Time": 805.279, "Actual Rows": 434204, "Actual Loops": 108551, "Index Cond": "(ps_partkey = part.p_partkey)", "Rows Removed by Index Recheck": 0}]}]}]}, {"Node Type": "Index Scan", "Parent Relationship": "Inner", "Scan Direction": "Forward", "Index Name": "idx_lineitem_part_supp", "Relation Name": "lineitem", "Alias": "lineitem", "Startup Cost": 0.0, "Total Cost": 1.13, "Plan Rows": 1, "Plan Width": 48, "Actual Startup Time": 4004.802, "Actual Total Time": 11561.981, "Actual Rows": 3256948, "Actual Loops": 434204, "Index Cond": "((l_partkey = partsupp.ps_partkey) AND (l_suppkey = partsupp.ps_suppkey))", "Rows Removed by Index Recheck": 0}]}, {"Node Type": "Index Scan", "Parent Relationship": "Inner", "Scan Direction": "Forward", "Index Name": "orders_pkey", "Relation Name": "orders", "Alias": "orders", "Startup Cost": 0.0, "Total Cost": 0.29, "Plan Rows": 1, "Plan Width": 16, "Actual Startup Time": 23856.312, "Actual Total Time": 23856.312, "Actual Rows": 3256948, "Actual Loops": 3256948, "Index Cond": "(o_orderkey = lineitem.l_orderkey)", "Rows Removed by Index Recheck": 0}]}, {"Node Type": "Index Scan", "Parent Relationship": "Inner", "Scan Direction": "Forward", "Index Name": "nation_pkey", "Relation Name": "nation", "Alias": "nation", "Startup Cost": 0.0, "Total Cost": 0.27, "Plan Rows": 1, "Plan Width": 30, "Actual Startup Time": 4471.7, "Actual Total Time": 4471.7, "Actual Rows": 3256948, "Actual Loops": 3256948, "Index Cond": "(n_nationkey = supplier.s_nationkey)", "Rows Removed by Index Recheck": 0}]}]}]}, "Triggers": [], "Planner Runtime": 30.808, "Total Runtime": 55584.12, "Unique SQL Id": 3628361425}}, "(16, 90)": {"explain_plan": {"Plan": {"Node Type": "Sort", "Startup Cost": 13756964.97, "Total Cost": 13756964.97, "Plan Rows": 1, "Plan Width": 74, "Sort Key": ["nation.n_name", "(date_part('year'::text, orders.o_orderdate)) DESC"], "Plans": [{"Node Type": "Aggregate", "Strategy": "Hashed", "Parent Relationship": "Outer", "Startup Cost": 13756964.95, "Total Cost": 13756964.96, "Plan Rows": 1, "Plan Width": 74, "Group By Key": ["nation.n_name", "date_part('year'::text, orders.o_orderdate)"], "Plans": [{"Node Type": "Merge Join", "Parent Relationship": "Outer", "Join Type": "Inner", "Startup Cost": 13756964.78, "Total Cost": 13756964.93, "Plan Rows": 1, "Plan Width": 66, "Inner Unique": true, "Merge Cond": "(supplier.s_nationkey = nation.n_nationkey)", "Plans": [{"Node Type": "Sort", "Parent Relationship": "Outer", "Startup Cost": 13756962.95, "Total Cost": 13756962.96, "Plan Rows": 1, "Plan Width": 44, "Sort Key": ["supplier.s_nationkey"], "Plans": [{"Node Type": "Merge Join", "Parent Relationship": "Outer", "Join Type": "Inner", "Startup Cost": 13681968.29, "Total Cost": 13756962.94, "Plan Rows": 1, "Plan Width": 44, "Inner Unique": true, "Merge Cond": "(lineitem.l_orderkey = orders.o_orderkey)", "Plans": [{"Node Type": "Sort", "Parent Relationship": "Outer", "Startup Cost": 11467733.16, "Total Cost": 11467733.17, "Plan Rows": 1, "Plan Width": 44, "Sort Key": ["lineitem.l_orderkey"], "Plans": [{"Node Type": "Merge Join", "Parent Relationship": "Outer", "Join Type": "Inner", "Startup Cost": 11104537.17, "Total Cost": 11467733.15, "Plan Rows": 1, "Plan Width": 44, "Inner Unique": false, "Merge Cond": "(supplier.s_suppkey = lineitem.l_suppkey)", "Join Filter": "(partsupp.ps_partkey = lineitem.l_partkey)", "Plans": [{"Node Type": "Merge Join", "Parent Relationship": "Outer", "Join Type": "Inner", "Startup Cost": 1339623.07, "Total Cost": 1342677.62, "Plan Rows": 125630, "Plan Width": 44, "Inner Unique": false, "Merge Cond": "(supplier.s_suppkey = partsupp.ps_suppkey)", "Plans": [{"Node Type": "Sort", "Parent Relationship": "Outer", "Startup Cost": 11587.82, "Total Cost": 11837.82, "Plan Rows": 100000, "Plan Width": 12, "Sort Key": ["supplier.s_suppkey"], "Plans": [{"Node Type": "Seq Scan", "Parent Relationship": "Outer", "Relation Name": "supplier", "Alias": "supplier", "Startup Cost": 0.0, "Total Cost": 3283.0, "Plan Rows": 100000, "Plan Width": 12}]}, {"Node Type": "Sort", "Parent Relationship": "Inner", "Startup Cost": 1328035.23, "Total Cost": 1328684.4, "Plan Rows": 259666, "Plan Width": 32, "Sort Key": ["partsupp.ps_suppkey"], "Plans": [{"Node Type": "Merge Join", "Parent Relationship": "Outer", "Join Type": "Inner", "Startup Cost": 1261636.41, "Total Cost": 1304683.08, "Plan Rows": 259666, "Plan Width": 32, "Inner Unique": false, "Merge Cond": "(part.p_partkey = partsupp.ps_partkey)", "Plans": [{"Node Type": "Sort", "Parent Relationship": "Outer", "Startup Cost": 74339.91, "Total Cost": 74564.63, "Plan Rows": 89888, "Plan Width": 8, "Sort Key": ["part.p_partkey"], "Plans": [{"Node Type": "Seq Scan", "Parent Relationship": "Outer", "Relation Name": "part", "Alias": "part", "Startup Cost": 0.0, "Total Cost": 66944.0, "Plan Rows": 89888, "Plan Width": 8, "Filter": "((p_name)::text ~~ '%dim%'::text)"}]}, {"Node Type": "Sort", "Parent Relationship": "Inner", "Startup Cost": 1187295.8, "Total Cost": 1207296.73, "Plan Rows": 8000372, "Plan Width": 24, "Sort Key": ["partsupp.ps_partkey"], "Plans": [{"Node Type": "Seq Scan", "Parent Relationship": "Outer", "Relation Name": "partsupp", "Alias": "partsupp", "Startup Cost": 0.0, "Total Cost": 269987.72, "Plan Rows": 8000372, "Plan Width": 24}]}]}]}]}, {"Node Type": "Sort", "Parent Relationship": "Inner", "Startup Cost": 9764884.32, "Total Cost": 9914851.9, "Plan Rows": 59987033, "Plan Width": 48, "Sort Key": ["lineitem.l_suppkey"], "Plans": [{"Node Type": "Seq Scan", "Parent Relationship": "Outer", "Relation Name": "lineitem", "Alias": "lineitem", "Startup Cost": 0.0, "Total Cost": 2015115.33, "Plan Rows": 59987033, "Plan Width": 48}]}]}]}, {"Node Type": "Sort", "Parent Relationship": "Inner", "Startup Cost": 2214232.37, "Total Cost": 2251731.07, "Plan Rows": 14999479, "Plan Width": 16, "Sort Key": ["orders.o_orderkey"], "Plans": [{"Node Type": "Seq Scan", "Parent Relationship": "Outer", "Relation Name": "orders", "Alias": "orders", "Startup Cost": 0.0, "Total Cost": 426413.79, "Plan Rows": 14999479, "Plan Width": 16}]}]}]}, {"Node Type": "Sort", "Parent Relationship": "Inner", "Startup Cost": 1.83, "Total Cost": 1.89, "Plan Rows": 25, "Plan Width": 30, "Sort Key": ["nation.n_nationkey"], "Plans": [{"Node Type": "Seq Scan", "Parent Relationship": "Outer", "Relation Name": "nation", "Alias": "nation", "Startup Cost": 0.0, "Total Cost": 1.25, "Plan Rows": 25, "Plan Width": 30}]}]}]}]}, "Unique SQL Id": 3628361425}, "explain_analyze_plan": null}, "(16, 91)": {"explain_plan": {"Plan": {"Node Type": "Sort", "Startup Cost": 6000385245976.48, "Total Cost": 6000385245976.48, "Plan Rows": 1, "Plan Width": 74, "Sort Key": ["nation.n_name", "(date_part('year'::text, orders.o_orderdate)) DESC"], "Plans": [{"Node Type": "Aggregate", "Strategy": "Hashed", "Parent Relationship": "Outer", "Startup Cost": 6000385245976.45, "Total Cost": 6000385245976.47, "Plan Rows": 1, "Plan Width": 74, "Group By Key": ["nation.n_name", "date_part('year'::text, orders.o_orderdate)"], "Plans": [{"Node Type": "Nested Loop", "Parent Relationship": "Outer", "Join Type": "Inner", "Startup Cost": 2040412502993.44, "Total Cost": 6000385245976.44, "Plan Rows": 1, "Plan Width": 66, "Inner Unique": true, "Plans": [{"Node Type": "Nested Loop", "Parent Relationship": "Outer", "Join Type": "Inner", "Startup Cost": 2030412502993.44, "Total Cost": 5000385245949.41, "Plan Rows": 1, "Plan Width": 44, "Inner Unique": true, "Plans": [{"Node Type": "Merge Join", "Parent Relationship": "Outer", "Join Type": "Inner", "Startup Cost": 2020412502993.44, "Total Cost": 4000385245920.18, "Plan Rows": 1, "Plan Width": 44, "Inner Unique": true, "Merge Cond": "(lineitem.l_partkey = partsupp.ps_partkey)", "Join Filter": "(lineitem.l_suppkey = partsupp.ps_suppkey)", "Plans": [{"Node Type": "Merge Join", "Parent Relationship": "Outer", "Join Type": "Inner", "Startup Cost": 2010377109577.35, "Total Cost": 3000332641162.94, "Plan Rows": 118842, "Plan Width": 68, "Inner Unique": false, "Merge Cond": "(part.p_partkey = lineitem.l_partkey)", "Plans": [{"Node Type": "Index Scan", "Parent Relationship": "Outer", "Scan Direction": "Forward", "Index Name": "part_kpey", "Relation Name": "part", "Alias": "part", "Startup Cost": 10000000000.0, "Total Cost": 1000010580325.0, "Plan Rows": 89888, "Plan Width": 8, "Filter": "((p_name)::text ~~ '%dim%'::text)"}, {"Node Type": "Sort", "Parent Relationship": "Inner", "Startup Cost": 2000333054282.74, "Total Cost": 2000333063826.92, "Plan Rows": 3817671, "Plan Width": 60, "Sort Key": ["lineitem.l_partkey"], "Plans": [{"Node Type": "Merge Join", "Parent Relationship": "Outer", "Join Type": "Inner", "Startup Cost": 1010331765173.27, "Total Cost": 2000332636929.96, "Plan Rows": 3817671, "Plan Width": 60, "Inner Unique": false, "Merge Cond": "(supplier.s_suppkey = lineitem.l_suppkey)", "Plans": [{"Node Type": "Index Scan", "Parent Relationship": "Outer", "Scan Direction": "Forward", "Index Name": "supplier_pkey", "Relation Name": "supplier", "Alias": "supplier", "Startup Cost": 10000000000.0, "Total Cost": 1000000533454.38, "Plan Rows": 100000, "Plan Width": 12}, {"Node Type": "Sort", "Parent Relationship": "Inner", "Startup Cost": 1000331765143.49, "Total Cost": 1000331915111.07, "Plan Rows": 59987033, "Plan Width": 48, "Sort Key": ["lineitem.l_suppkey"], "Plans": [{"Node Type": "Index Scan", "Parent Relationship": "Outer", "Scan Direction": "Forward", "Index Name": "idx_lineitem_orderkey", "Relation Name": "lineitem", "Alias": "lineitem", "Startup Cost": 10000000000.0, "Total Cost": 1000324015374.5, "Plan Rows": 59987033, "Plan Width": 48}]}]}]}]}, {"Node Type": "Index Scan", "Parent Relationship": "Inner", "Scan Direction": "Forward", "Index Name": "partsupp_pkey", "Relation Name": "partsupp", "Alias": "partsupp", "Startup Cost": 10000000000.0, "Total Cost": 1000071640963.22, "Plan Rows": 8000372, "Plan Width": 24}]}, {"Node Type": "Index Scan", "Parent Relationship": "Inner", "Scan Direction": "Forward", "Index Name": "orders_pkey", "Relation Name": "orders", "Alias": "orders", "Startup Cost": 10000000000.0, "Total Cost": 1000000000029.23, "Plan Rows": 1, "Plan Width": 16, "Index Cond": "(o_orderkey = lineitem.l_orderkey)"}]}, {"Node Type": "Index Scan", "Parent Relationship": "Inner", "Scan Direction": "Forward", "Index Name": "nation_pkey", "Relation Name": "nation", "Alias": "nation", "Startup Cost": 10000000000.0, "Total Cost": 1000000000027.01, "Plan Rows": 1, "Plan Width": 30, "Index Cond": "(n_nationkey = supplier.s_nationkey)"}]}]}]}, "Unique SQL Id": 3628361425}, "explain_analyze_plan": null}, "(16, 92)": {"explain_plan": {"Plan": {"Node Type": "Sort", "Startup Cost": 685006.93, "Total Cost": 685006.94, "Plan Rows": 1, "Plan Width": 74, "Sort Key": ["nation.n_name", "(date_part('year'::text, orders.o_orderdate)) DESC"], "Plans": [{"Node Type": "Aggregate", "Strategy": "Hashed", "Parent Relationship": "Outer", "Startup Cost": 685006.91, "Total Cost": 685006.92, "Plan Rows": 1, "Plan Width": 74, "Group By Key": ["nation.n_name", "date_part('year'::text, orders.o_orderdate)"], "Plans": [{"Node Type": "Nested Loop", "Parent Relationship": "Outer", "Join Type": "Inner", "Startup Cost": 533118.21, "Total Cost": 685006.89, "Plan Rows": 1, "Plan Width": 66, "Inner Unique": true, "Plans": [{"Node Type": "Nested Loop", "Parent Relationship": "Outer", "Join Type": "Inner", "Startup Cost": 533118.21, "Total Cost": 685006.61, "Plan Rows": 1, "Plan Width": 44, "Inner Unique": true, "Plans": [{"Node Type": "Nested Loop", "Parent Relationship": "Outer", "Join Type": "Inner", "Startup Cost": 533118.21, "Total Cost": 685006.31, "Plan Rows": 1, "Plan Width": 44, "Inner Unique": false, "Join Filter": "(supplier.s_suppkey = lineitem.l_suppkey)", "Plans": [{"Node Type": "Merge Join", "Parent Relationship": "Outer", "Join Type": "Inner", "Startup Cost": 533118.21, "Total Cost": 541257.3, "Plan Rows": 125630, "Plan Width": 44, "Inner Unique": false, "Merge Cond": "(supplier.s_suppkey = partsupp.ps_suppkey)", "Plans": [{"Node Type": "Index Scan", "Parent Relationship": "Outer", "Scan Direction": "Forward", "Index Name": "supplier_pkey", "Relation Name": "supplier", "Alias": "supplier", "Startup Cost": 0.0, "Total Cost": 5334.54, "Plan Rows": 100000, "Plan Width": 12}, {"Node Type": "Sort", "Parent Relationship": "Inner", "Startup Cost": 533118.19, "Total Cost": 533767.36, "Plan Rows": 259666, "Plan Width": 32, "Sort Key": ["partsupp.ps_suppkey"], "Plans": [{"Node Type": "Nested Loop", "Parent Relationship": "Outer", "Join Type": "Inner", "Startup Cost": 0.0, "Total Cost": 509766.04, "Plan Rows": 259666, "Plan Width": 32, "Inner Unique": false, "Plans": [{"Node Type": "Seq Scan", "Parent Relationship": "Outer", "Relation Name": "part", "Alias": "part", "Startup Cost": 0.0, "Total Cost": 66944.0, "Plan Rows": 89888, "Plan Width": 8, "Filter": "((p_name)::text ~~ '%dim%'::text)"}, {"Node Type": "Index Scan", "Parent Relationship": "Inner", "Scan Direction": "Forward", "Index Name": "idx_partsupp_partkey", "Relation Name": "partsupp", "Alias": "partsupp", "Startup Cost": 0.0, "Total Cost": 4.9, "Plan Rows": 3, "Plan Width": 24, "Index Cond": "(ps_partkey = part.p_partkey)"}]}]}]}, {"Node Type": "Index Scan", "Parent Relationship": "Inner", "Scan Direction": "Forward", "Index Name": "idx_lineitem_part_supp", "Relation Name": "lineitem", "Alias": "lineitem", "Startup Cost": 0.0, "Total Cost": 1.13, "Plan Rows": 1, "Plan Width": 48, "Index Cond": "((l_partkey = partsupp.ps_partkey) AND (l_suppkey = partsupp.ps_suppkey))"}]}, {"Node Type": "Index Scan", "Parent Relationship": "Inner", "Scan Direction": "Forward", "Index Name": "orders_pkey", "Relation Name": "orders", "Alias": "orders", "Startup Cost": 0.0, "Total Cost": 0.29, "Plan Rows": 1, "Plan Width": 16, "Index Cond": "(o_orderkey = lineitem.l_orderkey)"}]}, {"Node Type": "Index Scan", "Parent Relationship": "Inner", "Scan Direction": "Forward", "Index Name": "nation_pkey", "Relation Name": "nation", "Alias": "nation", "Startup Cost": 0.0, "Total Cost": 0.27, "Plan Rows": 1, "Plan Width": 30, "Index Cond": "(n_nationkey = supplier.s_nationkey)"}]}]}]}, "Unique SQL Id": 3628361425}, "explain_analyze_plan": {"Plan": {"Node Type": "Sort", "Startup Cost": 685006.93, "Total Cost": 685006.94, "Plan Rows": 1, "Plan Width": 74, "Actual Startup Time": 55341.009, "Actual Total Time": 55341.022, "Actual Rows": 175, "Actual Loops": 1, "Sort Key": ["nation.n_name", "(date_part('year'::text, orders.o_orderdate)) DESC"], "Sort Method": "quicksort", "Sort Space Used": 52, "Sort Space Type": "Memory", "Plans": [{"Node Type": "Aggregate", "Strategy": "Hashed", "Parent Relationship": "Outer", "Startup Cost": 685006.91, "Total Cost": 685006.92, "Plan Rows": 1, "Plan Width": 74, "Actual Startup Time": 55340.641, "Actual Total Time": 55340.687, "Actual Rows": 175, "Actual Loops": 1, "Group By Key": ["nation.n_name", "date_part('year'::text, orders.o_orderdate)"], "Plans": [{"Node Type": "Nested Loop", "Parent Relationship": "Outer", "Join Type": "Inner", "Startup Cost": 533118.21, "Total Cost": 685006.89, "Plan Rows": 1, "Plan Width": 66, "Actual Startup Time": 2056.656, "Actual Total Time": 51373.687, "Actual Rows": 3256948, "Actual Loops": 1, "Inner Unique": true, "Plans": [{"Node Type": "Nested Loop", "Parent Relationship": "Outer", "Join Type": "Inner", "Startup Cost": 533118.21, "Total Cost": 685006.61, "Plan Rows": 1, "Plan Width": 44, "Actual Startup Time": 2056.627, "Actual Total Time": 42802.062, "Actual Rows": 3256948, "Actual Loops": 1, "Inner Unique": true, "Plans": [{"Node Type": "Nested Loop", "Parent Relationship": "Outer", "Join Type": "Inner", "Startup Cost": 533118.21, "Total Cost": 685006.31, "Plan Rows": 1, "Plan Width": 44, "Actual Startup Time": 2056.606, "Actual Total Time": 15879.99, "Actual Rows": 3256948, "Actual Loops": 1, "Inner Unique": false, "Join Filter": "(supplier.s_suppkey = lineitem.l_suppkey)", "Rows Removed by Join Filter": 0, "Plans": [{"Node Type": "Merge Join", "Parent Relationship": "Outer", "Join Type": "Inner", "Startup Cost": 533118.21, "Total Cost": 541257.3, "Plan Rows": 125630, "Plan Width": 44, "Actual Startup Time": 2056.53, "Actual Total Time": 2539.625, "Actual Rows": 434204, "Actual Loops": 1, "Inner Unique": false, "Merge Cond": "(supplier.s_suppkey = partsupp.ps_suppkey)", "Plans": [{"Node Type": "Index Scan", "Parent Relationship": "Outer", "Scan Direction": "Forward", "Index Name": "supplier_pkey", "Relation Name": "supplier", "Alias": "supplier", "Startup Cost": 0.0, "Total Cost": 5334.54, "Plan Rows": 100000, "Plan Width": 12, "Actual Startup Time": 0.029, "Actual Total Time": 84.481, "Actual Rows": 100000, "Actual Loops": 1}, {"Node Type": "Sort", "Parent Relationship": "Inner", "Startup Cost": 533118.19, "Total Cost": 533767.36, "Plan Rows": 259666, "Plan Width": 32, "Actual Startup Time": 2056.476, "Actual Total Time": 2218.535, "Actual Rows": 434204, "Actual Loops": 1, "Sort Key": ["partsupp.ps_suppkey"], "Sort Method": "quicksort", "Sort Space Used": 52995, "Sort Space Type": "Memory", "Plans": [{"Node Type": "Nested Loop", "Parent Relationship": "Outer", "Join Type": "Inner", "Startup Cost": 0.0, "Total Cost": 509766.04, "Plan Rows": 259666, "Plan Width": 32, "Actual Startup Time": 0.045, "Actual Total Time": 1882.267, "Actual Rows": 434204, "Actual Loops": 1, "Inner Unique": false, "Plans": [{"Node Type": "Seq Scan", "Parent Relationship": "Outer", "Relation Name": "part", "Alias": "part", "Startup Cost": 0.0, "Total Cost": 66944.0, "Plan Rows": 89888, "Plan Width": 8, "Actual Startup Time": 0.03, "Actual Total Time": 1006.229, "Actual Rows": 108551, "Actual Loops": 1, "Filter": "((p_name)::text ~~ '%dim%'::text)", "Rows Removed by Filter": 1891449}, {"Node Type": "Index Scan", "Parent Relationship": "Inner", "Scan Direction": "Forward", "Index Name": "idx_partsupp_partkey", "Relation Name": "partsupp", "Alias": "partsupp", "Startup Cost": 0.0, "Total Cost": 4.9, "Plan Rows": 3, "Plan Width": 24, "Actual Startup Time": 489.343, "Actual Total Time": 723.306, "Actual Rows": 434204, "Actual Loops": 108551, "Index Cond": "(ps_partkey = part.p_partkey)", "Rows Removed by Index Recheck": 0}]}]}]}, {"Node Type": "Index Scan", "Parent Relationship": "Inner", "Scan Direction": "Forward", "Index Name": "idx_lineitem_part_supp", "Relation Name": "lineitem", "Alias": "lineitem", "Startup Cost": 0.0, "Total Cost": 1.13, "Plan Rows": 1, "Plan Width": 48, "Actual Startup Time": 4085.211, "Actual Total Time": 11672.34, "Actual Rows": 3256948, "Actual Loops": 434204, "Index Cond": "((l_partkey = partsupp.ps_partkey) AND (l_suppkey = partsupp.ps_suppkey))", "Rows Removed by Index Recheck": 0}]}, {"Node Type": "Index Scan", "Parent Relationship": "Inner", "Scan Direction": "Forward", "Index Name": "orders_pkey", "Relation Name": "orders", "Alias": "orders", "Startup Cost": 0.0, "Total Cost": 0.29, "Plan Rows": 1, "Plan Width": 16, "Actual Startup Time": 24084.564, "Actual Total Time": 24084.564, "Actual Rows": 3256948, "Actual Loops": 3256948, "Index Cond": "(o_orderkey = lineitem.l_orderkey)", "Rows Removed by Index Recheck": 0}]}, {"Node Type": "Index Scan", "Parent Relationship": "Inner", "Scan Direction": "Forward", "Index Name": "nation_pkey", "Relation Name": "nation", "Alias": "nation", "Startup Cost": 0.0, "Total Cost": 0.27, "Plan Rows": 1, "Plan Width": 30, "Actual Startup Time": 4497.813, "Actual Total Time": 4497.813, "Actual Rows": 3256948, "Actual Loops": 3256948, "Index Cond": "(n_nationkey = supplier.s_nationkey)", "Rows Removed by Index Recheck": 0}]}]}]}, "Triggers": [], "Planner Runtime": 32.019, "Total Runtime": 55341.401, "Unique SQL Id": 3628361425}}, "(16, 93)": {"explain_plan": {"Plan": {"Node Type": "Sort", "Startup Cost": 723866.18, "Total Cost": 723866.19, "Plan Rows": 1, "Plan Width": 74, "Sort Key": ["nation.n_name", "(date_part('year'::text, orders.o_orderdate)) DESC"], "Plans": [{"Node Type": "Aggregate", "Strategy": "Hashed", "Parent Relationship": "Outer", "Startup Cost": 723866.16, "Total Cost": 723866.17, "Plan Rows": 1, "Plan Width": 74, "Group By Key": ["nation.n_name", "date_part('year'::text, orders.o_orderdate)"], "Plans": [{"Node Type": "Nested Loop", "Parent Relationship": "Outer", "Join Type": "Inner", "Startup Cost": 571977.46, "Total Cost": 723866.14, "Plan Rows": 1, "Plan Width": 66, "Inner Unique": true, "Plans": [{"Node Type": "Nested Loop", "Parent Relationship": "Outer", "Join Type": "Inner", "Startup Cost": 571977.46, "Total Cost": 723865.86, "Plan Rows": 1, "Plan Width": 44, "Inner Unique": true, "Plans": [{"Node Type": "Nested Loop", "Parent Relationship": "Outer", "Join Type": "Inner", "Startup Cost": 571977.46, "Total Cost": 723865.56, "Plan Rows": 1, "Plan Width": 44, "Inner Unique": false, "Join Filter": "(supplier.s_suppkey = lineitem.l_suppkey)", "Plans": [{"Node Type": "Merge Join", "Parent Relationship": "Outer", "Join Type": "Inner", "Startup Cost": 571977.46, "Total Cost": 580116.55, "Plan Rows": 125630, "Plan Width": 44, "Inner Unique": false, "Merge Cond": "(supplier.s_suppkey = partsupp.ps_suppkey)", "Plans": [{"Node Type": "Index Scan", "Parent Relationship": "Outer", "Scan Direction": "Forward", "Index Name": "supplier_pkey", "Relation Name": "supplier", "Alias": "supplier", "Startup Cost": 0.0, "Total Cost": 5334.54, "Plan Rows": 100000, "Plan Width": 12}, {"Node Type": "Sort", "Parent Relationship": "Inner", "Startup Cost": 571977.44, "Total Cost": 572626.61, "Plan Rows": 259666, "Plan Width": 32, "Sort Key": ["partsupp.ps_suppkey"], "Plans": [{"Node Type": "Nested Loop", "Parent Relationship": "Outer", "Join Type": "Inner", "Startup Cost": 0.0, "Total Cost": 548625.29, "Plan Rows": 259666, "Plan Width": 32, "Inner Unique": false, "Plans": [{"Node Type": "Index Scan", "Parent Relationship": "Outer", "Scan Direction": "Forward", "Index Name": "part_kpey", "Relation Name": "part", "Alias": "part", "Startup Cost": 0.0, "Total Cost": 105803.25, "Plan Rows": 89888, "Plan Width": 8, "Filter": "((p_name)::text ~~ '%dim%'::text)"}, {"Node Type": "Index Scan", "Parent Relationship": "Inner", "Scan Direction": "Forward", "Index Name": "idx_partsupp_partkey", "Relation Name": "partsupp", "Alias": "partsupp", "Startup Cost": 0.0, "Total Cost": 4.9, "Plan Rows": 3, "Plan Width": 24, "Index Cond": "(ps_partkey = part.p_partkey)"}]}]}]}, {"Node Type": "Index Scan", "Parent Relationship": "Inner", "Scan Direction": "Forward", "Index Name": "idx_lineitem_part_supp", "Relation Name": "lineitem", "Alias": "lineitem", "Startup Cost": 0.0, "Total Cost": 1.13, "Plan Rows": 1, "Plan Width": 48, "Index Cond": "((l_partkey = partsupp.ps_partkey) AND (l_suppkey = partsupp.ps_suppkey))"}]}, {"Node Type": "Index Scan", "Parent Relationship": "Inner", "Scan Direction": "Forward", "Index Name": "orders_pkey", "Relation Name": "orders", "Alias": "orders", "Startup Cost": 0.0, "Total Cost": 0.29, "Plan Rows": 1, "Plan Width": 16, "Index Cond": "(o_orderkey = lineitem.l_orderkey)"}]}, {"Node Type": "Index Scan", "Parent Relationship": "Inner", "Scan Direction": "Forward", "Index Name": "nation_pkey", "Relation Name": "nation", "Alias": "nation", "Startup Cost": 0.0, "Total Cost": 0.27, "Plan Rows": 1, "Plan Width": 30, "Index Cond": "(n_nationkey = supplier.s_nationkey)"}]}]}]}, "Unique SQL Id": 3628361425}, "explain_analyze_plan": {"Plan": {"Node Type": "Sort", "Startup Cost": 723866.18, "Total Cost": 723866.19, "Plan Rows": 1, "Plan Width": 74, "Actual Startup Time": 55583.76, "Actual Total Time": 55583.773, "Actual Rows": 175, "Actual Loops": 1, "Sort Key": ["nation.n_name", "(date_part('year'::text, orders.o_orderdate)) DESC"], "Sort Method": "quicksort", "Sort Space Used": 52, "Sort Space Type": "Memory", "Plans": [{"Node Type": "Aggregate", "Strategy": "Hashed", "Parent Relationship": "Outer", "Startup Cost": 723866.16, "Total Cost": 723866.17, "Plan Rows": 1, "Plan Width": 74, "Actual Startup Time": 55583.396, "Actual Total Time": 55583.435, "Actual Rows": 175, "Actual Loops": 1, "Group By Key": ["nation.n_name", "date_part('year'::text, orders.o_orderdate)"], "Plans": [{"Node Type": "Nested Loop", "Parent Relationship": "Outer", "Join Type": "Inner", "Startup Cost": 571977.46, "Total Cost": 723866.14, "Plan Rows": 1, "Plan Width": 66, "Actual Startup Time": 2808.856, "Actual Total Time": 51760.642, "Actual Rows": 3256948, "Actual Loops": 1, "Inner Unique": true, "Plans": [{"Node Type": "Nested Loop", "Parent Relationship": "Outer", "Join Type": "Inner", "Startup Cost": 571977.46, "Total Cost": 723865.86, "Plan Rows": 1, "Plan Width": 44, "Actual Startup Time": 2808.828, "Actual Total Time": 43212.092, "Actual Rows": 3256948, "Actual Loops": 1, "Inner Unique": true, "Plans": [{"Node Type": "Nested Loop", "Parent Relationship": "Outer", "Join Type": "Inner", "Startup Cost": 571977.46, "Total Cost": 723865.56, "Plan Rows": 1, "Plan Width": 44, "Actual Startup Time": 2808.805, "Actual Total Time": 16560.708, "Actual Rows": 3256948, "Actual Loops": 1, "Inner Unique": false, "Join Filter": "(supplier.s_suppkey = lineitem.l_suppkey)", "Rows Removed by Join Filter": 0, "Plans": [{"Node Type": "Merge Join", "Parent Relationship": "Outer", "Join Type": "Inner", "Startup Cost": 571977.46, "Total Cost": 580116.55, "Plan Rows": 125630, "Plan Width": 44, "Actual Startup Time": 2808.735, "Actual Total Time": 3299.844, "Actual Rows": 434204, "Actual Loops": 1, "Inner Unique": false, "Merge Cond": "(supplier.s_suppkey = partsupp.ps_suppkey)", "Plans": [{"Node Type": "Index Scan", "Parent Relationship": "Outer", "Scan Direction": "Forward", "Index Name": "supplier_pkey", "Relation Name": "supplier", "Alias": "supplier", "Startup Cost": 0.0, "Total Cost": 5334.54, "Plan Rows": 100000, "Plan Width": 12, "Actual Startup Time": 0.022, "Actual Total Time": 83.749, "Actual Rows": 100000, "Actual Loops": 1}, {"Node Type": "Sort", "Parent Relationship": "Inner", "Startup Cost": 571977.44, "Total Cost": 572626.61, "Plan Rows": 259666, "Plan Width": 32, "Actual Startup Time": 2808.699, "Actual Total Time": 2974.298, "Actual Rows": 434204, "Actual Loops": 1, "Sort Key": ["partsupp.ps_suppkey"], "Sort Method": "quicksort", "Sort Space Used": 52995, "Sort Space Type": "Memory", "Plans": [{"Node Type": "Nested Loop", "Parent Relationship": "Outer", "Join Type": "Inner", "Startup Cost": 0.0, "Total Cost": 548625.29, "Plan Rows": 259666, "Plan Width": 32, "Actual Startup Time": 0.042, "Actual Total Time": 2632.402, "Actual Rows": 434204, "Actual Loops": 1, "Inner Unique": false, "Plans": [{"Node Type": "Index Scan", "Parent Relationship": "Outer", "Scan Direction": "Forward", "Index Name": "part_kpey", "Relation Name": "part", "Alias": "part", "Startup Cost": 0.0, "Total Cost": 105803.25, "Plan Rows": 89888, "Plan Width": 8, "Actual Startup Time": 0.031, "Actual Total Time": 1675.35, "Actual Rows": 108551, "Actual Loops": 1, "Filter": "((p_name)::text ~~ '%dim%'::text)", "Rows Removed by Filter": 1891449}, {"Node Type": "Index Scan", "Parent Relationship": "Inner", "Scan Direction": "Forward", "Index Name": "idx_partsupp_partkey", "Relation Name": "partsupp", "Alias": "partsupp", "Startup Cost": 0.0, "Total Cost": 4.9, "Plan Rows": 3, "Plan Width": 24, "Actual Startup Time": 572.91, "Actual Total Time": 805.279, "Actual Rows": 434204, "Actual Loops": 108551, "Index Cond": "(ps_partkey = part.p_partkey)", "Rows Removed by Index Recheck": 0}]}]}]}, {"Node Type": "Index Scan", "Parent Relationship": "Inner", "Scan Direction": "Forward", "Index Name": "idx_lineitem_part_supp", "Relation Name": "lineitem", "Alias": "lineitem", "Startup Cost": 0.0, "Total Cost": 1.13, "Plan Rows": 1, "Plan Width": 48, "Actual Startup Time": 4004.802, "Actual Total Time": 11561.981, "Actual Rows": 3256948, "Actual Loops": 434204, "Index Cond": "((l_partkey = partsupp.ps_partkey) AND (l_suppkey = partsupp.ps_suppkey))", "Rows Removed by Index Recheck": 0}]}, {"Node Type": "Index Scan", "Parent Relationship": "Inner", "Scan Direction": "Forward", "Index Name": "orders_pkey", "Relation Name": "orders", "Alias": "orders", "Startup Cost": 0.0, "Total Cost": 0.29, "Plan Rows": 1, "Plan Width": 16, "Actual Startup Time": 23856.312, "Actual Total Time": 23856.312, "Actual Rows": 3256948, "Actual Loops": 3256948, "Index Cond": "(o_orderkey = lineitem.l_orderkey)", "Rows Removed by Index Recheck": 0}]}, {"Node Type": "Index Scan", "Parent Relationship": "Inner", "Scan Direction": "Forward", "Index Name": "nation_pkey", "Relation Name": "nation", "Alias": "nation", "Startup Cost": 0.0, "Total Cost": 0.27, "Plan Rows": 1, "Plan Width": 30, "Actual Startup Time": 4471.7, "Actual Total Time": 4471.7, "Actual Rows": 3256948, "Actual Loops": 3256948, "Index Cond": "(n_nationkey = supplier.s_nationkey)", "Rows Removed by Index Recheck": 0}]}]}]}, "Triggers": [], "Planner Runtime": 30.808, "Total Runtime": 55584.12, "Unique SQL Id": 3628361425}}, "(16, 94)": {"explain_plan": {"Plan": {"Node Type": "Sort", "Startup Cost": 13756964.97, "Total Cost": 13756964.97, "Plan Rows": 1, "Plan Width": 74, "Sort Key": ["nation.n_name", "(date_part('year'::text, orders.o_orderdate)) DESC"], "Plans": [{"Node Type": "Aggregate", "Strategy": "Hashed", "Parent Relationship": "Outer", "Startup Cost": 13756964.95, "Total Cost": 13756964.96, "Plan Rows": 1, "Plan Width": 74, "Group By Key": ["nation.n_name", "date_part('year'::text, orders.o_orderdate)"], "Plans": [{"Node Type": "Merge Join", "Parent Relationship": "Outer", "Join Type": "Inner", "Startup Cost": 13756964.78, "Total Cost": 13756964.93, "Plan Rows": 1, "Plan Width": 66, "Inner Unique": true, "Merge Cond": "(supplier.s_nationkey = nation.n_nationkey)", "Plans": [{"Node Type": "Sort", "Parent Relationship": "Outer", "Startup Cost": 13756962.95, "Total Cost": 13756962.96, "Plan Rows": 1, "Plan Width": 44, "Sort Key": ["supplier.s_nationkey"], "Plans": [{"Node Type": "Merge Join", "Parent Relationship": "Outer", "Join Type": "Inner", "Startup Cost": 13681968.29, "Total Cost": 13756962.94, "Plan Rows": 1, "Plan Width": 44, "Inner Unique": true, "Merge Cond": "(lineitem.l_orderkey = orders.o_orderkey)", "Plans": [{"Node Type": "Sort", "Parent Relationship": "Outer", "Startup Cost": 11467733.16, "Total Cost": 11467733.17, "Plan Rows": 1, "Plan Width": 44, "Sort Key": ["lineitem.l_orderkey"], "Plans": [{"Node Type": "Merge Join", "Parent Relationship": "Outer", "Join Type": "Inner", "Startup Cost": 11104537.17, "Total Cost": 11467733.15, "Plan Rows": 1, "Plan Width": 44, "Inner Unique": false, "Merge Cond": "(supplier.s_suppkey = lineitem.l_suppkey)", "Join Filter": "(partsupp.ps_partkey = lineitem.l_partkey)", "Plans": [{"Node Type": "Merge Join", "Parent Relationship": "Outer", "Join Type": "Inner", "Startup Cost": 1339623.07, "Total Cost": 1342677.62, "Plan Rows": 125630, "Plan Width": 44, "Inner Unique": false, "Merge Cond": "(supplier.s_suppkey = partsupp.ps_suppkey)", "Plans": [{"Node Type": "Sort", "Parent Relationship": "Outer", "Startup Cost": 11587.82, "Total Cost": 11837.82, "Plan Rows": 100000, "Plan Width": 12, "Sort Key": ["supplier.s_suppkey"], "Plans": [{"Node Type": "Seq Scan", "Parent Relationship": "Outer", "Relation Name": "supplier", "Alias": "supplier", "Startup Cost": 0.0, "Total Cost": 3283.0, "Plan Rows": 100000, "Plan Width": 12}]}, {"Node Type": "Sort", "Parent Relationship": "Inner", "Startup Cost": 1328035.23, "Total Cost": 1328684.4, "Plan Rows": 259666, "Plan Width": 32, "Sort Key": ["partsupp.ps_suppkey"], "Plans": [{"Node Type": "Merge Join", "Parent Relationship": "Outer", "Join Type": "Inner", "Startup Cost": 1261636.41, "Total Cost": 1304683.08, "Plan Rows": 259666, "Plan Width": 32, "Inner Unique": false, "Merge Cond": "(part.p_partkey = partsupp.ps_partkey)", "Plans": [{"Node Type": "Sort", "Parent Relationship": "Outer", "Startup Cost": 74339.91, "Total Cost": 74564.63, "Plan Rows": 89888, "Plan Width": 8, "Sort Key": ["part.p_partkey"], "Plans": [{"Node Type": "Seq Scan", "Parent Relationship": "Outer", "Relation Name": "part", "Alias": "part", "Startup Cost": 0.0, "Total Cost": 66944.0, "Plan Rows": 89888, "Plan Width": 8, "Filter": "((p_name)::text ~~ '%dim%'::text)"}]}, {"Node Type": "Sort", "Parent Relationship": "Inner", "Startup Cost": 1187295.8, "Total Cost": 1207296.73, "Plan Rows": 8000372, "Plan Width": 24, "Sort Key": ["partsupp.ps_partkey"], "Plans": [{"Node Type": "Seq Scan", "Parent Relationship": "Outer", "Relation Name": "partsupp", "Alias": "partsupp", "Startup Cost": 0.0, "Total Cost": 269987.72, "Plan Rows": 8000372, "Plan Width": 24}]}]}]}]}, {"Node Type": "Sort", "Parent Relationship": "Inner", "Startup Cost": 9764884.32, "Total Cost": 9914851.9, "Plan Rows": 59987033, "Plan Width": 48, "Sort Key": ["lineitem.l_suppkey"], "Plans": [{"Node Type": "Seq Scan", "Parent Relationship": "Outer", "Relation Name": "lineitem", "Alias": "lineitem", "Startup Cost": 0.0, "Total Cost": 2015115.33, "Plan Rows": 59987033, "Plan Width": 48}]}]}]}, {"Node Type": "Sort", "Parent Relationship": "Inner", "Startup Cost": 2214232.37, "Total Cost": 2251731.07, "Plan Rows": 14999479, "Plan Width": 16, "Sort Key": ["orders.o_orderkey"], "Plans": [{"Node Type": "Seq Scan", "Parent Relationship": "Outer", "Relation Name": "orders", "Alias": "orders", "Startup Cost": 0.0, "Total Cost": 426413.79, "Plan Rows": 14999479, "Plan Width": 16}]}]}]}, {"Node Type": "Sort", "Parent Relationship": "Inner", "Startup Cost": 1.83, "Total Cost": 1.89, "Plan Rows": 25, "Plan Width": 30, "Sort Key": ["nation.n_nationkey"], "Plans": [{"Node Type": "Seq Scan", "Parent Relationship": "Outer", "Relation Name": "nation", "Alias": "nation", "Startup Cost": 0.0, "Total Cost": 1.25, "Plan Rows": 25, "Plan Width": 30}]}]}]}]}, "Unique SQL Id": 3628361425}, "explain_analyze_plan": null}, "(16, 95)": {"explain_plan": {"Plan": {"Node Type": "Sort", "Startup Cost": 6000385245976.48, "Total Cost": 6000385245976.48, "Plan Rows": 1, "Plan Width": 74, "Sort Key": ["nation.n_name", "(date_part('year'::text, orders.o_orderdate)) DESC"], "Plans": [{"Node Type": "Aggregate", "Strategy": "Hashed", "Parent Relationship": "Outer", "Startup Cost": 6000385245976.45, "Total Cost": 6000385245976.47, "Plan Rows": 1, "Plan Width": 74, "Group By Key": ["nation.n_name", "date_part('year'::text, orders.o_orderdate)"], "Plans": [{"Node Type": "Nested Loop", "Parent Relationship": "Outer", "Join Type": "Inner", "Startup Cost": 2040412502993.44, "Total Cost": 6000385245976.44, "Plan Rows": 1, "Plan Width": 66, "Inner Unique": true, "Plans": [{"Node Type": "Nested Loop", "Parent Relationship": "Outer", "Join Type": "Inner", "Startup Cost": 2030412502993.44, "Total Cost": 5000385245949.41, "Plan Rows": 1, "Plan Width": 44, "Inner Unique": true, "Plans": [{"Node Type": "Merge Join", "Parent Relationship": "Outer", "Join Type": "Inner", "Startup Cost": 2020412502993.44, "Total Cost": 4000385245920.18, "Plan Rows": 1, "Plan Width": 44, "Inner Unique": true, "Merge Cond": "(lineitem.l_partkey = partsupp.ps_partkey)", "Join Filter": "(lineitem.l_suppkey = partsupp.ps_suppkey)", "Plans": [{"Node Type": "Merge Join", "Parent Relationship": "Outer", "Join Type": "Inner", "Startup Cost": 2010377109577.35, "Total Cost": 3000332641162.94, "Plan Rows": 118842, "Plan Width": 68, "Inner Unique": false, "Merge Cond": "(part.p_partkey = lineitem.l_partkey)", "Plans": [{"Node Type": "Index Scan", "Parent Relationship": "Outer", "Scan Direction": "Forward", "Index Name": "part_kpey", "Relation Name": "part", "Alias": "part", "Startup Cost": 10000000000.0, "Total Cost": 1000010580325.0, "Plan Rows": 89888, "Plan Width": 8, "Filter": "((p_name)::text ~~ '%dim%'::text)"}, {"Node Type": "Sort", "Parent Relationship": "Inner", "Startup Cost": 2000333054282.74, "Total Cost": 2000333063826.92, "Plan Rows": 3817671, "Plan Width": 60, "Sort Key": ["lineitem.l_partkey"], "Plans": [{"Node Type": "Merge Join", "Parent Relationship": "Outer", "Join Type": "Inner", "Startup Cost": 1010331765173.27, "Total Cost": 2000332636929.96, "Plan Rows": 3817671, "Plan Width": 60, "Inner Unique": false, "Merge Cond": "(supplier.s_suppkey = lineitem.l_suppkey)", "Plans": [{"Node Type": "Index Scan", "Parent Relationship": "Outer", "Scan Direction": "Forward", "Index Name": "supplier_pkey", "Relation Name": "supplier", "Alias": "supplier", "Startup Cost": 10000000000.0, "Total Cost": 1000000533454.38, "Plan Rows": 100000, "Plan Width": 12}, {"Node Type": "Sort", "Parent Relationship": "Inner", "Startup Cost": 1000331765143.49, "Total Cost": 1000331915111.07, "Plan Rows": 59987033, "Plan Width": 48, "Sort Key": ["lineitem.l_suppkey"], "Plans": [{"Node Type": "Index Scan", "Parent Relationship": "Outer", "Scan Direction": "Forward", "Index Name": "idx_lineitem_orderkey", "Relation Name": "lineitem", "Alias": "lineitem", "Startup Cost": 10000000000.0, "Total Cost": 1000324015374.5, "Plan Rows": 59987033, "Plan Width": 48}]}]}]}]}, {"Node Type": "Index Scan", "Parent Relationship": "Inner", "Scan Direction": "Forward", "Index Name": "partsupp_pkey", "Relation Name": "partsupp", "Alias": "partsupp", "Startup Cost": 10000000000.0, "Total Cost": 1000071640963.22, "Plan Rows": 8000372, "Plan Width": 24}]}, {"Node Type": "Index Scan", "Parent Relationship": "Inner", "Scan Direction": "Forward", "Index Name": "orders_pkey", "Relation Name": "orders", "Alias": "orders", "Startup Cost": 10000000000.0, "Total Cost": 1000000000029.23, "Plan Rows": 1, "Plan Width": 16, "Index Cond": "(o_orderkey = lineitem.l_orderkey)"}]}, {"Node Type": "Index Scan", "Parent Relationship": "Inner", "Scan Direction": "Forward", "Index Name": "nation_pkey", "Relation Name": "nation", "Alias": "nation", "Startup Cost": 10000000000.0, "Total Cost": 1000000000027.01, "Plan Rows": 1, "Plan Width": 30, "Index Cond": "(n_nationkey = supplier.s_nationkey)"}]}]}]}, "Unique SQL Id": 3628361425}, "explain_analyze_plan": null}, "(16, 96)": {"explain_plan": {"Plan": {"Node Type": "Sort", "Startup Cost": 521166.05, "Total Cost": 521166.06, "Plan Rows": 1, "Plan Width": 74, "Sort Key": ["nation.n_name", "(date_part('year'::text, orders.o_orderdate)) DESC"], "Plans": [{"Node Type": "Aggregate", "Strategy": "Hashed", "Parent Relationship": "Outer", "Startup Cost": 521166.03, "Total Cost": 521166.04, "Plan Rows": 1, "Plan Width": 74, "Group By Key": ["nation.n_name", "date_part('year'::text, orders.o_orderdate)"], "Plans": [{"Node Type": "Nested Loop", "Parent Relationship": "Outer", "Join Type": "Inner", "Startup Cost": 72600.6, "Total Cost": 521166.01, "Plan Rows": 1, "Plan Width": 66, "Inner Unique": true, "Plans": [{"Node Type": "Nested Loop", "Parent Relationship": "Outer", "Join Type": "Inner", "Startup Cost": 72600.6, "Total Cost": 521165.73, "Plan Rows": 1, "Plan Width": 44, "Inner Unique": true, "Plans": [{"Node Type": "Nested Loop", "Parent Relationship": "Outer", "Join Type": "Inner", "Startup Cost": 72600.6, "Total Cost": 521165.43, "Plan Rows": 1, "Plan Width": 44, "Inner Unique": false, "Join Filter": "(supplier.s_suppkey = lineitem.l_suppkey)", "Plans": [{"Node Type": "Hash Join", "Parent Relationship": "Outer", "Join Type": "Inner", "Startup Cost": 72600.6, "Total Cost": 377416.42, "Plan Rows": 125630, "Plan Width": 44, "Inner Unique": true, "Hash Cond": "(partsupp.ps_suppkey = supplier.s_suppkey), (LLVM Optimized)", "Plans": [{"Node Type": "Hash Join", "Parent Relationship": "Outer", "Join Type": "Inner", "Startup Cost": 68067.6, "Total Cost": 370653.38, "Plan Rows": 259666, "Plan Width": 32, "Inner Unique": true, "Hash Cond": "(partsupp.ps_partkey = part.p_partkey), (LLVM Optimized)", "Plans": [{"Node Type": "Seq Scan", "Parent Relationship": "Outer", "Relation Name": "partsupp", "Alias": "partsupp", "Startup Cost": 0.0, "Total Cost": 269987.72, "Plan Rows": 8000372, "Plan Width": 24}, {"Node Type": "Hash", "Parent Relationship": "Inner", "Startup Cost": 66944.0, "Total Cost": 66944.0, "Plan Rows": 89888, "Plan Width": 8, "Plans": [{"Node Type": "Seq Scan", "Parent Relationship": "Outer", "Relation Name": "part", "Alias": "part", "Startup Cost": 0.0, "Total Cost": 66944.0, "Plan Rows": 89888, "Plan Width": 8, "Filter": "((p_name)::text ~~ '%dim%'::text)"}]}]}, {"Node Type": "Hash", "Parent Relationship": "Inner", "Startup Cost": 3283.0, "Total Cost": 3283.0, "Plan Rows": 100000, "Plan Width": 12, "Plans": [{"Node Type": "Seq Scan", "Parent Relationship": "Outer", "Relation Name": "supplier", "Alias": "supplier", "Startup Cost": 0.0, "Total Cost": 3283.0, "Plan Rows": 100000, "Plan Width": 12}]}]}, {"Node Type": "Index Scan", "Parent Relationship": "Inner", "Scan Direction": "Forward", "Index Name": "idx_lineitem_part_supp", "Relation Name": "lineitem", "Alias": "lineitem", "Startup Cost": 0.0, "Total Cost": 1.13, "Plan Rows": 1, "Plan Width": 48, "Index Cond": "((l_partkey = partsupp.ps_partkey) AND (l_suppkey = partsupp.ps_suppkey))"}]}, {"Node Type": "Index Scan", "Parent Relationship": "Inner", "Scan Direction": "Forward", "Index Name": "orders_pkey", "Relation Name": "orders", "Alias": "orders", "Startup Cost": 0.0, "Total Cost": 0.29, "Plan Rows": 1, "Plan Width": 16, "Index Cond": "(o_orderkey = lineitem.l_orderkey)"}]}, {"Node Type": "Index Scan", "Parent Relationship": "Inner", "Scan Direction": "Forward", "Index Name": "nation_pkey", "Relation Name": "nation", "Alias": "nation", "Startup Cost": 0.0, "Total Cost": 0.27, "Plan Rows": 1, "Plan Width": 30, "Index Cond": "(n_nationkey = supplier.s_nationkey)"}]}]}]}, "Unique SQL Id": 3628361425}, "explain_analyze_plan": {"Plan": {"Node Type": "Sort", "Startup Cost": 521166.05, "Total Cost": 521166.06, "Plan Rows": 1, "Plan Width": 74, "Actual Startup Time": 58612.397, "Actual Total Time": 58612.409, "Actual Rows": 175, "Actual Loops": 1, "Sort Key": ["nation.n_name", "(date_part('year'::text, orders.o_orderdate)) DESC"], "Sort Method": "quicksort", "Sort Space Used": 52, "Sort Space Type": "Memory", "Plans": [{"Node Type": "Aggregate", "Strategy": "Hashed", "Parent Relationship": "Outer", "Startup Cost": 521166.03, "Total Cost": 521166.04, "Plan Rows": 1, "Plan Width": 74, "Actual Startup Time": 58611.995, "Actual Total Time": 58612.032, "Actual Rows": 175, "Actual Loops": 1, "Group By Key": ["nation.n_name", "date_part('year'::text, orders.o_orderdate)"], "Plans": [{"Node Type": "Nested Loop", "Parent Relationship": "Outer", "Join Type": "Inner", "Startup Cost": 72600.6, "Total Cost": 521166.01, "Plan Rows": 1, "Plan Width": 66, "Actual Startup Time": 1104.953, "Actual Total Time": 54814.063, "Actual Rows": 3256948, "Actual Loops": 1, "Inner Unique": true, "Plans": [{"Node Type": "Nested Loop", "Parent Relationship": "Outer", "Join Type": "Inner", "Startup Cost": 72600.6, "Total Cost": 521165.73, "Plan Rows": 1, "Plan Width": 44, "Actual Startup Time": 1104.916, "Actual Total Time": 46326.692, "Actual Rows": 3256948, "Actual Loops": 1, "Inner Unique": true, "Plans": [{"Node Type": "Nested Loop", "Parent Relationship": "Outer", "Join Type": "Inner", "Startup Cost": 72600.6, "Total Cost": 521165.43, "Plan Rows": 1, "Plan Width": 44, "Actual Startup Time": 1104.891, "Actual Total Time": 18807.178, "Actual Rows": 3256948, "Actual Loops": 1, "Inner Unique": false, "Join Filter": "(supplier.s_suppkey = lineitem.l_suppkey)", "Rows Removed by Join Filter": 0, "Plans": [{"Node Type": "Hash Join", "Parent Relationship": "Outer", "Join Type": "Inner", "Startup Cost": 72600.6, "Total Cost": 377416.42, "Plan Rows": 125630, "Plan Width": 44, "Actual Startup Time": 1104.824, "Actual Total Time": 6240.661, "Actual Rows": 434204, "Actual Loops": 1, "Inner Unique": true, "Hash Cond": "(partsupp.ps_suppkey = supplier.s_suppkey), (LLVM Optimized, Jit Execute)", "Plans": [{"Node Type": "Hash Join", "Parent Relationship": "Outer", "Join Type": "Inner", "Startup Cost": 68067.6, "Total Cost": 370653.38, "Plan Rows": 259666, "Plan Width": 32, "Actual Startup Time": 1036.673, "Actual Total Time": 5757.994, "Actual Rows": 434204, "Actual Loops": 1, "Inner Unique": true, "Hash Cond": "(partsupp.ps_partkey = part.p_partkey), (LLVM Optimized, Jit Execute)", "Plans": [{"Node Type": "Seq Scan", "Parent Relationship": "Outer", "Relation Name": "partsupp", "Alias": "partsupp", "Startup Cost": 0.0, "Total Cost": 269987.72, "Plan Rows": 8000372, "Plan Width": 24, "Actual Startup Time": 0.025, "Actual Total Time": 2548.053, "Actual Rows": 8000000, "Actual Loops": 1}, {"Node Type": "Hash", "Parent Relationship": "Inner", "Startup Cost": 66944.0, "Total Cost": 66944.0, "Plan Rows": 89888, "Plan Width": 8, "Actual Startup Time": 1036.439, "Actual Total Time": 1036.439, "Actual Rows": 108551, "Actual Loops": 1, "Hash Buckets": 131072, "Hash Batches": 1, "Original Hash Batches": 1, "Peak Memory Usage": 4241, "Plans": [{"Node Type": "Seq Scan", "Parent Relationship": "Outer", "Relation Name": "part", "Alias": "part", "Startup Cost": 0.0, "Total Cost": 66944.0, "Plan Rows": 89888, "Plan Width": 8, "Actual Startup Time": 0.035, "Actual Total Time": 998.743, "Actual Rows": 108551, "Actual Loops": 1, "Filter": "((p_name)::text ~~ '%dim%'::text)", "Rows Removed by Filter": 1891449}]}]}, {"Node Type": "Hash", "Parent Relationship": "Inner", "Startup Cost": 3283.0, "Total Cost": 3283.0, "Plan Rows": 100000, "Plan Width": 12, "Actual Startup Time": 67.975, "Actual Total Time": 67.975, "Actual Rows": 100000, "Actual Loops": 1, "Hash Buckets": 131072, "Hash Batches": 1, "Original Hash Batches": 1, "Peak Memory Usage": 4297, "Plans": [{"Node Type": "Seq Scan", "Parent Relationship": "Outer", "Relation Name": "supplier", "Alias": "supplier", "Startup Cost": 0.0, "Total Cost": 3283.0, "Plan Rows": 100000, "Plan Width": 12, "Actual Startup Time": 0.02, "Actual Total Time": 39.334, "Actual Rows": 100000, "Actual Loops": 1}]}]}, {"Node Type": "Index Scan", "Parent Relationship": "Inner", "Scan Direction": "Forward", "Index Name": "idx_lineitem_part_supp", "Relation Name": "lineitem", "Alias": "lineitem", "Startup Cost": 0.0, "Total Cost": 1.13, "Plan Rows": 1, "Plan Width": 48, "Actual Startup Time": 3206.079, "Actual Total Time": 10926.206, "Actual Rows": 3256948, "Actual Loops": 434204, "Index Cond": "((l_partkey = partsupp.ps_partkey) AND (l_suppkey = partsupp.ps_suppkey))", "Rows Removed by Index Recheck": 0}]}, {"Node Type": "Index Scan", "Parent Relationship": "Inner", "Scan Direction": "Forward", "Index Name": "orders_pkey", "Relation Name": "orders", "Alias": "orders", "Startup Cost": 0.0, "Total Cost": 0.29, "Plan Rows": 1, "Plan Width": 16, "Actual Startup Time": 24822.179, "Actual Total Time": 24822.179, "Actual Rows": 3256948, "Actual Loops": 3256948, "Index Cond": "(o_orderkey = lineitem.l_orderkey)", "Rows Removed by Index Recheck": 0}]}, {"Node Type": "Index Scan", "Parent Relationship": "Inner", "Scan Direction": "Forward", "Index Name": "nation_pkey", "Relation Name": "nation", "Alias": "nation", "Startup Cost": 0.0, "Total Cost": 0.27, "Plan Rows": 1, "Plan Width": 30, "Actual Startup Time": 4488.603, "Actual Total Time": 4488.603, "Actual Rows": 3256948, "Actual Loops": 3256948, "Index Cond": "(n_nationkey = supplier.s_nationkey)", "Rows Removed by Index Recheck": 0}]}]}]}, "Triggers": [], "Planner Runtime": 34.971, "Total Runtime": 58621.827, "Unique SQL Id": 3628361425}}, "(16, 97)": {"explain_plan": {"Plan": {"Node Type": "Sort", "Startup Cost": 701189.51, "Total Cost": 701189.52, "Plan Rows": 1, "Plan Width": 74, "Sort Key": ["nation.n_name", "(date_part('year'::text, orders.o_orderdate)) DESC"], "Plans": [{"Node Type": "Aggregate", "Strategy": "Hashed", "Parent Relationship": "Outer", "Startup Cost": 701189.49, "Total Cost": 701189.5, "Plan Rows": 1, "Plan Width": 74, "Group By Key": ["nation.n_name", "date_part('year'::text, orders.o_orderdate)"], "Plans": [{"Node Type": "Nested Loop", "Parent Relationship": "Outer", "Join Type": "Inner", "Startup Cost": 6584.54, "Total Cost": 701189.47, "Plan Rows": 1, "Plan Width": 66, "Inner Unique": true, "Plans": [{"Node Type": "Nested Loop", "Parent Relationship": "Outer", "Join Type": "Inner", "Startup Cost": 6584.54, "Total Cost": 701189.19, "Plan Rows": 1, "Plan Width": 44, "Inner Unique": true, "Plans": [{"Node Type": "Nested Loop", "Parent Relationship": "Outer", "Join Type": "Inner", "Startup Cost": 6584.54, "Total Cost": 701188.89, "Plan Rows": 1, "Plan Width": 44, "Inner Unique": false, "Join Filter": "(supplier.s_suppkey = lineitem.l_suppkey)", "Plans": [{"Node Type": "Hash Join", "Parent Relationship": "Outer", "Join Type": "Inner", "Startup Cost": 6584.54, "Total Cost": 557439.88, "Plan Rows": 125630, "Plan Width": 44, "Inner Unique": true, "Hash Cond": "(partsupp.ps_suppkey = supplier.s_suppkey), (LLVM Optimized)", "Plans": [{"Node Type": "Nested Loop", "Parent Relationship": "Outer", "Join Type": "Inner", "Startup Cost": 0.0, "Total Cost": 548625.29, "Plan Rows": 259666, "Plan Width": 32, "Inner Unique": false, "Plans": [{"Node Type": "Index Scan", "Parent Relationship": "Outer", "Scan Direction": "Forward", "Index Name": "part_kpey", "Relation Name": "part", "Alias": "part", "Startup Cost": 0.0, "Total Cost": 105803.25, "Plan Rows": 89888, "Plan Width": 8, "Filter": "((p_name)::text ~~ '%dim%'::text)"}, {"Node Type": "Index Scan", "Parent Relationship": "Inner", "Scan Direction": "Forward", "Index Name": "idx_partsupp_partkey", "Relation Name": "partsupp", "Alias": "partsupp", "Startup Cost": 0.0, "Total Cost": 4.9, "Plan Rows": 3, "Plan Width": 24, "Index Cond": "(ps_partkey = part.p_partkey)"}]}, {"Node Type": "Hash", "Parent Relationship": "Inner", "Startup Cost": 5334.54, "Total Cost": 5334.54, "Plan Rows": 100000, "Plan Width": 12, "Plans": [{"Node Type": "Index Scan", "Parent Relationship": "Outer", "Scan Direction": "Forward", "Index Name": "supplier_pkey", "Relation Name": "supplier", "Alias": "supplier", "Startup Cost": 0.0, "Total Cost": 5334.54, "Plan Rows": 100000, "Plan Width": 12}]}]}, {"Node Type": "Index Scan", "Parent Relationship": "Inner", "Scan Direction": "Forward", "Index Name": "idx_lineitem_part_supp", "Relation Name": "lineitem", "Alias": "lineitem", "Startup Cost": 0.0, "Total Cost": 1.13, "Plan Rows": 1, "Plan Width": 48, "Index Cond": "((l_partkey = partsupp.ps_partkey) AND (l_suppkey = partsupp.ps_suppkey))"}]}, {"Node Type": "Index Scan", "Parent Relationship": "Inner", "Scan Direction": "Forward", "Index Name": "orders_pkey", "Relation Name": "orders", "Alias": "orders", "Startup Cost": 0.0, "Total Cost": 0.29, "Plan Rows": 1, "Plan Width": 16, "Index Cond": "(o_orderkey = lineitem.l_orderkey)"}]}, {"Node Type": "Index Scan", "Parent Relationship": "Inner", "Scan Direction": "Forward", "Index Name": "nation_pkey", "Relation Name": "nation", "Alias": "nation", "Startup Cost": 0.0, "Total Cost": 0.27, "Plan Rows": 1, "Plan Width": 30, "Index Cond": "(n_nationkey = supplier.s_nationkey)"}]}]}]}, "Unique SQL Id": 3628361425}, "explain_analyze_plan": {"Plan": {"Node Type": "Sort", "Startup Cost": 701189.51, "Total Cost": 701189.52, "Plan Rows": 1, "Plan Width": 74, "Actual Startup Time": 56757.804, "Actual Total Time": 56757.818, "Actual Rows": 175, "Actual Loops": 1, "Sort Key": ["nation.n_name", "(date_part('year'::text, orders.o_orderdate)) DESC"], "Sort Method": "quicksort", "Sort Space Used": 52, "Sort Space Type": "Memory", "Plans": [{"Node Type": "Aggregate", "Strategy": "Hashed", "Parent Relationship": "Outer", "Startup Cost": 701189.49, "Total Cost": 701189.5, "Plan Rows": 1, "Plan Width": 74, "Actual Startup Time": 56757.401, "Actual Total Time": 56757.434, "Actual Rows": 175, "Actual Loops": 1, "Group By Key": ["nation.n_name", "date_part('year'::text, orders.o_orderdate)"], "Plans": [{"Node Type": "Nested Loop", "Parent Relationship": "Outer", "Join Type": "Inner", "Startup Cost": 6584.54, "Total Cost": 701189.47, "Plan Rows": 1, "Plan Width": 66, "Actual Startup Time": 106.399, "Actual Total Time": 52825.55, "Actual Rows": 3256948, "Actual Loops": 1, "Inner Unique": true, "Plans": [{"Node Type": "Nested Loop", "Parent Relationship": "Outer", "Join Type": "Inner", "Startup Cost": 6584.54, "Total Cost": 701189.19, "Plan Rows": 1, "Plan Width": 44, "Actual Startup Time": 106.363, "Actual Total Time": 44002.737, "Actual Rows": 3256948, "Actual Loops": 1, "Inner Unique": true, "Plans": [{"Node Type": "Nested Loop", "Parent Relationship": "Outer", "Join Type": "Inner", "Startup Cost": 6584.54, "Total Cost": 701188.89, "Plan Rows": 1, "Plan Width": 44, "Actual Startup Time": 106.34, "Actual Total Time": 16136.796, "Actual Rows": 3256948, "Actual Loops": 1, "Inner Unique": false, "Join Filter": "(supplier.s_suppkey = lineitem.l_suppkey)", "Rows Removed by Join Filter": 0, "Plans": [{"Node Type": "Hash Join", "Parent Relationship": "Outer", "Join Type": "Inner", "Startup Cost": 6584.54, "Total Cost": 557439.88, "Plan Rows": 125630, "Plan Width": 44, "Actual Startup Time": 106.3, "Actual Total Time": 3477.4, "Actual Rows": 434204, "Actual Loops": 1, "Inner Unique": true, "Hash Cond": "(partsupp.ps_suppkey = supplier.s_suppkey), (LLVM Optimized, Jit Execute)", "Plans": [{"Node Type": "Nested Loop", "Parent Relationship": "Outer", "Join Type": "Inner", "Startup Cost": 0.0, "Total Cost": 548625.29, "Plan Rows": 259666, "Plan Width": 32, "Actual Startup Time": 0.05, "Actual Total Time": 2916.216, "Actual Rows": 434204, "Actual Loops": 1, "Inner Unique": false, "Plans": [{"Node Type": "Index Scan", "Parent Relationship": "Outer", "Scan Direction": "Forward", "Index Name": "part_kpey", "Relation Name": "part", "Alias": "part", "Startup Cost": 0.0, "Total Cost": 105803.25, "Plan Rows": 89888, "Plan Width": 8, "Actual Startup Time": 0.038, "Actual Total Time": 1713.725, "Actual Rows": 108551, "Actual Loops": 1, "Filter": "((p_name)::text ~~ '%dim%'::text)", "Rows Removed by Filter": 1891449}, {"Node Type": "Index Scan", "Parent Relationship": "Inner", "Scan Direction": "Forward", "Index Name": "idx_partsupp_partkey", "Relation Name": "partsupp", "Alias": "partsupp", "Startup Cost": 0.0, "Total Cost": 4.9, "Plan Rows": 3, "Plan Width": 24, "Actual Startup Time": 698.665, "Actual Total Time": 994.397, "Actual Rows": 434204, "Actual Loops": 108551, "Index Cond": "(ps_partkey = part.p_partkey)", "Rows Removed by Index Recheck": 0}]}, {"Node Type": "Hash", "Parent Relationship": "Inner", "Startup Cost": 5334.54, "Total Cost": 5334.54, "Plan Rows": 100000, "Plan Width": 12, "Actual Startup Time": 106.06, "Actual Total Time": 106.06, "Actual Rows": 100000, "Actual Loops": 1, "Hash Buckets": 131072, "Hash Batches": 1, "Original Hash Batches": 1, "Peak Memory Usage": 4297, "Plans": [{"Node Type": "Index Scan", "Parent Relationship": "Outer", "Scan Direction": "Forward", "Index Name": "supplier_pkey", "Relation Name": "supplier", "Alias": "supplier", "Startup Cost": 0.0, "Total Cost": 5334.54, "Plan Rows": 100000, "Plan Width": 12, "Actual Startup Time": 0.019, "Actual Total Time": 76.575, "Actual Rows": 100000, "Actual Loops": 1}]}]}, {"Node Type": "Index Scan", "Parent Relationship": "Inner", "Scan Direction": "Forward", "Index Name": "idx_lineitem_part_supp", "Relation Name": "lineitem", "Alias": "lineitem", "Startup Cost": 0.0, "Total Cost": 1.13, "Plan Rows": 1, "Plan Width": 48, "Actual Startup Time": 3224.162, "Actual Total Time": 11011.239, "Actual Rows": 3256948, "Actual Loops": 434204, "Index Cond": "((l_partkey = partsupp.ps_partkey) AND (l_suppkey = partsupp.ps_suppkey))", "Rows Removed by Index Recheck": 0}]}, {"Node Type": "Index Scan", "Parent Relationship": "Inner", "Scan Direction": "Forward", "Index Name": "orders_pkey", "Relation Name": "orders", "Alias": "orders", "Startup Cost": 0.0, "Total Cost": 0.29, "Plan Rows": 1, "Plan Width": 16, "Actual Startup Time": 25102.62, "Actual Total Time": 25102.62, "Actual Rows": 3256948, "Actual Loops": 3256948, "Index Cond": "(o_orderkey = lineitem.l_orderkey)", "Rows Removed by Index Recheck": 0}]}, {"Node Type": "Index Scan", "Parent Relationship": "Inner", "Scan Direction": "Forward", "Index Name": "nation_pkey", "Relation Name": "nation", "Alias": "nation", "Startup Cost": 0.0, "Total Cost": 0.27, "Plan Rows": 1, "Plan Width": 30, "Actual Startup Time": 4713.432, "Actual Total Time": 4713.432, "Actual Rows": 3256948, "Actual Loops": 3256948, "Index Cond": "(n_nationkey = supplier.s_nationkey)", "Rows Removed by Index Recheck": 0}]}]}]}, "Triggers": [], "Planner Runtime": 33.85, "Total Runtime": 56766.913, "Unique SQL Id": 3628361425}}, "(16, 98)": {"explain_plan": {"Plan": {"Node Type": "Sort", "Startup Cost": 934830.96, "Total Cost": 934830.97, "Plan Rows": 1, "Plan Width": 74, "Sort Key": ["nation.n_name", "(date_part('year'::text, orders.o_orderdate)) DESC"], "Plans": [{"Node Type": "Aggregate", "Strategy": "Hashed", "Parent Relationship": "Outer", "Startup Cost": 934830.94, "Total Cost": 934830.95, "Plan Rows": 1, "Plan Width": 74, "Group By Key": ["nation.n_name", "date_part('year'::text, orders.o_orderdate)"], "Plans": [{"Node Type": "Nested Loop", "Parent Relationship": "Outer", "Join Type": "Inner", "Startup Cost": 72601.53, "Total Cost": 934830.92, "Plan Rows": 1, "Plan Width": 66, "Inner Unique": true, "Plans": [{"Node Type": "Nested Loop", "Parent Relationship": "Outer", "Join Type": "Inner", "Startup Cost": 72601.27, "Total Cost": 934826.64, "Plan Rows": 1, "Plan Width": 44, "Inner Unique": true, "Plans": [{"Node Type": "Nested Loop", "Parent Relationship": "Outer", "Join Type": "Inner", "Startup Cost": 72601.01, "Total Cost": 934822.36, "Plan Rows": 1, "Plan Width": 44, "Inner Unique": false, "Join Filter": "(supplier.s_suppkey = lineitem.l_suppkey)", "Plans": [{"Node Type": "Hash Join", "Parent Relationship": "Outer", "Join Type": "Inner", "Startup Cost": 72600.6, "Total Cost": 377416.42, "Plan Rows": 125630, "Plan Width": 44, "Inner Unique": true, "Hash Cond": "(partsupp.ps_suppkey = supplier.s_suppkey), (LLVM Optimized)", "Plans": [{"Node Type": "Hash Join", "Parent Relationship": "Outer", "Join Type": "Inner", "Startup Cost": 68067.6, "Total Cost": 370653.38, "Plan Rows": 259666, "Plan Width": 32, "Inner Unique": true, "Hash Cond": "(partsupp.ps_partkey = part.p_partkey), (LLVM Optimized)", "Plans": [{"Node Type": "Seq Scan", "Parent Relationship": "Outer", "Relation Name": "partsupp", "Alias": "partsupp", "Startup Cost": 0.0, "Total Cost": 269987.72, "Plan Rows": 8000372, "Plan Width": 24}, {"Node Type": "Hash", "Parent Relationship": "Inner", "Startup Cost": 66944.0, "Total Cost": 66944.0, "Plan Rows": 89888, "Plan Width": 8, "Plans": [{"Node Type": "Seq Scan", "Parent Relationship": "Outer", "Relation Name": "part", "Alias": "part", "Startup Cost": 0.0, "Total Cost": 66944.0, "Plan Rows": 89888, "Plan Width": 8, "Filter": "((p_name)::text ~~ '%dim%'::text)"}]}]}, {"Node Type": "Hash", "Parent Relationship": "Inner", "Startup Cost": 3283.0, "Total Cost": 3283.0, "Plan Rows": 100000, "Plan Width": 12, "Plans": [{"Node Type": "Seq Scan", "Parent Relationship": "Outer", "Relation Name": "supplier", "Alias": "supplier", "Startup Cost": 0.0, "Total Cost": 3283.0, "Plan Rows": 100000, "Plan Width": 12}]}]}, {"Node Type": "Bitmap Heap Scan", "Parent Relationship": "Inner", "Relation Name": "lineitem", "Alias": "lineitem", "Startup Cost": 0.41, "Total Cost": 4.42, "Plan Rows": 1, "Plan Width": 48, "Recheck Cond": "((l_partkey = partsupp.ps_partkey) AND (l_suppkey = partsupp.ps_suppkey))", "Plans": [{"Node Type": "Bitmap Index Scan", "Parent Relationship": "Outer", "Index Name": "idx_lineitem_part_supp", "Startup Cost": 0.0, "Total Cost": 0.41, "Plan Rows": 1, "Plan Width": 0, "Index Cond": "((l_partkey = partsupp.ps_partkey) AND (l_suppkey = partsupp.ps_suppkey))"}]}]}, {"Node Type": "Bitmap Heap Scan", "Parent Relationship": "Inner", "Relation Name": "orders", "Alias": "orders", "Startup Cost": 0.26, "Total Cost": 4.27, "Plan Rows": 1, "Plan Width": 16, "Recheck Cond": "(o_orderkey = lineitem.l_orderkey)", "Plans": [{"Node Type": "Bitmap Index Scan", "Parent Relationship": "Outer", "Index Name": "orders_pkey", "Startup Cost": 0.0, "Total Cost": 0.26, "Plan Rows": 1, "Plan Width": 0, "Index Cond": "(o_orderkey = lineitem.l_orderkey)"}]}]}, {"Node Type": "Bitmap Heap Scan", "Parent Relationship": "Inner", "Relation Name": "nation", "Alias": "nation", "Startup Cost": 0.26, "Total Cost": 4.27, "Plan Rows": 1, "Plan Width": 30, "Recheck Cond": "(n_nationkey = supplier.s_nationkey)", "Plans": [{"Node Type": "Bitmap Index Scan", "Parent Relationship": "Outer", "Index Name": "nation_pkey", "Startup Cost": 0.0, "Total Cost": 0.26, "Plan Rows": 1, "Plan Width": 0, "Index Cond": "(n_nationkey = supplier.s_nationkey)"}]}]}]}]}, "Unique SQL Id": 3628361425}, "explain_analyze_plan": {"Plan": {"Node Type": "Sort", "Startup Cost": 934830.96, "Total Cost": 934830.97, "Plan Rows": 1, "Plan Width": 74, "Actual Startup Time": 74225.919, "Actual Total Time": 74225.933, "Actual Rows": 175, "Actual Loops": 1, "Sort Key": ["nation.n_name", "(date_part('year'::text, orders.o_orderdate)) DESC"], "Sort Method": "quicksort", "Sort Space Used": 52, "Sort Space Type": "Memory", "Plans": [{"Node Type": "Aggregate", "Strategy": "Hashed", "Parent Relationship": "Outer", "Startup Cost": 934830.94, "Total Cost": 934830.95, "Plan Rows": 1, "Plan Width": 74, "Actual Startup Time": 74225.511, "Actual Total Time": 74225.561, "Actual Rows": 175, "Actual Loops": 1, "Group By Key": ["nation.n_name", "date_part('year'::text, orders.o_orderdate)"], "Plans": [{"Node Type": "Nested Loop", "Parent Relationship": "Outer", "Join Type": "Inner", "Startup Cost": 72601.53, "Total Cost": 934830.92, "Plan Rows": 1, "Plan Width": 66, "Actual Startup Time": 1099.152, "Actual Total Time": 70108.745, "Actual Rows": 3256948, "Actual Loops": 1, "Inner Unique": true, "Plans": [{"Node Type": "Nested Loop", "Parent Relationship": "Outer", "Join Type": "Inner", "Startup Cost": 72601.27, "Total Cost": 934826.64, "Plan Rows": 1, "Plan Width": 44, "Actual Startup Time": 1099.118, "Actual Total Time": 56422.153, "Actual Rows": 3256948, "Actual Loops": 1, "Inner Unique": true, "Plans": [{"Node Type": "Nested Loop", "Parent Relationship": "Outer", "Join Type": "Inner", "Startup Cost": 72601.01, "Total Cost": 934822.36, "Plan Rows": 1, "Plan Width": 44, "Actual Startup Time": 1099.081, "Actual Total Time": 22357.588, "Actual Rows": 3256948, "Actual Loops": 1, "Inner Unique": false, "Join Filter": "(supplier.s_suppkey = lineitem.l_suppkey)", "Rows Removed by Join Filter": 0, "Plans": [{"Node Type": "Hash Join", "Parent Relationship": "Outer", "Join Type": "Inner", "Startup Cost": 72600.6, "Total Cost": 377416.42, "Plan Rows": 125630, "Plan Width": 44, "Actual Startup Time": 1098.963, "Actual Total Time": 6620.828, "Actual Rows": 434204, "Actual Loops": 1, "Inner Unique": true, "Hash Cond": "(partsupp.ps_suppkey = supplier.s_suppkey), (LLVM Optimized, Jit Execute)", "Plans": [{"Node Type": "Hash Join", "Parent Relationship": "Outer", "Join Type": "Inner", "Startup Cost": 68067.6, "Total Cost": 370653.38, "Plan Rows": 259666, "Plan Width": 32, "Actual Startup Time": 1034.745, "Actual Total Time": 6106.374, "Actual Rows": 434204, "Actual Loops": 1, "Inner Unique": true, "Hash Cond": "(partsupp.ps_partkey = part.p_partkey), (LLVM Optimized, Jit Execute)", "Plans": [{"Node Type": "Seq Scan", "Parent Relationship": "Outer", "Relation Name": "partsupp", "Alias": "partsupp", "Startup Cost": 0.0, "Total Cost": 269987.72, "Plan Rows": 8000372, "Plan Width": 24, "Actual Startup Time": 0.02, "Actual Total Time": 2616.294, "Actual Rows": 8000000, "Actual Loops": 1}, {"Node Type": "Hash", "Parent Relationship": "Inner", "Startup Cost": 66944.0, "Total Cost": 66944.0, "Plan Rows": 89888, "Plan Width": 8, "Actual Startup Time": 1034.585, "Actual Total Time": 1034.585, "Actual Rows": 108551, "Actual Loops": 1, "Hash Buckets": 131072, "Hash Batches": 1, "Original Hash Batches": 1, "Peak Memory Usage": 4241, "Plans": [{"Node Type": "Seq Scan", "Parent Relationship": "Outer", "Relation Name": "part", "Alias": "part", "Startup Cost": 0.0, "Total Cost": 66944.0, "Plan Rows": 89888, "Plan Width": 8, "Actual Startup Time": 0.039, "Actual Total Time": 996.079, "Actual Rows": 108551, "Actual Loops": 1, "Filter": "((p_name)::text ~~ '%dim%'::text)", "Rows Removed by Filter": 1891449}]}]}, {"Node Type": "Hash", "Parent Relationship": "Inner", "Startup Cost": 3283.0, "Total Cost": 3283.0, "Plan Rows": 100000, "Plan Width": 12, "Actual Startup Time": 64.081, "Actual Total Time": 64.081, "Actual Rows": 100000, "Actual Loops": 1, "Hash Buckets": 131072, "Hash Batches": 1, "Original Hash Batches": 1, "Peak Memory Usage": 4297, "Plans": [{"Node Type": "Seq Scan", "Parent Relationship": "Outer", "Relation Name": "supplier", "Alias": "supplier", "Startup Cost": 0.0, "Total Cost": 3283.0, "Plan Rows": 100000, "Plan Width": 12, "Actual Startup Time": 0.023, "Actual Total Time": 36.027, "Actual Rows": 100000, "Actual Loops": 1}]}]}, {"Node Type": "Bitmap Heap Scan", "Parent Relationship": "Inner", "Relation Name": "lineitem", "Alias": "lineitem", "Startup Cost": 0.41, "Total Cost": 4.42, "Plan Rows": 1, "Plan Width": 48, "Actual Startup Time": 5090.777, "Actual Total Time": 13615.968, "Actual Rows": 3256948, "Actual Loops": 434204, "Recheck Cond": "((l_partkey = partsupp.ps_partkey) AND (l_suppkey = partsupp.ps_suppkey))", "Rows Removed by Index Recheck": 0, "Exact Heap Blocks": 3256937, "Lossy Heap Blocks": 3256937, "Plans": [{"Node Type": "Bitmap Index Scan", "Parent Relationship": "Outer", "Index Name": "idx_lineitem_part_supp", "Startup Cost": 0.0, "Total Cost": 0.41, "Plan Rows": 1, "Plan Width": 0, "Actual Startup Time": 2865.377, "Actual Total Time": 2865.377, "Actual Rows": 3256948, "Actual Loops": 434204, "Index Cond": "((l_partkey = partsupp.ps_partkey) AND (l_suppkey = partsupp.ps_suppkey))"}]}]}, {"Node Type": "Bitmap Heap Scan", "Parent Relationship": "Inner", "Relation Name": "orders", "Alias": "orders", "Startup Cost": 0.26, "Total Cost": 4.27, "Plan Rows": 1, "Plan Width": 16, "Actual Startup Time": 29495.525, "Actual Total Time": 29495.525, "Actual Rows": 3256948, "Actual Loops": 3256948, "Recheck Cond": "(o_orderkey = lineitem.l_orderkey)", "Rows Removed by Index Recheck": 0, "Exact Heap Blocks": 3256948, "Lossy Heap Blocks": 3256948, "Plans": [{"Node Type": "Bitmap Index Scan", "Parent Relationship": "Outer", "Index Name": "orders_pkey", "Startup Cost": 0.0, "Total Cost": 0.26, "Plan Rows": 1, "Plan Width": 0, "Actual Startup Time": 18899.294, "Actual Total Time": 18899.294, "Actual Rows": 3256948, "Actual Loops": 3256948, "Index Cond": "(o_orderkey = lineitem.l_orderkey)"}]}]}, {"Node Type": "Bitmap Heap Scan", "Parent Relationship": "Inner", "Relation Name": "nation", "Alias": "nation", "Startup Cost": 0.26, "Total Cost": 4.27, "Plan Rows": 1, "Plan Width": 30, "Actual Startup Time": 7717.659, "Actual Total Time": 7717.659, "Actual Rows": 3256948, "Actual Loops": 3256948, "Recheck Cond": "(n_nationkey = supplier.s_nationkey)", "Rows Removed by Index Recheck": 0, "Exact Heap Blocks": 3256948, "Lossy Heap Blocks": 3256948, "Plans": [{"Node Type": "Bitmap Index Scan", "Parent Relationship": "Outer", "Index Name": "nation_pkey", "Startup Cost": 0.0, "Total Cost": 0.26, "Plan Rows": 1, "Plan Width": 0, "Actual Startup Time": 3325.577, "Actual Total Time": 3325.577, "Actual Rows": 3256948, "Actual Loops": 3256948, "Index Cond": "(n_nationkey = supplier.s_nationkey)"}]}]}]}]}, "Triggers": [], "Planner Runtime": 41.283, "Total Runtime": 74235.19, "Unique SQL Id": 3628361425}}, "(16, 99)": {"explain_plan": {"Plan": {"Node Type": "Sort", "Startup Cost": 1000008167021.57, "Total Cost": 1000008167021.58, "Plan Rows": 1, "Plan Width": 74, "Sort Key": ["nation.n_name", "(date_part('year'::text, orders.o_orderdate)) DESC"], "Plans": [{"Node Type": "Aggregate", "Strategy": "Hashed", "Parent Relationship": "Outer", "Startup Cost": 1000008167021.55, "Total Cost": 1000008167021.56, "Plan Rows": 1, "Plan Width": 74, "Group By Key": ["nation.n_name", "date_part('year'::text, orders.o_orderdate)"], "Plans": [{"Node Type": "Nested Loop", "Parent Relationship": "Outer", "Join Type": "Inner", "Startup Cost": 10000000002.75, "Total Cost": 1000008167021.53, "Plan Rows": 1, "Plan Width": 66, "Inner Unique": true, "Plans": [{"Node Type": "Nested Loop", "Parent Relationship": "Outer", "Join Type": "Inner", "Startup Cost": 10000000002.5, "Total Cost": 1000008167017.25, "Plan Rows": 1, "Plan Width": 44, "Inner Unique": true, "Plans": [{"Node Type": "Nested Loop", "Parent Relationship": "Outer", "Join Type": "Inner", "Startup Cost": 10000000002.24, "Total Cost": 1000008167012.96, "Plan Rows": 1, "Plan Width": 44, "Inner Unique": true, "Join Filter": "(partsupp.ps_partkey = part.p_partkey)", "Plans": [{"Node Type": "Nested Loop", "Parent Relationship": "Outer", "Join Type": "Inner", "Startup Cost": 10000000001.98, "Total Cost": 1000008166987.25, "Plan Rows": 6, "Plan Width": 60, "Inner Unique": false, "Join Filter": "(supplier.s_suppkey = lineitem.l_suppkey)", "Plans": [{"Node Type": "Nested Loop", "Parent Relationship": "Outer", "Join Type": "Inner", "Startup Cost": 10000000001.57, "Total Cost": 1000002201599.04, "Plan Rows": 1344499, "Plan Width": 36, "Inner Unique": false, "Plans": [{"Node Type": "Index Scan", "Parent Relationship": "Outer", "Scan Direction": "Forward", "Index Name": "idx_supplier_nation_key", "Relation Name": "supplier", "Alias": "supplier", "Startup Cost": 10000000000.0, "Total Cost": 1000001217556.78, "Plan Rows": 100000, "Plan Width": 12}, {"Node Type": "Bitmap Heap Scan", "Parent Relationship": "Inner", "Relation Name": "partsupp", "Alias": "partsupp", "Startup Cost": 1.57, "Total Cost": 9.71, "Plan Rows": 13, "Plan Width": 24, "Recheck Cond": "(ps_suppkey = supplier.s_suppkey)", "Plans": [{"Node Type": "Bitmap Index Scan", "Parent Relationship": "Outer", "Index Name": "idx_partsupp_suppkey", "Startup Cost": 0.0, "Total Cost": 1.56, "Plan Rows": 13, "Plan Width": 0, "Index Cond": "(ps_suppkey = supplier.s_suppkey)"}]}]}, {"Node Type": "Bitmap Heap Scan", "Parent Relationship": "Inner", "Relation Name": "lineitem", "Alias": "lineitem", "Startup Cost": 0.41, "Total Cost": 4.42, "Plan Rows": 1, "Plan Width": 48, "Recheck Cond": "((l_partkey = partsupp.ps_partkey) AND (l_suppkey = partsupp.ps_suppkey))", "Plans": [{"Node Type": "Bitmap Index Scan", "Parent Relationship": "Outer", "Index Name": "idx_lineitem_part_supp", "Startup Cost": 0.0, "Total Cost": 0.41, "Plan Rows": 1, "Plan Width": 0, "Index Cond": "((l_partkey = partsupp.ps_partkey) AND (l_suppkey = partsupp.ps_suppkey))"}]}]}, {"Node Type": "Bitmap Heap Scan", "Parent Relationship": "Inner", "Relation Name": "part", "Alias": "part", "Startup Cost": 0.26, "Total Cost": 4.27, "Plan Rows": 1, "Plan Width": 8, "Recheck Cond": "(p_partkey = lineitem.l_partkey)", "Filter": "((p_name)::text ~~ '%dim%'::text)", "Plans": [{"Node Type": "Bitmap Index Scan", "Parent Relationship": "Outer", "Index Name": "part_kpey", "Startup Cost": 0.0, "Total Cost": 0.26, "Plan Rows": 1, "Plan Width": 0, "Index Cond": "(p_partkey = lineitem.l_partkey)"}]}]}, {"Node Type": "Bitmap Heap Scan", "Parent Relationship": "Inner", "Relation Name": "orders", "Alias": "orders", "Startup Cost": 0.26, "Total Cost": 4.27, "Plan Rows": 1, "Plan Width": 16, "Recheck Cond": "(o_orderkey = lineitem.l_orderkey)", "Plans": [{"Node Type": "Bitmap Index Scan", "Parent Relationship": "Outer", "Index Name": "orders_pkey", "Startup Cost": 0.0, "Total Cost": 0.26, "Plan Rows": 1, "Plan Width": 0, "Index Cond": "(o_orderkey = lineitem.l_orderkey)"}]}]}, {"Node Type": "Bitmap Heap Scan", "Parent Relationship": "Inner", "Relation Name": "nation", "Alias": "nation", "Startup Cost": 0.26, "Total Cost": 4.27, "Plan Rows": 1, "Plan Width": 30, "Recheck Cond": "(n_nationkey = supplier.s_nationkey)", "Plans": [{"Node Type": "Bitmap Index Scan", "Parent Relationship": "Outer", "Index Name": "nation_pkey", "Startup Cost": 0.0, "Total Cost": 0.26, "Plan Rows": 1, "Plan Width": 0, "Index Cond": "(n_nationkey = supplier.s_nationkey)"}]}]}]}]}, "Unique SQL Id": 3628361425}, "explain_analyze_plan": null}, "(16, 100)": {"explain_plan": {"Plan": {"Node Type": "Sort", "Startup Cost": 521166.05, "Total Cost": 521166.06, "Plan Rows": 1, "Plan Width": 74, "Sort Key": ["nation.n_name", "(date_part('year'::text, orders.o_orderdate)) DESC"], "Plans": [{"Node Type": "Aggregate", "Strategy": "Hashed", "Parent Relationship": "Outer", "Startup Cost": 521166.03, "Total Cost": 521166.04, "Plan Rows": 1, "Plan Width": 74, "Group By Key": ["nation.n_name", "date_part('year'::text, orders.o_orderdate)"], "Plans": [{"Node Type": "Nested Loop", "Parent Relationship": "Outer", "Join Type": "Inner", "Startup Cost": 72600.6, "Total Cost": 521166.01, "Plan Rows": 1, "Plan Width": 66, "Inner Unique": true, "Plans": [{"Node Type": "Nested Loop", "Parent Relationship": "Outer", "Join Type": "Inner", "Startup Cost": 72600.6, "Total Cost": 521165.73, "Plan Rows": 1, "Plan Width": 44, "Inner Unique": true, "Plans": [{"Node Type": "Nested Loop", "Parent Relationship": "Outer", "Join Type": "Inner", "Startup Cost": 72600.6, "Total Cost": 521165.43, "Plan Rows": 1, "Plan Width": 44, "Inner Unique": false, "Join Filter": "(supplier.s_suppkey = lineitem.l_suppkey)", "Plans": [{"Node Type": "Hash Join", "Parent Relationship": "Outer", "Join Type": "Inner", "Startup Cost": 72600.6, "Total Cost": 377416.42, "Plan Rows": 125630, "Plan Width": 44, "Inner Unique": true, "Hash Cond": "(partsupp.ps_suppkey = supplier.s_suppkey), (LLVM Optimized)", "Plans": [{"Node Type": "Hash Join", "Parent Relationship": "Outer", "Join Type": "Inner", "Startup Cost": 68067.6, "Total Cost": 370653.38, "Plan Rows": 259666, "Plan Width": 32, "Inner Unique": true, "Hash Cond": "(partsupp.ps_partkey = part.p_partkey), (LLVM Optimized)", "Plans": [{"Node Type": "Seq Scan", "Parent Relationship": "Outer", "Relation Name": "partsupp", "Alias": "partsupp", "Startup Cost": 0.0, "Total Cost": 269987.72, "Plan Rows": 8000372, "Plan Width": 24}, {"Node Type": "Hash", "Parent Relationship": "Inner", "Startup Cost": 66944.0, "Total Cost": 66944.0, "Plan Rows": 89888, "Plan Width": 8, "Plans": [{"Node Type": "Seq Scan", "Parent Relationship": "Outer", "Relation Name": "part", "Alias": "part", "Startup Cost": 0.0, "Total Cost": 66944.0, "Plan Rows": 89888, "Plan Width": 8, "Filter": "((p_name)::text ~~ '%dim%'::text)"}]}]}, {"Node Type": "Hash", "Parent Relationship": "Inner", "Startup Cost": 3283.0, "Total Cost": 3283.0, "Plan Rows": 100000, "Plan Width": 12, "Plans": [{"Node Type": "Seq Scan", "Parent Relationship": "Outer", "Relation Name": "supplier", "Alias": "supplier", "Startup Cost": 0.0, "Total Cost": 3283.0, "Plan Rows": 100000, "Plan Width": 12}]}]}, {"Node Type": "Index Scan", "Parent Relationship": "Inner", "Scan Direction": "Forward", "Index Name": "idx_lineitem_part_supp", "Relation Name": "lineitem", "Alias": "lineitem", "Startup Cost": 0.0, "Total Cost": 1.13, "Plan Rows": 1, "Plan Width": 48, "Index Cond": "((l_partkey = partsupp.ps_partkey) AND (l_suppkey = partsupp.ps_suppkey))"}]}, {"Node Type": "Index Scan", "Parent Relationship": "Inner", "Scan Direction": "Forward", "Index Name": "orders_pkey", "Relation Name": "orders", "Alias": "orders", "Startup Cost": 0.0, "Total Cost": 0.29, "Plan Rows": 1, "Plan Width": 16, "Index Cond": "(o_orderkey = lineitem.l_orderkey)"}]}, {"Node Type": "Index Scan", "Parent Relationship": "Inner", "Scan Direction": "Forward", "Index Name": "nation_pkey", "Relation Name": "nation", "Alias": "nation", "Startup Cost": 0.0, "Total Cost": 0.27, "Plan Rows": 1, "Plan Width": 30, "Index Cond": "(n_nationkey = supplier.s_nationkey)"}]}]}]}, "Unique SQL Id": 3628361425}, "explain_analyze_plan": {"Plan": {"Node Type": "Sort", "Startup Cost": 521166.05, "Total Cost": 521166.06, "Plan Rows": 1, "Plan Width": 74, "Actual Startup Time": 58612.397, "Actual Total Time": 58612.409, "Actual Rows": 175, "Actual Loops": 1, "Sort Key": ["nation.n_name", "(date_part('year'::text, orders.o_orderdate)) DESC"], "Sort Method": "quicksort", "Sort Space Used": 52, "Sort Space Type": "Memory", "Plans": [{"Node Type": "Aggregate", "Strategy": "Hashed", "Parent Relationship": "Outer", "Startup Cost": 521166.03, "Total Cost": 521166.04, "Plan Rows": 1, "Plan Width": 74, "Actual Startup Time": 58611.995, "Actual Total Time": 58612.032, "Actual Rows": 175, "Actual Loops": 1, "Group By Key": ["nation.n_name", "date_part('year'::text, orders.o_orderdate)"], "Plans": [{"Node Type": "Nested Loop", "Parent Relationship": "Outer", "Join Type": "Inner", "Startup Cost": 72600.6, "Total Cost": 521166.01, "Plan Rows": 1, "Plan Width": 66, "Actual Startup Time": 1104.953, "Actual Total Time": 54814.063, "Actual Rows": 3256948, "Actual Loops": 1, "Inner Unique": true, "Plans": [{"Node Type": "Nested Loop", "Parent Relationship": "Outer", "Join Type": "Inner", "Startup Cost": 72600.6, "Total Cost": 521165.73, "Plan Rows": 1, "Plan Width": 44, "Actual Startup Time": 1104.916, "Actual Total Time": 46326.692, "Actual Rows": 3256948, "Actual Loops": 1, "Inner Unique": true, "Plans": [{"Node Type": "Nested Loop", "Parent Relationship": "Outer", "Join Type": "Inner", "Startup Cost": 72600.6, "Total Cost": 521165.43, "Plan Rows": 1, "Plan Width": 44, "Actual Startup Time": 1104.891, "Actual Total Time": 18807.178, "Actual Rows": 3256948, "Actual Loops": 1, "Inner Unique": false, "Join Filter": "(supplier.s_suppkey = lineitem.l_suppkey)", "Rows Removed by Join Filter": 0, "Plans": [{"Node Type": "Hash Join", "Parent Relationship": "Outer", "Join Type": "Inner", "Startup Cost": 72600.6, "Total Cost": 377416.42, "Plan Rows": 125630, "Plan Width": 44, "Actual Startup Time": 1104.824, "Actual Total Time": 6240.661, "Actual Rows": 434204, "Actual Loops": 1, "Inner Unique": true, "Hash Cond": "(partsupp.ps_suppkey = supplier.s_suppkey), (LLVM Optimized, Jit Execute)", "Plans": [{"Node Type": "Hash Join", "Parent Relationship": "Outer", "Join Type": "Inner", "Startup Cost": 68067.6, "Total Cost": 370653.38, "Plan Rows": 259666, "Plan Width": 32, "Actual Startup Time": 1036.673, "Actual Total Time": 5757.994, "Actual Rows": 434204, "Actual Loops": 1, "Inner Unique": true, "Hash Cond": "(partsupp.ps_partkey = part.p_partkey), (LLVM Optimized, Jit Execute)", "Plans": [{"Node Type": "Seq Scan", "Parent Relationship": "Outer", "Relation Name": "partsupp", "Alias": "partsupp", "Startup Cost": 0.0, "Total Cost": 269987.72, "Plan Rows": 8000372, "Plan Width": 24, "Actual Startup Time": 0.025, "Actual Total Time": 2548.053, "Actual Rows": 8000000, "Actual Loops": 1}, {"Node Type": "Hash", "Parent Relationship": "Inner", "Startup Cost": 66944.0, "Total Cost": 66944.0, "Plan Rows": 89888, "Plan Width": 8, "Actual Startup Time": 1036.439, "Actual Total Time": 1036.439, "Actual Rows": 108551, "Actual Loops": 1, "Hash Buckets": 131072, "Hash Batches": 1, "Original Hash Batches": 1, "Peak Memory Usage": 4241, "Plans": [{"Node Type": "Seq Scan", "Parent Relationship": "Outer", "Relation Name": "part", "Alias": "part", "Startup Cost": 0.0, "Total Cost": 66944.0, "Plan Rows": 89888, "Plan Width": 8, "Actual Startup Time": 0.035, "Actual Total Time": 998.743, "Actual Rows": 108551, "Actual Loops": 1, "Filter": "((p_name)::text ~~ '%dim%'::text)", "Rows Removed by Filter": 1891449}]}]}, {"Node Type": "Hash", "Parent Relationship": "Inner", "Startup Cost": 3283.0, "Total Cost": 3283.0, "Plan Rows": 100000, "Plan Width": 12, "Actual Startup Time": 67.975, "Actual Total Time": 67.975, "Actual Rows": 100000, "Actual Loops": 1, "Hash Buckets": 131072, "Hash Batches": 1, "Original Hash Batches": 1, "Peak Memory Usage": 4297, "Plans": [{"Node Type": "Seq Scan", "Parent Relationship": "Outer", "Relation Name": "supplier", "Alias": "supplier", "Startup Cost": 0.0, "Total Cost": 3283.0, "Plan Rows": 100000, "Plan Width": 12, "Actual Startup Time": 0.02, "Actual Total Time": 39.334, "Actual Rows": 100000, "Actual Loops": 1}]}]}, {"Node Type": "Index Scan", "Parent Relationship": "Inner", "Scan Direction": "Forward", "Index Name": "idx_lineitem_part_supp", "Relation Name": "lineitem", "Alias": "lineitem", "Startup Cost": 0.0, "Total Cost": 1.13, "Plan Rows": 1, "Plan Width": 48, "Actual Startup Time": 3206.079, "Actual Total Time": 10926.206, "Actual Rows": 3256948, "Actual Loops": 434204, "Index Cond": "((l_partkey = partsupp.ps_partkey) AND (l_suppkey = partsupp.ps_suppkey))", "Rows Removed by Index Recheck": 0}]}, {"Node Type": "Index Scan", "Parent Relationship": "Inner", "Scan Direction": "Forward", "Index Name": "orders_pkey", "Relation Name": "orders", "Alias": "orders", "Startup Cost": 0.0, "Total Cost": 0.29, "Plan Rows": 1, "Plan Width": 16, "Actual Startup Time": 24822.179, "Actual Total Time": 24822.179, "Actual Rows": 3256948, "Actual Loops": 3256948, "Index Cond": "(o_orderkey = lineitem.l_orderkey)", "Rows Removed by Index Recheck": 0}]}, {"Node Type": "Index Scan", "Parent Relationship": "Inner", "Scan Direction": "Forward", "Index Name": "nation_pkey", "Relation Name": "nation", "Alias": "nation", "Startup Cost": 0.0, "Total Cost": 0.27, "Plan Rows": 1, "Plan Width": 30, "Actual Startup Time": 4488.603, "Actual Total Time": 4488.603, "Actual Rows": 3256948, "Actual Loops": 3256948, "Index Cond": "(n_nationkey = supplier.s_nationkey)", "Rows Removed by Index Recheck": 0}]}]}]}, "Triggers": [], "Planner Runtime": 34.971, "Total Runtime": 58621.827, "Unique SQL Id": 3628361425}}, "(16, 101)": {"explain_plan": {"Plan": {"Node Type": "Sort", "Startup Cost": 701189.51, "Total Cost": 701189.52, "Plan Rows": 1, "Plan Width": 74, "Sort Key": ["nation.n_name", "(date_part('year'::text, orders.o_orderdate)) DESC"], "Plans": [{"Node Type": "Aggregate", "Strategy": "Hashed", "Parent Relationship": "Outer", "Startup Cost": 701189.49, "Total Cost": 701189.5, "Plan Rows": 1, "Plan Width": 74, "Group By Key": ["nation.n_name", "date_part('year'::text, orders.o_orderdate)"], "Plans": [{"Node Type": "Nested Loop", "Parent Relationship": "Outer", "Join Type": "Inner", "Startup Cost": 6584.54, "Total Cost": 701189.47, "Plan Rows": 1, "Plan Width": 66, "Inner Unique": true, "Plans": [{"Node Type": "Nested Loop", "Parent Relationship": "Outer", "Join Type": "Inner", "Startup Cost": 6584.54, "Total Cost": 701189.19, "Plan Rows": 1, "Plan Width": 44, "Inner Unique": true, "Plans": [{"Node Type": "Nested Loop", "Parent Relationship": "Outer", "Join Type": "Inner", "Startup Cost": 6584.54, "Total Cost": 701188.89, "Plan Rows": 1, "Plan Width": 44, "Inner Unique": false, "Join Filter": "(supplier.s_suppkey = lineitem.l_suppkey)", "Plans": [{"Node Type": "Hash Join", "Parent Relationship": "Outer", "Join Type": "Inner", "Startup Cost": 6584.54, "Total Cost": 557439.88, "Plan Rows": 125630, "Plan Width": 44, "Inner Unique": true, "Hash Cond": "(partsupp.ps_suppkey = supplier.s_suppkey), (LLVM Optimized)", "Plans": [{"Node Type": "Nested Loop", "Parent Relationship": "Outer", "Join Type": "Inner", "Startup Cost": 0.0, "Total Cost": 548625.29, "Plan Rows": 259666, "Plan Width": 32, "Inner Unique": false, "Plans": [{"Node Type": "Index Scan", "Parent Relationship": "Outer", "Scan Direction": "Forward", "Index Name": "part_kpey", "Relation Name": "part", "Alias": "part", "Startup Cost": 0.0, "Total Cost": 105803.25, "Plan Rows": 89888, "Plan Width": 8, "Filter": "((p_name)::text ~~ '%dim%'::text)"}, {"Node Type": "Index Scan", "Parent Relationship": "Inner", "Scan Direction": "Forward", "Index Name": "idx_partsupp_partkey", "Relation Name": "partsupp", "Alias": "partsupp", "Startup Cost": 0.0, "Total Cost": 4.9, "Plan Rows": 3, "Plan Width": 24, "Index Cond": "(ps_partkey = part.p_partkey)"}]}, {"Node Type": "Hash", "Parent Relationship": "Inner", "Startup Cost": 5334.54, "Total Cost": 5334.54, "Plan Rows": 100000, "Plan Width": 12, "Plans": [{"Node Type": "Index Scan", "Parent Relationship": "Outer", "Scan Direction": "Forward", "Index Name": "supplier_pkey", "Relation Name": "supplier", "Alias": "supplier", "Startup Cost": 0.0, "Total Cost": 5334.54, "Plan Rows": 100000, "Plan Width": 12}]}]}, {"Node Type": "Index Scan", "Parent Relationship": "Inner", "Scan Direction": "Forward", "Index Name": "idx_lineitem_part_supp", "Relation Name": "lineitem", "Alias": "lineitem", "Startup Cost": 0.0, "Total Cost": 1.13, "Plan Rows": 1, "Plan Width": 48, "Index Cond": "((l_partkey = partsupp.ps_partkey) AND (l_suppkey = partsupp.ps_suppkey))"}]}, {"Node Type": "Index Scan", "Parent Relationship": "Inner", "Scan Direction": "Forward", "Index Name": "orders_pkey", "Relation Name": "orders", "Alias": "orders", "Startup Cost": 0.0, "Total Cost": 0.29, "Plan Rows": 1, "Plan Width": 16, "Index Cond": "(o_orderkey = lineitem.l_orderkey)"}]}, {"Node Type": "Index Scan", "Parent Relationship": "Inner", "Scan Direction": "Forward", "Index Name": "nation_pkey", "Relation Name": "nation", "Alias": "nation", "Startup Cost": 0.0, "Total Cost": 0.27, "Plan Rows": 1, "Plan Width": 30, "Index Cond": "(n_nationkey = supplier.s_nationkey)"}]}]}]}, "Unique SQL Id": 3628361425}, "explain_analyze_plan": {"Plan": {"Node Type": "Sort", "Startup Cost": 701189.51, "Total Cost": 701189.52, "Plan Rows": 1, "Plan Width": 74, "Actual Startup Time": 56757.804, "Actual Total Time": 56757.818, "Actual Rows": 175, "Actual Loops": 1, "Sort Key": ["nation.n_name", "(date_part('year'::text, orders.o_orderdate)) DESC"], "Sort Method": "quicksort", "Sort Space Used": 52, "Sort Space Type": "Memory", "Plans": [{"Node Type": "Aggregate", "Strategy": "Hashed", "Parent Relationship": "Outer", "Startup Cost": 701189.49, "Total Cost": 701189.5, "Plan Rows": 1, "Plan Width": 74, "Actual Startup Time": 56757.401, "Actual Total Time": 56757.434, "Actual Rows": 175, "Actual Loops": 1, "Group By Key": ["nation.n_name", "date_part('year'::text, orders.o_orderdate)"], "Plans": [{"Node Type": "Nested Loop", "Parent Relationship": "Outer", "Join Type": "Inner", "Startup Cost": 6584.54, "Total Cost": 701189.47, "Plan Rows": 1, "Plan Width": 66, "Actual Startup Time": 106.399, "Actual Total Time": 52825.55, "Actual Rows": 3256948, "Actual Loops": 1, "Inner Unique": true, "Plans": [{"Node Type": "Nested Loop", "Parent Relationship": "Outer", "Join Type": "Inner", "Startup Cost": 6584.54, "Total Cost": 701189.19, "Plan Rows": 1, "Plan Width": 44, "Actual Startup Time": 106.363, "Actual Total Time": 44002.737, "Actual Rows": 3256948, "Actual Loops": 1, "Inner Unique": true, "Plans": [{"Node Type": "Nested Loop", "Parent Relationship": "Outer", "Join Type": "Inner", "Startup Cost": 6584.54, "Total Cost": 701188.89, "Plan Rows": 1, "Plan Width": 44, "Actual Startup Time": 106.34, "Actual Total Time": 16136.796, "Actual Rows": 3256948, "Actual Loops": 1, "Inner Unique": false, "Join Filter": "(supplier.s_suppkey = lineitem.l_suppkey)", "Rows Removed by Join Filter": 0, "Plans": [{"Node Type": "Hash Join", "Parent Relationship": "Outer", "Join Type": "Inner", "Startup Cost": 6584.54, "Total Cost": 557439.88, "Plan Rows": 125630, "Plan Width": 44, "Actual Startup Time": 106.3, "Actual Total Time": 3477.4, "Actual Rows": 434204, "Actual Loops": 1, "Inner Unique": true, "Hash Cond": "(partsupp.ps_suppkey = supplier.s_suppkey), (LLVM Optimized, Jit Execute)", "Plans": [{"Node Type": "Nested Loop", "Parent Relationship": "Outer", "Join Type": "Inner", "Startup Cost": 0.0, "Total Cost": 548625.29, "Plan Rows": 259666, "Plan Width": 32, "Actual Startup Time": 0.05, "Actual Total Time": 2916.216, "Actual Rows": 434204, "Actual Loops": 1, "Inner Unique": false, "Plans": [{"Node Type": "Index Scan", "Parent Relationship": "Outer", "Scan Direction": "Forward", "Index Name": "part_kpey", "Relation Name": "part", "Alias": "part", "Startup Cost": 0.0, "Total Cost": 105803.25, "Plan Rows": 89888, "Plan Width": 8, "Actual Startup Time": 0.038, "Actual Total Time": 1713.725, "Actual Rows": 108551, "Actual Loops": 1, "Filter": "((p_name)::text ~~ '%dim%'::text)", "Rows Removed by Filter": 1891449}, {"Node Type": "Index Scan", "Parent Relationship": "Inner", "Scan Direction": "Forward", "Index Name": "idx_partsupp_partkey", "Relation Name": "partsupp", "Alias": "partsupp", "Startup Cost": 0.0, "Total Cost": 4.9, "Plan Rows": 3, "Plan Width": 24, "Actual Startup Time": 698.665, "Actual Total Time": 994.397, "Actual Rows": 434204, "Actual Loops": 108551, "Index Cond": "(ps_partkey = part.p_partkey)", "Rows Removed by Index Recheck": 0}]}, {"Node Type": "Hash", "Parent Relationship": "Inner", "Startup Cost": 5334.54, "Total Cost": 5334.54, "Plan Rows": 100000, "Plan Width": 12, "Actual Startup Time": 106.06, "Actual Total Time": 106.06, "Actual Rows": 100000, "Actual Loops": 1, "Hash Buckets": 131072, "Hash Batches": 1, "Original Hash Batches": 1, "Peak Memory Usage": 4297, "Plans": [{"Node Type": "Index Scan", "Parent Relationship": "Outer", "Scan Direction": "Forward", "Index Name": "supplier_pkey", "Relation Name": "supplier", "Alias": "supplier", "Startup Cost": 0.0, "Total Cost": 5334.54, "Plan Rows": 100000, "Plan Width": 12, "Actual Startup Time": 0.019, "Actual Total Time": 76.575, "Actual Rows": 100000, "Actual Loops": 1}]}]}, {"Node Type": "Index Scan", "Parent Relationship": "Inner", "Scan Direction": "Forward", "Index Name": "idx_lineitem_part_supp", "Relation Name": "lineitem", "Alias": "lineitem", "Startup Cost": 0.0, "Total Cost": 1.13, "Plan Rows": 1, "Plan Width": 48, "Actual Startup Time": 3224.162, "Actual Total Time": 11011.239, "Actual Rows": 3256948, "Actual Loops": 434204, "Index Cond": "((l_partkey = partsupp.ps_partkey) AND (l_suppkey = partsupp.ps_suppkey))", "Rows Removed by Index Recheck": 0}]}, {"Node Type": "Index Scan", "Parent Relationship": "Inner", "Scan Direction": "Forward", "Index Name": "orders_pkey", "Relation Name": "orders", "Alias": "orders", "Startup Cost": 0.0, "Total Cost": 0.29, "Plan Rows": 1, "Plan Width": 16, "Actual Startup Time": 25102.62, "Actual Total Time": 25102.62, "Actual Rows": 3256948, "Actual Loops": 3256948, "Index Cond": "(o_orderkey = lineitem.l_orderkey)", "Rows Removed by Index Recheck": 0}]}, {"Node Type": "Index Scan", "Parent Relationship": "Inner", "Scan Direction": "Forward", "Index Name": "nation_pkey", "Relation Name": "nation", "Alias": "nation", "Startup Cost": 0.0, "Total Cost": 0.27, "Plan Rows": 1, "Plan Width": 30, "Actual Startup Time": 4713.432, "Actual Total Time": 4713.432, "Actual Rows": 3256948, "Actual Loops": 3256948, "Index Cond": "(n_nationkey = supplier.s_nationkey)", "Rows Removed by Index Recheck": 0}]}]}]}, "Triggers": [], "Planner Runtime": 33.85, "Total Runtime": 56766.913, "Unique SQL Id": 3628361425}}, "(16, 102)": {"explain_plan": {"Plan": {"Node Type": "Sort", "Startup Cost": 934830.96, "Total Cost": 934830.97, "Plan Rows": 1, "Plan Width": 74, "Sort Key": ["nation.n_name", "(date_part('year'::text, orders.o_orderdate)) DESC"], "Plans": [{"Node Type": "Aggregate", "Strategy": "Hashed", "Parent Relationship": "Outer", "Startup Cost": 934830.94, "Total Cost": 934830.95, "Plan Rows": 1, "Plan Width": 74, "Group By Key": ["nation.n_name", "date_part('year'::text, orders.o_orderdate)"], "Plans": [{"Node Type": "Nested Loop", "Parent Relationship": "Outer", "Join Type": "Inner", "Startup Cost": 72601.53, "Total Cost": 934830.92, "Plan Rows": 1, "Plan Width": 66, "Inner Unique": true, "Plans": [{"Node Type": "Nested Loop", "Parent Relationship": "Outer", "Join Type": "Inner", "Startup Cost": 72601.27, "Total Cost": 934826.64, "Plan Rows": 1, "Plan Width": 44, "Inner Unique": true, "Plans": [{"Node Type": "Nested Loop", "Parent Relationship": "Outer", "Join Type": "Inner", "Startup Cost": 72601.01, "Total Cost": 934822.36, "Plan Rows": 1, "Plan Width": 44, "Inner Unique": false, "Join Filter": "(supplier.s_suppkey = lineitem.l_suppkey)", "Plans": [{"Node Type": "Hash Join", "Parent Relationship": "Outer", "Join Type": "Inner", "Startup Cost": 72600.6, "Total Cost": 377416.42, "Plan Rows": 125630, "Plan Width": 44, "Inner Unique": true, "Hash Cond": "(partsupp.ps_suppkey = supplier.s_suppkey), (LLVM Optimized)", "Plans": [{"Node Type": "Hash Join", "Parent Relationship": "Outer", "Join Type": "Inner", "Startup Cost": 68067.6, "Total Cost": 370653.38, "Plan Rows": 259666, "Plan Width": 32, "Inner Unique": true, "Hash Cond": "(partsupp.ps_partkey = part.p_partkey), (LLVM Optimized)", "Plans": [{"Node Type": "Seq Scan", "Parent Relationship": "Outer", "Relation Name": "partsupp", "Alias": "partsupp", "Startup Cost": 0.0, "Total Cost": 269987.72, "Plan Rows": 8000372, "Plan Width": 24}, {"Node Type": "Hash", "Parent Relationship": "Inner", "Startup Cost": 66944.0, "Total Cost": 66944.0, "Plan Rows": 89888, "Plan Width": 8, "Plans": [{"Node Type": "Seq Scan", "Parent Relationship": "Outer", "Relation Name": "part", "Alias": "part", "Startup Cost": 0.0, "Total Cost": 66944.0, "Plan Rows": 89888, "Plan Width": 8, "Filter": "((p_name)::text ~~ '%dim%'::text)"}]}]}, {"Node Type": "Hash", "Parent Relationship": "Inner", "Startup Cost": 3283.0, "Total Cost": 3283.0, "Plan Rows": 100000, "Plan Width": 12, "Plans": [{"Node Type": "Seq Scan", "Parent Relationship": "Outer", "Relation Name": "supplier", "Alias": "supplier", "Startup Cost": 0.0, "Total Cost": 3283.0, "Plan Rows": 100000, "Plan Width": 12}]}]}, {"Node Type": "Bitmap Heap Scan", "Parent Relationship": "Inner", "Relation Name": "lineitem", "Alias": "lineitem", "Startup Cost": 0.41, "Total Cost": 4.42, "Plan Rows": 1, "Plan Width": 48, "Recheck Cond": "((l_partkey = partsupp.ps_partkey) AND (l_suppkey = partsupp.ps_suppkey))", "Plans": [{"Node Type": "Bitmap Index Scan", "Parent Relationship": "Outer", "Index Name": "idx_lineitem_part_supp", "Startup Cost": 0.0, "Total Cost": 0.41, "Plan Rows": 1, "Plan Width": 0, "Index Cond": "((l_partkey = partsupp.ps_partkey) AND (l_suppkey = partsupp.ps_suppkey))"}]}]}, {"Node Type": "Bitmap Heap Scan", "Parent Relationship": "Inner", "Relation Name": "orders", "Alias": "orders", "Startup Cost": 0.26, "Total Cost": 4.27, "Plan Rows": 1, "Plan Width": 16, "Recheck Cond": "(o_orderkey = lineitem.l_orderkey)", "Plans": [{"Node Type": "Bitmap Index Scan", "Parent Relationship": "Outer", "Index Name": "orders_pkey", "Startup Cost": 0.0, "Total Cost": 0.26, "Plan Rows": 1, "Plan Width": 0, "Index Cond": "(o_orderkey = lineitem.l_orderkey)"}]}]}, {"Node Type": "Bitmap Heap Scan", "Parent Relationship": "Inner", "Relation Name": "nation", "Alias": "nation", "Startup Cost": 0.26, "Total Cost": 4.27, "Plan Rows": 1, "Plan Width": 30, "Recheck Cond": "(n_nationkey = supplier.s_nationkey)", "Plans": [{"Node Type": "Bitmap Index Scan", "Parent Relationship": "Outer", "Index Name": "nation_pkey", "Startup Cost": 0.0, "Total Cost": 0.26, "Plan Rows": 1, "Plan Width": 0, "Index Cond": "(n_nationkey = supplier.s_nationkey)"}]}]}]}]}, "Unique SQL Id": 3628361425}, "explain_analyze_plan": {"Plan": {"Node Type": "Sort", "Startup Cost": 934830.96, "Total Cost": 934830.97, "Plan Rows": 1, "Plan Width": 74, "Actual Startup Time": 74225.919, "Actual Total Time": 74225.933, "Actual Rows": 175, "Actual Loops": 1, "Sort Key": ["nation.n_name", "(date_part('year'::text, orders.o_orderdate)) DESC"], "Sort Method": "quicksort", "Sort Space Used": 52, "Sort Space Type": "Memory", "Plans": [{"Node Type": "Aggregate", "Strategy": "Hashed", "Parent Relationship": "Outer", "Startup Cost": 934830.94, "Total Cost": 934830.95, "Plan Rows": 1, "Plan Width": 74, "Actual Startup Time": 74225.511, "Actual Total Time": 74225.561, "Actual Rows": 175, "Actual Loops": 1, "Group By Key": ["nation.n_name", "date_part('year'::text, orders.o_orderdate)"], "Plans": [{"Node Type": "Nested Loop", "Parent Relationship": "Outer", "Join Type": "Inner", "Startup Cost": 72601.53, "Total Cost": 934830.92, "Plan Rows": 1, "Plan Width": 66, "Actual Startup Time": 1099.152, "Actual Total Time": 70108.745, "Actual Rows": 3256948, "Actual Loops": 1, "Inner Unique": true, "Plans": [{"Node Type": "Nested Loop", "Parent Relationship": "Outer", "Join Type": "Inner", "Startup Cost": 72601.27, "Total Cost": 934826.64, "Plan Rows": 1, "Plan Width": 44, "Actual Startup Time": 1099.118, "Actual Total Time": 56422.153, "Actual Rows": 3256948, "Actual Loops": 1, "Inner Unique": true, "Plans": [{"Node Type": "Nested Loop", "Parent Relationship": "Outer", "Join Type": "Inner", "Startup Cost": 72601.01, "Total Cost": 934822.36, "Plan Rows": 1, "Plan Width": 44, "Actual Startup Time": 1099.081, "Actual Total Time": 22357.588, "Actual Rows": 3256948, "Actual Loops": 1, "Inner Unique": false, "Join Filter": "(supplier.s_suppkey = lineitem.l_suppkey)", "Rows Removed by Join Filter": 0, "Plans": [{"Node Type": "Hash Join", "Parent Relationship": "Outer", "Join Type": "Inner", "Startup Cost": 72600.6, "Total Cost": 377416.42, "Plan Rows": 125630, "Plan Width": 44, "Actual Startup Time": 1098.963, "Actual Total Time": 6620.828, "Actual Rows": 434204, "Actual Loops": 1, "Inner Unique": true, "Hash Cond": "(partsupp.ps_suppkey = supplier.s_suppkey), (LLVM Optimized, Jit Execute)", "Plans": [{"Node Type": "Hash Join", "Parent Relationship": "Outer", "Join Type": "Inner", "Startup Cost": 68067.6, "Total Cost": 370653.38, "Plan Rows": 259666, "Plan Width": 32, "Actual Startup Time": 1034.745, "Actual Total Time": 6106.374, "Actual Rows": 434204, "Actual Loops": 1, "Inner Unique": true, "Hash Cond": "(partsupp.ps_partkey = part.p_partkey), (LLVM Optimized, Jit Execute)", "Plans": [{"Node Type": "Seq Scan", "Parent Relationship": "Outer", "Relation Name": "partsupp", "Alias": "partsupp", "Startup Cost": 0.0, "Total Cost": 269987.72, "Plan Rows": 8000372, "Plan Width": 24, "Actual Startup Time": 0.02, "Actual Total Time": 2616.294, "Actual Rows": 8000000, "Actual Loops": 1}, {"Node Type": "Hash", "Parent Relationship": "Inner", "Startup Cost": 66944.0, "Total Cost": 66944.0, "Plan Rows": 89888, "Plan Width": 8, "Actual Startup Time": 1034.585, "Actual Total Time": 1034.585, "Actual Rows": 108551, "Actual Loops": 1, "Hash Buckets": 131072, "Hash Batches": 1, "Original Hash Batches": 1, "Peak Memory Usage": 4241, "Plans": [{"Node Type": "Seq Scan", "Parent Relationship": "Outer", "Relation Name": "part", "Alias": "part", "Startup Cost": 0.0, "Total Cost": 66944.0, "Plan Rows": 89888, "Plan Width": 8, "Actual Startup Time": 0.039, "Actual Total Time": 996.079, "Actual Rows": 108551, "Actual Loops": 1, "Filter": "((p_name)::text ~~ '%dim%'::text)", "Rows Removed by Filter": 1891449}]}]}, {"Node Type": "Hash", "Parent Relationship": "Inner", "Startup Cost": 3283.0, "Total Cost": 3283.0, "Plan Rows": 100000, "Plan Width": 12, "Actual Startup Time": 64.081, "Actual Total Time": 64.081, "Actual Rows": 100000, "Actual Loops": 1, "Hash Buckets": 131072, "Hash Batches": 1, "Original Hash Batches": 1, "Peak Memory Usage": 4297, "Plans": [{"Node Type": "Seq Scan", "Parent Relationship": "Outer", "Relation Name": "supplier", "Alias": "supplier", "Startup Cost": 0.0, "Total Cost": 3283.0, "Plan Rows": 100000, "Plan Width": 12, "Actual Startup Time": 0.023, "Actual Total Time": 36.027, "Actual Rows": 100000, "Actual Loops": 1}]}]}, {"Node Type": "Bitmap Heap Scan", "Parent Relationship": "Inner", "Relation Name": "lineitem", "Alias": "lineitem", "Startup Cost": 0.41, "Total Cost": 4.42, "Plan Rows": 1, "Plan Width": 48, "Actual Startup Time": 5090.777, "Actual Total Time": 13615.968, "Actual Rows": 3256948, "Actual Loops": 434204, "Recheck Cond": "((l_partkey = partsupp.ps_partkey) AND (l_suppkey = partsupp.ps_suppkey))", "Rows Removed by Index Recheck": 0, "Exact Heap Blocks": 3256937, "Lossy Heap Blocks": 3256937, "Plans": [{"Node Type": "Bitmap Index Scan", "Parent Relationship": "Outer", "Index Name": "idx_lineitem_part_supp", "Startup Cost": 0.0, "Total Cost": 0.41, "Plan Rows": 1, "Plan Width": 0, "Actual Startup Time": 2865.377, "Actual Total Time": 2865.377, "Actual Rows": 3256948, "Actual Loops": 434204, "Index Cond": "((l_partkey = partsupp.ps_partkey) AND (l_suppkey = partsupp.ps_suppkey))"}]}]}, {"Node Type": "Bitmap Heap Scan", "Parent Relationship": "Inner", "Relation Name": "orders", "Alias": "orders", "Startup Cost": 0.26, "Total Cost": 4.27, "Plan Rows": 1, "Plan Width": 16, "Actual Startup Time": 29495.525, "Actual Total Time": 29495.525, "Actual Rows": 3256948, "Actual Loops": 3256948, "Recheck Cond": "(o_orderkey = lineitem.l_orderkey)", "Rows Removed by Index Recheck": 0, "Exact Heap Blocks": 3256948, "Lossy Heap Blocks": 3256948, "Plans": [{"Node Type": "Bitmap Index Scan", "Parent Relationship": "Outer", "Index Name": "orders_pkey", "Startup Cost": 0.0, "Total Cost": 0.26, "Plan Rows": 1, "Plan Width": 0, "Actual Startup Time": 18899.294, "Actual Total Time": 18899.294, "Actual Rows": 3256948, "Actual Loops": 3256948, "Index Cond": "(o_orderkey = lineitem.l_orderkey)"}]}]}, {"Node Type": "Bitmap Heap Scan", "Parent Relationship": "Inner", "Relation Name": "nation", "Alias": "nation", "Startup Cost": 0.26, "Total Cost": 4.27, "Plan Rows": 1, "Plan Width": 30, "Actual Startup Time": 7717.659, "Actual Total Time": 7717.659, "Actual Rows": 3256948, "Actual Loops": 3256948, "Recheck Cond": "(n_nationkey = supplier.s_nationkey)", "Rows Removed by Index Recheck": 0, "Exact Heap Blocks": 3256948, "Lossy Heap Blocks": 3256948, "Plans": [{"Node Type": "Bitmap Index Scan", "Parent Relationship": "Outer", "Index Name": "nation_pkey", "Startup Cost": 0.0, "Total Cost": 0.26, "Plan Rows": 1, "Plan Width": 0, "Actual Startup Time": 3325.577, "Actual Total Time": 3325.577, "Actual Rows": 3256948, "Actual Loops": 3256948, "Index Cond": "(n_nationkey = supplier.s_nationkey)"}]}]}]}]}, "Triggers": [], "Planner Runtime": 41.283, "Total Runtime": 74235.19, "Unique SQL Id": 3628361425}}, "(16, 103)": {"explain_plan": {"Plan": {"Node Type": "Sort", "Startup Cost": 1000008167021.57, "Total Cost": 1000008167021.58, "Plan Rows": 1, "Plan Width": 74, "Sort Key": ["nation.n_name", "(date_part('year'::text, orders.o_orderdate)) DESC"], "Plans": [{"Node Type": "Aggregate", "Strategy": "Hashed", "Parent Relationship": "Outer", "Startup Cost": 1000008167021.55, "Total Cost": 1000008167021.56, "Plan Rows": 1, "Plan Width": 74, "Group By Key": ["nation.n_name", "date_part('year'::text, orders.o_orderdate)"], "Plans": [{"Node Type": "Nested Loop", "Parent Relationship": "Outer", "Join Type": "Inner", "Startup Cost": 10000000002.75, "Total Cost": 1000008167021.53, "Plan Rows": 1, "Plan Width": 66, "Inner Unique": true, "Plans": [{"Node Type": "Nested Loop", "Parent Relationship": "Outer", "Join Type": "Inner", "Startup Cost": 10000000002.5, "Total Cost": 1000008167017.25, "Plan Rows": 1, "Plan Width": 44, "Inner Unique": true, "Plans": [{"Node Type": "Nested Loop", "Parent Relationship": "Outer", "Join Type": "Inner", "Startup Cost": 10000000002.24, "Total Cost": 1000008167012.96, "Plan Rows": 1, "Plan Width": 44, "Inner Unique": true, "Join Filter": "(partsupp.ps_partkey = part.p_partkey)", "Plans": [{"Node Type": "Nested Loop", "Parent Relationship": "Outer", "Join Type": "Inner", "Startup Cost": 10000000001.98, "Total Cost": 1000008166987.25, "Plan Rows": 6, "Plan Width": 60, "Inner Unique": false, "Join Filter": "(supplier.s_suppkey = lineitem.l_suppkey)", "Plans": [{"Node Type": "Nested Loop", "Parent Relationship": "Outer", "Join Type": "Inner", "Startup Cost": 10000000001.57, "Total Cost": 1000002201599.04, "Plan Rows": 1344499, "Plan Width": 36, "Inner Unique": false, "Plans": [{"Node Type": "Index Scan", "Parent Relationship": "Outer", "Scan Direction": "Forward", "Index Name": "idx_supplier_nation_key", "Relation Name": "supplier", "Alias": "supplier", "Startup Cost": 10000000000.0, "Total Cost": 1000001217556.78, "Plan Rows": 100000, "Plan Width": 12}, {"Node Type": "Bitmap Heap Scan", "Parent Relationship": "Inner", "Relation Name": "partsupp", "Alias": "partsupp", "Startup Cost": 1.57, "Total Cost": 9.71, "Plan Rows": 13, "Plan Width": 24, "Recheck Cond": "(ps_suppkey = supplier.s_suppkey)", "Plans": [{"Node Type": "Bitmap Index Scan", "Parent Relationship": "Outer", "Index Name": "idx_partsupp_suppkey", "Startup Cost": 0.0, "Total Cost": 1.56, "Plan Rows": 13, "Plan Width": 0, "Index Cond": "(ps_suppkey = supplier.s_suppkey)"}]}]}, {"Node Type": "Bitmap Heap Scan", "Parent Relationship": "Inner", "Relation Name": "lineitem", "Alias": "lineitem", "Startup Cost": 0.41, "Total Cost": 4.42, "Plan Rows": 1, "Plan Width": 48, "Recheck Cond": "((l_partkey = partsupp.ps_partkey) AND (l_suppkey = partsupp.ps_suppkey))", "Plans": [{"Node Type": "Bitmap Index Scan", "Parent Relationship": "Outer", "Index Name": "idx_lineitem_part_supp", "Startup Cost": 0.0, "Total Cost": 0.41, "Plan Rows": 1, "Plan Width": 0, "Index Cond": "((l_partkey = partsupp.ps_partkey) AND (l_suppkey = partsupp.ps_suppkey))"}]}]}, {"Node Type": "Bitmap Heap Scan", "Parent Relationship": "Inner", "Relation Name": "part", "Alias": "part", "Startup Cost": 0.26, "Total Cost": 4.27, "Plan Rows": 1, "Plan Width": 8, "Recheck Cond": "(p_partkey = lineitem.l_partkey)", "Filter": "((p_name)::text ~~ '%dim%'::text)", "Plans": [{"Node Type": "Bitmap Index Scan", "Parent Relationship": "Outer", "Index Name": "part_kpey", "Startup Cost": 0.0, "Total Cost": 0.26, "Plan Rows": 1, "Plan Width": 0, "Index Cond": "(p_partkey = lineitem.l_partkey)"}]}]}, {"Node Type": "Bitmap Heap Scan", "Parent Relationship": "Inner", "Relation Name": "orders", "Alias": "orders", "Startup Cost": 0.26, "Total Cost": 4.27, "Plan Rows": 1, "Plan Width": 16, "Recheck Cond": "(o_orderkey = lineitem.l_orderkey)", "Plans": [{"Node Type": "Bitmap Index Scan", "Parent Relationship": "Outer", "Index Name": "orders_pkey", "Startup Cost": 0.0, "Total Cost": 0.26, "Plan Rows": 1, "Plan Width": 0, "Index Cond": "(o_orderkey = lineitem.l_orderkey)"}]}]}, {"Node Type": "Bitmap Heap Scan", "Parent Relationship": "Inner", "Relation Name": "nation", "Alias": "nation", "Startup Cost": 0.26, "Total Cost": 4.27, "Plan Rows": 1, "Plan Width": 30, "Recheck Cond": "(n_nationkey = supplier.s_nationkey)", "Plans": [{"Node Type": "Bitmap Index Scan", "Parent Relationship": "Outer", "Index Name": "nation_pkey", "Startup Cost": 0.0, "Total Cost": 0.26, "Plan Rows": 1, "Plan Width": 0, "Index Cond": "(n_nationkey = supplier.s_nationkey)"}]}]}]}]}, "Unique SQL Id": 3628361425}, "explain_analyze_plan": null}, "(16, 104)": {"explain_plan": {"Plan": {"Node Type": "Sort", "Startup Cost": 521166.05, "Total Cost": 521166.06, "Plan Rows": 1, "Plan Width": 74, "Sort Key": ["nation.n_name", "(date_part('year'::text, orders.o_orderdate)) DESC"], "Plans": [{"Node Type": "Aggregate", "Strategy": "Hashed", "Parent Relationship": "Outer", "Startup Cost": 521166.03, "Total Cost": 521166.04, "Plan Rows": 1, "Plan Width": 74, "Group By Key": ["nation.n_name", "date_part('year'::text, orders.o_orderdate)"], "Plans": [{"Node Type": "Nested Loop", "Parent Relationship": "Outer", "Join Type": "Inner", "Startup Cost": 72600.6, "Total Cost": 521166.01, "Plan Rows": 1, "Plan Width": 66, "Inner Unique": true, "Plans": [{"Node Type": "Nested Loop", "Parent Relationship": "Outer", "Join Type": "Inner", "Startup Cost": 72600.6, "Total Cost": 521165.73, "Plan Rows": 1, "Plan Width": 44, "Inner Unique": true, "Plans": [{"Node Type": "Nested Loop", "Parent Relationship": "Outer", "Join Type": "Inner", "Startup Cost": 72600.6, "Total Cost": 521165.43, "Plan Rows": 1, "Plan Width": 44, "Inner Unique": false, "Join Filter": "(supplier.s_suppkey = lineitem.l_suppkey)", "Plans": [{"Node Type": "Hash Join", "Parent Relationship": "Outer", "Join Type": "Inner", "Startup Cost": 72600.6, "Total Cost": 377416.42, "Plan Rows": 125630, "Plan Width": 44, "Inner Unique": true, "Hash Cond": "(partsupp.ps_suppkey = supplier.s_suppkey), (LLVM Optimized)", "Plans": [{"Node Type": "Hash Join", "Parent Relationship": "Outer", "Join Type": "Inner", "Startup Cost": 68067.6, "Total Cost": 370653.38, "Plan Rows": 259666, "Plan Width": 32, "Inner Unique": true, "Hash Cond": "(partsupp.ps_partkey = part.p_partkey), (LLVM Optimized)", "Plans": [{"Node Type": "Seq Scan", "Parent Relationship": "Outer", "Relation Name": "partsupp", "Alias": "partsupp", "Startup Cost": 0.0, "Total Cost": 269987.72, "Plan Rows": 8000372, "Plan Width": 24}, {"Node Type": "Hash", "Parent Relationship": "Inner", "Startup Cost": 66944.0, "Total Cost": 66944.0, "Plan Rows": 89888, "Plan Width": 8, "Plans": [{"Node Type": "Seq Scan", "Parent Relationship": "Outer", "Relation Name": "part", "Alias": "part", "Startup Cost": 0.0, "Total Cost": 66944.0, "Plan Rows": 89888, "Plan Width": 8, "Filter": "((p_name)::text ~~ '%dim%'::text)"}]}]}, {"Node Type": "Hash", "Parent Relationship": "Inner", "Startup Cost": 3283.0, "Total Cost": 3283.0, "Plan Rows": 100000, "Plan Width": 12, "Plans": [{"Node Type": "Seq Scan", "Parent Relationship": "Outer", "Relation Name": "supplier", "Alias": "supplier", "Startup Cost": 0.0, "Total Cost": 3283.0, "Plan Rows": 100000, "Plan Width": 12}]}]}, {"Node Type": "Index Scan", "Parent Relationship": "Inner", "Scan Direction": "Forward", "Index Name": "idx_lineitem_part_supp", "Relation Name": "lineitem", "Alias": "lineitem", "Startup Cost": 0.0, "Total Cost": 1.13, "Plan Rows": 1, "Plan Width": 48, "Index Cond": "((l_partkey = partsupp.ps_partkey) AND (l_suppkey = partsupp.ps_suppkey))"}]}, {"Node Type": "Index Scan", "Parent Relationship": "Inner", "Scan Direction": "Forward", "Index Name": "orders_pkey", "Relation Name": "orders", "Alias": "orders", "Startup Cost": 0.0, "Total Cost": 0.29, "Plan Rows": 1, "Plan Width": 16, "Index Cond": "(o_orderkey = lineitem.l_orderkey)"}]}, {"Node Type": "Index Scan", "Parent Relationship": "Inner", "Scan Direction": "Forward", "Index Name": "nation_pkey", "Relation Name": "nation", "Alias": "nation", "Startup Cost": 0.0, "Total Cost": 0.27, "Plan Rows": 1, "Plan Width": 30, "Index Cond": "(n_nationkey = supplier.s_nationkey)"}]}]}]}, "Unique SQL Id": 3628361425}, "explain_analyze_plan": {"Plan": {"Node Type": "Sort", "Startup Cost": 521166.05, "Total Cost": 521166.06, "Plan Rows": 1, "Plan Width": 74, "Actual Startup Time": 58612.397, "Actual Total Time": 58612.409, "Actual Rows": 175, "Actual Loops": 1, "Sort Key": ["nation.n_name", "(date_part('year'::text, orders.o_orderdate)) DESC"], "Sort Method": "quicksort", "Sort Space Used": 52, "Sort Space Type": "Memory", "Plans": [{"Node Type": "Aggregate", "Strategy": "Hashed", "Parent Relationship": "Outer", "Startup Cost": 521166.03, "Total Cost": 521166.04, "Plan Rows": 1, "Plan Width": 74, "Actual Startup Time": 58611.995, "Actual Total Time": 58612.032, "Actual Rows": 175, "Actual Loops": 1, "Group By Key": ["nation.n_name", "date_part('year'::text, orders.o_orderdate)"], "Plans": [{"Node Type": "Nested Loop", "Parent Relationship": "Outer", "Join Type": "Inner", "Startup Cost": 72600.6, "Total Cost": 521166.01, "Plan Rows": 1, "Plan Width": 66, "Actual Startup Time": 1104.953, "Actual Total Time": 54814.063, "Actual Rows": 3256948, "Actual Loops": 1, "Inner Unique": true, "Plans": [{"Node Type": "Nested Loop", "Parent Relationship": "Outer", "Join Type": "Inner", "Startup Cost": 72600.6, "Total Cost": 521165.73, "Plan Rows": 1, "Plan Width": 44, "Actual Startup Time": 1104.916, "Actual Total Time": 46326.692, "Actual Rows": 3256948, "Actual Loops": 1, "Inner Unique": true, "Plans": [{"Node Type": "Nested Loop", "Parent Relationship": "Outer", "Join Type": "Inner", "Startup Cost": 72600.6, "Total Cost": 521165.43, "Plan Rows": 1, "Plan Width": 44, "Actual Startup Time": 1104.891, "Actual Total Time": 18807.178, "Actual Rows": 3256948, "Actual Loops": 1, "Inner Unique": false, "Join Filter": "(supplier.s_suppkey = lineitem.l_suppkey)", "Rows Removed by Join Filter": 0, "Plans": [{"Node Type": "Hash Join", "Parent Relationship": "Outer", "Join Type": "Inner", "Startup Cost": 72600.6, "Total Cost": 377416.42, "Plan Rows": 125630, "Plan Width": 44, "Actual Startup Time": 1104.824, "Actual Total Time": 6240.661, "Actual Rows": 434204, "Actual Loops": 1, "Inner Unique": true, "Hash Cond": "(partsupp.ps_suppkey = supplier.s_suppkey), (LLVM Optimized, Jit Execute)", "Plans": [{"Node Type": "Hash Join", "Parent Relationship": "Outer", "Join Type": "Inner", "Startup Cost": 68067.6, "Total Cost": 370653.38, "Plan Rows": 259666, "Plan Width": 32, "Actual Startup Time": 1036.673, "Actual Total Time": 5757.994, "Actual Rows": 434204, "Actual Loops": 1, "Inner Unique": true, "Hash Cond": "(partsupp.ps_partkey = part.p_partkey), (LLVM Optimized, Jit Execute)", "Plans": [{"Node Type": "Seq Scan", "Parent Relationship": "Outer", "Relation Name": "partsupp", "Alias": "partsupp", "Startup Cost": 0.0, "Total Cost": 269987.72, "Plan Rows": 8000372, "Plan Width": 24, "Actual Startup Time": 0.025, "Actual Total Time": 2548.053, "Actual Rows": 8000000, "Actual Loops": 1}, {"Node Type": "Hash", "Parent Relationship": "Inner", "Startup Cost": 66944.0, "Total Cost": 66944.0, "Plan Rows": 89888, "Plan Width": 8, "Actual Startup Time": 1036.439, "Actual Total Time": 1036.439, "Actual Rows": 108551, "Actual Loops": 1, "Hash Buckets": 131072, "Hash Batches": 1, "Original Hash Batches": 1, "Peak Memory Usage": 4241, "Plans": [{"Node Type": "Seq Scan", "Parent Relationship": "Outer", "Relation Name": "part", "Alias": "part", "Startup Cost": 0.0, "Total Cost": 66944.0, "Plan Rows": 89888, "Plan Width": 8, "Actual Startup Time": 0.035, "Actual Total Time": 998.743, "Actual Rows": 108551, "Actual Loops": 1, "Filter": "((p_name)::text ~~ '%dim%'::text)", "Rows Removed by Filter": 1891449}]}]}, {"Node Type": "Hash", "Parent Relationship": "Inner", "Startup Cost": 3283.0, "Total Cost": 3283.0, "Plan Rows": 100000, "Plan Width": 12, "Actual Startup Time": 67.975, "Actual Total Time": 67.975, "Actual Rows": 100000, "Actual Loops": 1, "Hash Buckets": 131072, "Hash Batches": 1, "Original Hash Batches": 1, "Peak Memory Usage": 4297, "Plans": [{"Node Type": "Seq Scan", "Parent Relationship": "Outer", "Relation Name": "supplier", "Alias": "supplier", "Startup Cost": 0.0, "Total Cost": 3283.0, "Plan Rows": 100000, "Plan Width": 12, "Actual Startup Time": 0.02, "Actual Total Time": 39.334, "Actual Rows": 100000, "Actual Loops": 1}]}]}, {"Node Type": "Index Scan", "Parent Relationship": "Inner", "Scan Direction": "Forward", "Index Name": "idx_lineitem_part_supp", "Relation Name": "lineitem", "Alias": "lineitem", "Startup Cost": 0.0, "Total Cost": 1.13, "Plan Rows": 1, "Plan Width": 48, "Actual Startup Time": 3206.079, "Actual Total Time": 10926.206, "Actual Rows": 3256948, "Actual Loops": 434204, "Index Cond": "((l_partkey = partsupp.ps_partkey) AND (l_suppkey = partsupp.ps_suppkey))", "Rows Removed by Index Recheck": 0}]}, {"Node Type": "Index Scan", "Parent Relationship": "Inner", "Scan Direction": "Forward", "Index Name": "orders_pkey", "Relation Name": "orders", "Alias": "orders", "Startup Cost": 0.0, "Total Cost": 0.29, "Plan Rows": 1, "Plan Width": 16, "Actual Startup Time": 24822.179, "Actual Total Time": 24822.179, "Actual Rows": 3256948, "Actual Loops": 3256948, "Index Cond": "(o_orderkey = lineitem.l_orderkey)", "Rows Removed by Index Recheck": 0}]}, {"Node Type": "Index Scan", "Parent Relationship": "Inner", "Scan Direction": "Forward", "Index Name": "nation_pkey", "Relation Name": "nation", "Alias": "nation", "Startup Cost": 0.0, "Total Cost": 0.27, "Plan Rows": 1, "Plan Width": 30, "Actual Startup Time": 4488.603, "Actual Total Time": 4488.603, "Actual Rows": 3256948, "Actual Loops": 3256948, "Index Cond": "(n_nationkey = supplier.s_nationkey)", "Rows Removed by Index Recheck": 0}]}]}]}, "Triggers": [], "Planner Runtime": 34.971, "Total Runtime": 58621.827, "Unique SQL Id": 3628361425}}, "(16, 105)": {"explain_plan": {"Plan": {"Node Type": "Sort", "Startup Cost": 701189.51, "Total Cost": 701189.52, "Plan Rows": 1, "Plan Width": 74, "Sort Key": ["nation.n_name", "(date_part('year'::text, orders.o_orderdate)) DESC"], "Plans": [{"Node Type": "Aggregate", "Strategy": "Hashed", "Parent Relationship": "Outer", "Startup Cost": 701189.49, "Total Cost": 701189.5, "Plan Rows": 1, "Plan Width": 74, "Group By Key": ["nation.n_name", "date_part('year'::text, orders.o_orderdate)"], "Plans": [{"Node Type": "Nested Loop", "Parent Relationship": "Outer", "Join Type": "Inner", "Startup Cost": 6584.54, "Total Cost": 701189.47, "Plan Rows": 1, "Plan Width": 66, "Inner Unique": true, "Plans": [{"Node Type": "Nested Loop", "Parent Relationship": "Outer", "Join Type": "Inner", "Startup Cost": 6584.54, "Total Cost": 701189.19, "Plan Rows": 1, "Plan Width": 44, "Inner Unique": true, "Plans": [{"Node Type": "Nested Loop", "Parent Relationship": "Outer", "Join Type": "Inner", "Startup Cost": 6584.54, "Total Cost": 701188.89, "Plan Rows": 1, "Plan Width": 44, "Inner Unique": false, "Join Filter": "(supplier.s_suppkey = lineitem.l_suppkey)", "Plans": [{"Node Type": "Hash Join", "Parent Relationship": "Outer", "Join Type": "Inner", "Startup Cost": 6584.54, "Total Cost": 557439.88, "Plan Rows": 125630, "Plan Width": 44, "Inner Unique": true, "Hash Cond": "(partsupp.ps_suppkey = supplier.s_suppkey), (LLVM Optimized)", "Plans": [{"Node Type": "Nested Loop", "Parent Relationship": "Outer", "Join Type": "Inner", "Startup Cost": 0.0, "Total Cost": 548625.29, "Plan Rows": 259666, "Plan Width": 32, "Inner Unique": false, "Plans": [{"Node Type": "Index Scan", "Parent Relationship": "Outer", "Scan Direction": "Forward", "Index Name": "part_kpey", "Relation Name": "part", "Alias": "part", "Startup Cost": 0.0, "Total Cost": 105803.25, "Plan Rows": 89888, "Plan Width": 8, "Filter": "((p_name)::text ~~ '%dim%'::text)"}, {"Node Type": "Index Scan", "Parent Relationship": "Inner", "Scan Direction": "Forward", "Index Name": "idx_partsupp_partkey", "Relation Name": "partsupp", "Alias": "partsupp", "Startup Cost": 0.0, "Total Cost": 4.9, "Plan Rows": 3, "Plan Width": 24, "Index Cond": "(ps_partkey = part.p_partkey)"}]}, {"Node Type": "Hash", "Parent Relationship": "Inner", "Startup Cost": 5334.54, "Total Cost": 5334.54, "Plan Rows": 100000, "Plan Width": 12, "Plans": [{"Node Type": "Index Scan", "Parent Relationship": "Outer", "Scan Direction": "Forward", "Index Name": "supplier_pkey", "Relation Name": "supplier", "Alias": "supplier", "Startup Cost": 0.0, "Total Cost": 5334.54, "Plan Rows": 100000, "Plan Width": 12}]}]}, {"Node Type": "Index Scan", "Parent Relationship": "Inner", "Scan Direction": "Forward", "Index Name": "idx_lineitem_part_supp", "Relation Name": "lineitem", "Alias": "lineitem", "Startup Cost": 0.0, "Total Cost": 1.13, "Plan Rows": 1, "Plan Width": 48, "Index Cond": "((l_partkey = partsupp.ps_partkey) AND (l_suppkey = partsupp.ps_suppkey))"}]}, {"Node Type": "Index Scan", "Parent Relationship": "Inner", "Scan Direction": "Forward", "Index Name": "orders_pkey", "Relation Name": "orders", "Alias": "orders", "Startup Cost": 0.0, "Total Cost": 0.29, "Plan Rows": 1, "Plan Width": 16, "Index Cond": "(o_orderkey = lineitem.l_orderkey)"}]}, {"Node Type": "Index Scan", "Parent Relationship": "Inner", "Scan Direction": "Forward", "Index Name": "nation_pkey", "Relation Name": "nation", "Alias": "nation", "Startup Cost": 0.0, "Total Cost": 0.27, "Plan Rows": 1, "Plan Width": 30, "Index Cond": "(n_nationkey = supplier.s_nationkey)"}]}]}]}, "Unique SQL Id": 3628361425}, "explain_analyze_plan": {"Plan": {"Node Type": "Sort", "Startup Cost": 701189.51, "Total Cost": 701189.52, "Plan Rows": 1, "Plan Width": 74, "Actual Startup Time": 56757.804, "Actual Total Time": 56757.818, "Actual Rows": 175, "Actual Loops": 1, "Sort Key": ["nation.n_name", "(date_part('year'::text, orders.o_orderdate)) DESC"], "Sort Method": "quicksort", "Sort Space Used": 52, "Sort Space Type": "Memory", "Plans": [{"Node Type": "Aggregate", "Strategy": "Hashed", "Parent Relationship": "Outer", "Startup Cost": 701189.49, "Total Cost": 701189.5, "Plan Rows": 1, "Plan Width": 74, "Actual Startup Time": 56757.401, "Actual Total Time": 56757.434, "Actual Rows": 175, "Actual Loops": 1, "Group By Key": ["nation.n_name", "date_part('year'::text, orders.o_orderdate)"], "Plans": [{"Node Type": "Nested Loop", "Parent Relationship": "Outer", "Join Type": "Inner", "Startup Cost": 6584.54, "Total Cost": 701189.47, "Plan Rows": 1, "Plan Width": 66, "Actual Startup Time": 106.399, "Actual Total Time": 52825.55, "Actual Rows": 3256948, "Actual Loops": 1, "Inner Unique": true, "Plans": [{"Node Type": "Nested Loop", "Parent Relationship": "Outer", "Join Type": "Inner", "Startup Cost": 6584.54, "Total Cost": 701189.19, "Plan Rows": 1, "Plan Width": 44, "Actual Startup Time": 106.363, "Actual Total Time": 44002.737, "Actual Rows": 3256948, "Actual Loops": 1, "Inner Unique": true, "Plans": [{"Node Type": "Nested Loop", "Parent Relationship": "Outer", "Join Type": "Inner", "Startup Cost": 6584.54, "Total Cost": 701188.89, "Plan Rows": 1, "Plan Width": 44, "Actual Startup Time": 106.34, "Actual Total Time": 16136.796, "Actual Rows": 3256948, "Actual Loops": 1, "Inner Unique": false, "Join Filter": "(supplier.s_suppkey = lineitem.l_suppkey)", "Rows Removed by Join Filter": 0, "Plans": [{"Node Type": "Hash Join", "Parent Relationship": "Outer", "Join Type": "Inner", "Startup Cost": 6584.54, "Total Cost": 557439.88, "Plan Rows": 125630, "Plan Width": 44, "Actual Startup Time": 106.3, "Actual Total Time": 3477.4, "Actual Rows": 434204, "Actual Loops": 1, "Inner Unique": true, "Hash Cond": "(partsupp.ps_suppkey = supplier.s_suppkey), (LLVM Optimized, Jit Execute)", "Plans": [{"Node Type": "Nested Loop", "Parent Relationship": "Outer", "Join Type": "Inner", "Startup Cost": 0.0, "Total Cost": 548625.29, "Plan Rows": 259666, "Plan Width": 32, "Actual Startup Time": 0.05, "Actual Total Time": 2916.216, "Actual Rows": 434204, "Actual Loops": 1, "Inner Unique": false, "Plans": [{"Node Type": "Index Scan", "Parent Relationship": "Outer", "Scan Direction": "Forward", "Index Name": "part_kpey", "Relation Name": "part", "Alias": "part", "Startup Cost": 0.0, "Total Cost": 105803.25, "Plan Rows": 89888, "Plan Width": 8, "Actual Startup Time": 0.038, "Actual Total Time": 1713.725, "Actual Rows": 108551, "Actual Loops": 1, "Filter": "((p_name)::text ~~ '%dim%'::text)", "Rows Removed by Filter": 1891449}, {"Node Type": "Index Scan", "Parent Relationship": "Inner", "Scan Direction": "Forward", "Index Name": "idx_partsupp_partkey", "Relation Name": "partsupp", "Alias": "partsupp", "Startup Cost": 0.0, "Total Cost": 4.9, "Plan Rows": 3, "Plan Width": 24, "Actual Startup Time": 698.665, "Actual Total Time": 994.397, "Actual Rows": 434204, "Actual Loops": 108551, "Index Cond": "(ps_partkey = part.p_partkey)", "Rows Removed by Index Recheck": 0}]}, {"Node Type": "Hash", "Parent Relationship": "Inner", "Startup Cost": 5334.54, "Total Cost": 5334.54, "Plan Rows": 100000, "Plan Width": 12, "Actual Startup Time": 106.06, "Actual Total Time": 106.06, "Actual Rows": 100000, "Actual Loops": 1, "Hash Buckets": 131072, "Hash Batches": 1, "Original Hash Batches": 1, "Peak Memory Usage": 4297, "Plans": [{"Node Type": "Index Scan", "Parent Relationship": "Outer", "Scan Direction": "Forward", "Index Name": "supplier_pkey", "Relation Name": "supplier", "Alias": "supplier", "Startup Cost": 0.0, "Total Cost": 5334.54, "Plan Rows": 100000, "Plan Width": 12, "Actual Startup Time": 0.019, "Actual Total Time": 76.575, "Actual Rows": 100000, "Actual Loops": 1}]}]}, {"Node Type": "Index Scan", "Parent Relationship": "Inner", "Scan Direction": "Forward", "Index Name": "idx_lineitem_part_supp", "Relation Name": "lineitem", "Alias": "lineitem", "Startup Cost": 0.0, "Total Cost": 1.13, "Plan Rows": 1, "Plan Width": 48, "Actual Startup Time": 3224.162, "Actual Total Time": 11011.239, "Actual Rows": 3256948, "Actual Loops": 434204, "Index Cond": "((l_partkey = partsupp.ps_partkey) AND (l_suppkey = partsupp.ps_suppkey))", "Rows Removed by Index Recheck": 0}]}, {"Node Type": "Index Scan", "Parent Relationship": "Inner", "Scan Direction": "Forward", "Index Name": "orders_pkey", "Relation Name": "orders", "Alias": "orders", "Startup Cost": 0.0, "Total Cost": 0.29, "Plan Rows": 1, "Plan Width": 16, "Actual Startup Time": 25102.62, "Actual Total Time": 25102.62, "Actual Rows": 3256948, "Actual Loops": 3256948, "Index Cond": "(o_orderkey = lineitem.l_orderkey)", "Rows Removed by Index Recheck": 0}]}, {"Node Type": "Index Scan", "Parent Relationship": "Inner", "Scan Direction": "Forward", "Index Name": "nation_pkey", "Relation Name": "nation", "Alias": "nation", "Startup Cost": 0.0, "Total Cost": 0.27, "Plan Rows": 1, "Plan Width": 30, "Actual Startup Time": 4713.432, "Actual Total Time": 4713.432, "Actual Rows": 3256948, "Actual Loops": 3256948, "Index Cond": "(n_nationkey = supplier.s_nationkey)", "Rows Removed by Index Recheck": 0}]}]}]}, "Triggers": [], "Planner Runtime": 33.85, "Total Runtime": 56766.913, "Unique SQL Id": 3628361425}}, "(16, 106)": {"explain_plan": {"Plan": {"Node Type": "Sort", "Startup Cost": 3188400.3, "Total Cost": 3188400.31, "Plan Rows": 1, "Plan Width": 74, "Sort Key": ["nation.n_name", "(date_part('year'::text, orders.o_orderdate)) DESC"], "Plans": [{"Node Type": "Aggregate", "Strategy": "Hashed", "Parent Relationship": "Outer", "Startup Cost": 3188400.28, "Total Cost": 3188400.29, "Plan Rows": 1, "Plan Width": 74, "Group By Key": ["nation.n_name", "date_part('year'::text, orders.o_orderdate)"], "Plans": [{"Node Type": "Hash Join", "Parent Relationship": "Outer", "Join Type": "Inner", "Startup Cost": 2705738.4, "Total Cost": 3188400.26, "Plan Rows": 1, "Plan Width": 66, "Inner Unique": true, "Hash Cond": "(supplier.s_nationkey = nation.n_nationkey)", "Plans": [{"Node Type": "Hash Join", "Parent Relationship": "Outer", "Join Type": "Inner", "Startup Cost": 2705736.84, "Total Cost": 3188398.68, "Plan Rows": 1, "Plan Width": 44, "Inner Unique": false, "Hash Cond": "(orders.o_orderkey = lineitem.l_orderkey)", "Plans": [{"Node Type": "Seq Scan", "Parent Relationship": "Outer", "Relation Name": "orders", "Alias": "orders", "Startup Cost": 0.0, "Total Cost": 426413.79, "Plan Rows": 14999479, "Plan Width": 16}, {"Node Type": "Hash", "Parent Relationship": "Inner", "Startup Cost": 2705736.82, "Total Cost": 2705736.82, "Plan Rows": 1, "Plan Width": 44, "Plans": [{"Node Type": "Hash Join", "Parent Relationship": "Outer", "Join Type": "Inner", "Startup Cost": 406202.19, "Total Cost": 2705736.82, "Plan Rows": 1, "Plan Width": 44, "Inner Unique": false, "Hash Cond": "((lineitem.l_suppkey = partsupp.ps_suppkey) AND (lineitem.l_partkey = partsupp.ps_partkey))", "Plans": [{"Node Type": "Hash Join", "Parent Relationship": "Outer", "Join Type": "Inner", "Startup Cost": 68067.6, "Total Cost": 2313089.96, "Plan Rows": 495566, "Plan Width": 56, "Inner Unique": true, "Hash Cond": "(lineitem.l_partkey = part.p_partkey), (LLVM Optimized)", "Plans": [{"Node Type": "Seq Scan", "Parent Relationship": "Outer", "Relation Name": "lineitem", "Alias": "lineitem", "Startup Cost": 0.0, "Total Cost": 2015115.33, "Plan Rows": 59987033, "Plan Width": 48}, {"Node Type": "Hash", "Parent Relationship": "Inner", "Startup Cost": 66944.0, "Total Cost": 66944.0, "Plan Rows": 89888, "Plan Width": 8, "Plans": [{"Node Type": "Seq Scan", "Parent Relationship": "Outer", "Relation Name": "part", "Alias": "part", "Startup Cost": 0.0, "Total Cost": 66944.0, "Plan Rows": 89888, "Plan Width": 8, "Filter": "((p_name)::text ~~ '%dim%'::text)"}]}]}, {"Node Type": "Hash", "Parent Relationship": "Inner", "Startup Cost": 317967.1, "Total Cost": 317967.1, "Plan Rows": 1344499, "Plan Width": 36, "Plans": [{"Node Type": "Hash Join", "Parent Relationship": "Outer", "Join Type": "Inner", "Startup Cost": 4533.0, "Total Cost": 317967.1, "Plan Rows": 1344499, "Plan Width": 36, "Inner Unique": true, "Hash Cond": "(partsupp.ps_suppkey = supplier.s_suppkey), (LLVM Optimized)", "Plans": [{"Node Type": "Seq Scan", "Parent Relationship": "Outer", "Relation Name": "partsupp", "Alias": "partsupp", "Startup Cost": 0.0, "Total Cost": 269987.72, "Plan Rows": 8000372, "Plan Width": 24}, {"Node Type": "Hash", "Parent Relationship": "Inner", "Startup Cost": 3283.0, "Total Cost": 3283.0, "Plan Rows": 100000, "Plan Width": 12, "Plans": [{"Node Type": "Seq Scan", "Parent Relationship": "Outer", "Relation Name": "supplier", "Alias": "supplier", "Startup Cost": 0.0, "Total Cost": 3283.0, "Plan Rows": 100000, "Plan Width": 12}]}]}]}]}]}]}, {"Node Type": "Hash", "Parent Relationship": "Inner", "Startup Cost": 1.25, "Total Cost": 1.25, "Plan Rows": 25, "Plan Width": 30, "Plans": [{"Node Type": "Seq Scan", "Parent Relationship": "Outer", "Relation Name": "nation", "Alias": "nation", "Startup Cost": 0.0, "Total Cost": 1.25, "Plan Rows": 25, "Plan Width": 30}]}]}]}]}, "Unique SQL Id": 3628361425}, "explain_analyze_plan": null}, "(16, 107)": {"explain_plan": {"Plan": {"Node Type": "Sort", "Startup Cost": 6000407120580.17, "Total Cost": 6000407120580.17, "Plan Rows": 1, "Plan Width": 74, "Sort Key": ["nation.n_name", "(date_part('year'::text, orders.o_orderdate)) DESC"], "Plans": [{"Node Type": "Aggregate", "Strategy": "Hashed", "Parent Relationship": "Outer", "Startup Cost": 6000407120580.15, "Total Cost": 6000407120580.16, "Plan Rows": 1, "Plan Width": 74, "Group By Key": ["nation.n_name", "date_part('year'::text, orders.o_orderdate)"], "Plans": [{"Node Type": "Nested Loop", "Parent Relationship": "Outer", "Join Type": "Inner", "Startup Cost": 3030082820730.06, "Total Cost": 6000407120580.13, "Plan Rows": 1, "Plan Width": 66, "Inner Unique": true, "Plans": [{"Node Type": "Nested Loop", "Parent Relationship": "Outer", "Join Type": "Inner", "Startup Cost": 3020082820730.06, "Total Cost": 5000407120553.1, "Plan Rows": 1, "Plan Width": 44, "Inner Unique": true, "Plans": [{"Node Type": "Hash Join", "Parent Relationship": "Outer", "Join Type": "Inner", "Startup Cost": 3010082820730.06, "Total Cost": 4000407120523.87, "Plan Rows": 1, "Plan Width": 44, "Inner Unique": false, "Hash Cond": "((lineitem.l_suppkey = partsupp.ps_suppkey) AND (lineitem.l_partkey = partsupp.ps_partkey))", "Plans": [{"Node Type": "Hash Join", "Parent Relationship": "Outer", "Join Type": "Inner", "Startup Cost": 1010010581448.6, "Total Cost": 2000334826730.13, "Plan Rows": 495566, "Plan Width": 56, "Inner Unique": true, "Hash Cond": "(lineitem.l_partkey = part.p_partkey), (LLVM Optimized)", "Plans": [{"Node Type": "Index Scan", "Parent Relationship": "Outer", "Scan Direction": "Forward", "Index Name": "idx_lineitem_orderkey", "Relation Name": "lineitem", "Alias": "lineitem", "Startup Cost": 10000000000.0, "Total Cost": 1000324015374.5, "Plan Rows": 59987033, "Plan Width": 48}, {"Node Type": "Hash", "Parent Relationship": "Inner", "Startup Cost": 1000010580325.0, "Total Cost": 1000010580325.0, "Plan Rows": 89888, "Plan Width": 8, "Plans": [{"Node Type": "Index Scan", "Parent Relationship": "Outer", "Scan Direction": "Forward", "Index Name": "part_kpey", "Relation Name": "part", "Alias": "part", "Startup Cost": 10000000000.0, "Total Cost": 1000010580325.0, "Plan Rows": 89888, "Plan Width": 8, "Filter": "((p_name)::text ~~ '%dim%'::text)"}]}]}, {"Node Type": "Hash", "Parent Relationship": "Inner", "Startup Cost": 2000072219113.98, "Total Cost": 2000072219113.98, "Plan Rows": 1344499, "Plan Width": 36, "Plans": [{"Node Type": "Hash Join", "Parent Relationship": "Outer", "Join Type": "Inner", "Startup Cost": 1010000534704.38, "Total Cost": 2000072219113.98, "Plan Rows": 1344499, "Plan Width": 36, "Inner Unique": true, "Hash Cond": "(partsupp.ps_suppkey = supplier.s_suppkey), (LLVM Optimized)", "Plans": [{"Node Type": "Index Scan", "Parent Relationship": "Outer", "Scan Direction": "Forward", "Index Name": "partsupp_pkey", "Relation Name": "partsupp", "Alias": "partsupp", "Startup Cost": 10000000000.0, "Total Cost": 1000071640963.22, "Plan Rows": 8000372, "Plan Width": 24}, {"Node Type": "Hash", "Parent Relationship": "Inner", "Startup Cost": 1000000533454.38, "Total Cost": 1000000533454.38, "Plan Rows": 100000, "Plan Width": 12, "Plans": [{"Node Type": "Index Scan", "Parent Relationship": "Outer", "Scan Direction": "Forward", "Index Name": "supplier_pkey", "Relation Name": "supplier", "Alias": "supplier", "Startup Cost": 10000000000.0, "Total Cost": 1000000533454.38, "Plan Rows": 100000, "Plan Width": 12}]}]}]}]}, {"Node Type": "Index Scan", "Parent Relationship": "Inner", "Scan Direction": "Forward", "Index Name": "orders_pkey", "Relation Name": "orders", "Alias": "orders", "Startup Cost": 10000000000.0, "Total Cost": 1000000000029.23, "Plan Rows": 1, "Plan Width": 16, "Index Cond": "(o_orderkey = lineitem.l_orderkey)"}]}, {"Node Type": "Index Scan", "Parent Relationship": "Inner", "Scan Direction": "Forward", "Index Name": "nation_pkey", "Relation Name": "nation", "Alias": "nation", "Startup Cost": 10000000000.0, "Total Cost": 1000000000027.01, "Plan Rows": 1, "Plan Width": 30, "Index Cond": "(n_nationkey = supplier.s_nationkey)"}]}]}]}, "Unique SQL Id": 3628361425}, "explain_analyze_plan": {"Plan": {"Node Type": "Sort", "Startup Cost": 6000407120580.17, "Total Cost": 6000407120580.17, "Plan Rows": 1, "Plan Width": 74, "Actual Startup Time": 103251.036, "Actual Total Time": 103251.052, "Actual Rows": 175, "Actual Loops": 1, "Sort Key": ["nation.n_name", "(date_part('year'::text, orders.o_orderdate)) DESC"], "Sort Method": "quicksort", "Sort Space Used": 52, "Sort Space Type": "Memory", "Plans": [{"Node Type": "Aggregate", "Strategy": "Hashed", "Parent Relationship": "Outer", "Startup Cost": 6000407120580.15, "Total Cost": 6000407120580.16, "Plan Rows": 1, "Plan Width": 74, "Actual Startup Time": 103250.646, "Actual Total Time": 103250.696, "Actual Rows": 175, "Actual Loops": 1, "Group By Key": ["nation.n_name", "date_part('year'::text, orders.o_orderdate)"], "Plans": [{"Node Type": "Nested Loop", "Parent Relationship": "Outer", "Join Type": "Inner", "Startup Cost": 3030082820730.06, "Total Cost": 6000407120580.13, "Plan Rows": 1, "Plan Width": 66, "Actual Startup Time": 14837.803, "Actual Total Time": 99289.719, "Actual Rows": 3256948, "Actual Loops": 1, "Inner Unique": true, "Plans": [{"Node Type": "Nested Loop", "Parent Relationship": "Outer", "Join Type": "Inner", "Startup Cost": 3020082820730.06, "Total Cost": 5000407120553.1, "Plan Rows": 1, "Plan Width": 44, "Actual Startup Time": 14837.772, "Actual Total Time": 90858.823, "Actual Rows": 3256948, "Actual Loops": 1, "Inner Unique": true, "Plans": [{"Node Type": "Hash Join", "Parent Relationship": "Outer", "Join Type": "Inner", "Startup Cost": 3010082820730.06, "Total Cost": 4000407120523.87, "Plan Rows": 1, "Plan Width": 44, "Actual Startup Time": 14837.722, "Actual Total Time": 77391.555, "Actual Rows": 3256948, "Actual Loops": 1, "Inner Unique": false, "Hash Cond": "((lineitem.l_suppkey = partsupp.ps_suppkey) AND (lineitem.l_partkey = partsupp.ps_partkey))", "Plans": [{"Node Type": "Hash Join", "Parent Relationship": "Outer", "Join Type": "Inner", "Startup Cost": 1010010581448.6, "Total Cost": 2000334826730.13, "Plan Rows": 495566, "Plan Width": 56, "Actual Startup Time": 1641.693, "Actual Total Time": 57899.359, "Actual Rows": 3256948, "Actual Loops": 1, "Inner Unique": true, "Hash Cond": "(lineitem.l_partkey = part.p_partkey), (LLVM Optimized, Jit Execute)", "Plans": [{"Node Type": "Index Scan", "Parent Relationship": "Outer", "Scan Direction": "Forward", "Index Name": "idx_lineitem_orderkey", "Relation Name": "lineitem", "Alias": "lineitem", "Startup Cost": 10000000000.0, "Total Cost": 1000324015374.5, "Plan Rows": 59987033, "Plan Width": 48, "Actual Startup Time": 0.046, "Actual Total Time": 38288.82, "Actual Rows": 59986052, "Actual Loops": 1}, {"Node Type": "Hash", "Parent Relationship": "Inner", "Startup Cost": 1000010580325.0, "Total Cost": 1000010580325.0, "Plan Rows": 89888, "Plan Width": 8, "Actual Startup Time": 1641.516, "Actual Total Time": 1641.516, "Actual Rows": 108551, "Actual Loops": 1, "Hash Buckets": 131072, "Hash Batches": 1, "Original Hash Batches": 1, "Peak Memory Usage": 4241, "Plans": [{"Node Type": "Index Scan", "Parent Relationship": "Outer", "Scan Direction": "Forward", "Index Name": "part_kpey", "Relation Name": "part", "Alias": "part", "Startup Cost": 10000000000.0, "Total Cost": 1000010580325.0, "Plan Rows": 89888, "Plan Width": 8, "Actual Startup Time": 0.036, "Actual Total Time": 1602.286, "Actual Rows": 108551, "Actual Loops": 1, "Filter": "((p_name)::text ~~ '%dim%'::text)", "Rows Removed by Filter": 1891449}]}]}, {"Node Type": "Hash", "Parent Relationship": "Inner", "Startup Cost": 2000072219113.98, "Total Cost": 2000072219113.98, "Plan Rows": 1344499, "Plan Width": 36, "Actual Startup Time": 13193.287, "Actual Total Time": 13193.287, "Actual Rows": 8000000, "Actual Loops": 1, "Hash Buckets": 2097152, "Hash Batches": 1, "Original Hash Batches": 1, "Peak Memory Usage": 562500, "Plans": [{"Node Type": "Hash Join", "Parent Relationship": "Outer", "Join Type": "Inner", "Startup Cost": 1010000534704.38, "Total Cost": 2000072219113.98, "Plan Rows": 1344499, "Plan Width": 36, "Actual Startup Time": 104.829, "Actual Total Time": 9380.535, "Actual Rows": 8000000, "Actual Loops": 1, "Inner Unique": true, "Hash Cond": "(partsupp.ps_suppkey = supplier.s_suppkey), (LLVM Optimized, Jit Execute)", "Plans": [{"Node Type": "Index Scan", "Parent Relationship": "Outer", "Scan Direction": "Forward", "Index Name": "partsupp_pkey", "Relation Name": "partsupp", "Alias": "partsupp", "Startup Cost": 10000000000.0, "Total Cost": 1000071640963.22, "Plan Rows": 8000372, "Plan Width": 24, "Actual Startup Time": 0.046, "Actual Total Time": 5139.845, "Actual Rows": 8000000, "Actual Loops": 1}, {"Node Type": "Hash", "Parent Relationship": "Inner", "Startup Cost": 1000000533454.38, "Total Cost": 1000000533454.38, "Plan Rows": 100000, "Plan Width": 12, "Actual Startup Time": 104.593, "Actual Total Time": 104.593, "Actual Rows": 100000, "Actual Loops": 1, "Hash Buckets": 131072, "Hash Batches": 1, "Original Hash Batches": 1, "Peak Memory Usage": 4297, "Plans": [{"Node Type": "Index Scan", "Parent Relationship": "Outer", "Scan Direction": "Forward", "Index Name": "supplier_pkey", "Relation Name": "supplier", "Alias": "supplier", "Startup Cost": 10000000000.0, "Total Cost": 1000000533454.38, "Plan Rows": 100000, "Plan Width": 12, "Actual Startup Time": 0.026, "Actual Total Time": 73.22, "Actual Rows": 100000, "Actual Loops": 1}]}]}]}]}, {"Node Type": "Index Scan", "Parent Relationship": "Inner", "Scan Direction": "Forward", "Index Name": "orders_pkey", "Relation Name": "orders", "Alias": "orders", "Startup Cost": 10000000000.0, "Total Cost": 1000000000029.23, "Plan Rows": 1, "Plan Width": 16, "Actual Startup Time": 10675.6, "Actual Total Time": 10675.6, "Actual Rows": 3256948, "Actual Loops": 3256948, "Index Cond": "(o_orderkey = lineitem.l_orderkey)", "Rows Removed by Index Recheck": 0}]}, {"Node Type": "Index Scan", "Parent Relationship": "Inner", "Scan Direction": "Forward", "Index Name": "nation_pkey", "Relation Name": "nation", "Alias": "nation", "Startup Cost": 10000000000.0, "Total Cost": 1000000000027.01, "Plan Rows": 1, "Plan Width": 30, "Actual Startup Time": 4427.851, "Actual Total Time": 4427.851, "Actual Rows": 3256948, "Actual Loops": 3256948, "Index Cond": "(n_nationkey = supplier.s_nationkey)", "Rows Removed by Index Recheck": 0}]}]}]}, "Triggers": [], "Planner Runtime": 55.186, "Total Runtime": 103260.228, "Unique SQL Id": 3628361425}}, "(16, 108)": {"explain_plan": {"Plan": {"Node Type": "Sort", "Startup Cost": 521166.05, "Total Cost": 521166.06, "Plan Rows": 1, "Plan Width": 74, "Sort Key": ["nation.n_name", "(date_part('year'::text, orders.o_orderdate)) DESC"], "Plans": [{"Node Type": "Aggregate", "Strategy": "Hashed", "Parent Relationship": "Outer", "Startup Cost": 521166.03, "Total Cost": 521166.04, "Plan Rows": 1, "Plan Width": 74, "Group By Key": ["nation.n_name", "date_part('year'::text, orders.o_orderdate)"], "Plans": [{"Node Type": "Nested Loop", "Parent Relationship": "Outer", "Join Type": "Inner", "Startup Cost": 72600.6, "Total Cost": 521166.01, "Plan Rows": 1, "Plan Width": 66, "Inner Unique": true, "Plans": [{"Node Type": "Nested Loop", "Parent Relationship": "Outer", "Join Type": "Inner", "Startup Cost": 72600.6, "Total Cost": 521165.73, "Plan Rows": 1, "Plan Width": 44, "Inner Unique": true, "Plans": [{"Node Type": "Nested Loop", "Parent Relationship": "Outer", "Join Type": "Inner", "Startup Cost": 72600.6, "Total Cost": 521165.43, "Plan Rows": 1, "Plan Width": 44, "Inner Unique": false, "Join Filter": "(supplier.s_suppkey = lineitem.l_suppkey)", "Plans": [{"Node Type": "Hash Join", "Parent Relationship": "Outer", "Join Type": "Inner", "Startup Cost": 72600.6, "Total Cost": 377416.42, "Plan Rows": 125630, "Plan Width": 44, "Inner Unique": true, "Hash Cond": "(partsupp.ps_suppkey = supplier.s_suppkey), (LLVM Optimized)", "Plans": [{"Node Type": "Hash Join", "Parent Relationship": "Outer", "Join Type": "Inner", "Startup Cost": 68067.6, "Total Cost": 370653.38, "Plan Rows": 259666, "Plan Width": 32, "Inner Unique": true, "Hash Cond": "(partsupp.ps_partkey = part.p_partkey), (LLVM Optimized)", "Plans": [{"Node Type": "Seq Scan", "Parent Relationship": "Outer", "Relation Name": "partsupp", "Alias": "partsupp", "Startup Cost": 0.0, "Total Cost": 269987.72, "Plan Rows": 8000372, "Plan Width": 24}, {"Node Type": "Hash", "Parent Relationship": "Inner", "Startup Cost": 66944.0, "Total Cost": 66944.0, "Plan Rows": 89888, "Plan Width": 8, "Plans": [{"Node Type": "Seq Scan", "Parent Relationship": "Outer", "Relation Name": "part", "Alias": "part", "Startup Cost": 0.0, "Total Cost": 66944.0, "Plan Rows": 89888, "Plan Width": 8, "Filter": "((p_name)::text ~~ '%dim%'::text)"}]}]}, {"Node Type": "Hash", "Parent Relationship": "Inner", "Startup Cost": 3283.0, "Total Cost": 3283.0, "Plan Rows": 100000, "Plan Width": 12, "Plans": [{"Node Type": "Seq Scan", "Parent Relationship": "Outer", "Relation Name": "supplier", "Alias": "supplier", "Startup Cost": 0.0, "Total Cost": 3283.0, "Plan Rows": 100000, "Plan Width": 12}]}]}, {"Node Type": "Index Scan", "Parent Relationship": "Inner", "Scan Direction": "Forward", "Index Name": "idx_lineitem_part_supp", "Relation Name": "lineitem", "Alias": "lineitem", "Startup Cost": 0.0, "Total Cost": 1.13, "Plan Rows": 1, "Plan Width": 48, "Index Cond": "((l_partkey = partsupp.ps_partkey) AND (l_suppkey = partsupp.ps_suppkey))"}]}, {"Node Type": "Index Scan", "Parent Relationship": "Inner", "Scan Direction": "Forward", "Index Name": "orders_pkey", "Relation Name": "orders", "Alias": "orders", "Startup Cost": 0.0, "Total Cost": 0.29, "Plan Rows": 1, "Plan Width": 16, "Index Cond": "(o_orderkey = lineitem.l_orderkey)"}]}, {"Node Type": "Index Scan", "Parent Relationship": "Inner", "Scan Direction": "Forward", "Index Name": "nation_pkey", "Relation Name": "nation", "Alias": "nation", "Startup Cost": 0.0, "Total Cost": 0.27, "Plan Rows": 1, "Plan Width": 30, "Index Cond": "(n_nationkey = supplier.s_nationkey)"}]}]}]}, "Unique SQL Id": 3628361425}, "explain_analyze_plan": {"Plan": {"Node Type": "Sort", "Startup Cost": 521166.05, "Total Cost": 521166.06, "Plan Rows": 1, "Plan Width": 74, "Actual Startup Time": 58612.397, "Actual Total Time": 58612.409, "Actual Rows": 175, "Actual Loops": 1, "Sort Key": ["nation.n_name", "(date_part('year'::text, orders.o_orderdate)) DESC"], "Sort Method": "quicksort", "Sort Space Used": 52, "Sort Space Type": "Memory", "Plans": [{"Node Type": "Aggregate", "Strategy": "Hashed", "Parent Relationship": "Outer", "Startup Cost": 521166.03, "Total Cost": 521166.04, "Plan Rows": 1, "Plan Width": 74, "Actual Startup Time": 58611.995, "Actual Total Time": 58612.032, "Actual Rows": 175, "Actual Loops": 1, "Group By Key": ["nation.n_name", "date_part('year'::text, orders.o_orderdate)"], "Plans": [{"Node Type": "Nested Loop", "Parent Relationship": "Outer", "Join Type": "Inner", "Startup Cost": 72600.6, "Total Cost": 521166.01, "Plan Rows": 1, "Plan Width": 66, "Actual Startup Time": 1104.953, "Actual Total Time": 54814.063, "Actual Rows": 3256948, "Actual Loops": 1, "Inner Unique": true, "Plans": [{"Node Type": "Nested Loop", "Parent Relationship": "Outer", "Join Type": "Inner", "Startup Cost": 72600.6, "Total Cost": 521165.73, "Plan Rows": 1, "Plan Width": 44, "Actual Startup Time": 1104.916, "Actual Total Time": 46326.692, "Actual Rows": 3256948, "Actual Loops": 1, "Inner Unique": true, "Plans": [{"Node Type": "Nested Loop", "Parent Relationship": "Outer", "Join Type": "Inner", "Startup Cost": 72600.6, "Total Cost": 521165.43, "Plan Rows": 1, "Plan Width": 44, "Actual Startup Time": 1104.891, "Actual Total Time": 18807.178, "Actual Rows": 3256948, "Actual Loops": 1, "Inner Unique": false, "Join Filter": "(supplier.s_suppkey = lineitem.l_suppkey)", "Rows Removed by Join Filter": 0, "Plans": [{"Node Type": "Hash Join", "Parent Relationship": "Outer", "Join Type": "Inner", "Startup Cost": 72600.6, "Total Cost": 377416.42, "Plan Rows": 125630, "Plan Width": 44, "Actual Startup Time": 1104.824, "Actual Total Time": 6240.661, "Actual Rows": 434204, "Actual Loops": 1, "Inner Unique": true, "Hash Cond": "(partsupp.ps_suppkey = supplier.s_suppkey), (LLVM Optimized, Jit Execute)", "Plans": [{"Node Type": "Hash Join", "Parent Relationship": "Outer", "Join Type": "Inner", "Startup Cost": 68067.6, "Total Cost": 370653.38, "Plan Rows": 259666, "Plan Width": 32, "Actual Startup Time": 1036.673, "Actual Total Time": 5757.994, "Actual Rows": 434204, "Actual Loops": 1, "Inner Unique": true, "Hash Cond": "(partsupp.ps_partkey = part.p_partkey), (LLVM Optimized, Jit Execute)", "Plans": [{"Node Type": "Seq Scan", "Parent Relationship": "Outer", "Relation Name": "partsupp", "Alias": "partsupp", "Startup Cost": 0.0, "Total Cost": 269987.72, "Plan Rows": 8000372, "Plan Width": 24, "Actual Startup Time": 0.025, "Actual Total Time": 2548.053, "Actual Rows": 8000000, "Actual Loops": 1}, {"Node Type": "Hash", "Parent Relationship": "Inner", "Startup Cost": 66944.0, "Total Cost": 66944.0, "Plan Rows": 89888, "Plan Width": 8, "Actual Startup Time": 1036.439, "Actual Total Time": 1036.439, "Actual Rows": 108551, "Actual Loops": 1, "Hash Buckets": 131072, "Hash Batches": 1, "Original Hash Batches": 1, "Peak Memory Usage": 4241, "Plans": [{"Node Type": "Seq Scan", "Parent Relationship": "Outer", "Relation Name": "part", "Alias": "part", "Startup Cost": 0.0, "Total Cost": 66944.0, "Plan Rows": 89888, "Plan Width": 8, "Actual Startup Time": 0.035, "Actual Total Time": 998.743, "Actual Rows": 108551, "Actual Loops": 1, "Filter": "((p_name)::text ~~ '%dim%'::text)", "Rows Removed by Filter": 1891449}]}]}, {"Node Type": "Hash", "Parent Relationship": "Inner", "Startup Cost": 3283.0, "Total Cost": 3283.0, "Plan Rows": 100000, "Plan Width": 12, "Actual Startup Time": 67.975, "Actual Total Time": 67.975, "Actual Rows": 100000, "Actual Loops": 1, "Hash Buckets": 131072, "Hash Batches": 1, "Original Hash Batches": 1, "Peak Memory Usage": 4297, "Plans": [{"Node Type": "Seq Scan", "Parent Relationship": "Outer", "Relation Name": "supplier", "Alias": "supplier", "Startup Cost": 0.0, "Total Cost": 3283.0, "Plan Rows": 100000, "Plan Width": 12, "Actual Startup Time": 0.02, "Actual Total Time": 39.334, "Actual Rows": 100000, "Actual Loops": 1}]}]}, {"Node Type": "Index Scan", "Parent Relationship": "Inner", "Scan Direction": "Forward", "Index Name": "idx_lineitem_part_supp", "Relation Name": "lineitem", "Alias": "lineitem", "Startup Cost": 0.0, "Total Cost": 1.13, "Plan Rows": 1, "Plan Width": 48, "Actual Startup Time": 3206.079, "Actual Total Time": 10926.206, "Actual Rows": 3256948, "Actual Loops": 434204, "Index Cond": "((l_partkey = partsupp.ps_partkey) AND (l_suppkey = partsupp.ps_suppkey))", "Rows Removed by Index Recheck": 0}]}, {"Node Type": "Index Scan", "Parent Relationship": "Inner", "Scan Direction": "Forward", "Index Name": "orders_pkey", "Relation Name": "orders", "Alias": "orders", "Startup Cost": 0.0, "Total Cost": 0.29, "Plan Rows": 1, "Plan Width": 16, "Actual Startup Time": 24822.179, "Actual Total Time": 24822.179, "Actual Rows": 3256948, "Actual Loops": 3256948, "Index Cond": "(o_orderkey = lineitem.l_orderkey)", "Rows Removed by Index Recheck": 0}]}, {"Node Type": "Index Scan", "Parent Relationship": "Inner", "Scan Direction": "Forward", "Index Name": "nation_pkey", "Relation Name": "nation", "Alias": "nation", "Startup Cost": 0.0, "Total Cost": 0.27, "Plan Rows": 1, "Plan Width": 30, "Actual Startup Time": 4488.603, "Actual Total Time": 4488.603, "Actual Rows": 3256948, "Actual Loops": 3256948, "Index Cond": "(n_nationkey = supplier.s_nationkey)", "Rows Removed by Index Recheck": 0}]}]}]}, "Triggers": [], "Planner Runtime": 34.971, "Total Runtime": 58621.827, "Unique SQL Id": 3628361425}}, "(16, 109)": {"explain_plan": {"Plan": {"Node Type": "Sort", "Startup Cost": 701189.51, "Total Cost": 701189.52, "Plan Rows": 1, "Plan Width": 74, "Sort Key": ["nation.n_name", "(date_part('year'::text, orders.o_orderdate)) DESC"], "Plans": [{"Node Type": "Aggregate", "Strategy": "Hashed", "Parent Relationship": "Outer", "Startup Cost": 701189.49, "Total Cost": 701189.5, "Plan Rows": 1, "Plan Width": 74, "Group By Key": ["nation.n_name", "date_part('year'::text, orders.o_orderdate)"], "Plans": [{"Node Type": "Nested Loop", "Parent Relationship": "Outer", "Join Type": "Inner", "Startup Cost": 6584.54, "Total Cost": 701189.47, "Plan Rows": 1, "Plan Width": 66, "Inner Unique": true, "Plans": [{"Node Type": "Nested Loop", "Parent Relationship": "Outer", "Join Type": "Inner", "Startup Cost": 6584.54, "Total Cost": 701189.19, "Plan Rows": 1, "Plan Width": 44, "Inner Unique": true, "Plans": [{"Node Type": "Nested Loop", "Parent Relationship": "Outer", "Join Type": "Inner", "Startup Cost": 6584.54, "Total Cost": 701188.89, "Plan Rows": 1, "Plan Width": 44, "Inner Unique": false, "Join Filter": "(supplier.s_suppkey = lineitem.l_suppkey)", "Plans": [{"Node Type": "Hash Join", "Parent Relationship": "Outer", "Join Type": "Inner", "Startup Cost": 6584.54, "Total Cost": 557439.88, "Plan Rows": 125630, "Plan Width": 44, "Inner Unique": true, "Hash Cond": "(partsupp.ps_suppkey = supplier.s_suppkey), (LLVM Optimized)", "Plans": [{"Node Type": "Nested Loop", "Parent Relationship": "Outer", "Join Type": "Inner", "Startup Cost": 0.0, "Total Cost": 548625.29, "Plan Rows": 259666, "Plan Width": 32, "Inner Unique": false, "Plans": [{"Node Type": "Index Scan", "Parent Relationship": "Outer", "Scan Direction": "Forward", "Index Name": "part_kpey", "Relation Name": "part", "Alias": "part", "Startup Cost": 0.0, "Total Cost": 105803.25, "Plan Rows": 89888, "Plan Width": 8, "Filter": "((p_name)::text ~~ '%dim%'::text)"}, {"Node Type": "Index Scan", "Parent Relationship": "Inner", "Scan Direction": "Forward", "Index Name": "idx_partsupp_partkey", "Relation Name": "partsupp", "Alias": "partsupp", "Startup Cost": 0.0, "Total Cost": 4.9, "Plan Rows": 3, "Plan Width": 24, "Index Cond": "(ps_partkey = part.p_partkey)"}]}, {"Node Type": "Hash", "Parent Relationship": "Inner", "Startup Cost": 5334.54, "Total Cost": 5334.54, "Plan Rows": 100000, "Plan Width": 12, "Plans": [{"Node Type": "Index Scan", "Parent Relationship": "Outer", "Scan Direction": "Forward", "Index Name": "supplier_pkey", "Relation Name": "supplier", "Alias": "supplier", "Startup Cost": 0.0, "Total Cost": 5334.54, "Plan Rows": 100000, "Plan Width": 12}]}]}, {"Node Type": "Index Scan", "Parent Relationship": "Inner", "Scan Direction": "Forward", "Index Name": "idx_lineitem_part_supp", "Relation Name": "lineitem", "Alias": "lineitem", "Startup Cost": 0.0, "Total Cost": 1.13, "Plan Rows": 1, "Plan Width": 48, "Index Cond": "((l_partkey = partsupp.ps_partkey) AND (l_suppkey = partsupp.ps_suppkey))"}]}, {"Node Type": "Index Scan", "Parent Relationship": "Inner", "Scan Direction": "Forward", "Index Name": "orders_pkey", "Relation Name": "orders", "Alias": "orders", "Startup Cost": 0.0, "Total Cost": 0.29, "Plan Rows": 1, "Plan Width": 16, "Index Cond": "(o_orderkey = lineitem.l_orderkey)"}]}, {"Node Type": "Index Scan", "Parent Relationship": "Inner", "Scan Direction": "Forward", "Index Name": "nation_pkey", "Relation Name": "nation", "Alias": "nation", "Startup Cost": 0.0, "Total Cost": 0.27, "Plan Rows": 1, "Plan Width": 30, "Index Cond": "(n_nationkey = supplier.s_nationkey)"}]}]}]}, "Unique SQL Id": 3628361425}, "explain_analyze_plan": {"Plan": {"Node Type": "Sort", "Startup Cost": 701189.51, "Total Cost": 701189.52, "Plan Rows": 1, "Plan Width": 74, "Actual Startup Time": 56757.804, "Actual Total Time": 56757.818, "Actual Rows": 175, "Actual Loops": 1, "Sort Key": ["nation.n_name", "(date_part('year'::text, orders.o_orderdate)) DESC"], "Sort Method": "quicksort", "Sort Space Used": 52, "Sort Space Type": "Memory", "Plans": [{"Node Type": "Aggregate", "Strategy": "Hashed", "Parent Relationship": "Outer", "Startup Cost": 701189.49, "Total Cost": 701189.5, "Plan Rows": 1, "Plan Width": 74, "Actual Startup Time": 56757.401, "Actual Total Time": 56757.434, "Actual Rows": 175, "Actual Loops": 1, "Group By Key": ["nation.n_name", "date_part('year'::text, orders.o_orderdate)"], "Plans": [{"Node Type": "Nested Loop", "Parent Relationship": "Outer", "Join Type": "Inner", "Startup Cost": 6584.54, "Total Cost": 701189.47, "Plan Rows": 1, "Plan Width": 66, "Actual Startup Time": 106.399, "Actual Total Time": 52825.55, "Actual Rows": 3256948, "Actual Loops": 1, "Inner Unique": true, "Plans": [{"Node Type": "Nested Loop", "Parent Relationship": "Outer", "Join Type": "Inner", "Startup Cost": 6584.54, "Total Cost": 701189.19, "Plan Rows": 1, "Plan Width": 44, "Actual Startup Time": 106.363, "Actual Total Time": 44002.737, "Actual Rows": 3256948, "Actual Loops": 1, "Inner Unique": true, "Plans": [{"Node Type": "Nested Loop", "Parent Relationship": "Outer", "Join Type": "Inner", "Startup Cost": 6584.54, "Total Cost": 701188.89, "Plan Rows": 1, "Plan Width": 44, "Actual Startup Time": 106.34, "Actual Total Time": 16136.796, "Actual Rows": 3256948, "Actual Loops": 1, "Inner Unique": false, "Join Filter": "(supplier.s_suppkey = lineitem.l_suppkey)", "Rows Removed by Join Filter": 0, "Plans": [{"Node Type": "Hash Join", "Parent Relationship": "Outer", "Join Type": "Inner", "Startup Cost": 6584.54, "Total Cost": 557439.88, "Plan Rows": 125630, "Plan Width": 44, "Actual Startup Time": 106.3, "Actual Total Time": 3477.4, "Actual Rows": 434204, "Actual Loops": 1, "Inner Unique": true, "Hash Cond": "(partsupp.ps_suppkey = supplier.s_suppkey), (LLVM Optimized, Jit Execute)", "Plans": [{"Node Type": "Nested Loop", "Parent Relationship": "Outer", "Join Type": "Inner", "Startup Cost": 0.0, "Total Cost": 548625.29, "Plan Rows": 259666, "Plan Width": 32, "Actual Startup Time": 0.05, "Actual Total Time": 2916.216, "Actual Rows": 434204, "Actual Loops": 1, "Inner Unique": false, "Plans": [{"Node Type": "Index Scan", "Parent Relationship": "Outer", "Scan Direction": "Forward", "Index Name": "part_kpey", "Relation Name": "part", "Alias": "part", "Startup Cost": 0.0, "Total Cost": 105803.25, "Plan Rows": 89888, "Plan Width": 8, "Actual Startup Time": 0.038, "Actual Total Time": 1713.725, "Actual Rows": 108551, "Actual Loops": 1, "Filter": "((p_name)::text ~~ '%dim%'::text)", "Rows Removed by Filter": 1891449}, {"Node Type": "Index Scan", "Parent Relationship": "Inner", "Scan Direction": "Forward", "Index Name": "idx_partsupp_partkey", "Relation Name": "partsupp", "Alias": "partsupp", "Startup Cost": 0.0, "Total Cost": 4.9, "Plan Rows": 3, "Plan Width": 24, "Actual Startup Time": 698.665, "Actual Total Time": 994.397, "Actual Rows": 434204, "Actual Loops": 108551, "Index Cond": "(ps_partkey = part.p_partkey)", "Rows Removed by Index Recheck": 0}]}, {"Node Type": "Hash", "Parent Relationship": "Inner", "Startup Cost": 5334.54, "Total Cost": 5334.54, "Plan Rows": 100000, "Plan Width": 12, "Actual Startup Time": 106.06, "Actual Total Time": 106.06, "Actual Rows": 100000, "Actual Loops": 1, "Hash Buckets": 131072, "Hash Batches": 1, "Original Hash Batches": 1, "Peak Memory Usage": 4297, "Plans": [{"Node Type": "Index Scan", "Parent Relationship": "Outer", "Scan Direction": "Forward", "Index Name": "supplier_pkey", "Relation Name": "supplier", "Alias": "supplier", "Startup Cost": 0.0, "Total Cost": 5334.54, "Plan Rows": 100000, "Plan Width": 12, "Actual Startup Time": 0.019, "Actual Total Time": 76.575, "Actual Rows": 100000, "Actual Loops": 1}]}]}, {"Node Type": "Index Scan", "Parent Relationship": "Inner", "Scan Direction": "Forward", "Index Name": "idx_lineitem_part_supp", "Relation Name": "lineitem", "Alias": "lineitem", "Startup Cost": 0.0, "Total Cost": 1.13, "Plan Rows": 1, "Plan Width": 48, "Actual Startup Time": 3224.162, "Actual Total Time": 11011.239, "Actual Rows": 3256948, "Actual Loops": 434204, "Index Cond": "((l_partkey = partsupp.ps_partkey) AND (l_suppkey = partsupp.ps_suppkey))", "Rows Removed by Index Recheck": 0}]}, {"Node Type": "Index Scan", "Parent Relationship": "Inner", "Scan Direction": "Forward", "Index Name": "orders_pkey", "Relation Name": "orders", "Alias": "orders", "Startup Cost": 0.0, "Total Cost": 0.29, "Plan Rows": 1, "Plan Width": 16, "Actual Startup Time": 25102.62, "Actual Total Time": 25102.62, "Actual Rows": 3256948, "Actual Loops": 3256948, "Index Cond": "(o_orderkey = lineitem.l_orderkey)", "Rows Removed by Index Recheck": 0}]}, {"Node Type": "Index Scan", "Parent Relationship": "Inner", "Scan Direction": "Forward", "Index Name": "nation_pkey", "Relation Name": "nation", "Alias": "nation", "Startup Cost": 0.0, "Total Cost": 0.27, "Plan Rows": 1, "Plan Width": 30, "Actual Startup Time": 4713.432, "Actual Total Time": 4713.432, "Actual Rows": 3256948, "Actual Loops": 3256948, "Index Cond": "(n_nationkey = supplier.s_nationkey)", "Rows Removed by Index Recheck": 0}]}]}]}, "Triggers": [], "Planner Runtime": 33.85, "Total Runtime": 56766.913, "Unique SQL Id": 3628361425}}, "(16, 110)": {"explain_plan": {"Plan": {"Node Type": "Sort", "Startup Cost": 3188400.3, "Total Cost": 3188400.31, "Plan Rows": 1, "Plan Width": 74, "Sort Key": ["nation.n_name", "(date_part('year'::text, orders.o_orderdate)) DESC"], "Plans": [{"Node Type": "Aggregate", "Strategy": "Hashed", "Parent Relationship": "Outer", "Startup Cost": 3188400.28, "Total Cost": 3188400.29, "Plan Rows": 1, "Plan Width": 74, "Group By Key": ["nation.n_name", "date_part('year'::text, orders.o_orderdate)"], "Plans": [{"Node Type": "Hash Join", "Parent Relationship": "Outer", "Join Type": "Inner", "Startup Cost": 2705738.4, "Total Cost": 3188400.26, "Plan Rows": 1, "Plan Width": 66, "Inner Unique": true, "Hash Cond": "(supplier.s_nationkey = nation.n_nationkey)", "Plans": [{"Node Type": "Hash Join", "Parent Relationship": "Outer", "Join Type": "Inner", "Startup Cost": 2705736.84, "Total Cost": 3188398.68, "Plan Rows": 1, "Plan Width": 44, "Inner Unique": false, "Hash Cond": "(orders.o_orderkey = lineitem.l_orderkey)", "Plans": [{"Node Type": "Seq Scan", "Parent Relationship": "Outer", "Relation Name": "orders", "Alias": "orders", "Startup Cost": 0.0, "Total Cost": 426413.79, "Plan Rows": 14999479, "Plan Width": 16}, {"Node Type": "Hash", "Parent Relationship": "Inner", "Startup Cost": 2705736.82, "Total Cost": 2705736.82, "Plan Rows": 1, "Plan Width": 44, "Plans": [{"Node Type": "Hash Join", "Parent Relationship": "Outer", "Join Type": "Inner", "Startup Cost": 406202.19, "Total Cost": 2705736.82, "Plan Rows": 1, "Plan Width": 44, "Inner Unique": false, "Hash Cond": "((lineitem.l_suppkey = partsupp.ps_suppkey) AND (lineitem.l_partkey = partsupp.ps_partkey))", "Plans": [{"Node Type": "Hash Join", "Parent Relationship": "Outer", "Join Type": "Inner", "Startup Cost": 68067.6, "Total Cost": 2313089.96, "Plan Rows": 495566, "Plan Width": 56, "Inner Unique": true, "Hash Cond": "(lineitem.l_partkey = part.p_partkey), (LLVM Optimized)", "Plans": [{"Node Type": "Seq Scan", "Parent Relationship": "Outer", "Relation Name": "lineitem", "Alias": "lineitem", "Startup Cost": 0.0, "Total Cost": 2015115.33, "Plan Rows": 59987033, "Plan Width": 48}, {"Node Type": "Hash", "Parent Relationship": "Inner", "Startup Cost": 66944.0, "Total Cost": 66944.0, "Plan Rows": 89888, "Plan Width": 8, "Plans": [{"Node Type": "Seq Scan", "Parent Relationship": "Outer", "Relation Name": "part", "Alias": "part", "Startup Cost": 0.0, "Total Cost": 66944.0, "Plan Rows": 89888, "Plan Width": 8, "Filter": "((p_name)::text ~~ '%dim%'::text)"}]}]}, {"Node Type": "Hash", "Parent Relationship": "Inner", "Startup Cost": 317967.1, "Total Cost": 317967.1, "Plan Rows": 1344499, "Plan Width": 36, "Plans": [{"Node Type": "Hash Join", "Parent Relationship": "Outer", "Join Type": "Inner", "Startup Cost": 4533.0, "Total Cost": 317967.1, "Plan Rows": 1344499, "Plan Width": 36, "Inner Unique": true, "Hash Cond": "(partsupp.ps_suppkey = supplier.s_suppkey), (LLVM Optimized)", "Plans": [{"Node Type": "Seq Scan", "Parent Relationship": "Outer", "Relation Name": "partsupp", "Alias": "partsupp", "Startup Cost": 0.0, "Total Cost": 269987.72, "Plan Rows": 8000372, "Plan Width": 24}, {"Node Type": "Hash", "Parent Relationship": "Inner", "Startup Cost": 3283.0, "Total Cost": 3283.0, "Plan Rows": 100000, "Plan Width": 12, "Plans": [{"Node Type": "Seq Scan", "Parent Relationship": "Outer", "Relation Name": "supplier", "Alias": "supplier", "Startup Cost": 0.0, "Total Cost": 3283.0, "Plan Rows": 100000, "Plan Width": 12}]}]}]}]}]}]}, {"Node Type": "Hash", "Parent Relationship": "Inner", "Startup Cost": 1.25, "Total Cost": 1.25, "Plan Rows": 25, "Plan Width": 30, "Plans": [{"Node Type": "Seq Scan", "Parent Relationship": "Outer", "Relation Name": "nation", "Alias": "nation", "Startup Cost": 0.0, "Total Cost": 1.25, "Plan Rows": 25, "Plan Width": 30}]}]}]}]}, "Unique SQL Id": 3628361425}, "explain_analyze_plan": null}, "(16, 111)": {"explain_plan": {"Plan": {"Node Type": "Sort", "Startup Cost": 6000407120580.17, "Total Cost": 6000407120580.17, "Plan Rows": 1, "Plan Width": 74, "Sort Key": ["nation.n_name", "(date_part('year'::text, orders.o_orderdate)) DESC"], "Plans": [{"Node Type": "Aggregate", "Strategy": "Hashed", "Parent Relationship": "Outer", "Startup Cost": 6000407120580.15, "Total Cost": 6000407120580.16, "Plan Rows": 1, "Plan Width": 74, "Group By Key": ["nation.n_name", "date_part('year'::text, orders.o_orderdate)"], "Plans": [{"Node Type": "Nested Loop", "Parent Relationship": "Outer", "Join Type": "Inner", "Startup Cost": 3030082820730.06, "Total Cost": 6000407120580.13, "Plan Rows": 1, "Plan Width": 66, "Inner Unique": true, "Plans": [{"Node Type": "Nested Loop", "Parent Relationship": "Outer", "Join Type": "Inner", "Startup Cost": 3020082820730.06, "Total Cost": 5000407120553.1, "Plan Rows": 1, "Plan Width": 44, "Inner Unique": true, "Plans": [{"Node Type": "Hash Join", "Parent Relationship": "Outer", "Join Type": "Inner", "Startup Cost": 3010082820730.06, "Total Cost": 4000407120523.87, "Plan Rows": 1, "Plan Width": 44, "Inner Unique": false, "Hash Cond": "((lineitem.l_suppkey = partsupp.ps_suppkey) AND (lineitem.l_partkey = partsupp.ps_partkey))", "Plans": [{"Node Type": "Hash Join", "Parent Relationship": "Outer", "Join Type": "Inner", "Startup Cost": 1010010581448.6, "Total Cost": 2000334826730.13, "Plan Rows": 495566, "Plan Width": 56, "Inner Unique": true, "Hash Cond": "(lineitem.l_partkey = part.p_partkey), (LLVM Optimized)", "Plans": [{"Node Type": "Index Scan", "Parent Relationship": "Outer", "Scan Direction": "Forward", "Index Name": "idx_lineitem_orderkey", "Relation Name": "lineitem", "Alias": "lineitem", "Startup Cost": 10000000000.0, "Total Cost": 1000324015374.5, "Plan Rows": 59987033, "Plan Width": 48}, {"Node Type": "Hash", "Parent Relationship": "Inner", "Startup Cost": 1000010580325.0, "Total Cost": 1000010580325.0, "Plan Rows": 89888, "Plan Width": 8, "Plans": [{"Node Type": "Index Scan", "Parent Relationship": "Outer", "Scan Direction": "Forward", "Index Name": "part_kpey", "Relation Name": "part", "Alias": "part", "Startup Cost": 10000000000.0, "Total Cost": 1000010580325.0, "Plan Rows": 89888, "Plan Width": 8, "Filter": "((p_name)::text ~~ '%dim%'::text)"}]}]}, {"Node Type": "Hash", "Parent Relationship": "Inner", "Startup Cost": 2000072219113.98, "Total Cost": 2000072219113.98, "Plan Rows": 1344499, "Plan Width": 36, "Plans": [{"Node Type": "Hash Join", "Parent Relationship": "Outer", "Join Type": "Inner", "Startup Cost": 1010000534704.38, "Total Cost": 2000072219113.98, "Plan Rows": 1344499, "Plan Width": 36, "Inner Unique": true, "Hash Cond": "(partsupp.ps_suppkey = supplier.s_suppkey), (LLVM Optimized)", "Plans": [{"Node Type": "Index Scan", "Parent Relationship": "Outer", "Scan Direction": "Forward", "Index Name": "partsupp_pkey", "Relation Name": "partsupp", "Alias": "partsupp", "Startup Cost": 10000000000.0, "Total Cost": 1000071640963.22, "Plan Rows": 8000372, "Plan Width": 24}, {"Node Type": "Hash", "Parent Relationship": "Inner", "Startup Cost": 1000000533454.38, "Total Cost": 1000000533454.38, "Plan Rows": 100000, "Plan Width": 12, "Plans": [{"Node Type": "Index Scan", "Parent Relationship": "Outer", "Scan Direction": "Forward", "Index Name": "supplier_pkey", "Relation Name": "supplier", "Alias": "supplier", "Startup Cost": 10000000000.0, "Total Cost": 1000000533454.38, "Plan Rows": 100000, "Plan Width": 12}]}]}]}]}, {"Node Type": "Index Scan", "Parent Relationship": "Inner", "Scan Direction": "Forward", "Index Name": "orders_pkey", "Relation Name": "orders", "Alias": "orders", "Startup Cost": 10000000000.0, "Total Cost": 1000000000029.23, "Plan Rows": 1, "Plan Width": 16, "Index Cond": "(o_orderkey = lineitem.l_orderkey)"}]}, {"Node Type": "Index Scan", "Parent Relationship": "Inner", "Scan Direction": "Forward", "Index Name": "nation_pkey", "Relation Name": "nation", "Alias": "nation", "Startup Cost": 10000000000.0, "Total Cost": 1000000000027.01, "Plan Rows": 1, "Plan Width": 30, "Index Cond": "(n_nationkey = supplier.s_nationkey)"}]}]}]}, "Unique SQL Id": 3628361425}, "explain_analyze_plan": {"Plan": {"Node Type": "Sort", "Startup Cost": 6000407120580.17, "Total Cost": 6000407120580.17, "Plan Rows": 1, "Plan Width": 74, "Actual Startup Time": 103251.036, "Actual Total Time": 103251.052, "Actual Rows": 175, "Actual Loops": 1, "Sort Key": ["nation.n_name", "(date_part('year'::text, orders.o_orderdate)) DESC"], "Sort Method": "quicksort", "Sort Space Used": 52, "Sort Space Type": "Memory", "Plans": [{"Node Type": "Aggregate", "Strategy": "Hashed", "Parent Relationship": "Outer", "Startup Cost": 6000407120580.15, "Total Cost": 6000407120580.16, "Plan Rows": 1, "Plan Width": 74, "Actual Startup Time": 103250.646, "Actual Total Time": 103250.696, "Actual Rows": 175, "Actual Loops": 1, "Group By Key": ["nation.n_name", "date_part('year'::text, orders.o_orderdate)"], "Plans": [{"Node Type": "Nested Loop", "Parent Relationship": "Outer", "Join Type": "Inner", "Startup Cost": 3030082820730.06, "Total Cost": 6000407120580.13, "Plan Rows": 1, "Plan Width": 66, "Actual Startup Time": 14837.803, "Actual Total Time": 99289.719, "Actual Rows": 3256948, "Actual Loops": 1, "Inner Unique": true, "Plans": [{"Node Type": "Nested Loop", "Parent Relationship": "Outer", "Join Type": "Inner", "Startup Cost": 3020082820730.06, "Total Cost": 5000407120553.1, "Plan Rows": 1, "Plan Width": 44, "Actual Startup Time": 14837.772, "Actual Total Time": 90858.823, "Actual Rows": 3256948, "Actual Loops": 1, "Inner Unique": true, "Plans": [{"Node Type": "Hash Join", "Parent Relationship": "Outer", "Join Type": "Inner", "Startup Cost": 3010082820730.06, "Total Cost": 4000407120523.87, "Plan Rows": 1, "Plan Width": 44, "Actual Startup Time": 14837.722, "Actual Total Time": 77391.555, "Actual Rows": 3256948, "Actual Loops": 1, "Inner Unique": false, "Hash Cond": "((lineitem.l_suppkey = partsupp.ps_suppkey) AND (lineitem.l_partkey = partsupp.ps_partkey))", "Plans": [{"Node Type": "Hash Join", "Parent Relationship": "Outer", "Join Type": "Inner", "Startup Cost": 1010010581448.6, "Total Cost": 2000334826730.13, "Plan Rows": 495566, "Plan Width": 56, "Actual Startup Time": 1641.693, "Actual Total Time": 57899.359, "Actual Rows": 3256948, "Actual Loops": 1, "Inner Unique": true, "Hash Cond": "(lineitem.l_partkey = part.p_partkey), (LLVM Optimized, Jit Execute)", "Plans": [{"Node Type": "Index Scan", "Parent Relationship": "Outer", "Scan Direction": "Forward", "Index Name": "idx_lineitem_orderkey", "Relation Name": "lineitem", "Alias": "lineitem", "Startup Cost": 10000000000.0, "Total Cost": 1000324015374.5, "Plan Rows": 59987033, "Plan Width": 48, "Actual Startup Time": 0.046, "Actual Total Time": 38288.82, "Actual Rows": 59986052, "Actual Loops": 1}, {"Node Type": "Hash", "Parent Relationship": "Inner", "Startup Cost": 1000010580325.0, "Total Cost": 1000010580325.0, "Plan Rows": 89888, "Plan Width": 8, "Actual Startup Time": 1641.516, "Actual Total Time": 1641.516, "Actual Rows": 108551, "Actual Loops": 1, "Hash Buckets": 131072, "Hash Batches": 1, "Original Hash Batches": 1, "Peak Memory Usage": 4241, "Plans": [{"Node Type": "Index Scan", "Parent Relationship": "Outer", "Scan Direction": "Forward", "Index Name": "part_kpey", "Relation Name": "part", "Alias": "part", "Startup Cost": 10000000000.0, "Total Cost": 1000010580325.0, "Plan Rows": 89888, "Plan Width": 8, "Actual Startup Time": 0.036, "Actual Total Time": 1602.286, "Actual Rows": 108551, "Actual Loops": 1, "Filter": "((p_name)::text ~~ '%dim%'::text)", "Rows Removed by Filter": 1891449}]}]}, {"Node Type": "Hash", "Parent Relationship": "Inner", "Startup Cost": 2000072219113.98, "Total Cost": 2000072219113.98, "Plan Rows": 1344499, "Plan Width": 36, "Actual Startup Time": 13193.287, "Actual Total Time": 13193.287, "Actual Rows": 8000000, "Actual Loops": 1, "Hash Buckets": 2097152, "Hash Batches": 1, "Original Hash Batches": 1, "Peak Memory Usage": 562500, "Plans": [{"Node Type": "Hash Join", "Parent Relationship": "Outer", "Join Type": "Inner", "Startup Cost": 1010000534704.38, "Total Cost": 2000072219113.98, "Plan Rows": 1344499, "Plan Width": 36, "Actual Startup Time": 104.829, "Actual Total Time": 9380.535, "Actual Rows": 8000000, "Actual Loops": 1, "Inner Unique": true, "Hash Cond": "(partsupp.ps_suppkey = supplier.s_suppkey), (LLVM Optimized, Jit Execute)", "Plans": [{"Node Type": "Index Scan", "Parent Relationship": "Outer", "Scan Direction": "Forward", "Index Name": "partsupp_pkey", "Relation Name": "partsupp", "Alias": "partsupp", "Startup Cost": 10000000000.0, "Total Cost": 1000071640963.22, "Plan Rows": 8000372, "Plan Width": 24, "Actual Startup Time": 0.046, "Actual Total Time": 5139.845, "Actual Rows": 8000000, "Actual Loops": 1}, {"Node Type": "Hash", "Parent Relationship": "Inner", "Startup Cost": 1000000533454.38, "Total Cost": 1000000533454.38, "Plan Rows": 100000, "Plan Width": 12, "Actual Startup Time": 104.593, "Actual Total Time": 104.593, "Actual Rows": 100000, "Actual Loops": 1, "Hash Buckets": 131072, "Hash Batches": 1, "Original Hash Batches": 1, "Peak Memory Usage": 4297, "Plans": [{"Node Type": "Index Scan", "Parent Relationship": "Outer", "Scan Direction": "Forward", "Index Name": "supplier_pkey", "Relation Name": "supplier", "Alias": "supplier", "Startup Cost": 10000000000.0, "Total Cost": 1000000533454.38, "Plan Rows": 100000, "Plan Width": 12, "Actual Startup Time": 0.026, "Actual Total Time": 73.22, "Actual Rows": 100000, "Actual Loops": 1}]}]}]}]}, {"Node Type": "Index Scan", "Parent Relationship": "Inner", "Scan Direction": "Forward", "Index Name": "orders_pkey", "Relation Name": "orders", "Alias": "orders", "Startup Cost": 10000000000.0, "Total Cost": 1000000000029.23, "Plan Rows": 1, "Plan Width": 16, "Actual Startup Time": 10675.6, "Actual Total Time": 10675.6, "Actual Rows": 3256948, "Actual Loops": 3256948, "Index Cond": "(o_orderkey = lineitem.l_orderkey)", "Rows Removed by Index Recheck": 0}]}, {"Node Type": "Index Scan", "Parent Relationship": "Inner", "Scan Direction": "Forward", "Index Name": "nation_pkey", "Relation Name": "nation", "Alias": "nation", "Startup Cost": 10000000000.0, "Total Cost": 1000000000027.01, "Plan Rows": 1, "Plan Width": 30, "Actual Startup Time": 4427.851, "Actual Total Time": 4427.851, "Actual Rows": 3256948, "Actual Loops": 3256948, "Index Cond": "(n_nationkey = supplier.s_nationkey)", "Rows Removed by Index Recheck": 0}]}]}]}, "Triggers": [], "Planner Runtime": 55.186, "Total Runtime": 103260.228, "Unique SQL Id": 3628361425}}, "(16, 112)": {"explain_plan": {"Plan": {"Node Type": "Sort", "Startup Cost": 726568.79, "Total Cost": 726568.8, "Plan Rows": 1, "Plan Width": 74, "Sort Key": ["nation.n_name", "(date_part('year'::text, orders.o_orderdate)) DESC"], "Plans": [{"Node Type": "Aggregate", "Strategy": "Hashed", "Parent Relationship": "Outer", "Startup Cost": 726568.77, "Total Cost": 726568.78, "Plan Rows": 1, "Plan Width": 74, "Group By Key": ["nation.n_name", "date_part('year'::text, orders.o_orderdate)"], "Plans": [{"Node Type": "Nested Loop", "Parent Relationship": "Outer", "Join Type": "Inner", "Startup Cost": 0.0, "Total Cost": 726568.75, "Plan Rows": 1, "Plan Width": 66, "Inner Unique": true, "Plans": [{"Node Type": "Nested Loop", "Parent Relationship": "Outer", "Join Type": "Inner", "Startup Cost": 0.0, "Total Cost": 726568.47, "Plan Rows": 1, "Plan Width": 44, "Inner Unique": true, "Plans": [{"Node Type": "Nested Loop", "Parent Relationship": "Outer", "Join Type": "Inner", "Startup Cost": 0.0, "Total Cost": 726568.17, "Plan Rows": 1, "Plan Width": 44, "Inner Unique": false, "Join Filter": "(supplier.s_suppkey = lineitem.l_suppkey)", "Plans": [{"Node Type": "Nested Loop", "Parent Relationship": "Outer", "Join Type": "Inner", "Startup Cost": 0.0, "Total Cost": 582819.16, "Plan Rows": 125630, "Plan Width": 44, "Inner Unique": true, "Plans": [{"Node Type": "Nested Loop", "Parent Relationship": "Outer", "Join Type": "Inner", "Startup Cost": 0.0, "Total Cost": 509766.04, "Plan Rows": 259666, "Plan Width": 32, "Inner Unique": false, "Plans": [{"Node Type": "Seq Scan", "Parent Relationship": "Outer", "Relation Name": "part", "Alias": "part", "Startup Cost": 0.0, "Total Cost": 66944.0, "Plan Rows": 89888, "Plan Width": 8, "Filter": "((p_name)::text ~~ '%dim%'::text)"}, {"Node Type": "Index Scan", "Parent Relationship": "Inner", "Scan Direction": "Forward", "Index Name": "idx_partsupp_partkey", "Relation Name": "partsupp", "Alias": "partsupp", "Startup Cost": 0.0, "Total Cost": 4.9, "Plan Rows": 3, "Plan Width": 24, "Index Cond": "(ps_partkey = part.p_partkey)"}]}, {"Node Type": "Index Scan", "Parent Relationship": "Inner", "Scan Direction": "Forward", "Index Name": "supplier_pkey", "Relation Name": "supplier", "Alias": "supplier", "Startup Cost": 0.0, "Total Cost": 0.27, "Plan Rows": 1, "Plan Width": 12, "Index Cond": "(s_suppkey = partsupp.ps_suppkey)"}]}, {"Node Type": "Index Scan", "Parent Relationship": "Inner", "Scan Direction": "Forward", "Index Name": "idx_lineitem_part_supp", "Relation Name": "lineitem", "Alias": "lineitem", "Startup Cost": 0.0, "Total Cost": 1.13, "Plan Rows": 1, "Plan Width": 48, "Index Cond": "((l_partkey = partsupp.ps_partkey) AND (l_suppkey = partsupp.ps_suppkey))"}]}, {"Node Type": "Index Scan", "Parent Relationship": "Inner", "Scan Direction": "Forward", "Index Name": "orders_pkey", "Relation Name": "orders", "Alias": "orders", "Startup Cost": 0.0, "Total Cost": 0.29, "Plan Rows": 1, "Plan Width": 16, "Index Cond": "(o_orderkey = lineitem.l_orderkey)"}]}, {"Node Type": "Index Scan", "Parent Relationship": "Inner", "Scan Direction": "Forward", "Index Name": "nation_pkey", "Relation Name": "nation", "Alias": "nation", "Startup Cost": 0.0, "Total Cost": 0.27, "Plan Rows": 1, "Plan Width": 30, "Index Cond": "(n_nationkey = supplier.s_nationkey)"}]}]}]}, "Unique SQL Id": 3628361425}, "explain_analyze_plan": {"Plan": {"Node Type": "Sort", "Startup Cost": 726568.79, "Total Cost": 726568.8, "Plan Rows": 1, "Plan Width": 74, "Actual Startup Time": 57925.063, "Actual Total Time": 57925.076, "Actual Rows": 175, "Actual Loops": 1, "Sort Key": ["nation.n_name", "(date_part('year'::text, orders.o_orderdate)) DESC"], "Sort Method": "quicksort", "Sort Space Used": 52, "Sort Space Type": "Memory", "Plans": [{"Node Type": "Aggregate", "Strategy": "Hashed", "Parent Relationship": "Outer", "Startup Cost": 726568.77, "Total Cost": 726568.78, "Plan Rows": 1, "Plan Width": 74, "Actual Startup Time": 57924.562, "Actual Total Time": 57924.622, "Actual Rows": 175, "Actual Loops": 1, "Group By Key": ["nation.n_name", "date_part('year'::text, orders.o_orderdate)"], "Plans": [{"Node Type": "Nested Loop", "Parent Relationship": "Outer", "Join Type": "Inner", "Startup Cost": 0.0, "Total Cost": 726568.75, "Plan Rows": 1, "Plan Width": 66, "Actual Startup Time": 0.144, "Actual Total Time": 54053.879, "Actual Rows": 3256948, "Actual Loops": 1, "Inner Unique": true, "Plans": [{"Node Type": "Nested Loop", "Parent Relationship": "Outer", "Join Type": "Inner", "Startup Cost": 0.0, "Total Cost": 726568.47, "Plan Rows": 1, "Plan Width": 44, "Actual Startup Time": 0.123, "Actual Total Time": 45163.781, "Actual Rows": 3256948, "Actual Loops": 1, "Inner Unique": true, "Plans": [{"Node Type": "Nested Loop", "Parent Relationship": "Outer", "Join Type": "Inner", "Startup Cost": 0.0, "Total Cost": 726568.17, "Plan Rows": 1, "Plan Width": 44, "Actual Startup Time": 0.104, "Actual Total Time": 17168.627, "Actual Rows": 3256948, "Actual Loops": 1, "Inner Unique": false, "Join Filter": "(supplier.s_suppkey = lineitem.l_suppkey)", "Rows Removed by Join Filter": 0, "Plans": [{"Node Type": "Nested Loop", "Parent Relationship": "Outer", "Join Type": "Inner", "Startup Cost": 0.0, "Total Cost": 582819.16, "Plan Rows": 125630, "Plan Width": 44, "Actual Startup Time": 0.079, "Actual Total Time": 4564.722, "Actual Rows": 434204, "Actual Loops": 1, "Inner Unique": true, "Plans": [{"Node Type": "Nested Loop", "Parent Relationship": "Outer", "Join Type": "Inner", "Startup Cost": 0.0, "Total Cost": 509766.04, "Plan Rows": 259666, "Plan Width": 32, "Actual Startup Time": 0.065, "Actual Total Time": 2373.393, "Actual Rows": 434204, "Actual Loops": 1, "Inner Unique": false, "Plans": [{"Node Type": "Seq Scan", "Parent Relationship": "Outer", "Relation Name": "part", "Alias": "part", "Startup Cost": 0.0, "Total Cost": 66944.0, "Plan Rows": 89888, "Plan Width": 8, "Actual Startup Time": 0.036, "Actual Total Time": 1132.759, "Actual Rows": 108551, "Actual Loops": 1, "Filter": "((p_name)::text ~~ '%dim%'::text)", "Rows Removed by Filter": 1891449}, {"Node Type": "Index Scan", "Parent Relationship": "Inner", "Scan Direction": "Forward", "Index Name": "idx_partsupp_partkey", "Relation Name": "partsupp", "Alias": "partsupp", "Startup Cost": 0.0, "Total Cost": 4.9, "Plan Rows": 3, "Plan Width": 24, "Actual Startup Time": 695.572, "Actual Total Time": 1016.172, "Actual Rows": 434204, "Actual Loops": 108551, "Index Cond": "(ps_partkey = part.p_partkey)", "Rows Removed by Index Recheck": 0}]}, {"Node Type": "Index Scan", "Parent Relationship": "Inner", "Scan Direction": "Forward", "Index Name": "supplier_pkey", "Relation Name": "supplier", "Alias": "supplier", "Startup Cost": 0.0, "Total Cost": 0.27, "Plan Rows": 1, "Plan Width": 12, "Actual Startup Time": 1729.514, "Actual Total Time": 1729.514, "Actual Rows": 434204, "Actual Loops": 434204, "Index Cond": "(s_suppkey = partsupp.ps_suppkey)", "Rows Removed by Index Recheck": 0}]}, {"Node Type": "Index Scan", "Parent Relationship": "Inner", "Scan Direction": "Forward", "Index Name": "idx_lineitem_part_supp", "Relation Name": "lineitem", "Alias": "lineitem", "Startup Cost": 0.0, "Total Cost": 1.13, "Plan Rows": 1, "Plan Width": 48, "Actual Startup Time": 3165.055, "Actual Total Time": 10945.61, "Actual Rows": 3256948, "Actual Loops": 434204, "Index Cond": "((l_partkey = partsupp.ps_partkey) AND (l_suppkey = partsupp.ps_suppkey))", "Rows Removed by Index Recheck": 0}]}, {"Node Type": "Index Scan", "Parent Relationship": "Inner", "Scan Direction": "Forward", "Index Name": "orders_pkey", "Relation Name": "orders", "Alias": "orders", "Startup Cost": 0.0, "Total Cost": 0.29, "Plan Rows": 1, "Plan Width": 16, "Actual Startup Time": 25171.519, "Actual Total Time": 25171.519, "Actual Rows": 3256948, "Actual Loops": 3256948, "Index Cond": "(o_orderkey = lineitem.l_orderkey)", "Rows Removed by Index Recheck": 0}]}, {"Node Type": "Index Scan", "Parent Relationship": "Inner", "Scan Direction": "Forward", "Index Name": "nation_pkey", "Relation Name": "nation", "Alias": "nation", "Startup Cost": 0.0, "Total Cost": 0.27, "Plan Rows": 1, "Plan Width": 30, "Actual Startup Time": 4751.591, "Actual Total Time": 4751.591, "Actual Rows": 3256948, "Actual Loops": 3256948, "Index Cond": "(n_nationkey = supplier.s_nationkey)", "Rows Removed by Index Recheck": 0}]}]}]}, "Triggers": [], "Planner Runtime": 11.688, "Total Runtime": 57925.461, "Unique SQL Id": 3628361425}}, "(16, 113)": {"explain_plan": {"Plan": {"Node Type": "Sort", "Startup Cost": 765428.04, "Total Cost": 765428.05, "Plan Rows": 1, "Plan Width": 74, "Sort Key": ["nation.n_name", "(date_part('year'::text, orders.o_orderdate)) DESC"], "Plans": [{"Node Type": "Aggregate", "Strategy": "Hashed", "Parent Relationship": "Outer", "Startup Cost": 765428.02, "Total Cost": 765428.03, "Plan Rows": 1, "Plan Width": 74, "Group By Key": ["nation.n_name", "date_part('year'::text, orders.o_orderdate)"], "Plans": [{"Node Type": "Nested Loop", "Parent Relationship": "Outer", "Join Type": "Inner", "Startup Cost": 0.0, "Total Cost": 765428.0, "Plan Rows": 1, "Plan Width": 66, "Inner Unique": true, "Plans": [{"Node Type": "Nested Loop", "Parent Relationship": "Outer", "Join Type": "Inner", "Startup Cost": 0.0, "Total Cost": 765427.72, "Plan Rows": 1, "Plan Width": 44, "Inner Unique": true, "Plans": [{"Node Type": "Nested Loop", "Parent Relationship": "Outer", "Join Type": "Inner", "Startup Cost": 0.0, "Total Cost": 765427.42, "Plan Rows": 1, "Plan Width": 44, "Inner Unique": false, "Join Filter": "(supplier.s_suppkey = lineitem.l_suppkey)", "Plans": [{"Node Type": "Nested Loop", "Parent Relationship": "Outer", "Join Type": "Inner", "Startup Cost": 0.0, "Total Cost": 621678.41, "Plan Rows": 125630, "Plan Width": 44, "Inner Unique": true, "Plans": [{"Node Type": "Nested Loop", "Parent Relationship": "Outer", "Join Type": "Inner", "Startup Cost": 0.0, "Total Cost": 548625.29, "Plan Rows": 259666, "Plan Width": 32, "Inner Unique": false, "Plans": [{"Node Type": "Index Scan", "Parent Relationship": "Outer", "Scan Direction": "Forward", "Index Name": "part_kpey", "Relation Name": "part", "Alias": "part", "Startup Cost": 0.0, "Total Cost": 105803.25, "Plan Rows": 89888, "Plan Width": 8, "Filter": "((p_name)::text ~~ '%dim%'::text)"}, {"Node Type": "Index Scan", "Parent Relationship": "Inner", "Scan Direction": "Forward", "Index Name": "idx_partsupp_partkey", "Relation Name": "partsupp", "Alias": "partsupp", "Startup Cost": 0.0, "Total Cost": 4.9, "Plan Rows": 3, "Plan Width": 24, "Index Cond": "(ps_partkey = part.p_partkey)"}]}, {"Node Type": "Index Scan", "Parent Relationship": "Inner", "Scan Direction": "Forward", "Index Name": "supplier_pkey", "Relation Name": "supplier", "Alias": "supplier", "Startup Cost": 0.0, "Total Cost": 0.27, "Plan Rows": 1, "Plan Width": 12, "Index Cond": "(s_suppkey = partsupp.ps_suppkey)"}]}, {"Node Type": "Index Scan", "Parent Relationship": "Inner", "Scan Direction": "Forward", "Index Name": "idx_lineitem_part_supp", "Relation Name": "lineitem", "Alias": "lineitem", "Startup Cost": 0.0, "Total Cost": 1.13, "Plan Rows": 1, "Plan Width": 48, "Index Cond": "((l_partkey = partsupp.ps_partkey) AND (l_suppkey = partsupp.ps_suppkey))"}]}, {"Node Type": "Index Scan", "Parent Relationship": "Inner", "Scan Direction": "Forward", "Index Name": "orders_pkey", "Relation Name": "orders", "Alias": "orders", "Startup Cost": 0.0, "Total Cost": 0.29, "Plan Rows": 1, "Plan Width": 16, "Index Cond": "(o_orderkey = lineitem.l_orderkey)"}]}, {"Node Type": "Index Scan", "Parent Relationship": "Inner", "Scan Direction": "Forward", "Index Name": "nation_pkey", "Relation Name": "nation", "Alias": "nation", "Startup Cost": 0.0, "Total Cost": 0.27, "Plan Rows": 1, "Plan Width": 30, "Index Cond": "(n_nationkey = supplier.s_nationkey)"}]}]}]}, "Unique SQL Id": 3628361425}, "explain_analyze_plan": {"Plan": {"Node Type": "Sort", "Startup Cost": 765428.04, "Total Cost": 765428.05, "Plan Rows": 1, "Plan Width": 74, "Actual Startup Time": 58889.083, "Actual Total Time": 58889.096, "Actual Rows": 175, "Actual Loops": 1, "Sort Key": ["nation.n_name", "(date_part('year'::text, orders.o_orderdate)) DESC"], "Sort Method": "quicksort", "Sort Space Used": 52, "Sort Space Type": "Memory", "Plans": [{"Node Type": "Aggregate", "Strategy": "Hashed", "Parent Relationship": "Outer", "Startup Cost": 765428.02, "Total Cost": 765428.03, "Plan Rows": 1, "Plan Width": 74, "Actual Startup Time": 58888.588, "Actual Total Time": 58888.66, "Actual Rows": 175, "Actual Loops": 1, "Group By Key": ["nation.n_name", "date_part('year'::text, orders.o_orderdate)"], "Plans": [{"Node Type": "Nested Loop", "Parent Relationship": "Outer", "Join Type": "Inner", "Startup Cost": 0.0, "Total Cost": 765428.0, "Plan Rows": 1, "Plan Width": 66, "Actual Startup Time": 0.149, "Actual Total Time": 54820.433, "Actual Rows": 3256948, "Actual Loops": 1, "Inner Unique": true, "Plans": [{"Node Type": "Nested Loop", "Parent Relationship": "Outer", "Join Type": "Inner", "Startup Cost": 0.0, "Total Cost": 765427.72, "Plan Rows": 1, "Plan Width": 44, "Actual Startup Time": 0.131, "Actual Total Time": 45890.672, "Actual Rows": 3256948, "Actual Loops": 1, "Inner Unique": true, "Plans": [{"Node Type": "Nested Loop", "Parent Relationship": "Outer", "Join Type": "Inner", "Startup Cost": 0.0, "Total Cost": 765427.42, "Plan Rows": 1, "Plan Width": 44, "Actual Startup Time": 0.111, "Actual Total Time": 17776.727, "Actual Rows": 3256948, "Actual Loops": 1, "Inner Unique": false, "Join Filter": "(supplier.s_suppkey = lineitem.l_suppkey)", "Rows Removed by Join Filter": 0, "Plans": [{"Node Type": "Nested Loop", "Parent Relationship": "Outer", "Join Type": "Inner", "Startup Cost": 0.0, "Total Cost": 621678.41, "Plan Rows": 125630, "Plan Width": 44, "Actual Startup Time": 0.094, "Actual Total Time": 5140.472, "Actual Rows": 434204, "Actual Loops": 1, "Inner Unique": true, "Plans": [{"Node Type": "Nested Loop", "Parent Relationship": "Outer", "Join Type": "Inner", "Startup Cost": 0.0, "Total Cost": 548625.29, "Plan Rows": 259666, "Plan Width": 32, "Actual Startup Time": 0.082, "Actual Total Time": 2954.041, "Actual Rows": 434204, "Actual Loops": 1, "Inner Unique": false, "Plans": [{"Node Type": "Index Scan", "Parent Relationship": "Outer", "Scan Direction": "Forward", "Index Name": "part_kpey", "Relation Name": "part", "Alias": "part", "Startup Cost": 0.0, "Total Cost": 105803.25, "Plan Rows": 89888, "Plan Width": 8, "Actual Startup Time": 0.059, "Actual Total Time": 1736.225, "Actual Rows": 108551, "Actual Loops": 1, "Filter": "((p_name)::text ~~ '%dim%'::text)", "Rows Removed by Filter": 1891449}, {"Node Type": "Index Scan", "Parent Relationship": "Inner", "Scan Direction": "Forward", "Index Name": "idx_partsupp_partkey", "Relation Name": "partsupp", "Alias": "partsupp", "Startup Cost": 0.0, "Total Cost": 4.9, "Plan Rows": 3, "Plan Width": 24, "Actual Startup Time": 689.993, "Actual Total Time": 1002.482, "Actual Rows": 434204, "Actual Loops": 108551, "Index Cond": "(ps_partkey = part.p_partkey)", "Rows Removed by Index Recheck": 0}]}, {"Node Type": "Index Scan", "Parent Relationship": "Inner", "Scan Direction": "Forward", "Index Name": "supplier_pkey", "Relation Name": "supplier", "Alias": "supplier", "Startup Cost": 0.0, "Total Cost": 0.27, "Plan Rows": 1, "Plan Width": 12, "Actual Startup Time": 1736.282, "Actual Total Time": 1736.282, "Actual Rows": 434204, "Actual Loops": 434204, "Index Cond": "(s_suppkey = partsupp.ps_suppkey)", "Rows Removed by Index Recheck": 0}]}, {"Node Type": "Index Scan", "Parent Relationship": "Inner", "Scan Direction": "Forward", "Index Name": "idx_lineitem_part_supp", "Relation Name": "lineitem", "Alias": "lineitem", "Startup Cost": 0.0, "Total Cost": 1.13, "Plan Rows": 1, "Plan Width": 48, "Actual Startup Time": 3134.972, "Actual Total Time": 10939.244, "Actual Rows": 3256948, "Actual Loops": 434204, "Index Cond": "((l_partkey = partsupp.ps_partkey) AND (l_suppkey = partsupp.ps_suppkey))", "Rows Removed by Index Recheck": 0}]}, {"Node Type": "Index Scan", "Parent Relationship": "Inner", "Scan Direction": "Forward", "Index Name": "orders_pkey", "Relation Name": "orders", "Alias": "orders", "Startup Cost": 0.0, "Total Cost": 0.29, "Plan Rows": 1, "Plan Width": 16, "Actual Startup Time": 25270.281, "Actual Total Time": 25270.281, "Actual Rows": 3256948, "Actual Loops": 3256948, "Index Cond": "(o_orderkey = lineitem.l_orderkey)", "Rows Removed by Index Recheck": 0}]}, {"Node Type": "Index Scan", "Parent Relationship": "Inner", "Scan Direction": "Forward", "Index Name": "nation_pkey", "Relation Name": "nation", "Alias": "nation", "Startup Cost": 0.0, "Total Cost": 0.27, "Plan Rows": 1, "Plan Width": 30, "Actual Startup Time": 4732.964, "Actual Total Time": 4732.964, "Actual Rows": 3256948, "Actual Loops": 3256948, "Index Cond": "(n_nationkey = supplier.s_nationkey)", "Rows Removed by Index Recheck": 0}]}]}]}, "Triggers": [], "Planner Runtime": 11.43, "Total Runtime": 58889.458, "Unique SQL Id": 3628361425}}, "(16, 114)": {"explain_plan": {"Plan": {"Node Type": "Sort", "Startup Cost": 2094167.51, "Total Cost": 2094167.51, "Plan Rows": 1, "Plan Width": 74, "Sort Key": ["nation.n_name", "(date_part('year'::text, orders.o_orderdate)) DESC"], "Plans": [{"Node Type": "Aggregate", "Strategy": "Hashed", "Parent Relationship": "Outer", "Startup Cost": 2094167.48, "Total Cost": 2094167.5, "Plan Rows": 1, "Plan Width": 74, "Group By Key": ["nation.n_name", "date_part('year'::text, orders.o_orderdate)"], "Plans": [{"Node Type": "Nested Loop", "Parent Relationship": "Outer", "Join Type": "Inner", "Startup Cost": 2.3, "Total Cost": 2094167.47, "Plan Rows": 1, "Plan Width": 66, "Inner Unique": true, "Join Filter": "(supplier.s_nationkey = nation.n_nationkey)", "Plans": [{"Node Type": "Nested Loop", "Parent Relationship": "Outer", "Join Type": "Inner", "Startup Cost": 2.3, "Total Cost": 2094165.9, "Plan Rows": 1, "Plan Width": 44, "Inner Unique": true, "Plans": [{"Node Type": "Nested Loop", "Parent Relationship": "Outer", "Join Type": "Inner", "Startup Cost": 2.03, "Total Cost": 2094161.62, "Plan Rows": 1, "Plan Width": 44, "Inner Unique": false, "Join Filter": "(lineitem.l_suppkey = supplier.s_suppkey)", "Plans": [{"Node Type": "Seq Scan", "Parent Relationship": "Outer", "Relation Name": "supplier", "Alias": "supplier", "Startup Cost": 0.0, "Total Cost": 3283.0, "Plan Rows": 100000, "Plan Width": 12}, {"Node Type": "Materialize", "Parent Relationship": "Inner", "Startup Cost": 2.03, "Total Cost": 2087878.62, "Plan Rows": 2, "Plan Width": 56, "Plans": [{"Node Type": "Nested Loop", "Parent Relationship": "Outer", "Join Type": "Inner", "Startup Cost": 2.03, "Total Cost": 2087878.61, "Plan Rows": 2, "Plan Width": 56, "Inner Unique": false, "Plans": [{"Node Type": "Nested Loop", "Parent Relationship": "Outer", "Join Type": "Inner", "Startup Cost": 1.62, "Total Cost": 936419.45, "Plan Rows": 259666, "Plan Width": 32, "Inner Unique": false, "Plans": [{"Node Type": "Seq Scan", "Parent Relationship": "Outer", "Relation Name": "part", "Alias": "part", "Startup Cost": 0.0, "Total Cost": 66944.0, "Plan Rows": 89888, "Plan Width": 8, "Filter": "((p_name)::text ~~ '%dim%'::text)"}, {"Node Type": "Bitmap Heap Scan", "Parent Relationship": "Inner", "Relation Name": "partsupp", "Alias": "partsupp", "Startup Cost": 1.62, "Total Cost": 9.64, "Plan Rows": 3, "Plan Width": 24, "Recheck Cond": "(ps_partkey = part.p_partkey)", "Plans": [{"Node Type": "Bitmap Index Scan", "Parent Relationship": "Outer", "Index Name": "idx_partsupp_partkey", "Startup Cost": 0.0, "Total Cost": 1.62, "Plan Rows": 3, "Plan Width": 0, "Index Cond": "(ps_partkey = part.p_partkey)"}]}]}, {"Node Type": "Bitmap Heap Scan", "Parent Relationship": "Inner", "Relation Name": "lineitem", "Alias": "lineitem", "Startup Cost": 0.41, "Total Cost": 4.42, "Plan Rows": 1, "Plan Width": 48, "Recheck Cond": "((l_partkey = partsupp.ps_partkey) AND (l_suppkey = partsupp.ps_suppkey))", "Plans": [{"Node Type": "Bitmap Index Scan", "Parent Relationship": "Outer", "Index Name": "idx_lineitem_part_supp", "Startup Cost": 0.0, "Total Cost": 0.41, "Plan Rows": 1, "Plan Width": 0, "Index Cond": "((l_partkey = partsupp.ps_partkey) AND (l_suppkey = partsupp.ps_suppkey))"}]}]}]}]}, {"Node Type": "Bitmap Heap Scan", "Parent Relationship": "Inner", "Relation Name": "orders", "Alias": "orders", "Startup Cost": 0.26, "Total Cost": 4.27, "Plan Rows": 1, "Plan Width": 16, "Recheck Cond": "(o_orderkey = lineitem.l_orderkey)", "Plans": [{"Node Type": "Bitmap Index Scan", "Parent Relationship": "Outer", "Index Name": "orders_pkey", "Startup Cost": 0.0, "Total Cost": 0.26, "Plan Rows": 1, "Plan Width": 0, "Index Cond": "(o_orderkey = lineitem.l_orderkey)"}]}]}, {"Node Type": "Seq Scan", "Parent Relationship": "Inner", "Relation Name": "nation", "Alias": "nation", "Startup Cost": 0.0, "Total Cost": 1.25, "Plan Rows": 25, "Plan Width": 30}]}]}]}, "Unique SQL Id": 3628361425}, "explain_analyze_plan": null}, "(16, 115)": {"explain_plan": {"Plan": {"Node Type": "Sort", "Startup Cost": 1000008167021.57, "Total Cost": 1000008167021.58, "Plan Rows": 1, "Plan Width": 74, "Sort Key": ["nation.n_name", "(date_part('year'::text, orders.o_orderdate)) DESC"], "Plans": [{"Node Type": "Aggregate", "Strategy": "Hashed", "Parent Relationship": "Outer", "Startup Cost": 1000008167021.55, "Total Cost": 1000008167021.56, "Plan Rows": 1, "Plan Width": 74, "Group By Key": ["nation.n_name", "date_part('year'::text, orders.o_orderdate)"], "Plans": [{"Node Type": "Nested Loop", "Parent Relationship": "Outer", "Join Type": "Inner", "Startup Cost": 10000000002.75, "Total Cost": 1000008167021.53, "Plan Rows": 1, "Plan Width": 66, "Inner Unique": true, "Plans": [{"Node Type": "Nested Loop", "Parent Relationship": "Outer", "Join Type": "Inner", "Startup Cost": 10000000002.5, "Total Cost": 1000008167017.25, "Plan Rows": 1, "Plan Width": 44, "Inner Unique": true, "Plans": [{"Node Type": "Nested Loop", "Parent Relationship": "Outer", "Join Type": "Inner", "Startup Cost": 10000000002.24, "Total Cost": 1000008167012.96, "Plan Rows": 1, "Plan Width": 44, "Inner Unique": true, "Join Filter": "(partsupp.ps_partkey = part.p_partkey)", "Plans": [{"Node Type": "Nested Loop", "Parent Relationship": "Outer", "Join Type": "Inner", "Startup Cost": 10000000001.98, "Total Cost": 1000008166987.25, "Plan Rows": 6, "Plan Width": 60, "Inner Unique": false, "Join Filter": "(supplier.s_suppkey = lineitem.l_suppkey)", "Plans": [{"Node Type": "Nested Loop", "Parent Relationship": "Outer", "Join Type": "Inner", "Startup Cost": 10000000001.57, "Total Cost": 1000002201599.04, "Plan Rows": 1344499, "Plan Width": 36, "Inner Unique": false, "Plans": [{"Node Type": "Index Scan", "Parent Relationship": "Outer", "Scan Direction": "Forward", "Index Name": "idx_supplier_nation_key", "Relation Name": "supplier", "Alias": "supplier", "Startup Cost": 10000000000.0, "Total Cost": 1000001217556.78, "Plan Rows": 100000, "Plan Width": 12}, {"Node Type": "Bitmap Heap Scan", "Parent Relationship": "Inner", "Relation Name": "partsupp", "Alias": "partsupp", "Startup Cost": 1.57, "Total Cost": 9.71, "Plan Rows": 13, "Plan Width": 24, "Recheck Cond": "(ps_suppkey = supplier.s_suppkey)", "Plans": [{"Node Type": "Bitmap Index Scan", "Parent Relationship": "Outer", "Index Name": "idx_partsupp_suppkey", "Startup Cost": 0.0, "Total Cost": 1.56, "Plan Rows": 13, "Plan Width": 0, "Index Cond": "(ps_suppkey = supplier.s_suppkey)"}]}]}, {"Node Type": "Bitmap Heap Scan", "Parent Relationship": "Inner", "Relation Name": "lineitem", "Alias": "lineitem", "Startup Cost": 0.41, "Total Cost": 4.42, "Plan Rows": 1, "Plan Width": 48, "Recheck Cond": "((l_partkey = partsupp.ps_partkey) AND (l_suppkey = partsupp.ps_suppkey))", "Plans": [{"Node Type": "Bitmap Index Scan", "Parent Relationship": "Outer", "Index Name": "idx_lineitem_part_supp", "Startup Cost": 0.0, "Total Cost": 0.41, "Plan Rows": 1, "Plan Width": 0, "Index Cond": "((l_partkey = partsupp.ps_partkey) AND (l_suppkey = partsupp.ps_suppkey))"}]}]}, {"Node Type": "Bitmap Heap Scan", "Parent Relationship": "Inner", "Relation Name": "part", "Alias": "part", "Startup Cost": 0.26, "Total Cost": 4.27, "Plan Rows": 1, "Plan Width": 8, "Recheck Cond": "(p_partkey = lineitem.l_partkey)", "Filter": "((p_name)::text ~~ '%dim%'::text)", "Plans": [{"Node Type": "Bitmap Index Scan", "Parent Relationship": "Outer", "Index Name": "part_kpey", "Startup Cost": 0.0, "Total Cost": 0.26, "Plan Rows": 1, "Plan Width": 0, "Index Cond": "(p_partkey = lineitem.l_partkey)"}]}]}, {"Node Type": "Bitmap Heap Scan", "Parent Relationship": "Inner", "Relation Name": "orders", "Alias": "orders", "Startup Cost": 0.26, "Total Cost": 4.27, "Plan Rows": 1, "Plan Width": 16, "Recheck Cond": "(o_orderkey = lineitem.l_orderkey)", "Plans": [{"Node Type": "Bitmap Index Scan", "Parent Relationship": "Outer", "Index Name": "orders_pkey", "Startup Cost": 0.0, "Total Cost": 0.26, "Plan Rows": 1, "Plan Width": 0, "Index Cond": "(o_orderkey = lineitem.l_orderkey)"}]}]}, {"Node Type": "Bitmap Heap Scan", "Parent Relationship": "Inner", "Relation Name": "nation", "Alias": "nation", "Startup Cost": 0.26, "Total Cost": 4.27, "Plan Rows": 1, "Plan Width": 30, "Recheck Cond": "(n_nationkey = supplier.s_nationkey)", "Plans": [{"Node Type": "Bitmap Index Scan", "Parent Relationship": "Outer", "Index Name": "nation_pkey", "Startup Cost": 0.0, "Total Cost": 0.26, "Plan Rows": 1, "Plan Width": 0, "Index Cond": "(n_nationkey = supplier.s_nationkey)"}]}]}]}]}, "Unique SQL Id": 3628361425}, "explain_analyze_plan": null}, "(16, 116)": {"explain_plan": {"Plan": {"Node Type": "Sort", "Startup Cost": 726568.79, "Total Cost": 726568.8, "Plan Rows": 1, "Plan Width": 74, "Sort Key": ["nation.n_name", "(date_part('year'::text, orders.o_orderdate)) DESC"], "Plans": [{"Node Type": "Aggregate", "Strategy": "Hashed", "Parent Relationship": "Outer", "Startup Cost": 726568.77, "Total Cost": 726568.78, "Plan Rows": 1, "Plan Width": 74, "Group By Key": ["nation.n_name", "date_part('year'::text, orders.o_orderdate)"], "Plans": [{"Node Type": "Nested Loop", "Parent Relationship": "Outer", "Join Type": "Inner", "Startup Cost": 0.0, "Total Cost": 726568.75, "Plan Rows": 1, "Plan Width": 66, "Inner Unique": true, "Plans": [{"Node Type": "Nested Loop", "Parent Relationship": "Outer", "Join Type": "Inner", "Startup Cost": 0.0, "Total Cost": 726568.47, "Plan Rows": 1, "Plan Width": 44, "Inner Unique": true, "Plans": [{"Node Type": "Nested Loop", "Parent Relationship": "Outer", "Join Type": "Inner", "Startup Cost": 0.0, "Total Cost": 726568.17, "Plan Rows": 1, "Plan Width": 44, "Inner Unique": false, "Join Filter": "(supplier.s_suppkey = lineitem.l_suppkey)", "Plans": [{"Node Type": "Nested Loop", "Parent Relationship": "Outer", "Join Type": "Inner", "Startup Cost": 0.0, "Total Cost": 582819.16, "Plan Rows": 125630, "Plan Width": 44, "Inner Unique": true, "Plans": [{"Node Type": "Nested Loop", "Parent Relationship": "Outer", "Join Type": "Inner", "Startup Cost": 0.0, "Total Cost": 509766.04, "Plan Rows": 259666, "Plan Width": 32, "Inner Unique": false, "Plans": [{"Node Type": "Seq Scan", "Parent Relationship": "Outer", "Relation Name": "part", "Alias": "part", "Startup Cost": 0.0, "Total Cost": 66944.0, "Plan Rows": 89888, "Plan Width": 8, "Filter": "((p_name)::text ~~ '%dim%'::text)"}, {"Node Type": "Index Scan", "Parent Relationship": "Inner", "Scan Direction": "Forward", "Index Name": "idx_partsupp_partkey", "Relation Name": "partsupp", "Alias": "partsupp", "Startup Cost": 0.0, "Total Cost": 4.9, "Plan Rows": 3, "Plan Width": 24, "Index Cond": "(ps_partkey = part.p_partkey)"}]}, {"Node Type": "Index Scan", "Parent Relationship": "Inner", "Scan Direction": "Forward", "Index Name": "supplier_pkey", "Relation Name": "supplier", "Alias": "supplier", "Startup Cost": 0.0, "Total Cost": 0.27, "Plan Rows": 1, "Plan Width": 12, "Index Cond": "(s_suppkey = partsupp.ps_suppkey)"}]}, {"Node Type": "Index Scan", "Parent Relationship": "Inner", "Scan Direction": "Forward", "Index Name": "idx_lineitem_part_supp", "Relation Name": "lineitem", "Alias": "lineitem", "Startup Cost": 0.0, "Total Cost": 1.13, "Plan Rows": 1, "Plan Width": 48, "Index Cond": "((l_partkey = partsupp.ps_partkey) AND (l_suppkey = partsupp.ps_suppkey))"}]}, {"Node Type": "Index Scan", "Parent Relationship": "Inner", "Scan Direction": "Forward", "Index Name": "orders_pkey", "Relation Name": "orders", "Alias": "orders", "Startup Cost": 0.0, "Total Cost": 0.29, "Plan Rows": 1, "Plan Width": 16, "Index Cond": "(o_orderkey = lineitem.l_orderkey)"}]}, {"Node Type": "Index Scan", "Parent Relationship": "Inner", "Scan Direction": "Forward", "Index Name": "nation_pkey", "Relation Name": "nation", "Alias": "nation", "Startup Cost": 0.0, "Total Cost": 0.27, "Plan Rows": 1, "Plan Width": 30, "Index Cond": "(n_nationkey = supplier.s_nationkey)"}]}]}]}, "Unique SQL Id": 3628361425}, "explain_analyze_plan": {"Plan": {"Node Type": "Sort", "Startup Cost": 726568.79, "Total Cost": 726568.8, "Plan Rows": 1, "Plan Width": 74, "Actual Startup Time": 57925.063, "Actual Total Time": 57925.076, "Actual Rows": 175, "Actual Loops": 1, "Sort Key": ["nation.n_name", "(date_part('year'::text, orders.o_orderdate)) DESC"], "Sort Method": "quicksort", "Sort Space Used": 52, "Sort Space Type": "Memory", "Plans": [{"Node Type": "Aggregate", "Strategy": "Hashed", "Parent Relationship": "Outer", "Startup Cost": 726568.77, "Total Cost": 726568.78, "Plan Rows": 1, "Plan Width": 74, "Actual Startup Time": 57924.562, "Actual Total Time": 57924.622, "Actual Rows": 175, "Actual Loops": 1, "Group By Key": ["nation.n_name", "date_part('year'::text, orders.o_orderdate)"], "Plans": [{"Node Type": "Nested Loop", "Parent Relationship": "Outer", "Join Type": "Inner", "Startup Cost": 0.0, "Total Cost": 726568.75, "Plan Rows": 1, "Plan Width": 66, "Actual Startup Time": 0.144, "Actual Total Time": 54053.879, "Actual Rows": 3256948, "Actual Loops": 1, "Inner Unique": true, "Plans": [{"Node Type": "Nested Loop", "Parent Relationship": "Outer", "Join Type": "Inner", "Startup Cost": 0.0, "Total Cost": 726568.47, "Plan Rows": 1, "Plan Width": 44, "Actual Startup Time": 0.123, "Actual Total Time": 45163.781, "Actual Rows": 3256948, "Actual Loops": 1, "Inner Unique": true, "Plans": [{"Node Type": "Nested Loop", "Parent Relationship": "Outer", "Join Type": "Inner", "Startup Cost": 0.0, "Total Cost": 726568.17, "Plan Rows": 1, "Plan Width": 44, "Actual Startup Time": 0.104, "Actual Total Time": 17168.627, "Actual Rows": 3256948, "Actual Loops": 1, "Inner Unique": false, "Join Filter": "(supplier.s_suppkey = lineitem.l_suppkey)", "Rows Removed by Join Filter": 0, "Plans": [{"Node Type": "Nested Loop", "Parent Relationship": "Outer", "Join Type": "Inner", "Startup Cost": 0.0, "Total Cost": 582819.16, "Plan Rows": 125630, "Plan Width": 44, "Actual Startup Time": 0.079, "Actual Total Time": 4564.722, "Actual Rows": 434204, "Actual Loops": 1, "Inner Unique": true, "Plans": [{"Node Type": "Nested Loop", "Parent Relationship": "Outer", "Join Type": "Inner", "Startup Cost": 0.0, "Total Cost": 509766.04, "Plan Rows": 259666, "Plan Width": 32, "Actual Startup Time": 0.065, "Actual Total Time": 2373.393, "Actual Rows": 434204, "Actual Loops": 1, "Inner Unique": false, "Plans": [{"Node Type": "Seq Scan", "Parent Relationship": "Outer", "Relation Name": "part", "Alias": "part", "Startup Cost": 0.0, "Total Cost": 66944.0, "Plan Rows": 89888, "Plan Width": 8, "Actual Startup Time": 0.036, "Actual Total Time": 1132.759, "Actual Rows": 108551, "Actual Loops": 1, "Filter": "((p_name)::text ~~ '%dim%'::text)", "Rows Removed by Filter": 1891449}, {"Node Type": "Index Scan", "Parent Relationship": "Inner", "Scan Direction": "Forward", "Index Name": "idx_partsupp_partkey", "Relation Name": "partsupp", "Alias": "partsupp", "Startup Cost": 0.0, "Total Cost": 4.9, "Plan Rows": 3, "Plan Width": 24, "Actual Startup Time": 695.572, "Actual Total Time": 1016.172, "Actual Rows": 434204, "Actual Loops": 108551, "Index Cond": "(ps_partkey = part.p_partkey)", "Rows Removed by Index Recheck": 0}]}, {"Node Type": "Index Scan", "Parent Relationship": "Inner", "Scan Direction": "Forward", "Index Name": "supplier_pkey", "Relation Name": "supplier", "Alias": "supplier", "Startup Cost": 0.0, "Total Cost": 0.27, "Plan Rows": 1, "Plan Width": 12, "Actual Startup Time": 1729.514, "Actual Total Time": 1729.514, "Actual Rows": 434204, "Actual Loops": 434204, "Index Cond": "(s_suppkey = partsupp.ps_suppkey)", "Rows Removed by Index Recheck": 0}]}, {"Node Type": "Index Scan", "Parent Relationship": "Inner", "Scan Direction": "Forward", "Index Name": "idx_lineitem_part_supp", "Relation Name": "lineitem", "Alias": "lineitem", "Startup Cost": 0.0, "Total Cost": 1.13, "Plan Rows": 1, "Plan Width": 48, "Actual Startup Time": 3165.055, "Actual Total Time": 10945.61, "Actual Rows": 3256948, "Actual Loops": 434204, "Index Cond": "((l_partkey = partsupp.ps_partkey) AND (l_suppkey = partsupp.ps_suppkey))", "Rows Removed by Index Recheck": 0}]}, {"Node Type": "Index Scan", "Parent Relationship": "Inner", "Scan Direction": "Forward", "Index Name": "orders_pkey", "Relation Name": "orders", "Alias": "orders", "Startup Cost": 0.0, "Total Cost": 0.29, "Plan Rows": 1, "Plan Width": 16, "Actual Startup Time": 25171.519, "Actual Total Time": 25171.519, "Actual Rows": 3256948, "Actual Loops": 3256948, "Index Cond": "(o_orderkey = lineitem.l_orderkey)", "Rows Removed by Index Recheck": 0}]}, {"Node Type": "Index Scan", "Parent Relationship": "Inner", "Scan Direction": "Forward", "Index Name": "nation_pkey", "Relation Name": "nation", "Alias": "nation", "Startup Cost": 0.0, "Total Cost": 0.27, "Plan Rows": 1, "Plan Width": 30, "Actual Startup Time": 4751.591, "Actual Total Time": 4751.591, "Actual Rows": 3256948, "Actual Loops": 3256948, "Index Cond": "(n_nationkey = supplier.s_nationkey)", "Rows Removed by Index Recheck": 0}]}]}]}, "Triggers": [], "Planner Runtime": 11.688, "Total Runtime": 57925.461, "Unique SQL Id": 3628361425}}, "(16, 117)": {"explain_plan": {"Plan": {"Node Type": "Sort", "Startup Cost": 765428.04, "Total Cost": 765428.05, "Plan Rows": 1, "Plan Width": 74, "Sort Key": ["nation.n_name", "(date_part('year'::text, orders.o_orderdate)) DESC"], "Plans": [{"Node Type": "Aggregate", "Strategy": "Hashed", "Parent Relationship": "Outer", "Startup Cost": 765428.02, "Total Cost": 765428.03, "Plan Rows": 1, "Plan Width": 74, "Group By Key": ["nation.n_name", "date_part('year'::text, orders.o_orderdate)"], "Plans": [{"Node Type": "Nested Loop", "Parent Relationship": "Outer", "Join Type": "Inner", "Startup Cost": 0.0, "Total Cost": 765428.0, "Plan Rows": 1, "Plan Width": 66, "Inner Unique": true, "Plans": [{"Node Type": "Nested Loop", "Parent Relationship": "Outer", "Join Type": "Inner", "Startup Cost": 0.0, "Total Cost": 765427.72, "Plan Rows": 1, "Plan Width": 44, "Inner Unique": true, "Plans": [{"Node Type": "Nested Loop", "Parent Relationship": "Outer", "Join Type": "Inner", "Startup Cost": 0.0, "Total Cost": 765427.42, "Plan Rows": 1, "Plan Width": 44, "Inner Unique": false, "Join Filter": "(supplier.s_suppkey = lineitem.l_suppkey)", "Plans": [{"Node Type": "Nested Loop", "Parent Relationship": "Outer", "Join Type": "Inner", "Startup Cost": 0.0, "Total Cost": 621678.41, "Plan Rows": 125630, "Plan Width": 44, "Inner Unique": true, "Plans": [{"Node Type": "Nested Loop", "Parent Relationship": "Outer", "Join Type": "Inner", "Startup Cost": 0.0, "Total Cost": 548625.29, "Plan Rows": 259666, "Plan Width": 32, "Inner Unique": false, "Plans": [{"Node Type": "Index Scan", "Parent Relationship": "Outer", "Scan Direction": "Forward", "Index Name": "part_kpey", "Relation Name": "part", "Alias": "part", "Startup Cost": 0.0, "Total Cost": 105803.25, "Plan Rows": 89888, "Plan Width": 8, "Filter": "((p_name)::text ~~ '%dim%'::text)"}, {"Node Type": "Index Scan", "Parent Relationship": "Inner", "Scan Direction": "Forward", "Index Name": "idx_partsupp_partkey", "Relation Name": "partsupp", "Alias": "partsupp", "Startup Cost": 0.0, "Total Cost": 4.9, "Plan Rows": 3, "Plan Width": 24, "Index Cond": "(ps_partkey = part.p_partkey)"}]}, {"Node Type": "Index Scan", "Parent Relationship": "Inner", "Scan Direction": "Forward", "Index Name": "supplier_pkey", "Relation Name": "supplier", "Alias": "supplier", "Startup Cost": 0.0, "Total Cost": 0.27, "Plan Rows": 1, "Plan Width": 12, "Index Cond": "(s_suppkey = partsupp.ps_suppkey)"}]}, {"Node Type": "Index Scan", "Parent Relationship": "Inner", "Scan Direction": "Forward", "Index Name": "idx_lineitem_part_supp", "Relation Name": "lineitem", "Alias": "lineitem", "Startup Cost": 0.0, "Total Cost": 1.13, "Plan Rows": 1, "Plan Width": 48, "Index Cond": "((l_partkey = partsupp.ps_partkey) AND (l_suppkey = partsupp.ps_suppkey))"}]}, {"Node Type": "Index Scan", "Parent Relationship": "Inner", "Scan Direction": "Forward", "Index Name": "orders_pkey", "Relation Name": "orders", "Alias": "orders", "Startup Cost": 0.0, "Total Cost": 0.29, "Plan Rows": 1, "Plan Width": 16, "Index Cond": "(o_orderkey = lineitem.l_orderkey)"}]}, {"Node Type": "Index Scan", "Parent Relationship": "Inner", "Scan Direction": "Forward", "Index Name": "nation_pkey", "Relation Name": "nation", "Alias": "nation", "Startup Cost": 0.0, "Total Cost": 0.27, "Plan Rows": 1, "Plan Width": 30, "Index Cond": "(n_nationkey = supplier.s_nationkey)"}]}]}]}, "Unique SQL Id": 3628361425}, "explain_analyze_plan": {"Plan": {"Node Type": "Sort", "Startup Cost": 765428.04, "Total Cost": 765428.05, "Plan Rows": 1, "Plan Width": 74, "Actual Startup Time": 58889.083, "Actual Total Time": 58889.096, "Actual Rows": 175, "Actual Loops": 1, "Sort Key": ["nation.n_name", "(date_part('year'::text, orders.o_orderdate)) DESC"], "Sort Method": "quicksort", "Sort Space Used": 52, "Sort Space Type": "Memory", "Plans": [{"Node Type": "Aggregate", "Strategy": "Hashed", "Parent Relationship": "Outer", "Startup Cost": 765428.02, "Total Cost": 765428.03, "Plan Rows": 1, "Plan Width": 74, "Actual Startup Time": 58888.588, "Actual Total Time": 58888.66, "Actual Rows": 175, "Actual Loops": 1, "Group By Key": ["nation.n_name", "date_part('year'::text, orders.o_orderdate)"], "Plans": [{"Node Type": "Nested Loop", "Parent Relationship": "Outer", "Join Type": "Inner", "Startup Cost": 0.0, "Total Cost": 765428.0, "Plan Rows": 1, "Plan Width": 66, "Actual Startup Time": 0.149, "Actual Total Time": 54820.433, "Actual Rows": 3256948, "Actual Loops": 1, "Inner Unique": true, "Plans": [{"Node Type": "Nested Loop", "Parent Relationship": "Outer", "Join Type": "Inner", "Startup Cost": 0.0, "Total Cost": 765427.72, "Plan Rows": 1, "Plan Width": 44, "Actual Startup Time": 0.131, "Actual Total Time": 45890.672, "Actual Rows": 3256948, "Actual Loops": 1, "Inner Unique": true, "Plans": [{"Node Type": "Nested Loop", "Parent Relationship": "Outer", "Join Type": "Inner", "Startup Cost": 0.0, "Total Cost": 765427.42, "Plan Rows": 1, "Plan Width": 44, "Actual Startup Time": 0.111, "Actual Total Time": 17776.727, "Actual Rows": 3256948, "Actual Loops": 1, "Inner Unique": false, "Join Filter": "(supplier.s_suppkey = lineitem.l_suppkey)", "Rows Removed by Join Filter": 0, "Plans": [{"Node Type": "Nested Loop", "Parent Relationship": "Outer", "Join Type": "Inner", "Startup Cost": 0.0, "Total Cost": 621678.41, "Plan Rows": 125630, "Plan Width": 44, "Actual Startup Time": 0.094, "Actual Total Time": 5140.472, "Actual Rows": 434204, "Actual Loops": 1, "Inner Unique": true, "Plans": [{"Node Type": "Nested Loop", "Parent Relationship": "Outer", "Join Type": "Inner", "Startup Cost": 0.0, "Total Cost": 548625.29, "Plan Rows": 259666, "Plan Width": 32, "Actual Startup Time": 0.082, "Actual Total Time": 2954.041, "Actual Rows": 434204, "Actual Loops": 1, "Inner Unique": false, "Plans": [{"Node Type": "Index Scan", "Parent Relationship": "Outer", "Scan Direction": "Forward", "Index Name": "part_kpey", "Relation Name": "part", "Alias": "part", "Startup Cost": 0.0, "Total Cost": 105803.25, "Plan Rows": 89888, "Plan Width": 8, "Actual Startup Time": 0.059, "Actual Total Time": 1736.225, "Actual Rows": 108551, "Actual Loops": 1, "Filter": "((p_name)::text ~~ '%dim%'::text)", "Rows Removed by Filter": 1891449}, {"Node Type": "Index Scan", "Parent Relationship": "Inner", "Scan Direction": "Forward", "Index Name": "idx_partsupp_partkey", "Relation Name": "partsupp", "Alias": "partsupp", "Startup Cost": 0.0, "Total Cost": 4.9, "Plan Rows": 3, "Plan Width": 24, "Actual Startup Time": 689.993, "Actual Total Time": 1002.482, "Actual Rows": 434204, "Actual Loops": 108551, "Index Cond": "(ps_partkey = part.p_partkey)", "Rows Removed by Index Recheck": 0}]}, {"Node Type": "Index Scan", "Parent Relationship": "Inner", "Scan Direction": "Forward", "Index Name": "supplier_pkey", "Relation Name": "supplier", "Alias": "supplier", "Startup Cost": 0.0, "Total Cost": 0.27, "Plan Rows": 1, "Plan Width": 12, "Actual Startup Time": 1736.282, "Actual Total Time": 1736.282, "Actual Rows": 434204, "Actual Loops": 434204, "Index Cond": "(s_suppkey = partsupp.ps_suppkey)", "Rows Removed by Index Recheck": 0}]}, {"Node Type": "Index Scan", "Parent Relationship": "Inner", "Scan Direction": "Forward", "Index Name": "idx_lineitem_part_supp", "Relation Name": "lineitem", "Alias": "lineitem", "Startup Cost": 0.0, "Total Cost": 1.13, "Plan Rows": 1, "Plan Width": 48, "Actual Startup Time": 3134.972, "Actual Total Time": 10939.244, "Actual Rows": 3256948, "Actual Loops": 434204, "Index Cond": "((l_partkey = partsupp.ps_partkey) AND (l_suppkey = partsupp.ps_suppkey))", "Rows Removed by Index Recheck": 0}]}, {"Node Type": "Index Scan", "Parent Relationship": "Inner", "Scan Direction": "Forward", "Index Name": "orders_pkey", "Relation Name": "orders", "Alias": "orders", "Startup Cost": 0.0, "Total Cost": 0.29, "Plan Rows": 1, "Plan Width": 16, "Actual Startup Time": 25270.281, "Actual Total Time": 25270.281, "Actual Rows": 3256948, "Actual Loops": 3256948, "Index Cond": "(o_orderkey = lineitem.l_orderkey)", "Rows Removed by Index Recheck": 0}]}, {"Node Type": "Index Scan", "Parent Relationship": "Inner", "Scan Direction": "Forward", "Index Name": "nation_pkey", "Relation Name": "nation", "Alias": "nation", "Startup Cost": 0.0, "Total Cost": 0.27, "Plan Rows": 1, "Plan Width": 30, "Actual Startup Time": 4732.964, "Actual Total Time": 4732.964, "Actual Rows": 3256948, "Actual Loops": 3256948, "Index Cond": "(n_nationkey = supplier.s_nationkey)", "Rows Removed by Index Recheck": 0}]}]}]}, "Triggers": [], "Planner Runtime": 11.43, "Total Runtime": 58889.458, "Unique SQL Id": 3628361425}}, "(16, 118)": {"explain_plan": {"Plan": {"Node Type": "Sort", "Startup Cost": 2094167.51, "Total Cost": 2094167.51, "Plan Rows": 1, "Plan Width": 74, "Sort Key": ["nation.n_name", "(date_part('year'::text, orders.o_orderdate)) DESC"], "Plans": [{"Node Type": "Aggregate", "Strategy": "Hashed", "Parent Relationship": "Outer", "Startup Cost": 2094167.48, "Total Cost": 2094167.5, "Plan Rows": 1, "Plan Width": 74, "Group By Key": ["nation.n_name", "date_part('year'::text, orders.o_orderdate)"], "Plans": [{"Node Type": "Nested Loop", "Parent Relationship": "Outer", "Join Type": "Inner", "Startup Cost": 2.3, "Total Cost": 2094167.47, "Plan Rows": 1, "Plan Width": 66, "Inner Unique": true, "Join Filter": "(supplier.s_nationkey = nation.n_nationkey)", "Plans": [{"Node Type": "Nested Loop", "Parent Relationship": "Outer", "Join Type": "Inner", "Startup Cost": 2.3, "Total Cost": 2094165.9, "Plan Rows": 1, "Plan Width": 44, "Inner Unique": true, "Plans": [{"Node Type": "Nested Loop", "Parent Relationship": "Outer", "Join Type": "Inner", "Startup Cost": 2.03, "Total Cost": 2094161.62, "Plan Rows": 1, "Plan Width": 44, "Inner Unique": false, "Join Filter": "(lineitem.l_suppkey = supplier.s_suppkey)", "Plans": [{"Node Type": "Seq Scan", "Parent Relationship": "Outer", "Relation Name": "supplier", "Alias": "supplier", "Startup Cost": 0.0, "Total Cost": 3283.0, "Plan Rows": 100000, "Plan Width": 12}, {"Node Type": "Materialize", "Parent Relationship": "Inner", "Startup Cost": 2.03, "Total Cost": 2087878.62, "Plan Rows": 2, "Plan Width": 56, "Plans": [{"Node Type": "Nested Loop", "Parent Relationship": "Outer", "Join Type": "Inner", "Startup Cost": 2.03, "Total Cost": 2087878.61, "Plan Rows": 2, "Plan Width": 56, "Inner Unique": false, "Plans": [{"Node Type": "Nested Loop", "Parent Relationship": "Outer", "Join Type": "Inner", "Startup Cost": 1.62, "Total Cost": 936419.45, "Plan Rows": 259666, "Plan Width": 32, "Inner Unique": false, "Plans": [{"Node Type": "Seq Scan", "Parent Relationship": "Outer", "Relation Name": "part", "Alias": "part", "Startup Cost": 0.0, "Total Cost": 66944.0, "Plan Rows": 89888, "Plan Width": 8, "Filter": "((p_name)::text ~~ '%dim%'::text)"}, {"Node Type": "Bitmap Heap Scan", "Parent Relationship": "Inner", "Relation Name": "partsupp", "Alias": "partsupp", "Startup Cost": 1.62, "Total Cost": 9.64, "Plan Rows": 3, "Plan Width": 24, "Recheck Cond": "(ps_partkey = part.p_partkey)", "Plans": [{"Node Type": "Bitmap Index Scan", "Parent Relationship": "Outer", "Index Name": "idx_partsupp_partkey", "Startup Cost": 0.0, "Total Cost": 1.62, "Plan Rows": 3, "Plan Width": 0, "Index Cond": "(ps_partkey = part.p_partkey)"}]}]}, {"Node Type": "Bitmap Heap Scan", "Parent Relationship": "Inner", "Relation Name": "lineitem", "Alias": "lineitem", "Startup Cost": 0.41, "Total Cost": 4.42, "Plan Rows": 1, "Plan Width": 48, "Recheck Cond": "((l_partkey = partsupp.ps_partkey) AND (l_suppkey = partsupp.ps_suppkey))", "Plans": [{"Node Type": "Bitmap Index Scan", "Parent Relationship": "Outer", "Index Name": "idx_lineitem_part_supp", "Startup Cost": 0.0, "Total Cost": 0.41, "Plan Rows": 1, "Plan Width": 0, "Index Cond": "((l_partkey = partsupp.ps_partkey) AND (l_suppkey = partsupp.ps_suppkey))"}]}]}]}]}, {"Node Type": "Bitmap Heap Scan", "Parent Relationship": "Inner", "Relation Name": "orders", "Alias": "orders", "Startup Cost": 0.26, "Total Cost": 4.27, "Plan Rows": 1, "Plan Width": 16, "Recheck Cond": "(o_orderkey = lineitem.l_orderkey)", "Plans": [{"Node Type": "Bitmap Index Scan", "Parent Relationship": "Outer", "Index Name": "orders_pkey", "Startup Cost": 0.0, "Total Cost": 0.26, "Plan Rows": 1, "Plan Width": 0, "Index Cond": "(o_orderkey = lineitem.l_orderkey)"}]}]}, {"Node Type": "Seq Scan", "Parent Relationship": "Inner", "Relation Name": "nation", "Alias": "nation", "Startup Cost": 0.0, "Total Cost": 1.25, "Plan Rows": 25, "Plan Width": 30}]}]}]}, "Unique SQL Id": 3628361425}, "explain_analyze_plan": null}, "(16, 119)": {"explain_plan": {"Plan": {"Node Type": "Sort", "Startup Cost": 1000008167021.57, "Total Cost": 1000008167021.58, "Plan Rows": 1, "Plan Width": 74, "Sort Key": ["nation.n_name", "(date_part('year'::text, orders.o_orderdate)) DESC"], "Plans": [{"Node Type": "Aggregate", "Strategy": "Hashed", "Parent Relationship": "Outer", "Startup Cost": 1000008167021.55, "Total Cost": 1000008167021.56, "Plan Rows": 1, "Plan Width": 74, "Group By Key": ["nation.n_name", "date_part('year'::text, orders.o_orderdate)"], "Plans": [{"Node Type": "Nested Loop", "Parent Relationship": "Outer", "Join Type": "Inner", "Startup Cost": 10000000002.75, "Total Cost": 1000008167021.53, "Plan Rows": 1, "Plan Width": 66, "Inner Unique": true, "Plans": [{"Node Type": "Nested Loop", "Parent Relationship": "Outer", "Join Type": "Inner", "Startup Cost": 10000000002.5, "Total Cost": 1000008167017.25, "Plan Rows": 1, "Plan Width": 44, "Inner Unique": true, "Plans": [{"Node Type": "Nested Loop", "Parent Relationship": "Outer", "Join Type": "Inner", "Startup Cost": 10000000002.24, "Total Cost": 1000008167012.96, "Plan Rows": 1, "Plan Width": 44, "Inner Unique": true, "Join Filter": "(partsupp.ps_partkey = part.p_partkey)", "Plans": [{"Node Type": "Nested Loop", "Parent Relationship": "Outer", "Join Type": "Inner", "Startup Cost": 10000000001.98, "Total Cost": 1000008166987.25, "Plan Rows": 6, "Plan Width": 60, "Inner Unique": false, "Join Filter": "(supplier.s_suppkey = lineitem.l_suppkey)", "Plans": [{"Node Type": "Nested Loop", "Parent Relationship": "Outer", "Join Type": "Inner", "Startup Cost": 10000000001.57, "Total Cost": 1000002201599.04, "Plan Rows": 1344499, "Plan Width": 36, "Inner Unique": false, "Plans": [{"Node Type": "Index Scan", "Parent Relationship": "Outer", "Scan Direction": "Forward", "Index Name": "idx_supplier_nation_key", "Relation Name": "supplier", "Alias": "supplier", "Startup Cost": 10000000000.0, "Total Cost": 1000001217556.78, "Plan Rows": 100000, "Plan Width": 12}, {"Node Type": "Bitmap Heap Scan", "Parent Relationship": "Inner", "Relation Name": "partsupp", "Alias": "partsupp", "Startup Cost": 1.57, "Total Cost": 9.71, "Plan Rows": 13, "Plan Width": 24, "Recheck Cond": "(ps_suppkey = supplier.s_suppkey)", "Plans": [{"Node Type": "Bitmap Index Scan", "Parent Relationship": "Outer", "Index Name": "idx_partsupp_suppkey", "Startup Cost": 0.0, "Total Cost": 1.56, "Plan Rows": 13, "Plan Width": 0, "Index Cond": "(ps_suppkey = supplier.s_suppkey)"}]}]}, {"Node Type": "Bitmap Heap Scan", "Parent Relationship": "Inner", "Relation Name": "lineitem", "Alias": "lineitem", "Startup Cost": 0.41, "Total Cost": 4.42, "Plan Rows": 1, "Plan Width": 48, "Recheck Cond": "((l_partkey = partsupp.ps_partkey) AND (l_suppkey = partsupp.ps_suppkey))", "Plans": [{"Node Type": "Bitmap Index Scan", "Parent Relationship": "Outer", "Index Name": "idx_lineitem_part_supp", "Startup Cost": 0.0, "Total Cost": 0.41, "Plan Rows": 1, "Plan Width": 0, "Index Cond": "((l_partkey = partsupp.ps_partkey) AND (l_suppkey = partsupp.ps_suppkey))"}]}]}, {"Node Type": "Bitmap Heap Scan", "Parent Relationship": "Inner", "Relation Name": "part", "Alias": "part", "Startup Cost": 0.26, "Total Cost": 4.27, "Plan Rows": 1, "Plan Width": 8, "Recheck Cond": "(p_partkey = lineitem.l_partkey)", "Filter": "((p_name)::text ~~ '%dim%'::text)", "Plans": [{"Node Type": "Bitmap Index Scan", "Parent Relationship": "Outer", "Index Name": "part_kpey", "Startup Cost": 0.0, "Total Cost": 0.26, "Plan Rows": 1, "Plan Width": 0, "Index Cond": "(p_partkey = lineitem.l_partkey)"}]}]}, {"Node Type": "Bitmap Heap Scan", "Parent Relationship": "Inner", "Relation Name": "orders", "Alias": "orders", "Startup Cost": 0.26, "Total Cost": 4.27, "Plan Rows": 1, "Plan Width": 16, "Recheck Cond": "(o_orderkey = lineitem.l_orderkey)", "Plans": [{"Node Type": "Bitmap Index Scan", "Parent Relationship": "Outer", "Index Name": "orders_pkey", "Startup Cost": 0.0, "Total Cost": 0.26, "Plan Rows": 1, "Plan Width": 0, "Index Cond": "(o_orderkey = lineitem.l_orderkey)"}]}]}, {"Node Type": "Bitmap Heap Scan", "Parent Relationship": "Inner", "Relation Name": "nation", "Alias": "nation", "Startup Cost": 0.26, "Total Cost": 4.27, "Plan Rows": 1, "Plan Width": 30, "Recheck Cond": "(n_nationkey = supplier.s_nationkey)", "Plans": [{"Node Type": "Bitmap Index Scan", "Parent Relationship": "Outer", "Index Name": "nation_pkey", "Startup Cost": 0.0, "Total Cost": 0.26, "Plan Rows": 1, "Plan Width": 0, "Index Cond": "(n_nationkey = supplier.s_nationkey)"}]}]}]}]}, "Unique SQL Id": 3628361425}, "explain_analyze_plan": null}, "(16, 120)": {"explain_plan": {"Plan": {"Node Type": "Sort", "Startup Cost": 726568.79, "Total Cost": 726568.8, "Plan Rows": 1, "Plan Width": 74, "Sort Key": ["nation.n_name", "(date_part('year'::text, orders.o_orderdate)) DESC"], "Plans": [{"Node Type": "Aggregate", "Strategy": "Hashed", "Parent Relationship": "Outer", "Startup Cost": 726568.77, "Total Cost": 726568.78, "Plan Rows": 1, "Plan Width": 74, "Group By Key": ["nation.n_name", "date_part('year'::text, orders.o_orderdate)"], "Plans": [{"Node Type": "Nested Loop", "Parent Relationship": "Outer", "Join Type": "Inner", "Startup Cost": 0.0, "Total Cost": 726568.75, "Plan Rows": 1, "Plan Width": 66, "Inner Unique": true, "Plans": [{"Node Type": "Nested Loop", "Parent Relationship": "Outer", "Join Type": "Inner", "Startup Cost": 0.0, "Total Cost": 726568.47, "Plan Rows": 1, "Plan Width": 44, "Inner Unique": true, "Plans": [{"Node Type": "Nested Loop", "Parent Relationship": "Outer", "Join Type": "Inner", "Startup Cost": 0.0, "Total Cost": 726568.17, "Plan Rows": 1, "Plan Width": 44, "Inner Unique": false, "Join Filter": "(supplier.s_suppkey = lineitem.l_suppkey)", "Plans": [{"Node Type": "Nested Loop", "Parent Relationship": "Outer", "Join Type": "Inner", "Startup Cost": 0.0, "Total Cost": 582819.16, "Plan Rows": 125630, "Plan Width": 44, "Inner Unique": true, "Plans": [{"Node Type": "Nested Loop", "Parent Relationship": "Outer", "Join Type": "Inner", "Startup Cost": 0.0, "Total Cost": 509766.04, "Plan Rows": 259666, "Plan Width": 32, "Inner Unique": false, "Plans": [{"Node Type": "Seq Scan", "Parent Relationship": "Outer", "Relation Name": "part", "Alias": "part", "Startup Cost": 0.0, "Total Cost": 66944.0, "Plan Rows": 89888, "Plan Width": 8, "Filter": "((p_name)::text ~~ '%dim%'::text)"}, {"Node Type": "Index Scan", "Parent Relationship": "Inner", "Scan Direction": "Forward", "Index Name": "idx_partsupp_partkey", "Relation Name": "partsupp", "Alias": "partsupp", "Startup Cost": 0.0, "Total Cost": 4.9, "Plan Rows": 3, "Plan Width": 24, "Index Cond": "(ps_partkey = part.p_partkey)"}]}, {"Node Type": "Index Scan", "Parent Relationship": "Inner", "Scan Direction": "Forward", "Index Name": "supplier_pkey", "Relation Name": "supplier", "Alias": "supplier", "Startup Cost": 0.0, "Total Cost": 0.27, "Plan Rows": 1, "Plan Width": 12, "Index Cond": "(s_suppkey = partsupp.ps_suppkey)"}]}, {"Node Type": "Index Scan", "Parent Relationship": "Inner", "Scan Direction": "Forward", "Index Name": "idx_lineitem_part_supp", "Relation Name": "lineitem", "Alias": "lineitem", "Startup Cost": 0.0, "Total Cost": 1.13, "Plan Rows": 1, "Plan Width": 48, "Index Cond": "((l_partkey = partsupp.ps_partkey) AND (l_suppkey = partsupp.ps_suppkey))"}]}, {"Node Type": "Index Scan", "Parent Relationship": "Inner", "Scan Direction": "Forward", "Index Name": "orders_pkey", "Relation Name": "orders", "Alias": "orders", "Startup Cost": 0.0, "Total Cost": 0.29, "Plan Rows": 1, "Plan Width": 16, "Index Cond": "(o_orderkey = lineitem.l_orderkey)"}]}, {"Node Type": "Index Scan", "Parent Relationship": "Inner", "Scan Direction": "Forward", "Index Name": "nation_pkey", "Relation Name": "nation", "Alias": "nation", "Startup Cost": 0.0, "Total Cost": 0.27, "Plan Rows": 1, "Plan Width": 30, "Index Cond": "(n_nationkey = supplier.s_nationkey)"}]}]}]}, "Unique SQL Id": 3628361425}, "explain_analyze_plan": {"Plan": {"Node Type": "Sort", "Startup Cost": 726568.79, "Total Cost": 726568.8, "Plan Rows": 1, "Plan Width": 74, "Actual Startup Time": 57925.063, "Actual Total Time": 57925.076, "Actual Rows": 175, "Actual Loops": 1, "Sort Key": ["nation.n_name", "(date_part('year'::text, orders.o_orderdate)) DESC"], "Sort Method": "quicksort", "Sort Space Used": 52, "Sort Space Type": "Memory", "Plans": [{"Node Type": "Aggregate", "Strategy": "Hashed", "Parent Relationship": "Outer", "Startup Cost": 726568.77, "Total Cost": 726568.78, "Plan Rows": 1, "Plan Width": 74, "Actual Startup Time": 57924.562, "Actual Total Time": 57924.622, "Actual Rows": 175, "Actual Loops": 1, "Group By Key": ["nation.n_name", "date_part('year'::text, orders.o_orderdate)"], "Plans": [{"Node Type": "Nested Loop", "Parent Relationship": "Outer", "Join Type": "Inner", "Startup Cost": 0.0, "Total Cost": 726568.75, "Plan Rows": 1, "Plan Width": 66, "Actual Startup Time": 0.144, "Actual Total Time": 54053.879, "Actual Rows": 3256948, "Actual Loops": 1, "Inner Unique": true, "Plans": [{"Node Type": "Nested Loop", "Parent Relationship": "Outer", "Join Type": "Inner", "Startup Cost": 0.0, "Total Cost": 726568.47, "Plan Rows": 1, "Plan Width": 44, "Actual Startup Time": 0.123, "Actual Total Time": 45163.781, "Actual Rows": 3256948, "Actual Loops": 1, "Inner Unique": true, "Plans": [{"Node Type": "Nested Loop", "Parent Relationship": "Outer", "Join Type": "Inner", "Startup Cost": 0.0, "Total Cost": 726568.17, "Plan Rows": 1, "Plan Width": 44, "Actual Startup Time": 0.104, "Actual Total Time": 17168.627, "Actual Rows": 3256948, "Actual Loops": 1, "Inner Unique": false, "Join Filter": "(supplier.s_suppkey = lineitem.l_suppkey)", "Rows Removed by Join Filter": 0, "Plans": [{"Node Type": "Nested Loop", "Parent Relationship": "Outer", "Join Type": "Inner", "Startup Cost": 0.0, "Total Cost": 582819.16, "Plan Rows": 125630, "Plan Width": 44, "Actual Startup Time": 0.079, "Actual Total Time": 4564.722, "Actual Rows": 434204, "Actual Loops": 1, "Inner Unique": true, "Plans": [{"Node Type": "Nested Loop", "Parent Relationship": "Outer", "Join Type": "Inner", "Startup Cost": 0.0, "Total Cost": 509766.04, "Plan Rows": 259666, "Plan Width": 32, "Actual Startup Time": 0.065, "Actual Total Time": 2373.393, "Actual Rows": 434204, "Actual Loops": 1, "Inner Unique": false, "Plans": [{"Node Type": "Seq Scan", "Parent Relationship": "Outer", "Relation Name": "part", "Alias": "part", "Startup Cost": 0.0, "Total Cost": 66944.0, "Plan Rows": 89888, "Plan Width": 8, "Actual Startup Time": 0.036, "Actual Total Time": 1132.759, "Actual Rows": 108551, "Actual Loops": 1, "Filter": "((p_name)::text ~~ '%dim%'::text)", "Rows Removed by Filter": 1891449}, {"Node Type": "Index Scan", "Parent Relationship": "Inner", "Scan Direction": "Forward", "Index Name": "idx_partsupp_partkey", "Relation Name": "partsupp", "Alias": "partsupp", "Startup Cost": 0.0, "Total Cost": 4.9, "Plan Rows": 3, "Plan Width": 24, "Actual Startup Time": 695.572, "Actual Total Time": 1016.172, "Actual Rows": 434204, "Actual Loops": 108551, "Index Cond": "(ps_partkey = part.p_partkey)", "Rows Removed by Index Recheck": 0}]}, {"Node Type": "Index Scan", "Parent Relationship": "Inner", "Scan Direction": "Forward", "Index Name": "supplier_pkey", "Relation Name": "supplier", "Alias": "supplier", "Startup Cost": 0.0, "Total Cost": 0.27, "Plan Rows": 1, "Plan Width": 12, "Actual Startup Time": 1729.514, "Actual Total Time": 1729.514, "Actual Rows": 434204, "Actual Loops": 434204, "Index Cond": "(s_suppkey = partsupp.ps_suppkey)", "Rows Removed by Index Recheck": 0}]}, {"Node Type": "Index Scan", "Parent Relationship": "Inner", "Scan Direction": "Forward", "Index Name": "idx_lineitem_part_supp", "Relation Name": "lineitem", "Alias": "lineitem", "Startup Cost": 0.0, "Total Cost": 1.13, "Plan Rows": 1, "Plan Width": 48, "Actual Startup Time": 3165.055, "Actual Total Time": 10945.61, "Actual Rows": 3256948, "Actual Loops": 434204, "Index Cond": "((l_partkey = partsupp.ps_partkey) AND (l_suppkey = partsupp.ps_suppkey))", "Rows Removed by Index Recheck": 0}]}, {"Node Type": "Index Scan", "Parent Relationship": "Inner", "Scan Direction": "Forward", "Index Name": "orders_pkey", "Relation Name": "orders", "Alias": "orders", "Startup Cost": 0.0, "Total Cost": 0.29, "Plan Rows": 1, "Plan Width": 16, "Actual Startup Time": 25171.519, "Actual Total Time": 25171.519, "Actual Rows": 3256948, "Actual Loops": 3256948, "Index Cond": "(o_orderkey = lineitem.l_orderkey)", "Rows Removed by Index Recheck": 0}]}, {"Node Type": "Index Scan", "Parent Relationship": "Inner", "Scan Direction": "Forward", "Index Name": "nation_pkey", "Relation Name": "nation", "Alias": "nation", "Startup Cost": 0.0, "Total Cost": 0.27, "Plan Rows": 1, "Plan Width": 30, "Actual Startup Time": 4751.591, "Actual Total Time": 4751.591, "Actual Rows": 3256948, "Actual Loops": 3256948, "Index Cond": "(n_nationkey = supplier.s_nationkey)", "Rows Removed by Index Recheck": 0}]}]}]}, "Triggers": [], "Planner Runtime": 11.688, "Total Runtime": 57925.461, "Unique SQL Id": 3628361425}}, "(16, 121)": {"explain_plan": {"Plan": {"Node Type": "Sort", "Startup Cost": 765428.04, "Total Cost": 765428.05, "Plan Rows": 1, "Plan Width": 74, "Sort Key": ["nation.n_name", "(date_part('year'::text, orders.o_orderdate)) DESC"], "Plans": [{"Node Type": "Aggregate", "Strategy": "Hashed", "Parent Relationship": "Outer", "Startup Cost": 765428.02, "Total Cost": 765428.03, "Plan Rows": 1, "Plan Width": 74, "Group By Key": ["nation.n_name", "date_part('year'::text, orders.o_orderdate)"], "Plans": [{"Node Type": "Nested Loop", "Parent Relationship": "Outer", "Join Type": "Inner", "Startup Cost": 0.0, "Total Cost": 765428.0, "Plan Rows": 1, "Plan Width": 66, "Inner Unique": true, "Plans": [{"Node Type": "Nested Loop", "Parent Relationship": "Outer", "Join Type": "Inner", "Startup Cost": 0.0, "Total Cost": 765427.72, "Plan Rows": 1, "Plan Width": 44, "Inner Unique": true, "Plans": [{"Node Type": "Nested Loop", "Parent Relationship": "Outer", "Join Type": "Inner", "Startup Cost": 0.0, "Total Cost": 765427.42, "Plan Rows": 1, "Plan Width": 44, "Inner Unique": false, "Join Filter": "(supplier.s_suppkey = lineitem.l_suppkey)", "Plans": [{"Node Type": "Nested Loop", "Parent Relationship": "Outer", "Join Type": "Inner", "Startup Cost": 0.0, "Total Cost": 621678.41, "Plan Rows": 125630, "Plan Width": 44, "Inner Unique": true, "Plans": [{"Node Type": "Nested Loop", "Parent Relationship": "Outer", "Join Type": "Inner", "Startup Cost": 0.0, "Total Cost": 548625.29, "Plan Rows": 259666, "Plan Width": 32, "Inner Unique": false, "Plans": [{"Node Type": "Index Scan", "Parent Relationship": "Outer", "Scan Direction": "Forward", "Index Name": "part_kpey", "Relation Name": "part", "Alias": "part", "Startup Cost": 0.0, "Total Cost": 105803.25, "Plan Rows": 89888, "Plan Width": 8, "Filter": "((p_name)::text ~~ '%dim%'::text)"}, {"Node Type": "Index Scan", "Parent Relationship": "Inner", "Scan Direction": "Forward", "Index Name": "idx_partsupp_partkey", "Relation Name": "partsupp", "Alias": "partsupp", "Startup Cost": 0.0, "Total Cost": 4.9, "Plan Rows": 3, "Plan Width": 24, "Index Cond": "(ps_partkey = part.p_partkey)"}]}, {"Node Type": "Index Scan", "Parent Relationship": "Inner", "Scan Direction": "Forward", "Index Name": "supplier_pkey", "Relation Name": "supplier", "Alias": "supplier", "Startup Cost": 0.0, "Total Cost": 0.27, "Plan Rows": 1, "Plan Width": 12, "Index Cond": "(s_suppkey = partsupp.ps_suppkey)"}]}, {"Node Type": "Index Scan", "Parent Relationship": "Inner", "Scan Direction": "Forward", "Index Name": "idx_lineitem_part_supp", "Relation Name": "lineitem", "Alias": "lineitem", "Startup Cost": 0.0, "Total Cost": 1.13, "Plan Rows": 1, "Plan Width": 48, "Index Cond": "((l_partkey = partsupp.ps_partkey) AND (l_suppkey = partsupp.ps_suppkey))"}]}, {"Node Type": "Index Scan", "Parent Relationship": "Inner", "Scan Direction": "Forward", "Index Name": "orders_pkey", "Relation Name": "orders", "Alias": "orders", "Startup Cost": 0.0, "Total Cost": 0.29, "Plan Rows": 1, "Plan Width": 16, "Index Cond": "(o_orderkey = lineitem.l_orderkey)"}]}, {"Node Type": "Index Scan", "Parent Relationship": "Inner", "Scan Direction": "Forward", "Index Name": "nation_pkey", "Relation Name": "nation", "Alias": "nation", "Startup Cost": 0.0, "Total Cost": 0.27, "Plan Rows": 1, "Plan Width": 30, "Index Cond": "(n_nationkey = supplier.s_nationkey)"}]}]}]}, "Unique SQL Id": 3628361425}, "explain_analyze_plan": {"Plan": {"Node Type": "Sort", "Startup Cost": 765428.04, "Total Cost": 765428.05, "Plan Rows": 1, "Plan Width": 74, "Actual Startup Time": 58889.083, "Actual Total Time": 58889.096, "Actual Rows": 175, "Actual Loops": 1, "Sort Key": ["nation.n_name", "(date_part('year'::text, orders.o_orderdate)) DESC"], "Sort Method": "quicksort", "Sort Space Used": 52, "Sort Space Type": "Memory", "Plans": [{"Node Type": "Aggregate", "Strategy": "Hashed", "Parent Relationship": "Outer", "Startup Cost": 765428.02, "Total Cost": 765428.03, "Plan Rows": 1, "Plan Width": 74, "Actual Startup Time": 58888.588, "Actual Total Time": 58888.66, "Actual Rows": 175, "Actual Loops": 1, "Group By Key": ["nation.n_name", "date_part('year'::text, orders.o_orderdate)"], "Plans": [{"Node Type": "Nested Loop", "Parent Relationship": "Outer", "Join Type": "Inner", "Startup Cost": 0.0, "Total Cost": 765428.0, "Plan Rows": 1, "Plan Width": 66, "Actual Startup Time": 0.149, "Actual Total Time": 54820.433, "Actual Rows": 3256948, "Actual Loops": 1, "Inner Unique": true, "Plans": [{"Node Type": "Nested Loop", "Parent Relationship": "Outer", "Join Type": "Inner", "Startup Cost": 0.0, "Total Cost": 765427.72, "Plan Rows": 1, "Plan Width": 44, "Actual Startup Time": 0.131, "Actual Total Time": 45890.672, "Actual Rows": 3256948, "Actual Loops": 1, "Inner Unique": true, "Plans": [{"Node Type": "Nested Loop", "Parent Relationship": "Outer", "Join Type": "Inner", "Startup Cost": 0.0, "Total Cost": 765427.42, "Plan Rows": 1, "Plan Width": 44, "Actual Startup Time": 0.111, "Actual Total Time": 17776.727, "Actual Rows": 3256948, "Actual Loops": 1, "Inner Unique": false, "Join Filter": "(supplier.s_suppkey = lineitem.l_suppkey)", "Rows Removed by Join Filter": 0, "Plans": [{"Node Type": "Nested Loop", "Parent Relationship": "Outer", "Join Type": "Inner", "Startup Cost": 0.0, "Total Cost": 621678.41, "Plan Rows": 125630, "Plan Width": 44, "Actual Startup Time": 0.094, "Actual Total Time": 5140.472, "Actual Rows": 434204, "Actual Loops": 1, "Inner Unique": true, "Plans": [{"Node Type": "Nested Loop", "Parent Relationship": "Outer", "Join Type": "Inner", "Startup Cost": 0.0, "Total Cost": 548625.29, "Plan Rows": 259666, "Plan Width": 32, "Actual Startup Time": 0.082, "Actual Total Time": 2954.041, "Actual Rows": 434204, "Actual Loops": 1, "Inner Unique": false, "Plans": [{"Node Type": "Index Scan", "Parent Relationship": "Outer", "Scan Direction": "Forward", "Index Name": "part_kpey", "Relation Name": "part", "Alias": "part", "Startup Cost": 0.0, "Total Cost": 105803.25, "Plan Rows": 89888, "Plan Width": 8, "Actual Startup Time": 0.059, "Actual Total Time": 1736.225, "Actual Rows": 108551, "Actual Loops": 1, "Filter": "((p_name)::text ~~ '%dim%'::text)", "Rows Removed by Filter": 1891449}, {"Node Type": "Index Scan", "Parent Relationship": "Inner", "Scan Direction": "Forward", "Index Name": "idx_partsupp_partkey", "Relation Name": "partsupp", "Alias": "partsupp", "Startup Cost": 0.0, "Total Cost": 4.9, "Plan Rows": 3, "Plan Width": 24, "Actual Startup Time": 689.993, "Actual Total Time": 1002.482, "Actual Rows": 434204, "Actual Loops": 108551, "Index Cond": "(ps_partkey = part.p_partkey)", "Rows Removed by Index Recheck": 0}]}, {"Node Type": "Index Scan", "Parent Relationship": "Inner", "Scan Direction": "Forward", "Index Name": "supplier_pkey", "Relation Name": "supplier", "Alias": "supplier", "Startup Cost": 0.0, "Total Cost": 0.27, "Plan Rows": 1, "Plan Width": 12, "Actual Startup Time": 1736.282, "Actual Total Time": 1736.282, "Actual Rows": 434204, "Actual Loops": 434204, "Index Cond": "(s_suppkey = partsupp.ps_suppkey)", "Rows Removed by Index Recheck": 0}]}, {"Node Type": "Index Scan", "Parent Relationship": "Inner", "Scan Direction": "Forward", "Index Name": "idx_lineitem_part_supp", "Relation Name": "lineitem", "Alias": "lineitem", "Startup Cost": 0.0, "Total Cost": 1.13, "Plan Rows": 1, "Plan Width": 48, "Actual Startup Time": 3134.972, "Actual Total Time": 10939.244, "Actual Rows": 3256948, "Actual Loops": 434204, "Index Cond": "((l_partkey = partsupp.ps_partkey) AND (l_suppkey = partsupp.ps_suppkey))", "Rows Removed by Index Recheck": 0}]}, {"Node Type": "Index Scan", "Parent Relationship": "Inner", "Scan Direction": "Forward", "Index Name": "orders_pkey", "Relation Name": "orders", "Alias": "orders", "Startup Cost": 0.0, "Total Cost": 0.29, "Plan Rows": 1, "Plan Width": 16, "Actual Startup Time": 25270.281, "Actual Total Time": 25270.281, "Actual Rows": 3256948, "Actual Loops": 3256948, "Index Cond": "(o_orderkey = lineitem.l_orderkey)", "Rows Removed by Index Recheck": 0}]}, {"Node Type": "Index Scan", "Parent Relationship": "Inner", "Scan Direction": "Forward", "Index Name": "nation_pkey", "Relation Name": "nation", "Alias": "nation", "Startup Cost": 0.0, "Total Cost": 0.27, "Plan Rows": 1, "Plan Width": 30, "Actual Startup Time": 4732.964, "Actual Total Time": 4732.964, "Actual Rows": 3256948, "Actual Loops": 3256948, "Index Cond": "(n_nationkey = supplier.s_nationkey)", "Rows Removed by Index Recheck": 0}]}]}]}, "Triggers": [], "Planner Runtime": 11.43, "Total Runtime": 58889.458, "Unique SQL Id": 3628361425}}, "(16, 122)": {"explain_plan": {"Plan": {"Node Type": "Sort", "Startup Cost": 98266689006.74, "Total Cost": 98266689006.74, "Plan Rows": 1, "Plan Width": 74, "Sort Key": ["nation.n_name", "(date_part('year'::text, orders.o_orderdate)) DESC"], "Plans": [{"Node Type": "Aggregate", "Strategy": "Hashed", "Parent Relationship": "Outer", "Startup Cost": 98266689006.72, "Total Cost": 98266689006.73, "Plan Rows": 1, "Plan Width": 74, "Group By Key": ["nation.n_name", "date_part('year'::text, orders.o_orderdate)"], "Plans": [{"Node Type": "Nested Loop", "Parent Relationship": "Outer", "Join Type": "Inner", "Startup Cost": 0.0, "Total Cost": 98266689006.7, "Plan Rows": 1, "Plan Width": 66, "Inner Unique": true, "Join Filter": "(supplier.s_nationkey = nation.n_nationkey)", "Plans": [{"Node Type": "Nested Loop", "Parent Relationship": "Outer", "Join Type": "Inner", "Startup Cost": 0.0, "Total Cost": 98266689005.13, "Plan Rows": 1, "Plan Width": 44, "Inner Unique": true, "Join Filter": "(lineitem.l_orderkey = orders.o_orderkey)", "Plans": [{"Node Type": "Nested Loop", "Parent Relationship": "Outer", "Join Type": "Inner", "Startup Cost": 0.0, "Total Cost": 98266075097.86, "Plan Rows": 1, "Plan Width": 44, "Inner Unique": false, "Join Filter": "((lineitem.l_suppkey = partsupp.ps_suppkey) AND (lineitem.l_partkey = partsupp.ps_partkey))", "Plans": [{"Node Type": "Seq Scan", "Parent Relationship": "Outer", "Relation Name": "partsupp", "Alias": "partsupp", "Startup Cost": 0.0, "Total Cost": 269987.72, "Plan Rows": 8000372, "Plan Width": 24}, {"Node Type": "Materialize", "Parent Relationship": "Inner", "Startup Cost": 0.0, "Total Cost": 81627151745.82, "Plan Rows": 118842, "Plan Width": 68, "Plans": [{"Node Type": "Nested Loop", "Parent Relationship": "Outer", "Join Type": "Inner", "Startup Cost": 0.0, "Total Cost": 81627151151.61, "Plan Rows": 118842, "Plan Width": 68, "Inner Unique": true, "Join Filter": "(lineitem.l_suppkey = supplier.s_suppkey), (LLVM Optimized)", "Plans": [{"Node Type": "Nested Loop", "Parent Relationship": "Outer", "Join Type": "Inner", "Startup Cost": 0.0, "Total Cost": 80883798618.61, "Plan Rows": 495566, "Plan Width": 56, "Inner Unique": true, "Join Filter": "(part.p_partkey = lineitem.l_partkey), (LLVM Optimized)", "Plans": [{"Node Type": "Seq Scan", "Parent Relationship": "Outer", "Relation Name": "lineitem", "Alias": "lineitem", "Startup Cost": 0.0, "Total Cost": 2015115.33, "Plan Rows": 59987033, "Plan Width": 48}, {"Node Type": "Materialize", "Parent Relationship": "Inner", "Startup Cost": 0.0, "Total Cost": 67393.44, "Plan Rows": 89888, "Plan Width": 8, "Plans": [{"Node Type": "Seq Scan", "Parent Relationship": "Outer", "Relation Name": "part", "Alias": "part", "Startup Cost": 0.0, "Total Cost": 66944.0, "Plan Rows": 89888, "Plan Width": 8, "Filter": "((p_name)::text ~~ '%dim%'::text)"}]}]}, {"Node Type": "Materialize", "Parent Relationship": "Inner", "Startup Cost": 0.0, "Total Cost": 3783.0, "Plan Rows": 100000, "Plan Width": 12, "Plans": [{"Node Type": "Seq Scan", "Parent Relationship": "Outer", "Relation Name": "supplier", "Alias": "supplier", "Startup Cost": 0.0, "Total Cost": 3283.0, "Plan Rows": 100000, "Plan Width": 12}]}]}]}]}, {"Node Type": "Seq Scan", "Parent Relationship": "Inner", "Relation Name": "orders", "Alias": "orders", "Startup Cost": 0.0, "Total Cost": 426413.79, "Plan Rows": 14999479, "Plan Width": 16}]}, {"Node Type": "Seq Scan", "Parent Relationship": "Inner", "Relation Name": "nation", "Alias": "nation", "Startup Cost": 0.0, "Total Cost": 1.25, "Plan Rows": 25, "Plan Width": 30}]}]}]}, "Unique SQL Id": 3628361425}, "explain_analyze_plan": null}, "(16, 123)": {"explain_plan": {"Plan": {"Node Type": "Sort", "Startup Cost": 6098670509645.03, "Total Cost": 6098670509645.03, "Plan Rows": 1, "Plan Width": 74, "Sort Key": ["nation.n_name", "(date_part('year'::text, orders.o_orderdate)) DESC"], "Plans": [{"Node Type": "Aggregate", "Strategy": "Hashed", "Parent Relationship": "Outer", "Startup Cost": 6098670509645.0, "Total Cost": 6098670509645.02, "Plan Rows": 1, "Plan Width": 74, "Group By Key": ["nation.n_name", "date_part('year'::text, orders.o_orderdate)"], "Plans": [{"Node Type": "Nested Loop", "Parent Relationship": "Outer", "Join Type": "Inner", "Startup Cost": 60000000000.0, "Total Cost": 6098670509644.99, "Plan Rows": 1, "Plan Width": 66, "Inner Unique": true, "Plans": [{"Node Type": "Nested Loop", "Parent Relationship": "Outer", "Join Type": "Inner", "Startup Cost": 50000000000.0, "Total Cost": 5098670509615.75, "Plan Rows": 1, "Plan Width": 66, "Inner Unique": true, "Plans": [{"Node Type": "Nested Loop", "Parent Relationship": "Outer", "Join Type": "Inner", "Startup Cost": 40000000000.0, "Total Cost": 4098670509588.73, "Plan Rows": 1, "Plan Width": 44, "Inner Unique": true, "Join Filter": "((lineitem.l_suppkey = partsupp.ps_suppkey) AND (lineitem.l_partkey = partsupp.ps_partkey))", "Plans": [{"Node Type": "Nested Loop", "Parent Relationship": "Outer", "Join Type": "Inner", "Startup Cost": 30000000000.0, "Total Cost": 3081960194963.16, "Plan Rows": 118842, "Plan Width": 68, "Inner Unique": true, "Join Filter": "(lineitem.l_suppkey = supplier.s_suppkey), (LLVM Optimized)", "Plans": [{"Node Type": "Nested Loop", "Parent Relationship": "Outer", "Join Type": "Inner", "Startup Cost": 20000000000.0, "Total Cost": 2081216312258.78, "Plan Rows": 495566, "Plan Width": 56, "Inner Unique": true, "Join Filter": "(part.p_partkey = lineitem.l_partkey), (LLVM Optimized)", "Plans": [{"Node Type": "Index Scan", "Parent Relationship": "Outer", "Scan Direction": "Forward", "Index Name": "idx_lineitem_orderkey", "Relation Name": "lineitem", "Alias": "lineitem", "Startup Cost": 10000000000.0, "Total Cost": 1000324015374.5, "Plan Rows": 59987033, "Plan Width": 48}, {"Node Type": "Materialize", "Parent Relationship": "Inner", "Startup Cost": 10000000000.0, "Total Cost": 1000010580774.44, "Plan Rows": 89888, "Plan Width": 8, "Plans": [{"Node Type": "Index Scan", "Parent Relationship": "Outer", "Scan Direction": "Forward", "Index Name": "part_kpey", "Relation Name": "part", "Alias": "part", "Startup Cost": 10000000000.0, "Total Cost": 1000010580325.0, "Plan Rows": 89888, "Plan Width": 8, "Filter": "((p_name)::text ~~ '%dim%'::text)"}]}]}, {"Node Type": "Materialize", "Parent Relationship": "Inner", "Startup Cost": 10000000000.0, "Total Cost": 1000000533954.38, "Plan Rows": 100000, "Plan Width": 12, "Plans": [{"Node Type": "Index Scan", "Parent Relationship": "Outer", "Scan Direction": "Forward", "Index Name": "supplier_pkey", "Relation Name": "supplier", "Alias": "supplier", "Startup Cost": 10000000000.0, "Total Cost": 1000000533454.38, "Plan Rows": 100000, "Plan Width": 12}]}]}, {"Node Type": "Materialize", "Parent Relationship": "Inner", "Startup Cost": 10000000000.0, "Total Cost": 1000071680965.08, "Plan Rows": 8000372, "Plan Width": 24, "Plans": [{"Node Type": "Index Scan", "Parent Relationship": "Outer", "Scan Direction": "Forward", "Index Name": "partsupp_pkey", "Relation Name": "partsupp", "Alias": "partsupp", "Startup Cost": 10000000000.0, "Total Cost": 1000071640963.22, "Plan Rows": 8000372, "Plan Width": 24}]}]}, {"Node Type": "Index Scan", "Parent Relationship": "Inner", "Scan Direction": "Forward", "Index Name": "nation_pkey", "Relation Name": "nation", "Alias": "nation", "Startup Cost": 10000000000.0, "Total Cost": 1000000000027.01, "Plan Rows": 1, "Plan Width": 30, "Index Cond": "(n_nationkey = supplier.s_nationkey)"}]}, {"Node Type": "Index Scan", "Parent Relationship": "Inner", "Scan Direction": "Forward", "Index Name": "orders_pkey", "Relation Name": "orders", "Alias": "orders", "Startup Cost": 10000000000.0, "Total Cost": 1000000000029.23, "Plan Rows": 1, "Plan Width": 16, "Index Cond": "(o_orderkey = lineitem.l_orderkey)"}]}]}]}, "Unique SQL Id": 3628361425}, "explain_analyze_plan": null}, "(16, 124)": {"explain_plan": {"Plan": {"Node Type": "Sort", "Startup Cost": 726568.79, "Total Cost": 726568.8, "Plan Rows": 1, "Plan Width": 74, "Sort Key": ["nation.n_name", "(date_part('year'::text, orders.o_orderdate)) DESC"], "Plans": [{"Node Type": "Aggregate", "Strategy": "Hashed", "Parent Relationship": "Outer", "Startup Cost": 726568.77, "Total Cost": 726568.78, "Plan Rows": 1, "Plan Width": 74, "Group By Key": ["nation.n_name", "date_part('year'::text, orders.o_orderdate)"], "Plans": [{"Node Type": "Nested Loop", "Parent Relationship": "Outer", "Join Type": "Inner", "Startup Cost": 0.0, "Total Cost": 726568.75, "Plan Rows": 1, "Plan Width": 66, "Inner Unique": true, "Plans": [{"Node Type": "Nested Loop", "Parent Relationship": "Outer", "Join Type": "Inner", "Startup Cost": 0.0, "Total Cost": 726568.47, "Plan Rows": 1, "Plan Width": 44, "Inner Unique": true, "Plans": [{"Node Type": "Nested Loop", "Parent Relationship": "Outer", "Join Type": "Inner", "Startup Cost": 0.0, "Total Cost": 726568.17, "Plan Rows": 1, "Plan Width": 44, "Inner Unique": false, "Join Filter": "(supplier.s_suppkey = lineitem.l_suppkey)", "Plans": [{"Node Type": "Nested Loop", "Parent Relationship": "Outer", "Join Type": "Inner", "Startup Cost": 0.0, "Total Cost": 582819.16, "Plan Rows": 125630, "Plan Width": 44, "Inner Unique": true, "Plans": [{"Node Type": "Nested Loop", "Parent Relationship": "Outer", "Join Type": "Inner", "Startup Cost": 0.0, "Total Cost": 509766.04, "Plan Rows": 259666, "Plan Width": 32, "Inner Unique": false, "Plans": [{"Node Type": "Seq Scan", "Parent Relationship": "Outer", "Relation Name": "part", "Alias": "part", "Startup Cost": 0.0, "Total Cost": 66944.0, "Plan Rows": 89888, "Plan Width": 8, "Filter": "((p_name)::text ~~ '%dim%'::text)"}, {"Node Type": "Index Scan", "Parent Relationship": "Inner", "Scan Direction": "Forward", "Index Name": "idx_partsupp_partkey", "Relation Name": "partsupp", "Alias": "partsupp", "Startup Cost": 0.0, "Total Cost": 4.9, "Plan Rows": 3, "Plan Width": 24, "Index Cond": "(ps_partkey = part.p_partkey)"}]}, {"Node Type": "Index Scan", "Parent Relationship": "Inner", "Scan Direction": "Forward", "Index Name": "supplier_pkey", "Relation Name": "supplier", "Alias": "supplier", "Startup Cost": 0.0, "Total Cost": 0.27, "Plan Rows": 1, "Plan Width": 12, "Index Cond": "(s_suppkey = partsupp.ps_suppkey)"}]}, {"Node Type": "Index Scan", "Parent Relationship": "Inner", "Scan Direction": "Forward", "Index Name": "idx_lineitem_part_supp", "Relation Name": "lineitem", "Alias": "lineitem", "Startup Cost": 0.0, "Total Cost": 1.13, "Plan Rows": 1, "Plan Width": 48, "Index Cond": "((l_partkey = partsupp.ps_partkey) AND (l_suppkey = partsupp.ps_suppkey))"}]}, {"Node Type": "Index Scan", "Parent Relationship": "Inner", "Scan Direction": "Forward", "Index Name": "orders_pkey", "Relation Name": "orders", "Alias": "orders", "Startup Cost": 0.0, "Total Cost": 0.29, "Plan Rows": 1, "Plan Width": 16, "Index Cond": "(o_orderkey = lineitem.l_orderkey)"}]}, {"Node Type": "Index Scan", "Parent Relationship": "Inner", "Scan Direction": "Forward", "Index Name": "nation_pkey", "Relation Name": "nation", "Alias": "nation", "Startup Cost": 0.0, "Total Cost": 0.27, "Plan Rows": 1, "Plan Width": 30, "Index Cond": "(n_nationkey = supplier.s_nationkey)"}]}]}]}, "Unique SQL Id": 3628361425}, "explain_analyze_plan": {"Plan": {"Node Type": "Sort", "Startup Cost": 726568.79, "Total Cost": 726568.8, "Plan Rows": 1, "Plan Width": 74, "Actual Startup Time": 57925.063, "Actual Total Time": 57925.076, "Actual Rows": 175, "Actual Loops": 1, "Sort Key": ["nation.n_name", "(date_part('year'::text, orders.o_orderdate)) DESC"], "Sort Method": "quicksort", "Sort Space Used": 52, "Sort Space Type": "Memory", "Plans": [{"Node Type": "Aggregate", "Strategy": "Hashed", "Parent Relationship": "Outer", "Startup Cost": 726568.77, "Total Cost": 726568.78, "Plan Rows": 1, "Plan Width": 74, "Actual Startup Time": 57924.562, "Actual Total Time": 57924.622, "Actual Rows": 175, "Actual Loops": 1, "Group By Key": ["nation.n_name", "date_part('year'::text, orders.o_orderdate)"], "Plans": [{"Node Type": "Nested Loop", "Parent Relationship": "Outer", "Join Type": "Inner", "Startup Cost": 0.0, "Total Cost": 726568.75, "Plan Rows": 1, "Plan Width": 66, "Actual Startup Time": 0.144, "Actual Total Time": 54053.879, "Actual Rows": 3256948, "Actual Loops": 1, "Inner Unique": true, "Plans": [{"Node Type": "Nested Loop", "Parent Relationship": "Outer", "Join Type": "Inner", "Startup Cost": 0.0, "Total Cost": 726568.47, "Plan Rows": 1, "Plan Width": 44, "Actual Startup Time": 0.123, "Actual Total Time": 45163.781, "Actual Rows": 3256948, "Actual Loops": 1, "Inner Unique": true, "Plans": [{"Node Type": "Nested Loop", "Parent Relationship": "Outer", "Join Type": "Inner", "Startup Cost": 0.0, "Total Cost": 726568.17, "Plan Rows": 1, "Plan Width": 44, "Actual Startup Time": 0.104, "Actual Total Time": 17168.627, "Actual Rows": 3256948, "Actual Loops": 1, "Inner Unique": false, "Join Filter": "(supplier.s_suppkey = lineitem.l_suppkey)", "Rows Removed by Join Filter": 0, "Plans": [{"Node Type": "Nested Loop", "Parent Relationship": "Outer", "Join Type": "Inner", "Startup Cost": 0.0, "Total Cost": 582819.16, "Plan Rows": 125630, "Plan Width": 44, "Actual Startup Time": 0.079, "Actual Total Time": 4564.722, "Actual Rows": 434204, "Actual Loops": 1, "Inner Unique": true, "Plans": [{"Node Type": "Nested Loop", "Parent Relationship": "Outer", "Join Type": "Inner", "Startup Cost": 0.0, "Total Cost": 509766.04, "Plan Rows": 259666, "Plan Width": 32, "Actual Startup Time": 0.065, "Actual Total Time": 2373.393, "Actual Rows": 434204, "Actual Loops": 1, "Inner Unique": false, "Plans": [{"Node Type": "Seq Scan", "Parent Relationship": "Outer", "Relation Name": "part", "Alias": "part", "Startup Cost": 0.0, "Total Cost": 66944.0, "Plan Rows": 89888, "Plan Width": 8, "Actual Startup Time": 0.036, "Actual Total Time": 1132.759, "Actual Rows": 108551, "Actual Loops": 1, "Filter": "((p_name)::text ~~ '%dim%'::text)", "Rows Removed by Filter": 1891449}, {"Node Type": "Index Scan", "Parent Relationship": "Inner", "Scan Direction": "Forward", "Index Name": "idx_partsupp_partkey", "Relation Name": "partsupp", "Alias": "partsupp", "Startup Cost": 0.0, "Total Cost": 4.9, "Plan Rows": 3, "Plan Width": 24, "Actual Startup Time": 695.572, "Actual Total Time": 1016.172, "Actual Rows": 434204, "Actual Loops": 108551, "Index Cond": "(ps_partkey = part.p_partkey)", "Rows Removed by Index Recheck": 0}]}, {"Node Type": "Index Scan", "Parent Relationship": "Inner", "Scan Direction": "Forward", "Index Name": "supplier_pkey", "Relation Name": "supplier", "Alias": "supplier", "Startup Cost": 0.0, "Total Cost": 0.27, "Plan Rows": 1, "Plan Width": 12, "Actual Startup Time": 1729.514, "Actual Total Time": 1729.514, "Actual Rows": 434204, "Actual Loops": 434204, "Index Cond": "(s_suppkey = partsupp.ps_suppkey)", "Rows Removed by Index Recheck": 0}]}, {"Node Type": "Index Scan", "Parent Relationship": "Inner", "Scan Direction": "Forward", "Index Name": "idx_lineitem_part_supp", "Relation Name": "lineitem", "Alias": "lineitem", "Startup Cost": 0.0, "Total Cost": 1.13, "Plan Rows": 1, "Plan Width": 48, "Actual Startup Time": 3165.055, "Actual Total Time": 10945.61, "Actual Rows": 3256948, "Actual Loops": 434204, "Index Cond": "((l_partkey = partsupp.ps_partkey) AND (l_suppkey = partsupp.ps_suppkey))", "Rows Removed by Index Recheck": 0}]}, {"Node Type": "Index Scan", "Parent Relationship": "Inner", "Scan Direction": "Forward", "Index Name": "orders_pkey", "Relation Name": "orders", "Alias": "orders", "Startup Cost": 0.0, "Total Cost": 0.29, "Plan Rows": 1, "Plan Width": 16, "Actual Startup Time": 25171.519, "Actual Total Time": 25171.519, "Actual Rows": 3256948, "Actual Loops": 3256948, "Index Cond": "(o_orderkey = lineitem.l_orderkey)", "Rows Removed by Index Recheck": 0}]}, {"Node Type": "Index Scan", "Parent Relationship": "Inner", "Scan Direction": "Forward", "Index Name": "nation_pkey", "Relation Name": "nation", "Alias": "nation", "Startup Cost": 0.0, "Total Cost": 0.27, "Plan Rows": 1, "Plan Width": 30, "Actual Startup Time": 4751.591, "Actual Total Time": 4751.591, "Actual Rows": 3256948, "Actual Loops": 3256948, "Index Cond": "(n_nationkey = supplier.s_nationkey)", "Rows Removed by Index Recheck": 0}]}]}]}, "Triggers": [], "Planner Runtime": 11.688, "Total Runtime": 57925.461, "Unique SQL Id": 3628361425}}, "(16, 125)": {"explain_plan": {"Plan": {"Node Type": "Sort", "Startup Cost": 765428.04, "Total Cost": 765428.05, "Plan Rows": 1, "Plan Width": 74, "Sort Key": ["nation.n_name", "(date_part('year'::text, orders.o_orderdate)) DESC"], "Plans": [{"Node Type": "Aggregate", "Strategy": "Hashed", "Parent Relationship": "Outer", "Startup Cost": 765428.02, "Total Cost": 765428.03, "Plan Rows": 1, "Plan Width": 74, "Group By Key": ["nation.n_name", "date_part('year'::text, orders.o_orderdate)"], "Plans": [{"Node Type": "Nested Loop", "Parent Relationship": "Outer", "Join Type": "Inner", "Startup Cost": 0.0, "Total Cost": 765428.0, "Plan Rows": 1, "Plan Width": 66, "Inner Unique": true, "Plans": [{"Node Type": "Nested Loop", "Parent Relationship": "Outer", "Join Type": "Inner", "Startup Cost": 0.0, "Total Cost": 765427.72, "Plan Rows": 1, "Plan Width": 44, "Inner Unique": true, "Plans": [{"Node Type": "Nested Loop", "Parent Relationship": "Outer", "Join Type": "Inner", "Startup Cost": 0.0, "Total Cost": 765427.42, "Plan Rows": 1, "Plan Width": 44, "Inner Unique": false, "Join Filter": "(supplier.s_suppkey = lineitem.l_suppkey)", "Plans": [{"Node Type": "Nested Loop", "Parent Relationship": "Outer", "Join Type": "Inner", "Startup Cost": 0.0, "Total Cost": 621678.41, "Plan Rows": 125630, "Plan Width": 44, "Inner Unique": true, "Plans": [{"Node Type": "Nested Loop", "Parent Relationship": "Outer", "Join Type": "Inner", "Startup Cost": 0.0, "Total Cost": 548625.29, "Plan Rows": 259666, "Plan Width": 32, "Inner Unique": false, "Plans": [{"Node Type": "Index Scan", "Parent Relationship": "Outer", "Scan Direction": "Forward", "Index Name": "part_kpey", "Relation Name": "part", "Alias": "part", "Startup Cost": 0.0, "Total Cost": 105803.25, "Plan Rows": 89888, "Plan Width": 8, "Filter": "((p_name)::text ~~ '%dim%'::text)"}, {"Node Type": "Index Scan", "Parent Relationship": "Inner", "Scan Direction": "Forward", "Index Name": "idx_partsupp_partkey", "Relation Name": "partsupp", "Alias": "partsupp", "Startup Cost": 0.0, "Total Cost": 4.9, "Plan Rows": 3, "Plan Width": 24, "Index Cond": "(ps_partkey = part.p_partkey)"}]}, {"Node Type": "Index Scan", "Parent Relationship": "Inner", "Scan Direction": "Forward", "Index Name": "supplier_pkey", "Relation Name": "supplier", "Alias": "supplier", "Startup Cost": 0.0, "Total Cost": 0.27, "Plan Rows": 1, "Plan Width": 12, "Index Cond": "(s_suppkey = partsupp.ps_suppkey)"}]}, {"Node Type": "Index Scan", "Parent Relationship": "Inner", "Scan Direction": "Forward", "Index Name": "idx_lineitem_part_supp", "Relation Name": "lineitem", "Alias": "lineitem", "Startup Cost": 0.0, "Total Cost": 1.13, "Plan Rows": 1, "Plan Width": 48, "Index Cond": "((l_partkey = partsupp.ps_partkey) AND (l_suppkey = partsupp.ps_suppkey))"}]}, {"Node Type": "Index Scan", "Parent Relationship": "Inner", "Scan Direction": "Forward", "Index Name": "orders_pkey", "Relation Name": "orders", "Alias": "orders", "Startup Cost": 0.0, "Total Cost": 0.29, "Plan Rows": 1, "Plan Width": 16, "Index Cond": "(o_orderkey = lineitem.l_orderkey)"}]}, {"Node Type": "Index Scan", "Parent Relationship": "Inner", "Scan Direction": "Forward", "Index Name": "nation_pkey", "Relation Name": "nation", "Alias": "nation", "Startup Cost": 0.0, "Total Cost": 0.27, "Plan Rows": 1, "Plan Width": 30, "Index Cond": "(n_nationkey = supplier.s_nationkey)"}]}]}]}, "Unique SQL Id": 3628361425}, "explain_analyze_plan": {"Plan": {"Node Type": "Sort", "Startup Cost": 765428.04, "Total Cost": 765428.05, "Plan Rows": 1, "Plan Width": 74, "Actual Startup Time": 58889.083, "Actual Total Time": 58889.096, "Actual Rows": 175, "Actual Loops": 1, "Sort Key": ["nation.n_name", "(date_part('year'::text, orders.o_orderdate)) DESC"], "Sort Method": "quicksort", "Sort Space Used": 52, "Sort Space Type": "Memory", "Plans": [{"Node Type": "Aggregate", "Strategy": "Hashed", "Parent Relationship": "Outer", "Startup Cost": 765428.02, "Total Cost": 765428.03, "Plan Rows": 1, "Plan Width": 74, "Actual Startup Time": 58888.588, "Actual Total Time": 58888.66, "Actual Rows": 175, "Actual Loops": 1, "Group By Key": ["nation.n_name", "date_part('year'::text, orders.o_orderdate)"], "Plans": [{"Node Type": "Nested Loop", "Parent Relationship": "Outer", "Join Type": "Inner", "Startup Cost": 0.0, "Total Cost": 765428.0, "Plan Rows": 1, "Plan Width": 66, "Actual Startup Time": 0.149, "Actual Total Time": 54820.433, "Actual Rows": 3256948, "Actual Loops": 1, "Inner Unique": true, "Plans": [{"Node Type": "Nested Loop", "Parent Relationship": "Outer", "Join Type": "Inner", "Startup Cost": 0.0, "Total Cost": 765427.72, "Plan Rows": 1, "Plan Width": 44, "Actual Startup Time": 0.131, "Actual Total Time": 45890.672, "Actual Rows": 3256948, "Actual Loops": 1, "Inner Unique": true, "Plans": [{"Node Type": "Nested Loop", "Parent Relationship": "Outer", "Join Type": "Inner", "Startup Cost": 0.0, "Total Cost": 765427.42, "Plan Rows": 1, "Plan Width": 44, "Actual Startup Time": 0.111, "Actual Total Time": 17776.727, "Actual Rows": 3256948, "Actual Loops": 1, "Inner Unique": false, "Join Filter": "(supplier.s_suppkey = lineitem.l_suppkey)", "Rows Removed by Join Filter": 0, "Plans": [{"Node Type": "Nested Loop", "Parent Relationship": "Outer", "Join Type": "Inner", "Startup Cost": 0.0, "Total Cost": 621678.41, "Plan Rows": 125630, "Plan Width": 44, "Actual Startup Time": 0.094, "Actual Total Time": 5140.472, "Actual Rows": 434204, "Actual Loops": 1, "Inner Unique": true, "Plans": [{"Node Type": "Nested Loop", "Parent Relationship": "Outer", "Join Type": "Inner", "Startup Cost": 0.0, "Total Cost": 548625.29, "Plan Rows": 259666, "Plan Width": 32, "Actual Startup Time": 0.082, "Actual Total Time": 2954.041, "Actual Rows": 434204, "Actual Loops": 1, "Inner Unique": false, "Plans": [{"Node Type": "Index Scan", "Parent Relationship": "Outer", "Scan Direction": "Forward", "Index Name": "part_kpey", "Relation Name": "part", "Alias": "part", "Startup Cost": 0.0, "Total Cost": 105803.25, "Plan Rows": 89888, "Plan Width": 8, "Actual Startup Time": 0.059, "Actual Total Time": 1736.225, "Actual Rows": 108551, "Actual Loops": 1, "Filter": "((p_name)::text ~~ '%dim%'::text)", "Rows Removed by Filter": 1891449}, {"Node Type": "Index Scan", "Parent Relationship": "Inner", "Scan Direction": "Forward", "Index Name": "idx_partsupp_partkey", "Relation Name": "partsupp", "Alias": "partsupp", "Startup Cost": 0.0, "Total Cost": 4.9, "Plan Rows": 3, "Plan Width": 24, "Actual Startup Time": 689.993, "Actual Total Time": 1002.482, "Actual Rows": 434204, "Actual Loops": 108551, "Index Cond": "(ps_partkey = part.p_partkey)", "Rows Removed by Index Recheck": 0}]}, {"Node Type": "Index Scan", "Parent Relationship": "Inner", "Scan Direction": "Forward", "Index Name": "supplier_pkey", "Relation Name": "supplier", "Alias": "supplier", "Startup Cost": 0.0, "Total Cost": 0.27, "Plan Rows": 1, "Plan Width": 12, "Actual Startup Time": 1736.282, "Actual Total Time": 1736.282, "Actual Rows": 434204, "Actual Loops": 434204, "Index Cond": "(s_suppkey = partsupp.ps_suppkey)", "Rows Removed by Index Recheck": 0}]}, {"Node Type": "Index Scan", "Parent Relationship": "Inner", "Scan Direction": "Forward", "Index Name": "idx_lineitem_part_supp", "Relation Name": "lineitem", "Alias": "lineitem", "Startup Cost": 0.0, "Total Cost": 1.13, "Plan Rows": 1, "Plan Width": 48, "Actual Startup Time": 3134.972, "Actual Total Time": 10939.244, "Actual Rows": 3256948, "Actual Loops": 434204, "Index Cond": "((l_partkey = partsupp.ps_partkey) AND (l_suppkey = partsupp.ps_suppkey))", "Rows Removed by Index Recheck": 0}]}, {"Node Type": "Index Scan", "Parent Relationship": "Inner", "Scan Direction": "Forward", "Index Name": "orders_pkey", "Relation Name": "orders", "Alias": "orders", "Startup Cost": 0.0, "Total Cost": 0.29, "Plan Rows": 1, "Plan Width": 16, "Actual Startup Time": 25270.281, "Actual Total Time": 25270.281, "Actual Rows": 3256948, "Actual Loops": 3256948, "Index Cond": "(o_orderkey = lineitem.l_orderkey)", "Rows Removed by Index Recheck": 0}]}, {"Node Type": "Index Scan", "Parent Relationship": "Inner", "Scan Direction": "Forward", "Index Name": "nation_pkey", "Relation Name": "nation", "Alias": "nation", "Startup Cost": 0.0, "Total Cost": 0.27, "Plan Rows": 1, "Plan Width": 30, "Actual Startup Time": 4732.964, "Actual Total Time": 4732.964, "Actual Rows": 3256948, "Actual Loops": 3256948, "Index Cond": "(n_nationkey = supplier.s_nationkey)", "Rows Removed by Index Recheck": 0}]}]}]}, "Triggers": [], "Planner Runtime": 11.43, "Total Runtime": 58889.458, "Unique SQL Id": 3628361425}}, "(16, 126)": {"explain_plan": {"Plan": {"Node Type": "Sort", "Startup Cost": 98266689006.74, "Total Cost": 98266689006.74, "Plan Rows": 1, "Plan Width": 74, "Sort Key": ["nation.n_name", "(date_part('year'::text, orders.o_orderdate)) DESC"], "Plans": [{"Node Type": "Aggregate", "Strategy": "Hashed", "Parent Relationship": "Outer", "Startup Cost": 98266689006.72, "Total Cost": 98266689006.73, "Plan Rows": 1, "Plan Width": 74, "Group By Key": ["nation.n_name", "date_part('year'::text, orders.o_orderdate)"], "Plans": [{"Node Type": "Nested Loop", "Parent Relationship": "Outer", "Join Type": "Inner", "Startup Cost": 0.0, "Total Cost": 98266689006.7, "Plan Rows": 1, "Plan Width": 66, "Inner Unique": true, "Join Filter": "(supplier.s_nationkey = nation.n_nationkey)", "Plans": [{"Node Type": "Nested Loop", "Parent Relationship": "Outer", "Join Type": "Inner", "Startup Cost": 0.0, "Total Cost": 98266689005.13, "Plan Rows": 1, "Plan Width": 44, "Inner Unique": true, "Join Filter": "(lineitem.l_orderkey = orders.o_orderkey)", "Plans": [{"Node Type": "Nested Loop", "Parent Relationship": "Outer", "Join Type": "Inner", "Startup Cost": 0.0, "Total Cost": 98266075097.86, "Plan Rows": 1, "Plan Width": 44, "Inner Unique": false, "Join Filter": "((lineitem.l_suppkey = partsupp.ps_suppkey) AND (lineitem.l_partkey = partsupp.ps_partkey))", "Plans": [{"Node Type": "Seq Scan", "Parent Relationship": "Outer", "Relation Name": "partsupp", "Alias": "partsupp", "Startup Cost": 0.0, "Total Cost": 269987.72, "Plan Rows": 8000372, "Plan Width": 24}, {"Node Type": "Materialize", "Parent Relationship": "Inner", "Startup Cost": 0.0, "Total Cost": 81627151745.82, "Plan Rows": 118842, "Plan Width": 68, "Plans": [{"Node Type": "Nested Loop", "Parent Relationship": "Outer", "Join Type": "Inner", "Startup Cost": 0.0, "Total Cost": 81627151151.61, "Plan Rows": 118842, "Plan Width": 68, "Inner Unique": true, "Join Filter": "(lineitem.l_suppkey = supplier.s_suppkey), (LLVM Optimized)", "Plans": [{"Node Type": "Nested Loop", "Parent Relationship": "Outer", "Join Type": "Inner", "Startup Cost": 0.0, "Total Cost": 80883798618.61, "Plan Rows": 495566, "Plan Width": 56, "Inner Unique": true, "Join Filter": "(part.p_partkey = lineitem.l_partkey), (LLVM Optimized)", "Plans": [{"Node Type": "Seq Scan", "Parent Relationship": "Outer", "Relation Name": "lineitem", "Alias": "lineitem", "Startup Cost": 0.0, "Total Cost": 2015115.33, "Plan Rows": 59987033, "Plan Width": 48}, {"Node Type": "Materialize", "Parent Relationship": "Inner", "Startup Cost": 0.0, "Total Cost": 67393.44, "Plan Rows": 89888, "Plan Width": 8, "Plans": [{"Node Type": "Seq Scan", "Parent Relationship": "Outer", "Relation Name": "part", "Alias": "part", "Startup Cost": 0.0, "Total Cost": 66944.0, "Plan Rows": 89888, "Plan Width": 8, "Filter": "((p_name)::text ~~ '%dim%'::text)"}]}]}, {"Node Type": "Materialize", "Parent Relationship": "Inner", "Startup Cost": 0.0, "Total Cost": 3783.0, "Plan Rows": 100000, "Plan Width": 12, "Plans": [{"Node Type": "Seq Scan", "Parent Relationship": "Outer", "Relation Name": "supplier", "Alias": "supplier", "Startup Cost": 0.0, "Total Cost": 3283.0, "Plan Rows": 100000, "Plan Width": 12}]}]}]}]}, {"Node Type": "Seq Scan", "Parent Relationship": "Inner", "Relation Name": "orders", "Alias": "orders", "Startup Cost": 0.0, "Total Cost": 426413.79, "Plan Rows": 14999479, "Plan Width": 16}]}, {"Node Type": "Seq Scan", "Parent Relationship": "Inner", "Relation Name": "nation", "Alias": "nation", "Startup Cost": 0.0, "Total Cost": 1.25, "Plan Rows": 25, "Plan Width": 30}]}]}]}, "Unique SQL Id": 3628361425}, "explain_analyze_plan": null}, "(16, 127)": {"explain_plan": {"Plan": {"Node Type": "Sort", "Startup Cost": 6098670509645.03, "Total Cost": 6098670509645.03, "Plan Rows": 1, "Plan Width": 74, "Sort Key": ["nation.n_name", "(date_part('year'::text, orders.o_orderdate)) DESC"], "Plans": [{"Node Type": "Aggregate", "Strategy": "Hashed", "Parent Relationship": "Outer", "Startup Cost": 6098670509645.0, "Total Cost": 6098670509645.02, "Plan Rows": 1, "Plan Width": 74, "Group By Key": ["nation.n_name", "date_part('year'::text, orders.o_orderdate)"], "Plans": [{"Node Type": "Nested Loop", "Parent Relationship": "Outer", "Join Type": "Inner", "Startup Cost": 60000000000.0, "Total Cost": 6098670509644.99, "Plan Rows": 1, "Plan Width": 66, "Inner Unique": true, "Plans": [{"Node Type": "Nested Loop", "Parent Relationship": "Outer", "Join Type": "Inner", "Startup Cost": 50000000000.0, "Total Cost": 5098670509615.75, "Plan Rows": 1, "Plan Width": 66, "Inner Unique": true, "Plans": [{"Node Type": "Nested Loop", "Parent Relationship": "Outer", "Join Type": "Inner", "Startup Cost": 40000000000.0, "Total Cost": 4098670509588.73, "Plan Rows": 1, "Plan Width": 44, "Inner Unique": true, "Join Filter": "((lineitem.l_suppkey = partsupp.ps_suppkey) AND (lineitem.l_partkey = partsupp.ps_partkey))", "Plans": [{"Node Type": "Nested Loop", "Parent Relationship": "Outer", "Join Type": "Inner", "Startup Cost": 30000000000.0, "Total Cost": 3081960194963.16, "Plan Rows": 118842, "Plan Width": 68, "Inner Unique": true, "Join Filter": "(lineitem.l_suppkey = supplier.s_suppkey), (LLVM Optimized)", "Plans": [{"Node Type": "Nested Loop", "Parent Relationship": "Outer", "Join Type": "Inner", "Startup Cost": 20000000000.0, "Total Cost": 2081216312258.78, "Plan Rows": 495566, "Plan Width": 56, "Inner Unique": true, "Join Filter": "(part.p_partkey = lineitem.l_partkey), (LLVM Optimized)", "Plans": [{"Node Type": "Index Scan", "Parent Relationship": "Outer", "Scan Direction": "Forward", "Index Name": "idx_lineitem_orderkey", "Relation Name": "lineitem", "Alias": "lineitem", "Startup Cost": 10000000000.0, "Total Cost": 1000324015374.5, "Plan Rows": 59987033, "Plan Width": 48}, {"Node Type": "Materialize", "Parent Relationship": "Inner", "Startup Cost": 10000000000.0, "Total Cost": 1000010580774.44, "Plan Rows": 89888, "Plan Width": 8, "Plans": [{"Node Type": "Index Scan", "Parent Relationship": "Outer", "Scan Direction": "Forward", "Index Name": "part_kpey", "Relation Name": "part", "Alias": "part", "Startup Cost": 10000000000.0, "Total Cost": 1000010580325.0, "Plan Rows": 89888, "Plan Width": 8, "Filter": "((p_name)::text ~~ '%dim%'::text)"}]}]}, {"Node Type": "Materialize", "Parent Relationship": "Inner", "Startup Cost": 10000000000.0, "Total Cost": 1000000533954.38, "Plan Rows": 100000, "Plan Width": 12, "Plans": [{"Node Type": "Index Scan", "Parent Relationship": "Outer", "Scan Direction": "Forward", "Index Name": "supplier_pkey", "Relation Name": "supplier", "Alias": "supplier", "Startup Cost": 10000000000.0, "Total Cost": 1000000533454.38, "Plan Rows": 100000, "Plan Width": 12}]}]}, {"Node Type": "Materialize", "Parent Relationship": "Inner", "Startup Cost": 10000000000.0, "Total Cost": 1000071680965.08, "Plan Rows": 8000372, "Plan Width": 24, "Plans": [{"Node Type": "Index Scan", "Parent Relationship": "Outer", "Scan Direction": "Forward", "Index Name": "partsupp_pkey", "Relation Name": "partsupp", "Alias": "partsupp", "Startup Cost": 10000000000.0, "Total Cost": 1000071640963.22, "Plan Rows": 8000372, "Plan Width": 24}]}]}, {"Node Type": "Index Scan", "Parent Relationship": "Inner", "Scan Direction": "Forward", "Index Name": "nation_pkey", "Relation Name": "nation", "Alias": "nation", "Startup Cost": 10000000000.0, "Total Cost": 1000000000027.01, "Plan Rows": 1, "Plan Width": 30, "Index Cond": "(n_nationkey = supplier.s_nationkey)"}]}, {"Node Type": "Index Scan", "Parent Relationship": "Inner", "Scan Direction": "Forward", "Index Name": "orders_pkey", "Relation Name": "orders", "Alias": "orders", "Startup Cost": 10000000000.0, "Total Cost": 1000000000029.23, "Plan Rows": 1, "Plan Width": 16, "Index Cond": "(o_orderkey = lineitem.l_orderkey)"}]}]}]}, "Unique SQL Id": 3628361425}, "explain_analyze_plan": null}, "(64, 0)": {"explain_plan": {"Plan": {"Node Type": "Sort", "Startup Cost": 521166.05, "Total Cost": 521166.06, "Plan Rows": 1, "Plan Width": 74, "Sort Key": ["nation.n_name", "(date_part('year'::text, orders.o_orderdate)) DESC"], "Plans": [{"Node Type": "Aggregate", "Strategy": "Hashed", "Parent Relationship": "Outer", "Startup Cost": 521166.03, "Total Cost": 521166.04, "Plan Rows": 1, "Plan Width": 74, "Group By Key": ["nation.n_name", "date_part('year'::text, orders.o_orderdate)"], "Plans": [{"Node Type": "Nested Loop", "Parent Relationship": "Outer", "Join Type": "Inner", "Startup Cost": 72600.6, "Total Cost": 521166.01, "Plan Rows": 1, "Plan Width": 66, "Inner Unique": true, "Plans": [{"Node Type": "Nested Loop", "Parent Relationship": "Outer", "Join Type": "Inner", "Startup Cost": 72600.6, "Total Cost": 521165.73, "Plan Rows": 1, "Plan Width": 44, "Inner Unique": true, "Plans": [{"Node Type": "Nested Loop", "Parent Relationship": "Outer", "Join Type": "Inner", "Startup Cost": 72600.6, "Total Cost": 521165.43, "Plan Rows": 1, "Plan Width": 44, "Inner Unique": false, "Join Filter": "(supplier.s_suppkey = lineitem.l_suppkey)", "Plans": [{"Node Type": "Hash Join", "Parent Relationship": "Outer", "Join Type": "Inner", "Startup Cost": 72600.6, "Total Cost": 377416.42, "Plan Rows": 125630, "Plan Width": 44, "Inner Unique": true, "Hash Cond": "(partsupp.ps_suppkey = supplier.s_suppkey), (LLVM Optimized)", "Plans": [{"Node Type": "Hash Join", "Parent Relationship": "Outer", "Join Type": "Inner", "Startup Cost": 68067.6, "Total Cost": 370653.38, "Plan Rows": 259666, "Plan Width": 32, "Inner Unique": true, "Hash Cond": "(partsupp.ps_partkey = part.p_partkey), (LLVM Optimized)", "Plans": [{"Node Type": "Seq Scan", "Parent Relationship": "Outer", "Relation Name": "partsupp", "Alias": "partsupp", "Startup Cost": 0.0, "Total Cost": 269987.72, "Plan Rows": 8000372, "Plan Width": 24}, {"Node Type": "Hash", "Parent Relationship": "Inner", "Startup Cost": 66944.0, "Total Cost": 66944.0, "Plan Rows": 89888, "Plan Width": 8, "Plans": [{"Node Type": "Seq Scan", "Parent Relationship": "Outer", "Relation Name": "part", "Alias": "part", "Startup Cost": 0.0, "Total Cost": 66944.0, "Plan Rows": 89888, "Plan Width": 8, "Filter": "((p_name)::text ~~ '%dim%'::text)"}]}]}, {"Node Type": "Hash", "Parent Relationship": "Inner", "Startup Cost": 3283.0, "Total Cost": 3283.0, "Plan Rows": 100000, "Plan Width": 12, "Plans": [{"Node Type": "Seq Scan", "Parent Relationship": "Outer", "Relation Name": "supplier", "Alias": "supplier", "Startup Cost": 0.0, "Total Cost": 3283.0, "Plan Rows": 100000, "Plan Width": 12}]}]}, {"Node Type": "Index Scan", "Parent Relationship": "Inner", "Scan Direction": "Forward", "Index Name": "idx_lineitem_part_supp", "Relation Name": "lineitem", "Alias": "lineitem", "Startup Cost": 0.0, "Total Cost": 1.13, "Plan Rows": 1, "Plan Width": 48, "Index Cond": "((l_partkey = partsupp.ps_partkey) AND (l_suppkey = partsupp.ps_suppkey))"}]}, {"Node Type": "Index Scan", "Parent Relationship": "Inner", "Scan Direction": "Forward", "Index Name": "orders_pkey", "Relation Name": "orders", "Alias": "orders", "Startup Cost": 0.0, "Total Cost": 0.29, "Plan Rows": 1, "Plan Width": 16, "Index Cond": "(o_orderkey = lineitem.l_orderkey)"}]}, {"Node Type": "Index Scan", "Parent Relationship": "Inner", "Scan Direction": "Forward", "Index Name": "nation_pkey", "Relation Name": "nation", "Alias": "nation", "Startup Cost": 0.0, "Total Cost": 0.27, "Plan Rows": 1, "Plan Width": 30, "Index Cond": "(n_nationkey = supplier.s_nationkey)"}]}]}]}, "Unique SQL Id": 3628361425}, "explain_analyze_plan": {"Plan": {"Node Type": "Sort", "Startup Cost": 521166.05, "Total Cost": 521166.06, "Plan Rows": 1, "Plan Width": 74, "Actual Startup Time": 58932.736, "Actual Total Time": 58932.749, "Actual Rows": 175, "Actual Loops": 1, "Sort Key": ["nation.n_name", "(date_part('year'::text, orders.o_orderdate)) DESC"], "Sort Method": "quicksort", "Sort Space Used": 52, "Sort Space Type": "Memory", "Plans": [{"Node Type": "Aggregate", "Strategy": "Hashed", "Parent Relationship": "Outer", "Startup Cost": 521166.03, "Total Cost": 521166.04, "Plan Rows": 1, "Plan Width": 74, "Actual Startup Time": 58932.337, "Actual Total Time": 58932.379, "Actual Rows": 175, "Actual Loops": 1, "Group By Key": ["nation.n_name", "date_part('year'::text, orders.o_orderdate)"], "Plans": [{"Node Type": "Nested Loop", "Parent Relationship": "Outer", "Join Type": "Inner", "Startup Cost": 72600.6, "Total Cost": 521166.01, "Plan Rows": 1, "Plan Width": 66, "Actual Startup Time": 1103.433, "Actual Total Time": 55092.664, "Actual Rows": 3256948, "Actual Loops": 1, "Inner Unique": true, "Plans": [{"Node Type": "Nested Loop", "Parent Relationship": "Outer", "Join Type": "Inner", "Startup Cost": 72600.6, "Total Cost": 521165.73, "Plan Rows": 1, "Plan Width": 44, "Actual Startup Time": 1103.363, "Actual Total Time": 46615.878, "Actual Rows": 3256948, "Actual Loops": 1, "Inner Unique": true, "Plans": [{"Node Type": "Nested Loop", "Parent Relationship": "Outer", "Join Type": "Inner", "Startup Cost": 72600.6, "Total Cost": 521165.43, "Plan Rows": 1, "Plan Width": 44, "Actual Startup Time": 1103.339, "Actual Total Time": 18831.717, "Actual Rows": 3256948, "Actual Loops": 1, "Inner Unique": false, "Join Filter": "(supplier.s_suppkey = lineitem.l_suppkey)", "Rows Removed by Join Filter": 0, "Plans": [{"Node Type": "Hash Join", "Parent Relationship": "Outer", "Join Type": "Inner", "Startup Cost": 72600.6, "Total Cost": 377416.42, "Plan Rows": 125630, "Plan Width": 44, "Actual Startup Time": 1103.287, "Actual Total Time": 6244.441, "Actual Rows": 434204, "Actual Loops": 1, "Inner Unique": true, "Hash Cond": "(partsupp.ps_suppkey = supplier.s_suppkey), (LLVM Optimized, Jit Execute)", "Plans": [{"Node Type": "Hash Join", "Parent Relationship": "Outer", "Join Type": "Inner", "Startup Cost": 68067.6, "Total Cost": 370653.38, "Plan Rows": 259666, "Plan Width": 32, "Actual Startup Time": 1038.788, "Actual Total Time": 5788.774, "Actual Rows": 434204, "Actual Loops": 1, "Inner Unique": true, "Hash Cond": "(partsupp.ps_partkey = part.p_partkey), (LLVM Optimized, Jit Execute)", "Plans": [{"Node Type": "Seq Scan", "Parent Relationship": "Outer", "Relation Name": "partsupp", "Alias": "partsupp", "Startup Cost": 0.0, "Total Cost": 269987.72, "Plan Rows": 8000372, "Plan Width": 24, "Actual Startup Time": 0.012, "Actual Total Time": 2567.433, "Actual Rows": 8000000, "Actual Loops": 1}, {"Node Type": "Hash", "Parent Relationship": "Inner", "Startup Cost": 66944.0, "Total Cost": 66944.0, "Plan Rows": 89888, "Plan Width": 8, "Actual Startup Time": 1038.64, "Actual Total Time": 1038.64, "Actual Rows": 108551, "Actual Loops": 1, "Hash Buckets": 131072, "Hash Batches": 1, "Original Hash Batches": 1, "Peak Memory Usage": 4241, "Plans": [{"Node Type": "Seq Scan", "Parent Relationship": "Outer", "Relation Name": "part", "Alias": "part", "Startup Cost": 0.0, "Total Cost": 66944.0, "Plan Rows": 89888, "Plan Width": 8, "Actual Startup Time": 0.042, "Actual Total Time": 1000.506, "Actual Rows": 108551, "Actual Loops": 1, "Filter": "((p_name)::text ~~ '%dim%'::text)", "Rows Removed by Filter": 1891449}]}]}, {"Node Type": "Hash", "Parent Relationship": "Inner", "Startup Cost": 3283.0, "Total Cost": 3283.0, "Plan Rows": 100000, "Plan Width": 12, "Actual Startup Time": 64.394, "Actual Total Time": 64.394, "Actual Rows": 100000, "Actual Loops": 1, "Hash Buckets": 131072, "Hash Batches": 1, "Original Hash Batches": 1, "Peak Memory Usage": 4297, "Plans": [{"Node Type": "Seq Scan", "Parent Relationship": "Outer", "Relation Name": "supplier", "Alias": "supplier", "Startup Cost": 0.0, "Total Cost": 3283.0, "Plan Rows": 100000, "Plan Width": 12, "Actual Startup Time": 0.03, "Actual Total Time": 36.628, "Actual Rows": 100000, "Actual Loops": 1}]}]}, {"Node Type": "Index Scan", "Parent Relationship": "Inner", "Scan Direction": "Forward", "Index Name": "idx_lineitem_part_supp", "Relation Name": "lineitem", "Alias": "lineitem", "Startup Cost": 0.0, "Total Cost": 1.13, "Plan Rows": 1, "Plan Width": 48, "Actual Startup Time": 3128.663, "Actual Total Time": 10882.76, "Actual Rows": 3256948, "Actual Loops": 434204, "Index Cond": "((l_partkey = partsupp.ps_partkey) AND (l_suppkey = partsupp.ps_suppkey))", "Rows Removed by Index Recheck": 0}]}, {"Node Type": "Index Scan", "Parent Relationship": "Inner", "Scan Direction": "Forward", "Index Name": "orders_pkey", "Relation Name": "orders", "Alias": "orders", "Startup Cost": 0.0, "Total Cost": 0.29, "Plan Rows": 1, "Plan Width": 16, "Actual Startup Time": 24997.016, "Actual Total Time": 24997.016, "Actual Rows": 3256948, "Actual Loops": 3256948, "Index Cond": "(o_orderkey = lineitem.l_orderkey)", "Rows Removed by Index Recheck": 0}]}, {"Node Type": "Index Scan", "Parent Relationship": "Inner", "Scan Direction": "Forward", "Index Name": "nation_pkey", "Relation Name": "nation", "Alias": "nation", "Startup Cost": 0.0, "Total Cost": 0.27, "Plan Rows": 1, "Plan Width": 30, "Actual Startup Time": 4454.455, "Actual Total Time": 4454.455, "Actual Rows": 3256948, "Actual Loops": 3256948, "Index Cond": "(n_nationkey = supplier.s_nationkey)", "Rows Removed by Index Recheck": 0}]}]}]}, "Triggers": [], "Planner Runtime": 35.792, "Total Runtime": 58943.737, "Unique SQL Id": 3628361425}}, "(64, 1)": {"explain_plan": {"Plan": {"Node Type": "Sort", "Startup Cost": 701189.51, "Total Cost": 701189.52, "Plan Rows": 1, "Plan Width": 74, "Sort Key": ["nation.n_name", "(date_part('year'::text, orders.o_orderdate)) DESC"], "Plans": [{"Node Type": "Aggregate", "Strategy": "Hashed", "Parent Relationship": "Outer", "Startup Cost": 701189.49, "Total Cost": 701189.5, "Plan Rows": 1, "Plan Width": 74, "Group By Key": ["nation.n_name", "date_part('year'::text, orders.o_orderdate)"], "Plans": [{"Node Type": "Nested Loop", "Parent Relationship": "Outer", "Join Type": "Inner", "Startup Cost": 6584.54, "Total Cost": 701189.47, "Plan Rows": 1, "Plan Width": 66, "Inner Unique": true, "Plans": [{"Node Type": "Nested Loop", "Parent Relationship": "Outer", "Join Type": "Inner", "Startup Cost": 6584.54, "Total Cost": 701189.19, "Plan Rows": 1, "Plan Width": 44, "Inner Unique": true, "Plans": [{"Node Type": "Nested Loop", "Parent Relationship": "Outer", "Join Type": "Inner", "Startup Cost": 6584.54, "Total Cost": 701188.89, "Plan Rows": 1, "Plan Width": 44, "Inner Unique": false, "Join Filter": "(supplier.s_suppkey = lineitem.l_suppkey)", "Plans": [{"Node Type": "Hash Join", "Parent Relationship": "Outer", "Join Type": "Inner", "Startup Cost": 6584.54, "Total Cost": 557439.88, "Plan Rows": 125630, "Plan Width": 44, "Inner Unique": true, "Hash Cond": "(partsupp.ps_suppkey = supplier.s_suppkey), (LLVM Optimized)", "Plans": [{"Node Type": "Nested Loop", "Parent Relationship": "Outer", "Join Type": "Inner", "Startup Cost": 0.0, "Total Cost": 548625.29, "Plan Rows": 259666, "Plan Width": 32, "Inner Unique": false, "Plans": [{"Node Type": "Index Scan", "Parent Relationship": "Outer", "Scan Direction": "Forward", "Index Name": "part_kpey", "Relation Name": "part", "Alias": "part", "Startup Cost": 0.0, "Total Cost": 105803.25, "Plan Rows": 89888, "Plan Width": 8, "Filter": "((p_name)::text ~~ '%dim%'::text)"}, {"Node Type": "Index Scan", "Parent Relationship": "Inner", "Scan Direction": "Forward", "Index Name": "idx_partsupp_partkey", "Relation Name": "partsupp", "Alias": "partsupp", "Startup Cost": 0.0, "Total Cost": 4.9, "Plan Rows": 3, "Plan Width": 24, "Index Cond": "(ps_partkey = part.p_partkey)"}]}, {"Node Type": "Hash", "Parent Relationship": "Inner", "Startup Cost": 5334.54, "Total Cost": 5334.54, "Plan Rows": 100000, "Plan Width": 12, "Plans": [{"Node Type": "Index Scan", "Parent Relationship": "Outer", "Scan Direction": "Forward", "Index Name": "supplier_pkey", "Relation Name": "supplier", "Alias": "supplier", "Startup Cost": 0.0, "Total Cost": 5334.54, "Plan Rows": 100000, "Plan Width": 12}]}]}, {"Node Type": "Index Scan", "Parent Relationship": "Inner", "Scan Direction": "Forward", "Index Name": "idx_lineitem_part_supp", "Relation Name": "lineitem", "Alias": "lineitem", "Startup Cost": 0.0, "Total Cost": 1.13, "Plan Rows": 1, "Plan Width": 48, "Index Cond": "((l_partkey = partsupp.ps_partkey) AND (l_suppkey = partsupp.ps_suppkey))"}]}, {"Node Type": "Index Scan", "Parent Relationship": "Inner", "Scan Direction": "Forward", "Index Name": "orders_pkey", "Relation Name": "orders", "Alias": "orders", "Startup Cost": 0.0, "Total Cost": 0.29, "Plan Rows": 1, "Plan Width": 16, "Index Cond": "(o_orderkey = lineitem.l_orderkey)"}]}, {"Node Type": "Index Scan", "Parent Relationship": "Inner", "Scan Direction": "Forward", "Index Name": "nation_pkey", "Relation Name": "nation", "Alias": "nation", "Startup Cost": 0.0, "Total Cost": 0.27, "Plan Rows": 1, "Plan Width": 30, "Index Cond": "(n_nationkey = supplier.s_nationkey)"}]}]}]}, "Unique SQL Id": 3628361425}, "explain_analyze_plan": {"Plan": {"Node Type": "Sort", "Startup Cost": 701189.51, "Total Cost": 701189.52, "Plan Rows": 1, "Plan Width": 74, "Actual Startup Time": 57219.783, "Actual Total Time": 57219.796, "Actual Rows": 175, "Actual Loops": 1, "Sort Key": ["nation.n_name", "(date_part('year'::text, orders.o_orderdate)) DESC"], "Sort Method": "quicksort", "Sort Space Used": 52, "Sort Space Type": "Memory", "Plans": [{"Node Type": "Aggregate", "Strategy": "Hashed", "Parent Relationship": "Outer", "Startup Cost": 701189.49, "Total Cost": 701189.5, "Plan Rows": 1, "Plan Width": 74, "Actual Startup Time": 57219.414, "Actual Total Time": 57219.454, "Actual Rows": 175, "Actual Loops": 1, "Group By Key": ["nation.n_name", "date_part('year'::text, orders.o_orderdate)"], "Plans": [{"Node Type": "Nested Loop", "Parent Relationship": "Outer", "Join Type": "Inner", "Startup Cost": 6584.54, "Total Cost": 701189.47, "Plan Rows": 1, "Plan Width": 66, "Actual Startup Time": 106.96, "Actual Total Time": 53460.735, "Actual Rows": 3256948, "Actual Loops": 1, "Inner Unique": true, "Plans": [{"Node Type": "Nested Loop", "Parent Relationship": "Outer", "Join Type": "Inner", "Startup Cost": 6584.54, "Total Cost": 701189.19, "Plan Rows": 1, "Plan Width": 44, "Actual Startup Time": 106.934, "Actual Total Time": 44656.25, "Actual Rows": 3256948, "Actual Loops": 1, "Inner Unique": true, "Plans": [{"Node Type": "Nested Loop", "Parent Relationship": "Outer", "Join Type": "Inner", "Startup Cost": 6584.54, "Total Cost": 701188.89, "Plan Rows": 1, "Plan Width": 44, "Actual Startup Time": 106.911, "Actual Total Time": 16146.218, "Actual Rows": 3256948, "Actual Loops": 1, "Inner Unique": false, "Join Filter": "(supplier.s_suppkey = lineitem.l_suppkey)", "Rows Removed by Join Filter": 0, "Plans": [{"Node Type": "Hash Join", "Parent Relationship": "Outer", "Join Type": "Inner", "Startup Cost": 6584.54, "Total Cost": 557439.88, "Plan Rows": 125630, "Plan Width": 44, "Actual Startup Time": 106.873, "Actual Total Time": 3440.596, "Actual Rows": 434204, "Actual Loops": 1, "Inner Unique": true, "Hash Cond": "(partsupp.ps_suppkey = supplier.s_suppkey), (LLVM Optimized, Jit Execute)", "Plans": [{"Node Type": "Nested Loop", "Parent Relationship": "Outer", "Join Type": "Inner", "Startup Cost": 0.0, "Total Cost": 548625.29, "Plan Rows": 259666, "Plan Width": 32, "Actual Startup Time": 0.076, "Actual Total Time": 2929.188, "Actual Rows": 434204, "Actual Loops": 1, "Inner Unique": false, "Plans": [{"Node Type": "Index Scan", "Parent Relationship": "Outer", "Scan Direction": "Forward", "Index Name": "part_kpey", "Relation Name": "part", "Alias": "part", "Startup Cost": 0.0, "Total Cost": 105803.25, "Plan Rows": 89888, "Plan Width": 8, "Actual Startup Time": 0.056, "Actual Total Time": 1746.962, "Actual Rows": 108551, "Actual Loops": 1, "Filter": "((p_name)::text ~~ '%dim%'::text)", "Rows Removed by Filter": 1891449}, {"Node Type": "Index Scan", "Parent Relationship": "Inner", "Scan Direction": "Forward", "Index Name": "idx_partsupp_partkey", "Relation Name": "partsupp", "Alias": "partsupp", "Startup Cost": 0.0, "Total Cost": 4.9, "Plan Rows": 3, "Plan Width": 24, "Actual Startup Time": 684.56, "Actual Total Time": 978.245, "Actual Rows": 434204, "Actual Loops": 108551, "Index Cond": "(ps_partkey = part.p_partkey)", "Rows Removed by Index Recheck": 0}]}, {"Node Type": "Hash", "Parent Relationship": "Inner", "Startup Cost": 5334.54, "Total Cost": 5334.54, "Plan Rows": 100000, "Plan Width": 12, "Actual Startup Time": 106.68, "Actual Total Time": 106.68, "Actual Rows": 100000, "Actual Loops": 1, "Hash Buckets": 131072, "Hash Batches": 1, "Original Hash Batches": 1, "Peak Memory Usage": 4297, "Plans": [{"Node Type": "Index Scan", "Parent Relationship": "Outer", "Scan Direction": "Forward", "Index Name": "supplier_pkey", "Relation Name": "supplier", "Alias": "supplier", "Startup Cost": 0.0, "Total Cost": 5334.54, "Plan Rows": 100000, "Plan Width": 12, "Actual Startup Time": 0.02, "Actual Total Time": 78.377, "Actual Rows": 100000, "Actual Loops": 1}]}]}, {"Node Type": "Index Scan", "Parent Relationship": "Inner", "Scan Direction": "Forward", "Index Name": "idx_lineitem_part_supp", "Relation Name": "lineitem", "Alias": "lineitem", "Startup Cost": 0.0, "Total Cost": 1.13, "Plan Rows": 1, "Plan Width": 48, "Actual Startup Time": 3174.504, "Actual Total Time": 11019.482, "Actual Rows": 3256948, "Actual Loops": 434204, "Index Cond": "((l_partkey = partsupp.ps_partkey) AND (l_suppkey = partsupp.ps_suppkey))", "Rows Removed by Index Recheck": 0}]}, {"Node Type": "Index Scan", "Parent Relationship": "Inner", "Scan Direction": "Forward", "Index Name": "orders_pkey", "Relation Name": "orders", "Alias": "orders", "Startup Cost": 0.0, "Total Cost": 0.29, "Plan Rows": 1, "Plan Width": 16, "Actual Startup Time": 25705.885, "Actual Total Time": 25705.885, "Actual Rows": 3256948, "Actual Loops": 3256948, "Index Cond": "(o_orderkey = lineitem.l_orderkey)", "Rows Removed by Index Recheck": 0}]}, {"Node Type": "Index Scan", "Parent Relationship": "Inner", "Scan Direction": "Forward", "Index Name": "nation_pkey", "Relation Name": "nation", "Alias": "nation", "Startup Cost": 0.0, "Total Cost": 0.27, "Plan Rows": 1, "Plan Width": 30, "Actual Startup Time": 4680.015, "Actual Total Time": 4680.015, "Actual Rows": 3256948, "Actual Loops": 3256948, "Index Cond": "(n_nationkey = supplier.s_nationkey)", "Rows Removed by Index Recheck": 0}]}]}]}, "Triggers": [], "Planner Runtime": 33.676, "Total Runtime": 57229.802, "Unique SQL Id": 3628361425}}, "(64, 2)": {"explain_plan": {"Plan": {"Node Type": "Sort", "Startup Cost": 934828.25, "Total Cost": 934828.25, "Plan Rows": 1, "Plan Width": 74, "Sort Key": ["nation.n_name", "(date_part('year'::text, orders.o_orderdate)) DESC"], "Plans": [{"Node Type": "Aggregate", "Strategy": "Hashed", "Parent Relationship": "Outer", "Startup Cost": 934828.22, "Total Cost": 934828.24, "Plan Rows": 1, "Plan Width": 74, "Group By Key": ["nation.n_name", "date_part('year'::text, orders.o_orderdate)"], "Plans": [{"Node Type": "Nested Loop", "Parent Relationship": "Outer", "Join Type": "Inner", "Startup Cost": 72601.27, "Total Cost": 934828.21, "Plan Rows": 1, "Plan Width": 66, "Inner Unique": true, "Join Filter": "(supplier.s_nationkey = nation.n_nationkey)", "Plans": [{"Node Type": "Nested Loop", "Parent Relationship": "Outer", "Join Type": "Inner", "Startup Cost": 72601.27, "Total Cost": 934826.64, "Plan Rows": 1, "Plan Width": 44, "Inner Unique": true, "Plans": [{"Node Type": "Nested Loop", "Parent Relationship": "Outer", "Join Type": "Inner", "Startup Cost": 72601.01, "Total Cost": 934822.36, "Plan Rows": 1, "Plan Width": 44, "Inner Unique": false, "Join Filter": "(supplier.s_suppkey = lineitem.l_suppkey)", "Plans": [{"Node Type": "Hash Join", "Parent Relationship": "Outer", "Join Type": "Inner", "Startup Cost": 72600.6, "Total Cost": 377416.42, "Plan Rows": 125630, "Plan Width": 44, "Inner Unique": true, "Hash Cond": "(partsupp.ps_suppkey = supplier.s_suppkey), (LLVM Optimized)", "Plans": [{"Node Type": "Hash Join", "Parent Relationship": "Outer", "Join Type": "Inner", "Startup Cost": 68067.6, "Total Cost": 370653.38, "Plan Rows": 259666, "Plan Width": 32, "Inner Unique": true, "Hash Cond": "(partsupp.ps_partkey = part.p_partkey), (LLVM Optimized)", "Plans": [{"Node Type": "Seq Scan", "Parent Relationship": "Outer", "Relation Name": "partsupp", "Alias": "partsupp", "Startup Cost": 0.0, "Total Cost": 269987.72, "Plan Rows": 8000372, "Plan Width": 24}, {"Node Type": "Hash", "Parent Relationship": "Inner", "Startup Cost": 66944.0, "Total Cost": 66944.0, "Plan Rows": 89888, "Plan Width": 8, "Plans": [{"Node Type": "Seq Scan", "Parent Relationship": "Outer", "Relation Name": "part", "Alias": "part", "Startup Cost": 0.0, "Total Cost": 66944.0, "Plan Rows": 89888, "Plan Width": 8, "Filter": "((p_name)::text ~~ '%dim%'::text)"}]}]}, {"Node Type": "Hash", "Parent Relationship": "Inner", "Startup Cost": 3283.0, "Total Cost": 3283.0, "Plan Rows": 100000, "Plan Width": 12, "Plans": [{"Node Type": "Seq Scan", "Parent Relationship": "Outer", "Relation Name": "supplier", "Alias": "supplier", "Startup Cost": 0.0, "Total Cost": 3283.0, "Plan Rows": 100000, "Plan Width": 12}]}]}, {"Node Type": "Bitmap Heap Scan", "Parent Relationship": "Inner", "Relation Name": "lineitem", "Alias": "lineitem", "Startup Cost": 0.41, "Total Cost": 4.42, "Plan Rows": 1, "Plan Width": 48, "Recheck Cond": "((l_partkey = partsupp.ps_partkey) AND (l_suppkey = partsupp.ps_suppkey))", "Plans": [{"Node Type": "Bitmap Index Scan", "Parent Relationship": "Outer", "Index Name": "idx_lineitem_part_supp", "Startup Cost": 0.0, "Total Cost": 0.41, "Plan Rows": 1, "Plan Width": 0, "Index Cond": "((l_partkey = partsupp.ps_partkey) AND (l_suppkey = partsupp.ps_suppkey))"}]}]}, {"Node Type": "Bitmap Heap Scan", "Parent Relationship": "Inner", "Relation Name": "orders", "Alias": "orders", "Startup Cost": 0.26, "Total Cost": 4.27, "Plan Rows": 1, "Plan Width": 16, "Recheck Cond": "(o_orderkey = lineitem.l_orderkey)", "Plans": [{"Node Type": "Bitmap Index Scan", "Parent Relationship": "Outer", "Index Name": "orders_pkey", "Startup Cost": 0.0, "Total Cost": 0.26, "Plan Rows": 1, "Plan Width": 0, "Index Cond": "(o_orderkey = lineitem.l_orderkey)"}]}]}, {"Node Type": "Seq Scan", "Parent Relationship": "Inner", "Relation Name": "nation", "Alias": "nation", "Startup Cost": 0.0, "Total Cost": 1.25, "Plan Rows": 25, "Plan Width": 30}]}]}]}, "Unique SQL Id": 3628361425}, "explain_analyze_plan": {"Plan": {"Node Type": "Sort", "Startup Cost": 934828.25, "Total Cost": 934828.25, "Plan Rows": 1, "Plan Width": 74, "Actual Startup Time": 90821.2, "Actual Total Time": 90821.214, "Actual Rows": 175, "Actual Loops": 1, "Sort Key": ["nation.n_name", "(date_part('year'::text, orders.o_orderdate)) DESC"], "Sort Method": "quicksort", "Sort Space Used": 52, "Sort Space Type": "Memory", "Plans": [{"Node Type": "Aggregate", "Strategy": "Hashed", "Parent Relationship": "Outer", "Startup Cost": 934828.22, "Total Cost": 934828.24, "Plan Rows": 1, "Plan Width": 74, "Actual Startup Time": 90820.826, "Actual Total Time": 90820.878, "Actual Rows": 175, "Actual Loops": 1, "Group By Key": ["nation.n_name", "date_part('year'::text, orders.o_orderdate)"], "Plans": [{"Node Type": "Nested Loop", "Parent Relationship": "Outer", "Join Type": "Inner", "Startup Cost": 72601.27, "Total Cost": 934828.21, "Plan Rows": 1, "Plan Width": 66, "Actual Startup Time": 1105.058, "Actual Total Time": 86694.903, "Actual Rows": 3256948, "Actual Loops": 1, "Inner Unique": true, "Join Filter": "(supplier.s_nationkey = nation.n_nationkey)", "Rows Removed by Join Filter": 39103306, "Plans": [{"Node Type": "Nested Loop", "Parent Relationship": "Outer", "Join Type": "Inner", "Startup Cost": 72601.27, "Total Cost": 934826.64, "Plan Rows": 1, "Plan Width": 44, "Actual Startup Time": 1104.999, "Actual Total Time": 55903.489, "Actual Rows": 3256948, "Actual Loops": 1, "Inner Unique": true, "Plans": [{"Node Type": "Nested Loop", "Parent Relationship": "Outer", "Join Type": "Inner", "Startup Cost": 72601.01, "Total Cost": 934822.36, "Plan Rows": 1, "Plan Width": 44, "Actual Startup Time": 1104.948, "Actual Total Time": 22125.595, "Actual Rows": 3256948, "Actual Loops": 1, "Inner Unique": false, "Join Filter": "(supplier.s_suppkey = lineitem.l_suppkey)", "Rows Removed by Join Filter": 0, "Plans": [{"Node Type": "Hash Join", "Parent Relationship": "Outer", "Join Type": "Inner", "Startup Cost": 72600.6, "Total Cost": 377416.42, "Plan Rows": 125630, "Plan Width": 44, "Actual Startup Time": 1104.738, "Actual Total Time": 6357.627, "Actual Rows": 434204, "Actual Loops": 1, "Inner Unique": true, "Hash Cond": "(partsupp.ps_suppkey = supplier.s_suppkey), (LLVM Optimized, Jit Execute)", "Plans": [{"Node Type": "Hash Join", "Parent Relationship": "Outer", "Join Type": "Inner", "Startup Cost": 68067.6, "Total Cost": 370653.38, "Plan Rows": 259666, "Plan Width": 32, "Actual Startup Time": 1037.382, "Actual Total Time": 5885.479, "Actual Rows": 434204, "Actual Loops": 1, "Inner Unique": true, "Hash Cond": "(partsupp.ps_partkey = part.p_partkey), (LLVM Optimized, Jit Execute)", "Plans": [{"Node Type": "Seq Scan", "Parent Relationship": "Outer", "Relation Name": "partsupp", "Alias": "partsupp", "Startup Cost": 0.0, "Total Cost": 269987.72, "Plan Rows": 8000372, "Plan Width": 24, "Actual Startup Time": 0.018, "Actual Total Time": 2591.033, "Actual Rows": 8000000, "Actual Loops": 1}, {"Node Type": "Hash", "Parent Relationship": "Inner", "Startup Cost": 66944.0, "Total Cost": 66944.0, "Plan Rows": 89888, "Plan Width": 8, "Actual Startup Time": 1037.221, "Actual Total Time": 1037.221, "Actual Rows": 108551, "Actual Loops": 1, "Hash Buckets": 131072, "Hash Batches": 1, "Original Hash Batches": 1, "Peak Memory Usage": 4241, "Plans": [{"Node Type": "Seq Scan", "Parent Relationship": "Outer", "Relation Name": "part", "Alias": "part", "Startup Cost": 0.0, "Total Cost": 66944.0, "Plan Rows": 89888, "Plan Width": 8, "Actual Startup Time": 0.038, "Actual Total Time": 995.329, "Actual Rows": 108551, "Actual Loops": 1, "Filter": "((p_name)::text ~~ '%dim%'::text)", "Rows Removed by Filter": 1891449}]}]}, {"Node Type": "Hash", "Parent Relationship": "Inner", "Startup Cost": 3283.0, "Total Cost": 3283.0, "Plan Rows": 100000, "Plan Width": 12, "Actual Startup Time": 67.254, "Actual Total Time": 67.254, "Actual Rows": 100000, "Actual Loops": 1, "Hash Buckets": 131072, "Hash Batches": 1, "Original Hash Batches": 1, "Peak Memory Usage": 4297, "Plans": [{"Node Type": "Seq Scan", "Parent Relationship": "Outer", "Relation Name": "supplier", "Alias": "supplier", "Startup Cost": 0.0, "Total Cost": 3283.0, "Plan Rows": 100000, "Plan Width": 12, "Actual Startup Time": 0.021, "Actual Total Time": 39.995, "Actual Rows": 100000, "Actual Loops": 1}]}]}, {"Node Type": "Bitmap Heap Scan", "Parent Relationship": "Inner", "Relation Name": "lineitem", "Alias": "lineitem", "Startup Cost": 0.41, "Total Cost": 4.42, "Plan Rows": 1, "Plan Width": 48, "Actual Startup Time": 5001.899, "Actual Total Time": 13640.682, "Actual Rows": 3256948, "Actual Loops": 434204, "Recheck Cond": "((l_partkey = partsupp.ps_partkey) AND (l_suppkey = partsupp.ps_suppkey))", "Rows Removed by Index Recheck": 0, "Exact Heap Blocks": 3256937, "Lossy Heap Blocks": 3256937, "Plans": [{"Node Type": "Bitmap Index Scan", "Parent Relationship": "Outer", "Index Name": "idx_lineitem_part_supp", "Startup Cost": 0.0, "Total Cost": 0.41, "Plan Rows": 1, "Plan Width": 0, "Actual Startup Time": 2866.192, "Actual Total Time": 2866.192, "Actual Rows": 3256948, "Actual Loops": 434204, "Index Cond": "((l_partkey = partsupp.ps_partkey) AND (l_suppkey = partsupp.ps_suppkey))"}]}]}, {"Node Type": "Bitmap Heap Scan", "Parent Relationship": "Inner", "Relation Name": "orders", "Alias": "orders", "Startup Cost": 0.26, "Total Cost": 4.27, "Plan Rows": 1, "Plan Width": 16, "Actual Startup Time": 29313.016, "Actual Total Time": 29313.016, "Actual Rows": 3256948, "Actual Loops": 3256948, "Recheck Cond": "(o_orderkey = lineitem.l_orderkey)", "Rows Removed by Index Recheck": 0, "Exact Heap Blocks": 3256948, "Lossy Heap Blocks": 3256948, "Plans": [{"Node Type": "Bitmap Index Scan", "Parent Relationship": "Outer", "Index Name": "orders_pkey", "Startup Cost": 0.0, "Total Cost": 0.26, "Plan Rows": 1, "Plan Width": 0, "Actual Startup Time": 18924.404, "Actual Total Time": 18924.404, "Actual Rows": 3256948, "Actual Loops": 3256948, "Index Cond": "(o_orderkey = lineitem.l_orderkey)"}]}]}, {"Node Type": "Seq Scan", "Parent Relationship": "Inner", "Relation Name": "nation", "Alias": "nation", "Startup Cost": 0.0, "Total Cost": 1.25, "Plan Rows": 25, "Plan Width": 30, "Actual Startup Time": 12552.748, "Actual Total Time": 16509.776, "Actual Rows": 42360254, "Actual Loops": 3256948}]}]}]}, "Triggers": [], "Planner Runtime": 41.361, "Total Runtime": 90830.524, "Unique SQL Id": 3628361425}}, "(64, 3)": {"explain_plan": {"Plan": {"Node Type": "Sort", "Startup Cost": 1000008167021.57, "Total Cost": 1000008167021.58, "Plan Rows": 1, "Plan Width": 74, "Sort Key": ["nation.n_name", "(date_part('year'::text, orders.o_orderdate)) DESC"], "Plans": [{"Node Type": "Aggregate", "Strategy": "Hashed", "Parent Relationship": "Outer", "Startup Cost": 1000008167021.55, "Total Cost": 1000008167021.56, "Plan Rows": 1, "Plan Width": 74, "Group By Key": ["nation.n_name", "date_part('year'::text, orders.o_orderdate)"], "Plans": [{"Node Type": "Nested Loop", "Parent Relationship": "Outer", "Join Type": "Inner", "Startup Cost": 10000000002.75, "Total Cost": 1000008167021.53, "Plan Rows": 1, "Plan Width": 66, "Inner Unique": true, "Plans": [{"Node Type": "Nested Loop", "Parent Relationship": "Outer", "Join Type": "Inner", "Startup Cost": 10000000002.5, "Total Cost": 1000008167017.25, "Plan Rows": 1, "Plan Width": 44, "Inner Unique": true, "Plans": [{"Node Type": "Nested Loop", "Parent Relationship": "Outer", "Join Type": "Inner", "Startup Cost": 10000000002.24, "Total Cost": 1000008167012.96, "Plan Rows": 1, "Plan Width": 44, "Inner Unique": true, "Join Filter": "(partsupp.ps_partkey = part.p_partkey)", "Plans": [{"Node Type": "Nested Loop", "Parent Relationship": "Outer", "Join Type": "Inner", "Startup Cost": 10000000001.98, "Total Cost": 1000008166987.25, "Plan Rows": 6, "Plan Width": 60, "Inner Unique": false, "Join Filter": "(supplier.s_suppkey = lineitem.l_suppkey)", "Plans": [{"Node Type": "Nested Loop", "Parent Relationship": "Outer", "Join Type": "Inner", "Startup Cost": 10000000001.57, "Total Cost": 1000002201599.04, "Plan Rows": 1344499, "Plan Width": 36, "Inner Unique": false, "Plans": [{"Node Type": "Index Scan", "Parent Relationship": "Outer", "Scan Direction": "Forward", "Index Name": "idx_supplier_nation_key", "Relation Name": "supplier", "Alias": "supplier", "Startup Cost": 10000000000.0, "Total Cost": 1000001217556.78, "Plan Rows": 100000, "Plan Width": 12}, {"Node Type": "Bitmap Heap Scan", "Parent Relationship": "Inner", "Relation Name": "partsupp", "Alias": "partsupp", "Startup Cost": 1.57, "Total Cost": 9.71, "Plan Rows": 13, "Plan Width": 24, "Recheck Cond": "(ps_suppkey = supplier.s_suppkey)", "Plans": [{"Node Type": "Bitmap Index Scan", "Parent Relationship": "Outer", "Index Name": "idx_partsupp_suppkey", "Startup Cost": 0.0, "Total Cost": 1.56, "Plan Rows": 13, "Plan Width": 0, "Index Cond": "(ps_suppkey = supplier.s_suppkey)"}]}]}, {"Node Type": "Bitmap Heap Scan", "Parent Relationship": "Inner", "Relation Name": "lineitem", "Alias": "lineitem", "Startup Cost": 0.41, "Total Cost": 4.42, "Plan Rows": 1, "Plan Width": 48, "Recheck Cond": "((l_partkey = partsupp.ps_partkey) AND (l_suppkey = partsupp.ps_suppkey))", "Plans": [{"Node Type": "Bitmap Index Scan", "Parent Relationship": "Outer", "Index Name": "idx_lineitem_part_supp", "Startup Cost": 0.0, "Total Cost": 0.41, "Plan Rows": 1, "Plan Width": 0, "Index Cond": "((l_partkey = partsupp.ps_partkey) AND (l_suppkey = partsupp.ps_suppkey))"}]}]}, {"Node Type": "Bitmap Heap Scan", "Parent Relationship": "Inner", "Relation Name": "part", "Alias": "part", "Startup Cost": 0.26, "Total Cost": 4.27, "Plan Rows": 1, "Plan Width": 8, "Recheck Cond": "(p_partkey = lineitem.l_partkey)", "Filter": "((p_name)::text ~~ '%dim%'::text)", "Plans": [{"Node Type": "Bitmap Index Scan", "Parent Relationship": "Outer", "Index Name": "part_kpey", "Startup Cost": 0.0, "Total Cost": 0.26, "Plan Rows": 1, "Plan Width": 0, "Index Cond": "(p_partkey = lineitem.l_partkey)"}]}]}, {"Node Type": "Bitmap Heap Scan", "Parent Relationship": "Inner", "Relation Name": "orders", "Alias": "orders", "Startup Cost": 0.26, "Total Cost": 4.27, "Plan Rows": 1, "Plan Width": 16, "Recheck Cond": "(o_orderkey = lineitem.l_orderkey)", "Plans": [{"Node Type": "Bitmap Index Scan", "Parent Relationship": "Outer", "Index Name": "orders_pkey", "Startup Cost": 0.0, "Total Cost": 0.26, "Plan Rows": 1, "Plan Width": 0, "Index Cond": "(o_orderkey = lineitem.l_orderkey)"}]}]}, {"Node Type": "Bitmap Heap Scan", "Parent Relationship": "Inner", "Relation Name": "nation", "Alias": "nation", "Startup Cost": 0.26, "Total Cost": 4.27, "Plan Rows": 1, "Plan Width": 30, "Recheck Cond": "(n_nationkey = supplier.s_nationkey)", "Plans": [{"Node Type": "Bitmap Index Scan", "Parent Relationship": "Outer", "Index Name": "nation_pkey", "Startup Cost": 0.0, "Total Cost": 0.26, "Plan Rows": 1, "Plan Width": 0, "Index Cond": "(n_nationkey = supplier.s_nationkey)"}]}]}]}]}, "Unique SQL Id": 3628361425}, "explain_analyze_plan": null}, "(64, 4)": {"explain_plan": {"Plan": {"Node Type": "Sort", "Startup Cost": 521166.05, "Total Cost": 521166.06, "Plan Rows": 1, "Plan Width": 74, "Sort Key": ["nation.n_name", "(date_part('year'::text, orders.o_orderdate)) DESC"], "Plans": [{"Node Type": "Aggregate", "Strategy": "Hashed", "Parent Relationship": "Outer", "Startup Cost": 521166.03, "Total Cost": 521166.04, "Plan Rows": 1, "Plan Width": 74, "Group By Key": ["nation.n_name", "date_part('year'::text, orders.o_orderdate)"], "Plans": [{"Node Type": "Nested Loop", "Parent Relationship": "Outer", "Join Type": "Inner", "Startup Cost": 72600.6, "Total Cost": 521166.01, "Plan Rows": 1, "Plan Width": 66, "Inner Unique": true, "Plans": [{"Node Type": "Nested Loop", "Parent Relationship": "Outer", "Join Type": "Inner", "Startup Cost": 72600.6, "Total Cost": 521165.73, "Plan Rows": 1, "Plan Width": 44, "Inner Unique": true, "Plans": [{"Node Type": "Nested Loop", "Parent Relationship": "Outer", "Join Type": "Inner", "Startup Cost": 72600.6, "Total Cost": 521165.43, "Plan Rows": 1, "Plan Width": 44, "Inner Unique": false, "Join Filter": "(supplier.s_suppkey = lineitem.l_suppkey)", "Plans": [{"Node Type": "Hash Join", "Parent Relationship": "Outer", "Join Type": "Inner", "Startup Cost": 72600.6, "Total Cost": 377416.42, "Plan Rows": 125630, "Plan Width": 44, "Inner Unique": true, "Hash Cond": "(partsupp.ps_suppkey = supplier.s_suppkey), (LLVM Optimized)", "Plans": [{"Node Type": "Hash Join", "Parent Relationship": "Outer", "Join Type": "Inner", "Startup Cost": 68067.6, "Total Cost": 370653.38, "Plan Rows": 259666, "Plan Width": 32, "Inner Unique": true, "Hash Cond": "(partsupp.ps_partkey = part.p_partkey), (LLVM Optimized)", "Plans": [{"Node Type": "Seq Scan", "Parent Relationship": "Outer", "Relation Name": "partsupp", "Alias": "partsupp", "Startup Cost": 0.0, "Total Cost": 269987.72, "Plan Rows": 8000372, "Plan Width": 24}, {"Node Type": "Hash", "Parent Relationship": "Inner", "Startup Cost": 66944.0, "Total Cost": 66944.0, "Plan Rows": 89888, "Plan Width": 8, "Plans": [{"Node Type": "Seq Scan", "Parent Relationship": "Outer", "Relation Name": "part", "Alias": "part", "Startup Cost": 0.0, "Total Cost": 66944.0, "Plan Rows": 89888, "Plan Width": 8, "Filter": "((p_name)::text ~~ '%dim%'::text)"}]}]}, {"Node Type": "Hash", "Parent Relationship": "Inner", "Startup Cost": 3283.0, "Total Cost": 3283.0, "Plan Rows": 100000, "Plan Width": 12, "Plans": [{"Node Type": "Seq Scan", "Parent Relationship": "Outer", "Relation Name": "supplier", "Alias": "supplier", "Startup Cost": 0.0, "Total Cost": 3283.0, "Plan Rows": 100000, "Plan Width": 12}]}]}, {"Node Type": "Index Scan", "Parent Relationship": "Inner", "Scan Direction": "Forward", "Index Name": "idx_lineitem_part_supp", "Relation Name": "lineitem", "Alias": "lineitem", "Startup Cost": 0.0, "Total Cost": 1.13, "Plan Rows": 1, "Plan Width": 48, "Index Cond": "((l_partkey = partsupp.ps_partkey) AND (l_suppkey = partsupp.ps_suppkey))"}]}, {"Node Type": "Index Scan", "Parent Relationship": "Inner", "Scan Direction": "Forward", "Index Name": "orders_pkey", "Relation Name": "orders", "Alias": "orders", "Startup Cost": 0.0, "Total Cost": 0.29, "Plan Rows": 1, "Plan Width": 16, "Index Cond": "(o_orderkey = lineitem.l_orderkey)"}]}, {"Node Type": "Index Scan", "Parent Relationship": "Inner", "Scan Direction": "Forward", "Index Name": "nation_pkey", "Relation Name": "nation", "Alias": "nation", "Startup Cost": 0.0, "Total Cost": 0.27, "Plan Rows": 1, "Plan Width": 30, "Index Cond": "(n_nationkey = supplier.s_nationkey)"}]}]}]}, "Unique SQL Id": 3628361425}, "explain_analyze_plan": {"Plan": {"Node Type": "Sort", "Startup Cost": 521166.05, "Total Cost": 521166.06, "Plan Rows": 1, "Plan Width": 74, "Actual Startup Time": 58932.736, "Actual Total Time": 58932.749, "Actual Rows": 175, "Actual Loops": 1, "Sort Key": ["nation.n_name", "(date_part('year'::text, orders.o_orderdate)) DESC"], "Sort Method": "quicksort", "Sort Space Used": 52, "Sort Space Type": "Memory", "Plans": [{"Node Type": "Aggregate", "Strategy": "Hashed", "Parent Relationship": "Outer", "Startup Cost": 521166.03, "Total Cost": 521166.04, "Plan Rows": 1, "Plan Width": 74, "Actual Startup Time": 58932.337, "Actual Total Time": 58932.379, "Actual Rows": 175, "Actual Loops": 1, "Group By Key": ["nation.n_name", "date_part('year'::text, orders.o_orderdate)"], "Plans": [{"Node Type": "Nested Loop", "Parent Relationship": "Outer", "Join Type": "Inner", "Startup Cost": 72600.6, "Total Cost": 521166.01, "Plan Rows": 1, "Plan Width": 66, "Actual Startup Time": 1103.433, "Actual Total Time": 55092.664, "Actual Rows": 3256948, "Actual Loops": 1, "Inner Unique": true, "Plans": [{"Node Type": "Nested Loop", "Parent Relationship": "Outer", "Join Type": "Inner", "Startup Cost": 72600.6, "Total Cost": 521165.73, "Plan Rows": 1, "Plan Width": 44, "Actual Startup Time": 1103.363, "Actual Total Time": 46615.878, "Actual Rows": 3256948, "Actual Loops": 1, "Inner Unique": true, "Plans": [{"Node Type": "Nested Loop", "Parent Relationship": "Outer", "Join Type": "Inner", "Startup Cost": 72600.6, "Total Cost": 521165.43, "Plan Rows": 1, "Plan Width": 44, "Actual Startup Time": 1103.339, "Actual Total Time": 18831.717, "Actual Rows": 3256948, "Actual Loops": 1, "Inner Unique": false, "Join Filter": "(supplier.s_suppkey = lineitem.l_suppkey)", "Rows Removed by Join Filter": 0, "Plans": [{"Node Type": "Hash Join", "Parent Relationship": "Outer", "Join Type": "Inner", "Startup Cost": 72600.6, "Total Cost": 377416.42, "Plan Rows": 125630, "Plan Width": 44, "Actual Startup Time": 1103.287, "Actual Total Time": 6244.441, "Actual Rows": 434204, "Actual Loops": 1, "Inner Unique": true, "Hash Cond": "(partsupp.ps_suppkey = supplier.s_suppkey), (LLVM Optimized, Jit Execute)", "Plans": [{"Node Type": "Hash Join", "Parent Relationship": "Outer", "Join Type": "Inner", "Startup Cost": 68067.6, "Total Cost": 370653.38, "Plan Rows": 259666, "Plan Width": 32, "Actual Startup Time": 1038.788, "Actual Total Time": 5788.774, "Actual Rows": 434204, "Actual Loops": 1, "Inner Unique": true, "Hash Cond": "(partsupp.ps_partkey = part.p_partkey), (LLVM Optimized, Jit Execute)", "Plans": [{"Node Type": "Seq Scan", "Parent Relationship": "Outer", "Relation Name": "partsupp", "Alias": "partsupp", "Startup Cost": 0.0, "Total Cost": 269987.72, "Plan Rows": 8000372, "Plan Width": 24, "Actual Startup Time": 0.012, "Actual Total Time": 2567.433, "Actual Rows": 8000000, "Actual Loops": 1}, {"Node Type": "Hash", "Parent Relationship": "Inner", "Startup Cost": 66944.0, "Total Cost": 66944.0, "Plan Rows": 89888, "Plan Width": 8, "Actual Startup Time": 1038.64, "Actual Total Time": 1038.64, "Actual Rows": 108551, "Actual Loops": 1, "Hash Buckets": 131072, "Hash Batches": 1, "Original Hash Batches": 1, "Peak Memory Usage": 4241, "Plans": [{"Node Type": "Seq Scan", "Parent Relationship": "Outer", "Relation Name": "part", "Alias": "part", "Startup Cost": 0.0, "Total Cost": 66944.0, "Plan Rows": 89888, "Plan Width": 8, "Actual Startup Time": 0.042, "Actual Total Time": 1000.506, "Actual Rows": 108551, "Actual Loops": 1, "Filter": "((p_name)::text ~~ '%dim%'::text)", "Rows Removed by Filter": 1891449}]}]}, {"Node Type": "Hash", "Parent Relationship": "Inner", "Startup Cost": 3283.0, "Total Cost": 3283.0, "Plan Rows": 100000, "Plan Width": 12, "Actual Startup Time": 64.394, "Actual Total Time": 64.394, "Actual Rows": 100000, "Actual Loops": 1, "Hash Buckets": 131072, "Hash Batches": 1, "Original Hash Batches": 1, "Peak Memory Usage": 4297, "Plans": [{"Node Type": "Seq Scan", "Parent Relationship": "Outer", "Relation Name": "supplier", "Alias": "supplier", "Startup Cost": 0.0, "Total Cost": 3283.0, "Plan Rows": 100000, "Plan Width": 12, "Actual Startup Time": 0.03, "Actual Total Time": 36.628, "Actual Rows": 100000, "Actual Loops": 1}]}]}, {"Node Type": "Index Scan", "Parent Relationship": "Inner", "Scan Direction": "Forward", "Index Name": "idx_lineitem_part_supp", "Relation Name": "lineitem", "Alias": "lineitem", "Startup Cost": 0.0, "Total Cost": 1.13, "Plan Rows": 1, "Plan Width": 48, "Actual Startup Time": 3128.663, "Actual Total Time": 10882.76, "Actual Rows": 3256948, "Actual Loops": 434204, "Index Cond": "((l_partkey = partsupp.ps_partkey) AND (l_suppkey = partsupp.ps_suppkey))", "Rows Removed by Index Recheck": 0}]}, {"Node Type": "Index Scan", "Parent Relationship": "Inner", "Scan Direction": "Forward", "Index Name": "orders_pkey", "Relation Name": "orders", "Alias": "orders", "Startup Cost": 0.0, "Total Cost": 0.29, "Plan Rows": 1, "Plan Width": 16, "Actual Startup Time": 24997.016, "Actual Total Time": 24997.016, "Actual Rows": 3256948, "Actual Loops": 3256948, "Index Cond": "(o_orderkey = lineitem.l_orderkey)", "Rows Removed by Index Recheck": 0}]}, {"Node Type": "Index Scan", "Parent Relationship": "Inner", "Scan Direction": "Forward", "Index Name": "nation_pkey", "Relation Name": "nation", "Alias": "nation", "Startup Cost": 0.0, "Total Cost": 0.27, "Plan Rows": 1, "Plan Width": 30, "Actual Startup Time": 4454.455, "Actual Total Time": 4454.455, "Actual Rows": 3256948, "Actual Loops": 3256948, "Index Cond": "(n_nationkey = supplier.s_nationkey)", "Rows Removed by Index Recheck": 0}]}]}]}, "Triggers": [], "Planner Runtime": 35.792, "Total Runtime": 58943.737, "Unique SQL Id": 3628361425}}, "(64, 5)": {"explain_plan": {"Plan": {"Node Type": "Sort", "Startup Cost": 701189.51, "Total Cost": 701189.52, "Plan Rows": 1, "Plan Width": 74, "Sort Key": ["nation.n_name", "(date_part('year'::text, orders.o_orderdate)) DESC"], "Plans": [{"Node Type": "Aggregate", "Strategy": "Hashed", "Parent Relationship": "Outer", "Startup Cost": 701189.49, "Total Cost": 701189.5, "Plan Rows": 1, "Plan Width": 74, "Group By Key": ["nation.n_name", "date_part('year'::text, orders.o_orderdate)"], "Plans": [{"Node Type": "Nested Loop", "Parent Relationship": "Outer", "Join Type": "Inner", "Startup Cost": 6584.54, "Total Cost": 701189.47, "Plan Rows": 1, "Plan Width": 66, "Inner Unique": true, "Plans": [{"Node Type": "Nested Loop", "Parent Relationship": "Outer", "Join Type": "Inner", "Startup Cost": 6584.54, "Total Cost": 701189.19, "Plan Rows": 1, "Plan Width": 44, "Inner Unique": true, "Plans": [{"Node Type": "Nested Loop", "Parent Relationship": "Outer", "Join Type": "Inner", "Startup Cost": 6584.54, "Total Cost": 701188.89, "Plan Rows": 1, "Plan Width": 44, "Inner Unique": false, "Join Filter": "(supplier.s_suppkey = lineitem.l_suppkey)", "Plans": [{"Node Type": "Hash Join", "Parent Relationship": "Outer", "Join Type": "Inner", "Startup Cost": 6584.54, "Total Cost": 557439.88, "Plan Rows": 125630, "Plan Width": 44, "Inner Unique": true, "Hash Cond": "(partsupp.ps_suppkey = supplier.s_suppkey), (LLVM Optimized)", "Plans": [{"Node Type": "Nested Loop", "Parent Relationship": "Outer", "Join Type": "Inner", "Startup Cost": 0.0, "Total Cost": 548625.29, "Plan Rows": 259666, "Plan Width": 32, "Inner Unique": false, "Plans": [{"Node Type": "Index Scan", "Parent Relationship": "Outer", "Scan Direction": "Forward", "Index Name": "part_kpey", "Relation Name": "part", "Alias": "part", "Startup Cost": 0.0, "Total Cost": 105803.25, "Plan Rows": 89888, "Plan Width": 8, "Filter": "((p_name)::text ~~ '%dim%'::text)"}, {"Node Type": "Index Scan", "Parent Relationship": "Inner", "Scan Direction": "Forward", "Index Name": "idx_partsupp_partkey", "Relation Name": "partsupp", "Alias": "partsupp", "Startup Cost": 0.0, "Total Cost": 4.9, "Plan Rows": 3, "Plan Width": 24, "Index Cond": "(ps_partkey = part.p_partkey)"}]}, {"Node Type": "Hash", "Parent Relationship": "Inner", "Startup Cost": 5334.54, "Total Cost": 5334.54, "Plan Rows": 100000, "Plan Width": 12, "Plans": [{"Node Type": "Index Scan", "Parent Relationship": "Outer", "Scan Direction": "Forward", "Index Name": "supplier_pkey", "Relation Name": "supplier", "Alias": "supplier", "Startup Cost": 0.0, "Total Cost": 5334.54, "Plan Rows": 100000, "Plan Width": 12}]}]}, {"Node Type": "Index Scan", "Parent Relationship": "Inner", "Scan Direction": "Forward", "Index Name": "idx_lineitem_part_supp", "Relation Name": "lineitem", "Alias": "lineitem", "Startup Cost": 0.0, "Total Cost": 1.13, "Plan Rows": 1, "Plan Width": 48, "Index Cond": "((l_partkey = partsupp.ps_partkey) AND (l_suppkey = partsupp.ps_suppkey))"}]}, {"Node Type": "Index Scan", "Parent Relationship": "Inner", "Scan Direction": "Forward", "Index Name": "orders_pkey", "Relation Name": "orders", "Alias": "orders", "Startup Cost": 0.0, "Total Cost": 0.29, "Plan Rows": 1, "Plan Width": 16, "Index Cond": "(o_orderkey = lineitem.l_orderkey)"}]}, {"Node Type": "Index Scan", "Parent Relationship": "Inner", "Scan Direction": "Forward", "Index Name": "nation_pkey", "Relation Name": "nation", "Alias": "nation", "Startup Cost": 0.0, "Total Cost": 0.27, "Plan Rows": 1, "Plan Width": 30, "Index Cond": "(n_nationkey = supplier.s_nationkey)"}]}]}]}, "Unique SQL Id": 3628361425}, "explain_analyze_plan": {"Plan": {"Node Type": "Sort", "Startup Cost": 701189.51, "Total Cost": 701189.52, "Plan Rows": 1, "Plan Width": 74, "Actual Startup Time": 57219.783, "Actual Total Time": 57219.796, "Actual Rows": 175, "Actual Loops": 1, "Sort Key": ["nation.n_name", "(date_part('year'::text, orders.o_orderdate)) DESC"], "Sort Method": "quicksort", "Sort Space Used": 52, "Sort Space Type": "Memory", "Plans": [{"Node Type": "Aggregate", "Strategy": "Hashed", "Parent Relationship": "Outer", "Startup Cost": 701189.49, "Total Cost": 701189.5, "Plan Rows": 1, "Plan Width": 74, "Actual Startup Time": 57219.414, "Actual Total Time": 57219.454, "Actual Rows": 175, "Actual Loops": 1, "Group By Key": ["nation.n_name", "date_part('year'::text, orders.o_orderdate)"], "Plans": [{"Node Type": "Nested Loop", "Parent Relationship": "Outer", "Join Type": "Inner", "Startup Cost": 6584.54, "Total Cost": 701189.47, "Plan Rows": 1, "Plan Width": 66, "Actual Startup Time": 106.96, "Actual Total Time": 53460.735, "Actual Rows": 3256948, "Actual Loops": 1, "Inner Unique": true, "Plans": [{"Node Type": "Nested Loop", "Parent Relationship": "Outer", "Join Type": "Inner", "Startup Cost": 6584.54, "Total Cost": 701189.19, "Plan Rows": 1, "Plan Width": 44, "Actual Startup Time": 106.934, "Actual Total Time": 44656.25, "Actual Rows": 3256948, "Actual Loops": 1, "Inner Unique": true, "Plans": [{"Node Type": "Nested Loop", "Parent Relationship": "Outer", "Join Type": "Inner", "Startup Cost": 6584.54, "Total Cost": 701188.89, "Plan Rows": 1, "Plan Width": 44, "Actual Startup Time": 106.911, "Actual Total Time": 16146.218, "Actual Rows": 3256948, "Actual Loops": 1, "Inner Unique": false, "Join Filter": "(supplier.s_suppkey = lineitem.l_suppkey)", "Rows Removed by Join Filter": 0, "Plans": [{"Node Type": "Hash Join", "Parent Relationship": "Outer", "Join Type": "Inner", "Startup Cost": 6584.54, "Total Cost": 557439.88, "Plan Rows": 125630, "Plan Width": 44, "Actual Startup Time": 106.873, "Actual Total Time": 3440.596, "Actual Rows": 434204, "Actual Loops": 1, "Inner Unique": true, "Hash Cond": "(partsupp.ps_suppkey = supplier.s_suppkey), (LLVM Optimized, Jit Execute)", "Plans": [{"Node Type": "Nested Loop", "Parent Relationship": "Outer", "Join Type": "Inner", "Startup Cost": 0.0, "Total Cost": 548625.29, "Plan Rows": 259666, "Plan Width": 32, "Actual Startup Time": 0.076, "Actual Total Time": 2929.188, "Actual Rows": 434204, "Actual Loops": 1, "Inner Unique": false, "Plans": [{"Node Type": "Index Scan", "Parent Relationship": "Outer", "Scan Direction": "Forward", "Index Name": "part_kpey", "Relation Name": "part", "Alias": "part", "Startup Cost": 0.0, "Total Cost": 105803.25, "Plan Rows": 89888, "Plan Width": 8, "Actual Startup Time": 0.056, "Actual Total Time": 1746.962, "Actual Rows": 108551, "Actual Loops": 1, "Filter": "((p_name)::text ~~ '%dim%'::text)", "Rows Removed by Filter": 1891449}, {"Node Type": "Index Scan", "Parent Relationship": "Inner", "Scan Direction": "Forward", "Index Name": "idx_partsupp_partkey", "Relation Name": "partsupp", "Alias": "partsupp", "Startup Cost": 0.0, "Total Cost": 4.9, "Plan Rows": 3, "Plan Width": 24, "Actual Startup Time": 684.56, "Actual Total Time": 978.245, "Actual Rows": 434204, "Actual Loops": 108551, "Index Cond": "(ps_partkey = part.p_partkey)", "Rows Removed by Index Recheck": 0}]}, {"Node Type": "Hash", "Parent Relationship": "Inner", "Startup Cost": 5334.54, "Total Cost": 5334.54, "Plan Rows": 100000, "Plan Width": 12, "Actual Startup Time": 106.68, "Actual Total Time": 106.68, "Actual Rows": 100000, "Actual Loops": 1, "Hash Buckets": 131072, "Hash Batches": 1, "Original Hash Batches": 1, "Peak Memory Usage": 4297, "Plans": [{"Node Type": "Index Scan", "Parent Relationship": "Outer", "Scan Direction": "Forward", "Index Name": "supplier_pkey", "Relation Name": "supplier", "Alias": "supplier", "Startup Cost": 0.0, "Total Cost": 5334.54, "Plan Rows": 100000, "Plan Width": 12, "Actual Startup Time": 0.02, "Actual Total Time": 78.377, "Actual Rows": 100000, "Actual Loops": 1}]}]}, {"Node Type": "Index Scan", "Parent Relationship": "Inner", "Scan Direction": "Forward", "Index Name": "idx_lineitem_part_supp", "Relation Name": "lineitem", "Alias": "lineitem", "Startup Cost": 0.0, "Total Cost": 1.13, "Plan Rows": 1, "Plan Width": 48, "Actual Startup Time": 3174.504, "Actual Total Time": 11019.482, "Actual Rows": 3256948, "Actual Loops": 434204, "Index Cond": "((l_partkey = partsupp.ps_partkey) AND (l_suppkey = partsupp.ps_suppkey))", "Rows Removed by Index Recheck": 0}]}, {"Node Type": "Index Scan", "Parent Relationship": "Inner", "Scan Direction": "Forward", "Index Name": "orders_pkey", "Relation Name": "orders", "Alias": "orders", "Startup Cost": 0.0, "Total Cost": 0.29, "Plan Rows": 1, "Plan Width": 16, "Actual Startup Time": 25705.885, "Actual Total Time": 25705.885, "Actual Rows": 3256948, "Actual Loops": 3256948, "Index Cond": "(o_orderkey = lineitem.l_orderkey)", "Rows Removed by Index Recheck": 0}]}, {"Node Type": "Index Scan", "Parent Relationship": "Inner", "Scan Direction": "Forward", "Index Name": "nation_pkey", "Relation Name": "nation", "Alias": "nation", "Startup Cost": 0.0, "Total Cost": 0.27, "Plan Rows": 1, "Plan Width": 30, "Actual Startup Time": 4680.015, "Actual Total Time": 4680.015, "Actual Rows": 3256948, "Actual Loops": 3256948, "Index Cond": "(n_nationkey = supplier.s_nationkey)", "Rows Removed by Index Recheck": 0}]}]}]}, "Triggers": [], "Planner Runtime": 33.676, "Total Runtime": 57229.802, "Unique SQL Id": 3628361425}}, "(64, 6)": {"explain_plan": {"Plan": {"Node Type": "Sort", "Startup Cost": 934828.25, "Total Cost": 934828.25, "Plan Rows": 1, "Plan Width": 74, "Sort Key": ["nation.n_name", "(date_part('year'::text, orders.o_orderdate)) DESC"], "Plans": [{"Node Type": "Aggregate", "Strategy": "Hashed", "Parent Relationship": "Outer", "Startup Cost": 934828.22, "Total Cost": 934828.24, "Plan Rows": 1, "Plan Width": 74, "Group By Key": ["nation.n_name", "date_part('year'::text, orders.o_orderdate)"], "Plans": [{"Node Type": "Nested Loop", "Parent Relationship": "Outer", "Join Type": "Inner", "Startup Cost": 72601.27, "Total Cost": 934828.21, "Plan Rows": 1, "Plan Width": 66, "Inner Unique": true, "Join Filter": "(supplier.s_nationkey = nation.n_nationkey)", "Plans": [{"Node Type": "Nested Loop", "Parent Relationship": "Outer", "Join Type": "Inner", "Startup Cost": 72601.27, "Total Cost": 934826.64, "Plan Rows": 1, "Plan Width": 44, "Inner Unique": true, "Plans": [{"Node Type": "Nested Loop", "Parent Relationship": "Outer", "Join Type": "Inner", "Startup Cost": 72601.01, "Total Cost": 934822.36, "Plan Rows": 1, "Plan Width": 44, "Inner Unique": false, "Join Filter": "(supplier.s_suppkey = lineitem.l_suppkey)", "Plans": [{"Node Type": "Hash Join", "Parent Relationship": "Outer", "Join Type": "Inner", "Startup Cost": 72600.6, "Total Cost": 377416.42, "Plan Rows": 125630, "Plan Width": 44, "Inner Unique": true, "Hash Cond": "(partsupp.ps_suppkey = supplier.s_suppkey), (LLVM Optimized)", "Plans": [{"Node Type": "Hash Join", "Parent Relationship": "Outer", "Join Type": "Inner", "Startup Cost": 68067.6, "Total Cost": 370653.38, "Plan Rows": 259666, "Plan Width": 32, "Inner Unique": true, "Hash Cond": "(partsupp.ps_partkey = part.p_partkey), (LLVM Optimized)", "Plans": [{"Node Type": "Seq Scan", "Parent Relationship": "Outer", "Relation Name": "partsupp", "Alias": "partsupp", "Startup Cost": 0.0, "Total Cost": 269987.72, "Plan Rows": 8000372, "Plan Width": 24}, {"Node Type": "Hash", "Parent Relationship": "Inner", "Startup Cost": 66944.0, "Total Cost": 66944.0, "Plan Rows": 89888, "Plan Width": 8, "Plans": [{"Node Type": "Seq Scan", "Parent Relationship": "Outer", "Relation Name": "part", "Alias": "part", "Startup Cost": 0.0, "Total Cost": 66944.0, "Plan Rows": 89888, "Plan Width": 8, "Filter": "((p_name)::text ~~ '%dim%'::text)"}]}]}, {"Node Type": "Hash", "Parent Relationship": "Inner", "Startup Cost": 3283.0, "Total Cost": 3283.0, "Plan Rows": 100000, "Plan Width": 12, "Plans": [{"Node Type": "Seq Scan", "Parent Relationship": "Outer", "Relation Name": "supplier", "Alias": "supplier", "Startup Cost": 0.0, "Total Cost": 3283.0, "Plan Rows": 100000, "Plan Width": 12}]}]}, {"Node Type": "Bitmap Heap Scan", "Parent Relationship": "Inner", "Relation Name": "lineitem", "Alias": "lineitem", "Startup Cost": 0.41, "Total Cost": 4.42, "Plan Rows": 1, "Plan Width": 48, "Recheck Cond": "((l_partkey = partsupp.ps_partkey) AND (l_suppkey = partsupp.ps_suppkey))", "Plans": [{"Node Type": "Bitmap Index Scan", "Parent Relationship": "Outer", "Index Name": "idx_lineitem_part_supp", "Startup Cost": 0.0, "Total Cost": 0.41, "Plan Rows": 1, "Plan Width": 0, "Index Cond": "((l_partkey = partsupp.ps_partkey) AND (l_suppkey = partsupp.ps_suppkey))"}]}]}, {"Node Type": "Bitmap Heap Scan", "Parent Relationship": "Inner", "Relation Name": "orders", "Alias": "orders", "Startup Cost": 0.26, "Total Cost": 4.27, "Plan Rows": 1, "Plan Width": 16, "Recheck Cond": "(o_orderkey = lineitem.l_orderkey)", "Plans": [{"Node Type": "Bitmap Index Scan", "Parent Relationship": "Outer", "Index Name": "orders_pkey", "Startup Cost": 0.0, "Total Cost": 0.26, "Plan Rows": 1, "Plan Width": 0, "Index Cond": "(o_orderkey = lineitem.l_orderkey)"}]}]}, {"Node Type": "Seq Scan", "Parent Relationship": "Inner", "Relation Name": "nation", "Alias": "nation", "Startup Cost": 0.0, "Total Cost": 1.25, "Plan Rows": 25, "Plan Width": 30}]}]}]}, "Unique SQL Id": 3628361425}, "explain_analyze_plan": {"Plan": {"Node Type": "Sort", "Startup Cost": 934828.25, "Total Cost": 934828.25, "Plan Rows": 1, "Plan Width": 74, "Actual Startup Time": 90821.2, "Actual Total Time": 90821.214, "Actual Rows": 175, "Actual Loops": 1, "Sort Key": ["nation.n_name", "(date_part('year'::text, orders.o_orderdate)) DESC"], "Sort Method": "quicksort", "Sort Space Used": 52, "Sort Space Type": "Memory", "Plans": [{"Node Type": "Aggregate", "Strategy": "Hashed", "Parent Relationship": "Outer", "Startup Cost": 934828.22, "Total Cost": 934828.24, "Plan Rows": 1, "Plan Width": 74, "Actual Startup Time": 90820.826, "Actual Total Time": 90820.878, "Actual Rows": 175, "Actual Loops": 1, "Group By Key": ["nation.n_name", "date_part('year'::text, orders.o_orderdate)"], "Plans": [{"Node Type": "Nested Loop", "Parent Relationship": "Outer", "Join Type": "Inner", "Startup Cost": 72601.27, "Total Cost": 934828.21, "Plan Rows": 1, "Plan Width": 66, "Actual Startup Time": 1105.058, "Actual Total Time": 86694.903, "Actual Rows": 3256948, "Actual Loops": 1, "Inner Unique": true, "Join Filter": "(supplier.s_nationkey = nation.n_nationkey)", "Rows Removed by Join Filter": 39103306, "Plans": [{"Node Type": "Nested Loop", "Parent Relationship": "Outer", "Join Type": "Inner", "Startup Cost": 72601.27, "Total Cost": 934826.64, "Plan Rows": 1, "Plan Width": 44, "Actual Startup Time": 1104.999, "Actual Total Time": 55903.489, "Actual Rows": 3256948, "Actual Loops": 1, "Inner Unique": true, "Plans": [{"Node Type": "Nested Loop", "Parent Relationship": "Outer", "Join Type": "Inner", "Startup Cost": 72601.01, "Total Cost": 934822.36, "Plan Rows": 1, "Plan Width": 44, "Actual Startup Time": 1104.948, "Actual Total Time": 22125.595, "Actual Rows": 3256948, "Actual Loops": 1, "Inner Unique": false, "Join Filter": "(supplier.s_suppkey = lineitem.l_suppkey)", "Rows Removed by Join Filter": 0, "Plans": [{"Node Type": "Hash Join", "Parent Relationship": "Outer", "Join Type": "Inner", "Startup Cost": 72600.6, "Total Cost": 377416.42, "Plan Rows": 125630, "Plan Width": 44, "Actual Startup Time": 1104.738, "Actual Total Time": 6357.627, "Actual Rows": 434204, "Actual Loops": 1, "Inner Unique": true, "Hash Cond": "(partsupp.ps_suppkey = supplier.s_suppkey), (LLVM Optimized, Jit Execute)", "Plans": [{"Node Type": "Hash Join", "Parent Relationship": "Outer", "Join Type": "Inner", "Startup Cost": 68067.6, "Total Cost": 370653.38, "Plan Rows": 259666, "Plan Width": 32, "Actual Startup Time": 1037.382, "Actual Total Time": 5885.479, "Actual Rows": 434204, "Actual Loops": 1, "Inner Unique": true, "Hash Cond": "(partsupp.ps_partkey = part.p_partkey), (LLVM Optimized, Jit Execute)", "Plans": [{"Node Type": "Seq Scan", "Parent Relationship": "Outer", "Relation Name": "partsupp", "Alias": "partsupp", "Startup Cost": 0.0, "Total Cost": 269987.72, "Plan Rows": 8000372, "Plan Width": 24, "Actual Startup Time": 0.018, "Actual Total Time": 2591.033, "Actual Rows": 8000000, "Actual Loops": 1}, {"Node Type": "Hash", "Parent Relationship": "Inner", "Startup Cost": 66944.0, "Total Cost": 66944.0, "Plan Rows": 89888, "Plan Width": 8, "Actual Startup Time": 1037.221, "Actual Total Time": 1037.221, "Actual Rows": 108551, "Actual Loops": 1, "Hash Buckets": 131072, "Hash Batches": 1, "Original Hash Batches": 1, "Peak Memory Usage": 4241, "Plans": [{"Node Type": "Seq Scan", "Parent Relationship": "Outer", "Relation Name": "part", "Alias": "part", "Startup Cost": 0.0, "Total Cost": 66944.0, "Plan Rows": 89888, "Plan Width": 8, "Actual Startup Time": 0.038, "Actual Total Time": 995.329, "Actual Rows": 108551, "Actual Loops": 1, "Filter": "((p_name)::text ~~ '%dim%'::text)", "Rows Removed by Filter": 1891449}]}]}, {"Node Type": "Hash", "Parent Relationship": "Inner", "Startup Cost": 3283.0, "Total Cost": 3283.0, "Plan Rows": 100000, "Plan Width": 12, "Actual Startup Time": 67.254, "Actual Total Time": 67.254, "Actual Rows": 100000, "Actual Loops": 1, "Hash Buckets": 131072, "Hash Batches": 1, "Original Hash Batches": 1, "Peak Memory Usage": 4297, "Plans": [{"Node Type": "Seq Scan", "Parent Relationship": "Outer", "Relation Name": "supplier", "Alias": "supplier", "Startup Cost": 0.0, "Total Cost": 3283.0, "Plan Rows": 100000, "Plan Width": 12, "Actual Startup Time": 0.021, "Actual Total Time": 39.995, "Actual Rows": 100000, "Actual Loops": 1}]}]}, {"Node Type": "Bitmap Heap Scan", "Parent Relationship": "Inner", "Relation Name": "lineitem", "Alias": "lineitem", "Startup Cost": 0.41, "Total Cost": 4.42, "Plan Rows": 1, "Plan Width": 48, "Actual Startup Time": 5001.899, "Actual Total Time": 13640.682, "Actual Rows": 3256948, "Actual Loops": 434204, "Recheck Cond": "((l_partkey = partsupp.ps_partkey) AND (l_suppkey = partsupp.ps_suppkey))", "Rows Removed by Index Recheck": 0, "Exact Heap Blocks": 3256937, "Lossy Heap Blocks": 3256937, "Plans": [{"Node Type": "Bitmap Index Scan", "Parent Relationship": "Outer", "Index Name": "idx_lineitem_part_supp", "Startup Cost": 0.0, "Total Cost": 0.41, "Plan Rows": 1, "Plan Width": 0, "Actual Startup Time": 2866.192, "Actual Total Time": 2866.192, "Actual Rows": 3256948, "Actual Loops": 434204, "Index Cond": "((l_partkey = partsupp.ps_partkey) AND (l_suppkey = partsupp.ps_suppkey))"}]}]}, {"Node Type": "Bitmap Heap Scan", "Parent Relationship": "Inner", "Relation Name": "orders", "Alias": "orders", "Startup Cost": 0.26, "Total Cost": 4.27, "Plan Rows": 1, "Plan Width": 16, "Actual Startup Time": 29313.016, "Actual Total Time": 29313.016, "Actual Rows": 3256948, "Actual Loops": 3256948, "Recheck Cond": "(o_orderkey = lineitem.l_orderkey)", "Rows Removed by Index Recheck": 0, "Exact Heap Blocks": 3256948, "Lossy Heap Blocks": 3256948, "Plans": [{"Node Type": "Bitmap Index Scan", "Parent Relationship": "Outer", "Index Name": "orders_pkey", "Startup Cost": 0.0, "Total Cost": 0.26, "Plan Rows": 1, "Plan Width": 0, "Actual Startup Time": 18924.404, "Actual Total Time": 18924.404, "Actual Rows": 3256948, "Actual Loops": 3256948, "Index Cond": "(o_orderkey = lineitem.l_orderkey)"}]}]}, {"Node Type": "Seq Scan", "Parent Relationship": "Inner", "Relation Name": "nation", "Alias": "nation", "Startup Cost": 0.0, "Total Cost": 1.25, "Plan Rows": 25, "Plan Width": 30, "Actual Startup Time": 12552.748, "Actual Total Time": 16509.776, "Actual Rows": 42360254, "Actual Loops": 3256948}]}]}]}, "Triggers": [], "Planner Runtime": 41.361, "Total Runtime": 90830.524, "Unique SQL Id": 3628361425}}, "(64, 7)": {"explain_plan": {"Plan": {"Node Type": "Sort", "Startup Cost": 1000008167021.57, "Total Cost": 1000008167021.58, "Plan Rows": 1, "Plan Width": 74, "Sort Key": ["nation.n_name", "(date_part('year'::text, orders.o_orderdate)) DESC"], "Plans": [{"Node Type": "Aggregate", "Strategy": "Hashed", "Parent Relationship": "Outer", "Startup Cost": 1000008167021.55, "Total Cost": 1000008167021.56, "Plan Rows": 1, "Plan Width": 74, "Group By Key": ["nation.n_name", "date_part('year'::text, orders.o_orderdate)"], "Plans": [{"Node Type": "Nested Loop", "Parent Relationship": "Outer", "Join Type": "Inner", "Startup Cost": 10000000002.75, "Total Cost": 1000008167021.53, "Plan Rows": 1, "Plan Width": 66, "Inner Unique": true, "Plans": [{"Node Type": "Nested Loop", "Parent Relationship": "Outer", "Join Type": "Inner", "Startup Cost": 10000000002.5, "Total Cost": 1000008167017.25, "Plan Rows": 1, "Plan Width": 44, "Inner Unique": true, "Plans": [{"Node Type": "Nested Loop", "Parent Relationship": "Outer", "Join Type": "Inner", "Startup Cost": 10000000002.24, "Total Cost": 1000008167012.96, "Plan Rows": 1, "Plan Width": 44, "Inner Unique": true, "Join Filter": "(partsupp.ps_partkey = part.p_partkey)", "Plans": [{"Node Type": "Nested Loop", "Parent Relationship": "Outer", "Join Type": "Inner", "Startup Cost": 10000000001.98, "Total Cost": 1000008166987.25, "Plan Rows": 6, "Plan Width": 60, "Inner Unique": false, "Join Filter": "(supplier.s_suppkey = lineitem.l_suppkey)", "Plans": [{"Node Type": "Nested Loop", "Parent Relationship": "Outer", "Join Type": "Inner", "Startup Cost": 10000000001.57, "Total Cost": 1000002201599.04, "Plan Rows": 1344499, "Plan Width": 36, "Inner Unique": false, "Plans": [{"Node Type": "Index Scan", "Parent Relationship": "Outer", "Scan Direction": "Forward", "Index Name": "idx_supplier_nation_key", "Relation Name": "supplier", "Alias": "supplier", "Startup Cost": 10000000000.0, "Total Cost": 1000001217556.78, "Plan Rows": 100000, "Plan Width": 12}, {"Node Type": "Bitmap Heap Scan", "Parent Relationship": "Inner", "Relation Name": "partsupp", "Alias": "partsupp", "Startup Cost": 1.57, "Total Cost": 9.71, "Plan Rows": 13, "Plan Width": 24, "Recheck Cond": "(ps_suppkey = supplier.s_suppkey)", "Plans": [{"Node Type": "Bitmap Index Scan", "Parent Relationship": "Outer", "Index Name": "idx_partsupp_suppkey", "Startup Cost": 0.0, "Total Cost": 1.56, "Plan Rows": 13, "Plan Width": 0, "Index Cond": "(ps_suppkey = supplier.s_suppkey)"}]}]}, {"Node Type": "Bitmap Heap Scan", "Parent Relationship": "Inner", "Relation Name": "lineitem", "Alias": "lineitem", "Startup Cost": 0.41, "Total Cost": 4.42, "Plan Rows": 1, "Plan Width": 48, "Recheck Cond": "((l_partkey = partsupp.ps_partkey) AND (l_suppkey = partsupp.ps_suppkey))", "Plans": [{"Node Type": "Bitmap Index Scan", "Parent Relationship": "Outer", "Index Name": "idx_lineitem_part_supp", "Startup Cost": 0.0, "Total Cost": 0.41, "Plan Rows": 1, "Plan Width": 0, "Index Cond": "((l_partkey = partsupp.ps_partkey) AND (l_suppkey = partsupp.ps_suppkey))"}]}]}, {"Node Type": "Bitmap Heap Scan", "Parent Relationship": "Inner", "Relation Name": "part", "Alias": "part", "Startup Cost": 0.26, "Total Cost": 4.27, "Plan Rows": 1, "Plan Width": 8, "Recheck Cond": "(p_partkey = lineitem.l_partkey)", "Filter": "((p_name)::text ~~ '%dim%'::text)", "Plans": [{"Node Type": "Bitmap Index Scan", "Parent Relationship": "Outer", "Index Name": "part_kpey", "Startup Cost": 0.0, "Total Cost": 0.26, "Plan Rows": 1, "Plan Width": 0, "Index Cond": "(p_partkey = lineitem.l_partkey)"}]}]}, {"Node Type": "Bitmap Heap Scan", "Parent Relationship": "Inner", "Relation Name": "orders", "Alias": "orders", "Startup Cost": 0.26, "Total Cost": 4.27, "Plan Rows": 1, "Plan Width": 16, "Recheck Cond": "(o_orderkey = lineitem.l_orderkey)", "Plans": [{"Node Type": "Bitmap Index Scan", "Parent Relationship": "Outer", "Index Name": "orders_pkey", "Startup Cost": 0.0, "Total Cost": 0.26, "Plan Rows": 1, "Plan Width": 0, "Index Cond": "(o_orderkey = lineitem.l_orderkey)"}]}]}, {"Node Type": "Bitmap Heap Scan", "Parent Relationship": "Inner", "Relation Name": "nation", "Alias": "nation", "Startup Cost": 0.26, "Total Cost": 4.27, "Plan Rows": 1, "Plan Width": 30, "Recheck Cond": "(n_nationkey = supplier.s_nationkey)", "Plans": [{"Node Type": "Bitmap Index Scan", "Parent Relationship": "Outer", "Index Name": "nation_pkey", "Startup Cost": 0.0, "Total Cost": 0.26, "Plan Rows": 1, "Plan Width": 0, "Index Cond": "(n_nationkey = supplier.s_nationkey)"}]}]}]}]}, "Unique SQL Id": 3628361425}, "explain_analyze_plan": null}, "(64, 8)": {"explain_plan": {"Plan": {"Node Type": "Sort", "Startup Cost": 521166.05, "Total Cost": 521166.06, "Plan Rows": 1, "Plan Width": 74, "Sort Key": ["nation.n_name", "(date_part('year'::text, orders.o_orderdate)) DESC"], "Plans": [{"Node Type": "Aggregate", "Strategy": "Hashed", "Parent Relationship": "Outer", "Startup Cost": 521166.03, "Total Cost": 521166.04, "Plan Rows": 1, "Plan Width": 74, "Group By Key": ["nation.n_name", "date_part('year'::text, orders.o_orderdate)"], "Plans": [{"Node Type": "Nested Loop", "Parent Relationship": "Outer", "Join Type": "Inner", "Startup Cost": 72600.6, "Total Cost": 521166.01, "Plan Rows": 1, "Plan Width": 66, "Inner Unique": true, "Plans": [{"Node Type": "Nested Loop", "Parent Relationship": "Outer", "Join Type": "Inner", "Startup Cost": 72600.6, "Total Cost": 521165.73, "Plan Rows": 1, "Plan Width": 44, "Inner Unique": true, "Plans": [{"Node Type": "Nested Loop", "Parent Relationship": "Outer", "Join Type": "Inner", "Startup Cost": 72600.6, "Total Cost": 521165.43, "Plan Rows": 1, "Plan Width": 44, "Inner Unique": false, "Join Filter": "(supplier.s_suppkey = lineitem.l_suppkey)", "Plans": [{"Node Type": "Hash Join", "Parent Relationship": "Outer", "Join Type": "Inner", "Startup Cost": 72600.6, "Total Cost": 377416.42, "Plan Rows": 125630, "Plan Width": 44, "Inner Unique": true, "Hash Cond": "(partsupp.ps_suppkey = supplier.s_suppkey), (LLVM Optimized)", "Plans": [{"Node Type": "Hash Join", "Parent Relationship": "Outer", "Join Type": "Inner", "Startup Cost": 68067.6, "Total Cost": 370653.38, "Plan Rows": 259666, "Plan Width": 32, "Inner Unique": true, "Hash Cond": "(partsupp.ps_partkey = part.p_partkey), (LLVM Optimized)", "Plans": [{"Node Type": "Seq Scan", "Parent Relationship": "Outer", "Relation Name": "partsupp", "Alias": "partsupp", "Startup Cost": 0.0, "Total Cost": 269987.72, "Plan Rows": 8000372, "Plan Width": 24}, {"Node Type": "Hash", "Parent Relationship": "Inner", "Startup Cost": 66944.0, "Total Cost": 66944.0, "Plan Rows": 89888, "Plan Width": 8, "Plans": [{"Node Type": "Seq Scan", "Parent Relationship": "Outer", "Relation Name": "part", "Alias": "part", "Startup Cost": 0.0, "Total Cost": 66944.0, "Plan Rows": 89888, "Plan Width": 8, "Filter": "((p_name)::text ~~ '%dim%'::text)"}]}]}, {"Node Type": "Hash", "Parent Relationship": "Inner", "Startup Cost": 3283.0, "Total Cost": 3283.0, "Plan Rows": 100000, "Plan Width": 12, "Plans": [{"Node Type": "Seq Scan", "Parent Relationship": "Outer", "Relation Name": "supplier", "Alias": "supplier", "Startup Cost": 0.0, "Total Cost": 3283.0, "Plan Rows": 100000, "Plan Width": 12}]}]}, {"Node Type": "Index Scan", "Parent Relationship": "Inner", "Scan Direction": "Forward", "Index Name": "idx_lineitem_part_supp", "Relation Name": "lineitem", "Alias": "lineitem", "Startup Cost": 0.0, "Total Cost": 1.13, "Plan Rows": 1, "Plan Width": 48, "Index Cond": "((l_partkey = partsupp.ps_partkey) AND (l_suppkey = partsupp.ps_suppkey))"}]}, {"Node Type": "Index Scan", "Parent Relationship": "Inner", "Scan Direction": "Forward", "Index Name": "orders_pkey", "Relation Name": "orders", "Alias": "orders", "Startup Cost": 0.0, "Total Cost": 0.29, "Plan Rows": 1, "Plan Width": 16, "Index Cond": "(o_orderkey = lineitem.l_orderkey)"}]}, {"Node Type": "Index Scan", "Parent Relationship": "Inner", "Scan Direction": "Forward", "Index Name": "nation_pkey", "Relation Name": "nation", "Alias": "nation", "Startup Cost": 0.0, "Total Cost": 0.27, "Plan Rows": 1, "Plan Width": 30, "Index Cond": "(n_nationkey = supplier.s_nationkey)"}]}]}]}, "Unique SQL Id": 3628361425}, "explain_analyze_plan": {"Plan": {"Node Type": "Sort", "Startup Cost": 521166.05, "Total Cost": 521166.06, "Plan Rows": 1, "Plan Width": 74, "Actual Startup Time": 58932.736, "Actual Total Time": 58932.749, "Actual Rows": 175, "Actual Loops": 1, "Sort Key": ["nation.n_name", "(date_part('year'::text, orders.o_orderdate)) DESC"], "Sort Method": "quicksort", "Sort Space Used": 52, "Sort Space Type": "Memory", "Plans": [{"Node Type": "Aggregate", "Strategy": "Hashed", "Parent Relationship": "Outer", "Startup Cost": 521166.03, "Total Cost": 521166.04, "Plan Rows": 1, "Plan Width": 74, "Actual Startup Time": 58932.337, "Actual Total Time": 58932.379, "Actual Rows": 175, "Actual Loops": 1, "Group By Key": ["nation.n_name", "date_part('year'::text, orders.o_orderdate)"], "Plans": [{"Node Type": "Nested Loop", "Parent Relationship": "Outer", "Join Type": "Inner", "Startup Cost": 72600.6, "Total Cost": 521166.01, "Plan Rows": 1, "Plan Width": 66, "Actual Startup Time": 1103.433, "Actual Total Time": 55092.664, "Actual Rows": 3256948, "Actual Loops": 1, "Inner Unique": true, "Plans": [{"Node Type": "Nested Loop", "Parent Relationship": "Outer", "Join Type": "Inner", "Startup Cost": 72600.6, "Total Cost": 521165.73, "Plan Rows": 1, "Plan Width": 44, "Actual Startup Time": 1103.363, "Actual Total Time": 46615.878, "Actual Rows": 3256948, "Actual Loops": 1, "Inner Unique": true, "Plans": [{"Node Type": "Nested Loop", "Parent Relationship": "Outer", "Join Type": "Inner", "Startup Cost": 72600.6, "Total Cost": 521165.43, "Plan Rows": 1, "Plan Width": 44, "Actual Startup Time": 1103.339, "Actual Total Time": 18831.717, "Actual Rows": 3256948, "Actual Loops": 1, "Inner Unique": false, "Join Filter": "(supplier.s_suppkey = lineitem.l_suppkey)", "Rows Removed by Join Filter": 0, "Plans": [{"Node Type": "Hash Join", "Parent Relationship": "Outer", "Join Type": "Inner", "Startup Cost": 72600.6, "Total Cost": 377416.42, "Plan Rows": 125630, "Plan Width": 44, "Actual Startup Time": 1103.287, "Actual Total Time": 6244.441, "Actual Rows": 434204, "Actual Loops": 1, "Inner Unique": true, "Hash Cond": "(partsupp.ps_suppkey = supplier.s_suppkey), (LLVM Optimized, Jit Execute)", "Plans": [{"Node Type": "Hash Join", "Parent Relationship": "Outer", "Join Type": "Inner", "Startup Cost": 68067.6, "Total Cost": 370653.38, "Plan Rows": 259666, "Plan Width": 32, "Actual Startup Time": 1038.788, "Actual Total Time": 5788.774, "Actual Rows": 434204, "Actual Loops": 1, "Inner Unique": true, "Hash Cond": "(partsupp.ps_partkey = part.p_partkey), (LLVM Optimized, Jit Execute)", "Plans": [{"Node Type": "Seq Scan", "Parent Relationship": "Outer", "Relation Name": "partsupp", "Alias": "partsupp", "Startup Cost": 0.0, "Total Cost": 269987.72, "Plan Rows": 8000372, "Plan Width": 24, "Actual Startup Time": 0.012, "Actual Total Time": 2567.433, "Actual Rows": 8000000, "Actual Loops": 1}, {"Node Type": "Hash", "Parent Relationship": "Inner", "Startup Cost": 66944.0, "Total Cost": 66944.0, "Plan Rows": 89888, "Plan Width": 8, "Actual Startup Time": 1038.64, "Actual Total Time": 1038.64, "Actual Rows": 108551, "Actual Loops": 1, "Hash Buckets": 131072, "Hash Batches": 1, "Original Hash Batches": 1, "Peak Memory Usage": 4241, "Plans": [{"Node Type": "Seq Scan", "Parent Relationship": "Outer", "Relation Name": "part", "Alias": "part", "Startup Cost": 0.0, "Total Cost": 66944.0, "Plan Rows": 89888, "Plan Width": 8, "Actual Startup Time": 0.042, "Actual Total Time": 1000.506, "Actual Rows": 108551, "Actual Loops": 1, "Filter": "((p_name)::text ~~ '%dim%'::text)", "Rows Removed by Filter": 1891449}]}]}, {"Node Type": "Hash", "Parent Relationship": "Inner", "Startup Cost": 3283.0, "Total Cost": 3283.0, "Plan Rows": 100000, "Plan Width": 12, "Actual Startup Time": 64.394, "Actual Total Time": 64.394, "Actual Rows": 100000, "Actual Loops": 1, "Hash Buckets": 131072, "Hash Batches": 1, "Original Hash Batches": 1, "Peak Memory Usage": 4297, "Plans": [{"Node Type": "Seq Scan", "Parent Relationship": "Outer", "Relation Name": "supplier", "Alias": "supplier", "Startup Cost": 0.0, "Total Cost": 3283.0, "Plan Rows": 100000, "Plan Width": 12, "Actual Startup Time": 0.03, "Actual Total Time": 36.628, "Actual Rows": 100000, "Actual Loops": 1}]}]}, {"Node Type": "Index Scan", "Parent Relationship": "Inner", "Scan Direction": "Forward", "Index Name": "idx_lineitem_part_supp", "Relation Name": "lineitem", "Alias": "lineitem", "Startup Cost": 0.0, "Total Cost": 1.13, "Plan Rows": 1, "Plan Width": 48, "Actual Startup Time": 3128.663, "Actual Total Time": 10882.76, "Actual Rows": 3256948, "Actual Loops": 434204, "Index Cond": "((l_partkey = partsupp.ps_partkey) AND (l_suppkey = partsupp.ps_suppkey))", "Rows Removed by Index Recheck": 0}]}, {"Node Type": "Index Scan", "Parent Relationship": "Inner", "Scan Direction": "Forward", "Index Name": "orders_pkey", "Relation Name": "orders", "Alias": "orders", "Startup Cost": 0.0, "Total Cost": 0.29, "Plan Rows": 1, "Plan Width": 16, "Actual Startup Time": 24997.016, "Actual Total Time": 24997.016, "Actual Rows": 3256948, "Actual Loops": 3256948, "Index Cond": "(o_orderkey = lineitem.l_orderkey)", "Rows Removed by Index Recheck": 0}]}, {"Node Type": "Index Scan", "Parent Relationship": "Inner", "Scan Direction": "Forward", "Index Name": "nation_pkey", "Relation Name": "nation", "Alias": "nation", "Startup Cost": 0.0, "Total Cost": 0.27, "Plan Rows": 1, "Plan Width": 30, "Actual Startup Time": 4454.455, "Actual Total Time": 4454.455, "Actual Rows": 3256948, "Actual Loops": 3256948, "Index Cond": "(n_nationkey = supplier.s_nationkey)", "Rows Removed by Index Recheck": 0}]}]}]}, "Triggers": [], "Planner Runtime": 35.792, "Total Runtime": 58943.737, "Unique SQL Id": 3628361425}}, "(64, 9)": {"explain_plan": {"Plan": {"Node Type": "Sort", "Startup Cost": 701189.51, "Total Cost": 701189.52, "Plan Rows": 1, "Plan Width": 74, "Sort Key": ["nation.n_name", "(date_part('year'::text, orders.o_orderdate)) DESC"], "Plans": [{"Node Type": "Aggregate", "Strategy": "Hashed", "Parent Relationship": "Outer", "Startup Cost": 701189.49, "Total Cost": 701189.5, "Plan Rows": 1, "Plan Width": 74, "Group By Key": ["nation.n_name", "date_part('year'::text, orders.o_orderdate)"], "Plans": [{"Node Type": "Nested Loop", "Parent Relationship": "Outer", "Join Type": "Inner", "Startup Cost": 6584.54, "Total Cost": 701189.47, "Plan Rows": 1, "Plan Width": 66, "Inner Unique": true, "Plans": [{"Node Type": "Nested Loop", "Parent Relationship": "Outer", "Join Type": "Inner", "Startup Cost": 6584.54, "Total Cost": 701189.19, "Plan Rows": 1, "Plan Width": 44, "Inner Unique": true, "Plans": [{"Node Type": "Nested Loop", "Parent Relationship": "Outer", "Join Type": "Inner", "Startup Cost": 6584.54, "Total Cost": 701188.89, "Plan Rows": 1, "Plan Width": 44, "Inner Unique": false, "Join Filter": "(supplier.s_suppkey = lineitem.l_suppkey)", "Plans": [{"Node Type": "Hash Join", "Parent Relationship": "Outer", "Join Type": "Inner", "Startup Cost": 6584.54, "Total Cost": 557439.88, "Plan Rows": 125630, "Plan Width": 44, "Inner Unique": true, "Hash Cond": "(partsupp.ps_suppkey = supplier.s_suppkey), (LLVM Optimized)", "Plans": [{"Node Type": "Nested Loop", "Parent Relationship": "Outer", "Join Type": "Inner", "Startup Cost": 0.0, "Total Cost": 548625.29, "Plan Rows": 259666, "Plan Width": 32, "Inner Unique": false, "Plans": [{"Node Type": "Index Scan", "Parent Relationship": "Outer", "Scan Direction": "Forward", "Index Name": "part_kpey", "Relation Name": "part", "Alias": "part", "Startup Cost": 0.0, "Total Cost": 105803.25, "Plan Rows": 89888, "Plan Width": 8, "Filter": "((p_name)::text ~~ '%dim%'::text)"}, {"Node Type": "Index Scan", "Parent Relationship": "Inner", "Scan Direction": "Forward", "Index Name": "idx_partsupp_partkey", "Relation Name": "partsupp", "Alias": "partsupp", "Startup Cost": 0.0, "Total Cost": 4.9, "Plan Rows": 3, "Plan Width": 24, "Index Cond": "(ps_partkey = part.p_partkey)"}]}, {"Node Type": "Hash", "Parent Relationship": "Inner", "Startup Cost": 5334.54, "Total Cost": 5334.54, "Plan Rows": 100000, "Plan Width": 12, "Plans": [{"Node Type": "Index Scan", "Parent Relationship": "Outer", "Scan Direction": "Forward", "Index Name": "supplier_pkey", "Relation Name": "supplier", "Alias": "supplier", "Startup Cost": 0.0, "Total Cost": 5334.54, "Plan Rows": 100000, "Plan Width": 12}]}]}, {"Node Type": "Index Scan", "Parent Relationship": "Inner", "Scan Direction": "Forward", "Index Name": "idx_lineitem_part_supp", "Relation Name": "lineitem", "Alias": "lineitem", "Startup Cost": 0.0, "Total Cost": 1.13, "Plan Rows": 1, "Plan Width": 48, "Index Cond": "((l_partkey = partsupp.ps_partkey) AND (l_suppkey = partsupp.ps_suppkey))"}]}, {"Node Type": "Index Scan", "Parent Relationship": "Inner", "Scan Direction": "Forward", "Index Name": "orders_pkey", "Relation Name": "orders", "Alias": "orders", "Startup Cost": 0.0, "Total Cost": 0.29, "Plan Rows": 1, "Plan Width": 16, "Index Cond": "(o_orderkey = lineitem.l_orderkey)"}]}, {"Node Type": "Index Scan", "Parent Relationship": "Inner", "Scan Direction": "Forward", "Index Name": "nation_pkey", "Relation Name": "nation", "Alias": "nation", "Startup Cost": 0.0, "Total Cost": 0.27, "Plan Rows": 1, "Plan Width": 30, "Index Cond": "(n_nationkey = supplier.s_nationkey)"}]}]}]}, "Unique SQL Id": 3628361425}, "explain_analyze_plan": {"Plan": {"Node Type": "Sort", "Startup Cost": 701189.51, "Total Cost": 701189.52, "Plan Rows": 1, "Plan Width": 74, "Actual Startup Time": 57219.783, "Actual Total Time": 57219.796, "Actual Rows": 175, "Actual Loops": 1, "Sort Key": ["nation.n_name", "(date_part('year'::text, orders.o_orderdate)) DESC"], "Sort Method": "quicksort", "Sort Space Used": 52, "Sort Space Type": "Memory", "Plans": [{"Node Type": "Aggregate", "Strategy": "Hashed", "Parent Relationship": "Outer", "Startup Cost": 701189.49, "Total Cost": 701189.5, "Plan Rows": 1, "Plan Width": 74, "Actual Startup Time": 57219.414, "Actual Total Time": 57219.454, "Actual Rows": 175, "Actual Loops": 1, "Group By Key": ["nation.n_name", "date_part('year'::text, orders.o_orderdate)"], "Plans": [{"Node Type": "Nested Loop", "Parent Relationship": "Outer", "Join Type": "Inner", "Startup Cost": 6584.54, "Total Cost": 701189.47, "Plan Rows": 1, "Plan Width": 66, "Actual Startup Time": 106.96, "Actual Total Time": 53460.735, "Actual Rows": 3256948, "Actual Loops": 1, "Inner Unique": true, "Plans": [{"Node Type": "Nested Loop", "Parent Relationship": "Outer", "Join Type": "Inner", "Startup Cost": 6584.54, "Total Cost": 701189.19, "Plan Rows": 1, "Plan Width": 44, "Actual Startup Time": 106.934, "Actual Total Time": 44656.25, "Actual Rows": 3256948, "Actual Loops": 1, "Inner Unique": true, "Plans": [{"Node Type": "Nested Loop", "Parent Relationship": "Outer", "Join Type": "Inner", "Startup Cost": 6584.54, "Total Cost": 701188.89, "Plan Rows": 1, "Plan Width": 44, "Actual Startup Time": 106.911, "Actual Total Time": 16146.218, "Actual Rows": 3256948, "Actual Loops": 1, "Inner Unique": false, "Join Filter": "(supplier.s_suppkey = lineitem.l_suppkey)", "Rows Removed by Join Filter": 0, "Plans": [{"Node Type": "Hash Join", "Parent Relationship": "Outer", "Join Type": "Inner", "Startup Cost": 6584.54, "Total Cost": 557439.88, "Plan Rows": 125630, "Plan Width": 44, "Actual Startup Time": 106.873, "Actual Total Time": 3440.596, "Actual Rows": 434204, "Actual Loops": 1, "Inner Unique": true, "Hash Cond": "(partsupp.ps_suppkey = supplier.s_suppkey), (LLVM Optimized, Jit Execute)", "Plans": [{"Node Type": "Nested Loop", "Parent Relationship": "Outer", "Join Type": "Inner", "Startup Cost": 0.0, "Total Cost": 548625.29, "Plan Rows": 259666, "Plan Width": 32, "Actual Startup Time": 0.076, "Actual Total Time": 2929.188, "Actual Rows": 434204, "Actual Loops": 1, "Inner Unique": false, "Plans": [{"Node Type": "Index Scan", "Parent Relationship": "Outer", "Scan Direction": "Forward", "Index Name": "part_kpey", "Relation Name": "part", "Alias": "part", "Startup Cost": 0.0, "Total Cost": 105803.25, "Plan Rows": 89888, "Plan Width": 8, "Actual Startup Time": 0.056, "Actual Total Time": 1746.962, "Actual Rows": 108551, "Actual Loops": 1, "Filter": "((p_name)::text ~~ '%dim%'::text)", "Rows Removed by Filter": 1891449}, {"Node Type": "Index Scan", "Parent Relationship": "Inner", "Scan Direction": "Forward", "Index Name": "idx_partsupp_partkey", "Relation Name": "partsupp", "Alias": "partsupp", "Startup Cost": 0.0, "Total Cost": 4.9, "Plan Rows": 3, "Plan Width": 24, "Actual Startup Time": 684.56, "Actual Total Time": 978.245, "Actual Rows": 434204, "Actual Loops": 108551, "Index Cond": "(ps_partkey = part.p_partkey)", "Rows Removed by Index Recheck": 0}]}, {"Node Type": "Hash", "Parent Relationship": "Inner", "Startup Cost": 5334.54, "Total Cost": 5334.54, "Plan Rows": 100000, "Plan Width": 12, "Actual Startup Time": 106.68, "Actual Total Time": 106.68, "Actual Rows": 100000, "Actual Loops": 1, "Hash Buckets": 131072, "Hash Batches": 1, "Original Hash Batches": 1, "Peak Memory Usage": 4297, "Plans": [{"Node Type": "Index Scan", "Parent Relationship": "Outer", "Scan Direction": "Forward", "Index Name": "supplier_pkey", "Relation Name": "supplier", "Alias": "supplier", "Startup Cost": 0.0, "Total Cost": 5334.54, "Plan Rows": 100000, "Plan Width": 12, "Actual Startup Time": 0.02, "Actual Total Time": 78.377, "Actual Rows": 100000, "Actual Loops": 1}]}]}, {"Node Type": "Index Scan", "Parent Relationship": "Inner", "Scan Direction": "Forward", "Index Name": "idx_lineitem_part_supp", "Relation Name": "lineitem", "Alias": "lineitem", "Startup Cost": 0.0, "Total Cost": 1.13, "Plan Rows": 1, "Plan Width": 48, "Actual Startup Time": 3174.504, "Actual Total Time": 11019.482, "Actual Rows": 3256948, "Actual Loops": 434204, "Index Cond": "((l_partkey = partsupp.ps_partkey) AND (l_suppkey = partsupp.ps_suppkey))", "Rows Removed by Index Recheck": 0}]}, {"Node Type": "Index Scan", "Parent Relationship": "Inner", "Scan Direction": "Forward", "Index Name": "orders_pkey", "Relation Name": "orders", "Alias": "orders", "Startup Cost": 0.0, "Total Cost": 0.29, "Plan Rows": 1, "Plan Width": 16, "Actual Startup Time": 25705.885, "Actual Total Time": 25705.885, "Actual Rows": 3256948, "Actual Loops": 3256948, "Index Cond": "(o_orderkey = lineitem.l_orderkey)", "Rows Removed by Index Recheck": 0}]}, {"Node Type": "Index Scan", "Parent Relationship": "Inner", "Scan Direction": "Forward", "Index Name": "nation_pkey", "Relation Name": "nation", "Alias": "nation", "Startup Cost": 0.0, "Total Cost": 0.27, "Plan Rows": 1, "Plan Width": 30, "Actual Startup Time": 4680.015, "Actual Total Time": 4680.015, "Actual Rows": 3256948, "Actual Loops": 3256948, "Index Cond": "(n_nationkey = supplier.s_nationkey)", "Rows Removed by Index Recheck": 0}]}]}]}, "Triggers": [], "Planner Runtime": 33.676, "Total Runtime": 57229.802, "Unique SQL Id": 3628361425}}, "(64, 10)": {"explain_plan": {"Plan": {"Node Type": "Sort", "Startup Cost": 3188400.29, "Total Cost": 3188400.29, "Plan Rows": 1, "Plan Width": 74, "Sort Key": ["nation.n_name", "(date_part('year'::text, orders.o_orderdate)) DESC"], "Plans": [{"Node Type": "Aggregate", "Strategy": "Hashed", "Parent Relationship": "Outer", "Startup Cost": 3188400.27, "Total Cost": 3188400.28, "Plan Rows": 1, "Plan Width": 74, "Group By Key": ["nation.n_name", "date_part('year'::text, orders.o_orderdate)"], "Plans": [{"Node Type": "Nested Loop", "Parent Relationship": "Outer", "Join Type": "Inner", "Startup Cost": 2705736.84, "Total Cost": 3188400.25, "Plan Rows": 1, "Plan Width": 66, "Inner Unique": true, "Join Filter": "(supplier.s_nationkey = nation.n_nationkey)", "Plans": [{"Node Type": "Hash Join", "Parent Relationship": "Outer", "Join Type": "Inner", "Startup Cost": 2705736.84, "Total Cost": 3188398.68, "Plan Rows": 1, "Plan Width": 44, "Inner Unique": false, "Hash Cond": "(orders.o_orderkey = lineitem.l_orderkey)", "Plans": [{"Node Type": "Seq Scan", "Parent Relationship": "Outer", "Relation Name": "orders", "Alias": "orders", "Startup Cost": 0.0, "Total Cost": 426413.79, "Plan Rows": 14999479, "Plan Width": 16}, {"Node Type": "Hash", "Parent Relationship": "Inner", "Startup Cost": 2705736.82, "Total Cost": 2705736.82, "Plan Rows": 1, "Plan Width": 44, "Plans": [{"Node Type": "Hash Join", "Parent Relationship": "Outer", "Join Type": "Inner", "Startup Cost": 406202.19, "Total Cost": 2705736.82, "Plan Rows": 1, "Plan Width": 44, "Inner Unique": false, "Hash Cond": "((lineitem.l_suppkey = partsupp.ps_suppkey) AND (lineitem.l_partkey = partsupp.ps_partkey))", "Plans": [{"Node Type": "Hash Join", "Parent Relationship": "Outer", "Join Type": "Inner", "Startup Cost": 68067.6, "Total Cost": 2313089.96, "Plan Rows": 495566, "Plan Width": 56, "Inner Unique": true, "Hash Cond": "(lineitem.l_partkey = part.p_partkey), (LLVM Optimized)", "Plans": [{"Node Type": "Seq Scan", "Parent Relationship": "Outer", "Relation Name": "lineitem", "Alias": "lineitem", "Startup Cost": 0.0, "Total Cost": 2015115.33, "Plan Rows": 59987033, "Plan Width": 48}, {"Node Type": "Hash", "Parent Relationship": "Inner", "Startup Cost": 66944.0, "Total Cost": 66944.0, "Plan Rows": 89888, "Plan Width": 8, "Plans": [{"Node Type": "Seq Scan", "Parent Relationship": "Outer", "Relation Name": "part", "Alias": "part", "Startup Cost": 0.0, "Total Cost": 66944.0, "Plan Rows": 89888, "Plan Width": 8, "Filter": "((p_name)::text ~~ '%dim%'::text)"}]}]}, {"Node Type": "Hash", "Parent Relationship": "Inner", "Startup Cost": 317967.1, "Total Cost": 317967.1, "Plan Rows": 1344499, "Plan Width": 36, "Plans": [{"Node Type": "Hash Join", "Parent Relationship": "Outer", "Join Type": "Inner", "Startup Cost": 4533.0, "Total Cost": 317967.1, "Plan Rows": 1344499, "Plan Width": 36, "Inner Unique": true, "Hash Cond": "(partsupp.ps_suppkey = supplier.s_suppkey), (LLVM Optimized)", "Plans": [{"Node Type": "Seq Scan", "Parent Relationship": "Outer", "Relation Name": "partsupp", "Alias": "partsupp", "Startup Cost": 0.0, "Total Cost": 269987.72, "Plan Rows": 8000372, "Plan Width": 24}, {"Node Type": "Hash", "Parent Relationship": "Inner", "Startup Cost": 3283.0, "Total Cost": 3283.0, "Plan Rows": 100000, "Plan Width": 12, "Plans": [{"Node Type": "Seq Scan", "Parent Relationship": "Outer", "Relation Name": "supplier", "Alias": "supplier", "Startup Cost": 0.0, "Total Cost": 3283.0, "Plan Rows": 100000, "Plan Width": 12}]}]}]}]}]}]}, {"Node Type": "Seq Scan", "Parent Relationship": "Inner", "Relation Name": "nation", "Alias": "nation", "Startup Cost": 0.0, "Total Cost": 1.25, "Plan Rows": 25, "Plan Width": 30}]}]}]}, "Unique SQL Id": 3628361425}, "explain_analyze_plan": null}, "(64, 11)": {"explain_plan": {"Plan": {"Node Type": "Sort", "Startup Cost": 6000839471774.72, "Total Cost": 6000839471774.72, "Plan Rows": 1, "Plan Width": 74, "Sort Key": ["nation.n_name", "(date_part('year'::text, orders.o_orderdate)) DESC"], "Plans": [{"Node Type": "Aggregate", "Strategy": "Hashed", "Parent Relationship": "Outer", "Startup Cost": 6000839471774.69, "Total Cost": 6000839471774.71, "Plan Rows": 1, "Plan Width": 74, "Group By Key": ["nation.n_name", "date_part('year'::text, orders.o_orderdate)"], "Plans": [{"Node Type": "Nested Loop", "Parent Relationship": "Outer", "Join Type": "Inner", "Startup Cost": 60035393416.8, "Total Cost": 6000839471774.68, "Plan Rows": 1, "Plan Width": 66, "Inner Unique": true, "Plans": [{"Node Type": "Merge Join", "Parent Relationship": "Outer", "Join Type": "Inner", "Startup Cost": 50035393416.8, "Total Cost": 5000839471745.44, "Plan Rows": 1, "Plan Width": 66, "Inner Unique": true, "Merge Cond": "(partsupp.ps_partkey = part.p_partkey)", "Plans": [{"Node Type": "Nested Loop", "Parent Relationship": "Outer", "Join Type": "Inner", "Startup Cost": 40035393416.8, "Total Cost": 4000828891195.69, "Plan Rows": 6, "Plan Width": 82, "Inner Unique": true, "Join Filter": "(supplier.s_nationkey = nation.n_nationkey)", "Plans": [{"Node Type": "Nested Loop", "Parent Relationship": "Outer", "Join Type": "Inner", "Startup Cost": 30035393416.8, "Total Cost": 3000828889930.88, "Plan Rows": 6, "Plan Width": 60, "Inner Unique": true, "Join Filter": "(lineitem.l_suppkey = supplier.s_suppkey)", "Plans": [{"Node Type": "Merge Join", "Parent Relationship": "Outer", "Join Type": "Inner", "Startup Cost": 20035393416.8, "Total Cost": 2000828314226.5, "Plan Rows": 28, "Plan Width": 72, "Inner Unique": true, "Merge Cond": "((lineitem.l_partkey = partsupp.ps_partkey) AND (lineitem.l_suppkey = partsupp.ps_suppkey))", "Plans": [{"Node Type": "Index Scan", "Parent Relationship": "Outer", "Scan Direction": "Forward", "Index Name": "idx_lineitem_part_supp", "Relation Name": "lineitem", "Alias": "lineitem", "Startup Cost": 10000000000.0, "Total Cost": 1000775391319.64, "Plan Rows": 59987033, "Plan Width": 48}, {"Node Type": "Index Scan", "Parent Relationship": "Inner", "Scan Direction": "Forward", "Index Name": "partsupp_pkey", "Relation Name": "partsupp", "Alias": "partsupp", "Startup Cost": 10000000000.0, "Total Cost": 1000071640963.22, "Plan Rows": 8000372, "Plan Width": 24}]}, {"Node Type": "Materialize", "Parent Relationship": "Inner", "Startup Cost": 10000000000.0, "Total Cost": 1000000533954.38, "Plan Rows": 100000, "Plan Width": 12, "Plans": [{"Node Type": "Index Scan", "Parent Relationship": "Outer", "Scan Direction": "Forward", "Index Name": "supplier_pkey", "Relation Name": "supplier", "Alias": "supplier", "Startup Cost": 10000000000.0, "Total Cost": 1000000533454.38, "Plan Rows": 100000, "Plan Width": 12}]}]}, {"Node Type": "Materialize", "Parent Relationship": "Inner", "Startup Cost": 10000000000.0, "Total Cost": 1000000001262.62, "Plan Rows": 25, "Plan Width": 30, "Plans": [{"Node Type": "Index Scan", "Parent Relationship": "Outer", "Scan Direction": "Forward", "Index Name": "nation_pkey", "Relation Name": "nation", "Alias": "nation", "Startup Cost": 10000000000.0, "Total Cost": 1000000001262.5, "Plan Rows": 25, "Plan Width": 30}]}]}, {"Node Type": "Index Scan", "Parent Relationship": "Inner", "Scan Direction": "Forward", "Index Name": "part_kpey", "Relation Name": "part", "Alias": "part", "Startup Cost": 10000000000.0, "Total Cost": 1000010580325.0, "Plan Rows": 89888, "Plan Width": 8, "Filter": "((p_name)::text ~~ '%dim%'::text)"}]}, {"Node Type": "Index Scan", "Parent Relationship": "Inner", "Scan Direction": "Forward", "Index Name": "orders_pkey", "Relation Name": "orders", "Alias": "orders", "Startup Cost": 10000000000.0, "Total Cost": 1000000000029.23, "Plan Rows": 1, "Plan Width": 16, "Index Cond": "(o_orderkey = lineitem.l_orderkey)"}]}]}]}, "Unique SQL Id": 3628361425}, "explain_analyze_plan": null}, "(64, 12)": {"explain_plan": {"Plan": {"Node Type": "Sort", "Startup Cost": 521166.05, "Total Cost": 521166.06, "Plan Rows": 1, "Plan Width": 74, "Sort Key": ["nation.n_name", "(date_part('year'::text, orders.o_orderdate)) DESC"], "Plans": [{"Node Type": "Aggregate", "Strategy": "Hashed", "Parent Relationship": "Outer", "Startup Cost": 521166.03, "Total Cost": 521166.04, "Plan Rows": 1, "Plan Width": 74, "Group By Key": ["nation.n_name", "date_part('year'::text, orders.o_orderdate)"], "Plans": [{"Node Type": "Nested Loop", "Parent Relationship": "Outer", "Join Type": "Inner", "Startup Cost": 72600.6, "Total Cost": 521166.01, "Plan Rows": 1, "Plan Width": 66, "Inner Unique": true, "Plans": [{"Node Type": "Nested Loop", "Parent Relationship": "Outer", "Join Type": "Inner", "Startup Cost": 72600.6, "Total Cost": 521165.73, "Plan Rows": 1, "Plan Width": 44, "Inner Unique": true, "Plans": [{"Node Type": "Nested Loop", "Parent Relationship": "Outer", "Join Type": "Inner", "Startup Cost": 72600.6, "Total Cost": 521165.43, "Plan Rows": 1, "Plan Width": 44, "Inner Unique": false, "Join Filter": "(supplier.s_suppkey = lineitem.l_suppkey)", "Plans": [{"Node Type": "Hash Join", "Parent Relationship": "Outer", "Join Type": "Inner", "Startup Cost": 72600.6, "Total Cost": 377416.42, "Plan Rows": 125630, "Plan Width": 44, "Inner Unique": true, "Hash Cond": "(partsupp.ps_suppkey = supplier.s_suppkey), (LLVM Optimized)", "Plans": [{"Node Type": "Hash Join", "Parent Relationship": "Outer", "Join Type": "Inner", "Startup Cost": 68067.6, "Total Cost": 370653.38, "Plan Rows": 259666, "Plan Width": 32, "Inner Unique": true, "Hash Cond": "(partsupp.ps_partkey = part.p_partkey), (LLVM Optimized)", "Plans": [{"Node Type": "Seq Scan", "Parent Relationship": "Outer", "Relation Name": "partsupp", "Alias": "partsupp", "Startup Cost": 0.0, "Total Cost": 269987.72, "Plan Rows": 8000372, "Plan Width": 24}, {"Node Type": "Hash", "Parent Relationship": "Inner", "Startup Cost": 66944.0, "Total Cost": 66944.0, "Plan Rows": 89888, "Plan Width": 8, "Plans": [{"Node Type": "Seq Scan", "Parent Relationship": "Outer", "Relation Name": "part", "Alias": "part", "Startup Cost": 0.0, "Total Cost": 66944.0, "Plan Rows": 89888, "Plan Width": 8, "Filter": "((p_name)::text ~~ '%dim%'::text)"}]}]}, {"Node Type": "Hash", "Parent Relationship": "Inner", "Startup Cost": 3283.0, "Total Cost": 3283.0, "Plan Rows": 100000, "Plan Width": 12, "Plans": [{"Node Type": "Seq Scan", "Parent Relationship": "Outer", "Relation Name": "supplier", "Alias": "supplier", "Startup Cost": 0.0, "Total Cost": 3283.0, "Plan Rows": 100000, "Plan Width": 12}]}]}, {"Node Type": "Index Scan", "Parent Relationship": "Inner", "Scan Direction": "Forward", "Index Name": "idx_lineitem_part_supp", "Relation Name": "lineitem", "Alias": "lineitem", "Startup Cost": 0.0, "Total Cost": 1.13, "Plan Rows": 1, "Plan Width": 48, "Index Cond": "((l_partkey = partsupp.ps_partkey) AND (l_suppkey = partsupp.ps_suppkey))"}]}, {"Node Type": "Index Scan", "Parent Relationship": "Inner", "Scan Direction": "Forward", "Index Name": "orders_pkey", "Relation Name": "orders", "Alias": "orders", "Startup Cost": 0.0, "Total Cost": 0.29, "Plan Rows": 1, "Plan Width": 16, "Index Cond": "(o_orderkey = lineitem.l_orderkey)"}]}, {"Node Type": "Index Scan", "Parent Relationship": "Inner", "Scan Direction": "Forward", "Index Name": "nation_pkey", "Relation Name": "nation", "Alias": "nation", "Startup Cost": 0.0, "Total Cost": 0.27, "Plan Rows": 1, "Plan Width": 30, "Index Cond": "(n_nationkey = supplier.s_nationkey)"}]}]}]}, "Unique SQL Id": 3628361425}, "explain_analyze_plan": {"Plan": {"Node Type": "Sort", "Startup Cost": 521166.05, "Total Cost": 521166.06, "Plan Rows": 1, "Plan Width": 74, "Actual Startup Time": 58932.736, "Actual Total Time": 58932.749, "Actual Rows": 175, "Actual Loops": 1, "Sort Key": ["nation.n_name", "(date_part('year'::text, orders.o_orderdate)) DESC"], "Sort Method": "quicksort", "Sort Space Used": 52, "Sort Space Type": "Memory", "Plans": [{"Node Type": "Aggregate", "Strategy": "Hashed", "Parent Relationship": "Outer", "Startup Cost": 521166.03, "Total Cost": 521166.04, "Plan Rows": 1, "Plan Width": 74, "Actual Startup Time": 58932.337, "Actual Total Time": 58932.379, "Actual Rows": 175, "Actual Loops": 1, "Group By Key": ["nation.n_name", "date_part('year'::text, orders.o_orderdate)"], "Plans": [{"Node Type": "Nested Loop", "Parent Relationship": "Outer", "Join Type": "Inner", "Startup Cost": 72600.6, "Total Cost": 521166.01, "Plan Rows": 1, "Plan Width": 66, "Actual Startup Time": 1103.433, "Actual Total Time": 55092.664, "Actual Rows": 3256948, "Actual Loops": 1, "Inner Unique": true, "Plans": [{"Node Type": "Nested Loop", "Parent Relationship": "Outer", "Join Type": "Inner", "Startup Cost": 72600.6, "Total Cost": 521165.73, "Plan Rows": 1, "Plan Width": 44, "Actual Startup Time": 1103.363, "Actual Total Time": 46615.878, "Actual Rows": 3256948, "Actual Loops": 1, "Inner Unique": true, "Plans": [{"Node Type": "Nested Loop", "Parent Relationship": "Outer", "Join Type": "Inner", "Startup Cost": 72600.6, "Total Cost": 521165.43, "Plan Rows": 1, "Plan Width": 44, "Actual Startup Time": 1103.339, "Actual Total Time": 18831.717, "Actual Rows": 3256948, "Actual Loops": 1, "Inner Unique": false, "Join Filter": "(supplier.s_suppkey = lineitem.l_suppkey)", "Rows Removed by Join Filter": 0, "Plans": [{"Node Type": "Hash Join", "Parent Relationship": "Outer", "Join Type": "Inner", "Startup Cost": 72600.6, "Total Cost": 377416.42, "Plan Rows": 125630, "Plan Width": 44, "Actual Startup Time": 1103.287, "Actual Total Time": 6244.441, "Actual Rows": 434204, "Actual Loops": 1, "Inner Unique": true, "Hash Cond": "(partsupp.ps_suppkey = supplier.s_suppkey), (LLVM Optimized, Jit Execute)", "Plans": [{"Node Type": "Hash Join", "Parent Relationship": "Outer", "Join Type": "Inner", "Startup Cost": 68067.6, "Total Cost": 370653.38, "Plan Rows": 259666, "Plan Width": 32, "Actual Startup Time": 1038.788, "Actual Total Time": 5788.774, "Actual Rows": 434204, "Actual Loops": 1, "Inner Unique": true, "Hash Cond": "(partsupp.ps_partkey = part.p_partkey), (LLVM Optimized, Jit Execute)", "Plans": [{"Node Type": "Seq Scan", "Parent Relationship": "Outer", "Relation Name": "partsupp", "Alias": "partsupp", "Startup Cost": 0.0, "Total Cost": 269987.72, "Plan Rows": 8000372, "Plan Width": 24, "Actual Startup Time": 0.012, "Actual Total Time": 2567.433, "Actual Rows": 8000000, "Actual Loops": 1}, {"Node Type": "Hash", "Parent Relationship": "Inner", "Startup Cost": 66944.0, "Total Cost": 66944.0, "Plan Rows": 89888, "Plan Width": 8, "Actual Startup Time": 1038.64, "Actual Total Time": 1038.64, "Actual Rows": 108551, "Actual Loops": 1, "Hash Buckets": 131072, "Hash Batches": 1, "Original Hash Batches": 1, "Peak Memory Usage": 4241, "Plans": [{"Node Type": "Seq Scan", "Parent Relationship": "Outer", "Relation Name": "part", "Alias": "part", "Startup Cost": 0.0, "Total Cost": 66944.0, "Plan Rows": 89888, "Plan Width": 8, "Actual Startup Time": 0.042, "Actual Total Time": 1000.506, "Actual Rows": 108551, "Actual Loops": 1, "Filter": "((p_name)::text ~~ '%dim%'::text)", "Rows Removed by Filter": 1891449}]}]}, {"Node Type": "Hash", "Parent Relationship": "Inner", "Startup Cost": 3283.0, "Total Cost": 3283.0, "Plan Rows": 100000, "Plan Width": 12, "Actual Startup Time": 64.394, "Actual Total Time": 64.394, "Actual Rows": 100000, "Actual Loops": 1, "Hash Buckets": 131072, "Hash Batches": 1, "Original Hash Batches": 1, "Peak Memory Usage": 4297, "Plans": [{"Node Type": "Seq Scan", "Parent Relationship": "Outer", "Relation Name": "supplier", "Alias": "supplier", "Startup Cost": 0.0, "Total Cost": 3283.0, "Plan Rows": 100000, "Plan Width": 12, "Actual Startup Time": 0.03, "Actual Total Time": 36.628, "Actual Rows": 100000, "Actual Loops": 1}]}]}, {"Node Type": "Index Scan", "Parent Relationship": "Inner", "Scan Direction": "Forward", "Index Name": "idx_lineitem_part_supp", "Relation Name": "lineitem", "Alias": "lineitem", "Startup Cost": 0.0, "Total Cost": 1.13, "Plan Rows": 1, "Plan Width": 48, "Actual Startup Time": 3128.663, "Actual Total Time": 10882.76, "Actual Rows": 3256948, "Actual Loops": 434204, "Index Cond": "((l_partkey = partsupp.ps_partkey) AND (l_suppkey = partsupp.ps_suppkey))", "Rows Removed by Index Recheck": 0}]}, {"Node Type": "Index Scan", "Parent Relationship": "Inner", "Scan Direction": "Forward", "Index Name": "orders_pkey", "Relation Name": "orders", "Alias": "orders", "Startup Cost": 0.0, "Total Cost": 0.29, "Plan Rows": 1, "Plan Width": 16, "Actual Startup Time": 24997.016, "Actual Total Time": 24997.016, "Actual Rows": 3256948, "Actual Loops": 3256948, "Index Cond": "(o_orderkey = lineitem.l_orderkey)", "Rows Removed by Index Recheck": 0}]}, {"Node Type": "Index Scan", "Parent Relationship": "Inner", "Scan Direction": "Forward", "Index Name": "nation_pkey", "Relation Name": "nation", "Alias": "nation", "Startup Cost": 0.0, "Total Cost": 0.27, "Plan Rows": 1, "Plan Width": 30, "Actual Startup Time": 4454.455, "Actual Total Time": 4454.455, "Actual Rows": 3256948, "Actual Loops": 3256948, "Index Cond": "(n_nationkey = supplier.s_nationkey)", "Rows Removed by Index Recheck": 0}]}]}]}, "Triggers": [], "Planner Runtime": 35.792, "Total Runtime": 58943.737, "Unique SQL Id": 3628361425}}, "(64, 13)": {"explain_plan": {"Plan": {"Node Type": "Sort", "Startup Cost": 701189.51, "Total Cost": 701189.52, "Plan Rows": 1, "Plan Width": 74, "Sort Key": ["nation.n_name", "(date_part('year'::text, orders.o_orderdate)) DESC"], "Plans": [{"Node Type": "Aggregate", "Strategy": "Hashed", "Parent Relationship": "Outer", "Startup Cost": 701189.49, "Total Cost": 701189.5, "Plan Rows": 1, "Plan Width": 74, "Group By Key": ["nation.n_name", "date_part('year'::text, orders.o_orderdate)"], "Plans": [{"Node Type": "Nested Loop", "Parent Relationship": "Outer", "Join Type": "Inner", "Startup Cost": 6584.54, "Total Cost": 701189.47, "Plan Rows": 1, "Plan Width": 66, "Inner Unique": true, "Plans": [{"Node Type": "Nested Loop", "Parent Relationship": "Outer", "Join Type": "Inner", "Startup Cost": 6584.54, "Total Cost": 701189.19, "Plan Rows": 1, "Plan Width": 44, "Inner Unique": true, "Plans": [{"Node Type": "Nested Loop", "Parent Relationship": "Outer", "Join Type": "Inner", "Startup Cost": 6584.54, "Total Cost": 701188.89, "Plan Rows": 1, "Plan Width": 44, "Inner Unique": false, "Join Filter": "(supplier.s_suppkey = lineitem.l_suppkey)", "Plans": [{"Node Type": "Hash Join", "Parent Relationship": "Outer", "Join Type": "Inner", "Startup Cost": 6584.54, "Total Cost": 557439.88, "Plan Rows": 125630, "Plan Width": 44, "Inner Unique": true, "Hash Cond": "(partsupp.ps_suppkey = supplier.s_suppkey), (LLVM Optimized)", "Plans": [{"Node Type": "Nested Loop", "Parent Relationship": "Outer", "Join Type": "Inner", "Startup Cost": 0.0, "Total Cost": 548625.29, "Plan Rows": 259666, "Plan Width": 32, "Inner Unique": false, "Plans": [{"Node Type": "Index Scan", "Parent Relationship": "Outer", "Scan Direction": "Forward", "Index Name": "part_kpey", "Relation Name": "part", "Alias": "part", "Startup Cost": 0.0, "Total Cost": 105803.25, "Plan Rows": 89888, "Plan Width": 8, "Filter": "((p_name)::text ~~ '%dim%'::text)"}, {"Node Type": "Index Scan", "Parent Relationship": "Inner", "Scan Direction": "Forward", "Index Name": "idx_partsupp_partkey", "Relation Name": "partsupp", "Alias": "partsupp", "Startup Cost": 0.0, "Total Cost": 4.9, "Plan Rows": 3, "Plan Width": 24, "Index Cond": "(ps_partkey = part.p_partkey)"}]}, {"Node Type": "Hash", "Parent Relationship": "Inner", "Startup Cost": 5334.54, "Total Cost": 5334.54, "Plan Rows": 100000, "Plan Width": 12, "Plans": [{"Node Type": "Index Scan", "Parent Relationship": "Outer", "Scan Direction": "Forward", "Index Name": "supplier_pkey", "Relation Name": "supplier", "Alias": "supplier", "Startup Cost": 0.0, "Total Cost": 5334.54, "Plan Rows": 100000, "Plan Width": 12}]}]}, {"Node Type": "Index Scan", "Parent Relationship": "Inner", "Scan Direction": "Forward", "Index Name": "idx_lineitem_part_supp", "Relation Name": "lineitem", "Alias": "lineitem", "Startup Cost": 0.0, "Total Cost": 1.13, "Plan Rows": 1, "Plan Width": 48, "Index Cond": "((l_partkey = partsupp.ps_partkey) AND (l_suppkey = partsupp.ps_suppkey))"}]}, {"Node Type": "Index Scan", "Parent Relationship": "Inner", "Scan Direction": "Forward", "Index Name": "orders_pkey", "Relation Name": "orders", "Alias": "orders", "Startup Cost": 0.0, "Total Cost": 0.29, "Plan Rows": 1, "Plan Width": 16, "Index Cond": "(o_orderkey = lineitem.l_orderkey)"}]}, {"Node Type": "Index Scan", "Parent Relationship": "Inner", "Scan Direction": "Forward", "Index Name": "nation_pkey", "Relation Name": "nation", "Alias": "nation", "Startup Cost": 0.0, "Total Cost": 0.27, "Plan Rows": 1, "Plan Width": 30, "Index Cond": "(n_nationkey = supplier.s_nationkey)"}]}]}]}, "Unique SQL Id": 3628361425}, "explain_analyze_plan": {"Plan": {"Node Type": "Sort", "Startup Cost": 701189.51, "Total Cost": 701189.52, "Plan Rows": 1, "Plan Width": 74, "Actual Startup Time": 57219.783, "Actual Total Time": 57219.796, "Actual Rows": 175, "Actual Loops": 1, "Sort Key": ["nation.n_name", "(date_part('year'::text, orders.o_orderdate)) DESC"], "Sort Method": "quicksort", "Sort Space Used": 52, "Sort Space Type": "Memory", "Plans": [{"Node Type": "Aggregate", "Strategy": "Hashed", "Parent Relationship": "Outer", "Startup Cost": 701189.49, "Total Cost": 701189.5, "Plan Rows": 1, "Plan Width": 74, "Actual Startup Time": 57219.414, "Actual Total Time": 57219.454, "Actual Rows": 175, "Actual Loops": 1, "Group By Key": ["nation.n_name", "date_part('year'::text, orders.o_orderdate)"], "Plans": [{"Node Type": "Nested Loop", "Parent Relationship": "Outer", "Join Type": "Inner", "Startup Cost": 6584.54, "Total Cost": 701189.47, "Plan Rows": 1, "Plan Width": 66, "Actual Startup Time": 106.96, "Actual Total Time": 53460.735, "Actual Rows": 3256948, "Actual Loops": 1, "Inner Unique": true, "Plans": [{"Node Type": "Nested Loop", "Parent Relationship": "Outer", "Join Type": "Inner", "Startup Cost": 6584.54, "Total Cost": 701189.19, "Plan Rows": 1, "Plan Width": 44, "Actual Startup Time": 106.934, "Actual Total Time": 44656.25, "Actual Rows": 3256948, "Actual Loops": 1, "Inner Unique": true, "Plans": [{"Node Type": "Nested Loop", "Parent Relationship": "Outer", "Join Type": "Inner", "Startup Cost": 6584.54, "Total Cost": 701188.89, "Plan Rows": 1, "Plan Width": 44, "Actual Startup Time": 106.911, "Actual Total Time": 16146.218, "Actual Rows": 3256948, "Actual Loops": 1, "Inner Unique": false, "Join Filter": "(supplier.s_suppkey = lineitem.l_suppkey)", "Rows Removed by Join Filter": 0, "Plans": [{"Node Type": "Hash Join", "Parent Relationship": "Outer", "Join Type": "Inner", "Startup Cost": 6584.54, "Total Cost": 557439.88, "Plan Rows": 125630, "Plan Width": 44, "Actual Startup Time": 106.873, "Actual Total Time": 3440.596, "Actual Rows": 434204, "Actual Loops": 1, "Inner Unique": true, "Hash Cond": "(partsupp.ps_suppkey = supplier.s_suppkey), (LLVM Optimized, Jit Execute)", "Plans": [{"Node Type": "Nested Loop", "Parent Relationship": "Outer", "Join Type": "Inner", "Startup Cost": 0.0, "Total Cost": 548625.29, "Plan Rows": 259666, "Plan Width": 32, "Actual Startup Time": 0.076, "Actual Total Time": 2929.188, "Actual Rows": 434204, "Actual Loops": 1, "Inner Unique": false, "Plans": [{"Node Type": "Index Scan", "Parent Relationship": "Outer", "Scan Direction": "Forward", "Index Name": "part_kpey", "Relation Name": "part", "Alias": "part", "Startup Cost": 0.0, "Total Cost": 105803.25, "Plan Rows": 89888, "Plan Width": 8, "Actual Startup Time": 0.056, "Actual Total Time": 1746.962, "Actual Rows": 108551, "Actual Loops": 1, "Filter": "((p_name)::text ~~ '%dim%'::text)", "Rows Removed by Filter": 1891449}, {"Node Type": "Index Scan", "Parent Relationship": "Inner", "Scan Direction": "Forward", "Index Name": "idx_partsupp_partkey", "Relation Name": "partsupp", "Alias": "partsupp", "Startup Cost": 0.0, "Total Cost": 4.9, "Plan Rows": 3, "Plan Width": 24, "Actual Startup Time": 684.56, "Actual Total Time": 978.245, "Actual Rows": 434204, "Actual Loops": 108551, "Index Cond": "(ps_partkey = part.p_partkey)", "Rows Removed by Index Recheck": 0}]}, {"Node Type": "Hash", "Parent Relationship": "Inner", "Startup Cost": 5334.54, "Total Cost": 5334.54, "Plan Rows": 100000, "Plan Width": 12, "Actual Startup Time": 106.68, "Actual Total Time": 106.68, "Actual Rows": 100000, "Actual Loops": 1, "Hash Buckets": 131072, "Hash Batches": 1, "Original Hash Batches": 1, "Peak Memory Usage": 4297, "Plans": [{"Node Type": "Index Scan", "Parent Relationship": "Outer", "Scan Direction": "Forward", "Index Name": "supplier_pkey", "Relation Name": "supplier", "Alias": "supplier", "Startup Cost": 0.0, "Total Cost": 5334.54, "Plan Rows": 100000, "Plan Width": 12, "Actual Startup Time": 0.02, "Actual Total Time": 78.377, "Actual Rows": 100000, "Actual Loops": 1}]}]}, {"Node Type": "Index Scan", "Parent Relationship": "Inner", "Scan Direction": "Forward", "Index Name": "idx_lineitem_part_supp", "Relation Name": "lineitem", "Alias": "lineitem", "Startup Cost": 0.0, "Total Cost": 1.13, "Plan Rows": 1, "Plan Width": 48, "Actual Startup Time": 3174.504, "Actual Total Time": 11019.482, "Actual Rows": 3256948, "Actual Loops": 434204, "Index Cond": "((l_partkey = partsupp.ps_partkey) AND (l_suppkey = partsupp.ps_suppkey))", "Rows Removed by Index Recheck": 0}]}, {"Node Type": "Index Scan", "Parent Relationship": "Inner", "Scan Direction": "Forward", "Index Name": "orders_pkey", "Relation Name": "orders", "Alias": "orders", "Startup Cost": 0.0, "Total Cost": 0.29, "Plan Rows": 1, "Plan Width": 16, "Actual Startup Time": 25705.885, "Actual Total Time": 25705.885, "Actual Rows": 3256948, "Actual Loops": 3256948, "Index Cond": "(o_orderkey = lineitem.l_orderkey)", "Rows Removed by Index Recheck": 0}]}, {"Node Type": "Index Scan", "Parent Relationship": "Inner", "Scan Direction": "Forward", "Index Name": "nation_pkey", "Relation Name": "nation", "Alias": "nation", "Startup Cost": 0.0, "Total Cost": 0.27, "Plan Rows": 1, "Plan Width": 30, "Actual Startup Time": 4680.015, "Actual Total Time": 4680.015, "Actual Rows": 3256948, "Actual Loops": 3256948, "Index Cond": "(n_nationkey = supplier.s_nationkey)", "Rows Removed by Index Recheck": 0}]}]}]}, "Triggers": [], "Planner Runtime": 33.676, "Total Runtime": 57229.802, "Unique SQL Id": 3628361425}}, "(64, 14)": {"explain_plan": {"Plan": {"Node Type": "Sort", "Startup Cost": 3188400.29, "Total Cost": 3188400.29, "Plan Rows": 1, "Plan Width": 74, "Sort Key": ["nation.n_name", "(date_part('year'::text, orders.o_orderdate)) DESC"], "Plans": [{"Node Type": "Aggregate", "Strategy": "Hashed", "Parent Relationship": "Outer", "Startup Cost": 3188400.27, "Total Cost": 3188400.28, "Plan Rows": 1, "Plan Width": 74, "Group By Key": ["nation.n_name", "date_part('year'::text, orders.o_orderdate)"], "Plans": [{"Node Type": "Nested Loop", "Parent Relationship": "Outer", "Join Type": "Inner", "Startup Cost": 2705736.84, "Total Cost": 3188400.25, "Plan Rows": 1, "Plan Width": 66, "Inner Unique": true, "Join Filter": "(supplier.s_nationkey = nation.n_nationkey)", "Plans": [{"Node Type": "Hash Join", "Parent Relationship": "Outer", "Join Type": "Inner", "Startup Cost": 2705736.84, "Total Cost": 3188398.68, "Plan Rows": 1, "Plan Width": 44, "Inner Unique": false, "Hash Cond": "(orders.o_orderkey = lineitem.l_orderkey)", "Plans": [{"Node Type": "Seq Scan", "Parent Relationship": "Outer", "Relation Name": "orders", "Alias": "orders", "Startup Cost": 0.0, "Total Cost": 426413.79, "Plan Rows": 14999479, "Plan Width": 16}, {"Node Type": "Hash", "Parent Relationship": "Inner", "Startup Cost": 2705736.82, "Total Cost": 2705736.82, "Plan Rows": 1, "Plan Width": 44, "Plans": [{"Node Type": "Hash Join", "Parent Relationship": "Outer", "Join Type": "Inner", "Startup Cost": 406202.19, "Total Cost": 2705736.82, "Plan Rows": 1, "Plan Width": 44, "Inner Unique": false, "Hash Cond": "((lineitem.l_suppkey = partsupp.ps_suppkey) AND (lineitem.l_partkey = partsupp.ps_partkey))", "Plans": [{"Node Type": "Hash Join", "Parent Relationship": "Outer", "Join Type": "Inner", "Startup Cost": 68067.6, "Total Cost": 2313089.96, "Plan Rows": 495566, "Plan Width": 56, "Inner Unique": true, "Hash Cond": "(lineitem.l_partkey = part.p_partkey), (LLVM Optimized)", "Plans": [{"Node Type": "Seq Scan", "Parent Relationship": "Outer", "Relation Name": "lineitem", "Alias": "lineitem", "Startup Cost": 0.0, "Total Cost": 2015115.33, "Plan Rows": 59987033, "Plan Width": 48}, {"Node Type": "Hash", "Parent Relationship": "Inner", "Startup Cost": 66944.0, "Total Cost": 66944.0, "Plan Rows": 89888, "Plan Width": 8, "Plans": [{"Node Type": "Seq Scan", "Parent Relationship": "Outer", "Relation Name": "part", "Alias": "part", "Startup Cost": 0.0, "Total Cost": 66944.0, "Plan Rows": 89888, "Plan Width": 8, "Filter": "((p_name)::text ~~ '%dim%'::text)"}]}]}, {"Node Type": "Hash", "Parent Relationship": "Inner", "Startup Cost": 317967.1, "Total Cost": 317967.1, "Plan Rows": 1344499, "Plan Width": 36, "Plans": [{"Node Type": "Hash Join", "Parent Relationship": "Outer", "Join Type": "Inner", "Startup Cost": 4533.0, "Total Cost": 317967.1, "Plan Rows": 1344499, "Plan Width": 36, "Inner Unique": true, "Hash Cond": "(partsupp.ps_suppkey = supplier.s_suppkey), (LLVM Optimized)", "Plans": [{"Node Type": "Seq Scan", "Parent Relationship": "Outer", "Relation Name": "partsupp", "Alias": "partsupp", "Startup Cost": 0.0, "Total Cost": 269987.72, "Plan Rows": 8000372, "Plan Width": 24}, {"Node Type": "Hash", "Parent Relationship": "Inner", "Startup Cost": 3283.0, "Total Cost": 3283.0, "Plan Rows": 100000, "Plan Width": 12, "Plans": [{"Node Type": "Seq Scan", "Parent Relationship": "Outer", "Relation Name": "supplier", "Alias": "supplier", "Startup Cost": 0.0, "Total Cost": 3283.0, "Plan Rows": 100000, "Plan Width": 12}]}]}]}]}]}]}, {"Node Type": "Seq Scan", "Parent Relationship": "Inner", "Relation Name": "nation", "Alias": "nation", "Startup Cost": 0.0, "Total Cost": 1.25, "Plan Rows": 25, "Plan Width": 30}]}]}]}, "Unique SQL Id": 3628361425}, "explain_analyze_plan": null}, "(64, 15)": {"explain_plan": {"Plan": {"Node Type": "Sort", "Startup Cost": 6000839471774.72, "Total Cost": 6000839471774.72, "Plan Rows": 1, "Plan Width": 74, "Sort Key": ["nation.n_name", "(date_part('year'::text, orders.o_orderdate)) DESC"], "Plans": [{"Node Type": "Aggregate", "Strategy": "Hashed", "Parent Relationship": "Outer", "Startup Cost": 6000839471774.69, "Total Cost": 6000839471774.71, "Plan Rows": 1, "Plan Width": 74, "Group By Key": ["nation.n_name", "date_part('year'::text, orders.o_orderdate)"], "Plans": [{"Node Type": "Nested Loop", "Parent Relationship": "Outer", "Join Type": "Inner", "Startup Cost": 60035393416.8, "Total Cost": 6000839471774.68, "Plan Rows": 1, "Plan Width": 66, "Inner Unique": true, "Plans": [{"Node Type": "Merge Join", "Parent Relationship": "Outer", "Join Type": "Inner", "Startup Cost": 50035393416.8, "Total Cost": 5000839471745.44, "Plan Rows": 1, "Plan Width": 66, "Inner Unique": true, "Merge Cond": "(partsupp.ps_partkey = part.p_partkey)", "Plans": [{"Node Type": "Nested Loop", "Parent Relationship": "Outer", "Join Type": "Inner", "Startup Cost": 40035393416.8, "Total Cost": 4000828891195.69, "Plan Rows": 6, "Plan Width": 82, "Inner Unique": true, "Join Filter": "(supplier.s_nationkey = nation.n_nationkey)", "Plans": [{"Node Type": "Nested Loop", "Parent Relationship": "Outer", "Join Type": "Inner", "Startup Cost": 30035393416.8, "Total Cost": 3000828889930.88, "Plan Rows": 6, "Plan Width": 60, "Inner Unique": true, "Join Filter": "(lineitem.l_suppkey = supplier.s_suppkey)", "Plans": [{"Node Type": "Merge Join", "Parent Relationship": "Outer", "Join Type": "Inner", "Startup Cost": 20035393416.8, "Total Cost": 2000828314226.5, "Plan Rows": 28, "Plan Width": 72, "Inner Unique": true, "Merge Cond": "((lineitem.l_partkey = partsupp.ps_partkey) AND (lineitem.l_suppkey = partsupp.ps_suppkey))", "Plans": [{"Node Type": "Index Scan", "Parent Relationship": "Outer", "Scan Direction": "Forward", "Index Name": "idx_lineitem_part_supp", "Relation Name": "lineitem", "Alias": "lineitem", "Startup Cost": 10000000000.0, "Total Cost": 1000775391319.64, "Plan Rows": 59987033, "Plan Width": 48}, {"Node Type": "Index Scan", "Parent Relationship": "Inner", "Scan Direction": "Forward", "Index Name": "partsupp_pkey", "Relation Name": "partsupp", "Alias": "partsupp", "Startup Cost": 10000000000.0, "Total Cost": 1000071640963.22, "Plan Rows": 8000372, "Plan Width": 24}]}, {"Node Type": "Materialize", "Parent Relationship": "Inner", "Startup Cost": 10000000000.0, "Total Cost": 1000000533954.38, "Plan Rows": 100000, "Plan Width": 12, "Plans": [{"Node Type": "Index Scan", "Parent Relationship": "Outer", "Scan Direction": "Forward", "Index Name": "supplier_pkey", "Relation Name": "supplier", "Alias": "supplier", "Startup Cost": 10000000000.0, "Total Cost": 1000000533454.38, "Plan Rows": 100000, "Plan Width": 12}]}]}, {"Node Type": "Materialize", "Parent Relationship": "Inner", "Startup Cost": 10000000000.0, "Total Cost": 1000000001262.62, "Plan Rows": 25, "Plan Width": 30, "Plans": [{"Node Type": "Index Scan", "Parent Relationship": "Outer", "Scan Direction": "Forward", "Index Name": "nation_pkey", "Relation Name": "nation", "Alias": "nation", "Startup Cost": 10000000000.0, "Total Cost": 1000000001262.5, "Plan Rows": 25, "Plan Width": 30}]}]}, {"Node Type": "Index Scan", "Parent Relationship": "Inner", "Scan Direction": "Forward", "Index Name": "part_kpey", "Relation Name": "part", "Alias": "part", "Startup Cost": 10000000000.0, "Total Cost": 1000010580325.0, "Plan Rows": 89888, "Plan Width": 8, "Filter": "((p_name)::text ~~ '%dim%'::text)"}]}, {"Node Type": "Index Scan", "Parent Relationship": "Inner", "Scan Direction": "Forward", "Index Name": "orders_pkey", "Relation Name": "orders", "Alias": "orders", "Startup Cost": 10000000000.0, "Total Cost": 1000000000029.23, "Plan Rows": 1, "Plan Width": 16, "Index Cond": "(o_orderkey = lineitem.l_orderkey)"}]}]}]}, "Unique SQL Id": 3628361425}, "explain_analyze_plan": null}, "(64, 16)": {"explain_plan": {"Plan": {"Node Type": "Sort", "Startup Cost": 685006.93, "Total Cost": 685006.94, "Plan Rows": 1, "Plan Width": 74, "Sort Key": ["nation.n_name", "(date_part('year'::text, orders.o_orderdate)) DESC"], "Plans": [{"Node Type": "Aggregate", "Strategy": "Hashed", "Parent Relationship": "Outer", "Startup Cost": 685006.91, "Total Cost": 685006.92, "Plan Rows": 1, "Plan Width": 74, "Group By Key": ["nation.n_name", "date_part('year'::text, orders.o_orderdate)"], "Plans": [{"Node Type": "Nested Loop", "Parent Relationship": "Outer", "Join Type": "Inner", "Startup Cost": 533118.21, "Total Cost": 685006.89, "Plan Rows": 1, "Plan Width": 66, "Inner Unique": true, "Plans": [{"Node Type": "Nested Loop", "Parent Relationship": "Outer", "Join Type": "Inner", "Startup Cost": 533118.21, "Total Cost": 685006.61, "Plan Rows": 1, "Plan Width": 44, "Inner Unique": true, "Plans": [{"Node Type": "Nested Loop", "Parent Relationship": "Outer", "Join Type": "Inner", "Startup Cost": 533118.21, "Total Cost": 685006.31, "Plan Rows": 1, "Plan Width": 44, "Inner Unique": false, "Join Filter": "(supplier.s_suppkey = lineitem.l_suppkey)", "Plans": [{"Node Type": "Merge Join", "Parent Relationship": "Outer", "Join Type": "Inner", "Startup Cost": 533118.21, "Total Cost": 541257.3, "Plan Rows": 125630, "Plan Width": 44, "Inner Unique": false, "Merge Cond": "(supplier.s_suppkey = partsupp.ps_suppkey)", "Plans": [{"Node Type": "Index Scan", "Parent Relationship": "Outer", "Scan Direction": "Forward", "Index Name": "supplier_pkey", "Relation Name": "supplier", "Alias": "supplier", "Startup Cost": 0.0, "Total Cost": 5334.54, "Plan Rows": 100000, "Plan Width": 12}, {"Node Type": "Sort", "Parent Relationship": "Inner", "Startup Cost": 533118.19, "Total Cost": 533767.36, "Plan Rows": 259666, "Plan Width": 32, "Sort Key": ["partsupp.ps_suppkey"], "Plans": [{"Node Type": "Nested Loop", "Parent Relationship": "Outer", "Join Type": "Inner", "Startup Cost": 0.0, "Total Cost": 509766.04, "Plan Rows": 259666, "Plan Width": 32, "Inner Unique": false, "Plans": [{"Node Type": "Seq Scan", "Parent Relationship": "Outer", "Relation Name": "part", "Alias": "part", "Startup Cost": 0.0, "Total Cost": 66944.0, "Plan Rows": 89888, "Plan Width": 8, "Filter": "((p_name)::text ~~ '%dim%'::text)"}, {"Node Type": "Index Scan", "Parent Relationship": "Inner", "Scan Direction": "Forward", "Index Name": "idx_partsupp_partkey", "Relation Name": "partsupp", "Alias": "partsupp", "Startup Cost": 0.0, "Total Cost": 4.9, "Plan Rows": 3, "Plan Width": 24, "Index Cond": "(ps_partkey = part.p_partkey)"}]}]}]}, {"Node Type": "Index Scan", "Parent Relationship": "Inner", "Scan Direction": "Forward", "Index Name": "idx_lineitem_part_supp", "Relation Name": "lineitem", "Alias": "lineitem", "Startup Cost": 0.0, "Total Cost": 1.13, "Plan Rows": 1, "Plan Width": 48, "Index Cond": "((l_partkey = partsupp.ps_partkey) AND (l_suppkey = partsupp.ps_suppkey))"}]}, {"Node Type": "Index Scan", "Parent Relationship": "Inner", "Scan Direction": "Forward", "Index Name": "orders_pkey", "Relation Name": "orders", "Alias": "orders", "Startup Cost": 0.0, "Total Cost": 0.29, "Plan Rows": 1, "Plan Width": 16, "Index Cond": "(o_orderkey = lineitem.l_orderkey)"}]}, {"Node Type": "Index Scan", "Parent Relationship": "Inner", "Scan Direction": "Forward", "Index Name": "nation_pkey", "Relation Name": "nation", "Alias": "nation", "Startup Cost": 0.0, "Total Cost": 0.27, "Plan Rows": 1, "Plan Width": 30, "Index Cond": "(n_nationkey = supplier.s_nationkey)"}]}]}]}, "Unique SQL Id": 3628361425}, "explain_analyze_plan": {"Plan": {"Node Type": "Sort", "Startup Cost": 685006.93, "Total Cost": 685006.94, "Plan Rows": 1, "Plan Width": 74, "Actual Startup Time": 58840.001, "Actual Total Time": 58840.013, "Actual Rows": 175, "Actual Loops": 1, "Sort Key": ["nation.n_name", "(date_part('year'::text, orders.o_orderdate)) DESC"], "Sort Method": "quicksort", "Sort Space Used": 52, "Sort Space Type": "Memory", "Plans": [{"Node Type": "Aggregate", "Strategy": "Hashed", "Parent Relationship": "Outer", "Startup Cost": 685006.91, "Total Cost": 685006.92, "Plan Rows": 1, "Plan Width": 74, "Actual Startup Time": 58839.651, "Actual Total Time": 58839.687, "Actual Rows": 175, "Actual Loops": 1, "Group By Key": ["nation.n_name", "date_part('year'::text, orders.o_orderdate)"], "Plans": [{"Node Type": "Nested Loop", "Parent Relationship": "Outer", "Join Type": "Inner", "Startup Cost": 533118.21, "Total Cost": 685006.89, "Plan Rows": 1, "Plan Width": 66, "Actual Startup Time": 2177.815, "Actual Total Time": 55085.394, "Actual Rows": 3256948, "Actual Loops": 1, "Inner Unique": true, "Plans": [{"Node Type": "Nested Loop", "Parent Relationship": "Outer", "Join Type": "Inner", "Startup Cost": 533118.21, "Total Cost": 685006.61, "Plan Rows": 1, "Plan Width": 44, "Actual Startup Time": 2177.784, "Actual Total Time": 46457.19, "Actual Rows": 3256948, "Actual Loops": 1, "Inner Unique": true, "Plans": [{"Node Type": "Nested Loop", "Parent Relationship": "Outer", "Join Type": "Inner", "Startup Cost": 533118.21, "Total Cost": 685006.31, "Plan Rows": 1, "Plan Width": 44, "Actual Startup Time": 2177.751, "Actual Total Time": 16666.992, "Actual Rows": 3256948, "Actual Loops": 1, "Inner Unique": false, "Join Filter": "(supplier.s_suppkey = lineitem.l_suppkey)", "Rows Removed by Join Filter": 0, "Plans": [{"Node Type": "Merge Join", "Parent Relationship": "Outer", "Join Type": "Inner", "Startup Cost": 533118.21, "Total Cost": 541257.3, "Plan Rows": 125630, "Plan Width": 44, "Actual Startup Time": 2177.614, "Actual Total Time": 2619.392, "Actual Rows": 434204, "Actual Loops": 1, "Inner Unique": false, "Merge Cond": "(supplier.s_suppkey = partsupp.ps_suppkey)", "Plans": [{"Node Type": "Index Scan", "Parent Relationship": "Outer", "Scan Direction": "Forward", "Index Name": "supplier_pkey", "Relation Name": "supplier", "Alias": "supplier", "Startup Cost": 0.0, "Total Cost": 5334.54, "Plan Rows": 100000, "Plan Width": 12, "Actual Startup Time": 0.023, "Actual Total Time": 92.056, "Actual Rows": 100000, "Actual Loops": 1}, {"Node Type": "Sort", "Parent Relationship": "Inner", "Startup Cost": 533118.19, "Total Cost": 533767.36, "Plan Rows": 259666, "Plan Width": 32, "Actual Startup Time": 2177.574, "Actual Total Time": 2317.359, "Actual Rows": 434204, "Actual Loops": 1, "Sort Key": ["partsupp.ps_suppkey"], "Sort Method": "quicksort", "Sort Space Used": 52995, "Sort Space Type": "Memory", "Plans": [{"Node Type": "Nested Loop", "Parent Relationship": "Outer", "Join Type": "Inner", "Startup Cost": 0.0, "Total Cost": 509766.04, "Plan Rows": 259666, "Plan Width": 32, "Actual Startup Time": 0.033, "Actual Total Time": 2003.374, "Actual Rows": 434204, "Actual Loops": 1, "Inner Unique": false, "Plans": [{"Node Type": "Seq Scan", "Parent Relationship": "Outer", "Relation Name": "part", "Alias": "part", "Startup Cost": 0.0, "Total Cost": 66944.0, "Plan Rows": 89888, "Plan Width": 8, "Actual Startup Time": 0.02, "Actual Total Time": 1017.979, "Actual Rows": 108551, "Actual Loops": 1, "Filter": "((p_name)::text ~~ '%dim%'::text)", "Rows Removed by Filter": 1891449}, {"Node Type": "Index Scan", "Parent Relationship": "Inner", "Scan Direction": "Forward", "Index Name": "idx_partsupp_partkey", "Relation Name": "partsupp", "Alias": "partsupp", "Startup Cost": 0.0, "Total Cost": 4.9, "Plan Rows": 3, "Plan Width": 24, "Actual Startup Time": 593.345, "Actual Total Time": 830.109, "Actual Rows": 434204, "Actual Loops": 108551, "Index Cond": "(ps_partkey = part.p_partkey)", "Rows Removed by Index Recheck": 0}]}]}]}, {"Node Type": "Index Scan", "Parent Relationship": "Inner", "Scan Direction": "Forward", "Index Name": "idx_lineitem_part_supp", "Relation Name": "lineitem", "Alias": "lineitem", "Startup Cost": 0.0, "Total Cost": 1.13, "Plan Rows": 1, "Plan Width": 48, "Actual Startup Time": 4466.094, "Actual Total Time": 12400.002, "Actual Rows": 3256948, "Actual Loops": 434204, "Index Cond": "((l_partkey = partsupp.ps_partkey) AND (l_suppkey = partsupp.ps_suppkey))", "Rows Removed by Index Recheck": 0}]}, {"Node Type": "Index Scan", "Parent Relationship": "Inner", "Scan Direction": "Forward", "Index Name": "orders_pkey", "Relation Name": "orders", "Alias": "orders", "Startup Cost": 0.0, "Total Cost": 0.29, "Plan Rows": 1, "Plan Width": 16, "Actual Startup Time": 27002.473, "Actual Total Time": 27002.473, "Actual Rows": 3256948, "Actual Loops": 3256948, "Index Cond": "(o_orderkey = lineitem.l_orderkey)", "Rows Removed by Index Recheck": 0}]}, {"Node Type": "Index Scan", "Parent Relationship": "Inner", "Scan Direction": "Forward", "Index Name": "nation_pkey", "Relation Name": "nation", "Alias": "nation", "Startup Cost": 0.0, "Total Cost": 0.27, "Plan Rows": 1, "Plan Width": 30, "Actual Startup Time": 4502.629, "Actual Total Time": 4502.629, "Actual Rows": 3256948, "Actual Loops": 3256948, "Index Cond": "(n_nationkey = supplier.s_nationkey)", "Rows Removed by Index Recheck": 0}]}]}]}, "Triggers": [], "Planner Runtime": 31.475, "Total Runtime": 58840.319, "Unique SQL Id": 3628361425}}, "(64, 17)": {"explain_plan": {"Plan": {"Node Type": "Sort", "Startup Cost": 723866.18, "Total Cost": 723866.19, "Plan Rows": 1, "Plan Width": 74, "Sort Key": ["nation.n_name", "(date_part('year'::text, orders.o_orderdate)) DESC"], "Plans": [{"Node Type": "Aggregate", "Strategy": "Hashed", "Parent Relationship": "Outer", "Startup Cost": 723866.16, "Total Cost": 723866.17, "Plan Rows": 1, "Plan Width": 74, "Group By Key": ["nation.n_name", "date_part('year'::text, orders.o_orderdate)"], "Plans": [{"Node Type": "Nested Loop", "Parent Relationship": "Outer", "Join Type": "Inner", "Startup Cost": 571977.46, "Total Cost": 723866.14, "Plan Rows": 1, "Plan Width": 66, "Inner Unique": true, "Plans": [{"Node Type": "Nested Loop", "Parent Relationship": "Outer", "Join Type": "Inner", "Startup Cost": 571977.46, "Total Cost": 723865.86, "Plan Rows": 1, "Plan Width": 44, "Inner Unique": true, "Plans": [{"Node Type": "Nested Loop", "Parent Relationship": "Outer", "Join Type": "Inner", "Startup Cost": 571977.46, "Total Cost": 723865.56, "Plan Rows": 1, "Plan Width": 44, "Inner Unique": false, "Join Filter": "(supplier.s_suppkey = lineitem.l_suppkey)", "Plans": [{"Node Type": "Merge Join", "Parent Relationship": "Outer", "Join Type": "Inner", "Startup Cost": 571977.46, "Total Cost": 580116.55, "Plan Rows": 125630, "Plan Width": 44, "Inner Unique": false, "Merge Cond": "(supplier.s_suppkey = partsupp.ps_suppkey)", "Plans": [{"Node Type": "Index Scan", "Parent Relationship": "Outer", "Scan Direction": "Forward", "Index Name": "supplier_pkey", "Relation Name": "supplier", "Alias": "supplier", "Startup Cost": 0.0, "Total Cost": 5334.54, "Plan Rows": 100000, "Plan Width": 12}, {"Node Type": "Sort", "Parent Relationship": "Inner", "Startup Cost": 571977.44, "Total Cost": 572626.61, "Plan Rows": 259666, "Plan Width": 32, "Sort Key": ["partsupp.ps_suppkey"], "Plans": [{"Node Type": "Nested Loop", "Parent Relationship": "Outer", "Join Type": "Inner", "Startup Cost": 0.0, "Total Cost": 548625.29, "Plan Rows": 259666, "Plan Width": 32, "Inner Unique": false, "Plans": [{"Node Type": "Index Scan", "Parent Relationship": "Outer", "Scan Direction": "Forward", "Index Name": "part_kpey", "Relation Name": "part", "Alias": "part", "Startup Cost": 0.0, "Total Cost": 105803.25, "Plan Rows": 89888, "Plan Width": 8, "Filter": "((p_name)::text ~~ '%dim%'::text)"}, {"Node Type": "Index Scan", "Parent Relationship": "Inner", "Scan Direction": "Forward", "Index Name": "idx_partsupp_partkey", "Relation Name": "partsupp", "Alias": "partsupp", "Startup Cost": 0.0, "Total Cost": 4.9, "Plan Rows": 3, "Plan Width": 24, "Index Cond": "(ps_partkey = part.p_partkey)"}]}]}]}, {"Node Type": "Index Scan", "Parent Relationship": "Inner", "Scan Direction": "Forward", "Index Name": "idx_lineitem_part_supp", "Relation Name": "lineitem", "Alias": "lineitem", "Startup Cost": 0.0, "Total Cost": 1.13, "Plan Rows": 1, "Plan Width": 48, "Index Cond": "((l_partkey = partsupp.ps_partkey) AND (l_suppkey = partsupp.ps_suppkey))"}]}, {"Node Type": "Index Scan", "Parent Relationship": "Inner", "Scan Direction": "Forward", "Index Name": "orders_pkey", "Relation Name": "orders", "Alias": "orders", "Startup Cost": 0.0, "Total Cost": 0.29, "Plan Rows": 1, "Plan Width": 16, "Index Cond": "(o_orderkey = lineitem.l_orderkey)"}]}, {"Node Type": "Index Scan", "Parent Relationship": "Inner", "Scan Direction": "Forward", "Index Name": "nation_pkey", "Relation Name": "nation", "Alias": "nation", "Startup Cost": 0.0, "Total Cost": 0.27, "Plan Rows": 1, "Plan Width": 30, "Index Cond": "(n_nationkey = supplier.s_nationkey)"}]}]}]}, "Unique SQL Id": 3628361425}, "explain_analyze_plan": {"Plan": {"Node Type": "Sort", "Startup Cost": 723866.18, "Total Cost": 723866.19, "Plan Rows": 1, "Plan Width": 74, "Actual Startup Time": 59548.64, "Actual Total Time": 59548.652, "Actual Rows": 175, "Actual Loops": 1, "Sort Key": ["nation.n_name", "(date_part('year'::text, orders.o_orderdate)) DESC"], "Sort Method": "quicksort", "Sort Space Used": 52, "Sort Space Type": "Memory", "Plans": [{"Node Type": "Aggregate", "Strategy": "Hashed", "Parent Relationship": "Outer", "Startup Cost": 723866.16, "Total Cost": 723866.17, "Plan Rows": 1, "Plan Width": 74, "Actual Startup Time": 59548.286, "Actual Total Time": 59548.342, "Actual Rows": 175, "Actual Loops": 1, "Group By Key": ["nation.n_name", "date_part('year'::text, orders.o_orderdate)"], "Plans": [{"Node Type": "Nested Loop", "Parent Relationship": "Outer", "Join Type": "Inner", "Startup Cost": 571977.46, "Total Cost": 723866.14, "Plan Rows": 1, "Plan Width": 66, "Actual Startup Time": 2876.445, "Actual Total Time": 55780.995, "Actual Rows": 3256948, "Actual Loops": 1, "Inner Unique": true, "Plans": [{"Node Type": "Nested Loop", "Parent Relationship": "Outer", "Join Type": "Inner", "Startup Cost": 571977.46, "Total Cost": 723865.86, "Plan Rows": 1, "Plan Width": 44, "Actual Startup Time": 2876.416, "Actual Total Time": 47279.626, "Actual Rows": 3256948, "Actual Loops": 1, "Inner Unique": true, "Plans": [{"Node Type": "Nested Loop", "Parent Relationship": "Outer", "Join Type": "Inner", "Startup Cost": 571977.46, "Total Cost": 723865.56, "Plan Rows": 1, "Plan Width": 44, "Actual Startup Time": 2876.391, "Actual Total Time": 17408.868, "Actual Rows": 3256948, "Actual Loops": 1, "Inner Unique": false, "Join Filter": "(supplier.s_suppkey = lineitem.l_suppkey)", "Rows Removed by Join Filter": 0, "Plans": [{"Node Type": "Merge Join", "Parent Relationship": "Outer", "Join Type": "Inner", "Startup Cost": 571977.46, "Total Cost": 580116.55, "Plan Rows": 125630, "Plan Width": 44, "Actual Startup Time": 2876.312, "Actual Total Time": 3316.597, "Actual Rows": 434204, "Actual Loops": 1, "Inner Unique": false, "Merge Cond": "(supplier.s_suppkey = partsupp.ps_suppkey)", "Plans": [{"Node Type": "Index Scan", "Parent Relationship": "Outer", "Scan Direction": "Forward", "Index Name": "supplier_pkey", "Relation Name": "supplier", "Alias": "supplier", "Startup Cost": 0.0, "Total Cost": 5334.54, "Plan Rows": 100000, "Plan Width": 12, "Actual Startup Time": 0.023, "Actual Total Time": 94.352, "Actual Rows": 100000, "Actual Loops": 1}, {"Node Type": "Sort", "Parent Relationship": "Inner", "Startup Cost": 571977.44, "Total Cost": 572626.61, "Plan Rows": 259666, "Plan Width": 32, "Actual Startup Time": 2876.271, "Actual Total Time": 3006.043, "Actual Rows": 434204, "Actual Loops": 1, "Sort Key": ["partsupp.ps_suppkey"], "Sort Method": "quicksort", "Sort Space Used": 52995, "Sort Space Type": "Memory", "Plans": [{"Node Type": "Nested Loop", "Parent Relationship": "Outer", "Join Type": "Inner", "Startup Cost": 0.0, "Total Cost": 548625.29, "Plan Rows": 259666, "Plan Width": 32, "Actual Startup Time": 0.039, "Actual Total Time": 2701.737, "Actual Rows": 434204, "Actual Loops": 1, "Inner Unique": false, "Plans": [{"Node Type": "Index Scan", "Parent Relationship": "Outer", "Scan Direction": "Forward", "Index Name": "part_kpey", "Relation Name": "part", "Alias": "part", "Startup Cost": 0.0, "Total Cost": 105803.25, "Plan Rows": 89888, "Plan Width": 8, "Actual Startup Time": 0.029, "Actual Total Time": 1707.675, "Actual Rows": 108551, "Actual Loops": 1, "Filter": "((p_name)::text ~~ '%dim%'::text)", "Rows Removed by Filter": 1891449}, {"Node Type": "Index Scan", "Parent Relationship": "Inner", "Scan Direction": "Forward", "Index Name": "idx_partsupp_partkey", "Relation Name": "partsupp", "Alias": "partsupp", "Startup Cost": 0.0, "Total Cost": 4.9, "Plan Rows": 3, "Plan Width": 24, "Actual Startup Time": 603.738, "Actual Total Time": 843.511, "Actual Rows": 434204, "Actual Loops": 108551, "Index Cond": "(ps_partkey = part.p_partkey)", "Rows Removed by Index Recheck": 0}]}]}]}, {"Node Type": "Index Scan", "Parent Relationship": "Inner", "Scan Direction": "Forward", "Index Name": "idx_lineitem_part_supp", "Relation Name": "lineitem", "Alias": "lineitem", "Startup Cost": 0.0, "Total Cost": 1.13, "Plan Rows": 1, "Plan Width": 48, "Actual Startup Time": 4481.377, "Actual Total Time": 12467.506, "Actual Rows": 3256948, "Actual Loops": 434204, "Index Cond": "((l_partkey = partsupp.ps_partkey) AND (l_suppkey = partsupp.ps_suppkey))", "Rows Removed by Index Recheck": 0}]}, {"Node Type": "Index Scan", "Parent Relationship": "Inner", "Scan Direction": "Forward", "Index Name": "orders_pkey", "Relation Name": "orders", "Alias": "orders", "Startup Cost": 0.0, "Total Cost": 0.29, "Plan Rows": 1, "Plan Width": 16, "Actual Startup Time": 27079.967, "Actual Total Time": 27079.967, "Actual Rows": 3256948, "Actual Loops": 3256948, "Index Cond": "(o_orderkey = lineitem.l_orderkey)", "Rows Removed by Index Recheck": 0}]}, {"Node Type": "Index Scan", "Parent Relationship": "Inner", "Scan Direction": "Forward", "Index Name": "nation_pkey", "Relation Name": "nation", "Alias": "nation", "Startup Cost": 0.0, "Total Cost": 0.27, "Plan Rows": 1, "Plan Width": 30, "Actual Startup Time": 4424.774, "Actual Total Time": 4424.774, "Actual Rows": 3256948, "Actual Loops": 3256948, "Index Cond": "(n_nationkey = supplier.s_nationkey)", "Rows Removed by Index Recheck": 0}]}]}]}, "Triggers": [], "Planner Runtime": 30.663, "Total Runtime": 59548.965, "Unique SQL Id": 3628361425}}, "(64, 18)": {"explain_plan": {"Plan": {"Node Type": "Sort", "Startup Cost": 1531825.81, "Total Cost": 1531825.81, "Plan Rows": 1, "Plan Width": 74, "Sort Key": ["nation.n_name", "(date_part('year'::text, orders.o_orderdate)) DESC"], "Plans": [{"Node Type": "Aggregate", "Strategy": "Hashed", "Parent Relationship": "Outer", "Startup Cost": 1531825.79, "Total Cost": 1531825.8, "Plan Rows": 1, "Plan Width": 74, "Group By Key": ["nation.n_name", "date_part('year'::text, orders.o_orderdate)"], "Plans": [{"Node Type": "Nested Loop", "Parent Relationship": "Outer", "Join Type": "Inner", "Startup Cost": 971360.11, "Total Cost": 1531825.77, "Plan Rows": 1, "Plan Width": 66, "Inner Unique": true, "Join Filter": "(supplier.s_nationkey = nation.n_nationkey)", "Plans": [{"Node Type": "Nested Loop", "Parent Relationship": "Outer", "Join Type": "Inner", "Startup Cost": 971360.11, "Total Cost": 1531824.2, "Plan Rows": 1, "Plan Width": 44, "Inner Unique": true, "Plans": [{"Node Type": "Nested Loop", "Parent Relationship": "Outer", "Join Type": "Inner", "Startup Cost": 971359.85, "Total Cost": 1531819.92, "Plan Rows": 1, "Plan Width": 44, "Inner Unique": false, "Join Filter": "(supplier.s_suppkey = lineitem.l_suppkey)", "Plans": [{"Node Type": "Merge Join", "Parent Relationship": "Outer", "Join Type": "Inner", "Startup Cost": 971359.44, "Total Cost": 974413.99, "Plan Rows": 125630, "Plan Width": 44, "Inner Unique": false, "Merge Cond": "(supplier.s_suppkey = partsupp.ps_suppkey)", "Plans": [{"Node Type": "Sort", "Parent Relationship": "Outer", "Startup Cost": 11587.82, "Total Cost": 11837.82, "Plan Rows": 100000, "Plan Width": 12, "Sort Key": ["supplier.s_suppkey"], "Plans": [{"Node Type": "Seq Scan", "Parent Relationship": "Outer", "Relation Name": "supplier", "Alias": "supplier", "Startup Cost": 0.0, "Total Cost": 3283.0, "Plan Rows": 100000, "Plan Width": 12}]}, {"Node Type": "Sort", "Parent Relationship": "Inner", "Startup Cost": 959771.6, "Total Cost": 960420.77, "Plan Rows": 259666, "Plan Width": 32, "Sort Key": ["partsupp.ps_suppkey"], "Plans": [{"Node Type": "Nested Loop", "Parent Relationship": "Outer", "Join Type": "Inner", "Startup Cost": 1.62, "Total Cost": 936419.45, "Plan Rows": 259666, "Plan Width": 32, "Inner Unique": false, "Plans": [{"Node Type": "Seq Scan", "Parent Relationship": "Outer", "Relation Name": "part", "Alias": "part", "Startup Cost": 0.0, "Total Cost": 66944.0, "Plan Rows": 89888, "Plan Width": 8, "Filter": "((p_name)::text ~~ '%dim%'::text)"}, {"Node Type": "Bitmap Heap Scan", "Parent Relationship": "Inner", "Relation Name": "partsupp", "Alias": "partsupp", "Startup Cost": 1.62, "Total Cost": 9.64, "Plan Rows": 3, "Plan Width": 24, "Recheck Cond": "(ps_partkey = part.p_partkey)", "Plans": [{"Node Type": "Bitmap Index Scan", "Parent Relationship": "Outer", "Index Name": "idx_partsupp_partkey", "Startup Cost": 0.0, "Total Cost": 1.62, "Plan Rows": 3, "Plan Width": 0, "Index Cond": "(ps_partkey = part.p_partkey)"}]}]}]}]}, {"Node Type": "Bitmap Heap Scan", "Parent Relationship": "Inner", "Relation Name": "lineitem", "Alias": "lineitem", "Startup Cost": 0.41, "Total Cost": 4.42, "Plan Rows": 1, "Plan Width": 48, "Recheck Cond": "((l_partkey = partsupp.ps_partkey) AND (l_suppkey = partsupp.ps_suppkey))", "Plans": [{"Node Type": "Bitmap Index Scan", "Parent Relationship": "Outer", "Index Name": "idx_lineitem_part_supp", "Startup Cost": 0.0, "Total Cost": 0.41, "Plan Rows": 1, "Plan Width": 0, "Index Cond": "((l_partkey = partsupp.ps_partkey) AND (l_suppkey = partsupp.ps_suppkey))"}]}]}, {"Node Type": "Bitmap Heap Scan", "Parent Relationship": "Inner", "Relation Name": "orders", "Alias": "orders", "Startup Cost": 0.26, "Total Cost": 4.27, "Plan Rows": 1, "Plan Width": 16, "Recheck Cond": "(o_orderkey = lineitem.l_orderkey)", "Plans": [{"Node Type": "Bitmap Index Scan", "Parent Relationship": "Outer", "Index Name": "orders_pkey", "Startup Cost": 0.0, "Total Cost": 0.26, "Plan Rows": 1, "Plan Width": 0, "Index Cond": "(o_orderkey = lineitem.l_orderkey)"}]}]}, {"Node Type": "Seq Scan", "Parent Relationship": "Inner", "Relation Name": "nation", "Alias": "nation", "Startup Cost": 0.0, "Total Cost": 1.25, "Plan Rows": 25, "Plan Width": 30}]}]}]}, "Unique SQL Id": 3628361425}, "explain_analyze_plan": {"Plan": {"Node Type": "Sort", "Startup Cost": 1531825.81, "Total Cost": 1531825.81, "Plan Rows": 1, "Plan Width": 74, "Actual Startup Time": 91191.549, "Actual Total Time": 91191.564, "Actual Rows": 175, "Actual Loops": 1, "Sort Key": ["nation.n_name", "(date_part('year'::text, orders.o_orderdate)) DESC"], "Sort Method": "quicksort", "Sort Space Used": 52, "Sort Space Type": "Memory", "Plans": [{"Node Type": "Aggregate", "Strategy": "Hashed", "Parent Relationship": "Outer", "Startup Cost": 1531825.79, "Total Cost": 1531825.8, "Plan Rows": 1, "Plan Width": 74, "Actual Startup Time": 91191.198, "Actual Total Time": 91191.235, "Actual Rows": 175, "Actual Loops": 1, "Group By Key": ["nation.n_name", "date_part('year'::text, orders.o_orderdate)"], "Plans": [{"Node Type": "Nested Loop", "Parent Relationship": "Outer", "Join Type": "Inner", "Startup Cost": 971360.11, "Total Cost": 1531825.77, "Plan Rows": 1, "Plan Width": 66, "Actual Startup Time": 2478.544, "Actual Total Time": 87160.194, "Actual Rows": 3256948, "Actual Loops": 1, "Inner Unique": true, "Join Filter": "(supplier.s_nationkey = nation.n_nationkey)", "Rows Removed by Join Filter": 39103306, "Plans": [{"Node Type": "Nested Loop", "Parent Relationship": "Outer", "Join Type": "Inner", "Startup Cost": 971360.11, "Total Cost": 1531824.2, "Plan Rows": 1, "Plan Width": 44, "Actual Startup Time": 2478.498, "Actual Total Time": 56478.91, "Actual Rows": 3256948, "Actual Loops": 1, "Inner Unique": true, "Plans": [{"Node Type": "Nested Loop", "Parent Relationship": "Outer", "Join Type": "Inner", "Startup Cost": 971359.85, "Total Cost": 1531819.92, "Plan Rows": 1, "Plan Width": 44, "Actual Startup Time": 2478.449, "Actual Total Time": 20199.121, "Actual Rows": 3256948, "Actual Loops": 1, "Inner Unique": false, "Join Filter": "(supplier.s_suppkey = lineitem.l_suppkey)", "Rows Removed by Join Filter": 0, "Plans": [{"Node Type": "Merge Join", "Parent Relationship": "Outer", "Join Type": "Inner", "Startup Cost": 971359.44, "Total Cost": 974413.99, "Plan Rows": 125630, "Plan Width": 44, "Actual Startup Time": 2478.352, "Actual Total Time": 2907.756, "Actual Rows": 434204, "Actual Loops": 1, "Inner Unique": false, "Merge Cond": "(supplier.s_suppkey = partsupp.ps_suppkey)", "Plans": [{"Node Type": "Sort", "Parent Relationship": "Outer", "Startup Cost": 11587.82, "Total Cost": 11837.82, "Plan Rows": 100000, "Plan Width": 12, "Actual Startup Time": 69.143, "Actual Total Time": 90.918, "Actual Rows": 100000, "Actual Loops": 1, "Sort Key": ["supplier.s_suppkey"], "Sort Method": "quicksort", "Sort Space Used": 12448, "Sort Space Type": "Memory", "Plans": [{"Node Type": "Seq Scan", "Parent Relationship": "Outer", "Relation Name": "supplier", "Alias": "supplier", "Startup Cost": 0.0, "Total Cost": 3283.0, "Plan Rows": 100000, "Plan Width": 12, "Actual Startup Time": 0.016, "Actual Total Time": 38.013, "Actual Rows": 100000, "Actual Loops": 1}]}, {"Node Type": "Sort", "Parent Relationship": "Inner", "Startup Cost": 959771.6, "Total Cost": 960420.77, "Plan Rows": 259666, "Plan Width": 32, "Actual Startup Time": 2409.191, "Actual Total Time": 2550.721, "Actual Rows": 434204, "Actual Loops": 1, "Sort Key": ["partsupp.ps_suppkey"], "Sort Method": "quicksort", "Sort Space Used": 52995, "Sort Space Type": "Memory", "Plans": [{"Node Type": "Nested Loop", "Parent Relationship": "Outer", "Join Type": "Inner", "Startup Cost": 1.62, "Total Cost": 936419.45, "Plan Rows": 259666, "Plan Width": 32, "Actual Startup Time": 0.109, "Actual Total Time": 2236.824, "Actual Rows": 434204, "Actual Loops": 1, "Inner Unique": false, "Plans": [{"Node Type": "Seq Scan", "Parent Relationship": "Outer", "Relation Name": "part", "Alias": "part", "Startup Cost": 0.0, "Total Cost": 66944.0, "Plan Rows": 89888, "Plan Width": 8, "Actual Startup Time": 0.05, "Actual Total Time": 1039.63, "Actual Rows": 108551, "Actual Loops": 1, "Filter": "((p_name)::text ~~ '%dim%'::text)", "Rows Removed by Filter": 1891449}, {"Node Type": "Bitmap Heap Scan", "Parent Relationship": "Inner", "Relation Name": "partsupp", "Alias": "partsupp", "Startup Cost": 1.62, "Total Cost": 9.64, "Plan Rows": 3, "Plan Width": 24, "Actual Startup Time": 895.736, "Actual Total Time": 980.361, "Actual Rows": 434204, "Actual Loops": 108551, "Recheck Cond": "(ps_partkey = part.p_partkey)", "Rows Removed by Index Recheck": 0, "Exact Heap Blocks": 118409, "Lossy Heap Blocks": 118409, "Plans": [{"Node Type": "Bitmap Index Scan", "Parent Relationship": "Outer", "Index Name": "idx_partsupp_partkey", "Startup Cost": 0.0, "Total Cost": 1.62, "Plan Rows": 3, "Plan Width": 0, "Actual Startup Time": 435.68, "Actual Total Time": 435.68, "Actual Rows": 434204, "Actual Loops": 108551, "Index Cond": "(ps_partkey = part.p_partkey)"}]}]}]}]}, {"Node Type": "Bitmap Heap Scan", "Parent Relationship": "Inner", "Relation Name": "lineitem", "Alias": "lineitem", "Startup Cost": 0.41, "Total Cost": 4.42, "Plan Rows": 1, "Plan Width": 48, "Actual Startup Time": 6318.504, "Actual Total Time": 15281.725, "Actual Rows": 3256948, "Actual Loops": 434204, "Recheck Cond": "((l_partkey = partsupp.ps_partkey) AND (l_suppkey = partsupp.ps_suppkey))", "Rows Removed by Index Recheck": 0, "Exact Heap Blocks": 3256937, "Lossy Heap Blocks": 3256937, "Plans": [{"Node Type": "Bitmap Index Scan", "Parent Relationship": "Outer", "Index Name": "idx_lineitem_part_supp", "Startup Cost": 0.0, "Total Cost": 0.41, "Plan Rows": 1, "Plan Width": 0, "Actual Startup Time": 4208.848, "Actual Total Time": 4208.848, "Actual Rows": 3256948, "Actual Loops": 434204, "Index Cond": "((l_partkey = partsupp.ps_partkey) AND (l_suppkey = partsupp.ps_suppkey))"}]}]}, {"Node Type": "Bitmap Heap Scan", "Parent Relationship": "Inner", "Relation Name": "orders", "Alias": "orders", "Startup Cost": 0.26, "Total Cost": 4.27, "Plan Rows": 1, "Plan Width": 16, "Actual Startup Time": 31773.149, "Actual Total Time": 31773.149, "Actual Rows": 3256948, "Actual Loops": 3256948, "Recheck Cond": "(o_orderkey = lineitem.l_orderkey)", "Rows Removed by Index Recheck": 0, "Exact Heap Blocks": 3256948, "Lossy Heap Blocks": 3256948, "Plans": [{"Node Type": "Bitmap Index Scan", "Parent Relationship": "Outer", "Index Name": "orders_pkey", "Startup Cost": 0.0, "Total Cost": 0.26, "Plan Rows": 1, "Plan Width": 0, "Actual Startup Time": 20107.353, "Actual Total Time": 20107.353, "Actual Rows": 3256948, "Actual Loops": 3256948, "Index Cond": "(o_orderkey = lineitem.l_orderkey)"}]}]}, {"Node Type": "Seq Scan", "Parent Relationship": "Inner", "Relation Name": "nation", "Alias": "nation", "Startup Cost": 0.0, "Total Cost": 1.25, "Plan Rows": 25, "Plan Width": 30, "Actual Startup Time": 12544.311, "Actual Total Time": 16524.38, "Actual Rows": 42360254, "Actual Loops": 3256948}]}]}]}, "Triggers": [], "Planner Runtime": 26.652, "Total Runtime": 91191.933, "Unique SQL Id": 3628361425}}, "(64, 19)": {"explain_plan": {"Plan": {"Node Type": "Sort", "Startup Cost": 1000008167021.57, "Total Cost": 1000008167021.58, "Plan Rows": 1, "Plan Width": 74, "Sort Key": ["nation.n_name", "(date_part('year'::text, orders.o_orderdate)) DESC"], "Plans": [{"Node Type": "Aggregate", "Strategy": "Hashed", "Parent Relationship": "Outer", "Startup Cost": 1000008167021.55, "Total Cost": 1000008167021.56, "Plan Rows": 1, "Plan Width": 74, "Group By Key": ["nation.n_name", "date_part('year'::text, orders.o_orderdate)"], "Plans": [{"Node Type": "Nested Loop", "Parent Relationship": "Outer", "Join Type": "Inner", "Startup Cost": 10000000002.75, "Total Cost": 1000008167021.53, "Plan Rows": 1, "Plan Width": 66, "Inner Unique": true, "Plans": [{"Node Type": "Nested Loop", "Parent Relationship": "Outer", "Join Type": "Inner", "Startup Cost": 10000000002.5, "Total Cost": 1000008167017.25, "Plan Rows": 1, "Plan Width": 44, "Inner Unique": true, "Plans": [{"Node Type": "Nested Loop", "Parent Relationship": "Outer", "Join Type": "Inner", "Startup Cost": 10000000002.24, "Total Cost": 1000008167012.96, "Plan Rows": 1, "Plan Width": 44, "Inner Unique": true, "Join Filter": "(partsupp.ps_partkey = part.p_partkey)", "Plans": [{"Node Type": "Nested Loop", "Parent Relationship": "Outer", "Join Type": "Inner", "Startup Cost": 10000000001.98, "Total Cost": 1000008166987.25, "Plan Rows": 6, "Plan Width": 60, "Inner Unique": false, "Join Filter": "(supplier.s_suppkey = lineitem.l_suppkey)", "Plans": [{"Node Type": "Nested Loop", "Parent Relationship": "Outer", "Join Type": "Inner", "Startup Cost": 10000000001.57, "Total Cost": 1000002201599.04, "Plan Rows": 1344499, "Plan Width": 36, "Inner Unique": false, "Plans": [{"Node Type": "Index Scan", "Parent Relationship": "Outer", "Scan Direction": "Forward", "Index Name": "idx_supplier_nation_key", "Relation Name": "supplier", "Alias": "supplier", "Startup Cost": 10000000000.0, "Total Cost": 1000001217556.78, "Plan Rows": 100000, "Plan Width": 12}, {"Node Type": "Bitmap Heap Scan", "Parent Relationship": "Inner", "Relation Name": "partsupp", "Alias": "partsupp", "Startup Cost": 1.57, "Total Cost": 9.71, "Plan Rows": 13, "Plan Width": 24, "Recheck Cond": "(ps_suppkey = supplier.s_suppkey)", "Plans": [{"Node Type": "Bitmap Index Scan", "Parent Relationship": "Outer", "Index Name": "idx_partsupp_suppkey", "Startup Cost": 0.0, "Total Cost": 1.56, "Plan Rows": 13, "Plan Width": 0, "Index Cond": "(ps_suppkey = supplier.s_suppkey)"}]}]}, {"Node Type": "Bitmap Heap Scan", "Parent Relationship": "Inner", "Relation Name": "lineitem", "Alias": "lineitem", "Startup Cost": 0.41, "Total Cost": 4.42, "Plan Rows": 1, "Plan Width": 48, "Recheck Cond": "((l_partkey = partsupp.ps_partkey) AND (l_suppkey = partsupp.ps_suppkey))", "Plans": [{"Node Type": "Bitmap Index Scan", "Parent Relationship": "Outer", "Index Name": "idx_lineitem_part_supp", "Startup Cost": 0.0, "Total Cost": 0.41, "Plan Rows": 1, "Plan Width": 0, "Index Cond": "((l_partkey = partsupp.ps_partkey) AND (l_suppkey = partsupp.ps_suppkey))"}]}]}, {"Node Type": "Bitmap Heap Scan", "Parent Relationship": "Inner", "Relation Name": "part", "Alias": "part", "Startup Cost": 0.26, "Total Cost": 4.27, "Plan Rows": 1, "Plan Width": 8, "Recheck Cond": "(p_partkey = lineitem.l_partkey)", "Filter": "((p_name)::text ~~ '%dim%'::text)", "Plans": [{"Node Type": "Bitmap Index Scan", "Parent Relationship": "Outer", "Index Name": "part_kpey", "Startup Cost": 0.0, "Total Cost": 0.26, "Plan Rows": 1, "Plan Width": 0, "Index Cond": "(p_partkey = lineitem.l_partkey)"}]}]}, {"Node Type": "Bitmap Heap Scan", "Parent Relationship": "Inner", "Relation Name": "orders", "Alias": "orders", "Startup Cost": 0.26, "Total Cost": 4.27, "Plan Rows": 1, "Plan Width": 16, "Recheck Cond": "(o_orderkey = lineitem.l_orderkey)", "Plans": [{"Node Type": "Bitmap Index Scan", "Parent Relationship": "Outer", "Index Name": "orders_pkey", "Startup Cost": 0.0, "Total Cost": 0.26, "Plan Rows": 1, "Plan Width": 0, "Index Cond": "(o_orderkey = lineitem.l_orderkey)"}]}]}, {"Node Type": "Bitmap Heap Scan", "Parent Relationship": "Inner", "Relation Name": "nation", "Alias": "nation", "Startup Cost": 0.26, "Total Cost": 4.27, "Plan Rows": 1, "Plan Width": 30, "Recheck Cond": "(n_nationkey = supplier.s_nationkey)", "Plans": [{"Node Type": "Bitmap Index Scan", "Parent Relationship": "Outer", "Index Name": "nation_pkey", "Startup Cost": 0.0, "Total Cost": 0.26, "Plan Rows": 1, "Plan Width": 0, "Index Cond": "(n_nationkey = supplier.s_nationkey)"}]}]}]}]}, "Unique SQL Id": 3628361425}, "explain_analyze_plan": null}, "(64, 20)": {"explain_plan": {"Plan": {"Node Type": "Sort", "Startup Cost": 685006.93, "Total Cost": 685006.94, "Plan Rows": 1, "Plan Width": 74, "Sort Key": ["nation.n_name", "(date_part('year'::text, orders.o_orderdate)) DESC"], "Plans": [{"Node Type": "Aggregate", "Strategy": "Hashed", "Parent Relationship": "Outer", "Startup Cost": 685006.91, "Total Cost": 685006.92, "Plan Rows": 1, "Plan Width": 74, "Group By Key": ["nation.n_name", "date_part('year'::text, orders.o_orderdate)"], "Plans": [{"Node Type": "Nested Loop", "Parent Relationship": "Outer", "Join Type": "Inner", "Startup Cost": 533118.21, "Total Cost": 685006.89, "Plan Rows": 1, "Plan Width": 66, "Inner Unique": true, "Plans": [{"Node Type": "Nested Loop", "Parent Relationship": "Outer", "Join Type": "Inner", "Startup Cost": 533118.21, "Total Cost": 685006.61, "Plan Rows": 1, "Plan Width": 44, "Inner Unique": true, "Plans": [{"Node Type": "Nested Loop", "Parent Relationship": "Outer", "Join Type": "Inner", "Startup Cost": 533118.21, "Total Cost": 685006.31, "Plan Rows": 1, "Plan Width": 44, "Inner Unique": false, "Join Filter": "(supplier.s_suppkey = lineitem.l_suppkey)", "Plans": [{"Node Type": "Merge Join", "Parent Relationship": "Outer", "Join Type": "Inner", "Startup Cost": 533118.21, "Total Cost": 541257.3, "Plan Rows": 125630, "Plan Width": 44, "Inner Unique": false, "Merge Cond": "(supplier.s_suppkey = partsupp.ps_suppkey)", "Plans": [{"Node Type": "Index Scan", "Parent Relationship": "Outer", "Scan Direction": "Forward", "Index Name": "supplier_pkey", "Relation Name": "supplier", "Alias": "supplier", "Startup Cost": 0.0, "Total Cost": 5334.54, "Plan Rows": 100000, "Plan Width": 12}, {"Node Type": "Sort", "Parent Relationship": "Inner", "Startup Cost": 533118.19, "Total Cost": 533767.36, "Plan Rows": 259666, "Plan Width": 32, "Sort Key": ["partsupp.ps_suppkey"], "Plans": [{"Node Type": "Nested Loop", "Parent Relationship": "Outer", "Join Type": "Inner", "Startup Cost": 0.0, "Total Cost": 509766.04, "Plan Rows": 259666, "Plan Width": 32, "Inner Unique": false, "Plans": [{"Node Type": "Seq Scan", "Parent Relationship": "Outer", "Relation Name": "part", "Alias": "part", "Startup Cost": 0.0, "Total Cost": 66944.0, "Plan Rows": 89888, "Plan Width": 8, "Filter": "((p_name)::text ~~ '%dim%'::text)"}, {"Node Type": "Index Scan", "Parent Relationship": "Inner", "Scan Direction": "Forward", "Index Name": "idx_partsupp_partkey", "Relation Name": "partsupp", "Alias": "partsupp", "Startup Cost": 0.0, "Total Cost": 4.9, "Plan Rows": 3, "Plan Width": 24, "Index Cond": "(ps_partkey = part.p_partkey)"}]}]}]}, {"Node Type": "Index Scan", "Parent Relationship": "Inner", "Scan Direction": "Forward", "Index Name": "idx_lineitem_part_supp", "Relation Name": "lineitem", "Alias": "lineitem", "Startup Cost": 0.0, "Total Cost": 1.13, "Plan Rows": 1, "Plan Width": 48, "Index Cond": "((l_partkey = partsupp.ps_partkey) AND (l_suppkey = partsupp.ps_suppkey))"}]}, {"Node Type": "Index Scan", "Parent Relationship": "Inner", "Scan Direction": "Forward", "Index Name": "orders_pkey", "Relation Name": "orders", "Alias": "orders", "Startup Cost": 0.0, "Total Cost": 0.29, "Plan Rows": 1, "Plan Width": 16, "Index Cond": "(o_orderkey = lineitem.l_orderkey)"}]}, {"Node Type": "Index Scan", "Parent Relationship": "Inner", "Scan Direction": "Forward", "Index Name": "nation_pkey", "Relation Name": "nation", "Alias": "nation", "Startup Cost": 0.0, "Total Cost": 0.27, "Plan Rows": 1, "Plan Width": 30, "Index Cond": "(n_nationkey = supplier.s_nationkey)"}]}]}]}, "Unique SQL Id": 3628361425}, "explain_analyze_plan": {"Plan": {"Node Type": "Sort", "Startup Cost": 685006.93, "Total Cost": 685006.94, "Plan Rows": 1, "Plan Width": 74, "Actual Startup Time": 58840.001, "Actual Total Time": 58840.013, "Actual Rows": 175, "Actual Loops": 1, "Sort Key": ["nation.n_name", "(date_part('year'::text, orders.o_orderdate)) DESC"], "Sort Method": "quicksort", "Sort Space Used": 52, "Sort Space Type": "Memory", "Plans": [{"Node Type": "Aggregate", "Strategy": "Hashed", "Parent Relationship": "Outer", "Startup Cost": 685006.91, "Total Cost": 685006.92, "Plan Rows": 1, "Plan Width": 74, "Actual Startup Time": 58839.651, "Actual Total Time": 58839.687, "Actual Rows": 175, "Actual Loops": 1, "Group By Key": ["nation.n_name", "date_part('year'::text, orders.o_orderdate)"], "Plans": [{"Node Type": "Nested Loop", "Parent Relationship": "Outer", "Join Type": "Inner", "Startup Cost": 533118.21, "Total Cost": 685006.89, "Plan Rows": 1, "Plan Width": 66, "Actual Startup Time": 2177.815, "Actual Total Time": 55085.394, "Actual Rows": 3256948, "Actual Loops": 1, "Inner Unique": true, "Plans": [{"Node Type": "Nested Loop", "Parent Relationship": "Outer", "Join Type": "Inner", "Startup Cost": 533118.21, "Total Cost": 685006.61, "Plan Rows": 1, "Plan Width": 44, "Actual Startup Time": 2177.784, "Actual Total Time": 46457.19, "Actual Rows": 3256948, "Actual Loops": 1, "Inner Unique": true, "Plans": [{"Node Type": "Nested Loop", "Parent Relationship": "Outer", "Join Type": "Inner", "Startup Cost": 533118.21, "Total Cost": 685006.31, "Plan Rows": 1, "Plan Width": 44, "Actual Startup Time": 2177.751, "Actual Total Time": 16666.992, "Actual Rows": 3256948, "Actual Loops": 1, "Inner Unique": false, "Join Filter": "(supplier.s_suppkey = lineitem.l_suppkey)", "Rows Removed by Join Filter": 0, "Plans": [{"Node Type": "Merge Join", "Parent Relationship": "Outer", "Join Type": "Inner", "Startup Cost": 533118.21, "Total Cost": 541257.3, "Plan Rows": 125630, "Plan Width": 44, "Actual Startup Time": 2177.614, "Actual Total Time": 2619.392, "Actual Rows": 434204, "Actual Loops": 1, "Inner Unique": false, "Merge Cond": "(supplier.s_suppkey = partsupp.ps_suppkey)", "Plans": [{"Node Type": "Index Scan", "Parent Relationship": "Outer", "Scan Direction": "Forward", "Index Name": "supplier_pkey", "Relation Name": "supplier", "Alias": "supplier", "Startup Cost": 0.0, "Total Cost": 5334.54, "Plan Rows": 100000, "Plan Width": 12, "Actual Startup Time": 0.023, "Actual Total Time": 92.056, "Actual Rows": 100000, "Actual Loops": 1}, {"Node Type": "Sort", "Parent Relationship": "Inner", "Startup Cost": 533118.19, "Total Cost": 533767.36, "Plan Rows": 259666, "Plan Width": 32, "Actual Startup Time": 2177.574, "Actual Total Time": 2317.359, "Actual Rows": 434204, "Actual Loops": 1, "Sort Key": ["partsupp.ps_suppkey"], "Sort Method": "quicksort", "Sort Space Used": 52995, "Sort Space Type": "Memory", "Plans": [{"Node Type": "Nested Loop", "Parent Relationship": "Outer", "Join Type": "Inner", "Startup Cost": 0.0, "Total Cost": 509766.04, "Plan Rows": 259666, "Plan Width": 32, "Actual Startup Time": 0.033, "Actual Total Time": 2003.374, "Actual Rows": 434204, "Actual Loops": 1, "Inner Unique": false, "Plans": [{"Node Type": "Seq Scan", "Parent Relationship": "Outer", "Relation Name": "part", "Alias": "part", "Startup Cost": 0.0, "Total Cost": 66944.0, "Plan Rows": 89888, "Plan Width": 8, "Actual Startup Time": 0.02, "Actual Total Time": 1017.979, "Actual Rows": 108551, "Actual Loops": 1, "Filter": "((p_name)::text ~~ '%dim%'::text)", "Rows Removed by Filter": 1891449}, {"Node Type": "Index Scan", "Parent Relationship": "Inner", "Scan Direction": "Forward", "Index Name": "idx_partsupp_partkey", "Relation Name": "partsupp", "Alias": "partsupp", "Startup Cost": 0.0, "Total Cost": 4.9, "Plan Rows": 3, "Plan Width": 24, "Actual Startup Time": 593.345, "Actual Total Time": 830.109, "Actual Rows": 434204, "Actual Loops": 108551, "Index Cond": "(ps_partkey = part.p_partkey)", "Rows Removed by Index Recheck": 0}]}]}]}, {"Node Type": "Index Scan", "Parent Relationship": "Inner", "Scan Direction": "Forward", "Index Name": "idx_lineitem_part_supp", "Relation Name": "lineitem", "Alias": "lineitem", "Startup Cost": 0.0, "Total Cost": 1.13, "Plan Rows": 1, "Plan Width": 48, "Actual Startup Time": 4466.094, "Actual Total Time": 12400.002, "Actual Rows": 3256948, "Actual Loops": 434204, "Index Cond": "((l_partkey = partsupp.ps_partkey) AND (l_suppkey = partsupp.ps_suppkey))", "Rows Removed by Index Recheck": 0}]}, {"Node Type": "Index Scan", "Parent Relationship": "Inner", "Scan Direction": "Forward", "Index Name": "orders_pkey", "Relation Name": "orders", "Alias": "orders", "Startup Cost": 0.0, "Total Cost": 0.29, "Plan Rows": 1, "Plan Width": 16, "Actual Startup Time": 27002.473, "Actual Total Time": 27002.473, "Actual Rows": 3256948, "Actual Loops": 3256948, "Index Cond": "(o_orderkey = lineitem.l_orderkey)", "Rows Removed by Index Recheck": 0}]}, {"Node Type": "Index Scan", "Parent Relationship": "Inner", "Scan Direction": "Forward", "Index Name": "nation_pkey", "Relation Name": "nation", "Alias": "nation", "Startup Cost": 0.0, "Total Cost": 0.27, "Plan Rows": 1, "Plan Width": 30, "Actual Startup Time": 4502.629, "Actual Total Time": 4502.629, "Actual Rows": 3256948, "Actual Loops": 3256948, "Index Cond": "(n_nationkey = supplier.s_nationkey)", "Rows Removed by Index Recheck": 0}]}]}]}, "Triggers": [], "Planner Runtime": 31.475, "Total Runtime": 58840.319, "Unique SQL Id": 3628361425}}, "(64, 21)": {"explain_plan": {"Plan": {"Node Type": "Sort", "Startup Cost": 723866.18, "Total Cost": 723866.19, "Plan Rows": 1, "Plan Width": 74, "Sort Key": ["nation.n_name", "(date_part('year'::text, orders.o_orderdate)) DESC"], "Plans": [{"Node Type": "Aggregate", "Strategy": "Hashed", "Parent Relationship": "Outer", "Startup Cost": 723866.16, "Total Cost": 723866.17, "Plan Rows": 1, "Plan Width": 74, "Group By Key": ["nation.n_name", "date_part('year'::text, orders.o_orderdate)"], "Plans": [{"Node Type": "Nested Loop", "Parent Relationship": "Outer", "Join Type": "Inner", "Startup Cost": 571977.46, "Total Cost": 723866.14, "Plan Rows": 1, "Plan Width": 66, "Inner Unique": true, "Plans": [{"Node Type": "Nested Loop", "Parent Relationship": "Outer", "Join Type": "Inner", "Startup Cost": 571977.46, "Total Cost": 723865.86, "Plan Rows": 1, "Plan Width": 44, "Inner Unique": true, "Plans": [{"Node Type": "Nested Loop", "Parent Relationship": "Outer", "Join Type": "Inner", "Startup Cost": 571977.46, "Total Cost": 723865.56, "Plan Rows": 1, "Plan Width": 44, "Inner Unique": false, "Join Filter": "(supplier.s_suppkey = lineitem.l_suppkey)", "Plans": [{"Node Type": "Merge Join", "Parent Relationship": "Outer", "Join Type": "Inner", "Startup Cost": 571977.46, "Total Cost": 580116.55, "Plan Rows": 125630, "Plan Width": 44, "Inner Unique": false, "Merge Cond": "(supplier.s_suppkey = partsupp.ps_suppkey)", "Plans": [{"Node Type": "Index Scan", "Parent Relationship": "Outer", "Scan Direction": "Forward", "Index Name": "supplier_pkey", "Relation Name": "supplier", "Alias": "supplier", "Startup Cost": 0.0, "Total Cost": 5334.54, "Plan Rows": 100000, "Plan Width": 12}, {"Node Type": "Sort", "Parent Relationship": "Inner", "Startup Cost": 571977.44, "Total Cost": 572626.61, "Plan Rows": 259666, "Plan Width": 32, "Sort Key": ["partsupp.ps_suppkey"], "Plans": [{"Node Type": "Nested Loop", "Parent Relationship": "Outer", "Join Type": "Inner", "Startup Cost": 0.0, "Total Cost": 548625.29, "Plan Rows": 259666, "Plan Width": 32, "Inner Unique": false, "Plans": [{"Node Type": "Index Scan", "Parent Relationship": "Outer", "Scan Direction": "Forward", "Index Name": "part_kpey", "Relation Name": "part", "Alias": "part", "Startup Cost": 0.0, "Total Cost": 105803.25, "Plan Rows": 89888, "Plan Width": 8, "Filter": "((p_name)::text ~~ '%dim%'::text)"}, {"Node Type": "Index Scan", "Parent Relationship": "Inner", "Scan Direction": "Forward", "Index Name": "idx_partsupp_partkey", "Relation Name": "partsupp", "Alias": "partsupp", "Startup Cost": 0.0, "Total Cost": 4.9, "Plan Rows": 3, "Plan Width": 24, "Index Cond": "(ps_partkey = part.p_partkey)"}]}]}]}, {"Node Type": "Index Scan", "Parent Relationship": "Inner", "Scan Direction": "Forward", "Index Name": "idx_lineitem_part_supp", "Relation Name": "lineitem", "Alias": "lineitem", "Startup Cost": 0.0, "Total Cost": 1.13, "Plan Rows": 1, "Plan Width": 48, "Index Cond": "((l_partkey = partsupp.ps_partkey) AND (l_suppkey = partsupp.ps_suppkey))"}]}, {"Node Type": "Index Scan", "Parent Relationship": "Inner", "Scan Direction": "Forward", "Index Name": "orders_pkey", "Relation Name": "orders", "Alias": "orders", "Startup Cost": 0.0, "Total Cost": 0.29, "Plan Rows": 1, "Plan Width": 16, "Index Cond": "(o_orderkey = lineitem.l_orderkey)"}]}, {"Node Type": "Index Scan", "Parent Relationship": "Inner", "Scan Direction": "Forward", "Index Name": "nation_pkey", "Relation Name": "nation", "Alias": "nation", "Startup Cost": 0.0, "Total Cost": 0.27, "Plan Rows": 1, "Plan Width": 30, "Index Cond": "(n_nationkey = supplier.s_nationkey)"}]}]}]}, "Unique SQL Id": 3628361425}, "explain_analyze_plan": {"Plan": {"Node Type": "Sort", "Startup Cost": 723866.18, "Total Cost": 723866.19, "Plan Rows": 1, "Plan Width": 74, "Actual Startup Time": 59548.64, "Actual Total Time": 59548.652, "Actual Rows": 175, "Actual Loops": 1, "Sort Key": ["nation.n_name", "(date_part('year'::text, orders.o_orderdate)) DESC"], "Sort Method": "quicksort", "Sort Space Used": 52, "Sort Space Type": "Memory", "Plans": [{"Node Type": "Aggregate", "Strategy": "Hashed", "Parent Relationship": "Outer", "Startup Cost": 723866.16, "Total Cost": 723866.17, "Plan Rows": 1, "Plan Width": 74, "Actual Startup Time": 59548.286, "Actual Total Time": 59548.342, "Actual Rows": 175, "Actual Loops": 1, "Group By Key": ["nation.n_name", "date_part('year'::text, orders.o_orderdate)"], "Plans": [{"Node Type": "Nested Loop", "Parent Relationship": "Outer", "Join Type": "Inner", "Startup Cost": 571977.46, "Total Cost": 723866.14, "Plan Rows": 1, "Plan Width": 66, "Actual Startup Time": 2876.445, "Actual Total Time": 55780.995, "Actual Rows": 3256948, "Actual Loops": 1, "Inner Unique": true, "Plans": [{"Node Type": "Nested Loop", "Parent Relationship": "Outer", "Join Type": "Inner", "Startup Cost": 571977.46, "Total Cost": 723865.86, "Plan Rows": 1, "Plan Width": 44, "Actual Startup Time": 2876.416, "Actual Total Time": 47279.626, "Actual Rows": 3256948, "Actual Loops": 1, "Inner Unique": true, "Plans": [{"Node Type": "Nested Loop", "Parent Relationship": "Outer", "Join Type": "Inner", "Startup Cost": 571977.46, "Total Cost": 723865.56, "Plan Rows": 1, "Plan Width": 44, "Actual Startup Time": 2876.391, "Actual Total Time": 17408.868, "Actual Rows": 3256948, "Actual Loops": 1, "Inner Unique": false, "Join Filter": "(supplier.s_suppkey = lineitem.l_suppkey)", "Rows Removed by Join Filter": 0, "Plans": [{"Node Type": "Merge Join", "Parent Relationship": "Outer", "Join Type": "Inner", "Startup Cost": 571977.46, "Total Cost": 580116.55, "Plan Rows": 125630, "Plan Width": 44, "Actual Startup Time": 2876.312, "Actual Total Time": 3316.597, "Actual Rows": 434204, "Actual Loops": 1, "Inner Unique": false, "Merge Cond": "(supplier.s_suppkey = partsupp.ps_suppkey)", "Plans": [{"Node Type": "Index Scan", "Parent Relationship": "Outer", "Scan Direction": "Forward", "Index Name": "supplier_pkey", "Relation Name": "supplier", "Alias": "supplier", "Startup Cost": 0.0, "Total Cost": 5334.54, "Plan Rows": 100000, "Plan Width": 12, "Actual Startup Time": 0.023, "Actual Total Time": 94.352, "Actual Rows": 100000, "Actual Loops": 1}, {"Node Type": "Sort", "Parent Relationship": "Inner", "Startup Cost": 571977.44, "Total Cost": 572626.61, "Plan Rows": 259666, "Plan Width": 32, "Actual Startup Time": 2876.271, "Actual Total Time": 3006.043, "Actual Rows": 434204, "Actual Loops": 1, "Sort Key": ["partsupp.ps_suppkey"], "Sort Method": "quicksort", "Sort Space Used": 52995, "Sort Space Type": "Memory", "Plans": [{"Node Type": "Nested Loop", "Parent Relationship": "Outer", "Join Type": "Inner", "Startup Cost": 0.0, "Total Cost": 548625.29, "Plan Rows": 259666, "Plan Width": 32, "Actual Startup Time": 0.039, "Actual Total Time": 2701.737, "Actual Rows": 434204, "Actual Loops": 1, "Inner Unique": false, "Plans": [{"Node Type": "Index Scan", "Parent Relationship": "Outer", "Scan Direction": "Forward", "Index Name": "part_kpey", "Relation Name": "part", "Alias": "part", "Startup Cost": 0.0, "Total Cost": 105803.25, "Plan Rows": 89888, "Plan Width": 8, "Actual Startup Time": 0.029, "Actual Total Time": 1707.675, "Actual Rows": 108551, "Actual Loops": 1, "Filter": "((p_name)::text ~~ '%dim%'::text)", "Rows Removed by Filter": 1891449}, {"Node Type": "Index Scan", "Parent Relationship": "Inner", "Scan Direction": "Forward", "Index Name": "idx_partsupp_partkey", "Relation Name": "partsupp", "Alias": "partsupp", "Startup Cost": 0.0, "Total Cost": 4.9, "Plan Rows": 3, "Plan Width": 24, "Actual Startup Time": 603.738, "Actual Total Time": 843.511, "Actual Rows": 434204, "Actual Loops": 108551, "Index Cond": "(ps_partkey = part.p_partkey)", "Rows Removed by Index Recheck": 0}]}]}]}, {"Node Type": "Index Scan", "Parent Relationship": "Inner", "Scan Direction": "Forward", "Index Name": "idx_lineitem_part_supp", "Relation Name": "lineitem", "Alias": "lineitem", "Startup Cost": 0.0, "Total Cost": 1.13, "Plan Rows": 1, "Plan Width": 48, "Actual Startup Time": 4481.377, "Actual Total Time": 12467.506, "Actual Rows": 3256948, "Actual Loops": 434204, "Index Cond": "((l_partkey = partsupp.ps_partkey) AND (l_suppkey = partsupp.ps_suppkey))", "Rows Removed by Index Recheck": 0}]}, {"Node Type": "Index Scan", "Parent Relationship": "Inner", "Scan Direction": "Forward", "Index Name": "orders_pkey", "Relation Name": "orders", "Alias": "orders", "Startup Cost": 0.0, "Total Cost": 0.29, "Plan Rows": 1, "Plan Width": 16, "Actual Startup Time": 27079.967, "Actual Total Time": 27079.967, "Actual Rows": 3256948, "Actual Loops": 3256948, "Index Cond": "(o_orderkey = lineitem.l_orderkey)", "Rows Removed by Index Recheck": 0}]}, {"Node Type": "Index Scan", "Parent Relationship": "Inner", "Scan Direction": "Forward", "Index Name": "nation_pkey", "Relation Name": "nation", "Alias": "nation", "Startup Cost": 0.0, "Total Cost": 0.27, "Plan Rows": 1, "Plan Width": 30, "Actual Startup Time": 4424.774, "Actual Total Time": 4424.774, "Actual Rows": 3256948, "Actual Loops": 3256948, "Index Cond": "(n_nationkey = supplier.s_nationkey)", "Rows Removed by Index Recheck": 0}]}]}]}, "Triggers": [], "Planner Runtime": 30.663, "Total Runtime": 59548.965, "Unique SQL Id": 3628361425}}, "(64, 22)": {"explain_plan": {"Plan": {"Node Type": "Sort", "Startup Cost": 1531825.81, "Total Cost": 1531825.81, "Plan Rows": 1, "Plan Width": 74, "Sort Key": ["nation.n_name", "(date_part('year'::text, orders.o_orderdate)) DESC"], "Plans": [{"Node Type": "Aggregate", "Strategy": "Hashed", "Parent Relationship": "Outer", "Startup Cost": 1531825.79, "Total Cost": 1531825.8, "Plan Rows": 1, "Plan Width": 74, "Group By Key": ["nation.n_name", "date_part('year'::text, orders.o_orderdate)"], "Plans": [{"Node Type": "Nested Loop", "Parent Relationship": "Outer", "Join Type": "Inner", "Startup Cost": 971360.11, "Total Cost": 1531825.77, "Plan Rows": 1, "Plan Width": 66, "Inner Unique": true, "Join Filter": "(supplier.s_nationkey = nation.n_nationkey)", "Plans": [{"Node Type": "Nested Loop", "Parent Relationship": "Outer", "Join Type": "Inner", "Startup Cost": 971360.11, "Total Cost": 1531824.2, "Plan Rows": 1, "Plan Width": 44, "Inner Unique": true, "Plans": [{"Node Type": "Nested Loop", "Parent Relationship": "Outer", "Join Type": "Inner", "Startup Cost": 971359.85, "Total Cost": 1531819.92, "Plan Rows": 1, "Plan Width": 44, "Inner Unique": false, "Join Filter": "(supplier.s_suppkey = lineitem.l_suppkey)", "Plans": [{"Node Type": "Merge Join", "Parent Relationship": "Outer", "Join Type": "Inner", "Startup Cost": 971359.44, "Total Cost": 974413.99, "Plan Rows": 125630, "Plan Width": 44, "Inner Unique": false, "Merge Cond": "(supplier.s_suppkey = partsupp.ps_suppkey)", "Plans": [{"Node Type": "Sort", "Parent Relationship": "Outer", "Startup Cost": 11587.82, "Total Cost": 11837.82, "Plan Rows": 100000, "Plan Width": 12, "Sort Key": ["supplier.s_suppkey"], "Plans": [{"Node Type": "Seq Scan", "Parent Relationship": "Outer", "Relation Name": "supplier", "Alias": "supplier", "Startup Cost": 0.0, "Total Cost": 3283.0, "Plan Rows": 100000, "Plan Width": 12}]}, {"Node Type": "Sort", "Parent Relationship": "Inner", "Startup Cost": 959771.6, "Total Cost": 960420.77, "Plan Rows": 259666, "Plan Width": 32, "Sort Key": ["partsupp.ps_suppkey"], "Plans": [{"Node Type": "Nested Loop", "Parent Relationship": "Outer", "Join Type": "Inner", "Startup Cost": 1.62, "Total Cost": 936419.45, "Plan Rows": 259666, "Plan Width": 32, "Inner Unique": false, "Plans": [{"Node Type": "Seq Scan", "Parent Relationship": "Outer", "Relation Name": "part", "Alias": "part", "Startup Cost": 0.0, "Total Cost": 66944.0, "Plan Rows": 89888, "Plan Width": 8, "Filter": "((p_name)::text ~~ '%dim%'::text)"}, {"Node Type": "Bitmap Heap Scan", "Parent Relationship": "Inner", "Relation Name": "partsupp", "Alias": "partsupp", "Startup Cost": 1.62, "Total Cost": 9.64, "Plan Rows": 3, "Plan Width": 24, "Recheck Cond": "(ps_partkey = part.p_partkey)", "Plans": [{"Node Type": "Bitmap Index Scan", "Parent Relationship": "Outer", "Index Name": "idx_partsupp_partkey", "Startup Cost": 0.0, "Total Cost": 1.62, "Plan Rows": 3, "Plan Width": 0, "Index Cond": "(ps_partkey = part.p_partkey)"}]}]}]}]}, {"Node Type": "Bitmap Heap Scan", "Parent Relationship": "Inner", "Relation Name": "lineitem", "Alias": "lineitem", "Startup Cost": 0.41, "Total Cost": 4.42, "Plan Rows": 1, "Plan Width": 48, "Recheck Cond": "((l_partkey = partsupp.ps_partkey) AND (l_suppkey = partsupp.ps_suppkey))", "Plans": [{"Node Type": "Bitmap Index Scan", "Parent Relationship": "Outer", "Index Name": "idx_lineitem_part_supp", "Startup Cost": 0.0, "Total Cost": 0.41, "Plan Rows": 1, "Plan Width": 0, "Index Cond": "((l_partkey = partsupp.ps_partkey) AND (l_suppkey = partsupp.ps_suppkey))"}]}]}, {"Node Type": "Bitmap Heap Scan", "Parent Relationship": "Inner", "Relation Name": "orders", "Alias": "orders", "Startup Cost": 0.26, "Total Cost": 4.27, "Plan Rows": 1, "Plan Width": 16, "Recheck Cond": "(o_orderkey = lineitem.l_orderkey)", "Plans": [{"Node Type": "Bitmap Index Scan", "Parent Relationship": "Outer", "Index Name": "orders_pkey", "Startup Cost": 0.0, "Total Cost": 0.26, "Plan Rows": 1, "Plan Width": 0, "Index Cond": "(o_orderkey = lineitem.l_orderkey)"}]}]}, {"Node Type": "Seq Scan", "Parent Relationship": "Inner", "Relation Name": "nation", "Alias": "nation", "Startup Cost": 0.0, "Total Cost": 1.25, "Plan Rows": 25, "Plan Width": 30}]}]}]}, "Unique SQL Id": 3628361425}, "explain_analyze_plan": {"Plan": {"Node Type": "Sort", "Startup Cost": 1531825.81, "Total Cost": 1531825.81, "Plan Rows": 1, "Plan Width": 74, "Actual Startup Time": 91191.549, "Actual Total Time": 91191.564, "Actual Rows": 175, "Actual Loops": 1, "Sort Key": ["nation.n_name", "(date_part('year'::text, orders.o_orderdate)) DESC"], "Sort Method": "quicksort", "Sort Space Used": 52, "Sort Space Type": "Memory", "Plans": [{"Node Type": "Aggregate", "Strategy": "Hashed", "Parent Relationship": "Outer", "Startup Cost": 1531825.79, "Total Cost": 1531825.8, "Plan Rows": 1, "Plan Width": 74, "Actual Startup Time": 91191.198, "Actual Total Time": 91191.235, "Actual Rows": 175, "Actual Loops": 1, "Group By Key": ["nation.n_name", "date_part('year'::text, orders.o_orderdate)"], "Plans": [{"Node Type": "Nested Loop", "Parent Relationship": "Outer", "Join Type": "Inner", "Startup Cost": 971360.11, "Total Cost": 1531825.77, "Plan Rows": 1, "Plan Width": 66, "Actual Startup Time": 2478.544, "Actual Total Time": 87160.194, "Actual Rows": 3256948, "Actual Loops": 1, "Inner Unique": true, "Join Filter": "(supplier.s_nationkey = nation.n_nationkey)", "Rows Removed by Join Filter": 39103306, "Plans": [{"Node Type": "Nested Loop", "Parent Relationship": "Outer", "Join Type": "Inner", "Startup Cost": 971360.11, "Total Cost": 1531824.2, "Plan Rows": 1, "Plan Width": 44, "Actual Startup Time": 2478.498, "Actual Total Time": 56478.91, "Actual Rows": 3256948, "Actual Loops": 1, "Inner Unique": true, "Plans": [{"Node Type": "Nested Loop", "Parent Relationship": "Outer", "Join Type": "Inner", "Startup Cost": 971359.85, "Total Cost": 1531819.92, "Plan Rows": 1, "Plan Width": 44, "Actual Startup Time": 2478.449, "Actual Total Time": 20199.121, "Actual Rows": 3256948, "Actual Loops": 1, "Inner Unique": false, "Join Filter": "(supplier.s_suppkey = lineitem.l_suppkey)", "Rows Removed by Join Filter": 0, "Plans": [{"Node Type": "Merge Join", "Parent Relationship": "Outer", "Join Type": "Inner", "Startup Cost": 971359.44, "Total Cost": 974413.99, "Plan Rows": 125630, "Plan Width": 44, "Actual Startup Time": 2478.352, "Actual Total Time": 2907.756, "Actual Rows": 434204, "Actual Loops": 1, "Inner Unique": false, "Merge Cond": "(supplier.s_suppkey = partsupp.ps_suppkey)", "Plans": [{"Node Type": "Sort", "Parent Relationship": "Outer", "Startup Cost": 11587.82, "Total Cost": 11837.82, "Plan Rows": 100000, "Plan Width": 12, "Actual Startup Time": 69.143, "Actual Total Time": 90.918, "Actual Rows": 100000, "Actual Loops": 1, "Sort Key": ["supplier.s_suppkey"], "Sort Method": "quicksort", "Sort Space Used": 12448, "Sort Space Type": "Memory", "Plans": [{"Node Type": "Seq Scan", "Parent Relationship": "Outer", "Relation Name": "supplier", "Alias": "supplier", "Startup Cost": 0.0, "Total Cost": 3283.0, "Plan Rows": 100000, "Plan Width": 12, "Actual Startup Time": 0.016, "Actual Total Time": 38.013, "Actual Rows": 100000, "Actual Loops": 1}]}, {"Node Type": "Sort", "Parent Relationship": "Inner", "Startup Cost": 959771.6, "Total Cost": 960420.77, "Plan Rows": 259666, "Plan Width": 32, "Actual Startup Time": 2409.191, "Actual Total Time": 2550.721, "Actual Rows": 434204, "Actual Loops": 1, "Sort Key": ["partsupp.ps_suppkey"], "Sort Method": "quicksort", "Sort Space Used": 52995, "Sort Space Type": "Memory", "Plans": [{"Node Type": "Nested Loop", "Parent Relationship": "Outer", "Join Type": "Inner", "Startup Cost": 1.62, "Total Cost": 936419.45, "Plan Rows": 259666, "Plan Width": 32, "Actual Startup Time": 0.109, "Actual Total Time": 2236.824, "Actual Rows": 434204, "Actual Loops": 1, "Inner Unique": false, "Plans": [{"Node Type": "Seq Scan", "Parent Relationship": "Outer", "Relation Name": "part", "Alias": "part", "Startup Cost": 0.0, "Total Cost": 66944.0, "Plan Rows": 89888, "Plan Width": 8, "Actual Startup Time": 0.05, "Actual Total Time": 1039.63, "Actual Rows": 108551, "Actual Loops": 1, "Filter": "((p_name)::text ~~ '%dim%'::text)", "Rows Removed by Filter": 1891449}, {"Node Type": "Bitmap Heap Scan", "Parent Relationship": "Inner", "Relation Name": "partsupp", "Alias": "partsupp", "Startup Cost": 1.62, "Total Cost": 9.64, "Plan Rows": 3, "Plan Width": 24, "Actual Startup Time": 895.736, "Actual Total Time": 980.361, "Actual Rows": 434204, "Actual Loops": 108551, "Recheck Cond": "(ps_partkey = part.p_partkey)", "Rows Removed by Index Recheck": 0, "Exact Heap Blocks": 118409, "Lossy Heap Blocks": 118409, "Plans": [{"Node Type": "Bitmap Index Scan", "Parent Relationship": "Outer", "Index Name": "idx_partsupp_partkey", "Startup Cost": 0.0, "Total Cost": 1.62, "Plan Rows": 3, "Plan Width": 0, "Actual Startup Time": 435.68, "Actual Total Time": 435.68, "Actual Rows": 434204, "Actual Loops": 108551, "Index Cond": "(ps_partkey = part.p_partkey)"}]}]}]}]}, {"Node Type": "Bitmap Heap Scan", "Parent Relationship": "Inner", "Relation Name": "lineitem", "Alias": "lineitem", "Startup Cost": 0.41, "Total Cost": 4.42, "Plan Rows": 1, "Plan Width": 48, "Actual Startup Time": 6318.504, "Actual Total Time": 15281.725, "Actual Rows": 3256948, "Actual Loops": 434204, "Recheck Cond": "((l_partkey = partsupp.ps_partkey) AND (l_suppkey = partsupp.ps_suppkey))", "Rows Removed by Index Recheck": 0, "Exact Heap Blocks": 3256937, "Lossy Heap Blocks": 3256937, "Plans": [{"Node Type": "Bitmap Index Scan", "Parent Relationship": "Outer", "Index Name": "idx_lineitem_part_supp", "Startup Cost": 0.0, "Total Cost": 0.41, "Plan Rows": 1, "Plan Width": 0, "Actual Startup Time": 4208.848, "Actual Total Time": 4208.848, "Actual Rows": 3256948, "Actual Loops": 434204, "Index Cond": "((l_partkey = partsupp.ps_partkey) AND (l_suppkey = partsupp.ps_suppkey))"}]}]}, {"Node Type": "Bitmap Heap Scan", "Parent Relationship": "Inner", "Relation Name": "orders", "Alias": "orders", "Startup Cost": 0.26, "Total Cost": 4.27, "Plan Rows": 1, "Plan Width": 16, "Actual Startup Time": 31773.149, "Actual Total Time": 31773.149, "Actual Rows": 3256948, "Actual Loops": 3256948, "Recheck Cond": "(o_orderkey = lineitem.l_orderkey)", "Rows Removed by Index Recheck": 0, "Exact Heap Blocks": 3256948, "Lossy Heap Blocks": 3256948, "Plans": [{"Node Type": "Bitmap Index Scan", "Parent Relationship": "Outer", "Index Name": "orders_pkey", "Startup Cost": 0.0, "Total Cost": 0.26, "Plan Rows": 1, "Plan Width": 0, "Actual Startup Time": 20107.353, "Actual Total Time": 20107.353, "Actual Rows": 3256948, "Actual Loops": 3256948, "Index Cond": "(o_orderkey = lineitem.l_orderkey)"}]}]}, {"Node Type": "Seq Scan", "Parent Relationship": "Inner", "Relation Name": "nation", "Alias": "nation", "Startup Cost": 0.0, "Total Cost": 1.25, "Plan Rows": 25, "Plan Width": 30, "Actual Startup Time": 12544.311, "Actual Total Time": 16524.38, "Actual Rows": 42360254, "Actual Loops": 3256948}]}]}]}, "Triggers": [], "Planner Runtime": 26.652, "Total Runtime": 91191.933, "Unique SQL Id": 3628361425}}, "(64, 23)": {"explain_plan": {"Plan": {"Node Type": "Sort", "Startup Cost": 1000008167021.57, "Total Cost": 1000008167021.58, "Plan Rows": 1, "Plan Width": 74, "Sort Key": ["nation.n_name", "(date_part('year'::text, orders.o_orderdate)) DESC"], "Plans": [{"Node Type": "Aggregate", "Strategy": "Hashed", "Parent Relationship": "Outer", "Startup Cost": 1000008167021.55, "Total Cost": 1000008167021.56, "Plan Rows": 1, "Plan Width": 74, "Group By Key": ["nation.n_name", "date_part('year'::text, orders.o_orderdate)"], "Plans": [{"Node Type": "Nested Loop", "Parent Relationship": "Outer", "Join Type": "Inner", "Startup Cost": 10000000002.75, "Total Cost": 1000008167021.53, "Plan Rows": 1, "Plan Width": 66, "Inner Unique": true, "Plans": [{"Node Type": "Nested Loop", "Parent Relationship": "Outer", "Join Type": "Inner", "Startup Cost": 10000000002.5, "Total Cost": 1000008167017.25, "Plan Rows": 1, "Plan Width": 44, "Inner Unique": true, "Plans": [{"Node Type": "Nested Loop", "Parent Relationship": "Outer", "Join Type": "Inner", "Startup Cost": 10000000002.24, "Total Cost": 1000008167012.96, "Plan Rows": 1, "Plan Width": 44, "Inner Unique": true, "Join Filter": "(partsupp.ps_partkey = part.p_partkey)", "Plans": [{"Node Type": "Nested Loop", "Parent Relationship": "Outer", "Join Type": "Inner", "Startup Cost": 10000000001.98, "Total Cost": 1000008166987.25, "Plan Rows": 6, "Plan Width": 60, "Inner Unique": false, "Join Filter": "(supplier.s_suppkey = lineitem.l_suppkey)", "Plans": [{"Node Type": "Nested Loop", "Parent Relationship": "Outer", "Join Type": "Inner", "Startup Cost": 10000000001.57, "Total Cost": 1000002201599.04, "Plan Rows": 1344499, "Plan Width": 36, "Inner Unique": false, "Plans": [{"Node Type": "Index Scan", "Parent Relationship": "Outer", "Scan Direction": "Forward", "Index Name": "idx_supplier_nation_key", "Relation Name": "supplier", "Alias": "supplier", "Startup Cost": 10000000000.0, "Total Cost": 1000001217556.78, "Plan Rows": 100000, "Plan Width": 12}, {"Node Type": "Bitmap Heap Scan", "Parent Relationship": "Inner", "Relation Name": "partsupp", "Alias": "partsupp", "Startup Cost": 1.57, "Total Cost": 9.71, "Plan Rows": 13, "Plan Width": 24, "Recheck Cond": "(ps_suppkey = supplier.s_suppkey)", "Plans": [{"Node Type": "Bitmap Index Scan", "Parent Relationship": "Outer", "Index Name": "idx_partsupp_suppkey", "Startup Cost": 0.0, "Total Cost": 1.56, "Plan Rows": 13, "Plan Width": 0, "Index Cond": "(ps_suppkey = supplier.s_suppkey)"}]}]}, {"Node Type": "Bitmap Heap Scan", "Parent Relationship": "Inner", "Relation Name": "lineitem", "Alias": "lineitem", "Startup Cost": 0.41, "Total Cost": 4.42, "Plan Rows": 1, "Plan Width": 48, "Recheck Cond": "((l_partkey = partsupp.ps_partkey) AND (l_suppkey = partsupp.ps_suppkey))", "Plans": [{"Node Type": "Bitmap Index Scan", "Parent Relationship": "Outer", "Index Name": "idx_lineitem_part_supp", "Startup Cost": 0.0, "Total Cost": 0.41, "Plan Rows": 1, "Plan Width": 0, "Index Cond": "((l_partkey = partsupp.ps_partkey) AND (l_suppkey = partsupp.ps_suppkey))"}]}]}, {"Node Type": "Bitmap Heap Scan", "Parent Relationship": "Inner", "Relation Name": "part", "Alias": "part", "Startup Cost": 0.26, "Total Cost": 4.27, "Plan Rows": 1, "Plan Width": 8, "Recheck Cond": "(p_partkey = lineitem.l_partkey)", "Filter": "((p_name)::text ~~ '%dim%'::text)", "Plans": [{"Node Type": "Bitmap Index Scan", "Parent Relationship": "Outer", "Index Name": "part_kpey", "Startup Cost": 0.0, "Total Cost": 0.26, "Plan Rows": 1, "Plan Width": 0, "Index Cond": "(p_partkey = lineitem.l_partkey)"}]}]}, {"Node Type": "Bitmap Heap Scan", "Parent Relationship": "Inner", "Relation Name": "orders", "Alias": "orders", "Startup Cost": 0.26, "Total Cost": 4.27, "Plan Rows": 1, "Plan Width": 16, "Recheck Cond": "(o_orderkey = lineitem.l_orderkey)", "Plans": [{"Node Type": "Bitmap Index Scan", "Parent Relationship": "Outer", "Index Name": "orders_pkey", "Startup Cost": 0.0, "Total Cost": 0.26, "Plan Rows": 1, "Plan Width": 0, "Index Cond": "(o_orderkey = lineitem.l_orderkey)"}]}]}, {"Node Type": "Bitmap Heap Scan", "Parent Relationship": "Inner", "Relation Name": "nation", "Alias": "nation", "Startup Cost": 0.26, "Total Cost": 4.27, "Plan Rows": 1, "Plan Width": 30, "Recheck Cond": "(n_nationkey = supplier.s_nationkey)", "Plans": [{"Node Type": "Bitmap Index Scan", "Parent Relationship": "Outer", "Index Name": "nation_pkey", "Startup Cost": 0.0, "Total Cost": 0.26, "Plan Rows": 1, "Plan Width": 0, "Index Cond": "(n_nationkey = supplier.s_nationkey)"}]}]}]}]}, "Unique SQL Id": 3628361425}, "explain_analyze_plan": null}, "(64, 24)": {"explain_plan": {"Plan": {"Node Type": "Sort", "Startup Cost": 685006.93, "Total Cost": 685006.94, "Plan Rows": 1, "Plan Width": 74, "Sort Key": ["nation.n_name", "(date_part('year'::text, orders.o_orderdate)) DESC"], "Plans": [{"Node Type": "Aggregate", "Strategy": "Hashed", "Parent Relationship": "Outer", "Startup Cost": 685006.91, "Total Cost": 685006.92, "Plan Rows": 1, "Plan Width": 74, "Group By Key": ["nation.n_name", "date_part('year'::text, orders.o_orderdate)"], "Plans": [{"Node Type": "Nested Loop", "Parent Relationship": "Outer", "Join Type": "Inner", "Startup Cost": 533118.21, "Total Cost": 685006.89, "Plan Rows": 1, "Plan Width": 66, "Inner Unique": true, "Plans": [{"Node Type": "Nested Loop", "Parent Relationship": "Outer", "Join Type": "Inner", "Startup Cost": 533118.21, "Total Cost": 685006.61, "Plan Rows": 1, "Plan Width": 44, "Inner Unique": true, "Plans": [{"Node Type": "Nested Loop", "Parent Relationship": "Outer", "Join Type": "Inner", "Startup Cost": 533118.21, "Total Cost": 685006.31, "Plan Rows": 1, "Plan Width": 44, "Inner Unique": false, "Join Filter": "(supplier.s_suppkey = lineitem.l_suppkey)", "Plans": [{"Node Type": "Merge Join", "Parent Relationship": "Outer", "Join Type": "Inner", "Startup Cost": 533118.21, "Total Cost": 541257.3, "Plan Rows": 125630, "Plan Width": 44, "Inner Unique": false, "Merge Cond": "(supplier.s_suppkey = partsupp.ps_suppkey)", "Plans": [{"Node Type": "Index Scan", "Parent Relationship": "Outer", "Scan Direction": "Forward", "Index Name": "supplier_pkey", "Relation Name": "supplier", "Alias": "supplier", "Startup Cost": 0.0, "Total Cost": 5334.54, "Plan Rows": 100000, "Plan Width": 12}, {"Node Type": "Sort", "Parent Relationship": "Inner", "Startup Cost": 533118.19, "Total Cost": 533767.36, "Plan Rows": 259666, "Plan Width": 32, "Sort Key": ["partsupp.ps_suppkey"], "Plans": [{"Node Type": "Nested Loop", "Parent Relationship": "Outer", "Join Type": "Inner", "Startup Cost": 0.0, "Total Cost": 509766.04, "Plan Rows": 259666, "Plan Width": 32, "Inner Unique": false, "Plans": [{"Node Type": "Seq Scan", "Parent Relationship": "Outer", "Relation Name": "part", "Alias": "part", "Startup Cost": 0.0, "Total Cost": 66944.0, "Plan Rows": 89888, "Plan Width": 8, "Filter": "((p_name)::text ~~ '%dim%'::text)"}, {"Node Type": "Index Scan", "Parent Relationship": "Inner", "Scan Direction": "Forward", "Index Name": "idx_partsupp_partkey", "Relation Name": "partsupp", "Alias": "partsupp", "Startup Cost": 0.0, "Total Cost": 4.9, "Plan Rows": 3, "Plan Width": 24, "Index Cond": "(ps_partkey = part.p_partkey)"}]}]}]}, {"Node Type": "Index Scan", "Parent Relationship": "Inner", "Scan Direction": "Forward", "Index Name": "idx_lineitem_part_supp", "Relation Name": "lineitem", "Alias": "lineitem", "Startup Cost": 0.0, "Total Cost": 1.13, "Plan Rows": 1, "Plan Width": 48, "Index Cond": "((l_partkey = partsupp.ps_partkey) AND (l_suppkey = partsupp.ps_suppkey))"}]}, {"Node Type": "Index Scan", "Parent Relationship": "Inner", "Scan Direction": "Forward", "Index Name": "orders_pkey", "Relation Name": "orders", "Alias": "orders", "Startup Cost": 0.0, "Total Cost": 0.29, "Plan Rows": 1, "Plan Width": 16, "Index Cond": "(o_orderkey = lineitem.l_orderkey)"}]}, {"Node Type": "Index Scan", "Parent Relationship": "Inner", "Scan Direction": "Forward", "Index Name": "nation_pkey", "Relation Name": "nation", "Alias": "nation", "Startup Cost": 0.0, "Total Cost": 0.27, "Plan Rows": 1, "Plan Width": 30, "Index Cond": "(n_nationkey = supplier.s_nationkey)"}]}]}]}, "Unique SQL Id": 3628361425}, "explain_analyze_plan": {"Plan": {"Node Type": "Sort", "Startup Cost": 685006.93, "Total Cost": 685006.94, "Plan Rows": 1, "Plan Width": 74, "Actual Startup Time": 58840.001, "Actual Total Time": 58840.013, "Actual Rows": 175, "Actual Loops": 1, "Sort Key": ["nation.n_name", "(date_part('year'::text, orders.o_orderdate)) DESC"], "Sort Method": "quicksort", "Sort Space Used": 52, "Sort Space Type": "Memory", "Plans": [{"Node Type": "Aggregate", "Strategy": "Hashed", "Parent Relationship": "Outer", "Startup Cost": 685006.91, "Total Cost": 685006.92, "Plan Rows": 1, "Plan Width": 74, "Actual Startup Time": 58839.651, "Actual Total Time": 58839.687, "Actual Rows": 175, "Actual Loops": 1, "Group By Key": ["nation.n_name", "date_part('year'::text, orders.o_orderdate)"], "Plans": [{"Node Type": "Nested Loop", "Parent Relationship": "Outer", "Join Type": "Inner", "Startup Cost": 533118.21, "Total Cost": 685006.89, "Plan Rows": 1, "Plan Width": 66, "Actual Startup Time": 2177.815, "Actual Total Time": 55085.394, "Actual Rows": 3256948, "Actual Loops": 1, "Inner Unique": true, "Plans": [{"Node Type": "Nested Loop", "Parent Relationship": "Outer", "Join Type": "Inner", "Startup Cost": 533118.21, "Total Cost": 685006.61, "Plan Rows": 1, "Plan Width": 44, "Actual Startup Time": 2177.784, "Actual Total Time": 46457.19, "Actual Rows": 3256948, "Actual Loops": 1, "Inner Unique": true, "Plans": [{"Node Type": "Nested Loop", "Parent Relationship": "Outer", "Join Type": "Inner", "Startup Cost": 533118.21, "Total Cost": 685006.31, "Plan Rows": 1, "Plan Width": 44, "Actual Startup Time": 2177.751, "Actual Total Time": 16666.992, "Actual Rows": 3256948, "Actual Loops": 1, "Inner Unique": false, "Join Filter": "(supplier.s_suppkey = lineitem.l_suppkey)", "Rows Removed by Join Filter": 0, "Plans": [{"Node Type": "Merge Join", "Parent Relationship": "Outer", "Join Type": "Inner", "Startup Cost": 533118.21, "Total Cost": 541257.3, "Plan Rows": 125630, "Plan Width": 44, "Actual Startup Time": 2177.614, "Actual Total Time": 2619.392, "Actual Rows": 434204, "Actual Loops": 1, "Inner Unique": false, "Merge Cond": "(supplier.s_suppkey = partsupp.ps_suppkey)", "Plans": [{"Node Type": "Index Scan", "Parent Relationship": "Outer", "Scan Direction": "Forward", "Index Name": "supplier_pkey", "Relation Name": "supplier", "Alias": "supplier", "Startup Cost": 0.0, "Total Cost": 5334.54, "Plan Rows": 100000, "Plan Width": 12, "Actual Startup Time": 0.023, "Actual Total Time": 92.056, "Actual Rows": 100000, "Actual Loops": 1}, {"Node Type": "Sort", "Parent Relationship": "Inner", "Startup Cost": 533118.19, "Total Cost": 533767.36, "Plan Rows": 259666, "Plan Width": 32, "Actual Startup Time": 2177.574, "Actual Total Time": 2317.359, "Actual Rows": 434204, "Actual Loops": 1, "Sort Key": ["partsupp.ps_suppkey"], "Sort Method": "quicksort", "Sort Space Used": 52995, "Sort Space Type": "Memory", "Plans": [{"Node Type": "Nested Loop", "Parent Relationship": "Outer", "Join Type": "Inner", "Startup Cost": 0.0, "Total Cost": 509766.04, "Plan Rows": 259666, "Plan Width": 32, "Actual Startup Time": 0.033, "Actual Total Time": 2003.374, "Actual Rows": 434204, "Actual Loops": 1, "Inner Unique": false, "Plans": [{"Node Type": "Seq Scan", "Parent Relationship": "Outer", "Relation Name": "part", "Alias": "part", "Startup Cost": 0.0, "Total Cost": 66944.0, "Plan Rows": 89888, "Plan Width": 8, "Actual Startup Time": 0.02, "Actual Total Time": 1017.979, "Actual Rows": 108551, "Actual Loops": 1, "Filter": "((p_name)::text ~~ '%dim%'::text)", "Rows Removed by Filter": 1891449}, {"Node Type": "Index Scan", "Parent Relationship": "Inner", "Scan Direction": "Forward", "Index Name": "idx_partsupp_partkey", "Relation Name": "partsupp", "Alias": "partsupp", "Startup Cost": 0.0, "Total Cost": 4.9, "Plan Rows": 3, "Plan Width": 24, "Actual Startup Time": 593.345, "Actual Total Time": 830.109, "Actual Rows": 434204, "Actual Loops": 108551, "Index Cond": "(ps_partkey = part.p_partkey)", "Rows Removed by Index Recheck": 0}]}]}]}, {"Node Type": "Index Scan", "Parent Relationship": "Inner", "Scan Direction": "Forward", "Index Name": "idx_lineitem_part_supp", "Relation Name": "lineitem", "Alias": "lineitem", "Startup Cost": 0.0, "Total Cost": 1.13, "Plan Rows": 1, "Plan Width": 48, "Actual Startup Time": 4466.094, "Actual Total Time": 12400.002, "Actual Rows": 3256948, "Actual Loops": 434204, "Index Cond": "((l_partkey = partsupp.ps_partkey) AND (l_suppkey = partsupp.ps_suppkey))", "Rows Removed by Index Recheck": 0}]}, {"Node Type": "Index Scan", "Parent Relationship": "Inner", "Scan Direction": "Forward", "Index Name": "orders_pkey", "Relation Name": "orders", "Alias": "orders", "Startup Cost": 0.0, "Total Cost": 0.29, "Plan Rows": 1, "Plan Width": 16, "Actual Startup Time": 27002.473, "Actual Total Time": 27002.473, "Actual Rows": 3256948, "Actual Loops": 3256948, "Index Cond": "(o_orderkey = lineitem.l_orderkey)", "Rows Removed by Index Recheck": 0}]}, {"Node Type": "Index Scan", "Parent Relationship": "Inner", "Scan Direction": "Forward", "Index Name": "nation_pkey", "Relation Name": "nation", "Alias": "nation", "Startup Cost": 0.0, "Total Cost": 0.27, "Plan Rows": 1, "Plan Width": 30, "Actual Startup Time": 4502.629, "Actual Total Time": 4502.629, "Actual Rows": 3256948, "Actual Loops": 3256948, "Index Cond": "(n_nationkey = supplier.s_nationkey)", "Rows Removed by Index Recheck": 0}]}]}]}, "Triggers": [], "Planner Runtime": 31.475, "Total Runtime": 58840.319, "Unique SQL Id": 3628361425}}, "(64, 25)": {"explain_plan": {"Plan": {"Node Type": "Sort", "Startup Cost": 723866.18, "Total Cost": 723866.19, "Plan Rows": 1, "Plan Width": 74, "Sort Key": ["nation.n_name", "(date_part('year'::text, orders.o_orderdate)) DESC"], "Plans": [{"Node Type": "Aggregate", "Strategy": "Hashed", "Parent Relationship": "Outer", "Startup Cost": 723866.16, "Total Cost": 723866.17, "Plan Rows": 1, "Plan Width": 74, "Group By Key": ["nation.n_name", "date_part('year'::text, orders.o_orderdate)"], "Plans": [{"Node Type": "Nested Loop", "Parent Relationship": "Outer", "Join Type": "Inner", "Startup Cost": 571977.46, "Total Cost": 723866.14, "Plan Rows": 1, "Plan Width": 66, "Inner Unique": true, "Plans": [{"Node Type": "Nested Loop", "Parent Relationship": "Outer", "Join Type": "Inner", "Startup Cost": 571977.46, "Total Cost": 723865.86, "Plan Rows": 1, "Plan Width": 44, "Inner Unique": true, "Plans": [{"Node Type": "Nested Loop", "Parent Relationship": "Outer", "Join Type": "Inner", "Startup Cost": 571977.46, "Total Cost": 723865.56, "Plan Rows": 1, "Plan Width": 44, "Inner Unique": false, "Join Filter": "(supplier.s_suppkey = lineitem.l_suppkey)", "Plans": [{"Node Type": "Merge Join", "Parent Relationship": "Outer", "Join Type": "Inner", "Startup Cost": 571977.46, "Total Cost": 580116.55, "Plan Rows": 125630, "Plan Width": 44, "Inner Unique": false, "Merge Cond": "(supplier.s_suppkey = partsupp.ps_suppkey)", "Plans": [{"Node Type": "Index Scan", "Parent Relationship": "Outer", "Scan Direction": "Forward", "Index Name": "supplier_pkey", "Relation Name": "supplier", "Alias": "supplier", "Startup Cost": 0.0, "Total Cost": 5334.54, "Plan Rows": 100000, "Plan Width": 12}, {"Node Type": "Sort", "Parent Relationship": "Inner", "Startup Cost": 571977.44, "Total Cost": 572626.61, "Plan Rows": 259666, "Plan Width": 32, "Sort Key": ["partsupp.ps_suppkey"], "Plans": [{"Node Type": "Nested Loop", "Parent Relationship": "Outer", "Join Type": "Inner", "Startup Cost": 0.0, "Total Cost": 548625.29, "Plan Rows": 259666, "Plan Width": 32, "Inner Unique": false, "Plans": [{"Node Type": "Index Scan", "Parent Relationship": "Outer", "Scan Direction": "Forward", "Index Name": "part_kpey", "Relation Name": "part", "Alias": "part", "Startup Cost": 0.0, "Total Cost": 105803.25, "Plan Rows": 89888, "Plan Width": 8, "Filter": "((p_name)::text ~~ '%dim%'::text)"}, {"Node Type": "Index Scan", "Parent Relationship": "Inner", "Scan Direction": "Forward", "Index Name": "idx_partsupp_partkey", "Relation Name": "partsupp", "Alias": "partsupp", "Startup Cost": 0.0, "Total Cost": 4.9, "Plan Rows": 3, "Plan Width": 24, "Index Cond": "(ps_partkey = part.p_partkey)"}]}]}]}, {"Node Type": "Index Scan", "Parent Relationship": "Inner", "Scan Direction": "Forward", "Index Name": "idx_lineitem_part_supp", "Relation Name": "lineitem", "Alias": "lineitem", "Startup Cost": 0.0, "Total Cost": 1.13, "Plan Rows": 1, "Plan Width": 48, "Index Cond": "((l_partkey = partsupp.ps_partkey) AND (l_suppkey = partsupp.ps_suppkey))"}]}, {"Node Type": "Index Scan", "Parent Relationship": "Inner", "Scan Direction": "Forward", "Index Name": "orders_pkey", "Relation Name": "orders", "Alias": "orders", "Startup Cost": 0.0, "Total Cost": 0.29, "Plan Rows": 1, "Plan Width": 16, "Index Cond": "(o_orderkey = lineitem.l_orderkey)"}]}, {"Node Type": "Index Scan", "Parent Relationship": "Inner", "Scan Direction": "Forward", "Index Name": "nation_pkey", "Relation Name": "nation", "Alias": "nation", "Startup Cost": 0.0, "Total Cost": 0.27, "Plan Rows": 1, "Plan Width": 30, "Index Cond": "(n_nationkey = supplier.s_nationkey)"}]}]}]}, "Unique SQL Id": 3628361425}, "explain_analyze_plan": {"Plan": {"Node Type": "Sort", "Startup Cost": 723866.18, "Total Cost": 723866.19, "Plan Rows": 1, "Plan Width": 74, "Actual Startup Time": 59548.64, "Actual Total Time": 59548.652, "Actual Rows": 175, "Actual Loops": 1, "Sort Key": ["nation.n_name", "(date_part('year'::text, orders.o_orderdate)) DESC"], "Sort Method": "quicksort", "Sort Space Used": 52, "Sort Space Type": "Memory", "Plans": [{"Node Type": "Aggregate", "Strategy": "Hashed", "Parent Relationship": "Outer", "Startup Cost": 723866.16, "Total Cost": 723866.17, "Plan Rows": 1, "Plan Width": 74, "Actual Startup Time": 59548.286, "Actual Total Time": 59548.342, "Actual Rows": 175, "Actual Loops": 1, "Group By Key": ["nation.n_name", "date_part('year'::text, orders.o_orderdate)"], "Plans": [{"Node Type": "Nested Loop", "Parent Relationship": "Outer", "Join Type": "Inner", "Startup Cost": 571977.46, "Total Cost": 723866.14, "Plan Rows": 1, "Plan Width": 66, "Actual Startup Time": 2876.445, "Actual Total Time": 55780.995, "Actual Rows": 3256948, "Actual Loops": 1, "Inner Unique": true, "Plans": [{"Node Type": "Nested Loop", "Parent Relationship": "Outer", "Join Type": "Inner", "Startup Cost": 571977.46, "Total Cost": 723865.86, "Plan Rows": 1, "Plan Width": 44, "Actual Startup Time": 2876.416, "Actual Total Time": 47279.626, "Actual Rows": 3256948, "Actual Loops": 1, "Inner Unique": true, "Plans": [{"Node Type": "Nested Loop", "Parent Relationship": "Outer", "Join Type": "Inner", "Startup Cost": 571977.46, "Total Cost": 723865.56, "Plan Rows": 1, "Plan Width": 44, "Actual Startup Time": 2876.391, "Actual Total Time": 17408.868, "Actual Rows": 3256948, "Actual Loops": 1, "Inner Unique": false, "Join Filter": "(supplier.s_suppkey = lineitem.l_suppkey)", "Rows Removed by Join Filter": 0, "Plans": [{"Node Type": "Merge Join", "Parent Relationship": "Outer", "Join Type": "Inner", "Startup Cost": 571977.46, "Total Cost": 580116.55, "Plan Rows": 125630, "Plan Width": 44, "Actual Startup Time": 2876.312, "Actual Total Time": 3316.597, "Actual Rows": 434204, "Actual Loops": 1, "Inner Unique": false, "Merge Cond": "(supplier.s_suppkey = partsupp.ps_suppkey)", "Plans": [{"Node Type": "Index Scan", "Parent Relationship": "Outer", "Scan Direction": "Forward", "Index Name": "supplier_pkey", "Relation Name": "supplier", "Alias": "supplier", "Startup Cost": 0.0, "Total Cost": 5334.54, "Plan Rows": 100000, "Plan Width": 12, "Actual Startup Time": 0.023, "Actual Total Time": 94.352, "Actual Rows": 100000, "Actual Loops": 1}, {"Node Type": "Sort", "Parent Relationship": "Inner", "Startup Cost": 571977.44, "Total Cost": 572626.61, "Plan Rows": 259666, "Plan Width": 32, "Actual Startup Time": 2876.271, "Actual Total Time": 3006.043, "Actual Rows": 434204, "Actual Loops": 1, "Sort Key": ["partsupp.ps_suppkey"], "Sort Method": "quicksort", "Sort Space Used": 52995, "Sort Space Type": "Memory", "Plans": [{"Node Type": "Nested Loop", "Parent Relationship": "Outer", "Join Type": "Inner", "Startup Cost": 0.0, "Total Cost": 548625.29, "Plan Rows": 259666, "Plan Width": 32, "Actual Startup Time": 0.039, "Actual Total Time": 2701.737, "Actual Rows": 434204, "Actual Loops": 1, "Inner Unique": false, "Plans": [{"Node Type": "Index Scan", "Parent Relationship": "Outer", "Scan Direction": "Forward", "Index Name": "part_kpey", "Relation Name": "part", "Alias": "part", "Startup Cost": 0.0, "Total Cost": 105803.25, "Plan Rows": 89888, "Plan Width": 8, "Actual Startup Time": 0.029, "Actual Total Time": 1707.675, "Actual Rows": 108551, "Actual Loops": 1, "Filter": "((p_name)::text ~~ '%dim%'::text)", "Rows Removed by Filter": 1891449}, {"Node Type": "Index Scan", "Parent Relationship": "Inner", "Scan Direction": "Forward", "Index Name": "idx_partsupp_partkey", "Relation Name": "partsupp", "Alias": "partsupp", "Startup Cost": 0.0, "Total Cost": 4.9, "Plan Rows": 3, "Plan Width": 24, "Actual Startup Time": 603.738, "Actual Total Time": 843.511, "Actual Rows": 434204, "Actual Loops": 108551, "Index Cond": "(ps_partkey = part.p_partkey)", "Rows Removed by Index Recheck": 0}]}]}]}, {"Node Type": "Index Scan", "Parent Relationship": "Inner", "Scan Direction": "Forward", "Index Name": "idx_lineitem_part_supp", "Relation Name": "lineitem", "Alias": "lineitem", "Startup Cost": 0.0, "Total Cost": 1.13, "Plan Rows": 1, "Plan Width": 48, "Actual Startup Time": 4481.377, "Actual Total Time": 12467.506, "Actual Rows": 3256948, "Actual Loops": 434204, "Index Cond": "((l_partkey = partsupp.ps_partkey) AND (l_suppkey = partsupp.ps_suppkey))", "Rows Removed by Index Recheck": 0}]}, {"Node Type": "Index Scan", "Parent Relationship": "Inner", "Scan Direction": "Forward", "Index Name": "orders_pkey", "Relation Name": "orders", "Alias": "orders", "Startup Cost": 0.0, "Total Cost": 0.29, "Plan Rows": 1, "Plan Width": 16, "Actual Startup Time": 27079.967, "Actual Total Time": 27079.967, "Actual Rows": 3256948, "Actual Loops": 3256948, "Index Cond": "(o_orderkey = lineitem.l_orderkey)", "Rows Removed by Index Recheck": 0}]}, {"Node Type": "Index Scan", "Parent Relationship": "Inner", "Scan Direction": "Forward", "Index Name": "nation_pkey", "Relation Name": "nation", "Alias": "nation", "Startup Cost": 0.0, "Total Cost": 0.27, "Plan Rows": 1, "Plan Width": 30, "Actual Startup Time": 4424.774, "Actual Total Time": 4424.774, "Actual Rows": 3256948, "Actual Loops": 3256948, "Index Cond": "(n_nationkey = supplier.s_nationkey)", "Rows Removed by Index Recheck": 0}]}]}]}, "Triggers": [], "Planner Runtime": 30.663, "Total Runtime": 59548.965, "Unique SQL Id": 3628361425}}, "(64, 26)": {"explain_plan": {"Plan": {"Node Type": "Sort", "Startup Cost": 12011186.71, "Total Cost": 12011186.71, "Plan Rows": 1, "Plan Width": 74, "Sort Key": ["nation.n_name", "(date_part('year'::text, orders.o_orderdate)) DESC"], "Plans": [{"Node Type": "Aggregate", "Strategy": "Hashed", "Parent Relationship": "Outer", "Startup Cost": 12011186.68, "Total Cost": 12011186.7, "Plan Rows": 1, "Plan Width": 74, "Group By Key": ["nation.n_name", "date_part('year'::text, orders.o_orderdate)"], "Plans": [{"Node Type": "Nested Loop", "Parent Relationship": "Outer", "Join Type": "Inner", "Startup Cost": 11026521.48, "Total Cost": 12011186.67, "Plan Rows": 1, "Plan Width": 66, "Inner Unique": true, "Join Filter": "(supplier.s_nationkey = nation.n_nationkey)", "Plans": [{"Node Type": "Nested Loop", "Parent Relationship": "Outer", "Join Type": "Inner", "Startup Cost": 11026521.48, "Total Cost": 12011185.1, "Plan Rows": 1, "Plan Width": 44, "Inner Unique": true, "Join Filter": "(lineitem.l_orderkey = orders.o_orderkey)", "Plans": [{"Node Type": "Nested Loop", "Parent Relationship": "Outer", "Join Type": "Inner", "Startup Cost": 11026521.48, "Total Cost": 11397277.82, "Plan Rows": 1, "Plan Width": 44, "Inner Unique": false, "Join Filter": "(lineitem.l_suppkey = supplier.s_suppkey)", "Plans": [{"Node Type": "Seq Scan", "Parent Relationship": "Outer", "Relation Name": "supplier", "Alias": "supplier", "Startup Cost": 0.0, "Total Cost": 3283.0, "Plan Rows": 100000, "Plan Width": 12}, {"Node Type": "Materialize", "Parent Relationship": "Inner", "Startup Cost": 11026521.48, "Total Cost": 11390994.83, "Plan Rows": 2, "Plan Width": 56, "Plans": [{"Node Type": "Merge Join", "Parent Relationship": "Outer", "Join Type": "Inner", "Startup Cost": 11026521.48, "Total Cost": 11390994.82, "Plan Rows": 2, "Plan Width": 56, "Inner Unique": true, "Merge Cond": "(lineitem.l_partkey = partsupp.ps_partkey)", "Join Filter": "(lineitem.l_suppkey = partsupp.ps_suppkey)", "Plans": [{"Node Type": "Merge Join", "Parent Relationship": "Outer", "Join Type": "Inner", "Startup Cost": 9839224.25, "Total Cost": 10144564.49, "Plan Rows": 495566, "Plan Width": 56, "Inner Unique": false, "Merge Cond": "(part.p_partkey = lineitem.l_partkey)", "Plans": [{"Node Type": "Sort", "Parent Relationship": "Outer", "Startup Cost": 74339.91, "Total Cost": 74564.63, "Plan Rows": 89888, "Plan Width": 8, "Sort Key": ["part.p_partkey"], "Plans": [{"Node Type": "Seq Scan", "Parent Relationship": "Outer", "Relation Name": "part", "Alias": "part", "Startup Cost": 0.0, "Total Cost": 66944.0, "Plan Rows": 89888, "Plan Width": 8, "Filter": "((p_name)::text ~~ '%dim%'::text)"}]}, {"Node Type": "Sort", "Parent Relationship": "Inner", "Startup Cost": 9764884.32, "Total Cost": 9914851.9, "Plan Rows": 59987033, "Plan Width": 48, "Sort Key": ["lineitem.l_partkey"], "Plans": [{"Node Type": "Seq Scan", "Parent Relationship": "Outer", "Relation Name": "lineitem", "Alias": "lineitem", "Startup Cost": 0.0, "Total Cost": 2015115.33, "Plan Rows": 59987033, "Plan Width": 48}]}]}, {"Node Type": "Sort", "Parent Relationship": "Inner", "Startup Cost": 1187295.8, "Total Cost": 1207296.73, "Plan Rows": 8000372, "Plan Width": 24, "Sort Key": ["partsupp.ps_partkey"], "Plans": [{"Node Type": "Seq Scan", "Parent Relationship": "Outer", "Relation Name": "partsupp", "Alias": "partsupp", "Startup Cost": 0.0, "Total Cost": 269987.72, "Plan Rows": 8000372, "Plan Width": 24}]}]}]}]}, {"Node Type": "Seq Scan", "Parent Relationship": "Inner", "Relation Name": "orders", "Alias": "orders", "Startup Cost": 0.0, "Total Cost": 426413.79, "Plan Rows": 14999479, "Plan Width": 16}]}, {"Node Type": "Seq Scan", "Parent Relationship": "Inner", "Relation Name": "nation", "Alias": "nation", "Startup Cost": 0.0, "Total Cost": 1.25, "Plan Rows": 25, "Plan Width": 30}]}]}]}, "Unique SQL Id": 3628361425}, "explain_analyze_plan": null}, "(64, 27)": {"explain_plan": {"Plan": {"Node Type": "Sort", "Startup Cost": 6000839471774.72, "Total Cost": 6000839471774.72, "Plan Rows": 1, "Plan Width": 74, "Sort Key": ["nation.n_name", "(date_part('year'::text, orders.o_orderdate)) DESC"], "Plans": [{"Node Type": "Aggregate", "Strategy": "Hashed", "Parent Relationship": "Outer", "Startup Cost": 6000839471774.69, "Total Cost": 6000839471774.71, "Plan Rows": 1, "Plan Width": 74, "Group By Key": ["nation.n_name", "date_part('year'::text, orders.o_orderdate)"], "Plans": [{"Node Type": "Nested Loop", "Parent Relationship": "Outer", "Join Type": "Inner", "Startup Cost": 60035393416.8, "Total Cost": 6000839471774.68, "Plan Rows": 1, "Plan Width": 66, "Inner Unique": true, "Plans": [{"Node Type": "Merge Join", "Parent Relationship": "Outer", "Join Type": "Inner", "Startup Cost": 50035393416.8, "Total Cost": 5000839471745.44, "Plan Rows": 1, "Plan Width": 66, "Inner Unique": true, "Merge Cond": "(partsupp.ps_partkey = part.p_partkey)", "Plans": [{"Node Type": "Nested Loop", "Parent Relationship": "Outer", "Join Type": "Inner", "Startup Cost": 40035393416.8, "Total Cost": 4000828891195.69, "Plan Rows": 6, "Plan Width": 82, "Inner Unique": true, "Join Filter": "(supplier.s_nationkey = nation.n_nationkey)", "Plans": [{"Node Type": "Nested Loop", "Parent Relationship": "Outer", "Join Type": "Inner", "Startup Cost": 30035393416.8, "Total Cost": 3000828889930.88, "Plan Rows": 6, "Plan Width": 60, "Inner Unique": true, "Join Filter": "(lineitem.l_suppkey = supplier.s_suppkey)", "Plans": [{"Node Type": "Merge Join", "Parent Relationship": "Outer", "Join Type": "Inner", "Startup Cost": 20035393416.8, "Total Cost": 2000828314226.5, "Plan Rows": 28, "Plan Width": 72, "Inner Unique": true, "Merge Cond": "((lineitem.l_partkey = partsupp.ps_partkey) AND (lineitem.l_suppkey = partsupp.ps_suppkey))", "Plans": [{"Node Type": "Index Scan", "Parent Relationship": "Outer", "Scan Direction": "Forward", "Index Name": "idx_lineitem_part_supp", "Relation Name": "lineitem", "Alias": "lineitem", "Startup Cost": 10000000000.0, "Total Cost": 1000775391319.64, "Plan Rows": 59987033, "Plan Width": 48}, {"Node Type": "Index Scan", "Parent Relationship": "Inner", "Scan Direction": "Forward", "Index Name": "partsupp_pkey", "Relation Name": "partsupp", "Alias": "partsupp", "Startup Cost": 10000000000.0, "Total Cost": 1000071640963.22, "Plan Rows": 8000372, "Plan Width": 24}]}, {"Node Type": "Materialize", "Parent Relationship": "Inner", "Startup Cost": 10000000000.0, "Total Cost": 1000000533954.38, "Plan Rows": 100000, "Plan Width": 12, "Plans": [{"Node Type": "Index Scan", "Parent Relationship": "Outer", "Scan Direction": "Forward", "Index Name": "supplier_pkey", "Relation Name": "supplier", "Alias": "supplier", "Startup Cost": 10000000000.0, "Total Cost": 1000000533454.38, "Plan Rows": 100000, "Plan Width": 12}]}]}, {"Node Type": "Materialize", "Parent Relationship": "Inner", "Startup Cost": 10000000000.0, "Total Cost": 1000000001262.62, "Plan Rows": 25, "Plan Width": 30, "Plans": [{"Node Type": "Index Scan", "Parent Relationship": "Outer", "Scan Direction": "Forward", "Index Name": "nation_pkey", "Relation Name": "nation", "Alias": "nation", "Startup Cost": 10000000000.0, "Total Cost": 1000000001262.5, "Plan Rows": 25, "Plan Width": 30}]}]}, {"Node Type": "Index Scan", "Parent Relationship": "Inner", "Scan Direction": "Forward", "Index Name": "part_kpey", "Relation Name": "part", "Alias": "part", "Startup Cost": 10000000000.0, "Total Cost": 1000010580325.0, "Plan Rows": 89888, "Plan Width": 8, "Filter": "((p_name)::text ~~ '%dim%'::text)"}]}, {"Node Type": "Index Scan", "Parent Relationship": "Inner", "Scan Direction": "Forward", "Index Name": "orders_pkey", "Relation Name": "orders", "Alias": "orders", "Startup Cost": 10000000000.0, "Total Cost": 1000000000029.23, "Plan Rows": 1, "Plan Width": 16, "Index Cond": "(o_orderkey = lineitem.l_orderkey)"}]}]}]}, "Unique SQL Id": 3628361425}, "explain_analyze_plan": null}, "(64, 28)": {"explain_plan": {"Plan": {"Node Type": "Sort", "Startup Cost": 685006.93, "Total Cost": 685006.94, "Plan Rows": 1, "Plan Width": 74, "Sort Key": ["nation.n_name", "(date_part('year'::text, orders.o_orderdate)) DESC"], "Plans": [{"Node Type": "Aggregate", "Strategy": "Hashed", "Parent Relationship": "Outer", "Startup Cost": 685006.91, "Total Cost": 685006.92, "Plan Rows": 1, "Plan Width": 74, "Group By Key": ["nation.n_name", "date_part('year'::text, orders.o_orderdate)"], "Plans": [{"Node Type": "Nested Loop", "Parent Relationship": "Outer", "Join Type": "Inner", "Startup Cost": 533118.21, "Total Cost": 685006.89, "Plan Rows": 1, "Plan Width": 66, "Inner Unique": true, "Plans": [{"Node Type": "Nested Loop", "Parent Relationship": "Outer", "Join Type": "Inner", "Startup Cost": 533118.21, "Total Cost": 685006.61, "Plan Rows": 1, "Plan Width": 44, "Inner Unique": true, "Plans": [{"Node Type": "Nested Loop", "Parent Relationship": "Outer", "Join Type": "Inner", "Startup Cost": 533118.21, "Total Cost": 685006.31, "Plan Rows": 1, "Plan Width": 44, "Inner Unique": false, "Join Filter": "(supplier.s_suppkey = lineitem.l_suppkey)", "Plans": [{"Node Type": "Merge Join", "Parent Relationship": "Outer", "Join Type": "Inner", "Startup Cost": 533118.21, "Total Cost": 541257.3, "Plan Rows": 125630, "Plan Width": 44, "Inner Unique": false, "Merge Cond": "(supplier.s_suppkey = partsupp.ps_suppkey)", "Plans": [{"Node Type": "Index Scan", "Parent Relationship": "Outer", "Scan Direction": "Forward", "Index Name": "supplier_pkey", "Relation Name": "supplier", "Alias": "supplier", "Startup Cost": 0.0, "Total Cost": 5334.54, "Plan Rows": 100000, "Plan Width": 12}, {"Node Type": "Sort", "Parent Relationship": "Inner", "Startup Cost": 533118.19, "Total Cost": 533767.36, "Plan Rows": 259666, "Plan Width": 32, "Sort Key": ["partsupp.ps_suppkey"], "Plans": [{"Node Type": "Nested Loop", "Parent Relationship": "Outer", "Join Type": "Inner", "Startup Cost": 0.0, "Total Cost": 509766.04, "Plan Rows": 259666, "Plan Width": 32, "Inner Unique": false, "Plans": [{"Node Type": "Seq Scan", "Parent Relationship": "Outer", "Relation Name": "part", "Alias": "part", "Startup Cost": 0.0, "Total Cost": 66944.0, "Plan Rows": 89888, "Plan Width": 8, "Filter": "((p_name)::text ~~ '%dim%'::text)"}, {"Node Type": "Index Scan", "Parent Relationship": "Inner", "Scan Direction": "Forward", "Index Name": "idx_partsupp_partkey", "Relation Name": "partsupp", "Alias": "partsupp", "Startup Cost": 0.0, "Total Cost": 4.9, "Plan Rows": 3, "Plan Width": 24, "Index Cond": "(ps_partkey = part.p_partkey)"}]}]}]}, {"Node Type": "Index Scan", "Parent Relationship": "Inner", "Scan Direction": "Forward", "Index Name": "idx_lineitem_part_supp", "Relation Name": "lineitem", "Alias": "lineitem", "Startup Cost": 0.0, "Total Cost": 1.13, "Plan Rows": 1, "Plan Width": 48, "Index Cond": "((l_partkey = partsupp.ps_partkey) AND (l_suppkey = partsupp.ps_suppkey))"}]}, {"Node Type": "Index Scan", "Parent Relationship": "Inner", "Scan Direction": "Forward", "Index Name": "orders_pkey", "Relation Name": "orders", "Alias": "orders", "Startup Cost": 0.0, "Total Cost": 0.29, "Plan Rows": 1, "Plan Width": 16, "Index Cond": "(o_orderkey = lineitem.l_orderkey)"}]}, {"Node Type": "Index Scan", "Parent Relationship": "Inner", "Scan Direction": "Forward", "Index Name": "nation_pkey", "Relation Name": "nation", "Alias": "nation", "Startup Cost": 0.0, "Total Cost": 0.27, "Plan Rows": 1, "Plan Width": 30, "Index Cond": "(n_nationkey = supplier.s_nationkey)"}]}]}]}, "Unique SQL Id": 3628361425}, "explain_analyze_plan": {"Plan": {"Node Type": "Sort", "Startup Cost": 685006.93, "Total Cost": 685006.94, "Plan Rows": 1, "Plan Width": 74, "Actual Startup Time": 58840.001, "Actual Total Time": 58840.013, "Actual Rows": 175, "Actual Loops": 1, "Sort Key": ["nation.n_name", "(date_part('year'::text, orders.o_orderdate)) DESC"], "Sort Method": "quicksort", "Sort Space Used": 52, "Sort Space Type": "Memory", "Plans": [{"Node Type": "Aggregate", "Strategy": "Hashed", "Parent Relationship": "Outer", "Startup Cost": 685006.91, "Total Cost": 685006.92, "Plan Rows": 1, "Plan Width": 74, "Actual Startup Time": 58839.651, "Actual Total Time": 58839.687, "Actual Rows": 175, "Actual Loops": 1, "Group By Key": ["nation.n_name", "date_part('year'::text, orders.o_orderdate)"], "Plans": [{"Node Type": "Nested Loop", "Parent Relationship": "Outer", "Join Type": "Inner", "Startup Cost": 533118.21, "Total Cost": 685006.89, "Plan Rows": 1, "Plan Width": 66, "Actual Startup Time": 2177.815, "Actual Total Time": 55085.394, "Actual Rows": 3256948, "Actual Loops": 1, "Inner Unique": true, "Plans": [{"Node Type": "Nested Loop", "Parent Relationship": "Outer", "Join Type": "Inner", "Startup Cost": 533118.21, "Total Cost": 685006.61, "Plan Rows": 1, "Plan Width": 44, "Actual Startup Time": 2177.784, "Actual Total Time": 46457.19, "Actual Rows": 3256948, "Actual Loops": 1, "Inner Unique": true, "Plans": [{"Node Type": "Nested Loop", "Parent Relationship": "Outer", "Join Type": "Inner", "Startup Cost": 533118.21, "Total Cost": 685006.31, "Plan Rows": 1, "Plan Width": 44, "Actual Startup Time": 2177.751, "Actual Total Time": 16666.992, "Actual Rows": 3256948, "Actual Loops": 1, "Inner Unique": false, "Join Filter": "(supplier.s_suppkey = lineitem.l_suppkey)", "Rows Removed by Join Filter": 0, "Plans": [{"Node Type": "Merge Join", "Parent Relationship": "Outer", "Join Type": "Inner", "Startup Cost": 533118.21, "Total Cost": 541257.3, "Plan Rows": 125630, "Plan Width": 44, "Actual Startup Time": 2177.614, "Actual Total Time": 2619.392, "Actual Rows": 434204, "Actual Loops": 1, "Inner Unique": false, "Merge Cond": "(supplier.s_suppkey = partsupp.ps_suppkey)", "Plans": [{"Node Type": "Index Scan", "Parent Relationship": "Outer", "Scan Direction": "Forward", "Index Name": "supplier_pkey", "Relation Name": "supplier", "Alias": "supplier", "Startup Cost": 0.0, "Total Cost": 5334.54, "Plan Rows": 100000, "Plan Width": 12, "Actual Startup Time": 0.023, "Actual Total Time": 92.056, "Actual Rows": 100000, "Actual Loops": 1}, {"Node Type": "Sort", "Parent Relationship": "Inner", "Startup Cost": 533118.19, "Total Cost": 533767.36, "Plan Rows": 259666, "Plan Width": 32, "Actual Startup Time": 2177.574, "Actual Total Time": 2317.359, "Actual Rows": 434204, "Actual Loops": 1, "Sort Key": ["partsupp.ps_suppkey"], "Sort Method": "quicksort", "Sort Space Used": 52995, "Sort Space Type": "Memory", "Plans": [{"Node Type": "Nested Loop", "Parent Relationship": "Outer", "Join Type": "Inner", "Startup Cost": 0.0, "Total Cost": 509766.04, "Plan Rows": 259666, "Plan Width": 32, "Actual Startup Time": 0.033, "Actual Total Time": 2003.374, "Actual Rows": 434204, "Actual Loops": 1, "Inner Unique": false, "Plans": [{"Node Type": "Seq Scan", "Parent Relationship": "Outer", "Relation Name": "part", "Alias": "part", "Startup Cost": 0.0, "Total Cost": 66944.0, "Plan Rows": 89888, "Plan Width": 8, "Actual Startup Time": 0.02, "Actual Total Time": 1017.979, "Actual Rows": 108551, "Actual Loops": 1, "Filter": "((p_name)::text ~~ '%dim%'::text)", "Rows Removed by Filter": 1891449}, {"Node Type": "Index Scan", "Parent Relationship": "Inner", "Scan Direction": "Forward", "Index Name": "idx_partsupp_partkey", "Relation Name": "partsupp", "Alias": "partsupp", "Startup Cost": 0.0, "Total Cost": 4.9, "Plan Rows": 3, "Plan Width": 24, "Actual Startup Time": 593.345, "Actual Total Time": 830.109, "Actual Rows": 434204, "Actual Loops": 108551, "Index Cond": "(ps_partkey = part.p_partkey)", "Rows Removed by Index Recheck": 0}]}]}]}, {"Node Type": "Index Scan", "Parent Relationship": "Inner", "Scan Direction": "Forward", "Index Name": "idx_lineitem_part_supp", "Relation Name": "lineitem", "Alias": "lineitem", "Startup Cost": 0.0, "Total Cost": 1.13, "Plan Rows": 1, "Plan Width": 48, "Actual Startup Time": 4466.094, "Actual Total Time": 12400.002, "Actual Rows": 3256948, "Actual Loops": 434204, "Index Cond": "((l_partkey = partsupp.ps_partkey) AND (l_suppkey = partsupp.ps_suppkey))", "Rows Removed by Index Recheck": 0}]}, {"Node Type": "Index Scan", "Parent Relationship": "Inner", "Scan Direction": "Forward", "Index Name": "orders_pkey", "Relation Name": "orders", "Alias": "orders", "Startup Cost": 0.0, "Total Cost": 0.29, "Plan Rows": 1, "Plan Width": 16, "Actual Startup Time": 27002.473, "Actual Total Time": 27002.473, "Actual Rows": 3256948, "Actual Loops": 3256948, "Index Cond": "(o_orderkey = lineitem.l_orderkey)", "Rows Removed by Index Recheck": 0}]}, {"Node Type": "Index Scan", "Parent Relationship": "Inner", "Scan Direction": "Forward", "Index Name": "nation_pkey", "Relation Name": "nation", "Alias": "nation", "Startup Cost": 0.0, "Total Cost": 0.27, "Plan Rows": 1, "Plan Width": 30, "Actual Startup Time": 4502.629, "Actual Total Time": 4502.629, "Actual Rows": 3256948, "Actual Loops": 3256948, "Index Cond": "(n_nationkey = supplier.s_nationkey)", "Rows Removed by Index Recheck": 0}]}]}]}, "Triggers": [], "Planner Runtime": 31.475, "Total Runtime": 58840.319, "Unique SQL Id": 3628361425}}, "(64, 29)": {"explain_plan": {"Plan": {"Node Type": "Sort", "Startup Cost": 723866.18, "Total Cost": 723866.19, "Plan Rows": 1, "Plan Width": 74, "Sort Key": ["nation.n_name", "(date_part('year'::text, orders.o_orderdate)) DESC"], "Plans": [{"Node Type": "Aggregate", "Strategy": "Hashed", "Parent Relationship": "Outer", "Startup Cost": 723866.16, "Total Cost": 723866.17, "Plan Rows": 1, "Plan Width": 74, "Group By Key": ["nation.n_name", "date_part('year'::text, orders.o_orderdate)"], "Plans": [{"Node Type": "Nested Loop", "Parent Relationship": "Outer", "Join Type": "Inner", "Startup Cost": 571977.46, "Total Cost": 723866.14, "Plan Rows": 1, "Plan Width": 66, "Inner Unique": true, "Plans": [{"Node Type": "Nested Loop", "Parent Relationship": "Outer", "Join Type": "Inner", "Startup Cost": 571977.46, "Total Cost": 723865.86, "Plan Rows": 1, "Plan Width": 44, "Inner Unique": true, "Plans": [{"Node Type": "Nested Loop", "Parent Relationship": "Outer", "Join Type": "Inner", "Startup Cost": 571977.46, "Total Cost": 723865.56, "Plan Rows": 1, "Plan Width": 44, "Inner Unique": false, "Join Filter": "(supplier.s_suppkey = lineitem.l_suppkey)", "Plans": [{"Node Type": "Merge Join", "Parent Relationship": "Outer", "Join Type": "Inner", "Startup Cost": 571977.46, "Total Cost": 580116.55, "Plan Rows": 125630, "Plan Width": 44, "Inner Unique": false, "Merge Cond": "(supplier.s_suppkey = partsupp.ps_suppkey)", "Plans": [{"Node Type": "Index Scan", "Parent Relationship": "Outer", "Scan Direction": "Forward", "Index Name": "supplier_pkey", "Relation Name": "supplier", "Alias": "supplier", "Startup Cost": 0.0, "Total Cost": 5334.54, "Plan Rows": 100000, "Plan Width": 12}, {"Node Type": "Sort", "Parent Relationship": "Inner", "Startup Cost": 571977.44, "Total Cost": 572626.61, "Plan Rows": 259666, "Plan Width": 32, "Sort Key": ["partsupp.ps_suppkey"], "Plans": [{"Node Type": "Nested Loop", "Parent Relationship": "Outer", "Join Type": "Inner", "Startup Cost": 0.0, "Total Cost": 548625.29, "Plan Rows": 259666, "Plan Width": 32, "Inner Unique": false, "Plans": [{"Node Type": "Index Scan", "Parent Relationship": "Outer", "Scan Direction": "Forward", "Index Name": "part_kpey", "Relation Name": "part", "Alias": "part", "Startup Cost": 0.0, "Total Cost": 105803.25, "Plan Rows": 89888, "Plan Width": 8, "Filter": "((p_name)::text ~~ '%dim%'::text)"}, {"Node Type": "Index Scan", "Parent Relationship": "Inner", "Scan Direction": "Forward", "Index Name": "idx_partsupp_partkey", "Relation Name": "partsupp", "Alias": "partsupp", "Startup Cost": 0.0, "Total Cost": 4.9, "Plan Rows": 3, "Plan Width": 24, "Index Cond": "(ps_partkey = part.p_partkey)"}]}]}]}, {"Node Type": "Index Scan", "Parent Relationship": "Inner", "Scan Direction": "Forward", "Index Name": "idx_lineitem_part_supp", "Relation Name": "lineitem", "Alias": "lineitem", "Startup Cost": 0.0, "Total Cost": 1.13, "Plan Rows": 1, "Plan Width": 48, "Index Cond": "((l_partkey = partsupp.ps_partkey) AND (l_suppkey = partsupp.ps_suppkey))"}]}, {"Node Type": "Index Scan", "Parent Relationship": "Inner", "Scan Direction": "Forward", "Index Name": "orders_pkey", "Relation Name": "orders", "Alias": "orders", "Startup Cost": 0.0, "Total Cost": 0.29, "Plan Rows": 1, "Plan Width": 16, "Index Cond": "(o_orderkey = lineitem.l_orderkey)"}]}, {"Node Type": "Index Scan", "Parent Relationship": "Inner", "Scan Direction": "Forward", "Index Name": "nation_pkey", "Relation Name": "nation", "Alias": "nation", "Startup Cost": 0.0, "Total Cost": 0.27, "Plan Rows": 1, "Plan Width": 30, "Index Cond": "(n_nationkey = supplier.s_nationkey)"}]}]}]}, "Unique SQL Id": 3628361425}, "explain_analyze_plan": {"Plan": {"Node Type": "Sort", "Startup Cost": 723866.18, "Total Cost": 723866.19, "Plan Rows": 1, "Plan Width": 74, "Actual Startup Time": 59548.64, "Actual Total Time": 59548.652, "Actual Rows": 175, "Actual Loops": 1, "Sort Key": ["nation.n_name", "(date_part('year'::text, orders.o_orderdate)) DESC"], "Sort Method": "quicksort", "Sort Space Used": 52, "Sort Space Type": "Memory", "Plans": [{"Node Type": "Aggregate", "Strategy": "Hashed", "Parent Relationship": "Outer", "Startup Cost": 723866.16, "Total Cost": 723866.17, "Plan Rows": 1, "Plan Width": 74, "Actual Startup Time": 59548.286, "Actual Total Time": 59548.342, "Actual Rows": 175, "Actual Loops": 1, "Group By Key": ["nation.n_name", "date_part('year'::text, orders.o_orderdate)"], "Plans": [{"Node Type": "Nested Loop", "Parent Relationship": "Outer", "Join Type": "Inner", "Startup Cost": 571977.46, "Total Cost": 723866.14, "Plan Rows": 1, "Plan Width": 66, "Actual Startup Time": 2876.445, "Actual Total Time": 55780.995, "Actual Rows": 3256948, "Actual Loops": 1, "Inner Unique": true, "Plans": [{"Node Type": "Nested Loop", "Parent Relationship": "Outer", "Join Type": "Inner", "Startup Cost": 571977.46, "Total Cost": 723865.86, "Plan Rows": 1, "Plan Width": 44, "Actual Startup Time": 2876.416, "Actual Total Time": 47279.626, "Actual Rows": 3256948, "Actual Loops": 1, "Inner Unique": true, "Plans": [{"Node Type": "Nested Loop", "Parent Relationship": "Outer", "Join Type": "Inner", "Startup Cost": 571977.46, "Total Cost": 723865.56, "Plan Rows": 1, "Plan Width": 44, "Actual Startup Time": 2876.391, "Actual Total Time": 17408.868, "Actual Rows": 3256948, "Actual Loops": 1, "Inner Unique": false, "Join Filter": "(supplier.s_suppkey = lineitem.l_suppkey)", "Rows Removed by Join Filter": 0, "Plans": [{"Node Type": "Merge Join", "Parent Relationship": "Outer", "Join Type": "Inner", "Startup Cost": 571977.46, "Total Cost": 580116.55, "Plan Rows": 125630, "Plan Width": 44, "Actual Startup Time": 2876.312, "Actual Total Time": 3316.597, "Actual Rows": 434204, "Actual Loops": 1, "Inner Unique": false, "Merge Cond": "(supplier.s_suppkey = partsupp.ps_suppkey)", "Plans": [{"Node Type": "Index Scan", "Parent Relationship": "Outer", "Scan Direction": "Forward", "Index Name": "supplier_pkey", "Relation Name": "supplier", "Alias": "supplier", "Startup Cost": 0.0, "Total Cost": 5334.54, "Plan Rows": 100000, "Plan Width": 12, "Actual Startup Time": 0.023, "Actual Total Time": 94.352, "Actual Rows": 100000, "Actual Loops": 1}, {"Node Type": "Sort", "Parent Relationship": "Inner", "Startup Cost": 571977.44, "Total Cost": 572626.61, "Plan Rows": 259666, "Plan Width": 32, "Actual Startup Time": 2876.271, "Actual Total Time": 3006.043, "Actual Rows": 434204, "Actual Loops": 1, "Sort Key": ["partsupp.ps_suppkey"], "Sort Method": "quicksort", "Sort Space Used": 52995, "Sort Space Type": "Memory", "Plans": [{"Node Type": "Nested Loop", "Parent Relationship": "Outer", "Join Type": "Inner", "Startup Cost": 0.0, "Total Cost": 548625.29, "Plan Rows": 259666, "Plan Width": 32, "Actual Startup Time": 0.039, "Actual Total Time": 2701.737, "Actual Rows": 434204, "Actual Loops": 1, "Inner Unique": false, "Plans": [{"Node Type": "Index Scan", "Parent Relationship": "Outer", "Scan Direction": "Forward", "Index Name": "part_kpey", "Relation Name": "part", "Alias": "part", "Startup Cost": 0.0, "Total Cost": 105803.25, "Plan Rows": 89888, "Plan Width": 8, "Actual Startup Time": 0.029, "Actual Total Time": 1707.675, "Actual Rows": 108551, "Actual Loops": 1, "Filter": "((p_name)::text ~~ '%dim%'::text)", "Rows Removed by Filter": 1891449}, {"Node Type": "Index Scan", "Parent Relationship": "Inner", "Scan Direction": "Forward", "Index Name": "idx_partsupp_partkey", "Relation Name": "partsupp", "Alias": "partsupp", "Startup Cost": 0.0, "Total Cost": 4.9, "Plan Rows": 3, "Plan Width": 24, "Actual Startup Time": 603.738, "Actual Total Time": 843.511, "Actual Rows": 434204, "Actual Loops": 108551, "Index Cond": "(ps_partkey = part.p_partkey)", "Rows Removed by Index Recheck": 0}]}]}]}, {"Node Type": "Index Scan", "Parent Relationship": "Inner", "Scan Direction": "Forward", "Index Name": "idx_lineitem_part_supp", "Relation Name": "lineitem", "Alias": "lineitem", "Startup Cost": 0.0, "Total Cost": 1.13, "Plan Rows": 1, "Plan Width": 48, "Actual Startup Time": 4481.377, "Actual Total Time": 12467.506, "Actual Rows": 3256948, "Actual Loops": 434204, "Index Cond": "((l_partkey = partsupp.ps_partkey) AND (l_suppkey = partsupp.ps_suppkey))", "Rows Removed by Index Recheck": 0}]}, {"Node Type": "Index Scan", "Parent Relationship": "Inner", "Scan Direction": "Forward", "Index Name": "orders_pkey", "Relation Name": "orders", "Alias": "orders", "Startup Cost": 0.0, "Total Cost": 0.29, "Plan Rows": 1, "Plan Width": 16, "Actual Startup Time": 27079.967, "Actual Total Time": 27079.967, "Actual Rows": 3256948, "Actual Loops": 3256948, "Index Cond": "(o_orderkey = lineitem.l_orderkey)", "Rows Removed by Index Recheck": 0}]}, {"Node Type": "Index Scan", "Parent Relationship": "Inner", "Scan Direction": "Forward", "Index Name": "nation_pkey", "Relation Name": "nation", "Alias": "nation", "Startup Cost": 0.0, "Total Cost": 0.27, "Plan Rows": 1, "Plan Width": 30, "Actual Startup Time": 4424.774, "Actual Total Time": 4424.774, "Actual Rows": 3256948, "Actual Loops": 3256948, "Index Cond": "(n_nationkey = supplier.s_nationkey)", "Rows Removed by Index Recheck": 0}]}]}]}, "Triggers": [], "Planner Runtime": 30.663, "Total Runtime": 59548.965, "Unique SQL Id": 3628361425}}, "(64, 30)": {"explain_plan": {"Plan": {"Node Type": "Sort", "Startup Cost": 12011186.71, "Total Cost": 12011186.71, "Plan Rows": 1, "Plan Width": 74, "Sort Key": ["nation.n_name", "(date_part('year'::text, orders.o_orderdate)) DESC"], "Plans": [{"Node Type": "Aggregate", "Strategy": "Hashed", "Parent Relationship": "Outer", "Startup Cost": 12011186.68, "Total Cost": 12011186.7, "Plan Rows": 1, "Plan Width": 74, "Group By Key": ["nation.n_name", "date_part('year'::text, orders.o_orderdate)"], "Plans": [{"Node Type": "Nested Loop", "Parent Relationship": "Outer", "Join Type": "Inner", "Startup Cost": 11026521.48, "Total Cost": 12011186.67, "Plan Rows": 1, "Plan Width": 66, "Inner Unique": true, "Join Filter": "(supplier.s_nationkey = nation.n_nationkey)", "Plans": [{"Node Type": "Nested Loop", "Parent Relationship": "Outer", "Join Type": "Inner", "Startup Cost": 11026521.48, "Total Cost": 12011185.1, "Plan Rows": 1, "Plan Width": 44, "Inner Unique": true, "Join Filter": "(lineitem.l_orderkey = orders.o_orderkey)", "Plans": [{"Node Type": "Nested Loop", "Parent Relationship": "Outer", "Join Type": "Inner", "Startup Cost": 11026521.48, "Total Cost": 11397277.82, "Plan Rows": 1, "Plan Width": 44, "Inner Unique": false, "Join Filter": "(lineitem.l_suppkey = supplier.s_suppkey)", "Plans": [{"Node Type": "Seq Scan", "Parent Relationship": "Outer", "Relation Name": "supplier", "Alias": "supplier", "Startup Cost": 0.0, "Total Cost": 3283.0, "Plan Rows": 100000, "Plan Width": 12}, {"Node Type": "Materialize", "Parent Relationship": "Inner", "Startup Cost": 11026521.48, "Total Cost": 11390994.83, "Plan Rows": 2, "Plan Width": 56, "Plans": [{"Node Type": "Merge Join", "Parent Relationship": "Outer", "Join Type": "Inner", "Startup Cost": 11026521.48, "Total Cost": 11390994.82, "Plan Rows": 2, "Plan Width": 56, "Inner Unique": true, "Merge Cond": "(lineitem.l_partkey = partsupp.ps_partkey)", "Join Filter": "(lineitem.l_suppkey = partsupp.ps_suppkey)", "Plans": [{"Node Type": "Merge Join", "Parent Relationship": "Outer", "Join Type": "Inner", "Startup Cost": 9839224.25, "Total Cost": 10144564.49, "Plan Rows": 495566, "Plan Width": 56, "Inner Unique": false, "Merge Cond": "(part.p_partkey = lineitem.l_partkey)", "Plans": [{"Node Type": "Sort", "Parent Relationship": "Outer", "Startup Cost": 74339.91, "Total Cost": 74564.63, "Plan Rows": 89888, "Plan Width": 8, "Sort Key": ["part.p_partkey"], "Plans": [{"Node Type": "Seq Scan", "Parent Relationship": "Outer", "Relation Name": "part", "Alias": "part", "Startup Cost": 0.0, "Total Cost": 66944.0, "Plan Rows": 89888, "Plan Width": 8, "Filter": "((p_name)::text ~~ '%dim%'::text)"}]}, {"Node Type": "Sort", "Parent Relationship": "Inner", "Startup Cost": 9764884.32, "Total Cost": 9914851.9, "Plan Rows": 59987033, "Plan Width": 48, "Sort Key": ["lineitem.l_partkey"], "Plans": [{"Node Type": "Seq Scan", "Parent Relationship": "Outer", "Relation Name": "lineitem", "Alias": "lineitem", "Startup Cost": 0.0, "Total Cost": 2015115.33, "Plan Rows": 59987033, "Plan Width": 48}]}]}, {"Node Type": "Sort", "Parent Relationship": "Inner", "Startup Cost": 1187295.8, "Total Cost": 1207296.73, "Plan Rows": 8000372, "Plan Width": 24, "Sort Key": ["partsupp.ps_partkey"], "Plans": [{"Node Type": "Seq Scan", "Parent Relationship": "Outer", "Relation Name": "partsupp", "Alias": "partsupp", "Startup Cost": 0.0, "Total Cost": 269987.72, "Plan Rows": 8000372, "Plan Width": 24}]}]}]}]}, {"Node Type": "Seq Scan", "Parent Relationship": "Inner", "Relation Name": "orders", "Alias": "orders", "Startup Cost": 0.0, "Total Cost": 426413.79, "Plan Rows": 14999479, "Plan Width": 16}]}, {"Node Type": "Seq Scan", "Parent Relationship": "Inner", "Relation Name": "nation", "Alias": "nation", "Startup Cost": 0.0, "Total Cost": 1.25, "Plan Rows": 25, "Plan Width": 30}]}]}]}, "Unique SQL Id": 3628361425}, "explain_analyze_plan": null}, "(64, 31)": {"explain_plan": {"Plan": {"Node Type": "Sort", "Startup Cost": 6000839471774.72, "Total Cost": 6000839471774.72, "Plan Rows": 1, "Plan Width": 74, "Sort Key": ["nation.n_name", "(date_part('year'::text, orders.o_orderdate)) DESC"], "Plans": [{"Node Type": "Aggregate", "Strategy": "Hashed", "Parent Relationship": "Outer", "Startup Cost": 6000839471774.69, "Total Cost": 6000839471774.71, "Plan Rows": 1, "Plan Width": 74, "Group By Key": ["nation.n_name", "date_part('year'::text, orders.o_orderdate)"], "Plans": [{"Node Type": "Nested Loop", "Parent Relationship": "Outer", "Join Type": "Inner", "Startup Cost": 60035393416.8, "Total Cost": 6000839471774.68, "Plan Rows": 1, "Plan Width": 66, "Inner Unique": true, "Plans": [{"Node Type": "Merge Join", "Parent Relationship": "Outer", "Join Type": "Inner", "Startup Cost": 50035393416.8, "Total Cost": 5000839471745.44, "Plan Rows": 1, "Plan Width": 66, "Inner Unique": true, "Merge Cond": "(partsupp.ps_partkey = part.p_partkey)", "Plans": [{"Node Type": "Nested Loop", "Parent Relationship": "Outer", "Join Type": "Inner", "Startup Cost": 40035393416.8, "Total Cost": 4000828891195.69, "Plan Rows": 6, "Plan Width": 82, "Inner Unique": true, "Join Filter": "(supplier.s_nationkey = nation.n_nationkey)", "Plans": [{"Node Type": "Nested Loop", "Parent Relationship": "Outer", "Join Type": "Inner", "Startup Cost": 30035393416.8, "Total Cost": 3000828889930.88, "Plan Rows": 6, "Plan Width": 60, "Inner Unique": true, "Join Filter": "(lineitem.l_suppkey = supplier.s_suppkey)", "Plans": [{"Node Type": "Merge Join", "Parent Relationship": "Outer", "Join Type": "Inner", "Startup Cost": 20035393416.8, "Total Cost": 2000828314226.5, "Plan Rows": 28, "Plan Width": 72, "Inner Unique": true, "Merge Cond": "((lineitem.l_partkey = partsupp.ps_partkey) AND (lineitem.l_suppkey = partsupp.ps_suppkey))", "Plans": [{"Node Type": "Index Scan", "Parent Relationship": "Outer", "Scan Direction": "Forward", "Index Name": "idx_lineitem_part_supp", "Relation Name": "lineitem", "Alias": "lineitem", "Startup Cost": 10000000000.0, "Total Cost": 1000775391319.64, "Plan Rows": 59987033, "Plan Width": 48}, {"Node Type": "Index Scan", "Parent Relationship": "Inner", "Scan Direction": "Forward", "Index Name": "partsupp_pkey", "Relation Name": "partsupp", "Alias": "partsupp", "Startup Cost": 10000000000.0, "Total Cost": 1000071640963.22, "Plan Rows": 8000372, "Plan Width": 24}]}, {"Node Type": "Materialize", "Parent Relationship": "Inner", "Startup Cost": 10000000000.0, "Total Cost": 1000000533954.38, "Plan Rows": 100000, "Plan Width": 12, "Plans": [{"Node Type": "Index Scan", "Parent Relationship": "Outer", "Scan Direction": "Forward", "Index Name": "supplier_pkey", "Relation Name": "supplier", "Alias": "supplier", "Startup Cost": 10000000000.0, "Total Cost": 1000000533454.38, "Plan Rows": 100000, "Plan Width": 12}]}]}, {"Node Type": "Materialize", "Parent Relationship": "Inner", "Startup Cost": 10000000000.0, "Total Cost": 1000000001262.62, "Plan Rows": 25, "Plan Width": 30, "Plans": [{"Node Type": "Index Scan", "Parent Relationship": "Outer", "Scan Direction": "Forward", "Index Name": "nation_pkey", "Relation Name": "nation", "Alias": "nation", "Startup Cost": 10000000000.0, "Total Cost": 1000000001262.5, "Plan Rows": 25, "Plan Width": 30}]}]}, {"Node Type": "Index Scan", "Parent Relationship": "Inner", "Scan Direction": "Forward", "Index Name": "part_kpey", "Relation Name": "part", "Alias": "part", "Startup Cost": 10000000000.0, "Total Cost": 1000010580325.0, "Plan Rows": 89888, "Plan Width": 8, "Filter": "((p_name)::text ~~ '%dim%'::text)"}]}, {"Node Type": "Index Scan", "Parent Relationship": "Inner", "Scan Direction": "Forward", "Index Name": "orders_pkey", "Relation Name": "orders", "Alias": "orders", "Startup Cost": 10000000000.0, "Total Cost": 1000000000029.23, "Plan Rows": 1, "Plan Width": 16, "Index Cond": "(o_orderkey = lineitem.l_orderkey)"}]}]}]}, "Unique SQL Id": 3628361425}, "explain_analyze_plan": null}, "(64, 32)": {"explain_plan": {"Plan": {"Node Type": "Sort", "Startup Cost": 521166.05, "Total Cost": 521166.06, "Plan Rows": 1, "Plan Width": 74, "Sort Key": ["nation.n_name", "(date_part('year'::text, orders.o_orderdate)) DESC"], "Plans": [{"Node Type": "Aggregate", "Strategy": "Hashed", "Parent Relationship": "Outer", "Startup Cost": 521166.03, "Total Cost": 521166.04, "Plan Rows": 1, "Plan Width": 74, "Group By Key": ["nation.n_name", "date_part('year'::text, orders.o_orderdate)"], "Plans": [{"Node Type": "Nested Loop", "Parent Relationship": "Outer", "Join Type": "Inner", "Startup Cost": 72600.6, "Total Cost": 521166.01, "Plan Rows": 1, "Plan Width": 66, "Inner Unique": true, "Plans": [{"Node Type": "Nested Loop", "Parent Relationship": "Outer", "Join Type": "Inner", "Startup Cost": 72600.6, "Total Cost": 521165.73, "Plan Rows": 1, "Plan Width": 44, "Inner Unique": true, "Plans": [{"Node Type": "Nested Loop", "Parent Relationship": "Outer", "Join Type": "Inner", "Startup Cost": 72600.6, "Total Cost": 521165.43, "Plan Rows": 1, "Plan Width": 44, "Inner Unique": false, "Join Filter": "(supplier.s_suppkey = lineitem.l_suppkey)", "Plans": [{"Node Type": "Hash Join", "Parent Relationship": "Outer", "Join Type": "Inner", "Startup Cost": 72600.6, "Total Cost": 377416.42, "Plan Rows": 125630, "Plan Width": 44, "Inner Unique": true, "Hash Cond": "(partsupp.ps_suppkey = supplier.s_suppkey), (LLVM Optimized)", "Plans": [{"Node Type": "Hash Join", "Parent Relationship": "Outer", "Join Type": "Inner", "Startup Cost": 68067.6, "Total Cost": 370653.38, "Plan Rows": 259666, "Plan Width": 32, "Inner Unique": true, "Hash Cond": "(partsupp.ps_partkey = part.p_partkey), (LLVM Optimized)", "Plans": [{"Node Type": "Seq Scan", "Parent Relationship": "Outer", "Relation Name": "partsupp", "Alias": "partsupp", "Startup Cost": 0.0, "Total Cost": 269987.72, "Plan Rows": 8000372, "Plan Width": 24}, {"Node Type": "Hash", "Parent Relationship": "Inner", "Startup Cost": 66944.0, "Total Cost": 66944.0, "Plan Rows": 89888, "Plan Width": 8, "Plans": [{"Node Type": "Seq Scan", "Parent Relationship": "Outer", "Relation Name": "part", "Alias": "part", "Startup Cost": 0.0, "Total Cost": 66944.0, "Plan Rows": 89888, "Plan Width": 8, "Filter": "((p_name)::text ~~ '%dim%'::text)"}]}]}, {"Node Type": "Hash", "Parent Relationship": "Inner", "Startup Cost": 3283.0, "Total Cost": 3283.0, "Plan Rows": 100000, "Plan Width": 12, "Plans": [{"Node Type": "Seq Scan", "Parent Relationship": "Outer", "Relation Name": "supplier", "Alias": "supplier", "Startup Cost": 0.0, "Total Cost": 3283.0, "Plan Rows": 100000, "Plan Width": 12}]}]}, {"Node Type": "Index Scan", "Parent Relationship": "Inner", "Scan Direction": "Forward", "Index Name": "idx_lineitem_part_supp", "Relation Name": "lineitem", "Alias": "lineitem", "Startup Cost": 0.0, "Total Cost": 1.13, "Plan Rows": 1, "Plan Width": 48, "Index Cond": "((l_partkey = partsupp.ps_partkey) AND (l_suppkey = partsupp.ps_suppkey))"}]}, {"Node Type": "Index Scan", "Parent Relationship": "Inner", "Scan Direction": "Forward", "Index Name": "orders_pkey", "Relation Name": "orders", "Alias": "orders", "Startup Cost": 0.0, "Total Cost": 0.29, "Plan Rows": 1, "Plan Width": 16, "Index Cond": "(o_orderkey = lineitem.l_orderkey)"}]}, {"Node Type": "Index Scan", "Parent Relationship": "Inner", "Scan Direction": "Forward", "Index Name": "nation_pkey", "Relation Name": "nation", "Alias": "nation", "Startup Cost": 0.0, "Total Cost": 0.27, "Plan Rows": 1, "Plan Width": 30, "Index Cond": "(n_nationkey = supplier.s_nationkey)"}]}]}]}, "Unique SQL Id": 3628361425}, "explain_analyze_plan": {"Plan": {"Node Type": "Sort", "Startup Cost": 521166.05, "Total Cost": 521166.06, "Plan Rows": 1, "Plan Width": 74, "Actual Startup Time": 58932.736, "Actual Total Time": 58932.749, "Actual Rows": 175, "Actual Loops": 1, "Sort Key": ["nation.n_name", "(date_part('year'::text, orders.o_orderdate)) DESC"], "Sort Method": "quicksort", "Sort Space Used": 52, "Sort Space Type": "Memory", "Plans": [{"Node Type": "Aggregate", "Strategy": "Hashed", "Parent Relationship": "Outer", "Startup Cost": 521166.03, "Total Cost": 521166.04, "Plan Rows": 1, "Plan Width": 74, "Actual Startup Time": 58932.337, "Actual Total Time": 58932.379, "Actual Rows": 175, "Actual Loops": 1, "Group By Key": ["nation.n_name", "date_part('year'::text, orders.o_orderdate)"], "Plans": [{"Node Type": "Nested Loop", "Parent Relationship": "Outer", "Join Type": "Inner", "Startup Cost": 72600.6, "Total Cost": 521166.01, "Plan Rows": 1, "Plan Width": 66, "Actual Startup Time": 1103.433, "Actual Total Time": 55092.664, "Actual Rows": 3256948, "Actual Loops": 1, "Inner Unique": true, "Plans": [{"Node Type": "Nested Loop", "Parent Relationship": "Outer", "Join Type": "Inner", "Startup Cost": 72600.6, "Total Cost": 521165.73, "Plan Rows": 1, "Plan Width": 44, "Actual Startup Time": 1103.363, "Actual Total Time": 46615.878, "Actual Rows": 3256948, "Actual Loops": 1, "Inner Unique": true, "Plans": [{"Node Type": "Nested Loop", "Parent Relationship": "Outer", "Join Type": "Inner", "Startup Cost": 72600.6, "Total Cost": 521165.43, "Plan Rows": 1, "Plan Width": 44, "Actual Startup Time": 1103.339, "Actual Total Time": 18831.717, "Actual Rows": 3256948, "Actual Loops": 1, "Inner Unique": false, "Join Filter": "(supplier.s_suppkey = lineitem.l_suppkey)", "Rows Removed by Join Filter": 0, "Plans": [{"Node Type": "Hash Join", "Parent Relationship": "Outer", "Join Type": "Inner", "Startup Cost": 72600.6, "Total Cost": 377416.42, "Plan Rows": 125630, "Plan Width": 44, "Actual Startup Time": 1103.287, "Actual Total Time": 6244.441, "Actual Rows": 434204, "Actual Loops": 1, "Inner Unique": true, "Hash Cond": "(partsupp.ps_suppkey = supplier.s_suppkey), (LLVM Optimized, Jit Execute)", "Plans": [{"Node Type": "Hash Join", "Parent Relationship": "Outer", "Join Type": "Inner", "Startup Cost": 68067.6, "Total Cost": 370653.38, "Plan Rows": 259666, "Plan Width": 32, "Actual Startup Time": 1038.788, "Actual Total Time": 5788.774, "Actual Rows": 434204, "Actual Loops": 1, "Inner Unique": true, "Hash Cond": "(partsupp.ps_partkey = part.p_partkey), (LLVM Optimized, Jit Execute)", "Plans": [{"Node Type": "Seq Scan", "Parent Relationship": "Outer", "Relation Name": "partsupp", "Alias": "partsupp", "Startup Cost": 0.0, "Total Cost": 269987.72, "Plan Rows": 8000372, "Plan Width": 24, "Actual Startup Time": 0.012, "Actual Total Time": 2567.433, "Actual Rows": 8000000, "Actual Loops": 1}, {"Node Type": "Hash", "Parent Relationship": "Inner", "Startup Cost": 66944.0, "Total Cost": 66944.0, "Plan Rows": 89888, "Plan Width": 8, "Actual Startup Time": 1038.64, "Actual Total Time": 1038.64, "Actual Rows": 108551, "Actual Loops": 1, "Hash Buckets": 131072, "Hash Batches": 1, "Original Hash Batches": 1, "Peak Memory Usage": 4241, "Plans": [{"Node Type": "Seq Scan", "Parent Relationship": "Outer", "Relation Name": "part", "Alias": "part", "Startup Cost": 0.0, "Total Cost": 66944.0, "Plan Rows": 89888, "Plan Width": 8, "Actual Startup Time": 0.042, "Actual Total Time": 1000.506, "Actual Rows": 108551, "Actual Loops": 1, "Filter": "((p_name)::text ~~ '%dim%'::text)", "Rows Removed by Filter": 1891449}]}]}, {"Node Type": "Hash", "Parent Relationship": "Inner", "Startup Cost": 3283.0, "Total Cost": 3283.0, "Plan Rows": 100000, "Plan Width": 12, "Actual Startup Time": 64.394, "Actual Total Time": 64.394, "Actual Rows": 100000, "Actual Loops": 1, "Hash Buckets": 131072, "Hash Batches": 1, "Original Hash Batches": 1, "Peak Memory Usage": 4297, "Plans": [{"Node Type": "Seq Scan", "Parent Relationship": "Outer", "Relation Name": "supplier", "Alias": "supplier", "Startup Cost": 0.0, "Total Cost": 3283.0, "Plan Rows": 100000, "Plan Width": 12, "Actual Startup Time": 0.03, "Actual Total Time": 36.628, "Actual Rows": 100000, "Actual Loops": 1}]}]}, {"Node Type": "Index Scan", "Parent Relationship": "Inner", "Scan Direction": "Forward", "Index Name": "idx_lineitem_part_supp", "Relation Name": "lineitem", "Alias": "lineitem", "Startup Cost": 0.0, "Total Cost": 1.13, "Plan Rows": 1, "Plan Width": 48, "Actual Startup Time": 3128.663, "Actual Total Time": 10882.76, "Actual Rows": 3256948, "Actual Loops": 434204, "Index Cond": "((l_partkey = partsupp.ps_partkey) AND (l_suppkey = partsupp.ps_suppkey))", "Rows Removed by Index Recheck": 0}]}, {"Node Type": "Index Scan", "Parent Relationship": "Inner", "Scan Direction": "Forward", "Index Name": "orders_pkey", "Relation Name": "orders", "Alias": "orders", "Startup Cost": 0.0, "Total Cost": 0.29, "Plan Rows": 1, "Plan Width": 16, "Actual Startup Time": 24997.016, "Actual Total Time": 24997.016, "Actual Rows": 3256948, "Actual Loops": 3256948, "Index Cond": "(o_orderkey = lineitem.l_orderkey)", "Rows Removed by Index Recheck": 0}]}, {"Node Type": "Index Scan", "Parent Relationship": "Inner", "Scan Direction": "Forward", "Index Name": "nation_pkey", "Relation Name": "nation", "Alias": "nation", "Startup Cost": 0.0, "Total Cost": 0.27, "Plan Rows": 1, "Plan Width": 30, "Actual Startup Time": 4454.455, "Actual Total Time": 4454.455, "Actual Rows": 3256948, "Actual Loops": 3256948, "Index Cond": "(n_nationkey = supplier.s_nationkey)", "Rows Removed by Index Recheck": 0}]}]}]}, "Triggers": [], "Planner Runtime": 35.792, "Total Runtime": 58943.737, "Unique SQL Id": 3628361425}}, "(64, 33)": {"explain_plan": {"Plan": {"Node Type": "Sort", "Startup Cost": 701189.51, "Total Cost": 701189.52, "Plan Rows": 1, "Plan Width": 74, "Sort Key": ["nation.n_name", "(date_part('year'::text, orders.o_orderdate)) DESC"], "Plans": [{"Node Type": "Aggregate", "Strategy": "Hashed", "Parent Relationship": "Outer", "Startup Cost": 701189.49, "Total Cost": 701189.5, "Plan Rows": 1, "Plan Width": 74, "Group By Key": ["nation.n_name", "date_part('year'::text, orders.o_orderdate)"], "Plans": [{"Node Type": "Nested Loop", "Parent Relationship": "Outer", "Join Type": "Inner", "Startup Cost": 6584.54, "Total Cost": 701189.47, "Plan Rows": 1, "Plan Width": 66, "Inner Unique": true, "Plans": [{"Node Type": "Nested Loop", "Parent Relationship": "Outer", "Join Type": "Inner", "Startup Cost": 6584.54, "Total Cost": 701189.19, "Plan Rows": 1, "Plan Width": 44, "Inner Unique": true, "Plans": [{"Node Type": "Nested Loop", "Parent Relationship": "Outer", "Join Type": "Inner", "Startup Cost": 6584.54, "Total Cost": 701188.89, "Plan Rows": 1, "Plan Width": 44, "Inner Unique": false, "Join Filter": "(supplier.s_suppkey = lineitem.l_suppkey)", "Plans": [{"Node Type": "Hash Join", "Parent Relationship": "Outer", "Join Type": "Inner", "Startup Cost": 6584.54, "Total Cost": 557439.88, "Plan Rows": 125630, "Plan Width": 44, "Inner Unique": true, "Hash Cond": "(partsupp.ps_suppkey = supplier.s_suppkey), (LLVM Optimized)", "Plans": [{"Node Type": "Nested Loop", "Parent Relationship": "Outer", "Join Type": "Inner", "Startup Cost": 0.0, "Total Cost": 548625.29, "Plan Rows": 259666, "Plan Width": 32, "Inner Unique": false, "Plans": [{"Node Type": "Index Scan", "Parent Relationship": "Outer", "Scan Direction": "Forward", "Index Name": "part_kpey", "Relation Name": "part", "Alias": "part", "Startup Cost": 0.0, "Total Cost": 105803.25, "Plan Rows": 89888, "Plan Width": 8, "Filter": "((p_name)::text ~~ '%dim%'::text)"}, {"Node Type": "Index Scan", "Parent Relationship": "Inner", "Scan Direction": "Forward", "Index Name": "idx_partsupp_partkey", "Relation Name": "partsupp", "Alias": "partsupp", "Startup Cost": 0.0, "Total Cost": 4.9, "Plan Rows": 3, "Plan Width": 24, "Index Cond": "(ps_partkey = part.p_partkey)"}]}, {"Node Type": "Hash", "Parent Relationship": "Inner", "Startup Cost": 5334.54, "Total Cost": 5334.54, "Plan Rows": 100000, "Plan Width": 12, "Plans": [{"Node Type": "Index Scan", "Parent Relationship": "Outer", "Scan Direction": "Forward", "Index Name": "supplier_pkey", "Relation Name": "supplier", "Alias": "supplier", "Startup Cost": 0.0, "Total Cost": 5334.54, "Plan Rows": 100000, "Plan Width": 12}]}]}, {"Node Type": "Index Scan", "Parent Relationship": "Inner", "Scan Direction": "Forward", "Index Name": "idx_lineitem_part_supp", "Relation Name": "lineitem", "Alias": "lineitem", "Startup Cost": 0.0, "Total Cost": 1.13, "Plan Rows": 1, "Plan Width": 48, "Index Cond": "((l_partkey = partsupp.ps_partkey) AND (l_suppkey = partsupp.ps_suppkey))"}]}, {"Node Type": "Index Scan", "Parent Relationship": "Inner", "Scan Direction": "Forward", "Index Name": "orders_pkey", "Relation Name": "orders", "Alias": "orders", "Startup Cost": 0.0, "Total Cost": 0.29, "Plan Rows": 1, "Plan Width": 16, "Index Cond": "(o_orderkey = lineitem.l_orderkey)"}]}, {"Node Type": "Index Scan", "Parent Relationship": "Inner", "Scan Direction": "Forward", "Index Name": "nation_pkey", "Relation Name": "nation", "Alias": "nation", "Startup Cost": 0.0, "Total Cost": 0.27, "Plan Rows": 1, "Plan Width": 30, "Index Cond": "(n_nationkey = supplier.s_nationkey)"}]}]}]}, "Unique SQL Id": 3628361425}, "explain_analyze_plan": {"Plan": {"Node Type": "Sort", "Startup Cost": 701189.51, "Total Cost": 701189.52, "Plan Rows": 1, "Plan Width": 74, "Actual Startup Time": 57219.783, "Actual Total Time": 57219.796, "Actual Rows": 175, "Actual Loops": 1, "Sort Key": ["nation.n_name", "(date_part('year'::text, orders.o_orderdate)) DESC"], "Sort Method": "quicksort", "Sort Space Used": 52, "Sort Space Type": "Memory", "Plans": [{"Node Type": "Aggregate", "Strategy": "Hashed", "Parent Relationship": "Outer", "Startup Cost": 701189.49, "Total Cost": 701189.5, "Plan Rows": 1, "Plan Width": 74, "Actual Startup Time": 57219.414, "Actual Total Time": 57219.454, "Actual Rows": 175, "Actual Loops": 1, "Group By Key": ["nation.n_name", "date_part('year'::text, orders.o_orderdate)"], "Plans": [{"Node Type": "Nested Loop", "Parent Relationship": "Outer", "Join Type": "Inner", "Startup Cost": 6584.54, "Total Cost": 701189.47, "Plan Rows": 1, "Plan Width": 66, "Actual Startup Time": 106.96, "Actual Total Time": 53460.735, "Actual Rows": 3256948, "Actual Loops": 1, "Inner Unique": true, "Plans": [{"Node Type": "Nested Loop", "Parent Relationship": "Outer", "Join Type": "Inner", "Startup Cost": 6584.54, "Total Cost": 701189.19, "Plan Rows": 1, "Plan Width": 44, "Actual Startup Time": 106.934, "Actual Total Time": 44656.25, "Actual Rows": 3256948, "Actual Loops": 1, "Inner Unique": true, "Plans": [{"Node Type": "Nested Loop", "Parent Relationship": "Outer", "Join Type": "Inner", "Startup Cost": 6584.54, "Total Cost": 701188.89, "Plan Rows": 1, "Plan Width": 44, "Actual Startup Time": 106.911, "Actual Total Time": 16146.218, "Actual Rows": 3256948, "Actual Loops": 1, "Inner Unique": false, "Join Filter": "(supplier.s_suppkey = lineitem.l_suppkey)", "Rows Removed by Join Filter": 0, "Plans": [{"Node Type": "Hash Join", "Parent Relationship": "Outer", "Join Type": "Inner", "Startup Cost": 6584.54, "Total Cost": 557439.88, "Plan Rows": 125630, "Plan Width": 44, "Actual Startup Time": 106.873, "Actual Total Time": 3440.596, "Actual Rows": 434204, "Actual Loops": 1, "Inner Unique": true, "Hash Cond": "(partsupp.ps_suppkey = supplier.s_suppkey), (LLVM Optimized, Jit Execute)", "Plans": [{"Node Type": "Nested Loop", "Parent Relationship": "Outer", "Join Type": "Inner", "Startup Cost": 0.0, "Total Cost": 548625.29, "Plan Rows": 259666, "Plan Width": 32, "Actual Startup Time": 0.076, "Actual Total Time": 2929.188, "Actual Rows": 434204, "Actual Loops": 1, "Inner Unique": false, "Plans": [{"Node Type": "Index Scan", "Parent Relationship": "Outer", "Scan Direction": "Forward", "Index Name": "part_kpey", "Relation Name": "part", "Alias": "part", "Startup Cost": 0.0, "Total Cost": 105803.25, "Plan Rows": 89888, "Plan Width": 8, "Actual Startup Time": 0.056, "Actual Total Time": 1746.962, "Actual Rows": 108551, "Actual Loops": 1, "Filter": "((p_name)::text ~~ '%dim%'::text)", "Rows Removed by Filter": 1891449}, {"Node Type": "Index Scan", "Parent Relationship": "Inner", "Scan Direction": "Forward", "Index Name": "idx_partsupp_partkey", "Relation Name": "partsupp", "Alias": "partsupp", "Startup Cost": 0.0, "Total Cost": 4.9, "Plan Rows": 3, "Plan Width": 24, "Actual Startup Time": 684.56, "Actual Total Time": 978.245, "Actual Rows": 434204, "Actual Loops": 108551, "Index Cond": "(ps_partkey = part.p_partkey)", "Rows Removed by Index Recheck": 0}]}, {"Node Type": "Hash", "Parent Relationship": "Inner", "Startup Cost": 5334.54, "Total Cost": 5334.54, "Plan Rows": 100000, "Plan Width": 12, "Actual Startup Time": 106.68, "Actual Total Time": 106.68, "Actual Rows": 100000, "Actual Loops": 1, "Hash Buckets": 131072, "Hash Batches": 1, "Original Hash Batches": 1, "Peak Memory Usage": 4297, "Plans": [{"Node Type": "Index Scan", "Parent Relationship": "Outer", "Scan Direction": "Forward", "Index Name": "supplier_pkey", "Relation Name": "supplier", "Alias": "supplier", "Startup Cost": 0.0, "Total Cost": 5334.54, "Plan Rows": 100000, "Plan Width": 12, "Actual Startup Time": 0.02, "Actual Total Time": 78.377, "Actual Rows": 100000, "Actual Loops": 1}]}]}, {"Node Type": "Index Scan", "Parent Relationship": "Inner", "Scan Direction": "Forward", "Index Name": "idx_lineitem_part_supp", "Relation Name": "lineitem", "Alias": "lineitem", "Startup Cost": 0.0, "Total Cost": 1.13, "Plan Rows": 1, "Plan Width": 48, "Actual Startup Time": 3174.504, "Actual Total Time": 11019.482, "Actual Rows": 3256948, "Actual Loops": 434204, "Index Cond": "((l_partkey = partsupp.ps_partkey) AND (l_suppkey = partsupp.ps_suppkey))", "Rows Removed by Index Recheck": 0}]}, {"Node Type": "Index Scan", "Parent Relationship": "Inner", "Scan Direction": "Forward", "Index Name": "orders_pkey", "Relation Name": "orders", "Alias": "orders", "Startup Cost": 0.0, "Total Cost": 0.29, "Plan Rows": 1, "Plan Width": 16, "Actual Startup Time": 25705.885, "Actual Total Time": 25705.885, "Actual Rows": 3256948, "Actual Loops": 3256948, "Index Cond": "(o_orderkey = lineitem.l_orderkey)", "Rows Removed by Index Recheck": 0}]}, {"Node Type": "Index Scan", "Parent Relationship": "Inner", "Scan Direction": "Forward", "Index Name": "nation_pkey", "Relation Name": "nation", "Alias": "nation", "Startup Cost": 0.0, "Total Cost": 0.27, "Plan Rows": 1, "Plan Width": 30, "Actual Startup Time": 4680.015, "Actual Total Time": 4680.015, "Actual Rows": 3256948, "Actual Loops": 3256948, "Index Cond": "(n_nationkey = supplier.s_nationkey)", "Rows Removed by Index Recheck": 0}]}]}]}, "Triggers": [], "Planner Runtime": 33.676, "Total Runtime": 57229.802, "Unique SQL Id": 3628361425}}, "(64, 34)": {"explain_plan": {"Plan": {"Node Type": "Sort", "Startup Cost": 934828.25, "Total Cost": 934828.25, "Plan Rows": 1, "Plan Width": 74, "Sort Key": ["nation.n_name", "(date_part('year'::text, orders.o_orderdate)) DESC"], "Plans": [{"Node Type": "Aggregate", "Strategy": "Hashed", "Parent Relationship": "Outer", "Startup Cost": 934828.22, "Total Cost": 934828.24, "Plan Rows": 1, "Plan Width": 74, "Group By Key": ["nation.n_name", "date_part('year'::text, orders.o_orderdate)"], "Plans": [{"Node Type": "Nested Loop", "Parent Relationship": "Outer", "Join Type": "Inner", "Startup Cost": 72601.27, "Total Cost": 934828.21, "Plan Rows": 1, "Plan Width": 66, "Inner Unique": true, "Join Filter": "(supplier.s_nationkey = nation.n_nationkey)", "Plans": [{"Node Type": "Nested Loop", "Parent Relationship": "Outer", "Join Type": "Inner", "Startup Cost": 72601.27, "Total Cost": 934826.64, "Plan Rows": 1, "Plan Width": 44, "Inner Unique": true, "Plans": [{"Node Type": "Nested Loop", "Parent Relationship": "Outer", "Join Type": "Inner", "Startup Cost": 72601.01, "Total Cost": 934822.36, "Plan Rows": 1, "Plan Width": 44, "Inner Unique": false, "Join Filter": "(supplier.s_suppkey = lineitem.l_suppkey)", "Plans": [{"Node Type": "Hash Join", "Parent Relationship": "Outer", "Join Type": "Inner", "Startup Cost": 72600.6, "Total Cost": 377416.42, "Plan Rows": 125630, "Plan Width": 44, "Inner Unique": true, "Hash Cond": "(partsupp.ps_suppkey = supplier.s_suppkey), (LLVM Optimized)", "Plans": [{"Node Type": "Hash Join", "Parent Relationship": "Outer", "Join Type": "Inner", "Startup Cost": 68067.6, "Total Cost": 370653.38, "Plan Rows": 259666, "Plan Width": 32, "Inner Unique": true, "Hash Cond": "(partsupp.ps_partkey = part.p_partkey), (LLVM Optimized)", "Plans": [{"Node Type": "Seq Scan", "Parent Relationship": "Outer", "Relation Name": "partsupp", "Alias": "partsupp", "Startup Cost": 0.0, "Total Cost": 269987.72, "Plan Rows": 8000372, "Plan Width": 24}, {"Node Type": "Hash", "Parent Relationship": "Inner", "Startup Cost": 66944.0, "Total Cost": 66944.0, "Plan Rows": 89888, "Plan Width": 8, "Plans": [{"Node Type": "Seq Scan", "Parent Relationship": "Outer", "Relation Name": "part", "Alias": "part", "Startup Cost": 0.0, "Total Cost": 66944.0, "Plan Rows": 89888, "Plan Width": 8, "Filter": "((p_name)::text ~~ '%dim%'::text)"}]}]}, {"Node Type": "Hash", "Parent Relationship": "Inner", "Startup Cost": 3283.0, "Total Cost": 3283.0, "Plan Rows": 100000, "Plan Width": 12, "Plans": [{"Node Type": "Seq Scan", "Parent Relationship": "Outer", "Relation Name": "supplier", "Alias": "supplier", "Startup Cost": 0.0, "Total Cost": 3283.0, "Plan Rows": 100000, "Plan Width": 12}]}]}, {"Node Type": "Bitmap Heap Scan", "Parent Relationship": "Inner", "Relation Name": "lineitem", "Alias": "lineitem", "Startup Cost": 0.41, "Total Cost": 4.42, "Plan Rows": 1, "Plan Width": 48, "Recheck Cond": "((l_partkey = partsupp.ps_partkey) AND (l_suppkey = partsupp.ps_suppkey))", "Plans": [{"Node Type": "Bitmap Index Scan", "Parent Relationship": "Outer", "Index Name": "idx_lineitem_part_supp", "Startup Cost": 0.0, "Total Cost": 0.41, "Plan Rows": 1, "Plan Width": 0, "Index Cond": "((l_partkey = partsupp.ps_partkey) AND (l_suppkey = partsupp.ps_suppkey))"}]}]}, {"Node Type": "Bitmap Heap Scan", "Parent Relationship": "Inner", "Relation Name": "orders", "Alias": "orders", "Startup Cost": 0.26, "Total Cost": 4.27, "Plan Rows": 1, "Plan Width": 16, "Recheck Cond": "(o_orderkey = lineitem.l_orderkey)", "Plans": [{"Node Type": "Bitmap Index Scan", "Parent Relationship": "Outer", "Index Name": "orders_pkey", "Startup Cost": 0.0, "Total Cost": 0.26, "Plan Rows": 1, "Plan Width": 0, "Index Cond": "(o_orderkey = lineitem.l_orderkey)"}]}]}, {"Node Type": "Seq Scan", "Parent Relationship": "Inner", "Relation Name": "nation", "Alias": "nation", "Startup Cost": 0.0, "Total Cost": 1.25, "Plan Rows": 25, "Plan Width": 30}]}]}]}, "Unique SQL Id": 3628361425}, "explain_analyze_plan": {"Plan": {"Node Type": "Sort", "Startup Cost": 934828.25, "Total Cost": 934828.25, "Plan Rows": 1, "Plan Width": 74, "Actual Startup Time": 90821.2, "Actual Total Time": 90821.214, "Actual Rows": 175, "Actual Loops": 1, "Sort Key": ["nation.n_name", "(date_part('year'::text, orders.o_orderdate)) DESC"], "Sort Method": "quicksort", "Sort Space Used": 52, "Sort Space Type": "Memory", "Plans": [{"Node Type": "Aggregate", "Strategy": "Hashed", "Parent Relationship": "Outer", "Startup Cost": 934828.22, "Total Cost": 934828.24, "Plan Rows": 1, "Plan Width": 74, "Actual Startup Time": 90820.826, "Actual Total Time": 90820.878, "Actual Rows": 175, "Actual Loops": 1, "Group By Key": ["nation.n_name", "date_part('year'::text, orders.o_orderdate)"], "Plans": [{"Node Type": "Nested Loop", "Parent Relationship": "Outer", "Join Type": "Inner", "Startup Cost": 72601.27, "Total Cost": 934828.21, "Plan Rows": 1, "Plan Width": 66, "Actual Startup Time": 1105.058, "Actual Total Time": 86694.903, "Actual Rows": 3256948, "Actual Loops": 1, "Inner Unique": true, "Join Filter": "(supplier.s_nationkey = nation.n_nationkey)", "Rows Removed by Join Filter": 39103306, "Plans": [{"Node Type": "Nested Loop", "Parent Relationship": "Outer", "Join Type": "Inner", "Startup Cost": 72601.27, "Total Cost": 934826.64, "Plan Rows": 1, "Plan Width": 44, "Actual Startup Time": 1104.999, "Actual Total Time": 55903.489, "Actual Rows": 3256948, "Actual Loops": 1, "Inner Unique": true, "Plans": [{"Node Type": "Nested Loop", "Parent Relationship": "Outer", "Join Type": "Inner", "Startup Cost": 72601.01, "Total Cost": 934822.36, "Plan Rows": 1, "Plan Width": 44, "Actual Startup Time": 1104.948, "Actual Total Time": 22125.595, "Actual Rows": 3256948, "Actual Loops": 1, "Inner Unique": false, "Join Filter": "(supplier.s_suppkey = lineitem.l_suppkey)", "Rows Removed by Join Filter": 0, "Plans": [{"Node Type": "Hash Join", "Parent Relationship": "Outer", "Join Type": "Inner", "Startup Cost": 72600.6, "Total Cost": 377416.42, "Plan Rows": 125630, "Plan Width": 44, "Actual Startup Time": 1104.738, "Actual Total Time": 6357.627, "Actual Rows": 434204, "Actual Loops": 1, "Inner Unique": true, "Hash Cond": "(partsupp.ps_suppkey = supplier.s_suppkey), (LLVM Optimized, Jit Execute)", "Plans": [{"Node Type": "Hash Join", "Parent Relationship": "Outer", "Join Type": "Inner", "Startup Cost": 68067.6, "Total Cost": 370653.38, "Plan Rows": 259666, "Plan Width": 32, "Actual Startup Time": 1037.382, "Actual Total Time": 5885.479, "Actual Rows": 434204, "Actual Loops": 1, "Inner Unique": true, "Hash Cond": "(partsupp.ps_partkey = part.p_partkey), (LLVM Optimized, Jit Execute)", "Plans": [{"Node Type": "Seq Scan", "Parent Relationship": "Outer", "Relation Name": "partsupp", "Alias": "partsupp", "Startup Cost": 0.0, "Total Cost": 269987.72, "Plan Rows": 8000372, "Plan Width": 24, "Actual Startup Time": 0.018, "Actual Total Time": 2591.033, "Actual Rows": 8000000, "Actual Loops": 1}, {"Node Type": "Hash", "Parent Relationship": "Inner", "Startup Cost": 66944.0, "Total Cost": 66944.0, "Plan Rows": 89888, "Plan Width": 8, "Actual Startup Time": 1037.221, "Actual Total Time": 1037.221, "Actual Rows": 108551, "Actual Loops": 1, "Hash Buckets": 131072, "Hash Batches": 1, "Original Hash Batches": 1, "Peak Memory Usage": 4241, "Plans": [{"Node Type": "Seq Scan", "Parent Relationship": "Outer", "Relation Name": "part", "Alias": "part", "Startup Cost": 0.0, "Total Cost": 66944.0, "Plan Rows": 89888, "Plan Width": 8, "Actual Startup Time": 0.038, "Actual Total Time": 995.329, "Actual Rows": 108551, "Actual Loops": 1, "Filter": "((p_name)::text ~~ '%dim%'::text)", "Rows Removed by Filter": 1891449}]}]}, {"Node Type": "Hash", "Parent Relationship": "Inner", "Startup Cost": 3283.0, "Total Cost": 3283.0, "Plan Rows": 100000, "Plan Width": 12, "Actual Startup Time": 67.254, "Actual Total Time": 67.254, "Actual Rows": 100000, "Actual Loops": 1, "Hash Buckets": 131072, "Hash Batches": 1, "Original Hash Batches": 1, "Peak Memory Usage": 4297, "Plans": [{"Node Type": "Seq Scan", "Parent Relationship": "Outer", "Relation Name": "supplier", "Alias": "supplier", "Startup Cost": 0.0, "Total Cost": 3283.0, "Plan Rows": 100000, "Plan Width": 12, "Actual Startup Time": 0.021, "Actual Total Time": 39.995, "Actual Rows": 100000, "Actual Loops": 1}]}]}, {"Node Type": "Bitmap Heap Scan", "Parent Relationship": "Inner", "Relation Name": "lineitem", "Alias": "lineitem", "Startup Cost": 0.41, "Total Cost": 4.42, "Plan Rows": 1, "Plan Width": 48, "Actual Startup Time": 5001.899, "Actual Total Time": 13640.682, "Actual Rows": 3256948, "Actual Loops": 434204, "Recheck Cond": "((l_partkey = partsupp.ps_partkey) AND (l_suppkey = partsupp.ps_suppkey))", "Rows Removed by Index Recheck": 0, "Exact Heap Blocks": 3256937, "Lossy Heap Blocks": 3256937, "Plans": [{"Node Type": "Bitmap Index Scan", "Parent Relationship": "Outer", "Index Name": "idx_lineitem_part_supp", "Startup Cost": 0.0, "Total Cost": 0.41, "Plan Rows": 1, "Plan Width": 0, "Actual Startup Time": 2866.192, "Actual Total Time": 2866.192, "Actual Rows": 3256948, "Actual Loops": 434204, "Index Cond": "((l_partkey = partsupp.ps_partkey) AND (l_suppkey = partsupp.ps_suppkey))"}]}]}, {"Node Type": "Bitmap Heap Scan", "Parent Relationship": "Inner", "Relation Name": "orders", "Alias": "orders", "Startup Cost": 0.26, "Total Cost": 4.27, "Plan Rows": 1, "Plan Width": 16, "Actual Startup Time": 29313.016, "Actual Total Time": 29313.016, "Actual Rows": 3256948, "Actual Loops": 3256948, "Recheck Cond": "(o_orderkey = lineitem.l_orderkey)", "Rows Removed by Index Recheck": 0, "Exact Heap Blocks": 3256948, "Lossy Heap Blocks": 3256948, "Plans": [{"Node Type": "Bitmap Index Scan", "Parent Relationship": "Outer", "Index Name": "orders_pkey", "Startup Cost": 0.0, "Total Cost": 0.26, "Plan Rows": 1, "Plan Width": 0, "Actual Startup Time": 18924.404, "Actual Total Time": 18924.404, "Actual Rows": 3256948, "Actual Loops": 3256948, "Index Cond": "(o_orderkey = lineitem.l_orderkey)"}]}]}, {"Node Type": "Seq Scan", "Parent Relationship": "Inner", "Relation Name": "nation", "Alias": "nation", "Startup Cost": 0.0, "Total Cost": 1.25, "Plan Rows": 25, "Plan Width": 30, "Actual Startup Time": 12552.748, "Actual Total Time": 16509.776, "Actual Rows": 42360254, "Actual Loops": 3256948}]}]}]}, "Triggers": [], "Planner Runtime": 41.361, "Total Runtime": 90830.524, "Unique SQL Id": 3628361425}}, "(64, 35)": {"explain_plan": {"Plan": {"Node Type": "Sort", "Startup Cost": 1000008167021.57, "Total Cost": 1000008167021.58, "Plan Rows": 1, "Plan Width": 74, "Sort Key": ["nation.n_name", "(date_part('year'::text, orders.o_orderdate)) DESC"], "Plans": [{"Node Type": "Aggregate", "Strategy": "Hashed", "Parent Relationship": "Outer", "Startup Cost": 1000008167021.55, "Total Cost": 1000008167021.56, "Plan Rows": 1, "Plan Width": 74, "Group By Key": ["nation.n_name", "date_part('year'::text, orders.o_orderdate)"], "Plans": [{"Node Type": "Nested Loop", "Parent Relationship": "Outer", "Join Type": "Inner", "Startup Cost": 10000000002.75, "Total Cost": 1000008167021.53, "Plan Rows": 1, "Plan Width": 66, "Inner Unique": true, "Plans": [{"Node Type": "Nested Loop", "Parent Relationship": "Outer", "Join Type": "Inner", "Startup Cost": 10000000002.5, "Total Cost": 1000008167017.25, "Plan Rows": 1, "Plan Width": 44, "Inner Unique": true, "Plans": [{"Node Type": "Nested Loop", "Parent Relationship": "Outer", "Join Type": "Inner", "Startup Cost": 10000000002.24, "Total Cost": 1000008167012.96, "Plan Rows": 1, "Plan Width": 44, "Inner Unique": true, "Join Filter": "(partsupp.ps_partkey = part.p_partkey)", "Plans": [{"Node Type": "Nested Loop", "Parent Relationship": "Outer", "Join Type": "Inner", "Startup Cost": 10000000001.98, "Total Cost": 1000008166987.25, "Plan Rows": 6, "Plan Width": 60, "Inner Unique": false, "Join Filter": "(supplier.s_suppkey = lineitem.l_suppkey)", "Plans": [{"Node Type": "Nested Loop", "Parent Relationship": "Outer", "Join Type": "Inner", "Startup Cost": 10000000001.57, "Total Cost": 1000002201599.04, "Plan Rows": 1344499, "Plan Width": 36, "Inner Unique": false, "Plans": [{"Node Type": "Index Scan", "Parent Relationship": "Outer", "Scan Direction": "Forward", "Index Name": "idx_supplier_nation_key", "Relation Name": "supplier", "Alias": "supplier", "Startup Cost": 10000000000.0, "Total Cost": 1000001217556.78, "Plan Rows": 100000, "Plan Width": 12}, {"Node Type": "Bitmap Heap Scan", "Parent Relationship": "Inner", "Relation Name": "partsupp", "Alias": "partsupp", "Startup Cost": 1.57, "Total Cost": 9.71, "Plan Rows": 13, "Plan Width": 24, "Recheck Cond": "(ps_suppkey = supplier.s_suppkey)", "Plans": [{"Node Type": "Bitmap Index Scan", "Parent Relationship": "Outer", "Index Name": "idx_partsupp_suppkey", "Startup Cost": 0.0, "Total Cost": 1.56, "Plan Rows": 13, "Plan Width": 0, "Index Cond": "(ps_suppkey = supplier.s_suppkey)"}]}]}, {"Node Type": "Bitmap Heap Scan", "Parent Relationship": "Inner", "Relation Name": "lineitem", "Alias": "lineitem", "Startup Cost": 0.41, "Total Cost": 4.42, "Plan Rows": 1, "Plan Width": 48, "Recheck Cond": "((l_partkey = partsupp.ps_partkey) AND (l_suppkey = partsupp.ps_suppkey))", "Plans": [{"Node Type": "Bitmap Index Scan", "Parent Relationship": "Outer", "Index Name": "idx_lineitem_part_supp", "Startup Cost": 0.0, "Total Cost": 0.41, "Plan Rows": 1, "Plan Width": 0, "Index Cond": "((l_partkey = partsupp.ps_partkey) AND (l_suppkey = partsupp.ps_suppkey))"}]}]}, {"Node Type": "Bitmap Heap Scan", "Parent Relationship": "Inner", "Relation Name": "part", "Alias": "part", "Startup Cost": 0.26, "Total Cost": 4.27, "Plan Rows": 1, "Plan Width": 8, "Recheck Cond": "(p_partkey = lineitem.l_partkey)", "Filter": "((p_name)::text ~~ '%dim%'::text)", "Plans": [{"Node Type": "Bitmap Index Scan", "Parent Relationship": "Outer", "Index Name": "part_kpey", "Startup Cost": 0.0, "Total Cost": 0.26, "Plan Rows": 1, "Plan Width": 0, "Index Cond": "(p_partkey = lineitem.l_partkey)"}]}]}, {"Node Type": "Bitmap Heap Scan", "Parent Relationship": "Inner", "Relation Name": "orders", "Alias": "orders", "Startup Cost": 0.26, "Total Cost": 4.27, "Plan Rows": 1, "Plan Width": 16, "Recheck Cond": "(o_orderkey = lineitem.l_orderkey)", "Plans": [{"Node Type": "Bitmap Index Scan", "Parent Relationship": "Outer", "Index Name": "orders_pkey", "Startup Cost": 0.0, "Total Cost": 0.26, "Plan Rows": 1, "Plan Width": 0, "Index Cond": "(o_orderkey = lineitem.l_orderkey)"}]}]}, {"Node Type": "Bitmap Heap Scan", "Parent Relationship": "Inner", "Relation Name": "nation", "Alias": "nation", "Startup Cost": 0.26, "Total Cost": 4.27, "Plan Rows": 1, "Plan Width": 30, "Recheck Cond": "(n_nationkey = supplier.s_nationkey)", "Plans": [{"Node Type": "Bitmap Index Scan", "Parent Relationship": "Outer", "Index Name": "nation_pkey", "Startup Cost": 0.0, "Total Cost": 0.26, "Plan Rows": 1, "Plan Width": 0, "Index Cond": "(n_nationkey = supplier.s_nationkey)"}]}]}]}]}, "Unique SQL Id": 3628361425}, "explain_analyze_plan": null}, "(64, 36)": {"explain_plan": {"Plan": {"Node Type": "Sort", "Startup Cost": 521166.05, "Total Cost": 521166.06, "Plan Rows": 1, "Plan Width": 74, "Sort Key": ["nation.n_name", "(date_part('year'::text, orders.o_orderdate)) DESC"], "Plans": [{"Node Type": "Aggregate", "Strategy": "Hashed", "Parent Relationship": "Outer", "Startup Cost": 521166.03, "Total Cost": 521166.04, "Plan Rows": 1, "Plan Width": 74, "Group By Key": ["nation.n_name", "date_part('year'::text, orders.o_orderdate)"], "Plans": [{"Node Type": "Nested Loop", "Parent Relationship": "Outer", "Join Type": "Inner", "Startup Cost": 72600.6, "Total Cost": 521166.01, "Plan Rows": 1, "Plan Width": 66, "Inner Unique": true, "Plans": [{"Node Type": "Nested Loop", "Parent Relationship": "Outer", "Join Type": "Inner", "Startup Cost": 72600.6, "Total Cost": 521165.73, "Plan Rows": 1, "Plan Width": 44, "Inner Unique": true, "Plans": [{"Node Type": "Nested Loop", "Parent Relationship": "Outer", "Join Type": "Inner", "Startup Cost": 72600.6, "Total Cost": 521165.43, "Plan Rows": 1, "Plan Width": 44, "Inner Unique": false, "Join Filter": "(supplier.s_suppkey = lineitem.l_suppkey)", "Plans": [{"Node Type": "Hash Join", "Parent Relationship": "Outer", "Join Type": "Inner", "Startup Cost": 72600.6, "Total Cost": 377416.42, "Plan Rows": 125630, "Plan Width": 44, "Inner Unique": true, "Hash Cond": "(partsupp.ps_suppkey = supplier.s_suppkey), (LLVM Optimized)", "Plans": [{"Node Type": "Hash Join", "Parent Relationship": "Outer", "Join Type": "Inner", "Startup Cost": 68067.6, "Total Cost": 370653.38, "Plan Rows": 259666, "Plan Width": 32, "Inner Unique": true, "Hash Cond": "(partsupp.ps_partkey = part.p_partkey), (LLVM Optimized)", "Plans": [{"Node Type": "Seq Scan", "Parent Relationship": "Outer", "Relation Name": "partsupp", "Alias": "partsupp", "Startup Cost": 0.0, "Total Cost": 269987.72, "Plan Rows": 8000372, "Plan Width": 24}, {"Node Type": "Hash", "Parent Relationship": "Inner", "Startup Cost": 66944.0, "Total Cost": 66944.0, "Plan Rows": 89888, "Plan Width": 8, "Plans": [{"Node Type": "Seq Scan", "Parent Relationship": "Outer", "Relation Name": "part", "Alias": "part", "Startup Cost": 0.0, "Total Cost": 66944.0, "Plan Rows": 89888, "Plan Width": 8, "Filter": "((p_name)::text ~~ '%dim%'::text)"}]}]}, {"Node Type": "Hash", "Parent Relationship": "Inner", "Startup Cost": 3283.0, "Total Cost": 3283.0, "Plan Rows": 100000, "Plan Width": 12, "Plans": [{"Node Type": "Seq Scan", "Parent Relationship": "Outer", "Relation Name": "supplier", "Alias": "supplier", "Startup Cost": 0.0, "Total Cost": 3283.0, "Plan Rows": 100000, "Plan Width": 12}]}]}, {"Node Type": "Index Scan", "Parent Relationship": "Inner", "Scan Direction": "Forward", "Index Name": "idx_lineitem_part_supp", "Relation Name": "lineitem", "Alias": "lineitem", "Startup Cost": 0.0, "Total Cost": 1.13, "Plan Rows": 1, "Plan Width": 48, "Index Cond": "((l_partkey = partsupp.ps_partkey) AND (l_suppkey = partsupp.ps_suppkey))"}]}, {"Node Type": "Index Scan", "Parent Relationship": "Inner", "Scan Direction": "Forward", "Index Name": "orders_pkey", "Relation Name": "orders", "Alias": "orders", "Startup Cost": 0.0, "Total Cost": 0.29, "Plan Rows": 1, "Plan Width": 16, "Index Cond": "(o_orderkey = lineitem.l_orderkey)"}]}, {"Node Type": "Index Scan", "Parent Relationship": "Inner", "Scan Direction": "Forward", "Index Name": "nation_pkey", "Relation Name": "nation", "Alias": "nation", "Startup Cost": 0.0, "Total Cost": 0.27, "Plan Rows": 1, "Plan Width": 30, "Index Cond": "(n_nationkey = supplier.s_nationkey)"}]}]}]}, "Unique SQL Id": 3628361425}, "explain_analyze_plan": {"Plan": {"Node Type": "Sort", "Startup Cost": 521166.05, "Total Cost": 521166.06, "Plan Rows": 1, "Plan Width": 74, "Actual Startup Time": 58932.736, "Actual Total Time": 58932.749, "Actual Rows": 175, "Actual Loops": 1, "Sort Key": ["nation.n_name", "(date_part('year'::text, orders.o_orderdate)) DESC"], "Sort Method": "quicksort", "Sort Space Used": 52, "Sort Space Type": "Memory", "Plans": [{"Node Type": "Aggregate", "Strategy": "Hashed", "Parent Relationship": "Outer", "Startup Cost": 521166.03, "Total Cost": 521166.04, "Plan Rows": 1, "Plan Width": 74, "Actual Startup Time": 58932.337, "Actual Total Time": 58932.379, "Actual Rows": 175, "Actual Loops": 1, "Group By Key": ["nation.n_name", "date_part('year'::text, orders.o_orderdate)"], "Plans": [{"Node Type": "Nested Loop", "Parent Relationship": "Outer", "Join Type": "Inner", "Startup Cost": 72600.6, "Total Cost": 521166.01, "Plan Rows": 1, "Plan Width": 66, "Actual Startup Time": 1103.433, "Actual Total Time": 55092.664, "Actual Rows": 3256948, "Actual Loops": 1, "Inner Unique": true, "Plans": [{"Node Type": "Nested Loop", "Parent Relationship": "Outer", "Join Type": "Inner", "Startup Cost": 72600.6, "Total Cost": 521165.73, "Plan Rows": 1, "Plan Width": 44, "Actual Startup Time": 1103.363, "Actual Total Time": 46615.878, "Actual Rows": 3256948, "Actual Loops": 1, "Inner Unique": true, "Plans": [{"Node Type": "Nested Loop", "Parent Relationship": "Outer", "Join Type": "Inner", "Startup Cost": 72600.6, "Total Cost": 521165.43, "Plan Rows": 1, "Plan Width": 44, "Actual Startup Time": 1103.339, "Actual Total Time": 18831.717, "Actual Rows": 3256948, "Actual Loops": 1, "Inner Unique": false, "Join Filter": "(supplier.s_suppkey = lineitem.l_suppkey)", "Rows Removed by Join Filter": 0, "Plans": [{"Node Type": "Hash Join", "Parent Relationship": "Outer", "Join Type": "Inner", "Startup Cost": 72600.6, "Total Cost": 377416.42, "Plan Rows": 125630, "Plan Width": 44, "Actual Startup Time": 1103.287, "Actual Total Time": 6244.441, "Actual Rows": 434204, "Actual Loops": 1, "Inner Unique": true, "Hash Cond": "(partsupp.ps_suppkey = supplier.s_suppkey), (LLVM Optimized, Jit Execute)", "Plans": [{"Node Type": "Hash Join", "Parent Relationship": "Outer", "Join Type": "Inner", "Startup Cost": 68067.6, "Total Cost": 370653.38, "Plan Rows": 259666, "Plan Width": 32, "Actual Startup Time": 1038.788, "Actual Total Time": 5788.774, "Actual Rows": 434204, "Actual Loops": 1, "Inner Unique": true, "Hash Cond": "(partsupp.ps_partkey = part.p_partkey), (LLVM Optimized, Jit Execute)", "Plans": [{"Node Type": "Seq Scan", "Parent Relationship": "Outer", "Relation Name": "partsupp", "Alias": "partsupp", "Startup Cost": 0.0, "Total Cost": 269987.72, "Plan Rows": 8000372, "Plan Width": 24, "Actual Startup Time": 0.012, "Actual Total Time": 2567.433, "Actual Rows": 8000000, "Actual Loops": 1}, {"Node Type": "Hash", "Parent Relationship": "Inner", "Startup Cost": 66944.0, "Total Cost": 66944.0, "Plan Rows": 89888, "Plan Width": 8, "Actual Startup Time": 1038.64, "Actual Total Time": 1038.64, "Actual Rows": 108551, "Actual Loops": 1, "Hash Buckets": 131072, "Hash Batches": 1, "Original Hash Batches": 1, "Peak Memory Usage": 4241, "Plans": [{"Node Type": "Seq Scan", "Parent Relationship": "Outer", "Relation Name": "part", "Alias": "part", "Startup Cost": 0.0, "Total Cost": 66944.0, "Plan Rows": 89888, "Plan Width": 8, "Actual Startup Time": 0.042, "Actual Total Time": 1000.506, "Actual Rows": 108551, "Actual Loops": 1, "Filter": "((p_name)::text ~~ '%dim%'::text)", "Rows Removed by Filter": 1891449}]}]}, {"Node Type": "Hash", "Parent Relationship": "Inner", "Startup Cost": 3283.0, "Total Cost": 3283.0, "Plan Rows": 100000, "Plan Width": 12, "Actual Startup Time": 64.394, "Actual Total Time": 64.394, "Actual Rows": 100000, "Actual Loops": 1, "Hash Buckets": 131072, "Hash Batches": 1, "Original Hash Batches": 1, "Peak Memory Usage": 4297, "Plans": [{"Node Type": "Seq Scan", "Parent Relationship": "Outer", "Relation Name": "supplier", "Alias": "supplier", "Startup Cost": 0.0, "Total Cost": 3283.0, "Plan Rows": 100000, "Plan Width": 12, "Actual Startup Time": 0.03, "Actual Total Time": 36.628, "Actual Rows": 100000, "Actual Loops": 1}]}]}, {"Node Type": "Index Scan", "Parent Relationship": "Inner", "Scan Direction": "Forward", "Index Name": "idx_lineitem_part_supp", "Relation Name": "lineitem", "Alias": "lineitem", "Startup Cost": 0.0, "Total Cost": 1.13, "Plan Rows": 1, "Plan Width": 48, "Actual Startup Time": 3128.663, "Actual Total Time": 10882.76, "Actual Rows": 3256948, "Actual Loops": 434204, "Index Cond": "((l_partkey = partsupp.ps_partkey) AND (l_suppkey = partsupp.ps_suppkey))", "Rows Removed by Index Recheck": 0}]}, {"Node Type": "Index Scan", "Parent Relationship": "Inner", "Scan Direction": "Forward", "Index Name": "orders_pkey", "Relation Name": "orders", "Alias": "orders", "Startup Cost": 0.0, "Total Cost": 0.29, "Plan Rows": 1, "Plan Width": 16, "Actual Startup Time": 24997.016, "Actual Total Time": 24997.016, "Actual Rows": 3256948, "Actual Loops": 3256948, "Index Cond": "(o_orderkey = lineitem.l_orderkey)", "Rows Removed by Index Recheck": 0}]}, {"Node Type": "Index Scan", "Parent Relationship": "Inner", "Scan Direction": "Forward", "Index Name": "nation_pkey", "Relation Name": "nation", "Alias": "nation", "Startup Cost": 0.0, "Total Cost": 0.27, "Plan Rows": 1, "Plan Width": 30, "Actual Startup Time": 4454.455, "Actual Total Time": 4454.455, "Actual Rows": 3256948, "Actual Loops": 3256948, "Index Cond": "(n_nationkey = supplier.s_nationkey)", "Rows Removed by Index Recheck": 0}]}]}]}, "Triggers": [], "Planner Runtime": 35.792, "Total Runtime": 58943.737, "Unique SQL Id": 3628361425}}, "(64, 37)": {"explain_plan": {"Plan": {"Node Type": "Sort", "Startup Cost": 701189.51, "Total Cost": 701189.52, "Plan Rows": 1, "Plan Width": 74, "Sort Key": ["nation.n_name", "(date_part('year'::text, orders.o_orderdate)) DESC"], "Plans": [{"Node Type": "Aggregate", "Strategy": "Hashed", "Parent Relationship": "Outer", "Startup Cost": 701189.49, "Total Cost": 701189.5, "Plan Rows": 1, "Plan Width": 74, "Group By Key": ["nation.n_name", "date_part('year'::text, orders.o_orderdate)"], "Plans": [{"Node Type": "Nested Loop", "Parent Relationship": "Outer", "Join Type": "Inner", "Startup Cost": 6584.54, "Total Cost": 701189.47, "Plan Rows": 1, "Plan Width": 66, "Inner Unique": true, "Plans": [{"Node Type": "Nested Loop", "Parent Relationship": "Outer", "Join Type": "Inner", "Startup Cost": 6584.54, "Total Cost": 701189.19, "Plan Rows": 1, "Plan Width": 44, "Inner Unique": true, "Plans": [{"Node Type": "Nested Loop", "Parent Relationship": "Outer", "Join Type": "Inner", "Startup Cost": 6584.54, "Total Cost": 701188.89, "Plan Rows": 1, "Plan Width": 44, "Inner Unique": false, "Join Filter": "(supplier.s_suppkey = lineitem.l_suppkey)", "Plans": [{"Node Type": "Hash Join", "Parent Relationship": "Outer", "Join Type": "Inner", "Startup Cost": 6584.54, "Total Cost": 557439.88, "Plan Rows": 125630, "Plan Width": 44, "Inner Unique": true, "Hash Cond": "(partsupp.ps_suppkey = supplier.s_suppkey), (LLVM Optimized)", "Plans": [{"Node Type": "Nested Loop", "Parent Relationship": "Outer", "Join Type": "Inner", "Startup Cost": 0.0, "Total Cost": 548625.29, "Plan Rows": 259666, "Plan Width": 32, "Inner Unique": false, "Plans": [{"Node Type": "Index Scan", "Parent Relationship": "Outer", "Scan Direction": "Forward", "Index Name": "part_kpey", "Relation Name": "part", "Alias": "part", "Startup Cost": 0.0, "Total Cost": 105803.25, "Plan Rows": 89888, "Plan Width": 8, "Filter": "((p_name)::text ~~ '%dim%'::text)"}, {"Node Type": "Index Scan", "Parent Relationship": "Inner", "Scan Direction": "Forward", "Index Name": "idx_partsupp_partkey", "Relation Name": "partsupp", "Alias": "partsupp", "Startup Cost": 0.0, "Total Cost": 4.9, "Plan Rows": 3, "Plan Width": 24, "Index Cond": "(ps_partkey = part.p_partkey)"}]}, {"Node Type": "Hash", "Parent Relationship": "Inner", "Startup Cost": 5334.54, "Total Cost": 5334.54, "Plan Rows": 100000, "Plan Width": 12, "Plans": [{"Node Type": "Index Scan", "Parent Relationship": "Outer", "Scan Direction": "Forward", "Index Name": "supplier_pkey", "Relation Name": "supplier", "Alias": "supplier", "Startup Cost": 0.0, "Total Cost": 5334.54, "Plan Rows": 100000, "Plan Width": 12}]}]}, {"Node Type": "Index Scan", "Parent Relationship": "Inner", "Scan Direction": "Forward", "Index Name": "idx_lineitem_part_supp", "Relation Name": "lineitem", "Alias": "lineitem", "Startup Cost": 0.0, "Total Cost": 1.13, "Plan Rows": 1, "Plan Width": 48, "Index Cond": "((l_partkey = partsupp.ps_partkey) AND (l_suppkey = partsupp.ps_suppkey))"}]}, {"Node Type": "Index Scan", "Parent Relationship": "Inner", "Scan Direction": "Forward", "Index Name": "orders_pkey", "Relation Name": "orders", "Alias": "orders", "Startup Cost": 0.0, "Total Cost": 0.29, "Plan Rows": 1, "Plan Width": 16, "Index Cond": "(o_orderkey = lineitem.l_orderkey)"}]}, {"Node Type": "Index Scan", "Parent Relationship": "Inner", "Scan Direction": "Forward", "Index Name": "nation_pkey", "Relation Name": "nation", "Alias": "nation", "Startup Cost": 0.0, "Total Cost": 0.27, "Plan Rows": 1, "Plan Width": 30, "Index Cond": "(n_nationkey = supplier.s_nationkey)"}]}]}]}, "Unique SQL Id": 3628361425}, "explain_analyze_plan": {"Plan": {"Node Type": "Sort", "Startup Cost": 701189.51, "Total Cost": 701189.52, "Plan Rows": 1, "Plan Width": 74, "Actual Startup Time": 57219.783, "Actual Total Time": 57219.796, "Actual Rows": 175, "Actual Loops": 1, "Sort Key": ["nation.n_name", "(date_part('year'::text, orders.o_orderdate)) DESC"], "Sort Method": "quicksort", "Sort Space Used": 52, "Sort Space Type": "Memory", "Plans": [{"Node Type": "Aggregate", "Strategy": "Hashed", "Parent Relationship": "Outer", "Startup Cost": 701189.49, "Total Cost": 701189.5, "Plan Rows": 1, "Plan Width": 74, "Actual Startup Time": 57219.414, "Actual Total Time": 57219.454, "Actual Rows": 175, "Actual Loops": 1, "Group By Key": ["nation.n_name", "date_part('year'::text, orders.o_orderdate)"], "Plans": [{"Node Type": "Nested Loop", "Parent Relationship": "Outer", "Join Type": "Inner", "Startup Cost": 6584.54, "Total Cost": 701189.47, "Plan Rows": 1, "Plan Width": 66, "Actual Startup Time": 106.96, "Actual Total Time": 53460.735, "Actual Rows": 3256948, "Actual Loops": 1, "Inner Unique": true, "Plans": [{"Node Type": "Nested Loop", "Parent Relationship": "Outer", "Join Type": "Inner", "Startup Cost": 6584.54, "Total Cost": 701189.19, "Plan Rows": 1, "Plan Width": 44, "Actual Startup Time": 106.934, "Actual Total Time": 44656.25, "Actual Rows": 3256948, "Actual Loops": 1, "Inner Unique": true, "Plans": [{"Node Type": "Nested Loop", "Parent Relationship": "Outer", "Join Type": "Inner", "Startup Cost": 6584.54, "Total Cost": 701188.89, "Plan Rows": 1, "Plan Width": 44, "Actual Startup Time": 106.911, "Actual Total Time": 16146.218, "Actual Rows": 3256948, "Actual Loops": 1, "Inner Unique": false, "Join Filter": "(supplier.s_suppkey = lineitem.l_suppkey)", "Rows Removed by Join Filter": 0, "Plans": [{"Node Type": "Hash Join", "Parent Relationship": "Outer", "Join Type": "Inner", "Startup Cost": 6584.54, "Total Cost": 557439.88, "Plan Rows": 125630, "Plan Width": 44, "Actual Startup Time": 106.873, "Actual Total Time": 3440.596, "Actual Rows": 434204, "Actual Loops": 1, "Inner Unique": true, "Hash Cond": "(partsupp.ps_suppkey = supplier.s_suppkey), (LLVM Optimized, Jit Execute)", "Plans": [{"Node Type": "Nested Loop", "Parent Relationship": "Outer", "Join Type": "Inner", "Startup Cost": 0.0, "Total Cost": 548625.29, "Plan Rows": 259666, "Plan Width": 32, "Actual Startup Time": 0.076, "Actual Total Time": 2929.188, "Actual Rows": 434204, "Actual Loops": 1, "Inner Unique": false, "Plans": [{"Node Type": "Index Scan", "Parent Relationship": "Outer", "Scan Direction": "Forward", "Index Name": "part_kpey", "Relation Name": "part", "Alias": "part", "Startup Cost": 0.0, "Total Cost": 105803.25, "Plan Rows": 89888, "Plan Width": 8, "Actual Startup Time": 0.056, "Actual Total Time": 1746.962, "Actual Rows": 108551, "Actual Loops": 1, "Filter": "((p_name)::text ~~ '%dim%'::text)", "Rows Removed by Filter": 1891449}, {"Node Type": "Index Scan", "Parent Relationship": "Inner", "Scan Direction": "Forward", "Index Name": "idx_partsupp_partkey", "Relation Name": "partsupp", "Alias": "partsupp", "Startup Cost": 0.0, "Total Cost": 4.9, "Plan Rows": 3, "Plan Width": 24, "Actual Startup Time": 684.56, "Actual Total Time": 978.245, "Actual Rows": 434204, "Actual Loops": 108551, "Index Cond": "(ps_partkey = part.p_partkey)", "Rows Removed by Index Recheck": 0}]}, {"Node Type": "Hash", "Parent Relationship": "Inner", "Startup Cost": 5334.54, "Total Cost": 5334.54, "Plan Rows": 100000, "Plan Width": 12, "Actual Startup Time": 106.68, "Actual Total Time": 106.68, "Actual Rows": 100000, "Actual Loops": 1, "Hash Buckets": 131072, "Hash Batches": 1, "Original Hash Batches": 1, "Peak Memory Usage": 4297, "Plans": [{"Node Type": "Index Scan", "Parent Relationship": "Outer", "Scan Direction": "Forward", "Index Name": "supplier_pkey", "Relation Name": "supplier", "Alias": "supplier", "Startup Cost": 0.0, "Total Cost": 5334.54, "Plan Rows": 100000, "Plan Width": 12, "Actual Startup Time": 0.02, "Actual Total Time": 78.377, "Actual Rows": 100000, "Actual Loops": 1}]}]}, {"Node Type": "Index Scan", "Parent Relationship": "Inner", "Scan Direction": "Forward", "Index Name": "idx_lineitem_part_supp", "Relation Name": "lineitem", "Alias": "lineitem", "Startup Cost": 0.0, "Total Cost": 1.13, "Plan Rows": 1, "Plan Width": 48, "Actual Startup Time": 3174.504, "Actual Total Time": 11019.482, "Actual Rows": 3256948, "Actual Loops": 434204, "Index Cond": "((l_partkey = partsupp.ps_partkey) AND (l_suppkey = partsupp.ps_suppkey))", "Rows Removed by Index Recheck": 0}]}, {"Node Type": "Index Scan", "Parent Relationship": "Inner", "Scan Direction": "Forward", "Index Name": "orders_pkey", "Relation Name": "orders", "Alias": "orders", "Startup Cost": 0.0, "Total Cost": 0.29, "Plan Rows": 1, "Plan Width": 16, "Actual Startup Time": 25705.885, "Actual Total Time": 25705.885, "Actual Rows": 3256948, "Actual Loops": 3256948, "Index Cond": "(o_orderkey = lineitem.l_orderkey)", "Rows Removed by Index Recheck": 0}]}, {"Node Type": "Index Scan", "Parent Relationship": "Inner", "Scan Direction": "Forward", "Index Name": "nation_pkey", "Relation Name": "nation", "Alias": "nation", "Startup Cost": 0.0, "Total Cost": 0.27, "Plan Rows": 1, "Plan Width": 30, "Actual Startup Time": 4680.015, "Actual Total Time": 4680.015, "Actual Rows": 3256948, "Actual Loops": 3256948, "Index Cond": "(n_nationkey = supplier.s_nationkey)", "Rows Removed by Index Recheck": 0}]}]}]}, "Triggers": [], "Planner Runtime": 33.676, "Total Runtime": 57229.802, "Unique SQL Id": 3628361425}}, "(64, 38)": {"explain_plan": {"Plan": {"Node Type": "Sort", "Startup Cost": 934828.25, "Total Cost": 934828.25, "Plan Rows": 1, "Plan Width": 74, "Sort Key": ["nation.n_name", "(date_part('year'::text, orders.o_orderdate)) DESC"], "Plans": [{"Node Type": "Aggregate", "Strategy": "Hashed", "Parent Relationship": "Outer", "Startup Cost": 934828.22, "Total Cost": 934828.24, "Plan Rows": 1, "Plan Width": 74, "Group By Key": ["nation.n_name", "date_part('year'::text, orders.o_orderdate)"], "Plans": [{"Node Type": "Nested Loop", "Parent Relationship": "Outer", "Join Type": "Inner", "Startup Cost": 72601.27, "Total Cost": 934828.21, "Plan Rows": 1, "Plan Width": 66, "Inner Unique": true, "Join Filter": "(supplier.s_nationkey = nation.n_nationkey)", "Plans": [{"Node Type": "Nested Loop", "Parent Relationship": "Outer", "Join Type": "Inner", "Startup Cost": 72601.27, "Total Cost": 934826.64, "Plan Rows": 1, "Plan Width": 44, "Inner Unique": true, "Plans": [{"Node Type": "Nested Loop", "Parent Relationship": "Outer", "Join Type": "Inner", "Startup Cost": 72601.01, "Total Cost": 934822.36, "Plan Rows": 1, "Plan Width": 44, "Inner Unique": false, "Join Filter": "(supplier.s_suppkey = lineitem.l_suppkey)", "Plans": [{"Node Type": "Hash Join", "Parent Relationship": "Outer", "Join Type": "Inner", "Startup Cost": 72600.6, "Total Cost": 377416.42, "Plan Rows": 125630, "Plan Width": 44, "Inner Unique": true, "Hash Cond": "(partsupp.ps_suppkey = supplier.s_suppkey), (LLVM Optimized)", "Plans": [{"Node Type": "Hash Join", "Parent Relationship": "Outer", "Join Type": "Inner", "Startup Cost": 68067.6, "Total Cost": 370653.38, "Plan Rows": 259666, "Plan Width": 32, "Inner Unique": true, "Hash Cond": "(partsupp.ps_partkey = part.p_partkey), (LLVM Optimized)", "Plans": [{"Node Type": "Seq Scan", "Parent Relationship": "Outer", "Relation Name": "partsupp", "Alias": "partsupp", "Startup Cost": 0.0, "Total Cost": 269987.72, "Plan Rows": 8000372, "Plan Width": 24}, {"Node Type": "Hash", "Parent Relationship": "Inner", "Startup Cost": 66944.0, "Total Cost": 66944.0, "Plan Rows": 89888, "Plan Width": 8, "Plans": [{"Node Type": "Seq Scan", "Parent Relationship": "Outer", "Relation Name": "part", "Alias": "part", "Startup Cost": 0.0, "Total Cost": 66944.0, "Plan Rows": 89888, "Plan Width": 8, "Filter": "((p_name)::text ~~ '%dim%'::text)"}]}]}, {"Node Type": "Hash", "Parent Relationship": "Inner", "Startup Cost": 3283.0, "Total Cost": 3283.0, "Plan Rows": 100000, "Plan Width": 12, "Plans": [{"Node Type": "Seq Scan", "Parent Relationship": "Outer", "Relation Name": "supplier", "Alias": "supplier", "Startup Cost": 0.0, "Total Cost": 3283.0, "Plan Rows": 100000, "Plan Width": 12}]}]}, {"Node Type": "Bitmap Heap Scan", "Parent Relationship": "Inner", "Relation Name": "lineitem", "Alias": "lineitem", "Startup Cost": 0.41, "Total Cost": 4.42, "Plan Rows": 1, "Plan Width": 48, "Recheck Cond": "((l_partkey = partsupp.ps_partkey) AND (l_suppkey = partsupp.ps_suppkey))", "Plans": [{"Node Type": "Bitmap Index Scan", "Parent Relationship": "Outer", "Index Name": "idx_lineitem_part_supp", "Startup Cost": 0.0, "Total Cost": 0.41, "Plan Rows": 1, "Plan Width": 0, "Index Cond": "((l_partkey = partsupp.ps_partkey) AND (l_suppkey = partsupp.ps_suppkey))"}]}]}, {"Node Type": "Bitmap Heap Scan", "Parent Relationship": "Inner", "Relation Name": "orders", "Alias": "orders", "Startup Cost": 0.26, "Total Cost": 4.27, "Plan Rows": 1, "Plan Width": 16, "Recheck Cond": "(o_orderkey = lineitem.l_orderkey)", "Plans": [{"Node Type": "Bitmap Index Scan", "Parent Relationship": "Outer", "Index Name": "orders_pkey", "Startup Cost": 0.0, "Total Cost": 0.26, "Plan Rows": 1, "Plan Width": 0, "Index Cond": "(o_orderkey = lineitem.l_orderkey)"}]}]}, {"Node Type": "Seq Scan", "Parent Relationship": "Inner", "Relation Name": "nation", "Alias": "nation", "Startup Cost": 0.0, "Total Cost": 1.25, "Plan Rows": 25, "Plan Width": 30}]}]}]}, "Unique SQL Id": 3628361425}, "explain_analyze_plan": {"Plan": {"Node Type": "Sort", "Startup Cost": 934828.25, "Total Cost": 934828.25, "Plan Rows": 1, "Plan Width": 74, "Actual Startup Time": 90821.2, "Actual Total Time": 90821.214, "Actual Rows": 175, "Actual Loops": 1, "Sort Key": ["nation.n_name", "(date_part('year'::text, orders.o_orderdate)) DESC"], "Sort Method": "quicksort", "Sort Space Used": 52, "Sort Space Type": "Memory", "Plans": [{"Node Type": "Aggregate", "Strategy": "Hashed", "Parent Relationship": "Outer", "Startup Cost": 934828.22, "Total Cost": 934828.24, "Plan Rows": 1, "Plan Width": 74, "Actual Startup Time": 90820.826, "Actual Total Time": 90820.878, "Actual Rows": 175, "Actual Loops": 1, "Group By Key": ["nation.n_name", "date_part('year'::text, orders.o_orderdate)"], "Plans": [{"Node Type": "Nested Loop", "Parent Relationship": "Outer", "Join Type": "Inner", "Startup Cost": 72601.27, "Total Cost": 934828.21, "Plan Rows": 1, "Plan Width": 66, "Actual Startup Time": 1105.058, "Actual Total Time": 86694.903, "Actual Rows": 3256948, "Actual Loops": 1, "Inner Unique": true, "Join Filter": "(supplier.s_nationkey = nation.n_nationkey)", "Rows Removed by Join Filter": 39103306, "Plans": [{"Node Type": "Nested Loop", "Parent Relationship": "Outer", "Join Type": "Inner", "Startup Cost": 72601.27, "Total Cost": 934826.64, "Plan Rows": 1, "Plan Width": 44, "Actual Startup Time": 1104.999, "Actual Total Time": 55903.489, "Actual Rows": 3256948, "Actual Loops": 1, "Inner Unique": true, "Plans": [{"Node Type": "Nested Loop", "Parent Relationship": "Outer", "Join Type": "Inner", "Startup Cost": 72601.01, "Total Cost": 934822.36, "Plan Rows": 1, "Plan Width": 44, "Actual Startup Time": 1104.948, "Actual Total Time": 22125.595, "Actual Rows": 3256948, "Actual Loops": 1, "Inner Unique": false, "Join Filter": "(supplier.s_suppkey = lineitem.l_suppkey)", "Rows Removed by Join Filter": 0, "Plans": [{"Node Type": "Hash Join", "Parent Relationship": "Outer", "Join Type": "Inner", "Startup Cost": 72600.6, "Total Cost": 377416.42, "Plan Rows": 125630, "Plan Width": 44, "Actual Startup Time": 1104.738, "Actual Total Time": 6357.627, "Actual Rows": 434204, "Actual Loops": 1, "Inner Unique": true, "Hash Cond": "(partsupp.ps_suppkey = supplier.s_suppkey), (LLVM Optimized, Jit Execute)", "Plans": [{"Node Type": "Hash Join", "Parent Relationship": "Outer", "Join Type": "Inner", "Startup Cost": 68067.6, "Total Cost": 370653.38, "Plan Rows": 259666, "Plan Width": 32, "Actual Startup Time": 1037.382, "Actual Total Time": 5885.479, "Actual Rows": 434204, "Actual Loops": 1, "Inner Unique": true, "Hash Cond": "(partsupp.ps_partkey = part.p_partkey), (LLVM Optimized, Jit Execute)", "Plans": [{"Node Type": "Seq Scan", "Parent Relationship": "Outer", "Relation Name": "partsupp", "Alias": "partsupp", "Startup Cost": 0.0, "Total Cost": 269987.72, "Plan Rows": 8000372, "Plan Width": 24, "Actual Startup Time": 0.018, "Actual Total Time": 2591.033, "Actual Rows": 8000000, "Actual Loops": 1}, {"Node Type": "Hash", "Parent Relationship": "Inner", "Startup Cost": 66944.0, "Total Cost": 66944.0, "Plan Rows": 89888, "Plan Width": 8, "Actual Startup Time": 1037.221, "Actual Total Time": 1037.221, "Actual Rows": 108551, "Actual Loops": 1, "Hash Buckets": 131072, "Hash Batches": 1, "Original Hash Batches": 1, "Peak Memory Usage": 4241, "Plans": [{"Node Type": "Seq Scan", "Parent Relationship": "Outer", "Relation Name": "part", "Alias": "part", "Startup Cost": 0.0, "Total Cost": 66944.0, "Plan Rows": 89888, "Plan Width": 8, "Actual Startup Time": 0.038, "Actual Total Time": 995.329, "Actual Rows": 108551, "Actual Loops": 1, "Filter": "((p_name)::text ~~ '%dim%'::text)", "Rows Removed by Filter": 1891449}]}]}, {"Node Type": "Hash", "Parent Relationship": "Inner", "Startup Cost": 3283.0, "Total Cost": 3283.0, "Plan Rows": 100000, "Plan Width": 12, "Actual Startup Time": 67.254, "Actual Total Time": 67.254, "Actual Rows": 100000, "Actual Loops": 1, "Hash Buckets": 131072, "Hash Batches": 1, "Original Hash Batches": 1, "Peak Memory Usage": 4297, "Plans": [{"Node Type": "Seq Scan", "Parent Relationship": "Outer", "Relation Name": "supplier", "Alias": "supplier", "Startup Cost": 0.0, "Total Cost": 3283.0, "Plan Rows": 100000, "Plan Width": 12, "Actual Startup Time": 0.021, "Actual Total Time": 39.995, "Actual Rows": 100000, "Actual Loops": 1}]}]}, {"Node Type": "Bitmap Heap Scan", "Parent Relationship": "Inner", "Relation Name": "lineitem", "Alias": "lineitem", "Startup Cost": 0.41, "Total Cost": 4.42, "Plan Rows": 1, "Plan Width": 48, "Actual Startup Time": 5001.899, "Actual Total Time": 13640.682, "Actual Rows": 3256948, "Actual Loops": 434204, "Recheck Cond": "((l_partkey = partsupp.ps_partkey) AND (l_suppkey = partsupp.ps_suppkey))", "Rows Removed by Index Recheck": 0, "Exact Heap Blocks": 3256937, "Lossy Heap Blocks": 3256937, "Plans": [{"Node Type": "Bitmap Index Scan", "Parent Relationship": "Outer", "Index Name": "idx_lineitem_part_supp", "Startup Cost": 0.0, "Total Cost": 0.41, "Plan Rows": 1, "Plan Width": 0, "Actual Startup Time": 2866.192, "Actual Total Time": 2866.192, "Actual Rows": 3256948, "Actual Loops": 434204, "Index Cond": "((l_partkey = partsupp.ps_partkey) AND (l_suppkey = partsupp.ps_suppkey))"}]}]}, {"Node Type": "Bitmap Heap Scan", "Parent Relationship": "Inner", "Relation Name": "orders", "Alias": "orders", "Startup Cost": 0.26, "Total Cost": 4.27, "Plan Rows": 1, "Plan Width": 16, "Actual Startup Time": 29313.016, "Actual Total Time": 29313.016, "Actual Rows": 3256948, "Actual Loops": 3256948, "Recheck Cond": "(o_orderkey = lineitem.l_orderkey)", "Rows Removed by Index Recheck": 0, "Exact Heap Blocks": 3256948, "Lossy Heap Blocks": 3256948, "Plans": [{"Node Type": "Bitmap Index Scan", "Parent Relationship": "Outer", "Index Name": "orders_pkey", "Startup Cost": 0.0, "Total Cost": 0.26, "Plan Rows": 1, "Plan Width": 0, "Actual Startup Time": 18924.404, "Actual Total Time": 18924.404, "Actual Rows": 3256948, "Actual Loops": 3256948, "Index Cond": "(o_orderkey = lineitem.l_orderkey)"}]}]}, {"Node Type": "Seq Scan", "Parent Relationship": "Inner", "Relation Name": "nation", "Alias": "nation", "Startup Cost": 0.0, "Total Cost": 1.25, "Plan Rows": 25, "Plan Width": 30, "Actual Startup Time": 12552.748, "Actual Total Time": 16509.776, "Actual Rows": 42360254, "Actual Loops": 3256948}]}]}]}, "Triggers": [], "Planner Runtime": 41.361, "Total Runtime": 90830.524, "Unique SQL Id": 3628361425}}, "(64, 39)": {"explain_plan": {"Plan": {"Node Type": "Sort", "Startup Cost": 1000008167021.57, "Total Cost": 1000008167021.58, "Plan Rows": 1, "Plan Width": 74, "Sort Key": ["nation.n_name", "(date_part('year'::text, orders.o_orderdate)) DESC"], "Plans": [{"Node Type": "Aggregate", "Strategy": "Hashed", "Parent Relationship": "Outer", "Startup Cost": 1000008167021.55, "Total Cost": 1000008167021.56, "Plan Rows": 1, "Plan Width": 74, "Group By Key": ["nation.n_name", "date_part('year'::text, orders.o_orderdate)"], "Plans": [{"Node Type": "Nested Loop", "Parent Relationship": "Outer", "Join Type": "Inner", "Startup Cost": 10000000002.75, "Total Cost": 1000008167021.53, "Plan Rows": 1, "Plan Width": 66, "Inner Unique": true, "Plans": [{"Node Type": "Nested Loop", "Parent Relationship": "Outer", "Join Type": "Inner", "Startup Cost": 10000000002.5, "Total Cost": 1000008167017.25, "Plan Rows": 1, "Plan Width": 44, "Inner Unique": true, "Plans": [{"Node Type": "Nested Loop", "Parent Relationship": "Outer", "Join Type": "Inner", "Startup Cost": 10000000002.24, "Total Cost": 1000008167012.96, "Plan Rows": 1, "Plan Width": 44, "Inner Unique": true, "Join Filter": "(partsupp.ps_partkey = part.p_partkey)", "Plans": [{"Node Type": "Nested Loop", "Parent Relationship": "Outer", "Join Type": "Inner", "Startup Cost": 10000000001.98, "Total Cost": 1000008166987.25, "Plan Rows": 6, "Plan Width": 60, "Inner Unique": false, "Join Filter": "(supplier.s_suppkey = lineitem.l_suppkey)", "Plans": [{"Node Type": "Nested Loop", "Parent Relationship": "Outer", "Join Type": "Inner", "Startup Cost": 10000000001.57, "Total Cost": 1000002201599.04, "Plan Rows": 1344499, "Plan Width": 36, "Inner Unique": false, "Plans": [{"Node Type": "Index Scan", "Parent Relationship": "Outer", "Scan Direction": "Forward", "Index Name": "idx_supplier_nation_key", "Relation Name": "supplier", "Alias": "supplier", "Startup Cost": 10000000000.0, "Total Cost": 1000001217556.78, "Plan Rows": 100000, "Plan Width": 12}, {"Node Type": "Bitmap Heap Scan", "Parent Relationship": "Inner", "Relation Name": "partsupp", "Alias": "partsupp", "Startup Cost": 1.57, "Total Cost": 9.71, "Plan Rows": 13, "Plan Width": 24, "Recheck Cond": "(ps_suppkey = supplier.s_suppkey)", "Plans": [{"Node Type": "Bitmap Index Scan", "Parent Relationship": "Outer", "Index Name": "idx_partsupp_suppkey", "Startup Cost": 0.0, "Total Cost": 1.56, "Plan Rows": 13, "Plan Width": 0, "Index Cond": "(ps_suppkey = supplier.s_suppkey)"}]}]}, {"Node Type": "Bitmap Heap Scan", "Parent Relationship": "Inner", "Relation Name": "lineitem", "Alias": "lineitem", "Startup Cost": 0.41, "Total Cost": 4.42, "Plan Rows": 1, "Plan Width": 48, "Recheck Cond": "((l_partkey = partsupp.ps_partkey) AND (l_suppkey = partsupp.ps_suppkey))", "Plans": [{"Node Type": "Bitmap Index Scan", "Parent Relationship": "Outer", "Index Name": "idx_lineitem_part_supp", "Startup Cost": 0.0, "Total Cost": 0.41, "Plan Rows": 1, "Plan Width": 0, "Index Cond": "((l_partkey = partsupp.ps_partkey) AND (l_suppkey = partsupp.ps_suppkey))"}]}]}, {"Node Type": "Bitmap Heap Scan", "Parent Relationship": "Inner", "Relation Name": "part", "Alias": "part", "Startup Cost": 0.26, "Total Cost": 4.27, "Plan Rows": 1, "Plan Width": 8, "Recheck Cond": "(p_partkey = lineitem.l_partkey)", "Filter": "((p_name)::text ~~ '%dim%'::text)", "Plans": [{"Node Type": "Bitmap Index Scan", "Parent Relationship": "Outer", "Index Name": "part_kpey", "Startup Cost": 0.0, "Total Cost": 0.26, "Plan Rows": 1, "Plan Width": 0, "Index Cond": "(p_partkey = lineitem.l_partkey)"}]}]}, {"Node Type": "Bitmap Heap Scan", "Parent Relationship": "Inner", "Relation Name": "orders", "Alias": "orders", "Startup Cost": 0.26, "Total Cost": 4.27, "Plan Rows": 1, "Plan Width": 16, "Recheck Cond": "(o_orderkey = lineitem.l_orderkey)", "Plans": [{"Node Type": "Bitmap Index Scan", "Parent Relationship": "Outer", "Index Name": "orders_pkey", "Startup Cost": 0.0, "Total Cost": 0.26, "Plan Rows": 1, "Plan Width": 0, "Index Cond": "(o_orderkey = lineitem.l_orderkey)"}]}]}, {"Node Type": "Bitmap Heap Scan", "Parent Relationship": "Inner", "Relation Name": "nation", "Alias": "nation", "Startup Cost": 0.26, "Total Cost": 4.27, "Plan Rows": 1, "Plan Width": 30, "Recheck Cond": "(n_nationkey = supplier.s_nationkey)", "Plans": [{"Node Type": "Bitmap Index Scan", "Parent Relationship": "Outer", "Index Name": "nation_pkey", "Startup Cost": 0.0, "Total Cost": 0.26, "Plan Rows": 1, "Plan Width": 0, "Index Cond": "(n_nationkey = supplier.s_nationkey)"}]}]}]}]}, "Unique SQL Id": 3628361425}, "explain_analyze_plan": null}, "(64, 40)": {"explain_plan": {"Plan": {"Node Type": "Sort", "Startup Cost": 521166.05, "Total Cost": 521166.06, "Plan Rows": 1, "Plan Width": 74, "Sort Key": ["nation.n_name", "(date_part('year'::text, orders.o_orderdate)) DESC"], "Plans": [{"Node Type": "Aggregate", "Strategy": "Hashed", "Parent Relationship": "Outer", "Startup Cost": 521166.03, "Total Cost": 521166.04, "Plan Rows": 1, "Plan Width": 74, "Group By Key": ["nation.n_name", "date_part('year'::text, orders.o_orderdate)"], "Plans": [{"Node Type": "Nested Loop", "Parent Relationship": "Outer", "Join Type": "Inner", "Startup Cost": 72600.6, "Total Cost": 521166.01, "Plan Rows": 1, "Plan Width": 66, "Inner Unique": true, "Plans": [{"Node Type": "Nested Loop", "Parent Relationship": "Outer", "Join Type": "Inner", "Startup Cost": 72600.6, "Total Cost": 521165.73, "Plan Rows": 1, "Plan Width": 44, "Inner Unique": true, "Plans": [{"Node Type": "Nested Loop", "Parent Relationship": "Outer", "Join Type": "Inner", "Startup Cost": 72600.6, "Total Cost": 521165.43, "Plan Rows": 1, "Plan Width": 44, "Inner Unique": false, "Join Filter": "(supplier.s_suppkey = lineitem.l_suppkey)", "Plans": [{"Node Type": "Hash Join", "Parent Relationship": "Outer", "Join Type": "Inner", "Startup Cost": 72600.6, "Total Cost": 377416.42, "Plan Rows": 125630, "Plan Width": 44, "Inner Unique": true, "Hash Cond": "(partsupp.ps_suppkey = supplier.s_suppkey), (LLVM Optimized)", "Plans": [{"Node Type": "Hash Join", "Parent Relationship": "Outer", "Join Type": "Inner", "Startup Cost": 68067.6, "Total Cost": 370653.38, "Plan Rows": 259666, "Plan Width": 32, "Inner Unique": true, "Hash Cond": "(partsupp.ps_partkey = part.p_partkey), (LLVM Optimized)", "Plans": [{"Node Type": "Seq Scan", "Parent Relationship": "Outer", "Relation Name": "partsupp", "Alias": "partsupp", "Startup Cost": 0.0, "Total Cost": 269987.72, "Plan Rows": 8000372, "Plan Width": 24}, {"Node Type": "Hash", "Parent Relationship": "Inner", "Startup Cost": 66944.0, "Total Cost": 66944.0, "Plan Rows": 89888, "Plan Width": 8, "Plans": [{"Node Type": "Seq Scan", "Parent Relationship": "Outer", "Relation Name": "part", "Alias": "part", "Startup Cost": 0.0, "Total Cost": 66944.0, "Plan Rows": 89888, "Plan Width": 8, "Filter": "((p_name)::text ~~ '%dim%'::text)"}]}]}, {"Node Type": "Hash", "Parent Relationship": "Inner", "Startup Cost": 3283.0, "Total Cost": 3283.0, "Plan Rows": 100000, "Plan Width": 12, "Plans": [{"Node Type": "Seq Scan", "Parent Relationship": "Outer", "Relation Name": "supplier", "Alias": "supplier", "Startup Cost": 0.0, "Total Cost": 3283.0, "Plan Rows": 100000, "Plan Width": 12}]}]}, {"Node Type": "Index Scan", "Parent Relationship": "Inner", "Scan Direction": "Forward", "Index Name": "idx_lineitem_part_supp", "Relation Name": "lineitem", "Alias": "lineitem", "Startup Cost": 0.0, "Total Cost": 1.13, "Plan Rows": 1, "Plan Width": 48, "Index Cond": "((l_partkey = partsupp.ps_partkey) AND (l_suppkey = partsupp.ps_suppkey))"}]}, {"Node Type": "Index Scan", "Parent Relationship": "Inner", "Scan Direction": "Forward", "Index Name": "orders_pkey", "Relation Name": "orders", "Alias": "orders", "Startup Cost": 0.0, "Total Cost": 0.29, "Plan Rows": 1, "Plan Width": 16, "Index Cond": "(o_orderkey = lineitem.l_orderkey)"}]}, {"Node Type": "Index Scan", "Parent Relationship": "Inner", "Scan Direction": "Forward", "Index Name": "nation_pkey", "Relation Name": "nation", "Alias": "nation", "Startup Cost": 0.0, "Total Cost": 0.27, "Plan Rows": 1, "Plan Width": 30, "Index Cond": "(n_nationkey = supplier.s_nationkey)"}]}]}]}, "Unique SQL Id": 3628361425}, "explain_analyze_plan": {"Plan": {"Node Type": "Sort", "Startup Cost": 521166.05, "Total Cost": 521166.06, "Plan Rows": 1, "Plan Width": 74, "Actual Startup Time": 58932.736, "Actual Total Time": 58932.749, "Actual Rows": 175, "Actual Loops": 1, "Sort Key": ["nation.n_name", "(date_part('year'::text, orders.o_orderdate)) DESC"], "Sort Method": "quicksort", "Sort Space Used": 52, "Sort Space Type": "Memory", "Plans": [{"Node Type": "Aggregate", "Strategy": "Hashed", "Parent Relationship": "Outer", "Startup Cost": 521166.03, "Total Cost": 521166.04, "Plan Rows": 1, "Plan Width": 74, "Actual Startup Time": 58932.337, "Actual Total Time": 58932.379, "Actual Rows": 175, "Actual Loops": 1, "Group By Key": ["nation.n_name", "date_part('year'::text, orders.o_orderdate)"], "Plans": [{"Node Type": "Nested Loop", "Parent Relationship": "Outer", "Join Type": "Inner", "Startup Cost": 72600.6, "Total Cost": 521166.01, "Plan Rows": 1, "Plan Width": 66, "Actual Startup Time": 1103.433, "Actual Total Time": 55092.664, "Actual Rows": 3256948, "Actual Loops": 1, "Inner Unique": true, "Plans": [{"Node Type": "Nested Loop", "Parent Relationship": "Outer", "Join Type": "Inner", "Startup Cost": 72600.6, "Total Cost": 521165.73, "Plan Rows": 1, "Plan Width": 44, "Actual Startup Time": 1103.363, "Actual Total Time": 46615.878, "Actual Rows": 3256948, "Actual Loops": 1, "Inner Unique": true, "Plans": [{"Node Type": "Nested Loop", "Parent Relationship": "Outer", "Join Type": "Inner", "Startup Cost": 72600.6, "Total Cost": 521165.43, "Plan Rows": 1, "Plan Width": 44, "Actual Startup Time": 1103.339, "Actual Total Time": 18831.717, "Actual Rows": 3256948, "Actual Loops": 1, "Inner Unique": false, "Join Filter": "(supplier.s_suppkey = lineitem.l_suppkey)", "Rows Removed by Join Filter": 0, "Plans": [{"Node Type": "Hash Join", "Parent Relationship": "Outer", "Join Type": "Inner", "Startup Cost": 72600.6, "Total Cost": 377416.42, "Plan Rows": 125630, "Plan Width": 44, "Actual Startup Time": 1103.287, "Actual Total Time": 6244.441, "Actual Rows": 434204, "Actual Loops": 1, "Inner Unique": true, "Hash Cond": "(partsupp.ps_suppkey = supplier.s_suppkey), (LLVM Optimized, Jit Execute)", "Plans": [{"Node Type": "Hash Join", "Parent Relationship": "Outer", "Join Type": "Inner", "Startup Cost": 68067.6, "Total Cost": 370653.38, "Plan Rows": 259666, "Plan Width": 32, "Actual Startup Time": 1038.788, "Actual Total Time": 5788.774, "Actual Rows": 434204, "Actual Loops": 1, "Inner Unique": true, "Hash Cond": "(partsupp.ps_partkey = part.p_partkey), (LLVM Optimized, Jit Execute)", "Plans": [{"Node Type": "Seq Scan", "Parent Relationship": "Outer", "Relation Name": "partsupp", "Alias": "partsupp", "Startup Cost": 0.0, "Total Cost": 269987.72, "Plan Rows": 8000372, "Plan Width": 24, "Actual Startup Time": 0.012, "Actual Total Time": 2567.433, "Actual Rows": 8000000, "Actual Loops": 1}, {"Node Type": "Hash", "Parent Relationship": "Inner", "Startup Cost": 66944.0, "Total Cost": 66944.0, "Plan Rows": 89888, "Plan Width": 8, "Actual Startup Time": 1038.64, "Actual Total Time": 1038.64, "Actual Rows": 108551, "Actual Loops": 1, "Hash Buckets": 131072, "Hash Batches": 1, "Original Hash Batches": 1, "Peak Memory Usage": 4241, "Plans": [{"Node Type": "Seq Scan", "Parent Relationship": "Outer", "Relation Name": "part", "Alias": "part", "Startup Cost": 0.0, "Total Cost": 66944.0, "Plan Rows": 89888, "Plan Width": 8, "Actual Startup Time": 0.042, "Actual Total Time": 1000.506, "Actual Rows": 108551, "Actual Loops": 1, "Filter": "((p_name)::text ~~ '%dim%'::text)", "Rows Removed by Filter": 1891449}]}]}, {"Node Type": "Hash", "Parent Relationship": "Inner", "Startup Cost": 3283.0, "Total Cost": 3283.0, "Plan Rows": 100000, "Plan Width": 12, "Actual Startup Time": 64.394, "Actual Total Time": 64.394, "Actual Rows": 100000, "Actual Loops": 1, "Hash Buckets": 131072, "Hash Batches": 1, "Original Hash Batches": 1, "Peak Memory Usage": 4297, "Plans": [{"Node Type": "Seq Scan", "Parent Relationship": "Outer", "Relation Name": "supplier", "Alias": "supplier", "Startup Cost": 0.0, "Total Cost": 3283.0, "Plan Rows": 100000, "Plan Width": 12, "Actual Startup Time": 0.03, "Actual Total Time": 36.628, "Actual Rows": 100000, "Actual Loops": 1}]}]}, {"Node Type": "Index Scan", "Parent Relationship": "Inner", "Scan Direction": "Forward", "Index Name": "idx_lineitem_part_supp", "Relation Name": "lineitem", "Alias": "lineitem", "Startup Cost": 0.0, "Total Cost": 1.13, "Plan Rows": 1, "Plan Width": 48, "Actual Startup Time": 3128.663, "Actual Total Time": 10882.76, "Actual Rows": 3256948, "Actual Loops": 434204, "Index Cond": "((l_partkey = partsupp.ps_partkey) AND (l_suppkey = partsupp.ps_suppkey))", "Rows Removed by Index Recheck": 0}]}, {"Node Type": "Index Scan", "Parent Relationship": "Inner", "Scan Direction": "Forward", "Index Name": "orders_pkey", "Relation Name": "orders", "Alias": "orders", "Startup Cost": 0.0, "Total Cost": 0.29, "Plan Rows": 1, "Plan Width": 16, "Actual Startup Time": 24997.016, "Actual Total Time": 24997.016, "Actual Rows": 3256948, "Actual Loops": 3256948, "Index Cond": "(o_orderkey = lineitem.l_orderkey)", "Rows Removed by Index Recheck": 0}]}, {"Node Type": "Index Scan", "Parent Relationship": "Inner", "Scan Direction": "Forward", "Index Name": "nation_pkey", "Relation Name": "nation", "Alias": "nation", "Startup Cost": 0.0, "Total Cost": 0.27, "Plan Rows": 1, "Plan Width": 30, "Actual Startup Time": 4454.455, "Actual Total Time": 4454.455, "Actual Rows": 3256948, "Actual Loops": 3256948, "Index Cond": "(n_nationkey = supplier.s_nationkey)", "Rows Removed by Index Recheck": 0}]}]}]}, "Triggers": [], "Planner Runtime": 35.792, "Total Runtime": 58943.737, "Unique SQL Id": 3628361425}}, "(64, 41)": {"explain_plan": {"Plan": {"Node Type": "Sort", "Startup Cost": 701189.51, "Total Cost": 701189.52, "Plan Rows": 1, "Plan Width": 74, "Sort Key": ["nation.n_name", "(date_part('year'::text, orders.o_orderdate)) DESC"], "Plans": [{"Node Type": "Aggregate", "Strategy": "Hashed", "Parent Relationship": "Outer", "Startup Cost": 701189.49, "Total Cost": 701189.5, "Plan Rows": 1, "Plan Width": 74, "Group By Key": ["nation.n_name", "date_part('year'::text, orders.o_orderdate)"], "Plans": [{"Node Type": "Nested Loop", "Parent Relationship": "Outer", "Join Type": "Inner", "Startup Cost": 6584.54, "Total Cost": 701189.47, "Plan Rows": 1, "Plan Width": 66, "Inner Unique": true, "Plans": [{"Node Type": "Nested Loop", "Parent Relationship": "Outer", "Join Type": "Inner", "Startup Cost": 6584.54, "Total Cost": 701189.19, "Plan Rows": 1, "Plan Width": 44, "Inner Unique": true, "Plans": [{"Node Type": "Nested Loop", "Parent Relationship": "Outer", "Join Type": "Inner", "Startup Cost": 6584.54, "Total Cost": 701188.89, "Plan Rows": 1, "Plan Width": 44, "Inner Unique": false, "Join Filter": "(supplier.s_suppkey = lineitem.l_suppkey)", "Plans": [{"Node Type": "Hash Join", "Parent Relationship": "Outer", "Join Type": "Inner", "Startup Cost": 6584.54, "Total Cost": 557439.88, "Plan Rows": 125630, "Plan Width": 44, "Inner Unique": true, "Hash Cond": "(partsupp.ps_suppkey = supplier.s_suppkey), (LLVM Optimized)", "Plans": [{"Node Type": "Nested Loop", "Parent Relationship": "Outer", "Join Type": "Inner", "Startup Cost": 0.0, "Total Cost": 548625.29, "Plan Rows": 259666, "Plan Width": 32, "Inner Unique": false, "Plans": [{"Node Type": "Index Scan", "Parent Relationship": "Outer", "Scan Direction": "Forward", "Index Name": "part_kpey", "Relation Name": "part", "Alias": "part", "Startup Cost": 0.0, "Total Cost": 105803.25, "Plan Rows": 89888, "Plan Width": 8, "Filter": "((p_name)::text ~~ '%dim%'::text)"}, {"Node Type": "Index Scan", "Parent Relationship": "Inner", "Scan Direction": "Forward", "Index Name": "idx_partsupp_partkey", "Relation Name": "partsupp", "Alias": "partsupp", "Startup Cost": 0.0, "Total Cost": 4.9, "Plan Rows": 3, "Plan Width": 24, "Index Cond": "(ps_partkey = part.p_partkey)"}]}, {"Node Type": "Hash", "Parent Relationship": "Inner", "Startup Cost": 5334.54, "Total Cost": 5334.54, "Plan Rows": 100000, "Plan Width": 12, "Plans": [{"Node Type": "Index Scan", "Parent Relationship": "Outer", "Scan Direction": "Forward", "Index Name": "supplier_pkey", "Relation Name": "supplier", "Alias": "supplier", "Startup Cost": 0.0, "Total Cost": 5334.54, "Plan Rows": 100000, "Plan Width": 12}]}]}, {"Node Type": "Index Scan", "Parent Relationship": "Inner", "Scan Direction": "Forward", "Index Name": "idx_lineitem_part_supp", "Relation Name": "lineitem", "Alias": "lineitem", "Startup Cost": 0.0, "Total Cost": 1.13, "Plan Rows": 1, "Plan Width": 48, "Index Cond": "((l_partkey = partsupp.ps_partkey) AND (l_suppkey = partsupp.ps_suppkey))"}]}, {"Node Type": "Index Scan", "Parent Relationship": "Inner", "Scan Direction": "Forward", "Index Name": "orders_pkey", "Relation Name": "orders", "Alias": "orders", "Startup Cost": 0.0, "Total Cost": 0.29, "Plan Rows": 1, "Plan Width": 16, "Index Cond": "(o_orderkey = lineitem.l_orderkey)"}]}, {"Node Type": "Index Scan", "Parent Relationship": "Inner", "Scan Direction": "Forward", "Index Name": "nation_pkey", "Relation Name": "nation", "Alias": "nation", "Startup Cost": 0.0, "Total Cost": 0.27, "Plan Rows": 1, "Plan Width": 30, "Index Cond": "(n_nationkey = supplier.s_nationkey)"}]}]}]}, "Unique SQL Id": 3628361425}, "explain_analyze_plan": {"Plan": {"Node Type": "Sort", "Startup Cost": 701189.51, "Total Cost": 701189.52, "Plan Rows": 1, "Plan Width": 74, "Actual Startup Time": 57219.783, "Actual Total Time": 57219.796, "Actual Rows": 175, "Actual Loops": 1, "Sort Key": ["nation.n_name", "(date_part('year'::text, orders.o_orderdate)) DESC"], "Sort Method": "quicksort", "Sort Space Used": 52, "Sort Space Type": "Memory", "Plans": [{"Node Type": "Aggregate", "Strategy": "Hashed", "Parent Relationship": "Outer", "Startup Cost": 701189.49, "Total Cost": 701189.5, "Plan Rows": 1, "Plan Width": 74, "Actual Startup Time": 57219.414, "Actual Total Time": 57219.454, "Actual Rows": 175, "Actual Loops": 1, "Group By Key": ["nation.n_name", "date_part('year'::text, orders.o_orderdate)"], "Plans": [{"Node Type": "Nested Loop", "Parent Relationship": "Outer", "Join Type": "Inner", "Startup Cost": 6584.54, "Total Cost": 701189.47, "Plan Rows": 1, "Plan Width": 66, "Actual Startup Time": 106.96, "Actual Total Time": 53460.735, "Actual Rows": 3256948, "Actual Loops": 1, "Inner Unique": true, "Plans": [{"Node Type": "Nested Loop", "Parent Relationship": "Outer", "Join Type": "Inner", "Startup Cost": 6584.54, "Total Cost": 701189.19, "Plan Rows": 1, "Plan Width": 44, "Actual Startup Time": 106.934, "Actual Total Time": 44656.25, "Actual Rows": 3256948, "Actual Loops": 1, "Inner Unique": true, "Plans": [{"Node Type": "Nested Loop", "Parent Relationship": "Outer", "Join Type": "Inner", "Startup Cost": 6584.54, "Total Cost": 701188.89, "Plan Rows": 1, "Plan Width": 44, "Actual Startup Time": 106.911, "Actual Total Time": 16146.218, "Actual Rows": 3256948, "Actual Loops": 1, "Inner Unique": false, "Join Filter": "(supplier.s_suppkey = lineitem.l_suppkey)", "Rows Removed by Join Filter": 0, "Plans": [{"Node Type": "Hash Join", "Parent Relationship": "Outer", "Join Type": "Inner", "Startup Cost": 6584.54, "Total Cost": 557439.88, "Plan Rows": 125630, "Plan Width": 44, "Actual Startup Time": 106.873, "Actual Total Time": 3440.596, "Actual Rows": 434204, "Actual Loops": 1, "Inner Unique": true, "Hash Cond": "(partsupp.ps_suppkey = supplier.s_suppkey), (LLVM Optimized, Jit Execute)", "Plans": [{"Node Type": "Nested Loop", "Parent Relationship": "Outer", "Join Type": "Inner", "Startup Cost": 0.0, "Total Cost": 548625.29, "Plan Rows": 259666, "Plan Width": 32, "Actual Startup Time": 0.076, "Actual Total Time": 2929.188, "Actual Rows": 434204, "Actual Loops": 1, "Inner Unique": false, "Plans": [{"Node Type": "Index Scan", "Parent Relationship": "Outer", "Scan Direction": "Forward", "Index Name": "part_kpey", "Relation Name": "part", "Alias": "part", "Startup Cost": 0.0, "Total Cost": 105803.25, "Plan Rows": 89888, "Plan Width": 8, "Actual Startup Time": 0.056, "Actual Total Time": 1746.962, "Actual Rows": 108551, "Actual Loops": 1, "Filter": "((p_name)::text ~~ '%dim%'::text)", "Rows Removed by Filter": 1891449}, {"Node Type": "Index Scan", "Parent Relationship": "Inner", "Scan Direction": "Forward", "Index Name": "idx_partsupp_partkey", "Relation Name": "partsupp", "Alias": "partsupp", "Startup Cost": 0.0, "Total Cost": 4.9, "Plan Rows": 3, "Plan Width": 24, "Actual Startup Time": 684.56, "Actual Total Time": 978.245, "Actual Rows": 434204, "Actual Loops": 108551, "Index Cond": "(ps_partkey = part.p_partkey)", "Rows Removed by Index Recheck": 0}]}, {"Node Type": "Hash", "Parent Relationship": "Inner", "Startup Cost": 5334.54, "Total Cost": 5334.54, "Plan Rows": 100000, "Plan Width": 12, "Actual Startup Time": 106.68, "Actual Total Time": 106.68, "Actual Rows": 100000, "Actual Loops": 1, "Hash Buckets": 131072, "Hash Batches": 1, "Original Hash Batches": 1, "Peak Memory Usage": 4297, "Plans": [{"Node Type": "Index Scan", "Parent Relationship": "Outer", "Scan Direction": "Forward", "Index Name": "supplier_pkey", "Relation Name": "supplier", "Alias": "supplier", "Startup Cost": 0.0, "Total Cost": 5334.54, "Plan Rows": 100000, "Plan Width": 12, "Actual Startup Time": 0.02, "Actual Total Time": 78.377, "Actual Rows": 100000, "Actual Loops": 1}]}]}, {"Node Type": "Index Scan", "Parent Relationship": "Inner", "Scan Direction": "Forward", "Index Name": "idx_lineitem_part_supp", "Relation Name": "lineitem", "Alias": "lineitem", "Startup Cost": 0.0, "Total Cost": 1.13, "Plan Rows": 1, "Plan Width": 48, "Actual Startup Time": 3174.504, "Actual Total Time": 11019.482, "Actual Rows": 3256948, "Actual Loops": 434204, "Index Cond": "((l_partkey = partsupp.ps_partkey) AND (l_suppkey = partsupp.ps_suppkey))", "Rows Removed by Index Recheck": 0}]}, {"Node Type": "Index Scan", "Parent Relationship": "Inner", "Scan Direction": "Forward", "Index Name": "orders_pkey", "Relation Name": "orders", "Alias": "orders", "Startup Cost": 0.0, "Total Cost": 0.29, "Plan Rows": 1, "Plan Width": 16, "Actual Startup Time": 25705.885, "Actual Total Time": 25705.885, "Actual Rows": 3256948, "Actual Loops": 3256948, "Index Cond": "(o_orderkey = lineitem.l_orderkey)", "Rows Removed by Index Recheck": 0}]}, {"Node Type": "Index Scan", "Parent Relationship": "Inner", "Scan Direction": "Forward", "Index Name": "nation_pkey", "Relation Name": "nation", "Alias": "nation", "Startup Cost": 0.0, "Total Cost": 0.27, "Plan Rows": 1, "Plan Width": 30, "Actual Startup Time": 4680.015, "Actual Total Time": 4680.015, "Actual Rows": 3256948, "Actual Loops": 3256948, "Index Cond": "(n_nationkey = supplier.s_nationkey)", "Rows Removed by Index Recheck": 0}]}]}]}, "Triggers": [], "Planner Runtime": 33.676, "Total Runtime": 57229.802, "Unique SQL Id": 3628361425}}, "(64, 42)": {"explain_plan": {"Plan": {"Node Type": "Sort", "Startup Cost": 3188400.29, "Total Cost": 3188400.29, "Plan Rows": 1, "Plan Width": 74, "Sort Key": ["nation.n_name", "(date_part('year'::text, orders.o_orderdate)) DESC"], "Plans": [{"Node Type": "Aggregate", "Strategy": "Hashed", "Parent Relationship": "Outer", "Startup Cost": 3188400.27, "Total Cost": 3188400.28, "Plan Rows": 1, "Plan Width": 74, "Group By Key": ["nation.n_name", "date_part('year'::text, orders.o_orderdate)"], "Plans": [{"Node Type": "Nested Loop", "Parent Relationship": "Outer", "Join Type": "Inner", "Startup Cost": 2705736.84, "Total Cost": 3188400.25, "Plan Rows": 1, "Plan Width": 66, "Inner Unique": true, "Join Filter": "(supplier.s_nationkey = nation.n_nationkey)", "Plans": [{"Node Type": "Hash Join", "Parent Relationship": "Outer", "Join Type": "Inner", "Startup Cost": 2705736.84, "Total Cost": 3188398.68, "Plan Rows": 1, "Plan Width": 44, "Inner Unique": false, "Hash Cond": "(orders.o_orderkey = lineitem.l_orderkey)", "Plans": [{"Node Type": "Seq Scan", "Parent Relationship": "Outer", "Relation Name": "orders", "Alias": "orders", "Startup Cost": 0.0, "Total Cost": 426413.79, "Plan Rows": 14999479, "Plan Width": 16}, {"Node Type": "Hash", "Parent Relationship": "Inner", "Startup Cost": 2705736.82, "Total Cost": 2705736.82, "Plan Rows": 1, "Plan Width": 44, "Plans": [{"Node Type": "Hash Join", "Parent Relationship": "Outer", "Join Type": "Inner", "Startup Cost": 406202.19, "Total Cost": 2705736.82, "Plan Rows": 1, "Plan Width": 44, "Inner Unique": false, "Hash Cond": "((lineitem.l_suppkey = partsupp.ps_suppkey) AND (lineitem.l_partkey = partsupp.ps_partkey))", "Plans": [{"Node Type": "Hash Join", "Parent Relationship": "Outer", "Join Type": "Inner", "Startup Cost": 68067.6, "Total Cost": 2313089.96, "Plan Rows": 495566, "Plan Width": 56, "Inner Unique": true, "Hash Cond": "(lineitem.l_partkey = part.p_partkey), (LLVM Optimized)", "Plans": [{"Node Type": "Seq Scan", "Parent Relationship": "Outer", "Relation Name": "lineitem", "Alias": "lineitem", "Startup Cost": 0.0, "Total Cost": 2015115.33, "Plan Rows": 59987033, "Plan Width": 48}, {"Node Type": "Hash", "Parent Relationship": "Inner", "Startup Cost": 66944.0, "Total Cost": 66944.0, "Plan Rows": 89888, "Plan Width": 8, "Plans": [{"Node Type": "Seq Scan", "Parent Relationship": "Outer", "Relation Name": "part", "Alias": "part", "Startup Cost": 0.0, "Total Cost": 66944.0, "Plan Rows": 89888, "Plan Width": 8, "Filter": "((p_name)::text ~~ '%dim%'::text)"}]}]}, {"Node Type": "Hash", "Parent Relationship": "Inner", "Startup Cost": 317967.1, "Total Cost": 317967.1, "Plan Rows": 1344499, "Plan Width": 36, "Plans": [{"Node Type": "Hash Join", "Parent Relationship": "Outer", "Join Type": "Inner", "Startup Cost": 4533.0, "Total Cost": 317967.1, "Plan Rows": 1344499, "Plan Width": 36, "Inner Unique": true, "Hash Cond": "(partsupp.ps_suppkey = supplier.s_suppkey), (LLVM Optimized)", "Plans": [{"Node Type": "Seq Scan", "Parent Relationship": "Outer", "Relation Name": "partsupp", "Alias": "partsupp", "Startup Cost": 0.0, "Total Cost": 269987.72, "Plan Rows": 8000372, "Plan Width": 24}, {"Node Type": "Hash", "Parent Relationship": "Inner", "Startup Cost": 3283.0, "Total Cost": 3283.0, "Plan Rows": 100000, "Plan Width": 12, "Plans": [{"Node Type": "Seq Scan", "Parent Relationship": "Outer", "Relation Name": "supplier", "Alias": "supplier", "Startup Cost": 0.0, "Total Cost": 3283.0, "Plan Rows": 100000, "Plan Width": 12}]}]}]}]}]}]}, {"Node Type": "Seq Scan", "Parent Relationship": "Inner", "Relation Name": "nation", "Alias": "nation", "Startup Cost": 0.0, "Total Cost": 1.25, "Plan Rows": 25, "Plan Width": 30}]}]}]}, "Unique SQL Id": 3628361425}, "explain_analyze_plan": null}, "(64, 43)": {"explain_plan": {"Plan": {"Node Type": "Sort", "Startup Cost": 6017789044137.01, "Total Cost": 6017789044137.01, "Plan Rows": 1, "Plan Width": 74, "Sort Key": ["nation.n_name", "(date_part('year'::text, orders.o_orderdate)) DESC"], "Plans": [{"Node Type": "Aggregate", "Strategy": "Hashed", "Parent Relationship": "Outer", "Startup Cost": 6017789044136.99, "Total Cost": 6017789044137.0, "Plan Rows": 1, "Plan Width": 74, "Group By Key": ["nation.n_name", "date_part('year'::text, orders.o_orderdate)"], "Plans": [{"Node Type": "Nested Loop", "Parent Relationship": "Outer", "Join Type": "Inner", "Startup Cost": 1050010581448.6, "Total Cost": 6017789044136.97, "Plan Rows": 1, "Plan Width": 66, "Inner Unique": true, "Plans": [{"Node Type": "Nested Loop", "Parent Relationship": "Outer", "Join Type": "Inner", "Startup Cost": 1040010581448.6, "Total Cost": 5017789044107.73, "Plan Rows": 1, "Plan Width": 66, "Inner Unique": false, "Join Filter": "((lineitem.l_suppkey = partsupp.ps_suppkey) AND (lineitem.l_partkey = partsupp.ps_partkey))", "Plans": [{"Node Type": "Index Scan", "Parent Relationship": "Outer", "Scan Direction": "Forward", "Index Name": "partsupp_pkey", "Relation Name": "partsupp", "Alias": "partsupp", "Startup Cost": 10000000000.0, "Total Cost": 1000071640963.22, "Plan Rows": 8000372, "Plan Width": 24}, {"Node Type": "Materialize", "Parent Relationship": "Inner", "Startup Cost": 1030010581448.6, "Total Cost": 4001078749780.2, "Plan Rows": 118842, "Plan Width": 90, "Plans": [{"Node Type": "Nested Loop", "Parent Relationship": "Outer", "Join Type": "Inner", "Startup Cost": 1030010581448.6, "Total Cost": 4001078749185.99, "Plan Rows": 118842, "Plan Width": 90, "Inner Unique": false, "Join Filter": "(lineitem.l_suppkey = supplier.s_suppkey), (LLVM Optimized)", "Plans": [{"Node Type": "Nested Loop", "Parent Relationship": "Outer", "Join Type": "Inner", "Startup Cost": 20000000000.0, "Total Cost": 2000000572216.94, "Plan Rows": 100000, "Plan Width": 34, "Inner Unique": true, "Join Filter": "(supplier.s_nationkey = nation.n_nationkey), (LLVM Optimized)", "Plans": [{"Node Type": "Index Scan", "Parent Relationship": "Outer", "Scan Direction": "Forward", "Index Name": "supplier_pkey", "Relation Name": "supplier", "Alias": "supplier", "Startup Cost": 10000000000.0, "Total Cost": 1000000533454.38, "Plan Rows": 100000, "Plan Width": 12}, {"Node Type": "Materialize", "Parent Relationship": "Inner", "Startup Cost": 10000000000.0, "Total Cost": 1000000001262.62, "Plan Rows": 25, "Plan Width": 30, "Plans": [{"Node Type": "Index Scan", "Parent Relationship": "Outer", "Scan Direction": "Forward", "Index Name": "nation_pkey", "Relation Name": "nation", "Alias": "nation", "Startup Cost": 10000000000.0, "Total Cost": 1000000001262.5, "Plan Rows": 25, "Plan Width": 30}]}]}, {"Node Type": "Materialize", "Parent Relationship": "Inner", "Startup Cost": 1010010581448.6, "Total Cost": 2000334829207.96, "Plan Rows": 495566, "Plan Width": 56, "Plans": [{"Node Type": "Hash Join", "Parent Relationship": "Outer", "Join Type": "Inner", "Startup Cost": 1010010581448.6, "Total Cost": 2000334826730.13, "Plan Rows": 495566, "Plan Width": 56, "Inner Unique": true, "Hash Cond": "(lineitem.l_partkey = part.p_partkey), (LLVM Optimized)", "Plans": [{"Node Type": "Index Scan", "Parent Relationship": "Outer", "Scan Direction": "Forward", "Index Name": "idx_lineitem_orderkey", "Relation Name": "lineitem", "Alias": "lineitem", "Startup Cost": 10000000000.0, "Total Cost": 1000324015374.5, "Plan Rows": 59987033, "Plan Width": 48}, {"Node Type": "Hash", "Parent Relationship": "Inner", "Startup Cost": 1000010580325.0, "Total Cost": 1000010580325.0, "Plan Rows": 89888, "Plan Width": 8, "Plans": [{"Node Type": "Index Scan", "Parent Relationship": "Outer", "Scan Direction": "Forward", "Index Name": "part_kpey", "Relation Name": "part", "Alias": "part", "Startup Cost": 10000000000.0, "Total Cost": 1000010580325.0, "Plan Rows": 89888, "Plan Width": 8, "Filter": "((p_name)::text ~~ '%dim%'::text)"}]}]}]}]}]}]}, {"Node Type": "Index Scan", "Parent Relationship": "Inner", "Scan Direction": "Forward", "Index Name": "orders_pkey", "Relation Name": "orders", "Alias": "orders", "Startup Cost": 10000000000.0, "Total Cost": 1000000000029.23, "Plan Rows": 1, "Plan Width": 16, "Index Cond": "(o_orderkey = lineitem.l_orderkey)"}]}]}]}, "Unique SQL Id": 3628361425}, "explain_analyze_plan": null}, "(64, 44)": {"explain_plan": {"Plan": {"Node Type": "Sort", "Startup Cost": 521166.05, "Total Cost": 521166.06, "Plan Rows": 1, "Plan Width": 74, "Sort Key": ["nation.n_name", "(date_part('year'::text, orders.o_orderdate)) DESC"], "Plans": [{"Node Type": "Aggregate", "Strategy": "Hashed", "Parent Relationship": "Outer", "Startup Cost": 521166.03, "Total Cost": 521166.04, "Plan Rows": 1, "Plan Width": 74, "Group By Key": ["nation.n_name", "date_part('year'::text, orders.o_orderdate)"], "Plans": [{"Node Type": "Nested Loop", "Parent Relationship": "Outer", "Join Type": "Inner", "Startup Cost": 72600.6, "Total Cost": 521166.01, "Plan Rows": 1, "Plan Width": 66, "Inner Unique": true, "Plans": [{"Node Type": "Nested Loop", "Parent Relationship": "Outer", "Join Type": "Inner", "Startup Cost": 72600.6, "Total Cost": 521165.73, "Plan Rows": 1, "Plan Width": 44, "Inner Unique": true, "Plans": [{"Node Type": "Nested Loop", "Parent Relationship": "Outer", "Join Type": "Inner", "Startup Cost": 72600.6, "Total Cost": 521165.43, "Plan Rows": 1, "Plan Width": 44, "Inner Unique": false, "Join Filter": "(supplier.s_suppkey = lineitem.l_suppkey)", "Plans": [{"Node Type": "Hash Join", "Parent Relationship": "Outer", "Join Type": "Inner", "Startup Cost": 72600.6, "Total Cost": 377416.42, "Plan Rows": 125630, "Plan Width": 44, "Inner Unique": true, "Hash Cond": "(partsupp.ps_suppkey = supplier.s_suppkey), (LLVM Optimized)", "Plans": [{"Node Type": "Hash Join", "Parent Relationship": "Outer", "Join Type": "Inner", "Startup Cost": 68067.6, "Total Cost": 370653.38, "Plan Rows": 259666, "Plan Width": 32, "Inner Unique": true, "Hash Cond": "(partsupp.ps_partkey = part.p_partkey), (LLVM Optimized)", "Plans": [{"Node Type": "Seq Scan", "Parent Relationship": "Outer", "Relation Name": "partsupp", "Alias": "partsupp", "Startup Cost": 0.0, "Total Cost": 269987.72, "Plan Rows": 8000372, "Plan Width": 24}, {"Node Type": "Hash", "Parent Relationship": "Inner", "Startup Cost": 66944.0, "Total Cost": 66944.0, "Plan Rows": 89888, "Plan Width": 8, "Plans": [{"Node Type": "Seq Scan", "Parent Relationship": "Outer", "Relation Name": "part", "Alias": "part", "Startup Cost": 0.0, "Total Cost": 66944.0, "Plan Rows": 89888, "Plan Width": 8, "Filter": "((p_name)::text ~~ '%dim%'::text)"}]}]}, {"Node Type": "Hash", "Parent Relationship": "Inner", "Startup Cost": 3283.0, "Total Cost": 3283.0, "Plan Rows": 100000, "Plan Width": 12, "Plans": [{"Node Type": "Seq Scan", "Parent Relationship": "Outer", "Relation Name": "supplier", "Alias": "supplier", "Startup Cost": 0.0, "Total Cost": 3283.0, "Plan Rows": 100000, "Plan Width": 12}]}]}, {"Node Type": "Index Scan", "Parent Relationship": "Inner", "Scan Direction": "Forward", "Index Name": "idx_lineitem_part_supp", "Relation Name": "lineitem", "Alias": "lineitem", "Startup Cost": 0.0, "Total Cost": 1.13, "Plan Rows": 1, "Plan Width": 48, "Index Cond": "((l_partkey = partsupp.ps_partkey) AND (l_suppkey = partsupp.ps_suppkey))"}]}, {"Node Type": "Index Scan", "Parent Relationship": "Inner", "Scan Direction": "Forward", "Index Name": "orders_pkey", "Relation Name": "orders", "Alias": "orders", "Startup Cost": 0.0, "Total Cost": 0.29, "Plan Rows": 1, "Plan Width": 16, "Index Cond": "(o_orderkey = lineitem.l_orderkey)"}]}, {"Node Type": "Index Scan", "Parent Relationship": "Inner", "Scan Direction": "Forward", "Index Name": "nation_pkey", "Relation Name": "nation", "Alias": "nation", "Startup Cost": 0.0, "Total Cost": 0.27, "Plan Rows": 1, "Plan Width": 30, "Index Cond": "(n_nationkey = supplier.s_nationkey)"}]}]}]}, "Unique SQL Id": 3628361425}, "explain_analyze_plan": {"Plan": {"Node Type": "Sort", "Startup Cost": 521166.05, "Total Cost": 521166.06, "Plan Rows": 1, "Plan Width": 74, "Actual Startup Time": 58932.736, "Actual Total Time": 58932.749, "Actual Rows": 175, "Actual Loops": 1, "Sort Key": ["nation.n_name", "(date_part('year'::text, orders.o_orderdate)) DESC"], "Sort Method": "quicksort", "Sort Space Used": 52, "Sort Space Type": "Memory", "Plans": [{"Node Type": "Aggregate", "Strategy": "Hashed", "Parent Relationship": "Outer", "Startup Cost": 521166.03, "Total Cost": 521166.04, "Plan Rows": 1, "Plan Width": 74, "Actual Startup Time": 58932.337, "Actual Total Time": 58932.379, "Actual Rows": 175, "Actual Loops": 1, "Group By Key": ["nation.n_name", "date_part('year'::text, orders.o_orderdate)"], "Plans": [{"Node Type": "Nested Loop", "Parent Relationship": "Outer", "Join Type": "Inner", "Startup Cost": 72600.6, "Total Cost": 521166.01, "Plan Rows": 1, "Plan Width": 66, "Actual Startup Time": 1103.433, "Actual Total Time": 55092.664, "Actual Rows": 3256948, "Actual Loops": 1, "Inner Unique": true, "Plans": [{"Node Type": "Nested Loop", "Parent Relationship": "Outer", "Join Type": "Inner", "Startup Cost": 72600.6, "Total Cost": 521165.73, "Plan Rows": 1, "Plan Width": 44, "Actual Startup Time": 1103.363, "Actual Total Time": 46615.878, "Actual Rows": 3256948, "Actual Loops": 1, "Inner Unique": true, "Plans": [{"Node Type": "Nested Loop", "Parent Relationship": "Outer", "Join Type": "Inner", "Startup Cost": 72600.6, "Total Cost": 521165.43, "Plan Rows": 1, "Plan Width": 44, "Actual Startup Time": 1103.339, "Actual Total Time": 18831.717, "Actual Rows": 3256948, "Actual Loops": 1, "Inner Unique": false, "Join Filter": "(supplier.s_suppkey = lineitem.l_suppkey)", "Rows Removed by Join Filter": 0, "Plans": [{"Node Type": "Hash Join", "Parent Relationship": "Outer", "Join Type": "Inner", "Startup Cost": 72600.6, "Total Cost": 377416.42, "Plan Rows": 125630, "Plan Width": 44, "Actual Startup Time": 1103.287, "Actual Total Time": 6244.441, "Actual Rows": 434204, "Actual Loops": 1, "Inner Unique": true, "Hash Cond": "(partsupp.ps_suppkey = supplier.s_suppkey), (LLVM Optimized, Jit Execute)", "Plans": [{"Node Type": "Hash Join", "Parent Relationship": "Outer", "Join Type": "Inner", "Startup Cost": 68067.6, "Total Cost": 370653.38, "Plan Rows": 259666, "Plan Width": 32, "Actual Startup Time": 1038.788, "Actual Total Time": 5788.774, "Actual Rows": 434204, "Actual Loops": 1, "Inner Unique": true, "Hash Cond": "(partsupp.ps_partkey = part.p_partkey), (LLVM Optimized, Jit Execute)", "Plans": [{"Node Type": "Seq Scan", "Parent Relationship": "Outer", "Relation Name": "partsupp", "Alias": "partsupp", "Startup Cost": 0.0, "Total Cost": 269987.72, "Plan Rows": 8000372, "Plan Width": 24, "Actual Startup Time": 0.012, "Actual Total Time": 2567.433, "Actual Rows": 8000000, "Actual Loops": 1}, {"Node Type": "Hash", "Parent Relationship": "Inner", "Startup Cost": 66944.0, "Total Cost": 66944.0, "Plan Rows": 89888, "Plan Width": 8, "Actual Startup Time": 1038.64, "Actual Total Time": 1038.64, "Actual Rows": 108551, "Actual Loops": 1, "Hash Buckets": 131072, "Hash Batches": 1, "Original Hash Batches": 1, "Peak Memory Usage": 4241, "Plans": [{"Node Type": "Seq Scan", "Parent Relationship": "Outer", "Relation Name": "part", "Alias": "part", "Startup Cost": 0.0, "Total Cost": 66944.0, "Plan Rows": 89888, "Plan Width": 8, "Actual Startup Time": 0.042, "Actual Total Time": 1000.506, "Actual Rows": 108551, "Actual Loops": 1, "Filter": "((p_name)::text ~~ '%dim%'::text)", "Rows Removed by Filter": 1891449}]}]}, {"Node Type": "Hash", "Parent Relationship": "Inner", "Startup Cost": 3283.0, "Total Cost": 3283.0, "Plan Rows": 100000, "Plan Width": 12, "Actual Startup Time": 64.394, "Actual Total Time": 64.394, "Actual Rows": 100000, "Actual Loops": 1, "Hash Buckets": 131072, "Hash Batches": 1, "Original Hash Batches": 1, "Peak Memory Usage": 4297, "Plans": [{"Node Type": "Seq Scan", "Parent Relationship": "Outer", "Relation Name": "supplier", "Alias": "supplier", "Startup Cost": 0.0, "Total Cost": 3283.0, "Plan Rows": 100000, "Plan Width": 12, "Actual Startup Time": 0.03, "Actual Total Time": 36.628, "Actual Rows": 100000, "Actual Loops": 1}]}]}, {"Node Type": "Index Scan", "Parent Relationship": "Inner", "Scan Direction": "Forward", "Index Name": "idx_lineitem_part_supp", "Relation Name": "lineitem", "Alias": "lineitem", "Startup Cost": 0.0, "Total Cost": 1.13, "Plan Rows": 1, "Plan Width": 48, "Actual Startup Time": 3128.663, "Actual Total Time": 10882.76, "Actual Rows": 3256948, "Actual Loops": 434204, "Index Cond": "((l_partkey = partsupp.ps_partkey) AND (l_suppkey = partsupp.ps_suppkey))", "Rows Removed by Index Recheck": 0}]}, {"Node Type": "Index Scan", "Parent Relationship": "Inner", "Scan Direction": "Forward", "Index Name": "orders_pkey", "Relation Name": "orders", "Alias": "orders", "Startup Cost": 0.0, "Total Cost": 0.29, "Plan Rows": 1, "Plan Width": 16, "Actual Startup Time": 24997.016, "Actual Total Time": 24997.016, "Actual Rows": 3256948, "Actual Loops": 3256948, "Index Cond": "(o_orderkey = lineitem.l_orderkey)", "Rows Removed by Index Recheck": 0}]}, {"Node Type": "Index Scan", "Parent Relationship": "Inner", "Scan Direction": "Forward", "Index Name": "nation_pkey", "Relation Name": "nation", "Alias": "nation", "Startup Cost": 0.0, "Total Cost": 0.27, "Plan Rows": 1, "Plan Width": 30, "Actual Startup Time": 4454.455, "Actual Total Time": 4454.455, "Actual Rows": 3256948, "Actual Loops": 3256948, "Index Cond": "(n_nationkey = supplier.s_nationkey)", "Rows Removed by Index Recheck": 0}]}]}]}, "Triggers": [], "Planner Runtime": 35.792, "Total Runtime": 58943.737, "Unique SQL Id": 3628361425}}, "(64, 45)": {"explain_plan": {"Plan": {"Node Type": "Sort", "Startup Cost": 701189.51, "Total Cost": 701189.52, "Plan Rows": 1, "Plan Width": 74, "Sort Key": ["nation.n_name", "(date_part('year'::text, orders.o_orderdate)) DESC"], "Plans": [{"Node Type": "Aggregate", "Strategy": "Hashed", "Parent Relationship": "Outer", "Startup Cost": 701189.49, "Total Cost": 701189.5, "Plan Rows": 1, "Plan Width": 74, "Group By Key": ["nation.n_name", "date_part('year'::text, orders.o_orderdate)"], "Plans": [{"Node Type": "Nested Loop", "Parent Relationship": "Outer", "Join Type": "Inner", "Startup Cost": 6584.54, "Total Cost": 701189.47, "Plan Rows": 1, "Plan Width": 66, "Inner Unique": true, "Plans": [{"Node Type": "Nested Loop", "Parent Relationship": "Outer", "Join Type": "Inner", "Startup Cost": 6584.54, "Total Cost": 701189.19, "Plan Rows": 1, "Plan Width": 44, "Inner Unique": true, "Plans": [{"Node Type": "Nested Loop", "Parent Relationship": "Outer", "Join Type": "Inner", "Startup Cost": 6584.54, "Total Cost": 701188.89, "Plan Rows": 1, "Plan Width": 44, "Inner Unique": false, "Join Filter": "(supplier.s_suppkey = lineitem.l_suppkey)", "Plans": [{"Node Type": "Hash Join", "Parent Relationship": "Outer", "Join Type": "Inner", "Startup Cost": 6584.54, "Total Cost": 557439.88, "Plan Rows": 125630, "Plan Width": 44, "Inner Unique": true, "Hash Cond": "(partsupp.ps_suppkey = supplier.s_suppkey), (LLVM Optimized)", "Plans": [{"Node Type": "Nested Loop", "Parent Relationship": "Outer", "Join Type": "Inner", "Startup Cost": 0.0, "Total Cost": 548625.29, "Plan Rows": 259666, "Plan Width": 32, "Inner Unique": false, "Plans": [{"Node Type": "Index Scan", "Parent Relationship": "Outer", "Scan Direction": "Forward", "Index Name": "part_kpey", "Relation Name": "part", "Alias": "part", "Startup Cost": 0.0, "Total Cost": 105803.25, "Plan Rows": 89888, "Plan Width": 8, "Filter": "((p_name)::text ~~ '%dim%'::text)"}, {"Node Type": "Index Scan", "Parent Relationship": "Inner", "Scan Direction": "Forward", "Index Name": "idx_partsupp_partkey", "Relation Name": "partsupp", "Alias": "partsupp", "Startup Cost": 0.0, "Total Cost": 4.9, "Plan Rows": 3, "Plan Width": 24, "Index Cond": "(ps_partkey = part.p_partkey)"}]}, {"Node Type": "Hash", "Parent Relationship": "Inner", "Startup Cost": 5334.54, "Total Cost": 5334.54, "Plan Rows": 100000, "Plan Width": 12, "Plans": [{"Node Type": "Index Scan", "Parent Relationship": "Outer", "Scan Direction": "Forward", "Index Name": "supplier_pkey", "Relation Name": "supplier", "Alias": "supplier", "Startup Cost": 0.0, "Total Cost": 5334.54, "Plan Rows": 100000, "Plan Width": 12}]}]}, {"Node Type": "Index Scan", "Parent Relationship": "Inner", "Scan Direction": "Forward", "Index Name": "idx_lineitem_part_supp", "Relation Name": "lineitem", "Alias": "lineitem", "Startup Cost": 0.0, "Total Cost": 1.13, "Plan Rows": 1, "Plan Width": 48, "Index Cond": "((l_partkey = partsupp.ps_partkey) AND (l_suppkey = partsupp.ps_suppkey))"}]}, {"Node Type": "Index Scan", "Parent Relationship": "Inner", "Scan Direction": "Forward", "Index Name": "orders_pkey", "Relation Name": "orders", "Alias": "orders", "Startup Cost": 0.0, "Total Cost": 0.29, "Plan Rows": 1, "Plan Width": 16, "Index Cond": "(o_orderkey = lineitem.l_orderkey)"}]}, {"Node Type": "Index Scan", "Parent Relationship": "Inner", "Scan Direction": "Forward", "Index Name": "nation_pkey", "Relation Name": "nation", "Alias": "nation", "Startup Cost": 0.0, "Total Cost": 0.27, "Plan Rows": 1, "Plan Width": 30, "Index Cond": "(n_nationkey = supplier.s_nationkey)"}]}]}]}, "Unique SQL Id": 3628361425}, "explain_analyze_plan": {"Plan": {"Node Type": "Sort", "Startup Cost": 701189.51, "Total Cost": 701189.52, "Plan Rows": 1, "Plan Width": 74, "Actual Startup Time": 57219.783, "Actual Total Time": 57219.796, "Actual Rows": 175, "Actual Loops": 1, "Sort Key": ["nation.n_name", "(date_part('year'::text, orders.o_orderdate)) DESC"], "Sort Method": "quicksort", "Sort Space Used": 52, "Sort Space Type": "Memory", "Plans": [{"Node Type": "Aggregate", "Strategy": "Hashed", "Parent Relationship": "Outer", "Startup Cost": 701189.49, "Total Cost": 701189.5, "Plan Rows": 1, "Plan Width": 74, "Actual Startup Time": 57219.414, "Actual Total Time": 57219.454, "Actual Rows": 175, "Actual Loops": 1, "Group By Key": ["nation.n_name", "date_part('year'::text, orders.o_orderdate)"], "Plans": [{"Node Type": "Nested Loop", "Parent Relationship": "Outer", "Join Type": "Inner", "Startup Cost": 6584.54, "Total Cost": 701189.47, "Plan Rows": 1, "Plan Width": 66, "Actual Startup Time": 106.96, "Actual Total Time": 53460.735, "Actual Rows": 3256948, "Actual Loops": 1, "Inner Unique": true, "Plans": [{"Node Type": "Nested Loop", "Parent Relationship": "Outer", "Join Type": "Inner", "Startup Cost": 6584.54, "Total Cost": 701189.19, "Plan Rows": 1, "Plan Width": 44, "Actual Startup Time": 106.934, "Actual Total Time": 44656.25, "Actual Rows": 3256948, "Actual Loops": 1, "Inner Unique": true, "Plans": [{"Node Type": "Nested Loop", "Parent Relationship": "Outer", "Join Type": "Inner", "Startup Cost": 6584.54, "Total Cost": 701188.89, "Plan Rows": 1, "Plan Width": 44, "Actual Startup Time": 106.911, "Actual Total Time": 16146.218, "Actual Rows": 3256948, "Actual Loops": 1, "Inner Unique": false, "Join Filter": "(supplier.s_suppkey = lineitem.l_suppkey)", "Rows Removed by Join Filter": 0, "Plans": [{"Node Type": "Hash Join", "Parent Relationship": "Outer", "Join Type": "Inner", "Startup Cost": 6584.54, "Total Cost": 557439.88, "Plan Rows": 125630, "Plan Width": 44, "Actual Startup Time": 106.873, "Actual Total Time": 3440.596, "Actual Rows": 434204, "Actual Loops": 1, "Inner Unique": true, "Hash Cond": "(partsupp.ps_suppkey = supplier.s_suppkey), (LLVM Optimized, Jit Execute)", "Plans": [{"Node Type": "Nested Loop", "Parent Relationship": "Outer", "Join Type": "Inner", "Startup Cost": 0.0, "Total Cost": 548625.29, "Plan Rows": 259666, "Plan Width": 32, "Actual Startup Time": 0.076, "Actual Total Time": 2929.188, "Actual Rows": 434204, "Actual Loops": 1, "Inner Unique": false, "Plans": [{"Node Type": "Index Scan", "Parent Relationship": "Outer", "Scan Direction": "Forward", "Index Name": "part_kpey", "Relation Name": "part", "Alias": "part", "Startup Cost": 0.0, "Total Cost": 105803.25, "Plan Rows": 89888, "Plan Width": 8, "Actual Startup Time": 0.056, "Actual Total Time": 1746.962, "Actual Rows": 108551, "Actual Loops": 1, "Filter": "((p_name)::text ~~ '%dim%'::text)", "Rows Removed by Filter": 1891449}, {"Node Type": "Index Scan", "Parent Relationship": "Inner", "Scan Direction": "Forward", "Index Name": "idx_partsupp_partkey", "Relation Name": "partsupp", "Alias": "partsupp", "Startup Cost": 0.0, "Total Cost": 4.9, "Plan Rows": 3, "Plan Width": 24, "Actual Startup Time": 684.56, "Actual Total Time": 978.245, "Actual Rows": 434204, "Actual Loops": 108551, "Index Cond": "(ps_partkey = part.p_partkey)", "Rows Removed by Index Recheck": 0}]}, {"Node Type": "Hash", "Parent Relationship": "Inner", "Startup Cost": 5334.54, "Total Cost": 5334.54, "Plan Rows": 100000, "Plan Width": 12, "Actual Startup Time": 106.68, "Actual Total Time": 106.68, "Actual Rows": 100000, "Actual Loops": 1, "Hash Buckets": 131072, "Hash Batches": 1, "Original Hash Batches": 1, "Peak Memory Usage": 4297, "Plans": [{"Node Type": "Index Scan", "Parent Relationship": "Outer", "Scan Direction": "Forward", "Index Name": "supplier_pkey", "Relation Name": "supplier", "Alias": "supplier", "Startup Cost": 0.0, "Total Cost": 5334.54, "Plan Rows": 100000, "Plan Width": 12, "Actual Startup Time": 0.02, "Actual Total Time": 78.377, "Actual Rows": 100000, "Actual Loops": 1}]}]}, {"Node Type": "Index Scan", "Parent Relationship": "Inner", "Scan Direction": "Forward", "Index Name": "idx_lineitem_part_supp", "Relation Name": "lineitem", "Alias": "lineitem", "Startup Cost": 0.0, "Total Cost": 1.13, "Plan Rows": 1, "Plan Width": 48, "Actual Startup Time": 3174.504, "Actual Total Time": 11019.482, "Actual Rows": 3256948, "Actual Loops": 434204, "Index Cond": "((l_partkey = partsupp.ps_partkey) AND (l_suppkey = partsupp.ps_suppkey))", "Rows Removed by Index Recheck": 0}]}, {"Node Type": "Index Scan", "Parent Relationship": "Inner", "Scan Direction": "Forward", "Index Name": "orders_pkey", "Relation Name": "orders", "Alias": "orders", "Startup Cost": 0.0, "Total Cost": 0.29, "Plan Rows": 1, "Plan Width": 16, "Actual Startup Time": 25705.885, "Actual Total Time": 25705.885, "Actual Rows": 3256948, "Actual Loops": 3256948, "Index Cond": "(o_orderkey = lineitem.l_orderkey)", "Rows Removed by Index Recheck": 0}]}, {"Node Type": "Index Scan", "Parent Relationship": "Inner", "Scan Direction": "Forward", "Index Name": "nation_pkey", "Relation Name": "nation", "Alias": "nation", "Startup Cost": 0.0, "Total Cost": 0.27, "Plan Rows": 1, "Plan Width": 30, "Actual Startup Time": 4680.015, "Actual Total Time": 4680.015, "Actual Rows": 3256948, "Actual Loops": 3256948, "Index Cond": "(n_nationkey = supplier.s_nationkey)", "Rows Removed by Index Recheck": 0}]}]}]}, "Triggers": [], "Planner Runtime": 33.676, "Total Runtime": 57229.802, "Unique SQL Id": 3628361425}}, "(64, 46)": {"explain_plan": {"Plan": {"Node Type": "Sort", "Startup Cost": 3188400.29, "Total Cost": 3188400.29, "Plan Rows": 1, "Plan Width": 74, "Sort Key": ["nation.n_name", "(date_part('year'::text, orders.o_orderdate)) DESC"], "Plans": [{"Node Type": "Aggregate", "Strategy": "Hashed", "Parent Relationship": "Outer", "Startup Cost": 3188400.27, "Total Cost": 3188400.28, "Plan Rows": 1, "Plan Width": 74, "Group By Key": ["nation.n_name", "date_part('year'::text, orders.o_orderdate)"], "Plans": [{"Node Type": "Nested Loop", "Parent Relationship": "Outer", "Join Type": "Inner", "Startup Cost": 2705736.84, "Total Cost": 3188400.25, "Plan Rows": 1, "Plan Width": 66, "Inner Unique": true, "Join Filter": "(supplier.s_nationkey = nation.n_nationkey)", "Plans": [{"Node Type": "Hash Join", "Parent Relationship": "Outer", "Join Type": "Inner", "Startup Cost": 2705736.84, "Total Cost": 3188398.68, "Plan Rows": 1, "Plan Width": 44, "Inner Unique": false, "Hash Cond": "(orders.o_orderkey = lineitem.l_orderkey)", "Plans": [{"Node Type": "Seq Scan", "Parent Relationship": "Outer", "Relation Name": "orders", "Alias": "orders", "Startup Cost": 0.0, "Total Cost": 426413.79, "Plan Rows": 14999479, "Plan Width": 16}, {"Node Type": "Hash", "Parent Relationship": "Inner", "Startup Cost": 2705736.82, "Total Cost": 2705736.82, "Plan Rows": 1, "Plan Width": 44, "Plans": [{"Node Type": "Hash Join", "Parent Relationship": "Outer", "Join Type": "Inner", "Startup Cost": 406202.19, "Total Cost": 2705736.82, "Plan Rows": 1, "Plan Width": 44, "Inner Unique": false, "Hash Cond": "((lineitem.l_suppkey = partsupp.ps_suppkey) AND (lineitem.l_partkey = partsupp.ps_partkey))", "Plans": [{"Node Type": "Hash Join", "Parent Relationship": "Outer", "Join Type": "Inner", "Startup Cost": 68067.6, "Total Cost": 2313089.96, "Plan Rows": 495566, "Plan Width": 56, "Inner Unique": true, "Hash Cond": "(lineitem.l_partkey = part.p_partkey), (LLVM Optimized)", "Plans": [{"Node Type": "Seq Scan", "Parent Relationship": "Outer", "Relation Name": "lineitem", "Alias": "lineitem", "Startup Cost": 0.0, "Total Cost": 2015115.33, "Plan Rows": 59987033, "Plan Width": 48}, {"Node Type": "Hash", "Parent Relationship": "Inner", "Startup Cost": 66944.0, "Total Cost": 66944.0, "Plan Rows": 89888, "Plan Width": 8, "Plans": [{"Node Type": "Seq Scan", "Parent Relationship": "Outer", "Relation Name": "part", "Alias": "part", "Startup Cost": 0.0, "Total Cost": 66944.0, "Plan Rows": 89888, "Plan Width": 8, "Filter": "((p_name)::text ~~ '%dim%'::text)"}]}]}, {"Node Type": "Hash", "Parent Relationship": "Inner", "Startup Cost": 317967.1, "Total Cost": 317967.1, "Plan Rows": 1344499, "Plan Width": 36, "Plans": [{"Node Type": "Hash Join", "Parent Relationship": "Outer", "Join Type": "Inner", "Startup Cost": 4533.0, "Total Cost": 317967.1, "Plan Rows": 1344499, "Plan Width": 36, "Inner Unique": true, "Hash Cond": "(partsupp.ps_suppkey = supplier.s_suppkey), (LLVM Optimized)", "Plans": [{"Node Type": "Seq Scan", "Parent Relationship": "Outer", "Relation Name": "partsupp", "Alias": "partsupp", "Startup Cost": 0.0, "Total Cost": 269987.72, "Plan Rows": 8000372, "Plan Width": 24}, {"Node Type": "Hash", "Parent Relationship": "Inner", "Startup Cost": 3283.0, "Total Cost": 3283.0, "Plan Rows": 100000, "Plan Width": 12, "Plans": [{"Node Type": "Seq Scan", "Parent Relationship": "Outer", "Relation Name": "supplier", "Alias": "supplier", "Startup Cost": 0.0, "Total Cost": 3283.0, "Plan Rows": 100000, "Plan Width": 12}]}]}]}]}]}]}, {"Node Type": "Seq Scan", "Parent Relationship": "Inner", "Relation Name": "nation", "Alias": "nation", "Startup Cost": 0.0, "Total Cost": 1.25, "Plan Rows": 25, "Plan Width": 30}]}]}]}, "Unique SQL Id": 3628361425}, "explain_analyze_plan": null}, "(64, 47)": {"explain_plan": {"Plan": {"Node Type": "Sort", "Startup Cost": 6017789044137.01, "Total Cost": 6017789044137.01, "Plan Rows": 1, "Plan Width": 74, "Sort Key": ["nation.n_name", "(date_part('year'::text, orders.o_orderdate)) DESC"], "Plans": [{"Node Type": "Aggregate", "Strategy": "Hashed", "Parent Relationship": "Outer", "Startup Cost": 6017789044136.99, "Total Cost": 6017789044137.0, "Plan Rows": 1, "Plan Width": 74, "Group By Key": ["nation.n_name", "date_part('year'::text, orders.o_orderdate)"], "Plans": [{"Node Type": "Nested Loop", "Parent Relationship": "Outer", "Join Type": "Inner", "Startup Cost": 1050010581448.6, "Total Cost": 6017789044136.97, "Plan Rows": 1, "Plan Width": 66, "Inner Unique": true, "Plans": [{"Node Type": "Nested Loop", "Parent Relationship": "Outer", "Join Type": "Inner", "Startup Cost": 1040010581448.6, "Total Cost": 5017789044107.73, "Plan Rows": 1, "Plan Width": 66, "Inner Unique": false, "Join Filter": "((lineitem.l_suppkey = partsupp.ps_suppkey) AND (lineitem.l_partkey = partsupp.ps_partkey))", "Plans": [{"Node Type": "Index Scan", "Parent Relationship": "Outer", "Scan Direction": "Forward", "Index Name": "partsupp_pkey", "Relation Name": "partsupp", "Alias": "partsupp", "Startup Cost": 10000000000.0, "Total Cost": 1000071640963.22, "Plan Rows": 8000372, "Plan Width": 24}, {"Node Type": "Materialize", "Parent Relationship": "Inner", "Startup Cost": 1030010581448.6, "Total Cost": 4001078749780.2, "Plan Rows": 118842, "Plan Width": 90, "Plans": [{"Node Type": "Nested Loop", "Parent Relationship": "Outer", "Join Type": "Inner", "Startup Cost": 1030010581448.6, "Total Cost": 4001078749185.99, "Plan Rows": 118842, "Plan Width": 90, "Inner Unique": false, "Join Filter": "(lineitem.l_suppkey = supplier.s_suppkey), (LLVM Optimized)", "Plans": [{"Node Type": "Nested Loop", "Parent Relationship": "Outer", "Join Type": "Inner", "Startup Cost": 20000000000.0, "Total Cost": 2000000572216.94, "Plan Rows": 100000, "Plan Width": 34, "Inner Unique": true, "Join Filter": "(supplier.s_nationkey = nation.n_nationkey), (LLVM Optimized)", "Plans": [{"Node Type": "Index Scan", "Parent Relationship": "Outer", "Scan Direction": "Forward", "Index Name": "supplier_pkey", "Relation Name": "supplier", "Alias": "supplier", "Startup Cost": 10000000000.0, "Total Cost": 1000000533454.38, "Plan Rows": 100000, "Plan Width": 12}, {"Node Type": "Materialize", "Parent Relationship": "Inner", "Startup Cost": 10000000000.0, "Total Cost": 1000000001262.62, "Plan Rows": 25, "Plan Width": 30, "Plans": [{"Node Type": "Index Scan", "Parent Relationship": "Outer", "Scan Direction": "Forward", "Index Name": "nation_pkey", "Relation Name": "nation", "Alias": "nation", "Startup Cost": 10000000000.0, "Total Cost": 1000000001262.5, "Plan Rows": 25, "Plan Width": 30}]}]}, {"Node Type": "Materialize", "Parent Relationship": "Inner", "Startup Cost": 1010010581448.6, "Total Cost": 2000334829207.96, "Plan Rows": 495566, "Plan Width": 56, "Plans": [{"Node Type": "Hash Join", "Parent Relationship": "Outer", "Join Type": "Inner", "Startup Cost": 1010010581448.6, "Total Cost": 2000334826730.13, "Plan Rows": 495566, "Plan Width": 56, "Inner Unique": true, "Hash Cond": "(lineitem.l_partkey = part.p_partkey), (LLVM Optimized)", "Plans": [{"Node Type": "Index Scan", "Parent Relationship": "Outer", "Scan Direction": "Forward", "Index Name": "idx_lineitem_orderkey", "Relation Name": "lineitem", "Alias": "lineitem", "Startup Cost": 10000000000.0, "Total Cost": 1000324015374.5, "Plan Rows": 59987033, "Plan Width": 48}, {"Node Type": "Hash", "Parent Relationship": "Inner", "Startup Cost": 1000010580325.0, "Total Cost": 1000010580325.0, "Plan Rows": 89888, "Plan Width": 8, "Plans": [{"Node Type": "Index Scan", "Parent Relationship": "Outer", "Scan Direction": "Forward", "Index Name": "part_kpey", "Relation Name": "part", "Alias": "part", "Startup Cost": 10000000000.0, "Total Cost": 1000010580325.0, "Plan Rows": 89888, "Plan Width": 8, "Filter": "((p_name)::text ~~ '%dim%'::text)"}]}]}]}]}]}]}, {"Node Type": "Index Scan", "Parent Relationship": "Inner", "Scan Direction": "Forward", "Index Name": "orders_pkey", "Relation Name": "orders", "Alias": "orders", "Startup Cost": 10000000000.0, "Total Cost": 1000000000029.23, "Plan Rows": 1, "Plan Width": 16, "Index Cond": "(o_orderkey = lineitem.l_orderkey)"}]}]}]}, "Unique SQL Id": 3628361425}, "explain_analyze_plan": null}, "(64, 48)": {"explain_plan": {"Plan": {"Node Type": "Sort", "Startup Cost": 726568.79, "Total Cost": 726568.8, "Plan Rows": 1, "Plan Width": 74, "Sort Key": ["nation.n_name", "(date_part('year'::text, orders.o_orderdate)) DESC"], "Plans": [{"Node Type": "Aggregate", "Strategy": "Hashed", "Parent Relationship": "Outer", "Startup Cost": 726568.77, "Total Cost": 726568.78, "Plan Rows": 1, "Plan Width": 74, "Group By Key": ["nation.n_name", "date_part('year'::text, orders.o_orderdate)"], "Plans": [{"Node Type": "Nested Loop", "Parent Relationship": "Outer", "Join Type": "Inner", "Startup Cost": 0.0, "Total Cost": 726568.75, "Plan Rows": 1, "Plan Width": 66, "Inner Unique": true, "Plans": [{"Node Type": "Nested Loop", "Parent Relationship": "Outer", "Join Type": "Inner", "Startup Cost": 0.0, "Total Cost": 726568.47, "Plan Rows": 1, "Plan Width": 44, "Inner Unique": true, "Plans": [{"Node Type": "Nested Loop", "Parent Relationship": "Outer", "Join Type": "Inner", "Startup Cost": 0.0, "Total Cost": 726568.17, "Plan Rows": 1, "Plan Width": 44, "Inner Unique": false, "Join Filter": "(supplier.s_suppkey = lineitem.l_suppkey)", "Plans": [{"Node Type": "Nested Loop", "Parent Relationship": "Outer", "Join Type": "Inner", "Startup Cost": 0.0, "Total Cost": 582819.16, "Plan Rows": 125630, "Plan Width": 44, "Inner Unique": true, "Plans": [{"Node Type": "Nested Loop", "Parent Relationship": "Outer", "Join Type": "Inner", "Startup Cost": 0.0, "Total Cost": 509766.04, "Plan Rows": 259666, "Plan Width": 32, "Inner Unique": false, "Plans": [{"Node Type": "Seq Scan", "Parent Relationship": "Outer", "Relation Name": "part", "Alias": "part", "Startup Cost": 0.0, "Total Cost": 66944.0, "Plan Rows": 89888, "Plan Width": 8, "Filter": "((p_name)::text ~~ '%dim%'::text)"}, {"Node Type": "Index Scan", "Parent Relationship": "Inner", "Scan Direction": "Forward", "Index Name": "idx_partsupp_partkey", "Relation Name": "partsupp", "Alias": "partsupp", "Startup Cost": 0.0, "Total Cost": 4.9, "Plan Rows": 3, "Plan Width": 24, "Index Cond": "(ps_partkey = part.p_partkey)"}]}, {"Node Type": "Index Scan", "Parent Relationship": "Inner", "Scan Direction": "Forward", "Index Name": "supplier_pkey", "Relation Name": "supplier", "Alias": "supplier", "Startup Cost": 0.0, "Total Cost": 0.27, "Plan Rows": 1, "Plan Width": 12, "Index Cond": "(s_suppkey = partsupp.ps_suppkey)"}]}, {"Node Type": "Index Scan", "Parent Relationship": "Inner", "Scan Direction": "Forward", "Index Name": "idx_lineitem_part_supp", "Relation Name": "lineitem", "Alias": "lineitem", "Startup Cost": 0.0, "Total Cost": 1.13, "Plan Rows": 1, "Plan Width": 48, "Index Cond": "((l_partkey = partsupp.ps_partkey) AND (l_suppkey = partsupp.ps_suppkey))"}]}, {"Node Type": "Index Scan", "Parent Relationship": "Inner", "Scan Direction": "Forward", "Index Name": "orders_pkey", "Relation Name": "orders", "Alias": "orders", "Startup Cost": 0.0, "Total Cost": 0.29, "Plan Rows": 1, "Plan Width": 16, "Index Cond": "(o_orderkey = lineitem.l_orderkey)"}]}, {"Node Type": "Index Scan", "Parent Relationship": "Inner", "Scan Direction": "Forward", "Index Name": "nation_pkey", "Relation Name": "nation", "Alias": "nation", "Startup Cost": 0.0, "Total Cost": 0.27, "Plan Rows": 1, "Plan Width": 30, "Index Cond": "(n_nationkey = supplier.s_nationkey)"}]}]}]}, "Unique SQL Id": 3628361425}, "explain_analyze_plan": {"Plan": {"Node Type": "Sort", "Startup Cost": 726568.79, "Total Cost": 726568.8, "Plan Rows": 1, "Plan Width": 74, "Actual Startup Time": 57913.139, "Actual Total Time": 57913.153, "Actual Rows": 175, "Actual Loops": 1, "Sort Key": ["nation.n_name", "(date_part('year'::text, orders.o_orderdate)) DESC"], "Sort Method": "quicksort", "Sort Space Used": 52, "Sort Space Type": "Memory", "Plans": [{"Node Type": "Aggregate", "Strategy": "Hashed", "Parent Relationship": "Outer", "Startup Cost": 726568.77, "Total Cost": 726568.78, "Plan Rows": 1, "Plan Width": 74, "Actual Startup Time": 57912.734, "Actual Total Time": 57912.77, "Actual Rows": 175, "Actual Loops": 1, "Group By Key": ["nation.n_name", "date_part('year'::text, orders.o_orderdate)"], "Plans": [{"Node Type": "Nested Loop", "Parent Relationship": "Outer", "Join Type": "Inner", "Startup Cost": 0.0, "Total Cost": 726568.75, "Plan Rows": 1, "Plan Width": 66, "Actual Startup Time": 0.142, "Actual Total Time": 54049.193, "Actual Rows": 3256948, "Actual Loops": 1, "Inner Unique": true, "Plans": [{"Node Type": "Nested Loop", "Parent Relationship": "Outer", "Join Type": "Inner", "Startup Cost": 0.0, "Total Cost": 726568.47, "Plan Rows": 1, "Plan Width": 44, "Actual Startup Time": 0.123, "Actual Total Time": 45240.991, "Actual Rows": 3256948, "Actual Loops": 1, "Inner Unique": true, "Plans": [{"Node Type": "Nested Loop", "Parent Relationship": "Outer", "Join Type": "Inner", "Startup Cost": 0.0, "Total Cost": 726568.17, "Plan Rows": 1, "Plan Width": 44, "Actual Startup Time": 0.101, "Actual Total Time": 17055.772, "Actual Rows": 3256948, "Actual Loops": 1, "Inner Unique": false, "Join Filter": "(supplier.s_suppkey = lineitem.l_suppkey)", "Rows Removed by Join Filter": 0, "Plans": [{"Node Type": "Nested Loop", "Parent Relationship": "Outer", "Join Type": "Inner", "Startup Cost": 0.0, "Total Cost": 582819.16, "Plan Rows": 125630, "Plan Width": 44, "Actual Startup Time": 0.078, "Actual Total Time": 4465.702, "Actual Rows": 434204, "Actual Loops": 1, "Inner Unique": true, "Plans": [{"Node Type": "Nested Loop", "Parent Relationship": "Outer", "Join Type": "Inner", "Startup Cost": 0.0, "Total Cost": 509766.04, "Plan Rows": 259666, "Plan Width": 32, "Actual Startup Time": 0.064, "Actual Total Time": 2321.534, "Actual Rows": 434204, "Actual Loops": 1, "Inner Unique": false, "Plans": [{"Node Type": "Seq Scan", "Parent Relationship": "Outer", "Relation Name": "part", "Alias": "part", "Startup Cost": 0.0, "Total Cost": 66944.0, "Plan Rows": 89888, "Plan Width": 8, "Actual Startup Time": 0.031, "Actual Total Time": 1115.217, "Actual Rows": 108551, "Actual Loops": 1, "Filter": "((p_name)::text ~~ '%dim%'::text)", "Rows Removed by Filter": 1891449}, {"Node Type": "Index Scan", "Parent Relationship": "Inner", "Scan Direction": "Forward", "Index Name": "idx_partsupp_partkey", "Relation Name": "partsupp", "Alias": "partsupp", "Startup Cost": 0.0, "Total Cost": 4.9, "Plan Rows": 3, "Plan Width": 24, "Actual Startup Time": 682.745, "Actual Total Time": 993.204, "Actual Rows": 434204, "Actual Loops": 108551, "Index Cond": "(ps_partkey = part.p_partkey)", "Rows Removed by Index Recheck": 0}]}, {"Node Type": "Index Scan", "Parent Relationship": "Inner", "Scan Direction": "Forward", "Index Name": "supplier_pkey", "Relation Name": "supplier", "Alias": "supplier", "Startup Cost": 0.0, "Total Cost": 0.27, "Plan Rows": 1, "Plan Width": 12, "Actual Startup Time": 1695.991, "Actual Total Time": 1695.991, "Actual Rows": 434204, "Actual Loops": 434204, "Index Cond": "(s_suppkey = partsupp.ps_suppkey)", "Rows Removed by Index Recheck": 0}]}, {"Node Type": "Index Scan", "Parent Relationship": "Inner", "Scan Direction": "Forward", "Index Name": "idx_lineitem_part_supp", "Relation Name": "lineitem", "Alias": "lineitem", "Startup Cost": 0.0, "Total Cost": 1.13, "Plan Rows": 1, "Plan Width": 48, "Actual Startup Time": 3114.159, "Actual Total Time": 10916.615, "Actual Rows": 3256948, "Actual Loops": 434204, "Index Cond": "((l_partkey = partsupp.ps_partkey) AND (l_suppkey = partsupp.ps_suppkey))", "Rows Removed by Index Recheck": 0}]}, {"Node Type": "Index Scan", "Parent Relationship": "Inner", "Scan Direction": "Forward", "Index Name": "orders_pkey", "Relation Name": "orders", "Alias": "orders", "Startup Cost": 0.0, "Total Cost": 0.29, "Plan Rows": 1, "Plan Width": 16, "Actual Startup Time": 25380.628, "Actual Total Time": 25380.628, "Actual Rows": 3256948, "Actual Loops": 3256948, "Index Cond": "(o_orderkey = lineitem.l_orderkey)", "Rows Removed by Index Recheck": 0}]}, {"Node Type": "Index Scan", "Parent Relationship": "Inner", "Scan Direction": "Forward", "Index Name": "nation_pkey", "Relation Name": "nation", "Alias": "nation", "Startup Cost": 0.0, "Total Cost": 0.27, "Plan Rows": 1, "Plan Width": 30, "Actual Startup Time": 4700.981, "Actual Total Time": 4700.981, "Actual Rows": 3256948, "Actual Loops": 3256948, "Index Cond": "(n_nationkey = supplier.s_nationkey)", "Rows Removed by Index Recheck": 0}]}]}]}, "Triggers": [], "Planner Runtime": 11.567, "Total Runtime": 57913.477, "Unique SQL Id": 3628361425}}, "(64, 49)": {"explain_plan": {"Plan": {"Node Type": "Sort", "Startup Cost": 765428.04, "Total Cost": 765428.05, "Plan Rows": 1, "Plan Width": 74, "Sort Key": ["nation.n_name", "(date_part('year'::text, orders.o_orderdate)) DESC"], "Plans": [{"Node Type": "Aggregate", "Strategy": "Hashed", "Parent Relationship": "Outer", "Startup Cost": 765428.02, "Total Cost": 765428.03, "Plan Rows": 1, "Plan Width": 74, "Group By Key": ["nation.n_name", "date_part('year'::text, orders.o_orderdate)"], "Plans": [{"Node Type": "Nested Loop", "Parent Relationship": "Outer", "Join Type": "Inner", "Startup Cost": 0.0, "Total Cost": 765428.0, "Plan Rows": 1, "Plan Width": 66, "Inner Unique": true, "Plans": [{"Node Type": "Nested Loop", "Parent Relationship": "Outer", "Join Type": "Inner", "Startup Cost": 0.0, "Total Cost": 765427.72, "Plan Rows": 1, "Plan Width": 44, "Inner Unique": true, "Plans": [{"Node Type": "Nested Loop", "Parent Relationship": "Outer", "Join Type": "Inner", "Startup Cost": 0.0, "Total Cost": 765427.42, "Plan Rows": 1, "Plan Width": 44, "Inner Unique": false, "Join Filter": "(supplier.s_suppkey = lineitem.l_suppkey)", "Plans": [{"Node Type": "Nested Loop", "Parent Relationship": "Outer", "Join Type": "Inner", "Startup Cost": 0.0, "Total Cost": 621678.41, "Plan Rows": 125630, "Plan Width": 44, "Inner Unique": true, "Plans": [{"Node Type": "Nested Loop", "Parent Relationship": "Outer", "Join Type": "Inner", "Startup Cost": 0.0, "Total Cost": 548625.29, "Plan Rows": 259666, "Plan Width": 32, "Inner Unique": false, "Plans": [{"Node Type": "Index Scan", "Parent Relationship": "Outer", "Scan Direction": "Forward", "Index Name": "part_kpey", "Relation Name": "part", "Alias": "part", "Startup Cost": 0.0, "Total Cost": 105803.25, "Plan Rows": 89888, "Plan Width": 8, "Filter": "((p_name)::text ~~ '%dim%'::text)"}, {"Node Type": "Index Scan", "Parent Relationship": "Inner", "Scan Direction": "Forward", "Index Name": "idx_partsupp_partkey", "Relation Name": "partsupp", "Alias": "partsupp", "Startup Cost": 0.0, "Total Cost": 4.9, "Plan Rows": 3, "Plan Width": 24, "Index Cond": "(ps_partkey = part.p_partkey)"}]}, {"Node Type": "Index Scan", "Parent Relationship": "Inner", "Scan Direction": "Forward", "Index Name": "supplier_pkey", "Relation Name": "supplier", "Alias": "supplier", "Startup Cost": 0.0, "Total Cost": 0.27, "Plan Rows": 1, "Plan Width": 12, "Index Cond": "(s_suppkey = partsupp.ps_suppkey)"}]}, {"Node Type": "Index Scan", "Parent Relationship": "Inner", "Scan Direction": "Forward", "Index Name": "idx_lineitem_part_supp", "Relation Name": "lineitem", "Alias": "lineitem", "Startup Cost": 0.0, "Total Cost": 1.13, "Plan Rows": 1, "Plan Width": 48, "Index Cond": "((l_partkey = partsupp.ps_partkey) AND (l_suppkey = partsupp.ps_suppkey))"}]}, {"Node Type": "Index Scan", "Parent Relationship": "Inner", "Scan Direction": "Forward", "Index Name": "orders_pkey", "Relation Name": "orders", "Alias": "orders", "Startup Cost": 0.0, "Total Cost": 0.29, "Plan Rows": 1, "Plan Width": 16, "Index Cond": "(o_orderkey = lineitem.l_orderkey)"}]}, {"Node Type": "Index Scan", "Parent Relationship": "Inner", "Scan Direction": "Forward", "Index Name": "nation_pkey", "Relation Name": "nation", "Alias": "nation", "Startup Cost": 0.0, "Total Cost": 0.27, "Plan Rows": 1, "Plan Width": 30, "Index Cond": "(n_nationkey = supplier.s_nationkey)"}]}]}]}, "Unique SQL Id": 3628361425}, "explain_analyze_plan": {"Plan": {"Node Type": "Sort", "Startup Cost": 765428.04, "Total Cost": 765428.05, "Plan Rows": 1, "Plan Width": 74, "Actual Startup Time": 58395.452, "Actual Total Time": 58395.467, "Actual Rows": 175, "Actual Loops": 1, "Sort Key": ["nation.n_name", "(date_part('year'::text, orders.o_orderdate)) DESC"], "Sort Method": "quicksort", "Sort Space Used": 52, "Sort Space Type": "Memory", "Plans": [{"Node Type": "Aggregate", "Strategy": "Hashed", "Parent Relationship": "Outer", "Startup Cost": 765428.02, "Total Cost": 765428.03, "Plan Rows": 1, "Plan Width": 74, "Actual Startup Time": 58394.929, "Actual Total Time": 58395.005, "Actual Rows": 175, "Actual Loops": 1, "Group By Key": ["nation.n_name", "date_part('year'::text, orders.o_orderdate)"], "Plans": [{"Node Type": "Nested Loop", "Parent Relationship": "Outer", "Join Type": "Inner", "Startup Cost": 0.0, "Total Cost": 765428.0, "Plan Rows": 1, "Plan Width": 66, "Actual Startup Time": 0.121, "Actual Total Time": 54577.51, "Actual Rows": 3256948, "Actual Loops": 1, "Inner Unique": true, "Plans": [{"Node Type": "Nested Loop", "Parent Relationship": "Outer", "Join Type": "Inner", "Startup Cost": 0.0, "Total Cost": 765427.72, "Plan Rows": 1, "Plan Width": 44, "Actual Startup Time": 0.109, "Actual Total Time": 45803.245, "Actual Rows": 3256948, "Actual Loops": 1, "Inner Unique": true, "Plans": [{"Node Type": "Nested Loop", "Parent Relationship": "Outer", "Join Type": "Inner", "Startup Cost": 0.0, "Total Cost": 765427.42, "Plan Rows": 1, "Plan Width": 44, "Actual Startup Time": 0.094, "Actual Total Time": 17644.726, "Actual Rows": 3256948, "Actual Loops": 1, "Inner Unique": false, "Join Filter": "(supplier.s_suppkey = lineitem.l_suppkey)", "Rows Removed by Join Filter": 0, "Plans": [{"Node Type": "Nested Loop", "Parent Relationship": "Outer", "Join Type": "Inner", "Startup Cost": 0.0, "Total Cost": 621678.41, "Plan Rows": 125630, "Plan Width": 44, "Actual Startup Time": 0.075, "Actual Total Time": 5091.961, "Actual Rows": 434204, "Actual Loops": 1, "Inner Unique": true, "Plans": [{"Node Type": "Nested Loop", "Parent Relationship": "Outer", "Join Type": "Inner", "Startup Cost": 0.0, "Total Cost": 548625.29, "Plan Rows": 259666, "Plan Width": 32, "Actual Startup Time": 0.065, "Actual Total Time": 2924.145, "Actual Rows": 434204, "Actual Loops": 1, "Inner Unique": false, "Plans": [{"Node Type": "Index Scan", "Parent Relationship": "Outer", "Scan Direction": "Forward", "Index Name": "part_kpey", "Relation Name": "part", "Alias": "part", "Startup Cost": 0.0, "Total Cost": 105803.25, "Plan Rows": 89888, "Plan Width": 8, "Actual Startup Time": 0.046, "Actual Total Time": 1729.639, "Actual Rows": 108551, "Actual Loops": 1, "Filter": "((p_name)::text ~~ '%dim%'::text)", "Rows Removed by Filter": 1891449}, {"Node Type": "Index Scan", "Parent Relationship": "Inner", "Scan Direction": "Forward", "Index Name": "idx_partsupp_partkey", "Relation Name": "partsupp", "Alias": "partsupp", "Startup Cost": 0.0, "Total Cost": 4.9, "Plan Rows": 3, "Plan Width": 24, "Actual Startup Time": 683.661, "Actual Total Time": 996.456, "Actual Rows": 434204, "Actual Loops": 108551, "Index Cond": "(ps_partkey = part.p_partkey)", "Rows Removed by Index Recheck": 0}]}, {"Node Type": "Index Scan", "Parent Relationship": "Inner", "Scan Direction": "Forward", "Index Name": "supplier_pkey", "Relation Name": "supplier", "Alias": "supplier", "Startup Cost": 0.0, "Total Cost": 0.27, "Plan Rows": 1, "Plan Width": 12, "Actual Startup Time": 1712.756, "Actual Total Time": 1712.756, "Actual Rows": 434204, "Actual Loops": 434204, "Index Cond": "(s_suppkey = partsupp.ps_suppkey)", "Rows Removed by Index Recheck": 0}]}, {"Node Type": "Index Scan", "Parent Relationship": "Inner", "Scan Direction": "Forward", "Index Name": "idx_lineitem_part_supp", "Relation Name": "lineitem", "Alias": "lineitem", "Startup Cost": 0.0, "Total Cost": 1.13, "Plan Rows": 1, "Plan Width": 48, "Actual Startup Time": 3104.584, "Actual Total Time": 10887.226, "Actual Rows": 3256948, "Actual Loops": 434204, "Index Cond": "((l_partkey = partsupp.ps_partkey) AND (l_suppkey = partsupp.ps_suppkey))", "Rows Removed by Index Recheck": 0}]}, {"Node Type": "Index Scan", "Parent Relationship": "Inner", "Scan Direction": "Forward", "Index Name": "orders_pkey", "Relation Name": "orders", "Alias": "orders", "Startup Cost": 0.0, "Total Cost": 0.29, "Plan Rows": 1, "Plan Width": 16, "Actual Startup Time": 25362.028, "Actual Total Time": 25362.028, "Actual Rows": 3256948, "Actual Loops": 3256948, "Index Cond": "(o_orderkey = lineitem.l_orderkey)", "Rows Removed by Index Recheck": 0}]}, {"Node Type": "Index Scan", "Parent Relationship": "Inner", "Scan Direction": "Forward", "Index Name": "nation_pkey", "Relation Name": "nation", "Alias": "nation", "Startup Cost": 0.0, "Total Cost": 0.27, "Plan Rows": 1, "Plan Width": 30, "Actual Startup Time": 4676.452, "Actual Total Time": 4676.452, "Actual Rows": 3256948, "Actual Loops": 3256948, "Index Cond": "(n_nationkey = supplier.s_nationkey)", "Rows Removed by Index Recheck": 0}]}]}]}, "Triggers": [], "Planner Runtime": 11.195, "Total Runtime": 58395.845, "Unique SQL Id": 3628361425}}, "(64, 50)": {"explain_plan": {"Plan": {"Node Type": "Sort", "Startup Cost": 2094167.51, "Total Cost": 2094167.51, "Plan Rows": 1, "Plan Width": 74, "Sort Key": ["nation.n_name", "(date_part('year'::text, orders.o_orderdate)) DESC"], "Plans": [{"Node Type": "Aggregate", "Strategy": "Hashed", "Parent Relationship": "Outer", "Startup Cost": 2094167.48, "Total Cost": 2094167.5, "Plan Rows": 1, "Plan Width": 74, "Group By Key": ["nation.n_name", "date_part('year'::text, orders.o_orderdate)"], "Plans": [{"Node Type": "Nested Loop", "Parent Relationship": "Outer", "Join Type": "Inner", "Startup Cost": 2.3, "Total Cost": 2094167.47, "Plan Rows": 1, "Plan Width": 66, "Inner Unique": true, "Join Filter": "(supplier.s_nationkey = nation.n_nationkey)", "Plans": [{"Node Type": "Nested Loop", "Parent Relationship": "Outer", "Join Type": "Inner", "Startup Cost": 2.3, "Total Cost": 2094165.9, "Plan Rows": 1, "Plan Width": 44, "Inner Unique": true, "Plans": [{"Node Type": "Nested Loop", "Parent Relationship": "Outer", "Join Type": "Inner", "Startup Cost": 2.03, "Total Cost": 2094161.62, "Plan Rows": 1, "Plan Width": 44, "Inner Unique": false, "Join Filter": "(lineitem.l_suppkey = supplier.s_suppkey)", "Plans": [{"Node Type": "Seq Scan", "Parent Relationship": "Outer", "Relation Name": "supplier", "Alias": "supplier", "Startup Cost": 0.0, "Total Cost": 3283.0, "Plan Rows": 100000, "Plan Width": 12}, {"Node Type": "Materialize", "Parent Relationship": "Inner", "Startup Cost": 2.03, "Total Cost": 2087878.62, "Plan Rows": 2, "Plan Width": 56, "Plans": [{"Node Type": "Nested Loop", "Parent Relationship": "Outer", "Join Type": "Inner", "Startup Cost": 2.03, "Total Cost": 2087878.61, "Plan Rows": 2, "Plan Width": 56, "Inner Unique": false, "Plans": [{"Node Type": "Nested Loop", "Parent Relationship": "Outer", "Join Type": "Inner", "Startup Cost": 1.62, "Total Cost": 936419.45, "Plan Rows": 259666, "Plan Width": 32, "Inner Unique": false, "Plans": [{"Node Type": "Seq Scan", "Parent Relationship": "Outer", "Relation Name": "part", "Alias": "part", "Startup Cost": 0.0, "Total Cost": 66944.0, "Plan Rows": 89888, "Plan Width": 8, "Filter": "((p_name)::text ~~ '%dim%'::text)"}, {"Node Type": "Bitmap Heap Scan", "Parent Relationship": "Inner", "Relation Name": "partsupp", "Alias": "partsupp", "Startup Cost": 1.62, "Total Cost": 9.64, "Plan Rows": 3, "Plan Width": 24, "Recheck Cond": "(ps_partkey = part.p_partkey)", "Plans": [{"Node Type": "Bitmap Index Scan", "Parent Relationship": "Outer", "Index Name": "idx_partsupp_partkey", "Startup Cost": 0.0, "Total Cost": 1.62, "Plan Rows": 3, "Plan Width": 0, "Index Cond": "(ps_partkey = part.p_partkey)"}]}]}, {"Node Type": "Bitmap Heap Scan", "Parent Relationship": "Inner", "Relation Name": "lineitem", "Alias": "lineitem", "Startup Cost": 0.41, "Total Cost": 4.42, "Plan Rows": 1, "Plan Width": 48, "Recheck Cond": "((l_partkey = partsupp.ps_partkey) AND (l_suppkey = partsupp.ps_suppkey))", "Plans": [{"Node Type": "Bitmap Index Scan", "Parent Relationship": "Outer", "Index Name": "idx_lineitem_part_supp", "Startup Cost": 0.0, "Total Cost": 0.41, "Plan Rows": 1, "Plan Width": 0, "Index Cond": "((l_partkey = partsupp.ps_partkey) AND (l_suppkey = partsupp.ps_suppkey))"}]}]}]}]}, {"Node Type": "Bitmap Heap Scan", "Parent Relationship": "Inner", "Relation Name": "orders", "Alias": "orders", "Startup Cost": 0.26, "Total Cost": 4.27, "Plan Rows": 1, "Plan Width": 16, "Recheck Cond": "(o_orderkey = lineitem.l_orderkey)", "Plans": [{"Node Type": "Bitmap Index Scan", "Parent Relationship": "Outer", "Index Name": "orders_pkey", "Startup Cost": 0.0, "Total Cost": 0.26, "Plan Rows": 1, "Plan Width": 0, "Index Cond": "(o_orderkey = lineitem.l_orderkey)"}]}]}, {"Node Type": "Seq Scan", "Parent Relationship": "Inner", "Relation Name": "nation", "Alias": "nation", "Startup Cost": 0.0, "Total Cost": 1.25, "Plan Rows": 25, "Plan Width": 30}]}]}]}, "Unique SQL Id": 3628361425}, "explain_analyze_plan": null}, "(64, 51)": {"explain_plan": {"Plan": {"Node Type": "Sort", "Startup Cost": 1000008167021.57, "Total Cost": 1000008167021.58, "Plan Rows": 1, "Plan Width": 74, "Sort Key": ["nation.n_name", "(date_part('year'::text, orders.o_orderdate)) DESC"], "Plans": [{"Node Type": "Aggregate", "Strategy": "Hashed", "Parent Relationship": "Outer", "Startup Cost": 1000008167021.55, "Total Cost": 1000008167021.56, "Plan Rows": 1, "Plan Width": 74, "Group By Key": ["nation.n_name", "date_part('year'::text, orders.o_orderdate)"], "Plans": [{"Node Type": "Nested Loop", "Parent Relationship": "Outer", "Join Type": "Inner", "Startup Cost": 10000000002.75, "Total Cost": 1000008167021.53, "Plan Rows": 1, "Plan Width": 66, "Inner Unique": true, "Plans": [{"Node Type": "Nested Loop", "Parent Relationship": "Outer", "Join Type": "Inner", "Startup Cost": 10000000002.5, "Total Cost": 1000008167017.25, "Plan Rows": 1, "Plan Width": 44, "Inner Unique": true, "Plans": [{"Node Type": "Nested Loop", "Parent Relationship": "Outer", "Join Type": "Inner", "Startup Cost": 10000000002.24, "Total Cost": 1000008167012.96, "Plan Rows": 1, "Plan Width": 44, "Inner Unique": true, "Join Filter": "(partsupp.ps_partkey = part.p_partkey)", "Plans": [{"Node Type": "Nested Loop", "Parent Relationship": "Outer", "Join Type": "Inner", "Startup Cost": 10000000001.98, "Total Cost": 1000008166987.25, "Plan Rows": 6, "Plan Width": 60, "Inner Unique": false, "Join Filter": "(supplier.s_suppkey = lineitem.l_suppkey)", "Plans": [{"Node Type": "Nested Loop", "Parent Relationship": "Outer", "Join Type": "Inner", "Startup Cost": 10000000001.57, "Total Cost": 1000002201599.04, "Plan Rows": 1344499, "Plan Width": 36, "Inner Unique": false, "Plans": [{"Node Type": "Index Scan", "Parent Relationship": "Outer", "Scan Direction": "Forward", "Index Name": "idx_supplier_nation_key", "Relation Name": "supplier", "Alias": "supplier", "Startup Cost": 10000000000.0, "Total Cost": 1000001217556.78, "Plan Rows": 100000, "Plan Width": 12}, {"Node Type": "Bitmap Heap Scan", "Parent Relationship": "Inner", "Relation Name": "partsupp", "Alias": "partsupp", "Startup Cost": 1.57, "Total Cost": 9.71, "Plan Rows": 13, "Plan Width": 24, "Recheck Cond": "(ps_suppkey = supplier.s_suppkey)", "Plans": [{"Node Type": "Bitmap Index Scan", "Parent Relationship": "Outer", "Index Name": "idx_partsupp_suppkey", "Startup Cost": 0.0, "Total Cost": 1.56, "Plan Rows": 13, "Plan Width": 0, "Index Cond": "(ps_suppkey = supplier.s_suppkey)"}]}]}, {"Node Type": "Bitmap Heap Scan", "Parent Relationship": "Inner", "Relation Name": "lineitem", "Alias": "lineitem", "Startup Cost": 0.41, "Total Cost": 4.42, "Plan Rows": 1, "Plan Width": 48, "Recheck Cond": "((l_partkey = partsupp.ps_partkey) AND (l_suppkey = partsupp.ps_suppkey))", "Plans": [{"Node Type": "Bitmap Index Scan", "Parent Relationship": "Outer", "Index Name": "idx_lineitem_part_supp", "Startup Cost": 0.0, "Total Cost": 0.41, "Plan Rows": 1, "Plan Width": 0, "Index Cond": "((l_partkey = partsupp.ps_partkey) AND (l_suppkey = partsupp.ps_suppkey))"}]}]}, {"Node Type": "Bitmap Heap Scan", "Parent Relationship": "Inner", "Relation Name": "part", "Alias": "part", "Startup Cost": 0.26, "Total Cost": 4.27, "Plan Rows": 1, "Plan Width": 8, "Recheck Cond": "(p_partkey = lineitem.l_partkey)", "Filter": "((p_name)::text ~~ '%dim%'::text)", "Plans": [{"Node Type": "Bitmap Index Scan", "Parent Relationship": "Outer", "Index Name": "part_kpey", "Startup Cost": 0.0, "Total Cost": 0.26, "Plan Rows": 1, "Plan Width": 0, "Index Cond": "(p_partkey = lineitem.l_partkey)"}]}]}, {"Node Type": "Bitmap Heap Scan", "Parent Relationship": "Inner", "Relation Name": "orders", "Alias": "orders", "Startup Cost": 0.26, "Total Cost": 4.27, "Plan Rows": 1, "Plan Width": 16, "Recheck Cond": "(o_orderkey = lineitem.l_orderkey)", "Plans": [{"Node Type": "Bitmap Index Scan", "Parent Relationship": "Outer", "Index Name": "orders_pkey", "Startup Cost": 0.0, "Total Cost": 0.26, "Plan Rows": 1, "Plan Width": 0, "Index Cond": "(o_orderkey = lineitem.l_orderkey)"}]}]}, {"Node Type": "Bitmap Heap Scan", "Parent Relationship": "Inner", "Relation Name": "nation", "Alias": "nation", "Startup Cost": 0.26, "Total Cost": 4.27, "Plan Rows": 1, "Plan Width": 30, "Recheck Cond": "(n_nationkey = supplier.s_nationkey)", "Plans": [{"Node Type": "Bitmap Index Scan", "Parent Relationship": "Outer", "Index Name": "nation_pkey", "Startup Cost": 0.0, "Total Cost": 0.26, "Plan Rows": 1, "Plan Width": 0, "Index Cond": "(n_nationkey = supplier.s_nationkey)"}]}]}]}]}, "Unique SQL Id": 3628361425}, "explain_analyze_plan": null}, "(64, 52)": {"explain_plan": {"Plan": {"Node Type": "Sort", "Startup Cost": 726568.79, "Total Cost": 726568.8, "Plan Rows": 1, "Plan Width": 74, "Sort Key": ["nation.n_name", "(date_part('year'::text, orders.o_orderdate)) DESC"], "Plans": [{"Node Type": "Aggregate", "Strategy": "Hashed", "Parent Relationship": "Outer", "Startup Cost": 726568.77, "Total Cost": 726568.78, "Plan Rows": 1, "Plan Width": 74, "Group By Key": ["nation.n_name", "date_part('year'::text, orders.o_orderdate)"], "Plans": [{"Node Type": "Nested Loop", "Parent Relationship": "Outer", "Join Type": "Inner", "Startup Cost": 0.0, "Total Cost": 726568.75, "Plan Rows": 1, "Plan Width": 66, "Inner Unique": true, "Plans": [{"Node Type": "Nested Loop", "Parent Relationship": "Outer", "Join Type": "Inner", "Startup Cost": 0.0, "Total Cost": 726568.47, "Plan Rows": 1, "Plan Width": 44, "Inner Unique": true, "Plans": [{"Node Type": "Nested Loop", "Parent Relationship": "Outer", "Join Type": "Inner", "Startup Cost": 0.0, "Total Cost": 726568.17, "Plan Rows": 1, "Plan Width": 44, "Inner Unique": false, "Join Filter": "(supplier.s_suppkey = lineitem.l_suppkey)", "Plans": [{"Node Type": "Nested Loop", "Parent Relationship": "Outer", "Join Type": "Inner", "Startup Cost": 0.0, "Total Cost": 582819.16, "Plan Rows": 125630, "Plan Width": 44, "Inner Unique": true, "Plans": [{"Node Type": "Nested Loop", "Parent Relationship": "Outer", "Join Type": "Inner", "Startup Cost": 0.0, "Total Cost": 509766.04, "Plan Rows": 259666, "Plan Width": 32, "Inner Unique": false, "Plans": [{"Node Type": "Seq Scan", "Parent Relationship": "Outer", "Relation Name": "part", "Alias": "part", "Startup Cost": 0.0, "Total Cost": 66944.0, "Plan Rows": 89888, "Plan Width": 8, "Filter": "((p_name)::text ~~ '%dim%'::text)"}, {"Node Type": "Index Scan", "Parent Relationship": "Inner", "Scan Direction": "Forward", "Index Name": "idx_partsupp_partkey", "Relation Name": "partsupp", "Alias": "partsupp", "Startup Cost": 0.0, "Total Cost": 4.9, "Plan Rows": 3, "Plan Width": 24, "Index Cond": "(ps_partkey = part.p_partkey)"}]}, {"Node Type": "Index Scan", "Parent Relationship": "Inner", "Scan Direction": "Forward", "Index Name": "supplier_pkey", "Relation Name": "supplier", "Alias": "supplier", "Startup Cost": 0.0, "Total Cost": 0.27, "Plan Rows": 1, "Plan Width": 12, "Index Cond": "(s_suppkey = partsupp.ps_suppkey)"}]}, {"Node Type": "Index Scan", "Parent Relationship": "Inner", "Scan Direction": "Forward", "Index Name": "idx_lineitem_part_supp", "Relation Name": "lineitem", "Alias": "lineitem", "Startup Cost": 0.0, "Total Cost": 1.13, "Plan Rows": 1, "Plan Width": 48, "Index Cond": "((l_partkey = partsupp.ps_partkey) AND (l_suppkey = partsupp.ps_suppkey))"}]}, {"Node Type": "Index Scan", "Parent Relationship": "Inner", "Scan Direction": "Forward", "Index Name": "orders_pkey", "Relation Name": "orders", "Alias": "orders", "Startup Cost": 0.0, "Total Cost": 0.29, "Plan Rows": 1, "Plan Width": 16, "Index Cond": "(o_orderkey = lineitem.l_orderkey)"}]}, {"Node Type": "Index Scan", "Parent Relationship": "Inner", "Scan Direction": "Forward", "Index Name": "nation_pkey", "Relation Name": "nation", "Alias": "nation", "Startup Cost": 0.0, "Total Cost": 0.27, "Plan Rows": 1, "Plan Width": 30, "Index Cond": "(n_nationkey = supplier.s_nationkey)"}]}]}]}, "Unique SQL Id": 3628361425}, "explain_analyze_plan": {"Plan": {"Node Type": "Sort", "Startup Cost": 726568.79, "Total Cost": 726568.8, "Plan Rows": 1, "Plan Width": 74, "Actual Startup Time": 57913.139, "Actual Total Time": 57913.153, "Actual Rows": 175, "Actual Loops": 1, "Sort Key": ["nation.n_name", "(date_part('year'::text, orders.o_orderdate)) DESC"], "Sort Method": "quicksort", "Sort Space Used": 52, "Sort Space Type": "Memory", "Plans": [{"Node Type": "Aggregate", "Strategy": "Hashed", "Parent Relationship": "Outer", "Startup Cost": 726568.77, "Total Cost": 726568.78, "Plan Rows": 1, "Plan Width": 74, "Actual Startup Time": 57912.734, "Actual Total Time": 57912.77, "Actual Rows": 175, "Actual Loops": 1, "Group By Key": ["nation.n_name", "date_part('year'::text, orders.o_orderdate)"], "Plans": [{"Node Type": "Nested Loop", "Parent Relationship": "Outer", "Join Type": "Inner", "Startup Cost": 0.0, "Total Cost": 726568.75, "Plan Rows": 1, "Plan Width": 66, "Actual Startup Time": 0.142, "Actual Total Time": 54049.193, "Actual Rows": 3256948, "Actual Loops": 1, "Inner Unique": true, "Plans": [{"Node Type": "Nested Loop", "Parent Relationship": "Outer", "Join Type": "Inner", "Startup Cost": 0.0, "Total Cost": 726568.47, "Plan Rows": 1, "Plan Width": 44, "Actual Startup Time": 0.123, "Actual Total Time": 45240.991, "Actual Rows": 3256948, "Actual Loops": 1, "Inner Unique": true, "Plans": [{"Node Type": "Nested Loop", "Parent Relationship": "Outer", "Join Type": "Inner", "Startup Cost": 0.0, "Total Cost": 726568.17, "Plan Rows": 1, "Plan Width": 44, "Actual Startup Time": 0.101, "Actual Total Time": 17055.772, "Actual Rows": 3256948, "Actual Loops": 1, "Inner Unique": false, "Join Filter": "(supplier.s_suppkey = lineitem.l_suppkey)", "Rows Removed by Join Filter": 0, "Plans": [{"Node Type": "Nested Loop", "Parent Relationship": "Outer", "Join Type": "Inner", "Startup Cost": 0.0, "Total Cost": 582819.16, "Plan Rows": 125630, "Plan Width": 44, "Actual Startup Time": 0.078, "Actual Total Time": 4465.702, "Actual Rows": 434204, "Actual Loops": 1, "Inner Unique": true, "Plans": [{"Node Type": "Nested Loop", "Parent Relationship": "Outer", "Join Type": "Inner", "Startup Cost": 0.0, "Total Cost": 509766.04, "Plan Rows": 259666, "Plan Width": 32, "Actual Startup Time": 0.064, "Actual Total Time": 2321.534, "Actual Rows": 434204, "Actual Loops": 1, "Inner Unique": false, "Plans": [{"Node Type": "Seq Scan", "Parent Relationship": "Outer", "Relation Name": "part", "Alias": "part", "Startup Cost": 0.0, "Total Cost": 66944.0, "Plan Rows": 89888, "Plan Width": 8, "Actual Startup Time": 0.031, "Actual Total Time": 1115.217, "Actual Rows": 108551, "Actual Loops": 1, "Filter": "((p_name)::text ~~ '%dim%'::text)", "Rows Removed by Filter": 1891449}, {"Node Type": "Index Scan", "Parent Relationship": "Inner", "Scan Direction": "Forward", "Index Name": "idx_partsupp_partkey", "Relation Name": "partsupp", "Alias": "partsupp", "Startup Cost": 0.0, "Total Cost": 4.9, "Plan Rows": 3, "Plan Width": 24, "Actual Startup Time": 682.745, "Actual Total Time": 993.204, "Actual Rows": 434204, "Actual Loops": 108551, "Index Cond": "(ps_partkey = part.p_partkey)", "Rows Removed by Index Recheck": 0}]}, {"Node Type": "Index Scan", "Parent Relationship": "Inner", "Scan Direction": "Forward", "Index Name": "supplier_pkey", "Relation Name": "supplier", "Alias": "supplier", "Startup Cost": 0.0, "Total Cost": 0.27, "Plan Rows": 1, "Plan Width": 12, "Actual Startup Time": 1695.991, "Actual Total Time": 1695.991, "Actual Rows": 434204, "Actual Loops": 434204, "Index Cond": "(s_suppkey = partsupp.ps_suppkey)", "Rows Removed by Index Recheck": 0}]}, {"Node Type": "Index Scan", "Parent Relationship": "Inner", "Scan Direction": "Forward", "Index Name": "idx_lineitem_part_supp", "Relation Name": "lineitem", "Alias": "lineitem", "Startup Cost": 0.0, "Total Cost": 1.13, "Plan Rows": 1, "Plan Width": 48, "Actual Startup Time": 3114.159, "Actual Total Time": 10916.615, "Actual Rows": 3256948, "Actual Loops": 434204, "Index Cond": "((l_partkey = partsupp.ps_partkey) AND (l_suppkey = partsupp.ps_suppkey))", "Rows Removed by Index Recheck": 0}]}, {"Node Type": "Index Scan", "Parent Relationship": "Inner", "Scan Direction": "Forward", "Index Name": "orders_pkey", "Relation Name": "orders", "Alias": "orders", "Startup Cost": 0.0, "Total Cost": 0.29, "Plan Rows": 1, "Plan Width": 16, "Actual Startup Time": 25380.628, "Actual Total Time": 25380.628, "Actual Rows": 3256948, "Actual Loops": 3256948, "Index Cond": "(o_orderkey = lineitem.l_orderkey)", "Rows Removed by Index Recheck": 0}]}, {"Node Type": "Index Scan", "Parent Relationship": "Inner", "Scan Direction": "Forward", "Index Name": "nation_pkey", "Relation Name": "nation", "Alias": "nation", "Startup Cost": 0.0, "Total Cost": 0.27, "Plan Rows": 1, "Plan Width": 30, "Actual Startup Time": 4700.981, "Actual Total Time": 4700.981, "Actual Rows": 3256948, "Actual Loops": 3256948, "Index Cond": "(n_nationkey = supplier.s_nationkey)", "Rows Removed by Index Recheck": 0}]}]}]}, "Triggers": [], "Planner Runtime": 11.567, "Total Runtime": 57913.477, "Unique SQL Id": 3628361425}}, "(64, 53)": {"explain_plan": {"Plan": {"Node Type": "Sort", "Startup Cost": 765428.04, "Total Cost": 765428.05, "Plan Rows": 1, "Plan Width": 74, "Sort Key": ["nation.n_name", "(date_part('year'::text, orders.o_orderdate)) DESC"], "Plans": [{"Node Type": "Aggregate", "Strategy": "Hashed", "Parent Relationship": "Outer", "Startup Cost": 765428.02, "Total Cost": 765428.03, "Plan Rows": 1, "Plan Width": 74, "Group By Key": ["nation.n_name", "date_part('year'::text, orders.o_orderdate)"], "Plans": [{"Node Type": "Nested Loop", "Parent Relationship": "Outer", "Join Type": "Inner", "Startup Cost": 0.0, "Total Cost": 765428.0, "Plan Rows": 1, "Plan Width": 66, "Inner Unique": true, "Plans": [{"Node Type": "Nested Loop", "Parent Relationship": "Outer", "Join Type": "Inner", "Startup Cost": 0.0, "Total Cost": 765427.72, "Plan Rows": 1, "Plan Width": 44, "Inner Unique": true, "Plans": [{"Node Type": "Nested Loop", "Parent Relationship": "Outer", "Join Type": "Inner", "Startup Cost": 0.0, "Total Cost": 765427.42, "Plan Rows": 1, "Plan Width": 44, "Inner Unique": false, "Join Filter": "(supplier.s_suppkey = lineitem.l_suppkey)", "Plans": [{"Node Type": "Nested Loop", "Parent Relationship": "Outer", "Join Type": "Inner", "Startup Cost": 0.0, "Total Cost": 621678.41, "Plan Rows": 125630, "Plan Width": 44, "Inner Unique": true, "Plans": [{"Node Type": "Nested Loop", "Parent Relationship": "Outer", "Join Type": "Inner", "Startup Cost": 0.0, "Total Cost": 548625.29, "Plan Rows": 259666, "Plan Width": 32, "Inner Unique": false, "Plans": [{"Node Type": "Index Scan", "Parent Relationship": "Outer", "Scan Direction": "Forward", "Index Name": "part_kpey", "Relation Name": "part", "Alias": "part", "Startup Cost": 0.0, "Total Cost": 105803.25, "Plan Rows": 89888, "Plan Width": 8, "Filter": "((p_name)::text ~~ '%dim%'::text)"}, {"Node Type": "Index Scan", "Parent Relationship": "Inner", "Scan Direction": "Forward", "Index Name": "idx_partsupp_partkey", "Relation Name": "partsupp", "Alias": "partsupp", "Startup Cost": 0.0, "Total Cost": 4.9, "Plan Rows": 3, "Plan Width": 24, "Index Cond": "(ps_partkey = part.p_partkey)"}]}, {"Node Type": "Index Scan", "Parent Relationship": "Inner", "Scan Direction": "Forward", "Index Name": "supplier_pkey", "Relation Name": "supplier", "Alias": "supplier", "Startup Cost": 0.0, "Total Cost": 0.27, "Plan Rows": 1, "Plan Width": 12, "Index Cond": "(s_suppkey = partsupp.ps_suppkey)"}]}, {"Node Type": "Index Scan", "Parent Relationship": "Inner", "Scan Direction": "Forward", "Index Name": "idx_lineitem_part_supp", "Relation Name": "lineitem", "Alias": "lineitem", "Startup Cost": 0.0, "Total Cost": 1.13, "Plan Rows": 1, "Plan Width": 48, "Index Cond": "((l_partkey = partsupp.ps_partkey) AND (l_suppkey = partsupp.ps_suppkey))"}]}, {"Node Type": "Index Scan", "Parent Relationship": "Inner", "Scan Direction": "Forward", "Index Name": "orders_pkey", "Relation Name": "orders", "Alias": "orders", "Startup Cost": 0.0, "Total Cost": 0.29, "Plan Rows": 1, "Plan Width": 16, "Index Cond": "(o_orderkey = lineitem.l_orderkey)"}]}, {"Node Type": "Index Scan", "Parent Relationship": "Inner", "Scan Direction": "Forward", "Index Name": "nation_pkey", "Relation Name": "nation", "Alias": "nation", "Startup Cost": 0.0, "Total Cost": 0.27, "Plan Rows": 1, "Plan Width": 30, "Index Cond": "(n_nationkey = supplier.s_nationkey)"}]}]}]}, "Unique SQL Id": 3628361425}, "explain_analyze_plan": {"Plan": {"Node Type": "Sort", "Startup Cost": 765428.04, "Total Cost": 765428.05, "Plan Rows": 1, "Plan Width": 74, "Actual Startup Time": 58395.452, "Actual Total Time": 58395.467, "Actual Rows": 175, "Actual Loops": 1, "Sort Key": ["nation.n_name", "(date_part('year'::text, orders.o_orderdate)) DESC"], "Sort Method": "quicksort", "Sort Space Used": 52, "Sort Space Type": "Memory", "Plans": [{"Node Type": "Aggregate", "Strategy": "Hashed", "Parent Relationship": "Outer", "Startup Cost": 765428.02, "Total Cost": 765428.03, "Plan Rows": 1, "Plan Width": 74, "Actual Startup Time": 58394.929, "Actual Total Time": 58395.005, "Actual Rows": 175, "Actual Loops": 1, "Group By Key": ["nation.n_name", "date_part('year'::text, orders.o_orderdate)"], "Plans": [{"Node Type": "Nested Loop", "Parent Relationship": "Outer", "Join Type": "Inner", "Startup Cost": 0.0, "Total Cost": 765428.0, "Plan Rows": 1, "Plan Width": 66, "Actual Startup Time": 0.121, "Actual Total Time": 54577.51, "Actual Rows": 3256948, "Actual Loops": 1, "Inner Unique": true, "Plans": [{"Node Type": "Nested Loop", "Parent Relationship": "Outer", "Join Type": "Inner", "Startup Cost": 0.0, "Total Cost": 765427.72, "Plan Rows": 1, "Plan Width": 44, "Actual Startup Time": 0.109, "Actual Total Time": 45803.245, "Actual Rows": 3256948, "Actual Loops": 1, "Inner Unique": true, "Plans": [{"Node Type": "Nested Loop", "Parent Relationship": "Outer", "Join Type": "Inner", "Startup Cost": 0.0, "Total Cost": 765427.42, "Plan Rows": 1, "Plan Width": 44, "Actual Startup Time": 0.094, "Actual Total Time": 17644.726, "Actual Rows": 3256948, "Actual Loops": 1, "Inner Unique": false, "Join Filter": "(supplier.s_suppkey = lineitem.l_suppkey)", "Rows Removed by Join Filter": 0, "Plans": [{"Node Type": "Nested Loop", "Parent Relationship": "Outer", "Join Type": "Inner", "Startup Cost": 0.0, "Total Cost": 621678.41, "Plan Rows": 125630, "Plan Width": 44, "Actual Startup Time": 0.075, "Actual Total Time": 5091.961, "Actual Rows": 434204, "Actual Loops": 1, "Inner Unique": true, "Plans": [{"Node Type": "Nested Loop", "Parent Relationship": "Outer", "Join Type": "Inner", "Startup Cost": 0.0, "Total Cost": 548625.29, "Plan Rows": 259666, "Plan Width": 32, "Actual Startup Time": 0.065, "Actual Total Time": 2924.145, "Actual Rows": 434204, "Actual Loops": 1, "Inner Unique": false, "Plans": [{"Node Type": "Index Scan", "Parent Relationship": "Outer", "Scan Direction": "Forward", "Index Name": "part_kpey", "Relation Name": "part", "Alias": "part", "Startup Cost": 0.0, "Total Cost": 105803.25, "Plan Rows": 89888, "Plan Width": 8, "Actual Startup Time": 0.046, "Actual Total Time": 1729.639, "Actual Rows": 108551, "Actual Loops": 1, "Filter": "((p_name)::text ~~ '%dim%'::text)", "Rows Removed by Filter": 1891449}, {"Node Type": "Index Scan", "Parent Relationship": "Inner", "Scan Direction": "Forward", "Index Name": "idx_partsupp_partkey", "Relation Name": "partsupp", "Alias": "partsupp", "Startup Cost": 0.0, "Total Cost": 4.9, "Plan Rows": 3, "Plan Width": 24, "Actual Startup Time": 683.661, "Actual Total Time": 996.456, "Actual Rows": 434204, "Actual Loops": 108551, "Index Cond": "(ps_partkey = part.p_partkey)", "Rows Removed by Index Recheck": 0}]}, {"Node Type": "Index Scan", "Parent Relationship": "Inner", "Scan Direction": "Forward", "Index Name": "supplier_pkey", "Relation Name": "supplier", "Alias": "supplier", "Startup Cost": 0.0, "Total Cost": 0.27, "Plan Rows": 1, "Plan Width": 12, "Actual Startup Time": 1712.756, "Actual Total Time": 1712.756, "Actual Rows": 434204, "Actual Loops": 434204, "Index Cond": "(s_suppkey = partsupp.ps_suppkey)", "Rows Removed by Index Recheck": 0}]}, {"Node Type": "Index Scan", "Parent Relationship": "Inner", "Scan Direction": "Forward", "Index Name": "idx_lineitem_part_supp", "Relation Name": "lineitem", "Alias": "lineitem", "Startup Cost": 0.0, "Total Cost": 1.13, "Plan Rows": 1, "Plan Width": 48, "Actual Startup Time": 3104.584, "Actual Total Time": 10887.226, "Actual Rows": 3256948, "Actual Loops": 434204, "Index Cond": "((l_partkey = partsupp.ps_partkey) AND (l_suppkey = partsupp.ps_suppkey))", "Rows Removed by Index Recheck": 0}]}, {"Node Type": "Index Scan", "Parent Relationship": "Inner", "Scan Direction": "Forward", "Index Name": "orders_pkey", "Relation Name": "orders", "Alias": "orders", "Startup Cost": 0.0, "Total Cost": 0.29, "Plan Rows": 1, "Plan Width": 16, "Actual Startup Time": 25362.028, "Actual Total Time": 25362.028, "Actual Rows": 3256948, "Actual Loops": 3256948, "Index Cond": "(o_orderkey = lineitem.l_orderkey)", "Rows Removed by Index Recheck": 0}]}, {"Node Type": "Index Scan", "Parent Relationship": "Inner", "Scan Direction": "Forward", "Index Name": "nation_pkey", "Relation Name": "nation", "Alias": "nation", "Startup Cost": 0.0, "Total Cost": 0.27, "Plan Rows": 1, "Plan Width": 30, "Actual Startup Time": 4676.452, "Actual Total Time": 4676.452, "Actual Rows": 3256948, "Actual Loops": 3256948, "Index Cond": "(n_nationkey = supplier.s_nationkey)", "Rows Removed by Index Recheck": 0}]}]}]}, "Triggers": [], "Planner Runtime": 11.195, "Total Runtime": 58395.845, "Unique SQL Id": 3628361425}}, "(64, 54)": {"explain_plan": {"Plan": {"Node Type": "Sort", "Startup Cost": 2094167.51, "Total Cost": 2094167.51, "Plan Rows": 1, "Plan Width": 74, "Sort Key": ["nation.n_name", "(date_part('year'::text, orders.o_orderdate)) DESC"], "Plans": [{"Node Type": "Aggregate", "Strategy": "Hashed", "Parent Relationship": "Outer", "Startup Cost": 2094167.48, "Total Cost": 2094167.5, "Plan Rows": 1, "Plan Width": 74, "Group By Key": ["nation.n_name", "date_part('year'::text, orders.o_orderdate)"], "Plans": [{"Node Type": "Nested Loop", "Parent Relationship": "Outer", "Join Type": "Inner", "Startup Cost": 2.3, "Total Cost": 2094167.47, "Plan Rows": 1, "Plan Width": 66, "Inner Unique": true, "Join Filter": "(supplier.s_nationkey = nation.n_nationkey)", "Plans": [{"Node Type": "Nested Loop", "Parent Relationship": "Outer", "Join Type": "Inner", "Startup Cost": 2.3, "Total Cost": 2094165.9, "Plan Rows": 1, "Plan Width": 44, "Inner Unique": true, "Plans": [{"Node Type": "Nested Loop", "Parent Relationship": "Outer", "Join Type": "Inner", "Startup Cost": 2.03, "Total Cost": 2094161.62, "Plan Rows": 1, "Plan Width": 44, "Inner Unique": false, "Join Filter": "(lineitem.l_suppkey = supplier.s_suppkey)", "Plans": [{"Node Type": "Seq Scan", "Parent Relationship": "Outer", "Relation Name": "supplier", "Alias": "supplier", "Startup Cost": 0.0, "Total Cost": 3283.0, "Plan Rows": 100000, "Plan Width": 12}, {"Node Type": "Materialize", "Parent Relationship": "Inner", "Startup Cost": 2.03, "Total Cost": 2087878.62, "Plan Rows": 2, "Plan Width": 56, "Plans": [{"Node Type": "Nested Loop", "Parent Relationship": "Outer", "Join Type": "Inner", "Startup Cost": 2.03, "Total Cost": 2087878.61, "Plan Rows": 2, "Plan Width": 56, "Inner Unique": false, "Plans": [{"Node Type": "Nested Loop", "Parent Relationship": "Outer", "Join Type": "Inner", "Startup Cost": 1.62, "Total Cost": 936419.45, "Plan Rows": 259666, "Plan Width": 32, "Inner Unique": false, "Plans": [{"Node Type": "Seq Scan", "Parent Relationship": "Outer", "Relation Name": "part", "Alias": "part", "Startup Cost": 0.0, "Total Cost": 66944.0, "Plan Rows": 89888, "Plan Width": 8, "Filter": "((p_name)::text ~~ '%dim%'::text)"}, {"Node Type": "Bitmap Heap Scan", "Parent Relationship": "Inner", "Relation Name": "partsupp", "Alias": "partsupp", "Startup Cost": 1.62, "Total Cost": 9.64, "Plan Rows": 3, "Plan Width": 24, "Recheck Cond": "(ps_partkey = part.p_partkey)", "Plans": [{"Node Type": "Bitmap Index Scan", "Parent Relationship": "Outer", "Index Name": "idx_partsupp_partkey", "Startup Cost": 0.0, "Total Cost": 1.62, "Plan Rows": 3, "Plan Width": 0, "Index Cond": "(ps_partkey = part.p_partkey)"}]}]}, {"Node Type": "Bitmap Heap Scan", "Parent Relationship": "Inner", "Relation Name": "lineitem", "Alias": "lineitem", "Startup Cost": 0.41, "Total Cost": 4.42, "Plan Rows": 1, "Plan Width": 48, "Recheck Cond": "((l_partkey = partsupp.ps_partkey) AND (l_suppkey = partsupp.ps_suppkey))", "Plans": [{"Node Type": "Bitmap Index Scan", "Parent Relationship": "Outer", "Index Name": "idx_lineitem_part_supp", "Startup Cost": 0.0, "Total Cost": 0.41, "Plan Rows": 1, "Plan Width": 0, "Index Cond": "((l_partkey = partsupp.ps_partkey) AND (l_suppkey = partsupp.ps_suppkey))"}]}]}]}]}, {"Node Type": "Bitmap Heap Scan", "Parent Relationship": "Inner", "Relation Name": "orders", "Alias": "orders", "Startup Cost": 0.26, "Total Cost": 4.27, "Plan Rows": 1, "Plan Width": 16, "Recheck Cond": "(o_orderkey = lineitem.l_orderkey)", "Plans": [{"Node Type": "Bitmap Index Scan", "Parent Relationship": "Outer", "Index Name": "orders_pkey", "Startup Cost": 0.0, "Total Cost": 0.26, "Plan Rows": 1, "Plan Width": 0, "Index Cond": "(o_orderkey = lineitem.l_orderkey)"}]}]}, {"Node Type": "Seq Scan", "Parent Relationship": "Inner", "Relation Name": "nation", "Alias": "nation", "Startup Cost": 0.0, "Total Cost": 1.25, "Plan Rows": 25, "Plan Width": 30}]}]}]}, "Unique SQL Id": 3628361425}, "explain_analyze_plan": null}, "(64, 55)": {"explain_plan": {"Plan": {"Node Type": "Sort", "Startup Cost": 1000008167021.57, "Total Cost": 1000008167021.58, "Plan Rows": 1, "Plan Width": 74, "Sort Key": ["nation.n_name", "(date_part('year'::text, orders.o_orderdate)) DESC"], "Plans": [{"Node Type": "Aggregate", "Strategy": "Hashed", "Parent Relationship": "Outer", "Startup Cost": 1000008167021.55, "Total Cost": 1000008167021.56, "Plan Rows": 1, "Plan Width": 74, "Group By Key": ["nation.n_name", "date_part('year'::text, orders.o_orderdate)"], "Plans": [{"Node Type": "Nested Loop", "Parent Relationship": "Outer", "Join Type": "Inner", "Startup Cost": 10000000002.75, "Total Cost": 1000008167021.53, "Plan Rows": 1, "Plan Width": 66, "Inner Unique": true, "Plans": [{"Node Type": "Nested Loop", "Parent Relationship": "Outer", "Join Type": "Inner", "Startup Cost": 10000000002.5, "Total Cost": 1000008167017.25, "Plan Rows": 1, "Plan Width": 44, "Inner Unique": true, "Plans": [{"Node Type": "Nested Loop", "Parent Relationship": "Outer", "Join Type": "Inner", "Startup Cost": 10000000002.24, "Total Cost": 1000008167012.96, "Plan Rows": 1, "Plan Width": 44, "Inner Unique": true, "Join Filter": "(partsupp.ps_partkey = part.p_partkey)", "Plans": [{"Node Type": "Nested Loop", "Parent Relationship": "Outer", "Join Type": "Inner", "Startup Cost": 10000000001.98, "Total Cost": 1000008166987.25, "Plan Rows": 6, "Plan Width": 60, "Inner Unique": false, "Join Filter": "(supplier.s_suppkey = lineitem.l_suppkey)", "Plans": [{"Node Type": "Nested Loop", "Parent Relationship": "Outer", "Join Type": "Inner", "Startup Cost": 10000000001.57, "Total Cost": 1000002201599.04, "Plan Rows": 1344499, "Plan Width": 36, "Inner Unique": false, "Plans": [{"Node Type": "Index Scan", "Parent Relationship": "Outer", "Scan Direction": "Forward", "Index Name": "idx_supplier_nation_key", "Relation Name": "supplier", "Alias": "supplier", "Startup Cost": 10000000000.0, "Total Cost": 1000001217556.78, "Plan Rows": 100000, "Plan Width": 12}, {"Node Type": "Bitmap Heap Scan", "Parent Relationship": "Inner", "Relation Name": "partsupp", "Alias": "partsupp", "Startup Cost": 1.57, "Total Cost": 9.71, "Plan Rows": 13, "Plan Width": 24, "Recheck Cond": "(ps_suppkey = supplier.s_suppkey)", "Plans": [{"Node Type": "Bitmap Index Scan", "Parent Relationship": "Outer", "Index Name": "idx_partsupp_suppkey", "Startup Cost": 0.0, "Total Cost": 1.56, "Plan Rows": 13, "Plan Width": 0, "Index Cond": "(ps_suppkey = supplier.s_suppkey)"}]}]}, {"Node Type": "Bitmap Heap Scan", "Parent Relationship": "Inner", "Relation Name": "lineitem", "Alias": "lineitem", "Startup Cost": 0.41, "Total Cost": 4.42, "Plan Rows": 1, "Plan Width": 48, "Recheck Cond": "((l_partkey = partsupp.ps_partkey) AND (l_suppkey = partsupp.ps_suppkey))", "Plans": [{"Node Type": "Bitmap Index Scan", "Parent Relationship": "Outer", "Index Name": "idx_lineitem_part_supp", "Startup Cost": 0.0, "Total Cost": 0.41, "Plan Rows": 1, "Plan Width": 0, "Index Cond": "((l_partkey = partsupp.ps_partkey) AND (l_suppkey = partsupp.ps_suppkey))"}]}]}, {"Node Type": "Bitmap Heap Scan", "Parent Relationship": "Inner", "Relation Name": "part", "Alias": "part", "Startup Cost": 0.26, "Total Cost": 4.27, "Plan Rows": 1, "Plan Width": 8, "Recheck Cond": "(p_partkey = lineitem.l_partkey)", "Filter": "((p_name)::text ~~ '%dim%'::text)", "Plans": [{"Node Type": "Bitmap Index Scan", "Parent Relationship": "Outer", "Index Name": "part_kpey", "Startup Cost": 0.0, "Total Cost": 0.26, "Plan Rows": 1, "Plan Width": 0, "Index Cond": "(p_partkey = lineitem.l_partkey)"}]}]}, {"Node Type": "Bitmap Heap Scan", "Parent Relationship": "Inner", "Relation Name": "orders", "Alias": "orders", "Startup Cost": 0.26, "Total Cost": 4.27, "Plan Rows": 1, "Plan Width": 16, "Recheck Cond": "(o_orderkey = lineitem.l_orderkey)", "Plans": [{"Node Type": "Bitmap Index Scan", "Parent Relationship": "Outer", "Index Name": "orders_pkey", "Startup Cost": 0.0, "Total Cost": 0.26, "Plan Rows": 1, "Plan Width": 0, "Index Cond": "(o_orderkey = lineitem.l_orderkey)"}]}]}, {"Node Type": "Bitmap Heap Scan", "Parent Relationship": "Inner", "Relation Name": "nation", "Alias": "nation", "Startup Cost": 0.26, "Total Cost": 4.27, "Plan Rows": 1, "Plan Width": 30, "Recheck Cond": "(n_nationkey = supplier.s_nationkey)", "Plans": [{"Node Type": "Bitmap Index Scan", "Parent Relationship": "Outer", "Index Name": "nation_pkey", "Startup Cost": 0.0, "Total Cost": 0.26, "Plan Rows": 1, "Plan Width": 0, "Index Cond": "(n_nationkey = supplier.s_nationkey)"}]}]}]}]}, "Unique SQL Id": 3628361425}, "explain_analyze_plan": null}, "(64, 56)": {"explain_plan": {"Plan": {"Node Type": "Sort", "Startup Cost": 726568.79, "Total Cost": 726568.8, "Plan Rows": 1, "Plan Width": 74, "Sort Key": ["nation.n_name", "(date_part('year'::text, orders.o_orderdate)) DESC"], "Plans": [{"Node Type": "Aggregate", "Strategy": "Hashed", "Parent Relationship": "Outer", "Startup Cost": 726568.77, "Total Cost": 726568.78, "Plan Rows": 1, "Plan Width": 74, "Group By Key": ["nation.n_name", "date_part('year'::text, orders.o_orderdate)"], "Plans": [{"Node Type": "Nested Loop", "Parent Relationship": "Outer", "Join Type": "Inner", "Startup Cost": 0.0, "Total Cost": 726568.75, "Plan Rows": 1, "Plan Width": 66, "Inner Unique": true, "Plans": [{"Node Type": "Nested Loop", "Parent Relationship": "Outer", "Join Type": "Inner", "Startup Cost": 0.0, "Total Cost": 726568.47, "Plan Rows": 1, "Plan Width": 44, "Inner Unique": true, "Plans": [{"Node Type": "Nested Loop", "Parent Relationship": "Outer", "Join Type": "Inner", "Startup Cost": 0.0, "Total Cost": 726568.17, "Plan Rows": 1, "Plan Width": 44, "Inner Unique": false, "Join Filter": "(supplier.s_suppkey = lineitem.l_suppkey)", "Plans": [{"Node Type": "Nested Loop", "Parent Relationship": "Outer", "Join Type": "Inner", "Startup Cost": 0.0, "Total Cost": 582819.16, "Plan Rows": 125630, "Plan Width": 44, "Inner Unique": true, "Plans": [{"Node Type": "Nested Loop", "Parent Relationship": "Outer", "Join Type": "Inner", "Startup Cost": 0.0, "Total Cost": 509766.04, "Plan Rows": 259666, "Plan Width": 32, "Inner Unique": false, "Plans": [{"Node Type": "Seq Scan", "Parent Relationship": "Outer", "Relation Name": "part", "Alias": "part", "Startup Cost": 0.0, "Total Cost": 66944.0, "Plan Rows": 89888, "Plan Width": 8, "Filter": "((p_name)::text ~~ '%dim%'::text)"}, {"Node Type": "Index Scan", "Parent Relationship": "Inner", "Scan Direction": "Forward", "Index Name": "idx_partsupp_partkey", "Relation Name": "partsupp", "Alias": "partsupp", "Startup Cost": 0.0, "Total Cost": 4.9, "Plan Rows": 3, "Plan Width": 24, "Index Cond": "(ps_partkey = part.p_partkey)"}]}, {"Node Type": "Index Scan", "Parent Relationship": "Inner", "Scan Direction": "Forward", "Index Name": "supplier_pkey", "Relation Name": "supplier", "Alias": "supplier", "Startup Cost": 0.0, "Total Cost": 0.27, "Plan Rows": 1, "Plan Width": 12, "Index Cond": "(s_suppkey = partsupp.ps_suppkey)"}]}, {"Node Type": "Index Scan", "Parent Relationship": "Inner", "Scan Direction": "Forward", "Index Name": "idx_lineitem_part_supp", "Relation Name": "lineitem", "Alias": "lineitem", "Startup Cost": 0.0, "Total Cost": 1.13, "Plan Rows": 1, "Plan Width": 48, "Index Cond": "((l_partkey = partsupp.ps_partkey) AND (l_suppkey = partsupp.ps_suppkey))"}]}, {"Node Type": "Index Scan", "Parent Relationship": "Inner", "Scan Direction": "Forward", "Index Name": "orders_pkey", "Relation Name": "orders", "Alias": "orders", "Startup Cost": 0.0, "Total Cost": 0.29, "Plan Rows": 1, "Plan Width": 16, "Index Cond": "(o_orderkey = lineitem.l_orderkey)"}]}, {"Node Type": "Index Scan", "Parent Relationship": "Inner", "Scan Direction": "Forward", "Index Name": "nation_pkey", "Relation Name": "nation", "Alias": "nation", "Startup Cost": 0.0, "Total Cost": 0.27, "Plan Rows": 1, "Plan Width": 30, "Index Cond": "(n_nationkey = supplier.s_nationkey)"}]}]}]}, "Unique SQL Id": 3628361425}, "explain_analyze_plan": {"Plan": {"Node Type": "Sort", "Startup Cost": 726568.79, "Total Cost": 726568.8, "Plan Rows": 1, "Plan Width": 74, "Actual Startup Time": 57913.139, "Actual Total Time": 57913.153, "Actual Rows": 175, "Actual Loops": 1, "Sort Key": ["nation.n_name", "(date_part('year'::text, orders.o_orderdate)) DESC"], "Sort Method": "quicksort", "Sort Space Used": 52, "Sort Space Type": "Memory", "Plans": [{"Node Type": "Aggregate", "Strategy": "Hashed", "Parent Relationship": "Outer", "Startup Cost": 726568.77, "Total Cost": 726568.78, "Plan Rows": 1, "Plan Width": 74, "Actual Startup Time": 57912.734, "Actual Total Time": 57912.77, "Actual Rows": 175, "Actual Loops": 1, "Group By Key": ["nation.n_name", "date_part('year'::text, orders.o_orderdate)"], "Plans": [{"Node Type": "Nested Loop", "Parent Relationship": "Outer", "Join Type": "Inner", "Startup Cost": 0.0, "Total Cost": 726568.75, "Plan Rows": 1, "Plan Width": 66, "Actual Startup Time": 0.142, "Actual Total Time": 54049.193, "Actual Rows": 3256948, "Actual Loops": 1, "Inner Unique": true, "Plans": [{"Node Type": "Nested Loop", "Parent Relationship": "Outer", "Join Type": "Inner", "Startup Cost": 0.0, "Total Cost": 726568.47, "Plan Rows": 1, "Plan Width": 44, "Actual Startup Time": 0.123, "Actual Total Time": 45240.991, "Actual Rows": 3256948, "Actual Loops": 1, "Inner Unique": true, "Plans": [{"Node Type": "Nested Loop", "Parent Relationship": "Outer", "Join Type": "Inner", "Startup Cost": 0.0, "Total Cost": 726568.17, "Plan Rows": 1, "Plan Width": 44, "Actual Startup Time": 0.101, "Actual Total Time": 17055.772, "Actual Rows": 3256948, "Actual Loops": 1, "Inner Unique": false, "Join Filter": "(supplier.s_suppkey = lineitem.l_suppkey)", "Rows Removed by Join Filter": 0, "Plans": [{"Node Type": "Nested Loop", "Parent Relationship": "Outer", "Join Type": "Inner", "Startup Cost": 0.0, "Total Cost": 582819.16, "Plan Rows": 125630, "Plan Width": 44, "Actual Startup Time": 0.078, "Actual Total Time": 4465.702, "Actual Rows": 434204, "Actual Loops": 1, "Inner Unique": true, "Plans": [{"Node Type": "Nested Loop", "Parent Relationship": "Outer", "Join Type": "Inner", "Startup Cost": 0.0, "Total Cost": 509766.04, "Plan Rows": 259666, "Plan Width": 32, "Actual Startup Time": 0.064, "Actual Total Time": 2321.534, "Actual Rows": 434204, "Actual Loops": 1, "Inner Unique": false, "Plans": [{"Node Type": "Seq Scan", "Parent Relationship": "Outer", "Relation Name": "part", "Alias": "part", "Startup Cost": 0.0, "Total Cost": 66944.0, "Plan Rows": 89888, "Plan Width": 8, "Actual Startup Time": 0.031, "Actual Total Time": 1115.217, "Actual Rows": 108551, "Actual Loops": 1, "Filter": "((p_name)::text ~~ '%dim%'::text)", "Rows Removed by Filter": 1891449}, {"Node Type": "Index Scan", "Parent Relationship": "Inner", "Scan Direction": "Forward", "Index Name": "idx_partsupp_partkey", "Relation Name": "partsupp", "Alias": "partsupp", "Startup Cost": 0.0, "Total Cost": 4.9, "Plan Rows": 3, "Plan Width": 24, "Actual Startup Time": 682.745, "Actual Total Time": 993.204, "Actual Rows": 434204, "Actual Loops": 108551, "Index Cond": "(ps_partkey = part.p_partkey)", "Rows Removed by Index Recheck": 0}]}, {"Node Type": "Index Scan", "Parent Relationship": "Inner", "Scan Direction": "Forward", "Index Name": "supplier_pkey", "Relation Name": "supplier", "Alias": "supplier", "Startup Cost": 0.0, "Total Cost": 0.27, "Plan Rows": 1, "Plan Width": 12, "Actual Startup Time": 1695.991, "Actual Total Time": 1695.991, "Actual Rows": 434204, "Actual Loops": 434204, "Index Cond": "(s_suppkey = partsupp.ps_suppkey)", "Rows Removed by Index Recheck": 0}]}, {"Node Type": "Index Scan", "Parent Relationship": "Inner", "Scan Direction": "Forward", "Index Name": "idx_lineitem_part_supp", "Relation Name": "lineitem", "Alias": "lineitem", "Startup Cost": 0.0, "Total Cost": 1.13, "Plan Rows": 1, "Plan Width": 48, "Actual Startup Time": 3114.159, "Actual Total Time": 10916.615, "Actual Rows": 3256948, "Actual Loops": 434204, "Index Cond": "((l_partkey = partsupp.ps_partkey) AND (l_suppkey = partsupp.ps_suppkey))", "Rows Removed by Index Recheck": 0}]}, {"Node Type": "Index Scan", "Parent Relationship": "Inner", "Scan Direction": "Forward", "Index Name": "orders_pkey", "Relation Name": "orders", "Alias": "orders", "Startup Cost": 0.0, "Total Cost": 0.29, "Plan Rows": 1, "Plan Width": 16, "Actual Startup Time": 25380.628, "Actual Total Time": 25380.628, "Actual Rows": 3256948, "Actual Loops": 3256948, "Index Cond": "(o_orderkey = lineitem.l_orderkey)", "Rows Removed by Index Recheck": 0}]}, {"Node Type": "Index Scan", "Parent Relationship": "Inner", "Scan Direction": "Forward", "Index Name": "nation_pkey", "Relation Name": "nation", "Alias": "nation", "Startup Cost": 0.0, "Total Cost": 0.27, "Plan Rows": 1, "Plan Width": 30, "Actual Startup Time": 4700.981, "Actual Total Time": 4700.981, "Actual Rows": 3256948, "Actual Loops": 3256948, "Index Cond": "(n_nationkey = supplier.s_nationkey)", "Rows Removed by Index Recheck": 0}]}]}]}, "Triggers": [], "Planner Runtime": 11.567, "Total Runtime": 57913.477, "Unique SQL Id": 3628361425}}, "(64, 57)": {"explain_plan": {"Plan": {"Node Type": "Sort", "Startup Cost": 765428.04, "Total Cost": 765428.05, "Plan Rows": 1, "Plan Width": 74, "Sort Key": ["nation.n_name", "(date_part('year'::text, orders.o_orderdate)) DESC"], "Plans": [{"Node Type": "Aggregate", "Strategy": "Hashed", "Parent Relationship": "Outer", "Startup Cost": 765428.02, "Total Cost": 765428.03, "Plan Rows": 1, "Plan Width": 74, "Group By Key": ["nation.n_name", "date_part('year'::text, orders.o_orderdate)"], "Plans": [{"Node Type": "Nested Loop", "Parent Relationship": "Outer", "Join Type": "Inner", "Startup Cost": 0.0, "Total Cost": 765428.0, "Plan Rows": 1, "Plan Width": 66, "Inner Unique": true, "Plans": [{"Node Type": "Nested Loop", "Parent Relationship": "Outer", "Join Type": "Inner", "Startup Cost": 0.0, "Total Cost": 765427.72, "Plan Rows": 1, "Plan Width": 44, "Inner Unique": true, "Plans": [{"Node Type": "Nested Loop", "Parent Relationship": "Outer", "Join Type": "Inner", "Startup Cost": 0.0, "Total Cost": 765427.42, "Plan Rows": 1, "Plan Width": 44, "Inner Unique": false, "Join Filter": "(supplier.s_suppkey = lineitem.l_suppkey)", "Plans": [{"Node Type": "Nested Loop", "Parent Relationship": "Outer", "Join Type": "Inner", "Startup Cost": 0.0, "Total Cost": 621678.41, "Plan Rows": 125630, "Plan Width": 44, "Inner Unique": true, "Plans": [{"Node Type": "Nested Loop", "Parent Relationship": "Outer", "Join Type": "Inner", "Startup Cost": 0.0, "Total Cost": 548625.29, "Plan Rows": 259666, "Plan Width": 32, "Inner Unique": false, "Plans": [{"Node Type": "Index Scan", "Parent Relationship": "Outer", "Scan Direction": "Forward", "Index Name": "part_kpey", "Relation Name": "part", "Alias": "part", "Startup Cost": 0.0, "Total Cost": 105803.25, "Plan Rows": 89888, "Plan Width": 8, "Filter": "((p_name)::text ~~ '%dim%'::text)"}, {"Node Type": "Index Scan", "Parent Relationship": "Inner", "Scan Direction": "Forward", "Index Name": "idx_partsupp_partkey", "Relation Name": "partsupp", "Alias": "partsupp", "Startup Cost": 0.0, "Total Cost": 4.9, "Plan Rows": 3, "Plan Width": 24, "Index Cond": "(ps_partkey = part.p_partkey)"}]}, {"Node Type": "Index Scan", "Parent Relationship": "Inner", "Scan Direction": "Forward", "Index Name": "supplier_pkey", "Relation Name": "supplier", "Alias": "supplier", "Startup Cost": 0.0, "Total Cost": 0.27, "Plan Rows": 1, "Plan Width": 12, "Index Cond": "(s_suppkey = partsupp.ps_suppkey)"}]}, {"Node Type": "Index Scan", "Parent Relationship": "Inner", "Scan Direction": "Forward", "Index Name": "idx_lineitem_part_supp", "Relation Name": "lineitem", "Alias": "lineitem", "Startup Cost": 0.0, "Total Cost": 1.13, "Plan Rows": 1, "Plan Width": 48, "Index Cond": "((l_partkey = partsupp.ps_partkey) AND (l_suppkey = partsupp.ps_suppkey))"}]}, {"Node Type": "Index Scan", "Parent Relationship": "Inner", "Scan Direction": "Forward", "Index Name": "orders_pkey", "Relation Name": "orders", "Alias": "orders", "Startup Cost": 0.0, "Total Cost": 0.29, "Plan Rows": 1, "Plan Width": 16, "Index Cond": "(o_orderkey = lineitem.l_orderkey)"}]}, {"Node Type": "Index Scan", "Parent Relationship": "Inner", "Scan Direction": "Forward", "Index Name": "nation_pkey", "Relation Name": "nation", "Alias": "nation", "Startup Cost": 0.0, "Total Cost": 0.27, "Plan Rows": 1, "Plan Width": 30, "Index Cond": "(n_nationkey = supplier.s_nationkey)"}]}]}]}, "Unique SQL Id": 3628361425}, "explain_analyze_plan": {"Plan": {"Node Type": "Sort", "Startup Cost": 765428.04, "Total Cost": 765428.05, "Plan Rows": 1, "Plan Width": 74, "Actual Startup Time": 58395.452, "Actual Total Time": 58395.467, "Actual Rows": 175, "Actual Loops": 1, "Sort Key": ["nation.n_name", "(date_part('year'::text, orders.o_orderdate)) DESC"], "Sort Method": "quicksort", "Sort Space Used": 52, "Sort Space Type": "Memory", "Plans": [{"Node Type": "Aggregate", "Strategy": "Hashed", "Parent Relationship": "Outer", "Startup Cost": 765428.02, "Total Cost": 765428.03, "Plan Rows": 1, "Plan Width": 74, "Actual Startup Time": 58394.929, "Actual Total Time": 58395.005, "Actual Rows": 175, "Actual Loops": 1, "Group By Key": ["nation.n_name", "date_part('year'::text, orders.o_orderdate)"], "Plans": [{"Node Type": "Nested Loop", "Parent Relationship": "Outer", "Join Type": "Inner", "Startup Cost": 0.0, "Total Cost": 765428.0, "Plan Rows": 1, "Plan Width": 66, "Actual Startup Time": 0.121, "Actual Total Time": 54577.51, "Actual Rows": 3256948, "Actual Loops": 1, "Inner Unique": true, "Plans": [{"Node Type": "Nested Loop", "Parent Relationship": "Outer", "Join Type": "Inner", "Startup Cost": 0.0, "Total Cost": 765427.72, "Plan Rows": 1, "Plan Width": 44, "Actual Startup Time": 0.109, "Actual Total Time": 45803.245, "Actual Rows": 3256948, "Actual Loops": 1, "Inner Unique": true, "Plans": [{"Node Type": "Nested Loop", "Parent Relationship": "Outer", "Join Type": "Inner", "Startup Cost": 0.0, "Total Cost": 765427.42, "Plan Rows": 1, "Plan Width": 44, "Actual Startup Time": 0.094, "Actual Total Time": 17644.726, "Actual Rows": 3256948, "Actual Loops": 1, "Inner Unique": false, "Join Filter": "(supplier.s_suppkey = lineitem.l_suppkey)", "Rows Removed by Join Filter": 0, "Plans": [{"Node Type": "Nested Loop", "Parent Relationship": "Outer", "Join Type": "Inner", "Startup Cost": 0.0, "Total Cost": 621678.41, "Plan Rows": 125630, "Plan Width": 44, "Actual Startup Time": 0.075, "Actual Total Time": 5091.961, "Actual Rows": 434204, "Actual Loops": 1, "Inner Unique": true, "Plans": [{"Node Type": "Nested Loop", "Parent Relationship": "Outer", "Join Type": "Inner", "Startup Cost": 0.0, "Total Cost": 548625.29, "Plan Rows": 259666, "Plan Width": 32, "Actual Startup Time": 0.065, "Actual Total Time": 2924.145, "Actual Rows": 434204, "Actual Loops": 1, "Inner Unique": false, "Plans": [{"Node Type": "Index Scan", "Parent Relationship": "Outer", "Scan Direction": "Forward", "Index Name": "part_kpey", "Relation Name": "part", "Alias": "part", "Startup Cost": 0.0, "Total Cost": 105803.25, "Plan Rows": 89888, "Plan Width": 8, "Actual Startup Time": 0.046, "Actual Total Time": 1729.639, "Actual Rows": 108551, "Actual Loops": 1, "Filter": "((p_name)::text ~~ '%dim%'::text)", "Rows Removed by Filter": 1891449}, {"Node Type": "Index Scan", "Parent Relationship": "Inner", "Scan Direction": "Forward", "Index Name": "idx_partsupp_partkey", "Relation Name": "partsupp", "Alias": "partsupp", "Startup Cost": 0.0, "Total Cost": 4.9, "Plan Rows": 3, "Plan Width": 24, "Actual Startup Time": 683.661, "Actual Total Time": 996.456, "Actual Rows": 434204, "Actual Loops": 108551, "Index Cond": "(ps_partkey = part.p_partkey)", "Rows Removed by Index Recheck": 0}]}, {"Node Type": "Index Scan", "Parent Relationship": "Inner", "Scan Direction": "Forward", "Index Name": "supplier_pkey", "Relation Name": "supplier", "Alias": "supplier", "Startup Cost": 0.0, "Total Cost": 0.27, "Plan Rows": 1, "Plan Width": 12, "Actual Startup Time": 1712.756, "Actual Total Time": 1712.756, "Actual Rows": 434204, "Actual Loops": 434204, "Index Cond": "(s_suppkey = partsupp.ps_suppkey)", "Rows Removed by Index Recheck": 0}]}, {"Node Type": "Index Scan", "Parent Relationship": "Inner", "Scan Direction": "Forward", "Index Name": "idx_lineitem_part_supp", "Relation Name": "lineitem", "Alias": "lineitem", "Startup Cost": 0.0, "Total Cost": 1.13, "Plan Rows": 1, "Plan Width": 48, "Actual Startup Time": 3104.584, "Actual Total Time": 10887.226, "Actual Rows": 3256948, "Actual Loops": 434204, "Index Cond": "((l_partkey = partsupp.ps_partkey) AND (l_suppkey = partsupp.ps_suppkey))", "Rows Removed by Index Recheck": 0}]}, {"Node Type": "Index Scan", "Parent Relationship": "Inner", "Scan Direction": "Forward", "Index Name": "orders_pkey", "Relation Name": "orders", "Alias": "orders", "Startup Cost": 0.0, "Total Cost": 0.29, "Plan Rows": 1, "Plan Width": 16, "Actual Startup Time": 25362.028, "Actual Total Time": 25362.028, "Actual Rows": 3256948, "Actual Loops": 3256948, "Index Cond": "(o_orderkey = lineitem.l_orderkey)", "Rows Removed by Index Recheck": 0}]}, {"Node Type": "Index Scan", "Parent Relationship": "Inner", "Scan Direction": "Forward", "Index Name": "nation_pkey", "Relation Name": "nation", "Alias": "nation", "Startup Cost": 0.0, "Total Cost": 0.27, "Plan Rows": 1, "Plan Width": 30, "Actual Startup Time": 4676.452, "Actual Total Time": 4676.452, "Actual Rows": 3256948, "Actual Loops": 3256948, "Index Cond": "(n_nationkey = supplier.s_nationkey)", "Rows Removed by Index Recheck": 0}]}]}]}, "Triggers": [], "Planner Runtime": 11.195, "Total Runtime": 58395.845, "Unique SQL Id": 3628361425}}, "(64, 58)": {"explain_plan": {"Plan": {"Node Type": "Sort", "Startup Cost": 98266689006.74, "Total Cost": 98266689006.74, "Plan Rows": 1, "Plan Width": 74, "Sort Key": ["nation.n_name", "(date_part('year'::text, orders.o_orderdate)) DESC"], "Plans": [{"Node Type": "Aggregate", "Strategy": "Hashed", "Parent Relationship": "Outer", "Startup Cost": 98266689006.72, "Total Cost": 98266689006.73, "Plan Rows": 1, "Plan Width": 74, "Group By Key": ["nation.n_name", "date_part('year'::text, orders.o_orderdate)"], "Plans": [{"Node Type": "Nested Loop", "Parent Relationship": "Outer", "Join Type": "Inner", "Startup Cost": 0.0, "Total Cost": 98266689006.7, "Plan Rows": 1, "Plan Width": 66, "Inner Unique": true, "Join Filter": "(supplier.s_nationkey = nation.n_nationkey)", "Plans": [{"Node Type": "Nested Loop", "Parent Relationship": "Outer", "Join Type": "Inner", "Startup Cost": 0.0, "Total Cost": 98266689005.13, "Plan Rows": 1, "Plan Width": 44, "Inner Unique": true, "Join Filter": "(lineitem.l_orderkey = orders.o_orderkey)", "Plans": [{"Node Type": "Nested Loop", "Parent Relationship": "Outer", "Join Type": "Inner", "Startup Cost": 0.0, "Total Cost": 98266075097.86, "Plan Rows": 1, "Plan Width": 44, "Inner Unique": false, "Join Filter": "((lineitem.l_suppkey = partsupp.ps_suppkey) AND (lineitem.l_partkey = partsupp.ps_partkey))", "Plans": [{"Node Type": "Seq Scan", "Parent Relationship": "Outer", "Relation Name": "partsupp", "Alias": "partsupp", "Startup Cost": 0.0, "Total Cost": 269987.72, "Plan Rows": 8000372, "Plan Width": 24}, {"Node Type": "Materialize", "Parent Relationship": "Inner", "Startup Cost": 0.0, "Total Cost": 81627151745.82, "Plan Rows": 118842, "Plan Width": 68, "Plans": [{"Node Type": "Nested Loop", "Parent Relationship": "Outer", "Join Type": "Inner", "Startup Cost": 0.0, "Total Cost": 81627151151.61, "Plan Rows": 118842, "Plan Width": 68, "Inner Unique": true, "Join Filter": "(lineitem.l_suppkey = supplier.s_suppkey), (LLVM Optimized)", "Plans": [{"Node Type": "Nested Loop", "Parent Relationship": "Outer", "Join Type": "Inner", "Startup Cost": 0.0, "Total Cost": 80883798618.61, "Plan Rows": 495566, "Plan Width": 56, "Inner Unique": true, "Join Filter": "(part.p_partkey = lineitem.l_partkey), (LLVM Optimized)", "Plans": [{"Node Type": "Seq Scan", "Parent Relationship": "Outer", "Relation Name": "lineitem", "Alias": "lineitem", "Startup Cost": 0.0, "Total Cost": 2015115.33, "Plan Rows": 59987033, "Plan Width": 48}, {"Node Type": "Materialize", "Parent Relationship": "Inner", "Startup Cost": 0.0, "Total Cost": 67393.44, "Plan Rows": 89888, "Plan Width": 8, "Plans": [{"Node Type": "Seq Scan", "Parent Relationship": "Outer", "Relation Name": "part", "Alias": "part", "Startup Cost": 0.0, "Total Cost": 66944.0, "Plan Rows": 89888, "Plan Width": 8, "Filter": "((p_name)::text ~~ '%dim%'::text)"}]}]}, {"Node Type": "Materialize", "Parent Relationship": "Inner", "Startup Cost": 0.0, "Total Cost": 3783.0, "Plan Rows": 100000, "Plan Width": 12, "Plans": [{"Node Type": "Seq Scan", "Parent Relationship": "Outer", "Relation Name": "supplier", "Alias": "supplier", "Startup Cost": 0.0, "Total Cost": 3283.0, "Plan Rows": 100000, "Plan Width": 12}]}]}]}]}, {"Node Type": "Seq Scan", "Parent Relationship": "Inner", "Relation Name": "orders", "Alias": "orders", "Startup Cost": 0.0, "Total Cost": 426413.79, "Plan Rows": 14999479, "Plan Width": 16}]}, {"Node Type": "Seq Scan", "Parent Relationship": "Inner", "Relation Name": "nation", "Alias": "nation", "Startup Cost": 0.0, "Total Cost": 1.25, "Plan Rows": 25, "Plan Width": 30}]}]}]}, "Unique SQL Id": 3628361425}, "explain_analyze_plan": null}, "(64, 59)": {"explain_plan": {"Plan": {"Node Type": "Sort", "Startup Cost": 6098670509645.03, "Total Cost": 6098670509645.03, "Plan Rows": 1, "Plan Width": 74, "Sort Key": ["nation.n_name", "(date_part('year'::text, orders.o_orderdate)) DESC"], "Plans": [{"Node Type": "Aggregate", "Strategy": "Hashed", "Parent Relationship": "Outer", "Startup Cost": 6098670509645.0, "Total Cost": 6098670509645.02, "Plan Rows": 1, "Plan Width": 74, "Group By Key": ["nation.n_name", "date_part('year'::text, orders.o_orderdate)"], "Plans": [{"Node Type": "Nested Loop", "Parent Relationship": "Outer", "Join Type": "Inner", "Startup Cost": 60000000000.0, "Total Cost": 6098670509644.99, "Plan Rows": 1, "Plan Width": 66, "Inner Unique": true, "Plans": [{"Node Type": "Nested Loop", "Parent Relationship": "Outer", "Join Type": "Inner", "Startup Cost": 50000000000.0, "Total Cost": 5098670509615.75, "Plan Rows": 1, "Plan Width": 66, "Inner Unique": true, "Plans": [{"Node Type": "Nested Loop", "Parent Relationship": "Outer", "Join Type": "Inner", "Startup Cost": 40000000000.0, "Total Cost": 4098670509588.73, "Plan Rows": 1, "Plan Width": 44, "Inner Unique": true, "Join Filter": "((lineitem.l_suppkey = partsupp.ps_suppkey) AND (lineitem.l_partkey = partsupp.ps_partkey))", "Plans": [{"Node Type": "Nested Loop", "Parent Relationship": "Outer", "Join Type": "Inner", "Startup Cost": 30000000000.0, "Total Cost": 3081960194963.16, "Plan Rows": 118842, "Plan Width": 68, "Inner Unique": true, "Join Filter": "(lineitem.l_suppkey = supplier.s_suppkey), (LLVM Optimized)", "Plans": [{"Node Type": "Nested Loop", "Parent Relationship": "Outer", "Join Type": "Inner", "Startup Cost": 20000000000.0, "Total Cost": 2081216312258.78, "Plan Rows": 495566, "Plan Width": 56, "Inner Unique": true, "Join Filter": "(part.p_partkey = lineitem.l_partkey), (LLVM Optimized)", "Plans": [{"Node Type": "Index Scan", "Parent Relationship": "Outer", "Scan Direction": "Forward", "Index Name": "idx_lineitem_orderkey", "Relation Name": "lineitem", "Alias": "lineitem", "Startup Cost": 10000000000.0, "Total Cost": 1000324015374.5, "Plan Rows": 59987033, "Plan Width": 48}, {"Node Type": "Materialize", "Parent Relationship": "Inner", "Startup Cost": 10000000000.0, "Total Cost": 1000010580774.44, "Plan Rows": 89888, "Plan Width": 8, "Plans": [{"Node Type": "Index Scan", "Parent Relationship": "Outer", "Scan Direction": "Forward", "Index Name": "part_kpey", "Relation Name": "part", "Alias": "part", "Startup Cost": 10000000000.0, "Total Cost": 1000010580325.0, "Plan Rows": 89888, "Plan Width": 8, "Filter": "((p_name)::text ~~ '%dim%'::text)"}]}]}, {"Node Type": "Materialize", "Parent Relationship": "Inner", "Startup Cost": 10000000000.0, "Total Cost": 1000000533954.38, "Plan Rows": 100000, "Plan Width": 12, "Plans": [{"Node Type": "Index Scan", "Parent Relationship": "Outer", "Scan Direction": "Forward", "Index Name": "supplier_pkey", "Relation Name": "supplier", "Alias": "supplier", "Startup Cost": 10000000000.0, "Total Cost": 1000000533454.38, "Plan Rows": 100000, "Plan Width": 12}]}]}, {"Node Type": "Materialize", "Parent Relationship": "Inner", "Startup Cost": 10000000000.0, "Total Cost": 1000071680965.08, "Plan Rows": 8000372, "Plan Width": 24, "Plans": [{"Node Type": "Index Scan", "Parent Relationship": "Outer", "Scan Direction": "Forward", "Index Name": "partsupp_pkey", "Relation Name": "partsupp", "Alias": "partsupp", "Startup Cost": 10000000000.0, "Total Cost": 1000071640963.22, "Plan Rows": 8000372, "Plan Width": 24}]}]}, {"Node Type": "Index Scan", "Parent Relationship": "Inner", "Scan Direction": "Forward", "Index Name": "nation_pkey", "Relation Name": "nation", "Alias": "nation", "Startup Cost": 10000000000.0, "Total Cost": 1000000000027.01, "Plan Rows": 1, "Plan Width": 30, "Index Cond": "(n_nationkey = supplier.s_nationkey)"}]}, {"Node Type": "Index Scan", "Parent Relationship": "Inner", "Scan Direction": "Forward", "Index Name": "orders_pkey", "Relation Name": "orders", "Alias": "orders", "Startup Cost": 10000000000.0, "Total Cost": 1000000000029.23, "Plan Rows": 1, "Plan Width": 16, "Index Cond": "(o_orderkey = lineitem.l_orderkey)"}]}]}]}, "Unique SQL Id": 3628361425}, "explain_analyze_plan": null}, "(64, 60)": {"explain_plan": {"Plan": {"Node Type": "Sort", "Startup Cost": 726568.79, "Total Cost": 726568.8, "Plan Rows": 1, "Plan Width": 74, "Sort Key": ["nation.n_name", "(date_part('year'::text, orders.o_orderdate)) DESC"], "Plans": [{"Node Type": "Aggregate", "Strategy": "Hashed", "Parent Relationship": "Outer", "Startup Cost": 726568.77, "Total Cost": 726568.78, "Plan Rows": 1, "Plan Width": 74, "Group By Key": ["nation.n_name", "date_part('year'::text, orders.o_orderdate)"], "Plans": [{"Node Type": "Nested Loop", "Parent Relationship": "Outer", "Join Type": "Inner", "Startup Cost": 0.0, "Total Cost": 726568.75, "Plan Rows": 1, "Plan Width": 66, "Inner Unique": true, "Plans": [{"Node Type": "Nested Loop", "Parent Relationship": "Outer", "Join Type": "Inner", "Startup Cost": 0.0, "Total Cost": 726568.47, "Plan Rows": 1, "Plan Width": 44, "Inner Unique": true, "Plans": [{"Node Type": "Nested Loop", "Parent Relationship": "Outer", "Join Type": "Inner", "Startup Cost": 0.0, "Total Cost": 726568.17, "Plan Rows": 1, "Plan Width": 44, "Inner Unique": false, "Join Filter": "(supplier.s_suppkey = lineitem.l_suppkey)", "Plans": [{"Node Type": "Nested Loop", "Parent Relationship": "Outer", "Join Type": "Inner", "Startup Cost": 0.0, "Total Cost": 582819.16, "Plan Rows": 125630, "Plan Width": 44, "Inner Unique": true, "Plans": [{"Node Type": "Nested Loop", "Parent Relationship": "Outer", "Join Type": "Inner", "Startup Cost": 0.0, "Total Cost": 509766.04, "Plan Rows": 259666, "Plan Width": 32, "Inner Unique": false, "Plans": [{"Node Type": "Seq Scan", "Parent Relationship": "Outer", "Relation Name": "part", "Alias": "part", "Startup Cost": 0.0, "Total Cost": 66944.0, "Plan Rows": 89888, "Plan Width": 8, "Filter": "((p_name)::text ~~ '%dim%'::text)"}, {"Node Type": "Index Scan", "Parent Relationship": "Inner", "Scan Direction": "Forward", "Index Name": "idx_partsupp_partkey", "Relation Name": "partsupp", "Alias": "partsupp", "Startup Cost": 0.0, "Total Cost": 4.9, "Plan Rows": 3, "Plan Width": 24, "Index Cond": "(ps_partkey = part.p_partkey)"}]}, {"Node Type": "Index Scan", "Parent Relationship": "Inner", "Scan Direction": "Forward", "Index Name": "supplier_pkey", "Relation Name": "supplier", "Alias": "supplier", "Startup Cost": 0.0, "Total Cost": 0.27, "Plan Rows": 1, "Plan Width": 12, "Index Cond": "(s_suppkey = partsupp.ps_suppkey)"}]}, {"Node Type": "Index Scan", "Parent Relationship": "Inner", "Scan Direction": "Forward", "Index Name": "idx_lineitem_part_supp", "Relation Name": "lineitem", "Alias": "lineitem", "Startup Cost": 0.0, "Total Cost": 1.13, "Plan Rows": 1, "Plan Width": 48, "Index Cond": "((l_partkey = partsupp.ps_partkey) AND (l_suppkey = partsupp.ps_suppkey))"}]}, {"Node Type": "Index Scan", "Parent Relationship": "Inner", "Scan Direction": "Forward", "Index Name": "orders_pkey", "Relation Name": "orders", "Alias": "orders", "Startup Cost": 0.0, "Total Cost": 0.29, "Plan Rows": 1, "Plan Width": 16, "Index Cond": "(o_orderkey = lineitem.l_orderkey)"}]}, {"Node Type": "Index Scan", "Parent Relationship": "Inner", "Scan Direction": "Forward", "Index Name": "nation_pkey", "Relation Name": "nation", "Alias": "nation", "Startup Cost": 0.0, "Total Cost": 0.27, "Plan Rows": 1, "Plan Width": 30, "Index Cond": "(n_nationkey = supplier.s_nationkey)"}]}]}]}, "Unique SQL Id": 3628361425}, "explain_analyze_plan": {"Plan": {"Node Type": "Sort", "Startup Cost": 726568.79, "Total Cost": 726568.8, "Plan Rows": 1, "Plan Width": 74, "Actual Startup Time": 57913.139, "Actual Total Time": 57913.153, "Actual Rows": 175, "Actual Loops": 1, "Sort Key": ["nation.n_name", "(date_part('year'::text, orders.o_orderdate)) DESC"], "Sort Method": "quicksort", "Sort Space Used": 52, "Sort Space Type": "Memory", "Plans": [{"Node Type": "Aggregate", "Strategy": "Hashed", "Parent Relationship": "Outer", "Startup Cost": 726568.77, "Total Cost": 726568.78, "Plan Rows": 1, "Plan Width": 74, "Actual Startup Time": 57912.734, "Actual Total Time": 57912.77, "Actual Rows": 175, "Actual Loops": 1, "Group By Key": ["nation.n_name", "date_part('year'::text, orders.o_orderdate)"], "Plans": [{"Node Type": "Nested Loop", "Parent Relationship": "Outer", "Join Type": "Inner", "Startup Cost": 0.0, "Total Cost": 726568.75, "Plan Rows": 1, "Plan Width": 66, "Actual Startup Time": 0.142, "Actual Total Time": 54049.193, "Actual Rows": 3256948, "Actual Loops": 1, "Inner Unique": true, "Plans": [{"Node Type": "Nested Loop", "Parent Relationship": "Outer", "Join Type": "Inner", "Startup Cost": 0.0, "Total Cost": 726568.47, "Plan Rows": 1, "Plan Width": 44, "Actual Startup Time": 0.123, "Actual Total Time": 45240.991, "Actual Rows": 3256948, "Actual Loops": 1, "Inner Unique": true, "Plans": [{"Node Type": "Nested Loop", "Parent Relationship": "Outer", "Join Type": "Inner", "Startup Cost": 0.0, "Total Cost": 726568.17, "Plan Rows": 1, "Plan Width": 44, "Actual Startup Time": 0.101, "Actual Total Time": 17055.772, "Actual Rows": 3256948, "Actual Loops": 1, "Inner Unique": false, "Join Filter": "(supplier.s_suppkey = lineitem.l_suppkey)", "Rows Removed by Join Filter": 0, "Plans": [{"Node Type": "Nested Loop", "Parent Relationship": "Outer", "Join Type": "Inner", "Startup Cost": 0.0, "Total Cost": 582819.16, "Plan Rows": 125630, "Plan Width": 44, "Actual Startup Time": 0.078, "Actual Total Time": 4465.702, "Actual Rows": 434204, "Actual Loops": 1, "Inner Unique": true, "Plans": [{"Node Type": "Nested Loop", "Parent Relationship": "Outer", "Join Type": "Inner", "Startup Cost": 0.0, "Total Cost": 509766.04, "Plan Rows": 259666, "Plan Width": 32, "Actual Startup Time": 0.064, "Actual Total Time": 2321.534, "Actual Rows": 434204, "Actual Loops": 1, "Inner Unique": false, "Plans": [{"Node Type": "Seq Scan", "Parent Relationship": "Outer", "Relation Name": "part", "Alias": "part", "Startup Cost": 0.0, "Total Cost": 66944.0, "Plan Rows": 89888, "Plan Width": 8, "Actual Startup Time": 0.031, "Actual Total Time": 1115.217, "Actual Rows": 108551, "Actual Loops": 1, "Filter": "((p_name)::text ~~ '%dim%'::text)", "Rows Removed by Filter": 1891449}, {"Node Type": "Index Scan", "Parent Relationship": "Inner", "Scan Direction": "Forward", "Index Name": "idx_partsupp_partkey", "Relation Name": "partsupp", "Alias": "partsupp", "Startup Cost": 0.0, "Total Cost": 4.9, "Plan Rows": 3, "Plan Width": 24, "Actual Startup Time": 682.745, "Actual Total Time": 993.204, "Actual Rows": 434204, "Actual Loops": 108551, "Index Cond": "(ps_partkey = part.p_partkey)", "Rows Removed by Index Recheck": 0}]}, {"Node Type": "Index Scan", "Parent Relationship": "Inner", "Scan Direction": "Forward", "Index Name": "supplier_pkey", "Relation Name": "supplier", "Alias": "supplier", "Startup Cost": 0.0, "Total Cost": 0.27, "Plan Rows": 1, "Plan Width": 12, "Actual Startup Time": 1695.991, "Actual Total Time": 1695.991, "Actual Rows": 434204, "Actual Loops": 434204, "Index Cond": "(s_suppkey = partsupp.ps_suppkey)", "Rows Removed by Index Recheck": 0}]}, {"Node Type": "Index Scan", "Parent Relationship": "Inner", "Scan Direction": "Forward", "Index Name": "idx_lineitem_part_supp", "Relation Name": "lineitem", "Alias": "lineitem", "Startup Cost": 0.0, "Total Cost": 1.13, "Plan Rows": 1, "Plan Width": 48, "Actual Startup Time": 3114.159, "Actual Total Time": 10916.615, "Actual Rows": 3256948, "Actual Loops": 434204, "Index Cond": "((l_partkey = partsupp.ps_partkey) AND (l_suppkey = partsupp.ps_suppkey))", "Rows Removed by Index Recheck": 0}]}, {"Node Type": "Index Scan", "Parent Relationship": "Inner", "Scan Direction": "Forward", "Index Name": "orders_pkey", "Relation Name": "orders", "Alias": "orders", "Startup Cost": 0.0, "Total Cost": 0.29, "Plan Rows": 1, "Plan Width": 16, "Actual Startup Time": 25380.628, "Actual Total Time": 25380.628, "Actual Rows": 3256948, "Actual Loops": 3256948, "Index Cond": "(o_orderkey = lineitem.l_orderkey)", "Rows Removed by Index Recheck": 0}]}, {"Node Type": "Index Scan", "Parent Relationship": "Inner", "Scan Direction": "Forward", "Index Name": "nation_pkey", "Relation Name": "nation", "Alias": "nation", "Startup Cost": 0.0, "Total Cost": 0.27, "Plan Rows": 1, "Plan Width": 30, "Actual Startup Time": 4700.981, "Actual Total Time": 4700.981, "Actual Rows": 3256948, "Actual Loops": 3256948, "Index Cond": "(n_nationkey = supplier.s_nationkey)", "Rows Removed by Index Recheck": 0}]}]}]}, "Triggers": [], "Planner Runtime": 11.567, "Total Runtime": 57913.477, "Unique SQL Id": 3628361425}}, "(64, 61)": {"explain_plan": {"Plan": {"Node Type": "Sort", "Startup Cost": 765428.04, "Total Cost": 765428.05, "Plan Rows": 1, "Plan Width": 74, "Sort Key": ["nation.n_name", "(date_part('year'::text, orders.o_orderdate)) DESC"], "Plans": [{"Node Type": "Aggregate", "Strategy": "Hashed", "Parent Relationship": "Outer", "Startup Cost": 765428.02, "Total Cost": 765428.03, "Plan Rows": 1, "Plan Width": 74, "Group By Key": ["nation.n_name", "date_part('year'::text, orders.o_orderdate)"], "Plans": [{"Node Type": "Nested Loop", "Parent Relationship": "Outer", "Join Type": "Inner", "Startup Cost": 0.0, "Total Cost": 765428.0, "Plan Rows": 1, "Plan Width": 66, "Inner Unique": true, "Plans": [{"Node Type": "Nested Loop", "Parent Relationship": "Outer", "Join Type": "Inner", "Startup Cost": 0.0, "Total Cost": 765427.72, "Plan Rows": 1, "Plan Width": 44, "Inner Unique": true, "Plans": [{"Node Type": "Nested Loop", "Parent Relationship": "Outer", "Join Type": "Inner", "Startup Cost": 0.0, "Total Cost": 765427.42, "Plan Rows": 1, "Plan Width": 44, "Inner Unique": false, "Join Filter": "(supplier.s_suppkey = lineitem.l_suppkey)", "Plans": [{"Node Type": "Nested Loop", "Parent Relationship": "Outer", "Join Type": "Inner", "Startup Cost": 0.0, "Total Cost": 621678.41, "Plan Rows": 125630, "Plan Width": 44, "Inner Unique": true, "Plans": [{"Node Type": "Nested Loop", "Parent Relationship": "Outer", "Join Type": "Inner", "Startup Cost": 0.0, "Total Cost": 548625.29, "Plan Rows": 259666, "Plan Width": 32, "Inner Unique": false, "Plans": [{"Node Type": "Index Scan", "Parent Relationship": "Outer", "Scan Direction": "Forward", "Index Name": "part_kpey", "Relation Name": "part", "Alias": "part", "Startup Cost": 0.0, "Total Cost": 105803.25, "Plan Rows": 89888, "Plan Width": 8, "Filter": "((p_name)::text ~~ '%dim%'::text)"}, {"Node Type": "Index Scan", "Parent Relationship": "Inner", "Scan Direction": "Forward", "Index Name": "idx_partsupp_partkey", "Relation Name": "partsupp", "Alias": "partsupp", "Startup Cost": 0.0, "Total Cost": 4.9, "Plan Rows": 3, "Plan Width": 24, "Index Cond": "(ps_partkey = part.p_partkey)"}]}, {"Node Type": "Index Scan", "Parent Relationship": "Inner", "Scan Direction": "Forward", "Index Name": "supplier_pkey", "Relation Name": "supplier", "Alias": "supplier", "Startup Cost": 0.0, "Total Cost": 0.27, "Plan Rows": 1, "Plan Width": 12, "Index Cond": "(s_suppkey = partsupp.ps_suppkey)"}]}, {"Node Type": "Index Scan", "Parent Relationship": "Inner", "Scan Direction": "Forward", "Index Name": "idx_lineitem_part_supp", "Relation Name": "lineitem", "Alias": "lineitem", "Startup Cost": 0.0, "Total Cost": 1.13, "Plan Rows": 1, "Plan Width": 48, "Index Cond": "((l_partkey = partsupp.ps_partkey) AND (l_suppkey = partsupp.ps_suppkey))"}]}, {"Node Type": "Index Scan", "Parent Relationship": "Inner", "Scan Direction": "Forward", "Index Name": "orders_pkey", "Relation Name": "orders", "Alias": "orders", "Startup Cost": 0.0, "Total Cost": 0.29, "Plan Rows": 1, "Plan Width": 16, "Index Cond": "(o_orderkey = lineitem.l_orderkey)"}]}, {"Node Type": "Index Scan", "Parent Relationship": "Inner", "Scan Direction": "Forward", "Index Name": "nation_pkey", "Relation Name": "nation", "Alias": "nation", "Startup Cost": 0.0, "Total Cost": 0.27, "Plan Rows": 1, "Plan Width": 30, "Index Cond": "(n_nationkey = supplier.s_nationkey)"}]}]}]}, "Unique SQL Id": 3628361425}, "explain_analyze_plan": {"Plan": {"Node Type": "Sort", "Startup Cost": 765428.04, "Total Cost": 765428.05, "Plan Rows": 1, "Plan Width": 74, "Actual Startup Time": 58395.452, "Actual Total Time": 58395.467, "Actual Rows": 175, "Actual Loops": 1, "Sort Key": ["nation.n_name", "(date_part('year'::text, orders.o_orderdate)) DESC"], "Sort Method": "quicksort", "Sort Space Used": 52, "Sort Space Type": "Memory", "Plans": [{"Node Type": "Aggregate", "Strategy": "Hashed", "Parent Relationship": "Outer", "Startup Cost": 765428.02, "Total Cost": 765428.03, "Plan Rows": 1, "Plan Width": 74, "Actual Startup Time": 58394.929, "Actual Total Time": 58395.005, "Actual Rows": 175, "Actual Loops": 1, "Group By Key": ["nation.n_name", "date_part('year'::text, orders.o_orderdate)"], "Plans": [{"Node Type": "Nested Loop", "Parent Relationship": "Outer", "Join Type": "Inner", "Startup Cost": 0.0, "Total Cost": 765428.0, "Plan Rows": 1, "Plan Width": 66, "Actual Startup Time": 0.121, "Actual Total Time": 54577.51, "Actual Rows": 3256948, "Actual Loops": 1, "Inner Unique": true, "Plans": [{"Node Type": "Nested Loop", "Parent Relationship": "Outer", "Join Type": "Inner", "Startup Cost": 0.0, "Total Cost": 765427.72, "Plan Rows": 1, "Plan Width": 44, "Actual Startup Time": 0.109, "Actual Total Time": 45803.245, "Actual Rows": 3256948, "Actual Loops": 1, "Inner Unique": true, "Plans": [{"Node Type": "Nested Loop", "Parent Relationship": "Outer", "Join Type": "Inner", "Startup Cost": 0.0, "Total Cost": 765427.42, "Plan Rows": 1, "Plan Width": 44, "Actual Startup Time": 0.094, "Actual Total Time": 17644.726, "Actual Rows": 3256948, "Actual Loops": 1, "Inner Unique": false, "Join Filter": "(supplier.s_suppkey = lineitem.l_suppkey)", "Rows Removed by Join Filter": 0, "Plans": [{"Node Type": "Nested Loop", "Parent Relationship": "Outer", "Join Type": "Inner", "Startup Cost": 0.0, "Total Cost": 621678.41, "Plan Rows": 125630, "Plan Width": 44, "Actual Startup Time": 0.075, "Actual Total Time": 5091.961, "Actual Rows": 434204, "Actual Loops": 1, "Inner Unique": true, "Plans": [{"Node Type": "Nested Loop", "Parent Relationship": "Outer", "Join Type": "Inner", "Startup Cost": 0.0, "Total Cost": 548625.29, "Plan Rows": 259666, "Plan Width": 32, "Actual Startup Time": 0.065, "Actual Total Time": 2924.145, "Actual Rows": 434204, "Actual Loops": 1, "Inner Unique": false, "Plans": [{"Node Type": "Index Scan", "Parent Relationship": "Outer", "Scan Direction": "Forward", "Index Name": "part_kpey", "Relation Name": "part", "Alias": "part", "Startup Cost": 0.0, "Total Cost": 105803.25, "Plan Rows": 89888, "Plan Width": 8, "Actual Startup Time": 0.046, "Actual Total Time": 1729.639, "Actual Rows": 108551, "Actual Loops": 1, "Filter": "((p_name)::text ~~ '%dim%'::text)", "Rows Removed by Filter": 1891449}, {"Node Type": "Index Scan", "Parent Relationship": "Inner", "Scan Direction": "Forward", "Index Name": "idx_partsupp_partkey", "Relation Name": "partsupp", "Alias": "partsupp", "Startup Cost": 0.0, "Total Cost": 4.9, "Plan Rows": 3, "Plan Width": 24, "Actual Startup Time": 683.661, "Actual Total Time": 996.456, "Actual Rows": 434204, "Actual Loops": 108551, "Index Cond": "(ps_partkey = part.p_partkey)", "Rows Removed by Index Recheck": 0}]}, {"Node Type": "Index Scan", "Parent Relationship": "Inner", "Scan Direction": "Forward", "Index Name": "supplier_pkey", "Relation Name": "supplier", "Alias": "supplier", "Startup Cost": 0.0, "Total Cost": 0.27, "Plan Rows": 1, "Plan Width": 12, "Actual Startup Time": 1712.756, "Actual Total Time": 1712.756, "Actual Rows": 434204, "Actual Loops": 434204, "Index Cond": "(s_suppkey = partsupp.ps_suppkey)", "Rows Removed by Index Recheck": 0}]}, {"Node Type": "Index Scan", "Parent Relationship": "Inner", "Scan Direction": "Forward", "Index Name": "idx_lineitem_part_supp", "Relation Name": "lineitem", "Alias": "lineitem", "Startup Cost": 0.0, "Total Cost": 1.13, "Plan Rows": 1, "Plan Width": 48, "Actual Startup Time": 3104.584, "Actual Total Time": 10887.226, "Actual Rows": 3256948, "Actual Loops": 434204, "Index Cond": "((l_partkey = partsupp.ps_partkey) AND (l_suppkey = partsupp.ps_suppkey))", "Rows Removed by Index Recheck": 0}]}, {"Node Type": "Index Scan", "Parent Relationship": "Inner", "Scan Direction": "Forward", "Index Name": "orders_pkey", "Relation Name": "orders", "Alias": "orders", "Startup Cost": 0.0, "Total Cost": 0.29, "Plan Rows": 1, "Plan Width": 16, "Actual Startup Time": 25362.028, "Actual Total Time": 25362.028, "Actual Rows": 3256948, "Actual Loops": 3256948, "Index Cond": "(o_orderkey = lineitem.l_orderkey)", "Rows Removed by Index Recheck": 0}]}, {"Node Type": "Index Scan", "Parent Relationship": "Inner", "Scan Direction": "Forward", "Index Name": "nation_pkey", "Relation Name": "nation", "Alias": "nation", "Startup Cost": 0.0, "Total Cost": 0.27, "Plan Rows": 1, "Plan Width": 30, "Actual Startup Time": 4676.452, "Actual Total Time": 4676.452, "Actual Rows": 3256948, "Actual Loops": 3256948, "Index Cond": "(n_nationkey = supplier.s_nationkey)", "Rows Removed by Index Recheck": 0}]}]}]}, "Triggers": [], "Planner Runtime": 11.195, "Total Runtime": 58395.845, "Unique SQL Id": 3628361425}}, "(64, 62)": {"explain_plan": {"Plan": {"Node Type": "Sort", "Startup Cost": 98266689006.74, "Total Cost": 98266689006.74, "Plan Rows": 1, "Plan Width": 74, "Sort Key": ["nation.n_name", "(date_part('year'::text, orders.o_orderdate)) DESC"], "Plans": [{"Node Type": "Aggregate", "Strategy": "Hashed", "Parent Relationship": "Outer", "Startup Cost": 98266689006.72, "Total Cost": 98266689006.73, "Plan Rows": 1, "Plan Width": 74, "Group By Key": ["nation.n_name", "date_part('year'::text, orders.o_orderdate)"], "Plans": [{"Node Type": "Nested Loop", "Parent Relationship": "Outer", "Join Type": "Inner", "Startup Cost": 0.0, "Total Cost": 98266689006.7, "Plan Rows": 1, "Plan Width": 66, "Inner Unique": true, "Join Filter": "(supplier.s_nationkey = nation.n_nationkey)", "Plans": [{"Node Type": "Nested Loop", "Parent Relationship": "Outer", "Join Type": "Inner", "Startup Cost": 0.0, "Total Cost": 98266689005.13, "Plan Rows": 1, "Plan Width": 44, "Inner Unique": true, "Join Filter": "(lineitem.l_orderkey = orders.o_orderkey)", "Plans": [{"Node Type": "Nested Loop", "Parent Relationship": "Outer", "Join Type": "Inner", "Startup Cost": 0.0, "Total Cost": 98266075097.86, "Plan Rows": 1, "Plan Width": 44, "Inner Unique": false, "Join Filter": "((lineitem.l_suppkey = partsupp.ps_suppkey) AND (lineitem.l_partkey = partsupp.ps_partkey))", "Plans": [{"Node Type": "Seq Scan", "Parent Relationship": "Outer", "Relation Name": "partsupp", "Alias": "partsupp", "Startup Cost": 0.0, "Total Cost": 269987.72, "Plan Rows": 8000372, "Plan Width": 24}, {"Node Type": "Materialize", "Parent Relationship": "Inner", "Startup Cost": 0.0, "Total Cost": 81627151745.82, "Plan Rows": 118842, "Plan Width": 68, "Plans": [{"Node Type": "Nested Loop", "Parent Relationship": "Outer", "Join Type": "Inner", "Startup Cost": 0.0, "Total Cost": 81627151151.61, "Plan Rows": 118842, "Plan Width": 68, "Inner Unique": true, "Join Filter": "(lineitem.l_suppkey = supplier.s_suppkey), (LLVM Optimized)", "Plans": [{"Node Type": "Nested Loop", "Parent Relationship": "Outer", "Join Type": "Inner", "Startup Cost": 0.0, "Total Cost": 80883798618.61, "Plan Rows": 495566, "Plan Width": 56, "Inner Unique": true, "Join Filter": "(part.p_partkey = lineitem.l_partkey), (LLVM Optimized)", "Plans": [{"Node Type": "Seq Scan", "Parent Relationship": "Outer", "Relation Name": "lineitem", "Alias": "lineitem", "Startup Cost": 0.0, "Total Cost": 2015115.33, "Plan Rows": 59987033, "Plan Width": 48}, {"Node Type": "Materialize", "Parent Relationship": "Inner", "Startup Cost": 0.0, "Total Cost": 67393.44, "Plan Rows": 89888, "Plan Width": 8, "Plans": [{"Node Type": "Seq Scan", "Parent Relationship": "Outer", "Relation Name": "part", "Alias": "part", "Startup Cost": 0.0, "Total Cost": 66944.0, "Plan Rows": 89888, "Plan Width": 8, "Filter": "((p_name)::text ~~ '%dim%'::text)"}]}]}, {"Node Type": "Materialize", "Parent Relationship": "Inner", "Startup Cost": 0.0, "Total Cost": 3783.0, "Plan Rows": 100000, "Plan Width": 12, "Plans": [{"Node Type": "Seq Scan", "Parent Relationship": "Outer", "Relation Name": "supplier", "Alias": "supplier", "Startup Cost": 0.0, "Total Cost": 3283.0, "Plan Rows": 100000, "Plan Width": 12}]}]}]}]}, {"Node Type": "Seq Scan", "Parent Relationship": "Inner", "Relation Name": "orders", "Alias": "orders", "Startup Cost": 0.0, "Total Cost": 426413.79, "Plan Rows": 14999479, "Plan Width": 16}]}, {"Node Type": "Seq Scan", "Parent Relationship": "Inner", "Relation Name": "nation", "Alias": "nation", "Startup Cost": 0.0, "Total Cost": 1.25, "Plan Rows": 25, "Plan Width": 30}]}]}]}, "Unique SQL Id": 3628361425}, "explain_analyze_plan": null}, "(64, 63)": {"explain_plan": {"Plan": {"Node Type": "Sort", "Startup Cost": 6098670509645.03, "Total Cost": 6098670509645.03, "Plan Rows": 1, "Plan Width": 74, "Sort Key": ["nation.n_name", "(date_part('year'::text, orders.o_orderdate)) DESC"], "Plans": [{"Node Type": "Aggregate", "Strategy": "Hashed", "Parent Relationship": "Outer", "Startup Cost": 6098670509645.0, "Total Cost": 6098670509645.02, "Plan Rows": 1, "Plan Width": 74, "Group By Key": ["nation.n_name", "date_part('year'::text, orders.o_orderdate)"], "Plans": [{"Node Type": "Nested Loop", "Parent Relationship": "Outer", "Join Type": "Inner", "Startup Cost": 60000000000.0, "Total Cost": 6098670509644.99, "Plan Rows": 1, "Plan Width": 66, "Inner Unique": true, "Plans": [{"Node Type": "Nested Loop", "Parent Relationship": "Outer", "Join Type": "Inner", "Startup Cost": 50000000000.0, "Total Cost": 5098670509615.75, "Plan Rows": 1, "Plan Width": 66, "Inner Unique": true, "Plans": [{"Node Type": "Nested Loop", "Parent Relationship": "Outer", "Join Type": "Inner", "Startup Cost": 40000000000.0, "Total Cost": 4098670509588.73, "Plan Rows": 1, "Plan Width": 44, "Inner Unique": true, "Join Filter": "((lineitem.l_suppkey = partsupp.ps_suppkey) AND (lineitem.l_partkey = partsupp.ps_partkey))", "Plans": [{"Node Type": "Nested Loop", "Parent Relationship": "Outer", "Join Type": "Inner", "Startup Cost": 30000000000.0, "Total Cost": 3081960194963.16, "Plan Rows": 118842, "Plan Width": 68, "Inner Unique": true, "Join Filter": "(lineitem.l_suppkey = supplier.s_suppkey), (LLVM Optimized)", "Plans": [{"Node Type": "Nested Loop", "Parent Relationship": "Outer", "Join Type": "Inner", "Startup Cost": 20000000000.0, "Total Cost": 2081216312258.78, "Plan Rows": 495566, "Plan Width": 56, "Inner Unique": true, "Join Filter": "(part.p_partkey = lineitem.l_partkey), (LLVM Optimized)", "Plans": [{"Node Type": "Index Scan", "Parent Relationship": "Outer", "Scan Direction": "Forward", "Index Name": "idx_lineitem_orderkey", "Relation Name": "lineitem", "Alias": "lineitem", "Startup Cost": 10000000000.0, "Total Cost": 1000324015374.5, "Plan Rows": 59987033, "Plan Width": 48}, {"Node Type": "Materialize", "Parent Relationship": "Inner", "Startup Cost": 10000000000.0, "Total Cost": 1000010580774.44, "Plan Rows": 89888, "Plan Width": 8, "Plans": [{"Node Type": "Index Scan", "Parent Relationship": "Outer", "Scan Direction": "Forward", "Index Name": "part_kpey", "Relation Name": "part", "Alias": "part", "Startup Cost": 10000000000.0, "Total Cost": 1000010580325.0, "Plan Rows": 89888, "Plan Width": 8, "Filter": "((p_name)::text ~~ '%dim%'::text)"}]}]}, {"Node Type": "Materialize", "Parent Relationship": "Inner", "Startup Cost": 10000000000.0, "Total Cost": 1000000533954.38, "Plan Rows": 100000, "Plan Width": 12, "Plans": [{"Node Type": "Index Scan", "Parent Relationship": "Outer", "Scan Direction": "Forward", "Index Name": "supplier_pkey", "Relation Name": "supplier", "Alias": "supplier", "Startup Cost": 10000000000.0, "Total Cost": 1000000533454.38, "Plan Rows": 100000, "Plan Width": 12}]}]}, {"Node Type": "Materialize", "Parent Relationship": "Inner", "Startup Cost": 10000000000.0, "Total Cost": 1000071680965.08, "Plan Rows": 8000372, "Plan Width": 24, "Plans": [{"Node Type": "Index Scan", "Parent Relationship": "Outer", "Scan Direction": "Forward", "Index Name": "partsupp_pkey", "Relation Name": "partsupp", "Alias": "partsupp", "Startup Cost": 10000000000.0, "Total Cost": 1000071640963.22, "Plan Rows": 8000372, "Plan Width": 24}]}]}, {"Node Type": "Index Scan", "Parent Relationship": "Inner", "Scan Direction": "Forward", "Index Name": "nation_pkey", "Relation Name": "nation", "Alias": "nation", "Startup Cost": 10000000000.0, "Total Cost": 1000000000027.01, "Plan Rows": 1, "Plan Width": 30, "Index Cond": "(n_nationkey = supplier.s_nationkey)"}]}, {"Node Type": "Index Scan", "Parent Relationship": "Inner", "Scan Direction": "Forward", "Index Name": "orders_pkey", "Relation Name": "orders", "Alias": "orders", "Startup Cost": 10000000000.0, "Total Cost": 1000000000029.23, "Plan Rows": 1, "Plan Width": 16, "Index Cond": "(o_orderkey = lineitem.l_orderkey)"}]}]}]}, "Unique SQL Id": 3628361425}, "explain_analyze_plan": null}, "(64, 64)": {"explain_plan": {"Plan": {"Node Type": "Sort", "Startup Cost": 521166.05, "Total Cost": 521166.06, "Plan Rows": 1, "Plan Width": 74, "Sort Key": ["nation.n_name", "(date_part('year'::text, orders.o_orderdate)) DESC"], "Plans": [{"Node Type": "Aggregate", "Strategy": "Hashed", "Parent Relationship": "Outer", "Startup Cost": 521166.03, "Total Cost": 521166.04, "Plan Rows": 1, "Plan Width": 74, "Group By Key": ["nation.n_name", "date_part('year'::text, orders.o_orderdate)"], "Plans": [{"Node Type": "Nested Loop", "Parent Relationship": "Outer", "Join Type": "Inner", "Startup Cost": 72600.6, "Total Cost": 521166.01, "Plan Rows": 1, "Plan Width": 66, "Inner Unique": true, "Plans": [{"Node Type": "Nested Loop", "Parent Relationship": "Outer", "Join Type": "Inner", "Startup Cost": 72600.6, "Total Cost": 521165.73, "Plan Rows": 1, "Plan Width": 44, "Inner Unique": true, "Plans": [{"Node Type": "Nested Loop", "Parent Relationship": "Outer", "Join Type": "Inner", "Startup Cost": 72600.6, "Total Cost": 521165.43, "Plan Rows": 1, "Plan Width": 44, "Inner Unique": false, "Join Filter": "(supplier.s_suppkey = lineitem.l_suppkey)", "Plans": [{"Node Type": "Hash Join", "Parent Relationship": "Outer", "Join Type": "Inner", "Startup Cost": 72600.6, "Total Cost": 377416.42, "Plan Rows": 125630, "Plan Width": 44, "Inner Unique": true, "Hash Cond": "(partsupp.ps_suppkey = supplier.s_suppkey), (LLVM Optimized)", "Plans": [{"Node Type": "Hash Join", "Parent Relationship": "Outer", "Join Type": "Inner", "Startup Cost": 68067.6, "Total Cost": 370653.38, "Plan Rows": 259666, "Plan Width": 32, "Inner Unique": true, "Hash Cond": "(partsupp.ps_partkey = part.p_partkey), (LLVM Optimized)", "Plans": [{"Node Type": "Seq Scan", "Parent Relationship": "Outer", "Relation Name": "partsupp", "Alias": "partsupp", "Startup Cost": 0.0, "Total Cost": 269987.72, "Plan Rows": 8000372, "Plan Width": 24}, {"Node Type": "Hash", "Parent Relationship": "Inner", "Startup Cost": 66944.0, "Total Cost": 66944.0, "Plan Rows": 89888, "Plan Width": 8, "Plans": [{"Node Type": "Seq Scan", "Parent Relationship": "Outer", "Relation Name": "part", "Alias": "part", "Startup Cost": 0.0, "Total Cost": 66944.0, "Plan Rows": 89888, "Plan Width": 8, "Filter": "((p_name)::text ~~ '%dim%'::text)"}]}]}, {"Node Type": "Hash", "Parent Relationship": "Inner", "Startup Cost": 3283.0, "Total Cost": 3283.0, "Plan Rows": 100000, "Plan Width": 12, "Plans": [{"Node Type": "Seq Scan", "Parent Relationship": "Outer", "Relation Name": "supplier", "Alias": "supplier", "Startup Cost": 0.0, "Total Cost": 3283.0, "Plan Rows": 100000, "Plan Width": 12}]}]}, {"Node Type": "Index Scan", "Parent Relationship": "Inner", "Scan Direction": "Forward", "Index Name": "idx_lineitem_part_supp", "Relation Name": "lineitem", "Alias": "lineitem", "Startup Cost": 0.0, "Total Cost": 1.13, "Plan Rows": 1, "Plan Width": 48, "Index Cond": "((l_partkey = partsupp.ps_partkey) AND (l_suppkey = partsupp.ps_suppkey))"}]}, {"Node Type": "Index Scan", "Parent Relationship": "Inner", "Scan Direction": "Forward", "Index Name": "orders_pkey", "Relation Name": "orders", "Alias": "orders", "Startup Cost": 0.0, "Total Cost": 0.29, "Plan Rows": 1, "Plan Width": 16, "Index Cond": "(o_orderkey = lineitem.l_orderkey)"}]}, {"Node Type": "Index Scan", "Parent Relationship": "Inner", "Scan Direction": "Forward", "Index Name": "nation_pkey", "Relation Name": "nation", "Alias": "nation", "Startup Cost": 0.0, "Total Cost": 0.27, "Plan Rows": 1, "Plan Width": 30, "Index Cond": "(n_nationkey = supplier.s_nationkey)"}]}]}]}, "Unique SQL Id": 3628361425}, "explain_analyze_plan": {"Plan": {"Node Type": "Sort", "Startup Cost": 521166.05, "Total Cost": 521166.06, "Plan Rows": 1, "Plan Width": 74, "Actual Startup Time": 58932.736, "Actual Total Time": 58932.749, "Actual Rows": 175, "Actual Loops": 1, "Sort Key": ["nation.n_name", "(date_part('year'::text, orders.o_orderdate)) DESC"], "Sort Method": "quicksort", "Sort Space Used": 52, "Sort Space Type": "Memory", "Plans": [{"Node Type": "Aggregate", "Strategy": "Hashed", "Parent Relationship": "Outer", "Startup Cost": 521166.03, "Total Cost": 521166.04, "Plan Rows": 1, "Plan Width": 74, "Actual Startup Time": 58932.337, "Actual Total Time": 58932.379, "Actual Rows": 175, "Actual Loops": 1, "Group By Key": ["nation.n_name", "date_part('year'::text, orders.o_orderdate)"], "Plans": [{"Node Type": "Nested Loop", "Parent Relationship": "Outer", "Join Type": "Inner", "Startup Cost": 72600.6, "Total Cost": 521166.01, "Plan Rows": 1, "Plan Width": 66, "Actual Startup Time": 1103.433, "Actual Total Time": 55092.664, "Actual Rows": 3256948, "Actual Loops": 1, "Inner Unique": true, "Plans": [{"Node Type": "Nested Loop", "Parent Relationship": "Outer", "Join Type": "Inner", "Startup Cost": 72600.6, "Total Cost": 521165.73, "Plan Rows": 1, "Plan Width": 44, "Actual Startup Time": 1103.363, "Actual Total Time": 46615.878, "Actual Rows": 3256948, "Actual Loops": 1, "Inner Unique": true, "Plans": [{"Node Type": "Nested Loop", "Parent Relationship": "Outer", "Join Type": "Inner", "Startup Cost": 72600.6, "Total Cost": 521165.43, "Plan Rows": 1, "Plan Width": 44, "Actual Startup Time": 1103.339, "Actual Total Time": 18831.717, "Actual Rows": 3256948, "Actual Loops": 1, "Inner Unique": false, "Join Filter": "(supplier.s_suppkey = lineitem.l_suppkey)", "Rows Removed by Join Filter": 0, "Plans": [{"Node Type": "Hash Join", "Parent Relationship": "Outer", "Join Type": "Inner", "Startup Cost": 72600.6, "Total Cost": 377416.42, "Plan Rows": 125630, "Plan Width": 44, "Actual Startup Time": 1103.287, "Actual Total Time": 6244.441, "Actual Rows": 434204, "Actual Loops": 1, "Inner Unique": true, "Hash Cond": "(partsupp.ps_suppkey = supplier.s_suppkey), (LLVM Optimized, Jit Execute)", "Plans": [{"Node Type": "Hash Join", "Parent Relationship": "Outer", "Join Type": "Inner", "Startup Cost": 68067.6, "Total Cost": 370653.38, "Plan Rows": 259666, "Plan Width": 32, "Actual Startup Time": 1038.788, "Actual Total Time": 5788.774, "Actual Rows": 434204, "Actual Loops": 1, "Inner Unique": true, "Hash Cond": "(partsupp.ps_partkey = part.p_partkey), (LLVM Optimized, Jit Execute)", "Plans": [{"Node Type": "Seq Scan", "Parent Relationship": "Outer", "Relation Name": "partsupp", "Alias": "partsupp", "Startup Cost": 0.0, "Total Cost": 269987.72, "Plan Rows": 8000372, "Plan Width": 24, "Actual Startup Time": 0.012, "Actual Total Time": 2567.433, "Actual Rows": 8000000, "Actual Loops": 1}, {"Node Type": "Hash", "Parent Relationship": "Inner", "Startup Cost": 66944.0, "Total Cost": 66944.0, "Plan Rows": 89888, "Plan Width": 8, "Actual Startup Time": 1038.64, "Actual Total Time": 1038.64, "Actual Rows": 108551, "Actual Loops": 1, "Hash Buckets": 131072, "Hash Batches": 1, "Original Hash Batches": 1, "Peak Memory Usage": 4241, "Plans": [{"Node Type": "Seq Scan", "Parent Relationship": "Outer", "Relation Name": "part", "Alias": "part", "Startup Cost": 0.0, "Total Cost": 66944.0, "Plan Rows": 89888, "Plan Width": 8, "Actual Startup Time": 0.042, "Actual Total Time": 1000.506, "Actual Rows": 108551, "Actual Loops": 1, "Filter": "((p_name)::text ~~ '%dim%'::text)", "Rows Removed by Filter": 1891449}]}]}, {"Node Type": "Hash", "Parent Relationship": "Inner", "Startup Cost": 3283.0, "Total Cost": 3283.0, "Plan Rows": 100000, "Plan Width": 12, "Actual Startup Time": 64.394, "Actual Total Time": 64.394, "Actual Rows": 100000, "Actual Loops": 1, "Hash Buckets": 131072, "Hash Batches": 1, "Original Hash Batches": 1, "Peak Memory Usage": 4297, "Plans": [{"Node Type": "Seq Scan", "Parent Relationship": "Outer", "Relation Name": "supplier", "Alias": "supplier", "Startup Cost": 0.0, "Total Cost": 3283.0, "Plan Rows": 100000, "Plan Width": 12, "Actual Startup Time": 0.03, "Actual Total Time": 36.628, "Actual Rows": 100000, "Actual Loops": 1}]}]}, {"Node Type": "Index Scan", "Parent Relationship": "Inner", "Scan Direction": "Forward", "Index Name": "idx_lineitem_part_supp", "Relation Name": "lineitem", "Alias": "lineitem", "Startup Cost": 0.0, "Total Cost": 1.13, "Plan Rows": 1, "Plan Width": 48, "Actual Startup Time": 3128.663, "Actual Total Time": 10882.76, "Actual Rows": 3256948, "Actual Loops": 434204, "Index Cond": "((l_partkey = partsupp.ps_partkey) AND (l_suppkey = partsupp.ps_suppkey))", "Rows Removed by Index Recheck": 0}]}, {"Node Type": "Index Scan", "Parent Relationship": "Inner", "Scan Direction": "Forward", "Index Name": "orders_pkey", "Relation Name": "orders", "Alias": "orders", "Startup Cost": 0.0, "Total Cost": 0.29, "Plan Rows": 1, "Plan Width": 16, "Actual Startup Time": 24997.016, "Actual Total Time": 24997.016, "Actual Rows": 3256948, "Actual Loops": 3256948, "Index Cond": "(o_orderkey = lineitem.l_orderkey)", "Rows Removed by Index Recheck": 0}]}, {"Node Type": "Index Scan", "Parent Relationship": "Inner", "Scan Direction": "Forward", "Index Name": "nation_pkey", "Relation Name": "nation", "Alias": "nation", "Startup Cost": 0.0, "Total Cost": 0.27, "Plan Rows": 1, "Plan Width": 30, "Actual Startup Time": 4454.455, "Actual Total Time": 4454.455, "Actual Rows": 3256948, "Actual Loops": 3256948, "Index Cond": "(n_nationkey = supplier.s_nationkey)", "Rows Removed by Index Recheck": 0}]}]}]}, "Triggers": [], "Planner Runtime": 35.792, "Total Runtime": 58943.737, "Unique SQL Id": 3628361425}}, "(64, 65)": {"explain_plan": {"Plan": {"Node Type": "Sort", "Startup Cost": 701189.51, "Total Cost": 701189.52, "Plan Rows": 1, "Plan Width": 74, "Sort Key": ["nation.n_name", "(date_part('year'::text, orders.o_orderdate)) DESC"], "Plans": [{"Node Type": "Aggregate", "Strategy": "Hashed", "Parent Relationship": "Outer", "Startup Cost": 701189.49, "Total Cost": 701189.5, "Plan Rows": 1, "Plan Width": 74, "Group By Key": ["nation.n_name", "date_part('year'::text, orders.o_orderdate)"], "Plans": [{"Node Type": "Nested Loop", "Parent Relationship": "Outer", "Join Type": "Inner", "Startup Cost": 6584.54, "Total Cost": 701189.47, "Plan Rows": 1, "Plan Width": 66, "Inner Unique": true, "Plans": [{"Node Type": "Nested Loop", "Parent Relationship": "Outer", "Join Type": "Inner", "Startup Cost": 6584.54, "Total Cost": 701189.19, "Plan Rows": 1, "Plan Width": 44, "Inner Unique": true, "Plans": [{"Node Type": "Nested Loop", "Parent Relationship": "Outer", "Join Type": "Inner", "Startup Cost": 6584.54, "Total Cost": 701188.89, "Plan Rows": 1, "Plan Width": 44, "Inner Unique": false, "Join Filter": "(supplier.s_suppkey = lineitem.l_suppkey)", "Plans": [{"Node Type": "Hash Join", "Parent Relationship": "Outer", "Join Type": "Inner", "Startup Cost": 6584.54, "Total Cost": 557439.88, "Plan Rows": 125630, "Plan Width": 44, "Inner Unique": true, "Hash Cond": "(partsupp.ps_suppkey = supplier.s_suppkey), (LLVM Optimized)", "Plans": [{"Node Type": "Nested Loop", "Parent Relationship": "Outer", "Join Type": "Inner", "Startup Cost": 0.0, "Total Cost": 548625.29, "Plan Rows": 259666, "Plan Width": 32, "Inner Unique": false, "Plans": [{"Node Type": "Index Scan", "Parent Relationship": "Outer", "Scan Direction": "Forward", "Index Name": "part_kpey", "Relation Name": "part", "Alias": "part", "Startup Cost": 0.0, "Total Cost": 105803.25, "Plan Rows": 89888, "Plan Width": 8, "Filter": "((p_name)::text ~~ '%dim%'::text)"}, {"Node Type": "Index Scan", "Parent Relationship": "Inner", "Scan Direction": "Forward", "Index Name": "idx_partsupp_partkey", "Relation Name": "partsupp", "Alias": "partsupp", "Startup Cost": 0.0, "Total Cost": 4.9, "Plan Rows": 3, "Plan Width": 24, "Index Cond": "(ps_partkey = part.p_partkey)"}]}, {"Node Type": "Hash", "Parent Relationship": "Inner", "Startup Cost": 5334.54, "Total Cost": 5334.54, "Plan Rows": 100000, "Plan Width": 12, "Plans": [{"Node Type": "Index Scan", "Parent Relationship": "Outer", "Scan Direction": "Forward", "Index Name": "supplier_pkey", "Relation Name": "supplier", "Alias": "supplier", "Startup Cost": 0.0, "Total Cost": 5334.54, "Plan Rows": 100000, "Plan Width": 12}]}]}, {"Node Type": "Index Scan", "Parent Relationship": "Inner", "Scan Direction": "Forward", "Index Name": "idx_lineitem_part_supp", "Relation Name": "lineitem", "Alias": "lineitem", "Startup Cost": 0.0, "Total Cost": 1.13, "Plan Rows": 1, "Plan Width": 48, "Index Cond": "((l_partkey = partsupp.ps_partkey) AND (l_suppkey = partsupp.ps_suppkey))"}]}, {"Node Type": "Index Scan", "Parent Relationship": "Inner", "Scan Direction": "Forward", "Index Name": "orders_pkey", "Relation Name": "orders", "Alias": "orders", "Startup Cost": 0.0, "Total Cost": 0.29, "Plan Rows": 1, "Plan Width": 16, "Index Cond": "(o_orderkey = lineitem.l_orderkey)"}]}, {"Node Type": "Index Scan", "Parent Relationship": "Inner", "Scan Direction": "Forward", "Index Name": "nation_pkey", "Relation Name": "nation", "Alias": "nation", "Startup Cost": 0.0, "Total Cost": 0.27, "Plan Rows": 1, "Plan Width": 30, "Index Cond": "(n_nationkey = supplier.s_nationkey)"}]}]}]}, "Unique SQL Id": 3628361425}, "explain_analyze_plan": {"Plan": {"Node Type": "Sort", "Startup Cost": 701189.51, "Total Cost": 701189.52, "Plan Rows": 1, "Plan Width": 74, "Actual Startup Time": 57219.783, "Actual Total Time": 57219.796, "Actual Rows": 175, "Actual Loops": 1, "Sort Key": ["nation.n_name", "(date_part('year'::text, orders.o_orderdate)) DESC"], "Sort Method": "quicksort", "Sort Space Used": 52, "Sort Space Type": "Memory", "Plans": [{"Node Type": "Aggregate", "Strategy": "Hashed", "Parent Relationship": "Outer", "Startup Cost": 701189.49, "Total Cost": 701189.5, "Plan Rows": 1, "Plan Width": 74, "Actual Startup Time": 57219.414, "Actual Total Time": 57219.454, "Actual Rows": 175, "Actual Loops": 1, "Group By Key": ["nation.n_name", "date_part('year'::text, orders.o_orderdate)"], "Plans": [{"Node Type": "Nested Loop", "Parent Relationship": "Outer", "Join Type": "Inner", "Startup Cost": 6584.54, "Total Cost": 701189.47, "Plan Rows": 1, "Plan Width": 66, "Actual Startup Time": 106.96, "Actual Total Time": 53460.735, "Actual Rows": 3256948, "Actual Loops": 1, "Inner Unique": true, "Plans": [{"Node Type": "Nested Loop", "Parent Relationship": "Outer", "Join Type": "Inner", "Startup Cost": 6584.54, "Total Cost": 701189.19, "Plan Rows": 1, "Plan Width": 44, "Actual Startup Time": 106.934, "Actual Total Time": 44656.25, "Actual Rows": 3256948, "Actual Loops": 1, "Inner Unique": true, "Plans": [{"Node Type": "Nested Loop", "Parent Relationship": "Outer", "Join Type": "Inner", "Startup Cost": 6584.54, "Total Cost": 701188.89, "Plan Rows": 1, "Plan Width": 44, "Actual Startup Time": 106.911, "Actual Total Time": 16146.218, "Actual Rows": 3256948, "Actual Loops": 1, "Inner Unique": false, "Join Filter": "(supplier.s_suppkey = lineitem.l_suppkey)", "Rows Removed by Join Filter": 0, "Plans": [{"Node Type": "Hash Join", "Parent Relationship": "Outer", "Join Type": "Inner", "Startup Cost": 6584.54, "Total Cost": 557439.88, "Plan Rows": 125630, "Plan Width": 44, "Actual Startup Time": 106.873, "Actual Total Time": 3440.596, "Actual Rows": 434204, "Actual Loops": 1, "Inner Unique": true, "Hash Cond": "(partsupp.ps_suppkey = supplier.s_suppkey), (LLVM Optimized, Jit Execute)", "Plans": [{"Node Type": "Nested Loop", "Parent Relationship": "Outer", "Join Type": "Inner", "Startup Cost": 0.0, "Total Cost": 548625.29, "Plan Rows": 259666, "Plan Width": 32, "Actual Startup Time": 0.076, "Actual Total Time": 2929.188, "Actual Rows": 434204, "Actual Loops": 1, "Inner Unique": false, "Plans": [{"Node Type": "Index Scan", "Parent Relationship": "Outer", "Scan Direction": "Forward", "Index Name": "part_kpey", "Relation Name": "part", "Alias": "part", "Startup Cost": 0.0, "Total Cost": 105803.25, "Plan Rows": 89888, "Plan Width": 8, "Actual Startup Time": 0.056, "Actual Total Time": 1746.962, "Actual Rows": 108551, "Actual Loops": 1, "Filter": "((p_name)::text ~~ '%dim%'::text)", "Rows Removed by Filter": 1891449}, {"Node Type": "Index Scan", "Parent Relationship": "Inner", "Scan Direction": "Forward", "Index Name": "idx_partsupp_partkey", "Relation Name": "partsupp", "Alias": "partsupp", "Startup Cost": 0.0, "Total Cost": 4.9, "Plan Rows": 3, "Plan Width": 24, "Actual Startup Time": 684.56, "Actual Total Time": 978.245, "Actual Rows": 434204, "Actual Loops": 108551, "Index Cond": "(ps_partkey = part.p_partkey)", "Rows Removed by Index Recheck": 0}]}, {"Node Type": "Hash", "Parent Relationship": "Inner", "Startup Cost": 5334.54, "Total Cost": 5334.54, "Plan Rows": 100000, "Plan Width": 12, "Actual Startup Time": 106.68, "Actual Total Time": 106.68, "Actual Rows": 100000, "Actual Loops": 1, "Hash Buckets": 131072, "Hash Batches": 1, "Original Hash Batches": 1, "Peak Memory Usage": 4297, "Plans": [{"Node Type": "Index Scan", "Parent Relationship": "Outer", "Scan Direction": "Forward", "Index Name": "supplier_pkey", "Relation Name": "supplier", "Alias": "supplier", "Startup Cost": 0.0, "Total Cost": 5334.54, "Plan Rows": 100000, "Plan Width": 12, "Actual Startup Time": 0.02, "Actual Total Time": 78.377, "Actual Rows": 100000, "Actual Loops": 1}]}]}, {"Node Type": "Index Scan", "Parent Relationship": "Inner", "Scan Direction": "Forward", "Index Name": "idx_lineitem_part_supp", "Relation Name": "lineitem", "Alias": "lineitem", "Startup Cost": 0.0, "Total Cost": 1.13, "Plan Rows": 1, "Plan Width": 48, "Actual Startup Time": 3174.504, "Actual Total Time": 11019.482, "Actual Rows": 3256948, "Actual Loops": 434204, "Index Cond": "((l_partkey = partsupp.ps_partkey) AND (l_suppkey = partsupp.ps_suppkey))", "Rows Removed by Index Recheck": 0}]}, {"Node Type": "Index Scan", "Parent Relationship": "Inner", "Scan Direction": "Forward", "Index Name": "orders_pkey", "Relation Name": "orders", "Alias": "orders", "Startup Cost": 0.0, "Total Cost": 0.29, "Plan Rows": 1, "Plan Width": 16, "Actual Startup Time": 25705.885, "Actual Total Time": 25705.885, "Actual Rows": 3256948, "Actual Loops": 3256948, "Index Cond": "(o_orderkey = lineitem.l_orderkey)", "Rows Removed by Index Recheck": 0}]}, {"Node Type": "Index Scan", "Parent Relationship": "Inner", "Scan Direction": "Forward", "Index Name": "nation_pkey", "Relation Name": "nation", "Alias": "nation", "Startup Cost": 0.0, "Total Cost": 0.27, "Plan Rows": 1, "Plan Width": 30, "Actual Startup Time": 4680.015, "Actual Total Time": 4680.015, "Actual Rows": 3256948, "Actual Loops": 3256948, "Index Cond": "(n_nationkey = supplier.s_nationkey)", "Rows Removed by Index Recheck": 0}]}]}]}, "Triggers": [], "Planner Runtime": 33.676, "Total Runtime": 57229.802, "Unique SQL Id": 3628361425}}, "(64, 66)": {"explain_plan": {"Plan": {"Node Type": "Sort", "Startup Cost": 934830.96, "Total Cost": 934830.97, "Plan Rows": 1, "Plan Width": 74, "Sort Key": ["nation.n_name", "(date_part('year'::text, orders.o_orderdate)) DESC"], "Plans": [{"Node Type": "Aggregate", "Strategy": "Hashed", "Parent Relationship": "Outer", "Startup Cost": 934830.94, "Total Cost": 934830.95, "Plan Rows": 1, "Plan Width": 74, "Group By Key": ["nation.n_name", "date_part('year'::text, orders.o_orderdate)"], "Plans": [{"Node Type": "Nested Loop", "Parent Relationship": "Outer", "Join Type": "Inner", "Startup Cost": 72601.53, "Total Cost": 934830.92, "Plan Rows": 1, "Plan Width": 66, "Inner Unique": true, "Plans": [{"Node Type": "Nested Loop", "Parent Relationship": "Outer", "Join Type": "Inner", "Startup Cost": 72601.27, "Total Cost": 934826.64, "Plan Rows": 1, "Plan Width": 44, "Inner Unique": true, "Plans": [{"Node Type": "Nested Loop", "Parent Relationship": "Outer", "Join Type": "Inner", "Startup Cost": 72601.01, "Total Cost": 934822.36, "Plan Rows": 1, "Plan Width": 44, "Inner Unique": false, "Join Filter": "(supplier.s_suppkey = lineitem.l_suppkey)", "Plans": [{"Node Type": "Hash Join", "Parent Relationship": "Outer", "Join Type": "Inner", "Startup Cost": 72600.6, "Total Cost": 377416.42, "Plan Rows": 125630, "Plan Width": 44, "Inner Unique": true, "Hash Cond": "(partsupp.ps_suppkey = supplier.s_suppkey), (LLVM Optimized)", "Plans": [{"Node Type": "Hash Join", "Parent Relationship": "Outer", "Join Type": "Inner", "Startup Cost": 68067.6, "Total Cost": 370653.38, "Plan Rows": 259666, "Plan Width": 32, "Inner Unique": true, "Hash Cond": "(partsupp.ps_partkey = part.p_partkey), (LLVM Optimized)", "Plans": [{"Node Type": "Seq Scan", "Parent Relationship": "Outer", "Relation Name": "partsupp", "Alias": "partsupp", "Startup Cost": 0.0, "Total Cost": 269987.72, "Plan Rows": 8000372, "Plan Width": 24}, {"Node Type": "Hash", "Parent Relationship": "Inner", "Startup Cost": 66944.0, "Total Cost": 66944.0, "Plan Rows": 89888, "Plan Width": 8, "Plans": [{"Node Type": "Seq Scan", "Parent Relationship": "Outer", "Relation Name": "part", "Alias": "part", "Startup Cost": 0.0, "Total Cost": 66944.0, "Plan Rows": 89888, "Plan Width": 8, "Filter": "((p_name)::text ~~ '%dim%'::text)"}]}]}, {"Node Type": "Hash", "Parent Relationship": "Inner", "Startup Cost": 3283.0, "Total Cost": 3283.0, "Plan Rows": 100000, "Plan Width": 12, "Plans": [{"Node Type": "Seq Scan", "Parent Relationship": "Outer", "Relation Name": "supplier", "Alias": "supplier", "Startup Cost": 0.0, "Total Cost": 3283.0, "Plan Rows": 100000, "Plan Width": 12}]}]}, {"Node Type": "Bitmap Heap Scan", "Parent Relationship": "Inner", "Relation Name": "lineitem", "Alias": "lineitem", "Startup Cost": 0.41, "Total Cost": 4.42, "Plan Rows": 1, "Plan Width": 48, "Recheck Cond": "((l_partkey = partsupp.ps_partkey) AND (l_suppkey = partsupp.ps_suppkey))", "Plans": [{"Node Type": "Bitmap Index Scan", "Parent Relationship": "Outer", "Index Name": "idx_lineitem_part_supp", "Startup Cost": 0.0, "Total Cost": 0.41, "Plan Rows": 1, "Plan Width": 0, "Index Cond": "((l_partkey = partsupp.ps_partkey) AND (l_suppkey = partsupp.ps_suppkey))"}]}]}, {"Node Type": "Bitmap Heap Scan", "Parent Relationship": "Inner", "Relation Name": "orders", "Alias": "orders", "Startup Cost": 0.26, "Total Cost": 4.27, "Plan Rows": 1, "Plan Width": 16, "Recheck Cond": "(o_orderkey = lineitem.l_orderkey)", "Plans": [{"Node Type": "Bitmap Index Scan", "Parent Relationship": "Outer", "Index Name": "orders_pkey", "Startup Cost": 0.0, "Total Cost": 0.26, "Plan Rows": 1, "Plan Width": 0, "Index Cond": "(o_orderkey = lineitem.l_orderkey)"}]}]}, {"Node Type": "Bitmap Heap Scan", "Parent Relationship": "Inner", "Relation Name": "nation", "Alias": "nation", "Startup Cost": 0.26, "Total Cost": 4.27, "Plan Rows": 1, "Plan Width": 30, "Recheck Cond": "(n_nationkey = supplier.s_nationkey)", "Plans": [{"Node Type": "Bitmap Index Scan", "Parent Relationship": "Outer", "Index Name": "nation_pkey", "Startup Cost": 0.0, "Total Cost": 0.26, "Plan Rows": 1, "Plan Width": 0, "Index Cond": "(n_nationkey = supplier.s_nationkey)"}]}]}]}]}, "Unique SQL Id": 3628361425}, "explain_analyze_plan": {"Plan": {"Node Type": "Sort", "Startup Cost": 934830.96, "Total Cost": 934830.97, "Plan Rows": 1, "Plan Width": 74, "Actual Startup Time": 72924.863, "Actual Total Time": 72924.877, "Actual Rows": 175, "Actual Loops": 1, "Sort Key": ["nation.n_name", "(date_part('year'::text, orders.o_orderdate)) DESC"], "Sort Method": "quicksort", "Sort Space Used": 52, "Sort Space Type": "Memory", "Plans": [{"Node Type": "Aggregate", "Strategy": "Hashed", "Parent Relationship": "Outer", "Startup Cost": 934830.94, "Total Cost": 934830.95, "Plan Rows": 1, "Plan Width": 74, "Actual Startup Time": 72924.454, "Actual Total Time": 72924.504, "Actual Rows": 175, "Actual Loops": 1, "Group By Key": ["nation.n_name", "date_part('year'::text, orders.o_orderdate)"], "Plans": [{"Node Type": "Nested Loop", "Parent Relationship": "Outer", "Join Type": "Inner", "Startup Cost": 72601.53, "Total Cost": 934830.92, "Plan Rows": 1, "Plan Width": 66, "Actual Startup Time": 1096.822, "Actual Total Time": 68764.168, "Actual Rows": 3256948, "Actual Loops": 1, "Inner Unique": true, "Plans": [{"Node Type": "Nested Loop", "Parent Relationship": "Outer", "Join Type": "Inner", "Startup Cost": 72601.27, "Total Cost": 934826.64, "Plan Rows": 1, "Plan Width": 44, "Actual Startup Time": 1096.774, "Actual Total Time": 54785.955, "Actual Rows": 3256948, "Actual Loops": 1, "Inner Unique": true, "Plans": [{"Node Type": "Nested Loop", "Parent Relationship": "Outer", "Join Type": "Inner", "Startup Cost": 72601.01, "Total Cost": 934822.36, "Plan Rows": 1, "Plan Width": 44, "Actual Startup Time": 1096.745, "Actual Total Time": 21766.673, "Actual Rows": 3256948, "Actual Loops": 1, "Inner Unique": false, "Join Filter": "(supplier.s_suppkey = lineitem.l_suppkey)", "Rows Removed by Join Filter": 0, "Plans": [{"Node Type": "Hash Join", "Parent Relationship": "Outer", "Join Type": "Inner", "Startup Cost": 72600.6, "Total Cost": 377416.42, "Plan Rows": 125630, "Plan Width": 44, "Actual Startup Time": 1096.578, "Actual Total Time": 6276.53, "Actual Rows": 434204, "Actual Loops": 1, "Inner Unique": true, "Hash Cond": "(partsupp.ps_suppkey = supplier.s_suppkey), (LLVM Optimized, Jit Execute)", "Plans": [{"Node Type": "Hash Join", "Parent Relationship": "Outer", "Join Type": "Inner", "Startup Cost": 68067.6, "Total Cost": 370653.38, "Plan Rows": 259666, "Plan Width": 32, "Actual Startup Time": 1032.804, "Actual Total Time": 5785.636, "Actual Rows": 434204, "Actual Loops": 1, "Inner Unique": true, "Hash Cond": "(partsupp.ps_partkey = part.p_partkey), (LLVM Optimized, Jit Execute)", "Plans": [{"Node Type": "Seq Scan", "Parent Relationship": "Outer", "Relation Name": "partsupp", "Alias": "partsupp", "Startup Cost": 0.0, "Total Cost": 269987.72, "Plan Rows": 8000372, "Plan Width": 24, "Actual Startup Time": 0.015, "Actual Total Time": 2566.486, "Actual Rows": 8000000, "Actual Loops": 1}, {"Node Type": "Hash", "Parent Relationship": "Inner", "Startup Cost": 66944.0, "Total Cost": 66944.0, "Plan Rows": 89888, "Plan Width": 8, "Actual Startup Time": 1032.639, "Actual Total Time": 1032.639, "Actual Rows": 108551, "Actual Loops": 1, "Hash Buckets": 131072, "Hash Batches": 1, "Original Hash Batches": 1, "Peak Memory Usage": 4241, "Plans": [{"Node Type": "Seq Scan", "Parent Relationship": "Outer", "Relation Name": "part", "Alias": "part", "Startup Cost": 0.0, "Total Cost": 66944.0, "Plan Rows": 89888, "Plan Width": 8, "Actual Startup Time": 0.051, "Actual Total Time": 990.119, "Actual Rows": 108551, "Actual Loops": 1, "Filter": "((p_name)::text ~~ '%dim%'::text)", "Rows Removed by Filter": 1891449}]}]}, {"Node Type": "Hash", "Parent Relationship": "Inner", "Startup Cost": 3283.0, "Total Cost": 3283.0, "Plan Rows": 100000, "Plan Width": 12, "Actual Startup Time": 63.665, "Actual Total Time": 63.665, "Actual Rows": 100000, "Actual Loops": 1, "Hash Buckets": 131072, "Hash Batches": 1, "Original Hash Batches": 1, "Peak Memory Usage": 4297, "Plans": [{"Node Type": "Seq Scan", "Parent Relationship": "Outer", "Relation Name": "supplier", "Alias": "supplier", "Startup Cost": 0.0, "Total Cost": 3283.0, "Plan Rows": 100000, "Plan Width": 12, "Actual Startup Time": 0.025, "Actual Total Time": 35.547, "Actual Rows": 100000, "Actual Loops": 1}]}]}, {"Node Type": "Bitmap Heap Scan", "Parent Relationship": "Inner", "Relation Name": "lineitem", "Alias": "lineitem", "Startup Cost": 0.41, "Total Cost": 4.42, "Plan Rows": 1, "Plan Width": 48, "Actual Startup Time": 4980.329, "Actual Total Time": 13326.642, "Actual Rows": 3256948, "Actual Loops": 434204, "Recheck Cond": "((l_partkey = partsupp.ps_partkey) AND (l_suppkey = partsupp.ps_suppkey))", "Rows Removed by Index Recheck": 0, "Exact Heap Blocks": 3256937, "Lossy Heap Blocks": 3256937, "Plans": [{"Node Type": "Bitmap Index Scan", "Parent Relationship": "Outer", "Index Name": "idx_lineitem_part_supp", "Startup Cost": 0.0, "Total Cost": 0.41, "Plan Rows": 1, "Plan Width": 0, "Actual Startup Time": 2828.636, "Actual Total Time": 2828.636, "Actual Rows": 3256948, "Actual Loops": 434204, "Index Cond": "((l_partkey = partsupp.ps_partkey) AND (l_suppkey = partsupp.ps_suppkey))"}]}]}, {"Node Type": "Bitmap Heap Scan", "Parent Relationship": "Inner", "Relation Name": "orders", "Alias": "orders", "Startup Cost": 0.26, "Total Cost": 4.27, "Plan Rows": 1, "Plan Width": 16, "Actual Startup Time": 28391.128, "Actual Total Time": 28391.128, "Actual Rows": 3256948, "Actual Loops": 3256948, "Recheck Cond": "(o_orderkey = lineitem.l_orderkey)", "Rows Removed by Index Recheck": 0, "Exact Heap Blocks": 3256948, "Lossy Heap Blocks": 3256948, "Plans": [{"Node Type": "Bitmap Index Scan", "Parent Relationship": "Outer", "Index Name": "orders_pkey", "Startup Cost": 0.0, "Total Cost": 0.26, "Plan Rows": 1, "Plan Width": 0, "Actual Startup Time": 18422.203, "Actual Total Time": 18422.203, "Actual Rows": 3256948, "Actual Loops": 3256948, "Index Cond": "(o_orderkey = lineitem.l_orderkey)"}]}]}, {"Node Type": "Bitmap Heap Scan", "Parent Relationship": "Inner", "Relation Name": "nation", "Alias": "nation", "Startup Cost": 0.26, "Total Cost": 4.27, "Plan Rows": 1, "Plan Width": 30, "Actual Startup Time": 7785.305, "Actual Total Time": 7785.305, "Actual Rows": 3256948, "Actual Loops": 3256948, "Recheck Cond": "(n_nationkey = supplier.s_nationkey)", "Rows Removed by Index Recheck": 0, "Exact Heap Blocks": 3256948, "Lossy Heap Blocks": 3256948, "Plans": [{"Node Type": "Bitmap Index Scan", "Parent Relationship": "Outer", "Index Name": "nation_pkey", "Startup Cost": 0.0, "Total Cost": 0.26, "Plan Rows": 1, "Plan Width": 0, "Actual Startup Time": 3371.504, "Actual Total Time": 3371.504, "Actual Rows": 3256948, "Actual Loops": 3256948, "Index Cond": "(n_nationkey = supplier.s_nationkey)"}]}]}]}]}, "Triggers": [], "Planner Runtime": 41.111, "Total Runtime": 72934.195, "Unique SQL Id": 3628361425}}, "(64, 67)": {"explain_plan": {"Plan": {"Node Type": "Sort", "Startup Cost": 1000008167021.57, "Total Cost": 1000008167021.58, "Plan Rows": 1, "Plan Width": 74, "Sort Key": ["nation.n_name", "(date_part('year'::text, orders.o_orderdate)) DESC"], "Plans": [{"Node Type": "Aggregate", "Strategy": "Hashed", "Parent Relationship": "Outer", "Startup Cost": 1000008167021.55, "Total Cost": 1000008167021.56, "Plan Rows": 1, "Plan Width": 74, "Group By Key": ["nation.n_name", "date_part('year'::text, orders.o_orderdate)"], "Plans": [{"Node Type": "Nested Loop", "Parent Relationship": "Outer", "Join Type": "Inner", "Startup Cost": 10000000002.75, "Total Cost": 1000008167021.53, "Plan Rows": 1, "Plan Width": 66, "Inner Unique": true, "Plans": [{"Node Type": "Nested Loop", "Parent Relationship": "Outer", "Join Type": "Inner", "Startup Cost": 10000000002.5, "Total Cost": 1000008167017.25, "Plan Rows": 1, "Plan Width": 44, "Inner Unique": true, "Plans": [{"Node Type": "Nested Loop", "Parent Relationship": "Outer", "Join Type": "Inner", "Startup Cost": 10000000002.24, "Total Cost": 1000008167012.96, "Plan Rows": 1, "Plan Width": 44, "Inner Unique": true, "Join Filter": "(partsupp.ps_partkey = part.p_partkey)", "Plans": [{"Node Type": "Nested Loop", "Parent Relationship": "Outer", "Join Type": "Inner", "Startup Cost": 10000000001.98, "Total Cost": 1000008166987.25, "Plan Rows": 6, "Plan Width": 60, "Inner Unique": false, "Join Filter": "(supplier.s_suppkey = lineitem.l_suppkey)", "Plans": [{"Node Type": "Nested Loop", "Parent Relationship": "Outer", "Join Type": "Inner", "Startup Cost": 10000000001.57, "Total Cost": 1000002201599.04, "Plan Rows": 1344499, "Plan Width": 36, "Inner Unique": false, "Plans": [{"Node Type": "Index Scan", "Parent Relationship": "Outer", "Scan Direction": "Forward", "Index Name": "idx_supplier_nation_key", "Relation Name": "supplier", "Alias": "supplier", "Startup Cost": 10000000000.0, "Total Cost": 1000001217556.78, "Plan Rows": 100000, "Plan Width": 12}, {"Node Type": "Bitmap Heap Scan", "Parent Relationship": "Inner", "Relation Name": "partsupp", "Alias": "partsupp", "Startup Cost": 1.57, "Total Cost": 9.71, "Plan Rows": 13, "Plan Width": 24, "Recheck Cond": "(ps_suppkey = supplier.s_suppkey)", "Plans": [{"Node Type": "Bitmap Index Scan", "Parent Relationship": "Outer", "Index Name": "idx_partsupp_suppkey", "Startup Cost": 0.0, "Total Cost": 1.56, "Plan Rows": 13, "Plan Width": 0, "Index Cond": "(ps_suppkey = supplier.s_suppkey)"}]}]}, {"Node Type": "Bitmap Heap Scan", "Parent Relationship": "Inner", "Relation Name": "lineitem", "Alias": "lineitem", "Startup Cost": 0.41, "Total Cost": 4.42, "Plan Rows": 1, "Plan Width": 48, "Recheck Cond": "((l_partkey = partsupp.ps_partkey) AND (l_suppkey = partsupp.ps_suppkey))", "Plans": [{"Node Type": "Bitmap Index Scan", "Parent Relationship": "Outer", "Index Name": "idx_lineitem_part_supp", "Startup Cost": 0.0, "Total Cost": 0.41, "Plan Rows": 1, "Plan Width": 0, "Index Cond": "((l_partkey = partsupp.ps_partkey) AND (l_suppkey = partsupp.ps_suppkey))"}]}]}, {"Node Type": "Bitmap Heap Scan", "Parent Relationship": "Inner", "Relation Name": "part", "Alias": "part", "Startup Cost": 0.26, "Total Cost": 4.27, "Plan Rows": 1, "Plan Width": 8, "Recheck Cond": "(p_partkey = lineitem.l_partkey)", "Filter": "((p_name)::text ~~ '%dim%'::text)", "Plans": [{"Node Type": "Bitmap Index Scan", "Parent Relationship": "Outer", "Index Name": "part_kpey", "Startup Cost": 0.0, "Total Cost": 0.26, "Plan Rows": 1, "Plan Width": 0, "Index Cond": "(p_partkey = lineitem.l_partkey)"}]}]}, {"Node Type": "Bitmap Heap Scan", "Parent Relationship": "Inner", "Relation Name": "orders", "Alias": "orders", "Startup Cost": 0.26, "Total Cost": 4.27, "Plan Rows": 1, "Plan Width": 16, "Recheck Cond": "(o_orderkey = lineitem.l_orderkey)", "Plans": [{"Node Type": "Bitmap Index Scan", "Parent Relationship": "Outer", "Index Name": "orders_pkey", "Startup Cost": 0.0, "Total Cost": 0.26, "Plan Rows": 1, "Plan Width": 0, "Index Cond": "(o_orderkey = lineitem.l_orderkey)"}]}]}, {"Node Type": "Bitmap Heap Scan", "Parent Relationship": "Inner", "Relation Name": "nation", "Alias": "nation", "Startup Cost": 0.26, "Total Cost": 4.27, "Plan Rows": 1, "Plan Width": 30, "Recheck Cond": "(n_nationkey = supplier.s_nationkey)", "Plans": [{"Node Type": "Bitmap Index Scan", "Parent Relationship": "Outer", "Index Name": "nation_pkey", "Startup Cost": 0.0, "Total Cost": 0.26, "Plan Rows": 1, "Plan Width": 0, "Index Cond": "(n_nationkey = supplier.s_nationkey)"}]}]}]}]}, "Unique SQL Id": 3628361425}, "explain_analyze_plan": null}, "(64, 68)": {"explain_plan": {"Plan": {"Node Type": "Sort", "Startup Cost": 521166.05, "Total Cost": 521166.06, "Plan Rows": 1, "Plan Width": 74, "Sort Key": ["nation.n_name", "(date_part('year'::text, orders.o_orderdate)) DESC"], "Plans": [{"Node Type": "Aggregate", "Strategy": "Hashed", "Parent Relationship": "Outer", "Startup Cost": 521166.03, "Total Cost": 521166.04, "Plan Rows": 1, "Plan Width": 74, "Group By Key": ["nation.n_name", "date_part('year'::text, orders.o_orderdate)"], "Plans": [{"Node Type": "Nested Loop", "Parent Relationship": "Outer", "Join Type": "Inner", "Startup Cost": 72600.6, "Total Cost": 521166.01, "Plan Rows": 1, "Plan Width": 66, "Inner Unique": true, "Plans": [{"Node Type": "Nested Loop", "Parent Relationship": "Outer", "Join Type": "Inner", "Startup Cost": 72600.6, "Total Cost": 521165.73, "Plan Rows": 1, "Plan Width": 44, "Inner Unique": true, "Plans": [{"Node Type": "Nested Loop", "Parent Relationship": "Outer", "Join Type": "Inner", "Startup Cost": 72600.6, "Total Cost": 521165.43, "Plan Rows": 1, "Plan Width": 44, "Inner Unique": false, "Join Filter": "(supplier.s_suppkey = lineitem.l_suppkey)", "Plans": [{"Node Type": "Hash Join", "Parent Relationship": "Outer", "Join Type": "Inner", "Startup Cost": 72600.6, "Total Cost": 377416.42, "Plan Rows": 125630, "Plan Width": 44, "Inner Unique": true, "Hash Cond": "(partsupp.ps_suppkey = supplier.s_suppkey), (LLVM Optimized)", "Plans": [{"Node Type": "Hash Join", "Parent Relationship": "Outer", "Join Type": "Inner", "Startup Cost": 68067.6, "Total Cost": 370653.38, "Plan Rows": 259666, "Plan Width": 32, "Inner Unique": true, "Hash Cond": "(partsupp.ps_partkey = part.p_partkey), (LLVM Optimized)", "Plans": [{"Node Type": "Seq Scan", "Parent Relationship": "Outer", "Relation Name": "partsupp", "Alias": "partsupp", "Startup Cost": 0.0, "Total Cost": 269987.72, "Plan Rows": 8000372, "Plan Width": 24}, {"Node Type": "Hash", "Parent Relationship": "Inner", "Startup Cost": 66944.0, "Total Cost": 66944.0, "Plan Rows": 89888, "Plan Width": 8, "Plans": [{"Node Type": "Seq Scan", "Parent Relationship": "Outer", "Relation Name": "part", "Alias": "part", "Startup Cost": 0.0, "Total Cost": 66944.0, "Plan Rows": 89888, "Plan Width": 8, "Filter": "((p_name)::text ~~ '%dim%'::text)"}]}]}, {"Node Type": "Hash", "Parent Relationship": "Inner", "Startup Cost": 3283.0, "Total Cost": 3283.0, "Plan Rows": 100000, "Plan Width": 12, "Plans": [{"Node Type": "Seq Scan", "Parent Relationship": "Outer", "Relation Name": "supplier", "Alias": "supplier", "Startup Cost": 0.0, "Total Cost": 3283.0, "Plan Rows": 100000, "Plan Width": 12}]}]}, {"Node Type": "Index Scan", "Parent Relationship": "Inner", "Scan Direction": "Forward", "Index Name": "idx_lineitem_part_supp", "Relation Name": "lineitem", "Alias": "lineitem", "Startup Cost": 0.0, "Total Cost": 1.13, "Plan Rows": 1, "Plan Width": 48, "Index Cond": "((l_partkey = partsupp.ps_partkey) AND (l_suppkey = partsupp.ps_suppkey))"}]}, {"Node Type": "Index Scan", "Parent Relationship": "Inner", "Scan Direction": "Forward", "Index Name": "orders_pkey", "Relation Name": "orders", "Alias": "orders", "Startup Cost": 0.0, "Total Cost": 0.29, "Plan Rows": 1, "Plan Width": 16, "Index Cond": "(o_orderkey = lineitem.l_orderkey)"}]}, {"Node Type": "Index Scan", "Parent Relationship": "Inner", "Scan Direction": "Forward", "Index Name": "nation_pkey", "Relation Name": "nation", "Alias": "nation", "Startup Cost": 0.0, "Total Cost": 0.27, "Plan Rows": 1, "Plan Width": 30, "Index Cond": "(n_nationkey = supplier.s_nationkey)"}]}]}]}, "Unique SQL Id": 3628361425}, "explain_analyze_plan": {"Plan": {"Node Type": "Sort", "Startup Cost": 521166.05, "Total Cost": 521166.06, "Plan Rows": 1, "Plan Width": 74, "Actual Startup Time": 58932.736, "Actual Total Time": 58932.749, "Actual Rows": 175, "Actual Loops": 1, "Sort Key": ["nation.n_name", "(date_part('year'::text, orders.o_orderdate)) DESC"], "Sort Method": "quicksort", "Sort Space Used": 52, "Sort Space Type": "Memory", "Plans": [{"Node Type": "Aggregate", "Strategy": "Hashed", "Parent Relationship": "Outer", "Startup Cost": 521166.03, "Total Cost": 521166.04, "Plan Rows": 1, "Plan Width": 74, "Actual Startup Time": 58932.337, "Actual Total Time": 58932.379, "Actual Rows": 175, "Actual Loops": 1, "Group By Key": ["nation.n_name", "date_part('year'::text, orders.o_orderdate)"], "Plans": [{"Node Type": "Nested Loop", "Parent Relationship": "Outer", "Join Type": "Inner", "Startup Cost": 72600.6, "Total Cost": 521166.01, "Plan Rows": 1, "Plan Width": 66, "Actual Startup Time": 1103.433, "Actual Total Time": 55092.664, "Actual Rows": 3256948, "Actual Loops": 1, "Inner Unique": true, "Plans": [{"Node Type": "Nested Loop", "Parent Relationship": "Outer", "Join Type": "Inner", "Startup Cost": 72600.6, "Total Cost": 521165.73, "Plan Rows": 1, "Plan Width": 44, "Actual Startup Time": 1103.363, "Actual Total Time": 46615.878, "Actual Rows": 3256948, "Actual Loops": 1, "Inner Unique": true, "Plans": [{"Node Type": "Nested Loop", "Parent Relationship": "Outer", "Join Type": "Inner", "Startup Cost": 72600.6, "Total Cost": 521165.43, "Plan Rows": 1, "Plan Width": 44, "Actual Startup Time": 1103.339, "Actual Total Time": 18831.717, "Actual Rows": 3256948, "Actual Loops": 1, "Inner Unique": false, "Join Filter": "(supplier.s_suppkey = lineitem.l_suppkey)", "Rows Removed by Join Filter": 0, "Plans": [{"Node Type": "Hash Join", "Parent Relationship": "Outer", "Join Type": "Inner", "Startup Cost": 72600.6, "Total Cost": 377416.42, "Plan Rows": 125630, "Plan Width": 44, "Actual Startup Time": 1103.287, "Actual Total Time": 6244.441, "Actual Rows": 434204, "Actual Loops": 1, "Inner Unique": true, "Hash Cond": "(partsupp.ps_suppkey = supplier.s_suppkey), (LLVM Optimized, Jit Execute)", "Plans": [{"Node Type": "Hash Join", "Parent Relationship": "Outer", "Join Type": "Inner", "Startup Cost": 68067.6, "Total Cost": 370653.38, "Plan Rows": 259666, "Plan Width": 32, "Actual Startup Time": 1038.788, "Actual Total Time": 5788.774, "Actual Rows": 434204, "Actual Loops": 1, "Inner Unique": true, "Hash Cond": "(partsupp.ps_partkey = part.p_partkey), (LLVM Optimized, Jit Execute)", "Plans": [{"Node Type": "Seq Scan", "Parent Relationship": "Outer", "Relation Name": "partsupp", "Alias": "partsupp", "Startup Cost": 0.0, "Total Cost": 269987.72, "Plan Rows": 8000372, "Plan Width": 24, "Actual Startup Time": 0.012, "Actual Total Time": 2567.433, "Actual Rows": 8000000, "Actual Loops": 1}, {"Node Type": "Hash", "Parent Relationship": "Inner", "Startup Cost": 66944.0, "Total Cost": 66944.0, "Plan Rows": 89888, "Plan Width": 8, "Actual Startup Time": 1038.64, "Actual Total Time": 1038.64, "Actual Rows": 108551, "Actual Loops": 1, "Hash Buckets": 131072, "Hash Batches": 1, "Original Hash Batches": 1, "Peak Memory Usage": 4241, "Plans": [{"Node Type": "Seq Scan", "Parent Relationship": "Outer", "Relation Name": "part", "Alias": "part", "Startup Cost": 0.0, "Total Cost": 66944.0, "Plan Rows": 89888, "Plan Width": 8, "Actual Startup Time": 0.042, "Actual Total Time": 1000.506, "Actual Rows": 108551, "Actual Loops": 1, "Filter": "((p_name)::text ~~ '%dim%'::text)", "Rows Removed by Filter": 1891449}]}]}, {"Node Type": "Hash", "Parent Relationship": "Inner", "Startup Cost": 3283.0, "Total Cost": 3283.0, "Plan Rows": 100000, "Plan Width": 12, "Actual Startup Time": 64.394, "Actual Total Time": 64.394, "Actual Rows": 100000, "Actual Loops": 1, "Hash Buckets": 131072, "Hash Batches": 1, "Original Hash Batches": 1, "Peak Memory Usage": 4297, "Plans": [{"Node Type": "Seq Scan", "Parent Relationship": "Outer", "Relation Name": "supplier", "Alias": "supplier", "Startup Cost": 0.0, "Total Cost": 3283.0, "Plan Rows": 100000, "Plan Width": 12, "Actual Startup Time": 0.03, "Actual Total Time": 36.628, "Actual Rows": 100000, "Actual Loops": 1}]}]}, {"Node Type": "Index Scan", "Parent Relationship": "Inner", "Scan Direction": "Forward", "Index Name": "idx_lineitem_part_supp", "Relation Name": "lineitem", "Alias": "lineitem", "Startup Cost": 0.0, "Total Cost": 1.13, "Plan Rows": 1, "Plan Width": 48, "Actual Startup Time": 3128.663, "Actual Total Time": 10882.76, "Actual Rows": 3256948, "Actual Loops": 434204, "Index Cond": "((l_partkey = partsupp.ps_partkey) AND (l_suppkey = partsupp.ps_suppkey))", "Rows Removed by Index Recheck": 0}]}, {"Node Type": "Index Scan", "Parent Relationship": "Inner", "Scan Direction": "Forward", "Index Name": "orders_pkey", "Relation Name": "orders", "Alias": "orders", "Startup Cost": 0.0, "Total Cost": 0.29, "Plan Rows": 1, "Plan Width": 16, "Actual Startup Time": 24997.016, "Actual Total Time": 24997.016, "Actual Rows": 3256948, "Actual Loops": 3256948, "Index Cond": "(o_orderkey = lineitem.l_orderkey)", "Rows Removed by Index Recheck": 0}]}, {"Node Type": "Index Scan", "Parent Relationship": "Inner", "Scan Direction": "Forward", "Index Name": "nation_pkey", "Relation Name": "nation", "Alias": "nation", "Startup Cost": 0.0, "Total Cost": 0.27, "Plan Rows": 1, "Plan Width": 30, "Actual Startup Time": 4454.455, "Actual Total Time": 4454.455, "Actual Rows": 3256948, "Actual Loops": 3256948, "Index Cond": "(n_nationkey = supplier.s_nationkey)", "Rows Removed by Index Recheck": 0}]}]}]}, "Triggers": [], "Planner Runtime": 35.792, "Total Runtime": 58943.737, "Unique SQL Id": 3628361425}}, "(64, 69)": {"explain_plan": {"Plan": {"Node Type": "Sort", "Startup Cost": 701189.51, "Total Cost": 701189.52, "Plan Rows": 1, "Plan Width": 74, "Sort Key": ["nation.n_name", "(date_part('year'::text, orders.o_orderdate)) DESC"], "Plans": [{"Node Type": "Aggregate", "Strategy": "Hashed", "Parent Relationship": "Outer", "Startup Cost": 701189.49, "Total Cost": 701189.5, "Plan Rows": 1, "Plan Width": 74, "Group By Key": ["nation.n_name", "date_part('year'::text, orders.o_orderdate)"], "Plans": [{"Node Type": "Nested Loop", "Parent Relationship": "Outer", "Join Type": "Inner", "Startup Cost": 6584.54, "Total Cost": 701189.47, "Plan Rows": 1, "Plan Width": 66, "Inner Unique": true, "Plans": [{"Node Type": "Nested Loop", "Parent Relationship": "Outer", "Join Type": "Inner", "Startup Cost": 6584.54, "Total Cost": 701189.19, "Plan Rows": 1, "Plan Width": 44, "Inner Unique": true, "Plans": [{"Node Type": "Nested Loop", "Parent Relationship": "Outer", "Join Type": "Inner", "Startup Cost": 6584.54, "Total Cost": 701188.89, "Plan Rows": 1, "Plan Width": 44, "Inner Unique": false, "Join Filter": "(supplier.s_suppkey = lineitem.l_suppkey)", "Plans": [{"Node Type": "Hash Join", "Parent Relationship": "Outer", "Join Type": "Inner", "Startup Cost": 6584.54, "Total Cost": 557439.88, "Plan Rows": 125630, "Plan Width": 44, "Inner Unique": true, "Hash Cond": "(partsupp.ps_suppkey = supplier.s_suppkey), (LLVM Optimized)", "Plans": [{"Node Type": "Nested Loop", "Parent Relationship": "Outer", "Join Type": "Inner", "Startup Cost": 0.0, "Total Cost": 548625.29, "Plan Rows": 259666, "Plan Width": 32, "Inner Unique": false, "Plans": [{"Node Type": "Index Scan", "Parent Relationship": "Outer", "Scan Direction": "Forward", "Index Name": "part_kpey", "Relation Name": "part", "Alias": "part", "Startup Cost": 0.0, "Total Cost": 105803.25, "Plan Rows": 89888, "Plan Width": 8, "Filter": "((p_name)::text ~~ '%dim%'::text)"}, {"Node Type": "Index Scan", "Parent Relationship": "Inner", "Scan Direction": "Forward", "Index Name": "idx_partsupp_partkey", "Relation Name": "partsupp", "Alias": "partsupp", "Startup Cost": 0.0, "Total Cost": 4.9, "Plan Rows": 3, "Plan Width": 24, "Index Cond": "(ps_partkey = part.p_partkey)"}]}, {"Node Type": "Hash", "Parent Relationship": "Inner", "Startup Cost": 5334.54, "Total Cost": 5334.54, "Plan Rows": 100000, "Plan Width": 12, "Plans": [{"Node Type": "Index Scan", "Parent Relationship": "Outer", "Scan Direction": "Forward", "Index Name": "supplier_pkey", "Relation Name": "supplier", "Alias": "supplier", "Startup Cost": 0.0, "Total Cost": 5334.54, "Plan Rows": 100000, "Plan Width": 12}]}]}, {"Node Type": "Index Scan", "Parent Relationship": "Inner", "Scan Direction": "Forward", "Index Name": "idx_lineitem_part_supp", "Relation Name": "lineitem", "Alias": "lineitem", "Startup Cost": 0.0, "Total Cost": 1.13, "Plan Rows": 1, "Plan Width": 48, "Index Cond": "((l_partkey = partsupp.ps_partkey) AND (l_suppkey = partsupp.ps_suppkey))"}]}, {"Node Type": "Index Scan", "Parent Relationship": "Inner", "Scan Direction": "Forward", "Index Name": "orders_pkey", "Relation Name": "orders", "Alias": "orders", "Startup Cost": 0.0, "Total Cost": 0.29, "Plan Rows": 1, "Plan Width": 16, "Index Cond": "(o_orderkey = lineitem.l_orderkey)"}]}, {"Node Type": "Index Scan", "Parent Relationship": "Inner", "Scan Direction": "Forward", "Index Name": "nation_pkey", "Relation Name": "nation", "Alias": "nation", "Startup Cost": 0.0, "Total Cost": 0.27, "Plan Rows": 1, "Plan Width": 30, "Index Cond": "(n_nationkey = supplier.s_nationkey)"}]}]}]}, "Unique SQL Id": 3628361425}, "explain_analyze_plan": {"Plan": {"Node Type": "Sort", "Startup Cost": 701189.51, "Total Cost": 701189.52, "Plan Rows": 1, "Plan Width": 74, "Actual Startup Time": 57219.783, "Actual Total Time": 57219.796, "Actual Rows": 175, "Actual Loops": 1, "Sort Key": ["nation.n_name", "(date_part('year'::text, orders.o_orderdate)) DESC"], "Sort Method": "quicksort", "Sort Space Used": 52, "Sort Space Type": "Memory", "Plans": [{"Node Type": "Aggregate", "Strategy": "Hashed", "Parent Relationship": "Outer", "Startup Cost": 701189.49, "Total Cost": 701189.5, "Plan Rows": 1, "Plan Width": 74, "Actual Startup Time": 57219.414, "Actual Total Time": 57219.454, "Actual Rows": 175, "Actual Loops": 1, "Group By Key": ["nation.n_name", "date_part('year'::text, orders.o_orderdate)"], "Plans": [{"Node Type": "Nested Loop", "Parent Relationship": "Outer", "Join Type": "Inner", "Startup Cost": 6584.54, "Total Cost": 701189.47, "Plan Rows": 1, "Plan Width": 66, "Actual Startup Time": 106.96, "Actual Total Time": 53460.735, "Actual Rows": 3256948, "Actual Loops": 1, "Inner Unique": true, "Plans": [{"Node Type": "Nested Loop", "Parent Relationship": "Outer", "Join Type": "Inner", "Startup Cost": 6584.54, "Total Cost": 701189.19, "Plan Rows": 1, "Plan Width": 44, "Actual Startup Time": 106.934, "Actual Total Time": 44656.25, "Actual Rows": 3256948, "Actual Loops": 1, "Inner Unique": true, "Plans": [{"Node Type": "Nested Loop", "Parent Relationship": "Outer", "Join Type": "Inner", "Startup Cost": 6584.54, "Total Cost": 701188.89, "Plan Rows": 1, "Plan Width": 44, "Actual Startup Time": 106.911, "Actual Total Time": 16146.218, "Actual Rows": 3256948, "Actual Loops": 1, "Inner Unique": false, "Join Filter": "(supplier.s_suppkey = lineitem.l_suppkey)", "Rows Removed by Join Filter": 0, "Plans": [{"Node Type": "Hash Join", "Parent Relationship": "Outer", "Join Type": "Inner", "Startup Cost": 6584.54, "Total Cost": 557439.88, "Plan Rows": 125630, "Plan Width": 44, "Actual Startup Time": 106.873, "Actual Total Time": 3440.596, "Actual Rows": 434204, "Actual Loops": 1, "Inner Unique": true, "Hash Cond": "(partsupp.ps_suppkey = supplier.s_suppkey), (LLVM Optimized, Jit Execute)", "Plans": [{"Node Type": "Nested Loop", "Parent Relationship": "Outer", "Join Type": "Inner", "Startup Cost": 0.0, "Total Cost": 548625.29, "Plan Rows": 259666, "Plan Width": 32, "Actual Startup Time": 0.076, "Actual Total Time": 2929.188, "Actual Rows": 434204, "Actual Loops": 1, "Inner Unique": false, "Plans": [{"Node Type": "Index Scan", "Parent Relationship": "Outer", "Scan Direction": "Forward", "Index Name": "part_kpey", "Relation Name": "part", "Alias": "part", "Startup Cost": 0.0, "Total Cost": 105803.25, "Plan Rows": 89888, "Plan Width": 8, "Actual Startup Time": 0.056, "Actual Total Time": 1746.962, "Actual Rows": 108551, "Actual Loops": 1, "Filter": "((p_name)::text ~~ '%dim%'::text)", "Rows Removed by Filter": 1891449}, {"Node Type": "Index Scan", "Parent Relationship": "Inner", "Scan Direction": "Forward", "Index Name": "idx_partsupp_partkey", "Relation Name": "partsupp", "Alias": "partsupp", "Startup Cost": 0.0, "Total Cost": 4.9, "Plan Rows": 3, "Plan Width": 24, "Actual Startup Time": 684.56, "Actual Total Time": 978.245, "Actual Rows": 434204, "Actual Loops": 108551, "Index Cond": "(ps_partkey = part.p_partkey)", "Rows Removed by Index Recheck": 0}]}, {"Node Type": "Hash", "Parent Relationship": "Inner", "Startup Cost": 5334.54, "Total Cost": 5334.54, "Plan Rows": 100000, "Plan Width": 12, "Actual Startup Time": 106.68, "Actual Total Time": 106.68, "Actual Rows": 100000, "Actual Loops": 1, "Hash Buckets": 131072, "Hash Batches": 1, "Original Hash Batches": 1, "Peak Memory Usage": 4297, "Plans": [{"Node Type": "Index Scan", "Parent Relationship": "Outer", "Scan Direction": "Forward", "Index Name": "supplier_pkey", "Relation Name": "supplier", "Alias": "supplier", "Startup Cost": 0.0, "Total Cost": 5334.54, "Plan Rows": 100000, "Plan Width": 12, "Actual Startup Time": 0.02, "Actual Total Time": 78.377, "Actual Rows": 100000, "Actual Loops": 1}]}]}, {"Node Type": "Index Scan", "Parent Relationship": "Inner", "Scan Direction": "Forward", "Index Name": "idx_lineitem_part_supp", "Relation Name": "lineitem", "Alias": "lineitem", "Startup Cost": 0.0, "Total Cost": 1.13, "Plan Rows": 1, "Plan Width": 48, "Actual Startup Time": 3174.504, "Actual Total Time": 11019.482, "Actual Rows": 3256948, "Actual Loops": 434204, "Index Cond": "((l_partkey = partsupp.ps_partkey) AND (l_suppkey = partsupp.ps_suppkey))", "Rows Removed by Index Recheck": 0}]}, {"Node Type": "Index Scan", "Parent Relationship": "Inner", "Scan Direction": "Forward", "Index Name": "orders_pkey", "Relation Name": "orders", "Alias": "orders", "Startup Cost": 0.0, "Total Cost": 0.29, "Plan Rows": 1, "Plan Width": 16, "Actual Startup Time": 25705.885, "Actual Total Time": 25705.885, "Actual Rows": 3256948, "Actual Loops": 3256948, "Index Cond": "(o_orderkey = lineitem.l_orderkey)", "Rows Removed by Index Recheck": 0}]}, {"Node Type": "Index Scan", "Parent Relationship": "Inner", "Scan Direction": "Forward", "Index Name": "nation_pkey", "Relation Name": "nation", "Alias": "nation", "Startup Cost": 0.0, "Total Cost": 0.27, "Plan Rows": 1, "Plan Width": 30, "Actual Startup Time": 4680.015, "Actual Total Time": 4680.015, "Actual Rows": 3256948, "Actual Loops": 3256948, "Index Cond": "(n_nationkey = supplier.s_nationkey)", "Rows Removed by Index Recheck": 0}]}]}]}, "Triggers": [], "Planner Runtime": 33.676, "Total Runtime": 57229.802, "Unique SQL Id": 3628361425}}, "(64, 70)": {"explain_plan": {"Plan": {"Node Type": "Sort", "Startup Cost": 934830.96, "Total Cost": 934830.97, "Plan Rows": 1, "Plan Width": 74, "Sort Key": ["nation.n_name", "(date_part('year'::text, orders.o_orderdate)) DESC"], "Plans": [{"Node Type": "Aggregate", "Strategy": "Hashed", "Parent Relationship": "Outer", "Startup Cost": 934830.94, "Total Cost": 934830.95, "Plan Rows": 1, "Plan Width": 74, "Group By Key": ["nation.n_name", "date_part('year'::text, orders.o_orderdate)"], "Plans": [{"Node Type": "Nested Loop", "Parent Relationship": "Outer", "Join Type": "Inner", "Startup Cost": 72601.53, "Total Cost": 934830.92, "Plan Rows": 1, "Plan Width": 66, "Inner Unique": true, "Plans": [{"Node Type": "Nested Loop", "Parent Relationship": "Outer", "Join Type": "Inner", "Startup Cost": 72601.27, "Total Cost": 934826.64, "Plan Rows": 1, "Plan Width": 44, "Inner Unique": true, "Plans": [{"Node Type": "Nested Loop", "Parent Relationship": "Outer", "Join Type": "Inner", "Startup Cost": 72601.01, "Total Cost": 934822.36, "Plan Rows": 1, "Plan Width": 44, "Inner Unique": false, "Join Filter": "(supplier.s_suppkey = lineitem.l_suppkey)", "Plans": [{"Node Type": "Hash Join", "Parent Relationship": "Outer", "Join Type": "Inner", "Startup Cost": 72600.6, "Total Cost": 377416.42, "Plan Rows": 125630, "Plan Width": 44, "Inner Unique": true, "Hash Cond": "(partsupp.ps_suppkey = supplier.s_suppkey), (LLVM Optimized)", "Plans": [{"Node Type": "Hash Join", "Parent Relationship": "Outer", "Join Type": "Inner", "Startup Cost": 68067.6, "Total Cost": 370653.38, "Plan Rows": 259666, "Plan Width": 32, "Inner Unique": true, "Hash Cond": "(partsupp.ps_partkey = part.p_partkey), (LLVM Optimized)", "Plans": [{"Node Type": "Seq Scan", "Parent Relationship": "Outer", "Relation Name": "partsupp", "Alias": "partsupp", "Startup Cost": 0.0, "Total Cost": 269987.72, "Plan Rows": 8000372, "Plan Width": 24}, {"Node Type": "Hash", "Parent Relationship": "Inner", "Startup Cost": 66944.0, "Total Cost": 66944.0, "Plan Rows": 89888, "Plan Width": 8, "Plans": [{"Node Type": "Seq Scan", "Parent Relationship": "Outer", "Relation Name": "part", "Alias": "part", "Startup Cost": 0.0, "Total Cost": 66944.0, "Plan Rows": 89888, "Plan Width": 8, "Filter": "((p_name)::text ~~ '%dim%'::text)"}]}]}, {"Node Type": "Hash", "Parent Relationship": "Inner", "Startup Cost": 3283.0, "Total Cost": 3283.0, "Plan Rows": 100000, "Plan Width": 12, "Plans": [{"Node Type": "Seq Scan", "Parent Relationship": "Outer", "Relation Name": "supplier", "Alias": "supplier", "Startup Cost": 0.0, "Total Cost": 3283.0, "Plan Rows": 100000, "Plan Width": 12}]}]}, {"Node Type": "Bitmap Heap Scan", "Parent Relationship": "Inner", "Relation Name": "lineitem", "Alias": "lineitem", "Startup Cost": 0.41, "Total Cost": 4.42, "Plan Rows": 1, "Plan Width": 48, "Recheck Cond": "((l_partkey = partsupp.ps_partkey) AND (l_suppkey = partsupp.ps_suppkey))", "Plans": [{"Node Type": "Bitmap Index Scan", "Parent Relationship": "Outer", "Index Name": "idx_lineitem_part_supp", "Startup Cost": 0.0, "Total Cost": 0.41, "Plan Rows": 1, "Plan Width": 0, "Index Cond": "((l_partkey = partsupp.ps_partkey) AND (l_suppkey = partsupp.ps_suppkey))"}]}]}, {"Node Type": "Bitmap Heap Scan", "Parent Relationship": "Inner", "Relation Name": "orders", "Alias": "orders", "Startup Cost": 0.26, "Total Cost": 4.27, "Plan Rows": 1, "Plan Width": 16, "Recheck Cond": "(o_orderkey = lineitem.l_orderkey)", "Plans": [{"Node Type": "Bitmap Index Scan", "Parent Relationship": "Outer", "Index Name": "orders_pkey", "Startup Cost": 0.0, "Total Cost": 0.26, "Plan Rows": 1, "Plan Width": 0, "Index Cond": "(o_orderkey = lineitem.l_orderkey)"}]}]}, {"Node Type": "Bitmap Heap Scan", "Parent Relationship": "Inner", "Relation Name": "nation", "Alias": "nation", "Startup Cost": 0.26, "Total Cost": 4.27, "Plan Rows": 1, "Plan Width": 30, "Recheck Cond": "(n_nationkey = supplier.s_nationkey)", "Plans": [{"Node Type": "Bitmap Index Scan", "Parent Relationship": "Outer", "Index Name": "nation_pkey", "Startup Cost": 0.0, "Total Cost": 0.26, "Plan Rows": 1, "Plan Width": 0, "Index Cond": "(n_nationkey = supplier.s_nationkey)"}]}]}]}]}, "Unique SQL Id": 3628361425}, "explain_analyze_plan": {"Plan": {"Node Type": "Sort", "Startup Cost": 934830.96, "Total Cost": 934830.97, "Plan Rows": 1, "Plan Width": 74, "Actual Startup Time": 72924.863, "Actual Total Time": 72924.877, "Actual Rows": 175, "Actual Loops": 1, "Sort Key": ["nation.n_name", "(date_part('year'::text, orders.o_orderdate)) DESC"], "Sort Method": "quicksort", "Sort Space Used": 52, "Sort Space Type": "Memory", "Plans": [{"Node Type": "Aggregate", "Strategy": "Hashed", "Parent Relationship": "Outer", "Startup Cost": 934830.94, "Total Cost": 934830.95, "Plan Rows": 1, "Plan Width": 74, "Actual Startup Time": 72924.454, "Actual Total Time": 72924.504, "Actual Rows": 175, "Actual Loops": 1, "Group By Key": ["nation.n_name", "date_part('year'::text, orders.o_orderdate)"], "Plans": [{"Node Type": "Nested Loop", "Parent Relationship": "Outer", "Join Type": "Inner", "Startup Cost": 72601.53, "Total Cost": 934830.92, "Plan Rows": 1, "Plan Width": 66, "Actual Startup Time": 1096.822, "Actual Total Time": 68764.168, "Actual Rows": 3256948, "Actual Loops": 1, "Inner Unique": true, "Plans": [{"Node Type": "Nested Loop", "Parent Relationship": "Outer", "Join Type": "Inner", "Startup Cost": 72601.27, "Total Cost": 934826.64, "Plan Rows": 1, "Plan Width": 44, "Actual Startup Time": 1096.774, "Actual Total Time": 54785.955, "Actual Rows": 3256948, "Actual Loops": 1, "Inner Unique": true, "Plans": [{"Node Type": "Nested Loop", "Parent Relationship": "Outer", "Join Type": "Inner", "Startup Cost": 72601.01, "Total Cost": 934822.36, "Plan Rows": 1, "Plan Width": 44, "Actual Startup Time": 1096.745, "Actual Total Time": 21766.673, "Actual Rows": 3256948, "Actual Loops": 1, "Inner Unique": false, "Join Filter": "(supplier.s_suppkey = lineitem.l_suppkey)", "Rows Removed by Join Filter": 0, "Plans": [{"Node Type": "Hash Join", "Parent Relationship": "Outer", "Join Type": "Inner", "Startup Cost": 72600.6, "Total Cost": 377416.42, "Plan Rows": 125630, "Plan Width": 44, "Actual Startup Time": 1096.578, "Actual Total Time": 6276.53, "Actual Rows": 434204, "Actual Loops": 1, "Inner Unique": true, "Hash Cond": "(partsupp.ps_suppkey = supplier.s_suppkey), (LLVM Optimized, Jit Execute)", "Plans": [{"Node Type": "Hash Join", "Parent Relationship": "Outer", "Join Type": "Inner", "Startup Cost": 68067.6, "Total Cost": 370653.38, "Plan Rows": 259666, "Plan Width": 32, "Actual Startup Time": 1032.804, "Actual Total Time": 5785.636, "Actual Rows": 434204, "Actual Loops": 1, "Inner Unique": true, "Hash Cond": "(partsupp.ps_partkey = part.p_partkey), (LLVM Optimized, Jit Execute)", "Plans": [{"Node Type": "Seq Scan", "Parent Relationship": "Outer", "Relation Name": "partsupp", "Alias": "partsupp", "Startup Cost": 0.0, "Total Cost": 269987.72, "Plan Rows": 8000372, "Plan Width": 24, "Actual Startup Time": 0.015, "Actual Total Time": 2566.486, "Actual Rows": 8000000, "Actual Loops": 1}, {"Node Type": "Hash", "Parent Relationship": "Inner", "Startup Cost": 66944.0, "Total Cost": 66944.0, "Plan Rows": 89888, "Plan Width": 8, "Actual Startup Time": 1032.639, "Actual Total Time": 1032.639, "Actual Rows": 108551, "Actual Loops": 1, "Hash Buckets": 131072, "Hash Batches": 1, "Original Hash Batches": 1, "Peak Memory Usage": 4241, "Plans": [{"Node Type": "Seq Scan", "Parent Relationship": "Outer", "Relation Name": "part", "Alias": "part", "Startup Cost": 0.0, "Total Cost": 66944.0, "Plan Rows": 89888, "Plan Width": 8, "Actual Startup Time": 0.051, "Actual Total Time": 990.119, "Actual Rows": 108551, "Actual Loops": 1, "Filter": "((p_name)::text ~~ '%dim%'::text)", "Rows Removed by Filter": 1891449}]}]}, {"Node Type": "Hash", "Parent Relationship": "Inner", "Startup Cost": 3283.0, "Total Cost": 3283.0, "Plan Rows": 100000, "Plan Width": 12, "Actual Startup Time": 63.665, "Actual Total Time": 63.665, "Actual Rows": 100000, "Actual Loops": 1, "Hash Buckets": 131072, "Hash Batches": 1, "Original Hash Batches": 1, "Peak Memory Usage": 4297, "Plans": [{"Node Type": "Seq Scan", "Parent Relationship": "Outer", "Relation Name": "supplier", "Alias": "supplier", "Startup Cost": 0.0, "Total Cost": 3283.0, "Plan Rows": 100000, "Plan Width": 12, "Actual Startup Time": 0.025, "Actual Total Time": 35.547, "Actual Rows": 100000, "Actual Loops": 1}]}]}, {"Node Type": "Bitmap Heap Scan", "Parent Relationship": "Inner", "Relation Name": "lineitem", "Alias": "lineitem", "Startup Cost": 0.41, "Total Cost": 4.42, "Plan Rows": 1, "Plan Width": 48, "Actual Startup Time": 4980.329, "Actual Total Time": 13326.642, "Actual Rows": 3256948, "Actual Loops": 434204, "Recheck Cond": "((l_partkey = partsupp.ps_partkey) AND (l_suppkey = partsupp.ps_suppkey))", "Rows Removed by Index Recheck": 0, "Exact Heap Blocks": 3256937, "Lossy Heap Blocks": 3256937, "Plans": [{"Node Type": "Bitmap Index Scan", "Parent Relationship": "Outer", "Index Name": "idx_lineitem_part_supp", "Startup Cost": 0.0, "Total Cost": 0.41, "Plan Rows": 1, "Plan Width": 0, "Actual Startup Time": 2828.636, "Actual Total Time": 2828.636, "Actual Rows": 3256948, "Actual Loops": 434204, "Index Cond": "((l_partkey = partsupp.ps_partkey) AND (l_suppkey = partsupp.ps_suppkey))"}]}]}, {"Node Type": "Bitmap Heap Scan", "Parent Relationship": "Inner", "Relation Name": "orders", "Alias": "orders", "Startup Cost": 0.26, "Total Cost": 4.27, "Plan Rows": 1, "Plan Width": 16, "Actual Startup Time": 28391.128, "Actual Total Time": 28391.128, "Actual Rows": 3256948, "Actual Loops": 3256948, "Recheck Cond": "(o_orderkey = lineitem.l_orderkey)", "Rows Removed by Index Recheck": 0, "Exact Heap Blocks": 3256948, "Lossy Heap Blocks": 3256948, "Plans": [{"Node Type": "Bitmap Index Scan", "Parent Relationship": "Outer", "Index Name": "orders_pkey", "Startup Cost": 0.0, "Total Cost": 0.26, "Plan Rows": 1, "Plan Width": 0, "Actual Startup Time": 18422.203, "Actual Total Time": 18422.203, "Actual Rows": 3256948, "Actual Loops": 3256948, "Index Cond": "(o_orderkey = lineitem.l_orderkey)"}]}]}, {"Node Type": "Bitmap Heap Scan", "Parent Relationship": "Inner", "Relation Name": "nation", "Alias": "nation", "Startup Cost": 0.26, "Total Cost": 4.27, "Plan Rows": 1, "Plan Width": 30, "Actual Startup Time": 7785.305, "Actual Total Time": 7785.305, "Actual Rows": 3256948, "Actual Loops": 3256948, "Recheck Cond": "(n_nationkey = supplier.s_nationkey)", "Rows Removed by Index Recheck": 0, "Exact Heap Blocks": 3256948, "Lossy Heap Blocks": 3256948, "Plans": [{"Node Type": "Bitmap Index Scan", "Parent Relationship": "Outer", "Index Name": "nation_pkey", "Startup Cost": 0.0, "Total Cost": 0.26, "Plan Rows": 1, "Plan Width": 0, "Actual Startup Time": 3371.504, "Actual Total Time": 3371.504, "Actual Rows": 3256948, "Actual Loops": 3256948, "Index Cond": "(n_nationkey = supplier.s_nationkey)"}]}]}]}]}, "Triggers": [], "Planner Runtime": 41.111, "Total Runtime": 72934.195, "Unique SQL Id": 3628361425}}, "(64, 71)": {"explain_plan": {"Plan": {"Node Type": "Sort", "Startup Cost": 1000008167021.57, "Total Cost": 1000008167021.58, "Plan Rows": 1, "Plan Width": 74, "Sort Key": ["nation.n_name", "(date_part('year'::text, orders.o_orderdate)) DESC"], "Plans": [{"Node Type": "Aggregate", "Strategy": "Hashed", "Parent Relationship": "Outer", "Startup Cost": 1000008167021.55, "Total Cost": 1000008167021.56, "Plan Rows": 1, "Plan Width": 74, "Group By Key": ["nation.n_name", "date_part('year'::text, orders.o_orderdate)"], "Plans": [{"Node Type": "Nested Loop", "Parent Relationship": "Outer", "Join Type": "Inner", "Startup Cost": 10000000002.75, "Total Cost": 1000008167021.53, "Plan Rows": 1, "Plan Width": 66, "Inner Unique": true, "Plans": [{"Node Type": "Nested Loop", "Parent Relationship": "Outer", "Join Type": "Inner", "Startup Cost": 10000000002.5, "Total Cost": 1000008167017.25, "Plan Rows": 1, "Plan Width": 44, "Inner Unique": true, "Plans": [{"Node Type": "Nested Loop", "Parent Relationship": "Outer", "Join Type": "Inner", "Startup Cost": 10000000002.24, "Total Cost": 1000008167012.96, "Plan Rows": 1, "Plan Width": 44, "Inner Unique": true, "Join Filter": "(partsupp.ps_partkey = part.p_partkey)", "Plans": [{"Node Type": "Nested Loop", "Parent Relationship": "Outer", "Join Type": "Inner", "Startup Cost": 10000000001.98, "Total Cost": 1000008166987.25, "Plan Rows": 6, "Plan Width": 60, "Inner Unique": false, "Join Filter": "(supplier.s_suppkey = lineitem.l_suppkey)", "Plans": [{"Node Type": "Nested Loop", "Parent Relationship": "Outer", "Join Type": "Inner", "Startup Cost": 10000000001.57, "Total Cost": 1000002201599.04, "Plan Rows": 1344499, "Plan Width": 36, "Inner Unique": false, "Plans": [{"Node Type": "Index Scan", "Parent Relationship": "Outer", "Scan Direction": "Forward", "Index Name": "idx_supplier_nation_key", "Relation Name": "supplier", "Alias": "supplier", "Startup Cost": 10000000000.0, "Total Cost": 1000001217556.78, "Plan Rows": 100000, "Plan Width": 12}, {"Node Type": "Bitmap Heap Scan", "Parent Relationship": "Inner", "Relation Name": "partsupp", "Alias": "partsupp", "Startup Cost": 1.57, "Total Cost": 9.71, "Plan Rows": 13, "Plan Width": 24, "Recheck Cond": "(ps_suppkey = supplier.s_suppkey)", "Plans": [{"Node Type": "Bitmap Index Scan", "Parent Relationship": "Outer", "Index Name": "idx_partsupp_suppkey", "Startup Cost": 0.0, "Total Cost": 1.56, "Plan Rows": 13, "Plan Width": 0, "Index Cond": "(ps_suppkey = supplier.s_suppkey)"}]}]}, {"Node Type": "Bitmap Heap Scan", "Parent Relationship": "Inner", "Relation Name": "lineitem", "Alias": "lineitem", "Startup Cost": 0.41, "Total Cost": 4.42, "Plan Rows": 1, "Plan Width": 48, "Recheck Cond": "((l_partkey = partsupp.ps_partkey) AND (l_suppkey = partsupp.ps_suppkey))", "Plans": [{"Node Type": "Bitmap Index Scan", "Parent Relationship": "Outer", "Index Name": "idx_lineitem_part_supp", "Startup Cost": 0.0, "Total Cost": 0.41, "Plan Rows": 1, "Plan Width": 0, "Index Cond": "((l_partkey = partsupp.ps_partkey) AND (l_suppkey = partsupp.ps_suppkey))"}]}]}, {"Node Type": "Bitmap Heap Scan", "Parent Relationship": "Inner", "Relation Name": "part", "Alias": "part", "Startup Cost": 0.26, "Total Cost": 4.27, "Plan Rows": 1, "Plan Width": 8, "Recheck Cond": "(p_partkey = lineitem.l_partkey)", "Filter": "((p_name)::text ~~ '%dim%'::text)", "Plans": [{"Node Type": "Bitmap Index Scan", "Parent Relationship": "Outer", "Index Name": "part_kpey", "Startup Cost": 0.0, "Total Cost": 0.26, "Plan Rows": 1, "Plan Width": 0, "Index Cond": "(p_partkey = lineitem.l_partkey)"}]}]}, {"Node Type": "Bitmap Heap Scan", "Parent Relationship": "Inner", "Relation Name": "orders", "Alias": "orders", "Startup Cost": 0.26, "Total Cost": 4.27, "Plan Rows": 1, "Plan Width": 16, "Recheck Cond": "(o_orderkey = lineitem.l_orderkey)", "Plans": [{"Node Type": "Bitmap Index Scan", "Parent Relationship": "Outer", "Index Name": "orders_pkey", "Startup Cost": 0.0, "Total Cost": 0.26, "Plan Rows": 1, "Plan Width": 0, "Index Cond": "(o_orderkey = lineitem.l_orderkey)"}]}]}, {"Node Type": "Bitmap Heap Scan", "Parent Relationship": "Inner", "Relation Name": "nation", "Alias": "nation", "Startup Cost": 0.26, "Total Cost": 4.27, "Plan Rows": 1, "Plan Width": 30, "Recheck Cond": "(n_nationkey = supplier.s_nationkey)", "Plans": [{"Node Type": "Bitmap Index Scan", "Parent Relationship": "Outer", "Index Name": "nation_pkey", "Startup Cost": 0.0, "Total Cost": 0.26, "Plan Rows": 1, "Plan Width": 0, "Index Cond": "(n_nationkey = supplier.s_nationkey)"}]}]}]}]}, "Unique SQL Id": 3628361425}, "explain_analyze_plan": null}, "(64, 72)": {"explain_plan": {"Plan": {"Node Type": "Sort", "Startup Cost": 521166.05, "Total Cost": 521166.06, "Plan Rows": 1, "Plan Width": 74, "Sort Key": ["nation.n_name", "(date_part('year'::text, orders.o_orderdate)) DESC"], "Plans": [{"Node Type": "Aggregate", "Strategy": "Hashed", "Parent Relationship": "Outer", "Startup Cost": 521166.03, "Total Cost": 521166.04, "Plan Rows": 1, "Plan Width": 74, "Group By Key": ["nation.n_name", "date_part('year'::text, orders.o_orderdate)"], "Plans": [{"Node Type": "Nested Loop", "Parent Relationship": "Outer", "Join Type": "Inner", "Startup Cost": 72600.6, "Total Cost": 521166.01, "Plan Rows": 1, "Plan Width": 66, "Inner Unique": true, "Plans": [{"Node Type": "Nested Loop", "Parent Relationship": "Outer", "Join Type": "Inner", "Startup Cost": 72600.6, "Total Cost": 521165.73, "Plan Rows": 1, "Plan Width": 44, "Inner Unique": true, "Plans": [{"Node Type": "Nested Loop", "Parent Relationship": "Outer", "Join Type": "Inner", "Startup Cost": 72600.6, "Total Cost": 521165.43, "Plan Rows": 1, "Plan Width": 44, "Inner Unique": false, "Join Filter": "(supplier.s_suppkey = lineitem.l_suppkey)", "Plans": [{"Node Type": "Hash Join", "Parent Relationship": "Outer", "Join Type": "Inner", "Startup Cost": 72600.6, "Total Cost": 377416.42, "Plan Rows": 125630, "Plan Width": 44, "Inner Unique": true, "Hash Cond": "(partsupp.ps_suppkey = supplier.s_suppkey), (LLVM Optimized)", "Plans": [{"Node Type": "Hash Join", "Parent Relationship": "Outer", "Join Type": "Inner", "Startup Cost": 68067.6, "Total Cost": 370653.38, "Plan Rows": 259666, "Plan Width": 32, "Inner Unique": true, "Hash Cond": "(partsupp.ps_partkey = part.p_partkey), (LLVM Optimized)", "Plans": [{"Node Type": "Seq Scan", "Parent Relationship": "Outer", "Relation Name": "partsupp", "Alias": "partsupp", "Startup Cost": 0.0, "Total Cost": 269987.72, "Plan Rows": 8000372, "Plan Width": 24}, {"Node Type": "Hash", "Parent Relationship": "Inner", "Startup Cost": 66944.0, "Total Cost": 66944.0, "Plan Rows": 89888, "Plan Width": 8, "Plans": [{"Node Type": "Seq Scan", "Parent Relationship": "Outer", "Relation Name": "part", "Alias": "part", "Startup Cost": 0.0, "Total Cost": 66944.0, "Plan Rows": 89888, "Plan Width": 8, "Filter": "((p_name)::text ~~ '%dim%'::text)"}]}]}, {"Node Type": "Hash", "Parent Relationship": "Inner", "Startup Cost": 3283.0, "Total Cost": 3283.0, "Plan Rows": 100000, "Plan Width": 12, "Plans": [{"Node Type": "Seq Scan", "Parent Relationship": "Outer", "Relation Name": "supplier", "Alias": "supplier", "Startup Cost": 0.0, "Total Cost": 3283.0, "Plan Rows": 100000, "Plan Width": 12}]}]}, {"Node Type": "Index Scan", "Parent Relationship": "Inner", "Scan Direction": "Forward", "Index Name": "idx_lineitem_part_supp", "Relation Name": "lineitem", "Alias": "lineitem", "Startup Cost": 0.0, "Total Cost": 1.13, "Plan Rows": 1, "Plan Width": 48, "Index Cond": "((l_partkey = partsupp.ps_partkey) AND (l_suppkey = partsupp.ps_suppkey))"}]}, {"Node Type": "Index Scan", "Parent Relationship": "Inner", "Scan Direction": "Forward", "Index Name": "orders_pkey", "Relation Name": "orders", "Alias": "orders", "Startup Cost": 0.0, "Total Cost": 0.29, "Plan Rows": 1, "Plan Width": 16, "Index Cond": "(o_orderkey = lineitem.l_orderkey)"}]}, {"Node Type": "Index Scan", "Parent Relationship": "Inner", "Scan Direction": "Forward", "Index Name": "nation_pkey", "Relation Name": "nation", "Alias": "nation", "Startup Cost": 0.0, "Total Cost": 0.27, "Plan Rows": 1, "Plan Width": 30, "Index Cond": "(n_nationkey = supplier.s_nationkey)"}]}]}]}, "Unique SQL Id": 3628361425}, "explain_analyze_plan": {"Plan": {"Node Type": "Sort", "Startup Cost": 521166.05, "Total Cost": 521166.06, "Plan Rows": 1, "Plan Width": 74, "Actual Startup Time": 58932.736, "Actual Total Time": 58932.749, "Actual Rows": 175, "Actual Loops": 1, "Sort Key": ["nation.n_name", "(date_part('year'::text, orders.o_orderdate)) DESC"], "Sort Method": "quicksort", "Sort Space Used": 52, "Sort Space Type": "Memory", "Plans": [{"Node Type": "Aggregate", "Strategy": "Hashed", "Parent Relationship": "Outer", "Startup Cost": 521166.03, "Total Cost": 521166.04, "Plan Rows": 1, "Plan Width": 74, "Actual Startup Time": 58932.337, "Actual Total Time": 58932.379, "Actual Rows": 175, "Actual Loops": 1, "Group By Key": ["nation.n_name", "date_part('year'::text, orders.o_orderdate)"], "Plans": [{"Node Type": "Nested Loop", "Parent Relationship": "Outer", "Join Type": "Inner", "Startup Cost": 72600.6, "Total Cost": 521166.01, "Plan Rows": 1, "Plan Width": 66, "Actual Startup Time": 1103.433, "Actual Total Time": 55092.664, "Actual Rows": 3256948, "Actual Loops": 1, "Inner Unique": true, "Plans": [{"Node Type": "Nested Loop", "Parent Relationship": "Outer", "Join Type": "Inner", "Startup Cost": 72600.6, "Total Cost": 521165.73, "Plan Rows": 1, "Plan Width": 44, "Actual Startup Time": 1103.363, "Actual Total Time": 46615.878, "Actual Rows": 3256948, "Actual Loops": 1, "Inner Unique": true, "Plans": [{"Node Type": "Nested Loop", "Parent Relationship": "Outer", "Join Type": "Inner", "Startup Cost": 72600.6, "Total Cost": 521165.43, "Plan Rows": 1, "Plan Width": 44, "Actual Startup Time": 1103.339, "Actual Total Time": 18831.717, "Actual Rows": 3256948, "Actual Loops": 1, "Inner Unique": false, "Join Filter": "(supplier.s_suppkey = lineitem.l_suppkey)", "Rows Removed by Join Filter": 0, "Plans": [{"Node Type": "Hash Join", "Parent Relationship": "Outer", "Join Type": "Inner", "Startup Cost": 72600.6, "Total Cost": 377416.42, "Plan Rows": 125630, "Plan Width": 44, "Actual Startup Time": 1103.287, "Actual Total Time": 6244.441, "Actual Rows": 434204, "Actual Loops": 1, "Inner Unique": true, "Hash Cond": "(partsupp.ps_suppkey = supplier.s_suppkey), (LLVM Optimized, Jit Execute)", "Plans": [{"Node Type": "Hash Join", "Parent Relationship": "Outer", "Join Type": "Inner", "Startup Cost": 68067.6, "Total Cost": 370653.38, "Plan Rows": 259666, "Plan Width": 32, "Actual Startup Time": 1038.788, "Actual Total Time": 5788.774, "Actual Rows": 434204, "Actual Loops": 1, "Inner Unique": true, "Hash Cond": "(partsupp.ps_partkey = part.p_partkey), (LLVM Optimized, Jit Execute)", "Plans": [{"Node Type": "Seq Scan", "Parent Relationship": "Outer", "Relation Name": "partsupp", "Alias": "partsupp", "Startup Cost": 0.0, "Total Cost": 269987.72, "Plan Rows": 8000372, "Plan Width": 24, "Actual Startup Time": 0.012, "Actual Total Time": 2567.433, "Actual Rows": 8000000, "Actual Loops": 1}, {"Node Type": "Hash", "Parent Relationship": "Inner", "Startup Cost": 66944.0, "Total Cost": 66944.0, "Plan Rows": 89888, "Plan Width": 8, "Actual Startup Time": 1038.64, "Actual Total Time": 1038.64, "Actual Rows": 108551, "Actual Loops": 1, "Hash Buckets": 131072, "Hash Batches": 1, "Original Hash Batches": 1, "Peak Memory Usage": 4241, "Plans": [{"Node Type": "Seq Scan", "Parent Relationship": "Outer", "Relation Name": "part", "Alias": "part", "Startup Cost": 0.0, "Total Cost": 66944.0, "Plan Rows": 89888, "Plan Width": 8, "Actual Startup Time": 0.042, "Actual Total Time": 1000.506, "Actual Rows": 108551, "Actual Loops": 1, "Filter": "((p_name)::text ~~ '%dim%'::text)", "Rows Removed by Filter": 1891449}]}]}, {"Node Type": "Hash", "Parent Relationship": "Inner", "Startup Cost": 3283.0, "Total Cost": 3283.0, "Plan Rows": 100000, "Plan Width": 12, "Actual Startup Time": 64.394, "Actual Total Time": 64.394, "Actual Rows": 100000, "Actual Loops": 1, "Hash Buckets": 131072, "Hash Batches": 1, "Original Hash Batches": 1, "Peak Memory Usage": 4297, "Plans": [{"Node Type": "Seq Scan", "Parent Relationship": "Outer", "Relation Name": "supplier", "Alias": "supplier", "Startup Cost": 0.0, "Total Cost": 3283.0, "Plan Rows": 100000, "Plan Width": 12, "Actual Startup Time": 0.03, "Actual Total Time": 36.628, "Actual Rows": 100000, "Actual Loops": 1}]}]}, {"Node Type": "Index Scan", "Parent Relationship": "Inner", "Scan Direction": "Forward", "Index Name": "idx_lineitem_part_supp", "Relation Name": "lineitem", "Alias": "lineitem", "Startup Cost": 0.0, "Total Cost": 1.13, "Plan Rows": 1, "Plan Width": 48, "Actual Startup Time": 3128.663, "Actual Total Time": 10882.76, "Actual Rows": 3256948, "Actual Loops": 434204, "Index Cond": "((l_partkey = partsupp.ps_partkey) AND (l_suppkey = partsupp.ps_suppkey))", "Rows Removed by Index Recheck": 0}]}, {"Node Type": "Index Scan", "Parent Relationship": "Inner", "Scan Direction": "Forward", "Index Name": "orders_pkey", "Relation Name": "orders", "Alias": "orders", "Startup Cost": 0.0, "Total Cost": 0.29, "Plan Rows": 1, "Plan Width": 16, "Actual Startup Time": 24997.016, "Actual Total Time": 24997.016, "Actual Rows": 3256948, "Actual Loops": 3256948, "Index Cond": "(o_orderkey = lineitem.l_orderkey)", "Rows Removed by Index Recheck": 0}]}, {"Node Type": "Index Scan", "Parent Relationship": "Inner", "Scan Direction": "Forward", "Index Name": "nation_pkey", "Relation Name": "nation", "Alias": "nation", "Startup Cost": 0.0, "Total Cost": 0.27, "Plan Rows": 1, "Plan Width": 30, "Actual Startup Time": 4454.455, "Actual Total Time": 4454.455, "Actual Rows": 3256948, "Actual Loops": 3256948, "Index Cond": "(n_nationkey = supplier.s_nationkey)", "Rows Removed by Index Recheck": 0}]}]}]}, "Triggers": [], "Planner Runtime": 35.792, "Total Runtime": 58943.737, "Unique SQL Id": 3628361425}}, "(64, 73)": {"explain_plan": {"Plan": {"Node Type": "Sort", "Startup Cost": 701189.51, "Total Cost": 701189.52, "Plan Rows": 1, "Plan Width": 74, "Sort Key": ["nation.n_name", "(date_part('year'::text, orders.o_orderdate)) DESC"], "Plans": [{"Node Type": "Aggregate", "Strategy": "Hashed", "Parent Relationship": "Outer", "Startup Cost": 701189.49, "Total Cost": 701189.5, "Plan Rows": 1, "Plan Width": 74, "Group By Key": ["nation.n_name", "date_part('year'::text, orders.o_orderdate)"], "Plans": [{"Node Type": "Nested Loop", "Parent Relationship": "Outer", "Join Type": "Inner", "Startup Cost": 6584.54, "Total Cost": 701189.47, "Plan Rows": 1, "Plan Width": 66, "Inner Unique": true, "Plans": [{"Node Type": "Nested Loop", "Parent Relationship": "Outer", "Join Type": "Inner", "Startup Cost": 6584.54, "Total Cost": 701189.19, "Plan Rows": 1, "Plan Width": 44, "Inner Unique": true, "Plans": [{"Node Type": "Nested Loop", "Parent Relationship": "Outer", "Join Type": "Inner", "Startup Cost": 6584.54, "Total Cost": 701188.89, "Plan Rows": 1, "Plan Width": 44, "Inner Unique": false, "Join Filter": "(supplier.s_suppkey = lineitem.l_suppkey)", "Plans": [{"Node Type": "Hash Join", "Parent Relationship": "Outer", "Join Type": "Inner", "Startup Cost": 6584.54, "Total Cost": 557439.88, "Plan Rows": 125630, "Plan Width": 44, "Inner Unique": true, "Hash Cond": "(partsupp.ps_suppkey = supplier.s_suppkey), (LLVM Optimized)", "Plans": [{"Node Type": "Nested Loop", "Parent Relationship": "Outer", "Join Type": "Inner", "Startup Cost": 0.0, "Total Cost": 548625.29, "Plan Rows": 259666, "Plan Width": 32, "Inner Unique": false, "Plans": [{"Node Type": "Index Scan", "Parent Relationship": "Outer", "Scan Direction": "Forward", "Index Name": "part_kpey", "Relation Name": "part", "Alias": "part", "Startup Cost": 0.0, "Total Cost": 105803.25, "Plan Rows": 89888, "Plan Width": 8, "Filter": "((p_name)::text ~~ '%dim%'::text)"}, {"Node Type": "Index Scan", "Parent Relationship": "Inner", "Scan Direction": "Forward", "Index Name": "idx_partsupp_partkey", "Relation Name": "partsupp", "Alias": "partsupp", "Startup Cost": 0.0, "Total Cost": 4.9, "Plan Rows": 3, "Plan Width": 24, "Index Cond": "(ps_partkey = part.p_partkey)"}]}, {"Node Type": "Hash", "Parent Relationship": "Inner", "Startup Cost": 5334.54, "Total Cost": 5334.54, "Plan Rows": 100000, "Plan Width": 12, "Plans": [{"Node Type": "Index Scan", "Parent Relationship": "Outer", "Scan Direction": "Forward", "Index Name": "supplier_pkey", "Relation Name": "supplier", "Alias": "supplier", "Startup Cost": 0.0, "Total Cost": 5334.54, "Plan Rows": 100000, "Plan Width": 12}]}]}, {"Node Type": "Index Scan", "Parent Relationship": "Inner", "Scan Direction": "Forward", "Index Name": "idx_lineitem_part_supp", "Relation Name": "lineitem", "Alias": "lineitem", "Startup Cost": 0.0, "Total Cost": 1.13, "Plan Rows": 1, "Plan Width": 48, "Index Cond": "((l_partkey = partsupp.ps_partkey) AND (l_suppkey = partsupp.ps_suppkey))"}]}, {"Node Type": "Index Scan", "Parent Relationship": "Inner", "Scan Direction": "Forward", "Index Name": "orders_pkey", "Relation Name": "orders", "Alias": "orders", "Startup Cost": 0.0, "Total Cost": 0.29, "Plan Rows": 1, "Plan Width": 16, "Index Cond": "(o_orderkey = lineitem.l_orderkey)"}]}, {"Node Type": "Index Scan", "Parent Relationship": "Inner", "Scan Direction": "Forward", "Index Name": "nation_pkey", "Relation Name": "nation", "Alias": "nation", "Startup Cost": 0.0, "Total Cost": 0.27, "Plan Rows": 1, "Plan Width": 30, "Index Cond": "(n_nationkey = supplier.s_nationkey)"}]}]}]}, "Unique SQL Id": 3628361425}, "explain_analyze_plan": {"Plan": {"Node Type": "Sort", "Startup Cost": 701189.51, "Total Cost": 701189.52, "Plan Rows": 1, "Plan Width": 74, "Actual Startup Time": 57219.783, "Actual Total Time": 57219.796, "Actual Rows": 175, "Actual Loops": 1, "Sort Key": ["nation.n_name", "(date_part('year'::text, orders.o_orderdate)) DESC"], "Sort Method": "quicksort", "Sort Space Used": 52, "Sort Space Type": "Memory", "Plans": [{"Node Type": "Aggregate", "Strategy": "Hashed", "Parent Relationship": "Outer", "Startup Cost": 701189.49, "Total Cost": 701189.5, "Plan Rows": 1, "Plan Width": 74, "Actual Startup Time": 57219.414, "Actual Total Time": 57219.454, "Actual Rows": 175, "Actual Loops": 1, "Group By Key": ["nation.n_name", "date_part('year'::text, orders.o_orderdate)"], "Plans": [{"Node Type": "Nested Loop", "Parent Relationship": "Outer", "Join Type": "Inner", "Startup Cost": 6584.54, "Total Cost": 701189.47, "Plan Rows": 1, "Plan Width": 66, "Actual Startup Time": 106.96, "Actual Total Time": 53460.735, "Actual Rows": 3256948, "Actual Loops": 1, "Inner Unique": true, "Plans": [{"Node Type": "Nested Loop", "Parent Relationship": "Outer", "Join Type": "Inner", "Startup Cost": 6584.54, "Total Cost": 701189.19, "Plan Rows": 1, "Plan Width": 44, "Actual Startup Time": 106.934, "Actual Total Time": 44656.25, "Actual Rows": 3256948, "Actual Loops": 1, "Inner Unique": true, "Plans": [{"Node Type": "Nested Loop", "Parent Relationship": "Outer", "Join Type": "Inner", "Startup Cost": 6584.54, "Total Cost": 701188.89, "Plan Rows": 1, "Plan Width": 44, "Actual Startup Time": 106.911, "Actual Total Time": 16146.218, "Actual Rows": 3256948, "Actual Loops": 1, "Inner Unique": false, "Join Filter": "(supplier.s_suppkey = lineitem.l_suppkey)", "Rows Removed by Join Filter": 0, "Plans": [{"Node Type": "Hash Join", "Parent Relationship": "Outer", "Join Type": "Inner", "Startup Cost": 6584.54, "Total Cost": 557439.88, "Plan Rows": 125630, "Plan Width": 44, "Actual Startup Time": 106.873, "Actual Total Time": 3440.596, "Actual Rows": 434204, "Actual Loops": 1, "Inner Unique": true, "Hash Cond": "(partsupp.ps_suppkey = supplier.s_suppkey), (LLVM Optimized, Jit Execute)", "Plans": [{"Node Type": "Nested Loop", "Parent Relationship": "Outer", "Join Type": "Inner", "Startup Cost": 0.0, "Total Cost": 548625.29, "Plan Rows": 259666, "Plan Width": 32, "Actual Startup Time": 0.076, "Actual Total Time": 2929.188, "Actual Rows": 434204, "Actual Loops": 1, "Inner Unique": false, "Plans": [{"Node Type": "Index Scan", "Parent Relationship": "Outer", "Scan Direction": "Forward", "Index Name": "part_kpey", "Relation Name": "part", "Alias": "part", "Startup Cost": 0.0, "Total Cost": 105803.25, "Plan Rows": 89888, "Plan Width": 8, "Actual Startup Time": 0.056, "Actual Total Time": 1746.962, "Actual Rows": 108551, "Actual Loops": 1, "Filter": "((p_name)::text ~~ '%dim%'::text)", "Rows Removed by Filter": 1891449}, {"Node Type": "Index Scan", "Parent Relationship": "Inner", "Scan Direction": "Forward", "Index Name": "idx_partsupp_partkey", "Relation Name": "partsupp", "Alias": "partsupp", "Startup Cost": 0.0, "Total Cost": 4.9, "Plan Rows": 3, "Plan Width": 24, "Actual Startup Time": 684.56, "Actual Total Time": 978.245, "Actual Rows": 434204, "Actual Loops": 108551, "Index Cond": "(ps_partkey = part.p_partkey)", "Rows Removed by Index Recheck": 0}]}, {"Node Type": "Hash", "Parent Relationship": "Inner", "Startup Cost": 5334.54, "Total Cost": 5334.54, "Plan Rows": 100000, "Plan Width": 12, "Actual Startup Time": 106.68, "Actual Total Time": 106.68, "Actual Rows": 100000, "Actual Loops": 1, "Hash Buckets": 131072, "Hash Batches": 1, "Original Hash Batches": 1, "Peak Memory Usage": 4297, "Plans": [{"Node Type": "Index Scan", "Parent Relationship": "Outer", "Scan Direction": "Forward", "Index Name": "supplier_pkey", "Relation Name": "supplier", "Alias": "supplier", "Startup Cost": 0.0, "Total Cost": 5334.54, "Plan Rows": 100000, "Plan Width": 12, "Actual Startup Time": 0.02, "Actual Total Time": 78.377, "Actual Rows": 100000, "Actual Loops": 1}]}]}, {"Node Type": "Index Scan", "Parent Relationship": "Inner", "Scan Direction": "Forward", "Index Name": "idx_lineitem_part_supp", "Relation Name": "lineitem", "Alias": "lineitem", "Startup Cost": 0.0, "Total Cost": 1.13, "Plan Rows": 1, "Plan Width": 48, "Actual Startup Time": 3174.504, "Actual Total Time": 11019.482, "Actual Rows": 3256948, "Actual Loops": 434204, "Index Cond": "((l_partkey = partsupp.ps_partkey) AND (l_suppkey = partsupp.ps_suppkey))", "Rows Removed by Index Recheck": 0}]}, {"Node Type": "Index Scan", "Parent Relationship": "Inner", "Scan Direction": "Forward", "Index Name": "orders_pkey", "Relation Name": "orders", "Alias": "orders", "Startup Cost": 0.0, "Total Cost": 0.29, "Plan Rows": 1, "Plan Width": 16, "Actual Startup Time": 25705.885, "Actual Total Time": 25705.885, "Actual Rows": 3256948, "Actual Loops": 3256948, "Index Cond": "(o_orderkey = lineitem.l_orderkey)", "Rows Removed by Index Recheck": 0}]}, {"Node Type": "Index Scan", "Parent Relationship": "Inner", "Scan Direction": "Forward", "Index Name": "nation_pkey", "Relation Name": "nation", "Alias": "nation", "Startup Cost": 0.0, "Total Cost": 0.27, "Plan Rows": 1, "Plan Width": 30, "Actual Startup Time": 4680.015, "Actual Total Time": 4680.015, "Actual Rows": 3256948, "Actual Loops": 3256948, "Index Cond": "(n_nationkey = supplier.s_nationkey)", "Rows Removed by Index Recheck": 0}]}]}]}, "Triggers": [], "Planner Runtime": 33.676, "Total Runtime": 57229.802, "Unique SQL Id": 3628361425}}, "(64, 74)": {"explain_plan": {"Plan": {"Node Type": "Sort", "Startup Cost": 3188400.3, "Total Cost": 3188400.31, "Plan Rows": 1, "Plan Width": 74, "Sort Key": ["nation.n_name", "(date_part('year'::text, orders.o_orderdate)) DESC"], "Plans": [{"Node Type": "Aggregate", "Strategy": "Hashed", "Parent Relationship": "Outer", "Startup Cost": 3188400.28, "Total Cost": 3188400.29, "Plan Rows": 1, "Plan Width": 74, "Group By Key": ["nation.n_name", "date_part('year'::text, orders.o_orderdate)"], "Plans": [{"Node Type": "Hash Join", "Parent Relationship": "Outer", "Join Type": "Inner", "Startup Cost": 2705738.4, "Total Cost": 3188400.26, "Plan Rows": 1, "Plan Width": 66, "Inner Unique": true, "Hash Cond": "(supplier.s_nationkey = nation.n_nationkey)", "Plans": [{"Node Type": "Hash Join", "Parent Relationship": "Outer", "Join Type": "Inner", "Startup Cost": 2705736.84, "Total Cost": 3188398.68, "Plan Rows": 1, "Plan Width": 44, "Inner Unique": false, "Hash Cond": "(orders.o_orderkey = lineitem.l_orderkey)", "Plans": [{"Node Type": "Seq Scan", "Parent Relationship": "Outer", "Relation Name": "orders", "Alias": "orders", "Startup Cost": 0.0, "Total Cost": 426413.79, "Plan Rows": 14999479, "Plan Width": 16}, {"Node Type": "Hash", "Parent Relationship": "Inner", "Startup Cost": 2705736.82, "Total Cost": 2705736.82, "Plan Rows": 1, "Plan Width": 44, "Plans": [{"Node Type": "Hash Join", "Parent Relationship": "Outer", "Join Type": "Inner", "Startup Cost": 406202.19, "Total Cost": 2705736.82, "Plan Rows": 1, "Plan Width": 44, "Inner Unique": false, "Hash Cond": "((lineitem.l_suppkey = partsupp.ps_suppkey) AND (lineitem.l_partkey = partsupp.ps_partkey))", "Plans": [{"Node Type": "Hash Join", "Parent Relationship": "Outer", "Join Type": "Inner", "Startup Cost": 68067.6, "Total Cost": 2313089.96, "Plan Rows": 495566, "Plan Width": 56, "Inner Unique": true, "Hash Cond": "(lineitem.l_partkey = part.p_partkey), (LLVM Optimized)", "Plans": [{"Node Type": "Seq Scan", "Parent Relationship": "Outer", "Relation Name": "lineitem", "Alias": "lineitem", "Startup Cost": 0.0, "Total Cost": 2015115.33, "Plan Rows": 59987033, "Plan Width": 48}, {"Node Type": "Hash", "Parent Relationship": "Inner", "Startup Cost": 66944.0, "Total Cost": 66944.0, "Plan Rows": 89888, "Plan Width": 8, "Plans": [{"Node Type": "Seq Scan", "Parent Relationship": "Outer", "Relation Name": "part", "Alias": "part", "Startup Cost": 0.0, "Total Cost": 66944.0, "Plan Rows": 89888, "Plan Width": 8, "Filter": "((p_name)::text ~~ '%dim%'::text)"}]}]}, {"Node Type": "Hash", "Parent Relationship": "Inner", "Startup Cost": 317967.1, "Total Cost": 317967.1, "Plan Rows": 1344499, "Plan Width": 36, "Plans": [{"Node Type": "Hash Join", "Parent Relationship": "Outer", "Join Type": "Inner", "Startup Cost": 4533.0, "Total Cost": 317967.1, "Plan Rows": 1344499, "Plan Width": 36, "Inner Unique": true, "Hash Cond": "(partsupp.ps_suppkey = supplier.s_suppkey), (LLVM Optimized)", "Plans": [{"Node Type": "Seq Scan", "Parent Relationship": "Outer", "Relation Name": "partsupp", "Alias": "partsupp", "Startup Cost": 0.0, "Total Cost": 269987.72, "Plan Rows": 8000372, "Plan Width": 24}, {"Node Type": "Hash", "Parent Relationship": "Inner", "Startup Cost": 3283.0, "Total Cost": 3283.0, "Plan Rows": 100000, "Plan Width": 12, "Plans": [{"Node Type": "Seq Scan", "Parent Relationship": "Outer", "Relation Name": "supplier", "Alias": "supplier", "Startup Cost": 0.0, "Total Cost": 3283.0, "Plan Rows": 100000, "Plan Width": 12}]}]}]}]}]}]}, {"Node Type": "Hash", "Parent Relationship": "Inner", "Startup Cost": 1.25, "Total Cost": 1.25, "Plan Rows": 25, "Plan Width": 30, "Plans": [{"Node Type": "Seq Scan", "Parent Relationship": "Outer", "Relation Name": "nation", "Alias": "nation", "Startup Cost": 0.0, "Total Cost": 1.25, "Plan Rows": 25, "Plan Width": 30}]}]}]}]}, "Unique SQL Id": 3628361425}, "explain_analyze_plan": null}, "(64, 75)": {"explain_plan": {"Plan": {"Node Type": "Sort", "Startup Cost": 6000828275432.01, "Total Cost": 6000828275432.02, "Plan Rows": 1, "Plan Width": 74, "Sort Key": ["nation.n_name", "(date_part('year'::text, orders.o_orderdate)) DESC"], "Plans": [{"Node Type": "Aggregate", "Strategy": "Hashed", "Parent Relationship": "Outer", "Startup Cost": 6000828275431.99, "Total Cost": 6000828275432.0, "Plan Rows": 1, "Plan Width": 74, "Group By Key": ["nation.n_name", "date_part('year'::text, orders.o_orderdate)"], "Plans": [{"Node Type": "Nested Loop", "Parent Relationship": "Outer", "Join Type": "Inner", "Startup Cost": 1050079983415.84, "Total Cost": 6000828275431.97, "Plan Rows": 1, "Plan Width": 66, "Inner Unique": true, "Plans": [{"Node Type": "Nested Loop", "Parent Relationship": "Outer", "Join Type": "Inner", "Startup Cost": 1040079983415.84, "Total Cost": 5000828275404.95, "Plan Rows": 1, "Plan Width": 44, "Inner Unique": true, "Plans": [{"Node Type": "Hash Join", "Parent Relationship": "Outer", "Join Type": "Inner", "Startup Cost": 1030079983415.84, "Total Cost": 4000828275375.71, "Plan Rows": 1, "Plan Width": 44, "Inner Unique": true, "Hash Cond": "(lineitem.l_suppkey = supplier.s_suppkey)", "Plans": [{"Node Type": "Merge Join", "Parent Relationship": "Outer", "Join Type": "Inner", "Startup Cost": 30079448711.46, "Total Cost": 3000827740671.31, "Plan Rows": 2, "Plan Width": 56, "Inner Unique": true, "Merge Cond": "((lineitem.l_partkey = partsupp.ps_partkey) AND (lineitem.l_suppkey = partsupp.ps_suppkey))", "Plans": [{"Node Type": "Merge Join", "Parent Relationship": "Outer", "Join Type": "Inner", "Startup Cost": 20044055294.66, "Total Cost": 2000775115222.05, "Plan Rows": 495566, "Plan Width": 56, "Inner Unique": true, "Merge Cond": "(lineitem.l_partkey = part.p_partkey)", "Plans": [{"Node Type": "Index Scan", "Parent Relationship": "Outer", "Scan Direction": "Forward", "Index Name": "idx_lineitem_part_supp", "Relation Name": "lineitem", "Alias": "lineitem", "Startup Cost": 10000000000.0, "Total Cost": 1000775391319.64, "Plan Rows": 59987033, "Plan Width": 48}, {"Node Type": "Materialize", "Parent Relationship": "Inner", "Startup Cost": 10000000000.0, "Total Cost": 1000010580549.72, "Plan Rows": 89888, "Plan Width": 8, "Plans": [{"Node Type": "Index Scan", "Parent Relationship": "Outer", "Scan Direction": "Forward", "Index Name": "part_kpey", "Relation Name": "part", "Alias": "part", "Startup Cost": 10000000000.0, "Total Cost": 1000010580325.0, "Plan Rows": 89888, "Plan Width": 8, "Filter": "((p_name)::text ~~ '%dim%'::text)"}]}]}, {"Node Type": "Index Scan", "Parent Relationship": "Inner", "Scan Direction": "Forward", "Index Name": "partsupp_pkey", "Relation Name": "partsupp", "Alias": "partsupp", "Startup Cost": 10000000000.0, "Total Cost": 1000071640963.22, "Plan Rows": 8000372, "Plan Width": 24}]}, {"Node Type": "Hash", "Parent Relationship": "Inner", "Startup Cost": 1000000533454.38, "Total Cost": 1000000533454.38, "Plan Rows": 100000, "Plan Width": 12, "Plans": [{"Node Type": "Index Scan", "Parent Relationship": "Outer", "Scan Direction": "Forward", "Index Name": "supplier_pkey", "Relation Name": "supplier", "Alias": "supplier", "Startup Cost": 10000000000.0, "Total Cost": 1000000533454.38, "Plan Rows": 100000, "Plan Width": 12}]}]}, {"Node Type": "Index Scan", "Parent Relationship": "Inner", "Scan Direction": "Forward", "Index Name": "orders_pkey", "Relation Name": "orders", "Alias": "orders", "Startup Cost": 10000000000.0, "Total Cost": 1000000000029.23, "Plan Rows": 1, "Plan Width": 16, "Index Cond": "(o_orderkey = lineitem.l_orderkey)"}]}, {"Node Type": "Index Scan", "Parent Relationship": "Inner", "Scan Direction": "Forward", "Index Name": "nation_pkey", "Relation Name": "nation", "Alias": "nation", "Startup Cost": 10000000000.0, "Total Cost": 1000000000027.01, "Plan Rows": 1, "Plan Width": 30, "Index Cond": "(n_nationkey = supplier.s_nationkey)"}]}]}]}, "Unique SQL Id": 3628361425}, "explain_analyze_plan": null}, "(64, 76)": {"explain_plan": {"Plan": {"Node Type": "Sort", "Startup Cost": 521166.05, "Total Cost": 521166.06, "Plan Rows": 1, "Plan Width": 74, "Sort Key": ["nation.n_name", "(date_part('year'::text, orders.o_orderdate)) DESC"], "Plans": [{"Node Type": "Aggregate", "Strategy": "Hashed", "Parent Relationship": "Outer", "Startup Cost": 521166.03, "Total Cost": 521166.04, "Plan Rows": 1, "Plan Width": 74, "Group By Key": ["nation.n_name", "date_part('year'::text, orders.o_orderdate)"], "Plans": [{"Node Type": "Nested Loop", "Parent Relationship": "Outer", "Join Type": "Inner", "Startup Cost": 72600.6, "Total Cost": 521166.01, "Plan Rows": 1, "Plan Width": 66, "Inner Unique": true, "Plans": [{"Node Type": "Nested Loop", "Parent Relationship": "Outer", "Join Type": "Inner", "Startup Cost": 72600.6, "Total Cost": 521165.73, "Plan Rows": 1, "Plan Width": 44, "Inner Unique": true, "Plans": [{"Node Type": "Nested Loop", "Parent Relationship": "Outer", "Join Type": "Inner", "Startup Cost": 72600.6, "Total Cost": 521165.43, "Plan Rows": 1, "Plan Width": 44, "Inner Unique": false, "Join Filter": "(supplier.s_suppkey = lineitem.l_suppkey)", "Plans": [{"Node Type": "Hash Join", "Parent Relationship": "Outer", "Join Type": "Inner", "Startup Cost": 72600.6, "Total Cost": 377416.42, "Plan Rows": 125630, "Plan Width": 44, "Inner Unique": true, "Hash Cond": "(partsupp.ps_suppkey = supplier.s_suppkey), (LLVM Optimized)", "Plans": [{"Node Type": "Hash Join", "Parent Relationship": "Outer", "Join Type": "Inner", "Startup Cost": 68067.6, "Total Cost": 370653.38, "Plan Rows": 259666, "Plan Width": 32, "Inner Unique": true, "Hash Cond": "(partsupp.ps_partkey = part.p_partkey), (LLVM Optimized)", "Plans": [{"Node Type": "Seq Scan", "Parent Relationship": "Outer", "Relation Name": "partsupp", "Alias": "partsupp", "Startup Cost": 0.0, "Total Cost": 269987.72, "Plan Rows": 8000372, "Plan Width": 24}, {"Node Type": "Hash", "Parent Relationship": "Inner", "Startup Cost": 66944.0, "Total Cost": 66944.0, "Plan Rows": 89888, "Plan Width": 8, "Plans": [{"Node Type": "Seq Scan", "Parent Relationship": "Outer", "Relation Name": "part", "Alias": "part", "Startup Cost": 0.0, "Total Cost": 66944.0, "Plan Rows": 89888, "Plan Width": 8, "Filter": "((p_name)::text ~~ '%dim%'::text)"}]}]}, {"Node Type": "Hash", "Parent Relationship": "Inner", "Startup Cost": 3283.0, "Total Cost": 3283.0, "Plan Rows": 100000, "Plan Width": 12, "Plans": [{"Node Type": "Seq Scan", "Parent Relationship": "Outer", "Relation Name": "supplier", "Alias": "supplier", "Startup Cost": 0.0, "Total Cost": 3283.0, "Plan Rows": 100000, "Plan Width": 12}]}]}, {"Node Type": "Index Scan", "Parent Relationship": "Inner", "Scan Direction": "Forward", "Index Name": "idx_lineitem_part_supp", "Relation Name": "lineitem", "Alias": "lineitem", "Startup Cost": 0.0, "Total Cost": 1.13, "Plan Rows": 1, "Plan Width": 48, "Index Cond": "((l_partkey = partsupp.ps_partkey) AND (l_suppkey = partsupp.ps_suppkey))"}]}, {"Node Type": "Index Scan", "Parent Relationship": "Inner", "Scan Direction": "Forward", "Index Name": "orders_pkey", "Relation Name": "orders", "Alias": "orders", "Startup Cost": 0.0, "Total Cost": 0.29, "Plan Rows": 1, "Plan Width": 16, "Index Cond": "(o_orderkey = lineitem.l_orderkey)"}]}, {"Node Type": "Index Scan", "Parent Relationship": "Inner", "Scan Direction": "Forward", "Index Name": "nation_pkey", "Relation Name": "nation", "Alias": "nation", "Startup Cost": 0.0, "Total Cost": 0.27, "Plan Rows": 1, "Plan Width": 30, "Index Cond": "(n_nationkey = supplier.s_nationkey)"}]}]}]}, "Unique SQL Id": 3628361425}, "explain_analyze_plan": {"Plan": {"Node Type": "Sort", "Startup Cost": 521166.05, "Total Cost": 521166.06, "Plan Rows": 1, "Plan Width": 74, "Actual Startup Time": 58932.736, "Actual Total Time": 58932.749, "Actual Rows": 175, "Actual Loops": 1, "Sort Key": ["nation.n_name", "(date_part('year'::text, orders.o_orderdate)) DESC"], "Sort Method": "quicksort", "Sort Space Used": 52, "Sort Space Type": "Memory", "Plans": [{"Node Type": "Aggregate", "Strategy": "Hashed", "Parent Relationship": "Outer", "Startup Cost": 521166.03, "Total Cost": 521166.04, "Plan Rows": 1, "Plan Width": 74, "Actual Startup Time": 58932.337, "Actual Total Time": 58932.379, "Actual Rows": 175, "Actual Loops": 1, "Group By Key": ["nation.n_name", "date_part('year'::text, orders.o_orderdate)"], "Plans": [{"Node Type": "Nested Loop", "Parent Relationship": "Outer", "Join Type": "Inner", "Startup Cost": 72600.6, "Total Cost": 521166.01, "Plan Rows": 1, "Plan Width": 66, "Actual Startup Time": 1103.433, "Actual Total Time": 55092.664, "Actual Rows": 3256948, "Actual Loops": 1, "Inner Unique": true, "Plans": [{"Node Type": "Nested Loop", "Parent Relationship": "Outer", "Join Type": "Inner", "Startup Cost": 72600.6, "Total Cost": 521165.73, "Plan Rows": 1, "Plan Width": 44, "Actual Startup Time": 1103.363, "Actual Total Time": 46615.878, "Actual Rows": 3256948, "Actual Loops": 1, "Inner Unique": true, "Plans": [{"Node Type": "Nested Loop", "Parent Relationship": "Outer", "Join Type": "Inner", "Startup Cost": 72600.6, "Total Cost": 521165.43, "Plan Rows": 1, "Plan Width": 44, "Actual Startup Time": 1103.339, "Actual Total Time": 18831.717, "Actual Rows": 3256948, "Actual Loops": 1, "Inner Unique": false, "Join Filter": "(supplier.s_suppkey = lineitem.l_suppkey)", "Rows Removed by Join Filter": 0, "Plans": [{"Node Type": "Hash Join", "Parent Relationship": "Outer", "Join Type": "Inner", "Startup Cost": 72600.6, "Total Cost": 377416.42, "Plan Rows": 125630, "Plan Width": 44, "Actual Startup Time": 1103.287, "Actual Total Time": 6244.441, "Actual Rows": 434204, "Actual Loops": 1, "Inner Unique": true, "Hash Cond": "(partsupp.ps_suppkey = supplier.s_suppkey), (LLVM Optimized, Jit Execute)", "Plans": [{"Node Type": "Hash Join", "Parent Relationship": "Outer", "Join Type": "Inner", "Startup Cost": 68067.6, "Total Cost": 370653.38, "Plan Rows": 259666, "Plan Width": 32, "Actual Startup Time": 1038.788, "Actual Total Time": 5788.774, "Actual Rows": 434204, "Actual Loops": 1, "Inner Unique": true, "Hash Cond": "(partsupp.ps_partkey = part.p_partkey), (LLVM Optimized, Jit Execute)", "Plans": [{"Node Type": "Seq Scan", "Parent Relationship": "Outer", "Relation Name": "partsupp", "Alias": "partsupp", "Startup Cost": 0.0, "Total Cost": 269987.72, "Plan Rows": 8000372, "Plan Width": 24, "Actual Startup Time": 0.012, "Actual Total Time": 2567.433, "Actual Rows": 8000000, "Actual Loops": 1}, {"Node Type": "Hash", "Parent Relationship": "Inner", "Startup Cost": 66944.0, "Total Cost": 66944.0, "Plan Rows": 89888, "Plan Width": 8, "Actual Startup Time": 1038.64, "Actual Total Time": 1038.64, "Actual Rows": 108551, "Actual Loops": 1, "Hash Buckets": 131072, "Hash Batches": 1, "Original Hash Batches": 1, "Peak Memory Usage": 4241, "Plans": [{"Node Type": "Seq Scan", "Parent Relationship": "Outer", "Relation Name": "part", "Alias": "part", "Startup Cost": 0.0, "Total Cost": 66944.0, "Plan Rows": 89888, "Plan Width": 8, "Actual Startup Time": 0.042, "Actual Total Time": 1000.506, "Actual Rows": 108551, "Actual Loops": 1, "Filter": "((p_name)::text ~~ '%dim%'::text)", "Rows Removed by Filter": 1891449}]}]}, {"Node Type": "Hash", "Parent Relationship": "Inner", "Startup Cost": 3283.0, "Total Cost": 3283.0, "Plan Rows": 100000, "Plan Width": 12, "Actual Startup Time": 64.394, "Actual Total Time": 64.394, "Actual Rows": 100000, "Actual Loops": 1, "Hash Buckets": 131072, "Hash Batches": 1, "Original Hash Batches": 1, "Peak Memory Usage": 4297, "Plans": [{"Node Type": "Seq Scan", "Parent Relationship": "Outer", "Relation Name": "supplier", "Alias": "supplier", "Startup Cost": 0.0, "Total Cost": 3283.0, "Plan Rows": 100000, "Plan Width": 12, "Actual Startup Time": 0.03, "Actual Total Time": 36.628, "Actual Rows": 100000, "Actual Loops": 1}]}]}, {"Node Type": "Index Scan", "Parent Relationship": "Inner", "Scan Direction": "Forward", "Index Name": "idx_lineitem_part_supp", "Relation Name": "lineitem", "Alias": "lineitem", "Startup Cost": 0.0, "Total Cost": 1.13, "Plan Rows": 1, "Plan Width": 48, "Actual Startup Time": 3128.663, "Actual Total Time": 10882.76, "Actual Rows": 3256948, "Actual Loops": 434204, "Index Cond": "((l_partkey = partsupp.ps_partkey) AND (l_suppkey = partsupp.ps_suppkey))", "Rows Removed by Index Recheck": 0}]}, {"Node Type": "Index Scan", "Parent Relationship": "Inner", "Scan Direction": "Forward", "Index Name": "orders_pkey", "Relation Name": "orders", "Alias": "orders", "Startup Cost": 0.0, "Total Cost": 0.29, "Plan Rows": 1, "Plan Width": 16, "Actual Startup Time": 24997.016, "Actual Total Time": 24997.016, "Actual Rows": 3256948, "Actual Loops": 3256948, "Index Cond": "(o_orderkey = lineitem.l_orderkey)", "Rows Removed by Index Recheck": 0}]}, {"Node Type": "Index Scan", "Parent Relationship": "Inner", "Scan Direction": "Forward", "Index Name": "nation_pkey", "Relation Name": "nation", "Alias": "nation", "Startup Cost": 0.0, "Total Cost": 0.27, "Plan Rows": 1, "Plan Width": 30, "Actual Startup Time": 4454.455, "Actual Total Time": 4454.455, "Actual Rows": 3256948, "Actual Loops": 3256948, "Index Cond": "(n_nationkey = supplier.s_nationkey)", "Rows Removed by Index Recheck": 0}]}]}]}, "Triggers": [], "Planner Runtime": 35.792, "Total Runtime": 58943.737, "Unique SQL Id": 3628361425}}, "(64, 77)": {"explain_plan": {"Plan": {"Node Type": "Sort", "Startup Cost": 701189.51, "Total Cost": 701189.52, "Plan Rows": 1, "Plan Width": 74, "Sort Key": ["nation.n_name", "(date_part('year'::text, orders.o_orderdate)) DESC"], "Plans": [{"Node Type": "Aggregate", "Strategy": "Hashed", "Parent Relationship": "Outer", "Startup Cost": 701189.49, "Total Cost": 701189.5, "Plan Rows": 1, "Plan Width": 74, "Group By Key": ["nation.n_name", "date_part('year'::text, orders.o_orderdate)"], "Plans": [{"Node Type": "Nested Loop", "Parent Relationship": "Outer", "Join Type": "Inner", "Startup Cost": 6584.54, "Total Cost": 701189.47, "Plan Rows": 1, "Plan Width": 66, "Inner Unique": true, "Plans": [{"Node Type": "Nested Loop", "Parent Relationship": "Outer", "Join Type": "Inner", "Startup Cost": 6584.54, "Total Cost": 701189.19, "Plan Rows": 1, "Plan Width": 44, "Inner Unique": true, "Plans": [{"Node Type": "Nested Loop", "Parent Relationship": "Outer", "Join Type": "Inner", "Startup Cost": 6584.54, "Total Cost": 701188.89, "Plan Rows": 1, "Plan Width": 44, "Inner Unique": false, "Join Filter": "(supplier.s_suppkey = lineitem.l_suppkey)", "Plans": [{"Node Type": "Hash Join", "Parent Relationship": "Outer", "Join Type": "Inner", "Startup Cost": 6584.54, "Total Cost": 557439.88, "Plan Rows": 125630, "Plan Width": 44, "Inner Unique": true, "Hash Cond": "(partsupp.ps_suppkey = supplier.s_suppkey), (LLVM Optimized)", "Plans": [{"Node Type": "Nested Loop", "Parent Relationship": "Outer", "Join Type": "Inner", "Startup Cost": 0.0, "Total Cost": 548625.29, "Plan Rows": 259666, "Plan Width": 32, "Inner Unique": false, "Plans": [{"Node Type": "Index Scan", "Parent Relationship": "Outer", "Scan Direction": "Forward", "Index Name": "part_kpey", "Relation Name": "part", "Alias": "part", "Startup Cost": 0.0, "Total Cost": 105803.25, "Plan Rows": 89888, "Plan Width": 8, "Filter": "((p_name)::text ~~ '%dim%'::text)"}, {"Node Type": "Index Scan", "Parent Relationship": "Inner", "Scan Direction": "Forward", "Index Name": "idx_partsupp_partkey", "Relation Name": "partsupp", "Alias": "partsupp", "Startup Cost": 0.0, "Total Cost": 4.9, "Plan Rows": 3, "Plan Width": 24, "Index Cond": "(ps_partkey = part.p_partkey)"}]}, {"Node Type": "Hash", "Parent Relationship": "Inner", "Startup Cost": 5334.54, "Total Cost": 5334.54, "Plan Rows": 100000, "Plan Width": 12, "Plans": [{"Node Type": "Index Scan", "Parent Relationship": "Outer", "Scan Direction": "Forward", "Index Name": "supplier_pkey", "Relation Name": "supplier", "Alias": "supplier", "Startup Cost": 0.0, "Total Cost": 5334.54, "Plan Rows": 100000, "Plan Width": 12}]}]}, {"Node Type": "Index Scan", "Parent Relationship": "Inner", "Scan Direction": "Forward", "Index Name": "idx_lineitem_part_supp", "Relation Name": "lineitem", "Alias": "lineitem", "Startup Cost": 0.0, "Total Cost": 1.13, "Plan Rows": 1, "Plan Width": 48, "Index Cond": "((l_partkey = partsupp.ps_partkey) AND (l_suppkey = partsupp.ps_suppkey))"}]}, {"Node Type": "Index Scan", "Parent Relationship": "Inner", "Scan Direction": "Forward", "Index Name": "orders_pkey", "Relation Name": "orders", "Alias": "orders", "Startup Cost": 0.0, "Total Cost": 0.29, "Plan Rows": 1, "Plan Width": 16, "Index Cond": "(o_orderkey = lineitem.l_orderkey)"}]}, {"Node Type": "Index Scan", "Parent Relationship": "Inner", "Scan Direction": "Forward", "Index Name": "nation_pkey", "Relation Name": "nation", "Alias": "nation", "Startup Cost": 0.0, "Total Cost": 0.27, "Plan Rows": 1, "Plan Width": 30, "Index Cond": "(n_nationkey = supplier.s_nationkey)"}]}]}]}, "Unique SQL Id": 3628361425}, "explain_analyze_plan": {"Plan": {"Node Type": "Sort", "Startup Cost": 701189.51, "Total Cost": 701189.52, "Plan Rows": 1, "Plan Width": 74, "Actual Startup Time": 57219.783, "Actual Total Time": 57219.796, "Actual Rows": 175, "Actual Loops": 1, "Sort Key": ["nation.n_name", "(date_part('year'::text, orders.o_orderdate)) DESC"], "Sort Method": "quicksort", "Sort Space Used": 52, "Sort Space Type": "Memory", "Plans": [{"Node Type": "Aggregate", "Strategy": "Hashed", "Parent Relationship": "Outer", "Startup Cost": 701189.49, "Total Cost": 701189.5, "Plan Rows": 1, "Plan Width": 74, "Actual Startup Time": 57219.414, "Actual Total Time": 57219.454, "Actual Rows": 175, "Actual Loops": 1, "Group By Key": ["nation.n_name", "date_part('year'::text, orders.o_orderdate)"], "Plans": [{"Node Type": "Nested Loop", "Parent Relationship": "Outer", "Join Type": "Inner", "Startup Cost": 6584.54, "Total Cost": 701189.47, "Plan Rows": 1, "Plan Width": 66, "Actual Startup Time": 106.96, "Actual Total Time": 53460.735, "Actual Rows": 3256948, "Actual Loops": 1, "Inner Unique": true, "Plans": [{"Node Type": "Nested Loop", "Parent Relationship": "Outer", "Join Type": "Inner", "Startup Cost": 6584.54, "Total Cost": 701189.19, "Plan Rows": 1, "Plan Width": 44, "Actual Startup Time": 106.934, "Actual Total Time": 44656.25, "Actual Rows": 3256948, "Actual Loops": 1, "Inner Unique": true, "Plans": [{"Node Type": "Nested Loop", "Parent Relationship": "Outer", "Join Type": "Inner", "Startup Cost": 6584.54, "Total Cost": 701188.89, "Plan Rows": 1, "Plan Width": 44, "Actual Startup Time": 106.911, "Actual Total Time": 16146.218, "Actual Rows": 3256948, "Actual Loops": 1, "Inner Unique": false, "Join Filter": "(supplier.s_suppkey = lineitem.l_suppkey)", "Rows Removed by Join Filter": 0, "Plans": [{"Node Type": "Hash Join", "Parent Relationship": "Outer", "Join Type": "Inner", "Startup Cost": 6584.54, "Total Cost": 557439.88, "Plan Rows": 125630, "Plan Width": 44, "Actual Startup Time": 106.873, "Actual Total Time": 3440.596, "Actual Rows": 434204, "Actual Loops": 1, "Inner Unique": true, "Hash Cond": "(partsupp.ps_suppkey = supplier.s_suppkey), (LLVM Optimized, Jit Execute)", "Plans": [{"Node Type": "Nested Loop", "Parent Relationship": "Outer", "Join Type": "Inner", "Startup Cost": 0.0, "Total Cost": 548625.29, "Plan Rows": 259666, "Plan Width": 32, "Actual Startup Time": 0.076, "Actual Total Time": 2929.188, "Actual Rows": 434204, "Actual Loops": 1, "Inner Unique": false, "Plans": [{"Node Type": "Index Scan", "Parent Relationship": "Outer", "Scan Direction": "Forward", "Index Name": "part_kpey", "Relation Name": "part", "Alias": "part", "Startup Cost": 0.0, "Total Cost": 105803.25, "Plan Rows": 89888, "Plan Width": 8, "Actual Startup Time": 0.056, "Actual Total Time": 1746.962, "Actual Rows": 108551, "Actual Loops": 1, "Filter": "((p_name)::text ~~ '%dim%'::text)", "Rows Removed by Filter": 1891449}, {"Node Type": "Index Scan", "Parent Relationship": "Inner", "Scan Direction": "Forward", "Index Name": "idx_partsupp_partkey", "Relation Name": "partsupp", "Alias": "partsupp", "Startup Cost": 0.0, "Total Cost": 4.9, "Plan Rows": 3, "Plan Width": 24, "Actual Startup Time": 684.56, "Actual Total Time": 978.245, "Actual Rows": 434204, "Actual Loops": 108551, "Index Cond": "(ps_partkey = part.p_partkey)", "Rows Removed by Index Recheck": 0}]}, {"Node Type": "Hash", "Parent Relationship": "Inner", "Startup Cost": 5334.54, "Total Cost": 5334.54, "Plan Rows": 100000, "Plan Width": 12, "Actual Startup Time": 106.68, "Actual Total Time": 106.68, "Actual Rows": 100000, "Actual Loops": 1, "Hash Buckets": 131072, "Hash Batches": 1, "Original Hash Batches": 1, "Peak Memory Usage": 4297, "Plans": [{"Node Type": "Index Scan", "Parent Relationship": "Outer", "Scan Direction": "Forward", "Index Name": "supplier_pkey", "Relation Name": "supplier", "Alias": "supplier", "Startup Cost": 0.0, "Total Cost": 5334.54, "Plan Rows": 100000, "Plan Width": 12, "Actual Startup Time": 0.02, "Actual Total Time": 78.377, "Actual Rows": 100000, "Actual Loops": 1}]}]}, {"Node Type": "Index Scan", "Parent Relationship": "Inner", "Scan Direction": "Forward", "Index Name": "idx_lineitem_part_supp", "Relation Name": "lineitem", "Alias": "lineitem", "Startup Cost": 0.0, "Total Cost": 1.13, "Plan Rows": 1, "Plan Width": 48, "Actual Startup Time": 3174.504, "Actual Total Time": 11019.482, "Actual Rows": 3256948, "Actual Loops": 434204, "Index Cond": "((l_partkey = partsupp.ps_partkey) AND (l_suppkey = partsupp.ps_suppkey))", "Rows Removed by Index Recheck": 0}]}, {"Node Type": "Index Scan", "Parent Relationship": "Inner", "Scan Direction": "Forward", "Index Name": "orders_pkey", "Relation Name": "orders", "Alias": "orders", "Startup Cost": 0.0, "Total Cost": 0.29, "Plan Rows": 1, "Plan Width": 16, "Actual Startup Time": 25705.885, "Actual Total Time": 25705.885, "Actual Rows": 3256948, "Actual Loops": 3256948, "Index Cond": "(o_orderkey = lineitem.l_orderkey)", "Rows Removed by Index Recheck": 0}]}, {"Node Type": "Index Scan", "Parent Relationship": "Inner", "Scan Direction": "Forward", "Index Name": "nation_pkey", "Relation Name": "nation", "Alias": "nation", "Startup Cost": 0.0, "Total Cost": 0.27, "Plan Rows": 1, "Plan Width": 30, "Actual Startup Time": 4680.015, "Actual Total Time": 4680.015, "Actual Rows": 3256948, "Actual Loops": 3256948, "Index Cond": "(n_nationkey = supplier.s_nationkey)", "Rows Removed by Index Recheck": 0}]}]}]}, "Triggers": [], "Planner Runtime": 33.676, "Total Runtime": 57229.802, "Unique SQL Id": 3628361425}}, "(64, 78)": {"explain_plan": {"Plan": {"Node Type": "Sort", "Startup Cost": 3188400.3, "Total Cost": 3188400.31, "Plan Rows": 1, "Plan Width": 74, "Sort Key": ["nation.n_name", "(date_part('year'::text, orders.o_orderdate)) DESC"], "Plans": [{"Node Type": "Aggregate", "Strategy": "Hashed", "Parent Relationship": "Outer", "Startup Cost": 3188400.28, "Total Cost": 3188400.29, "Plan Rows": 1, "Plan Width": 74, "Group By Key": ["nation.n_name", "date_part('year'::text, orders.o_orderdate)"], "Plans": [{"Node Type": "Hash Join", "Parent Relationship": "Outer", "Join Type": "Inner", "Startup Cost": 2705738.4, "Total Cost": 3188400.26, "Plan Rows": 1, "Plan Width": 66, "Inner Unique": true, "Hash Cond": "(supplier.s_nationkey = nation.n_nationkey)", "Plans": [{"Node Type": "Hash Join", "Parent Relationship": "Outer", "Join Type": "Inner", "Startup Cost": 2705736.84, "Total Cost": 3188398.68, "Plan Rows": 1, "Plan Width": 44, "Inner Unique": false, "Hash Cond": "(orders.o_orderkey = lineitem.l_orderkey)", "Plans": [{"Node Type": "Seq Scan", "Parent Relationship": "Outer", "Relation Name": "orders", "Alias": "orders", "Startup Cost": 0.0, "Total Cost": 426413.79, "Plan Rows": 14999479, "Plan Width": 16}, {"Node Type": "Hash", "Parent Relationship": "Inner", "Startup Cost": 2705736.82, "Total Cost": 2705736.82, "Plan Rows": 1, "Plan Width": 44, "Plans": [{"Node Type": "Hash Join", "Parent Relationship": "Outer", "Join Type": "Inner", "Startup Cost": 406202.19, "Total Cost": 2705736.82, "Plan Rows": 1, "Plan Width": 44, "Inner Unique": false, "Hash Cond": "((lineitem.l_suppkey = partsupp.ps_suppkey) AND (lineitem.l_partkey = partsupp.ps_partkey))", "Plans": [{"Node Type": "Hash Join", "Parent Relationship": "Outer", "Join Type": "Inner", "Startup Cost": 68067.6, "Total Cost": 2313089.96, "Plan Rows": 495566, "Plan Width": 56, "Inner Unique": true, "Hash Cond": "(lineitem.l_partkey = part.p_partkey), (LLVM Optimized)", "Plans": [{"Node Type": "Seq Scan", "Parent Relationship": "Outer", "Relation Name": "lineitem", "Alias": "lineitem", "Startup Cost": 0.0, "Total Cost": 2015115.33, "Plan Rows": 59987033, "Plan Width": 48}, {"Node Type": "Hash", "Parent Relationship": "Inner", "Startup Cost": 66944.0, "Total Cost": 66944.0, "Plan Rows": 89888, "Plan Width": 8, "Plans": [{"Node Type": "Seq Scan", "Parent Relationship": "Outer", "Relation Name": "part", "Alias": "part", "Startup Cost": 0.0, "Total Cost": 66944.0, "Plan Rows": 89888, "Plan Width": 8, "Filter": "((p_name)::text ~~ '%dim%'::text)"}]}]}, {"Node Type": "Hash", "Parent Relationship": "Inner", "Startup Cost": 317967.1, "Total Cost": 317967.1, "Plan Rows": 1344499, "Plan Width": 36, "Plans": [{"Node Type": "Hash Join", "Parent Relationship": "Outer", "Join Type": "Inner", "Startup Cost": 4533.0, "Total Cost": 317967.1, "Plan Rows": 1344499, "Plan Width": 36, "Inner Unique": true, "Hash Cond": "(partsupp.ps_suppkey = supplier.s_suppkey), (LLVM Optimized)", "Plans": [{"Node Type": "Seq Scan", "Parent Relationship": "Outer", "Relation Name": "partsupp", "Alias": "partsupp", "Startup Cost": 0.0, "Total Cost": 269987.72, "Plan Rows": 8000372, "Plan Width": 24}, {"Node Type": "Hash", "Parent Relationship": "Inner", "Startup Cost": 3283.0, "Total Cost": 3283.0, "Plan Rows": 100000, "Plan Width": 12, "Plans": [{"Node Type": "Seq Scan", "Parent Relationship": "Outer", "Relation Name": "supplier", "Alias": "supplier", "Startup Cost": 0.0, "Total Cost": 3283.0, "Plan Rows": 100000, "Plan Width": 12}]}]}]}]}]}]}, {"Node Type": "Hash", "Parent Relationship": "Inner", "Startup Cost": 1.25, "Total Cost": 1.25, "Plan Rows": 25, "Plan Width": 30, "Plans": [{"Node Type": "Seq Scan", "Parent Relationship": "Outer", "Relation Name": "nation", "Alias": "nation", "Startup Cost": 0.0, "Total Cost": 1.25, "Plan Rows": 25, "Plan Width": 30}]}]}]}]}, "Unique SQL Id": 3628361425}, "explain_analyze_plan": null}, "(64, 79)": {"explain_plan": {"Plan": {"Node Type": "Sort", "Startup Cost": 6000828275432.01, "Total Cost": 6000828275432.02, "Plan Rows": 1, "Plan Width": 74, "Sort Key": ["nation.n_name", "(date_part('year'::text, orders.o_orderdate)) DESC"], "Plans": [{"Node Type": "Aggregate", "Strategy": "Hashed", "Parent Relationship": "Outer", "Startup Cost": 6000828275431.99, "Total Cost": 6000828275432.0, "Plan Rows": 1, "Plan Width": 74, "Group By Key": ["nation.n_name", "date_part('year'::text, orders.o_orderdate)"], "Plans": [{"Node Type": "Nested Loop", "Parent Relationship": "Outer", "Join Type": "Inner", "Startup Cost": 1050079983415.84, "Total Cost": 6000828275431.97, "Plan Rows": 1, "Plan Width": 66, "Inner Unique": true, "Plans": [{"Node Type": "Nested Loop", "Parent Relationship": "Outer", "Join Type": "Inner", "Startup Cost": 1040079983415.84, "Total Cost": 5000828275404.95, "Plan Rows": 1, "Plan Width": 44, "Inner Unique": true, "Plans": [{"Node Type": "Hash Join", "Parent Relationship": "Outer", "Join Type": "Inner", "Startup Cost": 1030079983415.84, "Total Cost": 4000828275375.71, "Plan Rows": 1, "Plan Width": 44, "Inner Unique": true, "Hash Cond": "(lineitem.l_suppkey = supplier.s_suppkey)", "Plans": [{"Node Type": "Merge Join", "Parent Relationship": "Outer", "Join Type": "Inner", "Startup Cost": 30079448711.46, "Total Cost": 3000827740671.31, "Plan Rows": 2, "Plan Width": 56, "Inner Unique": true, "Merge Cond": "((lineitem.l_partkey = partsupp.ps_partkey) AND (lineitem.l_suppkey = partsupp.ps_suppkey))", "Plans": [{"Node Type": "Merge Join", "Parent Relationship": "Outer", "Join Type": "Inner", "Startup Cost": 20044055294.66, "Total Cost": 2000775115222.05, "Plan Rows": 495566, "Plan Width": 56, "Inner Unique": true, "Merge Cond": "(lineitem.l_partkey = part.p_partkey)", "Plans": [{"Node Type": "Index Scan", "Parent Relationship": "Outer", "Scan Direction": "Forward", "Index Name": "idx_lineitem_part_supp", "Relation Name": "lineitem", "Alias": "lineitem", "Startup Cost": 10000000000.0, "Total Cost": 1000775391319.64, "Plan Rows": 59987033, "Plan Width": 48}, {"Node Type": "Materialize", "Parent Relationship": "Inner", "Startup Cost": 10000000000.0, "Total Cost": 1000010580549.72, "Plan Rows": 89888, "Plan Width": 8, "Plans": [{"Node Type": "Index Scan", "Parent Relationship": "Outer", "Scan Direction": "Forward", "Index Name": "part_kpey", "Relation Name": "part", "Alias": "part", "Startup Cost": 10000000000.0, "Total Cost": 1000010580325.0, "Plan Rows": 89888, "Plan Width": 8, "Filter": "((p_name)::text ~~ '%dim%'::text)"}]}]}, {"Node Type": "Index Scan", "Parent Relationship": "Inner", "Scan Direction": "Forward", "Index Name": "partsupp_pkey", "Relation Name": "partsupp", "Alias": "partsupp", "Startup Cost": 10000000000.0, "Total Cost": 1000071640963.22, "Plan Rows": 8000372, "Plan Width": 24}]}, {"Node Type": "Hash", "Parent Relationship": "Inner", "Startup Cost": 1000000533454.38, "Total Cost": 1000000533454.38, "Plan Rows": 100000, "Plan Width": 12, "Plans": [{"Node Type": "Index Scan", "Parent Relationship": "Outer", "Scan Direction": "Forward", "Index Name": "supplier_pkey", "Relation Name": "supplier", "Alias": "supplier", "Startup Cost": 10000000000.0, "Total Cost": 1000000533454.38, "Plan Rows": 100000, "Plan Width": 12}]}]}, {"Node Type": "Index Scan", "Parent Relationship": "Inner", "Scan Direction": "Forward", "Index Name": "orders_pkey", "Relation Name": "orders", "Alias": "orders", "Startup Cost": 10000000000.0, "Total Cost": 1000000000029.23, "Plan Rows": 1, "Plan Width": 16, "Index Cond": "(o_orderkey = lineitem.l_orderkey)"}]}, {"Node Type": "Index Scan", "Parent Relationship": "Inner", "Scan Direction": "Forward", "Index Name": "nation_pkey", "Relation Name": "nation", "Alias": "nation", "Startup Cost": 10000000000.0, "Total Cost": 1000000000027.01, "Plan Rows": 1, "Plan Width": 30, "Index Cond": "(n_nationkey = supplier.s_nationkey)"}]}]}]}, "Unique SQL Id": 3628361425}, "explain_analyze_plan": null}, "(64, 80)": {"explain_plan": {"Plan": {"Node Type": "Sort", "Startup Cost": 685006.93, "Total Cost": 685006.94, "Plan Rows": 1, "Plan Width": 74, "Sort Key": ["nation.n_name", "(date_part('year'::text, orders.o_orderdate)) DESC"], "Plans": [{"Node Type": "Aggregate", "Strategy": "Hashed", "Parent Relationship": "Outer", "Startup Cost": 685006.91, "Total Cost": 685006.92, "Plan Rows": 1, "Plan Width": 74, "Group By Key": ["nation.n_name", "date_part('year'::text, orders.o_orderdate)"], "Plans": [{"Node Type": "Nested Loop", "Parent Relationship": "Outer", "Join Type": "Inner", "Startup Cost": 533118.21, "Total Cost": 685006.89, "Plan Rows": 1, "Plan Width": 66, "Inner Unique": true, "Plans": [{"Node Type": "Nested Loop", "Parent Relationship": "Outer", "Join Type": "Inner", "Startup Cost": 533118.21, "Total Cost": 685006.61, "Plan Rows": 1, "Plan Width": 44, "Inner Unique": true, "Plans": [{"Node Type": "Nested Loop", "Parent Relationship": "Outer", "Join Type": "Inner", "Startup Cost": 533118.21, "Total Cost": 685006.31, "Plan Rows": 1, "Plan Width": 44, "Inner Unique": false, "Join Filter": "(supplier.s_suppkey = lineitem.l_suppkey)", "Plans": [{"Node Type": "Merge Join", "Parent Relationship": "Outer", "Join Type": "Inner", "Startup Cost": 533118.21, "Total Cost": 541257.3, "Plan Rows": 125630, "Plan Width": 44, "Inner Unique": false, "Merge Cond": "(supplier.s_suppkey = partsupp.ps_suppkey)", "Plans": [{"Node Type": "Index Scan", "Parent Relationship": "Outer", "Scan Direction": "Forward", "Index Name": "supplier_pkey", "Relation Name": "supplier", "Alias": "supplier", "Startup Cost": 0.0, "Total Cost": 5334.54, "Plan Rows": 100000, "Plan Width": 12}, {"Node Type": "Sort", "Parent Relationship": "Inner", "Startup Cost": 533118.19, "Total Cost": 533767.36, "Plan Rows": 259666, "Plan Width": 32, "Sort Key": ["partsupp.ps_suppkey"], "Plans": [{"Node Type": "Nested Loop", "Parent Relationship": "Outer", "Join Type": "Inner", "Startup Cost": 0.0, "Total Cost": 509766.04, "Plan Rows": 259666, "Plan Width": 32, "Inner Unique": false, "Plans": [{"Node Type": "Seq Scan", "Parent Relationship": "Outer", "Relation Name": "part", "Alias": "part", "Startup Cost": 0.0, "Total Cost": 66944.0, "Plan Rows": 89888, "Plan Width": 8, "Filter": "((p_name)::text ~~ '%dim%'::text)"}, {"Node Type": "Index Scan", "Parent Relationship": "Inner", "Scan Direction": "Forward", "Index Name": "idx_partsupp_partkey", "Relation Name": "partsupp", "Alias": "partsupp", "Startup Cost": 0.0, "Total Cost": 4.9, "Plan Rows": 3, "Plan Width": 24, "Index Cond": "(ps_partkey = part.p_partkey)"}]}]}]}, {"Node Type": "Index Scan", "Parent Relationship": "Inner", "Scan Direction": "Forward", "Index Name": "idx_lineitem_part_supp", "Relation Name": "lineitem", "Alias": "lineitem", "Startup Cost": 0.0, "Total Cost": 1.13, "Plan Rows": 1, "Plan Width": 48, "Index Cond": "((l_partkey = partsupp.ps_partkey) AND (l_suppkey = partsupp.ps_suppkey))"}]}, {"Node Type": "Index Scan", "Parent Relationship": "Inner", "Scan Direction": "Forward", "Index Name": "orders_pkey", "Relation Name": "orders", "Alias": "orders", "Startup Cost": 0.0, "Total Cost": 0.29, "Plan Rows": 1, "Plan Width": 16, "Index Cond": "(o_orderkey = lineitem.l_orderkey)"}]}, {"Node Type": "Index Scan", "Parent Relationship": "Inner", "Scan Direction": "Forward", "Index Name": "nation_pkey", "Relation Name": "nation", "Alias": "nation", "Startup Cost": 0.0, "Total Cost": 0.27, "Plan Rows": 1, "Plan Width": 30, "Index Cond": "(n_nationkey = supplier.s_nationkey)"}]}]}]}, "Unique SQL Id": 3628361425}, "explain_analyze_plan": {"Plan": {"Node Type": "Sort", "Startup Cost": 685006.93, "Total Cost": 685006.94, "Plan Rows": 1, "Plan Width": 74, "Actual Startup Time": 58840.001, "Actual Total Time": 58840.013, "Actual Rows": 175, "Actual Loops": 1, "Sort Key": ["nation.n_name", "(date_part('year'::text, orders.o_orderdate)) DESC"], "Sort Method": "quicksort", "Sort Space Used": 52, "Sort Space Type": "Memory", "Plans": [{"Node Type": "Aggregate", "Strategy": "Hashed", "Parent Relationship": "Outer", "Startup Cost": 685006.91, "Total Cost": 685006.92, "Plan Rows": 1, "Plan Width": 74, "Actual Startup Time": 58839.651, "Actual Total Time": 58839.687, "Actual Rows": 175, "Actual Loops": 1, "Group By Key": ["nation.n_name", "date_part('year'::text, orders.o_orderdate)"], "Plans": [{"Node Type": "Nested Loop", "Parent Relationship": "Outer", "Join Type": "Inner", "Startup Cost": 533118.21, "Total Cost": 685006.89, "Plan Rows": 1, "Plan Width": 66, "Actual Startup Time": 2177.815, "Actual Total Time": 55085.394, "Actual Rows": 3256948, "Actual Loops": 1, "Inner Unique": true, "Plans": [{"Node Type": "Nested Loop", "Parent Relationship": "Outer", "Join Type": "Inner", "Startup Cost": 533118.21, "Total Cost": 685006.61, "Plan Rows": 1, "Plan Width": 44, "Actual Startup Time": 2177.784, "Actual Total Time": 46457.19, "Actual Rows": 3256948, "Actual Loops": 1, "Inner Unique": true, "Plans": [{"Node Type": "Nested Loop", "Parent Relationship": "Outer", "Join Type": "Inner", "Startup Cost": 533118.21, "Total Cost": 685006.31, "Plan Rows": 1, "Plan Width": 44, "Actual Startup Time": 2177.751, "Actual Total Time": 16666.992, "Actual Rows": 3256948, "Actual Loops": 1, "Inner Unique": false, "Join Filter": "(supplier.s_suppkey = lineitem.l_suppkey)", "Rows Removed by Join Filter": 0, "Plans": [{"Node Type": "Merge Join", "Parent Relationship": "Outer", "Join Type": "Inner", "Startup Cost": 533118.21, "Total Cost": 541257.3, "Plan Rows": 125630, "Plan Width": 44, "Actual Startup Time": 2177.614, "Actual Total Time": 2619.392, "Actual Rows": 434204, "Actual Loops": 1, "Inner Unique": false, "Merge Cond": "(supplier.s_suppkey = partsupp.ps_suppkey)", "Plans": [{"Node Type": "Index Scan", "Parent Relationship": "Outer", "Scan Direction": "Forward", "Index Name": "supplier_pkey", "Relation Name": "supplier", "Alias": "supplier", "Startup Cost": 0.0, "Total Cost": 5334.54, "Plan Rows": 100000, "Plan Width": 12, "Actual Startup Time": 0.023, "Actual Total Time": 92.056, "Actual Rows": 100000, "Actual Loops": 1}, {"Node Type": "Sort", "Parent Relationship": "Inner", "Startup Cost": 533118.19, "Total Cost": 533767.36, "Plan Rows": 259666, "Plan Width": 32, "Actual Startup Time": 2177.574, "Actual Total Time": 2317.359, "Actual Rows": 434204, "Actual Loops": 1, "Sort Key": ["partsupp.ps_suppkey"], "Sort Method": "quicksort", "Sort Space Used": 52995, "Sort Space Type": "Memory", "Plans": [{"Node Type": "Nested Loop", "Parent Relationship": "Outer", "Join Type": "Inner", "Startup Cost": 0.0, "Total Cost": 509766.04, "Plan Rows": 259666, "Plan Width": 32, "Actual Startup Time": 0.033, "Actual Total Time": 2003.374, "Actual Rows": 434204, "Actual Loops": 1, "Inner Unique": false, "Plans": [{"Node Type": "Seq Scan", "Parent Relationship": "Outer", "Relation Name": "part", "Alias": "part", "Startup Cost": 0.0, "Total Cost": 66944.0, "Plan Rows": 89888, "Plan Width": 8, "Actual Startup Time": 0.02, "Actual Total Time": 1017.979, "Actual Rows": 108551, "Actual Loops": 1, "Filter": "((p_name)::text ~~ '%dim%'::text)", "Rows Removed by Filter": 1891449}, {"Node Type": "Index Scan", "Parent Relationship": "Inner", "Scan Direction": "Forward", "Index Name": "idx_partsupp_partkey", "Relation Name": "partsupp", "Alias": "partsupp", "Startup Cost": 0.0, "Total Cost": 4.9, "Plan Rows": 3, "Plan Width": 24, "Actual Startup Time": 593.345, "Actual Total Time": 830.109, "Actual Rows": 434204, "Actual Loops": 108551, "Index Cond": "(ps_partkey = part.p_partkey)", "Rows Removed by Index Recheck": 0}]}]}]}, {"Node Type": "Index Scan", "Parent Relationship": "Inner", "Scan Direction": "Forward", "Index Name": "idx_lineitem_part_supp", "Relation Name": "lineitem", "Alias": "lineitem", "Startup Cost": 0.0, "Total Cost": 1.13, "Plan Rows": 1, "Plan Width": 48, "Actual Startup Time": 4466.094, "Actual Total Time": 12400.002, "Actual Rows": 3256948, "Actual Loops": 434204, "Index Cond": "((l_partkey = partsupp.ps_partkey) AND (l_suppkey = partsupp.ps_suppkey))", "Rows Removed by Index Recheck": 0}]}, {"Node Type": "Index Scan", "Parent Relationship": "Inner", "Scan Direction": "Forward", "Index Name": "orders_pkey", "Relation Name": "orders", "Alias": "orders", "Startup Cost": 0.0, "Total Cost": 0.29, "Plan Rows": 1, "Plan Width": 16, "Actual Startup Time": 27002.473, "Actual Total Time": 27002.473, "Actual Rows": 3256948, "Actual Loops": 3256948, "Index Cond": "(o_orderkey = lineitem.l_orderkey)", "Rows Removed by Index Recheck": 0}]}, {"Node Type": "Index Scan", "Parent Relationship": "Inner", "Scan Direction": "Forward", "Index Name": "nation_pkey", "Relation Name": "nation", "Alias": "nation", "Startup Cost": 0.0, "Total Cost": 0.27, "Plan Rows": 1, "Plan Width": 30, "Actual Startup Time": 4502.629, "Actual Total Time": 4502.629, "Actual Rows": 3256948, "Actual Loops": 3256948, "Index Cond": "(n_nationkey = supplier.s_nationkey)", "Rows Removed by Index Recheck": 0}]}]}]}, "Triggers": [], "Planner Runtime": 31.475, "Total Runtime": 58840.319, "Unique SQL Id": 3628361425}}, "(64, 81)": {"explain_plan": {"Plan": {"Node Type": "Sort", "Startup Cost": 723866.18, "Total Cost": 723866.19, "Plan Rows": 1, "Plan Width": 74, "Sort Key": ["nation.n_name", "(date_part('year'::text, orders.o_orderdate)) DESC"], "Plans": [{"Node Type": "Aggregate", "Strategy": "Hashed", "Parent Relationship": "Outer", "Startup Cost": 723866.16, "Total Cost": 723866.17, "Plan Rows": 1, "Plan Width": 74, "Group By Key": ["nation.n_name", "date_part('year'::text, orders.o_orderdate)"], "Plans": [{"Node Type": "Nested Loop", "Parent Relationship": "Outer", "Join Type": "Inner", "Startup Cost": 571977.46, "Total Cost": 723866.14, "Plan Rows": 1, "Plan Width": 66, "Inner Unique": true, "Plans": [{"Node Type": "Nested Loop", "Parent Relationship": "Outer", "Join Type": "Inner", "Startup Cost": 571977.46, "Total Cost": 723865.86, "Plan Rows": 1, "Plan Width": 44, "Inner Unique": true, "Plans": [{"Node Type": "Nested Loop", "Parent Relationship": "Outer", "Join Type": "Inner", "Startup Cost": 571977.46, "Total Cost": 723865.56, "Plan Rows": 1, "Plan Width": 44, "Inner Unique": false, "Join Filter": "(supplier.s_suppkey = lineitem.l_suppkey)", "Plans": [{"Node Type": "Merge Join", "Parent Relationship": "Outer", "Join Type": "Inner", "Startup Cost": 571977.46, "Total Cost": 580116.55, "Plan Rows": 125630, "Plan Width": 44, "Inner Unique": false, "Merge Cond": "(supplier.s_suppkey = partsupp.ps_suppkey)", "Plans": [{"Node Type": "Index Scan", "Parent Relationship": "Outer", "Scan Direction": "Forward", "Index Name": "supplier_pkey", "Relation Name": "supplier", "Alias": "supplier", "Startup Cost": 0.0, "Total Cost": 5334.54, "Plan Rows": 100000, "Plan Width": 12}, {"Node Type": "Sort", "Parent Relationship": "Inner", "Startup Cost": 571977.44, "Total Cost": 572626.61, "Plan Rows": 259666, "Plan Width": 32, "Sort Key": ["partsupp.ps_suppkey"], "Plans": [{"Node Type": "Nested Loop", "Parent Relationship": "Outer", "Join Type": "Inner", "Startup Cost": 0.0, "Total Cost": 548625.29, "Plan Rows": 259666, "Plan Width": 32, "Inner Unique": false, "Plans": [{"Node Type": "Index Scan", "Parent Relationship": "Outer", "Scan Direction": "Forward", "Index Name": "part_kpey", "Relation Name": "part", "Alias": "part", "Startup Cost": 0.0, "Total Cost": 105803.25, "Plan Rows": 89888, "Plan Width": 8, "Filter": "((p_name)::text ~~ '%dim%'::text)"}, {"Node Type": "Index Scan", "Parent Relationship": "Inner", "Scan Direction": "Forward", "Index Name": "idx_partsupp_partkey", "Relation Name": "partsupp", "Alias": "partsupp", "Startup Cost": 0.0, "Total Cost": 4.9, "Plan Rows": 3, "Plan Width": 24, "Index Cond": "(ps_partkey = part.p_partkey)"}]}]}]}, {"Node Type": "Index Scan", "Parent Relationship": "Inner", "Scan Direction": "Forward", "Index Name": "idx_lineitem_part_supp", "Relation Name": "lineitem", "Alias": "lineitem", "Startup Cost": 0.0, "Total Cost": 1.13, "Plan Rows": 1, "Plan Width": 48, "Index Cond": "((l_partkey = partsupp.ps_partkey) AND (l_suppkey = partsupp.ps_suppkey))"}]}, {"Node Type": "Index Scan", "Parent Relationship": "Inner", "Scan Direction": "Forward", "Index Name": "orders_pkey", "Relation Name": "orders", "Alias": "orders", "Startup Cost": 0.0, "Total Cost": 0.29, "Plan Rows": 1, "Plan Width": 16, "Index Cond": "(o_orderkey = lineitem.l_orderkey)"}]}, {"Node Type": "Index Scan", "Parent Relationship": "Inner", "Scan Direction": "Forward", "Index Name": "nation_pkey", "Relation Name": "nation", "Alias": "nation", "Startup Cost": 0.0, "Total Cost": 0.27, "Plan Rows": 1, "Plan Width": 30, "Index Cond": "(n_nationkey = supplier.s_nationkey)"}]}]}]}, "Unique SQL Id": 3628361425}, "explain_analyze_plan": {"Plan": {"Node Type": "Sort", "Startup Cost": 723866.18, "Total Cost": 723866.19, "Plan Rows": 1, "Plan Width": 74, "Actual Startup Time": 59548.64, "Actual Total Time": 59548.652, "Actual Rows": 175, "Actual Loops": 1, "Sort Key": ["nation.n_name", "(date_part('year'::text, orders.o_orderdate)) DESC"], "Sort Method": "quicksort", "Sort Space Used": 52, "Sort Space Type": "Memory", "Plans": [{"Node Type": "Aggregate", "Strategy": "Hashed", "Parent Relationship": "Outer", "Startup Cost": 723866.16, "Total Cost": 723866.17, "Plan Rows": 1, "Plan Width": 74, "Actual Startup Time": 59548.286, "Actual Total Time": 59548.342, "Actual Rows": 175, "Actual Loops": 1, "Group By Key": ["nation.n_name", "date_part('year'::text, orders.o_orderdate)"], "Plans": [{"Node Type": "Nested Loop", "Parent Relationship": "Outer", "Join Type": "Inner", "Startup Cost": 571977.46, "Total Cost": 723866.14, "Plan Rows": 1, "Plan Width": 66, "Actual Startup Time": 2876.445, "Actual Total Time": 55780.995, "Actual Rows": 3256948, "Actual Loops": 1, "Inner Unique": true, "Plans": [{"Node Type": "Nested Loop", "Parent Relationship": "Outer", "Join Type": "Inner", "Startup Cost": 571977.46, "Total Cost": 723865.86, "Plan Rows": 1, "Plan Width": 44, "Actual Startup Time": 2876.416, "Actual Total Time": 47279.626, "Actual Rows": 3256948, "Actual Loops": 1, "Inner Unique": true, "Plans": [{"Node Type": "Nested Loop", "Parent Relationship": "Outer", "Join Type": "Inner", "Startup Cost": 571977.46, "Total Cost": 723865.56, "Plan Rows": 1, "Plan Width": 44, "Actual Startup Time": 2876.391, "Actual Total Time": 17408.868, "Actual Rows": 3256948, "Actual Loops": 1, "Inner Unique": false, "Join Filter": "(supplier.s_suppkey = lineitem.l_suppkey)", "Rows Removed by Join Filter": 0, "Plans": [{"Node Type": "Merge Join", "Parent Relationship": "Outer", "Join Type": "Inner", "Startup Cost": 571977.46, "Total Cost": 580116.55, "Plan Rows": 125630, "Plan Width": 44, "Actual Startup Time": 2876.312, "Actual Total Time": 3316.597, "Actual Rows": 434204, "Actual Loops": 1, "Inner Unique": false, "Merge Cond": "(supplier.s_suppkey = partsupp.ps_suppkey)", "Plans": [{"Node Type": "Index Scan", "Parent Relationship": "Outer", "Scan Direction": "Forward", "Index Name": "supplier_pkey", "Relation Name": "supplier", "Alias": "supplier", "Startup Cost": 0.0, "Total Cost": 5334.54, "Plan Rows": 100000, "Plan Width": 12, "Actual Startup Time": 0.023, "Actual Total Time": 94.352, "Actual Rows": 100000, "Actual Loops": 1}, {"Node Type": "Sort", "Parent Relationship": "Inner", "Startup Cost": 571977.44, "Total Cost": 572626.61, "Plan Rows": 259666, "Plan Width": 32, "Actual Startup Time": 2876.271, "Actual Total Time": 3006.043, "Actual Rows": 434204, "Actual Loops": 1, "Sort Key": ["partsupp.ps_suppkey"], "Sort Method": "quicksort", "Sort Space Used": 52995, "Sort Space Type": "Memory", "Plans": [{"Node Type": "Nested Loop", "Parent Relationship": "Outer", "Join Type": "Inner", "Startup Cost": 0.0, "Total Cost": 548625.29, "Plan Rows": 259666, "Plan Width": 32, "Actual Startup Time": 0.039, "Actual Total Time": 2701.737, "Actual Rows": 434204, "Actual Loops": 1, "Inner Unique": false, "Plans": [{"Node Type": "Index Scan", "Parent Relationship": "Outer", "Scan Direction": "Forward", "Index Name": "part_kpey", "Relation Name": "part", "Alias": "part", "Startup Cost": 0.0, "Total Cost": 105803.25, "Plan Rows": 89888, "Plan Width": 8, "Actual Startup Time": 0.029, "Actual Total Time": 1707.675, "Actual Rows": 108551, "Actual Loops": 1, "Filter": "((p_name)::text ~~ '%dim%'::text)", "Rows Removed by Filter": 1891449}, {"Node Type": "Index Scan", "Parent Relationship": "Inner", "Scan Direction": "Forward", "Index Name": "idx_partsupp_partkey", "Relation Name": "partsupp", "Alias": "partsupp", "Startup Cost": 0.0, "Total Cost": 4.9, "Plan Rows": 3, "Plan Width": 24, "Actual Startup Time": 603.738, "Actual Total Time": 843.511, "Actual Rows": 434204, "Actual Loops": 108551, "Index Cond": "(ps_partkey = part.p_partkey)", "Rows Removed by Index Recheck": 0}]}]}]}, {"Node Type": "Index Scan", "Parent Relationship": "Inner", "Scan Direction": "Forward", "Index Name": "idx_lineitem_part_supp", "Relation Name": "lineitem", "Alias": "lineitem", "Startup Cost": 0.0, "Total Cost": 1.13, "Plan Rows": 1, "Plan Width": 48, "Actual Startup Time": 4481.377, "Actual Total Time": 12467.506, "Actual Rows": 3256948, "Actual Loops": 434204, "Index Cond": "((l_partkey = partsupp.ps_partkey) AND (l_suppkey = partsupp.ps_suppkey))", "Rows Removed by Index Recheck": 0}]}, {"Node Type": "Index Scan", "Parent Relationship": "Inner", "Scan Direction": "Forward", "Index Name": "orders_pkey", "Relation Name": "orders", "Alias": "orders", "Startup Cost": 0.0, "Total Cost": 0.29, "Plan Rows": 1, "Plan Width": 16, "Actual Startup Time": 27079.967, "Actual Total Time": 27079.967, "Actual Rows": 3256948, "Actual Loops": 3256948, "Index Cond": "(o_orderkey = lineitem.l_orderkey)", "Rows Removed by Index Recheck": 0}]}, {"Node Type": "Index Scan", "Parent Relationship": "Inner", "Scan Direction": "Forward", "Index Name": "nation_pkey", "Relation Name": "nation", "Alias": "nation", "Startup Cost": 0.0, "Total Cost": 0.27, "Plan Rows": 1, "Plan Width": 30, "Actual Startup Time": 4424.774, "Actual Total Time": 4424.774, "Actual Rows": 3256948, "Actual Loops": 3256948, "Index Cond": "(n_nationkey = supplier.s_nationkey)", "Rows Removed by Index Recheck": 0}]}]}]}, "Triggers": [], "Planner Runtime": 30.663, "Total Runtime": 59548.965, "Unique SQL Id": 3628361425}}, "(64, 82)": {"explain_plan": {"Plan": {"Node Type": "Sort", "Startup Cost": 1531828.53, "Total Cost": 1531828.53, "Plan Rows": 1, "Plan Width": 74, "Sort Key": ["nation.n_name", "(date_part('year'::text, orders.o_orderdate)) DESC"], "Plans": [{"Node Type": "Aggregate", "Strategy": "Hashed", "Parent Relationship": "Outer", "Startup Cost": 1531828.5, "Total Cost": 1531828.52, "Plan Rows": 1, "Plan Width": 74, "Group By Key": ["nation.n_name", "date_part('year'::text, orders.o_orderdate)"], "Plans": [{"Node Type": "Nested Loop", "Parent Relationship": "Outer", "Join Type": "Inner", "Startup Cost": 971360.37, "Total Cost": 1531828.49, "Plan Rows": 1, "Plan Width": 66, "Inner Unique": true, "Plans": [{"Node Type": "Nested Loop", "Parent Relationship": "Outer", "Join Type": "Inner", "Startup Cost": 971360.11, "Total Cost": 1531824.2, "Plan Rows": 1, "Plan Width": 44, "Inner Unique": true, "Plans": [{"Node Type": "Nested Loop", "Parent Relationship": "Outer", "Join Type": "Inner", "Startup Cost": 971359.85, "Total Cost": 1531819.92, "Plan Rows": 1, "Plan Width": 44, "Inner Unique": false, "Join Filter": "(supplier.s_suppkey = lineitem.l_suppkey)", "Plans": [{"Node Type": "Merge Join", "Parent Relationship": "Outer", "Join Type": "Inner", "Startup Cost": 971359.44, "Total Cost": 974413.99, "Plan Rows": 125630, "Plan Width": 44, "Inner Unique": false, "Merge Cond": "(supplier.s_suppkey = partsupp.ps_suppkey)", "Plans": [{"Node Type": "Sort", "Parent Relationship": "Outer", "Startup Cost": 11587.82, "Total Cost": 11837.82, "Plan Rows": 100000, "Plan Width": 12, "Sort Key": ["supplier.s_suppkey"], "Plans": [{"Node Type": "Seq Scan", "Parent Relationship": "Outer", "Relation Name": "supplier", "Alias": "supplier", "Startup Cost": 0.0, "Total Cost": 3283.0, "Plan Rows": 100000, "Plan Width": 12}]}, {"Node Type": "Sort", "Parent Relationship": "Inner", "Startup Cost": 959771.6, "Total Cost": 960420.77, "Plan Rows": 259666, "Plan Width": 32, "Sort Key": ["partsupp.ps_suppkey"], "Plans": [{"Node Type": "Nested Loop", "Parent Relationship": "Outer", "Join Type": "Inner", "Startup Cost": 1.62, "Total Cost": 936419.45, "Plan Rows": 259666, "Plan Width": 32, "Inner Unique": false, "Plans": [{"Node Type": "Seq Scan", "Parent Relationship": "Outer", "Relation Name": "part", "Alias": "part", "Startup Cost": 0.0, "Total Cost": 66944.0, "Plan Rows": 89888, "Plan Width": 8, "Filter": "((p_name)::text ~~ '%dim%'::text)"}, {"Node Type": "Bitmap Heap Scan", "Parent Relationship": "Inner", "Relation Name": "partsupp", "Alias": "partsupp", "Startup Cost": 1.62, "Total Cost": 9.64, "Plan Rows": 3, "Plan Width": 24, "Recheck Cond": "(ps_partkey = part.p_partkey)", "Plans": [{"Node Type": "Bitmap Index Scan", "Parent Relationship": "Outer", "Index Name": "idx_partsupp_partkey", "Startup Cost": 0.0, "Total Cost": 1.62, "Plan Rows": 3, "Plan Width": 0, "Index Cond": "(ps_partkey = part.p_partkey)"}]}]}]}]}, {"Node Type": "Bitmap Heap Scan", "Parent Relationship": "Inner", "Relation Name": "lineitem", "Alias": "lineitem", "Startup Cost": 0.41, "Total Cost": 4.42, "Plan Rows": 1, "Plan Width": 48, "Recheck Cond": "((l_partkey = partsupp.ps_partkey) AND (l_suppkey = partsupp.ps_suppkey))", "Plans": [{"Node Type": "Bitmap Index Scan", "Parent Relationship": "Outer", "Index Name": "idx_lineitem_part_supp", "Startup Cost": 0.0, "Total Cost": 0.41, "Plan Rows": 1, "Plan Width": 0, "Index Cond": "((l_partkey = partsupp.ps_partkey) AND (l_suppkey = partsupp.ps_suppkey))"}]}]}, {"Node Type": "Bitmap Heap Scan", "Parent Relationship": "Inner", "Relation Name": "orders", "Alias": "orders", "Startup Cost": 0.26, "Total Cost": 4.27, "Plan Rows": 1, "Plan Width": 16, "Recheck Cond": "(o_orderkey = lineitem.l_orderkey)", "Plans": [{"Node Type": "Bitmap Index Scan", "Parent Relationship": "Outer", "Index Name": "orders_pkey", "Startup Cost": 0.0, "Total Cost": 0.26, "Plan Rows": 1, "Plan Width": 0, "Index Cond": "(o_orderkey = lineitem.l_orderkey)"}]}]}, {"Node Type": "Bitmap Heap Scan", "Parent Relationship": "Inner", "Relation Name": "nation", "Alias": "nation", "Startup Cost": 0.26, "Total Cost": 4.27, "Plan Rows": 1, "Plan Width": 30, "Recheck Cond": "(n_nationkey = supplier.s_nationkey)", "Plans": [{"Node Type": "Bitmap Index Scan", "Parent Relationship": "Outer", "Index Name": "nation_pkey", "Startup Cost": 0.0, "Total Cost": 0.26, "Plan Rows": 1, "Plan Width": 0, "Index Cond": "(n_nationkey = supplier.s_nationkey)"}]}]}]}]}, "Unique SQL Id": 3628361425}, "explain_analyze_plan": {"Plan": {"Node Type": "Sort", "Startup Cost": 1531828.53, "Total Cost": 1531828.53, "Plan Rows": 1, "Plan Width": 74, "Actual Startup Time": 73587.553, "Actual Total Time": 73587.564, "Actual Rows": 175, "Actual Loops": 1, "Sort Key": ["nation.n_name", "(date_part('year'::text, orders.o_orderdate)) DESC"], "Sort Method": "quicksort", "Sort Space Used": 52, "Sort Space Type": "Memory", "Plans": [{"Node Type": "Aggregate", "Strategy": "Hashed", "Parent Relationship": "Outer", "Startup Cost": 1531828.5, "Total Cost": 1531828.52, "Plan Rows": 1, "Plan Width": 74, "Actual Startup Time": 73587.202, "Actual Total Time": 73587.235, "Actual Rows": 175, "Actual Loops": 1, "Group By Key": ["nation.n_name", "date_part('year'::text, orders.o_orderdate)"], "Plans": [{"Node Type": "Nested Loop", "Parent Relationship": "Outer", "Join Type": "Inner", "Startup Cost": 971360.37, "Total Cost": 1531828.49, "Plan Rows": 1, "Plan Width": 66, "Actual Startup Time": 2416.901, "Actual Total Time": 69540.102, "Actual Rows": 3256948, "Actual Loops": 1, "Inner Unique": true, "Plans": [{"Node Type": "Nested Loop", "Parent Relationship": "Outer", "Join Type": "Inner", "Startup Cost": 971360.11, "Total Cost": 1531824.2, "Plan Rows": 1, "Plan Width": 44, "Actual Startup Time": 2416.782, "Actual Total Time": 55702.128, "Actual Rows": 3256948, "Actual Loops": 1, "Inner Unique": true, "Plans": [{"Node Type": "Nested Loop", "Parent Relationship": "Outer", "Join Type": "Inner", "Startup Cost": 971359.85, "Total Cost": 1531819.92, "Plan Rows": 1, "Plan Width": 44, "Actual Startup Time": 2416.729, "Actual Total Time": 19855.914, "Actual Rows": 3256948, "Actual Loops": 1, "Inner Unique": false, "Join Filter": "(supplier.s_suppkey = lineitem.l_suppkey)", "Rows Removed by Join Filter": 0, "Plans": [{"Node Type": "Merge Join", "Parent Relationship": "Outer", "Join Type": "Inner", "Startup Cost": 971359.44, "Total Cost": 974413.99, "Plan Rows": 125630, "Plan Width": 44, "Actual Startup Time": 2416.639, "Actual Total Time": 2843.034, "Actual Rows": 434204, "Actual Loops": 1, "Inner Unique": false, "Merge Cond": "(supplier.s_suppkey = partsupp.ps_suppkey)", "Plans": [{"Node Type": "Sort", "Parent Relationship": "Outer", "Startup Cost": 11587.82, "Total Cost": 11837.82, "Plan Rows": 100000, "Plan Width": 12, "Actual Startup Time": 70.281, "Actual Total Time": 91.986, "Actual Rows": 100000, "Actual Loops": 1, "Sort Key": ["supplier.s_suppkey"], "Sort Method": "quicksort", "Sort Space Used": 12448, "Sort Space Type": "Memory", "Plans": [{"Node Type": "Seq Scan", "Parent Relationship": "Outer", "Relation Name": "supplier", "Alias": "supplier", "Startup Cost": 0.0, "Total Cost": 3283.0, "Plan Rows": 100000, "Plan Width": 12, "Actual Startup Time": 0.017, "Actual Total Time": 39.039, "Actual Rows": 100000, "Actual Loops": 1}]}, {"Node Type": "Sort", "Parent Relationship": "Inner", "Startup Cost": 959771.6, "Total Cost": 960420.77, "Plan Rows": 259666, "Plan Width": 32, "Actual Startup Time": 2346.341, "Actual Total Time": 2501.524, "Actual Rows": 434204, "Actual Loops": 1, "Sort Key": ["partsupp.ps_suppkey"], "Sort Method": "quicksort", "Sort Space Used": 52995, "Sort Space Type": "Memory", "Plans": [{"Node Type": "Nested Loop", "Parent Relationship": "Outer", "Join Type": "Inner", "Startup Cost": 1.62, "Total Cost": 936419.45, "Plan Rows": 259666, "Plan Width": 32, "Actual Startup Time": 0.099, "Actual Total Time": 2178.907, "Actual Rows": 434204, "Actual Loops": 1, "Inner Unique": false, "Plans": [{"Node Type": "Seq Scan", "Parent Relationship": "Outer", "Relation Name": "part", "Alias": "part", "Startup Cost": 0.0, "Total Cost": 66944.0, "Plan Rows": 89888, "Plan Width": 8, "Actual Startup Time": 0.04, "Actual Total Time": 1033.388, "Actual Rows": 108551, "Actual Loops": 1, "Filter": "((p_name)::text ~~ '%dim%'::text)", "Rows Removed by Filter": 1891449}, {"Node Type": "Bitmap Heap Scan", "Parent Relationship": "Inner", "Relation Name": "partsupp", "Alias": "partsupp", "Startup Cost": 1.62, "Total Cost": 9.64, "Plan Rows": 3, "Plan Width": 24, "Actual Startup Time": 850.126, "Actual Total Time": 932.03, "Actual Rows": 434204, "Actual Loops": 108551, "Recheck Cond": "(ps_partkey = part.p_partkey)", "Rows Removed by Index Recheck": 0, "Exact Heap Blocks": 118409, "Lossy Heap Blocks": 118409, "Plans": [{"Node Type": "Bitmap Index Scan", "Parent Relationship": "Outer", "Index Name": "idx_partsupp_partkey", "Startup Cost": 0.0, "Total Cost": 1.62, "Plan Rows": 3, "Plan Width": 0, "Actual Startup Time": 418.604, "Actual Total Time": 418.604, "Actual Rows": 434204, "Actual Loops": 108551, "Index Cond": "(ps_partkey = part.p_partkey)"}]}]}]}]}, {"Node Type": "Bitmap Heap Scan", "Parent Relationship": "Inner", "Relation Name": "lineitem", "Alias": "lineitem", "Startup Cost": 0.41, "Total Cost": 4.42, "Plan Rows": 1, "Plan Width": 48, "Actual Startup Time": 6224.762, "Actual Total Time": 14928.497, "Actual Rows": 3256948, "Actual Loops": 434204, "Recheck Cond": "((l_partkey = partsupp.ps_partkey) AND (l_suppkey = partsupp.ps_suppkey))", "Rows Removed by Index Recheck": 0, "Exact Heap Blocks": 3256937, "Lossy Heap Blocks": 3256937, "Plans": [{"Node Type": "Bitmap Index Scan", "Parent Relationship": "Outer", "Index Name": "idx_lineitem_part_supp", "Startup Cost": 0.0, "Total Cost": 0.41, "Plan Rows": 1, "Plan Width": 0, "Actual Startup Time": 4124.9, "Actual Total Time": 4124.9, "Actual Rows": 3256948, "Actual Loops": 434204, "Index Cond": "((l_partkey = partsupp.ps_partkey) AND (l_suppkey = partsupp.ps_suppkey))"}]}]}, {"Node Type": "Bitmap Heap Scan", "Parent Relationship": "Inner", "Relation Name": "orders", "Alias": "orders", "Startup Cost": 0.26, "Total Cost": 4.27, "Plan Rows": 1, "Plan Width": 16, "Actual Startup Time": 31236.756, "Actual Total Time": 31236.756, "Actual Rows": 3256948, "Actual Loops": 3256948, "Recheck Cond": "(o_orderkey = lineitem.l_orderkey)", "Rows Removed by Index Recheck": 0, "Exact Heap Blocks": 3256948, "Lossy Heap Blocks": 3256948, "Plans": [{"Node Type": "Bitmap Index Scan", "Parent Relationship": "Outer", "Index Name": "orders_pkey", "Startup Cost": 0.0, "Total Cost": 0.26, "Plan Rows": 1, "Plan Width": 0, "Actual Startup Time": 19801.558, "Actual Total Time": 19801.558, "Actual Rows": 3256948, "Actual Loops": 3256948, "Index Cond": "(o_orderkey = lineitem.l_orderkey)"}]}]}, {"Node Type": "Bitmap Heap Scan", "Parent Relationship": "Inner", "Relation Name": "nation", "Alias": "nation", "Startup Cost": 0.26, "Total Cost": 4.27, "Plan Rows": 1, "Plan Width": 30, "Actual Startup Time": 7755.23, "Actual Total Time": 7755.23, "Actual Rows": 3256948, "Actual Loops": 3256948, "Recheck Cond": "(n_nationkey = supplier.s_nationkey)", "Rows Removed by Index Recheck": 0, "Exact Heap Blocks": 3256948, "Lossy Heap Blocks": 3256948, "Plans": [{"Node Type": "Bitmap Index Scan", "Parent Relationship": "Outer", "Index Name": "nation_pkey", "Startup Cost": 0.0, "Total Cost": 0.26, "Plan Rows": 1, "Plan Width": 0, "Actual Startup Time": 3334.149, "Actual Total Time": 3334.149, "Actual Rows": 3256948, "Actual Loops": 3256948, "Index Cond": "(n_nationkey = supplier.s_nationkey)"}]}]}]}]}, "Triggers": [], "Planner Runtime": 26.291, "Total Runtime": 73587.93, "Unique SQL Id": 3628361425}}, "(64, 83)": {"explain_plan": {"Plan": {"Node Type": "Sort", "Startup Cost": 1000008167021.57, "Total Cost": 1000008167021.58, "Plan Rows": 1, "Plan Width": 74, "Sort Key": ["nation.n_name", "(date_part('year'::text, orders.o_orderdate)) DESC"], "Plans": [{"Node Type": "Aggregate", "Strategy": "Hashed", "Parent Relationship": "Outer", "Startup Cost": 1000008167021.55, "Total Cost": 1000008167021.56, "Plan Rows": 1, "Plan Width": 74, "Group By Key": ["nation.n_name", "date_part('year'::text, orders.o_orderdate)"], "Plans": [{"Node Type": "Nested Loop", "Parent Relationship": "Outer", "Join Type": "Inner", "Startup Cost": 10000000002.75, "Total Cost": 1000008167021.53, "Plan Rows": 1, "Plan Width": 66, "Inner Unique": true, "Plans": [{"Node Type": "Nested Loop", "Parent Relationship": "Outer", "Join Type": "Inner", "Startup Cost": 10000000002.5, "Total Cost": 1000008167017.25, "Plan Rows": 1, "Plan Width": 44, "Inner Unique": true, "Plans": [{"Node Type": "Nested Loop", "Parent Relationship": "Outer", "Join Type": "Inner", "Startup Cost": 10000000002.24, "Total Cost": 1000008167012.96, "Plan Rows": 1, "Plan Width": 44, "Inner Unique": true, "Join Filter": "(partsupp.ps_partkey = part.p_partkey)", "Plans": [{"Node Type": "Nested Loop", "Parent Relationship": "Outer", "Join Type": "Inner", "Startup Cost": 10000000001.98, "Total Cost": 1000008166987.25, "Plan Rows": 6, "Plan Width": 60, "Inner Unique": false, "Join Filter": "(supplier.s_suppkey = lineitem.l_suppkey)", "Plans": [{"Node Type": "Nested Loop", "Parent Relationship": "Outer", "Join Type": "Inner", "Startup Cost": 10000000001.57, "Total Cost": 1000002201599.04, "Plan Rows": 1344499, "Plan Width": 36, "Inner Unique": false, "Plans": [{"Node Type": "Index Scan", "Parent Relationship": "Outer", "Scan Direction": "Forward", "Index Name": "idx_supplier_nation_key", "Relation Name": "supplier", "Alias": "supplier", "Startup Cost": 10000000000.0, "Total Cost": 1000001217556.78, "Plan Rows": 100000, "Plan Width": 12}, {"Node Type": "Bitmap Heap Scan", "Parent Relationship": "Inner", "Relation Name": "partsupp", "Alias": "partsupp", "Startup Cost": 1.57, "Total Cost": 9.71, "Plan Rows": 13, "Plan Width": 24, "Recheck Cond": "(ps_suppkey = supplier.s_suppkey)", "Plans": [{"Node Type": "Bitmap Index Scan", "Parent Relationship": "Outer", "Index Name": "idx_partsupp_suppkey", "Startup Cost": 0.0, "Total Cost": 1.56, "Plan Rows": 13, "Plan Width": 0, "Index Cond": "(ps_suppkey = supplier.s_suppkey)"}]}]}, {"Node Type": "Bitmap Heap Scan", "Parent Relationship": "Inner", "Relation Name": "lineitem", "Alias": "lineitem", "Startup Cost": 0.41, "Total Cost": 4.42, "Plan Rows": 1, "Plan Width": 48, "Recheck Cond": "((l_partkey = partsupp.ps_partkey) AND (l_suppkey = partsupp.ps_suppkey))", "Plans": [{"Node Type": "Bitmap Index Scan", "Parent Relationship": "Outer", "Index Name": "idx_lineitem_part_supp", "Startup Cost": 0.0, "Total Cost": 0.41, "Plan Rows": 1, "Plan Width": 0, "Index Cond": "((l_partkey = partsupp.ps_partkey) AND (l_suppkey = partsupp.ps_suppkey))"}]}]}, {"Node Type": "Bitmap Heap Scan", "Parent Relationship": "Inner", "Relation Name": "part", "Alias": "part", "Startup Cost": 0.26, "Total Cost": 4.27, "Plan Rows": 1, "Plan Width": 8, "Recheck Cond": "(p_partkey = lineitem.l_partkey)", "Filter": "((p_name)::text ~~ '%dim%'::text)", "Plans": [{"Node Type": "Bitmap Index Scan", "Parent Relationship": "Outer", "Index Name": "part_kpey", "Startup Cost": 0.0, "Total Cost": 0.26, "Plan Rows": 1, "Plan Width": 0, "Index Cond": "(p_partkey = lineitem.l_partkey)"}]}]}, {"Node Type": "Bitmap Heap Scan", "Parent Relationship": "Inner", "Relation Name": "orders", "Alias": "orders", "Startup Cost": 0.26, "Total Cost": 4.27, "Plan Rows": 1, "Plan Width": 16, "Recheck Cond": "(o_orderkey = lineitem.l_orderkey)", "Plans": [{"Node Type": "Bitmap Index Scan", "Parent Relationship": "Outer", "Index Name": "orders_pkey", "Startup Cost": 0.0, "Total Cost": 0.26, "Plan Rows": 1, "Plan Width": 0, "Index Cond": "(o_orderkey = lineitem.l_orderkey)"}]}]}, {"Node Type": "Bitmap Heap Scan", "Parent Relationship": "Inner", "Relation Name": "nation", "Alias": "nation", "Startup Cost": 0.26, "Total Cost": 4.27, "Plan Rows": 1, "Plan Width": 30, "Recheck Cond": "(n_nationkey = supplier.s_nationkey)", "Plans": [{"Node Type": "Bitmap Index Scan", "Parent Relationship": "Outer", "Index Name": "nation_pkey", "Startup Cost": 0.0, "Total Cost": 0.26, "Plan Rows": 1, "Plan Width": 0, "Index Cond": "(n_nationkey = supplier.s_nationkey)"}]}]}]}]}, "Unique SQL Id": 3628361425}, "explain_analyze_plan": null}, "(64, 84)": {"explain_plan": {"Plan": {"Node Type": "Sort", "Startup Cost": 685006.93, "Total Cost": 685006.94, "Plan Rows": 1, "Plan Width": 74, "Sort Key": ["nation.n_name", "(date_part('year'::text, orders.o_orderdate)) DESC"], "Plans": [{"Node Type": "Aggregate", "Strategy": "Hashed", "Parent Relationship": "Outer", "Startup Cost": 685006.91, "Total Cost": 685006.92, "Plan Rows": 1, "Plan Width": 74, "Group By Key": ["nation.n_name", "date_part('year'::text, orders.o_orderdate)"], "Plans": [{"Node Type": "Nested Loop", "Parent Relationship": "Outer", "Join Type": "Inner", "Startup Cost": 533118.21, "Total Cost": 685006.89, "Plan Rows": 1, "Plan Width": 66, "Inner Unique": true, "Plans": [{"Node Type": "Nested Loop", "Parent Relationship": "Outer", "Join Type": "Inner", "Startup Cost": 533118.21, "Total Cost": 685006.61, "Plan Rows": 1, "Plan Width": 44, "Inner Unique": true, "Plans": [{"Node Type": "Nested Loop", "Parent Relationship": "Outer", "Join Type": "Inner", "Startup Cost": 533118.21, "Total Cost": 685006.31, "Plan Rows": 1, "Plan Width": 44, "Inner Unique": false, "Join Filter": "(supplier.s_suppkey = lineitem.l_suppkey)", "Plans": [{"Node Type": "Merge Join", "Parent Relationship": "Outer", "Join Type": "Inner", "Startup Cost": 533118.21, "Total Cost": 541257.3, "Plan Rows": 125630, "Plan Width": 44, "Inner Unique": false, "Merge Cond": "(supplier.s_suppkey = partsupp.ps_suppkey)", "Plans": [{"Node Type": "Index Scan", "Parent Relationship": "Outer", "Scan Direction": "Forward", "Index Name": "supplier_pkey", "Relation Name": "supplier", "Alias": "supplier", "Startup Cost": 0.0, "Total Cost": 5334.54, "Plan Rows": 100000, "Plan Width": 12}, {"Node Type": "Sort", "Parent Relationship": "Inner", "Startup Cost": 533118.19, "Total Cost": 533767.36, "Plan Rows": 259666, "Plan Width": 32, "Sort Key": ["partsupp.ps_suppkey"], "Plans": [{"Node Type": "Nested Loop", "Parent Relationship": "Outer", "Join Type": "Inner", "Startup Cost": 0.0, "Total Cost": 509766.04, "Plan Rows": 259666, "Plan Width": 32, "Inner Unique": false, "Plans": [{"Node Type": "Seq Scan", "Parent Relationship": "Outer", "Relation Name": "part", "Alias": "part", "Startup Cost": 0.0, "Total Cost": 66944.0, "Plan Rows": 89888, "Plan Width": 8, "Filter": "((p_name)::text ~~ '%dim%'::text)"}, {"Node Type": "Index Scan", "Parent Relationship": "Inner", "Scan Direction": "Forward", "Index Name": "idx_partsupp_partkey", "Relation Name": "partsupp", "Alias": "partsupp", "Startup Cost": 0.0, "Total Cost": 4.9, "Plan Rows": 3, "Plan Width": 24, "Index Cond": "(ps_partkey = part.p_partkey)"}]}]}]}, {"Node Type": "Index Scan", "Parent Relationship": "Inner", "Scan Direction": "Forward", "Index Name": "idx_lineitem_part_supp", "Relation Name": "lineitem", "Alias": "lineitem", "Startup Cost": 0.0, "Total Cost": 1.13, "Plan Rows": 1, "Plan Width": 48, "Index Cond": "((l_partkey = partsupp.ps_partkey) AND (l_suppkey = partsupp.ps_suppkey))"}]}, {"Node Type": "Index Scan", "Parent Relationship": "Inner", "Scan Direction": "Forward", "Index Name": "orders_pkey", "Relation Name": "orders", "Alias": "orders", "Startup Cost": 0.0, "Total Cost": 0.29, "Plan Rows": 1, "Plan Width": 16, "Index Cond": "(o_orderkey = lineitem.l_orderkey)"}]}, {"Node Type": "Index Scan", "Parent Relationship": "Inner", "Scan Direction": "Forward", "Index Name": "nation_pkey", "Relation Name": "nation", "Alias": "nation", "Startup Cost": 0.0, "Total Cost": 0.27, "Plan Rows": 1, "Plan Width": 30, "Index Cond": "(n_nationkey = supplier.s_nationkey)"}]}]}]}, "Unique SQL Id": 3628361425}, "explain_analyze_plan": {"Plan": {"Node Type": "Sort", "Startup Cost": 685006.93, "Total Cost": 685006.94, "Plan Rows": 1, "Plan Width": 74, "Actual Startup Time": 58840.001, "Actual Total Time": 58840.013, "Actual Rows": 175, "Actual Loops": 1, "Sort Key": ["nation.n_name", "(date_part('year'::text, orders.o_orderdate)) DESC"], "Sort Method": "quicksort", "Sort Space Used": 52, "Sort Space Type": "Memory", "Plans": [{"Node Type": "Aggregate", "Strategy": "Hashed", "Parent Relationship": "Outer", "Startup Cost": 685006.91, "Total Cost": 685006.92, "Plan Rows": 1, "Plan Width": 74, "Actual Startup Time": 58839.651, "Actual Total Time": 58839.687, "Actual Rows": 175, "Actual Loops": 1, "Group By Key": ["nation.n_name", "date_part('year'::text, orders.o_orderdate)"], "Plans": [{"Node Type": "Nested Loop", "Parent Relationship": "Outer", "Join Type": "Inner", "Startup Cost": 533118.21, "Total Cost": 685006.89, "Plan Rows": 1, "Plan Width": 66, "Actual Startup Time": 2177.815, "Actual Total Time": 55085.394, "Actual Rows": 3256948, "Actual Loops": 1, "Inner Unique": true, "Plans": [{"Node Type": "Nested Loop", "Parent Relationship": "Outer", "Join Type": "Inner", "Startup Cost": 533118.21, "Total Cost": 685006.61, "Plan Rows": 1, "Plan Width": 44, "Actual Startup Time": 2177.784, "Actual Total Time": 46457.19, "Actual Rows": 3256948, "Actual Loops": 1, "Inner Unique": true, "Plans": [{"Node Type": "Nested Loop", "Parent Relationship": "Outer", "Join Type": "Inner", "Startup Cost": 533118.21, "Total Cost": 685006.31, "Plan Rows": 1, "Plan Width": 44, "Actual Startup Time": 2177.751, "Actual Total Time": 16666.992, "Actual Rows": 3256948, "Actual Loops": 1, "Inner Unique": false, "Join Filter": "(supplier.s_suppkey = lineitem.l_suppkey)", "Rows Removed by Join Filter": 0, "Plans": [{"Node Type": "Merge Join", "Parent Relationship": "Outer", "Join Type": "Inner", "Startup Cost": 533118.21, "Total Cost": 541257.3, "Plan Rows": 125630, "Plan Width": 44, "Actual Startup Time": 2177.614, "Actual Total Time": 2619.392, "Actual Rows": 434204, "Actual Loops": 1, "Inner Unique": false, "Merge Cond": "(supplier.s_suppkey = partsupp.ps_suppkey)", "Plans": [{"Node Type": "Index Scan", "Parent Relationship": "Outer", "Scan Direction": "Forward", "Index Name": "supplier_pkey", "Relation Name": "supplier", "Alias": "supplier", "Startup Cost": 0.0, "Total Cost": 5334.54, "Plan Rows": 100000, "Plan Width": 12, "Actual Startup Time": 0.023, "Actual Total Time": 92.056, "Actual Rows": 100000, "Actual Loops": 1}, {"Node Type": "Sort", "Parent Relationship": "Inner", "Startup Cost": 533118.19, "Total Cost": 533767.36, "Plan Rows": 259666, "Plan Width": 32, "Actual Startup Time": 2177.574, "Actual Total Time": 2317.359, "Actual Rows": 434204, "Actual Loops": 1, "Sort Key": ["partsupp.ps_suppkey"], "Sort Method": "quicksort", "Sort Space Used": 52995, "Sort Space Type": "Memory", "Plans": [{"Node Type": "Nested Loop", "Parent Relationship": "Outer", "Join Type": "Inner", "Startup Cost": 0.0, "Total Cost": 509766.04, "Plan Rows": 259666, "Plan Width": 32, "Actual Startup Time": 0.033, "Actual Total Time": 2003.374, "Actual Rows": 434204, "Actual Loops": 1, "Inner Unique": false, "Plans": [{"Node Type": "Seq Scan", "Parent Relationship": "Outer", "Relation Name": "part", "Alias": "part", "Startup Cost": 0.0, "Total Cost": 66944.0, "Plan Rows": 89888, "Plan Width": 8, "Actual Startup Time": 0.02, "Actual Total Time": 1017.979, "Actual Rows": 108551, "Actual Loops": 1, "Filter": "((p_name)::text ~~ '%dim%'::text)", "Rows Removed by Filter": 1891449}, {"Node Type": "Index Scan", "Parent Relationship": "Inner", "Scan Direction": "Forward", "Index Name": "idx_partsupp_partkey", "Relation Name": "partsupp", "Alias": "partsupp", "Startup Cost": 0.0, "Total Cost": 4.9, "Plan Rows": 3, "Plan Width": 24, "Actual Startup Time": 593.345, "Actual Total Time": 830.109, "Actual Rows": 434204, "Actual Loops": 108551, "Index Cond": "(ps_partkey = part.p_partkey)", "Rows Removed by Index Recheck": 0}]}]}]}, {"Node Type": "Index Scan", "Parent Relationship": "Inner", "Scan Direction": "Forward", "Index Name": "idx_lineitem_part_supp", "Relation Name": "lineitem", "Alias": "lineitem", "Startup Cost": 0.0, "Total Cost": 1.13, "Plan Rows": 1, "Plan Width": 48, "Actual Startup Time": 4466.094, "Actual Total Time": 12400.002, "Actual Rows": 3256948, "Actual Loops": 434204, "Index Cond": "((l_partkey = partsupp.ps_partkey) AND (l_suppkey = partsupp.ps_suppkey))", "Rows Removed by Index Recheck": 0}]}, {"Node Type": "Index Scan", "Parent Relationship": "Inner", "Scan Direction": "Forward", "Index Name": "orders_pkey", "Relation Name": "orders", "Alias": "orders", "Startup Cost": 0.0, "Total Cost": 0.29, "Plan Rows": 1, "Plan Width": 16, "Actual Startup Time": 27002.473, "Actual Total Time": 27002.473, "Actual Rows": 3256948, "Actual Loops": 3256948, "Index Cond": "(o_orderkey = lineitem.l_orderkey)", "Rows Removed by Index Recheck": 0}]}, {"Node Type": "Index Scan", "Parent Relationship": "Inner", "Scan Direction": "Forward", "Index Name": "nation_pkey", "Relation Name": "nation", "Alias": "nation", "Startup Cost": 0.0, "Total Cost": 0.27, "Plan Rows": 1, "Plan Width": 30, "Actual Startup Time": 4502.629, "Actual Total Time": 4502.629, "Actual Rows": 3256948, "Actual Loops": 3256948, "Index Cond": "(n_nationkey = supplier.s_nationkey)", "Rows Removed by Index Recheck": 0}]}]}]}, "Triggers": [], "Planner Runtime": 31.475, "Total Runtime": 58840.319, "Unique SQL Id": 3628361425}}, "(64, 85)": {"explain_plan": {"Plan": {"Node Type": "Sort", "Startup Cost": 723866.18, "Total Cost": 723866.19, "Plan Rows": 1, "Plan Width": 74, "Sort Key": ["nation.n_name", "(date_part('year'::text, orders.o_orderdate)) DESC"], "Plans": [{"Node Type": "Aggregate", "Strategy": "Hashed", "Parent Relationship": "Outer", "Startup Cost": 723866.16, "Total Cost": 723866.17, "Plan Rows": 1, "Plan Width": 74, "Group By Key": ["nation.n_name", "date_part('year'::text, orders.o_orderdate)"], "Plans": [{"Node Type": "Nested Loop", "Parent Relationship": "Outer", "Join Type": "Inner", "Startup Cost": 571977.46, "Total Cost": 723866.14, "Plan Rows": 1, "Plan Width": 66, "Inner Unique": true, "Plans": [{"Node Type": "Nested Loop", "Parent Relationship": "Outer", "Join Type": "Inner", "Startup Cost": 571977.46, "Total Cost": 723865.86, "Plan Rows": 1, "Plan Width": 44, "Inner Unique": true, "Plans": [{"Node Type": "Nested Loop", "Parent Relationship": "Outer", "Join Type": "Inner", "Startup Cost": 571977.46, "Total Cost": 723865.56, "Plan Rows": 1, "Plan Width": 44, "Inner Unique": false, "Join Filter": "(supplier.s_suppkey = lineitem.l_suppkey)", "Plans": [{"Node Type": "Merge Join", "Parent Relationship": "Outer", "Join Type": "Inner", "Startup Cost": 571977.46, "Total Cost": 580116.55, "Plan Rows": 125630, "Plan Width": 44, "Inner Unique": false, "Merge Cond": "(supplier.s_suppkey = partsupp.ps_suppkey)", "Plans": [{"Node Type": "Index Scan", "Parent Relationship": "Outer", "Scan Direction": "Forward", "Index Name": "supplier_pkey", "Relation Name": "supplier", "Alias": "supplier", "Startup Cost": 0.0, "Total Cost": 5334.54, "Plan Rows": 100000, "Plan Width": 12}, {"Node Type": "Sort", "Parent Relationship": "Inner", "Startup Cost": 571977.44, "Total Cost": 572626.61, "Plan Rows": 259666, "Plan Width": 32, "Sort Key": ["partsupp.ps_suppkey"], "Plans": [{"Node Type": "Nested Loop", "Parent Relationship": "Outer", "Join Type": "Inner", "Startup Cost": 0.0, "Total Cost": 548625.29, "Plan Rows": 259666, "Plan Width": 32, "Inner Unique": false, "Plans": [{"Node Type": "Index Scan", "Parent Relationship": "Outer", "Scan Direction": "Forward", "Index Name": "part_kpey", "Relation Name": "part", "Alias": "part", "Startup Cost": 0.0, "Total Cost": 105803.25, "Plan Rows": 89888, "Plan Width": 8, "Filter": "((p_name)::text ~~ '%dim%'::text)"}, {"Node Type": "Index Scan", "Parent Relationship": "Inner", "Scan Direction": "Forward", "Index Name": "idx_partsupp_partkey", "Relation Name": "partsupp", "Alias": "partsupp", "Startup Cost": 0.0, "Total Cost": 4.9, "Plan Rows": 3, "Plan Width": 24, "Index Cond": "(ps_partkey = part.p_partkey)"}]}]}]}, {"Node Type": "Index Scan", "Parent Relationship": "Inner", "Scan Direction": "Forward", "Index Name": "idx_lineitem_part_supp", "Relation Name": "lineitem", "Alias": "lineitem", "Startup Cost": 0.0, "Total Cost": 1.13, "Plan Rows": 1, "Plan Width": 48, "Index Cond": "((l_partkey = partsupp.ps_partkey) AND (l_suppkey = partsupp.ps_suppkey))"}]}, {"Node Type": "Index Scan", "Parent Relationship": "Inner", "Scan Direction": "Forward", "Index Name": "orders_pkey", "Relation Name": "orders", "Alias": "orders", "Startup Cost": 0.0, "Total Cost": 0.29, "Plan Rows": 1, "Plan Width": 16, "Index Cond": "(o_orderkey = lineitem.l_orderkey)"}]}, {"Node Type": "Index Scan", "Parent Relationship": "Inner", "Scan Direction": "Forward", "Index Name": "nation_pkey", "Relation Name": "nation", "Alias": "nation", "Startup Cost": 0.0, "Total Cost": 0.27, "Plan Rows": 1, "Plan Width": 30, "Index Cond": "(n_nationkey = supplier.s_nationkey)"}]}]}]}, "Unique SQL Id": 3628361425}, "explain_analyze_plan": {"Plan": {"Node Type": "Sort", "Startup Cost": 723866.18, "Total Cost": 723866.19, "Plan Rows": 1, "Plan Width": 74, "Actual Startup Time": 59548.64, "Actual Total Time": 59548.652, "Actual Rows": 175, "Actual Loops": 1, "Sort Key": ["nation.n_name", "(date_part('year'::text, orders.o_orderdate)) DESC"], "Sort Method": "quicksort", "Sort Space Used": 52, "Sort Space Type": "Memory", "Plans": [{"Node Type": "Aggregate", "Strategy": "Hashed", "Parent Relationship": "Outer", "Startup Cost": 723866.16, "Total Cost": 723866.17, "Plan Rows": 1, "Plan Width": 74, "Actual Startup Time": 59548.286, "Actual Total Time": 59548.342, "Actual Rows": 175, "Actual Loops": 1, "Group By Key": ["nation.n_name", "date_part('year'::text, orders.o_orderdate)"], "Plans": [{"Node Type": "Nested Loop", "Parent Relationship": "Outer", "Join Type": "Inner", "Startup Cost": 571977.46, "Total Cost": 723866.14, "Plan Rows": 1, "Plan Width": 66, "Actual Startup Time": 2876.445, "Actual Total Time": 55780.995, "Actual Rows": 3256948, "Actual Loops": 1, "Inner Unique": true, "Plans": [{"Node Type": "Nested Loop", "Parent Relationship": "Outer", "Join Type": "Inner", "Startup Cost": 571977.46, "Total Cost": 723865.86, "Plan Rows": 1, "Plan Width": 44, "Actual Startup Time": 2876.416, "Actual Total Time": 47279.626, "Actual Rows": 3256948, "Actual Loops": 1, "Inner Unique": true, "Plans": [{"Node Type": "Nested Loop", "Parent Relationship": "Outer", "Join Type": "Inner", "Startup Cost": 571977.46, "Total Cost": 723865.56, "Plan Rows": 1, "Plan Width": 44, "Actual Startup Time": 2876.391, "Actual Total Time": 17408.868, "Actual Rows": 3256948, "Actual Loops": 1, "Inner Unique": false, "Join Filter": "(supplier.s_suppkey = lineitem.l_suppkey)", "Rows Removed by Join Filter": 0, "Plans": [{"Node Type": "Merge Join", "Parent Relationship": "Outer", "Join Type": "Inner", "Startup Cost": 571977.46, "Total Cost": 580116.55, "Plan Rows": 125630, "Plan Width": 44, "Actual Startup Time": 2876.312, "Actual Total Time": 3316.597, "Actual Rows": 434204, "Actual Loops": 1, "Inner Unique": false, "Merge Cond": "(supplier.s_suppkey = partsupp.ps_suppkey)", "Plans": [{"Node Type": "Index Scan", "Parent Relationship": "Outer", "Scan Direction": "Forward", "Index Name": "supplier_pkey", "Relation Name": "supplier", "Alias": "supplier", "Startup Cost": 0.0, "Total Cost": 5334.54, "Plan Rows": 100000, "Plan Width": 12, "Actual Startup Time": 0.023, "Actual Total Time": 94.352, "Actual Rows": 100000, "Actual Loops": 1}, {"Node Type": "Sort", "Parent Relationship": "Inner", "Startup Cost": 571977.44, "Total Cost": 572626.61, "Plan Rows": 259666, "Plan Width": 32, "Actual Startup Time": 2876.271, "Actual Total Time": 3006.043, "Actual Rows": 434204, "Actual Loops": 1, "Sort Key": ["partsupp.ps_suppkey"], "Sort Method": "quicksort", "Sort Space Used": 52995, "Sort Space Type": "Memory", "Plans": [{"Node Type": "Nested Loop", "Parent Relationship": "Outer", "Join Type": "Inner", "Startup Cost": 0.0, "Total Cost": 548625.29, "Plan Rows": 259666, "Plan Width": 32, "Actual Startup Time": 0.039, "Actual Total Time": 2701.737, "Actual Rows": 434204, "Actual Loops": 1, "Inner Unique": false, "Plans": [{"Node Type": "Index Scan", "Parent Relationship": "Outer", "Scan Direction": "Forward", "Index Name": "part_kpey", "Relation Name": "part", "Alias": "part", "Startup Cost": 0.0, "Total Cost": 105803.25, "Plan Rows": 89888, "Plan Width": 8, "Actual Startup Time": 0.029, "Actual Total Time": 1707.675, "Actual Rows": 108551, "Actual Loops": 1, "Filter": "((p_name)::text ~~ '%dim%'::text)", "Rows Removed by Filter": 1891449}, {"Node Type": "Index Scan", "Parent Relationship": "Inner", "Scan Direction": "Forward", "Index Name": "idx_partsupp_partkey", "Relation Name": "partsupp", "Alias": "partsupp", "Startup Cost": 0.0, "Total Cost": 4.9, "Plan Rows": 3, "Plan Width": 24, "Actual Startup Time": 603.738, "Actual Total Time": 843.511, "Actual Rows": 434204, "Actual Loops": 108551, "Index Cond": "(ps_partkey = part.p_partkey)", "Rows Removed by Index Recheck": 0}]}]}]}, {"Node Type": "Index Scan", "Parent Relationship": "Inner", "Scan Direction": "Forward", "Index Name": "idx_lineitem_part_supp", "Relation Name": "lineitem", "Alias": "lineitem", "Startup Cost": 0.0, "Total Cost": 1.13, "Plan Rows": 1, "Plan Width": 48, "Actual Startup Time": 4481.377, "Actual Total Time": 12467.506, "Actual Rows": 3256948, "Actual Loops": 434204, "Index Cond": "((l_partkey = partsupp.ps_partkey) AND (l_suppkey = partsupp.ps_suppkey))", "Rows Removed by Index Recheck": 0}]}, {"Node Type": "Index Scan", "Parent Relationship": "Inner", "Scan Direction": "Forward", "Index Name": "orders_pkey", "Relation Name": "orders", "Alias": "orders", "Startup Cost": 0.0, "Total Cost": 0.29, "Plan Rows": 1, "Plan Width": 16, "Actual Startup Time": 27079.967, "Actual Total Time": 27079.967, "Actual Rows": 3256948, "Actual Loops": 3256948, "Index Cond": "(o_orderkey = lineitem.l_orderkey)", "Rows Removed by Index Recheck": 0}]}, {"Node Type": "Index Scan", "Parent Relationship": "Inner", "Scan Direction": "Forward", "Index Name": "nation_pkey", "Relation Name": "nation", "Alias": "nation", "Startup Cost": 0.0, "Total Cost": 0.27, "Plan Rows": 1, "Plan Width": 30, "Actual Startup Time": 4424.774, "Actual Total Time": 4424.774, "Actual Rows": 3256948, "Actual Loops": 3256948, "Index Cond": "(n_nationkey = supplier.s_nationkey)", "Rows Removed by Index Recheck": 0}]}]}]}, "Triggers": [], "Planner Runtime": 30.663, "Total Runtime": 59548.965, "Unique SQL Id": 3628361425}}, "(64, 86)": {"explain_plan": {"Plan": {"Node Type": "Sort", "Startup Cost": 1531828.53, "Total Cost": 1531828.53, "Plan Rows": 1, "Plan Width": 74, "Sort Key": ["nation.n_name", "(date_part('year'::text, orders.o_orderdate)) DESC"], "Plans": [{"Node Type": "Aggregate", "Strategy": "Hashed", "Parent Relationship": "Outer", "Startup Cost": 1531828.5, "Total Cost": 1531828.52, "Plan Rows": 1, "Plan Width": 74, "Group By Key": ["nation.n_name", "date_part('year'::text, orders.o_orderdate)"], "Plans": [{"Node Type": "Nested Loop", "Parent Relationship": "Outer", "Join Type": "Inner", "Startup Cost": 971360.37, "Total Cost": 1531828.49, "Plan Rows": 1, "Plan Width": 66, "Inner Unique": true, "Plans": [{"Node Type": "Nested Loop", "Parent Relationship": "Outer", "Join Type": "Inner", "Startup Cost": 971360.11, "Total Cost": 1531824.2, "Plan Rows": 1, "Plan Width": 44, "Inner Unique": true, "Plans": [{"Node Type": "Nested Loop", "Parent Relationship": "Outer", "Join Type": "Inner", "Startup Cost": 971359.85, "Total Cost": 1531819.92, "Plan Rows": 1, "Plan Width": 44, "Inner Unique": false, "Join Filter": "(supplier.s_suppkey = lineitem.l_suppkey)", "Plans": [{"Node Type": "Merge Join", "Parent Relationship": "Outer", "Join Type": "Inner", "Startup Cost": 971359.44, "Total Cost": 974413.99, "Plan Rows": 125630, "Plan Width": 44, "Inner Unique": false, "Merge Cond": "(supplier.s_suppkey = partsupp.ps_suppkey)", "Plans": [{"Node Type": "Sort", "Parent Relationship": "Outer", "Startup Cost": 11587.82, "Total Cost": 11837.82, "Plan Rows": 100000, "Plan Width": 12, "Sort Key": ["supplier.s_suppkey"], "Plans": [{"Node Type": "Seq Scan", "Parent Relationship": "Outer", "Relation Name": "supplier", "Alias": "supplier", "Startup Cost": 0.0, "Total Cost": 3283.0, "Plan Rows": 100000, "Plan Width": 12}]}, {"Node Type": "Sort", "Parent Relationship": "Inner", "Startup Cost": 959771.6, "Total Cost": 960420.77, "Plan Rows": 259666, "Plan Width": 32, "Sort Key": ["partsupp.ps_suppkey"], "Plans": [{"Node Type": "Nested Loop", "Parent Relationship": "Outer", "Join Type": "Inner", "Startup Cost": 1.62, "Total Cost": 936419.45, "Plan Rows": 259666, "Plan Width": 32, "Inner Unique": false, "Plans": [{"Node Type": "Seq Scan", "Parent Relationship": "Outer", "Relation Name": "part", "Alias": "part", "Startup Cost": 0.0, "Total Cost": 66944.0, "Plan Rows": 89888, "Plan Width": 8, "Filter": "((p_name)::text ~~ '%dim%'::text)"}, {"Node Type": "Bitmap Heap Scan", "Parent Relationship": "Inner", "Relation Name": "partsupp", "Alias": "partsupp", "Startup Cost": 1.62, "Total Cost": 9.64, "Plan Rows": 3, "Plan Width": 24, "Recheck Cond": "(ps_partkey = part.p_partkey)", "Plans": [{"Node Type": "Bitmap Index Scan", "Parent Relationship": "Outer", "Index Name": "idx_partsupp_partkey", "Startup Cost": 0.0, "Total Cost": 1.62, "Plan Rows": 3, "Plan Width": 0, "Index Cond": "(ps_partkey = part.p_partkey)"}]}]}]}]}, {"Node Type": "Bitmap Heap Scan", "Parent Relationship": "Inner", "Relation Name": "lineitem", "Alias": "lineitem", "Startup Cost": 0.41, "Total Cost": 4.42, "Plan Rows": 1, "Plan Width": 48, "Recheck Cond": "((l_partkey = partsupp.ps_partkey) AND (l_suppkey = partsupp.ps_suppkey))", "Plans": [{"Node Type": "Bitmap Index Scan", "Parent Relationship": "Outer", "Index Name": "idx_lineitem_part_supp", "Startup Cost": 0.0, "Total Cost": 0.41, "Plan Rows": 1, "Plan Width": 0, "Index Cond": "((l_partkey = partsupp.ps_partkey) AND (l_suppkey = partsupp.ps_suppkey))"}]}]}, {"Node Type": "Bitmap Heap Scan", "Parent Relationship": "Inner", "Relation Name": "orders", "Alias": "orders", "Startup Cost": 0.26, "Total Cost": 4.27, "Plan Rows": 1, "Plan Width": 16, "Recheck Cond": "(o_orderkey = lineitem.l_orderkey)", "Plans": [{"Node Type": "Bitmap Index Scan", "Parent Relationship": "Outer", "Index Name": "orders_pkey", "Startup Cost": 0.0, "Total Cost": 0.26, "Plan Rows": 1, "Plan Width": 0, "Index Cond": "(o_orderkey = lineitem.l_orderkey)"}]}]}, {"Node Type": "Bitmap Heap Scan", "Parent Relationship": "Inner", "Relation Name": "nation", "Alias": "nation", "Startup Cost": 0.26, "Total Cost": 4.27, "Plan Rows": 1, "Plan Width": 30, "Recheck Cond": "(n_nationkey = supplier.s_nationkey)", "Plans": [{"Node Type": "Bitmap Index Scan", "Parent Relationship": "Outer", "Index Name": "nation_pkey", "Startup Cost": 0.0, "Total Cost": 0.26, "Plan Rows": 1, "Plan Width": 0, "Index Cond": "(n_nationkey = supplier.s_nationkey)"}]}]}]}]}, "Unique SQL Id": 3628361425}, "explain_analyze_plan": {"Plan": {"Node Type": "Sort", "Startup Cost": 1531828.53, "Total Cost": 1531828.53, "Plan Rows": 1, "Plan Width": 74, "Actual Startup Time": 73587.553, "Actual Total Time": 73587.564, "Actual Rows": 175, "Actual Loops": 1, "Sort Key": ["nation.n_name", "(date_part('year'::text, orders.o_orderdate)) DESC"], "Sort Method": "quicksort", "Sort Space Used": 52, "Sort Space Type": "Memory", "Plans": [{"Node Type": "Aggregate", "Strategy": "Hashed", "Parent Relationship": "Outer", "Startup Cost": 1531828.5, "Total Cost": 1531828.52, "Plan Rows": 1, "Plan Width": 74, "Actual Startup Time": 73587.202, "Actual Total Time": 73587.235, "Actual Rows": 175, "Actual Loops": 1, "Group By Key": ["nation.n_name", "date_part('year'::text, orders.o_orderdate)"], "Plans": [{"Node Type": "Nested Loop", "Parent Relationship": "Outer", "Join Type": "Inner", "Startup Cost": 971360.37, "Total Cost": 1531828.49, "Plan Rows": 1, "Plan Width": 66, "Actual Startup Time": 2416.901, "Actual Total Time": 69540.102, "Actual Rows": 3256948, "Actual Loops": 1, "Inner Unique": true, "Plans": [{"Node Type": "Nested Loop", "Parent Relationship": "Outer", "Join Type": "Inner", "Startup Cost": 971360.11, "Total Cost": 1531824.2, "Plan Rows": 1, "Plan Width": 44, "Actual Startup Time": 2416.782, "Actual Total Time": 55702.128, "Actual Rows": 3256948, "Actual Loops": 1, "Inner Unique": true, "Plans": [{"Node Type": "Nested Loop", "Parent Relationship": "Outer", "Join Type": "Inner", "Startup Cost": 971359.85, "Total Cost": 1531819.92, "Plan Rows": 1, "Plan Width": 44, "Actual Startup Time": 2416.729, "Actual Total Time": 19855.914, "Actual Rows": 3256948, "Actual Loops": 1, "Inner Unique": false, "Join Filter": "(supplier.s_suppkey = lineitem.l_suppkey)", "Rows Removed by Join Filter": 0, "Plans": [{"Node Type": "Merge Join", "Parent Relationship": "Outer", "Join Type": "Inner", "Startup Cost": 971359.44, "Total Cost": 974413.99, "Plan Rows": 125630, "Plan Width": 44, "Actual Startup Time": 2416.639, "Actual Total Time": 2843.034, "Actual Rows": 434204, "Actual Loops": 1, "Inner Unique": false, "Merge Cond": "(supplier.s_suppkey = partsupp.ps_suppkey)", "Plans": [{"Node Type": "Sort", "Parent Relationship": "Outer", "Startup Cost": 11587.82, "Total Cost": 11837.82, "Plan Rows": 100000, "Plan Width": 12, "Actual Startup Time": 70.281, "Actual Total Time": 91.986, "Actual Rows": 100000, "Actual Loops": 1, "Sort Key": ["supplier.s_suppkey"], "Sort Method": "quicksort", "Sort Space Used": 12448, "Sort Space Type": "Memory", "Plans": [{"Node Type": "Seq Scan", "Parent Relationship": "Outer", "Relation Name": "supplier", "Alias": "supplier", "Startup Cost": 0.0, "Total Cost": 3283.0, "Plan Rows": 100000, "Plan Width": 12, "Actual Startup Time": 0.017, "Actual Total Time": 39.039, "Actual Rows": 100000, "Actual Loops": 1}]}, {"Node Type": "Sort", "Parent Relationship": "Inner", "Startup Cost": 959771.6, "Total Cost": 960420.77, "Plan Rows": 259666, "Plan Width": 32, "Actual Startup Time": 2346.341, "Actual Total Time": 2501.524, "Actual Rows": 434204, "Actual Loops": 1, "Sort Key": ["partsupp.ps_suppkey"], "Sort Method": "quicksort", "Sort Space Used": 52995, "Sort Space Type": "Memory", "Plans": [{"Node Type": "Nested Loop", "Parent Relationship": "Outer", "Join Type": "Inner", "Startup Cost": 1.62, "Total Cost": 936419.45, "Plan Rows": 259666, "Plan Width": 32, "Actual Startup Time": 0.099, "Actual Total Time": 2178.907, "Actual Rows": 434204, "Actual Loops": 1, "Inner Unique": false, "Plans": [{"Node Type": "Seq Scan", "Parent Relationship": "Outer", "Relation Name": "part", "Alias": "part", "Startup Cost": 0.0, "Total Cost": 66944.0, "Plan Rows": 89888, "Plan Width": 8, "Actual Startup Time": 0.04, "Actual Total Time": 1033.388, "Actual Rows": 108551, "Actual Loops": 1, "Filter": "((p_name)::text ~~ '%dim%'::text)", "Rows Removed by Filter": 1891449}, {"Node Type": "Bitmap Heap Scan", "Parent Relationship": "Inner", "Relation Name": "partsupp", "Alias": "partsupp", "Startup Cost": 1.62, "Total Cost": 9.64, "Plan Rows": 3, "Plan Width": 24, "Actual Startup Time": 850.126, "Actual Total Time": 932.03, "Actual Rows": 434204, "Actual Loops": 108551, "Recheck Cond": "(ps_partkey = part.p_partkey)", "Rows Removed by Index Recheck": 0, "Exact Heap Blocks": 118409, "Lossy Heap Blocks": 118409, "Plans": [{"Node Type": "Bitmap Index Scan", "Parent Relationship": "Outer", "Index Name": "idx_partsupp_partkey", "Startup Cost": 0.0, "Total Cost": 1.62, "Plan Rows": 3, "Plan Width": 0, "Actual Startup Time": 418.604, "Actual Total Time": 418.604, "Actual Rows": 434204, "Actual Loops": 108551, "Index Cond": "(ps_partkey = part.p_partkey)"}]}]}]}]}, {"Node Type": "Bitmap Heap Scan", "Parent Relationship": "Inner", "Relation Name": "lineitem", "Alias": "lineitem", "Startup Cost": 0.41, "Total Cost": 4.42, "Plan Rows": 1, "Plan Width": 48, "Actual Startup Time": 6224.762, "Actual Total Time": 14928.497, "Actual Rows": 3256948, "Actual Loops": 434204, "Recheck Cond": "((l_partkey = partsupp.ps_partkey) AND (l_suppkey = partsupp.ps_suppkey))", "Rows Removed by Index Recheck": 0, "Exact Heap Blocks": 3256937, "Lossy Heap Blocks": 3256937, "Plans": [{"Node Type": "Bitmap Index Scan", "Parent Relationship": "Outer", "Index Name": "idx_lineitem_part_supp", "Startup Cost": 0.0, "Total Cost": 0.41, "Plan Rows": 1, "Plan Width": 0, "Actual Startup Time": 4124.9, "Actual Total Time": 4124.9, "Actual Rows": 3256948, "Actual Loops": 434204, "Index Cond": "((l_partkey = partsupp.ps_partkey) AND (l_suppkey = partsupp.ps_suppkey))"}]}]}, {"Node Type": "Bitmap Heap Scan", "Parent Relationship": "Inner", "Relation Name": "orders", "Alias": "orders", "Startup Cost": 0.26, "Total Cost": 4.27, "Plan Rows": 1, "Plan Width": 16, "Actual Startup Time": 31236.756, "Actual Total Time": 31236.756, "Actual Rows": 3256948, "Actual Loops": 3256948, "Recheck Cond": "(o_orderkey = lineitem.l_orderkey)", "Rows Removed by Index Recheck": 0, "Exact Heap Blocks": 3256948, "Lossy Heap Blocks": 3256948, "Plans": [{"Node Type": "Bitmap Index Scan", "Parent Relationship": "Outer", "Index Name": "orders_pkey", "Startup Cost": 0.0, "Total Cost": 0.26, "Plan Rows": 1, "Plan Width": 0, "Actual Startup Time": 19801.558, "Actual Total Time": 19801.558, "Actual Rows": 3256948, "Actual Loops": 3256948, "Index Cond": "(o_orderkey = lineitem.l_orderkey)"}]}]}, {"Node Type": "Bitmap Heap Scan", "Parent Relationship": "Inner", "Relation Name": "nation", "Alias": "nation", "Startup Cost": 0.26, "Total Cost": 4.27, "Plan Rows": 1, "Plan Width": 30, "Actual Startup Time": 7755.23, "Actual Total Time": 7755.23, "Actual Rows": 3256948, "Actual Loops": 3256948, "Recheck Cond": "(n_nationkey = supplier.s_nationkey)", "Rows Removed by Index Recheck": 0, "Exact Heap Blocks": 3256948, "Lossy Heap Blocks": 3256948, "Plans": [{"Node Type": "Bitmap Index Scan", "Parent Relationship": "Outer", "Index Name": "nation_pkey", "Startup Cost": 0.0, "Total Cost": 0.26, "Plan Rows": 1, "Plan Width": 0, "Actual Startup Time": 3334.149, "Actual Total Time": 3334.149, "Actual Rows": 3256948, "Actual Loops": 3256948, "Index Cond": "(n_nationkey = supplier.s_nationkey)"}]}]}]}]}, "Triggers": [], "Planner Runtime": 26.291, "Total Runtime": 73587.93, "Unique SQL Id": 3628361425}}, "(64, 87)": {"explain_plan": {"Plan": {"Node Type": "Sort", "Startup Cost": 1000008167021.57, "Total Cost": 1000008167021.58, "Plan Rows": 1, "Plan Width": 74, "Sort Key": ["nation.n_name", "(date_part('year'::text, orders.o_orderdate)) DESC"], "Plans": [{"Node Type": "Aggregate", "Strategy": "Hashed", "Parent Relationship": "Outer", "Startup Cost": 1000008167021.55, "Total Cost": 1000008167021.56, "Plan Rows": 1, "Plan Width": 74, "Group By Key": ["nation.n_name", "date_part('year'::text, orders.o_orderdate)"], "Plans": [{"Node Type": "Nested Loop", "Parent Relationship": "Outer", "Join Type": "Inner", "Startup Cost": 10000000002.75, "Total Cost": 1000008167021.53, "Plan Rows": 1, "Plan Width": 66, "Inner Unique": true, "Plans": [{"Node Type": "Nested Loop", "Parent Relationship": "Outer", "Join Type": "Inner", "Startup Cost": 10000000002.5, "Total Cost": 1000008167017.25, "Plan Rows": 1, "Plan Width": 44, "Inner Unique": true, "Plans": [{"Node Type": "Nested Loop", "Parent Relationship": "Outer", "Join Type": "Inner", "Startup Cost": 10000000002.24, "Total Cost": 1000008167012.96, "Plan Rows": 1, "Plan Width": 44, "Inner Unique": true, "Join Filter": "(partsupp.ps_partkey = part.p_partkey)", "Plans": [{"Node Type": "Nested Loop", "Parent Relationship": "Outer", "Join Type": "Inner", "Startup Cost": 10000000001.98, "Total Cost": 1000008166987.25, "Plan Rows": 6, "Plan Width": 60, "Inner Unique": false, "Join Filter": "(supplier.s_suppkey = lineitem.l_suppkey)", "Plans": [{"Node Type": "Nested Loop", "Parent Relationship": "Outer", "Join Type": "Inner", "Startup Cost": 10000000001.57, "Total Cost": 1000002201599.04, "Plan Rows": 1344499, "Plan Width": 36, "Inner Unique": false, "Plans": [{"Node Type": "Index Scan", "Parent Relationship": "Outer", "Scan Direction": "Forward", "Index Name": "idx_supplier_nation_key", "Relation Name": "supplier", "Alias": "supplier", "Startup Cost": 10000000000.0, "Total Cost": 1000001217556.78, "Plan Rows": 100000, "Plan Width": 12}, {"Node Type": "Bitmap Heap Scan", "Parent Relationship": "Inner", "Relation Name": "partsupp", "Alias": "partsupp", "Startup Cost": 1.57, "Total Cost": 9.71, "Plan Rows": 13, "Plan Width": 24, "Recheck Cond": "(ps_suppkey = supplier.s_suppkey)", "Plans": [{"Node Type": "Bitmap Index Scan", "Parent Relationship": "Outer", "Index Name": "idx_partsupp_suppkey", "Startup Cost": 0.0, "Total Cost": 1.56, "Plan Rows": 13, "Plan Width": 0, "Index Cond": "(ps_suppkey = supplier.s_suppkey)"}]}]}, {"Node Type": "Bitmap Heap Scan", "Parent Relationship": "Inner", "Relation Name": "lineitem", "Alias": "lineitem", "Startup Cost": 0.41, "Total Cost": 4.42, "Plan Rows": 1, "Plan Width": 48, "Recheck Cond": "((l_partkey = partsupp.ps_partkey) AND (l_suppkey = partsupp.ps_suppkey))", "Plans": [{"Node Type": "Bitmap Index Scan", "Parent Relationship": "Outer", "Index Name": "idx_lineitem_part_supp", "Startup Cost": 0.0, "Total Cost": 0.41, "Plan Rows": 1, "Plan Width": 0, "Index Cond": "((l_partkey = partsupp.ps_partkey) AND (l_suppkey = partsupp.ps_suppkey))"}]}]}, {"Node Type": "Bitmap Heap Scan", "Parent Relationship": "Inner", "Relation Name": "part", "Alias": "part", "Startup Cost": 0.26, "Total Cost": 4.27, "Plan Rows": 1, "Plan Width": 8, "Recheck Cond": "(p_partkey = lineitem.l_partkey)", "Filter": "((p_name)::text ~~ '%dim%'::text)", "Plans": [{"Node Type": "Bitmap Index Scan", "Parent Relationship": "Outer", "Index Name": "part_kpey", "Startup Cost": 0.0, "Total Cost": 0.26, "Plan Rows": 1, "Plan Width": 0, "Index Cond": "(p_partkey = lineitem.l_partkey)"}]}]}, {"Node Type": "Bitmap Heap Scan", "Parent Relationship": "Inner", "Relation Name": "orders", "Alias": "orders", "Startup Cost": 0.26, "Total Cost": 4.27, "Plan Rows": 1, "Plan Width": 16, "Recheck Cond": "(o_orderkey = lineitem.l_orderkey)", "Plans": [{"Node Type": "Bitmap Index Scan", "Parent Relationship": "Outer", "Index Name": "orders_pkey", "Startup Cost": 0.0, "Total Cost": 0.26, "Plan Rows": 1, "Plan Width": 0, "Index Cond": "(o_orderkey = lineitem.l_orderkey)"}]}]}, {"Node Type": "Bitmap Heap Scan", "Parent Relationship": "Inner", "Relation Name": "nation", "Alias": "nation", "Startup Cost": 0.26, "Total Cost": 4.27, "Plan Rows": 1, "Plan Width": 30, "Recheck Cond": "(n_nationkey = supplier.s_nationkey)", "Plans": [{"Node Type": "Bitmap Index Scan", "Parent Relationship": "Outer", "Index Name": "nation_pkey", "Startup Cost": 0.0, "Total Cost": 0.26, "Plan Rows": 1, "Plan Width": 0, "Index Cond": "(n_nationkey = supplier.s_nationkey)"}]}]}]}]}, "Unique SQL Id": 3628361425}, "explain_analyze_plan": null}, "(64, 88)": {"explain_plan": {"Plan": {"Node Type": "Sort", "Startup Cost": 685006.93, "Total Cost": 685006.94, "Plan Rows": 1, "Plan Width": 74, "Sort Key": ["nation.n_name", "(date_part('year'::text, orders.o_orderdate)) DESC"], "Plans": [{"Node Type": "Aggregate", "Strategy": "Hashed", "Parent Relationship": "Outer", "Startup Cost": 685006.91, "Total Cost": 685006.92, "Plan Rows": 1, "Plan Width": 74, "Group By Key": ["nation.n_name", "date_part('year'::text, orders.o_orderdate)"], "Plans": [{"Node Type": "Nested Loop", "Parent Relationship": "Outer", "Join Type": "Inner", "Startup Cost": 533118.21, "Total Cost": 685006.89, "Plan Rows": 1, "Plan Width": 66, "Inner Unique": true, "Plans": [{"Node Type": "Nested Loop", "Parent Relationship": "Outer", "Join Type": "Inner", "Startup Cost": 533118.21, "Total Cost": 685006.61, "Plan Rows": 1, "Plan Width": 44, "Inner Unique": true, "Plans": [{"Node Type": "Nested Loop", "Parent Relationship": "Outer", "Join Type": "Inner", "Startup Cost": 533118.21, "Total Cost": 685006.31, "Plan Rows": 1, "Plan Width": 44, "Inner Unique": false, "Join Filter": "(supplier.s_suppkey = lineitem.l_suppkey)", "Plans": [{"Node Type": "Merge Join", "Parent Relationship": "Outer", "Join Type": "Inner", "Startup Cost": 533118.21, "Total Cost": 541257.3, "Plan Rows": 125630, "Plan Width": 44, "Inner Unique": false, "Merge Cond": "(supplier.s_suppkey = partsupp.ps_suppkey)", "Plans": [{"Node Type": "Index Scan", "Parent Relationship": "Outer", "Scan Direction": "Forward", "Index Name": "supplier_pkey", "Relation Name": "supplier", "Alias": "supplier", "Startup Cost": 0.0, "Total Cost": 5334.54, "Plan Rows": 100000, "Plan Width": 12}, {"Node Type": "Sort", "Parent Relationship": "Inner", "Startup Cost": 533118.19, "Total Cost": 533767.36, "Plan Rows": 259666, "Plan Width": 32, "Sort Key": ["partsupp.ps_suppkey"], "Plans": [{"Node Type": "Nested Loop", "Parent Relationship": "Outer", "Join Type": "Inner", "Startup Cost": 0.0, "Total Cost": 509766.04, "Plan Rows": 259666, "Plan Width": 32, "Inner Unique": false, "Plans": [{"Node Type": "Seq Scan", "Parent Relationship": "Outer", "Relation Name": "part", "Alias": "part", "Startup Cost": 0.0, "Total Cost": 66944.0, "Plan Rows": 89888, "Plan Width": 8, "Filter": "((p_name)::text ~~ '%dim%'::text)"}, {"Node Type": "Index Scan", "Parent Relationship": "Inner", "Scan Direction": "Forward", "Index Name": "idx_partsupp_partkey", "Relation Name": "partsupp", "Alias": "partsupp", "Startup Cost": 0.0, "Total Cost": 4.9, "Plan Rows": 3, "Plan Width": 24, "Index Cond": "(ps_partkey = part.p_partkey)"}]}]}]}, {"Node Type": "Index Scan", "Parent Relationship": "Inner", "Scan Direction": "Forward", "Index Name": "idx_lineitem_part_supp", "Relation Name": "lineitem", "Alias": "lineitem", "Startup Cost": 0.0, "Total Cost": 1.13, "Plan Rows": 1, "Plan Width": 48, "Index Cond": "((l_partkey = partsupp.ps_partkey) AND (l_suppkey = partsupp.ps_suppkey))"}]}, {"Node Type": "Index Scan", "Parent Relationship": "Inner", "Scan Direction": "Forward", "Index Name": "orders_pkey", "Relation Name": "orders", "Alias": "orders", "Startup Cost": 0.0, "Total Cost": 0.29, "Plan Rows": 1, "Plan Width": 16, "Index Cond": "(o_orderkey = lineitem.l_orderkey)"}]}, {"Node Type": "Index Scan", "Parent Relationship": "Inner", "Scan Direction": "Forward", "Index Name": "nation_pkey", "Relation Name": "nation", "Alias": "nation", "Startup Cost": 0.0, "Total Cost": 0.27, "Plan Rows": 1, "Plan Width": 30, "Index Cond": "(n_nationkey = supplier.s_nationkey)"}]}]}]}, "Unique SQL Id": 3628361425}, "explain_analyze_plan": {"Plan": {"Node Type": "Sort", "Startup Cost": 685006.93, "Total Cost": 685006.94, "Plan Rows": 1, "Plan Width": 74, "Actual Startup Time": 58840.001, "Actual Total Time": 58840.013, "Actual Rows": 175, "Actual Loops": 1, "Sort Key": ["nation.n_name", "(date_part('year'::text, orders.o_orderdate)) DESC"], "Sort Method": "quicksort", "Sort Space Used": 52, "Sort Space Type": "Memory", "Plans": [{"Node Type": "Aggregate", "Strategy": "Hashed", "Parent Relationship": "Outer", "Startup Cost": 685006.91, "Total Cost": 685006.92, "Plan Rows": 1, "Plan Width": 74, "Actual Startup Time": 58839.651, "Actual Total Time": 58839.687, "Actual Rows": 175, "Actual Loops": 1, "Group By Key": ["nation.n_name", "date_part('year'::text, orders.o_orderdate)"], "Plans": [{"Node Type": "Nested Loop", "Parent Relationship": "Outer", "Join Type": "Inner", "Startup Cost": 533118.21, "Total Cost": 685006.89, "Plan Rows": 1, "Plan Width": 66, "Actual Startup Time": 2177.815, "Actual Total Time": 55085.394, "Actual Rows": 3256948, "Actual Loops": 1, "Inner Unique": true, "Plans": [{"Node Type": "Nested Loop", "Parent Relationship": "Outer", "Join Type": "Inner", "Startup Cost": 533118.21, "Total Cost": 685006.61, "Plan Rows": 1, "Plan Width": 44, "Actual Startup Time": 2177.784, "Actual Total Time": 46457.19, "Actual Rows": 3256948, "Actual Loops": 1, "Inner Unique": true, "Plans": [{"Node Type": "Nested Loop", "Parent Relationship": "Outer", "Join Type": "Inner", "Startup Cost": 533118.21, "Total Cost": 685006.31, "Plan Rows": 1, "Plan Width": 44, "Actual Startup Time": 2177.751, "Actual Total Time": 16666.992, "Actual Rows": 3256948, "Actual Loops": 1, "Inner Unique": false, "Join Filter": "(supplier.s_suppkey = lineitem.l_suppkey)", "Rows Removed by Join Filter": 0, "Plans": [{"Node Type": "Merge Join", "Parent Relationship": "Outer", "Join Type": "Inner", "Startup Cost": 533118.21, "Total Cost": 541257.3, "Plan Rows": 125630, "Plan Width": 44, "Actual Startup Time": 2177.614, "Actual Total Time": 2619.392, "Actual Rows": 434204, "Actual Loops": 1, "Inner Unique": false, "Merge Cond": "(supplier.s_suppkey = partsupp.ps_suppkey)", "Plans": [{"Node Type": "Index Scan", "Parent Relationship": "Outer", "Scan Direction": "Forward", "Index Name": "supplier_pkey", "Relation Name": "supplier", "Alias": "supplier", "Startup Cost": 0.0, "Total Cost": 5334.54, "Plan Rows": 100000, "Plan Width": 12, "Actual Startup Time": 0.023, "Actual Total Time": 92.056, "Actual Rows": 100000, "Actual Loops": 1}, {"Node Type": "Sort", "Parent Relationship": "Inner", "Startup Cost": 533118.19, "Total Cost": 533767.36, "Plan Rows": 259666, "Plan Width": 32, "Actual Startup Time": 2177.574, "Actual Total Time": 2317.359, "Actual Rows": 434204, "Actual Loops": 1, "Sort Key": ["partsupp.ps_suppkey"], "Sort Method": "quicksort", "Sort Space Used": 52995, "Sort Space Type": "Memory", "Plans": [{"Node Type": "Nested Loop", "Parent Relationship": "Outer", "Join Type": "Inner", "Startup Cost": 0.0, "Total Cost": 509766.04, "Plan Rows": 259666, "Plan Width": 32, "Actual Startup Time": 0.033, "Actual Total Time": 2003.374, "Actual Rows": 434204, "Actual Loops": 1, "Inner Unique": false, "Plans": [{"Node Type": "Seq Scan", "Parent Relationship": "Outer", "Relation Name": "part", "Alias": "part", "Startup Cost": 0.0, "Total Cost": 66944.0, "Plan Rows": 89888, "Plan Width": 8, "Actual Startup Time": 0.02, "Actual Total Time": 1017.979, "Actual Rows": 108551, "Actual Loops": 1, "Filter": "((p_name)::text ~~ '%dim%'::text)", "Rows Removed by Filter": 1891449}, {"Node Type": "Index Scan", "Parent Relationship": "Inner", "Scan Direction": "Forward", "Index Name": "idx_partsupp_partkey", "Relation Name": "partsupp", "Alias": "partsupp", "Startup Cost": 0.0, "Total Cost": 4.9, "Plan Rows": 3, "Plan Width": 24, "Actual Startup Time": 593.345, "Actual Total Time": 830.109, "Actual Rows": 434204, "Actual Loops": 108551, "Index Cond": "(ps_partkey = part.p_partkey)", "Rows Removed by Index Recheck": 0}]}]}]}, {"Node Type": "Index Scan", "Parent Relationship": "Inner", "Scan Direction": "Forward", "Index Name": "idx_lineitem_part_supp", "Relation Name": "lineitem", "Alias": "lineitem", "Startup Cost": 0.0, "Total Cost": 1.13, "Plan Rows": 1, "Plan Width": 48, "Actual Startup Time": 4466.094, "Actual Total Time": 12400.002, "Actual Rows": 3256948, "Actual Loops": 434204, "Index Cond": "((l_partkey = partsupp.ps_partkey) AND (l_suppkey = partsupp.ps_suppkey))", "Rows Removed by Index Recheck": 0}]}, {"Node Type": "Index Scan", "Parent Relationship": "Inner", "Scan Direction": "Forward", "Index Name": "orders_pkey", "Relation Name": "orders", "Alias": "orders", "Startup Cost": 0.0, "Total Cost": 0.29, "Plan Rows": 1, "Plan Width": 16, "Actual Startup Time": 27002.473, "Actual Total Time": 27002.473, "Actual Rows": 3256948, "Actual Loops": 3256948, "Index Cond": "(o_orderkey = lineitem.l_orderkey)", "Rows Removed by Index Recheck": 0}]}, {"Node Type": "Index Scan", "Parent Relationship": "Inner", "Scan Direction": "Forward", "Index Name": "nation_pkey", "Relation Name": "nation", "Alias": "nation", "Startup Cost": 0.0, "Total Cost": 0.27, "Plan Rows": 1, "Plan Width": 30, "Actual Startup Time": 4502.629, "Actual Total Time": 4502.629, "Actual Rows": 3256948, "Actual Loops": 3256948, "Index Cond": "(n_nationkey = supplier.s_nationkey)", "Rows Removed by Index Recheck": 0}]}]}]}, "Triggers": [], "Planner Runtime": 31.475, "Total Runtime": 58840.319, "Unique SQL Id": 3628361425}}, "(64, 89)": {"explain_plan": {"Plan": {"Node Type": "Sort", "Startup Cost": 723866.18, "Total Cost": 723866.19, "Plan Rows": 1, "Plan Width": 74, "Sort Key": ["nation.n_name", "(date_part('year'::text, orders.o_orderdate)) DESC"], "Plans": [{"Node Type": "Aggregate", "Strategy": "Hashed", "Parent Relationship": "Outer", "Startup Cost": 723866.16, "Total Cost": 723866.17, "Plan Rows": 1, "Plan Width": 74, "Group By Key": ["nation.n_name", "date_part('year'::text, orders.o_orderdate)"], "Plans": [{"Node Type": "Nested Loop", "Parent Relationship": "Outer", "Join Type": "Inner", "Startup Cost": 571977.46, "Total Cost": 723866.14, "Plan Rows": 1, "Plan Width": 66, "Inner Unique": true, "Plans": [{"Node Type": "Nested Loop", "Parent Relationship": "Outer", "Join Type": "Inner", "Startup Cost": 571977.46, "Total Cost": 723865.86, "Plan Rows": 1, "Plan Width": 44, "Inner Unique": true, "Plans": [{"Node Type": "Nested Loop", "Parent Relationship": "Outer", "Join Type": "Inner", "Startup Cost": 571977.46, "Total Cost": 723865.56, "Plan Rows": 1, "Plan Width": 44, "Inner Unique": false, "Join Filter": "(supplier.s_suppkey = lineitem.l_suppkey)", "Plans": [{"Node Type": "Merge Join", "Parent Relationship": "Outer", "Join Type": "Inner", "Startup Cost": 571977.46, "Total Cost": 580116.55, "Plan Rows": 125630, "Plan Width": 44, "Inner Unique": false, "Merge Cond": "(supplier.s_suppkey = partsupp.ps_suppkey)", "Plans": [{"Node Type": "Index Scan", "Parent Relationship": "Outer", "Scan Direction": "Forward", "Index Name": "supplier_pkey", "Relation Name": "supplier", "Alias": "supplier", "Startup Cost": 0.0, "Total Cost": 5334.54, "Plan Rows": 100000, "Plan Width": 12}, {"Node Type": "Sort", "Parent Relationship": "Inner", "Startup Cost": 571977.44, "Total Cost": 572626.61, "Plan Rows": 259666, "Plan Width": 32, "Sort Key": ["partsupp.ps_suppkey"], "Plans": [{"Node Type": "Nested Loop", "Parent Relationship": "Outer", "Join Type": "Inner", "Startup Cost": 0.0, "Total Cost": 548625.29, "Plan Rows": 259666, "Plan Width": 32, "Inner Unique": false, "Plans": [{"Node Type": "Index Scan", "Parent Relationship": "Outer", "Scan Direction": "Forward", "Index Name": "part_kpey", "Relation Name": "part", "Alias": "part", "Startup Cost": 0.0, "Total Cost": 105803.25, "Plan Rows": 89888, "Plan Width": 8, "Filter": "((p_name)::text ~~ '%dim%'::text)"}, {"Node Type": "Index Scan", "Parent Relationship": "Inner", "Scan Direction": "Forward", "Index Name": "idx_partsupp_partkey", "Relation Name": "partsupp", "Alias": "partsupp", "Startup Cost": 0.0, "Total Cost": 4.9, "Plan Rows": 3, "Plan Width": 24, "Index Cond": "(ps_partkey = part.p_partkey)"}]}]}]}, {"Node Type": "Index Scan", "Parent Relationship": "Inner", "Scan Direction": "Forward", "Index Name": "idx_lineitem_part_supp", "Relation Name": "lineitem", "Alias": "lineitem", "Startup Cost": 0.0, "Total Cost": 1.13, "Plan Rows": 1, "Plan Width": 48, "Index Cond": "((l_partkey = partsupp.ps_partkey) AND (l_suppkey = partsupp.ps_suppkey))"}]}, {"Node Type": "Index Scan", "Parent Relationship": "Inner", "Scan Direction": "Forward", "Index Name": "orders_pkey", "Relation Name": "orders", "Alias": "orders", "Startup Cost": 0.0, "Total Cost": 0.29, "Plan Rows": 1, "Plan Width": 16, "Index Cond": "(o_orderkey = lineitem.l_orderkey)"}]}, {"Node Type": "Index Scan", "Parent Relationship": "Inner", "Scan Direction": "Forward", "Index Name": "nation_pkey", "Relation Name": "nation", "Alias": "nation", "Startup Cost": 0.0, "Total Cost": 0.27, "Plan Rows": 1, "Plan Width": 30, "Index Cond": "(n_nationkey = supplier.s_nationkey)"}]}]}]}, "Unique SQL Id": 3628361425}, "explain_analyze_plan": {"Plan": {"Node Type": "Sort", "Startup Cost": 723866.18, "Total Cost": 723866.19, "Plan Rows": 1, "Plan Width": 74, "Actual Startup Time": 59548.64, "Actual Total Time": 59548.652, "Actual Rows": 175, "Actual Loops": 1, "Sort Key": ["nation.n_name", "(date_part('year'::text, orders.o_orderdate)) DESC"], "Sort Method": "quicksort", "Sort Space Used": 52, "Sort Space Type": "Memory", "Plans": [{"Node Type": "Aggregate", "Strategy": "Hashed", "Parent Relationship": "Outer", "Startup Cost": 723866.16, "Total Cost": 723866.17, "Plan Rows": 1, "Plan Width": 74, "Actual Startup Time": 59548.286, "Actual Total Time": 59548.342, "Actual Rows": 175, "Actual Loops": 1, "Group By Key": ["nation.n_name", "date_part('year'::text, orders.o_orderdate)"], "Plans": [{"Node Type": "Nested Loop", "Parent Relationship": "Outer", "Join Type": "Inner", "Startup Cost": 571977.46, "Total Cost": 723866.14, "Plan Rows": 1, "Plan Width": 66, "Actual Startup Time": 2876.445, "Actual Total Time": 55780.995, "Actual Rows": 3256948, "Actual Loops": 1, "Inner Unique": true, "Plans": [{"Node Type": "Nested Loop", "Parent Relationship": "Outer", "Join Type": "Inner", "Startup Cost": 571977.46, "Total Cost": 723865.86, "Plan Rows": 1, "Plan Width": 44, "Actual Startup Time": 2876.416, "Actual Total Time": 47279.626, "Actual Rows": 3256948, "Actual Loops": 1, "Inner Unique": true, "Plans": [{"Node Type": "Nested Loop", "Parent Relationship": "Outer", "Join Type": "Inner", "Startup Cost": 571977.46, "Total Cost": 723865.56, "Plan Rows": 1, "Plan Width": 44, "Actual Startup Time": 2876.391, "Actual Total Time": 17408.868, "Actual Rows": 3256948, "Actual Loops": 1, "Inner Unique": false, "Join Filter": "(supplier.s_suppkey = lineitem.l_suppkey)", "Rows Removed by Join Filter": 0, "Plans": [{"Node Type": "Merge Join", "Parent Relationship": "Outer", "Join Type": "Inner", "Startup Cost": 571977.46, "Total Cost": 580116.55, "Plan Rows": 125630, "Plan Width": 44, "Actual Startup Time": 2876.312, "Actual Total Time": 3316.597, "Actual Rows": 434204, "Actual Loops": 1, "Inner Unique": false, "Merge Cond": "(supplier.s_suppkey = partsupp.ps_suppkey)", "Plans": [{"Node Type": "Index Scan", "Parent Relationship": "Outer", "Scan Direction": "Forward", "Index Name": "supplier_pkey", "Relation Name": "supplier", "Alias": "supplier", "Startup Cost": 0.0, "Total Cost": 5334.54, "Plan Rows": 100000, "Plan Width": 12, "Actual Startup Time": 0.023, "Actual Total Time": 94.352, "Actual Rows": 100000, "Actual Loops": 1}, {"Node Type": "Sort", "Parent Relationship": "Inner", "Startup Cost": 571977.44, "Total Cost": 572626.61, "Plan Rows": 259666, "Plan Width": 32, "Actual Startup Time": 2876.271, "Actual Total Time": 3006.043, "Actual Rows": 434204, "Actual Loops": 1, "Sort Key": ["partsupp.ps_suppkey"], "Sort Method": "quicksort", "Sort Space Used": 52995, "Sort Space Type": "Memory", "Plans": [{"Node Type": "Nested Loop", "Parent Relationship": "Outer", "Join Type": "Inner", "Startup Cost": 0.0, "Total Cost": 548625.29, "Plan Rows": 259666, "Plan Width": 32, "Actual Startup Time": 0.039, "Actual Total Time": 2701.737, "Actual Rows": 434204, "Actual Loops": 1, "Inner Unique": false, "Plans": [{"Node Type": "Index Scan", "Parent Relationship": "Outer", "Scan Direction": "Forward", "Index Name": "part_kpey", "Relation Name": "part", "Alias": "part", "Startup Cost": 0.0, "Total Cost": 105803.25, "Plan Rows": 89888, "Plan Width": 8, "Actual Startup Time": 0.029, "Actual Total Time": 1707.675, "Actual Rows": 108551, "Actual Loops": 1, "Filter": "((p_name)::text ~~ '%dim%'::text)", "Rows Removed by Filter": 1891449}, {"Node Type": "Index Scan", "Parent Relationship": "Inner", "Scan Direction": "Forward", "Index Name": "idx_partsupp_partkey", "Relation Name": "partsupp", "Alias": "partsupp", "Startup Cost": 0.0, "Total Cost": 4.9, "Plan Rows": 3, "Plan Width": 24, "Actual Startup Time": 603.738, "Actual Total Time": 843.511, "Actual Rows": 434204, "Actual Loops": 108551, "Index Cond": "(ps_partkey = part.p_partkey)", "Rows Removed by Index Recheck": 0}]}]}]}, {"Node Type": "Index Scan", "Parent Relationship": "Inner", "Scan Direction": "Forward", "Index Name": "idx_lineitem_part_supp", "Relation Name": "lineitem", "Alias": "lineitem", "Startup Cost": 0.0, "Total Cost": 1.13, "Plan Rows": 1, "Plan Width": 48, "Actual Startup Time": 4481.377, "Actual Total Time": 12467.506, "Actual Rows": 3256948, "Actual Loops": 434204, "Index Cond": "((l_partkey = partsupp.ps_partkey) AND (l_suppkey = partsupp.ps_suppkey))", "Rows Removed by Index Recheck": 0}]}, {"Node Type": "Index Scan", "Parent Relationship": "Inner", "Scan Direction": "Forward", "Index Name": "orders_pkey", "Relation Name": "orders", "Alias": "orders", "Startup Cost": 0.0, "Total Cost": 0.29, "Plan Rows": 1, "Plan Width": 16, "Actual Startup Time": 27079.967, "Actual Total Time": 27079.967, "Actual Rows": 3256948, "Actual Loops": 3256948, "Index Cond": "(o_orderkey = lineitem.l_orderkey)", "Rows Removed by Index Recheck": 0}]}, {"Node Type": "Index Scan", "Parent Relationship": "Inner", "Scan Direction": "Forward", "Index Name": "nation_pkey", "Relation Name": "nation", "Alias": "nation", "Startup Cost": 0.0, "Total Cost": 0.27, "Plan Rows": 1, "Plan Width": 30, "Actual Startup Time": 4424.774, "Actual Total Time": 4424.774, "Actual Rows": 3256948, "Actual Loops": 3256948, "Index Cond": "(n_nationkey = supplier.s_nationkey)", "Rows Removed by Index Recheck": 0}]}]}]}, "Triggers": [], "Planner Runtime": 30.663, "Total Runtime": 59548.965, "Unique SQL Id": 3628361425}}, "(64, 90)": {"explain_plan": {"Plan": {"Node Type": "Sort", "Startup Cost": 13756964.97, "Total Cost": 13756964.97, "Plan Rows": 1, "Plan Width": 74, "Sort Key": ["nation.n_name", "(date_part('year'::text, orders.o_orderdate)) DESC"], "Plans": [{"Node Type": "Aggregate", "Strategy": "Hashed", "Parent Relationship": "Outer", "Startup Cost": 13756964.95, "Total Cost": 13756964.96, "Plan Rows": 1, "Plan Width": 74, "Group By Key": ["nation.n_name", "date_part('year'::text, orders.o_orderdate)"], "Plans": [{"Node Type": "Merge Join", "Parent Relationship": "Outer", "Join Type": "Inner", "Startup Cost": 13756964.78, "Total Cost": 13756964.93, "Plan Rows": 1, "Plan Width": 66, "Inner Unique": true, "Merge Cond": "(supplier.s_nationkey = nation.n_nationkey)", "Plans": [{"Node Type": "Sort", "Parent Relationship": "Outer", "Startup Cost": 13756962.95, "Total Cost": 13756962.96, "Plan Rows": 1, "Plan Width": 44, "Sort Key": ["supplier.s_nationkey"], "Plans": [{"Node Type": "Merge Join", "Parent Relationship": "Outer", "Join Type": "Inner", "Startup Cost": 13681968.29, "Total Cost": 13756962.94, "Plan Rows": 1, "Plan Width": 44, "Inner Unique": true, "Merge Cond": "(lineitem.l_orderkey = orders.o_orderkey)", "Plans": [{"Node Type": "Sort", "Parent Relationship": "Outer", "Startup Cost": 11467733.16, "Total Cost": 11467733.17, "Plan Rows": 1, "Plan Width": 44, "Sort Key": ["lineitem.l_orderkey"], "Plans": [{"Node Type": "Merge Join", "Parent Relationship": "Outer", "Join Type": "Inner", "Startup Cost": 11104537.17, "Total Cost": 11467733.15, "Plan Rows": 1, "Plan Width": 44, "Inner Unique": false, "Merge Cond": "(supplier.s_suppkey = lineitem.l_suppkey)", "Join Filter": "(partsupp.ps_partkey = lineitem.l_partkey)", "Plans": [{"Node Type": "Merge Join", "Parent Relationship": "Outer", "Join Type": "Inner", "Startup Cost": 1339623.07, "Total Cost": 1342677.62, "Plan Rows": 125630, "Plan Width": 44, "Inner Unique": false, "Merge Cond": "(supplier.s_suppkey = partsupp.ps_suppkey)", "Plans": [{"Node Type": "Sort", "Parent Relationship": "Outer", "Startup Cost": 11587.82, "Total Cost": 11837.82, "Plan Rows": 100000, "Plan Width": 12, "Sort Key": ["supplier.s_suppkey"], "Plans": [{"Node Type": "Seq Scan", "Parent Relationship": "Outer", "Relation Name": "supplier", "Alias": "supplier", "Startup Cost": 0.0, "Total Cost": 3283.0, "Plan Rows": 100000, "Plan Width": 12}]}, {"Node Type": "Sort", "Parent Relationship": "Inner", "Startup Cost": 1328035.23, "Total Cost": 1328684.4, "Plan Rows": 259666, "Plan Width": 32, "Sort Key": ["partsupp.ps_suppkey"], "Plans": [{"Node Type": "Merge Join", "Parent Relationship": "Outer", "Join Type": "Inner", "Startup Cost": 1261636.41, "Total Cost": 1304683.08, "Plan Rows": 259666, "Plan Width": 32, "Inner Unique": false, "Merge Cond": "(part.p_partkey = partsupp.ps_partkey)", "Plans": [{"Node Type": "Sort", "Parent Relationship": "Outer", "Startup Cost": 74339.91, "Total Cost": 74564.63, "Plan Rows": 89888, "Plan Width": 8, "Sort Key": ["part.p_partkey"], "Plans": [{"Node Type": "Seq Scan", "Parent Relationship": "Outer", "Relation Name": "part", "Alias": "part", "Startup Cost": 0.0, "Total Cost": 66944.0, "Plan Rows": 89888, "Plan Width": 8, "Filter": "((p_name)::text ~~ '%dim%'::text)"}]}, {"Node Type": "Sort", "Parent Relationship": "Inner", "Startup Cost": 1187295.8, "Total Cost": 1207296.73, "Plan Rows": 8000372, "Plan Width": 24, "Sort Key": ["partsupp.ps_partkey"], "Plans": [{"Node Type": "Seq Scan", "Parent Relationship": "Outer", "Relation Name": "partsupp", "Alias": "partsupp", "Startup Cost": 0.0, "Total Cost": 269987.72, "Plan Rows": 8000372, "Plan Width": 24}]}]}]}]}, {"Node Type": "Sort", "Parent Relationship": "Inner", "Startup Cost": 9764884.32, "Total Cost": 9914851.9, "Plan Rows": 59987033, "Plan Width": 48, "Sort Key": ["lineitem.l_suppkey"], "Plans": [{"Node Type": "Seq Scan", "Parent Relationship": "Outer", "Relation Name": "lineitem", "Alias": "lineitem", "Startup Cost": 0.0, "Total Cost": 2015115.33, "Plan Rows": 59987033, "Plan Width": 48}]}]}]}, {"Node Type": "Sort", "Parent Relationship": "Inner", "Startup Cost": 2214232.37, "Total Cost": 2251731.07, "Plan Rows": 14999479, "Plan Width": 16, "Sort Key": ["orders.o_orderkey"], "Plans": [{"Node Type": "Seq Scan", "Parent Relationship": "Outer", "Relation Name": "orders", "Alias": "orders", "Startup Cost": 0.0, "Total Cost": 426413.79, "Plan Rows": 14999479, "Plan Width": 16}]}]}]}, {"Node Type": "Sort", "Parent Relationship": "Inner", "Startup Cost": 1.83, "Total Cost": 1.89, "Plan Rows": 25, "Plan Width": 30, "Sort Key": ["nation.n_nationkey"], "Plans": [{"Node Type": "Seq Scan", "Parent Relationship": "Outer", "Relation Name": "nation", "Alias": "nation", "Startup Cost": 0.0, "Total Cost": 1.25, "Plan Rows": 25, "Plan Width": 30}]}]}]}]}, "Unique SQL Id": 3628361425}, "explain_analyze_plan": null}, "(64, 91)": {"explain_plan": {"Plan": {"Node Type": "Sort", "Startup Cost": 6000385245976.48, "Total Cost": 6000385245976.48, "Plan Rows": 1, "Plan Width": 74, "Sort Key": ["nation.n_name", "(date_part('year'::text, orders.o_orderdate)) DESC"], "Plans": [{"Node Type": "Aggregate", "Strategy": "Hashed", "Parent Relationship": "Outer", "Startup Cost": 6000385245976.45, "Total Cost": 6000385245976.47, "Plan Rows": 1, "Plan Width": 74, "Group By Key": ["nation.n_name", "date_part('year'::text, orders.o_orderdate)"], "Plans": [{"Node Type": "Nested Loop", "Parent Relationship": "Outer", "Join Type": "Inner", "Startup Cost": 2040412502993.44, "Total Cost": 6000385245976.44, "Plan Rows": 1, "Plan Width": 66, "Inner Unique": true, "Plans": [{"Node Type": "Nested Loop", "Parent Relationship": "Outer", "Join Type": "Inner", "Startup Cost": 2030412502993.44, "Total Cost": 5000385245949.41, "Plan Rows": 1, "Plan Width": 44, "Inner Unique": true, "Plans": [{"Node Type": "Merge Join", "Parent Relationship": "Outer", "Join Type": "Inner", "Startup Cost": 2020412502993.44, "Total Cost": 4000385245920.18, "Plan Rows": 1, "Plan Width": 44, "Inner Unique": true, "Merge Cond": "(lineitem.l_partkey = partsupp.ps_partkey)", "Join Filter": "(lineitem.l_suppkey = partsupp.ps_suppkey)", "Plans": [{"Node Type": "Merge Join", "Parent Relationship": "Outer", "Join Type": "Inner", "Startup Cost": 2010377109577.35, "Total Cost": 3000332641162.94, "Plan Rows": 118842, "Plan Width": 68, "Inner Unique": false, "Merge Cond": "(part.p_partkey = lineitem.l_partkey)", "Plans": [{"Node Type": "Index Scan", "Parent Relationship": "Outer", "Scan Direction": "Forward", "Index Name": "part_kpey", "Relation Name": "part", "Alias": "part", "Startup Cost": 10000000000.0, "Total Cost": 1000010580325.0, "Plan Rows": 89888, "Plan Width": 8, "Filter": "((p_name)::text ~~ '%dim%'::text)"}, {"Node Type": "Sort", "Parent Relationship": "Inner", "Startup Cost": 2000333054282.74, "Total Cost": 2000333063826.92, "Plan Rows": 3817671, "Plan Width": 60, "Sort Key": ["lineitem.l_partkey"], "Plans": [{"Node Type": "Merge Join", "Parent Relationship": "Outer", "Join Type": "Inner", "Startup Cost": 1010331765173.27, "Total Cost": 2000332636929.96, "Plan Rows": 3817671, "Plan Width": 60, "Inner Unique": false, "Merge Cond": "(supplier.s_suppkey = lineitem.l_suppkey)", "Plans": [{"Node Type": "Index Scan", "Parent Relationship": "Outer", "Scan Direction": "Forward", "Index Name": "supplier_pkey", "Relation Name": "supplier", "Alias": "supplier", "Startup Cost": 10000000000.0, "Total Cost": 1000000533454.38, "Plan Rows": 100000, "Plan Width": 12}, {"Node Type": "Sort", "Parent Relationship": "Inner", "Startup Cost": 1000331765143.49, "Total Cost": 1000331915111.07, "Plan Rows": 59987033, "Plan Width": 48, "Sort Key": ["lineitem.l_suppkey"], "Plans": [{"Node Type": "Index Scan", "Parent Relationship": "Outer", "Scan Direction": "Forward", "Index Name": "idx_lineitem_orderkey", "Relation Name": "lineitem", "Alias": "lineitem", "Startup Cost": 10000000000.0, "Total Cost": 1000324015374.5, "Plan Rows": 59987033, "Plan Width": 48}]}]}]}]}, {"Node Type": "Index Scan", "Parent Relationship": "Inner", "Scan Direction": "Forward", "Index Name": "partsupp_pkey", "Relation Name": "partsupp", "Alias": "partsupp", "Startup Cost": 10000000000.0, "Total Cost": 1000071640963.22, "Plan Rows": 8000372, "Plan Width": 24}]}, {"Node Type": "Index Scan", "Parent Relationship": "Inner", "Scan Direction": "Forward", "Index Name": "orders_pkey", "Relation Name": "orders", "Alias": "orders", "Startup Cost": 10000000000.0, "Total Cost": 1000000000029.23, "Plan Rows": 1, "Plan Width": 16, "Index Cond": "(o_orderkey = lineitem.l_orderkey)"}]}, {"Node Type": "Index Scan", "Parent Relationship": "Inner", "Scan Direction": "Forward", "Index Name": "nation_pkey", "Relation Name": "nation", "Alias": "nation", "Startup Cost": 10000000000.0, "Total Cost": 1000000000027.01, "Plan Rows": 1, "Plan Width": 30, "Index Cond": "(n_nationkey = supplier.s_nationkey)"}]}]}]}, "Unique SQL Id": 3628361425}, "explain_analyze_plan": null}, "(64, 92)": {"explain_plan": {"Plan": {"Node Type": "Sort", "Startup Cost": 685006.93, "Total Cost": 685006.94, "Plan Rows": 1, "Plan Width": 74, "Sort Key": ["nation.n_name", "(date_part('year'::text, orders.o_orderdate)) DESC"], "Plans": [{"Node Type": "Aggregate", "Strategy": "Hashed", "Parent Relationship": "Outer", "Startup Cost": 685006.91, "Total Cost": 685006.92, "Plan Rows": 1, "Plan Width": 74, "Group By Key": ["nation.n_name", "date_part('year'::text, orders.o_orderdate)"], "Plans": [{"Node Type": "Nested Loop", "Parent Relationship": "Outer", "Join Type": "Inner", "Startup Cost": 533118.21, "Total Cost": 685006.89, "Plan Rows": 1, "Plan Width": 66, "Inner Unique": true, "Plans": [{"Node Type": "Nested Loop", "Parent Relationship": "Outer", "Join Type": "Inner", "Startup Cost": 533118.21, "Total Cost": 685006.61, "Plan Rows": 1, "Plan Width": 44, "Inner Unique": true, "Plans": [{"Node Type": "Nested Loop", "Parent Relationship": "Outer", "Join Type": "Inner", "Startup Cost": 533118.21, "Total Cost": 685006.31, "Plan Rows": 1, "Plan Width": 44, "Inner Unique": false, "Join Filter": "(supplier.s_suppkey = lineitem.l_suppkey)", "Plans": [{"Node Type": "Merge Join", "Parent Relationship": "Outer", "Join Type": "Inner", "Startup Cost": 533118.21, "Total Cost": 541257.3, "Plan Rows": 125630, "Plan Width": 44, "Inner Unique": false, "Merge Cond": "(supplier.s_suppkey = partsupp.ps_suppkey)", "Plans": [{"Node Type": "Index Scan", "Parent Relationship": "Outer", "Scan Direction": "Forward", "Index Name": "supplier_pkey", "Relation Name": "supplier", "Alias": "supplier", "Startup Cost": 0.0, "Total Cost": 5334.54, "Plan Rows": 100000, "Plan Width": 12}, {"Node Type": "Sort", "Parent Relationship": "Inner", "Startup Cost": 533118.19, "Total Cost": 533767.36, "Plan Rows": 259666, "Plan Width": 32, "Sort Key": ["partsupp.ps_suppkey"], "Plans": [{"Node Type": "Nested Loop", "Parent Relationship": "Outer", "Join Type": "Inner", "Startup Cost": 0.0, "Total Cost": 509766.04, "Plan Rows": 259666, "Plan Width": 32, "Inner Unique": false, "Plans": [{"Node Type": "Seq Scan", "Parent Relationship": "Outer", "Relation Name": "part", "Alias": "part", "Startup Cost": 0.0, "Total Cost": 66944.0, "Plan Rows": 89888, "Plan Width": 8, "Filter": "((p_name)::text ~~ '%dim%'::text)"}, {"Node Type": "Index Scan", "Parent Relationship": "Inner", "Scan Direction": "Forward", "Index Name": "idx_partsupp_partkey", "Relation Name": "partsupp", "Alias": "partsupp", "Startup Cost": 0.0, "Total Cost": 4.9, "Plan Rows": 3, "Plan Width": 24, "Index Cond": "(ps_partkey = part.p_partkey)"}]}]}]}, {"Node Type": "Index Scan", "Parent Relationship": "Inner", "Scan Direction": "Forward", "Index Name": "idx_lineitem_part_supp", "Relation Name": "lineitem", "Alias": "lineitem", "Startup Cost": 0.0, "Total Cost": 1.13, "Plan Rows": 1, "Plan Width": 48, "Index Cond": "((l_partkey = partsupp.ps_partkey) AND (l_suppkey = partsupp.ps_suppkey))"}]}, {"Node Type": "Index Scan", "Parent Relationship": "Inner", "Scan Direction": "Forward", "Index Name": "orders_pkey", "Relation Name": "orders", "Alias": "orders", "Startup Cost": 0.0, "Total Cost": 0.29, "Plan Rows": 1, "Plan Width": 16, "Index Cond": "(o_orderkey = lineitem.l_orderkey)"}]}, {"Node Type": "Index Scan", "Parent Relationship": "Inner", "Scan Direction": "Forward", "Index Name": "nation_pkey", "Relation Name": "nation", "Alias": "nation", "Startup Cost": 0.0, "Total Cost": 0.27, "Plan Rows": 1, "Plan Width": 30, "Index Cond": "(n_nationkey = supplier.s_nationkey)"}]}]}]}, "Unique SQL Id": 3628361425}, "explain_analyze_plan": {"Plan": {"Node Type": "Sort", "Startup Cost": 685006.93, "Total Cost": 685006.94, "Plan Rows": 1, "Plan Width": 74, "Actual Startup Time": 58840.001, "Actual Total Time": 58840.013, "Actual Rows": 175, "Actual Loops": 1, "Sort Key": ["nation.n_name", "(date_part('year'::text, orders.o_orderdate)) DESC"], "Sort Method": "quicksort", "Sort Space Used": 52, "Sort Space Type": "Memory", "Plans": [{"Node Type": "Aggregate", "Strategy": "Hashed", "Parent Relationship": "Outer", "Startup Cost": 685006.91, "Total Cost": 685006.92, "Plan Rows": 1, "Plan Width": 74, "Actual Startup Time": 58839.651, "Actual Total Time": 58839.687, "Actual Rows": 175, "Actual Loops": 1, "Group By Key": ["nation.n_name", "date_part('year'::text, orders.o_orderdate)"], "Plans": [{"Node Type": "Nested Loop", "Parent Relationship": "Outer", "Join Type": "Inner", "Startup Cost": 533118.21, "Total Cost": 685006.89, "Plan Rows": 1, "Plan Width": 66, "Actual Startup Time": 2177.815, "Actual Total Time": 55085.394, "Actual Rows": 3256948, "Actual Loops": 1, "Inner Unique": true, "Plans": [{"Node Type": "Nested Loop", "Parent Relationship": "Outer", "Join Type": "Inner", "Startup Cost": 533118.21, "Total Cost": 685006.61, "Plan Rows": 1, "Plan Width": 44, "Actual Startup Time": 2177.784, "Actual Total Time": 46457.19, "Actual Rows": 3256948, "Actual Loops": 1, "Inner Unique": true, "Plans": [{"Node Type": "Nested Loop", "Parent Relationship": "Outer", "Join Type": "Inner", "Startup Cost": 533118.21, "Total Cost": 685006.31, "Plan Rows": 1, "Plan Width": 44, "Actual Startup Time": 2177.751, "Actual Total Time": 16666.992, "Actual Rows": 3256948, "Actual Loops": 1, "Inner Unique": false, "Join Filter": "(supplier.s_suppkey = lineitem.l_suppkey)", "Rows Removed by Join Filter": 0, "Plans": [{"Node Type": "Merge Join", "Parent Relationship": "Outer", "Join Type": "Inner", "Startup Cost": 533118.21, "Total Cost": 541257.3, "Plan Rows": 125630, "Plan Width": 44, "Actual Startup Time": 2177.614, "Actual Total Time": 2619.392, "Actual Rows": 434204, "Actual Loops": 1, "Inner Unique": false, "Merge Cond": "(supplier.s_suppkey = partsupp.ps_suppkey)", "Plans": [{"Node Type": "Index Scan", "Parent Relationship": "Outer", "Scan Direction": "Forward", "Index Name": "supplier_pkey", "Relation Name": "supplier", "Alias": "supplier", "Startup Cost": 0.0, "Total Cost": 5334.54, "Plan Rows": 100000, "Plan Width": 12, "Actual Startup Time": 0.023, "Actual Total Time": 92.056, "Actual Rows": 100000, "Actual Loops": 1}, {"Node Type": "Sort", "Parent Relationship": "Inner", "Startup Cost": 533118.19, "Total Cost": 533767.36, "Plan Rows": 259666, "Plan Width": 32, "Actual Startup Time": 2177.574, "Actual Total Time": 2317.359, "Actual Rows": 434204, "Actual Loops": 1, "Sort Key": ["partsupp.ps_suppkey"], "Sort Method": "quicksort", "Sort Space Used": 52995, "Sort Space Type": "Memory", "Plans": [{"Node Type": "Nested Loop", "Parent Relationship": "Outer", "Join Type": "Inner", "Startup Cost": 0.0, "Total Cost": 509766.04, "Plan Rows": 259666, "Plan Width": 32, "Actual Startup Time": 0.033, "Actual Total Time": 2003.374, "Actual Rows": 434204, "Actual Loops": 1, "Inner Unique": false, "Plans": [{"Node Type": "Seq Scan", "Parent Relationship": "Outer", "Relation Name": "part", "Alias": "part", "Startup Cost": 0.0, "Total Cost": 66944.0, "Plan Rows": 89888, "Plan Width": 8, "Actual Startup Time": 0.02, "Actual Total Time": 1017.979, "Actual Rows": 108551, "Actual Loops": 1, "Filter": "((p_name)::text ~~ '%dim%'::text)", "Rows Removed by Filter": 1891449}, {"Node Type": "Index Scan", "Parent Relationship": "Inner", "Scan Direction": "Forward", "Index Name": "idx_partsupp_partkey", "Relation Name": "partsupp", "Alias": "partsupp", "Startup Cost": 0.0, "Total Cost": 4.9, "Plan Rows": 3, "Plan Width": 24, "Actual Startup Time": 593.345, "Actual Total Time": 830.109, "Actual Rows": 434204, "Actual Loops": 108551, "Index Cond": "(ps_partkey = part.p_partkey)", "Rows Removed by Index Recheck": 0}]}]}]}, {"Node Type": "Index Scan", "Parent Relationship": "Inner", "Scan Direction": "Forward", "Index Name": "idx_lineitem_part_supp", "Relation Name": "lineitem", "Alias": "lineitem", "Startup Cost": 0.0, "Total Cost": 1.13, "Plan Rows": 1, "Plan Width": 48, "Actual Startup Time": 4466.094, "Actual Total Time": 12400.002, "Actual Rows": 3256948, "Actual Loops": 434204, "Index Cond": "((l_partkey = partsupp.ps_partkey) AND (l_suppkey = partsupp.ps_suppkey))", "Rows Removed by Index Recheck": 0}]}, {"Node Type": "Index Scan", "Parent Relationship": "Inner", "Scan Direction": "Forward", "Index Name": "orders_pkey", "Relation Name": "orders", "Alias": "orders", "Startup Cost": 0.0, "Total Cost": 0.29, "Plan Rows": 1, "Plan Width": 16, "Actual Startup Time": 27002.473, "Actual Total Time": 27002.473, "Actual Rows": 3256948, "Actual Loops": 3256948, "Index Cond": "(o_orderkey = lineitem.l_orderkey)", "Rows Removed by Index Recheck": 0}]}, {"Node Type": "Index Scan", "Parent Relationship": "Inner", "Scan Direction": "Forward", "Index Name": "nation_pkey", "Relation Name": "nation", "Alias": "nation", "Startup Cost": 0.0, "Total Cost": 0.27, "Plan Rows": 1, "Plan Width": 30, "Actual Startup Time": 4502.629, "Actual Total Time": 4502.629, "Actual Rows": 3256948, "Actual Loops": 3256948, "Index Cond": "(n_nationkey = supplier.s_nationkey)", "Rows Removed by Index Recheck": 0}]}]}]}, "Triggers": [], "Planner Runtime": 31.475, "Total Runtime": 58840.319, "Unique SQL Id": 3628361425}}, "(64, 93)": {"explain_plan": {"Plan": {"Node Type": "Sort", "Startup Cost": 723866.18, "Total Cost": 723866.19, "Plan Rows": 1, "Plan Width": 74, "Sort Key": ["nation.n_name", "(date_part('year'::text, orders.o_orderdate)) DESC"], "Plans": [{"Node Type": "Aggregate", "Strategy": "Hashed", "Parent Relationship": "Outer", "Startup Cost": 723866.16, "Total Cost": 723866.17, "Plan Rows": 1, "Plan Width": 74, "Group By Key": ["nation.n_name", "date_part('year'::text, orders.o_orderdate)"], "Plans": [{"Node Type": "Nested Loop", "Parent Relationship": "Outer", "Join Type": "Inner", "Startup Cost": 571977.46, "Total Cost": 723866.14, "Plan Rows": 1, "Plan Width": 66, "Inner Unique": true, "Plans": [{"Node Type": "Nested Loop", "Parent Relationship": "Outer", "Join Type": "Inner", "Startup Cost": 571977.46, "Total Cost": 723865.86, "Plan Rows": 1, "Plan Width": 44, "Inner Unique": true, "Plans": [{"Node Type": "Nested Loop", "Parent Relationship": "Outer", "Join Type": "Inner", "Startup Cost": 571977.46, "Total Cost": 723865.56, "Plan Rows": 1, "Plan Width": 44, "Inner Unique": false, "Join Filter": "(supplier.s_suppkey = lineitem.l_suppkey)", "Plans": [{"Node Type": "Merge Join", "Parent Relationship": "Outer", "Join Type": "Inner", "Startup Cost": 571977.46, "Total Cost": 580116.55, "Plan Rows": 125630, "Plan Width": 44, "Inner Unique": false, "Merge Cond": "(supplier.s_suppkey = partsupp.ps_suppkey)", "Plans": [{"Node Type": "Index Scan", "Parent Relationship": "Outer", "Scan Direction": "Forward", "Index Name": "supplier_pkey", "Relation Name": "supplier", "Alias": "supplier", "Startup Cost": 0.0, "Total Cost": 5334.54, "Plan Rows": 100000, "Plan Width": 12}, {"Node Type": "Sort", "Parent Relationship": "Inner", "Startup Cost": 571977.44, "Total Cost": 572626.61, "Plan Rows": 259666, "Plan Width": 32, "Sort Key": ["partsupp.ps_suppkey"], "Plans": [{"Node Type": "Nested Loop", "Parent Relationship": "Outer", "Join Type": "Inner", "Startup Cost": 0.0, "Total Cost": 548625.29, "Plan Rows": 259666, "Plan Width": 32, "Inner Unique": false, "Plans": [{"Node Type": "Index Scan", "Parent Relationship": "Outer", "Scan Direction": "Forward", "Index Name": "part_kpey", "Relation Name": "part", "Alias": "part", "Startup Cost": 0.0, "Total Cost": 105803.25, "Plan Rows": 89888, "Plan Width": 8, "Filter": "((p_name)::text ~~ '%dim%'::text)"}, {"Node Type": "Index Scan", "Parent Relationship": "Inner", "Scan Direction": "Forward", "Index Name": "idx_partsupp_partkey", "Relation Name": "partsupp", "Alias": "partsupp", "Startup Cost": 0.0, "Total Cost": 4.9, "Plan Rows": 3, "Plan Width": 24, "Index Cond": "(ps_partkey = part.p_partkey)"}]}]}]}, {"Node Type": "Index Scan", "Parent Relationship": "Inner", "Scan Direction": "Forward", "Index Name": "idx_lineitem_part_supp", "Relation Name": "lineitem", "Alias": "lineitem", "Startup Cost": 0.0, "Total Cost": 1.13, "Plan Rows": 1, "Plan Width": 48, "Index Cond": "((l_partkey = partsupp.ps_partkey) AND (l_suppkey = partsupp.ps_suppkey))"}]}, {"Node Type": "Index Scan", "Parent Relationship": "Inner", "Scan Direction": "Forward", "Index Name": "orders_pkey", "Relation Name": "orders", "Alias": "orders", "Startup Cost": 0.0, "Total Cost": 0.29, "Plan Rows": 1, "Plan Width": 16, "Index Cond": "(o_orderkey = lineitem.l_orderkey)"}]}, {"Node Type": "Index Scan", "Parent Relationship": "Inner", "Scan Direction": "Forward", "Index Name": "nation_pkey", "Relation Name": "nation", "Alias": "nation", "Startup Cost": 0.0, "Total Cost": 0.27, "Plan Rows": 1, "Plan Width": 30, "Index Cond": "(n_nationkey = supplier.s_nationkey)"}]}]}]}, "Unique SQL Id": 3628361425}, "explain_analyze_plan": {"Plan": {"Node Type": "Sort", "Startup Cost": 723866.18, "Total Cost": 723866.19, "Plan Rows": 1, "Plan Width": 74, "Actual Startup Time": 59548.64, "Actual Total Time": 59548.652, "Actual Rows": 175, "Actual Loops": 1, "Sort Key": ["nation.n_name", "(date_part('year'::text, orders.o_orderdate)) DESC"], "Sort Method": "quicksort", "Sort Space Used": 52, "Sort Space Type": "Memory", "Plans": [{"Node Type": "Aggregate", "Strategy": "Hashed", "Parent Relationship": "Outer", "Startup Cost": 723866.16, "Total Cost": 723866.17, "Plan Rows": 1, "Plan Width": 74, "Actual Startup Time": 59548.286, "Actual Total Time": 59548.342, "Actual Rows": 175, "Actual Loops": 1, "Group By Key": ["nation.n_name", "date_part('year'::text, orders.o_orderdate)"], "Plans": [{"Node Type": "Nested Loop", "Parent Relationship": "Outer", "Join Type": "Inner", "Startup Cost": 571977.46, "Total Cost": 723866.14, "Plan Rows": 1, "Plan Width": 66, "Actual Startup Time": 2876.445, "Actual Total Time": 55780.995, "Actual Rows": 3256948, "Actual Loops": 1, "Inner Unique": true, "Plans": [{"Node Type": "Nested Loop", "Parent Relationship": "Outer", "Join Type": "Inner", "Startup Cost": 571977.46, "Total Cost": 723865.86, "Plan Rows": 1, "Plan Width": 44, "Actual Startup Time": 2876.416, "Actual Total Time": 47279.626, "Actual Rows": 3256948, "Actual Loops": 1, "Inner Unique": true, "Plans": [{"Node Type": "Nested Loop", "Parent Relationship": "Outer", "Join Type": "Inner", "Startup Cost": 571977.46, "Total Cost": 723865.56, "Plan Rows": 1, "Plan Width": 44, "Actual Startup Time": 2876.391, "Actual Total Time": 17408.868, "Actual Rows": 3256948, "Actual Loops": 1, "Inner Unique": false, "Join Filter": "(supplier.s_suppkey = lineitem.l_suppkey)", "Rows Removed by Join Filter": 0, "Plans": [{"Node Type": "Merge Join", "Parent Relationship": "Outer", "Join Type": "Inner", "Startup Cost": 571977.46, "Total Cost": 580116.55, "Plan Rows": 125630, "Plan Width": 44, "Actual Startup Time": 2876.312, "Actual Total Time": 3316.597, "Actual Rows": 434204, "Actual Loops": 1, "Inner Unique": false, "Merge Cond": "(supplier.s_suppkey = partsupp.ps_suppkey)", "Plans": [{"Node Type": "Index Scan", "Parent Relationship": "Outer", "Scan Direction": "Forward", "Index Name": "supplier_pkey", "Relation Name": "supplier", "Alias": "supplier", "Startup Cost": 0.0, "Total Cost": 5334.54, "Plan Rows": 100000, "Plan Width": 12, "Actual Startup Time": 0.023, "Actual Total Time": 94.352, "Actual Rows": 100000, "Actual Loops": 1}, {"Node Type": "Sort", "Parent Relationship": "Inner", "Startup Cost": 571977.44, "Total Cost": 572626.61, "Plan Rows": 259666, "Plan Width": 32, "Actual Startup Time": 2876.271, "Actual Total Time": 3006.043, "Actual Rows": 434204, "Actual Loops": 1, "Sort Key": ["partsupp.ps_suppkey"], "Sort Method": "quicksort", "Sort Space Used": 52995, "Sort Space Type": "Memory", "Plans": [{"Node Type": "Nested Loop", "Parent Relationship": "Outer", "Join Type": "Inner", "Startup Cost": 0.0, "Total Cost": 548625.29, "Plan Rows": 259666, "Plan Width": 32, "Actual Startup Time": 0.039, "Actual Total Time": 2701.737, "Actual Rows": 434204, "Actual Loops": 1, "Inner Unique": false, "Plans": [{"Node Type": "Index Scan", "Parent Relationship": "Outer", "Scan Direction": "Forward", "Index Name": "part_kpey", "Relation Name": "part", "Alias": "part", "Startup Cost": 0.0, "Total Cost": 105803.25, "Plan Rows": 89888, "Plan Width": 8, "Actual Startup Time": 0.029, "Actual Total Time": 1707.675, "Actual Rows": 108551, "Actual Loops": 1, "Filter": "((p_name)::text ~~ '%dim%'::text)", "Rows Removed by Filter": 1891449}, {"Node Type": "Index Scan", "Parent Relationship": "Inner", "Scan Direction": "Forward", "Index Name": "idx_partsupp_partkey", "Relation Name": "partsupp", "Alias": "partsupp", "Startup Cost": 0.0, "Total Cost": 4.9, "Plan Rows": 3, "Plan Width": 24, "Actual Startup Time": 603.738, "Actual Total Time": 843.511, "Actual Rows": 434204, "Actual Loops": 108551, "Index Cond": "(ps_partkey = part.p_partkey)", "Rows Removed by Index Recheck": 0}]}]}]}, {"Node Type": "Index Scan", "Parent Relationship": "Inner", "Scan Direction": "Forward", "Index Name": "idx_lineitem_part_supp", "Relation Name": "lineitem", "Alias": "lineitem", "Startup Cost": 0.0, "Total Cost": 1.13, "Plan Rows": 1, "Plan Width": 48, "Actual Startup Time": 4481.377, "Actual Total Time": 12467.506, "Actual Rows": 3256948, "Actual Loops": 434204, "Index Cond": "((l_partkey = partsupp.ps_partkey) AND (l_suppkey = partsupp.ps_suppkey))", "Rows Removed by Index Recheck": 0}]}, {"Node Type": "Index Scan", "Parent Relationship": "Inner", "Scan Direction": "Forward", "Index Name": "orders_pkey", "Relation Name": "orders", "Alias": "orders", "Startup Cost": 0.0, "Total Cost": 0.29, "Plan Rows": 1, "Plan Width": 16, "Actual Startup Time": 27079.967, "Actual Total Time": 27079.967, "Actual Rows": 3256948, "Actual Loops": 3256948, "Index Cond": "(o_orderkey = lineitem.l_orderkey)", "Rows Removed by Index Recheck": 0}]}, {"Node Type": "Index Scan", "Parent Relationship": "Inner", "Scan Direction": "Forward", "Index Name": "nation_pkey", "Relation Name": "nation", "Alias": "nation", "Startup Cost": 0.0, "Total Cost": 0.27, "Plan Rows": 1, "Plan Width": 30, "Actual Startup Time": 4424.774, "Actual Total Time": 4424.774, "Actual Rows": 3256948, "Actual Loops": 3256948, "Index Cond": "(n_nationkey = supplier.s_nationkey)", "Rows Removed by Index Recheck": 0}]}]}]}, "Triggers": [], "Planner Runtime": 30.663, "Total Runtime": 59548.965, "Unique SQL Id": 3628361425}}, "(64, 94)": {"explain_plan": {"Plan": {"Node Type": "Sort", "Startup Cost": 13756964.97, "Total Cost": 13756964.97, "Plan Rows": 1, "Plan Width": 74, "Sort Key": ["nation.n_name", "(date_part('year'::text, orders.o_orderdate)) DESC"], "Plans": [{"Node Type": "Aggregate", "Strategy": "Hashed", "Parent Relationship": "Outer", "Startup Cost": 13756964.95, "Total Cost": 13756964.96, "Plan Rows": 1, "Plan Width": 74, "Group By Key": ["nation.n_name", "date_part('year'::text, orders.o_orderdate)"], "Plans": [{"Node Type": "Merge Join", "Parent Relationship": "Outer", "Join Type": "Inner", "Startup Cost": 13756964.78, "Total Cost": 13756964.93, "Plan Rows": 1, "Plan Width": 66, "Inner Unique": true, "Merge Cond": "(supplier.s_nationkey = nation.n_nationkey)", "Plans": [{"Node Type": "Sort", "Parent Relationship": "Outer", "Startup Cost": 13756962.95, "Total Cost": 13756962.96, "Plan Rows": 1, "Plan Width": 44, "Sort Key": ["supplier.s_nationkey"], "Plans": [{"Node Type": "Merge Join", "Parent Relationship": "Outer", "Join Type": "Inner", "Startup Cost": 13681968.29, "Total Cost": 13756962.94, "Plan Rows": 1, "Plan Width": 44, "Inner Unique": true, "Merge Cond": "(lineitem.l_orderkey = orders.o_orderkey)", "Plans": [{"Node Type": "Sort", "Parent Relationship": "Outer", "Startup Cost": 11467733.16, "Total Cost": 11467733.17, "Plan Rows": 1, "Plan Width": 44, "Sort Key": ["lineitem.l_orderkey"], "Plans": [{"Node Type": "Merge Join", "Parent Relationship": "Outer", "Join Type": "Inner", "Startup Cost": 11104537.17, "Total Cost": 11467733.15, "Plan Rows": 1, "Plan Width": 44, "Inner Unique": false, "Merge Cond": "(supplier.s_suppkey = lineitem.l_suppkey)", "Join Filter": "(partsupp.ps_partkey = lineitem.l_partkey)", "Plans": [{"Node Type": "Merge Join", "Parent Relationship": "Outer", "Join Type": "Inner", "Startup Cost": 1339623.07, "Total Cost": 1342677.62, "Plan Rows": 125630, "Plan Width": 44, "Inner Unique": false, "Merge Cond": "(supplier.s_suppkey = partsupp.ps_suppkey)", "Plans": [{"Node Type": "Sort", "Parent Relationship": "Outer", "Startup Cost": 11587.82, "Total Cost": 11837.82, "Plan Rows": 100000, "Plan Width": 12, "Sort Key": ["supplier.s_suppkey"], "Plans": [{"Node Type": "Seq Scan", "Parent Relationship": "Outer", "Relation Name": "supplier", "Alias": "supplier", "Startup Cost": 0.0, "Total Cost": 3283.0, "Plan Rows": 100000, "Plan Width": 12}]}, {"Node Type": "Sort", "Parent Relationship": "Inner", "Startup Cost": 1328035.23, "Total Cost": 1328684.4, "Plan Rows": 259666, "Plan Width": 32, "Sort Key": ["partsupp.ps_suppkey"], "Plans": [{"Node Type": "Merge Join", "Parent Relationship": "Outer", "Join Type": "Inner", "Startup Cost": 1261636.41, "Total Cost": 1304683.08, "Plan Rows": 259666, "Plan Width": 32, "Inner Unique": false, "Merge Cond": "(part.p_partkey = partsupp.ps_partkey)", "Plans": [{"Node Type": "Sort", "Parent Relationship": "Outer", "Startup Cost": 74339.91, "Total Cost": 74564.63, "Plan Rows": 89888, "Plan Width": 8, "Sort Key": ["part.p_partkey"], "Plans": [{"Node Type": "Seq Scan", "Parent Relationship": "Outer", "Relation Name": "part", "Alias": "part", "Startup Cost": 0.0, "Total Cost": 66944.0, "Plan Rows": 89888, "Plan Width": 8, "Filter": "((p_name)::text ~~ '%dim%'::text)"}]}, {"Node Type": "Sort", "Parent Relationship": "Inner", "Startup Cost": 1187295.8, "Total Cost": 1207296.73, "Plan Rows": 8000372, "Plan Width": 24, "Sort Key": ["partsupp.ps_partkey"], "Plans": [{"Node Type": "Seq Scan", "Parent Relationship": "Outer", "Relation Name": "partsupp", "Alias": "partsupp", "Startup Cost": 0.0, "Total Cost": 269987.72, "Plan Rows": 8000372, "Plan Width": 24}]}]}]}]}, {"Node Type": "Sort", "Parent Relationship": "Inner", "Startup Cost": 9764884.32, "Total Cost": 9914851.9, "Plan Rows": 59987033, "Plan Width": 48, "Sort Key": ["lineitem.l_suppkey"], "Plans": [{"Node Type": "Seq Scan", "Parent Relationship": "Outer", "Relation Name": "lineitem", "Alias": "lineitem", "Startup Cost": 0.0, "Total Cost": 2015115.33, "Plan Rows": 59987033, "Plan Width": 48}]}]}]}, {"Node Type": "Sort", "Parent Relationship": "Inner", "Startup Cost": 2214232.37, "Total Cost": 2251731.07, "Plan Rows": 14999479, "Plan Width": 16, "Sort Key": ["orders.o_orderkey"], "Plans": [{"Node Type": "Seq Scan", "Parent Relationship": "Outer", "Relation Name": "orders", "Alias": "orders", "Startup Cost": 0.0, "Total Cost": 426413.79, "Plan Rows": 14999479, "Plan Width": 16}]}]}]}, {"Node Type": "Sort", "Parent Relationship": "Inner", "Startup Cost": 1.83, "Total Cost": 1.89, "Plan Rows": 25, "Plan Width": 30, "Sort Key": ["nation.n_nationkey"], "Plans": [{"Node Type": "Seq Scan", "Parent Relationship": "Outer", "Relation Name": "nation", "Alias": "nation", "Startup Cost": 0.0, "Total Cost": 1.25, "Plan Rows": 25, "Plan Width": 30}]}]}]}]}, "Unique SQL Id": 3628361425}, "explain_analyze_plan": null}, "(64, 95)": {"explain_plan": {"Plan": {"Node Type": "Sort", "Startup Cost": 6000385245976.48, "Total Cost": 6000385245976.48, "Plan Rows": 1, "Plan Width": 74, "Sort Key": ["nation.n_name", "(date_part('year'::text, orders.o_orderdate)) DESC"], "Plans": [{"Node Type": "Aggregate", "Strategy": "Hashed", "Parent Relationship": "Outer", "Startup Cost": 6000385245976.45, "Total Cost": 6000385245976.47, "Plan Rows": 1, "Plan Width": 74, "Group By Key": ["nation.n_name", "date_part('year'::text, orders.o_orderdate)"], "Plans": [{"Node Type": "Nested Loop", "Parent Relationship": "Outer", "Join Type": "Inner", "Startup Cost": 2040412502993.44, "Total Cost": 6000385245976.44, "Plan Rows": 1, "Plan Width": 66, "Inner Unique": true, "Plans": [{"Node Type": "Nested Loop", "Parent Relationship": "Outer", "Join Type": "Inner", "Startup Cost": 2030412502993.44, "Total Cost": 5000385245949.41, "Plan Rows": 1, "Plan Width": 44, "Inner Unique": true, "Plans": [{"Node Type": "Merge Join", "Parent Relationship": "Outer", "Join Type": "Inner", "Startup Cost": 2020412502993.44, "Total Cost": 4000385245920.18, "Plan Rows": 1, "Plan Width": 44, "Inner Unique": true, "Merge Cond": "(lineitem.l_partkey = partsupp.ps_partkey)", "Join Filter": "(lineitem.l_suppkey = partsupp.ps_suppkey)", "Plans": [{"Node Type": "Merge Join", "Parent Relationship": "Outer", "Join Type": "Inner", "Startup Cost": 2010377109577.35, "Total Cost": 3000332641162.94, "Plan Rows": 118842, "Plan Width": 68, "Inner Unique": false, "Merge Cond": "(part.p_partkey = lineitem.l_partkey)", "Plans": [{"Node Type": "Index Scan", "Parent Relationship": "Outer", "Scan Direction": "Forward", "Index Name": "part_kpey", "Relation Name": "part", "Alias": "part", "Startup Cost": 10000000000.0, "Total Cost": 1000010580325.0, "Plan Rows": 89888, "Plan Width": 8, "Filter": "((p_name)::text ~~ '%dim%'::text)"}, {"Node Type": "Sort", "Parent Relationship": "Inner", "Startup Cost": 2000333054282.74, "Total Cost": 2000333063826.92, "Plan Rows": 3817671, "Plan Width": 60, "Sort Key": ["lineitem.l_partkey"], "Plans": [{"Node Type": "Merge Join", "Parent Relationship": "Outer", "Join Type": "Inner", "Startup Cost": 1010331765173.27, "Total Cost": 2000332636929.96, "Plan Rows": 3817671, "Plan Width": 60, "Inner Unique": false, "Merge Cond": "(supplier.s_suppkey = lineitem.l_suppkey)", "Plans": [{"Node Type": "Index Scan", "Parent Relationship": "Outer", "Scan Direction": "Forward", "Index Name": "supplier_pkey", "Relation Name": "supplier", "Alias": "supplier", "Startup Cost": 10000000000.0, "Total Cost": 1000000533454.38, "Plan Rows": 100000, "Plan Width": 12}, {"Node Type": "Sort", "Parent Relationship": "Inner", "Startup Cost": 1000331765143.49, "Total Cost": 1000331915111.07, "Plan Rows": 59987033, "Plan Width": 48, "Sort Key": ["lineitem.l_suppkey"], "Plans": [{"Node Type": "Index Scan", "Parent Relationship": "Outer", "Scan Direction": "Forward", "Index Name": "idx_lineitem_orderkey", "Relation Name": "lineitem", "Alias": "lineitem", "Startup Cost": 10000000000.0, "Total Cost": 1000324015374.5, "Plan Rows": 59987033, "Plan Width": 48}]}]}]}]}, {"Node Type": "Index Scan", "Parent Relationship": "Inner", "Scan Direction": "Forward", "Index Name": "partsupp_pkey", "Relation Name": "partsupp", "Alias": "partsupp", "Startup Cost": 10000000000.0, "Total Cost": 1000071640963.22, "Plan Rows": 8000372, "Plan Width": 24}]}, {"Node Type": "Index Scan", "Parent Relationship": "Inner", "Scan Direction": "Forward", "Index Name": "orders_pkey", "Relation Name": "orders", "Alias": "orders", "Startup Cost": 10000000000.0, "Total Cost": 1000000000029.23, "Plan Rows": 1, "Plan Width": 16, "Index Cond": "(o_orderkey = lineitem.l_orderkey)"}]}, {"Node Type": "Index Scan", "Parent Relationship": "Inner", "Scan Direction": "Forward", "Index Name": "nation_pkey", "Relation Name": "nation", "Alias": "nation", "Startup Cost": 10000000000.0, "Total Cost": 1000000000027.01, "Plan Rows": 1, "Plan Width": 30, "Index Cond": "(n_nationkey = supplier.s_nationkey)"}]}]}]}, "Unique SQL Id": 3628361425}, "explain_analyze_plan": null}, "(64, 96)": {"explain_plan": {"Plan": {"Node Type": "Sort", "Startup Cost": 521166.05, "Total Cost": 521166.06, "Plan Rows": 1, "Plan Width": 74, "Sort Key": ["nation.n_name", "(date_part('year'::text, orders.o_orderdate)) DESC"], "Plans": [{"Node Type": "Aggregate", "Strategy": "Hashed", "Parent Relationship": "Outer", "Startup Cost": 521166.03, "Total Cost": 521166.04, "Plan Rows": 1, "Plan Width": 74, "Group By Key": ["nation.n_name", "date_part('year'::text, orders.o_orderdate)"], "Plans": [{"Node Type": "Nested Loop", "Parent Relationship": "Outer", "Join Type": "Inner", "Startup Cost": 72600.6, "Total Cost": 521166.01, "Plan Rows": 1, "Plan Width": 66, "Inner Unique": true, "Plans": [{"Node Type": "Nested Loop", "Parent Relationship": "Outer", "Join Type": "Inner", "Startup Cost": 72600.6, "Total Cost": 521165.73, "Plan Rows": 1, "Plan Width": 44, "Inner Unique": true, "Plans": [{"Node Type": "Nested Loop", "Parent Relationship": "Outer", "Join Type": "Inner", "Startup Cost": 72600.6, "Total Cost": 521165.43, "Plan Rows": 1, "Plan Width": 44, "Inner Unique": false, "Join Filter": "(supplier.s_suppkey = lineitem.l_suppkey)", "Plans": [{"Node Type": "Hash Join", "Parent Relationship": "Outer", "Join Type": "Inner", "Startup Cost": 72600.6, "Total Cost": 377416.42, "Plan Rows": 125630, "Plan Width": 44, "Inner Unique": true, "Hash Cond": "(partsupp.ps_suppkey = supplier.s_suppkey), (LLVM Optimized)", "Plans": [{"Node Type": "Hash Join", "Parent Relationship": "Outer", "Join Type": "Inner", "Startup Cost": 68067.6, "Total Cost": 370653.38, "Plan Rows": 259666, "Plan Width": 32, "Inner Unique": true, "Hash Cond": "(partsupp.ps_partkey = part.p_partkey), (LLVM Optimized)", "Plans": [{"Node Type": "Seq Scan", "Parent Relationship": "Outer", "Relation Name": "partsupp", "Alias": "partsupp", "Startup Cost": 0.0, "Total Cost": 269987.72, "Plan Rows": 8000372, "Plan Width": 24}, {"Node Type": "Hash", "Parent Relationship": "Inner", "Startup Cost": 66944.0, "Total Cost": 66944.0, "Plan Rows": 89888, "Plan Width": 8, "Plans": [{"Node Type": "Seq Scan", "Parent Relationship": "Outer", "Relation Name": "part", "Alias": "part", "Startup Cost": 0.0, "Total Cost": 66944.0, "Plan Rows": 89888, "Plan Width": 8, "Filter": "((p_name)::text ~~ '%dim%'::text)"}]}]}, {"Node Type": "Hash", "Parent Relationship": "Inner", "Startup Cost": 3283.0, "Total Cost": 3283.0, "Plan Rows": 100000, "Plan Width": 12, "Plans": [{"Node Type": "Seq Scan", "Parent Relationship": "Outer", "Relation Name": "supplier", "Alias": "supplier", "Startup Cost": 0.0, "Total Cost": 3283.0, "Plan Rows": 100000, "Plan Width": 12}]}]}, {"Node Type": "Index Scan", "Parent Relationship": "Inner", "Scan Direction": "Forward", "Index Name": "idx_lineitem_part_supp", "Relation Name": "lineitem", "Alias": "lineitem", "Startup Cost": 0.0, "Total Cost": 1.13, "Plan Rows": 1, "Plan Width": 48, "Index Cond": "((l_partkey = partsupp.ps_partkey) AND (l_suppkey = partsupp.ps_suppkey))"}]}, {"Node Type": "Index Scan", "Parent Relationship": "Inner", "Scan Direction": "Forward", "Index Name": "orders_pkey", "Relation Name": "orders", "Alias": "orders", "Startup Cost": 0.0, "Total Cost": 0.29, "Plan Rows": 1, "Plan Width": 16, "Index Cond": "(o_orderkey = lineitem.l_orderkey)"}]}, {"Node Type": "Index Scan", "Parent Relationship": "Inner", "Scan Direction": "Forward", "Index Name": "nation_pkey", "Relation Name": "nation", "Alias": "nation", "Startup Cost": 0.0, "Total Cost": 0.27, "Plan Rows": 1, "Plan Width": 30, "Index Cond": "(n_nationkey = supplier.s_nationkey)"}]}]}]}, "Unique SQL Id": 3628361425}, "explain_analyze_plan": {"Plan": {"Node Type": "Sort", "Startup Cost": 521166.05, "Total Cost": 521166.06, "Plan Rows": 1, "Plan Width": 74, "Actual Startup Time": 58932.736, "Actual Total Time": 58932.749, "Actual Rows": 175, "Actual Loops": 1, "Sort Key": ["nation.n_name", "(date_part('year'::text, orders.o_orderdate)) DESC"], "Sort Method": "quicksort", "Sort Space Used": 52, "Sort Space Type": "Memory", "Plans": [{"Node Type": "Aggregate", "Strategy": "Hashed", "Parent Relationship": "Outer", "Startup Cost": 521166.03, "Total Cost": 521166.04, "Plan Rows": 1, "Plan Width": 74, "Actual Startup Time": 58932.337, "Actual Total Time": 58932.379, "Actual Rows": 175, "Actual Loops": 1, "Group By Key": ["nation.n_name", "date_part('year'::text, orders.o_orderdate)"], "Plans": [{"Node Type": "Nested Loop", "Parent Relationship": "Outer", "Join Type": "Inner", "Startup Cost": 72600.6, "Total Cost": 521166.01, "Plan Rows": 1, "Plan Width": 66, "Actual Startup Time": 1103.433, "Actual Total Time": 55092.664, "Actual Rows": 3256948, "Actual Loops": 1, "Inner Unique": true, "Plans": [{"Node Type": "Nested Loop", "Parent Relationship": "Outer", "Join Type": "Inner", "Startup Cost": 72600.6, "Total Cost": 521165.73, "Plan Rows": 1, "Plan Width": 44, "Actual Startup Time": 1103.363, "Actual Total Time": 46615.878, "Actual Rows": 3256948, "Actual Loops": 1, "Inner Unique": true, "Plans": [{"Node Type": "Nested Loop", "Parent Relationship": "Outer", "Join Type": "Inner", "Startup Cost": 72600.6, "Total Cost": 521165.43, "Plan Rows": 1, "Plan Width": 44, "Actual Startup Time": 1103.339, "Actual Total Time": 18831.717, "Actual Rows": 3256948, "Actual Loops": 1, "Inner Unique": false, "Join Filter": "(supplier.s_suppkey = lineitem.l_suppkey)", "Rows Removed by Join Filter": 0, "Plans": [{"Node Type": "Hash Join", "Parent Relationship": "Outer", "Join Type": "Inner", "Startup Cost": 72600.6, "Total Cost": 377416.42, "Plan Rows": 125630, "Plan Width": 44, "Actual Startup Time": 1103.287, "Actual Total Time": 6244.441, "Actual Rows": 434204, "Actual Loops": 1, "Inner Unique": true, "Hash Cond": "(partsupp.ps_suppkey = supplier.s_suppkey), (LLVM Optimized, Jit Execute)", "Plans": [{"Node Type": "Hash Join", "Parent Relationship": "Outer", "Join Type": "Inner", "Startup Cost": 68067.6, "Total Cost": 370653.38, "Plan Rows": 259666, "Plan Width": 32, "Actual Startup Time": 1038.788, "Actual Total Time": 5788.774, "Actual Rows": 434204, "Actual Loops": 1, "Inner Unique": true, "Hash Cond": "(partsupp.ps_partkey = part.p_partkey), (LLVM Optimized, Jit Execute)", "Plans": [{"Node Type": "Seq Scan", "Parent Relationship": "Outer", "Relation Name": "partsupp", "Alias": "partsupp", "Startup Cost": 0.0, "Total Cost": 269987.72, "Plan Rows": 8000372, "Plan Width": 24, "Actual Startup Time": 0.012, "Actual Total Time": 2567.433, "Actual Rows": 8000000, "Actual Loops": 1}, {"Node Type": "Hash", "Parent Relationship": "Inner", "Startup Cost": 66944.0, "Total Cost": 66944.0, "Plan Rows": 89888, "Plan Width": 8, "Actual Startup Time": 1038.64, "Actual Total Time": 1038.64, "Actual Rows": 108551, "Actual Loops": 1, "Hash Buckets": 131072, "Hash Batches": 1, "Original Hash Batches": 1, "Peak Memory Usage": 4241, "Plans": [{"Node Type": "Seq Scan", "Parent Relationship": "Outer", "Relation Name": "part", "Alias": "part", "Startup Cost": 0.0, "Total Cost": 66944.0, "Plan Rows": 89888, "Plan Width": 8, "Actual Startup Time": 0.042, "Actual Total Time": 1000.506, "Actual Rows": 108551, "Actual Loops": 1, "Filter": "((p_name)::text ~~ '%dim%'::text)", "Rows Removed by Filter": 1891449}]}]}, {"Node Type": "Hash", "Parent Relationship": "Inner", "Startup Cost": 3283.0, "Total Cost": 3283.0, "Plan Rows": 100000, "Plan Width": 12, "Actual Startup Time": 64.394, "Actual Total Time": 64.394, "Actual Rows": 100000, "Actual Loops": 1, "Hash Buckets": 131072, "Hash Batches": 1, "Original Hash Batches": 1, "Peak Memory Usage": 4297, "Plans": [{"Node Type": "Seq Scan", "Parent Relationship": "Outer", "Relation Name": "supplier", "Alias": "supplier", "Startup Cost": 0.0, "Total Cost": 3283.0, "Plan Rows": 100000, "Plan Width": 12, "Actual Startup Time": 0.03, "Actual Total Time": 36.628, "Actual Rows": 100000, "Actual Loops": 1}]}]}, {"Node Type": "Index Scan", "Parent Relationship": "Inner", "Scan Direction": "Forward", "Index Name": "idx_lineitem_part_supp", "Relation Name": "lineitem", "Alias": "lineitem", "Startup Cost": 0.0, "Total Cost": 1.13, "Plan Rows": 1, "Plan Width": 48, "Actual Startup Time": 3128.663, "Actual Total Time": 10882.76, "Actual Rows": 3256948, "Actual Loops": 434204, "Index Cond": "((l_partkey = partsupp.ps_partkey) AND (l_suppkey = partsupp.ps_suppkey))", "Rows Removed by Index Recheck": 0}]}, {"Node Type": "Index Scan", "Parent Relationship": "Inner", "Scan Direction": "Forward", "Index Name": "orders_pkey", "Relation Name": "orders", "Alias": "orders", "Startup Cost": 0.0, "Total Cost": 0.29, "Plan Rows": 1, "Plan Width": 16, "Actual Startup Time": 24997.016, "Actual Total Time": 24997.016, "Actual Rows": 3256948, "Actual Loops": 3256948, "Index Cond": "(o_orderkey = lineitem.l_orderkey)", "Rows Removed by Index Recheck": 0}]}, {"Node Type": "Index Scan", "Parent Relationship": "Inner", "Scan Direction": "Forward", "Index Name": "nation_pkey", "Relation Name": "nation", "Alias": "nation", "Startup Cost": 0.0, "Total Cost": 0.27, "Plan Rows": 1, "Plan Width": 30, "Actual Startup Time": 4454.455, "Actual Total Time": 4454.455, "Actual Rows": 3256948, "Actual Loops": 3256948, "Index Cond": "(n_nationkey = supplier.s_nationkey)", "Rows Removed by Index Recheck": 0}]}]}]}, "Triggers": [], "Planner Runtime": 35.792, "Total Runtime": 58943.737, "Unique SQL Id": 3628361425}}, "(64, 97)": {"explain_plan": {"Plan": {"Node Type": "Sort", "Startup Cost": 701189.51, "Total Cost": 701189.52, "Plan Rows": 1, "Plan Width": 74, "Sort Key": ["nation.n_name", "(date_part('year'::text, orders.o_orderdate)) DESC"], "Plans": [{"Node Type": "Aggregate", "Strategy": "Hashed", "Parent Relationship": "Outer", "Startup Cost": 701189.49, "Total Cost": 701189.5, "Plan Rows": 1, "Plan Width": 74, "Group By Key": ["nation.n_name", "date_part('year'::text, orders.o_orderdate)"], "Plans": [{"Node Type": "Nested Loop", "Parent Relationship": "Outer", "Join Type": "Inner", "Startup Cost": 6584.54, "Total Cost": 701189.47, "Plan Rows": 1, "Plan Width": 66, "Inner Unique": true, "Plans": [{"Node Type": "Nested Loop", "Parent Relationship": "Outer", "Join Type": "Inner", "Startup Cost": 6584.54, "Total Cost": 701189.19, "Plan Rows": 1, "Plan Width": 44, "Inner Unique": true, "Plans": [{"Node Type": "Nested Loop", "Parent Relationship": "Outer", "Join Type": "Inner", "Startup Cost": 6584.54, "Total Cost": 701188.89, "Plan Rows": 1, "Plan Width": 44, "Inner Unique": false, "Join Filter": "(supplier.s_suppkey = lineitem.l_suppkey)", "Plans": [{"Node Type": "Hash Join", "Parent Relationship": "Outer", "Join Type": "Inner", "Startup Cost": 6584.54, "Total Cost": 557439.88, "Plan Rows": 125630, "Plan Width": 44, "Inner Unique": true, "Hash Cond": "(partsupp.ps_suppkey = supplier.s_suppkey), (LLVM Optimized)", "Plans": [{"Node Type": "Nested Loop", "Parent Relationship": "Outer", "Join Type": "Inner", "Startup Cost": 0.0, "Total Cost": 548625.29, "Plan Rows": 259666, "Plan Width": 32, "Inner Unique": false, "Plans": [{"Node Type": "Index Scan", "Parent Relationship": "Outer", "Scan Direction": "Forward", "Index Name": "part_kpey", "Relation Name": "part", "Alias": "part", "Startup Cost": 0.0, "Total Cost": 105803.25, "Plan Rows": 89888, "Plan Width": 8, "Filter": "((p_name)::text ~~ '%dim%'::text)"}, {"Node Type": "Index Scan", "Parent Relationship": "Inner", "Scan Direction": "Forward", "Index Name": "idx_partsupp_partkey", "Relation Name": "partsupp", "Alias": "partsupp", "Startup Cost": 0.0, "Total Cost": 4.9, "Plan Rows": 3, "Plan Width": 24, "Index Cond": "(ps_partkey = part.p_partkey)"}]}, {"Node Type": "Hash", "Parent Relationship": "Inner", "Startup Cost": 5334.54, "Total Cost": 5334.54, "Plan Rows": 100000, "Plan Width": 12, "Plans": [{"Node Type": "Index Scan", "Parent Relationship": "Outer", "Scan Direction": "Forward", "Index Name": "supplier_pkey", "Relation Name": "supplier", "Alias": "supplier", "Startup Cost": 0.0, "Total Cost": 5334.54, "Plan Rows": 100000, "Plan Width": 12}]}]}, {"Node Type": "Index Scan", "Parent Relationship": "Inner", "Scan Direction": "Forward", "Index Name": "idx_lineitem_part_supp", "Relation Name": "lineitem", "Alias": "lineitem", "Startup Cost": 0.0, "Total Cost": 1.13, "Plan Rows": 1, "Plan Width": 48, "Index Cond": "((l_partkey = partsupp.ps_partkey) AND (l_suppkey = partsupp.ps_suppkey))"}]}, {"Node Type": "Index Scan", "Parent Relationship": "Inner", "Scan Direction": "Forward", "Index Name": "orders_pkey", "Relation Name": "orders", "Alias": "orders", "Startup Cost": 0.0, "Total Cost": 0.29, "Plan Rows": 1, "Plan Width": 16, "Index Cond": "(o_orderkey = lineitem.l_orderkey)"}]}, {"Node Type": "Index Scan", "Parent Relationship": "Inner", "Scan Direction": "Forward", "Index Name": "nation_pkey", "Relation Name": "nation", "Alias": "nation", "Startup Cost": 0.0, "Total Cost": 0.27, "Plan Rows": 1, "Plan Width": 30, "Index Cond": "(n_nationkey = supplier.s_nationkey)"}]}]}]}, "Unique SQL Id": 3628361425}, "explain_analyze_plan": {"Plan": {"Node Type": "Sort", "Startup Cost": 701189.51, "Total Cost": 701189.52, "Plan Rows": 1, "Plan Width": 74, "Actual Startup Time": 57219.783, "Actual Total Time": 57219.796, "Actual Rows": 175, "Actual Loops": 1, "Sort Key": ["nation.n_name", "(date_part('year'::text, orders.o_orderdate)) DESC"], "Sort Method": "quicksort", "Sort Space Used": 52, "Sort Space Type": "Memory", "Plans": [{"Node Type": "Aggregate", "Strategy": "Hashed", "Parent Relationship": "Outer", "Startup Cost": 701189.49, "Total Cost": 701189.5, "Plan Rows": 1, "Plan Width": 74, "Actual Startup Time": 57219.414, "Actual Total Time": 57219.454, "Actual Rows": 175, "Actual Loops": 1, "Group By Key": ["nation.n_name", "date_part('year'::text, orders.o_orderdate)"], "Plans": [{"Node Type": "Nested Loop", "Parent Relationship": "Outer", "Join Type": "Inner", "Startup Cost": 6584.54, "Total Cost": 701189.47, "Plan Rows": 1, "Plan Width": 66, "Actual Startup Time": 106.96, "Actual Total Time": 53460.735, "Actual Rows": 3256948, "Actual Loops": 1, "Inner Unique": true, "Plans": [{"Node Type": "Nested Loop", "Parent Relationship": "Outer", "Join Type": "Inner", "Startup Cost": 6584.54, "Total Cost": 701189.19, "Plan Rows": 1, "Plan Width": 44, "Actual Startup Time": 106.934, "Actual Total Time": 44656.25, "Actual Rows": 3256948, "Actual Loops": 1, "Inner Unique": true, "Plans": [{"Node Type": "Nested Loop", "Parent Relationship": "Outer", "Join Type": "Inner", "Startup Cost": 6584.54, "Total Cost": 701188.89, "Plan Rows": 1, "Plan Width": 44, "Actual Startup Time": 106.911, "Actual Total Time": 16146.218, "Actual Rows": 3256948, "Actual Loops": 1, "Inner Unique": false, "Join Filter": "(supplier.s_suppkey = lineitem.l_suppkey)", "Rows Removed by Join Filter": 0, "Plans": [{"Node Type": "Hash Join", "Parent Relationship": "Outer", "Join Type": "Inner", "Startup Cost": 6584.54, "Total Cost": 557439.88, "Plan Rows": 125630, "Plan Width": 44, "Actual Startup Time": 106.873, "Actual Total Time": 3440.596, "Actual Rows": 434204, "Actual Loops": 1, "Inner Unique": true, "Hash Cond": "(partsupp.ps_suppkey = supplier.s_suppkey), (LLVM Optimized, Jit Execute)", "Plans": [{"Node Type": "Nested Loop", "Parent Relationship": "Outer", "Join Type": "Inner", "Startup Cost": 0.0, "Total Cost": 548625.29, "Plan Rows": 259666, "Plan Width": 32, "Actual Startup Time": 0.076, "Actual Total Time": 2929.188, "Actual Rows": 434204, "Actual Loops": 1, "Inner Unique": false, "Plans": [{"Node Type": "Index Scan", "Parent Relationship": "Outer", "Scan Direction": "Forward", "Index Name": "part_kpey", "Relation Name": "part", "Alias": "part", "Startup Cost": 0.0, "Total Cost": 105803.25, "Plan Rows": 89888, "Plan Width": 8, "Actual Startup Time": 0.056, "Actual Total Time": 1746.962, "Actual Rows": 108551, "Actual Loops": 1, "Filter": "((p_name)::text ~~ '%dim%'::text)", "Rows Removed by Filter": 1891449}, {"Node Type": "Index Scan", "Parent Relationship": "Inner", "Scan Direction": "Forward", "Index Name": "idx_partsupp_partkey", "Relation Name": "partsupp", "Alias": "partsupp", "Startup Cost": 0.0, "Total Cost": 4.9, "Plan Rows": 3, "Plan Width": 24, "Actual Startup Time": 684.56, "Actual Total Time": 978.245, "Actual Rows": 434204, "Actual Loops": 108551, "Index Cond": "(ps_partkey = part.p_partkey)", "Rows Removed by Index Recheck": 0}]}, {"Node Type": "Hash", "Parent Relationship": "Inner", "Startup Cost": 5334.54, "Total Cost": 5334.54, "Plan Rows": 100000, "Plan Width": 12, "Actual Startup Time": 106.68, "Actual Total Time": 106.68, "Actual Rows": 100000, "Actual Loops": 1, "Hash Buckets": 131072, "Hash Batches": 1, "Original Hash Batches": 1, "Peak Memory Usage": 4297, "Plans": [{"Node Type": "Index Scan", "Parent Relationship": "Outer", "Scan Direction": "Forward", "Index Name": "supplier_pkey", "Relation Name": "supplier", "Alias": "supplier", "Startup Cost": 0.0, "Total Cost": 5334.54, "Plan Rows": 100000, "Plan Width": 12, "Actual Startup Time": 0.02, "Actual Total Time": 78.377, "Actual Rows": 100000, "Actual Loops": 1}]}]}, {"Node Type": "Index Scan", "Parent Relationship": "Inner", "Scan Direction": "Forward", "Index Name": "idx_lineitem_part_supp", "Relation Name": "lineitem", "Alias": "lineitem", "Startup Cost": 0.0, "Total Cost": 1.13, "Plan Rows": 1, "Plan Width": 48, "Actual Startup Time": 3174.504, "Actual Total Time": 11019.482, "Actual Rows": 3256948, "Actual Loops": 434204, "Index Cond": "((l_partkey = partsupp.ps_partkey) AND (l_suppkey = partsupp.ps_suppkey))", "Rows Removed by Index Recheck": 0}]}, {"Node Type": "Index Scan", "Parent Relationship": "Inner", "Scan Direction": "Forward", "Index Name": "orders_pkey", "Relation Name": "orders", "Alias": "orders", "Startup Cost": 0.0, "Total Cost": 0.29, "Plan Rows": 1, "Plan Width": 16, "Actual Startup Time": 25705.885, "Actual Total Time": 25705.885, "Actual Rows": 3256948, "Actual Loops": 3256948, "Index Cond": "(o_orderkey = lineitem.l_orderkey)", "Rows Removed by Index Recheck": 0}]}, {"Node Type": "Index Scan", "Parent Relationship": "Inner", "Scan Direction": "Forward", "Index Name": "nation_pkey", "Relation Name": "nation", "Alias": "nation", "Startup Cost": 0.0, "Total Cost": 0.27, "Plan Rows": 1, "Plan Width": 30, "Actual Startup Time": 4680.015, "Actual Total Time": 4680.015, "Actual Rows": 3256948, "Actual Loops": 3256948, "Index Cond": "(n_nationkey = supplier.s_nationkey)", "Rows Removed by Index Recheck": 0}]}]}]}, "Triggers": [], "Planner Runtime": 33.676, "Total Runtime": 57229.802, "Unique SQL Id": 3628361425}}, "(64, 98)": {"explain_plan": {"Plan": {"Node Type": "Sort", "Startup Cost": 934830.96, "Total Cost": 934830.97, "Plan Rows": 1, "Plan Width": 74, "Sort Key": ["nation.n_name", "(date_part('year'::text, orders.o_orderdate)) DESC"], "Plans": [{"Node Type": "Aggregate", "Strategy": "Hashed", "Parent Relationship": "Outer", "Startup Cost": 934830.94, "Total Cost": 934830.95, "Plan Rows": 1, "Plan Width": 74, "Group By Key": ["nation.n_name", "date_part('year'::text, orders.o_orderdate)"], "Plans": [{"Node Type": "Nested Loop", "Parent Relationship": "Outer", "Join Type": "Inner", "Startup Cost": 72601.53, "Total Cost": 934830.92, "Plan Rows": 1, "Plan Width": 66, "Inner Unique": true, "Plans": [{"Node Type": "Nested Loop", "Parent Relationship": "Outer", "Join Type": "Inner", "Startup Cost": 72601.27, "Total Cost": 934826.64, "Plan Rows": 1, "Plan Width": 44, "Inner Unique": true, "Plans": [{"Node Type": "Nested Loop", "Parent Relationship": "Outer", "Join Type": "Inner", "Startup Cost": 72601.01, "Total Cost": 934822.36, "Plan Rows": 1, "Plan Width": 44, "Inner Unique": false, "Join Filter": "(supplier.s_suppkey = lineitem.l_suppkey)", "Plans": [{"Node Type": "Hash Join", "Parent Relationship": "Outer", "Join Type": "Inner", "Startup Cost": 72600.6, "Total Cost": 377416.42, "Plan Rows": 125630, "Plan Width": 44, "Inner Unique": true, "Hash Cond": "(partsupp.ps_suppkey = supplier.s_suppkey), (LLVM Optimized)", "Plans": [{"Node Type": "Hash Join", "Parent Relationship": "Outer", "Join Type": "Inner", "Startup Cost": 68067.6, "Total Cost": 370653.38, "Plan Rows": 259666, "Plan Width": 32, "Inner Unique": true, "Hash Cond": "(partsupp.ps_partkey = part.p_partkey), (LLVM Optimized)", "Plans": [{"Node Type": "Seq Scan", "Parent Relationship": "Outer", "Relation Name": "partsupp", "Alias": "partsupp", "Startup Cost": 0.0, "Total Cost": 269987.72, "Plan Rows": 8000372, "Plan Width": 24}, {"Node Type": "Hash", "Parent Relationship": "Inner", "Startup Cost": 66944.0, "Total Cost": 66944.0, "Plan Rows": 89888, "Plan Width": 8, "Plans": [{"Node Type": "Seq Scan", "Parent Relationship": "Outer", "Relation Name": "part", "Alias": "part", "Startup Cost": 0.0, "Total Cost": 66944.0, "Plan Rows": 89888, "Plan Width": 8, "Filter": "((p_name)::text ~~ '%dim%'::text)"}]}]}, {"Node Type": "Hash", "Parent Relationship": "Inner", "Startup Cost": 3283.0, "Total Cost": 3283.0, "Plan Rows": 100000, "Plan Width": 12, "Plans": [{"Node Type": "Seq Scan", "Parent Relationship": "Outer", "Relation Name": "supplier", "Alias": "supplier", "Startup Cost": 0.0, "Total Cost": 3283.0, "Plan Rows": 100000, "Plan Width": 12}]}]}, {"Node Type": "Bitmap Heap Scan", "Parent Relationship": "Inner", "Relation Name": "lineitem", "Alias": "lineitem", "Startup Cost": 0.41, "Total Cost": 4.42, "Plan Rows": 1, "Plan Width": 48, "Recheck Cond": "((l_partkey = partsupp.ps_partkey) AND (l_suppkey = partsupp.ps_suppkey))", "Plans": [{"Node Type": "Bitmap Index Scan", "Parent Relationship": "Outer", "Index Name": "idx_lineitem_part_supp", "Startup Cost": 0.0, "Total Cost": 0.41, "Plan Rows": 1, "Plan Width": 0, "Index Cond": "((l_partkey = partsupp.ps_partkey) AND (l_suppkey = partsupp.ps_suppkey))"}]}]}, {"Node Type": "Bitmap Heap Scan", "Parent Relationship": "Inner", "Relation Name": "orders", "Alias": "orders", "Startup Cost": 0.26, "Total Cost": 4.27, "Plan Rows": 1, "Plan Width": 16, "Recheck Cond": "(o_orderkey = lineitem.l_orderkey)", "Plans": [{"Node Type": "Bitmap Index Scan", "Parent Relationship": "Outer", "Index Name": "orders_pkey", "Startup Cost": 0.0, "Total Cost": 0.26, "Plan Rows": 1, "Plan Width": 0, "Index Cond": "(o_orderkey = lineitem.l_orderkey)"}]}]}, {"Node Type": "Bitmap Heap Scan", "Parent Relationship": "Inner", "Relation Name": "nation", "Alias": "nation", "Startup Cost": 0.26, "Total Cost": 4.27, "Plan Rows": 1, "Plan Width": 30, "Recheck Cond": "(n_nationkey = supplier.s_nationkey)", "Plans": [{"Node Type": "Bitmap Index Scan", "Parent Relationship": "Outer", "Index Name": "nation_pkey", "Startup Cost": 0.0, "Total Cost": 0.26, "Plan Rows": 1, "Plan Width": 0, "Index Cond": "(n_nationkey = supplier.s_nationkey)"}]}]}]}]}, "Unique SQL Id": 3628361425}, "explain_analyze_plan": {"Plan": {"Node Type": "Sort", "Startup Cost": 934830.96, "Total Cost": 934830.97, "Plan Rows": 1, "Plan Width": 74, "Actual Startup Time": 72924.863, "Actual Total Time": 72924.877, "Actual Rows": 175, "Actual Loops": 1, "Sort Key": ["nation.n_name", "(date_part('year'::text, orders.o_orderdate)) DESC"], "Sort Method": "quicksort", "Sort Space Used": 52, "Sort Space Type": "Memory", "Plans": [{"Node Type": "Aggregate", "Strategy": "Hashed", "Parent Relationship": "Outer", "Startup Cost": 934830.94, "Total Cost": 934830.95, "Plan Rows": 1, "Plan Width": 74, "Actual Startup Time": 72924.454, "Actual Total Time": 72924.504, "Actual Rows": 175, "Actual Loops": 1, "Group By Key": ["nation.n_name", "date_part('year'::text, orders.o_orderdate)"], "Plans": [{"Node Type": "Nested Loop", "Parent Relationship": "Outer", "Join Type": "Inner", "Startup Cost": 72601.53, "Total Cost": 934830.92, "Plan Rows": 1, "Plan Width": 66, "Actual Startup Time": 1096.822, "Actual Total Time": 68764.168, "Actual Rows": 3256948, "Actual Loops": 1, "Inner Unique": true, "Plans": [{"Node Type": "Nested Loop", "Parent Relationship": "Outer", "Join Type": "Inner", "Startup Cost": 72601.27, "Total Cost": 934826.64, "Plan Rows": 1, "Plan Width": 44, "Actual Startup Time": 1096.774, "Actual Total Time": 54785.955, "Actual Rows": 3256948, "Actual Loops": 1, "Inner Unique": true, "Plans": [{"Node Type": "Nested Loop", "Parent Relationship": "Outer", "Join Type": "Inner", "Startup Cost": 72601.01, "Total Cost": 934822.36, "Plan Rows": 1, "Plan Width": 44, "Actual Startup Time": 1096.745, "Actual Total Time": 21766.673, "Actual Rows": 3256948, "Actual Loops": 1, "Inner Unique": false, "Join Filter": "(supplier.s_suppkey = lineitem.l_suppkey)", "Rows Removed by Join Filter": 0, "Plans": [{"Node Type": "Hash Join", "Parent Relationship": "Outer", "Join Type": "Inner", "Startup Cost": 72600.6, "Total Cost": 377416.42, "Plan Rows": 125630, "Plan Width": 44, "Actual Startup Time": 1096.578, "Actual Total Time": 6276.53, "Actual Rows": 434204, "Actual Loops": 1, "Inner Unique": true, "Hash Cond": "(partsupp.ps_suppkey = supplier.s_suppkey), (LLVM Optimized, Jit Execute)", "Plans": [{"Node Type": "Hash Join", "Parent Relationship": "Outer", "Join Type": "Inner", "Startup Cost": 68067.6, "Total Cost": 370653.38, "Plan Rows": 259666, "Plan Width": 32, "Actual Startup Time": 1032.804, "Actual Total Time": 5785.636, "Actual Rows": 434204, "Actual Loops": 1, "Inner Unique": true, "Hash Cond": "(partsupp.ps_partkey = part.p_partkey), (LLVM Optimized, Jit Execute)", "Plans": [{"Node Type": "Seq Scan", "Parent Relationship": "Outer", "Relation Name": "partsupp", "Alias": "partsupp", "Startup Cost": 0.0, "Total Cost": 269987.72, "Plan Rows": 8000372, "Plan Width": 24, "Actual Startup Time": 0.015, "Actual Total Time": 2566.486, "Actual Rows": 8000000, "Actual Loops": 1}, {"Node Type": "Hash", "Parent Relationship": "Inner", "Startup Cost": 66944.0, "Total Cost": 66944.0, "Plan Rows": 89888, "Plan Width": 8, "Actual Startup Time": 1032.639, "Actual Total Time": 1032.639, "Actual Rows": 108551, "Actual Loops": 1, "Hash Buckets": 131072, "Hash Batches": 1, "Original Hash Batches": 1, "Peak Memory Usage": 4241, "Plans": [{"Node Type": "Seq Scan", "Parent Relationship": "Outer", "Relation Name": "part", "Alias": "part", "Startup Cost": 0.0, "Total Cost": 66944.0, "Plan Rows": 89888, "Plan Width": 8, "Actual Startup Time": 0.051, "Actual Total Time": 990.119, "Actual Rows": 108551, "Actual Loops": 1, "Filter": "((p_name)::text ~~ '%dim%'::text)", "Rows Removed by Filter": 1891449}]}]}, {"Node Type": "Hash", "Parent Relationship": "Inner", "Startup Cost": 3283.0, "Total Cost": 3283.0, "Plan Rows": 100000, "Plan Width": 12, "Actual Startup Time": 63.665, "Actual Total Time": 63.665, "Actual Rows": 100000, "Actual Loops": 1, "Hash Buckets": 131072, "Hash Batches": 1, "Original Hash Batches": 1, "Peak Memory Usage": 4297, "Plans": [{"Node Type": "Seq Scan", "Parent Relationship": "Outer", "Relation Name": "supplier", "Alias": "supplier", "Startup Cost": 0.0, "Total Cost": 3283.0, "Plan Rows": 100000, "Plan Width": 12, "Actual Startup Time": 0.025, "Actual Total Time": 35.547, "Actual Rows": 100000, "Actual Loops": 1}]}]}, {"Node Type": "Bitmap Heap Scan", "Parent Relationship": "Inner", "Relation Name": "lineitem", "Alias": "lineitem", "Startup Cost": 0.41, "Total Cost": 4.42, "Plan Rows": 1, "Plan Width": 48, "Actual Startup Time": 4980.329, "Actual Total Time": 13326.642, "Actual Rows": 3256948, "Actual Loops": 434204, "Recheck Cond": "((l_partkey = partsupp.ps_partkey) AND (l_suppkey = partsupp.ps_suppkey))", "Rows Removed by Index Recheck": 0, "Exact Heap Blocks": 3256937, "Lossy Heap Blocks": 3256937, "Plans": [{"Node Type": "Bitmap Index Scan", "Parent Relationship": "Outer", "Index Name": "idx_lineitem_part_supp", "Startup Cost": 0.0, "Total Cost": 0.41, "Plan Rows": 1, "Plan Width": 0, "Actual Startup Time": 2828.636, "Actual Total Time": 2828.636, "Actual Rows": 3256948, "Actual Loops": 434204, "Index Cond": "((l_partkey = partsupp.ps_partkey) AND (l_suppkey = partsupp.ps_suppkey))"}]}]}, {"Node Type": "Bitmap Heap Scan", "Parent Relationship": "Inner", "Relation Name": "orders", "Alias": "orders", "Startup Cost": 0.26, "Total Cost": 4.27, "Plan Rows": 1, "Plan Width": 16, "Actual Startup Time": 28391.128, "Actual Total Time": 28391.128, "Actual Rows": 3256948, "Actual Loops": 3256948, "Recheck Cond": "(o_orderkey = lineitem.l_orderkey)", "Rows Removed by Index Recheck": 0, "Exact Heap Blocks": 3256948, "Lossy Heap Blocks": 3256948, "Plans": [{"Node Type": "Bitmap Index Scan", "Parent Relationship": "Outer", "Index Name": "orders_pkey", "Startup Cost": 0.0, "Total Cost": 0.26, "Plan Rows": 1, "Plan Width": 0, "Actual Startup Time": 18422.203, "Actual Total Time": 18422.203, "Actual Rows": 3256948, "Actual Loops": 3256948, "Index Cond": "(o_orderkey = lineitem.l_orderkey)"}]}]}, {"Node Type": "Bitmap Heap Scan", "Parent Relationship": "Inner", "Relation Name": "nation", "Alias": "nation", "Startup Cost": 0.26, "Total Cost": 4.27, "Plan Rows": 1, "Plan Width": 30, "Actual Startup Time": 7785.305, "Actual Total Time": 7785.305, "Actual Rows": 3256948, "Actual Loops": 3256948, "Recheck Cond": "(n_nationkey = supplier.s_nationkey)", "Rows Removed by Index Recheck": 0, "Exact Heap Blocks": 3256948, "Lossy Heap Blocks": 3256948, "Plans": [{"Node Type": "Bitmap Index Scan", "Parent Relationship": "Outer", "Index Name": "nation_pkey", "Startup Cost": 0.0, "Total Cost": 0.26, "Plan Rows": 1, "Plan Width": 0, "Actual Startup Time": 3371.504, "Actual Total Time": 3371.504, "Actual Rows": 3256948, "Actual Loops": 3256948, "Index Cond": "(n_nationkey = supplier.s_nationkey)"}]}]}]}]}, "Triggers": [], "Planner Runtime": 41.111, "Total Runtime": 72934.195, "Unique SQL Id": 3628361425}}, "(64, 99)": {"explain_plan": {"Plan": {"Node Type": "Sort", "Startup Cost": 1000008167021.57, "Total Cost": 1000008167021.58, "Plan Rows": 1, "Plan Width": 74, "Sort Key": ["nation.n_name", "(date_part('year'::text, orders.o_orderdate)) DESC"], "Plans": [{"Node Type": "Aggregate", "Strategy": "Hashed", "Parent Relationship": "Outer", "Startup Cost": 1000008167021.55, "Total Cost": 1000008167021.56, "Plan Rows": 1, "Plan Width": 74, "Group By Key": ["nation.n_name", "date_part('year'::text, orders.o_orderdate)"], "Plans": [{"Node Type": "Nested Loop", "Parent Relationship": "Outer", "Join Type": "Inner", "Startup Cost": 10000000002.75, "Total Cost": 1000008167021.53, "Plan Rows": 1, "Plan Width": 66, "Inner Unique": true, "Plans": [{"Node Type": "Nested Loop", "Parent Relationship": "Outer", "Join Type": "Inner", "Startup Cost": 10000000002.5, "Total Cost": 1000008167017.25, "Plan Rows": 1, "Plan Width": 44, "Inner Unique": true, "Plans": [{"Node Type": "Nested Loop", "Parent Relationship": "Outer", "Join Type": "Inner", "Startup Cost": 10000000002.24, "Total Cost": 1000008167012.96, "Plan Rows": 1, "Plan Width": 44, "Inner Unique": true, "Join Filter": "(partsupp.ps_partkey = part.p_partkey)", "Plans": [{"Node Type": "Nested Loop", "Parent Relationship": "Outer", "Join Type": "Inner", "Startup Cost": 10000000001.98, "Total Cost": 1000008166987.25, "Plan Rows": 6, "Plan Width": 60, "Inner Unique": false, "Join Filter": "(supplier.s_suppkey = lineitem.l_suppkey)", "Plans": [{"Node Type": "Nested Loop", "Parent Relationship": "Outer", "Join Type": "Inner", "Startup Cost": 10000000001.57, "Total Cost": 1000002201599.04, "Plan Rows": 1344499, "Plan Width": 36, "Inner Unique": false, "Plans": [{"Node Type": "Index Scan", "Parent Relationship": "Outer", "Scan Direction": "Forward", "Index Name": "idx_supplier_nation_key", "Relation Name": "supplier", "Alias": "supplier", "Startup Cost": 10000000000.0, "Total Cost": 1000001217556.78, "Plan Rows": 100000, "Plan Width": 12}, {"Node Type": "Bitmap Heap Scan", "Parent Relationship": "Inner", "Relation Name": "partsupp", "Alias": "partsupp", "Startup Cost": 1.57, "Total Cost": 9.71, "Plan Rows": 13, "Plan Width": 24, "Recheck Cond": "(ps_suppkey = supplier.s_suppkey)", "Plans": [{"Node Type": "Bitmap Index Scan", "Parent Relationship": "Outer", "Index Name": "idx_partsupp_suppkey", "Startup Cost": 0.0, "Total Cost": 1.56, "Plan Rows": 13, "Plan Width": 0, "Index Cond": "(ps_suppkey = supplier.s_suppkey)"}]}]}, {"Node Type": "Bitmap Heap Scan", "Parent Relationship": "Inner", "Relation Name": "lineitem", "Alias": "lineitem", "Startup Cost": 0.41, "Total Cost": 4.42, "Plan Rows": 1, "Plan Width": 48, "Recheck Cond": "((l_partkey = partsupp.ps_partkey) AND (l_suppkey = partsupp.ps_suppkey))", "Plans": [{"Node Type": "Bitmap Index Scan", "Parent Relationship": "Outer", "Index Name": "idx_lineitem_part_supp", "Startup Cost": 0.0, "Total Cost": 0.41, "Plan Rows": 1, "Plan Width": 0, "Index Cond": "((l_partkey = partsupp.ps_partkey) AND (l_suppkey = partsupp.ps_suppkey))"}]}]}, {"Node Type": "Bitmap Heap Scan", "Parent Relationship": "Inner", "Relation Name": "part", "Alias": "part", "Startup Cost": 0.26, "Total Cost": 4.27, "Plan Rows": 1, "Plan Width": 8, "Recheck Cond": "(p_partkey = lineitem.l_partkey)", "Filter": "((p_name)::text ~~ '%dim%'::text)", "Plans": [{"Node Type": "Bitmap Index Scan", "Parent Relationship": "Outer", "Index Name": "part_kpey", "Startup Cost": 0.0, "Total Cost": 0.26, "Plan Rows": 1, "Plan Width": 0, "Index Cond": "(p_partkey = lineitem.l_partkey)"}]}]}, {"Node Type": "Bitmap Heap Scan", "Parent Relationship": "Inner", "Relation Name": "orders", "Alias": "orders", "Startup Cost": 0.26, "Total Cost": 4.27, "Plan Rows": 1, "Plan Width": 16, "Recheck Cond": "(o_orderkey = lineitem.l_orderkey)", "Plans": [{"Node Type": "Bitmap Index Scan", "Parent Relationship": "Outer", "Index Name": "orders_pkey", "Startup Cost": 0.0, "Total Cost": 0.26, "Plan Rows": 1, "Plan Width": 0, "Index Cond": "(o_orderkey = lineitem.l_orderkey)"}]}]}, {"Node Type": "Bitmap Heap Scan", "Parent Relationship": "Inner", "Relation Name": "nation", "Alias": "nation", "Startup Cost": 0.26, "Total Cost": 4.27, "Plan Rows": 1, "Plan Width": 30, "Recheck Cond": "(n_nationkey = supplier.s_nationkey)", "Plans": [{"Node Type": "Bitmap Index Scan", "Parent Relationship": "Outer", "Index Name": "nation_pkey", "Startup Cost": 0.0, "Total Cost": 0.26, "Plan Rows": 1, "Plan Width": 0, "Index Cond": "(n_nationkey = supplier.s_nationkey)"}]}]}]}]}, "Unique SQL Id": 3628361425}, "explain_analyze_plan": null}, "(64, 100)": {"explain_plan": {"Plan": {"Node Type": "Sort", "Startup Cost": 521166.05, "Total Cost": 521166.06, "Plan Rows": 1, "Plan Width": 74, "Sort Key": ["nation.n_name", "(date_part('year'::text, orders.o_orderdate)) DESC"], "Plans": [{"Node Type": "Aggregate", "Strategy": "Hashed", "Parent Relationship": "Outer", "Startup Cost": 521166.03, "Total Cost": 521166.04, "Plan Rows": 1, "Plan Width": 74, "Group By Key": ["nation.n_name", "date_part('year'::text, orders.o_orderdate)"], "Plans": [{"Node Type": "Nested Loop", "Parent Relationship": "Outer", "Join Type": "Inner", "Startup Cost": 72600.6, "Total Cost": 521166.01, "Plan Rows": 1, "Plan Width": 66, "Inner Unique": true, "Plans": [{"Node Type": "Nested Loop", "Parent Relationship": "Outer", "Join Type": "Inner", "Startup Cost": 72600.6, "Total Cost": 521165.73, "Plan Rows": 1, "Plan Width": 44, "Inner Unique": true, "Plans": [{"Node Type": "Nested Loop", "Parent Relationship": "Outer", "Join Type": "Inner", "Startup Cost": 72600.6, "Total Cost": 521165.43, "Plan Rows": 1, "Plan Width": 44, "Inner Unique": false, "Join Filter": "(supplier.s_suppkey = lineitem.l_suppkey)", "Plans": [{"Node Type": "Hash Join", "Parent Relationship": "Outer", "Join Type": "Inner", "Startup Cost": 72600.6, "Total Cost": 377416.42, "Plan Rows": 125630, "Plan Width": 44, "Inner Unique": true, "Hash Cond": "(partsupp.ps_suppkey = supplier.s_suppkey), (LLVM Optimized)", "Plans": [{"Node Type": "Hash Join", "Parent Relationship": "Outer", "Join Type": "Inner", "Startup Cost": 68067.6, "Total Cost": 370653.38, "Plan Rows": 259666, "Plan Width": 32, "Inner Unique": true, "Hash Cond": "(partsupp.ps_partkey = part.p_partkey), (LLVM Optimized)", "Plans": [{"Node Type": "Seq Scan", "Parent Relationship": "Outer", "Relation Name": "partsupp", "Alias": "partsupp", "Startup Cost": 0.0, "Total Cost": 269987.72, "Plan Rows": 8000372, "Plan Width": 24}, {"Node Type": "Hash", "Parent Relationship": "Inner", "Startup Cost": 66944.0, "Total Cost": 66944.0, "Plan Rows": 89888, "Plan Width": 8, "Plans": [{"Node Type": "Seq Scan", "Parent Relationship": "Outer", "Relation Name": "part", "Alias": "part", "Startup Cost": 0.0, "Total Cost": 66944.0, "Plan Rows": 89888, "Plan Width": 8, "Filter": "((p_name)::text ~~ '%dim%'::text)"}]}]}, {"Node Type": "Hash", "Parent Relationship": "Inner", "Startup Cost": 3283.0, "Total Cost": 3283.0, "Plan Rows": 100000, "Plan Width": 12, "Plans": [{"Node Type": "Seq Scan", "Parent Relationship": "Outer", "Relation Name": "supplier", "Alias": "supplier", "Startup Cost": 0.0, "Total Cost": 3283.0, "Plan Rows": 100000, "Plan Width": 12}]}]}, {"Node Type": "Index Scan", "Parent Relationship": "Inner", "Scan Direction": "Forward", "Index Name": "idx_lineitem_part_supp", "Relation Name": "lineitem", "Alias": "lineitem", "Startup Cost": 0.0, "Total Cost": 1.13, "Plan Rows": 1, "Plan Width": 48, "Index Cond": "((l_partkey = partsupp.ps_partkey) AND (l_suppkey = partsupp.ps_suppkey))"}]}, {"Node Type": "Index Scan", "Parent Relationship": "Inner", "Scan Direction": "Forward", "Index Name": "orders_pkey", "Relation Name": "orders", "Alias": "orders", "Startup Cost": 0.0, "Total Cost": 0.29, "Plan Rows": 1, "Plan Width": 16, "Index Cond": "(o_orderkey = lineitem.l_orderkey)"}]}, {"Node Type": "Index Scan", "Parent Relationship": "Inner", "Scan Direction": "Forward", "Index Name": "nation_pkey", "Relation Name": "nation", "Alias": "nation", "Startup Cost": 0.0, "Total Cost": 0.27, "Plan Rows": 1, "Plan Width": 30, "Index Cond": "(n_nationkey = supplier.s_nationkey)"}]}]}]}, "Unique SQL Id": 3628361425}, "explain_analyze_plan": {"Plan": {"Node Type": "Sort", "Startup Cost": 521166.05, "Total Cost": 521166.06, "Plan Rows": 1, "Plan Width": 74, "Actual Startup Time": 58932.736, "Actual Total Time": 58932.749, "Actual Rows": 175, "Actual Loops": 1, "Sort Key": ["nation.n_name", "(date_part('year'::text, orders.o_orderdate)) DESC"], "Sort Method": "quicksort", "Sort Space Used": 52, "Sort Space Type": "Memory", "Plans": [{"Node Type": "Aggregate", "Strategy": "Hashed", "Parent Relationship": "Outer", "Startup Cost": 521166.03, "Total Cost": 521166.04, "Plan Rows": 1, "Plan Width": 74, "Actual Startup Time": 58932.337, "Actual Total Time": 58932.379, "Actual Rows": 175, "Actual Loops": 1, "Group By Key": ["nation.n_name", "date_part('year'::text, orders.o_orderdate)"], "Plans": [{"Node Type": "Nested Loop", "Parent Relationship": "Outer", "Join Type": "Inner", "Startup Cost": 72600.6, "Total Cost": 521166.01, "Plan Rows": 1, "Plan Width": 66, "Actual Startup Time": 1103.433, "Actual Total Time": 55092.664, "Actual Rows": 3256948, "Actual Loops": 1, "Inner Unique": true, "Plans": [{"Node Type": "Nested Loop", "Parent Relationship": "Outer", "Join Type": "Inner", "Startup Cost": 72600.6, "Total Cost": 521165.73, "Plan Rows": 1, "Plan Width": 44, "Actual Startup Time": 1103.363, "Actual Total Time": 46615.878, "Actual Rows": 3256948, "Actual Loops": 1, "Inner Unique": true, "Plans": [{"Node Type": "Nested Loop", "Parent Relationship": "Outer", "Join Type": "Inner", "Startup Cost": 72600.6, "Total Cost": 521165.43, "Plan Rows": 1, "Plan Width": 44, "Actual Startup Time": 1103.339, "Actual Total Time": 18831.717, "Actual Rows": 3256948, "Actual Loops": 1, "Inner Unique": false, "Join Filter": "(supplier.s_suppkey = lineitem.l_suppkey)", "Rows Removed by Join Filter": 0, "Plans": [{"Node Type": "Hash Join", "Parent Relationship": "Outer", "Join Type": "Inner", "Startup Cost": 72600.6, "Total Cost": 377416.42, "Plan Rows": 125630, "Plan Width": 44, "Actual Startup Time": 1103.287, "Actual Total Time": 6244.441, "Actual Rows": 434204, "Actual Loops": 1, "Inner Unique": true, "Hash Cond": "(partsupp.ps_suppkey = supplier.s_suppkey), (LLVM Optimized, Jit Execute)", "Plans": [{"Node Type": "Hash Join", "Parent Relationship": "Outer", "Join Type": "Inner", "Startup Cost": 68067.6, "Total Cost": 370653.38, "Plan Rows": 259666, "Plan Width": 32, "Actual Startup Time": 1038.788, "Actual Total Time": 5788.774, "Actual Rows": 434204, "Actual Loops": 1, "Inner Unique": true, "Hash Cond": "(partsupp.ps_partkey = part.p_partkey), (LLVM Optimized, Jit Execute)", "Plans": [{"Node Type": "Seq Scan", "Parent Relationship": "Outer", "Relation Name": "partsupp", "Alias": "partsupp", "Startup Cost": 0.0, "Total Cost": 269987.72, "Plan Rows": 8000372, "Plan Width": 24, "Actual Startup Time": 0.012, "Actual Total Time": 2567.433, "Actual Rows": 8000000, "Actual Loops": 1}, {"Node Type": "Hash", "Parent Relationship": "Inner", "Startup Cost": 66944.0, "Total Cost": 66944.0, "Plan Rows": 89888, "Plan Width": 8, "Actual Startup Time": 1038.64, "Actual Total Time": 1038.64, "Actual Rows": 108551, "Actual Loops": 1, "Hash Buckets": 131072, "Hash Batches": 1, "Original Hash Batches": 1, "Peak Memory Usage": 4241, "Plans": [{"Node Type": "Seq Scan", "Parent Relationship": "Outer", "Relation Name": "part", "Alias": "part", "Startup Cost": 0.0, "Total Cost": 66944.0, "Plan Rows": 89888, "Plan Width": 8, "Actual Startup Time": 0.042, "Actual Total Time": 1000.506, "Actual Rows": 108551, "Actual Loops": 1, "Filter": "((p_name)::text ~~ '%dim%'::text)", "Rows Removed by Filter": 1891449}]}]}, {"Node Type": "Hash", "Parent Relationship": "Inner", "Startup Cost": 3283.0, "Total Cost": 3283.0, "Plan Rows": 100000, "Plan Width": 12, "Actual Startup Time": 64.394, "Actual Total Time": 64.394, "Actual Rows": 100000, "Actual Loops": 1, "Hash Buckets": 131072, "Hash Batches": 1, "Original Hash Batches": 1, "Peak Memory Usage": 4297, "Plans": [{"Node Type": "Seq Scan", "Parent Relationship": "Outer", "Relation Name": "supplier", "Alias": "supplier", "Startup Cost": 0.0, "Total Cost": 3283.0, "Plan Rows": 100000, "Plan Width": 12, "Actual Startup Time": 0.03, "Actual Total Time": 36.628, "Actual Rows": 100000, "Actual Loops": 1}]}]}, {"Node Type": "Index Scan", "Parent Relationship": "Inner", "Scan Direction": "Forward", "Index Name": "idx_lineitem_part_supp", "Relation Name": "lineitem", "Alias": "lineitem", "Startup Cost": 0.0, "Total Cost": 1.13, "Plan Rows": 1, "Plan Width": 48, "Actual Startup Time": 3128.663, "Actual Total Time": 10882.76, "Actual Rows": 3256948, "Actual Loops": 434204, "Index Cond": "((l_partkey = partsupp.ps_partkey) AND (l_suppkey = partsupp.ps_suppkey))", "Rows Removed by Index Recheck": 0}]}, {"Node Type": "Index Scan", "Parent Relationship": "Inner", "Scan Direction": "Forward", "Index Name": "orders_pkey", "Relation Name": "orders", "Alias": "orders", "Startup Cost": 0.0, "Total Cost": 0.29, "Plan Rows": 1, "Plan Width": 16, "Actual Startup Time": 24997.016, "Actual Total Time": 24997.016, "Actual Rows": 3256948, "Actual Loops": 3256948, "Index Cond": "(o_orderkey = lineitem.l_orderkey)", "Rows Removed by Index Recheck": 0}]}, {"Node Type": "Index Scan", "Parent Relationship": "Inner", "Scan Direction": "Forward", "Index Name": "nation_pkey", "Relation Name": "nation", "Alias": "nation", "Startup Cost": 0.0, "Total Cost": 0.27, "Plan Rows": 1, "Plan Width": 30, "Actual Startup Time": 4454.455, "Actual Total Time": 4454.455, "Actual Rows": 3256948, "Actual Loops": 3256948, "Index Cond": "(n_nationkey = supplier.s_nationkey)", "Rows Removed by Index Recheck": 0}]}]}]}, "Triggers": [], "Planner Runtime": 35.792, "Total Runtime": 58943.737, "Unique SQL Id": 3628361425}}, "(64, 101)": {"explain_plan": {"Plan": {"Node Type": "Sort", "Startup Cost": 701189.51, "Total Cost": 701189.52, "Plan Rows": 1, "Plan Width": 74, "Sort Key": ["nation.n_name", "(date_part('year'::text, orders.o_orderdate)) DESC"], "Plans": [{"Node Type": "Aggregate", "Strategy": "Hashed", "Parent Relationship": "Outer", "Startup Cost": 701189.49, "Total Cost": 701189.5, "Plan Rows": 1, "Plan Width": 74, "Group By Key": ["nation.n_name", "date_part('year'::text, orders.o_orderdate)"], "Plans": [{"Node Type": "Nested Loop", "Parent Relationship": "Outer", "Join Type": "Inner", "Startup Cost": 6584.54, "Total Cost": 701189.47, "Plan Rows": 1, "Plan Width": 66, "Inner Unique": true, "Plans": [{"Node Type": "Nested Loop", "Parent Relationship": "Outer", "Join Type": "Inner", "Startup Cost": 6584.54, "Total Cost": 701189.19, "Plan Rows": 1, "Plan Width": 44, "Inner Unique": true, "Plans": [{"Node Type": "Nested Loop", "Parent Relationship": "Outer", "Join Type": "Inner", "Startup Cost": 6584.54, "Total Cost": 701188.89, "Plan Rows": 1, "Plan Width": 44, "Inner Unique": false, "Join Filter": "(supplier.s_suppkey = lineitem.l_suppkey)", "Plans": [{"Node Type": "Hash Join", "Parent Relationship": "Outer", "Join Type": "Inner", "Startup Cost": 6584.54, "Total Cost": 557439.88, "Plan Rows": 125630, "Plan Width": 44, "Inner Unique": true, "Hash Cond": "(partsupp.ps_suppkey = supplier.s_suppkey), (LLVM Optimized)", "Plans": [{"Node Type": "Nested Loop", "Parent Relationship": "Outer", "Join Type": "Inner", "Startup Cost": 0.0, "Total Cost": 548625.29, "Plan Rows": 259666, "Plan Width": 32, "Inner Unique": false, "Plans": [{"Node Type": "Index Scan", "Parent Relationship": "Outer", "Scan Direction": "Forward", "Index Name": "part_kpey", "Relation Name": "part", "Alias": "part", "Startup Cost": 0.0, "Total Cost": 105803.25, "Plan Rows": 89888, "Plan Width": 8, "Filter": "((p_name)::text ~~ '%dim%'::text)"}, {"Node Type": "Index Scan", "Parent Relationship": "Inner", "Scan Direction": "Forward", "Index Name": "idx_partsupp_partkey", "Relation Name": "partsupp", "Alias": "partsupp", "Startup Cost": 0.0, "Total Cost": 4.9, "Plan Rows": 3, "Plan Width": 24, "Index Cond": "(ps_partkey = part.p_partkey)"}]}, {"Node Type": "Hash", "Parent Relationship": "Inner", "Startup Cost": 5334.54, "Total Cost": 5334.54, "Plan Rows": 100000, "Plan Width": 12, "Plans": [{"Node Type": "Index Scan", "Parent Relationship": "Outer", "Scan Direction": "Forward", "Index Name": "supplier_pkey", "Relation Name": "supplier", "Alias": "supplier", "Startup Cost": 0.0, "Total Cost": 5334.54, "Plan Rows": 100000, "Plan Width": 12}]}]}, {"Node Type": "Index Scan", "Parent Relationship": "Inner", "Scan Direction": "Forward", "Index Name": "idx_lineitem_part_supp", "Relation Name": "lineitem", "Alias": "lineitem", "Startup Cost": 0.0, "Total Cost": 1.13, "Plan Rows": 1, "Plan Width": 48, "Index Cond": "((l_partkey = partsupp.ps_partkey) AND (l_suppkey = partsupp.ps_suppkey))"}]}, {"Node Type": "Index Scan", "Parent Relationship": "Inner", "Scan Direction": "Forward", "Index Name": "orders_pkey", "Relation Name": "orders", "Alias": "orders", "Startup Cost": 0.0, "Total Cost": 0.29, "Plan Rows": 1, "Plan Width": 16, "Index Cond": "(o_orderkey = lineitem.l_orderkey)"}]}, {"Node Type": "Index Scan", "Parent Relationship": "Inner", "Scan Direction": "Forward", "Index Name": "nation_pkey", "Relation Name": "nation", "Alias": "nation", "Startup Cost": 0.0, "Total Cost": 0.27, "Plan Rows": 1, "Plan Width": 30, "Index Cond": "(n_nationkey = supplier.s_nationkey)"}]}]}]}, "Unique SQL Id": 3628361425}, "explain_analyze_plan": {"Plan": {"Node Type": "Sort", "Startup Cost": 701189.51, "Total Cost": 701189.52, "Plan Rows": 1, "Plan Width": 74, "Actual Startup Time": 57219.783, "Actual Total Time": 57219.796, "Actual Rows": 175, "Actual Loops": 1, "Sort Key": ["nation.n_name", "(date_part('year'::text, orders.o_orderdate)) DESC"], "Sort Method": "quicksort", "Sort Space Used": 52, "Sort Space Type": "Memory", "Plans": [{"Node Type": "Aggregate", "Strategy": "Hashed", "Parent Relationship": "Outer", "Startup Cost": 701189.49, "Total Cost": 701189.5, "Plan Rows": 1, "Plan Width": 74, "Actual Startup Time": 57219.414, "Actual Total Time": 57219.454, "Actual Rows": 175, "Actual Loops": 1, "Group By Key": ["nation.n_name", "date_part('year'::text, orders.o_orderdate)"], "Plans": [{"Node Type": "Nested Loop", "Parent Relationship": "Outer", "Join Type": "Inner", "Startup Cost": 6584.54, "Total Cost": 701189.47, "Plan Rows": 1, "Plan Width": 66, "Actual Startup Time": 106.96, "Actual Total Time": 53460.735, "Actual Rows": 3256948, "Actual Loops": 1, "Inner Unique": true, "Plans": [{"Node Type": "Nested Loop", "Parent Relationship": "Outer", "Join Type": "Inner", "Startup Cost": 6584.54, "Total Cost": 701189.19, "Plan Rows": 1, "Plan Width": 44, "Actual Startup Time": 106.934, "Actual Total Time": 44656.25, "Actual Rows": 3256948, "Actual Loops": 1, "Inner Unique": true, "Plans": [{"Node Type": "Nested Loop", "Parent Relationship": "Outer", "Join Type": "Inner", "Startup Cost": 6584.54, "Total Cost": 701188.89, "Plan Rows": 1, "Plan Width": 44, "Actual Startup Time": 106.911, "Actual Total Time": 16146.218, "Actual Rows": 3256948, "Actual Loops": 1, "Inner Unique": false, "Join Filter": "(supplier.s_suppkey = lineitem.l_suppkey)", "Rows Removed by Join Filter": 0, "Plans": [{"Node Type": "Hash Join", "Parent Relationship": "Outer", "Join Type": "Inner", "Startup Cost": 6584.54, "Total Cost": 557439.88, "Plan Rows": 125630, "Plan Width": 44, "Actual Startup Time": 106.873, "Actual Total Time": 3440.596, "Actual Rows": 434204, "Actual Loops": 1, "Inner Unique": true, "Hash Cond": "(partsupp.ps_suppkey = supplier.s_suppkey), (LLVM Optimized, Jit Execute)", "Plans": [{"Node Type": "Nested Loop", "Parent Relationship": "Outer", "Join Type": "Inner", "Startup Cost": 0.0, "Total Cost": 548625.29, "Plan Rows": 259666, "Plan Width": 32, "Actual Startup Time": 0.076, "Actual Total Time": 2929.188, "Actual Rows": 434204, "Actual Loops": 1, "Inner Unique": false, "Plans": [{"Node Type": "Index Scan", "Parent Relationship": "Outer", "Scan Direction": "Forward", "Index Name": "part_kpey", "Relation Name": "part", "Alias": "part", "Startup Cost": 0.0, "Total Cost": 105803.25, "Plan Rows": 89888, "Plan Width": 8, "Actual Startup Time": 0.056, "Actual Total Time": 1746.962, "Actual Rows": 108551, "Actual Loops": 1, "Filter": "((p_name)::text ~~ '%dim%'::text)", "Rows Removed by Filter": 1891449}, {"Node Type": "Index Scan", "Parent Relationship": "Inner", "Scan Direction": "Forward", "Index Name": "idx_partsupp_partkey", "Relation Name": "partsupp", "Alias": "partsupp", "Startup Cost": 0.0, "Total Cost": 4.9, "Plan Rows": 3, "Plan Width": 24, "Actual Startup Time": 684.56, "Actual Total Time": 978.245, "Actual Rows": 434204, "Actual Loops": 108551, "Index Cond": "(ps_partkey = part.p_partkey)", "Rows Removed by Index Recheck": 0}]}, {"Node Type": "Hash", "Parent Relationship": "Inner", "Startup Cost": 5334.54, "Total Cost": 5334.54, "Plan Rows": 100000, "Plan Width": 12, "Actual Startup Time": 106.68, "Actual Total Time": 106.68, "Actual Rows": 100000, "Actual Loops": 1, "Hash Buckets": 131072, "Hash Batches": 1, "Original Hash Batches": 1, "Peak Memory Usage": 4297, "Plans": [{"Node Type": "Index Scan", "Parent Relationship": "Outer", "Scan Direction": "Forward", "Index Name": "supplier_pkey", "Relation Name": "supplier", "Alias": "supplier", "Startup Cost": 0.0, "Total Cost": 5334.54, "Plan Rows": 100000, "Plan Width": 12, "Actual Startup Time": 0.02, "Actual Total Time": 78.377, "Actual Rows": 100000, "Actual Loops": 1}]}]}, {"Node Type": "Index Scan", "Parent Relationship": "Inner", "Scan Direction": "Forward", "Index Name": "idx_lineitem_part_supp", "Relation Name": "lineitem", "Alias": "lineitem", "Startup Cost": 0.0, "Total Cost": 1.13, "Plan Rows": 1, "Plan Width": 48, "Actual Startup Time": 3174.504, "Actual Total Time": 11019.482, "Actual Rows": 3256948, "Actual Loops": 434204, "Index Cond": "((l_partkey = partsupp.ps_partkey) AND (l_suppkey = partsupp.ps_suppkey))", "Rows Removed by Index Recheck": 0}]}, {"Node Type": "Index Scan", "Parent Relationship": "Inner", "Scan Direction": "Forward", "Index Name": "orders_pkey", "Relation Name": "orders", "Alias": "orders", "Startup Cost": 0.0, "Total Cost": 0.29, "Plan Rows": 1, "Plan Width": 16, "Actual Startup Time": 25705.885, "Actual Total Time": 25705.885, "Actual Rows": 3256948, "Actual Loops": 3256948, "Index Cond": "(o_orderkey = lineitem.l_orderkey)", "Rows Removed by Index Recheck": 0}]}, {"Node Type": "Index Scan", "Parent Relationship": "Inner", "Scan Direction": "Forward", "Index Name": "nation_pkey", "Relation Name": "nation", "Alias": "nation", "Startup Cost": 0.0, "Total Cost": 0.27, "Plan Rows": 1, "Plan Width": 30, "Actual Startup Time": 4680.015, "Actual Total Time": 4680.015, "Actual Rows": 3256948, "Actual Loops": 3256948, "Index Cond": "(n_nationkey = supplier.s_nationkey)", "Rows Removed by Index Recheck": 0}]}]}]}, "Triggers": [], "Planner Runtime": 33.676, "Total Runtime": 57229.802, "Unique SQL Id": 3628361425}}, "(64, 102)": {"explain_plan": {"Plan": {"Node Type": "Sort", "Startup Cost": 934830.96, "Total Cost": 934830.97, "Plan Rows": 1, "Plan Width": 74, "Sort Key": ["nation.n_name", "(date_part('year'::text, orders.o_orderdate)) DESC"], "Plans": [{"Node Type": "Aggregate", "Strategy": "Hashed", "Parent Relationship": "Outer", "Startup Cost": 934830.94, "Total Cost": 934830.95, "Plan Rows": 1, "Plan Width": 74, "Group By Key": ["nation.n_name", "date_part('year'::text, orders.o_orderdate)"], "Plans": [{"Node Type": "Nested Loop", "Parent Relationship": "Outer", "Join Type": "Inner", "Startup Cost": 72601.53, "Total Cost": 934830.92, "Plan Rows": 1, "Plan Width": 66, "Inner Unique": true, "Plans": [{"Node Type": "Nested Loop", "Parent Relationship": "Outer", "Join Type": "Inner", "Startup Cost": 72601.27, "Total Cost": 934826.64, "Plan Rows": 1, "Plan Width": 44, "Inner Unique": true, "Plans": [{"Node Type": "Nested Loop", "Parent Relationship": "Outer", "Join Type": "Inner", "Startup Cost": 72601.01, "Total Cost": 934822.36, "Plan Rows": 1, "Plan Width": 44, "Inner Unique": false, "Join Filter": "(supplier.s_suppkey = lineitem.l_suppkey)", "Plans": [{"Node Type": "Hash Join", "Parent Relationship": "Outer", "Join Type": "Inner", "Startup Cost": 72600.6, "Total Cost": 377416.42, "Plan Rows": 125630, "Plan Width": 44, "Inner Unique": true, "Hash Cond": "(partsupp.ps_suppkey = supplier.s_suppkey), (LLVM Optimized)", "Plans": [{"Node Type": "Hash Join", "Parent Relationship": "Outer", "Join Type": "Inner", "Startup Cost": 68067.6, "Total Cost": 370653.38, "Plan Rows": 259666, "Plan Width": 32, "Inner Unique": true, "Hash Cond": "(partsupp.ps_partkey = part.p_partkey), (LLVM Optimized)", "Plans": [{"Node Type": "Seq Scan", "Parent Relationship": "Outer", "Relation Name": "partsupp", "Alias": "partsupp", "Startup Cost": 0.0, "Total Cost": 269987.72, "Plan Rows": 8000372, "Plan Width": 24}, {"Node Type": "Hash", "Parent Relationship": "Inner", "Startup Cost": 66944.0, "Total Cost": 66944.0, "Plan Rows": 89888, "Plan Width": 8, "Plans": [{"Node Type": "Seq Scan", "Parent Relationship": "Outer", "Relation Name": "part", "Alias": "part", "Startup Cost": 0.0, "Total Cost": 66944.0, "Plan Rows": 89888, "Plan Width": 8, "Filter": "((p_name)::text ~~ '%dim%'::text)"}]}]}, {"Node Type": "Hash", "Parent Relationship": "Inner", "Startup Cost": 3283.0, "Total Cost": 3283.0, "Plan Rows": 100000, "Plan Width": 12, "Plans": [{"Node Type": "Seq Scan", "Parent Relationship": "Outer", "Relation Name": "supplier", "Alias": "supplier", "Startup Cost": 0.0, "Total Cost": 3283.0, "Plan Rows": 100000, "Plan Width": 12}]}]}, {"Node Type": "Bitmap Heap Scan", "Parent Relationship": "Inner", "Relation Name": "lineitem", "Alias": "lineitem", "Startup Cost": 0.41, "Total Cost": 4.42, "Plan Rows": 1, "Plan Width": 48, "Recheck Cond": "((l_partkey = partsupp.ps_partkey) AND (l_suppkey = partsupp.ps_suppkey))", "Plans": [{"Node Type": "Bitmap Index Scan", "Parent Relationship": "Outer", "Index Name": "idx_lineitem_part_supp", "Startup Cost": 0.0, "Total Cost": 0.41, "Plan Rows": 1, "Plan Width": 0, "Index Cond": "((l_partkey = partsupp.ps_partkey) AND (l_suppkey = partsupp.ps_suppkey))"}]}]}, {"Node Type": "Bitmap Heap Scan", "Parent Relationship": "Inner", "Relation Name": "orders", "Alias": "orders", "Startup Cost": 0.26, "Total Cost": 4.27, "Plan Rows": 1, "Plan Width": 16, "Recheck Cond": "(o_orderkey = lineitem.l_orderkey)", "Plans": [{"Node Type": "Bitmap Index Scan", "Parent Relationship": "Outer", "Index Name": "orders_pkey", "Startup Cost": 0.0, "Total Cost": 0.26, "Plan Rows": 1, "Plan Width": 0, "Index Cond": "(o_orderkey = lineitem.l_orderkey)"}]}]}, {"Node Type": "Bitmap Heap Scan", "Parent Relationship": "Inner", "Relation Name": "nation", "Alias": "nation", "Startup Cost": 0.26, "Total Cost": 4.27, "Plan Rows": 1, "Plan Width": 30, "Recheck Cond": "(n_nationkey = supplier.s_nationkey)", "Plans": [{"Node Type": "Bitmap Index Scan", "Parent Relationship": "Outer", "Index Name": "nation_pkey", "Startup Cost": 0.0, "Total Cost": 0.26, "Plan Rows": 1, "Plan Width": 0, "Index Cond": "(n_nationkey = supplier.s_nationkey)"}]}]}]}]}, "Unique SQL Id": 3628361425}, "explain_analyze_plan": {"Plan": {"Node Type": "Sort", "Startup Cost": 934830.96, "Total Cost": 934830.97, "Plan Rows": 1, "Plan Width": 74, "Actual Startup Time": 72924.863, "Actual Total Time": 72924.877, "Actual Rows": 175, "Actual Loops": 1, "Sort Key": ["nation.n_name", "(date_part('year'::text, orders.o_orderdate)) DESC"], "Sort Method": "quicksort", "Sort Space Used": 52, "Sort Space Type": "Memory", "Plans": [{"Node Type": "Aggregate", "Strategy": "Hashed", "Parent Relationship": "Outer", "Startup Cost": 934830.94, "Total Cost": 934830.95, "Plan Rows": 1, "Plan Width": 74, "Actual Startup Time": 72924.454, "Actual Total Time": 72924.504, "Actual Rows": 175, "Actual Loops": 1, "Group By Key": ["nation.n_name", "date_part('year'::text, orders.o_orderdate)"], "Plans": [{"Node Type": "Nested Loop", "Parent Relationship": "Outer", "Join Type": "Inner", "Startup Cost": 72601.53, "Total Cost": 934830.92, "Plan Rows": 1, "Plan Width": 66, "Actual Startup Time": 1096.822, "Actual Total Time": 68764.168, "Actual Rows": 3256948, "Actual Loops": 1, "Inner Unique": true, "Plans": [{"Node Type": "Nested Loop", "Parent Relationship": "Outer", "Join Type": "Inner", "Startup Cost": 72601.27, "Total Cost": 934826.64, "Plan Rows": 1, "Plan Width": 44, "Actual Startup Time": 1096.774, "Actual Total Time": 54785.955, "Actual Rows": 3256948, "Actual Loops": 1, "Inner Unique": true, "Plans": [{"Node Type": "Nested Loop", "Parent Relationship": "Outer", "Join Type": "Inner", "Startup Cost": 72601.01, "Total Cost": 934822.36, "Plan Rows": 1, "Plan Width": 44, "Actual Startup Time": 1096.745, "Actual Total Time": 21766.673, "Actual Rows": 3256948, "Actual Loops": 1, "Inner Unique": false, "Join Filter": "(supplier.s_suppkey = lineitem.l_suppkey)", "Rows Removed by Join Filter": 0, "Plans": [{"Node Type": "Hash Join", "Parent Relationship": "Outer", "Join Type": "Inner", "Startup Cost": 72600.6, "Total Cost": 377416.42, "Plan Rows": 125630, "Plan Width": 44, "Actual Startup Time": 1096.578, "Actual Total Time": 6276.53, "Actual Rows": 434204, "Actual Loops": 1, "Inner Unique": true, "Hash Cond": "(partsupp.ps_suppkey = supplier.s_suppkey), (LLVM Optimized, Jit Execute)", "Plans": [{"Node Type": "Hash Join", "Parent Relationship": "Outer", "Join Type": "Inner", "Startup Cost": 68067.6, "Total Cost": 370653.38, "Plan Rows": 259666, "Plan Width": 32, "Actual Startup Time": 1032.804, "Actual Total Time": 5785.636, "Actual Rows": 434204, "Actual Loops": 1, "Inner Unique": true, "Hash Cond": "(partsupp.ps_partkey = part.p_partkey), (LLVM Optimized, Jit Execute)", "Plans": [{"Node Type": "Seq Scan", "Parent Relationship": "Outer", "Relation Name": "partsupp", "Alias": "partsupp", "Startup Cost": 0.0, "Total Cost": 269987.72, "Plan Rows": 8000372, "Plan Width": 24, "Actual Startup Time": 0.015, "Actual Total Time": 2566.486, "Actual Rows": 8000000, "Actual Loops": 1}, {"Node Type": "Hash", "Parent Relationship": "Inner", "Startup Cost": 66944.0, "Total Cost": 66944.0, "Plan Rows": 89888, "Plan Width": 8, "Actual Startup Time": 1032.639, "Actual Total Time": 1032.639, "Actual Rows": 108551, "Actual Loops": 1, "Hash Buckets": 131072, "Hash Batches": 1, "Original Hash Batches": 1, "Peak Memory Usage": 4241, "Plans": [{"Node Type": "Seq Scan", "Parent Relationship": "Outer", "Relation Name": "part", "Alias": "part", "Startup Cost": 0.0, "Total Cost": 66944.0, "Plan Rows": 89888, "Plan Width": 8, "Actual Startup Time": 0.051, "Actual Total Time": 990.119, "Actual Rows": 108551, "Actual Loops": 1, "Filter": "((p_name)::text ~~ '%dim%'::text)", "Rows Removed by Filter": 1891449}]}]}, {"Node Type": "Hash", "Parent Relationship": "Inner", "Startup Cost": 3283.0, "Total Cost": 3283.0, "Plan Rows": 100000, "Plan Width": 12, "Actual Startup Time": 63.665, "Actual Total Time": 63.665, "Actual Rows": 100000, "Actual Loops": 1, "Hash Buckets": 131072, "Hash Batches": 1, "Original Hash Batches": 1, "Peak Memory Usage": 4297, "Plans": [{"Node Type": "Seq Scan", "Parent Relationship": "Outer", "Relation Name": "supplier", "Alias": "supplier", "Startup Cost": 0.0, "Total Cost": 3283.0, "Plan Rows": 100000, "Plan Width": 12, "Actual Startup Time": 0.025, "Actual Total Time": 35.547, "Actual Rows": 100000, "Actual Loops": 1}]}]}, {"Node Type": "Bitmap Heap Scan", "Parent Relationship": "Inner", "Relation Name": "lineitem", "Alias": "lineitem", "Startup Cost": 0.41, "Total Cost": 4.42, "Plan Rows": 1, "Plan Width": 48, "Actual Startup Time": 4980.329, "Actual Total Time": 13326.642, "Actual Rows": 3256948, "Actual Loops": 434204, "Recheck Cond": "((l_partkey = partsupp.ps_partkey) AND (l_suppkey = partsupp.ps_suppkey))", "Rows Removed by Index Recheck": 0, "Exact Heap Blocks": 3256937, "Lossy Heap Blocks": 3256937, "Plans": [{"Node Type": "Bitmap Index Scan", "Parent Relationship": "Outer", "Index Name": "idx_lineitem_part_supp", "Startup Cost": 0.0, "Total Cost": 0.41, "Plan Rows": 1, "Plan Width": 0, "Actual Startup Time": 2828.636, "Actual Total Time": 2828.636, "Actual Rows": 3256948, "Actual Loops": 434204, "Index Cond": "((l_partkey = partsupp.ps_partkey) AND (l_suppkey = partsupp.ps_suppkey))"}]}]}, {"Node Type": "Bitmap Heap Scan", "Parent Relationship": "Inner", "Relation Name": "orders", "Alias": "orders", "Startup Cost": 0.26, "Total Cost": 4.27, "Plan Rows": 1, "Plan Width": 16, "Actual Startup Time": 28391.128, "Actual Total Time": 28391.128, "Actual Rows": 3256948, "Actual Loops": 3256948, "Recheck Cond": "(o_orderkey = lineitem.l_orderkey)", "Rows Removed by Index Recheck": 0, "Exact Heap Blocks": 3256948, "Lossy Heap Blocks": 3256948, "Plans": [{"Node Type": "Bitmap Index Scan", "Parent Relationship": "Outer", "Index Name": "orders_pkey", "Startup Cost": 0.0, "Total Cost": 0.26, "Plan Rows": 1, "Plan Width": 0, "Actual Startup Time": 18422.203, "Actual Total Time": 18422.203, "Actual Rows": 3256948, "Actual Loops": 3256948, "Index Cond": "(o_orderkey = lineitem.l_orderkey)"}]}]}, {"Node Type": "Bitmap Heap Scan", "Parent Relationship": "Inner", "Relation Name": "nation", "Alias": "nation", "Startup Cost": 0.26, "Total Cost": 4.27, "Plan Rows": 1, "Plan Width": 30, "Actual Startup Time": 7785.305, "Actual Total Time": 7785.305, "Actual Rows": 3256948, "Actual Loops": 3256948, "Recheck Cond": "(n_nationkey = supplier.s_nationkey)", "Rows Removed by Index Recheck": 0, "Exact Heap Blocks": 3256948, "Lossy Heap Blocks": 3256948, "Plans": [{"Node Type": "Bitmap Index Scan", "Parent Relationship": "Outer", "Index Name": "nation_pkey", "Startup Cost": 0.0, "Total Cost": 0.26, "Plan Rows": 1, "Plan Width": 0, "Actual Startup Time": 3371.504, "Actual Total Time": 3371.504, "Actual Rows": 3256948, "Actual Loops": 3256948, "Index Cond": "(n_nationkey = supplier.s_nationkey)"}]}]}]}]}, "Triggers": [], "Planner Runtime": 41.111, "Total Runtime": 72934.195, "Unique SQL Id": 3628361425}}, "(64, 103)": {"explain_plan": {"Plan": {"Node Type": "Sort", "Startup Cost": 1000008167021.57, "Total Cost": 1000008167021.58, "Plan Rows": 1, "Plan Width": 74, "Sort Key": ["nation.n_name", "(date_part('year'::text, orders.o_orderdate)) DESC"], "Plans": [{"Node Type": "Aggregate", "Strategy": "Hashed", "Parent Relationship": "Outer", "Startup Cost": 1000008167021.55, "Total Cost": 1000008167021.56, "Plan Rows": 1, "Plan Width": 74, "Group By Key": ["nation.n_name", "date_part('year'::text, orders.o_orderdate)"], "Plans": [{"Node Type": "Nested Loop", "Parent Relationship": "Outer", "Join Type": "Inner", "Startup Cost": 10000000002.75, "Total Cost": 1000008167021.53, "Plan Rows": 1, "Plan Width": 66, "Inner Unique": true, "Plans": [{"Node Type": "Nested Loop", "Parent Relationship": "Outer", "Join Type": "Inner", "Startup Cost": 10000000002.5, "Total Cost": 1000008167017.25, "Plan Rows": 1, "Plan Width": 44, "Inner Unique": true, "Plans": [{"Node Type": "Nested Loop", "Parent Relationship": "Outer", "Join Type": "Inner", "Startup Cost": 10000000002.24, "Total Cost": 1000008167012.96, "Plan Rows": 1, "Plan Width": 44, "Inner Unique": true, "Join Filter": "(partsupp.ps_partkey = part.p_partkey)", "Plans": [{"Node Type": "Nested Loop", "Parent Relationship": "Outer", "Join Type": "Inner", "Startup Cost": 10000000001.98, "Total Cost": 1000008166987.25, "Plan Rows": 6, "Plan Width": 60, "Inner Unique": false, "Join Filter": "(supplier.s_suppkey = lineitem.l_suppkey)", "Plans": [{"Node Type": "Nested Loop", "Parent Relationship": "Outer", "Join Type": "Inner", "Startup Cost": 10000000001.57, "Total Cost": 1000002201599.04, "Plan Rows": 1344499, "Plan Width": 36, "Inner Unique": false, "Plans": [{"Node Type": "Index Scan", "Parent Relationship": "Outer", "Scan Direction": "Forward", "Index Name": "idx_supplier_nation_key", "Relation Name": "supplier", "Alias": "supplier", "Startup Cost": 10000000000.0, "Total Cost": 1000001217556.78, "Plan Rows": 100000, "Plan Width": 12}, {"Node Type": "Bitmap Heap Scan", "Parent Relationship": "Inner", "Relation Name": "partsupp", "Alias": "partsupp", "Startup Cost": 1.57, "Total Cost": 9.71, "Plan Rows": 13, "Plan Width": 24, "Recheck Cond": "(ps_suppkey = supplier.s_suppkey)", "Plans": [{"Node Type": "Bitmap Index Scan", "Parent Relationship": "Outer", "Index Name": "idx_partsupp_suppkey", "Startup Cost": 0.0, "Total Cost": 1.56, "Plan Rows": 13, "Plan Width": 0, "Index Cond": "(ps_suppkey = supplier.s_suppkey)"}]}]}, {"Node Type": "Bitmap Heap Scan", "Parent Relationship": "Inner", "Relation Name": "lineitem", "Alias": "lineitem", "Startup Cost": 0.41, "Total Cost": 4.42, "Plan Rows": 1, "Plan Width": 48, "Recheck Cond": "((l_partkey = partsupp.ps_partkey) AND (l_suppkey = partsupp.ps_suppkey))", "Plans": [{"Node Type": "Bitmap Index Scan", "Parent Relationship": "Outer", "Index Name": "idx_lineitem_part_supp", "Startup Cost": 0.0, "Total Cost": 0.41, "Plan Rows": 1, "Plan Width": 0, "Index Cond": "((l_partkey = partsupp.ps_partkey) AND (l_suppkey = partsupp.ps_suppkey))"}]}]}, {"Node Type": "Bitmap Heap Scan", "Parent Relationship": "Inner", "Relation Name": "part", "Alias": "part", "Startup Cost": 0.26, "Total Cost": 4.27, "Plan Rows": 1, "Plan Width": 8, "Recheck Cond": "(p_partkey = lineitem.l_partkey)", "Filter": "((p_name)::text ~~ '%dim%'::text)", "Plans": [{"Node Type": "Bitmap Index Scan", "Parent Relationship": "Outer", "Index Name": "part_kpey", "Startup Cost": 0.0, "Total Cost": 0.26, "Plan Rows": 1, "Plan Width": 0, "Index Cond": "(p_partkey = lineitem.l_partkey)"}]}]}, {"Node Type": "Bitmap Heap Scan", "Parent Relationship": "Inner", "Relation Name": "orders", "Alias": "orders", "Startup Cost": 0.26, "Total Cost": 4.27, "Plan Rows": 1, "Plan Width": 16, "Recheck Cond": "(o_orderkey = lineitem.l_orderkey)", "Plans": [{"Node Type": "Bitmap Index Scan", "Parent Relationship": "Outer", "Index Name": "orders_pkey", "Startup Cost": 0.0, "Total Cost": 0.26, "Plan Rows": 1, "Plan Width": 0, "Index Cond": "(o_orderkey = lineitem.l_orderkey)"}]}]}, {"Node Type": "Bitmap Heap Scan", "Parent Relationship": "Inner", "Relation Name": "nation", "Alias": "nation", "Startup Cost": 0.26, "Total Cost": 4.27, "Plan Rows": 1, "Plan Width": 30, "Recheck Cond": "(n_nationkey = supplier.s_nationkey)", "Plans": [{"Node Type": "Bitmap Index Scan", "Parent Relationship": "Outer", "Index Name": "nation_pkey", "Startup Cost": 0.0, "Total Cost": 0.26, "Plan Rows": 1, "Plan Width": 0, "Index Cond": "(n_nationkey = supplier.s_nationkey)"}]}]}]}]}, "Unique SQL Id": 3628361425}, "explain_analyze_plan": null}, "(64, 104)": {"explain_plan": {"Plan": {"Node Type": "Sort", "Startup Cost": 521166.05, "Total Cost": 521166.06, "Plan Rows": 1, "Plan Width": 74, "Sort Key": ["nation.n_name", "(date_part('year'::text, orders.o_orderdate)) DESC"], "Plans": [{"Node Type": "Aggregate", "Strategy": "Hashed", "Parent Relationship": "Outer", "Startup Cost": 521166.03, "Total Cost": 521166.04, "Plan Rows": 1, "Plan Width": 74, "Group By Key": ["nation.n_name", "date_part('year'::text, orders.o_orderdate)"], "Plans": [{"Node Type": "Nested Loop", "Parent Relationship": "Outer", "Join Type": "Inner", "Startup Cost": 72600.6, "Total Cost": 521166.01, "Plan Rows": 1, "Plan Width": 66, "Inner Unique": true, "Plans": [{"Node Type": "Nested Loop", "Parent Relationship": "Outer", "Join Type": "Inner", "Startup Cost": 72600.6, "Total Cost": 521165.73, "Plan Rows": 1, "Plan Width": 44, "Inner Unique": true, "Plans": [{"Node Type": "Nested Loop", "Parent Relationship": "Outer", "Join Type": "Inner", "Startup Cost": 72600.6, "Total Cost": 521165.43, "Plan Rows": 1, "Plan Width": 44, "Inner Unique": false, "Join Filter": "(supplier.s_suppkey = lineitem.l_suppkey)", "Plans": [{"Node Type": "Hash Join", "Parent Relationship": "Outer", "Join Type": "Inner", "Startup Cost": 72600.6, "Total Cost": 377416.42, "Plan Rows": 125630, "Plan Width": 44, "Inner Unique": true, "Hash Cond": "(partsupp.ps_suppkey = supplier.s_suppkey), (LLVM Optimized)", "Plans": [{"Node Type": "Hash Join", "Parent Relationship": "Outer", "Join Type": "Inner", "Startup Cost": 68067.6, "Total Cost": 370653.38, "Plan Rows": 259666, "Plan Width": 32, "Inner Unique": true, "Hash Cond": "(partsupp.ps_partkey = part.p_partkey), (LLVM Optimized)", "Plans": [{"Node Type": "Seq Scan", "Parent Relationship": "Outer", "Relation Name": "partsupp", "Alias": "partsupp", "Startup Cost": 0.0, "Total Cost": 269987.72, "Plan Rows": 8000372, "Plan Width": 24}, {"Node Type": "Hash", "Parent Relationship": "Inner", "Startup Cost": 66944.0, "Total Cost": 66944.0, "Plan Rows": 89888, "Plan Width": 8, "Plans": [{"Node Type": "Seq Scan", "Parent Relationship": "Outer", "Relation Name": "part", "Alias": "part", "Startup Cost": 0.0, "Total Cost": 66944.0, "Plan Rows": 89888, "Plan Width": 8, "Filter": "((p_name)::text ~~ '%dim%'::text)"}]}]}, {"Node Type": "Hash", "Parent Relationship": "Inner", "Startup Cost": 3283.0, "Total Cost": 3283.0, "Plan Rows": 100000, "Plan Width": 12, "Plans": [{"Node Type": "Seq Scan", "Parent Relationship": "Outer", "Relation Name": "supplier", "Alias": "supplier", "Startup Cost": 0.0, "Total Cost": 3283.0, "Plan Rows": 100000, "Plan Width": 12}]}]}, {"Node Type": "Index Scan", "Parent Relationship": "Inner", "Scan Direction": "Forward", "Index Name": "idx_lineitem_part_supp", "Relation Name": "lineitem", "Alias": "lineitem", "Startup Cost": 0.0, "Total Cost": 1.13, "Plan Rows": 1, "Plan Width": 48, "Index Cond": "((l_partkey = partsupp.ps_partkey) AND (l_suppkey = partsupp.ps_suppkey))"}]}, {"Node Type": "Index Scan", "Parent Relationship": "Inner", "Scan Direction": "Forward", "Index Name": "orders_pkey", "Relation Name": "orders", "Alias": "orders", "Startup Cost": 0.0, "Total Cost": 0.29, "Plan Rows": 1, "Plan Width": 16, "Index Cond": "(o_orderkey = lineitem.l_orderkey)"}]}, {"Node Type": "Index Scan", "Parent Relationship": "Inner", "Scan Direction": "Forward", "Index Name": "nation_pkey", "Relation Name": "nation", "Alias": "nation", "Startup Cost": 0.0, "Total Cost": 0.27, "Plan Rows": 1, "Plan Width": 30, "Index Cond": "(n_nationkey = supplier.s_nationkey)"}]}]}]}, "Unique SQL Id": 3628361425}, "explain_analyze_plan": {"Plan": {"Node Type": "Sort", "Startup Cost": 521166.05, "Total Cost": 521166.06, "Plan Rows": 1, "Plan Width": 74, "Actual Startup Time": 58932.736, "Actual Total Time": 58932.749, "Actual Rows": 175, "Actual Loops": 1, "Sort Key": ["nation.n_name", "(date_part('year'::text, orders.o_orderdate)) DESC"], "Sort Method": "quicksort", "Sort Space Used": 52, "Sort Space Type": "Memory", "Plans": [{"Node Type": "Aggregate", "Strategy": "Hashed", "Parent Relationship": "Outer", "Startup Cost": 521166.03, "Total Cost": 521166.04, "Plan Rows": 1, "Plan Width": 74, "Actual Startup Time": 58932.337, "Actual Total Time": 58932.379, "Actual Rows": 175, "Actual Loops": 1, "Group By Key": ["nation.n_name", "date_part('year'::text, orders.o_orderdate)"], "Plans": [{"Node Type": "Nested Loop", "Parent Relationship": "Outer", "Join Type": "Inner", "Startup Cost": 72600.6, "Total Cost": 521166.01, "Plan Rows": 1, "Plan Width": 66, "Actual Startup Time": 1103.433, "Actual Total Time": 55092.664, "Actual Rows": 3256948, "Actual Loops": 1, "Inner Unique": true, "Plans": [{"Node Type": "Nested Loop", "Parent Relationship": "Outer", "Join Type": "Inner", "Startup Cost": 72600.6, "Total Cost": 521165.73, "Plan Rows": 1, "Plan Width": 44, "Actual Startup Time": 1103.363, "Actual Total Time": 46615.878, "Actual Rows": 3256948, "Actual Loops": 1, "Inner Unique": true, "Plans": [{"Node Type": "Nested Loop", "Parent Relationship": "Outer", "Join Type": "Inner", "Startup Cost": 72600.6, "Total Cost": 521165.43, "Plan Rows": 1, "Plan Width": 44, "Actual Startup Time": 1103.339, "Actual Total Time": 18831.717, "Actual Rows": 3256948, "Actual Loops": 1, "Inner Unique": false, "Join Filter": "(supplier.s_suppkey = lineitem.l_suppkey)", "Rows Removed by Join Filter": 0, "Plans": [{"Node Type": "Hash Join", "Parent Relationship": "Outer", "Join Type": "Inner", "Startup Cost": 72600.6, "Total Cost": 377416.42, "Plan Rows": 125630, "Plan Width": 44, "Actual Startup Time": 1103.287, "Actual Total Time": 6244.441, "Actual Rows": 434204, "Actual Loops": 1, "Inner Unique": true, "Hash Cond": "(partsupp.ps_suppkey = supplier.s_suppkey), (LLVM Optimized, Jit Execute)", "Plans": [{"Node Type": "Hash Join", "Parent Relationship": "Outer", "Join Type": "Inner", "Startup Cost": 68067.6, "Total Cost": 370653.38, "Plan Rows": 259666, "Plan Width": 32, "Actual Startup Time": 1038.788, "Actual Total Time": 5788.774, "Actual Rows": 434204, "Actual Loops": 1, "Inner Unique": true, "Hash Cond": "(partsupp.ps_partkey = part.p_partkey), (LLVM Optimized, Jit Execute)", "Plans": [{"Node Type": "Seq Scan", "Parent Relationship": "Outer", "Relation Name": "partsupp", "Alias": "partsupp", "Startup Cost": 0.0, "Total Cost": 269987.72, "Plan Rows": 8000372, "Plan Width": 24, "Actual Startup Time": 0.012, "Actual Total Time": 2567.433, "Actual Rows": 8000000, "Actual Loops": 1}, {"Node Type": "Hash", "Parent Relationship": "Inner", "Startup Cost": 66944.0, "Total Cost": 66944.0, "Plan Rows": 89888, "Plan Width": 8, "Actual Startup Time": 1038.64, "Actual Total Time": 1038.64, "Actual Rows": 108551, "Actual Loops": 1, "Hash Buckets": 131072, "Hash Batches": 1, "Original Hash Batches": 1, "Peak Memory Usage": 4241, "Plans": [{"Node Type": "Seq Scan", "Parent Relationship": "Outer", "Relation Name": "part", "Alias": "part", "Startup Cost": 0.0, "Total Cost": 66944.0, "Plan Rows": 89888, "Plan Width": 8, "Actual Startup Time": 0.042, "Actual Total Time": 1000.506, "Actual Rows": 108551, "Actual Loops": 1, "Filter": "((p_name)::text ~~ '%dim%'::text)", "Rows Removed by Filter": 1891449}]}]}, {"Node Type": "Hash", "Parent Relationship": "Inner", "Startup Cost": 3283.0, "Total Cost": 3283.0, "Plan Rows": 100000, "Plan Width": 12, "Actual Startup Time": 64.394, "Actual Total Time": 64.394, "Actual Rows": 100000, "Actual Loops": 1, "Hash Buckets": 131072, "Hash Batches": 1, "Original Hash Batches": 1, "Peak Memory Usage": 4297, "Plans": [{"Node Type": "Seq Scan", "Parent Relationship": "Outer", "Relation Name": "supplier", "Alias": "supplier", "Startup Cost": 0.0, "Total Cost": 3283.0, "Plan Rows": 100000, "Plan Width": 12, "Actual Startup Time": 0.03, "Actual Total Time": 36.628, "Actual Rows": 100000, "Actual Loops": 1}]}]}, {"Node Type": "Index Scan", "Parent Relationship": "Inner", "Scan Direction": "Forward", "Index Name": "idx_lineitem_part_supp", "Relation Name": "lineitem", "Alias": "lineitem", "Startup Cost": 0.0, "Total Cost": 1.13, "Plan Rows": 1, "Plan Width": 48, "Actual Startup Time": 3128.663, "Actual Total Time": 10882.76, "Actual Rows": 3256948, "Actual Loops": 434204, "Index Cond": "((l_partkey = partsupp.ps_partkey) AND (l_suppkey = partsupp.ps_suppkey))", "Rows Removed by Index Recheck": 0}]}, {"Node Type": "Index Scan", "Parent Relationship": "Inner", "Scan Direction": "Forward", "Index Name": "orders_pkey", "Relation Name": "orders", "Alias": "orders", "Startup Cost": 0.0, "Total Cost": 0.29, "Plan Rows": 1, "Plan Width": 16, "Actual Startup Time": 24997.016, "Actual Total Time": 24997.016, "Actual Rows": 3256948, "Actual Loops": 3256948, "Index Cond": "(o_orderkey = lineitem.l_orderkey)", "Rows Removed by Index Recheck": 0}]}, {"Node Type": "Index Scan", "Parent Relationship": "Inner", "Scan Direction": "Forward", "Index Name": "nation_pkey", "Relation Name": "nation", "Alias": "nation", "Startup Cost": 0.0, "Total Cost": 0.27, "Plan Rows": 1, "Plan Width": 30, "Actual Startup Time": 4454.455, "Actual Total Time": 4454.455, "Actual Rows": 3256948, "Actual Loops": 3256948, "Index Cond": "(n_nationkey = supplier.s_nationkey)", "Rows Removed by Index Recheck": 0}]}]}]}, "Triggers": [], "Planner Runtime": 35.792, "Total Runtime": 58943.737, "Unique SQL Id": 3628361425}}, "(64, 105)": {"explain_plan": {"Plan": {"Node Type": "Sort", "Startup Cost": 701189.51, "Total Cost": 701189.52, "Plan Rows": 1, "Plan Width": 74, "Sort Key": ["nation.n_name", "(date_part('year'::text, orders.o_orderdate)) DESC"], "Plans": [{"Node Type": "Aggregate", "Strategy": "Hashed", "Parent Relationship": "Outer", "Startup Cost": 701189.49, "Total Cost": 701189.5, "Plan Rows": 1, "Plan Width": 74, "Group By Key": ["nation.n_name", "date_part('year'::text, orders.o_orderdate)"], "Plans": [{"Node Type": "Nested Loop", "Parent Relationship": "Outer", "Join Type": "Inner", "Startup Cost": 6584.54, "Total Cost": 701189.47, "Plan Rows": 1, "Plan Width": 66, "Inner Unique": true, "Plans": [{"Node Type": "Nested Loop", "Parent Relationship": "Outer", "Join Type": "Inner", "Startup Cost": 6584.54, "Total Cost": 701189.19, "Plan Rows": 1, "Plan Width": 44, "Inner Unique": true, "Plans": [{"Node Type": "Nested Loop", "Parent Relationship": "Outer", "Join Type": "Inner", "Startup Cost": 6584.54, "Total Cost": 701188.89, "Plan Rows": 1, "Plan Width": 44, "Inner Unique": false, "Join Filter": "(supplier.s_suppkey = lineitem.l_suppkey)", "Plans": [{"Node Type": "Hash Join", "Parent Relationship": "Outer", "Join Type": "Inner", "Startup Cost": 6584.54, "Total Cost": 557439.88, "Plan Rows": 125630, "Plan Width": 44, "Inner Unique": true, "Hash Cond": "(partsupp.ps_suppkey = supplier.s_suppkey), (LLVM Optimized)", "Plans": [{"Node Type": "Nested Loop", "Parent Relationship": "Outer", "Join Type": "Inner", "Startup Cost": 0.0, "Total Cost": 548625.29, "Plan Rows": 259666, "Plan Width": 32, "Inner Unique": false, "Plans": [{"Node Type": "Index Scan", "Parent Relationship": "Outer", "Scan Direction": "Forward", "Index Name": "part_kpey", "Relation Name": "part", "Alias": "part", "Startup Cost": 0.0, "Total Cost": 105803.25, "Plan Rows": 89888, "Plan Width": 8, "Filter": "((p_name)::text ~~ '%dim%'::text)"}, {"Node Type": "Index Scan", "Parent Relationship": "Inner", "Scan Direction": "Forward", "Index Name": "idx_partsupp_partkey", "Relation Name": "partsupp", "Alias": "partsupp", "Startup Cost": 0.0, "Total Cost": 4.9, "Plan Rows": 3, "Plan Width": 24, "Index Cond": "(ps_partkey = part.p_partkey)"}]}, {"Node Type": "Hash", "Parent Relationship": "Inner", "Startup Cost": 5334.54, "Total Cost": 5334.54, "Plan Rows": 100000, "Plan Width": 12, "Plans": [{"Node Type": "Index Scan", "Parent Relationship": "Outer", "Scan Direction": "Forward", "Index Name": "supplier_pkey", "Relation Name": "supplier", "Alias": "supplier", "Startup Cost": 0.0, "Total Cost": 5334.54, "Plan Rows": 100000, "Plan Width": 12}]}]}, {"Node Type": "Index Scan", "Parent Relationship": "Inner", "Scan Direction": "Forward", "Index Name": "idx_lineitem_part_supp", "Relation Name": "lineitem", "Alias": "lineitem", "Startup Cost": 0.0, "Total Cost": 1.13, "Plan Rows": 1, "Plan Width": 48, "Index Cond": "((l_partkey = partsupp.ps_partkey) AND (l_suppkey = partsupp.ps_suppkey))"}]}, {"Node Type": "Index Scan", "Parent Relationship": "Inner", "Scan Direction": "Forward", "Index Name": "orders_pkey", "Relation Name": "orders", "Alias": "orders", "Startup Cost": 0.0, "Total Cost": 0.29, "Plan Rows": 1, "Plan Width": 16, "Index Cond": "(o_orderkey = lineitem.l_orderkey)"}]}, {"Node Type": "Index Scan", "Parent Relationship": "Inner", "Scan Direction": "Forward", "Index Name": "nation_pkey", "Relation Name": "nation", "Alias": "nation", "Startup Cost": 0.0, "Total Cost": 0.27, "Plan Rows": 1, "Plan Width": 30, "Index Cond": "(n_nationkey = supplier.s_nationkey)"}]}]}]}, "Unique SQL Id": 3628361425}, "explain_analyze_plan": {"Plan": {"Node Type": "Sort", "Startup Cost": 701189.51, "Total Cost": 701189.52, "Plan Rows": 1, "Plan Width": 74, "Actual Startup Time": 57219.783, "Actual Total Time": 57219.796, "Actual Rows": 175, "Actual Loops": 1, "Sort Key": ["nation.n_name", "(date_part('year'::text, orders.o_orderdate)) DESC"], "Sort Method": "quicksort", "Sort Space Used": 52, "Sort Space Type": "Memory", "Plans": [{"Node Type": "Aggregate", "Strategy": "Hashed", "Parent Relationship": "Outer", "Startup Cost": 701189.49, "Total Cost": 701189.5, "Plan Rows": 1, "Plan Width": 74, "Actual Startup Time": 57219.414, "Actual Total Time": 57219.454, "Actual Rows": 175, "Actual Loops": 1, "Group By Key": ["nation.n_name", "date_part('year'::text, orders.o_orderdate)"], "Plans": [{"Node Type": "Nested Loop", "Parent Relationship": "Outer", "Join Type": "Inner", "Startup Cost": 6584.54, "Total Cost": 701189.47, "Plan Rows": 1, "Plan Width": 66, "Actual Startup Time": 106.96, "Actual Total Time": 53460.735, "Actual Rows": 3256948, "Actual Loops": 1, "Inner Unique": true, "Plans": [{"Node Type": "Nested Loop", "Parent Relationship": "Outer", "Join Type": "Inner", "Startup Cost": 6584.54, "Total Cost": 701189.19, "Plan Rows": 1, "Plan Width": 44, "Actual Startup Time": 106.934, "Actual Total Time": 44656.25, "Actual Rows": 3256948, "Actual Loops": 1, "Inner Unique": true, "Plans": [{"Node Type": "Nested Loop", "Parent Relationship": "Outer", "Join Type": "Inner", "Startup Cost": 6584.54, "Total Cost": 701188.89, "Plan Rows": 1, "Plan Width": 44, "Actual Startup Time": 106.911, "Actual Total Time": 16146.218, "Actual Rows": 3256948, "Actual Loops": 1, "Inner Unique": false, "Join Filter": "(supplier.s_suppkey = lineitem.l_suppkey)", "Rows Removed by Join Filter": 0, "Plans": [{"Node Type": "Hash Join", "Parent Relationship": "Outer", "Join Type": "Inner", "Startup Cost": 6584.54, "Total Cost": 557439.88, "Plan Rows": 125630, "Plan Width": 44, "Actual Startup Time": 106.873, "Actual Total Time": 3440.596, "Actual Rows": 434204, "Actual Loops": 1, "Inner Unique": true, "Hash Cond": "(partsupp.ps_suppkey = supplier.s_suppkey), (LLVM Optimized, Jit Execute)", "Plans": [{"Node Type": "Nested Loop", "Parent Relationship": "Outer", "Join Type": "Inner", "Startup Cost": 0.0, "Total Cost": 548625.29, "Plan Rows": 259666, "Plan Width": 32, "Actual Startup Time": 0.076, "Actual Total Time": 2929.188, "Actual Rows": 434204, "Actual Loops": 1, "Inner Unique": false, "Plans": [{"Node Type": "Index Scan", "Parent Relationship": "Outer", "Scan Direction": "Forward", "Index Name": "part_kpey", "Relation Name": "part", "Alias": "part", "Startup Cost": 0.0, "Total Cost": 105803.25, "Plan Rows": 89888, "Plan Width": 8, "Actual Startup Time": 0.056, "Actual Total Time": 1746.962, "Actual Rows": 108551, "Actual Loops": 1, "Filter": "((p_name)::text ~~ '%dim%'::text)", "Rows Removed by Filter": 1891449}, {"Node Type": "Index Scan", "Parent Relationship": "Inner", "Scan Direction": "Forward", "Index Name": "idx_partsupp_partkey", "Relation Name": "partsupp", "Alias": "partsupp", "Startup Cost": 0.0, "Total Cost": 4.9, "Plan Rows": 3, "Plan Width": 24, "Actual Startup Time": 684.56, "Actual Total Time": 978.245, "Actual Rows": 434204, "Actual Loops": 108551, "Index Cond": "(ps_partkey = part.p_partkey)", "Rows Removed by Index Recheck": 0}]}, {"Node Type": "Hash", "Parent Relationship": "Inner", "Startup Cost": 5334.54, "Total Cost": 5334.54, "Plan Rows": 100000, "Plan Width": 12, "Actual Startup Time": 106.68, "Actual Total Time": 106.68, "Actual Rows": 100000, "Actual Loops": 1, "Hash Buckets": 131072, "Hash Batches": 1, "Original Hash Batches": 1, "Peak Memory Usage": 4297, "Plans": [{"Node Type": "Index Scan", "Parent Relationship": "Outer", "Scan Direction": "Forward", "Index Name": "supplier_pkey", "Relation Name": "supplier", "Alias": "supplier", "Startup Cost": 0.0, "Total Cost": 5334.54, "Plan Rows": 100000, "Plan Width": 12, "Actual Startup Time": 0.02, "Actual Total Time": 78.377, "Actual Rows": 100000, "Actual Loops": 1}]}]}, {"Node Type": "Index Scan", "Parent Relationship": "Inner", "Scan Direction": "Forward", "Index Name": "idx_lineitem_part_supp", "Relation Name": "lineitem", "Alias": "lineitem", "Startup Cost": 0.0, "Total Cost": 1.13, "Plan Rows": 1, "Plan Width": 48, "Actual Startup Time": 3174.504, "Actual Total Time": 11019.482, "Actual Rows": 3256948, "Actual Loops": 434204, "Index Cond": "((l_partkey = partsupp.ps_partkey) AND (l_suppkey = partsupp.ps_suppkey))", "Rows Removed by Index Recheck": 0}]}, {"Node Type": "Index Scan", "Parent Relationship": "Inner", "Scan Direction": "Forward", "Index Name": "orders_pkey", "Relation Name": "orders", "Alias": "orders", "Startup Cost": 0.0, "Total Cost": 0.29, "Plan Rows": 1, "Plan Width": 16, "Actual Startup Time": 25705.885, "Actual Total Time": 25705.885, "Actual Rows": 3256948, "Actual Loops": 3256948, "Index Cond": "(o_orderkey = lineitem.l_orderkey)", "Rows Removed by Index Recheck": 0}]}, {"Node Type": "Index Scan", "Parent Relationship": "Inner", "Scan Direction": "Forward", "Index Name": "nation_pkey", "Relation Name": "nation", "Alias": "nation", "Startup Cost": 0.0, "Total Cost": 0.27, "Plan Rows": 1, "Plan Width": 30, "Actual Startup Time": 4680.015, "Actual Total Time": 4680.015, "Actual Rows": 3256948, "Actual Loops": 3256948, "Index Cond": "(n_nationkey = supplier.s_nationkey)", "Rows Removed by Index Recheck": 0}]}]}]}, "Triggers": [], "Planner Runtime": 33.676, "Total Runtime": 57229.802, "Unique SQL Id": 3628361425}}, "(64, 106)": {"explain_plan": {"Plan": {"Node Type": "Sort", "Startup Cost": 3188400.3, "Total Cost": 3188400.31, "Plan Rows": 1, "Plan Width": 74, "Sort Key": ["nation.n_name", "(date_part('year'::text, orders.o_orderdate)) DESC"], "Plans": [{"Node Type": "Aggregate", "Strategy": "Hashed", "Parent Relationship": "Outer", "Startup Cost": 3188400.28, "Total Cost": 3188400.29, "Plan Rows": 1, "Plan Width": 74, "Group By Key": ["nation.n_name", "date_part('year'::text, orders.o_orderdate)"], "Plans": [{"Node Type": "Hash Join", "Parent Relationship": "Outer", "Join Type": "Inner", "Startup Cost": 2705738.4, "Total Cost": 3188400.26, "Plan Rows": 1, "Plan Width": 66, "Inner Unique": true, "Hash Cond": "(supplier.s_nationkey = nation.n_nationkey)", "Plans": [{"Node Type": "Hash Join", "Parent Relationship": "Outer", "Join Type": "Inner", "Startup Cost": 2705736.84, "Total Cost": 3188398.68, "Plan Rows": 1, "Plan Width": 44, "Inner Unique": false, "Hash Cond": "(orders.o_orderkey = lineitem.l_orderkey)", "Plans": [{"Node Type": "Seq Scan", "Parent Relationship": "Outer", "Relation Name": "orders", "Alias": "orders", "Startup Cost": 0.0, "Total Cost": 426413.79, "Plan Rows": 14999479, "Plan Width": 16}, {"Node Type": "Hash", "Parent Relationship": "Inner", "Startup Cost": 2705736.82, "Total Cost": 2705736.82, "Plan Rows": 1, "Plan Width": 44, "Plans": [{"Node Type": "Hash Join", "Parent Relationship": "Outer", "Join Type": "Inner", "Startup Cost": 406202.19, "Total Cost": 2705736.82, "Plan Rows": 1, "Plan Width": 44, "Inner Unique": false, "Hash Cond": "((lineitem.l_suppkey = partsupp.ps_suppkey) AND (lineitem.l_partkey = partsupp.ps_partkey))", "Plans": [{"Node Type": "Hash Join", "Parent Relationship": "Outer", "Join Type": "Inner", "Startup Cost": 68067.6, "Total Cost": 2313089.96, "Plan Rows": 495566, "Plan Width": 56, "Inner Unique": true, "Hash Cond": "(lineitem.l_partkey = part.p_partkey), (LLVM Optimized)", "Plans": [{"Node Type": "Seq Scan", "Parent Relationship": "Outer", "Relation Name": "lineitem", "Alias": "lineitem", "Startup Cost": 0.0, "Total Cost": 2015115.33, "Plan Rows": 59987033, "Plan Width": 48}, {"Node Type": "Hash", "Parent Relationship": "Inner", "Startup Cost": 66944.0, "Total Cost": 66944.0, "Plan Rows": 89888, "Plan Width": 8, "Plans": [{"Node Type": "Seq Scan", "Parent Relationship": "Outer", "Relation Name": "part", "Alias": "part", "Startup Cost": 0.0, "Total Cost": 66944.0, "Plan Rows": 89888, "Plan Width": 8, "Filter": "((p_name)::text ~~ '%dim%'::text)"}]}]}, {"Node Type": "Hash", "Parent Relationship": "Inner", "Startup Cost": 317967.1, "Total Cost": 317967.1, "Plan Rows": 1344499, "Plan Width": 36, "Plans": [{"Node Type": "Hash Join", "Parent Relationship": "Outer", "Join Type": "Inner", "Startup Cost": 4533.0, "Total Cost": 317967.1, "Plan Rows": 1344499, "Plan Width": 36, "Inner Unique": true, "Hash Cond": "(partsupp.ps_suppkey = supplier.s_suppkey), (LLVM Optimized)", "Plans": [{"Node Type": "Seq Scan", "Parent Relationship": "Outer", "Relation Name": "partsupp", "Alias": "partsupp", "Startup Cost": 0.0, "Total Cost": 269987.72, "Plan Rows": 8000372, "Plan Width": 24}, {"Node Type": "Hash", "Parent Relationship": "Inner", "Startup Cost": 3283.0, "Total Cost": 3283.0, "Plan Rows": 100000, "Plan Width": 12, "Plans": [{"Node Type": "Seq Scan", "Parent Relationship": "Outer", "Relation Name": "supplier", "Alias": "supplier", "Startup Cost": 0.0, "Total Cost": 3283.0, "Plan Rows": 100000, "Plan Width": 12}]}]}]}]}]}]}, {"Node Type": "Hash", "Parent Relationship": "Inner", "Startup Cost": 1.25, "Total Cost": 1.25, "Plan Rows": 25, "Plan Width": 30, "Plans": [{"Node Type": "Seq Scan", "Parent Relationship": "Outer", "Relation Name": "nation", "Alias": "nation", "Startup Cost": 0.0, "Total Cost": 1.25, "Plan Rows": 25, "Plan Width": 30}]}]}]}]}, "Unique SQL Id": 3628361425}, "explain_analyze_plan": null}, "(64, 107)": {"explain_plan": {"Plan": {"Node Type": "Sort", "Startup Cost": 6000407120580.17, "Total Cost": 6000407120580.17, "Plan Rows": 1, "Plan Width": 74, "Sort Key": ["nation.n_name", "(date_part('year'::text, orders.o_orderdate)) DESC"], "Plans": [{"Node Type": "Aggregate", "Strategy": "Hashed", "Parent Relationship": "Outer", "Startup Cost": 6000407120580.15, "Total Cost": 6000407120580.16, "Plan Rows": 1, "Plan Width": 74, "Group By Key": ["nation.n_name", "date_part('year'::text, orders.o_orderdate)"], "Plans": [{"Node Type": "Nested Loop", "Parent Relationship": "Outer", "Join Type": "Inner", "Startup Cost": 3030082820730.06, "Total Cost": 6000407120580.13, "Plan Rows": 1, "Plan Width": 66, "Inner Unique": true, "Plans": [{"Node Type": "Nested Loop", "Parent Relationship": "Outer", "Join Type": "Inner", "Startup Cost": 3020082820730.06, "Total Cost": 5000407120553.1, "Plan Rows": 1, "Plan Width": 44, "Inner Unique": true, "Plans": [{"Node Type": "Hash Join", "Parent Relationship": "Outer", "Join Type": "Inner", "Startup Cost": 3010082820730.06, "Total Cost": 4000407120523.87, "Plan Rows": 1, "Plan Width": 44, "Inner Unique": false, "Hash Cond": "((lineitem.l_suppkey = partsupp.ps_suppkey) AND (lineitem.l_partkey = partsupp.ps_partkey))", "Plans": [{"Node Type": "Hash Join", "Parent Relationship": "Outer", "Join Type": "Inner", "Startup Cost": 1010010581448.6, "Total Cost": 2000334826730.13, "Plan Rows": 495566, "Plan Width": 56, "Inner Unique": true, "Hash Cond": "(lineitem.l_partkey = part.p_partkey), (LLVM Optimized)", "Plans": [{"Node Type": "Index Scan", "Parent Relationship": "Outer", "Scan Direction": "Forward", "Index Name": "idx_lineitem_orderkey", "Relation Name": "lineitem", "Alias": "lineitem", "Startup Cost": 10000000000.0, "Total Cost": 1000324015374.5, "Plan Rows": 59987033, "Plan Width": 48}, {"Node Type": "Hash", "Parent Relationship": "Inner", "Startup Cost": 1000010580325.0, "Total Cost": 1000010580325.0, "Plan Rows": 89888, "Plan Width": 8, "Plans": [{"Node Type": "Index Scan", "Parent Relationship": "Outer", "Scan Direction": "Forward", "Index Name": "part_kpey", "Relation Name": "part", "Alias": "part", "Startup Cost": 10000000000.0, "Total Cost": 1000010580325.0, "Plan Rows": 89888, "Plan Width": 8, "Filter": "((p_name)::text ~~ '%dim%'::text)"}]}]}, {"Node Type": "Hash", "Parent Relationship": "Inner", "Startup Cost": 2000072219113.98, "Total Cost": 2000072219113.98, "Plan Rows": 1344499, "Plan Width": 36, "Plans": [{"Node Type": "Hash Join", "Parent Relationship": "Outer", "Join Type": "Inner", "Startup Cost": 1010000534704.38, "Total Cost": 2000072219113.98, "Plan Rows": 1344499, "Plan Width": 36, "Inner Unique": true, "Hash Cond": "(partsupp.ps_suppkey = supplier.s_suppkey), (LLVM Optimized)", "Plans": [{"Node Type": "Index Scan", "Parent Relationship": "Outer", "Scan Direction": "Forward", "Index Name": "partsupp_pkey", "Relation Name": "partsupp", "Alias": "partsupp", "Startup Cost": 10000000000.0, "Total Cost": 1000071640963.22, "Plan Rows": 8000372, "Plan Width": 24}, {"Node Type": "Hash", "Parent Relationship": "Inner", "Startup Cost": 1000000533454.38, "Total Cost": 1000000533454.38, "Plan Rows": 100000, "Plan Width": 12, "Plans": [{"Node Type": "Index Scan", "Parent Relationship": "Outer", "Scan Direction": "Forward", "Index Name": "supplier_pkey", "Relation Name": "supplier", "Alias": "supplier", "Startup Cost": 10000000000.0, "Total Cost": 1000000533454.38, "Plan Rows": 100000, "Plan Width": 12}]}]}]}]}, {"Node Type": "Index Scan", "Parent Relationship": "Inner", "Scan Direction": "Forward", "Index Name": "orders_pkey", "Relation Name": "orders", "Alias": "orders", "Startup Cost": 10000000000.0, "Total Cost": 1000000000029.23, "Plan Rows": 1, "Plan Width": 16, "Index Cond": "(o_orderkey = lineitem.l_orderkey)"}]}, {"Node Type": "Index Scan", "Parent Relationship": "Inner", "Scan Direction": "Forward", "Index Name": "nation_pkey", "Relation Name": "nation", "Alias": "nation", "Startup Cost": 10000000000.0, "Total Cost": 1000000000027.01, "Plan Rows": 1, "Plan Width": 30, "Index Cond": "(n_nationkey = supplier.s_nationkey)"}]}]}]}, "Unique SQL Id": 3628361425}, "explain_analyze_plan": {"Plan": {"Node Type": "Sort", "Startup Cost": 6000407120580.17, "Total Cost": 6000407120580.17, "Plan Rows": 1, "Plan Width": 74, "Actual Startup Time": 99353.944, "Actual Total Time": 99353.957, "Actual Rows": 175, "Actual Loops": 1, "Sort Key": ["nation.n_name", "(date_part('year'::text, orders.o_orderdate)) DESC"], "Sort Method": "quicksort", "Sort Space Used": 52, "Sort Space Type": "Memory", "Plans": [{"Node Type": "Aggregate", "Strategy": "Hashed", "Parent Relationship": "Outer", "Startup Cost": 6000407120580.15, "Total Cost": 6000407120580.16, "Plan Rows": 1, "Plan Width": 74, "Actual Startup Time": 99353.58, "Actual Total Time": 99353.632, "Actual Rows": 175, "Actual Loops": 1, "Group By Key": ["nation.n_name", "date_part('year'::text, orders.o_orderdate)"], "Plans": [{"Node Type": "Nested Loop", "Parent Relationship": "Outer", "Join Type": "Inner", "Startup Cost": 3030082820730.06, "Total Cost": 6000407120580.13, "Plan Rows": 1, "Plan Width": 66, "Actual Startup Time": 14672.545, "Actual Total Time": 95329.211, "Actual Rows": 3256948, "Actual Loops": 1, "Inner Unique": true, "Plans": [{"Node Type": "Nested Loop", "Parent Relationship": "Outer", "Join Type": "Inner", "Startup Cost": 3020082820730.06, "Total Cost": 5000407120553.1, "Plan Rows": 1, "Plan Width": 44, "Actual Startup Time": 14672.516, "Actual Total Time": 86924.886, "Actual Rows": 3256948, "Actual Loops": 1, "Inner Unique": true, "Plans": [{"Node Type": "Hash Join", "Parent Relationship": "Outer", "Join Type": "Inner", "Startup Cost": 3010082820730.06, "Total Cost": 4000407120523.87, "Plan Rows": 1, "Plan Width": 44, "Actual Startup Time": 14672.476, "Actual Total Time": 73366.376, "Actual Rows": 3256948, "Actual Loops": 1, "Inner Unique": false, "Hash Cond": "((lineitem.l_suppkey = partsupp.ps_suppkey) AND (lineitem.l_partkey = partsupp.ps_partkey))", "Plans": [{"Node Type": "Hash Join", "Parent Relationship": "Outer", "Join Type": "Inner", "Startup Cost": 1010010581448.6, "Total Cost": 2000334826730.13, "Plan Rows": 495566, "Plan Width": 56, "Actual Startup Time": 1582.301, "Actual Total Time": 54472.897, "Actual Rows": 3256948, "Actual Loops": 1, "Inner Unique": true, "Hash Cond": "(lineitem.l_partkey = part.p_partkey), (LLVM Optimized, Jit Execute)", "Plans": [{"Node Type": "Index Scan", "Parent Relationship": "Outer", "Scan Direction": "Forward", "Index Name": "idx_lineitem_orderkey", "Relation Name": "lineitem", "Alias": "lineitem", "Startup Cost": 10000000000.0, "Total Cost": 1000324015374.5, "Plan Rows": 59987033, "Plan Width": 48, "Actual Startup Time": 0.041, "Actual Total Time": 35439.943, "Actual Rows": 59986052, "Actual Loops": 1}, {"Node Type": "Hash", "Parent Relationship": "Inner", "Startup Cost": 1000010580325.0, "Total Cost": 1000010580325.0, "Plan Rows": 89888, "Plan Width": 8, "Actual Startup Time": 1582.135, "Actual Total Time": 1582.135, "Actual Rows": 108551, "Actual Loops": 1, "Hash Buckets": 131072, "Hash Batches": 1, "Original Hash Batches": 1, "Peak Memory Usage": 4241, "Plans": [{"Node Type": "Index Scan", "Parent Relationship": "Outer", "Scan Direction": "Forward", "Index Name": "part_kpey", "Relation Name": "part", "Alias": "part", "Startup Cost": 10000000000.0, "Total Cost": 1000010580325.0, "Plan Rows": 89888, "Plan Width": 8, "Actual Startup Time": 0.039, "Actual Total Time": 1539.399, "Actual Rows": 108551, "Actual Loops": 1, "Filter": "((p_name)::text ~~ '%dim%'::text)", "Rows Removed by Filter": 1891449}]}]}, {"Node Type": "Hash", "Parent Relationship": "Inner", "Startup Cost": 2000072219113.98, "Total Cost": 2000072219113.98, "Plan Rows": 1344499, "Plan Width": 36, "Actual Startup Time": 13088.014, "Actual Total Time": 13088.014, "Actual Rows": 8000000, "Actual Loops": 1, "Hash Buckets": 2097152, "Hash Batches": 1, "Original Hash Batches": 1, "Peak Memory Usage": 562500, "Plans": [{"Node Type": "Hash Join", "Parent Relationship": "Outer", "Join Type": "Inner", "Startup Cost": 1010000534704.38, "Total Cost": 2000072219113.98, "Plan Rows": 1344499, "Plan Width": 36, "Actual Startup Time": 106.74, "Actual Total Time": 9674.039, "Actual Rows": 8000000, "Actual Loops": 1, "Inner Unique": true, "Hash Cond": "(partsupp.ps_suppkey = supplier.s_suppkey), (LLVM Optimized, Jit Execute)", "Plans": [{"Node Type": "Index Scan", "Parent Relationship": "Outer", "Scan Direction": "Forward", "Index Name": "partsupp_pkey", "Relation Name": "partsupp", "Alias": "partsupp", "Startup Cost": 10000000000.0, "Total Cost": 1000071640963.22, "Plan Rows": 8000372, "Plan Width": 24, "Actual Startup Time": 0.043, "Actual Total Time": 5473.108, "Actual Rows": 8000000, "Actual Loops": 1}, {"Node Type": "Hash", "Parent Relationship": "Inner", "Startup Cost": 1000000533454.38, "Total Cost": 1000000533454.38, "Plan Rows": 100000, "Plan Width": 12, "Actual Startup Time": 106.576, "Actual Total Time": 106.576, "Actual Rows": 100000, "Actual Loops": 1, "Hash Buckets": 131072, "Hash Batches": 1, "Original Hash Batches": 1, "Peak Memory Usage": 4297, "Plans": [{"Node Type": "Index Scan", "Parent Relationship": "Outer", "Scan Direction": "Forward", "Index Name": "supplier_pkey", "Relation Name": "supplier", "Alias": "supplier", "Startup Cost": 10000000000.0, "Total Cost": 1000000533454.38, "Plan Rows": 100000, "Plan Width": 12, "Actual Startup Time": 0.03, "Actual Total Time": 78.693, "Actual Rows": 100000, "Actual Loops": 1}]}]}]}]}, {"Node Type": "Index Scan", "Parent Relationship": "Inner", "Scan Direction": "Forward", "Index Name": "orders_pkey", "Relation Name": "orders", "Alias": "orders", "Startup Cost": 10000000000.0, "Total Cost": 1000000000029.23, "Plan Rows": 1, "Plan Width": 16, "Actual Startup Time": 10799.162, "Actual Total Time": 10799.162, "Actual Rows": 3256948, "Actual Loops": 3256948, "Index Cond": "(o_orderkey = lineitem.l_orderkey)", "Rows Removed by Index Recheck": 0}]}, {"Node Type": "Index Scan", "Parent Relationship": "Inner", "Scan Direction": "Forward", "Index Name": "nation_pkey", "Relation Name": "nation", "Alias": "nation", "Startup Cost": 10000000000.0, "Total Cost": 1000000000027.01, "Plan Rows": 1, "Plan Width": 30, "Actual Startup Time": 4435.512, "Actual Total Time": 4435.512, "Actual Rows": 3256948, "Actual Loops": 3256948, "Index Cond": "(n_nationkey = supplier.s_nationkey)", "Rows Removed by Index Recheck": 0}]}]}]}, "Triggers": [], "Planner Runtime": 55.197, "Total Runtime": 99363.18, "Unique SQL Id": 3628361425}}, "(64, 108)": {"explain_plan": {"Plan": {"Node Type": "Sort", "Startup Cost": 521166.05, "Total Cost": 521166.06, "Plan Rows": 1, "Plan Width": 74, "Sort Key": ["nation.n_name", "(date_part('year'::text, orders.o_orderdate)) DESC"], "Plans": [{"Node Type": "Aggregate", "Strategy": "Hashed", "Parent Relationship": "Outer", "Startup Cost": 521166.03, "Total Cost": 521166.04, "Plan Rows": 1, "Plan Width": 74, "Group By Key": ["nation.n_name", "date_part('year'::text, orders.o_orderdate)"], "Plans": [{"Node Type": "Nested Loop", "Parent Relationship": "Outer", "Join Type": "Inner", "Startup Cost": 72600.6, "Total Cost": 521166.01, "Plan Rows": 1, "Plan Width": 66, "Inner Unique": true, "Plans": [{"Node Type": "Nested Loop", "Parent Relationship": "Outer", "Join Type": "Inner", "Startup Cost": 72600.6, "Total Cost": 521165.73, "Plan Rows": 1, "Plan Width": 44, "Inner Unique": true, "Plans": [{"Node Type": "Nested Loop", "Parent Relationship": "Outer", "Join Type": "Inner", "Startup Cost": 72600.6, "Total Cost": 521165.43, "Plan Rows": 1, "Plan Width": 44, "Inner Unique": false, "Join Filter": "(supplier.s_suppkey = lineitem.l_suppkey)", "Plans": [{"Node Type": "Hash Join", "Parent Relationship": "Outer", "Join Type": "Inner", "Startup Cost": 72600.6, "Total Cost": 377416.42, "Plan Rows": 125630, "Plan Width": 44, "Inner Unique": true, "Hash Cond": "(partsupp.ps_suppkey = supplier.s_suppkey), (LLVM Optimized)", "Plans": [{"Node Type": "Hash Join", "Parent Relationship": "Outer", "Join Type": "Inner", "Startup Cost": 68067.6, "Total Cost": 370653.38, "Plan Rows": 259666, "Plan Width": 32, "Inner Unique": true, "Hash Cond": "(partsupp.ps_partkey = part.p_partkey), (LLVM Optimized)", "Plans": [{"Node Type": "Seq Scan", "Parent Relationship": "Outer", "Relation Name": "partsupp", "Alias": "partsupp", "Startup Cost": 0.0, "Total Cost": 269987.72, "Plan Rows": 8000372, "Plan Width": 24}, {"Node Type": "Hash", "Parent Relationship": "Inner", "Startup Cost": 66944.0, "Total Cost": 66944.0, "Plan Rows": 89888, "Plan Width": 8, "Plans": [{"Node Type": "Seq Scan", "Parent Relationship": "Outer", "Relation Name": "part", "Alias": "part", "Startup Cost": 0.0, "Total Cost": 66944.0, "Plan Rows": 89888, "Plan Width": 8, "Filter": "((p_name)::text ~~ '%dim%'::text)"}]}]}, {"Node Type": "Hash", "Parent Relationship": "Inner", "Startup Cost": 3283.0, "Total Cost": 3283.0, "Plan Rows": 100000, "Plan Width": 12, "Plans": [{"Node Type": "Seq Scan", "Parent Relationship": "Outer", "Relation Name": "supplier", "Alias": "supplier", "Startup Cost": 0.0, "Total Cost": 3283.0, "Plan Rows": 100000, "Plan Width": 12}]}]}, {"Node Type": "Index Scan", "Parent Relationship": "Inner", "Scan Direction": "Forward", "Index Name": "idx_lineitem_part_supp", "Relation Name": "lineitem", "Alias": "lineitem", "Startup Cost": 0.0, "Total Cost": 1.13, "Plan Rows": 1, "Plan Width": 48, "Index Cond": "((l_partkey = partsupp.ps_partkey) AND (l_suppkey = partsupp.ps_suppkey))"}]}, {"Node Type": "Index Scan", "Parent Relationship": "Inner", "Scan Direction": "Forward", "Index Name": "orders_pkey", "Relation Name": "orders", "Alias": "orders", "Startup Cost": 0.0, "Total Cost": 0.29, "Plan Rows": 1, "Plan Width": 16, "Index Cond": "(o_orderkey = lineitem.l_orderkey)"}]}, {"Node Type": "Index Scan", "Parent Relationship": "Inner", "Scan Direction": "Forward", "Index Name": "nation_pkey", "Relation Name": "nation", "Alias": "nation", "Startup Cost": 0.0, "Total Cost": 0.27, "Plan Rows": 1, "Plan Width": 30, "Index Cond": "(n_nationkey = supplier.s_nationkey)"}]}]}]}, "Unique SQL Id": 3628361425}, "explain_analyze_plan": {"Plan": {"Node Type": "Sort", "Startup Cost": 521166.05, "Total Cost": 521166.06, "Plan Rows": 1, "Plan Width": 74, "Actual Startup Time": 58932.736, "Actual Total Time": 58932.749, "Actual Rows": 175, "Actual Loops": 1, "Sort Key": ["nation.n_name", "(date_part('year'::text, orders.o_orderdate)) DESC"], "Sort Method": "quicksort", "Sort Space Used": 52, "Sort Space Type": "Memory", "Plans": [{"Node Type": "Aggregate", "Strategy": "Hashed", "Parent Relationship": "Outer", "Startup Cost": 521166.03, "Total Cost": 521166.04, "Plan Rows": 1, "Plan Width": 74, "Actual Startup Time": 58932.337, "Actual Total Time": 58932.379, "Actual Rows": 175, "Actual Loops": 1, "Group By Key": ["nation.n_name", "date_part('year'::text, orders.o_orderdate)"], "Plans": [{"Node Type": "Nested Loop", "Parent Relationship": "Outer", "Join Type": "Inner", "Startup Cost": 72600.6, "Total Cost": 521166.01, "Plan Rows": 1, "Plan Width": 66, "Actual Startup Time": 1103.433, "Actual Total Time": 55092.664, "Actual Rows": 3256948, "Actual Loops": 1, "Inner Unique": true, "Plans": [{"Node Type": "Nested Loop", "Parent Relationship": "Outer", "Join Type": "Inner", "Startup Cost": 72600.6, "Total Cost": 521165.73, "Plan Rows": 1, "Plan Width": 44, "Actual Startup Time": 1103.363, "Actual Total Time": 46615.878, "Actual Rows": 3256948, "Actual Loops": 1, "Inner Unique": true, "Plans": [{"Node Type": "Nested Loop", "Parent Relationship": "Outer", "Join Type": "Inner", "Startup Cost": 72600.6, "Total Cost": 521165.43, "Plan Rows": 1, "Plan Width": 44, "Actual Startup Time": 1103.339, "Actual Total Time": 18831.717, "Actual Rows": 3256948, "Actual Loops": 1, "Inner Unique": false, "Join Filter": "(supplier.s_suppkey = lineitem.l_suppkey)", "Rows Removed by Join Filter": 0, "Plans": [{"Node Type": "Hash Join", "Parent Relationship": "Outer", "Join Type": "Inner", "Startup Cost": 72600.6, "Total Cost": 377416.42, "Plan Rows": 125630, "Plan Width": 44, "Actual Startup Time": 1103.287, "Actual Total Time": 6244.441, "Actual Rows": 434204, "Actual Loops": 1, "Inner Unique": true, "Hash Cond": "(partsupp.ps_suppkey = supplier.s_suppkey), (LLVM Optimized, Jit Execute)", "Plans": [{"Node Type": "Hash Join", "Parent Relationship": "Outer", "Join Type": "Inner", "Startup Cost": 68067.6, "Total Cost": 370653.38, "Plan Rows": 259666, "Plan Width": 32, "Actual Startup Time": 1038.788, "Actual Total Time": 5788.774, "Actual Rows": 434204, "Actual Loops": 1, "Inner Unique": true, "Hash Cond": "(partsupp.ps_partkey = part.p_partkey), (LLVM Optimized, Jit Execute)", "Plans": [{"Node Type": "Seq Scan", "Parent Relationship": "Outer", "Relation Name": "partsupp", "Alias": "partsupp", "Startup Cost": 0.0, "Total Cost": 269987.72, "Plan Rows": 8000372, "Plan Width": 24, "Actual Startup Time": 0.012, "Actual Total Time": 2567.433, "Actual Rows": 8000000, "Actual Loops": 1}, {"Node Type": "Hash", "Parent Relationship": "Inner", "Startup Cost": 66944.0, "Total Cost": 66944.0, "Plan Rows": 89888, "Plan Width": 8, "Actual Startup Time": 1038.64, "Actual Total Time": 1038.64, "Actual Rows": 108551, "Actual Loops": 1, "Hash Buckets": 131072, "Hash Batches": 1, "Original Hash Batches": 1, "Peak Memory Usage": 4241, "Plans": [{"Node Type": "Seq Scan", "Parent Relationship": "Outer", "Relation Name": "part", "Alias": "part", "Startup Cost": 0.0, "Total Cost": 66944.0, "Plan Rows": 89888, "Plan Width": 8, "Actual Startup Time": 0.042, "Actual Total Time": 1000.506, "Actual Rows": 108551, "Actual Loops": 1, "Filter": "((p_name)::text ~~ '%dim%'::text)", "Rows Removed by Filter": 1891449}]}]}, {"Node Type": "Hash", "Parent Relationship": "Inner", "Startup Cost": 3283.0, "Total Cost": 3283.0, "Plan Rows": 100000, "Plan Width": 12, "Actual Startup Time": 64.394, "Actual Total Time": 64.394, "Actual Rows": 100000, "Actual Loops": 1, "Hash Buckets": 131072, "Hash Batches": 1, "Original Hash Batches": 1, "Peak Memory Usage": 4297, "Plans": [{"Node Type": "Seq Scan", "Parent Relationship": "Outer", "Relation Name": "supplier", "Alias": "supplier", "Startup Cost": 0.0, "Total Cost": 3283.0, "Plan Rows": 100000, "Plan Width": 12, "Actual Startup Time": 0.03, "Actual Total Time": 36.628, "Actual Rows": 100000, "Actual Loops": 1}]}]}, {"Node Type": "Index Scan", "Parent Relationship": "Inner", "Scan Direction": "Forward", "Index Name": "idx_lineitem_part_supp", "Relation Name": "lineitem", "Alias": "lineitem", "Startup Cost": 0.0, "Total Cost": 1.13, "Plan Rows": 1, "Plan Width": 48, "Actual Startup Time": 3128.663, "Actual Total Time": 10882.76, "Actual Rows": 3256948, "Actual Loops": 434204, "Index Cond": "((l_partkey = partsupp.ps_partkey) AND (l_suppkey = partsupp.ps_suppkey))", "Rows Removed by Index Recheck": 0}]}, {"Node Type": "Index Scan", "Parent Relationship": "Inner", "Scan Direction": "Forward", "Index Name": "orders_pkey", "Relation Name": "orders", "Alias": "orders", "Startup Cost": 0.0, "Total Cost": 0.29, "Plan Rows": 1, "Plan Width": 16, "Actual Startup Time": 24997.016, "Actual Total Time": 24997.016, "Actual Rows": 3256948, "Actual Loops": 3256948, "Index Cond": "(o_orderkey = lineitem.l_orderkey)", "Rows Removed by Index Recheck": 0}]}, {"Node Type": "Index Scan", "Parent Relationship": "Inner", "Scan Direction": "Forward", "Index Name": "nation_pkey", "Relation Name": "nation", "Alias": "nation", "Startup Cost": 0.0, "Total Cost": 0.27, "Plan Rows": 1, "Plan Width": 30, "Actual Startup Time": 4454.455, "Actual Total Time": 4454.455, "Actual Rows": 3256948, "Actual Loops": 3256948, "Index Cond": "(n_nationkey = supplier.s_nationkey)", "Rows Removed by Index Recheck": 0}]}]}]}, "Triggers": [], "Planner Runtime": 35.792, "Total Runtime": 58943.737, "Unique SQL Id": 3628361425}}, "(64, 109)": {"explain_plan": {"Plan": {"Node Type": "Sort", "Startup Cost": 701189.51, "Total Cost": 701189.52, "Plan Rows": 1, "Plan Width": 74, "Sort Key": ["nation.n_name", "(date_part('year'::text, orders.o_orderdate)) DESC"], "Plans": [{"Node Type": "Aggregate", "Strategy": "Hashed", "Parent Relationship": "Outer", "Startup Cost": 701189.49, "Total Cost": 701189.5, "Plan Rows": 1, "Plan Width": 74, "Group By Key": ["nation.n_name", "date_part('year'::text, orders.o_orderdate)"], "Plans": [{"Node Type": "Nested Loop", "Parent Relationship": "Outer", "Join Type": "Inner", "Startup Cost": 6584.54, "Total Cost": 701189.47, "Plan Rows": 1, "Plan Width": 66, "Inner Unique": true, "Plans": [{"Node Type": "Nested Loop", "Parent Relationship": "Outer", "Join Type": "Inner", "Startup Cost": 6584.54, "Total Cost": 701189.19, "Plan Rows": 1, "Plan Width": 44, "Inner Unique": true, "Plans": [{"Node Type": "Nested Loop", "Parent Relationship": "Outer", "Join Type": "Inner", "Startup Cost": 6584.54, "Total Cost": 701188.89, "Plan Rows": 1, "Plan Width": 44, "Inner Unique": false, "Join Filter": "(supplier.s_suppkey = lineitem.l_suppkey)", "Plans": [{"Node Type": "Hash Join", "Parent Relationship": "Outer", "Join Type": "Inner", "Startup Cost": 6584.54, "Total Cost": 557439.88, "Plan Rows": 125630, "Plan Width": 44, "Inner Unique": true, "Hash Cond": "(partsupp.ps_suppkey = supplier.s_suppkey), (LLVM Optimized)", "Plans": [{"Node Type": "Nested Loop", "Parent Relationship": "Outer", "Join Type": "Inner", "Startup Cost": 0.0, "Total Cost": 548625.29, "Plan Rows": 259666, "Plan Width": 32, "Inner Unique": false, "Plans": [{"Node Type": "Index Scan", "Parent Relationship": "Outer", "Scan Direction": "Forward", "Index Name": "part_kpey", "Relation Name": "part", "Alias": "part", "Startup Cost": 0.0, "Total Cost": 105803.25, "Plan Rows": 89888, "Plan Width": 8, "Filter": "((p_name)::text ~~ '%dim%'::text)"}, {"Node Type": "Index Scan", "Parent Relationship": "Inner", "Scan Direction": "Forward", "Index Name": "idx_partsupp_partkey", "Relation Name": "partsupp", "Alias": "partsupp", "Startup Cost": 0.0, "Total Cost": 4.9, "Plan Rows": 3, "Plan Width": 24, "Index Cond": "(ps_partkey = part.p_partkey)"}]}, {"Node Type": "Hash", "Parent Relationship": "Inner", "Startup Cost": 5334.54, "Total Cost": 5334.54, "Plan Rows": 100000, "Plan Width": 12, "Plans": [{"Node Type": "Index Scan", "Parent Relationship": "Outer", "Scan Direction": "Forward", "Index Name": "supplier_pkey", "Relation Name": "supplier", "Alias": "supplier", "Startup Cost": 0.0, "Total Cost": 5334.54, "Plan Rows": 100000, "Plan Width": 12}]}]}, {"Node Type": "Index Scan", "Parent Relationship": "Inner", "Scan Direction": "Forward", "Index Name": "idx_lineitem_part_supp", "Relation Name": "lineitem", "Alias": "lineitem", "Startup Cost": 0.0, "Total Cost": 1.13, "Plan Rows": 1, "Plan Width": 48, "Index Cond": "((l_partkey = partsupp.ps_partkey) AND (l_suppkey = partsupp.ps_suppkey))"}]}, {"Node Type": "Index Scan", "Parent Relationship": "Inner", "Scan Direction": "Forward", "Index Name": "orders_pkey", "Relation Name": "orders", "Alias": "orders", "Startup Cost": 0.0, "Total Cost": 0.29, "Plan Rows": 1, "Plan Width": 16, "Index Cond": "(o_orderkey = lineitem.l_orderkey)"}]}, {"Node Type": "Index Scan", "Parent Relationship": "Inner", "Scan Direction": "Forward", "Index Name": "nation_pkey", "Relation Name": "nation", "Alias": "nation", "Startup Cost": 0.0, "Total Cost": 0.27, "Plan Rows": 1, "Plan Width": 30, "Index Cond": "(n_nationkey = supplier.s_nationkey)"}]}]}]}, "Unique SQL Id": 3628361425}, "explain_analyze_plan": {"Plan": {"Node Type": "Sort", "Startup Cost": 701189.51, "Total Cost": 701189.52, "Plan Rows": 1, "Plan Width": 74, "Actual Startup Time": 57219.783, "Actual Total Time": 57219.796, "Actual Rows": 175, "Actual Loops": 1, "Sort Key": ["nation.n_name", "(date_part('year'::text, orders.o_orderdate)) DESC"], "Sort Method": "quicksort", "Sort Space Used": 52, "Sort Space Type": "Memory", "Plans": [{"Node Type": "Aggregate", "Strategy": "Hashed", "Parent Relationship": "Outer", "Startup Cost": 701189.49, "Total Cost": 701189.5, "Plan Rows": 1, "Plan Width": 74, "Actual Startup Time": 57219.414, "Actual Total Time": 57219.454, "Actual Rows": 175, "Actual Loops": 1, "Group By Key": ["nation.n_name", "date_part('year'::text, orders.o_orderdate)"], "Plans": [{"Node Type": "Nested Loop", "Parent Relationship": "Outer", "Join Type": "Inner", "Startup Cost": 6584.54, "Total Cost": 701189.47, "Plan Rows": 1, "Plan Width": 66, "Actual Startup Time": 106.96, "Actual Total Time": 53460.735, "Actual Rows": 3256948, "Actual Loops": 1, "Inner Unique": true, "Plans": [{"Node Type": "Nested Loop", "Parent Relationship": "Outer", "Join Type": "Inner", "Startup Cost": 6584.54, "Total Cost": 701189.19, "Plan Rows": 1, "Plan Width": 44, "Actual Startup Time": 106.934, "Actual Total Time": 44656.25, "Actual Rows": 3256948, "Actual Loops": 1, "Inner Unique": true, "Plans": [{"Node Type": "Nested Loop", "Parent Relationship": "Outer", "Join Type": "Inner", "Startup Cost": 6584.54, "Total Cost": 701188.89, "Plan Rows": 1, "Plan Width": 44, "Actual Startup Time": 106.911, "Actual Total Time": 16146.218, "Actual Rows": 3256948, "Actual Loops": 1, "Inner Unique": false, "Join Filter": "(supplier.s_suppkey = lineitem.l_suppkey)", "Rows Removed by Join Filter": 0, "Plans": [{"Node Type": "Hash Join", "Parent Relationship": "Outer", "Join Type": "Inner", "Startup Cost": 6584.54, "Total Cost": 557439.88, "Plan Rows": 125630, "Plan Width": 44, "Actual Startup Time": 106.873, "Actual Total Time": 3440.596, "Actual Rows": 434204, "Actual Loops": 1, "Inner Unique": true, "Hash Cond": "(partsupp.ps_suppkey = supplier.s_suppkey), (LLVM Optimized, Jit Execute)", "Plans": [{"Node Type": "Nested Loop", "Parent Relationship": "Outer", "Join Type": "Inner", "Startup Cost": 0.0, "Total Cost": 548625.29, "Plan Rows": 259666, "Plan Width": 32, "Actual Startup Time": 0.076, "Actual Total Time": 2929.188, "Actual Rows": 434204, "Actual Loops": 1, "Inner Unique": false, "Plans": [{"Node Type": "Index Scan", "Parent Relationship": "Outer", "Scan Direction": "Forward", "Index Name": "part_kpey", "Relation Name": "part", "Alias": "part", "Startup Cost": 0.0, "Total Cost": 105803.25, "Plan Rows": 89888, "Plan Width": 8, "Actual Startup Time": 0.056, "Actual Total Time": 1746.962, "Actual Rows": 108551, "Actual Loops": 1, "Filter": "((p_name)::text ~~ '%dim%'::text)", "Rows Removed by Filter": 1891449}, {"Node Type": "Index Scan", "Parent Relationship": "Inner", "Scan Direction": "Forward", "Index Name": "idx_partsupp_partkey", "Relation Name": "partsupp", "Alias": "partsupp", "Startup Cost": 0.0, "Total Cost": 4.9, "Plan Rows": 3, "Plan Width": 24, "Actual Startup Time": 684.56, "Actual Total Time": 978.245, "Actual Rows": 434204, "Actual Loops": 108551, "Index Cond": "(ps_partkey = part.p_partkey)", "Rows Removed by Index Recheck": 0}]}, {"Node Type": "Hash", "Parent Relationship": "Inner", "Startup Cost": 5334.54, "Total Cost": 5334.54, "Plan Rows": 100000, "Plan Width": 12, "Actual Startup Time": 106.68, "Actual Total Time": 106.68, "Actual Rows": 100000, "Actual Loops": 1, "Hash Buckets": 131072, "Hash Batches": 1, "Original Hash Batches": 1, "Peak Memory Usage": 4297, "Plans": [{"Node Type": "Index Scan", "Parent Relationship": "Outer", "Scan Direction": "Forward", "Index Name": "supplier_pkey", "Relation Name": "supplier", "Alias": "supplier", "Startup Cost": 0.0, "Total Cost": 5334.54, "Plan Rows": 100000, "Plan Width": 12, "Actual Startup Time": 0.02, "Actual Total Time": 78.377, "Actual Rows": 100000, "Actual Loops": 1}]}]}, {"Node Type": "Index Scan", "Parent Relationship": "Inner", "Scan Direction": "Forward", "Index Name": "idx_lineitem_part_supp", "Relation Name": "lineitem", "Alias": "lineitem", "Startup Cost": 0.0, "Total Cost": 1.13, "Plan Rows": 1, "Plan Width": 48, "Actual Startup Time": 3174.504, "Actual Total Time": 11019.482, "Actual Rows": 3256948, "Actual Loops": 434204, "Index Cond": "((l_partkey = partsupp.ps_partkey) AND (l_suppkey = partsupp.ps_suppkey))", "Rows Removed by Index Recheck": 0}]}, {"Node Type": "Index Scan", "Parent Relationship": "Inner", "Scan Direction": "Forward", "Index Name": "orders_pkey", "Relation Name": "orders", "Alias": "orders", "Startup Cost": 0.0, "Total Cost": 0.29, "Plan Rows": 1, "Plan Width": 16, "Actual Startup Time": 25705.885, "Actual Total Time": 25705.885, "Actual Rows": 3256948, "Actual Loops": 3256948, "Index Cond": "(o_orderkey = lineitem.l_orderkey)", "Rows Removed by Index Recheck": 0}]}, {"Node Type": "Index Scan", "Parent Relationship": "Inner", "Scan Direction": "Forward", "Index Name": "nation_pkey", "Relation Name": "nation", "Alias": "nation", "Startup Cost": 0.0, "Total Cost": 0.27, "Plan Rows": 1, "Plan Width": 30, "Actual Startup Time": 4680.015, "Actual Total Time": 4680.015, "Actual Rows": 3256948, "Actual Loops": 3256948, "Index Cond": "(n_nationkey = supplier.s_nationkey)", "Rows Removed by Index Recheck": 0}]}]}]}, "Triggers": [], "Planner Runtime": 33.676, "Total Runtime": 57229.802, "Unique SQL Id": 3628361425}}, "(64, 110)": {"explain_plan": {"Plan": {"Node Type": "Sort", "Startup Cost": 3188400.3, "Total Cost": 3188400.31, "Plan Rows": 1, "Plan Width": 74, "Sort Key": ["nation.n_name", "(date_part('year'::text, orders.o_orderdate)) DESC"], "Plans": [{"Node Type": "Aggregate", "Strategy": "Hashed", "Parent Relationship": "Outer", "Startup Cost": 3188400.28, "Total Cost": 3188400.29, "Plan Rows": 1, "Plan Width": 74, "Group By Key": ["nation.n_name", "date_part('year'::text, orders.o_orderdate)"], "Plans": [{"Node Type": "Hash Join", "Parent Relationship": "Outer", "Join Type": "Inner", "Startup Cost": 2705738.4, "Total Cost": 3188400.26, "Plan Rows": 1, "Plan Width": 66, "Inner Unique": true, "Hash Cond": "(supplier.s_nationkey = nation.n_nationkey)", "Plans": [{"Node Type": "Hash Join", "Parent Relationship": "Outer", "Join Type": "Inner", "Startup Cost": 2705736.84, "Total Cost": 3188398.68, "Plan Rows": 1, "Plan Width": 44, "Inner Unique": false, "Hash Cond": "(orders.o_orderkey = lineitem.l_orderkey)", "Plans": [{"Node Type": "Seq Scan", "Parent Relationship": "Outer", "Relation Name": "orders", "Alias": "orders", "Startup Cost": 0.0, "Total Cost": 426413.79, "Plan Rows": 14999479, "Plan Width": 16}, {"Node Type": "Hash", "Parent Relationship": "Inner", "Startup Cost": 2705736.82, "Total Cost": 2705736.82, "Plan Rows": 1, "Plan Width": 44, "Plans": [{"Node Type": "Hash Join", "Parent Relationship": "Outer", "Join Type": "Inner", "Startup Cost": 406202.19, "Total Cost": 2705736.82, "Plan Rows": 1, "Plan Width": 44, "Inner Unique": false, "Hash Cond": "((lineitem.l_suppkey = partsupp.ps_suppkey) AND (lineitem.l_partkey = partsupp.ps_partkey))", "Plans": [{"Node Type": "Hash Join", "Parent Relationship": "Outer", "Join Type": "Inner", "Startup Cost": 68067.6, "Total Cost": 2313089.96, "Plan Rows": 495566, "Plan Width": 56, "Inner Unique": true, "Hash Cond": "(lineitem.l_partkey = part.p_partkey), (LLVM Optimized)", "Plans": [{"Node Type": "Seq Scan", "Parent Relationship": "Outer", "Relation Name": "lineitem", "Alias": "lineitem", "Startup Cost": 0.0, "Total Cost": 2015115.33, "Plan Rows": 59987033, "Plan Width": 48}, {"Node Type": "Hash", "Parent Relationship": "Inner", "Startup Cost": 66944.0, "Total Cost": 66944.0, "Plan Rows": 89888, "Plan Width": 8, "Plans": [{"Node Type": "Seq Scan", "Parent Relationship": "Outer", "Relation Name": "part", "Alias": "part", "Startup Cost": 0.0, "Total Cost": 66944.0, "Plan Rows": 89888, "Plan Width": 8, "Filter": "((p_name)::text ~~ '%dim%'::text)"}]}]}, {"Node Type": "Hash", "Parent Relationship": "Inner", "Startup Cost": 317967.1, "Total Cost": 317967.1, "Plan Rows": 1344499, "Plan Width": 36, "Plans": [{"Node Type": "Hash Join", "Parent Relationship": "Outer", "Join Type": "Inner", "Startup Cost": 4533.0, "Total Cost": 317967.1, "Plan Rows": 1344499, "Plan Width": 36, "Inner Unique": true, "Hash Cond": "(partsupp.ps_suppkey = supplier.s_suppkey), (LLVM Optimized)", "Plans": [{"Node Type": "Seq Scan", "Parent Relationship": "Outer", "Relation Name": "partsupp", "Alias": "partsupp", "Startup Cost": 0.0, "Total Cost": 269987.72, "Plan Rows": 8000372, "Plan Width": 24}, {"Node Type": "Hash", "Parent Relationship": "Inner", "Startup Cost": 3283.0, "Total Cost": 3283.0, "Plan Rows": 100000, "Plan Width": 12, "Plans": [{"Node Type": "Seq Scan", "Parent Relationship": "Outer", "Relation Name": "supplier", "Alias": "supplier", "Startup Cost": 0.0, "Total Cost": 3283.0, "Plan Rows": 100000, "Plan Width": 12}]}]}]}]}]}]}, {"Node Type": "Hash", "Parent Relationship": "Inner", "Startup Cost": 1.25, "Total Cost": 1.25, "Plan Rows": 25, "Plan Width": 30, "Plans": [{"Node Type": "Seq Scan", "Parent Relationship": "Outer", "Relation Name": "nation", "Alias": "nation", "Startup Cost": 0.0, "Total Cost": 1.25, "Plan Rows": 25, "Plan Width": 30}]}]}]}]}, "Unique SQL Id": 3628361425}, "explain_analyze_plan": null}, "(64, 111)": {"explain_plan": {"Plan": {"Node Type": "Sort", "Startup Cost": 6000407120580.17, "Total Cost": 6000407120580.17, "Plan Rows": 1, "Plan Width": 74, "Sort Key": ["nation.n_name", "(date_part('year'::text, orders.o_orderdate)) DESC"], "Plans": [{"Node Type": "Aggregate", "Strategy": "Hashed", "Parent Relationship": "Outer", "Startup Cost": 6000407120580.15, "Total Cost": 6000407120580.16, "Plan Rows": 1, "Plan Width": 74, "Group By Key": ["nation.n_name", "date_part('year'::text, orders.o_orderdate)"], "Plans": [{"Node Type": "Nested Loop", "Parent Relationship": "Outer", "Join Type": "Inner", "Startup Cost": 3030082820730.06, "Total Cost": 6000407120580.13, "Plan Rows": 1, "Plan Width": 66, "Inner Unique": true, "Plans": [{"Node Type": "Nested Loop", "Parent Relationship": "Outer", "Join Type": "Inner", "Startup Cost": 3020082820730.06, "Total Cost": 5000407120553.1, "Plan Rows": 1, "Plan Width": 44, "Inner Unique": true, "Plans": [{"Node Type": "Hash Join", "Parent Relationship": "Outer", "Join Type": "Inner", "Startup Cost": 3010082820730.06, "Total Cost": 4000407120523.87, "Plan Rows": 1, "Plan Width": 44, "Inner Unique": false, "Hash Cond": "((lineitem.l_suppkey = partsupp.ps_suppkey) AND (lineitem.l_partkey = partsupp.ps_partkey))", "Plans": [{"Node Type": "Hash Join", "Parent Relationship": "Outer", "Join Type": "Inner", "Startup Cost": 1010010581448.6, "Total Cost": 2000334826730.13, "Plan Rows": 495566, "Plan Width": 56, "Inner Unique": true, "Hash Cond": "(lineitem.l_partkey = part.p_partkey), (LLVM Optimized)", "Plans": [{"Node Type": "Index Scan", "Parent Relationship": "Outer", "Scan Direction": "Forward", "Index Name": "idx_lineitem_orderkey", "Relation Name": "lineitem", "Alias": "lineitem", "Startup Cost": 10000000000.0, "Total Cost": 1000324015374.5, "Plan Rows": 59987033, "Plan Width": 48}, {"Node Type": "Hash", "Parent Relationship": "Inner", "Startup Cost": 1000010580325.0, "Total Cost": 1000010580325.0, "Plan Rows": 89888, "Plan Width": 8, "Plans": [{"Node Type": "Index Scan", "Parent Relationship": "Outer", "Scan Direction": "Forward", "Index Name": "part_kpey", "Relation Name": "part", "Alias": "part", "Startup Cost": 10000000000.0, "Total Cost": 1000010580325.0, "Plan Rows": 89888, "Plan Width": 8, "Filter": "((p_name)::text ~~ '%dim%'::text)"}]}]}, {"Node Type": "Hash", "Parent Relationship": "Inner", "Startup Cost": 2000072219113.98, "Total Cost": 2000072219113.98, "Plan Rows": 1344499, "Plan Width": 36, "Plans": [{"Node Type": "Hash Join", "Parent Relationship": "Outer", "Join Type": "Inner", "Startup Cost": 1010000534704.38, "Total Cost": 2000072219113.98, "Plan Rows": 1344499, "Plan Width": 36, "Inner Unique": true, "Hash Cond": "(partsupp.ps_suppkey = supplier.s_suppkey), (LLVM Optimized)", "Plans": [{"Node Type": "Index Scan", "Parent Relationship": "Outer", "Scan Direction": "Forward", "Index Name": "partsupp_pkey", "Relation Name": "partsupp", "Alias": "partsupp", "Startup Cost": 10000000000.0, "Total Cost": 1000071640963.22, "Plan Rows": 8000372, "Plan Width": 24}, {"Node Type": "Hash", "Parent Relationship": "Inner", "Startup Cost": 1000000533454.38, "Total Cost": 1000000533454.38, "Plan Rows": 100000, "Plan Width": 12, "Plans": [{"Node Type": "Index Scan", "Parent Relationship": "Outer", "Scan Direction": "Forward", "Index Name": "supplier_pkey", "Relation Name": "supplier", "Alias": "supplier", "Startup Cost": 10000000000.0, "Total Cost": 1000000533454.38, "Plan Rows": 100000, "Plan Width": 12}]}]}]}]}, {"Node Type": "Index Scan", "Parent Relationship": "Inner", "Scan Direction": "Forward", "Index Name": "orders_pkey", "Relation Name": "orders", "Alias": "orders", "Startup Cost": 10000000000.0, "Total Cost": 1000000000029.23, "Plan Rows": 1, "Plan Width": 16, "Index Cond": "(o_orderkey = lineitem.l_orderkey)"}]}, {"Node Type": "Index Scan", "Parent Relationship": "Inner", "Scan Direction": "Forward", "Index Name": "nation_pkey", "Relation Name": "nation", "Alias": "nation", "Startup Cost": 10000000000.0, "Total Cost": 1000000000027.01, "Plan Rows": 1, "Plan Width": 30, "Index Cond": "(n_nationkey = supplier.s_nationkey)"}]}]}]}, "Unique SQL Id": 3628361425}, "explain_analyze_plan": {"Plan": {"Node Type": "Sort", "Startup Cost": 6000407120580.17, "Total Cost": 6000407120580.17, "Plan Rows": 1, "Plan Width": 74, "Actual Startup Time": 99353.944, "Actual Total Time": 99353.957, "Actual Rows": 175, "Actual Loops": 1, "Sort Key": ["nation.n_name", "(date_part('year'::text, orders.o_orderdate)) DESC"], "Sort Method": "quicksort", "Sort Space Used": 52, "Sort Space Type": "Memory", "Plans": [{"Node Type": "Aggregate", "Strategy": "Hashed", "Parent Relationship": "Outer", "Startup Cost": 6000407120580.15, "Total Cost": 6000407120580.16, "Plan Rows": 1, "Plan Width": 74, "Actual Startup Time": 99353.58, "Actual Total Time": 99353.632, "Actual Rows": 175, "Actual Loops": 1, "Group By Key": ["nation.n_name", "date_part('year'::text, orders.o_orderdate)"], "Plans": [{"Node Type": "Nested Loop", "Parent Relationship": "Outer", "Join Type": "Inner", "Startup Cost": 3030082820730.06, "Total Cost": 6000407120580.13, "Plan Rows": 1, "Plan Width": 66, "Actual Startup Time": 14672.545, "Actual Total Time": 95329.211, "Actual Rows": 3256948, "Actual Loops": 1, "Inner Unique": true, "Plans": [{"Node Type": "Nested Loop", "Parent Relationship": "Outer", "Join Type": "Inner", "Startup Cost": 3020082820730.06, "Total Cost": 5000407120553.1, "Plan Rows": 1, "Plan Width": 44, "Actual Startup Time": 14672.516, "Actual Total Time": 86924.886, "Actual Rows": 3256948, "Actual Loops": 1, "Inner Unique": true, "Plans": [{"Node Type": "Hash Join", "Parent Relationship": "Outer", "Join Type": "Inner", "Startup Cost": 3010082820730.06, "Total Cost": 4000407120523.87, "Plan Rows": 1, "Plan Width": 44, "Actual Startup Time": 14672.476, "Actual Total Time": 73366.376, "Actual Rows": 3256948, "Actual Loops": 1, "Inner Unique": false, "Hash Cond": "((lineitem.l_suppkey = partsupp.ps_suppkey) AND (lineitem.l_partkey = partsupp.ps_partkey))", "Plans": [{"Node Type": "Hash Join", "Parent Relationship": "Outer", "Join Type": "Inner", "Startup Cost": 1010010581448.6, "Total Cost": 2000334826730.13, "Plan Rows": 495566, "Plan Width": 56, "Actual Startup Time": 1582.301, "Actual Total Time": 54472.897, "Actual Rows": 3256948, "Actual Loops": 1, "Inner Unique": true, "Hash Cond": "(lineitem.l_partkey = part.p_partkey), (LLVM Optimized, Jit Execute)", "Plans": [{"Node Type": "Index Scan", "Parent Relationship": "Outer", "Scan Direction": "Forward", "Index Name": "idx_lineitem_orderkey", "Relation Name": "lineitem", "Alias": "lineitem", "Startup Cost": 10000000000.0, "Total Cost": 1000324015374.5, "Plan Rows": 59987033, "Plan Width": 48, "Actual Startup Time": 0.041, "Actual Total Time": 35439.943, "Actual Rows": 59986052, "Actual Loops": 1}, {"Node Type": "Hash", "Parent Relationship": "Inner", "Startup Cost": 1000010580325.0, "Total Cost": 1000010580325.0, "Plan Rows": 89888, "Plan Width": 8, "Actual Startup Time": 1582.135, "Actual Total Time": 1582.135, "Actual Rows": 108551, "Actual Loops": 1, "Hash Buckets": 131072, "Hash Batches": 1, "Original Hash Batches": 1, "Peak Memory Usage": 4241, "Plans": [{"Node Type": "Index Scan", "Parent Relationship": "Outer", "Scan Direction": "Forward", "Index Name": "part_kpey", "Relation Name": "part", "Alias": "part", "Startup Cost": 10000000000.0, "Total Cost": 1000010580325.0, "Plan Rows": 89888, "Plan Width": 8, "Actual Startup Time": 0.039, "Actual Total Time": 1539.399, "Actual Rows": 108551, "Actual Loops": 1, "Filter": "((p_name)::text ~~ '%dim%'::text)", "Rows Removed by Filter": 1891449}]}]}, {"Node Type": "Hash", "Parent Relationship": "Inner", "Startup Cost": 2000072219113.98, "Total Cost": 2000072219113.98, "Plan Rows": 1344499, "Plan Width": 36, "Actual Startup Time": 13088.014, "Actual Total Time": 13088.014, "Actual Rows": 8000000, "Actual Loops": 1, "Hash Buckets": 2097152, "Hash Batches": 1, "Original Hash Batches": 1, "Peak Memory Usage": 562500, "Plans": [{"Node Type": "Hash Join", "Parent Relationship": "Outer", "Join Type": "Inner", "Startup Cost": 1010000534704.38, "Total Cost": 2000072219113.98, "Plan Rows": 1344499, "Plan Width": 36, "Actual Startup Time": 106.74, "Actual Total Time": 9674.039, "Actual Rows": 8000000, "Actual Loops": 1, "Inner Unique": true, "Hash Cond": "(partsupp.ps_suppkey = supplier.s_suppkey), (LLVM Optimized, Jit Execute)", "Plans": [{"Node Type": "Index Scan", "Parent Relationship": "Outer", "Scan Direction": "Forward", "Index Name": "partsupp_pkey", "Relation Name": "partsupp", "Alias": "partsupp", "Startup Cost": 10000000000.0, "Total Cost": 1000071640963.22, "Plan Rows": 8000372, "Plan Width": 24, "Actual Startup Time": 0.043, "Actual Total Time": 5473.108, "Actual Rows": 8000000, "Actual Loops": 1}, {"Node Type": "Hash", "Parent Relationship": "Inner", "Startup Cost": 1000000533454.38, "Total Cost": 1000000533454.38, "Plan Rows": 100000, "Plan Width": 12, "Actual Startup Time": 106.576, "Actual Total Time": 106.576, "Actual Rows": 100000, "Actual Loops": 1, "Hash Buckets": 131072, "Hash Batches": 1, "Original Hash Batches": 1, "Peak Memory Usage": 4297, "Plans": [{"Node Type": "Index Scan", "Parent Relationship": "Outer", "Scan Direction": "Forward", "Index Name": "supplier_pkey", "Relation Name": "supplier", "Alias": "supplier", "Startup Cost": 10000000000.0, "Total Cost": 1000000533454.38, "Plan Rows": 100000, "Plan Width": 12, "Actual Startup Time": 0.03, "Actual Total Time": 78.693, "Actual Rows": 100000, "Actual Loops": 1}]}]}]}]}, {"Node Type": "Index Scan", "Parent Relationship": "Inner", "Scan Direction": "Forward", "Index Name": "orders_pkey", "Relation Name": "orders", "Alias": "orders", "Startup Cost": 10000000000.0, "Total Cost": 1000000000029.23, "Plan Rows": 1, "Plan Width": 16, "Actual Startup Time": 10799.162, "Actual Total Time": 10799.162, "Actual Rows": 3256948, "Actual Loops": 3256948, "Index Cond": "(o_orderkey = lineitem.l_orderkey)", "Rows Removed by Index Recheck": 0}]}, {"Node Type": "Index Scan", "Parent Relationship": "Inner", "Scan Direction": "Forward", "Index Name": "nation_pkey", "Relation Name": "nation", "Alias": "nation", "Startup Cost": 10000000000.0, "Total Cost": 1000000000027.01, "Plan Rows": 1, "Plan Width": 30, "Actual Startup Time": 4435.512, "Actual Total Time": 4435.512, "Actual Rows": 3256948, "Actual Loops": 3256948, "Index Cond": "(n_nationkey = supplier.s_nationkey)", "Rows Removed by Index Recheck": 0}]}]}]}, "Triggers": [], "Planner Runtime": 55.197, "Total Runtime": 99363.18, "Unique SQL Id": 3628361425}}, "(64, 112)": {"explain_plan": {"Plan": {"Node Type": "Sort", "Startup Cost": 726568.79, "Total Cost": 726568.8, "Plan Rows": 1, "Plan Width": 74, "Sort Key": ["nation.n_name", "(date_part('year'::text, orders.o_orderdate)) DESC"], "Plans": [{"Node Type": "Aggregate", "Strategy": "Hashed", "Parent Relationship": "Outer", "Startup Cost": 726568.77, "Total Cost": 726568.78, "Plan Rows": 1, "Plan Width": 74, "Group By Key": ["nation.n_name", "date_part('year'::text, orders.o_orderdate)"], "Plans": [{"Node Type": "Nested Loop", "Parent Relationship": "Outer", "Join Type": "Inner", "Startup Cost": 0.0, "Total Cost": 726568.75, "Plan Rows": 1, "Plan Width": 66, "Inner Unique": true, "Plans": [{"Node Type": "Nested Loop", "Parent Relationship": "Outer", "Join Type": "Inner", "Startup Cost": 0.0, "Total Cost": 726568.47, "Plan Rows": 1, "Plan Width": 44, "Inner Unique": true, "Plans": [{"Node Type": "Nested Loop", "Parent Relationship": "Outer", "Join Type": "Inner", "Startup Cost": 0.0, "Total Cost": 726568.17, "Plan Rows": 1, "Plan Width": 44, "Inner Unique": false, "Join Filter": "(supplier.s_suppkey = lineitem.l_suppkey)", "Plans": [{"Node Type": "Nested Loop", "Parent Relationship": "Outer", "Join Type": "Inner", "Startup Cost": 0.0, "Total Cost": 582819.16, "Plan Rows": 125630, "Plan Width": 44, "Inner Unique": true, "Plans": [{"Node Type": "Nested Loop", "Parent Relationship": "Outer", "Join Type": "Inner", "Startup Cost": 0.0, "Total Cost": 509766.04, "Plan Rows": 259666, "Plan Width": 32, "Inner Unique": false, "Plans": [{"Node Type": "Seq Scan", "Parent Relationship": "Outer", "Relation Name": "part", "Alias": "part", "Startup Cost": 0.0, "Total Cost": 66944.0, "Plan Rows": 89888, "Plan Width": 8, "Filter": "((p_name)::text ~~ '%dim%'::text)"}, {"Node Type": "Index Scan", "Parent Relationship": "Inner", "Scan Direction": "Forward", "Index Name": "idx_partsupp_partkey", "Relation Name": "partsupp", "Alias": "partsupp", "Startup Cost": 0.0, "Total Cost": 4.9, "Plan Rows": 3, "Plan Width": 24, "Index Cond": "(ps_partkey = part.p_partkey)"}]}, {"Node Type": "Index Scan", "Parent Relationship": "Inner", "Scan Direction": "Forward", "Index Name": "supplier_pkey", "Relation Name": "supplier", "Alias": "supplier", "Startup Cost": 0.0, "Total Cost": 0.27, "Plan Rows": 1, "Plan Width": 12, "Index Cond": "(s_suppkey = partsupp.ps_suppkey)"}]}, {"Node Type": "Index Scan", "Parent Relationship": "Inner", "Scan Direction": "Forward", "Index Name": "idx_lineitem_part_supp", "Relation Name": "lineitem", "Alias": "lineitem", "Startup Cost": 0.0, "Total Cost": 1.13, "Plan Rows": 1, "Plan Width": 48, "Index Cond": "((l_partkey = partsupp.ps_partkey) AND (l_suppkey = partsupp.ps_suppkey))"}]}, {"Node Type": "Index Scan", "Parent Relationship": "Inner", "Scan Direction": "Forward", "Index Name": "orders_pkey", "Relation Name": "orders", "Alias": "orders", "Startup Cost": 0.0, "Total Cost": 0.29, "Plan Rows": 1, "Plan Width": 16, "Index Cond": "(o_orderkey = lineitem.l_orderkey)"}]}, {"Node Type": "Index Scan", "Parent Relationship": "Inner", "Scan Direction": "Forward", "Index Name": "nation_pkey", "Relation Name": "nation", "Alias": "nation", "Startup Cost": 0.0, "Total Cost": 0.27, "Plan Rows": 1, "Plan Width": 30, "Index Cond": "(n_nationkey = supplier.s_nationkey)"}]}]}]}, "Unique SQL Id": 3628361425}, "explain_analyze_plan": {"Plan": {"Node Type": "Sort", "Startup Cost": 726568.79, "Total Cost": 726568.8, "Plan Rows": 1, "Plan Width": 74, "Actual Startup Time": 57913.139, "Actual Total Time": 57913.153, "Actual Rows": 175, "Actual Loops": 1, "Sort Key": ["nation.n_name", "(date_part('year'::text, orders.o_orderdate)) DESC"], "Sort Method": "quicksort", "Sort Space Used": 52, "Sort Space Type": "Memory", "Plans": [{"Node Type": "Aggregate", "Strategy": "Hashed", "Parent Relationship": "Outer", "Startup Cost": 726568.77, "Total Cost": 726568.78, "Plan Rows": 1, "Plan Width": 74, "Actual Startup Time": 57912.734, "Actual Total Time": 57912.77, "Actual Rows": 175, "Actual Loops": 1, "Group By Key": ["nation.n_name", "date_part('year'::text, orders.o_orderdate)"], "Plans": [{"Node Type": "Nested Loop", "Parent Relationship": "Outer", "Join Type": "Inner", "Startup Cost": 0.0, "Total Cost": 726568.75, "Plan Rows": 1, "Plan Width": 66, "Actual Startup Time": 0.142, "Actual Total Time": 54049.193, "Actual Rows": 3256948, "Actual Loops": 1, "Inner Unique": true, "Plans": [{"Node Type": "Nested Loop", "Parent Relationship": "Outer", "Join Type": "Inner", "Startup Cost": 0.0, "Total Cost": 726568.47, "Plan Rows": 1, "Plan Width": 44, "Actual Startup Time": 0.123, "Actual Total Time": 45240.991, "Actual Rows": 3256948, "Actual Loops": 1, "Inner Unique": true, "Plans": [{"Node Type": "Nested Loop", "Parent Relationship": "Outer", "Join Type": "Inner", "Startup Cost": 0.0, "Total Cost": 726568.17, "Plan Rows": 1, "Plan Width": 44, "Actual Startup Time": 0.101, "Actual Total Time": 17055.772, "Actual Rows": 3256948, "Actual Loops": 1, "Inner Unique": false, "Join Filter": "(supplier.s_suppkey = lineitem.l_suppkey)", "Rows Removed by Join Filter": 0, "Plans": [{"Node Type": "Nested Loop", "Parent Relationship": "Outer", "Join Type": "Inner", "Startup Cost": 0.0, "Total Cost": 582819.16, "Plan Rows": 125630, "Plan Width": 44, "Actual Startup Time": 0.078, "Actual Total Time": 4465.702, "Actual Rows": 434204, "Actual Loops": 1, "Inner Unique": true, "Plans": [{"Node Type": "Nested Loop", "Parent Relationship": "Outer", "Join Type": "Inner", "Startup Cost": 0.0, "Total Cost": 509766.04, "Plan Rows": 259666, "Plan Width": 32, "Actual Startup Time": 0.064, "Actual Total Time": 2321.534, "Actual Rows": 434204, "Actual Loops": 1, "Inner Unique": false, "Plans": [{"Node Type": "Seq Scan", "Parent Relationship": "Outer", "Relation Name": "part", "Alias": "part", "Startup Cost": 0.0, "Total Cost": 66944.0, "Plan Rows": 89888, "Plan Width": 8, "Actual Startup Time": 0.031, "Actual Total Time": 1115.217, "Actual Rows": 108551, "Actual Loops": 1, "Filter": "((p_name)::text ~~ '%dim%'::text)", "Rows Removed by Filter": 1891449}, {"Node Type": "Index Scan", "Parent Relationship": "Inner", "Scan Direction": "Forward", "Index Name": "idx_partsupp_partkey", "Relation Name": "partsupp", "Alias": "partsupp", "Startup Cost": 0.0, "Total Cost": 4.9, "Plan Rows": 3, "Plan Width": 24, "Actual Startup Time": 682.745, "Actual Total Time": 993.204, "Actual Rows": 434204, "Actual Loops": 108551, "Index Cond": "(ps_partkey = part.p_partkey)", "Rows Removed by Index Recheck": 0}]}, {"Node Type": "Index Scan", "Parent Relationship": "Inner", "Scan Direction": "Forward", "Index Name": "supplier_pkey", "Relation Name": "supplier", "Alias": "supplier", "Startup Cost": 0.0, "Total Cost": 0.27, "Plan Rows": 1, "Plan Width": 12, "Actual Startup Time": 1695.991, "Actual Total Time": 1695.991, "Actual Rows": 434204, "Actual Loops": 434204, "Index Cond": "(s_suppkey = partsupp.ps_suppkey)", "Rows Removed by Index Recheck": 0}]}, {"Node Type": "Index Scan", "Parent Relationship": "Inner", "Scan Direction": "Forward", "Index Name": "idx_lineitem_part_supp", "Relation Name": "lineitem", "Alias": "lineitem", "Startup Cost": 0.0, "Total Cost": 1.13, "Plan Rows": 1, "Plan Width": 48, "Actual Startup Time": 3114.159, "Actual Total Time": 10916.615, "Actual Rows": 3256948, "Actual Loops": 434204, "Index Cond": "((l_partkey = partsupp.ps_partkey) AND (l_suppkey = partsupp.ps_suppkey))", "Rows Removed by Index Recheck": 0}]}, {"Node Type": "Index Scan", "Parent Relationship": "Inner", "Scan Direction": "Forward", "Index Name": "orders_pkey", "Relation Name": "orders", "Alias": "orders", "Startup Cost": 0.0, "Total Cost": 0.29, "Plan Rows": 1, "Plan Width": 16, "Actual Startup Time": 25380.628, "Actual Total Time": 25380.628, "Actual Rows": 3256948, "Actual Loops": 3256948, "Index Cond": "(o_orderkey = lineitem.l_orderkey)", "Rows Removed by Index Recheck": 0}]}, {"Node Type": "Index Scan", "Parent Relationship": "Inner", "Scan Direction": "Forward", "Index Name": "nation_pkey", "Relation Name": "nation", "Alias": "nation", "Startup Cost": 0.0, "Total Cost": 0.27, "Plan Rows": 1, "Plan Width": 30, "Actual Startup Time": 4700.981, "Actual Total Time": 4700.981, "Actual Rows": 3256948, "Actual Loops": 3256948, "Index Cond": "(n_nationkey = supplier.s_nationkey)", "Rows Removed by Index Recheck": 0}]}]}]}, "Triggers": [], "Planner Runtime": 11.567, "Total Runtime": 57913.477, "Unique SQL Id": 3628361425}}, "(64, 113)": {"explain_plan": {"Plan": {"Node Type": "Sort", "Startup Cost": 765428.04, "Total Cost": 765428.05, "Plan Rows": 1, "Plan Width": 74, "Sort Key": ["nation.n_name", "(date_part('year'::text, orders.o_orderdate)) DESC"], "Plans": [{"Node Type": "Aggregate", "Strategy": "Hashed", "Parent Relationship": "Outer", "Startup Cost": 765428.02, "Total Cost": 765428.03, "Plan Rows": 1, "Plan Width": 74, "Group By Key": ["nation.n_name", "date_part('year'::text, orders.o_orderdate)"], "Plans": [{"Node Type": "Nested Loop", "Parent Relationship": "Outer", "Join Type": "Inner", "Startup Cost": 0.0, "Total Cost": 765428.0, "Plan Rows": 1, "Plan Width": 66, "Inner Unique": true, "Plans": [{"Node Type": "Nested Loop", "Parent Relationship": "Outer", "Join Type": "Inner", "Startup Cost": 0.0, "Total Cost": 765427.72, "Plan Rows": 1, "Plan Width": 44, "Inner Unique": true, "Plans": [{"Node Type": "Nested Loop", "Parent Relationship": "Outer", "Join Type": "Inner", "Startup Cost": 0.0, "Total Cost": 765427.42, "Plan Rows": 1, "Plan Width": 44, "Inner Unique": false, "Join Filter": "(supplier.s_suppkey = lineitem.l_suppkey)", "Plans": [{"Node Type": "Nested Loop", "Parent Relationship": "Outer", "Join Type": "Inner", "Startup Cost": 0.0, "Total Cost": 621678.41, "Plan Rows": 125630, "Plan Width": 44, "Inner Unique": true, "Plans": [{"Node Type": "Nested Loop", "Parent Relationship": "Outer", "Join Type": "Inner", "Startup Cost": 0.0, "Total Cost": 548625.29, "Plan Rows": 259666, "Plan Width": 32, "Inner Unique": false, "Plans": [{"Node Type": "Index Scan", "Parent Relationship": "Outer", "Scan Direction": "Forward", "Index Name": "part_kpey", "Relation Name": "part", "Alias": "part", "Startup Cost": 0.0, "Total Cost": 105803.25, "Plan Rows": 89888, "Plan Width": 8, "Filter": "((p_name)::text ~~ '%dim%'::text)"}, {"Node Type": "Index Scan", "Parent Relationship": "Inner", "Scan Direction": "Forward", "Index Name": "idx_partsupp_partkey", "Relation Name": "partsupp", "Alias": "partsupp", "Startup Cost": 0.0, "Total Cost": 4.9, "Plan Rows": 3, "Plan Width": 24, "Index Cond": "(ps_partkey = part.p_partkey)"}]}, {"Node Type": "Index Scan", "Parent Relationship": "Inner", "Scan Direction": "Forward", "Index Name": "supplier_pkey", "Relation Name": "supplier", "Alias": "supplier", "Startup Cost": 0.0, "Total Cost": 0.27, "Plan Rows": 1, "Plan Width": 12, "Index Cond": "(s_suppkey = partsupp.ps_suppkey)"}]}, {"Node Type": "Index Scan", "Parent Relationship": "Inner", "Scan Direction": "Forward", "Index Name": "idx_lineitem_part_supp", "Relation Name": "lineitem", "Alias": "lineitem", "Startup Cost": 0.0, "Total Cost": 1.13, "Plan Rows": 1, "Plan Width": 48, "Index Cond": "((l_partkey = partsupp.ps_partkey) AND (l_suppkey = partsupp.ps_suppkey))"}]}, {"Node Type": "Index Scan", "Parent Relationship": "Inner", "Scan Direction": "Forward", "Index Name": "orders_pkey", "Relation Name": "orders", "Alias": "orders", "Startup Cost": 0.0, "Total Cost": 0.29, "Plan Rows": 1, "Plan Width": 16, "Index Cond": "(o_orderkey = lineitem.l_orderkey)"}]}, {"Node Type": "Index Scan", "Parent Relationship": "Inner", "Scan Direction": "Forward", "Index Name": "nation_pkey", "Relation Name": "nation", "Alias": "nation", "Startup Cost": 0.0, "Total Cost": 0.27, "Plan Rows": 1, "Plan Width": 30, "Index Cond": "(n_nationkey = supplier.s_nationkey)"}]}]}]}, "Unique SQL Id": 3628361425}, "explain_analyze_plan": {"Plan": {"Node Type": "Sort", "Startup Cost": 765428.04, "Total Cost": 765428.05, "Plan Rows": 1, "Plan Width": 74, "Actual Startup Time": 58395.452, "Actual Total Time": 58395.467, "Actual Rows": 175, "Actual Loops": 1, "Sort Key": ["nation.n_name", "(date_part('year'::text, orders.o_orderdate)) DESC"], "Sort Method": "quicksort", "Sort Space Used": 52, "Sort Space Type": "Memory", "Plans": [{"Node Type": "Aggregate", "Strategy": "Hashed", "Parent Relationship": "Outer", "Startup Cost": 765428.02, "Total Cost": 765428.03, "Plan Rows": 1, "Plan Width": 74, "Actual Startup Time": 58394.929, "Actual Total Time": 58395.005, "Actual Rows": 175, "Actual Loops": 1, "Group By Key": ["nation.n_name", "date_part('year'::text, orders.o_orderdate)"], "Plans": [{"Node Type": "Nested Loop", "Parent Relationship": "Outer", "Join Type": "Inner", "Startup Cost": 0.0, "Total Cost": 765428.0, "Plan Rows": 1, "Plan Width": 66, "Actual Startup Time": 0.121, "Actual Total Time": 54577.51, "Actual Rows": 3256948, "Actual Loops": 1, "Inner Unique": true, "Plans": [{"Node Type": "Nested Loop", "Parent Relationship": "Outer", "Join Type": "Inner", "Startup Cost": 0.0, "Total Cost": 765427.72, "Plan Rows": 1, "Plan Width": 44, "Actual Startup Time": 0.109, "Actual Total Time": 45803.245, "Actual Rows": 3256948, "Actual Loops": 1, "Inner Unique": true, "Plans": [{"Node Type": "Nested Loop", "Parent Relationship": "Outer", "Join Type": "Inner", "Startup Cost": 0.0, "Total Cost": 765427.42, "Plan Rows": 1, "Plan Width": 44, "Actual Startup Time": 0.094, "Actual Total Time": 17644.726, "Actual Rows": 3256948, "Actual Loops": 1, "Inner Unique": false, "Join Filter": "(supplier.s_suppkey = lineitem.l_suppkey)", "Rows Removed by Join Filter": 0, "Plans": [{"Node Type": "Nested Loop", "Parent Relationship": "Outer", "Join Type": "Inner", "Startup Cost": 0.0, "Total Cost": 621678.41, "Plan Rows": 125630, "Plan Width": 44, "Actual Startup Time": 0.075, "Actual Total Time": 5091.961, "Actual Rows": 434204, "Actual Loops": 1, "Inner Unique": true, "Plans": [{"Node Type": "Nested Loop", "Parent Relationship": "Outer", "Join Type": "Inner", "Startup Cost": 0.0, "Total Cost": 548625.29, "Plan Rows": 259666, "Plan Width": 32, "Actual Startup Time": 0.065, "Actual Total Time": 2924.145, "Actual Rows": 434204, "Actual Loops": 1, "Inner Unique": false, "Plans": [{"Node Type": "Index Scan", "Parent Relationship": "Outer", "Scan Direction": "Forward", "Index Name": "part_kpey", "Relation Name": "part", "Alias": "part", "Startup Cost": 0.0, "Total Cost": 105803.25, "Plan Rows": 89888, "Plan Width": 8, "Actual Startup Time": 0.046, "Actual Total Time": 1729.639, "Actual Rows": 108551, "Actual Loops": 1, "Filter": "((p_name)::text ~~ '%dim%'::text)", "Rows Removed by Filter": 1891449}, {"Node Type": "Index Scan", "Parent Relationship": "Inner", "Scan Direction": "Forward", "Index Name": "idx_partsupp_partkey", "Relation Name": "partsupp", "Alias": "partsupp", "Startup Cost": 0.0, "Total Cost": 4.9, "Plan Rows": 3, "Plan Width": 24, "Actual Startup Time": 683.661, "Actual Total Time": 996.456, "Actual Rows": 434204, "Actual Loops": 108551, "Index Cond": "(ps_partkey = part.p_partkey)", "Rows Removed by Index Recheck": 0}]}, {"Node Type": "Index Scan", "Parent Relationship": "Inner", "Scan Direction": "Forward", "Index Name": "supplier_pkey", "Relation Name": "supplier", "Alias": "supplier", "Startup Cost": 0.0, "Total Cost": 0.27, "Plan Rows": 1, "Plan Width": 12, "Actual Startup Time": 1712.756, "Actual Total Time": 1712.756, "Actual Rows": 434204, "Actual Loops": 434204, "Index Cond": "(s_suppkey = partsupp.ps_suppkey)", "Rows Removed by Index Recheck": 0}]}, {"Node Type": "Index Scan", "Parent Relationship": "Inner", "Scan Direction": "Forward", "Index Name": "idx_lineitem_part_supp", "Relation Name": "lineitem", "Alias": "lineitem", "Startup Cost": 0.0, "Total Cost": 1.13, "Plan Rows": 1, "Plan Width": 48, "Actual Startup Time": 3104.584, "Actual Total Time": 10887.226, "Actual Rows": 3256948, "Actual Loops": 434204, "Index Cond": "((l_partkey = partsupp.ps_partkey) AND (l_suppkey = partsupp.ps_suppkey))", "Rows Removed by Index Recheck": 0}]}, {"Node Type": "Index Scan", "Parent Relationship": "Inner", "Scan Direction": "Forward", "Index Name": "orders_pkey", "Relation Name": "orders", "Alias": "orders", "Startup Cost": 0.0, "Total Cost": 0.29, "Plan Rows": 1, "Plan Width": 16, "Actual Startup Time": 25362.028, "Actual Total Time": 25362.028, "Actual Rows": 3256948, "Actual Loops": 3256948, "Index Cond": "(o_orderkey = lineitem.l_orderkey)", "Rows Removed by Index Recheck": 0}]}, {"Node Type": "Index Scan", "Parent Relationship": "Inner", "Scan Direction": "Forward", "Index Name": "nation_pkey", "Relation Name": "nation", "Alias": "nation", "Startup Cost": 0.0, "Total Cost": 0.27, "Plan Rows": 1, "Plan Width": 30, "Actual Startup Time": 4676.452, "Actual Total Time": 4676.452, "Actual Rows": 3256948, "Actual Loops": 3256948, "Index Cond": "(n_nationkey = supplier.s_nationkey)", "Rows Removed by Index Recheck": 0}]}]}]}, "Triggers": [], "Planner Runtime": 11.195, "Total Runtime": 58395.845, "Unique SQL Id": 3628361425}}, "(64, 114)": {"explain_plan": {"Plan": {"Node Type": "Sort", "Startup Cost": 2094167.51, "Total Cost": 2094167.51, "Plan Rows": 1, "Plan Width": 74, "Sort Key": ["nation.n_name", "(date_part('year'::text, orders.o_orderdate)) DESC"], "Plans": [{"Node Type": "Aggregate", "Strategy": "Hashed", "Parent Relationship": "Outer", "Startup Cost": 2094167.48, "Total Cost": 2094167.5, "Plan Rows": 1, "Plan Width": 74, "Group By Key": ["nation.n_name", "date_part('year'::text, orders.o_orderdate)"], "Plans": [{"Node Type": "Nested Loop", "Parent Relationship": "Outer", "Join Type": "Inner", "Startup Cost": 2.3, "Total Cost": 2094167.47, "Plan Rows": 1, "Plan Width": 66, "Inner Unique": true, "Join Filter": "(supplier.s_nationkey = nation.n_nationkey)", "Plans": [{"Node Type": "Nested Loop", "Parent Relationship": "Outer", "Join Type": "Inner", "Startup Cost": 2.3, "Total Cost": 2094165.9, "Plan Rows": 1, "Plan Width": 44, "Inner Unique": true, "Plans": [{"Node Type": "Nested Loop", "Parent Relationship": "Outer", "Join Type": "Inner", "Startup Cost": 2.03, "Total Cost": 2094161.62, "Plan Rows": 1, "Plan Width": 44, "Inner Unique": false, "Join Filter": "(lineitem.l_suppkey = supplier.s_suppkey)", "Plans": [{"Node Type": "Seq Scan", "Parent Relationship": "Outer", "Relation Name": "supplier", "Alias": "supplier", "Startup Cost": 0.0, "Total Cost": 3283.0, "Plan Rows": 100000, "Plan Width": 12}, {"Node Type": "Materialize", "Parent Relationship": "Inner", "Startup Cost": 2.03, "Total Cost": 2087878.62, "Plan Rows": 2, "Plan Width": 56, "Plans": [{"Node Type": "Nested Loop", "Parent Relationship": "Outer", "Join Type": "Inner", "Startup Cost": 2.03, "Total Cost": 2087878.61, "Plan Rows": 2, "Plan Width": 56, "Inner Unique": false, "Plans": [{"Node Type": "Nested Loop", "Parent Relationship": "Outer", "Join Type": "Inner", "Startup Cost": 1.62, "Total Cost": 936419.45, "Plan Rows": 259666, "Plan Width": 32, "Inner Unique": false, "Plans": [{"Node Type": "Seq Scan", "Parent Relationship": "Outer", "Relation Name": "part", "Alias": "part", "Startup Cost": 0.0, "Total Cost": 66944.0, "Plan Rows": 89888, "Plan Width": 8, "Filter": "((p_name)::text ~~ '%dim%'::text)"}, {"Node Type": "Bitmap Heap Scan", "Parent Relationship": "Inner", "Relation Name": "partsupp", "Alias": "partsupp", "Startup Cost": 1.62, "Total Cost": 9.64, "Plan Rows": 3, "Plan Width": 24, "Recheck Cond": "(ps_partkey = part.p_partkey)", "Plans": [{"Node Type": "Bitmap Index Scan", "Parent Relationship": "Outer", "Index Name": "idx_partsupp_partkey", "Startup Cost": 0.0, "Total Cost": 1.62, "Plan Rows": 3, "Plan Width": 0, "Index Cond": "(ps_partkey = part.p_partkey)"}]}]}, {"Node Type": "Bitmap Heap Scan", "Parent Relationship": "Inner", "Relation Name": "lineitem", "Alias": "lineitem", "Startup Cost": 0.41, "Total Cost": 4.42, "Plan Rows": 1, "Plan Width": 48, "Recheck Cond": "((l_partkey = partsupp.ps_partkey) AND (l_suppkey = partsupp.ps_suppkey))", "Plans": [{"Node Type": "Bitmap Index Scan", "Parent Relationship": "Outer", "Index Name": "idx_lineitem_part_supp", "Startup Cost": 0.0, "Total Cost": 0.41, "Plan Rows": 1, "Plan Width": 0, "Index Cond": "((l_partkey = partsupp.ps_partkey) AND (l_suppkey = partsupp.ps_suppkey))"}]}]}]}]}, {"Node Type": "Bitmap Heap Scan", "Parent Relationship": "Inner", "Relation Name": "orders", "Alias": "orders", "Startup Cost": 0.26, "Total Cost": 4.27, "Plan Rows": 1, "Plan Width": 16, "Recheck Cond": "(o_orderkey = lineitem.l_orderkey)", "Plans": [{"Node Type": "Bitmap Index Scan", "Parent Relationship": "Outer", "Index Name": "orders_pkey", "Startup Cost": 0.0, "Total Cost": 0.26, "Plan Rows": 1, "Plan Width": 0, "Index Cond": "(o_orderkey = lineitem.l_orderkey)"}]}]}, {"Node Type": "Seq Scan", "Parent Relationship": "Inner", "Relation Name": "nation", "Alias": "nation", "Startup Cost": 0.0, "Total Cost": 1.25, "Plan Rows": 25, "Plan Width": 30}]}]}]}, "Unique SQL Id": 3628361425}, "explain_analyze_plan": null}, "(64, 115)": {"explain_plan": {"Plan": {"Node Type": "Sort", "Startup Cost": 1000008167021.57, "Total Cost": 1000008167021.58, "Plan Rows": 1, "Plan Width": 74, "Sort Key": ["nation.n_name", "(date_part('year'::text, orders.o_orderdate)) DESC"], "Plans": [{"Node Type": "Aggregate", "Strategy": "Hashed", "Parent Relationship": "Outer", "Startup Cost": 1000008167021.55, "Total Cost": 1000008167021.56, "Plan Rows": 1, "Plan Width": 74, "Group By Key": ["nation.n_name", "date_part('year'::text, orders.o_orderdate)"], "Plans": [{"Node Type": "Nested Loop", "Parent Relationship": "Outer", "Join Type": "Inner", "Startup Cost": 10000000002.75, "Total Cost": 1000008167021.53, "Plan Rows": 1, "Plan Width": 66, "Inner Unique": true, "Plans": [{"Node Type": "Nested Loop", "Parent Relationship": "Outer", "Join Type": "Inner", "Startup Cost": 10000000002.5, "Total Cost": 1000008167017.25, "Plan Rows": 1, "Plan Width": 44, "Inner Unique": true, "Plans": [{"Node Type": "Nested Loop", "Parent Relationship": "Outer", "Join Type": "Inner", "Startup Cost": 10000000002.24, "Total Cost": 1000008167012.96, "Plan Rows": 1, "Plan Width": 44, "Inner Unique": true, "Join Filter": "(partsupp.ps_partkey = part.p_partkey)", "Plans": [{"Node Type": "Nested Loop", "Parent Relationship": "Outer", "Join Type": "Inner", "Startup Cost": 10000000001.98, "Total Cost": 1000008166987.25, "Plan Rows": 6, "Plan Width": 60, "Inner Unique": false, "Join Filter": "(supplier.s_suppkey = lineitem.l_suppkey)", "Plans": [{"Node Type": "Nested Loop", "Parent Relationship": "Outer", "Join Type": "Inner", "Startup Cost": 10000000001.57, "Total Cost": 1000002201599.04, "Plan Rows": 1344499, "Plan Width": 36, "Inner Unique": false, "Plans": [{"Node Type": "Index Scan", "Parent Relationship": "Outer", "Scan Direction": "Forward", "Index Name": "idx_supplier_nation_key", "Relation Name": "supplier", "Alias": "supplier", "Startup Cost": 10000000000.0, "Total Cost": 1000001217556.78, "Plan Rows": 100000, "Plan Width": 12}, {"Node Type": "Bitmap Heap Scan", "Parent Relationship": "Inner", "Relation Name": "partsupp", "Alias": "partsupp", "Startup Cost": 1.57, "Total Cost": 9.71, "Plan Rows": 13, "Plan Width": 24, "Recheck Cond": "(ps_suppkey = supplier.s_suppkey)", "Plans": [{"Node Type": "Bitmap Index Scan", "Parent Relationship": "Outer", "Index Name": "idx_partsupp_suppkey", "Startup Cost": 0.0, "Total Cost": 1.56, "Plan Rows": 13, "Plan Width": 0, "Index Cond": "(ps_suppkey = supplier.s_suppkey)"}]}]}, {"Node Type": "Bitmap Heap Scan", "Parent Relationship": "Inner", "Relation Name": "lineitem", "Alias": "lineitem", "Startup Cost": 0.41, "Total Cost": 4.42, "Plan Rows": 1, "Plan Width": 48, "Recheck Cond": "((l_partkey = partsupp.ps_partkey) AND (l_suppkey = partsupp.ps_suppkey))", "Plans": [{"Node Type": "Bitmap Index Scan", "Parent Relationship": "Outer", "Index Name": "idx_lineitem_part_supp", "Startup Cost": 0.0, "Total Cost": 0.41, "Plan Rows": 1, "Plan Width": 0, "Index Cond": "((l_partkey = partsupp.ps_partkey) AND (l_suppkey = partsupp.ps_suppkey))"}]}]}, {"Node Type": "Bitmap Heap Scan", "Parent Relationship": "Inner", "Relation Name": "part", "Alias": "part", "Startup Cost": 0.26, "Total Cost": 4.27, "Plan Rows": 1, "Plan Width": 8, "Recheck Cond": "(p_partkey = lineitem.l_partkey)", "Filter": "((p_name)::text ~~ '%dim%'::text)", "Plans": [{"Node Type": "Bitmap Index Scan", "Parent Relationship": "Outer", "Index Name": "part_kpey", "Startup Cost": 0.0, "Total Cost": 0.26, "Plan Rows": 1, "Plan Width": 0, "Index Cond": "(p_partkey = lineitem.l_partkey)"}]}]}, {"Node Type": "Bitmap Heap Scan", "Parent Relationship": "Inner", "Relation Name": "orders", "Alias": "orders", "Startup Cost": 0.26, "Total Cost": 4.27, "Plan Rows": 1, "Plan Width": 16, "Recheck Cond": "(o_orderkey = lineitem.l_orderkey)", "Plans": [{"Node Type": "Bitmap Index Scan", "Parent Relationship": "Outer", "Index Name": "orders_pkey", "Startup Cost": 0.0, "Total Cost": 0.26, "Plan Rows": 1, "Plan Width": 0, "Index Cond": "(o_orderkey = lineitem.l_orderkey)"}]}]}, {"Node Type": "Bitmap Heap Scan", "Parent Relationship": "Inner", "Relation Name": "nation", "Alias": "nation", "Startup Cost": 0.26, "Total Cost": 4.27, "Plan Rows": 1, "Plan Width": 30, "Recheck Cond": "(n_nationkey = supplier.s_nationkey)", "Plans": [{"Node Type": "Bitmap Index Scan", "Parent Relationship": "Outer", "Index Name": "nation_pkey", "Startup Cost": 0.0, "Total Cost": 0.26, "Plan Rows": 1, "Plan Width": 0, "Index Cond": "(n_nationkey = supplier.s_nationkey)"}]}]}]}]}, "Unique SQL Id": 3628361425}, "explain_analyze_plan": null}, "(64, 116)": {"explain_plan": {"Plan": {"Node Type": "Sort", "Startup Cost": 726568.79, "Total Cost": 726568.8, "Plan Rows": 1, "Plan Width": 74, "Sort Key": ["nation.n_name", "(date_part('year'::text, orders.o_orderdate)) DESC"], "Plans": [{"Node Type": "Aggregate", "Strategy": "Hashed", "Parent Relationship": "Outer", "Startup Cost": 726568.77, "Total Cost": 726568.78, "Plan Rows": 1, "Plan Width": 74, "Group By Key": ["nation.n_name", "date_part('year'::text, orders.o_orderdate)"], "Plans": [{"Node Type": "Nested Loop", "Parent Relationship": "Outer", "Join Type": "Inner", "Startup Cost": 0.0, "Total Cost": 726568.75, "Plan Rows": 1, "Plan Width": 66, "Inner Unique": true, "Plans": [{"Node Type": "Nested Loop", "Parent Relationship": "Outer", "Join Type": "Inner", "Startup Cost": 0.0, "Total Cost": 726568.47, "Plan Rows": 1, "Plan Width": 44, "Inner Unique": true, "Plans": [{"Node Type": "Nested Loop", "Parent Relationship": "Outer", "Join Type": "Inner", "Startup Cost": 0.0, "Total Cost": 726568.17, "Plan Rows": 1, "Plan Width": 44, "Inner Unique": false, "Join Filter": "(supplier.s_suppkey = lineitem.l_suppkey)", "Plans": [{"Node Type": "Nested Loop", "Parent Relationship": "Outer", "Join Type": "Inner", "Startup Cost": 0.0, "Total Cost": 582819.16, "Plan Rows": 125630, "Plan Width": 44, "Inner Unique": true, "Plans": [{"Node Type": "Nested Loop", "Parent Relationship": "Outer", "Join Type": "Inner", "Startup Cost": 0.0, "Total Cost": 509766.04, "Plan Rows": 259666, "Plan Width": 32, "Inner Unique": false, "Plans": [{"Node Type": "Seq Scan", "Parent Relationship": "Outer", "Relation Name": "part", "Alias": "part", "Startup Cost": 0.0, "Total Cost": 66944.0, "Plan Rows": 89888, "Plan Width": 8, "Filter": "((p_name)::text ~~ '%dim%'::text)"}, {"Node Type": "Index Scan", "Parent Relationship": "Inner", "Scan Direction": "Forward", "Index Name": "idx_partsupp_partkey", "Relation Name": "partsupp", "Alias": "partsupp", "Startup Cost": 0.0, "Total Cost": 4.9, "Plan Rows": 3, "Plan Width": 24, "Index Cond": "(ps_partkey = part.p_partkey)"}]}, {"Node Type": "Index Scan", "Parent Relationship": "Inner", "Scan Direction": "Forward", "Index Name": "supplier_pkey", "Relation Name": "supplier", "Alias": "supplier", "Startup Cost": 0.0, "Total Cost": 0.27, "Plan Rows": 1, "Plan Width": 12, "Index Cond": "(s_suppkey = partsupp.ps_suppkey)"}]}, {"Node Type": "Index Scan", "Parent Relationship": "Inner", "Scan Direction": "Forward", "Index Name": "idx_lineitem_part_supp", "Relation Name": "lineitem", "Alias": "lineitem", "Startup Cost": 0.0, "Total Cost": 1.13, "Plan Rows": 1, "Plan Width": 48, "Index Cond": "((l_partkey = partsupp.ps_partkey) AND (l_suppkey = partsupp.ps_suppkey))"}]}, {"Node Type": "Index Scan", "Parent Relationship": "Inner", "Scan Direction": "Forward", "Index Name": "orders_pkey", "Relation Name": "orders", "Alias": "orders", "Startup Cost": 0.0, "Total Cost": 0.29, "Plan Rows": 1, "Plan Width": 16, "Index Cond": "(o_orderkey = lineitem.l_orderkey)"}]}, {"Node Type": "Index Scan", "Parent Relationship": "Inner", "Scan Direction": "Forward", "Index Name": "nation_pkey", "Relation Name": "nation", "Alias": "nation", "Startup Cost": 0.0, "Total Cost": 0.27, "Plan Rows": 1, "Plan Width": 30, "Index Cond": "(n_nationkey = supplier.s_nationkey)"}]}]}]}, "Unique SQL Id": 3628361425}, "explain_analyze_plan": {"Plan": {"Node Type": "Sort", "Startup Cost": 726568.79, "Total Cost": 726568.8, "Plan Rows": 1, "Plan Width": 74, "Actual Startup Time": 57913.139, "Actual Total Time": 57913.153, "Actual Rows": 175, "Actual Loops": 1, "Sort Key": ["nation.n_name", "(date_part('year'::text, orders.o_orderdate)) DESC"], "Sort Method": "quicksort", "Sort Space Used": 52, "Sort Space Type": "Memory", "Plans": [{"Node Type": "Aggregate", "Strategy": "Hashed", "Parent Relationship": "Outer", "Startup Cost": 726568.77, "Total Cost": 726568.78, "Plan Rows": 1, "Plan Width": 74, "Actual Startup Time": 57912.734, "Actual Total Time": 57912.77, "Actual Rows": 175, "Actual Loops": 1, "Group By Key": ["nation.n_name", "date_part('year'::text, orders.o_orderdate)"], "Plans": [{"Node Type": "Nested Loop", "Parent Relationship": "Outer", "Join Type": "Inner", "Startup Cost": 0.0, "Total Cost": 726568.75, "Plan Rows": 1, "Plan Width": 66, "Actual Startup Time": 0.142, "Actual Total Time": 54049.193, "Actual Rows": 3256948, "Actual Loops": 1, "Inner Unique": true, "Plans": [{"Node Type": "Nested Loop", "Parent Relationship": "Outer", "Join Type": "Inner", "Startup Cost": 0.0, "Total Cost": 726568.47, "Plan Rows": 1, "Plan Width": 44, "Actual Startup Time": 0.123, "Actual Total Time": 45240.991, "Actual Rows": 3256948, "Actual Loops": 1, "Inner Unique": true, "Plans": [{"Node Type": "Nested Loop", "Parent Relationship": "Outer", "Join Type": "Inner", "Startup Cost": 0.0, "Total Cost": 726568.17, "Plan Rows": 1, "Plan Width": 44, "Actual Startup Time": 0.101, "Actual Total Time": 17055.772, "Actual Rows": 3256948, "Actual Loops": 1, "Inner Unique": false, "Join Filter": "(supplier.s_suppkey = lineitem.l_suppkey)", "Rows Removed by Join Filter": 0, "Plans": [{"Node Type": "Nested Loop", "Parent Relationship": "Outer", "Join Type": "Inner", "Startup Cost": 0.0, "Total Cost": 582819.16, "Plan Rows": 125630, "Plan Width": 44, "Actual Startup Time": 0.078, "Actual Total Time": 4465.702, "Actual Rows": 434204, "Actual Loops": 1, "Inner Unique": true, "Plans": [{"Node Type": "Nested Loop", "Parent Relationship": "Outer", "Join Type": "Inner", "Startup Cost": 0.0, "Total Cost": 509766.04, "Plan Rows": 259666, "Plan Width": 32, "Actual Startup Time": 0.064, "Actual Total Time": 2321.534, "Actual Rows": 434204, "Actual Loops": 1, "Inner Unique": false, "Plans": [{"Node Type": "Seq Scan", "Parent Relationship": "Outer", "Relation Name": "part", "Alias": "part", "Startup Cost": 0.0, "Total Cost": 66944.0, "Plan Rows": 89888, "Plan Width": 8, "Actual Startup Time": 0.031, "Actual Total Time": 1115.217, "Actual Rows": 108551, "Actual Loops": 1, "Filter": "((p_name)::text ~~ '%dim%'::text)", "Rows Removed by Filter": 1891449}, {"Node Type": "Index Scan", "Parent Relationship": "Inner", "Scan Direction": "Forward", "Index Name": "idx_partsupp_partkey", "Relation Name": "partsupp", "Alias": "partsupp", "Startup Cost": 0.0, "Total Cost": 4.9, "Plan Rows": 3, "Plan Width": 24, "Actual Startup Time": 682.745, "Actual Total Time": 993.204, "Actual Rows": 434204, "Actual Loops": 108551, "Index Cond": "(ps_partkey = part.p_partkey)", "Rows Removed by Index Recheck": 0}]}, {"Node Type": "Index Scan", "Parent Relationship": "Inner", "Scan Direction": "Forward", "Index Name": "supplier_pkey", "Relation Name": "supplier", "Alias": "supplier", "Startup Cost": 0.0, "Total Cost": 0.27, "Plan Rows": 1, "Plan Width": 12, "Actual Startup Time": 1695.991, "Actual Total Time": 1695.991, "Actual Rows": 434204, "Actual Loops": 434204, "Index Cond": "(s_suppkey = partsupp.ps_suppkey)", "Rows Removed by Index Recheck": 0}]}, {"Node Type": "Index Scan", "Parent Relationship": "Inner", "Scan Direction": "Forward", "Index Name": "idx_lineitem_part_supp", "Relation Name": "lineitem", "Alias": "lineitem", "Startup Cost": 0.0, "Total Cost": 1.13, "Plan Rows": 1, "Plan Width": 48, "Actual Startup Time": 3114.159, "Actual Total Time": 10916.615, "Actual Rows": 3256948, "Actual Loops": 434204, "Index Cond": "((l_partkey = partsupp.ps_partkey) AND (l_suppkey = partsupp.ps_suppkey))", "Rows Removed by Index Recheck": 0}]}, {"Node Type": "Index Scan", "Parent Relationship": "Inner", "Scan Direction": "Forward", "Index Name": "orders_pkey", "Relation Name": "orders", "Alias": "orders", "Startup Cost": 0.0, "Total Cost": 0.29, "Plan Rows": 1, "Plan Width": 16, "Actual Startup Time": 25380.628, "Actual Total Time": 25380.628, "Actual Rows": 3256948, "Actual Loops": 3256948, "Index Cond": "(o_orderkey = lineitem.l_orderkey)", "Rows Removed by Index Recheck": 0}]}, {"Node Type": "Index Scan", "Parent Relationship": "Inner", "Scan Direction": "Forward", "Index Name": "nation_pkey", "Relation Name": "nation", "Alias": "nation", "Startup Cost": 0.0, "Total Cost": 0.27, "Plan Rows": 1, "Plan Width": 30, "Actual Startup Time": 4700.981, "Actual Total Time": 4700.981, "Actual Rows": 3256948, "Actual Loops": 3256948, "Index Cond": "(n_nationkey = supplier.s_nationkey)", "Rows Removed by Index Recheck": 0}]}]}]}, "Triggers": [], "Planner Runtime": 11.567, "Total Runtime": 57913.477, "Unique SQL Id": 3628361425}}, "(64, 117)": {"explain_plan": {"Plan": {"Node Type": "Sort", "Startup Cost": 765428.04, "Total Cost": 765428.05, "Plan Rows": 1, "Plan Width": 74, "Sort Key": ["nation.n_name", "(date_part('year'::text, orders.o_orderdate)) DESC"], "Plans": [{"Node Type": "Aggregate", "Strategy": "Hashed", "Parent Relationship": "Outer", "Startup Cost": 765428.02, "Total Cost": 765428.03, "Plan Rows": 1, "Plan Width": 74, "Group By Key": ["nation.n_name", "date_part('year'::text, orders.o_orderdate)"], "Plans": [{"Node Type": "Nested Loop", "Parent Relationship": "Outer", "Join Type": "Inner", "Startup Cost": 0.0, "Total Cost": 765428.0, "Plan Rows": 1, "Plan Width": 66, "Inner Unique": true, "Plans": [{"Node Type": "Nested Loop", "Parent Relationship": "Outer", "Join Type": "Inner", "Startup Cost": 0.0, "Total Cost": 765427.72, "Plan Rows": 1, "Plan Width": 44, "Inner Unique": true, "Plans": [{"Node Type": "Nested Loop", "Parent Relationship": "Outer", "Join Type": "Inner", "Startup Cost": 0.0, "Total Cost": 765427.42, "Plan Rows": 1, "Plan Width": 44, "Inner Unique": false, "Join Filter": "(supplier.s_suppkey = lineitem.l_suppkey)", "Plans": [{"Node Type": "Nested Loop", "Parent Relationship": "Outer", "Join Type": "Inner", "Startup Cost": 0.0, "Total Cost": 621678.41, "Plan Rows": 125630, "Plan Width": 44, "Inner Unique": true, "Plans": [{"Node Type": "Nested Loop", "Parent Relationship": "Outer", "Join Type": "Inner", "Startup Cost": 0.0, "Total Cost": 548625.29, "Plan Rows": 259666, "Plan Width": 32, "Inner Unique": false, "Plans": [{"Node Type": "Index Scan", "Parent Relationship": "Outer", "Scan Direction": "Forward", "Index Name": "part_kpey", "Relation Name": "part", "Alias": "part", "Startup Cost": 0.0, "Total Cost": 105803.25, "Plan Rows": 89888, "Plan Width": 8, "Filter": "((p_name)::text ~~ '%dim%'::text)"}, {"Node Type": "Index Scan", "Parent Relationship": "Inner", "Scan Direction": "Forward", "Index Name": "idx_partsupp_partkey", "Relation Name": "partsupp", "Alias": "partsupp", "Startup Cost": 0.0, "Total Cost": 4.9, "Plan Rows": 3, "Plan Width": 24, "Index Cond": "(ps_partkey = part.p_partkey)"}]}, {"Node Type": "Index Scan", "Parent Relationship": "Inner", "Scan Direction": "Forward", "Index Name": "supplier_pkey", "Relation Name": "supplier", "Alias": "supplier", "Startup Cost": 0.0, "Total Cost": 0.27, "Plan Rows": 1, "Plan Width": 12, "Index Cond": "(s_suppkey = partsupp.ps_suppkey)"}]}, {"Node Type": "Index Scan", "Parent Relationship": "Inner", "Scan Direction": "Forward", "Index Name": "idx_lineitem_part_supp", "Relation Name": "lineitem", "Alias": "lineitem", "Startup Cost": 0.0, "Total Cost": 1.13, "Plan Rows": 1, "Plan Width": 48, "Index Cond": "((l_partkey = partsupp.ps_partkey) AND (l_suppkey = partsupp.ps_suppkey))"}]}, {"Node Type": "Index Scan", "Parent Relationship": "Inner", "Scan Direction": "Forward", "Index Name": "orders_pkey", "Relation Name": "orders", "Alias": "orders", "Startup Cost": 0.0, "Total Cost": 0.29, "Plan Rows": 1, "Plan Width": 16, "Index Cond": "(o_orderkey = lineitem.l_orderkey)"}]}, {"Node Type": "Index Scan", "Parent Relationship": "Inner", "Scan Direction": "Forward", "Index Name": "nation_pkey", "Relation Name": "nation", "Alias": "nation", "Startup Cost": 0.0, "Total Cost": 0.27, "Plan Rows": 1, "Plan Width": 30, "Index Cond": "(n_nationkey = supplier.s_nationkey)"}]}]}]}, "Unique SQL Id": 3628361425}, "explain_analyze_plan": {"Plan": {"Node Type": "Sort", "Startup Cost": 765428.04, "Total Cost": 765428.05, "Plan Rows": 1, "Plan Width": 74, "Actual Startup Time": 58395.452, "Actual Total Time": 58395.467, "Actual Rows": 175, "Actual Loops": 1, "Sort Key": ["nation.n_name", "(date_part('year'::text, orders.o_orderdate)) DESC"], "Sort Method": "quicksort", "Sort Space Used": 52, "Sort Space Type": "Memory", "Plans": [{"Node Type": "Aggregate", "Strategy": "Hashed", "Parent Relationship": "Outer", "Startup Cost": 765428.02, "Total Cost": 765428.03, "Plan Rows": 1, "Plan Width": 74, "Actual Startup Time": 58394.929, "Actual Total Time": 58395.005, "Actual Rows": 175, "Actual Loops": 1, "Group By Key": ["nation.n_name", "date_part('year'::text, orders.o_orderdate)"], "Plans": [{"Node Type": "Nested Loop", "Parent Relationship": "Outer", "Join Type": "Inner", "Startup Cost": 0.0, "Total Cost": 765428.0, "Plan Rows": 1, "Plan Width": 66, "Actual Startup Time": 0.121, "Actual Total Time": 54577.51, "Actual Rows": 3256948, "Actual Loops": 1, "Inner Unique": true, "Plans": [{"Node Type": "Nested Loop", "Parent Relationship": "Outer", "Join Type": "Inner", "Startup Cost": 0.0, "Total Cost": 765427.72, "Plan Rows": 1, "Plan Width": 44, "Actual Startup Time": 0.109, "Actual Total Time": 45803.245, "Actual Rows": 3256948, "Actual Loops": 1, "Inner Unique": true, "Plans": [{"Node Type": "Nested Loop", "Parent Relationship": "Outer", "Join Type": "Inner", "Startup Cost": 0.0, "Total Cost": 765427.42, "Plan Rows": 1, "Plan Width": 44, "Actual Startup Time": 0.094, "Actual Total Time": 17644.726, "Actual Rows": 3256948, "Actual Loops": 1, "Inner Unique": false, "Join Filter": "(supplier.s_suppkey = lineitem.l_suppkey)", "Rows Removed by Join Filter": 0, "Plans": [{"Node Type": "Nested Loop", "Parent Relationship": "Outer", "Join Type": "Inner", "Startup Cost": 0.0, "Total Cost": 621678.41, "Plan Rows": 125630, "Plan Width": 44, "Actual Startup Time": 0.075, "Actual Total Time": 5091.961, "Actual Rows": 434204, "Actual Loops": 1, "Inner Unique": true, "Plans": [{"Node Type": "Nested Loop", "Parent Relationship": "Outer", "Join Type": "Inner", "Startup Cost": 0.0, "Total Cost": 548625.29, "Plan Rows": 259666, "Plan Width": 32, "Actual Startup Time": 0.065, "Actual Total Time": 2924.145, "Actual Rows": 434204, "Actual Loops": 1, "Inner Unique": false, "Plans": [{"Node Type": "Index Scan", "Parent Relationship": "Outer", "Scan Direction": "Forward", "Index Name": "part_kpey", "Relation Name": "part", "Alias": "part", "Startup Cost": 0.0, "Total Cost": 105803.25, "Plan Rows": 89888, "Plan Width": 8, "Actual Startup Time": 0.046, "Actual Total Time": 1729.639, "Actual Rows": 108551, "Actual Loops": 1, "Filter": "((p_name)::text ~~ '%dim%'::text)", "Rows Removed by Filter": 1891449}, {"Node Type": "Index Scan", "Parent Relationship": "Inner", "Scan Direction": "Forward", "Index Name": "idx_partsupp_partkey", "Relation Name": "partsupp", "Alias": "partsupp", "Startup Cost": 0.0, "Total Cost": 4.9, "Plan Rows": 3, "Plan Width": 24, "Actual Startup Time": 683.661, "Actual Total Time": 996.456, "Actual Rows": 434204, "Actual Loops": 108551, "Index Cond": "(ps_partkey = part.p_partkey)", "Rows Removed by Index Recheck": 0}]}, {"Node Type": "Index Scan", "Parent Relationship": "Inner", "Scan Direction": "Forward", "Index Name": "supplier_pkey", "Relation Name": "supplier", "Alias": "supplier", "Startup Cost": 0.0, "Total Cost": 0.27, "Plan Rows": 1, "Plan Width": 12, "Actual Startup Time": 1712.756, "Actual Total Time": 1712.756, "Actual Rows": 434204, "Actual Loops": 434204, "Index Cond": "(s_suppkey = partsupp.ps_suppkey)", "Rows Removed by Index Recheck": 0}]}, {"Node Type": "Index Scan", "Parent Relationship": "Inner", "Scan Direction": "Forward", "Index Name": "idx_lineitem_part_supp", "Relation Name": "lineitem", "Alias": "lineitem", "Startup Cost": 0.0, "Total Cost": 1.13, "Plan Rows": 1, "Plan Width": 48, "Actual Startup Time": 3104.584, "Actual Total Time": 10887.226, "Actual Rows": 3256948, "Actual Loops": 434204, "Index Cond": "((l_partkey = partsupp.ps_partkey) AND (l_suppkey = partsupp.ps_suppkey))", "Rows Removed by Index Recheck": 0}]}, {"Node Type": "Index Scan", "Parent Relationship": "Inner", "Scan Direction": "Forward", "Index Name": "orders_pkey", "Relation Name": "orders", "Alias": "orders", "Startup Cost": 0.0, "Total Cost": 0.29, "Plan Rows": 1, "Plan Width": 16, "Actual Startup Time": 25362.028, "Actual Total Time": 25362.028, "Actual Rows": 3256948, "Actual Loops": 3256948, "Index Cond": "(o_orderkey = lineitem.l_orderkey)", "Rows Removed by Index Recheck": 0}]}, {"Node Type": "Index Scan", "Parent Relationship": "Inner", "Scan Direction": "Forward", "Index Name": "nation_pkey", "Relation Name": "nation", "Alias": "nation", "Startup Cost": 0.0, "Total Cost": 0.27, "Plan Rows": 1, "Plan Width": 30, "Actual Startup Time": 4676.452, "Actual Total Time": 4676.452, "Actual Rows": 3256948, "Actual Loops": 3256948, "Index Cond": "(n_nationkey = supplier.s_nationkey)", "Rows Removed by Index Recheck": 0}]}]}]}, "Triggers": [], "Planner Runtime": 11.195, "Total Runtime": 58395.845, "Unique SQL Id": 3628361425}}, "(64, 118)": {"explain_plan": {"Plan": {"Node Type": "Sort", "Startup Cost": 2094167.51, "Total Cost": 2094167.51, "Plan Rows": 1, "Plan Width": 74, "Sort Key": ["nation.n_name", "(date_part('year'::text, orders.o_orderdate)) DESC"], "Plans": [{"Node Type": "Aggregate", "Strategy": "Hashed", "Parent Relationship": "Outer", "Startup Cost": 2094167.48, "Total Cost": 2094167.5, "Plan Rows": 1, "Plan Width": 74, "Group By Key": ["nation.n_name", "date_part('year'::text, orders.o_orderdate)"], "Plans": [{"Node Type": "Nested Loop", "Parent Relationship": "Outer", "Join Type": "Inner", "Startup Cost": 2.3, "Total Cost": 2094167.47, "Plan Rows": 1, "Plan Width": 66, "Inner Unique": true, "Join Filter": "(supplier.s_nationkey = nation.n_nationkey)", "Plans": [{"Node Type": "Nested Loop", "Parent Relationship": "Outer", "Join Type": "Inner", "Startup Cost": 2.3, "Total Cost": 2094165.9, "Plan Rows": 1, "Plan Width": 44, "Inner Unique": true, "Plans": [{"Node Type": "Nested Loop", "Parent Relationship": "Outer", "Join Type": "Inner", "Startup Cost": 2.03, "Total Cost": 2094161.62, "Plan Rows": 1, "Plan Width": 44, "Inner Unique": false, "Join Filter": "(lineitem.l_suppkey = supplier.s_suppkey)", "Plans": [{"Node Type": "Seq Scan", "Parent Relationship": "Outer", "Relation Name": "supplier", "Alias": "supplier", "Startup Cost": 0.0, "Total Cost": 3283.0, "Plan Rows": 100000, "Plan Width": 12}, {"Node Type": "Materialize", "Parent Relationship": "Inner", "Startup Cost": 2.03, "Total Cost": 2087878.62, "Plan Rows": 2, "Plan Width": 56, "Plans": [{"Node Type": "Nested Loop", "Parent Relationship": "Outer", "Join Type": "Inner", "Startup Cost": 2.03, "Total Cost": 2087878.61, "Plan Rows": 2, "Plan Width": 56, "Inner Unique": false, "Plans": [{"Node Type": "Nested Loop", "Parent Relationship": "Outer", "Join Type": "Inner", "Startup Cost": 1.62, "Total Cost": 936419.45, "Plan Rows": 259666, "Plan Width": 32, "Inner Unique": false, "Plans": [{"Node Type": "Seq Scan", "Parent Relationship": "Outer", "Relation Name": "part", "Alias": "part", "Startup Cost": 0.0, "Total Cost": 66944.0, "Plan Rows": 89888, "Plan Width": 8, "Filter": "((p_name)::text ~~ '%dim%'::text)"}, {"Node Type": "Bitmap Heap Scan", "Parent Relationship": "Inner", "Relation Name": "partsupp", "Alias": "partsupp", "Startup Cost": 1.62, "Total Cost": 9.64, "Plan Rows": 3, "Plan Width": 24, "Recheck Cond": "(ps_partkey = part.p_partkey)", "Plans": [{"Node Type": "Bitmap Index Scan", "Parent Relationship": "Outer", "Index Name": "idx_partsupp_partkey", "Startup Cost": 0.0, "Total Cost": 1.62, "Plan Rows": 3, "Plan Width": 0, "Index Cond": "(ps_partkey = part.p_partkey)"}]}]}, {"Node Type": "Bitmap Heap Scan", "Parent Relationship": "Inner", "Relation Name": "lineitem", "Alias": "lineitem", "Startup Cost": 0.41, "Total Cost": 4.42, "Plan Rows": 1, "Plan Width": 48, "Recheck Cond": "((l_partkey = partsupp.ps_partkey) AND (l_suppkey = partsupp.ps_suppkey))", "Plans": [{"Node Type": "Bitmap Index Scan", "Parent Relationship": "Outer", "Index Name": "idx_lineitem_part_supp", "Startup Cost": 0.0, "Total Cost": 0.41, "Plan Rows": 1, "Plan Width": 0, "Index Cond": "((l_partkey = partsupp.ps_partkey) AND (l_suppkey = partsupp.ps_suppkey))"}]}]}]}]}, {"Node Type": "Bitmap Heap Scan", "Parent Relationship": "Inner", "Relation Name": "orders", "Alias": "orders", "Startup Cost": 0.26, "Total Cost": 4.27, "Plan Rows": 1, "Plan Width": 16, "Recheck Cond": "(o_orderkey = lineitem.l_orderkey)", "Plans": [{"Node Type": "Bitmap Index Scan", "Parent Relationship": "Outer", "Index Name": "orders_pkey", "Startup Cost": 0.0, "Total Cost": 0.26, "Plan Rows": 1, "Plan Width": 0, "Index Cond": "(o_orderkey = lineitem.l_orderkey)"}]}]}, {"Node Type": "Seq Scan", "Parent Relationship": "Inner", "Relation Name": "nation", "Alias": "nation", "Startup Cost": 0.0, "Total Cost": 1.25, "Plan Rows": 25, "Plan Width": 30}]}]}]}, "Unique SQL Id": 3628361425}, "explain_analyze_plan": null}, "(64, 119)": {"explain_plan": {"Plan": {"Node Type": "Sort", "Startup Cost": 1000008167021.57, "Total Cost": 1000008167021.58, "Plan Rows": 1, "Plan Width": 74, "Sort Key": ["nation.n_name", "(date_part('year'::text, orders.o_orderdate)) DESC"], "Plans": [{"Node Type": "Aggregate", "Strategy": "Hashed", "Parent Relationship": "Outer", "Startup Cost": 1000008167021.55, "Total Cost": 1000008167021.56, "Plan Rows": 1, "Plan Width": 74, "Group By Key": ["nation.n_name", "date_part('year'::text, orders.o_orderdate)"], "Plans": [{"Node Type": "Nested Loop", "Parent Relationship": "Outer", "Join Type": "Inner", "Startup Cost": 10000000002.75, "Total Cost": 1000008167021.53, "Plan Rows": 1, "Plan Width": 66, "Inner Unique": true, "Plans": [{"Node Type": "Nested Loop", "Parent Relationship": "Outer", "Join Type": "Inner", "Startup Cost": 10000000002.5, "Total Cost": 1000008167017.25, "Plan Rows": 1, "Plan Width": 44, "Inner Unique": true, "Plans": [{"Node Type": "Nested Loop", "Parent Relationship": "Outer", "Join Type": "Inner", "Startup Cost": 10000000002.24, "Total Cost": 1000008167012.96, "Plan Rows": 1, "Plan Width": 44, "Inner Unique": true, "Join Filter": "(partsupp.ps_partkey = part.p_partkey)", "Plans": [{"Node Type": "Nested Loop", "Parent Relationship": "Outer", "Join Type": "Inner", "Startup Cost": 10000000001.98, "Total Cost": 1000008166987.25, "Plan Rows": 6, "Plan Width": 60, "Inner Unique": false, "Join Filter": "(supplier.s_suppkey = lineitem.l_suppkey)", "Plans": [{"Node Type": "Nested Loop", "Parent Relationship": "Outer", "Join Type": "Inner", "Startup Cost": 10000000001.57, "Total Cost": 1000002201599.04, "Plan Rows": 1344499, "Plan Width": 36, "Inner Unique": false, "Plans": [{"Node Type": "Index Scan", "Parent Relationship": "Outer", "Scan Direction": "Forward", "Index Name": "idx_supplier_nation_key", "Relation Name": "supplier", "Alias": "supplier", "Startup Cost": 10000000000.0, "Total Cost": 1000001217556.78, "Plan Rows": 100000, "Plan Width": 12}, {"Node Type": "Bitmap Heap Scan", "Parent Relationship": "Inner", "Relation Name": "partsupp", "Alias": "partsupp", "Startup Cost": 1.57, "Total Cost": 9.71, "Plan Rows": 13, "Plan Width": 24, "Recheck Cond": "(ps_suppkey = supplier.s_suppkey)", "Plans": [{"Node Type": "Bitmap Index Scan", "Parent Relationship": "Outer", "Index Name": "idx_partsupp_suppkey", "Startup Cost": 0.0, "Total Cost": 1.56, "Plan Rows": 13, "Plan Width": 0, "Index Cond": "(ps_suppkey = supplier.s_suppkey)"}]}]}, {"Node Type": "Bitmap Heap Scan", "Parent Relationship": "Inner", "Relation Name": "lineitem", "Alias": "lineitem", "Startup Cost": 0.41, "Total Cost": 4.42, "Plan Rows": 1, "Plan Width": 48, "Recheck Cond": "((l_partkey = partsupp.ps_partkey) AND (l_suppkey = partsupp.ps_suppkey))", "Plans": [{"Node Type": "Bitmap Index Scan", "Parent Relationship": "Outer", "Index Name": "idx_lineitem_part_supp", "Startup Cost": 0.0, "Total Cost": 0.41, "Plan Rows": 1, "Plan Width": 0, "Index Cond": "((l_partkey = partsupp.ps_partkey) AND (l_suppkey = partsupp.ps_suppkey))"}]}]}, {"Node Type": "Bitmap Heap Scan", "Parent Relationship": "Inner", "Relation Name": "part", "Alias": "part", "Startup Cost": 0.26, "Total Cost": 4.27, "Plan Rows": 1, "Plan Width": 8, "Recheck Cond": "(p_partkey = lineitem.l_partkey)", "Filter": "((p_name)::text ~~ '%dim%'::text)", "Plans": [{"Node Type": "Bitmap Index Scan", "Parent Relationship": "Outer", "Index Name": "part_kpey", "Startup Cost": 0.0, "Total Cost": 0.26, "Plan Rows": 1, "Plan Width": 0, "Index Cond": "(p_partkey = lineitem.l_partkey)"}]}]}, {"Node Type": "Bitmap Heap Scan", "Parent Relationship": "Inner", "Relation Name": "orders", "Alias": "orders", "Startup Cost": 0.26, "Total Cost": 4.27, "Plan Rows": 1, "Plan Width": 16, "Recheck Cond": "(o_orderkey = lineitem.l_orderkey)", "Plans": [{"Node Type": "Bitmap Index Scan", "Parent Relationship": "Outer", "Index Name": "orders_pkey", "Startup Cost": 0.0, "Total Cost": 0.26, "Plan Rows": 1, "Plan Width": 0, "Index Cond": "(o_orderkey = lineitem.l_orderkey)"}]}]}, {"Node Type": "Bitmap Heap Scan", "Parent Relationship": "Inner", "Relation Name": "nation", "Alias": "nation", "Startup Cost": 0.26, "Total Cost": 4.27, "Plan Rows": 1, "Plan Width": 30, "Recheck Cond": "(n_nationkey = supplier.s_nationkey)", "Plans": [{"Node Type": "Bitmap Index Scan", "Parent Relationship": "Outer", "Index Name": "nation_pkey", "Startup Cost": 0.0, "Total Cost": 0.26, "Plan Rows": 1, "Plan Width": 0, "Index Cond": "(n_nationkey = supplier.s_nationkey)"}]}]}]}]}, "Unique SQL Id": 3628361425}, "explain_analyze_plan": null}, "(64, 120)": {"explain_plan": {"Plan": {"Node Type": "Sort", "Startup Cost": 726568.79, "Total Cost": 726568.8, "Plan Rows": 1, "Plan Width": 74, "Sort Key": ["nation.n_name", "(date_part('year'::text, orders.o_orderdate)) DESC"], "Plans": [{"Node Type": "Aggregate", "Strategy": "Hashed", "Parent Relationship": "Outer", "Startup Cost": 726568.77, "Total Cost": 726568.78, "Plan Rows": 1, "Plan Width": 74, "Group By Key": ["nation.n_name", "date_part('year'::text, orders.o_orderdate)"], "Plans": [{"Node Type": "Nested Loop", "Parent Relationship": "Outer", "Join Type": "Inner", "Startup Cost": 0.0, "Total Cost": 726568.75, "Plan Rows": 1, "Plan Width": 66, "Inner Unique": true, "Plans": [{"Node Type": "Nested Loop", "Parent Relationship": "Outer", "Join Type": "Inner", "Startup Cost": 0.0, "Total Cost": 726568.47, "Plan Rows": 1, "Plan Width": 44, "Inner Unique": true, "Plans": [{"Node Type": "Nested Loop", "Parent Relationship": "Outer", "Join Type": "Inner", "Startup Cost": 0.0, "Total Cost": 726568.17, "Plan Rows": 1, "Plan Width": 44, "Inner Unique": false, "Join Filter": "(supplier.s_suppkey = lineitem.l_suppkey)", "Plans": [{"Node Type": "Nested Loop", "Parent Relationship": "Outer", "Join Type": "Inner", "Startup Cost": 0.0, "Total Cost": 582819.16, "Plan Rows": 125630, "Plan Width": 44, "Inner Unique": true, "Plans": [{"Node Type": "Nested Loop", "Parent Relationship": "Outer", "Join Type": "Inner", "Startup Cost": 0.0, "Total Cost": 509766.04, "Plan Rows": 259666, "Plan Width": 32, "Inner Unique": false, "Plans": [{"Node Type": "Seq Scan", "Parent Relationship": "Outer", "Relation Name": "part", "Alias": "part", "Startup Cost": 0.0, "Total Cost": 66944.0, "Plan Rows": 89888, "Plan Width": 8, "Filter": "((p_name)::text ~~ '%dim%'::text)"}, {"Node Type": "Index Scan", "Parent Relationship": "Inner", "Scan Direction": "Forward", "Index Name": "idx_partsupp_partkey", "Relation Name": "partsupp", "Alias": "partsupp", "Startup Cost": 0.0, "Total Cost": 4.9, "Plan Rows": 3, "Plan Width": 24, "Index Cond": "(ps_partkey = part.p_partkey)"}]}, {"Node Type": "Index Scan", "Parent Relationship": "Inner", "Scan Direction": "Forward", "Index Name": "supplier_pkey", "Relation Name": "supplier", "Alias": "supplier", "Startup Cost": 0.0, "Total Cost": 0.27, "Plan Rows": 1, "Plan Width": 12, "Index Cond": "(s_suppkey = partsupp.ps_suppkey)"}]}, {"Node Type": "Index Scan", "Parent Relationship": "Inner", "Scan Direction": "Forward", "Index Name": "idx_lineitem_part_supp", "Relation Name": "lineitem", "Alias": "lineitem", "Startup Cost": 0.0, "Total Cost": 1.13, "Plan Rows": 1, "Plan Width": 48, "Index Cond": "((l_partkey = partsupp.ps_partkey) AND (l_suppkey = partsupp.ps_suppkey))"}]}, {"Node Type": "Index Scan", "Parent Relationship": "Inner", "Scan Direction": "Forward", "Index Name": "orders_pkey", "Relation Name": "orders", "Alias": "orders", "Startup Cost": 0.0, "Total Cost": 0.29, "Plan Rows": 1, "Plan Width": 16, "Index Cond": "(o_orderkey = lineitem.l_orderkey)"}]}, {"Node Type": "Index Scan", "Parent Relationship": "Inner", "Scan Direction": "Forward", "Index Name": "nation_pkey", "Relation Name": "nation", "Alias": "nation", "Startup Cost": 0.0, "Total Cost": 0.27, "Plan Rows": 1, "Plan Width": 30, "Index Cond": "(n_nationkey = supplier.s_nationkey)"}]}]}]}, "Unique SQL Id": 3628361425}, "explain_analyze_plan": {"Plan": {"Node Type": "Sort", "Startup Cost": 726568.79, "Total Cost": 726568.8, "Plan Rows": 1, "Plan Width": 74, "Actual Startup Time": 57913.139, "Actual Total Time": 57913.153, "Actual Rows": 175, "Actual Loops": 1, "Sort Key": ["nation.n_name", "(date_part('year'::text, orders.o_orderdate)) DESC"], "Sort Method": "quicksort", "Sort Space Used": 52, "Sort Space Type": "Memory", "Plans": [{"Node Type": "Aggregate", "Strategy": "Hashed", "Parent Relationship": "Outer", "Startup Cost": 726568.77, "Total Cost": 726568.78, "Plan Rows": 1, "Plan Width": 74, "Actual Startup Time": 57912.734, "Actual Total Time": 57912.77, "Actual Rows": 175, "Actual Loops": 1, "Group By Key": ["nation.n_name", "date_part('year'::text, orders.o_orderdate)"], "Plans": [{"Node Type": "Nested Loop", "Parent Relationship": "Outer", "Join Type": "Inner", "Startup Cost": 0.0, "Total Cost": 726568.75, "Plan Rows": 1, "Plan Width": 66, "Actual Startup Time": 0.142, "Actual Total Time": 54049.193, "Actual Rows": 3256948, "Actual Loops": 1, "Inner Unique": true, "Plans": [{"Node Type": "Nested Loop", "Parent Relationship": "Outer", "Join Type": "Inner", "Startup Cost": 0.0, "Total Cost": 726568.47, "Plan Rows": 1, "Plan Width": 44, "Actual Startup Time": 0.123, "Actual Total Time": 45240.991, "Actual Rows": 3256948, "Actual Loops": 1, "Inner Unique": true, "Plans": [{"Node Type": "Nested Loop", "Parent Relationship": "Outer", "Join Type": "Inner", "Startup Cost": 0.0, "Total Cost": 726568.17, "Plan Rows": 1, "Plan Width": 44, "Actual Startup Time": 0.101, "Actual Total Time": 17055.772, "Actual Rows": 3256948, "Actual Loops": 1, "Inner Unique": false, "Join Filter": "(supplier.s_suppkey = lineitem.l_suppkey)", "Rows Removed by Join Filter": 0, "Plans": [{"Node Type": "Nested Loop", "Parent Relationship": "Outer", "Join Type": "Inner", "Startup Cost": 0.0, "Total Cost": 582819.16, "Plan Rows": 125630, "Plan Width": 44, "Actual Startup Time": 0.078, "Actual Total Time": 4465.702, "Actual Rows": 434204, "Actual Loops": 1, "Inner Unique": true, "Plans": [{"Node Type": "Nested Loop", "Parent Relationship": "Outer", "Join Type": "Inner", "Startup Cost": 0.0, "Total Cost": 509766.04, "Plan Rows": 259666, "Plan Width": 32, "Actual Startup Time": 0.064, "Actual Total Time": 2321.534, "Actual Rows": 434204, "Actual Loops": 1, "Inner Unique": false, "Plans": [{"Node Type": "Seq Scan", "Parent Relationship": "Outer", "Relation Name": "part", "Alias": "part", "Startup Cost": 0.0, "Total Cost": 66944.0, "Plan Rows": 89888, "Plan Width": 8, "Actual Startup Time": 0.031, "Actual Total Time": 1115.217, "Actual Rows": 108551, "Actual Loops": 1, "Filter": "((p_name)::text ~~ '%dim%'::text)", "Rows Removed by Filter": 1891449}, {"Node Type": "Index Scan", "Parent Relationship": "Inner", "Scan Direction": "Forward", "Index Name": "idx_partsupp_partkey", "Relation Name": "partsupp", "Alias": "partsupp", "Startup Cost": 0.0, "Total Cost": 4.9, "Plan Rows": 3, "Plan Width": 24, "Actual Startup Time": 682.745, "Actual Total Time": 993.204, "Actual Rows": 434204, "Actual Loops": 108551, "Index Cond": "(ps_partkey = part.p_partkey)", "Rows Removed by Index Recheck": 0}]}, {"Node Type": "Index Scan", "Parent Relationship": "Inner", "Scan Direction": "Forward", "Index Name": "supplier_pkey", "Relation Name": "supplier", "Alias": "supplier", "Startup Cost": 0.0, "Total Cost": 0.27, "Plan Rows": 1, "Plan Width": 12, "Actual Startup Time": 1695.991, "Actual Total Time": 1695.991, "Actual Rows": 434204, "Actual Loops": 434204, "Index Cond": "(s_suppkey = partsupp.ps_suppkey)", "Rows Removed by Index Recheck": 0}]}, {"Node Type": "Index Scan", "Parent Relationship": "Inner", "Scan Direction": "Forward", "Index Name": "idx_lineitem_part_supp", "Relation Name": "lineitem", "Alias": "lineitem", "Startup Cost": 0.0, "Total Cost": 1.13, "Plan Rows": 1, "Plan Width": 48, "Actual Startup Time": 3114.159, "Actual Total Time": 10916.615, "Actual Rows": 3256948, "Actual Loops": 434204, "Index Cond": "((l_partkey = partsupp.ps_partkey) AND (l_suppkey = partsupp.ps_suppkey))", "Rows Removed by Index Recheck": 0}]}, {"Node Type": "Index Scan", "Parent Relationship": "Inner", "Scan Direction": "Forward", "Index Name": "orders_pkey", "Relation Name": "orders", "Alias": "orders", "Startup Cost": 0.0, "Total Cost": 0.29, "Plan Rows": 1, "Plan Width": 16, "Actual Startup Time": 25380.628, "Actual Total Time": 25380.628, "Actual Rows": 3256948, "Actual Loops": 3256948, "Index Cond": "(o_orderkey = lineitem.l_orderkey)", "Rows Removed by Index Recheck": 0}]}, {"Node Type": "Index Scan", "Parent Relationship": "Inner", "Scan Direction": "Forward", "Index Name": "nation_pkey", "Relation Name": "nation", "Alias": "nation", "Startup Cost": 0.0, "Total Cost": 0.27, "Plan Rows": 1, "Plan Width": 30, "Actual Startup Time": 4700.981, "Actual Total Time": 4700.981, "Actual Rows": 3256948, "Actual Loops": 3256948, "Index Cond": "(n_nationkey = supplier.s_nationkey)", "Rows Removed by Index Recheck": 0}]}]}]}, "Triggers": [], "Planner Runtime": 11.567, "Total Runtime": 57913.477, "Unique SQL Id": 3628361425}}, "(64, 121)": {"explain_plan": {"Plan": {"Node Type": "Sort", "Startup Cost": 765428.04, "Total Cost": 765428.05, "Plan Rows": 1, "Plan Width": 74, "Sort Key": ["nation.n_name", "(date_part('year'::text, orders.o_orderdate)) DESC"], "Plans": [{"Node Type": "Aggregate", "Strategy": "Hashed", "Parent Relationship": "Outer", "Startup Cost": 765428.02, "Total Cost": 765428.03, "Plan Rows": 1, "Plan Width": 74, "Group By Key": ["nation.n_name", "date_part('year'::text, orders.o_orderdate)"], "Plans": [{"Node Type": "Nested Loop", "Parent Relationship": "Outer", "Join Type": "Inner", "Startup Cost": 0.0, "Total Cost": 765428.0, "Plan Rows": 1, "Plan Width": 66, "Inner Unique": true, "Plans": [{"Node Type": "Nested Loop", "Parent Relationship": "Outer", "Join Type": "Inner", "Startup Cost": 0.0, "Total Cost": 765427.72, "Plan Rows": 1, "Plan Width": 44, "Inner Unique": true, "Plans": [{"Node Type": "Nested Loop", "Parent Relationship": "Outer", "Join Type": "Inner", "Startup Cost": 0.0, "Total Cost": 765427.42, "Plan Rows": 1, "Plan Width": 44, "Inner Unique": false, "Join Filter": "(supplier.s_suppkey = lineitem.l_suppkey)", "Plans": [{"Node Type": "Nested Loop", "Parent Relationship": "Outer", "Join Type": "Inner", "Startup Cost": 0.0, "Total Cost": 621678.41, "Plan Rows": 125630, "Plan Width": 44, "Inner Unique": true, "Plans": [{"Node Type": "Nested Loop", "Parent Relationship": "Outer", "Join Type": "Inner", "Startup Cost": 0.0, "Total Cost": 548625.29, "Plan Rows": 259666, "Plan Width": 32, "Inner Unique": false, "Plans": [{"Node Type": "Index Scan", "Parent Relationship": "Outer", "Scan Direction": "Forward", "Index Name": "part_kpey", "Relation Name": "part", "Alias": "part", "Startup Cost": 0.0, "Total Cost": 105803.25, "Plan Rows": 89888, "Plan Width": 8, "Filter": "((p_name)::text ~~ '%dim%'::text)"}, {"Node Type": "Index Scan", "Parent Relationship": "Inner", "Scan Direction": "Forward", "Index Name": "idx_partsupp_partkey", "Relation Name": "partsupp", "Alias": "partsupp", "Startup Cost": 0.0, "Total Cost": 4.9, "Plan Rows": 3, "Plan Width": 24, "Index Cond": "(ps_partkey = part.p_partkey)"}]}, {"Node Type": "Index Scan", "Parent Relationship": "Inner", "Scan Direction": "Forward", "Index Name": "supplier_pkey", "Relation Name": "supplier", "Alias": "supplier", "Startup Cost": 0.0, "Total Cost": 0.27, "Plan Rows": 1, "Plan Width": 12, "Index Cond": "(s_suppkey = partsupp.ps_suppkey)"}]}, {"Node Type": "Index Scan", "Parent Relationship": "Inner", "Scan Direction": "Forward", "Index Name": "idx_lineitem_part_supp", "Relation Name": "lineitem", "Alias": "lineitem", "Startup Cost": 0.0, "Total Cost": 1.13, "Plan Rows": 1, "Plan Width": 48, "Index Cond": "((l_partkey = partsupp.ps_partkey) AND (l_suppkey = partsupp.ps_suppkey))"}]}, {"Node Type": "Index Scan", "Parent Relationship": "Inner", "Scan Direction": "Forward", "Index Name": "orders_pkey", "Relation Name": "orders", "Alias": "orders", "Startup Cost": 0.0, "Total Cost": 0.29, "Plan Rows": 1, "Plan Width": 16, "Index Cond": "(o_orderkey = lineitem.l_orderkey)"}]}, {"Node Type": "Index Scan", "Parent Relationship": "Inner", "Scan Direction": "Forward", "Index Name": "nation_pkey", "Relation Name": "nation", "Alias": "nation", "Startup Cost": 0.0, "Total Cost": 0.27, "Plan Rows": 1, "Plan Width": 30, "Index Cond": "(n_nationkey = supplier.s_nationkey)"}]}]}]}, "Unique SQL Id": 3628361425}, "explain_analyze_plan": {"Plan": {"Node Type": "Sort", "Startup Cost": 765428.04, "Total Cost": 765428.05, "Plan Rows": 1, "Plan Width": 74, "Actual Startup Time": 58395.452, "Actual Total Time": 58395.467, "Actual Rows": 175, "Actual Loops": 1, "Sort Key": ["nation.n_name", "(date_part('year'::text, orders.o_orderdate)) DESC"], "Sort Method": "quicksort", "Sort Space Used": 52, "Sort Space Type": "Memory", "Plans": [{"Node Type": "Aggregate", "Strategy": "Hashed", "Parent Relationship": "Outer", "Startup Cost": 765428.02, "Total Cost": 765428.03, "Plan Rows": 1, "Plan Width": 74, "Actual Startup Time": 58394.929, "Actual Total Time": 58395.005, "Actual Rows": 175, "Actual Loops": 1, "Group By Key": ["nation.n_name", "date_part('year'::text, orders.o_orderdate)"], "Plans": [{"Node Type": "Nested Loop", "Parent Relationship": "Outer", "Join Type": "Inner", "Startup Cost": 0.0, "Total Cost": 765428.0, "Plan Rows": 1, "Plan Width": 66, "Actual Startup Time": 0.121, "Actual Total Time": 54577.51, "Actual Rows": 3256948, "Actual Loops": 1, "Inner Unique": true, "Plans": [{"Node Type": "Nested Loop", "Parent Relationship": "Outer", "Join Type": "Inner", "Startup Cost": 0.0, "Total Cost": 765427.72, "Plan Rows": 1, "Plan Width": 44, "Actual Startup Time": 0.109, "Actual Total Time": 45803.245, "Actual Rows": 3256948, "Actual Loops": 1, "Inner Unique": true, "Plans": [{"Node Type": "Nested Loop", "Parent Relationship": "Outer", "Join Type": "Inner", "Startup Cost": 0.0, "Total Cost": 765427.42, "Plan Rows": 1, "Plan Width": 44, "Actual Startup Time": 0.094, "Actual Total Time": 17644.726, "Actual Rows": 3256948, "Actual Loops": 1, "Inner Unique": false, "Join Filter": "(supplier.s_suppkey = lineitem.l_suppkey)", "Rows Removed by Join Filter": 0, "Plans": [{"Node Type": "Nested Loop", "Parent Relationship": "Outer", "Join Type": "Inner", "Startup Cost": 0.0, "Total Cost": 621678.41, "Plan Rows": 125630, "Plan Width": 44, "Actual Startup Time": 0.075, "Actual Total Time": 5091.961, "Actual Rows": 434204, "Actual Loops": 1, "Inner Unique": true, "Plans": [{"Node Type": "Nested Loop", "Parent Relationship": "Outer", "Join Type": "Inner", "Startup Cost": 0.0, "Total Cost": 548625.29, "Plan Rows": 259666, "Plan Width": 32, "Actual Startup Time": 0.065, "Actual Total Time": 2924.145, "Actual Rows": 434204, "Actual Loops": 1, "Inner Unique": false, "Plans": [{"Node Type": "Index Scan", "Parent Relationship": "Outer", "Scan Direction": "Forward", "Index Name": "part_kpey", "Relation Name": "part", "Alias": "part", "Startup Cost": 0.0, "Total Cost": 105803.25, "Plan Rows": 89888, "Plan Width": 8, "Actual Startup Time": 0.046, "Actual Total Time": 1729.639, "Actual Rows": 108551, "Actual Loops": 1, "Filter": "((p_name)::text ~~ '%dim%'::text)", "Rows Removed by Filter": 1891449}, {"Node Type": "Index Scan", "Parent Relationship": "Inner", "Scan Direction": "Forward", "Index Name": "idx_partsupp_partkey", "Relation Name": "partsupp", "Alias": "partsupp", "Startup Cost": 0.0, "Total Cost": 4.9, "Plan Rows": 3, "Plan Width": 24, "Actual Startup Time": 683.661, "Actual Total Time": 996.456, "Actual Rows": 434204, "Actual Loops": 108551, "Index Cond": "(ps_partkey = part.p_partkey)", "Rows Removed by Index Recheck": 0}]}, {"Node Type": "Index Scan", "Parent Relationship": "Inner", "Scan Direction": "Forward", "Index Name": "supplier_pkey", "Relation Name": "supplier", "Alias": "supplier", "Startup Cost": 0.0, "Total Cost": 0.27, "Plan Rows": 1, "Plan Width": 12, "Actual Startup Time": 1712.756, "Actual Total Time": 1712.756, "Actual Rows": 434204, "Actual Loops": 434204, "Index Cond": "(s_suppkey = partsupp.ps_suppkey)", "Rows Removed by Index Recheck": 0}]}, {"Node Type": "Index Scan", "Parent Relationship": "Inner", "Scan Direction": "Forward", "Index Name": "idx_lineitem_part_supp", "Relation Name": "lineitem", "Alias": "lineitem", "Startup Cost": 0.0, "Total Cost": 1.13, "Plan Rows": 1, "Plan Width": 48, "Actual Startup Time": 3104.584, "Actual Total Time": 10887.226, "Actual Rows": 3256948, "Actual Loops": 434204, "Index Cond": "((l_partkey = partsupp.ps_partkey) AND (l_suppkey = partsupp.ps_suppkey))", "Rows Removed by Index Recheck": 0}]}, {"Node Type": "Index Scan", "Parent Relationship": "Inner", "Scan Direction": "Forward", "Index Name": "orders_pkey", "Relation Name": "orders", "Alias": "orders", "Startup Cost": 0.0, "Total Cost": 0.29, "Plan Rows": 1, "Plan Width": 16, "Actual Startup Time": 25362.028, "Actual Total Time": 25362.028, "Actual Rows": 3256948, "Actual Loops": 3256948, "Index Cond": "(o_orderkey = lineitem.l_orderkey)", "Rows Removed by Index Recheck": 0}]}, {"Node Type": "Index Scan", "Parent Relationship": "Inner", "Scan Direction": "Forward", "Index Name": "nation_pkey", "Relation Name": "nation", "Alias": "nation", "Startup Cost": 0.0, "Total Cost": 0.27, "Plan Rows": 1, "Plan Width": 30, "Actual Startup Time": 4676.452, "Actual Total Time": 4676.452, "Actual Rows": 3256948, "Actual Loops": 3256948, "Index Cond": "(n_nationkey = supplier.s_nationkey)", "Rows Removed by Index Recheck": 0}]}]}]}, "Triggers": [], "Planner Runtime": 11.195, "Total Runtime": 58395.845, "Unique SQL Id": 3628361425}}, "(64, 122)": {"explain_plan": {"Plan": {"Node Type": "Sort", "Startup Cost": 98266689006.74, "Total Cost": 98266689006.74, "Plan Rows": 1, "Plan Width": 74, "Sort Key": ["nation.n_name", "(date_part('year'::text, orders.o_orderdate)) DESC"], "Plans": [{"Node Type": "Aggregate", "Strategy": "Hashed", "Parent Relationship": "Outer", "Startup Cost": 98266689006.72, "Total Cost": 98266689006.73, "Plan Rows": 1, "Plan Width": 74, "Group By Key": ["nation.n_name", "date_part('year'::text, orders.o_orderdate)"], "Plans": [{"Node Type": "Nested Loop", "Parent Relationship": "Outer", "Join Type": "Inner", "Startup Cost": 0.0, "Total Cost": 98266689006.7, "Plan Rows": 1, "Plan Width": 66, "Inner Unique": true, "Join Filter": "(supplier.s_nationkey = nation.n_nationkey)", "Plans": [{"Node Type": "Nested Loop", "Parent Relationship": "Outer", "Join Type": "Inner", "Startup Cost": 0.0, "Total Cost": 98266689005.13, "Plan Rows": 1, "Plan Width": 44, "Inner Unique": true, "Join Filter": "(lineitem.l_orderkey = orders.o_orderkey)", "Plans": [{"Node Type": "Nested Loop", "Parent Relationship": "Outer", "Join Type": "Inner", "Startup Cost": 0.0, "Total Cost": 98266075097.86, "Plan Rows": 1, "Plan Width": 44, "Inner Unique": false, "Join Filter": "((lineitem.l_suppkey = partsupp.ps_suppkey) AND (lineitem.l_partkey = partsupp.ps_partkey))", "Plans": [{"Node Type": "Seq Scan", "Parent Relationship": "Outer", "Relation Name": "partsupp", "Alias": "partsupp", "Startup Cost": 0.0, "Total Cost": 269987.72, "Plan Rows": 8000372, "Plan Width": 24}, {"Node Type": "Materialize", "Parent Relationship": "Inner", "Startup Cost": 0.0, "Total Cost": 81627151745.82, "Plan Rows": 118842, "Plan Width": 68, "Plans": [{"Node Type": "Nested Loop", "Parent Relationship": "Outer", "Join Type": "Inner", "Startup Cost": 0.0, "Total Cost": 81627151151.61, "Plan Rows": 118842, "Plan Width": 68, "Inner Unique": true, "Join Filter": "(lineitem.l_suppkey = supplier.s_suppkey), (LLVM Optimized)", "Plans": [{"Node Type": "Nested Loop", "Parent Relationship": "Outer", "Join Type": "Inner", "Startup Cost": 0.0, "Total Cost": 80883798618.61, "Plan Rows": 495566, "Plan Width": 56, "Inner Unique": true, "Join Filter": "(part.p_partkey = lineitem.l_partkey), (LLVM Optimized)", "Plans": [{"Node Type": "Seq Scan", "Parent Relationship": "Outer", "Relation Name": "lineitem", "Alias": "lineitem", "Startup Cost": 0.0, "Total Cost": 2015115.33, "Plan Rows": 59987033, "Plan Width": 48}, {"Node Type": "Materialize", "Parent Relationship": "Inner", "Startup Cost": 0.0, "Total Cost": 67393.44, "Plan Rows": 89888, "Plan Width": 8, "Plans": [{"Node Type": "Seq Scan", "Parent Relationship": "Outer", "Relation Name": "part", "Alias": "part", "Startup Cost": 0.0, "Total Cost": 66944.0, "Plan Rows": 89888, "Plan Width": 8, "Filter": "((p_name)::text ~~ '%dim%'::text)"}]}]}, {"Node Type": "Materialize", "Parent Relationship": "Inner", "Startup Cost": 0.0, "Total Cost": 3783.0, "Plan Rows": 100000, "Plan Width": 12, "Plans": [{"Node Type": "Seq Scan", "Parent Relationship": "Outer", "Relation Name": "supplier", "Alias": "supplier", "Startup Cost": 0.0, "Total Cost": 3283.0, "Plan Rows": 100000, "Plan Width": 12}]}]}]}]}, {"Node Type": "Seq Scan", "Parent Relationship": "Inner", "Relation Name": "orders", "Alias": "orders", "Startup Cost": 0.0, "Total Cost": 426413.79, "Plan Rows": 14999479, "Plan Width": 16}]}, {"Node Type": "Seq Scan", "Parent Relationship": "Inner", "Relation Name": "nation", "Alias": "nation", "Startup Cost": 0.0, "Total Cost": 1.25, "Plan Rows": 25, "Plan Width": 30}]}]}]}, "Unique SQL Id": 3628361425}, "explain_analyze_plan": null}, "(64, 123)": {"explain_plan": {"Plan": {"Node Type": "Sort", "Startup Cost": 6098670509645.03, "Total Cost": 6098670509645.03, "Plan Rows": 1, "Plan Width": 74, "Sort Key": ["nation.n_name", "(date_part('year'::text, orders.o_orderdate)) DESC"], "Plans": [{"Node Type": "Aggregate", "Strategy": "Hashed", "Parent Relationship": "Outer", "Startup Cost": 6098670509645.0, "Total Cost": 6098670509645.02, "Plan Rows": 1, "Plan Width": 74, "Group By Key": ["nation.n_name", "date_part('year'::text, orders.o_orderdate)"], "Plans": [{"Node Type": "Nested Loop", "Parent Relationship": "Outer", "Join Type": "Inner", "Startup Cost": 60000000000.0, "Total Cost": 6098670509644.99, "Plan Rows": 1, "Plan Width": 66, "Inner Unique": true, "Plans": [{"Node Type": "Nested Loop", "Parent Relationship": "Outer", "Join Type": "Inner", "Startup Cost": 50000000000.0, "Total Cost": 5098670509615.75, "Plan Rows": 1, "Plan Width": 66, "Inner Unique": true, "Plans": [{"Node Type": "Nested Loop", "Parent Relationship": "Outer", "Join Type": "Inner", "Startup Cost": 40000000000.0, "Total Cost": 4098670509588.73, "Plan Rows": 1, "Plan Width": 44, "Inner Unique": true, "Join Filter": "((lineitem.l_suppkey = partsupp.ps_suppkey) AND (lineitem.l_partkey = partsupp.ps_partkey))", "Plans": [{"Node Type": "Nested Loop", "Parent Relationship": "Outer", "Join Type": "Inner", "Startup Cost": 30000000000.0, "Total Cost": 3081960194963.16, "Plan Rows": 118842, "Plan Width": 68, "Inner Unique": true, "Join Filter": "(lineitem.l_suppkey = supplier.s_suppkey), (LLVM Optimized)", "Plans": [{"Node Type": "Nested Loop", "Parent Relationship": "Outer", "Join Type": "Inner", "Startup Cost": 20000000000.0, "Total Cost": 2081216312258.78, "Plan Rows": 495566, "Plan Width": 56, "Inner Unique": true, "Join Filter": "(part.p_partkey = lineitem.l_partkey), (LLVM Optimized)", "Plans": [{"Node Type": "Index Scan", "Parent Relationship": "Outer", "Scan Direction": "Forward", "Index Name": "idx_lineitem_orderkey", "Relation Name": "lineitem", "Alias": "lineitem", "Startup Cost": 10000000000.0, "Total Cost": 1000324015374.5, "Plan Rows": 59987033, "Plan Width": 48}, {"Node Type": "Materialize", "Parent Relationship": "Inner", "Startup Cost": 10000000000.0, "Total Cost": 1000010580774.44, "Plan Rows": 89888, "Plan Width": 8, "Plans": [{"Node Type": "Index Scan", "Parent Relationship": "Outer", "Scan Direction": "Forward", "Index Name": "part_kpey", "Relation Name": "part", "Alias": "part", "Startup Cost": 10000000000.0, "Total Cost": 1000010580325.0, "Plan Rows": 89888, "Plan Width": 8, "Filter": "((p_name)::text ~~ '%dim%'::text)"}]}]}, {"Node Type": "Materialize", "Parent Relationship": "Inner", "Startup Cost": 10000000000.0, "Total Cost": 1000000533954.38, "Plan Rows": 100000, "Plan Width": 12, "Plans": [{"Node Type": "Index Scan", "Parent Relationship": "Outer", "Scan Direction": "Forward", "Index Name": "supplier_pkey", "Relation Name": "supplier", "Alias": "supplier", "Startup Cost": 10000000000.0, "Total Cost": 1000000533454.38, "Plan Rows": 100000, "Plan Width": 12}]}]}, {"Node Type": "Materialize", "Parent Relationship": "Inner", "Startup Cost": 10000000000.0, "Total Cost": 1000071680965.08, "Plan Rows": 8000372, "Plan Width": 24, "Plans": [{"Node Type": "Index Scan", "Parent Relationship": "Outer", "Scan Direction": "Forward", "Index Name": "partsupp_pkey", "Relation Name": "partsupp", "Alias": "partsupp", "Startup Cost": 10000000000.0, "Total Cost": 1000071640963.22, "Plan Rows": 8000372, "Plan Width": 24}]}]}, {"Node Type": "Index Scan", "Parent Relationship": "Inner", "Scan Direction": "Forward", "Index Name": "nation_pkey", "Relation Name": "nation", "Alias": "nation", "Startup Cost": 10000000000.0, "Total Cost": 1000000000027.01, "Plan Rows": 1, "Plan Width": 30, "Index Cond": "(n_nationkey = supplier.s_nationkey)"}]}, {"Node Type": "Index Scan", "Parent Relationship": "Inner", "Scan Direction": "Forward", "Index Name": "orders_pkey", "Relation Name": "orders", "Alias": "orders", "Startup Cost": 10000000000.0, "Total Cost": 1000000000029.23, "Plan Rows": 1, "Plan Width": 16, "Index Cond": "(o_orderkey = lineitem.l_orderkey)"}]}]}]}, "Unique SQL Id": 3628361425}, "explain_analyze_plan": null}, "(64, 124)": {"explain_plan": {"Plan": {"Node Type": "Sort", "Startup Cost": 726568.79, "Total Cost": 726568.8, "Plan Rows": 1, "Plan Width": 74, "Sort Key": ["nation.n_name", "(date_part('year'::text, orders.o_orderdate)) DESC"], "Plans": [{"Node Type": "Aggregate", "Strategy": "Hashed", "Parent Relationship": "Outer", "Startup Cost": 726568.77, "Total Cost": 726568.78, "Plan Rows": 1, "Plan Width": 74, "Group By Key": ["nation.n_name", "date_part('year'::text, orders.o_orderdate)"], "Plans": [{"Node Type": "Nested Loop", "Parent Relationship": "Outer", "Join Type": "Inner", "Startup Cost": 0.0, "Total Cost": 726568.75, "Plan Rows": 1, "Plan Width": 66, "Inner Unique": true, "Plans": [{"Node Type": "Nested Loop", "Parent Relationship": "Outer", "Join Type": "Inner", "Startup Cost": 0.0, "Total Cost": 726568.47, "Plan Rows": 1, "Plan Width": 44, "Inner Unique": true, "Plans": [{"Node Type": "Nested Loop", "Parent Relationship": "Outer", "Join Type": "Inner", "Startup Cost": 0.0, "Total Cost": 726568.17, "Plan Rows": 1, "Plan Width": 44, "Inner Unique": false, "Join Filter": "(supplier.s_suppkey = lineitem.l_suppkey)", "Plans": [{"Node Type": "Nested Loop", "Parent Relationship": "Outer", "Join Type": "Inner", "Startup Cost": 0.0, "Total Cost": 582819.16, "Plan Rows": 125630, "Plan Width": 44, "Inner Unique": true, "Plans": [{"Node Type": "Nested Loop", "Parent Relationship": "Outer", "Join Type": "Inner", "Startup Cost": 0.0, "Total Cost": 509766.04, "Plan Rows": 259666, "Plan Width": 32, "Inner Unique": false, "Plans": [{"Node Type": "Seq Scan", "Parent Relationship": "Outer", "Relation Name": "part", "Alias": "part", "Startup Cost": 0.0, "Total Cost": 66944.0, "Plan Rows": 89888, "Plan Width": 8, "Filter": "((p_name)::text ~~ '%dim%'::text)"}, {"Node Type": "Index Scan", "Parent Relationship": "Inner", "Scan Direction": "Forward", "Index Name": "idx_partsupp_partkey", "Relation Name": "partsupp", "Alias": "partsupp", "Startup Cost": 0.0, "Total Cost": 4.9, "Plan Rows": 3, "Plan Width": 24, "Index Cond": "(ps_partkey = part.p_partkey)"}]}, {"Node Type": "Index Scan", "Parent Relationship": "Inner", "Scan Direction": "Forward", "Index Name": "supplier_pkey", "Relation Name": "supplier", "Alias": "supplier", "Startup Cost": 0.0, "Total Cost": 0.27, "Plan Rows": 1, "Plan Width": 12, "Index Cond": "(s_suppkey = partsupp.ps_suppkey)"}]}, {"Node Type": "Index Scan", "Parent Relationship": "Inner", "Scan Direction": "Forward", "Index Name": "idx_lineitem_part_supp", "Relation Name": "lineitem", "Alias": "lineitem", "Startup Cost": 0.0, "Total Cost": 1.13, "Plan Rows": 1, "Plan Width": 48, "Index Cond": "((l_partkey = partsupp.ps_partkey) AND (l_suppkey = partsupp.ps_suppkey))"}]}, {"Node Type": "Index Scan", "Parent Relationship": "Inner", "Scan Direction": "Forward", "Index Name": "orders_pkey", "Relation Name": "orders", "Alias": "orders", "Startup Cost": 0.0, "Total Cost": 0.29, "Plan Rows": 1, "Plan Width": 16, "Index Cond": "(o_orderkey = lineitem.l_orderkey)"}]}, {"Node Type": "Index Scan", "Parent Relationship": "Inner", "Scan Direction": "Forward", "Index Name": "nation_pkey", "Relation Name": "nation", "Alias": "nation", "Startup Cost": 0.0, "Total Cost": 0.27, "Plan Rows": 1, "Plan Width": 30, "Index Cond": "(n_nationkey = supplier.s_nationkey)"}]}]}]}, "Unique SQL Id": 3628361425}, "explain_analyze_plan": {"Plan": {"Node Type": "Sort", "Startup Cost": 726568.79, "Total Cost": 726568.8, "Plan Rows": 1, "Plan Width": 74, "Actual Startup Time": 57913.139, "Actual Total Time": 57913.153, "Actual Rows": 175, "Actual Loops": 1, "Sort Key": ["nation.n_name", "(date_part('year'::text, orders.o_orderdate)) DESC"], "Sort Method": "quicksort", "Sort Space Used": 52, "Sort Space Type": "Memory", "Plans": [{"Node Type": "Aggregate", "Strategy": "Hashed", "Parent Relationship": "Outer", "Startup Cost": 726568.77, "Total Cost": 726568.78, "Plan Rows": 1, "Plan Width": 74, "Actual Startup Time": 57912.734, "Actual Total Time": 57912.77, "Actual Rows": 175, "Actual Loops": 1, "Group By Key": ["nation.n_name", "date_part('year'::text, orders.o_orderdate)"], "Plans": [{"Node Type": "Nested Loop", "Parent Relationship": "Outer", "Join Type": "Inner", "Startup Cost": 0.0, "Total Cost": 726568.75, "Plan Rows": 1, "Plan Width": 66, "Actual Startup Time": 0.142, "Actual Total Time": 54049.193, "Actual Rows": 3256948, "Actual Loops": 1, "Inner Unique": true, "Plans": [{"Node Type": "Nested Loop", "Parent Relationship": "Outer", "Join Type": "Inner", "Startup Cost": 0.0, "Total Cost": 726568.47, "Plan Rows": 1, "Plan Width": 44, "Actual Startup Time": 0.123, "Actual Total Time": 45240.991, "Actual Rows": 3256948, "Actual Loops": 1, "Inner Unique": true, "Plans": [{"Node Type": "Nested Loop", "Parent Relationship": "Outer", "Join Type": "Inner", "Startup Cost": 0.0, "Total Cost": 726568.17, "Plan Rows": 1, "Plan Width": 44, "Actual Startup Time": 0.101, "Actual Total Time": 17055.772, "Actual Rows": 3256948, "Actual Loops": 1, "Inner Unique": false, "Join Filter": "(supplier.s_suppkey = lineitem.l_suppkey)", "Rows Removed by Join Filter": 0, "Plans": [{"Node Type": "Nested Loop", "Parent Relationship": "Outer", "Join Type": "Inner", "Startup Cost": 0.0, "Total Cost": 582819.16, "Plan Rows": 125630, "Plan Width": 44, "Actual Startup Time": 0.078, "Actual Total Time": 4465.702, "Actual Rows": 434204, "Actual Loops": 1, "Inner Unique": true, "Plans": [{"Node Type": "Nested Loop", "Parent Relationship": "Outer", "Join Type": "Inner", "Startup Cost": 0.0, "Total Cost": 509766.04, "Plan Rows": 259666, "Plan Width": 32, "Actual Startup Time": 0.064, "Actual Total Time": 2321.534, "Actual Rows": 434204, "Actual Loops": 1, "Inner Unique": false, "Plans": [{"Node Type": "Seq Scan", "Parent Relationship": "Outer", "Relation Name": "part", "Alias": "part", "Startup Cost": 0.0, "Total Cost": 66944.0, "Plan Rows": 89888, "Plan Width": 8, "Actual Startup Time": 0.031, "Actual Total Time": 1115.217, "Actual Rows": 108551, "Actual Loops": 1, "Filter": "((p_name)::text ~~ '%dim%'::text)", "Rows Removed by Filter": 1891449}, {"Node Type": "Index Scan", "Parent Relationship": "Inner", "Scan Direction": "Forward", "Index Name": "idx_partsupp_partkey", "Relation Name": "partsupp", "Alias": "partsupp", "Startup Cost": 0.0, "Total Cost": 4.9, "Plan Rows": 3, "Plan Width": 24, "Actual Startup Time": 682.745, "Actual Total Time": 993.204, "Actual Rows": 434204, "Actual Loops": 108551, "Index Cond": "(ps_partkey = part.p_partkey)", "Rows Removed by Index Recheck": 0}]}, {"Node Type": "Index Scan", "Parent Relationship": "Inner", "Scan Direction": "Forward", "Index Name": "supplier_pkey", "Relation Name": "supplier", "Alias": "supplier", "Startup Cost": 0.0, "Total Cost": 0.27, "Plan Rows": 1, "Plan Width": 12, "Actual Startup Time": 1695.991, "Actual Total Time": 1695.991, "Actual Rows": 434204, "Actual Loops": 434204, "Index Cond": "(s_suppkey = partsupp.ps_suppkey)", "Rows Removed by Index Recheck": 0}]}, {"Node Type": "Index Scan", "Parent Relationship": "Inner", "Scan Direction": "Forward", "Index Name": "idx_lineitem_part_supp", "Relation Name": "lineitem", "Alias": "lineitem", "Startup Cost": 0.0, "Total Cost": 1.13, "Plan Rows": 1, "Plan Width": 48, "Actual Startup Time": 3114.159, "Actual Total Time": 10916.615, "Actual Rows": 3256948, "Actual Loops": 434204, "Index Cond": "((l_partkey = partsupp.ps_partkey) AND (l_suppkey = partsupp.ps_suppkey))", "Rows Removed by Index Recheck": 0}]}, {"Node Type": "Index Scan", "Parent Relationship": "Inner", "Scan Direction": "Forward", "Index Name": "orders_pkey", "Relation Name": "orders", "Alias": "orders", "Startup Cost": 0.0, "Total Cost": 0.29, "Plan Rows": 1, "Plan Width": 16, "Actual Startup Time": 25380.628, "Actual Total Time": 25380.628, "Actual Rows": 3256948, "Actual Loops": 3256948, "Index Cond": "(o_orderkey = lineitem.l_orderkey)", "Rows Removed by Index Recheck": 0}]}, {"Node Type": "Index Scan", "Parent Relationship": "Inner", "Scan Direction": "Forward", "Index Name": "nation_pkey", "Relation Name": "nation", "Alias": "nation", "Startup Cost": 0.0, "Total Cost": 0.27, "Plan Rows": 1, "Plan Width": 30, "Actual Startup Time": 4700.981, "Actual Total Time": 4700.981, "Actual Rows": 3256948, "Actual Loops": 3256948, "Index Cond": "(n_nationkey = supplier.s_nationkey)", "Rows Removed by Index Recheck": 0}]}]}]}, "Triggers": [], "Planner Runtime": 11.567, "Total Runtime": 57913.477, "Unique SQL Id": 3628361425}}, "(64, 125)": {"explain_plan": {"Plan": {"Node Type": "Sort", "Startup Cost": 765428.04, "Total Cost": 765428.05, "Plan Rows": 1, "Plan Width": 74, "Sort Key": ["nation.n_name", "(date_part('year'::text, orders.o_orderdate)) DESC"], "Plans": [{"Node Type": "Aggregate", "Strategy": "Hashed", "Parent Relationship": "Outer", "Startup Cost": 765428.02, "Total Cost": 765428.03, "Plan Rows": 1, "Plan Width": 74, "Group By Key": ["nation.n_name", "date_part('year'::text, orders.o_orderdate)"], "Plans": [{"Node Type": "Nested Loop", "Parent Relationship": "Outer", "Join Type": "Inner", "Startup Cost": 0.0, "Total Cost": 765428.0, "Plan Rows": 1, "Plan Width": 66, "Inner Unique": true, "Plans": [{"Node Type": "Nested Loop", "Parent Relationship": "Outer", "Join Type": "Inner", "Startup Cost": 0.0, "Total Cost": 765427.72, "Plan Rows": 1, "Plan Width": 44, "Inner Unique": true, "Plans": [{"Node Type": "Nested Loop", "Parent Relationship": "Outer", "Join Type": "Inner", "Startup Cost": 0.0, "Total Cost": 765427.42, "Plan Rows": 1, "Plan Width": 44, "Inner Unique": false, "Join Filter": "(supplier.s_suppkey = lineitem.l_suppkey)", "Plans": [{"Node Type": "Nested Loop", "Parent Relationship": "Outer", "Join Type": "Inner", "Startup Cost": 0.0, "Total Cost": 621678.41, "Plan Rows": 125630, "Plan Width": 44, "Inner Unique": true, "Plans": [{"Node Type": "Nested Loop", "Parent Relationship": "Outer", "Join Type": "Inner", "Startup Cost": 0.0, "Total Cost": 548625.29, "Plan Rows": 259666, "Plan Width": 32, "Inner Unique": false, "Plans": [{"Node Type": "Index Scan", "Parent Relationship": "Outer", "Scan Direction": "Forward", "Index Name": "part_kpey", "Relation Name": "part", "Alias": "part", "Startup Cost": 0.0, "Total Cost": 105803.25, "Plan Rows": 89888, "Plan Width": 8, "Filter": "((p_name)::text ~~ '%dim%'::text)"}, {"Node Type": "Index Scan", "Parent Relationship": "Inner", "Scan Direction": "Forward", "Index Name": "idx_partsupp_partkey", "Relation Name": "partsupp", "Alias": "partsupp", "Startup Cost": 0.0, "Total Cost": 4.9, "Plan Rows": 3, "Plan Width": 24, "Index Cond": "(ps_partkey = part.p_partkey)"}]}, {"Node Type": "Index Scan", "Parent Relationship": "Inner", "Scan Direction": "Forward", "Index Name": "supplier_pkey", "Relation Name": "supplier", "Alias": "supplier", "Startup Cost": 0.0, "Total Cost": 0.27, "Plan Rows": 1, "Plan Width": 12, "Index Cond": "(s_suppkey = partsupp.ps_suppkey)"}]}, {"Node Type": "Index Scan", "Parent Relationship": "Inner", "Scan Direction": "Forward", "Index Name": "idx_lineitem_part_supp", "Relation Name": "lineitem", "Alias": "lineitem", "Startup Cost": 0.0, "Total Cost": 1.13, "Plan Rows": 1, "Plan Width": 48, "Index Cond": "((l_partkey = partsupp.ps_partkey) AND (l_suppkey = partsupp.ps_suppkey))"}]}, {"Node Type": "Index Scan", "Parent Relationship": "Inner", "Scan Direction": "Forward", "Index Name": "orders_pkey", "Relation Name": "orders", "Alias": "orders", "Startup Cost": 0.0, "Total Cost": 0.29, "Plan Rows": 1, "Plan Width": 16, "Index Cond": "(o_orderkey = lineitem.l_orderkey)"}]}, {"Node Type": "Index Scan", "Parent Relationship": "Inner", "Scan Direction": "Forward", "Index Name": "nation_pkey", "Relation Name": "nation", "Alias": "nation", "Startup Cost": 0.0, "Total Cost": 0.27, "Plan Rows": 1, "Plan Width": 30, "Index Cond": "(n_nationkey = supplier.s_nationkey)"}]}]}]}, "Unique SQL Id": 3628361425}, "explain_analyze_plan": {"Plan": {"Node Type": "Sort", "Startup Cost": 765428.04, "Total Cost": 765428.05, "Plan Rows": 1, "Plan Width": 74, "Actual Startup Time": 58395.452, "Actual Total Time": 58395.467, "Actual Rows": 175, "Actual Loops": 1, "Sort Key": ["nation.n_name", "(date_part('year'::text, orders.o_orderdate)) DESC"], "Sort Method": "quicksort", "Sort Space Used": 52, "Sort Space Type": "Memory", "Plans": [{"Node Type": "Aggregate", "Strategy": "Hashed", "Parent Relationship": "Outer", "Startup Cost": 765428.02, "Total Cost": 765428.03, "Plan Rows": 1, "Plan Width": 74, "Actual Startup Time": 58394.929, "Actual Total Time": 58395.005, "Actual Rows": 175, "Actual Loops": 1, "Group By Key": ["nation.n_name", "date_part('year'::text, orders.o_orderdate)"], "Plans": [{"Node Type": "Nested Loop", "Parent Relationship": "Outer", "Join Type": "Inner", "Startup Cost": 0.0, "Total Cost": 765428.0, "Plan Rows": 1, "Plan Width": 66, "Actual Startup Time": 0.121, "Actual Total Time": 54577.51, "Actual Rows": 3256948, "Actual Loops": 1, "Inner Unique": true, "Plans": [{"Node Type": "Nested Loop", "Parent Relationship": "Outer", "Join Type": "Inner", "Startup Cost": 0.0, "Total Cost": 765427.72, "Plan Rows": 1, "Plan Width": 44, "Actual Startup Time": 0.109, "Actual Total Time": 45803.245, "Actual Rows": 3256948, "Actual Loops": 1, "Inner Unique": true, "Plans": [{"Node Type": "Nested Loop", "Parent Relationship": "Outer", "Join Type": "Inner", "Startup Cost": 0.0, "Total Cost": 765427.42, "Plan Rows": 1, "Plan Width": 44, "Actual Startup Time": 0.094, "Actual Total Time": 17644.726, "Actual Rows": 3256948, "Actual Loops": 1, "Inner Unique": false, "Join Filter": "(supplier.s_suppkey = lineitem.l_suppkey)", "Rows Removed by Join Filter": 0, "Plans": [{"Node Type": "Nested Loop", "Parent Relationship": "Outer", "Join Type": "Inner", "Startup Cost": 0.0, "Total Cost": 621678.41, "Plan Rows": 125630, "Plan Width": 44, "Actual Startup Time": 0.075, "Actual Total Time": 5091.961, "Actual Rows": 434204, "Actual Loops": 1, "Inner Unique": true, "Plans": [{"Node Type": "Nested Loop", "Parent Relationship": "Outer", "Join Type": "Inner", "Startup Cost": 0.0, "Total Cost": 548625.29, "Plan Rows": 259666, "Plan Width": 32, "Actual Startup Time": 0.065, "Actual Total Time": 2924.145, "Actual Rows": 434204, "Actual Loops": 1, "Inner Unique": false, "Plans": [{"Node Type": "Index Scan", "Parent Relationship": "Outer", "Scan Direction": "Forward", "Index Name": "part_kpey", "Relation Name": "part", "Alias": "part", "Startup Cost": 0.0, "Total Cost": 105803.25, "Plan Rows": 89888, "Plan Width": 8, "Actual Startup Time": 0.046, "Actual Total Time": 1729.639, "Actual Rows": 108551, "Actual Loops": 1, "Filter": "((p_name)::text ~~ '%dim%'::text)", "Rows Removed by Filter": 1891449}, {"Node Type": "Index Scan", "Parent Relationship": "Inner", "Scan Direction": "Forward", "Index Name": "idx_partsupp_partkey", "Relation Name": "partsupp", "Alias": "partsupp", "Startup Cost": 0.0, "Total Cost": 4.9, "Plan Rows": 3, "Plan Width": 24, "Actual Startup Time": 683.661, "Actual Total Time": 996.456, "Actual Rows": 434204, "Actual Loops": 108551, "Index Cond": "(ps_partkey = part.p_partkey)", "Rows Removed by Index Recheck": 0}]}, {"Node Type": "Index Scan", "Parent Relationship": "Inner", "Scan Direction": "Forward", "Index Name": "supplier_pkey", "Relation Name": "supplier", "Alias": "supplier", "Startup Cost": 0.0, "Total Cost": 0.27, "Plan Rows": 1, "Plan Width": 12, "Actual Startup Time": 1712.756, "Actual Total Time": 1712.756, "Actual Rows": 434204, "Actual Loops": 434204, "Index Cond": "(s_suppkey = partsupp.ps_suppkey)", "Rows Removed by Index Recheck": 0}]}, {"Node Type": "Index Scan", "Parent Relationship": "Inner", "Scan Direction": "Forward", "Index Name": "idx_lineitem_part_supp", "Relation Name": "lineitem", "Alias": "lineitem", "Startup Cost": 0.0, "Total Cost": 1.13, "Plan Rows": 1, "Plan Width": 48, "Actual Startup Time": 3104.584, "Actual Total Time": 10887.226, "Actual Rows": 3256948, "Actual Loops": 434204, "Index Cond": "((l_partkey = partsupp.ps_partkey) AND (l_suppkey = partsupp.ps_suppkey))", "Rows Removed by Index Recheck": 0}]}, {"Node Type": "Index Scan", "Parent Relationship": "Inner", "Scan Direction": "Forward", "Index Name": "orders_pkey", "Relation Name": "orders", "Alias": "orders", "Startup Cost": 0.0, "Total Cost": 0.29, "Plan Rows": 1, "Plan Width": 16, "Actual Startup Time": 25362.028, "Actual Total Time": 25362.028, "Actual Rows": 3256948, "Actual Loops": 3256948, "Index Cond": "(o_orderkey = lineitem.l_orderkey)", "Rows Removed by Index Recheck": 0}]}, {"Node Type": "Index Scan", "Parent Relationship": "Inner", "Scan Direction": "Forward", "Index Name": "nation_pkey", "Relation Name": "nation", "Alias": "nation", "Startup Cost": 0.0, "Total Cost": 0.27, "Plan Rows": 1, "Plan Width": 30, "Actual Startup Time": 4676.452, "Actual Total Time": 4676.452, "Actual Rows": 3256948, "Actual Loops": 3256948, "Index Cond": "(n_nationkey = supplier.s_nationkey)", "Rows Removed by Index Recheck": 0}]}]}]}, "Triggers": [], "Planner Runtime": 11.195, "Total Runtime": 58395.845, "Unique SQL Id": 3628361425}}, "(64, 126)": {"explain_plan": {"Plan": {"Node Type": "Sort", "Startup Cost": 98266689006.74, "Total Cost": 98266689006.74, "Plan Rows": 1, "Plan Width": 74, "Sort Key": ["nation.n_name", "(date_part('year'::text, orders.o_orderdate)) DESC"], "Plans": [{"Node Type": "Aggregate", "Strategy": "Hashed", "Parent Relationship": "Outer", "Startup Cost": 98266689006.72, "Total Cost": 98266689006.73, "Plan Rows": 1, "Plan Width": 74, "Group By Key": ["nation.n_name", "date_part('year'::text, orders.o_orderdate)"], "Plans": [{"Node Type": "Nested Loop", "Parent Relationship": "Outer", "Join Type": "Inner", "Startup Cost": 0.0, "Total Cost": 98266689006.7, "Plan Rows": 1, "Plan Width": 66, "Inner Unique": true, "Join Filter": "(supplier.s_nationkey = nation.n_nationkey)", "Plans": [{"Node Type": "Nested Loop", "Parent Relationship": "Outer", "Join Type": "Inner", "Startup Cost": 0.0, "Total Cost": 98266689005.13, "Plan Rows": 1, "Plan Width": 44, "Inner Unique": true, "Join Filter": "(lineitem.l_orderkey = orders.o_orderkey)", "Plans": [{"Node Type": "Nested Loop", "Parent Relationship": "Outer", "Join Type": "Inner", "Startup Cost": 0.0, "Total Cost": 98266075097.86, "Plan Rows": 1, "Plan Width": 44, "Inner Unique": false, "Join Filter": "((lineitem.l_suppkey = partsupp.ps_suppkey) AND (lineitem.l_partkey = partsupp.ps_partkey))", "Plans": [{"Node Type": "Seq Scan", "Parent Relationship": "Outer", "Relation Name": "partsupp", "Alias": "partsupp", "Startup Cost": 0.0, "Total Cost": 269987.72, "Plan Rows": 8000372, "Plan Width": 24}, {"Node Type": "Materialize", "Parent Relationship": "Inner", "Startup Cost": 0.0, "Total Cost": 81627151745.82, "Plan Rows": 118842, "Plan Width": 68, "Plans": [{"Node Type": "Nested Loop", "Parent Relationship": "Outer", "Join Type": "Inner", "Startup Cost": 0.0, "Total Cost": 81627151151.61, "Plan Rows": 118842, "Plan Width": 68, "Inner Unique": true, "Join Filter": "(lineitem.l_suppkey = supplier.s_suppkey), (LLVM Optimized)", "Plans": [{"Node Type": "Nested Loop", "Parent Relationship": "Outer", "Join Type": "Inner", "Startup Cost": 0.0, "Total Cost": 80883798618.61, "Plan Rows": 495566, "Plan Width": 56, "Inner Unique": true, "Join Filter": "(part.p_partkey = lineitem.l_partkey), (LLVM Optimized)", "Plans": [{"Node Type": "Seq Scan", "Parent Relationship": "Outer", "Relation Name": "lineitem", "Alias": "lineitem", "Startup Cost": 0.0, "Total Cost": 2015115.33, "Plan Rows": 59987033, "Plan Width": 48}, {"Node Type": "Materialize", "Parent Relationship": "Inner", "Startup Cost": 0.0, "Total Cost": 67393.44, "Plan Rows": 89888, "Plan Width": 8, "Plans": [{"Node Type": "Seq Scan", "Parent Relationship": "Outer", "Relation Name": "part", "Alias": "part", "Startup Cost": 0.0, "Total Cost": 66944.0, "Plan Rows": 89888, "Plan Width": 8, "Filter": "((p_name)::text ~~ '%dim%'::text)"}]}]}, {"Node Type": "Materialize", "Parent Relationship": "Inner", "Startup Cost": 0.0, "Total Cost": 3783.0, "Plan Rows": 100000, "Plan Width": 12, "Plans": [{"Node Type": "Seq Scan", "Parent Relationship": "Outer", "Relation Name": "supplier", "Alias": "supplier", "Startup Cost": 0.0, "Total Cost": 3283.0, "Plan Rows": 100000, "Plan Width": 12}]}]}]}]}, {"Node Type": "Seq Scan", "Parent Relationship": "Inner", "Relation Name": "orders", "Alias": "orders", "Startup Cost": 0.0, "Total Cost": 426413.79, "Plan Rows": 14999479, "Plan Width": 16}]}, {"Node Type": "Seq Scan", "Parent Relationship": "Inner", "Relation Name": "nation", "Alias": "nation", "Startup Cost": 0.0, "Total Cost": 1.25, "Plan Rows": 25, "Plan Width": 30}]}]}]}, "Unique SQL Id": 3628361425}, "explain_analyze_plan": null}, "(64, 127)": {"explain_plan": {"Plan": {"Node Type": "Sort", "Startup Cost": 6098670509645.03, "Total Cost": 6098670509645.03, "Plan Rows": 1, "Plan Width": 74, "Sort Key": ["nation.n_name", "(date_part('year'::text, orders.o_orderdate)) DESC"], "Plans": [{"Node Type": "Aggregate", "Strategy": "Hashed", "Parent Relationship": "Outer", "Startup Cost": 6098670509645.0, "Total Cost": 6098670509645.02, "Plan Rows": 1, "Plan Width": 74, "Group By Key": ["nation.n_name", "date_part('year'::text, orders.o_orderdate)"], "Plans": [{"Node Type": "Nested Loop", "Parent Relationship": "Outer", "Join Type": "Inner", "Startup Cost": 60000000000.0, "Total Cost": 6098670509644.99, "Plan Rows": 1, "Plan Width": 66, "Inner Unique": true, "Plans": [{"Node Type": "Nested Loop", "Parent Relationship": "Outer", "Join Type": "Inner", "Startup Cost": 50000000000.0, "Total Cost": 5098670509615.75, "Plan Rows": 1, "Plan Width": 66, "Inner Unique": true, "Plans": [{"Node Type": "Nested Loop", "Parent Relationship": "Outer", "Join Type": "Inner", "Startup Cost": 40000000000.0, "Total Cost": 4098670509588.73, "Plan Rows": 1, "Plan Width": 44, "Inner Unique": true, "Join Filter": "((lineitem.l_suppkey = partsupp.ps_suppkey) AND (lineitem.l_partkey = partsupp.ps_partkey))", "Plans": [{"Node Type": "Nested Loop", "Parent Relationship": "Outer", "Join Type": "Inner", "Startup Cost": 30000000000.0, "Total Cost": 3081960194963.16, "Plan Rows": 118842, "Plan Width": 68, "Inner Unique": true, "Join Filter": "(lineitem.l_suppkey = supplier.s_suppkey), (LLVM Optimized)", "Plans": [{"Node Type": "Nested Loop", "Parent Relationship": "Outer", "Join Type": "Inner", "Startup Cost": 20000000000.0, "Total Cost": 2081216312258.78, "Plan Rows": 495566, "Plan Width": 56, "Inner Unique": true, "Join Filter": "(part.p_partkey = lineitem.l_partkey), (LLVM Optimized)", "Plans": [{"Node Type": "Index Scan", "Parent Relationship": "Outer", "Scan Direction": "Forward", "Index Name": "idx_lineitem_orderkey", "Relation Name": "lineitem", "Alias": "lineitem", "Startup Cost": 10000000000.0, "Total Cost": 1000324015374.5, "Plan Rows": 59987033, "Plan Width": 48}, {"Node Type": "Materialize", "Parent Relationship": "Inner", "Startup Cost": 10000000000.0, "Total Cost": 1000010580774.44, "Plan Rows": 89888, "Plan Width": 8, "Plans": [{"Node Type": "Index Scan", "Parent Relationship": "Outer", "Scan Direction": "Forward", "Index Name": "part_kpey", "Relation Name": "part", "Alias": "part", "Startup Cost": 10000000000.0, "Total Cost": 1000010580325.0, "Plan Rows": 89888, "Plan Width": 8, "Filter": "((p_name)::text ~~ '%dim%'::text)"}]}]}, {"Node Type": "Materialize", "Parent Relationship": "Inner", "Startup Cost": 10000000000.0, "Total Cost": 1000000533954.38, "Plan Rows": 100000, "Plan Width": 12, "Plans": [{"Node Type": "Index Scan", "Parent Relationship": "Outer", "Scan Direction": "Forward", "Index Name": "supplier_pkey", "Relation Name": "supplier", "Alias": "supplier", "Startup Cost": 10000000000.0, "Total Cost": 1000000533454.38, "Plan Rows": 100000, "Plan Width": 12}]}]}, {"Node Type": "Materialize", "Parent Relationship": "Inner", "Startup Cost": 10000000000.0, "Total Cost": 1000071680965.08, "Plan Rows": 8000372, "Plan Width": 24, "Plans": [{"Node Type": "Index Scan", "Parent Relationship": "Outer", "Scan Direction": "Forward", "Index Name": "partsupp_pkey", "Relation Name": "partsupp", "Alias": "partsupp", "Startup Cost": 10000000000.0, "Total Cost": 1000071640963.22, "Plan Rows": 8000372, "Plan Width": 24}]}]}, {"Node Type": "Index Scan", "Parent Relationship": "Inner", "Scan Direction": "Forward", "Index Name": "nation_pkey", "Relation Name": "nation", "Alias": "nation", "Startup Cost": 10000000000.0, "Total Cost": 1000000000027.01, "Plan Rows": 1, "Plan Width": 30, "Index Cond": "(n_nationkey = supplier.s_nationkey)"}]}, {"Node Type": "Index Scan", "Parent Relationship": "Inner", "Scan Direction": "Forward", "Index Name": "orders_pkey", "Relation Name": "orders", "Alias": "orders", "Startup Cost": 10000000000.0, "Total Cost": 1000000000029.23, "Plan Rows": 1, "Plan Width": 16, "Index Cond": "(o_orderkey = lineitem.l_orderkey)"}]}]}]}, "Unique SQL Id": 3628361425}, "explain_analyze_plan": null}}